1449000108718	0	B	Logging Begins
1449000395358	0	lts_1201L_38_01	38	01	0	0	0	0	0	CR	MAX	baseball.JPG	baseball.JPG	NOKEY	MAX	NOKEY
1449000397146	0	lts_1201L_38_01	38	01	0	1	0	0	1	FA	1287	ASTEAMER.jpg	ASTEAMER.jpg	SPACE	1335	NOKEY
1449000400221	0	lts_1201L_38_01	38	01	0	2	0	0	0	CR	MAX	10053712.thm.jpg	10053712.thm.jpg	NOKEY	MAX	NOKEY
1449000401841	0	lts_1201L_38_01	38	01	0	3	0	0	1	FA	1129	2/ACONBENCH.jpg	ACONBENCH.jpg	SPACE	1170	NOKEY
1449000404915	0	lts_1201L_38_01	38	01	0	4	0	0	0	CR	MAX	22869624.thl.jpg	22869624.thl.jpg	NOKEY	MAX	NOKEY
1449000407105	0	lts_1201L_38_01	38	01	0	5	2	1	1	Hit	1704	2-11/ACONBENCH.jpg	ACONBENCH.jpg	SPACE	1754	SPACE
1449000410196	0	lts_1201L_38_01	38	01	0	6	0	0	0	CR	MAX	Atoy17.jpg	Atoy17.jpg	NOKEY	MAX	NOKEY
1449000413287	0	lts_1201L_38_01	38	01	0	7	0	0	0	CR	MAX	Acamelsculpt2.jpg	Acamelsculpt2.jpg	NOKEY	MAX	NOKEY
1449000416362	0	lts_1201L_38_01	38	01	0	8	0	0	0	CR	MAX	Aancientston3.jpg	Aancientston3.jpg	NOKEY	MAX	NOKEY
1449000419452	0	lts_1201L_38_01	38	01	0	9	0	0	0	CR	MAX	128/Aappleonsca14.jpg	Aappleonsca14.jpg	NOKEY	MAX	NOKEY
1449000422527	0	lts_1201L_38_01	38	01	0	10	0	0	0	CR	MAX	1/Astrawfan.jpg	Astrawfan.jpg	NOKEY	MAX	NOKEY
1449000423613	0	lts_1201L_38_01	38	01	0	11	1	1	1	Hit	602	1-1/Astrawfan.jpg	Astrawfan.jpg	SPACE	653	SPACE
1449000426721	0	lts_1201L_38_01	38	01	0	12	0	0	0	CR	MAX	Arose10.jpg	Arose10.jpg	NOKEY	MAX	NOKEY
1449000429795	0	lts_1201L_38_01	38	01	0	13	0	0	0	CR	MAX	2/Abellows4.jpg	Abellows4.jpg	NOKEY	MAX	NOKEY
1449000432870	0	lts_1201L_38_01	38	01	0	14	0	0	0	CR	MAX	ALAB21.jpg	ALAB21.jpg	NOKEY	MAX	NOKEY
1449000435944	0	lts_1201L_38_01	38	01	0	15	2	1	0	Miss	MAX	2-9/Abellows4.jpg	Abellows4.jpg	NOKEY	MAX	SPACE
1449000439019	0	lts_1201L_38_01	38	01	0	16	0	0	0	CR	MAX	4/Atoiletplung2.jpg	Atoiletplung2.jpg	NOKEY	MAX	NOKEY
1449000442111	0	lts_1201L_38_01	38	01	0	17	0	0	0	CR	MAX	948_01.jpg	948_01.jpg	NOKEY	MAX	NOKEY
1449000445202	0	lts_1201L_38_01	38	01	0	18	0	0	0	CR	MAX	26432109.thl.jpg	26432109.thl.jpg	NOKEY	MAX	NOKEY
1449000448293	0	lts_1201L_38_01	38	01	0	19	0	0	0	CR	MAX	32/Amouthpiece4.jpg	Amouthpiece4.jpg	NOKEY	MAX	NOKEY
1449000451368	0	lts_1201L_38_01	38	01	0	20	4	1	0	Miss	MAX	4-11/Atoiletplung2.jpg	Atoiletplung2.jpg	NOKEY	MAX	SPACE
1449000454442	0	lts_1201L_38_01	38	01	0	21	0	0	0	CR	MAX	26427910.thl.jpg	26427910.thl.jpg	NOKEY	MAX	NOKEY
1449000457516	0	lts_1201L_38_01	38	01	0	22	0	0	0	CR	MAX	32/gymbench.jpg	gymbench.jpg	NOKEY	MAX	NOKEY
1449000460590	0	lts_1201L_38_01	38	01	0	23	0	0	0	CR	MAX	128/AROOSTERP.jpg	AROOSTERP.jpg	NOKEY	MAX	NOKEY
1449000463681	0	lts_1201L_38_01	38	01	0	24	0	0	0	CR	MAX	ABULDOZER.jpg	ABULDOZER.jpg	NOKEY	MAX	NOKEY
1449000466773	0	lts_1201L_38_01	38	01	0	25	0	0	0	CR	MAX	15870946.thl.jpg	15870946.thl.jpg	NOKEY	MAX	NOKEY
1449000469847	0	lts_1201L_38_01	38	01	0	26	0	0	0	CR	MAX	2/26465824.thl.jpg	26465824.thl.jpg	NOKEY	MAX	NOKEY
1449000472921	0	lts_1201L_38_01	38	01	0	27	0	0	0	CR	MAX	10049193.thl.jpg	10049193.thl.jpg	NOKEY	MAX	NOKEY
1449000475996	0	lts_1201L_38_01	38	01	0	28	2	1	0	Miss	MAX	2-2/26465824.thl.jpg	26465824.thl.jpg	NOKEY	MAX	SPACE
1449000479071	0	lts_1201L_38_01	38	01	0	29	0	0	0	CR	MAX	ADECOSPO4.jpg	ADECOSPO4.jpg	NOKEY	MAX	NOKEY
1449000482146	0	lts_1201L_38_01	38	01	0	30	0	0	0	CR	MAX	4/ATICKETBO.jpg	ATICKETBO.jpg	NOKEY	MAX	NOKEY
1449000485237	0	lts_1201L_38_01	38	01	0	31	0	0	0	CR	MAX	ATREEHOUS.jpg	ATREEHOUS.jpg	NOKEY	MAX	NOKEY
1449000488312	0	lts_1201L_38_01	38	01	0	32	0	0	0	CR	MAX	ABABYDOLL.jpg	ABABYDOLL.jpg	NOKEY	MAX	NOKEY
1449000491403	0	lts_1201L_38_01	38	01	0	33	0	0	0	CR	MAX	8/APILL.jpg	APILL.jpg	NOKEY	MAX	NOKEY
1449000494476	0	lts_1201L_38_01	38	01	0	34	4	1	0	Miss	MAX	4-0/ATICKETBO.jpg	ATICKETBO.jpg	NOKEY	MAX	SPACE
1449000497568	0	lts_1201L_38_01	38	01	0	35	0	0	0	CR	MAX	APASTA19.jpg	APASTA19.jpg	NOKEY	MAX	NOKEY
1449000500642	0	lts_1201L_38_01	38	01	0	36	0	0	0	CR	MAX	ASCREW7.jpg	ASCREW7.jpg	NOKEY	MAX	NOKEY
1449000503717	0	lts_1201L_38_01	38	01	0	37	0	0	0	CR	MAX	2/Ataperecorde4.jpg	Ataperecorde4.jpg	NOKEY	MAX	NOKEY
1449000506808	0	lts_1201L_38_01	38	01	0	38	0	0	0	CR	MAX	AMANGO.jpg	AMANGO.jpg	NOKEY	MAX	NOKEY
1449000509882	0	lts_1201L_38_01	38	01	0	39	2	1	0	Miss	MAX	2-1/Ataperecorde4.jpg	Ataperecorde4.jpg	NOKEY	MAX	SPACE
1449000512957	0	lts_1201L_38_01	38	01	0	40	0	0	0	CR	MAX	ALOVSEA10.jpg	ALOVSEA10.jpg	NOKEY	MAX	NOKEY
1449000516032	0	lts_1201L_38_01	38	01	0	41	8	1	0	Miss	MAX	8-first/APILL.jpg	APILL.jpg	NOKEY	MAX	SPACE
1449000519107	0	lts_1201L_38_01	38	01	0	42	0	0	0	CR	MAX	8256618.thl.jpg	8256618.thl.jpg	NOKEY	MAX	NOKEY
1449000522181	0	lts_1201L_38_01	38	01	0	43	0	0	0	CR	MAX	1/AGHOST.jpg	AGHOST.jpg	NOKEY	MAX	NOKEY
1449000523200	0	lts_1201L_38_01	38	01	0	44	1	1	1	Hit	539	1-11/AGHOST.jpg	AGHOST.jpg	SPACE	584	SPACE
1449000526292	0	lts_1201L_38_01	38	01	0	45	0	0	0	CR	MAX	16/ANEWSBOX4.jpg	ANEWSBOX4.jpg	NOKEY	MAX	NOKEY
1449000529366	0	lts_1201L_38_01	38	01	0	46	0	0	0	CR	MAX	64/ATRUNK15.jpg	ATRUNK15.jpg	NOKEY	MAX	NOKEY
1449000532441	0	lts_1201L_38_01	38	01	0	47	0	0	0	CR	MAX	26467443.thl.jpg	26467443.thl.jpg	NOKEY	MAX	NOKEY
1449000535514	0	lts_1201L_38_01	38	01	0	48	0	0	0	CR	MAX	26373844.thl.jpg	26373844.thl.jpg	NOKEY	MAX	NOKEY
1449000538606	0	lts_1201L_38_01	38	01	0	49	0	0	0	CR	MAX	26439074.thl.jpg	26439074.thl.jpg	NOKEY	MAX	NOKEY
1449000541697	0	lts_1201L_38_01	38	01	0	50	0	0	0	CR	MAX	AFOOTST11.jpg	AFOOTST11.jpg	NOKEY	MAX	NOKEY
1449000544771	0	lts_1201L_38_01	38	01	0	51	32	1	0	Miss	MAX	32-8/Amouthpiece4.jpg	Amouthpiece4.jpg	NOKEY	MAX	SPACE
1449000547862	0	lts_1201L_38_01	38	01	0	52	0	0	0	CR	MAX	Aashtray14.jpg	Aashtray14.jpg	NOKEY	MAX	NOKEY
1449000550937	0	lts_1201L_38_01	38	01	0	53	0	0	0	CR	MAX	16/AADDBOOK.jpg	AADDBOOK.jpg	NOKEY	MAX	NOKEY
1449000554012	0	lts_1201L_38_01	38	01	0	54	32	1	0	Miss	MAX	32-6/gymbench.jpg	gymbench.jpg	NOKEY	MAX	SPACE
1449000557103	0	lts_1201L_38_01	38	01	0	55	0	0	0	CR	MAX	4/Acomputerdes8.jpg	Acomputerdes8.jpg	NOKEY	MAX	NOKEY
1449000560195	0	lts_1201L_38_01	38	01	0	56	0	0	0	CR	MAX	Agluegun.jpg	Agluegun.jpg	NOKEY	MAX	NOKEY
1449000563269	0	lts_1201L_38_01	38	01	0	57	16	1	0	Miss	MAX	16-mul/APILL.jpg	APILL.jpg	NOKEY	MAX	SPACE
1449000566344	0	lts_1201L_38_01	38	01	0	58	0	0	0	CR	MAX	16/8059226.thl.jpg	8059226.thl.jpg	NOKEY	MAX	NOKEY
1449000569418	0	lts_1201L_38_01	38	01	0	59	4	1	0	Miss	MAX	4-10/Acomputerdes8.jpg	Acomputerdes8.jpg	NOKEY	MAX	SPACE
1449000572492	0	lts_1201L_38_01	38	01	0	60	0	0	0	CR	MAX	Alighthouse6.jpg	Alighthouse6.jpg	NOKEY	MAX	NOKEY
1449000575566	0	lts_1201L_38_01	38	01	0	61	16	1	0	Miss	MAX	16-1/ANEWSBOX4.jpg	ANEWSBOX4.jpg	NOKEY	MAX	SPACE
1449000578641	0	lts_1201L_38_01	38	01	0	62	0	0	0	CR	MAX	2/26424973.thl.jpg	26424973.thl.jpg	NOKEY	MAX	NOKEY
1449000581715	0	lts_1201L_38_01	38	01	0	63	0	0	0	CR	MAX	ABAGGROCE.jpg	ABAGGROCE.jpg	NOKEY	MAX	NOKEY
1449000584790	0	lts_1201L_38_01	38	01	0	64	2	1	0	Miss	MAX	2-7/26424973.thl.jpg	26424973.thl.jpg	NOKEY	MAX	SPACE
1449000587881	0	lts_1201L_38_01	38	01	0	65	0	0	0	CR	MAX	Acprmask2.jpg	Acprmask2.jpg	NOKEY	MAX	NOKEY
1449000590955	0	lts_1201L_38_01	38	01	0	66	0	0	0	CR	MAX	ice.jpg	ice.jpg	NOKEY	MAX	NOKEY
1449000594031	0	lts_1201L_38_01	38	01	0	67	0	0	0	CR	MAX	32/26433942.thl.jpg	26433942.thl.jpg	NOKEY	MAX	NOKEY
1449000597122	0	lts_1201L_38_01	38	01	0	68	0	0	0	CR	MAX	sntslrc.jpg	sntslrc.jpg	NOKEY	MAX	NOKEY
1449000600197	0	lts_1201L_38_01	38	01	0	69	16	1	0	Miss	MAX	16-first/AADDBOOK.jpg	AADDBOOK.jpg	NOKEY	MAX	SPACE
1449000603271	0	lts_1201L_38_01	38	01	0	70	0	0	0	CR	MAX	Atoyelephant.jpg	Atoyelephant.jpg	NOKEY	MAX	NOKEY
1449000606346	0	lts_1201L_38_01	38	01	0	71	2	1	0	Miss	MAX	2-mul/AADDBOOK.jpg	AADDBOOK.jpg	NOKEY	MAX	SPACE
1449000609437	0	lts_1201L_38_01	38	01	0	72	0	0	0	CR	MAX	Aumbrellasta2.jpg	Aumbrellasta2.jpg	NOKEY	MAX	NOKEY
1449000612527	0	lts_1201L_38_01	38	01	0	73	0	0	0	CR	MAX	Apaintedwood3.jpg	Apaintedwood3.jpg	NOKEY	MAX	NOKEY
1449000615602	0	lts_1201L_38_01	38	01	0	74	16	1	0	Miss	MAX	16-first/8059226.thl.jpg	8059226.thl.jpg	NOKEY	MAX	SPACE
1449000618676	0	lts_1201L_38_01	38	01	0	75	0	0	0	CR	MAX	ALAB13.jpg	ALAB13.jpg	NOKEY	MAX	NOKEY
1449000621751	0	lts_1201L_38_01	38	01	0	76	0	0	0	CR	MAX	8/Apeanut3.jpg	Apeanut3.jpg	NOKEY	MAX	NOKEY
1449000624825	0	lts_1201L_38_01	38	01	0	77	0	0	0	CR	MAX	64/Aleopard19.jpg	Aleopard19.jpg	NOKEY	MAX	NOKEY
1449000627916	0	lts_1201L_38_01	38	01	0	78	0	0	0	CR	MAX	2/AFETTUCI2.jpg	AFETTUCI2.jpg	NOKEY	MAX	NOKEY
1449000630991	0	lts_1201L_38_01	38	01	0	79	0	0	0	CR	MAX	ACHEESLIC.jpg	ACHEESLIC.jpg	NOKEY	MAX	NOKEY
1449000634066	0	lts_1201L_38_01	38	01	0	80	2	1	0	Miss	MAX	2-13/AFETTUCI2.jpg	AFETTUCI2.jpg	NOKEY	MAX	SPACE
1449000637157	0	lts_1201L_38_01	38	01	0	81	0	0	0	CR	MAX	satellitedirecttc.jpg	satellitedirecttc.jpg	NOKEY	MAX	NOKEY
1449000640249	0	lts_1201L_38_01	38	01	0	82	0	0	0	CR	MAX	Atoyswing.jpg	Atoyswing.jpg	NOKEY	MAX	NOKEY
1449000643340	0	lts_1201L_38_01	38	01	0	83	0	0	0	CR	MAX	ATRIANGL2.jpg	ATRIANGL2.jpg	NOKEY	MAX	NOKEY
1449000646414	0	lts_1201L_38_01	38	01	0	84	8	1	0	Miss	MAX	8-first/Apeanut3.jpg	Apeanut3.jpg	NOKEY	MAX	SPACE
1449000649505	0	lts_1201L_38_01	38	01	0	85	0	0	0	CR	MAX	AHOTPAD4.jpg	AHOTPAD4.jpg	NOKEY	MAX	NOKEY
1449000652579	0	lts_1201L_38_01	38	01	0	86	2	1	0	Miss	MAX	2-mul/Apeanut3.jpg	Apeanut3.jpg	NOKEY	MAX	SPACE
1449000655654	0	lts_1201L_38_01	38	01	0	87	0	0	0	CR	MAX	AOSTRICH2.jpg	AOSTRICH2.jpg	NOKEY	MAX	NOKEY
1449000658745	0	lts_1201L_38_01	38	01	0	88	0	0	0	CR	MAX	16/Aflowerwreat2.jpg	Aflowerwreat2.jpg	NOKEY	MAX	NOKEY
1449000661819	0	lts_1201L_38_01	38	01	0	89	0	0	0	CR	MAX	E_statue.jpg	E_statue.jpg	NOKEY	MAX	NOKEY
1449000664893	0	lts_1201L_38_01	38	01	0	90	16	1	0	Miss	MAX	16-mul/8059226.thl.jpg	8059226.thl.jpg	NOKEY	MAX	SPACE
1449000667968	0	lts_1201L_38_01	38	01	0	91	0	0	0	CR	MAX	AELECBEA6.jpg	AELECBEA6.jpg	NOKEY	MAX	NOKEY
1449000671043	0	lts_1201L_38_01	38	01	0	92	0	0	0	CR	MAX	Aantiquehat4.jpg	Aantiquehat4.jpg	NOKEY	MAX	NOKEY
1449000674118	0	lts_1201L_38_01	38	01	0	93	0	0	0	CR	MAX	4/AMALLET13.jpg	AMALLET13.jpg	NOKEY	MAX	NOKEY
1449000677193	0	lts_1201L_38_01	38	01	0	94	0	0	0	CR	MAX	26437107.thl.jpg	26437107.thl.jpg	NOKEY	MAX	NOKEY
1449000680284	0	lts_1201L_38_01	38	01	0	95	0	0	0	CR	MAX	AANTICAN2.jpg	AANTICAN2.jpg	NOKEY	MAX	NOKEY
1449000683375	0	lts_1201L_38_01	38	01	0	96	0	0	0	CR	MAX	AMIMETITE.jpg	AMIMETITE.jpg	NOKEY	MAX	NOKEY
1449000686449	0	lts_1201L_38_01	38	01	0	97	4	1	0	Miss	MAX	4-7/AMALLET13.jpg	AMALLET13.jpg	NOKEY	MAX	SPACE
1449000689523	0	lts_1201L_38_01	38	01	0	98	0	0	0	CR	MAX	4/AHOSPWAS2.jpg	AHOSPWAS2.jpg	NOKEY	MAX	NOKEY
1449000692598	0	lts_1201L_38_01	38	01	0	99	32	1	0	Miss	MAX	32-4/26433942.thl.jpg	26433942.thl.jpg	NOKEY	MAX	SPACE
1449000695672	0	lts_1201L_38_01	38	01	0	100	0	0	0	CR	MAX	ACHINLAMP.jpg	ACHINLAMP.jpg	NOKEY	MAX	NOKEY
1449000698763	0	lts_1201L_38_01	38	01	0	101	0	0	0	CR	MAX	Abinocularca3.jpg	Abinocularca3.jpg	NOKEY	MAX	NOKEY
1449000701854	0	lts_1201L_38_01	38	01	0	102	4	1	0	Miss	MAX	4-5/AHOSPWAS2.jpg	AHOSPWAS2.jpg	NOKEY	MAX	SPACE
1449000704945	0	lts_1201L_38_01	38	01	0	103	0	0	0	CR	MAX	Aplum11.jpg	Aplum11.jpg	NOKEY	MAX	NOKEY
1449000708021	0	lts_1201L_38_01	38	01	0	104	16	1	0	Miss	MAX	16-0/Aflowerwreat2.jpg	Aflowerwreat2.jpg	NOKEY	MAX	SPACE
1449000711096	0	lts_1201L_38_01	38	01	0	105	0	0	0	CR	MAX	128/AWEIGHTS3.jpg	AWEIGHTS3.jpg	NOKEY	MAX	NOKEY
1449000714170	0	lts_1201L_38_01	38	01	0	106	0	0	0	CR	MAX	outdoorheater.jpg	outdoorheater.jpg	NOKEY	MAX	NOKEY
1449000717261	0	lts_1201L_38_01	38	01	0	107	0	0	0	CR	MAX	26431734.thl.jpg	26431734.thl.jpg	NOKEY	MAX	NOKEY
1449000720336	0	lts_1201L_38_01	38	01	0	108	0	0	0	CR	MAX	128/Akeyboard3.jpg	Akeyboard3.jpg	NOKEY	MAX	NOKEY
1449000723427	0	lts_1201L_38_01	38	01	0	109	0	0	0	CR	MAX	Abells7.jpg	Abells7.jpg	NOKEY	MAX	NOKEY
1449000726501	0	lts_1201L_38_01	38	01	0	110	64	1	0	Miss	MAX	64-first/ATRUNK15.jpg	ATRUNK15.jpg	NOKEY	MAX	SPACE
1449000729592	0	lts_1201L_38_01	38	01	0	111	0	0	0	CR	MAX	10050937.thl.jpg	10050937.thl.jpg	NOKEY	MAX	NOKEY
1449000732666	0	lts_1201L_38_01	38	01	0	112	2	1	0	Miss	MAX	2-mul/ATRUNK15.jpg	ATRUNK15.jpg	NOKEY	MAX	SPACE
1449000735758	0	lts_1201L_38_01	38	01	0	113	0	0	0	CR	MAX	sprinkler.jpg	sprinkler.jpg	NOKEY	MAX	NOKEY
1449000738848	0	lts_1201L_38_01	38	01	0	114	0	0	0	CR	MAX	2/26422598.thl.jpg	26422598.thl.jpg	NOKEY	MAX	NOKEY
1449000741923	0	lts_1201L_38_01	38	01	0	115	0	0	0	CR	MAX	Arack3.jpg	Arack3.jpg	NOKEY	MAX	NOKEY
1449000744998	0	lts_1201L_38_01	38	01	0	116	2	1	0	Miss	MAX	2-6/26422598.thl.jpg	26422598.thl.jpg	NOKEY	MAX	SPACE
1449000748073	0	lts_1201L_38_01	38	01	0	117	0	0	0	CR	MAX	Atripod5.jpg	Atripod5.jpg	NOKEY	MAX	NOKEY
1449000751148	0	lts_1201L_38_01	38	01	0	118	0	0	0	CR	MAX	2/AIDENTIFI.jpg	AIDENTIFI.jpg	NOKEY	MAX	NOKEY
1449000754239	0	lts_1201L_38_01	38	01	0	119	0	0	0	CR	MAX	heartchocolat.jpg	heartchocolat.jpg	NOKEY	MAX	NOKEY
1449000757313	0	lts_1201L_38_01	38	01	0	120	2	1	0	Miss	MAX	2-3/AIDENTIFI.jpg	AIDENTIFI.jpg	NOKEY	MAX	SPACE
1449000760388	0	lts_1201L_38_01	38	01	0	121	0	0	0	CR	MAX	AACORN2.jpg	AACORN2.jpg	NOKEY	MAX	NOKEY
1449000763461	0	lts_1201L_38_01	38	01	0	122	0	0	0	CR	MAX	36407647.thl.jpg	36407647.thl.jpg	NOKEY	MAX	NOKEY
1449000766553	0	lts_1201L_38_01	38	01	0	123	0	0	0	CR	MAX	8/26369923.thl.jpg	26369923.thl.jpg	NOKEY	MAX	NOKEY
1449000769627	0	lts_1201L_38_01	38	01	0	124	0	0	0	CR	MAX	4/26387587.thl.jpg	26387587.thl.jpg	NOKEY	MAX	NOKEY
1449000772702	0	lts_1201L_38_01	38	01	0	125	0	0	0	CR	MAX	32/Afoodprocess4.jpg	Afoodprocess4.jpg	NOKEY	MAX	NOKEY
1449000775793	0	lts_1201L_38_01	38	01	0	126	0	0	0	CR	MAX	AWATEHOSE.jpg	AWATEHOSE.jpg	NOKEY	MAX	NOKEY
1449000778884	0	lts_1201L_38_01	38	01	0	127	0	0	0	CR	MAX	AOLDMILL2.jpg	AOLDMILL2.jpg	NOKEY	MAX	NOKEY
1449000781958	0	lts_1201L_38_01	38	01	0	128	4	1	0	Miss	MAX	4-1/26387587.thl.jpg	26387587.thl.jpg	NOKEY	MAX	SPACE
1449000785051	0	lts_1201L_38_01	38	01	0	129	0	0	0	CR	MAX	AASPHEQUA.jpg	AASPHEQUA.jpg	NOKEY	MAX	NOKEY
1449000788142	0	lts_1201L_38_01	38	01	0	130	0	0	0	CR	MAX	A100FRAN3.jpg	A100FRAN3.jpg	NOKEY	MAX	NOKEY
1449000791216	0	lts_1201L_38_01	38	01	0	131	8	1	0	Miss	MAX	8-first/26369923.thl.jpg	26369923.thl.jpg	NOKEY	MAX	SPACE
1449000794291	0	lts_1201L_38_01	38	01	0	132	0	0	0	CR	MAX	Aangel37.jpg	Aangel37.jpg	NOKEY	MAX	NOKEY
1449000797382	0	lts_1201L_38_01	38	01	0	133	0	0	0	CR	MAX	ACUSHIO60.jpg	ACUSHIO60.jpg	NOKEY	MAX	NOKEY
1449000800472	0	lts_1201L_38_01	38	01	0	134	0	0	0	CR	MAX	26433686.thl.jpg	26433686.thl.jpg	NOKEY	MAX	NOKEY
1449000803547	0	lts_1201L_38_01	38	01	0	135	4	1	0	Miss	MAX	4-mul/26369923.thl.jpg	26369923.thl.jpg	NOKEY	MAX	SPACE
1449000806638	0	lts_1201L_38_01	38	01	0	136	0	0	0	CR	MAX	Ascarf7.jpg	Ascarf7.jpg	NOKEY	MAX	NOKEY
1449000809712	0	lts_1201L_38_01	38	01	0	137	128	1	0	Miss	MAX	128-5/Aappleonsca14.jpg	Aappleonsca14.jpg	NOKEY	MAX	SPACE
1449000812870	0	lts_1201L_38_01	38	01	0	138	0	0	0	CR	MAX	Aflashlight3.jpg	Aflashlight3.jpg	NOKEY	MAX	NOKEY
1449000815945	0	lts_1201L_38_01	38	01	0	139	0	0	0	CR	MAX	8/AMEATGR14.jpg	AMEATGR14.jpg	NOKEY	MAX	NOKEY
1449000819037	0	lts_1201L_38_01	38	01	0	140	0	0	0	CR	MAX	Agame3.jpg	Agame3.jpg	NOKEY	MAX	NOKEY
1449000822112	0	lts_1201L_38_01	38	01	0	141	64	1	0	Miss	MAX	64-first/Aleopard19.jpg	Aleopard19.jpg	NOKEY	MAX	SPACE
1449000825186	0	lts_1201L_38_01	38	01	0	142	0	0	0	CR	MAX	1/Agardeningpai.jpg	Agardeningpai.jpg	NOKEY	MAX	NOKEY
1449000826439	0	lts_1201L_38_01	38	01	0	143	1	1	1	Hit	778	1-3/Agardeningpai.jpg	Agardeningpai.jpg	SPACE	818	SPACE
1449000829513	0	lts_1201L_38_01	38	01	0	144	0	0	0	CR	MAX	Ahalfchoc.jpg	Ahalfchoc.jpg	NOKEY	MAX	NOKEY
1449000832587	0	lts_1201L_38_01	38	01	0	145	4	1	0	Miss	MAX	4-mul/Aleopard19.jpg	Aleopard19.jpg	NOKEY	MAX	SPACE
1449000835679	0	lts_1201L_38_01	38	01	0	146	0	0	0	CR	MAX	AMUFFIPAN.jpg	AMUFFIPAN.jpg	NOKEY	MAX	NOKEY
1449000838753	0	lts_1201L_38_01	38	01	0	147	8	1	0	Miss	MAX	8-first/AMEATGR14.jpg	AMEATGR14.jpg	NOKEY	MAX	SPACE
1449000841827	0	lts_1201L_38_01	38	01	0	148	0	0	0	CR	MAX	Anailscissors.jpg	Anailscissors.jpg	NOKEY	MAX	NOKEY
1449000844902	0	lts_1201L_38_01	38	01	0	149	2	1	0	Miss	MAX	2-mul/AMEATGR14.jpg	AMEATGR14.jpg	NOKEY	MAX	SPACE
1449000847993	0	lts_1201L_38_01	38	01	0	150	0	0	0	CR	MAX	26463767.thl.jpg	26463767.thl.jpg	NOKEY	MAX	NOKEY
1449000851069	0	lts_1201L_38_01	38	01	0	151	128	1	0	Miss	MAX	128-7/AROOSTERP.jpg	AROOSTERP.jpg	NOKEY	MAX	SPACE
1449000854143	0	lts_1201L_38_01	38	01	0	152	0	0	0	CR	MAX	APOTGOLD2.jpg	APOTGOLD2.jpg	NOKEY	MAX	NOKEY
1449000857218	0	lts_1201L_38_01	38	01	0	153	0	0	0	CR	MAX	16/ADANGEAR5.jpg	ADANGEAR5.jpg	NOKEY	MAX	NOKEY
1449000860292	0	lts_1201L_38_01	38	01	0	154	0	0	0	CR	MAX	AFISHNET3.jpg	AFISHNET3.jpg	NOKEY	MAX	NOKEY
1449000863383	0	lts_1201L_38_01	38	01	0	155	0	0	0	CR	MAX	ABOOTCRA5.jpg	ABOOTCRA5.jpg	NOKEY	MAX	NOKEY
1449000866457	0	lts_1201L_38_01	38	01	0	156	0	0	0	CR	MAX	AWATERCO4.jpg	AWATERCO4.jpg	NOKEY	MAX	NOKEY
1449000869532	0	lts_1201L_38_01	38	01	0	157	32	1	0	Miss	MAX	32-2/Afoodprocess4.jpg	Afoodprocess4.jpg	NOKEY	MAX	SPACE
1449000872606	0	lts_1201L_38_01	38	01	0	158	0	0	0	CR	MAX	AKNEEBRA2.jpg	AKNEEBRA2.jpg	NOKEY	MAX	NOKEY
1449000875681	0	lts_1201L_38_01	38	01	0	159	0	0	0	CR	MAX	128/ABROCHETT.jpg	ABROCHETT.jpg	NOKEY	MAX	NOKEY
1449000878771	0	lts_1201L_38_01	38	01	0	160	0	0	0	CR	MAX	sphinx.jpg	sphinx.jpg	NOKEY	MAX	NOKEY
1449000881846	0	lts_1201L_38_01	38	01	0	161	0	0	0	CR	MAX	ASTONHOU2.jpg	ASTONHOU2.jpg	NOKEY	MAX	NOKEY
1449000884937	0	lts_1201L_38_01	38	01	0	162	0	0	0	CR	MAX	4/26369999.thl.jpg	26369999.thl.jpg	NOKEY	MAX	NOKEY
1449000888013	0	lts_1201L_38_01	38	01	0	163	0	0	0	CR	MAX	1/ADESKLA12.jpg	ADESKLA12.jpg	NOKEY	MAX	NOKEY
1449000889199	0	lts_1201L_38_01	38	01	0	164	1	1	1	Hit	702	1-2/ADESKLA12.jpg	ADESKLA12.jpg	SPACE	751	SPACE
1449000892274	0	lts_1201L_38_01	38	01	0	165	0	0	0	CR	MAX	hulk.jpg	hulk.jpg	NOKEY	MAX	NOKEY
1449000895348	0	lts_1201L_38_01	38	01	0	166	4	1	0	Miss	MAX	4-6/26369999.thl.jpg	26369999.thl.jpg	NOKEY	MAX	SPACE
1449000898423	0	lts_1201L_38_01	38	01	0	167	0	0	0	CR	MAX	AARTOOTH2.jpg	AARTOOTH2.jpg	NOKEY	MAX	NOKEY
1449000901496	0	lts_1201L_38_01	38	01	0	168	0	0	0	CR	MAX	23044458.thl.jpg	23044458.thl.jpg	NOKEY	MAX	NOKEY
1449000904571	0	lts_1201L_38_01	38	01	0	169	16	1	0	Miss	MAX	16-first/ADANGEAR5.jpg	ADANGEAR5.jpg	NOKEY	MAX	SPACE
1449000907645	0	lts_1201L_38_01	38	01	0	170	0	0	0	CR	MAX	128/ACENTRIF5.jpg	ACENTRIF5.jpg	NOKEY	MAX	NOKEY
1449000910736	0	lts_1201L_38_01	38	01	0	171	0	0	0	CR	MAX	Acatstatue3.jpg	Acatstatue3.jpg	NOKEY	MAX	NOKEY
1449000913827	0	lts_1201L_38_01	38	01	0	172	0	0	0	CR	MAX	ADARKLAMP.jpg	ADARKLAMP.jpg	NOKEY	MAX	NOKEY
1449000916902	0	lts_1201L_38_01	38	01	0	173	4	1	0	Miss	MAX	4-mul/ADANGEAR5.jpg	ADANGEAR5.jpg	NOKEY	MAX	SPACE
1449000919976	0	lts_1201L_38_01	38	01	0	174	0	0	0	CR	MAX	1/AMICRO67.jpg	AMICRO67.jpg	NOKEY	MAX	NOKEY
1449000920845	0	lts_1201L_38_01	38	01	0	175	1	1	1	Hit	369	1-14/AMICRO67.jpg	AMICRO67.jpg	SPACE	419	SPACE
1449000923937	0	lts_1201L_38_01	38	01	0	176	0	0	0	CR	MAX	Awindmill4.jpg	Awindmill4.jpg	NOKEY	MAX	NOKEY
1449000927029	0	lts_1201L_38_01	38	01	0	177	0	0	0	CR	MAX	26441591.thl.jpg	26441591.thl.jpg	NOKEY	MAX	NOKEY
1449000930120	0	lts_1201L_38_01	38	01	0	178	0	0	0	CR	MAX	8/AWASHSIGN.jpg	AWASHSIGN.jpg	NOKEY	MAX	NOKEY
1449000933195	0	lts_1201L_38_01	38	01	0	179	0	0	0	CR	MAX	2/euthsda.jpg	euthsda.jpg	NOKEY	MAX	NOKEY
1449000936269	0	lts_1201L_38_01	38	01	0	180	0	0	0	CR	MAX	AWASHRACK.jpg	AWASHRACK.jpg	NOKEY	MAX	NOKEY
1449000938057	0	lts_1201L_38_01	38	01	0	181	2	1	1	Hit	1304	2-5/euthsda.jpg	euthsda.jpg	SPACE	1352	SPACE
1449000941131	0	lts_1201L_38_01	38	01	0	182	0	0	0	CR	MAX	ANAPKHOL7.jpg	ANAPKHOL7.jpg	NOKEY	MAX	NOKEY
1449000944223	0	lts_1201L_38_01	38	01	0	183	0	0	0	CR	MAX	Acanadagoose.jpg	Acanadagoose.jpg	NOKEY	MAX	NOKEY
1449000947314	0	lts_1201L_38_01	38	01	0	184	0	0	0	CR	MAX	Abutanco3.jpg	Abutanco3.jpg	NOKEY	MAX	NOKEY
1449000950388	0	lts_1201L_38_01	38	01	0	185	0	0	0	CR	MAX	8/26374146.thl.jpg	26374146.thl.jpg	NOKEY	MAX	NOKEY
1449000953462	0	lts_1201L_38_01	38	01	0	186	8	1	0	Miss	MAX	8-first/AWASHSIGN.jpg	AWASHSIGN.jpg	NOKEY	MAX	SPACE
1449000956536	0	lts_1201L_38_01	38	01	0	187	0	0	0	CR	MAX	9816397.thl.jpg	9816397.thl.jpg	NOKEY	MAX	NOKEY
1449000959628	0	lts_1201L_38_01	38	01	0	188	0	0	0	CR	MAX	Aalmond4.jpg	Aalmond4.jpg	NOKEY	MAX	NOKEY
1449000962735	0	lts_1201L_38_01	38	01	0	189	0	0	0	CR	MAX	shield.jpg	shield.jpg	NOKEY	MAX	NOKEY
1449000965826	0	lts_1201L_38_01	38	01	0	190	4	1	0	Miss	MAX	4-mul/AWASHSIGN.jpg	AWASHSIGN.jpg	NOKEY	MAX	SPACE
1449000968901	0	lts_1201L_38_01	38	01	0	191	0	0	0	CR	MAX	turnip.jpg	turnip.jpg	NOKEY	MAX	NOKEY
1449000971976	0	lts_1201L_38_01	38	01	0	192	0	0	0	CR	MAX	Adecorativet3.jpg	Adecorativet3.jpg	NOKEY	MAX	NOKEY
1449000975051	0	lts_1201L_38_01	38	01	0	193	8	1	0	Miss	MAX	8-first/26374146.thl.jpg	26374146.thl.jpg	NOKEY	MAX	SPACE
1449000978142	0	lts_1201L_38_01	38	01	0	194	0	0	0	CR	MAX	ACURLRIB2.jpg	ACURLRIB2.jpg	NOKEY	MAX	NOKEY
1449000981234	0	lts_1201L_38_01	38	01	0	195	0	0	0	CR	MAX	Abandage3.jpg	Abandage3.jpg	NOKEY	MAX	NOKEY
1449000984325	0	lts_1201L_38_01	38	01	0	196	0	0	0	CR	MAX	16/image004.jpg	image004.jpg	NOKEY	MAX	NOKEY
1449000987416	0	lts_1201L_38_01	38	01	0	197	0	0	0	CR	MAX	Afoodproces13.jpg	Afoodproces13.jpg	NOKEY	MAX	NOKEY
1449000990490	0	lts_1201L_38_01	38	01	0	198	0	0	0	CR	MAX	4/AHEARTSPO.jpg	AHEARTSPO.jpg	NOKEY	MAX	NOKEY
1449000993564	0	lts_1201L_38_01	38	01	0	199	0	0	0	CR	MAX	AFLUTE6.jpg	AFLUTE6.jpg	NOKEY	MAX	NOKEY
1449000996638	0	lts_1201L_38_01	38	01	0	200	0	0	0	CR	MAX	Agarbagebag.jpg	Agarbagebag.jpg	NOKEY	MAX	NOKEY
1449000999729	0	lts_1201L_38_01	38	01	0	201	0	0	0	CR	MAX	playjukebox.jpg	playjukebox.jpg	NOKEY	MAX	NOKEY
1449001002804	0	lts_1201L_38_01	38	01	0	202	4	1	0	Miss	MAX	4-2/AHEARTSPO.jpg	AHEARTSPO.jpg	NOKEY	MAX	SPACE
1449001005878	0	lts_1201L_38_01	38	01	0	203	0	0	0	CR	MAX	ASHOTCAS2.jpg	ASHOTCAS2.jpg	NOKEY	MAX	NOKEY
1449001008953	0	lts_1201L_38_01	38	01	0	204	0	0	0	CR	MAX	1/ABOWARRO8.jpg	ABOWARRO8.jpg	NOKEY	MAX	NOKEY
1449001009839	0	lts_1201L_38_01	38	01	0	205	1	1	1	Hit	395	1-4/ABOWARRO8.jpg	ABOWARRO8.jpg	SPACE	435	SPACE
1449001012930	0	lts_1201L_38_01	38	01	0	206	0	0	0	CR	MAX	football.JPG	football.JPG	NOKEY	MAX	NOKEY
1449001016005	0	lts_1201L_38_01	38	01	0	207	0	0	0	CR	MAX	ABLUCAND5.jpg	ABLUCAND5.jpg	NOKEY	MAX	NOKEY
1449001019080	0	lts_1201L_38_01	38	01	0	208	0	0	0	CR	MAX	AMAILBOX9.jpg	AMAILBOX9.jpg	NOKEY	MAX	NOKEY
1449001022154	0	lts_1201L_38_01	38	01	0	209	16	1	0	Miss	MAX	16-mul/26374146.thl.jpg	26374146.thl.jpg	NOKEY	MAX	SPACE
1449001025246	0	lts_1201L_38_01	38	01	0	210	0	0	0	CR	MAX	26687972.thl.jpg	26687972.thl.jpg	NOKEY	MAX	NOKEY
1449001028337	0	lts_1201L_38_01	38	01	0	211	0	0	0	CR	MAX	Apackage3.jpg	Apackage3.jpg	NOKEY	MAX	NOKEY
1449001031411	0	lts_1201L_38_01	38	01	0	212	16	1	0	Miss	MAX	16-first/image004.jpg	image004.jpg	NOKEY	MAX	SPACE
1449001034502	0	lts_1201L_38_01	38	01	0	213	0	0	0	CR	MAX	Anailbrush3.jpg	Anailbrush3.jpg	NOKEY	MAX	NOKEY
1449001037576	0	lts_1201L_38_01	38	01	0	214	0	0	0	CR	MAX	4/ADRUM.jpg	ADRUM.jpg	NOKEY	MAX	NOKEY
1449001040650	0	lts_1201L_38_01	38	01	0	215	0	0	0	CR	MAX	8/26442809.thl.jpg	26442809.thl.jpg	NOKEY	MAX	NOKEY
1449001043742	0	lts_1201L_38_01	38	01	0	216	0	0	0	CR	MAX	Aclimbingtool.jpg	Aclimbingtool.jpg	NOKEY	MAX	NOKEY
1449001046816	0	lts_1201L_38_01	38	01	0	217	0	0	0	CR	MAX	26421357.thl.jpg	26421357.thl.jpg	NOKEY	MAX	NOKEY
1449001049891	0	lts_1201L_38_01	38	01	0	218	4	1	0	Miss	MAX	4-3/ADRUM.jpg	ADRUM.jpg	NOKEY	MAX	SPACE
1449001052965	0	lts_1201L_38_01	38	01	0	219	0	0	0	CR	MAX	1/ABROOCH53.jpg	ABROOCH53.jpg	NOKEY	MAX	NOKEY
1449001054420	0	lts_1201L_38_01	38	01	0	220	1	1	1	Hit	985	1-10/ABROOCH53.jpg	ABROOCH53.jpg	SPACE	1020	SPACE
1449001057494	0	lts_1201L_38_01	38	01	0	221	0	0	0	CR	MAX	Alambtoy6.jpg	Alambtoy6.jpg	NOKEY	MAX	NOKEY
1449001060568	0	lts_1201L_38_01	38	01	0	222	0	0	0	CR	MAX	ATRIUMPH3.jpg	ATRIUMPH3.jpg	NOKEY	MAX	NOKEY
1449001063642	0	lts_1201L_38_01	38	01	0	223	8	1	0	Miss	MAX	8-first/26442809.thl.jpg	26442809.thl.jpg	NOKEY	MAX	SPACE
1449001066733	0	lts_1201L_38_01	38	01	0	224	0	0	0	CR	MAX	AEIFFELTO.jpg	AEIFFELTO.jpg	NOKEY	MAX	NOKEY
1449001069841	0	lts_1201L_38_01	38	01	0	225	0	0	0	CR	MAX	64/Atrailer5.jpg	Atrailer5.jpg	NOKEY	MAX	NOKEY
1449001072933	0	lts_1201L_38_01	38	01	0	226	0	0	0	CR	MAX	Apulley71.jpg	Apulley71.jpg	NOKEY	MAX	NOKEY
1449001076008	0	lts_1201L_38_01	38	01	0	227	0	0	0	CR	MAX	26423786.thl.jpg	26423786.thl.jpg	NOKEY	MAX	NOKEY
1449001079083	0	lts_1201L_38_01	38	01	0	228	16	1	0	Miss	MAX	16-mul/image004.jpg	image004.jpg	NOKEY	MAX	SPACE
1449001082157	0	lts_1201L_38_01	38	01	0	229	0	0	0	CR	MAX	2/AROCKSHO2.jpg	AROCKSHO2.jpg	NOKEY	MAX	NOKEY
1449001085232	0	lts_1201L_38_01	38	01	0	230	0	0	0	CR	MAX	8020347.thl.jpg	8020347.thl.jpg	NOKEY	MAX	NOKEY
1449001088306	0	lts_1201L_38_01	38	01	0	231	2	1	0	Miss	MAX	2-10/AROCKSHO2.jpg	AROCKSHO2.jpg	NOKEY	MAX	SPACE
1449001091381	0	lts_1201L_38_01	38	01	0	232	0	0	0	CR	MAX	ABATHSTE2.jpg	ABATHSTE2.jpg	NOKEY	MAX	NOKEY
1449001094454	0	lts_1201L_38_01	38	01	0	233	128	1	0	Miss	MAX	128-6/AWEIGHTS3.jpg	AWEIGHTS3.jpg	NOKEY	MAX	SPACE
1449001097546	0	lts_1201L_38_01	38	01	0	234	0	0	0	CR	MAX	ACHANGDIS.jpg	ACHANGDIS.jpg	NOKEY	MAX	NOKEY
1449001100636	0	lts_1201L_38_01	38	01	0	235	0	0	0	CR	MAX	32/23025307.thl.jpg	23025307.thl.jpg	NOKEY	MAX	NOKEY
1449001103728	0	lts_1201L_38_01	38	01	0	236	128	1	0	Miss	MAX	128-4/Akeyboard3.jpg	Akeyboard3.jpg	NOKEY	MAX	SPACE
1449001106836	0	lts_1201L_38_01	38	01	0	237	0	0	0	CR	MAX	16/kimono.jpg	kimono.jpg	NOKEY	MAX	NOKEY
1449001109927	0	lts_1201L_38_01	38	01	0	238	0	0	0	CR	MAX	strawberrytart.jpg	strawberrytart.jpg	NOKEY	MAX	NOKEY
1449001113002	0	lts_1201L_38_01	38	01	0	239	16	1	0	Miss	MAX	16-mul/26442809.thl.jpg	26442809.thl.jpg	NOKEY	MAX	SPACE
1449001116094	0	lts_1201L_38_01	38	01	0	240	0	0	0	CR	MAX	pinecone02.jpg	pinecone02.jpg	NOKEY	MAX	NOKEY
1449001119185	0	lts_1201L_38_01	38	01	0	241	0	0	0	CR	MAX	gingerroot.jpg	gingerroot.jpg	NOKEY	MAX	NOKEY
1449001122276	0	lts_1201L_38_01	38	01	0	242	0	0	0	CR	MAX	128/Atoy57.jpg	Atoy57.jpg	NOKEY	MAX	NOKEY
1449001125367	0	lts_1201L_38_01	38	01	0	243	0	0	0	CR	MAX	TTtvehiclesCyborg.jpg	TTtvehiclesCyborg.jpg	NOKEY	MAX	NOKEY
1449001128458	0	lts_1201L_38_01	38	01	0	244	0	0	0	CR	MAX	64/paintbrush03.jpg	paintbrush03.jpg	NOKEY	MAX	NOKEY
1449001131549	0	lts_1201L_38_01	38	01	0	245	0	0	0	CR	MAX	ABAROMET2.jpg	ABAROMET2.jpg	NOKEY	MAX	NOKEY
1449001134623	0	lts_1201L_38_01	38	01	0	246	0	0	0	CR	MAX	2/Achair618.jpg	Achair618.jpg	NOKEY	MAX	NOKEY
1449001137714	0	lts_1201L_38_01	38	01	0	247	0	0	0	CR	MAX	4/22886412.thl.jpg	22886412.thl.jpg	NOKEY	MAX	NOKEY
1449001140805	0	lts_1201L_38_01	38	01	0	248	2	1	0	Miss	MAX	2-8/Achair618.jpg	Achair618.jpg	NOKEY	MAX	SPACE
1449001143880	0	lts_1201L_38_01	38	01	0	249	0	0	0	CR	MAX	ADRAWBRI3.jpg	ADRAWBRI3.jpg	NOKEY	MAX	NOKEY
1449001146954	0	lts_1201L_38_01	38	01	0	250	0	0	0	CR	MAX	Acliplatch.jpg	Acliplatch.jpg	NOKEY	MAX	NOKEY
1449001150030	0	lts_1201L_38_01	38	01	0	251	4	1	0	Miss	MAX	4-4/22886412.thl.jpg	22886412.thl.jpg	NOKEY	MAX	SPACE
1449001153121	0	lts_1201L_38_01	38	01	0	252	0	0	0	CR	MAX	ALAB19.jpg	ALAB19.jpg	NOKEY	MAX	NOKEY
1449001156196	0	lts_1201L_38_01	38	01	0	253	16	1	0	Miss	MAX	16-first/kimono.jpg	kimono.jpg	NOKEY	MAX	SPACE
1449001159270	0	lts_1201L_38_01	38	01	0	254	0	0	0	CR	MAX	hurdle.jpg	hurdle.jpg	NOKEY	MAX	NOKEY
1449001162345	0	lts_1201L_38_01	38	01	0	255	0	0	0	CR	MAX	16/8244991.thl.jpg	8244991.thl.jpg	NOKEY	MAX	NOKEY
1449001165436	0	lts_1201L_38_01	38	01	0	256	0	0	0	CR	MAX	64/26420893.thl.jpg	26420893.thl.jpg	NOKEY	MAX	NOKEY
1449001168510	0	lts_1201L_38_01	38	01	0	257	4	1	0	Miss	MAX	4-mul/kimono.jpg	kimono.jpg	NOKEY	MAX	SPACE
1449001171601	0	lts_1201L_38_01	38	01	0	258	0	0	0	CR	MAX	4/A95CHEROK.jpg	A95CHEROK.jpg	NOKEY	MAX	NOKEY
1449001174692	0	lts_1201L_38_01	38	01	0	259	0	0	0	CR	MAX	1/Aantiquecigar.jpg	Aantiquecigar.jpg	NOKEY	MAX	NOKEY
1449001175811	0	lts_1201L_38_01	38	01	0	260	1	1	1	Hit	639	1-7/Aantiquecigar.jpg	Aantiquecigar.jpg	SPACE	686	SPACE
1449001178886	0	lts_1201L_38_01	38	01	0	261	0	0	0	CR	MAX	4/9815629.thl.jpg	9815629.thl.jpg	NOKEY	MAX	NOKEY
1449001181960	0	lts_1201L_38_01	38	01	0	262	4	1	0	Miss	MAX	4-12/A95CHEROK.jpg	A95CHEROK.jpg	NOKEY	MAX	SPACE
1449001185036	0	lts_1201L_38_01	38	01	0	263	0	0	0	CR	MAX	Abrooch100.jpg	Abrooch100.jpg	NOKEY	MAX	NOKEY
1449001188127	0	lts_1201L_38_01	38	01	0	264	0	0	0	CR	MAX	barssport.jpg	barssport.jpg	NOKEY	MAX	NOKEY
1449001191202	0	lts_1201L_38_01	38	01	0	265	4	1	0	Miss	MAX	4-8/9815629.thl.jpg	9815629.thl.jpg	NOKEY	MAX	SPACE
1449001194276	0	lts_1201L_38_01	38	01	0	266	0	0	0	CR	MAX	64/Amountaingoa2.jpg	Amountaingoa2.jpg	NOKEY	MAX	NOKEY
1449001197351	0	lts_1201L_38_01	38	01	0	267	32	1	0	Miss	MAX	32-0/23025307.thl.jpg	23025307.thl.jpg	NOKEY	MAX	SPACE
1449001200425	0	lts_1201L_38_01	38	01	0	268	0	0	0	CR	MAX	26424478.thl.jpg	26424478.thl.jpg	NOKEY	MAX	NOKEY
1449001203499	0	lts_1201L_38_01	38	01	0	269	0	0	0	CR	MAX	seahorse.jpg	seahorse.jpg	NOKEY	MAX	NOKEY
1449001206590	0	lts_1201L_38_01	38	01	0	270	0	0	0	CR	MAX	AANTLION2.jpg	AANTLION2.jpg	NOKEY	MAX	NOKEY
1449001209664	0	lts_1201L_38_01	38	01	0	271	16	1	0	Miss	MAX	16-first/8244991.thl.jpg	8244991.thl.jpg	NOKEY	MAX	SPACE
1449001212755	0	lts_1201L_38_01	38	01	0	272	0	0	0	CR	MAX	Aconcreteblo3.jpg	Aconcreteblo3.jpg	NOKEY	MAX	NOKEY
1449001215846	0	lts_1201L_38_01	38	01	0	273	0	0	0	CR	MAX	ABABYCUP3.jpg	ABABYCUP3.jpg	NOKEY	MAX	NOKEY
1449001218921	0	lts_1201L_38_01	38	01	0	274	0	0	0	CR	MAX	AHONEYSTI.jpg	AHONEYSTI.jpg	NOKEY	MAX	NOKEY
1449001221996	0	lts_1201L_38_01	38	01	0	275	4	1	0	Miss	MAX	4-mul/8244991.thl.jpg	8244991.thl.jpg	NOKEY	MAX	SPACE
1449001225071	0	lts_1201L_38_01	38	01	0	276	0	0	0	CR	MAX	AAMMO4.jpg	AAMMO4.jpg	NOKEY	MAX	NOKEY
1449001228146	0	lts_1201L_38_01	38	01	0	277	0	0	0	CR	MAX	8/Atool12.jpg	Atool12.jpg	NOKEY	MAX	NOKEY
1449001231237	0	lts_1201L_38_01	38	01	0	278	0	0	0	CR	MAX	labyrinthe.jpg	labyrinthe.jpg	NOKEY	MAX	NOKEY
1449001234328	0	lts_1201L_38_01	38	01	0	279	0	0	0	CR	MAX	1/AKNIFE13.jpg	AKNIFE13.jpg	NOKEY	MAX	NOKEY
1449001235247	0	lts_1201L_38_01	38	01	0	280	1	1	1	Hit	448	1-5/AKNIFE13.jpg	AKNIFE13.jpg	SPACE	483	SPACE
1449001238338	0	lts_1201L_38_01	38	01	0	281	0	0	0	CR	MAX	Abowlofwonto5.jpg	Abowlofwonto5.jpg	NOKEY	MAX	NOKEY
1449001241413	0	lts_1201L_38_01	38	01	0	282	0	0	0	CR	MAX	32/Acorn10.jpg	Acorn10.jpg	NOKEY	MAX	NOKEY
1449001244486	0	lts_1201L_38_01	38	01	0	283	0	0	0	CR	MAX	AHOOK11.jpg	AHOOK11.jpg	NOKEY	MAX	NOKEY
1449001247577	0	lts_1201L_38_01	38	01	0	284	0	0	0	CR	MAX	footballpads.jpg	footballpads.jpg	NOKEY	MAX	NOKEY
1449001250668	0	lts_1201L_38_01	38	01	0	285	8	1	0	Miss	MAX	8-2/Atool12.jpg	Atool12.jpg	NOKEY	MAX	SPACE
1449001253776	0	lts_1201L_38_01	38	01	0	286	0	0	0	CR	MAX	APUPPY26.jpg	APUPPY26.jpg	NOKEY	MAX	NOKEY
1449001256851	0	lts_1201L_38_01	38	01	0	287	128	1	0	Miss	MAX	128-1/ABROCHETT.jpg	ABROCHETT.jpg	NOKEY	MAX	SPACE
1449001259942	0	lts_1201L_38_01	38	01	0	288	0	0	0	CR	MAX	Achest20.jpg	Achest20.jpg	NOKEY	MAX	NOKEY
1449001263018	0	lts_1201L_38_01	38	01	0	289	64	1	0	Miss	MAX	64-first/Atrailer5.jpg	Atrailer5.jpg	NOKEY	MAX	SPACE
1449001266092	0	lts_1201L_38_01	38	01	0	290	0	0	0	CR	MAX	marshmallows.jpg	marshmallows.jpg	NOKEY	MAX	NOKEY
1449001269066	0	lts_1201L_38_01	38	01	0	291	0	0	1	FA	2476	Aleatherbeltp.jpg	Aleatherbeltp.jpg	SPACE	2522	NOKEY
1449001272141	0	lts_1201L_38_01	38	01	0	292	0	0	0	CR	MAX	8/Atool152.jpg	Atool152.jpg	NOKEY	MAX	NOKEY
1449001275216	0	lts_1201L_38_01	38	01	0	293	4	1	0	Miss	MAX	4-mul/Atrailer5.jpg	Atrailer5.jpg	NOKEY	MAX	SPACE
1449001278307	0	lts_1201L_38_01	38	01	0	294	0	0	0	CR	MAX	Atool221.jpg	Atool221.jpg	NOKEY	MAX	NOKEY
1449001281398	0	lts_1201L_38_01	38	01	0	295	0	0	0	CR	MAX	32/26384863.thl.jpg	26384863.thl.jpg	NOKEY	MAX	NOKEY
1449001284471	0	lts_1201L_38_01	38	01	0	296	0	0	0	CR	MAX	AABSTRACT.jpg	AABSTRACT.jpg	NOKEY	MAX	NOKEY
1449001287562	0	lts_1201L_38_01	38	01	0	297	0	0	0	CR	MAX	AMECHSOCK.jpg	AMECHSOCK.jpg	NOKEY	MAX	NOKEY
1449001290654	0	lts_1201L_38_01	38	01	0	298	128	1	0	Miss	MAX	128-0/ACENTRIF5.jpg	ACENTRIF5.jpg	NOKEY	MAX	SPACE
1449001293728	0	lts_1201L_38_01	38	01	0	299	0	0	0	CR	MAX	AWINTGLO3.jpg	AWINTGLO3.jpg	NOKEY	MAX	NOKEY
1449001296819	0	lts_1201L_38_01	38	01	0	300	8	1	0	Miss	MAX	8-0/Atool152.jpg	Atool152.jpg	NOKEY	MAX	SPACE
1449001299911	0	lts_1201L_38_01	38	01	0	301	0	0	0	CR	MAX	23048010.thl.jpg	23048010.thl.jpg	NOKEY	MAX	NOKEY
1449001303003	0	lts_1201L_38_01	38	01	0	302	0	0	0	CR	MAX	64/oignonrings.jpg	oignonrings.jpg	NOKEY	MAX	NOKEY
1449001306077	0	lts_1201L_38_01	38	01	0	303	0	0	0	CR	MAX	2/Acombination6.jpg	Acombination6.jpg	NOKEY	MAX	NOKEY
1449001309152	0	lts_1201L_38_01	38	01	0	304	0	0	0	CR	MAX	peanutbutter.jpg	peanutbutter.jpg	NOKEY	MAX	NOKEY
1449001312226	0	lts_1201L_38_01	38	01	0	305	2	1	0	Miss	MAX	2-0/Acombination6.jpg	Acombination6.jpg	NOKEY	MAX	SPACE
1449001315301	0	lts_1201L_38_01	38	01	0	306	0	0	0	CR	MAX	Agourd8.jpg	Agourd8.jpg	NOKEY	MAX	NOKEY
1449001318392	0	lts_1201L_38_01	38	01	0	307	0	0	0	CR	MAX	XPGame.jpg	XPGame.jpg	NOKEY	MAX	NOKEY
1449001321466	0	lts_1201L_38_01	38	01	0	308	64	1	0	Miss	MAX	64-first/paintbrush03.jpg	paintbrush03.jpg	NOKEY	MAX	SPACE
1449001324573	0	lts_1201L_38_01	38	01	0	309	0	0	0	CR	MAX	quiche.jpg	quiche.jpg	NOKEY	MAX	NOKEY
1449001327681	0	lts_1201L_38_01	38	01	0	310	0	0	0	CR	MAX	128/Achair608.jpg	Achair608.jpg	NOKEY	MAX	NOKEY
1449001330772	0	lts_1201L_38_01	38	01	0	311	0	0	0	CR	MAX	ALAZQUART.jpg	ALAZQUART.jpg	NOKEY	MAX	NOKEY
1449001333864	0	lts_1201L_38_01	38	01	0	312	0	0	0	CR	MAX	AXYLOPHN2.jpg	AXYLOPHN2.jpg	NOKEY	MAX	NOKEY
1449001336955	0	lts_1201L_38_01	38	01	0	313	0	0	0	CR	MAX	32/AFOODBLEN.jpg	AFOODBLEN.jpg	NOKEY	MAX	NOKEY
1449001340031	0	lts_1201L_38_01	38	01	0	314	32	1	0	Miss	MAX	32-9/Acorn10.jpg	Acorn10.jpg	NOKEY	MAX	SPACE
1449001343105	0	lts_1201L_38_01	38	01	0	315	0	0	0	CR	MAX	2/ALOAFBR4.jpg	ALOAFBR4.jpg	NOKEY	MAX	NOKEY
1449001346180	0	lts_1201L_38_01	38	01	0	316	0	0	0	CR	MAX	Acardinal2.jpg	Acardinal2.jpg	NOKEY	MAX	NOKEY
1449001349254	0	lts_1201L_38_01	38	01	0	317	2	1	0	Miss	MAX	2-12/ALOAFBR4.jpg	ALOAFBR4.jpg	NOKEY	MAX	SPACE
1449001352345	0	lts_1201L_38_01	38	01	0	318	0	0	0	CR	MAX	cannoli.jpg	cannoli.jpg	NOKEY	MAX	NOKEY
1449001355437	0	lts_1201L_38_01	38	01	0	319	0	0	0	CR	MAX	Aboardgame2.jpg	Aboardgame2.jpg	NOKEY	MAX	NOKEY
1449001358526	0	lts_1201L_38_01	38	01	0	320	64	1	0	Miss	MAX	64-first/26420893.thl.jpg	26420893.thl.jpg	NOKEY	MAX	SPACE
1449001361634	0	lts_1201L_38_01	38	01	0	321	0	0	0	CR	MAX	1/Asafetybelt.jpg	Asafetybelt.jpg	NOKEY	MAX	NOKEY
1449001363723	0	lts_1201L_38_01	38	01	0	322	1	1	1	Hit	1608	1-9/Asafetybelt.jpg	Asafetybelt.jpg	SPACE	1655	SPACE
1449001366814	0	lts_1201L_38_01	38	01	0	323	0	0	0	CR	MAX	Adropper2.jpg	Adropper2.jpg	NOKEY	MAX	NOKEY
1449001369889	0	lts_1201L_38_01	38	01	0	324	16	1	0	Miss	MAX	16-mul/paintbrush03.jpg	paintbrush03.jpg	NOKEY	MAX	SPACE
1449001372963	0	lts_1201L_38_01	38	01	0	325	0	0	0	CR	MAX	Afloweredsan3.jpg	Afloweredsan3.jpg	NOKEY	MAX	NOKEY
1449001376039	0	lts_1201L_38_01	38	01	0	326	0	0	0	CR	MAX	FJVWL.jpg	FJVWL.jpg	NOKEY	MAX	NOKEY
1449001379113	0	lts_1201L_38_01	38	01	0	327	32	1	0	Miss	MAX	32-3/26384863.thl.jpg	26384863.thl.jpg	NOKEY	MAX	SPACE
1449001382188	0	lts_1201L_38_01	38	01	0	328	0	0	0	CR	MAX	Abuilding116.jpg	Abuilding116.jpg	NOKEY	MAX	NOKEY
1449001385279	0	lts_1201L_38_01	38	01	0	329	0	0	0	CR	MAX	AJUICER.jpg	AJUICER.jpg	NOKEY	MAX	NOKEY
1449001388354	0	lts_1201L_38_01	38	01	0	330	64	1	0	Miss	MAX	64-first/Amountaingoa2.jpg	Amountaingoa2.jpg	NOKEY	MAX	SPACE
1449001391428	0	lts_1201L_38_01	38	01	0	331	0	0	0	CR	MAX	26372465.thl.jpg	26372465.thl.jpg	NOKEY	MAX	NOKEY
1449001394501	0	lts_1201L_38_01	38	01	0	332	0	0	0	CR	MAX	ACASKET5.jpg	ACASKET5.jpg	NOKEY	MAX	NOKEY
1449001397593	0	lts_1201L_38_01	38	01	0	333	0	0	0	CR	MAX	AANGLE.jpg	AANGLE.jpg	NOKEY	MAX	NOKEY
1449001400667	0	lts_1201L_38_01	38	01	0	334	4	1	0	Miss	MAX	4-mul/Amountaingoa2.jpg	Amountaingoa2.jpg	NOKEY	MAX	SPACE
1449001403758	0	lts_1201L_38_01	38	01	0	335	0	0	0	CR	MAX	mascara.jpg	mascara.jpg	NOKEY	MAX	NOKEY
1449001406850	0	lts_1201L_38_01	38	01	0	336	16	1	0	Miss	MAX	16-mul/26420893.thl.jpg	26420893.thl.jpg	NOKEY	MAX	SPACE
1449001408254	0	lts_1201L_38_01	38	01	0	337	0	0	1	FA	917	ACHEESEGR.jpg	ACHEESEGR.jpg	SPACE	952	NOKEY
1449001411346	0	lts_1201L_38_01	38	01	0	338	0	0	0	CR	MAX	64/Asewingpins.jpg	Asewingpins.jpg	NOKEY	MAX	NOKEY
1449001414437	0	lts_1201L_38_01	38	01	0	339	0	0	0	CR	MAX	8/AINDIAMA3.jpg	AINDIAMA3.jpg	NOKEY	MAX	NOKEY
1449001417510	0	lts_1201L_38_01	38	01	0	340	0	0	0	CR	MAX	ABLLIGHTB.jpg	ABLLIGHTB.jpg	NOKEY	MAX	NOKEY
1449001420601	0	lts_1201L_38_01	38	01	0	341	0	0	0	CR	MAX	26427609.thl.jpg	26427609.thl.jpg	NOKEY	MAX	NOKEY
1449001423692	0	lts_1201L_38_01	38	01	0	342	0	0	0	CR	MAX	AGERMANH4.jpg	AGERMANH4.jpg	NOKEY	MAX	NOKEY
1449001426784	0	lts_1201L_38_01	38	01	0	343	0	0	0	CR	MAX	26423175.thl.jpg	26423175.thl.jpg	NOKEY	MAX	NOKEY
1449001429875	0	lts_1201L_38_01	38	01	0	344	0	0	0	CR	MAX	Arubbergloves.jpg	Arubbergloves.jpg	NOKEY	MAX	NOKEY
1449001432949	0	lts_1201L_38_01	38	01	0	345	32	1	0	Miss	MAX	32-1/AFOODBLEN.jpg	AFOODBLEN.jpg	NOKEY	MAX	SPACE
1449001436025	0	lts_1201L_38_01	38	01	0	346	0	0	0	CR	MAX	26373068.thl.jpg	26373068.thl.jpg	NOKEY	MAX	NOKEY
1449001439100	0	lts_1201L_38_01	38	01	0	347	8	1	0	Miss	MAX	8-1/AINDIAMA3.jpg	AINDIAMA3.jpg	NOKEY	MAX	SPACE
1449001442191	0	lts_1201L_38_01	38	01	0	348	0	0	0	CR	MAX	Alampsanddes5.jpg	Alampsanddes5.jpg	NOKEY	MAX	NOKEY
1449001445282	0	lts_1201L_38_01	38	01	0	349	0	0	0	CR	MAX	64/Acrib12.jpg	Acrib12.jpg	NOKEY	MAX	NOKEY
1449001448373	0	lts_1201L_38_01	38	01	0	350	0	0	0	CR	MAX	AAFRICIN2.jpg	AAFRICIN2.jpg	NOKEY	MAX	NOKEY
1449001451463	0	lts_1201L_38_01	38	01	0	351	0	0	0	CR	MAX	1/26369944.thl.jpg	26369944.thl.jpg	NOKEY	MAX	NOKEY
1449001452417	0	lts_1201L_38_01	38	01	0	352	1	1	1	Hit	479	1-6/26369944.thl.jpg	26369944.thl.jpg	SPACE	518	SPACE
1449001455490	0	lts_1201L_38_01	38	01	0	353	0	0	0	CR	MAX	1/AFILEFOL4.jpg	AFILEFOL4.jpg	NOKEY	MAX	NOKEY
1449001456509	0	lts_1201L_38_01	38	01	0	354	1	1	1	Hit	549	1-13/AFILEFOL4.jpg	AFILEFOL4.jpg	SPACE	586	SPACE
1449001459600	0	lts_1201L_38_01	38	01	0	355	0	0	0	CR	MAX	Apizzadoughin.jpg	Apizzadoughin.jpg	NOKEY	MAX	NOKEY
1449001462675	0	lts_1201L_38_01	38	01	0	356	0	0	0	CR	MAX	2/ARECORDC2.jpg	ARECORDC2.jpg	NOKEY	MAX	NOKEY
1449001465766	0	lts_1201L_38_01	38	01	0	357	0	0	0	CR	MAX	funlamp.jpg	funlamp.jpg	NOKEY	MAX	NOKEY
1449001468857	0	lts_1201L_38_01	38	01	0	358	2	1	0	Miss	MAX	2-4/ARECORDC2.jpg	ARECORDC2.jpg	NOKEY	MAX	SPACE
1449001471932	0	lts_1201L_38_01	38	01	0	359	0	0	0	CR	MAX	ABUSINEST.jpg	ABUSINEST.jpg	NOKEY	MAX	NOKEY
1449001475008	0	lts_1201L_38_01	38	01	0	360	0	0	0	CR	MAX	AMEDEQUI9.jpg	AMEDEQUI9.jpg	NOKEY	MAX	NOKEY
1449001478099	0	lts_1201L_38_01	38	01	0	361	0	0	0	CR	MAX	16/Acactusplant.jpg	Acactusplant.jpg	NOKEY	MAX	NOKEY
1449001481190	0	lts_1201L_38_01	38	01	0	362	0	0	0	CR	MAX	ABLACKB12.jpg	ABLACKB12.jpg	NOKEY	MAX	NOKEY
1449001484281	0	lts_1201L_38_01	38	01	0	363	0	0	0	CR	MAX	ARUSH.jpg	ARUSH.jpg	NOKEY	MAX	NOKEY
1449001487373	0	lts_1201L_38_01	38	01	0	364	0	0	0	CR	MAX	bikewithbasket.jpg	bikewithbasket.jpg	NOKEY	MAX	NOKEY
1449001490463	0	lts_1201L_38_01	38	01	0	365	0	0	0	CR	MAX	ATOOHOLDE.jpg	ATOOHOLDE.jpg	NOKEY	MAX	NOKEY
1449001493554	0	lts_1201L_38_01	38	01	0	366	64	1	0	Miss	MAX	64-first/oignonrings.jpg	oignonrings.jpg	NOKEY	MAX	SPACE
1449001496662	0	lts_1201L_38_01	38	01	0	367	0	0	0	CR	MAX	26421572.thl.jpg	26421572.thl.jpg	NOKEY	MAX	NOKEY
1449001499770	0	lts_1201L_38_01	38	01	0	368	0	0	0	CR	MAX	Atennisball2.jpg	Atennisball2.jpg	NOKEY	MAX	NOKEY
1449001502861	0	lts_1201L_38_01	38	01	0	369	0	0	0	CR	MAX	26374803.thl.jpg	26374803.thl.jpg	NOKEY	MAX	NOKEY
1449001505935	0	lts_1201L_38_01	38	01	0	370	128	1	0	Miss	MAX	128-2/Atoy57.jpg	Atoy57.jpg	NOKEY	MAX	SPACE
1449001509027	0	lts_1201L_38_01	38	01	0	371	0	0	0	CR	MAX	hotgreenpepper.jpg	hotgreenpepper.jpg	NOKEY	MAX	NOKEY
1449001512119	0	lts_1201L_38_01	38	01	0	372	0	0	0	CR	MAX	16/ACUTLERY5.jpg	ACUTLERY5.jpg	NOKEY	MAX	NOKEY
1449001515193	0	lts_1201L_38_01	38	01	0	373	0	0	0	CR	MAX	8256530.thl.jpg	8256530.thl.jpg	NOKEY	MAX	NOKEY
1449001518268	0	lts_1201L_38_01	38	01	0	374	0	0	0	CR	MAX	Agardeningrak.jpg	Agardeningrak.jpg	NOKEY	MAX	NOKEY
1449001521342	0	lts_1201L_38_01	38	01	0	375	0	0	0	CR	MAX	Avicegriptool.jpg	Avicegriptool.jpg	NOKEY	MAX	NOKEY
1449001524417	0	lts_1201L_38_01	38	01	0	376	0	0	0	CR	MAX	AICEAXE2.jpg	AICEAXE2.jpg	NOKEY	MAX	NOKEY
1449001527490	0	lts_1201L_38_01	38	01	0	377	16	1	0	Miss	MAX	16-first/Acactusplant.jpg	Acactusplant.jpg	NOKEY	MAX	SPACE
1449001530581	0	lts_1201L_38_01	38	01	0	378	0	0	0	CR	MAX	Aoutdoorrece2.jpg	Aoutdoorrece2.jpg	NOKEY	MAX	NOKEY
1449001533672	0	lts_1201L_38_01	38	01	0	379	2	1	0	Miss	MAX	2-mul/Acactusplant.jpg	Acactusplant.jpg	NOKEY	MAX	SPACE
1449001536780	0	lts_1201L_38_01	38	01	0	380	0	0	0	CR	MAX	Achildsplaype.jpg	Achildsplaype.jpg	NOKEY	MAX	NOKEY
1449001539855	0	lts_1201L_38_01	38	01	0	381	0	0	0	CR	MAX	Atombstone17.jpg	Atombstone17.jpg	NOKEY	MAX	NOKEY
1449001542929	0	lts_1201L_38_01	38	01	0	382	16	1	0	Miss	MAX	16-mul/oignonrings.jpg	oignonrings.jpg	NOKEY	MAX	SPACE
1449001546005	0	lts_1201L_38_01	38	01	0	383	0	0	0	CR	MAX	1/23076640.thl.jpg	23076640.thl.jpg	NOKEY	MAX	NOKEY
1449001546956	0	lts_1201L_38_01	38	01	0	384	1	1	1	Hit	473	1-8/23076640.thl.jpg	23076640.thl.jpg	SPACE	516	SPACE
1449001550049	0	lts_1201L_38_01	38	01	0	385	0	0	0	CR	MAX	ABULLDOG5.jpg	ABULLDOG5.jpg	NOKEY	MAX	NOKEY
1449001553123	0	lts_1201L_38_01	38	01	0	386	0	0	0	CR	MAX	8/26391116.thl.jpg	26391116.thl.jpg	NOKEY	MAX	NOKEY
1449001556198	0	lts_1201L_38_01	38	01	0	387	0	0	0	CR	MAX	ADRESS2.jpg	ADRESS2.jpg	NOKEY	MAX	NOKEY
1449001559272	0	lts_1201L_38_01	38	01	0	388	16	1	0	Miss	MAX	16-first/ACUTLERY5.jpg	ACUTLERY5.jpg	NOKEY	MAX	SPACE
1449001562347	0	lts_1201L_38_01	38	01	0	389	0	0	0	CR	MAX	Atropicalpine.jpg	Atropicalpine.jpg	NOKEY	MAX	NOKEY
1449001565421	0	lts_1201L_38_01	38	01	0	390	2	1	0	Miss	MAX	2-mul/ACUTLERY5.jpg	ACUTLERY5.jpg	NOKEY	MAX	SPACE
1449001568511	0	lts_1201L_38_01	38	01	0	391	0	0	0	CR	MAX	AWISHWELL.jpg	AWISHWELL.jpg	NOKEY	MAX	NOKEY
1449001571602	0	lts_1201L_38_01	38	01	0	392	0	0	0	CR	MAX	16/AMILPHONE.jpg	AMILPHONE.jpg	NOKEY	MAX	NOKEY
1449001574710	0	lts_1201L_38_01	38	01	0	393	0	0	0	CR	MAX	Atoy33.jpg	Atoy33.jpg	NOKEY	MAX	NOKEY
1449001577802	0	lts_1201L_38_01	38	01	0	394	8	1	0	Miss	MAX	8-first/26391116.thl.jpg	26391116.thl.jpg	NOKEY	MAX	SPACE
1449001580876	0	lts_1201L_38_01	38	01	0	395	0	0	0	CR	MAX	Abulbprotect2.jpg	Abulbprotect2.jpg	NOKEY	MAX	NOKEY
1449001583967	0	lts_1201L_38_01	38	01	0	396	0	0	0	CR	MAX	ABRANCHES.jpg	ABRANCHES.jpg	NOKEY	MAX	NOKEY
1449001587060	0	lts_1201L_38_01	38	01	0	397	0	0	0	CR	MAX	Apuzzle8.jpg	Apuzzle8.jpg	NOKEY	MAX	NOKEY
1449001590134	0	lts_1201L_38_01	38	01	0	398	4	1	0	Miss	MAX	4-mul/26391116.thl.jpg	26391116.thl.jpg	NOKEY	MAX	SPACE
1449001593225	0	lts_1201L_38_01	38	01	0	399	0	0	0	CR	MAX	Ahumansku101.jpg	Ahumansku101.jpg	NOKEY	MAX	NOKEY
1449001596317	0	lts_1201L_38_01	38	01	0	400	0	0	0	CR	MAX	32/Agiraffetoy3.jpg	Agiraffetoy3.jpg	NOKEY	MAX	NOKEY
1449001599391	0	lts_1201L_38_01	38	01	0	401	0	0	0	CR	MAX	26423242.thl.jpg	26423242.thl.jpg	NOKEY	MAX	NOKEY
1449001602464	0	lts_1201L_38_01	38	01	0	402	64	1	0	Miss	MAX	64-first/Asewingpins.jpg	Asewingpins.jpg	NOKEY	MAX	SPACE
1449001605572	0	lts_1201L_38_01	38	01	0	403	0	0	0	CR	MAX	ASHIRTSK2.jpg	ASHIRTSK2.jpg	NOKEY	MAX	NOKEY
1449001608663	0	lts_1201L_38_01	38	01	0	404	2	1	0	Miss	MAX	2-mul/Asewingpins.jpg	Asewingpins.jpg	NOKEY	MAX	SPACE
1449001611771	0	lts_1201L_38_01	38	01	0	405	0	0	0	CR	MAX	ABEARIN12.jpg	ABEARIN12.jpg	NOKEY	MAX	NOKEY
1449001614846	0	lts_1201L_38_01	38	01	0	406	0	0	0	CR	MAX	Ahumidifier.jpg	Ahumidifier.jpg	NOKEY	MAX	NOKEY
1449001617937	0	lts_1201L_38_01	38	01	0	407	0	0	0	CR	MAX	AFIREPLAC.jpg	AFIREPLAC.jpg	NOKEY	MAX	NOKEY
1449001621013	0	lts_1201L_38_01	38	01	0	408	16	1	0	Miss	MAX	16-first/AMILPHONE.jpg	AMILPHONE.jpg	NOKEY	MAX	SPACE
1449001624087	0	lts_1201L_38_01	38	01	0	409	0	0	0	CR	MAX	Abicyclehand5.jpg	Abicyclehand5.jpg	NOKEY	MAX	NOKEY
1449001627179	0	lts_1201L_38_01	38	01	0	410	0	0	0	CR	MAX	8/AGUINEAP2.jpg	AGUINEAP2.jpg	NOKEY	MAX	NOKEY
1449001630253	0	lts_1201L_38_01	38	01	0	411	0	0	0	CR	MAX	Aaircompress2.jpg	Aaircompress2.jpg	NOKEY	MAX	NOKEY
1449001633327	0	lts_1201L_38_01	38	01	0	412	0	0	0	CR	MAX	airbottle1.jpg	airbottle1.jpg	NOKEY	MAX	NOKEY
1449001636402	0	lts_1201L_38_01	38	01	0	413	64	1	0	Miss	MAX	64-first/Acrib12.jpg	Acrib12.jpg	NOKEY	MAX	SPACE
1449001639509	0	lts_1201L_38_01	38	01	0	414	0	0	0	CR	MAX	AGRAINSI5.jpg	AGRAINSI5.jpg	NOKEY	MAX	NOKEY
1449001642583	0	lts_1201L_38_01	38	01	0	415	2	1	0	Miss	MAX	2-mul/Acrib12.jpg	Acrib12.jpg	NOKEY	MAX	SPACE
1449001645674	0	lts_1201L_38_01	38	01	0	416	0	0	0	CR	MAX	32/ABIKLIGHT.jpg	ABIKLIGHT.jpg	NOKEY	MAX	NOKEY
1449001648766	0	lts_1201L_38_01	38	01	0	417	0	0	0	CR	MAX	26425322.thl.jpg	26425322.thl.jpg	NOKEY	MAX	NOKEY
1449001651840	0	lts_1201L_38_01	38	01	0	418	8	1	0	Miss	MAX	8-first/AGUINEAP2.jpg	AGUINEAP2.jpg	NOKEY	MAX	SPACE
1449001654915	0	lts_1201L_38_01	38	01	0	419	0	0	0	CR	MAX	Abreakpl2.jpg	Abreakpl2.jpg	NOKEY	MAX	NOKEY
1449001657989	0	lts_1201L_38_01	38	01	0	420	2	1	0	Miss	MAX	2-mul/AGUINEAP2.jpg	AGUINEAP2.jpg	NOKEY	MAX	SPACE
1449001661081	0	lts_1201L_38_01	38	01	0	421	0	0	0	CR	MAX	1/sandcastle.jpg	sandcastle.jpg	NOKEY	MAX	NOKEY
1449001664156	0	lts_1201L_38_01	38	01	0	422	1	1	0	Miss	MAX	1-12/sandcastle.jpg	sandcastle.jpg	NOKEY	MAX	SPACE
1449001666644	0	lts_1201L_38_01	38	01	0	423	0	0	1	FA	1973	22826832.thl.jpg	22826832.thl.jpg	SPACE	2022	NOKEY
1449001669736	0	lts_1201L_38_01	38	01	0	424	16	1	0	Miss	MAX	16-mul/AMILPHONE.jpg	AMILPHONE.jpg	NOKEY	MAX	SPACE
1449001672810	0	lts_1201L_38_01	38	01	0	425	0	0	0	CR	MAX	4/A_teabag.jpg	A_teabag.jpg	NOKEY	MAX	NOKEY
1449001675901	0	lts_1201L_38_01	38	01	0	426	0	0	0	CR	MAX	1/ACEREAL.jpg	ACEREAL.jpg	NOKEY	MAX	NOKEY
1449001676820	0	lts_1201L_38_01	38	01	0	427	1	1	1	Hit	440	1-0/ACEREAL.jpg	ACEREAL.jpg	SPACE	485	SPACE
1449001679895	0	lts_1201L_38_01	38	01	0	428	0	0	0	CR	MAX	Aexercisemac4.jpg	Aexercisemac4.jpg	NOKEY	MAX	NOKEY
1449001682969	0	lts_1201L_38_01	38	01	0	429	4	1	0	Miss	MAX	4-9/A_teabag.jpg	A_teabag.jpg	NOKEY	MAX	SPACE
1449001686045	0	lts_1201L_38_01	38	01	0	430	0	0	0	CR	MAX	AJUMAR.jpg	AJUMAR.jpg	NOKEY	MAX	NOKEY
1449001689136	0	lts_1201L_38_01	38	01	0	431	0	0	0	CR	MAX	Atintelephone.jpg	Atintelephone.jpg	NOKEY	MAX	NOKEY
1449001692211	0	lts_1201L_38_01	38	01	0	432	32	1	0	Miss	MAX	32-5/Agiraffetoy3.jpg	Agiraffetoy3.jpg	NOKEY	MAX	SPACE
1449001695302	0	lts_1201L_38_01	38	01	0	433	0	0	0	CR	MAX	dragon.jpg	dragon.jpg	NOKEY	MAX	NOKEY
1449001698393	0	lts_1201L_38_01	38	01	0	434	0	0	0	CR	MAX	AMINITRE7.jpg	AMINITRE7.jpg	NOKEY	MAX	NOKEY
1449001701466	0	lts_1201L_38_01	38	01	0	435	0	0	0	CR	MAX	ACHOPSTI2.jpg	ACHOPSTI2.jpg	NOKEY	MAX	NOKEY
1449001704574	0	lts_1201L_38_01	38	01	0	436	0	0	0	CR	MAX	ASUNBOX5.jpg	ASUNBOX5.jpg	NOKEY	MAX	NOKEY
1449001707666	0	lts_1201L_38_01	38	01	0	437	0	0	0	CR	MAX	Ahotdogplain.jpg	Ahotdogplain.jpg	NOKEY	MAX	NOKEY
1449001710740	0	lts_1201L_38_01	38	01	0	438	128	1	0	Miss	MAX	128-3/Achair608.jpg	Achair608.jpg	NOKEY	MAX	SPACE
1449001713831	0	lts_1201L_38_01	38	01	0	439	0	0	0	CR	MAX	26429137.thl.jpg	26429137.thl.jpg	NOKEY	MAX	NOKEY
1449001716923	0	lts_1201L_38_01	38	01	0	440	0	0	0	CR	MAX	gingerbreadcookie.jpg	gingerbreadcookie.jpg	NOKEY	MAX	NOKEY
1449001719997	0	lts_1201L_38_01	38	01	0	441	0	0	0	CR	MAX	ANUTS2.jpg	ANUTS2.jpg	NOKEY	MAX	NOKEY
1449001723089	0	lts_1201L_38_01	38	01	0	442	0	0	0	CR	MAX	Apowerbar7.jpg	Apowerbar7.jpg	NOKEY	MAX	NOKEY
1449001726181	0	lts_1201L_38_01	38	01	0	443	0	0	0	CR	MAX	ADART3.jpg	ADART3.jpg	NOKEY	MAX	NOKEY
1449001729272	0	lts_1201L_38_01	38	01	0	444	0	0	0	CR	MAX	ASCREEN3.jpg	ASCREEN3.jpg	NOKEY	MAX	NOKEY
1449001732346	0	lts_1201L_38_01	38	01	0	445	0	0	0	CR	MAX	Adaisies3.jpg	Adaisies3.jpg	NOKEY	MAX	NOKEY
1449001735437	0	lts_1201L_38_01	38	01	0	446	0	0	0	CR	MAX	Acatheter.jpg	Acatheter.jpg	NOKEY	MAX	NOKEY
1449001738527	0	lts_1201L_38_01	38	01	0	447	0	0	0	CR	MAX	ALADLE5.jpg	ALADLE5.jpg	NOKEY	MAX	NOKEY
1449001741619	0	lts_1201L_38_01	38	01	0	448	32	1	0	Miss	MAX	32-7/ABIKLIGHT.jpg	ABIKLIGHT.jpg	NOKEY	MAX	SPACE
1449001744727	0	lts_1201L_38_01	38	01	0	449	0	0	0	CR	MAX	Ainstrument3.jpg	Ainstrument3.jpg	NOKEY	MAX	NOKEY
1449001801571	0	lts_1201L_38_01	38	01	1	0	0	0	0	CR	MAX	Aim4ribbo.jpg	Aim4ribbo.jpg	NOKEY	MAX	NOKEY
1449001804663	0	lts_1201L_38_01	38	01	1	1	0	0	0	CR	MAX	Abreadrolls.jpg	Abreadrolls.jpg	NOKEY	MAX	NOKEY
1449001807737	0	lts_1201L_38_01	38	01	1	2	0	0	0	CR	MAX	2/bobbypins.JPG	bobbypins.JPG	NOKEY	MAX	NOKEY
1449001810828	0	lts_1201L_38_01	38	01	1	3	0	0	0	CR	MAX	32/Ahandbag55.jpg	Ahandbag55.jpg	NOKEY	MAX	NOKEY
1449001813903	0	lts_1201L_38_01	38	01	1	4	2	1	0	Miss	MAX	2-7/bobbypins.JPG	bobbypins.JPG	NOKEY	MAX	SPACE
1449001816994	0	lts_1201L_38_01	38	01	1	5	0	0	0	CR	MAX	Abeermug11.jpg	Abeermug11.jpg	NOKEY	MAX	NOKEY
1449001820070	0	lts_1201L_38_01	38	01	1	6	0	0	0	CR	MAX	Ahappdec4.jpg	Ahappdec4.jpg	NOKEY	MAX	NOKEY
1449001823144	0	lts_1201L_38_01	38	01	1	7	00	1	0	Miss	MAX	00-across/Apeanut3.jpg	Apeanut3.jpg	NOKEY	MAX	SPACE
1449001826235	0	lts_1201L_38_01	38	01	1	8	0	0	0	CR	MAX	Abagofpaperfl.jpg	Abagofpaperfl.jpg	NOKEY	MAX	NOKEY
1449001829326	0	lts_1201L_38_01	38	01	1	9	0	0	0	CR	MAX	AEGGHOLDE.jpg	AEGGHOLDE.jpg	NOKEY	MAX	NOKEY
1449001832401	0	lts_1201L_38_01	38	01	1	10	0	0	0	CR	MAX	64/supersmilefloss.jpg	supersmilefloss.jpg	NOKEY	MAX	NOKEY
1449001835474	0	lts_1201L_38_01	38	01	1	11	0	0	0	CR	MAX	ATOLLNEGS.jpg	ATOLLNEGS.jpg	NOKEY	MAX	NOKEY
1449001838582	0	lts_1201L_38_01	38	01	1	12	0	0	0	CR	MAX	128/26437080.thl.jpg	26437080.thl.jpg	NOKEY	MAX	NOKEY
1449001841674	0	lts_1201L_38_01	38	01	1	13	0	0	0	CR	MAX	8/8245419.thl.jpg	8245419.thl.jpg	NOKEY	MAX	NOKEY
1449001844765	0	lts_1201L_38_01	38	01	1	14	0	0	0	CR	MAX	Atoybird10.jpg	Atoybird10.jpg	NOKEY	MAX	NOKEY
1449001847839	0	lts_1201L_38_01	38	01	1	15	0	0	0	CR	MAX	Aantiquemailb.jpg	Aantiquemailb.jpg	NOKEY	MAX	NOKEY
1449001850914	0	lts_1201L_38_01	38	01	1	16	0	0	0	CR	MAX	1/butter03.jpg	butter03.jpg	NOKEY	MAX	NOKEY
1449001852385	0	lts_1201L_38_01	38	01	1	17	1	1	1	Hit	993	1-3/butter03.jpg	butter03.jpg	SPACE	1036	SPACE
1449001855475	0	lts_1201L_38_01	38	01	1	18	0	0	0	CR	MAX	26433592.thl.jpg	26433592.thl.jpg	NOKEY	MAX	NOKEY
1449001858583	0	lts_1201L_38_01	38	01	1	19	0	0	0	CR	MAX	64/Achickendinne.jpg	Achickendinne.jpg	NOKEY	MAX	NOKEY
1449001861674	0	lts_1201L_38_01	38	01	1	20	0	0	0	CR	MAX	AMAILBO28.jpg	AMAILBO28.jpg	NOKEY	MAX	NOKEY
1449001864749	0	lts_1201L_38_01	38	01	1	21	8	1	0	Miss	MAX	8-first/8245419.thl.jpg	8245419.thl.jpg	NOKEY	MAX	SPACE
1449001867823	0	lts_1201L_38_01	38	01	1	22	0	0	0	CR	MAX	128/8258244.thl.jpg	8258244.thl.jpg	NOKEY	MAX	NOKEY
1449001870898	0	lts_1201L_38_01	38	01	1	23	0	0	0	CR	MAX	ABAKECON3.jpg	ABAKECON3.jpg	NOKEY	MAX	NOKEY
1449001873989	0	lts_1201L_38_01	38	01	1	24	0	0	0	CR	MAX	AELEMENT3.jpg	AELEMENT3.jpg	NOKEY	MAX	NOKEY
1449001877065	0	lts_1201L_38_01	38	01	1	25	4	1	0	Miss	MAX	4-mul/8245419.thl.jpg	8245419.thl.jpg	NOKEY	MAX	SPACE
1449001880156	0	lts_1201L_38_01	38	01	1	26	0	0	0	CR	MAX	Afusehousing.jpg	Afusehousing.jpg	NOKEY	MAX	NOKEY
1449001883247	0	lts_1201L_38_01	38	01	1	27	0	0	0	CR	MAX	APYRITE7.jpg	APYRITE7.jpg	NOKEY	MAX	NOKEY
1449001886338	0	lts_1201L_38_01	38	01	1	28	0	0	0	CR	MAX	Akitchenisla4.jpg	Akitchenisla4.jpg	NOKEY	MAX	NOKEY
1449001889429	0	lts_1201L_38_01	38	01	1	29	0	0	0	CR	MAX	2/Aboot9.jpg	Aboot9.jpg	NOKEY	MAX	NOKEY
1449001892536	0	lts_1201L_38_01	38	01	1	30	0	0	0	CR	MAX	8/Aslippers2.jpg	Aslippers2.jpg	NOKEY	MAX	NOKEY
1449001895628	0	lts_1201L_38_01	38	01	1	31	2	1	0	Miss	MAX	2-3/Aboot9.jpg	Aboot9.jpg	NOKEY	MAX	SPACE
1449001898719	0	lts_1201L_38_01	38	01	1	32	0	0	0	CR	MAX	26377133.thl.jpg	26377133.thl.jpg	NOKEY	MAX	NOKEY
1449001901793	0	lts_1201L_38_01	38	01	1	33	0	0	0	CR	MAX	D_stove.jpg	D_stove.jpg	NOKEY	MAX	NOKEY
1449001904885	0	lts_1201L_38_01	38	01	1	34	0	0	0	CR	MAX	26687931.thl.jpg	26687931.thl.jpg	NOKEY	MAX	NOKEY
1449001907959	0	lts_1201L_38_01	38	01	1	35	32	1	0	Miss	MAX	32-8/Ahandbag55.jpg	Ahandbag55.jpg	NOKEY	MAX	SPACE
1449001911051	0	lts_1201L_38_01	38	01	1	36	0	0	0	CR	MAX	AFERRAF40.jpg	AFERRAF40.jpg	NOKEY	MAX	NOKEY
1449001914126	0	lts_1201L_38_01	38	01	1	37	0	0	0	CR	MAX	ACPU2.jpg	ACPU2.jpg	NOKEY	MAX	NOKEY
1449001917200	0	lts_1201L_38_01	38	01	1	38	8	1	0	Miss	MAX	8-1/Aslippers2.jpg	Aslippers2.jpg	NOKEY	MAX	SPACE
1449001920275	0	lts_1201L_38_01	38	01	1	39	0	0	0	CR	MAX	Araisins4.jpg	Araisins4.jpg	NOKEY	MAX	NOKEY
1449001923349	0	lts_1201L_38_01	38	01	1	40	0	0	0	CR	MAX	4/ARUSSDO13.jpg	ARUSSDO13.jpg	NOKEY	MAX	NOKEY
1449001926424	0	lts_1201L_38_01	38	01	1	41	00	1	0	Miss	MAX	00-across/ABROCHETT.jpg	ABROCHETT.jpg	NOKEY	MAX	SPACE
1449001929497	0	lts_1201L_38_01	38	01	1	42	0	0	0	CR	MAX	AWATERFL3.jpg	AWATERFL3.jpg	NOKEY	MAX	NOKEY
1449001932588	0	lts_1201L_38_01	38	01	1	43	0	0	0	CR	MAX	Acablelatch.jpg	Acablelatch.jpg	NOKEY	MAX	NOKEY
1449001935680	0	lts_1201L_38_01	38	01	1	44	4	1	0	Miss	MAX	4-6/ARUSSDO13.jpg	ARUSSDO13.jpg	NOKEY	MAX	SPACE
1449001938754	0	lts_1201L_38_01	38	01	1	45	0	0	0	CR	MAX	APHARAOH.jpg	APHARAOH.jpg	NOKEY	MAX	NOKEY
1449001941829	0	lts_1201L_38_01	38	01	1	46	00	1	0	Miss	MAX	00-across/AROOSTERP.jpg	AROOSTERP.jpg	NOKEY	MAX	SPACE
1449001944903	0	lts_1201L_38_01	38	01	1	47	0	0	0	CR	MAX	AKEYHOL10.jpg	AKEYHOL10.jpg	NOKEY	MAX	NOKEY
1449001947994	0	lts_1201L_38_01	38	01	1	48	0	0	0	CR	MAX	ABLACSUI3.jpg	ABLACSUI3.jpg	NOKEY	MAX	NOKEY
1449001951070	0	lts_1201L_38_01	38	01	1	49	0	0	0	CR	MAX	1/Adog71.jpg	Adog71.jpg	NOKEY	MAX	NOKEY
1449001952089	0	lts_1201L_38_01	38	01	1	50	1	1	1	Hit	546	1-11/Adog71.jpg	Adog71.jpg	SPACE	584	SPACE
1449001955180	0	lts_1201L_38_01	38	01	1	51	0	0	0	CR	MAX	AMELODEON.jpg	AMELODEON.jpg	NOKEY	MAX	NOKEY
1449001958255	0	lts_1201L_38_01	38	01	1	52	0	0	0	CR	MAX	AKNEEHAMR.jpg	AKNEEHAMR.jpg	NOKEY	MAX	NOKEY
1449001961329	0	lts_1201L_38_01	38	01	1	53	16	1	0	Miss	MAX	16/DSCN3757-sm.jpg	DSCN3757-sm.jpg	NOKEY	MAX	SPACE
1449001964404	0	lts_1201L_38_01	38	01	1	54	0	0	0	CR	MAX	AMAGNIFL2.jpg	AMAGNIFL2.jpg	NOKEY	MAX	NOKEY
1449001967511	0	lts_1201L_38_01	38	01	1	55	0	0	0	CR	MAX	AMAGHOLDE.jpg	AMAGHOLDE.jpg	NOKEY	MAX	NOKEY
1449001970585	0	lts_1201L_38_01	38	01	1	56	0	0	0	CR	MAX	26437064.thl.jpg	26437064.thl.jpg	NOKEY	MAX	NOKEY
1449001973660	0	lts_1201L_38_01	38	01	1	57	0	0	0	CR	MAX	8/pdos043072.jpg	pdos043072.jpg	NOKEY	MAX	NOKEY
1449001976734	0	lts_1201L_38_01	38	01	1	58	0	0	0	CR	MAX	2/APIPEST18.jpg	APIPEST18.jpg	NOKEY	MAX	NOKEY
1449001979809	0	lts_1201L_38_01	38	01	1	59	0	0	0	CR	MAX	ANWSPAPER.jpg	ANWSPAPER.jpg	NOKEY	MAX	NOKEY
1449001982883	0	lts_1201L_38_01	38	01	1	60	2	1	0	Miss	MAX	2-10/APIPEST18.jpg	APIPEST18.jpg	NOKEY	MAX	SPACE
1449001985974	0	lts_1201L_38_01	38	01	1	61	0	0	0	CR	MAX	26432175.thl.jpg	26432175.thl.jpg	NOKEY	MAX	NOKEY
1449001989067	0	lts_1201L_38_01	38	01	1	62	0	0	0	CR	MAX	Abathroomcup3.jpg	Abathroomcup3.jpg	NOKEY	MAX	NOKEY
1449001992141	0	lts_1201L_38_01	38	01	1	63	0	0	0	CR	MAX	Apercussioni3.jpg	Apercussioni3.jpg	NOKEY	MAX	NOKEY
1449001995215	0	lts_1201L_38_01	38	01	1	64	0	0	0	CR	MAX	8/ABOWCASE.jpg	ABOWCASE.jpg	NOKEY	MAX	NOKEY
1449001998290	0	lts_1201L_38_01	38	01	1	65	8	1	0	Miss	MAX	8-first/pdos043072.jpg	pdos043072.jpg	NOKEY	MAX	SPACE
1449002001381	0	lts_1201L_38_01	38	01	1	66	0	0	0	CR	MAX	gondola.jpg	gondola.jpg	NOKEY	MAX	NOKEY
1449002004471	0	lts_1201L_38_01	38	01	1	67	2	1	0	Miss	MAX	2-mul/pdos043072.jpg	pdos043072.jpg	NOKEY	MAX	SPACE
1449002007579	0	lts_1201L_38_01	38	01	1	68	0	0	0	CR	MAX	Adeer20.jpg	Adeer20.jpg	NOKEY	MAX	NOKEY
1449002010654	0	lts_1201L_38_01	38	01	1	69	16	1	0	Miss	MAX	16-first/DSCN3757-sm.jpg	DSCN3757-sm.jpg	NOKEY	MAX	SPACE
1449002013728	0	lts_1201L_38_01	38	01	1	70	0	0	0	CR	MAX	batslbir.jpg	batslbir.jpg	NOKEY	MAX	NOKEY
1449002016820	0	lts_1201L_38_01	38	01	1	71	0	0	0	CR	MAX	32/Afeatherhat.jpg	Afeatherhat.jpg	NOKEY	MAX	NOKEY
1449002019894	0	lts_1201L_38_01	38	01	1	72	8	1	0	Miss	MAX	8-first/ABOWCASE.jpg	ABOWCASE.jpg	NOKEY	MAX	SPACE
1449002022985	0	lts_1201L_38_01	38	01	1	73	0	0	0	CR	MAX	ASALINES5.jpg	ASALINES5.jpg	NOKEY	MAX	NOKEY
1449002026061	0	lts_1201L_38_01	38	01	1	74	64	1	0	Miss	MAX	64-first/supersmilefloss.jpg	supersmilefloss.jpg	NOKEY	MAX	SPACE
1449002029135	0	lts_1201L_38_01	38	01	1	75	0	0	0	CR	MAX	QD-HEad.jpg	QD-HEad.jpg	NOKEY	MAX	NOKEY
1449002032210	0	lts_1201L_38_01	38	01	1	76	0	0	0	CR	MAX	22853544.thl.jpg	22853544.thl.jpg	NOKEY	MAX	NOKEY
1449002035301	0	lts_1201L_38_01	38	01	1	77	0	0	0	CR	MAX	4/Aplantinpot4.jpg	Aplantinpot4.jpg	NOKEY	MAX	NOKEY
1449002038375	0	lts_1201L_38_01	38	01	1	78	4	1	0	Miss	MAX	4-mul/supersmilefloss.jpg	supersmilefloss.jpg	NOKEY	MAX	SPACE
1449002041466	0	lts_1201L_38_01	38	01	1	79	0	0	0	CR	MAX	22826748.thl.jpg	22826748.thl.jpg	NOKEY	MAX	NOKEY
1449002044574	0	lts_1201L_38_01	38	01	1	80	0	0	0	CR	MAX	garlic.jpg	garlic.jpg	NOKEY	MAX	NOKEY
1449002047648	0	lts_1201L_38_01	38	01	1	81	4	1	0	Miss	MAX	4-7/Aplantinpot4.jpg	Aplantinpot4.jpg	NOKEY	MAX	SPACE
1449002050739	0	lts_1201L_38_01	38	01	1	82	0	0	0	CR	MAX	ABROKUMBR.jpg	ABROKUMBR.jpg	NOKEY	MAX	NOKEY
1449002053814	0	lts_1201L_38_01	38	01	1	83	64	1	0	Miss	MAX	64-first/Achickendinne.jpg	Achickendinne.jpg	NOKEY	MAX	SPACE
1449002056888	0	lts_1201L_38_01	38	01	1	84	0	0	0	CR	MAX	AHAZELNU3.jpg	AHAZELNU3.jpg	NOKEY	MAX	NOKEY
1449002059963	0	lts_1201L_38_01	38	01	1	85	16	1	0	Miss	MAX	16-mul/DSCN3757-sm.jpg	DSCN3757-sm.jpg	NOKEY	MAX	SPACE
1449002063038	0	lts_1201L_38_01	38	01	1	86	0	0	0	CR	MAX	26376346.thl.jpg	26376346.thl.jpg	NOKEY	MAX	NOKEY
1449002066130	0	lts_1201L_38_01	38	01	1	87	0	0	0	CR	MAX	128/Arubberworksh.jpg	Arubberworksh.jpg	NOKEY	MAX	NOKEY
1449002069204	0	lts_1201L_38_01	38	01	1	88	16	1	0	Miss	MAX	16-mul/ABOWCASE.jpg	ABOWCASE.jpg	NOKEY	MAX	SPACE
1449002072295	0	lts_1201L_38_01	38	01	1	89	0	0	0	CR	MAX	16/Acrayonsinabo.jpg	Acrayonsinabo.jpg	NOKEY	MAX	NOKEY
1449002075370	0	lts_1201L_38_01	38	01	1	90	0	0	0	CR	MAX	1/23077768.thl.jpg	23077768.thl.jpg	NOKEY	MAX	NOKEY
1449002078444	0	lts_1201L_38_01	38	01	1	91	1	1	0	Miss	MAX	1-14/23077768.thl.jpg	23077768.thl.jpg	NOKEY	MAX	SPACE
1449002081534	0	lts_1201L_38_01	38	01	1	92	0	0	0	CR	MAX	26427906.thl.jpg	26427906.thl.jpg	NOKEY	MAX	NOKEY
1449002084626	0	lts_1201L_38_01	38	01	1	93	0	0	0	CR	MAX	Aflower103.jpg	Aflower103.jpg	NOKEY	MAX	NOKEY
1449002087750	0	lts_1201L_38_01	38	01	1	94	0	0	0	CR	MAX	Awindow19.jpg	Awindow19.jpg	NOKEY	MAX	NOKEY
1449002090841	0	lts_1201L_38_01	38	01	1	95	0	0	0	CR	MAX	ABANJO5.jpg	ABANJO5.jpg	NOKEY	MAX	NOKEY
1449002093933	0	lts_1201L_38_01	38	01	1	96	0	0	0	CR	MAX	APOTWHOLE.jpg	APOTWHOLE.jpg	NOKEY	MAX	NOKEY
1449002097025	0	lts_1201L_38_01	38	01	1	97	0	0	0	CR	MAX	snail.jpg	snail.jpg	NOKEY	MAX	NOKEY
1449002100100	0	lts_1201L_38_01	38	01	1	98	0	0	0	CR	MAX	10049257.thl.jpg	10049257.thl.jpg	NOKEY	MAX	NOKEY
1449002103174	0	lts_1201L_38_01	38	01	1	99	16	1	0	Miss	MAX	16-mul/Achickendinne.jpg	Achickendinne.jpg	NOKEY	MAX	SPACE
1449002106265	0	lts_1201L_38_01	38	01	1	100	0	0	0	CR	MAX	22911500.thl.jpg	22911500.thl.jpg	NOKEY	MAX	NOKEY
1449002109339	0	lts_1201L_38_01	38	01	1	101	00	1	0	Miss	MAX	00-across/Agiraffetoy3.jpg	Agiraffetoy3.jpg	NOKEY	MAX	SPACE
1449002112431	0	lts_1201L_38_01	38	01	1	102	0	0	0	CR	MAX	ABEADS4.jpg	ABEADS4.jpg	NOKEY	MAX	NOKEY
1449002115504	0	lts_1201L_38_01	38	01	1	103	32	1	0	Miss	MAX	32-7/Afeatherhat.jpg	Afeatherhat.jpg	NOKEY	MAX	SPACE
1449002118579	0	lts_1201L_38_01	38	01	1	104	0	0	0	CR	MAX	Avideocamera2.jpg	Avideocamera2.jpg	NOKEY	MAX	NOKEY
1449002121653	0	lts_1201L_38_01	38	01	1	105	16	1	0	Miss	MAX	16-first/Acrayonsinabo.jpg	Acrayonsinabo.jpg	NOKEY	MAX	SPACE
1449002124744	0	lts_1201L_38_01	38	01	1	106	0	0	0	CR	MAX	Abicyclegear2.jpg	Abicyclegear2.jpg	NOKEY	MAX	NOKEY
1449002127819	0	lts_1201L_38_01	38	01	1	107	0	0	0	CR	MAX	candy3.jpg	candy3.jpg	NOKEY	MAX	NOKEY
1449002130893	0	lts_1201L_38_01	38	01	1	108	0	0	0	CR	MAX	03015528000.jpg	03015528000.jpg	NOKEY	MAX	NOKEY
1449002133968	0	lts_1201L_38_01	38	01	1	109	4	1	0	Miss	MAX	4-mul/Acrayonsinabo.jpg	Acrayonsinabo.jpg	NOKEY	MAX	SPACE
1449002137043	0	lts_1201L_38_01	38	01	1	110	0	0	0	CR	MAX	4/Abagofherbs.jpg	Abagofherbs.jpg	NOKEY	MAX	NOKEY
1449002140118	0	lts_1201L_38_01	38	01	1	111	0	0	0	CR	MAX	16/AWALKTA25.jpg	AWALKTA25.jpg	NOKEY	MAX	NOKEY
1449002143209	0	lts_1201L_38_01	38	01	1	112	0	0	0	CR	MAX	64/Achipboard.jpg	Achipboard.jpg	NOKEY	MAX	NOKEY
1449002146283	0	lts_1201L_38_01	38	01	1	113	0	0	0	CR	MAX	AANGLEME2.jpg	AANGLEME2.jpg	NOKEY	MAX	NOKEY
1449002149358	0	lts_1201L_38_01	38	01	1	114	4	1	0	Miss	MAX	4-1/Abagofherbs.jpg	Abagofherbs.jpg	NOKEY	MAX	SPACE
1449002152448	0	lts_1201L_38_01	38	01	1	115	0	0	0	CR	MAX	AHOSPLIF2.jpg	AHOSPLIF2.jpg	NOKEY	MAX	NOKEY
1449002155539	0	lts_1201L_38_01	38	01	1	116	0	0	0	CR	MAX	2/hulahoop.jpg	hulahoop.jpg	NOKEY	MAX	NOKEY
1449002158631	0	lts_1201L_38_01	38	01	1	117	0	0	0	CR	MAX	ACREPMAK3.jpg	ACREPMAK3.jpg	NOKEY	MAX	NOKEY
1449002161705	0	lts_1201L_38_01	38	01	1	118	2	1	0	Miss	MAX	2-1/hulahoop.jpg	hulahoop.jpg	NOKEY	MAX	SPACE
1449002164780	0	lts_1201L_38_01	38	01	1	119	0	0	0	CR	MAX	makeupcrayon.jpg	makeupcrayon.jpg	NOKEY	MAX	NOKEY
1449002167871	0	lts_1201L_38_01	38	01	1	120	0	0	0	CR	MAX	4/Apotboilinge2.jpg	Apotboilinge2.jpg	NOKEY	MAX	NOKEY
1449002170962	0	lts_1201L_38_01	38	01	1	121	0	0	0	CR	MAX	1/D_exercisebike.jpg	D_exercisebike.jpg	NOKEY	MAX	NOKEY
1449002174038	0	lts_1201L_38_01	38	01	1	122	1	1	0	Miss	MAX	1-2/D_exercisebike.jpg	D_exercisebike.jpg	NOKEY	MAX	SPACE
1449002177129	0	lts_1201L_38_01	38	01	1	123	0	0	0	CR	MAX	Ascrewmount.jpg	Ascrewmount.jpg	NOKEY	MAX	NOKEY
1449002180203	0	lts_1201L_38_01	38	01	1	124	4	1	0	Miss	MAX	4-9/Apotboilinge2.jpg	Apotboilinge2.jpg	NOKEY	MAX	SPACE
1449002183278	0	lts_1201L_38_01	38	01	1	125	0	0	0	CR	MAX	tires.jpg	tires.jpg	NOKEY	MAX	NOKEY
1449002186369	0	lts_1201L_38_01	38	01	1	126	0	0	0	CR	MAX	Atoyturtle.jpg	Atoyturtle.jpg	NOKEY	MAX	NOKEY
1449002189443	0	lts_1201L_38_01	38	01	1	127	16	1	0	Miss	MAX	16-first/AWALKTA25.jpg	AWALKTA25.jpg	NOKEY	MAX	SPACE
1449002192534	0	lts_1201L_38_01	38	01	1	128	0	0	0	CR	MAX	8/Afeatherdust2.jpg	Afeatherdust2.jpg	NOKEY	MAX	NOKEY
1449002195625	0	lts_1201L_38_01	38	01	1	129	0	0	0	CR	MAX	AFILMCUTT.jpg	AFILMCUTT.jpg	NOKEY	MAX	NOKEY
1449002198716	0	lts_1201L_38_01	38	01	1	130	0	0	0	CR	MAX	ACHINBRB4.jpg	ACHINBRB4.jpg	NOKEY	MAX	NOKEY
1449002201791	0	lts_1201L_38_01	38	01	1	131	00	1	0	Miss	MAX	00-across/9815629.thl.jpg	9815629.thl.jpg	NOKEY	MAX	SPACE
1449002204865	0	lts_1201L_38_01	38	01	1	132	0	0	0	CR	MAX	128/acquarium.jpg	acquarium.jpg	NOKEY	MAX	NOKEY
1449002207940	0	lts_1201L_38_01	38	01	1	133	0	0	0	CR	MAX	ABIRDCAG2.jpg	ABIRDCAG2.jpg	NOKEY	MAX	NOKEY
1449002211015	0	lts_1201L_38_01	38	01	1	134	0	0	0	CR	MAX	64/Abicyclebrak4.jpg	Abicyclebrak4.jpg	NOKEY	MAX	NOKEY
1449002214090	0	lts_1201L_38_01	38	01	1	135	0	0	0	CR	MAX	26427983.thl.jpg	26427983.thl.jpg	NOKEY	MAX	NOKEY
1449002217164	0	lts_1201L_38_01	38	01	1	136	8	1	0	Miss	MAX	8-first/Afeatherdust2.jpg	Afeatherdust2.jpg	NOKEY	MAX	SPACE
1449002220255	0	lts_1201L_38_01	38	01	1	137	0	0	0	CR	MAX	ADISHLID2.jpg	ADISHLID2.jpg	NOKEY	MAX	NOKEY
1449002223330	0	lts_1201L_38_01	38	01	1	138	2	1	0	Miss	MAX	2-mul/Afeatherdust2.jpg	Afeatherdust2.jpg	NOKEY	MAX	SPACE
1449002226421	0	lts_1201L_38_01	38	01	1	139	0	0	0	CR	MAX	Adigitalcamer.jpg	Adigitalcamer.jpg	NOKEY	MAX	NOKEY
1449002229494	0	lts_1201L_38_01	38	01	1	140	128	1	0	Miss	MAX	128-3/26437080.thl.jpg	26437080.thl.jpg	NOKEY	MAX	SPACE
1449002232569	0	lts_1201L_38_01	38	01	1	141	0	0	0	CR	MAX	Aadjustablech.jpg	Aadjustablech.jpg	NOKEY	MAX	NOKEY
1449002235643	0	lts_1201L_38_01	38	01	1	142	0	0	0	CR	MAX	26451219.thl.jpg	26451219.thl.jpg	NOKEY	MAX	NOKEY
1449002238718	0	lts_1201L_38_01	38	01	1	143	16	1	0	Miss	MAX	16-mul/AWALKTA25.jpg	AWALKTA25.jpg	NOKEY	MAX	SPACE
1449002241793	0	lts_1201L_38_01	38	01	1	144	0	0	0	CR	MAX	1/Acrabwalking.jpg	Acrabwalking.jpg	NOKEY	MAX	NOKEY
1449002242695	0	lts_1201L_38_01	38	01	1	145	1	1	1	Hit	425	1-10/Acrabwalking.jpg	Acrabwalking.jpg	SPACE	469	SPACE
1449002245769	0	lts_1201L_38_01	38	01	1	146	0	0	0	CR	MAX	2/ADIRECSI3.jpg	ADIRECSI3.jpg	NOKEY	MAX	NOKEY
1449002248844	0	lts_1201L_38_01	38	01	1	147	0	0	0	CR	MAX	ACAMPSTOO.jpg	ACAMPSTOO.jpg	NOKEY	MAX	NOKEY
1449002251918	0	lts_1201L_38_01	38	01	1	148	2	1	0	Miss	MAX	2-9/ADIRECSI3.jpg	ADIRECSI3.jpg	NOKEY	MAX	SPACE
1449002255011	0	lts_1201L_38_01	38	01	1	149	0	0	0	CR	MAX	22911908.thl.jpg	22911908.thl.jpg	NOKEY	MAX	NOKEY
1449002258085	0	lts_1201L_38_01	38	01	1	150	128	1	0	Miss	MAX	128-6/8258244.thl.jpg	8258244.thl.jpg	NOKEY	MAX	SPACE
1449002261176	0	lts_1201L_38_01	38	01	1	151	0	0	0	CR	MAX	23024623.thl.jpg	23024623.thl.jpg	NOKEY	MAX	NOKEY
1449002264250	0	lts_1201L_38_01	38	01	1	152	0	0	0	CR	MAX	2/8250565.thl.jpg	8250565.thl.jpg	NOKEY	MAX	NOKEY
1449002267325	0	lts_1201L_38_01	38	01	1	153	0	0	0	CR	MAX	22896812.thl.jpg	22896812.thl.jpg	NOKEY	MAX	NOKEY
1449002270400	0	lts_1201L_38_01	38	01	1	154	2	1	0	Miss	MAX	2-13/8250565.thl.jpg	8250565.thl.jpg	NOKEY	MAX	SPACE
1449002273473	0	lts_1201L_38_01	38	01	1	155	0	0	0	CR	MAX	ACOUNTING.jpg	ACOUNTING.jpg	NOKEY	MAX	NOKEY
1449002276548	0	lts_1201L_38_01	38	01	1	156	4	1	0	Miss	MAX	4/10049507.thl-1.jpg	10049507.thl-1.jpg	NOKEY	MAX	SPACE
1449002279639	0	lts_1201L_38_01	38	01	1	157	0	0	0	CR	MAX	1/ASTAR.jpg	ASTAR.jpg	NOKEY	MAX	NOKEY
1449002280926	0	lts_1201L_38_01	38	01	1	158	1	1	1	Hit	803	1-12/ASTAR.jpg	ASTAR.jpg	SPACE	852	SPACE
1449002284018	0	lts_1201L_38_01	38	01	1	159	0	0	0	CR	MAX	sportsbasket.jpg	sportsbasket.jpg	NOKEY	MAX	NOKEY
1449002287092	0	lts_1201L_38_01	38	01	1	160	4	1	0	Miss	MAX	4-3/10049507.thl-1.jpg	10049507.thl-1.jpg	NOKEY	MAX	SPACE
1449002290183	0	lts_1201L_38_01	38	01	1	161	0	0	0	CR	MAX	4/ANAPRINGS.jpg	ANAPRINGS.jpg	NOKEY	MAX	NOKEY
1449002293274	0	lts_1201L_38_01	38	01	1	162	0	0	0	CR	MAX	workweightmach.jpg	workweightmach.jpg	NOKEY	MAX	NOKEY
1449002296366	0	lts_1201L_38_01	38	01	1	163	0	0	0	CR	MAX	26377631.thl.jpg	26377631.thl.jpg	NOKEY	MAX	NOKEY
1449002299473	0	lts_1201L_38_01	38	01	1	164	0	0	0	CR	MAX	AMINICYM6.jpg	AMINICYM6.jpg	NOKEY	MAX	NOKEY
1449002302547	0	lts_1201L_38_01	38	01	1	165	4	1	0	Miss	MAX	4-4/ANAPRINGS.jpg	ANAPRINGS.jpg	NOKEY	MAX	SPACE
1449002305622	0	lts_1201L_38_01	38	01	1	166	0	0	0	CR	MAX	ABROOCH41.jpg	ABROOCH41.jpg	NOKEY	MAX	NOKEY
1449002308696	0	lts_1201L_38_01	38	01	1	167	0	0	0	CR	MAX	1/Atool198.jpg	Atool198.jpg	NOKEY	MAX	NOKEY
1449002310067	0	lts_1201L_38_01	38	01	1	168	1	1	1	Hit	896	1-0/Atool198.jpg	Atool198.jpg	SPACE	935	SPACE
1449002313158	0	lts_1201L_38_01	38	01	1	169	0	0	0	CR	MAX	4/Agratedchees2.jpg	Agratedchees2.jpg	NOKEY	MAX	NOKEY
1449002316250	0	lts_1201L_38_01	38	01	1	170	0	0	0	CR	MAX	Aindustrialve.jpg	Aindustrialve.jpg	NOKEY	MAX	NOKEY
1449002319341	0	lts_1201L_38_01	38	01	1	171	0	0	0	CR	MAX	Atoyservices2.jpg	Atoyservices2.jpg	NOKEY	MAX	NOKEY
1449002322432	0	lts_1201L_38_01	38	01	1	172	0	0	0	CR	MAX	ABARBCHA3.jpg	ABARBCHA3.jpg	NOKEY	MAX	NOKEY
1449002325506	0	lts_1201L_38_01	38	01	1	173	4	1	0	Miss	MAX	4-8/Agratedchees2.jpg	Agratedchees2.jpg	NOKEY	MAX	SPACE
1449002327845	0	lts_1201L_38_01	38	01	1	174	0	0	1	FA	1842	ADRIARRA2.jpg	ADRIARRA2.jpg	SPACE	1889	NOKEY
1449002330920	0	lts_1201L_38_01	38	01	1	175	0	0	0	CR	MAX	26437077.thl.jpg	26437077.thl.jpg	NOKEY	MAX	NOKEY
1449002333994	0	lts_1201L_38_01	38	01	1	176	64	1	0	Miss	MAX	64-first/Achipboard.jpg	Achipboard.jpg	NOKEY	MAX	SPACE
1449002337086	0	lts_1201L_38_01	38	01	1	177	0	0	0	CR	MAX	Aadjustablec2.jpg	Aadjustablec2.jpg	NOKEY	MAX	NOKEY
1449002340160	0	lts_1201L_38_01	38	01	1	178	0	0	0	CR	MAX	ABAKINGPA.jpg	ABAKINGPA.jpg	NOKEY	MAX	NOKEY
1449002343252	0	lts_1201L_38_01	38	01	1	179	0	0	0	CR	MAX	32/ACUPEANE2.jpg	ACUPEANE2.jpg	NOKEY	MAX	NOKEY
1449002346326	0	lts_1201L_38_01	38	01	1	180	4	1	0	Miss	MAX	4-mul/Achipboard.jpg	Achipboard.jpg	NOKEY	MAX	SPACE
1449002349401	0	lts_1201L_38_01	38	01	1	181	0	0	0	CR	MAX	ATROWEL2.jpg	ATROWEL2.jpg	NOKEY	MAX	NOKEY
1449002352491	0	lts_1201L_38_01	38	01	1	182	0	0	0	CR	MAX	AWINDSU21.jpg	AWINDSU21.jpg	NOKEY	MAX	NOKEY
1449002355582	0	lts_1201L_38_01	38	01	1	183	0	0	0	CR	MAX	8/Askirt2.jpg	Askirt2.jpg	NOKEY	MAX	NOKEY
1449002358673	0	lts_1201L_38_01	38	01	1	184	0	0	0	CR	MAX	ABAMBCHAI.jpg	ABAMBCHAI.jpg	NOKEY	MAX	NOKEY
1449002361765	0	lts_1201L_38_01	38	01	1	185	0	0	0	CR	MAX	Ascale60.jpg	Ascale60.jpg	NOKEY	MAX	NOKEY
1449002364839	0	lts_1201L_38_01	38	01	1	186	0	0	0	CR	MAX	Ablackma3.jpg	Ablackma3.jpg	NOKEY	MAX	NOKEY
1449002367914	0	lts_1201L_38_01	38	01	1	187	0	0	0	CR	MAX	Amistingwate3.jpg	Amistingwate3.jpg	NOKEY	MAX	NOKEY
1449002370988	0	lts_1201L_38_01	38	01	1	188	0	0	0	CR	MAX	26375953.thl.jpg	26375953.thl.jpg	NOKEY	MAX	NOKEY
1449002374080	0	lts_1201L_38_01	38	01	1	189	0	0	0	CR	MAX	32/Atoy12.jpg	Atoy12.jpg	NOKEY	MAX	NOKEY
1449002377171	0	lts_1201L_38_01	38	01	1	190	0	0	0	CR	MAX	128/Arubberstampa.jpg	Arubberstampa.jpg	NOKEY	MAX	NOKEY
1449002380246	0	lts_1201L_38_01	38	01	1	191	8	1	0	Miss	MAX	8-first/Askirt2.jpg	Askirt2.jpg	NOKEY	MAX	SPACE
1449002383337	0	lts_1201L_38_01	38	01	1	192	0	0	0	CR	MAX	Apilldispens3.jpg	Apilldispens3.jpg	NOKEY	MAX	NOKEY
1449002386412	0	lts_1201L_38_01	38	01	1	193	0	0	0	CR	MAX	Apersonsfoot.jpg	Apersonsfoot.jpg	NOKEY	MAX	NOKEY
1449002389485	0	lts_1201L_38_01	38	01	1	194	0	0	0	CR	MAX	ACANOL.jpg	ACANOL.jpg	NOKEY	MAX	NOKEY
1449002392560	0	lts_1201L_38_01	38	01	1	195	4	1	0	Miss	MAX	4-mul/Askirt2.jpg	Askirt2.jpg	NOKEY	MAX	SPACE
1449002395634	0	lts_1201L_38_01	38	01	1	196	0	0	0	CR	MAX	4/Arubberducky2.jpg	Arubberducky2.jpg	NOKEY	MAX	NOKEY
1449002398725	0	lts_1201L_38_01	38	01	1	197	0	0	0	CR	MAX	ASPOONS2.jpg	ASPOONS2.jpg	NOKEY	MAX	NOKEY
1449002401800	0	lts_1201L_38_01	38	01	1	198	64	1	0	Miss	MAX	64-first/Abicyclebrak4.jpg	Abicyclebrak4.jpg	NOKEY	MAX	SPACE
1449002404875	0	lts_1201L_38_01	38	01	1	199	0	0	0	CR	MAX	AIRONBOA8.jpg	AIRONBOA8.jpg	NOKEY	MAX	NOKEY
1449002407949	0	lts_1201L_38_01	38	01	1	200	4	1	0	Miss	MAX	4-10/Arubberducky2.jpg	Arubberducky2.jpg	NOKEY	MAX	SPACE
1449002411024	0	lts_1201L_38_01	38	01	1	201	0	0	0	CR	MAX	AELECBE17.jpg	AELECBE17.jpg	NOKEY	MAX	NOKEY
1449002414099	0	lts_1201L_38_01	38	01	1	202	4	1	0	Miss	MAX	4-mul/Abicyclebrak4.jpg	Abicyclebrak4.jpg	NOKEY	MAX	SPACE
1449002417173	0	lts_1201L_38_01	38	01	1	203	0	0	0	CR	MAX	26373407.thl.jpg	26373407.thl.jpg	NOKEY	MAX	NOKEY
1449002420248	0	lts_1201L_38_01	38	01	1	204	0	0	0	CR	MAX	32/AMIXER1.jpg	AMIXER1.jpg	NOKEY	MAX	NOKEY
1449002423339	0	lts_1201L_38_01	38	01	1	205	0	0	0	CR	MAX	2/ACUSHIO12.jpg	ACUSHIO12.jpg	NOKEY	MAX	NOKEY
1449002426430	0	lts_1201L_38_01	38	01	1	206	0	0	0	CR	MAX	26434233.thl.jpg	26434233.thl.jpg	NOKEY	MAX	NOKEY
1449002429504	0	lts_1201L_38_01	38	01	1	207	2	1	0	Miss	MAX	2-4/ACUSHIO12.jpg	ACUSHIO12.jpg	NOKEY	MAX	SPACE
1449002432595	0	lts_1201L_38_01	38	01	1	208	0	0	0	CR	MAX	16/23016235.thl.jpg	23016235.thl.jpg	NOKEY	MAX	NOKEY
1449002435686	0	lts_1201L_38_01	38	01	1	209	0	0	0	CR	MAX	hammer01.jpg	hammer01.jpg	NOKEY	MAX	NOKEY
1449002438761	0	lts_1201L_38_01	38	01	1	210	0	0	0	CR	MAX	8022302.thl.jpg	8022302.thl.jpg	NOKEY	MAX	NOKEY
1449002441835	0	lts_1201L_38_01	38	01	1	211	32	1	0	Miss	MAX	32-9/ACUPEANE2.jpg	ACUPEANE2.jpg	NOKEY	MAX	SPACE
1449002444910	0	lts_1201L_38_01	38	01	1	212	0	0	0	CR	MAX	ACROQUET2.jpg	ACROQUET2.jpg	NOKEY	MAX	NOKEY
1449002447984	0	lts_1201L_38_01	38	01	1	213	0	0	0	CR	MAX	4/ACOLOGNE.jpg	ACOLOGNE.jpg	NOKEY	MAX	NOKEY
1449002451060	0	lts_1201L_38_01	38	01	1	214	0	0	0	CR	MAX	ARETRACT2.jpg	ARETRACT2.jpg	NOKEY	MAX	NOKEY
1449002454134	0	lts_1201L_38_01	38	01	1	215	128	1	0	Miss	MAX	128-0/Arubberworksh.jpg	Arubberworksh.jpg	NOKEY	MAX	SPACE
1449002456273	0	lts_1201L_38_01	38	01	1	216	0	0	1	FA	1653	Ablackboardw3.jpg	Ablackboardw3.jpg	SPACE	1703	NOKEY
1449002459347	0	lts_1201L_38_01	38	01	1	217	4	1	0	Miss	MAX	4-12/ACOLOGNE.jpg	ACOLOGNE.jpg	NOKEY	MAX	SPACE
1449002462422	0	lts_1201L_38_01	38	01	1	218	0	0	0	CR	MAX	Areceiptmach2.jpg	Areceiptmach2.jpg	NOKEY	MAX	NOKEY
1449002465495	0	lts_1201L_38_01	38	01	1	219	0	0	0	CR	MAX	Aconchshe.jpg	Aconchshe.jpg	NOKEY	MAX	NOKEY
1449002468587	0	lts_1201L_38_01	38	01	1	220	0	0	0	CR	MAX	64/battery.jpg	battery.jpg	NOKEY	MAX	NOKEY
1449002471661	0	lts_1201L_38_01	38	01	1	221	32	1	0	Miss	MAX	32-5/Atoy12.jpg	Atoy12.jpg	NOKEY	MAX	SPACE
1449002474752	0	lts_1201L_38_01	38	01	1	222	0	0	0	CR	MAX	ATINSTRAP.jpg	ATINSTRAP.jpg	NOKEY	MAX	NOKEY
1449002477827	0	lts_1201L_38_01	38	01	1	223	0	0	0	CR	MAX	26428041.thl.jpg	26428041.thl.jpg	NOKEY	MAX	NOKEY
1449002480902	0	lts_1201L_38_01	38	01	1	224	16	1	0	Miss	MAX	16-0/23016235.thl.jpg	23016235.thl.jpg	NOKEY	MAX	SPACE
1449002483993	0	lts_1201L_38_01	38	01	1	225	0	0	0	CR	MAX	8/ACEDAR.jpg	ACEDAR.jpg	NOKEY	MAX	NOKEY
1449002487068	0	lts_1201L_38_01	38	01	1	226	0	0	0	CR	MAX	AMEATHER3.jpg	AMEATHER3.jpg	NOKEY	MAX	NOKEY
1449002490142	0	lts_1201L_38_01	38	01	1	227	0	0	0	CR	MAX	Amanatee2.jpg	Amanatee2.jpg	NOKEY	MAX	NOKEY
1449002493234	0	lts_1201L_38_01	38	01	1	228	0	0	0	CR	MAX	1/Ainflatable10.jpg	Ainflatable10.jpg	NOKEY	MAX	NOKEY
1449002494286	0	lts_1201L_38_01	38	01	1	229	1	1	1	Hit	577	1-4/Ainflatable10.jpg	Ainflatable10.jpg	SPACE	618	SPACE
1449002497378	0	lts_1201L_38_01	38	01	1	230	0	0	0	CR	MAX	8/Ahawk3.jpg	Ahawk3.jpg	NOKEY	MAX	NOKEY
1449002500451	0	lts_1201L_38_01	38	01	1	231	00	1	0	Miss	MAX	00-across/ATRUNK15.jpg	ATRUNK15.jpg	NOKEY	MAX	SPACE
1449002503542	0	lts_1201L_38_01	38	01	1	232	0	0	0	CR	MAX	AFILM.jpg	AFILM.jpg	NOKEY	MAX	NOKEY
1449002506617	0	lts_1201L_38_01	38	01	1	233	8	1	0	Miss	MAX	8-2/ACEDAR.jpg	ACEDAR.jpg	NOKEY	MAX	SPACE
1449002509708	0	lts_1201L_38_01	38	01	1	234	0	0	0	CR	MAX	16/stickersparty.jpg	stickersparty.jpg	NOKEY	MAX	NOKEY
1449002512799	0	lts_1201L_38_01	38	01	1	235	0	0	0	CR	MAX	32/26372669.thl.jpg	26372669.thl.jpg	NOKEY	MAX	NOKEY
1449002515874	0	lts_1201L_38_01	38	01	1	236	32	1	0	Miss	MAX	32-6/AMIXER1.jpg	AMIXER1.jpg	NOKEY	MAX	SPACE
1449002518965	0	lts_1201L_38_01	38	01	1	237	0	0	0	CR	MAX	AARMYTRUK.jpg	AARMYTRUK.jpg	NOKEY	MAX	NOKEY
1449002522040	0	lts_1201L_38_01	38	01	1	238	8	1	0	Miss	MAX	8-first/Ahawk3.jpg	Ahawk3.jpg	NOKEY	MAX	SPACE
1449002525115	0	lts_1201L_38_01	38	01	1	239	0	0	0	CR	MAX	AHARP.jpg	AHARP.jpg	NOKEY	MAX	NOKEY
1449002528189	0	lts_1201L_38_01	38	01	1	240	0	0	0	CR	MAX	26391079.thl.jpg	26391079.thl.jpg	NOKEY	MAX	NOKEY
1449002531281	0	lts_1201L_38_01	38	01	1	241	0	0	0	CR	MAX	AEXECHAIR.jpg	AEXECHAIR.jpg	NOKEY	MAX	NOKEY
1449002534355	0	lts_1201L_38_01	38	01	1	242	4	1	0	Miss	MAX	4-mul/Ahawk3.jpg	Ahawk3.jpg	NOKEY	MAX	SPACE
1449002535207	0	lts_1201L_38_01	38	01	1	243	0	0	1	FA	364	4/asparagus.jpg	asparagus.jpg	SPACE	401	NOKEY
1449002538165	0	lts_1201L_38_01	38	01	1	244	0	0	1	FA	2480	26379161.thl.jpg	26379161.thl.jpg	SPACE	2522	NOKEY
1449002541239	0	lts_1201L_38_01	38	01	1	245	0	0	0	CR	MAX	Agreenleaf3.jpg	Agreenleaf3.jpg	NOKEY	MAX	NOKEY
1449002544314	0	lts_1201L_38_01	38	01	1	246	0	0	0	CR	MAX	64/Acanopener5.jpg	Acanopener5.jpg	NOKEY	MAX	NOKEY
1449002547388	0	lts_1201L_38_01	38	01	1	247	4	1	0	Miss	MAX	4-5/asparagus.jpg	asparagus.jpg	NOKEY	MAX	SPACE
1449002548408	0	lts_1201L_38_01	38	01	1	248	0	0	1	FA	549	Aboxofnotepa4.jpg	Aboxofnotepa4.jpg	SPACE	583	NOKEY
1449002551498	0	lts_1201L_38_01	38	01	1	249	0	0	0	CR	MAX	8081398.thl.jpg	8081398.thl.jpg	NOKEY	MAX	NOKEY
1449002554572	0	lts_1201L_38_01	38	01	1	250	16	1	0	Miss	MAX	16-first/stickersparty.jpg	stickersparty.jpg	NOKEY	MAX	SPACE
1449002557664	0	lts_1201L_38_01	38	01	1	251	0	0	0	CR	MAX	vendingmachine.jpg	vendingmachine.jpg	NOKEY	MAX	NOKEY
1449002560738	0	lts_1201L_38_01	38	01	1	252	0	0	0	CR	MAX	A52ZX.jpg	A52ZX.jpg	NOKEY	MAX	NOKEY
1449002563829	0	lts_1201L_38_01	38	01	1	253	0	0	0	CR	MAX	16/AANTJUG.jpg	AANTJUG.jpg	NOKEY	MAX	NOKEY
1449002565317	0	lts_1201L_38_01	38	01	1	254	4	1	1	Hit	1005	4-mul/stickersparty.jpg	stickersparty.jpg	SPACE	1053	SPACE
1449002568074	0	lts_1201L_38_01	38	01	1	255	0	0	1	FA	2261	1/pinballmachine.jpg	pinballmachine.jpg	SPACE	2305	NOKEY
1449002571149	0	lts_1201L_38_01	38	01	1	256	1	1	0	Miss	MAX	1-6/pinballmachine.jpg	pinballmachine.jpg	NOKEY	MAX	SPACE
1449002574240	0	lts_1201L_38_01	38	01	1	257	0	0	0	CR	MAX	ACHEESEB3.jpg	ACHEESEB3.jpg	NOKEY	MAX	NOKEY
1449002577331	0	lts_1201L_38_01	38	01	1	258	0	0	0	CR	MAX	64/ADOGFOOD.jpg	ADOGFOOD.jpg	NOKEY	MAX	NOKEY
1449002580422	0	lts_1201L_38_01	38	01	1	259	0	0	0	CR	MAX	4/APINGPON3.jpg	APINGPON3.jpg	NOKEY	MAX	NOKEY
1449002583496	0	lts_1201L_38_01	38	01	1	260	128	1	0	Miss	MAX	128-5/acquarium.jpg	acquarium.jpg	NOKEY	MAX	SPACE
1449002586587	0	lts_1201L_38_01	38	01	1	261	0	0	0	CR	MAX	12955.JPG	12955.JPG	NOKEY	MAX	NOKEY
1449002589678	0	lts_1201L_38_01	38	01	1	262	0	0	0	CR	MAX	64/Atray26.jpg	Atray26.jpg	NOKEY	MAX	NOKEY
1449002592753	0	lts_1201L_38_01	38	01	1	263	4	1	0	Miss	MAX	4-0/APINGPON3.jpg	APINGPON3.jpg	NOKEY	MAX	SPACE
1449002595828	0	lts_1201L_38_01	38	01	1	264	0	0	0	CR	MAX	1/ACEMPOST.jpg	ACEMPOST.jpg	NOKEY	MAX	NOKEY
1449002596797	0	lts_1201L_38_01	38	01	1	265	1	1	1	Hit	494	1-5/ACEMPOST.jpg	ACEMPOST.jpg	SPACE	535	SPACE
1449002599871	0	lts_1201L_38_01	38	01	1	266	0	0	0	CR	MAX	ACOFFPOT7.jpg	ACOFFPOT7.jpg	NOKEY	MAX	NOKEY
1449002602945	0	lts_1201L_38_01	38	01	1	267	32	1	0	Miss	MAX	32-4/26372669.thl.jpg	26372669.thl.jpg	NOKEY	MAX	SPACE
1449002606071	0	lts_1201L_38_01	38	01	1	268	0	0	0	CR	MAX	AELECSAW.jpg	AELECSAW.jpg	NOKEY	MAX	NOKEY
1449002608894	0	lts_1201L_38_01	38	01	1	269	16	1	1	Hit	2348	16-first/AANTJUG.jpg	AANTJUG.jpg	SPACE	2389	SPACE
1449002611968	0	lts_1201L_38_01	38	01	1	270	0	0	0	CR	MAX	8/donaldduck.jpg	donaldduck.jpg	NOKEY	MAX	NOKEY
1449002615044	0	lts_1201L_38_01	38	01	1	271	2	1	0	Miss	MAX	2-mul/AANTJUG.jpg	AANTJUG.jpg	NOKEY	MAX	SPACE
1449002618136	0	lts_1201L_38_01	38	01	1	272	0	0	0	CR	MAX	Aopenbriefcas.jpg	Aopenbriefcas.jpg	NOKEY	MAX	NOKEY
1449002621226	0	lts_1201L_38_01	38	01	1	273	0	0	0	CR	MAX	ABACCAMEL.jpg	ABACCAMEL.jpg	NOKEY	MAX	NOKEY
1449002624318	0	lts_1201L_38_01	38	01	1	274	0	0	0	CR	MAX	2/ALIQBOOK.jpg	ALIQBOOK.jpg	NOKEY	MAX	NOKEY
1449002627409	0	lts_1201L_38_01	38	01	1	275	0	0	0	CR	MAX	26377601.thl.jpg	26377601.thl.jpg	NOKEY	MAX	NOKEY
1449002630482	0	lts_1201L_38_01	38	01	1	276	2	1	0	Miss	MAX	2-2/ALIQBOOK.jpg	ALIQBOOK.jpg	NOKEY	MAX	SPACE
1449002633574	0	lts_1201L_38_01	38	01	1	277	0	0	0	CR	MAX	babyseatback.jpg	babyseatback.jpg	NOKEY	MAX	NOKEY
1449002636648	0	lts_1201L_38_01	38	01	1	278	8	1	0	Miss	MAX	8-first/donaldduck.jpg	donaldduck.jpg	NOKEY	MAX	SPACE
1449002639739	0	lts_1201L_38_01	38	01	1	279	0	0	0	CR	MAX	2/Ablossom.jpg	Ablossom.jpg	NOKEY	MAX	NOKEY
1449002642831	0	lts_1201L_38_01	38	01	1	280	0	0	0	CR	MAX	16/AGOAT10.jpg	AGOAT10.jpg	NOKEY	MAX	NOKEY
1449002645905	0	lts_1201L_38_01	38	01	1	281	2	1	0	Miss	MAX	2-11/Ablossom.jpg	Ablossom.jpg	NOKEY	MAX	SPACE
1449002649064	0	lts_1201L_38_01	38	01	1	282	0	0	0	CR	MAX	26439297.thl.jpg	26439297.thl.jpg	NOKEY	MAX	NOKEY
1449002652155	0	lts_1201L_38_01	38	01	1	283	0	0	0	CR	MAX	Acontrolpane2.jpg	Acontrolpane2.jpg	NOKEY	MAX	NOKEY
1449002655230	0	lts_1201L_38_01	38	01	1	284	64	1	0	Miss	MAX	64-first/battery.jpg	battery.jpg	NOKEY	MAX	SPACE
1449002658321	0	lts_1201L_38_01	38	01	1	285	0	0	0	CR	MAX	16/ABATHTAP.jpg	ABATHTAP.jpg	NOKEY	MAX	NOKEY
1449002661395	0	lts_1201L_38_01	38	01	1	286	2	1	0	Miss	MAX	2-mul/battery.jpg	battery.jpg	NOKEY	MAX	SPACE
1449002664486	0	lts_1201L_38_01	38	01	1	287	0	0	0	CR	MAX	AGLASSTAB.jpg	AGLASSTAB.jpg	NOKEY	MAX	NOKEY
1449002667577	0	lts_1201L_38_01	38	01	1	288	0	0	0	CR	MAX	Achocolateice.jpg	Achocolateice.jpg	NOKEY	MAX	NOKEY
1449002670651	0	lts_1201L_38_01	38	01	1	289	0	0	0	CR	MAX	128/26451168.thl.jpg	26451168.thl.jpg	NOKEY	MAX	NOKEY
1449002673726	0	lts_1201L_38_01	38	01	1	290	0	0	0	CR	MAX	1/AMANJUI2.jpg	AMANJUI2.jpg	NOKEY	MAX	NOKEY
1449002676800	0	lts_1201L_38_01	38	01	1	291	1	1	0	Miss	MAX	1-13/AMANJUI2.jpg	AMANJUI2.jpg	NOKEY	MAX	SPACE
1449002679891	0	lts_1201L_38_01	38	01	1	292	0	0	0	CR	MAX	catsl60.jpg	catsl60.jpg	NOKEY	MAX	NOKEY
1449002682966	0	lts_1201L_38_01	38	01	1	293	0	0	0	CR	MAX	AFLOURSCO.jpg	AFLOURSCO.jpg	NOKEY	MAX	NOKEY
1449002686041	0	lts_1201L_38_01	38	01	1	294	16	1	0	Miss	MAX	16-mul/donaldduck.jpg	donaldduck.jpg	NOKEY	MAX	SPACE
1449002689133	0	lts_1201L_38_01	38	01	1	295	0	0	0	CR	MAX	AWHISTLE4.jpg	AWHISTLE4.jpg	NOKEY	MAX	NOKEY
1449002689666	0	lts_1201L_38_01	38	01	1	296	16	1	1	Hit	53	16-first/AGOAT10.jpg	AGOAT10.jpg	SPACE	100	SPACE
1449002692741	0	lts_1201L_38_01	38	01	1	297	0	0	0	CR	MAX	ACOCKSPA4.jpg	ACOCKSPA4.jpg	NOKEY	MAX	NOKEY
1449002695815	0	lts_1201L_38_01	38	01	1	298	2	1	0	Miss	MAX	2-mul/AGOAT10.jpg	AGOAT10.jpg	NOKEY	MAX	SPACE
1449002698906	0	lts_1201L_38_01	38	01	1	299	0	0	0	CR	MAX	128/Arockingchai5.jpg	Arockingchai5.jpg	NOKEY	MAX	NOKEY
1449002701998	0	lts_1201L_38_01	38	01	1	300	0	0	0	CR	MAX	64/8079080.thl.jpg	8079080.thl.jpg	NOKEY	MAX	NOKEY
1449002705073	0	lts_1201L_38_01	38	01	1	301	16	1	0	Miss	MAX	16-first/ABATHTAP.jpg	ABATHTAP.jpg	NOKEY	MAX	SPACE
1449002708164	0	lts_1201L_38_01	38	01	1	302	0	0	0	CR	MAX	Afrenchsigns2.jpg	Afrenchsigns2.jpg	NOKEY	MAX	NOKEY
1449002711256	0	lts_1201L_38_01	38	01	1	303	0	0	0	CR	MAX	ASALTPEPP.jpg	ASALTPEPP.jpg	NOKEY	MAX	NOKEY
1449002714347	0	lts_1201L_38_01	38	01	1	304	0	0	0	CR	MAX	ATOILBAG2.jpg	ATOILBAG2.jpg	NOKEY	MAX	NOKEY
1449002717421	0	lts_1201L_38_01	38	01	1	305	4	1	0	Miss	MAX	4-mul/ABATHTAP.jpg	ABATHTAP.jpg	NOKEY	MAX	SPACE
1449002720512	0	lts_1201L_38_01	38	01	1	306	0	0	0	CR	MAX	128/Aredandbluef2.jpg	Aredandbluef2.jpg	NOKEY	MAX	NOKEY
1449002723586	0	lts_1201L_38_01	38	01	1	307	0	0	0	CR	MAX	1/A3bday5.jpg	A3bday5.jpg	NOKEY	MAX	NOKEY
1449002726160	0	lts_1201L_38_01	38	01	1	308	1	1	1	Hit	2090	1-9/A3bday5.jpg	A3bday5.jpg	SPACE	2138	SPACE
1449002728399	0	lts_1201L_38_01	38	01	1	309	0	0	1	FA	1746	M15589.jpg	M15589.jpg	SPACE	1787	NOKEY
1449002731473	0	lts_1201L_38_01	38	01	1	310	64	1	0	Miss	MAX	64-first/Acanopener5.jpg	Acanopener5.jpg	NOKEY	MAX	SPACE
1449002732609	0	lts_1201L_38_01	38	01	1	311	0	0	1	FA	660	dftslpi.jpg	dftslpi.jpg	SPACE	703	NOKEY
1449002735684	0	lts_1201L_38_01	38	01	1	312	2	1	0	Miss	MAX	2-mul/Acanopener5.jpg	Acanopener5.jpg	NOKEY	MAX	SPACE
1449002738758	0	lts_1201L_38_01	38	01	1	313	0	0	0	CR	MAX	22855404.thl.jpg	22855404.thl.jpg	NOKEY	MAX	NOKEY
1449002741833	0	lts_1201L_38_01	38	01	1	314	00	1	0	Miss	MAX	00-across/ACENTRIF5.jpg	ACENTRIF5.jpg	NOKEY	MAX	SPACE
1449002744924	0	lts_1201L_38_01	38	01	1	315	0	0	0	CR	MAX	ABELL7.jpg	ABELL7.jpg	NOKEY	MAX	NOKEY
1449002747998	0	lts_1201L_38_01	38	01	1	316	00	1	0	Miss	MAX	00-across/26369923.thl.jpg	26369923.thl.jpg	NOKEY	MAX	SPACE
1449002751074	0	lts_1201L_38_01	38	01	1	317	0	0	0	CR	MAX	Lanyard.jpg	Lanyard.jpg	NOKEY	MAX	NOKEY
1449002754148	0	lts_1201L_38_01	38	01	1	318	128	1	0	Miss	MAX	128-4/Arubberstampa.jpg	Arubberstampa.jpg	NOKEY	MAX	SPACE
1449002757239	0	lts_1201L_38_01	38	01	1	319	0	0	0	CR	MAX	corkscrew02.jpg	corkscrew02.jpg	NOKEY	MAX	NOKEY
1449002760314	0	lts_1201L_38_01	38	01	1	320	0	0	0	CR	MAX	Adriedleaf.jpg	Adriedleaf.jpg	NOKEY	MAX	NOKEY
1449002763405	0	lts_1201L_38_01	38	01	1	321	0	0	0	CR	MAX	AGLASSBO7.jpg	AGLASSBO7.jpg	NOKEY	MAX	NOKEY
1449002766479	0	lts_1201L_38_01	38	01	1	322	64	1	0	Miss	MAX	64-first/ADOGFOOD.jpg	ADOGFOOD.jpg	NOKEY	MAX	SPACE
1449002769553	0	lts_1201L_38_01	38	01	1	323	0	0	0	CR	MAX	AREDPLUM.jpg	AREDPLUM.jpg	NOKEY	MAX	NOKEY
1449002772628	0	lts_1201L_38_01	38	01	1	324	2	1	0	Miss	MAX	2-mul/ADOGFOOD.jpg	ADOGFOOD.jpg	NOKEY	MAX	SPACE
1449002775702	0	lts_1201L_38_01	38	01	1	325	0	0	0	CR	MAX	Achair485.jpg	Achair485.jpg	NOKEY	MAX	NOKEY
1449002778777	0	lts_1201L_38_01	38	01	1	326	64	1	0	Miss	MAX	64-first/Atray26.jpg	Atray26.jpg	NOKEY	MAX	SPACE
1449002781851	0	lts_1201L_38_01	38	01	1	327	0	0	0	CR	MAX	1/bowtie.jpg	bowtie.jpg	NOKEY	MAX	NOKEY
1449002782837	0	lts_1201L_38_01	38	01	1	328	1	1	1	Hit	517	1-1/bowtie.jpg	bowtie.jpg	SPACE	552	SPACE
1449002785928	0	lts_1201L_38_01	38	01	1	329	0	0	0	CR	MAX	26422216.thl.jpg	26422216.thl.jpg	NOKEY	MAX	NOKEY
1449002789020	0	lts_1201L_38_01	38	01	1	330	0	0	0	CR	MAX	2/Aceramicjug10.jpg	Aceramicjug10.jpg	NOKEY	MAX	NOKEY
1449002792095	0	lts_1201L_38_01	38	01	1	331	0	0	0	CR	MAX	spoon-a.jpg	spoon-a.jpg	NOKEY	MAX	NOKEY
1449002795169	0	lts_1201L_38_01	38	01	1	332	2	1	0	Miss	MAX	2-12/Aceramicjug10.jpg	Aceramicjug10.jpg	NOKEY	MAX	SPACE
1449002798244	0	lts_1201L_38_01	38	01	1	333	0	0	0	CR	MAX	2/Aglass43.jpg	Aglass43.jpg	NOKEY	MAX	NOKEY
1449002801318	0	lts_1201L_38_01	38	01	1	334	0	0	0	CR	MAX	26419231.thl.jpg	26419231.thl.jpg	NOKEY	MAX	NOKEY
1449002804393	0	lts_1201L_38_01	38	01	1	335	2	1	0	Miss	MAX	2-0/Aglass43.jpg	Aglass43.jpg	NOKEY	MAX	SPACE
1449002807483	0	lts_1201L_38_01	38	01	1	336	0	0	0	CR	MAX	32/AFENCIN50.jpg	AFENCIN50.jpg	NOKEY	MAX	NOKEY
1449002810574	0	lts_1201L_38_01	38	01	1	337	0	0	0	CR	MAX	ASADDLE2.jpg	ASADDLE2.jpg	NOKEY	MAX	NOKEY
1449002811677	0	lts_1201L_38_01	38	01	1	338	0	0	1	FA	606	ACHRIST14.jpg	ACHRIST14.jpg	SPACE	652	NOKEY
1449002814768	0	lts_1201L_38_01	38	01	1	339	0	0	0	CR	MAX	Aembossedsta2.jpg	Aembossedsta2.jpg	NOKEY	MAX	NOKEY
1449002817859	0	lts_1201L_38_01	38	01	1	340	0	0	0	CR	MAX	32/26421070.thl.jpg	26421070.thl.jpg	NOKEY	MAX	NOKEY
1449002821002	0	lts_1201L_38_01	38	01	1	341	0	0	0	CR	MAX	26431395.thl.jpg	26431395.thl.jpg	NOKEY	MAX	NOKEY
1449002824076	0	lts_1201L_38_01	38	01	1	342	16	1	0	Miss	MAX	16-mul/Atray26.jpg	Atray26.jpg	NOKEY	MAX	SPACE
1449002827167	0	lts_1201L_38_01	38	01	1	343	0	0	0	CR	MAX	Aspinningwhe2.jpg	Aspinningwhe2.jpg	NOKEY	MAX	NOKEY
1449002830242	0	lts_1201L_38_01	38	01	1	344	0	0	0	CR	MAX	AHOSPCRI3.jpg	AHOSPCRI3.jpg	NOKEY	MAX	NOKEY
1449002833333	0	lts_1201L_38_01	38	01	1	345	0	0	0	CR	MAX	16/ASWITCH6.jpg	ASWITCH6.jpg	NOKEY	MAX	NOKEY
1449002836408	0	lts_1201L_38_01	38	01	1	346	0	0	0	CR	MAX	32/Aglassbottle6.jpg	Aglassbottle6.jpg	NOKEY	MAX	NOKEY
1449002839498	0	lts_1201L_38_01	38	01	1	347	0	0	0	CR	MAX	Aflower136.jpg	Aflower136.jpg	NOKEY	MAX	NOKEY
1449002842589	0	lts_1201L_38_01	38	01	1	348	0	0	0	CR	MAX	4/AMIXER.jpg	AMIXER.jpg	NOKEY	MAX	NOKEY
1449002845680	0	lts_1201L_38_01	38	01	1	349	0	0	0	CR	MAX	Areindeertoy4.jpg	Areindeertoy4.jpg	NOKEY	MAX	NOKEY
1449002848755	0	lts_1201L_38_01	38	01	1	350	0	0	0	CR	MAX	26687325.thl.jpg	26687325.thl.jpg	NOKEY	MAX	NOKEY
1449002851829	0	lts_1201L_38_01	38	01	1	351	0	0	0	CR	MAX	ABOOK23.jpg	ABOOK23.jpg	NOKEY	MAX	NOKEY
1449002854904	0	lts_1201L_38_01	38	01	1	352	4	1	0	Miss	MAX	4-11/AMIXER.jpg	AMIXER.jpg	NOKEY	MAX	SPACE
1449002857978	0	lts_1201L_38_01	38	01	1	353	0	0	0	CR	MAX	ABOTTLE19.jpg	ABOTTLE19.jpg	NOKEY	MAX	NOKEY
1449002861054	0	lts_1201L_38_01	38	01	1	354	0	0	0	CR	MAX	26423652.thl.jpg	26423652.thl.jpg	NOKEY	MAX	NOKEY
1449002864128	0	lts_1201L_38_01	38	01	1	355	0	0	0	CR	MAX	Aspokesfaste2.jpg	Aspokesfaste2.jpg	NOKEY	MAX	NOKEY
1449002867203	0	lts_1201L_38_01	38	01	1	356	0	0	0	CR	MAX	ASEWING.jpg	ASEWING.jpg	NOKEY	MAX	NOKEY
1449002870294	0	lts_1201L_38_01	38	01	1	357	0	0	0	CR	MAX	woodvase.jpg	woodvase.jpg	NOKEY	MAX	NOKEY
1449002873368	0	lts_1201L_38_01	38	01	1	358	00	1	0	Miss	MAX	00-across/ADANGEAR5.jpg	ADANGEAR5.jpg	NOKEY	MAX	SPACE
1449002876459	0	lts_1201L_38_01	38	01	1	359	0	0	0	CR	MAX	ASAFE.jpg	ASAFE.jpg	NOKEY	MAX	NOKEY
1449002879533	0	lts_1201L_38_01	38	01	1	360	0	0	0	CR	MAX	ASWANWHIT.jpg	ASWANWHIT.jpg	NOKEY	MAX	NOKEY
1449002882608	0	lts_1201L_38_01	38	01	1	361	16	1	0	Miss	MAX	16-1/ASWITCH6.jpg	ASWITCH6.jpg	NOKEY	MAX	SPACE
1449002885699	0	lts_1201L_38_01	38	01	1	362	0	0	0	CR	MAX	Aqueenofspade.jpg	Aqueenofspade.jpg	NOKEY	MAX	NOKEY
1449002888790	0	lts_1201L_38_01	38	01	1	363	0	0	0	CR	MAX	AANTTRUCK.jpg	AANTTRUCK.jpg	NOKEY	MAX	NOKEY
1449002891864	0	lts_1201L_38_01	38	01	1	364	64	1	0	Miss	MAX	64-first/8079080.thl.jpg	8079080.thl.jpg	NOKEY	MAX	SPACE
1449002894956	0	lts_1201L_38_01	38	01	1	365	0	0	0	CR	MAX	AMEAT2.jpg	AMEAT2.jpg	NOKEY	MAX	NOKEY
1449002898031	0	lts_1201L_38_01	38	01	1	366	0	0	0	CR	MAX	ADIAMCRYS.jpg	ADIAMCRYS.jpg	NOKEY	MAX	NOKEY
1449002901106	0	lts_1201L_38_01	38	01	1	367	0	0	0	CR	MAX	26423873.thl.jpg	26423873.thl.jpg	NOKEY	MAX	NOKEY
1449002904180	0	lts_1201L_38_01	38	01	1	368	32	1	0	Miss	MAX	32-1/AFENCIN50.jpg	AFENCIN50.jpg	NOKEY	MAX	SPACE
1449002907271	0	lts_1201L_38_01	38	01	1	369	0	0	0	CR	MAX	AHOSPCAR3.jpg	AHOSPCAR3.jpg	NOKEY	MAX	NOKEY
1449002910363	0	lts_1201L_38_01	38	01	1	370	0	0	0	CR	MAX	ABLAKPOT3.jpg	ABLAKPOT3.jpg	NOKEY	MAX	NOKEY
1449002913453	0	lts_1201L_38_01	38	01	1	371	0	0	0	CR	MAX	26464872.thl.jpg	26464872.thl.jpg	NOKEY	MAX	NOKEY
1449002916527	0	lts_1201L_38_01	38	01	1	372	32	1	0	Miss	MAX	32-2/26421070.thl.jpg	26421070.thl.jpg	NOKEY	MAX	SPACE
1449002919619	0	lts_1201L_38_01	38	01	1	373	0	0	0	CR	MAX	2/AICEUBETR.jpg	AICEUBETR.jpg	NOKEY	MAX	NOKEY
1449002922710	0	lts_1201L_38_01	38	01	1	374	0	0	0	CR	MAX	Asoapdish3.jpg	Asoapdish3.jpg	NOKEY	MAX	NOKEY
1449002925784	0	lts_1201L_38_01	38	01	1	375	2	1	0	Miss	MAX	2-5/AICEUBETR.jpg	AICEUBETR.jpg	NOKEY	MAX	SPACE
1449002928875	0	lts_1201L_38_01	38	01	1	376	0	0	0	CR	MAX	Ascientificm2.jpg	Ascientificm2.jpg	NOKEY	MAX	NOKEY
1449002931950	0	lts_1201L_38_01	38	01	1	377	0	0	0	CR	MAX	ATOOL9.jpg	ATOOL9.jpg	NOKEY	MAX	NOKEY
1449002935025	0	lts_1201L_38_01	38	01	1	378	32	1	0	Miss	MAX	32-3/Aglassbottle6.jpg	Aglassbottle6.jpg	NOKEY	MAX	SPACE
1449002938100	0	lts_1201L_38_01	38	01	1	379	0	0	0	CR	MAX	ADEEPFRYS.jpg	ADEEPFRYS.jpg	NOKEY	MAX	NOKEY
1449002941174	0	lts_1201L_38_01	38	01	1	380	16	1	0	Miss	MAX	16-mul/8079080.thl.jpg	8079080.thl.jpg	NOKEY	MAX	SPACE
1449002944249	0	lts_1201L_38_01	38	01	1	381	0	0	0	CR	MAX	ADIPPER6.jpg	ADIPPER6.jpg	NOKEY	MAX	NOKEY
1449002947340	0	lts_1201L_38_01	38	01	1	382	0	0	0	CR	MAX	Agreencup2.jpg	Agreencup2.jpg	NOKEY	MAX	NOKEY
1449002950415	0	lts_1201L_38_01	38	01	1	383	0	0	0	CR	MAX	2/ASHADES11.jpg	ASHADES11.jpg	NOKEY	MAX	NOKEY
1449002953488	0	lts_1201L_38_01	38	01	1	384	0	0	0	CR	MAX	8/Afoodgrinder2.jpg	Afoodgrinder2.jpg	NOKEY	MAX	NOKEY
1449002956563	0	lts_1201L_38_01	38	01	1	385	2	1	0	Miss	MAX	2-6/ASHADES11.jpg	ASHADES11.jpg	NOKEY	MAX	SPACE
1449002959654	0	lts_1201L_38_01	38	01	1	386	0	0	0	CR	MAX	AMEATGRI9.jpg	AMEATGRI9.jpg	NOKEY	MAX	NOKEY
1449002960707	0	lts_1201L_38_01	38	01	1	387	0	0	1	FA	572	Acocktailumb4.jpg	Acocktailumb4.jpg	SPACE	619	NOKEY
1449002963781	0	lts_1201L_38_01	38	01	1	388	0	0	0	CR	MAX	16/23007415.thl.jpg	23007415.thl.jpg	NOKEY	MAX	NOKEY
1449002966855	0	lts_1201L_38_01	38	01	1	389	0	0	0	CR	MAX	Abinder6.jpg	Abinder6.jpg	NOKEY	MAX	NOKEY
1449002969930	0	lts_1201L_38_01	38	01	1	390	0	0	0	CR	MAX	32/AMEDCONTA.jpg	AMEDCONTA.jpg	NOKEY	MAX	NOKEY
1449002973005	0	lts_1201L_38_01	38	01	1	391	0	0	0	CR	MAX	16/A25PINCON.jpg	A25PINCON.jpg	NOKEY	MAX	NOKEY
1449002976080	0	lts_1201L_38_01	38	01	1	392	8	1	0	Miss	MAX	8-0/Afoodgrinder2.jpg	Afoodgrinder2.jpg	NOKEY	MAX	SPACE
1449002977433	0	lts_1201L_38_01	38	01	1	393	0	0	1	FA	875	AARTIHAN5.jpg	AARTIHAN5.jpg	SPACE	918	NOKEY
1449002980524	0	lts_1201L_38_01	38	01	1	394	0	0	0	CR	MAX	4/pacifierthermometer.jpg	pacifierthermometer.jpg	NOKEY	MAX	NOKEY
1449002983598	0	lts_1201L_38_01	38	01	1	395	0	0	0	CR	MAX	Ainflatablem6.jpg	Ainflatablem6.jpg	NOKEY	MAX	NOKEY
1449002986673	0	lts_1201L_38_01	38	01	1	396	0	0	0	CR	MAX	23041782.thl.jpg	23041782.thl.jpg	NOKEY	MAX	NOKEY
1449002989781	0	lts_1201L_38_01	38	01	1	397	0	0	0	CR	MAX	26384554.thl.jpg	26384554.thl.jpg	NOKEY	MAX	NOKEY
1449002992855	0	lts_1201L_38_01	38	01	1	398	4	1	0	Miss	MAX	4-2/pacifierthermometer.jpg	pacifierthermometer.jpg	NOKEY	MAX	SPACE
1449002995929	0	lts_1201L_38_01	38	01	1	399	0	0	0	CR	MAX	scrunchie.jpg	scrunchie.jpg	NOKEY	MAX	NOKEY
1449002999005	0	lts_1201L_38_01	38	01	1	400	0	0	0	CR	MAX	A1OCLOC2.jpg	A1OCLOC2.jpg	NOKEY	MAX	NOKEY
1449003002080	0	lts_1201L_38_01	38	01	1	401	00	1	0	Miss	MAX	00-across/ACUTLERY5.jpg	ACUTLERY5.jpg	NOKEY	MAX	SPACE
1449003005221	0	lts_1201L_38_01	38	01	1	402	0	0	0	CR	MAX	ASNOWSH11.jpg	ASNOWSH11.jpg	NOKEY	MAX	NOKEY
1449003008312	0	lts_1201L_38_01	38	01	1	403	0	0	0	CR	MAX	Aeggsandwich6.jpg	Aeggsandwich6.jpg	NOKEY	MAX	NOKEY
1449003011387	0	lts_1201L_38_01	38	01	1	404	16	1	0	Miss	MAX	16-first/23007415.thl.jpg	23007415.thl.jpg	NOKEY	MAX	SPACE
1449003014494	0	lts_1201L_38_01	38	01	1	405	0	0	0	CR	MAX	Apenandcase10.jpg	Apenandcase10.jpg	NOKEY	MAX	NOKEY
1449003017585	0	lts_1201L_38_01	38	01	1	406	0	0	0	CR	MAX	launmower.jpg	launmower.jpg	NOKEY	MAX	NOKEY
1449003020343	0	lts_1201L_38_01	38	01	1	407	16	1	1	Hit	2278	16-first/A25PINCON.jpg	A25PINCON.jpg	SPACE	2323	SPACE
1449003023434	0	lts_1201L_38_01	38	01	1	408	0	0	0	CR	MAX	ACANOPEN6.jpg	ACANOPEN6.jpg	NOKEY	MAX	NOKEY
1449003026508	0	lts_1201L_38_01	38	01	1	409	2	1	0	Miss	MAX	2-mul/A25PINCON.jpg	A25PINCON.jpg	NOKEY	MAX	SPACE
1449003029599	0	lts_1201L_38_01	38	01	1	410	0	0	0	CR	MAX	Aabacus.jpg	Aabacus.jpg	NOKEY	MAX	NOKEY
1449003032690	0	lts_1201L_38_01	38	01	1	411	0	0	0	CR	MAX	2/Abicyclekick2.jpg	Abicyclekick2.jpg	NOKEY	MAX	NOKEY
1449003035764	0	lts_1201L_38_01	38	01	1	412	0	0	0	CR	MAX	26421740.thl.jpg	26421740.thl.jpg	NOKEY	MAX	NOKEY
1449003038855	0	lts_1201L_38_01	38	01	1	413	2	1	0	Miss	MAX	2-8/Abicyclekick2.jpg	Abicyclekick2.jpg	NOKEY	MAX	SPACE
1449003041930	0	lts_1201L_38_01	38	01	1	414	0	0	0	CR	MAX	1/26425025.thl.jpg	26425025.thl.jpg	NOKEY	MAX	NOKEY
1449003043318	0	lts_1201L_38_01	38	01	1	415	1	1	1	Hit	907	1-7/26425025.thl.jpg	26425025.thl.jpg	SPACE	953	SPACE
1449003046409	0	lts_1201L_38_01	38	01	1	416	0	0	0	CR	MAX	APUMPCOOK.jpg	APUMPCOOK.jpg	NOKEY	MAX	NOKEY
1449003049483	0	lts_1201L_38_01	38	01	1	417	128	1	0	Miss	MAX	128-7/26451168.thl.jpg	26451168.thl.jpg	NOKEY	MAX	SPACE
1449003052557	0	lts_1201L_38_01	38	01	1	418	0	0	0	CR	MAX	Azucchini9.jpg	Azucchini9.jpg	NOKEY	MAX	NOKEY
1449003055632	0	lts_1201L_38_01	38	01	1	419	0	0	0	CR	MAX	ASNOWTOY2.jpg	ASNOWTOY2.jpg	NOKEY	MAX	NOKEY
1449003058706	0	lts_1201L_38_01	38	01	1	420	16	1	0	Miss	MAX	16-mul/23007415.thl.jpg	23007415.thl.jpg	NOKEY	MAX	SPACE
1449003061797	0	lts_1201L_38_01	38	01	1	421	0	0	0	CR	MAX	8/AMAGGLASS.jpg	AMAGGLASS.jpg	NOKEY	MAX	NOKEY
1449003064872	0	lts_1201L_38_01	38	01	1	422	32	1	0	Miss	MAX	32-0/AMEDCONTA.jpg	AMEDCONTA.jpg	NOKEY	MAX	SPACE
1449003067963	0	lts_1201L_38_01	38	01	1	423	0	0	0	CR	MAX	Chevypickup.jpg	Chevypickup.jpg	NOKEY	MAX	NOKEY
1449003071055	0	lts_1201L_38_01	38	01	1	424	0	0	0	CR	MAX	Afaucet9.jpg	Afaucet9.jpg	NOKEY	MAX	NOKEY
1449003074130	0	lts_1201L_38_01	38	01	1	425	0	0	0	CR	MAX	Awoodenegg.jpg	Awoodenegg.jpg	NOKEY	MAX	NOKEY
1449003077204	0	lts_1201L_38_01	38	01	1	426	0	0	0	CR	MAX	ADRUM12.jpg	ADRUM12.jpg	NOKEY	MAX	NOKEY
1449003080279	0	lts_1201L_38_01	38	01	1	427	128	1	0	Miss	MAX	128-1/Arockingchai5.jpg	Arockingchai5.jpg	NOKEY	MAX	SPACE
1449003083370	0	lts_1201L_38_01	38	01	1	428	0	0	0	CR	MAX	vatslheart.jpg	vatslheart.jpg	NOKEY	MAX	NOKEY
1449003086444	0	lts_1201L_38_01	38	01	1	429	8	1	0	Miss	MAX	8-first/AMAGGLASS.jpg	AMAGGLASS.jpg	NOKEY	MAX	SPACE
1449003089535	0	lts_1201L_38_01	38	01	1	430	0	0	0	CR	MAX	8/26437068.thl.jpg	26437068.thl.jpg	NOKEY	MAX	NOKEY
1449003092609	0	lts_1201L_38_01	38	01	1	431	0	0	0	CR	MAX	1/26444138.thl.jpg	26444138.thl.jpg	NOKEY	MAX	NOKEY
1449003094865	0	lts_1201L_38_01	38	01	1	432	1	1	1	Hit	1787	1-8/26444138.thl.jpg	26444138.thl.jpg	SPACE	1821	SPACE
1449003097939	0	lts_1201L_38_01	38	01	1	433	0	0	0	CR	MAX	B_makeupbag.jpg	B_makeupbag.jpg	NOKEY	MAX	NOKEY
1449003101015	0	lts_1201L_38_01	38	01	1	434	128	1	0	Miss	MAX	128-2/Aredandbluef2.jpg	Aredandbluef2.jpg	NOKEY	MAX	SPACE
1449003104089	0	lts_1201L_38_01	38	01	1	435	0	0	0	CR	MAX	Athimble2.jpg	Athimble2.jpg	NOKEY	MAX	NOKEY
1449003107181	0	lts_1201L_38_01	38	01	1	436	0	0	0	CR	MAX	Aornament89.jpg	Aornament89.jpg	NOKEY	MAX	NOKEY
1449003110272	0	lts_1201L_38_01	38	01	1	437	0	0	0	CR	MAX	AHARPSIC5.jpg	AHARPSIC5.jpg	NOKEY	MAX	NOKEY
1449003113346	0	lts_1201L_38_01	38	01	1	438	8	1	0	Miss	MAX	8-first/26437068.thl.jpg	26437068.thl.jpg	NOKEY	MAX	SPACE
1449003116421	0	lts_1201L_38_01	38	01	1	439	0	0	0	CR	MAX	26467460.thl.jpg	26467460.thl.jpg	NOKEY	MAX	NOKEY
1449003119494	0	lts_1201L_38_01	38	01	1	440	2	1	0	Miss	MAX	2-mul/26437068.thl.jpg	26437068.thl.jpg	NOKEY	MAX	SPACE
1449003122586	0	lts_1201L_38_01	38	01	1	441	0	0	0	CR	MAX	Agolfbag.jpg	Agolfbag.jpg	NOKEY	MAX	NOKEY
1449003125693	0	lts_1201L_38_01	38	01	1	442	0	0	0	CR	MAX	Ajewisho2.jpg	Ajewisho2.jpg	NOKEY	MAX	NOKEY
1449003128801	0	lts_1201L_38_01	38	01	1	443	0	0	0	CR	MAX	10049566.thl.jpg	10049566.thl.jpg	NOKEY	MAX	NOKEY
1449003131876	0	lts_1201L_38_01	38	01	1	444	0	0	0	CR	MAX	8021410.thl.jpg	8021410.thl.jpg	NOKEY	MAX	NOKEY
1449003134950	0	lts_1201L_38_01	38	01	1	445	16	1	0	Miss	MAX	16-mul/AMAGGLASS.jpg	AMAGGLASS.jpg	NOKEY	MAX	SPACE
1449003138026	0	lts_1201L_38_01	38	01	1	446	0	0	0	CR	MAX	fireking-file-cabinet.jpg	fireking-file-cabinet.jpg	NOKEY	MAX	NOKEY
1449003141100	0	lts_1201L_38_01	38	01	1	447	0	0	0	CR	MAX	22827540.thl.jpg	22827540.thl.jpg	NOKEY	MAX	NOKEY
1449003144191	0	lts_1201L_38_01	38	01	1	448	0	0	0	CR	MAX	wok.jpg	wok.jpg	NOKEY	MAX	NOKEY
1449003147283	0	lts_1201L_38_01	38	01	1	449	0	0	0	CR	MAX	locomotive.jpg	locomotive.jpg	NOKEY	MAX	NOKEY
1449003212245	0	E	Logging Ends
