1446572868451	0	B	Logging Begins
1446572993882	0	lts_1103L_15_01	15	01	0	0	0	0	0	CR	MAX	ACOFFPOT7.jpg	ACOFFPOT7.jpg	NOKEY	MAX	NOKEY
1446572996958	0	lts_1103L_15_01	15	01	0	1	0	0	0	CR	MAX	Aclothespin2.jpg	Aclothespin2.jpg	NOKEY	MAX	NOKEY
1446573000035	0	lts_1103L_15_01	15	01	0	2	0	0	0	CR	MAX	ABEARIN28.jpg	ABEARIN28.jpg	NOKEY	MAX	NOKEY
1446573003111	0	lts_1103L_15_01	15	01	0	3	0	0	0	CR	MAX	1/Aopenbriefcas.jpg	Aopenbriefcas.jpg	NOKEY	MAX	NOKEY
1446573004198	0	lts_1103L_15_01	15	01	0	4	1	1	1	Hit	602	1-1/Aopenbriefcas.jpg	Aopenbriefcas.jpg	SPACE	651	SPACE
1446573007274	0	lts_1103L_15_01	15	01	0	5	0	0	0	CR	MAX	128/Athreeholepu6.jpg	Athreeholepu6.jpg	NOKEY	MAX	NOKEY
1446573010350	0	lts_1103L_15_01	15	01	0	6	0	0	0	CR	MAX	slide.jpg	slide.jpg	NOKEY	MAX	NOKEY
1446573013426	0	lts_1103L_15_01	15	01	0	7	0	0	0	CR	MAX	Atrafficsign2.jpg	Atrafficsign2.jpg	NOKEY	MAX	NOKEY
1446573016501	0	lts_1103L_15_01	15	01	0	8	0	0	0	CR	MAX	Ayoungbobcat.jpg	Ayoungbobcat.jpg	NOKEY	MAX	NOKEY
1446573019577	0	lts_1103L_15_01	15	01	0	9	0	0	0	CR	MAX	16/ABALLBEAR.jpg	ABALLBEAR.jpg	NOKEY	MAX	NOKEY
1446573022653	0	lts_1103L_15_01	15	01	0	10	0	0	0	CR	MAX	AHOSPWAS2.jpg	AHOSPWAS2.jpg	NOKEY	MAX	NOKEY
1446573025746	0	lts_1103L_15_01	15	01	0	11	0	0	0	CR	MAX	Ajuicer27.jpg	Ajuicer27.jpg	NOKEY	MAX	NOKEY
1446573028822	0	lts_1103L_15_01	15	01	0	12	0	0	0	CR	MAX	1/Abandage3.jpg	Abandage3.jpg	NOKEY	MAX	NOKEY
1446573029842	0	lts_1103L_15_01	15	01	0	13	1	1	1	Hit	549	1-13/Abandage3.jpg	Abandage3.jpg	SPACE	586	SPACE
1446573032918	0	lts_1103L_15_01	15	01	0	14	0	0	0	CR	MAX	AFIREPUTE.jpg	AFIREPUTE.jpg	NOKEY	MAX	NOKEY
1446573035994	0	lts_1103L_15_01	15	01	0	15	0	0	0	CR	MAX	2/AANTRAD24.jpg	AANTRAD24.jpg	NOKEY	MAX	NOKEY
1446573039071	0	lts_1103L_15_01	15	01	0	16	0	0	0	CR	MAX	128/Ainflatablem6.jpg	Ainflatablem6.jpg	NOKEY	MAX	NOKEY
1446573040392	0	lts_1103L_15_01	15	01	0	17	2	1	1	Hit	836	2-6/AANTRAD24.jpg	AANTRAD24.jpg	SPACE	885	SPACE
1446573043467	0	lts_1103L_15_01	15	01	0	18	0	0	0	CR	MAX	AHONEY.jpg	AHONEY.jpg	NOKEY	MAX	NOKEY
1446573046543	0	lts_1103L_15_01	15	01	0	19	0	0	0	CR	MAX	26556936.thl.jpg	26556936.thl.jpg	NOKEY	MAX	NOKEY
1446573049619	0	lts_1103L_15_01	15	01	0	20	0	0	0	CR	MAX	AMEASDEVI.jpg	AMEASDEVI.jpg	NOKEY	MAX	NOKEY
1446573052695	0	lts_1103L_15_01	15	01	0	21	0	0	0	CR	MAX	2/broccoli.jpg	broccoli.jpg	NOKEY	MAX	NOKEY
1446573055771	0	lts_1103L_15_01	15	01	0	22	0	0	0	CR	MAX	AGLASSBO7.jpg	AGLASSBO7.jpg	NOKEY	MAX	NOKEY
1446573056791	0	lts_1103L_15_01	15	01	0	23	2	1	1	Hit	545	2-12/broccoli.jpg	broccoli.jpg	SPACE	586	SPACE
1446573059867	0	lts_1103L_15_01	15	01	0	24	0	0	0	CR	MAX	Abackaccesso4.jpg	Abackaccesso4.jpg	NOKEY	MAX	NOKEY
1446573060920	0	lts_1103L_15_01	15	01	0	25	16	1	1	Hit	582	16-first/ABALLBEAR.jpg	ABALLBEAR.jpg	SPACE	619	SPACE
1446573063996	0	lts_1103L_15_01	15	01	0	26	0	0	0	CR	MAX	1/Anetworkplug4.jpg	Anetworkplug4.jpg	NOKEY	MAX	NOKEY
1446573064949	0	lts_1103L_15_01	15	01	0	27	1	1	1	Hit	480	1-4/Anetworkplug4.jpg	Anetworkplug4.jpg	SPACE	517	SPACE
1446573068026	0	lts_1103L_15_01	15	01	0	28	0	0	0	CR	MAX	128/22857084.thl.jpg	22857084.thl.jpg	NOKEY	MAX	NOKEY
1446573069029	0	lts_1103L_15_01	15	01	0	29	4	1	1	Hit	530	4-mul/ABALLBEAR.jpg	ABALLBEAR.jpg	SPACE	567	SPACE
1446573072105	0	lts_1103L_15_01	15	01	0	30	0	0	0	CR	MAX	AARTOOTH2.jpg	AARTOOTH2.jpg	NOKEY	MAX	NOKEY
1446573075181	0	lts_1103L_15_01	15	01	0	31	0	0	0	CR	MAX	8/ASTAR.jpg	ASTAR.jpg	NOKEY	MAX	NOKEY
1446573076285	0	lts_1103L_15_01	15	01	0	32	0	0	1	FA	624	D_podium.jpg	D_podium.jpg	SPACE	668	NOKEY
1446573079361	0	lts_1103L_15_01	15	01	0	33	0	0	0	CR	MAX	8/AROUNDFR3.jpg	AROUNDFR3.jpg	NOKEY	MAX	NOKEY
1446573082436	0	lts_1103L_15_01	15	01	0	34	0	0	0	CR	MAX	ASEWINGT4.jpg	ASEWINGT4.jpg	NOKEY	MAX	NOKEY
1446573085512	0	lts_1103L_15_01	15	01	0	35	0	0	0	CR	MAX	Aantiquejuke2.jpg	Aantiquejuke2.jpg	NOKEY	MAX	NOKEY
1446573088588	0	lts_1103L_15_01	15	01	0	36	0	0	0	CR	MAX	Aruler12.jpg	Aruler12.jpg	NOKEY	MAX	NOKEY
1446573091664	0	lts_1103L_15_01	15	01	0	37	0	0	0	CR	MAX	scrunchie.jpg	scrunchie.jpg	NOKEY	MAX	NOKEY
1446573094740	0	lts_1103L_15_01	15	01	0	38	0	0	0	CR	MAX	AMANGO.jpg	AMANGO.jpg	NOKEY	MAX	NOKEY
1446573096028	0	lts_1103L_15_01	15	01	0	39	8	1	1	Hit	804	8-2/ASTAR.jpg	ASTAR.jpg	SPACE	852	SPACE
1446573099104	0	lts_1103L_15_01	15	01	0	40	0	0	0	CR	MAX	26424443.thl.jpg	26424443.thl.jpg	NOKEY	MAX	NOKEY
1446573100608	0	lts_1103L_15_01	15	01	0	41	8	1	1	Hit	1032	8-first/AROUNDFR3.jpg	AROUNDFR3.jpg	SPACE	1070	SPACE
1446573103684	0	lts_1103L_15_01	15	01	0	42	0	0	0	CR	MAX	Acoatrack5.jpg	Acoatrack5.jpg	NOKEY	MAX	NOKEY
1446573106794	0	lts_1103L_15_01	15	01	0	43	0	0	0	CR	MAX	2/AMICRO67.jpg	AMICRO67.jpg	NOKEY	MAX	NOKEY
1446573109870	0	lts_1103L_15_01	15	01	0	44	0	0	0	CR	MAX	4/26421583.thl.jpg	26421583.thl.jpg	NOKEY	MAX	NOKEY
1446573110873	0	lts_1103L_15_01	15	01	0	45	2	1	1	Hit	524	2-0/AMICRO67.jpg	AMICRO67.jpg	SPACE	569	SPACE
1446573113949	0	lts_1103L_15_01	15	01	0	46	0	0	0	CR	MAX	Aceramicjug16.jpg	Aceramicjug16.jpg	NOKEY	MAX	NOKEY
1446573117026	0	lts_1103L_15_01	15	01	0	47	0	0	0	CR	MAX	26684634.thl.jpg	26684634.thl.jpg	NOKEY	MAX	NOKEY
1446573118179	0	lts_1103L_15_01	15	01	0	48	4	1	1	Hit	677	4-5/26421583.thl.jpg	26421583.thl.jpg	SPACE	718	SPACE
1446573121256	0	lts_1103L_15_01	15	01	0	49	0	0	0	CR	MAX	26428540.thl.jpg	26428540.thl.jpg	NOKEY	MAX	NOKEY
1446573124332	0	lts_1103L_15_01	15	01	0	50	32	1	0	Miss	MAX	32/butterflycross-stitch.jpg	butterflycross-stitch.jpg	NOKEY	MAX	SPACE
1446573127408	0	lts_1103L_15_01	15	01	0	51	0	0	0	CR	MAX	Agreencup2.jpg	Agreencup2.jpg	NOKEY	MAX	NOKEY
1446573130483	0	lts_1103L_15_01	15	01	0	52	0	0	0	CR	MAX	AALIEN.jpg	AALIEN.jpg	NOKEY	MAX	NOKEY
1446573133575	0	lts_1103L_15_01	15	01	0	53	0	0	0	CR	MAX	2/gingerroot.jpg	gingerroot.jpg	NOKEY	MAX	NOKEY
1446573136652	0	lts_1103L_15_01	15	01	0	54	0	0	0	CR	MAX	Aantiquebuck2.jpg	Aantiquebuck2.jpg	NOKEY	MAX	NOKEY
1446573137721	0	lts_1103L_15_01	15	01	0	55	2	1	1	Hit	596	2-10/gingerroot.jpg	gingerroot.jpg	SPACE	636	SPACE
1446573140798	0	lts_1103L_15_01	15	01	0	56	0	0	0	CR	MAX	311-863-217.jpg	311-863-217.jpg	NOKEY	MAX	NOKEY
1446573141801	0	lts_1103L_15_01	15	01	0	57	16	1	1	Hit	520	16-mul/AROUNDFR3.jpg	AROUNDFR3.jpg	SPACE	570	SPACE
1446573144877	0	lts_1103L_15_01	15	01	0	58	0	0	0	CR	MAX	26420956.thl.jpg	26420956.thl.jpg	NOKEY	MAX	NOKEY
1446573147953	0	lts_1103L_15_01	15	01	0	59	0	0	0	CR	MAX	64/Ablouse2.jpg	Ablouse2.jpg	NOKEY	MAX	NOKEY
1446573151030	0	lts_1103L_15_01	15	01	0	60	0	0	0	CR	MAX	2/26439504.thl.jpg	26439504.thl.jpg	NOKEY	MAX	NOKEY
1446573154106	0	lts_1103L_15_01	15	01	0	61	0	0	0	CR	MAX	A3leafcl4.jpg	A3leafcl4.jpg	NOKEY	MAX	NOKEY
1446573155109	0	lts_1103L_15_01	15	01	0	62	2	1	1	Hit	527	2-1/26439504.thl.jpg	26439504.thl.jpg	SPACE	568	SPACE
1446573158185	0	lts_1103L_15_01	15	01	0	63	0	0	0	CR	MAX	Atrailer5.jpg	Atrailer5.jpg	NOKEY	MAX	NOKEY
1446573161261	0	lts_1103L_15_01	15	01	0	64	0	0	0	CR	MAX	16/drumsticks01.jpg	drumsticks01.jpg	NOKEY	MAX	NOKEY
1446573164337	0	lts_1103L_15_01	15	01	0	65	0	0	0	CR	MAX	Atoyboat10.jpg	Atoyboat10.jpg	NOKEY	MAX	NOKEY
1446573167413	0	lts_1103L_15_01	15	01	0	66	0	0	0	CR	MAX	26437107.thl.jpg	26437107.thl.jpg	NOKEY	MAX	NOKEY
1446573170488	0	lts_1103L_15_01	15	01	0	67	0	0	0	CR	MAX	1/26391173.thl.jpg	26391173.thl.jpg	NOKEY	MAX	NOKEY
1446573171426	0	lts_1103L_15_01	15	01	0	68	1	1	1	Hit	465	1-0/26391173.thl.jpg	26391173.thl.jpg	SPACE	502	SPACE
1446573174501	0	lts_1103L_15_01	15	01	0	69	0	0	0	CR	MAX	32/26387587.thl.jpg	26387587.thl.jpg	NOKEY	MAX	NOKEY
1446573177577	0	lts_1103L_15_01	15	01	0	70	0	0	0	CR	MAX	AGOUDA.jpg	AGOUDA.jpg	NOKEY	MAX	NOKEY
1446573180653	0	lts_1103L_15_01	15	01	0	71	0	0	0	CR	MAX	4/26418207.thl.jpg	26418207.thl.jpg	NOKEY	MAX	NOKEY
1446573181739	0	lts_1103L_15_01	15	01	0	72	0	0	1	FA	618	Achest20.jpg	Achest20.jpg	SPACE	653	NOKEY
1446573184815	0	lts_1103L_15_01	15	01	0	73	0	0	0	CR	MAX	APUTTER.jpg	APUTTER.jpg	NOKEY	MAX	NOKEY
1446573187891	0	lts_1103L_15_01	15	01	0	74	0	0	0	CR	MAX	ABAGGROCE.jpg	ABAGGROCE.jpg	NOKEY	MAX	NOKEY
1446573189012	0	lts_1103L_15_01	15	01	0	75	4	1	1	Hit	642	4-6/26418207.thl.jpg	26418207.thl.jpg	SPACE	685	SPACE
1446573192089	0	lts_1103L_15_01	15	01	0	76	0	0	0	CR	MAX	26432175.thl.jpg	26432175.thl.jpg	NOKEY	MAX	NOKEY
1446573195165	0	lts_1103L_15_01	15	01	0	77	0	0	0	CR	MAX	Akazoo2.jpg	Akazoo2.jpg	NOKEY	MAX	NOKEY
1446573198241	0	lts_1103L_15_01	15	01	0	78	0	0	0	CR	MAX	36407647.thl.jpg	36407647.thl.jpg	NOKEY	MAX	NOKEY
1446573201317	0	lts_1103L_15_01	15	01	0	79	0	0	0	CR	MAX	16/Atombstone17.jpg	Atombstone17.jpg	NOKEY	MAX	NOKEY
1446573202303	0	lts_1103L_15_01	15	01	0	80	16	1	1	Hit	507	16-0/drumsticks01.jpg	drumsticks01.jpg	SPACE	551	SPACE
1446573205379	0	lts_1103L_15_01	15	01	0	81	0	0	0	CR	MAX	ACROWNPEN.jpg	ACROWNPEN.jpg	NOKEY	MAX	NOKEY
1446573206432	0	lts_1103L_15_01	15	01	0	82	32	1	1	Hit	580	32-1/butterflycross-stitch.jpg	butterflycross-stitch.jpg	SPACE	618	SPACE
1446573209507	0	lts_1103L_15_01	15	01	0	83	0	0	0	CR	MAX	Ajacket12.jpg	Ajacket12.jpg	NOKEY	MAX	NOKEY
1446573212584	0	lts_1103L_15_01	15	01	0	84	32	1	0	Miss	MAX	32/QD-HEad.jpg	QD-HEad.jpg	NOKEY	MAX	SPACE
1446573215660	0	lts_1103L_15_01	15	01	0	85	0	0	0	CR	MAX	batteries-a.jpg	batteries-a.jpg	NOKEY	MAX	NOKEY
1446573218736	0	lts_1103L_15_01	15	01	0	86	0	0	0	CR	MAX	Atoyelephant.jpg	Atoyelephant.jpg	NOKEY	MAX	NOKEY
1446573221812	0	lts_1103L_15_01	15	01	0	87	0	0	0	CR	MAX	tuxedo.jpg	tuxedo.jpg	NOKEY	MAX	NOKEY
1446573224888	0	lts_1103L_15_01	15	01	0	88	0	0	0	CR	MAX	driedprune.jpg	driedprune.jpg	NOKEY	MAX	NOKEY
1446573227964	0	lts_1103L_15_01	15	01	0	89	0	0	0	CR	MAX	Awildberries.jpg	Awildberries.jpg	NOKEY	MAX	NOKEY
1446573231041	0	lts_1103L_15_01	15	01	0	90	0	0	0	CR	MAX	1/ATEETH7.jpg	ATEETH7.jpg	NOKEY	MAX	NOKEY
1446573231926	0	lts_1103L_15_01	15	01	0	91	1	1	1	Hit	411	1-12/ATEETH7.jpg	ATEETH7.jpg	SPACE	451	SPACE
1446573235003	0	lts_1103L_15_01	15	01	0	92	0	0	0	CR	MAX	Aairtank7.jpg	Aairtank7.jpg	NOKEY	MAX	NOKEY
1446573238079	0	lts_1103L_15_01	15	01	0	93	0	0	0	CR	MAX	AARTIFLE2.jpg	AARTIFLE2.jpg	NOKEY	MAX	NOKEY
1446573241155	0	lts_1103L_15_01	15	01	0	94	0	0	0	CR	MAX	AHANDRAK.jpg	AHANDRAK.jpg	NOKEY	MAX	NOKEY
1446573242275	0	lts_1103L_15_01	15	01	0	95	16	1	1	Hit	640	16-first/Atombstone17.jpg	Atombstone17.jpg	SPACE	684	SPACE
1446573245351	0	lts_1103L_15_01	15	01	0	96	0	0	0	CR	MAX	Atintelephone.jpg	Atintelephone.jpg	NOKEY	MAX	NOKEY
1446573248427	0	lts_1103L_15_01	15	01	0	97	0	0	0	CR	MAX	Acampingstov9.jpg	Acampingstov9.jpg	NOKEY	MAX	NOKEY
1446573251502	0	lts_1103L_15_01	15	01	0	98	0	0	0	CR	MAX	15870946.thl.jpg	15870946.thl.jpg	NOKEY	MAX	NOKEY
1446573254579	0	lts_1103L_15_01	15	01	0	99	0	0	0	CR	MAX	AMAGGLASS.jpg	AMAGGLASS.jpg	NOKEY	MAX	NOKEY
1446573257655	0	lts_1103L_15_01	15	01	0	100	0	0	0	CR	MAX	Acomputer9.jpg	Acomputer9.jpg	NOKEY	MAX	NOKEY
1446573258741	0	lts_1103L_15_01	15	01	0	101	32	1	1	Hit	609	32-4/26387587.thl.jpg	26387587.thl.jpg	SPACE	653	SPACE
1446573261817	0	lts_1103L_15_01	15	01	0	102	0	0	0	CR	MAX	AHUNTVES2.jpg	AHUNTVES2.jpg	NOKEY	MAX	NOKEY
1446573263323	0	lts_1103L_15_01	15	01	0	103	0	0	1	FA	1031	AJUMAR.jpg	AJUMAR.jpg	SPACE	1070	NOKEY
1446573266399	0	lts_1103L_15_01	15	01	0	104	0	0	0	CR	MAX	32/Asandgarden.jpg	Asandgarden.jpg	NOKEY	MAX	NOKEY
1446573269474	0	lts_1103L_15_01	15	01	0	105	0	0	0	CR	MAX	2/ASALAMI.jpg	ASALAMI.jpg	NOKEY	MAX	NOKEY
1446573270761	0	lts_1103L_15_01	15	01	0	106	0	0	1	FA	817	APAGODAMO.jpg	APAGODAMO.jpg	SPACE	853	NOKEY
1446573272350	0	lts_1103L_15_01	15	01	0	107	2	1	1	Hit	1119	2-2/ASALAMI.jpg	ASALAMI.jpg	SPACE	1153	SPACE
1446573275427	0	lts_1103L_15_01	15	01	0	108	0	0	0	CR	MAX	Atoy35.jpg	Atoy35.jpg	NOKEY	MAX	NOKEY
1446573278502	0	lts_1103L_15_01	15	01	0	109	0	0	0	CR	MAX	16/Abootscrubber.jpg	Abootscrubber.jpg	NOKEY	MAX	NOKEY
1446573281578	0	lts_1103L_15_01	15	01	0	110	0	0	0	CR	MAX	Aaircompress2.jpg	Aaircompress2.jpg	NOKEY	MAX	NOKEY
1446573282698	0	lts_1103L_15_01	15	01	0	111	16	1	1	Hit	648	16-mul/Atombstone17.jpg	Atombstone17.jpg	SPACE	687	SPACE
1446573285774	0	lts_1103L_15_01	15	01	0	112	0	0	0	CR	MAX	8254014.thl.jpg	8254014.thl.jpg	NOKEY	MAX	NOKEY
1446573288850	0	lts_1103L_15_01	15	01	0	113	0	0	0	CR	MAX	Acomputerbag.jpg	Acomputerbag.jpg	NOKEY	MAX	NOKEY
1446573291926	0	lts_1103L_15_01	15	01	0	114	0	0	0	CR	MAX	Atool198.jpg	Atool198.jpg	NOKEY	MAX	NOKEY
1446573295003	0	lts_1103L_15_01	15	01	0	115	0	0	0	CR	MAX	26374146.thl.jpg	26374146.thl.jpg	NOKEY	MAX	NOKEY
1446573296190	0	lts_1103L_15_01	15	01	0	116	32	1	1	Hit	704	32-0/QD-HEad.jpg	QD-HEad.jpg	SPACE	752	SPACE
1446573299266	0	lts_1103L_15_01	15	01	0	117	0	0	0	CR	MAX	shavingcream01.jpg	shavingcream01.jpg	NOKEY	MAX	NOKEY
1446573302342	0	lts_1103L_15_01	15	01	0	118	0	0	0	CR	MAX	64/Afoodproces27.jpg	Afoodproces27.jpg	NOKEY	MAX	NOKEY
1446573305418	0	lts_1103L_15_01	15	01	0	119	0	0	0	CR	MAX	2/AFRYPAN7.jpg	AFRYPAN7.jpg	NOKEY	MAX	NOKEY
1446573308493	0	lts_1103L_15_01	15	01	0	120	0	0	0	CR	MAX	64/ARECORDC2.jpg	ARECORDC2.jpg	NOKEY	MAX	NOKEY
1446573309797	0	lts_1103L_15_01	15	01	0	121	2	1	1	Hit	825	2-3/AFRYPAN7.jpg	AFRYPAN7.jpg	SPACE	870	SPACE
1446573312873	0	lts_1103L_15_01	15	01	0	122	0	0	0	CR	MAX	APERSRUG.jpg	APERSRUG.jpg	NOKEY	MAX	NOKEY
1446573314011	0	lts_1103L_15_01	15	01	0	123	64	1	1	Hit	667	64-first/Ablouse2.jpg	Ablouse2.jpg	SPACE	702	SPACE
1446573317087	0	lts_1103L_15_01	15	01	0	124	0	0	0	CR	MAX	Ahorse23.jpg	Ahorse23.jpg	NOKEY	MAX	NOKEY
1446573318274	0	lts_1103L_15_01	15	01	0	125	16	1	1	Hit	717	16-first/Abootscrubber.jpg	Abootscrubber.jpg	SPACE	751	SPACE
1446573321350	0	lts_1103L_15_01	15	01	0	126	0	0	0	CR	MAX	Ababseat2.jpg	Ababseat2.jpg	NOKEY	MAX	NOKEY
1446573322387	0	lts_1103L_15_01	15	01	0	127	4	1	1	Hit	553	4-mul/Ablouse2.jpg	Ablouse2.jpg	SPACE	601	SPACE
1446573325462	0	lts_1103L_15_01	15	01	0	128	0	0	0	CR	MAX	Aroadsignin15.jpg	Aroadsignin15.jpg	NOKEY	MAX	NOKEY
1446573328538	0	lts_1103L_15_01	15	01	0	129	0	0	0	CR	MAX	Abellows4.jpg	Abellows4.jpg	NOKEY	MAX	NOKEY
1446573331614	0	lts_1103L_15_01	15	01	0	130	0	0	0	CR	MAX	16/ALIQBOOK.jpg	ALIQBOOK.jpg	NOKEY	MAX	NOKEY
1446573333320	0	lts_1103L_15_01	15	01	0	131	0	0	1	FA	1224	ANEWSBOX4.jpg	ANEWSBOX4.jpg	SPACE	1271	NOKEY
1446573336396	0	lts_1103L_15_01	15	01	0	132	0	0	0	CR	MAX	supersmilefloss.jpg	supersmilefloss.jpg	NOKEY	MAX	NOKEY
1446573337866	0	lts_1103L_15_01	15	01	0	133	128	1	1	Hit	993	128-4/Athreeholepu6.jpg	Athreeholepu6.jpg	SPACE	1035	SPACE
1446573340942	0	lts_1103L_15_01	15	01	0	134	0	0	0	CR	MAX	4/ATALSTAN3.jpg	ATALSTAN3.jpg	NOKEY	MAX	NOKEY
1446573344019	0	lts_1103L_15_01	15	01	0	135	0	0	0	CR	MAX	APILLS9.jpg	APILLS9.jpg	NOKEY	MAX	NOKEY
1446573345257	0	lts_1103L_15_01	15	01	0	136	32	1	1	Hit	756	32-5/Asandgarden.jpg	Asandgarden.jpg	SPACE	801	SPACE
1446573348333	0	lts_1103L_15_01	15	01	0	137	0	0	0	CR	MAX	ABOXVIALS.jpg	ABOXVIALS.jpg	NOKEY	MAX	NOKEY
1446573349652	0	lts_1103L_15_01	15	01	0	138	4	1	1	Hit	842	4-9/ATALSTAN3.jpg	ATALSTAN3.jpg	SPACE	886	SPACE
1446573352728	0	lts_1103L_15_01	15	01	0	139	0	0	0	CR	MAX	128/ACHINBRB4.jpg	ACHINBRB4.jpg	NOKEY	MAX	NOKEY
1446573355804	0	lts_1103L_15_01	15	01	0	140	0	0	0	CR	MAX	AFERRAF40.jpg	AFERRAF40.jpg	NOKEY	MAX	NOKEY
1446573357310	0	lts_1103L_15_01	15	01	0	141	16	1	1	Hit	1028	16-mul/Abootscrubber.jpg	Abootscrubber.jpg	SPACE	1070	SPACE
1446573360386	0	lts_1103L_15_01	15	01	0	142	0	0	0	CR	MAX	DSCN3767-sm.jpg	DSCN3767-sm.jpg	NOKEY	MAX	NOKEY
1446573363461	0	lts_1103L_15_01	15	01	0	143	0	0	0	CR	MAX	26423905.thl.jpg	26423905.thl.jpg	NOKEY	MAX	NOKEY
1446573366537	0	lts_1103L_15_01	15	01	0	144	128	1	0	Miss	MAX	128-5/Ainflatablem6.jpg	Ainflatablem6.jpg	NOKEY	MAX	SPACE
1446573369613	0	lts_1103L_15_01	15	01	0	145	0	0	0	CR	MAX	8/Atool12.jpg	Atool12.jpg	NOKEY	MAX	NOKEY
1446573370734	0	lts_1103L_15_01	15	01	0	146	16	1	1	Hit	641	16-first/ALIQBOOK.jpg	ALIQBOOK.jpg	SPACE	686	SPACE
1446573373809	0	lts_1103L_15_01	15	01	0	147	0	0	0	CR	MAX	ABOWARRO8.jpg	ABOWARRO8.jpg	NOKEY	MAX	NOKEY
1446573374813	0	lts_1103L_15_01	15	01	0	148	2	1	1	Hit	522	2-mul/ALIQBOOK.jpg	ALIQBOOK.jpg	SPACE	569	SPACE
1446573377905	0	lts_1103L_15_01	15	01	0	149	0	0	0	CR	MAX	2/AELEMENT2.jpg	AELEMENT2.jpg	NOKEY	MAX	NOKEY
1446573380981	0	lts_1103L_15_01	15	01	0	150	0	0	0	CR	MAX	Abicyclerepa3.jpg	Abicyclerepa3.jpg	NOKEY	MAX	NOKEY
1446573382253	0	lts_1103L_15_01	15	01	0	151	2	1	1	Hit	790	2-5/AELEMENT2.jpg	AELEMENT2.jpg	SPACE	836	SPACE
1446573385329	0	lts_1103L_15_01	15	01	0	152	0	0	0	CR	MAX	8/Asandal7.jpg	Asandal7.jpg	NOKEY	MAX	NOKEY
1446573386515	0	lts_1103L_15_01	15	01	0	153	8	1	1	Hit	702	8-1/Atool12.jpg	Atool12.jpg	SPACE	752	SPACE
1446573389591	0	lts_1103L_15_01	15	01	0	154	0	0	0	CR	MAX	Atoybird10.jpg	Atoybird10.jpg	NOKEY	MAX	NOKEY
1446573392667	0	lts_1103L_15_01	15	01	0	155	0	0	0	CR	MAX	8/Areindeer2.jpg	Areindeer2.jpg	NOKEY	MAX	NOKEY
1446573393704	0	lts_1103L_15_01	15	01	0	156	128	1	1	Hit	546	128-1/22857084.thl.jpg	22857084.thl.jpg	SPACE	586	SPACE
1446573396780	0	lts_1103L_15_01	15	01	0	157	0	0	0	CR	MAX	1/AHEARTES3.jpg	AHEARTES3.jpg	NOKEY	MAX	NOKEY
1446573397933	0	lts_1103L_15_01	15	01	0	158	1	1	1	Hit	676	1-3/AHEARTES3.jpg	AHEARTES3.jpg	SPACE	719	SPACE
1446573401010	0	lts_1103L_15_01	15	01	0	159	0	0	0	CR	MAX	ABOOK23.jpg	ABOOK23.jpg	NOKEY	MAX	NOKEY
1446573402231	0	lts_1103L_15_01	15	01	0	160	8	1	1	Hit	748	8-0/Asandal7.jpg	Asandal7.jpg	SPACE	784	SPACE
1446573405307	0	lts_1103L_15_01	15	01	0	161	0	0	0	CR	MAX	128/AWATERFL3.jpg	AWATERFL3.jpg	NOKEY	MAX	NOKEY
1446573408383	0	lts_1103L_15_01	15	01	0	162	0	0	0	CR	MAX	22826448.thl.jpg	22826448.thl.jpg	NOKEY	MAX	NOKEY
1446573409435	0	lts_1103L_15_01	15	01	0	163	8	1	1	Hit	581	8-first/Areindeer2.jpg	Areindeer2.jpg	SPACE	619	SPACE
1446573412511	0	lts_1103L_15_01	15	01	0	164	0	0	0	CR	MAX	Arooster15.jpg	Arooster15.jpg	NOKEY	MAX	NOKEY
1446573414384	0	lts_1103L_15_01	15	01	0	165	2	1	1	Hit	1389	2-mul/Areindeer2.jpg	Areindeer2.jpg	SPACE	1437	SPACE
1446573417460	0	lts_1103L_15_01	15	01	0	166	0	0	0	CR	MAX	2/AEXERCBIK.jpg	AEXERCBIK.jpg	NOKEY	MAX	NOKEY
1446573419400	0	lts_1103L_15_01	15	01	0	167	0	0	1	FA	1461	4/Agourd8.jpg	Agourd8.jpg	SPACE	1505	NOKEY
1446573420719	0	lts_1103L_15_01	15	01	0	168	2	1	1	Hit	838	2-9/AEXERCBIK.jpg	AEXERCBIK.jpg	SPACE	886	SPACE
1446573423796	0	lts_1103L_15_01	15	01	0	169	0	0	0	CR	MAX	Apocketwatch.jpg	Apocketwatch.jpg	NOKEY	MAX	NOKEY
1446573426872	0	lts_1103L_15_01	15	01	0	170	0	0	0	CR	MAX	igloo.jpg	igloo.jpg	NOKEY	MAX	NOKEY
1446573427875	0	lts_1103L_15_01	15	01	0	171	4	1	1	Hit	522	4-3/Agourd8.jpg	Agourd8.jpg	SPACE	569	SPACE
1446573430951	0	lts_1103L_15_01	15	01	0	172	0	0	0	CR	MAX	Adog120.jpg	Adog120.jpg	NOKEY	MAX	NOKEY
1446573434028	0	lts_1103L_15_01	15	01	0	173	0	0	0	CR	MAX	16/AANTHAT2.jpg	AANTHAT2.jpg	NOKEY	MAX	NOKEY
1446573437104	0	lts_1103L_15_01	15	01	0	174	0	0	0	CR	MAX	AANTICOT.jpg	AANTICOT.jpg	NOKEY	MAX	NOKEY
1446573440180	0	lts_1103L_15_01	15	01	0	175	0	0	0	CR	MAX	rollerblades.jpg	rollerblades.jpg	NOKEY	MAX	NOKEY
1446573443256	0	lts_1103L_15_01	15	01	0	176	0	0	0	CR	MAX	AARTDUCK3.jpg	AARTDUCK3.jpg	NOKEY	MAX	NOKEY
1446573446332	0	lts_1103L_15_01	15	01	0	177	0	0	0	CR	MAX	1/Achocolateice.jpg	Achocolateice.jpg	NOKEY	MAX	NOKEY
1446573447185	0	lts_1103L_15_01	15	01	0	178	1	1	1	Hit	372	1-6/Achocolateice.jpg	Achocolateice.jpg	SPACE	417	SPACE
1446573450261	0	lts_1103L_15_01	15	01	0	179	0	0	0	CR	MAX	ACAMPFIRE.jpg	ACAMPFIRE.jpg	NOKEY	MAX	NOKEY
1446573453337	0	lts_1103L_15_01	15	01	0	180	0	0	0	CR	MAX	Alobster10.jpg	Alobster10.jpg	NOKEY	MAX	NOKEY
1446573456413	0	lts_1103L_15_01	15	01	0	181	0	0	0	CR	MAX	ACAT6.jpg	ACAT6.jpg	NOKEY	MAX	NOKEY
1446573459488	0	lts_1103L_15_01	15	01	0	182	64	1	0	Miss	MAX	64-first/Afoodproces27.jpg	Afoodproces27.jpg	NOKEY	MAX	SPACE
1446573462564	0	lts_1103L_15_01	15	01	0	183	0	0	0	CR	MAX	Asword138.jpg	Asword138.jpg	NOKEY	MAX	NOKEY
1446573463885	0	lts_1103L_15_01	15	01	0	184	64	1	1	Hit	836	64-first/ARECORDC2.jpg	ARECORDC2.jpg	SPACE	887	SPACE
1446573466961	0	lts_1103L_15_01	15	01	0	185	0	0	0	CR	MAX	AKITE5.jpg	AKITE5.jpg	NOKEY	MAX	NOKEY
1446573470038	0	lts_1103L_15_01	15	01	0	186	0	0	0	CR	MAX	128/26455774.thl.jpg	26455774.thl.jpg	NOKEY	MAX	NOKEY
1446573473114	0	lts_1103L_15_01	15	01	0	187	0	0	0	CR	MAX	Aseahorse4.jpg	Aseahorse4.jpg	NOKEY	MAX	NOKEY
1446573475070	0	lts_1103L_15_01	15	01	0	188	0	0	1	FA	1478	AMAILBO28.jpg	AMAILBO28.jpg	SPACE	1521	NOKEY
1446573476207	0	lts_1103L_15_01	15	01	0	189	16	1	1	Hit	662	16-first/AANTHAT2.jpg	AANTHAT2.jpg	SPACE	702	SPACE
1446573479283	0	lts_1103L_15_01	15	01	0	190	0	0	0	CR	MAX	Abicyclegear2.jpg	Abicyclegear2.jpg	NOKEY	MAX	NOKEY
1446573482359	0	lts_1103L_15_01	15	01	0	191	0	0	0	CR	MAX	Abluebabybug4.jpg	Abluebabybug4.jpg	NOKEY	MAX	NOKEY
1446573485435	0	lts_1103L_15_01	15	01	0	192	0	0	0	CR	MAX	Acontrolpane2.jpg	Acontrolpane2.jpg	NOKEY	MAX	NOKEY
1446573486454	0	lts_1103L_15_01	15	01	0	193	4	1	1	Hit	550	4-mul/AANTHAT2.jpg	AANTHAT2.jpg	SPACE	587	SPACE
1446573489530	0	lts_1103L_15_01	15	01	0	194	0	0	0	CR	MAX	26432109.thl.jpg	26432109.thl.jpg	NOKEY	MAX	NOKEY
1446573492606	0	lts_1103L_15_01	15	01	0	195	0	0	0	CR	MAX	8/ADESKLA12.jpg	ADESKLA12.jpg	NOKEY	MAX	NOKEY
1446573495682	0	lts_1103L_15_01	15	01	0	196	0	0	0	CR	MAX	AANTJUG.jpg	AANTJUG.jpg	NOKEY	MAX	NOKEY
1446573498775	0	lts_1103L_15_01	15	01	0	197	0	0	0	CR	MAX	Ahulahoop2.jpg	Ahulahoop2.jpg	NOKEY	MAX	NOKEY
1446573499995	0	lts_1103L_15_01	15	01	0	198	16	1	1	Hit	738	16-mul/Afoodproces27.jpg	Afoodproces27.jpg	SPACE	786	SPACE
1446573503072	0	lts_1103L_15_01	15	01	0	199	0	0	0	CR	MAX	cranemachine.jpg	cranemachine.jpg	NOKEY	MAX	NOKEY
1446573504075	0	lts_1103L_15_01	15	01	0	200	16	1	1	Hit	529	16-mul/ARECORDC2.jpg	ARECORDC2.jpg	SPACE	567	SPACE
1446573507151	0	lts_1103L_15_01	15	01	0	201	0	0	0	CR	MAX	Adinningroomt.jpg	Adinningroomt.jpg	NOKEY	MAX	NOKEY
1446573510227	0	lts_1103L_15_01	15	01	0	202	0	0	0	CR	MAX	4/clawhairclips.jpg	clawhairclips.jpg	NOKEY	MAX	NOKEY
1446573511281	0	lts_1103L_15_01	15	01	0	203	8	1	1	Hit	576	8-first/ADESKLA12.jpg	ADESKLA12.jpg	SPACE	617	SPACE
1446573514373	0	lts_1103L_15_01	15	01	0	204	0	0	0	CR	MAX	ABEARIN12.jpg	ABEARIN12.jpg	NOKEY	MAX	NOKEY
1446573517448	0	lts_1103L_15_01	15	01	0	205	0	0	0	CR	MAX	Abottleofchi2.jpg	Abottleofchi2.jpg	NOKEY	MAX	NOKEY
1446573518535	0	lts_1103L_15_01	15	01	0	206	4	1	1	Hit	611	4-1/clawhairclips.jpg	clawhairclips.jpg	SPACE	653	SPACE
1446573521611	0	lts_1103L_15_01	15	01	0	207	0	0	0	CR	MAX	1/Abrownbagwith.jpg	Abrownbagwith.jpg	NOKEY	MAX	NOKEY
1446573522547	0	lts_1103L_15_01	15	01	0	208	1	1	1	Hit	458	1-14/Abrownbagwith.jpg	Abrownbagwith.jpg	SPACE	502	SPACE
1446573525623	0	lts_1103L_15_01	15	01	0	209	0	0	0	CR	MAX	ANAPKIN4.jpg	ANAPKIN4.jpg	NOKEY	MAX	NOKEY
1446573528699	0	lts_1103L_15_01	15	01	0	210	0	0	0	CR	MAX	16/Acastingladl2.jpg	Acastingladl2.jpg	NOKEY	MAX	NOKEY
1446573531775	0	lts_1103L_15_01	15	01	0	211	0	0	0	CR	MAX	ASPARKER2.jpg	ASPARKER2.jpg	NOKEY	MAX	NOKEY
1446573534852	0	lts_1103L_15_01	15	01	0	212	0	0	0	CR	MAX	64/Aavocado7.jpg	Aavocado7.jpg	NOKEY	MAX	NOKEY
1446573537928	0	lts_1103L_15_01	15	01	0	213	0	0	0	CR	MAX	potato.jpg	potato.jpg	NOKEY	MAX	NOKEY
1446573541005	0	lts_1103L_15_01	15	01	0	214	0	0	0	CR	MAX	AAFRICI13.jpg	AAFRICI13.jpg	NOKEY	MAX	NOKEY
1446573544081	0	lts_1103L_15_01	15	01	0	215	0	0	0	CR	MAX	26687176.thl.jpg	26687176.thl.jpg	NOKEY	MAX	NOKEY
1446573547157	0	lts_1103L_15_01	15	01	0	216	0	0	0	CR	MAX	ACENTRIF5.jpg	ACENTRIF5.jpg	NOKEY	MAX	NOKEY
1446573550233	0	lts_1103L_15_01	15	01	0	217	0	0	0	CR	MAX	Alampsanddes5.jpg	Alampsanddes5.jpg	NOKEY	MAX	NOKEY
1446573551502	0	lts_1103L_15_01	15	01	0	218	0	0	1	FA	788	23025535.thl.jpg	23025535.thl.jpg	SPACE	836	NOKEY
1446573552923	0	lts_1103L_15_01	15	01	0	219	16	1	1	Hit	942	16-mul/ADESKLA12.jpg	ADESKLA12.jpg	SPACE	986	SPACE
1446573556001	0	lts_1103L_15_01	15	01	0	220	0	0	0	CR	MAX	Areceptacle3.jpg	Areceptacle3.jpg	NOKEY	MAX	NOKEY
1446573559077	0	lts_1103L_15_01	15	01	0	221	0	0	0	CR	MAX	32/AEARING49.jpg	AEARING49.jpg	NOKEY	MAX	NOKEY
1446573560881	0	lts_1103L_15_01	15	01	0	222	0	0	1	FA	1334	16/AGARDHOSE.jpg	AGARDHOSE.jpg	SPACE	1370	NOKEY
1446573563957	0	lts_1103L_15_01	15	01	0	223	0	0	0	CR	MAX	burrito.jpg	burrito.jpg	NOKEY	MAX	NOKEY
1446573567034	0	lts_1103L_15_01	15	01	0	224	0	0	0	CR	MAX	Abicyclekick2.jpg	Abicyclekick2.jpg	NOKEY	MAX	NOKEY
1446573570110	0	lts_1103L_15_01	15	01	0	225	0	0	0	CR	MAX	8/Aleaf74.jpg	Aleaf74.jpg	NOKEY	MAX	NOKEY
1446573573186	0	lts_1103L_15_01	15	01	0	226	16	1	0	Miss	MAX	16-first/Acastingladl2.jpg	Acastingladl2.jpg	NOKEY	MAX	SPACE
1446573576262	0	lts_1103L_15_01	15	01	0	227	0	0	0	CR	MAX	AHARMONS2.jpg	AHARMONS2.jpg	NOKEY	MAX	NOKEY
1446573577332	0	lts_1103L_15_01	15	01	0	228	2	1	1	Hit	584	2-mul/Acastingladl2.jpg	Acastingladl2.jpg	SPACE	634	SPACE
1446573580408	0	lts_1103L_15_01	15	01	0	229	0	0	0	CR	MAX	AGLASSTRO.jpg	AGLASSTRO.jpg	NOKEY	MAX	NOKEY
1446573583483	0	lts_1103L_15_01	15	01	0	230	0	0	0	CR	MAX	1/ABLAKPOT3.jpg	ABLAKPOT3.jpg	NOKEY	MAX	NOKEY
1446573584537	0	lts_1103L_15_01	15	01	0	231	1	1	1	Hit	567	1-8/ABLAKPOT3.jpg	ABLAKPOT3.jpg	SPACE	603	SPACE
1446573587613	0	lts_1103L_15_01	15	01	0	232	0	0	0	CR	MAX	128/ABAGEL.jpg	ABAGEL.jpg	NOKEY	MAX	NOKEY
1446573588716	0	lts_1103L_15_01	15	01	0	233	8	1	1	Hit	620	8-first/Aleaf74.jpg	Aleaf74.jpg	SPACE	670	SPACE
1446573591792	0	lts_1103L_15_01	15	01	0	234	0	0	0	CR	MAX	Acandle109.jpg	Acandle109.jpg	NOKEY	MAX	NOKEY
1446573594868	0	lts_1103L_15_01	15	01	0	235	0	0	0	CR	MAX	8/8077486.thl.jpg	8077486.thl.jpg	NOKEY	MAX	NOKEY
1446573597944	0	lts_1103L_15_01	15	01	0	236	0	0	0	CR	MAX	AMINICYM6.jpg	AMINICYM6.jpg	NOKEY	MAX	NOKEY
1446573601021	0	lts_1103L_15_01	15	01	0	237	0	0	0	CR	MAX	Alei23.jpg	Alei23.jpg	NOKEY	MAX	NOKEY
1446573602125	0	lts_1103L_15_01	15	01	0	238	16	1	1	Hit	632	16-1/AGARDHOSE.jpg	AGARDHOSE.jpg	SPACE	668	SPACE
1446573605201	0	lts_1103L_15_01	15	01	0	239	0	0	0	CR	MAX	16/APALLETT2.jpg	APALLETT2.jpg	NOKEY	MAX	NOKEY
1446573608277	0	lts_1103L_15_01	15	01	0	240	0	0	0	CR	MAX	Aframedpainti.jpg	Aframedpainti.jpg	NOKEY	MAX	NOKEY
1446573611353	0	lts_1103L_15_01	15	01	0	241	0	0	0	CR	MAX	darkwador.jpg	darkwador.jpg	NOKEY	MAX	NOKEY
1446573614429	0	lts_1103L_15_01	15	01	0	242	0	0	0	CR	MAX	buffalowings.jpg	buffalowings.jpg	NOKEY	MAX	NOKEY
1446573615515	0	lts_1103L_15_01	15	01	0	243	8	1	1	Hit	608	8-first/8077486.thl.jpg	8077486.thl.jpg	SPACE	652	SPACE
1446573618591	0	lts_1103L_15_01	15	01	0	244	0	0	0	CR	MAX	Aclockradio4.jpg	Aclockradio4.jpg	NOKEY	MAX	NOKEY
1446573619661	0	lts_1103L_15_01	15	01	0	245	2	1	1	Hit	584	2-mul/8077486.thl.jpg	8077486.thl.jpg	SPACE	620	SPACE
1446573622737	0	lts_1103L_15_01	15	01	0	246	0	0	0	CR	MAX	oignonrings.jpg	oignonrings.jpg	NOKEY	MAX	NOKEY
1446573625813	0	lts_1103L_15_01	15	01	0	247	0	0	0	CR	MAX	26431414.thl.jpg	26431414.thl.jpg	NOKEY	MAX	NOKEY
1446573628889	0	lts_1103L_15_01	15	01	0	248	0	0	0	CR	MAX	8080484.thl.jpg	8080484.thl.jpg	NOKEY	MAX	NOKEY
1446573629925	0	lts_1103L_15_01	15	01	0	249	16	1	1	Hit	558	16-mul/Aleaf74.jpg	Aleaf74.jpg	SPACE	602	SPACE
1446573633002	0	lts_1103L_15_01	15	01	0	250	0	0	0	CR	MAX	ADRIARRA2.jpg	ADRIARRA2.jpg	NOKEY	MAX	NOKEY
1446573636078	0	lts_1103L_15_01	15	01	0	251	0	0	0	CR	MAX	Ababydec4.jpg	Ababydec4.jpg	NOKEY	MAX	NOKEY
1446573639155	0	lts_1103L_15_01	15	01	0	252	0	0	0	CR	MAX	Aasianbuildin.jpg	Aasianbuildin.jpg	NOKEY	MAX	NOKEY
1446573640441	0	lts_1103L_15_01	15	01	0	253	32	1	1	Hit	801	32-2/AEARING49.jpg	AEARING49.jpg	SPACE	853	SPACE
1446573643534	0	lts_1103L_15_01	15	01	0	254	0	0	0	CR	MAX	36407726.thl.jpg	36407726.thl.jpg	NOKEY	MAX	NOKEY
1446573644570	0	lts_1103L_15_01	15	01	0	255	16	1	1	Hit	560	16-first/APALLETT2.jpg	APALLETT2.jpg	SPACE	603	SPACE
1446573647646	0	lts_1103L_15_01	15	01	0	256	0	0	0	CR	MAX	64/ALAZQUART.jpg	ALAZQUART.jpg	NOKEY	MAX	NOKEY
1446573650722	0	lts_1103L_15_01	15	01	0	257	0	0	0	CR	MAX	8020414.thl.jpg	8020414.thl.jpg	NOKEY	MAX	NOKEY
1446573653798	0	lts_1103L_15_01	15	01	0	258	0	0	0	CR	MAX	10049257.thl.jpg	10049257.thl.jpg	NOKEY	MAX	NOKEY
1446573656874	0	lts_1103L_15_01	15	01	0	259	0	0	0	CR	MAX	26431753.thl.jpg	26431753.thl.jpg	NOKEY	MAX	NOKEY
1446573659950	0	lts_1103L_15_01	15	01	0	260	0	0	0	CR	MAX	4/AROOSTERP.jpg	AROOSTERP.jpg	NOKEY	MAX	NOKEY
1446573661589	0	lts_1103L_15_01	15	01	0	261	0	0	1	FA	1157	26433347.thl.jpg	26433347.thl.jpg	SPACE	1205	NOKEY
1446573664665	0	lts_1103L_15_01	15	01	0	262	0	0	0	CR	MAX	32/hammer01.jpg	hammer01.jpg	NOKEY	MAX	NOKEY
1446573667741	0	lts_1103L_15_01	15	01	0	263	0	0	0	CR	MAX	ABREAD.jpg	ABREAD.jpg	NOKEY	MAX	NOKEY
1446573670834	0	lts_1103L_15_01	15	01	0	264	4	1	0	Miss	MAX	4-10/AROOSTERP.jpg	AROOSTERP.jpg	NOKEY	MAX	SPACE
1446573673910	0	lts_1103L_15_01	15	01	0	265	0	0	0	CR	MAX	4/Abreastpump2.jpg	Abreastpump2.jpg	NOKEY	MAX	NOKEY
1446573677003	0	lts_1103L_15_01	15	01	0	266	0	0	0	CR	MAX	football.JPG	football.JPG	NOKEY	MAX	NOKEY
1446573678374	0	lts_1103L_15_01	15	01	0	267	128	1	1	Hit	886	128-3/ACHINBRB4.jpg	ACHINBRB4.jpg	SPACE	935	SPACE
1446573681449	0	lts_1103L_15_01	15	01	0	268	0	0	0	CR	MAX	weepwalker.jpg	weepwalker.jpg	NOKEY	MAX	NOKEY
1446573684526	0	lts_1103L_15_01	15	01	0	269	4	1	0	Miss	MAX	4-11/Abreastpump2.jpg	Abreastpump2.jpg	NOKEY	MAX	SPACE
1446573687602	0	lts_1103L_15_01	15	01	0	270	0	0	0	CR	MAX	Acentipede4.jpg	Acentipede4.jpg	NOKEY	MAX	NOKEY
1446573688605	0	lts_1103L_15_01	15	01	0	271	16	1	1	Hit	532	16-mul/APALLETT2.jpg	APALLETT2.jpg	SPACE	570	SPACE
1446573691681	0	lts_1103L_15_01	15	01	0	272	0	0	0	CR	MAX	ABORKEHOR.jpg	ABORKEHOR.jpg	NOKEY	MAX	NOKEY
1446573694757	0	lts_1103L_15_01	15	01	0	273	0	0	0	CR	MAX	26434250.thl.jpg	26434250.thl.jpg	NOKEY	MAX	NOKEY
1446573697833	0	lts_1103L_15_01	15	01	0	274	0	0	0	CR	MAX	Acrackersandc.jpg	Acrackersandc.jpg	NOKEY	MAX	NOKEY
1446573700909	0	lts_1103L_15_01	15	01	0	275	0	0	0	CR	MAX	4/Acamera111.jpg	Acamera111.jpg	NOKEY	MAX	NOKEY
1446573702147	0	lts_1103L_15_01	15	01	0	276	64	1	1	Hit	761	64-first/Aavocado7.jpg	Aavocado7.jpg	SPACE	803	SPACE
1446573705223	0	lts_1103L_15_01	15	01	0	277	0	0	0	CR	MAX	bobbypins.JPG	bobbypins.JPG	NOKEY	MAX	NOKEY
1446573708299	0	lts_1103L_15_01	15	01	0	278	0	0	0	CR	MAX	Aeggcup224.jpg	Aeggcup224.jpg	NOKEY	MAX	NOKEY
1446573709569	0	lts_1103L_15_01	15	01	0	279	4	1	1	Hit	791	4-2/Acamera111.jpg	Acamera111.jpg	SPACE	836	SPACE
1446573712645	0	lts_1103L_15_01	15	01	0	280	0	0	0	CR	MAX	2/ABABYSPOO.jpg	ABABYSPOO.jpg	NOKEY	MAX	NOKEY
1446573715721	0	lts_1103L_15_01	15	01	0	281	0	0	0	CR	MAX	outdoorheater.jpg	outdoorheater.jpg	NOKEY	MAX	NOKEY
1446573716724	0	lts_1103L_15_01	15	01	0	282	2	1	1	Hit	524	2-4/ABABYSPOO.jpg	ABABYSPOO.jpg	SPACE	570	SPACE
1446573718463	0	lts_1103L_15_01	15	01	0	283	0	0	1	FA	1259	8018499.thl.jpg	8018499.thl.jpg	SPACE	1305	NOKEY
1446573721539	0	lts_1103L_15_01	15	01	0	284	0	0	0	CR	MAX	26421575.thl.jpg	26421575.thl.jpg	NOKEY	MAX	NOKEY
1446573724615	0	lts_1103L_15_01	15	01	0	285	0	0	0	CR	MAX	64/AOLDMILL2.jpg	AOLDMILL2.jpg	NOKEY	MAX	NOKEY
1446573727691	0	lts_1103L_15_01	15	01	0	286	0	0	0	CR	MAX	1/Abar8.jpg	Abar8.jpg	NOKEY	MAX	NOKEY
1446573728677	0	lts_1103L_15_01	15	01	0	287	1	1	1	Hit	504	1-5/Abar8.jpg	Abar8.jpg	SPACE	553	SPACE
1446573731753	0	lts_1103L_15_01	15	01	0	288	0	0	0	CR	MAX	8/skateboard.jpg	skateboard.jpg	NOKEY	MAX	NOKEY
1446573733175	0	lts_1103L_15_01	15	01	0	289	128	1	1	Hit	941	128-2/AWATERFL3.jpg	AWATERFL3.jpg	SPACE	986	SPACE
1446573736251	0	lts_1103L_15_01	15	01	0	290	0	0	0	CR	MAX	ALACES4.jpg	ALACES4.jpg	NOKEY	MAX	NOKEY
1446573739327	0	lts_1103L_15_01	15	01	0	291	0	0	0	CR	MAX	ATROWEL2.jpg	ATROWEL2.jpg	NOKEY	MAX	NOKEY
1446573740330	0	lts_1103L_15_01	15	01	0	292	16	1	1	Hit	519	16-mul/Aavocado7.jpg	Aavocado7.jpg	SPACE	567	SPACE
1446573743406	0	lts_1103L_15_01	15	01	0	293	0	0	0	CR	MAX	Afoodproces13.jpg	Afoodproces13.jpg	NOKEY	MAX	NOKEY
1446573744726	0	lts_1103L_15_01	15	01	0	294	32	1	1	Hit	838	32-6/hammer01.jpg	hammer01.jpg	SPACE	886	SPACE
1446573747802	0	lts_1103L_15_01	15	01	0	295	0	0	0	CR	MAX	32/Acucumber2.jpg	Acucumber2.jpg	NOKEY	MAX	NOKEY
1446573748872	0	lts_1103L_15_01	15	01	0	296	8	1	1	Hit	589	8-first/skateboard.jpg	skateboard.jpg	SPACE	635	SPACE
1446573751948	0	lts_1103L_15_01	15	01	0	297	0	0	0	CR	MAX	Aradio24.jpg	Aradio24.jpg	NOKEY	MAX	NOKEY
1446573753019	0	lts_1103L_15_01	15	01	0	298	2	1	1	Hit	593	2-mul/skateboard.jpg	skateboard.jpg	SPACE	635	SPACE
1446573756095	0	lts_1103L_15_01	15	01	0	299	0	0	0	CR	MAX	Athimble2.jpg	Athimble2.jpg	NOKEY	MAX	NOKEY
1446573759171	0	lts_1103L_15_01	15	01	0	300	0	0	0	CR	MAX	Aconferencer3.jpg	Aconferencer3.jpg	NOKEY	MAX	NOKEY
1446573762247	0	lts_1103L_15_01	15	01	0	301	0	0	0	CR	MAX	1/8074514.thl.jpg	8074514.thl.jpg	NOKEY	MAX	NOKEY
1446573763200	0	lts_1103L_15_01	15	01	0	302	1	1	1	Hit	471	1-11/8074514.thl.jpg	8074514.thl.jpg	SPACE	517	SPACE
1446573766293	0	lts_1103L_15_01	15	01	0	303	0	0	0	CR	MAX	Amountaingoa2.jpg	Amountaingoa2.jpg	NOKEY	MAX	NOKEY
1446573769369	0	lts_1103L_15_01	15	01	0	304	0	0	0	CR	MAX	4/baseballbat04.jpg	baseballbat04.jpg	NOKEY	MAX	NOKEY
1446573772444	0	lts_1103L_15_01	15	01	0	305	0	0	0	CR	MAX	1/Ameasuringsp5.jpg	Ameasuringsp5.jpg	NOKEY	MAX	NOKEY
1446573773415	0	lts_1103L_15_01	15	01	0	306	1	1	1	Hit	496	1-7/Ameasuringsp5.jpg	Ameasuringsp5.jpg	SPACE	535	SPACE
1446573776490	0	lts_1103L_15_01	15	01	0	307	0	0	0	CR	MAX	ADOGLEAS2.jpg	ADOGLEAS2.jpg	NOKEY	MAX	NOKEY
1446573777493	0	lts_1103L_15_01	15	01	0	308	4	1	1	Hit	528	4-7/baseballbat04.jpg	baseballbat04.jpg	SPACE	570	SPACE
1446573779333	0	lts_1103L_15_01	15	01	0	309	0	0	1	FA	1362	AANBABYCA.jpg	AANBABYCA.jpg	SPACE	1405	NOKEY
1446573782409	0	lts_1103L_15_01	15	01	0	310	0	0	0	CR	MAX	Aearsyringe.jpg	Aearsyringe.jpg	NOKEY	MAX	NOKEY
1446573785501	0	lts_1103L_15_01	15	01	0	311	0	0	0	CR	MAX	26425025.thl.jpg	26425025.thl.jpg	NOKEY	MAX	NOKEY
1446573788577	0	lts_1103L_15_01	15	01	0	312	0	0	0	CR	MAX	Atoyball.jpg	Atoyball.jpg	NOKEY	MAX	NOKEY
1446573791653	0	lts_1103L_15_01	15	01	0	313	0	0	0	CR	MAX	Afan49.jpg	Afan49.jpg	NOKEY	MAX	NOKEY
1446573794746	0	lts_1103L_15_01	15	01	0	314	128	1	0	Miss	MAX	128-7/26455774.thl.jpg	26455774.thl.jpg	NOKEY	MAX	SPACE
1446573797822	0	lts_1103L_15_01	15	01	0	315	0	0	0	CR	MAX	32/Awaffle3.jpg	Awaffle3.jpg	NOKEY	MAX	NOKEY
1446573800898	0	lts_1103L_15_01	15	01	0	316	0	0	0	CR	MAX	ACHAIR.jpg	ACHAIR.jpg	NOKEY	MAX	NOKEY
1446573803974	0	lts_1103L_15_01	15	01	0	317	0	0	0	CR	MAX	Abandleaders2.jpg	Abandleaders2.jpg	NOKEY	MAX	NOKEY
1446573807051	0	lts_1103L_15_01	15	01	0	318	0	0	0	CR	MAX	128/image004.jpg	image004.jpg	NOKEY	MAX	NOKEY
1446573810127	0	lts_1103L_15_01	15	01	0	319	0	0	0	CR	MAX	64/ACASTANET.jpg	ACASTANET.jpg	NOKEY	MAX	NOKEY
1446573811314	0	lts_1103L_15_01	15	01	0	320	64	1	1	Hit	705	64-first/ALAZQUART.jpg	ALAZQUART.jpg	SPACE	752	SPACE
1446573814390	0	lts_1103L_15_01	15	01	0	321	0	0	0	CR	MAX	22856256.thl.jpg	22856256.thl.jpg	NOKEY	MAX	NOKEY
1446573815492	0	lts_1103L_15_01	15	01	0	322	2	1	1	Hit	634	2-mul/ALAZQUART.jpg	ALAZQUART.jpg	SPACE	668	SPACE
1446573818568	0	lts_1103L_15_01	15	01	0	323	0	0	0	CR	MAX	ACHERRY.jpg	ACHERRY.jpg	NOKEY	MAX	NOKEY
1446573821644	0	lts_1103L_15_01	15	01	0	324	0	0	0	CR	MAX	cough_medicine.jpg	cough_medicine.jpg	NOKEY	MAX	NOKEY
1446573824721	0	lts_1103L_15_01	15	01	0	325	0	0	0	CR	MAX	64/hulk.jpg	hulk.jpg	NOKEY	MAX	NOKEY
1446573827797	0	lts_1103L_15_01	15	01	0	326	0	0	0	CR	MAX	22851864.thl.jpg	22851864.thl.jpg	NOKEY	MAX	NOKEY
1446573828833	0	lts_1103L_15_01	15	01	0	327	32	1	1	Hit	562	32-9/Acucumber2.jpg	Acucumber2.jpg	SPACE	603	SPACE
1446573831909	0	lts_1103L_15_01	15	01	0	328	0	0	0	CR	MAX	4/ABLUBLOTT.jpg	ABLUBLOTT.jpg	NOKEY	MAX	NOKEY
1446573834985	0	lts_1103L_15_01	15	01	0	329	0	0	0	CR	MAX	8/26432760.thl.jpg	26432760.thl.jpg	NOKEY	MAX	NOKEY
1446573838062	0	lts_1103L_15_01	15	01	0	330	0	0	0	CR	MAX	22822309.thl.jpg	22822309.thl.jpg	NOKEY	MAX	NOKEY
1446573841138	0	lts_1103L_15_01	15	01	0	331	0	0	0	CR	MAX	AARMYTRUK.jpg	AARMYTRUK.jpg	NOKEY	MAX	NOKEY
1446573842609	0	lts_1103L_15_01	15	01	0	332	4	1	1	Hit	985	4-12/ABLUBLOTT.jpg	ABLUBLOTT.jpg	SPACE	1036	SPACE
1446573845685	0	lts_1103L_15_01	15	01	0	333	0	0	0	CR	MAX	2/8029703.thl.jpg	8029703.thl.jpg	NOKEY	MAX	NOKEY
1446573848777	0	lts_1103L_15_01	15	01	0	334	0	0	0	CR	MAX	Atoy33.jpg	Atoy33.jpg	NOKEY	MAX	NOKEY
1446573849864	0	lts_1103L_15_01	15	01	0	335	2	1	1	Hit	610	2-8/8029703.thl.jpg	8029703.thl.jpg	SPACE	652	SPACE
1446573852940	0	lts_1103L_15_01	15	01	0	336	0	0	0	CR	MAX	scooter.jpg	scooter.jpg	NOKEY	MAX	NOKEY
1446573854061	0	lts_1103L_15_01	15	01	0	337	8	1	1	Hit	645	8-first/26432760.thl.jpg	26432760.thl.jpg	SPACE	685	SPACE
1446573857137	0	lts_1103L_15_01	15	01	0	338	0	0	0	CR	MAX	Atool62.jpg	Atool62.jpg	NOKEY	MAX	NOKEY
1446573860213	0	lts_1103L_15_01	15	01	0	339	0	0	0	CR	MAX	64/Achair618.jpg	Achair618.jpg	NOKEY	MAX	NOKEY
1446573863289	0	lts_1103L_15_01	15	01	0	340	0	0	0	CR	MAX	Aantiquewate3.jpg	Aantiquewate3.jpg	NOKEY	MAX	NOKEY
1446573864693	0	lts_1103L_15_01	15	01	0	341	4	1	1	Hit	925	4-mul/26432760.thl.jpg	26432760.thl.jpg	SPACE	970	SPACE
1446573867769	0	lts_1103L_15_01	15	01	0	342	0	0	0	CR	MAX	23041782.thl.jpg	23041782.thl.jpg	NOKEY	MAX	NOKEY
1446573870845	0	lts_1103L_15_01	15	01	0	343	0	0	0	CR	MAX	AWOODBIN.jpg	AWOODBIN.jpg	NOKEY	MAX	NOKEY
1446573873921	0	lts_1103L_15_01	15	01	0	344	0	0	0	CR	MAX	32/ATOYTREE.jpg	ATOYTREE.jpg	NOKEY	MAX	NOKEY
1446573876997	0	lts_1103L_15_01	15	01	0	345	0	0	0	CR	MAX	ADRUMSET3.jpg	ADRUMSET3.jpg	NOKEY	MAX	NOKEY
1446573880074	0	lts_1103L_15_01	15	01	0	346	0	0	0	CR	MAX	22923440.thl.jpg	22923440.thl.jpg	NOKEY	MAX	NOKEY
1446573881094	0	lts_1103L_15_01	15	01	0	347	32	1	1	Hit	536	32-3/Awaffle3.jpg	Awaffle3.jpg	SPACE	585	SPACE
1446573884170	0	lts_1103L_15_01	15	01	0	348	0	0	0	CR	MAX	Astonecarvin8.jpg	Astonecarvin8.jpg	NOKEY	MAX	NOKEY
1446573885323	0	lts_1103L_15_01	15	01	0	349	64	1	1	Hit	677	64-first/AOLDMILL2.jpg	AOLDMILL2.jpg	SPACE	718	SPACE
1446573888400	0	lts_1103L_15_01	15	01	0	350	0	0	0	CR	MAX	26434546.thl.jpg	26434546.thl.jpg	NOKEY	MAX	NOKEY
1446573891475	0	lts_1103L_15_01	15	01	0	351	0	0	0	CR	MAX	AHANDPRE3.jpg	AHANDPRE3.jpg	NOKEY	MAX	NOKEY
1446573894551	0	lts_1103L_15_01	15	01	0	352	0	0	0	CR	MAX	26441591.thl.jpg	26441591.thl.jpg	NOKEY	MAX	NOKEY
1446573895654	0	lts_1103L_15_01	15	01	0	353	4	1	1	Hit	622	4-mul/AOLDMILL2.jpg	AOLDMILL2.jpg	SPACE	670	SPACE
1446573898730	0	lts_1103L_15_01	15	01	0	354	0	0	0	CR	MAX	22858860.thl.jpg	22858860.thl.jpg	NOKEY	MAX	NOKEY
1446573901806	0	lts_1103L_15_01	15	01	0	355	0	0	0	CR	MAX	ACLAM.jpg	ACLAM.jpg	NOKEY	MAX	NOKEY
1446573904882	0	lts_1103L_15_01	15	01	0	356	0	0	0	CR	MAX	8245207.thl.jpg	8245207.thl.jpg	NOKEY	MAX	NOKEY
1446573907958	0	lts_1103L_15_01	15	01	0	357	0	0	0	CR	MAX	1/pretzel.jpg	pretzel.jpg	NOKEY	MAX	NOKEY
1446573908861	0	lts_1103L_15_01	15	01	0	358	1	1	1	Hit	422	1-9/pretzel.jpg	pretzel.jpg	SPACE	468	SPACE
1446573911937	0	lts_1103L_15_01	15	01	0	359	0	0	0	CR	MAX	Apaperclip6.jpg	Apaperclip6.jpg	NOKEY	MAX	NOKEY
1446573915014	0	lts_1103L_15_01	15	01	0	360	128	1	0	Miss	MAX	128-0/ABAGEL.jpg	ABAGEL.jpg	NOKEY	MAX	SPACE
1446573918090	0	lts_1103L_15_01	15	01	0	361	0	0	0	CR	MAX	Ashelf27.jpg	Ashelf27.jpg	NOKEY	MAX	NOKEY
1446573921166	0	lts_1103L_15_01	15	01	0	362	0	0	0	CR	MAX	16/8021515.thl.jpg	8021515.thl.jpg	NOKEY	MAX	NOKEY
1446573924242	0	lts_1103L_15_01	15	01	0	363	0	0	0	CR	MAX	4/shield.jpg	shield.jpg	NOKEY	MAX	NOKEY
1446573927318	0	lts_1103L_15_01	15	01	0	364	0	0	0	CR	MAX	Agroundhog.jpg	Agroundhog.jpg	NOKEY	MAX	NOKEY
1446573930394	0	lts_1103L_15_01	15	01	0	365	0	0	0	CR	MAX	APROSTLE2.jpg	APROSTLE2.jpg	NOKEY	MAX	NOKEY
1446573933469	0	lts_1103L_15_01	15	01	0	366	0	0	0	CR	MAX	AGERMANH4.jpg	AGERMANH4.jpg	NOKEY	MAX	NOKEY
1446573934590	0	lts_1103L_15_01	15	01	0	367	4	1	1	Hit	651	4-8/shield.jpg	shield.jpg	SPACE	686	SPACE
1446573937666	0	lts_1103L_15_01	15	01	0	368	0	0	0	CR	MAX	8252065.thl.jpg	8252065.thl.jpg	NOKEY	MAX	NOKEY
1446573940742	0	lts_1103L_15_01	15	01	0	369	0	0	0	CR	MAX	ASPRITZER.jpg	ASPRITZER.jpg	NOKEY	MAX	NOKEY
1446573943818	0	lts_1103L_15_01	15	01	0	370	0	0	0	CR	MAX	26432899.thl.jpg	26432899.thl.jpg	NOKEY	MAX	NOKEY
1446573946894	0	lts_1103L_15_01	15	01	0	371	0	0	0	CR	MAX	AANTSTOV6.jpg	AANTSTOV6.jpg	NOKEY	MAX	NOKEY
1446573949970	0	lts_1103L_15_01	15	01	0	372	0	0	0	CR	MAX	2/26456480.thl.jpg	26456480.thl.jpg	NOKEY	MAX	NOKEY
1446573953047	0	lts_1103L_15_01	15	01	0	373	0	0	0	CR	MAX	Chevypickup.jpg	Chevypickup.jpg	NOKEY	MAX	NOKEY
1446573954033	0	lts_1103L_15_01	15	01	0	374	2	1	1	Hit	510	2-11/26456480.thl.jpg	26456480.thl.jpg	SPACE	551	SPACE
1446573957109	0	lts_1103L_15_01	15	01	0	375	0	0	0	CR	MAX	Aclog6.jpg	Aclog6.jpg	NOKEY	MAX	NOKEY
1446573960185	0	lts_1103L_15_01	15	01	0	376	32	1	0	Miss	MAX	32-8/ATOYTREE.jpg	ATOYTREE.jpg	NOKEY	MAX	SPACE
1446573963278	0	lts_1103L_15_01	15	01	0	377	0	0	0	CR	MAX	9815629.thl.jpg	9815629.thl.jpg	NOKEY	MAX	NOKEY
1446573966354	0	lts_1103L_15_01	15	01	0	378	16	1	0	Miss	MAX	16-first/8021515.thl.jpg	8021515.thl.jpg	NOKEY	MAX	SPACE
1446573967524	0	lts_1103L_15_01	15	01	0	379	0	0	1	FA	693	Apercussion16.jpg	Apercussion16.jpg	SPACE	735	NOKEY
1446573969597	0	lts_1103L_15_01	15	01	0	380	2	1	1	Hit	1588	2-mul/8021515.thl.jpg	8021515.thl.jpg	SPACE	1639	SPACE
1446573972673	0	lts_1103L_15_01	15	01	0	381	0	0	0	CR	MAX	Apostalscale2.jpg	Apostalscale2.jpg	NOKEY	MAX	NOKEY
1446573975749	0	lts_1103L_15_01	15	01	0	382	0	0	0	CR	MAX	Aancientston3.jpg	Aancientston3.jpg	NOKEY	MAX	NOKEY
1446573976902	0	lts_1103L_15_01	15	01	0	383	64	1	1	Hit	676	64-first/ACASTANET.jpg	ACASTANET.jpg	SPACE	719	SPACE
1446573979978	0	lts_1103L_15_01	15	01	0	384	0	0	0	CR	MAX	AMAGTABL3.jpg	AMAGTABL3.jpg	NOKEY	MAX	NOKEY
1446573980948	0	lts_1103L_15_01	15	01	0	385	2	1	1	Hit	486	2-mul/ACASTANET.jpg	ACASTANET.jpg	SPACE	535	SPACE
1446573984025	0	lts_1103L_15_01	15	01	0	386	0	0	0	CR	MAX	AJEWELBO3.jpg	AJEWELBO3.jpg	NOKEY	MAX	NOKEY
1446573987101	0	lts_1103L_15_01	15	01	0	387	0	0	0	CR	MAX	Achampagnebo2.jpg	Achampagnebo2.jpg	NOKEY	MAX	NOKEY
1446573990177	0	lts_1103L_15_01	15	01	0	388	0	0	0	CR	MAX	22854108.thl.jpg	22854108.thl.jpg	NOKEY	MAX	NOKEY
1446573991314	0	lts_1103L_15_01	15	01	0	389	64	1	1	Hit	657	64-first/hulk.jpg	hulk.jpg	SPACE	701	SPACE
1446573994390	0	lts_1103L_15_01	15	01	0	390	0	0	0	CR	MAX	Acreamer35.jpg	Acreamer35.jpg	NOKEY	MAX	NOKEY
1446573997465	0	lts_1103L_15_01	15	01	0	391	0	0	0	CR	MAX	Arunningshoe4.jpg	Arunningshoe4.jpg	NOKEY	MAX	NOKEY
1446574000541	0	lts_1103L_15_01	15	01	0	392	0	0	0	CR	MAX	fireking-file-cabinet.jpg	fireking-file-cabinet.jpg	NOKEY	MAX	NOKEY
1446574001594	0	lts_1103L_15_01	15	01	0	393	4	1	1	Hit	579	4-mul/hulk.jpg	hulk.jpg	SPACE	619	SPACE
1446574003450	0	lts_1103L_15_01	15	01	0	394	0	0	1	FA	1381	16/AFLOURSCO.jpg	AFLOURSCO.jpg	SPACE	1422	NOKEY
1446574006526	0	lts_1103L_15_01	15	01	0	395	0	0	0	CR	MAX	2/26419324.thl.jpg	26419324.thl.jpg	NOKEY	MAX	NOKEY
1446574009602	0	lts_1103L_15_01	15	01	0	396	0	0	0	CR	MAX	changepurse03.jpg	changepurse03.jpg	NOKEY	MAX	NOKEY
1446574010672	0	lts_1103L_15_01	15	01	0	397	2	1	1	Hit	595	2-7/26419324.thl.jpg	26419324.thl.jpg	SPACE	636	SPACE
1446574013748	0	lts_1103L_15_01	15	01	0	398	0	0	0	CR	MAX	AFERRY5.jpg	AFERRY5.jpg	NOKEY	MAX	NOKEY
1446574016824	0	lts_1103L_15_01	15	01	0	399	0	0	0	CR	MAX	AFIREPANT.jpg	AFIREPANT.jpg	NOKEY	MAX	NOKEY
1446574019900	0	lts_1103L_15_01	15	01	0	400	0	0	0	CR	MAX	Agarbagebin.jpg	Agarbagebin.jpg	NOKEY	MAX	NOKEY
1446574022976	0	lts_1103L_15_01	15	01	0	401	0	0	0	CR	MAX	ABULLMASK.jpg	ABULLMASK.jpg	NOKEY	MAX	NOKEY
1446574026053	0	lts_1103L_15_01	15	01	0	402	0	0	0	CR	MAX	ATAPEDIS7.jpg	ATAPEDIS7.jpg	NOKEY	MAX	NOKEY
1446574029129	0	lts_1103L_15_01	15	01	0	403	64	1	0	Miss	MAX	64-first/Achair618.jpg	Achair618.jpg	NOKEY	MAX	SPACE
1446574032206	0	lts_1103L_15_01	15	01	0	404	0	0	0	CR	MAX	4/ABACCAMEL.jpg	ABACCAMEL.jpg	NOKEY	MAX	NOKEY
1446574033292	0	lts_1103L_15_01	15	01	0	405	2	1	1	Hit	606	2-mul/Achair618.jpg	Achair618.jpg	SPACE	651	SPACE
1446574036368	0	lts_1103L_15_01	15	01	0	406	0	0	0	CR	MAX	vendingmachine.jpg	vendingmachine.jpg	NOKEY	MAX	NOKEY
1446574039443	0	lts_1103L_15_01	15	01	0	407	0	0	0	CR	MAX	32/26437491.thl.jpg	26437491.thl.jpg	NOKEY	MAX	NOKEY
1446574040563	0	lts_1103L_15_01	15	01	0	408	4	1	1	Hit	635	4-4/ABACCAMEL.jpg	ABACCAMEL.jpg	SPACE	686	SPACE
1446574043639	0	lts_1103L_15_01	15	01	0	409	0	0	0	CR	MAX	AANTIBIK4.jpg	AANTIBIK4.jpg	NOKEY	MAX	NOKEY
1446574044860	0	lts_1103L_15_01	15	01	0	410	16	1	1	Hit	750	16-first/AFLOURSCO.jpg	AFLOURSCO.jpg	SPACE	786	SPACE
1446574047936	0	lts_1103L_15_01	15	01	0	411	0	0	0	CR	MAX	AICEAXE2.jpg	AICEAXE2.jpg	NOKEY	MAX	NOKEY
1446574051013	0	lts_1103L_15_01	15	01	0	412	0	0	0	CR	MAX	ADOMINO.jpg	ADOMINO.jpg	NOKEY	MAX	NOKEY
1446574054089	0	lts_1103L_15_01	15	01	0	413	0	0	0	CR	MAX	26427903.thl.jpg	26427903.thl.jpg	NOKEY	MAX	NOKEY
1446574055092	0	lts_1103L_15_01	15	01	0	414	4	1	1	Hit	530	4-mul/AFLOURSCO.jpg	AFLOURSCO.jpg	SPACE	567	SPACE
1446574058168	0	lts_1103L_15_01	15	01	0	415	0	0	0	CR	MAX	8/whitemalerobe.jpg	whitemalerobe.jpg	NOKEY	MAX	NOKEY
1446574061261	0	lts_1103L_15_01	15	01	0	416	0	0	0	CR	MAX	2/Apenandcase10.jpg	Apenandcase10.jpg	NOKEY	MAX	NOKEY
1446574064337	0	lts_1103L_15_01	15	01	0	417	0	0	0	CR	MAX	AMETALPER.jpg	AMETALPER.jpg	NOKEY	MAX	NOKEY
1446574065657	0	lts_1103L_15_01	15	01	0	418	2	1	1	Hit	842	2-13/Apenandcase10.jpg	Apenandcase10.jpg	SPACE	886	SPACE
1446574068733	0	lts_1103L_15_01	15	01	0	419	0	0	0	CR	MAX	1/Ahappdec4.jpg	Ahappdec4.jpg	NOKEY	MAX	NOKEY
1446574069602	0	lts_1103L_15_01	15	01	0	420	1	1	1	Hit	396	1-10/Ahappdec4.jpg	Ahappdec4.jpg	SPACE	436	SPACE
1446574072678	0	lts_1103L_15_01	15	01	0	421	0	0	0	CR	MAX	AINDIAMA3.jpg	AINDIAMA3.jpg	NOKEY	MAX	NOKEY
1446574075754	0	lts_1103L_15_01	15	01	0	422	0	0	0	CR	MAX	Abeverageingl.jpg	Abeverageingl.jpg	NOKEY	MAX	NOKEY
1446574076841	0	lts_1103L_15_01	15	01	0	423	8	1	1	Hit	607	8-first/whitemalerobe.jpg	whitemalerobe.jpg	SPACE	653	SPACE
1446574079917	0	lts_1103L_15_01	15	01	0	424	0	0	0	CR	MAX	AFIGHTP16.jpg	AFIGHTP16.jpg	NOKEY	MAX	NOKEY
1446574082993	0	lts_1103L_15_01	15	01	0	425	0	0	0	CR	MAX	AGIFTBOX8.jpg	AGIFTBOX8.jpg	NOKEY	MAX	NOKEY
1446574086070	0	lts_1103L_15_01	15	01	0	426	0	0	0	CR	MAX	ACUSTMACH.jpg	ACUSTMACH.jpg	NOKEY	MAX	NOKEY
1446574087006	0	lts_1103L_15_01	15	01	0	427	4	1	1	Hit	454	4-mul/whitemalerobe.jpg	whitemalerobe.jpg	SPACE	500	SPACE
1446574090082	0	lts_1103L_15_01	15	01	0	428	0	0	0	CR	MAX	Abladetablesa.jpg	Abladetablesa.jpg	NOKEY	MAX	NOKEY
1446574093158	0	lts_1103L_15_01	15	01	0	429	0	0	0	CR	MAX	8/ABLLIGHTB.jpg	ABLLIGHTB.jpg	NOKEY	MAX	NOKEY
1446574096234	0	lts_1103L_15_01	15	01	0	430	0	0	0	CR	MAX	4/ferrywheeltoy.jpg	ferrywheeltoy.jpg	NOKEY	MAX	NOKEY
1446574099311	0	lts_1103L_15_01	15	01	0	431	0	0	0	CR	MAX	AWEIGHT7.jpg	AWEIGHT7.jpg	NOKEY	MAX	NOKEY
1446574102387	0	lts_1103L_15_01	15	01	0	432	0	0	0	CR	MAX	Amilkcrate2.jpg	Amilkcrate2.jpg	NOKEY	MAX	NOKEY
1446574105462	0	lts_1103L_15_01	15	01	0	433	0	0	0	CR	MAX	8060342.thl.jpg	8060342.thl.jpg	NOKEY	MAX	NOKEY
1446574107402	0	lts_1103L_15_01	15	01	0	434	4	1	1	Hit	1469	4-0/ferrywheeltoy.jpg	ferrywheeltoy.jpg	SPACE	1505	SPACE
1446574110494	0	lts_1103L_15_01	15	01	0	435	0	0	0	CR	MAX	26451219.thl.jpg	26451219.thl.jpg	NOKEY	MAX	NOKEY
1446574113570	0	lts_1103L_15_01	15	01	0	436	0	0	0	CR	MAX	26437077.thl.jpg	26437077.thl.jpg	NOKEY	MAX	NOKEY
1446574114874	0	lts_1103L_15_01	15	01	0	437	8	1	1	Hit	827	8-first/ABLLIGHTB.jpg	ABLLIGHTB.jpg	SPACE	870	SPACE
1446574117950	0	lts_1103L_15_01	15	01	0	438	0	0	0	CR	MAX	waterfilter.jpg	waterfilter.jpg	NOKEY	MAX	NOKEY
1446574119104	0	lts_1103L_15_01	15	01	0	439	32	1	1	Hit	674	32-7/26437491.thl.jpg	26437491.thl.jpg	SPACE	719	SPACE
1446574122181	0	lts_1103L_15_01	15	01	0	440	0	0	0	CR	MAX	Aegyptianst20.jpg	Aegyptianst20.jpg	NOKEY	MAX	NOKEY
1446574123167	0	lts_1103L_15_01	15	01	0	441	4	1	1	Hit	502	4-mul/ABLLIGHTB.jpg	ABLLIGHTB.jpg	SPACE	551	SPACE
1446574126243	0	lts_1103L_15_01	15	01	0	442	0	0	0	CR	MAX	1/Aclock285.jpg	Aclock285.jpg	NOKEY	MAX	NOKEY
1446574127129	0	lts_1103L_15_01	15	01	0	443	1	1	1	Hit	408	1-2/Aclock285.jpg	Aclock285.jpg	SPACE	451	SPACE
1446574130205	0	lts_1103L_15_01	15	01	0	444	0	0	0	CR	MAX	Atripod5.jpg	Atripod5.jpg	NOKEY	MAX	NOKEY
1446574133281	0	lts_1103L_15_01	15	01	0	445	0	0	0	CR	MAX	ADRILL3.jpg	ADRILL3.jpg	NOKEY	MAX	NOKEY
1446574134435	0	lts_1103L_15_01	15	01	0	446	128	1	1	Hit	669	128-6/image004.jpg	image004.jpg	SPACE	718	SPACE
1446574137526	0	lts_1103L_15_01	15	01	0	447	0	0	0	CR	MAX	ADINROO16.jpg	ADINROO16.jpg	NOKEY	MAX	NOKEY
1446574140602	0	lts_1103L_15_01	15	01	0	448	0	0	0	CR	MAX	footballpads.jpg	footballpads.jpg	NOKEY	MAX	NOKEY
1446574143678	0	lts_1103L_15_01	15	01	0	449	0	0	0	CR	MAX	26451269.thl.jpg	26451269.thl.jpg	NOKEY	MAX	NOKEY
1446574265418	0	lts_1103L_15_01	15	01	1	0	0	0	1	FA	987	Agarbagebag.jpg	Agarbagebag.jpg	SPACE	1038	NOKEY
1446574268493	0	lts_1103L_15_01	15	01	1	1	0	0	0	CR	MAX	4/23076640.thl.jpg	23076640.thl.jpg	NOKEY	MAX	NOKEY
1446574271569	0	lts_1103L_15_01	15	01	1	2	0	0	0	CR	MAX	8/ANAPRINGS.jpg	ANAPRINGS.jpg	NOKEY	MAX	NOKEY
1446574274645	0	lts_1103L_15_01	15	01	1	3	0	0	0	CR	MAX	26687931.thl.jpg	26687931.thl.jpg	NOKEY	MAX	NOKEY
1446574277721	0	lts_1103L_15_01	15	01	1	4	0	0	0	CR	MAX	AARTIVE8.jpg	AARTIVE8.jpg	NOKEY	MAX	NOKEY
1446574278708	0	lts_1103L_15_01	15	01	1	5	4	1	1	Hit	505	4-4/23076640.thl.jpg	23076640.thl.jpg	SPACE	553	SPACE
1446574281834	0	lts_1103L_15_01	15	01	1	6	0	0	0	CR	MAX	bowlingpin.jpg	bowlingpin.jpg	NOKEY	MAX	NOKEY
1446574284910	0	lts_1103L_15_01	15	01	1	7	0	0	0	CR	MAX	APBREAD2.jpg	APBREAD2.jpg	NOKEY	MAX	NOKEY
1446574287986	0	lts_1103L_15_01	15	01	1	8	0	0	0	CR	MAX	Avacuum13.jpg	Avacuum13.jpg	NOKEY	MAX	NOKEY
1446574291063	0	lts_1103L_15_01	15	01	1	9	0	0	0	CR	MAX	AFRUIT3.jpg	AFRUIT3.jpg	NOKEY	MAX	NOKEY
1446574292150	0	lts_1103L_15_01	15	01	1	10	8	1	1	Hit	612	8-first/ANAPRINGS.jpg	ANAPRINGS.jpg	SPACE	651	SPACE
1446574295226	0	lts_1103L_15_01	15	01	1	11	0	0	0	CR	MAX	128/Asaltgrinder.jpg	Asaltgrinder.jpg	NOKEY	MAX	NOKEY
1446574298302	0	lts_1103L_15_01	15	01	1	12	0	0	0	CR	MAX	8/AARMCHA25.jpg	AARMCHA25.jpg	NOKEY	MAX	NOKEY
1446574301378	0	lts_1103L_15_01	15	01	1	13	0	0	0	CR	MAX	Adigitalcamer.jpg	Adigitalcamer.jpg	NOKEY	MAX	NOKEY
1446574302514	0	lts_1103L_15_01	15	01	1	14	4	1	1	Hit	656	4-mul/ANAPRINGS.jpg	ANAPRINGS.jpg	SPACE	702	SPACE
1446574305607	0	lts_1103L_15_01	15	01	1	15	0	0	0	CR	MAX	ABLUCAND5.jpg	ABLUCAND5.jpg	NOKEY	MAX	NOKEY
1446574308683	0	lts_1103L_15_01	15	01	1	16	0	0	0	CR	MAX	32/ACIGCUTT.jpg	ACIGCUTT.jpg	NOKEY	MAX	NOKEY
1446574309819	0	lts_1103L_15_01	15	01	1	17	00	1	1	Hit	663	00-across/broccoli.jpg	broccoli.jpg	SPACE	703	SPACE
1446574312896	0	lts_1103L_15_01	15	01	1	18	0	0	0	CR	MAX	liquid-a.jpg	liquid-a.jpg	NOKEY	MAX	NOKEY
1446574315972	0	lts_1103L_15_01	15	01	1	19	0	0	0	CR	MAX	26432755.thl.jpg	26432755.thl.jpg	NOKEY	MAX	NOKEY
1446574317160	0	lts_1103L_15_01	15	01	1	20	8	1	1	Hit	705	8-first/AARMCHA25.jpg	AARMCHA25.jpg	SPACE	752	SPACE
1446574320236	0	lts_1103L_15_01	15	01	1	21	0	0	0	CR	MAX	8019781.thl.jpg	8019781.thl.jpg	NOKEY	MAX	NOKEY
1446574323312	0	lts_1103L_15_01	15	01	1	22	0	0	0	CR	MAX	64/AELECTHE4.jpg	AELECTHE4.jpg	NOKEY	MAX	NOKEY
1446574326388	0	lts_1103L_15_01	15	01	1	23	0	0	0	CR	MAX	Acameo.jpg	Acameo.jpg	NOKEY	MAX	NOKEY
1446574329463	0	lts_1103L_15_01	15	01	1	24	0	0	0	CR	MAX	APIESERVE.jpg	APIESERVE.jpg	NOKEY	MAX	NOKEY
1446574332539	0	lts_1103L_15_01	15	01	1	25	0	0	0	CR	MAX	128/Aknife76.jpg	Aknife76.jpg	NOKEY	MAX	NOKEY
1446574335615	0	lts_1103L_15_01	15	01	1	26	0	0	0	CR	MAX	1/8056402.thl.jpg	8056402.thl.jpg	NOKEY	MAX	NOKEY
1446574336435	0	lts_1103L_15_01	15	01	1	27	1	1	1	Hit	343	1-9/8056402.thl.jpg	8056402.thl.jpg	SPACE	385	SPACE
1446574339510	0	lts_1103L_15_01	15	01	1	28	0	0	0	CR	MAX	Abowlofporrid.jpg	Abowlofporrid.jpg	NOKEY	MAX	NOKEY
1446574342586	0	lts_1103L_15_01	15	01	1	29	0	0	0	CR	MAX	4/26440026.thl.jpg	26440026.thl.jpg	NOKEY	MAX	NOKEY
1446574345662	0	lts_1103L_15_01	15	01	1	30	0	0	0	CR	MAX	ACHOPBOWL.jpg	ACHOPBOWL.jpg	NOKEY	MAX	NOKEY
1446574348738	0	lts_1103L_15_01	15	01	1	31	0	0	0	CR	MAX	ABOAT16.jpg	ABOAT16.jpg	NOKEY	MAX	NOKEY
1446574351814	0	lts_1103L_15_01	15	01	1	32	0	0	0	CR	MAX	ATOOLS.jpg	ATOOLS.jpg	NOKEY	MAX	NOKEY
1446574354891	0	lts_1103L_15_01	15	01	1	33	4	1	0	Miss	MAX	4-9/26440026.thl.jpg	26440026.thl.jpg	NOKEY	MAX	SPACE
1446574357967	0	lts_1103L_15_01	15	01	1	34	0	0	0	CR	MAX	Abells3.jpg	Abells3.jpg	NOKEY	MAX	NOKEY
1446574361044	0	lts_1103L_15_01	15	01	1	35	0	0	0	CR	MAX	AFOOTST11.jpg	AFOOTST11.jpg	NOKEY	MAX	NOKEY
1446574362097	0	lts_1103L_15_01	15	01	1	36	16	1	1	Hit	582	16-mul/AARMCHA25.jpg	AARMCHA25.jpg	SPACE	618	SPACE
1446574365173	0	lts_1103L_15_01	15	01	1	37	0	0	0	CR	MAX	26387436.thl.jpg	26387436.thl.jpg	NOKEY	MAX	NOKEY
1446574368249	0	lts_1103L_15_01	15	01	1	38	0	0	0	CR	MAX	1/Adayplanner.jpg	Adayplanner.jpg	NOKEY	MAX	NOKEY
1446574369202	0	lts_1103L_15_01	15	01	1	39	1	1	1	Hit	476	1-8/Adayplanner.jpg	Adayplanner.jpg	SPACE	517	SPACE
1446574372278	0	lts_1103L_15_01	15	01	1	40	0	0	0	CR	MAX	128/ACARDFRA2.jpg	ACARDFRA2.jpg	NOKEY	MAX	NOKEY
1446574375354	0	lts_1103L_15_01	15	01	1	41	0	0	0	CR	MAX	32/23077768.thl.jpg	23077768.thl.jpg	NOKEY	MAX	NOKEY
1446574378430	0	lts_1103L_15_01	15	01	1	42	0	0	0	CR	MAX	AELECOMP2.jpg	AELECOMP2.jpg	NOKEY	MAX	NOKEY
1446574381505	0	lts_1103L_15_01	15	01	1	43	0	0	0	CR	MAX	16/ASPACEHE8.jpg	ASPACEHE8.jpg	NOKEY	MAX	NOKEY
1446574384581	0	lts_1103L_15_01	15	01	1	44	0	0	0	CR	MAX	ABATHTUB3.jpg	ABATHTUB3.jpg	NOKEY	MAX	NOKEY
1446574387657	0	lts_1103L_15_01	15	01	1	45	0	0	0	CR	MAX	Acomputerdes8.jpg	Acomputerdes8.jpg	NOKEY	MAX	NOKEY
1446574390733	0	lts_1103L_15_01	15	01	1	46	0	0	0	CR	MAX	64/Azebra8.jpg	Azebra8.jpg	NOKEY	MAX	NOKEY
1446574393809	0	lts_1103L_15_01	15	01	1	47	0	0	0	CR	MAX	128/AANALCIME.jpg	AANALCIME.jpg	NOKEY	MAX	NOKEY
1446574395047	0	lts_1103L_15_01	15	01	1	48	32	1	1	Hit	760	32-8/ACIGCUTT.jpg	ACIGCUTT.jpg	SPACE	802	SPACE
1446574398124	0	lts_1103L_15_01	15	01	1	49	0	0	0	CR	MAX	1/Atoyswing.jpg	Atoyswing.jpg	NOKEY	MAX	NOKEY
1446574399060	0	lts_1103L_15_01	15	01	1	50	1	1	1	Hit	463	1-6/Atoyswing.jpg	Atoyswing.jpg	SPACE	501	SPACE
1446574402136	0	lts_1103L_15_01	15	01	1	51	0	0	0	CR	MAX	2/ATINSTRAP.jpg	ATINSTRAP.jpg	NOKEY	MAX	NOKEY
1446574405212	0	lts_1103L_15_01	15	01	1	52	0	0	0	CR	MAX	Aboxofstaples.jpg	Aboxofstaples.jpg	NOKEY	MAX	NOKEY
1446574406332	0	lts_1103L_15_01	15	01	1	53	2	1	1	Hit	642	2-5/ATINSTRAP.jpg	ATINSTRAP.jpg	SPACE	685	SPACE
1446574409408	0	lts_1103L_15_01	15	01	1	54	0	0	0	CR	MAX	Abicyclehand5.jpg	Abicyclehand5.jpg	NOKEY	MAX	NOKEY
1446574410428	0	lts_1103L_15_01	15	01	1	55	00	1	1	Hit	538	00-across/ferrywheeltoy.jpg	ferrywheeltoy.jpg	SPACE	585	SPACE
1446574413503	0	lts_1103L_15_01	15	01	1	56	0	0	0	CR	MAX	Adog71.jpg	Adog71.jpg	NOKEY	MAX	NOKEY
1446574416579	0	lts_1103L_15_01	15	01	1	57	0	0	0	CR	MAX	ball8.JPG	ball8.JPG	NOKEY	MAX	NOKEY
1446574419655	0	lts_1103L_15_01	15	01	1	58	0	0	0	CR	MAX	MAT-J0150-J0153.jpg	MAT-J0150-J0153.jpg	NOKEY	MAX	NOKEY
1446574421328	0	lts_1103L_15_01	15	01	1	59	16	1	1	Hit	1195	16-first/ASPACEHE8.jpg	ASPACEHE8.jpg	SPACE	1237	SPACE
1446574424404	0	lts_1103L_15_01	15	01	1	60	0	0	0	CR	MAX	26461413.thl.jpg	26461413.thl.jpg	NOKEY	MAX	NOKEY
1446574425424	0	lts_1103L_15_01	15	01	1	61	2	1	1	Hit	551	2-mul/ASPACEHE8.jpg	ASPACEHE8.jpg	SPACE	586	SPACE
1446574428499	0	lts_1103L_15_01	15	01	1	62	0	0	0	CR	MAX	26373407.thl.jpg	26373407.thl.jpg	NOKEY	MAX	NOKEY
1446574431575	0	lts_1103L_15_01	15	01	1	63	0	0	0	CR	MAX	9821274.thl.jpg	9821274.thl.jpg	NOKEY	MAX	NOKEY
1446574434651	0	lts_1103L_15_01	15	01	1	64	0	0	0	CR	MAX	4/kotsltd.jpg	kotsltd.jpg	NOKEY	MAX	NOKEY
1446574437727	0	lts_1103L_15_01	15	01	1	65	0	0	0	CR	MAX	AWALLEYE2.jpg	AWALLEYE2.jpg	NOKEY	MAX	NOKEY
1446574440803	0	lts_1103L_15_01	15	01	1	66	0	0	0	CR	MAX	22852032.thl.jpg	22852032.thl.jpg	NOKEY	MAX	NOKEY
1446574443879	0	lts_1103L_15_01	15	01	1	67	0	0	0	CR	MAX	4/corkscrew02.jpg	corkscrew02.jpg	NOKEY	MAX	NOKEY
1446574444899	0	lts_1103L_15_01	15	01	1	68	4	1	1	Hit	536	4-6/kotsltd.jpg	kotsltd.jpg	SPACE	585	SPACE
1446574447975	0	lts_1103L_15_01	15	01	1	69	0	0	0	CR	MAX	B_brush.jpg	B_brush.jpg	NOKEY	MAX	NOKEY
1446574451052	0	lts_1103L_15_01	15	01	1	70	0	0	0	CR	MAX	AOVALFRAM.jpg	AOVALFRAM.jpg	NOKEY	MAX	NOKEY
1446574452139	0	lts_1103L_15_01	15	01	1	71	4	1	1	Hit	608	4-5/corkscrew02.jpg	corkscrew02.jpg	SPACE	651	SPACE
1446574455215	0	lts_1103L_15_01	15	01	1	72	0	0	0	CR	MAX	26466344.thl.jpg	26466344.thl.jpg	NOKEY	MAX	NOKEY
1446574456385	0	lts_1103L_15_01	15	01	1	73	32	1	1	Hit	685	32-2/23077768.thl.jpg	23077768.thl.jpg	SPACE	735	SPACE
1446574459460	0	lts_1103L_15_01	15	01	1	74	0	0	0	CR	MAX	pacifierthermometer.jpg	pacifierthermometer.jpg	NOKEY	MAX	NOKEY
1446574462536	0	lts_1103L_15_01	15	01	1	75	0	0	0	CR	MAX	AHEATER3.jpg	AHEATER3.jpg	NOKEY	MAX	NOKEY
1446574465612	0	lts_1103L_15_01	15	01	1	76	0	0	0	CR	MAX	16/8245563.thl.jpg	8245563.thl.jpg	NOKEY	MAX	NOKEY
1446574468688	0	lts_1103L_15_01	15	01	1	77	0	0	0	CR	MAX	Alighthouse6.jpg	Alighthouse6.jpg	NOKEY	MAX	NOKEY
1446574471764	0	lts_1103L_15_01	15	01	1	78	0	0	0	CR	MAX	64/ARECORDSY.jpg	ARECORDSY.jpg	NOKEY	MAX	NOKEY
1446574474840	0	lts_1103L_15_01	15	01	1	79	0	0	0	CR	MAX	makeupfoundation.jpg	makeupfoundation.jpg	NOKEY	MAX	NOKEY
1446574477916	0	lts_1103L_15_01	15	01	1	80	0	0	0	CR	MAX	8055554.thl.jpg	8055554.thl.jpg	NOKEY	MAX	NOKEY
1446574480992	0	lts_1103L_15_01	15	01	1	81	0	0	0	CR	MAX	Acamcorde.jpg	Acamcorde.jpg	NOKEY	MAX	NOKEY
1446574484070	0	lts_1103L_15_01	15	01	1	82	0	0	0	CR	MAX	26374166.thl.jpg	26374166.thl.jpg	NOKEY	MAX	NOKEY
1446574487146	0	lts_1103L_15_01	15	01	1	83	0	0	0	CR	MAX	26555896.thl.jpg	26555896.thl.jpg	NOKEY	MAX	NOKEY
1446574490222	0	lts_1103L_15_01	15	01	1	84	0	0	0	CR	MAX	gumballmachine.jpg	gumballmachine.jpg	NOKEY	MAX	NOKEY
1446574493298	0	lts_1103L_15_01	15	01	1	85	0	0	0	CR	MAX	Apocketknifew.jpg	Apocketknifew.jpg	NOKEY	MAX	NOKEY
1446574496374	0	lts_1103L_15_01	15	01	1	86	64	1	0	Miss	MAX	64-first/AELECTHE4.jpg	AELECTHE4.jpg	NOKEY	MAX	SPACE
1446574499449	0	lts_1103L_15_01	15	01	1	87	0	0	0	CR	MAX	ADIAMCRYS.jpg	ADIAMCRYS.jpg	NOKEY	MAX	NOKEY
1446574502525	0	lts_1103L_15_01	15	01	1	88	0	0	0	CR	MAX	26431734.thl.jpg	26431734.thl.jpg	NOKEY	MAX	NOKEY
1446574505601	0	lts_1103L_15_01	15	01	1	89	0	0	0	CR	MAX	32/22869912.thl.jpg	22869912.thl.jpg	NOKEY	MAX	NOKEY
1446574506855	0	lts_1103L_15_01	15	01	1	90	4	1	1	Hit	772	4-mul/AELECTHE4.jpg	AELECTHE4.jpg	SPACE	819	SPACE
1446574509931	0	lts_1103L_15_01	15	01	1	91	0	0	0	CR	MAX	8054039.thl.jpg	8054039.thl.jpg	NOKEY	MAX	NOKEY
1446574511370	0	lts_1103L_15_01	15	01	1	92	16	1	1	Hit	957	16-first/8245563.thl.jpg	8245563.thl.jpg	SPACE	1004	SPACE
1446574513192	0	lts_1103L_15_01	15	01	1	93	0	0	1	FA	1348	Aham6.jpg	Aham6.jpg	SPACE	1387	NOKEY
1446574514329	0	lts_1103L_15_01	15	01	1	94	0	0	1	FA	658	26424478.thl.jpg	26424478.thl.jpg	SPACE	701	NOKEY
1446574517405	0	lts_1103L_15_01	15	01	1	95	0	0	0	CR	MAX	26373735.thl.jpg	26373735.thl.jpg	NOKEY	MAX	NOKEY
1446574518425	0	lts_1103L_15_01	15	01	1	96	4	1	1	Hit	550	4-mul/8245563.thl.jpg	8245563.thl.jpg	SPACE	585	SPACE
1446574521500	0	lts_1103L_15_01	15	01	1	97	0	0	0	CR	MAX	Apineapple3.jpg	Apineapple3.jpg	NOKEY	MAX	NOKEY
1446574524576	0	lts_1103L_15_01	15	01	1	98	0	0	0	CR	MAX	1/ADOLL69.jpg	ADOLL69.jpg	NOKEY	MAX	NOKEY
1446574525579	0	lts_1103L_15_01	15	01	1	99	1	1	1	Hit	520	1-10/ADOLL69.jpg	ADOLL69.jpg	SPACE	570	SPACE
1446574528655	0	lts_1103L_15_01	15	01	1	100	0	0	0	CR	MAX	26423873.thl.jpg	26423873.thl.jpg	NOKEY	MAX	NOKEY
1446574531731	0	lts_1103L_15_01	15	01	1	101	0	0	0	CR	MAX	AGOLDCUP6.jpg	AGOLDCUP6.jpg	NOKEY	MAX	NOKEY
1446574534807	0	lts_1103L_15_01	15	01	1	102	0	0	0	CR	MAX	Awomensshoe61.jpg	Awomensshoe61.jpg	NOKEY	MAX	NOKEY
1446574537883	0	lts_1103L_15_01	15	01	1	103	0	0	0	CR	MAX	4/ASWANWHIT.jpg	ASWANWHIT.jpg	NOKEY	MAX	NOKEY
1446574540959	0	lts_1103L_15_01	15	01	1	104	0	0	0	CR	MAX	Aflatwoodenba.jpg	Aflatwoodenba.jpg	NOKEY	MAX	NOKEY
1446574544036	0	lts_1103L_15_01	15	01	1	105	00	1	0	Miss	MAX	00-across/Ainflatablem6.jpg	Ainflatablem6.jpg	NOKEY	MAX	SPACE
1446574547112	0	lts_1103L_15_01	15	01	1	106	0	0	0	CR	MAX	ABILLTABL.jpg	ABILLTABL.jpg	NOKEY	MAX	NOKEY
1446574548182	0	lts_1103L_15_01	15	01	1	107	4	1	1	Hit	594	4-7/ASWANWHIT.jpg	ASWANWHIT.jpg	SPACE	634	SPACE
1446574551258	0	lts_1103L_15_01	15	01	1	108	0	0	0	CR	MAX	ABEERBOT5.jpg	ABEERBOT5.jpg	NOKEY	MAX	NOKEY
1446574554334	0	lts_1103L_15_01	15	01	1	109	0	0	0	CR	MAX	64/26442719.thl.jpg	26442719.thl.jpg	NOKEY	MAX	NOKEY
1446574555304	0	lts_1103L_15_01	15	01	1	110	64	1	1	Hit	498	64-first/Azebra8.jpg	Azebra8.jpg	SPACE	534	SPACE
1446574558380	0	lts_1103L_15_01	15	01	1	111	0	0	0	CR	MAX	8021504.thl.jpg	8021504.thl.jpg	NOKEY	MAX	NOKEY
1446574559333	0	lts_1103L_15_01	15	01	1	112	2	1	1	Hit	474	2-mul/Azebra8.jpg	Azebra8.jpg	SPACE	518	SPACE
1446574562409	0	lts_1103L_15_01	15	01	1	113	0	0	0	CR	MAX	1/Atoychestfor3.jpg	Atoychestfor3.jpg	NOKEY	MAX	NOKEY
1446574563379	0	lts_1103L_15_01	15	01	1	114	1	1	1	Hit	487	1-14/Atoychestfor3.jpg	Atoychestfor3.jpg	SPACE	534	SPACE
1446574566454	0	lts_1103L_15_01	15	01	1	115	0	0	0	CR	MAX	1/pingpongtable.jpg	pingpongtable.jpg	NOKEY	MAX	NOKEY
1446574567408	0	lts_1103L_15_01	15	01	1	116	1	1	1	Hit	477	1-13/pingpongtable.jpg	pingpongtable.jpg	SPACE	518	SPACE
1446574570483	0	lts_1103L_15_01	15	01	1	117	0	0	0	CR	MAX	Acabinetwithm.jpg	Acabinetwithm.jpg	NOKEY	MAX	NOKEY
1446574573559	0	lts_1103L_15_01	15	01	1	118	0	0	0	CR	MAX	1/23063814.thl.jpg	23063814.thl.jpg	NOKEY	MAX	NOKEY
1446574574946	0	lts_1103L_15_01	15	01	1	119	1	1	1	Hit	912	1-12/23063814.thl.jpg	23063814.thl.jpg	SPACE	953	SPACE
1446574578023	0	lts_1103L_15_01	15	01	1	120	0	0	0	CR	MAX	dftslpi.jpg	dftslpi.jpg	NOKEY	MAX	NOKEY
1446574579043	0	lts_1103L_15_01	15	01	1	121	32	1	1	Hit	544	32-0/22869912.thl.jpg	22869912.thl.jpg	SPACE	584	SPACE
1446574582119	0	lts_1103L_15_01	15	01	1	122	0	0	0	CR	MAX	4/Aglass33.jpg	Aglass33.jpg	NOKEY	MAX	NOKEY
1446574585195	0	lts_1103L_15_01	15	01	1	123	0	0	0	CR	MAX	Aacupuncture2.jpg	Aacupuncture2.jpg	NOKEY	MAX	NOKEY
1446574586416	0	lts_1103L_15_01	15	01	1	124	00	1	1	Hit	734	00-across/Acucumber2.jpg	Acucumber2.jpg	SPACE	784	SPACE
1446574589491	0	lts_1103L_15_01	15	01	1	125	0	0	0	CR	MAX	AOLDLIFE3.jpg	AOLDLIFE3.jpg	NOKEY	MAX	NOKEY
1446574590594	0	lts_1103L_15_01	15	01	1	126	4	1	1	Hit	632	4-11/Aglass33.jpg	Aglass33.jpg	SPACE	670	SPACE
1446574593670	0	lts_1103L_15_01	15	01	1	127	0	0	0	CR	MAX	ALOVSEA10.jpg	ALOVSEA10.jpg	NOKEY	MAX	NOKEY
1446574596763	0	lts_1103L_15_01	15	01	1	128	0	0	0	CR	MAX	Aspoolofthre6.jpg	Aspoolofthre6.jpg	NOKEY	MAX	NOKEY
1446574599839	0	lts_1103L_15_01	15	01	1	129	0	0	0	CR	MAX	8081398.thl.jpg	8081398.thl.jpg	NOKEY	MAX	NOKEY
1446574600825	0	lts_1103L_15_01	15	01	1	130	00	1	1	Hit	516	00-across/Abootscrubber.jpg	Abootscrubber.jpg	SPACE	552	SPACE
1446574603901	0	lts_1103L_15_01	15	01	1	131	0	0	0	CR	MAX	1/Aslate.jpg	Aslate.jpg	NOKEY	MAX	NOKEY
1446574604854	0	lts_1103L_15_01	15	01	1	132	1	1	1	Hit	475	1-4/Aslate.jpg	Aslate.jpg	SPACE	518	SPACE
1446574607930	0	lts_1103L_15_01	15	01	1	133	0	0	0	CR	MAX	2/26437068.thl.jpg	26437068.thl.jpg	NOKEY	MAX	NOKEY
1446574611007	0	lts_1103L_15_01	15	01	1	134	0	0	0	CR	MAX	AWINTERH2.jpg	AWINTERH2.jpg	NOKEY	MAX	NOKEY
1446574612194	0	lts_1103L_15_01	15	01	1	135	2	1	1	Hit	703	2-2/26437068.thl.jpg	26437068.thl.jpg	SPACE	751	SPACE
1446574615271	0	lts_1103L_15_01	15	01	1	136	0	0	0	CR	MAX	Apump4.jpg	Apump4.jpg	NOKEY	MAX	NOKEY
1446574618347	0	lts_1103L_15_01	15	01	1	137	0	0	0	CR	MAX	AALARMSY6.jpg	AALARMSY6.jpg	NOKEY	MAX	NOKEY
1446574621423	0	lts_1103L_15_01	15	01	1	138	0	0	0	CR	MAX	26423652.thl.jpg	26423652.thl.jpg	NOKEY	MAX	NOKEY
1446574622726	0	lts_1103L_15_01	15	01	1	139	128	1	1	Hit	827	128-6/Asaltgrinder.jpg	Asaltgrinder.jpg	SPACE	871	SPACE
1446574625802	0	lts_1103L_15_01	15	01	1	140	0	0	0	CR	MAX	26379054.thl.jpg	26379054.thl.jpg	NOKEY	MAX	NOKEY
1446574628878	0	lts_1103L_15_01	15	01	1	141	0	0	0	CR	MAX	Atelecommuni4.jpg	Atelecommuni4.jpg	NOKEY	MAX	NOKEY
1446574630133	0	lts_1103L_15_01	15	01	1	142	64	1	1	Hit	776	64-first/ARECORDSY.jpg	ARECORDSY.jpg	SPACE	819	SPACE
1446574633209	0	lts_1103L_15_01	15	01	1	143	0	0	0	CR	MAX	ALAMP45.jpg	ALAMP45.jpg	NOKEY	MAX	NOKEY
1446574636285	0	lts_1103L_15_01	15	01	1	144	0	0	0	CR	MAX	16/AHAMPER.jpg	AHAMPER.jpg	NOKEY	MAX	NOKEY
1446574639361	0	lts_1103L_15_01	15	01	1	145	0	0	0	CR	MAX	for28524.jpg	for28524.jpg	NOKEY	MAX	NOKEY
1446574640381	0	lts_1103L_15_01	15	01	1	146	4	1	1	Hit	547	4-mul/ARECORDSY.jpg	ARECORDSY.jpg	SPACE	584	SPACE
1446574643456	0	lts_1103L_15_01	15	01	1	147	0	0	0	CR	MAX	2/Aonewaysign2.jpg	Aonewaysign2.jpg	NOKEY	MAX	NOKEY
1446574646532	0	lts_1103L_15_01	15	01	1	148	0	0	0	CR	MAX	Aashtray14.jpg	Aashtray14.jpg	NOKEY	MAX	NOKEY
1446574647852	0	lts_1103L_15_01	15	01	1	149	2	1	1	Hit	839	2-9/Aonewaysign2.jpg	Aonewaysign2.jpg	SPACE	887	SPACE
1446574650928	0	lts_1103L_15_01	15	01	1	150	0	0	0	CR	MAX	Axmastre5.jpg	Axmastre5.jpg	NOKEY	MAX	NOKEY
1446574652016	0	lts_1103L_15_01	15	01	1	151	00	1	1	Hit	608	00-across/gingerroot.jpg	gingerroot.jpg	SPACE	652	SPACE
1446574655092	0	lts_1103L_15_01	15	01	1	152	0	0	0	CR	MAX	Apilldispens3.jpg	Apilldispens3.jpg	NOKEY	MAX	NOKEY
1446574658168	0	lts_1103L_15_01	15	01	1	153	128	1	0	Miss	MAX	128-0/Aknife76.jpg	Aknife76.jpg	NOKEY	MAX	SPACE
1446574661244	0	lts_1103L_15_01	15	01	1	154	0	0	0	CR	MAX	AHOCKPANT.jpg	AHOCKPANT.jpg	NOKEY	MAX	NOKEY
1446574664320	0	lts_1103L_15_01	15	01	1	155	0	0	0	CR	MAX	Aancientstat4.jpg	Aancientstat4.jpg	NOKEY	MAX	NOKEY
1446574667396	0	lts_1103L_15_01	15	01	1	156	0	0	0	CR	MAX	26460317.thl.jpg	26460317.thl.jpg	NOKEY	MAX	NOKEY
1446574670472	0	lts_1103L_15_01	15	01	1	157	0	0	0	CR	MAX	Acementfinish.jpg	Acementfinish.jpg	NOKEY	MAX	NOKEY
1446574673548	0	lts_1103L_15_01	15	01	1	158	0	0	0	CR	MAX	Atoy57.jpg	Atoy57.jpg	NOKEY	MAX	NOKEY
1446574676624	0	lts_1103L_15_01	15	01	1	159	0	0	0	CR	MAX	Aleopard19.jpg	Aleopard19.jpg	NOKEY	MAX	NOKEY
1446574679700	0	lts_1103L_15_01	15	01	1	160	16	1	0	Miss	MAX	16-first/AHAMPER.jpg	AHAMPER.jpg	NOKEY	MAX	SPACE
1446574682776	0	lts_1103L_15_01	15	01	1	161	0	0	0	CR	MAX	patioheater.jpg	patioheater.jpg	NOKEY	MAX	NOKEY
1446574684231	0	lts_1103L_15_01	15	01	1	162	0	0	1	FA	971	8/ASNBRD2.jpg	ASNBRD2.jpg	SPACE	1020	NOKEY
1446574687307	0	lts_1103L_15_01	15	01	1	163	0	0	0	CR	MAX	ABUILDAR4.jpg	ABUILDAR4.jpg	NOKEY	MAX	NOKEY
1446574688377	0	lts_1103L_15_01	15	01	1	164	4	1	1	Hit	587	4-mul/AHAMPER.jpg	AHAMPER.jpg	SPACE	634	SPACE
1446574691452	0	lts_1103L_15_01	15	01	1	165	0	0	0	CR	MAX	Aleatherbeltp.jpg	Aleatherbeltp.jpg	NOKEY	MAX	NOKEY
1446574694545	0	lts_1103L_15_01	15	01	1	166	0	0	0	CR	MAX	cowboywagon.jpg	cowboywagon.jpg	NOKEY	MAX	NOKEY
1446574697621	0	lts_1103L_15_01	15	01	1	167	0	0	0	CR	MAX	AMINIHAMP.jpg	AMINIHAMP.jpg	NOKEY	MAX	NOKEY
1446574698908	0	lts_1103L_15_01	15	01	1	168	128	1	1	Hit	817	128-7/ACARDFRA2.jpg	ACARDFRA2.jpg	SPACE	852	SPACE
1446574701984	0	lts_1103L_15_01	15	01	1	169	0	0	0	CR	MAX	ABUSTFOR7.jpg	ABUSTFOR7.jpg	NOKEY	MAX	NOKEY
1446574703122	0	lts_1103L_15_01	15	01	1	170	8	1	1	Hit	664	8-2/ASNBRD2.jpg	ASNBRD2.jpg	SPACE	701	SPACE
1446574706198	0	lts_1103L_15_01	15	01	1	171	0	0	0	CR	MAX	Abowloffruit5.jpg	Abowloffruit5.jpg	NOKEY	MAX	NOKEY
1446574709274	0	lts_1103L_15_01	15	01	1	172	0	0	0	CR	MAX	AWIG10.jpg	AWIG10.jpg	NOKEY	MAX	NOKEY
1446574710611	0	lts_1103L_15_01	15	01	1	173	64	1	1	Hit	866	64-first/26442719.thl.jpg	26442719.thl.jpg	SPACE	903	SPACE
1446574713704	0	lts_1103L_15_01	15	01	1	174	0	0	0	CR	MAX	elecmap.jpg	elecmap.jpg	NOKEY	MAX	NOKEY
1446574714740	0	lts_1103L_15_01	15	01	1	175	128	1	1	Hit	568	128-5/AANALCIME.jpg	AANALCIME.jpg	SPACE	603	SPACE
1446574717816	0	lts_1103L_15_01	15	01	1	176	0	0	0	CR	MAX	Astadium.jpg	Astadium.jpg	NOKEY	MAX	NOKEY
1446574720892	0	lts_1103L_15_01	15	01	1	177	0	0	0	CR	MAX	AROCKET20.jpg	AROCKET20.jpg	NOKEY	MAX	NOKEY
1446574723968	0	lts_1103L_15_01	15	01	1	178	0	0	0	CR	MAX	2/ASPOONS2.jpg	ASPOONS2.jpg	NOKEY	MAX	NOKEY
1446574727045	0	lts_1103L_15_01	15	01	1	179	0	0	0	CR	MAX	quiche.jpg	quiche.jpg	NOKEY	MAX	NOKEY
1446574728065	0	lts_1103L_15_01	15	01	1	180	2	1	1	Hit	538	2-7/ASPOONS2.jpg	ASPOONS2.jpg	SPACE	584	SPACE
1446574731141	0	lts_1103L_15_01	15	01	1	181	0	0	0	CR	MAX	32/22887144.thl.jpg	22887144.thl.jpg	NOKEY	MAX	NOKEY
1446574734217	0	lts_1103L_15_01	15	01	1	182	0	0	0	CR	MAX	1/8022057.thl.jpg	8022057.thl.jpg	NOKEY	MAX	NOKEY
1446574735187	0	lts_1103L_15_01	15	01	1	183	1	1	1	Hit	487	1-3/8022057.thl.jpg	8022057.thl.jpg	SPACE	534	SPACE
1446574736908	0	lts_1103L_15_01	15	01	1	184	0	0	1	FA	1248	Abells7.jpg	Abells7.jpg	SPACE	1286	NOKEY
1446574739984	0	lts_1103L_15_01	15	01	1	185	0	0	0	CR	MAX	ACOLFILT5.jpg	ACOLFILT5.jpg	NOKEY	MAX	NOKEY
1446574743061	0	lts_1103L_15_01	15	01	1	186	0	0	0	CR	MAX	8/marshmallows.jpg	marshmallows.jpg	NOKEY	MAX	NOKEY
1446574746137	0	lts_1103L_15_01	15	01	1	187	0	0	0	CR	MAX	Ascale60.jpg	Ascale60.jpg	NOKEY	MAX	NOKEY
1446574749213	0	lts_1103L_15_01	15	01	1	188	0	0	0	CR	MAX	Aantiquerota7.jpg	Aantiquerota7.jpg	NOKEY	MAX	NOKEY
1446574750350	0	lts_1103L_15_01	15	01	1	189	16	1	1	Hit	652	16-mul/26442719.thl.jpg	26442719.thl.jpg	SPACE	701	SPACE
1446574753426	0	lts_1103L_15_01	15	01	1	190	0	0	0	CR	MAX	2/Aberries5.jpg	Aberries5.jpg	NOKEY	MAX	NOKEY
1446574756501	0	lts_1103L_15_01	15	01	1	191	0	0	0	CR	MAX	23071000.thl.jpg	23071000.thl.jpg	NOKEY	MAX	NOKEY
1446574757471	0	lts_1103L_15_01	15	01	1	192	2	1	1	Hit	490	2-4/Aberries5.jpg	Aberries5.jpg	SPACE	535	SPACE
1446574760547	0	lts_1103L_15_01	15	01	1	193	0	0	0	CR	MAX	E_tank.jpg	E_tank.jpg	NOKEY	MAX	NOKEY
1446574761817	0	lts_1103L_15_01	15	01	1	194	8	1	1	Hit	799	8-first/marshmallows.jpg	marshmallows.jpg	SPACE	837	SPACE
1446574764893	0	lts_1103L_15_01	15	01	1	195	0	0	0	CR	MAX	8/AANTSTO12.jpg	AANTSTO12.jpg	NOKEY	MAX	NOKEY
1446574767919	0	lts_1103L_15_01	15	01	1	196	0	0	1	FA	2548	36407685.thl.jpg	36407685.thl.jpg	SPACE	2591	NOKEY
1446574770995	0	lts_1103L_15_01	15	01	1	197	0	0	0	CR	MAX	8079436.thl.jpg	8079436.thl.jpg	NOKEY	MAX	NOKEY
1446574772083	0	lts_1103L_15_01	15	01	1	198	4	1	1	Hit	600	4-mul/marshmallows.jpg	marshmallows.jpg	SPACE	651	SPACE
1446574775159	0	lts_1103L_15_01	15	01	1	199	0	0	0	CR	MAX	popcorn.jpg	popcorn.jpg	NOKEY	MAX	NOKEY
1446574778235	0	lts_1103L_15_01	15	01	1	200	0	0	0	CR	MAX	1/Abottle98.jpg	Abottle98.jpg	NOKEY	MAX	NOKEY
1446574779288	0	lts_1103L_15_01	15	01	1	201	1	1	1	Hit	573	1-1/Abottle98.jpg	Abottle98.jpg	SPACE	617	SPACE
1446574782364	0	lts_1103L_15_01	15	01	1	202	0	0	0	CR	MAX	AHEATER.jpg	AHEATER.jpg	NOKEY	MAX	NOKEY
1446574785440	0	lts_1103L_15_01	15	01	1	203	8	1	0	Miss	MAX	8-first/AANTSTO12.jpg	AANTSTO12.jpg	NOKEY	MAX	SPACE
1446574788516	0	lts_1103L_15_01	15	01	1	204	0	0	0	CR	MAX	Aelectronicg9.jpg	Aelectronicg9.jpg	NOKEY	MAX	NOKEY
1446574789753	0	lts_1103L_15_01	15	01	1	205	0	0	1	FA	766	64/ABISHOP2.jpg	ABISHOP2.jpg	SPACE	804	NOKEY
1446574792829	0	lts_1103L_15_01	15	01	1	206	0	0	0	CR	MAX	ACAMLENSE.jpg	ACAMLENSE.jpg	NOKEY	MAX	NOKEY
1446574795905	0	lts_1103L_15_01	15	01	1	207	4	1	0	Miss	MAX	4-mul/AANTSTO12.jpg	AANTSTO12.jpg	NOKEY	MAX	SPACE
1446574798981	0	lts_1103L_15_01	15	01	1	208	0	0	0	CR	MAX	64/ABLAKBEN2.jpg	ABLAKBEN2.jpg	NOKEY	MAX	NOKEY
1446574802058	0	lts_1103L_15_01	15	01	1	209	0	0	0	CR	MAX	26375953.thl.jpg	26375953.thl.jpg	NOKEY	MAX	NOKEY
1446574805134	0	lts_1103L_15_01	15	01	1	210	0	0	0	CR	MAX	Abagofherbs.jpg	Abagofherbs.jpg	NOKEY	MAX	NOKEY
1446574808210	0	lts_1103L_15_01	15	01	1	211	0	0	0	CR	MAX	4/26772824.thl.jpg	26772824.thl.jpg	NOKEY	MAX	NOKEY
1446574811286	0	lts_1103L_15_01	15	01	1	212	0	0	0	CR	MAX	26426417.thl.jpg	26426417.thl.jpg	NOKEY	MAX	NOKEY
1446574812622	0	lts_1103L_15_01	15	01	1	213	32	1	1	Hit	867	32-6/22887144.thl.jpg	22887144.thl.jpg	SPACE	902	SPACE
1446574815699	0	lts_1103L_15_01	15	01	1	214	0	0	0	CR	MAX	AFOUNTAI5.jpg	AFOUNTAI5.jpg	NOKEY	MAX	NOKEY
1446574816769	0	lts_1103L_15_01	15	01	1	215	4	1	1	Hit	602	4-0/26772824.thl.jpg	26772824.thl.jpg	SPACE	636	SPACE
1446574819845	0	lts_1103L_15_01	15	01	1	216	0	0	0	CR	MAX	ABACKSPAC.jpg	ABACKSPAC.jpg	NOKEY	MAX	NOKEY
1446574822921	0	lts_1103L_15_01	15	01	1	217	0	0	0	CR	MAX	8/ASHRIMP3.jpg	ASHRIMP3.jpg	NOKEY	MAX	NOKEY
1446574825997	0	lts_1103L_15_01	15	01	1	218	0	0	0	CR	MAX	4/ACANOL.jpg	ACANOL.jpg	NOKEY	MAX	NOKEY
1446574829074	0	lts_1103L_15_01	15	01	1	219	0	0	0	CR	MAX	ACEILHOOK.jpg	ACEILHOOK.jpg	NOKEY	MAX	NOKEY
1446574832150	0	lts_1103L_15_01	15	01	1	220	0	0	0	CR	MAX	ATOILROL2.jpg	ATOILROL2.jpg	NOKEY	MAX	NOKEY
1446574835226	0	lts_1103L_15_01	15	01	1	221	0	0	0	CR	MAX	APIRAFLAG.jpg	APIRAFLAG.jpg	NOKEY	MAX	NOKEY
1446574836512	0	lts_1103L_15_01	15	01	1	222	4	1	1	Hit	810	4-2/ACANOL.jpg	ACANOL.jpg	SPACE	852	SPACE
1446574839588	0	lts_1103L_15_01	15	01	1	223	0	0	0	CR	MAX	26687972.thl.jpg	26687972.thl.jpg	NOKEY	MAX	NOKEY
1446574842664	0	lts_1103L_15_01	15	01	1	224	0	0	0	CR	MAX	AMAPLESYR.jpg	AMAPLESYR.jpg	NOKEY	MAX	NOKEY
1446574843651	0	lts_1103L_15_01	15	01	1	225	8	1	1	Hit	511	8-0/ASHRIMP3.jpg	ASHRIMP3.jpg	SPACE	553	SPACE
1446574846727	0	lts_1103L_15_01	15	01	1	226	0	0	0	CR	MAX	AMETICUBE.jpg	AMETICUBE.jpg	NOKEY	MAX	NOKEY
1446574849803	0	lts_1103L_15_01	15	01	1	227	0	0	0	CR	MAX	Ascroll7.jpg	Ascroll7.jpg	NOKEY	MAX	NOKEY
1446574852879	0	lts_1103L_15_01	15	01	1	228	0	0	0	CR	MAX	22911500.thl.jpg	22911500.thl.jpg	NOKEY	MAX	NOKEY
1446574855955	0	lts_1103L_15_01	15	01	1	229	0	0	0	CR	MAX	AHIBACHI.jpg	AHIBACHI.jpg	NOKEY	MAX	NOKEY
1446574859032	0	lts_1103L_15_01	15	01	1	230	0	0	0	CR	MAX	2/Awindmill4.jpg	Awindmill4.jpg	NOKEY	MAX	NOKEY
1446574862108	0	lts_1103L_15_01	15	01	1	231	0	0	0	CR	MAX	26425322.thl.jpg	26425322.thl.jpg	NOKEY	MAX	NOKEY
1446574864432	0	lts_1103L_15_01	15	01	1	232	2	1	1	Hit	1846	2-11/Awindmill4.jpg	Awindmill4.jpg	SPACE	1889	SPACE
1446574867507	0	lts_1103L_15_01	15	01	1	233	0	0	0	CR	MAX	16/Adriedleaf.jpg	Adriedleaf.jpg	NOKEY	MAX	NOKEY
1446574870583	0	lts_1103L_15_01	15	01	1	234	0	0	0	CR	MAX	2/Ahighlightin2.jpg	Ahighlightin2.jpg	NOKEY	MAX	NOKEY
1446574873659	0	lts_1103L_15_01	15	01	1	235	0	0	0	CR	MAX	Apersonsfoot.jpg	Apersonsfoot.jpg	NOKEY	MAX	NOKEY
1446574874679	0	lts_1103L_15_01	15	01	1	236	2	1	1	Hit	541	2-10/Ahighlightin2.jpg	Ahighlightin2.jpg	SPACE	586	SPACE
1446574877755	0	lts_1103L_15_01	15	01	1	237	0	0	0	CR	MAX	8/Abucket51.jpg	Abucket51.jpg	NOKEY	MAX	NOKEY
1446574880831	0	lts_1103L_15_01	15	01	1	238	0	0	0	CR	MAX	ABATHTAP.jpg	ABATHTAP.jpg	NOKEY	MAX	NOKEY
1446574883907	0	lts_1103L_15_01	15	01	1	239	0	0	0	CR	MAX	128/Acroissant.jpg	Acroissant.jpg	NOKEY	MAX	NOKEY
1446574886983	0	lts_1103L_15_01	15	01	1	240	0	0	0	CR	MAX	16/Acabinetdraw8.jpg	Acabinetdraw8.jpg	NOKEY	MAX	NOKEY
1446574890060	0	lts_1103L_15_01	15	01	1	241	0	0	0	CR	MAX	AAIRPORTC.jpg	AAIRPORTC.jpg	NOKEY	MAX	NOKEY
1446574893136	0	lts_1103L_15_01	15	01	1	242	0	0	0	CR	MAX	26377183.thl.jpg	26377183.thl.jpg	NOKEY	MAX	NOKEY
1446574896212	0	lts_1103L_15_01	15	01	1	243	0	0	0	CR	MAX	4/AMUSICSH2.jpg	AMUSICSH2.jpg	NOKEY	MAX	NOKEY
1446574899288	0	lts_1103L_15_01	15	01	1	244	0	0	0	CR	MAX	ACONSTRU9.jpg	ACONSTRU9.jpg	NOKEY	MAX	NOKEY
1446574900458	0	lts_1103L_15_01	15	01	1	245	8	1	1	Hit	688	8-first/Abucket51.jpg	Abucket51.jpg	SPACE	736	SPACE
1446574903534	0	lts_1103L_15_01	15	01	1	246	0	0	0	CR	MAX	AFRUIT2.jpg	AFRUIT2.jpg	NOKEY	MAX	NOKEY
1446574904537	0	lts_1103L_15_01	15	01	1	247	4	1	1	Hit	523	4-3/AMUSICSH2.jpg	AMUSICSH2.jpg	SPACE	570	SPACE
1446574907613	0	lts_1103L_15_01	15	01	1	248	0	0	0	CR	MAX	Ablackcamera4.jpg	Ablackcamera4.jpg	NOKEY	MAX	NOKEY
1446574909135	0	lts_1103L_15_01	15	01	1	249	16	1	1	Hit	1050	16-1/Adriedleaf.jpg	Adriedleaf.jpg	SPACE	1087	SPACE
1446574912211	0	lts_1103L_15_01	15	01	1	250	0	0	0	CR	MAX	26387690.thl.jpg	26387690.thl.jpg	NOKEY	MAX	NOKEY
1446574915287	0	lts_1103L_15_01	15	01	1	251	0	0	0	CR	MAX	64/26369923.thl.jpg	26369923.thl.jpg	NOKEY	MAX	NOKEY
1446574918363	0	lts_1103L_15_01	15	01	1	252	0	0	0	CR	MAX	2/Abucketwithcl.jpg	Abucketwithcl.jpg	NOKEY	MAX	NOKEY
1446574921438	0	lts_1103L_15_01	15	01	1	253	0	0	0	CR	MAX	ACHEEGRA3.jpg	ACHEEGRA3.jpg	NOKEY	MAX	NOKEY
1446574922542	0	lts_1103L_15_01	15	01	1	254	2	1	1	Hit	622	2-8/Abucketwithcl.jpg	Abucketwithcl.jpg	SPACE	670	SPACE
1446574925618	0	lts_1103L_15_01	15	01	1	255	0	0	0	CR	MAX	Awickerchair8.jpg	Awickerchair8.jpg	NOKEY	MAX	NOKEY
1446574926788	0	lts_1103L_15_01	15	01	1	256	16	1	1	Hit	691	16-0/Acabinetdraw8.jpg	Acabinetdraw8.jpg	SPACE	737	SPACE
1446574929864	0	lts_1103L_15_01	15	01	1	257	0	0	0	CR	MAX	Aabacus.jpg	Aabacus.jpg	NOKEY	MAX	NOKEY
1446574931770	0	lts_1103L_15_01	15	01	1	258	0	0	1	FA	1432	Aplastichousi.jpg	Aplastichousi.jpg	SPACE	1472	NOKEY
1446574934846	0	lts_1103L_15_01	15	01	1	259	0	0	0	CR	MAX	32/Atwowayradio2.jpg	Atwowayradio2.jpg	NOKEY	MAX	NOKEY
1446574937922	0	lts_1103L_15_01	15	01	1	260	0	0	0	CR	MAX	Awatch53.jpg	Awatch53.jpg	NOKEY	MAX	NOKEY
1446574939026	0	lts_1103L_15_01	15	01	1	261	16	1	1	Hit	618	16-mul/Abucket51.jpg	Abucket51.jpg	SPACE	668	SPACE
1446574942119	0	lts_1103L_15_01	15	01	1	262	0	0	0	CR	MAX	16/bowtie.jpg	bowtie.jpg	NOKEY	MAX	NOKEY
1446574943456	0	lts_1103L_15_01	15	01	1	263	0	0	1	FA	864	2/ACPU2.jpg	ACPU2.jpg	SPACE	902	NOKEY
1446574946532	0	lts_1103L_15_01	15	01	1	264	0	0	0	CR	MAX	AALARMSY5.jpg	AALARMSY5.jpg	NOKEY	MAX	NOKEY
1446574947618	0	lts_1103L_15_01	15	01	1	265	2	1	1	Hit	614	2-12/ACPU2.jpg	ACPU2.jpg	SPACE	653	SPACE
1446574950694	0	lts_1103L_15_01	15	01	1	266	0	0	0	CR	MAX	16/BattleStar.jpg	BattleStar.jpg	NOKEY	MAX	NOKEY
1446574951998	0	lts_1103L_15_01	15	01	1	267	00	1	1	Hit	829	00-across/ACHINBRB4.jpg	ACHINBRB4.jpg	SPACE	869	SPACE
1446574955075	0	lts_1103L_15_01	15	01	1	268	0	0	0	CR	MAX	32/Abasket108.jpg	Abasket108.jpg	NOKEY	MAX	NOKEY
1446574956380	0	lts_1103L_15_01	15	01	1	269	64	1	1	Hit	822	64-first/ABISHOP2.jpg	ABISHOP2.jpg	SPACE	868	SPACE
1446574959455	0	lts_1103L_15_01	15	01	1	270	0	0	0	CR	MAX	26433387.thl.jpg	26433387.thl.jpg	NOKEY	MAX	NOKEY
1446574962531	0	lts_1103L_15_01	15	01	1	271	0	0	0	CR	MAX	ALITERBOX.jpg	ALITERBOX.jpg	NOKEY	MAX	NOKEY
1446574965607	0	lts_1103L_15_01	15	01	1	272	64	1	0	Miss	MAX	64-first/ABLAKBEN2.jpg	ABLAKBEN2.jpg	NOKEY	MAX	SPACE
1446574968683	0	lts_1103L_15_01	15	01	1	273	0	0	0	CR	MAX	AGRILL1.jpg	AGRILL1.jpg	NOKEY	MAX	NOKEY
1446574969686	0	lts_1103L_15_01	15	01	1	274	2	1	1	Hit	534	2-mul/ABLAKBEN2.jpg	ABLAKBEN2.jpg	SPACE	570	SPACE
1446574972762	0	lts_1103L_15_01	15	01	1	275	0	0	0	CR	MAX	1/Ascanner11.jpg	Ascanner11.jpg	NOKEY	MAX	NOKEY
1446574973798	0	lts_1103L_15_01	15	01	1	276	1	1	1	Hit	560	1-5/Ascanner11.jpg	Ascanner11.jpg	SPACE	603	SPACE
1446574976875	0	lts_1103L_15_01	15	01	1	277	0	0	0	CR	MAX	Aroulette.jpg	Aroulette.jpg	NOKEY	MAX	NOKEY
1446574978213	0	lts_1103L_15_01	15	01	1	278	16	1	1	Hit	864	16-first/bowtie.jpg	bowtie.jpg	SPACE	903	SPACE
1446574980002	0	lts_1103L_15_01	15	01	1	279	0	0	1	FA	1312	128/AMILKJUG.jpg	AMILKJUG.jpg	SPACE	1354	NOKEY
1446574983078	0	lts_1103L_15_01	15	01	1	280	0	0	0	CR	MAX	Aseal3.jpg	Aseal3.jpg	NOKEY	MAX	NOKEY
1446574984148	0	lts_1103L_15_01	15	01	1	281	0	0	1	FA	588	AVACUUM4.jpg	AVACUUM4.jpg	SPACE	634	NOKEY
1446574985385	0	lts_1103L_15_01	15	01	1	282	16	1	1	Hit	760	16-first/BattleStar.jpg	BattleStar.jpg	SPACE	802	SPACE
1446574988460	0	lts_1103L_15_01	15	01	1	283	0	0	0	CR	MAX	64/ACLOWSTE5.jpg	ACLOWSTE5.jpg	NOKEY	MAX	NOKEY
1446574991553	0	lts_1103L_15_01	15	01	1	284	0	0	0	CR	MAX	Abarn4.jpg	Abarn4.jpg	NOKEY	MAX	NOKEY
1446574992639	0	lts_1103L_15_01	15	01	1	285	16	1	1	Hit	606	16-mul/ABISHOP2.jpg	ABISHOP2.jpg	SPACE	653	SPACE
1446574993876	0	lts_1103L_15_01	15	01	1	286	0	0	1	FA	755	Achildsplaype.jpg	Achildsplaype.jpg	SPACE	802	NOKEY
1446574996952	0	lts_1103L_15_01	15	01	1	287	0	0	0	CR	MAX	2/Alifeves2.jpg	Alifeves2.jpg	NOKEY	MAX	NOKEY
1446575000030	0	lts_1103L_15_01	15	01	1	288	0	0	0	CR	MAX	16/22921112.thl.jpg	22921112.thl.jpg	NOKEY	MAX	NOKEY
1446575001250	0	lts_1103L_15_01	15	01	1	289	2	1	1	Hit	740	2-13/Alifeves2.jpg	Alifeves2.jpg	SPACE	785	SPACE
1446575004326	0	lts_1103L_15_01	15	01	1	290	0	0	0	CR	MAX	Acardboardpan.jpg	Acardboardpan.jpg	NOKEY	MAX	NOKEY
1446575007402	0	lts_1103L_15_01	15	01	1	291	32	1	0	Miss	MAX	32-7/Atwowayradio2.jpg	Atwowayradio2.jpg	NOKEY	MAX	SPACE
1446575010477	0	lts_1103L_15_01	15	01	1	292	0	0	0	CR	MAX	16/AARTMELON.jpg	AARTMELON.jpg	NOKEY	MAX	NOKEY
1446575013553	0	lts_1103L_15_01	15	01	1	293	0	0	0	CR	MAX	AORIGIRL3.jpg	AORIGIRL3.jpg	NOKEY	MAX	NOKEY
1446575014540	0	lts_1103L_15_01	15	01	1	294	16	1	1	Hit	507	16-mul/bowtie.jpg	bowtie.jpg	SPACE	552	SPACE
1446575017616	0	lts_1103L_15_01	15	01	1	295	0	0	0	CR	MAX	64/ADENTRAY3.jpg	ADENTRAY3.jpg	NOKEY	MAX	NOKEY
1446575019121	0	lts_1103L_15_01	15	01	1	296	00	1	1	Hit	1019	00-across/ALAZQUART.jpg	ALAZQUART.jpg	SPACE	1070	SPACE
1446575022197	0	lts_1103L_15_01	15	01	1	297	0	0	0	CR	MAX	128/Astatue99.jpg	Astatue99.jpg	NOKEY	MAX	NOKEY
1446575023434	0	lts_1103L_15_01	15	01	1	298	16	1	1	Hit	765	16-mul/BattleStar.jpg	BattleStar.jpg	SPACE	802	SPACE
1446575026509	0	lts_1103L_15_01	15	01	1	299	0	0	0	CR	MAX	AWEIGHTS8.jpg	AWEIGHTS8.jpg	NOKEY	MAX	NOKEY
1446575029586	0	lts_1103L_15_01	15	01	1	300	32	1	0	Miss	MAX	32-5/Abasket108.jpg	Abasket108.jpg	NOKEY	MAX	SPACE
1446575032662	0	lts_1103L_15_01	15	01	1	301	0	0	0	CR	MAX	1/turnip.jpg	turnip.jpg	NOKEY	MAX	NOKEY
1446575033665	0	lts_1103L_15_01	15	01	1	302	1	1	1	Hit	522	1-11/turnip.jpg	turnip.jpg	SPACE	570	SPACE
1446575036741	0	lts_1103L_15_01	15	01	1	303	0	0	0	CR	MAX	Asantaclaus2.jpg	Asantaclaus2.jpg	NOKEY	MAX	NOKEY
1446575037995	0	lts_1103L_15_01	15	01	1	304	16	1	1	Hit	778	16-first/22921112.thl.jpg	22921112.thl.jpg	SPACE	819	SPACE
1446575041072	0	lts_1103L_15_01	15	01	1	305	0	0	0	CR	MAX	AAXE4.jpg	AAXE4.jpg	NOKEY	MAX	NOKEY
1446575044148	0	lts_1103L_15_01	15	01	1	306	0	0	0	CR	MAX	16/Achair608.jpg	Achair608.jpg	NOKEY	MAX	NOKEY
1446575047224	0	lts_1103L_15_01	15	01	1	307	0	0	0	CR	MAX	AMALLET13.jpg	AMALLET13.jpg	NOKEY	MAX	NOKEY
1446575050300	0	lts_1103L_15_01	15	01	1	308	16	1	0	Miss	MAX	16-first/AARTMELON.jpg	AARTMELON.jpg	NOKEY	MAX	SPACE
1446575053376	0	lts_1103L_15_01	15	01	1	309	0	0	0	CR	MAX	funlamp.jpg	funlamp.jpg	NOKEY	MAX	NOKEY
1446575054595	0	lts_1103L_15_01	15	01	1	310	2	1	1	Hit	741	2-mul/AARTMELON.jpg	AARTMELON.jpg	SPACE	786	SPACE
1446575057004	0	lts_1103L_15_01	15	01	1	311	0	0	1	FA	1922	32/Azucchini9.jpg	Azucchini9.jpg	SPACE	1973	NOKEY
1446575060080	0	lts_1103L_15_01	15	01	1	312	0	0	0	CR	MAX	ADEEPFRY5.jpg	ADEEPFRY5.jpg	NOKEY	MAX	NOKEY
1446575063156	0	lts_1103L_15_01	15	01	1	313	0	0	0	CR	MAX	erasergum.jpg	erasergum.jpg	NOKEY	MAX	NOKEY
1446575066232	0	lts_1103L_15_01	15	01	1	314	0	0	0	CR	MAX	8252024.thl.jpg	8252024.thl.jpg	NOKEY	MAX	NOKEY
1446575067252	0	lts_1103L_15_01	15	01	1	315	64	1	1	Hit	539	64-first/26369923.thl.jpg	26369923.thl.jpg	SPACE	584	SPACE
1446575070344	0	lts_1103L_15_01	15	01	1	316	0	0	0	CR	MAX	23029830.thl.jpg	23029830.thl.jpg	NOKEY	MAX	NOKEY
1446575071297	0	lts_1103L_15_01	15	01	1	317	2	1	1	Hit	474	2-mul/26369923.thl.jpg	26369923.thl.jpg	SPACE	517	SPACE
1446575074373	0	lts_1103L_15_01	15	01	1	318	0	0	0	CR	MAX	ATREEHOUS.jpg	ATREEHOUS.jpg	NOKEY	MAX	NOKEY
1446575077448	0	lts_1103L_15_01	15	01	1	319	0	0	0	CR	MAX	128/hairbarette.jpg	hairbarette.jpg	NOKEY	MAX	NOKEY
1446575078535	0	lts_1103L_15_01	15	01	1	320	16	1	1	Hit	615	16-mul/22921112.thl.jpg	22921112.thl.jpg	SPACE	653	SPACE
1446575081611	0	lts_1103L_15_01	15	01	1	321	0	0	0	CR	MAX	32/Acampingknife.jpg	Acampingknife.jpg	NOKEY	MAX	NOKEY
1446575082715	0	lts_1103L_15_01	15	01	1	322	16	1	1	Hit	622	16-first/Achair608.jpg	Achair608.jpg	SPACE	669	SPACE
1446575085791	0	lts_1103L_15_01	15	01	1	323	0	0	0	CR	MAX	Abootbinding.jpg	Abootbinding.jpg	NOKEY	MAX	NOKEY
1446575086827	0	lts_1103L_15_01	15	01	1	324	2	1	1	Hit	565	2-mul/Achair608.jpg	Achair608.jpg	SPACE	603	SPACE
1446575089903	0	lts_1103L_15_01	15	01	1	325	0	0	0	CR	MAX	bagelslicer.jpg	bagelslicer.jpg	NOKEY	MAX	NOKEY
1446575092979	0	lts_1103L_15_01	15	01	1	326	0	0	0	CR	MAX	1/wok.jpg	wok.jpg	NOKEY	MAX	NOKEY
1446575093865	0	lts_1103L_15_01	15	01	1	327	1	1	1	Hit	410	1-2/wok.jpg	wok.jpg	SPACE	451	SPACE
1446575096941	0	lts_1103L_15_01	15	01	1	328	0	0	0	CR	MAX	2/ARETRACT2.jpg	ARETRACT2.jpg	NOKEY	MAX	NOKEY
1446575100018	0	lts_1103L_15_01	15	01	1	329	0	0	0	CR	MAX	22855404.thl.jpg	22855404.thl.jpg	NOKEY	MAX	NOKEY
1446575101105	0	lts_1103L_15_01	15	01	1	330	2	1	1	Hit	609	2-3/ARETRACT2.jpg	ARETRACT2.jpg	SPACE	651	SPACE
1446575104181	0	lts_1103L_15_01	15	01	1	331	0	0	0	CR	MAX	seahorse.jpg	seahorse.jpg	NOKEY	MAX	NOKEY
1446575107274	0	lts_1103L_15_01	15	01	1	332	0	0	0	CR	MAX	Arose10.jpg	Arose10.jpg	NOKEY	MAX	NOKEY
1446575110350	0	lts_1103L_15_01	15	01	1	333	0	0	0	CR	MAX	monkeypuppet.jpg	monkeypuppet.jpg	NOKEY	MAX	NOKEY
1446575113426	0	lts_1103L_15_01	15	01	1	334	0	0	0	CR	MAX	2/22869624.thl.jpg	22869624.thl.jpg	NOKEY	MAX	NOKEY
1446575116501	0	lts_1103L_15_01	15	01	1	335	0	0	0	CR	MAX	ACOPPAN10.jpg	ACOPPAN10.jpg	NOKEY	MAX	NOKEY
1446575117571	0	lts_1103L_15_01	15	01	1	336	2	1	1	Hit	592	2-1/22869624.thl.jpg	22869624.thl.jpg	SPACE	636	SPACE
1446575120647	0	lts_1103L_15_01	15	01	1	337	0	0	0	CR	MAX	Astingray2.jpg	Astingray2.jpg	NOKEY	MAX	NOKEY
1446575121684	0	lts_1103L_15_01	15	01	1	338	0	0	1	FA	553	32/26466347.thl.jpg	26466347.thl.jpg	SPACE	602	NOKEY
1446575124760	0	lts_1103L_15_01	15	01	1	339	0	0	0	CR	MAX	Abeesonahoney.jpg	Abeesonahoney.jpg	NOKEY	MAX	NOKEY
1446575127852	0	lts_1103L_15_01	15	01	1	340	0	0	0	CR	MAX	8048786.thl.jpg	8048786.thl.jpg	NOKEY	MAX	NOKEY
1446575130945	0	lts_1103L_15_01	15	01	1	341	0	0	0	CR	MAX	16/Atray22.jpg	Atray22.jpg	NOKEY	MAX	NOKEY
1446575134022	0	lts_1103L_15_01	15	01	1	342	0	0	0	CR	MAX	Atoy12.jpg	Atoy12.jpg	NOKEY	MAX	NOKEY
1446575135092	0	lts_1103L_15_01	15	01	1	343	32	1	1	Hit	589	32-9/Azucchini9.jpg	Azucchini9.jpg	SPACE	634	SPACE
1446575138168	0	lts_1103L_15_01	15	01	1	344	0	0	0	CR	MAX	1/26434233.thl.jpg	26434233.thl.jpg	NOKEY	MAX	NOKEY
1446575139822	0	lts_1103L_15_01	15	01	1	345	1	1	1	Hit	1183	1-7/26434233.thl.jpg	26434233.thl.jpg	SPACE	1220	SPACE
1446575142898	0	lts_1103L_15_01	15	01	1	346	0	0	0	CR	MAX	ALITTERSC.jpg	ALITTERSC.jpg	NOKEY	MAX	NOKEY
1446575144354	0	lts_1103L_15_01	15	01	1	347	64	1	1	Hit	978	64-first/ACLOWSTE5.jpg	ACLOWSTE5.jpg	SPACE	1020	SPACE
1446575147430	0	lts_1103L_15_01	15	01	1	348	0	0	0	CR	MAX	ABOTTLE19.jpg	ABOTTLE19.jpg	NOKEY	MAX	NOKEY
1446575148683	0	lts_1103L_15_01	15	01	1	349	0	0	1	FA	781	ACHOPSTI2.jpg	ACHOPSTI2.jpg	SPACE	820	NOKEY
1446575151759	0	lts_1103L_15_01	15	01	1	350	0	0	0	CR	MAX	Atoytractor17.jpg	Atoytractor17.jpg	NOKEY	MAX	NOKEY
1446575153164	0	lts_1103L_15_01	15	01	1	351	4	1	1	Hit	925	4-mul/ACLOWSTE5.jpg	ACLOWSTE5.jpg	SPACE	970	SPACE
1446575156240	0	lts_1103L_15_01	15	01	1	352	0	0	0	CR	MAX	ASEWING.jpg	ASEWING.jpg	NOKEY	MAX	NOKEY
1446575159316	0	lts_1103L_15_01	15	01	1	353	32	1	0	Miss	MAX	32-1/Acampingknife.jpg	Acampingknife.jpg	NOKEY	MAX	SPACE
1446575162392	0	lts_1103L_15_01	15	01	1	354	0	0	0	CR	MAX	Asharktoy.jpg	Asharktoy.jpg	NOKEY	MAX	NOKEY
1446575165467	0	lts_1103L_15_01	15	01	1	355	0	0	0	CR	MAX	8/ATABLES5.jpg	ATABLES5.jpg	NOKEY	MAX	NOKEY
1446575168543	0	lts_1103L_15_01	15	01	1	356	0	0	0	CR	MAX	10049507.thl-1.jpg	10049507.thl-1.jpg	NOKEY	MAX	NOKEY
1446575171620	0	lts_1103L_15_01	15	01	1	357	16	1	0	Miss	MAX	16-first/Atray22.jpg	Atray22.jpg	NOKEY	MAX	SPACE
1446575174696	0	lts_1103L_15_01	15	01	1	358	0	0	0	CR	MAX	APHONEFA2.jpg	APHONEFA2.jpg	NOKEY	MAX	NOKEY
1446575175966	0	lts_1103L_15_01	15	01	1	359	64	1	1	Hit	800	64-first/ADENTRAY3.jpg	ADENTRAY3.jpg	SPACE	836	SPACE
1446575179043	0	lts_1103L_15_01	15	01	1	360	0	0	0	CR	MAX	Acane116.jpg	Acane116.jpg	NOKEY	MAX	NOKEY
1446575180213	0	lts_1103L_15_01	15	01	1	361	4	1	1	Hit	691	4-mul/Atray22.jpg	Atray22.jpg	SPACE	734	SPACE
1446575183290	0	lts_1103L_15_01	15	01	1	362	0	0	0	CR	MAX	Aropeandclamp.jpg	Aropeandclamp.jpg	NOKEY	MAX	NOKEY
1446575184426	0	lts_1103L_15_01	15	01	1	363	8	1	1	Hit	652	8-first/ATABLES5.jpg	ATABLES5.jpg	SPACE	702	SPACE
1446575187501	0	lts_1103L_15_01	15	01	1	364	0	0	0	CR	MAX	Asoapdish3.jpg	Asoapdish3.jpg	NOKEY	MAX	NOKEY
1446575188672	0	lts_1103L_15_01	15	01	1	365	2	1	1	Hit	694	2-mul/ATABLES5.jpg	ATABLES5.jpg	SPACE	736	SPACE
1446575191748	0	lts_1103L_15_01	15	01	1	366	0	0	0	CR	MAX	Apitchfork4.jpg	Apitchfork4.jpg	NOKEY	MAX	NOKEY
1446575193570	0	lts_1103L_15_01	15	01	1	367	128	1	1	Hit	1341	128-2/Acroissant.jpg	Acroissant.jpg	SPACE	1389	SPACE
1446575196646	0	lts_1103L_15_01	15	01	1	368	0	0	0	CR	MAX	26376346.thl.jpg	26376346.thl.jpg	NOKEY	MAX	NOKEY
1446575199722	0	lts_1103L_15_01	15	01	1	369	0	0	0	CR	MAX	8/8059226.thl.jpg	8059226.thl.jpg	NOKEY	MAX	NOKEY
1446575200825	0	lts_1103L_15_01	15	01	1	370	32	1	1	Hit	620	32-3/26466347.thl.jpg	26466347.thl.jpg	SPACE	669	SPACE
1446575203902	0	lts_1103L_15_01	15	01	1	371	0	0	0	CR	MAX	26426317.thl.jpg	26426317.thl.jpg	NOKEY	MAX	NOKEY
1446575206977	0	lts_1103L_15_01	15	01	1	372	0	0	0	CR	MAX	Adropper2.jpg	Adropper2.jpg	NOKEY	MAX	NOKEY
1446575210055	0	lts_1103L_15_01	15	01	1	373	0	0	0	CR	MAX	Adice10.jpg	Adice10.jpg	NOKEY	MAX	NOKEY
1446575213147	0	lts_1103L_15_01	15	01	1	374	0	0	0	CR	MAX	ABLACKNEC.jpg	ABLACKNEC.jpg	NOKEY	MAX	NOKEY
1446575214385	0	lts_1103L_15_01	15	01	1	375	16	1	1	Hit	757	16-mul/ADENTRAY3.jpg	ADENTRAY3.jpg	SPACE	801	SPACE
1446575217460	0	lts_1103L_15_01	15	01	1	376	0	0	0	CR	MAX	Achickendinne.jpg	Achickendinne.jpg	NOKEY	MAX	NOKEY
1446575218513	0	lts_1103L_15_01	15	01	1	377	8	1	1	Hit	569	8-first/8059226.thl.jpg	8059226.thl.jpg	SPACE	620	SPACE
1446575221589	0	lts_1103L_15_01	15	01	1	378	0	0	0	CR	MAX	AFBLADE.jpg	AFBLADE.jpg	NOKEY	MAX	NOKEY
1446575222659	0	lts_1103L_15_01	15	01	1	379	2	1	1	Hit	586	2-mul/8059226.thl.jpg	8059226.thl.jpg	SPACE	637	SPACE
1446575225735	0	lts_1103L_15_01	15	01	1	380	0	0	0	CR	MAX	23048010.thl.jpg	23048010.thl.jpg	NOKEY	MAX	NOKEY
1446575228811	0	lts_1103L_15_01	15	01	1	381	0	0	0	CR	MAX	dftslturapr.jpg	dftslturapr.jpg	NOKEY	MAX	NOKEY
1446575231887	0	lts_1103L_15_01	15	01	1	382	0	0	0	CR	MAX	ABULDOZER.jpg	ABULDOZER.jpg	NOKEY	MAX	NOKEY
1446575234963	0	lts_1103L_15_01	15	01	1	383	0	0	0	CR	MAX	2/tofu.jpg	tofu.jpg	NOKEY	MAX	NOKEY
1446575238040	0	lts_1103L_15_01	15	01	1	384	0	0	0	CR	MAX	4/A25PINCON.jpg	A25PINCON.jpg	NOKEY	MAX	NOKEY
1446575239244	0	lts_1103L_15_01	15	01	1	385	2	1	1	Hit	724	2-6/tofu.jpg	tofu.jpg	SPACE	768	SPACE
1446575242320	0	lts_1103L_15_01	15	01	1	386	0	0	0	CR	MAX	22827540.thl.jpg	22827540.thl.jpg	NOKEY	MAX	NOKEY
1446575245396	0	lts_1103L_15_01	15	01	1	387	0	0	0	CR	MAX	Aim4ribbo.jpg	Aim4ribbo.jpg	NOKEY	MAX	NOKEY
1446575246532	0	lts_1103L_15_01	15	01	1	388	4	1	1	Hit	656	4-1/A25PINCON.jpg	A25PINCON.jpg	SPACE	702	SPACE
1446575249608	0	lts_1103L_15_01	15	01	1	389	0	0	0	CR	MAX	ACAESALAD.jpg	ACAESALAD.jpg	NOKEY	MAX	NOKEY
1446575252701	0	lts_1103L_15_01	15	01	1	390	0	0	0	CR	MAX	4/Acamelsculpt2.jpg	Acamelsculpt2.jpg	NOKEY	MAX	NOKEY
1446575255777	0	lts_1103L_15_01	15	01	1	391	0	0	0	CR	MAX	swimming pool.jpg	swimming pool.jpg	NOKEY	MAX	NOKEY
1446575258853	0	lts_1103L_15_01	15	01	1	392	0	0	0	CR	MAX	Asoundmixer2.jpg	Asoundmixer2.jpg	NOKEY	MAX	NOKEY
1446575261929	0	lts_1103L_15_01	15	01	1	393	0	0	0	CR	MAX	Alatch7.jpg	Alatch7.jpg	NOKEY	MAX	NOKEY
1446575265006	0	lts_1103L_15_01	15	01	1	394	4	1	0	Miss	MAX	4-12/Acamelsculpt2.jpg	Acamelsculpt2.jpg	NOKEY	MAX	SPACE
1446575268082	0	lts_1103L_15_01	15	01	1	395	0	0	0	CR	MAX	1/26420979.thl.jpg	26420979.thl.jpg	NOKEY	MAX	NOKEY
1446575269068	0	lts_1103L_15_01	15	01	1	396	1	1	1	Hit	516	1-0/26420979.thl.jpg	26420979.thl.jpg	SPACE	551	SPACE
1446575272144	0	lts_1103L_15_01	15	01	1	397	0	0	0	CR	MAX	Aroadsignind3.jpg	Aroadsignind3.jpg	NOKEY	MAX	NOKEY
1446575275220	0	lts_1103L_15_01	15	01	1	398	0	0	0	CR	MAX	4/Afunnel17.jpg	Afunnel17.jpg	NOKEY	MAX	NOKEY
1446575276374	0	lts_1103L_15_01	15	01	1	399	0	0	1	FA	675	D_exercisebike.jpg	D_exercisebike.jpg	SPACE	718	NOKEY
1446575279449	0	lts_1103L_15_01	15	01	1	400	0	0	0	CR	MAX	26420069.thl.jpg	26420069.thl.jpg	NOKEY	MAX	NOKEY
1446575282525	0	lts_1103L_15_01	15	01	1	401	0	0	0	CR	MAX	swimmies.jpg	swimmies.jpg	NOKEY	MAX	NOKEY
1446575284047	0	lts_1103L_15_01	15	01	1	402	4	1	1	Hit	1038	4-8/Afunnel17.jpg	Afunnel17.jpg	SPACE	1086	SPACE
1446575287123	0	lts_1103L_15_01	15	01	1	403	0	0	0	CR	MAX	beanbagchair.jpg	beanbagchair.jpg	NOKEY	MAX	NOKEY
1446575290199	0	lts_1103L_15_01	15	01	1	404	0	0	0	CR	MAX	8024597.thl.jpg	8024597.thl.jpg	NOKEY	MAX	NOKEY
1446575293276	0	lts_1103L_15_01	15	01	1	405	8	1	0	Miss	MAX	8/golf-ball.JPG	golf-ball.JPG	NOKEY	MAX	SPACE
1446575296352	0	lts_1103L_15_01	15	01	1	406	0	0	0	CR	MAX	AVIOLINCO.jpg	AVIOLINCO.jpg	NOKEY	MAX	NOKEY
1446575298107	0	lts_1103L_15_01	15	01	1	407	128	1	1	Hit	1284	128-3/AMILKJUG.jpg	AMILKJUG.jpg	SPACE	1320	SPACE
1446575301183	0	lts_1103L_15_01	15	01	1	408	0	0	0	CR	MAX	Abedpan7.jpg	Abedpan7.jpg	NOKEY	MAX	NOKEY
1446575304259	0	lts_1103L_15_01	15	01	1	409	0	0	0	CR	MAX	32/AICESKAT8.jpg	AICESKAT8.jpg	NOKEY	MAX	NOKEY
1446575307352	0	lts_1103L_15_01	15	01	1	410	0	0	0	CR	MAX	8/ARASPBER2.jpg	ARASPBER2.jpg	NOKEY	MAX	NOKEY
1446575310428	0	lts_1103L_15_01	15	01	1	411	0	0	0	CR	MAX	Acompass18.jpg	Acompass18.jpg	NOKEY	MAX	NOKEY
1446575313503	0	lts_1103L_15_01	15	01	1	412	0	0	0	CR	MAX	APOTWHOLE.jpg	APOTWHOLE.jpg	NOKEY	MAX	NOKEY
1446575314489	0	lts_1103L_15_01	15	01	1	413	8	1	1	Hit	509	8-first/golf-ball.JPG	golf-ball.JPG	SPACE	552	SPACE
1446575317566	0	lts_1103L_15_01	15	01	1	414	0	0	0	CR	MAX	ACHANGDIS.jpg	ACHANGDIS.jpg	NOKEY	MAX	NOKEY
1446575318535	0	lts_1103L_15_01	15	01	1	415	2	1	1	Hit	494	2-mul/golf-ball.JPG	golf-ball.JPG	SPACE	536	SPACE
1446575321611	0	lts_1103L_15_01	15	01	1	416	0	0	0	CR	MAX	AWOODST19.jpg	AWOODST19.jpg	NOKEY	MAX	NOKEY
1446575324687	0	lts_1103L_15_01	15	01	1	417	0	0	0	CR	MAX	Aflamingo4.jpg	Aflamingo4.jpg	NOKEY	MAX	NOKEY
1446575326042	0	lts_1103L_15_01	15	01	1	418	8	1	1	Hit	870	8-first/ARASPBER2.jpg	ARASPBER2.jpg	SPACE	919	SPACE
1446575329118	0	lts_1103L_15_01	15	01	1	419	0	0	0	CR	MAX	2/Astereo30.jpg	Astereo30.jpg	NOKEY	MAX	NOKEY
1446575332195	0	lts_1103L_15_01	15	01	1	420	0	0	0	CR	MAX	ADOGFOOD.jpg	ADOGFOOD.jpg	NOKEY	MAX	NOKEY
1446575333315	0	lts_1103L_15_01	15	01	1	421	2	1	1	Hit	649	2-0/Astereo30.jpg	Astereo30.jpg	SPACE	684	SPACE
1446575336391	0	lts_1103L_15_01	15	01	1	422	0	0	0	CR	MAX	22910996.thl.jpg	22910996.thl.jpg	NOKEY	MAX	NOKEY
1446575339466	0	lts_1103L_15_01	15	01	1	423	0	0	0	CR	MAX	Aglassjarwit2.jpg	Aglassjarwit2.jpg	NOKEY	MAX	NOKEY
1446575342542	0	lts_1103L_15_01	15	01	1	424	0	0	0	CR	MAX	AARTPLANT.jpg	AARTPLANT.jpg	NOKEY	MAX	NOKEY
1446575345618	0	lts_1103L_15_01	15	01	1	425	128	1	0	Miss	MAX	128-1/Astatue99.jpg	Astatue99.jpg	NOKEY	MAX	SPACE
1446575348694	0	lts_1103L_15_01	15	01	1	426	0	0	0	CR	MAX	26378596.thl.jpg	26378596.thl.jpg	NOKEY	MAX	NOKEY
1446575351770	0	lts_1103L_15_01	15	01	1	427	0	0	0	CR	MAX	4/26688546.thl.jpg	26688546.thl.jpg	NOKEY	MAX	NOKEY
1446575352907	0	lts_1103L_15_01	15	01	1	428	00	1	1	Hit	654	00-across/AELEMENT2.jpg	AELEMENT2.jpg	SPACE	702	SPACE
1446575355983	0	lts_1103L_15_01	15	01	1	429	0	0	0	CR	MAX	ASHOTCAS2.jpg	ASHOTCAS2.jpg	NOKEY	MAX	NOKEY
1446575359060	0	lts_1103L_15_01	15	01	1	430	0	0	0	CR	MAX	ARICE2.jpg	ARICE2.jpg	NOKEY	MAX	NOKEY
1446575360097	0	lts_1103L_15_01	15	01	1	431	4	1	1	Hit	550	4-10/26688546.thl.jpg	26688546.thl.jpg	SPACE	601	SPACE
1446575363173	0	lts_1103L_15_01	15	01	1	432	0	0	0	CR	MAX	AANTCABL2.jpg	AANTCABL2.jpg	NOKEY	MAX	NOKEY
1446575366249	0	lts_1103L_15_01	15	01	1	433	0	0	0	CR	MAX	acquarium.jpg	acquarium.jpg	NOKEY	MAX	NOKEY
1446575367285	0	lts_1103L_15_01	15	01	1	434	16	1	1	Hit	562	16-mul/ARASPBER2.jpg	ARASPBER2.jpg	SPACE	601	SPACE
1446575370361	0	lts_1103L_15_01	15	01	1	435	0	0	0	CR	MAX	Aoutdoorhalo2.jpg	Aoutdoorhalo2.jpg	NOKEY	MAX	NOKEY
1446575373436	0	lts_1103L_15_01	15	01	1	436	0	0	0	CR	MAX	8/22853352.thl.jpg	22853352.thl.jpg	NOKEY	MAX	NOKEY
1446575374623	0	lts_1103L_15_01	15	01	1	437	00	1	1	Hit	704	00-across/skateboard.jpg	skateboard.jpg	SPACE	753	SPACE
1446575377699	0	lts_1103L_15_01	15	01	1	438	0	0	0	CR	MAX	AHOSPCRI3.jpg	AHOSPCRI3.jpg	NOKEY	MAX	NOKEY
1446575380775	0	lts_1103L_15_01	15	01	1	439	0	0	0	CR	MAX	Awoodplaner2.jpg	Awoodplaner2.jpg	NOKEY	MAX	NOKEY
1446575383851	0	lts_1103L_15_01	15	01	1	440	0	0	0	CR	MAX	23024623.thl.jpg	23024623.thl.jpg	NOKEY	MAX	NOKEY
1446575386927	0	lts_1103L_15_01	15	01	1	441	32	1	0	Miss	MAX	32-4/AICESKAT8.jpg	AICESKAT8.jpg	NOKEY	MAX	SPACE
1446575390004	0	lts_1103L_15_01	15	01	1	442	0	0	0	CR	MAX	8031659.thl.jpg	8031659.thl.jpg	NOKEY	MAX	NOKEY
1446575393081	0	lts_1103L_15_01	15	01	1	443	0	0	0	CR	MAX	8248852.thl.jpg	8248852.thl.jpg	NOKEY	MAX	NOKEY
1446575396157	0	lts_1103L_15_01	15	01	1	444	8	1	0	Miss	MAX	8-1/22853352.thl.jpg	22853352.thl.jpg	NOKEY	MAX	SPACE
1446575399233	0	lts_1103L_15_01	15	01	1	445	0	0	0	CR	MAX	Awhistl15.jpg	Awhistl15.jpg	NOKEY	MAX	NOKEY
1446575402309	0	lts_1103L_15_01	15	01	1	446	0	0	0	CR	MAX	B_makeupbag.jpg	B_makeupbag.jpg	NOKEY	MAX	NOKEY
1446575405385	0	lts_1103L_15_01	15	01	1	447	128	1	0	Miss	MAX	128-4/hairbarette.jpg	hairbarette.jpg	NOKEY	MAX	SPACE
1446575408460	0	lts_1103L_15_01	15	01	1	448	0	0	0	CR	MAX	APOGO4.jpg	APOGO4.jpg	NOKEY	MAX	NOKEY
1446575411536	0	lts_1103L_15_01	15	01	1	449	0	0	0	CR	MAX	ADUNEBUGG.jpg	ADUNEBUGG.jpg	NOKEY	MAX	NOKEY
1446575423339	0	E	Logging Ends
