1447872572487	0	B	Logging Begins
1447872850087	0	lts_1118I_36_01	36	01	0	0	0	0	0	CR	MAX	ABANJO5.jpg	ABANJO5.jpg	NOKEY	MAX	NOKEY
1447872853163	0	lts_1118I_36_01	36	01	0	1	0	0	0	CR	MAX	4/26374135.thl.jpg	26374135.thl.jpg	NOKEY	MAX	NOKEY
1447872856238	0	lts_1118I_36_01	36	01	0	2	0	0	0	CR	MAX	Abrickhomeand.jpg	Abrickhomeand.jpg	NOKEY	MAX	NOKEY
1447872859314	0	lts_1118I_36_01	36	01	0	3	0	0	0	CR	MAX	Adecorati133.jpg	Adecorati133.jpg	NOKEY	MAX	NOKEY
1447872862390	0	lts_1118I_36_01	36	01	0	4	0	0	0	CR	MAX	Abloodorange.jpg	Abloodorange.jpg	NOKEY	MAX	NOKEY
1447872865466	0	lts_1118I_36_01	36	01	0	5	4	1	0	Miss	MAX	4-12/26374135.thl.jpg	26374135.thl.jpg	NOKEY	MAX	SPACE
1447872868542	0	lts_1118I_36_01	36	01	0	6	0	0	0	CR	MAX	8/26433686.thl.jpg	26433686.thl.jpg	NOKEY	MAX	NOKEY
1447872871618	0	lts_1118I_36_01	36	01	0	7	0	0	0	CR	MAX	ACURLER.jpg	ACURLER.jpg	NOKEY	MAX	NOKEY
1447872874694	0	lts_1118I_36_01	36	01	0	8	0	0	0	CR	MAX	erasergum.jpg	erasergum.jpg	NOKEY	MAX	NOKEY
1447872877770	0	lts_1118I_36_01	36	01	0	9	0	0	0	CR	MAX	Awindmill3.jpg	Awindmill3.jpg	NOKEY	MAX	NOKEY
1447872880863	0	lts_1118I_36_01	36	01	0	10	0	0	0	CR	MAX	2/Alock34.jpg	Alock34.jpg	NOKEY	MAX	NOKEY
1447872883939	0	lts_1118I_36_01	36	01	0	11	0	0	0	CR	MAX	ASHAVING9.jpg	ASHAVING9.jpg	NOKEY	MAX	NOKEY
1447872885094	0	lts_1118I_36_01	36	01	0	12	2	1	1	Hit	683	2-13/Alock34.jpg	Alock34.jpg	SPACE	719	SPACE
1447872888170	0	lts_1118I_36_01	36	01	0	13	0	0	0	CR	MAX	Adrinkinggl21.jpg	Adrinkinggl21.jpg	NOKEY	MAX	NOKEY
1447872889289	0	lts_1118I_36_01	36	01	0	14	8	1	1	Hit	636	8-2/26433686.thl.jpg	26433686.thl.jpg	SPACE	685	SPACE
1447872892365	0	lts_1118I_36_01	36	01	0	15	0	0	0	CR	MAX	1/mechanicalspring.jpg	mechanicalspring.jpg	NOKEY	MAX	NOKEY
1447872893385	0	lts_1118I_36_01	36	01	0	16	1	1	1	Hit	549	1-10/mechanicalspring.jpg	mechanicalspring.jpg	SPACE	586	SPACE
1447872896461	0	lts_1118I_36_01	36	01	0	17	0	0	0	CR	MAX	2/Atool198.jpg	Atool198.jpg	NOKEY	MAX	NOKEY
1447872899537	0	lts_1118I_36_01	36	01	0	18	0	0	0	CR	MAX	AANTOAST3.jpg	AANTOAST3.jpg	NOKEY	MAX	NOKEY
1447872900640	0	lts_1118I_36_01	36	01	0	19	2	1	1	Hit	629	2-3/Atool198.jpg	Atool198.jpg	SPACE	670	SPACE
1447872903716	0	lts_1118I_36_01	36	01	0	20	0	0	0	CR	MAX	26374605.thl.jpg	26374605.thl.jpg	NOKEY	MAX	NOKEY
1447872906792	0	lts_1118I_36_01	36	01	0	21	0	0	0	CR	MAX	2/8078142.thl.jpg	8078142.thl.jpg	NOKEY	MAX	NOKEY
1447872908481	0	lts_1118I_36_01	36	01	0	22	0	0	1	FA	1211	22855536.thl.jpg	22855536.thl.jpg	SPACE	1255	NOKEY
1447872909601	0	lts_1118I_36_01	36	01	0	23	2	1	1	Hit	648	2-5/8078142.thl.jpg	8078142.thl.jpg	SPACE	687	SPACE
1447872910955	0	lts_1118I_36_01	36	01	0	24	0	0	1	FA	864	Arack3.jpg	Arack3.jpg	SPACE	903	NOKEY
1447872914032	0	lts_1118I_36_01	36	01	0	25	0	0	0	CR	MAX	1/ABABYDOLL.jpg	ABABYDOLL.jpg	NOKEY	MAX	NOKEY
1447872915002	0	lts_1118I_36_01	36	01	0	26	1	1	1	Hit	496	1-1/ABABYDOLL.jpg	ABABYDOLL.jpg	SPACE	534	SPACE
1447872918078	0	lts_1118I_36_01	36	01	0	27	0	0	0	CR	MAX	ferrywheeltoy.jpg	ferrywheeltoy.jpg	NOKEY	MAX	NOKEY
1447872921154	0	lts_1118I_36_01	36	01	0	28	0	0	0	CR	MAX	32/ACOPPAN10.jpg	ACOPPAN10.jpg	NOKEY	MAX	NOKEY
1447872924230	0	lts_1118I_36_01	36	01	0	29	0	0	0	CR	MAX	1/8020200.thl.jpg	8020200.thl.jpg	NOKEY	MAX	NOKEY
1447872925116	0	lts_1118I_36_01	36	01	0	30	1	1	1	Hit	412	1-9/8020200.thl.jpg	8020200.thl.jpg	SPACE	452	SPACE
1447872928192	0	lts_1118I_36_01	36	01	0	31	0	0	0	CR	MAX	1/Apineapple3.jpg	Apineapple3.jpg	NOKEY	MAX	NOKEY
1447872929061	0	lts_1118I_36_01	36	01	0	32	1	1	1	Hit	388	1-14/Apineapple3.jpg	Apineapple3.jpg	SPACE	433	SPACE
1447872932137	0	lts_1118I_36_01	36	01	0	33	0	0	0	CR	MAX	ABABYCUP3.jpg	ABABYCUP3.jpg	NOKEY	MAX	NOKEY
1447872935213	0	lts_1118I_36_01	36	01	0	34	0	0	0	CR	MAX	8/AAIRPRES4.jpg	AAIRPRES4.jpg	NOKEY	MAX	NOKEY
1447872937052	0	lts_1118I_36_01	36	01	0	35	0	0	1	FA	1356	ADRUM.jpg	ADRUM.jpg	SPACE	1403	NOKEY
1447872940129	0	lts_1118I_36_01	36	01	0	36	0	0	0	CR	MAX	AMOSQAMBE.jpg	AMOSQAMBE.jpg	NOKEY	MAX	NOKEY
1447872943221	0	lts_1118I_36_01	36	01	0	37	0	0	0	CR	MAX	asparagus.jpg	asparagus.jpg	NOKEY	MAX	NOKEY
1447872946296	0	lts_1118I_36_01	36	01	0	38	0	0	0	CR	MAX	64/AREDROSE8.jpg	AREDROSE8.jpg	NOKEY	MAX	NOKEY
1447872949372	0	lts_1118I_36_01	36	01	0	39	0	0	0	CR	MAX	8/Aseal3.jpg	Aseal3.jpg	NOKEY	MAX	NOKEY
1447872952448	0	lts_1118I_36_01	36	01	0	40	0	0	0	CR	MAX	orientalvase.jpg	orientalvase.jpg	NOKEY	MAX	NOKEY
1447872955525	0	lts_1118I_36_01	36	01	0	41	0	0	0	CR	MAX	16/AFERRAF40.jpg	AFERRAF40.jpg	NOKEY	MAX	NOKEY
1447872956611	0	lts_1118I_36_01	36	01	0	42	8	1	1	Hit	615	8-first/AAIRPRES4.jpg	AAIRPRES4.jpg	SPACE	653	SPACE
1447872959687	0	lts_1118I_36_01	36	01	0	43	0	0	0	CR	MAX	Atoy57.jpg	Atoy57.jpg	NOKEY	MAX	NOKEY
1447872960741	0	lts_1118I_36_01	36	01	0	44	2	1	1	Hit	577	2-mul/AAIRPRES4.jpg	AAIRPRES4.jpg	SPACE	618	SPACE
1447872963833	0	lts_1118I_36_01	36	01	0	45	0	0	0	CR	MAX	Ajetski15.jpg	Ajetski15.jpg	NOKEY	MAX	NOKEY
1447872966909	0	lts_1118I_36_01	36	01	0	46	0	0	0	CR	MAX	Acanoe19.jpg	Acanoe19.jpg	NOKEY	MAX	NOKEY
1447872967929	0	lts_1118I_36_01	36	01	0	47	8	1	1	Hit	544	8-first/Aseal3.jpg	Aseal3.jpg	SPACE	585	SPACE
1447872971023	0	lts_1118I_36_01	36	01	0	48	0	0	0	CR	MAX	potato.jpg	potato.jpg	NOKEY	MAX	NOKEY
1447872972426	0	lts_1118I_36_01	36	01	0	49	0	0	1	FA	919	64/ABALALAI3.jpg	ABALALAI3.jpg	SPACE	970	NOKEY
1447872975502	0	lts_1118I_36_01	36	01	0	50	0	0	0	CR	MAX	26421575.thl.jpg	26421575.thl.jpg	NOKEY	MAX	NOKEY
1447872976572	0	lts_1118I_36_01	36	01	0	51	4	1	1	Hit	589	4-mul/Aseal3.jpg	Aseal3.jpg	SPACE	636	SPACE
1447872979648	0	lts_1118I_36_01	36	01	0	52	0	0	0	CR	MAX	AHEDGEHOG.jpg	AHEDGEHOG.jpg	NOKEY	MAX	NOKEY
1447872982724	0	lts_1118I_36_01	36	01	0	53	0	0	0	CR	MAX	2/Abird41.jpg	Abird41.jpg	NOKEY	MAX	NOKEY
1447872985800	0	lts_1118I_36_01	36	01	0	54	0	0	0	CR	MAX	AGRAINSI5.jpg	AGRAINSI5.jpg	NOKEY	MAX	NOKEY
1447872986870	0	lts_1118I_36_01	36	01	0	55	2	1	1	Hit	588	2-1/Abird41.jpg	Abird41.jpg	SPACE	635	SPACE
1447872989946	0	lts_1118I_36_01	36	01	0	56	0	0	0	CR	MAX	64/Avacuum20.jpg	Avacuum20.jpg	NOKEY	MAX	NOKEY
1447872990933	0	lts_1118I_36_01	36	01	0	57	16	1	1	Hit	504	16-first/AFERRAF40.jpg	AFERRAF40.jpg	SPACE	552	SPACE
1447872994027	0	lts_1118I_36_01	36	01	0	58	0	0	0	CR	MAX	Athermos7.jpg	Athermos7.jpg	NOKEY	MAX	NOKEY
1447872997103	0	lts_1118I_36_01	36	01	0	59	0	0	0	CR	MAX	8/waterfilter.jpg	waterfilter.jpg	NOKEY	MAX	NOKEY
1447872998072	0	lts_1118I_36_01	36	01	0	60	32	1	1	Hit	496	32-7/ACOPPAN10.jpg	ACOPPAN10.jpg	SPACE	534	SPACE
1447873001148	0	lts_1118I_36_01	36	01	0	61	0	0	0	CR	MAX	23051010.thl.jpg	23051010.thl.jpg	NOKEY	MAX	NOKEY
1447873004224	0	lts_1118I_36_01	36	01	0	62	0	0	0	CR	MAX	64/26441750.thl.jpg	26441750.thl.jpg	NOKEY	MAX	NOKEY
1447873007299	0	lts_1118I_36_01	36	01	0	63	0	0	0	CR	MAX	Aclamp42.jpg	Aclamp42.jpg	NOKEY	MAX	NOKEY
1447873010376	0	lts_1118I_36_01	36	01	0	64	0	0	0	CR	MAX	8077486.thl.jpg	8077486.thl.jpg	NOKEY	MAX	NOKEY
1447873013452	0	lts_1118I_36_01	36	01	0	65	0	0	0	CR	MAX	AAIRPUMP2.jpg	AAIRPUMP2.jpg	NOKEY	MAX	NOKEY
1447873016528	0	lts_1118I_36_01	36	01	0	66	0	0	0	CR	MAX	8019684.thl.jpg	8019684.thl.jpg	NOKEY	MAX	NOKEY
1447873017564	0	lts_1118I_36_01	36	01	0	67	8	1	1	Hit	566	8-first/waterfilter.jpg	waterfilter.jpg	SPACE	603	SPACE
1447873020640	0	lts_1118I_36_01	36	01	0	68	0	0	0	CR	MAX	A_chocolate.jpg	A_chocolate.jpg	NOKEY	MAX	NOKEY
1447873021627	0	lts_1118I_36_01	36	01	0	69	2	1	1	Hit	513	2-mul/waterfilter.jpg	waterfilter.jpg	SPACE	552	SPACE
1447873024703	0	lts_1118I_36_01	36	01	0	70	0	0	0	CR	MAX	ASECCAME3.jpg	ASECCAME3.jpg	NOKEY	MAX	NOKEY
1447873027779	0	lts_1118I_36_01	36	01	0	71	0	0	0	CR	MAX	vendingmachine.jpg	vendingmachine.jpg	NOKEY	MAX	NOKEY
1447873030871	0	lts_1118I_36_01	36	01	0	72	0	0	0	CR	MAX	Anailscissors.jpg	Anailscissors.jpg	NOKEY	MAX	NOKEY
1447873031891	0	lts_1118I_36_01	36	01	0	73	16	1	1	Hit	544	16-mul/AFERRAF40.jpg	AFERRAF40.jpg	SPACE	585	SPACE
1447873034967	0	lts_1118I_36_01	36	01	0	74	0	0	0	CR	MAX	Astereo30.jpg	Astereo30.jpg	NOKEY	MAX	NOKEY
1447873038044	0	lts_1118I_36_01	36	01	0	75	0	0	0	CR	MAX	128/Areceptacle3.jpg	Areceptacle3.jpg	NOKEY	MAX	NOKEY
1447873041120	0	lts_1118I_36_01	36	01	0	76	0	0	0	CR	MAX	26423905.thl.jpg	26423905.thl.jpg	NOKEY	MAX	NOKEY
1447873044197	0	lts_1118I_36_01	36	01	0	77	0	0	0	CR	MAX	2/AAFRICS13.jpg	AAFRICS13.jpg	NOKEY	MAX	NOKEY
1447873047272	0	lts_1118I_36_01	36	01	0	78	0	0	0	CR	MAX	Amannequin2.jpg	Amannequin2.jpg	NOKEY	MAX	NOKEY
1447873048358	0	lts_1118I_36_01	36	01	0	79	2	1	1	Hit	610	2-12/AAFRICS13.jpg	AAFRICS13.jpg	SPACE	652	SPACE
1447873051451	0	lts_1118I_36_01	36	01	0	80	0	0	0	CR	MAX	Atoothbrush3.jpg	Atoothbrush3.jpg	NOKEY	MAX	NOKEY
1447873054544	0	lts_1118I_36_01	36	01	0	81	0	0	0	CR	MAX	Achair618.jpg	Achair618.jpg	NOKEY	MAX	NOKEY
1447873057620	0	lts_1118I_36_01	36	01	0	82	0	0	0	CR	MAX	Aheartmonito4.jpg	Aheartmonito4.jpg	NOKEY	MAX	NOKEY
1447873060696	0	lts_1118I_36_01	36	01	0	83	0	0	0	CR	MAX	Adicecupandb5.jpg	Adicecupandb5.jpg	NOKEY	MAX	NOKEY
1447873063772	0	lts_1118I_36_01	36	01	0	84	0	0	0	CR	MAX	2/AROBES4.jpg	AROBES4.jpg	NOKEY	MAX	NOKEY
1447873066848	0	lts_1118I_36_01	36	01	0	85	0	0	0	CR	MAX	stickersparty.jpg	stickersparty.jpg	NOKEY	MAX	NOKEY
1447873067851	0	lts_1118I_36_01	36	01	0	86	2	1	1	Hit	526	2-2/AROBES4.jpg	AROBES4.jpg	SPACE	569	SPACE
1447873070927	0	lts_1118I_36_01	36	01	0	87	0	0	0	CR	MAX	4/Acomputerbag.jpg	Acomputerbag.jpg	NOKEY	MAX	NOKEY
1447873074004	0	lts_1118I_36_01	36	01	0	88	0	0	0	CR	MAX	cowboywagon.jpg	cowboywagon.jpg	NOKEY	MAX	NOKEY
1447873077080	0	lts_1118I_36_01	36	01	0	89	0	0	0	CR	MAX	8021410.thl.jpg	8021410.thl.jpg	NOKEY	MAX	NOKEY
1447873080156	0	lts_1118I_36_01	36	01	0	90	0	0	0	CR	MAX	4/ADAQUIRI.jpg	ADAQUIRI.jpg	NOKEY	MAX	NOKEY
1447873081226	0	lts_1118I_36_01	36	01	0	91	4	1	1	Hit	590	4-5/Acomputerbag.jpg	Acomputerbag.jpg	SPACE	634	SPACE
1447873084318	0	lts_1118I_36_01	36	01	0	92	0	0	0	CR	MAX	26369999.thl.jpg	26369999.thl.jpg	NOKEY	MAX	NOKEY
1447873087394	0	lts_1118I_36_01	36	01	0	93	0	0	0	CR	MAX	Abasket108.jpg	Abasket108.jpg	NOKEY	MAX	NOKEY
1447873088464	0	lts_1118I_36_01	36	01	0	94	4	1	1	Hit	589	4-2/ADAQUIRI.jpg	ADAQUIRI.jpg	SPACE	636	SPACE
1447873091540	0	lts_1118I_36_01	36	01	0	95	0	0	0	CR	MAX	Aberries5.jpg	Aberries5.jpg	NOKEY	MAX	NOKEY
1447873094616	0	lts_1118I_36_01	36	01	0	96	0	0	0	CR	MAX	1/22826748.thl.jpg	22826748.thl.jpg	NOKEY	MAX	NOKEY
1447873095603	0	lts_1118I_36_01	36	01	0	97	1	1	1	Hit	516	1-7/22826748.thl.jpg	22826748.thl.jpg	SPACE	552	SPACE
1447873098679	0	lts_1118I_36_01	36	01	0	98	0	0	0	CR	MAX	128/Atoy21.jpg	Atoy21.jpg	NOKEY	MAX	NOKEY
1447873101755	0	lts_1118I_36_01	36	01	0	99	0	0	0	CR	MAX	piece.jpg	piece.jpg	NOKEY	MAX	NOKEY
1447873104831	0	lts_1118I_36_01	36	01	0	100	0	0	0	CR	MAX	AEGGHOLDE.jpg	AEGGHOLDE.jpg	NOKEY	MAX	NOKEY
1447873107907	0	lts_1118I_36_01	36	01	0	101	0	0	0	CR	MAX	Aceramichous2.jpg	Aceramichous2.jpg	NOKEY	MAX	NOKEY
1447873108927	0	lts_1118I_36_01	36	01	0	102	64	1	1	Hit	544	64-first/AREDROSE8.jpg	AREDROSE8.jpg	SPACE	586	SPACE
1447873112004	0	lts_1118I_36_01	36	01	0	103	0	0	0	CR	MAX	1/Afaucet9.jpg	Afaucet9.jpg	NOKEY	MAX	NOKEY
1447873112889	0	lts_1118I_36_01	36	01	0	104	1	1	1	Hit	413	1-4/Afaucet9.jpg	Afaucet9.jpg	SPACE	451	SPACE
1447873115965	0	lts_1118I_36_01	36	01	0	105	0	0	0	CR	MAX	948_01.jpg	948_01.jpg	NOKEY	MAX	NOKEY
1447873117002	0	lts_1118I_36_01	36	01	0	106	4	1	1	Hit	560	4-mul/AREDROSE8.jpg	AREDROSE8.jpg	SPACE	602	SPACE
1447873120078	0	lts_1118I_36_01	36	01	0	107	0	0	0	CR	MAX	32/26421536.thl.jpg	26421536.thl.jpg	NOKEY	MAX	NOKEY
1447873121381	0	lts_1118I_36_01	36	01	0	108	0	0	1	FA	817	Atoyswing.jpg	Atoyswing.jpg	SPACE	868	NOKEY
1447873124457	0	lts_1118I_36_01	36	01	0	109	0	0	0	CR	MAX	26421106.thl.jpg	26421106.thl.jpg	NOKEY	MAX	NOKEY
1447873127533	0	lts_1118I_36_01	36	01	0	110	0	0	0	CR	MAX	1/Ajar33.jpg	Ajar33.jpg	NOKEY	MAX	NOKEY
1447873128420	0	lts_1118I_36_01	36	01	0	111	1	1	1	Hit	402	1-6/Ajar33.jpg	Ajar33.jpg	SPACE	452	SPACE
1447873131496	0	lts_1118I_36_01	36	01	0	112	0	0	0	CR	MAX	ACARMON.jpg	ACARMON.jpg	NOKEY	MAX	NOKEY
1447873132883	0	lts_1118I_36_01	36	01	0	113	64	1	1	Hit	907	64-first/ABALALAI3.jpg	ABALALAI3.jpg	SPACE	953	SPACE
1447873135959	0	lts_1118I_36_01	36	01	0	114	0	0	0	CR	MAX	Achair1260.jpg	Achair1260.jpg	NOKEY	MAX	NOKEY
1447873136979	0	lts_1118I_36_01	36	01	0	115	2	1	1	Hit	546	2-mul/ABALALAI3.jpg	ABALALAI3.jpg	SPACE	585	SPACE
1447873140056	0	lts_1118I_36_01	36	01	0	116	0	0	0	CR	MAX	APASTA19.jpg	APASTA19.jpg	NOKEY	MAX	NOKEY
1447873143132	0	lts_1118I_36_01	36	01	0	117	0	0	0	CR	MAX	128/gondola.jpg	gondola.jpg	NOKEY	MAX	NOKEY
1447873144352	0	lts_1118I_36_01	36	01	0	118	0	0	1	FA	750	AAFRICI13.jpg	AAFRICI13.jpg	SPACE	784	NOKEY
1447873147444	0	lts_1118I_36_01	36	01	0	119	0	0	0	CR	MAX	Aflower136.jpg	Aflower136.jpg	NOKEY	MAX	NOKEY
1447873148564	0	lts_1118I_36_01	36	01	0	120	64	1	1	Hit	645	64-first/Avacuum20.jpg	Avacuum20.jpg	SPACE	686	SPACE
1447873151640	0	lts_1118I_36_01	36	01	0	121	0	0	0	CR	MAX	Acheque.jpg	Acheque.jpg	NOKEY	MAX	NOKEY
1447873154767	0	lts_1118I_36_01	36	01	0	122	0	0	0	CR	MAX	candy3.jpg	candy3.jpg	NOKEY	MAX	NOKEY
1447873157843	0	lts_1118I_36_01	36	01	0	123	0	0	0	CR	MAX	ABUMBBE2.jpg	ABUMBBE2.jpg	NOKEY	MAX	NOKEY
1447873158896	0	lts_1118I_36_01	36	01	0	124	4	1	1	Hit	571	4-mul/Avacuum20.jpg	Avacuum20.jpg	SPACE	619	SPACE
1447873160635	0	lts_1118I_36_01	36	01	0	125	0	0	1	FA	1241	AORGAN.jpg	AORGAN.jpg	SPACE	1289	NOKEY
1447873161855	0	lts_1118I_36_01	36	01	0	126	64	1	1	Hit	744	64-first/26441750.thl.jpg	26441750.thl.jpg	SPACE	786	SPACE
1447873164931	0	lts_1118I_36_01	36	01	0	127	0	0	0	CR	MAX	driedbeans.jpg	driedbeans.jpg	NOKEY	MAX	NOKEY
1447873165934	0	lts_1118I_36_01	36	01	0	128	2	1	1	Hit	527	2-mul/26441750.thl.jpg	26441750.thl.jpg	SPACE	568	SPACE
1447873169011	0	lts_1118I_36_01	36	01	0	129	0	0	0	CR	MAX	Adustpanbrush.jpg	Adustpanbrush.jpg	NOKEY	MAX	NOKEY
1447873170632	0	lts_1118I_36_01	36	01	0	130	0	0	1	FA	1140	4/Akeg6.jpg	Akeg6.jpg	SPACE	1187	NOKEY
1447873172020	0	lts_1118I_36_01	36	01	0	131	0	0	1	FA	891	Abeverage11.jpg	Abeverage11.jpg	SPACE	936	NOKEY
1447873175097	0	lts_1118I_36_01	36	01	0	132	0	0	0	CR	MAX	ACROQUET2.jpg	ACROQUET2.jpg	NOKEY	MAX	NOKEY
1447873178173	0	lts_1118I_36_01	36	01	0	133	0	0	0	CR	MAX	32/AARMHEL12.jpg	AARMHEL12.jpg	NOKEY	MAX	NOKEY
1447873179308	0	lts_1118I_36_01	36	01	0	134	4	1	1	Hit	663	4-4/Akeg6.jpg	Akeg6.jpg	SPACE	701	SPACE
1447873182384	0	lts_1118I_36_01	36	01	0	135	0	0	0	CR	MAX	ACHRIST14.jpg	ACHRIST14.jpg	NOKEY	MAX	NOKEY
1447873185477	0	lts_1118I_36_01	36	01	0	136	0	0	0	CR	MAX	sportsbasket.jpg	sportsbasket.jpg	NOKEY	MAX	NOKEY
1447873188553	0	lts_1118I_36_01	36	01	0	137	0	0	0	CR	MAX	AKNIGHELM.jpg	AKNIGHELM.jpg	NOKEY	MAX	NOKEY
1447873191629	0	lts_1118I_36_01	36	01	0	138	0	0	0	CR	MAX	26423812.thl.jpg	26423812.thl.jpg	NOKEY	MAX	NOKEY
1447873192699	0	lts_1118I_36_01	36	01	0	139	32	1	1	Hit	598	32-0/26421536.thl.jpg	26421536.thl.jpg	SPACE	635	SPACE
1447873195775	0	lts_1118I_36_01	36	01	0	140	0	0	0	CR	MAX	4/Alipstick3.jpg	Alipstick3.jpg	NOKEY	MAX	NOKEY
1447873198851	0	lts_1118I_36_01	36	01	0	141	0	0	0	CR	MAX	largemacscreen.jpg	largemacscreen.jpg	NOKEY	MAX	NOKEY
1447873201927	0	lts_1118I_36_01	36	01	0	142	0	0	0	CR	MAX	Aelasticbands.jpg	Aelasticbands.jpg	NOKEY	MAX	NOKEY
1447873205021	0	lts_1118I_36_01	36	01	0	143	0	0	0	CR	MAX	AWALKTA25.jpg	AWALKTA25.jpg	NOKEY	MAX	NOKEY
1447873206008	0	lts_1118I_36_01	36	01	0	144	4	1	1	Hit	513	4-8/Alipstick3.jpg	Alipstick3.jpg	SPACE	551	SPACE
1447873209084	0	lts_1118I_36_01	36	01	0	145	0	0	0	CR	MAX	Ahumidifier.jpg	Ahumidifier.jpg	NOKEY	MAX	NOKEY
1447873212160	0	lts_1118I_36_01	36	01	0	146	0	0	0	CR	MAX	2/Aantiquemeta2.jpg	Aantiquemeta2.jpg	NOKEY	MAX	NOKEY
1447873215236	0	lts_1118I_36_01	36	01	0	147	0	0	0	CR	MAX	4/ASALTPEPP.jpg	ASALTPEPP.jpg	NOKEY	MAX	NOKEY
1447873216255	0	lts_1118I_36_01	36	01	0	148	2	1	1	Hit	549	2-8/Aantiquemeta2.jpg	Aantiquemeta2.jpg	SPACE	585	SPACE
1447873219331	0	lts_1118I_36_01	36	01	0	149	0	0	0	CR	MAX	32/headcomb1.jpg	headcomb1.jpg	NOKEY	MAX	NOKEY
1447873222407	0	lts_1118I_36_01	36	01	0	150	0	0	0	CR	MAX	8/APOKCHIP4.jpg	APOKCHIP4.jpg	NOKEY	MAX	NOKEY
1447873223410	0	lts_1118I_36_01	36	01	0	151	4	1	1	Hit	533	4-9/ASALTPEPP.jpg	ASALTPEPP.jpg	SPACE	569	SPACE
1447873226486	0	lts_1118I_36_01	36	01	0	152	0	0	0	CR	MAX	128/AHOUSBOA3.jpg	AHOUSBOA3.jpg	NOKEY	MAX	NOKEY
1447873229579	0	lts_1118I_36_01	36	01	0	153	0	0	0	CR	MAX	1/ACOOKCUTT.jpg	ACOOKCUTT.jpg	NOKEY	MAX	NOKEY
1447873230548	0	lts_1118I_36_01	36	01	0	154	1	1	1	Hit	500	1-8/ACOOKCUTT.jpg	ACOOKCUTT.jpg	SPACE	536	SPACE
1447873233641	0	lts_1118I_36_01	36	01	0	155	0	0	0	CR	MAX	16/ASUSHI9.jpg	ASUSHI9.jpg	NOKEY	MAX	NOKEY
1447873236717	0	lts_1118I_36_01	36	01	0	156	0	0	0	CR	MAX	Hammock.jpg	Hammock.jpg	NOKEY	MAX	NOKEY
1447873239793	0	lts_1118I_36_01	36	01	0	157	0	0	0	CR	MAX	ADUNEBUGG.jpg	ADUNEBUGG.jpg	NOKEY	MAX	NOKEY
1447873240813	0	lts_1118I_36_01	36	01	0	158	8	1	1	Hit	543	8-first/APOKCHIP4.jpg	APOKCHIP4.jpg	SPACE	585	SPACE
1447873243889	0	lts_1118I_36_01	36	01	0	159	0	0	0	CR	MAX	26391173.thl.jpg	26391173.thl.jpg	NOKEY	MAX	NOKEY
1447873246965	0	lts_1118I_36_01	36	01	0	160	0	0	0	CR	MAX	Achair608.jpg	Achair608.jpg	NOKEY	MAX	NOKEY
1447873250042	0	lts_1118I_36_01	36	01	0	161	0	0	0	CR	MAX	Agiftbag20.jpg	Agiftbag20.jpg	NOKEY	MAX	NOKEY
1447873251095	0	lts_1118I_36_01	36	01	0	162	4	1	1	Hit	570	4-mul/APOKCHIP4.jpg	APOKCHIP4.jpg	SPACE	617	SPACE
1447873254172	0	lts_1118I_36_01	36	01	0	163	0	0	0	CR	MAX	AWATERFL3.jpg	AWATERFL3.jpg	NOKEY	MAX	NOKEY
1447873257246	0	lts_1118I_36_01	36	01	0	164	0	0	0	CR	MAX	AICEUBETR.jpg	AICEUBETR.jpg	NOKEY	MAX	NOKEY
1447873258534	0	lts_1118I_36_01	36	01	0	165	32	1	1	Hit	806	32-8/AARMHEL12.jpg	AARMHEL12.jpg	SPACE	854	SPACE
1447873261610	0	lts_1118I_36_01	36	01	0	166	0	0	0	CR	MAX	1/26377601.thl.jpg	26377601.thl.jpg	NOKEY	MAX	NOKEY
1447873262579	0	lts_1118I_36_01	36	01	0	167	1	1	1	Hit	499	1-3/26377601.thl.jpg	26377601.thl.jpg	SPACE	536	SPACE
1447873265656	0	lts_1118I_36_01	36	01	0	168	0	0	0	CR	MAX	AANTIBIK4.jpg	AANTIBIK4.jpg	NOKEY	MAX	NOKEY
1447873268732	0	lts_1118I_36_01	36	01	0	169	0	0	0	CR	MAX	16/ANAPKHOL7.jpg	ANAPKHOL7.jpg	NOKEY	MAX	NOKEY
1447873271808	0	lts_1118I_36_01	36	01	0	170	0	0	0	CR	MAX	APICKLE.jpg	APICKLE.jpg	NOKEY	MAX	NOKEY
1447873272861	0	lts_1118I_36_01	36	01	0	171	16	1	1	Hit	573	16-first/ASUSHI9.jpg	ASUSHI9.jpg	SPACE	619	SPACE
1447873275937	0	lts_1118I_36_01	36	01	0	172	0	0	0	CR	MAX	ATELEBO13.jpg	ATELEBO13.jpg	NOKEY	MAX	NOKEY
1447873279031	0	lts_1118I_36_01	36	01	0	173	0	0	0	CR	MAX	4/APYRITE7.jpg	APYRITE7.jpg	NOKEY	MAX	NOKEY
1447873281238	0	lts_1118I_36_01	36	01	0	174	0	0	1	FA	1724	ABABYPIN2.jpg	ABABYPIN2.jpg	SPACE	1771	NOKEY
1447873282256	0	lts_1118I_36_01	36	01	0	175	4	1	1	Hit	542	4-mul/ASUSHI9.jpg	ASUSHI9.jpg	SPACE	585	SPACE
1447873285332	0	lts_1118I_36_01	36	01	0	176	0	0	0	CR	MAX	Acow60.jpg	Acow60.jpg	NOKEY	MAX	NOKEY
1447873286419	0	lts_1118I_36_01	36	01	0	177	4	1	1	Hit	614	4-7/APYRITE7.jpg	APYRITE7.jpg	SPACE	653	SPACE
1447873289495	0	lts_1118I_36_01	36	01	0	178	0	0	0	CR	MAX	64/AHYDRANTF.jpg	AHYDRANTF.jpg	NOKEY	MAX	NOKEY
1447873292571	0	lts_1118I_36_01	36	01	0	179	0	0	0	CR	MAX	26428753.thl.jpg	26428753.thl.jpg	NOKEY	MAX	NOKEY
1447873295647	0	lts_1118I_36_01	36	01	0	180	0	0	0	CR	MAX	ATHERMO4.jpg	ATHERMO4.jpg	NOKEY	MAX	NOKEY
1447873296784	0	lts_1118I_36_01	36	01	0	181	32	1	1	Hit	662	32-4/headcomb1.jpg	headcomb1.jpg	SPACE	702	SPACE
1447873299877	0	lts_1118I_36_01	36	01	0	182	0	0	0	CR	MAX	1/Anailpolish.jpg	Anailpolish.jpg	NOKEY	MAX	NOKEY
1447873300997	0	lts_1118I_36_01	36	01	0	183	1	1	1	Hit	645	1-11/Anailpolish.jpg	Anailpolish.jpg	SPACE	686	SPACE
1447873302385	0	lts_1118I_36_01	36	01	0	184	0	0	1	FA	917	AFLOURSCO.jpg	AFLOURSCO.jpg	SPACE	952	NOKEY
1447873303521	0	lts_1118I_36_01	36	01	0	185	16	1	1	Hit	656	16-first/ANAPKHOL7.jpg	ANAPKHOL7.jpg	SPACE	703	SPACE
1447873306597	0	lts_1118I_36_01	36	01	0	186	0	0	0	CR	MAX	cranemachine.jpg	cranemachine.jpg	NOKEY	MAX	NOKEY
1447873307634	0	lts_1118I_36_01	36	01	0	187	2	1	1	Hit	559	2-mul/ANAPKHOL7.jpg	ANAPKHOL7.jpg	SPACE	603	SPACE
1447873310710	0	lts_1118I_36_01	36	01	0	188	0	0	0	CR	MAX	Atoycoffeepo2.jpg	Atoycoffeepo2.jpg	NOKEY	MAX	NOKEY
1447873312398	0	lts_1118I_36_01	36	01	0	189	0	0	1	FA	1215	1/ANEWSBOX4.jpg	ANEWSBOX4.jpg	SPACE	1254	NOKEY
1447873313335	0	lts_1118I_36_01	36	01	0	190	1	1	1	Hit	454	1-12/ANEWSBOX4.jpg	ANEWSBOX4.jpg	SPACE	501	SPACE
1447873316411	0	lts_1118I_36_01	36	01	0	191	0	0	0	CR	MAX	Acalligraphy2.jpg	Acalligraphy2.jpg	NOKEY	MAX	NOKEY
1447873319487	0	lts_1118I_36_01	36	01	0	192	0	0	0	CR	MAX	Aleaf74.jpg	Aleaf74.jpg	NOKEY	MAX	NOKEY
1447873320958	0	lts_1118I_36_01	36	01	0	193	0	0	1	FA	998	Aleaf75.jpg	Aleaf75.jpg	SPACE	1037	NOKEY
1447873324052	0	lts_1118I_36_01	36	01	0	194	0	0	0	CR	MAX	AGASLAMP.jpg	AGASLAMP.jpg	NOKEY	MAX	NOKEY
1447873327128	0	lts_1118I_36_01	36	01	0	195	0	0	0	CR	MAX	Aavocado7.jpg	Aavocado7.jpg	NOKEY	MAX	NOKEY
1447873330204	0	lts_1118I_36_01	36	01	0	196	0	0	0	CR	MAX	26426417.thl.jpg	26426417.thl.jpg	NOKEY	MAX	NOKEY
1447873333279	0	lts_1118I_36_01	36	01	0	197	0	0	0	CR	MAX	ACURLRIB2.jpg	ACURLRIB2.jpg	NOKEY	MAX	NOKEY
1447873336355	0	lts_1118I_36_01	36	01	0	198	0	0	0	CR	MAX	batteries-a.jpg	batteries-a.jpg	NOKEY	MAX	NOKEY
1447873339431	0	lts_1118I_36_01	36	01	0	199	0	0	0	CR	MAX	Acdrominterf2.jpg	Acdrominterf2.jpg	NOKEY	MAX	NOKEY
1447873342507	0	lts_1118I_36_01	36	01	0	200	0	0	0	CR	MAX	workweightmach.jpg	workweightmach.jpg	NOKEY	MAX	NOKEY
1447873345583	0	lts_1118I_36_01	36	01	0	201	0	0	0	CR	MAX	16/ADIAMCRYS.jpg	ADIAMCRYS.jpg	NOKEY	MAX	NOKEY
1447873348659	0	lts_1118I_36_01	36	01	0	202	0	0	0	CR	MAX	64/Acandlehold17.jpg	Acandlehold17.jpg	NOKEY	MAX	NOKEY
1447873350182	0	lts_1118I_36_01	36	01	0	203	128	1	1	Hit	1046	128-7/Areceptacle3.jpg	Areceptacle3.jpg	SPACE	1086	SPACE
1447873353257	0	lts_1118I_36_01	36	01	0	204	0	0	0	CR	MAX	Agardeningshe.jpg	Agardeningshe.jpg	NOKEY	MAX	NOKEY
1447873356333	0	lts_1118I_36_01	36	01	0	205	0	0	0	CR	MAX	ASHAMPO2.jpg	ASHAMPO2.jpg	NOKEY	MAX	NOKEY
1447873359409	0	lts_1118I_36_01	36	01	0	206	0	0	0	CR	MAX	Aantiquemailb.jpg	Aantiquemailb.jpg	NOKEY	MAX	NOKEY
1447873362501	0	lts_1118I_36_01	36	01	0	207	0	0	0	CR	MAX	Astackingtoy2.jpg	Astackingtoy2.jpg	NOKEY	MAX	NOKEY
1447873365578	0	lts_1118I_36_01	36	01	0	208	0	0	0	CR	MAX	A_coin.jpg	A_coin.jpg	NOKEY	MAX	NOKEY
1447873368654	0	lts_1118I_36_01	36	01	0	209	0	0	0	CR	MAX	1/Aegyptianst20.jpg	Aegyptianst20.jpg	NOKEY	MAX	NOKEY
1447873369724	0	lts_1118I_36_01	36	01	0	210	1	1	1	Hit	588	1-0/Aegyptianst20.jpg	Aegyptianst20.jpg	SPACE	635	SPACE
1447873372866	0	lts_1118I_36_01	36	01	0	211	0	0	0	CR	MAX	8/ARECORDC2.jpg	ARECORDC2.jpg	NOKEY	MAX	NOKEY
1447873375943	0	lts_1118I_36_01	36	01	0	212	0	0	0	CR	MAX	Achick9.jpg	Achick9.jpg	NOKEY	MAX	NOKEY
1447873379020	0	lts_1118I_36_01	36	01	0	213	0	0	0	CR	MAX	2/AMUSICSH2.jpg	AMUSICSH2.jpg	NOKEY	MAX	NOKEY
1447873382096	0	lts_1118I_36_01	36	01	0	214	0	0	0	CR	MAX	ACOLOGNE.jpg	ACOLOGNE.jpg	NOKEY	MAX	NOKEY
1447873383216	0	lts_1118I_36_01	36	01	0	215	2	1	1	Hit	643	2-0/AMUSICSH2.jpg	AMUSICSH2.jpg	SPACE	685	SPACE
1447873386291	0	lts_1118I_36_01	36	01	0	216	0	0	0	CR	MAX	Astatue99.jpg	Astatue99.jpg	NOKEY	MAX	NOKEY
1447873387461	0	lts_1118I_36_01	36	01	0	217	16	1	1	Hit	696	16-first/ADIAMCRYS.jpg	ADIAMCRYS.jpg	SPACE	737	SPACE
1447873390554	0	lts_1118I_36_01	36	01	0	218	0	0	0	CR	MAX	Atoyboat10.jpg	Atoyboat10.jpg	NOKEY	MAX	NOKEY
1447873391607	0	lts_1118I_36_01	36	01	0	219	8	1	1	Hit	570	8-first/ARECORDC2.jpg	ARECORDC2.jpg	SPACE	620	SPACE
1447873394683	0	lts_1118I_36_01	36	01	0	220	0	0	0	CR	MAX	128/26379612.thl.jpg	26379612.thl.jpg	NOKEY	MAX	NOKEY
1447873395736	0	lts_1118I_36_01	36	01	0	221	4	1	1	Hit	579	4-mul/ADIAMCRYS.jpg	ADIAMCRYS.jpg	SPACE	618	SPACE
1447873398812	0	lts_1118I_36_01	36	01	0	222	0	0	0	CR	MAX	rollerblades.jpg	rollerblades.jpg	NOKEY	MAX	NOKEY
1447873401888	0	lts_1118I_36_01	36	01	0	223	0	0	0	CR	MAX	Aantiquerota7.jpg	Aantiquerota7.jpg	NOKEY	MAX	NOKEY
1447873404965	0	lts_1118I_36_01	36	01	0	224	0	0	0	CR	MAX	AIVORSUIT.jpg	AIVORSUIT.jpg	NOKEY	MAX	NOKEY
1447873408058	0	lts_1118I_36_01	36	01	0	225	0	0	0	CR	MAX	Adinningroomt.jpg	Adinningroomt.jpg	NOKEY	MAX	NOKEY
1447873409112	0	lts_1118I_36_01	36	01	0	226	128	1	1	Hit	579	128-6/Atoy21.jpg	Atoy21.jpg	SPACE	617	SPACE
1447873412188	0	lts_1118I_36_01	36	01	0	227	0	0	0	CR	MAX	4/22825932.thl.jpg	22825932.thl.jpg	NOKEY	MAX	NOKEY
1447873415263	0	lts_1118I_36_01	36	01	0	228	0	0	0	CR	MAX	Achipboard.jpg	Achipboard.jpg	NOKEY	MAX	NOKEY
1447873418355	0	lts_1118I_36_01	36	01	0	229	0	0	0	CR	MAX	ACAPTAIN9.jpg	ACAPTAIN9.jpg	NOKEY	MAX	NOKEY
1447873421432	0	lts_1118I_36_01	36	01	0	230	0	0	0	CR	MAX	26429097.thl.jpg	26429097.thl.jpg	NOKEY	MAX	NOKEY
1447873422518	0	lts_1118I_36_01	36	01	0	231	4	1	1	Hit	604	4-1/22825932.thl.jpg	22825932.thl.jpg	SPACE	653	SPACE
1447873425594	0	lts_1118I_36_01	36	01	0	232	0	0	0	CR	MAX	Apostalscale2.jpg	Apostalscale2.jpg	NOKEY	MAX	NOKEY
1447873428670	0	lts_1118I_36_01	36	01	0	233	0	0	0	CR	MAX	4/makeupfoundation.jpg	makeupfoundation.jpg	NOKEY	MAX	NOKEY
1447873430459	0	lts_1118I_36_01	36	01	0	234	0	0	1	FA	1316	canopy.jpg	canopy.jpg	SPACE	1355	NOKEY
1447873431496	0	lts_1118I_36_01	36	01	0	235	16	1	1	Hit	568	16-mul/ARECORDC2.jpg	ARECORDC2.jpg	SPACE	603	SPACE
1447873434572	0	lts_1118I_36_01	36	01	0	236	0	0	0	CR	MAX	32/8079436.thl.jpg	8079436.thl.jpg	NOKEY	MAX	NOKEY
1447873435708	0	lts_1118I_36_01	36	01	0	237	4	1	1	Hit	663	4-0/makeupfoundation.jpg	makeupfoundation.jpg	SPACE	702	SPACE
1447873438785	0	lts_1118I_36_01	36	01	0	238	0	0	0	CR	MAX	16/pinkhoodie.jpg	pinkhoodie.jpg	NOKEY	MAX	NOKEY
1447873441861	0	lts_1118I_36_01	36	01	0	239	0	0	0	CR	MAX	knife01.jpg	knife01.jpg	NOKEY	MAX	NOKEY
1447873444937	0	lts_1118I_36_01	36	01	0	240	0	0	0	CR	MAX	128/22856988.thl.jpg	22856988.thl.jpg	NOKEY	MAX	NOKEY
1447873448014	0	lts_1118I_36_01	36	01	0	241	0	0	0	CR	MAX	32/ACOMPACT.jpg	ACOMPACT.jpg	NOKEY	MAX	NOKEY
1447873449034	0	lts_1118I_36_01	36	01	0	242	64	1	1	Hit	542	64-first/AHYDRANTF.jpg	AHYDRANTF.jpg	SPACE	584	SPACE
1447873452126	0	lts_1118I_36_01	36	01	0	243	0	0	0	CR	MAX	64/Aonewaysign2.jpg	Aonewaysign2.jpg	NOKEY	MAX	NOKEY
1447873455202	0	lts_1118I_36_01	36	01	0	244	0	0	0	CR	MAX	ACHANGDIS.jpg	ACHANGDIS.jpg	NOKEY	MAX	NOKEY
1447873456372	0	lts_1118I_36_01	36	01	0	245	128	1	1	Hit	692	128-3/gondola.jpg	gondola.jpg	SPACE	734	SPACE
1447873459448	0	lts_1118I_36_01	36	01	0	246	0	0	0	CR	MAX	8023286.thl.jpg	8023286.thl.jpg	NOKEY	MAX	NOKEY
1447873460885	0	lts_1118I_36_01	36	01	0	247	0	0	1	FA	962	128/Awickerchair8.jpg	Awickerchair8.jpg	SPACE	1003	NOKEY
1447873463961	0	lts_1118I_36_01	36	01	0	248	0	0	0	CR	MAX	AALTIRE2.jpg	AALTIRE2.jpg	NOKEY	MAX	NOKEY
1447873467039	0	lts_1118I_36_01	36	01	0	249	0	0	0	CR	MAX	2/ADART3.jpg	ADART3.jpg	NOKEY	MAX	NOKEY
1447873470115	0	lts_1118I_36_01	36	01	0	250	0	0	0	CR	MAX	ACEREAL.jpg	ACEREAL.jpg	NOKEY	MAX	NOKEY
1447873471151	0	lts_1118I_36_01	36	01	0	251	2	1	1	Hit	555	2-11/ADART3.jpg	ADART3.jpg	SPACE	601	SPACE
1447873474243	0	lts_1118I_36_01	36	01	0	252	0	0	0	CR	MAX	8/Astaircase.jpg	Astaircase.jpg	NOKEY	MAX	NOKEY
1447873477319	0	lts_1118I_36_01	36	01	0	253	0	0	0	CR	MAX	Abrooch104.jpg	Abrooch104.jpg	NOKEY	MAX	NOKEY
1447873478356	0	lts_1118I_36_01	36	01	0	254	16	1	1	Hit	553	16-first/pinkhoodie.jpg	pinkhoodie.jpg	SPACE	601	SPACE
1447873481432	0	lts_1118I_36_01	36	01	0	255	0	0	0	CR	MAX	AOLDBAT2.jpg	AOLDBAT2.jpg	NOKEY	MAX	NOKEY
1447873482501	0	lts_1118I_36_01	36	01	0	256	2	1	1	Hit	588	2-mul/pinkhoodie.jpg	pinkhoodie.jpg	SPACE	636	SPACE
1447873485578	0	lts_1118I_36_01	36	01	0	257	0	0	0	CR	MAX	ipod01.jpg	ipod01.jpg	NOKEY	MAX	NOKEY
1447873486681	0	lts_1118I_36_01	36	01	0	258	16	1	1	Hit	630	16-mul/AHYDRANTF.jpg	AHYDRANTF.jpg	SPACE	669	SPACE
1447873489757	0	lts_1118I_36_01	36	01	0	259	0	0	0	CR	MAX	Abuilding116.jpg	Abuilding116.jpg	NOKEY	MAX	NOKEY
1447873490810	0	lts_1118I_36_01	36	01	0	260	8	1	1	Hit	579	8-first/Astaircase.jpg	Astaircase.jpg	SPACE	618	SPACE
1447873493886	0	lts_1118I_36_01	36	01	0	261	0	0	0	CR	MAX	26427983.thl.jpg	26427983.thl.jpg	NOKEY	MAX	NOKEY
1447873496962	0	lts_1118I_36_01	36	01	0	262	0	0	0	CR	MAX	Aplastichousi.jpg	Aplastichousi.jpg	NOKEY	MAX	NOKEY
1447873500056	0	lts_1118I_36_01	36	01	0	263	0	0	0	CR	MAX	ALOAFBR4.jpg	ALOAFBR4.jpg	NOKEY	MAX	NOKEY
1447873501059	0	lts_1118I_36_01	36	01	0	264	4	1	1	Hit	533	4-mul/Astaircase.jpg	Astaircase.jpg	SPACE	567	SPACE
1447873504135	0	lts_1118I_36_01	36	01	0	265	0	0	0	CR	MAX	Abicycleodome.jpg	Abicycleodome.jpg	NOKEY	MAX	NOKEY
1447873505254	0	lts_1118I_36_01	36	01	0	266	64	1	1	Hit	639	64-first/Acandlehold17.jpg	Acandlehold17.jpg	SPACE	684	SPACE
1447873508347	0	lts_1118I_36_01	36	01	0	267	0	0	0	CR	MAX	AHONEYSTI.jpg	AHONEYSTI.jpg	NOKEY	MAX	NOKEY
1447873509400	0	lts_1118I_36_01	36	01	0	268	32	1	1	Hit	578	32-9/8079436.thl.jpg	8079436.thl.jpg	SPACE	618	SPACE
1447873512476	0	lts_1118I_36_01	36	01	0	269	0	0	0	CR	MAX	Abreastpump2.jpg	Abreastpump2.jpg	NOKEY	MAX	NOKEY
1447873515552	0	lts_1118I_36_01	36	01	0	270	0	0	0	CR	MAX	Agreencup2.jpg	Agreencup2.jpg	NOKEY	MAX	NOKEY
1447873518629	0	lts_1118I_36_01	36	01	0	271	0	0	0	CR	MAX	10049257.thl.jpg	10049257.thl.jpg	NOKEY	MAX	NOKEY
1447873521705	0	lts_1118I_36_01	36	01	0	272	0	0	0	CR	MAX	A1OCLOC2.jpg	A1OCLOC2.jpg	NOKEY	MAX	NOKEY
1447873522825	0	lts_1118I_36_01	36	01	0	273	32	1	1	Hit	644	32-5/ACOMPACT.jpg	ACOMPACT.jpg	SPACE	686	SPACE
1447873525901	0	lts_1118I_36_01	36	01	0	274	0	0	0	CR	MAX	26388148.thl.jpg	26388148.thl.jpg	NOKEY	MAX	NOKEY
1447873528977	0	lts_1118I_36_01	36	01	0	275	0	0	0	CR	MAX	16/23048010.thl.jpg	23048010.thl.jpg	NOKEY	MAX	NOKEY
1447873532054	0	lts_1118I_36_01	36	01	0	276	0	0	0	CR	MAX	2/26433387.thl.jpg	26433387.thl.jpg	NOKEY	MAX	NOKEY
1447873535130	0	lts_1118I_36_01	36	01	0	277	0	0	0	CR	MAX	AMEAT2.jpg	AMEAT2.jpg	NOKEY	MAX	NOKEY
1447873536200	0	lts_1118I_36_01	36	01	0	278	2	1	1	Hit	594	2-10/26433387.thl.jpg	26433387.thl.jpg	SPACE	635	SPACE
1447873539292	0	lts_1118I_36_01	36	01	0	279	0	0	0	CR	MAX	AHEADLIG9.jpg	AHEADLIG9.jpg	NOKEY	MAX	NOKEY
1447873540428	0	lts_1118I_36_01	36	01	0	280	128	1	1	Hit	653	128-5/AHOUSBOA3.jpg	AHOUSBOA3.jpg	SPACE	703	SPACE
1447873543505	0	lts_1118I_36_01	36	01	0	281	0	0	0	CR	MAX	outdoorheater.jpg	outdoorheater.jpg	NOKEY	MAX	NOKEY
1447873544558	0	lts_1118I_36_01	36	01	0	282	16	1	1	Hit	576	16-mul/Acandlehold17.jpg	Acandlehold17.jpg	SPACE	620	SPACE
1447873547634	0	lts_1118I_36_01	36	01	0	283	0	0	0	CR	MAX	ACLOGOPE3.jpg	ACLOGOPE3.jpg	NOKEY	MAX	NOKEY
1447873550710	0	lts_1118I_36_01	36	01	0	284	0	0	0	CR	MAX	1/Aexercisemac4.jpg	Aexercisemac4.jpg	NOKEY	MAX	NOKEY
1447873551964	0	lts_1118I_36_01	36	01	0	285	1	1	1	Hit	770	1-13/Aexercisemac4.jpg	Aexercisemac4.jpg	SPACE	820	SPACE
1447873555041	0	lts_1118I_36_01	36	01	0	286	0	0	0	CR	MAX	16/23029830.thl.jpg	23029830.thl.jpg	NOKEY	MAX	NOKEY
1447873558117	0	lts_1118I_36_01	36	01	0	287	0	0	0	CR	MAX	ACURLINGI.jpg	ACURLINGI.jpg	NOKEY	MAX	NOKEY
1447873561193	0	lts_1118I_36_01	36	01	0	288	0	0	0	CR	MAX	ACOWCREAM.jpg	ACOWCREAM.jpg	NOKEY	MAX	NOKEY
1447873564268	0	lts_1118I_36_01	36	01	0	289	0	0	0	CR	MAX	8/Areindeertoy4.jpg	Areindeertoy4.jpg	NOKEY	MAX	NOKEY
1447873567361	0	lts_1118I_36_01	36	01	0	290	0	0	0	CR	MAX	AJEWELBO3.jpg	AJEWELBO3.jpg	NOKEY	MAX	NOKEY
1447873568414	0	lts_1118I_36_01	36	01	0	291	16	1	1	Hit	570	16-1/23048010.thl.jpg	23048010.thl.jpg	SPACE	619	SPACE
1447873571490	0	lts_1118I_36_01	36	01	0	292	0	0	0	CR	MAX	Acanopener5.jpg	Acanopener5.jpg	NOKEY	MAX	NOKEY
1447873574583	0	lts_1118I_36_01	36	01	0	293	0	0	0	CR	MAX	Aindustrialve.jpg	Aindustrialve.jpg	NOKEY	MAX	NOKEY
1447873577676	0	lts_1118I_36_01	36	01	0	294	0	0	0	CR	MAX	APIPEST18.jpg	APIPEST18.jpg	NOKEY	MAX	NOKEY
1447873580752	0	lts_1118I_36_01	36	01	0	295	0	0	0	CR	MAX	Abells7.jpg	Abells7.jpg	NOKEY	MAX	NOKEY
1447873583828	0	lts_1118I_36_01	36	01	0	296	0	0	0	CR	MAX	Afoodproces22.jpg	Afoodproces22.jpg	NOKEY	MAX	NOKEY
1447873584848	0	lts_1118I_36_01	36	01	0	297	8	1	1	Hit	550	8-first/Areindeertoy4.jpg	Areindeertoy4.jpg	SPACE	586	SPACE
1447873587924	0	lts_1118I_36_01	36	01	0	298	0	0	0	CR	MAX	AMETALPER.jpg	AMETALPER.jpg	NOKEY	MAX	NOKEY
1447873588927	0	lts_1118I_36_01	36	01	0	299	2	1	1	Hit	524	2-mul/Areindeertoy4.jpg	Areindeertoy4.jpg	SPACE	568	SPACE
1447873592004	0	lts_1118I_36_01	36	01	0	300	0	0	0	CR	MAX	ADIRECSI3.jpg	ADIRECSI3.jpg	NOKEY	MAX	NOKEY
1447873595080	0	lts_1118I_36_01	36	01	0	301	0	0	0	CR	MAX	AHANDLE5.jpg	AHANDLE5.jpg	NOKEY	MAX	NOKEY
1447873596217	0	lts_1118I_36_01	36	01	0	302	16	1	1	Hit	657	16-first/23029830.thl.jpg	23029830.thl.jpg	SPACE	701	SPACE
1447873599292	0	lts_1118I_36_01	36	01	0	303	0	0	0	CR	MAX	basketball.JPG	basketball.JPG	NOKEY	MAX	NOKEY
1447873602368	0	lts_1118I_36_01	36	01	0	304	0	0	0	CR	MAX	Abib2.jpg	Abib2.jpg	NOKEY	MAX	NOKEY
1447873605444	0	lts_1118I_36_01	36	01	0	305	0	0	0	CR	MAX	teepee.jpg	teepee.jpg	NOKEY	MAX	NOKEY
1447873608537	0	lts_1118I_36_01	36	01	0	306	0	0	0	CR	MAX	AMAPLESYR.jpg	AMAPLESYR.jpg	NOKEY	MAX	NOKEY
1447873609590	0	lts_1118I_36_01	36	01	0	307	64	1	1	Hit	581	64-first/Aonewaysign2.jpg	Aonewaysign2.jpg	SPACE	620	SPACE
1447873612666	0	lts_1118I_36_01	36	01	0	308	0	0	0	CR	MAX	ASUNBOX5.jpg	ASUNBOX5.jpg	NOKEY	MAX	NOKEY
1447873613619	0	lts_1118I_36_01	36	01	0	309	2	1	1	Hit	478	2-mul/Aonewaysign2.jpg	Aonewaysign2.jpg	SPACE	520	SPACE
1447873616695	0	lts_1118I_36_01	36	01	0	310	0	0	0	CR	MAX	ABLAKBEN2.jpg	ABLAKBEN2.jpg	NOKEY	MAX	NOKEY
1447873619771	0	lts_1118I_36_01	36	01	0	311	0	0	0	CR	MAX	gymbars.jpg	gymbars.jpg	NOKEY	MAX	NOKEY
1447873621409	0	lts_1118I_36_01	36	01	0	312	0	0	1	FA	1158	4/razorscooter.jpg	razorscooter.jpg	SPACE	1204	NOKEY
1447873624485	0	lts_1118I_36_01	36	01	0	313	0	0	0	CR	MAX	AROCKET11.jpg	AROCKET11.jpg	NOKEY	MAX	NOKEY
1447873627561	0	lts_1118I_36_01	36	01	0	314	0	0	0	CR	MAX	128/AFERRY5.jpg	AFERRY5.jpg	NOKEY	MAX	NOKEY
1447873630654	0	lts_1118I_36_01	36	01	0	315	0	0	0	CR	MAX	16/Alaundrybask2.jpg	Alaundrybask2.jpg	NOKEY	MAX	NOKEY
1447873631724	0	lts_1118I_36_01	36	01	0	316	4	1	1	Hit	595	4-11/razorscooter.jpg	razorscooter.jpg	SPACE	635	SPACE
1447873634800	0	lts_1118I_36_01	36	01	0	317	0	0	0	CR	MAX	AMEDIEQUI.jpg	AMEDIEQUI.jpg	NOKEY	MAX	NOKEY
1447873635837	0	lts_1118I_36_01	36	01	0	318	16	1	1	Hit	556	16-mul/23029830.thl.jpg	23029830.thl.jpg	SPACE	602	SPACE
1447873638913	0	lts_1118I_36_01	36	01	0	319	0	0	0	CR	MAX	26424440.thl.jpg	26424440.thl.jpg	NOKEY	MAX	NOKEY
1447873641989	0	lts_1118I_36_01	36	01	0	320	0	0	0	CR	MAX	4/26373362.thl.jpg	26373362.thl.jpg	NOKEY	MAX	NOKEY
1447873645066	0	lts_1118I_36_01	36	01	0	321	0	0	0	CR	MAX	Afirstaidkit3.jpg	Afirstaidkit3.jpg	NOKEY	MAX	NOKEY
1447873646386	0	lts_1118I_36_01	36	01	0	322	0	0	1	FA	824	Awindmill4.jpg	Awindmill4.jpg	SPACE	868	NOKEY
1447873649462	0	lts_1118I_36_01	36	01	0	323	0	0	0	CR	MAX	Aeasteregg14.jpg	Aeasteregg14.jpg	NOKEY	MAX	NOKEY
1447873650615	0	lts_1118I_36_01	36	01	0	324	4	1	1	Hit	669	4-3/26373362.thl.jpg	26373362.thl.jpg	SPACE	720	SPACE
1447873653691	0	lts_1118I_36_01	36	01	0	325	0	0	0	CR	MAX	64/ATROWEL2.jpg	ATROWEL2.jpg	NOKEY	MAX	NOKEY
1447873656767	0	lts_1118I_36_01	36	01	0	326	0	0	0	CR	MAX	26379570.thl.jpg	26379570.thl.jpg	NOKEY	MAX	NOKEY
1447873659843	0	lts_1118I_36_01	36	01	0	327	0	0	0	CR	MAX	8/ACOMB11.jpg	ACOMB11.jpg	NOKEY	MAX	NOKEY
1447873662919	0	lts_1118I_36_01	36	01	0	328	0	0	0	CR	MAX	ATEARDROP.jpg	ATEARDROP.jpg	NOKEY	MAX	NOKEY
1447873665996	0	lts_1118I_36_01	36	01	0	329	0	0	0	CR	MAX	8/ABALLBEAR.jpg	ABALLBEAR.jpg	NOKEY	MAX	NOKEY
1447873669073	0	lts_1118I_36_01	36	01	0	330	0	0	0	CR	MAX	26421370.thl.jpg	26421370.thl.jpg	NOKEY	MAX	NOKEY
1447873670159	0	lts_1118I_36_01	36	01	0	331	16	1	1	Hit	610	16-0/Alaundrybask2.jpg	Alaundrybask2.jpg	SPACE	651	SPACE
1447873673251	0	lts_1118I_36_01	36	01	0	332	0	0	0	CR	MAX	Astonecarvin8.jpg	Astonecarvin8.jpg	NOKEY	MAX	NOKEY
1447873676327	0	lts_1118I_36_01	36	01	0	333	0	0	0	CR	MAX	Abladetablesa.jpg	Abladetablesa.jpg	NOKEY	MAX	NOKEY
1447873679403	0	lts_1118I_36_01	36	01	0	334	0	0	0	CR	MAX	darkwador.jpg	darkwador.jpg	NOKEY	MAX	NOKEY
1447873680456	0	lts_1118I_36_01	36	01	0	335	8	1	1	Hit	581	8-first/ACOMB11.jpg	ACOMB11.jpg	SPACE	619	SPACE
1447873683532	0	lts_1118I_36_01	36	01	0	336	0	0	0	CR	MAX	AFISHHOO9.jpg	AFISHHOO9.jpg	NOKEY	MAX	NOKEY
1447873684519	0	lts_1118I_36_01	36	01	0	337	8	1	1	Hit	508	8-first/ABALLBEAR.jpg	ABALLBEAR.jpg	SPACE	553	SPACE
1447873687595	0	lts_1118I_36_01	36	01	0	338	0	0	0	CR	MAX	2/Aantiquehat4.jpg	Aantiquehat4.jpg	NOKEY	MAX	NOKEY
1447873690671	0	lts_1118I_36_01	36	01	0	339	0	0	0	CR	MAX	32/ACUSHIO12.jpg	ACUSHIO12.jpg	NOKEY	MAX	NOKEY
1447873691657	0	lts_1118I_36_01	36	01	0	340	2	1	1	Hit	511	2-6/Aantiquehat4.jpg	Aantiquehat4.jpg	SPACE	552	SPACE
1447873693012	0	lts_1118I_36_01	36	01	0	341	0	0	1	FA	880	ACIGARCU3.jpg	ACIGARCU3.jpg	SPACE	919	NOKEY
1447873696089	0	lts_1118I_36_01	36	01	0	342	0	0	0	CR	MAX	16/ignitionkey01.jpg	ignitionkey01.jpg	NOKEY	MAX	NOKEY
1447873699165	0	lts_1118I_36_01	36	01	0	343	0	0	0	CR	MAX	scrunchie.jpg	scrunchie.jpg	NOKEY	MAX	NOKEY
1447873702240	0	lts_1118I_36_01	36	01	0	344	2	1	0	Miss	MAX	2/DSCN6303-sm.jpg	DSCN6303-sm.jpg	NOKEY	MAX	SPACE
1447873705332	0	lts_1118I_36_01	36	01	0	345	0	0	0	CR	MAX	32/Atoyhomeoffi4.jpg	Atoyhomeoffi4.jpg	NOKEY	MAX	NOKEY
1447873706285	0	lts_1118I_36_01	36	01	0	346	2	1	1	Hit	483	2-9/DSCN6303-sm.jpg	DSCN6303-sm.jpg	SPACE	518	SPACE
1447873709361	0	lts_1118I_36_01	36	01	0	347	0	0	0	CR	MAX	AXYLOPHN2.jpg	AXYLOPHN2.jpg	NOKEY	MAX	NOKEY
1447873710532	0	lts_1118I_36_01	36	01	0	348	128	1	1	Hit	670	128-0/26379612.thl.jpg	26379612.thl.jpg	SPACE	720	SPACE
1447873713608	0	lts_1118I_36_01	36	01	0	349	0	0	0	CR	MAX	26440422.thl.jpg	26440422.thl.jpg	NOKEY	MAX	NOKEY
1447873716684	0	lts_1118I_36_01	36	01	0	350	0	0	0	CR	MAX	AALARMSY6.jpg	AALARMSY6.jpg	NOKEY	MAX	NOKEY
1447873717704	0	lts_1118I_36_01	36	01	0	351	16	1	1	Hit	549	16-mul/ACOMB11.jpg	ACOMB11.jpg	SPACE	585	SPACE
1447873720796	0	lts_1118I_36_01	36	01	0	352	0	0	0	CR	MAX	AMETDETE2.jpg	AMETDETE2.jpg	NOKEY	MAX	NOKEY
1447873721766	0	lts_1118I_36_01	36	01	0	353	16	1	1	Hit	484	16-mul/ABALLBEAR.jpg	ABALLBEAR.jpg	SPACE	535	SPACE
1447873723004	0	lts_1118I_36_01	36	01	0	354	0	0	1	FA	760	23070064.thl.jpg	23070064.thl.jpg	SPACE	803	NOKEY
1447873726080	0	lts_1118I_36_01	36	01	0	355	0	0	0	CR	MAX	26427903.thl.jpg	26427903.thl.jpg	NOKEY	MAX	NOKEY
1447873729156	0	lts_1118I_36_01	36	01	0	356	0	0	0	CR	MAX	64/Achampagnebo2.jpg	Achampagnebo2.jpg	NOKEY	MAX	NOKEY
1447873732265	0	lts_1118I_36_01	36	01	0	357	0	0	0	CR	MAX	Atoytheatre2.jpg	Atoytheatre2.jpg	NOKEY	MAX	NOKEY
1447873733301	0	lts_1118I_36_01	36	01	0	358	16	1	1	Hit	563	16-first/ignitionkey01.jpg	ignitionkey01.jpg	SPACE	602	SPACE
1447873736377	0	lts_1118I_36_01	36	01	0	359	0	0	0	CR	MAX	AJOYSTIC1.jpg	AJOYSTIC1.jpg	NOKEY	MAX	NOKEY
1447873739453	0	lts_1118I_36_01	36	01	0	360	0	0	0	CR	MAX	Apersonsfoot.jpg	Apersonsfoot.jpg	NOKEY	MAX	NOKEY
1447873742529	0	lts_1118I_36_01	36	01	0	361	0	0	0	CR	MAX	Ajewisho2.jpg	Ajewisho2.jpg	NOKEY	MAX	NOKEY
1447873743599	0	lts_1118I_36_01	36	01	0	362	4	1	1	Hit	601	4-mul/ignitionkey01.jpg	ignitionkey01.jpg	SPACE	636	SPACE
1447873746675	0	lts_1118I_36_01	36	01	0	363	0	0	0	CR	MAX	et060.jpg	et060.jpg	NOKEY	MAX	NOKEY
1447873749751	0	lts_1118I_36_01	36	01	0	364	0	0	0	CR	MAX	1/ABLAKPOT3.jpg	ABLAKPOT3.jpg	NOKEY	MAX	NOKEY
1447873750637	0	lts_1118I_36_01	36	01	0	365	1	1	1	Hit	416	1-2/ABLAKPOT3.jpg	ABLAKPOT3.jpg	SPACE	452	SPACE
1447873753714	0	lts_1118I_36_01	36	01	0	366	0	0	0	CR	MAX	26434250.thl.jpg	26434250.thl.jpg	NOKEY	MAX	NOKEY
1447873756790	0	lts_1118I_36_01	36	01	0	367	0	0	0	CR	MAX	batslct.jpg	batslct.jpg	NOKEY	MAX	NOKEY
1447873759866	0	lts_1118I_36_01	36	01	0	368	128	1	0	Miss	MAX	128-1/22856988.thl.jpg	22856988.thl.jpg	NOKEY	MAX	SPACE
1447873762992	0	lts_1118I_36_01	36	01	0	369	0	0	0	CR	MAX	Atoyfurnitu14.jpg	Atoyfurnitu14.jpg	NOKEY	MAX	NOKEY
1447873766069	0	lts_1118I_36_01	36	01	0	370	0	0	0	CR	MAX	bagelslicer.jpg	bagelslicer.jpg	NOKEY	MAX	NOKEY
1447873767139	0	lts_1118I_36_01	36	01	0	371	32	1	1	Hit	584	32-6/ACUSHIO12.jpg	ACUSHIO12.jpg	SPACE	634	SPACE
1447873770232	0	lts_1118I_36_01	36	01	0	372	0	0	0	CR	MAX	Ahat47.jpg	Ahat47.jpg	NOKEY	MAX	NOKEY
1447873773307	0	lts_1118I_36_01	36	01	0	373	0	0	0	CR	MAX	Acleaningbru3.jpg	Acleaningbru3.jpg	NOKEY	MAX	NOKEY
1447873776383	0	lts_1118I_36_01	36	01	0	374	0	0	0	CR	MAX	chocolatebar.jpg	chocolatebar.jpg	NOKEY	MAX	NOKEY
1447873777503	0	lts_1118I_36_01	36	01	0	375	128	1	1	Hit	646	128-2/Awickerchair8.jpg	Awickerchair8.jpg	SPACE	687	SPACE
1447873780579	0	lts_1118I_36_01	36	01	0	376	0	0	0	CR	MAX	ACHINDECP.jpg	ACHINDECP.jpg	NOKEY	MAX	NOKEY
1447873781716	0	lts_1118I_36_01	36	01	0	377	32	1	1	Hit	653	32-3/Atoyhomeoffi4.jpg	Atoyhomeoffi4.jpg	SPACE	702	SPACE
1447873784809	0	lts_1118I_36_01	36	01	0	378	0	0	0	CR	MAX	26420893.thl.jpg	26420893.thl.jpg	NOKEY	MAX	NOKEY
1447873787885	0	lts_1118I_36_01	36	01	0	379	0	0	0	CR	MAX	ASPOTLIG2.jpg	ASPOTLIG2.jpg	NOKEY	MAX	NOKEY
1447873790977	0	lts_1118I_36_01	36	01	0	380	0	0	0	CR	MAX	16/visacard.jpg	visacard.jpg	NOKEY	MAX	NOKEY
1447873794055	0	lts_1118I_36_01	36	01	0	381	0	0	0	CR	MAX	4/Anailbrush3.jpg	Anailbrush3.jpg	NOKEY	MAX	NOKEY
1447873797131	0	lts_1118I_36_01	36	01	0	382	0	0	0	CR	MAX	Apenandcase10.jpg	Apenandcase10.jpg	NOKEY	MAX	NOKEY
1447873800207	0	lts_1118I_36_01	36	01	0	383	0	0	0	CR	MAX	16/Abicycleglove.jpg	Abicycleglove.jpg	NOKEY	MAX	NOKEY
1447873803282	0	lts_1118I_36_01	36	01	0	384	0	0	0	CR	MAX	AACORN2.jpg	AACORN2.jpg	NOKEY	MAX	NOKEY
1447873804402	0	lts_1118I_36_01	36	01	0	385	4	1	1	Hit	648	4-10/Anailbrush3.jpg	Anailbrush3.jpg	SPACE	686	SPACE
1447873807495	0	lts_1118I_36_01	36	01	0	386	0	0	0	CR	MAX	32/ASTRAINE8.jpg	ASTRAINE8.jpg	NOKEY	MAX	NOKEY
1447873810571	0	lts_1118I_36_01	36	01	0	387	0	0	0	CR	MAX	Abagofherbs.jpg	Abagofherbs.jpg	NOKEY	MAX	NOKEY
1447873813647	0	lts_1118I_36_01	36	01	0	388	0	0	0	CR	MAX	Aallterrain10.jpg	Aallterrain10.jpg	NOKEY	MAX	NOKEY
1447873814733	0	lts_1118I_36_01	36	01	0	389	64	1	1	Hit	614	64-first/ATROWEL2.jpg	ATROWEL2.jpg	SPACE	652	SPACE
1447873817809	0	lts_1118I_36_01	36	01	0	390	0	0	0	CR	MAX	D_stove.jpg	D_stove.jpg	NOKEY	MAX	NOKEY
1447873820885	0	lts_1118I_36_01	36	01	0	391	0	0	0	CR	MAX	32/26432899.thl.jpg	26432899.thl.jpg	NOKEY	MAX	NOKEY
1447873822290	0	lts_1118I_36_01	36	01	0	392	0	0	1	FA	932	Atelescope2.jpg	Atelescope2.jpg	SPACE	970	NOKEY
1447873823360	0	lts_1118I_36_01	36	01	0	393	4	1	1	Hit	593	4-mul/ATROWEL2.jpg	ATROWEL2.jpg	SPACE	636	SPACE
1447873826436	0	lts_1118I_36_01	36	01	0	394	0	0	0	CR	MAX	Aplantinpot4.jpg	Aplantinpot4.jpg	NOKEY	MAX	NOKEY
1447873829512	0	lts_1118I_36_01	36	01	0	395	0	0	0	CR	MAX	ATISSUE.jpg	ATISSUE.jpg	NOKEY	MAX	NOKEY
1447873830582	0	lts_1118I_36_01	36	01	0	396	16	1	1	Hit	599	16-first/visacard.jpg	visacard.jpg	SPACE	637	SPACE
1447873833658	0	lts_1118I_36_01	36	01	0	397	0	0	0	CR	MAX	Apulley71.jpg	Apulley71.jpg	NOKEY	MAX	NOKEY
1447873836734	0	lts_1118I_36_01	36	01	0	398	0	0	0	CR	MAX	Awoodenhamme8.jpg	Awoodenhamme8.jpg	NOKEY	MAX	NOKEY
1447873837854	0	lts_1118I_36_01	36	01	0	399	16	1	1	Hit	637	16-first/Abicycleglove.jpg	Abicycleglove.jpg	SPACE	686	SPACE
1447873840930	0	lts_1118I_36_01	36	01	0	400	0	0	0	CR	MAX	strawberrytart.jpg	strawberrytart.jpg	NOKEY	MAX	NOKEY
1447873841950	0	lts_1118I_36_01	36	01	0	401	2	1	1	Hit	544	2-mul/Abicycleglove.jpg	Abicycleglove.jpg	SPACE	585	SPACE
1447873843772	0	lts_1118I_36_01	36	01	0	402	0	0	1	FA	1327	4/26370116.thl.jpg	26370116.thl.jpg	SPACE	1371	NOKEY
1447873846848	0	lts_1118I_36_01	36	01	0	403	0	0	0	CR	MAX	1/gytsl9.jpg	gytsl9.jpg	NOKEY	MAX	NOKEY
1447873848286	0	lts_1118I_36_01	36	01	0	404	1	1	1	Hit	968	1-5/gytsl9.jpg	gytsl9.jpg	SPACE	1003	SPACE
1447873851362	0	lts_1118I_36_01	36	01	0	405	0	0	0	CR	MAX	Adeer20.jpg	Adeer20.jpg	NOKEY	MAX	NOKEY
1447873852582	0	lts_1118I_36_01	36	01	0	406	4	1	1	Hit	745	4-6/26370116.thl.jpg	26370116.thl.jpg	SPACE	787	SPACE
1447873854038	0	lts_1118I_36_01	36	01	0	407	0	0	1	FA	976	8/ATIMECLO3.jpg	ATIMECLO3.jpg	SPACE	1020	NOKEY
1447873857114	0	lts_1118I_36_01	36	01	0	408	0	0	0	CR	MAX	2/26421382.thl.jpg	26421382.thl.jpg	NOKEY	MAX	NOKEY
1447873860190	0	lts_1118I_36_01	36	01	0	409	0	0	0	CR	MAX	ACOATHA44.jpg	ACOATHA44.jpg	NOKEY	MAX	NOKEY
1447873861276	0	lts_1118I_36_01	36	01	0	410	2	1	1	Hit	610	2-4/26421382.thl.jpg	26421382.thl.jpg	SPACE	651	SPACE
1447873864352	0	lts_1118I_36_01	36	01	0	411	0	0	0	CR	MAX	ACUPBOAR5.jpg	ACUPBOAR5.jpg	NOKEY	MAX	NOKEY
1447873865338	0	lts_1118I_36_01	36	01	0	412	16	1	1	Hit	505	16-mul/visacard.jpg	visacard.jpg	SPACE	552	SPACE
1447873868414	0	lts_1118I_36_01	36	01	0	413	0	0	0	CR	MAX	dustpan02.jpg	dustpan02.jpg	NOKEY	MAX	NOKEY
1447873871490	0	lts_1118I_36_01	36	01	0	414	0	0	0	CR	MAX	8021504.thl.jpg	8021504.thl.jpg	NOKEY	MAX	NOKEY
1447873872610	0	lts_1118I_36_01	36	01	0	415	8	1	1	Hit	643	8-0/ATIMECLO3.jpg	ATIMECLO3.jpg	SPACE	686	SPACE
1447873875686	0	lts_1118I_36_01	36	01	0	416	0	0	0	CR	MAX	Abat5.jpg	Abat5.jpg	NOKEY	MAX	NOKEY
1447873878762	0	lts_1118I_36_01	36	01	0	417	0	0	0	CR	MAX	26424291.thl.jpg	26424291.thl.jpg	NOKEY	MAX	NOKEY
1447873879849	0	lts_1118I_36_01	36	01	0	418	32	1	1	Hit	615	32-1/ASTRAINE8.jpg	ASTRAINE8.jpg	SPACE	652	SPACE
1447873882925	0	lts_1118I_36_01	36	01	0	419	0	0	0	CR	MAX	AWASHCLOT.jpg	AWASHCLOT.jpg	NOKEY	MAX	NOKEY
1447873884063	0	lts_1118I_36_01	36	01	0	420	64	1	1	Hit	665	64-first/Achampagnebo2.jpg	Achampagnebo2.jpg	SPACE	702	SPACE
1447873887139	0	lts_1118I_36_01	36	01	0	421	0	0	0	CR	MAX	seasponge.jpg	seasponge.jpg	NOKEY	MAX	NOKEY
1447873890215	0	lts_1118I_36_01	36	01	0	422	0	0	0	CR	MAX	Acrackersandc.jpg	Acrackersandc.jpg	NOKEY	MAX	NOKEY
1447873891218	0	lts_1118I_36_01	36	01	0	423	32	1	1	Hit	523	32-2/26432899.thl.jpg	26432899.thl.jpg	SPACE	567	SPACE
1447873894310	0	lts_1118I_36_01	36	01	0	424	0	0	0	CR	MAX	10050937.thl.jpg	10050937.thl.jpg	NOKEY	MAX	NOKEY
1447873897386	0	lts_1118I_36_01	36	01	0	425	0	0	0	CR	MAX	23044458.thl.jpg	23044458.thl.jpg	NOKEY	MAX	NOKEY
1447873900462	0	lts_1118I_36_01	36	01	0	426	0	0	0	CR	MAX	ABAGEL.jpg	ABAGEL.jpg	NOKEY	MAX	NOKEY
1447873903555	0	lts_1118I_36_01	36	01	0	427	0	0	0	CR	MAX	AAIRBLOW.jpg	AAIRBLOW.jpg	NOKEY	MAX	NOKEY
1447873906631	0	lts_1118I_36_01	36	01	0	428	0	0	0	CR	MAX	ACHAIRDE2.jpg	ACHAIRDE2.jpg	NOKEY	MAX	NOKEY
1447873908019	0	lts_1118I_36_01	36	01	0	429	0	0	1	FA	908	Ascrewmount.jpg	Ascrewmount.jpg	SPACE	953	NOKEY
1447873911095	0	lts_1118I_36_01	36	01	0	430	0	0	0	CR	MAX	ACHOPBOWL.jpg	ACHOPBOWL.jpg	NOKEY	MAX	NOKEY
1447873914171	0	lts_1118I_36_01	36	01	0	431	0	0	0	CR	MAX	AWIG10.jpg	AWIG10.jpg	NOKEY	MAX	NOKEY
1447873917247	0	lts_1118I_36_01	36	01	0	432	0	0	0	CR	MAX	2/AMICRO67.jpg	AMICRO67.jpg	NOKEY	MAX	NOKEY
1447873920323	0	lts_1118I_36_01	36	01	0	433	0	0	0	CR	MAX	AWINTGLO3.jpg	AWINTGLO3.jpg	NOKEY	MAX	NOKEY
1447873921627	0	lts_1118I_36_01	36	01	0	434	2	1	1	Hit	818	2-7/AMICRO67.jpg	AMICRO67.jpg	SPACE	854	SPACE
1447873924719	0	lts_1118I_36_01	36	01	0	435	0	0	0	CR	MAX	26439504.thl.jpg	26439504.thl.jpg	NOKEY	MAX	NOKEY
1447873925756	0	lts_1118I_36_01	36	01	0	436	16	1	1	Hit	554	16-mul/Achampagnebo2.jpg	Achampagnebo2.jpg	SPACE	602	SPACE
1447873928882	0	lts_1118I_36_01	36	01	0	437	0	0	0	CR	MAX	nintendo.jpg	nintendo.jpg	NOKEY	MAX	NOKEY
1447873931958	0	lts_1118I_36_01	36	01	0	438	0	0	0	CR	MAX	8/22859796.thl.jpg	22859796.thl.jpg	NOKEY	MAX	NOKEY
1447873935035	0	lts_1118I_36_01	36	01	0	439	0	0	0	CR	MAX	26383637.thl.jpg	26383637.thl.jpg	NOKEY	MAX	NOKEY
1447873938111	0	lts_1118I_36_01	36	01	0	440	0	0	0	CR	MAX	Aboardgame6.jpg	Aboardgame6.jpg	NOKEY	MAX	NOKEY
1447873941187	0	lts_1118I_36_01	36	01	0	441	0	0	0	CR	MAX	checkejellyjar.jpg	checkejellyjar.jpg	NOKEY	MAX	NOKEY
1447873942340	0	lts_1118I_36_01	36	01	0	442	128	1	1	Hit	682	128-4/AFERRY5.jpg	AFERRY5.jpg	SPACE	718	SPACE
1447873945416	0	lts_1118I_36_01	36	01	0	443	0	0	0	CR	MAX	ABATHSALT.jpg	ABATHSALT.jpg	NOKEY	MAX	NOKEY
1447873948492	0	lts_1118I_36_01	36	01	0	444	0	0	0	CR	MAX	22923440.thl.jpg	22923440.thl.jpg	NOKEY	MAX	NOKEY
1447873951568	0	lts_1118I_36_01	36	01	0	445	0	0	0	CR	MAX	8256618.thl.jpg	8256618.thl.jpg	NOKEY	MAX	NOKEY
1447873952605	0	lts_1118I_36_01	36	01	0	446	8	1	1	Hit	554	8-1/22859796.thl.jpg	22859796.thl.jpg	SPACE	602	SPACE
1447873955681	0	lts_1118I_36_01	36	01	0	447	0	0	0	CR	MAX	Abulbprotect2.jpg	Abulbprotect2.jpg	NOKEY	MAX	NOKEY
1447873958757	0	lts_1118I_36_01	36	01	0	448	0	0	0	CR	MAX	26377631.thl.jpg	26377631.thl.jpg	NOKEY	MAX	NOKEY
1447873961833	0	lts_1118I_36_01	36	01	0	449	0	0	0	CR	MAX	Ahandbag50.jpg	Ahandbag50.jpg	NOKEY	MAX	NOKEY
1447874005483	0	lts_1118I_36_01	36	01	1	0	0	0	0	CR	MAX	ADOMINO.jpg	ADOMINO.jpg	NOKEY	MAX	NOKEY
1447874008576	0	lts_1118I_36_01	36	01	1	1	0	0	0	CR	MAX	1/AGRATER.jpg	AGRATER.jpg	NOKEY	MAX	NOKEY
1447874009545	0	lts_1118I_36_01	36	01	1	2	1	1	1	Hit	497	1-10/AGRATER.jpg	AGRATER.jpg	SPACE	536	SPACE
1447874012621	0	lts_1118I_36_01	36	01	1	3	0	0	0	CR	MAX	64/AWREATH9.jpg	AWREATH9.jpg	NOKEY	MAX	NOKEY
1447874015697	0	lts_1118I_36_01	36	01	1	4	0	0	0	CR	MAX	AANTMILK.jpg	AANTMILK.jpg	NOKEY	MAX	NOKEY
1447874018790	0	lts_1118I_36_01	36	01	1	5	0	0	0	CR	MAX	2/Arake4.jpg	Arake4.jpg	NOKEY	MAX	NOKEY
1447874021866	0	lts_1118I_36_01	36	01	1	6	0	0	0	CR	MAX	catsl60.jpg	catsl60.jpg	NOKEY	MAX	NOKEY
1447874023038	0	lts_1118I_36_01	36	01	1	7	2	1	1	Hit	698	2-5/Arake4.jpg	Arake4.jpg	SPACE	735	SPACE
1447874026114	0	lts_1118I_36_01	36	01	1	8	0	0	0	CR	MAX	16/AHOTPAD4.jpg	AHOTPAD4.jpg	NOKEY	MAX	NOKEY
1447874029190	0	lts_1118I_36_01	36	01	1	9	0	0	0	CR	MAX	Acomputerdes8.jpg	Acomputerdes8.jpg	NOKEY	MAX	NOKEY
1447874032265	0	lts_1118I_36_01	36	01	1	10	0	0	0	CR	MAX	4/Atoyworm.jpg	Atoyworm.jpg	NOKEY	MAX	NOKEY
1447874035341	0	lts_1118I_36_01	36	01	1	11	0	0	0	CR	MAX	Acardboardpan.jpg	Acardboardpan.jpg	NOKEY	MAX	NOKEY
1447874038417	0	lts_1118I_36_01	36	01	1	12	0	0	0	CR	MAX	4/ASTOOL.jpg	ASTOOL.jpg	NOKEY	MAX	NOKEY
1447874041510	0	lts_1118I_36_01	36	01	1	13	0	0	0	CR	MAX	26451269.thl.jpg	26451269.thl.jpg	NOKEY	MAX	NOKEY
1447874042646	0	lts_1118I_36_01	36	01	1	14	4	1	1	Hit	661	4-5/Atoyworm.jpg	Atoyworm.jpg	SPACE	703	SPACE
1447874045739	0	lts_1118I_36_01	36	01	1	15	0	0	0	CR	MAX	Atoyhelicopte.jpg	Atoyhelicopte.jpg	NOKEY	MAX	NOKEY
1447874047161	0	lts_1118I_36_01	36	01	1	16	4	1	1	Hit	945	4-12/ASTOOL.jpg	ASTOOL.jpg	SPACE	986	SPACE
1447874050237	0	lts_1118I_36_01	36	01	1	17	0	0	0	CR	MAX	2/ACOUPLEF2.jpg	ACOUPLEF2.jpg	NOKEY	MAX	NOKEY
1447874053312	0	lts_1118I_36_01	36	01	1	18	0	0	0	CR	MAX	AELECSAW.jpg	AELECSAW.jpg	NOKEY	MAX	NOKEY
1447874054315	0	lts_1118I_36_01	36	01	1	19	2	1	1	Hit	519	2-0/ACOUPLEF2.jpg	ACOUPLEF2.jpg	SPACE	568	SPACE
1447874057392	0	lts_1118I_36_01	36	01	1	20	0	0	0	CR	MAX	2/bowtie.jpg	bowtie.jpg	NOKEY	MAX	NOKEY
1447874060468	0	lts_1118I_36_01	36	01	1	21	0	0	0	CR	MAX	26424075.thl.jpg	26424075.thl.jpg	NOKEY	MAX	NOKEY
1447874061420	0	lts_1118I_36_01	36	01	1	22	2	1	1	Hit	469	2-4/bowtie.jpg	bowtie.jpg	SPACE	519	SPACE
1447874064496	0	lts_1118I_36_01	36	01	1	23	0	0	0	CR	MAX	pacifierthermometer.jpg	pacifierthermometer.jpg	NOKEY	MAX	NOKEY
1447874065516	0	lts_1118I_36_01	36	01	1	24	16	1	1	Hit	551	16-first/AHOTPAD4.jpg	AHOTPAD4.jpg	SPACE	586	SPACE
1447874068592	0	lts_1118I_36_01	36	01	1	25	0	0	0	CR	MAX	8/Adecorativem2.jpg	Adecorativem2.jpg	NOKEY	MAX	NOKEY
1447874071669	0	lts_1118I_36_01	36	01	1	26	0	0	0	CR	MAX	ACAFLATT3.jpg	ACAFLATT3.jpg	NOKEY	MAX	NOKEY
1447874074744	0	lts_1118I_36_01	36	01	1	27	0	0	0	CR	MAX	Abaggcon2.jpg	Abaggcon2.jpg	NOKEY	MAX	NOKEY
1447874075764	0	lts_1118I_36_01	36	01	1	28	4	1	1	Hit	538	4-mul/AHOTPAD4.jpg	AHOTPAD4.jpg	SPACE	585	SPACE
1447874078840	0	lts_1118I_36_01	36	01	1	29	0	0	0	CR	MAX	2/Acork6.jpg	Acork6.jpg	NOKEY	MAX	NOKEY
1447874081916	0	lts_1118I_36_01	36	01	1	30	0	0	0	CR	MAX	ASALAMI.jpg	ASALAMI.jpg	NOKEY	MAX	NOKEY
1447874083071	0	lts_1118I_36_01	36	01	1	31	2	1	1	Hit	673	2-13/Acork6.jpg	Acork6.jpg	SPACE	719	SPACE
1447874086164	0	lts_1118I_36_01	36	01	1	32	0	0	0	CR	MAX	APOTWHOLE.jpg	APOTWHOLE.jpg	NOKEY	MAX	NOKEY
1447874087249	0	lts_1118I_36_01	36	01	1	33	8	1	1	Hit	613	8-1/Adecorativem2.jpg	Adecorativem2.jpg	SPACE	651	SPACE
1447874090326	0	lts_1118I_36_01	36	01	1	34	0	0	0	CR	MAX	8/ABAGFLOU3.jpg	ABAGFLOU3.jpg	NOKEY	MAX	NOKEY
1447874093402	0	lts_1118I_36_01	36	01	1	35	0	0	0	CR	MAX	AEMERGLI4.jpg	AEMERGLI4.jpg	NOKEY	MAX	NOKEY
1447874096478	0	lts_1118I_36_01	36	01	1	36	0	0	0	CR	MAX	Ahumansku101.jpg	Ahumansku101.jpg	NOKEY	MAX	NOKEY
1447874099554	0	lts_1118I_36_01	36	01	1	37	0	0	0	CR	MAX	128/ABASTER2.jpg	ABASTER2.jpg	NOKEY	MAX	NOKEY
1447874102630	0	lts_1118I_36_01	36	01	1	38	0	0	0	CR	MAX	cinnamonroll.jpg	cinnamonroll.jpg	NOKEY	MAX	NOKEY
1447874105706	0	lts_1118I_36_01	36	01	1	39	0	0	0	CR	MAX	23014927.thl.jpg	23014927.thl.jpg	NOKEY	MAX	NOKEY
1447874106876	0	lts_1118I_36_01	36	01	1	40	00	1	1	Hit	694	00-across/Anailpolish.jpg	Anailpolish.jpg	SPACE	736	SPACE
1447874109952	0	lts_1118I_36_01	36	01	1	41	0	0	0	CR	MAX	8/26441591.thl.jpg	26441591.thl.jpg	NOKEY	MAX	NOKEY
1447874111239	0	lts_1118I_36_01	36	01	1	42	8	1	1	Hit	816	8-first/ABAGFLOU3.jpg	ABAGFLOU3.jpg	SPACE	852	SPACE
1447874114315	0	lts_1118I_36_01	36	01	1	43	0	0	0	CR	MAX	satellitedirecttc.jpg	satellitedirecttc.jpg	NOKEY	MAX	NOKEY
1447874117408	0	lts_1118I_36_01	36	01	1	44	0	0	0	CR	MAX	AGUIRA.jpg	AGUIRA.jpg	NOKEY	MAX	NOKEY
1447874118963	0	lts_1118I_36_01	36	01	1	45	0	0	1	FA	1073	26467460.thl.jpg	26467460.thl.jpg	SPACE	1120	NOKEY
1447874120068	0	lts_1118I_36_01	36	01	1	46	4	1	1	Hit	621	4-mul/ABAGFLOU3.jpg	ABAGFLOU3.jpg	SPACE	669	SPACE
1447874123144	0	lts_1118I_36_01	36	01	1	47	0	0	0	CR	MAX	ACOFFGRI9.jpg	ACOFFGRI9.jpg	NOKEY	MAX	NOKEY
1447874126220	0	lts_1118I_36_01	36	01	1	48	0	0	0	CR	MAX	Acampingstov9.jpg	Acampingstov9.jpg	NOKEY	MAX	NOKEY
1447874127255	0	lts_1118I_36_01	36	01	1	49	8	1	1	Hit	565	8-first/26441591.thl.jpg	26441591.thl.jpg	SPACE	601	SPACE
1447874130331	0	lts_1118I_36_01	36	01	1	50	0	0	0	CR	MAX	ABEDROOM8.jpg	ABEDROOM8.jpg	NOKEY	MAX	NOKEY
1447874131568	0	lts_1118I_36_01	36	01	1	51	00	1	1	Hit	762	00-across/Akeg6.jpg	Akeg6.jpg	SPACE	803	SPACE
1447874134644	0	lts_1118I_36_01	36	01	1	52	0	0	0	CR	MAX	8/ASNOWTOY2.jpg	ASNOWTOY2.jpg	NOKEY	MAX	NOKEY
1447874135781	0	lts_1118I_36_01	36	01	1	53	4	1	1	Hit	660	4-mul/26441591.thl.jpg	26441591.thl.jpg	SPACE	702	SPACE
1447874138857	0	lts_1118I_36_01	36	01	1	54	0	0	0	CR	MAX	catslmifru.jpg	catslmifru.jpg	NOKEY	MAX	NOKEY
1447874141933	0	lts_1118I_36_01	36	01	1	55	0	0	0	CR	MAX	64/26444138.thl.jpg	26444138.thl.jpg	NOKEY	MAX	NOKEY
1447874145010	0	lts_1118I_36_01	36	01	1	56	0	0	0	CR	MAX	AFILMCUTT.jpg	AFILMCUTT.jpg	NOKEY	MAX	NOKEY
1447874148086	0	lts_1118I_36_01	36	01	1	57	0	0	0	CR	MAX	ACANOPEN6.jpg	ACANOPEN6.jpg	NOKEY	MAX	NOKEY
1447874151162	0	lts_1118I_36_01	36	01	1	58	0	0	0	CR	MAX	16/Acheesgra.jpg	Acheesgra.jpg	NOKEY	MAX	NOKEY
1447874154238	0	lts_1118I_36_01	36	01	1	59	0	0	0	CR	MAX	mouse-a.jpg	mouse-a.jpg	NOKEY	MAX	NOKEY
1447874157314	0	lts_1118I_36_01	36	01	1	60	8	1	0	Miss	MAX	8-first/ASNOWTOY2.jpg	ASNOWTOY2.jpg	NOKEY	MAX	SPACE
1447874160406	0	lts_1118I_36_01	36	01	1	61	0	0	0	CR	MAX	32/Aropeandclamp.jpg	Aropeandclamp.jpg	NOKEY	MAX	NOKEY
1447874163482	0	lts_1118I_36_01	36	01	1	62	0	0	0	CR	MAX	22887144.thl.jpg	22887144.thl.jpg	NOKEY	MAX	NOKEY
1447874166558	0	lts_1118I_36_01	36	01	1	63	0	0	0	CR	MAX	8/26423652.thl.jpg	26423652.thl.jpg	NOKEY	MAX	NOKEY
1447874167561	0	lts_1118I_36_01	36	01	1	64	4	1	1	Hit	520	4-mul/ASNOWTOY2.jpg	ASNOWTOY2.jpg	SPACE	569	SPACE
1447874170637	0	lts_1118I_36_01	36	01	1	65	0	0	0	CR	MAX	Abowlofwonto5.jpg	Abowlofwonto5.jpg	NOKEY	MAX	NOKEY
1447874173714	0	lts_1118I_36_01	36	01	1	66	0	0	0	CR	MAX	AHANDRAK.jpg	AHANDRAK.jpg	NOKEY	MAX	NOKEY
1447874174817	0	lts_1118I_36_01	36	01	1	67	64	1	1	Hit	628	64-first/AWREATH9.jpg	AWREATH9.jpg	SPACE	669	SPACE
1447874177475	0	lts_1118I_36_01	36	01	1	68	0	0	1	FA	2162	32/AWASHOPEN.jpg	AWASHOPEN.jpg	SPACE	2208	NOKEY
1447874180551	0	lts_1118I_36_01	36	01	1	69	0	0	0	CR	MAX	AHEATER3.jpg	AHEATER3.jpg	NOKEY	MAX	NOKEY
1447874183627	0	lts_1118I_36_01	36	01	1	70	0	0	0	CR	MAX	8/Ahandheldmir3.jpg	Ahandheldmir3.jpg	NOKEY	MAX	NOKEY
1447874184647	0	lts_1118I_36_01	36	01	1	71	8	1	1	Hit	546	8-2/26423652.thl.jpg	26423652.thl.jpg	SPACE	586	SPACE
1447874187723	0	lts_1118I_36_01	36	01	1	72	0	0	0	CR	MAX	Abicyclerepa3.jpg	Abicyclerepa3.jpg	NOKEY	MAX	NOKEY
1447874190799	0	lts_1118I_36_01	36	01	1	73	0	0	0	CR	MAX	26372237.thl.jpg	26372237.thl.jpg	NOKEY	MAX	NOKEY
1447874191869	0	lts_1118I_36_01	36	01	1	74	16	1	1	Hit	587	16-first/Acheesgra.jpg	Acheesgra.jpg	SPACE	635	SPACE
1447874193074	0	lts_1118I_36_01	36	01	1	75	0	0	1	FA	734	64/Amistingwate3.jpg	Amistingwate3.jpg	SPACE	769	NOKEY
1447874194110	0	lts_1118I_36_01	36	01	1	76	2	1	1	Hit	559	2-mul/Acheesgra.jpg	Acheesgra.jpg	SPACE	601	SPACE
1447874197203	0	lts_1118I_36_01	36	01	1	77	0	0	0	CR	MAX	Atoymoose.jpg	Atoymoose.jpg	NOKEY	MAX	NOKEY
1447874198406	0	lts_1118I_36_01	36	01	1	78	8	1	1	Hit	722	8-first/Ahandheldmir3.jpg	Ahandheldmir3.jpg	SPACE	768	SPACE
1447874201482	0	lts_1118I_36_01	36	01	1	79	0	0	0	CR	MAX	AAIRGAUGE.jpg	AAIRGAUGE.jpg	NOKEY	MAX	NOKEY
1447874202502	0	lts_1118I_36_01	36	01	1	80	2	1	1	Hit	544	2-mul/Ahandheldmir3.jpg	Ahandheldmir3.jpg	SPACE	586	SPACE
1447874205578	0	lts_1118I_36_01	36	01	1	81	0	0	0	CR	MAX	Atoywheels.jpg	Atoywheels.jpg	NOKEY	MAX	NOKEY
1447874208670	0	lts_1118I_36_01	36	01	1	82	0	0	0	CR	MAX	tuxedo.jpg	tuxedo.jpg	NOKEY	MAX	NOKEY
1447874209674	0	lts_1118I_36_01	36	01	1	83	16	1	1	Hit	522	16-mul/AWREATH9.jpg	AWREATH9.jpg	SPACE	568	SPACE
1447874212750	0	lts_1118I_36_01	36	01	1	84	0	0	0	CR	MAX	AHYPONEE3.jpg	AHYPONEE3.jpg	NOKEY	MAX	NOKEY
1447874215826	0	lts_1118I_36_01	36	01	1	85	0	0	0	CR	MAX	AMETSCULP.jpg	AMETSCULP.jpg	NOKEY	MAX	NOKEY
1447874216912	0	lts_1118I_36_01	36	01	1	86	0	0	1	FA	603	16/AMINITRE7.jpg	AMINITRE7.jpg	SPACE	652	NOKEY
1447874219988	0	lts_1118I_36_01	36	01	1	87	0	0	0	CR	MAX	26433347.thl.jpg	26433347.thl.jpg	NOKEY	MAX	NOKEY
1447874223065	0	lts_1118I_36_01	36	01	1	88	0	0	0	CR	MAX	1/ABREASPU2.jpg	ABREASPU2.jpg	NOKEY	MAX	NOKEY
1447874224202	0	lts_1118I_36_01	36	01	1	89	1	1	1	Hit	659	1-4/ABREASPU2.jpg	ABREASPU2.jpg	SPACE	701	SPACE
1447874227277	0	lts_1118I_36_01	36	01	1	90	0	0	0	CR	MAX	23041782.thl.jpg	23041782.thl.jpg	NOKEY	MAX	NOKEY
1447874230353	0	lts_1118I_36_01	36	01	1	91	0	0	0	CR	MAX	AANTIRO13.jpg	AANTIRO13.jpg	NOKEY	MAX	NOKEY
1447874233429	0	lts_1118I_36_01	36	01	1	92	0	0	0	CR	MAX	Abicyclepump2.jpg	Abicyclepump2.jpg	NOKEY	MAX	NOKEY
1447874234600	0	lts_1118I_36_01	36	01	1	93	32	1	1	Hit	690	32-3/Aropeandclamp.jpg	Aropeandclamp.jpg	SPACE	737	SPACE
1447874237692	0	lts_1118I_36_01	36	01	1	94	0	0	0	CR	MAX	gameboy.jpg	gameboy.jpg	NOKEY	MAX	NOKEY
1447874240768	0	lts_1118I_36_01	36	01	1	95	0	0	0	CR	MAX	APOTGOLD2.jpg	APOTGOLD2.jpg	NOKEY	MAX	NOKEY
1447874243845	0	lts_1118I_36_01	36	01	1	96	0	0	0	CR	MAX	1/Aantiquepock3.jpg	Aantiquepock3.jpg	NOKEY	MAX	NOKEY
1447874244931	0	lts_1118I_36_01	36	01	1	97	1	1	1	Hit	604	1-5/Aantiquepock3.jpg	Aantiquepock3.jpg	SPACE	652	SPACE
1447874248008	0	lts_1118I_36_01	36	01	1	98	0	0	0	CR	MAX	32/AARTMELON.jpg	AARTMELON.jpg	NOKEY	MAX	NOKEY
1447874251084	0	lts_1118I_36_01	36	01	1	99	0	0	0	CR	MAX	16/ADOUBHOOK.jpg	ADOUBHOOK.jpg	NOKEY	MAX	NOKEY
1447874252270	0	lts_1118I_36_01	36	01	1	100	32	1	1	Hit	705	32-1/AWASHOPEN.jpg	AWASHOPEN.jpg	SPACE	751	SPACE
1447874255346	0	lts_1118I_36_01	36	01	1	101	0	0	0	CR	MAX	128/ADARKLAMP.jpg	ADARKLAMP.jpg	NOKEY	MAX	NOKEY
1447874256700	0	lts_1118I_36_01	36	01	1	102	16	1	1	Hit	880	16-1/AMINITRE7.jpg	AMINITRE7.jpg	SPACE	919	SPACE
1447874259777	0	lts_1118I_36_01	36	01	1	103	0	0	0	CR	MAX	26428545.thl.jpg	26428545.thl.jpg	NOKEY	MAX	NOKEY
1447874262869	0	lts_1118I_36_01	36	01	1	104	0	0	0	CR	MAX	Abottleofchi2.jpg	Abottleofchi2.jpg	NOKEY	MAX	NOKEY
1447874265945	0	lts_1118I_36_01	36	01	1	105	0	0	0	CR	MAX	4/hurdle.jpg	hurdle.jpg	NOKEY	MAX	NOKEY
1447874269023	0	lts_1118I_36_01	36	01	1	106	0	0	0	CR	MAX	Abandage3.jpg	Abandage3.jpg	NOKEY	MAX	NOKEY
1447874272099	0	lts_1118I_36_01	36	01	1	107	0	0	0	CR	MAX	ABUGLE2.jpg	ABUGLE2.jpg	NOKEY	MAX	NOKEY
1447874275175	0	lts_1118I_36_01	36	01	1	108	0	0	0	CR	MAX	Ajuicer27.jpg	Ajuicer27.jpg	NOKEY	MAX	NOKEY
1447874276494	0	lts_1118I_36_01	36	01	1	109	4	1	1	Hit	838	4-11/hurdle.jpg	hurdle.jpg	SPACE	886	SPACE
1447874278234	0	lts_1118I_36_01	36	01	1	110	0	0	1	FA	1266	Athimble2.jpg	Athimble2.jpg	SPACE	1304	NOKEY
1447874281309	0	lts_1118I_36_01	36	01	1	111	0	0	0	CR	MAX	ACLOSET4.jpg	ACLOSET4.jpg	NOKEY	MAX	NOKEY
1447874284385	0	lts_1118I_36_01	36	01	1	112	0	0	0	CR	MAX	22824840.thl.jpg	22824840.thl.jpg	NOKEY	MAX	NOKEY
1447874285823	0	lts_1118I_36_01	36	01	1	113	0	0	1	FA	961	Afueltank11.jpg	Afueltank11.jpg	SPACE	1003	NOKEY
1447874288899	0	lts_1118I_36_01	36	01	1	114	0	0	0	CR	MAX	8027656.thl.jpg	8027656.thl.jpg	NOKEY	MAX	NOKEY
1447874289952	0	lts_1118I_36_01	36	01	1	115	16	1	1	Hit	576	16-first/ADOUBHOOK.jpg	ADOUBHOOK.jpg	SPACE	619	SPACE
1447874293046	0	lts_1118I_36_01	36	01	1	116	0	0	0	CR	MAX	AHEATER.jpg	AHEATER.jpg	NOKEY	MAX	NOKEY
1447874294133	0	lts_1118I_36_01	36	01	1	117	2	1	1	Hit	609	2-mul/ADOUBHOOK.jpg	ADOUBHOOK.jpg	SPACE	651	SPACE
1447874297209	0	lts_1118I_36_01	36	01	1	118	8	1	0	Miss	MAX	8/silver-bowl-small.jpg	silver-bowl-small.jpg	NOKEY	MAX	SPACE
1447874298294	0	lts_1118I_36_01	36	01	1	119	64	1	1	Hit	617	64-first/26444138.thl.jpg	26444138.thl.jpg	SPACE	651	SPACE
1447874301370	0	lts_1118I_36_01	36	01	1	120	0	0	0	CR	MAX	Aruler16.jpg	Aruler16.jpg	NOKEY	MAX	NOKEY
1447874302724	0	lts_1118I_36_01	36	01	1	121	0	0	1	FA	880	ABAT.jpg	ABAT.jpg	SPACE	919	NOKEY
1447874305800	0	lts_1118I_36_01	36	01	1	122	0	0	0	CR	MAX	Afilmnegativ2.jpg	Afilmnegativ2.jpg	NOKEY	MAX	NOKEY
1447874306837	0	lts_1118I_36_01	36	01	1	123	4	1	1	Hit	555	4-mul/26444138.thl.jpg	26444138.thl.jpg	SPACE	602	SPACE
1447874309913	0	lts_1118I_36_01	36	01	1	124	0	0	0	CR	MAX	4/Aelectronicor.jpg	Aelectronicor.jpg	NOKEY	MAX	NOKEY
1447874312989	0	lts_1118I_36_01	36	01	1	125	0	0	0	CR	MAX	64/sardines.jpg	sardines.jpg	NOKEY	MAX	NOKEY
1447874314110	0	lts_1118I_36_01	36	01	1	126	8	1	1	Hit	643	8-0/silver-bowl-small.jpg	silver-bowl-small.jpg	SPACE	684	SPACE
1447874317203	0	lts_1118I_36_01	36	01	1	127	0	0	0	CR	MAX	Alei23.jpg	Alei23.jpg	NOKEY	MAX	NOKEY
1447874318239	0	lts_1118I_36_01	36	01	1	128	4	1	1	Hit	565	4-6/Aelectronicor.jpg	Aelectronicor.jpg	SPACE	600	SPACE
1447874321315	0	lts_1118I_36_01	36	01	1	129	0	0	0	CR	MAX	Atoy63.jpg	Atoy63.jpg	NOKEY	MAX	NOKEY
1447874322468	0	lts_1118I_36_01	36	01	1	130	32	1	1	Hit	669	32-2/AARTMELON.jpg	AARTMELON.jpg	SPACE	720	SPACE
1447874325544	0	lts_1118I_36_01	36	01	1	131	0	0	0	CR	MAX	4/airhocckytable.jpg	airhocckytable.jpg	NOKEY	MAX	NOKEY
1447874328620	0	lts_1118I_36_01	36	01	1	132	0	0	0	CR	MAX	26391079.thl.jpg	26391079.thl.jpg	NOKEY	MAX	NOKEY
1447874331696	0	lts_1118I_36_01	36	01	1	133	0	0	0	CR	MAX	8029703.thl.jpg	8029703.thl.jpg	NOKEY	MAX	NOKEY
1447874334772	0	lts_1118I_36_01	36	01	1	134	0	0	0	CR	MAX	mangosplitter.jpg	mangosplitter.jpg	NOKEY	MAX	NOKEY
1447874335976	0	lts_1118I_36_01	36	01	1	135	4	1	1	Hit	719	4-4/airhocckytable.jpg	airhocckytable.jpg	SPACE	769	SPACE
1447874339053	0	lts_1118I_36_01	36	01	1	136	0	0	0	CR	MAX	ALINTREMO.jpg	ALINTREMO.jpg	NOKEY	MAX	NOKEY
1447874342129	0	lts_1118I_36_01	36	01	1	137	0	0	0	CR	MAX	Agluegun.jpg	Agluegun.jpg	NOKEY	MAX	NOKEY
1447874345205	0	lts_1118I_36_01	36	01	1	138	0	0	0	CR	MAX	ARICE2.jpg	ARICE2.jpg	NOKEY	MAX	NOKEY
1447874346324	0	lts_1118I_36_01	36	01	1	139	64	1	1	Hit	637	64-first/Amistingwate3.jpg	Amistingwate3.jpg	SPACE	684	SPACE
1447874349400	0	lts_1118I_36_01	36	01	1	140	0	0	0	CR	MAX	32/Acontrolpane2.jpg	Acontrolpane2.jpg	NOKEY	MAX	NOKEY
1447874352493	0	lts_1118I_36_01	36	01	1	141	0	0	0	CR	MAX	Acprmask2.jpg	Acprmask2.jpg	NOKEY	MAX	NOKEY
1447874355569	0	lts_1118I_36_01	36	01	1	142	0	0	0	CR	MAX	AARMCHA25.jpg	AARMCHA25.jpg	NOKEY	MAX	NOKEY
1447874356572	0	lts_1118I_36_01	36	01	1	143	4	1	1	Hit	522	4-mul/Amistingwate3.jpg	Amistingwate3.jpg	SPACE	569	SPACE
1447874359649	0	lts_1118I_36_01	36	01	1	144	0	0	0	CR	MAX	ACIGCUTT.jpg	ACIGCUTT.jpg	NOKEY	MAX	NOKEY
1447874362741	0	lts_1118I_36_01	36	01	1	145	0	0	0	CR	MAX	Aclamp58.jpg	Aclamp58.jpg	NOKEY	MAX	NOKEY
1447874365817	0	lts_1118I_36_01	36	01	1	146	0	0	0	CR	MAX	2/Atool221.jpg	Atool221.jpg	NOKEY	MAX	NOKEY
1447874368893	0	lts_1118I_36_01	36	01	1	147	0	0	0	CR	MAX	Apencilsharp5.jpg	Apencilsharp5.jpg	NOKEY	MAX	NOKEY
1447874369913	0	lts_1118I_36_01	36	01	1	148	2	1	1	Hit	548	2-6/Atool221.jpg	Atool221.jpg	SPACE	585	SPACE
1447874372989	0	lts_1118I_36_01	36	01	1	149	0	0	0	CR	MAX	ADOGLEAS2.jpg	ADOGLEAS2.jpg	NOKEY	MAX	NOKEY
1447874376083	0	lts_1118I_36_01	36	01	1	150	0	0	0	CR	MAX	Acampingcoffe.jpg	Acampingcoffe.jpg	NOKEY	MAX	NOKEY
1447874379159	0	lts_1118I_36_01	36	01	1	151	0	0	0	CR	MAX	32/AARTIHAN5.jpg	AARTIHAN5.jpg	NOKEY	MAX	NOKEY
1447874382251	0	lts_1118I_36_01	36	01	1	152	0	0	0	CR	MAX	1/AMEATGRI9.jpg	AMEATGRI9.jpg	NOKEY	MAX	NOKEY
1447874383271	0	lts_1118I_36_01	36	01	1	153	1	1	1	Hit	534	1-8/AMEATGRI9.jpg	AMEATGRI9.jpg	SPACE	585	SPACE
1447874386347	0	lts_1118I_36_01	36	01	1	154	0	0	0	CR	MAX	4/trapezebars.jpg	trapezebars.jpg	NOKEY	MAX	NOKEY
1447874387751	0	lts_1118I_36_01	36	01	1	155	0	0	1	FA	924	1/26439074.thl.jpg	26439074.thl.jpg	SPACE	970	NOKEY
1447874388771	0	lts_1118I_36_01	36	01	1	156	1	1	1	Hit	543	1-13/26439074.thl.jpg	26439074.thl.jpg	SPACE	586	SPACE
1447874391847	0	lts_1118I_36_01	36	01	1	157	0	0	0	CR	MAX	4555.jpg	4555.jpg	NOKEY	MAX	NOKEY
1447874392917	0	lts_1118I_36_01	36	01	1	158	4	1	1	Hit	592	4-1/trapezebars.jpg	trapezebars.jpg	SPACE	636	SPACE
1447874395993	0	lts_1118I_36_01	36	01	1	159	0	0	0	CR	MAX	26439898.thl.jpg	26439898.thl.jpg	NOKEY	MAX	NOKEY
1447874399070	0	lts_1118I_36_01	36	01	1	160	0	0	0	CR	MAX	ASMOKMEAT.jpg	ASMOKMEAT.jpg	NOKEY	MAX	NOKEY
1447874402146	0	lts_1118I_36_01	36	01	1	161	0	0	0	CR	MAX	128/Ametalpress.jpg	Ametalpress.jpg	NOKEY	MAX	NOKEY
1447874405222	0	lts_1118I_36_01	36	01	1	162	0	0	0	CR	MAX	31023139.thl.jpg	31023139.thl.jpg	NOKEY	MAX	NOKEY
1447874408297	0	lts_1118I_36_01	36	01	1	163	0	0	0	CR	MAX	26428593.thl.jpg	26428593.thl.jpg	NOKEY	MAX	NOKEY
1447874411373	0	lts_1118I_36_01	36	01	1	164	0	0	0	CR	MAX	Aeggcup224.jpg	Aeggcup224.jpg	NOKEY	MAX	NOKEY
1447874412476	0	lts_1118I_36_01	36	01	1	165	128	1	1	Hit	624	128-6/ABASTER2.jpg	ABASTER2.jpg	SPACE	669	SPACE
1447874415553	0	lts_1118I_36_01	36	01	1	166	0	0	0	CR	MAX	ANAPKIN4.jpg	ANAPKIN4.jpg	NOKEY	MAX	NOKEY
1447874418629	0	lts_1118I_36_01	36	01	1	167	0	0	0	CR	MAX	1/26554952.thl.jpg	26554952.thl.jpg	NOKEY	MAX	NOKEY
1447874419682	0	lts_1118I_36_01	36	01	1	168	1	1	1	Hit	581	1-2/26554952.thl.jpg	26554952.thl.jpg	SPACE	619	SPACE
1447874422758	0	lts_1118I_36_01	36	01	1	169	0	0	0	CR	MAX	ADOGFOOD.jpg	ADOGFOOD.jpg	NOKEY	MAX	NOKEY
1447874425851	0	lts_1118I_36_01	36	01	1	170	0	0	0	CR	MAX	Lanyard.jpg	Lanyard.jpg	NOKEY	MAX	NOKEY
1447874428927	0	lts_1118I_36_01	36	01	1	171	0	0	0	CR	MAX	26439913.thl.jpg	26439913.thl.jpg	NOKEY	MAX	NOKEY
1447874430065	0	lts_1118I_36_01	36	01	1	172	32	1	1	Hit	659	32-0/Acontrolpane2.jpg	Acontrolpane2.jpg	SPACE	702	SPACE
1447874433141	0	lts_1118I_36_01	36	01	1	173	0	0	0	CR	MAX	Apotboilinge2.jpg	Apotboilinge2.jpg	NOKEY	MAX	NOKEY
1447874436217	0	lts_1118I_36_01	36	01	1	174	0	0	0	CR	MAX	Ababseat2.jpg	Ababseat2.jpg	NOKEY	MAX	NOKEY
1447874439292	0	lts_1118I_36_01	36	01	1	175	0	0	0	CR	MAX	2/AARMYTRUK.jpg	AARMYTRUK.jpg	NOKEY	MAX	NOKEY
1447874442368	0	lts_1118I_36_01	36	01	1	176	0	0	0	CR	MAX	Ashoeshines15.jpg	Ashoeshines15.jpg	NOKEY	MAX	NOKEY
1447874443404	0	lts_1118I_36_01	36	01	1	177	2	1	1	Hit	552	2-9/AARMYTRUK.jpg	AARMYTRUK.jpg	SPACE	602	SPACE
1447874446480	0	lts_1118I_36_01	36	01	1	178	0	0	0	CR	MAX	2/AHYPBOTT.jpg	AHYPBOTT.jpg	NOKEY	MAX	NOKEY
1447874449557	0	lts_1118I_36_01	36	01	1	179	0	0	0	CR	MAX	ACOCKSPA4.jpg	ACOCKSPA4.jpg	NOKEY	MAX	NOKEY
1447874450710	0	lts_1118I_36_01	36	01	1	180	2	1	1	Hit	669	2-8/AHYPBOTT.jpg	AHYPBOTT.jpg	SPACE	719	SPACE
1447874453786	0	lts_1118I_36_01	36	01	1	181	0	0	0	CR	MAX	64/Abrassbu2.jpg	Abrassbu2.jpg	NOKEY	MAX	NOKEY
1447874456862	0	lts_1118I_36_01	36	01	1	182	0	0	0	CR	MAX	ARECORDSY.jpg	ARECORDSY.jpg	NOKEY	MAX	NOKEY
1447874458184	0	lts_1118I_36_01	36	01	1	183	32	1	1	Hit	840	32-4/AARTIHAN5.jpg	AARTIHAN5.jpg	SPACE	886	SPACE
1447874461259	0	lts_1118I_36_01	36	01	1	184	0	0	0	CR	MAX	D_dumpster.jpg	D_dumpster.jpg	NOKEY	MAX	NOKEY
1447874462580	0	lts_1118I_36_01	36	01	1	185	0	0	1	FA	818	ASERVICEB.jpg	ASERVICEB.jpg	SPACE	854	NOKEY
1447874465689	0	lts_1118I_36_01	36	01	1	186	0	0	0	CR	MAX	1/Astatueofwo29.jpg	Astatueofwo29.jpg	NOKEY	MAX	NOKEY
1447874466709	0	lts_1118I_36_01	36	01	1	187	1	1	1	Hit	542	1-12/Astatueofwo29.jpg	Astatueofwo29.jpg	SPACE	585	SPACE
1447874469785	0	lts_1118I_36_01	36	01	1	188	0	0	0	CR	MAX	16/22824636.thl.jpg	22824636.thl.jpg	NOKEY	MAX	NOKEY
1447874470922	0	lts_1118I_36_01	36	01	1	189	64	1	1	Hit	653	64-first/sardines.jpg	sardines.jpg	SPACE	703	SPACE
1447874473998	0	lts_1118I_36_01	36	01	1	190	0	0	0	CR	MAX	Aoutdoorprop3.jpg	Aoutdoorprop3.jpg	NOKEY	MAX	NOKEY
1447874475136	0	lts_1118I_36_01	36	01	1	191	2	1	1	Hit	663	2-mul/sardines.jpg	sardines.jpg	SPACE	701	SPACE
1447874478212	0	lts_1118I_36_01	36	01	1	192	0	0	0	CR	MAX	Abellcookiec3.jpg	Abellcookiec3.jpg	NOKEY	MAX	NOKEY
1447874481287	0	lts_1118I_36_01	36	01	1	193	0	0	0	CR	MAX	Ascientificm2.jpg	Ascientificm2.jpg	NOKEY	MAX	NOKEY
1447874484363	0	lts_1118I_36_01	36	01	1	194	0	0	0	CR	MAX	4/ATURKEY11.jpg	ATURKEY11.jpg	NOKEY	MAX	NOKEY
1447874487456	0	lts_1118I_36_01	36	01	1	195	0	0	0	CR	MAX	Aprintingpre5.jpg	Aprintingpre5.jpg	NOKEY	MAX	NOKEY
1447874488576	0	lts_1118I_36_01	36	01	1	196	00	1	1	Hit	642	00-across/26379612.thl.jpg	26379612.thl.jpg	SPACE	687	SPACE
1447874491652	0	lts_1118I_36_01	36	01	1	197	0	0	0	CR	MAX	16/AJUMAR.jpg	AJUMAR.jpg	NOKEY	MAX	NOKEY
1447874493007	0	lts_1118I_36_01	36	01	1	198	4	1	1	Hit	869	4-7/ATURKEY11.jpg	ATURKEY11.jpg	SPACE	920	SPACE
1447874496100	0	lts_1118I_36_01	36	01	1	199	0	0	0	CR	MAX	Adolphin3.jpg	Adolphin3.jpg	NOKEY	MAX	NOKEY
1447874497269	0	lts_1118I_36_01	36	01	1	200	00	1	1	Hit	684	00-across/26370116.thl.jpg	26370116.thl.jpg	SPACE	735	SPACE
1447874500345	0	lts_1118I_36_01	36	01	1	201	0	0	0	CR	MAX	35314138.thl.jpg	35314138.thl.jpg	NOKEY	MAX	NOKEY
1447874503421	0	lts_1118I_36_01	36	01	1	202	0	0	0	CR	MAX	ABIKLIGHT.jpg	ABIKLIGHT.jpg	NOKEY	MAX	NOKEY
1447874506497	0	lts_1118I_36_01	36	01	1	203	0	0	0	CR	MAX	matchbook.jpg	matchbook.jpg	NOKEY	MAX	NOKEY
1447874507684	0	lts_1118I_36_01	36	01	1	204	16	1	1	Hit	706	16-first/22824636.thl.jpg	22824636.thl.jpg	SPACE	752	SPACE
1447874510760	0	lts_1118I_36_01	36	01	1	205	0	0	0	CR	MAX	gumballmachine.jpg	gumballmachine.jpg	NOKEY	MAX	NOKEY
1447874513836	0	lts_1118I_36_01	36	01	1	206	0	0	0	CR	MAX	ABRIDGE3.jpg	ABRIDGE3.jpg	NOKEY	MAX	NOKEY
1447874516912	0	lts_1118I_36_01	36	01	1	207	0	0	0	CR	MAX	8255981.thl.jpg	8255981.thl.jpg	NOKEY	MAX	NOKEY
1447874519671	0	lts_1118I_36_01	36	01	1	208	0	0	1	FA	2277	2/26431734.thl.jpg	26431734.thl.jpg	SPACE	2324	NOKEY
1447874522747	0	lts_1118I_36_01	36	01	1	209	0	0	0	CR	MAX	Ascientifict3.jpg	Ascientifict3.jpg	NOKEY	MAX	NOKEY
1447874523716	0	lts_1118I_36_01	36	01	1	210	2	1	1	Hit	493	2-3/26431734.thl.jpg	26431734.thl.jpg	SPACE	535	SPACE
1447874526809	0	lts_1118I_36_01	36	01	1	211	0	0	0	CR	MAX	igloo.jpg	igloo.jpg	NOKEY	MAX	NOKEY
1447874529885	0	lts_1118I_36_01	36	01	1	212	0	0	0	CR	MAX	128/ATELEPH12.jpg	ATELEPH12.jpg	NOKEY	MAX	NOKEY
1447874531023	0	lts_1118I_36_01	36	01	1	213	16	1	1	Hit	662	16-first/AJUMAR.jpg	AJUMAR.jpg	SPACE	702	SPACE
1447874534099	0	lts_1118I_36_01	36	01	1	214	0	0	0	CR	MAX	8021515.thl.jpg	8021515.thl.jpg	NOKEY	MAX	NOKEY
1447874537175	0	lts_1118I_36_01	36	01	1	215	0	0	0	CR	MAX	23019499.thl.jpg	23019499.thl.jpg	NOKEY	MAX	NOKEY
1447874540250	0	lts_1118I_36_01	36	01	1	216	0	0	0	CR	MAX	ACOLFILT5.jpg	ACOLFILT5.jpg	NOKEY	MAX	NOKEY
1447874541287	0	lts_1118I_36_01	36	01	1	217	4	1	1	Hit	566	4-mul/AJUMAR.jpg	AJUMAR.jpg	SPACE	602	SPACE
1447874544363	0	lts_1118I_36_01	36	01	1	218	0	0	0	CR	MAX	hatslmar.jpg	hatslmar.jpg	NOKEY	MAX	NOKEY
1447874547456	0	lts_1118I_36_01	36	01	1	219	0	0	0	CR	MAX	AHUMIDIFI.jpg	AHUMIDIFI.jpg	NOKEY	MAX	NOKEY
1447874548425	0	lts_1118I_36_01	36	01	1	220	16	1	1	Hit	496	16-mul/22824636.thl.jpg	22824636.thl.jpg	SPACE	536	SPACE
1447874551501	0	lts_1118I_36_01	36	01	1	221	0	0	0	CR	MAX	16/A95CHEROK.jpg	A95CHEROK.jpg	NOKEY	MAX	NOKEY
1447874554577	0	lts_1118I_36_01	36	01	1	222	0	0	0	CR	MAX	2/AROUNDFR3.jpg	AROUNDFR3.jpg	NOKEY	MAX	NOKEY
1447874557670	0	lts_1118I_36_01	36	01	1	223	0	0	0	CR	MAX	Aribbon21.jpg	Aribbon21.jpg	NOKEY	MAX	NOKEY
1447874558924	0	lts_1118I_36_01	36	01	1	224	2	1	1	Hit	776	2-1/AROUNDFR3.jpg	AROUNDFR3.jpg	SPACE	819	SPACE
1447874562001	0	lts_1118I_36_01	36	01	1	225	0	0	0	CR	MAX	ACAESALAD.jpg	ACAESALAD.jpg	NOKEY	MAX	NOKEY
1447874565077	0	lts_1118I_36_01	36	01	1	226	0	0	0	CR	MAX	128/Aroadsignind3.jpg	Aroadsignind3.jpg	NOKEY	MAX	NOKEY
1447874568153	0	lts_1118I_36_01	36	01	1	227	0	0	0	CR	MAX	ABEERBOT5.jpg	ABEERBOT5.jpg	NOKEY	MAX	NOKEY
1447874571229	0	lts_1118I_36_01	36	01	1	228	0	0	0	CR	MAX	ASKIPROP2.jpg	ASKIPROP2.jpg	NOKEY	MAX	NOKEY
1447874572733	0	lts_1118I_36_01	36	01	1	229	128	1	1	Hit	1026	128-4/ADARKLAMP.jpg	ADARKLAMP.jpg	SPACE	1070	SPACE
1447874575809	0	lts_1118I_36_01	36	01	1	230	0	0	0	CR	MAX	26687325.thl.jpg	26687325.thl.jpg	NOKEY	MAX	NOKEY
1447874578885	0	lts_1118I_36_01	36	01	1	231	0	0	0	CR	MAX	26369944.thl.jpg	26369944.thl.jpg	NOKEY	MAX	NOKEY
1447874580073	0	lts_1118I_36_01	36	01	1	232	00	1	1	Hit	706	00-across/ADIAMCRYS.jpg	ADIAMCRYS.jpg	SPACE	753	SPACE
1447874583149	0	lts_1118I_36_01	36	01	1	233	0	0	0	CR	MAX	AOSTRICH2.jpg	AOSTRICH2.jpg	NOKEY	MAX	NOKEY
1447874586258	0	lts_1118I_36_01	36	01	1	234	0	0	0	CR	MAX	Agaspump3.jpg	Agaspump3.jpg	NOKEY	MAX	NOKEY
1447874589334	0	lts_1118I_36_01	36	01	1	235	0	0	0	CR	MAX	128/Acarrot.jpg	Acarrot.jpg	NOKEY	MAX	NOKEY
1447874591774	0	lts_1118I_36_01	36	01	1	236	0	0	1	FA	1963	22826832.thl.jpg	22826832.thl.jpg	SPACE	2006	NOKEY
1447874592894	0	lts_1118I_36_01	36	01	1	237	16	1	1	Hit	639	16-0/A95CHEROK.jpg	A95CHEROK.jpg	SPACE	685	SPACE
1447874595971	0	lts_1118I_36_01	36	01	1	238	0	0	0	CR	MAX	AFILM.jpg	AFILM.jpg	NOKEY	MAX	NOKEY
1447874599048	0	lts_1118I_36_01	36	01	1	239	0	0	0	CR	MAX	Acampingtoolk.jpg	Acampingtoolk.jpg	NOKEY	MAX	NOKEY
1447874600334	0	lts_1118I_36_01	36	01	1	240	0	0	1	FA	813	Aantiquewate3.jpg	Aantiquewate3.jpg	SPACE	852	NOKEY
1447874603410	0	lts_1118I_36_01	36	01	1	241	0	0	0	CR	MAX	2/22883664.thl.jpg	22883664.thl.jpg	NOKEY	MAX	NOKEY
1447874606486	0	lts_1118I_36_01	36	01	1	242	0	0	0	CR	MAX	26428540.thl.jpg	26428540.thl.jpg	NOKEY	MAX	NOKEY
1447874607539	0	lts_1118I_36_01	36	01	1	243	2	1	1	Hit	573	2-2/22883664.thl.jpg	22883664.thl.jpg	SPACE	619	SPACE
1447874610615	0	lts_1118I_36_01	36	01	1	244	0	0	0	CR	MAX	ATUNFORK2.jpg	ATUNFORK2.jpg	NOKEY	MAX	NOKEY
1447874611669	0	lts_1118I_36_01	36	01	1	245	64	1	1	Hit	572	64-first/Abrassbu2.jpg	Abrassbu2.jpg	SPACE	618	SPACE
1447874613024	0	lts_1118I_36_01	36	01	1	246	0	0	1	FA	883	E_tank.jpg	E_tank.jpg	SPACE	919	NOKEY
1447874616100	0	lts_1118I_36_01	36	01	1	247	0	0	0	CR	MAX	ACATCAGE.jpg	ACATCAGE.jpg	NOKEY	MAX	NOKEY
1447874619176	0	lts_1118I_36_01	36	01	1	248	0	0	0	CR	MAX	2/ASALABOW4.jpg	ASALABOW4.jpg	NOKEY	MAX	NOKEY
1447874622251	0	lts_1118I_36_01	36	01	1	249	0	0	0	CR	MAX	64/Abaseballcap.jpg	Abaseballcap.jpg	NOKEY	MAX	NOKEY
1447874623455	0	lts_1118I_36_01	36	01	1	250	2	1	1	Hit	735	2-11/ASALABOW4.jpg	ASALABOW4.jpg	SPACE	770	SPACE
1447874626531	0	lts_1118I_36_01	36	01	1	251	0	0	0	CR	MAX	Ahawk3.jpg	Ahawk3.jpg	NOKEY	MAX	NOKEY
1447874628086	0	lts_1118I_36_01	36	01	1	252	0	0	1	FA	1085	1/Aclamp62.jpg	Aclamp62.jpg	SPACE	1120	NOKEY
1447874629039	0	lts_1118I_36_01	36	01	1	253	1	1	1	Hit	482	1-6/Aclamp62.jpg	Aclamp62.jpg	SPACE	517	SPACE
1447874632115	0	lts_1118I_36_01	36	01	1	254	0	0	0	CR	MAX	Amonitor10.jpg	Amonitor10.jpg	NOKEY	MAX	NOKEY
1447874633820	0	lts_1118I_36_01	36	01	1	255	0	0	1	FA	1224	32/ASCREW24.jpg	ASCREW24.jpg	SPACE	1269	NOKEY
1447874636896	0	lts_1118I_36_01	36	01	1	256	0	0	0	CR	MAX	APEELER.jpg	APEELER.jpg	NOKEY	MAX	NOKEY
1447874638150	0	lts_1118I_36_01	36	01	1	257	00	1	1	Hit	780	00-across/ADART3.jpg	ADART3.jpg	SPACE	819	SPACE
1447874641227	0	lts_1118I_36_01	36	01	1	258	0	0	0	CR	MAX	26432755.thl.jpg	26432755.thl.jpg	NOKEY	MAX	NOKEY
1447874644302	0	lts_1118I_36_01	36	01	1	259	0	0	0	CR	MAX	22826448.thl.jpg	22826448.thl.jpg	NOKEY	MAX	NOKEY
1447874647394	0	lts_1118I_36_01	36	01	1	260	0	0	0	CR	MAX	4/Aparrot80.jpg	Aparrot80.jpg	NOKEY	MAX	NOKEY
1447874648431	0	lts_1118I_36_01	36	01	1	261	16	1	1	Hit	564	16-mul/Abrassbu2.jpg	Abrassbu2.jpg	SPACE	603	SPACE
1447874651524	0	lts_1118I_36_01	36	01	1	262	0	0	0	CR	MAX	Aglassbottle6.jpg	Aglassbottle6.jpg	NOKEY	MAX	NOKEY
1447874654600	0	lts_1118I_36_01	36	01	1	263	0	0	0	CR	MAX	AMILPHONE.jpg	AMILPHONE.jpg	NOKEY	MAX	NOKEY
1447874655653	0	lts_1118I_36_01	36	01	1	264	4	1	1	Hit	580	4-2/Aparrot80.jpg	Aparrot80.jpg	SPACE	620	SPACE
1447874656840	0	lts_1118I_36_01	36	01	1	265	0	0	1	FA	707	64/hammer01.jpg	hammer01.jpg	SPACE	753	NOKEY
1447874659916	0	lts_1118I_36_01	36	01	1	266	0	0	0	CR	MAX	8/APANTRAC2.jpg	APANTRAC2.jpg	NOKEY	MAX	NOKEY
1447874663060	0	lts_1118I_36_01	36	01	1	267	0	0	0	CR	MAX	35311992.thl.jpg	35311992.thl.jpg	NOKEY	MAX	NOKEY
1447874666136	0	lts_1118I_36_01	36	01	1	268	0	0	0	CR	MAX	Aumbrellasta2.jpg	Aumbrellasta2.jpg	NOKEY	MAX	NOKEY
1447874669212	0	lts_1118I_36_01	36	01	1	269	0	0	0	CR	MAX	AMICROWA2.jpg	AMICROWA2.jpg	NOKEY	MAX	NOKEY
1447874672287	0	lts_1118I_36_01	36	01	1	270	0	0	0	CR	MAX	8/Arubberstampa.jpg	Arubberstampa.jpg	NOKEY	MAX	NOKEY
1447874675363	0	lts_1118I_36_01	36	01	1	271	0	0	0	CR	MAX	Araisins4.jpg	Araisins4.jpg	NOKEY	MAX	NOKEY
1447874676751	0	lts_1118I_36_01	36	01	1	272	00	1	1	Hit	908	00-across/makeupfoundation.jpg	makeupfoundation.jpg	SPACE	953	SPACE
1447874679827	0	lts_1118I_36_01	36	01	1	273	0	0	0	CR	MAX	26374731.thl.jpg	26374731.thl.jpg	NOKEY	MAX	NOKEY
1447874680863	0	lts_1118I_36_01	36	01	1	274	8	1	1	Hit	567	8-first/APANTRAC2.jpg	APANTRAC2.jpg	SPACE	602	SPACE
1447874683956	0	lts_1118I_36_01	36	01	1	275	0	0	0	CR	MAX	APLAQUE.jpg	APLAQUE.jpg	NOKEY	MAX	NOKEY
1447874684959	0	lts_1118I_36_01	36	01	1	276	2	1	1	Hit	526	2-mul/APANTRAC2.jpg	APANTRAC2.jpg	SPACE	568	SPACE
1447874687550	0	lts_1118I_36_01	36	01	1	277	0	0	1	FA	2121	26687176.thl.jpg	26687176.thl.jpg	SPACE	2157	NOKEY
1447874689774	0	lts_1118I_36_01	36	01	1	278	8	1	1	Hit	1749	8-first/Arubberstampa.jpg	Arubberstampa.jpg	SPACE	1789	SPACE
1447874692850	0	lts_1118I_36_01	36	01	1	279	0	0	0	CR	MAX	AMAGTABL3.jpg	AMAGTABL3.jpg	NOKEY	MAX	NOKEY
1447874695926	0	lts_1118I_36_01	36	01	1	280	0	0	0	CR	MAX	gymvaulting2.jpg	gymvaulting2.jpg	NOKEY	MAX	NOKEY
1447874696996	0	lts_1118I_36_01	36	01	1	281	00	1	1	Hit	590	00-across/AAIRPRES4.jpg	AAIRPRES4.jpg	SPACE	635	SPACE
1447874700090	0	lts_1118I_36_01	36	01	1	282	0	0	0	CR	MAX	Ascientifice6.jpg	Ascientifice6.jpg	NOKEY	MAX	NOKEY
1447874703166	0	lts_1118I_36_01	36	01	1	283	0	0	0	CR	MAX	APAPYRUS.jpg	APAPYRUS.jpg	NOKEY	MAX	NOKEY
1447874706291	0	lts_1118I_36_01	36	01	1	284	0	0	0	CR	MAX	1/sprinkler.jpg	sprinkler.jpg	NOKEY	MAX	NOKEY
1447874707261	0	lts_1118I_36_01	36	01	1	285	1	1	1	Hit	485	1-7/sprinkler.jpg	sprinkler.jpg	SPACE	534	SPACE
1447874710337	0	lts_1118I_36_01	36	01	1	286	0	0	0	CR	MAX	saltpeppershakerjpg.jpg	saltpeppershakerjpg.jpg	NOKEY	MAX	NOKEY
1447874711390	0	lts_1118I_36_01	36	01	1	287	32	1	1	Hit	569	32-7/ASCREW24.jpg	ASCREW24.jpg	SPACE	619	SPACE
1447874714466	0	lts_1118I_36_01	36	01	1	288	0	0	0	CR	MAX	26437028.thl.jpg	26437028.thl.jpg	NOKEY	MAX	NOKEY
1447874715770	0	lts_1118I_36_01	36	01	1	289	128	1	1	Hit	835	128-5/Ametalpress.jpg	Ametalpress.jpg	SPACE	870	SPACE
1447874718846	0	lts_1118I_36_01	36	01	1	290	0	0	0	CR	MAX	AWASHRACK.jpg	AWASHRACK.jpg	NOKEY	MAX	NOKEY
1447874721939	0	lts_1118I_36_01	36	01	1	291	0	0	0	CR	MAX	32/AORIGIRL3.jpg	AORIGIRL3.jpg	NOKEY	MAX	NOKEY
1447874725016	0	lts_1118I_36_01	36	01	1	292	0	0	0	CR	MAX	acquarium.jpg	acquarium.jpg	NOKEY	MAX	NOKEY
1447874728092	0	lts_1118I_36_01	36	01	1	293	0	0	0	CR	MAX	16/ATOLLNEGS.jpg	ATOLLNEGS.jpg	NOKEY	MAX	NOKEY
1447874729128	0	lts_1118I_36_01	36	01	1	294	16	1	1	Hit	551	16-mul/Arubberstampa.jpg	Arubberstampa.jpg	SPACE	601	SPACE
1447874732204	0	lts_1118I_36_01	36	01	1	295	0	0	0	CR	MAX	ACHEESLIC.jpg	ACHEESLIC.jpg	NOKEY	MAX	NOKEY
1447874735280	0	lts_1118I_36_01	36	01	1	296	0	0	0	CR	MAX	128/AWATERCO4.jpg	AWATERCO4.jpg	NOKEY	MAX	NOKEY
1447874738356	0	lts_1118I_36_01	36	01	1	297	0	0	0	CR	MAX	26455183.thl.jpg	26455183.thl.jpg	NOKEY	MAX	NOKEY
1447874741432	0	lts_1118I_36_01	36	01	1	298	0	0	0	CR	MAX	128/redonion.jpg	redonion.jpg	NOKEY	MAX	NOKEY
1447874743538	0	lts_1118I_36_01	36	01	1	299	0	0	1	FA	1627	32/AANTJUG.jpg	AANTJUG.jpg	SPACE	1673	NOKEY
1447874746631	0	lts_1118I_36_01	36	01	1	300	0	0	0	CR	MAX	AMIRRORT2.jpg	AMIRRORT2.jpg	NOKEY	MAX	NOKEY
1447874748003	0	lts_1118I_36_01	36	01	1	301	0	0	1	FA	887	ARCMPPOL2.jpg	ARCMPPOL2.jpg	SPACE	937	NOKEY
1447874749173	0	lts_1118I_36_01	36	01	1	302	00	1	1	Hit	697	00-across/26433387.thl.jpg	26433387.thl.jpg	SPACE	735	SPACE
1447874752248	0	lts_1118I_36_01	36	01	1	303	0	0	0	CR	MAX	4/hulahoop.jpg	hulahoop.jpg	NOKEY	MAX	NOKEY
1447874755324	0	lts_1118I_36_01	36	01	1	304	0	0	0	CR	MAX	AGUINEAP2.jpg	AGUINEAP2.jpg	NOKEY	MAX	NOKEY
1447874758417	0	lts_1118I_36_01	36	01	1	305	0	0	0	CR	MAX	32/Afrog45.jpg	Afrog45.jpg	NOKEY	MAX	NOKEY
1447874761510	0	lts_1118I_36_01	36	01	1	306	0	0	0	CR	MAX	Acleaningpro6.jpg	Acleaningpro6.jpg	NOKEY	MAX	NOKEY
1447874762713	0	lts_1118I_36_01	36	01	1	307	4	1	1	Hit	726	4-10/hulahoop.jpg	hulahoop.jpg	SPACE	769	SPACE
1447874765789	0	lts_1118I_36_01	36	01	1	308	0	0	0	CR	MAX	AREDPLUM.jpg	AREDPLUM.jpg	NOKEY	MAX	NOKEY
1447874767311	0	lts_1118I_36_01	36	01	1	309	16	1	1	Hit	1045	16-first/ATOLLNEGS.jpg	ATOLLNEGS.jpg	SPACE	1087	SPACE
1447874770387	0	lts_1118I_36_01	36	01	1	310	0	0	0	CR	MAX	AANSHIEL4.jpg	AANSHIEL4.jpg	NOKEY	MAX	NOKEY
1447874773463	0	lts_1118I_36_01	36	01	1	311	0	0	0	CR	MAX	ABELL7.jpg	ABELL7.jpg	NOKEY	MAX	NOKEY
1447874774817	0	lts_1118I_36_01	36	01	1	312	0	0	1	FA	872	ATEALANT8.jpg	ATEALANT8.jpg	SPACE	920	NOKEY
1447874776005	0	lts_1118I_36_01	36	01	1	313	64	1	1	Hit	706	64-first/Abaseballcap.jpg	Abaseballcap.jpg	SPACE	752	SPACE
1447874779081	0	lts_1118I_36_01	36	01	1	314	0	0	0	CR	MAX	Apaperclipsin.jpg	Apaperclipsin.jpg	NOKEY	MAX	NOKEY
1447874780051	0	lts_1118I_36_01	36	01	1	315	2	1	1	Hit	492	2-mul/Abaseballcap.jpg	Abaseballcap.jpg	SPACE	534	SPACE
1447874783127	0	lts_1118I_36_01	36	01	1	316	0	0	0	CR	MAX	2/8055181.thl.jpg	8055181.thl.jpg	NOKEY	MAX	NOKEY
1447874786220	0	lts_1118I_36_01	36	01	1	317	0	0	0	CR	MAX	juicebox.jpg	juicebox.jpg	NOKEY	MAX	NOKEY
1447874787305	0	lts_1118I_36_01	36	01	1	318	2	1	1	Hit	604	2-7/8055181.thl.jpg	8055181.thl.jpg	SPACE	651	SPACE
1447874790381	0	lts_1118I_36_01	36	01	1	319	0	0	0	CR	MAX	AAFRICIN2.jpg	AAFRICIN2.jpg	NOKEY	MAX	NOKEY
1447874791451	0	lts_1118I_36_01	36	01	1	320	00	1	1	Hit	593	00-across/Alipstick3.jpg	Alipstick3.jpg	SPACE	636	SPACE
1447874794527	0	lts_1118I_36_01	36	01	1	321	0	0	0	CR	MAX	Acamelsculpt2.jpg	Acamelsculpt2.jpg	NOKEY	MAX	NOKEY
1447874797603	0	lts_1118I_36_01	36	01	1	322	0	0	0	CR	MAX	clips-a.jpg	clips-a.jpg	NOKEY	MAX	NOKEY
1447874798690	0	lts_1118I_36_01	36	01	1	323	32	1	1	Hit	608	32-6/AORIGIRL3.jpg	AORIGIRL3.jpg	SPACE	652	SPACE
1447874801783	0	lts_1118I_36_01	36	01	1	324	0	0	0	CR	MAX	AMAGNIFL2.jpg	AMAGNIFL2.jpg	NOKEY	MAX	NOKEY
1447874802752	0	lts_1118I_36_01	36	01	1	325	16	1	1	Hit	497	16-mul/ATOLLNEGS.jpg	ATOLLNEGS.jpg	SPACE	535	SPACE
1447874805828	0	lts_1118I_36_01	36	01	1	326	0	0	0	CR	MAX	Arefrigerat10.jpg	Arefrigerat10.jpg	NOKEY	MAX	NOKEY
1447874808905	0	lts_1118I_36_01	36	01	1	327	0	0	0	CR	MAX	64/AELECBE17.jpg	AELECBE17.jpg	NOKEY	MAX	NOKEY
1447874811981	0	lts_1118I_36_01	36	01	1	328	0	0	0	CR	MAX	Aclock285.jpg	Aclock285.jpg	NOKEY	MAX	NOKEY
1447874813169	0	lts_1118I_36_01	36	01	1	329	64	1	1	Hit	716	64-first/hammer01.jpg	hammer01.jpg	SPACE	752	SPACE
1447874816244	0	lts_1118I_36_01	36	01	1	330	0	0	0	CR	MAX	Ahappbirt.jpg	Ahappbirt.jpg	NOKEY	MAX	NOKEY
1447874817648	0	lts_1118I_36_01	36	01	1	331	32	1	1	Hit	933	32-8/AANTJUG.jpg	AANTJUG.jpg	SPACE	971	SPACE
1447874820724	0	lts_1118I_36_01	36	01	1	332	0	0	0	CR	MAX	Abowloffruit4.jpg	Abowloffruit4.jpg	NOKEY	MAX	NOKEY
1447874823800	0	lts_1118I_36_01	36	01	1	333	0	0	0	CR	MAX	Atennisball2.jpg	Atennisball2.jpg	NOKEY	MAX	NOKEY
1447874826876	0	lts_1118I_36_01	36	01	1	334	0	0	0	CR	MAX	Acarvedpumpk2.jpg	Acarvedpumpk2.jpg	NOKEY	MAX	NOKEY
1447874829952	0	lts_1118I_36_01	36	01	1	335	0	0	0	CR	MAX	Ablackleather.jpg	Ablackleather.jpg	NOKEY	MAX	NOKEY
1447874833046	0	lts_1118I_36_01	36	01	1	336	0	0	0	CR	MAX	caramel.jpg	caramel.jpg	NOKEY	MAX	NOKEY
1447874834166	0	lts_1118I_36_01	36	01	1	337	32	1	1	Hit	641	32-5/Afrog45.jpg	Afrog45.jpg	SPACE	685	SPACE
1447874837241	0	lts_1118I_36_01	36	01	1	338	0	0	0	CR	MAX	AREEL.jpg	AREEL.jpg	NOKEY	MAX	NOKEY
1447874840317	0	lts_1118I_36_01	36	01	1	339	0	0	0	CR	MAX	Aadvcalen.jpg	Aadvcalen.jpg	NOKEY	MAX	NOKEY
1447874841471	0	lts_1118I_36_01	36	01	1	340	128	1	1	Hit	677	128-3/ATELEPH12.jpg	ATELEPH12.jpg	SPACE	720	SPACE
1447874844547	0	lts_1118I_36_01	36	01	1	341	0	0	0	CR	MAX	AASPHEQUA.jpg	AASPHEQUA.jpg	NOKEY	MAX	NOKEY
1447874847623	0	lts_1118I_36_01	36	01	1	342	0	0	0	CR	MAX	1/Abeverageingl.jpg	Abeverageingl.jpg	NOKEY	MAX	NOKEY
1447874848643	0	lts_1118I_36_01	36	01	1	343	1	1	1	Hit	544	1-0/Abeverageingl.jpg	Abeverageingl.jpg	SPACE	587	SPACE
1447874851719	0	lts_1118I_36_01	36	01	1	344	0	0	0	CR	MAX	4/ARUSH.jpg	ARUSH.jpg	NOKEY	MAX	NOKEY
1447874852722	0	lts_1118I_36_01	36	01	1	345	16	1	1	Hit	533	16-mul/hammer01.jpg	hammer01.jpg	SPACE	569	SPACE
1447874855798	0	lts_1118I_36_01	36	01	1	346	0	0	0	CR	MAX	Abeany2.jpg	Abeany2.jpg	NOKEY	MAX	NOKEY
1447874858874	0	lts_1118I_36_01	36	01	1	347	0	0	0	CR	MAX	32/22907432.thl.jpg	22907432.thl.jpg	NOKEY	MAX	NOKEY
1447874860012	0	lts_1118I_36_01	36	01	1	348	4	1	1	Hit	655	4-8/ARUSH.jpg	ARUSH.jpg	SPACE	703	SPACE
1447874863088	0	lts_1118I_36_01	36	01	1	349	0	0	0	CR	MAX	26419025.thl.jpg	26419025.thl.jpg	NOKEY	MAX	NOKEY
1447874866164	0	lts_1118I_36_01	36	01	1	350	0	0	0	CR	MAX	Apizzadoughin.jpg	Apizzadoughin.jpg	NOKEY	MAX	NOKEY
1447874869256	0	lts_1118I_36_01	36	01	1	351	0	0	0	CR	MAX	8/football.JPG	football.JPG	NOKEY	MAX	NOKEY
1447874872332	0	lts_1118I_36_01	36	01	1	352	0	0	0	CR	MAX	ARELSCU49.jpg	ARELSCU49.jpg	NOKEY	MAX	NOKEY
1447874873569	0	lts_1118I_36_01	36	01	1	353	0	0	1	FA	758	Aknife92.jpg	Aknife92.jpg	SPACE	804	NOKEY
1447874874689	0	lts_1118I_36_01	36	01	1	354	128	1	1	Hit	636	128-7/Aroadsignind3.jpg	Aroadsignind3.jpg	SPACE	686	SPACE
1447874877782	0	lts_1118I_36_01	36	01	1	355	0	0	0	CR	MAX	2/Arecordplaye2.jpg	Arecordplaye2.jpg	NOKEY	MAX	NOKEY
1447874880875	0	lts_1118I_36_01	36	01	1	356	0	0	0	CR	MAX	XPGame.jpg	XPGame.jpg	NOKEY	MAX	NOKEY
1447874882096	0	lts_1118I_36_01	36	01	1	357	2	1	1	Hit	745	2-12/Arecordplaye2.jpg	Arecordplaye2.jpg	SPACE	786	SPACE
1447874885172	0	lts_1118I_36_01	36	01	1	358	0	0	0	CR	MAX	AANTTRUCK.jpg	AANTTRUCK.jpg	NOKEY	MAX	NOKEY
1447874886558	0	lts_1118I_36_01	36	01	1	359	8	1	1	Hit	902	8-first/football.JPG	football.JPG	SPACE	953	SPACE
1447874889635	0	lts_1118I_36_01	36	01	1	360	0	0	0	CR	MAX	26421583.thl.jpg	26421583.thl.jpg	NOKEY	MAX	NOKEY
1447874892711	0	lts_1118I_36_01	36	01	1	361	0	0	0	CR	MAX	4/ATOILROL2.jpg	ATOILROL2.jpg	NOKEY	MAX	NOKEY
1447874894366	0	lts_1118I_36_01	36	01	1	362	0	0	1	FA	1175	AOVENMIT5.jpg	AOVENMIT5.jpg	SPACE	1221	NOKEY
1447874897442	0	lts_1118I_36_01	36	01	1	363	128	1	0	Miss	MAX	128-0/Acarrot.jpg	Acarrot.jpg	NOKEY	MAX	SPACE
1447874900535	0	lts_1118I_36_01	36	01	1	364	0	0	0	CR	MAX	Atoyslide.jpg	Atoyslide.jpg	NOKEY	MAX	NOKEY
1447874901722	0	lts_1118I_36_01	36	01	1	365	4	1	1	Hit	709	4-0/ATOILROL2.jpg	ATOILROL2.jpg	SPACE	752	SPACE
1447874904798	0	lts_1118I_36_01	36	01	1	366	0	0	0	CR	MAX	1/ABABYSH33.jpg	ABABYSH33.jpg	NOKEY	MAX	NOKEY
1447874905767	0	lts_1118I_36_01	36	01	1	367	1	1	1	Hit	497	1-11/ABABYSH33.jpg	ABABYSH33.jpg	SPACE	535	SPACE
1447874908843	0	lts_1118I_36_01	36	01	1	368	0	0	0	CR	MAX	4/10053101.thm.jpg	10053101.thm.jpg	NOKEY	MAX	NOKEY
1447874911218	0	lts_1118I_36_01	36	01	1	369	0	0	1	FA	1876	1/Acamerabag.jpg	Acamerabag.jpg	SPACE	1922	NOKEY
1447874912421	0	lts_1118I_36_01	36	01	1	370	1	1	1	Hit	721	1-1/Acamerabag.jpg	Acamerabag.jpg	SPACE	769	SPACE
1447874915497	0	lts_1118I_36_01	36	01	1	371	0	0	0	CR	MAX	Abottleopener.jpg	Abottleopener.jpg	NOKEY	MAX	NOKEY
1447874916634	0	lts_1118I_36_01	36	01	1	372	4	1	1	Hit	663	4-9/10053101.thm.jpg	10053101.thm.jpg	SPACE	704	SPACE
1447874919727	0	lts_1118I_36_01	36	01	1	373	0	0	0	CR	MAX	launmower.jpg	launmower.jpg	NOKEY	MAX	NOKEY
1447874922803	0	lts_1118I_36_01	36	01	1	374	0	0	0	CR	MAX	23016343.thl.jpg	23016343.thl.jpg	NOKEY	MAX	NOKEY
1447874923856	0	lts_1118I_36_01	36	01	1	375	16	1	1	Hit	577	16-mul/football.JPG	football.JPG	SPACE	619	SPACE
1447874926932	0	lts_1118I_36_01	36	01	1	376	0	0	0	CR	MAX	Atoychameleo2.jpg	Atoychameleo2.jpg	NOKEY	MAX	NOKEY
1447874930009	0	lts_1118I_36_01	36	01	1	377	0	0	0	CR	MAX	16/26390189.thl.jpg	26390189.thl.jpg	NOKEY	MAX	NOKEY
1447874933085	0	lts_1118I_36_01	36	01	1	378	0	0	0	CR	MAX	4/Ahippopotamu4.jpg	Ahippopotamu4.jpg	NOKEY	MAX	NOKEY
1447874934321	0	lts_1118I_36_01	36	01	1	379	32	1	1	Hit	753	32-9/22907432.thl.jpg	22907432.thl.jpg	SPACE	801	SPACE
1447874937397	0	lts_1118I_36_01	36	01	1	380	0	0	0	CR	MAX	64/womanpants.jpg	womanpants.jpg	NOKEY	MAX	NOKEY
1447874940473	0	lts_1118I_36_01	36	01	1	381	0	0	0	CR	MAX	APOWEDCAS.jpg	APOWEDCAS.jpg	NOKEY	MAX	NOKEY
1447874941995	0	lts_1118I_36_01	36	01	1	382	4	1	1	Hit	1039	4-3/Ahippopotamu4.jpg	Ahippopotamu4.jpg	SPACE	1086	SPACE
1447874945072	0	lts_1118I_36_01	36	01	1	383	0	0	0	CR	MAX	ACHINCHI4.jpg	ACHINCHI4.jpg	NOKEY	MAX	NOKEY
1447874946592	0	lts_1118I_36_01	36	01	1	384	0	0	1	FA	1036	Aantiquevege3.jpg	Aantiquevege3.jpg	SPACE	1087	NOKEY
1447874949668	0	lts_1118I_36_01	36	01	1	385	0	0	0	CR	MAX	22854108.thl.jpg	22854108.thl.jpg	NOKEY	MAX	NOKEY
1447874952761	0	lts_1118I_36_01	36	01	1	386	0	0	0	CR	MAX	Awaxlips.jpg	Awaxlips.jpg	NOKEY	MAX	NOKEY
1447874955837	0	lts_1118I_36_01	36	01	1	387	0	0	0	CR	MAX	AANTICOT.jpg	AANTICOT.jpg	NOKEY	MAX	NOKEY
1447874958913	0	lts_1118I_36_01	36	01	1	388	0	0	0	CR	MAX	16/Apinkshoe.jpg	Apinkshoe.jpg	NOKEY	MAX	NOKEY
1447874960235	0	lts_1118I_36_01	36	01	1	389	0	0	1	FA	836	AWODSPOON.jpg	AWODSPOON.jpg	SPACE	887	NOKEY
1447874963310	0	lts_1118I_36_01	36	01	1	390	0	0	0	CR	MAX	Abooties4.jpg	Abooties4.jpg	NOKEY	MAX	NOKEY
1447874964497	0	lts_1118I_36_01	36	01	1	391	64	1	1	Hit	717	64-first/AELECBE17.jpg	AELECBE17.jpg	SPACE	753	SPACE
1447874967573	0	lts_1118I_36_01	36	01	1	392	0	0	0	CR	MAX	Aspokesfaste2.jpg	Aspokesfaste2.jpg	NOKEY	MAX	NOKEY
1447874969162	0	lts_1118I_36_01	36	01	1	393	16	1	1	Hit	1113	16-first/26390189.thl.jpg	26390189.thl.jpg	SPACE	1154	SPACE
1447874972238	0	lts_1118I_36_01	36	01	1	394	0	0	0	CR	MAX	26370681.thl.jpg	26370681.thl.jpg	NOKEY	MAX	NOKEY
1447874973290	0	lts_1118I_36_01	36	01	1	395	4	1	1	Hit	571	4-mul/AELECBE17.jpg	AELECBE17.jpg	SPACE	618	SPACE
1447874976383	0	lts_1118I_36_01	36	01	1	396	0	0	0	CR	MAX	Asoundmixer2.jpg	Asoundmixer2.jpg	NOKEY	MAX	NOKEY
1447874977470	0	lts_1118I_36_01	36	01	1	397	4	1	1	Hit	587	4-mul/26390189.thl.jpg	26390189.thl.jpg	SPACE	636	SPACE
1447874980562	0	lts_1118I_36_01	36	01	1	398	0	0	0	CR	MAX	2/carseat.jpg	carseat.jpg	NOKEY	MAX	NOKEY
1447874983638	0	lts_1118I_36_01	36	01	1	399	0	0	0	CR	MAX	playjukebox.jpg	playjukebox.jpg	NOKEY	MAX	NOKEY
1447874984675	0	lts_1118I_36_01	36	01	1	400	2	1	1	Hit	561	2-10/carseat.jpg	carseat.jpg	SPACE	602	SPACE
1447874985929	0	lts_1118I_36_01	36	01	1	401	0	0	1	FA	776	Aspinningwhe2.jpg	Aspinningwhe2.jpg	SPACE	820	NOKEY
1447874989006	0	lts_1118I_36_01	36	01	1	402	0	0	0	CR	MAX	ALAMP45.jpg	ALAMP45.jpg	NOKEY	MAX	NOKEY
1447874992082	0	lts_1118I_36_01	36	01	1	403	0	0	0	CR	MAX	Ametalhousin4.jpg	Ametalhousin4.jpg	NOKEY	MAX	NOKEY
1447874995158	0	lts_1118I_36_01	36	01	1	404	16	1	0	Miss	MAX	16-first/Apinkshoe.jpg	Apinkshoe.jpg	NOKEY	MAX	SPACE
1447874998234	0	lts_1118I_36_01	36	01	1	405	0	0	0	CR	MAX	8/Aflower102.jpg	Aflower102.jpg	NOKEY	MAX	NOKEY
1447875001309	0	lts_1118I_36_01	36	01	1	406	0	0	0	CR	MAX	23057742.thl.jpg	23057742.thl.jpg	NOKEY	MAX	NOKEY
1447875004385	0	lts_1118I_36_01	36	01	1	407	0	0	0	CR	MAX	ABLUCAND5.jpg	ABLUCAND5.jpg	NOKEY	MAX	NOKEY
1447875006843	0	lts_1118I_36_01	36	01	1	408	0	0	1	FA	1972	1/22870356.thl.jpg	22870356.thl.jpg	SPACE	2023	NOKEY
1447875007779	0	lts_1118I_36_01	36	01	1	409	1	1	1	Hit	453	1-14/22870356.thl.jpg	22870356.thl.jpg	SPACE	502	SPACE
1447875010855	0	lts_1118I_36_01	36	01	1	410	0	0	0	CR	MAX	1/AASCENDER.jpg	AASCENDER.jpg	NOKEY	MAX	NOKEY
1447875011841	0	lts_1118I_36_01	36	01	1	411	1	1	1	Hit	513	1-3/AASCENDER.jpg	AASCENDER.jpg	SPACE	552	SPACE
1447875014917	0	lts_1118I_36_01	36	01	1	412	0	0	0	CR	MAX	8065674.thl.jpg	8065674.thl.jpg	NOKEY	MAX	NOKEY
1447875017993	0	lts_1118I_36_01	36	01	1	413	8	1	0	Miss	MAX	8-first/Aflower102.jpg	Aflower102.jpg	NOKEY	MAX	SPACE
1447875020267	0	lts_1118I_36_01	36	01	1	414	0	0	1	FA	1796	1/APILLS9.jpg	APILLS9.jpg	SPACE	1838	NOKEY
1447875021387	0	lts_1118I_36_01	36	01	1	415	1	1	1	Hit	644	1-9/APILLS9.jpg	APILLS9.jpg	SPACE	685	SPACE
1447875024480	0	lts_1118I_36_01	36	01	1	416	0	0	0	CR	MAX	ADOGTOY.jpg	ADOGTOY.jpg	NOKEY	MAX	NOKEY
1447875027556	0	lts_1118I_36_01	36	01	1	417	0	0	0	CR	MAX	makeupcrayon.jpg	makeupcrayon.jpg	NOKEY	MAX	NOKEY
1447875030632	0	lts_1118I_36_01	36	01	1	418	0	0	0	CR	MAX	16/AMAKEUPMI.jpg	AMAKEUPMI.jpg	NOKEY	MAX	NOKEY
1447875033708	0	lts_1118I_36_01	36	01	1	419	0	0	0	CR	MAX	AARTIVE6.jpg	AARTIVE6.jpg	NOKEY	MAX	NOKEY
1447875034795	0	lts_1118I_36_01	36	01	1	420	16	1	1	Hit	602	16-mul/Apinkshoe.jpg	Apinkshoe.jpg	SPACE	652	SPACE
1447875037888	0	lts_1118I_36_01	36	01	1	421	0	0	0	CR	MAX	baseball.JPG	baseball.JPG	NOKEY	MAX	NOKEY
1447875040964	0	lts_1118I_36_01	36	01	1	422	0	0	0	CR	MAX	AFRUIT2.jpg	AFRUIT2.jpg	NOKEY	MAX	NOKEY
1447875044041	0	lts_1118I_36_01	36	01	1	423	0	0	0	CR	MAX	26437107.thl.jpg	26437107.thl.jpg	NOKEY	MAX	NOKEY
1447875047117	0	lts_1118I_36_01	36	01	1	424	128	1	0	Miss	MAX	128-1/AWATERCO4.jpg	AWATERCO4.jpg	NOKEY	MAX	SPACE
1447875050193	0	lts_1118I_36_01	36	01	1	425	0	0	0	CR	MAX	Abananasundae.jpg	Abananasundae.jpg	NOKEY	MAX	NOKEY
1447875051379	0	lts_1118I_36_01	36	01	1	426	128	1	1	Hit	712	128-2/redonion.jpg	redonion.jpg	SPACE	752	SPACE
1447875054455	0	lts_1118I_36_01	36	01	1	427	0	0	0	CR	MAX	A25PINCON.jpg	A25PINCON.jpg	NOKEY	MAX	NOKEY
1447875055776	0	lts_1118I_36_01	36	01	1	428	0	0	1	FA	844	26432607.thl.jpg	26432607.thl.jpg	SPACE	886	NOKEY
1447875056846	0	lts_1118I_36_01	36	01	1	429	16	1	1	Hit	591	16-mul/Aflower102.jpg	Aflower102.jpg	SPACE	635	SPACE
1447875059922	0	lts_1118I_36_01	36	01	1	430	0	0	0	CR	MAX	8/APAGODAMO.jpg	APAGODAMO.jpg	NOKEY	MAX	NOKEY
1447875061526	0	lts_1118I_36_01	36	01	1	431	0	0	1	FA	1134	Aornamentalt5.jpg	Aornamentalt5.jpg	SPACE	1171	NOKEY
1447875064603	0	lts_1118I_36_01	36	01	1	432	0	0	0	CR	MAX	10052787.thm.jpg	10052787.thm.jpg	NOKEY	MAX	NOKEY
1447875065739	0	lts_1118I_36_01	36	01	1	433	0	0	1	FA	660	gymbars2.jpg	gymbars2.jpg	SPACE	702	NOKEY
1447875067011	0	lts_1118I_36_01	36	01	1	434	16	1	1	Hit	800	16-first/AMAKEUPMI.jpg	AMAKEUPMI.jpg	SPACE	836	SPACE
1447875070087	0	lts_1118I_36_01	36	01	1	435	0	0	0	CR	MAX	Akitchentimer.jpg	Akitchentimer.jpg	NOKEY	MAX	NOKEY
1447875071674	0	lts_1118I_36_01	36	01	1	436	2	1	1	Hit	1115	2-mul/AMAKEUPMI.jpg	AMAKEUPMI.jpg	SPACE	1152	SPACE
1447875074750	0	lts_1118I_36_01	36	01	1	437	0	0	0	CR	MAX	ABACKSPAC.jpg	ABACKSPAC.jpg	NOKEY	MAX	NOKEY
1447875075803	0	lts_1118I_36_01	36	01	1	438	8	1	1	Hit	572	8-first/APAGODAMO.jpg	APAGODAMO.jpg	SPACE	618	SPACE
1447875078896	0	lts_1118I_36_01	36	01	1	439	0	0	0	CR	MAX	ARAILLIGH.jpg	ARAILLIGH.jpg	NOKEY	MAX	NOKEY
1447875081972	0	lts_1118I_36_01	36	01	1	440	2	1	0	Miss	MAX	2-mul/APAGODAMO.jpg	APAGODAMO.jpg	NOKEY	MAX	SPACE
1447875085049	0	lts_1118I_36_01	36	01	1	441	0	0	0	CR	MAX	Abonnet12.jpg	Abonnet12.jpg	NOKEY	MAX	NOKEY
1447875088126	0	lts_1118I_36_01	36	01	1	442	0	0	0	CR	MAX	Aslippers2.jpg	Aslippers2.jpg	NOKEY	MAX	NOKEY
1447875091201	0	lts_1118I_36_01	36	01	1	443	0	0	0	CR	MAX	Afox3.jpg	Afox3.jpg	NOKEY	MAX	NOKEY
1447875093057	0	lts_1118I_36_01	36	01	1	444	64	1	1	Hit	1376	64-first/womanpants.jpg	womanpants.jpg	SPACE	1420	SPACE
1447875096133	0	lts_1118I_36_01	36	01	1	445	0	0	0	CR	MAX	AFRENCHF2.jpg	AFRENCHF2.jpg	NOKEY	MAX	NOKEY
1447875098406	0	lts_1118I_36_01	36	01	1	446	2	1	1	Hit	1798	2-mul/womanpants.jpg	womanpants.jpg	SPACE	1838	SPACE
1447875101482	0	lts_1118I_36_01	36	01	1	447	0	0	0	CR	MAX	Apeddleboat3.jpg	Apeddleboat3.jpg	NOKEY	MAX	NOKEY
1447875102585	0	lts_1118I_36_01	36	01	1	448	0	0	1	FA	614	Agroundhog.jpg	Agroundhog.jpg	SPACE	653	NOKEY
1447875105661	0	lts_1118I_36_01	36	01	1	449	0	0	0	CR	MAX	Ascarf7.jpg	Ascarf7.jpg	NOKEY	MAX	NOKEY
1447875203576	0	E	Logging Ends
