1446576935712	0	B	Logging Begins
1446577045447	0	lts_1103L_16_01	16	01	0	0	0	0	0	CR	MAX	AARMYTRUK.jpg	AARMYTRUK.jpg	NOKEY	MAX	NOKEY
1446577048523	0	lts_1103L_16_01	16	01	0	1	0	0	0	CR	MAX	4/Acandlesnuffe.jpg	Acandlesnuffe.jpg	NOKEY	MAX	NOKEY
1446577051599	0	lts_1103L_16_01	16	01	0	2	0	0	0	CR	MAX	1/Ahourglass4.jpg	Ahourglass4.jpg	NOKEY	MAX	NOKEY
1446577052652	0	lts_1103L_16_01	16	01	0	3	1	1	1	Hit	575	1-14/Ahourglass4.jpg	Ahourglass4.jpg	SPACE	619	SPACE
1446577055728	0	lts_1103L_16_01	16	01	0	4	0	0	0	CR	MAX	32/hockeypuck.jpg	hockeypuck.jpg	NOKEY	MAX	NOKEY
1446577056715	0	lts_1103L_16_01	16	01	0	5	4	1	1	Hit	514	4-9/Acandlesnuffe.jpg	Acandlesnuffe.jpg	SPACE	551	SPACE
1446577059791	0	lts_1103L_16_01	16	01	0	6	0	0	0	CR	MAX	2/Astaplegun3.jpg	Astaplegun3.jpg	NOKEY	MAX	NOKEY
1446577062867	0	lts_1103L_16_01	16	01	0	7	0	0	0	CR	MAX	Alighthouse6.jpg	Alighthouse6.jpg	NOKEY	MAX	NOKEY
1446577063937	0	lts_1103L_16_01	16	01	0	8	2	1	1	Hit	591	2-5/Astaplegun3.jpg	Astaplegun3.jpg	SPACE	636	SPACE
1446577067014	0	lts_1103L_16_01	16	01	0	9	0	0	0	CR	MAX	35310232.thl.jpg	35310232.thl.jpg	NOKEY	MAX	NOKEY
1446577070090	0	lts_1103L_16_01	16	01	0	10	0	0	0	CR	MAX	4/AMINIHAMP.jpg	AMINIHAMP.jpg	NOKEY	MAX	NOKEY
1446577073165	0	lts_1103L_16_01	16	01	0	11	0	0	0	CR	MAX	cannoli.jpg	cannoli.jpg	NOKEY	MAX	NOKEY
1446577076241	0	lts_1103L_16_01	16	01	0	12	0	0	0	CR	MAX	Abutterflynet.jpg	Abutterflynet.jpg	NOKEY	MAX	NOKEY
1446577079317	0	lts_1103L_16_01	16	01	0	13	0	0	0	CR	MAX	AMILPANS2.jpg	AMILPANS2.jpg	NOKEY	MAX	NOKEY
1446577080387	0	lts_1103L_16_01	16	01	0	14	4	1	1	Hit	593	4-1/AMINIHAMP.jpg	AMINIHAMP.jpg	SPACE	636	SPACE
1446577083463	0	lts_1103L_16_01	16	01	0	15	0	0	0	CR	MAX	1/8048786.thl.jpg	8048786.thl.jpg	NOKEY	MAX	NOKEY
1446577084499	0	lts_1103L_16_01	16	01	0	16	1	1	1	Hit	553	1-5/8048786.thl.jpg	8048786.thl.jpg	SPACE	602	SPACE
1446577087576	0	lts_1103L_16_01	16	01	0	17	0	0	0	CR	MAX	2/Aancientstat4.jpg	Aancientstat4.jpg	NOKEY	MAX	NOKEY
1446577090652	0	lts_1103L_16_01	16	01	0	18	0	0	0	CR	MAX	26432848.thl.jpg	26432848.thl.jpg	NOKEY	MAX	NOKEY
1446577091688	0	lts_1103L_16_01	16	01	0	19	2	1	1	Hit	561	2-6/Aancientstat4.jpg	Aancientstat4.jpg	SPACE	602	SPACE
1446577094764	0	lts_1103L_16_01	16	01	0	20	0	0	0	CR	MAX	Alintbrush2.jpg	Alintbrush2.jpg	NOKEY	MAX	NOKEY
1446577097840	0	lts_1103L_16_01	16	01	0	21	0	0	0	CR	MAX	4/ARIBBON9.jpg	ARIBBON9.jpg	NOKEY	MAX	NOKEY
1446577100916	0	lts_1103L_16_01	16	01	0	22	0	0	0	CR	MAX	26431734.thl.jpg	26431734.thl.jpg	NOKEY	MAX	NOKEY
1446577103992	0	lts_1103L_16_01	16	01	0	23	0	0	0	CR	MAX	8/tuxedo.jpg	tuxedo.jpg	NOKEY	MAX	NOKEY
1446577107069	0	lts_1103L_16_01	16	01	0	24	0	0	0	CR	MAX	16/AWATEHOSE.jpg	AWATEHOSE.jpg	NOKEY	MAX	NOKEY
1446577108123	0	lts_1103L_16_01	16	01	0	25	4	1	1	Hit	575	4-10/ARIBBON9.jpg	ARIBBON9.jpg	SPACE	618	SPACE
1446577111198	0	lts_1103L_16_01	16	01	0	26	0	0	0	CR	MAX	128/22852032.thl.jpg	22852032.thl.jpg	NOKEY	MAX	NOKEY
1446577114274	0	lts_1103L_16_01	16	01	0	27	0	0	0	CR	MAX	1/Acampingknife.jpg	Acampingknife.jpg	NOKEY	MAX	NOKEY
1446577115243	0	lts_1103L_16_01	16	01	0	28	1	1	1	Hit	487	1-7/Acampingknife.jpg	Acampingknife.jpg	SPACE	535	SPACE
1446577118320	0	lts_1103L_16_01	16	01	0	29	0	0	0	CR	MAX	128/mechanicalspring.jpg	mechanicalspring.jpg	NOKEY	MAX	NOKEY
1446577121396	0	lts_1103L_16_01	16	01	0	30	0	0	0	CR	MAX	ACOMPACT.jpg	ACOMPACT.jpg	NOKEY	MAX	NOKEY
1446577122432	0	lts_1103L_16_01	16	01	0	31	8	1	1	Hit	564	8-first/tuxedo.jpg	tuxedo.jpg	SPACE	603	SPACE
1446577125525	0	lts_1103L_16_01	16	01	0	32	0	0	0	CR	MAX	Adiamondring3.jpg	Adiamondring3.jpg	NOKEY	MAX	NOKEY
1446577128601	0	lts_1103L_16_01	16	01	0	33	0	0	0	CR	MAX	APHONEFA2.jpg	APHONEFA2.jpg	NOKEY	MAX	NOKEY
1446577131677	0	lts_1103L_16_01	16	01	0	34	0	0	0	CR	MAX	4/Abuilding116.jpg	Abuilding116.jpg	NOKEY	MAX	NOKEY
1446577134753	0	lts_1103L_16_01	16	01	0	35	0	0	0	CR	MAX	ALITTERSC.jpg	ALITTERSC.jpg	NOKEY	MAX	NOKEY
1446577135739	0	lts_1103L_16_01	16	01	0	36	32	1	1	Hit	502	32-7/hockeypuck.jpg	hockeypuck.jpg	SPACE	551	SPACE
1446577138815	0	lts_1103L_16_01	16	01	0	37	0	0	0	CR	MAX	ARECORDC2.jpg	ARECORDC2.jpg	NOKEY	MAX	NOKEY
1446577139936	0	lts_1103L_16_01	16	01	0	38	4	1	1	Hit	644	4-5/Abuilding116.jpg	Abuilding116.jpg	SPACE	685	SPACE
1446577143013	0	lts_1103L_16_01	16	01	0	39	0	0	0	CR	MAX	26420069.thl.jpg	26420069.thl.jpg	NOKEY	MAX	NOKEY
1446577144049	0	lts_1103L_16_01	16	01	0	40	16	1	1	Hit	560	16-first/AWATEHOSE.jpg	AWATEHOSE.jpg	SPACE	601	SPACE
1446577147125	0	lts_1103L_16_01	16	01	0	41	0	0	0	CR	MAX	26421370.thl.jpg	26421370.thl.jpg	NOKEY	MAX	NOKEY
1446577150200	0	lts_1103L_16_01	16	01	0	42	0	0	0	CR	MAX	AINCENSE4.jpg	AINCENSE4.jpg	NOKEY	MAX	NOKEY
1446577153276	0	lts_1103L_16_01	16	01	0	43	0	0	0	CR	MAX	Astampandseal.jpg	Astampandseal.jpg	NOKEY	MAX	NOKEY
1446577156352	0	lts_1103L_16_01	16	01	0	44	0	0	0	CR	MAX	Akiddcup2.jpg	Akiddcup2.jpg	NOKEY	MAX	NOKEY
1446577159428	0	lts_1103L_16_01	16	01	0	45	0	0	0	CR	MAX	AMIXBOAR2.jpg	AMIXBOAR2.jpg	NOKEY	MAX	NOKEY
1446577162505	0	lts_1103L_16_01	16	01	0	46	0	0	0	CR	MAX	ACOWBELL6.jpg	ACOWBELL6.jpg	NOKEY	MAX	NOKEY
1446577163424	0	lts_1103L_16_01	16	01	0	47	16	1	1	Hit	449	16-mul/tuxedo.jpg	tuxedo.jpg	SPACE	486	SPACE
1446577166500	0	lts_1103L_16_01	16	01	0	48	0	0	0	CR	MAX	AIRONBOA8.jpg	AIRONBOA8.jpg	NOKEY	MAX	NOKEY
1446577169576	0	lts_1103L_16_01	16	01	0	49	0	0	0	CR	MAX	64/AHOOK11.jpg	AHOOK11.jpg	NOKEY	MAX	NOKEY
1446577172652	0	lts_1103L_16_01	16	01	0	50	0	0	0	CR	MAX	spoon-a.jpg	spoon-a.jpg	NOKEY	MAX	NOKEY
1446577175736	0	lts_1103L_16_01	16	01	0	51	0	0	0	CR	MAX	1/ASMOKMEAT.jpg	ASMOKMEAT.jpg	NOKEY	MAX	NOKEY
1446577176823	0	lts_1103L_16_01	16	01	0	52	1	1	1	Hit	612	1-8/ASMOKMEAT.jpg	ASMOKMEAT.jpg	SPACE	652	SPACE
1446577179899	0	lts_1103L_16_01	16	01	0	53	0	0	0	CR	MAX	AGARDHOSE.jpg	AGARDHOSE.jpg	NOKEY	MAX	NOKEY
1446577182975	0	lts_1103L_16_01	16	01	0	54	0	0	0	CR	MAX	redonion.jpg	redonion.jpg	NOKEY	MAX	NOKEY
1446577186052	0	lts_1103L_16_01	16	01	0	55	0	0	0	CR	MAX	Ababseat2.jpg	Ababseat2.jpg	NOKEY	MAX	NOKEY
1446577187039	0	lts_1103L_16_01	16	01	0	56	16	1	1	Hit	503	16-mul/AWATEHOSE.jpg	AWATEHOSE.jpg	SPACE	550	SPACE
1446577190114	0	lts_1103L_16_01	16	01	0	57	0	0	0	CR	MAX	Amilk4.jpg	Amilk4.jpg	NOKEY	MAX	NOKEY
1446577193190	0	lts_1103L_16_01	16	01	0	58	0	0	0	CR	MAX	ATINSTRAP.jpg	ATINSTRAP.jpg	NOKEY	MAX	NOKEY
1446577196266	0	lts_1103L_16_01	16	01	0	59	0	0	0	CR	MAX	2/Anailscissors.jpg	Anailscissors.jpg	NOKEY	MAX	NOKEY
1446577199342	0	lts_1103L_16_01	16	01	0	60	0	0	0	CR	MAX	Abananasundae.jpg	Abananasundae.jpg	NOKEY	MAX	NOKEY
1446577200462	0	lts_1103L_16_01	16	01	0	61	2	1	1	Hit	650	2-9/Anailscissors.jpg	Anailscissors.jpg	SPACE	687	SPACE
1446577203538	0	lts_1103L_16_01	16	01	0	62	0	0	0	CR	MAX	2/AVACUUM4.jpg	AVACUUM4.jpg	NOKEY	MAX	NOKEY
1446577206614	0	lts_1103L_16_01	16	01	0	63	0	0	0	CR	MAX	Amonkey5.jpg	Amonkey5.jpg	NOKEY	MAX	NOKEY
1446577207701	0	lts_1103L_16_01	16	01	0	64	2	1	1	Hit	616	2-1/AVACUUM4.jpg	AVACUUM4.jpg	SPACE	652	SPACE
1446577210777	0	lts_1103L_16_01	16	01	0	65	0	0	0	CR	MAX	AMAILBOX9.jpg	AMAILBOX9.jpg	NOKEY	MAX	NOKEY
1446577213853	0	lts_1103L_16_01	16	01	0	66	0	0	0	CR	MAX	2/AHONEY.jpg	AHONEY.jpg	NOKEY	MAX	NOKEY
1446577216929	0	lts_1103L_16_01	16	01	0	67	0	0	0	CR	MAX	4/weddingdress.jpg	weddingdress.jpg	NOKEY	MAX	NOKEY
1446577217898	0	lts_1103L_16_01	16	01	0	68	2	1	1	Hit	493	2-12/AHONEY.jpg	AHONEY.jpg	SPACE	535	SPACE
1446577220974	0	lts_1103L_16_01	16	01	0	69	0	0	0	CR	MAX	Anetworkplug4.jpg	Anetworkplug4.jpg	NOKEY	MAX	NOKEY
1446577224051	0	lts_1103L_16_01	16	01	0	70	0	0	0	CR	MAX	blackjackcasinotable.jpg	blackjackcasinotable.jpg	NOKEY	MAX	NOKEY
1446577225038	0	lts_1103L_16_01	16	01	0	71	4	1	1	Hit	513	4-6/weddingdress.jpg	weddingdress.jpg	SPACE	551	SPACE
1446577228114	0	lts_1103L_16_01	16	01	0	72	0	0	0	CR	MAX	ACANDEXT.jpg	ACANDEXT.jpg	NOKEY	MAX	NOKEY
1446577231189	0	lts_1103L_16_01	16	01	0	73	0	0	0	CR	MAX	16/ASAFE.jpg	ASAFE.jpg	NOKEY	MAX	NOKEY
1446577234265	0	lts_1103L_16_01	16	01	0	74	0	0	0	CR	MAX	8/Aclock285.jpg	Aclock285.jpg	NOKEY	MAX	NOKEY
1446577237341	0	lts_1103L_16_01	16	01	0	75	0	0	0	CR	MAX	2/Astadium.jpg	Astadium.jpg	NOKEY	MAX	NOKEY
1446577240417	0	lts_1103L_16_01	16	01	0	76	0	0	0	CR	MAX	16/Apairofrubbe3.jpg	Apairofrubbe3.jpg	NOKEY	MAX	NOKEY
1446577241487	0	lts_1103L_16_01	16	01	0	77	2	1	1	Hit	600	2-2/Astadium.jpg	Astadium.jpg	SPACE	636	SPACE
1446577244563	0	lts_1103L_16_01	16	01	0	78	0	0	0	CR	MAX	Adog71.jpg	Adog71.jpg	NOKEY	MAX	NOKEY
1446577247639	0	lts_1103L_16_01	16	01	0	79	0	0	0	CR	MAX	Aboots56.jpg	Aboots56.jpg	NOKEY	MAX	NOKEY
1446577250715	0	lts_1103L_16_01	16	01	0	80	0	0	0	CR	MAX	4/FJVWL.jpg	FJVWL.jpg	NOKEY	MAX	NOKEY
1446577253791	0	lts_1103L_16_01	16	01	0	81	0	0	0	CR	MAX	Aelectronicg9.jpg	Aelectronicg9.jpg	NOKEY	MAX	NOKEY
1446577254962	0	lts_1103L_16_01	16	01	0	82	8	1	1	Hit	685	8-0/Aclock285.jpg	Aclock285.jpg	SPACE	735	SPACE
1446577258039	0	lts_1103L_16_01	16	01	0	83	0	0	0	CR	MAX	Acatheter.jpg	Acatheter.jpg	NOKEY	MAX	NOKEY
1446577259175	0	lts_1103L_16_01	16	01	0	84	4	1	1	Hit	665	4-7/FJVWL.jpg	FJVWL.jpg	SPACE	701	SPACE
1446577262250	0	lts_1103L_16_01	16	01	0	85	0	0	0	CR	MAX	AWEIGHT7.jpg	AWEIGHT7.jpg	NOKEY	MAX	NOKEY
1446577265327	0	lts_1103L_16_01	16	01	0	86	0	0	0	CR	MAX	8245818.thl.jpg	8245818.thl.jpg	NOKEY	MAX	NOKEY
1446577268403	0	lts_1103L_16_01	16	01	0	87	0	0	0	CR	MAX	labyrinthe.jpg	labyrinthe.jpg	NOKEY	MAX	NOKEY
1446577271479	0	lts_1103L_16_01	16	01	0	88	0	0	0	CR	MAX	Amousepad.jpg	Amousepad.jpg	NOKEY	MAX	NOKEY
1446577272448	0	lts_1103L_16_01	16	01	0	89	16	1	1	Hit	493	16-first/ASAFE.jpg	ASAFE.jpg	SPACE	536	SPACE
1446577275524	0	lts_1103L_16_01	16	01	0	90	0	0	0	CR	MAX	APAINTJ11.jpg	APAINTJ11.jpg	NOKEY	MAX	NOKEY
1446577278600	0	lts_1103L_16_01	16	01	0	91	0	0	0	CR	MAX	Acastle22.jpg	Acastle22.jpg	NOKEY	MAX	NOKEY
1446577279620	0	lts_1103L_16_01	16	01	0	92	16	1	1	Hit	546	16-first/Apairofrubbe3.jpg	Apairofrubbe3.jpg	SPACE	585	SPACE
1446577282696	0	lts_1103L_16_01	16	01	0	93	0	0	0	CR	MAX	ACANOL.jpg	ACANOL.jpg	NOKEY	MAX	NOKEY
1446577283616	0	lts_1103L_16_01	16	01	0	94	2	1	1	Hit	440	2-mul/Apairofrubbe3.jpg	Apairofrubbe3.jpg	SPACE	485	SPACE
1446577286692	0	lts_1103L_16_01	16	01	0	95	0	0	0	CR	MAX	4/Ameatcleaver2.jpg	Ameatcleaver2.jpg	NOKEY	MAX	NOKEY
1446577289768	0	lts_1103L_16_01	16	01	0	96	0	0	0	CR	MAX	1/26431205.thl.jpg	26431205.thl.jpg	NOKEY	MAX	NOKEY
1446577290821	0	lts_1103L_16_01	16	01	0	97	1	1	1	Hit	580	1-13/26431205.thl.jpg	26431205.thl.jpg	SPACE	619	SPACE
1446577293897	0	lts_1103L_16_01	16	01	0	98	0	0	0	CR	MAX	ASTONEOWL.jpg	ASTONEOWL.jpg	NOKEY	MAX	NOKEY
1446577294934	0	lts_1103L_16_01	16	01	0	99	4	1	1	Hit	563	4-0/Ameatcleaver2.jpg	Ameatcleaver2.jpg	SPACE	602	SPACE
1446577298011	0	lts_1103L_16_01	16	01	0	100	0	0	0	CR	MAX	Ahighlightin2.jpg	Ahighlightin2.jpg	NOKEY	MAX	NOKEY
1446577301087	0	lts_1103L_16_01	16	01	0	101	0	0	0	CR	MAX	Atoytractor17.jpg	Atoytractor17.jpg	NOKEY	MAX	NOKEY
1446577304162	0	lts_1103L_16_01	16	01	0	102	0	0	0	CR	MAX	1/Acameo.jpg	Acameo.jpg	NOKEY	MAX	NOKEY
1446577305049	0	lts_1103L_16_01	16	01	0	103	1	1	1	Hit	410	1-6/Acameo.jpg	Acameo.jpg	SPACE	452	SPACE
1446577308125	0	lts_1103L_16_01	16	01	0	104	0	0	0	CR	MAX	64/Azebratoy2.jpg	Azebratoy2.jpg	NOKEY	MAX	NOKEY
1446577309045	0	lts_1103L_16_01	16	01	0	105	16	1	1	Hit	438	16-mul/ASAFE.jpg	ASAFE.jpg	SPACE	484	SPACE
1446577312121	0	lts_1103L_16_01	16	01	0	106	0	0	0	CR	MAX	ACEDAR.jpg	ACEDAR.jpg	NOKEY	MAX	NOKEY
1446577315196	0	lts_1103L_16_01	16	01	0	107	0	0	0	CR	MAX	4/23048010.thl.jpg	23048010.thl.jpg	NOKEY	MAX	NOKEY
1446577318272	0	lts_1103L_16_01	16	01	0	108	0	0	0	CR	MAX	AEIFFELTO.jpg	AEIFFELTO.jpg	NOKEY	MAX	NOKEY
1446577321348	0	lts_1103L_16_01	16	01	0	109	0	0	0	CR	MAX	AASPHALT.jpg	AASPHALT.jpg	NOKEY	MAX	NOKEY
1446577324424	0	lts_1103L_16_01	16	01	0	110	0	0	0	CR	MAX	ATRIANGL2.jpg	ATRIANGL2.jpg	NOKEY	MAX	NOKEY
1446577325477	0	lts_1103L_16_01	16	01	0	111	4	1	1	Hit	576	4-8/23048010.thl.jpg	23048010.thl.jpg	SPACE	620	SPACE
1446577328553	0	lts_1103L_16_01	16	01	0	112	0	0	0	CR	MAX	AREDROSE8.jpg	AREDROSE8.jpg	NOKEY	MAX	NOKEY
1446577329690	0	lts_1103L_16_01	16	01	0	113	64	1	1	Hit	655	64-first/AHOOK11.jpg	AHOOK11.jpg	SPACE	702	SPACE
1446577332766	0	lts_1103L_16_01	16	01	0	114	0	0	0	CR	MAX	64/ATHERMO4.jpg	ATHERMO4.jpg	NOKEY	MAX	NOKEY
1446577335842	0	lts_1103L_16_01	16	01	0	115	0	0	0	CR	MAX	23019499.thl.jpg	23019499.thl.jpg	NOKEY	MAX	NOKEY
1446577338918	0	lts_1103L_16_01	16	01	0	116	0	0	0	CR	MAX	APARSLEY.jpg	APARSLEY.jpg	NOKEY	MAX	NOKEY
1446577341994	0	lts_1103L_16_01	16	01	0	117	0	0	0	CR	MAX	8/AAFRICS13.jpg	AAFRICS13.jpg	NOKEY	MAX	NOKEY
1446577345071	0	lts_1103L_16_01	16	01	0	118	0	0	0	CR	MAX	26451219.thl.jpg	26451219.thl.jpg	NOKEY	MAX	NOKEY
1446577348146	0	lts_1103L_16_01	16	01	0	119	0	0	0	CR	MAX	16/Agroupofmole7.jpg	Agroupofmole7.jpg	NOKEY	MAX	NOKEY
1446577351222	0	lts_1103L_16_01	16	01	0	120	0	0	0	CR	MAX	8057434.thl.jpg	8057434.thl.jpg	NOKEY	MAX	NOKEY
1446577354299	0	lts_1103L_16_01	16	01	0	121	0	0	0	CR	MAX	26424440.thl.jpg	26424440.thl.jpg	NOKEY	MAX	NOKEY
1446577357375	0	lts_1103L_16_01	16	01	0	122	0	0	0	CR	MAX	Acase2.jpg	Acase2.jpg	NOKEY	MAX	NOKEY
1446577360451	0	lts_1103L_16_01	16	01	0	123	0	0	0	CR	MAX	Ababtoy13.jpg	Ababtoy13.jpg	NOKEY	MAX	NOKEY
1446577363527	0	lts_1103L_16_01	16	01	0	124	0	0	0	CR	MAX	dftslturapr.jpg	dftslturapr.jpg	NOKEY	MAX	NOKEY
1446577364630	0	lts_1103L_16_01	16	01	0	125	8	1	1	Hit	622	8-first/AAFRICS13.jpg	AAFRICS13.jpg	SPACE	669	SPACE
1446577367706	0	lts_1103L_16_01	16	01	0	126	0	0	0	CR	MAX	Afruitcake.jpg	Afruitcake.jpg	NOKEY	MAX	NOKEY
1446577368626	0	lts_1103L_16_01	16	01	0	127	2	1	1	Hit	444	2-mul/AAFRICS13.jpg	AAFRICS13.jpg	SPACE	484	SPACE
1446577371702	0	lts_1103L_16_01	16	01	0	128	0	0	0	CR	MAX	8055554.thl.jpg	8055554.thl.jpg	NOKEY	MAX	NOKEY
1446577372655	0	lts_1103L_16_01	16	01	0	129	16	1	1	Hit	479	16-mul/AHOOK11.jpg	AHOOK11.jpg	SPACE	518	SPACE
1446577375731	0	lts_1103L_16_01	16	01	0	130	0	0	0	CR	MAX	ABELLTRE2.jpg	ABELLTRE2.jpg	NOKEY	MAX	NOKEY
1446577378807	0	lts_1103L_16_01	16	01	0	131	0	0	0	CR	MAX	26437107.thl.jpg	26437107.thl.jpg	NOKEY	MAX	NOKEY
1446577381883	0	lts_1103L_16_01	16	01	0	132	0	0	0	CR	MAX	Atoyslide.jpg	Atoyslide.jpg	NOKEY	MAX	NOKEY
1446577384959	0	lts_1103L_16_01	16	01	0	133	0	0	0	CR	MAX	Agreenleaf3.jpg	Agreenleaf3.jpg	NOKEY	MAX	NOKEY
1446577388036	0	lts_1103L_16_01	16	01	0	134	0	0	0	CR	MAX	23014927.thl.jpg	23014927.thl.jpg	NOKEY	MAX	NOKEY
1446577389089	0	lts_1103L_16_01	16	01	0	135	16	1	1	Hit	580	16-first/Agroupofmole7.jpg	Agroupofmole7.jpg	SPACE	618	SPACE
1446577392164	0	lts_1103L_16_01	16	01	0	136	0	0	0	CR	MAX	AFIREPANT.jpg	AFIREPANT.jpg	NOKEY	MAX	NOKEY
1446577395240	0	lts_1103L_16_01	16	01	0	137	0	0	0	CR	MAX	128/Astirstick.jpg	Astirstick.jpg	NOKEY	MAX	NOKEY
1446577398316	0	lts_1103L_16_01	16	01	0	138	0	0	0	CR	MAX	ACUTLERYB.jpg	ACUTLERYB.jpg	NOKEY	MAX	NOKEY
1446577399303	0	lts_1103L_16_01	16	01	0	139	4	1	1	Hit	508	4-mul/Agroupofmole7.jpg	Agroupofmole7.jpg	SPACE	552	SPACE
1446577402379	0	lts_1103L_16_01	16	01	0	140	0	0	0	CR	MAX	8/AFRAME15.jpg	AFRAME15.jpg	NOKEY	MAX	NOKEY
1446577405455	0	lts_1103L_16_01	16	01	0	141	0	0	0	CR	MAX	22925228.thl.jpg	22925228.thl.jpg	NOKEY	MAX	NOKEY
1446577408531	0	lts_1103L_16_01	16	01	0	142	0	0	0	CR	MAX	whitemalerobe.jpg	whitemalerobe.jpg	NOKEY	MAX	NOKEY
1446577411607	0	lts_1103L_16_01	16	01	0	143	0	0	0	CR	MAX	AFISHNET3.jpg	AFISHNET3.jpg	NOKEY	MAX	NOKEY
1446577414683	0	lts_1103L_16_01	16	01	0	144	0	0	0	CR	MAX	ALIONWALK.jpg	ALIONWALK.jpg	NOKEY	MAX	NOKEY
1446577417759	0	lts_1103L_16_01	16	01	0	145	0	0	0	CR	MAX	AAMBULAN7.jpg	AAMBULAN7.jpg	NOKEY	MAX	NOKEY
1446577420835	0	lts_1103L_16_01	16	01	0	146	0	0	0	CR	MAX	Aintercom6.jpg	Aintercom6.jpg	NOKEY	MAX	NOKEY
1446577423911	0	lts_1103L_16_01	16	01	0	147	0	0	0	CR	MAX	26420979.thl.jpg	26420979.thl.jpg	NOKEY	MAX	NOKEY
1446577424831	0	lts_1103L_16_01	16	01	0	148	8	1	1	Hit	449	8-first/AFRAME15.jpg	AFRAME15.jpg	SPACE	484	SPACE
1446577427907	0	lts_1103L_16_01	16	01	0	149	0	0	0	CR	MAX	ACOFFPOT3.jpg	ACOFFPOT3.jpg	NOKEY	MAX	NOKEY
1446577430983	0	lts_1103L_16_01	16	01	0	150	0	0	0	CR	MAX	Abeermug11.jpg	Abeermug11.jpg	NOKEY	MAX	NOKEY
1446577434060	0	lts_1103L_16_01	16	01	0	151	0	0	0	CR	MAX	Acabinetwithm.jpg	Acabinetwithm.jpg	NOKEY	MAX	NOKEY
1446577437135	0	lts_1103L_16_01	16	01	0	152	0	0	0	CR	MAX	ACENTRIF5.jpg	ACENTRIF5.jpg	NOKEY	MAX	NOKEY
1446577440211	0	lts_1103L_16_01	16	01	0	153	0	0	0	CR	MAX	32/AWOODST19.jpg	AWOODST19.jpg	NOKEY	MAX	NOKEY
1446577441264	0	lts_1103L_16_01	16	01	0	154	128	1	1	Hit	582	128-3/22852032.thl.jpg	22852032.thl.jpg	SPACE	618	SPACE
1446577444340	0	lts_1103L_16_01	16	01	0	155	0	0	0	CR	MAX	shavingcream01.jpg	shavingcream01.jpg	NOKEY	MAX	NOKEY
1446577447416	0	lts_1103L_16_01	16	01	0	156	0	0	0	CR	MAX	16247853.thl.jpg	16247853.thl.jpg	NOKEY	MAX	NOKEY
1446577448704	0	lts_1103L_16_01	16	01	0	157	128	1	1	Hit	804	128-7/mechanicalspring.jpg	mechanicalspring.jpg	SPACE	852	SPACE
1446577451780	0	lts_1103L_16_01	16	01	0	158	0	0	0	CR	MAX	2/Ablouse2.jpg	Ablouse2.jpg	NOKEY	MAX	NOKEY
1446577454856	0	lts_1103L_16_01	16	01	0	159	0	0	0	CR	MAX	Aslippers2.jpg	Aslippers2.jpg	NOKEY	MAX	NOKEY
1446577456027	0	lts_1103L_16_01	16	01	0	160	2	1	1	Hit	700	2-0/Ablouse2.jpg	Ablouse2.jpg	SPACE	736	SPACE
1446577459103	0	lts_1103L_16_01	16	01	0	161	0	0	0	CR	MAX	Aembossedsta2.jpg	Aembossedsta2.jpg	NOKEY	MAX	NOKEY
1446577462178	0	lts_1103L_16_01	16	01	0	162	0	0	0	CR	MAX	32/22949719.thl.jpg	22949719.thl.jpg	NOKEY	MAX	NOKEY
1446577465271	0	lts_1103L_16_01	16	01	0	163	0	0	0	CR	MAX	ACOCKSPA4.jpg	ACOCKSPA4.jpg	NOKEY	MAX	NOKEY
1446577466207	0	lts_1103L_16_01	16	01	0	164	16	1	1	Hit	461	16-mul/AFRAME15.jpg	AFRAME15.jpg	SPACE	502	SPACE
1446577469283	0	lts_1103L_16_01	16	01	0	165	0	0	0	CR	MAX	26421536.thl.jpg	26421536.thl.jpg	NOKEY	MAX	NOKEY
1446577472359	0	lts_1103L_16_01	16	01	0	166	0	0	0	CR	MAX	8/Aelectronicor.jpg	Aelectronicor.jpg	NOKEY	MAX	NOKEY
1446577475435	0	lts_1103L_16_01	16	01	0	167	0	0	0	CR	MAX	128/ACOMPAS20.jpg	ACOMPAS20.jpg	NOKEY	MAX	NOKEY
1446577476539	0	lts_1103L_16_01	16	01	0	168	64	1	1	Hit	627	64-first/Azebratoy2.jpg	Azebratoy2.jpg	SPACE	670	SPACE
1446577479615	0	lts_1103L_16_01	16	01	0	169	0	0	0	CR	MAX	ACHINLAMP.jpg	ACHINLAMP.jpg	NOKEY	MAX	NOKEY
1446577482691	0	lts_1103L_16_01	16	01	0	170	0	0	0	CR	MAX	Aribbon21.jpg	Aribbon21.jpg	NOKEY	MAX	NOKEY
1446577485767	0	lts_1103L_16_01	16	01	0	171	0	0	0	CR	MAX	ARELSCU49.jpg	ARELSCU49.jpg	NOKEY	MAX	NOKEY
1446577486703	0	lts_1103L_16_01	16	01	0	172	4	1	1	Hit	465	4-mul/Azebratoy2.jpg	Azebratoy2.jpg	SPACE	502	SPACE
1446577489779	0	lts_1103L_16_01	16	01	0	173	0	0	0	CR	MAX	ALAB13.jpg	ALAB13.jpg	NOKEY	MAX	NOKEY
1446577490765	0	lts_1103L_16_01	16	01	0	174	8	1	1	Hit	517	8-first/Aelectronicor.jpg	Aelectronicor.jpg	SPACE	551	SPACE
1446577493842	0	lts_1103L_16_01	16	01	0	175	0	0	0	CR	MAX	4555.jpg	4555.jpg	NOKEY	MAX	NOKEY
1446577496918	0	lts_1103L_16_01	16	01	0	176	0	0	0	CR	MAX	26375896.thl.jpg	26375896.thl.jpg	NOKEY	MAX	NOKEY
1446577499994	0	lts_1103L_16_01	16	01	0	177	0	0	0	CR	MAX	26556936.thl.jpg	26556936.thl.jpg	NOKEY	MAX	NOKEY
1446577501098	0	lts_1103L_16_01	16	01	0	178	64	1	1	Hit	632	64-first/ATHERMO4.jpg	ATHERMO4.jpg	SPACE	668	SPACE
1446577504173	0	lts_1103L_16_01	16	01	0	179	0	0	0	CR	MAX	blueflatbox.jpg	blueflatbox.jpg	NOKEY	MAX	NOKEY
1446577505126	0	lts_1103L_16_01	16	01	0	180	2	1	1	Hit	473	2-mul/ATHERMO4.jpg	ATHERMO4.jpg	SPACE	518	SPACE
1446577508202	0	lts_1103L_16_01	16	01	0	181	0	0	0	CR	MAX	Asafetyrope.jpg	Asafetyrope.jpg	NOKEY	MAX	NOKEY
1446577511278	0	lts_1103L_16_01	16	01	0	182	0	0	0	CR	MAX	Athermos7.jpg	Athermos7.jpg	NOKEY	MAX	NOKEY
1446577514354	0	lts_1103L_16_01	16	01	0	183	0	0	0	CR	MAX	16/Atoyfurnitu14.jpg	Atoyfurnitu14.jpg	NOKEY	MAX	NOKEY
1446577517430	0	lts_1103L_16_01	16	01	0	184	0	0	0	CR	MAX	10049816.thl.jpg	10049816.thl.jpg	NOKEY	MAX	NOKEY
1446577518500	0	lts_1103L_16_01	16	01	0	185	32	1	1	Hit	597	32-4/AWOODST19.jpg	AWOODST19.jpg	SPACE	636	SPACE
1446577521576	0	lts_1103L_16_01	16	01	0	186	0	0	0	CR	MAX	airhocckytable.jpg	airhocckytable.jpg	NOKEY	MAX	NOKEY
1446577524652	0	lts_1103L_16_01	16	01	0	187	0	0	0	CR	MAX	1/26424075.thl.jpg	26424075.thl.jpg	NOKEY	MAX	NOKEY
1446577526408	0	lts_1103L_16_01	16	01	0	188	1	1	1	Hit	1279	1-4/26424075.thl.jpg	26424075.thl.jpg	SPACE	1321	SPACE
1446577529484	0	lts_1103L_16_01	16	01	0	189	0	0	0	CR	MAX	AKNIGHELM.jpg	AKNIGHELM.jpg	NOKEY	MAX	NOKEY
1446577530453	0	lts_1103L_16_01	16	01	0	190	16	1	1	Hit	500	16-mul/Aelectronicor.jpg	Aelectronicor.jpg	SPACE	536	SPACE
1446577533530	0	lts_1103L_16_01	16	01	0	191	0	0	0	CR	MAX	AARTDUCK3.jpg	AARTDUCK3.jpg	NOKEY	MAX	NOKEY
1446577536606	0	lts_1103L_16_01	16	01	0	192	0	0	0	CR	MAX	26379054.thl.jpg	26379054.thl.jpg	NOKEY	MAX	NOKEY
1446577539682	0	lts_1103L_16_01	16	01	0	193	0	0	0	CR	MAX	Aseeder2.jpg	Aseeder2.jpg	NOKEY	MAX	NOKEY
1446577540718	0	lts_1103L_16_01	16	01	0	194	32	1	1	Hit	554	32-9/22949719.thl.jpg	22949719.thl.jpg	SPACE	602	SPACE
1446577543794	0	lts_1103L_16_01	16	01	0	195	0	0	0	CR	MAX	AWINTSOC2.jpg	AWINTSOC2.jpg	NOKEY	MAX	NOKEY
1446577546870	0	lts_1103L_16_01	16	01	0	196	0	0	0	CR	MAX	bagelslicer.jpg	bagelslicer.jpg	NOKEY	MAX	NOKEY
1446577549946	0	lts_1103L_16_01	16	01	0	197	0	0	0	CR	MAX	32/Atool62.jpg	Atool62.jpg	NOKEY	MAX	NOKEY
1446577553023	0	lts_1103L_16_01	16	01	0	198	0	0	0	CR	MAX	Aceramicjug16.jpg	Aceramicjug16.jpg	NOKEY	MAX	NOKEY
1446577554126	0	lts_1103L_16_01	16	01	0	199	16	1	1	Hit	622	16-first/Atoyfurnitu14.jpg	Atoyfurnitu14.jpg	SPACE	668	SPACE
1446577557202	0	lts_1103L_16_01	16	01	0	200	0	0	0	CR	MAX	ADOGTOY.jpg	ADOGTOY.jpg	NOKEY	MAX	NOKEY
1446577558155	0	lts_1103L_16_01	16	01	0	201	2	1	1	Hit	471	2-mul/Atoyfurnitu14.jpg	Atoyfurnitu14.jpg	SPACE	519	SPACE
1446577561231	0	lts_1103L_16_01	16	01	0	202	0	0	0	CR	MAX	licorice.jpg	licorice.jpg	NOKEY	MAX	NOKEY
1446577564307	0	lts_1103L_16_01	16	01	0	203	32	1	0	Miss	MAX	32/liquid-a.jpg	liquid-a.jpg	NOKEY	MAX	SPACE
1446577567383	0	lts_1103L_16_01	16	01	0	204	0	0	0	CR	MAX	1/A25thdec3.jpg	A25thdec3.jpg	NOKEY	MAX	NOKEY
1446577568219	0	lts_1103L_16_01	16	01	0	205	1	1	1	Hit	360	1-10/A25thdec3.jpg	A25thdec3.jpg	SPACE	402	SPACE
1446577571295	0	lts_1103L_16_01	16	01	0	206	0	0	0	CR	MAX	ASTAR.jpg	ASTAR.jpg	NOKEY	MAX	NOKEY
1446577574371	0	lts_1103L_16_01	16	01	0	207	0	0	0	CR	MAX	8/AWASHPART.jpg	AWASHPART.jpg	NOKEY	MAX	NOKEY
1446577577447	0	lts_1103L_16_01	16	01	0	208	0	0	0	CR	MAX	AMUSISTA2.jpg	AMUSISTA2.jpg	NOKEY	MAX	NOKEY
1446577580523	0	lts_1103L_16_01	16	01	0	209	0	0	0	CR	MAX	AMINITRE7.jpg	AMINITRE7.jpg	NOKEY	MAX	NOKEY
1446577583599	0	lts_1103L_16_01	16	01	0	210	0	0	0	CR	MAX	26441591.thl.jpg	26441591.thl.jpg	NOKEY	MAX	NOKEY
1446577586675	0	lts_1103L_16_01	16	01	0	211	0	0	0	CR	MAX	2/AGRENADIN.jpg	AGRENADIN.jpg	NOKEY	MAX	NOKEY
1446577589751	0	lts_1103L_16_01	16	01	0	212	0	0	0	CR	MAX	128/Aeastcho6.jpg	Aeastcho6.jpg	NOKEY	MAX	NOKEY
1446577590721	0	lts_1103L_16_01	16	01	0	213	2	1	1	Hit	500	2-10/AGRENADIN.jpg	AGRENADIN.jpg	SPACE	535	SPACE
1446577593797	0	lts_1103L_16_01	16	01	0	214	0	0	0	CR	MAX	Ahandbag50.jpg	Ahandbag50.jpg	NOKEY	MAX	NOKEY
1446577594783	0	lts_1103L_16_01	16	01	0	215	8	1	1	Hit	506	8-1/AWASHPART.jpg	AWASHPART.jpg	SPACE	551	SPACE
1446577597859	0	lts_1103L_16_01	16	01	0	216	0	0	0	CR	MAX	saltpeppershakerjpg.jpg	saltpeppershakerjpg.jpg	NOKEY	MAX	NOKEY
1446577600936	0	lts_1103L_16_01	16	01	0	217	0	0	0	CR	MAX	Aeggcup224.jpg	Aeggcup224.jpg	NOKEY	MAX	NOKEY
1446577604013	0	lts_1103L_16_01	16	01	0	218	0	0	0	CR	MAX	32/Astapler12.jpg	Astapler12.jpg	NOKEY	MAX	NOKEY
1446577607089	0	lts_1103L_16_01	16	01	0	219	0	0	0	CR	MAX	8/26370116.thl.jpg	26370116.thl.jpg	NOKEY	MAX	NOKEY
1446577610164	0	lts_1103L_16_01	16	01	0	220	0	0	0	CR	MAX	ARECEIPT.jpg	ARECEIPT.jpg	NOKEY	MAX	NOKEY
1446577613240	0	lts_1103L_16_01	16	01	0	221	0	0	0	CR	MAX	1/Axmastre5.jpg	Axmastre5.jpg	NOKEY	MAX	NOKEY
1446577614377	0	lts_1103L_16_01	16	01	0	222	1	1	1	Hit	665	1-2/Axmastre5.jpg	Axmastre5.jpg	SPACE	702	SPACE
1446577617453	0	lts_1103L_16_01	16	01	0	223	0	0	0	CR	MAX	Aflask19.jpg	Aflask19.jpg	NOKEY	MAX	NOKEY
1446577620529	0	lts_1103L_16_01	16	01	0	224	0	0	0	CR	MAX	Astingray2.jpg	Astingray2.jpg	NOKEY	MAX	NOKEY
1446577623605	0	lts_1103L_16_01	16	01	0	225	0	0	0	CR	MAX	APOTGOLD2.jpg	APOTGOLD2.jpg	NOKEY	MAX	NOKEY
1446577626681	0	lts_1103L_16_01	16	01	0	226	0	0	0	CR	MAX	ATAMBOURI.jpg	ATAMBOURI.jpg	NOKEY	MAX	NOKEY
1446577627751	0	lts_1103L_16_01	16	01	0	227	8	1	1	Hit	597	8-first/26370116.thl.jpg	26370116.thl.jpg	SPACE	636	SPACE
1446577630827	0	lts_1103L_16_01	16	01	0	228	0	0	0	CR	MAX	16/22849344.thl.jpg	22849344.thl.jpg	NOKEY	MAX	NOKEY
1446577631847	0	lts_1103L_16_01	16	01	0	229	32	1	1	Hit	537	32-1/Atool62.jpg	Atool62.jpg	SPACE	585	SPACE
1446577634923	0	lts_1103L_16_01	16	01	0	230	0	0	0	CR	MAX	ACANDLE30.jpg	ACANDLE30.jpg	NOKEY	MAX	NOKEY
1446577635892	0	lts_1103L_16_01	16	01	0	231	4	1	1	Hit	486	4-mul/26370116.thl.jpg	26370116.thl.jpg	SPACE	535	SPACE
1446577638968	0	lts_1103L_16_01	16	01	0	232	0	0	0	CR	MAX	Alifeves2.jpg	Alifeves2.jpg	NOKEY	MAX	NOKEY
1446577642045	0	lts_1103L_16_01	16	01	0	233	0	0	0	CR	MAX	AHOSPCRI3.jpg	AHOSPCRI3.jpg	NOKEY	MAX	NOKEY
1446577645121	0	lts_1103L_16_01	16	01	0	234	0	0	0	CR	MAX	26457349.thl.jpg	26457349.thl.jpg	NOKEY	MAX	NOKEY
1446577646125	0	lts_1103L_16_01	16	01	0	235	32	1	1	Hit	522	32-3/liquid-a.jpg	liquid-a.jpg	SPACE	568	SPACE
1446577649200	0	lts_1103L_16_01	16	01	0	236	0	0	0	CR	MAX	Ajuicer27.jpg	Ajuicer27.jpg	NOKEY	MAX	NOKEY
1446577652276	0	lts_1103L_16_01	16	01	0	237	0	0	0	CR	MAX	64/AARTMELON.jpg	AARTMELON.jpg	NOKEY	MAX	NOKEY
1446577655352	0	lts_1103L_16_01	16	01	0	238	0	0	0	CR	MAX	16/AWOODBIN.jpg	AWOODBIN.jpg	NOKEY	MAX	NOKEY
1446577658428	0	lts_1103L_16_01	16	01	0	239	0	0	0	CR	MAX	AWHISBARR.jpg	AWHISBARR.jpg	NOKEY	MAX	NOKEY
1446577661504	0	lts_1103L_16_01	16	01	0	240	0	0	0	CR	MAX	AWINTERH2.jpg	AWINTERH2.jpg	NOKEY	MAX	NOKEY
1446577664580	0	lts_1103L_16_01	16	01	0	241	0	0	0	CR	MAX	26687931.thl.jpg	26687931.thl.jpg	NOKEY	MAX	NOKEY
1446577667656	0	lts_1103L_16_01	16	01	0	242	0	0	0	CR	MAX	Awildberries.jpg	Awildberries.jpg	NOKEY	MAX	NOKEY
1446577670732	0	lts_1103L_16_01	16	01	0	243	0	0	0	CR	MAX	A_flower.jpg	A_flower.jpg	NOKEY	MAX	NOKEY
1446577671752	0	lts_1103L_16_01	16	01	0	244	16	1	1	Hit	546	16-1/22849344.thl.jpg	22849344.thl.jpg	SPACE	585	SPACE
1446577674828	0	lts_1103L_16_01	16	01	0	245	0	0	0	CR	MAX	dftslpi.jpg	dftslpi.jpg	NOKEY	MAX	NOKEY
1446577677904	0	lts_1103L_16_01	16	01	0	246	0	0	0	CR	MAX	2/ASCSIPORT.jpg	ASCSIPORT.jpg	NOKEY	MAX	NOKEY
1446577680980	0	lts_1103L_16_01	16	01	0	247	0	0	0	CR	MAX	ATAPEDIS7.jpg	ATAPEDIS7.jpg	NOKEY	MAX	NOKEY
1446577682068	0	lts_1103L_16_01	16	01	0	248	2	1	1	Hit	606	2-8/ASCSIPORT.jpg	ASCSIPORT.jpg	SPACE	652	SPACE
1446577685143	0	lts_1103L_16_01	16	01	0	249	0	0	0	CR	MAX	Adinningroomt.jpg	Adinningroomt.jpg	NOKEY	MAX	NOKEY
1446577686447	0	lts_1103L_16_01	16	01	0	250	32	1	1	Hit	821	32-5/Astapler12.jpg	Astapler12.jpg	SPACE	871	SPACE
1446577689523	0	lts_1103L_16_01	16	01	0	251	0	0	0	CR	MAX	16/ACHEMSET3.jpg	ACHEMSET3.jpg	NOKEY	MAX	NOKEY
1446577692599	0	lts_1103L_16_01	16	01	0	252	0	0	0	CR	MAX	AARTIHAN5.jpg	AARTIHAN5.jpg	NOKEY	MAX	NOKEY
1446577695675	0	lts_1103L_16_01	16	01	0	253	0	0	0	CR	MAX	sportsbasket.jpg	sportsbasket.jpg	NOKEY	MAX	NOKEY
1446577696912	0	lts_1103L_16_01	16	01	0	254	16	1	1	Hit	768	16-first/AWOODBIN.jpg	AWOODBIN.jpg	SPACE	803	SPACE
1446577699988	0	lts_1103L_16_01	16	01	0	255	0	0	0	CR	MAX	showercurtainsuchi.jpg	showercurtainsuchi.jpg	NOKEY	MAX	NOKEY
1446577700991	0	lts_1103L_16_01	16	01	0	256	2	1	1	Hit	524	2-mul/AWOODBIN.jpg	AWOODBIN.jpg	SPACE	567	SPACE
1446577704068	0	lts_1103L_16_01	16	01	0	257	0	0	0	CR	MAX	AHEADLIG9.jpg	AHEADLIG9.jpg	NOKEY	MAX	NOKEY
1446577707143	0	lts_1103L_16_01	16	01	0	258	0	0	0	CR	MAX	for28524.jpg	for28524.jpg	NOKEY	MAX	NOKEY
1446577710219	0	lts_1103L_16_01	16	01	0	259	0	0	0	CR	MAX	128/Ahalfchoc.jpg	Ahalfchoc.jpg	NOKEY	MAX	NOKEY
1446577713295	0	lts_1103L_16_01	16	01	0	260	0	0	0	CR	MAX	32/26375611.thl.jpg	26375611.thl.jpg	NOKEY	MAX	NOKEY
1446577716372	0	lts_1103L_16_01	16	01	0	261	0	0	0	CR	MAX	ABUSINEST.jpg	ABUSINEST.jpg	NOKEY	MAX	NOKEY
1446577719448	0	lts_1103L_16_01	16	01	0	262	0	0	0	CR	MAX	22923068.thl.jpg	22923068.thl.jpg	NOKEY	MAX	NOKEY
1446577722524	0	lts_1103L_16_01	16	01	0	263	0	0	0	CR	MAX	AHOSPBED.jpg	AHOSPBED.jpg	NOKEY	MAX	NOKEY
1446577725600	0	lts_1103L_16_01	16	01	0	264	0	0	0	CR	MAX	Apilldispens3.jpg	Apilldispens3.jpg	NOKEY	MAX	NOKEY
1446577726653	0	lts_1103L_16_01	16	01	0	265	128	1	1	Hit	578	128-2/Astirstick.jpg	Astirstick.jpg	SPACE	619	SPACE
1446577729729	0	lts_1103L_16_01	16	01	0	266	0	0	0	CR	MAX	128/AANTIBIK4.jpg	AANTIBIK4.jpg	NOKEY	MAX	NOKEY
1446577730799	0	lts_1103L_16_01	16	01	0	267	16	1	1	Hit	600	16-first/ACHEMSET3.jpg	ACHEMSET3.jpg	SPACE	635	SPACE
1446577733875	0	lts_1103L_16_01	16	01	0	268	0	0	0	CR	MAX	A_teabag.jpg	A_teabag.jpg	NOKEY	MAX	NOKEY
1446577736951	0	lts_1103L_16_01	16	01	0	269	0	0	0	CR	MAX	Ascale60.jpg	Ascale60.jpg	NOKEY	MAX	NOKEY
1446577740028	0	lts_1103L_16_01	16	01	0	270	0	0	0	CR	MAX	Arefrigerat10.jpg	Arefrigerat10.jpg	NOKEY	MAX	NOKEY
1446577740997	0	lts_1103L_16_01	16	01	0	271	4	1	1	Hit	487	4-mul/ACHEMSET3.jpg	ACHEMSET3.jpg	SPACE	534	SPACE
1446577744074	0	lts_1103L_16_01	16	01	0	272	0	0	0	CR	MAX	Adice10.jpg	Adice10.jpg	NOKEY	MAX	NOKEY
1446577747149	0	lts_1103L_16_01	16	01	0	273	0	0	0	CR	MAX	AROUNDFR3.jpg	AROUNDFR3.jpg	NOKEY	MAX	NOKEY
1446577750225	0	lts_1103L_16_01	16	01	0	274	0	0	0	CR	MAX	64/Asaltgrinder.jpg	Asaltgrinder.jpg	NOKEY	MAX	NOKEY
1446577753301	0	lts_1103L_16_01	16	01	0	275	0	0	0	CR	MAX	ADIRECSI3.jpg	ADIRECSI3.jpg	NOKEY	MAX	NOKEY
1446577756377	0	lts_1103L_16_01	16	01	0	276	0	0	0	CR	MAX	Anoisma32.jpg	Anoisma32.jpg	NOKEY	MAX	NOKEY
1446577759453	0	lts_1103L_16_01	16	01	0	277	0	0	0	CR	MAX	1/ALIQBOOK.jpg	ALIQBOOK.jpg	NOKEY	MAX	NOKEY
1446577760724	0	lts_1103L_16_01	16	01	0	278	1	1	1	Hit	796	1-3/ALIQBOOK.jpg	ALIQBOOK.jpg	SPACE	836	SPACE
1446577763800	0	lts_1103L_16_01	16	01	0	279	0	0	0	CR	MAX	128/Acocktailumb4.jpg	Acocktailumb4.jpg	NOKEY	MAX	NOKEY
1446577766876	0	lts_1103L_16_01	16	01	0	280	0	0	0	CR	MAX	2/ABELL7.jpg	ABELL7.jpg	NOKEY	MAX	NOKEY
1446577769952	0	lts_1103L_16_01	16	01	0	281	0	0	0	CR	MAX	ASHOTCAS2.jpg	ASHOTCAS2.jpg	NOKEY	MAX	NOKEY
1446577771040	0	lts_1103L_16_01	16	01	0	282	2	1	1	Hit	606	2-13/ABELL7.jpg	ABELL7.jpg	SPACE	652	SPACE
1446577774116	0	lts_1103L_16_01	16	01	0	283	0	0	0	CR	MAX	64/A3bday5.jpg	A3bday5.jpg	NOKEY	MAX	NOKEY
1446577777191	0	lts_1103L_16_01	16	01	0	284	0	0	0	CR	MAX	4/AFULVOUST.jpg	AFULVOUST.jpg	NOKEY	MAX	NOKEY
1446577780267	0	lts_1103L_16_01	16	01	0	285	0	0	0	CR	MAX	ACOFFGRI9.jpg	ACOFFGRI9.jpg	NOKEY	MAX	NOKEY
1446577783343	0	lts_1103L_16_01	16	01	0	286	0	0	0	CR	MAX	26429123.thl.jpg	26429123.thl.jpg	NOKEY	MAX	NOKEY
1446577786419	0	lts_1103L_16_01	16	01	0	287	0	0	0	CR	MAX	Apedestal3.jpg	Apedestal3.jpg	NOKEY	MAX	NOKEY
1446577787506	0	lts_1103L_16_01	16	01	0	288	4	1	1	Hit	609	4-4/AFULVOUST.jpg	AFULVOUST.jpg	SPACE	653	SPACE
1446577790582	0	lts_1103L_16_01	16	01	0	289	0	0	0	CR	MAX	Adeer20.jpg	Adeer20.jpg	NOKEY	MAX	NOKEY
1446577793658	0	lts_1103L_16_01	16	01	0	290	0	0	0	CR	MAX	22855236.thl.jpg	22855236.thl.jpg	NOKEY	MAX	NOKEY
1446577796734	0	lts_1103L_16_01	16	01	0	291	0	0	0	CR	MAX	Aacarthatsbe2.jpg	Aacarthatsbe2.jpg	NOKEY	MAX	NOKEY
1446577797887	0	lts_1103L_16_01	16	01	0	292	32	1	1	Hit	675	32-2/26375611.thl.jpg	26375611.thl.jpg	SPACE	719	SPACE
1446577800963	0	lts_1103L_16_01	16	01	0	293	0	0	0	CR	MAX	ABLOODCEA.jpg	ABLOODCEA.jpg	NOKEY	MAX	NOKEY
1446577804040	0	lts_1103L_16_01	16	01	0	294	0	0	0	CR	MAX	Abootbinding.jpg	Abootbinding.jpg	NOKEY	MAX	NOKEY
1446577805277	0	lts_1103L_16_01	16	01	0	295	128	1	1	Hit	766	128-4/ACOMPAS20.jpg	ACOMPAS20.jpg	SPACE	801	SPACE
1446577808353	0	lts_1103L_16_01	16	01	0	296	0	0	0	CR	MAX	26442809.thl.jpg	26442809.thl.jpg	NOKEY	MAX	NOKEY
1446577811429	0	lts_1103L_16_01	16	01	0	297	0	0	0	CR	MAX	64/26370445.thl.jpg	26370445.thl.jpg	NOKEY	MAX	NOKEY
1446577814505	0	lts_1103L_16_01	16	01	0	298	0	0	0	CR	MAX	AFIREPLAC.jpg	AFIREPLAC.jpg	NOKEY	MAX	NOKEY
1446577817581	0	lts_1103L_16_01	16	01	0	299	0	0	0	CR	MAX	4/Agardeningrak.jpg	Agardeningrak.jpg	NOKEY	MAX	NOKEY
1446577820674	0	lts_1103L_16_01	16	01	0	300	0	0	0	CR	MAX	Aammonitefo14.jpg	Aammonitefo14.jpg	NOKEY	MAX	NOKEY
1446577821743	0	lts_1103L_16_01	16	01	0	301	64	1	1	Hit	592	64-first/AARTMELON.jpg	AARTMELON.jpg	SPACE	635	SPACE
1446577824820	0	lts_1103L_16_01	16	01	0	302	0	0	0	CR	MAX	AICEAXE2.jpg	AICEAXE2.jpg	NOKEY	MAX	NOKEY
1446577825956	0	lts_1103L_16_01	16	01	0	303	4	1	1	Hit	652	4-2/Agardeningrak.jpg	Agardeningrak.jpg	SPACE	702	SPACE
1446577829033	0	lts_1103L_16_01	16	01	0	304	0	0	0	CR	MAX	ACASKET5.jpg	ACASKET5.jpg	NOKEY	MAX	NOKEY
1446577829969	0	lts_1103L_16_01	16	01	0	305	4	1	1	Hit	452	4-mul/AARTMELON.jpg	AARTMELON.jpg	SPACE	500	SPACE
1446577833046	0	lts_1103L_16_01	16	01	0	306	0	0	0	CR	MAX	26434250.thl.jpg	26434250.thl.jpg	NOKEY	MAX	NOKEY
1446577836122	0	lts_1103L_16_01	16	01	0	307	0	0	0	CR	MAX	8/AALIEN.jpg	AALIEN.jpg	NOKEY	MAX	NOKEY
1446577839197	0	lts_1103L_16_01	16	01	0	308	0	0	0	CR	MAX	2/Aonewaysign2.jpg	Aonewaysign2.jpg	NOKEY	MAX	NOKEY
1446577842290	0	lts_1103L_16_01	16	01	0	309	0	0	0	CR	MAX	Aswitch17.jpg	Aswitch17.jpg	NOKEY	MAX	NOKEY
1446577843243	0	lts_1103L_16_01	16	01	0	310	2	1	1	Hit	479	2-11/Aonewaysign2.jpg	Aonewaysign2.jpg	SPACE	518	SPACE
1446577846319	0	lts_1103L_16_01	16	01	0	311	0	0	0	CR	MAX	16/elecmap.jpg	elecmap.jpg	NOKEY	MAX	NOKEY
1446577849395	0	lts_1103L_16_01	16	01	0	312	0	0	0	CR	MAX	Abinder6.jpg	Abinder6.jpg	NOKEY	MAX	NOKEY
1446577852471	0	lts_1103L_16_01	16	01	0	313	0	0	0	CR	MAX	frtslpamix.jpg	frtslpamix.jpg	NOKEY	MAX	NOKEY
1446577855547	0	lts_1103L_16_01	16	01	0	314	0	0	0	CR	MAX	AHYPBOTT.jpg	AHYPBOTT.jpg	NOKEY	MAX	NOKEY
1446577856583	0	lts_1103L_16_01	16	01	0	315	8	1	1	Hit	557	8-first/AALIEN.jpg	AALIEN.jpg	SPACE	602	SPACE
1446577859659	0	lts_1103L_16_01	16	01	0	316	0	0	0	CR	MAX	Acinnamonrol2.jpg	Acinnamonrol2.jpg	NOKEY	MAX	NOKEY
1446577862735	0	lts_1103L_16_01	16	01	0	317	0	0	0	CR	MAX	8/26440073.thl.jpg	26440073.thl.jpg	NOKEY	MAX	NOKEY
1446577865812	0	lts_1103L_16_01	16	01	0	318	0	0	0	CR	MAX	AANSHIEL4.jpg	AANSHIEL4.jpg	NOKEY	MAX	NOKEY
1446577866764	0	lts_1103L_16_01	16	01	0	319	4	1	1	Hit	483	4-mul/AALIEN.jpg	AALIEN.jpg	SPACE	518	SPACE
1446577869840	0	lts_1103L_16_01	16	01	0	320	0	0	0	CR	MAX	1/ACATCAGE.jpg	ACATCAGE.jpg	NOKEY	MAX	NOKEY
1446577870777	0	lts_1103L_16_01	16	01	0	321	1	1	1	Hit	462	1-9/ACATCAGE.jpg	ACATCAGE.jpg	SPACE	502	SPACE
1446577873853	0	lts_1103L_16_01	16	01	0	322	0	0	0	CR	MAX	Ahappdec4.jpg	Ahappdec4.jpg	NOKEY	MAX	NOKEY
1446577876929	0	lts_1103L_16_01	16	01	0	323	0	0	0	CR	MAX	AANTLION2.jpg	AANTLION2.jpg	NOKEY	MAX	NOKEY
1446577880023	0	lts_1103L_16_01	16	01	0	324	0	0	0	CR	MAX	8/confettipopper.jpg	confettipopper.jpg	NOKEY	MAX	NOKEY
1446577880991	0	lts_1103L_16_01	16	01	0	325	8	1	1	Hit	485	8-first/26440073.thl.jpg	26440073.thl.jpg	SPACE	534	SPACE
1446577884068	0	lts_1103L_16_01	16	01	0	326	0	0	0	CR	MAX	A56THUND4.jpg	A56THUND4.jpg	NOKEY	MAX	NOKEY
1446577885105	0	lts_1103L_16_01	16	01	0	327	16	1	1	Hit	561	16-first/elecmap.jpg	elecmap.jpg	SPACE	601	SPACE
1446577888180	0	lts_1103L_16_01	16	01	0	328	0	0	0	CR	MAX	ASHRIMP3.jpg	ASHRIMP3.jpg	NOKEY	MAX	NOKEY
1446577889100	0	lts_1103L_16_01	16	01	0	329	4	1	1	Hit	450	4-mul/26440073.thl.jpg	26440073.thl.jpg	SPACE	485	SPACE
1446577892175	0	lts_1103L_16_01	16	01	0	330	0	0	0	CR	MAX	ipod01.jpg	ipod01.jpg	NOKEY	MAX	NOKEY
1446577895252	0	lts_1103L_16_01	16	01	0	331	0	0	0	CR	MAX	wetsuit1.jpg	wetsuit1.jpg	NOKEY	MAX	NOKEY
1446577896255	0	lts_1103L_16_01	16	01	0	332	8	1	1	Hit	519	8-first/confettipopper.jpg	confettipopper.jpg	SPACE	568	SPACE
1446577899331	0	lts_1103L_16_01	16	01	0	333	0	0	0	CR	MAX	driedbeans.jpg	driedbeans.jpg	NOKEY	MAX	NOKEY
1446577900250	0	lts_1103L_16_01	16	01	0	334	2	1	1	Hit	436	2-mul/confettipopper.jpg	confettipopper.jpg	SPACE	485	SPACE
1446577903326	0	lts_1103L_16_01	16	01	0	335	0	0	0	CR	MAX	ASCALE30.jpg	ASCALE30.jpg	NOKEY	MAX	NOKEY
1446577906402	0	lts_1103L_16_01	16	01	0	336	0	0	0	CR	MAX	sphinx.jpg	sphinx.jpg	NOKEY	MAX	NOKEY
1446577909478	0	lts_1103L_16_01	16	01	0	337	0	0	0	CR	MAX	AHORSHOE2.jpg	AHORSHOE2.jpg	NOKEY	MAX	NOKEY
1446577910582	0	lts_1103L_16_01	16	01	0	338	64	1	1	Hit	624	64-first/Asaltgrinder.jpg	Asaltgrinder.jpg	SPACE	669	SPACE
1446577913658	0	lts_1103L_16_01	16	01	0	339	0	0	0	CR	MAX	Acoffeebeans2.jpg	Acoffeebeans2.jpg	NOKEY	MAX	NOKEY
1446577914711	0	lts_1103L_16_01	16	01	0	340	128	1	1	Hit	582	128-6/Aeastcho6.jpg	Aeastcho6.jpg	SPACE	619	SPACE
1446577917787	0	lts_1103L_16_01	16	01	0	341	0	0	0	CR	MAX	Abladetablesa.jpg	Abladetablesa.jpg	NOKEY	MAX	NOKEY
1446577920863	0	lts_1103L_16_01	16	01	0	342	0	0	0	CR	MAX	hotgreenpepper.jpg	hotgreenpepper.jpg	NOKEY	MAX	NOKEY
1446577921833	0	lts_1103L_16_01	16	01	0	343	16	1	1	Hit	486	16-mul/elecmap.jpg	elecmap.jpg	SPACE	535	SPACE
1446577924909	0	lts_1103L_16_01	16	01	0	344	0	0	0	CR	MAX	ASHIRTSK2.jpg	ASHIRTSK2.jpg	NOKEY	MAX	NOKEY
1446577927985	0	lts_1103L_16_01	16	01	0	345	0	0	0	CR	MAX	ATABLES5.jpg	ATABLES5.jpg	NOKEY	MAX	NOKEY
1446577931079	0	lts_1103L_16_01	16	01	0	346	0	0	0	CR	MAX	AWATERJU3.jpg	AWATERJU3.jpg	NOKEY	MAX	NOKEY
1446577932148	0	lts_1103L_16_01	16	01	0	347	64	1	1	Hit	586	64-first/A3bday5.jpg	A3bday5.jpg	SPACE	634	SPACE
1446577935224	0	lts_1103L_16_01	16	01	0	348	0	0	0	CR	MAX	16/ALOOFA.jpg	ALOOFA.jpg	NOKEY	MAX	NOKEY
1446577936094	0	lts_1103L_16_01	16	01	0	349	2	1	1	Hit	386	2-mul/A3bday5.jpg	A3bday5.jpg	SPACE	435	SPACE
1446577939169	0	lts_1103L_16_01	16	01	0	350	0	0	0	CR	MAX	gymvaulting.jpg	gymvaulting.jpg	NOKEY	MAX	NOKEY
1446577942245	0	lts_1103L_16_01	16	01	0	351	0	0	0	CR	MAX	64/ADRYWOOD.jpg	ADRYWOOD.jpg	NOKEY	MAX	NOKEY
1446577945321	0	lts_1103L_16_01	16	01	0	352	0	0	0	CR	MAX	Aceramichous2.jpg	Aceramichous2.jpg	NOKEY	MAX	NOKEY
1446577948397	0	lts_1103L_16_01	16	01	0	353	0	0	0	CR	MAX	Acleaningbru3.jpg	Acleaningbru3.jpg	NOKEY	MAX	NOKEY
1446577949333	0	lts_1103L_16_01	16	01	0	354	16	1	1	Hit	467	16-mul/Asaltgrinder.jpg	Asaltgrinder.jpg	SPACE	501	SPACE
1446577952409	0	lts_1103L_16_01	16	01	0	355	0	0	0	CR	MAX	1/AWOODBOX3.jpg	AWOODBOX3.jpg	NOKEY	MAX	NOKEY
1446577953396	0	lts_1103L_16_01	16	01	0	356	1	1	1	Hit	516	1-12/AWOODBOX3.jpg	AWOODBOX3.jpg	SPACE	552	SPACE
1446577956472	0	lts_1103L_16_01	16	01	0	357	0	0	0	CR	MAX	Atoyboxwithb2.jpg	Atoyboxwithb2.jpg	NOKEY	MAX	NOKEY
1446577959548	0	lts_1103L_16_01	16	01	0	358	0	0	0	CR	MAX	Abottleofwin4.jpg	Abottleofwin4.jpg	NOKEY	MAX	NOKEY
1446577962624	0	lts_1103L_16_01	16	01	0	359	0	0	0	CR	MAX	64/ALEMUR3.jpg	ALEMUR3.jpg	NOKEY	MAX	NOKEY
1446577965700	0	lts_1103L_16_01	16	01	0	360	0	0	0	CR	MAX	ASHAKER2.jpg	ASHAKER2.jpg	NOKEY	MAX	NOKEY
1446577966753	0	lts_1103L_16_01	16	01	0	361	64	1	1	Hit	577	64-first/26370445.thl.jpg	26370445.thl.jpg	SPACE	618	SPACE
1446577969829	0	lts_1103L_16_01	16	01	0	362	0	0	0	CR	MAX	AROOSTERP.jpg	AROOSTERP.jpg	NOKEY	MAX	NOKEY
1446577972905	0	lts_1103L_16_01	16	01	0	363	0	0	0	CR	MAX	Acartofgroce3.jpg	Acartofgroce3.jpg	NOKEY	MAX	NOKEY
1446577973959	0	lts_1103L_16_01	16	01	0	364	16	1	1	Hit	582	16-first/ALOOFA.jpg	ALOOFA.jpg	SPACE	619	SPACE
1446577977036	0	lts_1103L_16_01	16	01	0	365	0	0	0	CR	MAX	Abackaccesso4.jpg	Abackaccesso4.jpg	NOKEY	MAX	NOKEY
1446577980112	0	lts_1103L_16_01	16	01	0	366	0	0	0	CR	MAX	8/AGOUDA.jpg	AGOUDA.jpg	NOKEY	MAX	NOKEY
1446577983187	0	lts_1103L_16_01	16	01	0	367	0	0	0	CR	MAX	Acorn10.jpg	Acorn10.jpg	NOKEY	MAX	NOKEY
1446577984140	0	lts_1103L_16_01	16	01	0	368	4	1	1	Hit	482	4-mul/ALOOFA.jpg	ALOOFA.jpg	SPACE	519	SPACE
1446577987216	0	lts_1103L_16_01	16	01	0	369	0	0	0	CR	MAX	22896812.thl.jpg	22896812.thl.jpg	NOKEY	MAX	NOKEY
1446577990292	0	lts_1103L_16_01	16	01	0	370	0	0	0	CR	MAX	2/22824636.thl.jpg	22824636.thl.jpg	NOKEY	MAX	NOKEY
1446577993368	0	lts_1103L_16_01	16	01	0	371	0	0	0	CR	MAX	Ahawk3.jpg	Ahawk3.jpg	NOKEY	MAX	NOKEY
1446577994388	0	lts_1103L_16_01	16	01	0	372	2	1	1	Hit	550	2-4/22824636.thl.jpg	22824636.thl.jpg	SPACE	586	SPACE
1446577997464	0	lts_1103L_16_01	16	01	0	373	0	0	0	CR	MAX	8/Agame3.jpg	Agame3.jpg	NOKEY	MAX	NOKEY
1446577998517	0	lts_1103L_16_01	16	01	0	374	8	1	1	Hit	582	8-2/AGOUDA.jpg	AGOUDA.jpg	SPACE	620	SPACE
1446577999955	0	lts_1103L_16_01	16	01	0	375	0	0	1	FA	966	Abinocularca3.jpg	Abinocularca3.jpg	SPACE	1004	NOKEY
1446578003032	0	lts_1103L_16_01	16	01	0	376	0	0	0	CR	MAX	ABLACKNEC.jpg	ABLACKNEC.jpg	NOKEY	MAX	NOKEY
1446578004000	0	lts_1103L_16_01	16	01	0	377	16	1	1	Hit	499	16-mul/26370445.thl.jpg	26370445.thl.jpg	SPACE	534	SPACE
1446578007078	0	lts_1103L_16_01	16	01	0	378	0	0	0	CR	MAX	Achowchowdog.jpg	Achowchowdog.jpg	NOKEY	MAX	NOKEY
1446578010153	0	lts_1103L_16_01	16	01	0	379	0	0	0	CR	MAX	948_01.jpg	948_01.jpg	NOKEY	MAX	NOKEY
1446578013229	0	lts_1103L_16_01	16	01	0	380	0	0	0	CR	MAX	Adriedleaf.jpg	Adriedleaf.jpg	NOKEY	MAX	NOKEY
1446578014349	0	lts_1103L_16_01	16	01	0	381	8	1	1	Hit	637	8-first/Agame3.jpg	Agame3.jpg	SPACE	686	SPACE
1446578017425	0	lts_1103L_16_01	16	01	0	382	0	0	0	CR	MAX	26440629.thl.jpg	26440629.thl.jpg	NOKEY	MAX	NOKEY
1446578018311	0	lts_1103L_16_01	16	01	0	383	2	1	1	Hit	417	2-mul/Agame3.jpg	Agame3.jpg	SPACE	452	SPACE
1446578021387	0	lts_1103L_16_01	16	01	0	384	0	0	0	CR	MAX	1/Asafetybelt.jpg	Asafetybelt.jpg	NOKEY	MAX	NOKEY
1446578022373	0	lts_1103L_16_01	16	01	0	385	1	1	1	Hit	503	1-11/Asafetybelt.jpg	Asafetybelt.jpg	SPACE	551	SPACE
1446578025449	0	lts_1103L_16_01	16	01	0	386	0	0	0	CR	MAX	Athimble2.jpg	Athimble2.jpg	NOKEY	MAX	NOKEY
1446578026586	0	lts_1103L_16_01	16	01	0	387	128	1	1	Hit	651	128-0/Ahalfchoc.jpg	Ahalfchoc.jpg	SPACE	702	SPACE
1446578029662	0	lts_1103L_16_01	16	01	0	388	0	0	0	CR	MAX	26377631.thl.jpg	26377631.thl.jpg	NOKEY	MAX	NOKEY
1446578032738	0	lts_1103L_16_01	16	01	0	389	0	0	0	CR	MAX	1/Abedpan7.jpg	Abedpan7.jpg	NOKEY	MAX	NOKEY
1446578033658	0	lts_1103L_16_01	16	01	0	390	1	1	1	Hit	443	1-0/Abedpan7.jpg	Abedpan7.jpg	SPACE	485	SPACE
1446578036734	0	lts_1103L_16_01	16	01	0	391	0	0	0	CR	MAX	Avicegriptool.jpg	Avicegriptool.jpg	NOKEY	MAX	NOKEY
1446578039810	0	lts_1103L_16_01	16	01	0	392	0	0	0	CR	MAX	APICKLE.jpg	APICKLE.jpg	NOKEY	MAX	NOKEY
1446578042886	0	lts_1103L_16_01	16	01	0	393	0	0	0	CR	MAX	26392231.thl.jpg	26392231.thl.jpg	NOKEY	MAX	NOKEY
1446578043906	0	lts_1103L_16_01	16	01	0	394	128	1	1	Hit	545	128-1/AANTIBIK4.jpg	AANTIBIK4.jpg	SPACE	586	SPACE
1446578046982	0	lts_1103L_16_01	16	01	0	395	0	0	0	CR	MAX	32/ACEREAL.jpg	ACEREAL.jpg	NOKEY	MAX	NOKEY
1446578050059	0	lts_1103L_16_01	16	01	0	396	0	0	0	CR	MAX	ACAESALAD.jpg	ACAESALAD.jpg	NOKEY	MAX	NOKEY
1446578053134	0	lts_1103L_16_01	16	01	0	397	0	0	0	CR	MAX	32/Awindmill3.jpg	Awindmill3.jpg	NOKEY	MAX	NOKEY
1446578056210	0	lts_1103L_16_01	16	01	0	398	0	0	0	CR	MAX	8079958.thl.jpg	8079958.thl.jpg	NOKEY	MAX	NOKEY
1446578059286	0	lts_1103L_16_01	16	01	0	399	0	0	0	CR	MAX	Aredandbluef2.jpg	Aredandbluef2.jpg	NOKEY	MAX	NOKEY
1446578062362	0	lts_1103L_16_01	16	01	0	400	0	0	0	CR	MAX	32/Alobster10.jpg	Alobster10.jpg	NOKEY	MAX	NOKEY
1446578065438	0	lts_1103L_16_01	16	01	0	401	0	0	0	CR	MAX	4/AEGGHOLDE.jpg	AEGGHOLDE.jpg	NOKEY	MAX	NOKEY
1446578068514	0	lts_1103L_16_01	16	01	0	402	0	0	0	CR	MAX	26373068.thl.jpg	26373068.thl.jpg	NOKEY	MAX	NOKEY
1446578071590	0	lts_1103L_16_01	16	01	0	403	0	0	0	CR	MAX	096CM301000.jpg	096CM301000.jpg	NOKEY	MAX	NOKEY
1446578074666	0	lts_1103L_16_01	16	01	0	404	0	0	0	CR	MAX	Apencilsharp5.jpg	Apencilsharp5.jpg	NOKEY	MAX	NOKEY
1446578075853	0	lts_1103L_16_01	16	01	0	405	4	1	1	Hit	716	4-11/AEGGHOLDE.jpg	AEGGHOLDE.jpg	SPACE	752	SPACE
1446578078929	0	lts_1103L_16_01	16	01	0	406	0	0	0	CR	MAX	4/APBREAD2.jpg	APBREAD2.jpg	NOKEY	MAX	NOKEY
1446578080084	0	lts_1103L_16_01	16	01	0	407	128	1	1	Hit	680	128-5/Acocktailumb4.jpg	Acocktailumb4.jpg	SPACE	719	SPACE
1446578083159	0	lts_1103L_16_01	16	01	0	408	0	0	0	CR	MAX	AGRILL1.jpg	AGRILL1.jpg	NOKEY	MAX	NOKEY
1446578086235	0	lts_1103L_16_01	16	01	0	409	0	0	0	CR	MAX	4/AREEL.jpg	AREEL.jpg	NOKEY	MAX	NOKEY
1446578087188	0	lts_1103L_16_01	16	01	0	410	4	1	1	Hit	479	4-3/APBREAD2.jpg	APBREAD2.jpg	SPACE	518	SPACE
1446578090264	0	lts_1103L_16_01	16	01	0	411	0	0	0	CR	MAX	8257273.thl.jpg	8257273.thl.jpg	NOKEY	MAX	NOKEY
1446578093340	0	lts_1103L_16_01	16	01	0	412	0	0	0	CR	MAX	Akitchentimer.jpg	Akitchentimer.jpg	NOKEY	MAX	NOKEY
1446578094377	0	lts_1103L_16_01	16	01	0	413	4	1	1	Hit	556	4-12/AREEL.jpg	AREEL.jpg	SPACE	602	SPACE
1446578097453	0	lts_1103L_16_01	16	01	0	414	0	0	0	CR	MAX	Awoodenhamme8.jpg	Awoodenhamme8.jpg	NOKEY	MAX	NOKEY
1446578098489	0	lts_1103L_16_01	16	01	0	415	64	1	1	Hit	563	64-first/ADRYWOOD.jpg	ADRYWOOD.jpg	SPACE	603	SPACE
1446578101565	0	lts_1103L_16_01	16	01	0	416	0	0	0	CR	MAX	1/26451318.thl.jpg	26451318.thl.jpg	NOKEY	MAX	NOKEY
1446578102518	0	lts_1103L_16_01	16	01	0	417	1	1	1	Hit	471	1-1/26451318.thl.jpg	26451318.thl.jpg	SPACE	519	SPACE
1446578105594	0	lts_1103L_16_01	16	01	0	418	0	0	0	CR	MAX	scooter.jpg	scooter.jpg	NOKEY	MAX	NOKEY
1446578106581	0	lts_1103L_16_01	16	01	0	419	4	1	1	Hit	508	4-mul/ADRYWOOD.jpg	ADRYWOOD.jpg	SPACE	551	SPACE
1446578109657	0	lts_1103L_16_01	16	01	0	420	0	0	0	CR	MAX	APOTWHOLE.jpg	APOTWHOLE.jpg	NOKEY	MAX	NOKEY
1446578112733	0	lts_1103L_16_01	16	01	0	421	0	0	0	CR	MAX	swimmies.jpg	swimmies.jpg	NOKEY	MAX	NOKEY
1446578115809	0	lts_1103L_16_01	16	01	0	422	0	0	0	CR	MAX	ASHOULDE4.jpg	ASHOULDE4.jpg	NOKEY	MAX	NOKEY
1446578116912	0	lts_1103L_16_01	16	01	0	423	64	1	1	Hit	626	64-first/ALEMUR3.jpg	ALEMUR3.jpg	SPACE	669	SPACE
1446578119988	0	lts_1103L_16_01	16	01	0	424	0	0	0	CR	MAX	Afoodgrinder2.jpg	Afoodgrinder2.jpg	NOKEY	MAX	NOKEY
1446578120891	0	lts_1103L_16_01	16	01	0	425	2	1	1	Hit	417	2-mul/ALEMUR3.jpg	ALEMUR3.jpg	SPACE	467	SPACE
1446578123967	0	lts_1103L_16_01	16	01	0	426	0	0	0	CR	MAX	Abells3.jpg	Abells3.jpg	NOKEY	MAX	NOKEY
1446578124953	0	lts_1103L_16_01	16	01	0	427	32	1	1	Hit	517	32-6/ACEREAL.jpg	ACEREAL.jpg	SPACE	551	SPACE
1446578128030	0	lts_1103L_16_01	16	01	0	428	0	0	0	CR	MAX	ACUTPIN.jpg	ACUTPIN.jpg	NOKEY	MAX	NOKEY
1446578129084	0	lts_1103L_16_01	16	01	0	429	32	1	1	Hit	579	32-8/Awindmill3.jpg	Awindmill3.jpg	SPACE	618	SPACE
1446578132159	0	lts_1103L_16_01	16	01	0	430	0	0	0	CR	MAX	16/Atrumpetwith2.jpg	Atrumpetwith2.jpg	NOKEY	MAX	NOKEY
1446578135235	0	lts_1103L_16_01	16	01	0	431	0	0	0	CR	MAX	Agardeningshe.jpg	Agardeningshe.jpg	NOKEY	MAX	NOKEY
1446578136305	0	lts_1103L_16_01	16	01	0	432	32	1	1	Hit	598	32-0/Alobster10.jpg	Alobster10.jpg	SPACE	636	SPACE
1446578139381	0	lts_1103L_16_01	16	01	0	433	0	0	0	CR	MAX	26554880.thl.jpg	26554880.thl.jpg	NOKEY	MAX	NOKEY
1446578142457	0	lts_1103L_16_01	16	01	0	434	0	0	0	CR	MAX	Aplantinpot4.jpg	Aplantinpot4.jpg	NOKEY	MAX	NOKEY
1446578145533	0	lts_1103L_16_01	16	01	0	435	0	0	0	CR	MAX	Atoy33.jpg	Atoy33.jpg	NOKEY	MAX	NOKEY
1446578148609	0	lts_1103L_16_01	16	01	0	436	0	0	0	CR	MAX	36411474.thl.jpg	36411474.thl.jpg	NOKEY	MAX	NOKEY
1446578151685	0	lts_1103L_16_01	16	01	0	437	0	0	0	CR	MAX	Atool198.jpg	Atool198.jpg	NOKEY	MAX	NOKEY
1446578154761	0	lts_1103L_16_01	16	01	0	438	0	0	0	CR	MAX	2/hulahoop.jpg	hulahoop.jpg	NOKEY	MAX	NOKEY
1446578157837	0	lts_1103L_16_01	16	01	0	439	0	0	0	CR	MAX	Atoypersonwi2.jpg	Atoypersonwi2.jpg	NOKEY	MAX	NOKEY
1446578158840	0	lts_1103L_16_01	16	01	0	440	2	1	1	Hit	534	2-3/hulahoop.jpg	hulahoop.jpg	SPACE	568	SPACE
1446578161916	0	lts_1103L_16_01	16	01	0	441	0	0	0	CR	MAX	AFRYPAN7.jpg	AFRYPAN7.jpg	NOKEY	MAX	NOKEY
1446578164992	0	lts_1103L_16_01	16	01	0	442	0	0	0	CR	MAX	2/36411021.thl.jpg	36411021.thl.jpg	NOKEY	MAX	NOKEY
1446578168069	0	lts_1103L_16_01	16	01	0	443	0	0	0	CR	MAX	Acarvedpumpk2.jpg	Acarvedpumpk2.jpg	NOKEY	MAX	NOKEY
1446578169205	0	lts_1103L_16_01	16	01	0	444	2	1	1	Hit	652	2-7/36411021.thl.jpg	36411021.thl.jpg	SPACE	701	SPACE
1446578172281	0	lts_1103L_16_01	16	01	0	445	0	0	0	CR	MAX	Arubberducky2.jpg	Arubberducky2.jpg	NOKEY	MAX	NOKEY
1446578173301	0	lts_1103L_16_01	16	01	0	446	16	1	1	Hit	534	16-0/Atrumpetwith2.jpg	Atrumpetwith2.jpg	SPACE	585	SPACE
1446578176377	0	lts_1103L_16_01	16	01	0	447	0	0	0	CR	MAX	26428057.thl.jpg	26428057.thl.jpg	NOKEY	MAX	NOKEY
1446578179453	0	lts_1103L_16_01	16	01	0	448	0	0	0	CR	MAX	Apowerbar7.jpg	Apowerbar7.jpg	NOKEY	MAX	NOKEY
1446578182529	0	lts_1103L_16_01	16	01	0	449	0	0	0	CR	MAX	26374803.thl.jpg	26374803.thl.jpg	NOKEY	MAX	NOKEY
1446578216016	0	lts_1103L_16_01	16	01	1	0	0	0	0	CR	MAX	Atoyfiretru11.jpg	Atoyfiretru11.jpg	NOKEY	MAX	NOKEY
1446578219092	0	lts_1103L_16_01	16	01	1	1	0	0	0	CR	MAX	8/lollipops.jpg	lollipops.jpg	NOKEY	MAX	NOKEY
1446578222167	0	lts_1103L_16_01	16	01	1	2	0	0	0	CR	MAX	2/AGAUGE.jpg	AGAUGE.jpg	NOKEY	MAX	NOKEY
1446578225243	0	lts_1103L_16_01	16	01	1	3	0	0	0	CR	MAX	26432109.thl.jpg	26432109.thl.jpg	NOKEY	MAX	NOKEY
1446578226363	0	lts_1103L_16_01	16	01	1	4	2	1	1	Hit	649	2-10/AGAUGE.jpg	AGAUGE.jpg	SPACE	685	SPACE
1446578229439	0	lts_1103L_16_01	16	01	1	5	0	0	0	CR	MAX	ACOLOGNE.jpg	ACOLOGNE.jpg	NOKEY	MAX	NOKEY
1446578232515	0	lts_1103L_16_01	16	01	1	6	0	0	0	CR	MAX	ACRICKET2.jpg	ACRICKET2.jpg	NOKEY	MAX	NOKEY
1446578235591	0	lts_1103L_16_01	16	01	1	7	0	0	0	CR	MAX	4/racetrack.jpg	racetrack.jpg	NOKEY	MAX	NOKEY
1446578238684	0	lts_1103L_16_01	16	01	1	8	0	0	0	CR	MAX	8/AWATERCO4.jpg	AWATERCO4.jpg	NOKEY	MAX	NOKEY
1446578239704	0	lts_1103L_16_01	16	01	1	9	8	1	1	Hit	547	8-first/lollipops.jpg	lollipops.jpg	SPACE	585	SPACE
1446578242780	0	lts_1103L_16_01	16	01	1	10	0	0	0	CR	MAX	Apineapple3.jpg	Apineapple3.jpg	NOKEY	MAX	NOKEY
1446578243733	0	lts_1103L_16_01	16	01	1	11	4	1	1	Hit	469	4-7/racetrack.jpg	racetrack.jpg	SPACE	518	SPACE
1446578246809	0	lts_1103L_16_01	16	01	1	12	0	0	0	CR	MAX	Aaircompress2.jpg	Aaircompress2.jpg	NOKEY	MAX	NOKEY
1446578249885	0	lts_1103L_16_01	16	01	1	13	0	0	0	CR	MAX	ABROCHETT.jpg	ABROCHETT.jpg	NOKEY	MAX	NOKEY
1446578252978	0	lts_1103L_16_01	16	01	1	14	0	0	0	CR	MAX	ABROKUMBR.jpg	ABROKUMBR.jpg	NOKEY	MAX	NOKEY
1446578256055	0	lts_1103L_16_01	16	01	1	15	0	0	0	CR	MAX	26421357.thl.jpg	26421357.thl.jpg	NOKEY	MAX	NOKEY
1446578256990	0	lts_1103L_16_01	16	01	1	16	8	1	1	Hit	461	8-first/AWATERCO4.jpg	AWATERCO4.jpg	SPACE	500	SPACE
1446578260067	0	lts_1103L_16_01	16	01	1	17	0	0	0	CR	MAX	26437028.thl.jpg	26437028.thl.jpg	NOKEY	MAX	NOKEY
1446578263142	0	lts_1103L_16_01	16	01	1	18	0	0	0	CR	MAX	XPGame.jpg	XPGame.jpg	NOKEY	MAX	NOKEY
1446578266218	0	lts_1103L_16_01	16	01	1	19	0	0	0	CR	MAX	Aconchshe.jpg	Aconchshe.jpg	NOKEY	MAX	NOKEY
1446578267155	0	lts_1103L_16_01	16	01	1	20	4	1	1	Hit	461	4-mul/AWATERCO4.jpg	AWATERCO4.jpg	SPACE	501	SPACE
1446578270231	0	lts_1103L_16_01	16	01	1	21	0	0	0	CR	MAX	moto.jpg	moto.jpg	NOKEY	MAX	NOKEY
1446578273307	0	lts_1103L_16_01	16	01	1	22	0	0	0	CR	MAX	Aantiquemeta2.jpg	Aantiquemeta2.jpg	NOKEY	MAX	NOKEY
1446578276383	0	lts_1103L_16_01	16	01	1	23	0	0	0	CR	MAX	32/potato.jpg	potato.jpg	NOKEY	MAX	NOKEY
1446578279459	0	lts_1103L_16_01	16	01	1	24	0	0	0	CR	MAX	imate.jpg	imate.jpg	NOKEY	MAX	NOKEY
1446578280412	0	lts_1103L_16_01	16	01	1	25	16	1	1	Hit	475	16-mul/lollipops.jpg	lollipops.jpg	SPACE	519	SPACE
1446578283488	0	lts_1103L_16_01	16	01	1	26	0	0	0	CR	MAX	Aheartmonito4.jpg	Aheartmonito4.jpg	NOKEY	MAX	NOKEY
1446578286564	0	lts_1103L_16_01	16	01	1	27	0	0	0	CR	MAX	8/ACHEESESL.jpg	ACHEESESL.jpg	NOKEY	MAX	NOKEY
1446578289640	0	lts_1103L_16_01	16	01	1	28	0	0	0	CR	MAX	Ahandbag55.jpg	Ahandbag55.jpg	NOKEY	MAX	NOKEY
1446578292716	0	lts_1103L_16_01	16	01	1	29	0	0	0	CR	MAX	64/26370704.thl.jpg	26370704.thl.jpg	NOKEY	MAX	NOKEY
1446578295792	0	lts_1103L_16_01	16	01	1	30	0	0	0	CR	MAX	2/Aspeakers4.jpg	Aspeakers4.jpg	NOKEY	MAX	NOKEY
1446578298868	0	lts_1103L_16_01	16	01	1	31	0	0	0	CR	MAX	16/26421572.thl.jpg	26421572.thl.jpg	NOKEY	MAX	NOKEY
1446578299905	0	lts_1103L_16_01	16	01	1	32	2	1	1	Hit	559	2-1/Aspeakers4.jpg	Aspeakers4.jpg	SPACE	601	SPACE
1446578302981	0	lts_1103L_16_01	16	01	1	33	0	0	0	CR	MAX	ACURLIR13.jpg	ACURLIR13.jpg	NOKEY	MAX	NOKEY
1446578306058	0	lts_1103L_16_01	16	01	1	34	0	0	0	CR	MAX	leek.jpg	leek.jpg	NOKEY	MAX	NOKEY
1446578307177	0	lts_1103L_16_01	16	01	1	35	8	1	1	Hit	648	8-2/ACHEESESL.jpg	ACHEESESL.jpg	SPACE	685	SPACE
1446578310253	0	lts_1103L_16_01	16	01	1	36	0	0	0	CR	MAX	1/Asaturn.jpg	Asaturn.jpg	NOKEY	MAX	NOKEY
1446578311123	0	lts_1103L_16_01	16	01	1	37	1	1	1	Hit	393	1-7/Asaturn.jpg	Asaturn.jpg	SPACE	434	SPACE
1446578314198	0	lts_1103L_16_01	16	01	1	38	0	0	0	CR	MAX	Ahotdogplain.jpg	Ahotdogplain.jpg	NOKEY	MAX	NOKEY
1446578317274	0	lts_1103L_16_01	16	01	1	39	0	0	0	CR	MAX	AHYPONEE3.jpg	AHYPONEE3.jpg	NOKEY	MAX	NOKEY
1446578320350	0	lts_1103L_16_01	16	01	1	40	0	0	0	CR	MAX	128/AWASHCLOT.jpg	AWASHCLOT.jpg	NOKEY	MAX	NOKEY
1446578321621	0	lts_1103L_16_01	16	01	1	41	0	0	1	FA	790	4/Abeverage11.jpg	Abeverage11.jpg	SPACE	836	NOKEY
1446578324697	0	lts_1103L_16_01	16	01	1	42	0	0	0	CR	MAX	Acardboardpan.jpg	Acardboardpan.jpg	NOKEY	MAX	NOKEY
1446578327773	0	lts_1103L_16_01	16	01	1	43	0	0	0	CR	MAX	ADRYRACK2.jpg	ADRYRACK2.jpg	NOKEY	MAX	NOKEY
1446578330849	0	lts_1103L_16_01	16	01	1	44	0	0	0	CR	MAX	26684634.thl.jpg	26684634.thl.jpg	NOKEY	MAX	NOKEY
1446578332320	0	lts_1103L_16_01	16	01	1	45	4	1	1	Hit	996	4-4/Abeverage11.jpg	Abeverage11.jpg	SPACE	1036	SPACE
1446578335396	0	lts_1103L_16_01	16	01	1	46	0	0	0	CR	MAX	32/bathtowel.jpg	bathtowel.jpg	NOKEY	MAX	NOKEY
1446578336550	0	lts_1103L_16_01	16	01	1	47	16	1	1	Hit	676	16-first/26421572.thl.jpg	26421572.thl.jpg	SPACE	719	SPACE
1446578339626	0	lts_1103L_16_01	16	01	1	48	0	0	0	CR	MAX	2/ACIGCUTT.jpg	ACIGCUTT.jpg	NOKEY	MAX	NOKEY
1446578342702	0	lts_1103L_16_01	16	01	1	49	0	0	0	CR	MAX	8/Ametalhousin4.jpg	Ametalhousin4.jpg	NOKEY	MAX	NOKEY
1446578343705	0	lts_1103L_16_01	16	01	1	50	2	1	1	Hit	518	2-4/ACIGCUTT.jpg	ACIGCUTT.jpg	SPACE	568	SPACE
1446578346781	0	lts_1103L_16_01	16	01	1	51	0	0	0	CR	MAX	broccoli.jpg	broccoli.jpg	NOKEY	MAX	NOKEY
1446578349857	0	lts_1103L_16_01	16	01	1	52	0	0	0	CR	MAX	ACIGARCU3.jpg	ACIGARCU3.jpg	NOKEY	MAX	NOKEY
1446578352933	0	lts_1103L_16_01	16	01	1	53	0	0	0	CR	MAX	ADRUMSET3.jpg	ADRUMSET3.jpg	NOKEY	MAX	NOKEY
1446578356010	0	lts_1103L_16_01	16	01	1	54	0	0	0	CR	MAX	8074514.thl.jpg	8074514.thl.jpg	NOKEY	MAX	NOKEY
1446578357064	0	lts_1103L_16_01	16	01	1	55	32	1	1	Hit	576	32-4/potato.jpg	potato.jpg	SPACE	618	SPACE
1446578360139	0	lts_1103L_16_01	16	01	1	56	0	0	0	CR	MAX	Aalligator4.jpg	Aalligator4.jpg	NOKEY	MAX	NOKEY
1446578361242	0	lts_1103L_16_01	16	01	1	57	8	1	1	Hit	625	8-first/Ametalhousin4.jpg	Ametalhousin4.jpg	SPACE	669	SPACE
1446578364318	0	lts_1103L_16_01	16	01	1	58	0	0	0	CR	MAX	32/22883664.thl.jpg	22883664.thl.jpg	NOKEY	MAX	NOKEY
1446578367394	0	lts_1103L_16_01	16	01	1	59	0	0	0	CR	MAX	AKNIFE13.jpg	AKNIFE13.jpg	NOKEY	MAX	NOKEY
1446578370470	0	lts_1103L_16_01	16	01	1	60	0	0	0	CR	MAX	Agiftbag20.jpg	Agiftbag20.jpg	NOKEY	MAX	NOKEY
1446578371457	0	lts_1103L_16_01	16	01	1	61	4	1	1	Hit	516	4-mul/Ametalhousin4.jpg	Ametalhousin4.jpg	SPACE	553	SPACE
1446578374533	0	lts_1103L_16_01	16	01	1	62	0	0	0	CR	MAX	Adiscoball2.jpg	Adiscoball2.jpg	NOKEY	MAX	NOKEY
1446578375502	0	lts_1103L_16_01	16	01	1	63	16	1	1	Hit	493	16-mul/26421572.thl.jpg	26421572.thl.jpg	SPACE	536	SPACE
1446578378578	0	lts_1103L_16_01	16	01	1	64	0	0	0	CR	MAX	16/ACHAIR.jpg	ACHAIR.jpg	NOKEY	MAX	NOKEY
1446578381654	0	lts_1103L_16_01	16	01	1	65	0	0	0	CR	MAX	32/22866972.thl.jpg	22866972.thl.jpg	NOKEY	MAX	NOKEY
1446578382607	0	lts_1103L_16_01	16	01	1	66	00	1	1	Hit	482	00-across/Astirstick.jpg	Astirstick.jpg	SPACE	518	SPACE
1446578385683	0	lts_1103L_16_01	16	01	1	67	0	0	0	CR	MAX	26369923.thl.jpg	26369923.thl.jpg	NOKEY	MAX	NOKEY
1446578388759	0	lts_1103L_16_01	16	01	1	68	0	0	0	CR	MAX	2/Aceramicjug10.jpg	Aceramicjug10.jpg	NOKEY	MAX	NOKEY
1446578391836	0	lts_1103L_16_01	16	01	1	69	0	0	0	CR	MAX	64/Apurse83.jpg	Apurse83.jpg	NOKEY	MAX	NOKEY
1446578392889	0	lts_1103L_16_01	16	01	1	70	2	1	1	Hit	574	2-8/Aceramicjug10.jpg	Aceramicjug10.jpg	SPACE	619	SPACE
1446578395965	0	lts_1103L_16_01	16	01	1	71	0	0	0	CR	MAX	seasponge.jpg	seasponge.jpg	NOKEY	MAX	NOKEY
1446578399042	0	lts_1103L_16_01	16	01	1	72	0	0	0	CR	MAX	2/makeupcrayon.jpg	makeupcrayon.jpg	NOKEY	MAX	NOKEY
1446578402118	0	lts_1103L_16_01	16	01	1	73	0	0	0	CR	MAX	Atoytaxi3.jpg	Atoytaxi3.jpg	NOKEY	MAX	NOKEY
1446578403137	0	lts_1103L_16_01	16	01	1	74	2	1	1	Hit	545	2-2/makeupcrayon.jpg	makeupcrayon.jpg	SPACE	586	SPACE
1446578406213	0	lts_1103L_16_01	16	01	1	75	0	0	0	CR	MAX	Ashark7.jpg	Ashark7.jpg	NOKEY	MAX	NOKEY
1446578409289	0	lts_1103L_16_01	16	01	1	76	0	0	0	CR	MAX	Aadjustablec2.jpg	Aadjustablec2.jpg	NOKEY	MAX	NOKEY
1446578412365	0	lts_1103L_16_01	16	01	1	77	0	0	0	CR	MAX	8248852.thl.jpg	8248852.thl.jpg	NOKEY	MAX	NOKEY
1446578414154	0	lts_1103L_16_01	16	01	1	78	32	1	1	Hit	1315	32-7/bathtowel.jpg	bathtowel.jpg	SPACE	1355	SPACE
1446578417230	0	lts_1103L_16_01	16	01	1	79	0	0	0	CR	MAX	Aplastichousi.jpg	Aplastichousi.jpg	NOKEY	MAX	NOKEY
1446578418266	0	lts_1103L_16_01	16	01	1	80	16	1	1	Hit	558	16-1/ACHAIR.jpg	ACHAIR.jpg	SPACE	602	SPACE
1446578421342	0	lts_1103L_16_01	16	01	1	81	0	0	0	CR	MAX	APAGODAMO.jpg	APAGODAMO.jpg	NOKEY	MAX	NOKEY
1446578424418	0	lts_1103L_16_01	16	01	1	82	0	0	0	CR	MAX	1/AJEWISHTA.jpg	AJEWISHTA.jpg	NOKEY	MAX	NOKEY
1446578425472	0	lts_1103L_16_01	16	01	1	83	1	1	1	Hit	562	1-13/AJEWISHTA.jpg	AJEWISHTA.jpg	SPACE	603	SPACE
1446578428548	0	lts_1103L_16_01	16	01	1	84	0	0	0	CR	MAX	Askirt3.jpg	Askirt3.jpg	NOKEY	MAX	NOKEY
1446578431624	0	lts_1103L_16_01	16	01	1	85	0	0	0	CR	MAX	1/AHAIRCLI6.jpg	AHAIRCLI6.jpg	NOKEY	MAX	NOKEY
1446578432593	0	lts_1103L_16_01	16	01	1	86	1	1	1	Hit	496	1-0/AHAIRCLI6.jpg	AHAIRCLI6.jpg	SPACE	535	SPACE
1446578435669	0	lts_1103L_16_01	16	01	1	87	0	0	0	CR	MAX	26685948.thl.jpg	26685948.thl.jpg	NOKEY	MAX	NOKEY
1446578438746	0	lts_1103L_16_01	16	01	1	88	0	0	0	CR	MAX	16/045.jpg	045.jpg	NOKEY	MAX	NOKEY
1446578441822	0	lts_1103L_16_01	16	01	1	89	0	0	0	CR	MAX	Adoorknocker2.jpg	Adoorknocker2.jpg	NOKEY	MAX	NOKEY
1446578442791	0	lts_1103L_16_01	16	01	1	90	32	1	1	Hit	499	32-8/22883664.thl.jpg	22883664.thl.jpg	SPACE	535	SPACE
1446578445867	0	lts_1103L_16_01	16	01	1	91	0	0	0	CR	MAX	4/Aclock213.jpg	Aclock213.jpg	NOKEY	MAX	NOKEY
1446578448943	0	lts_1103L_16_01	16	01	1	92	0	0	0	CR	MAX	32/AMINICYM6.jpg	AMINICYM6.jpg	NOKEY	MAX	NOKEY
1446578450031	0	lts_1103L_16_01	16	01	1	93	64	1	1	Hit	606	64-first/26370704.thl.jpg	26370704.thl.jpg	SPACE	652	SPACE
1446578453107	0	lts_1103L_16_01	16	01	1	94	0	0	0	CR	MAX	ACONSTHA2.jpg	ACONSTHA2.jpg	NOKEY	MAX	NOKEY
1446578454143	0	lts_1103L_16_01	16	01	1	95	4	1	1	Hit	553	4-0/Aclock213.jpg	Aclock213.jpg	SPACE	600	SPACE
1446578457219	0	lts_1103L_16_01	16	01	1	96	0	0	0	CR	MAX	22849260.thl.jpg	22849260.thl.jpg	NOKEY	MAX	NOKEY
1446578458238	0	lts_1103L_16_01	16	01	1	97	32	1	1	Hit	547	32-5/22866972.thl.jpg	22866972.thl.jpg	SPACE	585	SPACE
1446578461314	0	lts_1103L_16_01	16	01	1	98	0	0	0	CR	MAX	ACPU2.jpg	ACPU2.jpg	NOKEY	MAX	NOKEY
1446578464391	0	lts_1103L_16_01	16	01	1	99	0	0	0	CR	MAX	2/AANTMILK.jpg	AANTMILK.jpg	NOKEY	MAX	NOKEY
1446578467467	0	lts_1103L_16_01	16	01	1	100	0	0	0	CR	MAX	128/ATOOTHBR3.jpg	ATOOTHBR3.jpg	NOKEY	MAX	NOKEY
1446578468436	0	lts_1103L_16_01	16	01	1	101	2	1	1	Hit	486	2-9/AANTMILK.jpg	AANTMILK.jpg	SPACE	536	SPACE
1446578471512	0	lts_1103L_16_01	16	01	1	102	0	0	0	CR	MAX	ACUSHIO12.jpg	ACUSHIO12.jpg	NOKEY	MAX	NOKEY
1446578474588	0	lts_1103L_16_01	16	01	1	103	0	0	0	CR	MAX	4/hatslmar.jpg	hatslmar.jpg	NOKEY	MAX	NOKEY
1446578475591	0	lts_1103L_16_01	16	01	1	104	16	1	1	Hit	530	16-0/045.jpg	045.jpg	SPACE	568	SPACE
1446578478668	0	lts_1103L_16_01	16	01	1	105	0	0	0	CR	MAX	AARMCHA25.jpg	AARMCHA25.jpg	NOKEY	MAX	NOKEY
1446578481744	0	lts_1103L_16_01	16	01	1	106	0	0	0	CR	MAX	26441176.thl.jpg	26441176.thl.jpg	NOKEY	MAX	NOKEY
1446578482931	0	lts_1103L_16_01	16	01	1	107	4	1	1	Hit	709	4-5/hatslmar.jpg	hatslmar.jpg	SPACE	752	SPACE
1446578486008	0	lts_1103L_16_01	16	01	1	108	0	0	0	CR	MAX	Afloweredsan3.jpg	Afloweredsan3.jpg	NOKEY	MAX	NOKEY
1446578486909	0	lts_1103L_16_01	16	01	1	109	16	1	1	Hit	417	16-mul/26370704.thl.jpg	26370704.thl.jpg	SPACE	467	SPACE
1446578489985	0	lts_1103L_16_01	16	01	1	110	0	0	0	CR	MAX	AMAILBO28.jpg	AMAILBO28.jpg	NOKEY	MAX	NOKEY
1446578493063	0	lts_1103L_16_01	16	01	1	111	0	0	0	CR	MAX	Ascanner11.jpg	Ascanner11.jpg	NOKEY	MAX	NOKEY
1446578496138	0	lts_1103L_16_01	16	01	1	112	0	0	0	CR	MAX	2/ACLAM.jpg	ACLAM.jpg	NOKEY	MAX	NOKEY
1446578499214	0	lts_1103L_16_01	16	01	1	113	0	0	0	CR	MAX	airbottle1.jpg	airbottle1.jpg	NOKEY	MAX	NOKEY
1446578500284	0	lts_1103L_16_01	16	01	1	114	2	1	1	Hit	592	2-12/ACLAM.jpg	ACLAM.jpg	SPACE	635	SPACE
1446578503360	0	lts_1103L_16_01	16	01	1	115	0	0	0	CR	MAX	ADART3.jpg	ADART3.jpg	NOKEY	MAX	NOKEY
1446578506436	0	lts_1103L_16_01	16	01	1	116	0	0	0	CR	MAX	4/22826748.thl.jpg	22826748.thl.jpg	NOKEY	MAX	NOKEY
1446578509512	0	lts_1103L_16_01	16	01	1	117	0	0	0	CR	MAX	1/10052787.thm.jpg	10052787.thm.jpg	NOKEY	MAX	NOKEY
1446578510599	0	lts_1103L_16_01	16	01	1	118	1	1	1	Hit	609	1-2/10052787.thm.jpg	10052787.thm.jpg	SPACE	652	SPACE
1446578513674	0	lts_1103L_16_01	16	01	1	119	0	0	0	CR	MAX	ACAFLATT3.jpg	ACAFLATT3.jpg	NOKEY	MAX	NOKEY
1446578514644	0	lts_1103L_16_01	16	01	1	120	4	1	1	Hit	486	4-2/22826748.thl.jpg	22826748.thl.jpg	SPACE	535	SPACE
1446578517720	0	lts_1103L_16_01	16	01	1	121	0	0	0	CR	MAX	15870946.thl.jpg	15870946.thl.jpg	NOKEY	MAX	NOKEY
1446578520796	0	lts_1103L_16_01	16	01	1	122	0	0	0	CR	MAX	128/pretzel.jpg	pretzel.jpg	NOKEY	MAX	NOKEY
1446578523872	0	lts_1103L_16_01	16	01	1	123	0	0	0	CR	MAX	8/26390325.thl.jpg	26390325.thl.jpg	NOKEY	MAX	NOKEY
1446578524959	0	lts_1103L_16_01	16	01	1	124	32	1	1	Hit	616	32-9/AMINICYM6.jpg	AMINICYM6.jpg	SPACE	652	SPACE
1446578528036	0	lts_1103L_16_01	16	01	1	125	0	0	0	CR	MAX	apparatus.jpg	apparatus.jpg	NOKEY	MAX	NOKEY
1446578529006	0	lts_1103L_16_01	16	01	1	126	00	1	1	Hit	489	00-across/AFRAME15.jpg	AFRAME15.jpg	SPACE	534	SPACE
1446578532082	0	lts_1103L_16_01	16	01	1	127	0	0	0	CR	MAX	Achampagnebo2.jpg	Achampagnebo2.jpg	NOKEY	MAX	NOKEY
1446578533068	0	lts_1103L_16_01	16	01	1	128	00	1	1	Hit	501	00-across/AARTMELON.jpg	AARTMELON.jpg	SPACE	551	SPACE
1446578536143	0	lts_1103L_16_01	16	01	1	129	0	0	0	CR	MAX	26375953.thl.jpg	26375953.thl.jpg	NOKEY	MAX	NOKEY
1446578539219	0	lts_1103L_16_01	16	01	1	130	0	0	0	CR	MAX	128/ATVLAMP.jpg	ATVLAMP.jpg	NOKEY	MAX	NOKEY
1446578540239	0	lts_1103L_16_01	16	01	1	131	8	1	1	Hit	551	8-first/26390325.thl.jpg	26390325.thl.jpg	SPACE	585	SPACE
1446578543315	0	lts_1103L_16_01	16	01	1	132	0	0	0	CR	MAX	frog-a.jpg	frog-a.jpg	NOKEY	MAX	NOKEY
1446578544368	0	lts_1103L_16_01	16	01	1	133	64	1	1	Hit	568	64-first/Apurse83.jpg	Apurse83.jpg	SPACE	618	SPACE
1446578547444	0	lts_1103L_16_01	16	01	1	134	0	0	0	CR	MAX	tape-a.jpg	tape-a.jpg	NOKEY	MAX	NOKEY
1446578548414	0	lts_1103L_16_01	16	01	1	135	4	1	1	Hit	491	4-mul/26390325.thl.jpg	26390325.thl.jpg	SPACE	535	SPACE
1446578551490	0	lts_1103L_16_01	16	01	1	136	0	0	0	CR	MAX	128/retainertheeth.jpg	retainertheeth.jpg	NOKEY	MAX	NOKEY
1446578552426	0	lts_1103L_16_01	16	01	1	137	4	1	1	Hit	464	4-mul/Apurse83.jpg	Apurse83.jpg	SPACE	502	SPACE
1446578555502	0	lts_1103L_16_01	16	01	1	138	0	0	0	CR	MAX	Aplasticbott3.jpg	Aplasticbott3.jpg	NOKEY	MAX	NOKEY
1446578558578	0	lts_1103L_16_01	16	01	1	139	0	0	0	CR	MAX	Ahulahoop2.jpg	Ahulahoop2.jpg	NOKEY	MAX	NOKEY
1446578561654	0	lts_1103L_16_01	16	01	1	140	0	0	0	CR	MAX	1/clothpiece.jpg	clothpiece.jpg	NOKEY	MAX	NOKEY
1446578562775	0	lts_1103L_16_01	16	01	1	141	1	1	1	Hit	644	1-14/clothpiece.jpg	clothpiece.jpg	SPACE	685	SPACE
1446578565867	0	lts_1103L_16_01	16	01	1	142	0	0	0	CR	MAX	2/Atoydoll12.jpg	Atoydoll12.jpg	NOKEY	MAX	NOKEY
1446578568943	0	lts_1103L_16_01	16	01	1	143	0	0	0	CR	MAX	ADRUM12.jpg	ADRUM12.jpg	NOKEY	MAX	NOKEY
1446578569779	0	lts_1103L_16_01	16	01	1	144	2	1	1	Hit	359	2-7/Atoydoll12.jpg	Atoydoll12.jpg	SPACE	401	SPACE
1446578572855	0	lts_1103L_16_01	16	01	1	145	0	0	0	CR	MAX	4/origami.jpg	origami.jpg	NOKEY	MAX	NOKEY
1446578575931	0	lts_1103L_16_01	16	01	1	146	0	0	0	CR	MAX	Afeatherdust2.jpg	Afeatherdust2.jpg	NOKEY	MAX	NOKEY
1446578579009	0	lts_1103L_16_01	16	01	1	147	0	0	0	CR	MAX	8/snail.jpg	snail.jpg	NOKEY	MAX	NOKEY
1446578582085	0	lts_1103L_16_01	16	01	1	148	0	0	0	CR	MAX	razorscooter.jpg	razorscooter.jpg	NOKEY	MAX	NOKEY
1446578583104	0	lts_1103L_16_01	16	01	1	149	4	1	1	Hit	534	4-1/origami.jpg	origami.jpg	SPACE	584	SPACE
1446578586179	0	lts_1103L_16_01	16	01	1	150	0	0	0	CR	MAX	Abasketandch2.jpg	Abasketandch2.jpg	NOKEY	MAX	NOKEY
1446578587350	0	lts_1103L_16_01	16	01	1	151	00	1	1	Hit	686	00-across/ASMOKMEAT.jpg	ASMOKMEAT.jpg	SPACE	735	SPACE
1446578590426	0	lts_1103L_16_01	16	01	1	152	0	0	0	CR	MAX	1/ACOFFPOT7.jpg	ACOFFPOT7.jpg	NOKEY	MAX	NOKEY
1446578591379	0	lts_1103L_16_01	16	01	1	153	1	1	1	Hit	468	1-10/ACOFFPOT7.jpg	ACOFFPOT7.jpg	SPACE	518	SPACE
1446578594455	0	lts_1103L_16_01	16	01	1	154	0	0	0	CR	MAX	64/ABOOK23.jpg	ABOOK23.jpg	NOKEY	MAX	NOKEY
1446578595441	0	lts_1103L_16_01	16	01	1	155	8	1	1	Hit	511	8-first/snail.jpg	snail.jpg	SPACE	553	SPACE
1446578598517	0	lts_1103L_16_01	16	01	1	156	0	0	0	CR	MAX	Aglass58.jpg	Aglass58.jpg	NOKEY	MAX	NOKEY
1446578601593	0	lts_1103L_16_01	16	01	1	157	0	0	0	CR	MAX	4/8019684.thl.jpg	8019684.thl.jpg	NOKEY	MAX	NOKEY
1446578602596	0	lts_1103L_16_01	16	01	1	158	00	1	1	Hit	526	00-across/Acocktailumb4.jpg	Acocktailumb4.jpg	SPACE	568	SPACE
1446578605672	0	lts_1103L_16_01	16	01	1	159	0	0	0	CR	MAX	Acheque.jpg	Acheque.jpg	NOKEY	MAX	NOKEY
1446578608748	0	lts_1103L_16_01	16	01	1	160	0	0	0	CR	MAX	pinecone02.jpg	pinecone02.jpg	NOKEY	MAX	NOKEY
1446578609735	0	lts_1103L_16_01	16	01	1	161	4	1	1	Hit	501	4-6/8019684.thl.jpg	8019684.thl.jpg	SPACE	552	SPACE
1446578612811	0	lts_1103L_16_01	16	01	1	162	0	0	0	CR	MAX	1/Abicyclepump2.jpg	Abicyclepump2.jpg	NOKEY	MAX	NOKEY
1446578613747	0	lts_1103L_16_01	16	01	1	163	1	1	1	Hit	462	1-9/Abicyclepump2.jpg	Abicyclepump2.jpg	SPACE	502	SPACE
1446578616823	0	lts_1103L_16_01	16	01	1	164	0	0	0	CR	MAX	22861656.thl.jpg	22861656.thl.jpg	NOKEY	MAX	NOKEY
1446578619899	0	lts_1103L_16_01	16	01	1	165	0	0	0	CR	MAX	8253370.thl.jpg	8253370.thl.jpg	NOKEY	MAX	NOKEY
1446578622975	0	lts_1103L_16_01	16	01	1	166	0	0	0	CR	MAX	Alifebuo3.jpg	Alifebuo3.jpg	NOKEY	MAX	NOKEY
1446578626052	0	lts_1103L_16_01	16	01	1	167	0	0	0	CR	MAX	AFOUNTAI5.jpg	AFOUNTAI5.jpg	NOKEY	MAX	NOKEY
1446578627089	0	lts_1103L_16_01	16	01	1	168	128	1	1	Hit	563	128-0/AWASHCLOT.jpg	AWASHCLOT.jpg	SPACE	601	SPACE
1446578630164	0	lts_1103L_16_01	16	01	1	169	0	0	0	CR	MAX	Acatstatue3.jpg	Acatstatue3.jpg	NOKEY	MAX	NOKEY
1446578633240	0	lts_1103L_16_01	16	01	1	170	0	0	0	CR	MAX	carbattery.jpg	carbattery.jpg	NOKEY	MAX	NOKEY
1446578634210	0	lts_1103L_16_01	16	01	1	171	16	1	1	Hit	485	16-mul/snail.jpg	snail.jpg	SPACE	535	SPACE
1446578637286	0	lts_1103L_16_01	16	01	1	172	0	0	0	CR	MAX	Anailpolish.jpg	Anailpolish.jpg	NOKEY	MAX	NOKEY
1446578640362	0	lts_1103L_16_01	16	01	1	173	0	0	0	CR	MAX	Aseahorse4.jpg	Aseahorse4.jpg	NOKEY	MAX	NOKEY
1446578643438	0	lts_1103L_16_01	16	01	1	174	0	0	0	CR	MAX	Abulbprotect2.jpg	Abulbprotect2.jpg	NOKEY	MAX	NOKEY
1446578646514	0	lts_1103L_16_01	16	01	1	175	0	0	0	CR	MAX	35310260.thl.jpg	35310260.thl.jpg	NOKEY	MAX	NOKEY
1446578649590	0	lts_1103L_16_01	16	01	1	176	0	0	0	CR	MAX	ACREAME11.jpg	ACREAME11.jpg	NOKEY	MAX	NOKEY
1446578652666	0	lts_1103L_16_01	16	01	1	177	0	0	0	CR	MAX	8/AGLASSFL4.jpg	AGLASSFL4.jpg	NOKEY	MAX	NOKEY
1446578655759	0	lts_1103L_16_01	16	01	1	178	0	0	0	CR	MAX	4/23007415.thl.jpg	23007415.thl.jpg	NOKEY	MAX	NOKEY
1446578658835	0	lts_1103L_16_01	16	01	1	179	0	0	0	CR	MAX	ASALTPEPP.jpg	ASALTPEPP.jpg	NOKEY	MAX	NOKEY
1446578661911	0	lts_1103L_16_01	16	01	1	180	0	0	0	CR	MAX	Aruler16.jpg	Aruler16.jpg	NOKEY	MAX	NOKEY
1446578664987	0	lts_1103L_16_01	16	01	1	181	0	0	0	CR	MAX	Acomputerbag.jpg	Acomputerbag.jpg	NOKEY	MAX	NOKEY
1446578666058	0	lts_1103L_16_01	16	01	1	182	4	1	1	Hit	589	4-8/23007415.thl.jpg	23007415.thl.jpg	SPACE	635	SPACE
1446578669133	0	lts_1103L_16_01	16	01	1	183	0	0	0	CR	MAX	Aspraybottle4.jpg	Aspraybottle4.jpg	NOKEY	MAX	NOKEY
1446578672209	0	lts_1103L_16_01	16	01	1	184	0	0	0	CR	MAX	8/Abarn4.jpg	Abarn4.jpg	NOKEY	MAX	NOKEY
1446578673162	0	lts_1103L_16_01	16	01	1	185	8	1	1	Hit	471	8-first/AGLASSFL4.jpg	AGLASSFL4.jpg	SPACE	519	SPACE
1446578676238	0	lts_1103L_16_01	16	01	1	186	0	0	0	CR	MAX	Aancientston3.jpg	Aancientston3.jpg	NOKEY	MAX	NOKEY
1446578679314	0	lts_1103L_16_01	16	01	1	187	0	0	0	CR	MAX	8255030.thl.jpg	8255030.thl.jpg	NOKEY	MAX	NOKEY
1446578682390	0	lts_1103L_16_01	16	01	1	188	0	0	0	CR	MAX	16/AMEATGRI9.jpg	AMEATGRI9.jpg	NOKEY	MAX	NOKEY
1446578685466	0	lts_1103L_16_01	16	01	1	189	0	0	0	CR	MAX	Brusselssprouts.jpg	Brusselssprouts.jpg	NOKEY	MAX	NOKEY
1446578688542	0	lts_1103L_16_01	16	01	1	190	0	0	0	CR	MAX	64/BattleStar.jpg	BattleStar.jpg	NOKEY	MAX	NOKEY
1446578691618	0	lts_1103L_16_01	16	01	1	191	0	0	0	CR	MAX	hurdle.jpg	hurdle.jpg	NOKEY	MAX	NOKEY
1446578692605	0	lts_1103L_16_01	16	01	1	192	8	1	1	Hit	509	8-first/Abarn4.jpg	Abarn4.jpg	SPACE	551	SPACE
1446578695681	0	lts_1103L_16_01	16	01	1	193	0	0	0	CR	MAX	AHARPSIC5.jpg	AHARPSIC5.jpg	NOKEY	MAX	NOKEY
1446578696600	0	lts_1103L_16_01	16	01	1	194	2	1	1	Hit	449	2-mul/Abarn4.jpg	Abarn4.jpg	SPACE	485	SPACE
1446578699676	0	lts_1103L_16_01	16	01	1	195	0	0	0	CR	MAX	26374713.thl.jpg	26374713.thl.jpg	NOKEY	MAX	NOKEY
1446578702752	0	lts_1103L_16_01	16	01	1	196	0	0	0	CR	MAX	Amixer29.jpg	Amixer29.jpg	NOKEY	MAX	NOKEY
1446578703655	0	lts_1103L_16_01	16	01	1	197	00	1	1	Hit	421	00-across/Acocktailumb4.jpg	Acocktailumb4.jpg	SPACE	468	SPACE
1446578706731	0	lts_1103L_16_01	16	01	1	198	0	0	0	CR	MAX	AELEMENT2.jpg	AELEMENT2.jpg	NOKEY	MAX	NOKEY
1446578709807	0	lts_1103L_16_01	16	01	1	199	0	0	0	CR	MAX	Aasianbuildin.jpg	Aasianbuildin.jpg	NOKEY	MAX	NOKEY
1446578712883	0	lts_1103L_16_01	16	01	1	200	0	0	0	CR	MAX	26384871.thl.jpg	26384871.thl.jpg	NOKEY	MAX	NOKEY
1446578713886	0	lts_1103L_16_01	16	01	1	201	16	1	1	Hit	530	16-mul/AGLASSFL4.jpg	AGLASSFL4.jpg	SPACE	568	SPACE
1446578716962	0	lts_1103L_16_01	16	01	1	202	0	0	0	CR	MAX	ABREASPU2.jpg	ABREASPU2.jpg	NOKEY	MAX	NOKEY
1446578720039	0	lts_1103L_16_01	16	01	1	203	0	0	0	CR	MAX	26429130.thl.jpg	26429130.thl.jpg	NOKEY	MAX	NOKEY
1446578721209	0	lts_1103L_16_01	16	01	1	204	16	1	1	Hit	690	16-first/AMEATGRI9.jpg	AMEATGRI9.jpg	SPACE	734	SPACE
1446578724285	0	lts_1103L_16_01	16	01	1	205	0	0	0	CR	MAX	4/erasergum.jpg	erasergum.jpg	NOKEY	MAX	NOKEY
1446578725238	0	lts_1103L_16_01	16	01	1	206	2	1	1	Hit	480	2-mul/AMEATGRI9.jpg	AMEATGRI9.jpg	SPACE	518	SPACE
1446578728314	0	lts_1103L_16_01	16	01	1	207	0	0	0	CR	MAX	32/22869912.thl.jpg	22869912.thl.jpg	NOKEY	MAX	NOKEY
1446578731390	0	lts_1103L_16_01	16	01	1	208	0	0	0	CR	MAX	hairbarette.jpg	hairbarette.jpg	NOKEY	MAX	NOKEY
1446578732326	0	lts_1103L_16_01	16	01	1	209	4	1	1	Hit	465	4-12/erasergum.jpg	erasergum.jpg	SPACE	502	SPACE
1446578735402	0	lts_1103L_16_01	16	01	1	210	0	0	0	CR	MAX	ice.jpg	ice.jpg	NOKEY	MAX	NOKEY
1446578738478	0	lts_1103L_16_01	16	01	1	211	0	0	0	CR	MAX	ABUSTFOR7.jpg	ABUSTFOR7.jpg	NOKEY	MAX	NOKEY
1446578741554	0	lts_1103L_16_01	16	01	1	212	0	0	0	CR	MAX	Abootscrubber.jpg	Abootscrubber.jpg	NOKEY	MAX	NOKEY
1446578744630	0	lts_1103L_16_01	16	01	1	213	0	0	0	CR	MAX	26426317.thl.jpg	26426317.thl.jpg	NOKEY	MAX	NOKEY
1446578747706	0	lts_1103L_16_01	16	01	1	214	0	0	0	CR	MAX	16/gingerbreadcookie.jpg	gingerbreadcookie.jpg	NOKEY	MAX	NOKEY
1446578750782	0	lts_1103L_16_01	16	01	1	215	0	0	0	CR	MAX	Aclimbingtool.jpg	Aclimbingtool.jpg	NOKEY	MAX	NOKEY
1446578753858	0	lts_1103L_16_01	16	01	1	216	0	0	0	CR	MAX	16/Abib2.jpg	Abib2.jpg	NOKEY	MAX	NOKEY
1446578756935	0	lts_1103L_16_01	16	01	1	217	0	0	0	CR	MAX	8029703.thl.jpg	8029703.thl.jpg	NOKEY	MAX	NOKEY
1446578758056	0	lts_1103L_16_01	16	01	1	218	64	1	1	Hit	649	64-first/ABOOK23.jpg	ABOOK23.jpg	SPACE	685	SPACE
1446578761131	0	lts_1103L_16_01	16	01	1	219	0	0	0	CR	MAX	4/22908308.thl.jpg	22908308.thl.jpg	NOKEY	MAX	NOKEY
1446578762068	0	lts_1103L_16_01	16	01	1	220	2	1	1	Hit	465	2-mul/ABOOK23.jpg	ABOOK23.jpg	SPACE	502	SPACE
1446578765143	0	lts_1103L_16_01	16	01	1	221	0	0	0	CR	MAX	Aashtray67.jpg	Aashtray67.jpg	NOKEY	MAX	NOKEY
1446578768219	0	lts_1103L_16_01	16	01	1	222	0	0	0	CR	MAX	ASERVICEB.jpg	ASERVICEB.jpg	NOKEY	MAX	NOKEY
1446578769172	0	lts_1103L_16_01	16	01	1	223	4	1	1	Hit	477	4-3/22908308.thl.jpg	22908308.thl.jpg	SPACE	519	SPACE
1446578772248	0	lts_1103L_16_01	16	01	1	224	0	0	0	CR	MAX	26439898.thl.jpg	26439898.thl.jpg	NOKEY	MAX	NOKEY
1446578775324	0	lts_1103L_16_01	16	01	1	225	0	0	0	CR	MAX	ABPIECE2.jpg	ABPIECE2.jpg	NOKEY	MAX	NOKEY
1446578778400	0	lts_1103L_16_01	16	01	1	226	0	0	0	CR	MAX	AOVALFRAM.jpg	AOVALFRAM.jpg	NOKEY	MAX	NOKEY
1446578781476	0	lts_1103L_16_01	16	01	1	227	0	0	0	CR	MAX	AEARING49.jpg	AEARING49.jpg	NOKEY	MAX	NOKEY
1446578782529	0	lts_1103L_16_01	16	01	1	228	128	1	1	Hit	585	128-5/ATOOTHBR3.jpg	ATOOTHBR3.jpg	SPACE	619	SPACE
1446578785605	0	lts_1103L_16_01	16	01	1	229	0	0	0	CR	MAX	ATIE16.jpg	ATIE16.jpg	NOKEY	MAX	NOKEY
1446578786575	0	lts_1103L_16_01	16	01	1	230	16	1	1	Hit	487	16-first/gingerbreadcookie.jpg	gingerbreadcookie.jpg	SPACE	535	SPACE
1446578789651	0	lts_1103L_16_01	16	01	1	231	0	0	0	CR	MAX	A1OCLOC2.jpg	A1OCLOC2.jpg	NOKEY	MAX	NOKEY
1446578790721	0	lts_1103L_16_01	16	01	1	232	16	1	1	Hit	590	16-first/Abib2.jpg	Abib2.jpg	SPACE	635	SPACE
1446578793797	0	lts_1103L_16_01	16	01	1	233	0	0	0	CR	MAX	Acampingstov9.jpg	Acampingstov9.jpg	NOKEY	MAX	NOKEY
1446578794783	0	lts_1103L_16_01	16	01	1	234	4	1	1	Hit	514	4-mul/gingerbreadcookie.jpg	gingerbreadcookie.jpg	SPACE	551	SPACE
1446578797860	0	lts_1103L_16_01	16	01	1	235	0	0	0	CR	MAX	64/Arack3.jpg	Arack3.jpg	NOKEY	MAX	NOKEY
1446578798762	0	lts_1103L_16_01	16	01	1	236	4	1	1	Hit	424	4-mul/Abib2.jpg	Abib2.jpg	SPACE	468	SPACE
1446578801838	0	lts_1103L_16_01	16	01	1	237	0	0	0	CR	MAX	AIVORSUIT.jpg	AIVORSUIT.jpg	NOKEY	MAX	NOKEY
1446578804914	0	lts_1103L_16_01	16	01	1	238	0	0	0	CR	MAX	4/26419670.thl.jpg	26419670.thl.jpg	NOKEY	MAX	NOKEY
1446578806002	0	lts_1103L_16_01	16	01	1	239	32	1	1	Hit	610	32-0/22869912.thl.jpg	22869912.thl.jpg	SPACE	652	SPACE
1446578809078	0	lts_1103L_16_01	16	01	1	240	0	0	0	CR	MAX	AROBES4.jpg	AROBES4.jpg	NOKEY	MAX	NOKEY
1446578812153	0	lts_1103L_16_01	16	01	1	241	0	0	0	CR	MAX	26772987.thl.jpg	26772987.thl.jpg	NOKEY	MAX	NOKEY
1446578813273	0	lts_1103L_16_01	16	01	1	242	4	1	1	Hit	650	4-9/26419670.thl.jpg	26419670.thl.jpg	SPACE	685	SPACE
1446578816349	0	lts_1103L_16_01	16	01	1	243	0	0	0	CR	MAX	Aseal3.jpg	Aseal3.jpg	NOKEY	MAX	NOKEY
1446578819425	0	lts_1103L_16_01	16	01	1	244	0	0	0	CR	MAX	Achickendinne.jpg	Achickendinne.jpg	NOKEY	MAX	NOKEY
1446578822502	0	lts_1103L_16_01	16	01	1	245	0	0	0	CR	MAX	64/batslct.jpg	batslct.jpg	NOKEY	MAX	NOKEY
1446578825578	0	lts_1103L_16_01	16	01	1	246	0	0	0	CR	MAX	2/catslmifru.jpg	catslmifru.jpg	NOKEY	MAX	NOKEY
1446578828654	0	lts_1103L_16_01	16	01	1	247	0	0	0	CR	MAX	Acomputerdriv.jpg	Acomputerdriv.jpg	NOKEY	MAX	NOKEY
1446578829707	0	lts_1103L_16_01	16	01	1	248	2	1	1	Hit	576	2-0/catslmifru.jpg	catslmifru.jpg	SPACE	619	SPACE
1446578832783	0	lts_1103L_16_01	16	01	1	249	0	0	0	CR	MAX	AALARMSY5.jpg	AALARMSY5.jpg	NOKEY	MAX	NOKEY
1446578833870	0	lts_1103L_16_01	16	01	1	250	128	1	1	Hit	611	128-1/pretzel.jpg	pretzel.jpg	SPACE	652	SPACE
1446578836946	0	lts_1103L_16_01	16	01	1	251	0	0	0	CR	MAX	26428593.thl.jpg	26428593.thl.jpg	NOKEY	MAX	NOKEY
1446578840023	0	lts_1103L_16_01	16	01	1	252	0	0	0	CR	MAX	8/23029830.thl.jpg	23029830.thl.jpg	NOKEY	MAX	NOKEY
1446578843099	0	lts_1103L_16_01	16	01	1	253	0	0	0	CR	MAX	26374899.thl.jpg	26374899.thl.jpg	NOKEY	MAX	NOKEY
1446578844285	0	lts_1103L_16_01	16	01	1	254	64	1	1	Hit	704	64-first/BattleStar.jpg	BattleStar.jpg	SPACE	752	SPACE
1446578847361	0	lts_1103L_16_01	16	01	1	255	0	0	0	CR	MAX	8076304.thl.jpg	8076304.thl.jpg	NOKEY	MAX	NOKEY
1446578850437	0	lts_1103L_16_01	16	01	1	256	0	0	0	CR	MAX	AALFALFA.jpg	AALFALFA.jpg	NOKEY	MAX	NOKEY
1446578853513	0	lts_1103L_16_01	16	01	1	257	0	0	0	CR	MAX	128/brownie.jpg	brownie.jpg	NOKEY	MAX	NOKEY
1446578854683	0	lts_1103L_16_01	16	01	1	258	128	1	1	Hit	691	128-3/ATVLAMP.jpg	ATVLAMP.jpg	SPACE	736	SPACE
1446578857759	0	lts_1103L_16_01	16	01	1	259	0	0	0	CR	MAX	128/23063814.thl.jpg	23063814.thl.jpg	NOKEY	MAX	NOKEY
1446578858729	0	lts_1103L_16_01	16	01	1	260	8	1	1	Hit	486	8-0/23029830.thl.jpg	23029830.thl.jpg	SPACE	535	SPACE
1446578861805	0	lts_1103L_16_01	16	01	1	261	0	0	0	CR	MAX	1/22924880.thl.jpg	22924880.thl.jpg	NOKEY	MAX	NOKEY
1446578862775	0	lts_1103L_16_01	16	01	1	262	1	1	1	Hit	487	1-1/22924880.thl.jpg	22924880.thl.jpg	SPACE	535	SPACE
1446578865851	0	lts_1103L_16_01	16	01	1	263	0	0	0	CR	MAX	ADOUBHOOK.jpg	ADOUBHOOK.jpg	NOKEY	MAX	NOKEY
1446578866904	0	lts_1103L_16_01	16	01	1	264	128	1	1	Hit	579	128-2/retainertheeth.jpg	retainertheeth.jpg	SPACE	619	SPACE
1446578869980	0	lts_1103L_16_01	16	01	1	265	0	0	0	CR	MAX	32/10049193.thl.jpg	10049193.thl.jpg	NOKEY	MAX	NOKEY
1446578873057	0	lts_1103L_16_01	16	01	1	266	0	0	0	CR	MAX	8/26375982.thl.jpg	26375982.thl.jpg	NOKEY	MAX	NOKEY
1446578876132	0	lts_1103L_16_01	16	01	1	267	0	0	0	CR	MAX	ABLACKB12.jpg	ABLACKB12.jpg	NOKEY	MAX	NOKEY
1446578879208	0	lts_1103L_16_01	16	01	1	268	0	0	0	CR	MAX	26378596.thl.jpg	26378596.thl.jpg	NOKEY	MAX	NOKEY
1446578882284	0	lts_1103L_16_01	16	01	1	269	0	0	0	CR	MAX	Ashoeform2.jpg	Ashoeform2.jpg	NOKEY	MAX	NOKEY
1446578883271	0	lts_1103L_16_01	16	01	1	270	16	1	1	Hit	514	16-mul/BattleStar.jpg	BattleStar.jpg	SPACE	551	SPACE
1446578886347	0	lts_1103L_16_01	16	01	1	271	0	0	0	CR	MAX	64/ABROWNBAG.jpg	ABROWNBAG.jpg	NOKEY	MAX	NOKEY
1446578889423	0	lts_1103L_16_01	16	01	1	272	0	0	0	CR	MAX	AMILMARK2.jpg	AMILMARK2.jpg	NOKEY	MAX	NOKEY
1446578892499	0	lts_1103L_16_01	16	01	1	273	0	0	0	CR	MAX	fireextinguisher.jpg	fireextinguisher.jpg	NOKEY	MAX	NOKEY
1446578893485	0	lts_1103L_16_01	16	01	1	274	8	1	1	Hit	516	8-first/26375982.thl.jpg	26375982.thl.jpg	SPACE	553	SPACE
1446578896561	0	lts_1103L_16_01	16	01	1	275	0	0	0	CR	MAX	4/ATOOHOLDE.jpg	ATOOHOLDE.jpg	NOKEY	MAX	NOKEY
1446578897531	0	lts_1103L_16_01	16	01	1	276	2	1	1	Hit	494	2-mul/26375982.thl.jpg	26375982.thl.jpg	SPACE	536	SPACE
1446578900607	0	lts_1103L_16_01	16	01	1	277	0	0	0	CR	MAX	22923440.thl.jpg	22923440.thl.jpg	NOKEY	MAX	NOKEY
1446578903683	0	lts_1103L_16_01	16	01	1	278	0	0	0	CR	MAX	gymbars.jpg	gymbars.jpg	NOKEY	MAX	NOKEY
1446578904653	0	lts_1103L_16_01	16	01	1	279	4	1	1	Hit	491	4-10/ATOOHOLDE.jpg	ATOOHOLDE.jpg	SPACE	535	SPACE
1446578907729	0	lts_1103L_16_01	16	01	1	280	0	0	0	CR	MAX	Athreeholepu6.jpg	Athreeholepu6.jpg	NOKEY	MAX	NOKEY
1446578910805	0	lts_1103L_16_01	16	01	1	281	0	0	0	CR	MAX	2/sntslrc.jpg	sntslrc.jpg	NOKEY	MAX	NOKEY
1446578913881	0	lts_1103L_16_01	16	01	1	282	0	0	0	CR	MAX	Acamcorde.jpg	Acamcorde.jpg	NOKEY	MAX	NOKEY
1446578915019	0	lts_1103L_16_01	16	01	1	283	2	1	1	Hit	657	2-6/sntslrc.jpg	sntslrc.jpg	SPACE	702	SPACE
1446578918095	0	lts_1103L_16_01	16	01	1	284	0	0	0	CR	MAX	AWALKTA25.jpg	AWALKTA25.jpg	NOKEY	MAX	NOKEY
1446578921170	0	lts_1103L_16_01	16	01	1	285	0	0	0	CR	MAX	ACONSTRU9.jpg	ACONSTRU9.jpg	NOKEY	MAX	NOKEY
1446578924246	0	lts_1103L_16_01	16	01	1	286	0	0	0	CR	MAX	8/AMECHSOCK.jpg	AMECHSOCK.jpg	NOKEY	MAX	NOKEY
1446578927322	0	lts_1103L_16_01	16	01	1	287	0	0	0	CR	MAX	1/D_dumpster.jpg	D_dumpster.jpg	NOKEY	MAX	NOKEY
1446578928325	0	lts_1103L_16_01	16	01	1	288	1	1	1	Hit	521	1-8/D_dumpster.jpg	D_dumpster.jpg	SPACE	569	SPACE
1446578931401	0	lts_1103L_16_01	16	01	1	289	0	0	0	CR	MAX	2/Aroadsignind3.jpg	Aroadsignind3.jpg	NOKEY	MAX	NOKEY
1446578934477	0	lts_1103L_16_01	16	01	1	290	0	0	0	CR	MAX	128/Aowl8.jpg	Aowl8.jpg	NOKEY	MAX	NOKEY
1446578935330	0	lts_1103L_16_01	16	01	1	291	2	1	1	Hit	378	2-3/Aroadsignind3.jpg	Aroadsignind3.jpg	SPACE	417	SPACE
1446578938406	0	lts_1103L_16_01	16	01	1	292	0	0	0	CR	MAX	ABOXVIALS.jpg	ABOXVIALS.jpg	NOKEY	MAX	NOKEY
1446578941482	0	lts_1103L_16_01	16	01	1	293	0	0	0	CR	MAX	AFORKLIF2.jpg	AFORKLIF2.jpg	NOKEY	MAX	NOKEY
1446578942468	0	lts_1103L_16_01	16	01	1	294	8	1	1	Hit	517	8-1/AMECHSOCK.jpg	AMECHSOCK.jpg	SPACE	553	SPACE
1446578945544	0	lts_1103L_16_01	16	01	1	295	0	0	0	CR	MAX	AAXE4.jpg	AAXE4.jpg	NOKEY	MAX	NOKEY
1446578948620	0	lts_1103L_16_01	16	01	1	296	0	0	0	CR	MAX	ASNBRD2.jpg	ASNBRD2.jpg	NOKEY	MAX	NOKEY
1446578949657	0	lts_1103L_16_01	16	01	1	297	32	1	1	Hit	552	32-1/10049193.thl.jpg	10049193.thl.jpg	SPACE	602	SPACE
1446578952733	0	lts_1103L_16_01	16	01	1	298	0	0	0	CR	MAX	8021515.thl.jpg	8021515.thl.jpg	NOKEY	MAX	NOKEY
1446578953836	0	lts_1103L_16_01	16	01	1	299	64	1	1	Hit	634	64-first/Arack3.jpg	Arack3.jpg	SPACE	669	SPACE
1446578956912	0	lts_1103L_16_01	16	01	1	300	0	0	0	CR	MAX	Aboardgame2.jpg	Aboardgame2.jpg	NOKEY	MAX	NOKEY
1446578959988	0	lts_1103L_16_01	16	01	1	301	0	0	0	CR	MAX	64/knife01.jpg	knife01.jpg	NOKEY	MAX	NOKEY
1446578963065	0	lts_1103L_16_01	16	01	1	302	0	0	0	CR	MAX	blueberriespack.jpg	blueberriespack.jpg	NOKEY	MAX	NOKEY
1446578964018	0	lts_1103L_16_01	16	01	1	303	4	1	1	Hit	469	4-mul/Arack3.jpg	Arack3.jpg	SPACE	517	SPACE
1446578967094	0	lts_1103L_16_01	16	01	1	304	0	0	0	CR	MAX	ABOOTCRA5.jpg	ABOOTCRA5.jpg	NOKEY	MAX	NOKEY
1446578970169	0	lts_1103L_16_01	16	01	1	305	0	0	0	CR	MAX	AGOLDCUP6.jpg	AGOLDCUP6.jpg	NOKEY	MAX	NOKEY
1446578973246	0	lts_1103L_16_01	16	01	1	306	0	0	0	CR	MAX	Adecorativet3.jpg	Adecorativet3.jpg	NOKEY	MAX	NOKEY
1446578976322	0	lts_1103L_16_01	16	01	1	307	0	0	0	CR	MAX	16/26372690.thl.jpg	26372690.thl.jpg	NOKEY	MAX	NOKEY
1446578979398	0	lts_1103L_16_01	16	01	1	308	0	0	0	CR	MAX	workbench.jpg	workbench.jpg	NOKEY	MAX	NOKEY
1446578980401	0	lts_1103L_16_01	16	01	1	309	64	1	1	Hit	531	64-first/batslct.jpg	batslct.jpg	SPACE	569	SPACE
1446578983477	0	lts_1103L_16_01	16	01	1	310	0	0	0	CR	MAX	ADEEPFRY5.jpg	ADEEPFRY5.jpg	NOKEY	MAX	NOKEY
1446578984396	0	lts_1103L_16_01	16	01	1	311	2	1	1	Hit	441	2-mul/batslct.jpg	batslct.jpg	SPACE	485	SPACE
1446578987472	0	lts_1103L_16_01	16	01	1	312	0	0	0	CR	MAX	16/ATOWER3.jpg	ATOWER3.jpg	NOKEY	MAX	NOKEY
1446578990548	0	lts_1103L_16_01	16	01	1	313	0	0	0	CR	MAX	AOPGLASS.jpg	AOPGLASS.jpg	NOKEY	MAX	NOKEY
1446578993624	0	lts_1103L_16_01	16	01	1	314	0	0	0	CR	MAX	strawberrytart.jpg	strawberrytart.jpg	NOKEY	MAX	NOKEY
1446578996700	0	lts_1103L_16_01	16	01	1	315	0	0	0	CR	MAX	ABALLBEAR.jpg	ABALLBEAR.jpg	NOKEY	MAX	NOKEY
1446578997754	0	lts_1103L_16_01	16	01	1	316	00	1	1	Hit	568	00-across/Ahalfchoc.jpg	Ahalfchoc.jpg	SPACE	619	SPACE
1446579000830	0	lts_1103L_16_01	16	01	1	317	0	0	0	CR	MAX	Akazoo2.jpg	Akazoo2.jpg	NOKEY	MAX	NOKEY
1446579003906	0	lts_1103L_16_01	16	01	1	318	0	0	0	CR	MAX	1/Awaxlips.jpg	Awaxlips.jpg	NOKEY	MAX	NOKEY
1446579004926	0	lts_1103L_16_01	16	01	1	319	1	1	1	Hit	538	1-3/Awaxlips.jpg	Awaxlips.jpg	SPACE	585	SPACE
1446579008003	0	lts_1103L_16_01	16	01	1	320	0	0	0	CR	MAX	22887480.thl.jpg	22887480.thl.jpg	NOKEY	MAX	NOKEY
1446579011079	0	lts_1103L_16_01	16	01	1	321	0	0	0	CR	MAX	26423242.thl.jpg	26423242.thl.jpg	NOKEY	MAX	NOKEY
1446579014154	0	lts_1103L_16_01	16	01	1	322	0	0	0	CR	MAX	Aantiquepock3.jpg	Aantiquepock3.jpg	NOKEY	MAX	NOKEY
1446579015224	0	lts_1103L_16_01	16	01	1	323	16	1	1	Hit	595	16-first/26372690.thl.jpg	26372690.thl.jpg	SPACE	636	SPACE
1446579018300	0	lts_1103L_16_01	16	01	1	324	0	0	0	CR	MAX	Alanter59.jpg	Alanter59.jpg	NOKEY	MAX	NOKEY
1446579021376	0	lts_1103L_16_01	16	01	1	325	0	0	0	CR	MAX	Azucchini9.jpg	Azucchini9.jpg	NOKEY	MAX	NOKEY
1446579024452	0	lts_1103L_16_01	16	01	1	326	0	0	0	CR	MAX	26432899.thl.jpg	26432899.thl.jpg	NOKEY	MAX	NOKEY
1446579027528	0	lts_1103L_16_01	16	01	1	327	0	0	0	CR	MAX	funlamp.jpg	funlamp.jpg	NOKEY	MAX	NOKEY
1446579028565	0	lts_1103L_16_01	16	01	1	328	16	1	1	Hit	564	16-first/ATOWER3.jpg	ATOWER3.jpg	SPACE	601	SPACE
1446579031641	0	lts_1103L_16_01	16	01	1	329	0	0	0	CR	MAX	AMILPHONE.jpg	AMILPHONE.jpg	NOKEY	MAX	NOKEY
1446579032577	0	lts_1103L_16_01	16	01	1	330	2	1	1	Hit	456	2-mul/ATOWER3.jpg	ATOWER3.jpg	SPACE	502	SPACE
1446579035653	0	lts_1103L_16_01	16	01	1	331	0	0	0	CR	MAX	Adaisies3.jpg	Adaisies3.jpg	NOKEY	MAX	NOKEY
1446579038729	0	lts_1103L_16_01	16	01	1	332	0	0	0	CR	MAX	1/Aexercisemac4.jpg	Aexercisemac4.jpg	NOKEY	MAX	NOKEY
1446579039916	0	lts_1103L_16_01	16	01	1	333	1	1	1	Hit	715	1-12/Aexercisemac4.jpg	Aexercisemac4.jpg	SPACE	753	SPACE
1446579042992	0	lts_1103L_16_01	16	01	1	334	0	0	0	CR	MAX	22825932.thl.jpg	22825932.thl.jpg	NOKEY	MAX	NOKEY
1446579044063	0	lts_1103L_16_01	16	01	1	335	64	1	1	Hit	586	64-first/ABROWNBAG.jpg	ABROWNBAG.jpg	SPACE	634	SPACE
1446579047138	0	lts_1103L_16_01	16	01	1	336	0	0	0	CR	MAX	mouse-a.jpg	mouse-a.jpg	NOKEY	MAX	NOKEY
1446579050214	0	lts_1103L_16_01	16	01	1	337	0	0	0	CR	MAX	36407726.thl.jpg	36407726.thl.jpg	NOKEY	MAX	NOKEY
1446579053290	0	lts_1103L_16_01	16	01	1	338	0	0	0	CR	MAX	32/Acalligraphy2.jpg	Acalligraphy2.jpg	NOKEY	MAX	NOKEY
1446579054260	0	lts_1103L_16_01	16	01	1	339	16	1	1	Hit	497	16-mul/26372690.thl.jpg	26372690.thl.jpg	SPACE	534	SPACE
1446579057336	0	lts_1103L_16_01	16	01	1	340	0	0	0	CR	MAX	16/APIPE8.jpg	APIPE8.jpg	NOKEY	MAX	NOKEY
1446579060429	0	lts_1103L_16_01	16	01	1	341	0	0	0	CR	MAX	8052266.thl.jpg	8052266.thl.jpg	NOKEY	MAX	NOKEY
1446579063505	0	lts_1103L_16_01	16	01	1	342	0	0	0	CR	MAX	Aroadsignin15.jpg	Aroadsignin15.jpg	NOKEY	MAX	NOKEY
1446579066581	0	lts_1103L_16_01	16	01	1	343	0	0	0	CR	MAX	64/8065674.thl.jpg	8065674.thl.jpg	NOKEY	MAX	NOKEY
1446579069657	0	lts_1103L_16_01	16	01	1	344	0	0	0	CR	MAX	Adigitalcamer.jpg	Adigitalcamer.jpg	NOKEY	MAX	NOKEY
1446579072733	0	lts_1103L_16_01	16	01	1	345	0	0	0	CR	MAX	26772997.thl.jpg	26772997.thl.jpg	NOKEY	MAX	NOKEY
1446579075809	0	lts_1103L_16_01	16	01	1	346	0	0	0	CR	MAX	1/8254014.thl.jpg	8254014.thl.jpg	NOKEY	MAX	NOKEY
1446579076795	0	lts_1103L_16_01	16	01	1	347	1	1	1	Hit	511	1-5/8254014.thl.jpg	8254014.thl.jpg	SPACE	552	SPACE
1446579079871	0	lts_1103L_16_01	16	01	1	348	0	0	0	CR	MAX	ADOCKPOST.jpg	ADOCKPOST.jpg	NOKEY	MAX	NOKEY
1446579082947	0	lts_1103L_16_01	16	01	1	349	0	0	0	CR	MAX	26372390.thl.jpg	26372390.thl.jpg	NOKEY	MAX	NOKEY
1446579086024	0	lts_1103L_16_01	16	01	1	350	0	0	0	CR	MAX	4/AOVENMIT5.jpg	AOVENMIT5.jpg	NOKEY	MAX	NOKEY
1446579086976	0	lts_1103L_16_01	16	01	1	351	16	1	1	Hit	469	16-mul/ABROWNBAG.jpg	ABROWNBAG.jpg	SPACE	517	SPACE
1446579090053	0	lts_1103L_16_01	16	01	1	352	0	0	0	CR	MAX	Adolphin3.jpg	Adolphin3.jpg	NOKEY	MAX	NOKEY
1446579093129	0	lts_1103L_16_01	16	01	1	353	0	0	0	CR	MAX	surfboard.JPG	surfboard.JPG	NOKEY	MAX	NOKEY
1446579094165	0	lts_1103L_16_01	16	01	1	354	4	1	1	Hit	561	4-11/AOVENMIT5.jpg	AOVENMIT5.jpg	SPACE	602	SPACE
1446579097241	0	lts_1103L_16_01	16	01	1	355	0	0	0	CR	MAX	ASPOTLIG2.jpg	ASPOTLIG2.jpg	NOKEY	MAX	NOKEY
1446579098227	0	lts_1103L_16_01	16	01	1	356	16	1	1	Hit	508	16-first/APIPE8.jpg	APIPE8.jpg	SPACE	551	SPACE
1446579101303	0	lts_1103L_16_01	16	01	1	357	0	0	0	CR	MAX	1/football.JPG	football.JPG	NOKEY	MAX	NOKEY
1446579102156	0	lts_1103L_16_01	16	01	1	358	1	1	1	Hit	380	1-6/football.JPG	football.JPG	SPACE	418	SPACE
1446579105232	0	lts_1103L_16_01	16	01	1	359	0	0	0	CR	MAX	Abagofpaperfl.jpg	Abagofpaperfl.jpg	NOKEY	MAX	NOKEY
1446579108308	0	lts_1103L_16_01	16	01	1	360	0	0	0	CR	MAX	Adalmatiandog.jpg	Adalmatiandog.jpg	NOKEY	MAX	NOKEY
1446579111384	0	lts_1103L_16_01	16	01	1	361	0	0	0	CR	MAX	AGERMANH4.jpg	AGERMANH4.jpg	NOKEY	MAX	NOKEY
1446579114460	0	lts_1103L_16_01	16	01	1	362	0	0	0	CR	MAX	ADOLL69.jpg	ADOLL69.jpg	NOKEY	MAX	NOKEY
1446579117536	0	lts_1103L_16_01	16	01	1	363	0	0	0	CR	MAX	pajamas.jpg	pajamas.jpg	NOKEY	MAX	NOKEY
1446579120613	0	lts_1103L_16_01	16	01	1	364	0	0	0	CR	MAX	ACOUNTING.jpg	ACOUNTING.jpg	NOKEY	MAX	NOKEY
1446579121866	0	lts_1103L_16_01	16	01	1	365	64	1	1	Hit	772	64-first/knife01.jpg	knife01.jpg	SPACE	819	SPACE
1446579124942	0	lts_1103L_16_01	16	01	1	366	0	0	0	CR	MAX	ACOFFTRA2.jpg	ACOFFTRA2.jpg	NOKEY	MAX	NOKEY
1446579125912	0	lts_1103L_16_01	16	01	1	367	2	1	1	Hit	495	2-mul/knife01.jpg	knife01.jpg	SPACE	535	SPACE
1446579128988	0	lts_1103L_16_01	16	01	1	368	0	0	0	CR	MAX	Aplastictestt.jpg	Aplastictestt.jpg	NOKEY	MAX	NOKEY
1446579132065	0	lts_1103L_16_01	16	01	1	369	0	0	0	CR	MAX	Aorcatoy4.jpg	Aorcatoy4.jpg	NOKEY	MAX	NOKEY
1446579133085	0	lts_1103L_16_01	16	01	1	370	32	1	1	Hit	535	32-2/Acalligraphy2.jpg	Acalligraphy2.jpg	SPACE	584	SPACE
1446579136177	0	lts_1103L_16_01	16	01	1	371	0	0	0	CR	MAX	ABABYSH33.jpg	ABABYSH33.jpg	NOKEY	MAX	NOKEY
1446579137163	0	lts_1103L_16_01	16	01	1	372	16	1	1	Hit	513	16-mul/APIPE8.jpg	APIPE8.jpg	SPACE	552	SPACE
1446579140239	0	lts_1103L_16_01	16	01	1	373	0	0	0	CR	MAX	Acookiecutte3.jpg	Acookiecutte3.jpg	NOKEY	MAX	NOKEY
1446579143315	0	lts_1103L_16_01	16	01	1	374	0	0	0	CR	MAX	26369999.thl.jpg	26369999.thl.jpg	NOKEY	MAX	NOKEY
1446579146391	0	lts_1103L_16_01	16	01	1	375	0	0	0	CR	MAX	16/gymbench.jpg	gymbench.jpg	NOKEY	MAX	NOKEY
1446579149467	0	lts_1103L_16_01	16	01	1	376	0	0	0	CR	MAX	Abicyclebrak4.jpg	Abicyclebrak4.jpg	NOKEY	MAX	NOKEY
1446579152543	0	lts_1103L_16_01	16	01	1	377	0	0	0	CR	MAX	fireking-file-cabinet.jpg	fireking-file-cabinet.jpg	NOKEY	MAX	NOKEY
1446579155619	0	lts_1103L_16_01	16	01	1	378	0	0	0	CR	MAX	M15589.jpg	M15589.jpg	NOKEY	MAX	NOKEY
1446579158696	0	lts_1103L_16_01	16	01	1	379	0	0	0	CR	MAX	ABARROWRE.jpg	ABARROWRE.jpg	NOKEY	MAX	NOKEY
1446579161772	0	lts_1103L_16_01	16	01	1	380	0	0	0	CR	MAX	Ashovel8.jpg	Ashovel8.jpg	NOKEY	MAX	NOKEY
1446579164848	0	lts_1103L_16_01	16	01	1	381	0	0	0	CR	MAX	AHONEYSTI.jpg	AHONEYSTI.jpg	NOKEY	MAX	NOKEY
1446579167924	0	lts_1103L_16_01	16	01	1	382	0	0	0	CR	MAX	Atoymoose.jpg	Atoymoose.jpg	NOKEY	MAX	NOKEY
1446579171000	0	lts_1103L_16_01	16	01	1	383	0	0	0	CR	MAX	Acamera101.jpg	Acamera101.jpg	NOKEY	MAX	NOKEY
1446579174077	0	lts_1103L_16_01	16	01	1	384	0	0	0	CR	MAX	26440261.thl.jpg	26440261.thl.jpg	NOKEY	MAX	NOKEY
1446579175313	0	lts_1103L_16_01	16	01	1	385	128	1	1	Hit	757	128-7/brownie.jpg	brownie.jpg	SPACE	802	SPACE
1446579178389	0	lts_1103L_16_01	16	01	1	386	0	0	0	CR	MAX	AROCKCH27.jpg	AROCKCH27.jpg	NOKEY	MAX	NOKEY
1446579179609	0	lts_1103L_16_01	16	01	1	387	128	1	1	Hit	742	128-4/23063814.thl.jpg	23063814.thl.jpg	SPACE	785	SPACE
1446579182702	0	lts_1103L_16_01	16	01	1	388	0	0	0	CR	MAX	32/AMOSQAMBE.jpg	AMOSQAMBE.jpg	NOKEY	MAX	NOKEY
1446579185778	0	lts_1103L_16_01	16	01	1	389	0	0	0	CR	MAX	Atrap4.jpg	Atrap4.jpg	NOKEY	MAX	NOKEY
1446579188854	0	lts_1103L_16_01	16	01	1	390	0	0	0	CR	MAX	Aplasticbot10.jpg	Aplasticbot10.jpg	NOKEY	MAX	NOKEY
1446579189941	0	lts_1103L_16_01	16	01	1	391	16	1	1	Hit	617	16-first/gymbench.jpg	gymbench.jpg	SPACE	652	SPACE
1446579193018	0	lts_1103L_16_01	16	01	1	392	0	0	0	CR	MAX	ACHANGDIS.jpg	ACHANGDIS.jpg	NOKEY	MAX	NOKEY
1446579194021	0	lts_1103L_16_01	16	01	1	393	2	1	1	Hit	523	2-mul/gymbench.jpg	gymbench.jpg	SPACE	567	SPACE
1446579197097	0	lts_1103L_16_01	16	01	1	394	0	0	0	CR	MAX	ADINROO16.jpg	ADINROO16.jpg	NOKEY	MAX	NOKEY
1446579200172	0	lts_1103L_16_01	16	01	1	395	0	0	0	CR	MAX	Achair618.jpg	Achair618.jpg	NOKEY	MAX	NOKEY
1446579203248	0	lts_1103L_16_01	16	01	1	396	0	0	0	CR	MAX	AGOAT10.jpg	AGOAT10.jpg	NOKEY	MAX	NOKEY
1446579206324	0	lts_1103L_16_01	16	01	1	397	0	0	0	CR	MAX	gingerroot.jpg	gingerroot.jpg	NOKEY	MAX	NOKEY
1446579209400	0	lts_1103L_16_01	16	01	1	398	0	0	0	CR	MAX	2/Acarnivalgame.jpg	Acarnivalgame.jpg	NOKEY	MAX	NOKEY
1446579212477	0	lts_1103L_16_01	16	01	1	399	0	0	0	CR	MAX	AMEASDEVI.jpg	AMEASDEVI.jpg	NOKEY	MAX	NOKEY
1446579213546	0	lts_1103L_16_01	16	01	1	400	2	1	1	Hit	589	2-5/Acarnivalgame.jpg	Acarnivalgame.jpg	SPACE	635	SPACE
1446579216622	0	lts_1103L_16_01	16	01	1	401	0	0	0	CR	MAX	32/Aearsyringe.jpg	Aearsyringe.jpg	NOKEY	MAX	NOKEY
1446579219699	0	lts_1103L_16_01	16	01	1	402	0	0	0	CR	MAX	1/pacifierthermometer.jpg	pacifierthermometer.jpg	NOKEY	MAX	NOKEY
1446579220585	0	lts_1103L_16_01	16	01	1	403	1	1	1	Hit	415	1-11/pacifierthermometer.jpg	pacifierthermometer.jpg	SPACE	452	SPACE
1446579223661	0	lts_1103L_16_01	16	01	1	404	0	0	0	CR	MAX	Abedspringsam.jpg	Abedspringsam.jpg	NOKEY	MAX	NOKEY
1446579226737	0	lts_1103L_16_01	16	01	1	405	0	0	0	CR	MAX	greenbeans.jpg	greenbeans.jpg	NOKEY	MAX	NOKEY
1446579229813	0	lts_1103L_16_01	16	01	1	406	0	0	0	CR	MAX	AKNEEBRA2.jpg	AKNEEBRA2.jpg	NOKEY	MAX	NOKEY
1446579230916	0	lts_1103L_16_01	16	01	1	407	64	1	1	Hit	618	64-first/8065674.thl.jpg	8065674.thl.jpg	SPACE	669	SPACE
1446579233992	0	lts_1103L_16_01	16	01	1	408	0	0	0	CR	MAX	Adayplanner.jpg	Adayplanner.jpg	NOKEY	MAX	NOKEY
1446579237069	0	lts_1103L_16_01	16	01	1	409	0	0	0	CR	MAX	ATRICKTR2.jpg	ATRICKTR2.jpg	NOKEY	MAX	NOKEY
1446579240144	0	lts_1103L_16_01	16	01	1	410	0	0	0	CR	MAX	26379647.thl.jpg	26379647.thl.jpg	NOKEY	MAX	NOKEY
1446579241115	0	lts_1103L_16_01	16	01	1	411	4	1	1	Hit	491	4-mul/8065674.thl.jpg	8065674.thl.jpg	SPACE	535	SPACE
1446579244190	0	lts_1103L_16_01	16	01	1	412	0	0	0	CR	MAX	2/ACANOPEN6.jpg	ACANOPEN6.jpg	NOKEY	MAX	NOKEY
1446579247266	0	lts_1103L_16_01	16	01	1	413	0	0	0	CR	MAX	AFOOTST26.jpg	AFOOTST26.jpg	NOKEY	MAX	NOKEY
1446579248269	0	lts_1103L_16_01	16	01	1	414	2	1	1	Hit	528	2-13/ACANOPEN6.jpg	ACANOPEN6.jpg	SPACE	568	SPACE
1446579251345	0	lts_1103L_16_01	16	01	1	415	0	0	0	CR	MAX	8/26428576.thl.jpg	26428576.thl.jpg	NOKEY	MAX	NOKEY
1446579252449	0	lts_1103L_16_01	16	01	1	416	00	1	1	Hit	619	00-across/Anailscissors.jpg	Anailscissors.jpg	SPACE	669	SPACE
1446579255525	0	lts_1103L_16_01	16	01	1	417	0	0	0	CR	MAX	ACUPBOAR5.jpg	ACUPBOAR5.jpg	NOKEY	MAX	NOKEY
1446579256528	0	lts_1103L_16_01	16	01	1	418	128	1	1	Hit	534	128-6/Aowl8.jpg	Aowl8.jpg	SPACE	570	SPACE
1446579259604	0	lts_1103L_16_01	16	01	1	419	0	0	0	CR	MAX	underwear.jpg	underwear.jpg	NOKEY	MAX	NOKEY
1446579260607	0	lts_1103L_16_01	16	01	1	420	32	1	1	Hit	529	32-3/AMOSQAMBE.jpg	AMOSQAMBE.jpg	SPACE	569	SPACE
1446579263683	0	lts_1103L_16_01	16	01	1	421	0	0	0	CR	MAX	10049566.thl.jpg	10049566.thl.jpg	NOKEY	MAX	NOKEY
1446579266759	0	lts_1103L_16_01	16	01	1	422	0	0	0	CR	MAX	ACHALCED2.jpg	ACHALCED2.jpg	NOKEY	MAX	NOKEY
1446579267745	0	lts_1103L_16_01	16	01	1	423	8	1	1	Hit	502	8-first/26428576.thl.jpg	26428576.thl.jpg	SPACE	551	SPACE
1446579270821	0	lts_1103L_16_01	16	01	1	424	0	0	0	CR	MAX	22991767.thl.jpg	22991767.thl.jpg	NOKEY	MAX	NOKEY
1446579271791	0	lts_1103L_16_01	16	01	1	425	2	1	1	Hit	489	2-mul/26428576.thl.jpg	26428576.thl.jpg	SPACE	535	SPACE
1446579274867	0	lts_1103L_16_01	16	01	1	426	0	0	0	CR	MAX	AHUMIDIFI.jpg	AHUMIDIFI.jpg	NOKEY	MAX	NOKEY
1446579275854	0	lts_1103L_16_01	16	01	1	427	00	1	1	Hit	516	00-across/ASAFE.jpg	ASAFE.jpg	SPACE	551	SPACE
1446579278930	0	lts_1103L_16_01	16	01	1	428	0	0	0	CR	MAX	16/Atoyworm.jpg	Atoyworm.jpg	NOKEY	MAX	NOKEY
1446579282007	0	lts_1103L_16_01	16	01	1	429	0	0	0	CR	MAX	1/26426803.thl.jpg	26426803.thl.jpg	NOKEY	MAX	NOKEY
1446579282942	0	lts_1103L_16_01	16	01	1	430	1	1	1	Hit	459	1-4/26426803.thl.jpg	26426803.thl.jpg	SPACE	501	SPACE
1446579286019	0	lts_1103L_16_01	16	01	1	431	0	0	0	CR	MAX	ABIKLIGHT.jpg	ABIKLIGHT.jpg	NOKEY	MAX	NOKEY
1446579289095	0	lts_1103L_16_01	16	01	1	432	0	0	0	CR	MAX	AWOODSPO3.jpg	AWOODSPO3.jpg	NOKEY	MAX	NOKEY
1446579290164	0	lts_1103L_16_01	16	01	1	433	32	1	1	Hit	584	32-6/Aearsyringe.jpg	Aearsyringe.jpg	SPACE	635	SPACE
1446579293240	0	lts_1103L_16_01	16	01	1	434	0	0	0	CR	MAX	26424291.thl.jpg	26424291.thl.jpg	NOKEY	MAX	NOKEY
1446579296316	0	lts_1103L_16_01	16	01	1	435	0	0	0	CR	MAX	26425025.thl.jpg	26425025.thl.jpg	NOKEY	MAX	NOKEY
1446579299392	0	lts_1103L_16_01	16	01	1	436	0	0	0	CR	MAX	2/Acable14.jpg	Acable14.jpg	NOKEY	MAX	NOKEY
1446579302468	0	lts_1103L_16_01	16	01	1	437	0	0	0	CR	MAX	Aornament89.jpg	Aornament89.jpg	NOKEY	MAX	NOKEY
1446579303455	0	lts_1103L_16_01	16	01	1	438	2	1	1	Hit	516	2-11/Acable14.jpg	Acable14.jpg	SPACE	552	SPACE
1446579306531	0	lts_1103L_16_01	16	01	1	439	0	0	0	CR	MAX	basketball.JPG	basketball.JPG	NOKEY	MAX	NOKEY
1446579309607	0	lts_1103L_16_01	16	01	1	440	0	0	0	CR	MAX	AOLIVE.jpg	AOLIVE.jpg	NOKEY	MAX	NOKEY
1446579312683	0	lts_1103L_16_01	16	01	1	441	0	0	0	CR	MAX	26379430.thl.jpg	26379430.thl.jpg	NOKEY	MAX	NOKEY
1446579315759	0	lts_1103L_16_01	16	01	1	442	0	0	0	CR	MAX	ShoeHorn.jpg	ShoeHorn.jpg	NOKEY	MAX	NOKEY
1446579318835	0	lts_1103L_16_01	16	01	1	443	0	0	0	CR	MAX	34935544.thl.jpg	34935544.thl.jpg	NOKEY	MAX	NOKEY
1446579319855	0	lts_1103L_16_01	16	01	1	444	16	1	1	Hit	550	16-first/Atoyworm.jpg	Atoyworm.jpg	SPACE	585	SPACE
1446579322931	0	lts_1103L_16_01	16	01	1	445	0	0	0	CR	MAX	AFILEFOL4.jpg	AFILEFOL4.jpg	NOKEY	MAX	NOKEY
1446579324151	0	lts_1103L_16_01	16	01	1	446	00	1	1	Hit	749	00-across/Astadium.jpg	Astadium.jpg	SPACE	786	SPACE
1446579327227	0	lts_1103L_16_01	16	01	1	447	0	0	0	CR	MAX	Aconnector2.jpg	Aconnector2.jpg	NOKEY	MAX	NOKEY
1446579328147	0	lts_1103L_16_01	16	01	1	448	4	1	1	Hit	439	4-mul/Atoyworm.jpg	Atoyworm.jpg	SPACE	484	SPACE
1446579331223	0	lts_1103L_16_01	16	01	1	449	0	0	0	CR	MAX	ABISHOP2.jpg	ABISHOP2.jpg	NOKEY	MAX	NOKEY
1446579359506	0	E	Logging Ends
