1446834574245	0	B	Logging Begins
1446834804379	0	lts_1106I_20_01	20	01	0	0	0	0	0	CR	MAX	15870946.thl.jpg	15870946.thl.jpg	NOKEY	MAX	NOKEY
1446834807455	0	lts_1106I_20_01	20	01	0	1	0	0	0	CR	MAX	Aantiquepock3.jpg	Aantiquepock3.jpg	NOKEY	MAX	NOKEY
1446834810531	0	lts_1106I_20_01	20	01	0	2	0	0	0	CR	MAX	Aearth3.jpg	Aearth3.jpg	NOKEY	MAX	NOKEY
1446834813607	0	lts_1106I_20_01	20	01	0	3	0	0	0	CR	MAX	securitycamera.jpg	securitycamera.jpg	NOKEY	MAX	NOKEY
1446834816683	0	lts_1106I_20_01	20	01	0	4	0	0	0	CR	MAX	26433849.thl.jpg	26433849.thl.jpg	NOKEY	MAX	NOKEY
1446834819759	0	lts_1106I_20_01	20	01	0	5	0	0	0	CR	MAX	underwear.jpg	underwear.jpg	NOKEY	MAX	NOKEY
1446834822835	0	lts_1106I_20_01	20	01	0	6	0	0	0	CR	MAX	4/AOVENMIT5.jpg	AOVENMIT5.jpg	NOKEY	MAX	NOKEY
1446834825911	0	lts_1106I_20_01	20	01	0	7	0	0	0	CR	MAX	AMAGGLASS.jpg	AMAGGLASS.jpg	NOKEY	MAX	NOKEY
1446834828987	0	lts_1106I_20_01	20	01	0	8	0	0	0	CR	MAX	16/26437068.thl.jpg	26437068.thl.jpg	NOKEY	MAX	NOKEY
1446834832081	0	lts_1106I_20_01	20	01	0	9	0	0	0	CR	MAX	ABALALAI3.jpg	ABALALAI3.jpg	NOKEY	MAX	NOKEY
1446834833133	0	lts_1106I_20_01	20	01	0	10	4	1	1	Hit	574	4-2/AOVENMIT5.jpg	AOVENMIT5.jpg	SPACE	618	SPACE
1446834836226	0	lts_1106I_20_01	20	01	0	11	0	0	0	CR	MAX	64/Apencilsharp5.jpg	Apencilsharp5.jpg	NOKEY	MAX	NOKEY
1446834839302	0	lts_1106I_20_01	20	01	0	12	0	0	0	CR	MAX	Abonnet12.jpg	Abonnet12.jpg	NOKEY	MAX	NOKEY
1446834842378	0	lts_1106I_20_01	20	01	0	13	0	0	0	CR	MAX	128/Ajuicer27.jpg	Ajuicer27.jpg	NOKEY	MAX	NOKEY
1446834845454	0	lts_1106I_20_01	20	01	0	14	0	0	0	CR	MAX	sandcastle.jpg	sandcastle.jpg	NOKEY	MAX	NOKEY
1446834848530	0	lts_1106I_20_01	20	01	0	15	0	0	0	CR	MAX	Asign7.jpg	Asign7.jpg	NOKEY	MAX	NOKEY
1446834851606	0	lts_1106I_20_01	20	01	0	16	0	0	0	CR	MAX	16/22824636.thl.jpg	22824636.thl.jpg	NOKEY	MAX	NOKEY
1446834854682	0	lts_1106I_20_01	20	01	0	17	0	0	0	CR	MAX	64/8029214.thl.jpg	8029214.thl.jpg	NOKEY	MAX	NOKEY
1446834857758	0	lts_1106I_20_01	20	01	0	18	0	0	0	CR	MAX	22854888.thl.jpg	22854888.thl.jpg	NOKEY	MAX	NOKEY
1446834860851	0	lts_1106I_20_01	20	01	0	19	0	0	0	CR	MAX	Ajetski15.jpg	Ajetski15.jpg	NOKEY	MAX	NOKEY
1446834863927	0	lts_1106I_20_01	20	01	0	20	0	0	0	CR	MAX	31023139.thl.jpg	31023139.thl.jpg	NOKEY	MAX	NOKEY
1446834867021	0	lts_1106I_20_01	20	01	0	21	0	0	0	CR	MAX	16/teepee.jpg	teepee.jpg	NOKEY	MAX	NOKEY
1446834870097	0	lts_1106I_20_01	20	01	0	22	0	0	0	CR	MAX	sphinx.jpg	sphinx.jpg	NOKEY	MAX	NOKEY
1446834873189	0	lts_1106I_20_01	20	01	0	23	0	0	0	CR	MAX	Aheartmonito4.jpg	Aheartmonito4.jpg	NOKEY	MAX	NOKEY
1446834874326	0	lts_1106I_20_01	20	01	0	24	16	1	1	Hit	657	16-first/26437068.thl.jpg	26437068.thl.jpg	SPACE	703	SPACE
1446834877402	0	lts_1106I_20_01	20	01	0	25	0	0	0	CR	MAX	AWHISBARR.jpg	AWHISBARR.jpg	NOKEY	MAX	NOKEY
1446834878405	0	lts_1106I_20_01	20	01	0	26	2	1	1	Hit	531	2-mul/26437068.thl.jpg	26437068.thl.jpg	SPACE	569	SPACE
1446834881481	0	lts_1106I_20_01	20	01	0	27	0	0	0	CR	MAX	1/8054039.thl.jpg	8054039.thl.jpg	NOKEY	MAX	NOKEY
1446834882484	0	lts_1106I_20_01	20	01	0	28	1	1	1	Hit	521	1-13/8054039.thl.jpg	8054039.thl.jpg	SPACE	570	SPACE
1446834885560	0	lts_1106I_20_01	20	01	0	29	0	0	0	CR	MAX	Aornament89.jpg	Aornament89.jpg	NOKEY	MAX	NOKEY
1446834888636	0	lts_1106I_20_01	20	01	0	30	0	0	0	CR	MAX	32/AATOMODEL.jpg	AATOMODEL.jpg	NOKEY	MAX	NOKEY
1446834891729	0	lts_1106I_20_01	20	01	0	31	0	0	0	CR	MAX	Aspinningwhe2.jpg	Aspinningwhe2.jpg	NOKEY	MAX	NOKEY
1446834892799	0	lts_1106I_20_01	20	01	0	32	16	1	1	Hit	586	16-first/22824636.thl.jpg	22824636.thl.jpg	SPACE	636	SPACE
1446834895875	0	lts_1106I_20_01	20	01	0	33	0	0	0	CR	MAX	baseball.JPG	baseball.JPG	NOKEY	MAX	NOKEY
1446834896794	0	lts_1106I_20_01	20	01	0	34	2	1	1	Hit	450	2-mul/22824636.thl.jpg	22824636.thl.jpg	SPACE	485	SPACE
1446834899870	0	lts_1106I_20_01	20	01	0	35	0	0	0	CR	MAX	Aglass58.jpg	Aglass58.jpg	NOKEY	MAX	NOKEY
1446834902946	0	lts_1106I_20_01	20	01	0	36	0	0	0	CR	MAX	Astatueofwo29.jpg	Astatueofwo29.jpg	NOKEY	MAX	NOKEY
1446834903899	0	lts_1106I_20_01	20	01	0	37	16	1	1	Hit	483	16-0/teepee.jpg	teepee.jpg	SPACE	518	SPACE
1446834906975	0	lts_1106I_20_01	20	01	0	38	0	0	0	CR	MAX	8/8022057.thl.jpg	8022057.thl.jpg	NOKEY	MAX	NOKEY
1446834910053	0	lts_1106I_20_01	20	01	0	39	0	0	0	CR	MAX	Abird5.jpg	Abird5.jpg	NOKEY	MAX	NOKEY
1446834913128	0	lts_1106I_20_01	20	01	0	40	0	0	0	CR	MAX	4/AOLDBAT2.jpg	AOLDBAT2.jpg	NOKEY	MAX	NOKEY
1446834916204	0	lts_1106I_20_01	20	01	0	41	0	0	0	CR	MAX	ABILLTABL.jpg	ABILLTABL.jpg	NOKEY	MAX	NOKEY
1446834919296	0	lts_1106I_20_01	20	01	0	42	0	0	0	CR	MAX	Agarbagebin.jpg	Agarbagebin.jpg	NOKEY	MAX	NOKEY
1446834922389	0	lts_1106I_20_01	20	01	0	43	0	0	0	CR	MAX	Aglassbottl56.jpg	Aglassbottl56.jpg	NOKEY	MAX	NOKEY
1446834923727	0	lts_1106I_20_01	20	01	0	44	4	1	1	Hit	860	4-8/AOLDBAT2.jpg	AOLDBAT2.jpg	SPACE	902	SPACE
1446834926803	0	lts_1106I_20_01	20	01	0	45	0	0	0	CR	MAX	32/carseat.jpg	carseat.jpg	NOKEY	MAX	NOKEY
1446834927906	0	lts_1106I_20_01	20	01	0	46	8	1	1	Hit	631	8-first/8022057.thl.jpg	8022057.thl.jpg	SPACE	669	SPACE
1446834930999	0	lts_1106I_20_01	20	01	0	47	0	0	0	CR	MAX	fullbucket.jpg	fullbucket.jpg	NOKEY	MAX	NOKEY
1446834932020	0	lts_1106I_20_01	20	01	0	48	2	1	1	Hit	539	2-mul/8022057.thl.jpg	8022057.thl.jpg	SPACE	584	SPACE
1446834935096	0	lts_1106I_20_01	20	01	0	49	0	0	0	CR	MAX	frog-a.jpg	frog-a.jpg	NOKEY	MAX	NOKEY
1446834938171	0	lts_1106I_20_01	20	01	0	50	0	0	0	CR	MAX	1/Awindow19.jpg	Awindow19.jpg	NOKEY	MAX	NOKEY
1446834939124	0	lts_1106I_20_01	20	01	0	51	1	1	1	Hit	473	1-2/Awindow19.jpg	Awindow19.jpg	SPACE	519	SPACE
1446834942200	0	lts_1106I_20_01	20	01	0	52	0	0	0	CR	MAX	AOVEN.jpg	AOVEN.jpg	NOKEY	MAX	NOKEY
1446834945276	0	lts_1106I_20_01	20	01	0	53	0	0	0	CR	MAX	ASCREW24.jpg	ASCREW24.jpg	NOKEY	MAX	NOKEY
1446834948352	0	lts_1106I_20_01	20	01	0	54	0	0	0	CR	MAX	Aantiquesofa4.jpg	Aantiquesofa4.jpg	NOKEY	MAX	NOKEY
1446834951445	0	lts_1106I_20_01	20	01	0	55	0	0	0	CR	MAX	2/26421740.thl.jpg	26421740.thl.jpg	NOKEY	MAX	NOKEY
1446834954537	0	lts_1106I_20_01	20	01	0	56	0	0	0	CR	MAX	4/26423242.thl.jpg	26423242.thl.jpg	NOKEY	MAX	NOKEY
1446834955541	0	lts_1106I_20_01	20	01	0	57	2	1	1	Hit	525	2-3/26421740.thl.jpg	26421740.thl.jpg	SPACE	568	SPACE
1446834958617	0	lts_1106I_20_01	20	01	0	58	0	0	0	CR	MAX	AELECTHE4.jpg	AELECTHE4.jpg	NOKEY	MAX	NOKEY
1446834961693	0	lts_1106I_20_01	20	01	0	59	0	0	0	CR	MAX	ARELSCU49.jpg	ARELSCU49.jpg	NOKEY	MAX	NOKEY
1446834962729	0	lts_1106I_20_01	20	01	0	60	4	1	1	Hit	563	4-0/26423242.thl.jpg	26423242.thl.jpg	SPACE	602	SPACE
1446834965805	0	lts_1106I_20_01	20	01	0	61	0	0	0	CR	MAX	Atoytractor17.jpg	Atoytractor17.jpg	NOKEY	MAX	NOKEY
1446834966758	0	lts_1106I_20_01	20	01	0	62	32	1	1	Hit	476	32-0/AATOMODEL.jpg	AATOMODEL.jpg	SPACE	518	SPACE
1446834969834	0	lts_1106I_20_01	20	01	0	63	0	0	0	CR	MAX	128/ASNBRD2.jpg	ASNBRD2.jpg	NOKEY	MAX	NOKEY
1446834972910	0	lts_1106I_20_01	20	01	0	64	0	0	0	CR	MAX	2/AWASMACH.jpg	AWASMACH.jpg	NOKEY	MAX	NOKEY
1446834975986	0	lts_1106I_20_01	20	01	0	65	0	0	0	CR	MAX	26387436.thl.jpg	26387436.thl.jpg	NOKEY	MAX	NOKEY
1446834977107	0	lts_1106I_20_01	20	01	0	66	2	1	1	Hit	637	2-2/AWASMACH.jpg	AWASMACH.jpg	SPACE	684	SPACE
1446834980199	0	lts_1106I_20_01	20	01	0	67	0	0	0	CR	MAX	ACASTANET.jpg	ACASTANET.jpg	NOKEY	MAX	NOKEY
1446834983275	0	lts_1106I_20_01	20	01	0	68	0	0	0	CR	MAX	26424075.thl.jpg	26424075.thl.jpg	NOKEY	MAX	NOKEY
1446834986351	0	lts_1106I_20_01	20	01	0	69	0	0	0	CR	MAX	ASPOONS2.jpg	ASPOONS2.jpg	NOKEY	MAX	NOKEY
1446834989427	0	lts_1106I_20_01	20	01	0	70	0	0	0	CR	MAX	AKNIGHELM.jpg	AKNIGHELM.jpg	NOKEY	MAX	NOKEY
1446834992537	0	lts_1106I_20_01	20	01	0	71	0	0	0	CR	MAX	8/Apenguin2.jpg	Apenguin2.jpg	NOKEY	MAX	NOKEY
1446834995613	0	lts_1106I_20_01	20	01	0	72	0	0	0	CR	MAX	26424087.thl.jpg	26424087.thl.jpg	NOKEY	MAX	NOKEY
1446834998706	0	lts_1106I_20_01	20	01	0	73	0	0	0	CR	MAX	AELECOVER.jpg	AELECOVER.jpg	NOKEY	MAX	NOKEY
1446835001782	0	lts_1106I_20_01	20	01	0	74	0	0	0	CR	MAX	26433347.thl.jpg	26433347.thl.jpg	NOKEY	MAX	NOKEY
1446835003587	0	lts_1106I_20_01	20	01	0	75	64	1	1	Hit	1323	64-first/Apencilsharp5.jpg	Apencilsharp5.jpg	SPACE	1371	SPACE
1446835006663	0	lts_1106I_20_01	20	01	0	76	0	0	0	CR	MAX	A1OCLOC2.jpg	A1OCLOC2.jpg	NOKEY	MAX	NOKEY
1446835007750	0	lts_1106I_20_01	20	01	0	77	32	1	1	Hit	612	32-9/carseat.jpg	carseat.jpg	SPACE	652	SPACE
1446835010826	0	lts_1106I_20_01	20	01	0	78	0	0	0	CR	MAX	Aknife76.jpg	Aknife76.jpg	NOKEY	MAX	NOKEY
1446835011896	0	lts_1106I_20_01	20	01	0	79	8	1	1	Hit	587	8-first/Apenguin2.jpg	Apenguin2.jpg	SPACE	635	SPACE
1446835014972	0	lts_1106I_20_01	20	01	0	80	0	0	0	CR	MAX	Ajewisho2.jpg	Ajewisho2.jpg	NOKEY	MAX	NOKEY
1446835016043	0	lts_1106I_20_01	20	01	0	81	64	1	1	Hit	598	64-first/8029214.thl.jpg	8029214.thl.jpg	SPACE	635	SPACE
1446835019118	0	lts_1106I_20_01	20	01	0	82	0	0	0	CR	MAX	Ababydec4.jpg	Ababydec4.jpg	NOKEY	MAX	NOKEY
1446835020089	0	lts_1106I_20_01	20	01	0	83	4	1	1	Hit	491	4-mul/Apenguin2.jpg	Apenguin2.jpg	SPACE	535	SPACE
1446835023164	0	lts_1106I_20_01	20	01	0	84	0	0	0	CR	MAX	Aaircompress6.jpg	Aaircompress6.jpg	NOKEY	MAX	NOKEY
1446835024117	0	lts_1106I_20_01	20	01	0	85	4	1	1	Hit	475	4-mul/8029214.thl.jpg	8029214.thl.jpg	SPACE	519	SPACE
1446835027210	0	lts_1106I_20_01	20	01	0	86	0	0	0	CR	MAX	1/10052787.thm.jpg	10052787.thm.jpg	NOKEY	MAX	NOKEY
1446835028146	0	lts_1106I_20_01	20	01	0	87	1	1	1	Hit	453	1-3/10052787.thm.jpg	10052787.thm.jpg	SPACE	501	SPACE
1446835031222	0	lts_1106I_20_01	20	01	0	88	0	0	0	CR	MAX	AMINICYM6.jpg	AMINICYM6.jpg	NOKEY	MAX	NOKEY
1446835034298	0	lts_1106I_20_01	20	01	0	89	0	0	0	CR	MAX	26687176.thl.jpg	26687176.thl.jpg	NOKEY	MAX	NOKEY
1446835037374	0	lts_1106I_20_01	20	01	0	90	0	0	0	CR	MAX	ACATCAGE.jpg	ACATCAGE.jpg	NOKEY	MAX	NOKEY
1446835038327	0	lts_1106I_20_01	20	01	0	91	16	1	1	Hit	469	16-mul/Apencilsharp5.jpg	Apencilsharp5.jpg	SPACE	519	SPACE
1446835041403	0	lts_1106I_20_01	20	01	0	92	0	0	0	CR	MAX	22855536.thl.jpg	22855536.thl.jpg	NOKEY	MAX	NOKEY
1446835044496	0	lts_1106I_20_01	20	01	0	93	0	0	0	CR	MAX	64/AFIRSTA15.jpg	AFIRSTA15.jpg	NOKEY	MAX	NOKEY
1446835047572	0	lts_1106I_20_01	20	01	0	94	0	0	0	CR	MAX	ewok.jpg	ewok.jpg	NOKEY	MAX	NOKEY
1446835050648	0	lts_1106I_20_01	20	01	0	95	0	0	0	CR	MAX	2/popcorn.jpg	popcorn.jpg	NOKEY	MAX	NOKEY
1446835053724	0	lts_1106I_20_01	20	01	0	96	0	0	0	CR	MAX	Asaxophone.jpg	Asaxophone.jpg	NOKEY	MAX	NOKEY
1446835054677	0	lts_1106I_20_01	20	01	0	97	2	1	1	Hit	470	2-0/popcorn.jpg	popcorn.jpg	SPACE	519	SPACE
1446835057753	0	lts_1106I_20_01	20	01	0	98	0	0	0	CR	MAX	64/AIVORSUIT.jpg	AIVORSUIT.jpg	NOKEY	MAX	NOKEY
1446835060829	0	lts_1106I_20_01	20	01	0	99	0	0	0	CR	MAX	2/airbottle1.jpg	airbottle1.jpg	NOKEY	MAX	NOKEY
1446835063905	0	lts_1106I_20_01	20	01	0	100	0	0	0	CR	MAX	4/catslmifru.jpg	catslmifru.jpg	NOKEY	MAX	NOKEY
1446835064992	0	lts_1106I_20_01	20	01	0	101	2	1	1	Hit	614	2-12/airbottle1.jpg	airbottle1.jpg	SPACE	652	SPACE
1446835068085	0	lts_1106I_20_01	20	01	0	102	0	0	0	CR	MAX	8/catslglol.jpg	catslglol.jpg	NOKEY	MAX	NOKEY
1446835071177	0	lts_1106I_20_01	20	01	0	103	0	0	0	CR	MAX	16/ASECCAME3.jpg	ASECCAME3.jpg	NOKEY	MAX	NOKEY
1446835072180	0	lts_1106I_20_01	20	01	0	104	4	1	1	Hit	523	4-4/catslmifru.jpg	catslmifru.jpg	SPACE	568	SPACE
1446835075256	0	lts_1106I_20_01	20	01	0	105	0	0	0	CR	MAX	AHAIRCLI6.jpg	AHAIRCLI6.jpg	NOKEY	MAX	NOKEY
1446835078332	0	lts_1106I_20_01	20	01	0	106	0	0	0	CR	MAX	26433942.thl.jpg	26433942.thl.jpg	NOKEY	MAX	NOKEY
1446835081408	0	lts_1106I_20_01	20	01	0	107	0	0	0	CR	MAX	1/Agrater10.jpg	Agrater10.jpg	NOKEY	MAX	NOKEY
1446835082345	0	lts_1106I_20_01	20	01	0	108	1	1	1	Hit	457	1-9/Agrater10.jpg	Agrater10.jpg	SPACE	501	SPACE
1446835085421	0	lts_1106I_20_01	20	01	0	109	0	0	0	CR	MAX	AAT7.jpg	AAT7.jpg	NOKEY	MAX	NOKEY
1446835086574	0	lts_1106I_20_01	20	01	0	110	8	1	1	Hit	672	8-2/catslglol.jpg	catslglol.jpg	SPACE	719	SPACE
1446835089650	0	lts_1106I_20_01	20	01	0	111	0	0	0	CR	MAX	32/Apaintroller2.jpg	Apaintroller2.jpg	NOKEY	MAX	NOKEY
1446835092726	0	lts_1106I_20_01	20	01	0	112	0	0	0	CR	MAX	2/ALIQBOOK.jpg	ALIQBOOK.jpg	NOKEY	MAX	NOKEY
1446835095819	0	lts_1106I_20_01	20	01	0	113	0	0	0	CR	MAX	Abasket110.jpg	Abasket110.jpg	NOKEY	MAX	NOKEY
1446835096822	0	lts_1106I_20_01	20	01	0	114	2	1	1	Hit	518	2-6/ALIQBOOK.jpg	ALIQBOOK.jpg	SPACE	568	SPACE
1446835099898	0	lts_1106I_20_01	20	01	0	115	0	0	0	CR	MAX	22875384.thl.jpg	22875384.thl.jpg	NOKEY	MAX	NOKEY
1446835102974	0	lts_1106I_20_01	20	01	0	116	0	0	0	CR	MAX	ANECTARI3.jpg	ANECTARI3.jpg	NOKEY	MAX	NOKEY
1446835106051	0	lts_1106I_20_01	20	01	0	117	0	0	0	CR	MAX	22849344.thl.jpg	22849344.thl.jpg	NOKEY	MAX	NOKEY
1446835109143	0	lts_1106I_20_01	20	01	0	118	0	0	0	CR	MAX	8/Aplantinpot2.jpg	Aplantinpot2.jpg	NOKEY	MAX	NOKEY
1446835110347	0	lts_1106I_20_01	20	01	0	119	16	1	1	Hit	723	16-first/ASECCAME3.jpg	ASECCAME3.jpg	SPACE	769	SPACE
1446835113440	0	lts_1106I_20_01	20	01	0	120	0	0	0	CR	MAX	Ahumansku101.jpg	Ahumansku101.jpg	NOKEY	MAX	NOKEY
1446835114459	0	lts_1106I_20_01	20	01	0	121	2	1	1	Hit	547	2-mul/ASECCAME3.jpg	ASECCAME3.jpg	SPACE	586	SPACE
1446835117535	0	lts_1106I_20_01	20	01	0	122	0	0	0	CR	MAX	2/AINCENSE4.jpg	AINCENSE4.jpg	NOKEY	MAX	NOKEY
1446835120612	0	lts_1106I_20_01	20	01	0	123	0	0	0	CR	MAX	AANTSTO12.jpg	AANTSTO12.jpg	NOKEY	MAX	NOKEY
1446835121765	0	lts_1106I_20_01	20	01	0	124	2	1	1	Hit	683	2-4/AINCENSE4.jpg	AINCENSE4.jpg	SPACE	719	SPACE
1446835124841	0	lts_1106I_20_01	20	01	0	125	0	0	0	CR	MAX	26373068.thl.jpg	26373068.thl.jpg	NOKEY	MAX	NOKEY
1446835125928	0	lts_1106I_20_01	20	01	0	126	8	1	1	Hit	618	8-first/Aplantinpot2.jpg	Aplantinpot2.jpg	SPACE	652	SPACE
1446835129005	0	lts_1106I_20_01	20	01	0	127	0	0	0	CR	MAX	Astonehome.jpg	Astonehome.jpg	NOKEY	MAX	NOKEY
1446835129973	0	lts_1106I_20_01	20	01	0	128	2	1	1	Hit	483	2-mul/Aplantinpot2.jpg	Aplantinpot2.jpg	SPACE	534	SPACE
1446835133067	0	lts_1106I_20_01	20	01	0	129	0	0	0	CR	MAX	64/Acarnivalgame.jpg	Acarnivalgame.jpg	NOKEY	MAX	NOKEY
1446835136142	0	lts_1106I_20_01	20	01	0	130	0	0	0	CR	MAX	128/hairbarette.jpg	hairbarette.jpg	NOKEY	MAX	NOKEY
1446835139218	0	lts_1106I_20_01	20	01	0	131	0	0	0	CR	MAX	4/Abreakpl2.jpg	Abreakpl2.jpg	NOKEY	MAX	NOKEY
1446835142295	0	lts_1106I_20_01	20	01	0	132	0	0	0	CR	MAX	26419025.thl.jpg	26419025.thl.jpg	NOKEY	MAX	NOKEY
1446835145371	0	lts_1106I_20_01	20	01	0	133	0	0	0	CR	MAX	AARCCHAR2.jpg	AARCCHAR2.jpg	NOKEY	MAX	NOKEY
1446835148447	0	lts_1106I_20_01	20	01	0	134	0	0	0	CR	MAX	APIPE8.jpg	APIPE8.jpg	NOKEY	MAX	NOKEY
1446835149400	0	lts_1106I_20_01	20	01	0	135	4	1	1	Hit	482	4-11/Abreakpl2.jpg	Abreakpl2.jpg	SPACE	518	SPACE
1446835152476	0	lts_1106I_20_01	20	01	0	136	0	0	0	CR	MAX	Atennisball2.jpg	Atennisball2.jpg	NOKEY	MAX	NOKEY
1446835155552	0	lts_1106I_20_01	20	01	0	137	0	0	0	CR	MAX	22856172.thl.jpg	22856172.thl.jpg	NOKEY	MAX	NOKEY
1446835158628	0	lts_1106I_20_01	20	01	0	138	0	0	0	CR	MAX	128/Abandleaders2.jpg	Abandleaders2.jpg	NOKEY	MAX	NOKEY
1446835161704	0	lts_1106I_20_01	20	01	0	139	0	0	0	CR	MAX	64/26421370.thl.jpg	26421370.thl.jpg	NOKEY	MAX	NOKEY
1446835164780	0	lts_1106I_20_01	20	01	0	140	0	0	0	CR	MAX	32/23057742.thl.jpg	23057742.thl.jpg	NOKEY	MAX	NOKEY
1446835167856	0	lts_1106I_20_01	20	01	0	141	128	1	0	Miss	MAX	128-0/Ajuicer27.jpg	Ajuicer27.jpg	NOKEY	MAX	SPACE
1446835170949	0	lts_1106I_20_01	20	01	0	142	0	0	0	CR	MAX	Areindeertoy4.jpg	Areindeertoy4.jpg	NOKEY	MAX	NOKEY
1446835171935	0	lts_1106I_20_01	20	01	0	143	32	1	1	Hit	515	32-8/Apaintroller2.jpg	Apaintroller2.jpg	SPACE	552	SPACE
1446835175012	0	lts_1106I_20_01	20	01	0	144	0	0	0	CR	MAX	1/ABLACSUI3.jpg	ABLACSUI3.jpg	NOKEY	MAX	NOKEY
1446835175964	0	lts_1106I_20_01	20	01	0	145	1	1	1	Hit	480	1-1/ABLACSUI3.jpg	ABLACSUI3.jpg	SPACE	517	SPACE
1446835179041	0	lts_1106I_20_01	20	01	0	146	0	0	0	CR	MAX	2/cigarette03.jpg	cigarette03.jpg	NOKEY	MAX	NOKEY
1446835182116	0	lts_1106I_20_01	20	01	0	147	0	0	0	CR	MAX	Abicyclepump2.jpg	Abicyclepump2.jpg	NOKEY	MAX	NOKEY
1446835183053	0	lts_1106I_20_01	20	01	0	148	2	1	1	Hit	455	2-11/cigarette03.jpg	cigarette03.jpg	SPACE	501	SPACE
1446835186128	0	lts_1106I_20_01	20	01	0	149	0	0	0	CR	MAX	32/Acactusplant.jpg	Acactusplant.jpg	NOKEY	MAX	NOKEY
1446835189204	0	lts_1106I_20_01	20	01	0	150	0	0	0	CR	MAX	2/22857516.thl.jpg	22857516.thl.jpg	NOKEY	MAX	NOKEY
1446835192297	0	lts_1106I_20_01	20	01	0	151	0	0	0	CR	MAX	32/Aeggsandwich6.jpg	Aeggsandwich6.jpg	NOKEY	MAX	NOKEY
1446835193384	0	lts_1106I_20_01	20	01	0	152	2	1	1	Hit	612	2-5/22857516.thl.jpg	22857516.thl.jpg	SPACE	652	SPACE
1446835196460	0	lts_1106I_20_01	20	01	0	153	0	0	0	CR	MAX	Acastle22.jpg	Acastle22.jpg	NOKEY	MAX	NOKEY
1446835199536	0	lts_1106I_20_01	20	01	0	154	0	0	0	CR	MAX	Aladder2.jpg	Aladder2.jpg	NOKEY	MAX	NOKEY
1446835202612	0	lts_1106I_20_01	20	01	0	155	0	0	0	CR	MAX	Ahandheldmir3.jpg	Ahandheldmir3.jpg	NOKEY	MAX	NOKEY
1446835205688	0	lts_1106I_20_01	20	01	0	156	0	0	0	CR	MAX	AHEADLIG9.jpg	AHEADLIG9.jpg	NOKEY	MAX	NOKEY
1446835207093	0	lts_1106I_20_01	20	01	0	157	64	1	1	Hit	935	64-first/AFIRSTA15.jpg	AFIRSTA15.jpg	SPACE	969	SPACE
1446835210169	0	lts_1106I_20_01	20	01	0	158	0	0	0	CR	MAX	Aoilcan11.jpg	Aoilcan11.jpg	NOKEY	MAX	NOKEY
1446835211121	0	lts_1106I_20_01	20	01	0	159	2	1	1	Hit	481	2-mul/AFIRSTA15.jpg	AFIRSTA15.jpg	SPACE	518	SPACE
1446835214198	0	lts_1106I_20_01	20	01	0	160	0	0	0	CR	MAX	ACOFFPOT7.jpg	ACOFFPOT7.jpg	NOKEY	MAX	NOKEY
1446835217274	0	lts_1106I_20_01	20	01	0	161	0	0	0	CR	MAX	brownie.jpg	brownie.jpg	NOKEY	MAX	NOKEY
1446835218511	0	lts_1106I_20_01	20	01	0	162	64	1	1	Hit	764	64-first/AIVORSUIT.jpg	AIVORSUIT.jpg	SPACE	804	SPACE
1446835221603	0	lts_1106I_20_01	20	01	0	163	0	0	0	CR	MAX	ABACKHOE2.jpg	ABACKHOE2.jpg	NOKEY	MAX	NOKEY
1446835224680	0	lts_1106I_20_01	20	01	0	164	0	0	0	CR	MAX	Abedpan7.jpg	Abedpan7.jpg	NOKEY	MAX	NOKEY
1446835227756	0	lts_1106I_20_01	20	01	0	165	0	0	0	CR	MAX	ADENSYRIN.jpg	ADENSYRIN.jpg	NOKEY	MAX	NOKEY
1446835230832	0	lts_1106I_20_01	20	01	0	166	0	0	0	CR	MAX	Heatpad.jpg	Heatpad.jpg	NOKEY	MAX	NOKEY
1446835233908	0	lts_1106I_20_01	20	01	0	167	0	0	0	CR	MAX	1/Acardboardpan.jpg	Acardboardpan.jpg	NOKEY	MAX	NOKEY
1446835234877	0	lts_1106I_20_01	20	01	0	168	1	1	1	Hit	485	1-0/Acardboardpan.jpg	Acardboardpan.jpg	SPACE	535	SPACE
1446835237953	0	lts_1106I_20_01	20	01	0	169	0	0	0	CR	MAX	16/ASEWING.jpg	ASEWING.jpg	NOKEY	MAX	NOKEY
1446835241031	0	lts_1106I_20_01	20	01	0	170	0	0	0	CR	MAX	Aturban.jpg	Aturban.jpg	NOKEY	MAX	NOKEY
1446835244107	0	lts_1106I_20_01	20	01	0	171	0	0	0	CR	MAX	26374767.thl.jpg	26374767.thl.jpg	NOKEY	MAX	NOKEY
1446835245125	0	lts_1106I_20_01	20	01	0	172	32	1	1	Hit	535	32-1/23057742.thl.jpg	23057742.thl.jpg	SPACE	585	SPACE
1446835248201	0	lts_1106I_20_01	20	01	0	173	0	0	0	CR	MAX	Acomputer11.jpg	Acomputer11.jpg	NOKEY	MAX	NOKEY
1446835251294	0	lts_1106I_20_01	20	01	0	174	0	0	0	CR	MAX	Abuilding5.jpg	Abuilding5.jpg	NOKEY	MAX	NOKEY
1446835254387	0	lts_1106I_20_01	20	01	0	175	0	0	0	CR	MAX	32/ASPRITZER.jpg	ASPRITZER.jpg	NOKEY	MAX	NOKEY
1446835257463	0	lts_1106I_20_01	20	01	0	176	0	0	0	CR	MAX	Aflower104.jpg	Aflower104.jpg	NOKEY	MAX	NOKEY
1446835260539	0	lts_1106I_20_01	20	01	0	177	0	0	0	CR	MAX	Areceptacle3.jpg	Areceptacle3.jpg	NOKEY	MAX	NOKEY
1446835261542	0	lts_1106I_20_01	20	01	0	178	16	1	1	Hit	524	16-mul/AIVORSUIT.jpg	AIVORSUIT.jpg	SPACE	568	SPACE
1446835264618	0	lts_1106I_20_01	20	01	0	179	0	0	0	CR	MAX	32/AGLASSCON.jpg	AGLASSCON.jpg	NOKEY	MAX	NOKEY
1446835267694	0	lts_1106I_20_01	20	01	0	180	0	0	0	CR	MAX	APBREAD2.jpg	APBREAD2.jpg	NOKEY	MAX	NOKEY
1446835268831	0	lts_1106I_20_01	20	01	0	181	32	1	1	Hit	666	32-5/Acactusplant.jpg	Acactusplant.jpg	SPACE	702	SPACE
1446835271907	0	lts_1106I_20_01	20	01	0	182	0	0	0	CR	MAX	Avicegriptool.jpg	Avicegriptool.jpg	NOKEY	MAX	NOKEY
1446835272944	0	lts_1106I_20_01	20	01	0	183	32	1	1	Hit	560	32-2/Aeggsandwich6.jpg	Aeggsandwich6.jpg	SPACE	601	SPACE
1446835276021	0	lts_1106I_20_01	20	01	0	184	0	0	0	CR	MAX	26437064.thl.jpg	26437064.thl.jpg	NOKEY	MAX	NOKEY
1446835277007	0	lts_1106I_20_01	20	01	0	185	16	1	1	Hit	509	16-first/ASEWING.jpg	ASEWING.jpg	SPACE	551	SPACE
1446835280083	0	lts_1106I_20_01	20	01	0	186	0	0	0	CR	MAX	ABOOK23.jpg	ABOOK23.jpg	NOKEY	MAX	NOKEY
1446835283175	0	lts_1106I_20_01	20	01	0	187	0	0	0	CR	MAX	AWILDPIG.jpg	AWILDPIG.jpg	NOKEY	MAX	NOKEY
1446835286251	0	lts_1106I_20_01	20	01	0	188	0	0	0	CR	MAX	Astool76.jpg	Astool76.jpg	NOKEY	MAX	NOKEY
1446835289327	0	lts_1106I_20_01	20	01	0	189	0	0	0	CR	MAX	ATELEBO13.jpg	ATELEBO13.jpg	NOKEY	MAX	NOKEY
1446835292403	0	lts_1106I_20_01	20	01	0	190	0	0	0	CR	MAX	Aim4ribbo.jpg	Aim4ribbo.jpg	NOKEY	MAX	NOKEY
1446835293523	0	lts_1106I_20_01	20	01	0	191	128	1	1	Hit	647	128-2/ASNBRD2.jpg	ASNBRD2.jpg	SPACE	686	SPACE
1446835296599	0	lts_1106I_20_01	20	01	0	192	0	0	0	CR	MAX	Aleaf74.jpg	Aleaf74.jpg	NOKEY	MAX	NOKEY
1446835297753	0	lts_1106I_20_01	20	01	0	193	64	1	1	Hit	681	64-first/Acarnivalgame.jpg	Acarnivalgame.jpg	SPACE	719	SPACE
1446835300829	0	lts_1106I_20_01	20	01	0	194	0	0	0	CR	MAX	1/Abeany2.jpg	Abeany2.jpg	NOKEY	MAX	NOKEY
1446835301849	0	lts_1106I_20_01	20	01	0	195	1	1	1	Hit	540	1-10/Abeany2.jpg	Abeany2.jpg	SPACE	585	SPACE
1446835304925	0	lts_1106I_20_01	20	01	0	196	0	0	0	CR	MAX	gymbars.jpg	gymbars.jpg	NOKEY	MAX	NOKEY
1446835305878	0	lts_1106I_20_01	20	01	0	197	4	1	1	Hit	483	4-mul/Acarnivalgame.jpg	Acarnivalgame.jpg	SPACE	519	SPACE
1446835308954	0	lts_1106I_20_01	20	01	0	198	0	0	0	CR	MAX	corkscrew02.jpg	corkscrew02.jpg	NOKEY	MAX	NOKEY
1446835312031	0	lts_1106I_20_01	20	01	0	199	0	0	0	CR	MAX	lightsaber.jpg	lightsaber.jpg	NOKEY	MAX	NOKEY
1446835315107	0	lts_1106I_20_01	20	01	0	200	0	0	0	CR	MAX	8021743.thl.jpg	8021743.thl.jpg	NOKEY	MAX	NOKEY
1446835316077	0	lts_1106I_20_01	20	01	0	201	16	1	1	Hit	498	16-mul/ASEWING.jpg	ASEWING.jpg	SPACE	535	SPACE
1446835319168	0	lts_1106I_20_01	20	01	0	202	0	0	0	CR	MAX	ATRIANGL2.jpg	ATRIANGL2.jpg	NOKEY	MAX	NOKEY
1446835320171	0	lts_1106I_20_01	20	01	0	203	64	1	1	Hit	534	64-first/26421370.thl.jpg	26421370.thl.jpg	SPACE	568	SPACE
1446835323247	0	lts_1106I_20_01	20	01	0	204	0	0	0	CR	MAX	Ablanket2.jpg	Ablanket2.jpg	NOKEY	MAX	NOKEY
1446835324184	0	lts_1106I_20_01	20	01	0	205	2	1	1	Hit	452	2-mul/26421370.thl.jpg	26421370.thl.jpg	SPACE	501	SPACE
1446835327260	0	lts_1106I_20_01	20	01	0	206	0	0	0	CR	MAX	8/Abottleofchi2.jpg	Abottleofchi2.jpg	NOKEY	MAX	NOKEY
1446835328330	0	lts_1106I_20_01	20	01	0	207	32	1	1	Hit	586	32-4/ASPRITZER.jpg	ASPRITZER.jpg	SPACE	635	SPACE
1446835331406	0	lts_1106I_20_01	20	01	0	208	0	0	0	CR	MAX	1/26375953.thl.jpg	26375953.thl.jpg	NOKEY	MAX	NOKEY
1446835332275	0	lts_1106I_20_01	20	01	0	209	1	1	1	Hit	389	1-4/26375953.thl.jpg	26375953.thl.jpg	SPACE	435	SPACE
1446835335351	0	lts_1106I_20_01	20	01	0	210	0	0	0	CR	MAX	scrunchie.jpg	scrunchie.jpg	NOKEY	MAX	NOKEY
1446835336438	0	lts_1106I_20_01	20	01	0	211	32	1	1	Hit	585	32-3/AGLASSCON.jpg	AGLASSCON.jpg	SPACE	637	SPACE
1446835339514	0	lts_1106I_20_01	20	01	0	212	0	0	0	CR	MAX	26432175.thl.jpg	26432175.thl.jpg	NOKEY	MAX	NOKEY
1446835342607	0	lts_1106I_20_01	20	01	0	213	0	0	0	CR	MAX	AANTIBIK4.jpg	AANTIBIK4.jpg	NOKEY	MAX	NOKEY
1446835343576	0	lts_1106I_20_01	20	01	0	214	8	1	1	Hit	490	8-first/Abottleofchi2.jpg	Abottleofchi2.jpg	SPACE	535	SPACE
1446835346652	0	lts_1106I_20_01	20	01	0	215	0	0	0	CR	MAX	Aearsyringe.jpg	Aearsyringe.jpg	NOKEY	MAX	NOKEY
1446835349728	0	lts_1106I_20_01	20	01	0	216	0	0	0	CR	MAX	8026164.thl.jpg	8026164.thl.jpg	NOKEY	MAX	NOKEY
1446835352804	0	lts_1106I_20_01	20	01	0	217	0	0	0	CR	MAX	8/Acampingtoolk.jpg	Acampingtoolk.jpg	NOKEY	MAX	NOKEY
1446835355880	0	lts_1106I_20_01	20	01	0	218	0	0	0	CR	MAX	4/A95CHEROK.jpg	A95CHEROK.jpg	NOKEY	MAX	NOKEY
1446835358956	0	lts_1106I_20_01	20	01	0	219	0	0	0	CR	MAX	128/cannoli.jpg	cannoli.jpg	NOKEY	MAX	NOKEY
1446835362034	0	lts_1106I_20_01	20	01	0	220	0	0	0	CR	MAX	32/26424440.thl.jpg	26424440.thl.jpg	NOKEY	MAX	NOKEY
1446835365110	0	lts_1106I_20_01	20	01	0	221	0	0	0	CR	MAX	64/ALIONWALK.jpg	ALIONWALK.jpg	NOKEY	MAX	NOKEY
1446835366112	0	lts_1106I_20_01	20	01	0	222	4	1	1	Hit	528	4-10/A95CHEROK.jpg	A95CHEROK.jpg	SPACE	569	SPACE
1446835369188	0	lts_1106I_20_01	20	01	0	223	0	0	0	CR	MAX	Aalligator4.jpg	Aalligator4.jpg	NOKEY	MAX	NOKEY
1446835372264	0	lts_1106I_20_01	20	01	0	224	0	0	0	CR	MAX	ALAZQUART.jpg	ALAZQUART.jpg	NOKEY	MAX	NOKEY
1446835373317	0	lts_1106I_20_01	20	01	0	225	8	1	1	Hit	576	8-1/Acampingtoolk.jpg	Acampingtoolk.jpg	SPACE	619	SPACE
1446835376410	0	lts_1106I_20_01	20	01	0	226	2	1	0	Miss	MAX	2/keys-a.jpg	keys-a.jpg	NOKEY	MAX	SPACE
1446835378466	0	lts_1106I_20_01	20	01	0	227	0	0	1	FA	1572	128/Acastingladl2.jpg	Acastingladl2.jpg	SPACE	1623	NOKEY
1446835379569	0	lts_1106I_20_01	20	01	0	228	2	1	1	Hit	634	2-7/keys-a.jpg	keys-a.jpg	SPACE	668	SPACE
1446835382646	0	lts_1106I_20_01	20	01	0	229	0	0	0	CR	MAX	128/ASLIDVIE2.jpg	ASLIDVIE2.jpg	NOKEY	MAX	NOKEY
1446835383849	0	lts_1106I_20_01	20	01	0	230	16	1	1	Hit	733	16-mul/Abottleofchi2.jpg	Abottleofchi2.jpg	SPACE	769	SPACE
1446835386925	0	lts_1106I_20_01	20	01	0	231	0	0	0	CR	MAX	ABAKBRUS2.jpg	ABAKBRUS2.jpg	NOKEY	MAX	NOKEY
1446835390002	0	lts_1106I_20_01	20	01	0	232	0	0	0	CR	MAX	1/mangosplitter.jpg	mangosplitter.jpg	NOKEY	MAX	NOKEY
1446835391121	0	lts_1106I_20_01	20	01	0	233	1	1	1	Hit	649	1-11/mangosplitter.jpg	mangosplitter.jpg	SPACE	684	SPACE
1446835394198	0	lts_1106I_20_01	20	01	0	234	0	0	0	CR	MAX	8/AGLASSBAL.jpg	AGLASSBAL.jpg	NOKEY	MAX	NOKEY
1446835397274	0	lts_1106I_20_01	20	01	0	235	0	0	0	CR	MAX	2/Abasketandch2.jpg	Abasketandch2.jpg	NOKEY	MAX	NOKEY
1446835400350	0	lts_1106I_20_01	20	01	0	236	0	0	0	CR	MAX	Abird41.jpg	Abird41.jpg	NOKEY	MAX	NOKEY
1446835401453	0	lts_1106I_20_01	20	01	0	237	2	1	1	Hit	627	2-10/Abasketandch2.jpg	Abasketandch2.jpg	SPACE	670	SPACE
1446835404529	0	lts_1106I_20_01	20	01	0	238	0	0	0	CR	MAX	ABROOM11.jpg	ABROOM11.jpg	NOKEY	MAX	NOKEY
1446835407605	0	lts_1106I_20_01	20	01	0	239	0	0	0	CR	MAX	ACOFFGRI9.jpg	ACOFFGRI9.jpg	NOKEY	MAX	NOKEY
1446835410681	0	lts_1106I_20_01	20	01	0	240	0	0	0	CR	MAX	Abowl74.jpg	Abowl74.jpg	NOKEY	MAX	NOKEY
1446835413757	0	lts_1106I_20_01	20	01	0	241	0	0	0	CR	MAX	Ascroll7.jpg	Ascroll7.jpg	NOKEY	MAX	NOKEY
1446835414827	0	lts_1106I_20_01	20	01	0	242	8	1	1	Hit	591	8-first/AGLASSBAL.jpg	AGLASSBAL.jpg	SPACE	635	SPACE
1446835417903	0	lts_1106I_20_01	20	01	0	243	0	0	0	CR	MAX	26429130.thl.jpg	26429130.thl.jpg	NOKEY	MAX	NOKEY
1446835420979	0	lts_1106I_20_01	20	01	0	244	0	0	0	CR	MAX	64/26390325.thl.jpg	26390325.thl.jpg	NOKEY	MAX	NOKEY
1446835424056	0	lts_1106I_20_01	20	01	0	245	0	0	0	CR	MAX	ADUNEBUGG.jpg	ADUNEBUGG.jpg	NOKEY	MAX	NOKEY
1446835425176	0	lts_1106I_20_01	20	01	0	246	4	1	1	Hit	639	4-mul/AGLASSBAL.jpg	AGLASSBAL.jpg	SPACE	684	SPACE
1446835428252	0	lts_1106I_20_01	20	01	0	247	0	0	0	CR	MAX	26384871.thl.jpg	26384871.thl.jpg	NOKEY	MAX	NOKEY
1446835431328	0	lts_1106I_20_01	20	01	0	248	0	0	0	CR	MAX	vatslheart.jpg	vatslheart.jpg	NOKEY	MAX	NOKEY
1446835434420	0	lts_1106I_20_01	20	01	0	249	0	0	0	CR	MAX	Aslate.jpg	Aslate.jpg	NOKEY	MAX	NOKEY
1446835437496	0	lts_1106I_20_01	20	01	0	250	0	0	0	CR	MAX	moto.jpg	moto.jpg	NOKEY	MAX	NOKEY
1446835440573	0	lts_1106I_20_01	20	01	0	251	0	0	0	CR	MAX	26370445.thl.jpg	26370445.thl.jpg	NOKEY	MAX	NOKEY
1446835442294	0	lts_1106I_20_01	20	01	0	252	32	1	1	Hit	1239	32-7/26424440.thl.jpg	26424440.thl.jpg	SPACE	1287	SPACE
1446835445371	0	lts_1106I_20_01	20	01	0	253	0	0	0	CR	MAX	ALARGECA2.jpg	ALARGECA2.jpg	NOKEY	MAX	NOKEY
1446835448447	0	lts_1106I_20_01	20	01	0	254	0	0	0	CR	MAX	fork-a.jpg	fork-a.jpg	NOKEY	MAX	NOKEY
1446835451523	0	lts_1106I_20_01	20	01	0	255	0	0	0	CR	MAX	AMOUSWHEE.jpg	AMOUSWHEE.jpg	NOKEY	MAX	NOKEY
1446835454599	0	lts_1106I_20_01	20	01	0	256	0	0	0	CR	MAX	Ablackleather.jpg	Ablackleather.jpg	NOKEY	MAX	NOKEY
1446835456088	0	lts_1106I_20_01	20	01	0	257	0	0	1	FA	1002	AKETTLE35.jpg	AKETTLE35.jpg	SPACE	1053	NOKEY
1446835457341	0	lts_1106I_20_01	20	01	0	258	128	1	1	Hit	779	128-3/hairbarette.jpg	hairbarette.jpg	SPACE	818	SPACE
1446835460450	0	lts_1106I_20_01	20	01	0	259	0	0	0	CR	MAX	shield.jpg	shield.jpg	NOKEY	MAX	NOKEY
1446835463526	0	lts_1106I_20_01	20	01	0	260	0	0	0	CR	MAX	16/Ashovel8.jpg	Ashovel8.jpg	NOKEY	MAX	NOKEY
1446835466602	0	lts_1106I_20_01	20	01	0	261	0	0	0	CR	MAX	1/Aemergencyki5.jpg	Aemergencyki5.jpg	NOKEY	MAX	NOKEY
1446835467655	0	lts_1106I_20_01	20	01	0	262	1	1	1	Hit	584	1-6/Aemergencyki5.jpg	Aemergencyki5.jpg	SPACE	618	SPACE
1446835470731	0	lts_1106I_20_01	20	01	0	263	0	0	0	CR	MAX	128/Acdrominterf2.jpg	Acdrominterf2.jpg	NOKEY	MAX	NOKEY
1446835473807	0	lts_1106I_20_01	20	01	0	264	0	0	0	CR	MAX	AEXPERIM3.jpg	AEXPERIM3.jpg	NOKEY	MAX	NOKEY
1446835476883	0	lts_1106I_20_01	20	01	0	265	0	0	0	CR	MAX	4/ACURLER.jpg	ACURLER.jpg	NOKEY	MAX	NOKEY
1446835479959	0	lts_1106I_20_01	20	01	0	266	128	1	0	Miss	MAX	128-6/Abandleaders2.jpg	Abandleaders2.jpg	NOKEY	MAX	SPACE
1446835483053	0	lts_1106I_20_01	20	01	0	267	0	0	0	CR	MAX	ACHAIR.jpg	ACHAIR.jpg	NOKEY	MAX	NOKEY
1446835486128	0	lts_1106I_20_01	20	01	0	268	0	0	0	CR	MAX	4/Aacupuncture2.jpg	Aacupuncture2.jpg	NOKEY	MAX	NOKEY
1446835487182	0	lts_1106I_20_01	20	01	0	269	4	1	1	Hit	583	4-7/ACURLER.jpg	ACURLER.jpg	SPACE	618	SPACE
1446835490258	0	lts_1106I_20_01	20	01	0	270	0	0	0	CR	MAX	ACHINDECP.jpg	ACHINDECP.jpg	NOKEY	MAX	NOKEY
1446835493334	0	lts_1106I_20_01	20	01	0	271	0	0	0	CR	MAX	26421538.thl.jpg	26421538.thl.jpg	NOKEY	MAX	NOKEY
1446835494387	0	lts_1106I_20_01	20	01	0	272	4	1	1	Hit	576	4-6/Aacupuncture2.jpg	Aacupuncture2.jpg	SPACE	619	SPACE
1446835497463	0	lts_1106I_20_01	20	01	0	273	0	0	0	CR	MAX	fireking-file-cabinet.jpg	fireking-file-cabinet.jpg	NOKEY	MAX	NOKEY
1446835500539	0	lts_1106I_20_01	20	01	0	274	0	0	0	CR	MAX	26428753.thl.jpg	26428753.thl.jpg	NOKEY	MAX	NOKEY
1446835503615	0	lts_1106I_20_01	20	01	0	275	0	0	0	CR	MAX	8020200.thl.jpg	8020200.thl.jpg	NOKEY	MAX	NOKEY
1446835504735	0	lts_1106I_20_01	20	01	0	276	16	1	1	Hit	643	16-first/Ashovel8.jpg	Ashovel8.jpg	SPACE	685	SPACE
1446835507811	0	lts_1106I_20_01	20	01	0	277	0	0	0	CR	MAX	AFETTUCI2.jpg	AFETTUCI2.jpg	NOKEY	MAX	NOKEY
1446835510904	0	lts_1106I_20_01	20	01	0	278	0	0	0	CR	MAX	1/ASHINPAD3.jpg	ASHINPAD3.jpg	NOKEY	MAX	NOKEY
1446835511874	0	lts_1106I_20_01	20	01	0	279	1	1	1	Hit	497	1-12/ASHINPAD3.jpg	ASHINPAD3.jpg	SPACE	535	SPACE
1446835514950	0	lts_1106I_20_01	20	01	0	280	0	0	0	CR	MAX	AASCENDER.jpg	AASCENDER.jpg	NOKEY	MAX	NOKEY
1446835518027	0	lts_1106I_20_01	20	01	0	281	0	0	0	CR	MAX	ATOOHOLDE.jpg	ATOOHOLDE.jpg	NOKEY	MAX	NOKEY
1446835521135	0	lts_1106I_20_01	20	01	0	282	0	0	0	CR	MAX	8/ACHINBRB4.jpg	ACHINBRB4.jpg	NOKEY	MAX	NOKEY
1446835524211	0	lts_1106I_20_01	20	01	0	283	0	0	0	CR	MAX	Aasianbuildin.jpg	Aasianbuildin.jpg	NOKEY	MAX	NOKEY
1446835527288	0	lts_1106I_20_01	20	01	0	284	0	0	0	CR	MAX	30835757.thl.jpg	30835757.thl.jpg	NOKEY	MAX	NOKEY
1446835528408	0	lts_1106I_20_01	20	01	0	285	64	1	1	Hit	641	64-first/ALIONWALK.jpg	ALIONWALK.jpg	SPACE	685	SPACE
1446835531484	0	lts_1106I_20_01	20	01	0	286	0	0	0	CR	MAX	Aadjustablech.jpg	Aadjustablech.jpg	NOKEY	MAX	NOKEY
1446835534560	0	lts_1106I_20_01	20	01	0	287	0	0	0	CR	MAX	ACHANGDIS.jpg	ACHANGDIS.jpg	NOKEY	MAX	NOKEY
1446835537636	0	lts_1106I_20_01	20	01	0	288	0	0	0	CR	MAX	AELECOMP2.jpg	AELECOMP2.jpg	NOKEY	MAX	NOKEY
1446835540712	0	lts_1106I_20_01	20	01	0	289	0	0	0	CR	MAX	AHONEYSTI.jpg	AHONEYSTI.jpg	NOKEY	MAX	NOKEY
1446835541815	0	lts_1106I_20_01	20	01	0	290	8	1	1	Hit	620	8-first/ACHINBRB4.jpg	ACHINBRB4.jpg	SPACE	669	SPACE
1446835544908	0	lts_1106I_20_01	20	01	0	291	0	0	0	CR	MAX	ATEARDROP.jpg	ATEARDROP.jpg	NOKEY	MAX	NOKEY
1446835546029	0	lts_1106I_20_01	20	01	0	292	16	1	1	Hit	636	16-mul/Ashovel8.jpg	Ashovel8.jpg	SPACE	686	SPACE
1446835549105	0	lts_1106I_20_01	20	01	0	293	0	0	0	CR	MAX	ATELESCO2.jpg	ATELESCO2.jpg	NOKEY	MAX	NOKEY
1446835552197	0	lts_1106I_20_01	20	01	0	294	0	0	0	CR	MAX	Acoatrack5.jpg	Acoatrack5.jpg	NOKEY	MAX	NOKEY
1446835555273	0	lts_1106I_20_01	20	01	0	295	0	0	0	CR	MAX	Aseal3.jpg	Aseal3.jpg	NOKEY	MAX	NOKEY
1446835558349	0	lts_1106I_20_01	20	01	0	296	0	0	0	CR	MAX	26440629.thl.jpg	26440629.thl.jpg	NOKEY	MAX	NOKEY
1446835561425	0	lts_1106I_20_01	20	01	0	297	0	0	0	CR	MAX	1/APARKBENC.jpg	APARKBENC.jpg	NOKEY	MAX	NOKEY
1446835562729	0	lts_1106I_20_01	20	01	0	298	1	1	1	Hit	835	1-8/APARKBENC.jpg	APARKBENC.jpg	SPACE	869	SPACE
1446835565805	0	lts_1106I_20_01	20	01	0	299	0	0	0	CR	MAX	22991767.thl.jpg	22991767.thl.jpg	NOKEY	MAX	NOKEY
1446835568881	0	lts_1106I_20_01	20	01	0	300	0	0	0	CR	MAX	26684634.thl.jpg	26684634.thl.jpg	NOKEY	MAX	NOKEY
1446835569834	0	lts_1106I_20_01	20	01	0	301	16	1	1	Hit	470	16-mul/ALIONWALK.jpg	ALIONWALK.jpg	SPACE	518	SPACE
1446835572910	0	lts_1106I_20_01	20	01	0	302	0	0	0	CR	MAX	AWOODSPO3.jpg	AWOODSPO3.jpg	NOKEY	MAX	NOKEY
1446835575986	0	lts_1106I_20_01	20	01	0	303	0	0	0	CR	MAX	Apulley71.jpg	Apulley71.jpg	NOKEY	MAX	NOKEY
1446835577407	0	lts_1106I_20_01	20	01	0	304	0	0	1	FA	944	ACAPTAIN9.jpg	ACAPTAIN9.jpg	SPACE	985	NOKEY
1446835580483	0	lts_1106I_20_01	20	01	0	305	0	0	0	CR	MAX	AFRENCHF2.jpg	AFRENCHF2.jpg	NOKEY	MAX	NOKEY
1446835581503	0	lts_1106I_20_01	20	01	0	306	16	1	1	Hit	538	16-mul/ACHINBRB4.jpg	ACHINBRB4.jpg	SPACE	586	SPACE
1446835584579	0	lts_1106I_20_01	20	01	0	307	0	0	0	CR	MAX	Adecorativet3.jpg	Adecorativet3.jpg	NOKEY	MAX	NOKEY
1446835587655	0	lts_1106I_20_01	20	01	0	308	64	1	0	Miss	MAX	64-first/26390325.thl.jpg	26390325.thl.jpg	NOKEY	MAX	SPACE
1446835590748	0	lts_1106I_20_01	20	01	0	309	0	0	0	CR	MAX	8/radish.jpg	radish.jpg	NOKEY	MAX	NOKEY
1446835591818	0	lts_1106I_20_01	20	01	0	310	2	1	1	Hit	589	2-mul/26390325.thl.jpg	26390325.thl.jpg	SPACE	635	SPACE
1446835594894	0	lts_1106I_20_01	20	01	0	311	0	0	0	CR	MAX	8/AHEBREWTE.jpg	AHEBREWTE.jpg	NOKEY	MAX	NOKEY
1446835597970	0	lts_1106I_20_01	20	01	0	312	0	0	0	CR	MAX	Afish57.jpg	Afish57.jpg	NOKEY	MAX	NOKEY
1446835601047	0	lts_1106I_20_01	20	01	0	313	0	0	0	CR	MAX	1/ADANGEAR5.jpg	ADANGEAR5.jpg	NOKEY	MAX	NOKEY
1446835602150	0	lts_1106I_20_01	20	01	0	314	1	1	1	Hit	619	1-14/ADANGEAR5.jpg	ADANGEAR5.jpg	SPACE	667	SPACE
1446835605226	0	lts_1106I_20_01	20	01	0	315	0	0	0	CR	MAX	AFLOURSCO.jpg	AFLOURSCO.jpg	NOKEY	MAX	NOKEY
1446835608302	0	lts_1106I_20_01	20	01	0	316	0	0	0	CR	MAX	AWASHRACK.jpg	AWASHRACK.jpg	NOKEY	MAX	NOKEY
1446835609439	0	lts_1106I_20_01	20	01	0	317	8	1	1	Hit	655	8-0/radish.jpg	radish.jpg	SPACE	703	SPACE
1446835612515	0	lts_1106I_20_01	20	01	0	318	0	0	0	CR	MAX	Apepperoni.jpg	Apepperoni.jpg	NOKEY	MAX	NOKEY
1446835613885	0	lts_1106I_20_01	20	01	0	319	8	1	1	Hit	886	8-first/AHEBREWTE.jpg	AHEBREWTE.jpg	SPACE	936	SPACE
1446835616978	0	lts_1106I_20_01	20	01	0	320	0	0	0	CR	MAX	AWASHMAC5.jpg	AWASHMAC5.jpg	NOKEY	MAX	NOKEY
1446835620055	0	lts_1106I_20_01	20	01	0	321	0	0	0	CR	MAX	B_brush.jpg	B_brush.jpg	NOKEY	MAX	NOKEY
1446835623130	0	lts_1106I_20_01	20	01	0	322	0	0	0	CR	MAX	2/ADECOSPO4.jpg	ADECOSPO4.jpg	NOKEY	MAX	NOKEY
1446835626207	0	lts_1106I_20_01	20	01	0	323	0	0	0	CR	MAX	Ahotwaterbot2.jpg	Ahotwaterbot2.jpg	NOKEY	MAX	NOKEY
1446835627276	0	lts_1106I_20_01	20	01	0	324	2	1	1	Hit	600	2-9/ADECOSPO4.jpg	ADECOSPO4.jpg	SPACE	635	SPACE
1446835630352	0	lts_1106I_20_01	20	01	0	325	0	0	0	CR	MAX	Abar8.jpg	Abar8.jpg	NOKEY	MAX	NOKEY
1446835633428	0	lts_1106I_20_01	20	01	0	326	0	0	0	CR	MAX	22855236.thl.jpg	22855236.thl.jpg	NOKEY	MAX	NOKEY
1446835636505	0	lts_1106I_20_01	20	01	0	327	0	0	0	CR	MAX	ABIRDCAG2.jpg	ABIRDCAG2.jpg	NOKEY	MAX	NOKEY
1446835639581	0	lts_1106I_20_01	20	01	0	328	0	0	0	CR	MAX	Aflyingeagle9.jpg	Aflyingeagle9.jpg	NOKEY	MAX	NOKEY
1446835642657	0	lts_1106I_20_01	20	01	0	329	0	0	0	CR	MAX	Adiscoball2.jpg	Adiscoball2.jpg	NOKEY	MAX	NOKEY
1446835645749	0	lts_1106I_20_01	20	01	0	330	0	0	0	CR	MAX	8/Abottleopener.jpg	Abottleopener.jpg	NOKEY	MAX	NOKEY
1446835648825	0	lts_1106I_20_01	20	01	0	331	0	0	0	CR	MAX	AALMOND1.jpg	AALMOND1.jpg	NOKEY	MAX	NOKEY
1446835651902	0	lts_1106I_20_01	20	01	0	332	0	0	0	CR	MAX	AARCHERY.jpg	AARCHERY.jpg	NOKEY	MAX	NOKEY
1446835654978	0	lts_1106I_20_01	20	01	0	333	0	0	0	CR	MAX	8079958.thl.jpg	8079958.thl.jpg	NOKEY	MAX	NOKEY
1446835658055	0	lts_1106I_20_01	20	01	0	334	0	0	0	CR	MAX	22903148.thl.jpg	22903148.thl.jpg	NOKEY	MAX	NOKEY
1446835659174	0	lts_1106I_20_01	20	01	0	335	16	1	1	Hit	648	16-mul/AHEBREWTE.jpg	AHEBREWTE.jpg	SPACE	685	SPACE
1446835662250	0	lts_1106I_20_01	20	01	0	336	0	0	0	CR	MAX	ACAESALAD.jpg	ACAESALAD.jpg	NOKEY	MAX	NOKEY
1446835665326	0	lts_1106I_20_01	20	01	0	337	0	0	0	CR	MAX	stone.jpg	stone.jpg	NOKEY	MAX	NOKEY
1446835666396	0	lts_1106I_20_01	20	01	0	338	8	1	1	Hit	590	8-first/Abottleopener.jpg	Abottleopener.jpg	SPACE	635	SPACE
1446835669489	0	lts_1106I_20_01	20	01	0	339	0	0	0	CR	MAX	35310232.thl.jpg	35310232.thl.jpg	NOKEY	MAX	NOKEY
1446835670508	0	lts_1106I_20_01	20	01	0	340	2	1	1	Hit	552	2-mul/Abottleopener.jpg	Abottleopener.jpg	SPACE	586	SPACE
1446835673585	0	lts_1106I_20_01	20	01	0	341	0	0	0	CR	MAX	26439074.thl.jpg	26439074.thl.jpg	NOKEY	MAX	NOKEY
1446835676677	0	lts_1106I_20_01	20	01	0	342	0	0	0	CR	MAX	elecmap.jpg	elecmap.jpg	NOKEY	MAX	NOKEY
1446835679753	0	lts_1106I_20_01	20	01	0	343	0	0	0	CR	MAX	1/26372669.thl.jpg	26372669.thl.jpg	NOKEY	MAX	NOKEY
1446835680639	0	lts_1106I_20_01	20	01	0	344	1	1	1	Hit	407	1-7/26372669.thl.jpg	26372669.thl.jpg	SPACE	451	SPACE
1446835683716	0	lts_1106I_20_01	20	01	0	345	0	0	0	CR	MAX	AANALCIME.jpg	AANALCIME.jpg	NOKEY	MAX	NOKEY
1446835686792	0	lts_1106I_20_01	20	01	0	346	0	0	0	CR	MAX	16/AMEASDEVI.jpg	AMEASDEVI.jpg	NOKEY	MAX	NOKEY
1446835689033	0	lts_1106I_20_01	20	01	0	347	128	1	1	Hit	1757	128-1/cannoli.jpg	cannoli.jpg	SPACE	1806	SPACE
1446835692109	0	lts_1106I_20_01	20	01	0	348	0	0	0	CR	MAX	4/ABALLBEAR.jpg	ABALLBEAR.jpg	NOKEY	MAX	NOKEY
1446835695184	0	lts_1106I_20_01	20	01	0	349	0	0	0	CR	MAX	Aprintingpre5.jpg	Aprintingpre5.jpg	NOKEY	MAX	NOKEY
1446835698260	0	lts_1106I_20_01	20	01	0	350	0	0	0	CR	MAX	shavingcream01.jpg	shavingcream01.jpg	NOKEY	MAX	NOKEY
1446835701336	0	lts_1106I_20_01	20	01	0	351	0	0	0	CR	MAX	Arubberworksh.jpg	Arubberworksh.jpg	NOKEY	MAX	NOKEY
1446835702272	0	lts_1106I_20_01	20	01	0	352	4	1	1	Hit	452	4-1/ABALLBEAR.jpg	ABALLBEAR.jpg	SPACE	501	SPACE
1446835705348	0	lts_1106I_20_01	20	01	0	353	0	0	0	CR	MAX	dftslpi.jpg	dftslpi.jpg	NOKEY	MAX	NOKEY
1446835708474	0	lts_1106I_20_01	20	01	0	354	0	0	0	CR	MAX	AHOCKPANT.jpg	AHOCKPANT.jpg	NOKEY	MAX	NOKEY
1446835709678	0	lts_1106I_20_01	20	01	0	355	128	1	1	Hit	722	128-5/Acastingladl2.jpg	Acastingladl2.jpg	SPACE	769	SPACE
1446835712754	0	lts_1106I_20_01	20	01	0	356	0	0	0	CR	MAX	4/8250565.thl.jpg	8250565.thl.jpg	NOKEY	MAX	NOKEY
1446835715830	0	lts_1106I_20_01	20	01	0	357	128	1	0	Miss	MAX	128-7/ASLIDVIE2.jpg	ASLIDVIE2.jpg	NOKEY	MAX	SPACE
1446835718906	0	lts_1106I_20_01	20	01	0	358	0	0	0	CR	MAX	26379054.thl.jpg	26379054.thl.jpg	NOKEY	MAX	NOKEY
1446835721982	0	lts_1106I_20_01	20	01	0	359	0	0	0	CR	MAX	Acabinetwithm.jpg	Acabinetwithm.jpg	NOKEY	MAX	NOKEY
1446835723220	0	lts_1106I_20_01	20	01	0	360	4	1	1	Hit	750	4-9/8250565.thl.jpg	8250565.thl.jpg	SPACE	802	SPACE
1446835726296	0	lts_1106I_20_01	20	01	0	361	0	0	0	CR	MAX	8/Apartyha3.jpg	Apartyha3.jpg	NOKEY	MAX	NOKEY
1446835727265	0	lts_1106I_20_01	20	01	0	362	16	1	1	Hit	496	16-first/AMEASDEVI.jpg	AMEASDEVI.jpg	SPACE	535	SPACE
1446835730358	0	lts_1106I_20_01	20	01	0	363	0	0	0	CR	MAX	Atoyboat10.jpg	Atoyboat10.jpg	NOKEY	MAX	NOKEY
1446835733434	0	lts_1106I_20_01	20	01	0	364	0	0	0	CR	MAX	ASEWINGT4.jpg	ASEWINGT4.jpg	NOKEY	MAX	NOKEY
1446835736510	0	lts_1106I_20_01	20	01	0	365	0	0	0	CR	MAX	Aantiquerota7.jpg	Aantiquerota7.jpg	NOKEY	MAX	NOKEY
1446835737547	0	lts_1106I_20_01	20	01	0	366	4	1	1	Hit	566	4-mul/AMEASDEVI.jpg	AMEASDEVI.jpg	SPACE	602	SPACE
1446835740623	0	lts_1106I_20_01	20	01	0	367	0	0	0	CR	MAX	AEXIT7.jpg	AEXIT7.jpg	NOKEY	MAX	NOKEY
1446835743715	0	lts_1106I_20_01	20	01	0	368	0	0	0	CR	MAX	labyrinthe.jpg	labyrinthe.jpg	NOKEY	MAX	NOKEY
1446835744652	0	lts_1106I_20_01	20	01	0	369	8	1	1	Hit	458	8-first/Apartyha3.jpg	Apartyha3.jpg	SPACE	501	SPACE
1446835747728	0	lts_1106I_20_01	20	01	0	370	0	0	0	CR	MAX	ASMOKDE16.jpg	ASMOKDE16.jpg	NOKEY	MAX	NOKEY
1446835750804	0	lts_1106I_20_01	20	01	0	371	0	0	0	CR	MAX	8256530.thl.jpg	8256530.thl.jpg	NOKEY	MAX	NOKEY
1446835753880	0	lts_1106I_20_01	20	01	0	372	0	0	0	CR	MAX	AHOSPCRI3.jpg	AHOSPCRI3.jpg	NOKEY	MAX	NOKEY
1446835754983	0	lts_1106I_20_01	20	01	0	373	4	1	1	Hit	628	4-mul/Apartyha3.jpg	Apartyha3.jpg	SPACE	669	SPACE
1446835758060	0	lts_1106I_20_01	20	01	0	374	0	0	0	CR	MAX	ABUILDAR4.jpg	ABUILDAR4.jpg	NOKEY	MAX	NOKEY
1446835761135	0	lts_1106I_20_01	20	01	0	375	0	0	0	CR	MAX	ATISSUE.jpg	ATISSUE.jpg	NOKEY	MAX	NOKEY
1446835764228	0	lts_1106I_20_01	20	01	0	376	0	0	0	CR	MAX	22822309.thl.jpg	22822309.thl.jpg	NOKEY	MAX	NOKEY
1446835767304	0	lts_1106I_20_01	20	01	0	377	0	0	0	CR	MAX	32/8257273.thl.jpg	8257273.thl.jpg	NOKEY	MAX	NOKEY
1446835770380	0	lts_1106I_20_01	20	01	0	378	0	0	0	CR	MAX	chocolatebar.jpg	chocolatebar.jpg	NOKEY	MAX	NOKEY
1446835773456	0	lts_1106I_20_01	20	01	0	379	0	0	0	CR	MAX	4/8019684.thl.jpg	8019684.thl.jpg	NOKEY	MAX	NOKEY
1446835774459	0	lts_1106I_20_01	20	01	0	380	0	0	1	FA	528	64/Awoodenegg.jpg	Awoodenegg.jpg	SPACE	569	NOKEY
1446835777536	0	lts_1106I_20_01	20	01	0	381	0	0	0	CR	MAX	16/ATHISEND4.jpg	ATHISEND4.jpg	NOKEY	MAX	NOKEY
1446835780612	0	lts_1106I_20_01	20	01	0	382	0	0	0	CR	MAX	4/ACOFFPOT3.jpg	ACOFFPOT3.jpg	NOKEY	MAX	NOKEY
1446835781598	0	lts_1106I_20_01	20	01	0	383	4	1	1	Hit	514	4-5/8019684.thl.jpg	8019684.thl.jpg	SPACE	552	SPACE
1446835784674	0	lts_1106I_20_01	20	01	0	384	0	0	0	CR	MAX	ABLAKPOT3.jpg	ABLAKPOT3.jpg	NOKEY	MAX	NOKEY
1446835787750	0	lts_1106I_20_01	20	01	0	385	0	0	0	CR	MAX	cowboywagon.jpg	cowboywagon.jpg	NOKEY	MAX	NOKEY
1446835788904	0	lts_1106I_20_01	20	01	0	386	4	1	1	Hit	672	4-3/ACOFFPOT3.jpg	ACOFFPOT3.jpg	SPACE	718	SPACE
1446835791996	0	lts_1106I_20_01	20	01	0	387	0	0	0	CR	MAX	Athimble2.jpg	Athimble2.jpg	NOKEY	MAX	NOKEY
1446835795073	0	lts_1106I_20_01	20	01	0	388	0	0	0	CR	MAX	AGARLICCO.jpg	AGARLICCO.jpg	NOKEY	MAX	NOKEY
1446835798148	0	lts_1106I_20_01	20	01	0	389	0	0	0	CR	MAX	Achipboard.jpg	Achipboard.jpg	NOKEY	MAX	NOKEY
1446835801225	0	lts_1106I_20_01	20	01	0	390	0	0	0	CR	MAX	Acanister10.jpg	Acanister10.jpg	NOKEY	MAX	NOKEY
1446835802462	0	lts_1106I_20_01	20	01	0	391	128	1	1	Hit	744	128-4/Acdrominterf2.jpg	Acdrominterf2.jpg	SPACE	787	SPACE
1446835805538	0	lts_1106I_20_01	20	01	0	392	0	0	0	CR	MAX	AMELODEON.jpg	AMELODEON.jpg	NOKEY	MAX	NOKEY
1446835808614	0	lts_1106I_20_01	20	01	0	393	0	0	0	CR	MAX	1/26389125.thl.jpg	26389125.thl.jpg	NOKEY	MAX	NOKEY
1446835809868	0	lts_1106I_20_01	20	01	0	394	1	1	1	Hit	774	1-5/26389125.thl.jpg	26389125.thl.jpg	SPACE	819	SPACE
1446835812944	0	lts_1106I_20_01	20	01	0	395	0	0	0	CR	MAX	16/Amilkcrate2.jpg	Amilkcrate2.jpg	NOKEY	MAX	NOKEY
1446835816021	0	lts_1106I_20_01	20	01	0	396	0	0	0	CR	MAX	ATAMBOURI.jpg	ATAMBOURI.jpg	NOKEY	MAX	NOKEY
1446835817207	0	lts_1106I_20_01	20	01	0	397	16	1	1	Hit	706	16-first/ATHISEND4.jpg	ATHISEND4.jpg	SPACE	752	SPACE
1446835820283	0	lts_1106I_20_01	20	01	0	398	0	0	0	CR	MAX	ABOXVIALS.jpg	ABOXVIALS.jpg	NOKEY	MAX	NOKEY
1446835823376	0	lts_1106I_20_01	20	01	0	399	0	0	0	CR	MAX	A52ZX.jpg	A52ZX.jpg	NOKEY	MAX	NOKEY
1446835826468	0	lts_1106I_20_01	20	01	0	400	0	0	0	CR	MAX	APILLS5.jpg	APILLS5.jpg	NOKEY	MAX	NOKEY
1446835827488	0	lts_1106I_20_01	20	01	0	401	4	1	1	Hit	541	4-mul/ATHISEND4.jpg	ATHISEND4.jpg	SPACE	586	SPACE
1446835830564	0	lts_1106I_20_01	20	01	0	402	0	0	0	CR	MAX	ACOOKOIL.jpg	ACOOKOIL.jpg	NOKEY	MAX	NOKEY
1446835833657	0	lts_1106I_20_01	20	01	0	403	0	0	0	CR	MAX	16/Alei23.jpg	Alei23.jpg	NOKEY	MAX	NOKEY
1446835836733	0	lts_1106I_20_01	20	01	0	404	0	0	0	CR	MAX	Apeanut3.jpg	Apeanut3.jpg	NOKEY	MAX	NOKEY
1446835839809	0	lts_1106I_20_01	20	01	0	405	0	0	0	CR	MAX	26461413.thl.jpg	26461413.thl.jpg	NOKEY	MAX	NOKEY
1446835842885	0	lts_1106I_20_01	20	01	0	406	0	0	0	CR	MAX	AMETALPER.jpg	AMETALPER.jpg	NOKEY	MAX	NOKEY
1446835845961	0	lts_1106I_20_01	20	01	0	407	0	0	0	CR	MAX	Abicycleglove.jpg	Abicycleglove.jpg	NOKEY	MAX	NOKEY
1446835849038	0	lts_1106I_20_01	20	01	0	408	0	0	0	CR	MAX	Aoutdoorrece2.jpg	Aoutdoorrece2.jpg	NOKEY	MAX	NOKEY
1446835850041	0	lts_1106I_20_01	20	01	0	409	32	1	1	Hit	532	32-6/8257273.thl.jpg	8257273.thl.jpg	SPACE	567	SPACE
1446835853116	0	lts_1106I_20_01	20	01	0	410	0	0	0	CR	MAX	8057434.thl.jpg	8057434.thl.jpg	NOKEY	MAX	NOKEY
1446835856193	0	lts_1106I_20_01	20	01	0	411	16	1	0	Miss	MAX	16-first/Amilkcrate2.jpg	Amilkcrate2.jpg	NOKEY	MAX	SPACE
1446835859285	0	lts_1106I_20_01	20	01	0	412	0	0	0	CR	MAX	gymbench.jpg	gymbench.jpg	NOKEY	MAX	NOKEY
1446835860422	0	lts_1106I_20_01	20	01	0	413	0	0	1	FA	666	ANAILFILE.jpg	ANAILFILE.jpg	SPACE	703	NOKEY
1446835863498	0	lts_1106I_20_01	20	01	0	414	0	0	0	CR	MAX	2/ABULLMASK.jpg	ABULLMASK.jpg	NOKEY	MAX	NOKEY
1446835866574	0	lts_1106I_20_01	20	01	0	415	0	0	0	CR	MAX	16/22887144.thl.jpg	22887144.thl.jpg	NOKEY	MAX	NOKEY
1446835867594	0	lts_1106I_20_01	20	01	0	416	2	1	1	Hit	538	2-13/ABULLMASK.jpg	ABULLMASK.jpg	SPACE	585	SPACE
1446835870670	0	lts_1106I_20_01	20	01	0	417	0	0	0	CR	MAX	4/23025307.thl.jpg	23025307.thl.jpg	NOKEY	MAX	NOKEY
1446835873746	0	lts_1106I_20_01	20	01	0	418	0	0	0	CR	MAX	fortune-cookie.jpg	fortune-cookie.jpg	NOKEY	MAX	NOKEY
1446835874883	0	lts_1106I_20_01	20	01	0	419	16	1	1	Hit	652	16-1/Alei23.jpg	Alei23.jpg	SPACE	702	SPACE
1446835877959	0	lts_1106I_20_01	20	01	0	420	0	0	0	CR	MAX	ACOOKCUTT.jpg	ACOOKCUTT.jpg	NOKEY	MAX	NOKEY
1446835879313	0	lts_1106I_20_01	20	01	0	421	4	1	1	Hit	870	4-12/23025307.thl.jpg	23025307.thl.jpg	SPACE	920	SPACE
1446835882389	0	lts_1106I_20_01	20	01	0	422	0	0	0	CR	MAX	trapezebars.jpg	trapezebars.jpg	NOKEY	MAX	NOKEY
1446835885465	0	lts_1106I_20_01	20	01	0	423	0	0	0	CR	MAX	2/Adeer20.jpg	Adeer20.jpg	NOKEY	MAX	NOKEY
1446835888541	0	lts_1106I_20_01	20	01	0	424	0	0	0	CR	MAX	26420893.thl.jpg	26420893.thl.jpg	NOKEY	MAX	NOKEY
1446835889645	0	lts_1106I_20_01	20	01	0	425	2	1	1	Hit	627	2-1/Adeer20.jpg	Adeer20.jpg	SPACE	669	SPACE
1446835892788	0	lts_1106I_20_01	20	01	0	426	0	0	0	CR	MAX	ASTEAMER4.jpg	ASTEAMER4.jpg	NOKEY	MAX	NOKEY
1446835893824	0	lts_1106I_20_01	20	01	0	427	16	1	1	Hit	561	16-mul/Amilkcrate2.jpg	Amilkcrate2.jpg	SPACE	602	SPACE
1446835896900	0	lts_1106I_20_01	20	01	0	428	0	0	0	CR	MAX	AHOSPLIF2.jpg	AHOSPLIF2.jpg	NOKEY	MAX	NOKEY
1446835899976	0	lts_1106I_20_01	20	01	0	429	0	0	0	CR	MAX	APEELER.jpg	APEELER.jpg	NOKEY	MAX	NOKEY
1446835903053	0	lts_1106I_20_01	20	01	0	430	0	0	0	CR	MAX	26374055.thl.jpg	26374055.thl.jpg	NOKEY	MAX	NOKEY
1446835904122	0	lts_1106I_20_01	20	01	0	431	16	1	1	Hit	593	16-first/22887144.thl.jpg	22887144.thl.jpg	SPACE	634	SPACE
1446835907198	0	lts_1106I_20_01	20	01	0	432	0	0	0	CR	MAX	Achick9.jpg	Achick9.jpg	NOKEY	MAX	NOKEY
1446835910274	0	lts_1106I_20_01	20	01	0	433	0	0	0	CR	MAX	ABOWLCARV.jpg	ABOWLCARV.jpg	NOKEY	MAX	NOKEY
1446835913347	0	lts_1106I_20_01	20	01	0	434	0	0	0	CR	MAX	ALINENCA3.jpg	ALINENCA3.jpg	NOKEY	MAX	NOKEY
1446835914300	0	lts_1106I_20_01	20	01	0	435	4	1	1	Hit	469	4-mul/22887144.thl.jpg	22887144.thl.jpg	SPACE	519	SPACE
1446835917392	0	lts_1106I_20_01	20	01	0	436	0	0	0	CR	MAX	legoblocks.jpg	legoblocks.jpg	NOKEY	MAX	NOKEY
1446835920468	0	lts_1106I_20_01	20	01	0	437	0	0	0	CR	MAX	22857084.thl.jpg	22857084.thl.jpg	NOKEY	MAX	NOKEY
1446835923545	0	lts_1106I_20_01	20	01	0	438	0	0	0	CR	MAX	2/ATALSTAN3.jpg	ATALSTAN3.jpg	NOKEY	MAX	NOKEY
1446835926637	0	lts_1106I_20_01	20	01	0	439	0	0	0	CR	MAX	ATOWELRA3.jpg	ATOWELRA3.jpg	NOKEY	MAX	NOKEY
1446835927574	0	lts_1106I_20_01	20	01	0	440	2	1	1	Hit	461	2-8/ATALSTAN3.jpg	ATALSTAN3.jpg	SPACE	501	SPACE
1446835930650	0	lts_1106I_20_01	20	01	0	441	0	0	0	CR	MAX	Awaxlips.jpg	Awaxlips.jpg	NOKEY	MAX	NOKEY
1446835933726	0	lts_1106I_20_01	20	01	0	442	0	0	0	CR	MAX	Ahorse23.jpg	Ahorse23.jpg	NOKEY	MAX	NOKEY
1446835936802	0	lts_1106I_20_01	20	01	0	443	0	0	0	CR	MAX	ANEWSBOX4.jpg	ANEWSBOX4.jpg	NOKEY	MAX	NOKEY
1446835937888	0	lts_1106I_20_01	20	01	0	444	64	1	1	Hit	612	64-first/Awoodenegg.jpg	Awoodenegg.jpg	SPACE	652	SPACE
1446835940981	0	lts_1106I_20_01	20	01	0	445	0	0	0	CR	MAX	Agnu.jpg	Agnu.jpg	NOKEY	MAX	NOKEY
1446835944075	0	lts_1106I_20_01	20	01	0	446	0	0	0	CR	MAX	batslcshi.jpg	batslcshi.jpg	NOKEY	MAX	NOKEY
1446835947150	0	lts_1106I_20_01	20	01	0	447	0	0	0	CR	MAX	ALAMP45.jpg	ALAMP45.jpg	NOKEY	MAX	NOKEY
1446835948054	0	lts_1106I_20_01	20	01	0	448	4	1	1	Hit	430	4-mul/Awoodenegg.jpg	Awoodenegg.jpg	SPACE	468	SPACE
1446835951129	0	lts_1106I_20_01	20	01	0	449	0	0	0	CR	MAX	8080484.thl.jpg	8080484.thl.jpg	NOKEY	MAX	NOKEY
1446835986153	0	lts_1106I_20_01	20	01	1	0	0	0	0	CR	MAX	ABATHTAP.jpg	ABATHTAP.jpg	NOKEY	MAX	NOKEY
1446835989229	0	lts_1106I_20_01	20	01	1	1	0	0	0	CR	MAX	ACHRIST14.jpg	ACHRIST14.jpg	NOKEY	MAX	NOKEY
1446835992305	0	lts_1106I_20_01	20	01	1	2	0	0	0	CR	MAX	ACOPPAN10.jpg	ACOPPAN10.jpg	NOKEY	MAX	NOKEY
1446835995381	0	lts_1106I_20_01	20	01	1	3	0	0	0	CR	MAX	2/Abrassbu2.jpg	Abrassbu2.jpg	NOKEY	MAX	NOKEY
1446835998457	0	lts_1106I_20_01	20	01	1	4	0	0	0	CR	MAX	AHONEYJA2.jpg	AHONEYJA2.jpg	NOKEY	MAX	NOKEY
1446835999393	0	lts_1106I_20_01	20	01	1	5	2	1	1	Hit	453	2-4/Abrassbu2.jpg	Abrassbu2.jpg	SPACE	502	SPACE
1446836002486	0	lts_1106I_20_01	20	01	1	6	0	0	0	CR	MAX	Aoutdoorhalo2.jpg	Aoutdoorhalo2.jpg	NOKEY	MAX	NOKEY
1446836005562	0	lts_1106I_20_01	20	01	1	7	0	0	0	CR	MAX	AGOAT10.jpg	AGOAT10.jpg	NOKEY	MAX	NOKEY
1446836008655	0	lts_1106I_20_01	20	01	1	8	0	0	0	CR	MAX	mriscanner.jpg	mriscanner.jpg	NOKEY	MAX	NOKEY
1446836011731	0	lts_1106I_20_01	20	01	1	9	0	0	0	CR	MAX	4/Arake4.jpg	Arake4.jpg	NOKEY	MAX	NOKEY
1446836014807	0	lts_1106I_20_01	20	01	1	10	0	0	0	CR	MAX	128/Adaisies3.jpg	Adaisies3.jpg	NOKEY	MAX	NOKEY
1446836017883	0	lts_1106I_20_01	20	01	1	11	0	0	0	CR	MAX	footballhelmet.jpg	footballhelmet.jpg	NOKEY	MAX	NOKEY
1446836020959	0	lts_1106I_20_01	20	01	1	12	0	0	0	CR	MAX	AFERRAF40.jpg	AFERRAF40.jpg	NOKEY	MAX	NOKEY
1446836021945	0	lts_1106I_20_01	20	01	1	13	4	1	1	Hit	510	4-8/Arake4.jpg	Arake4.jpg	SPACE	552	SPACE
1446836025022	0	lts_1106I_20_01	20	01	1	14	0	0	0	CR	MAX	Asandwichiro2.jpg	Asandwichiro2.jpg	NOKEY	MAX	NOKEY
1446836028098	0	lts_1106I_20_01	20	01	1	15	0	0	0	CR	MAX	Aservicedesk.jpg	Aservicedesk.jpg	NOKEY	MAX	NOKEY
1446836031173	0	lts_1106I_20_01	20	01	1	16	0	0	0	CR	MAX	64/AROCKCH27.jpg	AROCKCH27.jpg	NOKEY	MAX	NOKEY
1446836034266	0	lts_1106I_20_01	20	01	1	17	0	0	0	CR	MAX	Alaundrybask5.jpg	Alaundrybask5.jpg	NOKEY	MAX	NOKEY
1446836037342	0	lts_1106I_20_01	20	01	1	18	0	0	0	CR	MAX	32/ASTAMPS.jpg	ASTAMPS.jpg	NOKEY	MAX	NOKEY
1446836038529	0	lts_1106I_20_01	20	01	1	19	0	0	1	FA	707	AANTFRYI2.jpg	AANTFRYI2.jpg	SPACE	752	NOKEY
1446836041605	0	lts_1106I_20_01	20	01	1	20	0	0	0	CR	MAX	4/23014831.thl.jpg	23014831.thl.jpg	NOKEY	MAX	NOKEY
1446836044681	0	lts_1106I_20_01	20	01	1	21	0	0	0	CR	MAX	snail.jpg	snail.jpg	NOKEY	MAX	NOKEY
1446836045668	0	lts_1106I_20_01	20	01	1	22	00	1	1	Hit	515	00-across/ALIONWALK.jpg	ALIONWALK.jpg	SPACE	552	SPACE
1446836048744	0	lts_1106I_20_01	20	01	1	23	0	0	0	CR	MAX	clips-a.jpg	clips-a.jpg	NOKEY	MAX	NOKEY
1446836049797	0	lts_1106I_20_01	20	01	1	24	4	1	1	Hit	568	4-2/23014831.thl.jpg	23014831.thl.jpg	SPACE	619	SPACE
1446836052873	0	lts_1106I_20_01	20	01	1	25	0	0	0	CR	MAX	Acandlehold17.jpg	Acandlehold17.jpg	NOKEY	MAX	NOKEY
1446836055949	0	lts_1106I_20_01	20	01	1	26	0	0	0	CR	MAX	Aslippers2.jpg	Aslippers2.jpg	NOKEY	MAX	NOKEY
1446836059026	0	lts_1106I_20_01	20	01	1	27	0	0	0	CR	MAX	AMAPLESYR.jpg	AMAPLESYR.jpg	NOKEY	MAX	NOKEY
1446836062135	0	lts_1106I_20_01	20	01	1	28	0	0	0	CR	MAX	1/A4DOMINO.jpg	A4DOMINO.jpg	NOKEY	MAX	NOKEY
1446836063055	0	lts_1106I_20_01	20	01	1	29	1	1	1	Hit	444	1-11/A4DOMINO.jpg	A4DOMINO.jpg	SPACE	485	SPACE
1446836066147	0	lts_1106I_20_01	20	01	1	30	0	0	0	CR	MAX	AVIOLINCO.jpg	AVIOLINCO.jpg	NOKEY	MAX	NOKEY
1446836069223	0	lts_1106I_20_01	20	01	1	31	0	0	0	CR	MAX	16/Aantiquevege3.jpg	Aantiquevege3.jpg	NOKEY	MAX	NOKEY
1446836072299	0	lts_1106I_20_01	20	01	1	32	0	0	0	CR	MAX	2/Aeastcho6.jpg	Aeastcho6.jpg	NOKEY	MAX	NOKEY
1446836075375	0	lts_1106I_20_01	20	01	1	33	0	0	0	CR	MAX	128/AMALLET13.jpg	AMALLET13.jpg	NOKEY	MAX	NOKEY
1446836076545	0	lts_1106I_20_01	20	01	1	34	2	1	1	Hit	686	2-10/Aeastcho6.jpg	Aeastcho6.jpg	SPACE	735	SPACE
1446836079621	0	lts_1106I_20_01	20	01	1	35	0	0	0	CR	MAX	36407685.thl.jpg	36407685.thl.jpg	NOKEY	MAX	NOKEY
1446836082698	0	lts_1106I_20_01	20	01	1	36	0	0	0	CR	MAX	26373362.thl.jpg	26373362.thl.jpg	NOKEY	MAX	NOKEY
1446836085774	0	lts_1106I_20_01	20	01	1	37	0	0	0	CR	MAX	64/Astatue99.jpg	Astatue99.jpg	NOKEY	MAX	NOKEY
1446836088850	0	lts_1106I_20_01	20	01	1	38	0	0	0	CR	MAX	ACRICKET2.jpg	ACRICKET2.jpg	NOKEY	MAX	NOKEY
1446836091926	0	lts_1106I_20_01	20	01	1	39	0	0	0	CR	MAX	1/34936916.thl.jpg	34936916.thl.jpg	NOKEY	MAX	NOKEY
1446836093129	0	lts_1106I_20_01	20	01	1	40	1	1	1	Hit	719	1-1/34936916.thl.jpg	34936916.thl.jpg	SPACE	769	SPACE
1446836096222	0	lts_1106I_20_01	20	01	1	41	0	0	0	CR	MAX	Adoorknocker2.jpg	Adoorknocker2.jpg	NOKEY	MAX	NOKEY
1446836099298	0	lts_1106I_20_01	20	01	1	42	0	0	0	CR	MAX	2/Aflower102.jpg	Aflower102.jpg	NOKEY	MAX	NOKEY
1446836102374	0	lts_1106I_20_01	20	01	1	43	0	0	0	CR	MAX	carbattery.jpg	carbattery.jpg	NOKEY	MAX	NOKEY
1446836103628	0	lts_1106I_20_01	20	01	1	44	2	1	1	Hit	771	2-8/Aflower102.jpg	Aflower102.jpg	SPACE	819	SPACE
1446836106704	0	lts_1106I_20_01	20	01	1	45	0	0	0	CR	MAX	26772987.thl.jpg	26772987.thl.jpg	NOKEY	MAX	NOKEY
1446836109780	0	lts_1106I_20_01	20	01	1	46	0	0	0	CR	MAX	hotgreenpepper.jpg	hotgreenpepper.jpg	NOKEY	MAX	NOKEY
1446836112522	0	lts_1106I_20_01	20	01	1	47	16	1	1	Hit	2248	16-first/Aantiquevege3.jpg	Aantiquevege3.jpg	SPACE	2291	SPACE
1446836115598	0	lts_1106I_20_01	20	01	1	48	0	0	0	CR	MAX	AGOLFIRON.jpg	AGOLFIRON.jpg	NOKEY	MAX	NOKEY
1446836118674	0	lts_1106I_20_01	20	01	1	49	0	0	0	CR	MAX	Atelecommuni4.jpg	Atelecommuni4.jpg	NOKEY	MAX	NOKEY
1446836119727	0	lts_1106I_20_01	20	01	1	50	32	1	1	Hit	584	32-1/ASTAMPS.jpg	ASTAMPS.jpg	SPACE	618	SPACE
1446836122803	0	lts_1106I_20_01	20	01	1	51	0	0	0	CR	MAX	Aantiquebuck2.jpg	Aantiquebuck2.jpg	NOKEY	MAX	NOKEY
1446836125880	0	lts_1106I_20_01	20	01	1	52	0	0	0	CR	MAX	broccoli.jpg	broccoli.jpg	NOKEY	MAX	NOKEY
1446836128956	0	lts_1106I_20_01	20	01	1	53	0	0	0	CR	MAX	Aorcatoy4.jpg	Aorcatoy4.jpg	NOKEY	MAX	NOKEY
1446836132033	0	lts_1106I_20_01	20	01	1	54	0	0	0	CR	MAX	64/26372465.thl.jpg	26372465.thl.jpg	NOKEY	MAX	NOKEY
1446836135109	0	lts_1106I_20_01	20	01	1	55	0	0	0	CR	MAX	1/origami.jpg	origami.jpg	NOKEY	MAX	NOKEY
1446836136161	0	lts_1106I_20_01	20	01	1	56	1	1	1	Hit	581	1-0/origami.jpg	origami.jpg	SPACE	619	SPACE
1446836139237	0	lts_1106I_20_01	20	01	1	57	0	0	0	CR	MAX	2/ball8.JPG	ball8.JPG	NOKEY	MAX	NOKEY
1446836142313	0	lts_1106I_20_01	20	01	1	58	0	0	0	CR	MAX	Aancientston3.jpg	Aancientston3.jpg	NOKEY	MAX	NOKEY
1446836143266	0	lts_1106I_20_01	20	01	1	59	2	1	1	Hit	482	2-5/ball8.JPG	ball8.JPG	SPACE	519	SPACE
1446836146342	0	lts_1106I_20_01	20	01	1	60	0	0	0	CR	MAX	16/AHEATER.jpg	AHEATER.jpg	NOKEY	MAX	NOKEY
1446836149418	0	lts_1106I_20_01	20	01	1	61	0	0	0	CR	MAX	Abooties4.jpg	Abooties4.jpg	NOKEY	MAX	NOKEY
1446836152511	0	lts_1106I_20_01	20	01	1	62	0	0	0	CR	MAX	AGLASSBO7.jpg	AGLASSBO7.jpg	NOKEY	MAX	NOKEY
1446836153965	0	lts_1106I_20_01	20	01	1	63	16	1	1	Hit	985	16-mul/Aantiquevege3.jpg	Aantiquevege3.jpg	SPACE	1020	SPACE
1446836157042	0	lts_1106I_20_01	20	01	1	64	0	0	0	CR	MAX	4/ADRUM.jpg	ADRUM.jpg	NOKEY	MAX	NOKEY
1446836160117	0	lts_1106I_20_01	20	01	1	65	0	0	0	CR	MAX	26375641.thl.jpg	26375641.thl.jpg	NOKEY	MAX	NOKEY
1446836163193	0	lts_1106I_20_01	20	01	1	66	0	0	0	CR	MAX	ABUFFALO.jpg	ABUFFALO.jpg	NOKEY	MAX	NOKEY
1446836166270	0	lts_1106I_20_01	20	01	1	67	0	0	0	CR	MAX	26431753.thl.jpg	26431753.thl.jpg	NOKEY	MAX	NOKEY
1446836167406	0	lts_1106I_20_01	20	01	1	68	4	1	1	Hit	656	4-6/ADRUM.jpg	ADRUM.jpg	SPACE	702	SPACE
1446836170482	0	lts_1106I_20_01	20	01	1	69	0	0	0	CR	MAX	Aflashlight3.jpg	Aflashlight3.jpg	NOKEY	MAX	NOKEY
1446836173575	0	lts_1106I_20_01	20	01	1	70	0	0	0	CR	MAX	26427903.thl.jpg	26427903.thl.jpg	NOKEY	MAX	NOKEY
1446836174829	0	lts_1106I_20_01	20	01	1	71	00	1	1	Hit	785	00-across/26375953.thl.jpg	26375953.thl.jpg	SPACE	819	SPACE
1446836177905	0	lts_1106I_20_01	20	01	1	72	0	0	0	CR	MAX	2/seesaw.jpg	seesaw.jpg	NOKEY	MAX	NOKEY
1446836180981	0	lts_1106I_20_01	20	01	1	73	0	0	0	CR	MAX	Achickendinne.jpg	Achickendinne.jpg	NOKEY	MAX	NOKEY
1446836182252	0	lts_1106I_20_01	20	01	1	74	2	1	1	Hit	787	2-3/seesaw.jpg	seesaw.jpg	SPACE	836	SPACE
1446836185345	0	lts_1106I_20_01	20	01	1	75	0	0	0	CR	MAX	Azebratoy2.jpg	Azebratoy2.jpg	NOKEY	MAX	NOKEY
1446836186348	0	lts_1106I_20_01	20	01	1	76	16	1	1	Hit	523	16-first/AHEATER.jpg	AHEATER.jpg	SPACE	568	SPACE
1446836189424	0	lts_1106I_20_01	20	01	1	77	0	0	0	CR	MAX	ADEEPFRY5.jpg	ADEEPFRY5.jpg	NOKEY	MAX	NOKEY
1446836192500	0	lts_1106I_20_01	20	01	1	78	0	0	0	CR	MAX	22887480.thl.jpg	22887480.thl.jpg	NOKEY	MAX	NOKEY
1446836195576	0	lts_1106I_20_01	20	01	1	79	0	0	0	CR	MAX	32/AXMASTIN3.jpg	AXMASTIN3.jpg	NOKEY	MAX	NOKEY
1446836196662	0	lts_1106I_20_01	20	01	1	80	64	1	1	Hit	614	64-first/AROCKCH27.jpg	AROCKCH27.jpg	SPACE	652	SPACE
1446836199739	0	lts_1106I_20_01	20	01	1	81	0	0	0	CR	MAX	ferrywheeltoy.jpg	ferrywheeltoy.jpg	NOKEY	MAX	NOKEY
1446836200775	0	lts_1106I_20_01	20	01	1	82	00	1	1	Hit	565	00-across/ASEWING.jpg	ASEWING.jpg	SPACE	602	SPACE
1446836203851	0	lts_1106I_20_01	20	01	1	83	0	0	0	CR	MAX	AWOODFLUT.jpg	AWOODFLUT.jpg	NOKEY	MAX	NOKEY
1446836204771	0	lts_1106I_20_01	20	01	1	84	4	1	1	Hit	440	4-mul/AROCKCH27.jpg	AROCKCH27.jpg	SPACE	484	SPACE
1446836207847	0	lts_1106I_20_01	20	01	1	85	0	0	0	CR	MAX	Aceramicjug16.jpg	Aceramicjug16.jpg	NOKEY	MAX	NOKEY
1446836210923	0	lts_1106I_20_01	20	01	1	86	0	0	0	CR	MAX	4/26429137.thl.jpg	26429137.thl.jpg	NOKEY	MAX	NOKEY
1446836212010	0	lts_1106I_20_01	20	01	1	87	00	1	1	Hit	613	00-across/AIVORSUIT.jpg	AIVORSUIT.jpg	SPACE	652	SPACE
1446836215086	0	lts_1106I_20_01	20	01	1	88	0	0	0	CR	MAX	Achair608.jpg	Achair608.jpg	NOKEY	MAX	NOKEY
1446836218178	0	lts_1106I_20_01	20	01	1	89	0	0	0	CR	MAX	Anailscissors.jpg	Anailscissors.jpg	NOKEY	MAX	NOKEY
1446836219131	0	lts_1106I_20_01	20	01	1	90	4	1	1	Hit	470	4-7/26429137.thl.jpg	26429137.thl.jpg	SPACE	518	SPACE
1446836222207	0	lts_1106I_20_01	20	01	1	91	0	0	0	CR	MAX	Ahousboa2.jpg	Ahousboa2.jpg	NOKEY	MAX	NOKEY
1446836223227	0	lts_1106I_20_01	20	01	1	92	16	1	1	Hit	539	16-mul/AHEATER.jpg	AHEATER.jpg	SPACE	585	SPACE
1446836226303	0	lts_1106I_20_01	20	01	1	93	0	0	0	CR	MAX	slide.jpg	slide.jpg	NOKEY	MAX	NOKEY
1446836229379	0	lts_1106I_20_01	20	01	1	94	0	0	0	CR	MAX	2/AXYLOPHN2.jpg	AXYLOPHN2.jpg	NOKEY	MAX	NOKEY
1446836232455	0	lts_1106I_20_01	20	01	1	95	0	0	0	CR	MAX	AGERMANH4.jpg	AGERMANH4.jpg	NOKEY	MAX	NOKEY
1446836233475	0	lts_1106I_20_01	20	01	1	96	2	1	1	Hit	547	2-1/AXYLOPHN2.jpg	AXYLOPHN2.jpg	SPACE	586	SPACE
1446836236551	0	lts_1106I_20_01	20	01	1	97	0	0	0	CR	MAX	26420069.thl.jpg	26420069.thl.jpg	NOKEY	MAX	NOKEY
1446836239627	0	lts_1106I_20_01	20	01	1	98	0	0	0	CR	MAX	1/ADRYRACK2.jpg	ADRYRACK2.jpg	NOKEY	MAX	NOKEY
1446836240664	0	lts_1106I_20_01	20	01	1	99	1	1	1	Hit	568	1-8/ADRYRACK2.jpg	ADRYRACK2.jpg	SPACE	601	SPACE
1446836243756	0	lts_1106I_20_01	20	01	1	100	0	0	0	CR	MAX	Abloodorange.jpg	Abloodorange.jpg	NOKEY	MAX	NOKEY
1446836245194	0	lts_1106I_20_01	20	01	1	101	64	1	1	Hit	958	64-first/Astatue99.jpg	Astatue99.jpg	SPACE	1003	SPACE
1446836248270	0	lts_1106I_20_01	20	01	1	102	0	0	0	CR	MAX	AHYPONEE3.jpg	AHYPONEE3.jpg	NOKEY	MAX	NOKEY
1446836249240	0	lts_1106I_20_01	20	01	1	103	2	1	1	Hit	490	2-mul/Astatue99.jpg	Astatue99.jpg	SPACE	535	SPACE
1446836252316	0	lts_1106I_20_01	20	01	1	104	0	0	0	CR	MAX	26423652.thl.jpg	26423652.thl.jpg	NOKEY	MAX	NOKEY
1446836255392	0	lts_1106I_20_01	20	01	1	105	0	0	0	CR	MAX	26418799.thl.jpg	26418799.thl.jpg	NOKEY	MAX	NOKEY
1446836258468	0	lts_1106I_20_01	20	01	1	106	0	0	0	CR	MAX	2/ALITERBOX.jpg	ALITERBOX.jpg	NOKEY	MAX	NOKEY
1446836261544	0	lts_1106I_20_01	20	01	1	107	0	0	0	CR	MAX	Apolicehelme5.jpg	Apolicehelme5.jpg	NOKEY	MAX	NOKEY
1446836262514	0	lts_1106I_20_01	20	01	1	108	2	1	1	Hit	480	2-11/ALITERBOX.jpg	ALITERBOX.jpg	SPACE	519	SPACE
1446836265590	0	lts_1106I_20_01	20	01	1	109	0	0	0	CR	MAX	ACUPBOAR5.jpg	ACUPBOAR5.jpg	NOKEY	MAX	NOKEY
1446836268666	0	lts_1106I_20_01	20	01	1	110	0	0	0	CR	MAX	64/Apineapple3.jpg	Apineapple3.jpg	NOKEY	MAX	NOKEY
1446836269819	0	lts_1106I_20_01	20	01	1	111	32	1	1	Hit	671	32-2/AXMASTIN3.jpg	AXMASTIN3.jpg	SPACE	719	SPACE
1446836272912	0	lts_1106I_20_01	20	01	1	112	0	0	0	CR	MAX	16/Acomputerdes8.jpg	Acomputerdes8.jpg	NOKEY	MAX	NOKEY
1446836275988	0	lts_1106I_20_01	20	01	1	113	0	0	0	CR	MAX	Aboxofchocola.jpg	Aboxofchocola.jpg	NOKEY	MAX	NOKEY
1446836279065	0	lts_1106I_20_01	20	01	1	114	0	0	0	CR	MAX	16/26423175.thl.jpg	26423175.thl.jpg	NOKEY	MAX	NOKEY
1446836282140	0	lts_1106I_20_01	20	01	1	115	0	0	0	CR	MAX	1/26374803.thl.jpg	26374803.thl.jpg	NOKEY	MAX	NOKEY
1446836282976	0	lts_1106I_20_01	20	01	1	116	1	1	1	Hit	355	1-14/26374803.thl.jpg	26374803.thl.jpg	SPACE	401	SPACE
1446836286053	0	lts_1106I_20_01	20	01	1	117	0	0	0	CR	MAX	mickeycap.jpg	mickeycap.jpg	NOKEY	MAX	NOKEY
1446836287139	0	lts_1106I_20_01	20	01	1	118	64	1	1	Hit	603	64-first/26372465.thl.jpg	26372465.thl.jpg	SPACE	651	SPACE
1446836290215	0	lts_1106I_20_01	20	01	1	119	0	0	0	CR	MAX	Alatch7.jpg	Alatch7.jpg	NOKEY	MAX	NOKEY
1446836291185	0	lts_1106I_20_01	20	01	1	120	2	1	1	Hit	492	2-mul/26372465.thl.jpg	26372465.thl.jpg	SPACE	535	SPACE
1446836294261	0	lts_1106I_20_01	20	01	1	121	0	0	0	CR	MAX	26467443.thl.jpg	26467443.thl.jpg	NOKEY	MAX	NOKEY
1446836297337	0	lts_1106I_20_01	20	01	1	122	0	0	0	CR	MAX	1/football.JPG	football.JPG	NOKEY	MAX	NOKEY
1446836298457	0	lts_1106I_20_01	20	01	1	123	1	1	1	Hit	645	1-5/football.JPG	football.JPG	SPACE	687	SPACE
1446836301533	0	lts_1106I_20_01	20	01	1	124	0	0	0	CR	MAX	64/Abaseballcap.jpg	Abaseballcap.jpg	NOKEY	MAX	NOKEY
1446836304626	0	lts_1106I_20_01	20	01	1	125	0	0	0	CR	MAX	bathtowel.jpg	bathtowel.jpg	NOKEY	MAX	NOKEY
1446836307702	0	lts_1106I_20_01	20	01	1	126	0	0	0	CR	MAX	ACUTBOAR2.jpg	ACUTBOAR2.jpg	NOKEY	MAX	NOKEY
1446836310778	0	lts_1106I_20_01	20	01	1	127	0	0	0	CR	MAX	64/Ajacket12.jpg	Ajacket12.jpg	NOKEY	MAX	NOKEY
1446836311798	0	lts_1106I_20_01	20	01	1	128	16	1	1	Hit	540	16-1/Acomputerdes8.jpg	Acomputerdes8.jpg	SPACE	585	SPACE
1446836314874	0	lts_1106I_20_01	20	01	1	129	0	0	0	CR	MAX	AHOTPAD4.jpg	AHOTPAD4.jpg	NOKEY	MAX	NOKEY
1446836316211	0	lts_1106I_20_01	20	01	1	130	16	1	1	Hit	865	16-0/26423175.thl.jpg	26423175.thl.jpg	SPACE	903	SPACE
1446836319287	0	lts_1106I_20_01	20	01	1	131	0	0	0	CR	MAX	2/Abutterdish.jpg	Abutterdish.jpg	NOKEY	MAX	NOKEY
1446836322363	0	lts_1106I_20_01	20	01	1	132	0	0	0	CR	MAX	Atool62.jpg	Atool62.jpg	NOKEY	MAX	NOKEY
1446836323400	0	lts_1106I_20_01	20	01	1	133	2	1	1	Hit	561	2-7/Abutterdish.jpg	Abutterdish.jpg	SPACE	602	SPACE
1446836326476	0	lts_1106I_20_01	20	01	1	134	0	0	0	CR	MAX	AANTSTOV6.jpg	AANTSTOV6.jpg	NOKEY	MAX	NOKEY
1446836329552	0	lts_1106I_20_01	20	01	1	135	0	0	0	CR	MAX	8/26554952.thl.jpg	26554952.thl.jpg	NOKEY	MAX	NOKEY
1446836332628	0	lts_1106I_20_01	20	01	1	136	0	0	0	CR	MAX	Awildberries.jpg	Awildberries.jpg	NOKEY	MAX	NOKEY
1446836335704	0	lts_1106I_20_01	20	01	1	137	0	0	0	CR	MAX	8245818.thl.jpg	8245818.thl.jpg	NOKEY	MAX	NOKEY
1446836337026	0	lts_1106I_20_01	20	01	1	138	128	1	1	Hit	843	128-0/Adaisies3.jpg	Adaisies3.jpg	SPACE	885	SPACE
1446836340102	0	lts_1106I_20_01	20	01	1	139	0	0	0	CR	MAX	Abasket108.jpg	Abasket108.jpg	NOKEY	MAX	NOKEY
1446836343194	0	lts_1106I_20_01	20	01	1	140	0	0	0	CR	MAX	ACAMPSTOO.jpg	ACAMPSTOO.jpg	NOKEY	MAX	NOKEY
1446836346270	0	lts_1106I_20_01	20	01	1	141	0	0	0	CR	MAX	16/Abasketofbrea.jpg	Abasketofbrea.jpg	NOKEY	MAX	NOKEY
1446836349346	0	lts_1106I_20_01	20	01	1	142	0	0	0	CR	MAX	AELECSAW.jpg	AELECSAW.jpg	NOKEY	MAX	NOKEY
1446836350332	0	lts_1106I_20_01	20	01	1	143	8	1	1	Hit	501	8-first/26554952.thl.jpg	26554952.thl.jpg	SPACE	552	SPACE
1446836353408	0	lts_1106I_20_01	20	01	1	144	0	0	0	CR	MAX	ANAPKIN4.jpg	ANAPKIN4.jpg	NOKEY	MAX	NOKEY
1446836356484	0	lts_1106I_20_01	20	01	1	145	0	0	0	CR	MAX	AHOOK11.jpg	AHOOK11.jpg	NOKEY	MAX	NOKEY
1446836359560	0	lts_1106I_20_01	20	01	1	146	0	0	0	CR	MAX	8/Ahandbag50.jpg	Ahandbag50.jpg	NOKEY	MAX	NOKEY
1446836360563	0	lts_1106I_20_01	20	01	1	147	4	1	1	Hit	518	4-mul/26554952.thl.jpg	26554952.thl.jpg	SPACE	568	SPACE
1446836363656	0	lts_1106I_20_01	20	01	1	148	0	0	0	CR	MAX	8052266.thl.jpg	8052266.thl.jpg	NOKEY	MAX	NOKEY
1446836366732	0	lts_1106I_20_01	20	01	1	149	00	1	0	Miss	MAX	00-across/Acastingladl2.jpg	Acastingladl2.jpg	NOKEY	MAX	SPACE
1446836369808	0	lts_1106I_20_01	20	01	1	150	0	0	0	CR	MAX	ATRACINGT.jpg	ATRACINGT.jpg	NOKEY	MAX	NOKEY
1446836372884	0	lts_1106I_20_01	20	01	1	151	0	0	0	CR	MAX	Aspeakers4.jpg	Aspeakers4.jpg	NOKEY	MAX	NOKEY
1446836375960	0	lts_1106I_20_01	20	01	1	152	0	0	0	CR	MAX	128/Adiamondring3.jpg	Adiamondring3.jpg	NOKEY	MAX	NOKEY
1446836379037	0	lts_1106I_20_01	20	01	1	153	0	0	0	CR	MAX	22866972.thl.jpg	22866972.thl.jpg	NOKEY	MAX	NOKEY
1446836380541	0	lts_1106I_20_01	20	01	1	154	8	1	1	Hit	1025	8-first/Ahandbag50.jpg	Ahandbag50.jpg	SPACE	1069	SPACE
1446836383617	0	lts_1106I_20_01	20	01	1	155	0	0	0	CR	MAX	APALLETT2.jpg	APALLETT2.jpg	NOKEY	MAX	NOKEY
1446836386693	0	lts_1106I_20_01	20	01	1	156	0	0	0	CR	MAX	ABUDDHA18.jpg	ABUDDHA18.jpg	NOKEY	MAX	NOKEY
1446836387763	0	lts_1106I_20_01	20	01	1	157	16	1	1	Hit	596	16-first/Abasketofbrea.jpg	Abasketofbrea.jpg	SPACE	635	SPACE
1446836390839	0	lts_1106I_20_01	20	01	1	158	0	0	0	CR	MAX	Ascientifict3.jpg	Ascientifict3.jpg	NOKEY	MAX	NOKEY
1446836391775	0	lts_1106I_20_01	20	01	1	159	2	1	1	Hit	460	2-mul/Abasketofbrea.jpg	Abasketofbrea.jpg	SPACE	501	SPACE
1446836394868	0	lts_1106I_20_01	20	01	1	160	0	0	0	CR	MAX	weepwalker.jpg	weepwalker.jpg	NOKEY	MAX	NOKEY
1446836395921	0	lts_1106I_20_01	20	01	1	161	128	1	1	Hit	572	128-3/AMALLET13.jpg	AMALLET13.jpg	SPACE	618	SPACE
1446836398997	0	lts_1106I_20_01	20	01	1	162	0	0	0	CR	MAX	Atwowayradio2.jpg	Atwowayradio2.jpg	NOKEY	MAX	NOKEY
1446836402074	0	lts_1106I_20_01	20	01	1	163	0	0	0	CR	MAX	1/ABRANCHES.jpg	ABRANCHES.jpg	NOKEY	MAX	NOKEY
1446836403111	0	lts_1106I_20_01	20	01	1	164	1	1	1	Hit	558	1-7/ABRANCHES.jpg	ABRANCHES.jpg	SPACE	601	SPACE
1446836406186	0	lts_1106I_20_01	20	01	1	165	0	0	0	CR	MAX	2/8021504.thl.jpg	8021504.thl.jpg	NOKEY	MAX	NOKEY
1446836409262	0	lts_1106I_20_01	20	01	1	166	0	0	0	CR	MAX	Aclimbingtool.jpg	Aclimbingtool.jpg	NOKEY	MAX	NOKEY
1446836410365	0	lts_1106I_20_01	20	01	1	167	2	1	1	Hit	635	2-0/8021504.thl.jpg	8021504.thl.jpg	SPACE	668	SPACE
1446836413442	0	lts_1106I_20_01	20	01	1	168	0	0	0	CR	MAX	AKNIFE13.jpg	AKNIFE13.jpg	NOKEY	MAX	NOKEY
1446836416518	0	lts_1106I_20_01	20	01	1	169	0	0	0	CR	MAX	B_makeupbag.jpg	B_makeupbag.jpg	NOKEY	MAX	NOKEY
1446836417588	0	lts_1106I_20_01	20	01	1	170	16	1	1	Hit	593	16-mul/Ahandbag50.jpg	Ahandbag50.jpg	SPACE	635	SPACE
1446836420664	0	lts_1106I_20_01	20	01	1	171	0	0	0	CR	MAX	Aantelope2.jpg	Aantelope2.jpg	NOKEY	MAX	NOKEY
1446836423740	0	lts_1106I_20_01	20	01	1	172	0	0	0	CR	MAX	A_coin.jpg	A_coin.jpg	NOKEY	MAX	NOKEY
1446836426816	0	lts_1106I_20_01	20	01	1	173	0	0	0	CR	MAX	Abicyclehand5.jpg	Abicyclehand5.jpg	NOKEY	MAX	NOKEY
1446836429892	0	lts_1106I_20_01	20	01	1	174	64	1	0	Miss	MAX	64-first/Apineapple3.jpg	Apineapple3.jpg	NOKEY	MAX	SPACE
1446836432968	0	lts_1106I_20_01	20	01	1	175	0	0	0	CR	MAX	8/AWASHSIGN.jpg	AWASHSIGN.jpg	NOKEY	MAX	NOKEY
1446836436045	0	lts_1106I_20_01	20	01	1	176	0	0	0	CR	MAX	AFERRY5.jpg	AFERRY5.jpg	NOKEY	MAX	NOKEY
1446836439120	0	lts_1106I_20_01	20	01	1	177	0	0	0	CR	MAX	ASTOOL.jpg	ASTOOL.jpg	NOKEY	MAX	NOKEY
1446836440307	0	lts_1106I_20_01	20	01	1	178	4	1	1	Hit	707	4-mul/Apineapple3.jpg	Apineapple3.jpg	SPACE	752	SPACE
1446836443383	0	lts_1106I_20_01	20	01	1	179	0	0	0	CR	MAX	2/Apokerchips3.jpg	Apokerchips3.jpg	NOKEY	MAX	NOKEY
1446836446459	0	lts_1106I_20_01	20	01	1	180	0	0	0	CR	MAX	64/ARIBBON9.jpg	ARIBBON9.jpg	NOKEY	MAX	NOKEY
1446836447462	0	lts_1106I_20_01	20	01	1	181	2	1	1	Hit	528	2-2/Apokerchips3.jpg	Apokerchips3.jpg	SPACE	569	SPACE
1446836450538	0	lts_1106I_20_01	20	01	1	182	0	0	0	CR	MAX	ABATHSALT.jpg	ABATHSALT.jpg	NOKEY	MAX	NOKEY
1446836451441	0	lts_1106I_20_01	20	01	1	183	8	1	1	Hit	433	8-1/AWASHSIGN.jpg	AWASHSIGN.jpg	SPACE	469	SPACE
1446836453163	0	lts_1106I_20_01	20	01	1	184	0	0	1	FA	1201	32/AWODSPOON.jpg	AWODSPOON.jpg	SPACE	1237	NOKEY
1446836456239	0	lts_1106I_20_01	20	01	1	185	0	0	0	CR	MAX	Ateacherscert.jpg	Ateacherscert.jpg	NOKEY	MAX	NOKEY
1446836459315	0	lts_1106I_20_01	20	01	1	186	0	0	0	CR	MAX	Ameatcleaver2.jpg	Ameatcleaver2.jpg	NOKEY	MAX	NOKEY
1446836462391	0	lts_1106I_20_01	20	01	1	187	0	0	0	CR	MAX	ABIKLIGHT.jpg	ABIKLIGHT.jpg	NOKEY	MAX	NOKEY
1446836463812	0	lts_1106I_20_01	20	01	1	188	64	1	1	Hit	947	64-first/Abaseballcap.jpg	Abaseballcap.jpg	SPACE	986	SPACE
1446836466905	0	lts_1106I_20_01	20	01	1	189	0	0	0	CR	MAX	stickersparty.jpg	stickersparty.jpg	NOKEY	MAX	NOKEY
1446836469981	0	lts_1106I_20_01	20	01	1	190	0	0	0	CR	MAX	16/ANUTS2.jpg	ANUTS2.jpg	NOKEY	MAX	NOKEY
1446836471151	0	lts_1106I_20_01	20	01	1	191	64	1	1	Hit	693	64-first/Ajacket12.jpg	Ajacket12.jpg	SPACE	736	SPACE
1446836474227	0	lts_1106I_20_01	20	01	1	192	0	0	0	CR	MAX	Acow60.jpg	Acow60.jpg	NOKEY	MAX	NOKEY
1446836475164	0	lts_1106I_20_01	20	01	1	193	2	1	1	Hit	452	2-mul/Ajacket12.jpg	Ajacket12.jpg	SPACE	501	SPACE
1446836478240	0	lts_1106I_20_01	20	01	1	194	0	0	0	CR	MAX	pinecone02.jpg	pinecone02.jpg	NOKEY	MAX	NOKEY
1446836481316	0	lts_1106I_20_01	20	01	1	195	0	0	0	CR	MAX	1/visacard.jpg	visacard.jpg	NOKEY	MAX	NOKEY
1446836482235	0	lts_1106I_20_01	20	01	1	196	1	1	1	Hit	440	1-2/visacard.jpg	visacard.jpg	SPACE	485	SPACE
1446836485328	0	lts_1106I_20_01	20	01	1	197	0	0	0	CR	MAX	26391116.thl.jpg	26391116.thl.jpg	NOKEY	MAX	NOKEY
1446836488421	0	lts_1106I_20_01	20	01	1	198	0	0	0	CR	MAX	128/ACARDFRA2.jpg	ACARDFRA2.jpg	NOKEY	MAX	NOKEY
1446836491497	0	lts_1106I_20_01	20	01	1	199	0	0	0	CR	MAX	26431471.thl.jpg	26431471.thl.jpg	NOKEY	MAX	NOKEY
1446836494573	0	lts_1106I_20_01	20	01	1	200	0	0	0	CR	MAX	1/26425573.thl.jpg	26425573.thl.jpg	NOKEY	MAX	NOKEY
1446836495526	0	lts_1106I_20_01	20	01	1	201	1	1	1	Hit	483	1-6/26425573.thl.jpg	26425573.thl.jpg	SPACE	520	SPACE
1446836498602	0	lts_1106I_20_01	20	01	1	202	0	0	0	CR	MAX	Aelasticbands.jpg	Aelasticbands.jpg	NOKEY	MAX	NOKEY
1446836499839	0	lts_1106I_20_01	20	01	1	203	0	0	1	FA	764	26419689.thl.jpg	26419689.thl.jpg	SPACE	803	NOKEY
1446836500909	0	lts_1106I_20_01	20	01	1	204	16	1	1	Hit	587	16-mul/Abaseballcap.jpg	Abaseballcap.jpg	SPACE	636	SPACE
1446836503985	0	lts_1106I_20_01	20	01	1	205	0	0	0	CR	MAX	Aclimbersicep.jpg	Aclimbersicep.jpg	NOKEY	MAX	NOKEY
1446836505089	0	lts_1106I_20_01	20	01	1	206	16	1	1	Hit	617	16-first/ANUTS2.jpg	ANUTS2.jpg	SPACE	668	SPACE
1446836508164	0	lts_1106I_20_01	20	01	1	207	0	0	0	CR	MAX	Anotepad9.jpg	Anotepad9.jpg	NOKEY	MAX	NOKEY
1446836509117	0	lts_1106I_20_01	20	01	1	208	2	1	1	Hit	478	2-mul/ANUTS2.jpg	ANUTS2.jpg	SPACE	518	SPACE
1446836512193	0	lts_1106I_20_01	20	01	1	209	0	0	0	CR	MAX	26432755.thl.jpg	26432755.thl.jpg	NOKEY	MAX	NOKEY
1446836515269	0	lts_1106I_20_01	20	01	1	210	4	1	0	Miss	MAX	4/zip-a.jpg	zip-a.jpg	NOKEY	MAX	SPACE
1446836518362	0	lts_1106I_20_01	20	01	1	211	0	0	0	CR	MAX	AGARBCAN.jpg	AGARBCAN.jpg	NOKEY	MAX	NOKEY
1446836521438	0	lts_1106I_20_01	20	01	1	212	0	0	0	CR	MAX	E_tractor.jpg	E_tractor.jpg	NOKEY	MAX	NOKEY
1446836524514	0	lts_1106I_20_01	20	01	1	213	0	0	0	CR	MAX	AWATERING.jpg	AWATERING.jpg	NOKEY	MAX	NOKEY
1446836525751	0	lts_1106I_20_01	20	01	1	214	4	1	1	Hit	765	4-4/zip-a.jpg	zip-a.jpg	SPACE	802	SPACE
1446836528828	0	lts_1106I_20_01	20	01	1	215	0	0	0	CR	MAX	Asaturn.jpg	Asaturn.jpg	NOKEY	MAX	NOKEY
1446836529847	0	lts_1106I_20_01	20	01	1	216	32	1	1	Hit	539	32-8/AWODSPOON.jpg	AWODSPOON.jpg	SPACE	585	SPACE
1446836532923	0	lts_1106I_20_01	20	01	1	217	0	0	0	CR	MAX	AGRILL1.jpg	AGRILL1.jpg	NOKEY	MAX	NOKEY
1446836535999	0	lts_1106I_20_01	20	01	1	218	0	0	0	CR	MAX	4/ACHALCED2.jpg	ACHALCED2.jpg	NOKEY	MAX	NOKEY
1446836539076	0	lts_1106I_20_01	20	01	1	219	0	0	0	CR	MAX	ASHOULDE4.jpg	ASHOULDE4.jpg	NOKEY	MAX	NOKEY
1446836542152	0	lts_1106I_20_01	20	01	1	220	0	0	0	CR	MAX	8/Aclamp58.jpg	Aclamp58.jpg	NOKEY	MAX	NOKEY
1446836545244	0	lts_1106I_20_01	20	01	1	221	0	0	0	CR	MAX	BattleStar.jpg	BattleStar.jpg	NOKEY	MAX	NOKEY
1446836546465	0	lts_1106I_20_01	20	01	1	222	4	1	1	Hit	731	4-0/ACHALCED2.jpg	ACHALCED2.jpg	SPACE	770	SPACE
1446836549557	0	lts_1106I_20_01	20	01	1	223	0	0	0	CR	MAX	APAINTJ11.jpg	APAINTJ11.jpg	NOKEY	MAX	NOKEY
1446836552633	0	lts_1106I_20_01	20	01	1	224	0	0	0	CR	MAX	64/kotsltd.jpg	kotsltd.jpg	NOKEY	MAX	NOKEY
1446836555709	0	lts_1106I_20_01	20	01	1	225	0	0	0	CR	MAX	26388148.thl.jpg	26388148.thl.jpg	NOKEY	MAX	NOKEY
1446836558786	0	lts_1106I_20_01	20	01	1	226	0	0	0	CR	MAX	8/AMANGO.jpg	AMANGO.jpg	NOKEY	MAX	NOKEY
1446836561862	0	lts_1106I_20_01	20	01	1	227	0	0	0	CR	MAX	ABLUBLOTT.jpg	ABLUBLOTT.jpg	NOKEY	MAX	NOKEY
1446836563050	0	lts_1106I_20_01	20	01	1	228	8	1	1	Hit	716	8-0/Aclamp58.jpg	Aclamp58.jpg	SPACE	753	SPACE
1446836566125	0	lts_1106I_20_01	20	01	1	229	0	0	0	CR	MAX	26373735.thl.jpg	26373735.thl.jpg	NOKEY	MAX	NOKEY
1446836569201	0	lts_1106I_20_01	20	01	1	230	0	0	0	CR	MAX	8/oignonrings.jpg	oignonrings.jpg	NOKEY	MAX	NOKEY
1446836572277	0	lts_1106I_20_01	20	01	1	231	0	0	0	CR	MAX	ABALLYAR4.jpg	ABALLYAR4.jpg	NOKEY	MAX	NOKEY
1446836575353	0	lts_1106I_20_01	20	01	1	232	00	1	0	Miss	MAX	00-across/ATHISEND4.jpg	ATHISEND4.jpg	NOKEY	MAX	SPACE
1446836578429	0	lts_1106I_20_01	20	01	1	233	0	0	0	CR	MAX	Apackage3.jpg	Apackage3.jpg	NOKEY	MAX	NOKEY
1446836579482	0	lts_1106I_20_01	20	01	1	234	8	1	1	Hit	580	8-first/AMANGO.jpg	AMANGO.jpg	SPACE	620	SPACE
1446836582575	0	lts_1106I_20_01	20	01	1	235	0	0	0	CR	MAX	128/26370651.thm.jpg	26370651.thm.jpg	NOKEY	MAX	NOKEY
1446836585651	0	lts_1106I_20_01	20	01	1	236	0	0	0	CR	MAX	26384637.thl.jpg	26384637.thl.jpg	NOKEY	MAX	NOKEY
1446836588727	0	lts_1106I_20_01	20	01	1	237	0	0	0	CR	MAX	128/Atoywheels.jpg	Atoywheels.jpg	NOKEY	MAX	NOKEY
1446836589764	0	lts_1106I_20_01	20	01	1	238	8	1	1	Hit	567	8-first/oignonrings.jpg	oignonrings.jpg	SPACE	601	SPACE
1446836592840	0	lts_1106I_20_01	20	01	1	239	0	0	0	CR	MAX	2/Arecyclingbox.jpg	Arecyclingbox.jpg	NOKEY	MAX	NOKEY
1446836595916	0	lts_1106I_20_01	20	01	1	240	0	0	0	CR	MAX	burrito.jpg	burrito.jpg	NOKEY	MAX	NOKEY
1446836596852	0	lts_1106I_20_01	20	01	1	241	2	1	1	Hit	465	2-13/Arecyclingbox.jpg	Arecyclingbox.jpg	SPACE	502	SPACE
1446836599928	0	lts_1106I_20_01	20	01	1	242	0	0	0	CR	MAX	APHONEFA2.jpg	APHONEFA2.jpg	NOKEY	MAX	NOKEY
1446836603005	0	lts_1106I_20_01	20	01	1	243	0	0	0	CR	MAX	8078142.thl.jpg	8078142.thl.jpg	NOKEY	MAX	NOKEY
1446836605028	0	lts_1106I_20_01	20	01	1	244	64	1	1	Hit	1539	64-first/ARIBBON9.jpg	ARIBBON9.jpg	SPACE	1587	SPACE
1446836608170	0	lts_1106I_20_01	20	01	1	245	0	0	0	CR	MAX	AAFRIMAS5.jpg	AAFRIMAS5.jpg	NOKEY	MAX	NOKEY
1446836611246	0	lts_1106I_20_01	20	01	1	246	0	0	0	CR	MAX	ASUSHI9.jpg	ASUSHI9.jpg	NOKEY	MAX	NOKEY
1446836614322	0	lts_1106I_20_01	20	01	1	247	0	0	0	CR	MAX	1/26379430.thl.jpg	26379430.thl.jpg	NOKEY	MAX	NOKEY
1446836615225	0	lts_1106I_20_01	20	01	1	248	1	1	1	Hit	427	1-13/26379430.thl.jpg	26379430.thl.jpg	SPACE	468	SPACE
1446836616479	0	lts_1106I_20_01	20	01	1	249	0	0	1	FA	776	26379570.thl.jpg	26379570.thl.jpg	SPACE	821	NOKEY
1446836617398	0	lts_1106I_20_01	20	01	1	250	16	1	1	Hit	446	16-mul/AMANGO.jpg	AMANGO.jpg	SPACE	485	SPACE
1446836620474	0	lts_1106I_20_01	20	01	1	251	0	0	0	CR	MAX	Ascarf7.jpg	Ascarf7.jpg	NOKEY	MAX	NOKEY
1446836623567	0	lts_1106I_20_01	20	01	1	252	0	0	0	CR	MAX	ASKELETO4.jpg	ASKELETO4.jpg	NOKEY	MAX	NOKEY
1446836626643	0	lts_1106I_20_01	20	01	1	253	0	0	0	CR	MAX	26432109.thl.jpg	26432109.thl.jpg	NOKEY	MAX	NOKEY
1446836627562	0	lts_1106I_20_01	20	01	1	254	16	1	1	Hit	435	16-mul/oignonrings.jpg	oignonrings.jpg	SPACE	484	SPACE
1446836630639	0	lts_1106I_20_01	20	01	1	255	0	0	0	CR	MAX	1/Akiwifruit6.jpg	Akiwifruit6.jpg	NOKEY	MAX	NOKEY
1446836631692	0	lts_1106I_20_01	20	01	1	256	1	1	1	Hit	580	1-9/Akiwifruit6.jpg	Akiwifruit6.jpg	SPACE	619	SPACE
1446836634785	0	lts_1106I_20_01	20	01	1	257	0	0	0	CR	MAX	ADECKCARD.jpg	ADECKCARD.jpg	NOKEY	MAX	NOKEY
1446836637877	0	lts_1106I_20_01	20	01	1	258	0	0	0	CR	MAX	16/26467460.thl.jpg	26467460.thl.jpg	NOKEY	MAX	NOKEY
1446836640953	0	lts_1106I_20_01	20	01	1	259	0	0	0	CR	MAX	AEIFFELTO.jpg	AEIFFELTO.jpg	NOKEY	MAX	NOKEY
1446836641890	0	lts_1106I_20_01	20	01	1	260	16	1	1	Hit	460	16-mul/ARIBBON9.jpg	ARIBBON9.jpg	SPACE	501	SPACE
1446836644966	0	lts_1106I_20_01	20	01	1	261	0	0	0	CR	MAX	ABLAKBEN2.jpg	ABLAKBEN2.jpg	NOKEY	MAX	NOKEY
1446836646103	0	lts_1106I_20_01	20	01	1	262	0	0	1	FA	658	AWINTSOC2.jpg	AWINTSOC2.jpg	SPACE	702	NOKEY
1446836649179	0	lts_1106I_20_01	20	01	1	263	0	0	0	CR	MAX	4/Aallterrain10.jpg	Aallterrain10.jpg	NOKEY	MAX	NOKEY
1446836652271	0	lts_1106I_20_01	20	01	1	264	0	0	0	CR	MAX	Afrenchsigns2.jpg	Afrenchsigns2.jpg	NOKEY	MAX	NOKEY
1446836655347	0	lts_1106I_20_01	20	01	1	265	0	0	0	CR	MAX	32/8027086.thl.jpg	8027086.thl.jpg	NOKEY	MAX	NOKEY
1446836658423	0	lts_1106I_20_01	20	01	1	266	0	0	0	CR	MAX	cd2-a.jpg	cd2-a.jpg	NOKEY	MAX	NOKEY
1446836659978	0	lts_1106I_20_01	20	01	1	267	4	1	1	Hit	1079	4-9/Aallterrain10.jpg	Aallterrain10.jpg	SPACE	1120	SPACE
1446836663055	0	lts_1106I_20_01	20	01	1	268	0	0	0	CR	MAX	ASTEPPER.jpg	ASTEPPER.jpg	NOKEY	MAX	NOKEY
1446836666130	0	lts_1106I_20_01	20	01	1	269	0	0	0	CR	MAX	128/Atable132.jpg	Atable132.jpg	NOKEY	MAX	NOKEY
1446836669206	0	lts_1106I_20_01	20	01	1	270	0	0	0	CR	MAX	16/ABEARIN28.jpg	ABEARIN28.jpg	NOKEY	MAX	NOKEY
1446836672282	0	lts_1106I_20_01	20	01	1	271	0	0	0	CR	MAX	AWINDSU21.jpg	AWINDSU21.jpg	NOKEY	MAX	NOKEY
1446836675359	0	lts_1106I_20_01	20	01	1	272	0	0	0	CR	MAX	golf-ball.JPG	golf-ball.JPG	NOKEY	MAX	NOKEY
1446836678435	0	lts_1106I_20_01	20	01	1	273	0	0	0	CR	MAX	Adustpanbrush.jpg	Adustpanbrush.jpg	NOKEY	MAX	NOKEY
1446836679454	0	lts_1106I_20_01	20	01	1	274	16	1	1	Hit	545	16-first/26467460.thl.jpg	26467460.thl.jpg	SPACE	586	SPACE
1446836682530	0	lts_1106I_20_01	20	01	1	275	0	0	0	CR	MAX	AOUTHOUSE.jpg	AOUTHOUSE.jpg	NOKEY	MAX	NOKEY
1446836683550	0	lts_1106I_20_01	20	01	1	276	2	1	1	Hit	545	2-mul/26467460.thl.jpg	26467460.thl.jpg	SPACE	585	SPACE
1446836686626	0	lts_1106I_20_01	20	01	1	277	0	0	0	CR	MAX	Abrooch104.jpg	Abrooch104.jpg	NOKEY	MAX	NOKEY
1446836689702	0	lts_1106I_20_01	20	01	1	278	0	0	0	CR	MAX	26387690.thl.jpg	26387690.thl.jpg	NOKEY	MAX	NOKEY
1446836692778	0	lts_1106I_20_01	20	01	1	279	0	0	0	CR	MAX	AIRONBOA8.jpg	AIRONBOA8.jpg	NOKEY	MAX	NOKEY
1446836693849	0	lts_1106I_20_01	20	01	1	280	128	1	1	Hit	596	128-2/Adiamondring3.jpg	Adiamondring3.jpg	SPACE	635	SPACE
1446836696941	0	lts_1106I_20_01	20	01	1	281	0	0	0	CR	MAX	MAT-J0150-J0153.jpg	MAT-J0150-J0153.jpg	NOKEY	MAX	NOKEY
1446836700018	0	lts_1106I_20_01	20	01	1	282	0	0	0	CR	MAX	ABEARIN12.jpg	ABEARIN12.jpg	NOKEY	MAX	NOKEY
1446836703094	0	lts_1106I_20_01	20	01	1	283	0	0	0	CR	MAX	Abarn4.jpg	Abarn4.jpg	NOKEY	MAX	NOKEY
1446836706169	0	lts_1106I_20_01	20	01	1	284	0	0	0	CR	MAX	ABRAIN3.jpg	ABRAIN3.jpg	NOKEY	MAX	NOKEY
1446836707189	0	lts_1106I_20_01	20	01	1	285	0	0	1	FA	547	AFLAMEXTI.jpg	AFLAMEXTI.jpg	SPACE	585	NOKEY
1446836708426	0	lts_1106I_20_01	20	01	1	286	16	1	1	Hit	753	16-first/ABEARIN28.jpg	ABEARIN28.jpg	SPACE	803	SPACE
1446836711502	0	lts_1106I_20_01	20	01	1	287	0	0	0	CR	MAX	AASPHEQUA.jpg	AASPHEQUA.jpg	NOKEY	MAX	NOKEY
1446836712438	0	lts_1106I_20_01	20	01	1	288	64	1	1	Hit	462	64-first/kotsltd.jpg	kotsltd.jpg	SPACE	502	SPACE
1446836715515	0	lts_1106I_20_01	20	01	1	289	0	0	0	CR	MAX	8018499.thl.jpg	8018499.thl.jpg	NOKEY	MAX	NOKEY
1446836716451	0	lts_1106I_20_01	20	01	1	290	4	1	1	Hit	461	4-mul/ABEARIN28.jpg	ABEARIN28.jpg	SPACE	503	SPACE
1446836719527	0	lts_1106I_20_01	20	01	1	291	0	0	0	CR	MAX	2/ASHOTCAS2.jpg	ASHOTCAS2.jpg	NOKEY	MAX	NOKEY
1446836722603	0	lts_1106I_20_01	20	01	1	292	0	0	0	CR	MAX	Agardeningpai.jpg	Agardeningpai.jpg	NOKEY	MAX	NOKEY
1446836723673	0	lts_1106I_20_01	20	01	1	293	2	1	1	Hit	592	2-12/ASHOTCAS2.jpg	ASHOTCAS2.jpg	SPACE	636	SPACE
1446836726749	0	lts_1106I_20_01	20	01	1	294	0	0	0	CR	MAX	1/garlic.jpg	garlic.jpg	NOKEY	MAX	NOKEY
1446836727752	0	lts_1106I_20_01	20	01	1	295	1	1	1	Hit	518	1-10/garlic.jpg	garlic.jpg	SPACE	569	SPACE
1446836730828	0	lts_1106I_20_01	20	01	1	296	0	0	0	CR	MAX	AFIGHTP16.jpg	AFIGHTP16.jpg	NOKEY	MAX	NOKEY
1446836732115	0	lts_1106I_20_01	20	01	1	297	32	1	1	Hit	811	32-7/8027086.thl.jpg	8027086.thl.jpg	SPACE	852	SPACE
1446836735191	0	lts_1106I_20_01	20	01	1	298	0	0	0	CR	MAX	16/ABLOODCEA.jpg	ABLOODCEA.jpg	NOKEY	MAX	NOKEY
1446836738267	0	lts_1106I_20_01	20	01	1	299	0	0	0	CR	MAX	for28524.jpg	for28524.jpg	NOKEY	MAX	NOKEY
1446836741344	0	lts_1106I_20_01	20	01	1	300	0	0	0	CR	MAX	1/ABROOCH52.jpg	ABROOCH52.jpg	NOKEY	MAX	NOKEY
1446836742296	0	lts_1106I_20_01	20	01	1	301	1	1	1	Hit	474	1-12/ABROOCH52.jpg	ABROOCH52.jpg	SPACE	518	SPACE
1446836745373	0	lts_1106I_20_01	20	01	1	302	0	0	0	CR	MAX	Agolfplaque.jpg	Agolfplaque.jpg	NOKEY	MAX	NOKEY
1446836748449	0	lts_1106I_20_01	20	01	1	303	0	0	0	CR	MAX	neckrest.jpg	neckrest.jpg	NOKEY	MAX	NOKEY
1446836749401	0	lts_1106I_20_01	20	01	1	304	16	1	1	Hit	482	16-mul/kotsltd.jpg	kotsltd.jpg	SPACE	518	SPACE
1446836752478	0	lts_1106I_20_01	20	01	1	305	0	0	0	CR	MAX	ADRAWBRI3.jpg	ADRAWBRI3.jpg	NOKEY	MAX	NOKEY
1446836753581	0	lts_1106I_20_01	20	01	1	306	00	1	1	Hit	632	00-across/catslglol.jpg	catslglol.jpg	SPACE	669	SPACE
1446836756674	0	lts_1106I_20_01	20	01	1	307	0	0	0	CR	MAX	AAFRICI13.jpg	AAFRICI13.jpg	NOKEY	MAX	NOKEY
1446836759750	0	lts_1106I_20_01	20	01	1	308	0	0	0	CR	MAX	16/AMEATHER3.jpg	AMEATHER3.jpg	NOKEY	MAX	NOKEY
1446836762826	0	lts_1106I_20_01	20	01	1	309	0	0	0	CR	MAX	2/AOLIVE.jpg	AOLIVE.jpg	NOKEY	MAX	NOKEY
1446836765902	0	lts_1106I_20_01	20	01	1	310	0	0	0	CR	MAX	ABONGO3.jpg	ABONGO3.jpg	NOKEY	MAX	NOKEY
1446836766821	0	lts_1106I_20_01	20	01	1	311	2	1	1	Hit	435	2-9/AOLIVE.jpg	AOLIVE.jpg	SPACE	485	SPACE
1446836769897	0	lts_1106I_20_01	20	01	1	312	0	0	0	CR	MAX	Acombination6.jpg	Acombination6.jpg	NOKEY	MAX	NOKEY
1446836772974	0	lts_1106I_20_01	20	01	1	313	0	0	0	CR	MAX	Aclamp62.jpg	Aclamp62.jpg	NOKEY	MAX	NOKEY
1446836774061	0	lts_1106I_20_01	20	01	1	314	16	1	1	Hit	604	16-first/ABLOODCEA.jpg	ABLOODCEA.jpg	SPACE	652	SPACE
1446836777136	0	lts_1106I_20_01	20	01	1	315	0	0	0	CR	MAX	128/ATOWRACK3.jpg	ATOWRACK3.jpg	NOKEY	MAX	NOKEY
1446836780212	0	lts_1106I_20_01	20	01	1	316	0	0	0	CR	MAX	4/stickcheese.jpg	stickcheese.jpg	NOKEY	MAX	NOKEY
1446836783288	0	lts_1106I_20_01	20	01	1	317	0	0	0	CR	MAX	AORIENBOW.jpg	AORIENBOW.jpg	NOKEY	MAX	NOKEY
1446836784191	0	lts_1106I_20_01	20	01	1	318	4	1	1	Hit	432	4-mul/ABLOODCEA.jpg	ABLOODCEA.jpg	SPACE	468	SPACE
1446836787267	0	lts_1106I_20_01	20	01	1	319	0	0	0	CR	MAX	26432173.thl.jpg	26432173.thl.jpg	NOKEY	MAX	NOKEY
1446836788287	0	lts_1106I_20_01	20	01	1	320	4	1	1	Hit	539	4-11/stickcheese.jpg	stickcheese.jpg	SPACE	585	SPACE
1446836791363	0	lts_1106I_20_01	20	01	1	321	0	0	0	CR	MAX	AMETICUBE.jpg	AMETICUBE.jpg	NOKEY	MAX	NOKEY
1446836794439	0	lts_1106I_20_01	20	01	1	322	0	0	0	CR	MAX	Aconchshe.jpg	Aconchshe.jpg	NOKEY	MAX	NOKEY
1446836797532	0	lts_1106I_20_01	20	01	1	323	0	0	0	CR	MAX	32/26427983.thl.jpg	26427983.thl.jpg	NOKEY	MAX	NOKEY
1446836798619	0	lts_1106I_20_01	20	01	1	324	16	1	1	Hit	612	16-first/AMEATHER3.jpg	AMEATHER3.jpg	SPACE	652	SPACE
1446836801695	0	lts_1106I_20_01	20	01	1	325	0	0	0	CR	MAX	4/Atoydonkey.jpg	Atoydonkey.jpg	NOKEY	MAX	NOKEY
1446836803300	0	lts_1106I_20_01	20	01	1	326	128	1	1	Hit	1127	128-5/ACARDFRA2.jpg	ACARDFRA2.jpg	SPACE	1170	SPACE
1446836806376	0	lts_1106I_20_01	20	01	1	327	0	0	0	CR	MAX	bowlingpin.jpg	bowlingpin.jpg	NOKEY	MAX	NOKEY
1446836809452	0	lts_1106I_20_01	20	01	1	328	0	0	0	CR	MAX	ATOYTREE.jpg	ATOYTREE.jpg	NOKEY	MAX	NOKEY
1446836810405	0	lts_1106I_20_01	20	01	1	329	4	1	1	Hit	476	4-10/Atoydonkey.jpg	Atoydonkey.jpg	SPACE	518	SPACE
1446836813480	0	lts_1106I_20_01	20	01	1	330	0	0	0	CR	MAX	ACEMPOST.jpg	ACEMPOST.jpg	NOKEY	MAX	NOKEY
1446836816557	0	lts_1106I_20_01	20	01	1	331	0	0	0	CR	MAX	8079436.thl.jpg	8079436.thl.jpg	NOKEY	MAX	NOKEY
1446836819649	0	lts_1106I_20_01	20	01	1	332	0	0	0	CR	MAX	1/AMIXER.jpg	AMIXER.jpg	NOKEY	MAX	NOKEY
1446836820619	0	lts_1106I_20_01	20	01	1	333	1	1	1	Hit	496	1-3/AMIXER.jpg	AMIXER.jpg	SPACE	535	SPACE
1446836823695	0	lts_1106I_20_01	20	01	1	334	0	0	0	CR	MAX	2/AFRYINGP2.jpg	AFRYINGP2.jpg	NOKEY	MAX	NOKEY
1446836826771	0	lts_1106I_20_01	20	01	1	335	0	0	0	CR	MAX	8/AHIBACHI.jpg	AHIBACHI.jpg	NOKEY	MAX	NOKEY
1446836827741	0	lts_1106I_20_01	20	01	1	336	2	1	1	Hit	489	2-6/AFRYINGP2.jpg	AFRYINGP2.jpg	SPACE	535	SPACE
1446836830817	0	lts_1106I_20_01	20	01	1	337	0	0	0	CR	MAX	26455774.thl.jpg	26455774.thl.jpg	NOKEY	MAX	NOKEY
1446836833893	0	lts_1106I_20_01	20	01	1	338	0	0	0	CR	MAX	Ainstrument3.jpg	Ainstrument3.jpg	NOKEY	MAX	NOKEY
1446836836969	0	lts_1106I_20_01	20	01	1	339	0	0	0	CR	MAX	Acprmask2.jpg	Acprmask2.jpg	NOKEY	MAX	NOKEY
1446836837922	0	lts_1106I_20_01	20	01	1	340	16	1	1	Hit	476	16-mul/AMEATHER3.jpg	AMEATHER3.jpg	SPACE	518	SPACE
1446836840998	0	lts_1106I_20_01	20	01	1	341	0	0	0	CR	MAX	32/Aantiquemailb.jpg	Aantiquemailb.jpg	NOKEY	MAX	NOKEY
1446836844092	0	lts_1106I_20_01	20	01	1	342	0	0	0	CR	MAX	ADUSTER5.jpg	ADUSTER5.jpg	NOKEY	MAX	NOKEY
1446836844960	0	lts_1106I_20_01	20	01	1	343	8	1	1	Hit	395	8-first/AHIBACHI.jpg	AHIBACHI.jpg	SPACE	434	SPACE
1446836848054	0	lts_1106I_20_01	20	01	1	344	0	0	0	CR	MAX	AWALKER11.jpg	AWALKER11.jpg	NOKEY	MAX	NOKEY
1446836848939	0	lts_1106I_20_01	20	01	1	345	2	1	1	Hit	408	2-mul/AHIBACHI.jpg	AHIBACHI.jpg	SPACE	451	SPACE
1446836849858	0	lts_1106I_20_01	20	01	1	346	0	0	1	FA	435	AWOODENF3.jpg	AWOODENF3.jpg	SPACE	484	NOKEY
1446836852935	0	lts_1106I_20_01	20	01	1	347	0	0	0	CR	MAX	8081398.thl.jpg	8081398.thl.jpg	NOKEY	MAX	NOKEY
1446836856012	0	lts_1106I_20_01	20	01	1	348	0	0	0	CR	MAX	ABLACKB12.jpg	ABLACKB12.jpg	NOKEY	MAX	NOKEY
1446836859088	0	lts_1106I_20_01	20	01	1	349	0	0	0	CR	MAX	4/ASMOKMEAT.jpg	ASMOKMEAT.jpg	NOKEY	MAX	NOKEY
1446836862163	0	lts_1106I_20_01	20	01	1	350	0	0	0	CR	MAX	AHEADSET.jpg	AHEADSET.jpg	NOKEY	MAX	NOKEY
1446836865239	0	lts_1106I_20_01	20	01	1	351	0	0	0	CR	MAX	ABOTTLE19.jpg	ABOTTLE19.jpg	NOKEY	MAX	NOKEY
1446836866175	0	lts_1106I_20_01	20	01	1	352	0	0	1	FA	456	AFRUIT2.jpg	AFRUIT2.jpg	SPACE	502	NOKEY
1446836867362	0	lts_1106I_20_01	20	01	1	353	4	1	1	Hit	704	4-3/ASMOKMEAT.jpg	ASMOKMEAT.jpg	SPACE	753	SPACE
1446836870438	0	lts_1106I_20_01	20	01	1	354	0	0	0	CR	MAX	AWOODST19.jpg	AWOODST19.jpg	NOKEY	MAX	NOKEY
1446836871625	0	lts_1106I_20_01	20	01	1	355	32	1	1	Hit	706	32-0/26427983.thl.jpg	26427983.thl.jpg	SPACE	752	SPACE
1446836874718	0	lts_1106I_20_01	20	01	1	356	0	0	0	CR	MAX	Atrowel42.jpg	Atrowel42.jpg	NOKEY	MAX	NOKEY
1446836877794	0	lts_1106I_20_01	20	01	1	357	0	0	0	CR	MAX	32/ATIE16.jpg	ATIE16.jpg	NOKEY	MAX	NOKEY
1446836879115	0	lts_1106I_20_01	20	01	1	358	00	1	1	Hit	836	00-across/cigarette03.jpg	cigarette03.jpg	SPACE	886	SPACE
1446836882191	0	lts_1106I_20_01	20	01	1	359	0	0	0	CR	MAX	8/26465824.thl.jpg	26465824.thl.jpg	NOKEY	MAX	NOKEY
1446836885267	0	lts_1106I_20_01	20	01	1	360	0	0	0	CR	MAX	64/22886412.thl.jpg	22886412.thl.jpg	NOKEY	MAX	NOKEY
1446836888343	0	lts_1106I_20_01	20	01	1	361	0	0	0	CR	MAX	Aboxofnotepa4.jpg	Aboxofnotepa4.jpg	NOKEY	MAX	NOKEY
1446836891419	0	lts_1106I_20_01	20	01	1	362	0	0	0	CR	MAX	APOTGOLD2.jpg	APOTGOLD2.jpg	NOKEY	MAX	NOKEY
1446836893492	0	lts_1106I_20_01	20	01	1	363	128	1	1	Hit	1596	128-1/26370651.thm.jpg	26370651.thm.jpg	SPACE	1640	SPACE
1446836896568	0	lts_1106I_20_01	20	01	1	364	0	0	0	CR	MAX	ABACCAMEL.jpg	ABACCAMEL.jpg	NOKEY	MAX	NOKEY
1446836897755	0	lts_1106I_20_01	20	01	1	365	128	1	1	Hit	712	128-4/Atoywheels.jpg	Atoywheels.jpg	SPACE	753	SPACE
1446836900831	0	lts_1106I_20_01	20	01	1	366	0	0	0	CR	MAX	AFRAME15.jpg	AFRAME15.jpg	NOKEY	MAX	NOKEY
1446836901951	0	lts_1106I_20_01	20	01	1	367	8	1	1	Hit	644	8-2/26465824.thl.jpg	26465824.thl.jpg	SPACE	686	SPACE
1446836905045	0	lts_1106I_20_01	20	01	1	368	0	0	0	CR	MAX	ABROCHETT.jpg	ABROCHETT.jpg	NOKEY	MAX	NOKEY
1446836906048	0	lts_1106I_20_01	20	01	1	369	00	1	1	Hit	532	00-across/catslglol.jpg	catslglol.jpg	SPACE	568	SPACE
1446836909190	0	lts_1106I_20_01	20	01	1	370	0	0	0	CR	MAX	8/ABAGGROCE.jpg	ABAGGROCE.jpg	NOKEY	MAX	NOKEY
1446836912282	0	lts_1106I_20_01	20	01	1	371	0	0	0	CR	MAX	Atoycoil.jpg	Atoycoil.jpg	NOKEY	MAX	NOKEY
1446836915375	0	lts_1106I_20_01	20	01	1	372	0	0	0	CR	MAX	dragon.jpg	dragon.jpg	NOKEY	MAX	NOKEY
1446836916596	0	lts_1106I_20_01	20	01	1	373	32	1	1	Hit	740	32-9/Aantiquemailb.jpg	Aantiquemailb.jpg	SPACE	786	SPACE
1446836919672	0	lts_1106I_20_01	20	01	1	374	0	0	0	CR	MAX	26427910.thl.jpg	26427910.thl.jpg	NOKEY	MAX	NOKEY
1446836922748	0	lts_1106I_20_01	20	01	1	375	0	0	0	CR	MAX	skateboard.jpg	skateboard.jpg	NOKEY	MAX	NOKEY
1446836923701	0	lts_1106I_20_01	20	01	1	376	00	1	1	Hit	467	00-across/cigarette03.jpg	cigarette03.jpg	SPACE	519	SPACE
1446836926777	0	lts_1106I_20_01	20	01	1	377	0	0	0	CR	MAX	Aclothespin2.jpg	Aclothespin2.jpg	NOKEY	MAX	NOKEY
1446836927797	0	lts_1106I_20_01	20	01	1	378	8	1	1	Hit	546	8-first/ABAGGROCE.jpg	ABAGGROCE.jpg	SPACE	585	SPACE
1446836930873	0	lts_1106I_20_01	20	01	1	379	0	0	0	CR	MAX	Anetworkplug4.jpg	Anetworkplug4.jpg	NOKEY	MAX	NOKEY
1446836931742	0	lts_1106I_20_01	20	01	1	380	2	1	1	Hit	392	2-mul/ABAGGROCE.jpg	ABAGGROCE.jpg	SPACE	435	SPACE
1446836934835	0	lts_1106I_20_01	20	01	1	381	0	0	0	CR	MAX	sausage.jpg	sausage.jpg	NOKEY	MAX	NOKEY
1446836937911	0	lts_1106I_20_01	20	01	1	382	0	0	0	CR	MAX	Agreenleaf3.jpg	Agreenleaf3.jpg	NOKEY	MAX	NOKEY
1446836940987	0	lts_1106I_20_01	20	01	1	383	0	0	0	CR	MAX	32/ATHERMO4.jpg	ATHERMO4.jpg	NOKEY	MAX	NOKEY
1446836944064	0	lts_1106I_20_01	20	01	1	384	0	0	0	CR	MAX	16/ASNOWSH11.jpg	ASNOWSH11.jpg	NOKEY	MAX	NOKEY
1446836947139	0	lts_1106I_20_01	20	01	1	385	0	0	0	CR	MAX	APICNICBL.jpg	APICNICBL.jpg	NOKEY	MAX	NOKEY
1446836950215	0	lts_1106I_20_01	20	01	1	386	0	0	0	CR	MAX	ASLED7.jpg	ASLED7.jpg	NOKEY	MAX	NOKEY
1446836953291	0	lts_1106I_20_01	20	01	1	387	0	0	0	CR	MAX	Ataperecorde4.jpg	Ataperecorde4.jpg	NOKEY	MAX	NOKEY
1446836956367	0	lts_1106I_20_01	20	01	1	388	0	0	0	CR	MAX	26393373.thl.jpg	26393373.thl.jpg	NOKEY	MAX	NOKEY
1446836957370	0	lts_1106I_20_01	20	01	1	389	32	1	1	Hit	521	32-4/ATIE16.jpg	ATIE16.jpg	SPACE	568	SPACE
1446836960446	0	lts_1106I_20_01	20	01	1	390	0	0	0	CR	MAX	Ahandbag68.jpg	Ahandbag68.jpg	NOKEY	MAX	NOKEY
1446836963522	0	lts_1106I_20_01	20	01	1	391	0	0	0	CR	MAX	1/batslct.jpg	batslct.jpg	NOKEY	MAX	NOKEY
1446836964609	0	lts_1106I_20_01	20	01	1	392	1	1	1	Hit	603	1-4/batslct.jpg	batslct.jpg	SPACE	652	SPACE
1446836967685	0	lts_1106I_20_01	20	01	1	393	0	0	0	CR	MAX	Araisins4.jpg	Araisins4.jpg	NOKEY	MAX	NOKEY
1446836970778	0	lts_1106I_20_01	20	01	1	394	0	0	0	CR	MAX	8/Abootbinding.jpg	Abootbinding.jpg	NOKEY	MAX	NOKEY
1446836973854	0	lts_1106I_20_01	20	01	1	395	0	0	0	CR	MAX	Aglassjarwit2.jpg	Aglassjarwit2.jpg	NOKEY	MAX	NOKEY
1446836976930	0	lts_1106I_20_01	20	01	1	396	0	0	0	CR	MAX	Aonewaysign2.jpg	Aonewaysign2.jpg	NOKEY	MAX	NOKEY
1446836980007	0	lts_1106I_20_01	20	01	1	397	128	1	0	Miss	MAX	128-6/Atable132.jpg	Atable132.jpg	NOKEY	MAX	SPACE
1446836983083	0	lts_1106I_20_01	20	01	1	398	0	0	0	CR	MAX	AORGAN.jpg	AORGAN.jpg	NOKEY	MAX	NOKEY
1446836986158	0	lts_1106I_20_01	20	01	1	399	0	0	0	CR	MAX	Ablossom.jpg	Ablossom.jpg	NOKEY	MAX	NOKEY
1446836987278	0	lts_1106I_20_01	20	01	1	400	16	1	1	Hit	645	16-first/ASNOWSH11.jpg	ASNOWSH11.jpg	SPACE	685	SPACE
1446836990354	0	lts_1106I_20_01	20	01	1	401	0	0	0	CR	MAX	Asword138.jpg	Asword138.jpg	NOKEY	MAX	NOKEY
1446836992210	0	lts_1106I_20_01	20	01	1	402	8	1	1	Hit	1380	8-first/Abootbinding.jpg	Abootbinding.jpg	SPACE	1421	SPACE
1446836995286	0	lts_1106I_20_01	20	01	1	403	0	0	0	CR	MAX	Apyramid3.jpg	Apyramid3.jpg	NOKEY	MAX	NOKEY
1446836996406	0	lts_1106I_20_01	20	01	1	404	4	1	1	Hit	642	4-mul/ASNOWSH11.jpg	ASNOWSH11.jpg	SPACE	685	SPACE
1446836999482	0	lts_1106I_20_01	20	01	1	405	0	0	0	CR	MAX	8249141.thl.jpg	8249141.thl.jpg	NOKEY	MAX	NOKEY
1446837000569	0	lts_1106I_20_01	20	01	1	406	4	1	1	Hit	617	4-mul/Abootbinding.jpg	Abootbinding.jpg	SPACE	652	SPACE
1446837003645	0	lts_1106I_20_01	20	01	1	407	0	0	0	CR	MAX	32/Astaplegun3.jpg	Astaplegun3.jpg	NOKEY	MAX	NOKEY
1446837006721	0	lts_1106I_20_01	20	01	1	408	0	0	0	CR	MAX	Athermos7.jpg	Athermos7.jpg	NOKEY	MAX	NOKEY
1446837009797	0	lts_1106I_20_01	20	01	1	409	0	0	0	CR	MAX	32/Aplasticbot10.jpg	Aplasticbot10.jpg	NOKEY	MAX	NOKEY
1446837012873	0	lts_1106I_20_01	20	01	1	410	0	0	0	CR	MAX	quiche.jpg	quiche.jpg	NOKEY	MAX	NOKEY
1446837015949	0	lts_1106I_20_01	20	01	1	411	0	0	0	CR	MAX	26421070.thl.jpg	26421070.thl.jpg	NOKEY	MAX	NOKEY
1446837019026	0	lts_1106I_20_01	20	01	1	412	0	0	0	CR	MAX	AGLASSTAB.jpg	AGLASSTAB.jpg	NOKEY	MAX	NOKEY
1446837022135	0	lts_1106I_20_01	20	01	1	413	0	0	0	CR	MAX	4/orientalvase.jpg	orientalvase.jpg	NOKEY	MAX	NOKEY
1446837025211	0	lts_1106I_20_01	20	01	1	414	0	0	0	CR	MAX	26428057.thl.jpg	26428057.thl.jpg	NOKEY	MAX	NOKEY
1446837026331	0	lts_1106I_20_01	20	01	1	415	32	1	1	Hit	643	32-5/ATHERMO4.jpg	ATHERMO4.jpg	SPACE	686	SPACE
1446837029407	0	lts_1106I_20_01	20	01	1	416	0	0	0	CR	MAX	26392651.thl.jpg	26392651.thl.jpg	NOKEY	MAX	NOKEY
1446837030360	0	lts_1106I_20_01	20	01	1	417	4	1	1	Hit	473	4-12/orientalvase.jpg	orientalvase.jpg	SPACE	518	SPACE
1446837033453	0	lts_1106I_20_01	20	01	1	418	0	0	0	CR	MAX	4/AWOODBOX3.jpg	AWOODBOX3.jpg	NOKEY	MAX	NOKEY
1446837036529	0	lts_1106I_20_01	20	01	1	419	0	0	0	CR	MAX	AANGLEME2.jpg	AANGLEME2.jpg	NOKEY	MAX	NOKEY
1446837039605	0	lts_1106I_20_01	20	01	1	420	0	0	0	CR	MAX	Ajar33.jpg	Ajar33.jpg	NOKEY	MAX	NOKEY
1446837042681	0	lts_1106I_20_01	20	01	1	421	0	0	0	CR	MAX	Ahighlightin2.jpg	Ahighlightin2.jpg	NOKEY	MAX	NOKEY
1446837044019	0	lts_1106I_20_01	20	01	1	422	4	1	1	Hit	862	4-1/AWOODBOX3.jpg	AWOODBOX3.jpg	SPACE	903	SPACE
1446837047095	0	lts_1106I_20_01	20	01	1	423	0	0	0	CR	MAX	8/ACUSTMACH.jpg	ACUSTMACH.jpg	NOKEY	MAX	NOKEY
1446837048465	0	lts_1106I_20_01	20	01	1	424	64	1	1	Hit	895	64-first/22886412.thl.jpg	22886412.thl.jpg	SPACE	937	SPACE
1446837051541	0	lts_1106I_20_01	20	01	1	425	0	0	0	CR	MAX	ADOGTOY.jpg	ADOGTOY.jpg	NOKEY	MAX	NOKEY
1446837054617	0	lts_1106I_20_01	20	01	1	426	0	0	0	CR	MAX	ACOMPAS20.jpg	ACOMPAS20.jpg	NOKEY	MAX	NOKEY
1446837057693	0	lts_1106I_20_01	20	01	1	427	0	0	0	CR	MAX	26426317.thl.jpg	26426317.thl.jpg	NOKEY	MAX	NOKEY
1446837059115	0	lts_1106I_20_01	20	01	1	428	4	1	1	Hit	942	4-mul/22886412.thl.jpg	22886412.thl.jpg	SPACE	986	SPACE
1446837062191	0	lts_1106I_20_01	20	01	1	429	0	0	0	CR	MAX	4/26424443.thl.jpg	26424443.thl.jpg	NOKEY	MAX	NOKEY
1446837065267	0	lts_1106I_20_01	20	01	1	430	0	0	0	CR	MAX	Alighter12.jpg	Alighter12.jpg	NOKEY	MAX	NOKEY
1446837068326	0	lts_1106I_20_01	20	01	1	431	8	1	1	Hit	2574	8-first/ACUSTMACH.jpg	ACUSTMACH.jpg	SPACE	2625	SPACE
1446837071419	0	lts_1106I_20_01	20	01	1	432	0	0	0	CR	MAX	APUMPCOOK.jpg	APUMPCOOK.jpg	NOKEY	MAX	NOKEY
1446837072489	0	lts_1106I_20_01	20	01	1	433	4	1	1	Hit	589	4-5/26424443.thl.jpg	26424443.thl.jpg	SPACE	637	SPACE
1446837075565	0	lts_1106I_20_01	20	01	1	434	0	0	0	CR	MAX	AGIFTBOX8.jpg	AGIFTBOX8.jpg	NOKEY	MAX	NOKEY
1446837076768	0	lts_1106I_20_01	20	01	1	435	4	1	1	Hit	732	4-mul/ACUSTMACH.jpg	ACUSTMACH.jpg	SPACE	769	SPACE
1446837079845	0	lts_1106I_20_01	20	01	1	436	0	0	0	CR	MAX	AFOOTST11.jpg	AFOOTST11.jpg	NOKEY	MAX	NOKEY
1446837082921	0	lts_1106I_20_01	20	01	1	437	0	0	0	CR	MAX	AEXERCBIK.jpg	AEXERCBIK.jpg	NOKEY	MAX	NOKEY
1446837086014	0	lts_1106I_20_01	20	01	1	438	0	0	0	CR	MAX	8/seahorse.jpg	seahorse.jpg	NOKEY	MAX	NOKEY
1446837089091	0	lts_1106I_20_01	20	01	1	439	32	1	0	Miss	MAX	32-3/Astaplegun3.jpg	Astaplegun3.jpg	NOKEY	MAX	SPACE
1446837092165	0	lts_1106I_20_01	20	01	1	440	0	0	0	CR	MAX	ALITTERB2.jpg	ALITTERB2.jpg	NOKEY	MAX	NOKEY
1446837093169	0	lts_1106I_20_01	20	01	1	441	32	1	1	Hit	518	32-6/Aplasticbot10.jpg	Aplasticbot10.jpg	SPACE	568	SPACE
1446837096245	0	lts_1106I_20_01	20	01	1	442	0	0	0	CR	MAX	ASKIHOLD.jpg	ASKIHOLD.jpg	NOKEY	MAX	NOKEY
1446837097549	0	lts_1106I_20_01	20	01	1	443	128	1	1	Hit	823	128-7/ATOWRACK3.jpg	ATOWRACK3.jpg	SPACE	869	SPACE
1446837100641	0	lts_1106I_20_01	20	01	1	444	0	0	0	CR	MAX	Awomensshoe4.jpg	Awomensshoe4.jpg	NOKEY	MAX	NOKEY
1446837102413	0	lts_1106I_20_01	20	01	1	445	0	0	1	FA	1299	ABLACKB14.jpg	ABLACKB14.jpg	SPACE	1337	NOKEY
1446837103517	0	lts_1106I_20_01	20	01	1	446	8	1	1	Hit	612	8-first/seahorse.jpg	seahorse.jpg	SPACE	653	SPACE
1446837106593	0	lts_1106I_20_01	20	01	1	447	0	0	0	CR	MAX	Aoutdoorprop3.jpg	Aoutdoorprop3.jpg	NOKEY	MAX	NOKEY
1446837107479	0	lts_1106I_20_01	20	01	1	448	2	1	1	Hit	405	2-mul/seahorse.jpg	seahorse.jpg	SPACE	453	SPACE
1446837110555	0	lts_1106I_20_01	20	01	1	449	0	0	0	CR	MAX	Atoy12.jpg	Atoy12.jpg	NOKEY	MAX	NOKEY
1446837175652	0	E	Logging Ends
