1446756048349	0	B	Logging Begins
1446756152218	0	lts_1105L_19_01	19	01	0	0	0	0	0	CR	MAX	AWINDSU21.jpg	AWINDSU21.jpg	NOKEY	MAX	NOKEY
1446756155311	0	lts_1105L_19_01	19	01	0	1	0	0	0	CR	MAX	Aprintingpre5.jpg	Aprintingpre5.jpg	NOKEY	MAX	NOKEY
1446756158386	0	lts_1105L_19_01	19	01	0	2	0	0	0	CR	MAX	Atoydrill4.jpg	Atoydrill4.jpg	NOKEY	MAX	NOKEY
1446756161478	0	lts_1105L_19_01	19	01	0	3	0	0	0	CR	MAX	1/ACLOGOPE3.jpg	ACLOGOPE3.jpg	NOKEY	MAX	NOKEY
1446756162615	0	lts_1105L_19_01	19	01	0	4	1	1	1	Hit	658	1-4/ACLOGOPE3.jpg	ACLOGOPE3.jpg	SPACE	703	SPACE
1446756165691	0	lts_1105L_19_01	19	01	0	5	0	0	0	CR	MAX	128/AFRUIT2.jpg	AFRUIT2.jpg	NOKEY	MAX	NOKEY
1446756168767	0	lts_1105L_19_01	19	01	0	6	0	0	0	CR	MAX	8/AGERMANH4.jpg	AGERMANH4.jpg	NOKEY	MAX	NOKEY
1446756171843	0	lts_1105L_19_01	19	01	0	7	0	0	0	CR	MAX	ABROOCH53.jpg	ABROOCH53.jpg	NOKEY	MAX	NOKEY
1446756174919	0	lts_1105L_19_01	19	01	0	8	0	0	0	CR	MAX	ASHOWCAP.jpg	ASHOWCAP.jpg	NOKEY	MAX	NOKEY
1446756178013	0	lts_1105L_19_01	19	01	0	9	2	1	0	Miss	MAX	2/frog-a.jpg	frog-a.jpg	NOKEY	MAX	SPACE
1446756181089	0	lts_1105L_19_01	19	01	0	10	0	0	0	CR	MAX	AFLAMEXTI.jpg	AFLAMEXTI.jpg	NOKEY	MAX	NOKEY
1446756182192	0	lts_1105L_19_01	19	01	0	11	2	1	1	Hit	633	2-2/frog-a.jpg	frog-a.jpg	SPACE	667	SPACE
1446756185285	0	lts_1105L_19_01	19	01	0	12	0	0	0	CR	MAX	snail.jpg	snail.jpg	NOKEY	MAX	NOKEY
1446756188360	0	lts_1105L_19_01	19	01	0	13	0	0	0	CR	MAX	sntslrc.jpg	sntslrc.jpg	NOKEY	MAX	NOKEY
1446756189447	0	lts_1105L_19_01	19	01	0	14	8	1	1	Hit	615	8-2/AGERMANH4.jpg	AGERMANH4.jpg	SPACE	653	SPACE
1446756192540	0	lts_1105L_19_01	19	01	0	15	0	0	0	CR	MAX	4/ACHINCHI4.jpg	ACHINCHI4.jpg	NOKEY	MAX	NOKEY
1446756195616	0	lts_1105L_19_01	19	01	0	16	0	0	0	CR	MAX	AMILPHONE.jpg	AMILPHONE.jpg	NOKEY	MAX	NOKEY
1446756198692	0	lts_1105L_19_01	19	01	0	17	0	0	0	CR	MAX	trapezebars.jpg	trapezebars.jpg	NOKEY	MAX	NOKEY
1446756201768	0	lts_1105L_19_01	19	01	0	18	0	0	0	CR	MAX	128/Astaplegun3.jpg	Astaplegun3.jpg	NOKEY	MAX	NOKEY
1446756202821	0	lts_1105L_19_01	19	01	0	19	4	1	1	Hit	576	4-11/ACHINCHI4.jpg	ACHINCHI4.jpg	SPACE	618	SPACE
1446756205897	0	lts_1105L_19_01	19	01	0	20	0	0	0	CR	MAX	tires.jpg	tires.jpg	NOKEY	MAX	NOKEY
1446756208973	0	lts_1105L_19_01	19	01	0	21	0	0	0	CR	MAX	Ashovel8.jpg	Ashovel8.jpg	NOKEY	MAX	NOKEY
1446756212050	0	lts_1105L_19_01	19	01	0	22	0	0	0	CR	MAX	AWOODBIN.jpg	AWOODBIN.jpg	NOKEY	MAX	NOKEY
1446756215143	0	lts_1105L_19_01	19	01	0	23	0	0	0	CR	MAX	2/Atoyslide.jpg	Atoyslide.jpg	NOKEY	MAX	NOKEY
1446756218219	0	lts_1105L_19_01	19	01	0	24	0	0	0	CR	MAX	AGONG12.jpg	AGONG12.jpg	NOKEY	MAX	NOKEY
1446756219222	0	lts_1105L_19_01	19	01	0	25	2	1	1	Hit	520	2-1/Atoyslide.jpg	Atoyslide.jpg	SPACE	567	SPACE
1446756222315	0	lts_1105L_19_01	19	01	0	26	0	0	0	CR	MAX	dftslpi.jpg	dftslpi.jpg	NOKEY	MAX	NOKEY
1446756225390	0	lts_1105L_19_01	19	01	0	27	0	0	0	CR	MAX	16/ATAPEDIS7.jpg	ATAPEDIS7.jpg	NOKEY	MAX	NOKEY
1446756228466	0	lts_1105L_19_01	19	01	0	28	0	0	0	CR	MAX	AKEYHOL10.jpg	AKEYHOL10.jpg	NOKEY	MAX	NOKEY
1446756231542	0	lts_1105L_19_01	19	01	0	29	0	0	0	CR	MAX	2/AMECHHAN3.jpg	AMECHHAN3.jpg	NOKEY	MAX	NOKEY
1446756234618	0	lts_1105L_19_01	19	01	0	30	0	0	0	CR	MAX	ABUILDAR4.jpg	ABUILDAR4.jpg	NOKEY	MAX	NOKEY
1446756235856	0	lts_1105L_19_01	19	01	0	31	2	1	1	Hit	753	2-11/AMECHHAN3.jpg	AMECHHAN3.jpg	SPACE	802	SPACE
1446756238932	0	lts_1105L_19_01	19	01	0	32	0	0	0	CR	MAX	Abutterdish.jpg	Abutterdish.jpg	NOKEY	MAX	NOKEY
1446756242009	0	lts_1105L_19_01	19	01	0	33	0	0	0	CR	MAX	8/ADESKLA12.jpg	ADESKLA12.jpg	NOKEY	MAX	NOKEY
1446756245101	0	lts_1105L_19_01	19	01	0	34	0	0	0	CR	MAX	Aashtray14.jpg	Aashtray14.jpg	NOKEY	MAX	NOKEY
1446756248177	0	lts_1105L_19_01	19	01	0	35	0	0	0	CR	MAX	AELECRAZ7.jpg	AELECRAZ7.jpg	NOKEY	MAX	NOKEY
1446756251254	0	lts_1105L_19_01	19	01	0	36	0	0	0	CR	MAX	Asword138.jpg	Asword138.jpg	NOKEY	MAX	NOKEY
1446756254329	0	lts_1105L_19_01	19	01	0	37	0	0	0	CR	MAX	Awildberries.jpg	Awildberries.jpg	NOKEY	MAX	NOKEY
1446756257405	0	lts_1105L_19_01	19	01	0	38	0	0	0	CR	MAX	8245207.thl.jpg	8245207.thl.jpg	NOKEY	MAX	NOKEY
1446756260481	0	lts_1105L_19_01	19	01	0	39	0	0	0	CR	MAX	23007415.thl.jpg	23007415.thl.jpg	NOKEY	MAX	NOKEY
1446756263557	0	lts_1105L_19_01	19	01	0	40	0	0	0	CR	MAX	36411474.thl.jpg	36411474.thl.jpg	NOKEY	MAX	NOKEY
1446756264777	0	lts_1105L_19_01	19	01	0	41	8	1	1	Hit	735	8-0/ADESKLA12.jpg	ADESKLA12.jpg	SPACE	786	SPACE
1446756267870	0	lts_1105L_19_01	19	01	0	42	0	0	0	CR	MAX	Aboxofchocola.jpg	Aboxofchocola.jpg	NOKEY	MAX	NOKEY
1446756269125	0	lts_1105L_19_01	19	01	0	43	16	1	1	Hit	783	16-first/ATAPEDIS7.jpg	ATAPEDIS7.jpg	SPACE	820	SPACE
1446756272201	0	lts_1105L_19_01	19	01	0	44	0	0	0	CR	MAX	ABOWLCARV.jpg	ABOWLCARV.jpg	NOKEY	MAX	NOKEY
1446756275294	0	lts_1105L_19_01	19	01	0	45	0	0	0	CR	MAX	AGOOSNEC2.jpg	AGOOSNEC2.jpg	NOKEY	MAX	NOKEY
1446756278369	0	lts_1105L_19_01	19	01	0	46	0	0	0	CR	MAX	blueflatbox.jpg	blueflatbox.jpg	NOKEY	MAX	NOKEY
1446756279389	0	lts_1105L_19_01	19	01	0	47	4	1	1	Hit	542	4-mul/ATAPEDIS7.jpg	ATAPEDIS7.jpg	SPACE	585	SPACE
1446756282465	0	lts_1105L_19_01	19	01	0	48	0	0	0	CR	MAX	26374158.thl.jpg	26374158.thl.jpg	NOKEY	MAX	NOKEY
1446756285541	0	lts_1105L_19_01	19	01	0	49	0	0	0	CR	MAX	4/23048010.thl.jpg	23048010.thl.jpg	NOKEY	MAX	NOKEY
1446756288617	0	lts_1105L_19_01	19	01	0	50	0	0	0	CR	MAX	Arose10.jpg	Arose10.jpg	NOKEY	MAX	NOKEY
1446756289703	0	lts_1105L_19_01	19	01	0	51	0	0	1	FA	616	ATROWEL2.jpg	ATROWEL2.jpg	SPACE	653	NOKEY
1446756292779	0	lts_1105L_19_01	19	01	0	52	0	0	0	CR	MAX	Acandlesnuffe.jpg	Acandlesnuffe.jpg	NOKEY	MAX	NOKEY
1446756294185	0	lts_1105L_19_01	19	01	0	53	4	1	1	Hit	925	4-12/23048010.thl.jpg	23048010.thl.jpg	SPACE	970	SPACE
1446756297261	0	lts_1105L_19_01	19	01	0	54	0	0	0	CR	MAX	pajamas.jpg	pajamas.jpg	NOKEY	MAX	NOKEY
1446756300336	0	lts_1105L_19_01	19	01	0	55	8	1	0	Miss	MAX	8/fireking-file-cabinet.jpg	fireking-file-cabinet.jpg	NOKEY	MAX	SPACE
1446756303412	0	lts_1105L_19_01	19	01	0	56	0	0	0	CR	MAX	16/APINGPON3.jpg	APINGPON3.jpg	NOKEY	MAX	NOKEY
1446756306505	0	lts_1105L_19_01	19	01	0	57	0	0	0	CR	MAX	image004.jpg	image004.jpg	NOKEY	MAX	NOKEY
1446756309581	0	lts_1105L_19_01	19	01	0	58	0	0	0	CR	MAX	32/22852560.thl.jpg	22852560.thl.jpg	NOKEY	MAX	NOKEY
1446756312657	0	lts_1105L_19_01	19	01	0	59	0	0	0	CR	MAX	128/ACHOPBOWL.jpg	ACHOPBOWL.jpg	NOKEY	MAX	NOKEY
1446756315733	0	lts_1105L_19_01	19	01	0	60	0	0	0	CR	MAX	22851864.thl.jpg	22851864.thl.jpg	NOKEY	MAX	NOKEY
1446756318809	0	lts_1105L_19_01	19	01	0	61	0	0	0	CR	MAX	4/Atripod5.jpg	Atripod5.jpg	NOKEY	MAX	NOKEY
1446756321885	0	lts_1105L_19_01	19	01	0	62	0	0	0	CR	MAX	Abonnet12.jpg	Abonnet12.jpg	NOKEY	MAX	NOKEY
1446756322972	0	lts_1105L_19_01	19	01	0	63	8	1	1	Hit	611	8-first/fireking-file-cabinet.jpg	fireking-file-cabinet.jpg	SPACE	652	SPACE
1446756326065	0	lts_1105L_19_01	19	01	0	64	0	0	0	CR	MAX	ADOMINO.jpg	ADOMINO.jpg	NOKEY	MAX	NOKEY
1446756327519	0	lts_1105L_19_01	19	01	0	65	4	1	1	Hit	982	4-4/Atripod5.jpg	Atripod5.jpg	SPACE	1020	SPACE
1446756330595	0	lts_1105L_19_01	19	01	0	66	0	0	0	CR	MAX	AJEWELBO3.jpg	AJEWELBO3.jpg	NOKEY	MAX	NOKEY
1446756331665	0	lts_1105L_19_01	19	01	0	67	4	1	1	Hit	590	4-mul/fireking-file-cabinet.jpg	fireking-file-cabinet.jpg	SPACE	637	SPACE
1446756334741	0	lts_1105L_19_01	19	01	0	68	0	0	0	CR	MAX	Aacupuncture2.jpg	Aacupuncture2.jpg	NOKEY	MAX	NOKEY
1446756337817	0	lts_1105L_19_01	19	01	0	69	0	0	0	CR	MAX	ADOLL69.jpg	ADOLL69.jpg	NOKEY	MAX	NOKEY
1446756340893	0	lts_1105L_19_01	19	01	0	70	0	0	0	CR	MAX	quiche.jpg	quiche.jpg	NOKEY	MAX	NOKEY
1446756343986	0	lts_1105L_19_01	19	01	0	71	0	0	0	CR	MAX	AMILMARK2.jpg	AMILMARK2.jpg	NOKEY	MAX	NOKEY
1446756345174	0	lts_1105L_19_01	19	01	0	72	16	1	1	Hit	710	16-0/APINGPON3.jpg	APINGPON3.jpg	SPACE	752	SPACE
1446756348250	0	lts_1105L_19_01	19	01	0	73	0	0	0	CR	MAX	8/AELECOMP2.jpg	AELECOMP2.jpg	NOKEY	MAX	NOKEY
1446756351325	0	lts_1105L_19_01	19	01	0	74	0	0	0	CR	MAX	32/Abucketwithcl.jpg	Abucketwithcl.jpg	NOKEY	MAX	NOKEY
1446756354401	0	lts_1105L_19_01	19	01	0	75	0	0	0	CR	MAX	Aleaf74.jpg	Aleaf74.jpg	NOKEY	MAX	NOKEY
1446756357477	0	lts_1105L_19_01	19	01	0	76	0	0	0	CR	MAX	AHOOK11.jpg	AHOOK11.jpg	NOKEY	MAX	NOKEY
1446756360553	0	lts_1105L_19_01	19	01	0	77	0	0	0	CR	MAX	Aflowerpot9.jpg	Aflowerpot9.jpg	NOKEY	MAX	NOKEY
1446756363629	0	lts_1105L_19_01	19	01	0	78	0	0	0	CR	MAX	1/Aheadlightan2.jpg	Aheadlightan2.jpg	NOKEY	MAX	NOKEY
1446756365085	0	lts_1105L_19_01	19	01	0	79	1	1	1	Hit	979	1-13/Aheadlightan2.jpg	Aheadlightan2.jpg	SPACE	1020	SPACE
1446756368177	0	lts_1105L_19_01	19	01	0	80	0	0	0	CR	MAX	ACHINLAMP.jpg	ACHINLAMP.jpg	NOKEY	MAX	NOKEY
1446756369364	0	lts_1105L_19_01	19	01	0	81	8	1	1	Hit	715	8-first/AELECOMP2.jpg	AELECOMP2.jpg	SPACE	751	SPACE
1446756372440	0	lts_1105L_19_01	19	01	0	82	0	0	0	CR	MAX	4/Azebra8.jpg	Azebra8.jpg	NOKEY	MAX	NOKEY
1446756375516	0	lts_1105L_19_01	19	01	0	83	0	0	0	CR	MAX	A25thdec3.jpg	A25thdec3.jpg	NOKEY	MAX	NOKEY
1446756378592	0	lts_1105L_19_01	19	01	0	84	0	0	0	CR	MAX	Aelectronicg9.jpg	Aelectronicg9.jpg	NOKEY	MAX	NOKEY
1446756381668	0	lts_1105L_19_01	19	01	0	85	0	0	0	CR	MAX	8253370.thl.jpg	8253370.thl.jpg	NOKEY	MAX	NOKEY
1446756382771	0	lts_1105L_19_01	19	01	0	86	4	1	1	Hit	624	4-6/Azebra8.jpg	Azebra8.jpg	SPACE	669	SPACE
1446756385847	0	lts_1105L_19_01	19	01	0	87	0	0	0	CR	MAX	ACANOL.jpg	ACANOL.jpg	NOKEY	MAX	NOKEY
1446756388923	0	lts_1105L_19_01	19	01	0	88	0	0	0	CR	MAX	Abicycleshoe.jpg	Abicycleshoe.jpg	NOKEY	MAX	NOKEY
1446756391999	0	lts_1105L_19_01	19	01	0	89	0	0	0	CR	MAX	26377133.thl.jpg	26377133.thl.jpg	NOKEY	MAX	NOKEY
1446756393304	0	lts_1105L_19_01	19	01	0	90	32	1	1	Hit	833	32-5/22852560.thl.jpg	22852560.thl.jpg	SPACE	868	SPACE
1446756396396	0	lts_1105L_19_01	19	01	0	91	0	0	0	CR	MAX	23014831.thl.jpg	23014831.thl.jpg	NOKEY	MAX	NOKEY
1446756399472	0	lts_1105L_19_01	19	01	0	92	0	0	0	CR	MAX	26377777.thl.jpg	26377777.thl.jpg	NOKEY	MAX	NOKEY
1446756402548	0	lts_1105L_19_01	19	01	0	93	0	0	0	CR	MAX	32/AANGLEME2.jpg	AANGLEME2.jpg	NOKEY	MAX	NOKEY
1446756405624	0	lts_1105L_19_01	19	01	0	94	0	0	0	CR	MAX	Asharktoy.jpg	Asharktoy.jpg	NOKEY	MAX	NOKEY
1446756408700	0	lts_1105L_19_01	19	01	0	95	0	0	0	CR	MAX	8/26425370.thl.jpg	26425370.thl.jpg	NOKEY	MAX	NOKEY
1446756411776	0	lts_1105L_19_01	19	01	0	96	0	0	0	CR	MAX	Abagofherbs.jpg	Abagofherbs.jpg	NOKEY	MAX	NOKEY
1446756412930	0	lts_1105L_19_01	19	01	0	97	16	1	1	Hit	672	16-mul/AELECOMP2.jpg	AELECOMP2.jpg	SPACE	719	SPACE
1446756416007	0	lts_1105L_19_01	19	01	0	98	0	0	0	CR	MAX	Apepperoni.jpg	Apepperoni.jpg	NOKEY	MAX	NOKEY
1446756419083	0	lts_1105L_19_01	19	01	0	99	0	0	0	CR	MAX	Agolfbag.jpg	Agolfbag.jpg	NOKEY	MAX	NOKEY
1446756422159	0	lts_1105L_19_01	19	01	0	100	0	0	0	CR	MAX	Aleatherbeltp.jpg	Aleatherbeltp.jpg	NOKEY	MAX	NOKEY
1446756425268	0	lts_1105L_19_01	19	01	0	101	0	0	0	CR	MAX	8/Amagnifyinglo.jpg	Amagnifyinglo.jpg	NOKEY	MAX	NOKEY
1446756428360	0	lts_1105L_19_01	19	01	0	102	0	0	0	CR	MAX	Atoymerrygoro.jpg	Atoymerrygoro.jpg	NOKEY	MAX	NOKEY
1446756429564	0	lts_1105L_19_01	19	01	0	103	8	1	1	Hit	729	8-first/26425370.thl.jpg	26425370.thl.jpg	SPACE	770	SPACE
1446756432640	0	lts_1105L_19_01	19	01	0	104	0	0	0	CR	MAX	AMEDEQUI9.jpg	AMEDEQUI9.jpg	NOKEY	MAX	NOKEY
1446756435716	0	lts_1105L_19_01	19	01	0	105	0	0	0	CR	MAX	16/26421583.thl.jpg	26421583.thl.jpg	NOKEY	MAX	NOKEY
1446756436803	0	lts_1105L_19_01	19	01	0	106	32	1	1	Hit	613	32-2/Abucketwithcl.jpg	Abucketwithcl.jpg	SPACE	652	SPACE
1446756439879	0	lts_1105L_19_01	19	01	0	107	0	0	0	CR	MAX	AFIGHTP16.jpg	AFIGHTP16.jpg	NOKEY	MAX	NOKEY
1446756442955	0	lts_1105L_19_01	19	01	0	108	0	0	0	CR	MAX	AFERRY5.jpg	AFERRY5.jpg	NOKEY	MAX	NOKEY
1446756444126	0	lts_1105L_19_01	19	01	0	109	8	1	1	Hit	699	8-first/Amagnifyinglo.jpg	Amagnifyinglo.jpg	SPACE	736	SPACE
1446756447202	0	lts_1105L_19_01	19	01	0	110	0	0	0	CR	MAX	ASPIDERW2.jpg	ASPIDERW2.jpg	NOKEY	MAX	NOKEY
1446756450278	0	lts_1105L_19_01	19	01	0	111	0	0	0	CR	MAX	AANTRAD24.jpg	AANTRAD24.jpg	NOKEY	MAX	NOKEY
1446756453353	0	lts_1105L_19_01	19	01	0	112	0	0	0	CR	MAX	Aflowerwreat2.jpg	Aflowerwreat2.jpg	NOKEY	MAX	NOKEY
1446756454574	0	lts_1105L_19_01	19	01	0	113	4	1	1	Hit	752	4-mul/Amagnifyinglo.jpg	Amagnifyinglo.jpg	SPACE	787	SPACE
1446756457667	0	lts_1105L_19_01	19	01	0	114	0	0	0	CR	MAX	22858860.thl.jpg	22858860.thl.jpg	NOKEY	MAX	NOKEY
1446756460743	0	lts_1105L_19_01	19	01	0	115	0	0	0	CR	MAX	1/23014927.thl.jpg	23014927.thl.jpg	NOKEY	MAX	NOKEY
1446756462298	0	lts_1105L_19_01	19	01	0	116	1	1	1	Hit	1074	1-7/23014927.thl.jpg	23014927.thl.jpg	SPACE	1120	SPACE
1446756465374	0	lts_1105L_19_01	19	01	0	117	0	0	0	CR	MAX	64/26388148.thl.jpg	26388148.thl.jpg	NOKEY	MAX	NOKEY
1446756468450	0	lts_1105L_19_01	19	01	0	118	0	0	0	CR	MAX	Acartofgroce3.jpg	Acartofgroce3.jpg	NOKEY	MAX	NOKEY
1446756469670	0	lts_1105L_19_01	19	01	0	119	16	1	1	Hit	736	16-mul/26425370.thl.jpg	26425370.thl.jpg	SPACE	787	SPACE
1446756472746	0	lts_1105L_19_01	19	01	0	120	0	0	0	CR	MAX	Abinocularca3.jpg	Abinocularca3.jpg	NOKEY	MAX	NOKEY
1446756473783	0	lts_1105L_19_01	19	01	0	121	16	1	1	Hit	555	16-first/26421583.thl.jpg	26421583.thl.jpg	SPACE	602	SPACE
1446756476859	0	lts_1105L_19_01	19	01	0	122	0	0	0	CR	MAX	Astatue99.jpg	Astatue99.jpg	NOKEY	MAX	NOKEY
1446756477878	0	lts_1105L_19_01	19	01	0	123	2	1	1	Hit	543	2-mul/26421583.thl.jpg	26421583.thl.jpg	SPACE	585	SPACE
1446756480954	0	lts_1105L_19_01	19	01	0	124	0	0	0	CR	MAX	bowtie.jpg	bowtie.jpg	NOKEY	MAX	NOKEY
1446756482492	0	lts_1105L_19_01	19	01	0	125	32	1	1	Hit	1067	32-8/AANGLEME2.jpg	AANGLEME2.jpg	SPACE	1104	SPACE
1446756485602	0	lts_1105L_19_01	19	01	0	126	0	0	0	CR	MAX	1/ATHISEND4.jpg	ATHISEND4.jpg	NOKEY	MAX	NOKEY
1446756486572	0	lts_1105L_19_01	19	01	0	127	1	1	1	Hit	488	1-11/ATHISEND4.jpg	ATHISEND4.jpg	SPACE	536	SPACE
1446756489648	0	lts_1105L_19_01	19	01	0	128	0	0	0	CR	MAX	16/26466347.thl.jpg	26466347.thl.jpg	NOKEY	MAX	NOKEY
1446756492724	0	lts_1105L_19_01	19	01	0	129	0	0	0	CR	MAX	1/ACOUNTING.jpg	ACOUNTING.jpg	NOKEY	MAX	NOKEY
1446756493760	0	lts_1105L_19_01	19	01	0	130	1	1	1	Hit	566	1-1/ACOUNTING.jpg	ACOUNTING.jpg	SPACE	602	SPACE
1446756496836	0	lts_1105L_19_01	19	01	0	131	0	0	0	CR	MAX	4/Aantiquerota7.jpg	Aantiquerota7.jpg	NOKEY	MAX	NOKEY
1446756499912	0	lts_1105L_19_01	19	01	0	132	0	0	0	CR	MAX	imate.jpg	imate.jpg	NOKEY	MAX	NOKEY
1446756501067	0	lts_1105L_19_01	19	01	0	133	128	1	1	Hit	673	128-5/AFRUIT2.jpg	AFRUIT2.jpg	SPACE	719	SPACE
1446756504143	0	lts_1105L_19_01	19	01	0	134	0	0	0	CR	MAX	22849344.thl.jpg	22849344.thl.jpg	NOKEY	MAX	NOKEY
1446756505263	0	lts_1105L_19_01	19	01	0	135	4	1	1	Hit	636	4-0/Aantiquerota7.jpg	Aantiquerota7.jpg	SPACE	685	SPACE
1446756508338	0	lts_1105L_19_01	19	01	0	136	0	0	0	CR	MAX	1/AWATERJU3.jpg	AWATERJU3.jpg	NOKEY	MAX	NOKEY
1446756509258	0	lts_1105L_19_01	19	01	0	137	1	1	1	Hit	435	1-3/AWATERJU3.jpg	AWATERJU3.jpg	SPACE	484	SPACE
1446756512334	0	lts_1105L_19_01	19	01	0	138	0	0	0	CR	MAX	Aornamentalt5.jpg	Aornamentalt5.jpg	NOKEY	MAX	NOKEY
1446756515426	0	lts_1105L_19_01	19	01	0	139	0	0	0	CR	MAX	16/ARATTLE.jpg	ARATTLE.jpg	NOKEY	MAX	NOKEY
1446756518519	0	lts_1105L_19_01	19	01	0	140	0	0	0	CR	MAX	2/26383637.thl.jpg	26383637.thl.jpg	NOKEY	MAX	NOKEY
1446756521595	0	lts_1105L_19_01	19	01	0	141	0	0	0	CR	MAX	ABLACSUI3.jpg	ABLACSUI3.jpg	NOKEY	MAX	NOKEY
1446756522699	0	lts_1105L_19_01	19	01	0	142	2	1	1	Hit	623	2-4/26383637.thl.jpg	26383637.thl.jpg	SPACE	669	SPACE
1446756525775	0	lts_1105L_19_01	19	01	0	143	0	0	0	CR	MAX	AGHOST.jpg	AGHOST.jpg	NOKEY	MAX	NOKEY
1446756526878	0	lts_1105L_19_01	19	01	0	144	16	1	1	Hit	632	16-first/26466347.thl.jpg	26466347.thl.jpg	SPACE	669	SPACE
1446756529954	0	lts_1105L_19_01	19	01	0	145	0	0	0	CR	MAX	Adracmask.jpg	Adracmask.jpg	NOKEY	MAX	NOKEY
1446756530991	0	lts_1105L_19_01	19	01	0	146	128	1	1	Hit	566	128-3/Astaplegun3.jpg	Astaplegun3.jpg	SPACE	601	SPACE
1446756534068	0	lts_1105L_19_01	19	01	0	147	0	0	0	CR	MAX	Aoutdoorrece2.jpg	Aoutdoorrece2.jpg	NOKEY	MAX	NOKEY
1446756537144	0	lts_1105L_19_01	19	01	0	148	0	0	0	CR	MAX	Acrayonsinabo.jpg	Acrayonsinabo.jpg	NOKEY	MAX	NOKEY
1446756540220	0	lts_1105L_19_01	19	01	0	149	0	0	0	CR	MAX	Brusselssprouts.jpg	Brusselssprouts.jpg	NOKEY	MAX	NOKEY
1446756543296	0	lts_1105L_19_01	19	01	0	150	0	0	0	CR	MAX	Achampagnebo2.jpg	Achampagnebo2.jpg	NOKEY	MAX	NOKEY
1446756546371	0	lts_1105L_19_01	19	01	0	151	0	0	0	CR	MAX	Achildtoy2.jpg	Achildtoy2.jpg	NOKEY	MAX	NOKEY
1446756549464	0	lts_1105L_19_01	19	01	0	152	0	0	0	CR	MAX	64/Apostalscale2.jpg	Apostalscale2.jpg	NOKEY	MAX	NOKEY
1446756552540	0	lts_1105L_19_01	19	01	0	153	0	0	0	CR	MAX	AFOODBLEN.jpg	AFOODBLEN.jpg	NOKEY	MAX	NOKEY
1446756555616	0	lts_1105L_19_01	19	01	0	154	0	0	0	CR	MAX	Ababmonit.jpg	Ababmonit.jpg	NOKEY	MAX	NOKEY
1446756556669	0	lts_1105L_19_01	19	01	0	155	16	1	1	Hit	582	16-first/ARATTLE.jpg	ARATTLE.jpg	SPACE	620	SPACE
1446756559745	0	lts_1105L_19_01	19	01	0	156	0	0	0	CR	MAX	APILHELM2.jpg	APILHELM2.jpg	NOKEY	MAX	NOKEY
1446756562821	0	lts_1105L_19_01	19	01	0	157	0	0	0	CR	MAX	1/AGARBAGE.jpg	AGARBAGE.jpg	NOKEY	MAX	NOKEY
1446756564026	0	lts_1105L_19_01	19	01	0	158	1	1	1	Hit	724	1-14/AGARBAGE.jpg	AGARBAGE.jpg	SPACE	769	SPACE
1446756567102	0	lts_1105L_19_01	19	01	0	159	0	0	0	CR	MAX	26370116.thl.jpg	26370116.thl.jpg	NOKEY	MAX	NOKEY
1446756568105	0	lts_1105L_19_01	19	01	0	160	16	1	1	Hit	518	16-mul/26466347.thl.jpg	26466347.thl.jpg	SPACE	568	SPACE
1446756571181	0	lts_1105L_19_01	19	01	0	161	0	0	0	CR	MAX	1/ABLLIGHTB.jpg	ABLLIGHTB.jpg	NOKEY	MAX	NOKEY
1446756572217	0	lts_1105L_19_01	19	01	0	162	1	1	1	Hit	556	1-5/ABLLIGHTB.jpg	ABLLIGHTB.jpg	SPACE	600	SPACE
1446756575294	0	lts_1105L_19_01	19	01	0	163	0	0	0	CR	MAX	AWASHCLOT.jpg	AWASHCLOT.jpg	NOKEY	MAX	NOKEY
1446756578369	0	lts_1105L_19_01	19	01	0	164	0	0	0	CR	MAX	4/Acheque.jpg	Acheque.jpg	NOKEY	MAX	NOKEY
1446756581445	0	lts_1105L_19_01	19	01	0	165	0	0	0	CR	MAX	Afoodgrinder2.jpg	Afoodgrinder2.jpg	NOKEY	MAX	NOKEY
1446756584538	0	lts_1105L_19_01	19	01	0	166	0	0	0	CR	MAX	Awindow19.jpg	Awindow19.jpg	NOKEY	MAX	NOKEY
1446756587614	0	lts_1105L_19_01	19	01	0	167	0	0	0	CR	MAX	ASAFE.jpg	ASAFE.jpg	NOKEY	MAX	NOKEY
1446756588633	0	lts_1105L_19_01	19	01	0	168	4	1	1	Hit	546	4-8/Acheque.jpg	Acheque.jpg	SPACE	586	SPACE
1446756591709	0	lts_1105L_19_01	19	01	0	169	0	0	0	CR	MAX	8/A_chocolate.jpg	A_chocolate.jpg	NOKEY	MAX	NOKEY
1446756594786	0	lts_1105L_19_01	19	01	0	170	0	0	0	CR	MAX	ABEDROOM8.jpg	ABEDROOM8.jpg	NOKEY	MAX	NOKEY
1446756595822	0	lts_1105L_19_01	19	01	0	171	16	1	1	Hit	566	16-mul/ARATTLE.jpg	ARATTLE.jpg	SPACE	602	SPACE
1446756598898	0	lts_1105L_19_01	19	01	0	172	0	0	0	CR	MAX	22857516.thl.jpg	22857516.thl.jpg	NOKEY	MAX	NOKEY
1446756600988	0	lts_1105L_19_01	19	01	0	173	0	0	1	FA	1607	26432848.thl.jpg	26432848.thl.jpg	SPACE	1655	NOKEY
1446756604065	0	lts_1105L_19_01	19	01	0	174	0	0	0	CR	MAX	paintbrush03.jpg	paintbrush03.jpg	NOKEY	MAX	NOKEY
1446756607158	0	lts_1105L_19_01	19	01	0	175	0	0	0	CR	MAX	AMUFFIPAN.jpg	AMUFFIPAN.jpg	NOKEY	MAX	NOKEY
1446756610234	0	lts_1105L_19_01	19	01	0	176	0	0	0	CR	MAX	Atelecommuni4.jpg	Atelecommuni4.jpg	NOKEY	MAX	NOKEY
1446756611955	0	lts_1105L_19_01	19	01	0	177	8	1	1	Hit	1241	8-1/A_chocolate.jpg	A_chocolate.jpg	SPACE	1287	SPACE
1446756615032	0	lts_1105L_19_01	19	01	0	178	0	0	0	CR	MAX	ABAGFLOU3.jpg	ABAGFLOU3.jpg	NOKEY	MAX	NOKEY
1446756618108	0	lts_1105L_19_01	19	01	0	179	0	0	0	CR	MAX	26372390.thl.jpg	26372390.thl.jpg	NOKEY	MAX	NOKEY
1446756621184	0	lts_1105L_19_01	19	01	0	180	0	0	0	CR	MAX	Acorn10.jpg	Acorn10.jpg	NOKEY	MAX	NOKEY
1446756624260	0	lts_1105L_19_01	19	01	0	181	64	1	0	Miss	MAX	64-first/26388148.thl.jpg	26388148.thl.jpg	NOKEY	MAX	SPACE
1446756627335	0	lts_1105L_19_01	19	01	0	182	0	0	0	CR	MAX	8/AHORSHOE2.jpg	AHORSHOE2.jpg	NOKEY	MAX	NOKEY
1446756630428	0	lts_1105L_19_01	19	01	0	183	0	0	0	CR	MAX	Atoy21.jpg	Atoy21.jpg	NOKEY	MAX	NOKEY
1446756633504	0	lts_1105L_19_01	19	01	0	184	0	0	0	CR	MAX	35314138.thl.jpg	35314138.thl.jpg	NOKEY	MAX	NOKEY
1446756636597	0	lts_1105L_19_01	19	01	0	185	0	0	0	CR	MAX	26431205.thl.jpg	26431205.thl.jpg	NOKEY	MAX	NOKEY
1446756639673	0	lts_1105L_19_01	19	01	0	186	0	0	0	CR	MAX	Agreenplastic.jpg	Agreenplastic.jpg	NOKEY	MAX	NOKEY
1446756640893	0	lts_1105L_19_01	19	01	0	187	128	1	1	Hit	743	128-2/ACHOPBOWL.jpg	ACHOPBOWL.jpg	SPACE	786	SPACE
1446756643969	0	lts_1105L_19_01	19	01	0	188	0	0	0	CR	MAX	AHOSPCAR3.jpg	AHOSPCAR3.jpg	NOKEY	MAX	NOKEY
1446756647046	0	lts_1105L_19_01	19	01	0	189	0	0	0	CR	MAX	32/stickersparty.jpg	stickersparty.jpg	NOKEY	MAX	NOKEY
1446756648200	0	lts_1105L_19_01	19	01	0	190	8	1	1	Hit	670	8-first/AHORSHOE2.jpg	AHORSHOE2.jpg	SPACE	718	SPACE
1446756651276	0	lts_1105L_19_01	19	01	0	191	0	0	0	CR	MAX	64/airhocckytable.jpg	airhocckytable.jpg	NOKEY	MAX	NOKEY
1446756652328	0	lts_1105L_19_01	19	01	0	192	2	1	1	Hit	573	2-mul/AHORSHOE2.jpg	AHORSHOE2.jpg	SPACE	618	SPACE
1446756655404	0	lts_1105L_19_01	19	01	0	193	0	0	0	CR	MAX	Aexercisemac4.jpg	Aexercisemac4.jpg	NOKEY	MAX	NOKEY
1446756658480	0	lts_1105L_19_01	19	01	0	194	0	0	0	CR	MAX	Acomputerdriv.jpg	Acomputerdriv.jpg	NOKEY	MAX	NOKEY
1446756661556	0	lts_1105L_19_01	19	01	0	195	0	0	0	CR	MAX	128/ACEMPOST.jpg	ACEMPOST.jpg	NOKEY	MAX	NOKEY
1446756664632	0	lts_1105L_19_01	19	01	0	196	0	0	0	CR	MAX	4/26427609.thl.jpg	26427609.thl.jpg	NOKEY	MAX	NOKEY
1446756665853	0	lts_1105L_19_01	19	01	0	197	16	1	1	Hit	748	16-mul/26388148.thl.jpg	26388148.thl.jpg	SPACE	786	SPACE
1446756668945	0	lts_1105L_19_01	19	01	0	198	0	0	0	CR	MAX	26375982.thl.jpg	26375982.thl.jpg	NOKEY	MAX	NOKEY
1446756672023	0	lts_1105L_19_01	19	01	0	199	0	0	0	CR	MAX	ADENTRAY3.jpg	ADENTRAY3.jpg	NOKEY	MAX	NOKEY
1446756673176	0	lts_1105L_19_01	19	01	0	200	4	1	1	Hit	672	4-3/26427609.thl.jpg	26427609.thl.jpg	SPACE	718	SPACE
1446756676252	0	lts_1105L_19_01	19	01	0	201	0	0	0	CR	MAX	ASALINES5.jpg	ASALINES5.jpg	NOKEY	MAX	NOKEY
1446756679327	0	lts_1105L_19_01	19	01	0	202	0	0	0	CR	MAX	8/Abuilding116.jpg	Abuilding116.jpg	NOKEY	MAX	NOKEY
1446756682403	0	lts_1105L_19_01	19	01	0	203	0	0	0	CR	MAX	32/AEMERGLI4.jpg	AEMERGLI4.jpg	NOKEY	MAX	NOKEY
1446756685479	0	lts_1105L_19_01	19	01	0	204	0	0	0	CR	MAX	64/ASHEEP4.jpg	ASHEEP4.jpg	NOKEY	MAX	NOKEY
1446756688555	0	lts_1105L_19_01	19	01	0	205	0	0	0	CR	MAX	gymbench.jpg	gymbench.jpg	NOKEY	MAX	NOKEY
1446756691631	0	lts_1105L_19_01	19	01	0	206	0	0	0	CR	MAX	22856784.thl.jpg	22856784.thl.jpg	NOKEY	MAX	NOKEY
1446756694708	0	lts_1105L_19_01	19	01	0	207	0	0	0	CR	MAX	1/26440261.thl.jpg	26440261.thl.jpg	NOKEY	MAX	NOKEY
1446756695844	0	lts_1105L_19_01	19	01	0	208	1	1	1	Hit	658	1-0/26440261.thl.jpg	26440261.thl.jpg	SPACE	702	SPACE
1446756698937	0	lts_1105L_19_01	19	01	0	209	0	0	0	CR	MAX	26390189.thl.jpg	26390189.thl.jpg	NOKEY	MAX	NOKEY
1446756700292	0	lts_1105L_19_01	19	01	0	210	8	1	1	Hit	869	8-first/Abuilding116.jpg	Abuilding116.jpg	SPACE	919	SPACE
1446756703384	0	lts_1105L_19_01	19	01	0	211	0	0	0	CR	MAX	26457349.thl.jpg	26457349.thl.jpg	NOKEY	MAX	NOKEY
1446756706460	0	lts_1105L_19_01	19	01	0	212	0	0	0	CR	MAX	Astrawberryde.jpg	Astrawberryde.jpg	NOKEY	MAX	NOKEY
1446756709536	0	lts_1105L_19_01	19	01	0	213	0	0	0	CR	MAX	128/22924880.thl.jpg	22924880.thl.jpg	NOKEY	MAX	NOKEY
1446756710506	0	lts_1105L_19_01	19	01	0	214	4	1	1	Hit	489	4-mul/Abuilding116.jpg	Abuilding116.jpg	SPACE	536	SPACE
1446756713582	0	lts_1105L_19_01	19	01	0	215	0	0	0	CR	MAX	Acaterpilla11.jpg	Acaterpilla11.jpg	NOKEY	MAX	NOKEY
1446756714852	0	lts_1105L_19_01	19	01	0	216	64	1	1	Hit	787	64-first/Apostalscale2.jpg	Apostalscale2.jpg	SPACE	836	SPACE
1446756717928	0	lts_1105L_19_01	19	01	0	217	0	0	0	CR	MAX	8/Afirealarm2.jpg	Afirealarm2.jpg	NOKEY	MAX	NOKEY
1446756721005	0	lts_1105L_19_01	19	01	0	218	0	0	0	CR	MAX	ABLACKNEC.jpg	ABLACKNEC.jpg	NOKEY	MAX	NOKEY
1446756724082	0	lts_1105L_19_01	19	01	0	219	0	0	0	CR	MAX	AMAGNIFL2.jpg	AMAGNIFL2.jpg	NOKEY	MAX	NOKEY
1446756727174	0	lts_1105L_19_01	19	01	0	220	0	0	0	CR	MAX	Achocolateice.jpg	Achocolateice.jpg	NOKEY	MAX	NOKEY
1446756728578	0	lts_1105L_19_01	19	01	0	221	32	1	1	Hit	930	32-9/stickersparty.jpg	stickersparty.jpg	SPACE	969	SPACE
1446756731654	0	lts_1105L_19_01	19	01	0	222	0	0	0	CR	MAX	securitycamera.jpg	securitycamera.jpg	NOKEY	MAX	NOKEY
1446756734730	0	lts_1105L_19_01	19	01	0	223	0	0	0	CR	MAX	26423905.thl.jpg	26423905.thl.jpg	NOKEY	MAX	NOKEY
1446756737806	0	lts_1105L_19_01	19	01	0	224	0	0	0	CR	MAX	seesaw.jpg	seesaw.jpg	NOKEY	MAX	NOKEY
1446756738859	0	lts_1105L_19_01	19	01	0	225	8	1	1	Hit	576	8-first/Afirealarm2.jpg	Afirealarm2.jpg	SPACE	619	SPACE
1446756741935	0	lts_1105L_19_01	19	01	0	226	0	0	0	CR	MAX	4/A_coin.jpg	A_coin.jpg	NOKEY	MAX	NOKEY
1446756745012	0	lts_1105L_19_01	19	01	0	227	0	0	0	CR	MAX	22806086.thl.jpg	22806086.thl.jpg	NOKEY	MAX	NOKEY
1446756748088	0	lts_1105L_19_01	19	01	0	228	0	0	0	CR	MAX	26434297.thl.jpg	26434297.thl.jpg	NOKEY	MAX	NOKEY
1446756751164	0	lts_1105L_19_01	19	01	0	229	0	0	0	CR	MAX	AKNIFE13.jpg	AKNIFE13.jpg	NOKEY	MAX	NOKEY
1446756752451	0	lts_1105L_19_01	19	01	0	230	4	1	1	Hit	791	4-10/A_coin.jpg	A_coin.jpg	SPACE	836	SPACE
1446756755527	0	lts_1105L_19_01	19	01	0	231	0	0	0	CR	MAX	26379570.thl.jpg	26379570.thl.jpg	NOKEY	MAX	NOKEY
1446756756664	0	lts_1105L_19_01	19	01	0	232	16	1	1	Hit	656	16-mul/Apostalscale2.jpg	Apostalscale2.jpg	SPACE	703	SPACE
1446756759740	0	lts_1105L_19_01	19	01	0	233	0	0	0	CR	MAX	AKNIGHELM.jpg	AKNIGHELM.jpg	NOKEY	MAX	NOKEY
1446756762816	0	lts_1105L_19_01	19	01	0	234	0	0	0	CR	MAX	26374346.thl.jpg	26374346.thl.jpg	NOKEY	MAX	NOKEY
1446756763952	0	lts_1105L_19_01	19	01	0	235	32	1	1	Hit	659	32-3/AEMERGLI4.jpg	AEMERGLI4.jpg	SPACE	702	SPACE
1446756767046	0	lts_1105L_19_01	19	01	0	236	0	0	0	CR	MAX	ATOWER3.jpg	ATOWER3.jpg	NOKEY	MAX	NOKEY
1446756770122	0	lts_1105L_19_01	19	01	0	237	0	0	0	CR	MAX	AHEADLIG9.jpg	AHEADLIG9.jpg	NOKEY	MAX	NOKEY
1446756773198	0	lts_1105L_19_01	19	01	0	238	0	0	0	CR	MAX	64/26687944.thl.jpg	26687944.thl.jpg	NOKEY	MAX	NOKEY
1446756776274	0	lts_1105L_19_01	19	01	0	239	0	0	0	CR	MAX	26424291.thl.jpg	26424291.thl.jpg	NOKEY	MAX	NOKEY
1446756779350	0	lts_1105L_19_01	19	01	0	240	0	0	0	CR	MAX	8250565.thl.jpg	8250565.thl.jpg	NOKEY	MAX	NOKEY
1446756780470	0	lts_1105L_19_01	19	01	0	241	16	1	1	Hit	637	16-mul/Afirealarm2.jpg	Afirealarm2.jpg	SPACE	686	SPACE
1446756783546	0	lts_1105L_19_01	19	01	0	242	0	0	0	CR	MAX	gumballmachine.jpg	gumballmachine.jpg	NOKEY	MAX	NOKEY
1446756786638	0	lts_1105L_19_01	19	01	0	243	0	0	0	CR	MAX	AWHISTLE4.jpg	AWHISTLE4.jpg	NOKEY	MAX	NOKEY
1446756789714	0	lts_1105L_19_01	19	01	0	244	0	0	0	CR	MAX	2/26377601.thl.jpg	26377601.thl.jpg	NOKEY	MAX	NOKEY
1446756792791	0	lts_1105L_19_01	19	01	0	245	0	0	0	CR	MAX	26432607.thl.jpg	26432607.thl.jpg	NOKEY	MAX	NOKEY
1446756793927	0	lts_1105L_19_01	19	01	0	246	2	1	1	Hit	655	2-12/26377601.thl.jpg	26377601.thl.jpg	SPACE	702	SPACE
1446756797004	0	lts_1105L_19_01	19	01	0	247	0	0	0	CR	MAX	64/ACUPBOAR5.jpg	ACUPBOAR5.jpg	NOKEY	MAX	NOKEY
1446756800080	0	lts_1105L_19_01	19	01	0	248	0	0	0	CR	MAX	1/26424440.thl.jpg	26424440.thl.jpg	NOKEY	MAX	NOKEY
1446756801117	0	lts_1105L_19_01	19	01	0	249	1	1	1	Hit	562	1-10/26424440.thl.jpg	26424440.thl.jpg	SPACE	601	SPACE
1446756804193	0	lts_1105L_19_01	19	01	0	250	0	0	0	CR	MAX	23044458.thl.jpg	23044458.thl.jpg	NOKEY	MAX	NOKEY
1446756807269	0	lts_1105L_19_01	19	01	0	251	0	0	0	CR	MAX	pinecone02.jpg	pinecone02.jpg	NOKEY	MAX	NOKEY
1446756810344	0	lts_1105L_19_01	19	01	0	252	0	0	0	CR	MAX	ACOFFPOT7.jpg	ACOFFPOT7.jpg	NOKEY	MAX	NOKEY
1446756813420	0	lts_1105L_19_01	19	01	0	253	0	0	0	CR	MAX	AALMOND1.jpg	AALMOND1.jpg	NOKEY	MAX	NOKEY
1446756816513	0	lts_1105L_19_01	19	01	0	254	0	0	0	CR	MAX	ANAPKIN4.jpg	ANAPKIN4.jpg	NOKEY	MAX	NOKEY
1446756817834	0	lts_1105L_19_01	19	01	0	255	64	1	1	Hit	839	64-first/airhocckytable.jpg	airhocckytable.jpg	SPACE	886	SPACE
1446756820910	0	lts_1105L_19_01	19	01	0	256	0	0	0	CR	MAX	Apurse83.jpg	Apurse83.jpg	NOKEY	MAX	NOKEY
1446756824004	0	lts_1105L_19_01	19	01	0	257	0	0	0	CR	MAX	Acandlehold17.jpg	Acandlehold17.jpg	NOKEY	MAX	NOKEY
1446756827080	0	lts_1105L_19_01	19	01	0	258	0	0	0	CR	MAX	APARKBENC.jpg	APARKBENC.jpg	NOKEY	MAX	NOKEY
1446756828383	0	lts_1105L_19_01	19	01	0	259	4	1	1	Hit	828	4-mul/airhocckytable.jpg	airhocckytable.jpg	SPACE	868	SPACE
1446756831459	0	lts_1105L_19_01	19	01	0	260	0	0	0	CR	MAX	26686595.thl.jpg	26686595.thl.jpg	NOKEY	MAX	NOKEY
1446756834535	0	lts_1105L_19_01	19	01	0	261	0	0	0	CR	MAX	26422598.thl.jpg	26422598.thl.jpg	NOKEY	MAX	NOKEY
1446756837611	0	lts_1105L_19_01	19	01	0	262	0	0	0	CR	MAX	22824840.thl.jpg	22824840.thl.jpg	NOKEY	MAX	NOKEY
1446756840687	0	lts_1105L_19_01	19	01	0	263	0	0	0	CR	MAX	26379612.thl.jpg	26379612.thl.jpg	NOKEY	MAX	NOKEY
1446756843763	0	lts_1105L_19_01	19	01	0	264	0	0	0	CR	MAX	1/26428593.thl.jpg	26428593.thl.jpg	NOKEY	MAX	NOKEY
1446756844883	0	lts_1105L_19_01	19	01	0	265	1	1	1	Hit	644	1-6/26428593.thl.jpg	26428593.thl.jpg	SPACE	685	SPACE
1446756847959	0	lts_1105L_19_01	19	01	0	266	0	0	0	CR	MAX	26378986.thl.jpg	26378986.thl.jpg	NOKEY	MAX	NOKEY
1446756851053	0	lts_1105L_19_01	19	01	0	267	0	0	0	CR	MAX	bobbypins.JPG	bobbypins.JPG	NOKEY	MAX	NOKEY
1446756852290	0	lts_1105L_19_01	19	01	0	268	64	1	1	Hit	764	64-first/ASHEEP4.jpg	ASHEEP4.jpg	SPACE	802	SPACE
1446756855365	0	lts_1105L_19_01	19	01	0	269	0	0	0	CR	MAX	Aairtank7.jpg	Aairtank7.jpg	NOKEY	MAX	NOKEY
1446756856351	0	lts_1105L_19_01	19	01	0	270	2	1	1	Hit	516	2-mul/ASHEEP4.jpg	ASHEEP4.jpg	SPACE	551	SPACE
1446756859428	0	lts_1105L_19_01	19	01	0	271	0	0	0	CR	MAX	ABAKINGPA.jpg	ABAKINGPA.jpg	NOKEY	MAX	NOKEY
1446756862504	0	lts_1105L_19_01	19	01	0	272	0	0	0	CR	MAX	ACURLRIB2.jpg	ACURLRIB2.jpg	NOKEY	MAX	NOKEY
1446756865580	0	lts_1105L_19_01	19	01	0	273	0	0	0	CR	MAX	16/Acreamer35.jpg	Acreamer35.jpg	NOKEY	MAX	NOKEY
1446756868672	0	lts_1105L_19_01	19	01	0	274	0	0	0	CR	MAX	128/Aroadsignin15.jpg	Aroadsignin15.jpg	NOKEY	MAX	NOKEY
1446756871749	0	lts_1105L_19_01	19	01	0	275	0	0	0	CR	MAX	16/Acork6.jpg	Acork6.jpg	NOKEY	MAX	NOKEY
1446756874825	0	lts_1105L_19_01	19	01	0	276	0	0	0	CR	MAX	Aantiquemailb.jpg	Aantiquemailb.jpg	NOKEY	MAX	NOKEY
1446756877901	0	lts_1105L_19_01	19	01	0	277	0	0	0	CR	MAX	4/ACROWNPEN.jpg	ACROWNPEN.jpg	NOKEY	MAX	NOKEY
1446756880977	0	lts_1105L_19_01	19	01	0	278	0	0	0	CR	MAX	128/22849284.thl.jpg	22849284.thl.jpg	NOKEY	MAX	NOKEY
1446756884054	0	lts_1105L_19_01	19	01	0	279	0	0	0	CR	MAX	Abrassbu2.jpg	Abrassbu2.jpg	NOKEY	MAX	NOKEY
1446756887130	0	lts_1105L_19_01	19	01	0	280	0	0	0	CR	MAX	128/juicebox.jpg	juicebox.jpg	NOKEY	MAX	NOKEY
1446756888216	0	lts_1105L_19_01	19	01	0	281	4	1	1	Hit	610	4-7/ACROWNPEN.jpg	ACROWNPEN.jpg	SPACE	651	SPACE
1446756891293	0	lts_1105L_19_01	19	01	0	282	0	0	0	CR	MAX	AANTMILK.jpg	AANTMILK.jpg	NOKEY	MAX	NOKEY
1446756894368	0	lts_1105L_19_01	19	01	0	283	0	0	0	CR	MAX	8024092.thl.jpg	8024092.thl.jpg	NOKEY	MAX	NOKEY
1446756897444	0	lts_1105L_19_01	19	01	0	284	0	0	0	CR	MAX	ALAUNHAMP.jpg	ALAUNHAMP.jpg	NOKEY	MAX	NOKEY
1446756900520	0	lts_1105L_19_01	19	01	0	285	0	0	0	CR	MAX	2/4555.jpg	4555.jpg	NOKEY	MAX	NOKEY
1446756903596	0	lts_1105L_19_01	19	01	0	286	0	0	0	CR	MAX	23057742.thl.jpg	23057742.thl.jpg	NOKEY	MAX	NOKEY
1446756904983	0	lts_1105L_19_01	19	01	0	287	2	1	1	Hit	910	2-10/4555.jpg	4555.jpg	SPACE	953	SPACE
1446756908060	0	lts_1105L_19_01	19	01	0	288	0	0	0	CR	MAX	16/16247853.thl.jpg	16247853.thl.jpg	NOKEY	MAX	NOKEY
1446756909414	0	lts_1105L_19_01	19	01	0	289	16	1	1	Hit	868	16-1/Acreamer35.jpg	Acreamer35.jpg	SPACE	918	SPACE
1446756912490	0	lts_1105L_19_01	19	01	0	290	0	0	0	CR	MAX	26374166.thl.jpg	26374166.thl.jpg	NOKEY	MAX	NOKEY
1446756913576	0	lts_1105L_19_01	19	01	0	291	16	1	1	Hit	610	16-first/Acork6.jpg	Acork6.jpg	SPACE	653	SPACE
1446756916669	0	lts_1105L_19_01	19	01	0	292	0	0	0	CR	MAX	Atombstone17.jpg	Atombstone17.jpg	NOKEY	MAX	NOKEY
1446756919745	0	lts_1105L_19_01	19	01	0	293	0	0	0	CR	MAX	lightsaber.jpg	lightsaber.jpg	NOKEY	MAX	NOKEY
1446756922821	0	lts_1105L_19_01	19	01	0	294	0	0	0	CR	MAX	4/Ajacket12.jpg	Ajacket12.jpg	NOKEY	MAX	NOKEY
1446756923824	0	lts_1105L_19_01	19	01	0	295	4	1	1	Hit	528	4-mul/Acork6.jpg	Acork6.jpg	SPACE	568	SPACE
1446756926917	0	lts_1105L_19_01	19	01	0	296	0	0	0	CR	MAX	Acookiejar14.jpg	Acookiejar14.jpg	NOKEY	MAX	NOKEY
1446756929993	0	lts_1105L_19_01	19	01	0	297	0	0	0	CR	MAX	Alambtoy6.jpg	Alambtoy6.jpg	NOKEY	MAX	NOKEY
1446756931098	0	lts_1105L_19_01	19	01	0	298	4	1	1	Hit	619	4-1/Ajacket12.jpg	Ajacket12.jpg	SPACE	667	SPACE
1446756934174	0	lts_1105L_19_01	19	01	0	299	0	0	0	CR	MAX	9815629.thl.jpg	9815629.thl.jpg	NOKEY	MAX	NOKEY
1446756937266	0	lts_1105L_19_01	19	01	0	300	0	0	0	CR	MAX	ASKYDIVE.jpg	ASKYDIVE.jpg	NOKEY	MAX	NOKEY
1446756940341	0	lts_1105L_19_01	19	01	0	301	0	0	0	CR	MAX	32/26423652.thl.jpg	26423652.thl.jpg	NOKEY	MAX	NOKEY
1446756941612	0	lts_1105L_19_01	19	01	0	302	64	1	1	Hit	800	64-first/26687944.thl.jpg	26687944.thl.jpg	SPACE	837	SPACE
1446756944688	0	lts_1105L_19_01	19	01	0	303	0	0	0	CR	MAX	Ahumidifier.jpg	Ahumidifier.jpg	NOKEY	MAX	NOKEY
1446756945775	0	lts_1105L_19_01	19	01	0	304	16	1	1	Hit	617	16-first/16247853.thl.jpg	16247853.thl.jpg	SPACE	652	SPACE
1446756948851	0	lts_1105L_19_01	19	01	0	305	0	0	0	CR	MAX	AWEIGHT11.jpg	AWEIGHT11.jpg	NOKEY	MAX	NOKEY
1446756949837	0	lts_1105L_19_01	19	01	0	306	2	1	1	Hit	513	2-mul/16247853.thl.jpg	16247853.thl.jpg	SPACE	552	SPACE
1446756952913	0	lts_1105L_19_01	19	01	0	307	0	0	0	CR	MAX	ATUNFORK2.jpg	ATUNFORK2.jpg	NOKEY	MAX	NOKEY
1446756955989	0	lts_1105L_19_01	19	01	0	308	0	0	0	CR	MAX	ARASPBER2.jpg	ARASPBER2.jpg	NOKEY	MAX	NOKEY
1446756959066	0	lts_1105L_19_01	19	01	0	309	0	0	0	CR	MAX	8022057.thl.jpg	8022057.thl.jpg	NOKEY	MAX	NOKEY
1446756962142	0	lts_1105L_19_01	19	01	0	310	0	0	0	CR	MAX	Awindmill3.jpg	Awindmill3.jpg	NOKEY	MAX	NOKEY
1446756963379	0	lts_1105L_19_01	19	01	0	311	64	1	1	Hit	755	64-first/ACUPBOAR5.jpg	ACUPBOAR5.jpg	SPACE	801	SPACE
1446756966455	0	lts_1105L_19_01	19	01	0	312	0	0	0	CR	MAX	Abackpack11.jpg	Abackpack11.jpg	NOKEY	MAX	NOKEY
1446756968111	0	lts_1105L_19_01	19	01	0	313	2	1	1	Hit	1177	2-mul/ACUPBOAR5.jpg	ACUPBOAR5.jpg	SPACE	1220	SPACE
1446756971203	0	lts_1105L_19_01	19	01	0	314	2	1	0	Miss	MAX	2/DSCN1248-sm.jpg	DSCN1248-sm.jpg	NOKEY	MAX	SPACE
1446756974279	0	lts_1105L_19_01	19	01	0	315	0	0	0	CR	MAX	32/Aperfumebottl.jpg	Aperfumebottl.jpg	NOKEY	MAX	NOKEY
1446756975399	0	lts_1105L_19_01	19	01	0	316	2	1	1	Hit	647	2-3/DSCN1248-sm.jpg	DSCN1248-sm.jpg	SPACE	684	SPACE
1446756978475	0	lts_1105L_19_01	19	01	0	317	0	0	0	CR	MAX	8/Agoldfishina2.jpg	Agoldfishina2.jpg	NOKEY	MAX	NOKEY
1446756979494	0	lts_1105L_19_01	19	01	0	318	16	1	1	Hit	540	16-mul/26687944.thl.jpg	26687944.thl.jpg	SPACE	586	SPACE
1446756982570	0	lts_1105L_19_01	19	01	0	319	0	0	0	CR	MAX	2/ewok.jpg	ewok.jpg	NOKEY	MAX	NOKEY
1446756985647	0	lts_1105L_19_01	19	01	0	320	0	0	0	CR	MAX	16/AMETSCULP.jpg	AMETSCULP.jpg	NOKEY	MAX	NOKEY
1446756986683	0	lts_1105L_19_01	19	01	0	321	2	1	1	Hit	560	2-8/ewok.jpg	ewok.jpg	SPACE	603	SPACE
1446756989759	0	lts_1105L_19_01	19	01	0	322	0	0	0	CR	MAX	Aflamingo4.jpg	Aflamingo4.jpg	NOKEY	MAX	NOKEY
1446756991231	0	lts_1105L_19_01	19	01	0	323	128	1	1	Hit	992	128-6/ACEMPOST.jpg	ACEMPOST.jpg	SPACE	1036	SPACE
1446756994307	0	lts_1105L_19_01	19	01	0	324	0	0	0	CR	MAX	APLAQUE.jpg	APLAQUE.jpg	NOKEY	MAX	NOKEY
1446756995376	0	lts_1105L_19_01	19	01	0	325	8	1	1	Hit	590	8-first/Agoldfishina2.jpg	Agoldfishina2.jpg	SPACE	635	SPACE
1446756998469	0	lts_1105L_19_01	19	01	0	326	0	0	0	CR	MAX	26439297.thl.jpg	26439297.thl.jpg	NOKEY	MAX	NOKEY
1446756999556	0	lts_1105L_19_01	19	01	0	327	2	1	1	Hit	604	2-mul/Agoldfishina2.jpg	Agoldfishina2.jpg	SPACE	653	SPACE
1446757002632	0	lts_1105L_19_01	19	01	0	328	0	0	0	CR	MAX	2/Achair611.jpg	Achair611.jpg	NOKEY	MAX	NOKEY
1446757005708	0	lts_1105L_19_01	19	01	0	329	0	0	0	CR	MAX	26688546.thl.jpg	26688546.thl.jpg	NOKEY	MAX	NOKEY
1446757006945	0	lts_1105L_19_01	19	01	0	330	2	1	1	Hit	765	2-6/Achair611.jpg	Achair611.jpg	SPACE	803	SPACE
1446757010022	0	lts_1105L_19_01	19	01	0	331	0	0	0	CR	MAX	26554880.thl.jpg	26554880.thl.jpg	NOKEY	MAX	NOKEY
1446757013098	0	lts_1105L_19_01	19	01	0	332	0	0	0	CR	MAX	ABOOTCRA5.jpg	ABOOTCRA5.jpg	NOKEY	MAX	NOKEY
1446757014118	0	lts_1105L_19_01	19	01	0	333	32	1	1	Hit	546	32-7/26423652.thl.jpg	26423652.thl.jpg	SPACE	584	SPACE
1446757017194	0	lts_1105L_19_01	19	01	0	334	0	0	0	CR	MAX	Acastle22.jpg	Acastle22.jpg	NOKEY	MAX	NOKEY
1446757020270	0	lts_1105L_19_01	19	01	0	335	0	0	0	CR	MAX	Aantiquepock3.jpg	Aantiquepock3.jpg	NOKEY	MAX	NOKEY
1446757021456	0	lts_1105L_19_01	19	01	0	336	16	1	1	Hit	705	16-first/AMETSCULP.jpg	AMETSCULP.jpg	SPACE	753	SPACE
1446757024532	0	lts_1105L_19_01	19	01	0	337	0	0	0	CR	MAX	948_01.jpg	948_01.jpg	NOKEY	MAX	NOKEY
1446757027608	0	lts_1105L_19_01	19	01	0	338	0	0	0	CR	MAX	26437028.thl.jpg	26437028.thl.jpg	NOKEY	MAX	NOKEY
1446757030701	0	lts_1105L_19_01	19	01	0	339	0	0	0	CR	MAX	Acautionroads.jpg	Acautionroads.jpg	NOKEY	MAX	NOKEY
1446757033777	0	lts_1105L_19_01	19	01	0	340	0	0	0	CR	MAX	32/Athreeholepu6.jpg	Athreeholepu6.jpg	NOKEY	MAX	NOKEY
1446757035399	0	lts_1105L_19_01	19	01	0	341	128	1	1	Hit	1151	128-0/22924880.thl.jpg	22924880.thl.jpg	SPACE	1187	SPACE
1446757038475	0	lts_1105L_19_01	19	01	0	342	0	0	0	CR	MAX	Asafetybelt.jpg	Asafetybelt.jpg	NOKEY	MAX	NOKEY
1446757041551	0	lts_1105L_19_01	19	01	0	343	0	0	0	CR	MAX	2/Abasketandch2.jpg	Abasketandch2.jpg	NOKEY	MAX	NOKEY
1446757044660	0	lts_1105L_19_01	19	01	0	344	0	0	0	CR	MAX	ADRUM12.jpg	ADRUM12.jpg	NOKEY	MAX	NOKEY
1446757046032	0	lts_1105L_19_01	19	01	0	345	2	1	1	Hit	893	2-7/Abasketandch2.jpg	Abasketandch2.jpg	SPACE	936	SPACE
1446757049108	0	lts_1105L_19_01	19	01	0	346	0	0	0	CR	MAX	Alighter12.jpg	Alighter12.jpg	NOKEY	MAX	NOKEY
1446757050327	0	lts_1105L_19_01	19	01	0	347	32	1	1	Hit	742	32-1/Aperfumebottl.jpg	Aperfumebottl.jpg	SPACE	784	SPACE
1446757053404	0	lts_1105L_19_01	19	01	0	348	0	0	0	CR	MAX	16/26370445.thl.jpg	26370445.thl.jpg	NOKEY	MAX	NOKEY
1446757056480	0	lts_1105L_19_01	19	01	0	349	0	0	0	CR	MAX	ASTREESW2.jpg	ASTREESW2.jpg	NOKEY	MAX	NOKEY
1446757059572	0	lts_1105L_19_01	19	01	0	350	0	0	0	CR	MAX	64/Adiscoball2.jpg	Adiscoball2.jpg	NOKEY	MAX	NOKEY
1446757062648	0	lts_1105L_19_01	19	01	0	351	0	0	0	CR	MAX	greenbeans.jpg	greenbeans.jpg	NOKEY	MAX	NOKEY
1446757063969	0	lts_1105L_19_01	19	01	0	352	16	1	1	Hit	849	16-mul/AMETSCULP.jpg	AMETSCULP.jpg	SPACE	886	SPACE
1446757067046	0	lts_1105L_19_01	19	01	0	353	0	0	0	CR	MAX	AAFRICS13.jpg	AAFRICS13.jpg	NOKEY	MAX	NOKEY
1446757070122	0	lts_1105L_19_01	19	01	0	354	0	0	0	CR	MAX	2/Acdrominterf2.jpg	Acdrominterf2.jpg	NOKEY	MAX	NOKEY
1446757073198	0	lts_1105L_19_01	19	01	0	355	0	0	0	CR	MAX	AMETICUBE.jpg	AMETICUBE.jpg	NOKEY	MAX	NOKEY
1446757074368	0	lts_1105L_19_01	19	01	0	356	2	1	1	Hit	700	2-0/Acdrominterf2.jpg	Acdrominterf2.jpg	SPACE	734	SPACE
1446757077444	0	lts_1105L_19_01	19	01	0	357	0	0	0	CR	MAX	catslmifru.jpg	catslmifru.jpg	NOKEY	MAX	NOKEY
1446757080520	0	lts_1105L_19_01	19	01	0	358	0	0	0	CR	MAX	2/AFILMCUTT.jpg	AFILMCUTT.jpg	NOKEY	MAX	NOKEY
1446757083596	0	lts_1105L_19_01	19	01	0	359	0	0	0	CR	MAX	AMUSIHORN.jpg	AMUSIHORN.jpg	NOKEY	MAX	NOKEY
1446757084616	0	lts_1105L_19_01	19	01	0	360	2	1	1	Hit	547	2-13/AFILMCUTT.jpg	AFILMCUTT.jpg	SPACE	586	SPACE
1446757087692	0	lts_1105L_19_01	19	01	0	361	0	0	0	CR	MAX	64/26431395.thl.jpg	26431395.thl.jpg	NOKEY	MAX	NOKEY
1446757090784	0	lts_1105L_19_01	19	01	0	362	0	0	0	CR	MAX	Agiftbag20.jpg	Agiftbag20.jpg	NOKEY	MAX	NOKEY
1446757093860	0	lts_1105L_19_01	19	01	0	363	0	0	0	CR	MAX	fireextinguisher.jpg	fireextinguisher.jpg	NOKEY	MAX	NOKEY
1446757095065	0	lts_1105L_19_01	19	01	0	364	16	1	1	Hit	728	16-first/26370445.thl.jpg	26370445.thl.jpg	SPACE	769	SPACE
1446757098141	0	lts_1105L_19_01	19	01	0	365	0	0	0	CR	MAX	1/Astingray2.jpg	Astingray2.jpg	NOKEY	MAX	NOKEY
1446757099178	0	lts_1105L_19_01	19	01	0	366	1	1	1	Hit	551	1-8/Astingray2.jpg	Astingray2.jpg	SPACE	601	SPACE
1446757102254	0	lts_1105L_19_01	19	01	0	367	0	0	0	CR	MAX	Axmastre5.jpg	Axmastre5.jpg	NOKEY	MAX	NOKEY
1446757103440	0	lts_1105L_19_01	19	01	0	368	4	1	1	Hit	718	4-mul/26370445.thl.jpg	26370445.thl.jpg	SPACE	753	SPACE
1446757106516	0	lts_1105L_19_01	19	01	0	369	0	0	0	CR	MAX	Akeg6.jpg	Akeg6.jpg	NOKEY	MAX	NOKEY
1446757109592	0	lts_1105L_19_01	19	01	0	370	0	0	0	CR	MAX	26372785.thl.jpg	26372785.thl.jpg	NOKEY	MAX	NOKEY
1446757112668	0	lts_1105L_19_01	19	01	0	371	0	0	0	CR	MAX	Ahandbag68.jpg	Ahandbag68.jpg	NOKEY	MAX	NOKEY
1446757113788	0	lts_1105L_19_01	19	01	0	372	32	1	1	Hit	647	32-4/Athreeholepu6.jpg	Athreeholepu6.jpg	SPACE	685	SPACE
1446757116864	0	lts_1105L_19_01	19	01	0	373	0	0	0	CR	MAX	Awomensshoe61.jpg	Awomensshoe61.jpg	NOKEY	MAX	NOKEY
1446757119957	0	lts_1105L_19_01	19	01	0	374	0	0	0	CR	MAX	4/Apotboilinge2.jpg	Apotboilinge2.jpg	NOKEY	MAX	NOKEY
1446757123034	0	lts_1105L_19_01	19	01	0	375	0	0	0	CR	MAX	8255030.thl.jpg	8255030.thl.jpg	NOKEY	MAX	NOKEY
1446757126110	0	lts_1105L_19_01	19	01	0	376	0	0	0	CR	MAX	Akitchenisla4.jpg	Akitchenisla4.jpg	NOKEY	MAX	NOKEY
1446757129186	0	lts_1105L_19_01	19	01	0	377	0	0	0	CR	MAX	64/AAMMO4.jpg	AAMMO4.jpg	NOKEY	MAX	NOKEY
1446757130389	0	lts_1105L_19_01	19	01	0	378	4	1	1	Hit	733	4-5/Apotboilinge2.jpg	Apotboilinge2.jpg	SPACE	768	SPACE
1446757133465	0	lts_1105L_19_01	19	01	0	379	0	0	0	CR	MAX	playjukebox.jpg	playjukebox.jpg	NOKEY	MAX	NOKEY
1446757136541	0	lts_1105L_19_01	19	01	0	380	0	0	0	CR	MAX	2/Abeetle10.jpg	Abeetle10.jpg	NOKEY	MAX	NOKEY
1446757139617	0	lts_1105L_19_01	19	01	0	381	0	0	0	CR	MAX	ABLAKBEN2.jpg	ABLAKBEN2.jpg	NOKEY	MAX	NOKEY
1446757140654	0	lts_1105L_19_01	19	01	0	382	2	1	1	Hit	556	2-9/Abeetle10.jpg	Abeetle10.jpg	SPACE	603	SPACE
1446757143730	0	lts_1105L_19_01	19	01	0	383	0	0	0	CR	MAX	8/ABAGEL.jpg	ABAGEL.jpg	NOKEY	MAX	NOKEY
1446757146806	0	lts_1105L_19_01	19	01	0	384	0	0	0	CR	MAX	ADOGLEAS2.jpg	ADOGLEAS2.jpg	NOKEY	MAX	NOKEY
1446757149898	0	lts_1105L_19_01	19	01	0	385	0	0	0	CR	MAX	ACAFLATT3.jpg	ACAFLATT3.jpg	NOKEY	MAX	NOKEY
1446757152974	0	lts_1105L_19_01	19	01	0	386	0	0	0	CR	MAX	Adiamondring3.jpg	Adiamondring3.jpg	NOKEY	MAX	NOKEY
1446757154830	0	lts_1105L_19_01	19	01	0	387	0	0	1	FA	1383	ASHARK3.jpg	ASHARK3.jpg	SPACE	1421	NOKEY
1446757157906	0	lts_1105L_19_01	19	01	0	388	0	0	0	CR	MAX	Adog71.jpg	Adog71.jpg	NOKEY	MAX	NOKEY
1446757160982	0	lts_1105L_19_01	19	01	0	389	0	0	0	CR	MAX	airbottle1.jpg	airbottle1.jpg	NOKEY	MAX	NOKEY
1446757164059	0	lts_1105L_19_01	19	01	0	390	0	0	0	CR	MAX	Aconferencer3.jpg	Aconferencer3.jpg	NOKEY	MAX	NOKEY
1446757165113	0	lts_1105L_19_01	19	01	0	391	8	1	1	Hit	578	8-first/ABAGEL.jpg	ABAGEL.jpg	SPACE	617	SPACE
1446757168189	0	lts_1105L_19_01	19	01	0	392	0	0	0	CR	MAX	Acookiecutte3.jpg	Acookiecutte3.jpg	NOKEY	MAX	NOKEY
1446757169175	0	lts_1105L_19_01	19	01	0	393	2	1	1	Hit	512	2-mul/ABAGEL.jpg	ABAGEL.jpg	SPACE	551	SPACE
1446757172251	0	lts_1105L_19_01	19	01	0	394	0	0	0	CR	MAX	8021504.thl.jpg	8021504.thl.jpg	NOKEY	MAX	NOKEY
1446757175326	0	lts_1105L_19_01	19	01	0	395	0	0	0	CR	MAX	1/carbattery.jpg	carbattery.jpg	NOKEY	MAX	NOKEY
1446757176430	0	lts_1105L_19_01	19	01	0	396	1	1	1	Hit	632	1-2/carbattery.jpg	carbattery.jpg	SPACE	669	SPACE
1446757179522	0	lts_1105L_19_01	19	01	0	397	0	0	0	CR	MAX	2/Ahousboa2.jpg	Ahousboa2.jpg	NOKEY	MAX	NOKEY
1446757182598	0	lts_1105L_19_01	19	01	0	398	0	0	0	CR	MAX	AELECBE17.jpg	AELECBE17.jpg	NOKEY	MAX	NOKEY
1446757183718	0	lts_1105L_19_01	19	01	0	399	2	1	1	Hit	649	2-5/Ahousboa2.jpg	Ahousboa2.jpg	SPACE	686	SPACE
1446757186794	0	lts_1105L_19_01	19	01	0	400	0	0	0	CR	MAX	32/celery.jpg	celery.jpg	NOKEY	MAX	NOKEY
1446757189871	0	lts_1105L_19_01	19	01	0	401	0	0	0	CR	MAX	Aringclamp2.jpg	Aringclamp2.jpg	NOKEY	MAX	NOKEY
1446757191192	0	lts_1105L_19_01	19	01	0	402	128	1	1	Hit	844	128-1/Aroadsignin15.jpg	Aroadsignin15.jpg	SPACE	886	SPACE
1446757194268	0	lts_1105L_19_01	19	01	0	403	0	0	0	CR	MAX	ACOLUMN5.jpg	ACOLUMN5.jpg	NOKEY	MAX	NOKEY
1446757197343	0	lts_1105L_19_01	19	01	0	404	0	0	0	CR	MAX	APITCHE15.jpg	APITCHE15.jpg	NOKEY	MAX	NOKEY
1446757200419	0	lts_1105L_19_01	19	01	0	405	0	0	0	CR	MAX	Asaxophone.jpg	Asaxophone.jpg	NOKEY	MAX	NOKEY
1446757201556	0	lts_1105L_19_01	19	01	0	406	128	1	1	Hit	655	128-4/22849284.thl.jpg	22849284.thl.jpg	SPACE	703	SPACE
1446757204632	0	lts_1105L_19_01	19	01	0	407	0	0	0	CR	MAX	ACOFGRIN2.jpg	ACOFGRIN2.jpg	NOKEY	MAX	NOKEY
1446757206188	0	lts_1105L_19_01	19	01	0	408	128	1	1	Hit	1083	128-7/juicebox.jpg	juicebox.jpg	SPACE	1120	SPACE
1446757209281	0	lts_1105L_19_01	19	01	0	409	0	0	0	CR	MAX	APICNICBL.jpg	APICNICBL.jpg	NOKEY	MAX	NOKEY
1446757212356	0	lts_1105L_19_01	19	01	0	410	0	0	0	CR	MAX	Abottleofchi2.jpg	Abottleofchi2.jpg	NOKEY	MAX	NOKEY
1446757215432	0	lts_1105L_19_01	19	01	0	411	0	0	0	CR	MAX	Alobster10.jpg	Alobster10.jpg	NOKEY	MAX	NOKEY
1446757218508	0	lts_1105L_19_01	19	01	0	412	0	0	0	CR	MAX	4/ADRUMSET3.jpg	ADRUMSET3.jpg	NOKEY	MAX	NOKEY
1446757221584	0	lts_1105L_19_01	19	01	0	413	0	0	0	CR	MAX	32/26422216.thl.jpg	26422216.thl.jpg	NOKEY	MAX	NOKEY
1446757223140	0	lts_1105L_19_01	19	01	0	414	64	1	1	Hit	1083	64-first/Adiscoball2.jpg	Adiscoball2.jpg	SPACE	1120	SPACE
1446757226216	0	lts_1105L_19_01	19	01	0	415	0	0	0	CR	MAX	26463767.thl.jpg	26463767.thl.jpg	NOKEY	MAX	NOKEY
1446757227469	0	lts_1105L_19_01	19	01	0	416	4	1	1	Hit	773	4-9/ADRUMSET3.jpg	ADRUMSET3.jpg	SPACE	820	SPACE
1446757230545	0	lts_1105L_19_01	19	01	0	417	0	0	0	CR	MAX	Astaircase.jpg	Astaircase.jpg	NOKEY	MAX	NOKEY
1446757232234	0	lts_1105L_19_01	19	01	0	418	4	1	1	Hit	1204	4-mul/Adiscoball2.jpg	Adiscoball2.jpg	SPACE	1254	SPACE
1446757235310	0	lts_1105L_19_01	19	01	0	419	0	0	0	CR	MAX	16/Asandal7.jpg	Asandal7.jpg	NOKEY	MAX	NOKEY
1446757238402	0	lts_1105L_19_01	19	01	0	420	0	0	0	CR	MAX	1/Amistingwate3.jpg	Amistingwate3.jpg	NOKEY	MAX	NOKEY
1446757241478	0	lts_1105L_19_01	19	01	0	421	1	1	0	Miss	MAX	1-12/Amistingwate3.jpg	Amistingwate3.jpg	NOKEY	MAX	SPACE
1446757244554	0	lts_1105L_19_01	19	01	0	422	0	0	0	CR	MAX	AELECSAW.jpg	AELECSAW.jpg	NOKEY	MAX	NOKEY
1446757247630	0	lts_1105L_19_01	19	01	0	423	0	0	0	CR	MAX	4/23024623.thl.jpg	23024623.thl.jpg	NOKEY	MAX	NOKEY
1446757250706	0	lts_1105L_19_01	19	01	0	424	0	0	0	CR	MAX	Agrilledmeata.jpg	Agrilledmeata.jpg	NOKEY	MAX	NOKEY
1446757252229	0	lts_1105L_19_01	19	01	0	425	64	1	1	Hit	1050	64-first/26431395.thl.jpg	26431395.thl.jpg	SPACE	1087	SPACE
1446757255305	0	lts_1105L_19_01	19	01	0	426	0	0	0	CR	MAX	26451168.thl.jpg	26451168.thl.jpg	NOKEY	MAX	NOKEY
1446757257010	0	lts_1105L_19_01	19	01	0	427	4	1	1	Hit	1226	4-2/23024623.thl.jpg	23024623.thl.jpg	SPACE	1270	SPACE
1446757260086	0	lts_1105L_19_01	19	01	0	428	0	0	0	CR	MAX	Aconcreteblo3.jpg	Aconcreteblo3.jpg	NOKEY	MAX	NOKEY
1446757261556	0	lts_1105L_19_01	19	01	0	429	4	1	1	Hit	990	4-mul/26431395.thl.jpg	26431395.thl.jpg	SPACE	1036	SPACE
1446757264632	0	lts_1105L_19_01	19	01	0	430	0	0	0	CR	MAX	8079436.thl.jpg	8079436.thl.jpg	NOKEY	MAX	NOKEY
1446757267708	0	lts_1105L_19_01	19	01	0	431	0	0	0	CR	MAX	26429097.thl.jpg	26429097.thl.jpg	NOKEY	MAX	NOKEY
1446757268912	0	lts_1105L_19_01	19	01	0	432	32	1	1	Hit	729	32-6/celery.jpg	celery.jpg	SPACE	769	SPACE
1446757272006	0	lts_1105L_19_01	19	01	0	433	0	0	0	CR	MAX	ACUTPIN.jpg	ACUTPIN.jpg	NOKEY	MAX	NOKEY
1446757275082	0	lts_1105L_19_01	19	01	0	434	0	0	0	CR	MAX	26372669.thl.jpg	26372669.thl.jpg	NOKEY	MAX	NOKEY
1446757276185	0	lts_1105L_19_01	19	01	0	435	16	1	1	Hit	622	16-first/Asandal7.jpg	Asandal7.jpg	SPACE	668	SPACE
1446757279261	0	lts_1105L_19_01	19	01	0	436	0	0	0	CR	MAX	Arefrigerat10.jpg	Arefrigerat10.jpg	NOKEY	MAX	NOKEY
1446757280231	0	lts_1105L_19_01	19	01	0	437	2	1	1	Hit	493	2-mul/Asandal7.jpg	Asandal7.jpg	SPACE	534	SPACE
1446757283307	0	lts_1105L_19_01	19	01	0	438	0	0	0	CR	MAX	AWATEHOSE.jpg	AWATEHOSE.jpg	NOKEY	MAX	NOKEY
1446757286382	0	lts_1105L_19_01	19	01	0	439	0	0	0	CR	MAX	26424478.thl.jpg	26424478.thl.jpg	NOKEY	MAX	NOKEY
1446757289458	0	lts_1105L_19_01	19	01	0	440	0	0	0	CR	MAX	et060.jpg	et060.jpg	NOKEY	MAX	NOKEY
1446757290679	0	lts_1105L_19_01	19	01	0	441	64	1	1	Hit	743	64-first/AAMMO4.jpg	AAMMO4.jpg	SPACE	786	SPACE
1446757293755	0	lts_1105L_19_01	19	01	0	442	0	0	0	CR	MAX	confettipopper.jpg	confettipopper.jpg	NOKEY	MAX	NOKEY
1446757294841	0	lts_1105L_19_01	19	01	0	443	2	1	1	Hit	609	2-mul/AAMMO4.jpg	AAMMO4.jpg	SPACE	652	SPACE
1446757297917	0	lts_1105L_19_01	19	01	0	444	0	0	0	CR	MAX	26425323.thl.jpg	26425323.thl.jpg	NOKEY	MAX	NOKEY
1446757298987	0	lts_1105L_19_01	19	01	0	445	32	1	1	Hit	593	32-0/26422216.thl.jpg	26422216.thl.jpg	SPACE	635	SPACE
1446757302081	0	lts_1105L_19_01	19	01	0	446	0	0	0	CR	MAX	1/Agiraffe15.jpg	Agiraffe15.jpg	NOKEY	MAX	NOKEY
1446757303585	0	lts_1105L_19_01	19	01	0	447	1	1	1	Hit	1020	1-9/Agiraffe15.jpg	Agiraffe15.jpg	SPACE	1070	SPACE
1446757306661	0	lts_1105L_19_01	19	01	0	448	0	0	0	CR	MAX	ABEARIN28.jpg	ABEARIN28.jpg	NOKEY	MAX	NOKEY
1446757309737	0	lts_1105L_19_01	19	01	0	449	0	0	0	CR	MAX	Aemergencyki5.jpg	Aemergencyki5.jpg	NOKEY	MAX	NOKEY
1446757359372	0	lts_1105L_19_01	19	01	1	0	0	0	0	CR	MAX	ABULLDOG5.jpg	ABULLDOG5.jpg	NOKEY	MAX	NOKEY
1446757362465	0	lts_1105L_19_01	19	01	1	1	0	0	0	CR	MAX	Araisins4.jpg	Araisins4.jpg	NOKEY	MAX	NOKEY
1446757365541	0	lts_1105L_19_01	19	01	1	2	0	0	0	CR	MAX	26431753.thl.jpg	26431753.thl.jpg	NOKEY	MAX	NOKEY
1446757368617	0	lts_1105L_19_01	19	01	1	3	0	0	0	CR	MAX	1/Acane116.jpg	Acane116.jpg	NOKEY	MAX	NOKEY
1446757369754	0	lts_1105L_19_01	19	01	1	4	1	1	1	Hit	667	1-3/Acane116.jpg	Acane116.jpg	SPACE	702	SPACE
1446757372830	0	lts_1105L_19_01	19	01	1	5	0	0	0	CR	MAX	8/AOUTHOUSE.jpg	AOUTHOUSE.jpg	NOKEY	MAX	NOKEY
1446757375906	0	lts_1105L_19_01	19	01	1	6	0	0	0	CR	MAX	ACHAIRDE2.jpg	ACHAIRDE2.jpg	NOKEY	MAX	NOKEY
1446757378982	0	lts_1105L_19_01	19	01	1	7	0	0	0	CR	MAX	vendingmachine.jpg	vendingmachine.jpg	NOKEY	MAX	NOKEY
1446757382059	0	lts_1105L_19_01	19	01	1	8	0	0	0	CR	MAX	1/Abreakpl2.jpg	Abreakpl2.jpg	NOKEY	MAX	NOKEY
1446757383179	0	lts_1105L_19_01	19	01	1	9	1	1	1	Hit	645	1-11/Abreakpl2.jpg	Abreakpl2.jpg	SPACE	685	SPACE
1446757386255	0	lts_1105L_19_01	19	01	1	10	0	0	0	CR	MAX	128/eraserbrush.jpg	eraserbrush.jpg	NOKEY	MAX	NOKEY
1446757389347	0	lts_1105L_19_01	19	01	1	11	0	0	0	CR	MAX	ipod01.jpg	ipod01.jpg	NOKEY	MAX	NOKEY
1446757392423	0	lts_1105L_19_01	19	01	1	12	0	0	0	CR	MAX	26545643.thl.jpg	26545643.thl.jpg	NOKEY	MAX	NOKEY
1446757393593	0	lts_1105L_19_01	19	01	1	13	8	1	1	Hit	696	8-first/AOUTHOUSE.jpg	AOUTHOUSE.jpg	SPACE	737	SPACE
1446757396669	0	lts_1105L_19_01	19	01	1	14	0	0	0	CR	MAX	8/Aboardgame2.jpg	Aboardgame2.jpg	NOKEY	MAX	NOKEY
1446757399745	0	lts_1105L_19_01	19	01	1	15	0	0	0	CR	MAX	Acanoe19.jpg	Acanoe19.jpg	NOKEY	MAX	NOKEY
1446757402821	0	lts_1105L_19_01	19	01	1	16	0	0	0	CR	MAX	surfboard.JPG	surfboard.JPG	NOKEY	MAX	NOKEY
1446757403774	0	lts_1105L_19_01	19	01	1	17	4	1	1	Hit	481	4-mul/AOUTHOUSE.jpg	AOUTHOUSE.jpg	SPACE	518	SPACE
1446757406850	0	lts_1105L_19_01	19	01	1	18	0	0	0	CR	MAX	Acompass20.jpg	Acompass20.jpg	NOKEY	MAX	NOKEY
1446757409926	0	lts_1105L_19_01	19	01	1	19	0	0	0	CR	MAX	APHONEFA2.jpg	APHONEFA2.jpg	NOKEY	MAX	NOKEY
1446757413003	0	lts_1105L_19_01	19	01	1	20	0	0	0	CR	MAX	Arack3.jpg	Arack3.jpg	NOKEY	MAX	NOKEY
1446757416079	0	lts_1105L_19_01	19	01	1	21	0	0	0	CR	MAX	ACOMB5.jpg	ACOMB5.jpg	NOKEY	MAX	NOKEY
1446757417200	0	lts_1105L_19_01	19	01	1	22	8	1	1	Hit	643	8-first/Aboardgame2.jpg	Aboardgame2.jpg	SPACE	684	SPACE
1446757420275	0	lts_1105L_19_01	19	01	1	23	0	0	0	CR	MAX	ANAILFILE.jpg	ANAILFILE.jpg	NOKEY	MAX	NOKEY
1446757421344	0	lts_1105L_19_01	19	01	1	24	2	1	1	Hit	583	2-mul/Aboardgame2.jpg	Aboardgame2.jpg	SPACE	634	SPACE
1446757424421	0	lts_1105L_19_01	19	01	1	25	0	0	0	CR	MAX	128/AHOSPWAS2.jpg	AHOSPWAS2.jpg	NOKEY	MAX	NOKEY
1446757427497	0	lts_1105L_19_01	19	01	1	26	0	0	0	CR	MAX	AORGAN.jpg	AORGAN.jpg	NOKEY	MAX	NOKEY
1446757430573	0	lts_1105L_19_01	19	01	1	27	0	0	0	CR	MAX	Abicyclepump2.jpg	Abicyclepump2.jpg	NOKEY	MAX	NOKEY
1446757433649	0	lts_1105L_19_01	19	01	1	28	0	0	0	CR	MAX	ANAPRINGS.jpg	ANAPRINGS.jpg	NOKEY	MAX	NOKEY
1446757436725	0	lts_1105L_19_01	19	01	1	29	0	0	0	CR	MAX	ASPARKER2.jpg	ASPARKER2.jpg	NOKEY	MAX	NOKEY
1446757438915	0	lts_1105L_19_01	19	01	1	30	00	1	1	Hit	1717	00-across/Aheadlightan2.jpg	Aheadlightan2.jpg	SPACE	1756	SPACE
1446757441991	0	lts_1105L_19_01	19	01	1	31	0	0	0	CR	MAX	2/Ascarf7.jpg	Ascarf7.jpg	NOKEY	MAX	NOKEY
1446757445069	0	lts_1105L_19_01	19	01	1	32	0	0	0	CR	MAX	Amilk4.jpg	Amilk4.jpg	NOKEY	MAX	NOKEY
1446757446088	0	lts_1105L_19_01	19	01	1	33	2	1	1	Hit	542	2-8/Ascarf7.jpg	Ascarf7.jpg	SPACE	584	SPACE
1446757449164	0	lts_1105L_19_01	19	01	1	34	0	0	0	CR	MAX	Apilldispens3.jpg	Apilldispens3.jpg	NOKEY	MAX	NOKEY
1446757452257	0	lts_1105L_19_01	19	01	1	35	0	0	0	CR	MAX	Asaturn.jpg	Asaturn.jpg	NOKEY	MAX	NOKEY
1446757455332	0	lts_1105L_19_01	19	01	1	36	0	0	0	CR	MAX	4/Aslippers2.jpg	Aslippers2.jpg	NOKEY	MAX	NOKEY
1446757458408	0	lts_1105L_19_01	19	01	1	37	0	0	0	CR	MAX	APILLS9.jpg	APILLS9.jpg	NOKEY	MAX	NOKEY
1446757461484	0	lts_1105L_19_01	19	01	1	38	0	0	0	CR	MAX	16/AWOODPYRA.jpg	AWOODPYRA.jpg	NOKEY	MAX	NOKEY
1446757464577	0	lts_1105L_19_01	19	01	1	39	0	0	0	CR	MAX	ATOYTREE.jpg	ATOYTREE.jpg	NOKEY	MAX	NOKEY
1446757465747	0	lts_1105L_19_01	19	01	1	40	4	1	1	Hit	693	4-10/Aslippers2.jpg	Aslippers2.jpg	SPACE	736	SPACE
1446757468823	0	lts_1105L_19_01	19	01	1	41	0	0	0	CR	MAX	Acampingcoffe.jpg	Acampingcoffe.jpg	NOKEY	MAX	NOKEY
1446757471899	0	lts_1105L_19_01	19	01	1	42	0	0	0	CR	MAX	64/candy3.jpg	candy3.jpg	NOKEY	MAX	NOKEY
1446757474975	0	lts_1105L_19_01	19	01	1	43	0	0	0	CR	MAX	32/D_exercisebike.jpg	D_exercisebike.jpg	NOKEY	MAX	NOKEY
1446757478069	0	lts_1105L_19_01	19	01	1	44	0	0	0	CR	MAX	26375641.thl.jpg	26375641.thl.jpg	NOKEY	MAX	NOKEY
1446757479923	0	lts_1105L_19_01	19	01	1	45	0	0	1	FA	1377	barbwirecoil.jpg	barbwirecoil.jpg	SPACE	1420	NOKEY
1446757483000	0	lts_1105L_19_01	19	01	1	46	0	0	0	CR	MAX	piece.jpg	piece.jpg	NOKEY	MAX	NOKEY
1446757486077	0	lts_1105L_19_01	19	01	1	47	0	0	0	CR	MAX	26375899.thl.jpg	26375899.thl.jpg	NOKEY	MAX	NOKEY
1446757489169	0	lts_1105L_19_01	19	01	1	48	0	0	0	CR	MAX	APAGODAMO.jpg	APAGODAMO.jpg	NOKEY	MAX	NOKEY
1446757490472	0	lts_1105L_19_01	19	01	1	49	00	1	1	Hit	819	00-across/AELECOMP2.jpg	AELECOMP2.jpg	SPACE	869	SPACE
1446757493549	0	lts_1105L_19_01	19	01	1	50	0	0	0	CR	MAX	16/26432109.thl.jpg	26432109.thl.jpg	NOKEY	MAX	NOKEY
1446757496641	0	lts_1105L_19_01	19	01	1	51	0	0	0	CR	MAX	ACOFFTRA2.jpg	ACOFFTRA2.jpg	NOKEY	MAX	NOKEY
1446757499717	0	lts_1105L_19_01	19	01	1	52	0	0	0	CR	MAX	23016343.thl.jpg	23016343.thl.jpg	NOKEY	MAX	NOKEY
1446757502793	0	lts_1105L_19_01	19	01	1	53	0	0	0	CR	MAX	Atoyfurnitu14.jpg	Atoyfurnitu14.jpg	NOKEY	MAX	NOKEY
1446757504266	0	lts_1105L_19_01	19	01	1	54	16	1	1	Hit	993	16-first/AWOODPYRA.jpg	AWOODPYRA.jpg	SPACE	1036	SPACE
1446757507341	0	lts_1105L_19_01	19	01	1	55	0	0	0	CR	MAX	ACHILDISH.jpg	ACHILDISH.jpg	NOKEY	MAX	NOKEY
1446757510417	0	lts_1105L_19_01	19	01	1	56	0	0	0	CR	MAX	2/Acrabwalking.jpg	Acrabwalking.jpg	NOKEY	MAX	NOKEY
1446757513493	0	lts_1105L_19_01	19	01	1	57	0	0	0	CR	MAX	32/AELECTHE4.jpg	AELECTHE4.jpg	NOKEY	MAX	NOKEY
1446757514847	0	lts_1105L_19_01	19	01	1	58	2	1	1	Hit	873	2-3/Acrabwalking.jpg	Acrabwalking.jpg	SPACE	920	SPACE
1446757517940	0	lts_1105L_19_01	19	01	1	59	0	0	0	CR	MAX	32/Afilmnegativ2.jpg	Afilmnegativ2.jpg	NOKEY	MAX	NOKEY
1446757521017	0	lts_1105L_19_01	19	01	1	60	0	0	0	CR	MAX	Atool120.jpg	Atool120.jpg	NOKEY	MAX	NOKEY
1446757524093	0	lts_1105L_19_01	19	01	1	61	0	0	0	CR	MAX	Awhistl15.jpg	Awhistl15.jpg	NOKEY	MAX	NOKEY
1446757527169	0	lts_1105L_19_01	19	01	1	62	0	0	0	CR	MAX	barssport.jpg	barssport.jpg	NOKEY	MAX	NOKEY
1446757530245	0	lts_1105L_19_01	19	01	1	63	0	0	0	CR	MAX	10050937.thl.jpg	10050937.thl.jpg	NOKEY	MAX	NOKEY
1446757533321	0	lts_1105L_19_01	19	01	1	64	0	0	0	CR	MAX	16/APOTWHOLE.jpg	APOTWHOLE.jpg	NOKEY	MAX	NOKEY
1446757536396	0	lts_1105L_19_01	19	01	1	65	0	0	0	CR	MAX	AHONEYJA2.jpg	AHONEYJA2.jpg	NOKEY	MAX	NOKEY
1446757537884	0	lts_1105L_19_01	19	01	1	66	16	1	1	Hit	1007	16-first/26432109.thl.jpg	26432109.thl.jpg	SPACE	1053	SPACE
1446757540960	0	lts_1105L_19_01	19	01	1	67	0	0	0	CR	MAX	64/AWINTSOC2.jpg	AWINTSOC2.jpg	NOKEY	MAX	NOKEY
1446757544037	0	lts_1105L_19_01	19	01	1	68	0	0	0	CR	MAX	AANTSTO12.jpg	AANTSTO12.jpg	NOKEY	MAX	NOKEY
1446757547130	0	lts_1105L_19_01	19	01	1	69	0	0	0	CR	MAX	ADENSYRIN.jpg	ADENSYRIN.jpg	NOKEY	MAX	NOKEY
1446757548416	0	lts_1105L_19_01	19	01	1	70	16	1	1	Hit	814	16-mul/AWOODPYRA.jpg	AWOODPYRA.jpg	SPACE	852	SPACE
1446757551526	0	lts_1105L_19_01	19	01	1	71	0	0	0	CR	MAX	1/Acabinetwithm.jpg	Acabinetwithm.jpg	NOKEY	MAX	NOKEY
1446757553048	0	lts_1105L_19_01	19	01	1	72	1	1	1	Hit	1048	1-5/Acabinetwithm.jpg	Acabinetwithm.jpg	SPACE	1087	SPACE
1446757556124	0	lts_1105L_19_01	19	01	1	73	0	0	0	CR	MAX	Atoy57.jpg	Atoy57.jpg	NOKEY	MAX	NOKEY
1446757559200	0	lts_1105L_19_01	19	01	1	74	0	0	0	CR	MAX	carseat.jpg	carseat.jpg	NOKEY	MAX	NOKEY
1446757560670	0	lts_1105L_19_01	19	01	1	75	32	1	1	Hit	992	32-2/D_exercisebike.jpg	D_exercisebike.jpg	SPACE	1036	SPACE
1446757563813	0	lts_1105L_19_01	19	01	1	76	0	0	0	CR	MAX	legoblocks.jpg	legoblocks.jpg	NOKEY	MAX	NOKEY
1446757566889	0	lts_1105L_19_01	19	01	1	77	0	0	0	CR	MAX	Aplasticbot10.jpg	Aplasticbot10.jpg	NOKEY	MAX	NOKEY
1446757569982	0	lts_1105L_19_01	19	01	1	78	0	0	0	CR	MAX	ACURLIR13.jpg	ACURLIR13.jpg	NOKEY	MAX	NOKEY
1446757573059	0	lts_1105L_19_01	19	01	1	79	0	0	0	CR	MAX	34936916.thl.jpg	34936916.thl.jpg	NOKEY	MAX	NOKEY
1446757574379	0	lts_1105L_19_01	19	01	1	80	16	1	1	Hit	848	16-1/APOTWHOLE.jpg	APOTWHOLE.jpg	SPACE	885	SPACE
1446757577455	0	lts_1105L_19_01	19	01	1	81	0	0	0	CR	MAX	ASCALE30.jpg	ASCALE30.jpg	NOKEY	MAX	NOKEY
1446757578692	0	lts_1105L_19_01	19	01	1	82	16	1	1	Hit	756	16-mul/26432109.thl.jpg	26432109.thl.jpg	SPACE	804	SPACE
1446757581768	0	lts_1105L_19_01	19	01	1	83	0	0	0	CR	MAX	AARMCHA25.jpg	AARMCHA25.jpg	NOKEY	MAX	NOKEY
1446757584844	0	lts_1105L_19_01	19	01	1	84	0	0	0	CR	MAX	26372465.thl.jpg	26372465.thl.jpg	NOKEY	MAX	NOKEY
1446757587920	0	lts_1105L_19_01	19	01	1	85	0	0	0	CR	MAX	ASMOKMEAT.jpg	ASMOKMEAT.jpg	NOKEY	MAX	NOKEY
1446757590996	0	lts_1105L_19_01	19	01	1	86	0	0	0	CR	MAX	Acartonofegg3.jpg	Acartonofegg3.jpg	NOKEY	MAX	NOKEY
1446757594073	0	lts_1105L_19_01	19	01	1	87	0	0	0	CR	MAX	Achipboard.jpg	Achipboard.jpg	NOKEY	MAX	NOKEY
1446757597149	0	lts_1105L_19_01	19	01	1	88	0	0	0	CR	MAX	Amonkey5.jpg	Amonkey5.jpg	NOKEY	MAX	NOKEY
1446757598286	0	lts_1105L_19_01	19	01	1	89	32	1	1	Hit	662	32-9/AELECTHE4.jpg	AELECTHE4.jpg	SPACE	701	SPACE
1446757601378	0	lts_1105L_19_01	19	01	1	90	0	0	0	CR	MAX	ARUSSDO13.jpg	ARUSSDO13.jpg	NOKEY	MAX	NOKEY
1446757603101	0	lts_1105L_19_01	19	01	1	91	32	1	1	Hit	1248	32-7/Afilmnegativ2.jpg	Afilmnegativ2.jpg	SPACE	1288	SPACE
1446757606177	0	lts_1105L_19_01	19	01	1	92	0	0	0	CR	MAX	APIRAFLAG.jpg	APIRAFLAG.jpg	NOKEY	MAX	NOKEY
1446757609253	0	lts_1105L_19_01	19	01	1	93	0	0	0	CR	MAX	ABROWNBAG.jpg	ABROWNBAG.jpg	NOKEY	MAX	NOKEY
1446757612328	0	lts_1105L_19_01	19	01	1	94	0	0	0	CR	MAX	ASTEPPER.jpg	ASTEPPER.jpg	NOKEY	MAX	NOKEY
1446757615404	0	lts_1105L_19_01	19	01	1	95	0	0	0	CR	MAX	Atoychestfor3.jpg	Atoychestfor3.jpg	NOKEY	MAX	NOKEY
1446757618480	0	lts_1105L_19_01	19	01	1	96	0	0	0	CR	MAX	AANTICAN2.jpg	AANTICAN2.jpg	NOKEY	MAX	NOKEY
1446757619533	0	lts_1105L_19_01	19	01	1	97	00	1	1	Hit	582	00-across/Aroadsignin15.jpg	Aroadsignin15.jpg	SPACE	619	SPACE
1446757622610	0	lts_1105L_19_01	19	01	1	98	0	0	0	CR	MAX	1/AFRENCHF2.jpg	AFRENCHF2.jpg	NOKEY	MAX	NOKEY
1446757623746	0	lts_1105L_19_01	19	01	1	99	1	1	1	Hit	662	1-9/AFRENCHF2.jpg	AFRENCHF2.jpg	SPACE	702	SPACE
1446757626822	0	lts_1105L_19_01	19	01	1	100	0	0	0	CR	MAX	1/Ameasuringsp5.jpg	Ameasuringsp5.jpg	NOKEY	MAX	NOKEY
1446757628060	0	lts_1105L_19_01	19	01	1	101	1	1	1	Hit	754	1-10/Ameasuringsp5.jpg	Ameasuringsp5.jpg	SPACE	802	SPACE
1446757631137	0	lts_1105L_19_01	19	01	1	102	0	0	0	CR	MAX	Aleaf75.jpg	Aleaf75.jpg	NOKEY	MAX	NOKEY
1446757634229	0	lts_1105L_19_01	19	01	1	103	0	0	0	CR	MAX	ATOWRACK3.jpg	ATOWRACK3.jpg	NOKEY	MAX	NOKEY
1446757637305	0	lts_1105L_19_01	19	01	1	104	0	0	0	CR	MAX	8/tofu.jpg	tofu.jpg	NOKEY	MAX	NOKEY
1446757640380	0	lts_1105L_19_01	19	01	1	105	0	0	0	CR	MAX	pinballmachine.jpg	pinballmachine.jpg	NOKEY	MAX	NOKEY
1446757641785	0	lts_1105L_19_01	19	01	1	106	64	1	1	Hit	919	64-first/candy3.jpg	candy3.jpg	SPACE	970	SPACE
1446757644861	0	lts_1105L_19_01	19	01	1	107	0	0	0	CR	MAX	ASHOULDE4.jpg	ASHOULDE4.jpg	NOKEY	MAX	NOKEY
1446757646382	0	lts_1105L_19_01	19	01	1	108	2	1	1	Hit	1037	2-mul/candy3.jpg	candy3.jpg	SPACE	1087	SPACE
1446757649458	0	lts_1105L_19_01	19	01	1	109	0	0	0	CR	MAX	8/hulk.jpg	hulk.jpg	NOKEY	MAX	NOKEY
1446757652534	0	lts_1105L_19_01	19	01	1	110	0	0	0	CR	MAX	Aboxofnotepa4.jpg	Aboxofnotepa4.jpg	NOKEY	MAX	NOKEY
1446757655610	0	lts_1105L_19_01	19	01	1	111	0	0	0	CR	MAX	AARTIHAN5.jpg	AARTIHAN5.jpg	NOKEY	MAX	NOKEY
1446757656914	0	lts_1105L_19_01	19	01	1	112	8	1	1	Hit	822	8-first/tofu.jpg	tofu.jpg	SPACE	869	SPACE
1446757659990	0	lts_1105L_19_01	19	01	1	113	0	0	0	CR	MAX	AMEATGRI9.jpg	AMEATGRI9.jpg	NOKEY	MAX	NOKEY
1446757663084	0	lts_1105L_19_01	19	01	1	114	0	0	0	CR	MAX	ACANDEXT.jpg	ACANDEXT.jpg	NOKEY	MAX	NOKEY
1446757666160	0	lts_1105L_19_01	19	01	1	115	0	0	0	CR	MAX	Atoywheels.jpg	Atoywheels.jpg	NOKEY	MAX	NOKEY
1446757669236	0	lts_1105L_19_01	19	01	1	116	0	0	0	CR	MAX	ARELSCU49.jpg	ARELSCU49.jpg	NOKEY	MAX	NOKEY
1446757670623	0	lts_1105L_19_01	19	01	1	117	8	1	1	Hit	911	8-first/hulk.jpg	hulk.jpg	SPACE	953	SPACE
1446757673699	0	lts_1105L_19_01	19	01	1	118	0	0	0	CR	MAX	8258244.thl.jpg	8258244.thl.jpg	NOKEY	MAX	NOKEY
1446757676775	0	lts_1105L_19_01	19	01	1	119	0	0	0	CR	MAX	32/Abottle98.jpg	Abottle98.jpg	NOKEY	MAX	NOKEY
1446757679851	0	lts_1105L_19_01	19	01	1	120	0	0	0	CR	MAX	ADUNEBUGG.jpg	ADUNEBUGG.jpg	NOKEY	MAX	NOKEY
1446757681273	0	lts_1105L_19_01	19	01	1	121	4	1	1	Hit	943	4-mul/hulk.jpg	hulk.jpg	SPACE	986	SPACE
1446757684348	0	lts_1105L_19_01	19	01	1	122	0	0	0	CR	MAX	2/26282693.thl.jpg	26282693.thl.jpg	NOKEY	MAX	NOKEY
1446757687424	0	lts_1105L_19_01	19	01	1	123	0	0	0	CR	MAX	AHOUSBOA3.jpg	AHOUSBOA3.jpg	NOKEY	MAX	NOKEY
1446757688762	0	lts_1105L_19_01	19	01	1	124	2	1	1	Hit	854	2-10/26282693.thl.jpg	26282693.thl.jpg	SPACE	902	SPACE
1446757691854	0	lts_1105L_19_01	19	01	1	125	0	0	0	CR	MAX	22911500.thl.jpg	22911500.thl.jpg	NOKEY	MAX	NOKEY
1446757694931	0	lts_1105L_19_01	19	01	1	126	0	0	0	CR	MAX	Aceramicjug16.jpg	Aceramicjug16.jpg	NOKEY	MAX	NOKEY
1446757698008	0	lts_1105L_19_01	19	01	1	127	0	0	0	CR	MAX	32/ASHAMPO2.jpg	ASHAMPO2.jpg	NOKEY	MAX	NOKEY
1446757699312	0	lts_1105L_19_01	19	01	1	128	16	1	1	Hit	831	16-mul/tofu.jpg	tofu.jpg	SPACE	868	SPACE
1446757702387	0	lts_1105L_19_01	19	01	1	129	0	0	0	CR	MAX	ACHALCED2.jpg	ACHALCED2.jpg	NOKEY	MAX	NOKEY
1446757705463	0	lts_1105L_19_01	19	01	1	130	0	0	0	CR	MAX	AWALKTA25.jpg	AWALKTA25.jpg	NOKEY	MAX	NOKEY
1446757706984	0	lts_1105L_19_01	19	01	1	131	64	1	1	Hit	1043	64-first/AWINTSOC2.jpg	AWINTSOC2.jpg	SPACE	1087	SPACE
1446757710061	0	lts_1105L_19_01	19	01	1	132	0	0	0	CR	MAX	128/ACRIB18.jpg	ACRIB18.jpg	NOKEY	MAX	NOKEY
1446757713137	0	lts_1105L_19_01	19	01	1	133	0	0	0	CR	MAX	Amatplate.jpg	Amatplate.jpg	NOKEY	MAX	NOKEY
1446757716230	0	lts_1105L_19_01	19	01	1	134	0	0	0	CR	MAX	Abeesonahoney.jpg	Abeesonahoney.jpg	NOKEY	MAX	NOKEY
1446757719306	0	lts_1105L_19_01	19	01	1	135	0	0	0	CR	MAX	128/Acomputerkey2.jpg	Acomputerkey2.jpg	NOKEY	MAX	NOKEY
1446757722381	0	lts_1105L_19_01	19	01	1	136	0	0	0	CR	MAX	26373362.thl.jpg	26373362.thl.jpg	NOKEY	MAX	NOKEY
1446757725457	0	lts_1105L_19_01	19	01	1	137	0	0	0	CR	MAX	mixer.jpg	mixer.jpg	NOKEY	MAX	NOKEY
1446757726912	0	lts_1105L_19_01	19	01	1	138	128	1	1	Hit	974	128-7/eraserbrush.jpg	eraserbrush.jpg	SPACE	1019	SPACE
1446757729988	0	lts_1105L_19_01	19	01	1	139	0	0	0	CR	MAX	supersmilefloss.jpg	supersmilefloss.jpg	NOKEY	MAX	NOKEY
1446757733065	0	lts_1105L_19_01	19	01	1	140	0	0	0	CR	MAX	hammer01.jpg	hammer01.jpg	NOKEY	MAX	NOKEY
1446757736157	0	lts_1105L_19_01	19	01	1	141	0	0	0	CR	MAX	64/Astonecarvin8.jpg	Astonecarvin8.jpg	NOKEY	MAX	NOKEY
1446757739233	0	lts_1105L_19_01	19	01	1	142	0	0	0	CR	MAX	jumpmattress.jpg	jumpmattress.jpg	NOKEY	MAX	NOKEY
1446757740720	0	lts_1105L_19_01	19	01	1	143	00	1	1	Hit	1007	00-across/celery.jpg	celery.jpg	SPACE	1053	SPACE
1446757743797	0	lts_1105L_19_01	19	01	1	144	0	0	0	CR	MAX	1/26427612.thl.jpg	26427612.thl.jpg	NOKEY	MAX	NOKEY
1446757745168	0	lts_1105L_19_01	19	01	1	145	1	1	1	Hit	889	1-14/26427612.thl.jpg	26427612.thl.jpg	SPACE	936	SPACE
1446757748244	0	lts_1105L_19_01	19	01	1	146	0	0	0	CR	MAX	AMEATGR14.jpg	AMEATGR14.jpg	NOKEY	MAX	NOKEY
1446757749664	0	lts_1105L_19_01	19	01	1	147	16	1	1	Hit	949	16-mul/AWINTSOC2.jpg	AWINTSOC2.jpg	SPACE	986	SPACE
1446757752741	0	lts_1105L_19_01	19	01	1	148	0	0	0	CR	MAX	64/orientalvase.jpg	orientalvase.jpg	NOKEY	MAX	NOKEY
1446757755833	0	lts_1105L_19_01	19	01	1	149	0	0	0	CR	MAX	Atrafficsign2.jpg	Atrafficsign2.jpg	NOKEY	MAX	NOKEY
1446757758909	0	lts_1105L_19_01	19	01	1	150	0	0	0	CR	MAX	AMAKEUPMI.jpg	AMAKEUPMI.jpg	NOKEY	MAX	NOKEY
1446757760397	0	lts_1105L_19_01	19	01	1	151	32	1	1	Hit	1008	32-0/Abottle98.jpg	Abottle98.jpg	SPACE	1053	SPACE
1446757763473	0	lts_1105L_19_01	19	01	1	152	0	0	0	CR	MAX	26379054.thl.jpg	26379054.thl.jpg	NOKEY	MAX	NOKEY
1446757766549	0	lts_1105L_19_01	19	01	1	153	128	1	0	Miss	MAX	128-5/AHOSPWAS2.jpg	AHOSPWAS2.jpg	NOKEY	MAX	SPACE
1446757769625	0	lts_1105L_19_01	19	01	1	154	0	0	0	CR	MAX	Aplantinpot4.jpg	Aplantinpot4.jpg	NOKEY	MAX	NOKEY
1446757772702	0	lts_1105L_19_01	19	01	1	155	0	0	0	CR	MAX	16/ALAMP45.jpg	ALAMP45.jpg	NOKEY	MAX	NOKEY
1446757775778	0	lts_1105L_19_01	19	01	1	156	0	0	0	CR	MAX	22855236.thl.jpg	22855236.thl.jpg	NOKEY	MAX	NOKEY
1446757778854	0	lts_1105L_19_01	19	01	1	157	0	0	0	CR	MAX	8/Aturban.jpg	Aturban.jpg	NOKEY	MAX	NOKEY
1446757781946	0	lts_1105L_19_01	19	01	1	158	0	0	0	CR	MAX	32/ATAMBOURI.jpg	ATAMBOURI.jpg	NOKEY	MAX	NOKEY
1446757783451	0	lts_1105L_19_01	19	01	1	159	32	1	1	Hit	1025	32-3/ASHAMPO2.jpg	ASHAMPO2.jpg	SPACE	1071	SPACE
1446757786527	0	lts_1105L_19_01	19	01	1	160	0	0	0	CR	MAX	26465344.thl.jpg	26465344.thl.jpg	NOKEY	MAX	NOKEY
1446757789603	0	lts_1105L_19_01	19	01	1	161	0	0	0	CR	MAX	1/ATELESCO2.jpg	ATELESCO2.jpg	NOKEY	MAX	NOKEY
1446757790991	0	lts_1105L_19_01	19	01	1	162	1	1	1	Hit	915	1-0/ATELESCO2.jpg	ATELESCO2.jpg	SPACE	953	SPACE
1446757794068	0	lts_1105L_19_01	19	01	1	163	0	0	0	CR	MAX	AWOODFLUT.jpg	AWOODFLUT.jpg	NOKEY	MAX	NOKEY
1446757797144	0	lts_1105L_19_01	19	01	1	164	0	0	0	CR	MAX	Atoyboxwithb2.jpg	Atoyboxwithb2.jpg	NOKEY	MAX	NOKEY
1446757798731	0	lts_1105L_19_01	19	01	1	165	8	1	1	Hit	1107	8-first/Aturban.jpg	Aturban.jpg	SPACE	1154	SPACE
1446757801807	0	lts_1105L_19_01	19	01	1	166	0	0	0	CR	MAX	Awindtoy5.jpg	Awindtoy5.jpg	NOKEY	MAX	NOKEY
1446757804900	0	lts_1105L_19_01	19	01	1	167	0	0	0	CR	MAX	Abrooch104.jpg	Abrooch104.jpg	NOKEY	MAX	NOKEY
1446757807976	0	lts_1105L_19_01	19	01	1	168	0	0	0	CR	MAX	Aaircompress2.jpg	Aaircompress2.jpg	NOKEY	MAX	NOKEY
1446757811070	0	lts_1105L_19_01	19	01	1	169	0	0	0	CR	MAX	26428545.thl.jpg	26428545.thl.jpg	NOKEY	MAX	NOKEY
1446757814146	0	lts_1105L_19_01	19	01	1	170	0	0	0	CR	MAX	Aconnector2.jpg	Aconnector2.jpg	NOKEY	MAX	NOKEY
1446757815666	0	lts_1105L_19_01	19	01	1	171	16	1	1	Hit	1051	16-first/ALAMP45.jpg	ALAMP45.jpg	SPACE	1087	SPACE
1446757818776	0	lts_1105L_19_01	19	01	1	172	0	0	0	CR	MAX	DSCN6303-sm.jpg	DSCN6303-sm.jpg	NOKEY	MAX	NOKEY
1446757820131	0	lts_1105L_19_01	19	01	1	173	2	1	1	Hit	872	2-mul/ALAMP45.jpg	ALAMP45.jpg	SPACE	920	SPACE
1446757823207	0	lts_1105L_19_01	19	01	1	174	0	0	0	CR	MAX	4/23070064.thl.jpg	23070064.thl.jpg	NOKEY	MAX	NOKEY
1446757826316	0	lts_1105L_19_01	19	01	1	175	0	0	0	CR	MAX	igloo.jpg	igloo.jpg	NOKEY	MAX	NOKEY
1446757829391	0	lts_1105L_19_01	19	01	1	176	0	0	0	CR	MAX	AMEASDEVI.jpg	AMEASDEVI.jpg	NOKEY	MAX	NOKEY
1446757832467	0	lts_1105L_19_01	19	01	1	177	0	0	0	CR	MAX	26374787.thl.jpg	26374787.thl.jpg	NOKEY	MAX	NOKEY
1446757834040	0	lts_1105L_19_01	19	01	1	178	4	1	1	Hit	1089	4-3/23070064.thl.jpg	23070064.thl.jpg	SPACE	1137	SPACE
1446757837200	0	lts_1105L_19_01	19	01	1	179	0	0	0	CR	MAX	mouse-a.jpg	mouse-a.jpg	NOKEY	MAX	NOKEY
1446757840292	0	lts_1105L_19_01	19	01	1	180	0	0	0	CR	MAX	22921112.thl.jpg	22921112.thl.jpg	NOKEY	MAX	NOKEY
1446757841813	0	lts_1105L_19_01	19	01	1	181	16	1	1	Hit	1041	16-mul/Aturban.jpg	Aturban.jpg	SPACE	1086	SPACE
1446757844889	0	lts_1105L_19_01	19	01	1	182	0	0	0	CR	MAX	makeuppowder.jpg	makeuppowder.jpg	NOKEY	MAX	NOKEY
1446757847965	0	lts_1105L_19_01	19	01	1	183	0	0	0	CR	MAX	Aclimbingtool.jpg	Aclimbingtool.jpg	NOKEY	MAX	NOKEY
1446757851042	0	lts_1105L_19_01	19	01	1	184	0	0	0	CR	MAX	4/26455774.thl.jpg	26455774.thl.jpg	NOKEY	MAX	NOKEY
1446757854118	0	lts_1105L_19_01	19	01	1	185	0	0	0	CR	MAX	ACOOKOIL.jpg	ACOOKOIL.jpg	NOKEY	MAX	NOKEY
1446757855655	0	lts_1105L_19_01	19	01	1	186	00	1	1	Hit	1060	00-across/16247853.thl.jpg	16247853.thl.jpg	SPACE	1104	SPACE
1446757858731	0	lts_1105L_19_01	19	01	1	187	0	0	0	CR	MAX	AFLOURSCO.jpg	AFLOURSCO.jpg	NOKEY	MAX	NOKEY
1446757860220	0	lts_1105L_19_01	19	01	1	188	4	1	1	Hit	1012	4-9/26455774.thl.jpg	26455774.thl.jpg	SPACE	1053	SPACE
1446757863296	0	lts_1105L_19_01	19	01	1	189	0	0	0	CR	MAX	128/Ahotwaterbot2.jpg	Ahotwaterbot2.jpg	NOKEY	MAX	NOKEY
1446757864850	0	lts_1105L_19_01	19	01	1	190	32	1	1	Hit	1081	32-6/ATAMBOURI.jpg	ATAMBOURI.jpg	SPACE	1120	SPACE
1446757867926	0	lts_1105L_19_01	19	01	1	191	0	0	0	CR	MAX	2/Acatstatue3.jpg	Acatstatue3.jpg	NOKEY	MAX	NOKEY
1446757871020	0	lts_1105L_19_01	19	01	1	192	0	0	0	CR	MAX	Apocketknifew.jpg	Apocketknifew.jpg	NOKEY	MAX	NOKEY
1446757872473	0	lts_1105L_19_01	19	01	1	193	2	1	1	Hit	980	2-5/Acatstatue3.jpg	Acatstatue3.jpg	SPACE	1020	SPACE
1446757875549	0	lts_1105L_19_01	19	01	1	194	0	0	0	CR	MAX	Aclamp62.jpg	Aclamp62.jpg	NOKEY	MAX	NOKEY
1446757878625	0	lts_1105L_19_01	19	01	1	195	0	0	0	CR	MAX	26431414.thl.jpg	26431414.thl.jpg	NOKEY	MAX	NOKEY
1446757881701	0	lts_1105L_19_01	19	01	1	196	0	0	0	CR	MAX	rollerblades.jpg	rollerblades.jpg	NOKEY	MAX	NOKEY
1446757884777	0	lts_1105L_19_01	19	01	1	197	0	0	0	CR	MAX	4/Aseal3.jpg	Aseal3.jpg	NOKEY	MAX	NOKEY
1446757887853	0	lts_1105L_19_01	19	01	1	198	0	0	0	CR	MAX	128/23028486.thl.jpg	23028486.thl.jpg	NOKEY	MAX	NOKEY
1446757890929	0	lts_1105L_19_01	19	01	1	199	0	0	0	CR	MAX	ACIGARCU3.jpg	ACIGARCU3.jpg	NOKEY	MAX	NOKEY
1446757894006	0	lts_1105L_19_01	19	01	1	200	0	0	0	CR	MAX	Adinningroomt.jpg	Adinningroomt.jpg	NOKEY	MAX	NOKEY
1446757895043	0	lts_1105L_19_01	19	01	1	201	4	1	1	Hit	566	4-11/Aseal3.jpg	Aseal3.jpg	SPACE	601	SPACE
1446757898119	0	lts_1105L_19_01	19	01	1	202	0	0	0	CR	MAX	Abutterflynet.jpg	Abutterflynet.jpg	NOKEY	MAX	NOKEY
1446757899155	0	lts_1105L_19_01	19	01	1	203	00	1	1	Hit	555	00-across/Abucketwithcl.jpg	Abucketwithcl.jpg	SPACE	600	SPACE
1446757902232	0	lts_1105L_19_01	19	01	1	204	0	0	0	CR	MAX	Afueltank11.jpg	Afueltank11.jpg	NOKEY	MAX	NOKEY
1446757903451	0	lts_1105L_19_01	19	01	1	205	64	1	1	Hit	739	64-first/Astonecarvin8.jpg	Astonecarvin8.jpg	SPACE	786	SPACE
1446757906544	0	lts_1105L_19_01	19	01	1	206	0	0	0	CR	MAX	22826448.thl.jpg	22826448.thl.jpg	NOKEY	MAX	NOKEY
1446757907564	0	lts_1105L_19_01	19	01	1	207	2	1	1	Hit	547	2-mul/Astonecarvin8.jpg	Astonecarvin8.jpg	SPACE	586	SPACE
1446757910640	0	lts_1105L_19_01	19	01	1	208	0	0	0	CR	MAX	1/ShoeHorn.jpg	ShoeHorn.jpg	NOKEY	MAX	NOKEY
1446757911860	0	lts_1105L_19_01	19	01	1	209	1	1	1	Hit	735	1-2/ShoeHorn.jpg	ShoeHorn.jpg	SPACE	786	SPACE
1446757914936	0	lts_1105L_19_01	19	01	1	210	0	0	0	CR	MAX	Agiraffetoy3.jpg	Agiraffetoy3.jpg	NOKEY	MAX	NOKEY
1446757918013	0	lts_1105L_19_01	19	01	1	211	64	1	0	Miss	MAX	64/DSCN9735-sm.jpg	DSCN9735-sm.jpg	NOKEY	MAX	SPACE
1446757919150	0	lts_1105L_19_01	19	01	1	212	64	1	1	Hit	660	64-first/orientalvase.jpg	orientalvase.jpg	SPACE	701	SPACE
1446757922226	0	lts_1105L_19_01	19	01	1	213	0	0	0	CR	MAX	22925228.thl.jpg	22925228.thl.jpg	NOKEY	MAX	NOKEY
1446757923313	0	lts_1105L_19_01	19	01	1	214	00	1	1	Hit	602	00-across/A_coin.jpg	A_coin.jpg	SPACE	652	SPACE
1446757926388	0	lts_1105L_19_01	19	01	1	215	0	0	0	CR	MAX	4/Asoapdish3.jpg	Asoapdish3.jpg	NOKEY	MAX	NOKEY
1446757927341	0	lts_1105L_19_01	19	01	1	216	4	1	1	Hit	481	4-mul/orientalvase.jpg	orientalvase.jpg	SPACE	519	SPACE
1446757930434	0	lts_1105L_19_01	19	01	1	217	0	0	0	CR	MAX	4/Astool76.jpg	Astool76.jpg	NOKEY	MAX	NOKEY
1446757933510	0	lts_1105L_19_01	19	01	1	218	0	0	0	CR	MAX	8/garlic.jpg	garlic.jpg	NOKEY	MAX	NOKEY
1446757934931	0	lts_1105L_19_01	19	01	1	219	4	1	1	Hit	936	4-1/Asoapdish3.jpg	Asoapdish3.jpg	SPACE	986	SPACE
1446757938008	0	lts_1105L_19_01	19	01	1	220	0	0	0	CR	MAX	hottub.jpg	hottub.jpg	NOKEY	MAX	NOKEY
1446757939394	0	lts_1105L_19_01	19	01	1	221	4	1	1	Hit	914	4-0/Astool76.jpg	Astool76.jpg	SPACE	952	SPACE
1446757942470	0	lts_1105L_19_01	19	01	1	222	0	0	0	CR	MAX	AGOLDCUP6.jpg	AGOLDCUP6.jpg	NOKEY	MAX	NOKEY
1446757945546	0	lts_1105L_19_01	19	01	1	223	0	0	0	CR	MAX	Achair1260.jpg	Achair1260.jpg	NOKEY	MAX	NOKEY
1446757948622	0	lts_1105L_19_01	19	01	1	224	0	0	0	CR	MAX	64/ABROOM11.jpg	ABROOM11.jpg	NOKEY	MAX	NOKEY
1446757951698	0	lts_1105L_19_01	19	01	1	225	0	0	0	CR	MAX	8/ACLARINE5.jpg	ACLARINE5.jpg	NOKEY	MAX	NOKEY
1446757952785	0	lts_1105L_19_01	19	01	1	226	8	1	1	Hit	603	8-0/garlic.jpg	garlic.jpg	SPACE	652	SPACE
1446757955861	0	lts_1105L_19_01	19	01	1	227	0	0	0	CR	MAX	ACDRAINER.jpg	ACDRAINER.jpg	NOKEY	MAX	NOKEY
1446757958937	0	lts_1105L_19_01	19	01	1	228	64	1	0	Miss	MAX	64/fortune-cookie.jpg	fortune-cookie.jpg	NOKEY	MAX	SPACE
1446757962014	0	lts_1105L_19_01	19	01	1	229	0	0	0	CR	MAX	1/ASMOKDE16.jpg	ASMOKDE16.jpg	NOKEY	MAX	NOKEY
1446757963000	0	lts_1105L_19_01	19	01	1	230	1	1	1	Hit	507	1-4/ASMOKDE16.jpg	ASMOKDE16.jpg	SPACE	551	SPACE
1446757966077	0	lts_1105L_19_01	19	01	1	231	0	0	0	CR	MAX	AARCCHAR2.jpg	AARCCHAR2.jpg	NOKEY	MAX	NOKEY
1446757969169	0	lts_1105L_19_01	19	01	1	232	0	0	0	CR	MAX	ASLED7.jpg	ASLED7.jpg	NOKEY	MAX	NOKEY
1446757970339	0	lts_1105L_19_01	19	01	1	233	8	1	1	Hit	689	8-first/ACLARINE5.jpg	ACLARINE5.jpg	SPACE	735	SPACE
1446757973415	0	lts_1105L_19_01	19	01	1	234	0	0	0	CR	MAX	8/Abicycleodome.jpg	Abicycleodome.jpg	NOKEY	MAX	NOKEY
1446757976491	0	lts_1105L_19_01	19	01	1	235	0	0	0	CR	MAX	1/Ablackboardw3.jpg	Ablackboardw3.jpg	NOKEY	MAX	NOKEY
1446757977611	0	lts_1105L_19_01	19	01	1	236	1	1	1	Hit	646	1-8/Ablackboardw3.jpg	Ablackboardw3.jpg	SPACE	687	SPACE
1446757980687	0	lts_1105L_19_01	19	01	1	237	0	0	0	CR	MAX	2/Agarlicclove2.jpg	Agarlicclove2.jpg	NOKEY	MAX	NOKEY
1446757983763	0	lts_1105L_19_01	19	01	1	238	0	0	0	CR	MAX	ABEADS4.jpg	ABEADS4.jpg	NOKEY	MAX	NOKEY
1446757985135	0	lts_1105L_19_01	19	01	1	239	2	1	1	Hit	899	2-11/Agarlicclove2.jpg	Agarlicclove2.jpg	SPACE	936	SPACE
1446757988211	0	lts_1105L_19_01	19	01	1	240	0	0	0	CR	MAX	26684634.thl.jpg	26684634.thl.jpg	NOKEY	MAX	NOKEY
1446757991304	0	lts_1105L_19_01	19	01	1	241	0	0	0	CR	MAX	Awaffle3.jpg	Awaffle3.jpg	NOKEY	MAX	NOKEY
1446757992406	0	lts_1105L_19_01	19	01	1	242	8	1	1	Hit	622	8-first/Abicycleodome.jpg	Abicycleodome.jpg	SPACE	668	SPACE
1446757995482	0	lts_1105L_19_01	19	01	1	243	0	0	0	CR	MAX	26387436.thl.jpg	26387436.thl.jpg	NOKEY	MAX	NOKEY
1446757996853	0	lts_1105L_19_01	19	01	1	244	2	1	1	Hit	891	2-mul/Abicycleodome.jpg	Abicycleodome.jpg	SPACE	936	SPACE
1446757999929	0	lts_1105L_19_01	19	01	1	245	0	0	0	CR	MAX	ALOAFBR4.jpg	ALOAFBR4.jpg	NOKEY	MAX	NOKEY
1446758003090	0	lts_1105L_19_01	19	01	1	246	0	0	0	CR	MAX	1/darkwador.jpg	darkwador.jpg	NOKEY	MAX	NOKEY
1446758004093	0	lts_1105L_19_01	19	01	1	247	1	1	1	Hit	531	1-6/darkwador.jpg	darkwador.jpg	SPACE	568	SPACE
1446758007169	0	lts_1105L_19_01	19	01	1	248	0	0	0	CR	MAX	AHUMIDIFI.jpg	AHUMIDIFI.jpg	NOKEY	MAX	NOKEY
1446758008239	0	lts_1105L_19_01	19	01	1	249	16	1	1	Hit	597	16-mul/ACLARINE5.jpg	ACLARINE5.jpg	SPACE	635	SPACE
1446758011315	0	lts_1105L_19_01	19	01	1	250	0	0	0	CR	MAX	128/ATOOLS.jpg	ATOOLS.jpg	NOKEY	MAX	NOKEY
1446758014390	0	lts_1105L_19_01	19	01	1	251	0	0	0	CR	MAX	Asoundmixer2.jpg	Asoundmixer2.jpg	NOKEY	MAX	NOKEY
1446758017466	0	lts_1105L_19_01	19	01	1	252	0	0	0	CR	MAX	Ascientifice6.jpg	Ascientifice6.jpg	NOKEY	MAX	NOKEY
1446758020559	0	lts_1105L_19_01	19	01	1	253	0	0	0	CR	MAX	22853352.thl.jpg	22853352.thl.jpg	NOKEY	MAX	NOKEY
1446758023635	0	lts_1105L_19_01	19	01	1	254	0	0	0	CR	MAX	22827540.thl.jpg	22827540.thl.jpg	NOKEY	MAX	NOKEY
1446758026711	0	lts_1105L_19_01	19	01	1	255	0	0	0	CR	MAX	Atool152.jpg	Atool152.jpg	NOKEY	MAX	NOKEY
1446758029236	0	lts_1105L_19_01	19	01	1	256	0	0	1	FA	2049	2/Apercussion16.jpg	Apercussion16.jpg	SPACE	2089	NOKEY
1446758032312	0	lts_1105L_19_01	19	01	1	257	0	0	0	CR	MAX	26466344.thl.jpg	26466344.thl.jpg	NOKEY	MAX	NOKEY
1446758033666	0	lts_1105L_19_01	19	01	1	258	2	1	1	Hit	881	2-7/Apercussion16.jpg	Apercussion16.jpg	SPACE	920	SPACE
1446758036742	0	lts_1105L_19_01	19	01	1	259	0	0	0	CR	MAX	drumsticks01.jpg	drumsticks01.jpg	NOKEY	MAX	NOKEY
1446758039818	0	lts_1105L_19_01	19	01	1	260	128	1	0	Miss	MAX	128-3/ACRIB18.jpg	ACRIB18.jpg	NOKEY	MAX	SPACE
1446758042894	0	lts_1105L_19_01	19	01	1	261	0	0	0	CR	MAX	ALUNCHBO3.jpg	ALUNCHBO3.jpg	NOKEY	MAX	NOKEY
1446758045970	0	lts_1105L_19_01	19	01	1	262	0	0	0	CR	MAX	Aalligator4.jpg	Aalligator4.jpg	NOKEY	MAX	NOKEY
1446758048027	0	lts_1105L_19_01	19	01	1	263	128	1	1	Hit	1583	128-0/Acomputerkey2.jpg	Acomputerkey2.jpg	SPACE	1622	SPACE
1446758051103	0	lts_1105L_19_01	19	01	1	264	0	0	0	CR	MAX	26374798.thl.jpg	26374798.thl.jpg	NOKEY	MAX	NOKEY
1446758054196	0	lts_1105L_19_01	19	01	1	265	0	0	0	CR	MAX	makeupfoundation.jpg	makeupfoundation.jpg	NOKEY	MAX	NOKEY
1446758057272	0	lts_1105L_19_01	19	01	1	266	0	0	0	CR	MAX	Arooster15.jpg	Arooster15.jpg	NOKEY	MAX	NOKEY
1446758060347	0	lts_1105L_19_01	19	01	1	267	0	0	0	CR	MAX	1/Acannedaspa10.jpg	Acannedaspa10.jpg	NOKEY	MAX	NOKEY
1446758061434	0	lts_1105L_19_01	19	01	1	268	1	1	1	Hit	602	1-13/Acannedaspa10.jpg	Acannedaspa10.jpg	SPACE	653	SPACE
1446758064527	0	lts_1105L_19_01	19	01	1	269	0	0	0	CR	MAX	1/ATOLLNEGS.jpg	ATOLLNEGS.jpg	NOKEY	MAX	NOKEY
1446758065647	0	lts_1105L_19_01	19	01	1	270	1	1	1	Hit	625	1-12/ATOLLNEGS.jpg	ATOLLNEGS.jpg	SPACE	670	SPACE
1446758068739	0	lts_1105L_19_01	19	01	1	271	0	0	0	CR	MAX	1/Azucchini9.jpg	Azucchini9.jpg	NOKEY	MAX	NOKEY
1446758069960	0	lts_1105L_19_01	19	01	1	272	1	1	1	Hit	744	1-1/Azucchini9.jpg	Azucchini9.jpg	SPACE	786	SPACE
1446758073037	0	lts_1105L_19_01	19	01	1	273	0	0	0	CR	MAX	Acastingladl2.jpg	Acastingladl2.jpg	NOKEY	MAX	NOKEY
1446758076113	0	lts_1105L_19_01	19	01	1	274	0	0	0	CR	MAX	AARMHEL12.jpg	AARMHEL12.jpg	NOKEY	MAX	NOKEY
1446758077233	0	lts_1105L_19_01	19	01	1	275	64	1	1	Hit	645	64-first/DSCN9735-sm.jpg	DSCN9735-sm.jpg	SPACE	685	SPACE
1446758080325	0	lts_1105L_19_01	19	01	1	276	0	0	0	CR	MAX	Abellows4.jpg	Abellows4.jpg	NOKEY	MAX	NOKEY
1446758083418	0	lts_1105L_19_01	19	01	1	277	0	0	0	CR	MAX	APOGO4.jpg	APOGO4.jpg	NOKEY	MAX	NOKEY
1446758086494	0	lts_1105L_19_01	19	01	1	278	0	0	0	CR	MAX	4/AOVENMIT5.jpg	AOVENMIT5.jpg	NOKEY	MAX	NOKEY
1446758087497	0	lts_1105L_19_01	19	01	1	279	4	1	1	Hit	532	4-mul/DSCN9735-sm.jpg	DSCN9735-sm.jpg	SPACE	570	SPACE
1446758090573	0	lts_1105L_19_01	19	01	1	280	0	0	0	CR	MAX	8055181.thl.jpg	8055181.thl.jpg	NOKEY	MAX	NOKEY
1446758093649	0	lts_1105L_19_01	19	01	1	281	0	0	0	CR	MAX	Ascientifict3.jpg	Ascientifict3.jpg	NOKEY	MAX	NOKEY
1446758094786	0	lts_1105L_19_01	19	01	1	282	4	1	1	Hit	661	4-12/AOVENMIT5.jpg	AOVENMIT5.jpg	SPACE	702	SPACE
1446758096341	0	lts_1105L_19_01	19	01	1	283	0	0	1	FA	1085	leek.jpg	leek.jpg	SPACE	1120	NOKEY
1446758099416	0	lts_1105L_19_01	19	01	1	284	0	0	0	CR	MAX	AFLOURBA2.jpg	AFLOURBA2.jpg	NOKEY	MAX	NOKEY
1446758100587	0	lts_1105L_19_01	19	01	1	285	00	1	1	Hit	701	00-across/AANGLEME2.jpg	AANGLEME2.jpg	SPACE	737	SPACE
1446758103663	0	lts_1105L_19_01	19	01	1	286	0	0	0	CR	MAX	4/ACASSETT2.jpg	ACASSETT2.jpg	NOKEY	MAX	NOKEY
1446758106739	0	lts_1105L_19_01	19	01	1	287	0	0	0	CR	MAX	Alampsanddes5.jpg	Alampsanddes5.jpg	NOKEY	MAX	NOKEY
1446758108161	0	lts_1105L_19_01	19	01	1	288	64	1	1	Hit	945	64-first/ABROOM11.jpg	ABROOM11.jpg	SPACE	987	SPACE
1446758111237	0	lts_1105L_19_01	19	01	1	289	0	0	0	CR	MAX	22826748.thl.jpg	22826748.thl.jpg	NOKEY	MAX	NOKEY
1446758112624	0	lts_1105L_19_01	19	01	1	290	4	1	1	Hit	913	4-5/ACASSETT2.jpg	ACASSETT2.jpg	SPACE	953	SPACE
1446758115716	0	lts_1105L_19_01	19	01	1	291	0	0	0	CR	MAX	tuba1.jpg	tuba1.jpg	NOKEY	MAX	NOKEY
1446758117188	0	lts_1105L_19_01	19	01	1	292	64	1	1	Hit	999	64-first/fortune-cookie.jpg	fortune-cookie.jpg	SPACE	1036	SPACE
1446758120265	0	lts_1105L_19_01	19	01	1	293	0	0	0	CR	MAX	ASKIPROP2.jpg	ASKIPROP2.jpg	NOKEY	MAX	NOKEY
1446758121618	0	lts_1105L_19_01	19	01	1	294	2	1	1	Hit	879	2-mul/fortune-cookie.jpg	fortune-cookie.jpg	SPACE	920	SPACE
1446758124694	0	lts_1105L_19_01	19	01	1	295	0	0	0	CR	MAX	2/Aextensionco8.jpg	Aextensionco8.jpg	NOKEY	MAX	NOKEY
1446758127787	0	lts_1105L_19_01	19	01	1	296	0	0	0	CR	MAX	ACOATHA44.jpg	ACOATHA44.jpg	NOKEY	MAX	NOKEY
1446758129826	0	lts_1105L_19_01	19	01	1	297	2	1	1	Hit	1561	2-9/Aextensionco8.jpg	Aextensionco8.jpg	SPACE	1605	SPACE
1446758132902	0	lts_1105L_19_01	19	01	1	298	0	0	0	CR	MAX	2/AMEDCONTA.jpg	AMEDCONTA.jpg	NOKEY	MAX	NOKEY
1446758135978	0	lts_1105L_19_01	19	01	1	299	0	0	0	CR	MAX	22866972.thl.jpg	22866972.thl.jpg	NOKEY	MAX	NOKEY
1446758137533	0	lts_1105L_19_01	19	01	1	300	2	1	1	Hit	1078	2-4/AMEDCONTA.jpg	AMEDCONTA.jpg	SPACE	1121	SPACE
1446758140609	0	lts_1105L_19_01	19	01	1	301	0	0	0	CR	MAX	22859028.thl.jpg	22859028.thl.jpg	NOKEY	MAX	NOKEY
1446758143702	0	lts_1105L_19_01	19	01	1	302	0	0	0	CR	MAX	32/oignonrings.jpg	oignonrings.jpg	NOKEY	MAX	NOKEY
1446758146778	0	lts_1105L_19_01	19	01	1	303	0	0	0	CR	MAX	moto.jpg	moto.jpg	NOKEY	MAX	NOKEY
1446758148433	0	lts_1105L_19_01	19	01	1	304	16	1	1	Hit	1171	16-mul/ABROOM11.jpg	ABROOM11.jpg	SPACE	1222	SPACE
1446758151509	0	lts_1105L_19_01	19	01	1	305	0	0	0	CR	MAX	Atoy17.jpg	Atoy17.jpg	NOKEY	MAX	NOKEY
1446758154585	0	lts_1105L_19_01	19	01	1	306	0	0	0	CR	MAX	4/26432217.thl.jpg	26432217.thl.jpg	NOKEY	MAX	NOKEY
1446758157661	0	lts_1105L_19_01	19	01	1	307	0	0	0	CR	MAX	128/ABUMBBE2.jpg	ABUMBBE2.jpg	NOKEY	MAX	NOKEY
1446758160737	0	lts_1105L_19_01	19	01	1	308	0	0	0	CR	MAX	AGAME.jpg	AGAME.jpg	NOKEY	MAX	NOKEY
1446758163813	0	lts_1105L_19_01	19	01	1	309	0	0	0	CR	MAX	apparatus.jpg	apparatus.jpg	NOKEY	MAX	NOKEY
1446758165135	0	lts_1105L_19_01	19	01	1	310	4	1	1	Hit	846	4-8/26432217.thl.jpg	26432217.thl.jpg	SPACE	886	SPACE
1446758168211	0	lts_1105L_19_01	19	01	1	311	0	0	0	CR	MAX	2/Alifebuo3.jpg	Alifebuo3.jpg	NOKEY	MAX	NOKEY
1446758171304	0	lts_1105L_19_01	19	01	1	312	0	0	0	CR	MAX	Acanadagoose.jpg	Acanadagoose.jpg	NOKEY	MAX	NOKEY
1446758172307	0	lts_1105L_19_01	19	01	1	313	2	1	1	Hit	534	2-6/Alifebuo3.jpg	Alifebuo3.jpg	SPACE	568	SPACE
1446758175382	0	lts_1105L_19_01	19	01	1	314	0	0	0	CR	MAX	AARTIVE6.jpg	AARTIVE6.jpg	NOKEY	MAX	NOKEY
1446758178458	0	lts_1105L_19_01	19	01	1	315	0	0	0	CR	MAX	AELEMENT2.jpg	AELEMENT2.jpg	NOKEY	MAX	NOKEY
1446758181534	0	lts_1105L_19_01	19	01	1	316	0	0	0	CR	MAX	Ablouse2.jpg	Ablouse2.jpg	NOKEY	MAX	NOKEY
1446758183406	0	lts_1105L_19_01	19	01	1	317	128	1	1	Hit	1399	128-2/Ahotwaterbot2.jpg	Ahotwaterbot2.jpg	SPACE	1437	SPACE
1446758186483	0	lts_1105L_19_01	19	01	1	318	0	0	0	CR	MAX	64/Ataperecorde4.jpg	Ataperecorde4.jpg	NOKEY	MAX	NOKEY
1446758189559	0	lts_1105L_19_01	19	01	1	319	0	0	0	CR	MAX	4/ACOFFGRI9.jpg	ACOFFGRI9.jpg	NOKEY	MAX	NOKEY
1446758192635	0	lts_1105L_19_01	19	01	1	320	0	0	0	CR	MAX	8249141.thl.jpg	8249141.thl.jpg	NOKEY	MAX	NOKEY
1446758195711	0	lts_1105L_19_01	19	01	1	321	0	0	0	CR	MAX	Alatch7.jpg	Alatch7.jpg	NOKEY	MAX	NOKEY
1446758198787	0	lts_1105L_19_01	19	01	1	322	0	0	0	CR	MAX	Aberries5.jpg	Aberries5.jpg	NOKEY	MAX	NOKEY
1446758200108	0	lts_1105L_19_01	19	01	1	323	4	1	1	Hit	844	4-7/ACOFFGRI9.jpg	ACOFFGRI9.jpg	SPACE	886	SPACE
1446758203201	0	lts_1105L_19_01	19	01	1	324	0	0	0	CR	MAX	Aflower136.jpg	Aflower136.jpg	NOKEY	MAX	NOKEY
1446758206277	0	lts_1105L_19_01	19	01	1	325	0	0	0	CR	MAX	gymvaulting2.jpg	gymvaulting2.jpg	NOKEY	MAX	NOKEY
1446758209352	0	lts_1105L_19_01	19	01	1	326	128	1	0	Miss	MAX	128-6/23028486.thl.jpg	23028486.thl.jpg	NOKEY	MAX	SPACE
1446758212428	0	lts_1105L_19_01	19	01	1	327	0	0	0	CR	MAX	26437068.thl.jpg	26437068.thl.jpg	NOKEY	MAX	NOKEY
1446758215505	0	lts_1105L_19_01	19	01	1	328	0	0	0	CR	MAX	AARCHERY.jpg	AARCHERY.jpg	NOKEY	MAX	NOKEY
1446758218581	0	lts_1105L_19_01	19	01	1	329	0	0	0	CR	MAX	2/26433387.thl.jpg	26433387.thl.jpg	NOKEY	MAX	NOKEY
1446758221657	0	lts_1105L_19_01	19	01	1	330	0	0	0	CR	MAX	Acomputerpro3.jpg	Acomputerpro3.jpg	NOKEY	MAX	NOKEY
1446758222877	0	lts_1105L_19_01	19	01	1	331	2	1	1	Hit	748	2-12/26433387.thl.jpg	26433387.thl.jpg	SPACE	786	SPACE
1446758225953	0	lts_1105L_19_01	19	01	1	332	0	0	0	CR	MAX	ACHRIST14.jpg	ACHRIST14.jpg	NOKEY	MAX	NOKEY
1446758229030	0	lts_1105L_19_01	19	01	1	333	0	0	0	CR	MAX	Abowlofwonto5.jpg	Abowlofwonto5.jpg	NOKEY	MAX	NOKEY
1446758230083	0	lts_1105L_19_01	19	01	1	334	32	1	1	Hit	579	32-1/oignonrings.jpg	oignonrings.jpg	SPACE	617	SPACE
1446758233176	0	lts_1105L_19_01	19	01	1	335	0	0	0	CR	MAX	8/ATOOTHBR3.jpg	ATOOTHBR3.jpg	NOKEY	MAX	NOKEY
1446758236252	0	lts_1105L_19_01	19	01	1	336	0	0	0	CR	MAX	ALIQBOOK.jpg	ALIQBOOK.jpg	NOKEY	MAX	NOKEY
1446758239327	0	lts_1105L_19_01	19	01	1	337	0	0	0	CR	MAX	Akiwifruit6.jpg	Akiwifruit6.jpg	NOKEY	MAX	NOKEY
1446758242403	0	lts_1105L_19_01	19	01	1	338	0	0	0	CR	MAX	8/Aclock213.jpg	Aclock213.jpg	NOKEY	MAX	NOKEY
1446758245480	0	lts_1105L_19_01	19	01	1	339	0	0	0	CR	MAX	APOTGOLD2.jpg	APOTGOLD2.jpg	NOKEY	MAX	NOKEY
1446758248556	0	lts_1105L_19_01	19	01	1	340	0	0	0	CR	MAX	ABARPEAR.jpg	ABARPEAR.jpg	NOKEY	MAX	NOKEY
1446758251632	0	lts_1105L_19_01	19	01	1	341	0	0	0	CR	MAX	AREDROSE8.jpg	AREDROSE8.jpg	NOKEY	MAX	NOKEY
1446758254708	0	lts_1105L_19_01	19	01	1	342	0	0	0	CR	MAX	pretzelsticks.jpg	pretzelsticks.jpg	NOKEY	MAX	NOKEY
1446758256314	0	lts_1105L_19_01	19	01	1	343	8	1	1	Hit	1132	8-1/ATOOTHBR3.jpg	ATOOTHBR3.jpg	SPACE	1171	SPACE
1446758259405	0	lts_1105L_19_01	19	01	1	344	0	0	0	CR	MAX	lollipops.jpg	lollipops.jpg	NOKEY	MAX	NOKEY
1446758262498	0	lts_1105L_19_01	19	01	1	345	0	0	0	CR	MAX	64/broccoli.jpg	broccoli.jpg	NOKEY	MAX	NOKEY
1446758264087	0	lts_1105L_19_01	19	01	1	346	8	1	1	Hit	1110	8-2/Aclock213.jpg	Aclock213.jpg	SPACE	1153	SPACE
1446758267163	0	lts_1105L_19_01	19	01	1	347	0	0	0	CR	MAX	ACHEESESL.jpg	ACHEESESL.jpg	NOKEY	MAX	NOKEY
1446758270239	0	lts_1105L_19_01	19	01	1	348	0	0	0	CR	MAX	AARTBERRI.jpg	AARTBERRI.jpg	NOKEY	MAX	NOKEY
1446758273315	0	lts_1105L_19_01	19	01	1	349	0	0	0	CR	MAX	16/babyswig.jpg	babyswig.jpg	NOKEY	MAX	NOKEY
1446758276391	0	lts_1105L_19_01	19	01	1	350	0	0	0	CR	MAX	4/ATRIANGL2.jpg	ATRIANGL2.jpg	NOKEY	MAX	NOKEY
1446758279467	0	lts_1105L_19_01	19	01	1	351	0	0	0	CR	MAX	AAPPCOVE2.jpg	AAPPCOVE2.jpg	NOKEY	MAX	NOKEY
1446758282543	0	lts_1105L_19_01	19	01	1	352	0	0	0	CR	MAX	32/Atoypersonwi2.jpg	Atoypersonwi2.jpg	NOKEY	MAX	NOKEY
1446758285619	0	lts_1105L_19_01	19	01	1	353	0	0	0	CR	MAX	26685596.thl.jpg	26685596.thl.jpg	NOKEY	MAX	NOKEY
1446758287058	0	lts_1105L_19_01	19	01	1	354	4	1	1	Hit	966	4-6/ATRIANGL2.jpg	ATRIANGL2.jpg	SPACE	1003	SPACE
1446758290134	0	lts_1105L_19_01	19	01	1	355	0	0	0	CR	MAX	16/scrunchie.jpg	scrunchie.jpg	NOKEY	MAX	NOKEY
1446758293226	0	lts_1105L_19_01	19	01	1	356	0	0	0	CR	MAX	2/Acup29.jpg	Acup29.jpg	NOKEY	MAX	NOKEY
1446758296302	0	lts_1105L_19_01	19	01	1	357	0	0	0	CR	MAX	26419231.thl.jpg	26419231.thl.jpg	NOKEY	MAX	NOKEY
1446758298391	0	lts_1105L_19_01	19	01	1	358	2	1	1	Hit	1611	2-2/Acup29.jpg	Acup29.jpg	SPACE	1654	SPACE
1446758301467	0	lts_1105L_19_01	19	01	1	359	0	0	0	CR	MAX	26421740.thl.jpg	26421740.thl.jpg	NOKEY	MAX	NOKEY
1446758304543	0	lts_1105L_19_01	19	01	1	360	0	0	0	CR	MAX	Acarrot.jpg	Acarrot.jpg	NOKEY	MAX	NOKEY
1446758307619	0	lts_1105L_19_01	19	01	1	361	0	0	0	CR	MAX	2/AARTMELON.jpg	AARTMELON.jpg	NOKEY	MAX	NOKEY
1446758310695	0	lts_1105L_19_01	19	01	1	362	0	0	0	CR	MAX	toy2A.JPG	toy2A.JPG	NOKEY	MAX	NOKEY
1446758312234	0	lts_1105L_19_01	19	01	1	363	2	1	1	Hit	1066	2-0/AARTMELON.jpg	AARTMELON.jpg	SPACE	1103	SPACE
1446758315310	0	lts_1105L_19_01	19	01	1	364	0	0	0	CR	MAX	16/ABLUCAND5.jpg	ABLUCAND5.jpg	NOKEY	MAX	NOKEY
1446758317066	0	lts_1105L_19_01	19	01	1	365	16	1	1	Hit	1275	16-first/babyswig.jpg	babyswig.jpg	SPACE	1321	SPACE
1446758320142	0	lts_1105L_19_01	19	01	1	366	0	0	0	CR	MAX	ABOWCASE.jpg	ABOWCASE.jpg	NOKEY	MAX	NOKEY
1446758321529	0	lts_1105L_19_01	19	01	1	367	2	1	1	Hit	918	2-mul/babyswig.jpg	babyswig.jpg	SPACE	953	SPACE
1446758324605	0	lts_1105L_19_01	19	01	1	368	0	0	0	CR	MAX	TTtvehiclesCyborg.jpg	TTtvehiclesCyborg.jpg	NOKEY	MAX	NOKEY
1446758327681	0	lts_1105L_19_01	19	01	1	369	0	0	0	CR	MAX	ABROWCONT.jpg	ABROWCONT.jpg	NOKEY	MAX	NOKEY
1446758330757	0	lts_1105L_19_01	19	01	1	370	0	0	0	CR	MAX	Atool221.jpg	Atool221.jpg	NOKEY	MAX	NOKEY
1446758331810	0	lts_1105L_19_01	19	01	1	371	16	1	1	Hit	568	16-first/scrunchie.jpg	scrunchie.jpg	SPACE	619	SPACE
1446758334886	0	lts_1105L_19_01	19	01	1	372	0	0	0	CR	MAX	16/ball8.JPG	ball8.JPG	NOKEY	MAX	NOKEY
1446758336241	0	lts_1105L_19_01	19	01	1	373	00	1	1	Hit	882	00-across/ACOUNTING.jpg	ACOUNTING.jpg	SPACE	919	SPACE
1446758339317	0	lts_1105L_19_01	19	01	1	374	0	0	0	CR	MAX	16/8257273.thl.jpg	8257273.thl.jpg	NOKEY	MAX	NOKEY
1446758340287	0	lts_1105L_19_01	19	01	1	375	4	1	1	Hit	499	4-mul/scrunchie.jpg	scrunchie.jpg	SPACE	535	SPACE
1446758343362	0	lts_1105L_19_01	19	01	1	376	0	0	0	CR	MAX	Achickendinne.jpg	Achickendinne.jpg	NOKEY	MAX	NOKEY
1446758346438	0	lts_1105L_19_01	19	01	1	377	0	0	0	CR	MAX	AMAILBOX9.jpg	AMAILBOX9.jpg	NOKEY	MAX	NOKEY
1446758349514	0	lts_1105L_19_01	19	01	1	378	128	1	0	Miss	MAX	128-1/ATOOLS.jpg	ATOOLS.jpg	NOKEY	MAX	SPACE
1446758352590	0	lts_1105L_19_01	19	01	1	379	0	0	0	CR	MAX	26429123.thl.jpg	26429123.thl.jpg	NOKEY	MAX	NOKEY
1446758353827	0	lts_1105L_19_01	19	01	1	380	16	1	1	Hit	767	16-first/ABLUCAND5.jpg	ABLUCAND5.jpg	SPACE	802	SPACE
1446758356920	0	lts_1105L_19_01	19	01	1	381	0	0	0	CR	MAX	AHANDLE5.jpg	AHANDLE5.jpg	NOKEY	MAX	NOKEY
1446758358508	0	lts_1105L_19_01	19	01	1	382	64	1	1	Hit	1106	64-first/Ataperecorde4.jpg	Ataperecorde4.jpg	SPACE	1154	SPACE
1446758361584	0	lts_1105L_19_01	19	01	1	383	0	0	0	CR	MAX	AWOODSPO3.jpg	AWOODSPO3.jpg	NOKEY	MAX	NOKEY
1446758362855	0	lts_1105L_19_01	19	01	1	384	32	1	1	Hit	796	32-4/Atoypersonwi2.jpg	Atoypersonwi2.jpg	SPACE	836	SPACE
1446758365931	0	lts_1105L_19_01	19	01	1	385	0	0	0	CR	MAX	AGLASSBAL.jpg	AGLASSBAL.jpg	NOKEY	MAX	NOKEY
1446758367202	0	lts_1105L_19_01	19	01	1	386	4	1	1	Hit	796	4-mul/Ataperecorde4.jpg	Ataperecorde4.jpg	SPACE	836	SPACE
1446758370278	0	lts_1105L_19_01	19	01	1	387	0	0	0	CR	MAX	largemacscreen.jpg	largemacscreen.jpg	NOKEY	MAX	NOKEY
1446758371665	0	lts_1105L_19_01	19	01	1	388	16	1	1	Hit	918	16-first/ball8.JPG	ball8.JPG	SPACE	953	SPACE
1446758374791	0	lts_1105L_19_01	19	01	1	389	0	0	0	CR	MAX	Awastepaperb3.jpg	Awastepaperb3.jpg	NOKEY	MAX	NOKEY
1446758375861	0	lts_1105L_19_01	19	01	1	390	16	1	1	Hit	600	16-first/8257273.thl.jpg	8257273.thl.jpg	SPACE	635	SPACE
1446758378937	0	lts_1105L_19_01	19	01	1	391	0	0	0	CR	MAX	32/Abandage3.jpg	Abandage3.jpg	NOKEY	MAX	NOKEY
1446758380042	0	lts_1105L_19_01	19	01	1	392	4	1	1	Hit	631	4-mul/ball8.JPG	ball8.JPG	SPACE	669	SPACE
1446758383135	0	lts_1105L_19_01	19	01	1	393	0	0	0	CR	MAX	AIRONBOA8.jpg	AIRONBOA8.jpg	NOKEY	MAX	NOKEY
1446758384354	0	lts_1105L_19_01	19	01	1	394	4	1	1	Hit	744	4-mul/8257273.thl.jpg	8257273.thl.jpg	SPACE	785	SPACE
1446758387447	0	lts_1105L_19_01	19	01	1	395	0	0	0	CR	MAX	ACHEESEGR.jpg	ACHEESEGR.jpg	NOKEY	MAX	NOKEY
1446758388751	0	lts_1105L_19_01	19	01	1	396	16	1	1	Hit	825	16-mul/ABLUCAND5.jpg	ABLUCAND5.jpg	SPACE	869	SPACE
1446758391827	0	lts_1105L_19_01	19	01	1	397	0	0	0	CR	MAX	32/ASUNBOX5.jpg	ASUNBOX5.jpg	NOKEY	MAX	NOKEY
1446758394335	0	lts_1105L_19_01	19	01	1	398	00	1	1	Hit	2027	00-across/26425370.thl.jpg	26425370.thl.jpg	SPACE	2073	SPACE
1446758397410	0	lts_1105L_19_01	19	01	1	399	0	0	0	CR	MAX	8/26772824.thl.jpg	26772824.thl.jpg	NOKEY	MAX	NOKEY
1446758400487	0	lts_1105L_19_01	19	01	1	400	0	0	0	CR	MAX	2/AHYPONEE3.jpg	AHYPONEE3.jpg	NOKEY	MAX	NOKEY
1446758403563	0	lts_1105L_19_01	19	01	1	401	0	0	0	CR	MAX	funlamp.jpg	funlamp.jpg	NOKEY	MAX	NOKEY
1446758404950	0	lts_1105L_19_01	19	01	1	402	2	1	1	Hit	902	2-13/AHYPONEE3.jpg	AHYPONEE3.jpg	SPACE	953	SPACE
1446758408027	0	lts_1105L_19_01	19	01	1	403	0	0	0	CR	MAX	26554952.thl.jpg	26554952.thl.jpg	NOKEY	MAX	NOKEY
1446758411120	0	lts_1105L_19_01	19	01	1	404	0	0	0	CR	MAX	26451318.thl.jpg	26451318.thl.jpg	NOKEY	MAX	NOKEY
1446758414196	0	lts_1105L_19_01	19	01	1	405	0	0	0	CR	MAX	8/Adriedleaf.jpg	Adriedleaf.jpg	NOKEY	MAX	NOKEY
1446758417289	0	lts_1105L_19_01	19	01	1	406	0	0	0	CR	MAX	whiteboard.jpg	whiteboard.jpg	NOKEY	MAX	NOKEY
1446758418391	0	lts_1105L_19_01	19	01	1	407	8	1	1	Hit	619	8-first/26772824.thl.jpg	26772824.thl.jpg	SPACE	668	SPACE
1446758421467	0	lts_1105L_19_01	19	01	1	408	0	0	0	CR	MAX	AWOODBOX3.jpg	AWOODBOX3.jpg	NOKEY	MAX	NOKEY
1446758424543	0	lts_1105L_19_01	19	01	1	409	64	1	0	Miss	MAX	64-first/broccoli.jpg	broccoli.jpg	NOKEY	MAX	SPACE
1446758427636	0	lts_1105L_19_01	19	01	1	410	0	0	0	CR	MAX	Aowl8.jpg	Aowl8.jpg	NOKEY	MAX	NOKEY
1446758428756	0	lts_1105L_19_01	19	01	1	411	4	1	1	Hit	637	4-mul/26772824.thl.jpg	26772824.thl.jpg	SPACE	685	SPACE
1446758431832	0	lts_1105L_19_01	19	01	1	412	0	0	0	CR	MAX	Ainstrument3.jpg	Ainstrument3.jpg	NOKEY	MAX	NOKEY
1446758433171	0	lts_1105L_19_01	19	01	1	413	8	1	1	Hit	862	8-first/Adriedleaf.jpg	Adriedleaf.jpg	SPACE	903	SPACE
1446758436247	0	lts_1105L_19_01	19	01	1	414	0	0	0	CR	MAX	4/ADRYWOOD.jpg	ADRYWOOD.jpg	NOKEY	MAX	NOKEY
1446758437600	0	lts_1105L_19_01	19	01	1	415	2	1	1	Hit	883	2-mul/Adriedleaf.jpg	Adriedleaf.jpg	SPACE	920	SPACE
1446758440693	0	lts_1105L_19_01	19	01	1	416	0	0	0	CR	MAX	AWASHPART.jpg	AWASHPART.jpg	NOKEY	MAX	NOKEY
1446758443769	0	lts_1105L_19_01	19	01	1	417	0	0	0	CR	MAX	ACURLER.jpg	ACURLER.jpg	NOKEY	MAX	NOKEY
1446758445541	0	lts_1105L_19_01	19	01	1	418	4	1	1	Hit	1294	4-4/ADRYWOOD.jpg	ADRYWOOD.jpg	SPACE	1339	SPACE
1446758448617	0	lts_1105L_19_01	19	01	1	419	0	0	0	CR	MAX	2/Adropper2.jpg	Adropper2.jpg	NOKEY	MAX	NOKEY
1446758451693	0	lts_1105L_19_01	19	01	1	420	0	0	0	CR	MAX	ABATHTUB3.jpg	ABATHTUB3.jpg	NOKEY	MAX	NOKEY
1446758453148	0	lts_1105L_19_01	19	01	1	421	2	1	1	Hit	973	2-1/Adropper2.jpg	Adropper2.jpg	SPACE	1020	SPACE
1446758456224	0	lts_1105L_19_01	19	01	1	422	0	0	0	CR	MAX	16/XPGame.jpg	XPGame.jpg	NOKEY	MAX	NOKEY
1446758457377	0	lts_1105L_19_01	19	01	1	423	32	1	1	Hit	680	32-8/Abandage3.jpg	Abandage3.jpg	SPACE	718	SPACE
1446758460453	0	lts_1105L_19_01	19	01	1	424	0	0	0	CR	MAX	toypieces.jpg	toypieces.jpg	NOKEY	MAX	NOKEY
1446758461523	0	lts_1105L_19_01	19	01	1	425	16	1	1	Hit	600	16-mul/broccoli.jpg	broccoli.jpg	SPACE	636	SPACE
1446758464599	0	lts_1105L_19_01	19	01	1	426	0	0	0	CR	MAX	Anailbrush3.jpg	Anailbrush3.jpg	NOKEY	MAX	NOKEY
1446758467675	0	lts_1105L_19_01	19	01	1	427	0	0	0	CR	MAX	AARTIFLE2.jpg	AARTIFLE2.jpg	NOKEY	MAX	NOKEY
1446758470751	0	lts_1105L_19_01	19	01	1	428	0	0	0	CR	MAX	4/26440073.thl.jpg	26440073.thl.jpg	NOKEY	MAX	NOKEY
1446758471888	0	lts_1105L_19_01	19	01	1	429	32	1	1	Hit	654	32-5/ASUNBOX5.jpg	ASUNBOX5.jpg	SPACE	702	SPACE
1446758474981	0	lts_1105L_19_01	19	01	1	430	0	0	0	CR	MAX	16/ABROOCH52.jpg	ABROOCH52.jpg	NOKEY	MAX	NOKEY
1446758478058	0	lts_1105L_19_01	19	01	1	431	0	0	0	CR	MAX	Apig5.jpg	Apig5.jpg	NOKEY	MAX	NOKEY
1446758479228	0	lts_1105L_19_01	19	01	1	432	4	1	1	Hit	693	4-2/26440073.thl.jpg	26440073.thl.jpg	SPACE	735	SPACE
1446758482304	0	lts_1105L_19_01	19	01	1	433	0	0	0	CR	MAX	Asign7.jpg	Asign7.jpg	NOKEY	MAX	NOKEY
1446758485379	0	lts_1105L_19_01	19	01	1	434	0	0	0	CR	MAX	AHALLOWE3.jpg	AHALLOWE3.jpg	NOKEY	MAX	NOKEY
1446758486516	0	lts_1105L_19_01	19	01	1	435	128	1	1	Hit	660	128-4/ABUMBBE2.jpg	ABUMBBE2.jpg	SPACE	703	SPACE
1446758489592	0	lts_1105L_19_01	19	01	1	436	0	0	0	CR	MAX	8029214.thl.jpg	8029214.thl.jpg	NOKEY	MAX	NOKEY
1446758492668	0	lts_1105L_19_01	19	01	1	437	0	0	0	CR	MAX	AROOSTERP.jpg	AROOSTERP.jpg	NOKEY	MAX	NOKEY
1446758493688	0	lts_1105L_19_01	19	01	1	438	16	1	1	Hit	552	16-first/XPGame.jpg	XPGame.jpg	SPACE	586	SPACE
1446758496764	0	lts_1105L_19_01	19	01	1	439	0	0	0	CR	MAX	22849260.thl.jpg	22849260.thl.jpg	NOKEY	MAX	NOKEY
1446758497784	0	lts_1105L_19_01	19	01	1	440	2	1	1	Hit	546	2-mul/XPGame.jpg	XPGame.jpg	SPACE	585	SPACE
1446758500860	0	lts_1105L_19_01	19	01	1	441	0	0	0	CR	MAX	1/A95CHEROK.jpg	A95CHEROK.jpg	NOKEY	MAX	NOKEY
1446758501779	0	lts_1105L_19_01	19	01	1	442	1	1	1	Hit	449	1-7/A95CHEROK.jpg	A95CHEROK.jpg	SPACE	485	SPACE
1446758504855	0	lts_1105L_19_01	19	01	1	443	0	0	0	CR	MAX	vatslheart.jpg	vatslheart.jpg	NOKEY	MAX	NOKEY
1446758507948	0	lts_1105L_19_01	19	01	1	444	0	0	0	CR	MAX	ATHERMO12.jpg	ATHERMO12.jpg	NOKEY	MAX	NOKEY
1446758511025	0	lts_1105L_19_01	19	01	1	445	0	0	0	CR	MAX	marshmallows.jpg	marshmallows.jpg	NOKEY	MAX	NOKEY
1446758512279	0	lts_1105L_19_01	19	01	1	446	16	1	1	Hit	779	16-0/ABROOCH52.jpg	ABROOCH52.jpg	SPACE	818	SPACE
1446758515354	0	lts_1105L_19_01	19	01	1	447	0	0	0	CR	MAX	Adecorativet3.jpg	Adecorativet3.jpg	NOKEY	MAX	NOKEY
1446758518430	0	lts_1105L_19_01	19	01	1	448	0	0	0	CR	MAX	26772997.thl.jpg	26772997.thl.jpg	NOKEY	MAX	NOKEY
1446758521506	0	lts_1105L_19_01	19	01	1	449	0	0	0	CR	MAX	AFLUTE6.jpg	AFLUTE6.jpg	NOKEY	MAX	NOKEY
1446758592617	0	E	Logging Ends
