1446058420792	0	B	Logging Begins
1446058545218	0	lts_1028I_14_01	14	01	0	0	0	0	1	FA	958	Acampingknife.jpg	Acampingknife.jpg	SPACE	1002	NOKEY
1446058548309	0	lts_1028I_14_01	14	01	0	1	0	0	0	CR	MAX	8/Adaisies3.jpg	Adaisies3.jpg	NOKEY	MAX	NOKEY
1446058551383	0	lts_1028I_14_01	14	01	0	2	0	0	0	CR	MAX	Acementfinish.jpg	Acementfinish.jpg	NOKEY	MAX	NOKEY
1446058554475	0	lts_1028I_14_01	14	01	0	3	0	0	0	CR	MAX	128/Abrassbu2.jpg	Abrassbu2.jpg	NOKEY	MAX	NOKEY
1446058557565	0	lts_1028I_14_01	14	01	0	4	0	0	0	CR	MAX	2/22854888.thl.jpg	22854888.thl.jpg	NOKEY	MAX	NOKEY
1446058560640	0	lts_1028I_14_01	14	01	0	5	0	0	0	CR	MAX	ADART3.jpg	ADART3.jpg	NOKEY	MAX	NOKEY
1446058562010	0	lts_1028I_14_01	14	01	0	6	2	1	1	Hit	881	2-8/22854888.thl.jpg	22854888.thl.jpg	SPACE	919	SPACE
1446058565084	0	lts_1028I_14_01	14	01	0	7	0	0	0	CR	MAX	Abuilding116.jpg	Abuilding116.jpg	NOKEY	MAX	NOKEY
1446058568175	0	lts_1028I_14_01	14	01	0	8	0	0	0	CR	MAX	26421370.thl.jpg	26421370.thl.jpg	NOKEY	MAX	NOKEY
1446058569294	0	lts_1028I_14_01	14	01	0	9	8	1	1	Hit	642	8-0/Adaisies3.jpg	Adaisies3.jpg	SPACE	685	SPACE
1446058572386	0	lts_1028I_14_01	14	01	0	10	0	0	0	CR	MAX	26370681.thl.jpg	26370681.thl.jpg	NOKEY	MAX	NOKEY
1446058575477	0	lts_1028I_14_01	14	01	0	11	0	0	0	CR	MAX	Acrackersandc.jpg	Acrackersandc.jpg	NOKEY	MAX	NOKEY
1446058578551	0	lts_1028I_14_01	14	01	0	12	0	0	0	CR	MAX	64/Abreakpl2.jpg	Abreakpl2.jpg	NOKEY	MAX	NOKEY
1446058581642	0	lts_1028I_14_01	14	01	0	13	0	0	0	CR	MAX	1/Arecordplaye2.jpg	Arecordplaye2.jpg	NOKEY	MAX	NOKEY
1446058582761	0	lts_1028I_14_01	14	01	0	14	1	1	1	Hit	647	1-8/Arecordplaye2.jpg	Arecordplaye2.jpg	SPACE	684	SPACE
1446058585852	0	lts_1028I_14_01	14	01	0	15	0	0	0	CR	MAX	AWEDCOU19.jpg	AWEDCOU19.jpg	NOKEY	MAX	NOKEY
1446058588942	0	lts_1028I_14_01	14	01	0	16	0	0	0	CR	MAX	8/23060574.thl.jpg	23060574.thl.jpg	NOKEY	MAX	NOKEY
1446058592034	0	lts_1028I_14_01	14	01	0	17	0	0	0	CR	MAX	Afeatherdust2.jpg	Afeatherdust2.jpg	NOKEY	MAX	NOKEY
1446058595126	0	lts_1028I_14_01	14	01	0	18	0	0	0	CR	MAX	Ahat47.jpg	Ahat47.jpg	NOKEY	MAX	NOKEY
1446058598217	0	lts_1028I_14_01	14	01	0	19	0	0	0	CR	MAX	asparagus.jpg	asparagus.jpg	NOKEY	MAX	NOKEY
1446058601291	0	lts_1028I_14_01	14	01	0	20	0	0	0	CR	MAX	2/AHANDRAK.jpg	AHANDRAK.jpg	NOKEY	MAX	NOKEY
1446058604382	0	lts_1028I_14_01	14	01	0	21	0	0	0	CR	MAX	32/Astamp23.jpg	Astamp23.jpg	NOKEY	MAX	NOKEY
1446058605468	0	lts_1028I_14_01	14	01	0	22	2	1	1	Hit	613	2-0/AHANDRAK.jpg	AHANDRAK.jpg	SPACE	651	SPACE
1446058608559	0	lts_1028I_14_01	14	01	0	23	0	0	0	CR	MAX	Aoutdoorprop3.jpg	Aoutdoorprop3.jpg	NOKEY	MAX	NOKEY
1446058609612	0	lts_1028I_14_01	14	01	0	24	8	1	1	Hit	582	8-first/23060574.thl.jpg	23060574.thl.jpg	SPACE	618	SPACE
1446058610947	0	lts_1028I_14_01	14	01	0	25	0	0	1	FA	841	4/AMEATGRI9.jpg	AMEATGRI9.jpg	SPACE	886	NOKEY
1446058614039	0	lts_1028I_14_01	14	01	0	26	0	0	0	CR	MAX	AGLASSTRO.jpg	AGLASSTRO.jpg	NOKEY	MAX	NOKEY
1446058617130	0	lts_1028I_14_01	14	01	0	27	0	0	0	CR	MAX	128/acquarium.jpg	acquarium.jpg	NOKEY	MAX	NOKEY
1446058620222	0	lts_1028I_14_01	14	01	0	28	0	0	0	CR	MAX	16/Afoodprocess4.jpg	Afoodprocess4.jpg	NOKEY	MAX	NOKEY
1446058621291	0	lts_1028I_14_01	14	01	0	29	4	1	1	Hit	591	4-6/AMEATGRI9.jpg	AMEATGRI9.jpg	SPACE	634	SPACE
1446058622511	0	lts_1028I_14_01	14	01	0	30	0	0	1	FA	724	26420893.thl.jpg	26420893.thl.jpg	SPACE	769	NOKEY
1446058625602	0	lts_1028I_14_01	14	01	0	31	0	0	0	CR	MAX	AROCKCH27.jpg	AROCKCH27.jpg	NOKEY	MAX	NOKEY
1446058628709	0	lts_1028I_14_01	14	01	0	32	0	0	0	CR	MAX	4/AMAILBOX9.jpg	AMAILBOX9.jpg	NOKEY	MAX	NOKEY
1446058631800	0	lts_1028I_14_01	14	01	0	33	0	0	0	CR	MAX	32/Aasianbuildin.jpg	Aasianbuildin.jpg	NOKEY	MAX	NOKEY
1446058634890	0	lts_1028I_14_01	14	01	0	34	0	0	0	CR	MAX	Ameatcleaver2.jpg	Ameatcleaver2.jpg	NOKEY	MAX	NOKEY
1446058637981	0	lts_1028I_14_01	14	01	0	35	0	0	0	CR	MAX	26437064.thl.jpg	26437064.thl.jpg	NOKEY	MAX	NOKEY
1446058639052	0	lts_1028I_14_01	14	01	0	36	4	1	1	Hit	597	4-8/AMAILBOX9.jpg	AMAILBOX9.jpg	SPACE	636	SPACE
1446058642143	0	lts_1028I_14_01	14	01	0	37	0	0	0	CR	MAX	Acork6.jpg	Acork6.jpg	NOKEY	MAX	NOKEY
1446058645234	0	lts_1028I_14_01	14	01	0	38	0	0	0	CR	MAX	8/Amixer29.jpg	Amixer29.jpg	NOKEY	MAX	NOKEY
1446058648325	0	lts_1028I_14_01	14	01	0	39	0	0	0	CR	MAX	Aglass43.jpg	Aglass43.jpg	NOKEY	MAX	NOKEY
1446058649361	0	lts_1028I_14_01	14	01	0	40	16	1	1	Hit	558	16-mul/23060574.thl.jpg	23060574.thl.jpg	SPACE	600	SPACE
1446058652452	0	lts_1028I_14_01	14	01	0	41	0	0	0	CR	MAX	weepwalker.jpg	weepwalker.jpg	NOKEY	MAX	NOKEY
1446058655543	0	lts_1028I_14_01	14	01	0	42	0	0	0	CR	MAX	ATICKETBO.jpg	ATICKETBO.jpg	NOKEY	MAX	NOKEY
1446058658634	0	lts_1028I_14_01	14	01	0	43	0	0	0	CR	MAX	Aflatwoodenba.jpg	Aflatwoodenba.jpg	NOKEY	MAX	NOKEY
1446058659769	0	lts_1028I_14_01	14	01	0	44	16	1	1	Hit	653	16-first/Afoodprocess4.jpg	Afoodprocess4.jpg	SPACE	701	SPACE
1446058660905	0	lts_1028I_14_01	14	01	0	45	0	0	1	FA	630	Apumpcart2.jpg	Apumpcart2.jpg	SPACE	669	NOKEY
1446058662710	0	lts_1028I_14_01	14	01	0	46	8	1	1	Hit	1330	8-first/Amixer29.jpg	Amixer29.jpg	SPACE	1371	SPACE
1446058665801	0	lts_1028I_14_01	14	01	0	47	0	0	0	CR	MAX	8/22849284.thl.jpg	22849284.thl.jpg	NOKEY	MAX	NOKEY
1446058668875	0	lts_1028I_14_01	14	01	0	48	0	0	0	CR	MAX	1/22827540.thl.jpg	22827540.thl.jpg	NOKEY	MAX	NOKEY
1446058669894	0	lts_1028I_14_01	14	01	0	49	1	1	1	Hit	522	1-9/22827540.thl.jpg	22827540.thl.jpg	SPACE	569	SPACE
1446058672985	0	lts_1028I_14_01	14	01	0	50	0	0	0	CR	MAX	schoolbus.jpg	schoolbus.jpg	NOKEY	MAX	NOKEY
1446058676061	0	lts_1028I_14_01	14	01	0	51	0	0	0	CR	MAX	AGLASSTAB.jpg	AGLASSTAB.jpg	NOKEY	MAX	NOKEY
1446058679152	0	lts_1028I_14_01	14	01	0	52	0	0	0	CR	MAX	Afunnel17.jpg	Afunnel17.jpg	NOKEY	MAX	NOKEY
1446058680238	0	lts_1028I_14_01	14	01	0	53	32	1	1	Hit	601	32-2/Astamp23.jpg	Astamp23.jpg	SPACE	651	SPACE
1446058683329	0	lts_1028I_14_01	14	01	0	54	0	0	0	CR	MAX	26426417.thl.jpg	26426417.thl.jpg	NOKEY	MAX	NOKEY
1446058684298	0	lts_1028I_14_01	14	01	0	55	8	1	1	Hit	494	8-first/22849284.thl.jpg	22849284.thl.jpg	SPACE	533	SPACE
1446058687372	0	lts_1028I_14_01	14	01	0	56	0	0	0	CR	MAX	bowtie.jpg	bowtie.jpg	NOKEY	MAX	NOKEY
1446058688358	0	lts_1028I_14_01	14	01	0	57	2	1	1	Hit	499	2-mul/22849284.thl.jpg	22849284.thl.jpg	SPACE	550	SPACE
1446058691449	0	lts_1028I_14_01	14	01	0	58	0	0	0	CR	MAX	AALTAR.jpg	AALTAR.jpg	NOKEY	MAX	NOKEY
1446058694540	0	lts_1028I_14_01	14	01	0	59	0	0	0	CR	MAX	8/Aelectricgri3.jpg	Aelectricgri3.jpg	NOKEY	MAX	NOKEY
1446058695560	0	lts_1028I_14_01	14	01	0	60	16	1	1	Hit	540	16-mul/Afoodprocess4.jpg	Afoodprocess4.jpg	SPACE	584	SPACE
1446058698651	0	lts_1028I_14_01	14	01	0	61	0	0	0	CR	MAX	Avicegriptool.jpg	Avicegriptool.jpg	NOKEY	MAX	NOKEY
1446058699753	0	lts_1028I_14_01	14	01	0	62	16	1	1	Hit	618	16-mul/Amixer29.jpg	Amixer29.jpg	SPACE	668	SPACE
1446058702843	0	lts_1028I_14_01	14	01	0	63	0	0	0	CR	MAX	8079080.thl.jpg	8079080.thl.jpg	NOKEY	MAX	NOKEY
1446058705934	0	lts_1028I_14_01	14	01	0	64	0	0	0	CR	MAX	36411474.thl.jpg	36411474.thl.jpg	NOKEY	MAX	NOKEY
1446058706970	0	lts_1028I_14_01	14	01	0	65	32	1	1	Hit	555	32-8/Aasianbuildin.jpg	Aasianbuildin.jpg	SPACE	602	SPACE
1446058710062	0	lts_1028I_14_01	14	01	0	66	0	0	0	CR	MAX	8/AHEDGEHOG.jpg	AHEDGEHOG.jpg	NOKEY	MAX	NOKEY
1446058711165	0	lts_1028I_14_01	14	01	0	67	8	1	1	Hit	627	8-first/Aelectricgri3.jpg	Aelectricgri3.jpg	SPACE	667	SPACE
1446058714256	0	lts_1028I_14_01	14	01	0	68	0	0	0	CR	MAX	32/AARTBERRI.jpg	AARTBERRI.jpg	NOKEY	MAX	NOKEY
1446058717347	0	lts_1028I_14_01	14	01	0	69	0	0	0	CR	MAX	Akiddcup2.jpg	Akiddcup2.jpg	NOKEY	MAX	NOKEY
1446058720422	0	lts_1028I_14_01	14	01	0	70	0	0	0	CR	MAX	22869624.thl.jpg	22869624.thl.jpg	NOKEY	MAX	NOKEY
1446058721424	0	lts_1028I_14_01	14	01	0	71	4	1	1	Hit	526	4-mul/Aelectricgri3.jpg	Aelectricgri3.jpg	SPACE	568	SPACE
1446058724515	0	lts_1028I_14_01	14	01	0	72	0	0	0	CR	MAX	Aclothespin2.jpg	Aclothespin2.jpg	NOKEY	MAX	NOKEY
1446058727590	0	lts_1028I_14_01	14	01	0	73	0	0	0	CR	MAX	Aabacus.jpg	Aabacus.jpg	NOKEY	MAX	NOKEY
1446058728559	0	lts_1028I_14_01	14	01	0	74	8	1	1	Hit	490	8-first/AHEDGEHOG.jpg	AHEDGEHOG.jpg	SPACE	534	SPACE
1446058731650	0	lts_1028I_14_01	14	01	0	75	0	0	0	CR	MAX	Aglassbottle6.jpg	Aglassbottle6.jpg	NOKEY	MAX	NOKEY
1446058732685	0	lts_1028I_14_01	14	01	0	76	64	1	1	Hit	557	64-first/Abreakpl2.jpg	Abreakpl2.jpg	SPACE	601	SPACE
1446058735776	0	lts_1028I_14_01	14	01	0	77	0	0	0	CR	MAX	22887480.thl.jpg	22887480.thl.jpg	NOKEY	MAX	NOKEY
1446058736728	0	lts_1028I_14_01	14	01	0	78	4	1	1	Hit	469	4-mul/AHEDGEHOG.jpg	AHEDGEHOG.jpg	SPACE	519	SPACE
1446058739835	0	lts_1028I_14_01	14	01	0	79	0	0	0	CR	MAX	sandcastle.jpg	sandcastle.jpg	NOKEY	MAX	NOKEY
1446058740738	0	lts_1028I_14_01	14	01	0	80	4	1	1	Hit	428	4-mul/Abreakpl2.jpg	Abreakpl2.jpg	SPACE	469	SPACE
1446058743845	0	lts_1028I_14_01	14	01	0	81	0	0	0	CR	MAX	Aeggsandwich6.jpg	Aeggsandwich6.jpg	NOKEY	MAX	NOKEY
1446058746953	0	lts_1028I_14_01	14	01	0	82	0	0	0	CR	MAX	26443034.thl.jpg	26443034.thl.jpg	NOKEY	MAX	NOKEY
1446058750045	0	lts_1028I_14_01	14	01	0	83	0	0	0	CR	MAX	2/ATISSUE.jpg	ATISSUE.jpg	NOKEY	MAX	NOKEY
1446058753120	0	lts_1028I_14_01	14	01	0	84	0	0	0	CR	MAX	4/35310232.thl.jpg	35310232.thl.jpg	NOKEY	MAX	NOKEY
1446058754105	0	lts_1028I_14_01	14	01	0	85	2	1	1	Hit	515	2-12/ATISSUE.jpg	ATISSUE.jpg	SPACE	551	SPACE
1446058757196	0	lts_1028I_14_01	14	01	0	86	0	0	0	CR	MAX	ACOCONUT2.jpg	ACOCONUT2.jpg	NOKEY	MAX	NOKEY
1446058760288	0	lts_1028I_14_01	14	01	0	87	0	0	0	CR	MAX	32/26427111.thl.jpg	26427111.thl.jpg	NOKEY	MAX	NOKEY
1446058761257	0	lts_1028I_14_01	14	01	0	88	4	1	1	Hit	489	4-2/35310232.thl.jpg	35310232.thl.jpg	SPACE	534	SPACE
1446058764331	0	lts_1028I_14_01	14	01	0	89	0	0	0	CR	MAX	ASCREW7.jpg	ASCREW7.jpg	NOKEY	MAX	NOKEY
1446058767422	0	lts_1028I_14_01	14	01	0	90	0	0	0	CR	MAX	2/26374605.thl.jpg	26374605.thl.jpg	NOKEY	MAX	NOKEY
1446058770497	0	lts_1028I_14_01	14	01	0	91	0	0	0	CR	MAX	whiteboard.jpg	whiteboard.jpg	NOKEY	MAX	NOKEY
1446058771599	0	lts_1028I_14_01	14	01	0	92	2	1	1	Hit	632	2-1/26374605.thl.jpg	26374605.thl.jpg	SPACE	668	SPACE
1446058774689	0	lts_1028I_14_01	14	01	0	93	0	0	0	CR	MAX	2/26422507.thl.jpg	26422507.thl.jpg	NOKEY	MAX	NOKEY
1446058777780	0	lts_1028I_14_01	14	01	0	94	0	0	0	CR	MAX	16/gondola.jpg	gondola.jpg	NOKEY	MAX	NOKEY
1446058778766	0	lts_1028I_14_01	14	01	0	95	2	1	1	Hit	515	2-9/26422507.thl.jpg	26422507.thl.jpg	SPACE	552	SPACE
1446058781840	0	lts_1028I_14_01	14	01	0	96	0	0	0	CR	MAX	8257273.thl.jpg	8257273.thl.jpg	NOKEY	MAX	NOKEY
1446058784931	0	lts_1028I_14_01	14	01	0	97	0	0	0	CR	MAX	32/Aantiquesofa4.jpg	Aantiquesofa4.jpg	NOKEY	MAX	NOKEY
1446058788023	0	lts_1028I_14_01	14	01	0	98	0	0	0	CR	MAX	ASWITCH6.jpg	ASWITCH6.jpg	NOKEY	MAX	NOKEY
1446058791181	0	lts_1028I_14_01	14	01	0	99	0	0	0	CR	MAX	Astaplegun3.jpg	Astaplegun3.jpg	NOKEY	MAX	NOKEY
1446058792217	0	lts_1028I_14_01	14	01	0	100	32	1	1	Hit	561	32-7/AARTBERRI.jpg	AARTBERRI.jpg	SPACE	600	SPACE
1446058795308	0	lts_1028I_14_01	14	01	0	101	0	0	0	CR	MAX	2/Acontrolpane2.jpg	Acontrolpane2.jpg	NOKEY	MAX	NOKEY
1446058798383	0	lts_1028I_14_01	14	01	0	102	0	0	0	CR	MAX	AROOSTERP.jpg	AROOSTERP.jpg	NOKEY	MAX	NOKEY
1446058799552	0	lts_1028I_14_01	14	01	0	103	2	1	1	Hit	699	2-6/Acontrolpane2.jpg	Acontrolpane2.jpg	SPACE	735	SPACE
1446058802644	0	lts_1028I_14_01	14	01	0	104	0	0	0	CR	MAX	ACARDFRA2.jpg	ACARDFRA2.jpg	NOKEY	MAX	NOKEY
1446058805733	0	lts_1028I_14_01	14	01	0	105	0	0	0	CR	MAX	ABLACKB12.jpg	ABLACKB12.jpg	NOKEY	MAX	NOKEY
1446058808824	0	lts_1028I_14_01	14	01	0	106	0	0	0	CR	MAX	1/26425323.thl.jpg	26425323.thl.jpg	NOKEY	MAX	NOKEY
1446058809860	0	lts_1028I_14_01	14	01	0	107	1	1	1	Hit	539	1-2/26425323.thl.jpg	26425323.thl.jpg	SPACE	586	SPACE
1446058812951	0	lts_1028I_14_01	14	01	0	108	0	0	0	CR	MAX	ACHEEGRA3.jpg	ACHEEGRA3.jpg	NOKEY	MAX	NOKEY
1446058816043	0	lts_1028I_14_01	14	01	0	109	0	0	0	CR	MAX	Amonitor10.jpg	Amonitor10.jpg	NOKEY	MAX	NOKEY
1446058817063	0	lts_1028I_14_01	14	01	0	110	16	1	1	Hit	535	16-first/gondola.jpg	gondola.jpg	SPACE	585	SPACE
1446058820154	0	lts_1028I_14_01	14	01	0	111	0	0	0	CR	MAX	16/Athreeholepu6.jpg	Athreeholepu6.jpg	NOKEY	MAX	NOKEY
1446058821106	0	lts_1028I_14_01	14	01	0	112	2	1	1	Hit	471	2-mul/gondola.jpg	gondola.jpg	SPACE	517	SPACE
1446058824197	0	lts_1028I_14_01	14	01	0	113	0	0	0	CR	MAX	AGLASSBA4.jpg	AGLASSBA4.jpg	NOKEY	MAX	NOKEY
1446058827288	0	lts_1028I_14_01	14	01	0	114	0	0	0	CR	MAX	2/quiche.jpg	quiche.jpg	NOKEY	MAX	NOKEY
1446058830379	0	lts_1028I_14_01	14	01	0	115	0	0	0	CR	MAX	cinnamonroll.jpg	cinnamonroll.jpg	NOKEY	MAX	NOKEY
1446058831332	0	lts_1028I_14_01	14	01	0	116	2	1	1	Hit	470	2-10/quiche.jpg	quiche.jpg	SPACE	516	SPACE
1446058834423	0	lts_1028I_14_01	14	01	0	117	0	0	0	CR	MAX	64/Abottleopener.jpg	Abottleopener.jpg	NOKEY	MAX	NOKEY
1446058837514	0	lts_1028I_14_01	14	01	0	118	0	0	0	CR	MAX	Akeyboard3.jpg	Akeyboard3.jpg	NOKEY	MAX	NOKEY
1446058838550	0	lts_1028I_14_01	14	01	0	119	32	1	1	Hit	561	32-1/26427111.thl.jpg	26427111.thl.jpg	SPACE	602	SPACE
1446058841624	0	lts_1028I_14_01	14	01	0	120	0	0	0	CR	MAX	16/AEASEL22.jpg	AEASEL22.jpg	NOKEY	MAX	NOKEY
1446058844697	0	lts_1028I_14_01	14	01	0	121	0	0	0	CR	MAX	4/22896812.thl.jpg	22896812.thl.jpg	NOKEY	MAX	NOKEY
1446058847788	0	lts_1028I_14_01	14	01	0	122	0	0	0	CR	MAX	Athermosand12.jpg	Athermosand12.jpg	NOKEY	MAX	NOKEY
1446058850879	0	lts_1028I_14_01	14	01	0	123	0	0	0	CR	MAX	128/AARROWS2.jpg	AARROWS2.jpg	NOKEY	MAX	NOKEY
1446058853970	0	lts_1028I_14_01	14	01	0	124	0	0	0	CR	MAX	26687931.thl.jpg	26687931.thl.jpg	NOKEY	MAX	NOKEY
1446058855024	0	lts_1028I_14_01	14	01	0	125	4	1	1	Hit	581	4-10/22896812.thl.jpg	22896812.thl.jpg	SPACE	619	SPACE
1446058858098	0	lts_1028I_14_01	14	01	0	126	0	0	0	CR	MAX	Acroissant.jpg	Acroissant.jpg	NOKEY	MAX	NOKEY
1446058859201	0	lts_1028I_14_01	14	01	0	127	16	1	1	Hit	627	16-first/Athreeholepu6.jpg	Athreeholepu6.jpg	SPACE	667	SPACE
1446058862292	0	lts_1028I_14_01	14	01	0	128	0	0	0	CR	MAX	Aantiquemeta2.jpg	Aantiquemeta2.jpg	NOKEY	MAX	NOKEY
1446058863261	0	lts_1028I_14_01	14	01	0	129	32	1	1	Hit	485	32-0/Aantiquesofa4.jpg	Aantiquesofa4.jpg	SPACE	533	SPACE
1446058866336	0	lts_1028I_14_01	14	01	0	130	0	0	0	CR	MAX	AARCH.jpg	AARCH.jpg	NOKEY	MAX	NOKEY
1446058867539	0	lts_1028I_14_01	14	01	0	131	128	1	1	Hit	720	128-4/Abrassbu2.jpg	Abrassbu2.jpg	SPACE	769	SPACE
1446058870613	0	lts_1028I_14_01	14	01	0	132	0	0	0	CR	MAX	1/AANTMILK.jpg	AANTMILK.jpg	NOKEY	MAX	NOKEY
1446058871532	0	lts_1028I_14_01	14	01	0	133	1	1	1	Hit	435	1-3/AANTMILK.jpg	AANTMILK.jpg	SPACE	484	SPACE
1446058874623	0	lts_1028I_14_01	14	01	0	134	0	0	0	CR	MAX	128/D_podium.jpg	D_podium.jpg	NOKEY	MAX	NOKEY
1446058877713	0	lts_1028I_14_01	14	01	0	135	0	0	0	CR	MAX	Ayoungbobcat.jpg	Ayoungbobcat.jpg	NOKEY	MAX	NOKEY
1446058878715	0	lts_1028I_14_01	14	01	0	136	16	1	1	Hit	532	16-first/AEASEL22.jpg	AEASEL22.jpg	SPACE	570	SPACE
1446058881806	0	lts_1028I_14_01	14	01	0	137	0	0	0	CR	MAX	AMICROWA2.jpg	AMICROWA2.jpg	NOKEY	MAX	NOKEY
1446058884897	0	lts_1028I_14_01	14	01	0	138	0	0	0	CR	MAX	AWATERFL3.jpg	AWATERFL3.jpg	NOKEY	MAX	NOKEY
1446058887988	0	lts_1028I_14_01	14	01	0	139	0	0	0	CR	MAX	AFERRY5.jpg	AFERRY5.jpg	NOKEY	MAX	NOKEY
1446058888924	0	lts_1028I_14_01	14	01	0	140	4	1	1	Hit	456	4-mul/AEASEL22.jpg	AEASEL22.jpg	SPACE	501	SPACE
1446058892016	0	lts_1028I_14_01	14	01	0	141	0	0	0	CR	MAX	Acucumber2.jpg	Acucumber2.jpg	NOKEY	MAX	NOKEY
1446058895091	0	lts_1028I_14_01	14	01	0	142	0	0	0	CR	MAX	turnip.jpg	turnip.jpg	NOKEY	MAX	NOKEY
1446058896076	0	lts_1028I_14_01	14	01	0	143	16	1	1	Hit	511	16-mul/Athreeholepu6.jpg	Athreeholepu6.jpg	SPACE	552	SPACE
1446058897980	0	lts_1028I_14_01	14	01	0	144	0	0	1	FA	1422	Aknife76.jpg	Aknife76.jpg	SPACE	1470	NOKEY
1446058901072	0	lts_1028I_14_01	14	01	0	145	0	0	0	CR	MAX	ABABYDOLL.jpg	ABABYDOLL.jpg	NOKEY	MAX	NOKEY
1446058902493	0	lts_1028I_14_01	14	01	0	146	0	0	1	FA	931	Acompass20.jpg	Acompass20.jpg	SPACE	969	NOKEY
1446058905584	0	lts_1028I_14_01	14	01	0	147	0	0	0	CR	MAX	4/monkeypuppet.jpg	monkeypuppet.jpg	NOKEY	MAX	NOKEY
1446058908658	0	lts_1028I_14_01	14	01	0	148	0	0	0	CR	MAX	ACANE2.jpg	ACANE2.jpg	NOKEY	MAX	NOKEY
1446058911731	0	lts_1028I_14_01	14	01	0	149	0	0	0	CR	MAX	8/ATRICKTR2.jpg	ATRICKTR2.jpg	NOKEY	MAX	NOKEY
1446058914822	0	lts_1028I_14_01	14	01	0	150	0	0	0	CR	MAX	Afrenchtoast5.jpg	Afrenchtoast5.jpg	NOKEY	MAX	NOKEY
1446058915958	0	lts_1028I_14_01	14	01	0	151	4	1	1	Hit	663	4-0/monkeypuppet.jpg	monkeypuppet.jpg	SPACE	704	SPACE
1446058919050	0	lts_1028I_14_01	14	01	0	152	0	0	0	CR	MAX	Aribbon21.jpg	Aribbon21.jpg	NOKEY	MAX	NOKEY
1446058922141	0	lts_1028I_14_01	14	01	0	153	0	0	0	CR	MAX	ABOX8.jpg	ABOX8.jpg	NOKEY	MAX	NOKEY
1446058925233	0	lts_1028I_14_01	14	01	0	154	0	0	0	CR	MAX	A_teabag.jpg	A_teabag.jpg	NOKEY	MAX	NOKEY
1446058926419	0	lts_1028I_14_01	14	01	0	155	128	1	1	Hit	712	128-3/acquarium.jpg	acquarium.jpg	SPACE	752	SPACE
1446058929510	0	lts_1028I_14_01	14	01	0	156	0	0	0	CR	MAX	AOVEN.jpg	AOVEN.jpg	NOKEY	MAX	NOKEY
1446058930563	0	lts_1028I_14_01	14	01	0	157	8	1	1	Hit	571	8-2/ATRICKTR2.jpg	ATRICKTR2.jpg	SPACE	619	SPACE
1446058933654	0	lts_1028I_14_01	14	01	0	158	0	0	0	CR	MAX	2/22856172.thl.jpg	22856172.thl.jpg	NOKEY	MAX	NOKEY
1446058936743	0	lts_1028I_14_01	14	01	0	159	0	0	0	CR	MAX	8/Acarrot.jpg	Acarrot.jpg	NOKEY	MAX	NOKEY
1446058937829	0	lts_1028I_14_01	14	01	0	160	2	1	1	Hit	599	2-11/22856172.thl.jpg	22856172.thl.jpg	SPACE	636	SPACE
1446058940920	0	lts_1028I_14_01	14	01	0	161	0	0	0	CR	MAX	Abikepedalar2.jpg	Abikepedalar2.jpg	NOKEY	MAX	NOKEY
1446058944013	0	lts_1028I_14_01	14	01	0	162	0	0	0	CR	MAX	AARTIFLE2.jpg	AARTIFLE2.jpg	NOKEY	MAX	NOKEY
1446058947104	0	lts_1028I_14_01	14	01	0	163	0	0	0	CR	MAX	E_helicopter.jpg	E_helicopter.jpg	NOKEY	MAX	NOKEY
1446058950178	0	lts_1028I_14_01	14	01	0	164	0	0	0	CR	MAX	26374135.thl.jpg	26374135.thl.jpg	NOKEY	MAX	NOKEY
1446058953269	0	lts_1028I_14_01	14	01	0	165	0	0	0	CR	MAX	8/Aappleonsca14.jpg	Aappleonsca14.jpg	NOKEY	MAX	NOKEY
1446058956394	0	lts_1028I_14_01	14	01	0	166	0	0	0	CR	MAX	ABUILDAR4.jpg	ABUILDAR4.jpg	NOKEY	MAX	NOKEY
1446058957413	0	lts_1028I_14_01	14	01	0	167	8	1	1	Hit	546	8-first/Acarrot.jpg	Acarrot.jpg	SPACE	584	SPACE
1446058960504	0	lts_1028I_14_01	14	01	0	168	0	0	0	CR	MAX	AWASHCLOT.jpg	AWASHCLOT.jpg	NOKEY	MAX	NOKEY
1446058963578	0	lts_1028I_14_01	14	01	0	169	0	0	0	CR	MAX	26384871.thl.jpg	26384871.thl.jpg	NOKEY	MAX	NOKEY
1446058966668	0	lts_1028I_14_01	14	01	0	170	0	0	0	CR	MAX	26432109.thl.jpg	26432109.thl.jpg	NOKEY	MAX	NOKEY
1446058967754	0	lts_1028I_14_01	14	01	0	171	4	1	1	Hit	606	4-mul/Acarrot.jpg	Acarrot.jpg	SPACE	652	SPACE
1446058970845	0	lts_1028I_14_01	14	01	0	172	0	0	0	CR	MAX	Abowlofpasta.jpg	Abowlofpasta.jpg	NOKEY	MAX	NOKEY
1446058971965	0	lts_1028I_14_01	14	01	0	173	8	1	1	Hit	628	8-first/Aappleonsca14.jpg	Aappleonsca14.jpg	SPACE	669	SPACE
1446058975057	0	lts_1028I_14_01	14	01	0	174	0	0	0	CR	MAX	hammer01.jpg	hammer01.jpg	NOKEY	MAX	NOKEY
1446058978148	0	lts_1028I_14_01	14	01	0	175	0	0	0	CR	MAX	Apairofrubbe3.jpg	Apairofrubbe3.jpg	NOKEY	MAX	NOKEY
1446058981222	0	lts_1028I_14_01	14	01	0	176	0	0	0	CR	MAX	1/26545643.thl.jpg	26545643.thl.jpg	NOKEY	MAX	NOKEY
1446058982258	0	lts_1028I_14_01	14	01	0	177	1	1	1	Hit	561	1-11/26545643.thl.jpg	26545643.thl.jpg	SPACE	600	SPACE
1446058985349	0	lts_1028I_14_01	14	01	0	178	0	0	0	CR	MAX	32/Aelephant9.jpg	Aelephant9.jpg	NOKEY	MAX	NOKEY
1446058988424	0	lts_1028I_14_01	14	01	0	179	0	0	0	CR	MAX	64/bobbypins.JPG	bobbypins.JPG	NOKEY	MAX	NOKEY
1446058991515	0	lts_1028I_14_01	14	01	0	180	0	0	0	CR	MAX	Aashtray14.jpg	Aashtray14.jpg	NOKEY	MAX	NOKEY
1446058992601	0	lts_1028I_14_01	14	01	0	181	64	1	1	Hit	604	64-first/Abottleopener.jpg	Abottleopener.jpg	SPACE	652	SPACE
1446058995691	0	lts_1028I_14_01	14	01	0	182	0	0	0	CR	MAX	AFRYPAN7.jpg	AFRYPAN7.jpg	NOKEY	MAX	NOKEY
1446058998798	0	lts_1028I_14_01	14	01	0	183	0	0	0	CR	MAX	ABRUSH19.jpg	ABRUSH19.jpg	NOKEY	MAX	NOKEY
1446059001889	0	lts_1028I_14_01	14	01	0	184	0	0	0	CR	MAX	Atoyfurnitu14.jpg	Atoyfurnitu14.jpg	NOKEY	MAX	NOKEY
1446059002925	0	lts_1028I_14_01	14	01	0	185	4	1	1	Hit	546	4-mul/Abottleopener.jpg	Abottleopener.jpg	SPACE	586	SPACE
1446059006017	0	lts_1028I_14_01	14	01	0	186	0	0	0	CR	MAX	8079958.thl.jpg	8079958.thl.jpg	NOKEY	MAX	NOKEY
1446059009175	0	lts_1028I_14_01	14	01	0	187	0	0	0	CR	MAX	ALAB21.jpg	ALAB21.jpg	NOKEY	MAX	NOKEY
1446059012266	0	lts_1028I_14_01	14	01	0	188	0	0	0	CR	MAX	AROUNDFR3.jpg	AROUNDFR3.jpg	NOKEY	MAX	NOKEY
1446059013336	0	lts_1028I_14_01	14	01	0	189	16	1	1	Hit	596	16-mul/Aappleonsca14.jpg	Aappleonsca14.jpg	SPACE	634	SPACE
1446059016427	0	lts_1028I_14_01	14	01	0	190	0	0	0	CR	MAX	4/Aplastichousi.jpg	Aplastichousi.jpg	NOKEY	MAX	NOKEY
1446059019518	0	lts_1028I_14_01	14	01	0	191	0	0	0	CR	MAX	Aclowguit.jpg	Aclowguit.jpg	NOKEY	MAX	NOKEY
1446059022592	0	lts_1028I_14_01	14	01	0	192	0	0	0	CR	MAX	128/ASMOKDE16.jpg	ASMOKDE16.jpg	NOKEY	MAX	NOKEY
1446059025682	0	lts_1028I_14_01	14	01	0	193	0	0	0	CR	MAX	26372237.thl.jpg	26372237.thl.jpg	NOKEY	MAX	NOKEY
1446059026751	0	lts_1028I_14_01	14	01	0	194	4	1	1	Hit	592	4-7/Aplastichousi.jpg	Aplastichousi.jpg	SPACE	636	SPACE
1446059029842	0	lts_1028I_14_01	14	01	0	195	0	0	0	CR	MAX	2/AOTOSCOP5.jpg	AOTOSCOP5.jpg	NOKEY	MAX	NOKEY
1446059032933	0	lts_1028I_14_01	14	01	0	196	0	0	0	CR	MAX	Aheartmonito4.jpg	Aheartmonito4.jpg	NOKEY	MAX	NOKEY
1446059033919	0	lts_1028I_14_01	14	01	0	197	2	1	1	Hit	516	2-3/AOTOSCOP5.jpg	AOTOSCOP5.jpg	SPACE	553	SPACE
1446059037011	0	lts_1028I_14_01	14	01	0	198	0	0	0	CR	MAX	8/Awaxlips.jpg	Awaxlips.jpg	NOKEY	MAX	NOKEY
1446059040086	0	lts_1028I_14_01	14	01	0	199	0	0	0	CR	MAX	16/26423477.thl.jpg	26423477.thl.jpg	NOKEY	MAX	NOKEY
1446059043160	0	lts_1028I_14_01	14	01	0	200	0	0	0	CR	MAX	26437077.thl.jpg	26437077.thl.jpg	NOKEY	MAX	NOKEY
1446059046251	0	lts_1028I_14_01	14	01	0	201	0	0	0	CR	MAX	Aairtank7.jpg	Aairtank7.jpg	NOKEY	MAX	NOKEY
1446059048122	0	lts_1028I_14_01	14	01	0	202	0	0	1	FA	1381	Acablelatch.jpg	Acablelatch.jpg	SPACE	1419	NOKEY
1446059051197	0	lts_1028I_14_01	14	01	0	203	0	0	0	CR	MAX	Aacupuncture2.jpg	Aacupuncture2.jpg	NOKEY	MAX	NOKEY
1446059054288	0	lts_1028I_14_01	14	01	0	204	0	0	0	CR	MAX	10053712.thm.jpg	10053712.thm.jpg	NOKEY	MAX	NOKEY
1446059057379	0	lts_1028I_14_01	14	01	0	205	0	0	0	CR	MAX	Acompass18.jpg	Acompass18.jpg	NOKEY	MAX	NOKEY
1446059058498	0	lts_1028I_14_01	14	01	0	206	8	1	1	Hit	643	8-first/Awaxlips.jpg	Awaxlips.jpg	SPACE	685	SPACE
1446059061573	0	lts_1028I_14_01	14	01	0	207	0	0	0	CR	MAX	APOGO4.jpg	APOGO4.jpg	NOKEY	MAX	NOKEY
1446059062542	0	lts_1028I_14_01	14	01	0	208	2	1	1	Hit	490	2-mul/Awaxlips.jpg	Awaxlips.jpg	SPACE	535	SPACE
1446059065616	0	lts_1028I_14_01	14	01	0	209	0	0	0	CR	MAX	16/AOVALFRAM.jpg	AOVALFRAM.jpg	NOKEY	MAX	NOKEY
1446059066734	0	lts_1028I_14_01	14	01	0	210	32	1	1	Hit	622	32-3/Aelephant9.jpg	Aelephant9.jpg	SPACE	668	SPACE
1446059069825	0	lts_1028I_14_01	14	01	0	211	0	0	0	CR	MAX	Agolfplaque.jpg	Agolfplaque.jpg	NOKEY	MAX	NOKEY
1446059072933	0	lts_1028I_14_01	14	01	0	212	0	0	0	CR	MAX	Abagofherbs.jpg	Abagofherbs.jpg	NOKEY	MAX	NOKEY
1446059076009	0	lts_1028I_14_01	14	01	0	213	0	0	0	CR	MAX	A4DOMINO.jpg	A4DOMINO.jpg	NOKEY	MAX	NOKEY
1446059079083	0	lts_1028I_14_01	14	01	0	214	0	0	0	CR	MAX	ADRESS2.jpg	ADRESS2.jpg	NOKEY	MAX	NOKEY
1446059080236	0	lts_1028I_14_01	14	01	0	215	16	1	1	Hit	677	16-first/26423477.thl.jpg	26423477.thl.jpg	SPACE	718	SPACE
1446059083327	0	lts_1028I_14_01	14	01	0	216	0	0	0	CR	MAX	1/8253370.thl.jpg	8253370.thl.jpg	NOKEY	MAX	NOKEY
1446059084363	0	lts_1028I_14_01	14	01	0	217	1	1	1	Hit	562	1-13/8253370.thl.jpg	8253370.thl.jpg	SPACE	600	SPACE
1446059087454	0	lts_1028I_14_01	14	01	0	218	0	0	0	CR	MAX	Apedestal3.jpg	Apedestal3.jpg	NOKEY	MAX	NOKEY
1446059088540	0	lts_1028I_14_01	14	01	0	219	4	1	1	Hit	601	4-mul/26423477.thl.jpg	26423477.thl.jpg	SPACE	651	SPACE
1446059091614	0	lts_1028I_14_01	14	01	0	220	0	0	0	CR	MAX	AGOLFIRON.jpg	AGOLFIRON.jpg	NOKEY	MAX	NOKEY
1446059094704	0	lts_1028I_14_01	14	01	0	221	0	0	0	CR	MAX	64/AWINTGLO3.jpg	AWINTGLO3.jpg	NOKEY	MAX	NOKEY
1446059097795	0	lts_1028I_14_01	14	01	0	222	0	0	0	CR	MAX	22822309.thl.jpg	22822309.thl.jpg	NOKEY	MAX	NOKEY
1446059100886	0	lts_1028I_14_01	14	01	0	223	0	0	0	CR	MAX	16/AJUG3.jpg	AJUG3.jpg	NOKEY	MAX	NOKEY
1446059103977	0	lts_1028I_14_01	14	01	0	224	0	0	0	CR	MAX	Aantiquewate3.jpg	Aantiquewate3.jpg	NOKEY	MAX	NOKEY
1446059105098	0	lts_1028I_14_01	14	01	0	225	16	1	1	Hit	645	16-0/AOVALFRAM.jpg	AOVALFRAM.jpg	SPACE	685	SPACE
1446059108189	0	lts_1028I_14_01	14	01	0	226	0	0	0	CR	MAX	Abeesonahoney.jpg	Abeesonahoney.jpg	NOKEY	MAX	NOKEY
1446059109543	0	lts_1028I_14_01	14	01	0	227	0	0	1	FA	865	26428041.thl.jpg	26428041.thl.jpg	SPACE	902	NOKEY
1446059112633	0	lts_1028I_14_01	14	01	0	228	0	0	0	CR	MAX	waterfilter.jpg	waterfilter.jpg	NOKEY	MAX	NOKEY
1446059115723	0	lts_1028I_14_01	14	01	0	229	0	0	0	CR	MAX	APROSTAR2.jpg	APROSTAR2.jpg	NOKEY	MAX	NOKEY
1446059118814	0	lts_1028I_14_01	14	01	0	230	0	0	0	CR	MAX	Atoy63.jpg	Atoy63.jpg	NOKEY	MAX	NOKEY
1446059121905	0	lts_1028I_14_01	14	01	0	231	0	0	0	CR	MAX	64/AWEIGHTS8.jpg	AWEIGHTS8.jpg	NOKEY	MAX	NOKEY
1446059124996	0	lts_1028I_14_01	14	01	0	232	0	0	0	CR	MAX	4/AHAMPER.jpg	AHAMPER.jpg	NOKEY	MAX	NOKEY
1446059128089	0	lts_1028I_14_01	14	01	0	233	0	0	0	CR	MAX	Ataco.jpg	Ataco.jpg	NOKEY	MAX	NOKEY
1446059131180	0	lts_1028I_14_01	14	01	0	234	0	0	0	CR	MAX	Acoral7.jpg	Acoral7.jpg	NOKEY	MAX	NOKEY
1446059134254	0	lts_1028I_14_01	14	01	0	235	0	0	0	CR	MAX	23007415.thl.jpg	23007415.thl.jpg	NOKEY	MAX	NOKEY
1446059135340	0	lts_1028I_14_01	14	01	0	236	4	1	1	Hit	613	4-5/AHAMPER.jpg	AHAMPER.jpg	SPACE	650	SPACE
1446059138431	0	lts_1028I_14_01	14	01	0	237	0	0	0	CR	MAX	ignitionkey01.jpg	ignitionkey01.jpg	NOKEY	MAX	NOKEY
1446059141506	0	lts_1028I_14_01	14	01	0	238	0	0	0	CR	MAX	Abicyclerepa3.jpg	Abicyclerepa3.jpg	NOKEY	MAX	NOKEY
1446059142542	0	lts_1028I_14_01	14	01	0	239	16	1	1	Hit	563	16-first/AJUG3.jpg	AJUG3.jpg	SPACE	601	SPACE
1446059145782	0	lts_1028I_14_01	14	01	0	240	0	0	0	CR	MAX	ABALLBEAR.jpg	ABALLBEAR.jpg	NOKEY	MAX	NOKEY
1446059146751	0	lts_1028I_14_01	14	01	0	241	2	1	1	Hit	477	2-mul/AJUG3.jpg	AJUG3.jpg	SPACE	519	SPACE
1446059149975	0	lts_1028I_14_01	14	01	0	242	0	0	0	CR	MAX	Aelectronicor.jpg	Aelectronicor.jpg	NOKEY	MAX	NOKEY
1446059153051	0	lts_1028I_14_01	14	01	0	243	64	1	0	Miss	MAX	64-first/bobbypins.JPG	bobbypins.JPG	NOKEY	MAX	SPACE
1446059156159	0	lts_1028I_14_01	14	01	0	244	0	0	0	CR	MAX	AFILM.jpg	AFILM.jpg	NOKEY	MAX	NOKEY
1446059157161	0	lts_1028I_14_01	14	01	0	245	2	1	1	Hit	527	2-mul/bobbypins.JPG	bobbypins.JPG	SPACE	567	SPACE
1446059160336	0	lts_1028I_14_01	14	01	0	246	0	0	0	CR	MAX	32/Achair618.jpg	Achair618.jpg	NOKEY	MAX	NOKEY
1446059163544	0	lts_1028I_14_01	14	01	0	247	0	0	0	CR	MAX	Acookiecutte3.jpg	Acookiecutte3.jpg	NOKEY	MAX	NOKEY
1446059166717	0	lts_1028I_14_01	14	01	0	248	0	0	0	CR	MAX	ABIKLIGHT.jpg	ABIKLIGHT.jpg	NOKEY	MAX	NOKEY
1446059169808	0	lts_1028I_14_01	14	01	0	249	0	0	0	CR	MAX	26433592.thl.jpg	26433592.thl.jpg	NOKEY	MAX	NOKEY
1446059172966	0	lts_1028I_14_01	14	01	0	250	0	0	0	CR	MAX	Aspeakers4.jpg	Aspeakers4.jpg	NOKEY	MAX	NOKEY
1446059174287	0	lts_1028I_14_01	14	01	0	251	128	1	1	Hit	845	128-5/AARROWS2.jpg	AARROWS2.jpg	SPACE	885	SPACE
1446059177362	0	lts_1028I_14_01	14	01	0	252	0	0	0	CR	MAX	AMASCARA.jpg	AMASCARA.jpg	NOKEY	MAX	NOKEY
1446059180436	0	lts_1028I_14_01	14	01	0	253	0	0	0	CR	MAX	16/gymvaulting.jpg	gymvaulting.jpg	NOKEY	MAX	NOKEY
1446059183644	0	lts_1028I_14_01	14	01	0	254	0	0	0	CR	MAX	Achair485.jpg	Achair485.jpg	NOKEY	MAX	NOKEY
1446059186868	0	lts_1028I_14_01	14	01	0	255	0	0	0	CR	MAX	Afirealarm2.jpg	Afirealarm2.jpg	NOKEY	MAX	NOKEY
1446059190010	0	lts_1028I_14_01	14	01	0	256	0	0	0	CR	MAX	ACHEESEGR.jpg	ACHEESEGR.jpg	NOKEY	MAX	NOKEY
1446059193084	0	lts_1028I_14_01	14	01	0	257	0	0	0	CR	MAX	ABACKSPAC.jpg	ABACKSPAC.jpg	NOKEY	MAX	NOKEY
1446059196158	0	lts_1028I_14_01	14	01	0	258	0	0	0	CR	MAX	ACENTRIF5.jpg	ACENTRIF5.jpg	NOKEY	MAX	NOKEY
1446059199350	0	lts_1028I_14_01	14	01	0	259	0	0	0	CR	MAX	Arubbergloves.jpg	Arubbergloves.jpg	NOKEY	MAX	NOKEY
1446059202624	0	lts_1028I_14_01	14	01	0	260	0	0	0	CR	MAX	64/22855236.thl.jpg	22855236.thl.jpg	NOKEY	MAX	NOKEY
1446059205714	0	lts_1028I_14_01	14	01	0	261	0	0	0	CR	MAX	Ahandheldmir3.jpg	Ahandheldmir3.jpg	NOKEY	MAX	NOKEY
1446059208806	0	lts_1028I_14_01	14	01	0	262	128	1	0	Miss	MAX	128-0/D_podium.jpg	D_podium.jpg	NOKEY	MAX	SPACE
1446059211897	0	lts_1028I_14_01	14	01	0	263	0	0	0	CR	MAX	Aspecimenbot5.jpg	Aspecimenbot5.jpg	NOKEY	MAX	NOKEY
1446059215055	0	lts_1028I_14_01	14	01	0	264	0	0	0	CR	MAX	Acandle109.jpg	Acandle109.jpg	NOKEY	MAX	NOKEY
1446059218130	0	lts_1028I_14_01	14	01	0	265	0	0	0	CR	MAX	AMEATHER3.jpg	AMEATHER3.jpg	NOKEY	MAX	NOKEY
1446059221204	0	lts_1028I_14_01	14	01	0	266	0	0	0	CR	MAX	AWIG10.jpg	AWIG10.jpg	NOKEY	MAX	NOKEY
1446059224279	0	lts_1028I_14_01	14	01	0	267	0	0	0	CR	MAX	ANUTCRA10.jpg	ANUTCRA10.jpg	NOKEY	MAX	NOKEY
1446059227370	0	lts_1028I_14_01	14	01	0	268	0	0	0	CR	MAX	26427612.thl.jpg	26427612.thl.jpg	NOKEY	MAX	NOKEY
1446059228556	0	lts_1028I_14_01	14	01	0	269	16	1	1	Hit	711	16-first/gymvaulting.jpg	gymvaulting.jpg	SPACE	752	SPACE
1446059231647	0	lts_1028I_14_01	14	01	0	270	0	0	0	CR	MAX	ALACES4.jpg	ALACES4.jpg	NOKEY	MAX	NOKEY
1446059232698	0	lts_1028I_14_01	14	01	0	271	2	1	1	Hit	566	2-mul/gymvaulting.jpg	gymvaulting.jpg	SPACE	602	SPACE
1446059235806	0	lts_1028I_14_01	14	01	0	272	0	0	0	CR	MAX	AHEADLI18.jpg	AHEADLI18.jpg	NOKEY	MAX	NOKEY
1446059238897	0	lts_1028I_14_01	14	01	0	273	0	0	0	CR	MAX	128/Anoisma32.jpg	Anoisma32.jpg	NOKEY	MAX	NOKEY
1446059241988	0	lts_1028I_14_01	14	01	0	274	0	0	0	CR	MAX	1/Ablackcamera4.jpg	Ablackcamera4.jpg	NOKEY	MAX	NOKEY
1446059243025	0	lts_1028I_14_01	14	01	0	275	1	1	1	Hit	558	1-12/Ablackcamera4.jpg	Ablackcamera4.jpg	SPACE	601	SPACE
1446059246117	0	lts_1028I_14_01	14	01	0	276	0	0	0	CR	MAX	128/showercurtainsuchi.jpg	showercurtainsuchi.jpg	NOKEY	MAX	NOKEY
1446059249208	0	lts_1028I_14_01	14	01	0	277	0	0	0	CR	MAX	26384637.thl.jpg	26384637.thl.jpg	NOKEY	MAX	NOKEY
1446059250294	0	lts_1028I_14_01	14	01	0	278	32	1	1	Hit	609	32-4/Achair618.jpg	Achair618.jpg	SPACE	651	SPACE
1446059253385	0	lts_1028I_14_01	14	01	0	279	0	0	0	CR	MAX	gingerbreadcookie.jpg	gingerbreadcookie.jpg	NOKEY	MAX	NOKEY
1446059256459	0	lts_1028I_14_01	14	01	0	280	0	0	0	CR	MAX	AHOSPBED.jpg	AHOSPBED.jpg	NOKEY	MAX	NOKEY
1446059259550	0	lts_1028I_14_01	14	01	0	281	0	0	0	CR	MAX	ABOOTCRA5.jpg	ABOOTCRA5.jpg	NOKEY	MAX	NOKEY
1446059262641	0	lts_1028I_14_01	14	01	0	282	0	0	0	CR	MAX	1/8245419.thl.jpg	8245419.thl.jpg	NOKEY	MAX	NOKEY
1446059263627	0	lts_1028I_14_01	14	01	0	283	1	1	1	Hit	502	1-1/8245419.thl.jpg	8245419.thl.jpg	SPACE	552	SPACE
1446059266733	0	lts_1028I_14_01	14	01	0	284	0	0	0	CR	MAX	Ahotdogplain.jpg	Ahotdogplain.jpg	NOKEY	MAX	NOKEY
1446059267836	0	lts_1028I_14_01	14	01	0	285	64	1	1	Hit	633	64-first/AWINTGLO3.jpg	AWINTGLO3.jpg	SPACE	670	SPACE
1446059270927	0	lts_1028I_14_01	14	01	0	286	0	0	0	CR	MAX	26379430.thl.jpg	26379430.thl.jpg	NOKEY	MAX	NOKEY
1446059274019	0	lts_1028I_14_01	14	01	0	287	0	0	0	CR	MAX	Atrumpetwith2.jpg	Atrumpetwith2.jpg	NOKEY	MAX	NOKEY
1446059276058	0	lts_1028I_14_01	14	01	0	288	0	0	1	FA	1548	64/Achair608.jpg	Achair608.jpg	SPACE	1587	NOKEY
1446059279149	0	lts_1028I_14_01	14	01	0	289	0	0	0	CR	MAX	1/Acompactdisc2.jpg	Acompactdisc2.jpg	NOKEY	MAX	NOKEY
1446059280118	0	lts_1028I_14_01	14	01	0	290	1	1	1	Hit	492	1-5/Acompactdisc2.jpg	Acompactdisc2.jpg	SPACE	534	SPACE
1446059283209	0	lts_1028I_14_01	14	01	0	291	0	0	0	CR	MAX	2/Brusselssprouts.jpg	Brusselssprouts.jpg	NOKEY	MAX	NOKEY
1446059286300	0	lts_1028I_14_01	14	01	0	292	0	0	0	CR	MAX	Acampingtoolk.jpg	Acampingtoolk.jpg	NOKEY	MAX	NOKEY
1446059287319	0	lts_1028I_14_01	14	01	0	293	2	1	1	Hit	540	2-2/Brusselssprouts.jpg	Brusselssprouts.jpg	SPACE	583	SPACE
1446059290410	0	lts_1028I_14_01	14	01	0	294	0	0	0	CR	MAX	4/Agreenlighter.jpg	Agreenlighter.jpg	NOKEY	MAX	NOKEY
1446059291563	0	lts_1028I_14_01	14	01	0	295	64	1	1	Hit	682	64-first/AWEIGHTS8.jpg	AWEIGHTS8.jpg	SPACE	718	SPACE
1446059293034	0	lts_1028I_14_01	14	01	0	296	0	0	1	FA	908	Ascanner11.jpg	Ascanner11.jpg	SPACE	952	NOKEY
1446059294471	0	lts_1028I_14_01	14	01	0	297	0	0	1	FA	967	Agrater10.jpg	Agrater10.jpg	SPACE	1002	NOKEY
1446059295789	0	lts_1028I_14_01	14	01	0	298	4	1	1	Hit	820	4-12/Agreenlighter.jpg	Agreenlighter.jpg	SPACE	869	SPACE
1446059298880	0	lts_1028I_14_01	14	01	0	299	0	0	0	CR	MAX	Arake4.jpg	Arake4.jpg	NOKEY	MAX	NOKEY
1446059301955	0	lts_1028I_14_01	14	01	0	300	0	0	0	CR	MAX	basketball.JPG	basketball.JPG	NOKEY	MAX	NOKEY
1446059302991	0	lts_1028I_14_01	14	01	0	301	16	1	1	Hit	541	16-mul/AWINTGLO3.jpg	AWINTGLO3.jpg	SPACE	586	SPACE
1446059306083	0	lts_1028I_14_01	14	01	0	302	0	0	0	CR	MAX	26685596.thl.jpg	26685596.thl.jpg	NOKEY	MAX	NOKEY
1446059309157	0	lts_1028I_14_01	14	01	0	303	0	0	0	CR	MAX	2/AGLASSCAS.jpg	AGLASSCAS.jpg	NOKEY	MAX	NOKEY
1446059312248	0	lts_1028I_14_01	14	01	0	304	0	0	0	CR	MAX	mechanicalspring.jpg	mechanicalspring.jpg	NOKEY	MAX	NOKEY
1446059313635	0	lts_1028I_14_01	14	01	0	305	2	1	1	Hit	911	2-4/AGLASSCAS.jpg	AGLASSCAS.jpg	SPACE	952	SPACE
1446059316741	0	lts_1028I_14_01	14	01	0	306	0	0	0	CR	MAX	Abeetle10.jpg	Abeetle10.jpg	NOKEY	MAX	NOKEY
1446059319849	0	lts_1028I_14_01	14	01	0	307	0	0	0	CR	MAX	ATRACINGT.jpg	ATRACINGT.jpg	NOKEY	MAX	NOKEY
1446059322940	0	lts_1028I_14_01	14	01	0	308	0	0	0	CR	MAX	AARCCHAR2.jpg	AARCCHAR2.jpg	NOKEY	MAX	NOKEY
1446059324711	0	lts_1028I_14_01	14	01	0	309	0	0	1	FA	1271	128/ASKIHOLD.jpg	ASKIHOLD.jpg	SPACE	1321	NOKEY
1446059327819	0	lts_1028I_14_01	14	01	0	310	0	0	0	CR	MAX	Awomansshoe3.jpg	Awomansshoe3.jpg	NOKEY	MAX	NOKEY
1446059328838	0	lts_1028I_14_01	14	01	0	311	16	1	1	Hit	544	16-mul/AWEIGHTS8.jpg	AWEIGHTS8.jpg	SPACE	586	SPACE
1446059331929	0	lts_1028I_14_01	14	01	0	312	0	0	0	CR	MAX	ASECCAME3.jpg	ASECCAME3.jpg	NOKEY	MAX	NOKEY
1446059335022	0	lts_1028I_14_01	14	01	0	313	0	0	0	CR	MAX	Acomputerdes8.jpg	Acomputerdes8.jpg	NOKEY	MAX	NOKEY
1446059338113	0	lts_1028I_14_01	14	01	0	314	0	0	0	CR	MAX	32/Aprintingpre5.jpg	Aprintingpre5.jpg	NOKEY	MAX	NOKEY
1446059341187	0	lts_1028I_14_01	14	01	0	315	0	0	0	CR	MAX	AAEROBENC.jpg	AAEROBENC.jpg	NOKEY	MAX	NOKEY
1446059344278	0	lts_1028I_14_01	14	01	0	316	0	0	0	CR	MAX	ATOWER3.jpg	ATOWER3.jpg	NOKEY	MAX	NOKEY
1446059347369	0	lts_1028I_14_01	14	01	0	317	0	0	0	CR	MAX	64/AHEADLIG9.jpg	AHEADLIG9.jpg	NOKEY	MAX	NOKEY
1446059350460	0	lts_1028I_14_01	14	01	0	318	0	0	0	CR	MAX	32/ABREAD.jpg	ABREAD.jpg	NOKEY	MAX	NOKEY
1446059353551	0	lts_1028I_14_01	14	01	0	319	0	0	0	CR	MAX	Apig5.jpg	Apig5.jpg	NOKEY	MAX	NOKEY
1446059354853	0	lts_1028I_14_01	14	01	0	320	128	1	1	Hit	808	128-2/ASMOKDE16.jpg	ASMOKDE16.jpg	SPACE	853	SPACE
1446059357944	0	lts_1028I_14_01	14	01	0	321	0	0	0	CR	MAX	AMILPHONE.jpg	AMILPHONE.jpg	NOKEY	MAX	NOKEY
1446059361037	0	lts_1028I_14_01	14	01	0	322	0	0	0	CR	MAX	surfboard.JPG	surfboard.JPG	NOKEY	MAX	NOKEY
1446059364111	0	lts_1028I_14_01	14	01	0	323	0	0	0	CR	MAX	26424443.thl.jpg	26424443.thl.jpg	NOKEY	MAX	NOKEY
1446059365264	0	lts_1028I_14_01	14	01	0	324	64	1	1	Hit	671	64-first/22855236.thl.jpg	22855236.thl.jpg	SPACE	718	SPACE
1446059368422	0	lts_1028I_14_01	14	01	0	325	0	0	0	CR	MAX	Arefrigerat10.jpg	Arefrigerat10.jpg	NOKEY	MAX	NOKEY
1446059371496	0	lts_1028I_14_01	14	01	0	326	0	0	0	CR	MAX	Ashovel8.jpg	Ashovel8.jpg	NOKEY	MAX	NOKEY
1446059374570	0	lts_1028I_14_01	14	01	0	327	0	0	0	CR	MAX	64/Arecyclingbox.jpg	Arecyclingbox.jpg	NOKEY	MAX	NOKEY
1446059377644	0	lts_1028I_14_01	14	01	0	328	0	0	0	CR	MAX	4/Aalmond4.jpg	Aalmond4.jpg	NOKEY	MAX	NOKEY
1446059380751	0	lts_1028I_14_01	14	01	0	329	0	0	0	CR	MAX	broccoli.jpg	broccoli.jpg	NOKEY	MAX	NOKEY
1446059383842	0	lts_1028I_14_01	14	01	0	330	0	0	0	CR	MAX	Areindeer2.jpg	Areindeer2.jpg	NOKEY	MAX	NOKEY
1446059386933	0	lts_1028I_14_01	14	01	0	331	0	0	0	CR	MAX	Asaltgrinder.jpg	Asaltgrinder.jpg	NOKEY	MAX	NOKEY
1446059388121	0	lts_1028I_14_01	14	01	0	332	4	1	1	Hit	705	4-9/Aalmond4.jpg	Aalmond4.jpg	SPACE	752	SPACE
1446059391195	0	lts_1028I_14_01	14	01	0	333	0	0	0	CR	MAX	Adecorativem2.jpg	Adecorativem2.jpg	NOKEY	MAX	NOKEY
1446059394286	0	lts_1028I_14_01	14	01	0	334	0	0	0	CR	MAX	Astadium.jpg	Astadium.jpg	NOKEY	MAX	NOKEY
1446059397377	0	lts_1028I_14_01	14	01	0	335	0	0	0	CR	MAX	8019684.thl.jpg	8019684.thl.jpg	NOKEY	MAX	NOKEY
1446059400468	0	lts_1028I_14_01	14	01	0	336	0	0	0	CR	MAX	Achair1260.jpg	Achair1260.jpg	NOKEY	MAX	NOKEY
1446059403559	0	lts_1028I_14_01	14	01	0	337	0	0	0	CR	MAX	ACAESALAD.jpg	ACAESALAD.jpg	NOKEY	MAX	NOKEY
1446059406650	0	lts_1028I_14_01	14	01	0	338	0	0	0	CR	MAX	Aacarthatsbe2.jpg	Aacarthatsbe2.jpg	NOKEY	MAX	NOKEY
1446059409740	0	lts_1028I_14_01	14	01	0	339	0	0	0	CR	MAX	Abeermug11.jpg	Abeermug11.jpg	NOKEY	MAX	NOKEY
1446059410759	0	lts_1028I_14_01	14	01	0	340	16	1	1	Hit	523	16-mul/22855236.thl.jpg	22855236.thl.jpg	SPACE	569	SPACE
1446059413867	0	lts_1028I_14_01	14	01	0	341	0	0	0	CR	MAX	Aboot9.jpg	Aboot9.jpg	NOKEY	MAX	NOKEY
1446059416942	0	lts_1028I_14_01	14	01	0	342	0	0	0	CR	MAX	26374713.thl.jpg	26374713.thl.jpg	NOKEY	MAX	NOKEY
1446059420034	0	lts_1028I_14_01	14	01	0	343	0	0	0	CR	MAX	Aemergencyki5.jpg	Aemergencyki5.jpg	NOKEY	MAX	NOKEY
1446059423125	0	lts_1028I_14_01	14	01	0	344	0	0	0	CR	MAX	ADRESSE14.jpg	ADRESSE14.jpg	NOKEY	MAX	NOKEY
1446059426216	0	lts_1028I_14_01	14	01	0	345	0	0	0	CR	MAX	32/Aroulette.jpg	Aroulette.jpg	NOKEY	MAX	NOKEY
1446059427269	0	lts_1028I_14_01	14	01	0	346	32	1	1	Hit	573	32-6/Aprintingpre5.jpg	Aprintingpre5.jpg	SPACE	617	SPACE
1446059430360	0	lts_1028I_14_01	14	01	0	347	0	0	0	CR	MAX	1/22907432.thl.jpg	22907432.thl.jpg	NOKEY	MAX	NOKEY
1446059431295	0	lts_1028I_14_01	14	01	0	348	1	1	1	Hit	455	1-14/22907432.thl.jpg	22907432.thl.jpg	SPACE	500	SPACE
1446059434370	0	lts_1028I_14_01	14	01	0	349	0	0	0	CR	MAX	ACHILDISH.jpg	ACHILDISH.jpg	NOKEY	MAX	NOKEY
1446059435606	0	lts_1028I_14_01	14	01	0	350	32	1	1	Hit	762	32-5/ABREAD.jpg	ABREAD.jpg	SPACE	802	SPACE
1446059438679	0	lts_1028I_14_01	14	01	0	351	0	0	0	CR	MAX	8/Awindmill3.jpg	Awindmill3.jpg	NOKEY	MAX	NOKEY
1446059439815	0	lts_1028I_14_01	14	01	0	352	64	1	1	Hit	664	64-first/Achair608.jpg	Achair608.jpg	SPACE	703	SPACE
1446059442890	0	lts_1028I_14_01	14	01	0	353	0	0	0	CR	MAX	AWALKER11.jpg	AWALKER11.jpg	NOKEY	MAX	NOKEY
1446059445981	0	lts_1028I_14_01	14	01	0	354	0	0	0	CR	MAX	Agratedchees2.jpg	Agratedchees2.jpg	NOKEY	MAX	NOKEY
1446059449056	0	lts_1028I_14_01	14	01	0	355	0	0	0	CR	MAX	ACASKET5.jpg	ACASKET5.jpg	NOKEY	MAX	NOKEY
1446059450092	0	lts_1028I_14_01	14	01	0	356	4	1	1	Hit	562	4-mul/Achair608.jpg	Achair608.jpg	SPACE	600	SPACE
1446059453167	0	lts_1028I_14_01	14	01	0	357	0	0	0	CR	MAX	ACAROSLI2.jpg	ACAROSLI2.jpg	NOKEY	MAX	NOKEY
1446059456241	0	lts_1028I_14_01	14	01	0	358	0	0	0	CR	MAX	4/Acameo.jpg	Acameo.jpg	NOKEY	MAX	NOKEY
1446059457293	0	lts_1028I_14_01	14	01	0	359	8	1	1	Hit	567	8-1/Awindmill3.jpg	Awindmill3.jpg	SPACE	617	SPACE
1446059460368	0	lts_1028I_14_01	14	01	0	360	0	0	0	CR	MAX	4/ABLLIGHTB.jpg	ABLLIGHTB.jpg	NOKEY	MAX	NOKEY
1446059463459	0	lts_1028I_14_01	14	01	0	361	0	0	0	CR	MAX	AALMOND1.jpg	AALMOND1.jpg	NOKEY	MAX	NOKEY
1446059464578	0	lts_1028I_14_01	14	01	0	362	4	1	1	Hit	650	4-4/Acameo.jpg	Acameo.jpg	SPACE	685	SPACE
1446059467652	0	lts_1028I_14_01	14	01	0	363	0	0	0	CR	MAX	APARKMET6.jpg	APARKMET6.jpg	NOKEY	MAX	NOKEY
1446059468687	0	lts_1028I_14_01	14	01	0	364	4	1	1	Hit	550	4-11/ABLLIGHTB.jpg	ABLLIGHTB.jpg	SPACE	586	SPACE
1446059471795	0	lts_1028I_14_01	14	01	0	365	0	0	0	CR	MAX	Akitchensinka.jpg	Akitchensinka.jpg	NOKEY	MAX	NOKEY
1446059474870	0	lts_1028I_14_01	14	01	0	366	0	0	0	CR	MAX	2/26374166.thl.jpg	26374166.thl.jpg	NOKEY	MAX	NOKEY
1446059477961	0	lts_1028I_14_01	14	01	0	367	0	0	0	CR	MAX	22923440.thl.jpg	22923440.thl.jpg	NOKEY	MAX	NOKEY
1446059479064	0	lts_1028I_14_01	14	01	0	368	2	1	1	Hit	633	2-7/26374166.thl.jpg	26374166.thl.jpg	SPACE	669	SPACE
1446059482139	0	lts_1028I_14_01	14	01	0	369	0	0	0	CR	MAX	4/Adecorati133.jpg	Adecorati133.jpg	NOKEY	MAX	NOKEY
1446059485230	0	lts_1028I_14_01	14	01	0	370	0	0	0	CR	MAX	AWASMACH.jpg	AWASMACH.jpg	NOKEY	MAX	NOKEY
1446059488321	0	lts_1028I_14_01	14	01	0	371	0	0	0	CR	MAX	gameboy.jpg	gameboy.jpg	NOKEY	MAX	NOKEY
1446059489524	0	lts_1028I_14_01	14	01	0	372	0	0	1	FA	712	Alighthouse6.jpg	Alighthouse6.jpg	SPACE	752	NOKEY
1446059490809	0	lts_1028I_14_01	14	01	0	373	4	1	1	Hit	794	4-3/Adecorati133.jpg	Adecorati133.jpg	SPACE	836	SPACE
1446059493900	0	lts_1028I_14_01	14	01	0	374	0	0	0	CR	MAX	1/Astingray2.jpg	Astingray2.jpg	NOKEY	MAX	NOKEY
1446059494869	0	lts_1028I_14_01	14	01	0	375	1	1	1	Hit	499	1-7/Astingray2.jpg	Astingray2.jpg	SPACE	535	SPACE
1446059497961	0	lts_1028I_14_01	14	01	0	376	0	0	0	CR	MAX	Agroupofmole7.jpg	Agroupofmole7.jpg	NOKEY	MAX	NOKEY
1446059499198	0	lts_1028I_14_01	14	01	0	377	32	1	1	Hit	751	32-9/Aroulette.jpg	Aroulette.jpg	SPACE	802	SPACE
1446059502272	0	lts_1028I_14_01	14	01	0	378	0	0	0	CR	MAX	dftslturapr.jpg	dftslturapr.jpg	NOKEY	MAX	NOKEY
1446059505347	0	lts_1028I_14_01	14	01	0	379	0	0	0	CR	MAX	8/Astonecarvin8.jpg	Astonecarvin8.jpg	NOKEY	MAX	NOKEY
1446059508421	0	lts_1028I_14_01	14	01	0	380	0	0	0	CR	MAX	AARTIVE6.jpg	AARTIVE6.jpg	NOKEY	MAX	NOKEY
1446059509657	0	lts_1028I_14_01	14	01	0	381	64	1	1	Hit	755	64-first/AHEADLIG9.jpg	AHEADLIG9.jpg	SPACE	803	SPACE
1446059512747	0	lts_1028I_14_01	14	01	0	382	0	0	0	CR	MAX	XPGame.jpg	XPGame.jpg	NOKEY	MAX	NOKEY
1446059513733	0	lts_1028I_14_01	14	01	0	383	2	1	1	Hit	502	2-mul/AHEADLIG9.jpg	AHEADLIG9.jpg	SPACE	552	SPACE
1446059516824	0	lts_1028I_14_01	14	01	0	384	0	0	0	CR	MAX	1/Aberries5.jpg	Aberries5.jpg	NOKEY	MAX	NOKEY
1446059517810	0	lts_1028I_14_01	14	01	0	385	1	1	1	Hit	511	1-10/Aberries5.jpg	Aberries5.jpg	SPACE	552	SPACE
1446059520901	0	lts_1028I_14_01	14	01	0	386	0	0	0	CR	MAX	Agluegun.jpg	Agluegun.jpg	NOKEY	MAX	NOKEY
1446059522122	0	lts_1028I_14_01	14	01	0	387	8	1	1	Hit	749	8-first/Astonecarvin8.jpg	Astonecarvin8.jpg	SPACE	785	SPACE
1446059525213	0	lts_1028I_14_01	14	01	0	388	0	0	0	CR	MAX	ASAFE.jpg	ASAFE.jpg	NOKEY	MAX	NOKEY
1446059526199	0	lts_1028I_14_01	14	01	0	389	2	1	1	Hit	501	2-mul/Astonecarvin8.jpg	Astonecarvin8.jpg	SPACE	551	SPACE
1446059529290	0	lts_1028I_14_01	14	01	0	390	0	0	0	CR	MAX	Agiftbag20.jpg	Agiftbag20.jpg	NOKEY	MAX	NOKEY
1446059532364	0	lts_1028I_14_01	14	01	0	391	64	1	0	Miss	MAX	64-first/Arecyclingbox.jpg	Arecyclingbox.jpg	NOKEY	MAX	SPACE
1446059535455	0	lts_1028I_14_01	14	01	0	392	0	0	0	CR	MAX	26429137.thl.jpg	26429137.thl.jpg	NOKEY	MAX	NOKEY
1446059536374	0	lts_1028I_14_01	14	01	0	393	2	1	1	Hit	448	2-mul/Arecyclingbox.jpg	Arecyclingbox.jpg	SPACE	484	SPACE
1446059539465	0	lts_1028I_14_01	14	01	0	394	0	0	0	CR	MAX	22855404.thl.jpg	22855404.thl.jpg	NOKEY	MAX	NOKEY
1446059542539	0	lts_1028I_14_01	14	01	0	395	0	0	0	CR	MAX	Adropper2.jpg	Adropper2.jpg	NOKEY	MAX	NOKEY
1446059545630	0	lts_1028I_14_01	14	01	0	396	0	0	0	CR	MAX	ACUTBOAR2.jpg	ACUTBOAR2.jpg	NOKEY	MAX	NOKEY
1446059548737	0	lts_1028I_14_01	14	01	0	397	0	0	0	CR	MAX	catsl60.jpg	catsl60.jpg	NOKEY	MAX	NOKEY
1446059551812	0	lts_1028I_14_01	14	01	0	398	0	0	0	CR	MAX	Apercussion16.jpg	Apercussion16.jpg	NOKEY	MAX	NOKEY
1446059554903	0	lts_1028I_14_01	14	01	0	399	0	0	0	CR	MAX	Acoffeebeans2.jpg	Acoffeebeans2.jpg	NOKEY	MAX	NOKEY
1446059557994	0	lts_1028I_14_01	14	01	0	400	0	0	0	CR	MAX	16/AOLDBAT2.jpg	AOLDBAT2.jpg	NOKEY	MAX	NOKEY
1446059559148	0	lts_1028I_14_01	14	01	0	401	128	1	1	Hit	677	128-1/Anoisma32.jpg	Anoisma32.jpg	SPACE	717	SPACE
1446059562239	0	lts_1028I_14_01	14	01	0	402	0	0	0	CR	MAX	Atoyslide.jpg	Atoyslide.jpg	NOKEY	MAX	NOKEY
1446059565313	0	lts_1028I_14_01	14	01	0	403	0	0	0	CR	MAX	ALEMUR3.jpg	ALEMUR3.jpg	NOKEY	MAX	NOKEY
1446059566566	0	lts_1028I_14_01	14	01	0	404	128	1	1	Hit	780	128-6/showercurtainsuchi.jpg	showercurtainsuchi.jpg	SPACE	818	SPACE
1446059569657	0	lts_1028I_14_01	14	01	0	405	0	0	0	CR	MAX	AHUNTVES2.jpg	AHUNTVES2.jpg	NOKEY	MAX	NOKEY
1446059572747	0	lts_1028I_14_01	14	01	0	406	0	0	0	CR	MAX	1/Atoypersonwi2.jpg	Atoypersonwi2.jpg	NOKEY	MAX	NOKEY
1446059573617	0	lts_1028I_14_01	14	01	0	407	1	1	1	Hit	399	1-4/Atoypersonwi2.jpg	Atoypersonwi2.jpg	SPACE	435	SPACE
1446059576724	0	lts_1028I_14_01	14	01	0	408	0	0	0	CR	MAX	26370704.thl.jpg	26370704.thl.jpg	NOKEY	MAX	NOKEY
1446059579798	0	lts_1028I_14_01	14	01	0	409	0	0	0	CR	MAX	26386846.thl.jpg	26386846.thl.jpg	NOKEY	MAX	NOKEY
1446059582872	0	lts_1028I_14_01	14	01	0	410	0	0	0	CR	MAX	ATOYTREE.jpg	ATOYTREE.jpg	NOKEY	MAX	NOKEY
1446059585963	0	lts_1028I_14_01	14	01	0	411	0	0	0	CR	MAX	2/Akeg6.jpg	Akeg6.jpg	NOKEY	MAX	NOKEY
1446059589055	0	lts_1028I_14_01	14	01	0	412	0	0	0	CR	MAX	16/ABELL7.jpg	ABELL7.jpg	NOKEY	MAX	NOKEY
1446059592130	0	lts_1028I_14_01	14	01	0	413	2	1	0	Miss	MAX	2-5/Akeg6.jpg	Akeg6.jpg	NOKEY	MAX	SPACE
1446059595221	0	lts_1028I_14_01	14	01	0	414	0	0	0	CR	MAX	Acheesgra.jpg	Acheesgra.jpg	NOKEY	MAX	NOKEY
1446059598312	0	lts_1028I_14_01	14	01	0	415	0	0	0	CR	MAX	26466347.thl.jpg	26466347.thl.jpg	NOKEY	MAX	NOKEY
1446059599365	0	lts_1028I_14_01	14	01	0	416	16	1	1	Hit	577	16-first/AOLDBAT2.jpg	AOLDBAT2.jpg	SPACE	617	SPACE
1446059602455	0	lts_1028I_14_01	14	01	0	417	0	0	0	CR	MAX	26427903.thl.jpg	26427903.thl.jpg	NOKEY	MAX	NOKEY
1446059605530	0	lts_1028I_14_01	14	01	0	418	0	0	0	CR	MAX	ADUSTER5.jpg	ADUSTER5.jpg	NOKEY	MAX	NOKEY
1446059608604	0	lts_1028I_14_01	14	01	0	419	0	0	0	CR	MAX	pinkhoodie.jpg	pinkhoodie.jpg	NOKEY	MAX	NOKEY
1446059609739	0	lts_1028I_14_01	14	01	0	420	4	1	1	Hit	660	4-mul/AOLDBAT2.jpg	AOLDBAT2.jpg	SPACE	702	SPACE
1446059612830	0	lts_1028I_14_01	14	01	0	421	0	0	0	CR	MAX	1/ACEREAL.jpg	ACEREAL.jpg	NOKEY	MAX	NOKEY
1446059613749	0	lts_1028I_14_01	14	01	0	422	1	1	1	Hit	441	1-6/ACEREAL.jpg	ACEREAL.jpg	SPACE	486	SPACE
1446059616840	0	lts_1028I_14_01	14	01	0	423	0	0	0	CR	MAX	Acampingcoffe.jpg	Acampingcoffe.jpg	NOKEY	MAX	NOKEY
1446059619932	0	lts_1028I_14_01	14	01	0	424	0	0	0	CR	MAX	AGONG12.jpg	AGONG12.jpg	NOKEY	MAX	NOKEY
1446059623007	0	lts_1028I_14_01	14	01	0	425	0	0	0	CR	MAX	AKNEEHAMR.jpg	AKNEEHAMR.jpg	NOKEY	MAX	NOKEY
1446059626098	0	lts_1028I_14_01	14	01	0	426	16	1	0	Miss	MAX	16/DSCN6303-sm.jpg	DSCN6303-sm.jpg	NOKEY	MAX	SPACE
1446059629172	0	lts_1028I_14_01	14	01	0	427	0	0	0	CR	MAX	4/ringbox03.jpg	ringbox03.jpg	NOKEY	MAX	NOKEY
1446059630275	0	lts_1028I_14_01	14	01	0	428	16	1	1	Hit	618	16-first/ABELL7.jpg	ABELL7.jpg	SPACE	667	SPACE
1446059633366	0	lts_1028I_14_01	14	01	0	429	0	0	0	CR	MAX	AKNIFEHOL.jpg	AKNIFEHOL.jpg	NOKEY	MAX	NOKEY
1446059636440	0	lts_1028I_14_01	14	01	0	430	0	0	0	CR	MAX	DSCN3757-sm.jpg	DSCN3757-sm.jpg	NOKEY	MAX	NOKEY
1446059637426	0	lts_1028I_14_01	14	01	0	431	4	1	1	Hit	517	4-1/ringbox03.jpg	ringbox03.jpg	SPACE	551	SPACE
1446059640517	0	lts_1028I_14_01	14	01	0	432	0	0	0	CR	MAX	1/Atelephoneja2.jpg	Atelephoneja2.jpg	NOKEY	MAX	NOKEY
1446059641503	0	lts_1028I_14_01	14	01	0	433	1	1	1	Hit	502	1-0/Atelephoneja2.jpg	Atelephoneja2.jpg	SPACE	551	SPACE
1446059644594	0	lts_1028I_14_01	14	01	0	434	0	0	0	CR	MAX	26423652.thl.jpg	26423652.thl.jpg	NOKEY	MAX	NOKEY
1446059647684	0	lts_1028I_14_01	14	01	0	435	0	0	0	CR	MAX	ABAGEL.jpg	ABAGEL.jpg	NOKEY	MAX	NOKEY
1446059650775	0	lts_1028I_14_01	14	01	0	436	0	0	0	CR	MAX	Apackage3.jpg	Apackage3.jpg	NOKEY	MAX	NOKEY
1446059652146	0	lts_1028I_14_01	14	01	0	437	128	1	1	Hit	890	128-7/ASKIHOLD.jpg	ASKIHOLD.jpg	SPACE	935	SPACE
1446059655237	0	lts_1028I_14_01	14	01	0	438	0	0	0	CR	MAX	Afoodproces22.jpg	Afoodproces22.jpg	NOKEY	MAX	NOKEY
1446059658312	0	lts_1028I_14_01	14	01	0	439	0	0	0	CR	MAX	ABLACKNEC.jpg	ABLACKNEC.jpg	NOKEY	MAX	NOKEY
1446059661402	0	lts_1028I_14_01	14	01	0	440	0	0	0	CR	MAX	securitycamera.jpg	securitycamera.jpg	NOKEY	MAX	NOKEY
1446059664494	0	lts_1028I_14_01	14	01	0	441	0	0	0	CR	MAX	Adicecupandb5.jpg	Adicecupandb5.jpg	NOKEY	MAX	NOKEY
1446059665580	0	lts_1028I_14_01	14	01	0	442	16	1	1	Hit	611	16-1/DSCN6303-sm.jpg	DSCN6303-sm.jpg	SPACE	652	SPACE
1446059668686	0	lts_1028I_14_01	14	01	0	443	0	0	0	CR	MAX	AGAUGE.jpg	AGAUGE.jpg	NOKEY	MAX	NOKEY
1446059669656	0	lts_1028I_14_01	14	01	0	444	16	1	1	Hit	490	16-mul/ABELL7.jpg	ABELL7.jpg	SPACE	536	SPACE
1446059672747	0	lts_1028I_14_01	14	01	0	445	0	0	0	CR	MAX	2/26772987.thl.jpg	26772987.thl.jpg	NOKEY	MAX	NOKEY
1446059675838	0	lts_1028I_14_01	14	01	0	446	0	0	0	CR	MAX	Abikinitop5.jpg	Abikinitop5.jpg	NOKEY	MAX	NOKEY
1446059676874	0	lts_1028I_14_01	14	01	0	447	2	1	1	Hit	535	2-13/26772987.thl.jpg	26772987.thl.jpg	SPACE	586	SPACE
1446059679965	0	lts_1028I_14_01	14	01	0	448	0	0	0	CR	MAX	Aclock285.jpg	Aclock285.jpg	NOKEY	MAX	NOKEY
1446059683040	0	lts_1028I_14_01	14	01	0	449	0	0	0	CR	MAX	Ablackleather.jpg	Ablackleather.jpg	NOKEY	MAX	NOKEY
1446059820566	0	lts_1028I_14_01	14	01	1	0	0	0	0	CR	MAX	22826748.thl.jpg	22826748.thl.jpg	NOKEY	MAX	NOKEY
1446059823658	0	lts_1028I_14_01	14	01	1	1	0	0	0	CR	MAX	Adustpanbrush.jpg	Adustpanbrush.jpg	NOKEY	MAX	NOKEY
1446059826748	0	lts_1028I_14_01	14	01	1	2	0	0	0	CR	MAX	AGHOST.jpg	AGHOST.jpg	NOKEY	MAX	NOKEY
1446059829839	0	lts_1028I_14_01	14	01	1	3	0	0	0	CR	MAX	APINGPON3.jpg	APINGPON3.jpg	NOKEY	MAX	NOKEY
1446059832930	0	lts_1028I_14_01	14	01	1	4	0	0	0	CR	MAX	32/22883664.thl.jpg	22883664.thl.jpg	NOKEY	MAX	NOKEY
1446059836022	0	lts_1028I_14_01	14	01	1	5	0	0	0	CR	MAX	4/26377183.thl.jpg	26377183.thl.jpg	NOKEY	MAX	NOKEY
1446059839113	0	lts_1028I_14_01	14	01	1	6	0	0	0	CR	MAX	ARELSCU49.jpg	ARELSCU49.jpg	NOKEY	MAX	NOKEY
1446059842204	0	lts_1028I_14_01	14	01	1	7	0	0	0	CR	MAX	8/ADARKLAMP.jpg	ADARKLAMP.jpg	NOKEY	MAX	NOKEY
1446059845295	0	lts_1028I_14_01	14	01	1	8	0	0	0	CR	MAX	ACAMLENSE.jpg	ACAMLENSE.jpg	NOKEY	MAX	NOKEY
1446059846314	0	lts_1028I_14_01	14	01	1	9	4	1	1	Hit	548	4-0/26377183.thl.jpg	26377183.thl.jpg	SPACE	584	SPACE
1446059849405	0	lts_1028I_14_01	14	01	1	10	0	0	0	CR	MAX	Achick9.jpg	Achick9.jpg	NOKEY	MAX	NOKEY
1446059850508	0	lts_1028I_14_01	14	01	1	11	00	1	1	Hit	633	00-across/AARTBERRI.jpg	AARTBERRI.jpg	SPACE	668	SPACE
1446059853599	0	lts_1028I_14_01	14	01	1	12	0	0	0	CR	MAX	ALAZQUART.jpg	ALAZQUART.jpg	NOKEY	MAX	NOKEY
1446059856689	0	lts_1028I_14_01	14	01	1	13	0	0	0	CR	MAX	8054039.thl.jpg	8054039.thl.jpg	NOKEY	MAX	NOKEY
1446059859780	0	lts_1028I_14_01	14	01	1	14	0	0	0	CR	MAX	butterflycross-stitch.jpg	butterflycross-stitch.jpg	NOKEY	MAX	NOKEY
1446059860783	0	lts_1028I_14_01	14	01	1	15	8	1	1	Hit	515	8-first/ADARKLAMP.jpg	ADARKLAMP.jpg	SPACE	552	SPACE
1446059863874	0	lts_1028I_14_01	14	01	1	16	0	0	0	CR	MAX	AANTCASH3.jpg	AANTCASH3.jpg	NOKEY	MAX	NOKEY
1446059866965	0	lts_1028I_14_01	14	01	1	17	0	0	0	CR	MAX	Aim4ribbo.jpg	Aim4ribbo.jpg	NOKEY	MAX	NOKEY
1446059870057	0	lts_1028I_14_01	14	01	1	18	0	0	0	CR	MAX	AARTMELON.jpg	AARTMELON.jpg	NOKEY	MAX	NOKEY
1446059871076	0	lts_1028I_14_01	14	01	1	19	4	1	1	Hit	544	4-mul/ADARKLAMP.jpg	ADARKLAMP.jpg	SPACE	585	SPACE
1446059874167	0	lts_1028I_14_01	14	01	1	20	0	0	0	CR	MAX	butternutsquash.jpg	butternutsquash.jpg	NOKEY	MAX	NOKEY
1446059877241	0	lts_1028I_14_01	14	01	1	21	0	0	0	CR	MAX	1/ABROOCH53.jpg	ABROOCH53.jpg	NOKEY	MAX	NOKEY
1446059878161	0	lts_1028I_14_01	14	01	1	22	1	1	1	Hit	443	1-14/ABROOCH53.jpg	ABROOCH53.jpg	SPACE	483	SPACE
1446059881251	0	lts_1028I_14_01	14	01	1	23	0	0	0	CR	MAX	128/E_tractor.jpg	E_tractor.jpg	NOKEY	MAX	NOKEY
1446059884342	0	lts_1028I_14_01	14	01	1	24	0	0	0	CR	MAX	AFLAMMABL.jpg	AFLAMMABL.jpg	NOKEY	MAX	NOKEY
1446059887417	0	lts_1028I_14_01	14	01	1	25	0	0	0	CR	MAX	64/ABAKINGPA.jpg	ABAKINGPA.jpg	NOKEY	MAX	NOKEY
1446059890508	0	lts_1028I_14_01	14	01	1	26	0	0	0	CR	MAX	128/ATRIANGL2.jpg	ATRIANGL2.jpg	NOKEY	MAX	NOKEY
1446059893599	0	lts_1028I_14_01	14	01	1	27	0	0	0	CR	MAX	10049566.thl.jpg	10049566.thl.jpg	NOKEY	MAX	NOKEY
1446059894635	0	lts_1028I_14_01	14	01	1	28	0	0	1	FA	553	ATROWEL2.jpg	ATROWEL2.jpg	SPACE	602	NOKEY
1446059897708	0	lts_1028I_14_01	14	01	1	29	0	0	0	CR	MAX	Afoodproces27.jpg	Afoodproces27.jpg	NOKEY	MAX	NOKEY
1446059900799	0	lts_1028I_14_01	14	01	1	30	0	0	0	CR	MAX	ACANDEXT.jpg	ACANDEXT.jpg	NOKEY	MAX	NOKEY
1446059903874	0	lts_1028I_14_01	14	01	1	31	0	0	0	CR	MAX	32/22849344.thl.jpg	22849344.thl.jpg	NOKEY	MAX	NOKEY
1446059906965	0	lts_1028I_14_01	14	01	1	32	0	0	0	CR	MAX	8/8252024.thl.jpg	8252024.thl.jpg	NOKEY	MAX	NOKEY
1446059910057	0	lts_1028I_14_01	14	01	1	33	0	0	0	CR	MAX	batteries-a.jpg	batteries-a.jpg	NOKEY	MAX	NOKEY
1446059913148	0	lts_1028I_14_01	14	01	1	34	0	0	0	CR	MAX	Adolphin3.jpg	Adolphin3.jpg	NOKEY	MAX	NOKEY
1446059916222	0	lts_1028I_14_01	14	01	1	35	0	0	0	CR	MAX	16/26370651.thm.jpg	26370651.thm.jpg	NOKEY	MAX	NOKEY
1446059919046	0	lts_1028I_14_01	14	01	1	36	32	1	1	Hit	2350	32-8/22883664.thl.jpg	22883664.thl.jpg	SPACE	2390	SPACE
1446059922137	0	lts_1028I_14_01	14	01	1	37	0	0	0	CR	MAX	26282693.thl.jpg	26282693.thl.jpg	NOKEY	MAX	NOKEY
1446059925228	0	lts_1028I_14_01	14	01	1	38	0	0	0	CR	MAX	Achickendinne.jpg	Achickendinne.jpg	NOKEY	MAX	NOKEY
1446059928302	0	lts_1028I_14_01	14	01	1	39	0	0	0	CR	MAX	Abicyclebrak4.jpg	Abicyclebrak4.jpg	NOKEY	MAX	NOKEY
1446059929488	0	lts_1028I_14_01	14	01	1	40	8	1	1	Hit	704	8-first/8252024.thl.jpg	8252024.thl.jpg	SPACE	753	SPACE
1446059932579	0	lts_1028I_14_01	14	01	1	41	0	0	0	CR	MAX	decorativesquash.jpg	decorativesquash.jpg	NOKEY	MAX	NOKEY
1446059935669	0	lts_1028I_14_01	14	01	1	42	0	0	0	CR	MAX	64/AEMERGLI4.jpg	AEMERGLI4.jpg	NOKEY	MAX	NOKEY
1446059938761	0	lts_1028I_14_01	14	01	1	43	0	0	0	CR	MAX	4/Abottle98.jpg	Abottle98.jpg	NOKEY	MAX	NOKEY
1446059941852	0	lts_1028I_14_01	14	01	1	44	0	0	0	CR	MAX	1/26425573.thl.jpg	26425573.thl.jpg	NOKEY	MAX	NOKEY
1446059942737	0	lts_1028I_14_01	14	01	1	45	1	1	1	Hit	407	1-3/26425573.thl.jpg	26425573.thl.jpg	SPACE	452	SPACE
1446059945812	0	lts_1028I_14_01	14	01	1	46	0	0	0	CR	MAX	26421583.thl.jpg	26421583.thl.jpg	NOKEY	MAX	NOKEY
1446059946848	0	lts_1028I_14_01	14	01	1	47	4	1	1	Hit	555	4-1/Abottle98.jpg	Abottle98.jpg	SPACE	602	SPACE
1446059949939	0	lts_1028I_14_01	14	01	1	48	0	0	0	CR	MAX	8061236.thl.jpg	8061236.thl.jpg	NOKEY	MAX	NOKEY
1446059951059	0	lts_1028I_14_01	14	01	1	49	00	1	1	Hit	646	00-across/ASMOKDE16.jpg	ASMOKDE16.jpg	SPACE	686	SPACE
1446059952929	0	lts_1028I_14_01	14	01	1	50	0	0	1	FA	1389	Atool198.jpg	Atool198.jpg	SPACE	1436	NOKEY
1446059954050	0	lts_1028I_14_01	14	01	1	51	16	1	1	Hit	650	16-first/26370651.thm.jpg	26370651.thm.jpg	SPACE	686	SPACE
1446059957124	0	lts_1028I_14_01	14	01	1	52	0	0	0	CR	MAX	patioheater.jpg	patioheater.jpg	NOKEY	MAX	NOKEY
1446059960215	0	lts_1028I_14_01	14	01	1	53	0	0	0	CR	MAX	16/Aclamp58.jpg	Aclamp58.jpg	NOKEY	MAX	NOKEY
1446059961418	0	lts_1028I_14_01	14	01	1	54	0	0	1	FA	707	workbench.jpg	workbench.jpg	SPACE	752	NOKEY
1446059964509	0	lts_1028I_14_01	14	01	1	55	0	0	0	CR	MAX	AMANGO.jpg	AMANGO.jpg	NOKEY	MAX	NOKEY
1446059965845	0	lts_1028I_14_01	14	01	1	56	16	1	1	Hit	862	16-mul/8252024.thl.jpg	8252024.thl.jpg	SPACE	902	SPACE
1446059968919	0	lts_1028I_14_01	14	01	1	57	0	0	0	CR	MAX	ACOLOGNE.jpg	ACOLOGNE.jpg	NOKEY	MAX	NOKEY
1446059971994	0	lts_1028I_14_01	14	01	1	58	0	0	0	CR	MAX	AMETDETE2.jpg	AMETDETE2.jpg	NOKEY	MAX	NOKEY
1446059975086	0	lts_1028I_14_01	14	01	1	59	0	0	0	CR	MAX	16/APYRITE7.jpg	APYRITE7.jpg	NOKEY	MAX	NOKEY
1446059978160	0	lts_1028I_14_01	14	01	1	60	0	0	0	CR	MAX	AMANJUI2.jpg	AMANJUI2.jpg	NOKEY	MAX	NOKEY
1446059981251	0	lts_1028I_14_01	14	01	1	61	0	0	0	CR	MAX	ASTAR.jpg	ASTAR.jpg	NOKEY	MAX	NOKEY
1446059984325	0	lts_1028I_14_01	14	01	1	62	0	0	0	CR	MAX	AGARBCAN.jpg	AGARBCAN.jpg	NOKEY	MAX	NOKEY
1446059985311	0	lts_1028I_14_01	14	01	1	63	32	1	1	Hit	510	32-5/22849344.thl.jpg	22849344.thl.jpg	SPACE	550	SPACE
1446059988402	0	lts_1028I_14_01	14	01	1	64	0	0	0	CR	MAX	A95CHEROK.jpg	A95CHEROK.jpg	NOKEY	MAX	NOKEY
1446059991493	0	lts_1028I_14_01	14	01	1	65	0	0	0	CR	MAX	26375899.thl.jpg	26375899.thl.jpg	NOKEY	MAX	NOKEY
1446059994584	0	lts_1028I_14_01	14	01	1	66	0	0	0	CR	MAX	Aplantinpot4.jpg	Aplantinpot4.jpg	NOKEY	MAX	NOKEY
1446059995620	0	lts_1028I_14_01	14	01	1	67	16	1	1	Hit	558	16-mul/26370651.thm.jpg	26370651.thm.jpg	SPACE	601	SPACE
1446059998710	0	lts_1028I_14_01	14	01	1	68	0	0	0	CR	MAX	driedbananaslides.jpg	driedbananaslides.jpg	NOKEY	MAX	NOKEY
1446059999713	0	lts_1028I_14_01	14	01	1	69	16	1	1	Hit	525	16-first/Aclamp58.jpg	Aclamp58.jpg	SPACE	569	SPACE
1446060002804	0	lts_1028I_14_01	14	01	1	70	0	0	0	CR	MAX	AASPHALT.jpg	AASPHALT.jpg	NOKEY	MAX	NOKEY
1446060003957	0	lts_1028I_14_01	14	01	1	71	00	1	1	Hit	668	00-across/AEASEL22.jpg	AEASEL22.jpg	SPACE	720	SPACE
1446060007066	0	lts_1028I_14_01	14	01	1	72	0	0	0	CR	MAX	128/26440756.thl.jpg	26440756.thl.jpg	NOKEY	MAX	NOKEY
1446060008051	0	lts_1028I_14_01	14	01	1	73	4	1	1	Hit	512	4-mul/Aclamp58.jpg	Aclamp58.jpg	SPACE	551	SPACE
1446060011126	0	lts_1028I_14_01	14	01	1	74	0	0	0	CR	MAX	Abicycleshoe.jpg	Abicycleshoe.jpg	NOKEY	MAX	NOKEY
1446060012161	0	lts_1028I_14_01	14	01	1	75	16	1	1	Hit	562	16-first/APYRITE7.jpg	APYRITE7.jpg	SPACE	601	SPACE
1446060015252	0	lts_1028I_14_01	14	01	1	76	0	0	0	CR	MAX	APIPE8.jpg	APIPE8.jpg	NOKEY	MAX	NOKEY
1446060016238	0	lts_1028I_14_01	14	01	1	77	2	1	1	Hit	506	2-mul/APYRITE7.jpg	APYRITE7.jpg	SPACE	550	SPACE
1446060019329	0	lts_1028I_14_01	14	01	1	78	0	0	0	CR	MAX	1/ATELEPH12.jpg	ATELEPH12.jpg	NOKEY	MAX	NOKEY
1446060020248	0	lts_1028I_14_01	14	01	1	79	1	1	1	Hit	436	1-7/ATELEPH12.jpg	ATELEPH12.jpg	SPACE	483	SPACE
1446060023322	0	lts_1028I_14_01	14	01	1	80	0	0	0	CR	MAX	ARCMPPOL2.jpg	ARCMPPOL2.jpg	NOKEY	MAX	NOKEY
1446060026414	0	lts_1028I_14_01	14	01	1	81	0	0	0	CR	MAX	32/Achildsplaype.jpg	Achildsplaype.jpg	NOKEY	MAX	NOKEY
1446060029488	0	lts_1028I_14_01	14	01	1	82	0	0	0	CR	MAX	1/26440629.thl.jpg	26440629.thl.jpg	NOKEY	MAX	NOKEY
1446060030357	0	lts_1028I_14_01	14	01	1	83	1	1	1	Hit	383	1-9/26440629.thl.jpg	26440629.thl.jpg	SPACE	434	SPACE
1446060033448	0	lts_1028I_14_01	14	01	1	84	0	0	0	CR	MAX	Aradio24.jpg	Aradio24.jpg	NOKEY	MAX	NOKEY
1446060036539	0	lts_1028I_14_01	14	01	1	85	0	0	0	CR	MAX	Adice10.jpg	Adice10.jpg	NOKEY	MAX	NOKEY
1446060039630	0	lts_1028I_14_01	14	01	1	86	0	0	0	CR	MAX	Abaleofhay.jpg	Abaleofhay.jpg	NOKEY	MAX	NOKEY
1446060042703	0	lts_1028I_14_01	14	01	1	87	0	0	0	CR	MAX	Adigitalcamer.jpg	Adigitalcamer.jpg	NOKEY	MAX	NOKEY
1446060045794	0	lts_1028I_14_01	14	01	1	88	0	0	0	CR	MAX	ASUNBOX5.jpg	ASUNBOX5.jpg	NOKEY	MAX	NOKEY
1446060047132	0	lts_1028I_14_01	14	01	1	89	64	1	1	Hit	854	64-first/ABAKINGPA.jpg	ABAKINGPA.jpg	SPACE	902	SPACE
1446060050206	0	lts_1028I_14_01	14	01	1	90	0	0	0	CR	MAX	ATOASTE22.jpg	ATOASTE22.jpg	NOKEY	MAX	NOKEY
1446060053297	0	lts_1028I_14_01	14	01	1	91	4	1	0	Miss	MAX	4/fortune-cookie.jpg	fortune-cookie.jpg	NOKEY	MAX	SPACE
1446060056388	0	lts_1028I_14_01	14	01	1	92	0	0	0	CR	MAX	oignonrings.jpg	oignonrings.jpg	NOKEY	MAX	NOKEY
1446060057357	0	lts_1028I_14_01	14	01	1	93	4	1	1	Hit	490	4-mul/ABAKINGPA.jpg	ABAKINGPA.jpg	SPACE	534	SPACE
1446060060449	0	lts_1028I_14_01	14	01	1	94	0	0	0	CR	MAX	23016343.thl.jpg	23016343.thl.jpg	NOKEY	MAX	NOKEY
1446060061468	0	lts_1028I_14_01	14	01	1	95	4	1	1	Hit	535	4-3/fortune-cookie.jpg	fortune-cookie.jpg	SPACE	585	SPACE
1446060064559	0	lts_1028I_14_01	14	01	1	96	0	0	0	CR	MAX	Atoybird10.jpg	Atoybird10.jpg	NOKEY	MAX	NOKEY
1446060067650	0	lts_1028I_14_01	14	01	1	97	0	0	0	CR	MAX	32/Apilldispens3.jpg	Apilldispens3.jpg	NOKEY	MAX	NOKEY
1446060070740	0	lts_1028I_14_01	14	01	1	98	0	0	0	CR	MAX	1/Astirstick.jpg	Astirstick.jpg	NOKEY	MAX	NOKEY
1446060071676	0	lts_1028I_14_01	14	01	1	99	1	1	1	Hit	456	1-6/Astirstick.jpg	Astirstick.jpg	SPACE	503	SPACE
1446060072996	0	lts_1028I_14_01	14	01	1	100	0	0	1	FA	851	64/Acarjack2.jpg	Acarjack2.jpg	SPACE	887	NOKEY
1446060076088	0	lts_1028I_14_01	14	01	1	101	0	0	0	CR	MAX	26372390.thl.jpg	26372390.thl.jpg	NOKEY	MAX	NOKEY
1446060077691	0	lts_1028I_14_01	14	01	1	102	0	0	1	FA	1091	2/Aintercom6.jpg	Aintercom6.jpg	SPACE	1136	NOKEY
1446060078544	0	lts_1028I_14_01	14	01	1	103	0	0	1	FA	365	22824840.thl.jpg	22824840.thl.jpg	SPACE	402	NOKEY
1446060081618	0	lts_1028I_14_01	14	01	1	104	2	1	0	Miss	MAX	2-11/Aintercom6.jpg	Aintercom6.jpg	NOKEY	MAX	SPACE
1446060084725	0	lts_1028I_14_01	14	01	1	105	0	0	0	CR	MAX	AEIFFELTO.jpg	AEIFFELTO.jpg	NOKEY	MAX	NOKEY
1446060086213	0	lts_1028I_14_01	14	01	1	106	64	1	1	Hit	1011	64-first/AEMERGLI4.jpg	AEMERGLI4.jpg	SPACE	1053	SPACE
1446060089304	0	lts_1028I_14_01	14	01	1	107	0	0	0	CR	MAX	32/Afrog45.jpg	Afrog45.jpg	NOKEY	MAX	NOKEY
1446060092395	0	lts_1028I_14_01	14	01	1	108	0	0	0	CR	MAX	corkscrew02.jpg	corkscrew02.jpg	NOKEY	MAX	NOKEY
1446060095553	0	lts_1028I_14_01	14	01	1	109	0	0	0	CR	MAX	26437080.thl.jpg	26437080.thl.jpg	NOKEY	MAX	NOKEY
1446060096539	0	lts_1028I_14_01	14	01	1	110	4	1	1	Hit	515	4-mul/AEMERGLI4.jpg	AEMERGLI4.jpg	SPACE	552	SPACE
1446060099630	0	lts_1028I_14_01	14	01	1	111	0	0	0	CR	MAX	4/Acanister10.jpg	Acanister10.jpg	NOKEY	MAX	NOKEY
1446060102720	0	lts_1028I_14_01	14	01	1	112	0	0	0	CR	MAX	Apostalscale2.jpg	Apostalscale2.jpg	NOKEY	MAX	NOKEY
1446060103722	0	lts_1028I_14_01	14	01	1	113	32	1	1	Hit	532	32-7/Achildsplaype.jpg	Achildsplaype.jpg	SPACE	569	SPACE
1446060106813	0	lts_1028I_14_01	14	01	1	114	0	0	0	CR	MAX	26772997.thl.jpg	26772997.thl.jpg	NOKEY	MAX	NOKEY
1446060109888	0	lts_1028I_14_01	14	01	1	115	4	1	0	Miss	MAX	4-5/Acanister10.jpg	Acanister10.jpg	NOKEY	MAX	SPACE
1446060112962	0	lts_1028I_14_01	14	01	1	116	0	0	0	CR	MAX	ASEASH8.jpg	ASEASH8.jpg	NOKEY	MAX	NOKEY
1446060116038	0	lts_1028I_14_01	14	01	1	117	0	0	0	CR	MAX	D_dumpster.jpg	D_dumpster.jpg	NOKEY	MAX	NOKEY
1446060119128	0	lts_1028I_14_01	14	01	1	118	0	0	0	CR	MAX	4/Aboardgame2.jpg	Aboardgame2.jpg	NOKEY	MAX	NOKEY
1446060122219	0	lts_1028I_14_01	14	01	1	119	0	0	0	CR	MAX	Atoyservices2.jpg	Atoyservices2.jpg	NOKEY	MAX	NOKEY
1446060125310	0	lts_1028I_14_01	14	01	1	120	0	0	0	CR	MAX	ASUSHI9.jpg	ASUSHI9.jpg	NOKEY	MAX	NOKEY
1446060128385	0	lts_1028I_14_01	14	01	1	121	0	0	0	CR	MAX	ASALAMI.jpg	ASALAMI.jpg	NOKEY	MAX	NOKEY
1446060129437	0	lts_1028I_14_01	14	01	1	122	4	1	1	Hit	579	4-6/Aboardgame2.jpg	Aboardgame2.jpg	SPACE	619	SPACE
1446060132528	0	lts_1028I_14_01	14	01	1	123	0	0	0	CR	MAX	APERSRUG.jpg	APERSRUG.jpg	NOKEY	MAX	NOKEY
1446060135620	0	lts_1028I_14_01	14	01	1	124	0	0	0	CR	MAX	8/22908308.thl.jpg	22908308.thl.jpg	NOKEY	MAX	NOKEY
1446060136788	0	lts_1028I_14_01	14	01	1	125	00	1	1	Hit	699	00-across/AOTOSCOP5.jpg	AOTOSCOP5.jpg	SPACE	735	SPACE
1446060139879	0	lts_1028I_14_01	14	01	1	126	0	0	0	CR	MAX	Achrisd25.jpg	Achrisd25.jpg	NOKEY	MAX	NOKEY
1446060142970	0	lts_1028I_14_01	14	01	1	127	0	0	0	CR	MAX	8/ALAMP.jpg	ALAMP.jpg	NOKEY	MAX	NOKEY
1446060146063	0	lts_1028I_14_01	14	01	1	128	0	0	0	CR	MAX	Apurse83.jpg	Apurse83.jpg	NOKEY	MAX	NOKEY
1446060147399	0	lts_1028I_14_01	14	01	1	129	32	1	1	Hit	863	32-6/Apilldispens3.jpg	Apilldispens3.jpg	SPACE	901	SPACE
1446060150473	0	lts_1028I_14_01	14	01	1	130	0	0	0	CR	MAX	Asharktoy.jpg	Asharktoy.jpg	NOKEY	MAX	NOKEY
1446060153564	0	lts_1028I_14_01	14	01	1	131	0	0	0	CR	MAX	ASTOOL.jpg	ASTOOL.jpg	NOKEY	MAX	NOKEY
1446060154550	0	lts_1028I_14_01	14	01	1	132	8	1	1	Hit	507	8-first/22908308.thl.jpg	22908308.thl.jpg	SPACE	551	SPACE
1446060157641	0	lts_1028I_14_01	14	01	1	133	0	0	0	CR	MAX	8/ATOOLS.jpg	ATOOLS.jpg	NOKEY	MAX	NOKEY
1446060160731	0	lts_1028I_14_01	14	01	1	134	0	0	0	CR	MAX	ACHINBRB4.jpg	ACHINBRB4.jpg	NOKEY	MAX	NOKEY
1446060161717	0	lts_1028I_14_01	14	01	1	135	8	1	1	Hit	509	8-2/ALAMP.jpg	ALAMP.jpg	SPACE	552	SPACE
1446060164808	0	lts_1028I_14_01	14	01	1	136	0	0	0	CR	MAX	1/26772824.thl.jpg	26772824.thl.jpg	NOKEY	MAX	NOKEY
1446060165827	0	lts_1028I_14_01	14	01	1	137	1	1	1	Hit	549	1-8/26772824.thl.jpg	26772824.thl.jpg	SPACE	585	SPACE
1446060168919	0	lts_1028I_14_01	14	01	1	138	0	0	0	CR	MAX	ATOWELRA3.jpg	ATOWELRA3.jpg	NOKEY	MAX	NOKEY
1446060169904	0	lts_1028I_14_01	14	01	1	139	32	1	1	Hit	517	32-1/Afrog45.jpg	Afrog45.jpg	SPACE	552	SPACE
1446060172194	0	lts_1028I_14_01	14	01	1	140	0	0	1	FA	1800	ASTEAMER4.jpg	ASTEAMER4.jpg	SPACE	1837	NOKEY
1446060173297	0	lts_1028I_14_01	14	01	1	141	8	1	1	Hit	623	8-first/ATOOLS.jpg	ATOOLS.jpg	SPACE	668	SPACE
1446060176388	0	lts_1028I_14_01	14	01	1	142	0	0	0	CR	MAX	26441750.thl.jpg	26441750.thl.jpg	NOKEY	MAX	NOKEY
1446060179479	0	lts_1028I_14_01	14	01	1	143	0	0	0	CR	MAX	26688546.thl.jpg	26688546.thl.jpg	NOKEY	MAX	NOKEY
1446060182570	0	lts_1028I_14_01	14	01	1	144	0	0	0	CR	MAX	64/26374767.thl.jpg	26374767.thl.jpg	NOKEY	MAX	NOKEY
1446060183539	0	lts_1028I_14_01	14	01	1	145	4	1	1	Hit	485	4-mul/ATOOLS.jpg	ATOOLS.jpg	SPACE	534	SPACE
1446060186614	0	lts_1028I_14_01	14	01	1	146	0	0	0	CR	MAX	ACAMPSTOO.jpg	ACAMPSTOO.jpg	NOKEY	MAX	NOKEY
1446060189687	0	lts_1028I_14_01	14	01	1	147	0	0	0	CR	MAX	AAFRIMAS5.jpg	AAFRIMAS5.jpg	NOKEY	MAX	NOKEY
1446060190640	0	lts_1028I_14_01	14	01	1	148	16	1	1	Hit	481	16-mul/22908308.thl.jpg	22908308.thl.jpg	SPACE	519	SPACE
1446060193730	0	lts_1028I_14_01	14	01	1	149	0	0	0	CR	MAX	26467443.thl.jpg	26467443.thl.jpg	NOKEY	MAX	NOKEY
1446060196805	0	lts_1028I_14_01	14	01	1	150	0	0	0	CR	MAX	AAIRBLOW.jpg	AAIRBLOW.jpg	NOKEY	MAX	NOKEY
1446060199879	0	lts_1028I_14_01	14	01	1	151	128	1	0	Miss	MAX	128-1/E_tractor.jpg	E_tractor.jpg	NOKEY	MAX	SPACE
1446060202953	0	lts_1028I_14_01	14	01	1	152	0	0	0	CR	MAX	ABAKBRUS2.jpg	ABAKBRUS2.jpg	NOKEY	MAX	NOKEY
1446060206045	0	lts_1028I_14_01	14	01	1	153	0	0	0	CR	MAX	ANAPRINGS.jpg	ANAPRINGS.jpg	NOKEY	MAX	NOKEY
1446060207298	0	lts_1028I_14_01	14	01	1	154	128	1	1	Hit	778	128-7/ATRIANGL2.jpg	ATRIANGL2.jpg	SPACE	818	SPACE
1446060210389	0	lts_1028I_14_01	14	01	1	155	0	0	0	CR	MAX	23016235.thl.jpg	23016235.thl.jpg	NOKEY	MAX	NOKEY
1446060213481	0	lts_1028I_14_01	14	01	1	156	0	0	0	CR	MAX	ABUFFALO.jpg	ABUFFALO.jpg	NOKEY	MAX	NOKEY
1446060215653	0	lts_1028I_14_01	14	01	1	157	0	0	1	FA	1691	ShoeHorn.jpg	ShoeHorn.jpg	SPACE	1738	NOKEY
1446060218726	0	lts_1028I_14_01	14	01	1	158	0	0	0	CR	MAX	2/ACURLIR13.jpg	ACURLIR13.jpg	NOKEY	MAX	NOKEY
1446060221817	0	lts_1028I_14_01	14	01	1	159	0	0	0	CR	MAX	Agaspump3.jpg	Agaspump3.jpg	NOKEY	MAX	NOKEY
1446060222953	0	lts_1028I_14_01	14	01	1	160	2	1	1	Hit	665	2-13/ACURLIR13.jpg	ACURLIR13.jpg	SPACE	702	SPACE
1446060226045	0	lts_1028I_14_01	14	01	1	161	0	0	0	CR	MAX	16/Abicycleglove.jpg	Abicycleglove.jpg	NOKEY	MAX	NOKEY
1446060229119	0	lts_1028I_14_01	14	01	1	162	0	0	0	CR	MAX	26428593.thl.jpg	26428593.thl.jpg	NOKEY	MAX	NOKEY
1446060232194	0	lts_1028I_14_01	14	01	1	163	0	0	0	CR	MAX	23065398.thl.jpg	23065398.thl.jpg	NOKEY	MAX	NOKEY
1446060233246	0	lts_1028I_14_01	14	01	1	164	64	1	1	Hit	575	64-first/Acarjack2.jpg	Acarjack2.jpg	SPACE	618	SPACE
1446060236338	0	lts_1028I_14_01	14	01	1	165	0	0	0	CR	MAX	23044458.thl.jpg	23044458.thl.jpg	NOKEY	MAX	NOKEY
1446060237373	0	lts_1028I_14_01	14	01	1	166	2	1	1	Hit	562	2-mul/Acarjack2.jpg	Acarjack2.jpg	SPACE	601	SPACE
1446060240464	0	lts_1028I_14_01	14	01	1	167	0	0	0	CR	MAX	Aadvcalen.jpg	Aadvcalen.jpg	NOKEY	MAX	NOKEY
1446060243556	0	lts_1028I_14_01	14	01	1	168	0	0	0	CR	MAX	128/knife01.jpg	knife01.jpg	NOKEY	MAX	NOKEY
1446060246630	0	lts_1028I_14_01	14	01	1	169	0	0	0	CR	MAX	16/26428110.thl.jpg	26428110.thl.jpg	NOKEY	MAX	NOKEY
1446060249720	0	lts_1028I_14_01	14	01	1	170	0	0	0	CR	MAX	2/Acatstatue3.jpg	Acatstatue3.jpg	NOKEY	MAX	NOKEY
1446060252794	0	lts_1028I_14_01	14	01	1	171	0	0	0	CR	MAX	Astackingtoy2.jpg	Astackingtoy2.jpg	NOKEY	MAX	NOKEY
1446060253797	0	lts_1028I_14_01	14	01	1	172	2	1	1	Hit	518	2-10/Acatstatue3.jpg	Acatstatue3.jpg	SPACE	569	SPACE
1446060256888	0	lts_1028I_14_01	14	01	1	173	0	0	0	CR	MAX	Amanatee2.jpg	Amanatee2.jpg	NOKEY	MAX	NOKEY
1446060259979	0	lts_1028I_14_01	14	01	1	174	0	0	0	CR	MAX	Apizzadoughin.jpg	Apizzadoughin.jpg	NOKEY	MAX	NOKEY
1446060263071	0	lts_1028I_14_01	14	01	1	175	0	0	0	CR	MAX	AWHISBARR.jpg	AWHISBARR.jpg	NOKEY	MAX	NOKEY
1446060266162	0	lts_1028I_14_01	14	01	1	176	0	0	0	CR	MAX	8020414.thl.jpg	8020414.thl.jpg	NOKEY	MAX	NOKEY
1446060267248	0	lts_1028I_14_01	14	01	1	177	16	1	1	Hit	611	16-first/Abicycleglove.jpg	Abicycleglove.jpg	SPACE	651	SPACE
1446060268518	0	lts_1028I_14_01	14	01	1	178	0	0	1	FA	770	Agolfbag.jpg	Agolfbag.jpg	SPACE	819	NOKEY
1446060271609	0	lts_1028I_14_01	14	01	1	179	0	0	0	CR	MAX	Aoilcan11.jpg	Aoilcan11.jpg	NOKEY	MAX	NOKEY
1446060274699	0	lts_1028I_14_01	14	01	1	180	0	0	0	CR	MAX	64/26428576.thl.jpg	26428576.thl.jpg	NOKEY	MAX	NOKEY
1446060275702	0	lts_1028I_14_01	14	01	1	181	4	1	1	Hit	528	4-mul/Abicycleglove.jpg	Abicycleglove.jpg	SPACE	569	SPACE
1446060278793	0	lts_1028I_14_01	14	01	1	182	0	0	0	CR	MAX	1/AVIOLINCO.jpg	AVIOLINCO.jpg	NOKEY	MAX	NOKEY
1446060279712	0	lts_1028I_14_01	14	01	1	183	1	1	1	Hit	435	1-2/AVIOLINCO.jpg	AVIOLINCO.jpg	SPACE	486	SPACE
1446060282803	0	lts_1028I_14_01	14	01	1	184	0	0	0	CR	MAX	8/Apepperoni.jpg	Apepperoni.jpg	NOKEY	MAX	NOKEY
1446060283889	0	lts_1028I_14_01	14	01	1	185	16	1	1	Hit	605	16-first/26428110.thl.jpg	26428110.thl.jpg	SPACE	653	SPACE
1446060286980	0	lts_1028I_14_01	14	01	1	186	0	0	0	CR	MAX	shield.jpg	shield.jpg	NOKEY	MAX	NOKEY
1446060287932	0	lts_1028I_14_01	14	01	1	187	2	1	1	Hit	479	2-mul/26428110.thl.jpg	26428110.thl.jpg	SPACE	519	SPACE
1446060291008	0	lts_1028I_14_01	14	01	1	188	0	0	0	CR	MAX	26424291.thl.jpg	26424291.thl.jpg	NOKEY	MAX	NOKEY
1446060294082	0	lts_1028I_14_01	14	01	1	189	0	0	0	CR	MAX	1/baseball.JPG	baseball.JPG	NOKEY	MAX	NOKEY
1446060295001	0	lts_1028I_14_01	14	01	1	190	1	1	1	Hit	439	1-4/baseball.JPG	baseball.JPG	SPACE	485	SPACE
1446060298075	0	lts_1028I_14_01	14	01	1	191	0	0	0	CR	MAX	APOKCHIP4.jpg	APOKCHIP4.jpg	NOKEY	MAX	NOKEY
1446060299111	0	lts_1028I_14_01	14	01	1	192	8	1	1	Hit	558	8-0/Apepperoni.jpg	Apepperoni.jpg	SPACE	601	SPACE
1446060300598	0	lts_1028I_14_01	14	01	1	193	0	0	1	FA	1003	2/AWASHRACK.jpg	AWASHRACK.jpg	SPACE	1053	NOKEY
1446060303705	0	lts_1028I_14_01	14	01	1	194	0	0	0	CR	MAX	22869912.thl.jpg	22869912.thl.jpg	NOKEY	MAX	NOKEY
1446060304658	0	lts_1028I_14_01	14	01	1	195	2	1	1	Hit	484	2-7/AWASHRACK.jpg	AWASHRACK.jpg	SPACE	519	SPACE
1446060307732	0	lts_1028I_14_01	14	01	1	196	0	0	0	CR	MAX	AWEDCAK15.jpg	AWEDCAK15.jpg	NOKEY	MAX	NOKEY
1446060310806	0	lts_1028I_14_01	14	01	1	197	0	0	0	CR	MAX	1/AGOLDCUP6.jpg	AGOLDCUP6.jpg	NOKEY	MAX	NOKEY
1446060311742	0	lts_1028I_14_01	14	01	1	198	1	1	1	Hit	459	1-0/AGOLDCUP6.jpg	AGOLDCUP6.jpg	SPACE	502	SPACE
1446060314833	0	lts_1028I_14_01	14	01	1	199	0	0	0	CR	MAX	Aflashlight3.jpg	Aflashlight3.jpg	NOKEY	MAX	NOKEY
1446060315936	0	lts_1028I_14_01	14	01	1	200	128	1	1	Hit	631	128-0/26440756.thl.jpg	26440756.thl.jpg	SPACE	669	SPACE
1446060319027	0	lts_1028I_14_01	14	01	1	201	0	0	0	CR	MAX	2/imate.jpg	imate.jpg	NOKEY	MAX	NOKEY
1446060322118	0	lts_1028I_14_01	14	01	1	202	0	0	0	CR	MAX	ASTREESW2.jpg	ASTREESW2.jpg	NOKEY	MAX	NOKEY
1446060323238	0	lts_1028I_14_01	14	01	1	203	2	1	1	Hit	640	2-1/imate.jpg	imate.jpg	SPACE	684	SPACE
1446060326362	0	lts_1028I_14_01	14	01	1	204	0	0	0	CR	MAX	26432848.thl.jpg	26432848.thl.jpg	NOKEY	MAX	NOKEY
1446060329453	0	lts_1028I_14_01	14	01	1	205	0	0	0	CR	MAX	8/Atintelephone.jpg	Atintelephone.jpg	NOKEY	MAX	NOKEY
1446060330606	0	lts_1028I_14_01	14	01	1	206	00	1	1	Hit	674	00-across/AMEATGRI9.jpg	AMEATGRI9.jpg	SPACE	718	SPACE
1446060333696	0	lts_1028I_14_01	14	01	1	207	0	0	0	CR	MAX	32/26369999.thl.jpg	26369999.thl.jpg	NOKEY	MAX	NOKEY
1446060334833	0	lts_1028I_14_01	14	01	1	208	64	1	1	Hit	655	64-first/26374767.thl.jpg	26374767.thl.jpg	SPACE	702	SPACE
1446060336003	0	lts_1028I_14_01	14	01	1	209	0	0	1	FA	681	26420979.thl.jpg	26420979.thl.jpg	SPACE	719	NOKEY
1446060337072	0	lts_1028I_14_01	14	01	1	210	2	1	1	Hit	597	2-mul/26374767.thl.jpg	26374767.thl.jpg	SPACE	636	SPACE
1446060340163	0	lts_1028I_14_01	14	01	1	211	0	0	0	CR	MAX	9821274.thl.jpg	9821274.thl.jpg	NOKEY	MAX	NOKEY
1446060343238	0	lts_1028I_14_01	14	01	1	212	0	0	0	CR	MAX	ABAGGROCE.jpg	ABAGGROCE.jpg	NOKEY	MAX	NOKEY
1446060344290	0	lts_1028I_14_01	14	01	1	213	8	1	1	Hit	583	8-first/Atintelephone.jpg	Atintelephone.jpg	SPACE	618	SPACE
1446060347365	0	lts_1028I_14_01	14	01	1	214	0	0	0	CR	MAX	26432175.thl.jpg	26432175.thl.jpg	NOKEY	MAX	NOKEY
1446060350456	0	lts_1028I_14_01	14	01	1	215	0	0	0	CR	MAX	4/Ascientifict3.jpg	Ascientifict3.jpg	NOKEY	MAX	NOKEY
1446060353547	0	lts_1028I_14_01	14	01	1	216	0	0	0	CR	MAX	ASCALE30.jpg	ASCALE30.jpg	NOKEY	MAX	NOKEY
1446060354549	0	lts_1028I_14_01	14	01	1	217	4	1	1	Hit	533	4-mul/Atintelephone.jpg	Atintelephone.jpg	SPACE	568	SPACE
1446060357640	0	lts_1028I_14_01	14	01	1	218	0	0	0	CR	MAX	Apowerbar7.jpg	Apowerbar7.jpg	NOKEY	MAX	NOKEY
1446060358675	0	lts_1028I_14_01	14	01	1	219	4	1	1	Hit	559	4-4/Ascientifict3.jpg	Ascientifict3.jpg	SPACE	601	SPACE
1446060361750	0	lts_1028I_14_01	14	01	1	220	0	0	0	CR	MAX	neckrest.jpg	neckrest.jpg	NOKEY	MAX	NOKEY
1446060362886	0	lts_1028I_14_01	14	01	1	221	00	1	1	Hit	664	00-across/ATISSUE.jpg	ATISSUE.jpg	SPACE	703	SPACE
1446060365994	0	lts_1028I_14_01	14	01	1	222	0	0	0	CR	MAX	32/Alatch7.jpg	Alatch7.jpg	NOKEY	MAX	NOKEY
1446060367381	0	lts_1028I_14_01	14	01	1	223	0	0	1	FA	886	1/sportsbasket.jpg	sportsbasket.jpg	SPACE	935	NOKEY
1446060368350	0	lts_1028I_14_01	14	01	1	224	1	1	1	Hit	486	1-5/sportsbasket.jpg	sportsbasket.jpg	SPACE	534	SPACE
1446060371425	0	lts_1028I_14_01	14	01	1	225	0	0	0	CR	MAX	4/AARTIVE8.jpg	AARTIVE8.jpg	NOKEY	MAX	NOKEY
1446060374516	0	lts_1028I_14_01	14	01	1	226	0	0	0	CR	MAX	128/8252065.thl.jpg	8252065.thl.jpg	NOKEY	MAX	NOKEY
1446060377607	0	lts_1028I_14_01	14	01	1	227	0	0	0	CR	MAX	ATRIUMPH3.jpg	ATRIUMPH3.jpg	NOKEY	MAX	NOKEY
1446060380714	0	lts_1028I_14_01	14	01	1	228	0	0	0	CR	MAX	AOUTHOUSE.jpg	AOUTHOUSE.jpg	NOKEY	MAX	NOKEY
1446060381817	0	lts_1028I_14_01	14	01	1	229	4	1	1	Hit	623	4-10/AARTIVE8.jpg	AARTIVE8.jpg	SPACE	669	SPACE
1446060384908	0	lts_1028I_14_01	14	01	1	230	0	0	0	CR	MAX	4/ADOGTOY5.jpg	ADOGTOY5.jpg	NOKEY	MAX	NOKEY
1446060387998	0	lts_1028I_14_01	14	01	1	231	0	0	0	CR	MAX	16/APIPEST18.jpg	APIPEST18.jpg	NOKEY	MAX	NOKEY
1446060391090	0	lts_1028I_14_01	14	01	1	232	0	0	0	CR	MAX	ASHEEP4.jpg	ASHEEP4.jpg	NOKEY	MAX	NOKEY
1446060394181	0	lts_1028I_14_01	14	01	1	233	0	0	0	CR	MAX	Abeverageingl.jpg	Abeverageingl.jpg	NOKEY	MAX	NOKEY
1446060395334	0	lts_1028I_14_01	14	01	1	234	4	1	1	Hit	673	4-7/ADOGTOY5.jpg	ADOGTOY5.jpg	SPACE	718	SPACE
1446060398426	0	lts_1028I_14_01	14	01	1	235	0	0	0	CR	MAX	ACUSHIO60.jpg	ACUSHIO60.jpg	NOKEY	MAX	NOKEY
1446060401500	0	lts_1028I_14_01	14	01	1	236	0	0	0	CR	MAX	AHOOK11.jpg	AHOOK11.jpg	NOKEY	MAX	NOKEY
1446060404591	0	lts_1028I_14_01	14	01	1	237	0	0	0	CR	MAX	64/Aantiquehat4.jpg	Aantiquehat4.jpg	NOKEY	MAX	NOKEY
1446060407681	0	lts_1028I_14_01	14	01	1	238	0	0	0	CR	MAX	hulk.jpg	hulk.jpg	NOKEY	MAX	NOKEY
1446060408700	0	lts_1028I_14_01	14	01	1	239	32	1	1	Hit	551	32-4/26369999.thl.jpg	26369999.thl.jpg	SPACE	585	SPACE
1446060411791	0	lts_1028I_14_01	14	01	1	240	0	0	0	CR	MAX	1/ACOMPAS20.jpg	ACOMPAS20.jpg	NOKEY	MAX	NOKEY
1446060414866	0	lts_1028I_14_01	14	01	1	241	1	1	0	Miss	MAX	1-12/ACOMPAS20.jpg	ACOMPAS20.jpg	NOKEY	MAX	SPACE
1446060417957	0	lts_1028I_14_01	14	01	1	242	0	0	0	CR	MAX	Acorn10.jpg	Acorn10.jpg	NOKEY	MAX	NOKEY
1446060421048	0	lts_1028I_14_01	14	01	1	243	0	0	0	CR	MAX	8023888.thl.jpg	8023888.thl.jpg	NOKEY	MAX	NOKEY
1446060422134	0	lts_1028I_14_01	14	01	1	244	64	1	1	Hit	614	64-first/26428576.thl.jpg	26428576.thl.jpg	SPACE	651	SPACE
1446060425226	0	lts_1028I_14_01	14	01	1	245	0	0	0	CR	MAX	26463767.thl.jpg	26463767.thl.jpg	NOKEY	MAX	NOKEY
1446060428317	0	lts_1028I_14_01	14	01	1	246	0	0	0	CR	MAX	AEXIT7.jpg	AEXIT7.jpg	NOKEY	MAX	NOKEY
1446060429420	0	lts_1028I_14_01	14	01	1	247	16	1	1	Hit	624	16-first/APIPEST18.jpg	APIPEST18.jpg	SPACE	668	SPACE
1446060432511	0	lts_1028I_14_01	14	01	1	248	0	0	0	CR	MAX	4/Awinecase.jpg	Awinecase.jpg	NOKEY	MAX	NOKEY
1446060433530	0	lts_1028I_14_01	14	01	1	249	2	1	1	Hit	546	2-mul/APIPEST18.jpg	APIPEST18.jpg	SPACE	585	SPACE
1446060435552	0	lts_1028I_14_01	14	01	1	250	0	0	1	FA	1520	8/AELECOVER.jpg	AELECOVER.jpg	SPACE	1570	NOKEY
1446060438643	0	lts_1028I_14_01	14	01	1	251	0	0	0	CR	MAX	ACHIPROL2.jpg	ACHIPROL2.jpg	NOKEY	MAX	NOKEY
1446060439912	0	lts_1028I_14_01	14	01	1	252	4	1	1	Hit	788	4-8/Awinecase.jpg	Awinecase.jpg	SPACE	835	SPACE
1446060443037	0	lts_1028I_14_01	14	01	1	253	0	0	0	CR	MAX	26440422.thl.jpg	26440422.thl.jpg	NOKEY	MAX	NOKEY
1446060444089	0	lts_1028I_14_01	14	01	1	254	32	1	1	Hit	570	32-2/Alatch7.jpg	Alatch7.jpg	SPACE	618	SPACE
1446060445393	0	lts_1028I_14_01	14	01	1	255	0	0	1	FA	805	26374089.thl.jpg	26374089.thl.jpg	SPACE	851	NOKEY
1446060448484	0	lts_1028I_14_01	14	01	1	256	0	0	0	CR	MAX	Abreadrolls.jpg	Abreadrolls.jpg	NOKEY	MAX	NOKEY
1446060451575	0	lts_1028I_14_01	14	01	1	257	0	0	0	CR	MAX	8/26421536.thl.jpg	26421536.thl.jpg	NOKEY	MAX	NOKEY
1446060452727	0	lts_1028I_14_01	14	01	1	258	8	1	1	Hit	672	8-first/AELECOVER.jpg	AELECOVER.jpg	SPACE	719	SPACE
1446060455801	0	lts_1028I_14_01	14	01	1	259	0	0	0	CR	MAX	hatslmar.jpg	hatslmar.jpg	NOKEY	MAX	NOKEY
1446060456787	0	lts_1028I_14_01	14	01	1	260	16	1	1	Hit	505	16-mul/26428576.thl.jpg	26428576.thl.jpg	SPACE	552	SPACE
1446060459878	0	lts_1028I_14_01	14	01	1	261	0	0	0	CR	MAX	ALIQBOOK.jpg	ALIQBOOK.jpg	NOKEY	MAX	NOKEY
1446060462986	0	lts_1028I_14_01	14	01	1	262	0	0	0	CR	MAX	Ascale60.jpg	Ascale60.jpg	NOKEY	MAX	NOKEY
1446060464123	0	lts_1028I_14_01	14	01	1	263	00	1	1	Hit	655	00-across/Aberries5.jpg	Aberries5.jpg	SPACE	701	SPACE
1446060467214	0	lts_1028I_14_01	14	01	1	264	0	0	0	CR	MAX	Awildberries.jpg	Awildberries.jpg	NOKEY	MAX	NOKEY
1446060468350	0	lts_1028I_14_01	14	01	1	265	8	1	1	Hit	655	8-first/26421536.thl.jpg	26421536.thl.jpg	SPACE	701	SPACE
1446060471441	0	lts_1028I_14_01	14	01	1	266	0	0	0	CR	MAX	Atoytractor17.jpg	Atoytractor17.jpg	NOKEY	MAX	NOKEY
1446060472394	0	lts_1028I_14_01	14	01	1	267	2	1	1	Hit	470	2-mul/26421536.thl.jpg	26421536.thl.jpg	SPACE	517	SPACE
1446060475468	0	lts_1028I_14_01	14	01	1	268	0	0	0	CR	MAX	26374146.thl.jpg	26374146.thl.jpg	NOKEY	MAX	NOKEY
1446060478542	0	lts_1028I_14_01	14	01	1	269	0	0	0	CR	MAX	26373735.thl.jpg	26373735.thl.jpg	NOKEY	MAX	NOKEY
1446060481617	0	lts_1028I_14_01	14	01	1	270	0	0	0	CR	MAX	2/AIRONBOA8.jpg	AIRONBOA8.jpg	NOKEY	MAX	NOKEY
1446060484707	0	lts_1028I_14_01	14	01	1	271	0	0	0	CR	MAX	64/Afueltank11.jpg	Afueltank11.jpg	NOKEY	MAX	NOKEY
1446060485676	0	lts_1028I_14_01	14	01	1	272	2	1	1	Hit	498	2-3/AIRONBOA8.jpg	AIRONBOA8.jpg	SPACE	536	SPACE
1446060488750	0	lts_1028I_14_01	14	01	1	273	0	0	0	CR	MAX	26437068.thl.jpg	26437068.thl.jpg	NOKEY	MAX	NOKEY
1446060489769	0	lts_1028I_14_01	14	01	1	274	16	1	1	Hit	536	16-mul/AELECOVER.jpg	AELECOVER.jpg	SPACE	585	SPACE
1446060492844	0	lts_1028I_14_01	14	01	1	275	0	0	0	CR	MAX	2/AEGGHOLDE.jpg	AEGGHOLDE.jpg	NOKEY	MAX	NOKEY
1446060495935	0	lts_1028I_14_01	14	01	1	276	0	0	0	CR	MAX	Atoyturtle.jpg	Atoyturtle.jpg	NOKEY	MAX	NOKEY
1446060496937	0	lts_1028I_14_01	14	01	1	277	2	1	1	Hit	524	2-8/AEGGHOLDE.jpg	AEGGHOLDE.jpg	SPACE	569	SPACE
1446060500029	0	lts_1028I_14_01	14	01	1	278	0	0	0	CR	MAX	2/26375611.thl.jpg	26375611.thl.jpg	NOKEY	MAX	NOKEY
1446060503120	0	lts_1028I_14_01	14	01	1	279	0	0	0	CR	MAX	Adecorativet3.jpg	Adecorativet3.jpg	NOKEY	MAX	NOKEY
1446060504139	0	lts_1028I_14_01	14	01	1	280	2	1	1	Hit	534	2-9/26375611.thl.jpg	26375611.thl.jpg	SPACE	584	SPACE
1446060507214	0	lts_1028I_14_01	14	01	1	281	0	0	0	CR	MAX	pdos043072.jpg	pdos043072.jpg	NOKEY	MAX	NOKEY
1446060510305	0	lts_1028I_14_01	14	01	1	282	0	0	0	CR	MAX	32/E_tank.jpg	E_tank.jpg	NOKEY	MAX	NOKEY
1446060513379	0	lts_1028I_14_01	14	01	1	283	0	0	0	CR	MAX	2/burrito.jpg	burrito.jpg	NOKEY	MAX	NOKEY
1446060514449	0	lts_1028I_14_01	14	01	1	284	0	0	1	FA	579	22827408.thl.jpg	22827408.thl.jpg	SPACE	618	NOKEY
1446060515935	0	lts_1028I_14_01	14	01	1	285	2	1	1	Hit	1015	2-12/burrito.jpg	burrito.jpg	SPACE	1053	SPACE
1446060519043	0	lts_1028I_14_01	14	01	1	286	0	0	0	CR	MAX	Acase2.jpg	Acase2.jpg	NOKEY	MAX	NOKEY
1446060522134	0	lts_1028I_14_01	14	01	1	287	0	0	0	CR	MAX	128/AMIMETITE.jpg	AMIMETITE.jpg	NOKEY	MAX	NOKEY
1446060525225	0	lts_1028I_14_01	14	01	1	288	0	0	0	CR	MAX	A_cookie.jpg	A_cookie.jpg	NOKEY	MAX	NOKEY
1446060528300	0	lts_1028I_14_01	14	01	1	289	0	0	0	CR	MAX	26375702.thl.jpg	26375702.thl.jpg	NOKEY	MAX	NOKEY
1446060531391	0	lts_1028I_14_01	14	01	1	290	0	0	0	CR	MAX	4/Aframe196.jpg	Aframe196.jpg	NOKEY	MAX	NOKEY
1446060534482	0	lts_1028I_14_01	14	01	1	291	0	0	0	CR	MAX	26425112.thl.jpg	26425112.thl.jpg	NOKEY	MAX	NOKEY
1446060537556	0	lts_1028I_14_01	14	01	1	292	0	0	0	CR	MAX	donaldduck.jpg	donaldduck.jpg	NOKEY	MAX	NOKEY
1446060540631	0	lts_1028I_14_01	14	01	1	293	0	0	0	CR	MAX	26374731.thl.jpg	26374731.thl.jpg	NOKEY	MAX	NOKEY
1446060541682	0	lts_1028I_14_01	14	01	1	294	4	1	1	Hit	568	4-2/Aframe196.jpg	Aframe196.jpg	SPACE	618	SPACE
1446060544773	0	lts_1028I_14_01	14	01	1	295	0	0	0	CR	MAX	128/Ajacket12.jpg	Ajacket12.jpg	NOKEY	MAX	NOKEY
1446060546178	0	lts_1028I_14_01	14	01	1	296	128	1	1	Hit	927	128-5/knife01.jpg	knife01.jpg	SPACE	969	SPACE
1446060547381	0	lts_1028I_14_01	14	01	1	297	0	0	1	FA	717	2/AEAREXAM2.jpg	AEAREXAM2.jpg	SPACE	768	NOKEY
1446060550522	0	lts_1028I_14_01	14	01	1	298	0	0	0	CR	MAX	grenade.jpg	grenade.jpg	NOKEY	MAX	NOKEY
1446060551474	0	lts_1028I_14_01	14	01	1	299	2	1	1	Hit	472	2-4/AEAREXAM2.jpg	AEAREXAM2.jpg	SPACE	518	SPACE
1446060554565	0	lts_1028I_14_01	14	01	1	300	0	0	0	CR	MAX	ASTONHOU2.jpg	ASTONHOU2.jpg	NOKEY	MAX	NOKEY
1446060557640	0	lts_1028I_14_01	14	01	1	301	64	1	0	Miss	MAX	64-first/Aantiquehat4.jpg	Aantiquehat4.jpg	NOKEY	MAX	SPACE
1446060560730	0	lts_1028I_14_01	14	01	1	302	0	0	0	CR	MAX	8/Aflower136.jpg	Aflower136.jpg	NOKEY	MAX	NOKEY
1446060563838	0	lts_1028I_14_01	14	01	1	303	0	0	0	CR	MAX	Aqueenofspade.jpg	Aqueenofspade.jpg	NOKEY	MAX	NOKEY
1446060566361	0	lts_1028I_14_01	14	01	1	304	00	1	1	Hit	2050	00-across/Atelephoneja2.jpg	Atelephoneja2.jpg	SPACE	2088	SPACE
1446060569453	0	lts_1028I_14_01	14	01	1	305	0	0	0	CR	MAX	1/ABACCAMEL.jpg	ABACCAMEL.jpg	NOKEY	MAX	NOKEY
1446060570388	0	lts_1028I_14_01	14	01	1	306	1	1	1	Hit	449	1-1/ABACCAMEL.jpg	ABACCAMEL.jpg	SPACE	500	SPACE
1446060573463	0	lts_1028I_14_01	14	01	1	307	0	0	0	CR	MAX	16/hockeypuck.jpg	hockeypuck.jpg	NOKEY	MAX	NOKEY
1446060576537	0	lts_1028I_14_01	14	01	1	308	0	0	0	CR	MAX	26375641.thl.jpg	26375641.thl.jpg	NOKEY	MAX	NOKEY
1446060579628	0	lts_1028I_14_01	14	01	1	309	0	0	0	CR	MAX	64/Ahotwaterbot2.jpg	Ahotwaterbot2.jpg	NOKEY	MAX	NOKEY
1446060580730	0	lts_1028I_14_01	14	01	1	310	8	1	1	Hit	631	8-first/Aflower136.jpg	Aflower136.jpg	SPACE	669	SPACE
1446060583804	0	lts_1028I_14_01	14	01	1	311	0	0	0	CR	MAX	ADANGEAR5.jpg	ADANGEAR5.jpg	NOKEY	MAX	NOKEY
1446060584723	0	lts_1028I_14_01	14	01	1	312	2	1	1	Hit	449	2-mul/Aflower136.jpg	Aflower136.jpg	SPACE	485	SPACE
1446060587814	0	lts_1028I_14_01	14	01	1	313	0	0	0	CR	MAX	Asandgarden.jpg	Asandgarden.jpg	NOKEY	MAX	NOKEY
1446060588817	0	lts_1028I_14_01	14	01	1	314	32	1	1	Hit	523	32-9/E_tank.jpg	E_tank.jpg	SPACE	569	SPACE
1446060591907	0	lts_1028I_14_01	14	01	1	315	0	0	0	CR	MAX	36411021.thl.jpg	36411021.thl.jpg	NOKEY	MAX	NOKEY
1446060594998	0	lts_1028I_14_01	14	01	1	316	0	0	0	CR	MAX	Agardeningshe.jpg	Agardeningshe.jpg	NOKEY	MAX	NOKEY
1446060596152	0	lts_1028I_14_01	14	01	1	317	16	1	1	Hit	682	16-mul/Aantiquehat4.jpg	Aantiquehat4.jpg	SPACE	718	SPACE
1446060599227	0	lts_1028I_14_01	14	01	1	318	0	0	0	CR	MAX	128/APUMPKI35.jpg	APUMPKI35.jpg	NOKEY	MAX	NOKEY
1446060602318	0	lts_1028I_14_01	14	01	1	319	0	0	0	CR	MAX	Abasketofbrea.jpg	Abasketofbrea.jpg	NOKEY	MAX	NOKEY
1446060605409	0	lts_1028I_14_01	14	01	1	320	0	0	0	CR	MAX	Apokerchips3.jpg	Apokerchips3.jpg	NOKEY	MAX	NOKEY
1446060608483	0	lts_1028I_14_01	14	01	1	321	0	0	0	CR	MAX	4/carbattery.jpg	carbattery.jpg	NOKEY	MAX	NOKEY
1446060611574	0	lts_1028I_14_01	14	01	1	322	0	0	0	CR	MAX	Aoutdoorrece2.jpg	Aoutdoorrece2.jpg	NOKEY	MAX	NOKEY
1446060612644	0	lts_1028I_14_01	14	01	1	323	16	1	1	Hit	586	16-first/hockeypuck.jpg	hockeypuck.jpg	SPACE	635	SPACE
1446060615734	0	lts_1028I_14_01	14	01	1	324	0	0	0	CR	MAX	26389125.thl.jpg	26389125.thl.jpg	NOKEY	MAX	NOKEY
1446060616720	0	lts_1028I_14_01	14	01	1	325	4	1	1	Hit	503	4-9/carbattery.jpg	carbattery.jpg	SPACE	552	SPACE
1446060619811	0	lts_1028I_14_01	14	01	1	326	0	0	0	CR	MAX	AWHISTLE4.jpg	AWHISTLE4.jpg	NOKEY	MAX	NOKEY
1446060622901	0	lts_1028I_14_01	14	01	1	327	0	0	0	CR	MAX	caramel.jpg	caramel.jpg	NOKEY	MAX	NOKEY
1446060625992	0	lts_1028I_14_01	14	01	1	328	0	0	0	CR	MAX	AMUSICSTA.jpg	AMUSICSTA.jpg	NOKEY	MAX	NOKEY
1446060629084	0	lts_1028I_14_01	14	01	1	329	0	0	0	CR	MAX	Aaircompress2.jpg	Aaircompress2.jpg	NOKEY	MAX	NOKEY
1446060632176	0	lts_1028I_14_01	14	01	1	330	0	0	0	CR	MAX	2/ice.jpg	ice.jpg	NOKEY	MAX	NOKEY
1446060635267	0	lts_1028I_14_01	14	01	1	331	0	0	0	CR	MAX	Abaggcon2.jpg	Abaggcon2.jpg	NOKEY	MAX	NOKEY
1446060636286	0	lts_1028I_14_01	14	01	1	332	2	1	1	Hit	535	2-5/ice.jpg	ice.jpg	SPACE	584	SPACE
1446060639377	0	lts_1028I_14_01	14	01	1	333	0	0	0	CR	MAX	Acprmask2.jpg	Acprmask2.jpg	NOKEY	MAX	NOKEY
1446060642451	0	lts_1028I_14_01	14	01	1	334	0	0	0	CR	MAX	ALAUNHAMP.jpg	ALAUNHAMP.jpg	NOKEY	MAX	NOKEY
1446060645526	0	lts_1028I_14_01	14	01	1	335	64	1	0	Miss	MAX	64-first/Afueltank11.jpg	Afueltank11.jpg	NOKEY	MAX	SPACE
1446060648600	0	lts_1028I_14_01	14	01	1	336	0	0	0	CR	MAX	Aoutdoorhalo2.jpg	Aoutdoorhalo2.jpg	NOKEY	MAX	NOKEY
1446060651690	0	lts_1028I_14_01	14	01	1	337	0	0	0	CR	MAX	DSCN3767-sm.jpg	DSCN3767-sm.jpg	NOKEY	MAX	NOKEY
1446060654781	0	lts_1028I_14_01	14	01	1	338	0	0	0	CR	MAX	Abinder6.jpg	Abinder6.jpg	NOKEY	MAX	NOKEY
1446060655800	0	lts_1028I_14_01	14	01	1	339	16	1	1	Hit	543	16-mul/hockeypuck.jpg	hockeypuck.jpg	SPACE	585	SPACE
1446060656537	0	lts_1028I_14_01	14	01	1	340	0	0	1	FA	245	AWASHPART.jpg	AWASHPART.jpg	SPACE	284	NOKEY
1446060659628	0	lts_1028I_14_01	14	01	1	341	0	0	0	CR	MAX	23014927.thl.jpg	23014927.thl.jpg	NOKEY	MAX	NOKEY
1446060662718	0	lts_1028I_14_01	14	01	1	342	0	0	0	CR	MAX	AHYDRANTF.jpg	AHYDRANTF.jpg	NOKEY	MAX	NOKEY
1446060665825	0	lts_1028I_14_01	14	01	1	343	0	0	0	CR	MAX	ABULLDOG5.jpg	ABULLDOG5.jpg	NOKEY	MAX	NOKEY
1446060668916	0	lts_1028I_14_01	14	01	1	344	0	0	0	CR	MAX	26437028.thl.jpg	26437028.thl.jpg	NOKEY	MAX	NOKEY
1446060672008	0	lts_1028I_14_01	14	01	1	345	0	0	0	CR	MAX	16/26556936.thl.jpg	26556936.thl.jpg	NOKEY	MAX	NOKEY
1446060675099	0	lts_1028I_14_01	14	01	1	346	0	0	0	CR	MAX	2/Afox3.jpg	Afox3.jpg	NOKEY	MAX	NOKEY
1446060678191	0	lts_1028I_14_01	14	01	1	347	0	0	0	CR	MAX	Aconnector2.jpg	Aconnector2.jpg	NOKEY	MAX	NOKEY
1446060679277	0	lts_1028I_14_01	14	01	1	348	2	1	1	Hit	608	2-2/Afox3.jpg	Afox3.jpg	SPACE	651	SPACE
1446060680580	0	lts_1028I_14_01	14	01	1	349	0	0	1	FA	805	Alifebuo3.jpg	Alifebuo3.jpg	SPACE	852	NOKEY
1446060683654	0	lts_1028I_14_01	14	01	1	350	0	0	0	CR	MAX	31023139.thl.jpg	31023139.thl.jpg	NOKEY	MAX	NOKEY
1446060684673	0	lts_1028I_14_01	14	01	1	351	16	1	1	Hit	539	16-mul/Afueltank11.jpg	Afueltank11.jpg	SPACE	585	SPACE
1446060687747	0	lts_1028I_14_01	14	01	1	352	0	0	0	CR	MAX	ADIAMCRYS.jpg	ADIAMCRYS.jpg	NOKEY	MAX	NOKEY
1446060690854	0	lts_1028I_14_01	14	01	1	353	0	0	0	CR	MAX	64/AMEDIEQUI.jpg	AMEDIEQUI.jpg	NOKEY	MAX	NOKEY
1446060692075	0	lts_1028I_14_01	14	01	1	354	128	1	1	Hit	746	128-3/8252065.thl.jpg	8252065.thl.jpg	SPACE	786	SPACE
1446060695183	0	lts_1028I_14_01	14	01	1	355	0	0	0	CR	MAX	30835757.thl.jpg	30835757.thl.jpg	NOKEY	MAX	NOKEY
1446060698257	0	lts_1028I_14_01	14	01	1	356	0	0	0	CR	MAX	makeupfoundation.jpg	makeupfoundation.jpg	NOKEY	MAX	NOKEY
1446060701332	0	lts_1028I_14_01	14	01	1	357	0	0	0	CR	MAX	26372465.thl.jpg	26372465.thl.jpg	NOKEY	MAX	NOKEY
1446060704423	0	lts_1028I_14_01	14	01	1	358	0	0	0	CR	MAX	1/bathtowel.jpg	bathtowel.jpg	NOKEY	MAX	NOKEY
1446060705375	0	lts_1028I_14_01	14	01	1	359	1	1	1	Hit	482	1-10/bathtowel.jpg	bathtowel.jpg	SPACE	517	SPACE
1446060708449	0	lts_1028I_14_01	14	01	1	360	0	0	0	CR	MAX	22924880.thl.jpg	22924880.thl.jpg	NOKEY	MAX	NOKEY
1446060709419	0	lts_1028I_14_01	14	01	1	361	16	1	1	Hit	492	16-first/26556936.thl.jpg	26556936.thl.jpg	SPACE	534	SPACE
1446060712510	0	lts_1028I_14_01	14	01	1	362	0	0	0	CR	MAX	8059226.thl.jpg	8059226.thl.jpg	NOKEY	MAX	NOKEY
1446060715601	0	lts_1028I_14_01	14	01	1	363	0	0	0	CR	MAX	26431395.thl.jpg	26431395.thl.jpg	NOKEY	MAX	NOKEY
1446060716686	0	lts_1028I_14_01	14	01	1	364	00	1	1	Hit	610	00-across/22849284.thl.jpg	22849284.thl.jpg	SPACE	652	SPACE
1446060719760	0	lts_1028I_14_01	14	01	1	365	0	0	0	CR	MAX	Agasblower2.jpg	Agasblower2.jpg	NOKEY	MAX	NOKEY
1446060722834	0	lts_1028I_14_01	14	01	1	366	0	0	0	CR	MAX	32/26444138.thl.jpg	26444138.thl.jpg	NOKEY	MAX	NOKEY
1446060725925	0	lts_1028I_14_01	14	01	1	367	0	0	0	CR	MAX	AFIGHTP16.jpg	AFIGHTP16.jpg	NOKEY	MAX	NOKEY
1446060729017	0	lts_1028I_14_01	14	01	1	368	0	0	0	CR	MAX	32/Ajewisho2.jpg	Ajewisho2.jpg	NOKEY	MAX	NOKEY
1446060732092	0	lts_1028I_14_01	14	01	1	369	0	0	0	CR	MAX	A_coin.jpg	A_coin.jpg	NOKEY	MAX	NOKEY
1446060735183	0	lts_1028I_14_01	14	01	1	370	0	0	0	CR	MAX	Adiamondring3.jpg	Adiamondring3.jpg	NOKEY	MAX	NOKEY
1446060736753	0	lts_1028I_14_01	14	01	1	371	0	0	1	FA	1097	8/AFILMCUTT.jpg	AFILMCUTT.jpg	SPACE	1137	NOKEY
1446060739843	0	lts_1028I_14_01	14	01	1	372	0	0	0	CR	MAX	Astreetlampwi.jpg	Astreetlampwi.jpg	NOKEY	MAX	NOKEY
1446060741031	0	lts_1028I_14_01	14	01	1	373	64	1	1	Hit	719	64-first/Ahotwaterbot2.jpg	Ahotwaterbot2.jpg	SPACE	753	SPACE
1446060744105	0	lts_1028I_14_01	14	01	1	374	0	0	0	CR	MAX	Akitchentimer.jpg	Akitchentimer.jpg	NOKEY	MAX	NOKEY
1446060745124	0	lts_1028I_14_01	14	01	1	375	2	1	1	Hit	535	2-mul/Ahotwaterbot2.jpg	Ahotwaterbot2.jpg	SPACE	585	SPACE
1446060748215	0	lts_1028I_14_01	14	01	1	376	0	0	0	CR	MAX	16/Atoybucketan4.jpg	Atoybucketan4.jpg	NOKEY	MAX	NOKEY
1446060749218	0	lts_1028I_14_01	14	01	1	377	16	1	1	Hit	517	16-mul/26556936.thl.jpg	26556936.thl.jpg	SPACE	567	SPACE
1446060752309	0	lts_1028I_14_01	14	01	1	378	0	0	0	CR	MAX	AALTIRE2.jpg	AALTIRE2.jpg	NOKEY	MAX	NOKEY
1446060753362	0	lts_1028I_14_01	14	01	1	379	8	1	1	Hit	579	8-1/AFILMCUTT.jpg	AFILMCUTT.jpg	SPACE	617	SPACE
1446060756453	0	lts_1028I_14_01	14	01	1	380	0	0	0	CR	MAX	AHUMIDIFI.jpg	AHUMIDIFI.jpg	NOKEY	MAX	NOKEY
1446060759544	0	lts_1028I_14_01	14	01	1	381	0	0	0	CR	MAX	Azebra8.jpg	Azebra8.jpg	NOKEY	MAX	NOKEY
1446060762635	0	lts_1028I_14_01	14	01	1	382	0	0	0	CR	MAX	4/ipod01.jpg	ipod01.jpg	NOKEY	MAX	NOKEY
1446060765742	0	lts_1028I_14_01	14	01	1	383	0	0	0	CR	MAX	AWOODST19.jpg	AWOODST19.jpg	NOKEY	MAX	NOKEY
1446060768832	0	lts_1028I_14_01	14	01	1	384	0	0	0	CR	MAX	wetsuit1.jpg	wetsuit1.jpg	NOKEY	MAX	NOKEY
1446060771923	0	lts_1028I_14_01	14	01	1	385	0	0	0	CR	MAX	8245207.thl.jpg	8245207.thl.jpg	NOKEY	MAX	NOKEY
1446060772943	0	lts_1028I_14_01	14	01	1	386	4	1	1	Hit	529	4-12/ipod01.jpg	ipod01.jpg	SPACE	569	SPACE
1446060776035	0	lts_1028I_14_01	14	01	1	387	0	0	0	CR	MAX	Agreenleaf3.jpg	Agreenleaf3.jpg	NOKEY	MAX	NOKEY
1446060779109	0	lts_1028I_14_01	14	01	1	388	0	0	0	CR	MAX	ACARMON.jpg	ACARMON.jpg	NOKEY	MAX	NOKEY
1446060782183	0	lts_1028I_14_01	14	01	1	389	0	0	0	CR	MAX	fullbucket.jpg	fullbucket.jpg	NOKEY	MAX	NOKEY
1446060785258	0	lts_1028I_14_01	14	01	1	390	0	0	0	CR	MAX	AWOODPIN.jpg	AWOODPIN.jpg	NOKEY	MAX	NOKEY
1446060788349	0	lts_1028I_14_01	14	01	1	391	0	0	0	CR	MAX	Abedspringsam.jpg	Abedspringsam.jpg	NOKEY	MAX	NOKEY
1446060789385	0	lts_1028I_14_01	14	01	1	392	16	1	1	Hit	555	16-first/Atoybucketan4.jpg	Atoybucketan4.jpg	SPACE	601	SPACE
1446060792476	0	lts_1028I_14_01	14	01	1	393	0	0	0	CR	MAX	Aceramicjug10.jpg	Aceramicjug10.jpg	NOKEY	MAX	NOKEY
1446060795550	0	lts_1028I_14_01	14	01	1	394	00	1	0	Miss	MAX	00-across/Acameo.jpg	Acameo.jpg	NOKEY	MAX	SPACE
1446060798641	0	lts_1028I_14_01	14	01	1	395	0	0	0	CR	MAX	AHOSPCAR3.jpg	AHOSPCAR3.jpg	NOKEY	MAX	NOKEY
1446060799661	0	lts_1028I_14_01	14	01	1	396	4	1	1	Hit	546	4-mul/Atoybucketan4.jpg	Atoybucketan4.jpg	SPACE	585	SPACE
1446060802751	0	lts_1028I_14_01	14	01	1	397	0	0	0	CR	MAX	26387436.thl.jpg	26387436.thl.jpg	NOKEY	MAX	NOKEY
1446060803887	0	lts_1028I_14_01	14	01	1	398	32	1	1	Hit	640	32-0/26444138.thl.jpg	26444138.thl.jpg	SPACE	686	SPACE
1446060806978	0	lts_1028I_14_01	14	01	1	399	0	0	0	CR	MAX	22858860.thl.jpg	22858860.thl.jpg	NOKEY	MAX	NOKEY
1446060808065	0	lts_1028I_14_01	14	01	1	400	32	1	1	Hit	617	32-3/Ajewisho2.jpg	Ajewisho2.jpg	SPACE	653	SPACE
1446060811156	0	lts_1028I_14_01	14	01	1	401	0	0	0	CR	MAX	1/Agarbagebin.jpg	Agarbagebin.jpg	NOKEY	MAX	NOKEY
1446060812125	0	lts_1028I_14_01	14	01	1	402	1	1	1	Hit	485	1-13/Agarbagebin.jpg	Agarbagebin.jpg	SPACE	534	SPACE
1446060815216	0	lts_1028I_14_01	14	01	1	403	0	0	0	CR	MAX	16/Agnu.jpg	Agnu.jpg	NOKEY	MAX	NOKEY
1446060818290	0	lts_1028I_14_01	14	01	1	404	0	0	0	CR	MAX	4/Aruler16.jpg	Aruler16.jpg	NOKEY	MAX	NOKEY
1446060819460	0	lts_1028I_14_01	14	01	1	405	0	0	1	FA	683	APILLS9.jpg	APILLS9.jpg	SPACE	718	NOKEY
1446060822551	0	lts_1028I_14_01	14	01	1	406	0	0	0	CR	MAX	AFERRAF40.jpg	AFERRAF40.jpg	NOKEY	MAX	NOKEY
1446060825642	0	lts_1028I_14_01	14	01	1	407	0	0	0	CR	MAX	Aclog6.jpg	Aclog6.jpg	NOKEY	MAX	NOKEY
1446060826827	0	lts_1028I_14_01	14	01	1	408	4	1	1	Hit	716	4-11/Aruler16.jpg	Aruler16.jpg	SPACE	751	SPACE
1446060829918	0	lts_1028I_14_01	14	01	1	409	0	0	0	CR	MAX	APBREAD2.jpg	APBREAD2.jpg	NOKEY	MAX	NOKEY
1446060833010	0	lts_1028I_14_01	14	01	1	410	0	0	0	CR	MAX	ABATHSTE2.jpg	ABATHSTE2.jpg	NOKEY	MAX	NOKEY
1446060836085	0	lts_1028I_14_01	14	01	1	411	0	0	0	CR	MAX	ATEARDROP.jpg	ATEARDROP.jpg	NOKEY	MAX	NOKEY
1446060839176	0	lts_1028I_14_01	14	01	1	412	0	0	0	CR	MAX	8027086.thl.jpg	8027086.thl.jpg	NOKEY	MAX	NOKEY
1446060842267	0	lts_1028I_14_01	14	01	1	413	0	0	0	CR	MAX	Aclamp42.jpg	Aclamp42.jpg	NOKEY	MAX	NOKEY
1446060845358	0	lts_1028I_14_01	14	01	1	414	0	0	0	CR	MAX	Alifeves2.jpg	Alifeves2.jpg	NOKEY	MAX	NOKEY
1446060846511	0	lts_1028I_14_01	14	01	1	415	128	1	1	Hit	680	128-2/AMIMETITE.jpg	AMIMETITE.jpg	SPACE	719	SPACE
1446060849602	0	lts_1028I_14_01	14	01	1	416	0	0	0	CR	MAX	batslcshi.jpg	batslcshi.jpg	NOKEY	MAX	NOKEY
1446060852675	0	lts_1028I_14_01	14	01	1	417	64	1	0	Miss	MAX	64-first/AMEDIEQUI.jpg	AMEDIEQUI.jpg	NOKEY	MAX	SPACE
1446060855749	0	lts_1028I_14_01	14	01	1	418	0	0	0	CR	MAX	8258244.thl.jpg	8258244.thl.jpg	NOKEY	MAX	NOKEY
1446060857388	0	lts_1028I_14_01	14	01	1	419	16	1	1	Hit	1158	16-1/Agnu.jpg	Agnu.jpg	SPACE	1203	SPACE
1446060860462	0	lts_1028I_14_01	14	01	1	420	0	0	1	FA	2597	26420830.thl.jpg	26420830.thl.jpg	SPACE	2640	NOKEY
1446060861565	0	lts_1028I_14_01	14	01	1	421	4	1	1	Hit	629	4-mul/AMEDIEQUI.jpg	AMEDIEQUI.jpg	SPACE	668	SPACE
1446060864656	0	lts_1028I_14_01	14	01	1	422	0	0	0	CR	MAX	Cupcake.jpg	Cupcake.jpg	NOKEY	MAX	NOKEY
1446060865774	0	lts_1028I_14_01	14	01	1	423	128	1	1	Hit	648	128-4/Ajacket12.jpg	Ajacket12.jpg	SPACE	686	SPACE
1446060868865	0	lts_1028I_14_01	14	01	1	424	0	0	0	CR	MAX	B_makeupbag.jpg	B_makeupbag.jpg	NOKEY	MAX	NOKEY
1446060871957	0	lts_1028I_14_01	14	01	1	425	0	0	0	CR	MAX	8/Aclimbersicep.jpg	Aclimbersicep.jpg	NOKEY	MAX	NOKEY
1446060875032	0	lts_1028I_14_01	14	01	1	426	0	0	0	CR	MAX	APEELER.jpg	APEELER.jpg	NOKEY	MAX	NOKEY
1446060878106	0	lts_1028I_14_01	14	01	1	427	0	0	0	CR	MAX	ASERVICEB.jpg	ASERVICEB.jpg	NOKEY	MAX	NOKEY
1446060881197	0	lts_1028I_14_01	14	01	1	428	0	0	0	CR	MAX	2/ABEARIN28.jpg	ABEARIN28.jpg	NOKEY	MAX	NOKEY
1446060884288	0	lts_1028I_14_01	14	01	1	429	0	0	0	CR	MAX	AMINITRE7.jpg	AMINITRE7.jpg	NOKEY	MAX	NOKEY
1446060885341	0	lts_1028I_14_01	14	01	1	430	2	1	1	Hit	579	2-0/ABEARIN28.jpg	ABEARIN28.jpg	SPACE	617	SPACE
1446060888432	0	lts_1028I_14_01	14	01	1	431	0	0	0	CR	MAX	ASHIRTSK2.jpg	ASHIRTSK2.jpg	NOKEY	MAX	NOKEY
1446060889552	0	lts_1028I_14_01	14	01	1	432	0	0	1	FA	631	16/Arubberducky2.jpg	Arubberducky2.jpg	SPACE	669	NOKEY
1446060890803	0	lts_1028I_14_01	14	01	1	433	8	1	1	Hit	755	8-first/Aclimbersicep.jpg	Aclimbersicep.jpg	SPACE	802	SPACE
1446060893911	0	lts_1028I_14_01	14	01	1	434	0	0	0	CR	MAX	locomotive.jpg	locomotive.jpg	NOKEY	MAX	NOKEY
1446060894981	0	lts_1028I_14_01	14	01	1	435	2	1	1	Hit	579	2-mul/Aclimbersicep.jpg	Aclimbersicep.jpg	SPACE	619	SPACE
1446060896252	0	lts_1028I_14_01	14	01	1	436	0	0	1	FA	799	Apump4.jpg	Apump4.jpg	SPACE	835	NOKEY
1446060899326	0	lts_1028I_14_01	14	01	1	437	0	0	0	CR	MAX	ABROOCH41.jpg	ABROOCH41.jpg	NOKEY	MAX	NOKEY
1446060902417	0	lts_1028I_14_01	14	01	1	438	0	0	0	CR	MAX	26375982.thl.jpg	26375982.thl.jpg	NOKEY	MAX	NOKEY
1446060905642	0	lts_1028I_14_01	14	01	1	439	0	0	0	CR	MAX	1/34936916.thl.jpg	34936916.thl.jpg	NOKEY	MAX	NOKEY
1446060906561	0	lts_1028I_14_01	14	01	1	440	1	1	1	Hit	446	1-11/34936916.thl.jpg	34936916.thl.jpg	SPACE	485	SPACE
1446060909635	0	lts_1028I_14_01	14	01	1	441	0	0	0	CR	MAX	2/ATOWRACK3.jpg	ATOWRACK3.jpg	NOKEY	MAX	NOKEY
1446060912858	0	lts_1028I_14_01	14	01	1	442	0	0	0	CR	MAX	Abackpack11.jpg	Abackpack11.jpg	NOKEY	MAX	NOKEY
1446060913894	0	lts_1028I_14_01	14	01	1	443	2	1	1	Hit	541	2-6/ATOWRACK3.jpg	ATOWRACK3.jpg	SPACE	586	SPACE
1446060917037	0	lts_1028I_14_01	14	01	1	444	0	0	0	CR	MAX	Akazoo2.jpg	Akazoo2.jpg	NOKEY	MAX	NOKEY
1446060920211	0	lts_1028I_14_01	14	01	1	445	0	0	0	CR	MAX	AGRILL1.jpg	AGRILL1.jpg	NOKEY	MAX	NOKEY
1446060921381	0	lts_1028I_14_01	14	01	1	446	128	1	1	Hit	683	128-6/APUMPKI35.jpg	APUMPKI35.jpg	SPACE	734	SPACE
1446060924539	0	lts_1028I_14_01	14	01	1	447	0	0	0	CR	MAX	Afan49.jpg	Afan49.jpg	NOKEY	MAX	NOKEY
1446060925491	0	lts_1028I_14_01	14	01	1	448	16	1	1	Hit	480	16-0/Arubberducky2.jpg	Arubberducky2.jpg	SPACE	518	SPACE
1446060928732	0	lts_1028I_14_01	14	01	1	449	0	0	0	CR	MAX	Apeddleboat3.jpg	Apeddleboat3.jpg	NOKEY	MAX	NOKEY
1446060960711	0	E	Logging Ends
