1443732397496	0	B	Logging Begins
1443732485627	0	lts_1001L_01_01	01	01	0	0	0	0	0	CR	MAX	moto.jpg	moto.jpg	NOKEY	MAX	NOKEY
1443732488703	0	lts_1001L_01_01	01	01	0	1	0	0	0	CR	MAX	Arake3.jpg	Arake3.jpg	NOKEY	MAX	NOKEY
1443732491779	0	lts_1001L_01_01	01	01	0	2	0	0	0	CR	MAX	4/ALITTERSC.jpg	ALITTERSC.jpg	NOKEY	MAX	NOKEY
1443732494855	0	lts_1001L_01_01	01	01	0	3	0	0	0	CR	MAX	Awomensshoe61.jpg	Awomensshoe61.jpg	NOKEY	MAX	NOKEY
1443732497931	0	lts_1001L_01_01	01	01	0	4	0	0	0	CR	MAX	sntslrc.jpg	sntslrc.jpg	NOKEY	MAX	NOKEY
1443732501008	0	lts_1001L_01_01	01	01	0	5	0	0	0	CR	MAX	Aplasticbott3.jpg	Aplasticbott3.jpg	NOKEY	MAX	NOKEY
1443732502329	0	lts_1001L_01_01	01	01	0	6	4	1	1	Hit	838	4-0/ALITTERSC.jpg	ALITTERSC.jpg	SPACE	885	SPACE
1443732505405	0	lts_1001L_01_01	01	01	0	7	0	0	0	CR	MAX	8/APERSRUG.jpg	APERSRUG.jpg	NOKEY	MAX	NOKEY
1443732508481	0	lts_1001L_01_01	01	01	0	8	0	0	0	CR	MAX	ABELL7.jpg	ABELL7.jpg	NOKEY	MAX	NOKEY
1443732511556	0	lts_1001L_01_01	01	01	0	9	0	0	0	CR	MAX	4/26432217.thl.jpg	26432217.thl.jpg	NOKEY	MAX	NOKEY
1443732514632	0	lts_1001L_01_01	01	01	0	10	0	0	0	CR	MAX	1/Alatch7.jpg	Alatch7.jpg	NOKEY	MAX	NOKEY
1443732515718	0	lts_1001L_01_01	01	01	0	11	1	1	1	Hit	615	1-10/Alatch7.jpg	Alatch7.jpg	SPACE	653	SPACE
1443732518794	0	lts_1001L_01_01	01	01	0	12	0	0	0	CR	MAX	ABOTTLE19.jpg	ABOTTLE19.jpg	NOKEY	MAX	NOKEY
1443732519898	0	lts_1001L_01_01	01	01	0	13	4	1	1	Hit	629	4-8/26432217.thl.jpg	26432217.thl.jpg	SPACE	670	SPACE
1443732522991	0	lts_1001L_01_01	01	01	0	14	0	0	0	CR	MAX	22826748.thl.jpg	22826748.thl.jpg	NOKEY	MAX	NOKEY
1443732524028	0	lts_1001L_01_01	01	01	0	15	8	1	1	Hit	550	8-0/APERSRUG.jpg	APERSRUG.jpg	SPACE	601	SPACE
1443732527104	0	lts_1001L_01_01	01	01	0	16	0	0	0	CR	MAX	8/hurdle.jpg	hurdle.jpg	NOKEY	MAX	NOKEY
1443732530180	0	lts_1001L_01_01	01	01	0	17	0	0	0	CR	MAX	Astereo30.jpg	Astereo30.jpg	NOKEY	MAX	NOKEY
1443732533256	0	lts_1001L_01_01	01	01	0	18	0	0	0	CR	MAX	16/26426317.thl.jpg	26426317.thl.jpg	NOKEY	MAX	NOKEY
1443732536332	0	lts_1001L_01_01	01	01	0	19	0	0	0	CR	MAX	butter03.jpg	butter03.jpg	NOKEY	MAX	NOKEY
1443732539408	0	lts_1001L_01_01	01	01	0	20	0	0	0	CR	MAX	Acarjack2.jpg	Acarjack2.jpg	NOKEY	MAX	NOKEY
1443732542483	0	lts_1001L_01_01	01	01	0	21	0	0	0	CR	MAX	1/A95CHEROK.jpg	A95CHEROK.jpg	NOKEY	MAX	NOKEY
1443732543471	0	lts_1001L_01_01	01	01	0	22	1	1	1	Hit	517	1-5/A95CHEROK.jpg	A95CHEROK.jpg	SPACE	552	SPACE
1443732546546	0	lts_1001L_01_01	01	01	0	23	0	0	0	CR	MAX	pinecone02.jpg	pinecone02.jpg	NOKEY	MAX	NOKEY
1443732547599	0	lts_1001L_01_01	01	01	0	24	8	1	1	Hit	577	8-first/hurdle.jpg	hurdle.jpg	SPACE	620	SPACE
1443732550675	0	lts_1001L_01_01	01	01	0	25	0	0	0	CR	MAX	16/22852032.thl.jpg	22852032.thl.jpg	NOKEY	MAX	NOKEY
1443732551628	0	lts_1001L_01_01	01	01	0	26	2	1	1	Hit	482	2-mul/hurdle.jpg	hurdle.jpg	SPACE	520	SPACE
1443732554721	0	lts_1001L_01_01	01	01	0	27	0	0	0	CR	MAX	4/AMILMARK2.jpg	AMILMARK2.jpg	NOKEY	MAX	NOKEY
1443732557797	0	lts_1001L_01_01	01	01	0	28	0	0	0	CR	MAX	AJOYSTIC1.jpg	AJOYSTIC1.jpg	NOKEY	MAX	NOKEY
1443732560873	0	lts_1001L_01_01	01	01	0	29	0	0	0	CR	MAX	ALAB13.jpg	ALAB13.jpg	NOKEY	MAX	NOKEY
1443732563949	0	lts_1001L_01_01	01	01	0	30	0	0	0	CR	MAX	Afrog45.jpg	Afrog45.jpg	NOKEY	MAX	NOKEY
1443732564968	0	lts_1001L_01_01	01	01	0	31	4	1	1	Hit	535	4-9/AMILMARK2.jpg	AMILMARK2.jpg	SPACE	585	SPACE
1443732568062	0	lts_1001L_01_01	01	01	0	32	0	0	0	CR	MAX	128/railroadblock.jpg	railroadblock.jpg	NOKEY	MAX	NOKEY
1443732571138	0	lts_1001L_01_01	01	01	0	33	0	0	0	CR	MAX	ACANOL.jpg	ACANOL.jpg	NOKEY	MAX	NOKEY
1443732572275	0	lts_1001L_01_01	01	01	0	34	16	1	1	Hit	658	16-first/26426317.thl.jpg	26426317.thl.jpg	SPACE	701	SPACE
1443732575368	0	lts_1001L_01_01	01	01	0	35	0	0	0	CR	MAX	ACROWNPEN.jpg	ACROWNPEN.jpg	NOKEY	MAX	NOKEY
1443732576354	0	lts_1001L_01_01	01	01	0	36	2	1	1	Hit	505	2-mul/26426317.thl.jpg	26426317.thl.jpg	SPACE	551	SPACE
1443732579447	0	lts_1001L_01_01	01	01	0	37	0	0	0	CR	MAX	2/Apencilsharp5.jpg	Apencilsharp5.jpg	NOKEY	MAX	NOKEY
1443732582522	0	lts_1001L_01_01	01	01	0	38	0	0	0	CR	MAX	26369923.thl.jpg	26369923.thl.jpg	NOKEY	MAX	NOKEY
1443732583726	0	lts_1001L_01_01	01	01	0	39	2	1	1	Hit	734	2-13/Apencilsharp5.jpg	Apencilsharp5.jpg	SPACE	769	SPACE
1443732586802	0	lts_1001L_01_01	01	01	0	40	0	0	0	CR	MAX	26432848.thl.jpg	26432848.thl.jpg	NOKEY	MAX	NOKEY
1443732587888	0	lts_1001L_01_01	01	01	0	41	16	1	1	Hit	618	16-0/22852032.thl.jpg	22852032.thl.jpg	SPACE	653	SPACE
1443732590964	0	lts_1001L_01_01	01	01	0	42	0	0	0	CR	MAX	2/ASOPRASAX.jpg	ASOPRASAX.jpg	NOKEY	MAX	NOKEY
1443732594041	0	lts_1001L_01_01	01	01	0	43	0	0	0	CR	MAX	9815480.thl.jpg	9815480.thl.jpg	NOKEY	MAX	NOKEY
1443732595028	0	lts_1001L_01_01	01	01	0	44	2	1	1	Hit	508	2-6/ASOPRASAX.jpg	ASOPRASAX.jpg	SPACE	551	SPACE
1443732598104	0	lts_1001L_01_01	01	01	0	45	0	0	0	CR	MAX	2/26421106.thl.jpg	26421106.thl.jpg	NOKEY	MAX	NOKEY
1443732601180	0	lts_1001L_01_01	01	01	0	46	0	0	0	CR	MAX	128/26424443.thl.jpg	26424443.thl.jpg	NOKEY	MAX	NOKEY
1443732602250	0	lts_1001L_01_01	01	01	0	47	2	1	1	Hit	586	2-12/26421106.thl.jpg	26421106.thl.jpg	SPACE	635	SPACE
1443732605343	0	lts_1001L_01_01	01	01	0	48	0	0	0	CR	MAX	Cupcake.jpg	Cupcake.jpg	NOKEY	MAX	NOKEY
1443732608419	0	lts_1001L_01_01	01	01	0	49	0	0	0	CR	MAX	Athreeholepu6.jpg	Athreeholepu6.jpg	NOKEY	MAX	NOKEY
1443732611494	0	lts_1001L_01_01	01	01	0	50	0	0	0	CR	MAX	2/26390189.thl.jpg	26390189.thl.jpg	NOKEY	MAX	NOKEY
1443732614570	0	lts_1001L_01_01	01	01	0	51	0	0	0	CR	MAX	8/ADARKLAMP.jpg	ADARKLAMP.jpg	NOKEY	MAX	NOKEY
1443732615690	0	lts_1001L_01_01	01	01	0	52	2	1	1	Hit	652	2-11/26390189.thl.jpg	26390189.thl.jpg	SPACE	687	SPACE
1443732618766	0	lts_1001L_01_01	01	01	0	53	0	0	0	CR	MAX	8/ACEILHOOK.jpg	ACEILHOOK.jpg	NOKEY	MAX	NOKEY
1443732621842	0	lts_1001L_01_01	01	01	0	54	0	0	0	CR	MAX	1/AIDENTIFI.jpg	AIDENTIFI.jpg	NOKEY	MAX	NOKEY
1443732622862	0	lts_1001L_01_01	01	01	0	55	1	1	1	Hit	526	1-12/AIDENTIFI.jpg	AIDENTIFI.jpg	SPACE	570	SPACE
1443732625938	0	lts_1001L_01_01	01	01	0	56	0	0	0	CR	MAX	16/22857516.thl.jpg	22857516.thl.jpg	NOKEY	MAX	NOKEY
1443732629015	0	lts_1001L_01_01	01	01	0	57	0	0	0	CR	MAX	Ahalfchoc.jpg	Ahalfchoc.jpg	NOKEY	MAX	NOKEY
1443732632091	0	lts_1001L_01_01	01	01	0	58	0	0	0	CR	MAX	ACLAM.jpg	ACLAM.jpg	NOKEY	MAX	NOKEY
1443732633144	0	lts_1001L_01_01	01	01	0	59	8	1	1	Hit	574	8-1/ADARKLAMP.jpg	ADARKLAMP.jpg	SPACE	618	SPACE
1443732636237	0	lts_1001L_01_01	01	01	0	60	0	0	0	CR	MAX	32/Ashark7.jpg	Ashark7.jpg	NOKEY	MAX	NOKEY
1443732637323	0	lts_1001L_01_01	01	01	0	61	8	1	1	Hit	612	8-first/ACEILHOOK.jpg	ACEILHOOK.jpg	SPACE	651	SPACE
1443732640399	0	lts_1001L_01_01	01	01	0	62	0	0	0	CR	MAX	Astonecarvin8.jpg	Astonecarvin8.jpg	NOKEY	MAX	NOKEY
1443732643476	0	lts_1001L_01_01	01	01	0	63	0	0	0	CR	MAX	APILL.jpg	APILL.jpg	NOKEY	MAX	NOKEY
1443732646550	0	lts_1001L_01_01	01	01	0	64	0	0	0	CR	MAX	16/AWASHPART.jpg	AWASHPART.jpg	NOKEY	MAX	NOKEY
1443732647570	0	lts_1001L_01_01	01	01	0	65	4	1	1	Hit	542	4-mul/ACEILHOOK.jpg	ACEILHOOK.jpg	SPACE	586	SPACE
1443732650646	0	lts_1001L_01_01	01	01	0	66	0	0	0	CR	MAX	Abells7.jpg	Abells7.jpg	NOKEY	MAX	NOKEY
1443732653730	0	lts_1001L_01_01	01	01	0	67	0	0	0	CR	MAX	1/ABIRDCAG2.jpg	ABIRDCAG2.jpg	NOKEY	MAX	NOKEY
1443732654616	0	lts_1001L_01_01	01	01	0	68	1	1	1	Hit	410	1-6/ABIRDCAG2.jpg	ABIRDCAG2.jpg	SPACE	453	SPACE
1443732657692	0	lts_1001L_01_01	01	01	0	69	0	0	0	CR	MAX	8054039.thl.jpg	8054039.thl.jpg	NOKEY	MAX	NOKEY
1443732660768	0	lts_1001L_01_01	01	01	0	70	0	0	0	CR	MAX	batslcshi.jpg	batslcshi.jpg	NOKEY	MAX	NOKEY
1443732663844	0	lts_1001L_01_01	01	01	0	71	0	0	0	CR	MAX	Aredandbluef2.jpg	Aredandbluef2.jpg	NOKEY	MAX	NOKEY
1443732665283	0	lts_1001L_01_01	01	01	0	72	16	1	1	Hit	966	16-first/22857516.thl.jpg	22857516.thl.jpg	SPACE	1003	SPACE
1443732668359	0	lts_1001L_01_01	01	01	0	73	0	0	0	CR	MAX	AOLDMILL2.jpg	AOLDMILL2.jpg	NOKEY	MAX	NOKEY
1443732671452	0	lts_1001L_01_01	01	01	0	74	0	0	0	CR	MAX	driedprune.jpg	driedprune.jpg	NOKEY	MAX	NOKEY
1443732674527	0	lts_1001L_01_01	01	01	0	75	0	0	0	CR	MAX	FJVWL.jpg	FJVWL.jpg	NOKEY	MAX	NOKEY
1443732677603	0	lts_1001L_01_01	01	01	0	76	0	0	0	CR	MAX	ASKYDIVE.jpg	ASKYDIVE.jpg	NOKEY	MAX	NOKEY
1443732680696	0	lts_1001L_01_01	01	01	0	77	0	0	0	CR	MAX	Chevypickup.jpg	Chevypickup.jpg	NOKEY	MAX	NOKEY
1443732683772	0	lts_1001L_01_01	01	01	0	78	0	0	0	CR	MAX	Acinnamonrol2.jpg	Acinnamonrol2.jpg	NOKEY	MAX	NOKEY
1443732686848	0	lts_1001L_01_01	01	01	0	79	0	0	0	CR	MAX	A52ZX.jpg	A52ZX.jpg	NOKEY	MAX	NOKEY
1443732687985	0	lts_1001L_01_01	01	01	0	80	16	1	1	Hit	657	16-first/AWASHPART.jpg	AWASHPART.jpg	SPACE	703	SPACE
1443732691062	0	lts_1001L_01_01	01	01	0	81	0	0	0	CR	MAX	Atoyelephant.jpg	Atoyelephant.jpg	NOKEY	MAX	NOKEY
1443732694138	0	lts_1001L_01_01	01	01	0	82	0	0	0	CR	MAX	32/ARETRACT2.jpg	ARETRACT2.jpg	NOKEY	MAX	NOKEY
1443732697214	0	lts_1001L_01_01	01	01	0	83	0	0	0	CR	MAX	AELECBEA6.jpg	AELECBEA6.jpg	NOKEY	MAX	NOKEY
1443732698150	0	lts_1001L_01_01	01	01	0	84	4	1	1	Hit	454	4-mul/AWASHPART.jpg	AWASHPART.jpg	SPACE	501	SPACE
1443732701226	0	lts_1001L_01_01	01	01	0	85	0	0	0	CR	MAX	ACOUPLEF2.jpg	ACOUPLEF2.jpg	NOKEY	MAX	NOKEY
1443732704302	0	lts_1001L_01_01	01	01	0	86	0	0	0	CR	MAX	26437064.thl.jpg	26437064.thl.jpg	NOKEY	MAX	NOKEY
1443732707378	0	lts_1001L_01_01	01	01	0	87	0	0	0	CR	MAX	AWISHWELL.jpg	AWISHWELL.jpg	NOKEY	MAX	NOKEY
1443732708365	0	lts_1001L_01_01	01	01	0	88	16	1	1	Hit	513	16-mul/22857516.thl.jpg	22857516.thl.jpg	SPACE	550	SPACE
1443732711441	0	lts_1001L_01_01	01	01	0	89	0	0	0	CR	MAX	64/Aantiquemailb.jpg	Aantiquemailb.jpg	NOKEY	MAX	NOKEY
1443732714516	0	lts_1001L_01_01	01	01	0	90	0	0	0	CR	MAX	Arose10.jpg	Arose10.jpg	NOKEY	MAX	NOKEY
1443732717592	0	lts_1001L_01_01	01	01	0	91	0	0	0	CR	MAX	Aembossedsta2.jpg	Aembossedsta2.jpg	NOKEY	MAX	NOKEY
1443732718729	0	lts_1001L_01_01	01	01	0	92	32	1	1	Hit	656	32-9/Ashark7.jpg	Ashark7.jpg	SPACE	703	SPACE
1443732721805	0	lts_1001L_01_01	01	01	0	93	0	0	0	CR	MAX	1/Acartonofegg3.jpg	Acartonofegg3.jpg	NOKEY	MAX	NOKEY
1443732722891	0	lts_1001L_01_01	01	01	0	94	1	1	1	Hit	604	1-11/Acartonofegg3.jpg	Acartonofegg3.jpg	SPACE	653	SPACE
1443732725967	0	lts_1001L_01_01	01	01	0	95	0	0	0	CR	MAX	ASLED7.jpg	ASLED7.jpg	NOKEY	MAX	NOKEY
1443732729061	0	lts_1001L_01_01	01	01	0	96	0	0	0	CR	MAX	16/AFORKLIF2.jpg	AFORKLIF2.jpg	NOKEY	MAX	NOKEY
1443732732137	0	lts_1001L_01_01	01	01	0	97	0	0	0	CR	MAX	23029830.thl.jpg	23029830.thl.jpg	NOKEY	MAX	NOKEY
1443732735213	0	lts_1001L_01_01	01	01	0	98	0	0	0	CR	MAX	ACONSTHA2.jpg	ACONSTHA2.jpg	NOKEY	MAX	NOKEY
1443732738289	0	lts_1001L_01_01	01	01	0	99	0	0	0	CR	MAX	32/23016343.thl.jpg	23016343.thl.jpg	NOKEY	MAX	NOKEY
1443732741365	0	lts_1001L_01_01	01	01	0	100	0	0	0	CR	MAX	1/Avideocamera2.jpg	Avideocamera2.jpg	NOKEY	MAX	NOKEY
1443732742385	0	lts_1001L_01_01	01	01	0	101	1	1	1	Hit	547	1-0/Avideocamera2.jpg	Avideocamera2.jpg	SPACE	584	SPACE
1443732745461	0	lts_1001L_01_01	01	01	0	102	0	0	0	CR	MAX	2/Ametalpress.jpg	Ametalpress.jpg	NOKEY	MAX	NOKEY
1443732748536	0	lts_1001L_01_01	01	01	0	103	0	0	0	CR	MAX	whitemalerobe.jpg	whitemalerobe.jpg	NOKEY	MAX	NOKEY
1443732749489	0	lts_1001L_01_01	01	01	0	104	2	1	1	Hit	475	2-2/Ametalpress.jpg	Ametalpress.jpg	SPACE	519	SPACE
1443732752565	0	lts_1001L_01_01	01	01	0	105	0	0	0	CR	MAX	Apaintedwood3.jpg	Apaintedwood3.jpg	NOKEY	MAX	NOKEY
1443732755641	0	lts_1001L_01_01	01	01	0	106	0	0	0	CR	MAX	ABATHTUB3.jpg	ABATHTUB3.jpg	NOKEY	MAX	NOKEY
1443732758717	0	lts_1001L_01_01	01	01	0	107	0	0	0	CR	MAX	2/Abeverageingl.jpg	Abeverageingl.jpg	NOKEY	MAX	NOKEY
1443732761793	0	lts_1001L_01_01	01	01	0	108	0	0	0	CR	MAX	Aantiquerota7.jpg	Aantiquerota7.jpg	NOKEY	MAX	NOKEY
1443732762897	0	lts_1001L_01_01	01	01	0	109	2	1	1	Hit	633	2-8/Abeverageingl.jpg	Abeverageingl.jpg	SPACE	670	SPACE
1443732765973	0	lts_1001L_01_01	01	01	0	110	0	0	0	CR	MAX	ATALSTAN3.jpg	ATALSTAN3.jpg	NOKEY	MAX	NOKEY
1443732769067	0	lts_1001L_01_01	01	01	0	111	0	0	0	CR	MAX	A3bday5.jpg	A3bday5.jpg	NOKEY	MAX	NOKEY
1443732770053	0	lts_1001L_01_01	01	01	0	112	16	1	1	Hit	505	16-first/AFORKLIF2.jpg	AFORKLIF2.jpg	SPACE	551	SPACE
1443732773129	0	lts_1001L_01_01	01	01	0	113	0	0	0	CR	MAX	APANTRAC2.jpg	APANTRAC2.jpg	NOKEY	MAX	NOKEY
1443732774132	0	lts_1001L_01_01	01	01	0	114	32	1	1	Hit	523	32-5/ARETRACT2.jpg	ARETRACT2.jpg	SPACE	567	SPACE
1443732777208	0	lts_1001L_01_01	01	01	0	115	0	0	0	CR	MAX	Ahappdec4.jpg	Ahappdec4.jpg	NOKEY	MAX	NOKEY
1443732780284	0	lts_1001L_01_01	01	01	0	116	0	0	0	CR	MAX	8/legoblocks.jpg	legoblocks.jpg	NOKEY	MAX	NOKEY
1443732783360	0	lts_1001L_01_01	01	01	0	117	0	0	0	CR	MAX	26391079.thl.jpg	26391079.thl.jpg	NOKEY	MAX	NOKEY
1443732786453	0	lts_1001L_01_01	01	01	0	118	0	0	0	CR	MAX	26440073.thl.jpg	26440073.thl.jpg	NOKEY	MAX	NOKEY
1443732789528	0	lts_1001L_01_01	01	01	0	119	0	0	0	CR	MAX	Ajesusstatue2.jpg	Ajesusstatue2.jpg	NOKEY	MAX	NOKEY
1443732792604	0	lts_1001L_01_01	01	01	0	120	0	0	0	CR	MAX	AROCKSHO2.jpg	AROCKSHO2.jpg	NOKEY	MAX	NOKEY
1443732795680	0	lts_1001L_01_01	01	01	0	121	0	0	0	CR	MAX	26434297.thl.jpg	26434297.thl.jpg	NOKEY	MAX	NOKEY
1443732798756	0	lts_1001L_01_01	01	01	0	122	0	0	0	CR	MAX	AHEARTES3.jpg	AHEARTES3.jpg	NOKEY	MAX	NOKEY
1443732801833	0	lts_1001L_01_01	01	01	0	123	0	0	0	CR	MAX	Apercussioni3.jpg	Apercussioni3.jpg	NOKEY	MAX	NOKEY
1443732802953	0	lts_1001L_01_01	01	01	0	124	8	1	1	Hit	647	8-first/legoblocks.jpg	legoblocks.jpg	SPACE	685	SPACE
1443732806030	0	lts_1001L_01_01	01	01	0	125	0	0	0	CR	MAX	8/Alintbrush2.jpg	Alintbrush2.jpg	NOKEY	MAX	NOKEY
1443732809106	0	lts_1001L_01_01	01	01	0	126	0	0	0	CR	MAX	ABAT.jpg	ABAT.jpg	NOKEY	MAX	NOKEY
1443732812182	0	lts_1001L_01_01	01	01	0	127	0	0	0	CR	MAX	AMETALPER.jpg	AMETALPER.jpg	NOKEY	MAX	NOKEY
1443732813402	0	lts_1001L_01_01	01	01	0	128	16	1	1	Hit	739	16-mul/AFORKLIF2.jpg	AFORKLIF2.jpg	SPACE	785	SPACE
1443732816478	0	lts_1001L_01_01	01	01	0	129	0	0	0	CR	MAX	ADOCKPOST.jpg	ADOCKPOST.jpg	NOKEY	MAX	NOKEY
1443732819570	0	lts_1001L_01_01	01	01	0	130	0	0	0	CR	MAX	Acompactdisc2.jpg	Acompactdisc2.jpg	NOKEY	MAX	NOKEY
1443732820673	0	lts_1001L_01_01	01	01	0	131	32	1	1	Hit	630	32-0/23016343.thl.jpg	23016343.thl.jpg	SPACE	669	SPACE
1443732823749	0	lts_1001L_01_01	01	01	0	132	0	0	0	CR	MAX	Afeatherhat.jpg	Afeatherhat.jpg	NOKEY	MAX	NOKEY
1443732824786	0	lts_1001L_01_01	01	01	0	133	8	1	1	Hit	561	8-first/Alintbrush2.jpg	Alintbrush2.jpg	SPACE	603	SPACE
1443732827862	0	lts_1001L_01_01	01	01	0	134	0	0	0	CR	MAX	basketball.JPG	basketball.JPG	NOKEY	MAX	NOKEY
1443732830938	0	lts_1001L_01_01	01	01	0	135	0	0	0	CR	MAX	popcorn.jpg	popcorn.jpg	NOKEY	MAX	NOKEY
1443732834015	0	lts_1001L_01_01	01	01	0	136	0	0	0	CR	MAX	ABROOCH52.jpg	ABROOCH52.jpg	NOKEY	MAX	NOKEY
1443732835052	0	lts_1001L_01_01	01	01	0	137	4	1	1	Hit	552	4-mul/Alintbrush2.jpg	Alintbrush2.jpg	SPACE	600	SPACE
1443732838128	0	lts_1001L_01_01	01	01	0	138	0	0	0	CR	MAX	BattleStar.jpg	BattleStar.jpg	NOKEY	MAX	NOKEY
1443732841204	0	lts_1001L_01_01	01	01	0	139	0	0	0	CR	MAX	64/AFLAMMABL.jpg	AFLAMMABL.jpg	NOKEY	MAX	NOKEY
1443732842240	0	lts_1001L_01_01	01	01	0	140	16	1	1	Hit	556	16-mul/legoblocks.jpg	legoblocks.jpg	SPACE	601	SPACE
1443732845333	0	lts_1001L_01_01	01	01	0	141	0	0	0	CR	MAX	2/Ablanket2.jpg	Ablanket2.jpg	NOKEY	MAX	NOKEY
1443732848409	0	lts_1001L_01_01	01	01	0	142	0	0	0	CR	MAX	ACURLINGI.jpg	ACURLINGI.jpg	NOKEY	MAX	NOKEY
1443732850081	0	lts_1001L_01_01	01	01	0	143	2	1	1	Hit	1200	2-4/Ablanket2.jpg	Ablanket2.jpg	SPACE	1236	SPACE
1443732853157	0	lts_1001L_01_01	01	01	0	144	0	0	0	CR	MAX	ARUSSDO13.jpg	ARUSSDO13.jpg	NOKEY	MAX	NOKEY
1443732856233	0	lts_1001L_01_01	01	01	0	145	0	0	0	CR	MAX	gameboy.jpg	gameboy.jpg	NOKEY	MAX	NOKEY
1443732859309	0	lts_1001L_01_01	01	01	0	146	0	0	0	CR	MAX	128/Apump4.jpg	Apump4.jpg	NOKEY	MAX	NOKEY
1443732862385	0	lts_1001L_01_01	01	01	0	147	0	0	0	CR	MAX	2/26428682.thl.jpg	26428682.thl.jpg	NOKEY	MAX	NOKEY
1443732865461	0	lts_1001L_01_01	01	01	0	148	0	0	0	CR	MAX	AFLUTE6.jpg	AFLUTE6.jpg	NOKEY	MAX	NOKEY
1443732866530	0	lts_1001L_01_01	01	01	0	149	2	1	1	Hit	600	2-9/26428682.thl.jpg	26428682.thl.jpg	SPACE	635	SPACE
1443732869606	0	lts_1001L_01_01	01	01	0	150	0	0	0	CR	MAX	ABRAIN3.jpg	ABRAIN3.jpg	NOKEY	MAX	NOKEY
1443732872682	0	lts_1001L_01_01	01	01	0	151	0	0	0	CR	MAX	AFISHHOO9.jpg	AFISHHOO9.jpg	NOKEY	MAX	NOKEY
1443732875758	0	lts_1001L_01_01	01	01	0	152	0	0	0	CR	MAX	Acaterpilla11.jpg	Acaterpilla11.jpg	NOKEY	MAX	NOKEY
1443732876879	0	lts_1001L_01_01	01	01	0	153	64	1	1	Hit	636	64-first/Aantiquemailb.jpg	Aantiquemailb.jpg	SPACE	686	SPACE
1443732879955	0	lts_1001L_01_01	01	01	0	154	0	0	0	CR	MAX	26556936.thl.jpg	26556936.thl.jpg	NOKEY	MAX	NOKEY
1443732880991	0	lts_1001L_01_01	01	01	0	155	2	1	1	Hit	562	2-mul/Aantiquemailb.jpg	Aantiquemailb.jpg	SPACE	602	SPACE
1443732884068	0	lts_1001L_01_01	01	01	0	156	0	0	0	CR	MAX	1/Ascroll7.jpg	Ascroll7.jpg	NOKEY	MAX	NOKEY
1443732885004	0	lts_1001L_01_01	01	01	0	157	1	1	1	Hit	453	1-13/Ascroll7.jpg	Ascroll7.jpg	SPACE	500	SPACE
1443732888080	0	lts_1001L_01_01	01	01	0	158	0	0	0	CR	MAX	32/Adecorati133.jpg	Adecorati133.jpg	NOKEY	MAX	NOKEY
1443732891157	0	lts_1001L_01_01	01	01	0	159	0	0	0	CR	MAX	22924880.thl.jpg	22924880.thl.jpg	NOKEY	MAX	NOKEY
1443732892394	0	lts_1001L_01_01	01	01	0	160	128	1	1	Hit	762	128-1/railroadblock.jpg	railroadblock.jpg	SPACE	801	SPACE
1443732895470	0	lts_1001L_01_01	01	01	0	161	0	0	0	CR	MAX	Atoy57.jpg	Atoy57.jpg	NOKEY	MAX	NOKEY
1443732898545	0	lts_1001L_01_01	01	01	0	162	0	0	0	CR	MAX	Abowl74.jpg	Abowl74.jpg	NOKEY	MAX	NOKEY
1443732901621	0	lts_1001L_01_01	01	01	0	163	0	0	0	CR	MAX	1/Anailpolish.jpg	Anailpolish.jpg	NOKEY	MAX	NOKEY
1443732902891	0	lts_1001L_01_01	01	01	0	164	1	1	1	Hit	797	1-9/Anailpolish.jpg	Anailpolish.jpg	SPACE	837	SPACE
1443732905967	0	lts_1001L_01_01	01	01	0	165	0	0	0	CR	MAX	26369944.thl.jpg	26369944.thl.jpg	NOKEY	MAX	NOKEY
1443732909061	0	lts_1001L_01_01	01	01	0	166	0	0	0	CR	MAX	1/B_orange.jpg	B_orange.jpg	NOKEY	MAX	NOKEY
1443732909913	0	lts_1001L_01_01	01	01	0	167	1	1	1	Hit	370	1-14/B_orange.jpg	B_orange.jpg	SPACE	417	SPACE
1443732912989	0	lts_1001L_01_01	01	01	0	168	0	0	0	CR	MAX	32/AWOODST11.jpg	AWOODST11.jpg	NOKEY	MAX	NOKEY
1443732916066	0	lts_1001L_01_01	01	01	0	169	0	0	0	CR	MAX	8/AARMHEL12.jpg	AARMHEL12.jpg	NOKEY	MAX	NOKEY
1443732919142	0	lts_1001L_01_01	01	01	0	170	0	0	0	CR	MAX	Abandage3.jpg	Abandage3.jpg	NOKEY	MAX	NOKEY
1443732922218	0	lts_1001L_01_01	01	01	0	171	0	0	0	CR	MAX	AWATEHOSE.jpg	AWATEHOSE.jpg	NOKEY	MAX	NOKEY
1443732925294	0	lts_1001L_01_01	01	01	0	172	0	0	0	CR	MAX	26379054.thl.jpg	26379054.thl.jpg	NOKEY	MAX	NOKEY
1443732928370	0	lts_1001L_01_01	01	01	0	173	0	0	0	CR	MAX	ABALLYAR4.jpg	ABALLYAR4.jpg	NOKEY	MAX	NOKEY
1443732929590	0	lts_1001L_01_01	01	01	0	174	128	1	1	Hit	741	128-3/26424443.thl.jpg	26424443.thl.jpg	SPACE	785	SPACE
1443732932666	0	lts_1001L_01_01	01	01	0	175	0	0	0	CR	MAX	64/Acheque.jpg	Acheque.jpg	NOKEY	MAX	NOKEY
1443732934255	0	lts_1001L_01_01	01	01	0	176	0	0	1	FA	1096	23044458.thl.jpg	23044458.thl.jpg	SPACE	1137	NOKEY
1443732935508	0	lts_1001L_01_01	01	01	0	177	8	1	1	Hit	774	8-2/AARMHEL12.jpg	AARMHEL12.jpg	SPACE	820	SPACE
1443732938584	0	lts_1001L_01_01	01	01	0	178	0	0	0	CR	MAX	4/Acomputerkey2.jpg	Acomputerkey2.jpg	NOKEY	MAX	NOKEY
1443732941660	0	lts_1001L_01_01	01	01	0	179	0	0	0	CR	MAX	26437107.thl.jpg	26437107.thl.jpg	NOKEY	MAX	NOKEY
1443732944736	0	lts_1001L_01_01	01	01	0	180	0	0	0	CR	MAX	32/ASLIDVIE2.jpg	ASLIDVIE2.jpg	NOKEY	MAX	NOKEY
1443732947812	0	lts_1001L_01_01	01	01	0	181	0	0	0	CR	MAX	22854888.thl.jpg	22854888.thl.jpg	NOKEY	MAX	NOKEY
1443732949050	0	lts_1001L_01_01	01	01	0	182	4	1	1	Hit	760	4-3/Acomputerkey2.jpg	Acomputerkey2.jpg	SPACE	803	SPACE
1443732952126	0	lts_1001L_01_01	01	01	0	183	0	0	0	CR	MAX	AAFRICI13.jpg	AAFRICI13.jpg	NOKEY	MAX	NOKEY
1443732955202	0	lts_1001L_01_01	01	01	0	184	0	0	0	CR	MAX	64/medievalknight.jpg	medievalknight.jpg	NOKEY	MAX	NOKEY
1443732958278	0	lts_1001L_01_01	01	01	0	185	0	0	0	CR	MAX	AMECHHAN3.jpg	AMECHHAN3.jpg	NOKEY	MAX	NOKEY
1443732961354	0	lts_1001L_01_01	01	01	0	186	0	0	0	CR	MAX	2/Adustpanbrush.jpg	Adustpanbrush.jpg	NOKEY	MAX	NOKEY
1443732964431	0	lts_1001L_01_01	01	01	0	187	0	0	0	CR	MAX	Atoy63.jpg	Atoy63.jpg	NOKEY	MAX	NOKEY
1443732965483	0	lts_1001L_01_01	01	01	0	188	2	1	1	Hit	575	2-5/Adustpanbrush.jpg	Adustpanbrush.jpg	SPACE	619	SPACE
1443732968559	0	lts_1001L_01_01	01	01	0	189	0	0	0	CR	MAX	ACHANGDIS.jpg	ACHANGDIS.jpg	NOKEY	MAX	NOKEY
1443732969762	0	lts_1001L_01_01	01	01	0	190	32	1	1	Hit	721	32-3/Adecorati133.jpg	Adecorati133.jpg	SPACE	770	SPACE
1443732971134	0	lts_1001L_01_01	01	01	0	191	0	0	1	FA	891	26423465.thl.jpg	26423465.thl.jpg	SPACE	936	NOKEY
1443732974210	0	lts_1001L_01_01	01	01	0	192	0	0	0	CR	MAX	26374767.thl.jpg	26374767.thl.jpg	NOKEY	MAX	NOKEY
1443732977286	0	lts_1001L_01_01	01	01	0	193	0	0	0	CR	MAX	10049566.thl.jpg	10049566.thl.jpg	NOKEY	MAX	NOKEY
1443732980362	0	lts_1001L_01_01	01	01	0	194	0	0	0	CR	MAX	16/AELEAGEN3.jpg	AELEAGEN3.jpg	NOKEY	MAX	NOKEY
1443732983455	0	lts_1001L_01_01	01	01	0	195	0	0	0	CR	MAX	Aboardgame2.jpg	Aboardgame2.jpg	NOKEY	MAX	NOKEY
1443732986530	0	lts_1001L_01_01	01	01	0	196	0	0	0	CR	MAX	Achair611.jpg	Achair611.jpg	NOKEY	MAX	NOKEY
1443732987801	0	lts_1001L_01_01	01	01	0	197	0	0	1	FA	798	26420979.thl.jpg	26420979.thl.jpg	SPACE	837	NOKEY
1443732990877	0	lts_1001L_01_01	01	01	0	198	0	0	0	CR	MAX	26455183.thl.jpg	26455183.thl.jpg	NOKEY	MAX	NOKEY
1443732993953	0	lts_1001L_01_01	01	01	0	199	0	0	0	CR	MAX	ACOUNTING.jpg	ACOUNTING.jpg	NOKEY	MAX	NOKEY
1443732995325	0	lts_1001L_01_01	01	01	0	200	32	1	1	Hit	889	32-6/AWOODST11.jpg	AWOODST11.jpg	SPACE	937	SPACE
1443732998418	0	lts_1001L_01_01	01	01	0	201	0	0	0	CR	MAX	Afunnel17.jpg	Afunnel17.jpg	NOKEY	MAX	NOKEY
1443733001493	0	lts_1001L_01_01	01	01	0	202	0	0	0	CR	MAX	AGARBIN.jpg	AGARBIN.jpg	NOKEY	MAX	NOKEY
1443733002663	0	lts_1001L_01_01	01	01	0	203	64	1	1	Hit	696	64-first/AFLAMMABL.jpg	AFLAMMABL.jpg	SPACE	737	SPACE
1443733003867	0	lts_1001L_01_01	01	01	0	204	0	0	1	FA	733	1/Atombstone17.jpg	Atombstone17.jpg	SPACE	770	NOKEY
1443733004953	0	lts_1001L_01_01	01	01	0	205	1	1	1	Hit	612	1-2/Atombstone17.jpg	Atombstone17.jpg	SPACE	652	SPACE
1443733008047	0	lts_1001L_01_01	01	01	0	206	0	0	0	CR	MAX	Acarnivalgame.jpg	Acarnivalgame.jpg	NOKEY	MAX	NOKEY
1443733011123	0	lts_1001L_01_01	01	01	0	207	0	0	0	CR	MAX	ACOWBELL6.jpg	ACOWBELL6.jpg	NOKEY	MAX	NOKEY
1443733013230	0	lts_1001L_01_01	01	01	0	208	0	0	1	FA	1635	AHUMIDIFI.jpg	AHUMIDIFI.jpg	SPACE	1670	NOKEY
1443733016305	0	lts_1001L_01_01	01	01	0	209	0	0	0	CR	MAX	Agarbagebag.jpg	Agarbagebag.jpg	NOKEY	MAX	NOKEY
1443733017325	0	lts_1001L_01_01	01	01	0	210	16	1	1	Hit	546	16-1/AELEAGEN3.jpg	AELEAGEN3.jpg	SPACE	584	SPACE
1443733020401	0	lts_1001L_01_01	01	01	0	211	0	0	0	CR	MAX	26375982.thl.jpg	26375982.thl.jpg	NOKEY	MAX	NOKEY
1443733021520	0	lts_1001L_01_01	01	01	0	212	32	1	1	Hit	641	32-7/ASLIDVIE2.jpg	ASLIDVIE2.jpg	SPACE	685	SPACE
1443733022858	0	lts_1001L_01_01	01	01	0	213	0	0	1	FA	858	2/22855404.thl.jpg	22855404.thl.jpg	SPACE	904	NOKEY
1443733025934	0	lts_1001L_01_01	01	01	0	214	0	0	0	CR	MAX	26432899.thl.jpg	26432899.thl.jpg	NOKEY	MAX	NOKEY
1443733026904	0	lts_1001L_01_01	01	01	0	215	2	1	1	Hit	495	2-10/22855404.thl.jpg	22855404.thl.jpg	SPACE	535	SPACE
1443733029996	0	lts_1001L_01_01	01	01	0	216	0	0	0	CR	MAX	64/Azebra8.jpg	Azebra8.jpg	NOKEY	MAX	NOKEY
1443733033073	0	lts_1001L_01_01	01	01	0	217	0	0	0	CR	MAX	Aintercom6.jpg	Aintercom6.jpg	NOKEY	MAX	NOKEY
1443733036149	0	lts_1001L_01_01	01	01	0	218	0	0	0	CR	MAX	showercurtainsuchi.jpg	showercurtainsuchi.jpg	NOKEY	MAX	NOKEY
1443733037153	0	lts_1001L_01_01	01	01	0	219	16	1	1	Hit	532	16-mul/AFLAMMABL.jpg	AFLAMMABL.jpg	SPACE	567	SPACE
1443733040229	0	lts_1001L_01_01	01	01	0	220	0	0	0	CR	MAX	4/26374798.thl.jpg	26374798.thl.jpg	NOKEY	MAX	NOKEY
1443733043305	0	lts_1001L_01_01	01	01	0	221	0	0	0	CR	MAX	Abuilding5.jpg	Abuilding5.jpg	NOKEY	MAX	NOKEY
1443733046381	0	lts_1001L_01_01	01	01	0	222	0	0	0	CR	MAX	8068401.thl.jpg	8068401.thl.jpg	NOKEY	MAX	NOKEY
1443733049457	0	lts_1001L_01_01	01	01	0	223	0	0	0	CR	MAX	Awinecase.jpg	Awinecase.jpg	NOKEY	MAX	NOKEY
1443733050593	0	lts_1001L_01_01	01	01	0	224	4	1	1	Hit	645	4-1/26374798.thl.jpg	26374798.thl.jpg	SPACE	686	SPACE
1443733053669	0	lts_1001L_01_01	01	01	0	225	0	0	0	CR	MAX	ABIKLIGHT.jpg	ABIKLIGHT.jpg	NOKEY	MAX	NOKEY
1443733056745	0	lts_1001L_01_01	01	01	0	226	0	0	0	CR	MAX	bowtie.jpg	bowtie.jpg	NOKEY	MAX	NOKEY
1443733059838	0	lts_1001L_01_01	01	01	0	227	0	0	0	CR	MAX	licorice.jpg	licorice.jpg	NOKEY	MAX	NOKEY
1443733062914	0	lts_1001L_01_01	01	01	0	228	0	0	0	CR	MAX	128/Acardinal2.jpg	Acardinal2.jpg	NOKEY	MAX	NOKEY
1443733065990	0	lts_1001L_01_01	01	01	0	229	0	0	0	CR	MAX	Acanister10.jpg	Acanister10.jpg	NOKEY	MAX	NOKEY
1443733069067	0	lts_1001L_01_01	01	01	0	230	0	0	0	CR	MAX	1/Acanoe19.jpg	Acanoe19.jpg	NOKEY	MAX	NOKEY
1443733070053	0	lts_1001L_01_01	01	01	0	231	1	1	1	Hit	507	1-3/Acanoe19.jpg	Acanoe19.jpg	SPACE	551	SPACE
1443733073129	0	lts_1001L_01_01	01	01	0	232	0	0	0	CR	MAX	4/26370704.thl.jpg	26370704.thl.jpg	NOKEY	MAX	NOKEY
1443733076205	0	lts_1001L_01_01	01	01	0	233	0	0	0	CR	MAX	ABUDDHA18.jpg	ABUDDHA18.jpg	NOKEY	MAX	NOKEY
1443733079281	0	lts_1001L_01_01	01	01	0	234	0	0	0	CR	MAX	AFLAMEXTI.jpg	AFLAMEXTI.jpg	NOKEY	MAX	NOKEY
1443733082357	0	lts_1001L_01_01	01	01	0	235	0	0	0	CR	MAX	APHARAOH.jpg	APHARAOH.jpg	NOKEY	MAX	NOKEY
1443733083677	0	lts_1001L_01_01	01	01	0	236	4	1	1	Hit	848	4-7/26370704.thl.jpg	26370704.thl.jpg	SPACE	886	SPACE
1443733086787	0	lts_1001L_01_01	01	01	0	237	0	0	0	CR	MAX	Askirt3.jpg	Askirt3.jpg	NOKEY	MAX	NOKEY
1443733089863	0	lts_1001L_01_01	01	01	0	238	0	0	0	CR	MAX	26554952.thl.jpg	26554952.thl.jpg	NOKEY	MAX	NOKEY
1443733090966	0	lts_1001L_01_01	01	01	0	239	64	1	1	Hit	633	64-first/Acheque.jpg	Acheque.jpg	SPACE	669	SPACE
1443733094043	0	lts_1001L_01_01	01	01	0	240	0	0	0	CR	MAX	Alipstick3.jpg	Alipstick3.jpg	NOKEY	MAX	NOKEY
1443733097119	0	lts_1001L_01_01	01	01	0	241	0	0	0	CR	MAX	razorscooter.jpg	razorscooter.jpg	NOKEY	MAX	NOKEY
1443733100195	0	lts_1001L_01_01	01	01	0	242	0	0	0	CR	MAX	26421357.thl.jpg	26421357.thl.jpg	NOKEY	MAX	NOKEY
1443733101732	0	lts_1001L_01_01	01	01	0	243	4	1	1	Hit	1061	4-mul/Acheque.jpg	Acheque.jpg	SPACE	1103	SPACE
1443733104808	0	lts_1001L_01_01	01	01	0	244	0	0	0	CR	MAX	16/AARTIHAN5.jpg	AARTIHAN5.jpg	NOKEY	MAX	NOKEY
1443733107884	0	lts_1001L_01_01	01	01	0	245	0	0	0	CR	MAX	AGLASSBO7.jpg	AGLASSBO7.jpg	NOKEY	MAX	NOKEY
1443733110960	0	lts_1001L_01_01	01	01	0	246	0	0	0	CR	MAX	4/26428041.thl.jpg	26428041.thl.jpg	NOKEY	MAX	NOKEY
1443733114037	0	lts_1001L_01_01	01	01	0	247	0	0	0	CR	MAX	AICEUBETR.jpg	AICEUBETR.jpg	NOKEY	MAX	NOKEY
1443733115408	0	lts_1001L_01_01	01	01	0	248	64	1	1	Hit	892	64-first/medievalknight.jpg	medievalknight.jpg	SPACE	935	SPACE
1443733117281	0	lts_1001L_01_01	01	01	0	249	0	0	1	FA	1382	gascontainer.jpg	gascontainer.jpg	SPACE	1420	NOKEY
1443733118434	0	lts_1001L_01_01	01	01	0	250	4	1	1	Hit	671	4-2/26428041.thl.jpg	26428041.thl.jpg	SPACE	719	SPACE
1443733121509	0	lts_1001L_01_01	01	01	0	251	0	0	0	CR	MAX	26374731.thl.jpg	26374731.thl.jpg	NOKEY	MAX	NOKEY
1443733122613	0	lts_1001L_01_01	01	01	0	252	4	1	1	Hit	634	4-mul/medievalknight.jpg	medievalknight.jpg	SPACE	670	SPACE
1443733125689	0	lts_1001L_01_01	01	01	0	253	0	0	0	CR	MAX	AWHISBARR.jpg	AWHISBARR.jpg	NOKEY	MAX	NOKEY
1443733128765	0	lts_1001L_01_01	01	01	0	254	0	0	0	CR	MAX	Apartyha3.jpg	Apartyha3.jpg	NOKEY	MAX	NOKEY
1443733131841	0	lts_1001L_01_01	01	01	0	255	0	0	0	CR	MAX	64/AMINCOLLE.jpg	AMINCOLLE.jpg	NOKEY	MAX	NOKEY
1443733134917	0	lts_1001L_01_01	01	01	0	256	0	0	0	CR	MAX	Aclamp55.jpg	Aclamp55.jpg	NOKEY	MAX	NOKEY
1443733137993	0	lts_1001L_01_01	01	01	0	257	0	0	0	CR	MAX	ADEEPFRYS.jpg	ADEEPFRYS.jpg	NOKEY	MAX	NOKEY
1443733141070	0	lts_1001L_01_01	01	01	0	258	0	0	0	CR	MAX	26467443.thl.jpg	26467443.thl.jpg	NOKEY	MAX	NOKEY
1443733144146	0	lts_1001L_01_01	01	01	0	259	0	0	0	CR	MAX	26431414.thl.jpg	26431414.thl.jpg	NOKEY	MAX	NOKEY
1443733145333	0	lts_1001L_01_01	01	01	0	260	16	1	1	Hit	707	16-first/AARTIHAN5.jpg	AARTIHAN5.jpg	SPACE	751	SPACE
1443733148426	0	lts_1001L_01_01	01	01	0	261	0	0	0	CR	MAX	Achampagnebo2.jpg	Achampagnebo2.jpg	NOKEY	MAX	NOKEY
1443733151501	0	lts_1001L_01_01	01	01	0	262	0	0	0	CR	MAX	4/Lanyard.jpg	Lanyard.jpg	NOKEY	MAX	NOKEY
1443733154577	0	lts_1001L_01_01	01	01	0	263	0	0	0	CR	MAX	Atool120.jpg	Atool120.jpg	NOKEY	MAX	NOKEY
1443733157653	0	lts_1001L_01_01	01	01	0	264	0	0	0	CR	MAX	ASTREESW2.jpg	ASTREESW2.jpg	NOKEY	MAX	NOKEY
1443733160729	0	lts_1001L_01_01	01	01	0	265	0	0	0	CR	MAX	Aadjustablech.jpg	Aadjustablech.jpg	NOKEY	MAX	NOKEY
1443733161916	0	lts_1001L_01_01	01	01	0	266	4	1	1	Hit	708	4-4/Lanyard.jpg	Lanyard.jpg	SPACE	752	SPACE
1443733164992	0	lts_1001L_01_01	01	01	0	267	0	0	0	CR	MAX	Aancientston3.jpg	Aancientston3.jpg	NOKEY	MAX	NOKEY
1443733168069	0	lts_1001L_01_01	01	01	0	268	64	1	0	Miss	MAX	64/fireking-file-cabinet.jpg	fireking-file-cabinet.jpg	NOKEY	MAX	SPACE
1443733171145	0	lts_1001L_01_01	01	01	0	269	0	0	0	CR	MAX	Hammock.jpg	Hammock.jpg	NOKEY	MAX	NOKEY
1443733174221	0	lts_1001L_01_01	01	01	0	270	0	0	0	CR	MAX	2/Astapler12.jpg	Astapler12.jpg	NOKEY	MAX	NOKEY
1443733177314	0	lts_1001L_01_01	01	01	0	271	0	0	0	CR	MAX	AANTTRUCK.jpg	AANTTRUCK.jpg	NOKEY	MAX	NOKEY
1443733178401	0	lts_1001L_01_01	01	01	0	272	2	1	1	Hit	611	2-7/Astapler12.jpg	Astapler12.jpg	SPACE	651	SPACE
1443733181477	0	lts_1001L_01_01	01	01	0	273	0	0	0	CR	MAX	AARCCHAR2.jpg	AARCCHAR2.jpg	NOKEY	MAX	NOKEY
1443733184552	0	lts_1001L_01_01	01	01	0	274	128	1	0	Miss	MAX	128-6/Apump4.jpg	Apump4.jpg	NOKEY	MAX	SPACE
1443733187645	0	lts_1001L_01_01	01	01	0	275	0	0	0	CR	MAX	Brusselssprouts.jpg	Brusselssprouts.jpg	NOKEY	MAX	NOKEY
1443733188614	0	lts_1001L_01_01	01	01	0	276	16	1	1	Hit	488	16-mul/AARTIHAN5.jpg	AARTIHAN5.jpg	SPACE	536	SPACE
1443733191690	0	lts_1001L_01_01	01	01	0	277	0	0	0	CR	MAX	Aancientstat4.jpg	Aancientstat4.jpg	NOKEY	MAX	NOKEY
1443733194767	0	lts_1001L_01_01	01	01	0	278	0	0	0	CR	MAX	satellitedirecttc.jpg	satellitedirecttc.jpg	NOKEY	MAX	NOKEY
1443733197843	0	lts_1001L_01_01	01	01	0	279	0	0	0	CR	MAX	128/26422216.thl.jpg	26422216.thl.jpg	NOKEY	MAX	NOKEY
1443733199214	0	lts_1001L_01_01	01	01	0	280	64	1	1	Hit	891	64-first/Azebra8.jpg	Azebra8.jpg	SPACE	936	SPACE
1443733202290	0	lts_1001L_01_01	01	01	0	281	0	0	0	CR	MAX	Atoybird10.jpg	Atoybird10.jpg	NOKEY	MAX	NOKEY
1443733205367	0	lts_1001L_01_01	01	01	0	282	0	0	0	CR	MAX	AREDBEAN5.jpg	AREDBEAN5.jpg	NOKEY	MAX	NOKEY
1443733208459	0	lts_1001L_01_01	01	01	0	283	0	0	0	CR	MAX	ABREAD.jpg	ABREAD.jpg	NOKEY	MAX	NOKEY
1443733209379	0	lts_1001L_01_01	01	01	0	284	4	1	1	Hit	444	4-mul/Azebra8.jpg	Azebra8.jpg	SPACE	484	SPACE
1443733212455	0	lts_1001L_01_01	01	01	0	285	0	0	0	CR	MAX	AEXERCBIK.jpg	AEXERCBIK.jpg	NOKEY	MAX	NOKEY
1443733215530	0	lts_1001L_01_01	01	01	0	286	0	0	0	CR	MAX	ASAFE.jpg	ASAFE.jpg	NOKEY	MAX	NOKEY
1443733218606	0	lts_1001L_01_01	01	01	0	287	0	0	0	CR	MAX	26432173.thl.jpg	26432173.thl.jpg	NOKEY	MAX	NOKEY
1443733221682	0	lts_1001L_01_01	01	01	0	288	0	0	0	CR	MAX	Ababybottle15.jpg	Ababybottle15.jpg	NOKEY	MAX	NOKEY
1443733224758	0	lts_1001L_01_01	01	01	0	289	0	0	0	CR	MAX	Asword138.jpg	Asword138.jpg	NOKEY	MAX	NOKEY
1443733227834	0	lts_1001L_01_01	01	01	0	290	0	0	0	CR	MAX	cinnamonroll.jpg	cinnamonroll.jpg	NOKEY	MAX	NOKEY
1443733230910	0	lts_1001L_01_01	01	01	0	291	0	0	0	CR	MAX	8/Awaffle3.jpg	Awaffle3.jpg	NOKEY	MAX	NOKEY
1443733233986	0	lts_1001L_01_01	01	01	0	292	0	0	0	CR	MAX	2/Apitchfork4.jpg	Apitchfork4.jpg	NOKEY	MAX	NOKEY
1443733237080	0	lts_1001L_01_01	01	01	0	293	0	0	0	CR	MAX	128/26457349.thl.jpg	26457349.thl.jpg	NOKEY	MAX	NOKEY
1443733238167	0	lts_1001L_01_01	01	01	0	294	2	1	1	Hit	613	2-3/Apitchfork4.jpg	Apitchfork4.jpg	SPACE	651	SPACE
1443733241243	0	lts_1001L_01_01	01	01	0	295	0	0	0	CR	MAX	16/ACOPPAN10.jpg	ACOPPAN10.jpg	NOKEY	MAX	NOKEY
1443733244319	0	lts_1001L_01_01	01	01	0	296	0	0	0	CR	MAX	22923524.thl.jpg	22923524.thl.jpg	NOKEY	MAX	NOKEY
1443733247395	0	lts_1001L_01_01	01	01	0	297	0	0	0	CR	MAX	8020347.thl.jpg	8020347.thl.jpg	NOKEY	MAX	NOKEY
1443733250471	0	lts_1001L_01_01	01	01	0	298	0	0	0	CR	MAX	4/Aroadsignind3.jpg	Aroadsignind3.jpg	NOKEY	MAX	NOKEY
1443733251774	0	lts_1001L_01_01	01	01	0	299	8	1	1	Hit	823	8-first/Awaffle3.jpg	Awaffle3.jpg	SPACE	870	SPACE
1443733254850	0	lts_1001L_01_01	01	01	0	300	0	0	0	CR	MAX	A4DOMINO.jpg	A4DOMINO.jpg	NOKEY	MAX	NOKEY
1443733257926	0	lts_1001L_01_01	01	01	0	301	0	0	0	CR	MAX	AREDPLUM.jpg	AREDPLUM.jpg	NOKEY	MAX	NOKEY
1443733259331	0	lts_1001L_01_01	01	01	0	302	4	1	1	Hit	926	4-11/Aroadsignind3.jpg	Aroadsignind3.jpg	SPACE	969	SPACE
1443733262408	0	lts_1001L_01_01	01	01	0	303	0	0	0	CR	MAX	8021822.thl.jpg	8021822.thl.jpg	NOKEY	MAX	NOKEY
1443733265483	0	lts_1001L_01_01	01	01	0	304	0	0	0	CR	MAX	4/confettipopper.jpg	confettipopper.jpg	NOKEY	MAX	NOKEY
1443733268559	0	lts_1001L_01_01	01	01	0	305	0	0	0	CR	MAX	D_golfcart.jpg	D_golfcart.jpg	NOKEY	MAX	NOKEY
1443733271635	0	lts_1001L_01_01	01	01	0	306	0	0	0	CR	MAX	donaldduck.jpg	donaldduck.jpg	NOKEY	MAX	NOKEY
1443733274711	0	lts_1001L_01_01	01	01	0	307	0	0	0	CR	MAX	AARTIFLE2.jpg	AARTIFLE2.jpg	NOKEY	MAX	NOKEY
1443733275781	0	lts_1001L_01_01	01	01	0	308	4	1	1	Hit	598	4-5/confettipopper.jpg	confettipopper.jpg	SPACE	637	SPACE
1443733278857	0	lts_1001L_01_01	01	01	0	309	0	0	0	CR	MAX	128/26374803.thl.jpg	26374803.thl.jpg	NOKEY	MAX	NOKEY
1443733281950	0	lts_1001L_01_01	01	01	0	310	0	0	0	CR	MAX	26424973.thl.jpg	26424973.thl.jpg	NOKEY	MAX	NOKEY
1443733282953	0	lts_1001L_01_01	01	01	0	311	16	1	1	Hit	530	16-first/ACOPPAN10.jpg	ACOPPAN10.jpg	SPACE	569	SPACE
1443733286030	0	lts_1001L_01_01	01	01	0	312	0	0	0	CR	MAX	Arubberworksh.jpg	Arubberworksh.jpg	NOKEY	MAX	NOKEY
1443733287183	0	lts_1001L_01_01	01	01	0	313	2	1	1	Hit	670	2-mul/ACOPPAN10.jpg	ACOPPAN10.jpg	SPACE	718	SPACE
1443733290259	0	lts_1001L_01_01	01	01	0	314	0	0	0	CR	MAX	26383637.thl.jpg	26383637.thl.jpg	NOKEY	MAX	NOKEY
1443733291262	0	lts_1001L_01_01	01	01	0	315	16	1	1	Hit	519	16-mul/Awaffle3.jpg	Awaffle3.jpg	SPACE	567	SPACE
1443733294338	0	lts_1001L_01_01	01	01	0	316	0	0	0	CR	MAX	AKNEEHAMR.jpg	AKNEEHAMR.jpg	NOKEY	MAX	NOKEY
1443733297431	0	lts_1001L_01_01	01	01	0	317	0	0	0	CR	MAX	Afoodprocess4.jpg	Afoodprocess4.jpg	NOKEY	MAX	NOKEY
1443733300506	0	lts_1001L_01_01	01	01	0	318	0	0	0	CR	MAX	128/AGAME.jpg	AGAME.jpg	NOKEY	MAX	NOKEY
1443733303582	0	lts_1001L_01_01	01	01	0	319	64	1	0	Miss	MAX	64-first/AMINCOLLE.jpg	AMINCOLLE.jpg	NOKEY	MAX	SPACE
1443733306658	0	lts_1001L_01_01	01	01	0	320	0	0	0	CR	MAX	32/Ainstrument3.jpg	Ainstrument3.jpg	NOKEY	MAX	NOKEY
1443733309751	0	lts_1001L_01_01	01	01	0	321	0	0	0	CR	MAX	ASHEEP4.jpg	ASHEEP4.jpg	NOKEY	MAX	NOKEY
1443733312827	0	lts_1001L_01_01	01	01	0	322	0	0	0	CR	MAX	Awindmill3.jpg	Awindmill3.jpg	NOKEY	MAX	NOKEY
1443733315903	0	lts_1001L_01_01	01	01	0	323	0	0	0	CR	MAX	64/sausage.jpg	sausage.jpg	NOKEY	MAX	NOKEY
1443733318979	0	lts_1001L_01_01	01	01	0	324	0	0	0	CR	MAX	Atoydoll12.jpg	Atoydoll12.jpg	NOKEY	MAX	NOKEY
1443733322057	0	lts_1001L_01_01	01	01	0	325	0	0	0	CR	MAX	Abedpan7.jpg	Abedpan7.jpg	NOKEY	MAX	NOKEY
1443733325133	0	lts_1001L_01_01	01	01	0	326	0	0	0	CR	MAX	16/26455774.thl.jpg	26455774.thl.jpg	NOKEY	MAX	NOKEY
1443733328209	0	lts_1001L_01_01	01	01	0	327	0	0	0	CR	MAX	26772987.thl.jpg	26772987.thl.jpg	NOKEY	MAX	NOKEY
1443733331301	0	lts_1001L_01_01	01	01	0	328	0	0	0	CR	MAX	Aallterrain10.jpg	Aallterrain10.jpg	NOKEY	MAX	NOKEY
1443733334377	0	lts_1001L_01_01	01	01	0	329	0	0	0	CR	MAX	8/8027656.thl.jpg	8027656.thl.jpg	NOKEY	MAX	NOKEY
1443733337454	0	lts_1001L_01_01	01	01	0	330	0	0	0	CR	MAX	Achair1260.jpg	Achair1260.jpg	NOKEY	MAX	NOKEY
1443733340529	0	lts_1001L_01_01	01	01	0	331	0	0	0	CR	MAX	64/AGLASSFL4.jpg	AGLASSFL4.jpg	NOKEY	MAX	NOKEY
1443733341950	0	lts_1001L_01_01	01	01	0	332	64	1	1	Hit	948	64-first/fireking-file-cabinet.jpg	fireking-file-cabinet.jpg	SPACE	986	SPACE
1443733345044	0	lts_1001L_01_01	01	01	0	333	0	0	0	CR	MAX	26442809.thl.jpg	26442809.thl.jpg	NOKEY	MAX	NOKEY
1443733348270	0	lts_1001L_01_01	01	01	0	334	0	0	0	CR	MAX	ipod01.jpg	ipod01.jpg	NOKEY	MAX	NOKEY
1443733349640	0	lts_1001L_01_01	01	01	0	335	16	1	1	Hit	895	16-mul/AMINCOLLE.jpg	AMINCOLLE.jpg	SPACE	936	SPACE
1443733352733	0	lts_1001L_01_01	01	01	0	336	0	0	0	CR	MAX	AMEDCONTA.jpg	AMEDCONTA.jpg	NOKEY	MAX	NOKEY
1443733353936	0	lts_1001L_01_01	01	01	0	337	8	1	1	Hit	724	8-first/8027656.thl.jpg	8027656.thl.jpg	SPACE	769	SPACE
1443733357013	0	lts_1001L_01_01	01	01	0	338	0	0	0	CR	MAX	ACAROUSE2.jpg	ACAROUSE2.jpg	NOKEY	MAX	NOKEY
1443733358083	0	lts_1001L_01_01	01	01	0	339	2	1	1	Hit	593	2-mul/8027656.thl.jpg	8027656.thl.jpg	SPACE	634	SPACE
1443733359003	0	lts_1001L_01_01	01	01	0	340	0	0	1	FA	419	ACUTLERY5.jpg	ACUTLERY5.jpg	SPACE	467	NOKEY
1443733362079	0	lts_1001L_01_01	01	01	0	341	0	0	0	CR	MAX	26687972.thl.jpg	26687972.thl.jpg	NOKEY	MAX	NOKEY
1443733363266	0	lts_1001L_01_01	01	01	0	342	16	1	1	Hit	715	16-first/26455774.thl.jpg	26455774.thl.jpg	SPACE	752	SPACE
1443733366342	0	lts_1001L_01_01	01	01	0	343	0	0	0	CR	MAX	Aslippers2.jpg	Aslippers2.jpg	NOKEY	MAX	NOKEY
1443733369418	0	lts_1001L_01_01	01	01	0	344	0	0	0	CR	MAX	16/8021504.thl.jpg	8021504.thl.jpg	NOKEY	MAX	NOKEY
1443733371975	0	lts_1001L_01_01	01	01	0	345	0	0	1	FA	2085	26688546.thl.jpg	26688546.thl.jpg	SPACE	2123	NOKEY
1443733373079	0	lts_1001L_01_01	01	01	0	346	4	1	1	Hit	632	4-mul/26455774.thl.jpg	26455774.thl.jpg	SPACE	669	SPACE
1443733376155	0	lts_1001L_01_01	01	01	0	347	0	0	0	CR	MAX	32/Atoyswing.jpg	Atoyswing.jpg	NOKEY	MAX	NOKEY
1443733377258	0	lts_1001L_01_01	01	01	0	348	16	1	1	Hit	628	16-mul/fireking-file-cabinet.jpg	fireking-file-cabinet.jpg	SPACE	667	SPACE
1443733380335	0	lts_1001L_01_01	01	01	0	349	0	0	0	CR	MAX	Aadjustablec2.jpg	Aadjustablec2.jpg	NOKEY	MAX	NOKEY
1443733383411	0	lts_1001L_01_01	01	01	0	350	0	0	0	CR	MAX	Acane116.jpg	Acane116.jpg	NOKEY	MAX	NOKEY
1443733386486	0	lts_1001L_01_01	01	01	0	351	0	0	0	CR	MAX	8056402.thl.jpg	8056402.thl.jpg	NOKEY	MAX	NOKEY
1443733387773	0	lts_1001L_01_01	01	01	0	352	32	1	1	Hit	814	32-1/Ainstrument3.jpg	Ainstrument3.jpg	SPACE	854	SPACE
1443733390899	0	lts_1001L_01_01	01	01	0	353	0	0	0	CR	MAX	Acoatrack5.jpg	Acoatrack5.jpg	NOKEY	MAX	NOKEY
1443733393975	0	lts_1001L_01_01	01	01	0	354	0	0	0	CR	MAX	Agratedchees2.jpg	Agratedchees2.jpg	NOKEY	MAX	NOKEY
1443733397052	0	lts_1001L_01_01	01	01	0	355	0	0	0	CR	MAX	16/8020200.thl.jpg	8020200.thl.jpg	NOKEY	MAX	NOKEY
1443733398740	0	lts_1001L_01_01	01	01	0	356	128	1	1	Hit	1215	128-4/Acardinal2.jpg	Acardinal2.jpg	SPACE	1254	SPACE
1443733401833	0	lts_1001L_01_01	01	01	0	357	0	0	0	CR	MAX	26421370.thl.jpg	26421370.thl.jpg	NOKEY	MAX	NOKEY
1443733404909	0	lts_1001L_01_01	01	01	0	358	0	0	0	CR	MAX	Aoutdoorrece2.jpg	Aoutdoorrece2.jpg	NOKEY	MAX	NOKEY
1443733407985	0	lts_1001L_01_01	01	01	0	359	0	0	0	CR	MAX	8/gymbars2.jpg	gymbars2.jpg	NOKEY	MAX	NOKEY
1443733409156	0	lts_1001L_01_01	01	01	0	360	16	1	1	Hit	693	16-first/8021504.thl.jpg	8021504.thl.jpg	SPACE	735	SPACE
1443733412232	0	lts_1001L_01_01	01	01	0	361	0	0	0	CR	MAX	32/Ascientificm2.jpg	Ascientificm2.jpg	NOKEY	MAX	NOKEY
1443733413235	0	lts_1001L_01_01	01	01	0	362	2	1	1	Hit	529	2-mul/8021504.thl.jpg	8021504.thl.jpg	SPACE	567	SPACE
1443733416311	0	lts_1001L_01_01	01	01	0	363	0	0	0	CR	MAX	ATRIANGL2.jpg	ATRIANGL2.jpg	NOKEY	MAX	NOKEY
1443733419387	0	lts_1001L_01_01	01	01	0	364	0	0	0	CR	MAX	AWATERCO4.jpg	AWATERCO4.jpg	NOKEY	MAX	NOKEY
1443733422463	0	lts_1001L_01_01	01	01	0	365	0	0	0	CR	MAX	8/saltpeppershakerjpg.jpg	saltpeppershakerjpg.jpg	NOKEY	MAX	NOKEY
1443733425555	0	lts_1001L_01_01	01	01	0	366	0	0	0	CR	MAX	22887144.thl.jpg	22887144.thl.jpg	NOKEY	MAX	NOKEY
1443733426993	0	lts_1001L_01_01	01	01	0	367	8	1	1	Hit	962	8-first/gymbars2.jpg	gymbars2.jpg	SPACE	1003	SPACE
1443733430070	0	lts_1001L_01_01	01	01	0	368	0	0	0	CR	MAX	Amousepad.jpg	Amousepad.jpg	NOKEY	MAX	NOKEY
1443733431240	0	lts_1001L_01_01	01	01	0	369	2	1	1	Hit	692	2-mul/gymbars2.jpg	gymbars2.jpg	SPACE	735	SPACE
1443733434316	0	lts_1001L_01_01	01	01	0	370	0	0	0	CR	MAX	Acomputerdes8.jpg	Acomputerdes8.jpg	NOKEY	MAX	NOKEY
1443733435420	0	lts_1001L_01_01	01	01	0	371	16	1	1	Hit	618	16-first/8020200.thl.jpg	8020200.thl.jpg	SPACE	668	SPACE
1443733438495	0	lts_1001L_01_01	01	01	0	372	0	0	0	CR	MAX	AANTOAST3.jpg	AANTOAST3.jpg	NOKEY	MAX	NOKEY
1443733439432	0	lts_1001L_01_01	01	01	0	373	8	1	1	Hit	459	8-first/saltpeppershakerjpg.jpg	saltpeppershakerjpg.jpg	SPACE	503	SPACE
1443733442507	0	lts_1001L_01_01	01	01	0	374	0	0	0	CR	MAX	Aonewaysign2.jpg	Aonewaysign2.jpg	NOKEY	MAX	NOKEY
1443733443577	0	lts_1001L_01_01	01	01	0	375	4	1	1	Hit	593	4-mul/8020200.thl.jpg	8020200.thl.jpg	SPACE	637	SPACE
1443733446670	0	lts_1001L_01_01	01	01	0	376	0	0	0	CR	MAX	caramel.jpg	caramel.jpg	NOKEY	MAX	NOKEY
1443733447589	0	lts_1001L_01_01	01	01	0	377	4	1	1	Hit	440	4-mul/saltpeppershakerjpg.jpg	saltpeppershakerjpg.jpg	SPACE	486	SPACE
1443733450665	0	lts_1001L_01_01	01	01	0	378	0	0	0	CR	MAX	32/Apig5.jpg	Apig5.jpg	NOKEY	MAX	NOKEY
1443733452855	0	lts_1001L_01_01	01	01	0	379	32	1	1	Hit	1706	32-8/Atoyswing.jpg	Atoyswing.jpg	SPACE	1756	SPACE
1443733455931	0	lts_1001L_01_01	01	01	0	380	0	0	0	CR	MAX	radish.jpg	radish.jpg	NOKEY	MAX	NOKEY
1443733459008	0	lts_1001L_01_01	01	01	0	381	0	0	0	CR	MAX	Abottle98.jpg	Abottle98.jpg	NOKEY	MAX	NOKEY
1443733462084	0	lts_1001L_01_01	01	01	0	382	0	0	0	CR	MAX	Aconcreteblo3.jpg	Aconcreteblo3.jpg	NOKEY	MAX	NOKEY
1443733465160	0	lts_1001L_01_01	01	01	0	383	0	0	0	CR	MAX	1/22919000.thl.jpg	22919000.thl.jpg	NOKEY	MAX	NOKEY
1443733467533	0	lts_1001L_01_01	01	01	0	384	1	1	1	Hit	1894	1-4/22919000.thl.jpg	22919000.thl.jpg	SPACE	1939	SPACE
1443733470610	0	lts_1001L_01_01	01	01	0	385	0	0	0	CR	MAX	Acamera111.jpg	Acamera111.jpg	NOKEY	MAX	NOKEY
1443733473685	0	lts_1001L_01_01	01	01	0	386	0	0	0	CR	MAX	Aabacus.jpg	Aabacus.jpg	NOKEY	MAX	NOKEY
1443733475091	0	lts_1001L_01_01	01	01	0	387	64	1	1	Hit	920	64-first/sausage.jpg	sausage.jpg	SPACE	970	SPACE
1443733478167	0	lts_1001L_01_01	01	01	0	388	0	0	0	CR	MAX	26370651.thm.jpg	26370651.thm.jpg	NOKEY	MAX	NOKEY
1443733479270	0	lts_1001L_01_01	01	01	0	389	2	1	1	Hit	625	2-mul/sausage.jpg	sausage.jpg	SPACE	668	SPACE
1443733482363	0	lts_1001L_01_01	01	01	0	390	0	0	0	CR	MAX	1/ABUILDI12.jpg	ABUILDI12.jpg	NOKEY	MAX	NOKEY
1443733485439	0	lts_1001L_01_01	01	01	0	391	1	1	0	Miss	MAX	1-1/ABUILDI12.jpg	ABUILDI12.jpg	NOKEY	MAX	SPACE
1443733488514	0	lts_1001L_01_01	01	01	0	392	0	0	0	CR	MAX	AKEYHOL10.jpg	AKEYHOL10.jpg	NOKEY	MAX	NOKEY
1443733491590	0	lts_1001L_01_01	01	01	0	393	32	1	0	Miss	MAX	32-4/Ascientificm2.jpg	Ascientificm2.jpg	NOKEY	MAX	SPACE
1443733494666	0	lts_1001L_01_01	01	01	0	394	0	0	0	CR	MAX	Acastle22.jpg	Acastle22.jpg	NOKEY	MAX	NOKEY
1443733497742	0	lts_1001L_01_01	01	01	0	395	64	1	0	Miss	MAX	64-first/AGLASSFL4.jpg	AGLASSFL4.jpg	NOKEY	MAX	SPACE
1443733500818	0	lts_1001L_01_01	01	01	0	396	0	0	0	CR	MAX	AEARING49.jpg	AEARING49.jpg	NOKEY	MAX	NOKEY
1443733501955	0	lts_1001L_01_01	01	01	0	397	2	1	1	Hit	661	2-mul/AGLASSFL4.jpg	AGLASSFL4.jpg	SPACE	702	SPACE
1443733505032	0	lts_1001L_01_01	01	01	0	398	0	0	0	CR	MAX	2/ABLUCAND5.jpg	ABLUCAND5.jpg	NOKEY	MAX	NOKEY
1443733508108	0	lts_1001L_01_01	01	01	0	399	0	0	0	CR	MAX	Atoyhelicopte.jpg	Atoyhelicopte.jpg	NOKEY	MAX	NOKEY
1443733509279	0	lts_1001L_01_01	01	01	0	400	2	1	1	Hit	688	2-0/ABLUCAND5.jpg	ABLUCAND5.jpg	SPACE	734	SPACE
1443733512371	0	lts_1001L_01_01	01	01	0	401	0	0	0	CR	MAX	Aseeder2.jpg	Aseeder2.jpg	NOKEY	MAX	NOKEY
1443733515448	0	lts_1001L_01_01	01	01	0	402	0	0	0	CR	MAX	Abicyclehand5.jpg	Abicyclehand5.jpg	NOKEY	MAX	NOKEY
1443733518523	0	lts_1001L_01_01	01	01	0	403	0	0	0	CR	MAX	AKNIFECOL.jpg	AKNIFECOL.jpg	NOKEY	MAX	NOKEY
1443733521599	0	lts_1001L_01_01	01	01	0	404	0	0	0	CR	MAX	sprinkler.jpg	sprinkler.jpg	NOKEY	MAX	NOKEY
1443733524675	0	lts_1001L_01_01	01	01	0	405	0	0	0	CR	MAX	hottub.jpg	hottub.jpg	NOKEY	MAX	NOKEY
1443733527751	0	lts_1001L_01_01	01	01	0	406	0	0	0	CR	MAX	Aaircompress6.jpg	Aaircompress6.jpg	NOKEY	MAX	NOKEY
1443733530827	0	lts_1001L_01_01	01	01	0	407	128	1	0	Miss	MAX	128-2/26422216.thl.jpg	26422216.thl.jpg	NOKEY	MAX	SPACE
1443733533903	0	lts_1001L_01_01	01	01	0	408	0	0	0	CR	MAX	APYRITE7.jpg	APYRITE7.jpg	NOKEY	MAX	NOKEY
1443733536996	0	lts_1001L_01_01	01	01	0	409	0	0	0	CR	MAX	8/Aroadsignin15.jpg	Aroadsignin15.jpg	NOKEY	MAX	NOKEY
1443733538150	0	lts_1001L_01_01	01	01	0	410	32	1	1	Hit	677	32-2/Apig5.jpg	Apig5.jpg	SPACE	718	SPACE
1443733541226	0	lts_1001L_01_01	01	01	0	411	0	0	0	CR	MAX	AWASHCLOT.jpg	AWASHCLOT.jpg	NOKEY	MAX	NOKEY
1443733544302	0	lts_1001L_01_01	01	01	0	412	0	0	0	CR	MAX	ACURLIR13.jpg	ACURLIR13.jpg	NOKEY	MAX	NOKEY
1443733547378	0	lts_1001L_01_01	01	01	0	413	0	0	0	CR	MAX	AAIRGAUGE.jpg	AAIRGAUGE.jpg	NOKEY	MAX	NOKEY
1443733550454	0	lts_1001L_01_01	01	01	0	414	0	0	0	CR	MAX	AWEDCOU19.jpg	AWEDCOU19.jpg	NOKEY	MAX	NOKEY
1443733553529	0	lts_1001L_01_01	01	01	0	415	0	0	0	CR	MAX	vatslheart.jpg	vatslheart.jpg	NOKEY	MAX	NOKEY
1443733556606	0	lts_1001L_01_01	01	01	0	416	0	0	0	CR	MAX	26393373.thl.jpg	26393373.thl.jpg	NOKEY	MAX	NOKEY
1443733557726	0	lts_1001L_01_01	01	01	0	417	8	1	1	Hit	648	8-first/Aroadsignin15.jpg	Aroadsignin15.jpg	SPACE	686	SPACE
1443733558829	0	lts_1001L_01_01	01	01	0	418	0	0	1	FA	626	1/ignitionkey01.jpg	ignitionkey01.jpg	SPACE	670	NOKEY
1443733559849	0	lts_1001L_01_01	01	01	0	419	1	1	1	Hit	539	1-7/ignitionkey01.jpg	ignitionkey01.jpg	SPACE	587	SPACE
1443733562925	0	lts_1001L_01_01	01	01	0	420	0	0	0	CR	MAX	Aconnector2.jpg	Aconnector2.jpg	NOKEY	MAX	NOKEY
1443733564063	0	lts_1001L_01_01	01	01	0	421	128	1	1	Hit	664	128-5/26457349.thl.jpg	26457349.thl.jpg	SPACE	703	SPACE
1443733567139	0	lts_1001L_01_01	01	01	0	422	0	0	0	CR	MAX	4/Agiraffe15.jpg	Agiraffe15.jpg	NOKEY	MAX	NOKEY
1443733570215	0	lts_1001L_01_01	01	01	0	423	0	0	0	CR	MAX	visacard.jpg	visacard.jpg	NOKEY	MAX	NOKEY
1443733571535	0	lts_1001L_01_01	01	01	0	424	0	0	1	FA	833	4/Abat5.jpg	Abat5.jpg	SPACE	869	NOKEY
1443733574611	0	lts_1001L_01_01	01	01	0	425	0	0	0	CR	MAX	Acontrolpane2.jpg	Acontrolpane2.jpg	NOKEY	MAX	NOKEY
1443733575814	0	lts_1001L_01_01	01	01	0	426	4	1	1	Hit	733	4-10/Agiraffe15.jpg	Agiraffe15.jpg	SPACE	770	SPACE
1443733578891	0	lts_1001L_01_01	01	01	0	427	0	0	0	CR	MAX	Acombination6.jpg	Acombination6.jpg	NOKEY	MAX	NOKEY
1443733580329	0	lts_1001L_01_01	01	01	0	428	4	1	1	Hit	960	4-12/Abat5.jpg	Abat5.jpg	SPACE	1003	SPACE
1443733583405	0	lts_1001L_01_01	01	01	0	429	0	0	0	CR	MAX	2/Adog122.jpg	Adog122.jpg	NOKEY	MAX	NOKEY
1443733586063	0	lts_1001L_01_01	01	01	0	430	0	0	1	FA	2167	Atoywheels.jpg	Atoywheels.jpg	SPACE	2206	NOKEY
1443733587167	0	lts_1001L_01_01	01	01	0	431	2	1	1	Hit	625	2-1/Adog122.jpg	Adog122.jpg	SPACE	667	SPACE
1443733590243	0	lts_1001L_01_01	01	01	0	432	0	0	0	CR	MAX	barssport.jpg	barssport.jpg	NOKEY	MAX	NOKEY
1443733591379	0	lts_1001L_01_01	01	01	0	433	16	1	1	Hit	663	16-mul/Aroadsignin15.jpg	Aroadsignin15.jpg	SPACE	701	SPACE
1443733594456	0	lts_1001L_01_01	01	01	0	434	0	0	0	CR	MAX	makeuppowder.jpg	makeuppowder.jpg	NOKEY	MAX	NOKEY
1443733597531	0	lts_1001L_01_01	01	01	0	435	0	0	0	CR	MAX	4/AADZUKIB2.jpg	AADZUKIB2.jpg	NOKEY	MAX	NOKEY
1443733600607	0	lts_1001L_01_01	01	01	0	436	0	0	0	CR	MAX	26431395.thl.jpg	26431395.thl.jpg	NOKEY	MAX	NOKEY
1443733601844	0	lts_1001L_01_01	01	01	0	437	128	1	1	Hit	755	128-7/26374803.thl.jpg	26374803.thl.jpg	SPACE	804	SPACE
1443733604937	0	lts_1001L_01_01	01	01	0	438	0	0	0	CR	MAX	Atoyhorse2.jpg	Atoyhorse2.jpg	NOKEY	MAX	NOKEY
1443733606007	0	lts_1001L_01_01	01	01	0	439	4	1	1	Hit	594	4-6/AADZUKIB2.jpg	AADZUKIB2.jpg	SPACE	635	SPACE
1443733609084	0	lts_1001L_01_01	01	01	0	440	0	0	0	CR	MAX	1/22848828.thl.jpg	22848828.thl.jpg	NOKEY	MAX	NOKEY
1443733609969	0	lts_1001L_01_01	01	01	0	441	1	1	1	Hit	411	1-8/22848828.thl.jpg	22848828.thl.jpg	SPACE	450	SPACE
1443733613046	0	lts_1001L_01_01	01	01	0	442	0	0	0	CR	MAX	Atoy12.jpg	Atoy12.jpg	NOKEY	MAX	NOKEY
1443733616122	0	lts_1001L_01_01	01	01	0	443	0	0	0	CR	MAX	Ashovel8.jpg	Ashovel8.jpg	NOKEY	MAX	NOKEY
1443733619198	0	lts_1001L_01_01	01	01	0	444	0	0	0	CR	MAX	Amouthpiece4.jpg	Amouthpiece4.jpg	NOKEY	MAX	NOKEY
1443733620601	0	lts_1001L_01_01	01	01	0	445	0	0	1	FA	934	AGARBAGE.jpg	AGARBAGE.jpg	SPACE	970	NOKEY
1443733621788	0	lts_1001L_01_01	01	01	0	446	128	1	1	Hit	690	128-0/AGAME.jpg	AGAME.jpg	SPACE	736	SPACE
1443733624881	0	lts_1001L_01_01	01	01	0	447	0	0	0	CR	MAX	D_podium.jpg	D_podium.jpg	NOKEY	MAX	NOKEY
1443733627957	0	lts_1001L_01_01	01	01	0	448	0	0	0	CR	MAX	ALITERBOX.jpg	ALITERBOX.jpg	NOKEY	MAX	NOKEY
1443733631034	0	lts_1001L_01_01	01	01	0	449	0	0	0	CR	MAX	AOSTRICH2.jpg	AOSTRICH2.jpg	NOKEY	MAX	NOKEY
1443733694010	0	lts_1001L_01_01	01	01	1	0	0	0	0	CR	MAX	26432760.thl.jpg	26432760.thl.jpg	NOKEY	MAX	NOKEY
1443733697086	0	lts_1001L_01_01	01	01	1	1	0	0	0	CR	MAX	64/APASTA19.jpg	APASTA19.jpg	NOKEY	MAX	NOKEY
1443733700162	0	lts_1001L_01_01	01	01	1	2	0	0	0	CR	MAX	QD-HEad.jpg	QD-HEad.jpg	NOKEY	MAX	NOKEY
1443733703238	0	lts_1001L_01_01	01	01	1	3	0	0	0	CR	MAX	16/BeautyNBeast.jpg	BeautyNBeast.jpg	NOKEY	MAX	NOKEY
1443733706314	0	lts_1001L_01_01	01	01	1	4	0	0	0	CR	MAX	26433592.thl.jpg	26433592.thl.jpg	NOKEY	MAX	NOKEY
1443733709390	0	lts_1001L_01_01	01	01	1	5	0	0	0	CR	MAX	2/Awheatstalks2.jpg	Awheatstalks2.jpg	NOKEY	MAX	NOKEY
1443733712466	0	lts_1001L_01_01	01	01	1	6	0	0	0	CR	MAX	ASHIRTSK2.jpg	ASHIRTSK2.jpg	NOKEY	MAX	NOKEY
1443733713502	0	lts_1001L_01_01	01	01	1	7	2	1	1	Hit	555	2-5/Awheatstalks2.jpg	Awheatstalks2.jpg	SPACE	603	SPACE
1443733716594	0	lts_1001L_01_01	01	01	1	8	0	0	0	CR	MAX	1/8023286.thl.jpg	8023286.thl.jpg	NOKEY	MAX	NOKEY
1443733717497	0	lts_1001L_01_01	01	01	1	9	1	1	1	Hit	427	1-2/8023286.thl.jpg	8023286.thl.jpg	SPACE	469	SPACE
1443733720573	0	lts_1001L_01_01	01	01	1	10	0	0	0	CR	MAX	15870946.thl.jpg	15870946.thl.jpg	NOKEY	MAX	NOKEY
1443733723649	0	lts_1001L_01_01	01	01	1	11	0	0	0	CR	MAX	1/AIRONBOA8.jpg	AIRONBOA8.jpg	NOKEY	MAX	NOKEY
1443733724535	0	lts_1001L_01_01	01	01	1	12	1	1	1	Hit	415	1-4/AIRONBOA8.jpg	AIRONBOA8.jpg	SPACE	452	SPACE
1443733727611	0	lts_1001L_01_01	01	01	1	13	0	0	0	CR	MAX	8/ABUSTFOR7.jpg	ABUSTFOR7.jpg	NOKEY	MAX	NOKEY
1443733730688	0	lts_1001L_01_01	01	01	1	14	0	0	0	CR	MAX	16/Aantiquemeta2.jpg	Aantiquemeta2.jpg	NOKEY	MAX	NOKEY
1443733733764	0	lts_1001L_01_01	01	01	1	15	0	0	0	CR	MAX	32/8022302.thl.jpg	8022302.thl.jpg	NOKEY	MAX	NOKEY
1443733736856	0	lts_1001L_01_01	01	01	1	16	0	0	0	CR	MAX	Abeesonahoney.jpg	Abeesonahoney.jpg	NOKEY	MAX	NOKEY
1443733739932	0	lts_1001L_01_01	01	01	1	17	0	0	0	CR	MAX	APAPYRUS.jpg	APAPYRUS.jpg	NOKEY	MAX	NOKEY
1443733743010	0	lts_1001L_01_01	01	01	1	18	0	0	0	CR	MAX	8019684.thl.jpg	8019684.thl.jpg	NOKEY	MAX	NOKEY
1443733744029	0	lts_1001L_01_01	01	01	1	19	16	1	1	Hit	545	16-first/BeautyNBeast.jpg	BeautyNBeast.jpg	SPACE	584	SPACE
1443733747122	0	lts_1001L_01_01	01	01	1	20	0	0	0	CR	MAX	knife01.jpg	knife01.jpg	NOKEY	MAX	NOKEY
1443733748125	0	lts_1001L_01_01	01	01	1	21	8	1	1	Hit	528	8-2/ABUSTFOR7.jpg	ABUSTFOR7.jpg	SPACE	567	SPACE
1443733751201	0	lts_1001L_01_01	01	01	1	22	0	0	0	CR	MAX	Ahotwaterbot2.jpg	Ahotwaterbot2.jpg	NOKEY	MAX	NOKEY
1443733754277	0	lts_1001L_01_01	01	01	1	23	0	0	0	CR	MAX	ACUPBOAR5.jpg	ACUPBOAR5.jpg	NOKEY	MAX	NOKEY
1443733757353	0	lts_1001L_01_01	01	01	1	24	0	0	0	CR	MAX	16/pacifierthermometer.jpg	pacifierthermometer.jpg	NOKEY	MAX	NOKEY
1443733760429	0	lts_1001L_01_01	01	01	1	25	0	0	0	CR	MAX	1/Abib2.jpg	Abib2.jpg	NOKEY	MAX	NOKEY
1443733761382	0	lts_1001L_01_01	01	01	1	26	1	1	1	Hit	479	1-1/Abib2.jpg	Abib2.jpg	SPACE	517	SPACE
1443733764458	0	lts_1001L_01_01	01	01	1	27	0	0	0	CR	MAX	1/10050937.thl.jpg	10050937.thl.jpg	NOKEY	MAX	NOKEY
1443733765344	0	lts_1001L_01_01	01	01	1	28	1	1	1	Hit	409	1-9/10050937.thl.jpg	10050937.thl.jpg	SPACE	450	SPACE
1443733768421	0	lts_1001L_01_01	01	01	1	29	0	0	0	CR	MAX	26420956.thl.jpg	26420956.thl.jpg	NOKEY	MAX	NOKEY
1443733769457	0	lts_1001L_01_01	01	01	1	30	16	1	1	Hit	554	16-first/Aantiquemeta2.jpg	Aantiquemeta2.jpg	SPACE	602	SPACE
1443733772532	0	lts_1001L_01_01	01	01	1	31	0	0	0	CR	MAX	AARTIVE8.jpg	AARTIVE8.jpg	NOKEY	MAX	NOKEY
1443733773419	0	lts_1001L_01_01	01	01	1	32	2	1	1	Hit	402	2-mul/Aantiquemeta2.jpg	Aantiquemeta2.jpg	SPACE	452	SPACE
1443733776494	0	lts_1001L_01_01	01	01	1	33	0	0	0	CR	MAX	AKETTLE35.jpg	AKETTLE35.jpg	NOKEY	MAX	NOKEY
1443733779587	0	lts_1001L_01_01	01	01	1	34	0	0	0	CR	MAX	ACUSTMACH.jpg	ACUSTMACH.jpg	NOKEY	MAX	NOKEY
1443733780690	0	lts_1001L_01_01	01	01	1	35	16	1	1	Hit	625	16-mul/BeautyNBeast.jpg	BeautyNBeast.jpg	SPACE	669	SPACE
1443733783766	0	lts_1001L_01_01	01	01	1	36	0	0	0	CR	MAX	AHOSPLIF2.jpg	AHOSPLIF2.jpg	NOKEY	MAX	NOKEY
1443733786842	0	lts_1001L_01_01	01	01	1	37	0	0	0	CR	MAX	ACANE2.jpg	ACANE2.jpg	NOKEY	MAX	NOKEY
1443733789919	0	lts_1001L_01_01	01	01	1	38	0	0	0	CR	MAX	ATOILROL2.jpg	ATOILROL2.jpg	NOKEY	MAX	NOKEY
1443733792995	0	lts_1001L_01_01	01	01	1	39	0	0	0	CR	MAX	erasergum.jpg	erasergum.jpg	NOKEY	MAX	NOKEY
1443733794015	0	lts_1001L_01_01	01	01	1	40	16	1	1	Hit	543	16-1/pacifierthermometer.jpg	pacifierthermometer.jpg	SPACE	584	SPACE
1443733797091	0	lts_1001L_01_01	01	01	1	41	0	0	0	CR	MAX	1/26421572.thl.jpg	26421572.thl.jpg	NOKEY	MAX	NOKEY
1443733798061	0	lts_1001L_01_01	01	01	1	42	1	1	1	Hit	487	1-13/26421572.thl.jpg	26421572.thl.jpg	SPACE	534	SPACE
1443733801137	0	lts_1001L_01_01	01	01	1	43	0	0	0	CR	MAX	ACHEESEGR.jpg	ACHEESEGR.jpg	NOKEY	MAX	NOKEY
1443733804213	0	lts_1001L_01_01	01	01	1	44	0	0	0	CR	MAX	Arecyclingbox.jpg	Arecyclingbox.jpg	NOKEY	MAX	NOKEY
1443733807289	0	lts_1001L_01_01	01	01	1	45	0	0	0	CR	MAX	8/AARCH.jpg	AARCH.jpg	NOKEY	MAX	NOKEY
1443733810382	0	lts_1001L_01_01	01	01	1	46	0	0	0	CR	MAX	ATOWER3.jpg	ATOWER3.jpg	NOKEY	MAX	NOKEY
1443733811419	0	lts_1001L_01_01	01	01	1	47	32	1	1	Hit	561	32-2/8022302.thl.jpg	8022302.thl.jpg	SPACE	601	SPACE
1443733814494	0	lts_1001L_01_01	01	01	1	48	0	0	0	CR	MAX	AHEADSET.jpg	AHEADSET.jpg	NOKEY	MAX	NOKEY
1443733815481	0	lts_1001L_01_01	01	01	1	49	00	1	1	Hit	513	00-across/APERSRUG.jpg	APERSRUG.jpg	SPACE	553	SPACE
1443733818556	0	lts_1001L_01_01	01	01	1	50	0	0	0	CR	MAX	26389125.thl.jpg	26389125.thl.jpg	NOKEY	MAX	NOKEY
1443733821632	0	lts_1001L_01_01	01	01	1	51	0	0	0	CR	MAX	Ascale60.jpg	Ascale60.jpg	NOKEY	MAX	NOKEY
1443733824708	0	lts_1001L_01_01	01	01	1	52	0	0	0	CR	MAX	AMOSQAMBE.jpg	AMOSQAMBE.jpg	NOKEY	MAX	NOKEY
1443733825795	0	lts_1001L_01_01	01	01	1	53	8	1	1	Hit	605	8-first/AARCH.jpg	AARCH.jpg	SPACE	653	SPACE
1443733828871	0	lts_1001L_01_01	01	01	1	54	0	0	0	CR	MAX	ASCSIPORT.jpg	ASCSIPORT.jpg	NOKEY	MAX	NOKEY
1443733831947	0	lts_1001L_01_01	01	01	1	55	0	0	0	CR	MAX	AAIRPORTC.jpg	AAIRPORTC.jpg	NOKEY	MAX	NOKEY
1443733835024	0	lts_1001L_01_01	01	01	1	56	0	0	0	CR	MAX	ACOMB11.jpg	ACOMB11.jpg	NOKEY	MAX	NOKEY
1443733836245	0	lts_1001L_01_01	01	01	1	57	4	1	1	Hit	743	4-mul/AARCH.jpg	AARCH.jpg	SPACE	784	SPACE
1443733839321	0	lts_1001L_01_01	01	01	1	58	0	0	0	CR	MAX	Aroulette.jpg	Aroulette.jpg	NOKEY	MAX	NOKEY
1443733842463	0	lts_1001L_01_01	01	01	1	59	0	0	0	CR	MAX	2/Akiwifruit6.jpg	Akiwifruit6.jpg	NOKEY	MAX	NOKEY
1443733845539	0	lts_1001L_01_01	01	01	1	60	0	0	0	CR	MAX	Achowchowdog.jpg	Achowchowdog.jpg	NOKEY	MAX	NOKEY
1443733846642	0	lts_1001L_01_01	01	01	1	61	2	1	1	Hit	626	2-12/Akiwifruit6.jpg	Akiwifruit6.jpg	SPACE	670	SPACE
1443733849718	0	lts_1001L_01_01	01	01	1	62	0	0	0	CR	MAX	26437074.thl.jpg	26437074.thl.jpg	NOKEY	MAX	NOKEY
1443733852794	0	lts_1001L_01_01	01	01	1	63	0	0	0	CR	MAX	Afrenchtoast5.jpg	Afrenchtoast5.jpg	NOKEY	MAX	NOKEY
1443733855870	0	lts_1001L_01_01	01	01	1	64	0	0	0	CR	MAX	AWALKTA25.jpg	AWALKTA25.jpg	NOKEY	MAX	NOKEY
1443733858946	0	lts_1001L_01_01	01	01	1	65	64	1	0	Miss	MAX	64-first/APASTA19.jpg	APASTA19.jpg	NOKEY	MAX	SPACE
1443733862023	0	lts_1001L_01_01	01	01	1	66	0	0	0	CR	MAX	tape-a.jpg	tape-a.jpg	NOKEY	MAX	NOKEY
1443733865099	0	lts_1001L_01_01	01	01	1	67	00	1	0	Miss	MAX	00-across/26432217.thl.jpg	26432217.thl.jpg	NOKEY	MAX	SPACE
1443733868192	0	lts_1001L_01_01	01	01	1	68	0	0	0	CR	MAX	Atrafficsign2.jpg	Atrafficsign2.jpg	NOKEY	MAX	NOKEY
1443733869329	0	lts_1001L_01_01	01	01	1	69	4	1	1	Hit	652	4-mul/APASTA19.jpg	APASTA19.jpg	SPACE	701	SPACE
1443733872405	0	lts_1001L_01_01	01	01	1	70	0	0	0	CR	MAX	Ahorse23.jpg	Ahorse23.jpg	NOKEY	MAX	NOKEY
1443733875481	0	lts_1001L_01_01	01	01	1	71	0	0	0	CR	MAX	Astrawberryde.jpg	Astrawberryde.jpg	NOKEY	MAX	NOKEY
1443733878556	0	lts_1001L_01_01	01	01	1	72	0	0	0	CR	MAX	ABANJO5.jpg	ABANJO5.jpg	NOKEY	MAX	NOKEY
1443733881632	0	lts_1001L_01_01	01	01	1	73	0	0	0	CR	MAX	Afusehousing.jpg	Afusehousing.jpg	NOKEY	MAX	NOKEY
1443733884725	0	lts_1001L_01_01	01	01	1	74	0	0	0	CR	MAX	4/workbench.jpg	workbench.jpg	NOKEY	MAX	NOKEY
1443733887801	0	lts_1001L_01_01	01	01	1	75	0	0	0	CR	MAX	Abreakpl2.jpg	Abreakpl2.jpg	NOKEY	MAX	NOKEY
1443733890877	0	lts_1001L_01_01	01	01	1	76	0	0	0	CR	MAX	AWOODSPO3.jpg	AWOODSPO3.jpg	NOKEY	MAX	NOKEY
1443733893953	0	lts_1001L_01_01	01	01	1	77	0	0	0	CR	MAX	8/AGOLFIRON.jpg	AGOLFIRON.jpg	NOKEY	MAX	NOKEY
1443733895007	0	lts_1001L_01_01	01	01	1	78	4	1	1	Hit	577	4-4/workbench.jpg	workbench.jpg	SPACE	618	SPACE
1443733898100	0	lts_1001L_01_01	01	01	1	79	0	0	0	CR	MAX	16/26427609.thl.jpg	26427609.thl.jpg	NOKEY	MAX	NOKEY
1443733901176	0	lts_1001L_01_01	01	01	1	80	0	0	0	CR	MAX	2/Aruler12.jpg	Aruler12.jpg	NOKEY	MAX	NOKEY
1443733904252	0	lts_1001L_01_01	01	01	1	81	0	0	0	CR	MAX	64/26431753.thl.jpg	26431753.thl.jpg	NOKEY	MAX	NOKEY
1443733905255	0	lts_1001L_01_01	01	01	1	82	2	1	1	Hit	526	2-4/Aruler12.jpg	Aruler12.jpg	SPACE	567	SPACE
1443733908331	0	lts_1001L_01_01	01	01	1	83	0	0	0	CR	MAX	8/26428593.thl.jpg	26428593.thl.jpg	NOKEY	MAX	NOKEY
1443733911407	0	lts_1001L_01_01	01	01	1	84	0	0	0	CR	MAX	DSCN3757-sm.jpg	DSCN3757-sm.jpg	NOKEY	MAX	NOKEY
1443733914483	0	lts_1001L_01_01	01	01	1	85	8	1	0	Miss	MAX	8-first/AGOLFIRON.jpg	AGOLFIRON.jpg	NOKEY	MAX	SPACE
1443733917559	0	lts_1001L_01_01	01	01	1	86	0	0	0	CR	MAX	Abird41.jpg	Abird41.jpg	NOKEY	MAX	NOKEY
1443733920635	0	lts_1001L_01_01	01	01	1	87	0	0	0	CR	MAX	2/Acocktailumb4.jpg	Acocktailumb4.jpg	NOKEY	MAX	NOKEY
1443733923711	0	lts_1001L_01_01	01	01	1	88	0	0	0	CR	MAX	32/22849344.thl.jpg	22849344.thl.jpg	NOKEY	MAX	NOKEY
1443733925032	0	lts_1001L_01_01	01	01	1	89	2	1	1	Hit	843	2-11/Acocktailumb4.jpg	Acocktailumb4.jpg	SPACE	886	SPACE
1443733928108	0	lts_1001L_01_01	01	01	1	90	0	0	0	CR	MAX	ASCREW7.jpg	ASCREW7.jpg	NOKEY	MAX	NOKEY
1443733929195	0	lts_1001L_01_01	01	01	1	91	8	1	1	Hit	613	8-first/26428593.thl.jpg	26428593.thl.jpg	SPACE	651	SPACE
1443733932288	0	lts_1001L_01_01	01	01	1	92	0	0	0	CR	MAX	AROCKET20.jpg	AROCKET20.jpg	NOKEY	MAX	NOKEY
1443733933191	0	lts_1001L_01_01	01	01	1	93	2	1	1	Hit	426	2-mul/26428593.thl.jpg	26428593.thl.jpg	SPACE	467	SPACE
1443733936267	0	lts_1001L_01_01	01	01	1	94	0	0	0	CR	MAX	Acampingstov9.jpg	Acampingstov9.jpg	NOKEY	MAX	NOKEY
1443733937236	0	lts_1001L_01_01	01	01	1	95	16	1	1	Hit	497	16-first/26427609.thl.jpg	26427609.thl.jpg	SPACE	534	SPACE
1443733940312	0	lts_1001L_01_01	01	01	1	96	0	0	0	CR	MAX	Aspraybottle4.jpg	Aspraybottle4.jpg	NOKEY	MAX	NOKEY
1443733943389	0	lts_1001L_01_01	01	01	1	97	00	1	0	Miss	MAX	00-across/26428682.thl.jpg	26428682.thl.jpg	NOKEY	MAX	SPACE
1443733946465	0	lts_1001L_01_01	01	01	1	98	0	0	0	CR	MAX	clips-a.jpg	clips-a.jpg	NOKEY	MAX	NOKEY
1443733949540	0	lts_1001L_01_01	01	01	1	99	00	1	0	Miss	MAX	00-across/8021504.thl.jpg	8021504.thl.jpg	NOKEY	MAX	SPACE
1443733952616	0	lts_1001L_01_01	01	01	1	100	0	0	0	CR	MAX	Arefrigerat10.jpg	Arefrigerat10.jpg	NOKEY	MAX	NOKEY
1443733953619	0	lts_1001L_01_01	01	01	1	101	16	1	1	Hit	532	16-mul/AGOLFIRON.jpg	AGOLFIRON.jpg	SPACE	570	SPACE
1443733956695	0	lts_1001L_01_01	01	01	1	102	0	0	0	CR	MAX	Acrib12.jpg	Acrib12.jpg	NOKEY	MAX	NOKEY
1443733959788	0	lts_1001L_01_01	01	01	1	103	0	0	0	CR	MAX	2/APITCHE15.jpg	APITCHE15.jpg	NOKEY	MAX	NOKEY
1443733962864	0	lts_1001L_01_01	01	01	1	104	0	0	0	CR	MAX	AORGAN.jpg	AORGAN.jpg	NOKEY	MAX	NOKEY
1443733963900	0	lts_1001L_01_01	01	01	1	105	2	1	1	Hit	561	2-9/APITCHE15.jpg	APITCHE15.jpg	SPACE	602	SPACE
1443733966976	0	lts_1001L_01_01	01	01	1	106	0	0	0	CR	MAX	26463767.thl.jpg	26463767.thl.jpg	NOKEY	MAX	NOKEY
1443733968531	0	lts_1001L_01_01	01	01	1	107	0	0	1	FA	1078	Athermos7.jpg	Athermos7.jpg	SPACE	1121	NOKEY
1443733971607	0	lts_1001L_01_01	01	01	1	108	0	0	0	CR	MAX	64/ACONSTRU9.jpg	ACONSTRU9.jpg	NOKEY	MAX	NOKEY
1443733974683	0	lts_1001L_01_01	01	01	1	109	0	0	0	CR	MAX	ACOFFPOT7.jpg	ACOFFPOT7.jpg	NOKEY	MAX	NOKEY
1443733977759	0	lts_1001L_01_01	01	01	1	110	0	0	0	CR	MAX	4/AFETTUCI2.jpg	AFETTUCI2.jpg	NOKEY	MAX	NOKEY
1443733979081	0	lts_1001L_01_01	01	01	1	111	16	1	1	Hit	849	16-mul/26427609.thl.jpg	26427609.thl.jpg	SPACE	886	SPACE
1443733982157	0	lts_1001L_01_01	01	01	1	112	0	0	0	CR	MAX	ADAQUIRI.jpg	ADAQUIRI.jpg	NOKEY	MAX	NOKEY
1443733985233	0	lts_1001L_01_01	01	01	1	113	0	0	0	CR	MAX	ARELSCU49.jpg	ARELSCU49.jpg	NOKEY	MAX	NOKEY
1443733986470	0	lts_1001L_01_01	01	01	1	114	4	1	1	Hit	765	4-10/AFETTUCI2.jpg	AFETTUCI2.jpg	SPACE	802	SPACE
1443733989579	0	lts_1001L_01_01	01	01	1	115	0	0	0	CR	MAX	2/Astampandseal.jpg	Astampandseal.jpg	NOKEY	MAX	NOKEY
1443733992655	0	lts_1001L_01_01	01	01	1	116	0	0	0	CR	MAX	Ajetski15.jpg	Ajetski15.jpg	NOKEY	MAX	NOKEY
1443733995113	0	lts_1001L_01_01	01	01	1	117	2	1	1	Hit	1984	2-8/Astampandseal.jpg	Astampandseal.jpg	SPACE	2023	SPACE
1443733998189	0	lts_1001L_01_01	01	01	1	118	0	0	0	CR	MAX	AFOOTST11.jpg	AFOOTST11.jpg	NOKEY	MAX	NOKEY
1443734001265	0	lts_1001L_01_01	01	01	1	119	0	0	0	CR	MAX	ADESKLA12.jpg	ADESKLA12.jpg	NOKEY	MAX	NOKEY
1443734002953	0	lts_1001L_01_01	01	01	1	120	32	1	1	Hit	1217	32-6/22849344.thl.jpg	22849344.thl.jpg	SPACE	1253	SPACE
1443734004107	0	lts_1001L_01_01	01	01	1	121	0	0	1	FA	650	Afeatherdust2.jpg	Afeatherdust2.jpg	SPACE	702	NOKEY
1443734007183	0	lts_1001L_01_01	01	01	1	122	0	0	0	CR	MAX	128/26379570.thl.jpg	26379570.thl.jpg	NOKEY	MAX	NOKEY
1443734010259	0	lts_1001L_01_01	01	01	1	123	0	0	0	CR	MAX	AGOLDCUP6.jpg	AGOLDCUP6.jpg	NOKEY	MAX	NOKEY
1443734013336	0	lts_1001L_01_01	01	01	1	124	0	0	0	CR	MAX	ATOASTOV2.jpg	ATOASTOV2.jpg	NOKEY	MAX	NOKEY
1443734016412	0	lts_1001L_01_01	01	01	1	125	0	0	0	CR	MAX	2/26685596.thl.jpg	26685596.thl.jpg	NOKEY	MAX	NOKEY
1443734019487	0	lts_1001L_01_01	01	01	1	126	0	0	0	CR	MAX	Atool12.jpg	Atool12.jpg	NOKEY	MAX	NOKEY
1443734020557	0	lts_1001L_01_01	01	01	1	127	2	1	1	Hit	596	2-6/26685596.thl.jpg	26685596.thl.jpg	SPACE	637	SPACE
1443734023700	0	lts_1001L_01_01	01	01	1	128	0	0	0	CR	MAX	8/AMUSIHORN.jpg	AMUSIHORN.jpg	NOKEY	MAX	NOKEY
1443734026776	0	lts_1001L_01_01	01	01	1	129	0	0	0	CR	MAX	26419025.thl.jpg	26419025.thl.jpg	NOKEY	MAX	NOKEY
1443734029852	0	lts_1001L_01_01	01	01	1	130	0	0	0	CR	MAX	8/AGARBCAN.jpg	AGARBCAN.jpg	NOKEY	MAX	NOKEY
1443734032928	0	lts_1001L_01_01	01	01	1	131	0	0	0	CR	MAX	1/AGOAT10.jpg	AGOAT10.jpg	NOKEY	MAX	NOKEY
1443734034082	0	lts_1001L_01_01	01	01	1	132	1	1	1	Hit	674	1-3/AGOAT10.jpg	AGOAT10.jpg	SPACE	719	SPACE
1443734037158	0	lts_1001L_01_01	01	01	1	133	0	0	0	CR	MAX	ABOXVIALS.jpg	ABOXVIALS.jpg	NOKEY	MAX	NOKEY
1443734040235	0	lts_1001L_01_01	01	01	1	134	0	0	0	CR	MAX	workweightmach.jpg	workweightmach.jpg	NOKEY	MAX	NOKEY
1443734043311	0	lts_1001L_01_01	01	01	1	135	0	0	0	CR	MAX	64/ALITTERB2.jpg	ALITTERB2.jpg	NOKEY	MAX	NOKEY
1443734044297	0	lts_1001L_01_01	01	01	1	136	8	1	1	Hit	511	8-first/AMUSIHORN.jpg	AMUSIHORN.jpg	SPACE	551	SPACE
1443734047390	0	lts_1001L_01_01	01	01	1	137	0	0	0	CR	MAX	pretzel.jpg	pretzel.jpg	NOKEY	MAX	NOKEY
1443734048376	0	lts_1001L_01_01	01	01	1	138	8	1	1	Hit	511	8-1/AGARBCAN.jpg	AGARBCAN.jpg	SPACE	551	SPACE
1443734051452	0	lts_1001L_01_01	01	01	1	139	0	0	0	CR	MAX	16/Alifeves2.jpg	Alifeves2.jpg	NOKEY	MAX	NOKEY
1443734052405	0	lts_1001L_01_01	01	01	1	140	4	1	1	Hit	472	4-mul/AMUSIHORN.jpg	AMUSIHORN.jpg	SPACE	517	SPACE
1443734055481	0	lts_1001L_01_01	01	01	1	141	0	0	0	CR	MAX	8077486.thl.jpg	8077486.thl.jpg	NOKEY	MAX	NOKEY
1443734058556	0	lts_1001L_01_01	01	01	1	142	0	0	0	CR	MAX	1/ADIAMCRYS.jpg	ADIAMCRYS.jpg	NOKEY	MAX	NOKEY
1443734059576	0	lts_1001L_01_01	01	01	1	143	1	1	1	Hit	547	1-12/ADIAMCRYS.jpg	ADIAMCRYS.jpg	SPACE	586	SPACE
1443734062652	0	lts_1001L_01_01	01	01	1	144	0	0	0	CR	MAX	Agreenplastic.jpg	Agreenplastic.jpg	NOKEY	MAX	NOKEY
1443734063805	0	lts_1001L_01_01	01	01	1	145	64	1	1	Hit	671	64-first/26431753.thl.jpg	26431753.thl.jpg	SPACE	720	SPACE
1443734066481	0	lts_1001L_01_01	01	01	1	146	0	0	1	FA	2193	AARTDUCK3.jpg	AARTDUCK3.jpg	SPACE	2241	NOKEY
1443734067617	0	lts_1001L_01_01	01	01	1	147	00	1	1	Hit	662	00-across/Apig5.jpg	Apig5.jpg	SPACE	703	SPACE
1443734070693	0	lts_1001L_01_01	01	01	1	148	0	0	0	CR	MAX	26451168.thl.jpg	26451168.thl.jpg	NOKEY	MAX	NOKEY
1443734071797	0	lts_1001L_01_01	01	01	1	149	4	1	1	Hit	623	4-mul/26431753.thl.jpg	26431753.thl.jpg	SPACE	669	SPACE
1443734074873	0	lts_1001L_01_01	01	01	1	150	0	0	0	CR	MAX	26687176.thl.jpg	26687176.thl.jpg	NOKEY	MAX	NOKEY
1443734077965	0	lts_1001L_01_01	01	01	1	151	0	0	0	CR	MAX	ACRICKET2.jpg	ACRICKET2.jpg	NOKEY	MAX	NOKEY
1443734081042	0	lts_1001L_01_01	01	01	1	152	0	0	0	CR	MAX	32/champagnbottles.jpg	champagnbottles.jpg	NOKEY	MAX	NOKEY
1443734084119	0	lts_1001L_01_01	01	01	1	153	0	0	0	CR	MAX	retainertheeth.jpg	retainertheeth.jpg	NOKEY	MAX	NOKEY
1443734087195	0	lts_1001L_01_01	01	01	1	154	0	0	0	CR	MAX	26464872.thl.jpg	26464872.thl.jpg	NOKEY	MAX	NOKEY
1443734088315	0	lts_1001L_01_01	01	01	1	155	16	1	1	Hit	644	16-first/Alifeves2.jpg	Alifeves2.jpg	SPACE	685	SPACE
1443734091391	0	lts_1001L_01_01	01	01	1	156	0	0	0	CR	MAX	Areindeer2.jpg	Areindeer2.jpg	NOKEY	MAX	NOKEY
1443734092394	0	lts_1001L_01_01	01	01	1	157	2	1	1	Hit	521	2-mul/Alifeves2.jpg	Alifeves2.jpg	SPACE	568	SPACE
1443734095470	0	lts_1001L_01_01	01	01	1	158	0	0	0	CR	MAX	23028486.thl.jpg	23028486.thl.jpg	NOKEY	MAX	NOKEY
1443734098545	0	lts_1001L_01_01	01	01	1	159	0	0	0	CR	MAX	16/ATAPEDIS7.jpg	ATAPEDIS7.jpg	NOKEY	MAX	NOKEY
1443734101621	0	lts_1001L_01_01	01	01	1	160	0	0	0	CR	MAX	1/8023888.thl.jpg	8023888.thl.jpg	NOKEY	MAX	NOKEY
1443734102574	0	lts_1001L_01_01	01	01	1	161	1	1	1	Hit	474	1-0/8023888.thl.jpg	8023888.thl.jpg	SPACE	519	SPACE
1443734105650	0	lts_1001L_01_01	01	01	1	162	0	0	0	CR	MAX	22903568.thl.jpg	22903568.thl.jpg	NOKEY	MAX	NOKEY
1443734108743	0	lts_1001L_01_01	01	01	1	163	0	0	0	CR	MAX	32/AGLASSBA4.jpg	AGLASSBA4.jpg	NOKEY	MAX	NOKEY
1443734111819	0	lts_1001L_01_01	01	01	1	164	0	0	0	CR	MAX	26370445.thl.jpg	26370445.thl.jpg	NOKEY	MAX	NOKEY
1443734114895	0	lts_1001L_01_01	01	01	1	165	0	0	0	CR	MAX	64/peanutbutter.jpg	peanutbutter.jpg	NOKEY	MAX	NOKEY
1443734117971	0	lts_1001L_01_01	01	01	1	166	0	0	0	CR	MAX	Atoyslide.jpg	Atoyslide.jpg	NOKEY	MAX	NOKEY
1443734121048	0	lts_1001L_01_01	01	01	1	167	0	0	0	CR	MAX	Heatpad.jpg	Heatpad.jpg	NOKEY	MAX	NOKEY
1443734124124	0	lts_1001L_01_01	01	01	1	168	0	0	0	CR	MAX	AFERRAF40.jpg	AFERRAF40.jpg	NOKEY	MAX	NOKEY
1443734127200	0	lts_1001L_01_01	01	01	1	169	0	0	0	CR	MAX	Asandwichiro2.jpg	Asandwichiro2.jpg	NOKEY	MAX	NOKEY
1443734130276	0	lts_1001L_01_01	01	01	1	170	0	0	0	CR	MAX	ASTAR.jpg	ASTAR.jpg	NOKEY	MAX	NOKEY
1443734133352	0	lts_1001L_01_01	01	01	1	171	0	0	0	CR	MAX	ASHOULDE4.jpg	ASHOULDE4.jpg	NOKEY	MAX	NOKEY
1443734136428	0	lts_1001L_01_01	01	01	1	172	64	1	0	Miss	MAX	64-first/ACONSTRU9.jpg	ACONSTRU9.jpg	NOKEY	MAX	SPACE
1443734139520	0	lts_1001L_01_01	01	01	1	173	0	0	0	CR	MAX	4/AALTAR.jpg	AALTAR.jpg	NOKEY	MAX	NOKEY
1443734142596	0	lts_1001L_01_01	01	01	1	174	0	0	0	CR	MAX	10049257.thl.jpg	10049257.thl.jpg	NOKEY	MAX	NOKEY
1443734143750	0	lts_1001L_01_01	01	01	1	175	16	1	1	Hit	670	16-first/ATAPEDIS7.jpg	ATAPEDIS7.jpg	SPACE	720	SPACE
1443734146826	0	lts_1001L_01_01	01	01	1	176	0	0	0	CR	MAX	Aclowguit.jpg	Aclowguit.jpg	NOKEY	MAX	NOKEY
1443734147862	0	lts_1001L_01_01	01	01	1	177	4	1	1	Hit	568	4-1/AALTAR.jpg	AALTAR.jpg	SPACE	603	SPACE
1443734150938	0	lts_1001L_01_01	01	01	1	178	0	0	0	CR	MAX	36407647.thl.jpg	36407647.thl.jpg	NOKEY	MAX	NOKEY
1443734154015	0	lts_1001L_01_01	01	01	1	179	0	0	0	CR	MAX	2/Adaisies3.jpg	Adaisies3.jpg	NOKEY	MAX	NOKEY
1443734157092	0	lts_1001L_01_01	01	01	1	180	0	0	0	CR	MAX	ball8.JPG	ball8.JPG	NOKEY	MAX	NOKEY
1443734158145	0	lts_1001L_01_01	01	01	1	181	2	1	1	Hit	574	2-7/Adaisies3.jpg	Adaisies3.jpg	SPACE	618	SPACE
1443734161221	0	lts_1001L_01_01	01	01	1	182	0	0	0	CR	MAX	Adog120.jpg	Adog120.jpg	NOKEY	MAX	NOKEY
1443734164297	0	lts_1001L_01_01	01	01	1	183	0	0	0	CR	MAX	Amistingwate3.jpg	Amistingwate3.jpg	NOKEY	MAX	NOKEY
1443734167373	0	lts_1001L_01_01	01	01	1	184	32	1	0	Miss	MAX	32-9/champagnbottles.jpg	champagnbottles.jpg	NOKEY	MAX	SPACE
1443734170466	0	lts_1001L_01_01	01	01	1	185	0	0	0	CR	MAX	8/Alei23.jpg	Alei23.jpg	NOKEY	MAX	NOKEY
1443734173541	0	lts_1001L_01_01	01	01	1	186	0	0	0	CR	MAX	ALARGECA2.jpg	ALARGECA2.jpg	NOKEY	MAX	NOKEY
1443734176617	0	lts_1001L_01_01	01	01	1	187	0	0	0	CR	MAX	16/Amonitor10.jpg	Amonitor10.jpg	NOKEY	MAX	NOKEY
1443734177603	0	lts_1001L_01_01	01	01	1	188	16	1	1	Hit	509	16-mul/ACONSTRU9.jpg	ACONSTRU9.jpg	SPACE	553	SPACE
1443734180679	0	lts_1001L_01_01	01	01	1	189	0	0	0	CR	MAX	23019499.thl.jpg	23019499.thl.jpg	NOKEY	MAX	NOKEY
1443734183772	0	lts_1001L_01_01	01	01	1	190	0	0	0	CR	MAX	Ablackcamera4.jpg	Ablackcamera4.jpg	NOKEY	MAX	NOKEY
1443734184725	0	lts_1001L_01_01	01	01	1	191	16	1	1	Hit	484	16-mul/ATAPEDIS7.jpg	ATAPEDIS7.jpg	SPACE	519	SPACE
1443734187801	0	lts_1001L_01_01	01	01	1	192	0	0	0	CR	MAX	23041782.thl.jpg	23041782.thl.jpg	NOKEY	MAX	NOKEY
1443734188971	0	lts_1001L_01_01	01	01	1	193	8	1	1	Hit	686	8-first/Alei23.jpg	Alei23.jpg	SPACE	735	SPACE
1443734192048	0	lts_1001L_01_01	01	01	1	194	0	0	0	CR	MAX	babyseatback.jpg	babyseatback.jpg	NOKEY	MAX	NOKEY
1443734193118	0	lts_1001L_01_01	01	01	1	195	32	1	1	Hit	594	32-4/AGLASSBA4.jpg	AGLASSBA4.jpg	SPACE	634	SPACE
1443734196194	0	lts_1001L_01_01	01	01	1	196	0	0	0	CR	MAX	Acampingknife.jpg	Acampingknife.jpg	NOKEY	MAX	NOKEY
1443734199271	0	lts_1001L_01_01	01	01	1	197	0	0	0	CR	MAX	22826832.thl.jpg	22826832.thl.jpg	NOKEY	MAX	NOKEY
1443734202346	0	lts_1001L_01_01	01	01	1	198	0	0	0	CR	MAX	23065398.thl.jpg	23065398.thl.jpg	NOKEY	MAX	NOKEY
1443734205423	0	lts_1001L_01_01	01	01	1	199	64	1	0	Miss	MAX	64-first/ALITTERB2.jpg	ALITTERB2.jpg	NOKEY	MAX	SPACE
1443734208498	0	lts_1001L_01_01	01	01	1	200	0	0	0	CR	MAX	Ajewisho2.jpg	Ajewisho2.jpg	NOKEY	MAX	NOKEY
1443734209685	0	lts_1001L_01_01	01	01	1	201	00	1	1	Hit	707	00-across/Acardinal2.jpg	Acardinal2.jpg	SPACE	753	SPACE
1443734212777	0	lts_1001L_01_01	01	01	1	202	0	0	0	CR	MAX	64/AHARPSIC5.jpg	AHARPSIC5.jpg	NOKEY	MAX	NOKEY
1443734214066	0	lts_1001L_01_01	01	01	1	203	16	1	1	Hit	801	16-first/Amonitor10.jpg	Amonitor10.jpg	SPACE	853	SPACE
1443734217142	0	lts_1001L_01_01	01	01	1	204	0	0	0	CR	MAX	16/Acalligraphy2.jpg	Acalligraphy2.jpg	NOKEY	MAX	NOKEY
1443734220218	0	lts_1001L_01_01	01	01	1	205	0	0	0	CR	MAX	patioheater.jpg	patioheater.jpg	NOKEY	MAX	NOKEY
1443734223294	0	lts_1001L_01_01	01	01	1	206	0	0	0	CR	MAX	bowlingpin.jpg	bowlingpin.jpg	NOKEY	MAX	NOKEY
1443734224764	0	lts_1001L_01_01	01	01	1	207	4	1	1	Hit	992	4-mul/Amonitor10.jpg	Amonitor10.jpg	SPACE	1037	SPACE
1443734227840	0	lts_1001L_01_01	01	01	1	208	0	0	0	CR	MAX	AFUNNEL4.jpg	AFUNNEL4.jpg	NOKEY	MAX	NOKEY
1443734228793	0	lts_1001L_01_01	01	01	1	209	16	1	1	Hit	480	16-mul/Alei23.jpg	Alei23.jpg	SPACE	519	SPACE
1443734231869	0	lts_1001L_01_01	01	01	1	210	0	0	0	CR	MAX	8022057.thl.jpg	8022057.thl.jpg	NOKEY	MAX	NOKEY
1443734234945	0	lts_1001L_01_01	01	01	1	211	0	0	0	CR	MAX	AELECRAZ7.jpg	AELECRAZ7.jpg	NOKEY	MAX	NOKEY
1443734238022	0	lts_1001L_01_01	01	01	1	212	0	0	0	CR	MAX	AWEIGHT7.jpg	AWEIGHT7.jpg	NOKEY	MAX	NOKEY
1443734241098	0	lts_1001L_01_01	01	01	1	213	0	0	0	CR	MAX	32/Aceramicjug10.jpg	Aceramicjug10.jpg	NOKEY	MAX	NOKEY
1443734244174	0	lts_1001L_01_01	01	01	1	214	0	0	0	CR	MAX	ALIQBOOK.jpg	ALIQBOOK.jpg	NOKEY	MAX	NOKEY
1443734245628	0	lts_1001L_01_01	01	01	1	215	16	1	1	Hit	974	16-mul/ALITTERB2.jpg	ALITTERB2.jpg	SPACE	1020	SPACE
1443734248704	0	lts_1001L_01_01	01	01	1	216	0	0	0	CR	MAX	ABLAKBEN2.jpg	ABLAKBEN2.jpg	NOKEY	MAX	NOKEY
1443734251797	0	lts_1001L_01_01	01	01	1	217	0	0	0	CR	MAX	Aflowerwreat2.jpg	Aflowerwreat2.jpg	NOKEY	MAX	NOKEY
1443734253051	0	lts_1001L_01_01	01	01	1	218	0	0	1	FA	774	4/ASMOKMEAT.jpg	ASMOKMEAT.jpg	SPACE	819	NOKEY
1443734256128	0	lts_1001L_01_01	01	01	1	219	0	0	0	CR	MAX	AGONG12.jpg	AGONG12.jpg	NOKEY	MAX	NOKEY
1443734257231	0	lts_1001L_01_01	01	01	1	220	16	1	1	Hit	616	16-first/Acalligraphy2.jpg	Acalligraphy2.jpg	SPACE	668	SPACE
1443734260307	0	lts_1001L_01_01	01	01	1	221	0	0	0	CR	MAX	AMODELSA4.jpg	AMODELSA4.jpg	NOKEY	MAX	NOKEY
1443734261394	0	lts_1001L_01_01	01	01	1	222	4	1	1	Hit	617	4-11/ASMOKMEAT.jpg	ASMOKMEAT.jpg	SPACE	652	SPACE
1443734262730	0	lts_1001L_01_01	01	01	1	223	0	0	1	FA	841	Agroupofmole7.jpg	Agroupofmole7.jpg	SPACE	886	NOKEY
1443734263767	0	lts_1001L_01_01	01	01	1	224	4	1	1	Hit	553	4-mul/Acalligraphy2.jpg	Acalligraphy2.jpg	SPACE	602	SPACE
1443734266843	0	lts_1001L_01_01	01	01	1	225	0	0	0	CR	MAX	1/ABOWCASE.jpg	ABOWCASE.jpg	NOKEY	MAX	NOKEY
1443734267812	0	lts_1001L_01_01	01	01	1	226	1	1	1	Hit	499	1-8/ABOWCASE.jpg	ABOWCASE.jpg	SPACE	536	SPACE
1443734269351	0	lts_1001L_01_01	01	01	1	227	0	0	1	FA	1067	8/Atool221.jpg	Atool221.jpg	SPACE	1103	NOKEY
1443734272427	0	lts_1001L_01_01	01	01	1	228	0	0	0	CR	MAX	Atoy17.jpg	Atoy17.jpg	NOKEY	MAX	NOKEY
1443734273464	0	lts_1001L_01_01	01	01	1	229	64	1	1	Hit	560	64-first/peanutbutter.jpg	peanutbutter.jpg	SPACE	602	SPACE
1443734276556	0	lts_1001L_01_01	01	01	1	230	0	0	0	CR	MAX	imate.jpg	imate.jpg	NOKEY	MAX	NOKEY
1443734277476	0	lts_1001L_01_01	01	01	1	231	2	1	1	Hit	448	2-mul/peanutbutter.jpg	peanutbutter.jpg	SPACE	486	SPACE
1443734280551	0	lts_1001L_01_01	01	01	1	232	0	0	0	CR	MAX	Abinder6.jpg	Abinder6.jpg	NOKEY	MAX	NOKEY
1443734283627	0	lts_1001L_01_01	01	01	1	233	0	0	0	CR	MAX	A_chocolate.jpg	A_chocolate.jpg	NOKEY	MAX	NOKEY
1443734286703	0	lts_1001L_01_01	01	01	1	234	0	0	0	CR	MAX	AMEATGRI9.jpg	AMEATGRI9.jpg	NOKEY	MAX	NOKEY
1443734287773	0	lts_1001L_01_01	01	01	1	235	8	1	1	Hit	586	8-first/Atool221.jpg	Atool221.jpg	SPACE	636	SPACE
1443734290849	0	lts_1001L_01_01	01	01	1	236	0	0	0	CR	MAX	AEGGHOLDE.jpg	AEGGHOLDE.jpg	NOKEY	MAX	NOKEY
1443734293925	0	lts_1001L_01_01	01	01	1	237	00	1	0	Miss	MAX	00-across/Apencilsharp5.jpg	Apencilsharp5.jpg	NOKEY	MAX	SPACE
1443734297002	0	lts_1001L_01_01	01	01	1	238	0	0	0	CR	MAX	Avacuum13.jpg	Avacuum13.jpg	NOKEY	MAX	NOKEY
1443734298123	0	lts_1001L_01_01	01	01	1	239	4	1	1	Hit	645	4-mul/Atool221.jpg	Atool221.jpg	SPACE	684	SPACE
1443734301199	0	lts_1001L_01_01	01	01	1	240	0	0	0	CR	MAX	AHOTPAD4.jpg	AHOTPAD4.jpg	NOKEY	MAX	NOKEY
1443734304291	0	lts_1001L_01_01	01	01	1	241	0	0	0	CR	MAX	Adigitalcamer.jpg	Adigitalcamer.jpg	NOKEY	MAX	NOKEY
1443734307367	0	lts_1001L_01_01	01	01	1	242	0	0	0	CR	MAX	1/26384871.thl.jpg	26384871.thl.jpg	NOKEY	MAX	NOKEY
1443734308654	0	lts_1001L_01_01	01	01	1	243	1	1	1	Hit	806	1-10/26384871.thl.jpg	26384871.thl.jpg	SPACE	853	SPACE
1443734311730	0	lts_1001L_01_01	01	01	1	244	0	0	0	CR	MAX	8/AAMBULAN7.jpg	AAMBULAN7.jpg	NOKEY	MAX	NOKEY
1443734313018	0	lts_1001L_01_01	01	01	1	245	32	1	1	Hit	817	32-1/Aceramicjug10.jpg	Aceramicjug10.jpg	SPACE	853	SPACE
1443734316094	0	lts_1001L_01_01	01	01	1	246	0	0	0	CR	MAX	22827408.thl.jpg	22827408.thl.jpg	NOKEY	MAX	NOKEY
1443734318985	0	lts_1001L_01_01	01	01	1	247	0	0	1	FA	2404	football.JPG	football.JPG	SPACE	2440	NOKEY
1443734322062	0	lts_1001L_01_01	01	01	1	248	0	0	0	CR	MAX	gymvaulting2.jpg	gymvaulting2.jpg	NOKEY	MAX	NOKEY
1443734325155	0	lts_1001L_01_01	01	01	1	249	0	0	0	CR	MAX	64/cowboywagon.jpg	cowboywagon.jpg	NOKEY	MAX	NOKEY
1443734326342	0	lts_1001L_01_01	01	01	1	250	128	1	1	Hit	702	128-3/26379570.thl.jpg	26379570.thl.jpg	SPACE	751	SPACE
1443734329418	0	lts_1001L_01_01	01	01	1	251	0	0	0	CR	MAX	ADRAWBRI3.jpg	ADRAWBRI3.jpg	NOKEY	MAX	NOKEY
1443734330504	0	lts_1001L_01_01	01	01	1	252	8	1	1	Hit	616	8-first/AAMBULAN7.jpg	AAMBULAN7.jpg	SPACE	652	SPACE
1443734333580	0	lts_1001L_01_01	01	01	1	253	0	0	0	CR	MAX	23063814.thl.jpg	23063814.thl.jpg	NOKEY	MAX	NOKEY
1443734336656	0	lts_1001L_01_01	01	01	1	254	0	0	0	CR	MAX	8/Atoyworm.jpg	Atoyworm.jpg	NOKEY	MAX	NOKEY
1443734339732	0	lts_1001L_01_01	01	01	1	255	0	0	0	CR	MAX	Abicyclegear2.jpg	Abicyclegear2.jpg	NOKEY	MAX	NOKEY
1443734342808	0	lts_1001L_01_01	01	01	1	256	0	0	0	CR	MAX	Agasblower2.jpg	Agasblower2.jpg	NOKEY	MAX	NOKEY
1443734345884	0	lts_1001L_01_01	01	01	1	257	0	0	0	CR	MAX	2/pinkhoodie.jpg	pinkhoodie.jpg	NOKEY	MAX	NOKEY
1443734348977	0	lts_1001L_01_01	01	01	1	258	0	0	0	CR	MAX	Aancientstat3.jpg	Aancientstat3.jpg	NOKEY	MAX	NOKEY
1443734350048	0	lts_1001L_01_01	01	01	1	259	2	1	1	Hit	594	2-10/pinkhoodie.jpg	pinkhoodie.jpg	SPACE	636	SPACE
1443734353124	0	lts_1001L_01_01	01	01	1	260	0	0	0	CR	MAX	Atelecommuni4.jpg	Atelecommuni4.jpg	NOKEY	MAX	NOKEY
1443734356200	0	lts_1001L_01_01	01	01	1	261	0	0	0	CR	MAX	AANGLE.jpg	AANGLE.jpg	NOKEY	MAX	NOKEY
1443734357370	0	lts_1001L_01_01	01	01	1	262	8	1	1	Hit	696	8-first/Atoyworm.jpg	Atoyworm.jpg	SPACE	734	SPACE
1443734360446	0	lts_1001L_01_01	01	01	1	263	0	0	0	CR	MAX	Ainflatable10.jpg	Ainflatable10.jpg	NOKEY	MAX	NOKEY
1443734361382	0	lts_1001L_01_01	01	01	1	264	2	1	1	Hit	452	2-mul/Atoyworm.jpg	Atoyworm.jpg	SPACE	500	SPACE
1443734364459	0	lts_1001L_01_01	01	01	1	265	0	0	0	CR	MAX	ABLAKPOT3.jpg	ABLAKPOT3.jpg	NOKEY	MAX	NOKEY
1443734365611	0	lts_1001L_01_01	01	01	1	266	64	1	1	Hit	670	64-first/AHARPSIC5.jpg	AHARPSIC5.jpg	SPACE	719	SPACE
1443734368688	0	lts_1001L_01_01	01	01	1	267	0	0	0	CR	MAX	Abasket108.jpg	Abasket108.jpg	NOKEY	MAX	NOKEY
1443734369707	0	lts_1001L_01_01	01	01	1	268	16	1	1	Hit	545	16-mul/AAMBULAN7.jpg	AAMBULAN7.jpg	SPACE	586	SPACE
1443734372783	0	lts_1001L_01_01	01	01	1	269	0	0	0	CR	MAX	4/marshmallows.jpg	marshmallows.jpg	NOKEY	MAX	NOKEY
1443734373753	0	lts_1001L_01_01	01	01	1	270	4	1	1	Hit	487	4-mul/AHARPSIC5.jpg	AHARPSIC5.jpg	SPACE	536	SPACE
1443734376829	0	lts_1001L_01_01	01	01	1	271	0	0	0	CR	MAX	ATAMBOURI.jpg	ATAMBOURI.jpg	NOKEY	MAX	NOKEY
1443734379922	0	lts_1001L_01_01	01	01	1	272	0	0	0	CR	MAX	128/ALINENCA3.jpg	ALINENCA3.jpg	NOKEY	MAX	NOKEY
1443734382998	0	lts_1001L_01_01	01	01	1	273	4	1	0	Miss	MAX	4-9/marshmallows.jpg	marshmallows.jpg	NOKEY	MAX	SPACE
1443734386075	0	lts_1001L_01_01	01	01	1	274	0	0	0	CR	MAX	16/8256618.thl.jpg	8256618.thl.jpg	NOKEY	MAX	NOKEY
1443734389151	0	lts_1001L_01_01	01	01	1	275	0	0	0	CR	MAX	ANWSPAPER.jpg	ANWSPAPER.jpg	NOKEY	MAX	NOKEY
1443734392244	0	lts_1001L_01_01	01	01	1	276	0	0	0	CR	MAX	4/darkwador.jpg	darkwador.jpg	NOKEY	MAX	NOKEY
1443734395403	0	lts_1001L_01_01	01	01	1	277	0	0	0	CR	MAX	26428540.thl.jpg	26428540.thl.jpg	NOKEY	MAX	NOKEY
1443734398479	0	lts_1001L_01_01	01	01	1	278	0	0	0	CR	MAX	ABUILDAR4.jpg	ABUILDAR4.jpg	NOKEY	MAX	NOKEY
1443734401554	0	lts_1001L_01_01	01	01	1	279	0	0	0	CR	MAX	26370116.thl.jpg	26370116.thl.jpg	NOKEY	MAX	NOKEY
1443734402541	0	lts_1001L_01_01	01	01	1	280	4	1	1	Hit	498	4-0/darkwador.jpg	darkwador.jpg	SPACE	536	SPACE
1443734403995	0	lts_1001L_01_01	01	01	1	281	0	0	1	FA	980	AWOODPIN.jpg	AWOODPIN.jpg	SPACE	1020	NOKEY
1443734405300	0	lts_1001L_01_01	01	01	1	282	0	0	1	FA	830	Acomputerdriv.jpg	Acomputerdriv.jpg	SPACE	868	NOKEY
1443734408376	0	lts_1001L_01_01	01	01	1	283	0	0	0	CR	MAX	1/Apercussion16.jpg	Apercussion16.jpg	NOKEY	MAX	NOKEY
1443734409362	0	lts_1001L_01_01	01	01	1	284	1	1	1	Hit	515	1-11/Apercussion16.jpg	Apercussion16.jpg	SPACE	550	SPACE
1443734412455	0	lts_1001L_01_01	01	01	1	285	0	0	0	CR	MAX	64/ADOGSNACK.jpg	ADOGSNACK.jpg	NOKEY	MAX	NOKEY
1443734415530	0	lts_1001L_01_01	01	01	1	286	0	0	0	CR	MAX	32/Atoypersonwi2.jpg	Atoypersonwi2.jpg	NOKEY	MAX	NOKEY
1443734418606	0	lts_1001L_01_01	01	01	1	287	0	0	0	CR	MAX	Abandleaders2.jpg	Abandleaders2.jpg	NOKEY	MAX	NOKEY
1443734419944	0	lts_1001L_01_01	01	01	1	288	0	0	1	FA	863	128/paintbrush03.jpg	paintbrush03.jpg	SPACE	903	NOKEY
1443734421266	0	lts_1001L_01_01	01	01	1	289	0	0	1	FA	839	AWASMACH.jpg	AWASMACH.jpg	SPACE	886	NOKEY
1443734422369	0	lts_1001L_01_01	01	01	1	290	16	1	1	Hit	621	16-first/8256618.thl.jpg	8256618.thl.jpg	SPACE	668	SPACE
1443734425445	0	lts_1001L_01_01	01	01	1	291	0	0	0	CR	MAX	Adolphin3.jpg	Adolphin3.jpg	NOKEY	MAX	NOKEY
1443734428520	0	lts_1001L_01_01	01	01	1	292	0	0	0	CR	MAX	8/D_exercisebike.jpg	D_exercisebike.jpg	NOKEY	MAX	NOKEY
1443734431596	0	lts_1001L_01_01	01	01	1	293	0	0	0	CR	MAX	128/Atoycoffeepo2.jpg	Atoycoffeepo2.jpg	NOKEY	MAX	NOKEY
1443734432816	0	lts_1001L_01_01	01	01	1	294	4	1	1	Hit	745	4-mul/8256618.thl.jpg	8256618.thl.jpg	SPACE	786	SPACE
1443734435893	0	lts_1001L_01_01	01	01	1	295	0	0	0	CR	MAX	Aashtray14.jpg	Aashtray14.jpg	NOKEY	MAX	NOKEY
1443734438969	0	lts_1001L_01_01	01	01	1	296	0	0	0	CR	MAX	8244991.thl.jpg	8244991.thl.jpg	NOKEY	MAX	NOKEY
1443734442046	0	lts_1001L_01_01	01	01	1	297	0	0	0	CR	MAX	lollipops.jpg	lollipops.jpg	NOKEY	MAX	NOKEY
1443734445122	0	lts_1001L_01_01	01	01	1	298	0	0	0	CR	MAX	makeupcrayon.jpg	makeupcrayon.jpg	NOKEY	MAX	NOKEY
1443734448198	0	lts_1001L_01_01	01	01	1	299	0	0	0	CR	MAX	Amonkey5.jpg	Amonkey5.jpg	NOKEY	MAX	NOKEY
1443734450003	0	lts_1001L_01_01	01	01	1	300	8	1	1	Hit	1323	8-0/D_exercisebike.jpg	D_exercisebike.jpg	SPACE	1370	SPACE
1443734453079	0	lts_1001L_01_01	01	01	1	301	0	0	0	CR	MAX	128/Aflyingeagle9.jpg	Aflyingeagle9.jpg	NOKEY	MAX	NOKEY
1443734456155	0	lts_1001L_01_01	01	01	1	302	0	0	0	CR	MAX	2/AHEADLIG9.jpg	AHEADLIG9.jpg	NOKEY	MAX	NOKEY
1443734459232	0	lts_1001L_01_01	01	01	1	303	0	0	0	CR	MAX	64/APARSLEY.jpg	APARSLEY.jpg	NOKEY	MAX	NOKEY
1443734460936	0	lts_1001L_01_01	01	01	1	304	2	1	1	Hit	1229	2-2/AHEADLIG9.jpg	AHEADLIG9.jpg	SPACE	1270	SPACE
1443734464013	0	lts_1001L_01_01	01	01	1	305	0	0	0	CR	MAX	Achick9.jpg	Achick9.jpg	NOKEY	MAX	NOKEY
1443734467089	0	lts_1001L_01_01	01	01	1	306	0	0	0	CR	MAX	catsl60.jpg	catsl60.jpg	NOKEY	MAX	NOKEY
1443734470182	0	lts_1001L_01_01	01	01	1	307	0	0	0	CR	MAX	26554880.thl.jpg	26554880.thl.jpg	NOKEY	MAX	NOKEY
1443734471318	0	lts_1001L_01_01	01	01	1	308	00	1	1	Hit	660	00-across/saltpeppershakerjpg.jpg	saltpeppershakerjpg.jpg	SPACE	701	SPACE
1443734474395	0	lts_1001L_01_01	01	01	1	309	0	0	0	CR	MAX	32/AWOODSPAT.jpg	AWOODSPAT.jpg	NOKEY	MAX	NOKEY
1443734477471	0	lts_1001L_01_01	01	01	1	310	0	0	0	CR	MAX	128/Ahumansku101.jpg	Ahumansku101.jpg	NOKEY	MAX	NOKEY
1443734480546	0	lts_1001L_01_01	01	01	1	311	0	0	0	CR	MAX	Abarn4.jpg	Abarn4.jpg	NOKEY	MAX	NOKEY
1443734483622	0	lts_1001L_01_01	01	01	1	312	0	0	0	CR	MAX	AROOSTERP.jpg	AROOSTERP.jpg	NOKEY	MAX	NOKEY
1443734484708	0	lts_1001L_01_01	01	01	1	313	64	1	1	Hit	615	64-first/cowboywagon.jpg	cowboywagon.jpg	SPACE	653	SPACE
1443734487784	0	lts_1001L_01_01	01	01	1	314	0	0	0	CR	MAX	26425573.thl.jpg	26425573.thl.jpg	NOKEY	MAX	NOKEY
1443734488771	0	lts_1001L_01_01	01	01	1	315	2	1	1	Hit	514	2-mul/cowboywagon.jpg	cowboywagon.jpg	SPACE	553	SPACE
1443734491847	0	lts_1001L_01_01	01	01	1	316	0	0	0	CR	MAX	16/AGIFTBOX8.jpg	AGIFTBOX8.jpg	NOKEY	MAX	NOKEY
1443734494923	0	lts_1001L_01_01	01	01	1	317	0	0	0	CR	MAX	128/Achair485.jpg	Achair485.jpg	NOKEY	MAX	NOKEY
1443734497598	0	lts_1001L_01_01	01	01	1	318	32	1	1	Hit	2185	32-8/Atoypersonwi2.jpg	Atoypersonwi2.jpg	SPACE	2225	SPACE
1443734500674	0	lts_1001L_01_01	01	01	1	319	0	0	0	CR	MAX	128/garlic.jpg	garlic.jpg	NOKEY	MAX	NOKEY
1443734503767	0	lts_1001L_01_01	01	01	1	320	0	0	0	CR	MAX	4/8026164.thl.jpg	8026164.thl.jpg	NOKEY	MAX	NOKEY
1443734506859	0	lts_1001L_01_01	01	01	1	321	0	0	0	CR	MAX	26421538.thl.jpg	26421538.thl.jpg	NOKEY	MAX	NOKEY
1443734509935	0	lts_1001L_01_01	01	01	1	322	0	0	0	CR	MAX	ACANDEXT.jpg	ACANDEXT.jpg	NOKEY	MAX	NOKEY
1443734513012	0	lts_1001L_01_01	01	01	1	323	0	0	0	CR	MAX	ADOGTOY.jpg	ADOGTOY.jpg	NOKEY	MAX	NOKEY
1443734514149	0	lts_1001L_01_01	01	01	1	324	4	1	1	Hit	652	4-7/8026164.thl.jpg	8026164.thl.jpg	SPACE	701	SPACE
1443734517225	0	lts_1001L_01_01	01	01	1	325	0	0	0	CR	MAX	ACROQUET2.jpg	ACROQUET2.jpg	NOKEY	MAX	NOKEY
1443734520302	0	lts_1001L_01_01	01	01	1	326	0	0	0	CR	MAX	Aammonitefo14.jpg	Aammonitefo14.jpg	NOKEY	MAX	NOKEY
1443734523378	0	lts_1001L_01_01	01	01	1	327	0	0	0	CR	MAX	ABOWLCARV.jpg	ABOWLCARV.jpg	NOKEY	MAX	NOKEY
1443734526454	0	lts_1001L_01_01	01	01	1	328	0	0	0	CR	MAX	2/AFIGHTP16.jpg	AFIGHTP16.jpg	NOKEY	MAX	NOKEY
1443734529529	0	lts_1001L_01_01	01	01	1	329	0	0	0	CR	MAX	9821274.thl.jpg	9821274.thl.jpg	NOKEY	MAX	NOKEY
1443734530532	0	lts_1001L_01_01	01	01	1	330	2	1	1	Hit	530	2-1/AFIGHTP16.jpg	AFIGHTP16.jpg	SPACE	570	SPACE
1443734532322	0	lts_1001L_01_01	01	01	1	331	0	0	1	FA	1272	Amanatee2.jpg	Amanatee2.jpg	SPACE	1320	NOKEY
1443734535398	0	lts_1001L_01_01	01	01	1	332	16	1	0	Miss	MAX	16-0/AGIFTBOX8.jpg	AGIFTBOX8.jpg	NOKEY	MAX	SPACE
1443734536767	0	lts_1001L_01_01	01	01	1	333	0	0	1	FA	896	Acomputerbag.jpg	Acomputerbag.jpg	SPACE	936	NOKEY
1443734539844	0	lts_1001L_01_01	01	01	1	334	0	0	0	CR	MAX	1/Atoy35.jpg	Atoy35.jpg	NOKEY	MAX	NOKEY
1443734540880	0	lts_1001L_01_01	01	01	1	335	1	1	1	Hit	566	1-6/Atoy35.jpg	Atoy35.jpg	SPACE	603	SPACE
1443734543956	0	lts_1001L_01_01	01	01	1	336	0	0	0	CR	MAX	1/AWINTGLO3.jpg	AWINTGLO3.jpg	NOKEY	MAX	NOKEY
1443734544825	0	lts_1001L_01_01	01	01	1	337	1	1	1	Hit	391	1-14/AWINTGLO3.jpg	AWINTGLO3.jpg	SPACE	435	SPACE
1443734547902	0	lts_1001L_01_01	01	01	1	338	0	0	0	CR	MAX	ADRUM.jpg	ADRUM.jpg	NOKEY	MAX	NOKEY
1443734550978	0	lts_1001L_01_01	01	01	1	339	0	0	0	CR	MAX	Aantelope2.jpg	Aantelope2.jpg	NOKEY	MAX	NOKEY
1443734554055	0	lts_1001L_01_01	01	01	1	340	0	0	0	CR	MAX	Akeg6.jpg	Akeg6.jpg	NOKEY	MAX	NOKEY
1443734555275	0	lts_1001L_01_01	01	01	1	341	32	1	1	Hit	745	32-5/AWOODSPAT.jpg	AWOODSPAT.jpg	SPACE	785	SPACE
1443734558351	0	lts_1001L_01_01	01	01	1	342	0	0	0	CR	MAX	4/ATHERMO4.jpg	ATHERMO4.jpg	NOKEY	MAX	NOKEY
1443734561427	0	lts_1001L_01_01	01	01	1	343	0	0	0	CR	MAX	AROBES4.jpg	AROBES4.jpg	NOKEY	MAX	NOKEY
1443734564519	0	lts_1001L_01_01	01	01	1	344	0	0	0	CR	MAX	ASUSHI9.jpg	ASUSHI9.jpg	NOKEY	MAX	NOKEY
1443734567595	0	lts_1001L_01_01	01	01	1	345	0	0	0	CR	MAX	23048010.thl.jpg	23048010.thl.jpg	NOKEY	MAX	NOKEY
1443734568866	0	lts_1001L_01_01	01	01	1	346	4	1	1	Hit	788	4-8/ATHERMO4.jpg	ATHERMO4.jpg	SPACE	836	SPACE
1443734571942	0	lts_1001L_01_01	01	01	1	347	0	0	0	CR	MAX	4/26555896.thl.jpg	26555896.thl.jpg	NOKEY	MAX	NOKEY
1443734575019	0	lts_1001L_01_01	01	01	1	348	0	0	0	CR	MAX	Acompass20.jpg	Acompass20.jpg	NOKEY	MAX	NOKEY
1443734576055	0	lts_1001L_01_01	01	01	1	349	64	1	1	Hit	552	64-first/ADOGSNACK.jpg	ADOGSNACK.jpg	SPACE	601	SPACE
1443734579131	0	lts_1001L_01_01	01	01	1	350	0	0	0	CR	MAX	Acable14.jpg	Acable14.jpg	NOKEY	MAX	NOKEY
1443734581889	0	lts_1001L_01_01	01	01	1	351	4	1	1	Hit	2278	4-5/26555896.thl.jpg	26555896.thl.jpg	SPACE	2324	SPACE
1443734583461	0	lts_1001L_01_01	01	01	1	352	0	0	1	FA	1093	ABASTER2.jpg	ABASTER2.jpg	SPACE	1138	NOKEY
1443734586536	0	lts_1001L_01_01	01	01	1	353	0	0	0	CR	MAX	4/scrunchie.jpg	scrunchie.jpg	NOKEY	MAX	NOKEY
1443734589629	0	lts_1001L_01_01	01	01	1	354	0	0	0	CR	MAX	23071000.thl.jpg	23071000.thl.jpg	NOKEY	MAX	NOKEY
1443734590900	0	lts_1001L_01_01	01	01	1	355	0	0	1	FA	789	26461587.thl.jpg	26461587.thl.jpg	SPACE	836	NOKEY
1443734593976	0	lts_1001L_01_01	01	01	1	356	0	0	0	CR	MAX	AANTIRO13.jpg	AANTIRO13.jpg	NOKEY	MAX	NOKEY
1443734595097	0	lts_1001L_01_01	01	01	1	357	4	1	1	Hit	650	4-12/scrunchie.jpg	scrunchie.jpg	SPACE	686	SPACE
1443734598173	0	lts_1001L_01_01	01	01	1	358	0	0	0	CR	MAX	battery.jpg	battery.jpg	NOKEY	MAX	NOKEY
1443734601249	0	lts_1001L_01_01	01	01	1	359	0	0	0	CR	MAX	stickcheese.jpg	stickcheese.jpg	NOKEY	MAX	NOKEY
1443734604342	0	lts_1001L_01_01	01	01	1	360	0	0	0	CR	MAX	32/Atoydonkey.jpg	Atoydonkey.jpg	NOKEY	MAX	NOKEY
1443734607418	0	lts_1001L_01_01	01	01	1	361	0	0	0	CR	MAX	Apocketknifew.jpg	Apocketknifew.jpg	NOKEY	MAX	NOKEY
1443734608921	0	lts_1001L_01_01	01	01	1	362	00	1	1	Hit	1033	00-across/Ametalpress.jpg	Ametalpress.jpg	SPACE	1069	SPACE
1443734610210	0	lts_1001L_01_01	01	01	1	363	0	0	1	FA	802	Apulley71.jpg	Apulley71.jpg	SPACE	852	NOKEY
1443734613286	0	lts_1001L_01_01	01	01	1	364	0	0	0	CR	MAX	ADRUMSET3.jpg	ADRUMSET3.jpg	NOKEY	MAX	NOKEY
1443734614322	0	lts_1001L_01_01	01	01	1	365	16	1	1	Hit	556	16-mul/ADOGSNACK.jpg	ADOGSNACK.jpg	SPACE	601	SPACE
1443734615642	0	lts_1001L_01_01	01	01	1	366	0	0	1	FA	840	Aringclamp2.jpg	Aringclamp2.jpg	SPACE	886	NOKEY
1443734616678	0	lts_1001L_01_01	01	01	1	367	64	1	1	Hit	564	64-first/APARSLEY.jpg	APARSLEY.jpg	SPACE	603	SPACE
1443734619771	0	lts_1001L_01_01	01	01	1	368	0	0	0	CR	MAX	Atoy33.jpg	Atoy33.jpg	NOKEY	MAX	NOKEY
1443734621360	0	lts_1001L_01_01	01	01	1	369	2	1	1	Hit	1113	2-mul/APARSLEY.jpg	APARSLEY.jpg	SPACE	1153	SPACE
1443734622563	0	lts_1001L_01_01	01	01	1	370	0	0	1	FA	720	32/AOVENMIT5.jpg	AOVENMIT5.jpg	SPACE	769	NOKEY
1443734625639	0	lts_1001L_01_01	01	01	1	371	00	1	0	Miss	MAX	00-across/Ascroll7.jpg	Ascroll7.jpg	NOKEY	MAX	SPACE
1443734628715	0	lts_1001L_01_01	01	01	1	372	0	0	0	CR	MAX	8/Abicycleglove.jpg	Abicycleglove.jpg	NOKEY	MAX	NOKEY
1443734631791	0	lts_1001L_01_01	01	01	1	373	0	0	0	CR	MAX	8245563.thl.jpg	8245563.thl.jpg	NOKEY	MAX	NOKEY
1443734634867	0	lts_1001L_01_01	01	01	1	374	0	0	0	CR	MAX	ANEWSBOX4.jpg	ANEWSBOX4.jpg	NOKEY	MAX	NOKEY
1443734637943	0	lts_1001L_01_01	01	01	1	375	0	0	0	CR	MAX	butterflycross-stitch.jpg	butterflycross-stitch.jpg	NOKEY	MAX	NOKEY
1443734641020	0	lts_1001L_01_01	01	01	1	376	0	0	0	CR	MAX	Aashtray67.jpg	Aashtray67.jpg	NOKEY	MAX	NOKEY
1443734644096	0	lts_1001L_01_01	01	01	1	377	0	0	0	CR	MAX	1/AFOODBLEN.jpg	AFOODBLEN.jpg	NOKEY	MAX	NOKEY
1443734645367	0	lts_1001L_01_01	01	01	1	378	1	1	1	Hit	791	1-7/AFOODBLEN.jpg	AFOODBLEN.jpg	SPACE	835	SPACE
1443734648443	0	lts_1001L_01_01	01	01	1	379	0	0	0	CR	MAX	26387641.thl.jpg	26387641.thl.jpg	NOKEY	MAX	NOKEY
1443734651518	0	lts_1001L_01_01	01	01	1	380	8	1	0	Miss	MAX	8-first/Abicycleglove.jpg	Abicycleglove.jpg	NOKEY	MAX	SPACE
1443734654594	0	lts_1001L_01_01	01	01	1	381	0	0	0	CR	MAX	Atoycoil.jpg	Atoycoil.jpg	NOKEY	MAX	NOKEY
1443734655664	0	lts_1001L_01_01	01	01	1	382	2	1	1	Hit	597	2-mul/Abicycleglove.jpg	Abicycleglove.jpg	SPACE	636	SPACE
1443734658774	0	lts_1001L_01_01	01	01	1	383	0	0	0	CR	MAX	Adecorativet3.jpg	Adecorativet3.jpg	NOKEY	MAX	NOKEY
1443734661850	0	lts_1001L_01_01	01	01	1	384	0	0	0	CR	MAX	Acastingladl2.jpg	Acastingladl2.jpg	NOKEY	MAX	NOKEY
1443734664926	0	lts_1001L_01_01	01	01	1	385	0	0	0	CR	MAX	8024092.thl.jpg	8024092.thl.jpg	NOKEY	MAX	NOKEY
1443734668003	0	lts_1001L_01_01	01	01	1	386	0	0	0	CR	MAX	Aspoonofsug11.jpg	Aspoonofsug11.jpg	NOKEY	MAX	NOKEY
1443734671079	0	lts_1001L_01_01	01	01	1	387	0	0	0	CR	MAX	2/AJUMAR.jpg	AJUMAR.jpg	NOKEY	MAX	NOKEY
1443734674155	0	lts_1001L_01_01	01	01	1	388	0	0	0	CR	MAX	16/AHIBACHI.jpg	AHIBACHI.jpg	NOKEY	MAX	NOKEY
1443734677231	0	lts_1001L_01_01	01	01	1	389	2	1	0	Miss	MAX	2-3/AJUMAR.jpg	AJUMAR.jpg	NOKEY	MAX	SPACE
1443734680307	0	lts_1001L_01_01	01	01	1	390	0	0	0	CR	MAX	AWIG10.jpg	AWIG10.jpg	NOKEY	MAX	NOKEY
1443734683400	0	lts_1001L_01_01	01	01	1	391	0	0	0	CR	MAX	Ajuicer27.jpg	Ajuicer27.jpg	NOKEY	MAX	NOKEY
1443734684486	0	lts_1001L_01_01	01	01	1	392	32	1	1	Hit	610	32-3/Atoydonkey.jpg	Atoydonkey.jpg	SPACE	652	SPACE
1443734687562	0	lts_1001L_01_01	01	01	1	393	0	0	0	CR	MAX	4/Aspokesfaste2.jpg	Aspokesfaste2.jpg	NOKEY	MAX	NOKEY
1443734690638	0	lts_1001L_01_01	01	01	1	394	0	0	0	CR	MAX	Aceramichous2.jpg	Aceramichous2.jpg	NOKEY	MAX	NOKEY
1443734692110	0	lts_1001L_01_01	01	01	1	395	0	0	1	FA	993	AHONEYSTI.jpg	AHONEYSTI.jpg	SPACE	1037	NOKEY
1443734695186	0	lts_1001L_01_01	01	01	1	396	0	0	0	CR	MAX	Astirstick.jpg	Astirstick.jpg	NOKEY	MAX	NOKEY
1443734696924	0	lts_1001L_01_01	01	01	1	397	4	1	1	Hit	1263	4-6/Aspokesfaste2.jpg	Aspokesfaste2.jpg	SPACE	1303	SPACE
1443734700001	0	lts_1001L_01_01	01	01	1	398	0	0	0	CR	MAX	Aangel37.jpg	Aangel37.jpg	NOKEY	MAX	NOKEY
1443734703077	0	lts_1001L_01_01	01	01	1	399	0	0	0	CR	MAX	AELECTHE4.jpg	AELECTHE4.jpg	NOKEY	MAX	NOKEY
1443734704314	0	lts_1001L_01_01	01	01	1	400	128	1	1	Hit	766	128-2/ALINENCA3.jpg	ALINENCA3.jpg	SPACE	802	SPACE
1443734707390	0	lts_1001L_01_01	01	01	1	401	0	0	0	CR	MAX	ABAGFLOU3.jpg	ABAGFLOU3.jpg	NOKEY	MAX	NOKEY
1443734708593	0	lts_1001L_01_01	01	01	1	402	32	1	1	Hit	726	32-0/AOVENMIT5.jpg	AOVENMIT5.jpg	SPACE	769	SPACE
1443734711669	0	lts_1001L_01_01	01	01	1	403	0	0	0	CR	MAX	APEPPSHA4.jpg	APEPPSHA4.jpg	NOKEY	MAX	NOKEY
1443734712672	0	lts_1001L_01_01	01	01	1	404	16	1	1	Hit	521	16-first/AHIBACHI.jpg	AHIBACHI.jpg	SPACE	570	SPACE
1443734715748	0	lts_1001L_01_01	01	01	1	405	0	0	0	CR	MAX	4/AGHOST.jpg	AGHOST.jpg	NOKEY	MAX	NOKEY
1443734717003	0	lts_1001L_01_01	01	01	1	406	2	1	1	Hit	779	2-mul/AHIBACHI.jpg	AHIBACHI.jpg	SPACE	819	SPACE
1443734720095	0	lts_1001L_01_01	01	01	1	407	0	0	0	CR	MAX	AARMCHA25.jpg	AARMCHA25.jpg	NOKEY	MAX	NOKEY
1443734723171	0	lts_1001L_01_01	01	01	1	408	0	0	0	CR	MAX	ATHERMO12.jpg	ATHERMO12.jpg	NOKEY	MAX	NOKEY
1443734725044	0	lts_1001L_01_01	01	01	1	409	4	1	1	Hit	1401	4-3/AGHOST.jpg	AGHOST.jpg	SPACE	1437	SPACE
1443734728120	0	lts_1001L_01_01	01	01	1	410	0	0	0	CR	MAX	Aspoonofsuga2.jpg	Aspoonofsuga2.jpg	NOKEY	MAX	NOKEY
1443734731196	0	lts_1001L_01_01	01	01	1	411	0	0	0	CR	MAX	32/ice.jpg	ice.jpg	NOKEY	MAX	NOKEY
1443734734272	0	lts_1001L_01_01	01	01	1	412	0	0	0	CR	MAX	Abird5.jpg	Abird5.jpg	NOKEY	MAX	NOKEY
1443734735375	0	lts_1001L_01_01	01	01	1	413	0	0	1	FA	626	Apaintroller3.jpg	Apaintroller3.jpg	SPACE	667	NOKEY
1443734738451	0	lts_1001L_01_01	01	01	1	414	0	0	0	CR	MAX	Aopenbriefcas.jpg	Aopenbriefcas.jpg	NOKEY	MAX	NOKEY
1443734739471	0	lts_1001L_01_01	01	01	1	415	0	0	1	FA	535	ASPACEHE5.jpg	ASPACEHE5.jpg	SPACE	569	NOKEY
1443734740791	0	lts_1001L_01_01	01	01	1	416	128	1	1	Hit	837	128-5/paintbrush03.jpg	paintbrush03.jpg	SPACE	887	SPACE
1443734743867	0	lts_1001L_01_01	01	01	1	417	0	0	0	CR	MAX	1/butternutsquash.jpg	butternutsquash.jpg	NOKEY	MAX	NOKEY
1443734744853	0	lts_1001L_01_01	01	01	1	418	1	1	1	Hit	514	1-5/butternutsquash.jpg	butternutsquash.jpg	SPACE	553	SPACE
1443734747929	0	lts_1001L_01_01	01	01	1	419	0	0	0	CR	MAX	ATEALANT8.jpg	ATEALANT8.jpg	NOKEY	MAX	NOKEY
1443734751007	0	lts_1001L_01_01	01	01	1	420	0	0	0	CR	MAX	AELECOMP2.jpg	AELECOMP2.jpg	NOKEY	MAX	NOKEY
1443734754083	0	lts_1001L_01_01	01	01	1	421	128	1	0	Miss	MAX	128-0/Atoycoffeepo2.jpg	Atoycoffeepo2.jpg	NOKEY	MAX	SPACE
1443734757159	0	lts_1001L_01_01	01	01	1	422	0	0	0	CR	MAX	Achest20.jpg	Achest20.jpg	NOKEY	MAX	NOKEY
1443734760235	0	lts_1001L_01_01	01	01	1	423	0	0	0	CR	MAX	Adresser11.jpg	Adresser11.jpg	NOKEY	MAX	NOKEY
1443734763311	0	lts_1001L_01_01	01	01	1	424	0	0	0	CR	MAX	Agardeningrak.jpg	Agardeningrak.jpg	NOKEY	MAX	NOKEY
1443734766387	0	lts_1001L_01_01	01	01	1	425	0	0	0	CR	MAX	26374605.thl.jpg	26374605.thl.jpg	NOKEY	MAX	NOKEY
1443734769463	0	lts_1001L_01_01	01	01	1	426	0	0	0	CR	MAX	ABROOCH53.jpg	ABROOCH53.jpg	NOKEY	MAX	NOKEY
1443734772555	0	lts_1001L_01_01	01	01	1	427	0	0	0	CR	MAX	AJEWELBO3.jpg	AJEWELBO3.jpg	NOKEY	MAX	NOKEY
1443734775647	0	lts_1001L_01_01	01	01	1	428	0	0	0	CR	MAX	Afruitbasket2.jpg	Afruitbasket2.jpg	NOKEY	MAX	NOKEY
1443734776768	0	lts_1001L_01_01	01	01	1	429	128	1	1	Hit	639	128-4/Aflyingeagle9.jpg	Aflyingeagle9.jpg	SPACE	686	SPACE
1443734779877	0	lts_1001L_01_01	01	01	1	430	0	0	0	CR	MAX	2/Apaintroller2.jpg	Apaintroller2.jpg	NOKEY	MAX	NOKEY
1443734782970	0	lts_1001L_01_01	01	01	1	431	0	0	0	CR	MAX	AWASHOPEN.jpg	AWASHOPEN.jpg	NOKEY	MAX	NOKEY
1443734784158	0	lts_1001L_01_01	01	01	1	432	2	1	1	Hit	702	2-13/Apaintroller2.jpg	Apaintroller2.jpg	SPACE	753	SPACE
1443734787234	0	lts_1001L_01_01	01	01	1	433	0	0	0	CR	MAX	Aelasticbands.jpg	Aelasticbands.jpg	NOKEY	MAX	NOKEY
1443734789841	0	lts_1001L_01_01	01	01	1	434	0	0	1	FA	2112	2/Adropper2.jpg	Adropper2.jpg	SPACE	2156	NOKEY
1443734792917	0	lts_1001L_01_01	01	01	1	435	0	0	0	CR	MAX	MAT-J0150-J0153.jpg	MAT-J0150-J0153.jpg	NOKEY	MAX	NOKEY
1443734794155	0	lts_1001L_01_01	01	01	1	436	2	1	1	Hit	753	2-0/Adropper2.jpg	Adropper2.jpg	SPACE	803	SPACE
1443734797231	0	lts_1001L_01_01	01	01	1	437	0	0	0	CR	MAX	4/AINCENSE4.jpg	AINCENSE4.jpg	NOKEY	MAX	NOKEY
1443734798301	0	lts_1001L_01_01	01	01	1	438	128	1	1	Hit	598	128-6/Ahumansku101.jpg	Ahumansku101.jpg	SPACE	634	SPACE
1443734801377	0	lts_1001L_01_01	01	01	1	439	0	0	0	CR	MAX	22824636.thl.jpg	22824636.thl.jpg	NOKEY	MAX	NOKEY
1443734802496	0	lts_1001L_01_01	01	01	1	440	0	0	1	FA	627	ABLACKB14.jpg	ABLACKB14.jpg	SPACE	669	NOKEY
1443734803467	0	lts_1001L_01_01	01	01	1	441	4	1	1	Hit	492	4-2/AINCENSE4.jpg	AINCENSE4.jpg	SPACE	536	SPACE
1443734806542	0	lts_1001L_01_01	01	01	1	442	0	0	0	CR	MAX	Arunningshoe4.jpg	Arunningshoe4.jpg	NOKEY	MAX	NOKEY
1443734809618	0	lts_1001L_01_01	01	01	1	443	32	1	0	Miss	MAX	32-7/ice.jpg	ice.jpg	NOKEY	MAX	SPACE
1443734812694	0	lts_1001L_01_01	01	01	1	444	0	0	0	CR	MAX	26428057.thl.jpg	26428057.thl.jpg	NOKEY	MAX	NOKEY
1443734813948	0	lts_1001L_01_01	01	01	1	445	128	1	1	Hit	781	128-1/Achair485.jpg	Achair485.jpg	SPACE	819	SPACE
1443734817025	0	lts_1001L_01_01	01	01	1	446	0	0	0	CR	MAX	AGRAINSI5.jpg	AGRAINSI5.jpg	NOKEY	MAX	NOKEY
1443734820101	0	lts_1001L_01_01	01	01	1	447	128	1	0	Miss	MAX	128-7/garlic.jpg	garlic.jpg	NOKEY	MAX	SPACE
1443734823177	0	lts_1001L_01_01	01	01	1	448	0	0	0	CR	MAX	Acrabwalking.jpg	Acrabwalking.jpg	NOKEY	MAX	NOKEY
1443734826253	0	lts_1001L_01_01	01	01	1	449	0	0	0	CR	MAX	Aelectronicor.jpg	Aelectronicor.jpg	NOKEY	MAX	NOKEY
1443734916523	0	E	Logging Ends
