1447184239863	0	B	Logging Begins
1447184445628	0	lts_1110L_23_01	23	01	0	0	0	0	0	CR	MAX	Atray22.jpg	Atray22.jpg	NOKEY	MAX	NOKEY
1447184448721	0	lts_1110L_23_01	23	01	0	1	0	0	0	CR	MAX	12955.JPG	12955.JPG	NOKEY	MAX	NOKEY
1447184451813	0	lts_1110L_23_01	23	01	0	2	0	0	0	CR	MAX	ADOLL69.jpg	ADOLL69.jpg	NOKEY	MAX	NOKEY
1447184454905	0	lts_1110L_23_01	23	01	0	3	0	0	0	CR	MAX	2/BeautyNBeast.jpg	BeautyNBeast.jpg	NOKEY	MAX	NOKEY
1447184457998	0	lts_1110L_23_01	23	01	0	4	0	0	0	CR	MAX	gytsl9.jpg	gytsl9.jpg	NOKEY	MAX	NOKEY
1447184459153	0	lts_1110L_23_01	23	01	0	5	2	1	1	Hit	680	2-8/BeautyNBeast.jpg	BeautyNBeast.jpg	SPACE	719	SPACE
1447184462229	0	lts_1110L_23_01	23	01	0	6	0	0	0	CR	MAX	ASUNBOX5.jpg	ASUNBOX5.jpg	NOKEY	MAX	NOKEY
1447184465322	0	lts_1110L_23_01	23	01	0	7	0	0	0	CR	MAX	Aadjustablec2.jpg	Aadjustablec2.jpg	NOKEY	MAX	NOKEY
1447184468414	0	lts_1110L_23_01	23	01	0	8	0	0	0	CR	MAX	pingpongtable.jpg	pingpongtable.jpg	NOKEY	MAX	NOKEY
1447184471490	0	lts_1110L_23_01	23	01	0	9	0	0	0	CR	MAX	26377777.thl.jpg	26377777.thl.jpg	NOKEY	MAX	NOKEY
1447184474583	0	lts_1110L_23_01	23	01	0	10	0	0	0	CR	MAX	16/ATRACINGT.jpg	ATRACINGT.jpg	NOKEY	MAX	NOKEY
1447184477409	0	lts_1110L_23_01	23	01	0	11	0	0	1	FA	2325	AHARP.jpg	AHARP.jpg	SPACE	2373	NOKEY
1447184480501	0	lts_1110L_23_01	23	01	0	12	0	0	0	CR	MAX	AMIRRORT2.jpg	AMIRRORT2.jpg	NOKEY	MAX	NOKEY
1447184483594	0	lts_1110L_23_01	23	01	0	13	0	0	0	CR	MAX	26387641.thl.jpg	26387641.thl.jpg	NOKEY	MAX	NOKEY
1447184486687	0	lts_1110L_23_01	23	01	0	14	0	0	0	CR	MAX	22875384.thl.jpg	22875384.thl.jpg	NOKEY	MAX	NOKEY
1447184489779	0	lts_1110L_23_01	23	01	0	15	0	0	0	CR	MAX	ABUSINEST.jpg	ABUSINEST.jpg	NOKEY	MAX	NOKEY
1447184492871	0	lts_1110L_23_01	23	01	0	16	0	0	0	CR	MAX	Areindeertoy4.jpg	Areindeertoy4.jpg	NOKEY	MAX	NOKEY
1447184495947	0	lts_1110L_23_01	23	01	0	17	0	0	0	CR	MAX	APIRAFLAG.jpg	APIRAFLAG.jpg	NOKEY	MAX	NOKEY
1447184499024	0	lts_1110L_23_01	23	01	0	18	0	0	0	CR	MAX	AGOLDCUP6.jpg	AGOLDCUP6.jpg	NOKEY	MAX	NOKEY
1447184502117	0	lts_1110L_23_01	23	01	0	19	0	0	0	CR	MAX	Aslate.jpg	Aslate.jpg	NOKEY	MAX	NOKEY
1447184505210	0	lts_1110L_23_01	23	01	0	20	0	0	0	CR	MAX	AREDBEAN5.jpg	AREDBEAN5.jpg	NOKEY	MAX	NOKEY
1447184508303	0	lts_1110L_23_01	23	01	0	21	0	0	0	CR	MAX	ALIONMAS2.jpg	ALIONMAS2.jpg	NOKEY	MAX	NOKEY
1447184511396	0	lts_1110L_23_01	23	01	0	22	0	0	0	CR	MAX	ARUSSDO13.jpg	ARUSSDO13.jpg	NOKEY	MAX	NOKEY
1447184514472	0	lts_1110L_23_01	23	01	0	23	0	0	0	CR	MAX	Agreenplastic.jpg	Agreenplastic.jpg	NOKEY	MAX	NOKEY
1447184516411	0	lts_1110L_23_01	23	01	0	24	0	0	1	FA	1449	32/8248852.thl.jpg	8248852.thl.jpg	SPACE	1487	NOKEY
1447184519504	0	lts_1110L_23_01	23	01	0	25	0	0	0	CR	MAX	8/AHAMPER.jpg	AHAMPER.jpg	NOKEY	MAX	NOKEY
1447184520590	0	lts_1110L_23_01	23	01	0	26	16	1	1	Hit	616	16-first/ATRACINGT.jpg	ATRACINGT.jpg	SPACE	652	SPACE
1447184523667	0	lts_1110L_23_01	23	01	0	27	0	0	0	CR	MAX	Aaircompress6.jpg	Aaircompress6.jpg	NOKEY	MAX	NOKEY
1447184526743	0	lts_1110L_23_01	23	01	0	28	0	0	0	CR	MAX	1/Aantelope2.jpg	Aantelope2.jpg	NOKEY	MAX	NOKEY
1447184527746	0	lts_1110L_23_01	23	01	0	29	1	1	1	Hit	520	1-8/Aantelope2.jpg	Aantelope2.jpg	SPACE	570	SPACE
1447184530821	0	lts_1110L_23_01	23	01	0	30	0	0	0	CR	MAX	8/ADINROO16.jpg	ADINROO16.jpg	NOKEY	MAX	NOKEY
1447184533913	0	lts_1110L_23_01	23	01	0	31	0	0	0	CR	MAX	underwear.jpg	underwear.jpg	NOKEY	MAX	NOKEY
1447184536989	0	lts_1110L_23_01	23	01	0	32	0	0	0	CR	MAX	ASALAMI.jpg	ASALAMI.jpg	NOKEY	MAX	NOKEY
1447184538010	0	lts_1110L_23_01	23	01	0	33	8	1	1	Hit	545	8-1/AHAMPER.jpg	AHAMPER.jpg	SPACE	585	SPACE
1447184541103	0	lts_1110L_23_01	23	01	0	34	0	0	0	CR	MAX	2/AROCKET20.jpg	AROCKET20.jpg	NOKEY	MAX	NOKEY
1447184544179	0	lts_1110L_23_01	23	01	0	35	0	0	0	CR	MAX	Abeverageingl.jpg	Abeverageingl.jpg	NOKEY	MAX	NOKEY
1447184545182	0	lts_1110L_23_01	23	01	0	36	2	1	1	Hit	521	2-13/AROCKET20.jpg	AROCKET20.jpg	SPACE	567	SPACE
1447184548275	0	lts_1110L_23_01	23	01	0	37	0	0	0	CR	MAX	23071000.thl.jpg	23071000.thl.jpg	NOKEY	MAX	NOKEY
1447184549295	0	lts_1110L_23_01	23	01	0	38	8	1	1	Hit	540	8-first/ADINROO16.jpg	ADINROO16.jpg	SPACE	585	SPACE
1447184552371	0	lts_1110L_23_01	23	01	0	39	0	0	0	CR	MAX	26374798.thl.jpg	26374798.thl.jpg	NOKEY	MAX	NOKEY
1447184555447	0	lts_1110L_23_01	23	01	0	40	0	0	0	CR	MAX	Arunningshoe4.jpg	Arunningshoe4.jpg	NOKEY	MAX	NOKEY
1447184558540	0	lts_1110L_23_01	23	01	0	41	0	0	0	CR	MAX	26431848.thl.jpg	26431848.thl.jpg	NOKEY	MAX	NOKEY
1447184559509	0	lts_1110L_23_01	23	01	0	42	16	1	1	Hit	488	16-mul/ATRACINGT.jpg	ATRACINGT.jpg	SPACE	535	SPACE
1447184560963	0	lts_1110L_23_01	23	01	0	43	0	0	1	FA	967	seesaw.jpg	seesaw.jpg	SPACE	1003	NOKEY
1447184564057	0	lts_1110L_23_01	23	01	0	44	0	0	0	CR	MAX	Athimble2.jpg	Athimble2.jpg	NOKEY	MAX	NOKEY
1447184567133	0	lts_1110L_23_01	23	01	0	45	0	0	0	CR	MAX	Atool62.jpg	Atool62.jpg	NOKEY	MAX	NOKEY
1447184570225	0	lts_1110L_23_01	23	01	0	46	0	0	0	CR	MAX	Abird41.jpg	Abird41.jpg	NOKEY	MAX	NOKEY
1447184573318	0	lts_1110L_23_01	23	01	0	47	0	0	0	CR	MAX	16/ALOOFA.jpg	ALOOFA.jpg	NOKEY	MAX	NOKEY
1447184576411	0	lts_1110L_23_01	23	01	0	48	0	0	0	CR	MAX	4/Adayplanner.jpg	Adayplanner.jpg	NOKEY	MAX	NOKEY
1447184579504	0	lts_1110L_23_01	23	01	0	49	0	0	0	CR	MAX	ACUSHIO60.jpg	ACUSHIO60.jpg	NOKEY	MAX	NOKEY
1447184581092	0	lts_1110L_23_01	23	01	0	50	0	0	1	FA	1086	Afaucet9.jpg	Afaucet9.jpg	SPACE	1137	NOKEY
1447184584185	0	lts_1110L_23_01	23	01	0	51	0	0	0	CR	MAX	pretzel.jpg	pretzel.jpg	NOKEY	MAX	NOKEY
1447184585255	0	lts_1110L_23_01	23	01	0	52	4	1	1	Hit	586	4-4/Adayplanner.jpg	Adayplanner.jpg	SPACE	634	SPACE
1447184587328	0	lts_1110L_23_01	23	01	0	53	0	0	1	FA	1583	APOTPBAG2.jpg	APOTPBAG2.jpg	SPACE	1621	NOKEY
1447184588314	0	lts_1110L_23_01	23	01	0	54	16	1	1	Hit	514	16-mul/ADINROO16.jpg	ADINROO16.jpg	SPACE	551	SPACE
1447184591390	0	lts_1110L_23_01	23	01	0	55	0	0	0	CR	MAX	8018499.thl.jpg	8018499.thl.jpg	NOKEY	MAX	NOKEY
1447184592376	0	lts_1110L_23_01	23	01	0	56	32	1	1	Hit	516	32-4/8248852.thl.jpg	8248852.thl.jpg	SPACE	550	SPACE
1447184595452	0	lts_1110L_23_01	23	01	0	57	0	0	0	CR	MAX	2/8021743.thl.jpg	8021743.thl.jpg	NOKEY	MAX	NOKEY
1447184598545	0	lts_1110L_23_01	23	01	0	58	0	0	0	CR	MAX	32/Apig5.jpg	Apig5.jpg	NOKEY	MAX	NOKEY
1447184599582	0	lts_1110L_23_01	23	01	0	59	2	1	1	Hit	567	2-9/8021743.thl.jpg	8021743.thl.jpg	SPACE	602	SPACE
1447184602658	0	lts_1110L_23_01	23	01	0	60	0	0	0	CR	MAX	Acomputerdes8.jpg	Acomputerdes8.jpg	NOKEY	MAX	NOKEY
1447184605734	0	lts_1110L_23_01	23	01	0	61	0	0	0	CR	MAX	64/Ascrewmount.jpg	Ascrewmount.jpg	NOKEY	MAX	NOKEY
1447184608826	0	lts_1110L_23_01	23	01	0	62	0	0	0	CR	MAX	32/Abowloffruit4.jpg	Abowloffruit4.jpg	NOKEY	MAX	NOKEY
1447184609845	0	lts_1110L_23_01	23	01	0	63	16	1	1	Hit	544	16-first/ALOOFA.jpg	ALOOFA.jpg	SPACE	586	SPACE
1447184612921	0	lts_1110L_23_01	23	01	0	64	0	0	0	CR	MAX	AFRUIT3.jpg	AFRUIT3.jpg	NOKEY	MAX	NOKEY
1447184616015	0	lts_1110L_23_01	23	01	0	65	0	0	0	CR	MAX	AHEATDUCT.jpg	AHEATDUCT.jpg	NOKEY	MAX	NOKEY
1447184619108	0	lts_1110L_23_01	23	01	0	66	0	0	0	CR	MAX	32/Agiftbag20.jpg	Agiftbag20.jpg	NOKEY	MAX	NOKEY
1447184622184	0	lts_1110L_23_01	23	01	0	67	0	0	0	CR	MAX	64/ALIQBOOK.jpg	ALIQBOOK.jpg	NOKEY	MAX	NOKEY
1447184625277	0	lts_1110L_23_01	23	01	0	68	0	0	0	CR	MAX	ACOWCREAM.jpg	ACOWCREAM.jpg	NOKEY	MAX	NOKEY
1447184626330	0	lts_1110L_23_01	23	01	0	69	0	0	1	FA	558	128/26420893.thl.jpg	26420893.thl.jpg	SPACE	601	NOKEY
1447184629423	0	lts_1110L_23_01	23	01	0	70	0	0	0	CR	MAX	26375702.thl.jpg	26375702.thl.jpg	NOKEY	MAX	NOKEY
1447184632516	0	lts_1110L_23_01	23	01	0	71	0	0	0	CR	MAX	ABRAIN3.jpg	ABRAIN3.jpg	NOKEY	MAX	NOKEY
1447184635609	0	lts_1110L_23_01	23	01	0	72	0	0	0	CR	MAX	ACURLER.jpg	ACURLER.jpg	NOKEY	MAX	NOKEY
1447184638701	0	lts_1110L_23_01	23	01	0	73	0	0	0	CR	MAX	ACOFFGRI9.jpg	ACOFFGRI9.jpg	NOKEY	MAX	NOKEY
1447184640757	0	lts_1110L_23_01	23	01	0	74	0	0	1	FA	1556	Awheelchair6.jpg	Awheelchair6.jpg	SPACE	1604	NOKEY
1447184643833	0	lts_1110L_23_01	23	01	0	75	0	0	0	CR	MAX	8/26440073.thl.jpg	26440073.thl.jpg	NOKEY	MAX	NOKEY
1447184645422	0	lts_1110L_23_01	23	01	0	76	0	0	1	FA	1095	Atrap4.jpg	Atrap4.jpg	SPACE	1138	NOKEY
1447184648515	0	lts_1110L_23_01	23	01	0	77	0	0	0	CR	MAX	makeupcrayon.jpg	makeupcrayon.jpg	NOKEY	MAX	NOKEY
1447184651607	0	lts_1110L_23_01	23	01	0	78	0	0	0	CR	MAX	knife01.jpg	knife01.jpg	NOKEY	MAX	NOKEY
1447184652644	0	lts_1110L_23_01	23	01	0	79	16	1	1	Hit	563	16-mul/ALOOFA.jpg	ALOOFA.jpg	SPACE	602	SPACE
1447184655720	0	lts_1110L_23_01	23	01	0	80	0	0	0	CR	MAX	1/kimono.jpg	kimono.jpg	NOKEY	MAX	NOKEY
1447184656706	0	lts_1110L_23_01	23	01	0	81	1	1	1	Hit	502	1-7/kimono.jpg	kimono.jpg	SPACE	552	SPACE
1447184658378	0	lts_1110L_23_01	23	01	0	82	0	0	1	FA	1179	26442719.thl.jpg	26442719.thl.jpg	SPACE	1220	NOKEY
1447184659465	0	lts_1110L_23_01	23	01	0	83	8	1	1	Hit	616	8-first/26440073.thl.jpg	26440073.thl.jpg	SPACE	651	SPACE
1447184662558	0	lts_1110L_23_01	23	01	0	84	0	0	0	CR	MAX	ACEREAL.jpg	ACEREAL.jpg	NOKEY	MAX	NOKEY
1447184665634	0	lts_1110L_23_01	23	01	0	85	0	0	0	CR	MAX	Awaffle3.jpg	Awaffle3.jpg	NOKEY	MAX	NOKEY
1447184668726	0	lts_1110L_23_01	23	01	0	86	0	0	0	CR	MAX	AMANJUI2.jpg	AMANJUI2.jpg	NOKEY	MAX	NOKEY
1447184669679	0	lts_1110L_23_01	23	01	0	87	4	1	1	Hit	484	4-mul/26440073.thl.jpg	26440073.thl.jpg	SPACE	518	SPACE
1447184672771	0	lts_1110L_23_01	23	01	0	88	0	0	0	CR	MAX	64/ABLACKNEC.jpg	ABLACKNEC.jpg	NOKEY	MAX	NOKEY
1447184675847	0	lts_1110L_23_01	23	01	0	89	0	0	0	CR	MAX	26374346.thl.jpg	26374346.thl.jpg	NOKEY	MAX	NOKEY
1447184676800	0	lts_1110L_23_01	23	01	0	90	32	1	1	Hit	473	32-1/Apig5.jpg	Apig5.jpg	SPACE	519	SPACE
1447184679876	0	lts_1110L_23_01	23	01	0	91	0	0	0	CR	MAX	Acompactdisc2.jpg	Acompactdisc2.jpg	NOKEY	MAX	NOKEY
1447184682969	0	lts_1110L_23_01	23	01	0	92	0	0	0	CR	MAX	toy2A.JPG	toy2A.JPG	NOKEY	MAX	NOKEY
1447184686046	0	lts_1110L_23_01	23	01	0	93	0	0	0	CR	MAX	AIRONBOA8.jpg	AIRONBOA8.jpg	NOKEY	MAX	NOKEY
1447184687099	0	lts_1110L_23_01	23	01	0	94	32	1	1	Hit	579	32-3/Abowloffruit4.jpg	Abowloffruit4.jpg	SPACE	619	SPACE
1447184690175	0	lts_1110L_23_01	23	01	0	95	0	0	0	CR	MAX	26437080.thl.jpg	26437080.thl.jpg	NOKEY	MAX	NOKEY
1447184693251	0	lts_1110L_23_01	23	01	0	96	0	0	0	CR	MAX	AHAIRCLI6.jpg	AHAIRCLI6.jpg	NOKEY	MAX	NOKEY
1447184696344	0	lts_1110L_23_01	23	01	0	97	0	0	0	CR	MAX	ASPIDERW2.jpg	ASPIDERW2.jpg	NOKEY	MAX	NOKEY
1447184697380	0	lts_1110L_23_01	23	01	0	98	32	1	1	Hit	565	32-2/Agiftbag20.jpg	Agiftbag20.jpg	SPACE	600	SPACE
1447184700457	0	lts_1110L_23_01	23	01	0	99	0	0	0	CR	MAX	8/AANTFRYI2.jpg	AANTFRYI2.jpg	NOKEY	MAX	NOKEY
1447184701710	0	lts_1110L_23_01	23	01	0	100	0	0	1	FA	765	26419231.thl.jpg	26419231.thl.jpg	SPACE	802	NOKEY
1447184704785	0	lts_1110L_23_01	23	01	0	101	0	0	0	CR	MAX	4/Acoatrack5.jpg	Acoatrack5.jpg	NOKEY	MAX	NOKEY
1447184707862	0	lts_1110L_23_01	23	01	0	102	0	0	0	CR	MAX	26374605.thl.jpg	26374605.thl.jpg	NOKEY	MAX	NOKEY
1447184710938	0	lts_1110L_23_01	23	01	0	103	0	0	0	CR	MAX	ATOOTHBR3.jpg	ATOOTHBR3.jpg	NOKEY	MAX	NOKEY
1447184714031	0	lts_1110L_23_01	23	01	0	104	0	0	0	CR	MAX	bobbypins.JPG	bobbypins.JPG	NOKEY	MAX	NOKEY
1447184715068	0	lts_1110L_23_01	23	01	0	105	4	1	1	Hit	559	4-0/Acoatrack5.jpg	Acoatrack5.jpg	SPACE	602	SPACE
1447184716872	0	lts_1110L_23_01	23	01	0	106	0	0	1	FA	1324	Abutterchurn5.jpg	Abutterchurn5.jpg	SPACE	1371	NOKEY
1447184717909	0	lts_1110L_23_01	23	01	0	107	8	1	1	Hit	561	8-first/AANTFRYI2.jpg	AANTFRYI2.jpg	SPACE	603	SPACE
1447184721003	0	lts_1110L_23_01	23	01	0	108	0	0	0	CR	MAX	ACANDLE30.jpg	ACANDLE30.jpg	NOKEY	MAX	NOKEY
1447184722156	0	lts_1110L_23_01	23	01	0	109	2	1	1	Hit	682	2-mul/AANTFRYI2.jpg	AANTFRYI2.jpg	SPACE	719	SPACE
1447184725249	0	lts_1110L_23_01	23	01	0	110	0	0	0	CR	MAX	ASTEAMER4.jpg	ASTEAMER4.jpg	NOKEY	MAX	NOKEY
1447184727238	0	lts_1110L_23_01	23	01	0	111	0	0	1	FA	1512	AEASEL22.jpg	AEASEL22.jpg	SPACE	1554	NOKEY
1447184730314	0	lts_1110L_23_01	23	01	0	112	0	0	0	CR	MAX	Amannequin2.jpg	Amannequin2.jpg	NOKEY	MAX	NOKEY
1447184733407	0	lts_1110L_23_01	23	01	0	113	0	0	0	CR	MAX	128/Alintbrush2.jpg	Alintbrush2.jpg	NOKEY	MAX	NOKEY
1447184735012	0	lts_1110L_23_01	23	01	0	114	0	0	1	FA	1115	AHANDLE5.jpg	AHANDLE5.jpg	SPACE	1153	NOKEY
1447184738088	0	lts_1110L_23_01	23	01	0	115	0	0	0	CR	MAX	railroadblock.jpg	railroadblock.jpg	NOKEY	MAX	NOKEY
1447184739776	0	lts_1110L_23_01	23	01	0	116	0	0	1	FA	1186	AFOODTAB2.jpg	AFOODTAB2.jpg	SPACE	1238	NOKEY
1447184742868	0	lts_1110L_23_01	23	01	0	117	0	0	0	CR	MAX	4/26425025.thl.jpg	26425025.thl.jpg	NOKEY	MAX	NOKEY
1447184745043	0	lts_1110L_23_01	23	01	0	118	0	0	1	FA	1705	26420069.thl.jpg	26420069.thl.jpg	SPACE	1740	NOKEY
1447184748136	0	lts_1110L_23_01	23	01	0	119	0	0	0	CR	MAX	128/8078142.thl.jpg	8078142.thl.jpg	NOKEY	MAX	NOKEY
1447184751228	0	lts_1110L_23_01	23	01	0	120	0	0	0	CR	MAX	ABEARIN12.jpg	ABEARIN12.jpg	NOKEY	MAX	NOKEY
1447184752348	0	lts_1110L_23_01	23	01	0	121	4	1	1	Hit	639	4-9/26425025.thl.jpg	26425025.thl.jpg	SPACE	684	SPACE
1447184755424	0	lts_1110L_23_01	23	01	0	122	0	0	0	CR	MAX	Astereo30.jpg	Astereo30.jpg	NOKEY	MAX	NOKEY
1447184757297	0	lts_1110L_23_01	23	01	0	123	0	0	1	FA	1369	16/Alaundrybask2.jpg	Alaundrybask2.jpg	SPACE	1420	NOKEY
1447184760373	0	lts_1110L_23_01	23	01	0	124	0	0	0	CR	MAX	128/26379054.thl.jpg	26379054.thl.jpg	NOKEY	MAX	NOKEY
1447184761510	0	lts_1110L_23_01	23	01	0	125	64	1	1	Hit	664	64-first/Ascrewmount.jpg	Ascrewmount.jpg	SPACE	702	SPACE
1447184764603	0	lts_1110L_23_01	23	01	0	126	0	0	0	CR	MAX	hottub.jpg	hottub.jpg	NOKEY	MAX	NOKEY
1447184767679	0	lts_1110L_23_01	23	01	0	127	0	0	0	CR	MAX	8255336.thl.jpg	8255336.thl.jpg	NOKEY	MAX	NOKEY
1447184770770	0	lts_1110L_23_01	23	01	0	128	0	0	0	CR	MAX	Atennisball2.jpg	Atennisball2.jpg	NOKEY	MAX	NOKEY
1447184771824	0	lts_1110L_23_01	23	01	0	129	4	1	1	Hit	575	4-mul/Ascrewmount.jpg	Ascrewmount.jpg	SPACE	620	SPACE
1447184774916	0	lts_1110L_23_01	23	01	0	130	0	0	0	CR	MAX	Atoyturtle.jpg	Atoyturtle.jpg	NOKEY	MAX	NOKEY
1447184775936	0	lts_1110L_23_01	23	01	0	131	64	1	1	Hit	543	64-first/ALIQBOOK.jpg	ALIQBOOK.jpg	SPACE	586	SPACE
1447184777275	0	lts_1110L_23_01	23	01	0	132	0	0	1	FA	848	AWOODST11.jpg	AWOODST11.jpg	SPACE	887	NOKEY
1447184778345	0	lts_1110L_23_01	23	01	0	133	2	1	1	Hit	591	2-mul/ALIQBOOK.jpg	ALIQBOOK.jpg	SPACE	634	SPACE
1447184781437	0	lts_1110L_23_01	23	01	0	134	0	0	0	CR	MAX	1/ACOCKSPA4.jpg	ACOCKSPA4.jpg	NOKEY	MAX	NOKEY
1447184782374	0	lts_1110L_23_01	23	01	0	135	1	1	1	Hit	458	1-12/ACOCKSPA4.jpg	ACOCKSPA4.jpg	SPACE	500	SPACE
1447184785466	0	lts_1110L_23_01	23	01	0	136	0	0	0	CR	MAX	1/26456480.thl.jpg	26456480.thl.jpg	NOKEY	MAX	NOKEY
1447184786352	0	lts_1110L_23_01	23	01	0	137	1	1	1	Hit	402	1-9/26456480.thl.jpg	26456480.thl.jpg	SPACE	450	SPACE
1447184789428	0	lts_1110L_23_01	23	01	0	138	0	0	0	CR	MAX	ACOWBELL6.jpg	ACOWBELL6.jpg	NOKEY	MAX	NOKEY
1447184790482	0	lts_1110L_23_01	23	01	0	139	16	1	1	Hit	568	16-first/Alaundrybask2.jpg	Alaundrybask2.jpg	SPACE	618	SPACE
1447184792020	0	lts_1110L_23_01	23	01	0	140	0	0	1	FA	1050	Arake3.jpg	Arake3.jpg	SPACE	1086	NOKEY
1447184795096	0	lts_1110L_23_01	23	01	0	141	0	0	0	CR	MAX	26455774.thl.jpg	26455774.thl.jpg	NOKEY	MAX	NOKEY
1447184796634	0	lts_1110L_23_01	23	01	0	142	0	0	1	FA	1048	32/AGUIRA.jpg	AGUIRA.jpg	SPACE	1087	NOKEY
1447184797620	0	lts_1110L_23_01	23	01	0	143	4	1	1	Hit	516	4-mul/Alaundrybask2.jpg	Alaundrybask2.jpg	SPACE	552	SPACE
1447184800713	0	lts_1110L_23_01	23	01	0	144	0	0	0	CR	MAX	64/ASTOOL.jpg	ASTOOL.jpg	NOKEY	MAX	NOKEY
1447184803805	0	lts_1110L_23_01	23	01	0	145	0	0	0	CR	MAX	4/AMAKEUPMI.jpg	AMAKEUPMI.jpg	NOKEY	MAX	NOKEY
1447184806897	0	lts_1110L_23_01	23	01	0	146	0	0	0	CR	MAX	ASHRIMP3.jpg	ASHRIMP3.jpg	NOKEY	MAX	NOKEY
1447184809990	0	lts_1110L_23_01	23	01	0	147	0	0	0	CR	MAX	decorativesquash.jpg	decorativesquash.jpg	NOKEY	MAX	NOKEY
1447184813067	0	lts_1110L_23_01	23	01	0	148	0	0	0	CR	MAX	ARCMPPOL2.jpg	ARCMPPOL2.jpg	NOKEY	MAX	NOKEY
1447184814355	0	lts_1110L_23_01	23	01	0	149	4	1	1	Hit	812	4-7/AMAKEUPMI.jpg	AMAKEUPMI.jpg	SPACE	851	SPACE
1447184817431	0	lts_1110L_23_01	23	01	0	150	0	0	0	CR	MAX	8/ANAILFILE.jpg	ANAILFILE.jpg	NOKEY	MAX	NOKEY
1447184820523	0	lts_1110L_23_01	23	01	0	151	0	0	0	CR	MAX	16/ABOAT16.jpg	ABOAT16.jpg	NOKEY	MAX	NOKEY
1447184821877	0	lts_1110L_23_01	23	01	0	152	64	1	1	Hit	879	64-first/ABLACKNEC.jpg	ABLACKNEC.jpg	SPACE	919	SPACE
1447184824969	0	lts_1110L_23_01	23	01	0	153	0	0	0	CR	MAX	32/ALAB13.jpg	ALAB13.jpg	NOKEY	MAX	NOKEY
1447184826124	0	lts_1110L_23_01	23	01	0	154	2	1	1	Hit	676	2-mul/ABLACKNEC.jpg	ABLACKNEC.jpg	SPACE	720	SPACE
1447184828013	0	lts_1110L_23_01	23	01	0	155	0	0	1	FA	1402	AWOODFLUT.jpg	AWOODFLUT.jpg	SPACE	1438	NOKEY
1447184831106	0	lts_1110L_23_01	23	01	0	156	0	0	0	CR	MAX	Aegyptianst20.jpg	Aegyptianst20.jpg	NOKEY	MAX	NOKEY
1447184834182	0	lts_1110L_23_01	23	01	0	157	0	0	0	CR	MAX	ATOWELRA3.jpg	ATOWELRA3.jpg	NOKEY	MAX	NOKEY
1447184835151	0	lts_1110L_23_01	23	01	0	158	8	1	1	Hit	484	8-first/ANAILFILE.jpg	ANAILFILE.jpg	SPACE	535	SPACE
1447184838227	0	lts_1110L_23_01	23	01	0	159	0	0	0	CR	MAX	4/AWOODPYRA.jpg	AWOODPYRA.jpg	NOKEY	MAX	NOKEY
1447184839180	0	lts_1110L_23_01	23	01	0	160	2	1	1	Hit	474	2-mul/ANAILFILE.jpg	ANAILFILE.jpg	SPACE	517	SPACE
1447184842273	0	lts_1110L_23_01	23	01	0	161	0	0	0	CR	MAX	Aboxofstaples.jpg	Aboxofstaples.jpg	NOKEY	MAX	NOKEY
1447184843944	0	lts_1110L_23_01	23	01	0	162	0	0	1	FA	1175	16/Atoywheels.jpg	Atoywheels.jpg	SPACE	1221	NOKEY
1447184845015	0	lts_1110L_23_01	23	01	0	163	4	1	1	Hit	588	4-12/AWOODPYRA.jpg	AWOODPYRA.jpg	SPACE	637	SPACE
1447184846786	0	lts_1110L_23_01	23	01	0	164	0	0	1	FA	1285	Afeatherdust2.jpg	Afeatherdust2.jpg	SPACE	1320	NOKEY
1447184849879	0	lts_1110L_23_01	23	01	0	165	0	0	0	CR	MAX	Abicyclekick2.jpg	Abicyclekick2.jpg	NOKEY	MAX	NOKEY
1447184852955	0	lts_1110L_23_01	23	01	0	166	0	0	0	CR	MAX	AANTSTO12.jpg	AANTSTO12.jpg	NOKEY	MAX	NOKEY
1447184854176	0	lts_1110L_23_01	23	01	0	167	16	1	1	Hit	744	16-first/ABOAT16.jpg	ABOAT16.jpg	SPACE	786	SPACE
1447184857269	0	lts_1110L_23_01	23	01	0	168	0	0	0	CR	MAX	tuba1.jpg	tuba1.jpg	NOKEY	MAX	NOKEY
1447184858789	0	lts_1110L_23_01	23	01	0	169	0	0	1	FA	1030	jumpmattress.jpg	jumpmattress.jpg	SPACE	1070	NOKEY
1447184861882	0	lts_1110L_23_01	23	01	0	170	0	0	0	CR	MAX	32/AARTBERRI.jpg	AARTBERRI.jpg	NOKEY	MAX	NOKEY
1447184862868	0	lts_1110L_23_01	23	01	0	171	4	1	1	Hit	504	4-mul/ABOAT16.jpg	ABOAT16.jpg	SPACE	552	SPACE
1447184865944	0	lts_1110L_23_01	23	01	0	172	0	0	0	CR	MAX	32/8074514.thl.jpg	8074514.thl.jpg	NOKEY	MAX	NOKEY
1447184869022	0	lts_1110L_23_01	23	01	0	173	0	0	0	CR	MAX	ABOWCASE.jpg	ABOWCASE.jpg	NOKEY	MAX	NOKEY
1447184870175	0	lts_1110L_23_01	23	01	0	174	32	1	1	Hit	673	32-6/AGUIRA.jpg	AGUIRA.jpg	SPACE	718	SPACE
1447184873268	0	lts_1110L_23_01	23	01	0	175	0	0	0	CR	MAX	carbattery.jpg	carbattery.jpg	NOKEY	MAX	NOKEY
1447184876361	0	lts_1110L_23_01	23	01	0	176	0	0	0	CR	MAX	26375982.thl.jpg	26375982.thl.jpg	NOKEY	MAX	NOKEY
1447184878434	0	lts_1110L_23_01	23	01	0	177	0	0	1	FA	1592	Arecyclingbox.jpg	Arecyclingbox.jpg	SPACE	1638	NOKEY
1447184879487	0	lts_1110L_23_01	23	01	0	178	16	1	1	Hit	573	16-first/Atoywheels.jpg	Atoywheels.jpg	SPACE	619	SPACE
1447184882580	0	lts_1110L_23_01	23	01	0	179	0	0	0	CR	MAX	8048786.thl.jpg	8048786.thl.jpg	NOKEY	MAX	NOKEY
1447184883583	0	lts_1110L_23_01	23	01	0	180	2	1	1	Hit	532	2-mul/Atoywheels.jpg	Atoywheels.jpg	SPACE	569	SPACE
1447184886659	0	lts_1110L_23_01	23	01	0	181	0	0	0	CR	MAX	Achipboard.jpg	Achipboard.jpg	NOKEY	MAX	NOKEY
1447184889735	0	lts_1110L_23_01	23	01	0	182	0	0	0	CR	MAX	AEXPERIM3.jpg	AEXPERIM3.jpg	NOKEY	MAX	NOKEY
1447184892827	0	lts_1110L_23_01	23	01	0	183	0	0	0	CR	MAX	AKNIFECOL.jpg	AKNIFECOL.jpg	NOKEY	MAX	NOKEY
1447184895903	0	lts_1110L_23_01	23	01	0	184	0	0	0	CR	MAX	26374787.thl.jpg	26374787.thl.jpg	NOKEY	MAX	NOKEY
1447184897091	0	lts_1110L_23_01	23	01	0	185	32	1	1	Hit	717	32-9/ALAB13.jpg	ALAB13.jpg	SPACE	754	SPACE
1447184900183	0	lts_1110L_23_01	23	01	0	186	0	0	0	CR	MAX	2/ACLARINE5.jpg	ACLARINE5.jpg	NOKEY	MAX	NOKEY
1447184903260	0	lts_1110L_23_01	23	01	0	187	0	0	0	CR	MAX	26379570.thl.jpg	26379570.thl.jpg	NOKEY	MAX	NOKEY
1447184904212	0	lts_1110L_23_01	23	01	0	188	2	1	1	Hit	467	2-1/ACLARINE5.jpg	ACLARINE5.jpg	SPACE	517	SPACE
1447184907305	0	lts_1110L_23_01	23	01	0	189	0	0	0	CR	MAX	2/baseballbat04.jpg	baseballbat04.jpg	NOKEY	MAX	NOKEY
1447184910398	0	lts_1110L_23_01	23	01	0	190	0	0	0	CR	MAX	128/ACHEEGRA3.jpg	ACHEEGRA3.jpg	NOKEY	MAX	NOKEY
1447184911401	0	lts_1110L_23_01	23	01	0	191	2	1	1	Hit	528	2-4/baseballbat04.jpg	baseballbat04.jpg	SPACE	568	SPACE
1447184914477	0	lts_1110L_23_01	23	01	0	192	0	0	0	CR	MAX	AATOMODEL.jpg	AATOMODEL.jpg	NOKEY	MAX	NOKEY
1447184917553	0	lts_1110L_23_01	23	01	0	193	0	0	0	CR	MAX	ABLACSUI3.jpg	ABLACSUI3.jpg	NOKEY	MAX	NOKEY
1447184920646	0	lts_1110L_23_01	23	01	0	194	0	0	0	CR	MAX	AWATERFL3.jpg	AWATERFL3.jpg	NOKEY	MAX	NOKEY
1447184923722	0	lts_1110L_23_01	23	01	0	195	0	0	0	CR	MAX	ACOATHA44.jpg	ACOATHA44.jpg	NOKEY	MAX	NOKEY
1447184926797	0	lts_1110L_23_01	23	01	0	196	0	0	0	CR	MAX	23048010.thl.jpg	23048010.thl.jpg	NOKEY	MAX	NOKEY
1447184927867	0	lts_1110L_23_01	23	01	0	197	128	1	1	Hit	593	128-6/26420893.thl.jpg	26420893.thl.jpg	SPACE	636	SPACE
1447184930943	0	lts_1110L_23_01	23	01	0	198	0	0	0	CR	MAX	2/26772824.thl.jpg	26772824.thl.jpg	NOKEY	MAX	NOKEY
1447184934037	0	lts_1110L_23_01	23	01	0	199	0	0	0	CR	MAX	16/Asharktoy.jpg	Asharktoy.jpg	NOKEY	MAX	NOKEY
1447184935040	0	lts_1110L_23_01	23	01	0	200	2	1	1	Hit	528	2-10/26772824.thl.jpg	26772824.thl.jpg	SPACE	568	SPACE
1447184938133	0	lts_1110L_23_01	23	01	0	201	0	0	0	CR	MAX	ACREPMAK3.jpg	ACREPMAK3.jpg	NOKEY	MAX	NOKEY
1447184939286	0	lts_1110L_23_01	23	01	0	202	32	1	1	Hit	682	32-8/AARTBERRI.jpg	AARTBERRI.jpg	SPACE	718	SPACE
1447184942379	0	lts_1110L_23_01	23	01	0	203	0	0	0	CR	MAX	Abottleopener.jpg	Abottleopener.jpg	NOKEY	MAX	NOKEY
1447184943432	0	lts_1110L_23_01	23	01	0	204	32	1	1	Hit	576	32-0/8074514.thl.jpg	8074514.thl.jpg	SPACE	618	SPACE
1447184946525	0	lts_1110L_23_01	23	01	0	205	0	0	0	CR	MAX	AELECOVER.jpg	AELECOVER.jpg	NOKEY	MAX	NOKEY
1447184949601	0	lts_1110L_23_01	23	01	0	206	0	0	0	CR	MAX	Acanoe19.jpg	Acanoe19.jpg	NOKEY	MAX	NOKEY
1447184952694	0	lts_1110L_23_01	23	01	0	207	0	0	0	CR	MAX	Alighthouse6.jpg	Alighthouse6.jpg	NOKEY	MAX	NOKEY
1447184953830	0	lts_1110L_23_01	23	01	0	208	64	1	1	Hit	664	64-first/ASTOOL.jpg	ASTOOL.jpg	SPACE	703	SPACE
1447184955486	0	lts_1110L_23_01	23	01	0	209	0	0	1	FA	1162	Atool129.jpg	Atool129.jpg	SPACE	1205	NOKEY
1447184958579	0	lts_1110L_23_01	23	01	0	210	0	0	0	CR	MAX	AANTLION2.jpg	AANTLION2.jpg	NOKEY	MAX	NOKEY
1447184960551	0	lts_1110L_23_01	23	01	0	211	0	0	1	FA	1479	Ascientificm2.jpg	Ascientificm2.jpg	SPACE	1521	NOKEY
1447184961521	0	lts_1110L_23_01	23	01	0	212	4	1	1	Hit	492	4-mul/ASTOOL.jpg	ASTOOL.jpg	SPACE	535	SPACE
1447184964614	0	lts_1110L_23_01	23	01	0	213	0	0	0	CR	MAX	16/Achair485.jpg	Achair485.jpg	NOKEY	MAX	NOKEY
1447184965115	0	lts_1110L_23_01	23	01	0	214	0	0	1	FA	32	AGRILL1.jpg	AGRILL1.jpg	SPACE	67	NOKEY
1447184967822	0	lts_1110L_23_01	23	01	0	215	16	1	1	Hit	2232	16-first/Asharktoy.jpg	Asharktoy.jpg	SPACE	2273	SPACE
1447184970915	0	lts_1110L_23_01	23	01	0	216	0	0	0	CR	MAX	APARKBENC.jpg	APARKBENC.jpg	NOKEY	MAX	NOKEY
1447184974009	0	lts_1110L_23_01	23	01	0	217	0	0	0	CR	MAX	2/Aribbon21.jpg	Aribbon21.jpg	NOKEY	MAX	NOKEY
1447184977085	0	lts_1110L_23_01	23	01	0	218	0	0	0	CR	MAX	128/ACANOPEN6.jpg	ACANOPEN6.jpg	NOKEY	MAX	NOKEY
1447184978071	0	lts_1110L_23_01	23	01	0	219	2	1	1	Hit	508	2-5/Aribbon21.jpg	Aribbon21.jpg	SPACE	551	SPACE
1447184981148	0	lts_1110L_23_01	23	01	0	220	0	0	0	CR	MAX	1/AELECRAZ7.jpg	AELECRAZ7.jpg	NOKEY	MAX	NOKEY
1447184982151	0	lts_1110L_23_01	23	01	0	221	1	1	1	Hit	531	1-13/AELECRAZ7.jpg	AELECRAZ7.jpg	SPACE	568	SPACE
1447184985243	0	lts_1110L_23_01	23	01	0	222	0	0	0	CR	MAX	2/sardines.jpg	sardines.jpg	NOKEY	MAX	NOKEY
1447184988336	0	lts_1110L_23_01	23	01	0	223	0	0	0	CR	MAX	imate.jpg	imate.jpg	NOKEY	MAX	NOKEY
1447184989456	0	lts_1110L_23_01	23	01	0	224	2	1	1	Hit	641	2-12/sardines.jpg	sardines.jpg	SPACE	685	SPACE
1447184992549	0	lts_1110L_23_01	23	01	0	225	0	0	0	CR	MAX	AMILPANS2.jpg	AMILPANS2.jpg	NOKEY	MAX	NOKEY
1447184995625	0	lts_1110L_23_01	23	01	0	226	0	0	0	CR	MAX	APEPPSHA4.jpg	APEPPSHA4.jpg	NOKEY	MAX	NOKEY
1447184996978	0	lts_1110L_23_01	23	01	0	227	0	0	1	FA	860	Aladder2.jpg	Aladder2.jpg	SPACE	903	NOKEY
1447185000072	0	lts_1110L_23_01	23	01	0	228	0	0	0	CR	MAX	Abuilding5.jpg	Abuilding5.jpg	NOKEY	MAX	NOKEY
1447185001125	0	lts_1110L_23_01	23	01	0	229	16	1	1	Hit	577	16-1/Achair485.jpg	Achair485.jpg	SPACE	619	SPACE
1447185004218	0	lts_1110L_23_01	23	01	0	230	0	0	0	CR	MAX	4/ADARKLAMP.jpg	ADARKLAMP.jpg	NOKEY	MAX	NOKEY
1447185005271	0	lts_1110L_23_01	23	01	0	231	16	1	1	Hit	569	16-mul/Asharktoy.jpg	Asharktoy.jpg	SPACE	618	SPACE
1447185008347	0	lts_1110L_23_01	23	01	0	232	0	0	0	CR	MAX	Acanadagoose.jpg	Acanadagoose.jpg	NOKEY	MAX	NOKEY
1447185011423	0	lts_1110L_23_01	23	01	0	233	0	0	0	CR	MAX	ACARMON.jpg	ACARMON.jpg	NOKEY	MAX	NOKEY
1447185012426	0	lts_1110L_23_01	23	01	0	234	4	1	1	Hit	532	4-5/ADARKLAMP.jpg	ADARKLAMP.jpg	SPACE	568	SPACE
1447185015553	0	lts_1110L_23_01	23	01	0	235	0	0	0	CR	MAX	golf-ball.JPG	golf-ball.JPG	NOKEY	MAX	NOKEY
1447185018629	0	lts_1110L_23_01	23	01	0	236	0	0	0	CR	MAX	AKEYHOL10.jpg	AKEYHOL10.jpg	NOKEY	MAX	NOKEY
1447185021722	0	lts_1110L_23_01	23	01	0	237	0	0	0	CR	MAX	Agasblower2.jpg	Agasblower2.jpg	NOKEY	MAX	NOKEY
1447185024813	0	lts_1110L_23_01	23	01	0	238	0	0	0	CR	MAX	AFOUNTAI5.jpg	AFOUNTAI5.jpg	NOKEY	MAX	NOKEY
1447185027906	0	lts_1110L_23_01	23	01	0	239	0	0	0	CR	MAX	4/AAIRGAUGE.jpg	AAIRGAUGE.jpg	NOKEY	MAX	NOKEY
1447185030999	0	lts_1110L_23_01	23	01	0	240	0	0	0	CR	MAX	A25thdec3.jpg	A25thdec3.jpg	NOKEY	MAX	NOKEY
1447185034076	0	lts_1110L_23_01	23	01	0	241	128	1	0	Miss	MAX	128-2/Alintbrush2.jpg	Alintbrush2.jpg	NOKEY	MAX	SPACE
1447185037152	0	lts_1110L_23_01	23	01	0	242	0	0	0	CR	MAX	16/9821274.thl.jpg	9821274.thl.jpg	NOKEY	MAX	NOKEY
1447185038673	0	lts_1110L_23_01	23	01	0	243	4	1	1	Hit	1047	4-6/AAIRGAUGE.jpg	AAIRGAUGE.jpg	SPACE	1087	SPACE
1447185041749	0	lts_1110L_23_01	23	01	0	244	0	0	0	CR	MAX	32/Adecorativet3.jpg	Adecorativet3.jpg	NOKEY	MAX	NOKEY
1447185044841	0	lts_1110L_23_01	23	01	0	245	0	0	0	CR	MAX	strawberrytart.jpg	strawberrytart.jpg	NOKEY	MAX	NOKEY
1447185046096	0	lts_1110L_23_01	23	01	0	246	0	0	1	FA	753	26428682.thl.jpg	26428682.thl.jpg	SPACE	804	NOKEY
1447185049172	0	lts_1110L_23_01	23	01	0	247	128	1	0	Miss	MAX	128-0/8078142.thl.jpg	8078142.thl.jpg	NOKEY	MAX	SPACE
1447185052265	0	lts_1110L_23_01	23	01	0	248	0	0	0	CR	MAX	AMELODEON.jpg	AMELODEON.jpg	NOKEY	MAX	NOKEY
1447185055341	0	lts_1110L_23_01	23	01	0	249	0	0	0	CR	MAX	4555.jpg	4555.jpg	NOKEY	MAX	NOKEY
1447185058417	0	lts_1110L_23_01	23	01	0	250	0	0	0	CR	MAX	64/Acinnamonrol2.jpg	Acinnamonrol2.jpg	NOKEY	MAX	NOKEY
1447185061510	0	lts_1110L_23_01	23	01	0	251	0	0	0	CR	MAX	Akitchenisla4.jpg	Akitchenisla4.jpg	NOKEY	MAX	NOKEY
1447185064586	0	lts_1110L_23_01	23	01	0	252	128	1	0	Miss	MAX	128-3/26379054.thl.jpg	26379054.thl.jpg	NOKEY	MAX	SPACE
1447185067662	0	lts_1110L_23_01	23	01	0	253	0	0	0	CR	MAX	2/Aasianbuildin.jpg	Aasianbuildin.jpg	NOKEY	MAX	NOKEY
1447185070738	0	lts_1110L_23_01	23	01	0	254	0	0	0	CR	MAX	8079436.thl.jpg	8079436.thl.jpg	NOKEY	MAX	NOKEY
1447185071691	0	lts_1110L_23_01	23	01	0	255	2	1	1	Hit	481	2-0/Aasianbuildin.jpg	Aasianbuildin.jpg	SPACE	519	SPACE
1447185074783	0	lts_1110L_23_01	23	01	0	256	0	0	0	CR	MAX	Astonehome.jpg	Astonehome.jpg	NOKEY	MAX	NOKEY
1447185077875	0	lts_1110L_23_01	23	01	0	257	0	0	0	CR	MAX	pinkhoodie.jpg	pinkhoodie.jpg	NOKEY	MAX	NOKEY
1447185078945	0	lts_1110L_23_01	23	01	0	258	16	1	1	Hit	588	16-first/9821274.thl.jpg	9821274.thl.jpg	SPACE	636	SPACE
1447185082022	0	lts_1110L_23_01	23	01	0	259	0	0	0	CR	MAX	64/26384863.thl.jpg	26384863.thl.jpg	NOKEY	MAX	NOKEY
1447185082958	0	lts_1110L_23_01	23	01	0	260	2	1	1	Hit	456	2-mul/9821274.thl.jpg	9821274.thl.jpg	SPACE	501	SPACE
1447185086035	0	lts_1110L_23_01	23	01	0	261	0	0	0	CR	MAX	Abaseballcap.jpg	Abaseballcap.jpg	NOKEY	MAX	NOKEY
1447185089127	0	lts_1110L_23_01	23	01	0	262	0	0	0	CR	MAX	26427903.thl.jpg	26427903.thl.jpg	NOKEY	MAX	NOKEY
1447185092203	0	lts_1110L_23_01	23	01	0	263	0	0	0	CR	MAX	quiche.jpg	quiche.jpg	NOKEY	MAX	NOKEY
1447185095279	0	lts_1110L_23_01	23	01	0	264	0	0	0	CR	MAX	128/A1991CHE7.jpg	A1991CHE7.jpg	NOKEY	MAX	NOKEY
1447185098356	0	lts_1110L_23_01	23	01	0	265	0	0	0	CR	MAX	AFILEFOL4.jpg	AFILEFOL4.jpg	NOKEY	MAX	NOKEY
1447185101448	0	lts_1110L_23_01	23	01	0	266	0	0	0	CR	MAX	1/Acane116.jpg	Acane116.jpg	NOKEY	MAX	NOKEY
1447185102351	0	lts_1110L_23_01	23	01	0	267	1	1	1	Hit	426	1-14/Acane116.jpg	Acane116.jpg	SPACE	467	SPACE
1447185105427	0	lts_1110L_23_01	23	01	0	268	0	0	0	CR	MAX	64/AHYDRANTF.jpg	AHYDRANTF.jpg	NOKEY	MAX	NOKEY
1447185108503	0	lts_1110L_23_01	23	01	0	269	0	0	0	CR	MAX	Aflowerwreat2.jpg	Aflowerwreat2.jpg	NOKEY	MAX	NOKEY
1447185111579	0	lts_1110L_23_01	23	01	0	270	0	0	0	CR	MAX	16/Anotepad9.jpg	Anotepad9.jpg	NOKEY	MAX	NOKEY
1447185114672	0	lts_1110L_23_01	23	01	0	271	0	0	0	CR	MAX	Heatpad.jpg	Heatpad.jpg	NOKEY	MAX	NOKEY
1447185117781	0	lts_1110L_23_01	23	01	0	272	0	0	0	CR	MAX	AARCCHAR2.jpg	AARCCHAR2.jpg	NOKEY	MAX	NOKEY
1447185120857	0	lts_1110L_23_01	23	01	0	273	0	0	0	CR	MAX	8/Ablackleather.jpg	Ablackleather.jpg	NOKEY	MAX	NOKEY
1447185123933	0	lts_1110L_23_01	23	01	0	274	0	0	0	CR	MAX	32/ALAB36.jpg	ALAB36.jpg	NOKEY	MAX	NOKEY
1447185127027	0	lts_1110L_23_01	23	01	0	275	0	0	0	CR	MAX	AGOUDA.jpg	AGOUDA.jpg	NOKEY	MAX	NOKEY
1447185128080	0	lts_1110L_23_01	23	01	0	276	32	1	1	Hit	574	32-7/Adecorativet3.jpg	Adecorativet3.jpg	SPACE	619	SPACE
1447185131156	0	lts_1110L_23_01	23	01	0	277	0	0	0	CR	MAX	2/8055554.thl.jpg	8055554.thl.jpg	NOKEY	MAX	NOKEY
1447185134232	0	lts_1110L_23_01	23	01	0	278	0	0	0	CR	MAX	Abulbprotect2.jpg	Abulbprotect2.jpg	NOKEY	MAX	NOKEY
1447185135235	0	lts_1110L_23_01	23	01	0	279	2	1	1	Hit	527	2-11/8055554.thl.jpg	8055554.thl.jpg	SPACE	568	SPACE
1447185138328	0	lts_1110L_23_01	23	01	0	280	0	0	0	CR	MAX	ASALTPEPP.jpg	ASALTPEPP.jpg	NOKEY	MAX	NOKEY
1447185139448	0	lts_1110L_23_01	23	01	0	281	8	1	1	Hit	646	8-first/Ablackleather.jpg	Ablackleather.jpg	SPACE	686	SPACE
1447185142524	0	lts_1110L_23_01	23	01	0	282	0	0	0	CR	MAX	Adecorativem2.jpg	Adecorativem2.jpg	NOKEY	MAX	NOKEY
1447185145617	0	lts_1110L_23_01	23	01	0	283	0	0	0	CR	MAX	ewok.jpg	ewok.jpg	NOKEY	MAX	NOKEY
1447185148710	0	lts_1110L_23_01	23	01	0	284	0	0	0	CR	MAX	ACUTBOAR2.jpg	ACUTBOAR2.jpg	NOKEY	MAX	NOKEY
1447185151785	0	lts_1110L_23_01	23	01	0	285	0	0	0	CR	MAX	ACOUPLEF2.jpg	ACOUPLEF2.jpg	NOKEY	MAX	NOKEY
1447185152854	0	lts_1110L_23_01	23	01	0	286	16	1	1	Hit	592	16-0/Anotepad9.jpg	Anotepad9.jpg	SPACE	636	SPACE
1447185155931	0	lts_1110L_23_01	23	01	0	287	0	0	0	CR	MAX	1/ABOOTCRA5.jpg	ABOOTCRA5.jpg	NOKEY	MAX	NOKEY
1447185156883	0	lts_1110L_23_01	23	01	0	288	1	1	1	Hit	470	1-3/ABOOTCRA5.jpg	ABOOTCRA5.jpg	SPACE	519	SPACE
1447185159976	0	lts_1110L_23_01	23	01	0	289	0	0	0	CR	MAX	4/Agoldfishina2.jpg	Agoldfishina2.jpg	NOKEY	MAX	NOKEY
1447185161181	0	lts_1110L_23_01	23	01	0	290	0	0	1	FA	716	Aflowerpot9.jpg	Aflowerpot9.jpg	SPACE	752	NOKEY
1447185164274	0	lts_1110L_23_01	23	01	0	291	0	0	0	CR	MAX	D_stove.jpg	D_stove.jpg	NOKEY	MAX	NOKEY
1447185167367	0	lts_1110L_23_01	23	01	0	292	0	0	0	CR	MAX	Apenandcase10.jpg	Apenandcase10.jpg	NOKEY	MAX	NOKEY
1447185168420	0	lts_1110L_23_01	23	01	0	293	4	1	1	Hit	576	4-8/Agoldfishina2.jpg	Agoldfishina2.jpg	SPACE	619	SPACE
1447185171512	0	lts_1110L_23_01	23	01	0	294	0	0	0	CR	MAX	8/ACASSETT2.jpg	ACASSETT2.jpg	NOKEY	MAX	NOKEY
1447185172633	0	lts_1110L_23_01	23	01	0	295	0	0	1	FA	634	ACHINBRB4.jpg	ACHINBRB4.jpg	SPACE	668	NOKEY
1447185175725	0	lts_1110L_23_01	23	01	0	296	0	0	0	CR	MAX	ADUSTER5.jpg	ADUSTER5.jpg	NOKEY	MAX	NOKEY
1447185176761	0	lts_1110L_23_01	23	01	0	297	16	1	1	Hit	563	16-mul/Ablackleather.jpg	Ablackleather.jpg	SPACE	602	SPACE
1447185179854	0	lts_1110L_23_01	23	01	0	298	0	0	0	CR	MAX	hammer01.jpg	hammer01.jpg	NOKEY	MAX	NOKEY
1447185182930	0	lts_1110L_23_01	23	01	0	299	0	0	0	CR	MAX	26379430.thl.jpg	26379430.thl.jpg	NOKEY	MAX	NOKEY
1447185185489	0	lts_1110L_23_01	23	01	0	300	0	0	1	FA	2085	AMEATGR14.jpg	AMEATGR14.jpg	SPACE	2124	NOKEY
1447185188631	0	lts_1110L_23_01	23	01	0	301	0	0	0	CR	MAX	Aashtray67.jpg	Aashtray67.jpg	NOKEY	MAX	NOKEY
1447185189851	0	lts_1110L_23_01	23	01	0	302	8	1	1	Hit	741	8-first/ACASSETT2.jpg	ACASSETT2.jpg	SPACE	786	SPACE
1447185192944	0	lts_1110L_23_01	23	01	0	303	0	0	0	CR	MAX	Abasketandch2.jpg	Abasketandch2.jpg	NOKEY	MAX	NOKEY
1447185193963	0	lts_1110L_23_01	23	01	0	304	2	1	1	Hit	546	2-mul/ACASSETT2.jpg	ACASSETT2.jpg	SPACE	586	SPACE
1447185197057	0	lts_1110L_23_01	23	01	0	305	0	0	0	CR	MAX	AWOODBOX3.jpg	AWOODBOX3.jpg	NOKEY	MAX	NOKEY
1447185198127	0	lts_1110L_23_01	23	01	0	306	32	1	1	Hit	594	32-5/ALAB36.jpg	ALAB36.jpg	SPACE	635	SPACE
1447185201220	0	lts_1110L_23_01	23	01	0	307	0	0	0	CR	MAX	1/Atoyboat10.jpg	Atoyboat10.jpg	NOKEY	MAX	NOKEY
1447185202190	0	lts_1110L_23_01	23	01	0	308	1	1	1	Hit	495	1-2/Atoyboat10.jpg	Atoyboat10.jpg	SPACE	534	SPACE
1447185205282	0	lts_1110L_23_01	23	01	0	309	0	0	0	CR	MAX	1/Asafetyrope.jpg	Asafetyrope.jpg	NOKEY	MAX	NOKEY
1447185206336	0	lts_1110L_23_01	23	01	0	310	1	1	1	Hit	567	1-1/Asafetyrope.jpg	Asafetyrope.jpg	SPACE	617	SPACE
1447185209428	0	lts_1110L_23_01	23	01	0	311	0	0	0	CR	MAX	AFUNNEL4.jpg	AFUNNEL4.jpg	NOKEY	MAX	NOKEY
1447185212521	0	lts_1110L_23_01	23	01	0	312	0	0	0	CR	MAX	M15589.jpg	M15589.jpg	NOKEY	MAX	NOKEY
1447185215597	0	lts_1110L_23_01	23	01	0	313	0	0	0	CR	MAX	Aspokesfaste2.jpg	Aspokesfaste2.jpg	NOKEY	MAX	NOKEY
1447185216667	0	lts_1110L_23_01	23	01	0	314	64	1	1	Hit	593	64-first/Acinnamonrol2.jpg	Acinnamonrol2.jpg	SPACE	635	SPACE
1447185219743	0	lts_1110L_23_01	23	01	0	315	0	0	0	CR	MAX	Agarlicclove2.jpg	Agarlicclove2.jpg	NOKEY	MAX	NOKEY
1447185222818	0	lts_1110L_23_01	23	01	0	316	0	0	0	CR	MAX	64/ASATELLIT.jpg	ASATELLIT.jpg	NOKEY	MAX	NOKEY
1447185225911	0	lts_1110L_23_01	23	01	0	317	0	0	0	CR	MAX	128/ACARDFRA2.jpg	ACARDFRA2.jpg	NOKEY	MAX	NOKEY
1447185227132	0	lts_1110L_23_01	23	01	0	318	128	1	1	Hit	750	128-5/ACHEEGRA3.jpg	ACHEEGRA3.jpg	SPACE	786	SPACE
1447185230225	0	lts_1110L_23_01	23	01	0	319	0	0	0	CR	MAX	1/Apersonsfoot.jpg	Apersonsfoot.jpg	NOKEY	MAX	NOKEY
1447185231195	0	lts_1110L_23_01	23	01	0	320	1	1	1	Hit	490	1-6/Apersonsfoot.jpg	Apersonsfoot.jpg	SPACE	534	SPACE
1447185234288	0	lts_1110L_23_01	23	01	0	321	0	0	0	CR	MAX	Agolfplaque.jpg	Agolfplaque.jpg	NOKEY	MAX	NOKEY
1447185237364	0	lts_1110L_23_01	23	01	0	322	0	0	0	CR	MAX	AELECTHE4.jpg	AELECTHE4.jpg	NOKEY	MAX	NOKEY
1447185238417	0	lts_1110L_23_01	23	01	0	323	64	1	1	Hit	570	64-first/26384863.thl.jpg	26384863.thl.jpg	SPACE	618	SPACE
1447185241510	0	lts_1110L_23_01	23	01	0	324	0	0	0	CR	MAX	22858860.thl.jpg	22858860.thl.jpg	NOKEY	MAX	NOKEY
1447185242463	0	lts_1110L_23_01	23	01	0	325	2	1	1	Hit	472	2-mul/26384863.thl.jpg	26384863.thl.jpg	SPACE	518	SPACE
1447185245555	0	lts_1110L_23_01	23	01	0	326	0	0	0	CR	MAX	confettipopper.jpg	confettipopper.jpg	NOKEY	MAX	NOKEY
1447185247628	0	lts_1110L_23_01	23	01	0	327	0	0	1	FA	1603	Aclockradio4.jpg	Aclockradio4.jpg	SPACE	1638	NOKEY
1447185250721	0	lts_1110L_23_01	23	01	0	328	0	0	0	CR	MAX	10049193.thl.jpg	10049193.thl.jpg	NOKEY	MAX	NOKEY
1447185253796	0	lts_1110L_23_01	23	01	0	329	0	0	0	CR	MAX	8/labyrinthe.jpg	labyrinthe.jpg	NOKEY	MAX	NOKEY
1447185254766	0	lts_1110L_23_01	23	01	0	330	16	1	1	Hit	492	16-mul/Acinnamonrol2.jpg	Acinnamonrol2.jpg	SPACE	536	SPACE
1447185257859	0	lts_1110L_23_01	23	01	0	331	0	0	0	CR	MAX	8020200.thl.jpg	8020200.thl.jpg	NOKEY	MAX	NOKEY
1447185259097	0	lts_1110L_23_01	23	01	0	332	64	1	1	Hit	752	64-first/AHYDRANTF.jpg	AHYDRANTF.jpg	SPACE	804	SPACE
1447185262173	0	lts_1110L_23_01	23	01	0	333	0	0	0	CR	MAX	ADRIARRA2.jpg	ADRIARRA2.jpg	NOKEY	MAX	NOKEY
1447185263944	0	lts_1110L_23_01	23	01	0	334	0	0	1	FA	1281	Aancientbuild.jpg	Aancientbuild.jpg	SPACE	1321	NOKEY
1447185267038	0	lts_1110L_23_01	23	01	0	335	0	0	0	CR	MAX	23025535.thl.jpg	23025535.thl.jpg	NOKEY	MAX	NOKEY
1447185270130	0	lts_1110L_23_01	23	01	0	336	0	0	0	CR	MAX	APALLETT2.jpg	APALLETT2.jpg	NOKEY	MAX	NOKEY
1447185271184	0	lts_1110L_23_01	23	01	0	337	8	1	1	Hit	575	8-0/labyrinthe.jpg	labyrinthe.jpg	SPACE	618	SPACE
1447185274260	0	lts_1110L_23_01	23	01	0	338	0	0	0	CR	MAX	2/22855236.thl.jpg	22855236.thl.jpg	NOKEY	MAX	NOKEY
1447185277353	0	lts_1110L_23_01	23	01	0	339	0	0	0	CR	MAX	4/AKNEEBRA2.jpg	AKNEEBRA2.jpg	NOKEY	MAX	NOKEY
1447185278322	0	lts_1110L_23_01	23	01	0	340	2	1	1	Hit	496	2-3/22855236.thl.jpg	22855236.thl.jpg	SPACE	534	SPACE
1447185281398	0	lts_1110L_23_01	23	01	0	341	0	0	0	CR	MAX	8020347.thl.jpg	8020347.thl.jpg	NOKEY	MAX	NOKEY
1447185284474	0	lts_1110L_23_01	23	01	0	342	0	0	0	CR	MAX	8/23019499.thl.jpg	23019499.thl.jpg	NOKEY	MAX	NOKEY
1447185285645	0	lts_1110L_23_01	23	01	0	343	4	1	1	Hit	692	4-3/AKNEEBRA2.jpg	AKNEEBRA2.jpg	SPACE	735	SPACE
1447185288737	0	lts_1110L_23_01	23	01	0	344	0	0	0	CR	MAX	ACRICKET2.jpg	ACRICKET2.jpg	NOKEY	MAX	NOKEY
1447185290025	0	lts_1110L_23_01	23	01	0	345	0	0	1	FA	817	26429123.thl.jpg	26429123.thl.jpg	SPACE	852	NOKEY
1447185293101	0	lts_1110L_23_01	23	01	0	346	128	1	0	Miss	MAX	128-1/ACANOPEN6.jpg	ACANOPEN6.jpg	NOKEY	MAX	SPACE
1447185296177	0	lts_1110L_23_01	23	01	0	347	0	0	0	CR	MAX	Apilldispens3.jpg	Apilldispens3.jpg	NOKEY	MAX	NOKEY
1447185297146	0	lts_1110L_23_01	23	01	0	348	16	1	1	Hit	495	16-mul/AHYDRANTF.jpg	AHYDRANTF.jpg	SPACE	535	SPACE
1447185300239	0	lts_1110L_23_01	23	01	0	349	0	0	0	CR	MAX	8/turnip.jpg	turnip.jpg	NOKEY	MAX	NOKEY
1447185301342	0	lts_1110L_23_01	23	01	0	350	8	1	1	Hit	624	8-first/23019499.thl.jpg	23019499.thl.jpg	SPACE	667	SPACE
1447185304419	0	lts_1110L_23_01	23	01	0	351	0	0	0	CR	MAX	4/AHEARTSPO.jpg	AHEARTSPO.jpg	NOKEY	MAX	NOKEY
1447185307495	0	lts_1110L_23_01	23	01	0	352	0	0	0	CR	MAX	8056402.thl.jpg	8056402.thl.jpg	NOKEY	MAX	NOKEY
1447185310587	0	lts_1110L_23_01	23	01	0	353	0	0	0	CR	MAX	Astroboscope5.jpg	Astroboscope5.jpg	NOKEY	MAX	NOKEY
1447185313664	0	lts_1110L_23_01	23	01	0	354	0	0	0	CR	MAX	8054039.thl.jpg	8054039.thl.jpg	NOKEY	MAX	NOKEY
1447185314883	0	lts_1110L_23_01	23	01	0	355	4	1	1	Hit	743	4-2/AHEARTSPO.jpg	AHEARTSPO.jpg	SPACE	786	SPACE
1447185317976	0	lts_1110L_23_01	23	01	0	356	0	0	0	CR	MAX	Afloppydisk6.jpg	Afloppydisk6.jpg	NOKEY	MAX	NOKEY
1447185319013	0	lts_1110L_23_01	23	01	0	357	8	1	1	Hit	558	8-first/turnip.jpg	turnip.jpg	SPACE	603	SPACE
1447185322089	0	lts_1110L_23_01	23	01	0	358	0	0	0	CR	MAX	1/Aelasticbands.jpg	Aelasticbands.jpg	NOKEY	MAX	NOKEY
1447185322958	0	lts_1110L_23_01	23	01	0	359	1	1	1	Hit	399	1-11/Aelasticbands.jpg	Aelasticbands.jpg	SPACE	434	SPACE
1447185326035	0	lts_1110L_23_01	23	01	0	360	0	0	0	CR	MAX	10052787.thm.jpg	10052787.thm.jpg	NOKEY	MAX	NOKEY
1447185327121	0	lts_1110L_23_01	23	01	0	361	4	1	1	Hit	612	4-mul/turnip.jpg	turnip.jpg	SPACE	652	SPACE
1447185330214	0	lts_1110L_23_01	23	01	0	362	0	0	0	CR	MAX	AANTOAST3.jpg	AANTOAST3.jpg	NOKEY	MAX	NOKEY
1447185333307	0	lts_1110L_23_01	23	01	0	363	0	0	0	CR	MAX	ASLIDVIE2.jpg	ASLIDVIE2.jpg	NOKEY	MAX	NOKEY
1447185336383	0	lts_1110L_23_01	23	01	0	364	0	0	0	CR	MAX	ABROOCH52.jpg	ABROOCH52.jpg	NOKEY	MAX	NOKEY
1447185339459	0	lts_1110L_23_01	23	01	0	365	0	0	0	CR	MAX	teepee.jpg	teepee.jpg	NOKEY	MAX	NOKEY
1447185340495	0	lts_1110L_23_01	23	01	0	366	16	1	1	Hit	567	16-mul/23019499.thl.jpg	23019499.thl.jpg	SPACE	601	SPACE
1447185343572	0	lts_1110L_23_01	23	01	0	367	0	0	0	CR	MAX	1/22886412.thl.jpg	22886412.thl.jpg	NOKEY	MAX	NOKEY
1447185346648	0	lts_1110L_23_01	23	01	0	368	1	1	0	Miss	MAX	1-5/22886412.thl.jpg	22886412.thl.jpg	NOKEY	MAX	SPACE
1447185349740	0	lts_1110L_23_01	23	01	0	369	0	0	0	CR	MAX	4/Aplastictestt.jpg	Aplastictestt.jpg	NOKEY	MAX	NOKEY
1447185352816	0	lts_1110L_23_01	23	01	0	370	0	0	0	CR	MAX	Abuilding116.jpg	Abuilding116.jpg	NOKEY	MAX	NOKEY
1447185355908	0	lts_1110L_23_01	23	01	0	371	0	0	0	CR	MAX	Atoyball.jpg	Atoyball.jpg	NOKEY	MAX	NOKEY
1447185358984	0	lts_1110L_23_01	23	01	0	372	0	0	0	CR	MAX	Aclamp58.jpg	Aclamp58.jpg	NOKEY	MAX	NOKEY
1447185362061	0	lts_1110L_23_01	23	01	0	373	4	1	0	Miss	MAX	4-1/Aplastictestt.jpg	Aplastictestt.jpg	NOKEY	MAX	SPACE
1447185365137	0	lts_1110L_23_01	23	01	0	374	0	0	0	CR	MAX	ATIE16.jpg	ATIE16.jpg	NOKEY	MAX	NOKEY
1447185368213	0	lts_1110L_23_01	23	01	0	375	0	0	0	CR	MAX	origami.jpg	origami.jpg	NOKEY	MAX	NOKEY
1447185371289	0	lts_1110L_23_01	23	01	0	376	0	0	0	CR	MAX	Aspinningwhe2.jpg	Aspinningwhe2.jpg	NOKEY	MAX	NOKEY
1447185374382	0	lts_1110L_23_01	23	01	0	377	0	0	0	CR	MAX	1/22857084.thl.jpg	22857084.thl.jpg	NOKEY	MAX	NOKEY
1447185375335	0	lts_1110L_23_01	23	01	0	378	1	1	1	Hit	472	1-4/22857084.thl.jpg	22857084.thl.jpg	SPACE	517	SPACE
1447185378428	0	lts_1110L_23_01	23	01	0	379	0	0	0	CR	MAX	64/Acamcorde.jpg	Acamcorde.jpg	NOKEY	MAX	NOKEY
1447185379531	0	lts_1110L_23_01	23	01	0	380	64	1	1	Hit	629	64-first/ASATELLIT.jpg	ASATELLIT.jpg	SPACE	668	SPACE
1447185382608	0	lts_1110L_23_01	23	01	0	381	0	0	0	CR	MAX	AELEAGEN3.jpg	AELEAGEN3.jpg	NOKEY	MAX	NOKEY
1447185385700	0	lts_1110L_23_01	23	01	0	382	0	0	0	CR	MAX	1/AARTIFLE2.jpg	AARTIFLE2.jpg	NOKEY	MAX	NOKEY
1447185386586	0	lts_1110L_23_01	23	01	0	383	1	1	1	Hit	410	1-0/AARTIFLE2.jpg	AARTIFLE2.jpg	SPACE	451	SPACE
1447185389679	0	lts_1110L_23_01	23	01	0	384	0	0	0	CR	MAX	4/26420979.thl.jpg	26420979.thl.jpg	NOKEY	MAX	NOKEY
1447185392771	0	lts_1110L_23_01	23	01	0	385	0	0	0	CR	MAX	ATHERMO12.jpg	ATHERMO12.jpg	NOKEY	MAX	NOKEY
1447185395864	0	lts_1110L_23_01	23	01	0	386	8	1	0	Miss	MAX	8/QD-HEad.jpg	QD-HEad.jpg	NOKEY	MAX	SPACE
1447185397135	0	lts_1110L_23_01	23	01	0	387	0	0	1	FA	779	Acow60.jpg	Acow60.jpg	SPACE	820	NOKEY
1447185399743	0	lts_1110L_23_01	23	01	0	388	4	1	1	Hit	2126	4-10/26420979.thl.jpg	26420979.thl.jpg	SPACE	2173	SPACE
1447185402835	0	lts_1110L_23_01	23	01	0	389	0	0	0	CR	MAX	ABIKLIGHT.jpg	ABIKLIGHT.jpg	NOKEY	MAX	NOKEY
1447185405928	0	lts_1110L_23_01	23	01	0	390	0	0	0	CR	MAX	pajamas.jpg	pajamas.jpg	NOKEY	MAX	NOKEY
1447185409005	0	lts_1110L_23_01	23	01	0	391	0	0	0	CR	MAX	16/Abowl74.jpg	Abowl74.jpg	NOKEY	MAX	NOKEY
1447185410041	0	lts_1110L_23_01	23	01	0	392	128	1	1	Hit	561	128-4/A1991CHE7.jpg	A1991CHE7.jpg	SPACE	602	SPACE
1447185413117	0	lts_1110L_23_01	23	01	0	393	0	0	0	CR	MAX	Abottleofbat2.jpg	Abottleofbat2.jpg	NOKEY	MAX	NOKEY
1447185414204	0	lts_1110L_23_01	23	01	0	394	8	1	1	Hit	613	8-first/QD-HEad.jpg	QD-HEad.jpg	SPACE	651	SPACE
1447185417280	0	lts_1110L_23_01	23	01	0	395	0	0	0	CR	MAX	ABACCAMEL.jpg	ABACCAMEL.jpg	NOKEY	MAX	NOKEY
1447185418266	0	lts_1110L_23_01	23	01	0	396	16	1	1	Hit	502	16-mul/ASATELLIT.jpg	ASATELLIT.jpg	SPACE	550	SPACE
1447185421342	0	lts_1110L_23_01	23	01	0	397	0	0	0	CR	MAX	ANECTARI3.jpg	ANECTARI3.jpg	NOKEY	MAX	NOKEY
1447185422346	0	lts_1110L_23_01	23	01	0	398	4	1	1	Hit	520	4-mul/QD-HEad.jpg	QD-HEad.jpg	SPACE	567	SPACE
1447185425438	0	lts_1110L_23_01	23	01	0	399	0	0	0	CR	MAX	4/Ajuicer9.jpg	Ajuicer9.jpg	NOKEY	MAX	NOKEY
1447185427043	0	lts_1110L_23_01	23	01	0	400	0	0	1	FA	1121	AHIBACHI.jpg	AHIBACHI.jpg	SPACE	1170	NOKEY
1447185430136	0	lts_1110L_23_01	23	01	0	401	0	0	0	CR	MAX	AMEAT2.jpg	AMEAT2.jpg	NOKEY	MAX	NOKEY
1447185433212	0	lts_1110L_23_01	23	01	0	402	0	0	0	CR	MAX	Afilmnegativ2.jpg	Afilmnegativ2.jpg	NOKEY	MAX	NOKEY
1447185434265	0	lts_1110L_23_01	23	01	0	403	4	1	1	Hit	568	4-11/Ajuicer9.jpg	Ajuicer9.jpg	SPACE	617	SPACE
1447185437358	0	lts_1110L_23_01	23	01	0	404	0	0	0	CR	MAX	ball8.JPG	ball8.JPG	NOKEY	MAX	NOKEY
1447185440434	0	lts_1110L_23_01	23	01	0	405	0	0	0	CR	MAX	8022057.thl.jpg	8022057.thl.jpg	NOKEY	MAX	NOKEY
1447185443510	0	lts_1110L_23_01	23	01	0	406	0	0	0	CR	MAX	AFLAMEXTI.jpg	AFLAMEXTI.jpg	NOKEY	MAX	NOKEY
1447185444563	0	lts_1110L_23_01	23	01	0	407	16	1	1	Hit	574	16-first/Abowl74.jpg	Abowl74.jpg	SPACE	618	SPACE
1447185447656	0	lts_1110L_23_01	23	01	0	408	0	0	0	CR	MAX	1/Ainflatablem6.jpg	Ainflatablem6.jpg	NOKEY	MAX	NOKEY
1447185448526	0	lts_1110L_23_01	23	01	0	409	1	1	1	Hit	396	1-10/Ainflatablem6.jpg	Ainflatablem6.jpg	SPACE	434	SPACE
1447185451602	0	lts_1110L_23_01	23	01	0	410	0	0	0	CR	MAX	26554952.thl.jpg	26554952.thl.jpg	NOKEY	MAX	NOKEY
1447185452588	0	lts_1110L_23_01	23	01	0	411	4	1	1	Hit	508	4-mul/Abowl74.jpg	Abowl74.jpg	SPACE	552	SPACE
1447185455664	0	lts_1110L_23_01	23	01	0	412	0	0	0	CR	MAX	Asaturn.jpg	Asaturn.jpg	NOKEY	MAX	NOKEY
1447185458740	0	lts_1110L_23_01	23	01	0	413	0	0	0	CR	MAX	2/Aavocado7.jpg	Aavocado7.jpg	NOKEY	MAX	NOKEY
1447185461832	0	lts_1110L_23_01	23	01	0	414	0	0	0	CR	MAX	26423477.thl.jpg	26423477.thl.jpg	NOKEY	MAX	NOKEY
1447185462702	0	lts_1110L_23_01	23	01	0	415	2	1	1	Hit	390	2-7/Aavocado7.jpg	Aavocado7.jpg	SPACE	436	SPACE
1447185465777	0	lts_1110L_23_01	23	01	0	416	0	0	0	CR	MAX	2/ADIRECSI3.jpg	ADIRECSI3.jpg	NOKEY	MAX	NOKEY
1447185468853	0	lts_1110L_23_01	23	01	0	417	0	0	0	CR	MAX	Aprintingpre5.jpg	Aprintingpre5.jpg	NOKEY	MAX	NOKEY
1447185469923	0	lts_1110L_23_01	23	01	0	418	2	1	1	Hit	600	2-2/ADIRECSI3.jpg	ADIRECSI3.jpg	SPACE	636	SPACE
1447185472999	0	lts_1110L_23_01	23	01	0	419	0	0	0	CR	MAX	26687325.thl.jpg	26687325.thl.jpg	NOKEY	MAX	NOKEY
1447185476076	0	lts_1110L_23_01	23	01	0	420	0	0	0	CR	MAX	16/Abagofpaperfl.jpg	Abagofpaperfl.jpg	NOKEY	MAX	NOKEY
1447185479169	0	lts_1110L_23_01	23	01	0	421	0	0	0	CR	MAX	Adecorati133.jpg	Adecorati133.jpg	NOKEY	MAX	NOKEY
1447185482262	0	lts_1110L_23_01	23	01	0	422	0	0	0	CR	MAX	2/Apineapple3.jpg	Apineapple3.jpg	NOKEY	MAX	NOKEY
1447185485355	0	lts_1110L_23_01	23	01	0	423	0	0	0	CR	MAX	Arockingchai5.jpg	Arockingchai5.jpg	NOKEY	MAX	NOKEY
1447185486291	0	lts_1110L_23_01	23	01	0	424	2	1	1	Hit	461	2-6/Apineapple3.jpg	Apineapple3.jpg	SPACE	501	SPACE
1447185489367	0	lts_1110L_23_01	23	01	0	425	0	0	0	CR	MAX	8/Aalligator4.jpg	Aalligator4.jpg	NOKEY	MAX	NOKEY
1447185492460	0	lts_1110L_23_01	23	01	0	426	0	0	0	CR	MAX	AAEROBENC.jpg	AAEROBENC.jpg	NOKEY	MAX	NOKEY
1447185495536	0	lts_1110L_23_01	23	01	0	427	0	0	0	CR	MAX	AORGAN.jpg	AORGAN.jpg	NOKEY	MAX	NOKEY
1447185498629	0	lts_1110L_23_01	23	01	0	428	0	0	0	CR	MAX	AFIRSTA15.jpg	AFIRSTA15.jpg	NOKEY	MAX	NOKEY
1447185501721	0	lts_1110L_23_01	23	01	0	429	0	0	0	CR	MAX	sportsbasket.jpg	sportsbasket.jpg	NOKEY	MAX	NOKEY
1447185504813	0	lts_1110L_23_01	23	01	0	430	0	0	0	CR	MAX	AMAGTABL3.jpg	AMAGTABL3.jpg	NOKEY	MAX	NOKEY
1447185507906	0	lts_1110L_23_01	23	01	0	431	0	0	0	CR	MAX	AMUSIHORN.jpg	AMUSIHORN.jpg	NOKEY	MAX	NOKEY
1447185510982	0	lts_1110L_23_01	23	01	0	432	0	0	0	CR	MAX	AWATERJU3.jpg	AWATERJU3.jpg	NOKEY	MAX	NOKEY
1447185511952	0	lts_1110L_23_01	23	01	0	433	8	1	1	Hit	499	8-2/Aalligator4.jpg	Aalligator4.jpg	SPACE	535	SPACE
1447185515045	0	lts_1110L_23_01	23	01	0	434	0	0	0	CR	MAX	Atoyhelicopte.jpg	Atoyhelicopte.jpg	NOKEY	MAX	NOKEY
1447185517252	0	lts_1110L_23_01	23	01	0	435	0	0	1	FA	1722	26432217.thl.jpg	26432217.thl.jpg	SPACE	1771	NOKEY
1447185518372	0	lts_1110L_23_01	23	01	0	436	16	1	1	Hit	634	16-first/Abagofpaperfl.jpg	Abagofpaperfl.jpg	SPACE	684	SPACE
1447185521448	0	lts_1110L_23_01	23	01	0	437	0	0	0	CR	MAX	AHEADLI18.jpg	AHEADLI18.jpg	NOKEY	MAX	NOKEY
1447185522468	0	lts_1110L_23_01	23	01	0	438	2	1	1	Hit	546	2-mul/Abagofpaperfl.jpg	Abagofpaperfl.jpg	SPACE	585	SPACE
1447185525561	0	lts_1110L_23_01	23	01	0	439	0	0	0	CR	MAX	Akitchensinka.jpg	Akitchensinka.jpg	NOKEY	MAX	NOKEY
1447185527617	0	lts_1110L_23_01	23	01	0	440	0	0	1	FA	1561	D_golfcart.jpg	D_golfcart.jpg	SPACE	1605	NOKEY
1447185530710	0	lts_1110L_23_01	23	01	0	441	0	0	0	CR	MAX	Acrib12.jpg	Acrib12.jpg	NOKEY	MAX	NOKEY
1447185533802	0	lts_1110L_23_01	23	01	0	442	0	0	0	CR	MAX	A100FRAN3.jpg	A100FRAN3.jpg	NOKEY	MAX	NOKEY
1447185535508	0	lts_1110L_23_01	23	01	0	443	64	1	1	Hit	1225	64-first/Acamcorde.jpg	Acamcorde.jpg	SPACE	1272	SPACE
1447185538584	0	lts_1110L_23_01	23	01	0	444	0	0	0	CR	MAX	ADRILL3.jpg	ADRILL3.jpg	NOKEY	MAX	NOKEY
1447185539637	0	lts_1110L_23_01	23	01	0	445	128	1	1	Hit	574	128-7/ACARDFRA2.jpg	ACARDFRA2.jpg	SPACE	618	SPACE
1447185542730	0	lts_1110L_23_01	23	01	0	446	0	0	0	CR	MAX	ARECORDC2.jpg	ARECORDC2.jpg	NOKEY	MAX	NOKEY
1447185543733	0	lts_1110L_23_01	23	01	0	447	4	1	1	Hit	526	4-mul/Acamcorde.jpg	Acamcorde.jpg	SPACE	568	SPACE
1447185545689	0	lts_1110L_23_01	23	01	0	448	0	0	1	FA	1487	ADECOSPO4.jpg	ADECOSPO4.jpg	SPACE	1521	NOKEY
1447185548781	0	lts_1110L_23_01	23	01	0	449	0	0	0	CR	MAX	mouse-a.jpg	mouse-a.jpg	NOKEY	MAX	NOKEY
1447185923977	0	lts_1110L_23_01	23	01	1	0	0	0	0	CR	MAX	ACUTLERY5.jpg	ACUTLERY5.jpg	NOKEY	MAX	NOKEY
1447185926118	0	lts_1110L_23_01	23	01	1	1	0	0	1	FA	1641	32/AMEATGRI9.jpg	AMEATGRI9.jpg	SPACE	1688	NOKEY
1447185929211	0	lts_1110L_23_01	23	01	1	2	0	0	0	CR	MAX	Afrenchsigns2.jpg	Afrenchsigns2.jpg	NOKEY	MAX	NOKEY
1447185932304	0	lts_1110L_23_01	23	01	1	3	0	0	0	CR	MAX	AORIENBOW.jpg	AORIENBOW.jpg	NOKEY	MAX	NOKEY
1447185935380	0	lts_1110L_23_01	23	01	1	4	1	1	0	Miss	MAX	1/DSCN1248-sm.jpg	DSCN1248-sm.jpg	NOKEY	MAX	SPACE
1447185936283	0	lts_1110L_23_01	23	01	1	5	1	1	1	Hit	417	1-1/DSCN1248-sm.jpg	DSCN1248-sm.jpg	SPACE	467	SPACE
1447185939375	0	lts_1110L_23_01	23	01	1	6	0	0	0	CR	MAX	ADINGHY.jpg	ADINGHY.jpg	NOKEY	MAX	NOKEY
1447185942468	0	lts_1110L_23_01	23	01	1	7	0	0	0	CR	MAX	26684827.thl.jpg	26684827.thl.jpg	NOKEY	MAX	NOKEY
1447185945544	0	lts_1110L_23_01	23	01	1	8	0	0	0	CR	MAX	Adice10.jpg	Adice10.jpg	NOKEY	MAX	NOKEY
1447185948637	0	lts_1110L_23_01	23	01	1	9	0	0	0	CR	MAX	4/ASUSHI8.jpg	ASUSHI8.jpg	NOKEY	MAX	NOKEY
1447185951730	0	lts_1110L_23_01	23	01	1	10	0	0	0	CR	MAX	AKNEEHAMR.jpg	AKNEEHAMR.jpg	NOKEY	MAX	NOKEY
1447185954822	0	lts_1110L_23_01	23	01	1	11	0	0	0	CR	MAX	AANSHIEL4.jpg	AANSHIEL4.jpg	NOKEY	MAX	NOKEY
1447185957898	0	lts_1110L_23_01	23	01	1	12	0	0	0	CR	MAX	Atoyslide.jpg	Atoyslide.jpg	NOKEY	MAX	NOKEY
1447185958851	0	lts_1110L_23_01	23	01	1	13	4	1	1	Hit	480	4-12/ASUSHI8.jpg	ASUSHI8.jpg	SPACE	519	SPACE
1447185961926	0	lts_1110L_23_01	23	01	1	14	0	0	0	CR	MAX	AHAZELNU3.jpg	AHAZELNU3.jpg	NOKEY	MAX	NOKEY
1447185965004	0	lts_1110L_23_01	23	01	1	15	0	0	0	CR	MAX	64/Apotboilinge2.jpg	Apotboilinge2.jpg	NOKEY	MAX	NOKEY
1447185968096	0	lts_1110L_23_01	23	01	1	16	0	0	0	CR	MAX	4/Ascarf3.jpg	Ascarf3.jpg	NOKEY	MAX	NOKEY
1447185971189	0	lts_1110L_23_01	23	01	1	17	0	0	0	CR	MAX	8/Aelectricgri3.jpg	Aelectricgri3.jpg	NOKEY	MAX	NOKEY
1447185974282	0	lts_1110L_23_01	23	01	1	18	0	0	0	CR	MAX	tofu.jpg	tofu.jpg	NOKEY	MAX	NOKEY
1447185977375	0	lts_1110L_23_01	23	01	1	19	0	0	0	CR	MAX	gymbench.jpg	gymbench.jpg	NOKEY	MAX	NOKEY
1447185978528	0	lts_1110L_23_01	23	01	1	20	4	1	1	Hit	680	4-5/Ascarf3.jpg	Ascarf3.jpg	SPACE	719	SPACE
1447185981604	0	lts_1110L_23_01	23	01	1	21	0	0	0	CR	MAX	26427867.thl.jpg	26427867.thl.jpg	NOKEY	MAX	NOKEY
1447185984697	0	lts_1110L_23_01	23	01	1	22	0	0	0	CR	MAX	Ajoystick10.jpg	Ajoystick10.jpg	NOKEY	MAX	NOKEY
1447185985717	0	lts_1110L_23_01	23	01	1	23	00	1	1	Hit	551	00-across/26384863.thl.jpg	26384863.thl.jpg	SPACE	585	SPACE
1447185988809	0	lts_1110L_23_01	23	01	1	24	0	0	0	CR	MAX	Aruler12.jpg	Aruler12.jpg	NOKEY	MAX	NOKEY
1447185989812	0	lts_1110L_23_01	23	01	1	25	8	1	1	Hit	534	8-first/Aelectricgri3.jpg	Aelectricgri3.jpg	SPACE	570	SPACE
1447185992905	0	lts_1110L_23_01	23	01	1	26	0	0	0	CR	MAX	AREDPLUM.jpg	AREDPLUM.jpg	NOKEY	MAX	NOKEY
1447185995997	0	lts_1110L_23_01	23	01	1	27	0	0	0	CR	MAX	AHEDGEHOG.jpg	AHEDGEHOG.jpg	NOKEY	MAX	NOKEY
1447185999074	0	lts_1110L_23_01	23	01	1	28	0	0	0	CR	MAX	APOTWHOLE.jpg	APOTWHOLE.jpg	NOKEY	MAX	NOKEY
1447186000044	0	lts_1110L_23_01	23	01	1	29	4	1	1	Hit	495	4-mul/Aelectricgri3.jpg	Aelectricgri3.jpg	SPACE	535	SPACE
1447186003137	0	lts_1110L_23_01	23	01	1	30	0	0	0	CR	MAX	1/A_flower.jpg	A_flower.jpg	NOKEY	MAX	NOKEY
1447186004056	0	lts_1110L_23_01	23	01	1	31	1	1	1	Hit	436	1-4/A_flower.jpg	A_flower.jpg	SPACE	485	SPACE
1447186007150	0	lts_1110L_23_01	23	01	1	32	0	0	0	CR	MAX	Avacuum20.jpg	Avacuum20.jpg	NOKEY	MAX	NOKEY
1447186008236	0	lts_1110L_23_01	23	01	1	33	32	1	1	Hit	606	32-7/AMEATGRI9.jpg	AMEATGRI9.jpg	SPACE	651	SPACE
1447186011329	0	lts_1110L_23_01	23	01	1	34	0	0	0	CR	MAX	2/Afrenchtoast5.jpg	Afrenchtoast5.jpg	NOKEY	MAX	NOKEY
1447186014405	0	lts_1110L_23_01	23	01	1	35	0	0	0	CR	MAX	Aframe196.jpg	Aframe196.jpg	NOKEY	MAX	NOKEY
1447186015441	0	lts_1110L_23_01	23	01	1	36	2	1	1	Hit	557	2-7/Afrenchtoast5.jpg	Afrenchtoast5.jpg	SPACE	602	SPACE
1447186018517	0	lts_1110L_23_01	23	01	1	37	0	0	0	CR	MAX	64/ABABYSPOO.jpg	ABABYSPOO.jpg	NOKEY	MAX	NOKEY
1447186021593	0	lts_1110L_23_01	23	01	1	38	0	0	0	CR	MAX	1/A95CHEROK.jpg	A95CHEROK.jpg	NOKEY	MAX	NOKEY
1447186022513	0	lts_1110L_23_01	23	01	1	39	1	1	1	Hit	441	1-2/A95CHEROK.jpg	A95CHEROK.jpg	SPACE	485	SPACE
1447186025606	0	lts_1110L_23_01	23	01	1	40	0	0	0	CR	MAX	APUMPKI35.jpg	APUMPKI35.jpg	NOKEY	MAX	NOKEY
1447186026659	0	lts_1110L_23_01	23	01	1	41	00	1	1	Hit	575	00-across/labyrinthe.jpg	labyrinthe.jpg	SPACE	619	SPACE
1447186029735	0	lts_1110L_23_01	23	01	1	42	0	0	0	CR	MAX	AFLOURSCO.jpg	AFLOURSCO.jpg	NOKEY	MAX	NOKEY
1447186032827	0	lts_1110L_23_01	23	01	1	43	0	0	0	CR	MAX	36407647.thl.jpg	36407647.thl.jpg	NOKEY	MAX	NOKEY
1447186034232	0	lts_1110L_23_01	23	01	1	44	0	0	1	FA	903	1/ACOOKCUTT.jpg	ACOOKCUTT.jpg	SPACE	953	NOKEY
1447186035302	0	lts_1110L_23_01	23	01	1	45	1	1	1	Hit	597	1-14/ACOOKCUTT.jpg	ACOOKCUTT.jpg	SPACE	635	SPACE
1447186038378	0	lts_1110L_23_01	23	01	1	46	0	0	0	CR	MAX	8021515.thl.jpg	8021515.thl.jpg	NOKEY	MAX	NOKEY
1447186040167	0	lts_1110L_23_01	23	01	1	47	0	0	1	FA	1306	4/AAIRPRES4.jpg	AAIRPRES4.jpg	SPACE	1355	NOKEY
1447186042491	0	lts_1110L_23_01	23	01	1	48	0	0	1	FA	1831	cinnamonroll.jpg	cinnamonroll.jpg	SPACE	1872	NOKEY
1447186045567	0	lts_1110L_23_01	23	01	1	49	0	0	0	CR	MAX	8/ASALINES5.jpg	ASALINES5.jpg	NOKEY	MAX	NOKEY
1447186048643	0	lts_1110L_23_01	23	01	1	50	0	0	0	CR	MAX	22908308.thl.jpg	22908308.thl.jpg	NOKEY	MAX	NOKEY
1447186049679	0	lts_1110L_23_01	23	01	1	51	4	1	1	Hit	551	4-9/AAIRPRES4.jpg	AAIRPRES4.jpg	SPACE	602	SPACE
1447186052754	0	lts_1110L_23_01	23	01	1	52	0	0	0	CR	MAX	22921112.thl.jpg	22921112.thl.jpg	NOKEY	MAX	NOKEY
1447186055830	0	lts_1110L_23_01	23	01	1	53	0	0	0	CR	MAX	ACOFFTA18.jpg	ACOFFTA18.jpg	NOKEY	MAX	NOKEY
1447186057001	0	lts_1110L_23_01	23	01	1	54	0	0	1	FA	685	8/Astirstick.jpg	Astirstick.jpg	SPACE	720	NOKEY
1447186060078	0	lts_1110L_23_01	23	01	1	55	0	0	0	CR	MAX	36407685.thl.jpg	36407685.thl.jpg	NOKEY	MAX	NOKEY
1447186063170	0	lts_1110L_23_01	23	01	1	56	0	0	0	CR	MAX	gameboy.jpg	gameboy.jpg	NOKEY	MAX	NOKEY
1447186064207	0	lts_1110L_23_01	23	01	1	57	8	1	1	Hit	565	8-first/ASALINES5.jpg	ASALINES5.jpg	SPACE	601	SPACE
1447186067350	0	lts_1110L_23_01	23	01	1	58	0	0	0	CR	MAX	AWEDCOU19.jpg	AWEDCOU19.jpg	NOKEY	MAX	NOKEY
1447186068336	0	lts_1110L_23_01	23	01	1	59	2	1	1	Hit	512	2-mul/ASALINES5.jpg	ASALINES5.jpg	SPACE	551	SPACE
1447186071429	0	lts_1110L_23_01	23	01	1	60	0	0	0	CR	MAX	Adustpanbrus4.jpg	Adustpanbrus4.jpg	NOKEY	MAX	NOKEY
1447186074505	0	lts_1110L_23_01	23	01	1	61	0	0	0	CR	MAX	22849344.thl.jpg	22849344.thl.jpg	NOKEY	MAX	NOKEY
1447186075592	0	lts_1110L_23_01	23	01	1	62	8	1	1	Hit	612	8-0/Astirstick.jpg	Astirstick.jpg	SPACE	651	SPACE
1447186078684	0	lts_1110L_23_01	23	01	1	63	0	0	0	CR	MAX	Ahighlightin2.jpg	Ahighlightin2.jpg	NOKEY	MAX	NOKEY
1447186081776	0	lts_1110L_23_01	23	01	1	64	0	0	0	CR	MAX	64/Acandlesnuffe.jpg	Acandlesnuffe.jpg	NOKEY	MAX	NOKEY
1447186084852	0	lts_1110L_23_01	23	01	1	65	0	0	0	CR	MAX	32/8252024.thl.jpg	8252024.thl.jpg	NOKEY	MAX	NOKEY
1447186087945	0	lts_1110L_23_01	23	01	1	66	0	0	0	CR	MAX	Atoyparrot2.jpg	Atoyparrot2.jpg	NOKEY	MAX	NOKEY
1447186091039	0	lts_1110L_23_01	23	01	1	67	0	0	0	CR	MAX	Abootbinding.jpg	Abootbinding.jpg	NOKEY	MAX	NOKEY
1447186094131	0	lts_1110L_23_01	23	01	1	68	0	0	0	CR	MAX	Aindustrialve.jpg	Aindustrialve.jpg	NOKEY	MAX	NOKEY
1447186097208	0	lts_1110L_23_01	23	01	1	69	0	0	0	CR	MAX	2/gingerbreadcookie.jpg	gingerbreadcookie.jpg	NOKEY	MAX	NOKEY
1447186100284	0	lts_1110L_23_01	23	01	1	70	0	0	0	CR	MAX	128/Aconferencer3.jpg	Aconferencer3.jpg	NOKEY	MAX	NOKEY
1447186101237	0	lts_1110L_23_01	23	01	1	71	2	1	1	Hit	473	2-2/gingerbreadcookie.jpg	gingerbreadcookie.jpg	SPACE	517	SPACE
1447186104313	0	lts_1110L_23_01	23	01	1	72	0	0	0	CR	MAX	airhocckytable.jpg	airhocckytable.jpg	NOKEY	MAX	NOKEY
1447186107389	0	lts_1110L_23_01	23	01	1	73	0	0	0	CR	MAX	4/22848828.thl.jpg	22848828.thl.jpg	NOKEY	MAX	NOKEY
1447186110482	0	lts_1110L_23_01	23	01	1	74	0	0	0	CR	MAX	AANGLE.jpg	AANGLE.jpg	NOKEY	MAX	NOKEY
1447186113574	0	lts_1110L_23_01	23	01	1	75	0	0	0	CR	MAX	128/26443034.thl.jpg	26443034.thl.jpg	NOKEY	MAX	NOKEY
1447186116667	0	lts_1110L_23_01	23	01	1	76	0	0	0	CR	MAX	64/buffalowings.jpg	buffalowings.jpg	NOKEY	MAX	NOKEY
1447186117687	0	lts_1110L_23_01	23	01	1	77	4	1	1	Hit	543	4-2/22848828.thl.jpg	22848828.thl.jpg	SPACE	585	SPACE
1447186119141	0	lts_1110L_23_01	23	01	1	78	0	0	1	FA	980	AANTICAN2.jpg	AANTICAN2.jpg	SPACE	1020	NOKEY
1447186120178	0	lts_1110L_23_01	23	01	1	79	64	1	1	Hit	555	64-first/Apotboilinge2.jpg	Apotboilinge2.jpg	SPACE	601	SPACE
1447186123271	0	lts_1110L_23_01	23	01	1	80	0	0	0	CR	MAX	ASHIRTSK2.jpg	ASHIRTSK2.jpg	NOKEY	MAX	NOKEY
1447186124441	0	lts_1110L_23_01	23	01	1	81	00	1	1	Hit	691	00-across/23019499.thl.jpg	23019499.thl.jpg	SPACE	736	SPACE
1447186126380	0	lts_1110L_23_01	23	01	1	82	0	0	1	FA	1466	Ababtoy13.jpg	Ababtoy13.jpg	SPACE	1504	NOKEY
1447186129473	0	lts_1110L_23_01	23	01	1	83	0	0	0	CR	MAX	APOGO4.jpg	APOGO4.jpg	NOKEY	MAX	NOKEY
1447186131161	0	lts_1110L_23_01	23	01	1	84	00	1	1	Hit	1208	00-across/AHYDRANTF.jpg	AHYDRANTF.jpg	SPACE	1254	SPACE
1447186134237	0	lts_1110L_23_01	23	01	1	85	0	0	0	CR	MAX	AANTIRO13.jpg	AANTIRO13.jpg	NOKEY	MAX	NOKEY
1447186137330	0	lts_1110L_23_01	23	01	1	86	0	0	0	CR	MAX	Aropeandclamp.jpg	Aropeandclamp.jpg	NOKEY	MAX	NOKEY
1447186140423	0	lts_1110L_23_01	23	01	1	87	0	0	0	CR	MAX	2/ALACES4.jpg	ALACES4.jpg	NOKEY	MAX	NOKEY
1447186143499	0	lts_1110L_23_01	23	01	1	88	0	0	0	CR	MAX	22896812.thl.jpg	22896812.thl.jpg	NOKEY	MAX	NOKEY
1447186144619	0	lts_1110L_23_01	23	01	1	89	2	1	1	Hit	648	2-9/ALACES4.jpg	ALACES4.jpg	SPACE	685	SPACE
1447186147712	0	lts_1110L_23_01	23	01	1	90	0	0	0	CR	MAX	Afeatherhat.jpg	Afeatherhat.jpg	NOKEY	MAX	NOKEY
1447186150787	0	lts_1110L_23_01	23	01	1	91	0	0	0	CR	MAX	AWATERCO4.jpg	AWATERCO4.jpg	NOKEY	MAX	NOKEY
1447186153880	0	lts_1110L_23_01	23	01	1	92	0	0	0	CR	MAX	Acampingknife.jpg	Acampingknife.jpg	NOKEY	MAX	NOKEY
1447186156973	0	lts_1110L_23_01	23	01	1	93	0	0	0	CR	MAX	64/ACONBENCH.jpg	ACONBENCH.jpg	NOKEY	MAX	NOKEY
1447186160050	0	lts_1110L_23_01	23	01	1	94	0	0	0	CR	MAX	26372390.thl.jpg	26372390.thl.jpg	NOKEY	MAX	NOKEY
1447186161019	0	lts_1110L_23_01	23	01	1	95	16	1	1	Hit	492	16-mul/Apotboilinge2.jpg	Apotboilinge2.jpg	SPACE	535	SPACE
1447186164112	0	lts_1110L_23_01	23	01	1	96	0	0	0	CR	MAX	Aroadsignin15.jpg	Aroadsignin15.jpg	NOKEY	MAX	NOKEY
1447186165533	0	lts_1110L_23_01	23	01	1	97	32	1	1	Hit	942	32-1/8252024.thl.jpg	8252024.thl.jpg	SPACE	986	SPACE
1447186168626	0	lts_1110L_23_01	23	01	1	98	0	0	0	CR	MAX	Aperfumebottl.jpg	Aperfumebottl.jpg	NOKEY	MAX	NOKEY
1447186171785	0	lts_1110L_23_01	23	01	1	99	0	0	0	CR	MAX	Afruitbasket2.jpg	Afruitbasket2.jpg	NOKEY	MAX	NOKEY
1447186174877	0	lts_1110L_23_01	23	01	1	100	0	0	0	CR	MAX	AMIMETITE.jpg	AMIMETITE.jpg	NOKEY	MAX	NOKEY
1447186176483	0	lts_1110L_23_01	23	01	1	101	64	1	1	Hit	1126	64-first/ABABYSPOO.jpg	ABABYSPOO.jpg	SPACE	1171	SPACE
1447186179576	0	lts_1110L_23_01	23	01	1	102	0	0	0	CR	MAX	Awindow19.jpg	Awindow19.jpg	NOKEY	MAX	NOKEY
1447186182652	0	lts_1110L_23_01	23	01	1	103	0	0	0	CR	MAX	16/Aantiquewate3.jpg	Aantiquewate3.jpg	NOKEY	MAX	NOKEY
1447186185728	0	lts_1110L_23_01	23	01	1	104	0	0	0	CR	MAX	22866972.thl.jpg	22866972.thl.jpg	NOKEY	MAX	NOKEY
1447186186714	0	lts_1110L_23_01	23	01	1	105	4	1	1	Hit	515	4-mul/ABABYSPOO.jpg	ABABYSPOO.jpg	SPACE	551	SPACE
1447186189806	0	lts_1110L_23_01	23	01	1	106	0	0	0	CR	MAX	1/23025307.thl.jpg	23025307.thl.jpg	NOKEY	MAX	NOKEY
1447186190710	0	lts_1110L_23_01	23	01	1	107	1	1	1	Hit	432	1-6/23025307.thl.jpg	23025307.thl.jpg	SPACE	469	SPACE
1447186193802	0	lts_1110L_23_01	23	01	1	108	0	0	0	CR	MAX	Atoiletplung2.jpg	Atoiletplung2.jpg	NOKEY	MAX	NOKEY
1447186196878	0	lts_1110L_23_01	23	01	1	109	0	0	0	CR	MAX	2/Acookiecutte3.jpg	Acookiecutte3.jpg	NOKEY	MAX	NOKEY
1447186199971	0	lts_1110L_23_01	23	01	1	110	0	0	0	CR	MAX	64/showercurtainsuchi.jpg	showercurtainsuchi.jpg	NOKEY	MAX	NOKEY
1447186201075	0	lts_1110L_23_01	23	01	1	111	2	1	1	Hit	632	2-4/Acookiecutte3.jpg	Acookiecutte3.jpg	SPACE	670	SPACE
1447186204168	0	lts_1110L_23_01	23	01	1	112	0	0	0	CR	MAX	Abrownbagwith.jpg	Abrownbagwith.jpg	NOKEY	MAX	NOKEY
1447186207261	0	lts_1110L_23_01	23	01	1	113	0	0	0	CR	MAX	2/22859028.thl.jpg	22859028.thl.jpg	NOKEY	MAX	NOKEY
1447186208682	0	lts_1110L_23_01	23	01	1	114	0	0	1	FA	920	Aairtank7.jpg	Aairtank7.jpg	SPACE	969	NOKEY
1447186210638	0	lts_1110L_23_01	23	01	1	115	2	1	1	Hit	1484	2-10/22859028.thl.jpg	22859028.thl.jpg	SPACE	1521	SPACE
1447186213730	0	lts_1110L_23_01	23	01	1	116	0	0	0	CR	MAX	Aflatwoodenba.jpg	Aflatwoodenba.jpg	NOKEY	MAX	NOKEY
1447186216805	0	lts_1110L_23_01	23	01	1	117	0	0	0	CR	MAX	22991767.thl.jpg	22991767.thl.jpg	NOKEY	MAX	NOKEY
1447186219898	0	lts_1110L_23_01	23	01	1	118	0	0	0	CR	MAX	ASERVICEB.jpg	ASERVICEB.jpg	NOKEY	MAX	NOKEY
1447186220918	0	lts_1110L_23_01	23	01	1	119	16	1	1	Hit	536	16-first/Aantiquewate3.jpg	Aantiquewate3.jpg	SPACE	586	SPACE
1447186223209	0	lts_1110L_23_01	23	01	1	120	0	0	1	FA	1774	gymvaulting.jpg	gymvaulting.jpg	SPACE	1822	NOKEY
1447186226302	0	lts_1110L_23_01	23	01	1	121	0	0	0	CR	MAX	128/AWALKER11.jpg	AWALKER11.jpg	NOKEY	MAX	NOKEY
1447186227472	0	lts_1110L_23_01	23	01	1	122	00	1	1	Hit	688	00-across/ATRACINGT.jpg	ATRACINGT.jpg	SPACE	735	SPACE
1447186228826	0	lts_1110L_23_01	23	01	1	123	0	0	1	FA	852	32/APIPE8.jpg	APIPE8.jpg	SPACE	902	NOKEY
1447186231902	0	lts_1110L_23_01	23	01	1	124	0	0	0	CR	MAX	Achair1260.jpg	Achair1260.jpg	NOKEY	MAX	NOKEY
1447186232955	0	lts_1110L_23_01	23	01	1	125	00	1	1	Hit	574	00-across/AROCKET20.jpg	AROCKET20.jpg	SPACE	620	SPACE
1447186236032	0	lts_1110L_23_01	23	01	1	126	0	0	0	CR	MAX	APLATE17.jpg	APLATE17.jpg	NOKEY	MAX	NOKEY
1447186239125	0	lts_1110L_23_01	23	01	1	127	0	0	0	CR	MAX	baseball.JPG	baseball.JPG	NOKEY	MAX	NOKEY
1447186240178	0	lts_1110L_23_01	23	01	1	128	64	1	1	Hit	572	64-first/Acandlesnuffe.jpg	Acandlesnuffe.jpg	SPACE	618	SPACE
1447186243271	0	lts_1110L_23_01	23	01	1	129	0	0	0	CR	MAX	64/AICESKAT8.jpg	AICESKAT8.jpg	NOKEY	MAX	NOKEY
1447186246363	0	lts_1110L_23_01	23	01	1	130	0	0	0	CR	MAX	16/Acardinal2.jpg	Acardinal2.jpg	NOKEY	MAX	NOKEY
1447186249456	0	lts_1110L_23_01	23	01	1	131	0	0	0	CR	MAX	26428057.thl.jpg	26428057.thl.jpg	NOKEY	MAX	NOKEY
1447186250476	0	lts_1110L_23_01	23	01	1	132	4	1	1	Hit	539	4-mul/Acandlesnuffe.jpg	Acandlesnuffe.jpg	SPACE	585	SPACE
1447186253552	0	lts_1110L_23_01	23	01	1	133	0	0	0	CR	MAX	4/26428540.thl.jpg	26428540.thl.jpg	NOKEY	MAX	NOKEY
1447186256628	0	lts_1110L_23_01	23	01	1	134	0	0	0	CR	MAX	Acardboardpan.jpg	Acardboardpan.jpg	NOKEY	MAX	NOKEY
1447186257631	0	lts_1110L_23_01	23	01	1	135	16	1	1	Hit	523	16-mul/Aantiquewate3.jpg	Aantiquewate3.jpg	SPACE	568	SPACE
1447186260707	0	lts_1110L_23_01	23	01	1	136	0	0	0	CR	MAX	ABAGFLOU3.jpg	ABAGFLOU3.jpg	NOKEY	MAX	NOKEY
1447186261759	0	lts_1110L_23_01	23	01	1	137	4	1	1	Hit	574	4-0/26428540.thl.jpg	26428540.thl.jpg	SPACE	618	SPACE
1447186264852	0	lts_1110L_23_01	23	01	1	138	0	0	0	CR	MAX	128/Apumpcart2.jpg	Apumpcart2.jpg	NOKEY	MAX	NOKEY
1447186267945	0	lts_1110L_23_01	23	01	1	139	0	0	0	CR	MAX	22852560.thl.jpg	22852560.thl.jpg	NOKEY	MAX	NOKEY
1447186268965	0	lts_1110L_23_01	23	01	1	140	64	1	1	Hit	540	64-first/buffalowings.jpg	buffalowings.jpg	SPACE	586	SPACE
1447186270487	0	lts_1110L_23_01	23	01	1	141	0	0	1	FA	1028	8/ABLAKPOT3.jpg	ABLAKPOT3.jpg	SPACE	1071	NOKEY
1447186271440	0	lts_1110L_23_01	23	01	1	142	2	1	1	Hit	477	2-mul/buffalowings.jpg	buffalowings.jpg	SPACE	518	SPACE
1447186274533	0	lts_1110L_23_01	23	01	1	143	0	0	0	CR	MAX	grenade.jpg	grenade.jpg	NOKEY	MAX	NOKEY
1447186275536	0	lts_1110L_23_01	23	01	1	144	00	1	1	Hit	529	00-across/AWOODPYRA.jpg	AWOODPYRA.jpg	SPACE	569	SPACE
1447186278612	0	lts_1110L_23_01	23	01	1	145	0	0	0	CR	MAX	128/ABEERBOT5.jpg	ABEERBOT5.jpg	NOKEY	MAX	NOKEY
1447186279615	0	lts_1110L_23_01	23	01	1	146	16	1	1	Hit	527	16-0/Acardinal2.jpg	Acardinal2.jpg	SPACE	569	SPACE
1447186282708	0	lts_1110L_23_01	23	01	1	147	0	0	0	CR	MAX	Atoytaxi3.jpg	Atoytaxi3.jpg	NOKEY	MAX	NOKEY
1447186285783	0	lts_1110L_23_01	23	01	1	148	0	0	0	CR	MAX	16/26370445.thl.jpg	26370445.thl.jpg	NOKEY	MAX	NOKEY
1447186286819	0	lts_1110L_23_01	23	01	1	149	8	1	1	Hit	554	8-first/ABLAKPOT3.jpg	ABLAKPOT3.jpg	SPACE	603	SPACE
1447186289895	0	lts_1110L_23_01	23	01	1	150	0	0	0	CR	MAX	Acomputerdriv.jpg	Acomputerdriv.jpg	NOKEY	MAX	NOKEY
1447186291401	0	lts_1110L_23_01	23	01	1	151	0	0	1	FA	1004	Abicyclepump2.jpg	Abicyclepump2.jpg	SPACE	1053	NOKEY
1447186294477	0	lts_1110L_23_01	23	01	1	152	0	0	0	CR	MAX	26687176.thl.jpg	26687176.thl.jpg	NOKEY	MAX	NOKEY
1447186295530	0	lts_1110L_23_01	23	01	1	153	4	1	1	Hit	576	4-mul/ABLAKPOT3.jpg	ABLAKPOT3.jpg	SPACE	618	SPACE
1447186298623	0	lts_1110L_23_01	23	01	1	154	0	0	0	CR	MAX	AWALKMAN2.jpg	AWALKMAN2.jpg	NOKEY	MAX	NOKEY
1447186299826	0	lts_1110L_23_01	23	01	1	155	32	1	1	Hit	724	32-5/APIPE8.jpg	APIPE8.jpg	SPACE	769	SPACE
1447186302919	0	lts_1110L_23_01	23	01	1	156	0	0	0	CR	MAX	Achick9.jpg	Achick9.jpg	NOKEY	MAX	NOKEY
1447186303972	0	lts_1110L_23_01	23	01	1	157	64	1	1	Hit	577	64-first/ACONBENCH.jpg	ACONBENCH.jpg	SPACE	620	SPACE
1447186307066	0	lts_1110L_23_01	23	01	1	158	0	0	0	CR	MAX	Asunflower3.jpg	Asunflower3.jpg	NOKEY	MAX	NOKEY
1447186310158	0	lts_1110L_23_01	23	01	1	159	0	0	0	CR	MAX	AELEMENT3.jpg	AELEMENT3.jpg	NOKEY	MAX	NOKEY
1447186313251	0	lts_1110L_23_01	23	01	1	160	0	0	0	CR	MAX	Amixer29.jpg	Amixer29.jpg	NOKEY	MAX	NOKEY
1447186314288	0	lts_1110L_23_01	23	01	1	161	4	1	1	Hit	560	4-mul/ACONBENCH.jpg	ACONBENCH.jpg	SPACE	601	SPACE
1447186317380	0	lts_1110L_23_01	23	01	1	162	0	0	0	CR	MAX	APLAQUE.jpg	APLAQUE.jpg	NOKEY	MAX	NOKEY
1447186320457	0	lts_1110L_23_01	23	01	1	163	0	0	0	CR	MAX	stickcheese.jpg	stickcheese.jpg	NOKEY	MAX	NOKEY
1447186321493	0	lts_1110L_23_01	23	01	1	164	16	1	1	Hit	567	16-first/26370445.thl.jpg	26370445.thl.jpg	SPACE	602	SPACE
1447186324586	0	lts_1110L_23_01	23	01	1	165	0	0	0	CR	MAX	bikewithbasket.jpg	bikewithbasket.jpg	NOKEY	MAX	NOKEY
1447186326074	0	lts_1110L_23_01	23	01	1	166	2	1	1	Hit	1007	2-mul/26370445.thl.jpg	26370445.thl.jpg	SPACE	1054	SPACE
1447186329166	0	lts_1110L_23_01	23	01	1	167	0	0	0	CR	MAX	Atoyseasaw.jpg	Atoyseasaw.jpg	NOKEY	MAX	NOKEY
1447186332259	0	lts_1110L_23_01	23	01	1	168	0	0	0	CR	MAX	2/ABREADTO2.jpg	ABREADTO2.jpg	NOKEY	MAX	NOKEY
1447186335352	0	lts_1110L_23_01	23	01	1	169	0	0	0	CR	MAX	ACHILDISH.jpg	ACHILDISH.jpg	NOKEY	MAX	NOKEY
1447186336522	0	lts_1110L_23_01	23	01	1	170	2	1	1	Hit	701	2-8/ABREADTO2.jpg	ABREADTO2.jpg	SPACE	735	SPACE
1447186339632	0	lts_1110L_23_01	23	01	1	171	0	0	0	CR	MAX	10049257.thl.jpg	10049257.thl.jpg	NOKEY	MAX	NOKEY
1447186342708	0	lts_1110L_23_01	23	01	1	172	0	0	0	CR	MAX	23057742.thl.jpg	23057742.thl.jpg	NOKEY	MAX	NOKEY
1447186345783	0	lts_1110L_23_01	23	01	1	173	0	0	0	CR	MAX	8256618.thl.jpg	8256618.thl.jpg	NOKEY	MAX	NOKEY
1447186348859	0	lts_1110L_23_01	23	01	1	174	64	1	0	Miss	MAX	64-first/showercurtainsuchi.jpg	showercurtainsuchi.jpg	NOKEY	MAX	SPACE
1447186351935	0	lts_1110L_23_01	23	01	1	175	0	0	0	CR	MAX	AABSTRACT.jpg	AABSTRACT.jpg	NOKEY	MAX	NOKEY
1447186352905	0	lts_1110L_23_01	23	01	1	176	2	1	1	Hit	481	2-mul/showercurtainsuchi.jpg	showercurtainsuchi.jpg	SPACE	519	SPACE
1447186355997	0	lts_1110L_23_01	23	01	1	177	0	0	0	CR	MAX	APERSRUG.jpg	APERSRUG.jpg	NOKEY	MAX	NOKEY
1447186357436	0	lts_1110L_23_01	23	01	1	178	00	1	1	Hit	952	00-across/AHAMPER.jpg	AHAMPER.jpg	SPACE	1003	SPACE
1447186359776	0	lts_1110L_23_01	23	01	1	179	0	0	1	FA	1844	Abells7.jpg	Abells7.jpg	SPACE	1889	NOKEY
1447186362852	0	lts_1110L_23_01	23	01	1	180	0	0	0	CR	MAX	Aplasticbott3.jpg	Aplasticbott3.jpg	NOKEY	MAX	NOKEY
1447186365928	0	lts_1110L_23_01	23	01	1	181	0	0	0	CR	MAX	AANTTRUCK.jpg	AANTTRUCK.jpg	NOKEY	MAX	NOKEY
1447186369005	0	lts_1110L_23_01	23	01	1	182	0	0	0	CR	MAX	8021504.thl.jpg	8021504.thl.jpg	NOKEY	MAX	NOKEY
1447186370125	0	lts_1110L_23_01	23	01	1	183	00	1	1	Hit	640	00-across/ALAB13.jpg	ALAB13.jpg	SPACE	686	SPACE
1447186373218	0	lts_1110L_23_01	23	01	1	184	0	0	0	CR	MAX	128/26466344.thl.jpg	26466344.thl.jpg	NOKEY	MAX	NOKEY
1447186376310	0	lts_1110L_23_01	23	01	1	185	0	0	0	CR	MAX	AAT7.jpg	AAT7.jpg	NOKEY	MAX	NOKEY
1447186379403	0	lts_1110L_23_01	23	01	1	186	0	0	0	CR	MAX	2/ARECEIPT.jpg	ARECEIPT.jpg	NOKEY	MAX	NOKEY
1447186382496	0	lts_1110L_23_01	23	01	1	187	0	0	0	CR	MAX	26373068.thl.jpg	26373068.thl.jpg	NOKEY	MAX	NOKEY
1447186383516	0	lts_1110L_23_01	23	01	1	188	2	1	1	Hit	543	2-1/ARECEIPT.jpg	ARECEIPT.jpg	SPACE	585	SPACE
1447186386592	0	lts_1110L_23_01	23	01	1	189	0	0	0	CR	MAX	16/APICKLES6.jpg	APICKLES6.jpg	NOKEY	MAX	NOKEY
1447186389668	0	lts_1110L_23_01	23	01	1	190	0	0	0	CR	MAX	AARMCHA25.jpg	AARMCHA25.jpg	NOKEY	MAX	NOKEY
1447186391156	0	lts_1110L_23_01	23	01	1	191	0	0	1	FA	1016	22903568.thl.jpg	22903568.thl.jpg	SPACE	1053	NOKEY
1447186392577	0	lts_1110L_23_01	23	01	1	192	0	0	1	FA	927	ASKIHOLD.jpg	ASKIHOLD.jpg	SPACE	970	NOKEY
1447186393613	0	lts_1110L_23_01	23	01	1	193	64	1	1	Hit	565	64-first/AICESKAT8.jpg	AICESKAT8.jpg	SPACE	602	SPACE
1447186396706	0	lts_1110L_23_01	23	01	1	194	0	0	0	CR	MAX	26431471.thl.jpg	26431471.thl.jpg	NOKEY	MAX	NOKEY
1447186399781	0	lts_1110L_23_01	23	01	1	195	0	0	0	CR	MAX	1/visacard.jpg	visacard.jpg	NOKEY	MAX	NOKEY
1447186400718	0	lts_1110L_23_01	23	01	1	196	1	1	1	Hit	467	1-12/visacard.jpg	visacard.jpg	SPACE	502	SPACE
1447186403810	0	lts_1110L_23_01	23	01	1	197	0	0	0	CR	MAX	celery.jpg	celery.jpg	NOKEY	MAX	NOKEY
1447186405366	0	lts_1110L_23_01	23	01	1	198	128	1	1	Hit	1078	128-7/Aconferencer3.jpg	Aconferencer3.jpg	SPACE	1120	SPACE
1447186406453	0	lts_1110L_23_01	23	01	1	199	0	0	1	FA	591	AHOSPLIF2.jpg	AHOSPLIF2.jpg	SPACE	635	NOKEY
1447186407789	0	lts_1110L_23_01	23	01	1	200	0	0	1	FA	858	26388148.thl.jpg	26388148.thl.jpg	SPACE	903	NOKEY
1447186410865	0	lts_1110L_23_01	23	01	1	201	0	0	0	CR	MAX	AMAGGLASS.jpg	AMAGGLASS.jpg	NOKEY	MAX	NOKEY
1447186413975	0	lts_1110L_23_01	23	01	1	202	0	0	0	CR	MAX	128/APLASCONT.jpg	APLASCONT.jpg	NOKEY	MAX	NOKEY
1447186415981	0	lts_1110L_23_01	23	01	1	203	128	1	1	Hit	1527	128-6/26443034.thl.jpg	26443034.thl.jpg	SPACE	1573	SPACE
1447186419074	0	lts_1110L_23_01	23	01	1	204	0	0	0	CR	MAX	ACOCONUT2.jpg	ACOCONUT2.jpg	NOKEY	MAX	NOKEY
1447186420061	0	lts_1110L_23_01	23	01	1	205	16	1	1	Hit	504	16-first/APICKLES6.jpg	APICKLES6.jpg	SPACE	552	SPACE
1447186423154	0	lts_1110L_23_01	23	01	1	206	0	0	0	CR	MAX	16/Aringclamp2.jpg	Aringclamp2.jpg	NOKEY	MAX	NOKEY
1447186424107	0	lts_1110L_23_01	23	01	1	207	2	1	1	Hit	470	2-mul/APICKLES6.jpg	APICKLES6.jpg	SPACE	518	SPACE
1447186427183	0	lts_1110L_23_01	23	01	1	208	0	0	0	CR	MAX	ASKIPROP2.jpg	ASKIPROP2.jpg	NOKEY	MAX	NOKEY
1447186428136	0	lts_1110L_23_01	23	01	1	209	16	1	1	Hit	477	16-mul/AICESKAT8.jpg	AICESKAT8.jpg	SPACE	518	SPACE
1447186431228	0	lts_1110L_23_01	23	01	1	210	0	0	0	CR	MAX	Atoycoffeepo2.jpg	Atoycoffeepo2.jpg	NOKEY	MAX	NOKEY
1447186434304	0	lts_1110L_23_01	23	01	1	211	0	0	0	CR	MAX	1/ALITERBOX.jpg	ALITERBOX.jpg	NOKEY	MAX	NOKEY
1447186435224	0	lts_1110L_23_01	23	01	1	212	1	1	1	Hit	444	1-13/ALITERBOX.jpg	ALITERBOX.jpg	SPACE	484	SPACE
1447186436745	0	lts_1110L_23_01	23	01	1	213	0	0	1	FA	1052	26421106.thl.jpg	26421106.thl.jpg	SPACE	1087	NOKEY
1447186439837	0	lts_1110L_23_01	23	01	1	214	0	0	0	CR	MAX	mangosplitter.jpg	mangosplitter.jpg	NOKEY	MAX	NOKEY
1447186442930	0	lts_1110L_23_01	23	01	1	215	0	0	0	CR	MAX	Acactusplant.jpg	Acactusplant.jpg	NOKEY	MAX	NOKEY
1447186446024	0	lts_1110L_23_01	23	01	1	216	0	0	0	CR	MAX	1/26421357.thl.jpg	26421357.thl.jpg	NOKEY	MAX	NOKEY
1447186446942	0	lts_1110L_23_01	23	01	1	217	1	1	1	Hit	446	1-9/26421357.thl.jpg	26421357.thl.jpg	SPACE	485	SPACE
1447186450036	0	lts_1110L_23_01	23	01	1	218	0	0	0	CR	MAX	2/Amouthpiece4.jpg	Amouthpiece4.jpg	NOKEY	MAX	NOKEY
1447186453129	0	lts_1110L_23_01	23	01	1	219	0	0	0	CR	MAX	31023139.thl.jpg	31023139.thl.jpg	NOKEY	MAX	NOKEY
1447186454165	0	lts_1110L_23_01	23	01	1	220	2	1	1	Hit	562	2-6/Amouthpiece4.jpg	Amouthpiece4.jpg	SPACE	602	SPACE
1447186457241	0	lts_1110L_23_01	23	01	1	221	0	0	0	CR	MAX	AARTIHAN5.jpg	AARTIHAN5.jpg	NOKEY	MAX	NOKEY
1447186458278	0	lts_1110L_23_01	23	01	1	222	16	1	1	Hit	552	16-first/Aringclamp2.jpg	Aringclamp2.jpg	SPACE	600	SPACE
1447186461370	0	lts_1110L_23_01	23	01	1	223	0	0	0	CR	MAX	8/Aspoonofsuga2.jpg	Aspoonofsuga2.jpg	NOKEY	MAX	NOKEY
1447186464446	0	lts_1110L_23_01	23	01	1	224	0	0	0	CR	MAX	4/AOLDBAT2.jpg	AOLDBAT2.jpg	NOKEY	MAX	NOKEY
1447186467523	0	lts_1110L_23_01	23	01	1	225	0	0	0	CR	MAX	8245818.thl.jpg	8245818.thl.jpg	NOKEY	MAX	NOKEY
1447186468559	0	lts_1110L_23_01	23	01	1	226	4	1	1	Hit	552	4-mul/Aringclamp2.jpg	Aringclamp2.jpg	SPACE	602	SPACE
1447186471652	0	lts_1110L_23_01	23	01	1	227	0	0	0	CR	MAX	dragon.jpg	dragon.jpg	NOKEY	MAX	NOKEY
1447186472788	0	lts_1110L_23_01	23	01	1	228	4	1	1	Hit	643	4-1/AOLDBAT2.jpg	AOLDBAT2.jpg	SPACE	686	SPACE
1447186475931	0	lts_1110L_23_01	23	01	1	229	0	0	0	CR	MAX	Abathroomcup3.jpg	Abathroomcup3.jpg	NOKEY	MAX	NOKEY
1447186479024	0	lts_1110L_23_01	23	01	1	230	0	0	0	CR	MAX	ACAMPFIRE.jpg	ACAMPFIRE.jpg	NOKEY	MAX	NOKEY
1447186480161	0	lts_1110L_23_01	23	01	1	231	8	1	1	Hit	656	8-2/Aspoonofsuga2.jpg	Aspoonofsuga2.jpg	SPACE	702	SPACE
1447186483254	0	lts_1110L_23_01	23	01	1	232	0	0	0	CR	MAX	8/26369923.thl.jpg	26369923.thl.jpg	NOKEY	MAX	NOKEY
1447186486347	0	lts_1110L_23_01	23	01	1	233	0	0	0	CR	MAX	AGLASSTAB.jpg	AGLASSTAB.jpg	NOKEY	MAX	NOKEY
1447186489439	0	lts_1110L_23_01	23	01	1	234	0	0	0	CR	MAX	8/APANTRAC2.jpg	APANTRAC2.jpg	NOKEY	MAX	NOKEY
1447186492532	0	lts_1110L_23_01	23	01	1	235	0	0	0	CR	MAX	Aopenbriefcas.jpg	Aopenbriefcas.jpg	NOKEY	MAX	NOKEY
1447186495625	0	lts_1110L_23_01	23	01	1	236	0	0	0	CR	MAX	AOVALFRAM.jpg	AOVALFRAM.jpg	NOKEY	MAX	NOKEY
1447186496995	0	lts_1110L_23_01	23	01	1	237	0	0	1	FA	886	Astaplegun3.jpg	Astaplegun3.jpg	SPACE	936	NOKEY
1447186498083	0	lts_1110L_23_01	23	01	1	238	0	0	1	FA	617	Aspoolofthre6.jpg	Aspoolofthre6.jpg	SPACE	652	NOKEY
1447186501175	0	lts_1110L_23_01	23	01	1	239	0	0	0	CR	MAX	catslmifru.jpg	catslmifru.jpg	NOKEY	MAX	NOKEY
1447186502195	0	lts_1110L_23_01	23	01	1	240	8	1	1	Hit	538	8-first/26369923.thl.jpg	26369923.thl.jpg	SPACE	584	SPACE
1447186504252	0	lts_1110L_23_01	23	01	1	241	0	0	1	FA	1556	Atoy57.jpg	Atoy57.jpg	SPACE	1604	NOKEY
1447186505338	0	lts_1110L_23_01	23	01	1	242	8	1	1	Hit	615	8-first/APANTRAC2.jpg	APANTRAC2.jpg	SPACE	651	SPACE
1447186508431	0	lts_1110L_23_01	23	01	1	243	0	0	0	CR	MAX	AANTCASH3.jpg	AANTCASH3.jpg	NOKEY	MAX	NOKEY
1447186509467	0	lts_1110L_23_01	23	01	1	244	2	1	1	Hit	565	2-mul/APANTRAC2.jpg	APANTRAC2.jpg	SPACE	602	SPACE
1447186512560	0	lts_1110L_23_01	23	01	1	245	0	0	0	CR	MAX	8/Arubbergloves.jpg	Arubbergloves.jpg	NOKEY	MAX	NOKEY
1447186515653	0	lts_1110L_23_01	23	01	1	246	0	0	0	CR	MAX	ACOFGRIN2.jpg	ACOFGRIN2.jpg	NOKEY	MAX	NOKEY
1447186518729	0	lts_1110L_23_01	23	01	1	247	0	0	0	CR	MAX	4/AANTIQTHE.jpg	AANTIQTHE.jpg	NOKEY	MAX	NOKEY
1447186521821	0	lts_1110L_23_01	23	01	1	248	0	0	0	CR	MAX	FJVWL.jpg	FJVWL.jpg	NOKEY	MAX	NOKEY
1447186523477	0	lts_1110L_23_01	23	01	1	249	128	1	1	Hit	1172	128-3/AWALKER11.jpg	AWALKER11.jpg	SPACE	1222	SPACE
1447186526570	0	lts_1110L_23_01	23	01	1	250	0	0	0	CR	MAX	Awoodenhamme8.jpg	Awoodenhamme8.jpg	NOKEY	MAX	NOKEY
1447186528091	0	lts_1110L_23_01	23	01	1	251	4	1	1	Hit	1051	4-3/AANTIQTHE.jpg	AANTIQTHE.jpg	SPACE	1087	SPACE
1447186529261	0	lts_1110L_23_01	23	01	1	252	0	0	1	FA	662	gascontainer.jpg	gascontainer.jpg	SPACE	701	NOKEY
1447186530348	0	lts_1110L_23_01	23	01	1	253	8	1	1	Hit	617	8-first/Arubbergloves.jpg	Arubbergloves.jpg	SPACE	651	SPACE
1447186533424	0	lts_1110L_23_01	23	01	1	254	0	0	0	CR	MAX	26425112.thl.jpg	26425112.thl.jpg	NOKEY	MAX	NOKEY
1447186534611	0	lts_1110L_23_01	23	01	1	255	0	0	1	FA	706	Aantelopesku5.jpg	Aantelopesku5.jpg	SPACE	753	NOKEY
1447186535698	0	lts_1110L_23_01	23	01	1	256	16	1	1	Hit	606	16-mul/26369923.thl.jpg	26369923.thl.jpg	SPACE	652	SPACE
1447186538789	0	lts_1110L_23_01	23	01	1	257	0	0	0	CR	MAX	Ahumansku101.jpg	Ahumansku101.jpg	NOKEY	MAX	NOKEY
1447186541865	0	lts_1110L_23_01	23	01	1	258	0	0	0	CR	MAX	32/ACOUNTING.jpg	ACOUNTING.jpg	NOKEY	MAX	NOKEY
1447186544958	0	lts_1110L_23_01	23	01	1	259	0	0	0	CR	MAX	2/matchbook.jpg	matchbook.jpg	NOKEY	MAX	NOKEY
1447186548052	0	lts_1110L_23_01	23	01	1	260	0	0	0	CR	MAX	16/23063814.thl.jpg	23063814.thl.jpg	NOKEY	MAX	NOKEY
1447186549139	0	lts_1110L_23_01	23	01	1	261	2	1	1	Hit	603	2-3/matchbook.jpg	matchbook.jpg	SPACE	652	SPACE
1447186552231	0	lts_1110L_23_01	23	01	1	262	0	0	0	CR	MAX	ABARROWRE.jpg	ABARROWRE.jpg	NOKEY	MAX	NOKEY
1447186555324	0	lts_1110L_23_01	23	01	1	263	0	0	0	CR	MAX	1/XPGame.jpg	XPGame.jpg	NOKEY	MAX	NOKEY
1447186556294	0	lts_1110L_23_01	23	01	1	264	1	1	1	Hit	500	1-3/XPGame.jpg	XPGame.jpg	SPACE	534	SPACE
1447186559387	0	lts_1110L_23_01	23	01	1	265	0	0	0	CR	MAX	Aglassjarwit2.jpg	Aglassjarwit2.jpg	NOKEY	MAX	NOKEY
1447186560607	0	lts_1110L_23_01	23	01	1	266	128	1	1	Hit	747	128-5/Apumpcart2.jpg	Apumpcart2.jpg	SPACE	786	SPACE
1447186563683	0	lts_1110L_23_01	23	01	1	267	0	0	0	CR	MAX	26370651.thm.jpg	26370651.thm.jpg	NOKEY	MAX	NOKEY
1447186566775	0	lts_1110L_23_01	23	01	1	268	0	0	0	CR	MAX	AGARBIN.jpg	AGARBIN.jpg	NOKEY	MAX	NOKEY
1447186567778	0	lts_1110L_23_01	23	01	1	269	16	1	1	Hit	534	16-mul/Arubbergloves.jpg	Arubbergloves.jpg	SPACE	570	SPACE
1447186570871	0	lts_1110L_23_01	23	01	1	270	0	0	0	CR	MAX	footballpads.jpg	footballpads.jpg	NOKEY	MAX	NOKEY
1447186573963	0	lts_1110L_23_01	23	01	1	271	0	0	0	CR	MAX	26437074.thl.jpg	26437074.thl.jpg	NOKEY	MAX	NOKEY
1447186577041	0	lts_1110L_23_01	23	01	1	272	0	0	0	CR	MAX	ADRUMSET3.jpg	ADRUMSET3.jpg	NOKEY	MAX	NOKEY
1447186580117	0	lts_1110L_23_01	23	01	1	273	128	1	0	Miss	MAX	128-1/ABEERBOT5.jpg	ABEERBOT5.jpg	NOKEY	MAX	SPACE
1447186583193	0	lts_1110L_23_01	23	01	1	274	0	0	0	CR	MAX	8/26439297.thl.jpg	26439297.thl.jpg	NOKEY	MAX	NOKEY
1447186586285	0	lts_1110L_23_01	23	01	1	275	0	0	0	CR	MAX	Aabacus.jpg	Aabacus.jpg	NOKEY	MAX	NOKEY
1447186587523	0	lts_1110L_23_01	23	01	1	276	16	1	1	Hit	755	16-first/23063814.thl.jpg	23063814.thl.jpg	SPACE	802	SPACE
1447186590615	0	lts_1110L_23_01	23	01	1	277	0	0	0	CR	MAX	APITCHE15.jpg	APITCHE15.jpg	NOKEY	MAX	NOKEY
1447186593708	0	lts_1110L_23_01	23	01	1	278	0	0	0	CR	MAX	ABABYCUP3.jpg	ABABYCUP3.jpg	NOKEY	MAX	NOKEY
1447186596800	0	lts_1110L_23_01	23	01	1	279	0	0	0	CR	MAX	128/Atoy17.jpg	Atoy17.jpg	NOKEY	MAX	NOKEY
1447186597803	0	lts_1110L_23_01	23	01	1	280	4	1	1	Hit	534	4-mul/23063814.thl.jpg	23063814.thl.jpg	SPACE	570	SPACE
1447186600896	0	lts_1110L_23_01	23	01	1	281	0	0	0	CR	MAX	Awastepaperb3.jpg	Awastepaperb3.jpg	NOKEY	MAX	NOKEY
1447186601932	0	lts_1110L_23_01	23	01	1	282	8	1	1	Hit	567	8-first/26439297.thl.jpg	26439297.thl.jpg	SPACE	603	SPACE
1447186605026	0	lts_1110L_23_01	23	01	1	283	0	0	0	CR	MAX	2/ACURLINGI.jpg	ACURLINGI.jpg	NOKEY	MAX	NOKEY
1447186606797	0	lts_1110L_23_01	23	01	1	284	0	0	1	FA	1291	ACUTPIN.jpg	ACUTPIN.jpg	SPACE	1338	NOKEY
1447186607951	0	lts_1110L_23_01	23	01	1	285	2	1	1	Hit	668	2-5/ACURLINGI.jpg	ACURLINGI.jpg	SPACE	703	SPACE
1447186611095	0	lts_1110L_23_01	23	01	1	286	0	0	0	CR	MAX	26428545.thl.jpg	26428545.thl.jpg	NOKEY	MAX	NOKEY
1447186612582	0	lts_1110L_23_01	23	01	1	287	0	0	1	FA	992	1/Aroulette.jpg	Aroulette.jpg	SPACE	1036	NOKEY
1447186613669	0	lts_1110L_23_01	23	01	1	288	1	1	1	Hit	601	1-10/Aroulette.jpg	Aroulette.jpg	SPACE	652	SPACE
1447186616745	0	lts_1110L_23_01	23	01	1	289	0	0	0	CR	MAX	26373407.thl.jpg	26373407.thl.jpg	NOKEY	MAX	NOKEY
1447186619837	0	lts_1110L_23_01	23	01	1	290	32	1	0	Miss	MAX	32-2/ACOUNTING.jpg	ACOUNTING.jpg	NOKEY	MAX	SPACE
1447186622930	0	lts_1110L_23_01	23	01	1	291	0	0	0	CR	MAX	16/ABLLIGHTB.jpg	ABLLIGHTB.jpg	NOKEY	MAX	NOKEY
1447186626024	0	lts_1110L_23_01	23	01	1	292	0	0	0	CR	MAX	erasergum.jpg	erasergum.jpg	NOKEY	MAX	NOKEY
1447186629116	0	lts_1110L_23_01	23	01	1	293	0	0	0	CR	MAX	Aashtray14.jpg	Aashtray14.jpg	NOKEY	MAX	NOKEY
1447186632192	0	lts_1110L_23_01	23	01	1	294	0	0	0	CR	MAX	Aflower136.jpg	Aflower136.jpg	NOKEY	MAX	NOKEY
1447186633296	0	lts_1110L_23_01	23	01	1	295	0	0	1	FA	609	Agarbagebin.jpg	Agarbagebin.jpg	SPACE	651	NOKEY
1447186636372	0	lts_1110L_23_01	23	01	1	296	0	0	0	CR	MAX	8027656.thl.jpg	8027656.thl.jpg	NOKEY	MAX	NOKEY
1447186639465	0	lts_1110L_23_01	23	01	1	297	0	0	0	CR	MAX	ALOVSEA10.jpg	ALOVSEA10.jpg	NOKEY	MAX	NOKEY
1447186640468	0	lts_1110L_23_01	23	01	1	298	16	1	1	Hit	525	16-mul/26439297.thl.jpg	26439297.thl.jpg	SPACE	569	SPACE
1447186643561	0	lts_1110L_23_01	23	01	1	299	0	0	0	CR	MAX	Apairofrubbe3.jpg	Apairofrubbe3.jpg	NOKEY	MAX	NOKEY
1447186646637	0	lts_1110L_23_01	23	01	1	300	0	0	0	CR	MAX	32/23024623.thl.jpg	23024623.thl.jpg	NOKEY	MAX	NOKEY
1447186648325	0	lts_1110L_23_01	23	01	1	301	0	0	1	FA	1201	2/champagnbottles.jpg	champagnbottles.jpg	SPACE	1236	NOKEY
1447186651418	0	lts_1110L_23_01	23	01	1	302	0	0	0	CR	MAX	16/23007415.thl.jpg	23007415.thl.jpg	NOKEY	MAX	NOKEY
1447186652438	0	lts_1110L_23_01	23	01	1	303	2	1	1	Hit	538	2-12/champagnbottles.jpg	champagnbottles.jpg	SPACE	585	SPACE
1447186655530	0	lts_1110L_23_01	23	01	1	304	0	0	0	CR	MAX	8061236.thl.jpg	8061236.thl.jpg	NOKEY	MAX	NOKEY
1447186658606	0	lts_1110L_23_01	23	01	1	305	0	0	0	CR	MAX	4/Acannedaspa10.jpg	Acannedaspa10.jpg	NOKEY	MAX	NOKEY
1447186661699	0	lts_1110L_23_01	23	01	1	306	0	0	0	CR	MAX	Acampingstov9.jpg	Acampingstov9.jpg	NOKEY	MAX	NOKEY
1447186662702	0	lts_1110L_23_01	23	01	1	307	16	1	1	Hit	519	16-first/ABLLIGHTB.jpg	ABLLIGHTB.jpg	SPACE	568	SPACE
1447186665794	0	lts_1110L_23_01	23	01	1	308	0	0	0	CR	MAX	DSCN6303-sm.jpg	DSCN6303-sm.jpg	NOKEY	MAX	NOKEY
1447186667216	0	lts_1110L_23_01	23	01	1	309	4	1	1	Hit	941	4-4/Acannedaspa10.jpg	Acannedaspa10.jpg	SPACE	986	SPACE
1447186670309	0	lts_1110L_23_01	23	01	1	310	0	0	0	CR	MAX	64/Asaltgrinder.jpg	Asaltgrinder.jpg	NOKEY	MAX	NOKEY
1447186673385	0	lts_1110L_23_01	23	01	1	311	0	0	0	CR	MAX	32/Acomputerbag.jpg	Acomputerbag.jpg	NOKEY	MAX	NOKEY
1447186676461	0	lts_1110L_23_01	23	01	1	312	128	1	0	Miss	MAX	128-2/26466344.thl.jpg	26466344.thl.jpg	NOKEY	MAX	SPACE
1447186679537	0	lts_1110L_23_01	23	01	1	313	0	0	0	CR	MAX	1/AFRAME15.jpg	AFRAME15.jpg	NOKEY	MAX	NOKEY
1447186680390	0	lts_1110L_23_01	23	01	1	314	1	1	1	Hit	369	1-8/AFRAME15.jpg	AFRAME15.jpg	SPACE	416	SPACE
1447186683466	0	lts_1110L_23_01	23	01	1	315	0	0	0	CR	MAX	Aelectronicor.jpg	Aelectronicor.jpg	NOKEY	MAX	NOKEY
1447186684785	0	lts_1110L_23_01	23	01	1	316	0	0	1	FA	829	Astonecarvin8.jpg	Astonecarvin8.jpg	SPACE	869	NOKEY
1447186687878	0	lts_1110L_23_01	23	01	1	317	0	0	0	CR	MAX	4/mixer.jpg	mixer.jpg	NOKEY	MAX	NOKEY
1447186688982	0	lts_1110L_23_01	23	01	1	318	16	1	1	Hit	603	16-first/23007415.thl.jpg	23007415.thl.jpg	SPACE	653	SPACE
1447186692059	0	lts_1110L_23_01	23	01	1	319	0	0	0	CR	MAX	Abedspringsam.jpg	Abedspringsam.jpg	NOKEY	MAX	NOKEY
1447186695151	0	lts_1110L_23_01	23	01	1	320	0	0	0	CR	MAX	AJUICER.jpg	AJUICER.jpg	NOKEY	MAX	NOKEY
1447186696188	0	lts_1110L_23_01	23	01	1	321	4	1	1	Hit	567	4-6/mixer.jpg	mixer.jpg	SPACE	601	SPACE
1447186699264	0	lts_1110L_23_01	23	01	1	322	0	0	0	CR	MAX	petfood.jpg	petfood.jpg	NOKEY	MAX	NOKEY
1447186700200	0	lts_1110L_23_01	23	01	1	323	16	1	1	Hit	458	16-mul/ABLLIGHTB.jpg	ABLLIGHTB.jpg	SPACE	500	SPACE
1447186703276	0	lts_1110L_23_01	23	01	1	324	0	0	0	CR	MAX	monkeypuppet.jpg	monkeypuppet.jpg	NOKEY	MAX	NOKEY
1447186706369	0	lts_1110L_23_01	23	01	1	325	0	0	0	CR	MAX	Amilk4.jpg	Amilk4.jpg	NOKEY	MAX	NOKEY
1447186709445	0	lts_1110L_23_01	23	01	1	326	0	0	0	CR	MAX	AWINDSU21.jpg	AWINDSU21.jpg	NOKEY	MAX	NOKEY
1447186712538	0	lts_1110L_23_01	23	01	1	327	0	0	0	CR	MAX	32/ADART3.jpg	ADART3.jpg	NOKEY	MAX	NOKEY
1447186715631	0	lts_1110L_23_01	23	01	1	328	0	0	0	CR	MAX	Atintelephone.jpg	Atintelephone.jpg	NOKEY	MAX	NOKEY
1447186718707	0	lts_1110L_23_01	23	01	1	329	0	0	0	CR	MAX	ABLAKBEN2.jpg	ABLAKBEN2.jpg	NOKEY	MAX	NOKEY
1447186719859	0	lts_1110L_23_01	23	01	1	330	128	1	1	Hit	683	128-4/APLASCONT.jpg	APLASCONT.jpg	SPACE	719	SPACE
1447186722952	0	lts_1110L_23_01	23	01	1	331	0	0	0	CR	MAX	saltpeppershakerjpg.jpg	saltpeppershakerjpg.jpg	NOKEY	MAX	NOKEY
1447186724073	0	lts_1110L_23_01	23	01	1	332	32	1	1	Hit	644	32-3/23024623.thl.jpg	23024623.thl.jpg	SPACE	686	SPACE
1447186727166	0	lts_1110L_23_01	23	01	1	333	0	0	0	CR	MAX	APROSTLE2.jpg	APROSTLE2.jpg	NOKEY	MAX	NOKEY
1447186728152	0	lts_1110L_23_01	23	01	1	334	16	1	1	Hit	515	16-mul/23007415.thl.jpg	23007415.thl.jpg	SPACE	552	SPACE
1447186731245	0	lts_1110L_23_01	23	01	1	335	0	0	0	CR	MAX	AHARMONS2.jpg	AHARMONS2.jpg	NOKEY	MAX	NOKEY
1447186734338	0	lts_1110L_23_01	23	01	1	336	0	0	0	CR	MAX	Aeggcup224.jpg	Aeggcup224.jpg	NOKEY	MAX	NOKEY
1447186736227	0	lts_1110L_23_01	23	01	1	337	0	0	1	FA	1400	16/23076640.thl.jpg	23076640.thl.jpg	SPACE	1437	NOKEY
1447186737381	0	lts_1110L_23_01	23	01	1	338	0	0	1	FA	661	1/26423652.thl.jpg	26423652.thl.jpg	SPACE	701	NOKEY
1447186738501	0	lts_1110L_23_01	23	01	1	339	1	1	1	Hit	640	1-5/26423652.thl.jpg	26423652.thl.jpg	SPACE	685	SPACE
1447186741593	0	lts_1110L_23_01	23	01	1	340	0	0	0	CR	MAX	8/Acucumber2.jpg	Acucumber2.jpg	NOKEY	MAX	NOKEY
1447186743048	0	lts_1110L_23_01	23	01	1	341	0	0	1	FA	978	AANGLEME2.jpg	AANGLEME2.jpg	SPACE	1020	NOKEY
1447186746124	0	lts_1110L_23_01	23	01	1	342	0	0	0	CR	MAX	26431395.thl.jpg	26431395.thl.jpg	NOKEY	MAX	NOKEY
1447186747344	0	lts_1110L_23_01	23	01	1	343	32	1	1	Hit	741	32-9/Acomputerbag.jpg	Acomputerbag.jpg	SPACE	785	SPACE
1447186750420	0	lts_1110L_23_01	23	01	1	344	0	0	0	CR	MAX	32/AHUNTVES2.jpg	AHUNTVES2.jpg	NOKEY	MAX	NOKEY
1447186753513	0	lts_1110L_23_01	23	01	1	345	0	0	0	CR	MAX	AARCHERY.jpg	AARCHERY.jpg	NOKEY	MAX	NOKEY
1447186754850	0	lts_1110L_23_01	23	01	1	346	0	0	1	FA	853	ALADLE5.jpg	ALADLE5.jpg	SPACE	902	NOKEY
1447186757942	0	lts_1110L_23_01	23	01	1	347	0	0	0	CR	MAX	Astampandseal.jpg	Astampandseal.jpg	NOKEY	MAX	NOKEY
1447186758929	0	lts_1110L_23_01	23	01	1	348	8	1	1	Hit	491	8-first/Acucumber2.jpg	Acucumber2.jpg	SPACE	536	SPACE
1447186760768	0	lts_1110L_23_01	23	01	1	349	0	0	1	FA	1339	9815480.thl.jpg	9815480.thl.jpg	SPACE	1388	NOKEY
1447186761754	0	lts_1110L_23_01	23	01	1	350	2	1	1	Hit	511	2-mul/Acucumber2.jpg	Acucumber2.jpg	SPACE	553	SPACE
1447186764830	0	lts_1110L_23_01	23	01	1	351	0	0	0	CR	MAX	26372465.thl.jpg	26372465.thl.jpg	NOKEY	MAX	NOKEY
1447186767923	0	lts_1110L_23_01	23	01	1	352	0	0	0	CR	MAX	36407726.thl.jpg	36407726.thl.jpg	NOKEY	MAX	NOKEY
1447186769077	0	lts_1110L_23_01	23	01	1	353	16	1	1	Hit	674	16-1/23076640.thl.jpg	23076640.thl.jpg	SPACE	720	SPACE
1447186772153	0	lts_1110L_23_01	23	01	1	354	0	0	0	CR	MAX	broccoli.jpg	broccoli.jpg	NOKEY	MAX	NOKEY
1447186773941	0	lts_1110L_23_01	23	01	1	355	0	0	1	FA	1288	B_brush.jpg	B_brush.jpg	SPACE	1337	NOKEY
1447186775179	0	lts_1110L_23_01	23	01	1	356	00	1	1	Hit	759	00-across/8074514.thl.jpg	8074514.thl.jpg	SPACE	802	SPACE
1447186777052	0	lts_1110L_23_01	23	01	1	357	0	0	1	FA	1389	Aantiquemeta2.jpg	Aantiquemeta2.jpg	SPACE	1438	NOKEY
1447186779559	0	lts_1110L_23_01	23	01	1	358	0	0	1	FA	2037	4/26282693.thl.jpg	26282693.thl.jpg	SPACE	2073	NOKEY
1447186780663	0	lts_1110L_23_01	23	01	1	359	32	1	1	Hit	620	32-8/ADART3.jpg	ADART3.jpg	SPACE	669	SPACE
1447186783755	0	lts_1110L_23_01	23	01	1	360	0	0	0	CR	MAX	AWINEJUG3.jpg	AWINEJUG3.jpg	NOKEY	MAX	NOKEY
1447186786847	0	lts_1110L_23_01	23	01	1	361	0	0	0	CR	MAX	Adog122.jpg	Adog122.jpg	NOKEY	MAX	NOKEY
1447186787967	0	lts_1110L_23_01	23	01	1	362	4	1	1	Hit	638	4-11/26282693.thl.jpg	26282693.thl.jpg	SPACE	686	SPACE
1447186791044	0	lts_1110L_23_01	23	01	1	363	0	0	0	CR	MAX	Ascroll7.jpg	Ascroll7.jpg	NOKEY	MAX	NOKEY
1447186794137	0	lts_1110L_23_01	23	01	1	364	0	0	0	CR	MAX	64/Apinkshoe.jpg	Apinkshoe.jpg	NOKEY	MAX	NOKEY
1447186795592	0	lts_1110L_23_01	23	01	1	365	0	0	1	FA	959	4/Awatch28.jpg	Awatch28.jpg	SPACE	1003	NOKEY
1447186798668	0	lts_1110L_23_01	23	01	1	366	0	0	0	CR	MAX	1/26422216.thl.jpg	26422216.thl.jpg	NOKEY	MAX	NOKEY
1447186799704	0	lts_1110L_23_01	23	01	1	367	1	1	1	Hit	553	1-11/26422216.thl.jpg	26422216.thl.jpg	SPACE	602	SPACE
1447186802779	0	lts_1110L_23_01	23	01	1	368	0	0	0	CR	MAX	8245207.thl.jpg	8245207.thl.jpg	NOKEY	MAX	NOKEY
1447186803816	0	lts_1110L_23_01	23	01	1	369	4	1	1	Hit	553	4-7/Awatch28.jpg	Awatch28.jpg	SPACE	603	SPACE
1447186806892	0	lts_1110L_23_01	23	01	1	370	0	0	0	CR	MAX	Abutterdish.jpg	Abutterdish.jpg	NOKEY	MAX	NOKEY
1447186809968	0	lts_1110L_23_01	23	01	1	371	0	0	0	CR	MAX	1/Askirt2.jpg	Askirt2.jpg	NOKEY	MAX	NOKEY
1447186810938	0	lts_1110L_23_01	23	01	1	372	1	1	1	Hit	490	1-7/Askirt2.jpg	Askirt2.jpg	SPACE	535	SPACE
1447186814015	0	lts_1110L_23_01	23	01	1	373	0	0	0	CR	MAX	8/Acompass18.jpg	Acompass18.jpg	NOKEY	MAX	NOKEY
1447186815235	0	lts_1110L_23_01	23	01	1	374	64	1	1	Hit	745	64-first/Asaltgrinder.jpg	Asaltgrinder.jpg	SPACE	785	SPACE
1447186818328	0	lts_1110L_23_01	23	01	1	375	0	0	0	CR	MAX	Ablouse2.jpg	Ablouse2.jpg	NOKEY	MAX	NOKEY
1447186821404	0	lts_1110L_23_01	23	01	1	376	32	1	0	Miss	MAX	32-6/AHUNTVES2.jpg	AHUNTVES2.jpg	NOKEY	MAX	SPACE
1447186824480	0	lts_1110L_23_01	23	01	1	377	0	0	0	CR	MAX	Aadjustablech.jpg	Aadjustablech.jpg	NOKEY	MAX	NOKEY
1447186827556	0	lts_1110L_23_01	23	01	1	378	0	0	0	CR	MAX	32/8255030.thl.jpg	8255030.thl.jpg	NOKEY	MAX	NOKEY
1447186830632	0	lts_1110L_23_01	23	01	1	379	0	0	0	CR	MAX	Awildberries.jpg	Awildberries.jpg	NOKEY	MAX	NOKEY
1447186833725	0	lts_1110L_23_01	23	01	1	380	0	0	0	CR	MAX	promdress.jpg	promdress.jpg	NOKEY	MAX	NOKEY
1447186834944	0	lts_1110L_23_01	23	01	1	381	8	1	1	Hit	739	8-1/Acompass18.jpg	Acompass18.jpg	SPACE	786	SPACE
1447186838021	0	lts_1110L_23_01	23	01	1	382	0	0	0	CR	MAX	23077768.thl.jpg	23077768.thl.jpg	NOKEY	MAX	NOKEY
1447186841097	0	lts_1110L_23_01	23	01	1	383	0	0	0	CR	MAX	1/ACASKET5.jpg	ACASKET5.jpg	NOKEY	MAX	NOKEY
1447186841966	0	lts_1110L_23_01	23	01	1	384	1	1	1	Hit	399	1-0/ACASKET5.jpg	ACASKET5.jpg	SPACE	435	SPACE
1447186845043	0	lts_1110L_23_01	23	01	1	385	0	0	0	CR	MAX	2/Aplantinpot2.jpg	Aplantinpot2.jpg	NOKEY	MAX	NOKEY
1447186848136	0	lts_1110L_23_01	23	01	1	386	0	0	0	CR	MAX	Amousepad.jpg	Amousepad.jpg	NOKEY	MAX	NOKEY
1447186849122	0	lts_1110L_23_01	23	01	1	387	2	1	1	Hit	501	2-0/Aplantinpot2.jpg	Aplantinpot2.jpg	SPACE	552	SPACE
1447186852198	0	lts_1110L_23_01	23	01	1	388	0	0	0	CR	MAX	vatslheart.jpg	vatslheart.jpg	NOKEY	MAX	NOKEY
1447186855291	0	lts_1110L_23_01	23	01	1	389	0	0	0	CR	MAX	Akangarooandb.jpg	Akangarooandb.jpg	NOKEY	MAX	NOKEY
1447186856628	0	lts_1110L_23_01	23	01	1	390	16	1	1	Hit	868	16-mul/Asaltgrinder.jpg	Asaltgrinder.jpg	SPACE	903	SPACE
1447186859721	0	lts_1110L_23_01	23	01	1	391	0	0	0	CR	MAX	32/ABEDROOM8.jpg	ABEDROOM8.jpg	NOKEY	MAX	NOKEY
1447186862813	0	lts_1110L_23_01	23	01	1	392	0	0	0	CR	MAX	8/Ababytableand.jpg	Ababytableand.jpg	NOKEY	MAX	NOKEY
1447186865906	0	lts_1110L_23_01	23	01	1	393	0	0	0	CR	MAX	Acablelatch.jpg	Acablelatch.jpg	NOKEY	MAX	NOKEY
1447186868998	0	lts_1110L_23_01	23	01	1	394	0	0	0	CR	MAX	ADOGLEAS2.jpg	ADOGLEAS2.jpg	NOKEY	MAX	NOKEY
1447186872075	0	lts_1110L_23_01	23	01	1	395	0	0	0	CR	MAX	AANTHAT2.jpg	AANTHAT2.jpg	NOKEY	MAX	NOKEY
1447186875168	0	lts_1110L_23_01	23	01	1	396	0	0	0	CR	MAX	cough_medicine.jpg	cough_medicine.jpg	NOKEY	MAX	NOKEY
1447186878244	0	lts_1110L_23_01	23	01	1	397	0	0	0	CR	MAX	16/26432607.thl.jpg	26432607.thl.jpg	NOKEY	MAX	NOKEY
1447186881320	0	lts_1110L_23_01	23	01	1	398	0	0	0	CR	MAX	4/Arake4.jpg	Arake4.jpg	NOKEY	MAX	NOKEY
1447186884396	0	lts_1110L_23_01	23	01	1	399	0	0	0	CR	MAX	Alighter12.jpg	Alighter12.jpg	NOKEY	MAX	NOKEY
1447186885667	0	lts_1110L_23_01	23	01	1	400	8	1	1	Hit	789	8-first/Ababytableand.jpg	Ababytableand.jpg	SPACE	836	SPACE
1447186887289	0	lts_1110L_23_01	23	01	1	401	0	0	1	FA	1120	Aoutdoorprop3.jpg	Aoutdoorprop3.jpg	SPACE	1169	NOKEY
1447186889812	0	lts_1110L_23_01	23	01	1	402	4	1	1	Hit	2022	4-8/Arake4.jpg	Arake4.jpg	SPACE	2073	SPACE
1447186892905	0	lts_1110L_23_01	23	01	1	403	0	0	0	CR	MAX	ADOGSNACK.jpg	ADOGSNACK.jpg	NOKEY	MAX	NOKEY
1447186893908	0	lts_1110L_23_01	23	01	1	404	4	1	1	Hit	530	4-mul/Ababytableand.jpg	Ababytableand.jpg	SPACE	570	SPACE
1447186896984	0	lts_1110L_23_01	23	01	1	405	0	0	0	CR	MAX	ALAUNHAMP.jpg	ALAUNHAMP.jpg	NOKEY	MAX	NOKEY
1447186900061	0	lts_1110L_23_01	23	01	1	406	0	0	0	CR	MAX	ABROKUMBR.jpg	ABROKUMBR.jpg	NOKEY	MAX	NOKEY
1447186901298	0	lts_1110L_23_01	23	01	1	407	128	1	1	Hit	755	128-0/Atoy17.jpg	Atoy17.jpg	SPACE	802	SPACE
1447186904391	0	lts_1110L_23_01	23	01	1	408	0	0	0	CR	MAX	apparatus.jpg	apparatus.jpg	NOKEY	MAX	NOKEY
1447186907484	0	lts_1110L_23_01	23	01	1	409	0	0	0	CR	MAX	blueberriespack.jpg	blueberriespack.jpg	NOKEY	MAX	NOKEY
1447186908587	0	lts_1110L_23_01	23	01	1	410	32	1	1	Hit	625	32-4/8255030.thl.jpg	8255030.thl.jpg	SPACE	669	SPACE
1447186911663	0	lts_1110L_23_01	23	01	1	411	0	0	0	CR	MAX	AKNIFEHOL.jpg	AKNIFEHOL.jpg	NOKEY	MAX	NOKEY
1447186914755	0	lts_1110L_23_01	23	01	1	412	0	0	0	CR	MAX	AAMBULAN7.jpg	AAMBULAN7.jpg	NOKEY	MAX	NOKEY
1447186916026	0	lts_1110L_23_01	23	01	1	413	16	1	1	Hit	786	16-first/26432607.thl.jpg	26432607.thl.jpg	SPACE	837	SPACE
1447186919119	0	lts_1110L_23_01	23	01	1	414	0	0	0	CR	MAX	ASTEPPER.jpg	ASTEPPER.jpg	NOKEY	MAX	NOKEY
1447186920005	0	lts_1110L_23_01	23	01	1	415	2	1	1	Hit	409	2-mul/26432607.thl.jpg	26432607.thl.jpg	SPACE	451	SPACE
1447186921793	0	lts_1110L_23_01	23	01	1	416	0	0	1	FA	1294	paintbrush03.jpg	paintbrush03.jpg	SPACE	1338	NOKEY
1447186924886	0	lts_1110L_23_01	23	01	1	417	0	0	0	CR	MAX	26377183.thl.jpg	26377183.thl.jpg	NOKEY	MAX	NOKEY
1447186926308	0	lts_1110L_23_01	23	01	1	418	0	0	1	FA	930	AAIRPUMP2.jpg	AAIRPUMP2.jpg	SPACE	970	NOKEY
1447186929384	0	lts_1110L_23_01	23	01	1	419	0	0	0	CR	MAX	2/AANTICOT.jpg	AANTICOT.jpg	NOKEY	MAX	NOKEY
1447186932460	0	lts_1110L_23_01	23	01	1	420	0	0	0	CR	MAX	ASHOWCAP.jpg	ASHOWCAP.jpg	NOKEY	MAX	NOKEY
1447186933680	0	lts_1110L_23_01	23	01	1	421	2	1	1	Hit	746	2-11/AANTICOT.jpg	AANTICOT.jpg	SPACE	786	SPACE
1447186936772	0	lts_1110L_23_01	23	01	1	422	0	0	0	CR	MAX	26427910.thl.jpg	26427910.thl.jpg	NOKEY	MAX	NOKEY
1447186938445	0	lts_1110L_23_01	23	01	1	423	32	1	1	Hit	1202	32-0/ABEDROOM8.jpg	ABEDROOM8.jpg	SPACE	1238	SPACE
1447186941538	0	lts_1110L_23_01	23	01	1	424	0	0	0	CR	MAX	Anoisma32.jpg	Anoisma32.jpg	NOKEY	MAX	NOKEY
1447186944681	0	lts_1110L_23_01	23	01	1	425	0	0	0	CR	MAX	26424291.thl.jpg	26424291.thl.jpg	NOKEY	MAX	NOKEY
1447186947772	0	lts_1110L_23_01	23	01	1	426	0	0	0	CR	MAX	16/Aflowerpot15.jpg	Aflowerpot15.jpg	NOKEY	MAX	NOKEY
1447186950865	0	lts_1110L_23_01	23	01	1	427	0	0	0	CR	MAX	ADOGTOY5.jpg	ADOGTOY5.jpg	NOKEY	MAX	NOKEY
1447186951868	0	lts_1110L_23_01	23	01	1	428	64	1	1	Hit	531	64-first/Apinkshoe.jpg	Apinkshoe.jpg	SPACE	569	SPACE
1447186954961	0	lts_1110L_23_01	23	01	1	429	0	0	0	CR	MAX	catsl60.jpg	catsl60.jpg	NOKEY	MAX	NOKEY
1447186955931	0	lts_1110L_23_01	23	01	1	430	2	1	1	Hit	501	2-mul/Apinkshoe.jpg	Apinkshoe.jpg	SPACE	537	SPACE
1447186959008	0	lts_1110L_23_01	23	01	1	431	0	0	0	CR	MAX	4/Agourd8.jpg	Agourd8.jpg	NOKEY	MAX	NOKEY
1447186962084	0	lts_1110L_23_01	23	01	1	432	0	0	0	CR	MAX	26772997.thl.jpg	26772997.thl.jpg	NOKEY	MAX	NOKEY
1447186965177	0	lts_1110L_23_01	23	01	1	433	0	0	0	CR	MAX	AAXE4.jpg	AAXE4.jpg	NOKEY	MAX	NOKEY
1447186968269	0	lts_1110L_23_01	23	01	1	434	0	0	0	CR	MAX	Agroupofmole7.jpg	Agroupofmole7.jpg	NOKEY	MAX	NOKEY
1447186971345	0	lts_1110L_23_01	23	01	1	435	4	1	0	Miss	MAX	4-10/Agourd8.jpg	Agourd8.jpg	NOKEY	MAX	SPACE
1447186974421	0	lts_1110L_23_01	23	01	1	436	0	0	0	CR	MAX	checkejellyjar.jpg	checkejellyjar.jpg	NOKEY	MAX	NOKEY
1447186977498	0	lts_1110L_23_01	23	01	1	437	0	0	0	CR	MAX	ACAPTAIN9.jpg	ACAPTAIN9.jpg	NOKEY	MAX	NOKEY
1447186980590	0	lts_1110L_23_01	23	01	1	438	0	0	0	CR	MAX	2/AANBABYCA.jpg	AANBABYCA.jpg	NOKEY	MAX	NOKEY
1447186983683	0	lts_1110L_23_01	23	01	1	439	0	0	0	CR	MAX	Atoychestfor3.jpg	Atoychestfor3.jpg	NOKEY	MAX	NOKEY
1447186984703	0	lts_1110L_23_01	23	01	1	440	2	1	1	Hit	548	2-13/AANBABYCA.jpg	AANBABYCA.jpg	SPACE	585	SPACE
1447186987795	0	lts_1110L_23_01	23	01	1	441	0	0	0	CR	MAX	APARKMET6.jpg	APARKMET6.jpg	NOKEY	MAX	NOKEY
1447186988814	0	lts_1110L_23_01	23	01	1	442	16	1	1	Hit	536	16-first/Aflowerpot15.jpg	Aflowerpot15.jpg	SPACE	586	SPACE
1447186991891	0	lts_1110L_23_01	23	01	1	443	0	0	0	CR	MAX	Afoodgrinder2.jpg	Afoodgrinder2.jpg	NOKEY	MAX	NOKEY
1447186995051	0	lts_1110L_23_01	23	01	1	444	0	0	0	CR	MAX	ASPOTLIG2.jpg	ASPOTLIG2.jpg	NOKEY	MAX	NOKEY
1447186998144	0	lts_1110L_23_01	23	01	1	445	0	0	0	CR	MAX	Acookiejar14.jpg	Acookiejar14.jpg	NOKEY	MAX	NOKEY
1447186999130	0	lts_1110L_23_01	23	01	1	446	4	1	1	Hit	517	4-mul/Aflowerpot15.jpg	Aflowerpot15.jpg	SPACE	552	SPACE
1447187002223	0	lts_1110L_23_01	23	01	1	447	0	0	0	CR	MAX	Astrawfan.jpg	Astrawfan.jpg	NOKEY	MAX	NOKEY
1447187003877	0	lts_1110L_23_01	23	01	1	448	0	0	1	FA	1161	AJEWELBO3.jpg	AJEWELBO3.jpg	SPACE	1204	NOKEY
1447187006970	0	lts_1110L_23_01	23	01	1	449	0	0	0	CR	MAX	AMILPHONE.jpg	AMILPHONE.jpg	NOKEY	MAX	NOKEY
1447187193658	0	E	Logging Ends
