1447177956108	0	B	Logging Begins
1447178076454	0	lts_1110L_22_01	22	01	0	0	0	0	0	CR	MAX	Aantiquecigar.jpg	Aantiquecigar.jpg	NOKEY	MAX	NOKEY
1447178079545	0	lts_1110L_22_01	22	01	0	1	0	0	0	CR	MAX	Ahousboa2.jpg	Ahousboa2.jpg	NOKEY	MAX	NOKEY
1447178082619	0	lts_1110L_22_01	22	01	0	2	0	0	0	CR	MAX	Awinecase.jpg	Awinecase.jpg	NOKEY	MAX	NOKEY
1447178085693	0	lts_1110L_22_01	22	01	0	3	0	0	0	CR	MAX	Ataperecorde4.jpg	Ataperecorde4.jpg	NOKEY	MAX	NOKEY
1447178088785	0	lts_1110L_22_01	22	01	0	4	0	0	0	CR	MAX	2/Aframedpainti.jpg	Aframedpainti.jpg	NOKEY	MAX	NOKEY
1447178091859	0	lts_1110L_22_01	22	01	0	5	0	0	0	CR	MAX	AWATERJU3.jpg	AWATERJU3.jpg	NOKEY	MAX	NOKEY
1447178094933	0	lts_1110L_22_01	22	01	0	6	2	1	0	Miss	MAX	2-1/Aframedpainti.jpg	Aframedpainti.jpg	NOKEY	MAX	SPACE
1447178098009	0	lts_1110L_22_01	22	01	0	7	0	0	0	CR	MAX	16/8055181.thl.jpg	8055181.thl.jpg	NOKEY	MAX	NOKEY
1447178101099	0	lts_1110L_22_01	22	01	0	8	0	0	0	CR	MAX	2/22910996.thl.jpg	22910996.thl.jpg	NOKEY	MAX	NOKEY
1447178104190	0	lts_1110L_22_01	22	01	0	9	0	0	0	CR	MAX	32/8057434.thl.jpg	8057434.thl.jpg	NOKEY	MAX	NOKEY
1447178105376	0	lts_1110L_22_01	22	01	0	10	2	1	1	Hit	702	2-2/22910996.thl.jpg	22910996.thl.jpg	SPACE	752	SPACE
1447178108450	0	lts_1110L_22_01	22	01	0	11	0	0	0	CR	MAX	AKNIFECOL.jpg	AKNIFECOL.jpg	NOKEY	MAX	NOKEY
1447178111525	0	lts_1110L_22_01	22	01	0	12	0	0	0	CR	MAX	26466347.thl.jpg	26466347.thl.jpg	NOKEY	MAX	NOKEY
1447178114599	0	lts_1110L_22_01	22	01	0	13	0	0	0	CR	MAX	Heatpad.jpg	Heatpad.jpg	NOKEY	MAX	NOKEY
1447178117673	0	lts_1110L_22_01	22	01	0	14	0	0	0	CR	MAX	APANCAKE3.jpg	APANCAKE3.jpg	NOKEY	MAX	NOKEY
1447178120764	0	lts_1110L_22_01	22	01	0	15	0	0	0	CR	MAX	Areindeertoy4.jpg	Areindeertoy4.jpg	NOKEY	MAX	NOKEY
1447178123839	0	lts_1110L_22_01	22	01	0	16	0	0	0	CR	MAX	2/AARTIFLE2.jpg	AARTIFLE2.jpg	NOKEY	MAX	NOKEY
1447178126930	0	lts_1110L_22_01	22	01	0	17	0	0	0	CR	MAX	ALINENCA3.jpg	ALINENCA3.jpg	NOKEY	MAX	NOKEY
1447178128017	0	lts_1110L_22_01	22	01	0	18	2	1	1	Hit	604	2-0/AARTIFLE2.jpg	AARTIFLE2.jpg	SPACE	651	SPACE
1447178131090	0	lts_1110L_22_01	22	01	0	19	0	0	0	CR	MAX	AROOSTERP.jpg	AROOSTERP.jpg	NOKEY	MAX	NOKEY
1447178134165	0	lts_1110L_22_01	22	01	0	20	0	0	0	CR	MAX	Abulbprotect2.jpg	Abulbprotect2.jpg	NOKEY	MAX	NOKEY
1447178137239	0	lts_1110L_22_01	22	01	0	21	0	0	0	CR	MAX	ASUSHI8.jpg	ASUSHI8.jpg	NOKEY	MAX	NOKEY
1447178140330	0	lts_1110L_22_01	22	01	0	22	0	0	0	CR	MAX	ACATCAGE.jpg	ACATCAGE.jpg	NOKEY	MAX	NOKEY
1447178141449	0	lts_1110L_22_01	22	01	0	23	16	1	1	Hit	625	16-1/8055181.thl.jpg	8055181.thl.jpg	SPACE	670	SPACE
1447178144541	0	lts_1110L_22_01	22	01	0	24	0	0	0	CR	MAX	128/Afruitcake.jpg	Afruitcake.jpg	NOKEY	MAX	NOKEY
1447178147632	0	lts_1110L_22_01	22	01	0	25	0	0	0	CR	MAX	32/Aredandbluef2.jpg	Aredandbluef2.jpg	NOKEY	MAX	NOKEY
1447178150723	0	lts_1110L_22_01	22	01	0	26	0	0	0	CR	MAX	26393373.thl.jpg	26393373.thl.jpg	NOKEY	MAX	NOKEY
1447178153797	0	lts_1110L_22_01	22	01	0	27	0	0	0	CR	MAX	ACUTPIN.jpg	ACUTPIN.jpg	NOKEY	MAX	NOKEY
1447178156888	0	lts_1110L_22_01	22	01	0	28	0	0	0	CR	MAX	1/AAIRGAUGE.jpg	AAIRGAUGE.jpg	NOKEY	MAX	NOKEY
1447178158025	0	lts_1110L_22_01	22	01	0	29	1	1	1	Hit	666	1-3/AAIRGAUGE.jpg	AAIRGAUGE.jpg	SPACE	701	SPACE
1447178161099	0	lts_1110L_22_01	22	01	0	30	0	0	0	CR	MAX	1/Acalligraphy2.jpg	Acalligraphy2.jpg	NOKEY	MAX	NOKEY
1447178161951	0	lts_1110L_22_01	22	01	0	31	1	1	1	Hit	370	1-6/Acalligraphy2.jpg	Acalligraphy2.jpg	SPACE	418	SPACE
1447178165026	0	lts_1110L_22_01	22	01	0	32	0	0	0	CR	MAX	64/AALMOND1.jpg	AALMOND1.jpg	NOKEY	MAX	NOKEY
1447178168100	0	lts_1110L_22_01	22	01	0	33	0	0	0	CR	MAX	Alipstick3.jpg	Alipstick3.jpg	NOKEY	MAX	NOKEY
1447178171174	0	lts_1110L_22_01	22	01	0	34	0	0	0	CR	MAX	hurdle.jpg	hurdle.jpg	NOKEY	MAX	NOKEY
1447178174248	0	lts_1110L_22_01	22	01	0	35	0	0	0	CR	MAX	8/Ahippopotamu4.jpg	Ahippopotamu4.jpg	NOKEY	MAX	NOKEY
1447178177322	0	lts_1110L_22_01	22	01	0	36	0	0	0	CR	MAX	2/AWODSPOON.jpg	AWODSPOON.jpg	NOKEY	MAX	NOKEY
1447178180397	0	lts_1110L_22_01	22	01	0	37	0	0	0	CR	MAX	64/Abasket110.jpg	Abasket110.jpg	NOKEY	MAX	NOKEY
1447178181500	0	lts_1110L_22_01	22	01	0	38	2	1	1	Hit	627	2-3/AWODSPOON.jpg	AWODSPOON.jpg	SPACE	669	SPACE
1447178184574	0	lts_1110L_22_01	22	01	0	39	0	0	0	CR	MAX	Aeggsandwich6.jpg	Aeggsandwich6.jpg	NOKEY	MAX	NOKEY
1447178187648	0	lts_1110L_22_01	22	01	0	40	0	0	0	CR	MAX	Acarvedpumpk2.jpg	Acarvedpumpk2.jpg	NOKEY	MAX	NOKEY
1447178188801	0	lts_1110L_22_01	22	01	0	41	32	1	1	Hit	683	32-6/8057434.thl.jpg	8057434.thl.jpg	SPACE	718	SPACE
1447178191876	0	lts_1110L_22_01	22	01	0	42	0	0	0	CR	MAX	32/AHIBACHI.jpg	AHIBACHI.jpg	NOKEY	MAX	NOKEY
1447178192895	0	lts_1110L_22_01	22	01	0	43	8	1	1	Hit	549	8-first/Ahippopotamu4.jpg	Ahippopotamu4.jpg	SPACE	585	SPACE
1447178195969	0	lts_1110L_22_01	22	01	0	44	0	0	0	CR	MAX	AMAGNIFL2.jpg	AMAGNIFL2.jpg	NOKEY	MAX	NOKEY
1447178199045	0	lts_1110L_22_01	22	01	0	45	0	0	0	CR	MAX	Alighthouse6.jpg	Alighthouse6.jpg	NOKEY	MAX	NOKEY
1447178202118	0	lts_1110L_22_01	22	01	0	46	0	0	0	CR	MAX	15870946.thl.jpg	15870946.thl.jpg	NOKEY	MAX	NOKEY
1447178205192	0	lts_1110L_22_01	22	01	0	47	0	0	0	CR	MAX	26427910.thl.jpg	26427910.thl.jpg	NOKEY	MAX	NOKEY
1447178208283	0	lts_1110L_22_01	22	01	0	48	0	0	0	CR	MAX	128/Acandycanesin.jpg	Acandycanesin.jpg	NOKEY	MAX	NOKEY
1447178211358	0	lts_1110L_22_01	22	01	0	49	0	0	0	CR	MAX	1/APOGO4.jpg	APOGO4.jpg	NOKEY	MAX	NOKEY
1447178212293	0	lts_1110L_22_01	22	01	0	50	1	1	1	Hit	464	1-5/APOGO4.jpg	APOGO4.jpg	SPACE	501	SPACE
1447178215368	0	lts_1110L_22_01	22	01	0	51	0	0	0	CR	MAX	ACOWBOYH3.jpg	ACOWBOYH3.jpg	NOKEY	MAX	NOKEY
1447178218459	0	lts_1110L_22_01	22	01	0	52	0	0	0	CR	MAX	ASAFE.jpg	ASAFE.jpg	NOKEY	MAX	NOKEY
1447178221550	0	lts_1110L_22_01	22	01	0	53	0	0	0	CR	MAX	2/AMUSISTA2.jpg	AMUSISTA2.jpg	NOKEY	MAX	NOKEY
1447178224641	0	lts_1110L_22_01	22	01	0	54	0	0	0	CR	MAX	Akitchentool2.jpg	Akitchentool2.jpg	NOKEY	MAX	NOKEY
1447178225927	0	lts_1110L_22_01	22	01	0	55	2	1	1	Hit	817	2-8/AMUSISTA2.jpg	AMUSISTA2.jpg	SPACE	852	SPACE
1447178229019	0	lts_1110L_22_01	22	01	0	56	0	0	0	CR	MAX	A_flower.jpg	A_flower.jpg	NOKEY	MAX	NOKEY
1447178230138	0	lts_1110L_22_01	22	01	0	57	32	1	1	Hit	642	32-0/Aredandbluef2.jpg	Aredandbluef2.jpg	SPACE	684	SPACE
1447178233212	0	lts_1110L_22_01	22	01	0	58	0	0	0	CR	MAX	128/AHONEYSTI.jpg	AHONEYSTI.jpg	NOKEY	MAX	NOKEY
1447178234248	0	lts_1110L_22_01	22	01	0	59	16	1	1	Hit	555	16-mul/Ahippopotamu4.jpg	Ahippopotamu4.jpg	SPACE	601	SPACE
1447178237322	0	lts_1110L_22_01	22	01	0	60	0	0	0	CR	MAX	64/22855536.thl.jpg	22855536.thl.jpg	NOKEY	MAX	NOKEY
1447178240397	0	lts_1110L_22_01	22	01	0	61	0	0	0	CR	MAX	8058011.thl.jpg	8058011.thl.jpg	NOKEY	MAX	NOKEY
1447178243471	0	lts_1110L_22_01	22	01	0	62	0	0	0	CR	MAX	Agratedchees2.jpg	Agratedchees2.jpg	NOKEY	MAX	NOKEY
1447178246545	0	lts_1110L_22_01	22	01	0	63	0	0	0	CR	MAX	26431414.thl.jpg	26431414.thl.jpg	NOKEY	MAX	NOKEY
1447178249620	0	lts_1110L_22_01	22	01	0	64	0	0	0	CR	MAX	16/ASHEEP4.jpg	ASHEEP4.jpg	NOKEY	MAX	NOKEY
1447178252711	0	lts_1110L_22_01	22	01	0	65	0	0	0	CR	MAX	Abrasscr2.jpg	Abrasscr2.jpg	NOKEY	MAX	NOKEY
1447178255785	0	lts_1110L_22_01	22	01	0	66	0	0	0	CR	MAX	Afirealarm2.jpg	Afirealarm2.jpg	NOKEY	MAX	NOKEY
1447178258860	0	lts_1110L_22_01	22	01	0	67	0	0	0	CR	MAX	2/16247853.thl.jpg	16247853.thl.jpg	NOKEY	MAX	NOKEY
1447178261934	0	lts_1110L_22_01	22	01	0	68	0	0	0	CR	MAX	16/AWOODSPO3.jpg	AWOODSPO3.jpg	NOKEY	MAX	NOKEY
1447178263906	0	lts_1110L_22_01	22	01	0	69	2	1	1	Hit	1488	2-12/16247853.thl.jpg	16247853.thl.jpg	SPACE	1537	SPACE
1447178266997	0	lts_1110L_22_01	22	01	0	70	0	0	0	CR	MAX	AHEATER3.jpg	AHEATER3.jpg	NOKEY	MAX	NOKEY
1447178270088	0	lts_1110L_22_01	22	01	0	71	0	0	0	CR	MAX	AHCONGADR.jpg	AHCONGADR.jpg	NOKEY	MAX	NOKEY
1447178273179	0	lts_1110L_22_01	22	01	0	72	0	0	0	CR	MAX	22911908.thl.jpg	22911908.thl.jpg	NOKEY	MAX	NOKEY
1447178276253	0	lts_1110L_22_01	22	01	0	73	0	0	0	CR	MAX	128/ASTAMPS.jpg	ASTAMPS.jpg	NOKEY	MAX	NOKEY
1447178277306	0	lts_1110L_22_01	22	01	0	74	32	1	1	Hit	570	32-9/AHIBACHI.jpg	AHIBACHI.jpg	SPACE	619	SPACE
1447178280380	0	lts_1110L_22_01	22	01	0	75	0	0	0	CR	MAX	26375899.thl.jpg	26375899.thl.jpg	NOKEY	MAX	NOKEY
1447178283471	0	lts_1110L_22_01	22	01	0	76	0	0	0	CR	MAX	Amagnifyinglo.jpg	Amagnifyinglo.jpg	NOKEY	MAX	NOKEY
1447178286562	0	lts_1110L_22_01	22	01	0	77	0	0	0	CR	MAX	32/ASHAVING9.jpg	ASHAVING9.jpg	NOKEY	MAX	NOKEY
1447178287882	0	lts_1110L_22_01	22	01	0	78	0	0	1	FA	847	Anailpolish.jpg	Anailpolish.jpg	SPACE	885	NOKEY
1447178290957	0	lts_1110L_22_01	22	01	0	79	0	0	0	CR	MAX	Agolfbag.jpg	Agolfbag.jpg	NOKEY	MAX	NOKEY
1447178292126	0	lts_1110L_22_01	22	01	0	80	16	1	1	Hit	686	16-first/ASHEEP4.jpg	ASHEEP4.jpg	SPACE	735	SPACE
1447178295217	0	lts_1110L_22_01	22	01	0	81	0	0	0	CR	MAX	128/Ascroll7.jpg	Ascroll7.jpg	NOKEY	MAX	NOKEY
1447178296203	0	lts_1110L_22_01	22	01	0	82	2	1	1	Hit	511	2-mul/ASHEEP4.jpg	ASHEEP4.jpg	SPACE	552	SPACE
1447178299277	0	lts_1110L_22_01	22	01	0	83	0	0	0	CR	MAX	AELECRAZ7.jpg	AELECRAZ7.jpg	NOKEY	MAX	NOKEY
1447178300397	0	lts_1110L_22_01	22	01	0	84	16	1	1	Hit	643	16-first/AWOODSPO3.jpg	AWOODSPO3.jpg	SPACE	685	SPACE
1447178303488	0	lts_1110L_22_01	22	01	0	85	0	0	0	CR	MAX	AMINCOLLE.jpg	AMINCOLLE.jpg	NOKEY	MAX	NOKEY
1447178304540	0	lts_1110L_22_01	22	01	0	86	2	1	1	Hit	573	2-mul/AWOODSPO3.jpg	AWOODSPO3.jpg	SPACE	618	SPACE
1447178307615	0	lts_1110L_22_01	22	01	0	87	0	0	0	CR	MAX	32/26772987.thl.jpg	26772987.thl.jpg	NOKEY	MAX	NOKEY
1447178310706	0	lts_1110L_22_01	22	01	0	88	0	0	0	CR	MAX	2/ACHINLAMP.jpg	ACHINLAMP.jpg	NOKEY	MAX	NOKEY
1447178313780	0	lts_1110L_22_01	22	01	0	89	0	0	0	CR	MAX	4/AANTMILK.jpg	AANTMILK.jpg	NOKEY	MAX	NOKEY
1447178314983	0	lts_1110L_22_01	22	01	0	90	2	1	1	Hit	719	2-10/ACHINLAMP.jpg	ACHINLAMP.jpg	SPACE	768	SPACE
1447178318059	0	lts_1110L_22_01	22	01	0	91	0	0	0	CR	MAX	Avacuum13.jpg	Avacuum13.jpg	NOKEY	MAX	NOKEY
1447178321132	0	lts_1110L_22_01	22	01	0	92	0	0	0	CR	MAX	surfboard.JPG	surfboard.JPG	NOKEY	MAX	NOKEY
1447178324206	0	lts_1110L_22_01	22	01	0	93	4	1	0	Miss	MAX	4-6/AANTMILK.jpg	AANTMILK.jpg	NOKEY	MAX	SPACE
1447178327297	0	lts_1110L_22_01	22	01	0	94	0	0	0	CR	MAX	moneyslotmachine.jpg	moneyslotmachine.jpg	NOKEY	MAX	NOKEY
1447178330388	0	lts_1110L_22_01	22	01	0	95	0	0	0	CR	MAX	22859028.thl.jpg	22859028.thl.jpg	NOKEY	MAX	NOKEY
1447178331424	0	lts_1110L_22_01	22	01	0	96	64	1	1	Hit	564	64-first/AALMOND1.jpg	AALMOND1.jpg	SPACE	603	SPACE
1447178334515	0	lts_1110L_22_01	22	01	0	97	0	0	0	CR	MAX	26379570.thl.jpg	26379570.thl.jpg	NOKEY	MAX	NOKEY
1447178335518	0	lts_1110L_22_01	22	01	0	98	2	1	1	Hit	523	2-mul/AALMOND1.jpg	AALMOND1.jpg	SPACE	568	SPACE
1447178338609	0	lts_1110L_22_01	22	01	0	99	0	0	0	CR	MAX	Abucket51.jpg	Abucket51.jpg	NOKEY	MAX	NOKEY
1447178341700	0	lts_1110L_22_01	22	01	0	100	0	0	0	CR	MAX	26456480.thl.jpg	26456480.thl.jpg	NOKEY	MAX	NOKEY
1447178342887	0	lts_1110L_22_01	22	01	0	101	64	1	1	Hit	709	64-first/Abasket110.jpg	Abasket110.jpg	SPACE	751	SPACE
1447178345961	0	lts_1110L_22_01	22	01	0	102	0	0	0	CR	MAX	1/AHUNTVES2.jpg	AHUNTVES2.jpg	NOKEY	MAX	NOKEY
1447178346930	0	lts_1110L_22_01	22	01	0	103	1	1	1	Hit	492	1-4/AHUNTVES2.jpg	AHUNTVES2.jpg	SPACE	535	SPACE
1447178350005	0	lts_1110L_22_01	22	01	0	104	0	0	0	CR	MAX	AJEEPBOA2.jpg	AJEEPBOA2.jpg	NOKEY	MAX	NOKEY
1447178351058	0	lts_1110L_22_01	22	01	0	105	4	1	1	Hit	573	4-mul/Abasket110.jpg	Abasket110.jpg	SPACE	617	SPACE
1447178354131	0	lts_1110L_22_01	22	01	0	106	0	0	0	CR	MAX	Achair1260.jpg	Achair1260.jpg	NOKEY	MAX	NOKEY
1447178357205	0	lts_1110L_22_01	22	01	0	107	0	0	0	CR	MAX	4/AHEDGEHOG.jpg	AHEDGEHOG.jpg	NOKEY	MAX	NOKEY
1447178360280	0	lts_1110L_22_01	22	01	0	108	0	0	0	CR	MAX	Apokerchips3.jpg	Apokerchips3.jpg	NOKEY	MAX	NOKEY
1447178361366	0	lts_1110L_22_01	22	01	0	109	32	1	1	Hit	609	32-1/ASHAVING9.jpg	ASHAVING9.jpg	SPACE	652	SPACE
1447178364440	0	lts_1110L_22_01	22	01	0	110	0	0	0	CR	MAX	AGLASSBA4.jpg	AGLASSBA4.jpg	NOKEY	MAX	NOKEY
1447178365493	0	lts_1110L_22_01	22	01	0	111	4	1	1	Hit	581	4-8/AHEDGEHOG.jpg	AHEDGEHOG.jpg	SPACE	618	SPACE
1447178368567	0	lts_1110L_22_01	22	01	0	112	0	0	0	CR	MAX	ASHIRTSK2.jpg	ASHIRTSK2.jpg	NOKEY	MAX	NOKEY
1447178371642	0	lts_1110L_22_01	22	01	0	113	0	0	0	CR	MAX	D_podium.jpg	D_podium.jpg	NOKEY	MAX	NOKEY
1447178374716	0	lts_1110L_22_01	22	01	0	114	0	0	0	CR	MAX	Ahumansku101.jpg	Ahumansku101.jpg	NOKEY	MAX	NOKEY
1447178377790	0	lts_1110L_22_01	22	01	0	115	0	0	0	CR	MAX	8021822.thl.jpg	8021822.thl.jpg	NOKEY	MAX	NOKEY
1447178380865	0	lts_1110L_22_01	22	01	0	116	0	0	0	CR	MAX	Adropper2.jpg	Adropper2.jpg	NOKEY	MAX	NOKEY
1447178383939	0	lts_1110L_22_01	22	01	0	117	0	0	0	CR	MAX	driedbananaslides.jpg	driedbananaslides.jpg	NOKEY	MAX	NOKEY
1447178387031	0	lts_1110L_22_01	22	01	0	118	0	0	0	CR	MAX	ACOFFTRA2.jpg	ACOFFTRA2.jpg	NOKEY	MAX	NOKEY
1447178390104	0	lts_1110L_22_01	22	01	0	119	32	1	0	Miss	MAX	32-3/26772987.thl.jpg	26772987.thl.jpg	NOKEY	MAX	SPACE
1447178393195	0	lts_1110L_22_01	22	01	0	120	0	0	0	CR	MAX	2/8254014.thl.jpg	8254014.thl.jpg	NOKEY	MAX	NOKEY
1447178396286	0	lts_1110L_22_01	22	01	0	121	0	0	0	CR	MAX	Asewingpins.jpg	Asewingpins.jpg	NOKEY	MAX	NOKEY
1447178399361	0	lts_1110L_22_01	22	01	0	122	2	1	0	Miss	MAX	2-6/8254014.thl.jpg	8254014.thl.jpg	NOKEY	MAX	SPACE
1447178402469	0	lts_1110L_22_01	22	01	0	123	0	0	0	CR	MAX	Areceptacle3.jpg	Areceptacle3.jpg	NOKEY	MAX	NOKEY
1447178405543	0	lts_1110L_22_01	22	01	0	124	64	1	0	Miss	MAX	64-first/22855536.thl.jpg	22855536.thl.jpg	NOKEY	MAX	SPACE
1447178408634	0	lts_1110L_22_01	22	01	0	125	0	0	0	CR	MAX	Ahandbag68.jpg	Ahandbag68.jpg	NOKEY	MAX	NOKEY
1447178409770	0	lts_1110L_22_01	22	01	0	126	2	1	1	Hit	654	2-mul/22855536.thl.jpg	22855536.thl.jpg	SPACE	701	SPACE
1447178412845	0	lts_1110L_22_01	22	01	0	127	0	0	0	CR	MAX	2/AASPHEQUA.jpg	AASPHEQUA.jpg	NOKEY	MAX	NOKEY
1447178415936	0	lts_1110L_22_01	22	01	0	128	0	0	0	CR	MAX	Adracmask.jpg	Adracmask.jpg	NOKEY	MAX	NOKEY
1447178417023	0	lts_1110L_22_01	22	01	0	129	2	1	1	Hit	601	2-4/AASPHEQUA.jpg	AASPHEQUA.jpg	SPACE	652	SPACE
1447178420096	0	lts_1110L_22_01	22	01	0	130	0	0	0	CR	MAX	4/bowtie.jpg	bowtie.jpg	NOKEY	MAX	NOKEY
1447178423170	0	lts_1110L_22_01	22	01	0	131	0	0	0	CR	MAX	Abladetablesa.jpg	Abladetablesa.jpg	NOKEY	MAX	NOKEY
1447178426261	0	lts_1110L_22_01	22	01	0	132	0	0	0	CR	MAX	Ahappdec4.jpg	Ahappdec4.jpg	NOKEY	MAX	NOKEY
1447178429352	0	lts_1110L_22_01	22	01	0	133	0	0	0	CR	MAX	AFISHHOO9.jpg	AFISHHOO9.jpg	NOKEY	MAX	NOKEY
1447178430438	0	lts_1110L_22_01	22	01	0	134	4	1	1	Hit	588	4-5/bowtie.jpg	bowtie.jpg	SPACE	636	SPACE
1447178433530	0	lts_1110L_22_01	22	01	0	135	0	0	0	CR	MAX	8/erasergum.jpg	erasergum.jpg	NOKEY	MAX	NOKEY
1447178436621	0	lts_1110L_22_01	22	01	0	136	0	0	0	CR	MAX	23028486.thl.jpg	23028486.thl.jpg	NOKEY	MAX	NOKEY
1447178439712	0	lts_1110L_22_01	22	01	0	137	0	0	0	CR	MAX	Asaturn.jpg	Asaturn.jpg	NOKEY	MAX	NOKEY
1447178442803	0	lts_1110L_22_01	22	01	0	138	0	0	0	CR	MAX	dustpan02.jpg	dustpan02.jpg	NOKEY	MAX	NOKEY
1447178445877	0	lts_1110L_22_01	22	01	0	139	0	0	0	CR	MAX	AWOODST19.jpg	AWOODST19.jpg	NOKEY	MAX	NOKEY
1447178448968	0	lts_1110L_22_01	22	01	0	140	0	0	0	CR	MAX	16/Atoyswing.jpg	Atoyswing.jpg	NOKEY	MAX	NOKEY
1447178452044	0	lts_1110L_22_01	22	01	0	141	0	0	0	CR	MAX	Apairofrubbe3.jpg	Apairofrubbe3.jpg	NOKEY	MAX	NOKEY
1447178455117	0	lts_1110L_22_01	22	01	0	142	0	0	0	CR	MAX	ABAKINGPA.jpg	ABAKINGPA.jpg	NOKEY	MAX	NOKEY
1447178456370	0	lts_1110L_22_01	22	01	0	143	8	1	1	Hit	784	8-first/erasergum.jpg	erasergum.jpg	SPACE	819	SPACE
1447178459444	0	lts_1110L_22_01	22	01	0	144	0	0	0	CR	MAX	Astackingtoy2.jpg	Astackingtoy2.jpg	NOKEY	MAX	NOKEY
1447178462519	0	lts_1110L_22_01	22	01	0	145	0	0	0	CR	MAX	Asword138.jpg	Asword138.jpg	NOKEY	MAX	NOKEY
1447178465593	0	lts_1110L_22_01	22	01	0	146	0	0	0	CR	MAX	Aelectricgri3.jpg	Aelectricgri3.jpg	NOKEY	MAX	NOKEY
1447178466596	0	lts_1110L_22_01	22	01	0	147	4	1	1	Hit	532	4-mul/erasergum.jpg	erasergum.jpg	SPACE	568	SPACE
1447178469687	0	lts_1110L_22_01	22	01	0	148	0	0	0	CR	MAX	1/Aclockradio4.jpg	Aclockradio4.jpg	NOKEY	MAX	NOKEY
1447178470706	0	lts_1110L_22_01	22	01	0	149	1	1	1	Hit	545	1-7/Aclockradio4.jpg	Aclockradio4.jpg	SPACE	585	SPACE
1447178473780	0	lts_1110L_22_01	22	01	0	150	0	0	0	CR	MAX	22849284.thl.jpg	22849284.thl.jpg	NOKEY	MAX	NOKEY
1447178476855	0	lts_1110L_22_01	22	01	0	151	0	0	0	CR	MAX	Aflask19.jpg	Aflask19.jpg	NOKEY	MAX	NOKEY
1447178479929	0	lts_1110L_22_01	22	01	0	152	128	1	0	Miss	MAX	128-1/Afruitcake.jpg	Afruitcake.jpg	NOKEY	MAX	SPACE
1447178483021	0	lts_1110L_22_01	22	01	0	153	0	0	0	CR	MAX	ASPOONS2.jpg	ASPOONS2.jpg	NOKEY	MAX	NOKEY
1447178486094	0	lts_1110L_22_01	22	01	0	154	0	0	0	CR	MAX	26427612.thl.jpg	26427612.thl.jpg	NOKEY	MAX	NOKEY
1447178489168	0	lts_1110L_22_01	22	01	0	155	0	0	0	CR	MAX	26433942.thl.jpg	26433942.thl.jpg	NOKEY	MAX	NOKEY
1447178492243	0	lts_1110L_22_01	22	01	0	156	16	1	0	Miss	MAX	16-first/Atoyswing.jpg	Atoyswing.jpg	NOKEY	MAX	SPACE
1447178495334	0	lts_1110L_22_01	22	01	0	157	0	0	0	CR	MAX	1/26394018.thl.jpg	26394018.thl.jpg	NOKEY	MAX	NOKEY
1447178496654	0	lts_1110L_22_01	22	01	0	158	1	1	1	Hit	847	1-0/26394018.thl.jpg	26394018.thl.jpg	SPACE	886	SPACE
1447178499729	0	lts_1110L_22_01	22	01	0	159	0	0	0	CR	MAX	Ascanner11.jpg	Ascanner11.jpg	NOKEY	MAX	NOKEY
1447178500915	0	lts_1110L_22_01	22	01	0	160	4	1	1	Hit	704	4-mul/Atoyswing.jpg	Atoyswing.jpg	SPACE	752	SPACE
1447178503989	0	lts_1110L_22_01	22	01	0	161	0	0	0	CR	MAX	4/Abackaccesso4.jpg	Abackaccesso4.jpg	NOKEY	MAX	NOKEY
1447178507064	0	lts_1110L_22_01	22	01	0	162	0	0	0	CR	MAX	Abicycleshoe.jpg	Abicycleshoe.jpg	NOKEY	MAX	NOKEY
1447178510137	0	lts_1110L_22_01	22	01	0	163	0	0	0	CR	MAX	AARTIVE6.jpg	AARTIVE6.jpg	NOKEY	MAX	NOKEY
1447178513212	0	lts_1110L_22_01	22	01	0	164	0	0	0	CR	MAX	4/AHANDLE5.jpg	AHANDLE5.jpg	NOKEY	MAX	NOKEY
1447178516286	0	lts_1110L_22_01	22	01	0	165	4	1	0	Miss	MAX	4-3/Abackaccesso4.jpg	Abackaccesso4.jpg	NOKEY	MAX	SPACE
1447178519361	0	lts_1110L_22_01	22	01	0	166	0	0	0	CR	MAX	AROCKCH27.jpg	AROCKCH27.jpg	NOKEY	MAX	NOKEY
1447178522452	0	lts_1110L_22_01	22	01	0	167	0	0	0	CR	MAX	Agourd8.jpg	Agourd8.jpg	NOKEY	MAX	NOKEY
1447178525526	0	lts_1110L_22_01	22	01	0	168	4	1	0	Miss	MAX	4-1/AHANDLE5.jpg	AHANDLE5.jpg	NOKEY	MAX	SPACE
1447178528617	0	lts_1110L_22_01	22	01	0	169	0	0	0	CR	MAX	ASCREW24.jpg	ASCREW24.jpg	NOKEY	MAX	NOKEY
1447178531692	0	lts_1110L_22_01	22	01	0	170	0	0	0	CR	MAX	Aadvcalen.jpg	Aadvcalen.jpg	NOKEY	MAX	NOKEY
1447178534766	0	lts_1110L_22_01	22	01	0	171	0	0	0	CR	MAX	8/Abutanco3.jpg	Abutanco3.jpg	NOKEY	MAX	NOKEY
1447178537841	0	lts_1110L_22_01	22	01	0	172	0	0	0	CR	MAX	Adeer20.jpg	Adeer20.jpg	NOKEY	MAX	NOKEY
1447178540932	0	lts_1110L_22_01	22	01	0	173	0	0	0	CR	MAX	8/Aplasticbott3.jpg	Aplasticbott3.jpg	NOKEY	MAX	NOKEY
1447178544007	0	lts_1110L_22_01	22	01	0	174	0	0	0	CR	MAX	AIRONBOA8.jpg	AIRONBOA8.jpg	NOKEY	MAX	NOKEY
1447178547097	0	lts_1110L_22_01	22	01	0	175	0	0	0	CR	MAX	ACAMPSTO7.jpg	ACAMPSTO7.jpg	NOKEY	MAX	NOKEY
1447178550171	0	lts_1110L_22_01	22	01	0	176	128	1	0	Miss	MAX	128-6/Acandycanesin.jpg	Acandycanesin.jpg	NOKEY	MAX	SPACE
1447178553245	0	lts_1110L_22_01	22	01	0	177	0	0	0	CR	MAX	oignonrings.jpg	oignonrings.jpg	NOKEY	MAX	NOKEY
1447178556337	0	lts_1110L_22_01	22	01	0	178	0	0	0	CR	MAX	ADRILL3.jpg	ADRILL3.jpg	NOKEY	MAX	NOKEY
1447178557607	0	lts_1110L_22_01	22	01	0	179	8	1	1	Hit	789	8-1/Abutanco3.jpg	Abutanco3.jpg	SPACE	835	SPACE
1447178560681	0	lts_1110L_22_01	22	01	0	180	0	0	0	CR	MAX	Askirt3.jpg	Askirt3.jpg	NOKEY	MAX	NOKEY
1447178563755	0	lts_1110L_22_01	22	01	0	181	8	1	0	Miss	MAX	8-first/Aplasticbott3.jpg	Aplasticbott3.jpg	NOKEY	MAX	SPACE
1447178566830	0	lts_1110L_22_01	22	01	0	182	0	0	0	CR	MAX	8/26431395.thl.jpg	26431395.thl.jpg	NOKEY	MAX	NOKEY
1447178567849	0	lts_1110L_22_01	22	01	0	183	2	1	1	Hit	536	2-mul/Aplasticbott3.jpg	Aplasticbott3.jpg	SPACE	585	SPACE
1447178570923	0	lts_1110L_22_01	22	01	0	184	0	0	0	CR	MAX	Abowl74.jpg	Abowl74.jpg	NOKEY	MAX	NOKEY
1447178573997	0	lts_1110L_22_01	22	01	0	185	0	0	0	CR	MAX	26423303.thl.jpg	26423303.thl.jpg	NOKEY	MAX	NOKEY
1447178575819	0	lts_1110L_22_01	22	01	0	186	128	1	1	Hit	1338	128-7/AHONEYSTI.jpg	AHONEYSTI.jpg	SPACE	1386	SPACE
1447178578893	0	lts_1110L_22_01	22	01	0	187	0	0	0	CR	MAX	26421583.thl.jpg	26421583.thl.jpg	NOKEY	MAX	NOKEY
1447178581967	0	lts_1110L_22_01	22	01	0	188	0	0	0	CR	MAX	64/ACHERRY.jpg	ACHERRY.jpg	NOKEY	MAX	NOKEY
1447178585042	0	lts_1110L_22_01	22	01	0	189	0	0	0	CR	MAX	Agardeningrak.jpg	Agardeningrak.jpg	NOKEY	MAX	NOKEY
1447178586345	0	lts_1110L_22_01	22	01	0	190	8	1	1	Hit	824	8-2/26431395.thl.jpg	26431395.thl.jpg	SPACE	868	SPACE
1447178589436	0	lts_1110L_22_01	22	01	0	191	0	0	0	CR	MAX	Adeer16.jpg	Adeer16.jpg	NOKEY	MAX	NOKEY
1447178592527	0	lts_1110L_22_01	22	01	0	192	0	0	0	CR	MAX	8065674.thl.jpg	8065674.thl.jpg	NOKEY	MAX	NOKEY
1447178595601	0	lts_1110L_22_01	22	01	0	193	0	0	0	CR	MAX	128/ASCSIPORT.jpg	ASCSIPORT.jpg	NOKEY	MAX	NOKEY
1447178598693	0	lts_1110L_22_01	22	01	0	194	0	0	0	CR	MAX	ACRICKET2.jpg	ACRICKET2.jpg	NOKEY	MAX	NOKEY
1447178601767	0	lts_1110L_22_01	22	01	0	195	0	0	0	CR	MAX	Agluegun.jpg	Agluegun.jpg	NOKEY	MAX	NOKEY
1447178604858	0	lts_1110L_22_01	22	01	0	196	0	0	0	CR	MAX	8/ABACKHOE2.jpg	ABACKHOE2.jpg	NOKEY	MAX	NOKEY
1447178607932	0	lts_1110L_22_01	22	01	0	197	0	0	0	CR	MAX	ignitionkey01.jpg	ignitionkey01.jpg	NOKEY	MAX	NOKEY
1447178611007	0	lts_1110L_22_01	22	01	0	198	0	0	0	CR	MAX	ABULDOZER.jpg	ABULDOZER.jpg	NOKEY	MAX	NOKEY
1447178614081	0	lts_1110L_22_01	22	01	0	199	0	0	0	CR	MAX	ADRUMSTI4.jpg	ADRUMSTI4.jpg	NOKEY	MAX	NOKEY
1447178617155	0	lts_1110L_22_01	22	01	0	200	0	0	0	CR	MAX	26379430.thl.jpg	26379430.thl.jpg	NOKEY	MAX	NOKEY
1447178618509	0	lts_1110L_22_01	22	01	0	201	128	1	1	Hit	881	128-0/ASTAMPS.jpg	ASTAMPS.jpg	SPACE	919	SPACE
1447178621583	0	lts_1110L_22_01	22	01	0	202	0	0	0	CR	MAX	mangosplitter.jpg	mangosplitter.jpg	NOKEY	MAX	NOKEY
1447178624657	0	lts_1110L_22_01	22	01	0	203	0	0	0	CR	MAX	ACUSHIO60.jpg	ACUSHIO60.jpg	NOKEY	MAX	NOKEY
1447178625727	0	lts_1110L_22_01	22	01	0	204	8	1	1	Hit	594	8-first/ABACKHOE2.jpg	ABACKHOE2.jpg	SPACE	635	SPACE
1447178628818	0	lts_1110L_22_01	22	01	0	205	0	0	0	CR	MAX	26383637.thl.jpg	26383637.thl.jpg	NOKEY	MAX	NOKEY
1447178631909	0	lts_1110L_22_01	22	01	0	206	0	0	0	CR	MAX	64/ewok.jpg	ewok.jpg	NOKEY	MAX	NOKEY
1447178634983	0	lts_1110L_22_01	22	01	0	207	0	0	0	CR	MAX	AARTBERRI.jpg	AARTBERRI.jpg	NOKEY	MAX	NOKEY
1447178638074	0	lts_1110L_22_01	22	01	0	208	0	0	0	CR	MAX	AHOUSBOA3.jpg	AHOUSBOA3.jpg	NOKEY	MAX	NOKEY
1447178641148	0	lts_1110L_22_01	22	01	0	209	128	1	0	Miss	MAX	128-4/Ascroll7.jpg	Ascroll7.jpg	NOKEY	MAX	SPACE
1447178644240	0	lts_1110L_22_01	22	01	0	210	0	0	0	CR	MAX	teepee.jpg	teepee.jpg	NOKEY	MAX	NOKEY
1447178647331	0	lts_1110L_22_01	22	01	0	211	0	0	0	CR	MAX	Agiraffetoy3.jpg	Agiraffetoy3.jpg	NOKEY	MAX	NOKEY
1447178650405	0	lts_1110L_22_01	22	01	0	212	0	0	0	CR	MAX	26424440.thl.jpg	26424440.thl.jpg	NOKEY	MAX	NOKEY
1447178653479	0	lts_1110L_22_01	22	01	0	213	0	0	0	CR	MAX	Awildberries.jpg	Awildberries.jpg	NOKEY	MAX	NOKEY
1447178656554	0	lts_1110L_22_01	22	01	0	214	0	0	0	CR	MAX	8079080.thl.jpg	8079080.thl.jpg	NOKEY	MAX	NOKEY
1447178659645	0	lts_1110L_22_01	22	01	0	215	0	0	0	CR	MAX	22923524.thl.jpg	22923524.thl.jpg	NOKEY	MAX	NOKEY
1447178662719	0	lts_1110L_22_01	22	01	0	216	0	0	0	CR	MAX	Avicegriptool.jpg	Avicegriptool.jpg	NOKEY	MAX	NOKEY
1447178665794	0	lts_1110L_22_01	22	01	0	217	0	0	0	CR	MAX	toy2A.JPG	toy2A.JPG	NOKEY	MAX	NOKEY
1447178668885	0	lts_1110L_22_01	22	01	0	218	0	0	0	CR	MAX	Aeastcho6.jpg	Aeastcho6.jpg	NOKEY	MAX	NOKEY
1447178671959	0	lts_1110L_22_01	22	01	0	219	0	0	0	CR	MAX	8/ARELSCU49.jpg	ARELSCU49.jpg	NOKEY	MAX	NOKEY
1447178673046	0	lts_1110L_22_01	22	01	0	220	16	1	1	Hit	602	16-mul/ABACKHOE2.jpg	ABACKHOE2.jpg	SPACE	652	SPACE
1447178676136	0	lts_1110L_22_01	22	01	0	221	0	0	0	CR	MAX	1/babyswig.jpg	babyswig.jpg	NOKEY	MAX	NOKEY
1447178677339	0	lts_1110L_22_01	22	01	0	222	1	1	1	Hit	731	1-9/babyswig.jpg	babyswig.jpg	SPACE	769	SPACE
1447178680430	0	lts_1110L_22_01	22	01	0	223	0	0	0	CR	MAX	26387641.thl.jpg	26387641.thl.jpg	NOKEY	MAX	NOKEY
1447178683521	0	lts_1110L_22_01	22	01	0	224	0	0	0	CR	MAX	16/26378986.thl.jpg	26378986.thl.jpg	NOKEY	MAX	NOKEY
1447178686596	0	lts_1110L_22_01	22	01	0	225	0	0	0	CR	MAX	APILLS9.jpg	APILLS9.jpg	NOKEY	MAX	NOKEY
1447178689687	0	lts_1110L_22_01	22	01	0	226	0	0	0	CR	MAX	ALUNCHBO3.jpg	ALUNCHBO3.jpg	NOKEY	MAX	NOKEY
1447178692761	0	lts_1110L_22_01	22	01	0	227	8	1	0	Miss	MAX	8-first/ARELSCU49.jpg	ARELSCU49.jpg	NOKEY	MAX	SPACE
1447178695835	0	lts_1110L_22_01	22	01	0	228	0	0	0	CR	MAX	Agardeningpai.jpg	Agardeningpai.jpg	NOKEY	MAX	NOKEY
1447178698909	0	lts_1110L_22_01	22	01	0	229	0	0	0	CR	MAX	26391079.thl.jpg	26391079.thl.jpg	NOKEY	MAX	NOKEY
1447178702001	0	lts_1110L_22_01	22	01	0	230	0	0	0	CR	MAX	AWEIGHTS3.jpg	AWEIGHTS3.jpg	NOKEY	MAX	NOKEY
1447178703087	0	lts_1110L_22_01	22	01	0	231	4	1	1	Hit	605	4-mul/ARELSCU49.jpg	ARELSCU49.jpg	SPACE	651	SPACE
1447178706178	0	lts_1110L_22_01	22	01	0	232	0	0	0	CR	MAX	32/Aancientston3.jpg	Aancientston3.jpg	NOKEY	MAX	NOKEY
1447178709269	0	lts_1110L_22_01	22	01	0	233	0	0	0	CR	MAX	2/8022057.thl.jpg	8022057.thl.jpg	NOKEY	MAX	NOKEY
1447178712343	0	lts_1110L_22_01	22	01	0	234	0	0	0	CR	MAX	26545643.thl.jpg	26545643.thl.jpg	NOKEY	MAX	NOKEY
1447178713513	0	lts_1110L_22_01	22	01	0	235	2	1	1	Hit	688	2-9/8022057.thl.jpg	8022057.thl.jpg	SPACE	735	SPACE
1447178716587	0	lts_1110L_22_01	22	01	0	236	0	0	0	CR	MAX	64/tofu.jpg	tofu.jpg	NOKEY	MAX	NOKEY
1447178719678	0	lts_1110L_22_01	22	01	0	237	0	0	0	CR	MAX	10049257.thl.jpg	10049257.thl.jpg	NOKEY	MAX	NOKEY
1447178722753	0	lts_1110L_22_01	22	01	0	238	0	0	0	CR	MAX	ABABYSH33.jpg	ABABYSH33.jpg	NOKEY	MAX	NOKEY
1447178725844	0	lts_1110L_22_01	22	01	0	239	0	0	0	CR	MAX	ABROKUMBR.jpg	ABROKUMBR.jpg	NOKEY	MAX	NOKEY
1447178727531	0	lts_1110L_22_01	22	01	0	240	16	1	1	Hit	1209	16-first/26378986.thl.jpg	26378986.thl.jpg	SPACE	1253	SPACE
1447178730622	0	lts_1110L_22_01	22	01	0	241	0	0	0	CR	MAX	64/26421070.thl.jpg	26421070.thl.jpg	NOKEY	MAX	NOKEY
1447178731742	0	lts_1110L_22_01	22	01	0	242	2	1	1	Hit	634	2-mul/26378986.thl.jpg	26378986.thl.jpg	SPACE	685	SPACE
1447178734816	0	lts_1110L_22_01	22	01	0	243	0	0	0	CR	MAX	1/Abikepedalar2.jpg	Abikepedalar2.jpg	NOKEY	MAX	NOKEY
1447178735819	0	lts_1110L_22_01	22	01	0	244	1	1	1	Hit	533	1-8/Abikepedalar2.jpg	Abikepedalar2.jpg	SPACE	568	SPACE
1447178738909	0	lts_1110L_22_01	22	01	0	245	0	0	0	CR	MAX	Afaucet9.jpg	Afaucet9.jpg	NOKEY	MAX	NOKEY
1447178741984	0	lts_1110L_22_01	22	01	0	246	0	0	0	CR	MAX	2/Ababycup2.jpg	Ababycup2.jpg	NOKEY	MAX	NOKEY
1447178745059	0	lts_1110L_22_01	22	01	0	247	0	0	0	CR	MAX	AAEROBENC.jpg	AAEROBENC.jpg	NOKEY	MAX	NOKEY
1447178746012	0	lts_1110L_22_01	22	01	0	248	2	1	1	Hit	480	2-7/Ababycup2.jpg	Ababycup2.jpg	SPACE	518	SPACE
1447178749102	0	lts_1110L_22_01	22	01	0	249	0	0	0	CR	MAX	ACHRISTO3.jpg	ACHRISTO3.jpg	NOKEY	MAX	NOKEY
1447178752193	0	lts_1110L_22_01	22	01	0	250	0	0	0	CR	MAX	Atray22.jpg	Atray22.jpg	NOKEY	MAX	NOKEY
1447178755267	0	lts_1110L_22_01	22	01	0	251	0	0	0	CR	MAX	whitemalerobe.jpg	whitemalerobe.jpg	NOKEY	MAX	NOKEY
1447178756537	0	lts_1110L_22_01	22	01	0	252	64	1	1	Hit	785	64-first/ACHERRY.jpg	ACHERRY.jpg	SPACE	835	SPACE
1447178759628	0	lts_1110L_22_01	22	01	0	253	0	0	0	CR	MAX	36407647.thl.jpg	36407647.thl.jpg	NOKEY	MAX	NOKEY
1447178762703	0	lts_1110L_22_01	22	01	0	254	0	0	0	CR	MAX	AANTIRO13.jpg	AANTIRO13.jpg	NOKEY	MAX	NOKEY
1447178765794	0	lts_1110L_22_01	22	01	0	255	0	0	0	CR	MAX	Atoydrill4.jpg	Atoydrill4.jpg	NOKEY	MAX	NOKEY
1447178768868	0	lts_1110L_22_01	22	01	0	256	4	1	0	Miss	MAX	4-mul/ACHERRY.jpg	ACHERRY.jpg	NOKEY	MAX	SPACE
1447178771942	0	lts_1110L_22_01	22	01	0	257	0	0	0	CR	MAX	23007415.thl.jpg	23007415.thl.jpg	NOKEY	MAX	NOKEY
1447178775034	0	lts_1110L_22_01	22	01	0	258	0	0	0	CR	MAX	26440026.thl.jpg	26440026.thl.jpg	NOKEY	MAX	NOKEY
1447178778124	0	lts_1110L_22_01	22	01	0	259	0	0	0	CR	MAX	26428682.thl.jpg	26428682.thl.jpg	NOKEY	MAX	NOKEY
1447178781199	0	lts_1110L_22_01	22	01	0	260	0	0	0	CR	MAX	Ameasuringsp5.jpg	Ameasuringsp5.jpg	NOKEY	MAX	NOKEY
1447178784273	0	lts_1110L_22_01	22	01	0	261	0	0	0	CR	MAX	1/Acatheter.jpg	Acatheter.jpg	NOKEY	MAX	NOKEY
1447178785392	0	lts_1110L_22_01	22	01	0	262	1	1	1	Hit	636	1-1/Acatheter.jpg	Acatheter.jpg	SPACE	684	SPACE
1447178788467	0	lts_1110L_22_01	22	01	0	263	0	0	0	CR	MAX	E_tank.jpg	E_tank.jpg	NOKEY	MAX	NOKEY
1447178789754	0	lts_1110L_22_01	22	01	0	264	32	1	1	Hit	810	32-7/Aancientston3.jpg	Aancientston3.jpg	SPACE	853	SPACE
1447178792828	0	lts_1110L_22_01	22	01	0	265	0	0	0	CR	MAX	ASHADES11.jpg	ASHADES11.jpg	NOKEY	MAX	NOKEY
1447178795902	0	lts_1110L_22_01	22	01	0	266	0	0	0	CR	MAX	16/ACONBENCH.jpg	ACONBENCH.jpg	NOKEY	MAX	NOKEY
1447178798976	0	lts_1110L_22_01	22	01	0	267	0	0	0	CR	MAX	128/ABUDDHA18.jpg	ABUDDHA18.jpg	NOKEY	MAX	NOKEY
1447178802067	0	lts_1110L_22_01	22	01	0	268	0	0	0	CR	MAX	scooter.jpg	scooter.jpg	NOKEY	MAX	NOKEY
1447178805158	0	lts_1110L_22_01	22	01	0	269	0	0	0	CR	MAX	8056402.thl.jpg	8056402.thl.jpg	NOKEY	MAX	NOKEY
1447178806395	0	lts_1110L_22_01	22	01	0	270	64	1	1	Hit	757	64-first/ewok.jpg	ewok.jpg	SPACE	802	SPACE
1447178809469	0	lts_1110L_22_01	22	01	0	271	0	0	0	CR	MAX	Aroulette.jpg	Aroulette.jpg	NOKEY	MAX	NOKEY
1447178812561	0	lts_1110L_22_01	22	01	0	272	0	0	0	CR	MAX	AHALLOWE3.jpg	AHALLOWE3.jpg	NOKEY	MAX	NOKEY
1447178815635	0	lts_1110L_22_01	22	01	0	273	0	0	0	CR	MAX	128/AELECTHE4.jpg	AELECTHE4.jpg	NOKEY	MAX	NOKEY
1447178818709	0	lts_1110L_22_01	22	01	0	274	0	0	0	CR	MAX	Akitchenisla4.jpg	Akitchenisla4.jpg	NOKEY	MAX	NOKEY
1447178821800	0	lts_1110L_22_01	22	01	0	275	0	0	0	CR	MAX	2/Athermos7.jpg	Athermos7.jpg	NOKEY	MAX	NOKEY
1447178824874	0	lts_1110L_22_01	22	01	0	276	0	0	0	CR	MAX	ACHAIRDE2.jpg	ACHAIRDE2.jpg	NOKEY	MAX	NOKEY
1447178826278	0	lts_1110L_22_01	22	01	0	277	2	1	1	Hit	919	2-5/Athermos7.jpg	Athermos7.jpg	SPACE	969	SPACE
1447178829352	0	lts_1110L_22_01	22	01	0	278	0	0	0	CR	MAX	ABISHOP2.jpg	ABISHOP2.jpg	NOKEY	MAX	NOKEY
1447178832427	0	lts_1110L_22_01	22	01	0	279	0	0	0	CR	MAX	ALAMP.jpg	ALAMP.jpg	NOKEY	MAX	NOKEY
1447178835501	0	lts_1110L_22_01	22	01	0	280	0	0	0	CR	MAX	Abicyclebrak4.jpg	Abicyclebrak4.jpg	NOKEY	MAX	NOKEY
1447178838592	0	lts_1110L_22_01	22	01	0	281	0	0	0	CR	MAX	26419324.thl.jpg	26419324.thl.jpg	NOKEY	MAX	NOKEY
1447178839995	0	lts_1110L_22_01	22	01	0	282	16	1	1	Hit	922	16-first/ACONBENCH.jpg	ACONBENCH.jpg	SPACE	969	SPACE
1447178843070	0	lts_1110L_22_01	22	01	0	283	0	0	0	CR	MAX	AWHISTLE4.jpg	AWHISTLE4.jpg	NOKEY	MAX	NOKEY
1447178846144	0	lts_1110L_22_01	22	01	0	284	0	0	0	CR	MAX	8/8027656.thl.jpg	8027656.thl.jpg	NOKEY	MAX	NOKEY
1447178849219	0	lts_1110L_22_01	22	01	0	285	0	0	0	CR	MAX	APASTA19.jpg	APASTA19.jpg	NOKEY	MAX	NOKEY
1447178850321	0	lts_1110L_22_01	22	01	0	286	16	1	1	Hit	618	16-mul/ewok.jpg	ewok.jpg	SPACE	668	SPACE
1447178853396	0	lts_1110L_22_01	22	01	0	287	0	0	0	CR	MAX	2/26427950.thl.jpg	26427950.thl.jpg	NOKEY	MAX	NOKEY
1447178856470	0	lts_1110L_22_01	22	01	0	288	0	0	0	CR	MAX	ACHANGDIS.jpg	ACHANGDIS.jpg	NOKEY	MAX	NOKEY
1447178857790	0	lts_1110L_22_01	22	01	0	289	2	1	1	Hit	845	2-11/26427950.thl.jpg	26427950.thl.jpg	SPACE	885	SPACE
1447178860881	0	lts_1110L_22_01	22	01	0	290	0	0	0	CR	MAX	gingerroot.jpg	gingerroot.jpg	NOKEY	MAX	NOKEY
1447178863972	0	lts_1110L_22_01	22	01	0	291	0	0	0	CR	MAX	32/Anailbrush3.jpg	Anailbrush3.jpg	NOKEY	MAX	NOKEY
1447178865059	0	lts_1110L_22_01	22	01	0	292	8	1	1	Hit	606	8-first/8027656.thl.jpg	8027656.thl.jpg	SPACE	652	SPACE
1447178868133	0	lts_1110L_22_01	22	01	0	293	0	0	0	CR	MAX	AARTMELON.jpg	AARTMELON.jpg	NOKEY	MAX	NOKEY
1447178871207	0	lts_1110L_22_01	22	01	0	294	0	0	0	CR	MAX	26391514.thl.jpg	26391514.thl.jpg	NOKEY	MAX	NOKEY
1447178874281	0	lts_1110L_22_01	22	01	0	295	0	0	0	CR	MAX	AWATERCO4.jpg	AWATERCO4.jpg	NOKEY	MAX	NOKEY
1447178875351	0	lts_1110L_22_01	22	01	0	296	4	1	1	Hit	596	4-mul/8027656.thl.jpg	8027656.thl.jpg	SPACE	635	SPACE
1447178878425	0	lts_1110L_22_01	22	01	0	297	0	0	0	CR	MAX	16/AMEATGR14.jpg	AMEATGR14.jpg	NOKEY	MAX	NOKEY
1447178879545	0	lts_1110L_22_01	22	01	0	298	16	1	1	Hit	646	16-mul/ACONBENCH.jpg	ACONBENCH.jpg	SPACE	685	SPACE
1447178882619	0	lts_1110L_22_01	22	01	0	299	0	0	0	CR	MAX	4/ACEDAR.jpg	ACEDAR.jpg	NOKEY	MAX	NOKEY
1447178883672	0	lts_1110L_22_01	22	01	0	300	64	1	1	Hit	575	64-first/tofu.jpg	tofu.jpg	SPACE	618	SPACE
1447178886763	0	lts_1110L_22_01	22	01	0	301	0	0	0	CR	MAX	AANALCIME.jpg	AANALCIME.jpg	NOKEY	MAX	NOKEY
1447178889853	0	lts_1110L_22_01	22	01	0	302	0	0	0	CR	MAX	AFIREPANT.jpg	AFIREPANT.jpg	NOKEY	MAX	NOKEY
1447178891090	0	lts_1110L_22_01	22	01	0	303	4	1	1	Hit	759	4-11/ACEDAR.jpg	ACEDAR.jpg	SPACE	802	SPACE
1447178894164	0	lts_1110L_22_01	22	01	0	304	0	0	0	CR	MAX	Atrumpetwith2.jpg	Atrumpetwith2.jpg	NOKEY	MAX	NOKEY
1447178897239	0	lts_1110L_22_01	22	01	0	305	64	1	0	Miss	MAX	64-first/26421070.thl.jpg	26421070.thl.jpg	NOKEY	MAX	SPACE
1447178900313	0	lts_1110L_22_01	22	01	0	306	0	0	0	CR	MAX	32/26467460.thl.jpg	26467460.thl.jpg	NOKEY	MAX	NOKEY
1447178901466	0	lts_1110L_22_01	22	01	0	307	2	1	1	Hit	684	2-mul/26421070.thl.jpg	26421070.thl.jpg	SPACE	719	SPACE
1447178904557	0	lts_1110L_22_01	22	01	0	308	0	0	0	CR	MAX	ABUILDI12.jpg	ABUILDI12.jpg	NOKEY	MAX	NOKEY
1447178907632	0	lts_1110L_22_01	22	01	0	309	0	0	0	CR	MAX	Amannequin2.jpg	Amannequin2.jpg	NOKEY	MAX	NOKEY
1447178910723	0	lts_1110L_22_01	22	01	0	310	0	0	0	CR	MAX	1/racetrack.jpg	racetrack.jpg	NOKEY	MAX	NOKEY
1447178911759	0	lts_1110L_22_01	22	01	0	311	1	1	1	Hit	563	1-12/racetrack.jpg	racetrack.jpg	SPACE	602	SPACE
1447178914833	0	lts_1110L_22_01	22	01	0	312	0	0	0	CR	MAX	confettipopper.jpg	confettipopper.jpg	NOKEY	MAX	NOKEY
1447178915986	0	lts_1110L_22_01	22	01	0	313	16	1	1	Hit	672	16-first/AMEATGR14.jpg	AMEATGR14.jpg	SPACE	719	SPACE
1447178919061	0	lts_1110L_22_01	22	01	0	314	0	0	0	CR	MAX	Abreadrolls.jpg	Abreadrolls.jpg	NOKEY	MAX	NOKEY
1447178922151	0	lts_1110L_22_01	22	01	0	315	0	0	0	CR	MAX	Apaintroller3.jpg	Apaintroller3.jpg	NOKEY	MAX	NOKEY
1447178923220	0	lts_1110L_22_01	22	01	0	316	16	1	1	Hit	600	16-mul/tofu.jpg	tofu.jpg	SPACE	634	SPACE
1447178926295	0	lts_1110L_22_01	22	01	0	317	0	0	0	CR	MAX	AWOODSPAT.jpg	AWOODSPAT.jpg	NOKEY	MAX	NOKEY
1447178929369	0	lts_1110L_22_01	22	01	0	318	0	0	0	CR	MAX	8029214.thl.jpg	8029214.thl.jpg	NOKEY	MAX	NOKEY
1447178932444	0	lts_1110L_22_01	22	01	0	319	0	0	0	CR	MAX	311-863-217.jpg	311-863-217.jpg	NOKEY	MAX	NOKEY
1447178935535	0	lts_1110L_22_01	22	01	0	320	0	0	0	CR	MAX	ACHEMSET3.jpg	ACHEMSET3.jpg	NOKEY	MAX	NOKEY
1447178936621	0	lts_1110L_22_01	22	01	0	321	128	1	1	Hit	616	128-2/ASCSIPORT.jpg	ASCSIPORT.jpg	SPACE	652	SPACE
1447178939695	0	lts_1110L_22_01	22	01	0	322	0	0	0	CR	MAX	26465344.thl.jpg	26465344.thl.jpg	NOKEY	MAX	NOKEY
1447178940848	0	lts_1110L_22_01	22	01	0	323	32	1	1	Hit	679	32-5/Anailbrush3.jpg	Anailbrush3.jpg	SPACE	718	SPACE
1447178943922	0	lts_1110L_22_01	22	01	0	324	0	0	0	CR	MAX	16/AHARP.jpg	AHARP.jpg	NOKEY	MAX	NOKEY
1447178946996	0	lts_1110L_22_01	22	01	0	325	0	0	0	CR	MAX	1/ASCALE30.jpg	ASCALE30.jpg	NOKEY	MAX	NOKEY
1447178947932	0	lts_1110L_22_01	22	01	0	326	1	1	1	Hit	457	1-2/ASCALE30.jpg	ASCALE30.jpg	SPACE	500	SPACE
1447178951024	0	lts_1110L_22_01	22	01	0	327	0	0	0	CR	MAX	Afruitbasket2.jpg	Afruitbasket2.jpg	NOKEY	MAX	NOKEY
1447178954097	0	lts_1110L_22_01	22	01	0	328	0	0	0	CR	MAX	8/A_teabag.jpg	A_teabag.jpg	NOKEY	MAX	NOKEY
1447178955083	0	lts_1110L_22_01	22	01	0	329	16	1	1	Hit	504	16-mul/AMEATGR14.jpg	AMEATGR14.jpg	SPACE	552	SPACE
1447178958158	0	lts_1110L_22_01	22	01	0	330	0	0	0	CR	MAX	4/ALAMP45.jpg	ALAMP45.jpg	NOKEY	MAX	NOKEY
1447178961232	0	lts_1110L_22_01	22	01	0	331	0	0	0	CR	MAX	AROCKET11.jpg	AROCKET11.jpg	NOKEY	MAX	NOKEY
1447178964306	0	lts_1110L_22_01	22	01	0	332	0	0	0	CR	MAX	32/AGASLAMP.jpg	AGASLAMP.jpg	NOKEY	MAX	NOKEY
1447178967381	0	lts_1110L_22_01	22	01	0	333	0	0	0	CR	MAX	Achrisd25.jpg	Achrisd25.jpg	NOKEY	MAX	NOKEY
1447178968701	0	lts_1110L_22_01	22	01	0	334	4	1	1	Hit	838	4-4/ALAMP45.jpg	ALAMP45.jpg	SPACE	886	SPACE
1447178971775	0	lts_1110L_22_01	22	01	0	335	0	0	0	CR	MAX	ABELL7.jpg	ABELL7.jpg	NOKEY	MAX	NOKEY
1447178973145	0	lts_1110L_22_01	22	01	0	336	8	1	1	Hit	898	8-0/A_teabag.jpg	A_teabag.jpg	SPACE	935	SPACE
1447178976220	0	lts_1110L_22_01	22	01	0	337	0	0	0	CR	MAX	26282693.thl.jpg	26282693.thl.jpg	NOKEY	MAX	NOKEY
1447178977255	0	lts_1110L_22_01	22	01	0	338	32	1	1	Hit	566	32-8/26467460.thl.jpg	26467460.thl.jpg	SPACE	601	SPACE
1447178980330	0	lts_1110L_22_01	22	01	0	339	0	0	0	CR	MAX	8/Abinder6.jpg	Abinder6.jpg	NOKEY	MAX	NOKEY
1447178981433	0	lts_1110L_22_01	22	01	0	340	16	1	1	Hit	627	16-first/AHARP.jpg	AHARP.jpg	SPACE	669	SPACE
1447178984507	0	lts_1110L_22_01	22	01	0	341	0	0	0	CR	MAX	AFOODBLEN.jpg	AFOODBLEN.jpg	NOKEY	MAX	NOKEY
1447178987581	0	lts_1110L_22_01	22	01	0	342	0	0	0	CR	MAX	Aappleonsca14.jpg	Aappleonsca14.jpg	NOKEY	MAX	NOKEY
1447178990673	0	lts_1110L_22_01	22	01	0	343	0	0	0	CR	MAX	Ahorse23.jpg	Ahorse23.jpg	NOKEY	MAX	NOKEY
1447178991692	0	lts_1110L_22_01	22	01	0	344	4	1	1	Hit	536	4-mul/AHARP.jpg	AHARP.jpg	SPACE	585	SPACE
1447178994783	0	lts_1110L_22_01	22	01	0	345	0	0	0	CR	MAX	64/cigarette03.jpg	cigarette03.jpg	NOKEY	MAX	NOKEY
1447178997857	0	lts_1110L_22_01	22	01	0	346	0	0	0	CR	MAX	22875384.thl.jpg	22875384.thl.jpg	NOKEY	MAX	NOKEY
1447178998976	0	lts_1110L_22_01	22	01	0	347	8	1	1	Hit	638	8-first/Abinder6.jpg	Abinder6.jpg	SPACE	686	SPACE
1447179002052	0	lts_1110L_22_01	22	01	0	348	0	0	0	CR	MAX	pinkhoodie.jpg	pinkhoodie.jpg	NOKEY	MAX	NOKEY
1447179003103	0	lts_1110L_22_01	22	01	0	349	2	1	1	Hit	573	2-mul/Abinder6.jpg	Abinder6.jpg	SPACE	619	SPACE
1447179006178	0	lts_1110L_22_01	22	01	0	350	0	0	0	CR	MAX	shavingcream01.jpg	shavingcream01.jpg	NOKEY	MAX	NOKEY
1447179009252	0	lts_1110L_22_01	22	01	0	351	0	0	0	CR	MAX	AEIFFELTO.jpg	AEIFFELTO.jpg	NOKEY	MAX	NOKEY
1447179012343	0	lts_1110L_22_01	22	01	0	352	0	0	0	CR	MAX	16/Agreencup2.jpg	Agreencup2.jpg	NOKEY	MAX	NOKEY
1447179015418	0	lts_1110L_22_01	22	01	0	353	0	0	0	CR	MAX	8/ATHERMO12.jpg	ATHERMO12.jpg	NOKEY	MAX	NOKEY
1447179018492	0	lts_1110L_22_01	22	01	0	354	0	0	0	CR	MAX	4/AKNIFEHOL.jpg	AKNIFEHOL.jpg	NOKEY	MAX	NOKEY
1447179021566	0	lts_1110L_22_01	22	01	0	355	0	0	0	CR	MAX	1/ADRYRACK2.jpg	ADRYRACK2.jpg	NOKEY	MAX	NOKEY
1447179022552	0	lts_1110L_22_01	22	01	0	356	1	1	1	Hit	509	1-14/ADRYRACK2.jpg	ADRYRACK2.jpg	SPACE	551	SPACE
1447179025643	0	lts_1110L_22_01	22	01	0	357	0	0	0	CR	MAX	Apulley71.jpg	Apulley71.jpg	NOKEY	MAX	NOKEY
1447179026746	0	lts_1110L_22_01	22	01	0	358	4	1	1	Hit	628	4-0/AKNIFEHOL.jpg	AKNIFEHOL.jpg	SPACE	668	SPACE
1447179029837	0	lts_1110L_22_01	22	01	0	359	0	0	0	CR	MAX	Apencilsharp5.jpg	Apencilsharp5.jpg	NOKEY	MAX	NOKEY
1447179032928	0	lts_1110L_22_01	22	01	0	360	0	0	0	CR	MAX	Abicyclegear2.jpg	Abicyclegear2.jpg	NOKEY	MAX	NOKEY
1447179036003	0	lts_1110L_22_01	22	01	0	361	8	1	0	Miss	MAX	8-first/ATHERMO12.jpg	ATHERMO12.jpg	NOKEY	MAX	SPACE
1447179039077	0	lts_1110L_22_01	22	01	0	362	0	0	0	CR	MAX	Aglassjarwit2.jpg	Aglassjarwit2.jpg	NOKEY	MAX	NOKEY
1447179042168	0	lts_1110L_22_01	22	01	0	363	0	0	0	CR	MAX	26425025.thl.jpg	26425025.thl.jpg	NOKEY	MAX	NOKEY
1447179045242	0	lts_1110L_22_01	22	01	0	364	32	1	0	Miss	MAX	32-4/AGASLAMP.jpg	AGASLAMP.jpg	NOKEY	MAX	SPACE
1447179048333	0	lts_1110L_22_01	22	01	0	365	0	0	0	CR	MAX	ADIRECSI3.jpg	ADIRECSI3.jpg	NOKEY	MAX	NOKEY
1447179051408	0	lts_1110L_22_01	22	01	0	366	0	0	0	CR	MAX	pacifierthermometer.jpg	pacifierthermometer.jpg	NOKEY	MAX	NOKEY
1447179054499	0	lts_1110L_22_01	22	01	0	367	0	0	0	CR	MAX	26426317.thl.jpg	26426317.thl.jpg	NOKEY	MAX	NOKEY
1447179057573	0	lts_1110L_22_01	22	01	0	368	16	1	0	Miss	MAX	16-first/Agreencup2.jpg	Agreencup2.jpg	NOKEY	MAX	SPACE
1447179060647	0	lts_1110L_22_01	22	01	0	369	0	0	0	CR	MAX	ringbox03.jpg	ringbox03.jpg	NOKEY	MAX	NOKEY
1447179063722	0	lts_1110L_22_01	22	01	0	370	0	0	0	CR	MAX	ASTREESW2.jpg	ASTREESW2.jpg	NOKEY	MAX	NOKEY
1447179066796	0	lts_1110L_22_01	22	01	0	371	0	0	0	CR	MAX	garlic.jpg	garlic.jpg	NOKEY	MAX	NOKEY
1447179067932	0	lts_1110L_22_01	22	01	0	372	4	1	1	Hit	663	4-mul/Agreencup2.jpg	Agreencup2.jpg	SPACE	702	SPACE
1447179071007	0	lts_1110L_22_01	22	01	0	373	0	0	0	CR	MAX	ABLACSUI3.jpg	ABLACSUI3.jpg	NOKEY	MAX	NOKEY
1447179074097	0	lts_1110L_22_01	22	01	0	374	0	0	0	CR	MAX	16/Awheelchair6.jpg	Awheelchair6.jpg	NOKEY	MAX	NOKEY
1447179077172	0	lts_1110L_22_01	22	01	0	375	0	0	0	CR	MAX	4/AAMMO4.jpg	AAMMO4.jpg	NOKEY	MAX	NOKEY
1447179078792	0	lts_1110L_22_01	22	01	0	376	0	0	1	FA	1137	AGARDHOSE.jpg	AGARDHOSE.jpg	SPACE	1187	NOKEY
1447179079996	0	lts_1110L_22_01	22	01	0	377	16	1	1	Hit	722	16-mul/ATHERMO12.jpg	ATHERMO12.jpg	SPACE	769	SPACE
1447179083070	0	lts_1110L_22_01	22	01	0	378	0	0	0	CR	MAX	64/Arake3.jpg	Arake3.jpg	NOKEY	MAX	NOKEY
1447179084189	0	lts_1110L_22_01	22	01	0	379	4	1	1	Hit	634	4-12/AAMMO4.jpg	AAMMO4.jpg	SPACE	685	SPACE
1447179087264	0	lts_1110L_22_01	22	01	0	380	0	0	0	CR	MAX	AMINIHAMP.jpg	AMINIHAMP.jpg	NOKEY	MAX	NOKEY
1447179090338	0	lts_1110L_22_01	22	01	0	381	0	0	0	CR	MAX	4/23065398.thl.jpg	23065398.thl.jpg	NOKEY	MAX	NOKEY
1447179093413	0	lts_1110L_22_01	22	01	0	382	0	0	0	CR	MAX	1/Acastingladl2.jpg	Acastingladl2.jpg	NOKEY	MAX	NOKEY
1447179094398	0	lts_1110L_22_01	22	01	0	383	1	1	1	Hit	505	1-10/Acastingladl2.jpg	Acastingladl2.jpg	SPACE	551	SPACE
1447179097490	0	lts_1110L_22_01	22	01	0	384	0	0	0	CR	MAX	4/Afrenchsigns2.jpg	Afrenchsigns2.jpg	NOKEY	MAX	NOKEY
1447179098559	0	lts_1110L_22_01	22	01	0	385	4	1	1	Hit	599	4-7/23065398.thl.jpg	23065398.thl.jpg	SPACE	635	SPACE
1447179101650	0	lts_1110L_22_01	22	01	0	386	0	0	0	CR	MAX	dragon.jpg	dragon.jpg	NOKEY	MAX	NOKEY
1447179104741	0	lts_1110L_22_01	22	01	0	387	0	0	0	CR	MAX	Astrawfan.jpg	Astrawfan.jpg	NOKEY	MAX	NOKEY
1447179105944	0	lts_1110L_22_01	22	01	0	388	4	1	1	Hit	723	4-10/Afrenchsigns2.jpg	Afrenchsigns2.jpg	SPACE	769	SPACE
1447179109019	0	lts_1110L_22_01	22	01	0	389	0	0	0	CR	MAX	scrunchie.jpg	scrunchie.jpg	NOKEY	MAX	NOKEY
1447179110288	0	lts_1110L_22_01	22	01	0	390	16	1	1	Hit	790	16-first/Awheelchair6.jpg	Awheelchair6.jpg	SPACE	834	SPACE
1447179113363	0	lts_1110L_22_01	22	01	0	391	0	0	0	CR	MAX	ASECCAME3.jpg	ASECCAME3.jpg	NOKEY	MAX	NOKEY
1447179116454	0	lts_1110L_22_01	22	01	0	392	0	0	0	CR	MAX	8021410.thl.jpg	8021410.thl.jpg	NOKEY	MAX	NOKEY
1447179119528	0	lts_1110L_22_01	22	01	0	393	0	0	0	CR	MAX	ATOWER3.jpg	ATOWER3.jpg	NOKEY	MAX	NOKEY
1447179122619	0	lts_1110L_22_01	22	01	0	394	0	0	0	CR	MAX	Aservicedesk.jpg	Aservicedesk.jpg	NOKEY	MAX	NOKEY
1447179123972	0	lts_1110L_22_01	22	01	0	395	128	1	1	Hit	871	128-5/ABUDDHA18.jpg	ABUDDHA18.jpg	SPACE	919	SPACE
1447179127047	0	lts_1110L_22_01	22	01	0	396	0	0	0	CR	MAX	16/26426575.thl.jpg	26426575.thl.jpg	NOKEY	MAX	NOKEY
1447179130121	0	lts_1110L_22_01	22	01	0	397	0	0	0	CR	MAX	2/Atoydoll12.jpg	Atoydoll12.jpg	NOKEY	MAX	NOKEY
1447179133212	0	lts_1110L_22_01	22	01	0	398	0	0	0	CR	MAX	32/Araisins4.jpg	Araisins4.jpg	NOKEY	MAX	NOKEY
1447179134315	0	lts_1110L_22_01	22	01	0	399	2	1	1	Hit	621	2-13/Atoydoll12.jpg	Atoydoll12.jpg	SPACE	668	SPACE
1447179137406	0	lts_1110L_22_01	22	01	0	400	0	0	0	CR	MAX	AHOCKPANT.jpg	AHOCKPANT.jpg	NOKEY	MAX	NOKEY
1447179140480	0	lts_1110L_22_01	22	01	0	401	128	1	0	Miss	MAX	128-3/AELECTHE4.jpg	AELECTHE4.jpg	NOKEY	MAX	SPACE
1447179143572	0	lts_1110L_22_01	22	01	0	402	0	0	0	CR	MAX	Astatueofwo29.jpg	Astatueofwo29.jpg	NOKEY	MAX	NOKEY
1447179146662	0	lts_1110L_22_01	22	01	0	403	0	0	0	CR	MAX	26384554.thl.jpg	26384554.thl.jpg	NOKEY	MAX	NOKEY
1447179149753	0	lts_1110L_22_01	22	01	0	404	0	0	0	CR	MAX	AMAGGLASS.jpg	AMAGGLASS.jpg	NOKEY	MAX	NOKEY
1447179152828	0	lts_1110L_22_01	22	01	0	405	0	0	0	CR	MAX	Afitting3.jpg	Afitting3.jpg	NOKEY	MAX	NOKEY
1447179153947	0	lts_1110L_22_01	22	01	0	406	16	1	1	Hit	636	16-mul/Awheelchair6.jpg	Awheelchair6.jpg	SPACE	686	SPACE
1447179157039	0	lts_1110L_22_01	22	01	0	407	0	0	0	CR	MAX	8/Apersonsfoot.jpg	Apersonsfoot.jpg	NOKEY	MAX	NOKEY
1447179160129	0	lts_1110L_22_01	22	01	0	408	0	0	0	CR	MAX	ADOGLEAS2.jpg	ADOGLEAS2.jpg	NOKEY	MAX	NOKEY
1447179161650	0	lts_1110L_22_01	22	01	0	409	64	1	1	Hit	1042	64-first/cigarette03.jpg	cigarette03.jpg	SPACE	1086	SPACE
1447179164724	0	lts_1110L_22_01	22	01	0	410	0	0	0	CR	MAX	ABAGEL.jpg	ABAGEL.jpg	NOKEY	MAX	NOKEY
1447179167815	0	lts_1110L_22_01	22	01	0	411	0	0	0	CR	MAX	Asign7.jpg	Asign7.jpg	NOKEY	MAX	NOKEY
1447179168935	0	lts_1110L_22_01	22	01	0	412	16	1	1	Hit	650	16-0/26426575.thl.jpg	26426575.thl.jpg	SPACE	685	SPACE
1447179172010	0	lts_1110L_22_01	22	01	0	413	0	0	0	CR	MAX	Alintbrush2.jpg	Alintbrush2.jpg	NOKEY	MAX	NOKEY
1447179175100	0	lts_1110L_22_01	22	01	0	414	0	0	0	CR	MAX	iguana.jpg	iguana.jpg	NOKEY	MAX	NOKEY
1447179176169	0	lts_1110L_22_01	22	01	0	415	8	1	1	Hit	597	8-first/Apersonsfoot.jpg	Apersonsfoot.jpg	SPACE	634	SPACE
1447179179244	0	lts_1110L_22_01	22	01	0	416	0	0	0	CR	MAX	26384871.thl.jpg	26384871.thl.jpg	NOKEY	MAX	NOKEY
1447179180297	0	lts_1110L_22_01	22	01	0	417	2	1	1	Hit	581	2-mul/Apersonsfoot.jpg	Apersonsfoot.jpg	SPACE	618	SPACE
1447179183371	0	lts_1110L_22_01	22	01	0	418	0	0	0	CR	MAX	ASHAMPO2.jpg	ASHAMPO2.jpg	NOKEY	MAX	NOKEY
1447179186445	0	lts_1110L_22_01	22	01	0	419	0	0	0	CR	MAX	1/ADESKLA12.jpg	ADESKLA12.jpg	NOKEY	MAX	NOKEY
1447179187582	0	lts_1110L_22_01	22	01	0	420	1	1	1	Hit	663	1-13/ADESKLA12.jpg	ADESKLA12.jpg	SPACE	701	SPACE
1447179190656	0	lts_1110L_22_01	22	01	0	421	0	0	0	CR	MAX	quiche.jpg	quiche.jpg	NOKEY	MAX	NOKEY
1447179193730	0	lts_1110L_22_01	22	01	0	422	0	0	0	CR	MAX	ABASTER2.jpg	ABASTER2.jpg	NOKEY	MAX	NOKEY
1447179196821	0	lts_1110L_22_01	22	01	0	423	0	0	0	CR	MAX	03015528000.jpg	03015528000.jpg	NOKEY	MAX	NOKEY
1447179199895	0	lts_1110L_22_01	22	01	0	424	0	0	0	CR	MAX	26427609.thl.jpg	26427609.thl.jpg	NOKEY	MAX	NOKEY
1447179200998	0	lts_1110L_22_01	22	01	0	425	16	1	1	Hit	625	16-mul/cigarette03.jpg	cigarette03.jpg	SPACE	668	SPACE
1447179204073	0	lts_1110L_22_01	22	01	0	426	0	0	0	CR	MAX	APIESERVE.jpg	APIESERVE.jpg	NOKEY	MAX	NOKEY
1447179207147	0	lts_1110L_22_01	22	01	0	427	0	0	0	CR	MAX	1/carseat.jpg	carseat.jpg	NOKEY	MAX	NOKEY
1447179208200	0	lts_1110L_22_01	22	01	0	428	1	1	1	Hit	575	1-11/carseat.jpg	carseat.jpg	SPACE	618	SPACE
1447179211274	0	lts_1110L_22_01	22	01	0	429	0	0	0	CR	MAX	Aantiquesofa4.jpg	Aantiquesofa4.jpg	NOKEY	MAX	NOKEY
1447179212393	0	lts_1110L_22_01	22	01	0	430	32	1	1	Hit	648	32-2/Araisins4.jpg	Araisins4.jpg	SPACE	685	SPACE
1447179215485	0	lts_1110L_22_01	22	01	0	431	0	0	0	CR	MAX	4/AAIRBOWER.jpg	AAIRBOWER.jpg	NOKEY	MAX	NOKEY
1447179218559	0	lts_1110L_22_01	22	01	0	432	0	0	0	CR	MAX	26421370.thl.jpg	26421370.thl.jpg	NOKEY	MAX	NOKEY
1447179221633	0	lts_1110L_22_01	22	01	0	433	0	0	0	CR	MAX	Aeggcup224.jpg	Aeggcup224.jpg	NOKEY	MAX	NOKEY
1447179224724	0	lts_1110L_22_01	22	01	0	434	0	0	0	CR	MAX	8244991.thl.jpg	8244991.thl.jpg	NOKEY	MAX	NOKEY
1447179227798	0	lts_1110L_22_01	22	01	0	435	4	1	0	Miss	MAX	4-9/AAIRBOWER.jpg	AAIRBOWER.jpg	NOKEY	MAX	SPACE
1447179230873	0	lts_1110L_22_01	22	01	0	436	0	0	0	CR	MAX	Atoychameleo2.jpg	Atoychameleo2.jpg	NOKEY	MAX	NOKEY
1447179233947	0	lts_1110L_22_01	22	01	0	437	0	0	0	CR	MAX	26386846.thl.jpg	26386846.thl.jpg	NOKEY	MAX	NOKEY
1447179237022	0	lts_1110L_22_01	22	01	0	438	0	0	0	CR	MAX	AMEDIEQUI.jpg	AMEDIEQUI.jpg	NOKEY	MAX	NOKEY
1447179240113	0	lts_1110L_22_01	22	01	0	439	0	0	0	CR	MAX	Aseeder2.jpg	Aseeder2.jpg	NOKEY	MAX	NOKEY
1447179243187	0	lts_1110L_22_01	22	01	0	440	0	0	0	CR	MAX	4/Aroadsignind3.jpg	Aroadsignind3.jpg	NOKEY	MAX	NOKEY
1447179246261	0	lts_1110L_22_01	22	01	0	441	0	0	0	CR	MAX	ALADLE5.jpg	ALADLE5.jpg	NOKEY	MAX	NOKEY
1447179247665	0	lts_1110L_22_01	22	01	0	442	64	1	1	Hit	932	64-first/Arake3.jpg	Arake3.jpg	SPACE	969	SPACE
1447179250756	0	lts_1110L_22_01	22	01	0	443	0	0	0	CR	MAX	Acandle120.jpg	Acandle120.jpg	NOKEY	MAX	NOKEY
1447179251808	0	lts_1110L_22_01	22	01	0	444	4	1	1	Hit	573	4-2/Aroadsignind3.jpg	Aroadsignind3.jpg	SPACE	619	SPACE
1447179254883	0	lts_1110L_22_01	22	01	0	445	0	0	0	CR	MAX	Adoorknocker2.jpg	Adoorknocker2.jpg	NOKEY	MAX	NOKEY
1447179256069	0	lts_1110L_22_01	22	01	0	446	4	1	1	Hit	710	4-mul/Arake3.jpg	Arake3.jpg	SPACE	752	SPACE
1447179259160	0	lts_1110L_22_01	22	01	0	447	0	0	0	CR	MAX	22923068.thl.jpg	22923068.thl.jpg	NOKEY	MAX	NOKEY
1447179262251	0	lts_1110L_22_01	22	01	0	448	0	0	0	CR	MAX	APARKBENC.jpg	APARKBENC.jpg	NOKEY	MAX	NOKEY
1447179265326	0	lts_1110L_22_01	22	01	0	449	0	0	0	CR	MAX	ATOOHOLDE.jpg	ATOOHOLDE.jpg	NOKEY	MAX	NOKEY
1447179478742	0	lts_1110L_22_01	22	01	1	0	0	0	0	CR	MAX	AGARBIN.jpg	AGARBIN.jpg	NOKEY	MAX	NOKEY
1447179481817	0	lts_1110L_22_01	22	01	1	1	0	0	0	CR	MAX	16/Aantiquehat4.jpg	Aantiquehat4.jpg	NOKEY	MAX	NOKEY
1447179484891	0	lts_1110L_22_01	22	01	1	2	0	0	0	CR	MAX	hockeypuck.jpg	hockeypuck.jpg	NOKEY	MAX	NOKEY
1447179487966	0	lts_1110L_22_01	22	01	1	3	0	0	0	CR	MAX	Aberries5.jpg	Aberries5.jpg	NOKEY	MAX	NOKEY
1447179491041	0	lts_1110L_22_01	22	01	1	4	0	0	0	CR	MAX	1/ABARPEAR.jpg	ABARPEAR.jpg	NOKEY	MAX	NOKEY
1447179492093	0	lts_1110L_22_01	22	01	1	5	1	1	1	Hit	578	1-5/ABARPEAR.jpg	ABARPEAR.jpg	SPACE	617	SPACE
1447179495167	0	lts_1110L_22_01	22	01	1	6	0	0	0	CR	MAX	ASPRITZER.jpg	ASPRITZER.jpg	NOKEY	MAX	NOKEY
1447179498258	0	lts_1110L_22_01	22	01	1	7	0	0	0	CR	MAX	34935544.thl.jpg	34935544.thl.jpg	NOKEY	MAX	NOKEY
1447179501333	0	lts_1110L_22_01	22	01	1	8	0	0	0	CR	MAX	Apurse83.jpg	Apurse83.jpg	NOKEY	MAX	NOKEY
1447179504407	0	lts_1110L_22_01	22	01	1	9	0	0	0	CR	MAX	128/ACAPTAIN9.jpg	ACAPTAIN9.jpg	NOKEY	MAX	NOKEY
1447179507498	0	lts_1110L_22_01	22	01	1	10	0	0	0	CR	MAX	Asquid2.jpg	Asquid2.jpg	NOKEY	MAX	NOKEY
1447179510572	0	lts_1110L_22_01	22	01	1	11	0	0	0	CR	MAX	948_01.jpg	948_01.jpg	NOKEY	MAX	NOKEY
1447179513646	0	lts_1110L_22_01	22	01	1	12	0	0	0	CR	MAX	Aicecrusher2.jpg	Aicecrusher2.jpg	NOKEY	MAX	NOKEY
1447179516738	0	lts_1110L_22_01	22	01	1	13	0	0	0	CR	MAX	1/Ashoeshines15.jpg	Ashoeshines15.jpg	NOKEY	MAX	NOKEY
1447179517907	0	lts_1110L_22_01	22	01	1	14	1	1	1	Hit	694	1-11/Ashoeshines15.jpg	Ashoeshines15.jpg	SPACE	735	SPACE
1447179520998	0	lts_1110L_22_01	22	01	1	15	0	0	0	CR	MAX	Aboxofchocola.jpg	Aboxofchocola.jpg	NOKEY	MAX	NOKEY
1447179524089	0	lts_1110L_22_01	22	01	1	16	0	0	0	CR	MAX	64/Acabinetdraw8.jpg	Acabinetdraw8.jpg	NOKEY	MAX	NOKEY
1447179527164	0	lts_1110L_22_01	22	01	1	17	16	1	0	Miss	MAX	16-first/Aantiquehat4.jpg	Aantiquehat4.jpg	NOKEY	MAX	SPACE
1447179530255	0	lts_1110L_22_01	22	01	1	18	0	0	0	CR	MAX	2/AMUFFIPAN.jpg	AMUFFIPAN.jpg	NOKEY	MAX	NOKEY
1447179533329	0	lts_1110L_22_01	22	01	1	19	0	0	0	CR	MAX	Aruler12.jpg	Aruler12.jpg	NOKEY	MAX	NOKEY
1447179534432	0	lts_1110L_22_01	22	01	1	20	2	1	1	Hit	630	2-1/AMUFFIPAN.jpg	AMUFFIPAN.jpg	SPACE	669	SPACE
1447179537506	0	lts_1110L_22_01	22	01	1	21	0	0	0	CR	MAX	AMELODEON.jpg	AMELODEON.jpg	NOKEY	MAX	NOKEY
1447179540580	0	lts_1110L_22_01	22	01	1	22	0	0	0	CR	MAX	ATOILROL2.jpg	ATOILROL2.jpg	NOKEY	MAX	NOKEY
1447179543655	0	lts_1110L_22_01	22	01	1	23	0	0	0	CR	MAX	Abat5.jpg	Abat5.jpg	NOKEY	MAX	NOKEY
1447179546746	0	lts_1110L_22_01	22	01	1	24	0	0	0	CR	MAX	AANTSTOV6.jpg	AANTSTOV6.jpg	NOKEY	MAX	NOKEY
1447179549820	0	lts_1110L_22_01	22	01	1	25	0	0	0	CR	MAX	128/ACRIB18.jpg	ACRIB18.jpg	NOKEY	MAX	NOKEY
1447179552911	0	lts_1110L_22_01	22	01	1	26	0	0	0	CR	MAX	4/ADRUM.jpg	ADRUM.jpg	NOKEY	MAX	NOKEY
1447179555986	0	lts_1110L_22_01	22	01	1	27	0	0	0	CR	MAX	AFISHNET3.jpg	AFISHNET3.jpg	NOKEY	MAX	NOKEY
1447179559077	0	lts_1110L_22_01	22	01	1	28	0	0	0	CR	MAX	Aantiquepock3.jpg	Aantiquepock3.jpg	NOKEY	MAX	NOKEY
1447179562168	0	lts_1110L_22_01	22	01	1	29	0	0	0	CR	MAX	Aeasteregg14.jpg	Aeasteregg14.jpg	NOKEY	MAX	NOKEY
1447179563388	0	lts_1110L_22_01	22	01	1	30	4	1	1	Hit	748	4-9/ADRUM.jpg	ADRUM.jpg	SPACE	785	SPACE
1447179566462	0	lts_1110L_22_01	22	01	1	31	0	0	0	CR	MAX	AWINEJUG3.jpg	AWINEJUG3.jpg	NOKEY	MAX	NOKEY
1447179569553	0	lts_1110L_22_01	22	01	1	32	0	0	0	CR	MAX	Atripod5.jpg	Atripod5.jpg	NOKEY	MAX	NOKEY
1447179570806	0	lts_1110L_22_01	22	01	1	33	16	1	1	Hit	774	16-mul/Aantiquehat4.jpg	Aantiquehat4.jpg	SPACE	820	SPACE
1447179573880	0	lts_1110L_22_01	22	01	1	34	0	0	0	CR	MAX	schoolbus.jpg	schoolbus.jpg	NOKEY	MAX	NOKEY
1447179576972	0	lts_1110L_22_01	22	01	1	35	0	0	0	CR	MAX	16/Aaircompress6.jpg	Aaircompress6.jpg	NOKEY	MAX	NOKEY
1447179580047	0	lts_1110L_22_01	22	01	1	36	0	0	0	CR	MAX	26425112.thl.jpg	26425112.thl.jpg	NOKEY	MAX	NOKEY
1447179583120	0	lts_1110L_22_01	22	01	1	37	0	0	0	CR	MAX	32/Aalligator4.jpg	Aalligator4.jpg	NOKEY	MAX	NOKEY
1447179586195	0	lts_1110L_22_01	22	01	1	38	0	0	0	CR	MAX	Achair485.jpg	Achair485.jpg	NOKEY	MAX	NOKEY
1447179589286	0	lts_1110L_22_01	22	01	1	39	0	0	0	CR	MAX	pretzelsticks.jpg	pretzelsticks.jpg	NOKEY	MAX	NOKEY
1447179592360	0	lts_1110L_22_01	22	01	1	40	0	0	0	CR	MAX	4/Acompass18.jpg	Acompass18.jpg	NOKEY	MAX	NOKEY
1447179595434	0	lts_1110L_22_01	22	01	1	41	0	0	0	CR	MAX	Abrassbu2.jpg	Abrassbu2.jpg	NOKEY	MAX	NOKEY
1447179598509	0	lts_1110L_22_01	22	01	1	42	0	0	0	CR	MAX	AGOLFIRON.jpg	AGOLFIRON.jpg	NOKEY	MAX	NOKEY
1447179601600	0	lts_1110L_22_01	22	01	1	43	0	0	0	CR	MAX	64/AMILKJUG.jpg	AMILKJUG.jpg	NOKEY	MAX	NOKEY
1447179602719	0	lts_1110L_22_01	22	01	1	44	4	1	1	Hit	650	4-7/Acompass18.jpg	Acompass18.jpg	SPACE	686	SPACE
1447179605794	0	lts_1110L_22_01	22	01	1	45	0	0	0	CR	MAX	seahorse.jpg	seahorse.jpg	NOKEY	MAX	NOKEY
1447179608868	0	lts_1110L_22_01	22	01	1	46	0	0	0	CR	MAX	128/8023888.thl.jpg	8023888.thl.jpg	NOKEY	MAX	NOKEY
1447179611942	0	lts_1110L_22_01	22	01	1	47	0	0	0	CR	MAX	8/ABREAD.jpg	ABREAD.jpg	NOKEY	MAX	NOKEY
1447179615035	0	lts_1110L_22_01	22	01	1	48	0	0	0	CR	MAX	1/Alanter59.jpg	Alanter59.jpg	NOKEY	MAX	NOKEY
1447179616136	0	lts_1110L_22_01	22	01	1	49	1	1	1	Hit	633	1-14/Alanter59.jpg	Alanter59.jpg	SPACE	667	SPACE
1447179619211	0	lts_1110L_22_01	22	01	1	50	0	0	0	CR	MAX	Apackage3.jpg	Apackage3.jpg	NOKEY	MAX	NOKEY
1447179620414	0	lts_1110L_22_01	22	01	1	51	16	1	1	Hit	731	16-1/Aaircompress6.jpg	Aaircompress6.jpg	SPACE	769	SPACE
1447179623504	0	lts_1110L_22_01	22	01	1	52	0	0	0	CR	MAX	26425322.thl.jpg	26425322.thl.jpg	NOKEY	MAX	NOKEY
1447179626579	0	lts_1110L_22_01	22	01	1	53	0	0	0	CR	MAX	Acandlesnuffe.jpg	Acandlesnuffe.jpg	NOKEY	MAX	NOKEY
1447179629653	0	lts_1110L_22_01	22	01	1	54	0	0	0	CR	MAX	fork-a.jpg	fork-a.jpg	NOKEY	MAX	NOKEY
1447179630689	0	lts_1110L_22_01	22	01	1	55	8	1	1	Hit	556	8-first/ABREAD.jpg	ABREAD.jpg	SPACE	602	SPACE
1447179633764	0	lts_1110L_22_01	22	01	1	56	0	0	0	CR	MAX	Aantiquemailb.jpg	Aantiquemailb.jpg	NOKEY	MAX	NOKEY
1447179636838	0	lts_1110L_22_01	22	01	1	57	0	0	0	CR	MAX	26460317.thl.jpg	26460317.thl.jpg	NOKEY	MAX	NOKEY
1447179639912	0	lts_1110L_22_01	22	01	1	58	0	0	0	CR	MAX	4/hairbarette.jpg	hairbarette.jpg	NOKEY	MAX	NOKEY
1447179642987	0	lts_1110L_22_01	22	01	1	59	0	0	0	CR	MAX	workbench.jpg	workbench.jpg	NOKEY	MAX	NOKEY
1447179646062	0	lts_1110L_22_01	22	01	1	60	0	0	0	CR	MAX	Awomensshoe4.jpg	Awomensshoe4.jpg	NOKEY	MAX	NOKEY
1447179649136	0	lts_1110L_22_01	22	01	1	61	0	0	0	CR	MAX	32/Astadium.jpg	Astadium.jpg	NOKEY	MAX	NOKEY
1447179650138	0	lts_1110L_22_01	22	01	1	62	4	1	1	Hit	527	4-2/hairbarette.jpg	hairbarette.jpg	SPACE	568	SPACE
1447179653212	0	lts_1110L_22_01	22	01	1	63	0	0	0	CR	MAX	A95CHEROK.jpg	A95CHEROK.jpg	NOKEY	MAX	NOKEY
1447179654349	0	lts_1110L_22_01	22	01	1	64	00	1	1	Hit	655	00-across/ewok.jpg	ewok.jpg	SPACE	702	SPACE
1447179657439	0	lts_1110L_22_01	22	01	1	65	0	0	0	CR	MAX	128/Apostalscale2.jpg	Apostalscale2.jpg	NOKEY	MAX	NOKEY
1447179660514	0	lts_1110L_22_01	22	01	1	66	0	0	0	CR	MAX	26418799.thl.jpg	26418799.thl.jpg	NOKEY	MAX	NOKEY
1447179663605	0	lts_1110L_22_01	22	01	1	67	0	0	0	CR	MAX	Apolicehelme5.jpg	Apolicehelme5.jpg	NOKEY	MAX	NOKEY
1447179666679	0	lts_1110L_22_01	22	01	1	68	0	0	0	CR	MAX	TTtvehiclesCyborg.jpg	TTtvehiclesCyborg.jpg	NOKEY	MAX	NOKEY
1447179667799	0	lts_1110L_22_01	22	01	1	69	32	1	1	Hit	641	32-4/Aalligator4.jpg	Aalligator4.jpg	SPACE	685	SPACE
1447179670890	0	lts_1110L_22_01	22	01	1	70	0	0	0	CR	MAX	zip-a.jpg	zip-a.jpg	NOKEY	MAX	NOKEY
1447179671976	0	lts_1110L_22_01	22	01	1	71	16	1	1	Hit	608	16-mul/ABREAD.jpg	ABREAD.jpg	SPACE	652	SPACE
1447179675067	0	lts_1110L_22_01	22	01	1	72	0	0	0	CR	MAX	2/Achampagnebo2.jpg	Achampagnebo2.jpg	NOKEY	MAX	NOKEY
1447179678141	0	lts_1110L_22_01	22	01	1	73	0	0	0	CR	MAX	Aashtray14.jpg	Aashtray14.jpg	NOKEY	MAX	NOKEY
1447179679244	0	lts_1110L_22_01	22	01	1	74	2	1	1	Hit	618	2-2/Achampagnebo2.jpg	Achampagnebo2.jpg	SPACE	668	SPACE
1447179682319	0	lts_1110L_22_01	22	01	1	75	0	0	0	CR	MAX	64/26466258.thl.jpg	26466258.thl.jpg	NOKEY	MAX	NOKEY
1447179685409	0	lts_1110L_22_01	22	01	1	76	0	0	0	CR	MAX	2/Ainflatable10.jpg	Ainflatable10.jpg	NOKEY	MAX	NOKEY
1447179688500	0	lts_1110L_22_01	22	01	1	77	0	0	0	CR	MAX	26423242.thl.jpg	26423242.thl.jpg	NOKEY	MAX	NOKEY
1447179689486	0	lts_1110L_22_01	22	01	1	78	2	1	1	Hit	514	2-7/Ainflatable10.jpg	Ainflatable10.jpg	SPACE	552	SPACE
1447179692560	0	lts_1110L_22_01	22	01	1	79	0	0	0	CR	MAX	22861656.thl.jpg	22861656.thl.jpg	NOKEY	MAX	NOKEY
1447179695635	0	lts_1110L_22_01	22	01	1	80	64	1	0	Miss	MAX	64-first/Acabinetdraw8.jpg	Acabinetdraw8.jpg	NOKEY	MAX	SPACE
1447179698709	0	lts_1110L_22_01	22	01	1	81	0	0	0	CR	MAX	26425323.thl.jpg	26425323.thl.jpg	NOKEY	MAX	NOKEY
1447179699762	0	lts_1110L_22_01	22	01	1	82	2	1	1	Hit	575	2-mul/Acabinetdraw8.jpg	Acabinetdraw8.jpg	SPACE	618	SPACE
1447179702836	0	lts_1110L_22_01	22	01	1	83	0	0	0	CR	MAX	26428593.thl.jpg	26428593.thl.jpg	NOKEY	MAX	NOKEY
1447179705911	0	lts_1110L_22_01	22	01	1	84	0	0	0	CR	MAX	1/ASTEAMER.jpg	ASTEAMER.jpg	NOKEY	MAX	NOKEY
1447179706880	0	lts_1110L_22_01	22	01	1	85	1	1	1	Hit	489	1-3/ASTEAMER.jpg	ASTEAMER.jpg	SPACE	535	SPACE
1447179709954	0	lts_1110L_22_01	22	01	1	86	0	0	0	CR	MAX	2/Afilmnegativ2.jpg	Afilmnegativ2.jpg	NOKEY	MAX	NOKEY
1447179713030	0	lts_1110L_22_01	22	01	1	87	0	0	0	CR	MAX	Ahappbirt.jpg	Ahappbirt.jpg	NOKEY	MAX	NOKEY
1447179714081	0	lts_1110L_22_01	22	01	1	88	2	1	1	Hit	577	2-4/Afilmnegativ2.jpg	Afilmnegativ2.jpg	SPACE	617	SPACE
1447179717172	0	lts_1110L_22_01	22	01	1	89	0	0	0	CR	MAX	Aornamentalt5.jpg	Aornamentalt5.jpg	NOKEY	MAX	NOKEY
1447179720263	0	lts_1110L_22_01	22	01	1	90	0	0	0	CR	MAX	1/10053101.thm.jpg	10053101.thm.jpg	NOKEY	MAX	NOKEY
1447179721266	0	lts_1110L_22_01	22	01	1	91	1	1	1	Hit	526	1-4/10053101.thm.jpg	10053101.thm.jpg	SPACE	568	SPACE
1447179724357	0	lts_1110L_22_01	22	01	1	92	0	0	0	CR	MAX	22925624.thl.jpg	22925624.thl.jpg	NOKEY	MAX	NOKEY
1447179725526	0	lts_1110L_22_01	22	01	1	93	32	1	1	Hit	696	32-6/Astadium.jpg	Astadium.jpg	SPACE	736	SPACE
1447179728617	0	lts_1110L_22_01	22	01	1	94	0	0	0	CR	MAX	Acentipede4.jpg	Acentipede4.jpg	NOKEY	MAX	NOKEY
1447179731692	0	lts_1110L_22_01	22	01	1	95	0	0	0	CR	MAX	10049816.thl.jpg	10049816.thl.jpg	NOKEY	MAX	NOKEY
1447179734766	0	lts_1110L_22_01	22	01	1	96	0	0	0	CR	MAX	Ajewisho2.jpg	Ajewisho2.jpg	NOKEY	MAX	NOKEY
1447179737857	0	lts_1110L_22_01	22	01	1	97	0	0	0	CR	MAX	16/Aflowerwreat2.jpg	Aflowerwreat2.jpg	NOKEY	MAX	NOKEY
1447179740948	0	lts_1110L_22_01	22	01	1	98	0	0	0	CR	MAX	32/AAPPCOVE2.jpg	AAPPCOVE2.jpg	NOKEY	MAX	NOKEY
1447179744024	0	lts_1110L_22_01	22	01	1	99	0	0	0	CR	MAX	1/Ascarf7.jpg	Ascarf7.jpg	NOKEY	MAX	NOKEY
1447179747097	0	lts_1110L_22_01	22	01	1	100	1	1	0	Miss	MAX	1-9/Ascarf7.jpg	Ascarf7.jpg	NOKEY	MAX	SPACE
1447179750171	0	lts_1110L_22_01	22	01	1	101	0	0	0	CR	MAX	8/Afoodgrinder2.jpg	Afoodgrinder2.jpg	NOKEY	MAX	NOKEY
1447179753246	0	lts_1110L_22_01	22	01	1	102	0	0	0	CR	MAX	64/ARECORDC2.jpg	ARECORDC2.jpg	NOKEY	MAX	NOKEY
1447179756320	0	lts_1110L_22_01	22	01	1	103	0	0	0	CR	MAX	Astamp23.jpg	Astamp23.jpg	NOKEY	MAX	NOKEY
1447179759428	0	lts_1110L_22_01	22	01	1	104	0	0	0	CR	MAX	AMAGHOLDE.jpg	AMAGHOLDE.jpg	NOKEY	MAX	NOKEY
1447179762502	0	lts_1110L_22_01	22	01	1	105	0	0	0	CR	MAX	16/APICNICBL.jpg	APICNICBL.jpg	NOKEY	MAX	NOKEY
1447179765576	0	lts_1110L_22_01	22	01	1	106	0	0	0	CR	MAX	Atoyslide.jpg	Atoyslide.jpg	NOKEY	MAX	NOKEY
1447179768651	0	lts_1110L_22_01	22	01	1	107	64	1	0	Miss	MAX	64-first/AMILKJUG.jpg	AMILKJUG.jpg	NOKEY	MAX	SPACE
1447179771742	0	lts_1110L_22_01	22	01	1	108	0	0	0	CR	MAX	moto.jpg	moto.jpg	NOKEY	MAX	NOKEY
1447179772928	0	lts_1110L_22_01	22	01	1	109	8	1	1	Hit	711	8-first/Afoodgrinder2.jpg	Afoodgrinder2.jpg	SPACE	752	SPACE
1447179776020	0	lts_1110L_22_01	22	01	1	110	0	0	0	CR	MAX	AFENCIN50.jpg	AFENCIN50.jpg	NOKEY	MAX	NOKEY
1447179777072	0	lts_1110L_22_01	22	01	1	111	2	1	1	Hit	577	2-mul/Afoodgrinder2.jpg	Afoodgrinder2.jpg	SPACE	617	SPACE
1447179780147	0	lts_1110L_22_01	22	01	1	112	0	0	0	CR	MAX	lollipops.jpg	lollipops.jpg	NOKEY	MAX	NOKEY
1447179783221	0	lts_1110L_22_01	22	01	1	113	16	1	0	Miss	MAX	16-first/Aflowerwreat2.jpg	Aflowerwreat2.jpg	NOKEY	MAX	SPACE
1447179786295	0	lts_1110L_22_01	22	01	1	114	0	0	0	CR	MAX	1/22858860.thl.jpg	22858860.thl.jpg	NOKEY	MAX	NOKEY
1447179787331	0	lts_1110L_22_01	22	01	1	115	1	1	1	Hit	553	1-7/22858860.thl.jpg	22858860.thl.jpg	SPACE	601	SPACE
1447179790405	0	lts_1110L_22_01	22	01	1	116	0	0	0	CR	MAX	Aglass43.jpg	Aglass43.jpg	NOKEY	MAX	NOKEY
1447179791658	0	lts_1110L_22_01	22	01	1	117	4	1	1	Hit	778	4-mul/Aflowerwreat2.jpg	Aflowerwreat2.jpg	SPACE	819	SPACE
1447179794749	0	lts_1110L_22_01	22	01	1	118	0	0	0	CR	MAX	Awatch53.jpg	Awatch53.jpg	NOKEY	MAX	NOKEY
1447179797824	0	lts_1110L_22_01	22	01	1	119	0	0	0	CR	MAX	AMASCARA.jpg	AMASCARA.jpg	NOKEY	MAX	NOKEY
1447179800898	0	lts_1110L_22_01	22	01	1	120	0	0	0	CR	MAX	22924880.thl.jpg	22924880.thl.jpg	NOKEY	MAX	NOKEY
1447179803973	0	lts_1110L_22_01	22	01	1	121	16	1	0	Miss	MAX	16-0/APICNICBL.jpg	APICNICBL.jpg	NOKEY	MAX	SPACE
1447179807064	0	lts_1110L_22_01	22	01	1	122	0	0	0	CR	MAX	ACUSHIO12.jpg	ACUSHIO12.jpg	NOKEY	MAX	NOKEY
1447179808534	0	lts_1110L_22_01	22	01	1	123	16	1	1	Hit	989	16-mul/AMILKJUG.jpg	AMILKJUG.jpg	SPACE	1036	SPACE
1447179811608	0	lts_1110L_22_01	22	01	1	124	0	0	0	CR	MAX	Ajacket12.jpg	Ajacket12.jpg	NOKEY	MAX	NOKEY
1447179814683	0	lts_1110L_22_01	22	01	1	125	0	0	0	CR	MAX	Aframe196.jpg	Aframe196.jpg	NOKEY	MAX	NOKEY
1447179817757	0	lts_1110L_22_01	22	01	1	126	0	0	0	CR	MAX	32/23029830.thl.jpg	23029830.thl.jpg	NOKEY	MAX	NOKEY
1447179820848	0	lts_1110L_22_01	22	01	1	127	0	0	0	CR	MAX	Afloweredsan3.jpg	Afloweredsan3.jpg	NOKEY	MAX	NOKEY
1447179823922	0	lts_1110L_22_01	22	01	1	128	0	0	0	CR	MAX	26440629.thl.jpg	26440629.thl.jpg	NOKEY	MAX	NOKEY
1447179826997	0	lts_1110L_22_01	22	01	1	129	0	0	0	CR	MAX	32/ATURKEY11.jpg	ATURKEY11.jpg	NOKEY	MAX	NOKEY
1447179828200	0	lts_1110L_22_01	22	01	1	130	32	1	1	Hit	728	32-1/AAPPCOVE2.jpg	AAPPCOVE2.jpg	SPACE	768	SPACE
1447179831291	0	lts_1110L_22_01	22	01	1	131	0	0	0	CR	MAX	ACLOWSTE5.jpg	ACLOWSTE5.jpg	NOKEY	MAX	NOKEY
1447179834365	0	lts_1110L_22_01	22	01	1	132	0	0	0	CR	MAX	shield.jpg	shield.jpg	NOKEY	MAX	NOKEY
1447179837439	0	lts_1110L_22_01	22	01	1	133	0	0	0	CR	MAX	ATROWEL2.jpg	ATROWEL2.jpg	NOKEY	MAX	NOKEY
1447179840514	0	lts_1110L_22_01	22	01	1	134	0	0	0	CR	MAX	ACEILHOOK.jpg	ACEILHOOK.jpg	NOKEY	MAX	NOKEY
1447179843605	0	lts_1110L_22_01	22	01	1	135	0	0	0	CR	MAX	AGRENADIN.jpg	AGRENADIN.jpg	NOKEY	MAX	NOKEY
1447179846696	0	lts_1110L_22_01	22	01	1	136	0	0	0	CR	MAX	Acdrominterf2.jpg	Acdrominterf2.jpg	NOKEY	MAX	NOKEY
1447179849770	0	lts_1110L_22_01	22	01	1	137	128	1	0	Miss	MAX	128-4/ACAPTAIN9.jpg	ACAPTAIN9.jpg	NOKEY	MAX	SPACE
1447179852861	0	lts_1110L_22_01	22	01	1	138	0	0	0	CR	MAX	ALOOFA.jpg	ALOOFA.jpg	NOKEY	MAX	NOKEY
1447179854465	0	lts_1110L_22_01	22	01	1	139	64	1	1	Hit	1107	64-first/26466258.thl.jpg	26466258.thl.jpg	SPACE	1154	SPACE
1447179857540	0	lts_1110L_22_01	22	01	1	140	0	0	0	CR	MAX	64/AAIRPUMP2.jpg	AAIRPUMP2.jpg	NOKEY	MAX	NOKEY
1447179860631	0	lts_1110L_22_01	22	01	1	141	0	0	0	CR	MAX	26439504.thl.jpg	26439504.thl.jpg	NOKEY	MAX	NOKEY
1447179863705	0	lts_1110L_22_01	22	01	1	142	0	0	0	CR	MAX	Atoytractor17.jpg	Atoytractor17.jpg	NOKEY	MAX	NOKEY
1447179864724	0	lts_1110L_22_01	22	01	1	143	4	1	1	Hit	539	4-mul/26466258.thl.jpg	26466258.thl.jpg	SPACE	585	SPACE
1447179867799	0	lts_1110L_22_01	22	01	1	144	0	0	0	CR	MAX	Abreastpump2.jpg	Abreastpump2.jpg	NOKEY	MAX	NOKEY
1447179870873	0	lts_1110L_22_01	22	01	1	145	0	0	0	CR	MAX	2/ASEWINGT4.jpg	ASEWINGT4.jpg	NOKEY	MAX	NOKEY
1447179873964	0	lts_1110L_22_01	22	01	1	146	0	0	0	CR	MAX	8256530.thl.jpg	8256530.thl.jpg	NOKEY	MAX	NOKEY
1447179875084	0	lts_1110L_22_01	22	01	1	147	2	1	1	Hit	646	2-12/ASEWINGT4.jpg	ASEWINGT4.jpg	SPACE	685	SPACE
1447179878158	0	lts_1110L_22_01	22	01	1	148	0	0	0	CR	MAX	128/Ascientifict3.jpg	Ascientifict3.jpg	NOKEY	MAX	NOKEY
1447179881249	0	lts_1110L_22_01	22	01	1	149	0	0	0	CR	MAX	ATHISEND4.jpg	ATHISEND4.jpg	NOKEY	MAX	NOKEY
1447179882435	0	lts_1110L_22_01	22	01	1	150	00	1	1	Hit	708	00-across/cigarette03.jpg	cigarette03.jpg	SPACE	753	SPACE
1447179885510	0	lts_1110L_22_01	22	01	1	151	0	0	0	CR	MAX	AHYPBOTT.jpg	AHYPBOTT.jpg	NOKEY	MAX	NOKEY
1447179888584	0	lts_1110L_22_01	22	01	1	152	0	0	0	CR	MAX	Apilldispens3.jpg	Apilldispens3.jpg	NOKEY	MAX	NOKEY
1447179889804	0	lts_1110L_22_01	22	01	1	153	128	1	1	Hit	739	128-3/ACRIB18.jpg	ACRIB18.jpg	SPACE	785	SPACE
1447179892878	0	lts_1110L_22_01	22	01	1	154	0	0	0	CR	MAX	26432175.thl.jpg	26432175.thl.jpg	NOKEY	MAX	NOKEY
1447179895953	0	lts_1110L_22_01	22	01	1	155	0	0	0	CR	MAX	26432173.thl.jpg	26432173.thl.jpg	NOKEY	MAX	NOKEY
1447179899028	0	lts_1110L_22_01	22	01	1	156	0	0	0	CR	MAX	16/26432607.thl.jpg	26432607.thl.jpg	NOKEY	MAX	NOKEY
1447179902185	0	lts_1110L_22_01	22	01	1	157	0	0	0	CR	MAX	Abarn4.jpg	Abarn4.jpg	NOKEY	MAX	NOKEY
1447179905259	0	lts_1110L_22_01	22	01	1	158	32	1	0	Miss	MAX	32-8/23029830.thl.jpg	23029830.thl.jpg	NOKEY	MAX	SPACE
1447179908350	0	lts_1110L_22_01	22	01	1	159	0	0	0	CR	MAX	blackjackcasinotable.jpg	blackjackcasinotable.jpg	NOKEY	MAX	NOKEY
1447179911441	0	lts_1110L_22_01	22	01	1	160	0	0	0	CR	MAX	AFOUNTAI5.jpg	AFOUNTAI5.jpg	NOKEY	MAX	NOKEY
1447179914515	0	lts_1110L_22_01	22	01	1	161	32	1	0	Miss	MAX	32-7/ATURKEY11.jpg	ATURKEY11.jpg	NOKEY	MAX	SPACE
1447179917590	0	lts_1110L_22_01	22	01	1	162	0	0	0	CR	MAX	Aantelopesku5.jpg	Aantelopesku5.jpg	NOKEY	MAX	NOKEY
1447179920681	0	lts_1110L_22_01	22	01	1	163	0	0	0	CR	MAX	26423873.thl.jpg	26423873.thl.jpg	NOKEY	MAX	NOKEY
1447179923755	0	lts_1110L_22_01	22	01	1	164	0	0	0	CR	MAX	Asandwichiro2.jpg	Asandwichiro2.jpg	NOKEY	MAX	NOKEY
1447179926830	0	lts_1110L_22_01	22	01	1	165	0	0	0	CR	MAX	Aclimbersicep.jpg	Aclimbersicep.jpg	NOKEY	MAX	NOKEY
1447179929904	0	lts_1110L_22_01	22	01	1	166	64	1	0	Miss	MAX	64-first/ARECORDC2.jpg	ARECORDC2.jpg	NOKEY	MAX	SPACE
1447179932979	0	lts_1110L_22_01	22	01	1	167	0	0	0	CR	MAX	26455183.thl.jpg	26455183.thl.jpg	NOKEY	MAX	NOKEY
1447179936054	0	lts_1110L_22_01	22	01	1	168	2	1	0	Miss	MAX	2-mul/ARECORDC2.jpg	ARECORDC2.jpg	NOKEY	MAX	SPACE
1447179939127	0	lts_1110L_22_01	22	01	1	169	0	0	0	CR	MAX	26425573.thl.jpg	26425573.thl.jpg	NOKEY	MAX	NOKEY
1447179942202	0	lts_1110L_22_01	22	01	1	170	0	0	0	CR	MAX	ATOASTE22.jpg	ATOASTE22.jpg	NOKEY	MAX	NOKEY
1447179945276	0	lts_1110L_22_01	22	01	1	171	0	0	0	CR	MAX	weddingdress.jpg	weddingdress.jpg	NOKEY	MAX	NOKEY
1447179948350	0	lts_1110L_22_01	22	01	1	172	16	1	0	Miss	MAX	16-first/26432607.thl.jpg	26432607.thl.jpg	NOKEY	MAX	SPACE
1447179951424	0	lts_1110L_22_01	22	01	1	173	0	0	0	CR	MAX	AWHISBARR.jpg	AWHISBARR.jpg	NOKEY	MAX	NOKEY
1447179954499	0	lts_1110L_22_01	22	01	1	174	128	1	0	Miss	MAX	128-5/8023888.thl.jpg	8023888.thl.jpg	NOKEY	MAX	SPACE
1447179957573	0	lts_1110L_22_01	22	01	1	175	0	0	0	CR	MAX	26282515.thl.jpg	26282515.thl.jpg	NOKEY	MAX	NOKEY
1447179958760	0	lts_1110L_22_01	22	01	1	176	4	1	1	Hit	712	4-mul/26432607.thl.jpg	26432607.thl.jpg	SPACE	751	SPACE
1447179961834	0	lts_1110L_22_01	22	01	1	177	0	0	0	CR	MAX	8/Atoywheels.jpg	Atoywheels.jpg	NOKEY	MAX	NOKEY
1447179964925	0	lts_1110L_22_01	22	01	1	178	0	0	0	CR	MAX	26427867.thl.jpg	26427867.thl.jpg	NOKEY	MAX	NOKEY
1447179968000	0	lts_1110L_22_01	22	01	1	179	0	0	0	CR	MAX	supersmilefloss.jpg	supersmilefloss.jpg	NOKEY	MAX	NOKEY
1447179971074	0	lts_1110L_22_01	22	01	1	180	0	0	0	CR	MAX	2/Acprmask2.jpg	Acprmask2.jpg	NOKEY	MAX	NOKEY
1447179974148	0	lts_1110L_22_01	22	01	1	181	0	0	0	CR	MAX	Apocketknifew.jpg	Apocketknifew.jpg	NOKEY	MAX	NOKEY
1447179975117	0	lts_1110L_22_01	22	01	1	182	2	1	1	Hit	497	2-11/Acprmask2.jpg	Acprmask2.jpg	SPACE	534	SPACE
1447179978208	0	lts_1110L_22_01	22	01	1	183	0	0	0	CR	MAX	Atotemp10.jpg	Atotemp10.jpg	NOKEY	MAX	NOKEY
1447179981282	0	lts_1110L_22_01	22	01	1	184	0	0	0	CR	MAX	Aceramicjug10.jpg	Aceramicjug10.jpg	NOKEY	MAX	NOKEY
1447179982318	0	lts_1110L_22_01	22	01	1	185	8	1	1	Hit	559	8-first/Atoywheels.jpg	Atoywheels.jpg	SPACE	602	SPACE
1447179985409	0	lts_1110L_22_01	22	01	1	186	0	0	0	CR	MAX	juicebox.jpg	juicebox.jpg	NOKEY	MAX	NOKEY
1447179986378	0	lts_1110L_22_01	22	01	1	187	2	1	1	Hit	497	2-mul/Atoywheels.jpg	Atoywheels.jpg	SPACE	535	SPACE
1447179989470	0	lts_1110L_22_01	22	01	1	188	0	0	0	CR	MAX	1/elecmap.jpg	elecmap.jpg	NOKEY	MAX	NOKEY
1447179990372	0	lts_1110L_22_01	22	01	1	189	1	1	1	Hit	418	1-13/elecmap.jpg	elecmap.jpg	SPACE	468	SPACE
1447179993480	0	lts_1110L_22_01	22	01	1	190	0	0	0	CR	MAX	1/Abowloffruit4.jpg	Abowloffruit4.jpg	NOKEY	MAX	NOKEY
1447179994415	0	lts_1110L_22_01	22	01	1	191	1	1	1	Hit	463	1-10/Abowloffruit4.jpg	Abowloffruit4.jpg	SPACE	502	SPACE
1447179997490	0	lts_1110L_22_01	22	01	1	192	0	0	0	CR	MAX	ABULLMASK.jpg	ABULLMASK.jpg	NOKEY	MAX	NOKEY
1447180000564	0	lts_1110L_22_01	22	01	1	193	128	1	0	Miss	MAX	128-7/Apostalscale2.jpg	Apostalscale2.jpg	NOKEY	MAX	SPACE
1447180003639	0	lts_1110L_22_01	22	01	1	194	0	0	0	CR	MAX	2/Atoothbrush3.jpg	Atoothbrush3.jpg	NOKEY	MAX	NOKEY
1447180006713	0	lts_1110L_22_01	22	01	1	195	0	0	0	CR	MAX	ATUNFORK2.jpg	ATUNFORK2.jpg	NOKEY	MAX	NOKEY
1447180009787	0	lts_1110L_22_01	22	01	1	196	2	1	0	Miss	MAX	2-0/Atoothbrush3.jpg	Atoothbrush3.jpg	NOKEY	MAX	SPACE
1447180012862	0	lts_1110L_22_01	22	01	1	197	0	0	0	CR	MAX	ASEWING.jpg	ASEWING.jpg	NOKEY	MAX	NOKEY
1447180015936	0	lts_1110L_22_01	22	01	1	198	0	0	0	CR	MAX	8/Anoisma32.jpg	Anoisma32.jpg	NOKEY	MAX	NOKEY
1447180019028	0	lts_1110L_22_01	22	01	1	199	0	0	0	CR	MAX	AWREATH9.jpg	AWREATH9.jpg	NOKEY	MAX	NOKEY
1447180020280	0	lts_1110L_22_01	22	01	1	200	00	1	1	Hit	774	00-across/Araisins4.jpg	Araisins4.jpg	SPACE	817	SPACE
1447180023371	0	lts_1110L_22_01	22	01	1	201	0	0	0	CR	MAX	128/ASTENORA2.jpg	ASTENORA2.jpg	NOKEY	MAX	NOKEY
1447180026462	0	lts_1110L_22_01	22	01	1	202	0	0	0	CR	MAX	ASPIDERW2.jpg	ASPIDERW2.jpg	NOKEY	MAX	NOKEY
1447180029536	0	lts_1110L_22_01	22	01	1	203	0	0	0	CR	MAX	AKITE5.jpg	AKITE5.jpg	NOKEY	MAX	NOKEY
1447180030673	0	lts_1110L_22_01	22	01	1	204	64	1	1	Hit	664	64-first/AAIRPUMP2.jpg	AAIRPUMP2.jpg	SPACE	702	SPACE
1447180033764	0	lts_1110L_22_01	22	01	1	205	0	0	0	CR	MAX	26390189.thl.jpg	26390189.thl.jpg	NOKEY	MAX	NOKEY
1447180035001	0	lts_1110L_22_01	22	01	1	206	8	1	1	Hit	764	8-first/Anoisma32.jpg	Anoisma32.jpg	SPACE	802	SPACE
1447180038091	0	lts_1110L_22_01	22	01	1	207	0	0	0	CR	MAX	Agreenplastic.jpg	Agreenplastic.jpg	NOKEY	MAX	NOKEY
1447180041166	0	lts_1110L_22_01	22	01	1	208	0	0	0	CR	MAX	ACOFFTA18.jpg	ACOFFTA18.jpg	NOKEY	MAX	NOKEY
1447180044257	0	lts_1110L_22_01	22	01	1	209	0	0	0	CR	MAX	8/Ascientificm2.jpg	Ascientificm2.jpg	NOKEY	MAX	NOKEY
1447180045326	0	lts_1110L_22_01	22	01	1	210	4	1	1	Hit	588	4-mul/Anoisma32.jpg	Anoisma32.jpg	SPACE	635	SPACE
1447180048400	0	lts_1110L_22_01	22	01	1	211	0	0	0	CR	MAX	ASWANWHIT.jpg	ASWANWHIT.jpg	NOKEY	MAX	NOKEY
1447180051475	0	lts_1110L_22_01	22	01	1	212	0	0	0	CR	MAX	bait04.jpg	bait04.jpg	NOKEY	MAX	NOKEY
1447180054549	0	lts_1110L_22_01	22	01	1	213	0	0	0	CR	MAX	26463767.thl.jpg	26463767.thl.jpg	NOKEY	MAX	NOKEY
1447180057623	0	lts_1110L_22_01	22	01	1	214	0	0	0	CR	MAX	AGHOST.jpg	AGHOST.jpg	NOKEY	MAX	NOKEY
1447180060698	0	lts_1110L_22_01	22	01	1	215	0	0	0	CR	MAX	32/ADUSTER5.jpg	ADUSTER5.jpg	NOKEY	MAX	NOKEY
1447180063772	0	lts_1110L_22_01	22	01	1	216	0	0	0	CR	MAX	APOTGOLD2.jpg	APOTGOLD2.jpg	NOKEY	MAX	NOKEY
1447180066847	0	lts_1110L_22_01	22	01	1	217	8	1	0	Miss	MAX	8-1/Ascientificm2.jpg	Ascientificm2.jpg	NOKEY	MAX	SPACE
1447180069938	0	lts_1110L_22_01	22	01	1	218	0	0	0	CR	MAX	64/8020200.thl.jpg	8020200.thl.jpg	NOKEY	MAX	NOKEY
1447180073030	0	lts_1110L_22_01	22	01	1	219	0	0	0	CR	MAX	AOVENMIT5.jpg	AOVENMIT5.jpg	NOKEY	MAX	NOKEY
1447180074265	0	lts_1110L_22_01	22	01	1	220	16	1	1	Hit	759	16-mul/AAIRPUMP2.jpg	AAIRPUMP2.jpg	SPACE	801	SPACE
1447180077340	0	lts_1110L_22_01	22	01	1	221	0	0	0	CR	MAX	4/ADART3.jpg	ADART3.jpg	NOKEY	MAX	NOKEY
1447180080430	0	lts_1110L_22_01	22	01	1	222	0	0	0	CR	MAX	8031659.thl.jpg	8031659.thl.jpg	NOKEY	MAX	NOKEY
1447180081533	0	lts_1110L_22_01	22	01	1	223	00	1	1	Hit	633	00-across/Aancientston3.jpg	Aancientston3.jpg	SPACE	669	SPACE
1447180084624	0	lts_1110L_22_01	22	01	1	224	0	0	0	CR	MAX	ASNOWSH11.jpg	ASNOWSH11.jpg	NOKEY	MAX	NOKEY
1447180085777	0	lts_1110L_22_01	22	01	1	225	4	1	1	Hit	679	4-12/ADART3.jpg	ADART3.jpg	SPACE	718	SPACE
1447180088868	0	lts_1110L_22_01	22	01	1	226	0	0	0	CR	MAX	4/Amonkey5.jpg	Amonkey5.jpg	NOKEY	MAX	NOKEY
1447180091959	0	lts_1110L_22_01	22	01	1	227	0	0	0	CR	MAX	batslbir.jpg	batslbir.jpg	NOKEY	MAX	NOKEY
1447180095035	0	lts_1110L_22_01	22	01	1	228	0	0	0	CR	MAX	128/ARCMPPOL2.jpg	ARCMPPOL2.jpg	NOKEY	MAX	NOKEY
1447180098125	0	lts_1110L_22_01	22	01	1	229	0	0	0	CR	MAX	fireking-file-cabinet.jpg	fireking-file-cabinet.jpg	NOKEY	MAX	NOKEY
1447180099161	0	lts_1110L_22_01	22	01	1	230	4	1	1	Hit	559	4-5/Amonkey5.jpg	Amonkey5.jpg	SPACE	602	SPACE
1447180102235	0	lts_1110L_22_01	22	01	1	231	0	0	0	CR	MAX	4/AVIOLINCO.jpg	AVIOLINCO.jpg	NOKEY	MAX	NOKEY
1447180105309	0	lts_1110L_22_01	22	01	1	232	0	0	0	CR	MAX	ADRESS2.jpg	ADRESS2.jpg	NOKEY	MAX	NOKEY
1447180108384	0	lts_1110L_22_01	22	01	1	233	00	1	0	Miss	MAX	00-across/Atoyswing.jpg	Atoyswing.jpg	NOKEY	MAX	SPACE
1447180111458	0	lts_1110L_22_01	22	01	1	234	0	0	0	CR	MAX	AANTFRYI2.jpg	AANTFRYI2.jpg	NOKEY	MAX	NOKEY
1447180112611	0	lts_1110L_22_01	22	01	1	235	4	1	1	Hit	670	4-11/AVIOLINCO.jpg	AVIOLINCO.jpg	SPACE	719	SPACE
1447180115685	0	lts_1110L_22_01	22	01	1	236	0	0	0	CR	MAX	4/10049464.thl.jpg	10049464.thl.jpg	NOKEY	MAX	NOKEY
1447180118760	0	lts_1110L_22_01	22	01	1	237	0	0	0	CR	MAX	8/ACREAME11.jpg	ACREAME11.jpg	NOKEY	MAX	NOKEY
1447180121834	0	lts_1110L_22_01	22	01	1	238	0	0	0	CR	MAX	ACAT6.jpg	ACAT6.jpg	NOKEY	MAX	NOKEY
1447180124908	0	lts_1110L_22_01	22	01	1	239	0	0	0	CR	MAX	16/leek.jpg	leek.jpg	NOKEY	MAX	NOKEY
1447180126046	0	lts_1110L_22_01	22	01	1	240	4	1	1	Hit	654	4-6/10049464.thl.jpg	10049464.thl.jpg	SPACE	702	SPACE
1447180129119	0	lts_1110L_22_01	22	01	1	241	0	0	0	CR	MAX	Aorcatoy4.jpg	Aorcatoy4.jpg	NOKEY	MAX	NOKEY
1447180132193	0	lts_1110L_22_01	22	01	1	242	00	1	0	Miss	MAX	00-across/Ascroll7.jpg	Ascroll7.jpg	NOKEY	MAX	SPACE
1447180135267	0	lts_1110L_22_01	22	01	1	243	0	0	0	CR	MAX	AALTIRE2.jpg	AALTIRE2.jpg	NOKEY	MAX	NOKEY
1447180138359	0	lts_1110L_22_01	22	01	1	244	0	0	0	CR	MAX	Atool120.jpg	Atool120.jpg	NOKEY	MAX	NOKEY
1447180141450	0	lts_1110L_22_01	22	01	1	245	8	1	0	Miss	MAX	8-first/ACREAME11.jpg	ACREAME11.jpg	NOKEY	MAX	SPACE
1447180144541	0	lts_1110L_22_01	22	01	1	246	0	0	0	CR	MAX	Aangel37.jpg	Aangel37.jpg	NOKEY	MAX	NOKEY
1447180147615	0	lts_1110L_22_01	22	01	1	247	32	1	0	Miss	MAX	32-9/ADUSTER5.jpg	ADUSTER5.jpg	NOKEY	MAX	SPACE
1447180150690	0	lts_1110L_22_01	22	01	1	248	0	0	0	CR	MAX	4/Apyramid3.jpg	Apyramid3.jpg	NOKEY	MAX	NOKEY
1447180151742	0	lts_1110L_22_01	22	01	1	249	4	1	1	Hit	575	4-mul/ACREAME11.jpg	ACREAME11.jpg	SPACE	618	SPACE
1447180154817	0	lts_1110L_22_01	22	01	1	250	0	0	0	CR	MAX	26375982.thl.jpg	26375982.thl.jpg	NOKEY	MAX	NOKEY
1447180157908	0	lts_1110L_22_01	22	01	1	251	0	0	0	CR	MAX	26439297.thl.jpg	26439297.thl.jpg	NOKEY	MAX	NOKEY
1447180158994	0	lts_1110L_22_01	22	01	1	252	4	1	1	Hit	614	4-10/Apyramid3.jpg	Apyramid3.jpg	SPACE	652	SPACE
1447180162085	0	lts_1110L_22_01	22	01	1	253	0	0	0	CR	MAX	Atrafficsign2.jpg	Atrafficsign2.jpg	NOKEY	MAX	NOKEY
1447180165159	0	lts_1110L_22_01	22	01	1	254	0	0	0	CR	MAX	ATISSUE.jpg	ATISSUE.jpg	NOKEY	MAX	NOKEY
1447180166162	0	lts_1110L_22_01	22	01	1	255	16	1	1	Hit	524	16-first/leek.jpg	leek.jpg	SPACE	568	SPACE
1447180169236	0	lts_1110L_22_01	22	01	1	256	0	0	0	CR	MAX	4/ABLUCAND5.jpg	ABLUCAND5.jpg	NOKEY	MAX	NOKEY
1447180170255	0	lts_1110L_22_01	22	01	1	257	2	1	1	Hit	545	2-mul/leek.jpg	leek.jpg	SPACE	585	SPACE
1447180173329	0	lts_1110L_22_01	22	01	1	258	0	0	0	CR	MAX	AALTAR.jpg	AALTAR.jpg	NOKEY	MAX	NOKEY
1447180176437	0	lts_1110L_22_01	22	01	1	259	0	0	0	CR	MAX	pajamas.jpg	pajamas.jpg	NOKEY	MAX	NOKEY
1447180177523	0	lts_1110L_22_01	22	01	1	260	4	1	1	Hit	611	4-1/ABLUCAND5.jpg	ABLUCAND5.jpg	SPACE	652	SPACE
1447180180598	0	lts_1110L_22_01	22	01	1	261	0	0	0	CR	MAX	butternutsquash.jpg	butternutsquash.jpg	NOKEY	MAX	NOKEY
1447180183672	0	lts_1110L_22_01	22	01	1	262	0	0	0	CR	MAX	045.jpg	045.jpg	NOKEY	MAX	NOKEY
1447180186763	0	lts_1110L_22_01	22	01	1	263	0	0	0	CR	MAX	1/Awindmill4.jpg	Awindmill4.jpg	NOKEY	MAX	NOKEY
1447180187732	0	lts_1110L_22_01	22	01	1	264	1	1	1	Hit	495	1-6/Awindmill4.jpg	Awindmill4.jpg	SPACE	534	SPACE
1447180190807	0	lts_1110L_22_01	22	01	1	265	0	0	0	CR	MAX	medievalknight.jpg	medievalknight.jpg	NOKEY	MAX	NOKEY
1447180193898	0	lts_1110L_22_01	22	01	1	266	0	0	0	CR	MAX	Aspoon14.jpg	Aspoon14.jpg	NOKEY	MAX	NOKEY
1447180196989	0	lts_1110L_22_01	22	01	1	267	0	0	0	CR	MAX	1/ABILLTABL.jpg	ABILLTABL.jpg	NOKEY	MAX	NOKEY
1447180198092	0	lts_1110L_22_01	22	01	1	268	1	1	1	Hit	620	1-2/ABILLTABL.jpg	ABILLTABL.jpg	SPACE	667	SPACE
1447180201182	0	lts_1110L_22_01	22	01	1	269	0	0	0	CR	MAX	AABSTRACT.jpg	AABSTRACT.jpg	NOKEY	MAX	NOKEY
1447180204257	0	lts_1110L_22_01	22	01	1	270	0	0	0	CR	MAX	2/Ascrewmount.jpg	Ascrewmount.jpg	NOKEY	MAX	NOKEY
1447180207331	0	lts_1110L_22_01	22	01	1	271	0	0	0	CR	MAX	gymvaulting2.jpg	gymvaulting2.jpg	NOKEY	MAX	NOKEY
1447180210405	0	lts_1110L_22_01	22	01	1	272	2	1	0	Miss	MAX	2-13/Ascrewmount.jpg	Ascrewmount.jpg	NOKEY	MAX	SPACE
1447180213497	0	lts_1110L_22_01	22	01	1	273	0	0	0	CR	MAX	AHARPSIC5.jpg	AHARPSIC5.jpg	NOKEY	MAX	NOKEY
1447180216571	0	lts_1110L_22_01	22	01	1	274	00	1	0	Miss	MAX	00-across/Abikepedalar2.jpg	Abikepedalar2.jpg	NOKEY	MAX	SPACE
1447180219662	0	lts_1110L_22_01	22	01	1	275	0	0	0	CR	MAX	Aceramicjug16.jpg	Aceramicjug16.jpg	NOKEY	MAX	NOKEY
1447180222736	0	lts_1110L_22_01	22	01	1	276	128	1	0	Miss	MAX	128-2/Ascientifict3.jpg	Ascientifict3.jpg	NOKEY	MAX	SPACE
1447180225811	0	lts_1110L_22_01	22	01	1	277	0	0	0	CR	MAX	2/ASKELETO4.jpg	ASKELETO4.jpg	NOKEY	MAX	NOKEY
1447180228885	0	lts_1110L_22_01	22	01	1	278	0	0	0	CR	MAX	knife01.jpg	knife01.jpg	NOKEY	MAX	NOKEY
1447180229904	0	lts_1110L_22_01	22	01	1	279	2	1	1	Hit	547	2-6/ASKELETO4.jpg	ASKELETO4.jpg	SPACE	584	SPACE
1447180232996	0	lts_1110L_22_01	22	01	1	280	0	0	0	CR	MAX	8/Achocolateice.jpg	Achocolateice.jpg	NOKEY	MAX	NOKEY
1447180236070	0	lts_1110L_22_01	22	01	1	281	0	0	0	CR	MAX	ACROQUET2.jpg	ACROQUET2.jpg	NOKEY	MAX	NOKEY
1447180237122	0	lts_1110L_22_01	22	01	1	282	64	1	1	Hit	574	64-first/8020200.thl.jpg	8020200.thl.jpg	SPACE	618	SPACE
1447180240213	0	lts_1110L_22_01	22	01	1	283	0	0	0	CR	MAX	nintendo.jpg	nintendo.jpg	NOKEY	MAX	NOKEY
1447180243288	0	lts_1110L_22_01	22	01	1	284	0	0	0	CR	MAX	E_tractor.jpg	E_tractor.jpg	NOKEY	MAX	NOKEY
1447180246379	0	lts_1110L_22_01	22	01	1	285	0	0	0	CR	MAX	26432755.thl.jpg	26432755.thl.jpg	NOKEY	MAX	NOKEY
1447180247381	0	lts_1110L_22_01	22	01	1	286	4	1	1	Hit	520	4-mul/8020200.thl.jpg	8020200.thl.jpg	SPACE	569	SPACE
1447180250472	0	lts_1110L_22_01	22	01	1	287	0	0	0	CR	MAX	ACOMB5.jpg	ACOMB5.jpg	NOKEY	MAX	NOKEY
1447180251425	0	lts_1110L_22_01	22	01	1	288	8	1	1	Hit	463	8-2/Achocolateice.jpg	Achocolateice.jpg	SPACE	501	SPACE
1447180254499	0	lts_1110L_22_01	22	01	1	289	0	0	0	CR	MAX	Abinocularca3.jpg	Abinocularca3.jpg	NOKEY	MAX	NOKEY
1447180257573	0	lts_1110L_22_01	22	01	1	290	0	0	0	CR	MAX	Arecyclingbox.jpg	Arecyclingbox.jpg	NOKEY	MAX	NOKEY
1447180260648	0	lts_1110L_22_01	22	01	1	291	0	0	0	CR	MAX	26422507.thl.jpg	26422507.thl.jpg	NOKEY	MAX	NOKEY
1447180263722	0	lts_1110L_22_01	22	01	1	292	0	0	0	CR	MAX	AMANGO.jpg	AMANGO.jpg	NOKEY	MAX	NOKEY
1447180266813	0	lts_1110L_22_01	22	01	1	293	0	0	0	CR	MAX	2/26434546.thl.jpg	26434546.thl.jpg	NOKEY	MAX	NOKEY
1447180269888	0	lts_1110L_22_01	22	01	1	294	0	0	0	CR	MAX	acquarium.jpg	acquarium.jpg	NOKEY	MAX	NOKEY
1447180271157	0	lts_1110L_22_01	22	01	1	295	2	1	1	Hit	798	2-8/26434546.thl.jpg	26434546.thl.jpg	SPACE	836	SPACE
1447180274232	0	lts_1110L_22_01	22	01	1	296	0	0	0	CR	MAX	35310232.thl.jpg	35310232.thl.jpg	NOKEY	MAX	NOKEY
1447180277323	0	lts_1110L_22_01	22	01	1	297	0	0	0	CR	MAX	Abuilding5.jpg	Abuilding5.jpg	NOKEY	MAX	NOKEY
1447180280431	0	lts_1110L_22_01	22	01	1	298	0	0	0	CR	MAX	8/8074514.thl.jpg	8074514.thl.jpg	NOKEY	MAX	NOKEY
1447180283505	0	lts_1110L_22_01	22	01	1	299	0	0	0	CR	MAX	16/ABATHTUB3.jpg	ABATHTUB3.jpg	NOKEY	MAX	NOKEY
1447180286596	0	lts_1110L_22_01	22	01	1	300	0	0	0	CR	MAX	APILL.jpg	APILL.jpg	NOKEY	MAX	NOKEY
1447180289670	0	lts_1110L_22_01	22	01	1	301	0	0	0	CR	MAX	sardines.jpg	sardines.jpg	NOKEY	MAX	NOKEY
1447180292745	0	lts_1110L_22_01	22	01	1	302	0	0	0	CR	MAX	8257273.thl.jpg	8257273.thl.jpg	NOKEY	MAX	NOKEY
1447180295819	0	lts_1110L_22_01	22	01	1	303	0	0	0	CR	MAX	9815480.thl.jpg	9815480.thl.jpg	NOKEY	MAX	NOKEY
1447180298910	0	lts_1110L_22_01	22	01	1	304	0	0	0	CR	MAX	A3leafcl4.jpg	A3leafcl4.jpg	NOKEY	MAX	NOKEY
1447180302002	0	lts_1110L_22_01	22	01	1	305	0	0	0	CR	MAX	AHEATER.jpg	AHEATER.jpg	NOKEY	MAX	NOKEY
1447180303221	0	lts_1110L_22_01	22	01	1	306	8	1	1	Hit	737	8-first/8074514.thl.jpg	8074514.thl.jpg	SPACE	784	SPACE
1447180306295	0	lts_1110L_22_01	22	01	1	307	0	0	0	CR	MAX	128/ACHIPROL2.jpg	ACHIPROL2.jpg	NOKEY	MAX	NOKEY
1447180309370	0	lts_1110L_22_01	22	01	1	308	0	0	0	CR	MAX	AMUSICSTA.jpg	AMUSICSTA.jpg	NOKEY	MAX	NOKEY
1447180312477	0	lts_1110L_22_01	22	01	1	309	0	0	0	CR	MAX	16/ALITTERB2.jpg	ALITTERB2.jpg	NOKEY	MAX	NOKEY
1447180313580	0	lts_1110L_22_01	22	01	1	310	4	1	1	Hit	623	4-mul/8074514.thl.jpg	8074514.thl.jpg	SPACE	668	SPACE
1447180316705	0	lts_1110L_22_01	22	01	1	311	0	0	0	CR	MAX	32/ARATTLE.jpg	ARATTLE.jpg	NOKEY	MAX	NOKEY
1447180319796	0	lts_1110L_22_01	22	01	1	312	0	0	0	CR	MAX	Atray26.jpg	Atray26.jpg	NOKEY	MAX	NOKEY
1447180322870	0	lts_1110L_22_01	22	01	1	313	0	0	0	CR	MAX	APEPPSHA4.jpg	APEPPSHA4.jpg	NOKEY	MAX	NOKEY
1447180325961	0	lts_1110L_22_01	22	01	1	314	0	0	0	CR	MAX	26431205.thl.jpg	26431205.thl.jpg	NOKEY	MAX	NOKEY
1447180327248	0	lts_1110L_22_01	22	01	1	315	16	1	1	Hit	811	16-first/ABATHTUB3.jpg	ABATHTUB3.jpg	SPACE	852	SPACE
1447180330339	0	lts_1110L_22_01	22	01	1	316	0	0	0	CR	MAX	Anetworkplug4.jpg	Anetworkplug4.jpg	NOKEY	MAX	NOKEY
1447180333413	0	lts_1110L_22_01	22	01	1	317	0	0	0	CR	MAX	16/Acamcorde.jpg	Acamcorde.jpg	NOKEY	MAX	NOKEY
1447180336487	0	lts_1110L_22_01	22	01	1	318	0	0	0	CR	MAX	64/Aoilcan11.jpg	Aoilcan11.jpg	NOKEY	MAX	NOKEY
1447180339562	0	lts_1110L_22_01	22	01	1	319	0	0	0	CR	MAX	Abowloffruit5.jpg	Abowloffruit5.jpg	NOKEY	MAX	NOKEY
1447180342636	0	lts_1110L_22_01	22	01	1	320	0	0	0	CR	MAX	2/Abottleopener.jpg	Abottleopener.jpg	NOKEY	MAX	NOKEY
1447180345711	0	lts_1110L_22_01	22	01	1	321	0	0	0	CR	MAX	26437068.thl.jpg	26437068.thl.jpg	NOKEY	MAX	NOKEY
1447180346730	0	lts_1110L_22_01	22	01	1	322	2	1	1	Hit	535	2-3/Abottleopener.jpg	Abottleopener.jpg	SPACE	585	SPACE
1447180349804	0	lts_1110L_22_01	22	01	1	323	0	0	0	CR	MAX	26379161.thl.jpg	26379161.thl.jpg	NOKEY	MAX	NOKEY
1447180352879	0	lts_1110L_22_01	22	01	1	324	0	0	0	CR	MAX	Amatplate.jpg	Amatplate.jpg	NOKEY	MAX	NOKEY
1447180354049	0	lts_1110L_22_01	22	01	1	325	16	1	1	Hit	685	16-first/ALITTERB2.jpg	ALITTERB2.jpg	SPACE	735	SPACE
1447180357122	0	lts_1110L_22_01	22	01	1	326	0	0	0	CR	MAX	8059226.thl.jpg	8059226.thl.jpg	NOKEY	MAX	NOKEY
1447180360197	0	lts_1110L_22_01	22	01	1	327	0	0	0	CR	MAX	Aspoonofsuga2.jpg	Aspoonofsuga2.jpg	NOKEY	MAX	NOKEY
1447180363271	0	lts_1110L_22_01	22	01	1	328	0	0	0	CR	MAX	64/Achair618.jpg	Achair618.jpg	NOKEY	MAX	NOKEY
1447180366345	0	lts_1110L_22_01	22	01	1	329	128	1	0	Miss	MAX	128-0/ASTENORA2.jpg	ASTENORA2.jpg	NOKEY	MAX	SPACE
1447180369436	0	lts_1110L_22_01	22	01	1	330	0	0	0	CR	MAX	DSCN3767-sm.jpg	DSCN3767-sm.jpg	NOKEY	MAX	NOKEY
1447180370456	0	lts_1110L_22_01	22	01	1	331	16	1	1	Hit	529	16-mul/ABATHTUB3.jpg	ABATHTUB3.jpg	SPACE	569	SPACE
1447180373547	0	lts_1110L_22_01	22	01	1	332	0	0	0	CR	MAX	Abird41.jpg	Abird41.jpg	NOKEY	MAX	NOKEY
1447180374900	0	lts_1110L_22_01	22	01	1	333	16	1	1	Hit	883	16-first/Acamcorde.jpg	Acamcorde.jpg	SPACE	919	SPACE
1447180377975	0	lts_1110L_22_01	22	01	1	334	0	0	0	CR	MAX	4/ARUSH.jpg	ARUSH.jpg	NOKEY	MAX	NOKEY
1447180379077	0	lts_1110L_22_01	22	01	1	335	2	1	1	Hit	624	2-mul/Acamcorde.jpg	Acamcorde.jpg	SPACE	668	SPACE
1447180382168	0	lts_1110L_22_01	22	01	1	336	0	0	0	CR	MAX	8020347.thl.jpg	8020347.thl.jpg	NOKEY	MAX	NOKEY
1447180385243	0	lts_1110L_22_01	22	01	1	337	0	0	0	CR	MAX	Aornament89.jpg	Aornament89.jpg	NOKEY	MAX	NOKEY
1447180386379	0	lts_1110L_22_01	22	01	1	338	4	1	1	Hit	655	4-0/ARUSH.jpg	ARUSH.jpg	SPACE	702	SPACE
1447180389453	0	lts_1110L_22_01	22	01	1	339	0	0	0	CR	MAX	32/26428057.thl.jpg	26428057.thl.jpg	NOKEY	MAX	NOKEY
1447180392528	0	lts_1110L_22_01	22	01	1	340	0	0	0	CR	MAX	matchbook.jpg	matchbook.jpg	NOKEY	MAX	NOKEY
1447180393580	0	lts_1110L_22_01	22	01	1	341	16	1	1	Hit	583	16-mul/ALITTERB2.jpg	ALITTERB2.jpg	SPACE	618	SPACE
1447180396671	0	lts_1110L_22_01	22	01	1	342	0	0	0	CR	MAX	16/ABREADTO2.jpg	ABREADTO2.jpg	NOKEY	MAX	NOKEY
1447180398192	0	lts_1110L_22_01	22	01	1	343	32	1	1	Hit	1046	32-0/ARATTLE.jpg	ARATTLE.jpg	SPACE	1086	SPACE
1447180401266	0	lts_1110L_22_01	22	01	1	344	0	0	0	CR	MAX	Acableandacce.jpg	Acableandacce.jpg	NOKEY	MAX	NOKEY
1447180404340	0	lts_1110L_22_01	22	01	1	345	0	0	0	CR	MAX	8249141.thl.jpg	8249141.thl.jpg	NOKEY	MAX	NOKEY
1447180407431	0	lts_1110L_22_01	22	01	1	346	0	0	0	CR	MAX	4/Acoral7.jpg	Acoral7.jpg	NOKEY	MAX	NOKEY
1447180410506	0	lts_1110L_22_01	22	01	1	347	0	0	0	CR	MAX	ABATHSTE2.jpg	ABATHSTE2.jpg	NOKEY	MAX	NOKEY
1447180413580	0	lts_1110L_22_01	22	01	1	348	0	0	0	CR	MAX	64/Abloodorange.jpg	Abloodorange.jpg	NOKEY	MAX	NOKEY
1447180416671	0	lts_1110L_22_01	22	01	1	349	0	0	0	CR	MAX	16/ACANOPEN6.jpg	ACANOPEN6.jpg	NOKEY	MAX	NOKEY
1447180417808	0	lts_1110L_22_01	22	01	1	350	4	1	1	Hit	654	4-3/Acoral7.jpg	Acoral7.jpg	SPACE	701	SPACE
1447180420882	0	lts_1110L_22_01	22	01	1	351	0	0	0	CR	MAX	ABELLTRE2.jpg	ABELLTRE2.jpg	NOKEY	MAX	NOKEY
1447180423956	0	lts_1110L_22_01	22	01	1	352	0	0	0	CR	MAX	1/AANTRAD24.jpg	AANTRAD24.jpg	NOKEY	MAX	NOKEY
1447180425126	0	lts_1110L_22_01	22	01	1	353	1	1	1	Hit	692	1-8/AANTRAD24.jpg	AANTRAD24.jpg	SPACE	735	SPACE
1447180428217	0	lts_1110L_22_01	22	01	1	354	0	0	0	CR	MAX	beachtowels.jpg	beachtowels.jpg	NOKEY	MAX	NOKEY
1447180431308	0	lts_1110L_22_01	22	01	1	355	0	0	0	CR	MAX	AGLASSBO7.jpg	AGLASSBO7.jpg	NOKEY	MAX	NOKEY
1447180434382	0	lts_1110L_22_01	22	01	1	356	128	1	0	Miss	MAX	128-1/ARCMPPOL2.jpg	ARCMPPOL2.jpg	NOKEY	MAX	SPACE
1447180437457	0	lts_1110L_22_01	22	01	1	357	0	0	0	CR	MAX	32/Aemergencyki5.jpg	Aemergencyki5.jpg	NOKEY	MAX	NOKEY
1447180440531	0	lts_1110L_22_01	22	01	1	358	16	1	0	Miss	MAX	16-first/ABREADTO2.jpg	ABREADTO2.jpg	NOKEY	MAX	SPACE
1447180443605	0	lts_1110L_22_01	22	01	1	359	0	0	0	CR	MAX	26427903.thl.jpg	26427903.thl.jpg	NOKEY	MAX	NOKEY
1447180446680	0	lts_1110L_22_01	22	01	1	360	0	0	0	CR	MAX	ATAPEDIS7.jpg	ATAPEDIS7.jpg	NOKEY	MAX	NOKEY
1447180449771	0	lts_1110L_22_01	22	01	1	361	0	0	0	CR	MAX	seasponge.jpg	seasponge.jpg	NOKEY	MAX	NOKEY
1447180452795	0	lts_1110L_22_01	22	01	1	362	4	1	1	Hit	2541	4-mul/ABREADTO2.jpg	ABREADTO2.jpg	SPACE	2590	SPACE
1447180455886	0	lts_1110L_22_01	22	01	1	363	0	0	0	CR	MAX	26379612.thl.jpg	26379612.thl.jpg	NOKEY	MAX	NOKEY
1447180458961	0	lts_1110L_22_01	22	01	1	364	0	0	0	CR	MAX	ASHRIMP3.jpg	ASHRIMP3.jpg	NOKEY	MAX	NOKEY
1447180460031	0	lts_1110L_22_01	22	01	1	365	16	1	1	Hit	595	16-first/ACANOPEN6.jpg	ACANOPEN6.jpg	SPACE	635	SPACE
1447180463104	0	lts_1110L_22_01	22	01	1	366	0	0	0	CR	MAX	Atoy63.jpg	Atoy63.jpg	NOKEY	MAX	NOKEY
1447180464090	0	lts_1110L_22_01	22	01	1	367	2	1	1	Hit	507	2-mul/ACANOPEN6.jpg	ACANOPEN6.jpg	SPACE	552	SPACE
1447180467181	0	lts_1110L_22_01	22	01	1	368	0	0	0	CR	MAX	ABUMBBE2.jpg	ABUMBBE2.jpg	NOKEY	MAX	NOKEY
1447180470272	0	lts_1110L_22_01	22	01	1	369	0	0	0	CR	MAX	blueflatbox.jpg	blueflatbox.jpg	NOKEY	MAX	NOKEY
1447180473363	0	lts_1110L_22_01	22	01	1	370	0	0	0	CR	MAX	AARTICHO1.jpg	AARTICHO1.jpg	NOKEY	MAX	NOKEY
1447180474566	0	lts_1110L_22_01	22	01	1	371	32	1	1	Hit	728	32-5/26428057.thl.jpg	26428057.thl.jpg	SPACE	769	SPACE
1447180477640	0	lts_1110L_22_01	22	01	1	372	0	0	0	CR	MAX	vatslheart.jpg	vatslheart.jpg	NOKEY	MAX	NOKEY
1447180480732	0	lts_1110L_22_01	22	01	1	373	0	0	0	CR	MAX	2/26423465.thl.jpg	26423465.thl.jpg	NOKEY	MAX	NOKEY
1447180483806	0	lts_1110L_22_01	22	01	1	374	0	0	0	CR	MAX	AAIRBLOW.jpg	AAIRBLOW.jpg	NOKEY	MAX	NOKEY
1447180485043	0	lts_1110L_22_01	22	01	1	375	2	1	1	Hit	763	2-9/26423465.thl.jpg	26423465.thl.jpg	SPACE	801	SPACE
1447180488133	0	lts_1110L_22_01	22	01	1	376	0	0	0	CR	MAX	8/Arockingchai5.jpg	Arockingchai5.jpg	NOKEY	MAX	NOKEY
1447180489286	0	lts_1110L_22_01	22	01	1	377	00	1	1	Hit	685	00-across/Awheelchair6.jpg	Awheelchair6.jpg	SPACE	718	SPACE
1447180492360	0	lts_1110L_22_01	22	01	1	378	0	0	0	CR	MAX	neckrest.jpg	neckrest.jpg	NOKEY	MAX	NOKEY
1447180495452	0	lts_1110L_22_01	22	01	1	379	0	0	0	CR	MAX	Aclock285.jpg	Aclock285.jpg	NOKEY	MAX	NOKEY
1447180498543	0	lts_1110L_22_01	22	01	1	380	0	0	0	CR	MAX	ABIRDHOU9.jpg	ABIRDHOU9.jpg	NOKEY	MAX	NOKEY
1447180501617	0	lts_1110L_22_01	22	01	1	381	0	0	0	CR	MAX	Atoyturtle.jpg	Atoyturtle.jpg	NOKEY	MAX	NOKEY
1447180504692	0	lts_1110L_22_01	22	01	1	382	64	1	0	Miss	MAX	64-first/Aoilcan11.jpg	Aoilcan11.jpg	NOKEY	MAX	SPACE
1447180507783	0	lts_1110L_22_01	22	01	1	383	0	0	0	CR	MAX	underwear.jpg	underwear.jpg	NOKEY	MAX	NOKEY
1447180509152	0	lts_1110L_22_01	22	01	1	384	8	1	1	Hit	885	8-first/Arockingchai5.jpg	Arockingchai5.jpg	SPACE	936	SPACE
1447180512227	0	lts_1110L_22_01	22	01	1	385	0	0	0	CR	MAX	1/23076640.thl.jpg	23076640.thl.jpg	NOKEY	MAX	NOKEY
1447180513296	0	lts_1110L_22_01	22	01	1	386	1	1	1	Hit	596	1-12/23076640.thl.jpg	23076640.thl.jpg	SPACE	636	SPACE
1447180516370	0	lts_1110L_22_01	22	01	1	387	0	0	0	CR	MAX	AHIGCHAIR.jpg	AHIGCHAIR.jpg	NOKEY	MAX	NOKEY
1447180519462	0	lts_1110L_22_01	22	01	1	388	0	0	0	CR	MAX	26422216.thl.jpg	26422216.thl.jpg	NOKEY	MAX	NOKEY
1447180522536	0	lts_1110L_22_01	22	01	1	389	32	1	0	Miss	MAX	32-3/Aemergencyki5.jpg	Aemergencyki5.jpg	NOKEY	MAX	SPACE
1447180525610	0	lts_1110L_22_01	22	01	1	390	0	0	0	CR	MAX	26425370.thl.jpg	26425370.thl.jpg	NOKEY	MAX	NOKEY
1447180528702	0	lts_1110L_22_01	22	01	1	391	0	0	0	CR	MAX	ALARGECA2.jpg	ALARGECA2.jpg	NOKEY	MAX	NOKEY
1447180529938	0	lts_1110L_22_01	22	01	1	392	64	1	1	Hit	767	64-first/Achair618.jpg	Achair618.jpg	SPACE	802	SPACE
1447180533030	0	lts_1110L_22_01	22	01	1	393	0	0	0	CR	MAX	ARECORDSY.jpg	ARECORDSY.jpg	NOKEY	MAX	NOKEY
1447180534834	0	lts_1110L_22_01	22	01	1	394	00	1	1	Hit	1329	00-across/Aredandbluef2.jpg	Aredandbluef2.jpg	SPACE	1369	SPACE
1447180537908	0	lts_1110L_22_01	22	01	1	395	0	0	0	CR	MAX	ACHEESEB3.jpg	ACHEESEB3.jpg	NOKEY	MAX	NOKEY
1447180538944	0	lts_1110L_22_01	22	01	1	396	4	1	1	Hit	559	4-mul/Achair618.jpg	Achair618.jpg	SPACE	602	SPACE
1447180542019	0	lts_1110L_22_01	22	01	1	397	0	0	0	CR	MAX	ADIPPER6.jpg	ADIPPER6.jpg	NOKEY	MAX	NOKEY
1447180543254	0	lts_1110L_22_01	22	01	1	398	16	1	1	Hit	759	16-mul/Aoilcan11.jpg	Aoilcan11.jpg	SPACE	802	SPACE
1447180546345	0	lts_1110L_22_01	22	01	1	399	0	0	0	CR	MAX	ACHRIST14.jpg	ACHRIST14.jpg	NOKEY	MAX	NOKEY
1447180547315	0	lts_1110L_22_01	22	01	1	400	16	1	1	Hit	489	16-mul/Arockingchai5.jpg	Arockingchai5.jpg	SPACE	535	SPACE
1447180550389	0	lts_1110L_22_01	22	01	1	401	0	0	0	CR	MAX	2/ACHEESLIC.jpg	ACHEESLIC.jpg	NOKEY	MAX	NOKEY
1447180553480	0	lts_1110L_22_01	22	01	1	402	0	0	0	CR	MAX	26374787.thl.jpg	26374787.thl.jpg	NOKEY	MAX	NOKEY
1447180554449	0	lts_1110L_22_01	22	01	1	403	2	1	1	Hit	493	2-10/ACHEESLIC.jpg	ACHEESLIC.jpg	SPACE	535	SPACE
1447180557540	0	lts_1110L_22_01	22	01	1	404	0	0	0	CR	MAX	Abutterdish.jpg	Abutterdish.jpg	NOKEY	MAX	NOKEY
1447180560631	0	lts_1110L_22_01	22	01	1	405	0	0	0	CR	MAX	ACASSETT2.jpg	ACASSETT2.jpg	NOKEY	MAX	NOKEY
1447180563722	0	lts_1110L_22_01	22	01	1	406	0	0	0	CR	MAX	Aclamp55.jpg	Aclamp55.jpg	NOKEY	MAX	NOKEY
1447180566797	0	lts_1110L_22_01	22	01	1	407	0	0	0	CR	MAX	1/4555.jpg	4555.jpg	NOKEY	MAX	NOKEY
1447180567966	0	lts_1110L_22_01	22	01	1	408	1	1	1	Hit	691	1-1/4555.jpg	4555.jpg	SPACE	735	SPACE
1447180571058	0	lts_1110L_22_01	22	01	1	409	0	0	0	CR	MAX	32/ATOILBAG2.jpg	ATOILBAG2.jpg	NOKEY	MAX	NOKEY
1447180574132	0	lts_1110L_22_01	22	01	1	410	0	0	0	CR	MAX	Atool152.jpg	Atool152.jpg	NOKEY	MAX	NOKEY
1447180577223	0	lts_1110L_22_01	22	01	1	411	0	0	0	CR	MAX	Aelectronicg9.jpg	Aelectronicg9.jpg	NOKEY	MAX	NOKEY
1447180578309	0	lts_1110L_22_01	22	01	1	412	64	1	1	Hit	610	64-first/Abloodorange.jpg	Abloodorange.jpg	SPACE	652	SPACE
1447180581383	0	lts_1110L_22_01	22	01	1	413	0	0	0	CR	MAX	8/26374055.thl.jpg	26374055.thl.jpg	NOKEY	MAX	NOKEY
1447180582553	0	lts_1110L_22_01	22	01	1	414	2	1	1	Hit	688	2-mul/Abloodorange.jpg	Abloodorange.jpg	SPACE	735	SPACE
1447180585627	0	lts_1110L_22_01	22	01	1	415	0	0	0	CR	MAX	2/grenade.jpg	grenade.jpg	NOKEY	MAX	NOKEY
1447180588702	0	lts_1110L_22_01	22	01	1	416	0	0	0	CR	MAX	Acrackersandc.jpg	Acrackersandc.jpg	NOKEY	MAX	NOKEY
1447180590824	0	lts_1110L_22_01	22	01	1	417	2	1	1	Hit	1645	2-5/grenade.jpg	grenade.jpg	SPACE	1687	SPACE
1447180593898	0	lts_1110L_22_01	22	01	1	418	0	0	0	CR	MAX	1/APIRAFLAG.jpg	APIRAFLAG.jpg	NOKEY	MAX	NOKEY
1447180595001	0	lts_1110L_22_01	22	01	1	419	1	1	1	Hit	626	1-0/APIRAFLAG.jpg	APIRAFLAG.jpg	SPACE	669	SPACE
1447180598075	0	lts_1110L_22_01	22	01	1	420	0	0	0	CR	MAX	Aprintingpre5.jpg	Aprintingpre5.jpg	NOKEY	MAX	NOKEY
1447180599211	0	lts_1110L_22_01	22	01	1	421	8	1	1	Hit	652	8-first/26374055.thl.jpg	26374055.thl.jpg	SPACE	702	SPACE
1447180602285	0	lts_1110L_22_01	22	01	1	422	0	0	0	CR	MAX	8/ARICE2.jpg	ARICE2.jpg	NOKEY	MAX	NOKEY
1447180603321	0	lts_1110L_22_01	22	01	1	423	2	1	1	Hit	561	2-mul/26374055.thl.jpg	26374055.thl.jpg	SPACE	602	SPACE
1447180606412	0	lts_1110L_22_01	22	01	1	424	0	0	0	CR	MAX	4/8052266.thl.jpg	8052266.thl.jpg	NOKEY	MAX	NOKEY
1447180609503	0	lts_1110L_22_01	22	01	1	425	0	0	0	CR	MAX	Abootscrubber.jpg	Abootscrubber.jpg	NOKEY	MAX	NOKEY
1447180612595	0	lts_1110L_22_01	22	01	1	426	0	0	0	CR	MAX	AMUSICSH2.jpg	AMUSICSH2.jpg	NOKEY	MAX	NOKEY
1447180615669	0	lts_1110L_22_01	22	01	1	427	0	0	0	CR	MAX	Atrowel42.jpg	Atrowel42.jpg	NOKEY	MAX	NOKEY
1447180616839	0	lts_1110L_22_01	22	01	1	428	4	1	1	Hit	691	4-4/8052266.thl.jpg	8052266.thl.jpg	SPACE	735	SPACE
1447180619913	0	lts_1110L_22_01	22	01	1	429	0	0	0	CR	MAX	Abreakpl2.jpg	Abreakpl2.jpg	NOKEY	MAX	NOKEY
1447180621033	0	lts_1110L_22_01	22	01	1	430	8	1	1	Hit	640	8-first/ARICE2.jpg	ARICE2.jpg	SPACE	685	SPACE
1447180624107	0	lts_1110L_22_01	22	01	1	431	0	0	0	CR	MAX	8/A3bday5.jpg	A3bday5.jpg	NOKEY	MAX	NOKEY
1447180625544	0	lts_1110L_22_01	22	01	1	432	00	1	1	Hit	957	00-across/23065398.thl.jpg	23065398.thl.jpg	SPACE	1002	SPACE
1447180628635	0	lts_1110L_22_01	22	01	1	433	0	0	0	CR	MAX	ABLAKBEN2.jpg	ABLAKBEN2.jpg	NOKEY	MAX	NOKEY
1447180631709	0	lts_1110L_22_01	22	01	1	434	0	0	0	CR	MAX	AMALLET13.jpg	AMALLET13.jpg	NOKEY	MAX	NOKEY
1447180632929	0	lts_1110L_22_01	22	01	1	435	128	1	1	Hit	743	128-6/ACHIPROL2.jpg	ACHIPROL2.jpg	SPACE	785	SPACE
1447180636004	0	lts_1110L_22_01	22	01	1	436	0	0	0	CR	MAX	Aladder2.jpg	Aladder2.jpg	NOKEY	MAX	NOKEY
1447180639094	0	lts_1110L_22_01	22	01	1	437	0	0	0	CR	MAX	Agame3.jpg	Agame3.jpg	NOKEY	MAX	NOKEY
1447180642168	0	lts_1110L_22_01	22	01	1	438	0	0	0	CR	MAX	APIPE8.jpg	APIPE8.jpg	NOKEY	MAX	NOKEY
1447180643288	0	lts_1110L_22_01	22	01	1	439	8	1	1	Hit	648	8-0/A3bday5.jpg	A3bday5.jpg	SPACE	685	SPACE
1447180646362	0	lts_1110L_22_01	22	01	1	440	0	0	0	CR	MAX	AADDBOOK.jpg	AADDBOOK.jpg	NOKEY	MAX	NOKEY
1447180647549	0	lts_1110L_22_01	22	01	1	441	32	1	1	Hit	712	32-2/ATOILBAG2.jpg	ATOILBAG2.jpg	SPACE	752	SPACE
1447180650623	0	lts_1110L_22_01	22	01	1	442	0	0	0	CR	MAX	AHEADLI18.jpg	AHEADLI18.jpg	NOKEY	MAX	NOKEY
1447180653714	0	lts_1110L_22_01	22	01	1	443	0	0	0	CR	MAX	AWOODENF3.jpg	AWOODENF3.jpg	NOKEY	MAX	NOKEY
1447180656805	0	lts_1110L_22_01	22	01	1	444	0	0	0	CR	MAX	4/8245563.thl.jpg	8245563.thl.jpg	NOKEY	MAX	NOKEY
1447180659879	0	lts_1110L_22_01	22	01	1	445	0	0	0	CR	MAX	26377133.thl.jpg	26377133.thl.jpg	NOKEY	MAX	NOKEY
1447180660932	0	lts_1110L_22_01	22	01	1	446	16	1	1	Hit	574	16-mul/ARICE2.jpg	ARICE2.jpg	SPACE	618	SPACE
1447180664024	0	lts_1110L_22_01	22	01	1	447	0	0	0	CR	MAX	Acautionroads.jpg	Acautionroads.jpg	NOKEY	MAX	NOKEY
1447180665010	0	lts_1110L_22_01	22	01	1	448	4	1	1	Hit	512	4-8/8245563.thl.jpg	8245563.thl.jpg	SPACE	551	SPACE
1447180668083	0	lts_1110L_22_01	22	01	1	449	0	0	0	CR	MAX	Akeg6.jpg	Akeg6.jpg	NOKEY	MAX	NOKEY
1447180706006	0	E	Logging Ends
