1447788916084	0	B	Logging Begins
1447789231955	0	lts_1117L_32_01	32	01	0	0	0	0	0	CR	MAX	ATOWRACK3.jpg	ATOWRACK3.jpg	NOKEY	MAX	NOKEY
1447789235032	0	lts_1117L_32_01	32	01	0	1	0	0	0	CR	MAX	26437080.thl.jpg	26437080.thl.jpg	NOKEY	MAX	NOKEY
1447789238108	0	lts_1117L_32_01	32	01	0	2	0	0	0	CR	MAX	Akitchenisla4.jpg	Akitchenisla4.jpg	NOKEY	MAX	NOKEY
1447789241200	0	lts_1117L_32_01	32	01	0	3	0	0	0	CR	MAX	64/Akangarooandb.jpg	Akangarooandb.jpg	NOKEY	MAX	NOKEY
1447789244276	0	lts_1117L_32_01	32	01	0	4	0	0	0	CR	MAX	Aadjustablech.jpg	Aadjustablech.jpg	NOKEY	MAX	NOKEY
1447789247352	0	lts_1117L_32_01	32	01	0	5	0	0	0	CR	MAX	26431848.thl.jpg	26431848.thl.jpg	NOKEY	MAX	NOKEY
1447789250428	0	lts_1117L_32_01	32	01	0	6	0	0	0	CR	MAX	1/Aroadsignind3.jpg	Aroadsignind3.jpg	NOKEY	MAX	NOKEY
1447789251631	0	lts_1117L_32_01	32	01	0	7	1	1	1	Hit	723	1-13/Aroadsignind3.jpg	Aroadsignind3.jpg	SPACE	769	SPACE
1447789254708	0	lts_1117L_32_01	32	01	0	8	0	0	0	CR	MAX	26439074.thl.jpg	26439074.thl.jpg	NOKEY	MAX	NOKEY
1447789257784	0	lts_1117L_32_01	32	01	0	9	0	0	0	CR	MAX	4/AWHISTLE4.jpg	AWHISTLE4.jpg	NOKEY	MAX	NOKEY
1447789260860	0	lts_1117L_32_01	32	01	0	10	0	0	0	CR	MAX	8/ABONGO3.jpg	ABONGO3.jpg	NOKEY	MAX	NOKEY
1447789263936	0	lts_1117L_32_01	32	01	0	11	0	0	0	CR	MAX	Achair608.jpg	Achair608.jpg	NOKEY	MAX	NOKEY
1447789267013	0	lts_1117L_32_01	32	01	0	12	0	0	0	CR	MAX	22857084.thl.jpg	22857084.thl.jpg	NOKEY	MAX	NOKEY
1447789268066	0	lts_1117L_32_01	32	01	0	13	4	1	1	Hit	574	4-12/AWHISTLE4.jpg	AWHISTLE4.jpg	SPACE	618	SPACE
1447789271142	0	lts_1117L_32_01	32	01	0	14	0	0	0	CR	MAX	Apurse83.jpg	Apurse83.jpg	NOKEY	MAX	NOKEY
1447789274217	0	lts_1117L_32_01	32	01	0	15	0	0	0	CR	MAX	1/AREDROSE8.jpg	AREDROSE8.jpg	NOKEY	MAX	NOKEY
1447789275188	0	lts_1117L_32_01	32	01	0	16	1	1	1	Hit	495	1-0/AREDROSE8.jpg	AREDROSE8.jpg	SPACE	535	SPACE
1447789278263	0	lts_1117L_32_01	32	01	0	17	0	0	0	CR	MAX	8024597.thl.jpg	8024597.thl.jpg	NOKEY	MAX	NOKEY
1447789279299	0	lts_1117L_32_01	32	01	0	18	8	1	1	Hit	552	8-first/ABONGO3.jpg	ABONGO3.jpg	SPACE	602	SPACE
1447789282375	0	lts_1117L_32_01	32	01	0	19	0	0	0	CR	MAX	26434233.thl.jpg	26434233.thl.jpg	NOKEY	MAX	NOKEY
1447789283362	0	lts_1117L_32_01	32	01	0	20	2	1	1	Hit	514	2-mul/ABONGO3.jpg	ABONGO3.jpg	SPACE	552	SPACE
1447789286438	0	lts_1117L_32_01	32	01	0	21	0	0	0	CR	MAX	32/Abottleofbat2.jpg	Abottleofbat2.jpg	NOKEY	MAX	NOKEY
1447789289531	0	lts_1117L_32_01	32	01	0	22	0	0	0	CR	MAX	ADAQUIRI.jpg	ADAQUIRI.jpg	NOKEY	MAX	NOKEY
1447789292607	0	lts_1117L_32_01	32	01	0	23	0	0	0	CR	MAX	4/26456480.thl.jpg	26456480.thl.jpg	NOKEY	MAX	NOKEY
1447789295683	0	lts_1117L_32_01	32	01	0	24	0	0	0	CR	MAX	Apizzadoughin.jpg	Apizzadoughin.jpg	NOKEY	MAX	NOKEY
1447789298776	0	lts_1117L_32_01	32	01	0	25	0	0	0	CR	MAX	neckrest.jpg	neckrest.jpg	NOKEY	MAX	NOKEY
1447789301852	0	lts_1117L_32_01	32	01	0	26	0	0	0	CR	MAX	16/APUMPKI35.jpg	APUMPKI35.jpg	NOKEY	MAX	NOKEY
1447789303006	0	lts_1117L_32_01	32	01	0	27	4	1	1	Hit	675	4-8/26456480.thl.jpg	26456480.thl.jpg	SPACE	719	SPACE
1447789306082	0	lts_1117L_32_01	32	01	0	28	0	0	0	CR	MAX	AWEIGHTS3.jpg	AWEIGHTS3.jpg	NOKEY	MAX	NOKEY
1447789309175	0	lts_1117L_32_01	32	01	0	29	0	0	0	CR	MAX	AHCONGADR.jpg	AHCONGADR.jpg	NOKEY	MAX	NOKEY
1447789312250	0	lts_1117L_32_01	32	01	0	30	0	0	0	CR	MAX	4/AMEDCONTA.jpg	AMEDCONTA.jpg	NOKEY	MAX	NOKEY
1447789315326	0	lts_1117L_32_01	32	01	0	31	0	0	0	CR	MAX	ACOFFTA18.jpg	ACOFFTA18.jpg	NOKEY	MAX	NOKEY
1447789318402	0	lts_1117L_32_01	32	01	0	32	0	0	0	CR	MAX	64/AMOUSWHEE.jpg	AMOUSWHEE.jpg	NOKEY	MAX	NOKEY
1447789321478	0	lts_1117L_32_01	32	01	0	33	0	0	0	CR	MAX	Abedspringsam.jpg	Abedspringsam.jpg	NOKEY	MAX	NOKEY
1447789322498	0	lts_1117L_32_01	32	01	0	34	4	1	1	Hit	539	4-0/AMEDCONTA.jpg	AMEDCONTA.jpg	SPACE	586	SPACE
1447789325574	0	lts_1117L_32_01	32	01	0	35	0	0	0	CR	MAX	ACOPPAN10.jpg	ACOPPAN10.jpg	NOKEY	MAX	NOKEY
1447789328650	0	lts_1117L_32_01	32	01	0	36	0	0	0	CR	MAX	2/ACLOSET4.jpg	ACLOSET4.jpg	NOKEY	MAX	NOKEY
1447789331726	0	lts_1117L_32_01	32	01	0	37	0	0	0	CR	MAX	Athermos7.jpg	Athermos7.jpg	NOKEY	MAX	NOKEY
1447789334802	0	lts_1117L_32_01	32	01	0	38	2	1	0	Miss	MAX	2-7/ACLOSET4.jpg	ACLOSET4.jpg	NOKEY	MAX	SPACE
1447789337878	0	lts_1117L_32_01	32	01	0	39	0	0	0	CR	MAX	Apairofrubbe3.jpg	Apairofrubbe3.jpg	NOKEY	MAX	NOKEY
1447789340954	0	lts_1117L_32_01	32	01	0	40	0	0	0	CR	MAX	8027086.thl.jpg	8027086.thl.jpg	NOKEY	MAX	NOKEY
1447789344032	0	lts_1117L_32_01	32	01	0	41	0	0	0	CR	MAX	8060342.thl.jpg	8060342.thl.jpg	NOKEY	MAX	NOKEY
1447789345000	0	lts_1117L_32_01	32	01	0	42	16	1	1	Hit	499	16-first/APUMPKI35.jpg	APUMPKI35.jpg	SPACE	534	SPACE
1447789348094	0	lts_1117L_32_01	32	01	0	43	0	0	0	CR	MAX	8255981.thl.jpg	8255981.thl.jpg	NOKEY	MAX	NOKEY
1447789349013	0	lts_1117L_32_01	32	01	0	44	2	1	1	Hit	443	2-mul/APUMPKI35.jpg	APUMPKI35.jpg	SPACE	484	SPACE
1447789352089	0	lts_1117L_32_01	32	01	0	45	0	0	0	CR	MAX	128/Athreeholepu6.jpg	Athreeholepu6.jpg	NOKEY	MAX	NOKEY
1447789355165	0	lts_1117L_32_01	32	01	0	46	0	0	0	CR	MAX	Acomputerdes8.jpg	Acomputerdes8.jpg	NOKEY	MAX	NOKEY
1447789358241	0	lts_1117L_32_01	32	01	0	47	0	0	0	CR	MAX	for28524.jpg	for28524.jpg	NOKEY	MAX	NOKEY
1447789361317	0	lts_1117L_32_01	32	01	0	48	2	1	0	Miss	MAX	2/batteries-a.jpg	batteries-a.jpg	NOKEY	MAX	SPACE
1447789364393	0	lts_1117L_32_01	32	01	0	49	0	0	0	CR	MAX	ACAMLENSE.jpg	ACAMLENSE.jpg	NOKEY	MAX	NOKEY
1447789365379	0	lts_1117L_32_01	32	01	0	50	2	1	1	Hit	515	2-2/batteries-a.jpg	batteries-a.jpg	SPACE	552	SPACE
1447789368455	0	lts_1117L_32_01	32	01	0	51	0	0	0	CR	MAX	hottub.jpg	hottub.jpg	NOKEY	MAX	NOKEY
1447789371531	0	lts_1117L_32_01	32	01	0	52	0	0	0	CR	MAX	26428593.thl.jpg	26428593.thl.jpg	NOKEY	MAX	NOKEY
1447789372618	0	lts_1117L_32_01	32	01	0	53	32	1	1	Hit	609	32-4/Abottleofbat2.jpg	Abottleofbat2.jpg	SPACE	652	SPACE
1447789375694	0	lts_1117L_32_01	32	01	0	54	0	0	0	CR	MAX	26378596.thl.jpg	26378596.thl.jpg	NOKEY	MAX	NOKEY
1447789378770	0	lts_1117L_32_01	32	01	0	55	0	0	0	CR	MAX	8/Agardeningrak.jpg	Agardeningrak.jpg	NOKEY	MAX	NOKEY
1447789381846	0	lts_1117L_32_01	32	01	0	56	0	0	0	CR	MAX	Aboxofstaples.jpg	Aboxofstaples.jpg	NOKEY	MAX	NOKEY
1447789384922	0	lts_1117L_32_01	32	01	0	57	0	0	0	CR	MAX	APYRITE7.jpg	APYRITE7.jpg	NOKEY	MAX	NOKEY
1447789387998	0	lts_1117L_32_01	32	01	0	58	0	0	0	CR	MAX	Aim4ribbo.jpg	Aim4ribbo.jpg	NOKEY	MAX	NOKEY
1447789391075	0	lts_1117L_32_01	32	01	0	59	0	0	0	CR	MAX	2/Adecorativet3.jpg	Adecorativet3.jpg	NOKEY	MAX	NOKEY
1447789394151	0	lts_1117L_32_01	32	01	0	60	0	0	0	CR	MAX	origami.jpg	origami.jpg	NOKEY	MAX	NOKEY
1447789395220	0	lts_1117L_32_01	32	01	0	61	2	1	1	Hit	585	2-0/Adecorativet3.jpg	Adecorativet3.jpg	SPACE	634	SPACE
1447789398296	0	lts_1117L_32_01	32	01	0	62	0	0	0	CR	MAX	22921112.thl.jpg	22921112.thl.jpg	NOKEY	MAX	NOKEY
1447789399667	0	lts_1117L_32_01	32	01	0	63	8	1	1	Hit	894	8-first/Agardeningrak.jpg	Agardeningrak.jpg	SPACE	936	SPACE
1447789402743	0	lts_1117L_32_01	32	01	0	64	0	0	0	CR	MAX	26420069.thl.jpg	26420069.thl.jpg	NOKEY	MAX	NOKEY
1447789403663	0	lts_1117L_32_01	32	01	0	65	2	1	1	Hit	438	2-mul/Agardeningrak.jpg	Agardeningrak.jpg	SPACE	485	SPACE
1447789406739	0	lts_1117L_32_01	32	01	0	66	0	0	0	CR	MAX	Apenguin2.jpg	Apenguin2.jpg	NOKEY	MAX	NOKEY
1447789408027	0	lts_1117L_32_01	32	01	0	67	64	1	1	Hit	808	64-first/Akangarooandb.jpg	Akangarooandb.jpg	SPACE	853	SPACE
1447789411103	0	lts_1117L_32_01	32	01	0	68	0	0	0	CR	MAX	26379054.thl.jpg	26379054.thl.jpg	NOKEY	MAX	NOKEY
1447789414179	0	lts_1117L_32_01	32	01	0	69	0	0	0	CR	MAX	26427906.thl.jpg	26427906.thl.jpg	NOKEY	MAX	NOKEY
1447789417254	0	lts_1117L_32_01	32	01	0	70	0	0	0	CR	MAX	Atoyfiretru11.jpg	Atoyfiretru11.jpg	NOKEY	MAX	NOKEY
1447789418141	0	lts_1117L_32_01	32	01	0	71	4	1	1	Hit	405	4-mul/Akangarooandb.jpg	Akangarooandb.jpg	SPACE	451	SPACE
1447789421216	0	lts_1117L_32_01	32	01	0	72	0	0	0	CR	MAX	legoblocks.jpg	legoblocks.jpg	NOKEY	MAX	NOKEY
1447789424292	0	lts_1117L_32_01	32	01	0	73	0	0	0	CR	MAX	Aelasticbands.jpg	Aelasticbands.jpg	NOKEY	MAX	NOKEY
1447789427368	0	lts_1117L_32_01	32	01	0	74	0	0	0	CR	MAX	8/Aantiquevege3.jpg	Aantiquevege3.jpg	NOKEY	MAX	NOKEY
1447789430444	0	lts_1117L_32_01	32	01	0	75	0	0	0	CR	MAX	22859796.thl.jpg	22859796.thl.jpg	NOKEY	MAX	NOKEY
1447789433521	0	lts_1117L_32_01	32	01	0	76	0	0	0	CR	MAX	AFLUTE6.jpg	AFLUTE6.jpg	NOKEY	MAX	NOKEY
1447789436597	0	lts_1117L_32_01	32	01	0	77	0	0	0	CR	MAX	basketball.JPG	basketball.JPG	NOKEY	MAX	NOKEY
1447789439673	0	lts_1117L_32_01	32	01	0	78	0	0	0	CR	MAX	64/champagnbottles.jpg	champagnbottles.jpg	NOKEY	MAX	NOKEY
1447789442766	0	lts_1117L_32_01	32	01	0	79	0	0	0	CR	MAX	AGLASSCON.jpg	AGLASSCON.jpg	NOKEY	MAX	NOKEY
1447789445842	0	lts_1117L_32_01	32	01	0	80	0	0	0	CR	MAX	Ahalfchoc.jpg	Ahalfchoc.jpg	NOKEY	MAX	NOKEY
1447789448918	0	lts_1117L_32_01	32	01	0	81	0	0	0	CR	MAX	Agolfbag.jpg	Agolfbag.jpg	NOKEY	MAX	NOKEY
1447789450039	0	lts_1117L_32_01	32	01	0	82	8	1	1	Hit	638	8-first/Aantiquevege3.jpg	Aantiquevege3.jpg	SPACE	685	SPACE
1447789453115	0	lts_1117L_32_01	32	01	0	83	0	0	0	CR	MAX	128/Ablouse2.jpg	Ablouse2.jpg	NOKEY	MAX	NOKEY
1447789456191	0	lts_1117L_32_01	32	01	0	84	0	0	0	CR	MAX	APICTURE.jpg	APICTURE.jpg	NOKEY	MAX	NOKEY
1447789459266	0	lts_1117L_32_01	32	01	0	85	0	0	0	CR	MAX	22875816.thl.jpg	22875816.thl.jpg	NOKEY	MAX	NOKEY
1447789460219	0	lts_1117L_32_01	32	01	0	86	4	1	1	Hit	483	4-mul/Aantiquevege3.jpg	Aantiquevege3.jpg	SPACE	519	SPACE
1447789463295	0	lts_1117L_32_01	32	01	0	87	0	0	0	CR	MAX	16/AOVEN.jpg	AOVEN.jpg	NOKEY	MAX	NOKEY
1447789466371	0	lts_1117L_32_01	32	01	0	88	0	0	0	CR	MAX	Acactusfruit.jpg	Acactusfruit.jpg	NOKEY	MAX	NOKEY
1447789469447	0	lts_1117L_32_01	32	01	0	89	0	0	0	CR	MAX	ice.jpg	ice.jpg	NOKEY	MAX	NOKEY
1447789472523	0	lts_1117L_32_01	32	01	0	90	0	0	0	CR	MAX	16/Agardeningpai.jpg	Agardeningpai.jpg	NOKEY	MAX	NOKEY
1447789475599	0	lts_1117L_32_01	32	01	0	91	0	0	0	CR	MAX	128/ADENTOOL.jpg	ADENTOOL.jpg	NOKEY	MAX	NOKEY
1447789478675	0	lts_1117L_32_01	32	01	0	92	0	0	0	CR	MAX	26419324.thl.jpg	26419324.thl.jpg	NOKEY	MAX	NOKEY
1447789481768	0	lts_1117L_32_01	32	01	0	93	0	0	0	CR	MAX	1/ewok.jpg	ewok.jpg	NOKEY	MAX	NOKEY
1447789482671	0	lts_1117L_32_01	32	01	0	94	1	1	1	Hit	424	1-10/ewok.jpg	ewok.jpg	SPACE	468	SPACE
1447789485747	0	lts_1117L_32_01	32	01	0	95	0	0	0	CR	MAX	Abladetablesa.jpg	Abladetablesa.jpg	NOKEY	MAX	NOKEY
1447789486850	0	lts_1117L_32_01	32	01	0	96	64	1	1	Hit	628	64-first/AMOUSWHEE.jpg	AMOUSWHEE.jpg	SPACE	669	SPACE
1447789489943	0	lts_1117L_32_01	32	01	0	97	0	0	0	CR	MAX	128/ASWITCH6.jpg	ASWITCH6.jpg	NOKEY	MAX	NOKEY
1447789493020	0	lts_1117L_32_01	32	01	0	98	0	0	0	CR	MAX	ALOOFA.jpg	ALOOFA.jpg	NOKEY	MAX	NOKEY
1447789496096	0	lts_1117L_32_01	32	01	0	99	0	0	0	CR	MAX	16/Astackingtoy2.jpg	Astackingtoy2.jpg	NOKEY	MAX	NOKEY
1447789499172	0	lts_1117L_32_01	32	01	0	100	0	0	0	CR	MAX	AGRATER.jpg	AGRATER.jpg	NOKEY	MAX	NOKEY
1447789502247	0	lts_1117L_32_01	32	01	0	101	0	0	0	CR	MAX	Asaxophone.jpg	Asaxophone.jpg	NOKEY	MAX	NOKEY
1447789505323	0	lts_1117L_32_01	32	01	0	102	0	0	0	CR	MAX	Arecyclingbox.jpg	Arecyclingbox.jpg	NOKEY	MAX	NOKEY
1447789506360	0	lts_1117L_32_01	32	01	0	103	16	1	1	Hit	551	16-0/AOVEN.jpg	AOVEN.jpg	SPACE	602	SPACE
1447789509436	0	lts_1117L_32_01	32	01	0	104	0	0	0	CR	MAX	Afeatherhat.jpg	Afeatherhat.jpg	NOKEY	MAX	NOKEY
1447789512512	0	lts_1117L_32_01	32	01	0	105	0	0	0	CR	MAX	64/ANAPRINGS.jpg	ANAPRINGS.jpg	NOKEY	MAX	NOKEY
1447789515605	0	lts_1117L_32_01	32	01	0	106	16	1	0	Miss	MAX	16-first/Agardeningpai.jpg	Agardeningpai.jpg	NOKEY	MAX	SPACE
1447789518681	0	lts_1117L_32_01	32	01	0	107	0	0	0	CR	MAX	ACOMPAS20.jpg	ACOMPAS20.jpg	NOKEY	MAX	NOKEY
1447789521757	0	lts_1117L_32_01	32	01	0	108	0	0	0	CR	MAX	2/Abeesonahoney.jpg	Abeesonahoney.jpg	NOKEY	MAX	NOKEY
1447789524833	0	lts_1117L_32_01	32	01	0	109	0	0	0	CR	MAX	Araisins4.jpg	Araisins4.jpg	NOKEY	MAX	NOKEY
1447789525903	0	lts_1117L_32_01	32	01	0	110	2	1	1	Hit	599	2-4/Abeesonahoney.jpg	Abeesonahoney.jpg	SPACE	636	SPACE
1447789528979	0	lts_1117L_32_01	32	01	0	111	0	0	0	CR	MAX	26391116.thl.jpg	26391116.thl.jpg	NOKEY	MAX	NOKEY
1447789529915	0	lts_1117L_32_01	32	01	0	112	16	1	1	Hit	458	16-mul/AMOUSWHEE.jpg	AMOUSWHEE.jpg	SPACE	502	SPACE
1447789532991	0	lts_1117L_32_01	32	01	0	113	0	0	0	CR	MAX	16/Amousepad.jpg	Amousepad.jpg	NOKEY	MAX	NOKEY
1447789536068	0	lts_1117L_32_01	32	01	0	114	0	0	0	CR	MAX	surfboard.JPG	surfboard.JPG	NOKEY	MAX	NOKEY
1447789538475	0	lts_1117L_32_01	32	01	0	115	16	1	1	Hit	1934	16-first/Astackingtoy2.jpg	Astackingtoy2.jpg	SPACE	1972	SPACE
1447789541551	0	lts_1117L_32_01	32	01	0	116	0	0	0	CR	MAX	AANTMILK.jpg	AANTMILK.jpg	NOKEY	MAX	NOKEY
1447789544643	0	lts_1117L_32_01	32	01	0	117	0	0	0	CR	MAX	1/seesaw.jpg	seesaw.jpg	NOKEY	MAX	NOKEY
1447789545797	0	lts_1117L_32_01	32	01	0	118	1	1	1	Hit	683	1-6/seesaw.jpg	seesaw.jpg	SPACE	719	SPACE
1447789548873	0	lts_1117L_32_01	32	01	0	119	0	0	0	CR	MAX	launmower.jpg	launmower.jpg	NOKEY	MAX	NOKEY
1447789551949	0	lts_1117L_32_01	32	01	0	120	0	0	0	CR	MAX	redonion.jpg	redonion.jpg	NOKEY	MAX	NOKEY
1447789555026	0	lts_1117L_32_01	32	01	0	121	0	0	0	CR	MAX	Ametalhousin4.jpg	Ametalhousin4.jpg	NOKEY	MAX	NOKEY
1447789556013	0	lts_1117L_32_01	32	01	0	122	16	1	1	Hit	503	16-mul/Agardeningpai.jpg	Agardeningpai.jpg	SPACE	550	SPACE
1447789557800	0	lts_1117L_32_01	32	01	0	123	0	0	1	FA	1306	Aham6.jpg	Aham6.jpg	SPACE	1353	NOKEY
1447789560876	0	lts_1117L_32_01	32	01	0	124	0	0	0	CR	MAX	APILL.jpg	APILL.jpg	NOKEY	MAX	NOKEY
1447789563953	0	lts_1117L_32_01	32	01	0	125	0	0	0	CR	MAX	ADIPPER6.jpg	ADIPPER6.jpg	NOKEY	MAX	NOKEY
1447789567030	0	lts_1117L_32_01	32	01	0	126	0	0	0	CR	MAX	AROCKET11.jpg	AROCKET11.jpg	NOKEY	MAX	NOKEY
1447789570106	0	lts_1117L_32_01	32	01	0	127	0	0	0	CR	MAX	AMECHSOCK.jpg	AMECHSOCK.jpg	NOKEY	MAX	NOKEY
1447789573182	0	lts_1117L_32_01	32	01	0	128	0	0	0	CR	MAX	26440422.thl.jpg	26440422.thl.jpg	NOKEY	MAX	NOKEY
1447789574384	0	lts_1117L_32_01	32	01	0	129	16	1	1	Hit	723	16-first/Amousepad.jpg	Amousepad.jpg	SPACE	769	SPACE
1447789577460	0	lts_1117L_32_01	32	01	0	130	0	0	0	CR	MAX	Achick9.jpg	Achick9.jpg	NOKEY	MAX	NOKEY
1447789578380	0	lts_1117L_32_01	32	01	0	131	16	1	1	Hit	449	16-mul/Astackingtoy2.jpg	Astackingtoy2.jpg	SPACE	485	SPACE
1447789581473	0	lts_1117L_32_01	32	01	0	132	0	0	0	CR	MAX	ACOFFPOT7.jpg	ACOFFPOT7.jpg	NOKEY	MAX	NOKEY
1447789582409	0	lts_1117L_32_01	32	01	0	133	4	1	1	Hit	461	4-mul/Amousepad.jpg	Amousepad.jpg	SPACE	502	SPACE
1447789585485	0	lts_1117L_32_01	32	01	0	134	0	0	0	CR	MAX	Areceiptmach2.jpg	Areceiptmach2.jpg	NOKEY	MAX	NOKEY
1447789588561	0	lts_1117L_32_01	32	01	0	135	0	0	0	CR	MAX	monkeypuppet.jpg	monkeypuppet.jpg	NOKEY	MAX	NOKEY
1447789589882	0	lts_1117L_32_01	32	01	0	136	0	0	1	FA	824	1/Agiraffe15.jpg	Agiraffe15.jpg	SPACE	869	NOKEY
1447789590784	0	lts_1117L_32_01	32	01	0	137	1	1	1	Hit	426	1-5/Agiraffe15.jpg	Agiraffe15.jpg	SPACE	468	SPACE
1447789593860	0	lts_1117L_32_01	32	01	0	138	0	0	0	CR	MAX	ABATHSALT.jpg	ABATHSALT.jpg	NOKEY	MAX	NOKEY
1447789596937	0	lts_1117L_32_01	32	01	0	139	0	0	0	CR	MAX	1/ASWANWHIT.jpg	ASWANWHIT.jpg	NOKEY	MAX	NOKEY
1447789597873	0	lts_1117L_32_01	32	01	0	140	1	1	1	Hit	453	1-2/ASWANWHIT.jpg	ASWANWHIT.jpg	SPACE	502	SPACE
1447789600949	0	lts_1117L_32_01	32	01	0	141	0	0	0	CR	MAX	AGARLICCO.jpg	AGARLICCO.jpg	NOKEY	MAX	NOKEY
1447789602003	0	lts_1117L_32_01	32	01	0	142	64	1	1	Hit	571	64-first/champagnbottles.jpg	champagnbottles.jpg	SPACE	619	SPACE
1447789603323	0	lts_1117L_32_01	32	01	0	143	0	0	1	FA	841	gascontainer.jpg	gascontainer.jpg	SPACE	885	NOKEY
1447789604376	0	lts_1117L_32_01	32	01	0	144	2	1	1	Hit	574	2-mul/champagnbottles.jpg	champagnbottles.jpg	SPACE	619	SPACE
1447789607469	0	lts_1117L_32_01	32	01	0	145	0	0	0	CR	MAX	1/AMUSIHORN.jpg	AMUSIHORN.jpg	NOKEY	MAX	NOKEY
1447789608472	0	lts_1117L_32_01	32	01	0	146	1	1	1	Hit	522	1-3/AMUSIHORN.jpg	AMUSIHORN.jpg	SPACE	570	SPACE
1447789611548	0	lts_1117L_32_01	32	01	0	147	0	0	0	CR	MAX	AGARBCAN.jpg	AGARBCAN.jpg	NOKEY	MAX	NOKEY
1447789614624	0	lts_1117L_32_01	32	01	0	148	0	0	0	CR	MAX	2/AREDPLUM.jpg	AREDPLUM.jpg	NOKEY	MAX	NOKEY
1447789617700	0	lts_1117L_32_01	32	01	0	149	0	0	0	CR	MAX	4/AROCKCH27.jpg	AROCKCH27.jpg	NOKEY	MAX	NOKEY
1447789618737	0	lts_1117L_32_01	32	01	0	150	2	1	1	Hit	557	2-9/AREDPLUM.jpg	AREDPLUM.jpg	SPACE	602	SPACE
1447789621813	0	lts_1117L_32_01	32	01	0	151	0	0	0	CR	MAX	8029703.thl.jpg	8029703.thl.jpg	NOKEY	MAX	NOKEY
1447789624889	0	lts_1117L_32_01	32	01	0	152	0	0	0	CR	MAX	AMAILBOX9.jpg	AMAILBOX9.jpg	NOKEY	MAX	NOKEY
1447789625908	0	lts_1117L_32_01	32	01	0	153	4	1	1	Hit	535	4-9/AROCKCH27.jpg	AROCKCH27.jpg	SPACE	585	SPACE
1447789628984	0	lts_1117L_32_01	32	01	0	154	0	0	0	CR	MAX	2/Atoy21.jpg	Atoy21.jpg	NOKEY	MAX	NOKEY
1447789632062	0	lts_1117L_32_01	32	01	0	155	0	0	0	CR	MAX	8/Aceramicjug10.jpg	Aceramicjug10.jpg	NOKEY	MAX	NOKEY
1447789633065	0	lts_1117L_32_01	32	01	0	156	2	1	1	Hit	527	2-1/Atoy21.jpg	Atoy21.jpg	SPACE	567	SPACE
1447789636157	0	lts_1117L_32_01	32	01	0	157	0	0	0	CR	MAX	1/Apocketknifew.jpg	Apocketknifew.jpg	NOKEY	MAX	NOKEY
1447789637160	0	lts_1117L_32_01	32	01	0	158	1	1	1	Hit	521	1-1/Apocketknifew.jpg	Apocketknifew.jpg	SPACE	567	SPACE
1447789640235	0	lts_1117L_32_01	32	01	0	159	0	0	0	CR	MAX	26377631.thl.jpg	26377631.thl.jpg	NOKEY	MAX	NOKEY
1447789643312	0	lts_1117L_32_01	32	01	0	160	0	0	0	CR	MAX	1/Aeastcho6.jpg	Aeastcho6.jpg	NOKEY	MAX	NOKEY
1447789644365	0	lts_1117L_32_01	32	01	0	161	1	1	1	Hit	570	1-8/Aeastcho6.jpg	Aeastcho6.jpg	SPACE	619	SPACE
1447789647441	0	lts_1117L_32_01	32	01	0	162	0	0	0	CR	MAX	Abuilding116.jpg	Abuilding116.jpg	NOKEY	MAX	NOKEY
1447789648578	0	lts_1117L_32_01	32	01	0	163	8	1	1	Hit	668	8-first/Aceramicjug10.jpg	Aceramicjug10.jpg	SPACE	703	SPACE
1447789651654	0	lts_1117L_32_01	32	01	0	164	0	0	0	CR	MAX	1/airbottle1.jpg	airbottle1.jpg	NOKEY	MAX	NOKEY
1447789652490	0	lts_1117L_32_01	32	01	0	165	1	1	1	Hit	365	1-9/airbottle1.jpg	airbottle1.jpg	SPACE	402	SPACE
1447789655566	0	lts_1117L_32_01	32	01	0	166	0	0	0	CR	MAX	Akitchentool2.jpg	Akitchentool2.jpg	NOKEY	MAX	NOKEY
1447789658642	0	lts_1117L_32_01	32	01	0	167	0	0	0	CR	MAX	Afirstaidkit3.jpg	Afirstaidkit3.jpg	NOKEY	MAX	NOKEY
1447789661718	0	lts_1117L_32_01	32	01	0	168	0	0	0	CR	MAX	ALINTREMO.jpg	ALINTREMO.jpg	NOKEY	MAX	NOKEY
1447789662871	0	lts_1117L_32_01	32	01	0	169	64	1	1	Hit	683	64-first/ANAPRINGS.jpg	ANAPRINGS.jpg	SPACE	719	SPACE
1447789665964	0	lts_1117L_32_01	32	01	0	170	0	0	0	CR	MAX	Adolphin3.jpg	Adolphin3.jpg	NOKEY	MAX	NOKEY
1447789666984	0	lts_1117L_32_01	32	01	0	171	2	1	1	Hit	541	2-mul/ANAPRINGS.jpg	ANAPRINGS.jpg	SPACE	585	SPACE
1447789670061	0	lts_1117L_32_01	32	01	0	172	0	0	0	CR	MAX	DSCN6303-sm.jpg	DSCN6303-sm.jpg	NOKEY	MAX	NOKEY
1447789673137	0	lts_1117L_32_01	32	01	0	173	128	1	0	Miss	MAX	128-6/Athreeholepu6.jpg	Athreeholepu6.jpg	NOKEY	MAX	SPACE
1447789676212	0	lts_1117L_32_01	32	01	0	174	0	0	0	CR	MAX	Aseahorse4.jpg	Aseahorse4.jpg	NOKEY	MAX	NOKEY
1447789679288	0	lts_1117L_32_01	32	01	0	175	0	0	0	CR	MAX	carseat.jpg	carseat.jpg	NOKEY	MAX	NOKEY
1447789682364	0	lts_1117L_32_01	32	01	0	176	0	0	0	CR	MAX	8256348.thl.jpg	8256348.thl.jpg	NOKEY	MAX	NOKEY
1447789685457	0	lts_1117L_32_01	32	01	0	177	0	0	0	CR	MAX	8/23070064.thl.jpg	23070064.thl.jpg	NOKEY	MAX	NOKEY
1447789688533	0	lts_1117L_32_01	32	01	0	178	0	0	0	CR	MAX	AOUTHOUSE.jpg	AOUTHOUSE.jpg	NOKEY	MAX	NOKEY
1447789689620	0	lts_1117L_32_01	32	01	0	179	16	1	1	Hit	608	16-mul/Aceramicjug10.jpg	Aceramicjug10.jpg	SPACE	653	SPACE
1447789692696	0	lts_1117L_32_01	32	01	0	180	0	0	0	CR	MAX	1/22869912.thl.jpg	22869912.thl.jpg	NOKEY	MAX	NOKEY
1447789693716	0	lts_1117L_32_01	32	01	0	181	1	1	1	Hit	548	1-12/22869912.thl.jpg	22869912.thl.jpg	SPACE	585	SPACE
1447789696792	0	lts_1117L_32_01	32	01	0	182	0	0	0	CR	MAX	APARSLEY.jpg	APARSLEY.jpg	NOKEY	MAX	NOKEY
1447789699868	0	lts_1117L_32_01	32	01	0	183	0	0	0	CR	MAX	AMILPANS2.jpg	AMILPANS2.jpg	NOKEY	MAX	NOKEY
1447789702944	0	lts_1117L_32_01	32	01	0	184	0	0	0	CR	MAX	26419231.thl.jpg	26419231.thl.jpg	NOKEY	MAX	NOKEY
1447789704081	0	lts_1117L_32_01	32	01	0	185	8	1	1	Hit	653	8-first/23070064.thl.jpg	23070064.thl.jpg	SPACE	702	SPACE
1447789707174	0	lts_1117L_32_01	32	01	0	186	0	0	0	CR	MAX	checkejellyjar.jpg	checkejellyjar.jpg	NOKEY	MAX	NOKEY
1447789708161	0	lts_1117L_32_01	32	01	0	187	2	1	1	Hit	510	2-mul/23070064.thl.jpg	23070064.thl.jpg	SPACE	550	SPACE
1447789711236	0	lts_1117L_32_01	32	01	0	188	0	0	0	CR	MAX	Aknife92.jpg	Aknife92.jpg	NOKEY	MAX	NOKEY
1447789714329	0	lts_1117L_32_01	32	01	0	189	0	0	0	CR	MAX	2/AMEASDEVI.jpg	AMEASDEVI.jpg	NOKEY	MAX	NOKEY
1447789717405	0	lts_1117L_32_01	32	01	0	190	0	0	0	CR	MAX	ANWSPAPER.jpg	ANWSPAPER.jpg	NOKEY	MAX	NOKEY
1447789718408	0	lts_1117L_32_01	32	01	0	191	2	1	1	Hit	527	2-6/AMEASDEVI.jpg	AMEASDEVI.jpg	SPACE	569	SPACE
1447789721484	0	lts_1117L_32_01	32	01	0	192	0	0	0	CR	MAX	makeupfoundation.jpg	makeupfoundation.jpg	NOKEY	MAX	NOKEY
1447789724560	0	lts_1117L_32_01	32	01	0	193	0	0	0	CR	MAX	22826448.thl.jpg	22826448.thl.jpg	NOKEY	MAX	NOKEY
1447789727636	0	lts_1117L_32_01	32	01	0	194	8	1	0	Miss	MAX	8/DSCN9735-sm.jpg	DSCN9735-sm.jpg	NOKEY	MAX	SPACE
1447789730712	0	lts_1117L_32_01	32	01	0	195	0	0	0	CR	MAX	Afilmnegativ2.jpg	Afilmnegativ2.jpg	NOKEY	MAX	NOKEY
1447789733788	0	lts_1117L_32_01	32	01	0	196	0	0	0	CR	MAX	Askirt3.jpg	Askirt3.jpg	NOKEY	MAX	NOKEY
1447789736864	0	lts_1117L_32_01	32	01	0	197	0	0	0	CR	MAX	22849284.thl.jpg	22849284.thl.jpg	NOKEY	MAX	NOKEY
1447789739940	0	lts_1117L_32_01	32	01	0	198	0	0	0	CR	MAX	Acomputer11.jpg	Acomputer11.jpg	NOKEY	MAX	NOKEY
1447789743017	0	lts_1117L_32_01	32	01	0	199	0	0	0	CR	MAX	64/AAEROBENC.jpg	AAEROBENC.jpg	NOKEY	MAX	NOKEY
1447789746093	0	lts_1117L_32_01	32	01	0	200	0	0	0	CR	MAX	AOVALFRAM.jpg	AOVALFRAM.jpg	NOKEY	MAX	NOKEY
1447789749169	0	lts_1117L_32_01	32	01	0	201	0	0	0	CR	MAX	babyseatback.jpg	babyseatback.jpg	NOKEY	MAX	NOKEY
1447789750221	0	lts_1117L_32_01	32	01	0	202	8	1	1	Hit	580	8-first/DSCN9735-sm.jpg	DSCN9735-sm.jpg	SPACE	617	SPACE
1447789753298	0	lts_1117L_32_01	32	01	0	203	0	0	0	CR	MAX	ATROWEL2.jpg	ATROWEL2.jpg	NOKEY	MAX	NOKEY
1447789756374	0	lts_1117L_32_01	32	01	0	204	0	0	0	CR	MAX	AGUIRO.jpg	AGUIRO.jpg	NOKEY	MAX	NOKEY
1447789759450	0	lts_1117L_32_01	32	01	0	205	0	0	0	CR	MAX	Alaundrybask5.jpg	Alaundrybask5.jpg	NOKEY	MAX	NOKEY
1447789760403	0	lts_1117L_32_01	32	01	0	206	4	1	1	Hit	471	4-mul/DSCN9735-sm.jpg	DSCN9735-sm.jpg	SPACE	518	SPACE
1447789763479	0	lts_1117L_32_01	32	01	0	207	0	0	0	CR	MAX	26427111.thl.jpg	26427111.thl.jpg	NOKEY	MAX	NOKEY
1447789766571	0	lts_1117L_32_01	32	01	0	208	0	0	0	CR	MAX	leek.jpg	leek.jpg	NOKEY	MAX	NOKEY
1447789769647	0	lts_1117L_32_01	32	01	0	209	0	0	0	CR	MAX	64/Azebratoy2.jpg	Azebratoy2.jpg	NOKEY	MAX	NOKEY
1447789772724	0	lts_1117L_32_01	32	01	0	210	0	0	0	CR	MAX	AWALNUT3.jpg	AWALNUT3.jpg	NOKEY	MAX	NOKEY
1447789774295	0	lts_1117L_32_01	32	01	0	211	128	1	1	Hit	1097	128-7/Ablouse2.jpg	Ablouse2.jpg	SPACE	1137	SPACE
1447789777388	0	lts_1117L_32_01	32	01	0	212	0	0	0	CR	MAX	Adrinkinggl21.jpg	Adrinkinggl21.jpg	NOKEY	MAX	NOKEY
1447789780481	0	lts_1117L_32_01	32	01	0	213	0	0	0	CR	MAX	AARMHEL12.jpg	AARMHEL12.jpg	NOKEY	MAX	NOKEY
1447789783557	0	lts_1117L_32_01	32	01	0	214	0	0	0	CR	MAX	ACHINCHI4.jpg	ACHINCHI4.jpg	NOKEY	MAX	NOKEY
1447789786633	0	lts_1117L_32_01	32	01	0	215	8	1	0	Miss	MAX	8/butterflycross-stitch.jpg	butterflycross-stitch.jpg	NOKEY	MAX	SPACE
1447789789709	0	lts_1117L_32_01	32	01	0	216	0	0	0	CR	MAX	1/26460317.thl.jpg	26460317.thl.jpg	NOKEY	MAX	NOKEY
1447789790829	0	lts_1117L_32_01	32	01	0	217	1	1	1	Hit	639	1-14/26460317.thl.jpg	26460317.thl.jpg	SPACE	686	SPACE
1447789793905	0	lts_1117L_32_01	32	01	0	218	0	0	0	CR	MAX	Atoywheels.jpg	Atoywheels.jpg	NOKEY	MAX	NOKEY
1447789795209	0	lts_1117L_32_01	32	01	0	219	128	1	1	Hit	820	128-3/ADENTOOL.jpg	ADENTOOL.jpg	SPACE	870	SPACE
1447789798285	0	lts_1117L_32_01	32	01	0	220	0	0	0	CR	MAX	AARTIHAN5.jpg	AARTIHAN5.jpg	NOKEY	MAX	NOKEY
1447789801361	0	lts_1117L_32_01	32	01	0	221	0	0	0	CR	MAX	26370116.thl.jpg	26370116.thl.jpg	NOKEY	MAX	NOKEY
1447789804437	0	lts_1117L_32_01	32	01	0	222	0	0	0	CR	MAX	Atoyswing.jpg	Atoyswing.jpg	NOKEY	MAX	NOKEY
1447789805424	0	lts_1117L_32_01	32	01	0	223	8	1	1	Hit	502	8-first/butterflycross-stitch.jpg	butterflycross-stitch.jpg	SPACE	552	SPACE
1447789808500	0	lts_1117L_32_01	32	01	0	224	0	0	0	CR	MAX	APLASCONT.jpg	APLASCONT.jpg	NOKEY	MAX	NOKEY
1447789809753	0	lts_1117L_32_01	32	01	0	225	128	1	1	Hit	769	128-5/ASWITCH6.jpg	ASWITCH6.jpg	SPACE	819	SPACE
1447789812830	0	lts_1117L_32_01	32	01	0	226	0	0	0	CR	MAX	AGUINEAP2.jpg	AGUINEAP2.jpg	NOKEY	MAX	NOKEY
1447789815922	0	lts_1117L_32_01	32	01	0	227	0	0	0	CR	MAX	4/ATINSTRAP.jpg	ATINSTRAP.jpg	NOKEY	MAX	NOKEY
1447789818998	0	lts_1117L_32_01	32	01	0	228	0	0	0	CR	MAX	26440026.thl.jpg	26440026.thl.jpg	NOKEY	MAX	NOKEY
1447789822075	0	lts_1117L_32_01	32	01	0	229	0	0	0	CR	MAX	Abowlofwonto5.jpg	Abowlofwonto5.jpg	NOKEY	MAX	NOKEY
1447789825151	0	lts_1117L_32_01	32	01	0	230	0	0	0	CR	MAX	ABAGGROCE.jpg	ABAGGROCE.jpg	NOKEY	MAX	NOKEY
1447789826304	0	lts_1117L_32_01	32	01	0	231	4	1	1	Hit	671	4-5/ATINSTRAP.jpg	ATINSTRAP.jpg	SPACE	718	SPACE
1447789829380	0	lts_1117L_32_01	32	01	0	232	0	0	0	CR	MAX	4/Atoyturtle.jpg	Atoyturtle.jpg	NOKEY	MAX	NOKEY
1447789832473	0	lts_1117L_32_01	32	01	0	233	0	0	0	CR	MAX	1/stickcheese.jpg	stickcheese.jpg	NOKEY	MAX	NOKEY
1447789833459	0	lts_1117L_32_01	32	01	0	234	1	1	1	Hit	515	1-7/stickcheese.jpg	stickcheese.jpg	SPACE	553	SPACE
1447789836535	0	lts_1117L_32_01	32	01	0	235	0	0	0	CR	MAX	Avideocamera2.jpg	Avideocamera2.jpg	NOKEY	MAX	NOKEY
1447789837572	0	lts_1117L_32_01	32	01	0	236	4	1	1	Hit	567	4-11/Atoyturtle.jpg	Atoyturtle.jpg	SPACE	603	SPACE
1447789840648	0	lts_1117L_32_01	32	01	0	237	0	0	0	CR	MAX	Atoyseasaw.jpg	Atoyseasaw.jpg	NOKEY	MAX	NOKEY
1447789843724	0	lts_1117L_32_01	32	01	0	238	0	0	0	CR	MAX	4/Acleaningpro6.jpg	Acleaningpro6.jpg	NOKEY	MAX	NOKEY
1447789844693	0	lts_1117L_32_01	32	01	0	239	16	1	1	Hit	485	16-mul/butterflycross-stitch.jpg	butterflycross-stitch.jpg	SPACE	535	SPACE
1447789847770	0	lts_1117L_32_01	32	01	0	240	0	0	0	CR	MAX	Adinningroomt.jpg	Adinningroomt.jpg	NOKEY	MAX	NOKEY
1447789850846	0	lts_1117L_32_01	32	01	0	241	0	0	0	CR	MAX	ACONSTHA2.jpg	ACONSTHA2.jpg	NOKEY	MAX	NOKEY
1447789851849	0	lts_1117L_32_01	32	01	0	242	4	1	1	Hit	519	4-6/Acleaningpro6.jpg	Acleaningpro6.jpg	SPACE	569	SPACE
1447789854925	0	lts_1117L_32_01	32	01	0	243	0	0	0	CR	MAX	26372465.thl.jpg	26372465.thl.jpg	NOKEY	MAX	NOKEY
1447789858018	0	lts_1117L_32_01	32	01	0	244	0	0	0	CR	MAX	Anotepad9.jpg	Anotepad9.jpg	NOKEY	MAX	NOKEY
1447789861095	0	lts_1117L_32_01	32	01	0	245	0	0	0	CR	MAX	16/35311992.thl.jpg	35311992.thl.jpg	NOKEY	MAX	NOKEY
1447789864171	0	lts_1117L_32_01	32	01	0	246	0	0	0	CR	MAX	Ainflatable10.jpg	Ainflatable10.jpg	NOKEY	MAX	NOKEY
1447789867246	0	lts_1117L_32_01	32	01	0	247	0	0	0	CR	MAX	Abird41.jpg	Abird41.jpg	NOKEY	MAX	NOKEY
1447789870322	0	lts_1117L_32_01	32	01	0	248	0	0	0	CR	MAX	22907432.thl.jpg	22907432.thl.jpg	NOKEY	MAX	NOKEY
1447789873398	0	lts_1117L_32_01	32	01	0	249	0	0	0	CR	MAX	2/Aruler12.jpg	Aruler12.jpg	NOKEY	MAX	NOKEY
1447789876474	0	lts_1117L_32_01	32	01	0	250	0	0	0	CR	MAX	hatslmar.jpg	hatslmar.jpg	NOKEY	MAX	NOKEY
1447789877544	0	lts_1117L_32_01	32	01	0	251	2	1	1	Hit	601	2-8/Aruler12.jpg	Aruler12.jpg	SPACE	637	SPACE
1447789880620	0	lts_1117L_32_01	32	01	0	252	0	0	0	CR	MAX	8255030.thl.jpg	8255030.thl.jpg	NOKEY	MAX	NOKEY
1447789883696	0	lts_1117L_32_01	32	01	0	253	0	0	0	CR	MAX	16/AARTBERRI.jpg	AARTBERRI.jpg	NOKEY	MAX	NOKEY
1447789886772	0	lts_1117L_32_01	32	01	0	254	0	0	0	CR	MAX	2/Aflower102.jpg	Aflower102.jpg	NOKEY	MAX	NOKEY
1447789889848	0	lts_1117L_32_01	32	01	0	255	0	0	0	CR	MAX	128/Atray26.jpg	Atray26.jpg	NOKEY	MAX	NOKEY
1447789891053	0	lts_1117L_32_01	32	01	0	256	2	1	1	Hit	722	2-5/Aflower102.jpg	Aflower102.jpg	SPACE	769	SPACE
1447789894129	0	lts_1117L_32_01	32	01	0	257	0	0	0	CR	MAX	Apyramid3.jpg	Apyramid3.jpg	NOKEY	MAX	NOKEY
1447789897221	0	lts_1117L_32_01	32	01	0	258	0	0	0	CR	MAX	64/AMOSQAMBE.jpg	AMOSQAMBE.jpg	NOKEY	MAX	NOKEY
1447789900297	0	lts_1117L_32_01	32	01	0	259	0	0	0	CR	MAX	Ashark7.jpg	Ashark7.jpg	NOKEY	MAX	NOKEY
1447789903373	0	lts_1117L_32_01	32	01	0	260	0	0	0	CR	MAX	Aaircompress2.jpg	Aaircompress2.jpg	NOKEY	MAX	NOKEY
1447789904393	0	lts_1117L_32_01	32	01	0	261	16	1	1	Hit	545	16-first/35311992.thl.jpg	35311992.thl.jpg	SPACE	585	SPACE
1447789907469	0	lts_1117L_32_01	32	01	0	262	0	0	0	CR	MAX	ACHINBRB4.jpg	ACHINBRB4.jpg	NOKEY	MAX	NOKEY
1447789908572	0	lts_1117L_32_01	32	01	0	263	64	1	1	Hit	623	64-first/AAEROBENC.jpg	AAEROBENC.jpg	SPACE	670	SPACE
1447789911648	0	lts_1117L_32_01	32	01	0	264	0	0	0	CR	MAX	APROSTLE2.jpg	APROSTLE2.jpg	NOKEY	MAX	NOKEY
1447789912584	0	lts_1117L_32_01	32	01	0	265	4	1	1	Hit	468	4-mul/35311992.thl.jpg	35311992.thl.jpg	SPACE	502	SPACE
1447789915660	0	lts_1117L_32_01	32	01	0	266	0	0	0	CR	MAX	128/8257273.thl.jpg	8257273.thl.jpg	NOKEY	MAX	NOKEY
1447789918753	0	lts_1117L_32_01	32	01	0	267	0	0	0	CR	MAX	pingpongtable.jpg	pingpongtable.jpg	NOKEY	MAX	NOKEY
1447789921846	0	lts_1117L_32_01	32	01	0	268	0	0	0	CR	MAX	Abisontoy.jpg	Abisontoy.jpg	NOKEY	MAX	NOKEY
1447789922882	0	lts_1117L_32_01	32	01	0	269	16	1	1	Hit	552	16-first/AARTBERRI.jpg	AARTBERRI.jpg	SPACE	602	SPACE
1447789925958	0	lts_1117L_32_01	32	01	0	270	0	0	0	CR	MAX	Aalmond4.jpg	Aalmond4.jpg	NOKEY	MAX	NOKEY
1447789926895	0	lts_1117L_32_01	32	01	0	271	2	1	1	Hit	451	2-mul/AARTBERRI.jpg	AARTBERRI.jpg	SPACE	501	SPACE
1447789929971	0	lts_1117L_32_01	32	01	0	272	0	0	0	CR	MAX	A_flower.jpg	A_flower.jpg	NOKEY	MAX	NOKEY
1447789931075	0	lts_1117L_32_01	32	01	0	273	64	1	1	Hit	617	64-first/Azebratoy2.jpg	Azebratoy2.jpg	SPACE	669	SPACE
1447789932062	0	lts_1117L_32_01	32	01	0	274	0	0	1	FA	509	AMINIHAMP.jpg	AMINIHAMP.jpg	SPACE	550	NOKEY
1447789935138	0	lts_1117L_32_01	32	01	0	275	0	0	0	CR	MAX	32/26433387.thl.jpg	26433387.thl.jpg	NOKEY	MAX	NOKEY
1447789938213	0	lts_1117L_32_01	32	01	0	276	0	0	0	CR	MAX	AELECOMP2.jpg	AELECOMP2.jpg	NOKEY	MAX	NOKEY
1447789939183	0	lts_1117L_32_01	32	01	0	277	4	1	1	Hit	496	4-mul/Azebratoy2.jpg	Azebratoy2.jpg	SPACE	535	SPACE
1447789942258	0	lts_1117L_32_01	32	01	0	278	0	0	0	CR	MAX	ABASTER2.jpg	ABASTER2.jpg	NOKEY	MAX	NOKEY
1447789943261	0	lts_1117L_32_01	32	01	0	279	16	1	1	Hit	518	16-mul/AAEROBENC.jpg	AAEROBENC.jpg	SPACE	568	SPACE
1447789946337	0	lts_1117L_32_01	32	01	0	280	0	0	0	CR	MAX	128/22869624.thl.jpg	22869624.thl.jpg	NOKEY	MAX	NOKEY
1447789949413	0	lts_1117L_32_01	32	01	0	281	0	0	0	CR	MAX	Acameo.jpg	Acameo.jpg	NOKEY	MAX	NOKEY
1447789952489	0	lts_1117L_32_01	32	01	0	282	0	0	0	CR	MAX	weepwalker.jpg	weepwalker.jpg	NOKEY	MAX	NOKEY
1447789955566	0	lts_1117L_32_01	32	01	0	283	0	0	0	CR	MAX	AWEDCAK15.jpg	AWEDCAK15.jpg	NOKEY	MAX	NOKEY
1447789958642	0	lts_1117L_32_01	32	01	0	284	0	0	0	CR	MAX	1/Atwowayradio2.jpg	Atwowayradio2.jpg	NOKEY	MAX	NOKEY
1447789959628	0	lts_1117L_32_01	32	01	0	285	1	1	1	Hit	514	1-11/Atwowayradio2.jpg	Atwowayradio2.jpg	SPACE	552	SPACE
1447789962704	0	lts_1117L_32_01	32	01	0	286	0	0	0	CR	MAX	8/AMILKJUG.jpg	AMILKJUG.jpg	NOKEY	MAX	NOKEY
1447789965797	0	lts_1117L_32_01	32	01	0	287	0	0	0	CR	MAX	tuba1.jpg	tuba1.jpg	NOKEY	MAX	NOKEY
1447789968873	0	lts_1117L_32_01	32	01	0	288	0	0	0	CR	MAX	26437074.thl.jpg	26437074.thl.jpg	NOKEY	MAX	NOKEY
1447789971949	0	lts_1117L_32_01	32	01	0	289	0	0	0	CR	MAX	2/ABABYSH33.jpg	ABABYSH33.jpg	NOKEY	MAX	NOKEY
1447789975026	0	lts_1117L_32_01	32	01	0	290	0	0	0	CR	MAX	Akitchentimer.jpg	Akitchentimer.jpg	NOKEY	MAX	NOKEY
1447789976463	0	lts_1117L_32_01	32	01	0	291	2	1	1	Hit	966	2-13/ABABYSH33.jpg	ABABYSH33.jpg	SPACE	1003	SPACE
1447789979539	0	lts_1117L_32_01	32	01	0	292	0	0	0	CR	MAX	64/Acombination6.jpg	Acombination6.jpg	NOKEY	MAX	NOKEY
1447789982615	0	lts_1117L_32_01	32	01	0	293	0	0	0	CR	MAX	AGARBAGE.jpg	AGARBAGE.jpg	NOKEY	MAX	NOKEY
1447789984020	0	lts_1117L_32_01	32	01	0	294	8	1	1	Hit	926	8-first/AMILKJUG.jpg	AMILKJUG.jpg	SPACE	970	SPACE
1447789987096	0	lts_1117L_32_01	32	01	0	295	0	0	0	CR	MAX	ACOUNTING.jpg	ACOUNTING.jpg	NOKEY	MAX	NOKEY
1447789990189	0	lts_1117L_32_01	32	01	0	296	0	0	0	CR	MAX	32/ASUNBOX5.jpg	ASUNBOX5.jpg	NOKEY	MAX	NOKEY
1447789993264	0	lts_1117L_32_01	32	01	0	297	0	0	0	CR	MAX	4/confettipopper.jpg	confettipopper.jpg	NOKEY	MAX	NOKEY
1447789996340	0	lts_1117L_32_01	32	01	0	298	0	0	0	CR	MAX	Ajar33.jpg	Ajar33.jpg	NOKEY	MAX	NOKEY
1447789999416	0	lts_1117L_32_01	32	01	0	299	0	0	0	CR	MAX	Axmastre5.jpg	Axmastre5.jpg	NOKEY	MAX	NOKEY
1447790002492	0	lts_1117L_32_01	32	01	0	300	0	0	0	CR	MAX	Astadium.jpg	Astadium.jpg	NOKEY	MAX	NOKEY
1447790003629	0	lts_1117L_32_01	32	01	0	301	4	1	1	Hit	653	4-4/confettipopper.jpg	confettipopper.jpg	SPACE	702	SPACE
1447790006705	0	lts_1117L_32_01	32	01	0	302	0	0	0	CR	MAX	Asantaclaus2.jpg	Asantaclaus2.jpg	NOKEY	MAX	NOKEY
1447790009781	0	lts_1117L_32_01	32	01	0	303	0	0	0	CR	MAX	2/AHEARTSPO.jpg	AHEARTSPO.jpg	NOKEY	MAX	NOKEY
1447790012857	0	lts_1117L_32_01	32	01	0	304	0	0	0	CR	MAX	22887480.thl.jpg	22887480.thl.jpg	NOKEY	MAX	NOKEY
1447790013944	0	lts_1117L_32_01	32	01	0	305	2	1	1	Hit	608	2-11/AHEARTSPO.jpg	AHEARTSPO.jpg	SPACE	652	SPACE
1447790017038	0	lts_1117L_32_01	32	01	0	306	0	0	0	CR	MAX	Arake4.jpg	Arake4.jpg	NOKEY	MAX	NOKEY
1447790018091	0	lts_1117L_32_01	32	01	0	307	32	1	1	Hit	569	32-2/26433387.thl.jpg	26433387.thl.jpg	SPACE	618	SPACE
1447790021167	0	lts_1117L_32_01	32	01	0	308	0	0	0	CR	MAX	ALAB13.jpg	ALAB13.jpg	NOKEY	MAX	NOKEY
1447790024242	0	lts_1117L_32_01	32	01	0	309	0	0	0	CR	MAX	QD-HEad.jpg	QD-HEad.jpg	NOKEY	MAX	NOKEY
1447790025362	0	lts_1117L_32_01	32	01	0	310	16	1	1	Hit	635	16-mul/AMILKJUG.jpg	AMILKJUG.jpg	SPACE	685	SPACE
1447790028438	0	lts_1117L_32_01	32	01	0	311	0	0	0	CR	MAX	23076640.thl.jpg	23076640.thl.jpg	NOKEY	MAX	NOKEY
1447790031514	0	lts_1117L_32_01	32	01	0	312	0	0	0	CR	MAX	128/26442809.thl.jpg	26442809.thl.jpg	NOKEY	MAX	NOKEY
1447790034590	0	lts_1117L_32_01	32	01	0	313	0	0	0	CR	MAX	4/Abicyclehand5.jpg	Abicyclehand5.jpg	NOKEY	MAX	NOKEY
1447790037666	0	lts_1117L_32_01	32	01	0	314	0	0	0	CR	MAX	Amilk4.jpg	Amilk4.jpg	NOKEY	MAX	NOKEY
1447790040743	0	lts_1117L_32_01	32	01	0	315	0	0	0	CR	MAX	AMALLET13.jpg	AMALLET13.jpg	NOKEY	MAX	NOKEY
1447790043835	0	lts_1117L_32_01	32	01	0	316	0	0	0	CR	MAX	32/26555896.thl.jpg	26555896.thl.jpg	NOKEY	MAX	NOKEY
1447790046911	0	lts_1117L_32_01	32	01	0	317	4	1	0	Miss	MAX	4-1/Abicyclehand5.jpg	Abicyclehand5.jpg	NOKEY	MAX	SPACE
1447790049987	0	lts_1117L_32_01	32	01	0	318	0	0	0	CR	MAX	8/jumpmattress.jpg	jumpmattress.jpg	NOKEY	MAX	NOKEY
1447790053065	0	lts_1117L_32_01	32	01	0	319	0	0	0	CR	MAX	ATIE16.jpg	ATIE16.jpg	NOKEY	MAX	NOKEY
1447790056140	0	lts_1117L_32_01	32	01	0	320	0	0	0	CR	MAX	Astonehome.jpg	Astonehome.jpg	NOKEY	MAX	NOKEY
1447790059216	0	lts_1117L_32_01	32	01	0	321	0	0	0	CR	MAX	AKETTLE35.jpg	AKETTLE35.jpg	NOKEY	MAX	NOKEY
1447790062292	0	lts_1117L_32_01	32	01	0	322	64	1	0	Miss	MAX	64-first/AMOSQAMBE.jpg	AMOSQAMBE.jpg	NOKEY	MAX	SPACE
1447790065368	0	lts_1117L_32_01	32	01	0	323	0	0	0	CR	MAX	8/26467443.thl.jpg	26467443.thl.jpg	NOKEY	MAX	NOKEY
1447790068444	0	lts_1117L_32_01	32	01	0	324	0	0	0	CR	MAX	Abridge9.jpg	Abridge9.jpg	NOKEY	MAX	NOKEY
1447790071520	0	lts_1117L_32_01	32	01	0	325	0	0	0	CR	MAX	23028486.thl.jpg	23028486.thl.jpg	NOKEY	MAX	NOKEY
1447790072540	0	lts_1117L_32_01	32	01	0	326	8	1	1	Hit	551	8-1/jumpmattress.jpg	jumpmattress.jpg	SPACE	587	SPACE
1447790075632	0	lts_1117L_32_01	32	01	0	327	0	0	0	CR	MAX	AMETALPER.jpg	AMETALPER.jpg	NOKEY	MAX	NOKEY
1447790076652	0	lts_1117L_32_01	32	01	0	328	32	1	1	Hit	535	32-5/ASUNBOX5.jpg	ASUNBOX5.jpg	SPACE	585	SPACE
1447790079728	0	lts_1117L_32_01	32	01	0	329	0	0	0	CR	MAX	32/Aearth3.jpg	Aearth3.jpg	NOKEY	MAX	NOKEY
1447790082804	0	lts_1117L_32_01	32	01	0	330	0	0	0	CR	MAX	tires.jpg	tires.jpg	NOKEY	MAX	NOKEY
1447790083824	0	lts_1117L_32_01	32	01	0	331	8	1	1	Hit	542	8-0/26467443.thl.jpg	26467443.thl.jpg	SPACE	585	SPACE
1447790086900	0	lts_1117L_32_01	32	01	0	332	0	0	0	CR	MAX	2/AWOODPIN.jpg	AWOODPIN.jpg	NOKEY	MAX	NOKEY
1447790089976	0	lts_1117L_32_01	32	01	0	333	0	0	0	CR	MAX	ARELSCU49.jpg	ARELSCU49.jpg	NOKEY	MAX	NOKEY
1447790090929	0	lts_1117L_32_01	32	01	0	334	2	1	1	Hit	474	2-10/AWOODPIN.jpg	AWOODPIN.jpg	SPACE	518	SPACE
1447790094023	0	lts_1117L_32_01	32	01	0	335	0	0	0	CR	MAX	ABOWCASE.jpg	ABOWCASE.jpg	NOKEY	MAX	NOKEY
1447790097099	0	lts_1117L_32_01	32	01	0	336	0	0	0	CR	MAX	32/AGLASSTAB.jpg	AGLASSTAB.jpg	NOKEY	MAX	NOKEY
1447790100175	0	lts_1117L_32_01	32	01	0	337	0	0	0	CR	MAX	ACHEESEGR.jpg	ACHEESEGR.jpg	NOKEY	MAX	NOKEY
1447790101227	0	lts_1117L_32_01	32	01	0	338	16	1	1	Hit	583	16-mul/AMOSQAMBE.jpg	AMOSQAMBE.jpg	SPACE	618	SPACE
1447790104303	0	lts_1117L_32_01	32	01	0	339	0	0	0	CR	MAX	AARCCHAR2.jpg	AARCCHAR2.jpg	NOKEY	MAX	NOKEY
1447790107396	0	lts_1117L_32_01	32	01	0	340	0	0	0	CR	MAX	AAFRICIN2.jpg	AAFRICIN2.jpg	NOKEY	MAX	NOKEY
1447790110472	0	lts_1117L_32_01	32	01	0	341	0	0	0	CR	MAX	26375899.thl.jpg	26375899.thl.jpg	NOKEY	MAX	NOKEY
1447790113548	0	lts_1117L_32_01	32	01	0	342	0	0	0	CR	MAX	8/AICESKAT8.jpg	AICESKAT8.jpg	NOKEY	MAX	NOKEY
1447790116624	0	lts_1117L_32_01	32	01	0	343	0	0	0	CR	MAX	Apitchfork4.jpg	Apitchfork4.jpg	NOKEY	MAX	NOKEY
1447790119700	0	lts_1117L_32_01	32	01	0	344	0	0	0	CR	MAX	Ascientifict3.jpg	Ascientifict3.jpg	NOKEY	MAX	NOKEY
1447790122777	0	lts_1117L_32_01	32	01	0	345	0	0	0	CR	MAX	32/Alipstick3.jpg	Alipstick3.jpg	NOKEY	MAX	NOKEY
1447790125853	0	lts_1117L_32_01	32	01	0	346	0	0	0	CR	MAX	Atoy35.jpg	Atoy35.jpg	NOKEY	MAX	NOKEY
1447790128929	0	lts_1117L_32_01	32	01	0	347	0	0	0	CR	MAX	ACREAME11.jpg	ACREAME11.jpg	NOKEY	MAX	NOKEY
1447790130050	0	lts_1117L_32_01	32	01	0	348	32	1	1	Hit	638	32-8/26555896.thl.jpg	26555896.thl.jpg	SPACE	685	SPACE
1447790133126	0	lts_1117L_32_01	32	01	0	349	0	0	0	CR	MAX	Afox3.jpg	Afox3.jpg	NOKEY	MAX	NOKEY
1447790134129	0	lts_1117L_32_01	32	01	0	350	8	1	1	Hit	523	8-first/AICESKAT8.jpg	AICESKAT8.jpg	SPACE	568	SPACE
1447790137204	0	lts_1117L_32_01	32	01	0	351	0	0	0	CR	MAX	Atoydonkey.jpg	Atoydonkey.jpg	NOKEY	MAX	NOKEY
1447790140280	0	lts_1117L_32_01	32	01	0	352	0	0	0	CR	MAX	AWEIGHT7.jpg	AWEIGHT7.jpg	NOKEY	MAX	NOKEY
1447790143356	0	lts_1117L_32_01	32	01	0	353	0	0	0	CR	MAX	Atoyboat10.jpg	Atoyboat10.jpg	NOKEY	MAX	NOKEY
1447790144409	0	lts_1117L_32_01	32	01	0	354	4	1	1	Hit	582	4-mul/AICESKAT8.jpg	AICESKAT8.jpg	SPACE	619	SPACE
1447790147485	0	lts_1117L_32_01	32	01	0	355	0	0	0	CR	MAX	22854888.thl.jpg	22854888.thl.jpg	NOKEY	MAX	NOKEY
1447790148672	0	lts_1117L_32_01	32	01	0	356	64	1	1	Hit	713	64-first/Acombination6.jpg	Acombination6.jpg	SPACE	752	SPACE
1447790151748	0	lts_1117L_32_01	32	01	0	357	0	0	0	CR	MAX	ACHILDISH.jpg	ACHILDISH.jpg	NOKEY	MAX	NOKEY
1447790152802	0	lts_1117L_32_01	32	01	0	358	2	1	1	Hit	573	2-mul/Acombination6.jpg	Acombination6.jpg	SPACE	618	SPACE
1447790155894	0	lts_1117L_32_01	32	01	0	359	0	0	0	CR	MAX	32/Apackage3.jpg	Apackage3.jpg	NOKEY	MAX	NOKEY
1447790158970	0	lts_1117L_32_01	32	01	0	360	0	0	0	CR	MAX	ABLACKB14.jpg	ABLACKB14.jpg	NOKEY	MAX	NOKEY
1447790160142	0	lts_1117L_32_01	32	01	0	361	32	1	1	Hit	684	32-7/Aearth3.jpg	Aearth3.jpg	SPACE	735	SPACE
1447790163217	0	lts_1117L_32_01	32	01	0	362	0	0	0	CR	MAX	Akiddcup2.jpg	Akiddcup2.jpg	NOKEY	MAX	NOKEY
1447790166310	0	lts_1117L_32_01	32	01	0	363	0	0	0	CR	MAX	ASATELLIT.jpg	ASATELLIT.jpg	NOKEY	MAX	NOKEY
1447790169386	0	lts_1117L_32_01	32	01	0	364	0	0	0	CR	MAX	ACUTPIN.jpg	ACUTPIN.jpg	NOKEY	MAX	NOKEY
1447790172462	0	lts_1117L_32_01	32	01	0	365	0	0	0	CR	MAX	Afloweredsan3.jpg	Afloweredsan3.jpg	NOKEY	MAX	NOKEY
1447790175538	0	lts_1117L_32_01	32	01	0	366	0	0	0	CR	MAX	8/ATABLES5.jpg	ATABLES5.jpg	NOKEY	MAX	NOKEY
1447790178614	0	lts_1117L_32_01	32	01	0	367	0	0	0	CR	MAX	32/ATELEBO13.jpg	ATELEBO13.jpg	NOKEY	MAX	NOKEY
1447790179985	0	lts_1117L_32_01	32	01	0	368	32	1	1	Hit	897	32-3/AGLASSTAB.jpg	AGLASSTAB.jpg	SPACE	936	SPACE
1447790183062	0	lts_1117L_32_01	32	01	0	369	0	0	0	CR	MAX	16/Aconchshe.jpg	Aconchshe.jpg	NOKEY	MAX	NOKEY
1447790186138	0	lts_1117L_32_01	32	01	0	370	0	0	0	CR	MAX	64/Apocketwatch.jpg	Apocketwatch.jpg	NOKEY	MAX	NOKEY
1447790189213	0	lts_1117L_32_01	32	01	0	371	0	0	0	CR	MAX	16/26421382.thl.jpg	26421382.thl.jpg	NOKEY	MAX	NOKEY
1447790192289	0	lts_1117L_32_01	32	01	0	372	0	0	0	CR	MAX	Afusehousing.jpg	Afusehousing.jpg	NOKEY	MAX	NOKEY
1447790195365	0	lts_1117L_32_01	32	01	0	373	0	0	0	CR	MAX	AHEADSET.jpg	AHEADSET.jpg	NOKEY	MAX	NOKEY
1447790196635	0	lts_1117L_32_01	32	01	0	374	8	1	1	Hit	795	8-2/ATABLES5.jpg	ATABLES5.jpg	SPACE	836	SPACE
1447790199728	0	lts_1117L_32_01	32	01	0	375	0	0	0	CR	MAX	AELECBE17.jpg	AELECBE17.jpg	NOKEY	MAX	NOKEY
1447790202804	0	lts_1117L_32_01	32	01	0	376	0	0	0	CR	MAX	23007415.thl.jpg	23007415.thl.jpg	NOKEY	MAX	NOKEY
1447790204109	0	lts_1117L_32_01	32	01	0	377	32	1	1	Hit	823	32-1/Alipstick3.jpg	Alipstick3.jpg	SPACE	869	SPACE
1447790207185	0	lts_1117L_32_01	32	01	0	378	0	0	0	CR	MAX	ACONBENCH.jpg	ACONBENCH.jpg	NOKEY	MAX	NOKEY
1447790210260	0	lts_1117L_32_01	32	01	0	379	0	0	0	CR	MAX	22852560.thl.jpg	22852560.thl.jpg	NOKEY	MAX	NOKEY
1447790213337	0	lts_1117L_32_01	32	01	0	380	0	0	0	CR	MAX	23024623.thl.jpg	23024623.thl.jpg	NOKEY	MAX	NOKEY
1447790216413	0	lts_1117L_32_01	32	01	0	381	0	0	0	CR	MAX	ACOFFPOT3.jpg	ACOFFPOT3.jpg	NOKEY	MAX	NOKEY
1447790219489	0	lts_1117L_32_01	32	01	0	382	0	0	0	CR	MAX	Aacupuncture2.jpg	Aacupuncture2.jpg	NOKEY	MAX	NOKEY
1447790220609	0	lts_1117L_32_01	32	01	0	383	128	1	1	Hit	648	128-4/Atray26.jpg	Atray26.jpg	SPACE	686	SPACE
1447790223685	0	lts_1117L_32_01	32	01	0	384	0	0	0	CR	MAX	AMUSICSTA.jpg	AMUSICSTA.jpg	NOKEY	MAX	NOKEY
1447790224671	0	lts_1117L_32_01	32	01	0	385	16	1	1	Hit	514	16-first/Aconchshe.jpg	Aconchshe.jpg	SPACE	552	SPACE
1447790227747	0	lts_1117L_32_01	32	01	0	386	0	0	0	CR	MAX	Apilldispens3.jpg	Apilldispens3.jpg	NOKEY	MAX	NOKEY
1447790228750	0	lts_1117L_32_01	32	01	0	387	16	1	1	Hit	518	16-first/26421382.thl.jpg	26421382.thl.jpg	SPACE	568	SPACE
1447790231826	0	lts_1117L_32_01	32	01	0	388	0	0	0	CR	MAX	32/Acamerabag.jpg	Acamerabag.jpg	NOKEY	MAX	NOKEY
1447790232813	0	lts_1117L_32_01	32	01	0	389	2	1	1	Hit	506	2-mul/26421382.thl.jpg	26421382.thl.jpg	SPACE	551	SPACE
1447790235889	0	lts_1117L_32_01	32	01	0	390	0	0	0	CR	MAX	16/Aopenbriefcas.jpg	Aopenbriefcas.jpg	NOKEY	MAX	NOKEY
1447790238965	0	lts_1117L_32_01	32	01	0	391	32	1	0	Miss	MAX	32-9/Apackage3.jpg	Apackage3.jpg	NOKEY	MAX	SPACE
1447790242042	0	lts_1117L_32_01	32	01	0	392	0	0	0	CR	MAX	26374146.thl.jpg	26374146.thl.jpg	NOKEY	MAX	NOKEY
1447790245135	0	lts_1117L_32_01	32	01	0	393	0	0	0	CR	MAX	26685948.thl.jpg	26685948.thl.jpg	NOKEY	MAX	NOKEY
1447790246337	0	lts_1117L_32_01	32	01	0	394	128	1	1	Hit	720	128-1/8257273.thl.jpg	8257273.thl.jpg	SPACE	768	SPACE
1447790249413	0	lts_1117L_32_01	32	01	0	395	0	0	0	CR	MAX	16/ACHEESEB3.jpg	ACHEESEB3.jpg	NOKEY	MAX	NOKEY
1447790252556	0	lts_1117L_32_01	32	01	0	396	0	0	0	CR	MAX	AWOODENF3.jpg	AWOODENF3.jpg	NOKEY	MAX	NOKEY
1447790255632	0	lts_1117L_32_01	32	01	0	397	0	0	0	CR	MAX	AROBES4.jpg	AROBES4.jpg	NOKEY	MAX	NOKEY
1447790258708	0	lts_1117L_32_01	32	01	0	398	0	0	0	CR	MAX	Asafetybelt.jpg	Asafetybelt.jpg	NOKEY	MAX	NOKEY
1447790260080	0	lts_1117L_32_01	32	01	0	399	32	1	1	Hit	891	32-0/ATELEBO13.jpg	ATELEBO13.jpg	SPACE	936	SPACE
1447790263156	0	lts_1117L_32_01	32	01	0	400	0	0	0	CR	MAX	gymbars2.jpg	gymbars2.jpg	NOKEY	MAX	NOKEY
1447790264160	0	lts_1117L_32_01	32	01	0	401	16	1	1	Hit	531	16-mul/Aconchshe.jpg	Aconchshe.jpg	SPACE	567	SPACE
1447790267235	0	lts_1117L_32_01	32	01	0	402	0	0	0	CR	MAX	Aindustrialve.jpg	Aindustrialve.jpg	NOKEY	MAX	NOKEY
1447790270311	0	lts_1117L_32_01	32	01	0	403	0	0	0	CR	MAX	gytsl9.jpg	gytsl9.jpg	NOKEY	MAX	NOKEY
1447790273387	0	lts_1117L_32_01	32	01	0	404	0	0	0	CR	MAX	pretzelsticks.jpg	pretzelsticks.jpg	NOKEY	MAX	NOKEY
1447790276463	0	lts_1117L_32_01	32	01	0	405	0	0	0	CR	MAX	ATAMBOURI.jpg	ATAMBOURI.jpg	NOKEY	MAX	NOKEY
1447790277616	0	lts_1117L_32_01	32	01	0	406	16	1	1	Hit	678	16-1/Aopenbriefcas.jpg	Aopenbriefcas.jpg	SPACE	719	SPACE
1447790280692	0	lts_1117L_32_01	32	01	0	407	0	0	0	CR	MAX	Acandycanesin.jpg	Acandycanesin.jpg	NOKEY	MAX	NOKEY
1447790283768	0	lts_1117L_32_01	32	01	0	408	128	1	0	Miss	MAX	128-0/22869624.thl.jpg	22869624.thl.jpg	NOKEY	MAX	SPACE
1447790286844	0	lts_1117L_32_01	32	01	0	409	0	0	0	CR	MAX	4/8079958.thl.jpg	8079958.thl.jpg	NOKEY	MAX	NOKEY
1447790289937	0	lts_1117L_32_01	32	01	0	410	0	0	0	CR	MAX	makeupcrayon.jpg	makeupcrayon.jpg	NOKEY	MAX	NOKEY
1447790290974	0	lts_1117L_32_01	32	01	0	411	16	1	1	Hit	566	16-first/ACHEESEB3.jpg	ACHEESEB3.jpg	SPACE	602	SPACE
1447790294051	0	lts_1117L_32_01	32	01	0	412	0	0	0	CR	MAX	ABUFFALO.jpg	ABUFFALO.jpg	NOKEY	MAX	NOKEY
1447790295104	0	lts_1117L_32_01	32	01	0	413	4	1	1	Hit	567	4-3/8079958.thl.jpg	8079958.thl.jpg	SPACE	618	SPACE
1447790298180	0	lts_1117L_32_01	32	01	0	414	0	0	0	CR	MAX	4/ACLOGOPE3.jpg	ACLOGOPE3.jpg	NOKEY	MAX	NOKEY
1447790299266	0	lts_1117L_32_01	32	01	0	415	4	1	1	Hit	602	4-mul/ACHEESEB3.jpg	ACHEESEB3.jpg	SPACE	652	SPACE
1447790302342	0	lts_1117L_32_01	32	01	0	416	0	0	0	CR	MAX	ARECEIPT.jpg	ARECEIPT.jpg	NOKEY	MAX	NOKEY
1447790305418	0	lts_1117L_32_01	32	01	0	417	0	0	0	CR	MAX	Adaisies3.jpg	Adaisies3.jpg	NOKEY	MAX	NOKEY
1447790306404	0	lts_1117L_32_01	32	01	0	418	4	1	1	Hit	510	4-10/ACLOGOPE3.jpg	ACLOGOPE3.jpg	SPACE	552	SPACE
1447790309480	0	lts_1117L_32_01	32	01	0	419	0	0	0	CR	MAX	Hammock.jpg	Hammock.jpg	NOKEY	MAX	NOKEY
1447790310500	0	lts_1117L_32_01	32	01	0	420	32	1	1	Hit	542	32-6/Acamerabag.jpg	Acamerabag.jpg	SPACE	586	SPACE
1447790313576	0	lts_1117L_32_01	32	01	0	421	0	0	0	CR	MAX	AHEDGEHOG.jpg	AHEDGEHOG.jpg	NOKEY	MAX	NOKEY
1447790316652	0	lts_1117L_32_01	32	01	0	422	0	0	0	CR	MAX	8029214.thl.jpg	8029214.thl.jpg	NOKEY	MAX	NOKEY
1447790319728	0	lts_1117L_32_01	32	01	0	423	0	0	0	CR	MAX	4/26687931.thl.jpg	26687931.thl.jpg	NOKEY	MAX	NOKEY
1447790322821	0	lts_1117L_32_01	32	01	0	424	0	0	0	CR	MAX	ASNBRD2.jpg	ASNBRD2.jpg	NOKEY	MAX	NOKEY
1447790325897	0	lts_1117L_32_01	32	01	0	425	0	0	0	CR	MAX	4/AOTOSCOP5.jpg	AOTOSCOP5.jpg	NOKEY	MAX	NOKEY
1447790328973	0	lts_1117L_32_01	32	01	0	426	0	0	0	CR	MAX	8055181.thl.jpg	8055181.thl.jpg	NOKEY	MAX	NOKEY
1447790330061	0	lts_1117L_32_01	32	01	0	427	4	1	1	Hit	608	4-7/26687931.thl.jpg	26687931.thl.jpg	SPACE	652	SPACE
1447790333137	0	lts_1117L_32_01	32	01	0	428	0	0	0	CR	MAX	ANUTS2.jpg	ANUTS2.jpg	NOKEY	MAX	NOKEY
1447790336212	0	lts_1117L_32_01	32	01	0	429	4	1	0	Miss	MAX	4-2/AOTOSCOP5.jpg	AOTOSCOP5.jpg	NOKEY	MAX	SPACE
1447790339288	0	lts_1117L_32_01	32	01	0	430	0	0	0	CR	MAX	2/26423465.thl.jpg	26423465.thl.jpg	NOKEY	MAX	NOKEY
1447790342364	0	lts_1117L_32_01	32	01	0	431	0	0	0	CR	MAX	ACHERRY.jpg	ACHERRY.jpg	NOKEY	MAX	NOKEY
1447790343384	0	lts_1117L_32_01	32	01	0	432	2	1	1	Hit	551	2-3/26423465.thl.jpg	26423465.thl.jpg	SPACE	585	SPACE
1447790346460	0	lts_1117L_32_01	32	01	0	433	0	0	0	CR	MAX	Aintercom6.jpg	Aintercom6.jpg	NOKEY	MAX	NOKEY
1447790349536	0	lts_1117L_32_01	32	01	0	434	64	1	0	Miss	MAX	64-first/Apocketwatch.jpg	Apocketwatch.jpg	NOKEY	MAX	SPACE
1447790352612	0	lts_1117L_32_01	32	01	0	435	0	0	0	CR	MAX	1/Aavocado7.jpg	Aavocado7.jpg	NOKEY	MAX	NOKEY
1447790353548	0	lts_1117L_32_01	32	01	0	436	1	1	1	Hit	464	1-4/Aavocado7.jpg	Aavocado7.jpg	SPACE	502	SPACE
1447790356624	0	lts_1117L_32_01	32	01	0	437	0	0	0	CR	MAX	Aclowguit.jpg	Aclowguit.jpg	NOKEY	MAX	NOKEY
1447790357594	0	lts_1117L_32_01	32	01	0	438	4	1	1	Hit	501	4-mul/Apocketwatch.jpg	Apocketwatch.jpg	SPACE	536	SPACE
1447790360670	0	lts_1117L_32_01	32	01	0	439	0	0	0	CR	MAX	eraserbrush.jpg	eraserbrush.jpg	NOKEY	MAX	NOKEY
1447790361773	0	lts_1117L_32_01	32	01	0	440	128	1	1	Hit	632	128-2/26442809.thl.jpg	26442809.thl.jpg	SPACE	668	SPACE
1447790364849	0	lts_1117L_32_01	32	01	0	441	0	0	0	CR	MAX	26443034.thl.jpg	26443034.thl.jpg	NOKEY	MAX	NOKEY
1447790367926	0	lts_1117L_32_01	32	01	0	442	0	0	0	CR	MAX	2/Acandlesnuffe.jpg	Acandlesnuffe.jpg	NOKEY	MAX	NOKEY
1447790371019	0	lts_1117L_32_01	32	01	0	443	0	0	0	CR	MAX	snail.jpg	snail.jpg	NOKEY	MAX	NOKEY
1447790372089	0	lts_1117L_32_01	32	01	0	444	2	1	1	Hit	588	2-12/Acandlesnuffe.jpg	Acandlesnuffe.jpg	SPACE	634	SPACE
1447790375165	0	lts_1117L_32_01	32	01	0	445	0	0	0	CR	MAX	ACURLINGI.jpg	ACURLINGI.jpg	NOKEY	MAX	NOKEY
1447790378240	0	lts_1117L_32_01	32	01	0	446	0	0	0	CR	MAX	ABEARIN12.jpg	ABEARIN12.jpg	NOKEY	MAX	NOKEY
1447790381316	0	lts_1117L_32_01	32	01	0	447	0	0	0	CR	MAX	AMIXER.jpg	AMIXER.jpg	NOKEY	MAX	NOKEY
1447790384392	0	lts_1117L_32_01	32	01	0	448	0	0	0	CR	MAX	22856988.thl.jpg	22856988.thl.jpg	NOKEY	MAX	NOKEY
1447790387469	0	lts_1117L_32_01	32	01	0	449	0	0	0	CR	MAX	22855404.thl.jpg	22855404.thl.jpg	NOKEY	MAX	NOKEY
1447790408099	0	lts_1117L_32_01	32	01	1	0	0	0	0	CR	MAX	26465344.thl.jpg	26465344.thl.jpg	NOKEY	MAX	NOKEY
1447790411175	0	lts_1117L_32_01	32	01	1	1	0	0	0	CR	MAX	strawberrytart.jpg	strawberrytart.jpg	NOKEY	MAX	NOKEY
1447790414250	0	lts_1117L_32_01	32	01	1	2	0	0	0	CR	MAX	1/Acompass18.jpg	Acompass18.jpg	NOKEY	MAX	NOKEY
1447790415137	0	lts_1117L_32_01	32	01	1	3	1	1	1	Hit	409	1-3/Acompass18.jpg	Acompass18.jpg	SPACE	451	SPACE
1447790418213	0	lts_1117L_32_01	32	01	1	4	0	0	0	CR	MAX	2/ABREAD.jpg	ABREAD.jpg	NOKEY	MAX	NOKEY
1447790421289	0	lts_1117L_32_01	32	01	1	5	0	0	0	CR	MAX	mixer.jpg	mixer.jpg	NOKEY	MAX	NOKEY
1447790422242	0	lts_1117L_32_01	32	01	1	6	2	1	1	Hit	478	2-9/ABREAD.jpg	ABREAD.jpg	SPACE	518	SPACE
1447790425318	0	lts_1117L_32_01	32	01	1	7	0	0	0	CR	MAX	8/Ajewisho2.jpg	Ajewisho2.jpg	NOKEY	MAX	NOKEY
1447790428394	0	lts_1117L_32_01	32	01	1	8	0	0	0	CR	MAX	ADEEPFRYS.jpg	ADEEPFRYS.jpg	NOKEY	MAX	NOKEY
1447790429397	0	lts_1117L_32_01	32	01	1	9	00	1	1	Hit	534	00-across/Alipstick3.jpg	Alipstick3.jpg	SPACE	569	SPACE
1447790432473	0	lts_1117L_32_01	32	01	1	10	0	0	0	CR	MAX	Aadjustablec2.jpg	Aadjustablec2.jpg	NOKEY	MAX	NOKEY
1447790435549	0	lts_1117L_32_01	32	01	1	11	0	0	0	CR	MAX	2/ACUTLERYB.jpg	ACUTLERYB.jpg	NOKEY	MAX	NOKEY
1447790438625	0	lts_1117L_32_01	32	01	1	12	0	0	0	CR	MAX	26426575.thl.jpg	26426575.thl.jpg	NOKEY	MAX	NOKEY
1447790439645	0	lts_1117L_32_01	32	01	1	13	2	1	1	Hit	538	2-4/ACUTLERYB.jpg	ACUTLERYB.jpg	SPACE	585	SPACE
1447790442721	0	lts_1117L_32_01	32	01	1	14	0	0	0	CR	MAX	22856172.thl.jpg	22856172.thl.jpg	NOKEY	MAX	NOKEY
1447790443991	0	lts_1117L_32_01	32	01	1	15	8	1	1	Hit	792	8-0/Ajewisho2.jpg	Ajewisho2.jpg	SPACE	836	SPACE
1447790447068	0	lts_1117L_32_01	32	01	1	16	0	0	0	CR	MAX	bait04.jpg	bait04.jpg	NOKEY	MAX	NOKEY
1447790450161	0	lts_1117L_32_01	32	01	1	17	0	0	0	CR	MAX	8/barssport.jpg	barssport.jpg	NOKEY	MAX	NOKEY
1447790453236	0	lts_1117L_32_01	32	01	1	18	0	0	0	CR	MAX	4/Aglass33.jpg	Aglass33.jpg	NOKEY	MAX	NOKEY
1447790456312	0	lts_1117L_32_01	32	01	1	19	0	0	0	CR	MAX	16/Aoutdoorprop3.jpg	Aoutdoorprop3.jpg	NOKEY	MAX	NOKEY
1447790459388	0	lts_1117L_32_01	32	01	1	20	0	0	0	CR	MAX	AHONEY.jpg	AHONEY.jpg	NOKEY	MAX	NOKEY
1447790462464	0	lts_1117L_32_01	32	01	1	21	0	0	0	CR	MAX	Ahandbag50.jpg	Ahandbag50.jpg	NOKEY	MAX	NOKEY
1447790465540	0	lts_1117L_32_01	32	01	1	22	4	1	0	Miss	MAX	4-6/Aglass33.jpg	Aglass33.jpg	NOKEY	MAX	SPACE
1447790468617	0	lts_1117L_32_01	32	01	1	23	0	0	0	CR	MAX	16/22866972.thl.jpg	22866972.thl.jpg	NOKEY	MAX	NOKEY
1447790471709	0	lts_1117L_32_01	32	01	1	24	0	0	0	CR	MAX	Ascroll7.jpg	Ascroll7.jpg	NOKEY	MAX	NOKEY
1447790472696	0	lts_1117L_32_01	32	01	1	25	8	1	1	Hit	502	8-first/barssport.jpg	barssport.jpg	SPACE	551	SPACE
1447790475772	0	lts_1117L_32_01	32	01	1	26	0	0	0	CR	MAX	Alighthouse6.jpg	Alighthouse6.jpg	NOKEY	MAX	NOKEY
1447790476741	0	lts_1117L_32_01	32	01	1	27	2	1	1	Hit	497	2-mul/barssport.jpg	barssport.jpg	SPACE	535	SPACE
1447790479817	0	lts_1117L_32_01	32	01	1	28	0	0	0	CR	MAX	ABROOM11.jpg	ABROOM11.jpg	NOKEY	MAX	NOKEY
1447790482894	0	lts_1117L_32_01	32	01	1	29	0	0	0	CR	MAX	ASPARKER2.jpg	ASPARKER2.jpg	NOKEY	MAX	NOKEY
1447790485970	0	lts_1117L_32_01	32	01	1	30	0	0	0	CR	MAX	Acocktailumb4.jpg	Acocktailumb4.jpg	NOKEY	MAX	NOKEY
1447790489080	0	lts_1117L_32_01	32	01	1	31	0	0	0	CR	MAX	16/26451219.thl.jpg	26451219.thl.jpg	NOKEY	MAX	NOKEY
1447790492156	0	lts_1117L_32_01	32	01	1	32	0	0	0	CR	MAX	64/8026164.thl.jpg	8026164.thl.jpg	NOKEY	MAX	NOKEY
1447790495231	0	lts_1117L_32_01	32	01	1	33	0	0	0	CR	MAX	Acompass20.jpg	Acompass20.jpg	NOKEY	MAX	NOKEY
1447790498307	0	lts_1117L_32_01	32	01	1	34	0	0	0	CR	MAX	AALIEN.jpg	AALIEN.jpg	NOKEY	MAX	NOKEY
1447790501383	0	lts_1117L_32_01	32	01	1	35	16	1	0	Miss	MAX	16-first/Aoutdoorprop3.jpg	Aoutdoorprop3.jpg	NOKEY	MAX	SPACE
1447790504476	0	lts_1117L_32_01	32	01	1	36	0	0	0	CR	MAX	32/Astereo30.jpg	Astereo30.jpg	NOKEY	MAX	NOKEY
1447790505513	0	lts_1117L_32_01	32	01	1	37	2	1	1	Hit	543	2-mul/Aoutdoorprop3.jpg	Aoutdoorprop3.jpg	SPACE	586	SPACE
1447790508589	0	lts_1117L_32_01	32	01	1	38	0	0	0	CR	MAX	26427910.thl.jpg	26427910.thl.jpg	NOKEY	MAX	NOKEY
1447790509725	0	lts_1117L_32_01	32	01	1	39	16	1	1	Hit	658	16-first/22866972.thl.jpg	22866972.thl.jpg	SPACE	702	SPACE
1447790512802	0	lts_1117L_32_01	32	01	1	40	0	0	0	CR	MAX	AARROWS2.jpg	AARROWS2.jpg	NOKEY	MAX	NOKEY
1447790515878	0	lts_1117L_32_01	32	01	1	41	0	0	0	CR	MAX	Afoodproces22.jpg	Afoodproces22.jpg	NOKEY	MAX	NOKEY
1447790518954	0	lts_1117L_32_01	32	01	1	42	0	0	0	CR	MAX	ABIRDCAG2.jpg	ABIRDCAG2.jpg	NOKEY	MAX	NOKEY
1447790519940	0	lts_1117L_32_01	32	01	1	43	4	1	1	Hit	514	4-mul/22866972.thl.jpg	22866972.thl.jpg	SPACE	552	SPACE
1447790523017	0	lts_1117L_32_01	32	01	1	44	0	0	0	CR	MAX	ACAMPSTO7.jpg	ACAMPSTO7.jpg	NOKEY	MAX	NOKEY
1447790526093	0	lts_1117L_32_01	32	01	1	45	0	0	0	CR	MAX	ASCALE30.jpg	ASCALE30.jpg	NOKEY	MAX	NOKEY
1447790529169	0	lts_1117L_32_01	32	01	1	46	0	0	0	CR	MAX	Amagnifyinglo.jpg	Amagnifyinglo.jpg	NOKEY	MAX	NOKEY
1447790530355	0	lts_1117L_32_01	32	01	1	47	16	1	1	Hit	710	16-first/26451219.thl.jpg	26451219.thl.jpg	SPACE	751	SPACE
1447790533431	0	lts_1117L_32_01	32	01	1	48	0	0	0	CR	MAX	26423652.thl.jpg	26423652.thl.jpg	NOKEY	MAX	NOKEY
1447790536507	0	lts_1117L_32_01	32	01	1	49	0	0	0	CR	MAX	8018499.thl.jpg	8018499.thl.jpg	NOKEY	MAX	NOKEY
1447790539583	0	lts_1117L_32_01	32	01	1	50	0	0	0	CR	MAX	16/26374055.thl.jpg	26374055.thl.jpg	NOKEY	MAX	NOKEY
1447790540586	0	lts_1117L_32_01	32	01	1	51	4	1	1	Hit	525	4-mul/26451219.thl.jpg	26451219.thl.jpg	SPACE	569	SPACE
1447790543662	0	lts_1117L_32_01	32	01	1	52	0	0	0	CR	MAX	AWOODST11.jpg	AWOODST11.jpg	NOKEY	MAX	NOKEY
1447790546739	0	lts_1117L_32_01	32	01	1	53	0	0	0	CR	MAX	2/Abrownbagwith.jpg	Abrownbagwith.jpg	NOKEY	MAX	NOKEY
1447790549815	0	lts_1117L_32_01	32	01	1	54	0	0	0	CR	MAX	ATRIUMPH3.jpg	ATRIUMPH3.jpg	NOKEY	MAX	NOKEY
1447790550818	0	lts_1117L_32_01	32	01	1	55	2	1	1	Hit	529	2-6/Abrownbagwith.jpg	Abrownbagwith.jpg	SPACE	569	SPACE
1447790553894	0	lts_1117L_32_01	32	01	1	56	0	0	0	CR	MAX	16/AHALLOWE3.jpg	AHALLOWE3.jpg	NOKEY	MAX	NOKEY
1447790556970	0	lts_1117L_32_01	32	01	1	57	0	0	0	CR	MAX	2/Alintbrush2.jpg	Alintbrush2.jpg	NOKEY	MAX	NOKEY
1447790560047	0	lts_1117L_32_01	32	01	1	58	0	0	0	CR	MAX	26374787.thl.jpg	26374787.thl.jpg	NOKEY	MAX	NOKEY
1447790563123	0	lts_1117L_32_01	32	01	1	59	2	1	0	Miss	MAX	2-12/Alintbrush2.jpg	Alintbrush2.jpg	NOKEY	MAX	SPACE
1447790566215	0	lts_1117L_32_01	32	01	1	60	0	0	0	CR	MAX	DSCN3757-sm.jpg	DSCN3757-sm.jpg	NOKEY	MAX	NOKEY
1447790569291	0	lts_1117L_32_01	32	01	1	61	0	0	0	CR	MAX	32/Asewingpins.jpg	Asewingpins.jpg	NOKEY	MAX	NOKEY
1447790572367	0	lts_1117L_32_01	32	01	1	62	0	0	0	CR	MAX	AFRENCHF2.jpg	AFRENCHF2.jpg	NOKEY	MAX	NOKEY
1447790575460	0	lts_1117L_32_01	32	01	1	63	00	1	0	Miss	MAX	00-across/APUMPKI35.jpg	APUMPKI35.jpg	NOKEY	MAX	SPACE
1447790578552	0	lts_1117L_32_01	32	01	1	64	0	0	0	CR	MAX	ANAPKIN4.jpg	ANAPKIN4.jpg	NOKEY	MAX	NOKEY
1447790581629	0	lts_1117L_32_01	32	01	1	65	0	0	0	CR	MAX	ACOWCREAM.jpg	ACOWCREAM.jpg	NOKEY	MAX	NOKEY
1447790582715	0	lts_1117L_32_01	32	01	1	66	16	1	1	Hit	610	16-0/26374055.thl.jpg	26374055.thl.jpg	SPACE	652	SPACE
1447790585791	0	lts_1117L_32_01	32	01	1	67	0	0	0	CR	MAX	Abutterchurn5.jpg	Abutterchurn5.jpg	NOKEY	MAX	NOKEY
1447790588867	0	lts_1117L_32_01	32	01	1	68	32	1	0	Miss	MAX	32-1/Astereo30.jpg	Astereo30.jpg	NOKEY	MAX	SPACE
1447790591960	0	lts_1117L_32_01	32	01	1	69	0	0	0	CR	MAX	26373735.thl.jpg	26373735.thl.jpg	NOKEY	MAX	NOKEY
1447790595037	0	lts_1117L_32_01	32	01	1	70	0	0	0	CR	MAX	oignonrings.jpg	oignonrings.jpg	NOKEY	MAX	NOKEY
1447790598113	0	lts_1117L_32_01	32	01	1	71	0	0	0	CR	MAX	ADRUM12.jpg	ADRUM12.jpg	NOKEY	MAX	NOKEY
1447790599249	0	lts_1117L_32_01	32	01	1	72	16	1	1	Hit	659	16-first/AHALLOWE3.jpg	AHALLOWE3.jpg	SPACE	701	SPACE
1447790602325	0	lts_1117L_32_01	32	01	1	73	0	0	0	CR	MAX	AWISHWELL.jpg	AWISHWELL.jpg	NOKEY	MAX	NOKEY
1447790605401	0	lts_1117L_32_01	32	01	1	74	0	0	0	CR	MAX	Astaircase.jpg	Astaircase.jpg	NOKEY	MAX	NOKEY
1447790608477	0	lts_1117L_32_01	32	01	1	75	0	0	0	CR	MAX	Aancientston3.jpg	Aancientston3.jpg	NOKEY	MAX	NOKEY
1447790609547	0	lts_1117L_32_01	32	01	1	76	00	1	1	Hit	592	00-across/8079958.thl.jpg	8079958.thl.jpg	SPACE	636	SPACE
1447790612623	0	lts_1117L_32_01	32	01	1	77	0	0	0	CR	MAX	4/airhocckytable.jpg	airhocckytable.jpg	NOKEY	MAX	NOKEY
1447790615699	0	lts_1117L_32_01	32	01	1	78	0	0	0	CR	MAX	8022057.thl.jpg	8022057.thl.jpg	NOKEY	MAX	NOKEY
1447790618775	0	lts_1117L_32_01	32	01	1	79	0	0	0	CR	MAX	Azebra8.jpg	Azebra8.jpg	NOKEY	MAX	NOKEY
1447790621851	0	lts_1117L_32_01	32	01	1	80	0	0	0	CR	MAX	ADRUMSET3.jpg	ADRUMSET3.jpg	NOKEY	MAX	NOKEY
1447790622905	0	lts_1117L_32_01	32	01	1	81	4	1	1	Hit	573	4-8/airhocckytable.jpg	airhocckytable.jpg	SPACE	618	SPACE
1447790625981	0	lts_1117L_32_01	32	01	1	82	0	0	0	CR	MAX	ANEWSBOX4.jpg	ANEWSBOX4.jpg	NOKEY	MAX	NOKEY
1447790629075	0	lts_1117L_32_01	32	01	1	83	0	0	0	CR	MAX	vendingmachine.jpg	vendingmachine.jpg	NOKEY	MAX	NOKEY
1447790632151	0	lts_1117L_32_01	32	01	1	84	0	0	0	CR	MAX	AAIRPORTC.jpg	AAIRPORTC.jpg	NOKEY	MAX	NOKEY
1447790635226	0	lts_1117L_32_01	32	01	1	85	0	0	0	CR	MAX	23014927.thl.jpg	23014927.thl.jpg	NOKEY	MAX	NOKEY
1447790638302	0	lts_1117L_32_01	32	01	1	86	0	0	0	CR	MAX	ABARREL3.jpg	ABARREL3.jpg	NOKEY	MAX	NOKEY
1447790641378	0	lts_1117L_32_01	32	01	1	87	0	0	0	CR	MAX	Asandgarden.jpg	Asandgarden.jpg	NOKEY	MAX	NOKEY
1447790642331	0	lts_1117L_32_01	32	01	1	88	16	1	1	Hit	481	16-mul/AHALLOWE3.jpg	AHALLOWE3.jpg	SPACE	519	SPACE
1447790645407	0	lts_1117L_32_01	32	01	1	89	0	0	0	CR	MAX	ABAROMET2.jpg	ABAROMET2.jpg	NOKEY	MAX	NOKEY
1447790648483	0	lts_1117L_32_01	32	01	1	90	0	0	0	CR	MAX	26423175.thl.jpg	26423175.thl.jpg	NOKEY	MAX	NOKEY
1447790651559	0	lts_1117L_32_01	32	01	1	91	0	0	0	CR	MAX	Acableandacce.jpg	Acableandacce.jpg	NOKEY	MAX	NOKEY
1447790654635	0	lts_1117L_32_01	32	01	1	92	0	0	0	CR	MAX	pinkhoodie.jpg	pinkhoodie.jpg	NOKEY	MAX	NOKEY
1447790655722	0	lts_1117L_32_01	32	01	1	93	32	1	1	Hit	607	32-4/Asewingpins.jpg	Asewingpins.jpg	SPACE	652	SPACE
1447790658814	0	lts_1117L_32_01	32	01	1	94	0	0	0	CR	MAX	Acalligraphy2.jpg	Acalligraphy2.jpg	NOKEY	MAX	NOKEY
1447790661890	0	lts_1117L_32_01	32	01	1	95	0	0	0	CR	MAX	blueberriespack.jpg	blueberriespack.jpg	NOKEY	MAX	NOKEY
1447790663362	0	lts_1117L_32_01	32	01	1	96	64	1	1	Hit	1002	64-first/8026164.thl.jpg	8026164.thl.jpg	SPACE	1036	SPACE
1447790666438	0	lts_1117L_32_01	32	01	1	97	0	0	0	CR	MAX	Awindtoy5.jpg	Awindtoy5.jpg	NOKEY	MAX	NOKEY
1447790669514	0	lts_1117L_32_01	32	01	1	98	0	0	0	CR	MAX	chocolatbox.jpg	chocolatbox.jpg	NOKEY	MAX	NOKEY
1447790672607	0	lts_1117L_32_01	32	01	1	99	0	0	0	CR	MAX	gondola.jpg	gondola.jpg	NOKEY	MAX	NOKEY
1447790673626	0	lts_1117L_32_01	32	01	1	100	4	1	1	Hit	550	4-mul/8026164.thl.jpg	8026164.thl.jpg	SPACE	585	SPACE
1447790676702	0	lts_1117L_32_01	32	01	1	101	0	0	0	CR	MAX	4/Aclock213.jpg	Aclock213.jpg	NOKEY	MAX	NOKEY
1447790678024	0	lts_1117L_32_01	32	01	1	102	00	1	1	Hit	841	00-across/ASWANWHIT.jpg	ASWANWHIT.jpg	SPACE	886	SPACE
1447790681100	0	lts_1117L_32_01	32	01	1	103	0	0	0	CR	MAX	8/26439504.thl.jpg	26439504.thl.jpg	NOKEY	MAX	NOKEY
1447790684176	0	lts_1117L_32_01	32	01	1	104	0	0	0	CR	MAX	ATRICKTR2.jpg	ATRICKTR2.jpg	NOKEY	MAX	NOKEY
1447790685228	0	lts_1117L_32_01	32	01	1	105	4	1	1	Hit	574	4-11/Aclock213.jpg	Aclock213.jpg	SPACE	618	SPACE
1447790688321	0	lts_1117L_32_01	32	01	1	106	0	0	0	CR	MAX	Alanter59.jpg	Alanter59.jpg	NOKEY	MAX	NOKEY
1447790691397	0	lts_1117L_32_01	32	01	1	107	0	0	0	CR	MAX	AOVENMIT5.jpg	AOVENMIT5.jpg	NOKEY	MAX	NOKEY
1447790694473	0	lts_1117L_32_01	32	01	1	108	0	0	0	CR	MAX	32/AANTSTOV6.jpg	AANTSTOV6.jpg	NOKEY	MAX	NOKEY
1447790695627	0	lts_1117L_32_01	32	01	1	109	00	1	1	Hit	681	00-across/AAEROBENC.jpg	AAEROBENC.jpg	SPACE	719	SPACE
1447790698703	0	lts_1117L_32_01	32	01	1	110	0	0	0	CR	MAX	ALIONWALK.jpg	ALIONWALK.jpg	NOKEY	MAX	NOKEY
1447790699739	0	lts_1117L_32_01	32	01	1	111	8	1	1	Hit	553	8-first/26439504.thl.jpg	26439504.thl.jpg	SPACE	602	SPACE
1447790702832	0	lts_1117L_32_01	32	01	1	112	0	0	0	CR	MAX	Amilkcrate2.jpg	Amilkcrate2.jpg	NOKEY	MAX	NOKEY
1447790705908	0	lts_1117L_32_01	32	01	1	113	0	0	0	CR	MAX	gymbench.jpg	gymbench.jpg	NOKEY	MAX	NOKEY
1447790708984	0	lts_1117L_32_01	32	01	1	114	0	0	0	CR	MAX	10049464.thl.jpg	10049464.thl.jpg	NOKEY	MAX	NOKEY
1447790710255	0	lts_1117L_32_01	32	01	1	115	4	1	1	Hit	800	4-mul/26439504.thl.jpg	26439504.thl.jpg	SPACE	835	SPACE
1447790713331	0	lts_1117L_32_01	32	01	1	116	0	0	0	CR	MAX	Acreamer35.jpg	Acreamer35.jpg	NOKEY	MAX	NOKEY
1447790716407	0	lts_1117L_32_01	32	01	1	117	0	0	0	CR	MAX	AMOUSETOY.jpg	AMOUSETOY.jpg	NOKEY	MAX	NOKEY
1447790719483	0	lts_1117L_32_01	32	01	1	118	0	0	0	CR	MAX	AACORN2.jpg	AACORN2.jpg	NOKEY	MAX	NOKEY
1447790722559	0	lts_1117L_32_01	32	01	1	119	0	0	0	CR	MAX	2/Awomensshoe4.jpg	Awomensshoe4.jpg	NOKEY	MAX	NOKEY
1447790725635	0	lts_1117L_32_01	32	01	1	120	0	0	0	CR	MAX	4/clawhairclips.jpg	clawhairclips.jpg	NOKEY	MAX	NOKEY
1447790726722	0	lts_1117L_32_01	32	01	1	121	2	1	1	Hit	608	2-8/Awomensshoe4.jpg	Awomensshoe4.jpg	SPACE	652	SPACE
1447790729798	0	lts_1117L_32_01	32	01	1	122	0	0	0	CR	MAX	Aflower104.jpg	Aflower104.jpg	NOKEY	MAX	NOKEY
1447790732874	0	lts_1117L_32_01	32	01	1	123	0	0	0	CR	MAX	APLATE17.jpg	APLATE17.jpg	NOKEY	MAX	NOKEY
1447790733877	0	lts_1117L_32_01	32	01	1	124	4	1	1	Hit	528	4-0/clawhairclips.jpg	clawhairclips.jpg	SPACE	568	SPACE
1447790736953	0	lts_1117L_32_01	32	01	1	125	0	0	0	CR	MAX	AAPPCOVE2.jpg	AAPPCOVE2.jpg	NOKEY	MAX	NOKEY
1447790740030	0	lts_1117L_32_01	32	01	1	126	0	0	0	CR	MAX	ABROOCH41.jpg	ABROOCH41.jpg	NOKEY	MAX	NOKEY
1447790743123	0	lts_1117L_32_01	32	01	1	127	0	0	0	CR	MAX	128/Awoodplaner2.jpg	Awoodplaner2.jpg	NOKEY	MAX	NOKEY
1447790746198	0	lts_1117L_32_01	32	01	1	128	0	0	0	CR	MAX	Abuilding5.jpg	Abuilding5.jpg	NOKEY	MAX	NOKEY
1447790747135	0	lts_1117L_32_01	32	01	1	129	00	1	1	Hit	464	00-across/8079958.thl.jpg	8079958.thl.jpg	SPACE	501	SPACE
1447790750210	0	lts_1117L_32_01	32	01	1	130	0	0	0	CR	MAX	2/AOSTRICH2.jpg	AOSTRICH2.jpg	NOKEY	MAX	NOKEY
1447790753286	0	lts_1117L_32_01	32	01	1	131	0	0	0	CR	MAX	Agarbagebag.jpg	Agarbagebag.jpg	NOKEY	MAX	NOKEY
1447790754256	0	lts_1117L_32_01	32	01	1	132	2	1	1	Hit	489	2-10/AOSTRICH2.jpg	AOSTRICH2.jpg	SPACE	535	SPACE
1447790757332	0	lts_1117L_32_01	32	01	1	133	0	0	0	CR	MAX	64/ACAMPFIRE.jpg	ACAMPFIRE.jpg	NOKEY	MAX	NOKEY
1447790760408	0	lts_1117L_32_01	32	01	1	134	0	0	0	CR	MAX	4/stone.jpg	stone.jpg	NOKEY	MAX	NOKEY
1447790763484	0	lts_1117L_32_01	32	01	1	135	0	0	0	CR	MAX	AMAKEUPMI.jpg	AMAKEUPMI.jpg	NOKEY	MAX	NOKEY
1447790766577	0	lts_1117L_32_01	32	01	1	136	0	0	0	CR	MAX	AOLIVE.jpg	AOLIVE.jpg	NOKEY	MAX	NOKEY
1447790769653	0	lts_1117L_32_01	32	01	1	137	0	0	0	CR	MAX	AFLOURBA2.jpg	AFLOURBA2.jpg	NOKEY	MAX	NOKEY
1447790770740	0	lts_1117L_32_01	32	01	1	138	4	1	1	Hit	603	4-12/stone.jpg	stone.jpg	SPACE	653	SPACE
1447790773816	0	lts_1117L_32_01	32	01	1	139	0	0	0	CR	MAX	moneyslotmachine.jpg	moneyslotmachine.jpg	NOKEY	MAX	NOKEY
1447790774969	0	lts_1117L_32_01	32	01	1	140	32	1	1	Hit	682	32-2/AANTSTOV6.jpg	AANTSTOV6.jpg	SPACE	719	SPACE
1447790778046	0	lts_1117L_32_01	32	01	1	141	0	0	0	CR	MAX	32/26423477.thl.jpg	26423477.thl.jpg	NOKEY	MAX	NOKEY
1447790779183	0	lts_1117L_32_01	32	01	1	142	00	1	1	Hit	653	00-across/AMOUSWHEE.jpg	AMOUSWHEE.jpg	SPACE	701	SPACE
1447790782258	0	lts_1117L_32_01	32	01	1	143	0	0	0	CR	MAX	26421536.thl.jpg	26421536.thl.jpg	NOKEY	MAX	NOKEY
1447790785334	0	lts_1117L_32_01	32	01	1	144	0	0	0	CR	MAX	64/Asword138.jpg	Asword138.jpg	NOKEY	MAX	NOKEY
1447790788410	0	lts_1117L_32_01	32	01	1	145	0	0	0	CR	MAX	26429137.thl.jpg	26429137.thl.jpg	NOKEY	MAX	NOKEY
1447790791486	0	lts_1117L_32_01	32	01	1	146	0	0	0	CR	MAX	AVIOLINCO.jpg	AVIOLINCO.jpg	NOKEY	MAX	NOKEY
1447790792556	0	lts_1117L_32_01	32	01	1	147	00	1	1	Hit	592	00-across/champagnbottles.jpg	champagnbottles.jpg	SPACE	636	SPACE
1447790795632	0	lts_1117L_32_01	32	01	1	148	0	0	0	CR	MAX	26391079.thl.jpg	26391079.thl.jpg	NOKEY	MAX	NOKEY
1447790798708	0	lts_1117L_32_01	32	01	1	149	0	0	0	CR	MAX	64/Acheque.jpg	Acheque.jpg	NOKEY	MAX	NOKEY
1447790801801	0	lts_1117L_32_01	32	01	1	150	0	0	0	CR	MAX	26378986.thl.jpg	26378986.thl.jpg	NOKEY	MAX	NOKEY
1447790804877	0	lts_1117L_32_01	32	01	1	151	0	0	0	CR	MAX	8/8249141.thl.jpg	8249141.thl.jpg	NOKEY	MAX	NOKEY
1447790807953	0	lts_1117L_32_01	32	01	1	152	0	0	0	CR	MAX	4/Agraduationh2.jpg	Agraduationh2.jpg	NOKEY	MAX	NOKEY
1447790811030	0	lts_1117L_32_01	32	01	1	153	0	0	0	CR	MAX	1/Astonecarvin8.jpg	Astonecarvin8.jpg	NOKEY	MAX	NOKEY
1447790811982	0	lts_1117L_32_01	32	01	1	154	1	1	1	Hit	472	1-8/Astonecarvin8.jpg	Astonecarvin8.jpg	SPACE	517	SPACE
1447790815060	0	lts_1117L_32_01	32	01	1	155	0	0	0	CR	MAX	Aflatwoodenba.jpg	Aflatwoodenba.jpg	NOKEY	MAX	NOKEY
1447790816096	0	lts_1117L_32_01	32	01	1	156	4	1	1	Hit	556	4-1/Agraduationh2.jpg	Agraduationh2.jpg	SPACE	601	SPACE
1447790819172	0	lts_1117L_32_01	32	01	1	157	0	0	0	CR	MAX	8258244.thl.jpg	8258244.thl.jpg	NOKEY	MAX	NOKEY
1447790822247	0	lts_1117L_32_01	32	01	1	158	0	0	0	CR	MAX	Astamp23.jpg	Astamp23.jpg	NOKEY	MAX	NOKEY
1447790823250	0	lts_1117L_32_01	32	01	1	159	8	1	1	Hit	534	8-first/8249141.thl.jpg	8249141.thl.jpg	SPACE	568	SPACE
1447790826326	0	lts_1117L_32_01	32	01	1	160	0	0	0	CR	MAX	128/Afoodproces27.jpg	Afoodproces27.jpg	NOKEY	MAX	NOKEY
1447790829402	0	lts_1117L_32_01	32	01	1	161	0	0	0	CR	MAX	32/ATOOHOLDE.jpg	ATOOHOLDE.jpg	NOKEY	MAX	NOKEY
1447790832478	0	lts_1117L_32_01	32	01	1	162	0	0	0	CR	MAX	26427612.thl.jpg	26427612.thl.jpg	NOKEY	MAX	NOKEY
1447790833515	0	lts_1117L_32_01	32	01	1	163	4	1	1	Hit	555	4-mul/8249141.thl.jpg	8249141.thl.jpg	SPACE	603	SPACE
1447790836608	0	lts_1117L_32_01	32	01	1	164	0	0	0	CR	MAX	toypieces.jpg	toypieces.jpg	NOKEY	MAX	NOKEY
1447790839684	0	lts_1117L_32_01	32	01	1	165	0	0	0	CR	MAX	22827408.thl.jpg	22827408.thl.jpg	NOKEY	MAX	NOKEY
1447790842760	0	lts_1117L_32_01	32	01	1	166	0	0	0	CR	MAX	driedprune.jpg	driedprune.jpg	NOKEY	MAX	NOKEY
1447790845836	0	lts_1117L_32_01	32	01	1	167	0	0	0	CR	MAX	1/bathtowel.jpg	bathtowel.jpg	NOKEY	MAX	NOKEY
1447790846872	0	lts_1117L_32_01	32	01	1	168	1	1	1	Hit	559	1-14/bathtowel.jpg	bathtowel.jpg	SPACE	602	SPACE
1447790849948	0	lts_1117L_32_01	32	01	1	169	0	0	0	CR	MAX	ACURLER.jpg	ACURLER.jpg	NOKEY	MAX	NOKEY
1447790853025	0	lts_1117L_32_01	32	01	1	170	0	0	0	CR	MAX	1/AFRUIT3.jpg	AFRUIT3.jpg	NOKEY	MAX	NOKEY
1447790853961	0	lts_1117L_32_01	32	01	1	171	1	1	1	Hit	450	1-1/AFRUIT3.jpg	AFRUIT3.jpg	SPACE	500	SPACE
1447790857054	0	lts_1117L_32_01	32	01	1	172	0	0	0	CR	MAX	8/Awinecase.jpg	Awinecase.jpg	NOKEY	MAX	NOKEY
1447790858207	0	lts_1117L_32_01	32	01	1	173	32	1	1	Hit	678	32-9/26423477.thl.jpg	26423477.thl.jpg	SPACE	718	SPACE
1447790861283	0	lts_1117L_32_01	32	01	1	174	0	0	0	CR	MAX	oilbottleolive.jpg	oilbottleolive.jpg	NOKEY	MAX	NOKEY
1447790864359	0	lts_1117L_32_01	32	01	1	175	0	0	0	CR	MAX	AOLDBAT2.jpg	AOLDBAT2.jpg	NOKEY	MAX	NOKEY
1447790867435	0	lts_1117L_32_01	32	01	1	176	0	0	0	CR	MAX	Aantiquesofa4.jpg	Aantiquesofa4.jpg	NOKEY	MAX	NOKEY
1447790870511	0	lts_1117L_32_01	32	01	1	177	0	0	0	CR	MAX	8/ABRAIN3.jpg	ABRAIN3.jpg	NOKEY	MAX	NOKEY
1447790873587	0	lts_1117L_32_01	32	01	1	178	0	0	0	CR	MAX	64/26423873.thl.jpg	26423873.thl.jpg	NOKEY	MAX	NOKEY
1447790876663	0	lts_1117L_32_01	32	01	1	179	0	0	0	CR	MAX	AHUMIDIFI.jpg	AHUMIDIFI.jpg	NOKEY	MAX	NOKEY
1447790877683	0	lts_1117L_32_01	32	01	1	180	8	1	1	Hit	540	8-2/Awinecase.jpg	Awinecase.jpg	SPACE	585	SPACE
1447790880759	0	lts_1117L_32_01	32	01	1	181	0	0	0	CR	MAX	Acablelatch.jpg	Acablelatch.jpg	NOKEY	MAX	NOKEY
1447790883835	0	lts_1117L_32_01	32	01	1	182	0	0	0	CR	MAX	128/Atoy17.jpg	Atoy17.jpg	NOKEY	MAX	NOKEY
1447790886928	0	lts_1117L_32_01	32	01	1	183	0	0	0	CR	MAX	Ascale60.jpg	Ascale60.jpg	NOKEY	MAX	NOKEY
1447790890005	0	lts_1117L_32_01	32	01	1	184	0	0	0	CR	MAX	ARECORDSY.jpg	ARECORDSY.jpg	NOKEY	MAX	NOKEY
1447790891058	0	lts_1117L_32_01	32	01	1	185	8	1	1	Hit	570	8-first/ABRAIN3.jpg	ABRAIN3.jpg	SPACE	617	SPACE
1447790894134	0	lts_1117L_32_01	32	01	1	186	0	0	0	CR	MAX	1/handcomputerN.JPG	handcomputerN.JPG	NOKEY	MAX	NOKEY
1447790895054	0	lts_1117L_32_01	32	01	1	187	1	1	1	Hit	447	1-7/handcomputerN.JPG	handcomputerN.JPG	SPACE	484	SPACE
1447790898130	0	lts_1117L_32_01	32	01	1	188	0	0	0	CR	MAX	8254014.thl.jpg	8254014.thl.jpg	NOKEY	MAX	NOKEY
1447790899100	0	lts_1117L_32_01	32	01	1	189	4	1	1	Hit	499	4-mul/ABRAIN3.jpg	ABRAIN3.jpg	SPACE	534	SPACE
1447790902176	0	lts_1117L_32_01	32	01	1	190	0	0	0	CR	MAX	26432848.thl.jpg	26432848.thl.jpg	NOKEY	MAX	NOKEY
1447790905251	0	lts_1117L_32_01	32	01	1	191	0	0	0	CR	MAX	Aboardgame6.jpg	Aboardgame6.jpg	NOKEY	MAX	NOKEY
1447790908327	0	lts_1117L_32_01	32	01	1	192	0	0	0	CR	MAX	AEXERCBIK.jpg	AEXERCBIK.jpg	NOKEY	MAX	NOKEY
1447790911403	0	lts_1117L_32_01	32	01	1	193	32	1	0	Miss	MAX	32-6/ATOOHOLDE.jpg	ATOOHOLDE.jpg	NOKEY	MAX	SPACE
1447790914496	0	lts_1117L_32_01	32	01	1	194	0	0	0	CR	MAX	Adiscoball2.jpg	Adiscoball2.jpg	NOKEY	MAX	NOKEY
1447790917572	0	lts_1117L_32_01	32	01	1	195	0	0	0	CR	MAX	16/AFRAME15.jpg	AFRAME15.jpg	NOKEY	MAX	NOKEY
1447790920648	0	lts_1117L_32_01	32	01	1	196	0	0	0	CR	MAX	Arooster15.jpg	Arooster15.jpg	NOKEY	MAX	NOKEY
1447790921751	0	lts_1117L_32_01	32	01	1	197	64	1	1	Hit	625	64-first/ACAMPFIRE.jpg	ACAMPFIRE.jpg	SPACE	669	SPACE
1447790924827	0	lts_1117L_32_01	32	01	1	198	0	0	0	CR	MAX	36411474.thl.jpg	36411474.thl.jpg	NOKEY	MAX	NOKEY
1447790925763	0	lts_1117L_32_01	32	01	1	199	2	1	1	Hit	457	2-mul/ACAMPFIRE.jpg	ACAMPFIRE.jpg	SPACE	501	SPACE
1447790928840	0	lts_1117L_32_01	32	01	1	200	0	0	0	CR	MAX	ASKYDIVE.jpg	ASKYDIVE.jpg	NOKEY	MAX	NOKEY
1447790931932	0	lts_1117L_32_01	32	01	1	201	0	0	0	CR	MAX	2/Atoymerrygoro.jpg	Atoymerrygoro.jpg	NOKEY	MAX	NOKEY
1447790935009	0	lts_1117L_32_01	32	01	1	202	0	0	0	CR	MAX	ATOASTE22.jpg	ATOASTE22.jpg	NOKEY	MAX	NOKEY
1447790936079	0	lts_1117L_32_01	32	01	1	203	2	1	1	Hit	592	2-0/Atoymerrygoro.jpg	Atoymerrygoro.jpg	SPACE	634	SPACE
1447790939155	0	lts_1117L_32_01	32	01	1	204	0	0	0	CR	MAX	Acastle22.jpg	Acastle22.jpg	NOKEY	MAX	NOKEY
1447790942230	0	lts_1117L_32_01	32	01	1	205	0	0	0	CR	MAX	64/Ahandbag68.jpg	Ahandbag68.jpg	NOKEY	MAX	NOKEY
1447790945306	0	lts_1117L_32_01	32	01	1	206	0	0	0	CR	MAX	128/drumsticks01.jpg	drumsticks01.jpg	NOKEY	MAX	NOKEY
1447790948399	0	lts_1117L_32_01	32	01	1	207	0	0	0	CR	MAX	Abedpan7.jpg	Abedpan7.jpg	NOKEY	MAX	NOKEY
1447790949636	0	lts_1117L_32_01	32	01	1	208	64	1	1	Hit	764	64-first/Asword138.jpg	Asword138.jpg	SPACE	802	SPACE
1447790952712	0	lts_1117L_32_01	32	01	1	209	0	0	0	CR	MAX	ADINROO16.jpg	ADINROO16.jpg	NOKEY	MAX	NOKEY
1447790955788	0	lts_1117L_32_01	32	01	1	210	0	0	0	CR	MAX	APAGODAMO.jpg	APAGODAMO.jpg	NOKEY	MAX	NOKEY
1447790956808	0	lts_1117L_32_01	32	01	1	211	16	1	1	Hit	544	16-first/AFRAME15.jpg	AFRAME15.jpg	SPACE	585	SPACE
1447790959884	0	lts_1117L_32_01	32	01	1	212	0	0	0	CR	MAX	ASHOWCAP.jpg	ASHOWCAP.jpg	NOKEY	MAX	NOKEY
1447790960954	0	lts_1117L_32_01	32	01	1	213	64	1	1	Hit	598	64-first/Acheque.jpg	Acheque.jpg	SPACE	635	SPACE
1447790964031	0	lts_1117L_32_01	32	01	1	214	0	0	0	CR	MAX	Asunflower3.jpg	Asunflower3.jpg	NOKEY	MAX	NOKEY
1447790965018	0	lts_1117L_32_01	32	01	1	215	2	1	1	Hit	506	2-mul/Acheque.jpg	Acheque.jpg	SPACE	551	SPACE
1447790968094	0	lts_1117L_32_01	32	01	1	216	0	0	0	CR	MAX	26373407.thl.jpg	26373407.thl.jpg	NOKEY	MAX	NOKEY
1447790971170	0	lts_1117L_32_01	32	01	1	217	0	0	0	CR	MAX	Adog122.jpg	Adog122.jpg	NOKEY	MAX	NOKEY
1447790974245	0	lts_1117L_32_01	32	01	1	218	0	0	0	CR	MAX	4/ACENTRIF5.jpg	ACENTRIF5.jpg	NOKEY	MAX	NOKEY
1447790977321	0	lts_1117L_32_01	32	01	1	219	0	0	0	CR	MAX	ACOUPLEF2.jpg	ACOUPLEF2.jpg	NOKEY	MAX	NOKEY
1447790980397	0	lts_1117L_32_01	32	01	1	220	0	0	0	CR	MAX	ADRUM.jpg	ADRUM.jpg	NOKEY	MAX	NOKEY
1447790983473	0	lts_1117L_32_01	32	01	1	221	0	0	0	CR	MAX	Aseat3.jpg	Aseat3.jpg	NOKEY	MAX	NOKEY
1447790984526	0	lts_1117L_32_01	32	01	1	222	4	1	1	Hit	583	4-9/ACENTRIF5.jpg	ACENTRIF5.jpg	SPACE	619	SPACE
1447790987619	0	lts_1117L_32_01	32	01	1	223	0	0	0	CR	MAX	8/AWASHMAC5.jpg	AWASHMAC5.jpg	NOKEY	MAX	NOKEY
1447790988672	0	lts_1117L_32_01	32	01	1	224	16	1	1	Hit	582	16-mul/Asword138.jpg	Asword138.jpg	SPACE	618	SPACE
1447790991748	0	lts_1117L_32_01	32	01	1	225	0	0	0	CR	MAX	ASEWINGT4.jpg	ASEWINGT4.jpg	NOKEY	MAX	NOKEY
1447790994824	0	lts_1117L_32_01	32	01	1	226	0	0	0	CR	MAX	AWINTERH2.jpg	AWINTERH2.jpg	NOKEY	MAX	NOKEY
1447790995811	0	lts_1117L_32_01	32	01	1	227	16	1	1	Hit	507	16-mul/AFRAME15.jpg	AFRAME15.jpg	SPACE	552	SPACE
1447790998887	0	lts_1117L_32_01	32	01	1	228	0	0	0	CR	MAX	1/AALARMSY5.jpg	AALARMSY5.jpg	NOKEY	MAX	NOKEY
1447790999806	0	lts_1117L_32_01	32	01	1	229	1	1	1	Hit	450	1-10/AALARMSY5.jpg	AALARMSY5.jpg	SPACE	485	SPACE
1447791002882	0	lts_1117L_32_01	32	01	1	230	0	0	0	CR	MAX	ASTAMPS.jpg	ASTAMPS.jpg	NOKEY	MAX	NOKEY
1447791004154	0	lts_1117L_32_01	32	01	1	231	8	1	1	Hit	791	8-first/AWASHMAC5.jpg	AWASHMAC5.jpg	SPACE	836	SPACE
1447791007229	0	lts_1117L_32_01	32	01	1	232	0	0	0	CR	MAX	16/AXMASTIN3.jpg	AXMASTIN3.jpg	NOKEY	MAX	NOKEY
1447791008166	0	lts_1117L_32_01	32	01	1	233	2	1	1	Hit	460	2-mul/AWASHMAC5.jpg	AWASHMAC5.jpg	SPACE	502	SPACE
1447791011308	0	lts_1117L_32_01	32	01	1	234	0	0	0	CR	MAX	1/sntslrc.jpg	sntslrc.jpg	NOKEY	MAX	NOKEY
1447791012194	0	lts_1117L_32_01	32	01	1	235	1	1	1	Hit	407	1-11/sntslrc.jpg	sntslrc.jpg	SPACE	451	SPACE
1447791015270	0	lts_1117L_32_01	32	01	1	236	0	0	0	CR	MAX	Abandleaders2.jpg	Abandleaders2.jpg	NOKEY	MAX	NOKEY
1447791018346	0	lts_1117L_32_01	32	01	1	237	0	0	0	CR	MAX	ALINENCA3.jpg	ALINENCA3.jpg	NOKEY	MAX	NOKEY
1447791019834	0	lts_1117L_32_01	32	01	1	238	0	0	1	FA	1012	Atennisball2.jpg	Atennisball2.jpg	SPACE	1053	NOKEY
1447791022910	0	lts_1117L_32_01	32	01	1	239	0	0	0	CR	MAX	AHIBACHI.jpg	AHIBACHI.jpg	NOKEY	MAX	NOKEY
1447791025986	0	lts_1117L_32_01	32	01	1	240	0	0	0	CR	MAX	cigarette03.jpg	cigarette03.jpg	NOKEY	MAX	NOKEY
1447791029063	0	lts_1117L_32_01	32	01	1	241	0	0	0	CR	MAX	AEIFFELTO.jpg	AEIFFELTO.jpg	NOKEY	MAX	NOKEY
1447791032139	0	lts_1117L_32_01	32	01	1	242	64	1	0	Miss	MAX	64-first/26423873.thl.jpg	26423873.thl.jpg	NOKEY	MAX	SPACE
1447791035214	0	lts_1117L_32_01	32	01	1	243	0	0	0	CR	MAX	Awaffle3.jpg	Awaffle3.jpg	NOKEY	MAX	NOKEY
1447791038291	0	lts_1117L_32_01	32	01	1	244	0	0	0	CR	MAX	26426803.thl.jpg	26426803.thl.jpg	NOKEY	MAX	NOKEY
1447791041383	0	lts_1117L_32_01	32	01	1	245	0	0	0	CR	MAX	imate.jpg	imate.jpg	NOKEY	MAX	NOKEY
1447791042570	0	lts_1117L_32_01	32	01	1	246	4	1	1	Hit	709	4-mul/26423873.thl.jpg	26423873.thl.jpg	SPACE	753	SPACE
1447791045646	0	lts_1117L_32_01	32	01	1	247	0	0	0	CR	MAX	Abagofherbs.jpg	Abagofherbs.jpg	NOKEY	MAX	NOKEY
1447791046867	0	lts_1117L_32_01	32	01	1	248	16	1	1	Hit	739	16-1/AXMASTIN3.jpg	AXMASTIN3.jpg	SPACE	786	SPACE
1447791049943	0	lts_1117L_32_01	32	01	1	249	0	0	0	CR	MAX	AAIRGAUGE.jpg	AAIRGAUGE.jpg	NOKEY	MAX	NOKEY
1447791053020	0	lts_1117L_32_01	32	01	1	250	0	0	0	CR	MAX	8/Afruitcake.jpg	Afruitcake.jpg	NOKEY	MAX	NOKEY
1447791056096	0	lts_1117L_32_01	32	01	1	251	0	0	0	CR	MAX	AANTSTO12.jpg	AANTSTO12.jpg	NOKEY	MAX	NOKEY
1447791059172	0	lts_1117L_32_01	32	01	1	252	0	0	0	CR	MAX	22856784.thl.jpg	22856784.thl.jpg	NOKEY	MAX	NOKEY
1447791062247	0	lts_1117L_32_01	32	01	1	253	0	0	0	CR	MAX	26282515.thl.jpg	26282515.thl.jpg	NOKEY	MAX	NOKEY
1447791065323	0	lts_1117L_32_01	32	01	1	254	0	0	0	CR	MAX	8248852.thl.jpg	8248852.thl.jpg	NOKEY	MAX	NOKEY
1447791066744	0	lts_1117L_32_01	32	01	1	255	128	1	1	Hit	947	128-2/Awoodplaner2.jpg	Awoodplaner2.jpg	SPACE	986	SPACE
1447791069820	0	lts_1117L_32_01	32	01	1	256	0	0	0	CR	MAX	Aairtank7.jpg	Aairtank7.jpg	NOKEY	MAX	NOKEY
1447791072896	0	lts_1117L_32_01	32	01	1	257	0	0	0	CR	MAX	Aantiquejuke2.jpg	Aantiquejuke2.jpg	NOKEY	MAX	NOKEY
1447791074334	0	lts_1117L_32_01	32	01	1	258	8	1	1	Hit	954	8-first/Afruitcake.jpg	Afruitcake.jpg	SPACE	1003	SPACE
1447791077410	0	lts_1117L_32_01	32	01	1	259	0	0	0	CR	MAX	swingset.jpg	swingset.jpg	NOKEY	MAX	NOKEY
1447791080503	0	lts_1117L_32_01	32	01	1	260	0	0	0	CR	MAX	26387690.thl.jpg	26387690.thl.jpg	NOKEY	MAX	NOKEY
1447791083579	0	lts_1117L_32_01	32	01	1	261	0	0	0	CR	MAX	toy2A.JPG	toy2A.JPG	NOKEY	MAX	NOKEY
1447791086655	0	lts_1117L_32_01	32	01	1	262	0	0	0	CR	MAX	64/ASKIHOLD.jpg	ASKIHOLD.jpg	NOKEY	MAX	NOKEY
1447791089731	0	lts_1117L_32_01	32	01	1	263	0	0	0	CR	MAX	8/ABLACKNEC.jpg	ABLACKNEC.jpg	NOKEY	MAX	NOKEY
1447791092807	0	lts_1117L_32_01	32	01	1	264	0	0	0	CR	MAX	1/ACRICKET2.jpg	ACRICKET2.jpg	NOKEY	MAX	NOKEY
1447791093844	0	lts_1117L_32_01	32	01	1	265	1	1	1	Hit	564	1-2/ACRICKET2.jpg	ACRICKET2.jpg	SPACE	602	SPACE
1447791096920	0	lts_1117L_32_01	32	01	1	266	0	0	0	CR	MAX	1/AANTHAT2.jpg	AANTHAT2.jpg	NOKEY	MAX	NOKEY
1447791097923	0	lts_1117L_32_01	32	01	1	267	1	1	1	Hit	520	1-6/AANTHAT2.jpg	AANTHAT2.jpg	SPACE	569	SPACE
1447791100999	0	lts_1117L_32_01	32	01	1	268	0	0	0	CR	MAX	128/22849260.thl.jpg	22849260.thl.jpg	NOKEY	MAX	NOKEY
1447791102087	0	lts_1117L_32_01	32	01	1	269	64	1	1	Hit	601	64-first/Ahandbag68.jpg	Ahandbag68.jpg	SPACE	651	SPACE
1447791105179	0	lts_1117L_32_01	32	01	1	270	0	0	0	CR	MAX	Astatue99.jpg	Astatue99.jpg	NOKEY	MAX	NOKEY
1447791108254	0	lts_1117L_32_01	32	01	1	271	8	1	0	Miss	MAX	8-1/ABLACKNEC.jpg	ABLACKNEC.jpg	NOKEY	MAX	SPACE
1447791111330	0	lts_1117L_32_01	32	01	1	272	0	0	0	CR	MAX	Abeverage11.jpg	Abeverage11.jpg	NOKEY	MAX	NOKEY
1447791114406	0	lts_1117L_32_01	32	01	1	273	0	0	0	CR	MAX	128/Aappleonsca14.jpg	Aappleonsca14.jpg	NOKEY	MAX	NOKEY
1447791115510	0	lts_1117L_32_01	32	01	1	274	16	1	1	Hit	627	16-mul/Afruitcake.jpg	Afruitcake.jpg	SPACE	670	SPACE
1447791118603	0	lts_1117L_32_01	32	01	1	275	0	0	0	CR	MAX	APERSRUG.jpg	APERSRUG.jpg	NOKEY	MAX	NOKEY
1447791121679	0	lts_1117L_32_01	32	01	1	276	00	1	0	Miss	MAX	00-across/AOVEN.jpg	AOVEN.jpg	NOKEY	MAX	SPACE
1447791124755	0	lts_1117L_32_01	32	01	1	277	0	0	0	CR	MAX	Ablanket2.jpg	Ablanket2.jpg	NOKEY	MAX	NOKEY
1447791127831	0	lts_1117L_32_01	32	01	1	278	0	0	0	CR	MAX	Ataco.jpg	Ataco.jpg	NOKEY	MAX	NOKEY
1447791130924	0	lts_1117L_32_01	32	01	1	279	0	0	0	CR	MAX	2/whitemalerobe.jpg	whitemalerobe.jpg	NOKEY	MAX	NOKEY
1447791134000	0	lts_1117L_32_01	32	01	1	280	0	0	0	CR	MAX	dftslpi.jpg	dftslpi.jpg	NOKEY	MAX	NOKEY
1447791135020	0	lts_1117L_32_01	32	01	1	281	2	1	1	Hit	542	2-2/whitemalerobe.jpg	whitemalerobe.jpg	SPACE	584	SPACE
1447791138097	0	lts_1117L_32_01	32	01	1	282	0	0	0	CR	MAX	Aancientbuild.jpg	Aancientbuild.jpg	NOKEY	MAX	NOKEY
1447791141173	0	lts_1117L_32_01	32	01	1	283	0	0	0	CR	MAX	Aeggsandwich6.jpg	Aeggsandwich6.jpg	NOKEY	MAX	NOKEY
1447791144248	0	lts_1117L_32_01	32	01	1	284	0	0	0	CR	MAX	Ababmonit.jpg	Ababmonit.jpg	NOKEY	MAX	NOKEY
1447791145284	0	lts_1117L_32_01	32	01	1	285	16	1	1	Hit	560	16-mul/Ahandbag68.jpg	Ahandbag68.jpg	SPACE	602	SPACE
1447791148360	0	lts_1117L_32_01	32	01	1	286	0	0	0	CR	MAX	Apineapple3.jpg	Apineapple3.jpg	NOKEY	MAX	NOKEY
1447791151436	0	lts_1117L_32_01	32	01	1	287	0	0	0	CR	MAX	Awoodenspoon3.jpg	Awoodenspoon3.jpg	NOKEY	MAX	NOKEY
1447791154512	0	lts_1117L_32_01	32	01	1	288	128	1	0	Miss	MAX	128-6/Afoodproces27.jpg	Afoodproces27.jpg	NOKEY	MAX	SPACE
1447791157588	0	lts_1117L_32_01	32	01	1	289	0	0	0	CR	MAX	4/AWALKER11.jpg	AWALKER11.jpg	NOKEY	MAX	NOKEY
1447791160665	0	lts_1117L_32_01	32	01	1	290	0	0	0	CR	MAX	128/8074514.thl.jpg	8074514.thl.jpg	NOKEY	MAX	NOKEY
1447791163741	0	lts_1117L_32_01	32	01	1	291	0	0	0	CR	MAX	Abarn4.jpg	Abarn4.jpg	NOKEY	MAX	NOKEY
1447791166817	0	lts_1117L_32_01	32	01	1	292	0	0	0	CR	MAX	22870356.thl.jpg	22870356.thl.jpg	NOKEY	MAX	NOKEY
1447791168005	0	lts_1117L_32_01	32	01	1	293	4	1	1	Hit	716	4-7/AWALKER11.jpg	AWALKER11.jpg	SPACE	753	SPACE
1447791171097	0	lts_1117L_32_01	32	01	1	294	0	0	0	CR	MAX	26379430.thl.jpg	26379430.thl.jpg	NOKEY	MAX	NOKEY
1447791174173	0	lts_1117L_32_01	32	01	1	295	0	0	0	CR	MAX	2/Ajug158.jpg	Ajug158.jpg	NOKEY	MAX	NOKEY
1447791177265	0	lts_1117L_32_01	32	01	1	296	0	0	0	CR	MAX	4/Atrowel42.jpg	Atrowel42.jpg	NOKEY	MAX	NOKEY
1447791178519	0	lts_1117L_32_01	32	01	1	297	2	1	1	Hit	778	2-7/Ajug158.jpg	Ajug158.jpg	SPACE	820	SPACE
1447791181595	0	lts_1117L_32_01	32	01	1	298	0	0	0	CR	MAX	8/ABLUBLOTT.jpg	ABLUBLOTT.jpg	NOKEY	MAX	NOKEY
1447791184671	0	lts_1117L_32_01	32	01	1	299	0	0	0	CR	MAX	Achampagnebo2.jpg	Achampagnebo2.jpg	NOKEY	MAX	NOKEY
1447791187747	0	lts_1117L_32_01	32	01	1	300	4	1	0	Miss	MAX	4-3/Atrowel42.jpg	Atrowel42.jpg	NOKEY	MAX	SPACE
1447791190823	0	lts_1117L_32_01	32	01	1	301	0	0	0	CR	MAX	ABAKBRUS2.jpg	ABAKBRUS2.jpg	NOKEY	MAX	NOKEY
1447791193899	0	lts_1117L_32_01	32	01	1	302	0	0	0	CR	MAX	Adoorknocker2.jpg	Adoorknocker2.jpg	NOKEY	MAX	NOKEY
1447791196975	0	lts_1117L_32_01	32	01	1	303	0	0	0	CR	MAX	Agarbagebin.jpg	Agarbagebin.jpg	NOKEY	MAX	NOKEY
1447791200053	0	lts_1117L_32_01	32	01	1	304	0	0	0	CR	MAX	ADARKLAMP.jpg	ADARKLAMP.jpg	NOKEY	MAX	NOKEY
1447791203129	0	lts_1117L_32_01	32	01	1	305	0	0	0	CR	MAX	32/Acabinetwithm.jpg	Acabinetwithm.jpg	NOKEY	MAX	NOKEY
1447791204532	0	lts_1117L_32_01	32	01	1	306	8	1	1	Hit	930	8-first/ABLUBLOTT.jpg	ABLUBLOTT.jpg	SPACE	970	SPACE
1447791207608	0	lts_1117L_32_01	32	01	1	307	0	0	0	CR	MAX	8/FJVWL.jpg	FJVWL.jpg	NOKEY	MAX	NOKEY
1447791208895	0	lts_1117L_32_01	32	01	1	308	2	1	1	Hit	807	2-mul/ABLUBLOTT.jpg	ABLUBLOTT.jpg	SPACE	853	SPACE
1447791211971	0	lts_1117L_32_01	32	01	1	309	0	0	0	CR	MAX	64/26431734.thl.jpg	26431734.thl.jpg	NOKEY	MAX	NOKEY
1447791213292	0	lts_1117L_32_01	32	01	1	310	128	1	1	Hit	848	128-5/Atoy17.jpg	Atoy17.jpg	SPACE	886	SPACE
1447791216368	0	lts_1117L_32_01	32	01	1	311	0	0	0	CR	MAX	Acane116.jpg	Acane116.jpg	NOKEY	MAX	NOKEY
1447791219444	0	lts_1117L_32_01	32	01	1	312	0	0	0	CR	MAX	1/Atoymoose.jpg	Atoymoose.jpg	NOKEY	MAX	NOKEY
1447791220481	0	lts_1117L_32_01	32	01	1	313	1	1	1	Hit	550	1-9/Atoymoose.jpg	Atoymoose.jpg	SPACE	586	SPACE
1447791223557	0	lts_1117L_32_01	32	01	1	314	0	0	0	CR	MAX	Aberries5.jpg	Aberries5.jpg	NOKEY	MAX	NOKEY
1447791224610	0	lts_1117L_32_01	32	01	1	315	8	1	1	Hit	583	8-first/FJVWL.jpg	FJVWL.jpg	SPACE	619	SPACE
1447791227686	0	lts_1117L_32_01	32	01	1	316	0	0	0	CR	MAX	ACOCONUT2.jpg	ACOCONUT2.jpg	NOKEY	MAX	NOKEY
1447791230762	0	lts_1117L_32_01	32	01	1	317	0	0	0	CR	MAX	ABROOCH53.jpg	ABROOCH53.jpg	NOKEY	MAX	NOKEY
1447791233855	0	lts_1117L_32_01	32	01	1	318	0	0	0	CR	MAX	shield.jpg	shield.jpg	NOKEY	MAX	NOKEY
1447791236948	0	lts_1117L_32_01	32	01	1	319	0	0	0	CR	MAX	32/26437068.thl.jpg	26437068.thl.jpg	NOKEY	MAX	NOKEY
1447791240025	0	lts_1117L_32_01	32	01	1	320	0	0	0	CR	MAX	128/22859028.thl.jpg	22859028.thl.jpg	NOKEY	MAX	NOKEY
1447791243101	0	lts_1117L_32_01	32	01	1	321	0	0	0	CR	MAX	32/26369944.thl.jpg	26369944.thl.jpg	NOKEY	MAX	NOKEY
1447791246177	0	lts_1117L_32_01	32	01	1	322	0	0	0	CR	MAX	Acookiecutte3.jpg	Acookiecutte3.jpg	NOKEY	MAX	NOKEY
1447791249252	0	lts_1117L_32_01	32	01	1	323	0	0	0	CR	MAX	ATHERMO12.jpg	ATHERMO12.jpg	NOKEY	MAX	NOKEY
1447791252328	0	lts_1117L_32_01	32	01	1	324	0	0	0	CR	MAX	AARTDUCK3.jpg	AARTDUCK3.jpg	NOKEY	MAX	NOKEY
1447791255404	0	lts_1117L_32_01	32	01	1	325	0	0	0	CR	MAX	26440629.thl.jpg	26440629.thl.jpg	NOKEY	MAX	NOKEY
1447791258480	0	lts_1117L_32_01	32	01	1	326	64	1	0	Miss	MAX	64-first/ASKIHOLD.jpg	ASKIHOLD.jpg	NOKEY	MAX	SPACE
1447791261556	0	lts_1117L_32_01	32	01	1	327	0	0	0	CR	MAX	AHYPBOTT.jpg	AHYPBOTT.jpg	NOKEY	MAX	NOKEY
1447791264632	0	lts_1117L_32_01	32	01	1	328	0	0	0	CR	MAX	16/Abellcookiec3.jpg	Abellcookiec3.jpg	NOKEY	MAX	NOKEY
1447791267708	0	lts_1117L_32_01	32	01	1	329	0	0	0	CR	MAX	APAPYRUS.jpg	APAPYRUS.jpg	NOKEY	MAX	NOKEY
1447791270784	0	lts_1117L_32_01	32	01	1	330	0	0	0	CR	MAX	Afeatherdust2.jpg	Afeatherdust2.jpg	NOKEY	MAX	NOKEY
1447791271804	0	lts_1117L_32_01	32	01	1	331	16	1	1	Hit	535	16-mul/FJVWL.jpg	FJVWL.jpg	SPACE	585	SPACE
1447791274880	0	lts_1117L_32_01	32	01	1	332	0	0	0	CR	MAX	35310260.thl.jpg	35310260.thl.jpg	NOKEY	MAX	NOKEY
1447791277956	0	lts_1117L_32_01	32	01	1	333	0	0	0	CR	MAX	zip-a.jpg	zip-a.jpg	NOKEY	MAX	NOKEY
1447791279061	0	lts_1117L_32_01	32	01	1	334	128	1	1	Hit	624	128-7/drumsticks01.jpg	drumsticks01.jpg	SPACE	668	SPACE
1447791282153	0	lts_1117L_32_01	32	01	1	335	0	0	0	CR	MAX	AWIG10.jpg	AWIG10.jpg	NOKEY	MAX	NOKEY
1447791285228	0	lts_1117L_32_01	32	01	1	336	0	0	0	CR	MAX	4/AGLASSFL4.jpg	AGLASSFL4.jpg	NOKEY	MAX	NOKEY
1447791288305	0	lts_1117L_32_01	32	01	1	337	32	1	0	Miss	MAX	32-5/Acabinetwithm.jpg	Acabinetwithm.jpg	NOKEY	MAX	SPACE
1447791291381	0	lts_1117L_32_01	32	01	1	338	0	0	0	CR	MAX	8058011.thl.jpg	8058011.thl.jpg	NOKEY	MAX	NOKEY
1447791294457	0	lts_1117L_32_01	32	01	1	339	0	0	0	CR	MAX	32/railroadblock.jpg	railroadblock.jpg	NOKEY	MAX	NOKEY
1447791297533	0	lts_1117L_32_01	32	01	1	340	4	1	0	Miss	MAX	4-5/AGLASSFL4.jpg	AGLASSFL4.jpg	NOKEY	MAX	SPACE
1447791300609	0	lts_1117L_32_01	32	01	1	341	0	0	0	CR	MAX	Atoyslide.jpg	Atoyslide.jpg	NOKEY	MAX	NOKEY
1447791303685	0	lts_1117L_32_01	32	01	1	342	16	1	0	Miss	MAX	16-mul/ASKIHOLD.jpg	ASKIHOLD.jpg	NOKEY	MAX	SPACE
1447791306778	0	lts_1117L_32_01	32	01	1	343	0	0	0	CR	MAX	Ayoungbobcat.jpg	Ayoungbobcat.jpg	NOKEY	MAX	NOKEY
1447791307781	0	lts_1117L_32_01	32	01	1	344	16	1	1	Hit	526	16-first/Abellcookiec3.jpg	Abellcookiec3.jpg	SPACE	569	SPACE
1447791310874	0	lts_1117L_32_01	32	01	1	345	0	0	0	CR	MAX	1/Acdrominterf2.jpg	Acdrominterf2.jpg	NOKEY	MAX	NOKEY
1447791311893	0	lts_1117L_32_01	32	01	1	346	1	1	1	Hit	535	1-12/Acdrominterf2.jpg	Acdrominterf2.jpg	SPACE	585	SPACE
1447791314969	0	lts_1117L_32_01	32	01	1	347	0	0	0	CR	MAX	26369923.thl.jpg	26369923.thl.jpg	NOKEY	MAX	NOKEY
1447791315906	0	lts_1117L_32_01	32	01	1	348	4	1	1	Hit	454	4-mul/Abellcookiec3.jpg	Abellcookiec3.jpg	SPACE	501	SPACE
1447791318982	0	lts_1117L_32_01	32	01	1	349	0	0	0	CR	MAX	26433942.thl.jpg	26433942.thl.jpg	NOKEY	MAX	NOKEY
1447791322059	0	lts_1117L_32_01	32	01	1	350	0	0	0	CR	MAX	16/26434546.thl.jpg	26434546.thl.jpg	NOKEY	MAX	NOKEY
1447791325135	0	lts_1117L_32_01	32	01	1	351	32	1	0	Miss	MAX	32-7/26437068.thl.jpg	26437068.thl.jpg	NOKEY	MAX	SPACE
1447791328210	0	lts_1117L_32_01	32	01	1	352	0	0	0	CR	MAX	babyswig.jpg	babyswig.jpg	NOKEY	MAX	NOKEY
1447791329882	0	lts_1117L_32_01	32	01	1	353	32	1	1	Hit	1188	32-0/26369944.thl.jpg	26369944.thl.jpg	SPACE	1237	SPACE
1447791332958	0	lts_1117L_32_01	32	01	1	354	0	0	0	CR	MAX	2/26429130.thl.jpg	26429130.thl.jpg	NOKEY	MAX	NOKEY
1447791336035	0	lts_1117L_32_01	32	01	1	355	0	0	0	CR	MAX	AORIGIRL3.jpg	AORIGIRL3.jpg	NOKEY	MAX	NOKEY
1447791337237	0	lts_1117L_32_01	32	01	1	356	2	1	1	Hit	727	2-3/26429130.thl.jpg	26429130.thl.jpg	SPACE	768	SPACE
1447791340330	0	lts_1117L_32_01	32	01	1	357	0	0	0	CR	MAX	canopy.jpg	canopy.jpg	NOKEY	MAX	NOKEY
1447791343406	0	lts_1117L_32_01	32	01	1	358	0	0	0	CR	MAX	2/26420979.thl.jpg	26420979.thl.jpg	NOKEY	MAX	NOKEY
1447791346482	0	lts_1117L_32_01	32	01	1	359	0	0	0	CR	MAX	cinnamonroll.jpg	cinnamonroll.jpg	NOKEY	MAX	NOKEY
1447791347653	0	lts_1117L_32_01	32	01	1	360	2	1	1	Hit	700	2-5/26420979.thl.jpg	26420979.thl.jpg	SPACE	735	SPACE
1447791350745	0	lts_1117L_32_01	32	01	1	361	0	0	0	CR	MAX	2/Apaperclip6.jpg	Apaperclip6.jpg	NOKEY	MAX	NOKEY
1447791353821	0	lts_1117L_32_01	32	01	1	362	0	0	0	CR	MAX	AHOSPCRI3.jpg	AHOSPCRI3.jpg	NOKEY	MAX	NOKEY
1447791354824	0	lts_1117L_32_01	32	01	1	363	2	1	1	Hit	520	2-1/Apaperclip6.jpg	Apaperclip6.jpg	SPACE	568	SPACE
1447791357901	0	lts_1117L_32_01	32	01	1	364	0	0	0	CR	MAX	26457349.thl.jpg	26457349.thl.jpg	NOKEY	MAX	NOKEY
1447791360977	0	lts_1117L_32_01	32	01	1	365	0	0	0	CR	MAX	ABOX8.jpg	ABOX8.jpg	NOKEY	MAX	NOKEY
1447791362014	0	lts_1117L_32_01	32	01	1	366	16	1	1	Hit	561	16-first/26434546.thl.jpg	26434546.thl.jpg	SPACE	602	SPACE
1447791365090	0	lts_1117L_32_01	32	01	1	367	0	0	0	CR	MAX	ACOFFTRA2.jpg	ACOFFTRA2.jpg	NOKEY	MAX	NOKEY
1447791366093	0	lts_1117L_32_01	32	01	1	368	2	1	1	Hit	528	2-mul/26434546.thl.jpg	26434546.thl.jpg	SPACE	567	SPACE
1447791369186	0	lts_1117L_32_01	32	01	1	369	0	0	0	CR	MAX	vatslheart.jpg	vatslheart.jpg	NOKEY	MAX	NOKEY
1447791372261	0	lts_1117L_32_01	32	01	1	370	0	0	0	CR	MAX	AJEWELBO3.jpg	AJEWELBO3.jpg	NOKEY	MAX	NOKEY
1447791373398	0	lts_1117L_32_01	32	01	1	371	32	1	1	Hit	658	32-3/railroadblock.jpg	railroadblock.jpg	SPACE	702	SPACE
1447791376491	0	lts_1117L_32_01	32	01	1	372	0	0	0	CR	MAX	Adicecupandb5.jpg	Adicecupandb5.jpg	NOKEY	MAX	NOKEY
1447791377711	0	lts_1117L_32_01	32	01	1	373	64	1	1	Hit	751	64-first/26431734.thl.jpg	26431734.thl.jpg	SPACE	786	SPACE
1447791380787	0	lts_1117L_32_01	32	01	1	374	0	0	0	CR	MAX	26421368.thl.jpg	26421368.thl.jpg	NOKEY	MAX	NOKEY
1447791381840	0	lts_1117L_32_01	32	01	1	375	2	1	1	Hit	569	2-mul/26431734.thl.jpg	26431734.thl.jpg	SPACE	618	SPACE
1447791384917	0	lts_1117L_32_01	32	01	1	376	0	0	0	CR	MAX	26686595.thl.jpg	26686595.thl.jpg	NOKEY	MAX	NOKEY
1447791387993	0	lts_1117L_32_01	32	01	1	377	0	0	0	CR	MAX	2/Aframedpainti.jpg	Aframedpainti.jpg	NOKEY	MAX	NOKEY
1447791391070	0	lts_1117L_32_01	32	01	1	378	0	0	0	CR	MAX	64/Ablossom.jpg	Ablossom.jpg	NOKEY	MAX	NOKEY
1447791392173	0	lts_1117L_32_01	32	01	1	379	2	1	1	Hit	621	2-11/Aframedpainti.jpg	Aframedpainti.jpg	SPACE	668	SPACE
1447791395248	0	lts_1117L_32_01	32	01	1	380	0	0	0	CR	MAX	4/ADOMINO.jpg	ADOMINO.jpg	NOKEY	MAX	NOKEY
1447791398324	0	lts_1117L_32_01	32	01	1	381	0	0	0	CR	MAX	8/Aspoolofthre6.jpg	Aspoolofthre6.jpg	NOKEY	MAX	NOKEY
1447791401400	0	lts_1117L_32_01	32	01	1	382	0	0	0	CR	MAX	Atoybird10.jpg	Atoybird10.jpg	NOKEY	MAX	NOKEY
1447791404476	0	lts_1117L_32_01	32	01	1	383	0	0	0	CR	MAX	Acarnivalgame.jpg	Acarnivalgame.jpg	NOKEY	MAX	NOKEY
1447791405747	0	lts_1117L_32_01	32	01	1	384	4	1	1	Hit	789	4-4/ADOMINO.jpg	ADOMINO.jpg	SPACE	836	SPACE
1447791408823	0	lts_1117L_32_01	32	01	1	385	0	0	0	CR	MAX	APROSTAR2.jpg	APROSTAR2.jpg	NOKEY	MAX	NOKEY
1447791411899	0	lts_1117L_32_01	32	01	1	386	0	0	0	CR	MAX	1/Aornament89.jpg	Aornament89.jpg	NOKEY	MAX	NOKEY
1447791412852	0	lts_1117L_32_01	32	01	1	387	1	1	1	Hit	475	1-5/Aornament89.jpg	Aornament89.jpg	SPACE	519	SPACE
1447791415928	0	lts_1117L_32_01	32	01	1	388	0	0	0	CR	MAX	22854108.thl.jpg	22854108.thl.jpg	NOKEY	MAX	NOKEY
1447791416948	0	lts_1117L_32_01	32	01	1	389	8	1	1	Hit	544	8-first/Aspoolofthre6.jpg	Aspoolofthre6.jpg	SPACE	585	SPACE
1447791420025	0	lts_1117L_32_01	32	01	1	390	0	0	0	CR	MAX	4/ATISSUE.jpg	ATISSUE.jpg	NOKEY	MAX	NOKEY
1447791423101	0	lts_1117L_32_01	32	01	1	391	0	0	0	CR	MAX	1/Abasket110.jpg	Abasket110.jpg	NOKEY	MAX	NOKEY
1447791424054	0	lts_1117L_32_01	32	01	1	392	1	1	1	Hit	478	1-0/Abasket110.jpg	Abasket110.jpg	SPACE	517	SPACE
1447791427130	0	lts_1117L_32_01	32	01	1	393	0	0	0	CR	MAX	16/AFILMCUTT.jpg	AFILMCUTT.jpg	NOKEY	MAX	NOKEY
1447791428116	0	lts_1117L_32_01	32	01	1	394	4	1	1	Hit	514	4-10/ATISSUE.jpg	ATISSUE.jpg	SPACE	551	SPACE
1447791431191	0	lts_1117L_32_01	32	01	1	395	0	0	0	CR	MAX	Abib2.jpg	Abib2.jpg	NOKEY	MAX	NOKEY
1447791432295	0	lts_1117L_32_01	32	01	1	396	128	1	1	Hit	628	128-3/22849260.thl.jpg	22849260.thl.jpg	SPACE	668	SPACE
1447791435371	0	lts_1117L_32_01	32	01	1	397	0	0	0	CR	MAX	16/26374899.thl.jpg	26374899.thl.jpg	NOKEY	MAX	NOKEY
1447791438447	0	lts_1117L_32_01	32	01	1	398	0	0	0	CR	MAX	32/ASPACEHE8.jpg	ASPACEHE8.jpg	NOKEY	MAX	NOKEY
1447791441523	0	lts_1117L_32_01	32	01	1	399	0	0	0	CR	MAX	AGIFTBOX8.jpg	AGIFTBOX8.jpg	NOKEY	MAX	NOKEY
1447791444599	0	lts_1117L_32_01	32	01	1	400	0	0	0	CR	MAX	medievalknight.jpg	medievalknight.jpg	NOKEY	MAX	NOKEY
1447791445819	0	lts_1117L_32_01	32	01	1	401	128	1	1	Hit	737	128-4/Aappleonsca14.jpg	Aappleonsca14.jpg	SPACE	786	SPACE
1447791448895	0	lts_1117L_32_01	32	01	1	402	0	0	0	CR	MAX	Atintelephone.jpg	Atintelephone.jpg	NOKEY	MAX	NOKEY
1447791451988	0	lts_1117L_32_01	32	01	1	403	0	0	0	CR	MAX	liquid-a.jpg	liquid-a.jpg	NOKEY	MAX	NOKEY
1447791455082	0	lts_1117L_32_01	32	01	1	404	0	0	0	CR	MAX	Atool120.jpg	Atool120.jpg	NOKEY	MAX	NOKEY
1447791456085	0	lts_1117L_32_01	32	01	1	405	16	1	1	Hit	521	16-mul/Aspoolofthre6.jpg	Aspoolofthre6.jpg	SPACE	568	SPACE
1447791459161	0	lts_1117L_32_01	32	01	1	406	0	0	0	CR	MAX	Atelephoneja2.jpg	Atelephoneja2.jpg	NOKEY	MAX	NOKEY
1447791462253	0	lts_1117L_32_01	32	01	1	407	0	0	0	CR	MAX	Abackpack11.jpg	Abackpack11.jpg	NOKEY	MAX	NOKEY
1447791465329	0	lts_1117L_32_01	32	01	1	408	0	0	0	CR	MAX	hammer01.jpg	hammer01.jpg	NOKEY	MAX	NOKEY
1447791466382	0	lts_1117L_32_01	32	01	1	409	16	1	1	Hit	573	16-first/AFILMCUTT.jpg	AFILMCUTT.jpg	SPACE	619	SPACE
1447791469458	0	lts_1117L_32_01	32	01	1	410	0	0	0	CR	MAX	A100FRAN3.jpg	A100FRAN3.jpg	NOKEY	MAX	NOKEY
1447791470862	0	lts_1117L_32_01	32	01	1	411	00	1	1	Hit	925	00-across/AREDPLUM.jpg	AREDPLUM.jpg	SPACE	969	SPACE
1447791473938	0	lts_1117L_32_01	32	01	1	412	0	0	0	CR	MAX	26687325.thl.jpg	26687325.thl.jpg	NOKEY	MAX	NOKEY
1447791475009	0	lts_1117L_32_01	32	01	1	413	16	1	1	Hit	593	16-first/26374899.thl.jpg	26374899.thl.jpg	SPACE	635	SPACE
1447791478085	0	lts_1117L_32_01	32	01	1	414	0	0	0	CR	MAX	ABUMBBE2.jpg	ABUMBBE2.jpg	NOKEY	MAX	NOKEY
1447791479122	0	lts_1117L_32_01	32	01	1	415	2	1	1	Hit	550	2-mul/26374899.thl.jpg	26374899.thl.jpg	SPACE	601	SPACE
1447791482214	0	lts_1117L_32_01	32	01	1	416	0	0	0	CR	MAX	Avacuum13.jpg	Avacuum13.jpg	NOKEY	MAX	NOKEY
1447791485307	0	lts_1117L_32_01	32	01	1	417	0	0	0	CR	MAX	Ablackma3.jpg	Ablackma3.jpg	NOKEY	MAX	NOKEY
1447791488383	0	lts_1117L_32_01	32	01	1	418	128	1	0	Miss	MAX	128-1/8074514.thl.jpg	8074514.thl.jpg	NOKEY	MAX	SPACE
1447791491459	0	lts_1117L_32_01	32	01	1	419	0	0	0	CR	MAX	2/AGOOSNEC2.jpg	AGOOSNEC2.jpg	NOKEY	MAX	NOKEY
1447791494535	0	lts_1117L_32_01	32	01	1	420	0	0	0	CR	MAX	Anailscissors.jpg	Anailscissors.jpg	NOKEY	MAX	NOKEY
1447791495605	0	lts_1117L_32_01	32	01	1	421	2	1	1	Hit	571	2-13/AGOOSNEC2.jpg	AGOOSNEC2.jpg	SPACE	620	SPACE
1447791498681	0	lts_1117L_32_01	32	01	1	422	0	0	0	CR	MAX	AGRENADIN.jpg	AGRENADIN.jpg	NOKEY	MAX	NOKEY
1447791500186	0	lts_1117L_32_01	32	01	1	423	0	0	1	FA	1026	ALIGHTHO5.jpg	ALIGHTHO5.jpg	SPACE	1070	NOKEY
1447791503278	0	lts_1117L_32_01	32	01	1	424	0	0	0	CR	MAX	Amatplate.jpg	Amatplate.jpg	NOKEY	MAX	NOKEY
1447791504616	0	lts_1117L_32_01	32	01	1	425	16	1	1	Hit	854	16-mul/AFILMCUTT.jpg	AFILMCUTT.jpg	SPACE	902	SPACE
1447791507692	0	lts_1117L_32_01	32	01	1	426	0	0	0	CR	MAX	AMEATHER3.jpg	AMEATHER3.jpg	NOKEY	MAX	NOKEY
1447791510768	0	lts_1117L_32_01	32	01	1	427	0	0	0	CR	MAX	APICNICBL.jpg	APICNICBL.jpg	NOKEY	MAX	NOKEY
1447791513860	0	lts_1117L_32_01	32	01	1	428	0	0	0	CR	MAX	footballhelmet.jpg	footballhelmet.jpg	NOKEY	MAX	NOKEY
1447791516937	0	lts_1117L_32_01	32	01	1	429	0	0	0	CR	MAX	Abrassbu2.jpg	Abrassbu2.jpg	NOKEY	MAX	NOKEY
1447791518475	0	lts_1117L_32_01	32	01	1	430	32	1	1	Hit	1058	32-8/ASPACEHE8.jpg	ASPACEHE8.jpg	SPACE	1104	SPACE
1447791521567	0	lts_1117L_32_01	32	01	1	431	0	0	0	CR	MAX	DSCN1248-sm.jpg	DSCN1248-sm.jpg	NOKEY	MAX	NOKEY
1447791524643	0	lts_1117L_32_01	32	01	1	432	0	0	0	CR	MAX	4/APASTA19.jpg	APASTA19.jpg	NOKEY	MAX	NOKEY
1447791527719	0	lts_1117L_32_01	32	01	1	433	0	0	0	CR	MAX	1/ACHOPSTI2.jpg	ACHOPSTI2.jpg	NOKEY	MAX	NOKEY
1447791528689	0	lts_1117L_32_01	32	01	1	434	1	1	1	Hit	496	1-4/ACHOPSTI2.jpg	ACHOPSTI2.jpg	SPACE	535	SPACE
1447791531765	0	lts_1117L_32_01	32	01	1	435	0	0	0	CR	MAX	Acoffeebeans2.jpg	Acoffeebeans2.jpg	NOKEY	MAX	NOKEY
1447791532885	0	lts_1117L_32_01	32	01	1	436	4	1	1	Hit	639	4-2/APASTA19.jpg	APASTA19.jpg	SPACE	685	SPACE
1447791535961	0	lts_1117L_32_01	32	01	1	437	0	0	0	CR	MAX	Acroissant.jpg	Acroissant.jpg	NOKEY	MAX	NOKEY
1447791539038	0	lts_1117L_32_01	32	01	1	438	0	0	0	CR	MAX	bagelslicer.jpg	bagelslicer.jpg	NOKEY	MAX	NOKEY
1447791542114	0	lts_1117L_32_01	32	01	1	439	0	0	0	CR	MAX	1/26373068.thl.jpg	26373068.thl.jpg	NOKEY	MAX	NOKEY
1447791543134	0	lts_1117L_32_01	32	01	1	440	1	1	1	Hit	548	1-13/26373068.thl.jpg	26373068.thl.jpg	SPACE	584	SPACE
1447791546209	0	lts_1117L_32_01	32	01	1	441	0	0	0	CR	MAX	Ashelf27.jpg	Ashelf27.jpg	NOKEY	MAX	NOKEY
1447791547346	0	lts_1117L_32_01	32	01	1	442	64	1	1	Hit	655	64-first/Ablossom.jpg	Ablossom.jpg	SPACE	702	SPACE
1447791550422	0	lts_1117L_32_01	32	01	1	443	0	0	0	CR	MAX	Aspoon14.jpg	Aspoon14.jpg	NOKEY	MAX	NOKEY
1447791553498	0	lts_1117L_32_01	32	01	1	444	0	0	0	CR	MAX	Abicycleglove.jpg	Abicycleglove.jpg	NOKEY	MAX	NOKEY
1447791556574	0	lts_1117L_32_01	32	01	1	445	0	0	0	CR	MAX	AANTICAN2.jpg	AANTICAN2.jpg	NOKEY	MAX	NOKEY
1447791557494	0	lts_1117L_32_01	32	01	1	446	4	1	1	Hit	447	4-mul/Ablossom.jpg	Ablossom.jpg	SPACE	486	SPACE
1447791560570	0	lts_1117L_32_01	32	01	1	447	0	0	0	CR	MAX	Aantiquebuck2.jpg	Aantiquebuck2.jpg	NOKEY	MAX	NOKEY
1447791563646	0	lts_1117L_32_01	32	01	1	448	128	1	0	Miss	MAX	128-0/22859028.thl.jpg	22859028.thl.jpg	NOKEY	MAX	SPACE
1447791566722	0	lts_1117L_32_01	32	01	1	449	0	0	0	CR	MAX	8245818.thl.jpg	8245818.thl.jpg	NOKEY	MAX	NOKEY
1447791700028	0	E	Logging Ends
