1447189920543	0	B	Logging Begins
1447190051588	0	lts_1110L_26_01	26	01	0	0	0	0	0	CR	MAX	barbwirecoil.jpg	barbwirecoil.jpg	NOKEY	MAX	NOKEY
1447190052874	0	lts_1110L_26_01	26	01	0	1	0	0	1	FA	808	8/A52ZX.jpg	A52ZX.jpg	SPACE	853	NOKEY
1447190055966	0	lts_1110L_26_01	26	01	0	2	0	0	0	CR	MAX	4/Ametalstool2.jpg	Ametalstool2.jpg	NOKEY	MAX	NOKEY
1447190059041	0	lts_1110L_26_01	26	01	0	3	0	0	0	CR	MAX	Aflyingeagle9.jpg	Aflyingeagle9.jpg	NOKEY	MAX	NOKEY
1447190062132	0	lts_1110L_26_01	26	01	0	4	0	0	0	CR	MAX	26440261.thl.jpg	26440261.thl.jpg	NOKEY	MAX	NOKEY
1447190065206	0	lts_1110L_26_01	26	01	0	5	0	0	0	CR	MAX	8021410.thl.jpg	8021410.thl.jpg	NOKEY	MAX	NOKEY
1447190066309	0	lts_1110L_26_01	26	01	0	6	4	1	1	Hit	629	4-9/Ametalstool2.jpg	Ametalstool2.jpg	SPACE	668	SPACE
1447190069383	0	lts_1110L_26_01	26	01	0	7	0	0	0	CR	MAX	128/AARMCHA25.jpg	AARMCHA25.jpg	NOKEY	MAX	NOKEY
1447190072457	0	lts_1110L_26_01	26	01	0	8	0	0	0	CR	MAX	Aframe196.jpg	Aframe196.jpg	NOKEY	MAX	NOKEY
1447190073543	0	lts_1110L_26_01	26	01	0	9	8	1	1	Hit	601	8-2/A52ZX.jpg	A52ZX.jpg	SPACE	652	SPACE
1447190076634	0	lts_1110L_26_01	26	01	0	10	0	0	0	CR	MAX	AINDIAMA3.jpg	AINDIAMA3.jpg	NOKEY	MAX	NOKEY
1447190079708	0	lts_1110L_26_01	26	01	0	11	0	0	0	CR	MAX	AACORN2.jpg	AACORN2.jpg	NOKEY	MAX	NOKEY
1447190082799	0	lts_1110L_26_01	26	01	0	12	0	0	0	CR	MAX	2/funlamp.jpg	funlamp.jpg	NOKEY	MAX	NOKEY
1447190085874	0	lts_1110L_26_01	26	01	0	13	0	0	0	CR	MAX	Aclimbingtool.jpg	Aclimbingtool.jpg	NOKEY	MAX	NOKEY
1447190087094	0	lts_1110L_26_01	26	01	0	14	2	1	1	Hit	738	2-0/funlamp.jpg	funlamp.jpg	SPACE	785	SPACE
1447190090168	0	lts_1110L_26_01	26	01	0	15	0	0	0	CR	MAX	8/Atoyswing.jpg	Atoyswing.jpg	NOKEY	MAX	NOKEY
1447190093243	0	lts_1110L_26_01	26	01	0	16	0	0	0	CR	MAX	Agiftbag20.jpg	Agiftbag20.jpg	NOKEY	MAX	NOKEY
1447190096334	0	lts_1110L_26_01	26	01	0	17	0	0	0	CR	MAX	ATIE16.jpg	ATIE16.jpg	NOKEY	MAX	NOKEY
1447190099425	0	lts_1110L_26_01	26	01	0	18	0	0	0	CR	MAX	ATOOTHBR3.jpg	ATOOTHBR3.jpg	NOKEY	MAX	NOKEY
1447190102499	0	lts_1110L_26_01	26	01	0	19	0	0	0	CR	MAX	128/Adiamondring3.jpg	Adiamondring3.jpg	NOKEY	MAX	NOKEY
1447190105573	0	lts_1110L_26_01	26	01	0	20	0	0	0	CR	MAX	1/A56THUND4.jpg	A56THUND4.jpg	NOKEY	MAX	NOKEY
1447190106558	0	lts_1110L_26_01	26	01	0	21	1	1	1	Hit	494	1-4/A56THUND4.jpg	A56THUND4.jpg	SPACE	536	SPACE
1447190109633	0	lts_1110L_26_01	26	01	0	22	0	0	0	CR	MAX	Amannequin2.jpg	Amannequin2.jpg	NOKEY	MAX	NOKEY
1447190110752	0	lts_1110L_26_01	26	01	0	23	8	1	1	Hit	649	8-first/Atoyswing.jpg	Atoyswing.jpg	SPACE	686	SPACE
1447190113827	0	lts_1110L_26_01	26	01	0	24	0	0	0	CR	MAX	Aeasteregg14.jpg	Aeasteregg14.jpg	NOKEY	MAX	NOKEY
1447190116901	0	lts_1110L_26_01	26	01	0	25	0	0	0	CR	MAX	35310260.thl.jpg	35310260.thl.jpg	NOKEY	MAX	NOKEY
1447190119992	0	lts_1110L_26_01	26	01	0	26	0	0	0	CR	MAX	26421575.thl.jpg	26421575.thl.jpg	NOKEY	MAX	NOKEY
1447190120995	0	lts_1110L_26_01	26	01	0	27	4	1	1	Hit	517	4-mul/Atoyswing.jpg	Atoyswing.jpg	SPACE	567	SPACE
1447190124070	0	lts_1110L_26_01	26	01	0	28	0	0	0	CR	MAX	batslbir.jpg	batslbir.jpg	NOKEY	MAX	NOKEY
1447190127144	0	lts_1110L_26_01	26	01	0	29	0	0	0	CR	MAX	AHUMIDIFI.jpg	AHUMIDIFI.jpg	NOKEY	MAX	NOKEY
1447190130218	0	lts_1110L_26_01	26	01	0	30	0	0	0	CR	MAX	8/butter03.jpg	butter03.jpg	NOKEY	MAX	NOKEY
1447190133293	0	lts_1110L_26_01	26	01	0	31	0	0	0	CR	MAX	1/ASCREW7.jpg	ASCREW7.jpg	NOKEY	MAX	NOKEY
1447190134412	0	lts_1110L_26_01	26	01	0	32	1	1	1	Hit	634	1-10/ASCREW7.jpg	ASCREW7.jpg	SPACE	685	SPACE
1447190137487	0	lts_1110L_26_01	26	01	0	33	0	0	0	CR	MAX	airhocckytable.jpg	airhocckytable.jpg	NOKEY	MAX	NOKEY
1447190140560	0	lts_1110L_26_01	26	01	0	34	0	0	0	CR	MAX	32/AOLDLIFE3.jpg	AOLDLIFE3.jpg	NOKEY	MAX	NOKEY
1447190143635	0	lts_1110L_26_01	26	01	0	35	0	0	0	CR	MAX	Asharktoy.jpg	Asharktoy.jpg	NOKEY	MAX	NOKEY
1447190146709	0	lts_1110L_26_01	26	01	0	36	0	0	0	CR	MAX	16/ACHRIST14.jpg	ACHRIST14.jpg	NOKEY	MAX	NOKEY
1447190149783	0	lts_1110L_26_01	26	01	0	37	0	0	0	CR	MAX	pinballmachine.jpg	pinballmachine.jpg	NOKEY	MAX	NOKEY
1447190150819	0	lts_1110L_26_01	26	01	0	38	8	1	1	Hit	558	8-first/butter03.jpg	butter03.jpg	SPACE	602	SPACE
1447190153910	0	lts_1110L_26_01	26	01	0	39	0	0	0	CR	MAX	64/apparatus.jpg	apparatus.jpg	NOKEY	MAX	NOKEY
1447190157003	0	lts_1110L_26_01	26	01	0	40	0	0	0	CR	MAX	2/Atoy21.jpg	Atoy21.jpg	NOKEY	MAX	NOKEY
1447190160077	0	lts_1110L_26_01	26	01	0	41	0	0	0	CR	MAX	Afrog45.jpg	Afrog45.jpg	NOKEY	MAX	NOKEY
1447190161078	0	lts_1110L_26_01	26	01	0	42	2	1	1	Hit	503	2-3/Atoy21.jpg	Atoy21.jpg	SPACE	551	SPACE
1447190164153	0	lts_1110L_26_01	26	01	0	43	0	0	0	CR	MAX	2/ACANOPEN6.jpg	ACANOPEN6.jpg	NOKEY	MAX	NOKEY
1447190167228	0	lts_1110L_26_01	26	01	0	44	0	0	0	CR	MAX	16/AAMBULAN7.jpg	AAMBULAN7.jpg	NOKEY	MAX	NOKEY
1447190168297	0	lts_1110L_26_01	26	01	0	45	2	1	1	Hit	592	2-6/ACANOPEN6.jpg	ACANOPEN6.jpg	SPACE	634	SPACE
1447190171372	0	lts_1110L_26_01	26	01	0	46	0	0	0	CR	MAX	32/ALAB21.jpg	ALAB21.jpg	NOKEY	MAX	NOKEY
1447190174446	0	lts_1110L_26_01	26	01	0	47	0	0	0	CR	MAX	Aantiquehat4.jpg	Aantiquehat4.jpg	NOKEY	MAX	NOKEY
1447190177520	0	lts_1110L_26_01	26	01	0	48	0	0	0	CR	MAX	Ajetski15.jpg	Ajetski15.jpg	NOKEY	MAX	NOKEY
1447190180594	0	lts_1110L_26_01	26	01	0	49	0	0	0	CR	MAX	64/dragon.jpg	dragon.jpg	NOKEY	MAX	NOKEY
1447190183668	0	lts_1110L_26_01	26	01	0	50	0	0	0	CR	MAX	ACONBENCH.jpg	ACONBENCH.jpg	NOKEY	MAX	NOKEY
1447190186742	0	lts_1110L_26_01	26	01	0	51	0	0	0	CR	MAX	32/22854888.thl.jpg	22854888.thl.jpg	NOKEY	MAX	NOKEY
1447190187828	0	lts_1110L_26_01	26	01	0	52	16	1	1	Hit	605	16-first/ACHRIST14.jpg	ACHRIST14.jpg	SPACE	652	SPACE
1447190190920	0	lts_1110L_26_01	26	01	0	53	0	0	0	CR	MAX	26437064.thl.jpg	26437064.thl.jpg	NOKEY	MAX	NOKEY
1447190191972	0	lts_1110L_26_01	26	01	0	54	16	1	1	Hit	580	16-mul/butter03.jpg	butter03.jpg	SPACE	618	SPACE
1447190195048	0	lts_1110L_26_01	26	01	0	55	0	0	0	CR	MAX	26384871.thl.jpg	26384871.thl.jpg	NOKEY	MAX	NOKEY
1447190196117	0	lts_1110L_26_01	26	01	0	56	4	1	1	Hit	583	4-mul/ACHRIST14.jpg	ACHRIST14.jpg	SPACE	634	SPACE
1447190199191	0	lts_1110L_26_01	26	01	0	57	0	0	0	CR	MAX	Aclowguit.jpg	Aclowguit.jpg	NOKEY	MAX	NOKEY
1447190202265	0	lts_1110L_26_01	26	01	0	58	0	0	0	CR	MAX	ipod01.jpg	ipod01.jpg	NOKEY	MAX	NOKEY
1447190205340	0	lts_1110L_26_01	26	01	0	59	0	0	0	CR	MAX	AWATERFL3.jpg	AWATERFL3.jpg	NOKEY	MAX	NOKEY
1447190206376	0	lts_1110L_26_01	26	01	0	60	16	1	1	Hit	551	16-first/AAMBULAN7.jpg	AAMBULAN7.jpg	SPACE	601	SPACE
1447190209517	0	lts_1110L_26_01	26	01	0	61	0	0	0	CR	MAX	ABATHSALT.jpg	ABATHSALT.jpg	NOKEY	MAX	NOKEY
1447190212590	0	lts_1110L_26_01	26	01	0	62	0	0	0	CR	MAX	Ababybottle15.jpg	Ababybottle15.jpg	NOKEY	MAX	NOKEY
1447190215665	0	lts_1110L_26_01	26	01	0	63	0	0	0	CR	MAX	ACRIB18.jpg	ACRIB18.jpg	NOKEY	MAX	NOKEY
1447190216667	0	lts_1110L_26_01	26	01	0	64	4	1	1	Hit	524	4-mul/AAMBULAN7.jpg	AAMBULAN7.jpg	SPACE	569	SPACE
1447190219742	0	lts_1110L_26_01	26	01	0	65	0	0	0	CR	MAX	Atoybucketan4.jpg	Atoybucketan4.jpg	NOKEY	MAX	NOKEY
1447190220911	0	lts_1110L_26_01	26	01	0	66	32	1	1	Hit	694	32-1/AOLDLIFE3.jpg	AOLDLIFE3.jpg	SPACE	736	SPACE
1447190224103	0	lts_1110L_26_01	26	01	0	67	0	0	0	CR	MAX	Anotepad9.jpg	Anotepad9.jpg	NOKEY	MAX	NOKEY
1447190227178	0	lts_1110L_26_01	26	01	0	68	0	0	0	CR	MAX	ASATELLIT.jpg	ASATELLIT.jpg	NOKEY	MAX	NOKEY
1447190230252	0	lts_1110L_26_01	26	01	0	69	0	0	0	CR	MAX	64/Afoodprocess4.jpg	Afoodprocess4.jpg	NOKEY	MAX	NOKEY
1447190233326	0	lts_1110L_26_01	26	01	0	70	0	0	0	CR	MAX	AMUSISTA2.jpg	AMUSISTA2.jpg	NOKEY	MAX	NOKEY
1447190236401	0	lts_1110L_26_01	26	01	0	71	0	0	0	CR	MAX	Adecorativet3.jpg	Adecorativet3.jpg	NOKEY	MAX	NOKEY
1447190239558	0	lts_1110L_26_01	26	01	0	72	0	0	0	CR	MAX	Aplastictestt.jpg	Aplastictestt.jpg	NOKEY	MAX	NOKEY
1447190242732	0	lts_1110L_26_01	26	01	0	73	0	0	0	CR	MAX	2/ACURLINGI.jpg	ACURLINGI.jpg	NOKEY	MAX	NOKEY
1447190245907	0	lts_1110L_26_01	26	01	0	74	0	0	0	CR	MAX	Atwowayradio2.jpg	Atwowayradio2.jpg	NOKEY	MAX	NOKEY
1447190246960	0	lts_1110L_26_01	26	01	0	75	2	1	1	Hit	579	2-12/ACURLINGI.jpg	ACURLINGI.jpg	SPACE	618	SPACE
1447190250235	0	lts_1110L_26_01	26	01	0	76	0	0	0	CR	MAX	64/26428540.thl.jpg	26428540.thl.jpg	NOKEY	MAX	NOKEY
1447190253460	0	lts_1110L_26_01	26	01	0	77	0	0	0	CR	MAX	26424784.thl.jpg	26424784.thl.jpg	NOKEY	MAX	NOKEY
1447190254595	0	lts_1110L_26_01	26	01	0	78	32	1	1	Hit	666	32-4/ALAB21.jpg	ALAB21.jpg	SPACE	701	SPACE
1447190257670	0	lts_1110L_26_01	26	01	0	79	0	0	0	CR	MAX	Abird41.jpg	Abird41.jpg	NOKEY	MAX	NOKEY
1447190260744	0	lts_1110L_26_01	26	01	0	80	0	0	0	CR	MAX	1/ATROWEL2.jpg	ATROWEL2.jpg	NOKEY	MAX	NOKEY
1447190261713	0	lts_1110L_26_01	26	01	0	81	1	1	1	Hit	491	1-12/ATROWEL2.jpg	ATROWEL2.jpg	SPACE	535	SPACE
1447190264938	0	lts_1110L_26_01	26	01	0	82	0	0	0	CR	MAX	Chevypickup.jpg	Chevypickup.jpg	NOKEY	MAX	NOKEY
1447190265991	0	lts_1110L_26_01	26	01	0	83	32	1	1	Hit	577	32-5/22854888.thl.jpg	22854888.thl.jpg	SPACE	619	SPACE
1447190269066	0	lts_1110L_26_01	26	01	0	84	0	0	0	CR	MAX	1/Agluegun.jpg	Agluegun.jpg	NOKEY	MAX	NOKEY
1447190270002	0	lts_1110L_26_01	26	01	0	85	1	1	1	Hit	460	1-7/Agluegun.jpg	Agluegun.jpg	SPACE	501	SPACE
1447190273226	0	lts_1110L_26_01	26	01	0	86	0	0	0	CR	MAX	AHUBBLE.jpg	AHUBBLE.jpg	NOKEY	MAX	NOKEY
1447190276451	0	lts_1110L_26_01	26	01	0	87	0	0	0	CR	MAX	4/Atoy17.jpg	Atoy17.jpg	NOKEY	MAX	NOKEY
1447190279525	0	lts_1110L_26_01	26	01	0	88	0	0	0	CR	MAX	8/26391079.thl.jpg	26391079.thl.jpg	NOKEY	MAX	NOKEY
1447190282599	0	lts_1110L_26_01	26	01	0	89	0	0	0	CR	MAX	ASHOTCAS2.jpg	ASHOTCAS2.jpg	NOKEY	MAX	NOKEY
1447190285673	0	lts_1110L_26_01	26	01	0	90	0	0	0	CR	MAX	23024623.thl.jpg	23024623.thl.jpg	NOKEY	MAX	NOKEY
1447190286826	0	lts_1110L_26_01	26	01	0	91	4	1	1	Hit	674	4-10/Atoy17.jpg	Atoy17.jpg	SPACE	719	SPACE
1447190290052	0	lts_1110L_26_01	26	01	0	92	0	0	0	CR	MAX	Acamelsculpt2.jpg	Acamelsculpt2.jpg	NOKEY	MAX	NOKEY
1447190293260	0	lts_1110L_26_01	26	01	0	93	0	0	0	CR	MAX	1/snail.jpg	snail.jpg	NOKEY	MAX	NOKEY
1447190294212	0	lts_1110L_26_01	26	01	0	94	1	1	1	Hit	479	1-1/snail.jpg	snail.jpg	SPACE	517	SPACE
1447190297286	0	lts_1110L_26_01	26	01	0	95	0	0	0	CR	MAX	ADART3.jpg	ADART3.jpg	NOKEY	MAX	NOKEY
1447190298305	0	lts_1110L_26_01	26	01	0	96	8	1	1	Hit	534	8-first/26391079.thl.jpg	26391079.thl.jpg	SPACE	584	SPACE
1447190301380	0	lts_1110L_26_01	26	01	0	97	0	0	0	CR	MAX	Apairofrubbe3.jpg	Apairofrubbe3.jpg	NOKEY	MAX	NOKEY
1447190304570	0	lts_1110L_26_01	26	01	0	98	0	0	0	CR	MAX	Adiscoball2.jpg	Adiscoball2.jpg	NOKEY	MAX	NOKEY
1447190307645	0	lts_1110L_26_01	26	01	0	99	0	0	0	CR	MAX	fork-a.jpg	fork-a.jpg	NOKEY	MAX	NOKEY
1447190308731	0	lts_1110L_26_01	26	01	0	100	4	1	1	Hit	604	4-mul/26391079.thl.jpg	26391079.thl.jpg	SPACE	653	SPACE
1447190311905	0	lts_1110L_26_01	26	01	0	101	0	0	0	CR	MAX	Atropicalpine.jpg	Atropicalpine.jpg	NOKEY	MAX	NOKEY
1447190315047	0	lts_1110L_26_01	26	01	0	102	0	0	0	CR	MAX	AGARLICCO.jpg	AGARLICCO.jpg	NOKEY	MAX	NOKEY
1447190318121	0	lts_1110L_26_01	26	01	0	103	64	1	0	Miss	MAX	64-first/apparatus.jpg	apparatus.jpg	NOKEY	MAX	SPACE
1447190321313	0	lts_1110L_26_01	26	01	0	104	0	0	0	CR	MAX	Aavocado7.jpg	Aavocado7.jpg	NOKEY	MAX	NOKEY
1447190322516	0	lts_1110L_26_01	26	01	0	105	2	1	1	Hit	728	2-mul/apparatus.jpg	apparatus.jpg	SPACE	769	SPACE
1447190325589	0	lts_1110L_26_01	26	01	0	106	0	0	0	CR	MAX	Abicyclekick2.jpg	Abicyclekick2.jpg	NOKEY	MAX	NOKEY
1447190328664	0	lts_1110L_26_01	26	01	0	107	0	0	0	CR	MAX	AGLASSBO7.jpg	AGLASSBO7.jpg	NOKEY	MAX	NOKEY
1447190331872	0	lts_1110L_26_01	26	01	0	108	0	0	0	CR	MAX	2/Astampandseal.jpg	Astampandseal.jpg	NOKEY	MAX	NOKEY
1447190334946	0	lts_1110L_26_01	26	01	0	109	0	0	0	CR	MAX	AAEROBENC.jpg	AAEROBENC.jpg	NOKEY	MAX	NOKEY
1447190336117	0	lts_1110L_26_01	26	01	0	110	2	1	1	Hit	684	2-13/Astampandseal.jpg	Astampandseal.jpg	SPACE	735	SPACE
1447190339191	0	lts_1110L_26_01	26	01	0	111	0	0	0	CR	MAX	AARTIVE6.jpg	AARTIVE6.jpg	NOKEY	MAX	NOKEY
1447190342265	0	lts_1110L_26_01	26	01	0	112	0	0	0	CR	MAX	ASTRAINE8.jpg	ASTRAINE8.jpg	NOKEY	MAX	NOKEY
1447190343418	0	lts_1110L_26_01	26	01	0	113	64	1	1	Hit	668	64-first/dragon.jpg	dragon.jpg	SPACE	718	SPACE
1447190346609	0	lts_1110L_26_01	26	01	0	114	0	0	0	CR	MAX	footballpads.jpg	footballpads.jpg	NOKEY	MAX	NOKEY
1447190349683	0	lts_1110L_26_01	26	01	0	115	0	0	0	CR	MAX	ABPIECE2.jpg	ABPIECE2.jpg	NOKEY	MAX	NOKEY
1447190352774	0	lts_1110L_26_01	26	01	0	116	0	0	0	CR	MAX	26373068.thl.jpg	26373068.thl.jpg	NOKEY	MAX	NOKEY
1447190353760	0	lts_1110L_26_01	26	01	0	117	4	1	1	Hit	515	4-mul/dragon.jpg	dragon.jpg	SPACE	552	SPACE
1447190356935	0	lts_1110L_26_01	26	01	0	118	0	0	0	CR	MAX	Abrownbagwith.jpg	Abrownbagwith.jpg	NOKEY	MAX	NOKEY
1447190360076	0	lts_1110L_26_01	26	01	0	119	0	0	0	CR	MAX	8/AMETICUBE.jpg	AMETICUBE.jpg	NOKEY	MAX	NOKEY
1447190363151	0	lts_1110L_26_01	26	01	0	120	0	0	0	CR	MAX	32/ATOWER3.jpg	ATOWER3.jpg	NOKEY	MAX	NOKEY
1447190366225	0	lts_1110L_26_01	26	01	0	121	0	0	0	CR	MAX	Abeermug11.jpg	Abeermug11.jpg	NOKEY	MAX	NOKEY
1447190369450	0	lts_1110L_26_01	26	01	0	122	0	0	0	CR	MAX	22852032.thl.jpg	22852032.thl.jpg	NOKEY	MAX	NOKEY
1447190372525	0	lts_1110L_26_01	26	01	0	123	0	0	0	CR	MAX	1/22925624.thl.jpg	22925624.thl.jpg	NOKEY	MAX	NOKEY
1447190373593	0	lts_1110L_26_01	26	01	0	124	1	1	1	Hit	598	1-6/22925624.thl.jpg	22925624.thl.jpg	SPACE	636	SPACE
1447190376667	0	lts_1110L_26_01	26	01	0	125	0	0	0	CR	MAX	9815480.thl.jpg	9815480.thl.jpg	NOKEY	MAX	NOKEY
1447190379808	0	lts_1110L_26_01	26	01	0	126	0	0	0	CR	MAX	26465824.thl.jpg	26465824.thl.jpg	NOKEY	MAX	NOKEY
1447190380945	0	lts_1110L_26_01	26	01	0	127	8	1	1	Hit	664	8-first/AMETICUBE.jpg	AMETICUBE.jpg	SPACE	703	SPACE
1447190384020	0	lts_1110L_26_01	26	01	0	128	0	0	0	CR	MAX	Ameasuringsp5.jpg	Ameasuringsp5.jpg	NOKEY	MAX	NOKEY
1447190385139	0	lts_1110L_26_01	26	01	0	129	2	1	1	Hit	644	2-mul/AMETICUBE.jpg	AMETICUBE.jpg	SPACE	684	SPACE
1447190388414	0	lts_1110L_26_01	26	01	0	130	0	0	0	CR	MAX	AWASHSIGN.jpg	AWASHSIGN.jpg	NOKEY	MAX	NOKEY
1447190391488	0	lts_1110L_26_01	26	01	0	131	0	0	0	CR	MAX	Aextensionco8.jpg	Aextensionco8.jpg	NOKEY	MAX	NOKEY
1447190394679	0	lts_1110L_26_01	26	01	0	132	0	0	0	CR	MAX	26424133.thl.jpg	26424133.thl.jpg	NOKEY	MAX	NOKEY
1447190395865	0	lts_1110L_26_01	26	01	0	133	64	1	1	Hit	713	64-first/Afoodprocess4.jpg	Afoodprocess4.jpg	SPACE	753	SPACE
1447190398940	0	lts_1110L_26_01	26	01	0	134	0	0	0	CR	MAX	AFOOTST26.jpg	AFOOTST26.jpg	NOKEY	MAX	NOKEY
1447190402015	0	lts_1110L_26_01	26	01	0	135	128	1	0	Miss	MAX	128-7/AARMCHA25.jpg	AARMCHA25.jpg	NOKEY	MAX	SPACE
1447190405106	0	lts_1110L_26_01	26	01	0	136	0	0	0	CR	MAX	Abellcookiec3.jpg	Abellcookiec3.jpg	NOKEY	MAX	NOKEY
1447190406158	0	lts_1110L_26_01	26	01	0	137	4	1	1	Hit	572	4-mul/Afoodprocess4.jpg	Afoodprocess4.jpg	SPACE	618	SPACE
1447190409233	0	lts_1110L_26_01	26	01	0	138	0	0	0	CR	MAX	32/Lanyard.jpg	Lanyard.jpg	NOKEY	MAX	NOKEY
1447190412307	0	lts_1110L_26_01	26	01	0	139	0	0	0	CR	MAX	Abicycleshoe.jpg	Abicycleshoe.jpg	NOKEY	MAX	NOKEY
1447190413443	0	lts_1110L_26_01	26	01	0	140	64	1	1	Hit	654	64-first/26428540.thl.jpg	26428540.thl.jpg	SPACE	701	SPACE
1447190416518	0	lts_1110L_26_01	26	01	0	141	0	0	0	CR	MAX	AARCCHAR2.jpg	AARCCHAR2.jpg	NOKEY	MAX	NOKEY
1447190419591	0	lts_1110L_26_01	26	01	0	142	0	0	0	CR	MAX	Arake4.jpg	Arake4.jpg	NOKEY	MAX	NOKEY
1447190422666	0	lts_1110L_26_01	26	01	0	143	0	0	0	CR	MAX	1/Aheartmonito4.jpg	Aheartmonito4.jpg	NOKEY	MAX	NOKEY
1447190423651	0	lts_1110L_26_01	26	01	0	144	1	1	1	Hit	509	1-5/Aheartmonito4.jpg	Aheartmonito4.jpg	SPACE	552	SPACE
1447190426726	0	lts_1110L_26_01	26	01	0	145	0	0	0	CR	MAX	Ablackleather.jpg	Ablackleather.jpg	NOKEY	MAX	NOKEY
1447190429917	0	lts_1110L_26_01	26	01	0	146	0	0	0	CR	MAX	AARTPLANT.jpg	AARTPLANT.jpg	NOKEY	MAX	NOKEY
1447190431121	0	lts_1110L_26_01	26	01	0	147	128	1	1	Hit	728	128-0/Adiamondring3.jpg	Adiamondring3.jpg	SPACE	768	SPACE
1447190434362	0	lts_1110L_26_01	26	01	0	148	0	0	0	CR	MAX	128/Abib2.jpg	Abib2.jpg	NOKEY	MAX	NOKEY
1447190437453	0	lts_1110L_26_01	26	01	0	149	0	0	0	CR	MAX	AWOODPYRA.jpg	AWOODPYRA.jpg	NOKEY	MAX	NOKEY
1447190440528	0	lts_1110L_26_01	26	01	0	150	0	0	0	CR	MAX	AHOOK11.jpg	AHOOK11.jpg	NOKEY	MAX	NOKEY
1447190443601	0	lts_1110L_26_01	26	01	0	151	0	0	0	CR	MAX	16/ABAROMET2.jpg	ABAROMET2.jpg	NOKEY	MAX	NOKEY
1447190445072	0	lts_1110L_26_01	26	01	0	152	32	1	1	Hit	994	32-9/ATOWER3.jpg	ATOWER3.jpg	SPACE	1036	SPACE
1447190448147	0	lts_1110L_26_01	26	01	0	153	0	0	0	CR	MAX	8/Abowl74.jpg	Abowl74.jpg	NOKEY	MAX	NOKEY
1447190451221	0	lts_1110L_26_01	26	01	0	154	0	0	0	CR	MAX	AAIRGRIN2.jpg	AAIRGRIN2.jpg	NOKEY	MAX	NOKEY
1447190454295	0	lts_1110L_26_01	26	01	0	155	0	0	0	CR	MAX	AWEDCOU19.jpg	AWEDCOU19.jpg	NOKEY	MAX	NOKEY
1447190455298	0	lts_1110L_26_01	26	01	0	156	16	1	1	Hit	517	16-mul/26428540.thl.jpg	26428540.thl.jpg	SPACE	567	SPACE
1447190458372	0	lts_1110L_26_01	26	01	0	157	0	0	0	CR	MAX	cigarette03.jpg	cigarette03.jpg	NOKEY	MAX	NOKEY
1447190461447	0	lts_1110L_26_01	26	01	0	158	0	0	0	CR	MAX	ATUNFORK2.jpg	ATUNFORK2.jpg	NOKEY	MAX	NOKEY
1447190464521	0	lts_1110L_26_01	26	01	0	159	0	0	0	CR	MAX	128/ASTEAMER4.jpg	ASTEAMER4.jpg	NOKEY	MAX	NOKEY
1447190467594	0	lts_1110L_26_01	26	01	0	160	0	0	0	CR	MAX	Acampingknife.jpg	Acampingknife.jpg	NOKEY	MAX	NOKEY
1447190468664	0	lts_1110L_26_01	26	01	0	161	8	1	1	Hit	589	8-first/Abowl74.jpg	Abowl74.jpg	SPACE	636	SPACE
1447190471839	0	lts_1110L_26_01	26	01	0	162	0	0	0	CR	MAX	26686595.thl.jpg	26686595.thl.jpg	NOKEY	MAX	NOKEY
1447190474929	0	lts_1110L_26_01	26	01	0	163	0	0	0	CR	MAX	Atelephoneja2.jpg	Atelephoneja2.jpg	NOKEY	MAX	NOKEY
1447190478004	0	lts_1110L_26_01	26	01	0	164	0	0	0	CR	MAX	32/AMANGO.jpg	AMANGO.jpg	NOKEY	MAX	NOKEY
1447190481079	0	lts_1110L_26_01	26	01	0	165	0	0	0	CR	MAX	AHOSPCAR3.jpg	AHOSPCAR3.jpg	NOKEY	MAX	NOKEY
1447190484153	0	lts_1110L_26_01	26	01	0	166	0	0	0	CR	MAX	64/26421536.thl.jpg	26421536.thl.jpg	NOKEY	MAX	NOKEY
1447190485189	0	lts_1110L_26_01	26	01	0	167	16	1	1	Hit	564	16-1/ABAROMET2.jpg	ABAROMET2.jpg	SPACE	601	SPACE
1447190488264	0	lts_1110L_26_01	26	01	0	168	0	0	0	CR	MAX	26428057.thl.jpg	26428057.thl.jpg	NOKEY	MAX	NOKEY
1447190491338	0	lts_1110L_26_01	26	01	0	169	0	0	0	CR	MAX	ALAMP45.jpg	ALAMP45.jpg	NOKEY	MAX	NOKEY
1447190492458	0	lts_1110L_26_01	26	01	0	170	32	1	1	Hit	641	32-3/Lanyard.jpg	Lanyard.jpg	SPACE	684	SPACE
1447190495532	0	lts_1110L_26_01	26	01	0	171	0	0	0	CR	MAX	ABULLMASK.jpg	ABULLMASK.jpg	NOKEY	MAX	NOKEY
1447190498839	0	lts_1110L_26_01	26	01	0	172	0	0	0	CR	MAX	16/Alock34.jpg	Alock34.jpg	NOKEY	MAX	NOKEY
1447190501914	0	lts_1110L_26_01	26	01	0	173	0	0	0	CR	MAX	64/Aroulette.jpg	Aroulette.jpg	NOKEY	MAX	NOKEY
1447190504988	0	lts_1110L_26_01	26	01	0	174	0	0	0	CR	MAX	26374089.thl.jpg	26374089.thl.jpg	NOKEY	MAX	NOKEY
1447190508063	0	lts_1110L_26_01	26	01	0	175	0	0	0	CR	MAX	ACHEESEB3.jpg	ACHEESEB3.jpg	NOKEY	MAX	NOKEY
1447190511288	0	lts_1110L_26_01	26	01	0	176	0	0	0	CR	MAX	8/AXYLOPHN2.jpg	AXYLOPHN2.jpg	NOKEY	MAX	NOKEY
1447190512407	0	lts_1110L_26_01	26	01	0	177	16	1	1	Hit	637	16-mul/Abowl74.jpg	Abowl74.jpg	SPACE	684	SPACE
1447190515482	0	lts_1110L_26_01	26	01	0	178	0	0	0	CR	MAX	1/22875384.thl.jpg	22875384.thl.jpg	NOKEY	MAX	NOKEY
1447190516484	0	lts_1110L_26_01	26	01	0	179	1	1	1	Hit	523	1-14/22875384.thl.jpg	22875384.thl.jpg	SPACE	568	SPACE
1447190519558	0	lts_1110L_26_01	26	01	0	180	0	0	0	CR	MAX	AHIBACHI.jpg	AHIBACHI.jpg	NOKEY	MAX	NOKEY
1447190522632	0	lts_1110L_26_01	26	01	0	181	0	0	0	CR	MAX	AHOSPWAS2.jpg	AHOSPWAS2.jpg	NOKEY	MAX	NOKEY
1447190525840	0	lts_1110L_26_01	26	01	0	182	0	0	0	CR	MAX	Aflower103.jpg	Aflower103.jpg	NOKEY	MAX	NOKEY
1447190528914	0	lts_1110L_26_01	26	01	0	183	0	0	0	CR	MAX	butterflycross-stitch.jpg	butterflycross-stitch.jpg	NOKEY	MAX	NOKEY
1447190530018	0	lts_1110L_26_01	26	01	0	184	8	1	1	Hit	634	8-first/AXYLOPHN2.jpg	AXYLOPHN2.jpg	SPACE	668	SPACE
1447190533092	0	lts_1110L_26_01	26	01	0	185	0	0	0	CR	MAX	8252065.thl.jpg	8252065.thl.jpg	NOKEY	MAX	NOKEY
1447190534178	0	lts_1110L_26_01	26	01	0	186	2	1	1	Hit	604	2-mul/AXYLOPHN2.jpg	AXYLOPHN2.jpg	SPACE	651	SPACE
1447190537253	0	lts_1110L_26_01	26	01	0	187	0	0	0	CR	MAX	Achair608.jpg	Achair608.jpg	NOKEY	MAX	NOKEY
1447190538422	0	lts_1110L_26_01	26	01	0	188	16	1	1	Hit	685	16-first/Alock34.jpg	Alock34.jpg	SPACE	735	SPACE
1447190541497	0	lts_1110L_26_01	26	01	0	189	0	0	0	CR	MAX	26466258.thl.jpg	26466258.thl.jpg	NOKEY	MAX	NOKEY
1447190544570	0	lts_1110L_26_01	26	01	0	190	0	0	0	CR	MAX	AHEADSET.jpg	AHEADSET.jpg	NOKEY	MAX	NOKEY
1447190547645	0	lts_1110L_26_01	26	01	0	191	0	0	0	CR	MAX	128/AGRATER.jpg	AGRATER.jpg	NOKEY	MAX	NOKEY
1447190548714	0	lts_1110L_26_01	26	01	0	192	4	1	1	Hit	588	4-mul/Alock34.jpg	Alock34.jpg	SPACE	636	SPACE
1447190551788	0	lts_1110L_26_01	26	01	0	193	0	0	0	CR	MAX	16/Ayoungbobcat.jpg	Ayoungbobcat.jpg	NOKEY	MAX	NOKEY
1447190555014	0	lts_1110L_26_01	26	01	0	194	0	0	0	CR	MAX	Ablouse2.jpg	Ablouse2.jpg	NOKEY	MAX	NOKEY
1447190558088	0	lts_1110L_26_01	26	01	0	195	0	0	0	CR	MAX	4/ACHEEGRA3.jpg	ACHEEGRA3.jpg	NOKEY	MAX	NOKEY
1447190559308	0	lts_1110L_26_01	26	01	0	196	32	1	1	Hit	738	32-0/AMANGO.jpg	AMANGO.jpg	SPACE	784	SPACE
1447190562382	0	lts_1110L_26_01	26	01	0	197	0	0	0	CR	MAX	Aceramichous2.jpg	Aceramichous2.jpg	NOKEY	MAX	NOKEY
1447190565457	0	lts_1110L_26_01	26	01	0	198	0	0	0	CR	MAX	4/AHANDRAK.jpg	AHANDRAK.jpg	NOKEY	MAX	NOKEY
1447190566709	0	lts_1110L_26_01	26	01	0	199	4	1	1	Hit	780	4-7/ACHEEGRA3.jpg	ACHEEGRA3.jpg	SPACE	819	SPACE
1447190569933	0	lts_1110L_26_01	26	01	0	200	0	0	0	CR	MAX	AMEASDEVI.jpg	AMEASDEVI.jpg	NOKEY	MAX	NOKEY
1447190573176	0	lts_1110L_26_01	26	01	0	201	0	0	0	CR	MAX	bagelslicer.jpg	bagelslicer.jpg	NOKEY	MAX	NOKEY
1447190574245	0	lts_1110L_26_01	26	01	0	202	4	1	1	Hit	590	4-1/AHANDRAK.jpg	AHANDRAK.jpg	SPACE	635	SPACE
1447190577320	0	lts_1110L_26_01	26	01	0	203	0	0	0	CR	MAX	Aheadlightan2.jpg	Aheadlightan2.jpg	NOKEY	MAX	NOKEY
1447190580394	0	lts_1110L_26_01	26	01	0	204	0	0	0	CR	MAX	ASTONEOWL.jpg	ASTONEOWL.jpg	NOKEY	MAX	NOKEY
1447190583701	0	lts_1110L_26_01	26	01	0	205	0	0	0	CR	MAX	23019499.thl.jpg	23019499.thl.jpg	NOKEY	MAX	NOKEY
1447190586776	0	lts_1110L_26_01	26	01	0	206	0	0	0	CR	MAX	ACOFFPOT7.jpg	ACOFFPOT7.jpg	NOKEY	MAX	NOKEY
1447190590001	0	lts_1110L_26_01	26	01	0	207	0	0	0	CR	MAX	8/26420069.thl.jpg	26420069.thl.jpg	NOKEY	MAX	NOKEY
1447190593076	0	lts_1110L_26_01	26	01	0	208	0	0	0	CR	MAX	moneyslotmachine.jpg	moneyslotmachine.jpg	NOKEY	MAX	NOKEY
1447190594128	0	lts_1110L_26_01	26	01	0	209	16	1	1	Hit	578	16-0/Ayoungbobcat.jpg	Ayoungbobcat.jpg	SPACE	618	SPACE
1447190597203	0	lts_1110L_26_01	26	01	0	210	0	0	0	CR	MAX	Achair1260.jpg	Achair1260.jpg	NOKEY	MAX	NOKEY
1447190600277	0	lts_1110L_26_01	26	01	0	211	0	0	0	CR	MAX	26687325.thl.jpg	26687325.thl.jpg	NOKEY	MAX	NOKEY
1447190603351	0	lts_1110L_26_01	26	01	0	212	0	0	0	CR	MAX	AABSTRACT.jpg	AABSTRACT.jpg	NOKEY	MAX	NOKEY
1447190606426	0	lts_1110L_26_01	26	01	0	213	0	0	0	CR	MAX	Awindmill3.jpg	Awindmill3.jpg	NOKEY	MAX	NOKEY
1447190609500	0	lts_1110L_26_01	26	01	0	214	0	0	0	CR	MAX	8080484.thl.jpg	8080484.thl.jpg	NOKEY	MAX	NOKEY
1447190610652	0	lts_1110L_26_01	26	01	0	215	8	1	1	Hit	673	8-1/26420069.thl.jpg	26420069.thl.jpg	SPACE	718	SPACE
1447190613727	0	lts_1110L_26_01	26	01	0	216	0	0	0	CR	MAX	A_flower.jpg	A_flower.jpg	NOKEY	MAX	NOKEY
1447190616934	0	lts_1110L_26_01	26	01	0	217	0	0	0	CR	MAX	Adrinkinggl21.jpg	Adrinkinggl21.jpg	NOKEY	MAX	NOKEY
1447190620010	0	lts_1110L_26_01	26	01	0	218	0	0	0	CR	MAX	1/Anailbrush3.jpg	Anailbrush3.jpg	NOKEY	MAX	NOKEY
1447190621029	0	lts_1110L_26_01	26	01	0	219	1	1	1	Hit	545	1-3/Anailbrush3.jpg	Anailbrush3.jpg	SPACE	584	SPACE
1447190624254	0	lts_1110L_26_01	26	01	0	220	0	0	0	CR	MAX	Amistingwate3.jpg	Amistingwate3.jpg	NOKEY	MAX	NOKEY
1447190627328	0	lts_1110L_26_01	26	01	0	221	0	0	0	CR	MAX	2/26423477.thl.jpg	26423477.thl.jpg	NOKEY	MAX	NOKEY
1447190630402	0	lts_1110L_26_01	26	01	0	222	0	0	0	CR	MAX	broccoli.jpg	broccoli.jpg	NOKEY	MAX	NOKEY
1447190631538	0	lts_1110L_26_01	26	01	0	223	2	1	1	Hit	658	2-8/26423477.thl.jpg	26423477.thl.jpg	SPACE	701	SPACE
1447190634712	0	lts_1110L_26_01	26	01	0	224	0	0	0	CR	MAX	2/22856988.thl.jpg	22856988.thl.jpg	NOKEY	MAX	NOKEY
1447190637937	0	lts_1110L_26_01	26	01	0	225	0	0	0	CR	MAX	ATRUNK15.jpg	ATRUNK15.jpg	NOKEY	MAX	NOKEY
1447190639040	0	lts_1110L_26_01	26	01	0	226	2	1	1	Hit	622	2-9/22856988.thl.jpg	22856988.thl.jpg	SPACE	669	SPACE
1447190642115	0	lts_1110L_26_01	26	01	0	227	0	0	0	CR	MAX	ASHRIMP3.jpg	ASHRIMP3.jpg	NOKEY	MAX	NOKEY
1447190645189	0	lts_1110L_26_01	26	01	0	228	0	0	0	CR	MAX	22883664.thl.jpg	22883664.thl.jpg	NOKEY	MAX	NOKEY
1447190648264	0	lts_1110L_26_01	26	01	0	229	0	0	0	CR	MAX	128/AANTFRYI2.jpg	AANTFRYI2.jpg	NOKEY	MAX	NOKEY
1447190651338	0	lts_1110L_26_01	26	01	0	230	64	1	0	Miss	MAX	64-first/26421536.thl.jpg	26421536.thl.jpg	NOKEY	MAX	SPACE
1447190654412	0	lts_1110L_26_01	26	01	0	231	0	0	0	CR	MAX	ADRESSE14.jpg	ADRESSE14.jpg	NOKEY	MAX	NOKEY
1447190657586	0	lts_1110L_26_01	26	01	0	232	0	0	0	CR	MAX	32/AADZUKIB2.jpg	AADZUKIB2.jpg	NOKEY	MAX	NOKEY
1447190660794	0	lts_1110L_26_01	26	01	0	233	0	0	0	CR	MAX	ACUTLERY5.jpg	ACUTLERY5.jpg	NOKEY	MAX	NOKEY
1447190663868	0	lts_1110L_26_01	26	01	0	234	0	0	0	CR	MAX	22919000.thl.jpg	22919000.thl.jpg	NOKEY	MAX	NOKEY
1447190667077	0	lts_1110L_26_01	26	01	0	235	0	0	0	CR	MAX	Afoodproces13.jpg	Afoodproces13.jpg	NOKEY	MAX	NOKEY
1447190670152	0	lts_1110L_26_01	26	01	0	236	0	0	0	CR	MAX	ACOUNTING.jpg	ACOUNTING.jpg	NOKEY	MAX	NOKEY
1447190671772	0	lts_1110L_26_01	26	01	0	237	64	1	1	Hit	1126	64-first/Aroulette.jpg	Aroulette.jpg	SPACE	1170	SPACE
1447190674862	0	lts_1110L_26_01	26	01	0	238	0	0	0	CR	MAX	Afunnel17.jpg	Afunnel17.jpg	NOKEY	MAX	NOKEY
1447190677937	0	lts_1110L_26_01	26	01	0	239	0	0	0	CR	MAX	Atoy57.jpg	Atoy57.jpg	NOKEY	MAX	NOKEY
1447190681012	0	lts_1110L_26_01	26	01	0	240	0	0	0	CR	MAX	32/ARETRACT2.jpg	ARETRACT2.jpg	NOKEY	MAX	NOKEY
1447190684086	0	lts_1110L_26_01	26	01	0	241	0	0	0	CR	MAX	AFOODTAB2.jpg	AFOODTAB2.jpg	NOKEY	MAX	NOKEY
1447190687161	0	lts_1110L_26_01	26	01	0	242	0	0	0	CR	MAX	26421106.thl.jpg	26421106.thl.jpg	NOKEY	MAX	NOKEY
1447190690235	0	lts_1110L_26_01	26	01	0	243	0	0	0	CR	MAX	ALAUNHAMP.jpg	ALAUNHAMP.jpg	NOKEY	MAX	NOKEY
1447190693310	0	lts_1110L_26_01	26	01	0	244	0	0	0	CR	MAX	ALUNCHBO3.jpg	ALUNCHBO3.jpg	NOKEY	MAX	NOKEY
1447190696384	0	lts_1110L_26_01	26	01	0	245	0	0	0	CR	MAX	Ajuicer9.jpg	Ajuicer9.jpg	NOKEY	MAX	NOKEY
1447190697586	0	lts_1110L_26_01	26	01	0	246	16	1	1	Hit	718	16-mul/26421536.thl.jpg	26421536.thl.jpg	SPACE	769	SPACE
1447190700660	0	lts_1110L_26_01	26	01	0	247	0	0	0	CR	MAX	1/Ablackcamera4.jpg	Ablackcamera4.jpg	NOKEY	MAX	NOKEY
1447190701630	0	lts_1110L_26_01	26	01	0	248	1	1	1	Hit	485	1-2/Ablackcamera4.jpg	Ablackcamera4.jpg	SPACE	535	SPACE
1447190704721	0	lts_1110L_26_01	26	01	0	249	0	0	0	CR	MAX	2/AHOSPCRI3.jpg	AHOSPCRI3.jpg	NOKEY	MAX	NOKEY
1447190707795	0	lts_1110L_26_01	26	01	0	250	0	0	0	CR	MAX	16/ABOWLCARV.jpg	ABOWLCARV.jpg	NOKEY	MAX	NOKEY
1447190708964	0	lts_1110L_26_01	26	01	0	251	2	1	1	Hit	685	2-11/AHOSPCRI3.jpg	AHOSPCRI3.jpg	SPACE	736	SPACE
1447190712040	0	lts_1110L_26_01	26	01	0	252	0	0	0	CR	MAX	32/trapezebars.jpg	trapezebars.jpg	NOKEY	MAX	NOKEY
1447190713159	0	lts_1110L_26_01	26	01	0	253	16	1	1	Hit	644	16-mul/Aroulette.jpg	Aroulette.jpg	SPACE	685	SPACE
1447190716233	0	lts_1110L_26_01	26	01	0	254	0	0	0	CR	MAX	strawberrytart.jpg	strawberrytart.jpg	NOKEY	MAX	NOKEY
1447190719442	0	lts_1110L_26_01	26	01	0	255	0	0	0	CR	MAX	4/Agroundhog.jpg	Agroundhog.jpg	NOKEY	MAX	NOKEY
1447190722516	0	lts_1110L_26_01	26	01	0	256	0	0	0	CR	MAX	1/26426575.thl.jpg	26426575.thl.jpg	NOKEY	MAX	NOKEY
1447190723534	0	lts_1110L_26_01	26	01	0	257	1	1	1	Hit	542	1-8/26426575.thl.jpg	26426575.thl.jpg	SPACE	584	SPACE
1447190726609	0	lts_1110L_26_01	26	01	0	258	0	0	0	CR	MAX	Atoytractor17.jpg	Atoytractor17.jpg	NOKEY	MAX	NOKEY
1447190727812	0	lts_1110L_26_01	26	01	0	259	4	1	1	Hit	725	4-11/Agroundhog.jpg	Agroundhog.jpg	SPACE	770	SPACE
1447190730902	0	lts_1110L_26_01	26	01	0	260	0	0	0	CR	MAX	2/26421070.thl.jpg	26421070.thl.jpg	NOKEY	MAX	NOKEY
1447190733977	0	lts_1110L_26_01	26	01	0	261	0	0	0	CR	MAX	64/23077768.thl.jpg	23077768.thl.jpg	NOKEY	MAX	NOKEY
1447190735147	0	lts_1110L_26_01	26	01	0	262	2	1	1	Hit	695	2-7/26421070.thl.jpg	26421070.thl.jpg	SPACE	736	SPACE
1447190738222	0	lts_1110L_26_01	26	01	0	263	0	0	0	CR	MAX	drumsticks01.jpg	drumsticks01.jpg	NOKEY	MAX	NOKEY
1447190739258	0	lts_1110L_26_01	26	01	0	264	32	1	1	Hit	566	32-2/AADZUKIB2.jpg	AADZUKIB2.jpg	SPACE	601	SPACE
1447190742332	0	lts_1110L_26_01	26	01	0	265	0	0	0	CR	MAX	Aknife92.jpg	Aknife92.jpg	NOKEY	MAX	NOKEY
1447190743452	0	lts_1110L_26_01	26	01	0	266	16	1	1	Hit	637	16-first/ABOWLCARV.jpg	ABOWLCARV.jpg	SPACE	685	SPACE
1447190746542	0	lts_1110L_26_01	26	01	0	267	0	0	0	CR	MAX	AKETTLE35.jpg	AKETTLE35.jpg	NOKEY	MAX	NOKEY
1447190747594	0	lts_1110L_26_01	26	01	0	268	2	1	1	Hit	578	2-mul/ABOWLCARV.jpg	ABOWLCARV.jpg	SPACE	619	SPACE
1447190750669	0	lts_1110L_26_01	26	01	0	269	0	0	0	CR	MAX	ARIBBON9.jpg	ARIBBON9.jpg	NOKEY	MAX	NOKEY
1447190753743	0	lts_1110L_26_01	26	01	0	270	0	0	0	CR	MAX	catslglol.jpg	catslglol.jpg	NOKEY	MAX	NOKEY
1447190756834	0	lts_1110L_26_01	26	01	0	271	0	0	0	CR	MAX	Arooster15.jpg	Arooster15.jpg	NOKEY	MAX	NOKEY
1447190757903	0	lts_1110L_26_01	26	01	0	272	32	1	1	Hit	599	32-7/ARETRACT2.jpg	ARETRACT2.jpg	SPACE	637	SPACE
1447190760994	0	lts_1110L_26_01	26	01	0	273	0	0	0	CR	MAX	Ababydec4.jpg	Ababydec4.jpg	NOKEY	MAX	NOKEY
1447190764086	0	lts_1110L_26_01	26	01	0	274	0	0	0	CR	MAX	frog-a.jpg	frog-a.jpg	NOKEY	MAX	NOKEY
1447190767161	0	lts_1110L_26_01	26	01	0	275	0	0	0	CR	MAX	8255336.thl.jpg	8255336.thl.jpg	NOKEY	MAX	NOKEY
1447190768330	0	lts_1110L_26_01	26	01	0	276	128	1	1	Hit	690	128-5/Abib2.jpg	Abib2.jpg	SPACE	734	SPACE
1447190771422	0	lts_1110L_26_01	26	01	0	277	0	0	0	CR	MAX	2/Aplantinpot2.jpg	Aplantinpot2.jpg	NOKEY	MAX	NOKEY
1447190774496	0	lts_1110L_26_01	26	01	0	278	0	0	0	CR	MAX	Askirt3.jpg	Askirt3.jpg	NOKEY	MAX	NOKEY
1447190775548	0	lts_1110L_26_01	26	01	0	279	2	1	1	Hit	579	2-10/Aplantinpot2.jpg	Aplantinpot2.jpg	SPACE	618	SPACE
1447190778622	0	lts_1110L_26_01	26	01	0	280	0	0	0	CR	MAX	ABRUSH19.jpg	ABRUSH19.jpg	NOKEY	MAX	NOKEY
1447190781713	0	lts_1110L_26_01	26	01	0	281	0	0	0	CR	MAX	Acardinal2.jpg	Acardinal2.jpg	NOKEY	MAX	NOKEY
1447190784804	0	lts_1110L_26_01	26	01	0	282	0	0	0	CR	MAX	8/Acomputer9.jpg	Acomputer9.jpg	NOKEY	MAX	NOKEY
1447190787912	0	lts_1110L_26_01	26	01	0	283	0	0	0	CR	MAX	128/12955.JPG	12955.JPG	NOKEY	MAX	NOKEY
1447190788964	0	lts_1110L_26_01	26	01	0	284	32	1	1	Hit	574	32-8/trapezebars.jpg	trapezebars.jpg	SPACE	619	SPACE
1447190792040	0	lts_1110L_26_01	26	01	0	285	0	0	0	CR	MAX	ACARDFRA2.jpg	ACARDFRA2.jpg	NOKEY	MAX	NOKEY
1447190795114	0	lts_1110L_26_01	26	01	0	286	0	0	0	CR	MAX	Arecordplaye2.jpg	Arecordplaye2.jpg	NOKEY	MAX	NOKEY
1447190798188	0	lts_1110L_26_01	26	01	0	287	128	1	0	Miss	MAX	128-2/ASTEAMER4.jpg	ASTEAMER4.jpg	NOKEY	MAX	SPACE
1447190801263	0	lts_1110L_26_01	26	01	0	288	0	0	0	CR	MAX	AORIENBOW.jpg	AORIENBOW.jpg	NOKEY	MAX	NOKEY
1447190804337	0	lts_1110L_26_01	26	01	0	289	0	0	0	CR	MAX	8245563.thl.jpg	8245563.thl.jpg	NOKEY	MAX	NOKEY
1447190805373	0	lts_1110L_26_01	26	01	0	290	8	1	1	Hit	560	8-first/Acomputer9.jpg	Acomputer9.jpg	SPACE	600	SPACE
1447190808448	0	lts_1110L_26_01	26	01	0	291	0	0	0	CR	MAX	ABABYPIN2.jpg	ABABYPIN2.jpg	NOKEY	MAX	NOKEY
1447190809467	0	lts_1110L_26_01	26	01	0	292	2	1	1	Hit	549	2-mul/Acomputer9.jpg	Acomputer9.jpg	SPACE	585	SPACE
1447190812540	0	lts_1110L_26_01	26	01	0	293	0	0	0	CR	MAX	1/AKNIFECOL.jpg	AKNIFECOL.jpg	NOKEY	MAX	NOKEY
1447190813710	0	lts_1110L_26_01	26	01	0	294	1	1	1	Hit	696	1-9/AKNIFECOL.jpg	AKNIFECOL.jpg	SPACE	736	SPACE
1447190816784	0	lts_1110L_26_01	26	01	0	295	0	0	0	CR	MAX	Aglassjarwit2.jpg	Aglassjarwit2.jpg	NOKEY	MAX	NOKEY
1447190819858	0	lts_1110L_26_01	26	01	0	296	0	0	0	CR	MAX	8/Amilkcrate2.jpg	Amilkcrate2.jpg	NOKEY	MAX	NOKEY
1447190822949	0	lts_1110L_26_01	26	01	0	297	0	0	0	CR	MAX	4/Aancientston3.jpg	Aancientston3.jpg	NOKEY	MAX	NOKEY
1447190826041	0	lts_1110L_26_01	26	01	0	298	0	0	0	CR	MAX	1/Athimble2.jpg	Athimble2.jpg	NOKEY	MAX	NOKEY
1447190827044	0	lts_1110L_26_01	26	01	0	299	1	1	1	Hit	522	1-0/Athimble2.jpg	Athimble2.jpg	SPACE	567	SPACE
1447190830118	0	lts_1110L_26_01	26	01	0	300	0	0	0	CR	MAX	26437074.thl.jpg	26437074.thl.jpg	NOKEY	MAX	NOKEY
1447190831305	0	lts_1110L_26_01	26	01	0	301	4	1	1	Hit	714	4-8/Aancientston3.jpg	Aancientston3.jpg	SPACE	751	SPACE
1447190834379	0	lts_1110L_26_01	26	01	0	302	0	0	0	CR	MAX	Atelescope2.jpg	Atelescope2.jpg	NOKEY	MAX	NOKEY
1447190837453	0	lts_1110L_26_01	26	01	0	303	0	0	0	CR	MAX	Acomputerdes8.jpg	Acomputerdes8.jpg	NOKEY	MAX	NOKEY
1447190838589	0	lts_1110L_26_01	26	01	0	304	8	1	1	Hit	652	8-first/Amilkcrate2.jpg	Amilkcrate2.jpg	SPACE	702	SPACE
1447190841663	0	lts_1110L_26_01	26	01	0	305	0	0	0	CR	MAX	Aoutdoorrece2.jpg	Aoutdoorrece2.jpg	NOKEY	MAX	NOKEY
1447190844737	0	lts_1110L_26_01	26	01	0	306	0	0	0	CR	MAX	AELEMENT2.jpg	AELEMENT2.jpg	NOKEY	MAX	NOKEY
1447190847811	0	lts_1110L_26_01	26	01	0	307	0	0	0	CR	MAX	4/ANUTS2.jpg	ANUTS2.jpg	NOKEY	MAX	NOKEY
1447190848847	0	lts_1110L_26_01	26	01	0	308	4	1	1	Hit	537	4-mul/Amilkcrate2.jpg	Amilkcrate2.jpg	SPACE	586	SPACE
1447190851938	0	lts_1110L_26_01	26	01	0	309	0	0	0	CR	MAX	26391116.thl.jpg	26391116.thl.jpg	NOKEY	MAX	NOKEY
1447190855014	0	lts_1110L_26_01	26	01	0	310	0	0	0	CR	MAX	petfood.jpg	petfood.jpg	NOKEY	MAX	NOKEY
1447190856083	0	lts_1110L_26_01	26	01	0	311	4	1	1	Hit	597	4-5/ANUTS2.jpg	ANUTS2.jpg	SPACE	634	SPACE
1447190859174	0	lts_1110L_26_01	26	01	0	312	0	0	0	CR	MAX	Abedpan7.jpg	Abedpan7.jpg	NOKEY	MAX	NOKEY
1447190862249	0	lts_1110L_26_01	26	01	0	313	0	0	0	CR	MAX	128/ATOMATOSA.jpg	ATOMATOSA.jpg	NOKEY	MAX	NOKEY
1447190865323	0	lts_1110L_26_01	26	01	0	314	0	0	0	CR	MAX	Afilmnegativ2.jpg	Afilmnegativ2.jpg	NOKEY	MAX	NOKEY
1447190868397	0	lts_1110L_26_01	26	01	0	315	0	0	0	CR	MAX	Aplasticbott3.jpg	Aplasticbott3.jpg	NOKEY	MAX	NOKEY
1447190871472	0	lts_1110L_26_01	26	01	0	316	0	0	0	CR	MAX	1/AAPPCOVE2.jpg	AAPPCOVE2.jpg	NOKEY	MAX	NOKEY
1447190872407	0	lts_1110L_26_01	26	01	0	317	1	1	1	Hit	461	1-11/AAPPCOVE2.jpg	AAPPCOVE2.jpg	SPACE	500	SPACE
1447190875482	0	lts_1110L_26_01	26	01	0	318	0	0	0	CR	MAX	ACARMON.jpg	ACARMON.jpg	NOKEY	MAX	NOKEY
1447190878555	0	lts_1110L_26_01	26	01	0	319	128	1	0	Miss	MAX	128-4/AGRATER.jpg	AGRATER.jpg	NOKEY	MAX	SPACE
1447190881630	0	lts_1110L_26_01	26	01	0	320	0	0	0	CR	MAX	Abutterdish.jpg	Abutterdish.jpg	NOKEY	MAX	NOKEY
1447190884721	0	lts_1110L_26_01	26	01	0	321	0	0	0	CR	MAX	ACAESALAD.jpg	ACAESALAD.jpg	NOKEY	MAX	NOKEY
1447190887811	0	lts_1110L_26_01	26	01	0	322	0	0	0	CR	MAX	26373362.thl.jpg	26373362.thl.jpg	NOKEY	MAX	NOKEY
1447190890902	0	lts_1110L_26_01	26	01	0	323	0	0	0	CR	MAX	AGASLAMP.jpg	AGASLAMP.jpg	NOKEY	MAX	NOKEY
1447190893977	0	lts_1110L_26_01	26	01	0	324	0	0	0	CR	MAX	26420979.thl.jpg	26420979.thl.jpg	NOKEY	MAX	NOKEY
1447190895214	0	lts_1110L_26_01	26	01	0	325	64	1	1	Hit	765	64-first/23077768.thl.jpg	23077768.thl.jpg	SPACE	802	SPACE
1447190898305	0	lts_1110L_26_01	26	01	0	326	0	0	0	CR	MAX	ADEEPFRY5.jpg	ADEEPFRY5.jpg	NOKEY	MAX	NOKEY
1447190901380	0	lts_1110L_26_01	26	01	0	327	0	0	0	CR	MAX	Alifeves2.jpg	Alifeves2.jpg	NOKEY	MAX	NOKEY
1447190904454	0	lts_1110L_26_01	26	01	0	328	0	0	0	CR	MAX	64/Alogholder.jpg	Alogholder.jpg	NOKEY	MAX	NOKEY
1447190905524	0	lts_1110L_26_01	26	01	0	329	4	1	1	Hit	598	4-mul/23077768.thl.jpg	23077768.thl.jpg	SPACE	635	SPACE
1447190908597	0	lts_1110L_26_01	26	01	0	330	0	0	0	CR	MAX	Astaplegun3.jpg	Astaplegun3.jpg	NOKEY	MAX	NOKEY
1447190911671	0	lts_1110L_26_01	26	01	0	331	0	0	0	CR	MAX	AARTMELON.jpg	AARTMELON.jpg	NOKEY	MAX	NOKEY
1447190914762	0	lts_1110L_26_01	26	01	0	332	0	0	0	CR	MAX	64/Ashark7.jpg	Ashark7.jpg	NOKEY	MAX	NOKEY
1447190917853	0	lts_1110L_26_01	26	01	0	333	0	0	0	CR	MAX	2/8018499.thl.jpg	8018499.thl.jpg	NOKEY	MAX	NOKEY
1447190920944	0	lts_1110L_26_01	26	01	0	334	0	0	0	CR	MAX	8/slide.jpg	slide.jpg	NOKEY	MAX	NOKEY
1447190922132	0	lts_1110L_26_01	26	01	0	335	2	1	1	Hit	708	2-5/8018499.thl.jpg	8018499.thl.jpg	SPACE	752	SPACE
1447190925206	0	lts_1110L_26_01	26	01	0	336	0	0	0	CR	MAX	16/ALINENCA3.jpg	ALINENCA3.jpg	NOKEY	MAX	NOKEY
1447190928280	0	lts_1110L_26_01	26	01	0	337	0	0	0	CR	MAX	ACHIPROL2.jpg	ACHIPROL2.jpg	NOKEY	MAX	NOKEY
1447190931355	0	lts_1110L_26_01	26	01	0	338	0	0	0	CR	MAX	waterfilter.jpg	waterfilter.jpg	NOKEY	MAX	NOKEY
1447190934446	0	lts_1110L_26_01	26	01	0	339	0	0	0	CR	MAX	APAGODAMO.jpg	APAGODAMO.jpg	NOKEY	MAX	NOKEY
1447190937536	0	lts_1110L_26_01	26	01	0	340	0	0	0	CR	MAX	Abottleofchi2.jpg	Abottleofchi2.jpg	NOKEY	MAX	NOKEY
1447190940610	0	lts_1110L_26_01	26	01	0	341	0	0	0	CR	MAX	Heatpad.jpg	Heatpad.jpg	NOKEY	MAX	NOKEY
1447190941846	0	lts_1110L_26_01	26	01	0	342	8	1	1	Hit	747	8-0/slide.jpg	slide.jpg	SPACE	786	SPACE
1447190944938	0	lts_1110L_26_01	26	01	0	343	0	0	0	CR	MAX	Aframedpainti.jpg	Aframedpainti.jpg	NOKEY	MAX	NOKEY
1447190948013	0	lts_1110L_26_01	26	01	0	344	0	0	0	CR	MAX	16/ACHINCHI4.jpg	ACHINCHI4.jpg	NOKEY	MAX	NOKEY
1447190951087	0	lts_1110L_26_01	26	01	0	345	0	0	0	CR	MAX	2/26422507.thl.jpg	26422507.thl.jpg	NOKEY	MAX	NOKEY
1447190954162	0	lts_1110L_26_01	26	01	0	346	0	0	0	CR	MAX	Astonecarvin8.jpg	Astonecarvin8.jpg	NOKEY	MAX	NOKEY
1447190955164	0	lts_1110L_26_01	26	01	0	347	2	1	1	Hit	524	2-2/26422507.thl.jpg	26422507.thl.jpg	SPACE	567	SPACE
1447190958255	0	lts_1110L_26_01	26	01	0	348	0	0	0	CR	MAX	Achipboard.jpg	Achipboard.jpg	NOKEY	MAX	NOKEY
1447190961330	0	lts_1110L_26_01	26	01	0	349	0	0	0	CR	MAX	Alobster10.jpg	Alobster10.jpg	NOKEY	MAX	NOKEY
1447190964404	0	lts_1110L_26_01	26	01	0	350	0	0	0	CR	MAX	4/AARCH.jpg	AARCH.jpg	NOKEY	MAX	NOKEY
1447190967495	0	lts_1110L_26_01	26	01	0	351	0	0	0	CR	MAX	AMIXER1.jpg	AMIXER1.jpg	NOKEY	MAX	NOKEY
1447190968697	0	lts_1110L_26_01	26	01	0	352	16	1	1	Hit	731	16-first/ALINENCA3.jpg	ALINENCA3.jpg	SPACE	768	SPACE
1447190971805	0	lts_1110L_26_01	26	01	0	353	0	0	0	CR	MAX	Aflower102.jpg	Aflower102.jpg	NOKEY	MAX	NOKEY
1447190973042	0	lts_1110L_26_01	26	01	0	354	4	1	1	Hit	762	4-6/AARCH.jpg	AARCH.jpg	SPACE	803	SPACE
1447190976133	0	lts_1110L_26_01	26	01	0	355	0	0	0	CR	MAX	22848828.thl.jpg	22848828.thl.jpg	NOKEY	MAX	NOKEY
1447190979224	0	lts_1110L_26_01	26	01	0	356	0	0	0	CR	MAX	APLATE17.jpg	APLATE17.jpg	NOKEY	MAX	NOKEY
1447190982299	0	lts_1110L_26_01	26	01	0	357	128	1	0	Miss	MAX	128-6/AANTFRYI2.jpg	AANTFRYI2.jpg	NOKEY	MAX	SPACE
1447190985373	0	lts_1110L_26_01	26	01	0	358	0	0	0	CR	MAX	4/AAIRBOWER.jpg	AAIRBOWER.jpg	NOKEY	MAX	NOKEY
1447190988464	0	lts_1110L_26_01	26	01	0	359	0	0	0	CR	MAX	Aglass58.jpg	Aglass58.jpg	NOKEY	MAX	NOKEY
1447190989533	0	lts_1110L_26_01	26	01	0	360	16	1	1	Hit	586	16-first/ACHINCHI4.jpg	ACHINCHI4.jpg	SPACE	635	SPACE
1447190992607	0	lts_1110L_26_01	26	01	0	361	0	0	0	CR	MAX	4/APIPE8.jpg	APIPE8.jpg	NOKEY	MAX	NOKEY
1447190993626	0	lts_1110L_26_01	26	01	0	362	4	1	1	Hit	549	4-0/AAIRBOWER.jpg	AAIRBOWER.jpg	SPACE	585	SPACE
1447190996700	0	lts_1110L_26_01	26	01	0	363	0	0	0	CR	MAX	ATAPEDIS7.jpg	ATAPEDIS7.jpg	NOKEY	MAX	NOKEY
1447190999791	0	lts_1110L_26_01	26	01	0	364	0	0	0	CR	MAX	26374787.thl.jpg	26374787.thl.jpg	NOKEY	MAX	NOKEY
1447191000877	0	lts_1110L_26_01	26	01	0	365	4	1	1	Hit	597	4-4/APIPE8.jpg	APIPE8.jpg	SPACE	636	SPACE
1447191003952	0	lts_1110L_26_01	26	01	0	366	0	0	0	CR	MAX	26687931.thl.jpg	26687931.thl.jpg	NOKEY	MAX	NOKEY
1447191007027	0	lts_1110L_26_01	26	01	0	367	0	0	0	CR	MAX	ACRICKET2.jpg	ACRICKET2.jpg	NOKEY	MAX	NOKEY
1447191008063	0	lts_1110L_26_01	26	01	0	368	16	1	1	Hit	558	16-mul/ALINENCA3.jpg	ALINENCA3.jpg	SPACE	600	SPACE
1447191011137	0	lts_1110L_26_01	26	01	0	369	0	0	0	CR	MAX	DSCN3767-sm.jpg	DSCN3767-sm.jpg	NOKEY	MAX	NOKEY
1447191014212	0	lts_1110L_26_01	26	01	0	370	0	0	0	CR	MAX	Aorcatoy4.jpg	Aorcatoy4.jpg	NOKEY	MAX	NOKEY
1447191017286	0	lts_1110L_26_01	26	01	0	371	0	0	0	CR	MAX	8250565.thl.jpg	8250565.thl.jpg	NOKEY	MAX	NOKEY
1447191020377	0	lts_1110L_26_01	26	01	0	372	0	0	0	CR	MAX	32/26388148.thl.jpg	26388148.thl.jpg	NOKEY	MAX	NOKEY
1447191023452	0	lts_1110L_26_01	26	01	0	373	0	0	0	CR	MAX	swingset.jpg	swingset.jpg	NOKEY	MAX	NOKEY
1447191026526	0	lts_1110L_26_01	26	01	0	374	0	0	0	CR	MAX	16/8245818.thl.jpg	8245818.thl.jpg	NOKEY	MAX	NOKEY
1447191029600	0	lts_1110L_26_01	26	01	0	375	0	0	0	CR	MAX	Abrasscr2.jpg	Abrasscr2.jpg	NOKEY	MAX	NOKEY
1447191030635	0	lts_1110L_26_01	26	01	0	376	16	1	1	Hit	557	16-mul/ACHINCHI4.jpg	ACHINCHI4.jpg	SPACE	602	SPACE
1447191033726	0	lts_1110L_26_01	26	01	0	377	0	0	0	CR	MAX	2/AWASHMAC5.jpg	AWASHMAC5.jpg	NOKEY	MAX	NOKEY
1447191036817	0	lts_1110L_26_01	26	01	0	378	0	0	0	CR	MAX	4/ASKIPROP2.jpg	ASKIPROP2.jpg	NOKEY	MAX	NOKEY
1447191037853	0	lts_1110L_26_01	26	01	0	379	2	1	1	Hit	538	2-1/AWASHMAC5.jpg	AWASHMAC5.jpg	SPACE	586	SPACE
1447191040944	0	lts_1110L_26_01	26	01	0	380	0	0	0	CR	MAX	potato.jpg	potato.jpg	NOKEY	MAX	NOKEY
1447191044020	0	lts_1110L_26_01	26	01	0	381	0	0	0	CR	MAX	Aclothespin2.jpg	Aclothespin2.jpg	NOKEY	MAX	NOKEY
1447191045156	0	lts_1110L_26_01	26	01	0	382	4	1	1	Hit	661	4-3/ASKIPROP2.jpg	ASKIPROP2.jpg	SPACE	701	SPACE
1447191048230	0	lts_1110L_26_01	26	01	0	383	0	0	0	CR	MAX	4/Acompass18.jpg	Acompass18.jpg	NOKEY	MAX	NOKEY
1447191051321	0	lts_1110L_26_01	26	01	0	384	0	0	0	CR	MAX	AKNIFE13.jpg	AKNIFE13.jpg	NOKEY	MAX	NOKEY
1447191054413	0	lts_1110L_26_01	26	01	0	385	0	0	0	CR	MAX	Abells7.jpg	Abells7.jpg	NOKEY	MAX	NOKEY
1447191057487	0	lts_1110L_26_01	26	01	0	386	0	0	0	CR	MAX	AGRILL1.jpg	AGRILL1.jpg	NOKEY	MAX	NOKEY
1447191060560	0	lts_1110L_26_01	26	01	0	387	4	1	0	Miss	MAX	4-12/Acompass18.jpg	Acompass18.jpg	NOKEY	MAX	SPACE
1447191063635	0	lts_1110L_26_01	26	01	0	388	0	0	0	CR	MAX	Apulley71.jpg	Apulley71.jpg	NOKEY	MAX	NOKEY
1447191066725	0	lts_1110L_26_01	26	01	0	389	0	0	0	CR	MAX	Acactusfruit.jpg	Acactusfruit.jpg	NOKEY	MAX	NOKEY
1447191067811	0	lts_1110L_26_01	26	01	0	390	16	1	1	Hit	614	16-first/8245818.thl.jpg	8245818.thl.jpg	SPACE	653	SPACE
1447191070903	0	lts_1110L_26_01	26	01	0	391	0	0	0	CR	MAX	Atripod5.jpg	Atripod5.jpg	NOKEY	MAX	NOKEY
1447191072173	0	lts_1110L_26_01	26	01	0	392	64	1	1	Hit	788	64-first/Alogholder.jpg	Alogholder.jpg	SPACE	835	SPACE
1447191075248	0	lts_1110L_26_01	26	01	0	393	0	0	0	CR	MAX	AANTICOT.jpg	AANTICOT.jpg	NOKEY	MAX	NOKEY
1447191076267	0	lts_1110L_26_01	26	01	0	394	2	1	1	Hit	536	2-mul/Alogholder.jpg	Alogholder.jpg	SPACE	584	SPACE
1447191079358	0	lts_1110L_26_01	26	01	0	395	0	0	0	CR	MAX	ACAFLATT3.jpg	ACAFLATT3.jpg	NOKEY	MAX	NOKEY
1447191080511	0	lts_1110L_26_01	26	01	0	396	64	1	1	Hit	673	64-first/Ashark7.jpg	Ashark7.jpg	SPACE	718	SPACE
1447191083601	0	lts_1110L_26_01	26	01	0	397	0	0	0	CR	MAX	AJAR15.jpg	AJAR15.jpg	NOKEY	MAX	NOKEY
1447191084504	0	lts_1110L_26_01	26	01	0	398	2	1	1	Hit	427	2-mul/Ashark7.jpg	Ashark7.jpg	SPACE	468	SPACE
1447191087578	0	lts_1110L_26_01	26	01	0	399	0	0	0	CR	MAX	26425370.thl.jpg	26425370.thl.jpg	NOKEY	MAX	NOKEY
1447191090652	0	lts_1110L_26_01	26	01	0	400	0	0	0	CR	MAX	Awomensshoe4.jpg	Awomensshoe4.jpg	NOKEY	MAX	NOKEY
1447191093726	0	lts_1110L_26_01	26	01	0	401	0	0	0	CR	MAX	8/Acementfinish.jpg	Acementfinish.jpg	NOKEY	MAX	NOKEY
1447191096817	0	lts_1110L_26_01	26	01	0	402	0	0	0	CR	MAX	ATRIANGL2.jpg	ATRIANGL2.jpg	NOKEY	MAX	NOKEY
1447191099908	0	lts_1110L_26_01	26	01	0	403	0	0	0	CR	MAX	AMINIHAMP.jpg	AMINIHAMP.jpg	NOKEY	MAX	NOKEY
1447191100961	0	lts_1110L_26_01	26	01	0	404	32	1	1	Hit	569	32-6/26388148.thl.jpg	26388148.thl.jpg	SPACE	618	SPACE
1447191104036	0	lts_1110L_26_01	26	01	0	405	0	0	0	CR	MAX	ACHANGDIS.jpg	ACHANGDIS.jpg	NOKEY	MAX	NOKEY
1447191105056	0	lts_1110L_26_01	26	01	0	406	16	1	1	Hit	536	16-mul/8245818.thl.jpg	8245818.thl.jpg	SPACE	584	SPACE
1447191106175	0	lts_1110L_26_01	26	01	0	407	0	0	1	FA	634	ASWANWHIT.jpg	ASWANWHIT.jpg	SPACE	684	NOKEY
1447191109249	0	lts_1110L_26_01	26	01	0	408	0	0	0	CR	MAX	26432899.thl.jpg	26432899.thl.jpg	NOKEY	MAX	NOKEY
1447191110386	0	lts_1110L_26_01	26	01	0	409	8	1	1	Hit	655	8-first/Acementfinish.jpg	Acementfinish.jpg	SPACE	701	SPACE
1447191113460	0	lts_1110L_26_01	26	01	0	410	0	0	0	CR	MAX	ANAPKHOL7.jpg	ANAPKHOL7.jpg	NOKEY	MAX	NOKEY
1447191114929	0	lts_1110L_26_01	26	01	0	411	128	1	1	Hit	986	128-3/12955.JPG	12955.JPG	SPACE	1036	SPACE
1447191118021	0	lts_1110L_26_01	26	01	0	412	0	0	0	CR	MAX	Afusehousing.jpg	Afusehousing.jpg	NOKEY	MAX	NOKEY
1447191121096	0	lts_1110L_26_01	26	01	0	413	0	0	0	CR	MAX	2/26437491.thl.jpg	26437491.thl.jpg	NOKEY	MAX	NOKEY
1447191124170	0	lts_1110L_26_01	26	01	0	414	0	0	0	CR	MAX	chocolatbox.jpg	chocolatbox.jpg	NOKEY	MAX	NOKEY
1447191125606	0	lts_1110L_26_01	26	01	0	415	2	1	1	Hit	954	2-4/26437491.thl.jpg	26437491.thl.jpg	SPACE	1002	SPACE
1447191128680	0	lts_1110L_26_01	26	01	0	416	0	0	0	CR	MAX	AHYPBOTT.jpg	AHYPBOTT.jpg	NOKEY	MAX	NOKEY
1447191131771	0	lts_1110L_26_01	26	01	0	417	0	0	0	CR	MAX	26374166.thl.jpg	26374166.thl.jpg	NOKEY	MAX	NOKEY
1447191134862	0	lts_1110L_26_01	26	01	0	418	0	0	0	CR	MAX	fortune-cookie.jpg	fortune-cookie.jpg	NOKEY	MAX	NOKEY
1447191137937	0	lts_1110L_26_01	26	01	0	419	0	0	0	CR	MAX	16/10049257.thl.jpg	10049257.thl.jpg	NOKEY	MAX	NOKEY
1447191141012	0	lts_1110L_26_01	26	01	0	420	0	0	0	CR	MAX	AGONG12.jpg	AGONG12.jpg	NOKEY	MAX	NOKEY
1447191144087	0	lts_1110L_26_01	26	01	0	421	0	0	0	CR	MAX	1/ADRUMSTI4.jpg	ADRUMSTI4.jpg	NOKEY	MAX	NOKEY
1447191145022	0	lts_1110L_26_01	26	01	0	422	1	1	1	Hit	464	1-13/ADRUMSTI4.jpg	ADRUMSTI4.jpg	SPACE	500	SPACE
1447191146526	0	lts_1110L_26_01	26	01	0	423	0	0	1	FA	1017	36407685.thl.jpg	36407685.thl.jpg	SPACE	1053	NOKEY
1447191149616	0	lts_1110L_26_01	26	01	0	424	0	0	0	CR	MAX	dftslturapr.jpg	dftslturapr.jpg	NOKEY	MAX	NOKEY
1447191150719	0	lts_1110L_26_01	26	01	0	425	16	1	1	Hit	616	16-mul/Acementfinish.jpg	Acementfinish.jpg	SPACE	652	SPACE
1447191153826	0	lts_1110L_26_01	26	01	0	426	0	0	0	CR	MAX	22856256.thl.jpg	22856256.thl.jpg	NOKEY	MAX	NOKEY
1447191156918	0	lts_1110L_26_01	26	01	0	427	0	0	0	CR	MAX	AFRUIT3.jpg	AFRUIT3.jpg	NOKEY	MAX	NOKEY
1447191159992	0	lts_1110L_26_01	26	01	0	428	0	0	0	CR	MAX	16/8020414.thl.jpg	8020414.thl.jpg	NOKEY	MAX	NOKEY
1447191163084	0	lts_1110L_26_01	26	01	0	429	0	0	0	CR	MAX	4/Acombination6.jpg	Acombination6.jpg	NOKEY	MAX	NOKEY
1447191166158	0	lts_1110L_26_01	26	01	0	430	0	0	0	CR	MAX	AELECTHE4.jpg	AELECTHE4.jpg	NOKEY	MAX	NOKEY
1447191169250	0	lts_1110L_26_01	26	01	0	431	0	0	0	CR	MAX	AWISHWELL.jpg	AWISHWELL.jpg	NOKEY	MAX	NOKEY
1447191172324	0	lts_1110L_26_01	26	01	0	432	0	0	0	CR	MAX	Atoyturtle.jpg	Atoyturtle.jpg	NOKEY	MAX	NOKEY
1447191173576	0	lts_1110L_26_01	26	01	0	433	4	1	1	Hit	773	4-2/Acombination6.jpg	Acombination6.jpg	SPACE	819	SPACE
1447191176684	0	lts_1110L_26_01	26	01	0	434	0	0	0	CR	MAX	Aroadsignin15.jpg	Aroadsignin15.jpg	NOKEY	MAX	NOKEY
1447191177736	0	lts_1110L_26_01	26	01	0	435	16	1	1	Hit	564	16-first/10049257.thl.jpg	10049257.thl.jpg	SPACE	603	SPACE
1447191180827	0	lts_1110L_26_01	26	01	0	436	0	0	0	CR	MAX	ABIRDCAG2.jpg	ABIRDCAG2.jpg	NOKEY	MAX	NOKEY
1447191181863	0	lts_1110L_26_01	26	01	0	437	2	1	1	Hit	567	2-mul/10049257.thl.jpg	10049257.thl.jpg	SPACE	603	SPACE
1447191184938	0	lts_1110L_26_01	26	01	0	438	0	0	0	CR	MAX	AFENCIN50.jpg	AFENCIN50.jpg	NOKEY	MAX	NOKEY
1447191188013	0	lts_1110L_26_01	26	01	0	439	0	0	0	CR	MAX	Aglassbottle6.jpg	Aglassbottle6.jpg	NOKEY	MAX	NOKEY
1447191191087	0	lts_1110L_26_01	26	01	0	440	0	0	0	CR	MAX	ABAKINGPA.jpg	ABAKINGPA.jpg	NOKEY	MAX	NOKEY
1447191192257	0	lts_1110L_26_01	26	01	0	441	128	1	1	Hit	687	128-1/ATOMATOSA.jpg	ATOMATOSA.jpg	SPACE	734	SPACE
1447191195331	0	lts_1110L_26_01	26	01	0	442	0	0	0	CR	MAX	22903148.thl.jpg	22903148.thl.jpg	NOKEY	MAX	NOKEY
1447191198406	0	lts_1110L_26_01	26	01	0	443	0	0	0	CR	MAX	8244991.thl.jpg	8244991.thl.jpg	NOKEY	MAX	NOKEY
1447191199509	0	lts_1110L_26_01	26	01	0	444	16	1	1	Hit	627	16-first/8020414.thl.jpg	8020414.thl.jpg	SPACE	669	SPACE
1447191202598	0	lts_1110L_26_01	26	01	0	445	0	0	0	CR	MAX	23028486.thl.jpg	23028486.thl.jpg	NOKEY	MAX	NOKEY
1447191203584	0	lts_1110L_26_01	26	01	0	446	2	1	1	Hit	498	2-mul/8020414.thl.jpg	8020414.thl.jpg	SPACE	536	SPACE
1447191206675	0	lts_1110L_26_01	26	01	0	447	0	0	0	CR	MAX	AKNIFEHOL.jpg	AKNIFEHOL.jpg	NOKEY	MAX	NOKEY
1447191209766	0	lts_1110L_26_01	26	01	0	448	0	0	0	CR	MAX	Aangel37.jpg	Aangel37.jpg	NOKEY	MAX	NOKEY
1447191212857	0	lts_1110L_26_01	26	01	0	449	0	0	0	CR	MAX	oignonrings.jpg	oignonrings.jpg	NOKEY	MAX	NOKEY
1447191238689	0	lts_1110L_26_01	26	01	1	0	0	0	0	CR	MAX	Aantiquebuck2.jpg	Aantiquebuck2.jpg	NOKEY	MAX	NOKEY
1447191241763	0	lts_1110L_26_01	26	01	1	1	0	0	0	CR	MAX	8/22886412.thl.jpg	22886412.thl.jpg	NOKEY	MAX	NOKEY
1447191244837	0	lts_1110L_26_01	26	01	1	2	0	0	0	CR	MAX	1/26376346.thl.jpg	26376346.thl.jpg	NOKEY	MAX	NOKEY
1447191245756	0	lts_1110L_26_01	26	01	1	3	1	1	1	Hit	431	1-9/26376346.thl.jpg	26376346.thl.jpg	SPACE	469	SPACE
1447191247462	0	lts_1110L_26_01	26	01	1	4	0	0	1	FA	1209	Aropeandclamp.jpg	Aropeandclamp.jpg	SPACE	1255	NOKEY
1447191250568	0	lts_1110L_26_01	26	01	1	5	0	0	0	CR	MAX	AMILPANS2.jpg	AMILPANS2.jpg	NOKEY	MAX	NOKEY
1447191253659	0	lts_1110L_26_01	26	01	1	6	0	0	0	CR	MAX	cranemachine.jpg	cranemachine.jpg	NOKEY	MAX	NOKEY
1447191256750	0	lts_1110L_26_01	26	01	1	7	00	1	0	Miss	MAX	00-across/AAPPCOVE2.jpg	AAPPCOVE2.jpg	NOKEY	MAX	SPACE
1447191259842	0	lts_1110L_26_01	26	01	1	8	0	0	0	CR	MAX	APUTTER.jpg	APUTTER.jpg	NOKEY	MAX	NOKEY
1447191260978	0	lts_1110L_26_01	26	01	1	9	8	1	1	Hit	664	8-first/22886412.thl.jpg	22886412.thl.jpg	SPACE	702	SPACE
1447191264053	0	lts_1110L_26_01	26	01	1	10	0	0	0	CR	MAX	makeupfoundation.jpg	makeupfoundation.jpg	NOKEY	MAX	NOKEY
1447191265089	0	lts_1110L_26_01	26	01	1	11	00	1	1	Hit	565	00-across/AARMCHA25.jpg	AARMCHA25.jpg	SPACE	600	SPACE
1447191268164	0	lts_1110L_26_01	26	01	1	12	0	0	0	CR	MAX	corkscrew02.jpg	corkscrew02.jpg	NOKEY	MAX	NOKEY
1447191269300	0	lts_1110L_26_01	26	01	1	13	4	1	1	Hit	664	4-mul/22886412.thl.jpg	22886412.thl.jpg	SPACE	701	SPACE
1447191272374	0	lts_1110L_26_01	26	01	1	14	0	0	0	CR	MAX	32/AMETDETE2.jpg	AMETDETE2.jpg	NOKEY	MAX	NOKEY
1447191275449	0	lts_1110L_26_01	26	01	1	15	0	0	0	CR	MAX	ATOASTE22.jpg	ATOASTE22.jpg	NOKEY	MAX	NOKEY
1447191278538	0	lts_1110L_26_01	26	01	1	16	0	0	0	CR	MAX	8/beanbagchair.jpg	beanbagchair.jpg	NOKEY	MAX	NOKEY
1447191281629	0	lts_1110L_26_01	26	01	1	17	0	0	0	CR	MAX	Acastle22.jpg	Acastle22.jpg	NOKEY	MAX	NOKEY
1447191282699	0	lts_1110L_26_01	26	01	1	18	00	1	1	Hit	575	00-across/AGRATER.jpg	AGRATER.jpg	SPACE	619	SPACE
1447191285773	0	lts_1110L_26_01	26	01	1	19	0	0	0	CR	MAX	128/Acampingtoolk.jpg	Acampingtoolk.jpg	NOKEY	MAX	NOKEY
1447191288864	0	lts_1110L_26_01	26	01	1	20	0	0	0	CR	MAX	Acable14.jpg	Acable14.jpg	NOKEY	MAX	NOKEY
1447191291955	0	lts_1110L_26_01	26	01	1	21	0	0	0	CR	MAX	32/Aglass33.jpg	Aglass33.jpg	NOKEY	MAX	NOKEY
1447191295031	0	lts_1110L_26_01	26	01	1	22	0	0	0	CR	MAX	Apyramid3.jpg	Apyramid3.jpg	NOKEY	MAX	NOKEY
1447191298122	0	lts_1110L_26_01	26	01	1	23	0	0	0	CR	MAX	26424973.thl.jpg	26424973.thl.jpg	NOKEY	MAX	NOKEY
1447191299241	0	lts_1110L_26_01	26	01	1	24	8	1	1	Hit	644	8-first/beanbagchair.jpg	beanbagchair.jpg	SPACE	684	SPACE
1447191302332	0	lts_1110L_26_01	26	01	1	25	0	0	0	CR	MAX	1/AGREENPEP.jpg	AGREENPEP.jpg	NOKEY	MAX	NOKEY
1447191303302	0	lts_1110L_26_01	26	01	1	26	1	1	1	Hit	491	1-5/AGREENPEP.jpg	AGREENPEP.jpg	SPACE	533	SPACE
1447191306393	0	lts_1110L_26_01	26	01	1	27	0	0	0	CR	MAX	8022302.thl.jpg	8022302.thl.jpg	NOKEY	MAX	NOKEY
1447191307445	0	lts_1110L_26_01	26	01	1	28	4	1	1	Hit	568	4-mul/beanbagchair.jpg	beanbagchair.jpg	SPACE	618	SPACE
1447191310535	0	lts_1110L_26_01	26	01	1	29	0	0	0	CR	MAX	Apenguin2.jpg	Apenguin2.jpg	NOKEY	MAX	NOKEY
1447191313609	0	lts_1110L_26_01	26	01	1	30	0	0	0	CR	MAX	Abat5.jpg	Abat5.jpg	NOKEY	MAX	NOKEY
1447191316700	0	lts_1110L_26_01	26	01	1	31	0	0	0	CR	MAX	2/Atelecommuni4.jpg	Atelecommuni4.jpg	NOKEY	MAX	NOKEY
1447191319791	0	lts_1110L_26_01	26	01	1	32	0	0	0	CR	MAX	8021743.thl.jpg	8021743.thl.jpg	NOKEY	MAX	NOKEY
1447191320944	0	lts_1110L_26_01	26	01	1	33	2	1	1	Hit	653	2-0/Atelecommuni4.jpg	Atelecommuni4.jpg	SPACE	703	SPACE
1447191324020	0	lts_1110L_26_01	26	01	1	34	0	0	0	CR	MAX	128/ATOWRACK3.jpg	ATOWRACK3.jpg	NOKEY	MAX	NOKEY
1447191327094	0	lts_1110L_26_01	26	01	1	35	0	0	0	CR	MAX	Aaircompress2.jpg	Aaircompress2.jpg	NOKEY	MAX	NOKEY
1447191330169	0	lts_1110L_26_01	26	01	1	36	0	0	0	CR	MAX	8248852.thl.jpg	8248852.thl.jpg	NOKEY	MAX	NOKEY
1447191333243	0	lts_1110L_26_01	26	01	1	37	0	0	0	CR	MAX	1/26426803.thl.jpg	26426803.thl.jpg	NOKEY	MAX	NOKEY
1447191334179	0	lts_1110L_26_01	26	01	1	38	1	1	1	Hit	452	1-3/26426803.thl.jpg	26426803.thl.jpg	SPACE	500	SPACE
1447191337270	0	lts_1110L_26_01	26	01	1	39	0	0	0	CR	MAX	2/APARSLEY.jpg	APARSLEY.jpg	NOKEY	MAX	NOKEY
1447191340344	0	lts_1110L_26_01	26	01	1	40	0	0	0	CR	MAX	Aalmond4.jpg	Aalmond4.jpg	NOKEY	MAX	NOKEY
1447191341380	0	lts_1110L_26_01	26	01	1	41	2	1	1	Hit	550	2-10/APARSLEY.jpg	APARSLEY.jpg	SPACE	600	SPACE
1447191344454	0	lts_1110L_26_01	26	01	1	42	0	0	0	CR	MAX	Astroboscope5.jpg	Astroboscope5.jpg	NOKEY	MAX	NOKEY
1447191345689	0	lts_1110L_26_01	26	01	1	43	00	1	1	Hit	740	00-across/AOLDLIFE3.jpg	AOLDLIFE3.jpg	SPACE	785	SPACE
1447191348781	0	lts_1110L_26_01	26	01	1	44	0	0	0	CR	MAX	16/ASHEEP4.jpg	ASHEEP4.jpg	NOKEY	MAX	NOKEY
1447191351855	0	lts_1110L_26_01	26	01	1	45	0	0	0	CR	MAX	Acandle120.jpg	Acandle120.jpg	NOKEY	MAX	NOKEY
1447191353159	0	lts_1110L_26_01	26	01	1	46	32	1	1	Hit	825	32-0/AMETDETE2.jpg	AMETDETE2.jpg	SPACE	869	SPACE
1447191356234	0	lts_1110L_26_01	26	01	1	47	0	0	0	CR	MAX	AWINTERH2.jpg	AWINTERH2.jpg	NOKEY	MAX	NOKEY
1447191359308	0	lts_1110L_26_01	26	01	1	48	0	0	0	CR	MAX	8/Aasianbuildin.jpg	Aasianbuildin.jpg	NOKEY	MAX	NOKEY
1447191362383	0	lts_1110L_26_01	26	01	1	49	0	0	0	CR	MAX	Astatueofwo29.jpg	Astatueofwo29.jpg	NOKEY	MAX	NOKEY
1447191365457	0	lts_1110L_26_01	26	01	1	50	0	0	0	CR	MAX	22869912.thl.jpg	22869912.thl.jpg	NOKEY	MAX	NOKEY
1447191368531	0	lts_1110L_26_01	26	01	1	51	0	0	0	CR	MAX	128/Aoutdoorhalo2.jpg	Aoutdoorhalo2.jpg	NOKEY	MAX	NOKEY
1447191371604	0	lts_1110L_26_01	26	01	1	52	0	0	0	CR	MAX	Aearsyringe.jpg	Aearsyringe.jpg	NOKEY	MAX	NOKEY
1447191372690	0	lts_1110L_26_01	26	01	1	53	32	1	1	Hit	605	32-3/Aglass33.jpg	Aglass33.jpg	SPACE	653	SPACE
1447191375781	0	lts_1110L_26_01	26	01	1	54	0	0	0	CR	MAX	medievalknight.jpg	medievalknight.jpg	NOKEY	MAX	NOKEY
1447191378873	0	lts_1110L_26_01	26	01	1	55	0	0	0	CR	MAX	ATRICKTR2.jpg	ATRICKTR2.jpg	NOKEY	MAX	NOKEY
1447191379908	0	lts_1110L_26_01	26	01	1	56	8	1	1	Hit	558	8-first/Aasianbuildin.jpg	Aasianbuildin.jpg	SPACE	603	SPACE
1447191383001	0	lts_1110L_26_01	26	01	1	57	0	0	0	CR	MAX	headcomb1.jpg	headcomb1.jpg	NOKEY	MAX	NOKEY
1447191384037	0	lts_1110L_26_01	26	01	1	58	2	1	1	Hit	562	2-mul/Aasianbuildin.jpg	Aasianbuildin.jpg	SPACE	600	SPACE
1447191387128	0	lts_1110L_26_01	26	01	1	59	0	0	0	CR	MAX	AEXERCBIK.jpg	AEXERCBIK.jpg	NOKEY	MAX	NOKEY
1447191388231	0	lts_1110L_26_01	26	01	1	60	16	1	1	Hit	627	16-first/ASHEEP4.jpg	ASHEEP4.jpg	SPACE	667	SPACE
1447191391305	0	lts_1110L_26_01	26	01	1	61	0	0	0	CR	MAX	1/ARELSCU49.jpg	ARELSCU49.jpg	NOKEY	MAX	NOKEY
1447191392240	0	lts_1110L_26_01	26	01	1	62	1	1	1	Hit	464	1-12/ARELSCU49.jpg	ARELSCU49.jpg	SPACE	500	SPACE
1447191395399	0	lts_1110L_26_01	26	01	1	63	0	0	0	CR	MAX	AICEUBETR.jpg	AICEUBETR.jpg	NOKEY	MAX	NOKEY
1447191396418	0	lts_1110L_26_01	26	01	1	64	4	1	1	Hit	546	4-mul/ASHEEP4.jpg	ASHEEP4.jpg	SPACE	584	SPACE
1447191399492	0	lts_1110L_26_01	26	01	1	65	0	0	0	CR	MAX	1/Akeyboard3.jpg	Akeyboard3.jpg	NOKEY	MAX	NOKEY
1447191400461	0	lts_1110L_26_01	26	01	1	66	1	1	1	Hit	499	1-11/Akeyboard3.jpg	Akeyboard3.jpg	SPACE	535	SPACE
1447191403534	0	lts_1110L_26_01	26	01	1	67	0	0	0	CR	MAX	AROCKCH27.jpg	AROCKCH27.jpg	NOKEY	MAX	NOKEY
1447191406625	0	lts_1110L_26_01	26	01	1	68	0	0	0	CR	MAX	4/26428593.thl.jpg	26428593.thl.jpg	NOKEY	MAX	NOKEY
1447191409716	0	lts_1110L_26_01	26	01	1	69	0	0	0	CR	MAX	26387641.thl.jpg	26387641.thl.jpg	NOKEY	MAX	NOKEY
1447191412807	0	lts_1110L_26_01	26	01	1	70	0	0	0	CR	MAX	popcorn.jpg	popcorn.jpg	NOKEY	MAX	NOKEY
1447191415898	0	lts_1110L_26_01	26	01	1	71	0	0	0	CR	MAX	Asoapdish3.jpg	Asoapdish3.jpg	NOKEY	MAX	NOKEY
1447191417002	0	lts_1110L_26_01	26	01	1	72	4	1	1	Hit	627	4-1/26428593.thl.jpg	26428593.thl.jpg	SPACE	668	SPACE
1447191420093	0	lts_1110L_26_01	26	01	1	73	0	0	0	CR	MAX	32/Adayplanner.jpg	Adayplanner.jpg	NOKEY	MAX	NOKEY
1447191423168	0	lts_1110L_26_01	26	01	1	74	0	0	0	CR	MAX	AELECSAW.jpg	AELECSAW.jpg	NOKEY	MAX	NOKEY
1447191426242	0	lts_1110L_26_01	26	01	1	75	0	0	0	CR	MAX	QD-HEad.jpg	QD-HEad.jpg	NOKEY	MAX	NOKEY
1447191429317	0	lts_1110L_26_01	26	01	1	76	0	0	0	CR	MAX	2/Asunflower3.jpg	Asunflower3.jpg	NOKEY	MAX	NOKEY
1447191432391	0	lts_1110L_26_01	26	01	1	77	0	0	0	CR	MAX	ASAFE.jpg	ASAFE.jpg	NOKEY	MAX	NOKEY
1447191433443	0	lts_1110L_26_01	26	01	1	78	2	1	1	Hit	578	2-6/Asunflower3.jpg	Asunflower3.jpg	SPACE	618	SPACE
1447191436533	0	lts_1110L_26_01	26	01	1	79	0	0	0	CR	MAX	2/ACOFGRIN2.jpg	ACOFGRIN2.jpg	NOKEY	MAX	NOKEY
1447191439624	0	lts_1110L_26_01	26	01	1	80	0	0	0	CR	MAX	4/ABAGEL.jpg	ABAGEL.jpg	NOKEY	MAX	NOKEY
1447191440660	0	lts_1110L_26_01	26	01	1	81	2	1	1	Hit	554	2-12/ACOFGRIN2.jpg	ACOFGRIN2.jpg	SPACE	603	SPACE
1447191443768	0	lts_1110L_26_01	26	01	1	82	0	0	0	CR	MAX	ATOQUE4.jpg	ATOQUE4.jpg	NOKEY	MAX	NOKEY
1447191446843	0	lts_1110L_26_01	26	01	1	83	0	0	0	CR	MAX	16/Acontrolpane2.jpg	Acontrolpane2.jpg	NOKEY	MAX	NOKEY
1447191448013	0	lts_1110L_26_01	26	01	1	84	4	1	1	Hit	695	4-11/ABAGEL.jpg	ABAGEL.jpg	SPACE	735	SPACE
1447191451104	0	lts_1110L_26_01	26	01	1	85	0	0	0	CR	MAX	16/Acleaningpro6.jpg	Acleaningpro6.jpg	NOKEY	MAX	NOKEY
1447191454179	0	lts_1110L_26_01	26	01	1	86	0	0	0	CR	MAX	1/bikewithbasket.jpg	bikewithbasket.jpg	NOKEY	MAX	NOKEY
1447191455098	0	lts_1110L_26_01	26	01	1	87	1	1	1	Hit	437	1-8/bikewithbasket.jpg	bikewithbasket.jpg	SPACE	483	SPACE
1447191458172	0	lts_1110L_26_01	26	01	1	88	0	0	0	CR	MAX	FJVWL.jpg	FJVWL.jpg	NOKEY	MAX	NOKEY
1447191461246	0	lts_1110L_26_01	26	01	1	89	0	0	0	CR	MAX	8257273.thl.jpg	8257273.thl.jpg	NOKEY	MAX	NOKEY
1447191464321	0	lts_1110L_26_01	26	01	1	90	0	0	0	CR	MAX	gymvaulting.jpg	gymvaulting.jpg	NOKEY	MAX	NOKEY
1447191467395	0	lts_1110L_26_01	26	01	1	91	0	0	0	CR	MAX	Aemergencyki5.jpg	Aemergencyki5.jpg	NOKEY	MAX	NOKEY
1447191470469	0	lts_1110L_26_01	26	01	1	92	0	0	0	CR	MAX	2/Atoydrill4.jpg	Atoydrill4.jpg	NOKEY	MAX	NOKEY
1447191473559	0	lts_1110L_26_01	26	01	1	93	0	0	0	CR	MAX	Abridge9.jpg	Abridge9.jpg	NOKEY	MAX	NOKEY
1447191474712	0	lts_1110L_26_01	26	01	1	94	2	1	1	Hit	666	2-5/Atoydrill4.jpg	Atoydrill4.jpg	SPACE	703	SPACE
1447191477803	0	lts_1110L_26_01	26	01	1	95	0	0	0	CR	MAX	Aconchshe.jpg	Aconchshe.jpg	NOKEY	MAX	NOKEY
1447191480894	0	lts_1110L_26_01	26	01	1	96	0	0	0	CR	MAX	64/Afish57.jpg	Afish57.jpg	NOKEY	MAX	NOKEY
1447191483969	0	lts_1110L_26_01	26	01	1	97	0	0	0	CR	MAX	16/Aacupuncture2.jpg	Aacupuncture2.jpg	NOKEY	MAX	NOKEY
1447191487061	0	lts_1110L_26_01	26	01	1	98	0	0	0	CR	MAX	Awheatstalks2.jpg	Awheatstalks2.jpg	NOKEY	MAX	NOKEY
1447191488214	0	lts_1110L_26_01	26	01	1	99	16	1	1	Hit	673	16-first/Acontrolpane2.jpg	Acontrolpane2.jpg	SPACE	718	SPACE
1447191491288	0	lts_1110L_26_01	26	01	1	100	0	0	0	CR	MAX	Abreastpump2.jpg	Abreastpump2.jpg	NOKEY	MAX	NOKEY
1447191492374	0	lts_1110L_26_01	26	01	1	101	16	1	1	Hit	607	16-1/Acleaningpro6.jpg	Acleaningpro6.jpg	SPACE	650	SPACE
1447191495448	0	lts_1110L_26_01	26	01	1	102	0	0	0	CR	MAX	Alanter59.jpg	Alanter59.jpg	NOKEY	MAX	NOKEY
1447191498523	0	lts_1110L_26_01	26	01	1	103	00	1	0	Miss	MAX	00-across/22925624.thl.jpg	22925624.thl.jpg	NOKEY	MAX	SPACE
1447191499691	0	lts_1110L_26_01	26	01	1	104	0	0	1	FA	696	16/8021822.thl.jpg	8021822.thl.jpg	SPACE	737	NOKEY
1447191500794	0	lts_1110L_26_01	26	01	1	105	32	1	1	Hit	632	32-4/Adayplanner.jpg	Adayplanner.jpg	SPACE	669	SPACE
1447191503885	0	lts_1110L_26_01	26	01	1	106	0	0	0	CR	MAX	ABLAKPOT3.jpg	ABLAKPOT3.jpg	NOKEY	MAX	NOKEY
1447191506960	0	lts_1110L_26_01	26	01	1	107	0	0	0	CR	MAX	128/Asaturn.jpg	Asaturn.jpg	NOKEY	MAX	NOKEY
1447191510052	0	lts_1110L_26_01	26	01	1	108	0	0	0	CR	MAX	AALARMSY6.jpg	AALARMSY6.jpg	NOKEY	MAX	NOKEY
1447191513126	0	lts_1110L_26_01	26	01	1	109	0	0	0	CR	MAX	AGOOSNEC2.jpg	AGOOSNEC2.jpg	NOKEY	MAX	NOKEY
1447191516217	0	lts_1110L_26_01	26	01	1	110	0	0	0	CR	MAX	1/paintbrush03.jpg	paintbrush03.jpg	NOKEY	MAX	NOKEY
1447191517203	0	lts_1110L_26_01	26	01	1	111	1	1	1	Hit	501	1-10/paintbrush03.jpg	paintbrush03.jpg	SPACE	550	SPACE
1447191520277	0	lts_1110L_26_01	26	01	1	112	0	0	0	CR	MAX	128/hammer01.jpg	hammer01.jpg	NOKEY	MAX	NOKEY
1447191521397	0	lts_1110L_26_01	26	01	1	113	16	1	1	Hit	636	16-first/Aacupuncture2.jpg	Aacupuncture2.jpg	SPACE	684	SPACE
1447191524471	0	lts_1110L_26_01	26	01	1	114	0	0	0	CR	MAX	ASTAR.jpg	ASTAR.jpg	NOKEY	MAX	NOKEY
1447191525974	0	lts_1110L_26_01	26	01	1	115	16	1	1	Hit	1019	16-mul/Acontrolpane2.jpg	Acontrolpane2.jpg	SPACE	1069	SPACE
1447191529049	0	lts_1110L_26_01	26	01	1	116	0	0	0	CR	MAX	greenbeans.jpg	greenbeans.jpg	NOKEY	MAX	NOKEY
1447191530119	0	lts_1110L_26_01	26	01	1	117	4	1	1	Hit	595	4-mul/Aacupuncture2.jpg	Aacupuncture2.jpg	SPACE	633	SPACE
1447191533193	0	lts_1110L_26_01	26	01	1	118	0	0	0	CR	MAX	Adropper2.jpg	Adropper2.jpg	NOKEY	MAX	NOKEY
1447191536267	0	lts_1110L_26_01	26	01	1	119	0	0	0	CR	MAX	ringbox03.jpg	ringbox03.jpg	NOKEY	MAX	NOKEY
1447191537287	0	lts_1110L_26_01	26	01	1	120	16	1	1	Hit	539	16-first/8021822.thl.jpg	8021822.thl.jpg	SPACE	583	SPACE
1447191540361	0	lts_1110L_26_01	26	01	1	121	0	0	0	CR	MAX	Acandlehold17.jpg	Acandlehold17.jpg	NOKEY	MAX	NOKEY
1447191541629	0	lts_1110L_26_01	26	01	1	122	2	1	1	Hit	770	2-mul/8021822.thl.jpg	8021822.thl.jpg	SPACE	819	SPACE
1447191544721	0	lts_1110L_26_01	26	01	1	123	0	0	0	CR	MAX	Acampingcoffe.jpg	Acampingcoffe.jpg	NOKEY	MAX	NOKEY
1447191547812	0	lts_1110L_26_01	26	01	1	124	0	0	0	CR	MAX	hurdle.jpg	hurdle.jpg	NOKEY	MAX	NOKEY
1447191550886	0	lts_1110L_26_01	26	01	1	125	0	0	0	CR	MAX	blueberriespack.jpg	blueberriespack.jpg	NOKEY	MAX	NOKEY
1447191553960	0	lts_1110L_26_01	26	01	1	126	0	0	0	CR	MAX	2/Acarvedpumpk2.jpg	Acarvedpumpk2.jpg	NOKEY	MAX	NOKEY
1447191557036	0	lts_1110L_26_01	26	01	1	127	0	0	0	CR	MAX	hottub.jpg	hottub.jpg	NOKEY	MAX	NOKEY
1447191558339	0	lts_1110L_26_01	26	01	1	128	2	1	1	Hit	821	2-3/Acarvedpumpk2.jpg	Acarvedpumpk2.jpg	SPACE	868	SPACE
1447191561413	0	lts_1110L_26_01	26	01	1	129	0	0	0	CR	MAX	16/acquarium.jpg	acquarium.jpg	NOKEY	MAX	NOKEY
1447191564487	0	lts_1110L_26_01	26	01	1	130	0	0	0	CR	MAX	AHEBREWTE.jpg	AHEBREWTE.jpg	NOKEY	MAX	NOKEY
1447191567578	0	lts_1110L_26_01	26	01	1	131	0	0	0	CR	MAX	4/ACAMLENSE.jpg	ACAMLENSE.jpg	NOKEY	MAX	NOKEY
1447191570685	0	lts_1110L_26_01	26	01	1	132	0	0	0	CR	MAX	AWOODFLUT.jpg	AWOODFLUT.jpg	NOKEY	MAX	NOKEY
1447191573777	0	lts_1110L_26_01	26	01	1	133	0	0	0	CR	MAX	26379161.thl.jpg	26379161.thl.jpg	NOKEY	MAX	NOKEY
1447191576868	0	lts_1110L_26_01	26	01	1	134	0	0	0	CR	MAX	Abaleofhay.jpg	Abaleofhay.jpg	NOKEY	MAX	NOKEY
1447191578055	0	lts_1110L_26_01	26	01	1	135	4	1	1	Hit	712	4-9/ACAMLENSE.jpg	ACAMLENSE.jpg	SPACE	752	SPACE
1447191581129	0	lts_1110L_26_01	26	01	1	136	0	0	0	CR	MAX	2/cowboywagon.jpg	cowboywagon.jpg	NOKEY	MAX	NOKEY
1447191584204	0	lts_1110L_26_01	26	01	1	137	0	0	0	CR	MAX	AMUFFIPAN.jpg	AMUFFIPAN.jpg	NOKEY	MAX	NOKEY
1447191585756	0	lts_1110L_26_01	26	01	1	138	2	1	1	Hit	1077	2-4/cowboywagon.jpg	cowboywagon.jpg	SPACE	1120	SPACE
1447191588848	0	lts_1110L_26_01	26	01	1	139	0	0	0	CR	MAX	26282693.thl.jpg	26282693.thl.jpg	NOKEY	MAX	NOKEY
1447191591922	0	lts_1110L_26_01	26	01	1	140	0	0	0	CR	MAX	A_teabag.jpg	A_teabag.jpg	NOKEY	MAX	NOKEY
1447191594996	0	lts_1110L_26_01	26	01	1	141	0	0	0	CR	MAX	Asandwichiro2.jpg	Asandwichiro2.jpg	NOKEY	MAX	NOKEY
1447191596817	0	lts_1110L_26_01	26	01	1	142	0	0	1	FA	1349	64/Apostalscale2.jpg	Apostalscale2.jpg	SPACE	1387	NOKEY
1447191599892	0	lts_1110L_26_01	26	01	1	143	0	0	0	CR	MAX	ACHEESLIC.jpg	ACHEESLIC.jpg	NOKEY	MAX	NOKEY
1447191602966	0	lts_1110L_26_01	26	01	1	144	0	0	0	CR	MAX	Aeggsandwich6.jpg	Aeggsandwich6.jpg	NOKEY	MAX	NOKEY
1447191604037	0	lts_1110L_26_01	26	01	1	145	16	1	1	Hit	587	16-0/acquarium.jpg	acquarium.jpg	SPACE	634	SPACE
1447191607111	0	lts_1110L_26_01	26	01	1	146	0	0	0	CR	MAX	ABAKBRUS2.jpg	ABAKBRUS2.jpg	NOKEY	MAX	NOKEY
1447191608348	0	lts_1110L_26_01	26	01	1	147	128	1	1	Hit	750	128-3/Acampingtoolk.jpg	Acampingtoolk.jpg	SPACE	800	SPACE
1447191611422	0	lts_1110L_26_01	26	01	1	148	0	0	0	CR	MAX	23060574.thl.jpg	23060574.thl.jpg	NOKEY	MAX	NOKEY
1447191614496	0	lts_1110L_26_01	26	01	1	149	0	0	0	CR	MAX	128/ASPOONS2.jpg	ASPOONS2.jpg	NOKEY	MAX	NOKEY
1447191617586	0	lts_1110L_26_01	26	01	1	150	0	0	0	CR	MAX	35314138.thl.jpg	35314138.thl.jpg	NOKEY	MAX	NOKEY
1447191620677	0	lts_1110L_26_01	26	01	1	151	0	0	0	CR	MAX	26439898.thl.jpg	26439898.thl.jpg	NOKEY	MAX	NOKEY
1447191623751	0	lts_1110L_26_01	26	01	1	152	0	0	0	CR	MAX	16/AGIFTBOX8.jpg	AGIFTBOX8.jpg	NOKEY	MAX	NOKEY
1447191626843	0	lts_1110L_26_01	26	01	1	153	0	0	0	CR	MAX	26377183.thl.jpg	26377183.thl.jpg	NOKEY	MAX	NOKEY
1447191629934	0	lts_1110L_26_01	26	01	1	154	0	0	0	CR	MAX	ABEDROOM8.jpg	ABEDROOM8.jpg	NOKEY	MAX	NOKEY
1447191631738	0	lts_1110L_26_01	26	01	1	155	0	0	1	FA	1337	AHEARTES3.jpg	AHEARTES3.jpg	SPACE	1371	NOKEY
1447191634813	0	lts_1110L_26_01	26	01	1	156	0	0	0	CR	MAX	32/Akitchensinka.jpg	Akitchensinka.jpg	NOKEY	MAX	NOKEY
1447191637887	0	lts_1110L_26_01	26	01	1	157	0	0	0	CR	MAX	Agroupofmole7.jpg	Agroupofmole7.jpg	NOKEY	MAX	NOKEY
1447191640961	0	lts_1110L_26_01	26	01	1	158	0	0	0	CR	MAX	8/ASTENORA2.jpg	ASTENORA2.jpg	NOKEY	MAX	NOKEY
1447191644103	0	lts_1110L_26_01	26	01	1	159	0	0	0	CR	MAX	AGERMANH4.jpg	AGERMANH4.jpg	NOKEY	MAX	NOKEY
1447191645340	0	lts_1110L_26_01	26	01	1	160	64	1	1	Hit	765	64-first/Afish57.jpg	Afish57.jpg	SPACE	801	SPACE
1447191648414	0	lts_1110L_26_01	26	01	1	161	0	0	0	CR	MAX	8074514.thl.jpg	8074514.thl.jpg	NOKEY	MAX	NOKEY
1447191650052	0	lts_1110L_26_01	26	01	1	162	128	1	1	Hit	1155	128-4/ATOWRACK3.jpg	ATOWRACK3.jpg	SPACE	1203	SPACE
1447191653126	0	lts_1110L_26_01	26	01	1	163	0	0	0	CR	MAX	Astrawfan.jpg	Astrawfan.jpg	NOKEY	MAX	NOKEY
1447191656201	0	lts_1110L_26_01	26	01	1	164	0	0	0	CR	MAX	26437028.thl.jpg	26437028.thl.jpg	NOKEY	MAX	NOKEY
1447191659275	0	lts_1110L_26_01	26	01	1	165	0	0	0	CR	MAX	AHIGCHAIR.jpg	AHIGCHAIR.jpg	NOKEY	MAX	NOKEY
1447191662349	0	lts_1110L_26_01	26	01	1	166	8	1	0	Miss	MAX	8-first/ASTENORA2.jpg	ASTENORA2.jpg	NOKEY	MAX	SPACE
1447191665423	0	lts_1110L_26_01	26	01	1	167	0	0	0	CR	MAX	23057742.thl.jpg	23057742.thl.jpg	NOKEY	MAX	NOKEY
1447191666493	0	lts_1110L_26_01	26	01	1	168	16	1	1	Hit	592	16-first/AGIFTBOX8.jpg	AGIFTBOX8.jpg	SPACE	635	SPACE
1447191669599	0	lts_1110L_26_01	26	01	1	169	0	0	0	CR	MAX	26424087.thl.jpg	26424087.thl.jpg	NOKEY	MAX	NOKEY
1447191672691	0	lts_1110L_26_01	26	01	1	170	0	0	0	CR	MAX	Ajacket12.jpg	Ajacket12.jpg	NOKEY	MAX	NOKEY
1447191675782	0	lts_1110L_26_01	26	01	1	171	0	0	0	CR	MAX	ABARREL3.jpg	ABARREL3.jpg	NOKEY	MAX	NOKEY
1447191676818	0	lts_1110L_26_01	26	01	1	172	4	1	1	Hit	554	4-mul/AGIFTBOX8.jpg	AGIFTBOX8.jpg	SPACE	602	SPACE
1447191679909	0	lts_1110L_26_01	26	01	1	173	0	0	0	CR	MAX	workweightmach.jpg	workweightmach.jpg	NOKEY	MAX	NOKEY
1447191682983	0	lts_1110L_26_01	26	01	1	174	0	0	0	CR	MAX	ATHISEND4.jpg	ATHISEND4.jpg	NOKEY	MAX	NOKEY
1447191686058	0	lts_1110L_26_01	26	01	1	175	0	0	0	CR	MAX	16/ANAILFILE.jpg	ANAILFILE.jpg	NOKEY	MAX	NOKEY
1447191687061	0	lts_1110L_26_01	26	01	1	176	16	1	1	Hit	519	16-mul/Afish57.jpg	Afish57.jpg	SPACE	567	SPACE
1447191690135	0	lts_1110L_26_01	26	01	1	177	0	0	0	CR	MAX	26432109.thl.jpg	26432109.thl.jpg	NOKEY	MAX	NOKEY
1447191693210	0	lts_1110L_26_01	26	01	1	178	0	0	0	CR	MAX	22896812.thl.jpg	22896812.thl.jpg	NOKEY	MAX	NOKEY
1447191696284	0	lts_1110L_26_01	26	01	1	179	128	1	0	Miss	MAX	128-7/Aoutdoorhalo2.jpg	Aoutdoorhalo2.jpg	NOKEY	MAX	SPACE
1447191699375	0	lts_1110L_26_01	26	01	1	180	0	0	0	CR	MAX	26554880.thl.jpg	26554880.thl.jpg	NOKEY	MAX	NOKEY
1447191702449	0	lts_1110L_26_01	26	01	1	181	0	0	0	CR	MAX	Abedspringsam.jpg	Abedspringsam.jpg	NOKEY	MAX	NOKEY
1447191703634	0	lts_1110L_26_01	26	01	1	182	16	1	1	Hit	699	16-mul/ASTENORA2.jpg	ASTENORA2.jpg	SPACE	735	SPACE
1447191706726	0	lts_1110L_26_01	26	01	1	183	0	0	0	CR	MAX	2/Apaperclipsin.jpg	Apaperclipsin.jpg	NOKEY	MAX	NOKEY
1447191709800	0	lts_1110L_26_01	26	01	1	184	0	0	0	CR	MAX	64/ACOMPAS20.jpg	ACOMPAS20.jpg	NOKEY	MAX	NOKEY
1447191710869	0	lts_1110L_26_01	26	01	1	185	2	1	1	Hit	588	2-9/Apaperclipsin.jpg	Apaperclipsin.jpg	SPACE	636	SPACE
1447191713960	0	lts_1110L_26_01	26	01	1	186	0	0	0	CR	MAX	26428545.thl.jpg	26428545.thl.jpg	NOKEY	MAX	NOKEY
1447191717036	0	lts_1110L_26_01	26	01	1	187	0	0	0	CR	MAX	Arockingchai5.jpg	Arockingchai5.jpg	NOKEY	MAX	NOKEY
1447191718205	0	lts_1110L_26_01	26	01	1	188	32	1	1	Hit	691	32-5/Akitchensinka.jpg	Akitchensinka.jpg	SPACE	734	SPACE
1447191721280	0	lts_1110L_26_01	26	01	1	189	0	0	0	CR	MAX	Abutanco3.jpg	Abutanco3.jpg	NOKEY	MAX	NOKEY
1447191724354	0	lts_1110L_26_01	26	01	1	190	0	0	0	CR	MAX	128/workbench.jpg	workbench.jpg	NOKEY	MAX	NOKEY
1447191725440	0	lts_1110L_26_01	26	01	1	191	16	1	1	Hit	602	16-first/ANAILFILE.jpg	ANAILFILE.jpg	SPACE	652	SPACE
1447191728514	0	lts_1110L_26_01	26	01	1	192	0	0	0	CR	MAX	128/ewok.jpg	ewok.jpg	NOKEY	MAX	NOKEY
1447191729666	0	lts_1110L_26_01	26	01	1	193	2	1	1	Hit	668	2-mul/ANAILFILE.jpg	ANAILFILE.jpg	SPACE	702	SPACE
1447191732741	0	lts_1110L_26_01	26	01	1	194	0	0	0	CR	MAX	AFILM.jpg	AFILM.jpg	NOKEY	MAX	NOKEY
1447191735832	0	lts_1110L_26_01	26	01	1	195	0	0	0	CR	MAX	26421382.thl.jpg	26421382.thl.jpg	NOKEY	MAX	NOKEY
1447191738923	0	lts_1110L_26_01	26	01	1	196	0	0	0	CR	MAX	2/ALITTERSC.jpg	ALITTERSC.jpg	NOKEY	MAX	NOKEY
1447191742015	0	lts_1110L_26_01	26	01	1	197	0	0	0	CR	MAX	16/AHAIRCLI6.jpg	AHAIRCLI6.jpg	NOKEY	MAX	NOKEY
1447191743135	0	lts_1110L_26_01	26	01	1	198	2	1	1	Hit	644	2-8/ALITTERSC.jpg	ALITTERSC.jpg	SPACE	683	SPACE
1447191746209	0	lts_1110L_26_01	26	01	1	199	0	0	0	CR	MAX	32/ANEWSBOX4.jpg	ANEWSBOX4.jpg	NOKEY	MAX	NOKEY
1447191749283	0	lts_1110L_26_01	26	01	1	200	0	0	0	CR	MAX	8/26428110.thl.jpg	26428110.thl.jpg	NOKEY	MAX	NOKEY
1447191752357	0	lts_1110L_26_01	26	01	1	201	0	0	0	CR	MAX	decorativesquash.jpg	decorativesquash.jpg	NOKEY	MAX	NOKEY
1447191755432	0	lts_1110L_26_01	26	01	1	202	0	0	0	CR	MAX	AFRUIT2.jpg	AFRUIT2.jpg	NOKEY	MAX	NOKEY
1447191758506	0	lts_1110L_26_01	26	01	1	203	0	0	0	CR	MAX	8253370.thl.jpg	8253370.thl.jpg	NOKEY	MAX	NOKEY
1447191761596	0	lts_1110L_26_01	26	01	1	204	0	0	0	CR	MAX	ATHERMO4.jpg	ATHERMO4.jpg	NOKEY	MAX	NOKEY
1447191764670	0	lts_1110L_26_01	26	01	1	205	0	0	0	CR	MAX	AAIRPUMP2.jpg	AAIRPUMP2.jpg	NOKEY	MAX	NOKEY
1447191766209	0	lts_1110L_26_01	26	01	1	206	64	1	1	Hit	1054	64-first/Apostalscale2.jpg	Apostalscale2.jpg	SPACE	1103	SPACE
1447191769283	0	lts_1110L_26_01	26	01	1	207	0	0	0	CR	MAX	ARECORDC2.jpg	ARECORDC2.jpg	NOKEY	MAX	NOKEY
1447191770419	0	lts_1110L_26_01	26	01	1	208	8	1	1	Hit	666	8-0/26428110.thl.jpg	26428110.thl.jpg	SPACE	701	SPACE
1447191773510	0	lts_1110L_26_01	26	01	1	209	0	0	0	CR	MAX	seesaw.jpg	seesaw.jpg	NOKEY	MAX	NOKEY
1447191776600	0	lts_1110L_26_01	26	01	1	210	0	0	0	CR	MAX	26424075.thl.jpg	26424075.thl.jpg	NOKEY	MAX	NOKEY
1447191779691	0	lts_1110L_26_01	26	01	1	211	0	0	0	CR	MAX	8258244.thl.jpg	8258244.thl.jpg	NOKEY	MAX	NOKEY
1447191782766	0	lts_1110L_26_01	26	01	1	212	0	0	0	CR	MAX	26373735.thl.jpg	26373735.thl.jpg	NOKEY	MAX	NOKEY
1447191783852	0	lts_1110L_26_01	26	01	1	213	16	1	1	Hit	616	16-first/AHAIRCLI6.jpg	AHAIRCLI6.jpg	SPACE	653	SPACE
1447191786926	0	lts_1110L_26_01	26	01	1	214	0	0	0	CR	MAX	Aboot9.jpg	Aboot9.jpg	NOKEY	MAX	NOKEY
1447191790002	0	lts_1110L_26_01	26	01	1	215	0	0	0	CR	MAX	64/cinnamonroll.jpg	cinnamonroll.jpg	NOKEY	MAX	NOKEY
1447191793093	0	lts_1110L_26_01	26	01	1	216	0	0	0	CR	MAX	1/APICTURE.jpg	APICTURE.jpg	NOKEY	MAX	NOKEY
1447191794062	0	lts_1110L_26_01	26	01	1	217	1	1	1	Hit	483	1-13/APICTURE.jpg	APICTURE.jpg	SPACE	534	SPACE
1447191797136	0	lts_1110L_26_01	26	01	1	218	0	0	0	CR	MAX	1/ATIMECLO3.jpg	ATIMECLO3.jpg	NOKEY	MAX	NOKEY
1447191798139	0	lts_1110L_26_01	26	01	1	219	1	1	1	Hit	520	1-14/ATIMECLO3.jpg	ATIMECLO3.jpg	SPACE	567	SPACE
1447191801213	0	lts_1110L_26_01	26	01	1	220	0	0	0	CR	MAX	Atoiletplung2.jpg	Atoiletplung2.jpg	NOKEY	MAX	NOKEY
1447191804287	0	lts_1110L_26_01	26	01	1	221	0	0	0	CR	MAX	ABROWNBAG.jpg	ABROWNBAG.jpg	NOKEY	MAX	NOKEY
1447191805290	0	lts_1110L_26_01	26	01	1	222	16	1	1	Hit	532	16-mul/Apostalscale2.jpg	Apostalscale2.jpg	SPACE	567	SPACE
1447191808364	0	lts_1110L_26_01	26	01	1	223	0	0	0	CR	MAX	Adaisies3.jpg	Adaisies3.jpg	NOKEY	MAX	NOKEY
1447191811438	0	lts_1110L_26_01	26	01	1	224	0	0	0	CR	MAX	2/ABLACKB14.jpg	ABLACKB14.jpg	NOKEY	MAX	NOKEY
1447191814529	0	lts_1110L_26_01	26	01	1	225	0	0	0	CR	MAX	B_orange.jpg	B_orange.jpg	NOKEY	MAX	NOKEY
1447191815482	0	lts_1110L_26_01	26	01	1	226	2	1	1	Hit	475	2-11/ABLACKB14.jpg	ABLACKB14.jpg	SPACE	519	SPACE
1447191818589	0	lts_1110L_26_01	26	01	1	227	0	0	0	CR	MAX	64/AROCKET20.jpg	AROCKET20.jpg	NOKEY	MAX	NOKEY
1447191821663	0	lts_1110L_26_01	26	01	1	228	0	0	0	CR	MAX	ATELEPH12.jpg	ATELEPH12.jpg	NOKEY	MAX	NOKEY
1447191822716	0	lts_1110L_26_01	26	01	1	229	16	1	1	Hit	566	16-mul/AHAIRCLI6.jpg	AHAIRCLI6.jpg	SPACE	602	SPACE
1447191825807	0	lts_1110L_26_01	26	01	1	230	0	0	0	CR	MAX	32/Achowchowdog.jpg	Achowchowdog.jpg	NOKEY	MAX	NOKEY
1447191828881	0	lts_1110L_26_01	26	01	1	231	32	1	0	Miss	MAX	32-1/ANEWSBOX4.jpg	ANEWSBOX4.jpg	NOKEY	MAX	SPACE
1447191831956	0	lts_1110L_26_01	26	01	1	232	0	0	0	CR	MAX	ACOWBELL6.jpg	ACOWBELL6.jpg	NOKEY	MAX	NOKEY
1447191835031	0	lts_1110L_26_01	26	01	1	233	0	0	0	CR	MAX	Abagofpaperfl.jpg	Abagofpaperfl.jpg	NOKEY	MAX	NOKEY
1447191838105	0	lts_1110L_26_01	26	01	1	234	0	0	0	CR	MAX	4/ACHILDISH.jpg	ACHILDISH.jpg	NOKEY	MAX	NOKEY
1447191839325	0	lts_1110L_26_01	26	01	1	235	128	1	1	Hit	734	128-5/Asaturn.jpg	Asaturn.jpg	SPACE	784	SPACE
1447191842416	0	lts_1110L_26_01	26	01	1	236	0	0	0	CR	MAX	Acarnivalgame.jpg	Acarnivalgame.jpg	NOKEY	MAX	NOKEY
1447191845507	0	lts_1110L_26_01	26	01	1	237	0	0	0	CR	MAX	Alighter12.jpg	Alighter12.jpg	NOKEY	MAX	NOKEY
1447191846592	0	lts_1110L_26_01	26	01	1	238	4	1	1	Hit	607	4-5/ACHILDISH.jpg	ACHILDISH.jpg	SPACE	652	SPACE
1447191849666	0	lts_1110L_26_01	26	01	1	239	0	0	0	CR	MAX	16/Aribbon21.jpg	Aribbon21.jpg	NOKEY	MAX	NOKEY
1447191850769	0	lts_1110L_26_01	26	01	1	240	128	1	1	Hit	634	128-6/hammer01.jpg	hammer01.jpg	SPACE	669	SPACE
1447191853860	0	lts_1110L_26_01	26	01	1	241	0	0	0	CR	MAX	32/AALIEN.jpg	AALIEN.jpg	NOKEY	MAX	NOKEY
1447191856951	0	lts_1110L_26_01	26	01	1	242	0	0	0	CR	MAX	2/APOWEDCAS.jpg	APOWEDCAS.jpg	NOKEY	MAX	NOKEY
1447191860027	0	lts_1110L_26_01	26	01	1	243	0	0	0	CR	MAX	Ascanner11.jpg	Ascanner11.jpg	NOKEY	MAX	NOKEY
1447191861063	0	lts_1110L_26_01	26	01	1	244	2	1	1	Hit	560	2-7/APOWEDCAS.jpg	APOWEDCAS.jpg	SPACE	601	SPACE
1447191864137	0	lts_1110L_26_01	26	01	1	245	0	0	0	CR	MAX	gun.jpg	gun.jpg	NOKEY	MAX	NOKEY
1447191867211	0	lts_1110L_26_01	26	01	1	246	0	0	0	CR	MAX	Aancientstat4.jpg	Aancientstat4.jpg	NOKEY	MAX	NOKEY
1447191870302	0	lts_1110L_26_01	26	01	1	247	0	0	0	CR	MAX	APANTRAC2.jpg	APANTRAC2.jpg	NOKEY	MAX	NOKEY
1447191871505	0	lts_1110L_26_01	26	01	1	248	64	1	1	Hit	725	64-first/ACOMPAS20.jpg	ACOMPAS20.jpg	SPACE	769	SPACE
1447191874595	0	lts_1110L_26_01	26	01	1	249	0	0	0	CR	MAX	Agraduationh2.jpg	Agraduationh2.jpg	NOKEY	MAX	NOKEY
1447191877670	0	lts_1110L_26_01	26	01	1	250	0	0	0	CR	MAX	26685596.thl.jpg	26685596.thl.jpg	NOKEY	MAX	NOKEY
1447191879691	0	lts_1110L_26_01	26	01	1	251	0	0	1	FA	1549	26463767.thl.jpg	26463767.thl.jpg	SPACE	1589	NOKEY
1447191880744	0	lts_1110L_26_01	26	01	1	252	4	1	1	Hit	581	4-mul/ACOMPAS20.jpg	ACOMPAS20.jpg	SPACE	619	SPACE
1447191883819	0	lts_1110L_26_01	26	01	1	253	0	0	0	CR	MAX	Acase2.jpg	Acase2.jpg	NOKEY	MAX	NOKEY
1447191886893	0	lts_1110L_26_01	26	01	1	254	0	0	0	CR	MAX	26432173.thl.jpg	26432173.thl.jpg	NOKEY	MAX	NOKEY
1447191888013	0	lts_1110L_26_01	26	01	1	255	16	1	1	Hit	647	16-first/Aribbon21.jpg	Aribbon21.jpg	SPACE	685	SPACE
1447191891088	0	lts_1110L_26_01	26	01	1	256	0	0	0	CR	MAX	AFLOURSCO.jpg	AFLOURSCO.jpg	NOKEY	MAX	NOKEY
1447191894162	0	lts_1110L_26_01	26	01	1	257	0	0	0	CR	MAX	AALTAR.jpg	AALTAR.jpg	NOKEY	MAX	NOKEY
1447191897236	0	lts_1110L_26_01	26	01	1	258	0	0	0	CR	MAX	26374713.thl.jpg	26374713.thl.jpg	NOKEY	MAX	NOKEY
1447191900310	0	lts_1110L_26_01	26	01	1	259	0	0	0	CR	MAX	Ahorse23.jpg	Ahorse23.jpg	NOKEY	MAX	NOKEY
1447191901380	0	lts_1110L_26_01	26	01	1	260	00	1	1	Hit	591	00-across/ALINENCA3.jpg	ALINENCA3.jpg	SPACE	634	SPACE
1447191904454	0	lts_1110L_26_01	26	01	1	261	0	0	0	CR	MAX	8/Aclamp42.jpg	Aclamp42.jpg	NOKEY	MAX	NOKEY
1447191905490	0	lts_1110L_26_01	26	01	1	262	32	1	1	Hit	552	32-2/Achowchowdog.jpg	Achowchowdog.jpg	SPACE	602	SPACE
1447191908580	0	lts_1110L_26_01	26	01	1	263	0	0	0	CR	MAX	4/ACUTPIN.jpg	ACUTPIN.jpg	NOKEY	MAX	NOKEY
1447191911655	0	lts_1110L_26_01	26	01	1	264	0	0	0	CR	MAX	grenade.jpg	grenade.jpg	NOKEY	MAX	NOKEY
1447191914746	0	lts_1110L_26_01	26	01	1	265	0	0	0	CR	MAX	64/Astapler12.jpg	Astapler12.jpg	NOKEY	MAX	NOKEY
1447191917820	0	lts_1110L_26_01	26	01	1	266	0	0	0	CR	MAX	Aclamp55.jpg	Aclamp55.jpg	NOKEY	MAX	NOKEY
1447191918873	0	lts_1110L_26_01	26	01	1	267	4	1	1	Hit	571	4-10/ACUTPIN.jpg	ACUTPIN.jpg	SPACE	619	SPACE
1447191921964	0	lts_1110L_26_01	26	01	1	268	0	0	0	CR	MAX	Agarbagebag.jpg	Agarbagebag.jpg	NOKEY	MAX	NOKEY
1447191923218	0	lts_1110L_26_01	26	01	1	269	8	1	1	Hit	782	8-first/Aclamp42.jpg	Aclamp42.jpg	SPACE	819	SPACE
1447191926309	0	lts_1110L_26_01	26	01	1	270	0	0	0	CR	MAX	AJUICER.jpg	AJUICER.jpg	NOKEY	MAX	NOKEY
1447191927278	0	lts_1110L_26_01	26	01	1	271	16	1	1	Hit	495	16-mul/Aribbon21.jpg	Aribbon21.jpg	SPACE	534	SPACE
1447191930369	0	lts_1110L_26_01	26	01	1	272	0	0	0	CR	MAX	swimmies.jpg	swimmies.jpg	NOKEY	MAX	NOKEY
1447191931405	0	lts_1110L_26_01	26	01	1	273	32	1	1	Hit	558	32-6/AALIEN.jpg	AALIEN.jpg	SPACE	600	SPACE
1447191934496	0	lts_1110L_26_01	26	01	1	274	0	0	0	CR	MAX	26422598.thl.jpg	26422598.thl.jpg	NOKEY	MAX	NOKEY
1447191935698	0	lts_1110L_26_01	26	01	1	275	00	1	1	Hit	733	00-across/A52ZX.jpg	A52ZX.jpg	SPACE	768	SPACE
1447191938773	0	lts_1110L_26_01	26	01	1	276	0	0	0	CR	MAX	26440422.thl.jpg	26440422.thl.jpg	NOKEY	MAX	NOKEY
1447191940010	0	lts_1110L_26_01	26	01	1	277	128	1	1	Hit	759	128-0/ASPOONS2.jpg	ASPOONS2.jpg	SPACE	802	SPACE
1447191943084	0	lts_1110L_26_01	26	01	1	278	0	0	0	CR	MAX	Ainflatable10.jpg	Ainflatable10.jpg	NOKEY	MAX	NOKEY
1447191944104	0	lts_1110L_26_01	26	01	1	279	64	1	1	Hit	535	64-first/cinnamonroll.jpg	cinnamonroll.jpg	SPACE	584	SPACE
1447191947178	0	lts_1110L_26_01	26	01	1	280	0	0	0	CR	MAX	10049566.thl.jpg	10049566.thl.jpg	NOKEY	MAX	NOKEY
1447191948331	0	lts_1110L_26_01	26	01	1	281	0	0	1	FA	657	8060342.thl.jpg	8060342.thl.jpg	SPACE	701	NOKEY
1447191951422	0	lts_1110L_26_01	26	01	1	282	0	0	0	CR	MAX	ASPARKER2.jpg	ASPARKER2.jpg	NOKEY	MAX	NOKEY
1447191952441	0	lts_1110L_26_01	26	01	1	283	4	1	1	Hit	536	4-mul/cinnamonroll.jpg	cinnamonroll.jpg	SPACE	585	SPACE
1447191955515	0	lts_1110L_26_01	26	01	1	284	0	0	0	CR	MAX	ABLACSUI3.jpg	ABLACSUI3.jpg	NOKEY	MAX	NOKEY
1447191956600	0	lts_1110L_26_01	26	01	1	285	16	1	1	Hit	599	16-mul/Aclamp42.jpg	Aclamp42.jpg	SPACE	635	SPACE
1447191959692	0	lts_1110L_26_01	26	01	1	286	0	0	0	CR	MAX	Abowlofwonto5.jpg	Abowlofwonto5.jpg	NOKEY	MAX	NOKEY
1447191962783	0	lts_1110L_26_01	26	01	1	287	0	0	0	CR	MAX	et060.jpg	et060.jpg	NOKEY	MAX	NOKEY
1447191965857	0	lts_1110L_26_01	26	01	1	288	0	0	0	CR	MAX	1/Atrafficsign2.jpg	Atrafficsign2.jpg	NOKEY	MAX	NOKEY
1447191967278	0	lts_1110L_26_01	26	01	1	289	1	1	1	Hit	945	1-1/Atrafficsign2.jpg	Atrafficsign2.jpg	SPACE	986	SPACE
1447191970369	0	lts_1110L_26_01	26	01	1	290	0	0	0	CR	MAX	babyseatback.jpg	babyseatback.jpg	NOKEY	MAX	NOKEY
1447191972023	0	lts_1110L_26_01	26	01	1	291	64	1	1	Hit	1173	64-first/AROCKET20.jpg	AROCKET20.jpg	SPACE	1218	SPACE
1447191975098	0	lts_1110L_26_01	26	01	1	292	0	0	0	CR	MAX	32/ARATTLE.jpg	ARATTLE.jpg	NOKEY	MAX	NOKEY
1447191978189	0	lts_1110L_26_01	26	01	1	293	0	0	0	CR	MAX	Afeatherhat.jpg	Afeatherhat.jpg	NOKEY	MAX	NOKEY
1447191981263	0	lts_1110L_26_01	26	01	1	294	0	0	0	CR	MAX	26374767.thl.jpg	26374767.thl.jpg	NOKEY	MAX	NOKEY
1447191982316	0	lts_1110L_26_01	26	01	1	295	0	0	1	FA	568	Athreeholepu6.jpg	Athreeholepu6.jpg	SPACE	618	NOKEY
1447191985390	0	lts_1110L_26_01	26	01	1	296	0	0	0	CR	MAX	APILL.jpg	APILL.jpg	NOKEY	MAX	NOKEY
1447191988464	0	lts_1110L_26_01	26	01	1	297	0	0	0	CR	MAX	4/AWINDSU21.jpg	AWINDSU21.jpg	NOKEY	MAX	NOKEY
1447191991554	0	lts_1110L_26_01	26	01	1	298	0	0	0	CR	MAX	Atoy35.jpg	Atoy35.jpg	NOKEY	MAX	NOKEY
1447191994646	0	lts_1110L_26_01	26	01	1	299	0	0	0	CR	MAX	ignitionkey01.jpg	ignitionkey01.jpg	NOKEY	MAX	NOKEY
1447191997720	0	lts_1110L_26_01	26	01	1	300	0	0	0	CR	MAX	Cupcake.jpg	Cupcake.jpg	NOKEY	MAX	NOKEY
1447191998823	0	lts_1110L_26_01	26	01	1	301	4	1	1	Hit	634	4-4/AWINDSU21.jpg	AWINDSU21.jpg	SPACE	669	SPACE
1447192001897	0	lts_1110L_26_01	26	01	1	302	0	0	0	CR	MAX	A3leafcl4.jpg	A3leafcl4.jpg	NOKEY	MAX	NOKEY
1447192004988	0	lts_1110L_26_01	26	01	1	303	0	0	0	CR	MAX	Acocktailumb4.jpg	Acocktailumb4.jpg	NOKEY	MAX	NOKEY
1447192006225	0	lts_1110L_26_01	26	01	1	304	00	1	1	Hit	757	00-across/AWASHMAC5.jpg	AWASHMAC5.jpg	SPACE	801	SPACE
1447192009300	0	lts_1110L_26_01	26	01	1	305	0	0	0	CR	MAX	AOLIVE.jpg	AOLIVE.jpg	NOKEY	MAX	NOKEY
1447192012374	0	lts_1110L_26_01	26	01	1	306	0	0	0	CR	MAX	64/ATURKEY11.jpg	ATURKEY11.jpg	NOKEY	MAX	NOKEY
1447192013660	0	lts_1110L_26_01	26	01	1	307	16	1	1	Hit	802	16-mul/AROCKET20.jpg	AROCKET20.jpg	SPACE	852	SPACE
1447192016734	0	lts_1110L_26_01	26	01	1	308	0	0	0	CR	MAX	Aeggcup224.jpg	Aeggcup224.jpg	NOKEY	MAX	NOKEY
1447192019809	0	lts_1110L_26_01	26	01	1	309	0	0	0	CR	MAX	ACHAIRDE2.jpg	ACHAIRDE2.jpg	NOKEY	MAX	NOKEY
1447192022883	0	lts_1110L_26_01	26	01	1	310	0	0	0	CR	MAX	2/Acabinetdraw8.jpg	Acabinetdraw8.jpg	NOKEY	MAX	NOKEY
1447192025974	0	lts_1110L_26_01	26	01	1	311	0	0	0	CR	MAX	AANTIBIK4.jpg	AANTIBIK4.jpg	NOKEY	MAX	NOKEY
1447192027061	0	lts_1110L_26_01	26	01	1	312	2	1	1	Hit	606	2-2/Acabinetdraw8.jpg	Acabinetdraw8.jpg	SPACE	651	SPACE
1447192030136	0	lts_1110L_26_01	26	01	1	313	0	0	0	CR	MAX	Aantelopesku5.jpg	Aantelopesku5.jpg	NOKEY	MAX	NOKEY
1447192033210	0	lts_1110L_26_01	26	01	1	314	0	0	0	CR	MAX	Aacarthatsbe2.jpg	Aacarthatsbe2.jpg	NOKEY	MAX	NOKEY
1447192036284	0	lts_1110L_26_01	26	01	1	315	0	0	0	CR	MAX	1/Apump4.jpg	Apump4.jpg	NOKEY	MAX	NOKEY
1447192037687	0	lts_1110L_26_01	26	01	1	316	1	1	1	Hit	920	1-4/Apump4.jpg	Apump4.jpg	SPACE	969	SPACE
1447192040778	0	lts_1110L_26_01	26	01	1	317	0	0	0	CR	MAX	Acamera101.jpg	Acamera101.jpg	NOKEY	MAX	NOKEY
1447192043852	0	lts_1110L_26_01	26	01	1	318	128	1	0	Miss	MAX	128-1/workbench.jpg	workbench.jpg	NOKEY	MAX	SPACE
1447192046926	0	lts_1110L_26_01	26	01	1	319	0	0	0	CR	MAX	Akitchentimer.jpg	Akitchentimer.jpg	NOKEY	MAX	NOKEY
1447192050002	0	lts_1110L_26_01	26	01	1	320	128	1	0	Miss	MAX	128-2/ewok.jpg	ewok.jpg	NOKEY	MAX	SPACE
1447192053076	0	lts_1110L_26_01	26	01	1	321	0	0	0	CR	MAX	AROUNDFR3.jpg	AROUNDFR3.jpg	NOKEY	MAX	NOKEY
1447192056150	0	lts_1110L_26_01	26	01	1	322	0	0	0	CR	MAX	26369999.thl.jpg	26369999.thl.jpg	NOKEY	MAX	NOKEY
1447192059225	0	lts_1110L_26_01	26	01	1	323	0	0	0	CR	MAX	Apilldispens3.jpg	Apilldispens3.jpg	NOKEY	MAX	NOKEY
1447192060377	0	lts_1110L_26_01	26	01	1	324	32	1	1	Hit	681	32-8/ARATTLE.jpg	ARATTLE.jpg	SPACE	718	SPACE
1447192063469	0	lts_1110L_26_01	26	01	1	325	0	0	0	CR	MAX	1/26421538.thl.jpg	26421538.thl.jpg	NOKEY	MAX	NOKEY
1447192064521	0	lts_1110L_26_01	26	01	1	326	1	1	1	Hit	579	1-7/26421538.thl.jpg	26421538.thl.jpg	SPACE	619	SPACE
1447192067595	0	lts_1110L_26_01	26	01	1	327	0	0	0	CR	MAX	64/ACEILHOOK.jpg	ACEILHOOK.jpg	NOKEY	MAX	NOKEY
1447192070669	0	lts_1110L_26_01	26	01	1	328	0	0	0	CR	MAX	ABUFFALO.jpg	ABUFFALO.jpg	NOKEY	MAX	NOKEY
1447192073743	0	lts_1110L_26_01	26	01	1	329	64	1	0	Miss	MAX	64-first/Astapler12.jpg	Astapler12.jpg	NOKEY	MAX	SPACE
1447192076818	0	lts_1110L_26_01	26	01	1	330	0	0	0	CR	MAX	ABIRDHOU9.jpg	ABIRDHOU9.jpg	NOKEY	MAX	NOKEY
1447192079892	0	lts_1110L_26_01	26	01	1	331	0	0	0	CR	MAX	36411021.thl.jpg	36411021.thl.jpg	NOKEY	MAX	NOKEY
1447192082983	0	lts_1110L_26_01	26	01	1	332	0	0	0	CR	MAX	8/26461413.thl.jpg	26461413.thl.jpg	NOKEY	MAX	NOKEY
1447192084788	0	lts_1110L_26_01	26	01	1	333	4	1	1	Hit	1322	4-mul/Astapler12.jpg	Astapler12.jpg	SPACE	1370	SPACE
1447192087862	0	lts_1110L_26_01	26	01	1	334	0	0	0	CR	MAX	4/Ahawk3.jpg	Ahawk3.jpg	NOKEY	MAX	NOKEY
1447192090953	0	lts_1110L_26_01	26	01	1	335	0	0	0	CR	MAX	16/Asoundmixer2.jpg	Asoundmixer2.jpg	NOKEY	MAX	NOKEY
1447192094029	0	lts_1110L_26_01	26	01	1	336	0	0	0	CR	MAX	ACANE2.jpg	ACANE2.jpg	NOKEY	MAX	NOKEY
1447192097120	0	lts_1110L_26_01	26	01	1	337	0	0	0	CR	MAX	ACREPMAK3.jpg	ACREPMAK3.jpg	NOKEY	MAX	NOKEY
1447192098155	0	lts_1110L_26_01	26	01	1	338	4	1	1	Hit	564	4-0/Ahawk3.jpg	Ahawk3.jpg	SPACE	601	SPACE
1447192101230	0	lts_1110L_26_01	26	01	1	339	0	0	0	CR	MAX	ASERVICEB.jpg	ASERVICEB.jpg	NOKEY	MAX	NOKEY
1447192102349	0	lts_1110L_26_01	26	01	1	340	8	1	1	Hit	633	8-first/26461413.thl.jpg	26461413.thl.jpg	SPACE	684	SPACE
1447192105423	0	lts_1110L_26_01	26	01	1	341	0	0	0	CR	MAX	4/Abar8.jpg	Abar8.jpg	NOKEY	MAX	NOKEY
1447192108498	0	lts_1110L_26_01	26	01	1	342	0	0	0	CR	MAX	22925228.thl.jpg	22925228.thl.jpg	NOKEY	MAX	NOKEY
1447192111571	0	lts_1110L_26_01	26	01	1	343	0	0	0	CR	MAX	E_tank.jpg	E_tank.jpg	NOKEY	MAX	NOKEY
1447192114646	0	lts_1110L_26_01	26	01	1	344	0	0	0	CR	MAX	Aspoonofsuga2.jpg	Aspoonofsuga2.jpg	NOKEY	MAX	NOKEY
1447192115748	0	lts_1110L_26_01	26	01	1	345	4	1	1	Hit	619	4-12/Abar8.jpg	Abar8.jpg	SPACE	669	SPACE
1447192118823	0	lts_1110L_26_01	26	01	1	346	0	0	0	CR	MAX	Aspecimenbot5.jpg	Aspecimenbot5.jpg	NOKEY	MAX	NOKEY
1447192121914	0	lts_1110L_26_01	26	01	1	347	0	0	0	CR	MAX	2/Asaxophone.jpg	Asaxophone.jpg	NOKEY	MAX	NOKEY
1447192124988	0	lts_1110L_26_01	26	01	1	348	0	0	0	CR	MAX	AGUIRO.jpg	AGUIRO.jpg	NOKEY	MAX	NOKEY
1447192126092	0	lts_1110L_26_01	26	01	1	349	2	1	1	Hit	616	2-1/Asaxophone.jpg	Asaxophone.jpg	SPACE	667	SPACE
1447192129166	0	lts_1110L_26_01	26	01	1	350	0	0	0	CR	MAX	AFOUNTAI5.jpg	AFOUNTAI5.jpg	NOKEY	MAX	NOKEY
1447192131188	0	lts_1110L_26_01	26	01	1	351	16	1	1	Hit	1552	16-first/Asoundmixer2.jpg	Asoundmixer2.jpg	SPACE	1586	SPACE
1447192134262	0	lts_1110L_26_01	26	01	1	352	0	0	0	CR	MAX	8/hulk.jpg	hulk.jpg	NOKEY	MAX	NOKEY
1447192135432	0	lts_1110L_26_01	26	01	1	353	2	1	1	Hit	687	2-mul/Asoundmixer2.jpg	Asoundmixer2.jpg	SPACE	735	SPACE
1447192138506	0	lts_1110L_26_01	26	01	1	354	0	0	0	CR	MAX	AFLAMMABL.jpg	AFLAMMABL.jpg	NOKEY	MAX	NOKEY
1447192141580	0	lts_1110L_26_01	26	01	1	355	0	0	0	CR	MAX	Atoybird10.jpg	Atoybird10.jpg	NOKEY	MAX	NOKEY
1447192142599	0	lts_1110L_26_01	26	01	1	356	16	1	1	Hit	548	16-mul/26461413.thl.jpg	26461413.thl.jpg	SPACE	586	SPACE
1447192145707	0	lts_1110L_26_01	26	01	1	357	0	0	0	CR	MAX	ADRYWOOD.jpg	ADRYWOOD.jpg	NOKEY	MAX	NOKEY
1447192148798	0	lts_1110L_26_01	26	01	1	358	0	0	0	CR	MAX	26451219.thl.jpg	26451219.thl.jpg	NOKEY	MAX	NOKEY
1447192150236	0	lts_1110L_26_01	26	01	1	359	0	0	1	FA	965	64/AANTIRO13.jpg	AANTIRO13.jpg	SPACE	1003	NOKEY
1447192151439	0	lts_1110L_26_01	26	01	1	360	8	1	1	Hit	717	8-first/hulk.jpg	hulk.jpg	SPACE	769	SPACE
1447192154513	0	lts_1110L_26_01	26	01	1	361	0	0	0	CR	MAX	AEMERGLI4.jpg	AEMERGLI4.jpg	NOKEY	MAX	NOKEY
1447192155532	0	lts_1110L_26_01	26	01	1	362	2	1	1	Hit	552	2-mul/hulk.jpg	hulk.jpg	SPACE	585	SPACE
1447192158622	0	lts_1110L_26_01	26	01	1	363	0	0	0	CR	MAX	igloo.jpg	igloo.jpg	NOKEY	MAX	NOKEY
1447192161697	0	lts_1110L_26_01	26	01	1	364	0	0	0	CR	MAX	1/Acamcorde.jpg	Acamcorde.jpg	NOKEY	MAX	NOKEY
1447192162682	0	lts_1110L_26_01	26	01	1	365	1	1	1	Hit	509	1-0/Acamcorde.jpg	Acamcorde.jpg	SPACE	552	SPACE
1447192165757	0	lts_1110L_26_01	26	01	1	366	0	0	0	CR	MAX	8/26555896.thl.jpg	26555896.thl.jpg	NOKEY	MAX	NOKEY
1447192168831	0	lts_1110L_26_01	26	01	1	367	0	0	0	CR	MAX	Adracmask.jpg	Adracmask.jpg	NOKEY	MAX	NOKEY
1447192171906	0	lts_1110L_26_01	26	01	1	368	0	0	0	CR	MAX	hockeypuck.jpg	hockeypuck.jpg	NOKEY	MAX	NOKEY
1447192174980	0	lts_1110L_26_01	26	01	1	369	0	0	0	CR	MAX	AHONEYSTI.jpg	AHONEYSTI.jpg	NOKEY	MAX	NOKEY
1447192178055	0	lts_1110L_26_01	26	01	1	370	64	1	0	Miss	MAX	64-first/ATURKEY11.jpg	ATURKEY11.jpg	NOKEY	MAX	SPACE
1447192181129	0	lts_1110L_26_01	26	01	1	371	0	0	0	CR	MAX	ALINTREMO.jpg	ALINTREMO.jpg	NOKEY	MAX	NOKEY
1447192182332	0	lts_1110L_26_01	26	01	1	372	2	1	1	Hit	723	2-mul/ATURKEY11.jpg	ATURKEY11.jpg	SPACE	768	SPACE
1447192185407	0	lts_1110L_26_01	26	01	1	373	0	0	0	CR	MAX	8/26372237.thl.jpg	26372237.thl.jpg	NOKEY	MAX	NOKEY
1447192186776	0	lts_1110L_26_01	26	01	1	374	8	1	1	Hit	891	8-1/26555896.thl.jpg	26555896.thl.jpg	SPACE	936	SPACE
1447192188147	0	lts_1110L_26_01	26	01	1	375	0	0	1	FA	898	AFRYINGP2.jpg	AFRYINGP2.jpg	SPACE	935	NOKEY
1447192191238	0	lts_1110L_26_01	26	01	1	376	0	0	0	CR	MAX	APICKLE.jpg	APICKLE.jpg	NOKEY	MAX	NOKEY
1447192194312	0	lts_1110L_26_01	26	01	1	377	00	1	0	Miss	MAX	00-across/ADRUMSTI4.jpg	ADRUMSTI4.jpg	NOKEY	MAX	SPACE
1447192197403	0	lts_1110L_26_01	26	01	1	378	0	0	0	CR	MAX	AROCKSHO2.jpg	AROCKSHO2.jpg	NOKEY	MAX	NOKEY
1447192200495	0	lts_1110L_26_01	26	01	1	379	0	0	0	CR	MAX	Ajesusstatue2.jpg	Ajesusstatue2.jpg	NOKEY	MAX	NOKEY
1447192203568	0	lts_1110L_26_01	26	01	1	380	0	0	0	CR	MAX	AWHISTLE4.jpg	AWHISTLE4.jpg	NOKEY	MAX	NOKEY
1447192204671	0	lts_1110L_26_01	26	01	1	381	8	1	1	Hit	621	8-first/26372237.thl.jpg	26372237.thl.jpg	SPACE	670	SPACE
1447192207745	0	lts_1110L_26_01	26	01	1	382	0	0	0	CR	MAX	Adolphin3.jpg	Adolphin3.jpg	NOKEY	MAX	NOKEY
1447192210836	0	lts_1110L_26_01	26	01	1	383	0	0	0	CR	MAX	4/AELEMENT3.jpg	AELEMENT3.jpg	NOKEY	MAX	NOKEY
1447192213911	0	lts_1110L_26_01	26	01	1	384	0	0	0	CR	MAX	Aeastcho6.jpg	Aeastcho6.jpg	NOKEY	MAX	NOKEY
1447192214947	0	lts_1110L_26_01	26	01	1	385	4	1	1	Hit	543	4-mul/26372237.thl.jpg	26372237.thl.jpg	SPACE	586	SPACE
1447192218022	0	lts_1110L_26_01	26	01	1	386	0	0	0	CR	MAX	22859028.thl.jpg	22859028.thl.jpg	NOKEY	MAX	NOKEY
1447192219124	0	lts_1110L_26_01	26	01	1	387	4	1	1	Hit	620	4-6/AELEMENT3.jpg	AELEMENT3.jpg	SPACE	667	SPACE
1447192222199	0	lts_1110L_26_01	26	01	1	388	0	0	0	CR	MAX	8/Aclock285.jpg	Aclock285.jpg	NOKEY	MAX	NOKEY
1447192225273	0	lts_1110L_26_01	26	01	1	389	0	0	0	CR	MAX	Ahippopotamu4.jpg	Ahippopotamu4.jpg	NOKEY	MAX	NOKEY
1447192228347	0	lts_1110L_26_01	26	01	1	390	0	0	0	CR	MAX	26467460.thl.jpg	26467460.thl.jpg	NOKEY	MAX	NOKEY
1447192230085	0	lts_1110L_26_01	26	01	1	391	64	1	1	Hit	1261	64-first/ACEILHOOK.jpg	ACEILHOOK.jpg	SPACE	1302	SPACE
1447192233176	0	lts_1110L_26_01	26	01	1	392	0	0	0	CR	MAX	Aspoolofthre6.jpg	Aspoolofthre6.jpg	NOKEY	MAX	NOKEY
1447192234212	0	lts_1110L_26_01	26	01	1	393	2	1	1	Hit	552	2-mul/ACEILHOOK.jpg	ACEILHOOK.jpg	SPACE	601	SPACE
1447192237287	0	lts_1110L_26_01	26	01	1	394	0	0	0	CR	MAX	ADOCKPOST.jpg	ADOCKPOST.jpg	NOKEY	MAX	NOKEY
1447192240361	0	lts_1110L_26_01	26	01	1	395	0	0	0	CR	MAX	AHYPONEE3.jpg	AHYPONEE3.jpg	NOKEY	MAX	NOKEY
1447192241580	0	lts_1110L_26_01	26	01	1	396	8	1	1	Hit	742	8-2/Aclock285.jpg	Aclock285.jpg	SPACE	786	SPACE
1447192244654	0	lts_1110L_26_01	26	01	1	397	0	0	0	CR	MAX	AHARP.jpg	AHARP.jpg	NOKEY	MAX	NOKEY
1447192247745	0	lts_1110L_26_01	26	01	1	398	0	0	0	CR	MAX	Abonnet12.jpg	Abonnet12.jpg	NOKEY	MAX	NOKEY
1447192250836	0	lts_1110L_26_01	26	01	1	399	0	0	0	CR	MAX	22824636.thl.jpg	22824636.thl.jpg	NOKEY	MAX	NOKEY
1447192253911	0	lts_1110L_26_01	26	01	1	400	0	0	0	CR	MAX	26418799.thl.jpg	26418799.thl.jpg	NOKEY	MAX	NOKEY
1447192257003	0	lts_1110L_26_01	26	01	1	401	0	0	0	CR	MAX	AMEAT2.jpg	AMEAT2.jpg	NOKEY	MAX	NOKEY
1447192260077	0	lts_1110L_26_01	26	01	1	402	0	0	0	CR	MAX	1/ACHINLAMP.jpg	ACHINLAMP.jpg	NOKEY	MAX	NOKEY
1447192261113	0	lts_1110L_26_01	26	01	1	403	1	1	1	Hit	558	1-2/ACHINLAMP.jpg	ACHINLAMP.jpg	SPACE	601	SPACE
1447192264187	0	lts_1110L_26_01	26	01	1	404	0	0	0	CR	MAX	32/bowlingpin.jpg	bowlingpin.jpg	NOKEY	MAX	NOKEY
1447192267261	0	lts_1110L_26_01	26	01	1	405	0	0	0	CR	MAX	Ahotdogplain.jpg	Ahotdogplain.jpg	NOKEY	MAX	NOKEY
1447192270336	0	lts_1110L_26_01	26	01	1	406	0	0	0	CR	MAX	ACANOL.jpg	ACANOL.jpg	NOKEY	MAX	NOKEY
1447192273410	0	lts_1110L_26_01	26	01	1	407	0	0	0	CR	MAX	4/AROCKET11.jpg	AROCKET11.jpg	NOKEY	MAX	NOKEY
1447192276501	0	lts_1110L_26_01	26	01	1	408	0	0	0	CR	MAX	23051010.thl.jpg	23051010.thl.jpg	NOKEY	MAX	NOKEY
1447192279575	0	lts_1110L_26_01	26	01	1	409	0	0	0	CR	MAX	8027656.thl.jpg	8027656.thl.jpg	NOKEY	MAX	NOKEY
1447192282649	0	lts_1110L_26_01	26	01	1	410	0	0	0	CR	MAX	keys-a.jpg	keys-a.jpg	NOKEY	MAX	NOKEY
1447192283802	0	lts_1110L_26_01	26	01	1	411	4	1	1	Hit	675	4-7/AROCKET11.jpg	AROCKET11.jpg	SPACE	719	SPACE
1447192286876	0	lts_1110L_26_01	26	01	1	412	0	0	0	CR	MAX	Adog120.jpg	Adog120.jpg	NOKEY	MAX	NOKEY
1447192289951	0	lts_1110L_26_01	26	01	1	413	0	0	0	CR	MAX	26685948.thl.jpg	26685948.thl.jpg	NOKEY	MAX	NOKEY
1447192293026	0	lts_1110L_26_01	26	01	1	414	0	0	0	CR	MAX	32/AMEDIEQUI.jpg	AMEDIEQUI.jpg	NOKEY	MAX	NOKEY
1447192296100	0	lts_1110L_26_01	26	01	1	415	0	0	0	CR	MAX	ACHEMSET3.jpg	ACHEMSET3.jpg	NOKEY	MAX	NOKEY
1447192299174	0	lts_1110L_26_01	26	01	1	416	0	0	0	CR	MAX	Aprintingpre5.jpg	Aprintingpre5.jpg	NOKEY	MAX	NOKEY
1447192302249	0	lts_1110L_26_01	26	01	1	417	00	1	0	Miss	MAX	00-across/10049257.thl.jpg	10049257.thl.jpg	NOKEY	MAX	SPACE
1447192305323	0	lts_1110L_26_01	26	01	1	418	0	0	0	CR	MAX	ANUTCRA10.jpg	ANUTCRA10.jpg	NOKEY	MAX	NOKEY
1447192308398	0	lts_1110L_26_01	26	01	1	419	0	0	0	CR	MAX	2/Aclockradio4.jpg	Aclockradio4.jpg	NOKEY	MAX	NOKEY
1447192311472	0	lts_1110L_26_01	26	01	1	420	0	0	0	CR	MAX	ALOOFA.jpg	ALOOFA.jpg	NOKEY	MAX	NOKEY
1447192312591	0	lts_1110L_26_01	26	01	1	421	2	1	1	Hit	651	2-13/Aclockradio4.jpg	Aclockradio4.jpg	SPACE	685	SPACE
1447192315665	0	lts_1110L_26_01	26	01	1	422	0	0	0	CR	MAX	26282515.thl.jpg	26282515.thl.jpg	NOKEY	MAX	NOKEY
1447192316801	0	lts_1110L_26_01	26	01	1	423	64	1	1	Hit	660	64-first/AANTIRO13.jpg	AANTIRO13.jpg	SPACE	702	SPACE
1447192319876	0	lts_1110L_26_01	26	01	1	424	0	0	0	CR	MAX	4/ADOUBHOOK.jpg	ADOUBHOOK.jpg	NOKEY	MAX	NOKEY
1447192320928	0	lts_1110L_26_01	26	01	1	425	2	1	1	Hit	575	2-mul/AANTIRO13.jpg	AANTIRO13.jpg	SPACE	619	SPACE
1447192324004	0	lts_1110L_26_01	26	01	1	426	0	0	0	CR	MAX	turnip.jpg	turnip.jpg	NOKEY	MAX	NOKEY
1447192327094	0	lts_1110L_26_01	26	01	1	427	0	0	0	CR	MAX	4/ALOAFBR4.jpg	ALOAFBR4.jpg	NOKEY	MAX	NOKEY
1447192328114	0	lts_1110L_26_01	26	01	1	428	4	1	1	Hit	539	4-8/ADOUBHOOK.jpg	ADOUBHOOK.jpg	SPACE	584	SPACE
1447192331205	0	lts_1110L_26_01	26	01	1	429	0	0	0	CR	MAX	tricycle.jpg	tricycle.jpg	NOKEY	MAX	NOKEY
1447192334296	0	lts_1110L_26_01	26	01	1	430	0	0	0	CR	MAX	8/Abasketandch2.jpg	Abasketandch2.jpg	NOKEY	MAX	NOKEY
1447192335365	0	lts_1110L_26_01	26	01	1	431	4	1	1	Hit	587	4-2/ALOAFBR4.jpg	ALOAFBR4.jpg	SPACE	634	SPACE
1447192338439	0	lts_1110L_26_01	26	01	1	432	0	0	0	CR	MAX	22910996.thl.jpg	22910996.thl.jpg	NOKEY	MAX	NOKEY
1447192341514	0	lts_1110L_26_01	26	01	1	433	0	0	0	CR	MAX	1/26425112.thl.jpg	26425112.thl.jpg	NOKEY	MAX	NOKEY
1447192342516	0	lts_1110L_26_01	26	01	1	434	1	1	1	Hit	525	1-6/26425112.thl.jpg	26425112.thl.jpg	SPACE	568	SPACE
1447192345607	0	lts_1110L_26_01	26	01	1	435	0	0	0	CR	MAX	airbottle1.jpg	airbottle1.jpg	NOKEY	MAX	NOKEY
1447192346676	0	lts_1110L_26_01	26	01	1	436	32	1	1	Hit	587	32-7/bowlingpin.jpg	bowlingpin.jpg	SPACE	636	SPACE
1447192348014	0	lts_1110L_26_01	26	01	1	437	0	0	1	FA	866	Ashoeform2.jpg	Ashoeform2.jpg	SPACE	903	NOKEY
1447192349533	0	lts_1110L_26_01	26	01	1	438	8	1	1	Hit	1042	8-first/Abasketandch2.jpg	Abasketandch2.jpg	SPACE	1086	SPACE
1447192352607	0	lts_1110L_26_01	26	01	1	439	0	0	0	CR	MAX	4/AMICROWA2.jpg	AMICROWA2.jpg	NOKEY	MAX	NOKEY
1447192353610	0	lts_1110L_26_01	26	01	1	440	2	1	1	Hit	527	2-mul/Abasketandch2.jpg	Abasketandch2.jpg	SPACE	569	SPACE
1447192356684	0	lts_1110L_26_01	26	01	1	441	0	0	0	CR	MAX	Ahandbag55.jpg	Ahandbag55.jpg	NOKEY	MAX	NOKEY
1447192359775	0	lts_1110L_26_01	26	01	1	442	0	0	0	CR	MAX	26419025.thl.jpg	26419025.thl.jpg	NOKEY	MAX	NOKEY
1447192360878	0	lts_1110L_26_01	26	01	1	443	4	1	1	Hit	623	4-3/AMICROWA2.jpg	AMICROWA2.jpg	SPACE	669	SPACE
1447192363969	0	lts_1110L_26_01	26	01	1	444	0	0	0	CR	MAX	23063814.thl.jpg	23063814.thl.jpg	NOKEY	MAX	NOKEY
1447192367044	0	lts_1110L_26_01	26	01	1	445	0	0	0	CR	MAX	26437080.thl.jpg	26437080.thl.jpg	NOKEY	MAX	NOKEY
1447192368348	0	lts_1110L_26_01	26	01	1	446	32	1	1	Hit	820	32-9/AMEDIEQUI.jpg	AMEDIEQUI.jpg	SPACE	868	SPACE
1447192371422	0	lts_1110L_26_01	26	01	1	447	0	0	0	CR	MAX	26428682.thl.jpg	26428682.thl.jpg	NOKEY	MAX	NOKEY
1447192374496	0	lts_1110L_26_01	26	01	1	448	0	0	0	CR	MAX	Ahalfchoc.jpg	Ahalfchoc.jpg	NOKEY	MAX	NOKEY
1447192377570	0	lts_1110L_26_01	26	01	1	449	0	0	0	CR	MAX	AANTCASH3.jpg	AANTCASH3.jpg	NOKEY	MAX	NOKEY
1447192420361	0	E	Logging Ends
