1446057626882	0	B	Logging Begins
1446057772507	0	lts_1028I_13_01	13	01	0	0	0	0	0	CR	MAX	AGRILL3.jpg	AGRILL3.jpg	NOKEY	MAX	NOKEY
1446057775584	0	lts_1028I_13_01	13	01	0	1	0	0	0	CR	MAX	8/Acinnamonrol2.jpg	Acinnamonrol2.jpg	NOKEY	MAX	NOKEY
1446057778660	0	lts_1028I_13_01	13	01	0	2	0	0	0	CR	MAX	4/26432760.thl.jpg	26432760.thl.jpg	NOKEY	MAX	NOKEY
1446057781735	0	lts_1028I_13_01	13	01	0	3	0	0	0	CR	MAX	AFETTUCI2.jpg	AFETTUCI2.jpg	NOKEY	MAX	NOKEY
1446057784811	0	lts_1028I_13_01	13	01	0	4	0	0	0	CR	MAX	Asewingpin.jpg	Asewingpin.jpg	NOKEY	MAX	NOKEY
1446057787887	0	lts_1028I_13_01	13	01	0	5	0	0	0	CR	MAX	22854888.thl.jpg	22854888.thl.jpg	NOKEY	MAX	NOKEY
1446057790963	0	lts_1028I_13_01	13	01	0	6	4	1	0	Miss	MAX	4-0/26432760.thl.jpg	26432760.thl.jpg	NOKEY	MAX	SPACE
1446057794040	0	lts_1028I_13_01	13	01	0	7	0	0	0	CR	MAX	cough_medicine.jpg	cough_medicine.jpg	NOKEY	MAX	NOKEY
1446057797116	0	lts_1028I_13_01	13	01	0	8	0	0	0	CR	MAX	64/AANTIRO13.jpg	AANTIRO13.jpg	NOKEY	MAX	NOKEY
1446057800192	0	lts_1028I_13_01	13	01	0	9	8	1	0	Miss	MAX	8-2/Acinnamonrol2.jpg	Acinnamonrol2.jpg	NOKEY	MAX	SPACE
1446057803268	0	lts_1028I_13_01	13	01	0	10	0	0	0	CR	MAX	ACUSTMACH.jpg	ACUSTMACH.jpg	NOKEY	MAX	NOKEY
1446057806344	0	lts_1028I_13_01	13	01	0	11	0	0	0	CR	MAX	8/ATOOLS.jpg	ATOOLS.jpg	NOKEY	MAX	NOKEY
1446057809420	0	lts_1028I_13_01	13	01	0	12	0	0	0	CR	MAX	AFOODTAB2.jpg	AFOODTAB2.jpg	NOKEY	MAX	NOKEY
1446057812496	0	lts_1028I_13_01	13	01	0	13	0	0	0	CR	MAX	64/ABARREL3.jpg	ABARREL3.jpg	NOKEY	MAX	NOKEY
1446057815572	0	lts_1028I_13_01	13	01	0	14	0	0	0	CR	MAX	Aadvcalen.jpg	Aadvcalen.jpg	NOKEY	MAX	NOKEY
1446057818648	0	lts_1028I_13_01	13	01	0	15	0	0	0	CR	MAX	2/26391173.thl.jpg	26391173.thl.jpg	NOKEY	MAX	NOKEY
1446057821725	0	lts_1028I_13_01	13	01	0	16	0	0	0	CR	MAX	26431734.thl.jpg	26431734.thl.jpg	NOKEY	MAX	NOKEY
1446057822877	0	lts_1028I_13_01	13	01	0	17	2	1	1	Hit	676	2-8/26391173.thl.jpg	26391173.thl.jpg	SPACE	720	SPACE
1446057825953	0	lts_1028I_13_01	13	01	0	18	0	0	0	CR	MAX	23025535.thl.jpg	23025535.thl.jpg	NOKEY	MAX	NOKEY
1446057827208	0	lts_1028I_13_01	13	01	0	19	8	1	1	Hit	773	8-0/ATOOLS.jpg	ATOOLS.jpg	SPACE	820	SPACE
1446057830284	0	lts_1028I_13_01	13	01	0	20	0	0	0	CR	MAX	4/Aflower102.jpg	Aflower102.jpg	NOKEY	MAX	NOKEY
1446057833360	0	lts_1028I_13_01	13	01	0	21	0	0	0	CR	MAX	32/AAMBULAN7.jpg	AAMBULAN7.jpg	NOKEY	MAX	NOKEY
1446057836453	0	lts_1028I_13_01	13	01	0	22	0	0	0	CR	MAX	AMEASDEVI.jpg	AMEASDEVI.jpg	NOKEY	MAX	NOKEY
1446057839529	0	lts_1028I_13_01	13	01	0	23	0	0	0	CR	MAX	26440629.thl.jpg	26440629.thl.jpg	NOKEY	MAX	NOKEY
1446057840699	0	lts_1028I_13_01	13	01	0	24	4	1	1	Hit	695	4-12/Aflower102.jpg	Aflower102.jpg	SPACE	736	SPACE
1446057843774	0	lts_1028I_13_01	13	01	0	25	0	0	0	CR	MAX	origami.jpg	origami.jpg	NOKEY	MAX	NOKEY
1446057846850	0	lts_1028I_13_01	13	01	0	26	0	0	0	CR	MAX	Agreenplastic.jpg	Agreenplastic.jpg	NOKEY	MAX	NOKEY
1446057849926	0	lts_1028I_13_01	13	01	0	27	0	0	0	CR	MAX	ANECTARI3.jpg	ANECTARI3.jpg	NOKEY	MAX	NOKEY
1446057853003	0	lts_1028I_13_01	13	01	0	28	0	0	0	CR	MAX	Aflatwoodenba.jpg	Aflatwoodenba.jpg	NOKEY	MAX	NOKEY
1446057856079	0	lts_1028I_13_01	13	01	0	29	0	0	0	CR	MAX	1/beachtowels.jpg	beachtowels.jpg	NOKEY	MAX	NOKEY
1446057857066	0	lts_1028I_13_01	13	01	0	30	1	1	1	Hit	514	1-2/beachtowels.jpg	beachtowels.jpg	SPACE	552	SPACE
1446057860142	0	lts_1028I_13_01	13	01	0	31	0	0	0	CR	MAX	32/Aacupuncture2.jpg	Aacupuncture2.jpg	NOKEY	MAX	NOKEY
1446057863218	0	lts_1028I_13_01	13	01	0	32	0	0	0	CR	MAX	AHEDGEHOG.jpg	AHEDGEHOG.jpg	NOKEY	MAX	NOKEY
1446057866294	0	lts_1028I_13_01	13	01	0	33	0	0	0	CR	MAX	8/22854108.thl.jpg	22854108.thl.jpg	NOKEY	MAX	NOKEY
1446057869370	0	lts_1028I_13_01	13	01	0	34	0	0	0	CR	MAX	4/gymbench.jpg	gymbench.jpg	NOKEY	MAX	NOKEY
1446057872446	0	lts_1028I_13_01	13	01	0	35	0	0	0	CR	MAX	Atoiletplung2.jpg	Atoiletplung2.jpg	NOKEY	MAX	NOKEY
1446057875522	0	lts_1028I_13_01	13	01	0	36	0	0	0	CR	MAX	8065674.thl.jpg	8065674.thl.jpg	NOKEY	MAX	NOKEY
1446057878598	0	lts_1028I_13_01	13	01	0	37	0	0	0	CR	MAX	Achrisd25.jpg	Achrisd25.jpg	NOKEY	MAX	NOKEY
1446057879601	0	lts_1028I_13_01	13	01	0	38	4	1	1	Hit	520	4-8/gymbench.jpg	gymbench.jpg	SPACE	568	SPACE
1446057882677	0	lts_1028I_13_01	13	01	0	39	0	0	0	CR	MAX	16/Aspoon14.jpg	Aspoon14.jpg	NOKEY	MAX	NOKEY
1446057885752	0	lts_1028I_13_01	13	01	0	40	0	0	0	CR	MAX	Atoy57.jpg	Atoy57.jpg	NOKEY	MAX	NOKEY
1446057886739	0	lts_1028I_13_01	13	01	0	41	8	1	1	Hit	505	8-first/22854108.thl.jpg	22854108.thl.jpg	SPACE	552	SPACE
1446057889815	0	lts_1028I_13_01	13	01	0	42	0	0	0	CR	MAX	26772824.thl.jpg	26772824.thl.jpg	NOKEY	MAX	NOKEY
1446057892891	0	lts_1028I_13_01	13	01	0	43	0	0	0	CR	MAX	4/Acardboardpan.jpg	Acardboardpan.jpg	NOKEY	MAX	NOKEY
1446057895967	0	lts_1028I_13_01	13	01	0	44	0	0	0	CR	MAX	ewok.jpg	ewok.jpg	NOKEY	MAX	NOKEY
1446057897255	0	lts_1028I_13_01	13	01	0	45	4	1	1	Hit	807	4-mul/22854108.thl.jpg	22854108.thl.jpg	SPACE	853	SPACE
1446057900331	0	lts_1028I_13_01	13	01	0	46	0	0	0	CR	MAX	26428041.thl.jpg	26428041.thl.jpg	NOKEY	MAX	NOKEY
1446057901435	0	lts_1028I_13_01	13	01	0	47	4	1	1	Hit	623	4-2/Acardboardpan.jpg	Acardboardpan.jpg	SPACE	668	SPACE
1446057904511	0	lts_1028I_13_01	13	01	0	48	0	0	0	CR	MAX	ACAFLATT3.jpg	ACAFLATT3.jpg	NOKEY	MAX	NOKEY
1446057907604	0	lts_1028I_13_01	13	01	0	49	64	1	0	Miss	MAX	64/keys-a.jpg	keys-a.jpg	NOKEY	MAX	SPACE
1446057910680	0	lts_1028I_13_01	13	01	0	50	0	0	0	CR	MAX	ACOMB11.jpg	ACOMB11.jpg	NOKEY	MAX	NOKEY
1446057913755	0	lts_1028I_13_01	13	01	0	51	0	0	0	CR	MAX	ABELL7.jpg	ABELL7.jpg	NOKEY	MAX	NOKEY
1446057916831	0	lts_1028I_13_01	13	01	0	52	0	0	0	CR	MAX	AGLASSTRO.jpg	AGLASSTRO.jpg	NOKEY	MAX	NOKEY
1446057918102	0	lts_1028I_13_01	13	01	0	53	32	1	1	Hit	794	32-7/AAMBULAN7.jpg	AAMBULAN7.jpg	SPACE	837	SPACE
1446057921178	0	lts_1028I_13_01	13	01	0	54	0	0	0	CR	MAX	womanpants.jpg	womanpants.jpg	NOKEY	MAX	NOKEY
1446057922382	0	lts_1028I_13_01	13	01	0	55	16	1	1	Hit	729	16-first/Aspoon14.jpg	Aspoon14.jpg	SPACE	768	SPACE
1446057925458	0	lts_1028I_13_01	13	01	0	56	0	0	0	CR	MAX	128/22910996.thl.jpg	22910996.thl.jpg	NOKEY	MAX	NOKEY
1446057926394	0	lts_1028I_13_01	13	01	0	57	2	1	1	Hit	450	2-mul/Aspoon14.jpg	Aspoon14.jpg	SPACE	501	SPACE
1446057929470	0	lts_1028I_13_01	13	01	0	58	0	0	0	CR	MAX	AHEATDUCT.jpg	AHEATDUCT.jpg	NOKEY	MAX	NOKEY
1446057932546	0	lts_1028I_13_01	13	01	0	59	0	0	0	CR	MAX	Adolphin3.jpg	Adolphin3.jpg	NOKEY	MAX	NOKEY
1446057935639	0	lts_1028I_13_01	13	01	0	60	0	0	0	CR	MAX	8024092.thl.jpg	8024092.thl.jpg	NOKEY	MAX	NOKEY
1446057938715	0	lts_1028I_13_01	13	01	0	61	0	0	0	CR	MAX	Acandycanesin.jpg	Acandycanesin.jpg	NOKEY	MAX	NOKEY
1446057941790	0	lts_1028I_13_01	13	01	0	62	0	0	0	CR	MAX	Abrownbagwith.jpg	Abrownbagwith.jpg	NOKEY	MAX	NOKEY
1446057942860	0	lts_1028I_13_01	13	01	0	63	32	1	1	Hit	589	32-8/Aacupuncture2.jpg	Aacupuncture2.jpg	SPACE	636	SPACE
1446057945936	0	lts_1028I_13_01	13	01	0	64	0	0	0	CR	MAX	AHEARTES3.jpg	AHEARTES3.jpg	NOKEY	MAX	NOKEY
1446057949013	0	lts_1028I_13_01	13	01	0	65	0	0	0	CR	MAX	Atoymoose.jpg	Atoymoose.jpg	NOKEY	MAX	NOKEY
1446057952089	0	lts_1028I_13_01	13	01	0	66	0	0	0	CR	MAX	26433942.thl.jpg	26433942.thl.jpg	NOKEY	MAX	NOKEY
1446057955165	0	lts_1028I_13_01	13	01	0	67	0	0	0	CR	MAX	8/Abeermug11.jpg	Abeermug11.jpg	NOKEY	MAX	NOKEY
1446057958241	0	lts_1028I_13_01	13	01	0	68	0	0	0	CR	MAX	funlamp.jpg	funlamp.jpg	NOKEY	MAX	NOKEY
1446057961318	0	lts_1028I_13_01	13	01	0	69	0	0	0	CR	MAX	fork-a.jpg	fork-a.jpg	NOKEY	MAX	NOKEY
1446057964410	0	lts_1028I_13_01	13	01	0	70	0	0	0	CR	MAX	AWEDCAK15.jpg	AWEDCAK15.jpg	NOKEY	MAX	NOKEY
1446057967486	0	lts_1028I_13_01	13	01	0	71	0	0	0	CR	MAX	32/ATOOTHBR3.jpg	ATOOTHBR3.jpg	NOKEY	MAX	NOKEY
1446057968623	0	lts_1028I_13_01	13	01	0	72	64	1	1	Hit	651	64-first/AANTIRO13.jpg	AANTIRO13.jpg	SPACE	702	SPACE
1446057971699	0	lts_1028I_13_01	13	01	0	73	0	0	0	CR	MAX	footballhelmet.jpg	footballhelmet.jpg	NOKEY	MAX	NOKEY
1446057974774	0	lts_1028I_13_01	13	01	0	74	0	0	0	CR	MAX	Areceiptmach2.jpg	Areceiptmach2.jpg	NOKEY	MAX	NOKEY
1446057975878	0	lts_1028I_13_01	13	01	0	75	8	1	1	Hit	620	8-first/Abeermug11.jpg	Abeermug11.jpg	SPACE	670	SPACE
1446057978954	0	lts_1028I_13_01	13	01	0	76	0	0	0	CR	MAX	26373407.thl.jpg	26373407.thl.jpg	NOKEY	MAX	NOKEY
1446057980058	0	lts_1028I_13_01	13	01	0	77	64	1	1	Hit	635	64-first/ABARREL3.jpg	ABARREL3.jpg	SPACE	670	SPACE
1446057983134	0	lts_1028I_13_01	13	01	0	78	0	0	0	CR	MAX	Agroundhog.jpg	Agroundhog.jpg	NOKEY	MAX	NOKEY
1446057986210	0	lts_1028I_13_01	13	01	0	79	0	0	0	CR	MAX	ALITTERB2.jpg	ALITTERB2.jpg	NOKEY	MAX	NOKEY
1446057989286	0	lts_1028I_13_01	13	01	0	80	0	0	0	CR	MAX	4/Aflamingo4.jpg	Aflamingo4.jpg	NOKEY	MAX	NOKEY
1446057990340	0	lts_1028I_13_01	13	01	0	81	4	1	1	Hit	574	4-mul/ABARREL3.jpg	ABARREL3.jpg	SPACE	617	SPACE
1446057993416	0	lts_1028I_13_01	13	01	0	82	0	0	0	CR	MAX	Aangel37.jpg	Aangel37.jpg	NOKEY	MAX	NOKEY
1446057996492	0	lts_1028I_13_01	13	01	0	83	0	0	0	CR	MAX	Ahappdec4.jpg	Ahappdec4.jpg	NOKEY	MAX	NOKEY
1446057997629	0	lts_1028I_13_01	13	01	0	84	4	1	1	Hit	655	4-10/Aflamingo4.jpg	Aflamingo4.jpg	SPACE	702	SPACE
1446058000705	0	lts_1028I_13_01	13	01	0	85	0	0	0	CR	MAX	AMUSICSTA.jpg	AMUSICSTA.jpg	NOKEY	MAX	NOKEY
1446058003780	0	lts_1028I_13_01	13	01	0	86	0	0	0	CR	MAX	26437491.thl.jpg	26437491.thl.jpg	NOKEY	MAX	NOKEY
1446058006856	0	lts_1028I_13_01	13	01	0	87	0	0	0	CR	MAX	ACHEESEB3.jpg	ACHEESEB3.jpg	NOKEY	MAX	NOKEY
1446058007942	0	lts_1028I_13_01	13	01	0	88	16	1	1	Hit	602	16-mul/AANTIRO13.jpg	AANTIRO13.jpg	SPACE	653	SPACE
1446058011019	0	lts_1028I_13_01	13	01	0	89	0	0	0	CR	MAX	AHYDRANTF.jpg	AHYDRANTF.jpg	NOKEY	MAX	NOKEY
1446058014095	0	lts_1028I_13_01	13	01	0	90	0	0	0	CR	MAX	4/AMINICYM6.jpg	AMINICYM6.jpg	NOKEY	MAX	NOKEY
1446058015266	0	lts_1028I_13_01	13	01	0	91	16	1	1	Hit	690	16-mul/Abeermug11.jpg	Abeermug11.jpg	SPACE	735	SPACE
1446058018342	0	lts_1028I_13_01	13	01	0	92	0	0	0	CR	MAX	ABABYSPOO.jpg	ABABYSPOO.jpg	NOKEY	MAX	NOKEY
1446058021418	0	lts_1028I_13_01	13	01	0	93	0	0	0	CR	MAX	26387436.thl.jpg	26387436.thl.jpg	NOKEY	MAX	NOKEY
1446058022638	0	lts_1028I_13_01	13	01	0	94	4	1	1	Hit	744	4-6/AMINICYM6.jpg	AMINICYM6.jpg	SPACE	786	SPACE
1446058025714	0	lts_1028I_13_01	13	01	0	95	0	0	0	CR	MAX	16/26423786.thl.jpg	26423786.thl.jpg	NOKEY	MAX	NOKEY
1446058028789	0	lts_1028I_13_01	13	01	0	96	0	0	0	CR	MAX	ADRAWBRI3.jpg	ADRAWBRI3.jpg	NOKEY	MAX	NOKEY
1446058031865	0	lts_1028I_13_01	13	01	0	97	0	0	0	CR	MAX	ABRIDGE3.jpg	ABRIDGE3.jpg	NOKEY	MAX	NOKEY
1446058034941	0	lts_1028I_13_01	13	01	0	98	0	0	0	CR	MAX	Aelectronicor.jpg	Aelectronicor.jpg	NOKEY	MAX	NOKEY
1446058037400	0	lts_1028I_13_01	13	01	0	99	0	0	1	FA	1979	2/Asunflower3.jpg	Asunflower3.jpg	SPACE	2023	NOKEY
1446058040476	0	lts_1028I_13_01	13	01	0	100	0	0	0	CR	MAX	ADOUBHOOK.jpg	ADOUBHOOK.jpg	NOKEY	MAX	NOKEY
1446058041746	0	lts_1028I_13_01	13	01	0	101	2	1	1	Hit	789	2-7/Asunflower3.jpg	Asunflower3.jpg	SPACE	835	SPACE
1446058044822	0	lts_1028I_13_01	13	01	0	102	0	0	0	CR	MAX	Alifeves2.jpg	Alifeves2.jpg	NOKEY	MAX	NOKEY
1446058046177	0	lts_1028I_13_01	13	01	0	103	32	1	1	Hit	879	32-9/ATOOTHBR3.jpg	ATOOTHBR3.jpg	SPACE	920	SPACE
1446058049253	0	lts_1028I_13_01	13	01	0	104	0	0	0	CR	MAX	2/Atoy12.jpg	Atoy12.jpg	NOKEY	MAX	NOKEY
1446058052329	0	lts_1028I_13_01	13	01	0	105	0	0	0	CR	MAX	Aclog6.jpg	Aclog6.jpg	NOKEY	MAX	NOKEY
1446058053416	0	lts_1028I_13_01	13	01	0	106	2	1	1	Hit	613	2-12/Atoy12.jpg	Atoy12.jpg	SPACE	651	SPACE
1446058054552	0	lts_1028I_13_01	13	01	0	107	0	0	1	FA	665	2/26433347.thl.jpg	26433347.thl.jpg	SPACE	702	NOKEY
1446058057628	0	lts_1028I_13_01	13	01	0	108	0	0	0	CR	MAX	AASCENDER.jpg	AASCENDER.jpg	NOKEY	MAX	NOKEY
1446058058665	0	lts_1028I_13_01	13	01	0	109	2	1	1	Hit	566	2-13/26433347.thl.jpg	26433347.thl.jpg	SPACE	602	SPACE
1446058061740	0	lts_1028I_13_01	13	01	0	110	0	0	0	CR	MAX	Akiddcup2.jpg	Akiddcup2.jpg	NOKEY	MAX	NOKEY
1446058062843	0	lts_1028I_13_01	13	01	0	111	16	1	1	Hit	635	16-first/26423786.thl.jpg	26423786.thl.jpg	SPACE	669	SPACE
1446058065919	0	lts_1028I_13_01	13	01	0	112	0	0	0	CR	MAX	DSCN9735-sm.jpg	DSCN9735-sm.jpg	NOKEY	MAX	NOKEY
1446058067074	0	lts_1028I_13_01	13	01	0	113	64	1	1	Hit	683	64-first/keys-a.jpg	keys-a.jpg	SPACE	720	SPACE
1446058070150	0	lts_1028I_13_01	13	01	0	114	0	0	0	CR	MAX	acquarium.jpg	acquarium.jpg	NOKEY	MAX	NOKEY
1446058071320	0	lts_1028I_13_01	13	01	0	115	4	1	1	Hit	687	4-mul/26423786.thl.jpg	26423786.thl.jpg	SPACE	734	SPACE
1446058074396	0	lts_1028I_13_01	13	01	0	116	0	0	0	CR	MAX	26376346.thl.jpg	26376346.thl.jpg	NOKEY	MAX	NOKEY
1446058077472	0	lts_1028I_13_01	13	01	0	117	0	0	0	CR	MAX	128/26421382.thl.jpg	26421382.thl.jpg	NOKEY	MAX	NOKEY
1446058080549	0	lts_1028I_13_01	13	01	0	118	0	0	0	CR	MAX	1/Abowlofpasta.jpg	Abowlofpasta.jpg	NOKEY	MAX	NOKEY
1446058081552	0	lts_1028I_13_01	13	01	0	119	1	1	1	Hit	519	1-11/Abowlofpasta.jpg	Abowlofpasta.jpg	SPACE	568	SPACE
1446058084628	0	lts_1028I_13_01	13	01	0	120	0	0	0	CR	MAX	ACOLFILT5.jpg	ACOLFILT5.jpg	NOKEY	MAX	NOKEY
1446058087704	0	lts_1028I_13_01	13	01	0	121	0	0	0	CR	MAX	32/Acanoe19.jpg	Acanoe19.jpg	NOKEY	MAX	NOKEY
1446058090779	0	lts_1028I_13_01	13	01	0	122	0	0	0	CR	MAX	AANBABYCA.jpg	AANBABYCA.jpg	NOKEY	MAX	NOKEY
1446058093855	0	lts_1028I_13_01	13	01	0	123	0	0	0	CR	MAX	4/26374605.thl.jpg	26374605.thl.jpg	NOKEY	MAX	NOKEY
1446058095511	0	lts_1028I_13_01	13	01	0	124	0	0	1	FA	1179	Azebra8.jpg	Azebra8.jpg	SPACE	1222	NOKEY
1446058098587	0	lts_1028I_13_01	13	01	0	125	0	0	0	CR	MAX	8/Achick9.jpg	Achick9.jpg	NOKEY	MAX	NOKEY
1446058101663	0	lts_1028I_13_01	13	01	0	126	0	0	0	CR	MAX	26772987.thl.jpg	26772987.thl.jpg	NOKEY	MAX	NOKEY
1446058103201	0	lts_1028I_13_01	13	01	0	127	4	1	1	Hit	1052	4-4/26374605.thl.jpg	26374605.thl.jpg	SPACE	1102	SPACE
1446058106277	0	lts_1028I_13_01	13	01	0	128	0	0	0	CR	MAX	ABOAT16.jpg	ABOAT16.jpg	NOKEY	MAX	NOKEY
1446058107247	0	lts_1028I_13_01	13	01	0	129	16	1	1	Hit	497	16-mul/keys-a.jpg	keys-a.jpg	SPACE	534	SPACE
1446058108367	0	lts_1028I_13_01	13	01	0	130	0	0	1	FA	649	1/23014831.thl.jpg	23014831.thl.jpg	SPACE	685	NOKEY
1446058109387	0	lts_1028I_13_01	13	01	0	131	1	1	1	Hit	547	1-4/23014831.thl.jpg	23014831.thl.jpg	SPACE	585	SPACE
1446058112463	0	lts_1028I_13_01	13	01	0	132	0	0	0	CR	MAX	128/Amanatee2.jpg	Amanatee2.jpg	NOKEY	MAX	NOKEY
1446058113666	0	lts_1028I_13_01	13	01	0	133	8	1	1	Hit	721	8-first/Achick9.jpg	Achick9.jpg	SPACE	769	SPACE
1446058116741	0	lts_1028I_13_01	13	01	0	134	0	0	0	CR	MAX	Aspecimenbot5.jpg	Aspecimenbot5.jpg	NOKEY	MAX	NOKEY
1446058119817	0	lts_1028I_13_01	13	01	0	135	0	0	0	CR	MAX	saltpeppershakerjpg.jpg	saltpeppershakerjpg.jpg	NOKEY	MAX	NOKEY
1446058122894	0	lts_1028I_13_01	13	01	0	136	0	0	0	CR	MAX	8/securitycamera.jpg	securitycamera.jpg	NOKEY	MAX	NOKEY
1446058125970	0	lts_1028I_13_01	13	01	0	137	0	0	0	CR	MAX	footballpads.jpg	footballpads.jpg	NOKEY	MAX	NOKEY
1446058129047	0	lts_1028I_13_01	13	01	0	138	0	0	0	CR	MAX	8257947.thl.jpg	8257947.thl.jpg	NOKEY	MAX	NOKEY
1446058132123	0	lts_1028I_13_01	13	01	0	139	0	0	0	CR	MAX	APOTWHOLE.jpg	APOTWHOLE.jpg	NOKEY	MAX	NOKEY
1446058135199	0	lts_1028I_13_01	13	01	0	140	0	0	0	CR	MAX	Adrinkinggl21.jpg	Adrinkinggl21.jpg	NOKEY	MAX	NOKEY
1446058138275	0	lts_1028I_13_01	13	01	0	141	0	0	0	CR	MAX	26431414.thl.jpg	26431414.thl.jpg	NOKEY	MAX	NOKEY
1446058141351	0	lts_1028I_13_01	13	01	0	142	0	0	0	CR	MAX	AHYPBOTT.jpg	AHYPBOTT.jpg	NOKEY	MAX	NOKEY
1446058144427	0	lts_1028I_13_01	13	01	0	143	0	0	0	CR	MAX	32/Aowl8.jpg	Aowl8.jpg	NOKEY	MAX	NOKEY
1446058145931	0	lts_1028I_13_01	13	01	0	144	8	1	1	Hit	1033	8-first/securitycamera.jpg	securitycamera.jpg	SPACE	1070	SPACE
1446058149008	0	lts_1028I_13_01	13	01	0	145	0	0	0	CR	MAX	AJOYSTIC1.jpg	AJOYSTIC1.jpg	NOKEY	MAX	NOKEY
1446058150078	0	lts_1028I_13_01	13	01	0	146	2	1	1	Hit	590	2-mul/securitycamera.jpg	securitycamera.jpg	SPACE	635	SPACE
1446058153154	0	lts_1028I_13_01	13	01	0	147	0	0	0	CR	MAX	4/ABACKSPAC.jpg	ABACKSPAC.jpg	NOKEY	MAX	NOKEY
1446058156230	0	lts_1028I_13_01	13	01	0	148	0	0	0	CR	MAX	8/26374146.thl.jpg	26374146.thl.jpg	NOKEY	MAX	NOKEY
1446058157383	0	lts_1028I_13_01	13	01	0	149	16	1	1	Hit	672	16-mul/Achick9.jpg	Achick9.jpg	SPACE	718	SPACE
1446058160459	0	lts_1028I_13_01	13	01	0	150	0	0	0	CR	MAX	ATELEPH12.jpg	ATELEPH12.jpg	NOKEY	MAX	NOKEY
1446058161546	0	lts_1028I_13_01	13	01	0	151	4	1	1	Hit	614	4-3/ABACKSPAC.jpg	ABACKSPAC.jpg	SPACE	652	SPACE
1446058164622	0	lts_1028I_13_01	13	01	0	152	0	0	0	CR	MAX	128/Afeatherhat.jpg	Afeatherhat.jpg	NOKEY	MAX	NOKEY
1446058165659	0	lts_1028I_13_01	13	01	0	153	32	1	1	Hit	555	32-2/Acanoe19.jpg	Acanoe19.jpg	SPACE	601	SPACE
1446058168734	0	lts_1028I_13_01	13	01	0	154	0	0	0	CR	MAX	AABSTRACT.jpg	AABSTRACT.jpg	NOKEY	MAX	NOKEY
1446058171810	0	lts_1028I_13_01	13	01	0	155	0	0	0	CR	MAX	16/Ahandbag55.jpg	Ahandbag55.jpg	NOKEY	MAX	NOKEY
1446058172930	0	lts_1028I_13_01	13	01	0	156	8	1	1	Hit	651	8-first/26374146.thl.jpg	26374146.thl.jpg	SPACE	687	SPACE
1446058176007	0	lts_1028I_13_01	13	01	0	157	0	0	0	CR	MAX	8255336.thl.jpg	8255336.thl.jpg	NOKEY	MAX	NOKEY
1446058176925	0	lts_1028I_13_01	13	01	0	158	2	1	1	Hit	436	2-mul/26374146.thl.jpg	26374146.thl.jpg	SPACE	485	SPACE
1446058180002	0	lts_1028I_13_01	13	01	0	159	0	0	0	CR	MAX	Apepperoni.jpg	Apepperoni.jpg	NOKEY	MAX	NOKEY
1446058183078	0	lts_1028I_13_01	13	01	0	160	0	0	0	CR	MAX	gumballmachine.jpg	gumballmachine.jpg	NOKEY	MAX	NOKEY
1446058186155	0	lts_1028I_13_01	13	01	0	161	0	0	0	CR	MAX	dftslpi.jpg	dftslpi.jpg	NOKEY	MAX	NOKEY
1446058189231	0	lts_1028I_13_01	13	01	0	162	0	0	0	CR	MAX	2/ABISHOP2.jpg	ABISHOP2.jpg	NOKEY	MAX	NOKEY
1446058192307	0	lts_1028I_13_01	13	01	0	163	0	0	0	CR	MAX	Apencilsharp5.jpg	Apencilsharp5.jpg	NOKEY	MAX	NOKEY
1446058193310	0	lts_1028I_13_01	13	01	0	164	2	1	1	Hit	532	2-0/ABISHOP2.jpg	ABISHOP2.jpg	SPACE	568	SPACE
1446058196386	0	lts_1028I_13_01	13	01	0	165	0	0	0	CR	MAX	FJVWL.jpg	FJVWL.jpg	NOKEY	MAX	NOKEY
1446058199462	0	lts_1028I_13_01	13	01	0	166	0	0	0	CR	MAX	Aspraybottle4.jpg	Aspraybottle4.jpg	NOKEY	MAX	NOKEY
1446058202538	0	lts_1028I_13_01	13	01	0	167	0	0	0	CR	MAX	heartchocolat.jpg	heartchocolat.jpg	NOKEY	MAX	NOKEY
1446058205614	0	lts_1028I_13_01	13	01	0	168	0	0	0	CR	MAX	Afirstaidkit3.jpg	Afirstaidkit3.jpg	NOKEY	MAX	NOKEY
1446058208707	0	lts_1028I_13_01	13	01	0	169	0	0	0	CR	MAX	Aprintingpre5.jpg	Aprintingpre5.jpg	NOKEY	MAX	NOKEY
1446058211782	0	lts_1028I_13_01	13	01	0	170	0	0	0	CR	MAX	Atoycoil.jpg	Atoycoil.jpg	NOKEY	MAX	NOKEY
1446058212952	0	lts_1028I_13_01	13	01	0	171	16	1	1	Hit	701	16-first/Ahandbag55.jpg	Ahandbag55.jpg	SPACE	737	SPACE
1446058216029	0	lts_1028I_13_01	13	01	0	172	0	0	0	CR	MAX	16/Abicyclerepa3.jpg	Abicyclerepa3.jpg	NOKEY	MAX	NOKEY
1446058217066	0	lts_1028I_13_01	13	01	0	173	2	1	1	Hit	556	2-mul/Ahandbag55.jpg	Ahandbag55.jpg	SPACE	602	SPACE
1446058220142	0	lts_1028I_13_01	13	01	0	174	0	0	0	CR	MAX	AALMOND1.jpg	AALMOND1.jpg	NOKEY	MAX	NOKEY
1446058222549	0	lts_1028I_13_01	13	01	0	175	32	1	1	Hit	1924	32-5/Aowl8.jpg	Aowl8.jpg	SPACE	1973	SPACE
1446058225625	0	lts_1028I_13_01	13	01	0	176	0	0	0	CR	MAX	4/26468374.thl.jpg	26468374.thl.jpg	NOKEY	MAX	NOKEY
1446058228701	0	lts_1028I_13_01	13	01	0	177	0	0	0	CR	MAX	16/Afoodproces27.jpg	Afoodproces27.jpg	NOKEY	MAX	NOKEY
1446058231793	0	lts_1028I_13_01	13	01	0	178	0	0	0	CR	MAX	Agraduationh2.jpg	Agraduationh2.jpg	NOKEY	MAX	NOKEY
1446058234886	0	lts_1028I_13_01	13	01	0	179	0	0	0	CR	MAX	BeautyNBeast.jpg	BeautyNBeast.jpg	NOKEY	MAX	NOKEY
1446058236592	0	lts_1028I_13_01	13	01	0	180	4	1	1	Hit	1233	4-11/26468374.thl.jpg	26468374.thl.jpg	SPACE	1272	SPACE
1446058239668	0	lts_1028I_13_01	13	01	0	181	0	0	0	CR	MAX	ACAT6.jpg	ACAT6.jpg	NOKEY	MAX	NOKEY
1446058242743	0	lts_1028I_13_01	13	01	0	182	0	0	0	CR	MAX	26687176.thl.jpg	26687176.thl.jpg	NOKEY	MAX	NOKEY
1446058245819	0	lts_1028I_13_01	13	01	0	183	0	0	0	CR	MAX	Abird41.jpg	Abird41.jpg	NOKEY	MAX	NOKEY
1446058247024	0	lts_1028I_13_01	13	01	0	184	128	1	1	Hit	722	128-2/22910996.thl.jpg	22910996.thl.jpg	SPACE	770	SPACE
1446058250100	0	lts_1028I_13_01	13	01	0	185	0	0	0	CR	MAX	64/26393373.thl.jpg	26393373.thl.jpg	NOKEY	MAX	NOKEY
1446058253176	0	lts_1028I_13_01	13	01	0	186	0	0	0	CR	MAX	26374713.thl.jpg	26374713.thl.jpg	NOKEY	MAX	NOKEY
1446058256252	0	lts_1028I_13_01	13	01	0	187	0	0	0	CR	MAX	Aalmond4.jpg	Aalmond4.jpg	NOKEY	MAX	NOKEY
1446058259328	0	lts_1028I_13_01	13	01	0	188	16	1	0	Miss	MAX	16-first/Abicyclerepa3.jpg	Abicyclerepa3.jpg	NOKEY	MAX	SPACE
1446058262404	0	lts_1028I_13_01	13	01	0	189	0	0	0	CR	MAX	2/APAPYRUS.jpg	APAPYRUS.jpg	NOKEY	MAX	NOKEY
1446058265480	0	lts_1028I_13_01	13	01	0	190	0	0	0	CR	MAX	64/36411474.thl.jpg	36411474.thl.jpg	NOKEY	MAX	NOKEY
1446058266667	0	lts_1028I_13_01	13	01	0	191	2	1	1	Hit	705	2-5/APAPYRUS.jpg	APAPYRUS.jpg	SPACE	752	SPACE
1446058269742	0	lts_1028I_13_01	13	01	0	192	0	0	0	CR	MAX	Abrooch100.jpg	Abrooch100.jpg	NOKEY	MAX	NOKEY
1446058271148	0	lts_1028I_13_01	13	01	0	193	16	1	1	Hit	928	16-first/Afoodproces27.jpg	Afoodproces27.jpg	SPACE	970	SPACE
1446058274224	0	lts_1028I_13_01	13	01	0	194	0	0	0	CR	MAX	ABROWCONT.jpg	ABROWCONT.jpg	NOKEY	MAX	NOKEY
1446058275344	0	lts_1028I_13_01	13	01	0	195	2	1	1	Hit	641	2-mul/Afoodproces27.jpg	Afoodproces27.jpg	SPACE	685	SPACE
1446058278420	0	lts_1028I_13_01	13	01	0	196	0	0	0	CR	MAX	ASTONHOU2.jpg	ASTONHOU2.jpg	NOKEY	MAX	NOKEY
1446058281496	0	lts_1028I_13_01	13	01	0	197	0	0	0	CR	MAX	ABATHTUB3.jpg	ABATHTUB3.jpg	NOKEY	MAX	NOKEY
1446058284572	0	lts_1028I_13_01	13	01	0	198	0	0	0	CR	MAX	Atripod5.jpg	Atripod5.jpg	NOKEY	MAX	NOKEY
1446058287648	0	lts_1028I_13_01	13	01	0	199	0	0	0	CR	MAX	32/ATOOL9.jpg	ATOOL9.jpg	NOKEY	MAX	NOKEY
1446058290724	0	lts_1028I_13_01	13	01	0	200	0	0	0	CR	MAX	Ahandheldmir3.jpg	Ahandheldmir3.jpg	NOKEY	MAX	NOKEY
1446058293799	0	lts_1028I_13_01	13	01	0	201	0	0	0	CR	MAX	AGUIRA.jpg	AGUIRA.jpg	NOKEY	MAX	NOKEY
1446058296875	0	lts_1028I_13_01	13	01	0	202	0	0	0	CR	MAX	16/AANTTRUCK.jpg	AANTTRUCK.jpg	NOKEY	MAX	NOKEY
1446058299951	0	lts_1028I_13_01	13	01	0	203	0	0	0	CR	MAX	Atoy35.jpg	Atoy35.jpg	NOKEY	MAX	NOKEY
1446058301273	0	lts_1028I_13_01	13	01	0	204	16	1	1	Hit	837	16-mul/Abicyclerepa3.jpg	Abicyclerepa3.jpg	SPACE	886	SPACE
1446058304349	0	lts_1028I_13_01	13	01	0	205	0	0	0	CR	MAX	16/Astrawberryde.jpg	Astrawberryde.jpg	NOKEY	MAX	NOKEY
1446058307442	0	lts_1028I_13_01	13	01	0	206	0	0	0	CR	MAX	ACARDFRA2.jpg	ACARDFRA2.jpg	NOKEY	MAX	NOKEY
1446058310518	0	lts_1028I_13_01	13	01	0	207	0	0	0	CR	MAX	128/26422598.thl.jpg	26422598.thl.jpg	NOKEY	MAX	NOKEY
1446058313594	0	lts_1028I_13_01	13	01	0	208	0	0	0	CR	MAX	AWASHSIGN.jpg	AWASHSIGN.jpg	NOKEY	MAX	NOKEY
1446058316670	0	lts_1028I_13_01	13	01	0	209	0	0	0	CR	MAX	AHIGCHAIR.jpg	AHIGCHAIR.jpg	NOKEY	MAX	NOKEY
1446058319745	0	lts_1028I_13_01	13	01	0	210	0	0	0	CR	MAX	32/26372237.thl.jpg	26372237.thl.jpg	NOKEY	MAX	NOKEY
1446058322821	0	lts_1028I_13_01	13	01	0	211	0	0	0	CR	MAX	26434546.thl.jpg	26434546.thl.jpg	NOKEY	MAX	NOKEY
1446058325897	0	lts_1028I_13_01	13	01	0	212	0	0	0	CR	MAX	Aslate.jpg	Aslate.jpg	NOKEY	MAX	NOKEY
1446058328973	0	lts_1028I_13_01	13	01	0	213	0	0	0	CR	MAX	16/ACHIPROL2.jpg	ACHIPROL2.jpg	NOKEY	MAX	NOKEY
1446058332050	0	lts_1028I_13_01	13	01	0	214	0	0	0	CR	MAX	2/AJUICER.jpg	AJUICER.jpg	NOKEY	MAX	NOKEY
1446058335126	0	lts_1028I_13_01	13	01	0	215	0	0	0	CR	MAX	airhocckytable.jpg	airhocckytable.jpg	NOKEY	MAX	NOKEY
1446058336380	0	lts_1028I_13_01	13	01	0	216	2	1	1	Hit	770	2-10/AJUICER.jpg	AJUICER.jpg	SPACE	818	SPACE
1446058339456	0	lts_1028I_13_01	13	01	0	217	0	0	0	CR	MAX	AWODSPOON.jpg	AWODSPOON.jpg	NOKEY	MAX	NOKEY
1446058341295	0	lts_1028I_13_01	13	01	0	218	16	1	1	Hit	1361	16-first/AANTTRUCK.jpg	AANTTRUCK.jpg	SPACE	1403	SPACE
1446058344371	0	lts_1028I_13_01	13	01	0	219	0	0	0	CR	MAX	ADENTRAY3.jpg	ADENTRAY3.jpg	NOKEY	MAX	NOKEY
1446058347447	0	lts_1028I_13_01	13	01	0	220	0	0	0	CR	MAX	64/Aextensionco8.jpg	Aextensionco8.jpg	NOKEY	MAX	NOKEY
1446058348867	0	lts_1028I_13_01	13	01	0	221	16	1	1	Hit	949	16-first/Astrawberryde.jpg	Astrawberryde.jpg	SPACE	986	SPACE
1446058351943	0	lts_1028I_13_01	13	01	0	222	0	0	0	CR	MAX	22866972.thl.jpg	22866972.thl.jpg	NOKEY	MAX	NOKEY
1446058355020	0	lts_1028I_13_01	13	01	0	223	0	0	0	CR	MAX	AMINITRE7.jpg	AMINITRE7.jpg	NOKEY	MAX	NOKEY
1446058358097	0	lts_1028I_13_01	13	01	0	224	0	0	0	CR	MAX	ACOMPACT.jpg	ACOMPACT.jpg	NOKEY	MAX	NOKEY
1446058359417	0	lts_1028I_13_01	13	01	0	225	4	1	1	Hit	837	4-mul/Astrawberryde.jpg	Astrawberryde.jpg	SPACE	885	SPACE
1446058362493	0	lts_1028I_13_01	13	01	0	226	0	0	0	CR	MAX	23057742.thl.jpg	23057742.thl.jpg	NOKEY	MAX	NOKEY
1446058365569	0	lts_1028I_13_01	13	01	0	227	0	0	0	CR	MAX	AKITE5.jpg	AKITE5.jpg	NOKEY	MAX	NOKEY
1446058368646	0	lts_1028I_13_01	13	01	0	228	0	0	0	CR	MAX	chocolatbox.jpg	chocolatbox.jpg	NOKEY	MAX	NOKEY
1446058369798	0	lts_1028I_13_01	13	01	0	229	16	1	1	Hit	669	16-0/ACHIPROL2.jpg	ACHIPROL2.jpg	SPACE	719	SPACE
1446058372874	0	lts_1028I_13_01	13	01	0	230	0	0	0	CR	MAX	Abicycleshoe.jpg	Abicycleshoe.jpg	NOKEY	MAX	NOKEY
1446058373877	0	lts_1028I_13_01	13	01	0	231	32	1	1	Hit	531	32-1/ATOOL9.jpg	ATOOL9.jpg	SPACE	569	SPACE
1446058376953	0	lts_1028I_13_01	13	01	0	232	0	0	0	CR	MAX	frtslpamix.jpg	frtslpamix.jpg	NOKEY	MAX	NOKEY
1446058380030	0	lts_1028I_13_01	13	01	0	233	0	0	0	CR	MAX	AJEWISHTA.jpg	AJEWISHTA.jpg	NOKEY	MAX	NOKEY
1446058381184	0	lts_1028I_13_01	13	01	0	234	16	1	1	Hit	678	16-mul/AANTTRUCK.jpg	AANTTRUCK.jpg	SPACE	718	SPACE
1446058384260	0	lts_1028I_13_01	13	01	0	235	0	0	0	CR	MAX	AANGLE.jpg	AANGLE.jpg	NOKEY	MAX	NOKEY
1446058387336	0	lts_1028I_13_01	13	01	0	236	0	0	0	CR	MAX	Acookiecutte3.jpg	Acookiecutte3.jpg	NOKEY	MAX	NOKEY
1446058390412	0	lts_1028I_13_01	13	01	0	237	0	0	0	CR	MAX	128/Afoodproces22.jpg	Afoodproces22.jpg	NOKEY	MAX	NOKEY
1446058393488	0	lts_1028I_13_01	13	01	0	238	0	0	0	CR	MAX	ACAMPSTOO.jpg	ACAMPSTOO.jpg	NOKEY	MAX	NOKEY
1446058396564	0	lts_1028I_13_01	13	01	0	239	0	0	0	CR	MAX	26439898.thl.jpg	26439898.thl.jpg	NOKEY	MAX	NOKEY
1446058399640	0	lts_1028I_13_01	13	01	0	240	0	0	0	CR	MAX	64/Ababytableand.jpg	Ababytableand.jpg	NOKEY	MAX	NOKEY
1446058402716	0	lts_1028I_13_01	13	01	0	241	0	0	0	CR	MAX	AMAILBO28.jpg	AMAILBO28.jpg	NOKEY	MAX	NOKEY
1446058403919	0	lts_1028I_13_01	13	01	0	242	32	1	1	Hit	727	32-3/26372237.thl.jpg	26372237.thl.jpg	SPACE	770	SPACE
1446058406995	0	lts_1028I_13_01	13	01	0	243	0	0	0	CR	MAX	ACOLOGNE.jpg	ACOLOGNE.jpg	NOKEY	MAX	NOKEY
1446058410089	0	lts_1028I_13_01	13	01	0	244	0	0	0	CR	MAX	Acatstatue3.jpg	Acatstatue3.jpg	NOKEY	MAX	NOKEY
1446058413165	0	lts_1028I_13_01	13	01	0	245	128	1	0	Miss	MAX	128-7/26421382.thl.jpg	26421382.thl.jpg	NOKEY	MAX	SPACE
1446058416241	0	lts_1028I_13_01	13	01	0	246	0	0	0	CR	MAX	Agreenleaf3.jpg	Agreenleaf3.jpg	NOKEY	MAX	NOKEY
1446058419317	0	lts_1028I_13_01	13	01	0	247	0	0	0	CR	MAX	16/ACOFFTA18.jpg	ACOFFTA18.jpg	NOKEY	MAX	NOKEY
1446058422393	0	lts_1028I_13_01	13	01	0	248	0	0	0	CR	MAX	gymvaulting2.jpg	gymvaulting2.jpg	NOKEY	MAX	NOKEY
1446058424065	0	lts_1028I_13_01	13	01	0	249	64	1	1	Hit	1192	64-first/26393373.thl.jpg	26393373.thl.jpg	SPACE	1237	SPACE
1446058427158	0	lts_1028I_13_01	13	01	0	250	0	0	0	CR	MAX	mascara.jpg	mascara.jpg	NOKEY	MAX	NOKEY
1446058428227	0	lts_1028I_13_01	13	01	0	251	2	1	1	Hit	593	2-mul/26393373.thl.jpg	26393373.thl.jpg	SPACE	634	SPACE
1446058431304	0	lts_1028I_13_01	13	01	0	252	0	0	0	CR	MAX	ACAMPFIRE.jpg	ACAMPFIRE.jpg	NOKEY	MAX	NOKEY
1446058434380	0	lts_1028I_13_01	13	01	0	253	0	0	0	CR	MAX	ASPOTLIG2.jpg	ASPOTLIG2.jpg	NOKEY	MAX	NOKEY
1446058435533	0	lts_1028I_13_01	13	01	0	254	64	1	1	Hit	682	64-first/36411474.thl.jpg	36411474.thl.jpg	SPACE	719	SPACE
1446058438609	0	lts_1028I_13_01	13	01	0	255	0	0	0	CR	MAX	1/broccoli.jpg	broccoli.jpg	NOKEY	MAX	NOKEY
1446058439612	0	lts_1028I_13_01	13	01	0	256	1	1	1	Hit	530	1-0/broccoli.jpg	broccoli.jpg	SPACE	568	SPACE
1446058442688	0	lts_1028I_13_01	13	01	0	257	0	0	0	CR	MAX	64/26379570.thl.jpg	26379570.thl.jpg	NOKEY	MAX	NOKEY
1446058444243	0	lts_1028I_13_01	13	01	0	258	4	1	1	Hit	1074	4-mul/36411474.thl.jpg	36411474.thl.jpg	SPACE	1119	SPACE
1446058447319	0	lts_1028I_13_01	13	01	0	259	0	0	0	CR	MAX	ATRIUMPH3.jpg	ATRIUMPH3.jpg	NOKEY	MAX	NOKEY
1446058448657	0	lts_1028I_13_01	13	01	0	260	128	1	1	Hit	853	128-5/Amanatee2.jpg	Amanatee2.jpg	SPACE	902	SPACE
1446058451732	0	lts_1028I_13_01	13	01	0	261	0	0	0	CR	MAX	waterfilter.jpg	waterfilter.jpg	NOKEY	MAX	NOKEY
1446058454808	0	lts_1028I_13_01	13	01	0	262	0	0	0	CR	MAX	22923068.thl.jpg	22923068.thl.jpg	NOKEY	MAX	NOKEY
1446058455911	0	lts_1028I_13_01	13	01	0	263	16	1	1	Hit	630	16-first/ACOFFTA18.jpg	ACOFFTA18.jpg	SPACE	670	SPACE
1446058458987	0	lts_1028I_13_01	13	01	0	264	0	0	0	CR	MAX	1/ALEMUR3.jpg	ALEMUR3.jpg	NOKEY	MAX	NOKEY
1446058459990	0	lts_1028I_13_01	13	01	0	265	1	1	1	Hit	528	1-12/ALEMUR3.jpg	ALEMUR3.jpg	SPACE	568	SPACE
1446058463067	0	lts_1028I_13_01	13	01	0	266	0	0	0	CR	MAX	ADRUM.jpg	ADRUM.jpg	NOKEY	MAX	NOKEY
1446058464154	0	lts_1028I_13_01	13	01	0	267	4	1	1	Hit	604	4-mul/ACOFFTA18.jpg	ACOFFTA18.jpg	SPACE	651	SPACE
1446058467230	0	lts_1028I_13_01	13	01	0	268	0	0	0	CR	MAX	AMETICUBE.jpg	AMETICUBE.jpg	NOKEY	MAX	NOKEY
1446058470306	0	lts_1028I_13_01	13	01	0	269	0	0	0	CR	MAX	4/Acomputerdriv.jpg	Acomputerdriv.jpg	NOKEY	MAX	NOKEY
1446058473382	0	lts_1028I_13_01	13	01	0	270	0	0	0	CR	MAX	1/APROSTAR2.jpg	APROSTAR2.jpg	NOKEY	MAX	NOKEY
1446058474402	0	lts_1028I_13_01	13	01	0	271	1	1	1	Hit	543	1-9/APROSTAR2.jpg	APROSTAR2.jpg	SPACE	584	SPACE
1446058477478	0	lts_1028I_13_01	13	01	0	272	0	0	0	CR	MAX	ASHOULDE4.jpg	ASHOULDE4.jpg	NOKEY	MAX	NOKEY
1446058478798	0	lts_1028I_13_01	13	01	0	273	4	1	1	Hit	852	4-5/Acomputerdriv.jpg	Acomputerdriv.jpg	SPACE	886	SPACE
1446058481874	0	lts_1028I_13_01	13	01	0	274	0	0	0	CR	MAX	8/pajamas.jpg	pajamas.jpg	NOKEY	MAX	NOKEY
1446058484950	0	lts_1028I_13_01	13	01	0	275	0	0	0	CR	MAX	128/Ataco.jpg	Ataco.jpg	NOKEY	MAX	NOKEY
1446058488027	0	lts_1028I_13_01	13	01	0	276	0	0	0	CR	MAX	Aclowguit.jpg	Aclowguit.jpg	NOKEY	MAX	NOKEY
1446058491103	0	lts_1028I_13_01	13	01	0	277	0	0	0	CR	MAX	1/ACURLRIB2.jpg	ACURLRIB2.jpg	NOKEY	MAX	NOKEY
1446058492123	0	lts_1028I_13_01	13	01	0	278	1	1	1	Hit	540	1-7/ACURLRIB2.jpg	ACURLRIB2.jpg	SPACE	586	SPACE
1446058495215	0	lts_1028I_13_01	13	01	0	279	0	0	0	CR	MAX	26455183.thl.jpg	26455183.thl.jpg	NOKEY	MAX	NOKEY
1446058498292	0	lts_1028I_13_01	13	01	0	280	128	1	0	Miss	MAX	128-0/Afeatherhat.jpg	Afeatherhat.jpg	NOKEY	MAX	SPACE
1446058501368	0	lts_1028I_13_01	13	01	0	281	0	0	0	CR	MAX	AHORSHOE2.jpg	AHORSHOE2.jpg	NOKEY	MAX	NOKEY
1446058502404	0	lts_1028I_13_01	13	01	0	282	8	1	1	Hit	560	8-1/pajamas.jpg	pajamas.jpg	SPACE	601	SPACE
1446058505480	0	lts_1028I_13_01	13	01	0	283	0	0	0	CR	MAX	Abasketandch2.jpg	Abasketandch2.jpg	NOKEY	MAX	NOKEY
1446058506750	0	lts_1028I_13_01	13	01	0	284	64	1	1	Hit	795	64-first/Aextensionco8.jpg	Aextensionco8.jpg	SPACE	836	SPACE
1446058509826	0	lts_1028I_13_01	13	01	0	285	0	0	0	CR	MAX	Alock34.jpg	Alock34.jpg	NOKEY	MAX	NOKEY
1446058512902	0	lts_1028I_13_01	13	01	0	286	0	0	0	CR	MAX	1/26423812.thl.jpg	26423812.thl.jpg	NOKEY	MAX	NOKEY
1446058513838	0	lts_1028I_13_01	13	01	0	287	1	1	1	Hit	461	1-14/26423812.thl.jpg	26423812.thl.jpg	SPACE	503	SPACE
1446058516914	0	lts_1028I_13_01	13	01	0	288	0	0	0	CR	MAX	ABLACKB14.jpg	ABLACKB14.jpg	NOKEY	MAX	NOKEY
1446058519990	0	lts_1028I_13_01	13	01	0	289	0	0	0	CR	MAX	Ascanner11.jpg	Ascanner11.jpg	NOKEY	MAX	NOKEY
1446058521680	0	lts_1028I_13_01	13	01	0	290	0	0	1	FA	1204	ABACKHOE2.jpg	ABACKHOE2.jpg	SPACE	1254	NOKEY
1446058524755	0	lts_1028I_13_01	13	01	0	291	0	0	0	CR	MAX	1/Asign7.jpg	Asign7.jpg	NOKEY	MAX	NOKEY
1446058525791	0	lts_1028I_13_01	13	01	0	292	1	1	1	Hit	554	1-13/Asign7.jpg	Asign7.jpg	SPACE	603	SPACE
1446058528867	0	lts_1028I_13_01	13	01	0	293	0	0	0	CR	MAX	Ascrewmount.jpg	Ascrewmount.jpg	NOKEY	MAX	NOKEY
1446058531943	0	lts_1028I_13_01	13	01	0	294	0	0	0	CR	MAX	8/Aaircompress6.jpg	Aaircompress6.jpg	NOKEY	MAX	NOKEY
1446058535037	0	lts_1028I_13_01	13	01	0	295	0	0	0	CR	MAX	ipod01.jpg	ipod01.jpg	NOKEY	MAX	NOKEY
1446058538113	0	lts_1028I_13_01	13	01	0	296	0	0	0	CR	MAX	2/Ajewisho2.jpg	Ajewisho2.jpg	NOKEY	MAX	NOKEY
1446058541189	0	lts_1028I_13_01	13	01	0	297	0	0	0	CR	MAX	16/Astatueofwo29.jpg	Astatueofwo29.jpg	NOKEY	MAX	NOKEY
1446058542293	0	lts_1028I_13_01	13	01	0	298	2	1	1	Hit	630	2-11/Ajewisho2.jpg	Ajewisho2.jpg	SPACE	668	SPACE
1446058545369	0	lts_1028I_13_01	13	01	0	299	0	0	0	CR	MAX	Astatue113.jpg	Astatue113.jpg	NOKEY	MAX	NOKEY
1446058546422	0	lts_1028I_13_01	13	01	0	300	16	1	1	Hit	579	16-mul/Aextensionco8.jpg	Aextensionco8.jpg	SPACE	619	SPACE
1446058549498	0	lts_1028I_13_01	13	01	0	301	0	0	0	CR	MAX	Acarjack2.jpg	Acarjack2.jpg	NOKEY	MAX	NOKEY
1446058550734	0	lts_1028I_13_01	13	01	0	302	8	1	1	Hit	758	8-first/Aaircompress6.jpg	Aaircompress6.jpg	SPACE	802	SPACE
1446058553810	0	lts_1028I_13_01	13	01	0	303	0	0	0	CR	MAX	AAFRIMAS5.jpg	AAFRIMAS5.jpg	NOKEY	MAX	NOKEY
1446058555500	0	lts_1028I_13_01	13	01	0	304	64	1	1	Hit	1213	64-first/Ababytableand.jpg	Ababytableand.jpg	SPACE	1255	SPACE
1446058558576	0	lts_1028I_13_01	13	01	0	305	0	0	0	CR	MAX	AWISHWELL.jpg	AWISHWELL.jpg	NOKEY	MAX	NOKEY
1446058561652	0	lts_1028I_13_01	13	01	0	306	0	0	0	CR	MAX	Amannequin2.jpg	Amannequin2.jpg	NOKEY	MAX	NOKEY
1446058564728	0	lts_1028I_13_01	13	01	0	307	0	0	0	CR	MAX	Aoutdoorrece2.jpg	Aoutdoorrece2.jpg	NOKEY	MAX	NOKEY
1446058565747	0	lts_1028I_13_01	13	01	0	308	4	1	1	Hit	537	4-mul/Ababytableand.jpg	Ababytableand.jpg	SPACE	586	SPACE
1446058568823	0	lts_1028I_13_01	13	01	0	309	0	0	0	CR	MAX	scooter.jpg	scooter.jpg	NOKEY	MAX	NOKEY
1446058571899	0	lts_1028I_13_01	13	01	0	310	0	0	0	CR	MAX	128/AANTJUG.jpg	AANTJUG.jpg	NOKEY	MAX	NOKEY
1446058574992	0	lts_1028I_13_01	13	01	0	311	0	0	0	CR	MAX	8031659.thl.jpg	8031659.thl.jpg	NOKEY	MAX	NOKEY
1446058578069	0	lts_1028I_13_01	13	01	0	312	0	0	0	CR	MAX	whitemalerobe.jpg	whitemalerobe.jpg	NOKEY	MAX	NOKEY
1446058579189	0	lts_1028I_13_01	13	01	0	313	16	1	1	Hit	641	16-first/Astatueofwo29.jpg	Astatueofwo29.jpg	SPACE	685	SPACE
1446058582265	0	lts_1028I_13_01	13	01	0	314	0	0	0	CR	MAX	Afrog45.jpg	Afrog45.jpg	NOKEY	MAX	NOKEY
1446058585341	0	lts_1028I_13_01	13	01	0	315	0	0	0	CR	MAX	1/underwear.jpg	underwear.jpg	NOKEY	MAX	NOKEY
1446058586578	0	lts_1028I_13_01	13	01	0	316	1	1	1	Hit	765	1-8/underwear.jpg	underwear.jpg	SPACE	803	SPACE
1446058589654	0	lts_1028I_13_01	13	01	0	317	0	0	0	CR	MAX	Aconferencer3.jpg	Aconferencer3.jpg	NOKEY	MAX	NOKEY
1446058590756	0	lts_1028I_13_01	13	01	0	318	16	1	1	Hit	630	16-mul/Aaircompress6.jpg	Aaircompress6.jpg	SPACE	668	SPACE
1446058593833	0	lts_1028I_13_01	13	01	0	319	0	0	0	CR	MAX	AFUNNEL4.jpg	AFUNNEL4.jpg	NOKEY	MAX	NOKEY
1446058596909	0	lts_1028I_13_01	13	01	0	320	0	0	0	CR	MAX	swimming pool.jpg	swimming pool.jpg	NOKEY	MAX	NOKEY
1446058597895	0	lts_1028I_13_01	13	01	0	321	64	1	1	Hit	513	64-first/26379570.thl.jpg	26379570.thl.jpg	SPACE	553	SPACE
1446058600971	0	lts_1028I_13_01	13	01	0	322	0	0	0	CR	MAX	64/Aqueenofspade.jpg	Aqueenofspade.jpg	NOKEY	MAX	NOKEY
1446058602009	0	lts_1028I_13_01	13	01	0	323	2	1	1	Hit	567	2-mul/26379570.thl.jpg	26379570.thl.jpg	SPACE	603	SPACE
1446058605085	0	lts_1028I_13_01	13	01	0	324	0	0	0	CR	MAX	Aladder2.jpg	Aladder2.jpg	NOKEY	MAX	NOKEY
1446058608161	0	lts_1028I_13_01	13	01	0	325	0	0	0	CR	MAX	Abinder6.jpg	Abinder6.jpg	NOKEY	MAX	NOKEY
1446058611237	0	lts_1028I_13_01	13	01	0	326	0	0	0	CR	MAX	Abrassbu2.jpg	Abrassbu2.jpg	NOKEY	MAX	NOKEY
1446058614313	0	lts_1028I_13_01	13	01	0	327	0	0	0	CR	MAX	AARCCHAR2.jpg	AARCCHAR2.jpg	NOKEY	MAX	NOKEY
1446058617389	0	lts_1028I_13_01	13	01	0	328	0	0	0	CR	MAX	ringbox03.jpg	ringbox03.jpg	NOKEY	MAX	NOKEY
1446058618442	0	lts_1028I_13_01	13	01	0	329	16	1	1	Hit	579	16-mul/Astatueofwo29.jpg	Astatueofwo29.jpg	SPACE	619	SPACE
1446058621518	0	lts_1028I_13_01	13	01	0	330	0	0	0	CR	MAX	toy2A.JPG	toy2A.JPG	NOKEY	MAX	NOKEY
1446058624594	0	lts_1028I_13_01	13	01	0	331	0	0	0	CR	MAX	AARROWS2.jpg	AARROWS2.jpg	NOKEY	MAX	NOKEY
1446058627670	0	lts_1028I_13_01	13	01	0	332	0	0	0	CR	MAX	Atennisball2.jpg	Atennisball2.jpg	NOKEY	MAX	NOKEY
1446058630745	0	lts_1028I_13_01	13	01	0	333	0	0	0	CR	MAX	ignitionkey01.jpg	ignitionkey01.jpg	NOKEY	MAX	NOKEY
1446058633821	0	lts_1028I_13_01	13	01	0	334	0	0	0	CR	MAX	ALAZQUART.jpg	ALAZQUART.jpg	NOKEY	MAX	NOKEY
1446058635026	0	lts_1028I_13_01	13	01	0	335	128	1	1	Hit	728	128-6/26422598.thl.jpg	26422598.thl.jpg	SPACE	770	SPACE
1446058638102	0	lts_1028I_13_01	13	01	0	336	0	0	0	CR	MAX	mechanicalspring.jpg	mechanicalspring.jpg	NOKEY	MAX	NOKEY
1446058641178	0	lts_1028I_13_01	13	01	0	337	0	0	0	CR	MAX	ABONGO3.jpg	ABONGO3.jpg	NOKEY	MAX	NOKEY
1446058644254	0	lts_1028I_13_01	13	01	0	338	0	0	0	CR	MAX	32/AWOODST11.jpg	AWOODST11.jpg	NOKEY	MAX	NOKEY
1446058647330	0	lts_1028I_13_01	13	01	0	339	0	0	0	CR	MAX	AALTAR.jpg	AALTAR.jpg	NOKEY	MAX	NOKEY
1446058650406	0	lts_1028I_13_01	13	01	0	340	0	0	0	CR	MAX	AORGAN.jpg	AORGAN.jpg	NOKEY	MAX	NOKEY
1446058653482	0	lts_1028I_13_01	13	01	0	341	0	0	0	CR	MAX	igloo.jpg	igloo.jpg	NOKEY	MAX	NOKEY
1446058656558	0	lts_1028I_13_01	13	01	0	342	0	0	0	CR	MAX	4/Abowlofwonto5.jpg	Abowlofwonto5.jpg	NOKEY	MAX	NOKEY
1446058659635	0	lts_1028I_13_01	13	01	0	343	0	0	0	CR	MAX	AFLUTE6.jpg	AFLUTE6.jpg	NOKEY	MAX	NOKEY
1446058662711	0	lts_1028I_13_01	13	01	0	344	0	0	0	CR	MAX	26433849.thl.jpg	26433849.thl.jpg	NOKEY	MAX	NOKEY
1446058665786	0	lts_1028I_13_01	13	01	0	345	0	0	0	CR	MAX	Alambtoy6.jpg	Alambtoy6.jpg	NOKEY	MAX	NOKEY
1446058666956	0	lts_1028I_13_01	13	01	0	346	4	1	1	Hit	690	4-7/Abowlofwonto5.jpg	Abowlofwonto5.jpg	SPACE	737	SPACE
1446058670050	0	lts_1028I_13_01	13	01	0	347	0	0	0	CR	MAX	26374089.thl.jpg	26374089.thl.jpg	NOKEY	MAX	NOKEY
1446058673126	0	lts_1028I_13_01	13	01	0	348	0	0	0	CR	MAX	Abucketwithcl.jpg	Abucketwithcl.jpg	NOKEY	MAX	NOKEY
1446058676202	0	lts_1028I_13_01	13	01	0	349	0	0	0	CR	MAX	ABANJO5.jpg	ABANJO5.jpg	NOKEY	MAX	NOKEY
1446058679278	0	lts_1028I_13_01	13	01	0	350	0	0	0	CR	MAX	8/8027656.thl.jpg	8027656.thl.jpg	NOKEY	MAX	NOKEY
1446058682354	0	lts_1028I_13_01	13	01	0	351	0	0	0	CR	MAX	23071000.thl.jpg	23071000.thl.jpg	NOKEY	MAX	NOKEY
1446058684527	0	lts_1028I_13_01	13	01	0	352	0	0	1	FA	1693	1/AMILPANS2.jpg	AMILPANS2.jpg	SPACE	1739	NOKEY
1446058685581	0	lts_1028I_13_01	13	01	0	353	1	1	1	Hit	570	1-3/AMILPANS2.jpg	AMILPANS2.jpg	SPACE	618	SPACE
1446058688657	0	lts_1028I_13_01	13	01	0	354	0	0	0	CR	MAX	E_tank.jpg	E_tank.jpg	NOKEY	MAX	NOKEY
1446058691732	0	lts_1028I_13_01	13	01	0	355	0	0	0	CR	MAX	8027086.thl.jpg	8027086.thl.jpg	NOKEY	MAX	NOKEY
1446058694824	0	lts_1028I_13_01	13	01	0	356	0	0	0	CR	MAX	Arubberstampa.jpg	Arubberstampa.jpg	NOKEY	MAX	NOKEY
1446058697901	0	lts_1028I_13_01	13	01	0	357	0	0	0	CR	MAX	26434233.thl.jpg	26434233.thl.jpg	NOKEY	MAX	NOKEY
1446058699088	0	lts_1028I_13_01	13	01	0	358	8	1	1	Hit	703	8-first/8027656.thl.jpg	8027656.thl.jpg	SPACE	753	SPACE
1446058700309	0	lts_1028I_13_01	13	01	0	359	0	0	1	FA	741	AANTFRYI2.jpg	AANTFRYI2.jpg	SPACE	785	NOKEY
1446058703385	0	lts_1028I_13_01	13	01	0	360	0	0	0	CR	MAX	carseat.jpg	carseat.jpg	NOKEY	MAX	NOKEY
1446058706461	0	lts_1028I_13_01	13	01	0	361	0	0	0	CR	MAX	APALLETT2.jpg	APALLETT2.jpg	NOKEY	MAX	NOKEY
1446058707531	0	lts_1028I_13_01	13	01	0	362	4	1	1	Hit	586	4-mul/8027656.thl.jpg	8027656.thl.jpg	SPACE	636	SPACE
1446058710607	0	lts_1028I_13_01	13	01	0	363	0	0	0	CR	MAX	Awindtoy5.jpg	Awindtoy5.jpg	NOKEY	MAX	NOKEY
1446058713683	0	lts_1028I_13_01	13	01	0	364	0	0	0	CR	MAX	ADRIARRA2.jpg	ADRIARRA2.jpg	NOKEY	MAX	NOKEY
1446058715087	0	lts_1028I_13_01	13	01	0	365	128	1	1	Hit	935	128-4/Afoodproces22.jpg	Afoodproces22.jpg	SPACE	969	SPACE
1446058716676	0	lts_1028I_13_01	13	01	0	366	0	0	1	FA	1092	1/Achildsplaype.jpg	Achildsplaype.jpg	SPACE	1136	NOKEY
1446058717645	0	lts_1028I_13_01	13	01	0	367	1	1	1	Hit	497	1-6/Achildsplaype.jpg	Achildsplaype.jpg	SPACE	535	SPACE
1446058720721	0	lts_1028I_13_01	13	01	0	368	0	0	0	CR	MAX	AWHISBARR.jpg	AWHISBARR.jpg	NOKEY	MAX	NOKEY
1446058723796	0	lts_1028I_13_01	13	01	0	369	0	0	0	CR	MAX	grenade.jpg	grenade.jpg	NOKEY	MAX	NOKEY
1446058726872	0	lts_1028I_13_01	13	01	0	370	32	1	0	Miss	MAX	32-6/AWOODST11.jpg	AWOODST11.jpg	NOKEY	MAX	SPACE
1446058729948	0	lts_1028I_13_01	13	01	0	371	0	0	0	CR	MAX	23063814.thl.jpg	23063814.thl.jpg	NOKEY	MAX	NOKEY
1446058733025	0	lts_1028I_13_01	13	01	0	372	0	0	0	CR	MAX	8/burrito.jpg	burrito.jpg	NOKEY	MAX	NOKEY
1446058736102	0	lts_1028I_13_01	13	01	0	373	0	0	0	CR	MAX	2/batslct.jpg	batslct.jpg	NOKEY	MAX	NOKEY
1446058739194	0	lts_1028I_13_01	13	01	0	374	0	0	0	CR	MAX	AMILKJUG.jpg	AMILKJUG.jpg	NOKEY	MAX	NOKEY
1446058740331	0	lts_1028I_13_01	13	01	0	375	2	1	1	Hit	663	2-6/batslct.jpg	batslct.jpg	SPACE	701	SPACE
1446058743407	0	lts_1028I_13_01	13	01	0	376	0	0	0	CR	MAX	Astamp23.jpg	Astamp23.jpg	NOKEY	MAX	NOKEY
1446058746483	0	lts_1028I_13_01	13	01	0	377	0	0	0	CR	MAX	1/26439913.thl.jpg	26439913.thl.jpg	NOKEY	MAX	NOKEY
1446058747436	0	lts_1028I_13_01	13	01	0	378	1	1	1	Hit	480	1-5/26439913.thl.jpg	26439913.thl.jpg	SPACE	518	SPACE
1446058750512	0	lts_1028I_13_01	13	01	0	379	0	0	0	CR	MAX	26686595.thl.jpg	26686595.thl.jpg	NOKEY	MAX	NOKEY
1446058751699	0	lts_1028I_13_01	13	01	0	380	8	1	1	Hit	716	8-first/burrito.jpg	burrito.jpg	SPACE	752	SPACE
1446058754774	0	lts_1028I_13_01	13	01	0	381	0	0	0	CR	MAX	Astingray2.jpg	Astingray2.jpg	NOKEY	MAX	NOKEY
1446058755777	0	lts_1028I_13_01	13	01	0	382	2	1	1	Hit	525	2-mul/burrito.jpg	burrito.jpg	SPACE	569	SPACE
1446058758853	0	lts_1028I_13_01	13	01	0	383	0	0	0	CR	MAX	32/Ahorse23.jpg	Ahorse23.jpg	NOKEY	MAX	NOKEY
1446058761929	0	lts_1028I_13_01	13	01	0	384	0	0	0	CR	MAX	AELECBE17.jpg	AELECBE17.jpg	NOKEY	MAX	NOKEY
1446058765007	0	lts_1028I_13_01	13	01	0	385	0	0	0	CR	MAX	ABAGFLOU3.jpg	ABAGFLOU3.jpg	NOKEY	MAX	NOKEY
1446058766143	0	lts_1028I_13_01	13	01	0	386	64	1	1	Hit	664	64-first/Aqueenofspade.jpg	Aqueenofspade.jpg	SPACE	702	SPACE
1446058769219	0	lts_1028I_13_01	13	01	0	387	0	0	0	CR	MAX	Atoypanda.jpg	Atoypanda.jpg	NOKEY	MAX	NOKEY
1446058770323	0	lts_1028I_13_01	13	01	0	388	2	1	1	Hit	617	2-mul/Aqueenofspade.jpg	Aqueenofspade.jpg	SPACE	668	SPACE
1446058773399	0	lts_1028I_13_01	13	01	0	389	0	0	0	CR	MAX	APUTTER.jpg	APUTTER.jpg	NOKEY	MAX	NOKEY
1446058776475	0	lts_1028I_13_01	13	01	0	390	0	0	0	CR	MAX	32/APUMPKI35.jpg	APUMPKI35.jpg	NOKEY	MAX	NOKEY
1446058779568	0	lts_1028I_13_01	13	01	0	391	0	0	0	CR	MAX	16/22925624.thl.jpg	22925624.thl.jpg	NOKEY	MAX	NOKEY
1446058782644	0	lts_1028I_13_01	13	01	0	392	0	0	0	CR	MAX	ASKELETO4.jpg	ASKELETO4.jpg	NOKEY	MAX	NOKEY
1446058785720	0	lts_1028I_13_01	13	01	0	393	0	0	0	CR	MAX	2/Atool198.jpg	Atool198.jpg	NOKEY	MAX	NOKEY
1446058788795	0	lts_1028I_13_01	13	01	0	394	0	0	0	CR	MAX	Astaplegun3.jpg	Astaplegun3.jpg	NOKEY	MAX	NOKEY
1446058790066	0	lts_1028I_13_01	13	01	0	395	2	1	1	Hit	795	2-9/Atool198.jpg	Atool198.jpg	SPACE	837	SPACE
1446058793143	0	lts_1028I_13_01	13	01	0	396	0	0	0	CR	MAX	Adecorativet3.jpg	Adecorativet3.jpg	NOKEY	MAX	NOKEY
1446058796219	0	lts_1028I_13_01	13	01	0	397	0	0	0	CR	MAX	ADOGFOOD.jpg	ADOGFOOD.jpg	NOKEY	MAX	NOKEY
1446058799295	0	lts_1028I_13_01	13	01	0	398	0	0	0	CR	MAX	2/Atoyhorse2.jpg	Atoyhorse2.jpg	NOKEY	MAX	NOKEY
1446058802387	0	lts_1028I_13_01	13	01	0	399	0	0	0	CR	MAX	butternutsquash.jpg	butternutsquash.jpg	NOKEY	MAX	NOKEY
1446058803941	0	lts_1028I_13_01	13	01	0	400	2	1	1	Hit	1085	2-3/Atoyhorse2.jpg	Atoyhorse2.jpg	SPACE	1120	SPACE
1446058807018	0	lts_1028I_13_01	13	01	0	401	0	0	0	CR	MAX	4/AAPPCOVE2.jpg	AAPPCOVE2.jpg	NOKEY	MAX	NOKEY
1446058810094	0	lts_1028I_13_01	13	01	0	402	0	0	0	CR	MAX	ACONSTHA2.jpg	ACONSTHA2.jpg	NOKEY	MAX	NOKEY
1446058811265	0	lts_1028I_13_01	13	01	0	403	128	1	1	Hit	696	128-3/Ataco.jpg	Ataco.jpg	SPACE	734	SPACE
1446058814341	0	lts_1028I_13_01	13	01	0	404	0	0	0	CR	MAX	satellitedirecttc.jpg	satellitedirecttc.jpg	NOKEY	MAX	NOKEY
1446058817417	0	lts_1028I_13_01	13	01	0	405	4	1	0	Miss	MAX	4-9/AAPPCOVE2.jpg	AAPPCOVE2.jpg	NOKEY	MAX	SPACE
1446058820493	0	lts_1028I_13_01	13	01	0	406	0	0	0	CR	MAX	donaldduck.jpg	donaldduck.jpg	NOKEY	MAX	NOKEY
1446058823569	0	lts_1028I_13_01	13	01	0	407	16	1	0	Miss	MAX	16-1/22925624.thl.jpg	22925624.thl.jpg	NOKEY	MAX	SPACE
1446058826645	0	lts_1028I_13_01	13	01	0	408	0	0	0	CR	MAX	22903568.thl.jpg	22903568.thl.jpg	NOKEY	MAX	NOKEY
1446058828083	0	lts_1028I_13_01	13	01	0	409	0	0	1	FA	966	Atoyball.jpg	Atoyball.jpg	SPACE	1003	NOKEY
1446058831159	0	lts_1028I_13_01	13	01	0	410	0	0	0	CR	MAX	2/Acamcorde.jpg	Acamcorde.jpg	NOKEY	MAX	NOKEY
1446058834235	0	lts_1028I_13_01	13	01	0	411	0	0	0	CR	MAX	26421538.thl.jpg	26421538.thl.jpg	NOKEY	MAX	NOKEY
1446058835673	0	lts_1028I_13_01	13	01	0	412	2	1	1	Hit	952	2-4/Acamcorde.jpg	Acamcorde.jpg	SPACE	1003	SPACE
1446058838748	0	lts_1028I_13_01	13	01	0	413	0	0	0	CR	MAX	8024597.thl.jpg	8024597.thl.jpg	NOKEY	MAX	NOKEY
1446058840621	0	lts_1028I_13_01	13	01	0	414	0	0	1	FA	1400	Aflashlight3.jpg	Aflashlight3.jpg	SPACE	1439	NOKEY
1446058843697	0	lts_1028I_13_01	13	01	0	415	32	1	0	Miss	MAX	32-4/Ahorse23.jpg	Ahorse23.jpg	NOKEY	MAX	SPACE
1446058846772	0	lts_1028I_13_01	13	01	0	416	0	0	0	CR	MAX	1/Acanadagoose.jpg	Acanadagoose.jpg	NOKEY	MAX	NOKEY
1446058847758	0	lts_1028I_13_01	13	01	0	417	1	1	1	Hit	518	1-10/Acanadagoose.jpg	Acanadagoose.jpg	SPACE	552	SPACE
1446058850834	0	lts_1028I_13_01	13	01	0	418	0	0	0	CR	MAX	1/26374731.thl.jpg	26374731.thl.jpg	NOKEY	MAX	NOKEY
1446058851921	0	lts_1028I_13_01	13	01	0	419	1	1	1	Hit	611	1-1/26374731.thl.jpg	26374731.thl.jpg	SPACE	653	SPACE
1446058854997	0	lts_1028I_13_01	13	01	0	420	0	0	0	CR	MAX	Acliplatch.jpg	Acliplatch.jpg	NOKEY	MAX	NOKEY
1446058858074	0	lts_1028I_13_01	13	01	0	421	0	0	0	CR	MAX	AFRAME15.jpg	AFRAME15.jpg	NOKEY	MAX	NOKEY
1446058859194	0	lts_1028I_13_01	13	01	0	422	32	1	1	Hit	650	32-0/APUMPKI35.jpg	APUMPKI35.jpg	SPACE	684	SPACE
1446058862270	0	lts_1028I_13_01	13	01	0	423	0	0	0	CR	MAX	26377133.thl.jpg	26377133.thl.jpg	NOKEY	MAX	NOKEY
1446058865346	0	lts_1028I_13_01	13	01	0	424	0	0	0	CR	MAX	8/Apump4.jpg	Apump4.jpg	NOKEY	MAX	NOKEY
1446058868423	0	lts_1028I_13_01	13	01	0	425	0	0	0	CR	MAX	skateboard.jpg	skateboard.jpg	NOKEY	MAX	NOKEY
1446058871499	0	lts_1028I_13_01	13	01	0	426	0	0	0	CR	MAX	2/AEGGHOLDE.jpg	AEGGHOLDE.jpg	NOKEY	MAX	NOKEY
1446058874591	0	lts_1028I_13_01	13	01	0	427	0	0	0	CR	MAX	ACHALCED2.jpg	ACHALCED2.jpg	NOKEY	MAX	NOKEY
1446058876079	0	lts_1028I_13_01	13	01	0	428	2	1	1	Hit	1013	2-1/AEGGHOLDE.jpg	AEGGHOLDE.jpg	SPACE	1053	SPACE
1446058879155	0	lts_1028I_13_01	13	01	0	429	0	0	0	CR	MAX	Aslippers2.jpg	Aslippers2.jpg	NOKEY	MAX	NOKEY
1446058882231	0	lts_1028I_13_01	13	01	0	430	0	0	0	CR	MAX	Arunningshoe4.jpg	Arunningshoe4.jpg	NOKEY	MAX	NOKEY
1446058885307	0	lts_1028I_13_01	13	01	0	431	0	0	0	CR	MAX	Agiraffe15.jpg	Agiraffe15.jpg	NOKEY	MAX	NOKEY
1446058888384	0	lts_1028I_13_01	13	01	0	432	8	1	0	Miss	MAX	8-first/Apump4.jpg	Apump4.jpg	NOKEY	MAX	SPACE
1446058891460	0	lts_1028I_13_01	13	01	0	433	0	0	0	CR	MAX	26437064.thl.jpg	26437064.thl.jpg	NOKEY	MAX	NOKEY
1446058894536	0	lts_1028I_13_01	13	01	0	434	0	0	0	CR	MAX	AAEROBENC.jpg	AAEROBENC.jpg	NOKEY	MAX	NOKEY
1446058897612	0	lts_1028I_13_01	13	01	0	435	0	0	0	CR	MAX	Aantiquevege3.jpg	Aantiquevege3.jpg	NOKEY	MAX	NOKEY
1446058898814	0	lts_1028I_13_01	13	01	0	436	4	1	1	Hit	720	4-mul/Apump4.jpg	Apump4.jpg	SPACE	769	SPACE
1446058901890	0	lts_1028I_13_01	13	01	0	437	0	0	0	CR	MAX	Astirstick.jpg	Astirstick.jpg	NOKEY	MAX	NOKEY
1446058904967	0	lts_1028I_13_01	13	01	0	438	128	1	0	Miss	MAX	128-1/AANTJUG.jpg	AANTJUG.jpg	NOKEY	MAX	SPACE
1446058908044	0	lts_1028I_13_01	13	01	0	439	0	0	0	CR	MAX	Astroboscope5.jpg	Astroboscope5.jpg	NOKEY	MAX	NOKEY
1446058911120	0	lts_1028I_13_01	13	01	0	440	0	0	0	CR	MAX	AMILMARK2.jpg	AMILMARK2.jpg	NOKEY	MAX	NOKEY
1446058914196	0	lts_1028I_13_01	13	01	0	441	0	0	0	CR	MAX	Ablackboardw3.jpg	Ablackboardw3.jpg	NOKEY	MAX	NOKEY
1446058917272	0	lts_1028I_13_01	13	01	0	442	0	0	0	CR	MAX	2/Abar8.jpg	Abar8.jpg	NOKEY	MAX	NOKEY
1446058920348	0	lts_1028I_13_01	13	01	0	443	0	0	0	CR	MAX	4/AGARBAGE.jpg	AGARBAGE.jpg	NOKEY	MAX	NOKEY
1446058923424	0	lts_1028I_13_01	13	01	0	444	2	1	0	Miss	MAX	2-2/Abar8.jpg	Abar8.jpg	NOKEY	MAX	SPACE
1446058924911	0	lts_1028I_13_01	13	01	0	445	0	0	1	FA	1004	Acampingstov9.jpg	Acampingstov9.jpg	SPACE	1054	NOKEY
1446058927987	0	lts_1028I_13_01	13	01	0	446	0	0	0	CR	MAX	26428593.thl.jpg	26428593.thl.jpg	NOKEY	MAX	NOKEY
1446058929409	0	lts_1028I_13_01	13	01	0	447	4	1	1	Hit	939	4-1/AGARBAGE.jpg	AGARBAGE.jpg	SPACE	986	SPACE
1446058932485	0	lts_1028I_13_01	13	01	0	448	0	0	0	CR	MAX	AMUSISTA2.jpg	AMUSISTA2.jpg	NOKEY	MAX	NOKEY
1446058935561	0	lts_1028I_13_01	13	01	0	449	0	0	0	CR	MAX	ASLED7.jpg	ASLED7.jpg	NOKEY	MAX	NOKEY
1446058976687	0	lts_1028I_13_01	13	01	1	0	0	0	0	CR	MAX	8081398.thl.jpg	8081398.thl.jpg	NOKEY	MAX	NOKEY
1446058979762	0	lts_1028I_13_01	13	01	1	1	0	0	0	CR	MAX	pinecone02.jpg	pinecone02.jpg	NOKEY	MAX	NOKEY
1446058982838	0	lts_1028I_13_01	13	01	1	2	0	0	0	CR	MAX	4/Acamera111.jpg	Acamera111.jpg	NOKEY	MAX	NOKEY
1446058985914	0	lts_1028I_13_01	13	01	1	3	0	0	0	CR	MAX	ABAKINGPA.jpg	ABAKINGPA.jpg	NOKEY	MAX	NOKEY
1446058988990	0	lts_1028I_13_01	13	01	1	4	0	0	0	CR	MAX	ASEASH8.jpg	ASEASH8.jpg	NOKEY	MAX	NOKEY
1446058992067	0	lts_1028I_13_01	13	01	1	5	0	0	0	CR	MAX	8/Apersonsfoot.jpg	Apersonsfoot.jpg	NOKEY	MAX	NOKEY
1446058995143	0	lts_1028I_13_01	13	01	1	6	4	1	0	Miss	MAX	4-0/Acamera111.jpg	Acamera111.jpg	NOKEY	MAX	SPACE
1446058998219	0	lts_1028I_13_01	13	01	1	7	0	0	0	CR	MAX	APASTA19.jpg	APASTA19.jpg	NOKEY	MAX	NOKEY
1446059001295	0	lts_1028I_13_01	13	01	1	8	0	0	0	CR	MAX	Amatplate.jpg	Amatplate.jpg	NOKEY	MAX	NOKEY
1446059004388	0	lts_1028I_13_01	13	01	1	9	0	0	0	CR	MAX	8/Acomputer9.jpg	Acomputer9.jpg	NOKEY	MAX	NOKEY
1446059007464	0	lts_1028I_13_01	13	01	1	10	0	0	0	CR	MAX	AWASHPART.jpg	AWASHPART.jpg	NOKEY	MAX	NOKEY
1446059010540	0	lts_1028I_13_01	13	01	1	11	0	0	0	CR	MAX	8054039.thl.jpg	8054039.thl.jpg	NOKEY	MAX	NOKEY
1446059013616	0	lts_1028I_13_01	13	01	1	12	0	0	0	CR	MAX	ACHINCHI4.jpg	ACHINCHI4.jpg	NOKEY	MAX	NOKEY
1446059014819	0	lts_1028I_13_01	13	01	1	13	8	1	1	Hit	732	8-first/Apersonsfoot.jpg	Apersonsfoot.jpg	SPACE	769	SPACE
1446059017895	0	lts_1028I_13_01	13	01	1	14	0	0	0	CR	MAX	outdoorheater.jpg	outdoorheater.jpg	NOKEY	MAX	NOKEY
1446059020971	0	lts_1028I_13_01	13	01	1	15	0	0	0	CR	MAX	16/Acable14.jpg	Acable14.jpg	NOKEY	MAX	NOKEY
1446059024048	0	lts_1028I_13_01	13	01	1	16	0	0	0	CR	MAX	22827408.thl.jpg	22827408.thl.jpg	NOKEY	MAX	NOKEY
1446059025903	0	lts_1028I_13_01	13	01	1	17	8	1	1	Hit	1381	8-first/Acomputer9.jpg	Acomputer9.jpg	SPACE	1421	SPACE
1446059028979	0	lts_1028I_13_01	13	01	1	18	0	0	0	CR	MAX	APOWEDCAS.jpg	APOWEDCAS.jpg	NOKEY	MAX	NOKEY
1446059032056	0	lts_1028I_13_01	13	01	1	19	0	0	0	CR	MAX	4/ASMOKDE16.jpg	ASMOKDE16.jpg	NOKEY	MAX	NOKEY
1446059035149	0	lts_1028I_13_01	13	01	1	20	0	0	0	CR	MAX	B_makeupbag.jpg	B_makeupbag.jpg	NOKEY	MAX	NOKEY
1446059036202	0	lts_1028I_13_01	13	01	1	21	4	1	1	Hit	566	4-mul/Acomputer9.jpg	Acomputer9.jpg	SPACE	618	SPACE
1446059039278	0	lts_1028I_13_01	13	01	1	22	0	0	0	CR	MAX	32/Acontrolpane2.jpg	Acontrolpane2.jpg	NOKEY	MAX	NOKEY
1446059040432	0	lts_1028I_13_01	13	01	1	23	4	1	1	Hit	679	4-8/ASMOKDE16.jpg	ASMOKDE16.jpg	SPACE	719	SPACE
1446059043508	0	lts_1028I_13_01	13	01	1	24	0	0	0	CR	MAX	128/ASUSHI9.jpg	ASUSHI9.jpg	NOKEY	MAX	NOKEY
1446059046584	0	lts_1028I_13_01	13	01	1	25	0	0	0	CR	MAX	APANTRAC2.jpg	APANTRAC2.jpg	NOKEY	MAX	NOKEY
1446059049660	0	lts_1028I_13_01	13	01	1	26	0	0	0	CR	MAX	ASNOWTOY2.jpg	ASNOWTOY2.jpg	NOKEY	MAX	NOKEY
1446059052735	0	lts_1028I_13_01	13	01	1	27	0	0	0	CR	MAX	128/22849284.thl.jpg	22849284.thl.jpg	NOKEY	MAX	NOKEY
1446059055811	0	lts_1028I_13_01	13	01	1	28	0	0	0	CR	MAX	Aseeder2.jpg	Aseeder2.jpg	NOKEY	MAX	NOKEY
1446059056948	0	lts_1028I_13_01	13	01	1	29	16	1	1	Hit	667	16-mul/Apersonsfoot.jpg	Apersonsfoot.jpg	SPACE	703	SPACE
1446059060025	0	lts_1028I_13_01	13	01	1	30	0	0	0	CR	MAX	ABUDDHA18.jpg	ABUDDHA18.jpg	NOKEY	MAX	NOKEY
1446059061178	0	lts_1028I_13_01	13	01	1	31	16	1	1	Hit	675	16-0/Acable14.jpg	Acable14.jpg	SPACE	718	SPACE
1446059064254	0	lts_1028I_13_01	13	01	1	32	0	0	0	CR	MAX	32/ADENSYRIN.jpg	ADENSYRIN.jpg	NOKEY	MAX	NOKEY
1446059067330	0	lts_1028I_13_01	13	01	1	33	0	0	0	CR	MAX	64/sntslrc.jpg	sntslrc.jpg	NOKEY	MAX	NOKEY
1446059070406	0	lts_1028I_13_01	13	01	1	34	0	0	0	CR	MAX	Aceramicjug16.jpg	Aceramicjug16.jpg	NOKEY	MAX	NOKEY
1446059073482	0	lts_1028I_13_01	13	01	1	35	0	0	0	CR	MAX	2/22824636.thl.jpg	22824636.thl.jpg	NOKEY	MAX	NOKEY
1446059076559	0	lts_1028I_13_01	13	01	1	36	0	0	0	CR	MAX	A56THUND4.jpg	A56THUND4.jpg	NOKEY	MAX	NOKEY
1446059077679	0	lts_1028I_13_01	13	01	1	37	2	1	1	Hit	645	2-4/22824636.thl.jpg	22824636.thl.jpg	SPACE	685	SPACE
1446059078965	0	lts_1028I_13_01	13	01	1	38	0	0	1	FA	815	128/10049193.thl.jpg	10049193.thl.jpg	SPACE	853	NOKEY
1446059082042	0	lts_1028I_13_01	13	01	1	39	0	0	0	CR	MAX	swimmies.jpg	swimmies.jpg	NOKEY	MAX	NOKEY
1446059085118	0	lts_1028I_13_01	13	01	1	40	8	1	0	Miss	MAX	8/batteries-a.jpg	batteries-a.jpg	NOKEY	MAX	SPACE
1446059088211	0	lts_1028I_13_01	13	01	1	41	0	0	0	CR	MAX	ATAPEDIS7.jpg	ATAPEDIS7.jpg	NOKEY	MAX	NOKEY
1446059091287	0	lts_1028I_13_01	13	01	1	42	0	0	0	CR	MAX	AALTIRE2.jpg	AALTIRE2.jpg	NOKEY	MAX	NOKEY
1446059094363	0	lts_1028I_13_01	13	01	1	43	0	0	0	CR	MAX	16/APLATE17.jpg	APLATE17.jpg	NOKEY	MAX	NOKEY
1446059097439	0	lts_1028I_13_01	13	01	1	44	0	0	0	CR	MAX	Agreencup2.jpg	Agreencup2.jpg	NOKEY	MAX	NOKEY
1446059098759	0	lts_1028I_13_01	13	01	1	45	00	1	1	Hit	843	00-across/Aflower102.jpg	Aflower102.jpg	SPACE	887	SPACE
1446059101835	0	lts_1028I_13_01	13	01	1	46	0	0	0	CR	MAX	Awheelchair6.jpg	Awheelchair6.jpg	NOKEY	MAX	NOKEY
1446059104911	0	lts_1028I_13_01	13	01	1	47	0	0	0	CR	MAX	36407726.thl.jpg	36407726.thl.jpg	NOKEY	MAX	NOKEY
1446059106116	0	lts_1028I_13_01	13	01	1	48	8	1	1	Hit	735	8-first/batteries-a.jpg	batteries-a.jpg	SPACE	770	SPACE
1446059109192	0	lts_1028I_13_01	13	01	1	49	0	0	0	CR	MAX	26419689.thl.jpg	26419689.thl.jpg	NOKEY	MAX	NOKEY
1446059112268	0	lts_1028I_13_01	13	01	1	50	0	0	0	CR	MAX	Aboardgame2.jpg	Aboardgame2.jpg	NOKEY	MAX	NOKEY
1446059115344	0	lts_1028I_13_01	13	01	1	51	0	0	0	CR	MAX	22826448.thl.jpg	22826448.thl.jpg	NOKEY	MAX	NOKEY
1446059116681	0	lts_1028I_13_01	13	01	1	52	4	1	1	Hit	859	4-mul/batteries-a.jpg	batteries-a.jpg	SPACE	903	SPACE
1446059119756	0	lts_1028I_13_01	13	01	1	53	0	0	0	CR	MAX	16/peanutbutter.jpg	peanutbutter.jpg	NOKEY	MAX	NOKEY
1446059120993	0	lts_1028I_13_01	13	01	1	54	32	1	1	Hit	768	32-2/Acontrolpane2.jpg	Acontrolpane2.jpg	SPACE	803	SPACE
1446059124070	0	lts_1028I_13_01	13	01	1	55	0	0	0	CR	MAX	2/Astatue99.jpg	Astatue99.jpg	NOKEY	MAX	NOKEY
1446059127146	0	lts_1028I_13_01	13	01	1	56	0	0	0	CR	MAX	AWINTERH2.jpg	AWINTERH2.jpg	NOKEY	MAX	NOKEY
1446059128266	0	lts_1028I_13_01	13	01	1	57	2	1	1	Hit	633	2-3/Astatue99.jpg	Astatue99.jpg	SPACE	684	SPACE
1446059131343	0	lts_1028I_13_01	13	01	1	58	0	0	0	CR	MAX	AADZUKIB2.jpg	AADZUKIB2.jpg	NOKEY	MAX	NOKEY
1446059132697	0	lts_1028I_13_01	13	01	1	59	16	1	1	Hit	881	16-first/APLATE17.jpg	APLATE17.jpg	SPACE	920	SPACE
1446059135772	0	lts_1028I_13_01	13	01	1	60	0	0	0	CR	MAX	knife01.jpg	knife01.jpg	NOKEY	MAX	NOKEY
1446059136792	0	lts_1028I_13_01	13	01	1	61	2	1	1	Hit	539	2-mul/APLATE17.jpg	APLATE17.jpg	SPACE	586	SPACE
1446059139868	0	lts_1028I_13_01	13	01	1	62	0	0	0	CR	MAX	26387587.thl.jpg	26387587.thl.jpg	NOKEY	MAX	NOKEY
1446059142944	0	lts_1028I_13_01	13	01	1	63	0	0	0	CR	MAX	AWASHCLOT.jpg	AWASHCLOT.jpg	NOKEY	MAX	NOKEY
1446059144416	0	lts_1028I_13_01	13	01	1	64	32	1	1	Hit	1000	32-1/ADENSYRIN.jpg	ADENSYRIN.jpg	SPACE	1037	SPACE
1446059147492	0	lts_1028I_13_01	13	01	1	65	0	0	0	CR	MAX	Agreenlighter.jpg	Agreenlighter.jpg	NOKEY	MAX	NOKEY
1446059150568	0	lts_1028I_13_01	13	01	1	66	0	0	0	CR	MAX	Apig5.jpg	Apig5.jpg	NOKEY	MAX	NOKEY
1446059153644	0	lts_1028I_13_01	13	01	1	67	0	0	0	CR	MAX	16/AMINIHAMP.jpg	AMINIHAMP.jpg	NOKEY	MAX	NOKEY
1446059156720	0	lts_1028I_13_01	13	01	1	68	0	0	0	CR	MAX	32/APARKMET6.jpg	APARKMET6.jpg	NOKEY	MAX	NOKEY
1446059158191	0	lts_1028I_13_01	13	01	1	69	16	1	1	Hit	988	16-first/peanutbutter.jpg	peanutbutter.jpg	SPACE	1036	SPACE
1446059161267	0	lts_1028I_13_01	13	01	1	70	0	0	0	CR	MAX	64/Aelephant9.jpg	Aelephant9.jpg	NOKEY	MAX	NOKEY
1446059162354	0	lts_1028I_13_01	13	01	1	71	2	1	1	Hit	614	2-mul/peanutbutter.jpg	peanutbutter.jpg	SPACE	651	SPACE
1446059165447	0	lts_1028I_13_01	13	01	1	72	0	0	0	CR	MAX	8245563.thl.jpg	8245563.thl.jpg	NOKEY	MAX	NOKEY
1446059168523	0	lts_1028I_13_01	13	01	1	73	0	0	0	CR	MAX	APIRAFLAG.jpg	APIRAFLAG.jpg	NOKEY	MAX	NOKEY
1446059171599	0	lts_1028I_13_01	13	01	1	74	0	0	0	CR	MAX	2/26424478.thl.jpg	26424478.thl.jpg	NOKEY	MAX	NOKEY
1446059174692	0	lts_1028I_13_01	13	01	1	75	0	0	0	CR	MAX	10050937.thl.jpg	10050937.thl.jpg	NOKEY	MAX	NOKEY
1446059176196	0	lts_1028I_13_01	13	01	1	76	2	1	1	Hit	1030	2-0/26424478.thl.jpg	26424478.thl.jpg	SPACE	1069	SPACE
1446059179272	0	lts_1028I_13_01	13	01	1	77	0	0	0	CR	MAX	32/23016235.thl.jpg	23016235.thl.jpg	NOKEY	MAX	NOKEY
1446059182349	0	lts_1028I_13_01	13	01	1	78	0	0	0	CR	MAX	Atrumpetwith2.jpg	Atrumpetwith2.jpg	NOKEY	MAX	NOKEY
1446059185424	0	lts_1028I_13_01	13	01	1	79	0	0	0	CR	MAX	ANAPRINGS.jpg	ANAPRINGS.jpg	NOKEY	MAX	NOKEY
1446059188501	0	lts_1028I_13_01	13	01	1	80	0	0	0	CR	MAX	8/Abasket108.jpg	Abasket108.jpg	NOKEY	MAX	NOKEY
1446059191577	0	lts_1028I_13_01	13	01	1	81	0	0	0	CR	MAX	ACHINLAMP.jpg	ACHINLAMP.jpg	NOKEY	MAX	NOKEY
1446059194653	0	lts_1028I_13_01	13	01	1	82	0	0	0	CR	MAX	APEELER.jpg	APEELER.jpg	NOKEY	MAX	NOKEY
1446059196191	0	lts_1028I_13_01	13	01	1	83	16	1	1	Hit	1054	16-first/AMINIHAMP.jpg	AMINIHAMP.jpg	SPACE	1103	SPACE
1446059199267	0	lts_1028I_13_01	13	01	1	84	0	0	0	CR	MAX	AGAME.jpg	AGAME.jpg	NOKEY	MAX	NOKEY
1446059200705	0	lts_1028I_13_01	13	01	1	85	2	1	1	Hit	952	2-mul/AMINIHAMP.jpg	AMINIHAMP.jpg	SPACE	1003	SPACE
1446059203780	0	lts_1028I_13_01	13	01	1	86	0	0	0	CR	MAX	pacifierthermometer.jpg	pacifierthermometer.jpg	NOKEY	MAX	NOKEY
1446059206856	0	lts_1028I_13_01	13	01	1	87	0	0	0	CR	MAX	26424291.thl.jpg	26424291.thl.jpg	NOKEY	MAX	NOKEY
1446059208161	0	lts_1028I_13_01	13	01	1	88	8	1	1	Hit	827	8-first/Abasket108.jpg	Abasket108.jpg	SPACE	870	SPACE
1446059211237	0	lts_1028I_13_01	13	01	1	89	0	0	0	CR	MAX	4/26374787.thl.jpg	26374787.thl.jpg	NOKEY	MAX	NOKEY
1446059212340	0	lts_1028I_13_01	13	01	1	90	2	1	1	Hit	630	2-mul/Abasket108.jpg	Abasket108.jpg	SPACE	668	SPACE
1446059215416	0	lts_1028I_13_01	13	01	1	91	0	0	0	CR	MAX	weddingdress.jpg	weddingdress.jpg	NOKEY	MAX	NOKEY
1446059218492	0	lts_1028I_13_01	13	01	1	92	0	0	0	CR	MAX	Atoothbrush3.jpg	Atoothbrush3.jpg	NOKEY	MAX	NOKEY
1446059219845	0	lts_1028I_13_01	13	01	1	93	4	1	1	Hit	882	4-7/26374787.thl.jpg	26374787.thl.jpg	SPACE	919	SPACE
1446059222921	0	lts_1028I_13_01	13	01	1	94	0	0	0	CR	MAX	Avacuum13.jpg	Avacuum13.jpg	NOKEY	MAX	NOKEY
1446059225998	0	lts_1028I_13_01	13	01	1	95	0	0	0	CR	MAX	AORIENBOW.jpg	AORIENBOW.jpg	NOKEY	MAX	NOKEY
1446059229075	0	lts_1028I_13_01	13	01	1	96	0	0	0	CR	MAX	128/26687972.thl.jpg	26687972.thl.jpg	NOKEY	MAX	NOKEY
1446059231265	0	lts_1028I_13_01	13	01	1	97	64	1	1	Hit	1710	64-first/sntslrc.jpg	sntslrc.jpg	SPACE	1755	SPACE
1446059234341	0	lts_1028I_13_01	13	01	1	98	0	0	0	CR	MAX	128/ABARROWRE.jpg	ABARROWRE.jpg	NOKEY	MAX	NOKEY
1446059237417	0	lts_1028I_13_01	13	01	1	99	0	0	0	CR	MAX	Abananasundae.jpg	Abananasundae.jpg	NOKEY	MAX	NOKEY
1446059238604	0	lts_1028I_13_01	13	01	1	100	32	1	1	Hit	706	32-5/APARKMET6.jpg	APARKMET6.jpg	SPACE	753	SPACE
1446059241680	0	lts_1028I_13_01	13	01	1	101	0	0	0	CR	MAX	26437080.thl.jpg	26437080.thl.jpg	NOKEY	MAX	NOKEY
1446059244755	0	lts_1028I_13_01	13	01	1	102	2	1	0	Miss	MAX	2/QD-HEad.jpg	QD-HEad.jpg	NOKEY	MAX	SPACE
1446059247831	0	lts_1028I_13_01	13	01	1	103	0	0	0	CR	MAX	ACLOGOPE3.jpg	ACLOGOPE3.jpg	NOKEY	MAX	NOKEY
1446059248951	0	lts_1028I_13_01	13	01	1	104	2	1	1	Hit	648	2-13/QD-HEad.jpg	QD-HEad.jpg	SPACE	687	SPACE
1446059252028	0	lts_1028I_13_01	13	01	1	105	0	0	0	CR	MAX	2/et060.jpg	et060.jpg	NOKEY	MAX	NOKEY
1446059255104	0	lts_1028I_13_01	13	01	1	106	0	0	0	CR	MAX	8060342.thl.jpg	8060342.thl.jpg	NOKEY	MAX	NOKEY
1446059256408	0	lts_1028I_13_01	13	01	1	107	2	1	1	Hit	828	2-2/et060.jpg	et060.jpg	SPACE	868	SPACE
1446059259484	0	lts_1028I_13_01	13	01	1	108	0	0	0	CR	MAX	ALAB13.jpg	ALAB13.jpg	NOKEY	MAX	NOKEY
1446059260638	0	lts_1028I_13_01	13	01	1	109	32	1	1	Hit	684	32-4/23016235.thl.jpg	23016235.thl.jpg	SPACE	719	SPACE
1446059263714	0	lts_1028I_13_01	13	01	1	110	0	0	0	CR	MAX	26370704.thl.jpg	26370704.thl.jpg	NOKEY	MAX	NOKEY
1446059264967	0	lts_1028I_13_01	13	01	1	111	00	1	1	Hit	772	00-across/gymbench.jpg	gymbench.jpg	SPACE	819	SPACE
1446059268044	0	lts_1028I_13_01	13	01	1	112	0	0	0	CR	MAX	Adinningroomt.jpg	Adinningroomt.jpg	NOKEY	MAX	NOKEY
1446059269181	0	lts_1028I_13_01	13	01	1	113	16	1	1	Hit	664	16-mul/sntslrc.jpg	sntslrc.jpg	SPACE	701	SPACE
1446059272256	0	lts_1028I_13_01	13	01	1	114	0	0	0	CR	MAX	64/ADOLL69.jpg	ADOLL69.jpg	NOKEY	MAX	NOKEY
1446059275333	0	lts_1028I_13_01	13	01	1	115	0	0	0	CR	MAX	Abulbprotect2.jpg	Abulbprotect2.jpg	NOKEY	MAX	NOKEY
1446059278409	0	lts_1028I_13_01	13	01	1	116	0	0	0	CR	MAX	4/Lanyard.jpg	Lanyard.jpg	NOKEY	MAX	NOKEY
1446059281485	0	lts_1028I_13_01	13	01	1	117	0	0	0	CR	MAX	8079958.thl.jpg	8079958.thl.jpg	NOKEY	MAX	NOKEY
1446059284561	0	lts_1028I_13_01	13	01	1	118	0	0	0	CR	MAX	ACHIPPER.jpg	ACHIPPER.jpg	NOKEY	MAX	NOKEY
1446059287637	0	lts_1028I_13_01	13	01	1	119	0	0	0	CR	MAX	128/26377601.thl.jpg	26377601.thl.jpg	NOKEY	MAX	NOKEY
1446059289292	0	lts_1028I_13_01	13	01	1	120	4	1	1	Hit	1172	4-2/Lanyard.jpg	Lanyard.jpg	SPACE	1220	SPACE
1446059292368	0	lts_1028I_13_01	13	01	1	121	0	0	0	CR	MAX	4/Acandlehold17.jpg	Acandlehold17.jpg	NOKEY	MAX	NOKEY
1446059295444	0	lts_1028I_13_01	13	01	1	122	0	0	0	CR	MAX	1/Achildtoy2.jpg	Achildtoy2.jpg	NOKEY	MAX	NOKEY
1446059297383	0	lts_1028I_13_01	13	01	1	123	1	1	1	Hit	1461	1-3/Achildtoy2.jpg	Achildtoy2.jpg	SPACE	1503	SPACE
1446059300459	0	lts_1028I_13_01	13	01	1	124	0	0	0	CR	MAX	Athermosand12.jpg	Athermosand12.jpg	NOKEY	MAX	NOKEY
1446059301596	0	lts_1028I_13_01	13	01	1	125	4	1	1	Hit	660	4-11/Acandlehold17.jpg	Acandlehold17.jpg	SPACE	702	SPACE
1446059304672	0	lts_1028I_13_01	13	01	1	126	0	0	0	CR	MAX	batslcshi.jpg	batslcshi.jpg	NOKEY	MAX	NOKEY
1446059305908	0	lts_1028I_13_01	13	01	1	127	00	1	1	Hit	764	00-across/Astrawberryde.jpg	Astrawberryde.jpg	SPACE	802	SPACE
1446059308984	0	lts_1028I_13_01	13	01	1	128	0	0	0	CR	MAX	2/Ascarf7.jpg	Ascarf7.jpg	NOKEY	MAX	NOKEY
1446059312062	0	lts_1028I_13_01	13	01	1	129	0	0	0	CR	MAX	Arubbergloves.jpg	Arubbergloves.jpg	NOKEY	MAX	NOKEY
1446059313098	0	lts_1028I_13_01	13	01	1	130	2	1	1	Hit	562	2-11/Ascarf7.jpg	Ascarf7.jpg	SPACE	602	SPACE
1446059316174	0	lts_1028I_13_01	13	01	1	131	0	0	0	CR	MAX	Abrickhomeand.jpg	Abrickhomeand.jpg	NOKEY	MAX	NOKEY
1446059317995	0	lts_1028I_13_01	13	01	1	132	0	0	1	FA	1348	Abinocularca3.jpg	Abinocularca3.jpg	SPACE	1387	NOKEY
1446059321072	0	lts_1028I_13_01	13	01	1	133	0	0	0	CR	MAX	AGRAINSI5.jpg	AGRAINSI5.jpg	NOKEY	MAX	NOKEY
1446059322209	0	lts_1028I_13_01	13	01	1	134	64	1	1	Hit	665	64-first/Aelephant9.jpg	Aelephant9.jpg	SPACE	701	SPACE
1446059325285	0	lts_1028I_13_01	13	01	1	135	0	0	0	CR	MAX	Aclamp42.jpg	Aclamp42.jpg	NOKEY	MAX	NOKEY
1446059328361	0	lts_1028I_13_01	13	01	1	136	0	0	0	CR	MAX	4/image004.jpg	image004.jpg	NOKEY	MAX	NOKEY
1446059331437	0	lts_1028I_13_01	13	01	1	137	0	0	0	CR	MAX	26685948.thl.jpg	26685948.thl.jpg	NOKEY	MAX	NOKEY
1446059332557	0	lts_1028I_13_01	13	01	1	138	4	1	1	Hit	645	4-mul/Aelephant9.jpg	Aelephant9.jpg	SPACE	685	SPACE
1446059335634	0	lts_1028I_13_01	13	01	1	139	0	0	0	CR	MAX	D_podium.jpg	D_podium.jpg	NOKEY	MAX	NOKEY
1446059337523	0	lts_1028I_13_01	13	01	1	140	4	1	1	Hit	1416	4-3/image004.jpg	image004.jpg	SPACE	1454	SPACE
1446059340599	0	lts_1028I_13_01	13	01	1	141	0	0	0	CR	MAX	16/ACREPMAK3.jpg	ACREPMAK3.jpg	NOKEY	MAX	NOKEY
1446059343675	0	lts_1028I_13_01	13	01	1	142	0	0	0	CR	MAX	ASTEAMER4.jpg	ASTEAMER4.jpg	NOKEY	MAX	NOKEY
1446059345129	0	lts_1028I_13_01	13	01	1	143	00	1	1	Hit	971	00-across/APROSTAR2.jpg	APROSTAR2.jpg	SPACE	1020	SPACE
1446059348205	0	lts_1028I_13_01	13	01	1	144	0	0	0	CR	MAX	baseballbat04.jpg	baseballbat04.jpg	NOKEY	MAX	NOKEY
1446059351281	0	lts_1028I_13_01	13	01	1	145	0	0	0	CR	MAX	8020414.thl.jpg	8020414.thl.jpg	NOKEY	MAX	NOKEY
1446059354357	0	lts_1028I_13_01	13	01	1	146	0	0	0	CR	MAX	1/Alobster10.jpg	Alobster10.jpg	NOKEY	MAX	NOKEY
1446059355344	0	lts_1028I_13_01	13	01	1	147	1	1	1	Hit	501	1-7/Alobster10.jpg	Alobster10.jpg	SPACE	551	SPACE
1446059358420	0	lts_1028I_13_01	13	01	1	148	0	0	0	CR	MAX	AARTIVE6.jpg	AARTIVE6.jpg	NOKEY	MAX	NOKEY
1446059361496	0	lts_1028I_13_01	13	01	1	149	0	0	0	CR	MAX	AEXPERIM3.jpg	AEXPERIM3.jpg	NOKEY	MAX	NOKEY
1446059362832	0	lts_1028I_13_01	13	01	1	150	00	1	1	Hit	862	00-across/ABACKSPAC.jpg	ABACKSPAC.jpg	SPACE	903	SPACE
1446059365908	0	lts_1028I_13_01	13	01	1	151	0	0	0	CR	MAX	imate.jpg	imate.jpg	NOKEY	MAX	NOKEY
1446059367447	0	lts_1028I_13_01	13	01	1	152	128	1	1	Hit	1062	128-0/ASUSHI9.jpg	ASUSHI9.jpg	SPACE	1104	SPACE
1446059370523	0	lts_1028I_13_01	13	01	1	153	0	0	0	CR	MAX	128/Agarlicclove2.jpg	Agarlicclove2.jpg	NOKEY	MAX	NOKEY
1446059373600	0	lts_1028I_13_01	13	01	1	154	0	0	0	CR	MAX	Acameo.jpg	Acameo.jpg	NOKEY	MAX	NOKEY
1446059375204	0	lts_1028I_13_01	13	01	1	155	128	1	1	Hit	1123	128-3/22849284.thl.jpg	22849284.thl.jpg	SPACE	1169	SPACE
1446059376859	0	lts_1028I_13_01	13	01	1	156	0	0	1	FA	1178	32/sprinkler.jpg	sprinkler.jpg	SPACE	1220	NOKEY
1446059378013	0	lts_1028I_13_01	13	01	1	157	16	1	1	Hit	680	16-first/ACREPMAK3.jpg	ACREPMAK3.jpg	SPACE	720	SPACE
1446059381089	0	lts_1028I_13_01	13	01	1	158	0	0	0	CR	MAX	32/Areindeer2.jpg	Areindeer2.jpg	NOKEY	MAX	NOKEY
1446059384165	0	lts_1028I_13_01	13	01	1	159	0	0	0	CR	MAX	26555896.thl.jpg	26555896.thl.jpg	NOKEY	MAX	NOKEY
1446059387241	0	lts_1028I_13_01	13	01	1	160	0	0	0	CR	MAX	4/gameboy.jpg	gameboy.jpg	NOKEY	MAX	NOKEY
1446059388361	0	lts_1028I_13_01	13	01	1	161	4	1	1	Hit	642	4-mul/ACREPMAK3.jpg	ACREPMAK3.jpg	SPACE	684	SPACE
1446059391437	0	lts_1028I_13_01	13	01	1	162	0	0	0	CR	MAX	AWOODST19.jpg	AWOODST19.jpg	NOKEY	MAX	NOKEY
1446059394513	0	lts_1028I_13_01	13	01	1	163	0	0	0	CR	MAX	32/Apostalscale2.jpg	Apostalscale2.jpg	NOKEY	MAX	NOKEY
1446059395733	0	lts_1028I_13_01	13	01	1	164	4	1	1	Hit	737	4-1/gameboy.jpg	gameboy.jpg	SPACE	786	SPACE
1446059398809	0	lts_1028I_13_01	13	01	1	165	0	0	0	CR	MAX	AMUFFIPAN.jpg	AMUFFIPAN.jpg	NOKEY	MAX	NOKEY
1446059401885	0	lts_1028I_13_01	13	01	1	166	128	1	0	Miss	MAX	128-2/10049193.thl.jpg	10049193.thl.jpg	NOKEY	MAX	SPACE
1446059404961	0	lts_1028I_13_01	13	01	1	167	0	0	0	CR	MAX	Aclimbingtool.jpg	Aclimbingtool.jpg	NOKEY	MAX	NOKEY
1446059408038	0	lts_1028I_13_01	13	01	1	168	0	0	0	CR	MAX	Ameatcleaver2.jpg	Ameatcleaver2.jpg	NOKEY	MAX	NOKEY
1446059411114	0	lts_1028I_13_01	13	01	1	169	0	0	0	CR	MAX	4/Apercussioni3.jpg	Apercussioni3.jpg	NOKEY	MAX	NOKEY
1446059414190	0	lts_1028I_13_01	13	01	1	170	0	0	0	CR	MAX	128/26390325.thl.jpg	26390325.thl.jpg	NOKEY	MAX	NOKEY
1446059416163	0	lts_1028I_13_01	13	01	1	171	0	0	1	FA	1492	Arooster15.jpg	Arooster15.jpg	SPACE	1537	NOKEY
1446059419239	0	lts_1028I_13_01	13	01	1	172	0	0	0	CR	MAX	bathtowel.jpg	bathtowel.jpg	NOKEY	MAX	NOKEY
1446059420510	0	lts_1028I_13_01	13	01	1	173	4	1	1	Hit	798	4-12/Apercussioni3.jpg	Apercussioni3.jpg	SPACE	835	SPACE
1446059423017	0	lts_1028I_13_01	13	01	1	174	0	0	1	FA	2037	AGOLFIRON.jpg	AGOLFIRON.jpg	SPACE	2073	NOKEY
1446059426093	0	lts_1028I_13_01	13	01	1	175	0	0	0	CR	MAX	ABUILDI12.jpg	ABUILDI12.jpg	NOKEY	MAX	NOKEY
1446059429169	0	lts_1028I_13_01	13	01	1	176	0	0	0	CR	MAX	Agolfplaque.jpg	Agolfplaque.jpg	NOKEY	MAX	NOKEY
1446059432245	0	lts_1028I_13_01	13	01	1	177	0	0	0	CR	MAX	22875816.thl.jpg	22875816.thl.jpg	NOKEY	MAX	NOKEY
1446059433666	0	lts_1028I_13_01	13	01	1	178	64	1	1	Hit	946	64-first/ADOLL69.jpg	ADOLL69.jpg	SPACE	986	SPACE
1446059436741	0	lts_1028I_13_01	13	01	1	179	0	0	0	CR	MAX	AWALKMAN2.jpg	AWALKMAN2.jpg	NOKEY	MAX	NOKEY
1446059437811	0	lts_1028I_13_01	13	01	1	180	2	1	1	Hit	594	2-mul/ADOLL69.jpg	ADOLL69.jpg	SPACE	636	SPACE
1446059440888	0	lts_1028I_13_01	13	01	1	181	0	0	0	CR	MAX	redonion.jpg	redonion.jpg	NOKEY	MAX	NOKEY
1446059443964	0	lts_1028I_13_01	13	01	1	182	0	0	0	CR	MAX	4/ACHRIST14.jpg	ACHRIST14.jpg	NOKEY	MAX	NOKEY
1446059447041	0	lts_1028I_13_01	13	01	1	183	0	0	0	CR	MAX	1/AWASHOPEN.jpg	AWASHOPEN.jpg	NOKEY	MAX	NOKEY
1446059448077	0	lts_1028I_13_01	13	01	1	184	1	1	1	Hit	559	1-2/AWASHOPEN.jpg	AWASHOPEN.jpg	SPACE	602	SPACE
1446059451153	0	lts_1028I_13_01	13	01	1	185	0	0	0	CR	MAX	AHAIRCLI6.jpg	AHAIRCLI6.jpg	NOKEY	MAX	NOKEY
1446059452273	0	lts_1028I_13_01	13	01	1	186	4	1	1	Hit	641	4-10/ACHRIST14.jpg	ACHRIST14.jpg	SPACE	684	SPACE
1446059455349	0	lts_1028I_13_01	13	01	1	187	0	0	0	CR	MAX	26442809.thl.jpg	26442809.thl.jpg	NOKEY	MAX	NOKEY
1446059456520	0	lts_1028I_13_01	13	01	1	188	32	1	1	Hit	697	32-8/sprinkler.jpg	sprinkler.jpg	SPACE	735	SPACE
1446059459596	0	lts_1028I_13_01	13	01	1	189	0	0	0	CR	MAX	Astonehome.jpg	Astonehome.jpg	NOKEY	MAX	NOKEY
1446059461117	0	lts_1028I_13_01	13	01	1	190	32	1	1	Hit	1052	32-3/Areindeer2.jpg	Areindeer2.jpg	SPACE	1087	SPACE
1446059464193	0	lts_1028I_13_01	13	01	1	191	0	0	0	CR	MAX	ABROOCH53.jpg	ABROOCH53.jpg	NOKEY	MAX	NOKEY
1446059467269	0	lts_1028I_13_01	13	01	1	192	0	0	0	CR	MAX	8/ACIGARCU3.jpg	ACIGARCU3.jpg	NOKEY	MAX	NOKEY
1446059470345	0	lts_1028I_13_01	13	01	1	193	0	0	0	CR	MAX	23041782.thl.jpg	23041782.thl.jpg	NOKEY	MAX	NOKEY
1446059473421	0	lts_1028I_13_01	13	01	1	194	0	0	0	CR	MAX	AWOODSPO3.jpg	AWOODSPO3.jpg	NOKEY	MAX	NOKEY
1446059476497	0	lts_1028I_13_01	13	01	1	195	32	1	0	Miss	MAX	32-6/Apostalscale2.jpg	Apostalscale2.jpg	NOKEY	MAX	SPACE
1446059479573	0	lts_1028I_13_01	13	01	1	196	0	0	0	CR	MAX	16/Ablossom.jpg	Ablossom.jpg	NOKEY	MAX	NOKEY
1446059482649	0	lts_1028I_13_01	13	01	1	197	0	0	0	CR	MAX	Alifebuo3.jpg	Alifebuo3.jpg	NOKEY	MAX	NOKEY
1446059485726	0	lts_1028I_13_01	13	01	1	198	0	0	0	CR	MAX	16/E_statue.jpg	E_statue.jpg	NOKEY	MAX	NOKEY
1446059488801	0	lts_1028I_13_01	13	01	1	199	0	0	0	CR	MAX	64/22859028.thl.jpg	22859028.thl.jpg	NOKEY	MAX	NOKEY
1446059489971	0	lts_1028I_13_01	13	01	1	200	8	1	1	Hit	695	8-first/ACIGARCU3.jpg	ACIGARCU3.jpg	SPACE	737	SPACE
1446059493049	0	lts_1028I_13_01	13	01	1	201	0	0	0	CR	MAX	A_coin.jpg	A_coin.jpg	NOKEY	MAX	NOKEY
1446059494152	0	lts_1028I_13_01	13	01	1	202	2	1	1	Hit	620	2-mul/ACIGARCU3.jpg	ACIGARCU3.jpg	SPACE	668	SPACE
1446059497228	0	lts_1028I_13_01	13	01	1	203	0	0	0	CR	MAX	mixer.jpg	mixer.jpg	NOKEY	MAX	NOKEY
1446059500304	0	lts_1028I_13_01	13	01	1	204	0	0	0	CR	MAX	Aframedpainti.jpg	Aframedpainti.jpg	NOKEY	MAX	NOKEY
1446059503381	0	lts_1028I_13_01	13	01	1	205	0	0	0	CR	MAX	26419025.thl.jpg	26419025.thl.jpg	NOKEY	MAX	NOKEY
1446059506457	0	lts_1028I_13_01	13	01	1	206	16	1	0	Miss	MAX	16/bands-a.jpg	bands-a.jpg	NOKEY	MAX	SPACE
1446059509533	0	lts_1028I_13_01	13	01	1	207	0	0	0	CR	MAX	26374055.thl.jpg	26374055.thl.jpg	NOKEY	MAX	NOKEY
1446059512609	0	lts_1028I_13_01	13	01	1	208	0	0	0	CR	MAX	Acane116.jpg	Acane116.jpg	NOKEY	MAX	NOKEY
1446059515685	0	lts_1028I_13_01	13	01	1	209	0	0	0	CR	MAX	AAIRBLOW.jpg	AAIRBLOW.jpg	NOKEY	MAX	NOKEY
1446059518760	0	lts_1028I_13_01	13	01	1	210	0	0	0	CR	MAX	22856172.thl.jpg	22856172.thl.jpg	NOKEY	MAX	NOKEY
1446059521853	0	lts_1028I_13_01	13	01	1	211	0	0	0	CR	MAX	ice.jpg	ice.jpg	NOKEY	MAX	NOKEY
1446059523091	0	lts_1028I_13_01	13	01	1	212	16	1	1	Hit	752	16-first/Ablossom.jpg	Ablossom.jpg	SPACE	804	SPACE
1446059526167	0	lts_1028I_13_01	13	01	1	213	0	0	0	CR	MAX	ShoeHorn.jpg	ShoeHorn.jpg	NOKEY	MAX	NOKEY
1446059529243	0	lts_1028I_13_01	13	01	1	214	16	1	0	Miss	MAX	16-first/E_statue.jpg	E_statue.jpg	NOKEY	MAX	SPACE
1446059532319	0	lts_1028I_13_01	13	01	1	215	0	0	0	CR	MAX	Atool12.jpg	Atool12.jpg	NOKEY	MAX	NOKEY
1446059535395	0	lts_1028I_13_01	13	01	1	216	00	1	0	Miss	MAX	00-across/26423812.thl.jpg	26423812.thl.jpg	NOKEY	MAX	SPACE
1446059538471	0	lts_1028I_13_01	13	01	1	217	0	0	0	CR	MAX	26389125.thl.jpg	26389125.thl.jpg	NOKEY	MAX	NOKEY
1446059539757	0	lts_1028I_13_01	13	01	1	218	4	1	1	Hit	806	4-mul/E_statue.jpg	E_statue.jpg	SPACE	852	SPACE
1446059542833	0	lts_1028I_13_01	13	01	1	219	0	0	0	CR	MAX	AKNIFECOL.jpg	AKNIFECOL.jpg	NOKEY	MAX	NOKEY
1446059545910	0	lts_1028I_13_01	13	01	1	220	0	0	0	CR	MAX	Awindmill3.jpg	Awindmill3.jpg	NOKEY	MAX	NOKEY
1446059548986	0	lts_1028I_13_01	13	01	1	221	0	0	0	CR	MAX	licorice.jpg	licorice.jpg	NOKEY	MAX	NOKEY
1446059549989	0	lts_1028I_13_01	13	01	1	222	16	1	1	Hit	532	16-first/bands-a.jpg	bands-a.jpg	SPACE	568	SPACE
1446059553066	0	lts_1028I_13_01	13	01	1	223	0	0	0	CR	MAX	64/Axmastre5.jpg	Axmastre5.jpg	NOKEY	MAX	NOKEY
1446059556142	0	lts_1028I_13_01	13	01	1	224	128	1	0	Miss	MAX	128-1/26687972.thl.jpg	26687972.thl.jpg	NOKEY	MAX	SPACE
1446059559218	0	lts_1028I_13_01	13	01	1	225	0	0	0	CR	MAX	AELECOMP2.jpg	AELECOMP2.jpg	NOKEY	MAX	NOKEY
1446059561241	0	lts_1028I_13_01	13	01	1	226	128	1	1	Hit	1542	128-4/ABARROWRE.jpg	ABARROWRE.jpg	SPACE	1588	SPACE
1446059564317	0	lts_1028I_13_01	13	01	1	227	0	0	0	CR	MAX	AHANDRAK.jpg	AHANDRAK.jpg	NOKEY	MAX	NOKEY
1446059565454	0	lts_1028I_13_01	13	01	1	228	16	1	1	Hit	654	16-mul/Ablossom.jpg	Ablossom.jpg	SPACE	702	SPACE
1446059568530	0	lts_1028I_13_01	13	01	1	229	0	0	0	CR	MAX	8019781.thl.jpg	8019781.thl.jpg	NOKEY	MAX	NOKEY
1446059571606	0	lts_1028I_13_01	13	01	1	230	0	0	0	CR	MAX	APINGPON3.jpg	APINGPON3.jpg	NOKEY	MAX	NOKEY
1446059574682	0	lts_1028I_13_01	13	01	1	231	0	0	0	CR	MAX	Abandage3.jpg	Abandage3.jpg	NOKEY	MAX	NOKEY
1446059577757	0	lts_1028I_13_01	13	01	1	232	0	0	0	CR	MAX	23028486.thl.jpg	23028486.thl.jpg	NOKEY	MAX	NOKEY
1446059580833	0	lts_1028I_13_01	13	01	1	233	0	0	0	CR	MAX	ALAB2.jpg	ALAB2.jpg	NOKEY	MAX	NOKEY
1446059583926	0	lts_1028I_13_01	13	01	1	234	0	0	0	CR	MAX	ABUFFALO.jpg	ABUFFALO.jpg	NOKEY	MAX	NOKEY
1446059587003	0	lts_1028I_13_01	13	01	1	235	0	0	0	CR	MAX	8/APROSTLE2.jpg	APROSTLE2.jpg	NOKEY	MAX	NOKEY
1446059590079	0	lts_1028I_13_01	13	01	1	236	0	0	0	CR	MAX	4/26457349.thl.jpg	26457349.thl.jpg	NOKEY	MAX	NOKEY
1446059593155	0	lts_1028I_13_01	13	01	1	237	0	0	0	CR	MAX	AFRYPAN7.jpg	AFRYPAN7.jpg	NOKEY	MAX	NOKEY
1446059594676	0	lts_1028I_13_01	13	01	1	238	16	1	1	Hit	1052	16-mul/bands-a.jpg	bands-a.jpg	SPACE	1087	SPACE
1446059596716	0	lts_1028I_13_01	13	01	1	239	0	0	1	FA	1568	AWALKER11.jpg	AWALKER11.jpg	SPACE	1605	NOKEY
1446059597818	0	lts_1028I_13_01	13	01	1	240	4	1	1	Hit	631	4-9/26457349.thl.jpg	26457349.thl.jpg	SPACE	670	SPACE
1446059600894	0	lts_1028I_13_01	13	01	1	241	0	0	0	CR	MAX	4/leek.jpg	leek.jpg	NOKEY	MAX	NOKEY
1446059603970	0	lts_1028I_13_01	13	01	1	242	0	0	0	CR	MAX	Atoy63.jpg	Atoy63.jpg	NOKEY	MAX	NOKEY
1446059606262	0	lts_1028I_13_01	13	01	1	243	8	1	1	Hit	1818	8-first/APROSTLE2.jpg	APROSTLE2.jpg	SPACE	1855	SPACE
1446059609338	0	lts_1028I_13_01	13	01	1	244	0	0	0	CR	MAX	Aornamentalt5.jpg	Aornamentalt5.jpg	NOKEY	MAX	NOKEY
1446059610625	0	lts_1028I_13_01	13	01	1	245	4	1	1	Hit	817	4-6/leek.jpg	leek.jpg	SPACE	853	SPACE
1446059613701	0	lts_1028I_13_01	13	01	1	246	0	0	0	CR	MAX	AMAGTABL3.jpg	AMAGTABL3.jpg	NOKEY	MAX	NOKEY
1446059616776	0	lts_1028I_13_01	13	01	1	247	128	1	0	Miss	MAX	128-6/26377601.thl.jpg	26377601.thl.jpg	NOKEY	MAX	SPACE
1446059619852	0	lts_1028I_13_01	13	01	1	248	0	0	0	CR	MAX	AMEDIEQUI.jpg	AMEDIEQUI.jpg	NOKEY	MAX	NOKEY
1446059622928	0	lts_1028I_13_01	13	01	1	249	0	0	0	CR	MAX	26421583.thl.jpg	26421583.thl.jpg	NOKEY	MAX	NOKEY
1446059626005	0	lts_1028I_13_01	13	01	1	250	0	0	0	CR	MAX	ALITTERSC.jpg	ALITTERSC.jpg	NOKEY	MAX	NOKEY
1446059629081	0	lts_1028I_13_01	13	01	1	251	0	0	0	CR	MAX	ABRANCHES.jpg	ABRANCHES.jpg	NOKEY	MAX	NOKEY
1446059632157	0	lts_1028I_13_01	13	01	1	252	0	0	0	CR	MAX	Apants8.jpg	Apants8.jpg	NOKEY	MAX	NOKEY
1446059635233	0	lts_1028I_13_01	13	01	1	253	0	0	0	CR	MAX	Aboot9.jpg	Aboot9.jpg	NOKEY	MAX	NOKEY
1446059638310	0	lts_1028I_13_01	13	01	1	254	0	0	0	CR	MAX	2/22827540.thl.jpg	22827540.thl.jpg	NOKEY	MAX	NOKEY
1446059641386	0	lts_1028I_13_01	13	01	1	255	0	0	0	CR	MAX	Amouthpiece4.jpg	Amouthpiece4.jpg	NOKEY	MAX	NOKEY
1446059644462	0	lts_1028I_13_01	13	01	1	256	2	1	0	Miss	MAX	2-8/22827540.thl.jpg	22827540.thl.jpg	NOKEY	MAX	SPACE
1446059647538	0	lts_1028I_13_01	13	01	1	257	0	0	0	CR	MAX	16/AGOLDCUP6.jpg	AGOLDCUP6.jpg	NOKEY	MAX	NOKEY
1446059650614	0	lts_1028I_13_01	13	01	1	258	0	0	0	CR	MAX	makeupcrayon.jpg	makeupcrayon.jpg	NOKEY	MAX	NOKEY
1446059652520	0	lts_1028I_13_01	13	01	1	259	16	1	1	Hit	1429	16-mul/APROSTLE2.jpg	APROSTLE2.jpg	SPACE	1471	SPACE
1446059655596	0	lts_1028I_13_01	13	01	1	260	0	0	0	CR	MAX	Adress6.jpg	Adress6.jpg	NOKEY	MAX	NOKEY
1446059658672	0	lts_1028I_13_01	13	01	1	261	0	0	0	CR	MAX	AIRONBOA8.jpg	AIRONBOA8.jpg	NOKEY	MAX	NOKEY
1446059659240	0	lts_1028I_13_01	13	01	1	262	0	0	1	FA	82	8/AFIREPLAC.jpg	AFIREPLAC.jpg	SPACE	133	NOKEY
1446059660744	0	lts_1028I_13_01	13	01	1	263	64	1	1	Hit	1021	64-first/22859028.thl.jpg	22859028.thl.jpg	SPACE	1070	SPACE
1446059663820	0	lts_1028I_13_01	13	01	1	264	0	0	0	CR	MAX	ALINENCA3.jpg	ALINENCA3.jpg	NOKEY	MAX	NOKEY
1446059666896	0	lts_1028I_13_01	13	01	1	265	0	0	0	CR	MAX	quiche.jpg	quiche.jpg	NOKEY	MAX	NOKEY
1446059669972	0	lts_1028I_13_01	13	01	1	266	0	0	0	CR	MAX	carbattery.jpg	carbattery.jpg	NOKEY	MAX	NOKEY
1446059671093	0	lts_1028I_13_01	13	01	1	267	4	1	1	Hit	637	4-mul/22859028.thl.jpg	22859028.thl.jpg	SPACE	687	SPACE
1446059674169	0	lts_1028I_13_01	13	01	1	268	0	0	0	CR	MAX	26441750.thl.jpg	26441750.thl.jpg	NOKEY	MAX	NOKEY
1446059677245	0	lts_1028I_13_01	13	01	1	269	0	0	0	CR	MAX	26451318.thl.jpg	26451318.thl.jpg	NOKEY	MAX	NOKEY
1446059680321	0	lts_1028I_13_01	13	01	1	270	8	1	0	Miss	MAX	8-0/AFIREPLAC.jpg	AFIREPLAC.jpg	NOKEY	MAX	SPACE
1446059683397	0	lts_1028I_13_01	13	01	1	271	0	0	0	CR	MAX	Acarrot.jpg	Acarrot.jpg	NOKEY	MAX	NOKEY
1446059686473	0	lts_1028I_13_01	13	01	1	272	0	0	0	CR	MAX	Aknife92.jpg	Aknife92.jpg	NOKEY	MAX	NOKEY
1446059687644	0	lts_1028I_13_01	13	01	1	273	16	1	1	Hit	694	16-first/AGOLDCUP6.jpg	AGOLDCUP6.jpg	SPACE	735	SPACE
1446059690720	0	lts_1028I_13_01	13	01	1	274	0	0	0	CR	MAX	Achair611.jpg	Achair611.jpg	NOKEY	MAX	NOKEY
1446059693795	0	lts_1028I_13_01	13	01	1	275	0	0	0	CR	MAX	Acorn10.jpg	Acorn10.jpg	NOKEY	MAX	NOKEY
1446059696871	0	lts_1028I_13_01	13	01	1	276	0	0	0	CR	MAX	D_exercisebike.jpg	D_exercisebike.jpg	NOKEY	MAX	NOKEY
1446059698159	0	lts_1028I_13_01	13	01	1	277	4	1	1	Hit	810	4-mul/AGOLDCUP6.jpg	AGOLDCUP6.jpg	SPACE	853	SPACE
1446059701235	0	lts_1028I_13_01	13	01	1	278	0	0	0	CR	MAX	22826832.thl.jpg	22826832.thl.jpg	NOKEY	MAX	NOKEY
1446059704311	0	lts_1028I_13_01	13	01	1	279	0	0	0	CR	MAX	AOPGLASS.jpg	AOPGLASS.jpg	NOKEY	MAX	NOKEY
1446059707387	0	lts_1028I_13_01	13	01	1	280	0	0	0	CR	MAX	AFERRY5.jpg	AFERRY5.jpg	NOKEY	MAX	NOKEY
1446059708608	0	lts_1028I_13_01	13	01	1	281	128	1	1	Hit	745	128-7/Agarlicclove2.jpg	Agarlicclove2.jpg	SPACE	786	SPACE
1446059711684	0	lts_1028I_13_01	13	01	1	282	0	0	0	CR	MAX	makeupfoundation.jpg	makeupfoundation.jpg	NOKEY	MAX	NOKEY
1446059714759	0	lts_1028I_13_01	13	01	1	283	0	0	0	CR	MAX	ACHERRY.jpg	ACHERRY.jpg	NOKEY	MAX	NOKEY
1446059717835	0	lts_1028I_13_01	13	01	1	284	0	0	0	CR	MAX	ADESKLA12.jpg	ADESKLA12.jpg	NOKEY	MAX	NOKEY
1446059720928	0	lts_1028I_13_01	13	01	1	285	0	0	0	CR	MAX	ABPIECE2.jpg	ABPIECE2.jpg	NOKEY	MAX	NOKEY
1446059724005	0	lts_1028I_13_01	13	01	1	286	0	0	0	CR	MAX	Areceptacle3.jpg	Areceptacle3.jpg	NOKEY	MAX	NOKEY
1446059725192	0	lts_1028I_13_01	13	01	1	287	64	1	1	Hit	706	64-first/Axmastre5.jpg	Axmastre5.jpg	SPACE	752	SPACE
1446059728268	0	lts_1028I_13_01	13	01	1	288	0	0	0	CR	MAX	Atoywheels.jpg	Atoywheels.jpg	NOKEY	MAX	NOKEY
1446059731344	0	lts_1028I_13_01	13	01	1	289	0	0	0	CR	MAX	makeuppowder.jpg	makeuppowder.jpg	NOKEY	MAX	NOKEY
1446059734420	0	lts_1028I_13_01	13	01	1	290	0	0	0	CR	MAX	ABALLBEAR.jpg	ABALLBEAR.jpg	NOKEY	MAX	NOKEY
1446059737496	0	lts_1028I_13_01	13	01	1	291	00	1	0	Miss	MAX	00-across/AEGGHOLDE.jpg	AEGGHOLDE.jpg	NOKEY	MAX	SPACE
1446059740572	0	lts_1028I_13_01	13	01	1	292	0	0	0	CR	MAX	AANALCIME.jpg	AANALCIME.jpg	NOKEY	MAX	NOKEY
1446059743648	0	lts_1028I_13_01	13	01	1	293	0	0	0	CR	MAX	64/ACENTRIF5.jpg	ACENTRIF5.jpg	NOKEY	MAX	NOKEY
1446059746724	0	lts_1028I_13_01	13	01	1	294	2	1	0	Miss	MAX	2/DSCN1248-sm.jpg	DSCN1248-sm.jpg	NOKEY	MAX	SPACE
1446059749799	0	lts_1028I_13_01	13	01	1	295	0	0	0	CR	MAX	Aintercom6.jpg	Aintercom6.jpg	NOKEY	MAX	NOKEY
1446059750852	0	lts_1028I_13_01	13	01	1	296	2	1	1	Hit	586	2-5/DSCN1248-sm.jpg	DSCN1248-sm.jpg	SPACE	619	SPACE
1446059753928	0	lts_1028I_13_01	13	01	1	297	0	0	0	CR	MAX	shield.jpg	shield.jpg	NOKEY	MAX	NOKEY
1446059757006	0	lts_1028I_13_01	13	01	1	298	128	1	0	Miss	MAX	128-5/26390325.thl.jpg	26390325.thl.jpg	NOKEY	MAX	SPACE
1446059760082	0	lts_1028I_13_01	13	01	1	299	0	0	0	CR	MAX	ASKYDIVE.jpg	ASKYDIVE.jpg	NOKEY	MAX	NOKEY
1446059763158	0	lts_1028I_13_01	13	01	1	300	0	0	0	CR	MAX	26419670.thl.jpg	26419670.thl.jpg	NOKEY	MAX	NOKEY
1446059766234	0	lts_1028I_13_01	13	01	1	301	0	0	0	CR	MAX	8/Akitchentool2.jpg	Akitchentool2.jpg	NOKEY	MAX	NOKEY
1446059769310	0	lts_1028I_13_01	13	01	1	302	0	0	0	CR	MAX	Amonitor10.jpg	Amonitor10.jpg	NOKEY	MAX	NOKEY
1446059770397	0	lts_1028I_13_01	13	01	1	303	16	1	1	Hit	607	16-mul/Axmastre5.jpg	Axmastre5.jpg	SPACE	651	SPACE
1446059773472	0	lts_1028I_13_01	13	01	1	304	0	0	0	CR	MAX	AKETTLE35.jpg	AKETTLE35.jpg	NOKEY	MAX	NOKEY
1446059776549	0	lts_1028I_13_01	13	01	1	305	0	0	0	CR	MAX	AIVORSUIT.jpg	AIVORSUIT.jpg	NOKEY	MAX	NOKEY
1446059777735	0	lts_1028I_13_01	13	01	1	306	00	1	1	Hit	709	00-across/Amanatee2.jpg	Amanatee2.jpg	SPACE	753	SPACE
1446059780827	0	lts_1028I_13_01	13	01	1	307	0	0	0	CR	MAX	Aim4ribbo.jpg	Aim4ribbo.jpg	NOKEY	MAX	NOKEY
1446059783903	0	lts_1028I_13_01	13	01	1	308	0	0	0	CR	MAX	supersmilefloss.jpg	supersmilefloss.jpg	NOKEY	MAX	NOKEY
1446059784940	0	lts_1028I_13_01	13	01	1	309	8	1	1	Hit	564	8-first/Akitchentool2.jpg	Akitchentool2.jpg	SPACE	603	SPACE
1446059788017	0	lts_1028I_13_01	13	01	1	310	0	0	0	CR	MAX	Aconchshe.jpg	Aconchshe.jpg	NOKEY	MAX	NOKEY
1446059789070	0	lts_1028I_13_01	13	01	1	311	2	1	1	Hit	575	2-mul/Akitchentool2.jpg	Akitchentool2.jpg	SPACE	619	SPACE
1446059792146	0	lts_1028I_13_01	13	01	1	312	0	0	0	CR	MAX	AFOOTST11.jpg	AFOOTST11.jpg	NOKEY	MAX	NOKEY
1446059795222	0	lts_1028I_13_01	13	01	1	313	0	0	0	CR	MAX	2/potato.jpg	potato.jpg	NOKEY	MAX	NOKEY
1446059798315	0	lts_1028I_13_01	13	01	1	314	0	0	0	CR	MAX	caramel.jpg	caramel.jpg	NOKEY	MAX	NOKEY
1446059799419	0	lts_1028I_13_01	13	01	1	315	2	1	1	Hit	632	2-1/potato.jpg	potato.jpg	SPACE	668	SPACE
1446059802495	0	lts_1028I_13_01	13	01	1	316	0	0	0	CR	MAX	vatslheart.jpg	vatslheart.jpg	NOKEY	MAX	NOKEY
1446059805571	0	lts_1028I_13_01	13	01	1	317	0	0	0	CR	MAX	2/22903148.thl.jpg	22903148.thl.jpg	NOKEY	MAX	NOKEY
1446059808647	0	lts_1028I_13_01	13	01	1	318	0	0	0	CR	MAX	64/ASTOOL.jpg	ASTOOL.jpg	NOKEY	MAX	NOKEY
1446059809849	0	lts_1028I_13_01	13	01	1	319	2	1	1	Hit	726	2-10/22903148.thl.jpg	22903148.thl.jpg	SPACE	769	SPACE
1446059812925	0	lts_1028I_13_01	13	01	1	320	0	0	0	CR	MAX	AOVALFRAM.jpg	AOVALFRAM.jpg	NOKEY	MAX	NOKEY
1446059816003	0	lts_1028I_13_01	13	01	1	321	0	0	0	CR	MAX	32/ABILLTABL.jpg	ABILLTABL.jpg	NOKEY	MAX	NOKEY
1446059819079	0	lts_1028I_13_01	13	01	1	322	0	0	0	CR	MAX	2/ATRACINGT.jpg	ATRACINGT.jpg	NOKEY	MAX	NOKEY
1446059822155	0	lts_1028I_13_01	13	01	1	323	0	0	0	CR	MAX	AJUG3.jpg	AJUG3.jpg	NOKEY	MAX	NOKEY
1446059823775	0	lts_1028I_13_01	13	01	1	324	2	1	1	Hit	1141	2-7/ATRACINGT.jpg	ATRACINGT.jpg	SPACE	1187	SPACE
1446059826851	0	lts_1028I_13_01	13	01	1	325	0	0	0	CR	MAX	iguana.jpg	iguana.jpg	NOKEY	MAX	NOKEY
1446059829927	0	lts_1028I_13_01	13	01	1	326	0	0	0	CR	MAX	2/Aelectronicg9.jpg	Aelectronicg9.jpg	NOKEY	MAX	NOKEY
1446059833004	0	lts_1028I_13_01	13	01	1	327	0	0	0	CR	MAX	34935544.thl.jpg	34935544.thl.jpg	NOKEY	MAX	NOKEY
1446059834041	0	lts_1028I_13_01	13	01	1	328	2	1	1	Hit	561	2-9/Aelectronicg9.jpg	Aelectronicg9.jpg	SPACE	602	SPACE
1446059837117	0	lts_1028I_13_01	13	01	1	329	0	0	0	CR	MAX	AJAR15.jpg	AJAR15.jpg	NOKEY	MAX	NOKEY
1446059840193	0	lts_1028I_13_01	13	01	1	330	0	0	0	CR	MAX	64/Arockingchai5.jpg	Arockingchai5.jpg	NOKEY	MAX	NOKEY
1446059843269	0	lts_1028I_13_01	13	01	1	331	0	0	0	CR	MAX	AAIRGAUGE.jpg	AAIRGAUGE.jpg	NOKEY	MAX	NOKEY
1446059846345	0	lts_1028I_13_01	13	01	1	332	0	0	0	CR	MAX	16/Aemergencyki5.jpg	Aemergencyki5.jpg	NOKEY	MAX	NOKEY
1446059849421	0	lts_1028I_13_01	13	01	1	333	0	0	0	CR	MAX	2/26427111.thl.jpg	26427111.thl.jpg	NOKEY	MAX	NOKEY
1446059852497	0	lts_1028I_13_01	13	01	1	334	0	0	0	CR	MAX	Aceramichous2.jpg	Aceramichous2.jpg	NOKEY	MAX	NOKEY
1446059853551	0	lts_1028I_13_01	13	01	1	335	2	1	1	Hit	569	2-12/26427111.thl.jpg	26427111.thl.jpg	SPACE	618	SPACE
1446059856627	0	lts_1028I_13_01	13	01	1	336	0	0	0	CR	MAX	26425323.thl.jpg	26425323.thl.jpg	NOKEY	MAX	NOKEY
1446059859703	0	lts_1028I_13_01	13	01	1	337	0	0	0	CR	MAX	8/Ababybottle15.jpg	Ababybottle15.jpg	NOKEY	MAX	NOKEY
1446059862778	0	lts_1028I_13_01	13	01	1	338	0	0	0	CR	MAX	1/26428540.thl.jpg	26428540.thl.jpg	NOKEY	MAX	NOKEY
1446059863965	0	lts_1028I_13_01	13	01	1	339	1	1	1	Hit	706	1-12/26428540.thl.jpg	26428540.thl.jpg	SPACE	754	SPACE
1446059867042	0	lts_1028I_13_01	13	01	1	340	0	0	0	CR	MAX	ABAROMET2.jpg	ABAROMET2.jpg	NOKEY	MAX	NOKEY
1446059870118	0	lts_1028I_13_01	13	01	1	341	0	0	0	CR	MAX	2/Abowl74.jpg	Abowl74.jpg	NOKEY	MAX	NOKEY
1446059873194	0	lts_1028I_13_01	13	01	1	342	0	0	0	CR	MAX	26388148.thl.jpg	26388148.thl.jpg	NOKEY	MAX	NOKEY
1446059874632	0	lts_1028I_13_01	13	01	1	343	2	1	1	Hit	962	2-6/Abowl74.jpg	Abowl74.jpg	SPACE	1004	SPACE
1446059877708	0	lts_1028I_13_01	13	01	1	344	0	0	0	CR	MAX	ALIGHTHO5.jpg	ALIGHTHO5.jpg	NOKEY	MAX	NOKEY
1446059878927	0	lts_1028I_13_01	13	01	1	345	8	1	1	Hit	738	8-1/Ababybottle15.jpg	Ababybottle15.jpg	SPACE	786	SPACE
1446059882004	0	lts_1028I_13_01	13	01	1	346	0	0	0	CR	MAX	32/Aegyptianst20.jpg	Aegyptianst20.jpg	NOKEY	MAX	NOKEY
1446059885080	0	lts_1028I_13_01	13	01	1	347	0	0	0	CR	MAX	4/cheesies.jpg	cheesies.jpg	NOKEY	MAX	NOKEY
1446059886868	0	lts_1028I_13_01	13	01	1	348	16	1	1	Hit	1313	16-1/Aemergencyki5.jpg	Aemergencyki5.jpg	SPACE	1354	SPACE
1446059889944	0	lts_1028I_13_01	13	01	1	349	0	0	0	CR	MAX	retainertheeth.jpg	retainertheeth.jpg	NOKEY	MAX	NOKEY
1446059893021	0	lts_1028I_13_01	13	01	1	350	0	0	0	CR	MAX	Atoyslide.jpg	Atoyslide.jpg	NOKEY	MAX	NOKEY
1446059894309	0	lts_1028I_13_01	13	01	1	351	4	1	1	Hit	811	4-5/cheesies.jpg	cheesies.jpg	SPACE	851	SPACE
1446059897385	0	lts_1028I_13_01	13	01	1	352	0	0	0	CR	MAX	ATINSTRAP.jpg	ATINSTRAP.jpg	NOKEY	MAX	NOKEY
1446059898488	0	lts_1028I_13_01	13	01	1	353	32	1	1	Hit	632	32-9/ABILLTABL.jpg	ABILLTABL.jpg	SPACE	669	SPACE
1446059901564	0	lts_1028I_13_01	13	01	1	354	0	0	0	CR	MAX	Akazoo2.jpg	Akazoo2.jpg	NOKEY	MAX	NOKEY
1446059904640	0	lts_1028I_13_01	13	01	1	355	0	0	0	CR	MAX	4/26423465.thl.jpg	26423465.thl.jpg	NOKEY	MAX	NOKEY
1446059907716	0	lts_1028I_13_01	13	01	1	356	0	0	0	CR	MAX	Ainflatable10.jpg	Ainflatable10.jpg	NOKEY	MAX	NOKEY
1446059910791	0	lts_1028I_13_01	13	01	1	357	64	1	0	Miss	MAX	64-first/ACENTRIF5.jpg	ACENTRIF5.jpg	NOKEY	MAX	SPACE
1446059913867	0	lts_1028I_13_01	13	01	1	358	0	0	0	CR	MAX	gondola.jpg	gondola.jpg	NOKEY	MAX	NOKEY
1446059915423	0	lts_1028I_13_01	13	01	1	359	4	1	1	Hit	1077	4-4/26423465.thl.jpg	26423465.thl.jpg	SPACE	1121	SPACE
1446059918499	0	lts_1028I_13_01	13	01	1	360	0	0	0	CR	MAX	AKNIGHELM.jpg	AKNIGHELM.jpg	NOKEY	MAX	NOKEY
1446059919819	0	lts_1028I_13_01	13	01	1	361	4	1	1	Hit	843	4-mul/ACENTRIF5.jpg	ACENTRIF5.jpg	SPACE	886	SPACE
1446059922895	0	lts_1028I_13_01	13	01	1	362	0	0	0	CR	MAX	barbwirecoil.jpg	barbwirecoil.jpg	NOKEY	MAX	NOKEY
1446059924434	0	lts_1028I_13_01	13	01	1	363	0	0	1	FA	1062	AFIREPUTE.jpg	AFIREPUTE.jpg	SPACE	1105	NOKEY
1446059927510	0	lts_1028I_13_01	13	01	1	364	0	0	0	CR	MAX	1/Aknife76.jpg	Aknife76.jpg	NOKEY	MAX	NOKEY
1446059928513	0	lts_1028I_13_01	13	01	1	365	1	1	1	Hit	526	1-10/Aknife76.jpg	Aknife76.jpg	SPACE	569	SPACE
1446059931589	0	lts_1028I_13_01	13	01	1	366	0	0	0	CR	MAX	Abluebabybug4.jpg	Abluebabybug4.jpg	NOKEY	MAX	NOKEY
1446059934665	0	lts_1028I_13_01	13	01	1	367	0	0	0	CR	MAX	8/ACOATHA44.jpg	ACOATHA44.jpg	NOKEY	MAX	NOKEY
1446059937740	0	lts_1028I_13_01	13	01	1	368	0	0	0	CR	MAX	32/Acastingladl2.jpg	Acastingladl2.jpg	NOKEY	MAX	NOKEY
1446059940816	0	lts_1028I_13_01	13	01	1	369	0	0	0	CR	MAX	64/AWHISTLE4.jpg	AWHISTLE4.jpg	NOKEY	MAX	NOKEY
1446059942573	0	lts_1028I_13_01	13	01	1	370	0	0	1	FA	1271	1/Abellows4.jpg	Abellows4.jpg	SPACE	1321	NOKEY
1446059943726	0	lts_1028I_13_01	13	01	1	371	1	1	1	Hit	681	1-0/Abellows4.jpg	Abellows4.jpg	SPACE	719	SPACE
1446059946801	0	lts_1028I_13_01	13	01	1	372	0	0	0	CR	MAX	1/AMAILBOX9.jpg	AMAILBOX9.jpg	NOKEY	MAX	NOKEY
1446059947888	0	lts_1028I_13_01	13	01	1	373	1	1	1	Hit	605	1-9/AMAILBOX9.jpg	AMAILBOX9.jpg	SPACE	653	SPACE
1446059950964	0	lts_1028I_13_01	13	01	1	374	0	0	0	CR	MAX	8258244.thl.jpg	8258244.thl.jpg	NOKEY	MAX	NOKEY
1446059954041	0	lts_1028I_13_01	13	01	1	375	8	1	0	Miss	MAX	8-first/ACOATHA44.jpg	ACOATHA44.jpg	NOKEY	MAX	SPACE
1446059957117	0	lts_1028I_13_01	13	01	1	376	0	0	0	CR	MAX	ASUSHI8.jpg	ASUSHI8.jpg	NOKEY	MAX	NOKEY
1446059960193	0	lts_1028I_13_01	13	01	1	377	0	0	0	CR	MAX	8/Atool120.jpg	Atool120.jpg	NOKEY	MAX	NOKEY
1446059963269	0	lts_1028I_13_01	13	01	1	378	32	1	0	Miss	MAX	32-7/Aegyptianst20.jpg	Aegyptianst20.jpg	NOKEY	MAX	SPACE
1446059966345	0	lts_1028I_13_01	13	01	1	379	0	0	0	CR	MAX	Abuilding116.jpg	Abuilding116.jpg	NOKEY	MAX	NOKEY
1446059969421	0	lts_1028I_13_01	13	01	1	380	0	0	0	CR	MAX	Akitchenisla4.jpg	Akitchenisla4.jpg	NOKEY	MAX	NOKEY
1446059972497	0	lts_1028I_13_01	13	01	1	381	0	0	0	CR	MAX	Abonnet12.jpg	Abonnet12.jpg	NOKEY	MAX	NOKEY
1446059975573	0	lts_1028I_13_01	13	01	1	382	64	1	0	Miss	MAX	64-first/ASTOOL.jpg	ASTOOL.jpg	NOKEY	MAX	SPACE
1446059978650	0	lts_1028I_13_01	13	01	1	383	0	0	0	CR	MAX	Adeer16.jpg	Adeer16.jpg	NOKEY	MAX	NOKEY
1446059981726	0	lts_1028I_13_01	13	01	1	384	0	0	0	CR	MAX	Abandleaders2.jpg	Abandleaders2.jpg	NOKEY	MAX	NOKEY
1446059982945	0	lts_1028I_13_01	13	01	1	385	8	1	1	Hit	746	8-2/Atool120.jpg	Atool120.jpg	SPACE	787	SPACE
1446059986022	0	lts_1028I_13_01	13	01	1	386	0	0	0	CR	MAX	sportsbasket.jpg	sportsbasket.jpg	NOKEY	MAX	NOKEY
1446059989098	0	lts_1028I_13_01	13	01	1	387	0	0	0	CR	MAX	AMAGGLASS.jpg	AMAGGLASS.jpg	NOKEY	MAX	NOKEY
1446059990703	0	lts_1028I_13_01	13	01	1	388	00	1	1	Hit	1131	00-across/ACHIPROL2.jpg	ACHIPROL2.jpg	SPACE	1170	SPACE
1446059993778	0	lts_1028I_13_01	13	01	1	389	0	0	0	CR	MAX	AWASHMAC5.jpg	AWASHMAC5.jpg	NOKEY	MAX	NOKEY
1446059996854	0	lts_1028I_13_01	13	01	1	390	0	0	0	CR	MAX	Achair618.jpg	Achair618.jpg	NOKEY	MAX	NOKEY
1446059999930	0	lts_1028I_13_01	13	01	1	391	16	1	0	Miss	MAX	16-mul/ACOATHA44.jpg	ACOATHA44.jpg	NOKEY	MAX	SPACE
1446060003007	0	lts_1028I_13_01	13	01	1	392	0	0	0	CR	MAX	AGLASSBAL.jpg	AGLASSBAL.jpg	NOKEY	MAX	NOKEY
1446060006083	0	lts_1028I_13_01	13	01	1	393	0	0	0	CR	MAX	26437077.thl.jpg	26437077.thl.jpg	NOKEY	MAX	NOKEY
1446060007287	0	lts_1028I_13_01	13	01	1	394	64	1	1	Hit	723	64-first/Arockingchai5.jpg	Arockingchai5.jpg	SPACE	768	SPACE
1446060010363	0	lts_1028I_13_01	13	01	1	395	0	0	0	CR	MAX	26437074.thl.jpg	26437074.thl.jpg	NOKEY	MAX	NOKEY
1446060011349	0	lts_1028I_13_01	13	01	1	396	2	1	1	Hit	510	2-mul/Arockingchai5.jpg	Arockingchai5.jpg	SPACE	550	SPACE
1446060014426	0	lts_1028I_13_01	13	01	1	397	0	0	0	CR	MAX	Aexercisemac4.jpg	Aexercisemac4.jpg	NOKEY	MAX	NOKEY
1446060015378	0	lts_1028I_13_01	13	01	1	398	16	1	1	Hit	467	16-mul/ASTOOL.jpg	ASTOOL.jpg	SPACE	517	SPACE
1446060016849	0	lts_1028I_13_01	13	01	1	399	0	0	1	FA	998	ACHRISTO3.jpg	ACHRISTO3.jpg	SPACE	1036	NOKEY
1446060019925	0	lts_1028I_13_01	13	01	1	400	32	1	0	Miss	MAX	32-0/Acastingladl2.jpg	Acastingladl2.jpg	NOKEY	MAX	SPACE
1446060023002	0	lts_1028I_13_01	13	01	1	401	0	0	0	CR	MAX	Ashovel8.jpg	Ashovel8.jpg	NOKEY	MAX	NOKEY
1446060026078	0	lts_1028I_13_01	13	01	1	402	0	0	0	CR	MAX	Abasketofbrea.jpg	Abasketofbrea.jpg	NOKEY	MAX	NOKEY
1446060029154	0	lts_1028I_13_01	13	01	1	403	0	0	0	CR	MAX	Atoy21.jpg	Atoy21.jpg	NOKEY	MAX	NOKEY
1446060032230	0	lts_1028I_13_01	13	01	1	404	0	0	0	CR	MAX	8/Alatch7.jpg	Alatch7.jpg	NOKEY	MAX	NOKEY
1446060035306	0	lts_1028I_13_01	13	01	1	405	0	0	0	CR	MAX	1/railroadblock.jpg	railroadblock.jpg	NOKEY	MAX	NOKEY
1446060038382	0	lts_1028I_13_01	13	01	1	406	1	1	0	Miss	MAX	1-8/railroadblock.jpg	railroadblock.jpg	NOKEY	MAX	SPACE
1446060041458	0	lts_1028I_13_01	13	01	1	407	0	0	0	CR	MAX	1/ACANDEXT.jpg	ACANDEXT.jpg	NOKEY	MAX	NOKEY
1446060042895	0	lts_1028I_13_01	13	01	1	408	1	1	1	Hit	966	1-13/ACANDEXT.jpg	ACANDEXT.jpg	SPACE	1003	SPACE
1446060045988	0	lts_1028I_13_01	13	01	1	409	0	0	0	CR	MAX	AMIRRORT2.jpg	AMIRRORT2.jpg	NOKEY	MAX	NOKEY
1446060049065	0	lts_1028I_13_01	13	01	1	410	0	0	0	CR	MAX	26426417.thl.jpg	26426417.thl.jpg	NOKEY	MAX	NOKEY
1446060052141	0	lts_1028I_13_01	13	01	1	411	0	0	0	CR	MAX	Atoydrill4.jpg	Atoydrill4.jpg	NOKEY	MAX	NOKEY
1446060055217	0	lts_1028I_13_01	13	01	1	412	8	1	0	Miss	MAX	8-first/Alatch7.jpg	Alatch7.jpg	NOKEY	MAX	SPACE
1446060058293	0	lts_1028I_13_01	13	01	1	413	0	0	0	CR	MAX	16/35311992.thl.jpg	35311992.thl.jpg	NOKEY	MAX	NOKEY
1446060061369	0	lts_1028I_13_01	13	01	1	414	0	0	0	CR	MAX	ACOFFPOT7.jpg	ACOFFPOT7.jpg	NOKEY	MAX	NOKEY
1446060064445	0	lts_1028I_13_01	13	01	1	415	0	0	0	CR	MAX	Aribbon21.jpg	Aribbon21.jpg	NOKEY	MAX	NOKEY
1446060067521	0	lts_1028I_13_01	13	01	1	416	4	1	0	Miss	MAX	4-mul/Alatch7.jpg	Alatch7.jpg	NOKEY	MAX	SPACE
1446060070597	0	lts_1028I_13_01	13	01	1	417	0	0	0	CR	MAX	Ahighlightin2.jpg	Ahighlightin2.jpg	NOKEY	MAX	NOKEY
1446060071950	0	lts_1028I_13_01	13	01	1	418	00	1	1	Hit	881	00-across/ABACKSPAC.jpg	ABACKSPAC.jpg	SPACE	919	SPACE
1446060075027	0	lts_1028I_13_01	13	01	1	419	0	0	0	CR	MAX	Atray26.jpg	Atray26.jpg	NOKEY	MAX	NOKEY
1446060078103	0	lts_1028I_13_01	13	01	1	420	0	0	0	CR	MAX	26429097.thl.jpg	26429097.thl.jpg	NOKEY	MAX	NOKEY
1446060081179	0	lts_1028I_13_01	13	01	1	421	0	0	0	CR	MAX	1/AANTRAD24.jpg	AANTRAD24.jpg	NOKEY	MAX	NOKEY
1446060082584	0	lts_1028I_13_01	13	01	1	422	1	1	1	Hit	930	1-5/AANTRAD24.jpg	AANTRAD24.jpg	SPACE	970	SPACE
1446060085660	0	lts_1028I_13_01	13	01	1	423	0	0	0	CR	MAX	Ababmonit.jpg	Ababmonit.jpg	NOKEY	MAX	NOKEY
1446060088752	0	lts_1028I_13_01	13	01	1	424	0	0	0	CR	MAX	1/Aseat3.jpg	Aseat3.jpg	NOKEY	MAX	NOKEY
1446060090157	0	lts_1028I_13_01	13	01	1	425	1	1	1	Hit	927	1-6/Aseat3.jpg	Aseat3.jpg	SPACE	970	SPACE
1446060093233	0	lts_1028I_13_01	13	01	1	426	0	0	0	CR	MAX	1/AWINDSU21.jpg	AWINDSU21.jpg	NOKEY	MAX	NOKEY
1446060094386	0	lts_1028I_13_01	13	01	1	427	1	1	1	Hit	672	1-4/AWINDSU21.jpg	AWINDSU21.jpg	SPACE	718	SPACE
1446060097463	0	lts_1028I_13_01	13	01	1	428	0	0	0	CR	MAX	AHONEY.jpg	AHONEY.jpg	NOKEY	MAX	NOKEY
1446060099318	0	lts_1028I_13_01	13	01	1	429	16	1	1	Hit	1377	16-first/35311992.thl.jpg	35311992.thl.jpg	SPACE	1420	SPACE
1446060102394	0	lts_1028I_13_01	13	01	1	430	0	0	0	CR	MAX	ADINGHY.jpg	ADINGHY.jpg	NOKEY	MAX	NOKEY
1446060105470	0	lts_1028I_13_01	13	01	1	431	0	0	0	CR	MAX	Abird5.jpg	Abird5.jpg	NOKEY	MAX	NOKEY
1446060108546	0	lts_1028I_13_01	13	01	1	432	0	0	0	CR	MAX	ATOASTOV2.jpg	ATOASTOV2.jpg	NOKEY	MAX	NOKEY
1446060110252	0	lts_1028I_13_01	13	01	1	433	64	1	1	Hit	1229	64-first/AWHISTLE4.jpg	AWHISTLE4.jpg	SPACE	1269	SPACE
1446060113328	0	lts_1028I_13_01	13	01	1	434	0	0	0	CR	MAX	22887480.thl.jpg	22887480.thl.jpg	NOKEY	MAX	NOKEY
1446060114398	0	lts_1028I_13_01	13	01	1	435	2	1	1	Hit	594	2-mul/AWHISTLE4.jpg	AWHISTLE4.jpg	SPACE	634	SPACE
1446060117474	0	lts_1028I_13_01	13	01	1	436	0	0	0	CR	MAX	8256618.thl.jpg	8256618.thl.jpg	NOKEY	MAX	NOKEY
1446060120550	0	lts_1028I_13_01	13	01	1	437	0	0	0	CR	MAX	1/APUMPCOOK.jpg	APUMPCOOK.jpg	NOKEY	MAX	NOKEY
1446060121953	0	lts_1028I_13_01	13	01	1	438	1	1	1	Hit	924	1-11/APUMPCOOK.jpg	APUMPCOOK.jpg	SPACE	970	SPACE
1446060125030	0	lts_1028I_13_01	13	01	1	439	0	0	0	CR	MAX	Ahippopotamu4.jpg	Ahippopotamu4.jpg	NOKEY	MAX	NOKEY
1446060128106	0	lts_1028I_13_01	13	01	1	440	0	0	0	CR	MAX	Aantiquehat4.jpg	Aantiquehat4.jpg	NOKEY	MAX	NOKEY
1446060131182	0	lts_1028I_13_01	13	01	1	441	0	0	0	CR	MAX	1/petfood.jpg	petfood.jpg	NOKEY	MAX	NOKEY
1446060132520	0	lts_1028I_13_01	13	01	1	442	1	1	1	Hit	854	1-14/petfood.jpg	petfood.jpg	SPACE	902	SPACE
1446060135596	0	lts_1028I_13_01	13	01	1	443	0	0	0	CR	MAX	ABLLIGHTB.jpg	ABLLIGHTB.jpg	NOKEY	MAX	NOKEY
1446060138672	0	lts_1028I_13_01	13	01	1	444	0	0	0	CR	MAX	AWINEJUG3.jpg	AWINEJUG3.jpg	NOKEY	MAX	NOKEY
1446060139774	0	lts_1028I_13_01	13	01	1	445	16	1	1	Hit	626	16-mul/35311992.thl.jpg	35311992.thl.jpg	SPACE	669	SPACE
1446060142850	0	lts_1028I_13_01	13	01	1	446	0	0	0	CR	MAX	1/26433387.thl.jpg	26433387.thl.jpg	NOKEY	MAX	NOKEY
1446060144272	0	lts_1028I_13_01	13	01	1	447	1	1	1	Hit	951	1-1/26433387.thl.jpg	26433387.thl.jpg	SPACE	986	SPACE
1446060147348	0	lts_1028I_13_01	13	01	1	448	0	0	0	CR	MAX	AHEATER3.jpg	AHEATER3.jpg	NOKEY	MAX	NOKEY
1446060150424	0	lts_1028I_13_01	13	01	1	449	0	0	0	CR	MAX	Afoodproces13.jpg	Afoodproces13.jpg	NOKEY	MAX	NOKEY
1446060207544	0	E	Logging Ends
