1444935665692	0	B	Logging Begins
1444935962232	0	lts_1015I_08_01	08	01	0	0	0	0	0	CR	MAX	Afruitcake.jpg	Afruitcake.jpg	NOKEY	MAX	NOKEY
1444935965308	0	lts_1015I_08_01	08	01	0	1	0	0	0	CR	MAX	AARTOOTH2.jpg	AARTOOTH2.jpg	NOKEY	MAX	NOKEY
1444935968384	0	lts_1015I_08_01	08	01	0	2	0	0	0	CR	MAX	ABORKEHOR.jpg	ABORKEHOR.jpg	NOKEY	MAX	NOKEY
1444935971460	0	lts_1015I_08_01	08	01	0	3	0	0	0	CR	MAX	4/Abar8.jpg	Abar8.jpg	NOKEY	MAX	NOKEY
1444935974536	0	lts_1015I_08_01	08	01	0	4	0	0	0	CR	MAX	supersmilefloss.jpg	supersmilefloss.jpg	NOKEY	MAX	NOKEY
1444935977629	0	lts_1015I_08_01	08	01	0	5	0	0	0	CR	MAX	8/Awastepaperb3.jpg	Awastepaperb3.jpg	NOKEY	MAX	NOKEY
1444935980704	0	lts_1015I_08_01	08	01	0	6	0	0	0	CR	MAX	hammer01.jpg	hammer01.jpg	NOKEY	MAX	NOKEY
1444935981724	0	lts_1015I_08_01	08	01	0	7	4	1	1	Hit	539	4-6/Abar8.jpg	Abar8.jpg	SPACE	586	SPACE
1444935984800	0	lts_1015I_08_01	08	01	0	8	0	0	0	CR	MAX	16/igloo.jpg	igloo.jpg	NOKEY	MAX	NOKEY
1444935987876	0	lts_1015I_08_01	08	01	0	9	0	0	0	CR	MAX	26425323.thl.jpg	26425323.thl.jpg	NOKEY	MAX	NOKEY
1444935990952	0	lts_1015I_08_01	08	01	0	10	0	0	0	CR	MAX	Abird41.jpg	Abird41.jpg	NOKEY	MAX	NOKEY
1444935994029	0	lts_1015I_08_01	08	01	0	11	0	0	0	CR	MAX	8024597.thl.jpg	8024597.thl.jpg	NOKEY	MAX	NOKEY
1444935997105	0	lts_1015I_08_01	08	01	0	12	0	0	0	CR	MAX	8/AGLASSFL4.jpg	AGLASSFL4.jpg	NOKEY	MAX	NOKEY
1444935998091	0	lts_1015I_08_01	08	01	0	13	8	1	1	Hit	507	8-first/Awastepaperb3.jpg	Awastepaperb3.jpg	SPACE	551	SPACE
1444936001184	0	lts_1015I_08_01	08	01	0	14	0	0	0	CR	MAX	32/ABOWARRO8.jpg	ABOWARRO8.jpg	NOKEY	MAX	NOKEY
1444936004260	0	lts_1015I_08_01	08	01	0	15	0	0	0	CR	MAX	Achampagnebo2.jpg	Achampagnebo2.jpg	NOKEY	MAX	NOKEY
1444936007336	0	lts_1015I_08_01	08	01	0	16	0	0	0	CR	MAX	1/AICEAXE2.jpg	AICEAXE2.jpg	NOKEY	MAX	NOKEY
1444936008256	0	lts_1015I_08_01	08	01	0	17	1	1	1	Hit	437	1-7/AICEAXE2.jpg	AICEAXE2.jpg	SPACE	483	SPACE
1444936011332	0	lts_1015I_08_01	08	01	0	18	0	0	0	CR	MAX	ACOATHA44.jpg	ACOATHA44.jpg	NOKEY	MAX	NOKEY
1444936014408	0	lts_1015I_08_01	08	01	0	19	0	0	0	CR	MAX	Apants8.jpg	Apants8.jpg	NOKEY	MAX	NOKEY
1444936015511	0	lts_1015I_08_01	08	01	0	20	8	1	1	Hit	629	8-1/AGLASSFL4.jpg	AGLASSFL4.jpg	SPACE	669	SPACE
1444936018587	0	lts_1015I_08_01	08	01	0	21	0	0	0	CR	MAX	26384871.thl.jpg	26384871.thl.jpg	NOKEY	MAX	NOKEY
1444936021663	0	lts_1015I_08_01	08	01	0	22	0	0	0	CR	MAX	32/26372669.thl.jpg	26372669.thl.jpg	NOKEY	MAX	NOKEY
1444936024738	0	lts_1015I_08_01	08	01	0	23	0	0	0	CR	MAX	8/AANTFRYI2.jpg	AANTFRYI2.jpg	NOKEY	MAX	NOKEY
1444936025691	0	lts_1015I_08_01	08	01	0	24	16	1	1	Hit	482	16-first/igloo.jpg	igloo.jpg	SPACE	519	SPACE
1444936028767	0	lts_1015I_08_01	08	01	0	25	0	0	0	CR	MAX	Agreenleaf3.jpg	Agreenleaf3.jpg	NOKEY	MAX	NOKEY
1444936029754	0	lts_1015I_08_01	08	01	0	26	2	1	1	Hit	512	2-mul/igloo.jpg	igloo.jpg	SPACE	553	SPACE
1444936032846	0	lts_1015I_08_01	08	01	0	27	0	0	0	CR	MAX	Acameo.jpg	Acameo.jpg	NOKEY	MAX	NOKEY
1444936035923	0	lts_1015I_08_01	08	01	0	28	0	0	0	CR	MAX	8/Adrum22.jpg	Adrum22.jpg	NOKEY	MAX	NOKEY
1444936036825	0	lts_1015I_08_01	08	01	0	29	16	1	1	Hit	432	16-mul/Awastepaperb3.jpg	Awastepaperb3.jpg	SPACE	469	SPACE
1444936039901	0	lts_1015I_08_01	08	01	0	30	0	0	0	CR	MAX	Abutterchurn5.jpg	Abutterchurn5.jpg	NOKEY	MAX	NOKEY
1444936040888	0	lts_1015I_08_01	08	01	0	31	8	1	1	Hit	506	8-first/AANTFRYI2.jpg	AANTFRYI2.jpg	SPACE	553	SPACE
1444936043964	0	lts_1015I_08_01	08	01	0	32	0	0	0	CR	MAX	AWEIGHT11.jpg	AWEIGHT11.jpg	NOKEY	MAX	NOKEY
1444936044867	0	lts_1015I_08_01	08	01	0	33	2	1	1	Hit	419	2-mul/AANTFRYI2.jpg	AANTFRYI2.jpg	SPACE	469	SPACE
1444936047943	0	lts_1015I_08_01	08	01	0	34	0	0	0	CR	MAX	Aribbon21.jpg	Aribbon21.jpg	NOKEY	MAX	NOKEY
1444936051020	0	lts_1015I_08_01	08	01	0	35	0	0	0	CR	MAX	22923524.thl.jpg	22923524.thl.jpg	NOKEY	MAX	NOKEY
1444936052090	0	lts_1015I_08_01	08	01	0	36	8	1	1	Hit	589	8-first/Adrum22.jpg	Adrum22.jpg	SPACE	634	SPACE
1444936055182	0	lts_1015I_08_01	08	01	0	37	0	0	0	CR	MAX	26384863.thl.jpg	26384863.thl.jpg	NOKEY	MAX	NOKEY
1444936056018	0	lts_1015I_08_01	08	01	0	38	2	1	1	Hit	365	2-mul/Adrum22.jpg	Adrum22.jpg	SPACE	401	SPACE
1444936059094	0	lts_1015I_08_01	08	01	0	39	0	0	0	CR	MAX	2/AWASHOPEN.jpg	AWASHOPEN.jpg	NOKEY	MAX	NOKEY
1444936062170	0	lts_1015I_08_01	08	01	0	40	0	0	0	CR	MAX	APLANMOD.jpg	APLANMOD.jpg	NOKEY	MAX	NOKEY
1444936063207	0	lts_1015I_08_01	08	01	0	41	2	1	1	Hit	560	2-1/AWASHOPEN.jpg	AWASHOPEN.jpg	SPACE	601	SPACE
1444936066283	0	lts_1015I_08_01	08	01	0	42	0	0	0	CR	MAX	ACEDAR.jpg	ACEDAR.jpg	NOKEY	MAX	NOKEY
1444936069359	0	lts_1015I_08_01	08	01	0	43	0	0	0	CR	MAX	AFLAMEXTI.jpg	AFLAMEXTI.jpg	NOKEY	MAX	NOKEY
1444936072436	0	lts_1015I_08_01	08	01	0	44	0	0	0	CR	MAX	ASTAMPS.jpg	ASTAMPS.jpg	NOKEY	MAX	NOKEY
1444936075511	0	lts_1015I_08_01	08	01	0	45	0	0	0	CR	MAX	Acandlehold17.jpg	Acandlehold17.jpg	NOKEY	MAX	NOKEY
1444936076564	0	lts_1015I_08_01	08	01	0	46	32	1	1	Hit	580	32-0/ABOWARRO8.jpg	ABOWARRO8.jpg	SPACE	618	SPACE
1444936079640	0	lts_1015I_08_01	08	01	0	47	0	0	0	CR	MAX	1/Astatue99.jpg	Astatue99.jpg	NOKEY	MAX	NOKEY
1444936080577	0	lts_1015I_08_01	08	01	0	48	1	1	1	Hit	453	1-13/Astatue99.jpg	Astatue99.jpg	SPACE	502	SPACE
1444936083653	0	lts_1015I_08_01	08	01	0	49	0	0	0	CR	MAX	23057742.thl.jpg	23057742.thl.jpg	NOKEY	MAX	NOKEY
1444936086728	0	lts_1015I_08_01	08	01	0	50	0	0	0	CR	MAX	ADRUM12.jpg	ADRUM12.jpg	NOKEY	MAX	NOKEY
1444936089804	0	lts_1015I_08_01	08	01	0	51	0	0	0	CR	MAX	64/22849344.thl.jpg	22849344.thl.jpg	NOKEY	MAX	NOKEY
1444936092897	0	lts_1015I_08_01	08	01	0	52	0	0	0	CR	MAX	Ablanket2.jpg	Ablanket2.jpg	NOKEY	MAX	NOKEY
1444936095973	0	lts_1015I_08_01	08	01	0	53	0	0	0	CR	MAX	AGUIRA.jpg	AGUIRA.jpg	NOKEY	MAX	NOKEY
1444936097044	0	lts_1015I_08_01	08	01	0	54	32	1	1	Hit	588	32-1/26372669.thl.jpg	26372669.thl.jpg	SPACE	637	SPACE
1444936100120	0	lts_1015I_08_01	08	01	0	55	0	0	0	CR	MAX	1/12955.JPG	12955.JPG	NOKEY	MAX	NOKEY
1444936101006	0	lts_1015I_08_01	08	01	0	56	1	1	1	Hit	409	1-14/12955.JPG	12955.JPG	SPACE	452	SPACE
1444936102360	0	lts_1015I_08_01	08	01	0	57	0	0	1	FA	878	16/ANAILFILE.jpg	ANAILFILE.jpg	SPACE	919	NOKEY
1444936105436	0	lts_1015I_08_01	08	01	0	58	0	0	0	CR	MAX	Atool120.jpg	Atool120.jpg	NOKEY	MAX	NOKEY
1444936108529	0	lts_1015I_08_01	08	01	0	59	0	0	0	CR	MAX	8/Aroadsignin15.jpg	Aroadsignin15.jpg	NOKEY	MAX	NOKEY
1444936111605	0	lts_1015I_08_01	08	01	0	60	0	0	0	CR	MAX	2/Acomputerdriv.jpg	Acomputerdriv.jpg	NOKEY	MAX	NOKEY
1444936114680	0	lts_1015I_08_01	08	01	0	61	0	0	0	CR	MAX	26440422.thl.jpg	26440422.thl.jpg	NOKEY	MAX	NOKEY
1444936115683	0	lts_1015I_08_01	08	01	0	62	2	1	1	Hit	529	2-10/Acomputerdriv.jpg	Acomputerdriv.jpg	SPACE	570	SPACE
1444936118759	0	lts_1015I_08_01	08	01	0	63	0	0	0	CR	MAX	2/scooter.jpg	scooter.jpg	NOKEY	MAX	NOKEY
1444936120131	0	lts_1015I_08_01	08	01	0	64	0	0	1	FA	901	Afirealarm2.jpg	Afirealarm2.jpg	SPACE	936	NOKEY
1444936123207	0	lts_1015I_08_01	08	01	0	65	2	1	0	Miss	MAX	2-3/scooter.jpg	scooter.jpg	NOKEY	MAX	SPACE
1444936126283	0	lts_1015I_08_01	08	01	0	66	0	0	0	CR	MAX	AELECBE17.jpg	AELECBE17.jpg	NOKEY	MAX	NOKEY
1444936127269	0	lts_1015I_08_01	08	01	0	67	8	1	1	Hit	513	8-first/Aroadsignin15.jpg	Aroadsignin15.jpg	SPACE	550	SPACE
1444936130345	0	lts_1015I_08_01	08	01	0	68	0	0	0	CR	MAX	128/sardines.jpg	sardines.jpg	NOKEY	MAX	NOKEY
1444936133421	0	lts_1015I_08_01	08	01	0	69	0	0	0	CR	MAX	1/Acabinetwithm.jpg	Acabinetwithm.jpg	NOKEY	MAX	NOKEY
1444936134341	0	lts_1015I_08_01	08	01	0	70	1	1	1	Hit	443	1-1/Acabinetwithm.jpg	Acabinetwithm.jpg	SPACE	484	SPACE
1444936137417	0	lts_1015I_08_01	08	01	0	71	0	0	0	CR	MAX	Abowlofporrid.jpg	Abowlofporrid.jpg	NOKEY	MAX	NOKEY
1444936140493	0	lts_1015I_08_01	08	01	0	72	0	0	0	CR	MAX	26465344.thl.jpg	26465344.thl.jpg	NOKEY	MAX	NOKEY
1444936141729	0	lts_1015I_08_01	08	01	0	73	16	1	1	Hit	752	16-first/ANAILFILE.jpg	ANAILFILE.jpg	SPACE	802	SPACE
1444936144805	0	lts_1015I_08_01	08	01	0	74	0	0	0	CR	MAX	4/Acrayonsinabo.jpg	Acrayonsinabo.jpg	NOKEY	MAX	NOKEY
1444936147881	0	lts_1015I_08_01	08	01	0	75	0	0	0	CR	MAX	AGOLDCUP6.jpg	AGOLDCUP6.jpg	NOKEY	MAX	NOKEY
1444936150957	0	lts_1015I_08_01	08	01	0	76	0	0	0	CR	MAX	marshmallows.jpg	marshmallows.jpg	NOKEY	MAX	NOKEY
1444936154034	0	lts_1015I_08_01	08	01	0	77	0	0	0	CR	MAX	Apocketwatch.jpg	Apocketwatch.jpg	NOKEY	MAX	NOKEY
1444936155121	0	lts_1015I_08_01	08	01	0	78	4	1	1	Hit	600	4-1/Acrayonsinabo.jpg	Acrayonsinabo.jpg	SPACE	651	SPACE
1444936158197	0	lts_1015I_08_01	08	01	0	79	0	0	0	CR	MAX	AHAIRCLI6.jpg	AHAIRCLI6.jpg	NOKEY	MAX	NOKEY
1444936161273	0	lts_1015I_08_01	08	01	0	80	0	0	0	CR	MAX	1/22854108.thl.jpg	22854108.thl.jpg	NOKEY	MAX	NOKEY
1444936162176	0	lts_1015I_08_01	08	01	0	81	1	1	1	Hit	423	1-8/22854108.thl.jpg	22854108.thl.jpg	SPACE	467	SPACE
1444936165252	0	lts_1015I_08_01	08	01	0	82	0	0	0	CR	MAX	ABAKECON3.jpg	ABAKECON3.jpg	NOKEY	MAX	NOKEY
1444936166138	0	lts_1015I_08_01	08	01	0	83	16	1	1	Hit	406	16-mul/Aroadsignin15.jpg	Aroadsignin15.jpg	SPACE	450	SPACE
1444936169214	0	lts_1015I_08_01	08	01	0	84	0	0	0	CR	MAX	Abootbinding.jpg	Abootbinding.jpg	NOKEY	MAX	NOKEY
1444936172307	0	lts_1015I_08_01	08	01	0	85	0	0	0	CR	MAX	8022057.thl.jpg	8022057.thl.jpg	NOKEY	MAX	NOKEY
1444936175383	0	lts_1015I_08_01	08	01	0	86	0	0	0	CR	MAX	Abreastpump2.jpg	Abreastpump2.jpg	NOKEY	MAX	NOKEY
1444936178459	0	lts_1015I_08_01	08	01	0	87	0	0	0	CR	MAX	AARMCHA25.jpg	AARMCHA25.jpg	NOKEY	MAX	NOKEY
1444936181535	0	lts_1015I_08_01	08	01	0	88	0	0	0	CR	MAX	ADANGEAR5.jpg	ADANGEAR5.jpg	NOKEY	MAX	NOKEY
1444936182538	0	lts_1015I_08_01	08	01	0	89	16	1	1	Hit	531	16-mul/ANAILFILE.jpg	ANAILFILE.jpg	SPACE	568	SPACE
1444936185614	0	lts_1015I_08_01	08	01	0	90	0	0	0	CR	MAX	128/APINGPON3.jpg	APINGPON3.jpg	NOKEY	MAX	NOKEY
1444936188689	0	lts_1015I_08_01	08	01	0	91	0	0	0	CR	MAX	Abrickhomeand.jpg	Abrickhomeand.jpg	NOKEY	MAX	NOKEY
1444936191765	0	lts_1015I_08_01	08	01	0	92	0	0	0	CR	MAX	8254014.thl.jpg	8254014.thl.jpg	NOKEY	MAX	NOKEY
1444936194858	0	lts_1015I_08_01	08	01	0	93	0	0	0	CR	MAX	4/10053712.thm.jpg	10053712.thm.jpg	NOKEY	MAX	NOKEY
1444936197934	0	lts_1015I_08_01	08	01	0	94	0	0	0	CR	MAX	8/Acreamer35.jpg	Acreamer35.jpg	NOKEY	MAX	NOKEY
1444936201011	0	lts_1015I_08_01	08	01	0	95	0	0	0	CR	MAX	AHEARTES3.jpg	AHEARTES3.jpg	NOKEY	MAX	NOKEY
1444936204087	0	lts_1015I_08_01	08	01	0	96	0	0	0	CR	MAX	128/26390325.thl.jpg	26390325.thl.jpg	NOKEY	MAX	NOKEY
1444936205107	0	lts_1015I_08_01	08	01	0	97	4	1	1	Hit	539	4-4/10053712.thm.jpg	10053712.thm.jpg	SPACE	584	SPACE
1444936208183	0	lts_1015I_08_01	08	01	0	98	0	0	0	CR	MAX	Abellcookiec3.jpg	Abellcookiec3.jpg	NOKEY	MAX	NOKEY
1444936211259	0	lts_1015I_08_01	08	01	0	99	0	0	0	CR	MAX	1/APICNICBL.jpg	APICNICBL.jpg	NOKEY	MAX	NOKEY
1444936212145	0	lts_1015I_08_01	08	01	0	100	1	1	1	Hit	409	1-11/APICNICBL.jpg	APICNICBL.jpg	SPACE	450	SPACE
1444936215221	0	lts_1015I_08_01	08	01	0	101	0	0	0	CR	MAX	ALACES4.jpg	ALACES4.jpg	NOKEY	MAX	NOKEY
1444936216208	0	lts_1015I_08_01	08	01	0	102	8	1	1	Hit	507	8-first/Acreamer35.jpg	Acreamer35.jpg	SPACE	551	SPACE
1444936219284	0	lts_1015I_08_01	08	01	0	103	0	0	0	CR	MAX	Aslate.jpg	Aslate.jpg	NOKEY	MAX	NOKEY
1444936222360	0	lts_1015I_08_01	08	01	0	104	0	0	0	CR	MAX	ABLAKBEN2.jpg	ABLAKBEN2.jpg	NOKEY	MAX	NOKEY
1444936225436	0	lts_1015I_08_01	08	01	0	105	0	0	0	CR	MAX	16/APIPE8.jpg	APIPE8.jpg	NOKEY	MAX	NOKEY
1444936226372	0	lts_1015I_08_01	08	01	0	106	4	1	1	Hit	463	4-mul/Acreamer35.jpg	Acreamer35.jpg	SPACE	501	SPACE
1444936229465	0	lts_1015I_08_01	08	01	0	107	0	0	0	CR	MAX	juicebox.jpg	juicebox.jpg	NOKEY	MAX	NOKEY
1444936232541	0	lts_1015I_08_01	08	01	0	108	0	0	0	CR	MAX	A3leafcl4.jpg	A3leafcl4.jpg	NOKEY	MAX	NOKEY
1444936235617	0	lts_1015I_08_01	08	01	0	109	0	0	0	CR	MAX	16/Ameasuringsp5.jpg	Ameasuringsp5.jpg	NOKEY	MAX	NOKEY
1444936238692	0	lts_1015I_08_01	08	01	0	110	0	0	0	CR	MAX	blueflatbox.jpg	blueflatbox.jpg	NOKEY	MAX	NOKEY
1444936241768	0	lts_1015I_08_01	08	01	0	111	0	0	0	CR	MAX	1/ACOOKOIL.jpg	ACOOKOIL.jpg	NOKEY	MAX	NOKEY
1444936242688	0	lts_1015I_08_01	08	01	0	112	1	1	1	Hit	450	1-4/ACOOKOIL.jpg	ACOOKOIL.jpg	SPACE	486	SPACE
1444936245764	0	lts_1015I_08_01	08	01	0	113	0	0	0	CR	MAX	64/ACHEESLIC.jpg	ACHEESLIC.jpg	NOKEY	MAX	NOKEY
1444936248840	0	lts_1015I_08_01	08	01	0	114	0	0	0	CR	MAX	AMOUSWHEE.jpg	AMOUSWHEE.jpg	NOKEY	MAX	NOKEY
1444936249977	0	lts_1015I_08_01	08	01	0	115	64	1	1	Hit	656	64-first/22849344.thl.jpg	22849344.thl.jpg	SPACE	704	SPACE
1444936253054	0	lts_1015I_08_01	08	01	0	116	0	0	0	CR	MAX	ABUFFALO.jpg	ABUFFALO.jpg	NOKEY	MAX	NOKEY
1444936256147	0	lts_1015I_08_01	08	01	0	117	0	0	0	CR	MAX	2/Anetworkplug4.jpg	Anetworkplug4.jpg	NOKEY	MAX	NOKEY
1444936259223	0	lts_1015I_08_01	08	01	0	118	0	0	0	CR	MAX	ACAMPSTOO.jpg	ACAMPSTOO.jpg	NOKEY	MAX	NOKEY
1444936260326	0	lts_1015I_08_01	08	01	0	119	2	1	1	Hit	622	2-8/Anetworkplug4.jpg	Anetworkplug4.jpg	SPACE	668	SPACE
1444936263402	0	lts_1015I_08_01	08	01	0	120	0	0	0	CR	MAX	Aglass43.jpg	Aglass43.jpg	NOKEY	MAX	NOKEY
1444936264489	0	lts_1015I_08_01	08	01	0	121	16	1	1	Hit	608	16-first/APIPE8.jpg	APIPE8.jpg	SPACE	651	SPACE
1444936267565	0	lts_1015I_08_01	08	01	0	122	0	0	0	CR	MAX	64/26378596.thl.jpg	26378596.thl.jpg	NOKEY	MAX	NOKEY
1444936270641	0	lts_1015I_08_01	08	01	0	123	0	0	0	CR	MAX	AWEIGHTS8.jpg	AWEIGHTS8.jpg	NOKEY	MAX	NOKEY
1444936273716	0	lts_1015I_08_01	08	01	0	124	0	0	0	CR	MAX	legoblocks.jpg	legoblocks.jpg	NOKEY	MAX	NOKEY
1444936274736	0	lts_1015I_08_01	08	01	0	125	16	1	1	Hit	542	16-first/Ameasuringsp5.jpg	Ameasuringsp5.jpg	SPACE	586	SPACE
1444936277812	0	lts_1015I_08_01	08	01	0	126	0	0	0	CR	MAX	26391079.thl.jpg	26391079.thl.jpg	NOKEY	MAX	NOKEY
1444936278698	0	lts_1015I_08_01	08	01	0	127	2	1	1	Hit	412	2-mul/Ameasuringsp5.jpg	Ameasuringsp5.jpg	SPACE	453	SPACE
1444936281774	0	lts_1015I_08_01	08	01	0	128	0	0	0	CR	MAX	32/Afeatherdust2.jpg	Afeatherdust2.jpg	NOKEY	MAX	NOKEY
1444936284850	0	lts_1015I_08_01	08	01	0	129	0	0	0	CR	MAX	Aantiquehat4.jpg	Aantiquehat4.jpg	NOKEY	MAX	NOKEY
1444936287926	0	lts_1015I_08_01	08	01	0	130	0	0	0	CR	MAX	AHCONGADR.jpg	AHCONGADR.jpg	NOKEY	MAX	NOKEY
1444936288845	0	lts_1015I_08_01	08	01	0	131	16	1	1	Hit	451	16-mul/22849344.thl.jpg	22849344.thl.jpg	SPACE	486	SPACE
1444936291922	0	lts_1015I_08_01	08	01	0	132	0	0	0	CR	MAX	catsl60.jpg	catsl60.jpg	NOKEY	MAX	NOKEY
1444936294998	0	lts_1015I_08_01	08	01	0	133	0	0	0	CR	MAX	1/AFRYPAN7.jpg	AFRYPAN7.jpg	NOKEY	MAX	NOKEY
1444936296002	0	lts_1015I_08_01	08	01	0	134	1	1	1	Hit	510	1-12/AFRYPAN7.jpg	AFRYPAN7.jpg	SPACE	552	SPACE
1444936299078	0	lts_1015I_08_01	08	01	0	135	0	0	0	CR	MAX	AWINEJUG3.jpg	AWINEJUG3.jpg	NOKEY	MAX	NOKEY
1444936302154	0	lts_1015I_08_01	08	01	0	136	0	0	0	CR	MAX	batteries-a.jpg	batteries-a.jpg	NOKEY	MAX	NOKEY
1444936303107	0	lts_1015I_08_01	08	01	0	137	16	1	1	Hit	479	16-mul/APIPE8.jpg	APIPE8.jpg	SPACE	517	SPACE
1444936306183	0	lts_1015I_08_01	08	01	0	138	0	0	0	CR	MAX	woodvase.jpg	woodvase.jpg	NOKEY	MAX	NOKEY
1444936309259	0	lts_1015I_08_01	08	01	0	139	0	0	0	CR	MAX	A95CHEROK.jpg	A95CHEROK.jpg	NOKEY	MAX	NOKEY
1444936312335	0	lts_1015I_08_01	08	01	0	140	0	0	0	CR	MAX	32/Adalmatiandog.jpg	Adalmatiandog.jpg	NOKEY	MAX	NOKEY
1444936315411	0	lts_1015I_08_01	08	01	0	141	0	0	0	CR	MAX	26419670.thl.jpg	26419670.thl.jpg	NOKEY	MAX	NOKEY
1444936316731	0	lts_1015I_08_01	08	01	0	142	0	0	1	FA	829	128/Agardeningshe.jpg	Agardeningshe.jpg	SPACE	869	NOKEY
1444936319807	0	lts_1015I_08_01	08	01	0	143	0	0	0	CR	MAX	8/AGHOST.jpg	AGHOST.jpg	NOKEY	MAX	NOKEY
1444936322883	0	lts_1015I_08_01	08	01	0	144	0	0	0	CR	MAX	D_exercisebike.jpg	D_exercisebike.jpg	NOKEY	MAX	NOKEY
1444936325959	0	lts_1015I_08_01	08	01	0	145	0	0	0	CR	MAX	Atoyhomeoffi4.jpg	Atoyhomeoffi4.jpg	NOKEY	MAX	NOKEY
1444936329036	0	lts_1015I_08_01	08	01	0	146	0	0	0	CR	MAX	Ahumansku101.jpg	Ahumansku101.jpg	NOKEY	MAX	NOKEY
1444936332112	0	lts_1015I_08_01	08	01	0	147	0	0	0	CR	MAX	Atoytheatre2.jpg	Atoytheatre2.jpg	NOKEY	MAX	NOKEY
1444936335188	0	lts_1015I_08_01	08	01	0	148	0	0	0	CR	MAX	weddingdress.jpg	weddingdress.jpg	NOKEY	MAX	NOKEY
1444936338264	0	lts_1015I_08_01	08	01	0	149	0	0	0	CR	MAX	ATHISEND4.jpg	ATHISEND4.jpg	NOKEY	MAX	NOKEY
1444936341340	0	lts_1015I_08_01	08	01	0	150	0	0	0	CR	MAX	Aspoonofsug11.jpg	Aspoonofsug11.jpg	NOKEY	MAX	NOKEY
1444936342343	0	lts_1015I_08_01	08	01	0	151	8	1	1	Hit	527	8-first/AGHOST.jpg	AGHOST.jpg	SPACE	567	SPACE
1444936345419	0	lts_1015I_08_01	08	01	0	152	0	0	0	CR	MAX	32/26387568.thl.jpg	26387568.thl.jpg	NOKEY	MAX	NOKEY
1444936346406	0	lts_1015I_08_01	08	01	0	153	2	1	1	Hit	505	2-mul/AGHOST.jpg	AGHOST.jpg	SPACE	550	SPACE
1444936349482	0	lts_1015I_08_01	08	01	0	154	0	0	0	CR	MAX	2/Atrailer5.jpg	Atrailer5.jpg	NOKEY	MAX	NOKEY
1444936352558	0	lts_1015I_08_01	08	01	0	155	0	0	0	CR	MAX	for28524.jpg	for28524.jpg	NOKEY	MAX	NOKEY
1444936353561	0	lts_1015I_08_01	08	01	0	156	2	1	1	Hit	522	2-9/Atrailer5.jpg	Atrailer5.jpg	SPACE	569	SPACE
1444936356637	0	lts_1015I_08_01	08	01	0	157	0	0	0	CR	MAX	AHYDRANTF.jpg	AHYDRANTF.jpg	NOKEY	MAX	NOKEY
1444936359712	0	lts_1015I_08_01	08	01	0	158	0	0	0	CR	MAX	8/ACPU2.jpg	ACPU2.jpg	NOKEY	MAX	NOKEY
1444936362788	0	lts_1015I_08_01	08	01	0	159	0	0	0	CR	MAX	AHANDLE5.jpg	AHANDLE5.jpg	NOKEY	MAX	NOKEY
1444936363825	0	lts_1015I_08_01	08	01	0	160	32	1	1	Hit	555	32-9/Afeatherdust2.jpg	Afeatherdust2.jpg	SPACE	602	SPACE
1444936366901	0	lts_1015I_08_01	08	01	0	161	0	0	0	CR	MAX	32/ACHILDISH.jpg	ACHILDISH.jpg	NOKEY	MAX	NOKEY
1444936369977	0	lts_1015I_08_01	08	01	0	162	0	0	0	CR	MAX	26420069.thl.jpg	26420069.thl.jpg	NOKEY	MAX	NOKEY
1444936373054	0	lts_1015I_08_01	08	01	0	163	0	0	0	CR	MAX	ABACCAMEL.jpg	ABACCAMEL.jpg	NOKEY	MAX	NOKEY
1444936376130	0	lts_1015I_08_01	08	01	0	164	0	0	0	CR	MAX	128/Athreeholepu6.jpg	Athreeholepu6.jpg	NOKEY	MAX	NOKEY
1444936379206	0	lts_1015I_08_01	08	01	0	165	0	0	0	CR	MAX	XPGame.jpg	XPGame.jpg	NOKEY	MAX	NOKEY
1444936380259	0	lts_1015I_08_01	08	01	0	166	8	1	1	Hit	581	8-first/ACPU2.jpg	ACPU2.jpg	SPACE	618	SPACE
1444936383335	0	lts_1015I_08_01	08	01	0	167	0	0	0	CR	MAX	1/Aalmond4.jpg	Aalmond4.jpg	NOKEY	MAX	NOKEY
1444936384271	0	lts_1015I_08_01	08	01	0	168	1	1	1	Hit	462	1-2/Aalmond4.jpg	Aalmond4.jpg	SPACE	500	SPACE
1444936387364	0	lts_1015I_08_01	08	01	0	169	0	0	0	CR	MAX	Awaxlips.jpg	Awaxlips.jpg	NOKEY	MAX	NOKEY
1444936388351	0	lts_1015I_08_01	08	01	0	170	4	1	1	Hit	501	4-mul/ACPU2.jpg	ACPU2.jpg	SPACE	550	SPACE
1444936391427	0	lts_1015I_08_01	08	01	0	171	0	0	0	CR	MAX	Atoyboat10.jpg	Atoyboat10.jpg	NOKEY	MAX	NOKEY
1444936392597	0	lts_1015I_08_01	08	01	0	172	32	1	1	Hit	685	32-7/Adalmatiandog.jpg	Adalmatiandog.jpg	SPACE	736	SPACE
1444936395672	0	lts_1015I_08_01	08	01	0	173	0	0	0	CR	MAX	64/Aflower136.jpg	Aflower136.jpg	NOKEY	MAX	NOKEY
1444936398748	0	lts_1015I_08_01	08	01	0	174	0	0	0	CR	MAX	128/Apencilsharp5.jpg	Apencilsharp5.jpg	NOKEY	MAX	NOKEY
1444936401824	0	lts_1015I_08_01	08	01	0	175	0	0	0	CR	MAX	Abells3.jpg	Abells3.jpg	NOKEY	MAX	NOKEY
1444936404900	0	lts_1015I_08_01	08	01	0	176	0	0	0	CR	MAX	Aseat3.jpg	Aseat3.jpg	NOKEY	MAX	NOKEY
1444936406138	0	lts_1015I_08_01	08	01	0	177	64	1	1	Hit	767	64-first/ACHEESLIC.jpg	ACHEESLIC.jpg	SPACE	802	SPACE
1444936409231	0	lts_1015I_08_01	08	01	0	178	0	0	0	CR	MAX	32/Ahousboa2.jpg	Ahousboa2.jpg	NOKEY	MAX	NOKEY
1444936410201	0	lts_1015I_08_01	08	01	0	179	2	1	1	Hit	484	2-mul/ACHEESLIC.jpg	ACHEESLIC.jpg	SPACE	535	SPACE
1444936413277	0	lts_1015I_08_01	08	01	0	180	0	0	0	CR	MAX	2/22827540.thl.jpg	22827540.thl.jpg	NOKEY	MAX	NOKEY
1444936416353	0	lts_1015I_08_01	08	01	0	181	0	0	0	CR	MAX	ASERVICEB.jpg	ASERVICEB.jpg	NOKEY	MAX	NOKEY
1444936417473	0	lts_1015I_08_01	08	01	0	182	2	1	1	Hit	646	2-0/22827540.thl.jpg	22827540.thl.jpg	SPACE	686	SPACE
1444936420549	0	lts_1015I_08_01	08	01	0	183	0	0	0	CR	MAX	64/Acompactdisc2.jpg	Acompactdisc2.jpg	NOKEY	MAX	NOKEY
1444936421818	0	lts_1015I_08_01	08	01	0	184	32	1	1	Hit	785	32-3/26387568.thl.jpg	26387568.thl.jpg	SPACE	836	SPACE
1444936424210	0	lts_1015I_08_01	08	01	0	185	0	0	1	FA	1918	64/AWOODPIN.jpg	AWOODPIN.jpg	SPACE	1956	NOKEY
1444936427286	0	lts_1015I_08_01	08	01	0	186	64	1	0	Miss	MAX	64-first/26378596.thl.jpg	26378596.thl.jpg	NOKEY	MAX	SPACE
1444936430362	0	lts_1015I_08_01	08	01	0	187	0	0	0	CR	MAX	AEMERGLI4.jpg	AEMERGLI4.jpg	NOKEY	MAX	NOKEY
1444936433438	0	lts_1015I_08_01	08	01	0	188	0	0	0	CR	MAX	image004.jpg	image004.jpg	NOKEY	MAX	NOKEY
1444936436514	0	lts_1015I_08_01	08	01	0	189	0	0	0	CR	MAX	ABROOM11.jpg	ABROOM11.jpg	NOKEY	MAX	NOKEY
1444936437517	0	lts_1015I_08_01	08	01	0	190	4	1	1	Hit	531	4-mul/26378596.thl.jpg	26378596.thl.jpg	SPACE	568	SPACE
1444936440594	0	lts_1015I_08_01	08	01	0	191	0	0	0	CR	MAX	Apilldispens3.jpg	Apilldispens3.jpg	NOKEY	MAX	NOKEY
1444936443669	0	lts_1015I_08_01	08	01	0	192	0	0	0	CR	MAX	Apig5.jpg	Apig5.jpg	NOKEY	MAX	NOKEY
1444936444738	0	lts_1015I_08_01	08	01	0	193	32	1	1	Hit	588	32-6/ACHILDISH.jpg	ACHILDISH.jpg	SPACE	636	SPACE
1444936447831	0	lts_1015I_08_01	08	01	0	194	0	0	0	CR	MAX	128/corkscrew02.jpg	corkscrew02.jpg	NOKEY	MAX	NOKEY
1444936450907	0	lts_1015I_08_01	08	01	0	195	0	0	0	CR	MAX	ASNBRD2.jpg	ASNBRD2.jpg	NOKEY	MAX	NOKEY
1444936452028	0	lts_1015I_08_01	08	01	0	196	128	1	1	Hit	635	128-7/sardines.jpg	sardines.jpg	SPACE	686	SPACE
1444936455104	0	lts_1015I_08_01	08	01	0	197	0	0	0	CR	MAX	Apeddleboat3.jpg	Apeddleboat3.jpg	NOKEY	MAX	NOKEY
1444936458181	0	lts_1015I_08_01	08	01	0	198	0	0	0	CR	MAX	4/ASCREW24.jpg	ASCREW24.jpg	NOKEY	MAX	NOKEY
1444936461257	0	lts_1015I_08_01	08	01	0	199	0	0	0	CR	MAX	Aflowerpot9.jpg	Aflowerpot9.jpg	NOKEY	MAX	NOKEY
1444936464333	0	lts_1015I_08_01	08	01	0	200	0	0	0	CR	MAX	16/Acane116.jpg	Acane116.jpg	NOKEY	MAX	NOKEY
1444936467409	0	lts_1015I_08_01	08	01	0	201	0	0	0	CR	MAX	AAIRGAUGE.jpg	AAIRGAUGE.jpg	NOKEY	MAX	NOKEY
1444936468462	0	lts_1015I_08_01	08	01	0	202	4	1	1	Hit	574	4-3/ASCREW24.jpg	ASCREW24.jpg	SPACE	619	SPACE
1444936471538	0	lts_1015I_08_01	08	01	0	203	0	0	0	CR	MAX	22851864.thl.jpg	22851864.thl.jpg	NOKEY	MAX	NOKEY
1444936474631	0	lts_1015I_08_01	08	01	0	204	0	0	0	CR	MAX	2/26432848.thl.jpg	26432848.thl.jpg	NOKEY	MAX	NOKEY
1444936477706	0	lts_1015I_08_01	08	01	0	205	0	0	0	CR	MAX	APEPPSHA4.jpg	APEPPSHA4.jpg	NOKEY	MAX	NOKEY
1444936478726	0	lts_1015I_08_01	08	01	0	206	2	1	1	Hit	548	2-13/26432848.thl.jpg	26432848.thl.jpg	SPACE	587	SPACE
1444936481802	0	lts_1015I_08_01	08	01	0	207	0	0	0	CR	MAX	1/Acentipede4.jpg	Acentipede4.jpg	NOKEY	MAX	NOKEY
1444936482705	0	lts_1015I_08_01	08	01	0	208	1	1	1	Hit	421	1-9/Acentipede4.jpg	Acentipede4.jpg	SPACE	469	SPACE
1444936485781	0	lts_1015I_08_01	08	01	0	209	0	0	0	CR	MAX	Agroupofmole7.jpg	Agroupofmole7.jpg	NOKEY	MAX	NOKEY
1444936486834	0	lts_1015I_08_01	08	01	0	210	32	1	1	Hit	582	32-4/Ahousboa2.jpg	Ahousboa2.jpg	SPACE	620	SPACE
1444936489910	0	lts_1015I_08_01	08	01	0	211	0	0	0	CR	MAX	16/ABIRDCAG2.jpg	ABIRDCAG2.jpg	NOKEY	MAX	NOKEY
1444936493004	0	lts_1015I_08_01	08	01	0	212	0	0	0	CR	MAX	64/moneyslotmachine.jpg	moneyslotmachine.jpg	NOKEY	MAX	NOKEY
1444936496080	0	lts_1015I_08_01	08	01	0	213	0	0	0	CR	MAX	8065674.thl.jpg	8065674.thl.jpg	NOKEY	MAX	NOKEY
1444936499156	0	lts_1015I_08_01	08	01	0	214	0	0	0	CR	MAX	AOTOSCOP5.jpg	AOTOSCOP5.jpg	NOKEY	MAX	NOKEY
1444936502232	0	lts_1015I_08_01	08	01	0	215	0	0	0	CR	MAX	Astonecarvin8.jpg	Astonecarvin8.jpg	NOKEY	MAX	NOKEY
1444936503335	0	lts_1015I_08_01	08	01	0	216	16	1	1	Hit	628	16-first/Acane116.jpg	Acane116.jpg	SPACE	668	SPACE
1444936506411	0	lts_1015I_08_01	08	01	0	217	0	0	0	CR	MAX	ADRESSE14.jpg	ADRESSE14.jpg	NOKEY	MAX	NOKEY
1444936507632	0	lts_1015I_08_01	08	01	0	218	128	1	1	Hit	742	128-1/APINGPON3.jpg	APINGPON3.jpg	SPACE	785	SPACE
1444936510707	0	lts_1015I_08_01	08	01	0	219	0	0	0	CR	MAX	checkejellyjar.jpg	checkejellyjar.jpg	NOKEY	MAX	NOKEY
1444936511676	0	lts_1015I_08_01	08	01	0	220	4	1	1	Hit	488	4-mul/Acane116.jpg	Acane116.jpg	SPACE	536	SPACE
1444936514769	0	lts_1015I_08_01	08	01	0	221	0	0	0	CR	MAX	128/Abowloffruit5.jpg	Abowloffruit5.jpg	NOKEY	MAX	NOKEY
1444936517845	0	lts_1015I_08_01	08	01	0	222	0	0	0	CR	MAX	ABAT.jpg	ABAT.jpg	NOKEY	MAX	NOKEY
1444936520921	0	lts_1015I_08_01	08	01	0	223	0	0	0	CR	MAX	Agiftbag20.jpg	Agiftbag20.jpg	NOKEY	MAX	NOKEY
1444936522042	0	lts_1015I_08_01	08	01	0	224	128	1	1	Hit	636	128-4/26390325.thl.jpg	26390325.thl.jpg	SPACE	686	SPACE
1444936525118	0	lts_1015I_08_01	08	01	0	225	0	0	0	CR	MAX	ADART3.jpg	ADART3.jpg	NOKEY	MAX	NOKEY
1444936528194	0	lts_1015I_08_01	08	01	0	226	0	0	0	CR	MAX	Alambtoy6.jpg	Alambtoy6.jpg	NOKEY	MAX	NOKEY
1444936529281	0	lts_1015I_08_01	08	01	0	227	16	1	1	Hit	616	16-first/ABIRDCAG2.jpg	ABIRDCAG2.jpg	SPACE	651	SPACE
1444936532357	0	lts_1015I_08_01	08	01	0	228	0	0	0	CR	MAX	ABLAKPOT3.jpg	ABLAKPOT3.jpg	NOKEY	MAX	NOKEY
1444936535433	0	lts_1015I_08_01	08	01	0	229	0	0	0	CR	MAX	32/ATRACTWH6.jpg	ATRACTWH6.jpg	NOKEY	MAX	NOKEY
1444936538526	0	lts_1015I_08_01	08	01	0	230	0	0	0	CR	MAX	Astirstick.jpg	Astirstick.jpg	NOKEY	MAX	NOKEY
1444936541602	0	lts_1015I_08_01	08	01	0	231	0	0	0	CR	MAX	8/Acartonofegg3.jpg	Acartonofegg3.jpg	NOKEY	MAX	NOKEY
1444936544677	0	lts_1015I_08_01	08	01	0	232	0	0	0	CR	MAX	2/Ababybottle15.jpg	Ababybottle15.jpg	NOKEY	MAX	NOKEY
1444936547753	0	lts_1015I_08_01	08	01	0	233	0	0	0	CR	MAX	ABLUBLOTT.jpg	ABLUBLOTT.jpg	NOKEY	MAX	NOKEY
1444936548857	0	lts_1015I_08_01	08	01	0	234	2	1	1	Hit	609	2-5/Ababybottle15.jpg	Ababybottle15.jpg	SPACE	653	SPACE
1444936551933	0	lts_1015I_08_01	08	01	0	235	0	0	0	CR	MAX	grips.jpg	grips.jpg	NOKEY	MAX	NOKEY
1444936555027	0	lts_1015I_08_01	08	01	0	236	0	0	0	CR	MAX	26372690.thl.jpg	26372690.thl.jpg	NOKEY	MAX	NOKEY
1444936556113	0	lts_1015I_08_01	08	01	0	237	64	1	1	Hit	611	64-first/Aflower136.jpg	Aflower136.jpg	SPACE	651	SPACE
1444936559189	0	lts_1015I_08_01	08	01	0	238	0	0	0	CR	MAX	AFIREPLAC.jpg	AFIREPLAC.jpg	NOKEY	MAX	NOKEY
1444936560226	0	lts_1015I_08_01	08	01	0	239	8	1	1	Hit	565	8-first/Acartonofegg3.jpg	Acartonofegg3.jpg	SPACE	601	SPACE
1444936563302	0	lts_1015I_08_01	08	01	0	240	0	0	0	CR	MAX	AHIGCHAIR.jpg	AHIGCHAIR.jpg	NOKEY	MAX	NOKEY
1444936564255	0	lts_1015I_08_01	08	01	0	241	4	1	1	Hit	474	4-mul/Aflower136.jpg	Aflower136.jpg	SPACE	518	SPACE
1444936567331	0	lts_1015I_08_01	08	01	0	242	0	0	0	CR	MAX	ALOVSEA10.jpg	ALOVSEA10.jpg	NOKEY	MAX	NOKEY
1444936568367	0	lts_1015I_08_01	08	01	0	243	16	1	1	Hit	552	16-mul/ABIRDCAG2.jpg	ABIRDCAG2.jpg	SPACE	601	SPACE
1444936571443	0	lts_1015I_08_01	08	01	0	244	0	0	0	CR	MAX	Astonehome.jpg	Astonehome.jpg	NOKEY	MAX	NOKEY
1444936572730	0	lts_1015I_08_01	08	01	0	245	0	0	1	FA	816	Alifeves2.jpg	Alifeves2.jpg	SPACE	852	NOKEY
1444936575806	0	lts_1015I_08_01	08	01	0	246	0	0	0	CR	MAX	Arecordplaye2.jpg	Arecordplaye2.jpg	NOKEY	MAX	NOKEY
1444936576859	0	lts_1015I_08_01	08	01	0	247	64	1	1	Hit	583	64-first/Acompactdisc2.jpg	Acompactdisc2.jpg	SPACE	620	SPACE
1444936579935	0	lts_1015I_08_01	08	01	0	248	0	0	0	CR	MAX	ASALAMI.jpg	ASALAMI.jpg	NOKEY	MAX	NOKEY
1444936581073	0	lts_1015I_08_01	08	01	0	249	64	1	1	Hit	667	64-first/AWOODPIN.jpg	AWOODPIN.jpg	SPACE	703	SPACE
1444936584149	0	lts_1015I_08_01	08	01	0	250	0	0	0	CR	MAX	AHEELCUPS.jpg	AHEELCUPS.jpg	NOKEY	MAX	NOKEY
1444936585152	0	lts_1015I_08_01	08	01	0	251	2	1	1	Hit	522	2-mul/AWOODPIN.jpg	AWOODPIN.jpg	SPACE	568	SPACE
1444936588228	0	lts_1015I_08_01	08	01	0	252	0	0	0	CR	MAX	Atoy63.jpg	Atoy63.jpg	NOKEY	MAX	NOKEY
1444936591304	0	lts_1015I_08_01	08	01	0	253	0	0	0	CR	MAX	4/ADRILL3.jpg	ADRILL3.jpg	NOKEY	MAX	NOKEY
1444936594380	0	lts_1015I_08_01	08	01	0	254	0	0	0	CR	MAX	ACOFFGRI9.jpg	ACOFFGRI9.jpg	NOKEY	MAX	NOKEY
1444936595366	0	lts_1015I_08_01	08	01	0	255	16	1	1	Hit	503	16-mul/Acartonofegg3.jpg	Acartonofegg3.jpg	SPACE	550	SPACE
1444936598443	0	lts_1015I_08_01	08	01	0	256	0	0	0	CR	MAX	26555896.thl.jpg	26555896.thl.jpg	NOKEY	MAX	NOKEY
1444936599479	0	lts_1015I_08_01	08	01	0	257	4	1	1	Hit	555	4-11/ADRILL3.jpg	ADRILL3.jpg	SPACE	602	SPACE
1444936602555	0	lts_1015I_08_01	08	01	0	258	0	0	0	CR	MAX	Amilk4.jpg	Amilk4.jpg	NOKEY	MAX	NOKEY
1444936605631	0	lts_1015I_08_01	08	01	0	259	0	0	0	CR	MAX	Aoilcan11.jpg	Aoilcan11.jpg	NOKEY	MAX	NOKEY
1444936608706	0	lts_1015I_08_01	08	01	0	260	0	0	0	CR	MAX	ACOPPAN10.jpg	ACOPPAN10.jpg	NOKEY	MAX	NOKEY
1444936609776	0	lts_1015I_08_01	08	01	0	261	32	1	1	Hit	599	32-8/ATRACTWH6.jpg	ATRACTWH6.jpg	SPACE	636	SPACE
1444936612852	0	lts_1015I_08_01	08	01	0	262	0	0	0	CR	MAX	AKNIGHELM.jpg	AKNIGHELM.jpg	NOKEY	MAX	NOKEY
1444936613889	0	lts_1015I_08_01	08	01	0	263	16	1	1	Hit	566	16-mul/Acompactdisc2.jpg	Acompactdisc2.jpg	SPACE	602	SPACE
1444936616981	0	lts_1015I_08_01	08	01	0	264	0	0	0	CR	MAX	promdress.jpg	promdress.jpg	NOKEY	MAX	NOKEY
1444936620059	0	lts_1015I_08_01	08	01	0	265	0	0	0	CR	MAX	1/Acompass18.jpg	Acompass18.jpg	NOKEY	MAX	NOKEY
1444936620994	0	lts_1015I_08_01	08	01	0	266	1	1	1	Hit	459	1-3/Acompass18.jpg	Acompass18.jpg	SPACE	502	SPACE
1444936624071	0	lts_1015I_08_01	08	01	0	267	0	0	0	CR	MAX	1/26421740.thl.jpg	26421740.thl.jpg	NOKEY	MAX	NOKEY
1444936624939	0	lts_1015I_08_01	08	01	0	268	1	1	1	Hit	396	1-6/26421740.thl.jpg	26421740.thl.jpg	SPACE	435	SPACE
1444936628016	0	lts_1015I_08_01	08	01	0	269	0	0	0	CR	MAX	Abowlofwonto5.jpg	Abowlofwonto5.jpg	NOKEY	MAX	NOKEY
1444936629170	0	lts_1015I_08_01	08	01	0	270	128	1	1	Hit	681	128-5/Agardeningshe.jpg	Agardeningshe.jpg	SPACE	718	SPACE
1444936632246	0	lts_1015I_08_01	08	01	0	271	0	0	0	CR	MAX	AJUICER.jpg	AJUICER.jpg	NOKEY	MAX	NOKEY
1444936635322	0	lts_1015I_08_01	08	01	0	272	0	0	0	CR	MAX	Aoutdoorrece2.jpg	Aoutdoorrece2.jpg	NOKEY	MAX	NOKEY
1444936638398	0	lts_1015I_08_01	08	01	0	273	0	0	0	CR	MAX	26423873.thl.jpg	26423873.thl.jpg	NOKEY	MAX	NOKEY
1444936641474	0	lts_1015I_08_01	08	01	0	274	0	0	0	CR	MAX	APOWEDCAS.jpg	APOWEDCAS.jpg	NOKEY	MAX	NOKEY
1444936644567	0	lts_1015I_08_01	08	01	0	275	0	0	0	CR	MAX	ASLED7.jpg	ASLED7.jpg	NOKEY	MAX	NOKEY
1444936645753	0	lts_1015I_08_01	08	01	0	276	64	1	1	Hit	702	64-first/moneyslotmachine.jpg	moneyslotmachine.jpg	SPACE	753	SPACE
1444936648829	0	lts_1015I_08_01	08	01	0	277	0	0	0	CR	MAX	ABUILDI12.jpg	ABUILDI12.jpg	NOKEY	MAX	NOKEY
1444936649748	0	lts_1015I_08_01	08	01	0	278	2	1	1	Hit	442	2-mul/moneyslotmachine.jpg	moneyslotmachine.jpg	SPACE	486	SPACE
1444936652824	0	lts_1015I_08_01	08	01	0	279	0	0	0	CR	MAX	26423905.thl.jpg	26423905.thl.jpg	NOKEY	MAX	NOKEY
1444936655900	0	lts_1015I_08_01	08	01	0	280	0	0	0	CR	MAX	A52ZX.jpg	A52ZX.jpg	NOKEY	MAX	NOKEY
1444936658976	0	lts_1015I_08_01	08	01	0	281	0	0	0	CR	MAX	2/26421572.thl.jpg	26421572.thl.jpg	NOKEY	MAX	NOKEY
1444936662054	0	lts_1015I_08_01	08	01	0	282	0	0	0	CR	MAX	pdos043072.jpg	pdos043072.jpg	NOKEY	MAX	NOKEY
1444936663073	0	lts_1015I_08_01	08	01	0	283	2	1	1	Hit	537	2-7/26421572.thl.jpg	26421572.thl.jpg	SPACE	585	SPACE
1444936666149	0	lts_1015I_08_01	08	01	0	284	0	0	0	CR	MAX	Abedspringsam.jpg	Abedspringsam.jpg	NOKEY	MAX	NOKEY
1444936669225	0	lts_1015I_08_01	08	01	0	285	0	0	0	CR	MAX	2/AMETALPER.jpg	AMETALPER.jpg	NOKEY	MAX	NOKEY
1444936672301	0	lts_1015I_08_01	08	01	0	286	0	0	0	CR	MAX	Abladetablesa.jpg	Abladetablesa.jpg	NOKEY	MAX	NOKEY
1444936673305	0	lts_1015I_08_01	08	01	0	287	2	1	1	Hit	532	2-2/AMETALPER.jpg	AMETALPER.jpg	SPACE	567	SPACE
1444936676381	0	lts_1015I_08_01	08	01	0	288	0	0	0	CR	MAX	2/barbwirecoil.jpg	barbwirecoil.jpg	NOKEY	MAX	NOKEY
1444936677651	0	lts_1015I_08_01	08	01	0	289	0	0	1	FA	792	ACAROUSE2.jpg	ACAROUSE2.jpg	SPACE	836	NOKEY
1444936678754	0	lts_1015I_08_01	08	01	0	290	2	1	1	Hit	631	2-4/barbwirecoil.jpg	barbwirecoil.jpg	SPACE	669	SPACE
1444936681830	0	lts_1015I_08_01	08	01	0	291	0	0	0	CR	MAX	4/Ababtoy13.jpg	Ababtoy13.jpg	NOKEY	MAX	NOKEY
1444936683302	0	lts_1015I_08_01	08	01	0	292	128	1	1	Hit	997	128-3/Athreeholepu6.jpg	Athreeholepu6.jpg	SPACE	1037	SPACE
1444936686378	0	lts_1015I_08_01	08	01	0	293	0	0	0	CR	MAX	gymbench.jpg	gymbench.jpg	NOKEY	MAX	NOKEY
1444936689454	0	lts_1015I_08_01	08	01	0	294	0	0	0	CR	MAX	64/Abicycleodome.jpg	Abicycleodome.jpg	NOKEY	MAX	NOKEY
1444936690658	0	lts_1015I_08_01	08	01	0	295	4	1	1	Hit	734	4-12/Ababtoy13.jpg	Ababtoy13.jpg	SPACE	770	SPACE
1444936693733	0	lts_1015I_08_01	08	01	0	296	0	0	0	CR	MAX	Ajug158.jpg	Ajug158.jpg	NOKEY	MAX	NOKEY
1444936696809	0	lts_1015I_08_01	08	01	0	297	0	0	0	CR	MAX	AANALCIME.jpg	AANALCIME.jpg	NOKEY	MAX	NOKEY
1444936699885	0	lts_1015I_08_01	08	01	0	298	0	0	0	CR	MAX	2/Ascrewmount.jpg	Ascrewmount.jpg	NOKEY	MAX	NOKEY
1444936702961	0	lts_1015I_08_01	08	01	0	299	0	0	0	CR	MAX	Acamera111.jpg	Acamera111.jpg	NOKEY	MAX	NOKEY
1444936704048	0	lts_1015I_08_01	08	01	0	300	2	1	1	Hit	618	2-12/Ascrewmount.jpg	Ascrewmount.jpg	SPACE	653	SPACE
1444936707125	0	lts_1015I_08_01	08	01	0	301	0	0	0	CR	MAX	16/Ababycup2.jpg	Ababycup2.jpg	NOKEY	MAX	NOKEY
1444936710201	0	lts_1015I_08_01	08	01	0	302	128	1	0	Miss	MAX	128-0/Apencilsharp5.jpg	Apencilsharp5.jpg	NOKEY	MAX	SPACE
1444936713277	0	lts_1015I_08_01	08	01	0	303	0	0	0	CR	MAX	1/AFILM.jpg	AFILM.jpg	NOKEY	MAX	NOKEY
1444936714246	0	lts_1015I_08_01	08	01	0	304	1	1	1	Hit	497	1-0/AFILM.jpg	AFILM.jpg	SPACE	534	SPACE
1444936717339	0	lts_1015I_08_01	08	01	0	305	0	0	0	CR	MAX	Acarnivalgame.jpg	Acarnivalgame.jpg	NOKEY	MAX	NOKEY
1444936720415	0	lts_1015I_08_01	08	01	0	306	0	0	0	CR	MAX	8/26432148.thl.jpg	26432148.thl.jpg	NOKEY	MAX	NOKEY
1444936723491	0	lts_1015I_08_01	08	01	0	307	0	0	0	CR	MAX	Akitchentool2.jpg	Akitchentool2.jpg	NOKEY	MAX	NOKEY
1444936726567	0	lts_1015I_08_01	08	01	0	308	0	0	0	CR	MAX	22861656.thl.jpg	22861656.thl.jpg	NOKEY	MAX	NOKEY
1444936729643	0	lts_1015I_08_01	08	01	0	309	0	0	0	CR	MAX	fork-a.jpg	fork-a.jpg	NOKEY	MAX	NOKEY
1444936732719	0	lts_1015I_08_01	08	01	0	310	0	0	0	CR	MAX	pinecone02.jpg	pinecone02.jpg	NOKEY	MAX	NOKEY
1444936735795	0	lts_1015I_08_01	08	01	0	311	0	0	0	CR	MAX	ACONSTHA2.jpg	ACONSTHA2.jpg	NOKEY	MAX	NOKEY
1444936738871	0	lts_1015I_08_01	08	01	0	312	0	0	0	CR	MAX	golf-ball.JPG	golf-ball.JPG	NOKEY	MAX	NOKEY
1444936741947	0	lts_1015I_08_01	08	01	0	313	0	0	0	CR	MAX	bands-a.jpg	bands-a.jpg	NOKEY	MAX	NOKEY
1444936743018	0	lts_1015I_08_01	08	01	0	314	8	1	1	Hit	575	8-2/26432148.thl.jpg	26432148.thl.jpg	SPACE	620	SPACE
1444936746094	0	lts_1015I_08_01	08	01	0	315	0	0	0	CR	MAX	16/Agardeningrak.jpg	Agardeningrak.jpg	NOKEY	MAX	NOKEY
1444936749170	0	lts_1015I_08_01	08	01	0	316	0	0	0	CR	MAX	Atool221.jpg	Atool221.jpg	NOKEY	MAX	NOKEY
1444936750357	0	lts_1015I_08_01	08	01	0	317	16	1	1	Hit	710	16-1/Ababycup2.jpg	Ababycup2.jpg	SPACE	752	SPACE
1444936753433	0	lts_1015I_08_01	08	01	0	318	0	0	0	CR	MAX	26375611.thl.jpg	26375611.thl.jpg	NOKEY	MAX	NOKEY
1444936756509	0	lts_1015I_08_01	08	01	0	319	0	0	0	CR	MAX	8/8029703.thl.jpg	8029703.thl.jpg	NOKEY	MAX	NOKEY
1444936759585	0	lts_1015I_08_01	08	01	0	320	0	0	0	CR	MAX	4/Aacupuncture2.jpg	Aacupuncture2.jpg	NOKEY	MAX	NOKEY
1444936762677	0	lts_1015I_08_01	08	01	0	321	0	0	0	CR	MAX	AGLASSCON.jpg	AGLASSCON.jpg	NOKEY	MAX	NOKEY
1444936763814	0	lts_1015I_08_01	08	01	0	322	128	1	1	Hit	653	128-6/corkscrew02.jpg	corkscrew02.jpg	SPACE	703	SPACE
1444936766890	0	lts_1015I_08_01	08	01	0	323	0	0	0	CR	MAX	Ablackleather.jpg	Ablackleather.jpg	NOKEY	MAX	NOKEY
1444936768245	0	lts_1015I_08_01	08	01	0	324	4	1	1	Hit	879	4-2/Aacupuncture2.jpg	Aacupuncture2.jpg	SPACE	920	SPACE
1444936771321	0	lts_1015I_08_01	08	01	0	325	0	0	0	CR	MAX	26421368.thl.jpg	26421368.thl.jpg	NOKEY	MAX	NOKEY
1444936774397	0	lts_1015I_08_01	08	01	0	326	0	0	0	CR	MAX	Agolfplaque.jpg	Agolfplaque.jpg	NOKEY	MAX	NOKEY
1444936775366	0	lts_1015I_08_01	08	01	0	327	8	1	1	Hit	492	8-0/8029703.thl.jpg	8029703.thl.jpg	SPACE	534	SPACE
1444936778459	0	lts_1015I_08_01	08	01	0	328	0	0	0	CR	MAX	AHOUSBOA3.jpg	AHOUSBOA3.jpg	NOKEY	MAX	NOKEY
1444936781535	0	lts_1015I_08_01	08	01	0	329	0	0	0	CR	MAX	Atoyfurnitu14.jpg	Atoyfurnitu14.jpg	NOKEY	MAX	NOKEY
1444936784611	0	lts_1015I_08_01	08	01	0	330	0	0	0	CR	MAX	23014927.thl.jpg	23014927.thl.jpg	NOKEY	MAX	NOKEY
1444936785731	0	lts_1015I_08_01	08	01	0	331	16	1	1	Hit	646	16-first/Agardeningrak.jpg	Agardeningrak.jpg	SPACE	685	SPACE
1444936788807	0	lts_1015I_08_01	08	01	0	332	0	0	0	CR	MAX	dftslpi.jpg	dftslpi.jpg	NOKEY	MAX	NOKEY
1444936789743	0	lts_1015I_08_01	08	01	0	333	2	1	1	Hit	453	2-mul/Agardeningrak.jpg	Agardeningrak.jpg	SPACE	503	SPACE
1444936792819	0	lts_1015I_08_01	08	01	0	334	0	0	0	CR	MAX	Aspoonofsuga2.jpg	Aspoonofsuga2.jpg	NOKEY	MAX	NOKEY
1444936795895	0	lts_1015I_08_01	08	01	0	335	0	0	0	CR	MAX	16/AMUSICSTA.jpg	AMUSICSTA.jpg	NOKEY	MAX	NOKEY
1444936798971	0	lts_1015I_08_01	08	01	0	336	0	0	0	CR	MAX	Ababydec4.jpg	Ababydec4.jpg	NOKEY	MAX	NOKEY
1444936802048	0	lts_1015I_08_01	08	01	0	337	0	0	0	CR	MAX	ABROWNBAG.jpg	ABROWNBAG.jpg	NOKEY	MAX	NOKEY
1444936805124	0	lts_1015I_08_01	08	01	0	338	0	0	0	CR	MAX	AEXECHAIR.jpg	AEXECHAIR.jpg	NOKEY	MAX	NOKEY
1444936808217	0	lts_1015I_08_01	08	01	0	339	0	0	0	CR	MAX	Awhistl15.jpg	Awhistl15.jpg	NOKEY	MAX	NOKEY
1444936811293	0	lts_1015I_08_01	08	01	0	340	0	0	0	CR	MAX	Apulley71.jpg	Apulley71.jpg	NOKEY	MAX	NOKEY
1444936814369	0	lts_1015I_08_01	08	01	0	341	0	0	0	CR	MAX	4/Abucketwithcl.jpg	Abucketwithcl.jpg	NOKEY	MAX	NOKEY
1444936817445	0	lts_1015I_08_01	08	01	0	342	0	0	0	CR	MAX	ASPOTLIG2.jpg	ASPOTLIG2.jpg	NOKEY	MAX	NOKEY
1444936820521	0	lts_1015I_08_01	08	01	0	343	0	0	0	CR	MAX	4/Acroissant.jpg	Acroissant.jpg	NOKEY	MAX	NOKEY
1444936823597	0	lts_1015I_08_01	08	01	0	344	0	0	0	CR	MAX	Agiraffetoy3.jpg	Agiraffetoy3.jpg	NOKEY	MAX	NOKEY
1444936824634	0	lts_1015I_08_01	08	01	0	345	4	1	1	Hit	564	4-5/Abucketwithcl.jpg	Abucketwithcl.jpg	SPACE	602	SPACE
1444936827709	0	lts_1015I_08_01	08	01	0	346	0	0	0	CR	MAX	64/26427950.thl.jpg	26427950.thl.jpg	NOKEY	MAX	NOKEY
1444936828745	0	lts_1015I_08_01	08	01	0	347	4	1	1	Hit	559	4-7/Acroissant.jpg	Acroissant.jpg	SPACE	603	SPACE
1444936831821	0	lts_1015I_08_01	08	01	0	348	0	0	0	CR	MAX	ABALLBEAR.jpg	ABALLBEAR.jpg	NOKEY	MAX	NOKEY
1444936832841	0	lts_1015I_08_01	08	01	0	349	128	1	1	Hit	537	128-2/Abowloffruit5.jpg	Abowloffruit5.jpg	SPACE	586	SPACE
1444936835917	0	lts_1015I_08_01	08	01	0	350	0	0	0	CR	MAX	ALEMUR3.jpg	ALEMUR3.jpg	NOKEY	MAX	NOKEY
1444936836887	0	lts_1015I_08_01	08	01	0	351	16	1	1	Hit	498	16-first/AMUSICSTA.jpg	AMUSICSTA.jpg	SPACE	536	SPACE
1444936839963	0	lts_1015I_08_01	08	01	0	352	0	0	0	CR	MAX	Aglassbottl56.jpg	Aglassbottl56.jpg	NOKEY	MAX	NOKEY
1444936843057	0	lts_1015I_08_01	08	01	0	353	8	1	0	Miss	MAX	8/fortune-cookie.jpg	fortune-cookie.jpg	NOKEY	MAX	SPACE
1444936846133	0	lts_1015I_08_01	08	01	0	354	0	0	0	CR	MAX	ACUTBOAR2.jpg	ACUTBOAR2.jpg	NOKEY	MAX	NOKEY
1444936847119	0	lts_1015I_08_01	08	01	0	355	4	1	1	Hit	510	4-mul/AMUSICSTA.jpg	AMUSICSTA.jpg	SPACE	551	SPACE
1444936850195	0	lts_1015I_08_01	08	01	0	356	0	0	0	CR	MAX	36411474.thl.jpg	36411474.thl.jpg	NOKEY	MAX	NOKEY
1444936853271	0	lts_1015I_08_01	08	01	0	357	0	0	0	CR	MAX	AMETDETE2.jpg	AMETDETE2.jpg	NOKEY	MAX	NOKEY
1444936854358	0	lts_1015I_08_01	08	01	0	358	64	1	1	Hit	601	64-first/Abicycleodome.jpg	Abicycleodome.jpg	SPACE	651	SPACE
1444936857451	0	lts_1015I_08_01	08	01	0	359	0	0	0	CR	MAX	Areceptacle3.jpg	Areceptacle3.jpg	NOKEY	MAX	NOKEY
1444936860527	0	lts_1015I_08_01	08	01	0	360	0	0	0	CR	MAX	16/22875384.thl.jpg	22875384.thl.jpg	NOKEY	MAX	NOKEY
1444936861530	0	lts_1015I_08_01	08	01	0	361	8	1	1	Hit	518	8-first/fortune-cookie.jpg	fortune-cookie.jpg	SPACE	569	SPACE
1444936864606	0	lts_1015I_08_01	08	01	0	362	0	0	0	CR	MAX	Achick9.jpg	Achick9.jpg	NOKEY	MAX	NOKEY
1444936867681	0	lts_1015I_08_01	08	01	0	363	0	0	0	CR	MAX	16/AOVEN.jpg	AOVEN.jpg	NOKEY	MAX	NOKEY
1444936870757	0	lts_1015I_08_01	08	01	0	364	0	0	0	CR	MAX	ASTONHOU2.jpg	ASTONHOU2.jpg	NOKEY	MAX	NOKEY
1444936871710	0	lts_1015I_08_01	08	01	0	365	4	1	1	Hit	481	4-mul/fortune-cookie.jpg	fortune-cookie.jpg	SPACE	519	SPACE
1444936874786	0	lts_1015I_08_01	08	01	0	366	0	0	0	CR	MAX	8255981.thl.jpg	8255981.thl.jpg	NOKEY	MAX	NOKEY
1444936877862	0	lts_1015I_08_01	08	01	0	367	0	0	0	CR	MAX	Asunflower3.jpg	Asunflower3.jpg	NOKEY	MAX	NOKEY
1444936880938	0	lts_1015I_08_01	08	01	0	368	0	0	0	CR	MAX	AFOODBLEN.jpg	AFOODBLEN.jpg	NOKEY	MAX	NOKEY
1444936884015	0	lts_1015I_08_01	08	01	0	369	0	0	0	CR	MAX	2/Aspinningwhe2.jpg	Aspinningwhe2.jpg	NOKEY	MAX	NOKEY
1444936887091	0	lts_1015I_08_01	08	01	0	370	0	0	0	CR	MAX	AMEATGR14.jpg	AMEATGR14.jpg	NOKEY	MAX	NOKEY
1444936888395	0	lts_1015I_08_01	08	01	0	371	2	1	1	Hit	829	2-6/Aspinningwhe2.jpg	Aspinningwhe2.jpg	SPACE	868	SPACE
1444936891471	0	lts_1015I_08_01	08	01	0	372	0	0	0	CR	MAX	ASTEPPER.jpg	ASTEPPER.jpg	NOKEY	MAX	NOKEY
1444936894547	0	lts_1015I_08_01	08	01	0	373	0	0	0	CR	MAX	Asandal7.jpg	Asandal7.jpg	NOKEY	MAX	NOKEY
1444936895534	0	lts_1015I_08_01	08	01	0	374	16	1	1	Hit	515	16-mul/Abicycleodome.jpg	Abicycleodome.jpg	SPACE	552	SPACE
1444936898610	0	lts_1015I_08_01	08	01	0	375	0	0	0	CR	MAX	Avacuum13.jpg	Avacuum13.jpg	NOKEY	MAX	NOKEY
1444936899646	0	lts_1015I_08_01	08	01	0	376	16	1	1	Hit	558	16-0/22875384.thl.jpg	22875384.thl.jpg	SPACE	602	SPACE
1444936902721	0	lts_1015I_08_01	08	01	0	377	0	0	0	CR	MAX	ACAMLENSE.jpg	ACAMLENSE.jpg	NOKEY	MAX	NOKEY
1444936905797	0	lts_1015I_08_01	08	01	0	378	0	0	0	CR	MAX	AHOSPBED.jpg	AHOSPBED.jpg	NOKEY	MAX	NOKEY
1444936908873	0	lts_1015I_08_01	08	01	0	379	16	1	0	Miss	MAX	16-first/AOVEN.jpg	AOVEN.jpg	NOKEY	MAX	SPACE
1444936911950	0	lts_1015I_08_01	08	01	0	380	0	0	0	CR	MAX	22921112.thl.jpg	22921112.thl.jpg	NOKEY	MAX	NOKEY
1444936915027	0	lts_1015I_08_01	08	01	0	381	0	0	0	CR	MAX	22826448.thl.jpg	22826448.thl.jpg	NOKEY	MAX	NOKEY
1444936918103	0	lts_1015I_08_01	08	01	0	382	0	0	0	CR	MAX	ALEGCAST3.jpg	ALEGCAST3.jpg	NOKEY	MAX	NOKEY
1444936919139	0	lts_1015I_08_01	08	01	0	383	4	1	1	Hit	565	4-mul/AOVEN.jpg	AOVEN.jpg	SPACE	601	SPACE
1444936920661	0	lts_1015I_08_01	08	01	0	384	0	0	1	FA	1021	Anailbrush3.jpg	Anailbrush3.jpg	SPACE	1070	NOKEY
1444936922198	0	lts_1015I_08_01	08	01	0	385	0	0	1	FA	1065	4/Aclog6.jpg	Aclog6.jpg	SPACE	1103	NOKEY
1444936925275	0	lts_1015I_08_01	08	01	0	386	0	0	0	CR	MAX	ALAMP45.jpg	ALAMP45.jpg	NOKEY	MAX	NOKEY
1444936928351	0	lts_1015I_08_01	08	01	0	387	0	0	0	CR	MAX	4/saltpeppershakerjpg.jpg	saltpeppershakerjpg.jpg	NOKEY	MAX	NOKEY
1444936931427	0	lts_1015I_08_01	08	01	0	388	0	0	0	CR	MAX	AWILDPIG.jpg	AWILDPIG.jpg	NOKEY	MAX	NOKEY
1444936932547	0	lts_1015I_08_01	08	01	0	389	4	1	1	Hit	637	4-8/Aclog6.jpg	Aclog6.jpg	SPACE	686	SPACE
1444936935623	0	lts_1015I_08_01	08	01	0	390	0	0	0	CR	MAX	B_brush.jpg	B_brush.jpg	NOKEY	MAX	NOKEY
1444936936659	0	lts_1015I_08_01	08	01	0	391	4	1	1	Hit	566	4-9/saltpeppershakerjpg.jpg	saltpeppershakerjpg.jpg	SPACE	602	SPACE
1444936939734	0	lts_1015I_08_01	08	01	0	392	0	0	0	CR	MAX	ACREPMAK3.jpg	ACREPMAK3.jpg	NOKEY	MAX	NOKEY
1444936942811	0	lts_1015I_08_01	08	01	0	393	0	0	0	CR	MAX	redonion.jpg	redonion.jpg	NOKEY	MAX	NOKEY
1444936945887	0	lts_1015I_08_01	08	01	0	394	0	0	0	CR	MAX	Acandle109.jpg	Acandle109.jpg	NOKEY	MAX	NOKEY
1444936948963	0	lts_1015I_08_01	08	01	0	395	0	0	0	CR	MAX	Acrib12.jpg	Acrib12.jpg	NOKEY	MAX	NOKEY
1444936952040	0	lts_1015I_08_01	08	01	0	396	0	0	0	CR	MAX	1/ACOFFTA18.jpg	ACOFFTA18.jpg	NOKEY	MAX	NOKEY
1444936953026	0	lts_1015I_08_01	08	01	0	397	1	1	1	Hit	507	1-10/ACOFFTA18.jpg	ACOFFTA18.jpg	SPACE	552	SPACE
1444936954297	0	lts_1015I_08_01	08	01	0	398	0	0	1	FA	778	Atoyseasaw.jpg	Atoyseasaw.jpg	SPACE	819	NOKEY
1444936957373	0	lts_1015I_08_01	08	01	0	399	0	0	0	CR	MAX	26374713.thl.jpg	26374713.thl.jpg	NOKEY	MAX	NOKEY
1444936960449	0	lts_1015I_08_01	08	01	0	400	0	0	0	CR	MAX	fireking-file-cabinet.jpg	fireking-file-cabinet.jpg	NOKEY	MAX	NOKEY
1444936963525	0	lts_1015I_08_01	08	01	0	401	0	0	0	CR	MAX	ATURKEY11.jpg	ATURKEY11.jpg	NOKEY	MAX	NOKEY
1444936966601	0	lts_1015I_08_01	08	01	0	402	0	0	0	CR	MAX	monkeypuppet.jpg	monkeypuppet.jpg	NOKEY	MAX	NOKEY
1444936969676	0	lts_1015I_08_01	08	01	0	403	0	0	0	CR	MAX	A1OCLOC2.jpg	A1OCLOC2.jpg	NOKEY	MAX	NOKEY
1444936972752	0	lts_1015I_08_01	08	01	0	404	0	0	0	CR	MAX	32/ATUNFORK2.jpg	ATUNFORK2.jpg	NOKEY	MAX	NOKEY
1444936975828	0	lts_1015I_08_01	08	01	0	405	0	0	0	CR	MAX	1/AANTHAT2.jpg	AANTHAT2.jpg	NOKEY	MAX	NOKEY
1444936976898	0	lts_1015I_08_01	08	01	0	406	1	1	1	Hit	588	1-5/AANTHAT2.jpg	AANTHAT2.jpg	SPACE	636	SPACE
1444936979974	0	lts_1015I_08_01	08	01	0	407	0	0	0	CR	MAX	23028486.thl.jpg	23028486.thl.jpg	NOKEY	MAX	NOKEY
1444936983051	0	lts_1015I_08_01	08	01	0	408	0	0	0	CR	MAX	ATOOL9.jpg	ATOOL9.jpg	NOKEY	MAX	NOKEY
1444936986127	0	lts_1015I_08_01	08	01	0	409	0	0	0	CR	MAX	32/8023286.thl.jpg	8023286.thl.jpg	NOKEY	MAX	NOKEY
1444936987264	0	lts_1015I_08_01	08	01	0	410	64	1	1	Hit	664	64-first/26427950.thl.jpg	26427950.thl.jpg	SPACE	701	SPACE
1444936990340	0	lts_1015I_08_01	08	01	0	411	0	0	0	CR	MAX	ABOOTCRA5.jpg	ABOOTCRA5.jpg	NOKEY	MAX	NOKEY
1444936993483	0	lts_1015I_08_01	08	01	0	412	0	0	0	CR	MAX	AWISHWELL.jpg	AWISHWELL.jpg	NOKEY	MAX	NOKEY
1444936996559	0	lts_1015I_08_01	08	01	0	413	0	0	0	CR	MAX	AANTIBIK4.jpg	AANTIBIK4.jpg	NOKEY	MAX	NOKEY
1444936997579	0	lts_1015I_08_01	08	01	0	414	4	1	1	Hit	537	4-mul/26427950.thl.jpg	26427950.thl.jpg	SPACE	585	SPACE
1444937000655	0	lts_1015I_08_01	08	01	0	415	0	0	0	CR	MAX	makeupcrayon.jpg	makeupcrayon.jpg	NOKEY	MAX	NOKEY
1444937003730	0	lts_1015I_08_01	08	01	0	416	0	0	0	CR	MAX	Acomputerbag.jpg	Acomputerbag.jpg	NOKEY	MAX	NOKEY
1444937005202	0	lts_1015I_08_01	08	01	0	417	0	0	1	FA	989	AFUNNEL4.jpg	AFUNNEL4.jpg	SPACE	1036	NOKEY
1444937007359	0	lts_1015I_08_01	08	01	0	418	0	0	1	FA	1675	DSCN1248-sm.jpg	DSCN1248-sm.jpg	SPACE	1721	NOKEY
1444937010435	0	lts_1015I_08_01	08	01	0	419	0	0	0	CR	MAX	4/Atrap4.jpg	Atrap4.jpg	NOKEY	MAX	NOKEY
1444937013528	0	lts_1015I_08_01	08	01	0	420	0	0	0	CR	MAX	35311992.thl.jpg	35311992.thl.jpg	NOKEY	MAX	NOKEY
1444937016604	0	lts_1015I_08_01	08	01	0	421	0	0	0	CR	MAX	ABLOODCEA.jpg	ABLOODCEA.jpg	NOKEY	MAX	NOKEY
1444937019679	0	lts_1015I_08_01	08	01	0	422	0	0	0	CR	MAX	26421538.thl.jpg	26421538.thl.jpg	NOKEY	MAX	NOKEY
1444937021569	0	lts_1015I_08_01	08	01	0	423	4	1	1	Hit	1409	4-10/Atrap4.jpg	Atrap4.jpg	SPACE	1456	SPACE
1444937024645	0	lts_1015I_08_01	08	01	0	424	0	0	0	CR	MAX	22855404.thl.jpg	22855404.thl.jpg	NOKEY	MAX	NOKEY
1444937027720	0	lts_1015I_08_01	08	01	0	425	0	0	0	CR	MAX	ringbox03.jpg	ringbox03.jpg	NOKEY	MAX	NOKEY
1444937030796	0	lts_1015I_08_01	08	01	0	426	0	0	0	CR	MAX	Aseeder2.jpg	Aseeder2.jpg	NOKEY	MAX	NOKEY
1444937033873	0	lts_1015I_08_01	08	01	0	427	0	0	0	CR	MAX	AKITE5.jpg	AKITE5.jpg	NOKEY	MAX	NOKEY
1444937036982	0	lts_1015I_08_01	08	01	0	428	0	0	0	CR	MAX	4/26427867.thl.jpg	26427867.thl.jpg	NOKEY	MAX	NOKEY
1444937040059	0	lts_1015I_08_01	08	01	0	429	0	0	0	CR	MAX	Aleaf74.jpg	Aleaf74.jpg	NOKEY	MAX	NOKEY
1444937043135	0	lts_1015I_08_01	08	01	0	430	0	0	0	CR	MAX	AROOSTERP.jpg	AROOSTERP.jpg	NOKEY	MAX	NOKEY
1444937046211	0	lts_1015I_08_01	08	01	0	431	0	0	0	CR	MAX	et060.jpg	et060.jpg	NOKEY	MAX	NOKEY
1444937047498	0	lts_1015I_08_01	08	01	0	432	4	1	1	Hit	813	4-0/26427867.thl.jpg	26427867.thl.jpg	SPACE	853	SPACE
1444937050574	0	lts_1015I_08_01	08	01	0	433	0	0	0	CR	MAX	ABROWCONT.jpg	ABROWCONT.jpg	NOKEY	MAX	NOKEY
1444937053650	0	lts_1015I_08_01	08	01	0	434	0	0	0	CR	MAX	26431205.thl.jpg	26431205.thl.jpg	NOKEY	MAX	NOKEY
1444937056725	0	lts_1015I_08_01	08	01	0	435	0	0	0	CR	MAX	Astamp23.jpg	Astamp23.jpg	NOKEY	MAX	NOKEY
1444937057829	0	lts_1015I_08_01	08	01	0	436	32	1	1	Hit	628	32-2/ATUNFORK2.jpg	ATUNFORK2.jpg	SPACE	669	SPACE
1444937060905	0	lts_1015I_08_01	08	01	0	437	0	0	0	CR	MAX	2/Acactusplant.jpg	Acactusplant.jpg	NOKEY	MAX	NOKEY
1444937062310	0	lts_1015I_08_01	08	01	0	438	0	0	1	FA	930	26466347.thl.jpg	26466347.thl.jpg	SPACE	970	NOKEY
1444937063413	0	lts_1015I_08_01	08	01	0	439	2	1	1	Hit	622	2-11/Acactusplant.jpg	Acactusplant.jpg	SPACE	668	SPACE
1444937066490	0	lts_1015I_08_01	08	01	0	440	0	0	0	CR	MAX	Apersonsfoot.jpg	Apersonsfoot.jpg	NOKEY	MAX	NOKEY
1444937067559	0	lts_1015I_08_01	08	01	0	441	32	1	1	Hit	587	32-5/8023286.thl.jpg	8023286.thl.jpg	SPACE	635	SPACE
1444937070652	0	lts_1015I_08_01	08	01	0	442	0	0	0	CR	MAX	AAIRPORTC.jpg	AAIRPORTC.jpg	NOKEY	MAX	NOKEY
1444937073727	0	lts_1015I_08_01	08	01	0	443	0	0	0	CR	MAX	AFLOURBA2.jpg	AFLOURBA2.jpg	NOKEY	MAX	NOKEY
1444937076803	0	lts_1015I_08_01	08	01	0	444	0	0	0	CR	MAX	Abikinitop5.jpg	Abikinitop5.jpg	NOKEY	MAX	NOKEY
1444937079879	0	lts_1015I_08_01	08	01	0	445	0	0	0	CR	MAX	Acarrot.jpg	Acarrot.jpg	NOKEY	MAX	NOKEY
1444937082955	0	lts_1015I_08_01	08	01	0	446	0	0	0	CR	MAX	ABATHSALT.jpg	ABATHSALT.jpg	NOKEY	MAX	NOKEY
1444937086033	0	lts_1015I_08_01	08	01	0	447	0	0	0	CR	MAX	26468374.thl.jpg	26468374.thl.jpg	NOKEY	MAX	NOKEY
1444937089109	0	lts_1015I_08_01	08	01	0	448	0	0	0	CR	MAX	Abottleofchi2.jpg	Abottleofchi2.jpg	NOKEY	MAX	NOKEY
1444937092202	0	lts_1015I_08_01	08	01	0	449	0	0	0	CR	MAX	Ajetski15.jpg	Ajetski15.jpg	NOKEY	MAX	NOKEY
1444937114987	0	lts_1015I_08_01	08	01	1	0	0	0	0	CR	MAX	tires.jpg	tires.jpg	NOKEY	MAX	NOKEY
1444937118064	0	lts_1015I_08_01	08	01	1	1	0	0	0	CR	MAX	4/Abutterflynet.jpg	Abutterflynet.jpg	NOKEY	MAX	NOKEY
1444937121157	0	lts_1015I_08_01	08	01	1	2	0	0	0	CR	MAX	APBREAD2.jpg	APBREAD2.jpg	NOKEY	MAX	NOKEY
1444937124233	0	lts_1015I_08_01	08	01	1	3	0	0	0	CR	MAX	4/AREDROSE8.jpg	AREDROSE8.jpg	NOKEY	MAX	NOKEY
1444937127309	0	lts_1015I_08_01	08	01	1	4	0	0	0	CR	MAX	8/22923440.thl.jpg	22923440.thl.jpg	NOKEY	MAX	NOKEY
1444937128429	0	lts_1015I_08_01	08	01	1	5	4	1	1	Hit	647	4-1/Abutterflynet.jpg	Abutterflynet.jpg	SPACE	686	SPACE
1444937131505	0	lts_1015I_08_01	08	01	1	6	0	0	0	CR	MAX	4/Ahotdogplain.jpg	Ahotdogplain.jpg	NOKEY	MAX	NOKEY
1444937132491	0	lts_1015I_08_01	08	01	1	7	4	1	1	Hit	501	4-10/AREDROSE8.jpg	AREDROSE8.jpg	SPACE	552	SPACE
1444937135567	0	lts_1015I_08_01	08	01	1	8	0	0	0	CR	MAX	ADENSYRIN.jpg	ADENSYRIN.jpg	NOKEY	MAX	NOKEY
1444937138643	0	lts_1015I_08_01	08	01	1	9	0	0	0	CR	MAX	Achair608.jpg	Achair608.jpg	NOKEY	MAX	NOKEY
1444937139630	0	lts_1015I_08_01	08	01	1	10	4	1	1	Hit	504	4-4/Ahotdogplain.jpg	Ahotdogplain.jpg	SPACE	552	SPACE
1444937142705	0	lts_1015I_08_01	08	01	1	11	0	0	0	CR	MAX	Abrooch100.jpg	Abrooch100.jpg	NOKEY	MAX	NOKEY
1444937143808	0	lts_1015I_08_01	08	01	1	12	8	1	1	Hit	634	8-first/22923440.thl.jpg	22923440.thl.jpg	SPACE	670	SPACE
1444937146901	0	lts_1015I_08_01	08	01	1	13	0	0	0	CR	MAX	23016235.thl.jpg	23016235.thl.jpg	NOKEY	MAX	NOKEY
1444937149994	0	lts_1015I_08_01	08	01	1	14	0	0	0	CR	MAX	AMAILBO28.jpg	AMAILBO28.jpg	NOKEY	MAX	NOKEY
1444937153071	0	lts_1015I_08_01	08	01	1	15	0	0	0	CR	MAX	Acucumber2.jpg	Acucumber2.jpg	NOKEY	MAX	NOKEY
1444937154107	0	lts_1015I_08_01	08	01	1	16	4	1	1	Hit	565	4-mul/22923440.thl.jpg	22923440.thl.jpg	SPACE	601	SPACE
1444937157183	0	lts_1015I_08_01	08	01	1	17	0	0	0	CR	MAX	2/Hammock.jpg	Hammock.jpg	NOKEY	MAX	NOKEY
1444937160259	0	lts_1015I_08_01	08	01	1	18	0	0	0	CR	MAX	4/AANBABYCA.jpg	AANBABYCA.jpg	NOKEY	MAX	NOKEY
1444937161246	0	lts_1015I_08_01	08	01	1	19	2	1	1	Hit	513	2-9/Hammock.jpg	Hammock.jpg	SPACE	551	SPACE
1444937164322	0	lts_1015I_08_01	08	01	1	20	0	0	0	CR	MAX	16/seahorse.jpg	seahorse.jpg	NOKEY	MAX	NOKEY
1444937167398	0	lts_1015I_08_01	08	01	1	21	0	0	0	CR	MAX	64/ABEERBOT5.jpg	ABEERBOT5.jpg	NOKEY	MAX	NOKEY
1444937168418	0	lts_1015I_08_01	08	01	1	22	4	1	1	Hit	534	4-0/AANBABYCA.jpg	AANBABYCA.jpg	SPACE	584	SPACE
1444937171494	0	lts_1015I_08_01	08	01	1	23	0	0	0	CR	MAX	Adoorknocker2.jpg	Adoorknocker2.jpg	NOKEY	MAX	NOKEY
1444937174570	0	lts_1015I_08_01	08	01	1	24	00	1	0	Miss	MAX	00-across/Apencilsharp5.jpg	Apencilsharp5.jpg	NOKEY	MAX	SPACE
1444937177646	0	lts_1015I_08_01	08	01	1	25	0	0	0	CR	MAX	16/babyswig.jpg	babyswig.jpg	NOKEY	MAX	NOKEY
1444937180721	0	lts_1015I_08_01	08	01	1	26	0	0	0	CR	MAX	ASKIHOLD.jpg	ASKIHOLD.jpg	NOKEY	MAX	NOKEY
1444937183797	0	lts_1015I_08_01	08	01	1	27	0	0	0	CR	MAX	Azucchini9.jpg	Azucchini9.jpg	NOKEY	MAX	NOKEY
1444937186873	0	lts_1015I_08_01	08	01	1	28	0	0	0	CR	MAX	Aantelope2.jpg	Aantelope2.jpg	NOKEY	MAX	NOKEY
1444937189949	0	lts_1015I_08_01	08	01	1	29	0	0	0	CR	MAX	sphinx.jpg	sphinx.jpg	NOKEY	MAX	NOKEY
1444937193026	0	lts_1015I_08_01	08	01	1	30	0	0	0	CR	MAX	AMUFFIPAN.jpg	AMUFFIPAN.jpg	NOKEY	MAX	NOKEY
1444937196119	0	lts_1015I_08_01	08	01	1	31	0	0	0	CR	MAX	8/Asandgarden.jpg	Asandgarden.jpg	NOKEY	MAX	NOKEY
1444937199195	0	lts_1015I_08_01	08	01	1	32	0	0	0	CR	MAX	64/skateboard.jpg	skateboard.jpg	NOKEY	MAX	NOKEY
1444937202271	0	lts_1015I_08_01	08	01	1	33	0	0	0	CR	MAX	AMEDIEQUI.jpg	AMEDIEQUI.jpg	NOKEY	MAX	NOKEY
1444937205347	0	lts_1015I_08_01	08	01	1	34	0	0	0	CR	MAX	ANAPKIN4.jpg	ANAPKIN4.jpg	NOKEY	MAX	NOKEY
1444937208423	0	lts_1015I_08_01	08	01	1	35	0	0	0	CR	MAX	wok.jpg	wok.jpg	NOKEY	MAX	NOKEY
1444937209476	0	lts_1015I_08_01	08	01	1	36	16	1	1	Hit	580	16-1/seahorse.jpg	seahorse.jpg	SPACE	618	SPACE
1444937212553	0	lts_1015I_08_01	08	01	1	37	0	0	0	CR	MAX	AFULVOUST.jpg	AFULVOUST.jpg	NOKEY	MAX	NOKEY
1444937215629	0	lts_1015I_08_01	08	01	1	38	0	0	0	CR	MAX	Aextensionco8.jpg	Aextensionco8.jpg	NOKEY	MAX	NOKEY
1444937216748	0	lts_1015I_08_01	08	01	1	39	8	1	1	Hit	645	8-0/Asandgarden.jpg	Asandgarden.jpg	SPACE	685	SPACE
1444937219824	0	lts_1015I_08_01	08	01	1	40	0	0	0	CR	MAX	Aparrot80.jpg	Aparrot80.jpg	NOKEY	MAX	NOKEY
1444937220910	0	lts_1015I_08_01	08	01	1	41	16	1	1	Hit	604	16-first/babyswig.jpg	babyswig.jpg	SPACE	653	SPACE
1444937223986	0	lts_1015I_08_01	08	01	1	42	0	0	0	CR	MAX	8/AALARMSY5.jpg	AALARMSY5.jpg	NOKEY	MAX	NOKEY
1444937227064	0	lts_1015I_08_01	08	01	1	43	0	0	0	CR	MAX	1/Aalligator4.jpg	Aalligator4.jpg	NOKEY	MAX	NOKEY
1444937228050	0	lts_1015I_08_01	08	01	1	44	1	1	1	Hit	505	1-6/Aalligator4.jpg	Aalligator4.jpg	SPACE	552	SPACE
1444937231126	0	lts_1015I_08_01	08	01	1	45	0	0	0	CR	MAX	2/8063317.thl.jpg	8063317.thl.jpg	NOKEY	MAX	NOKEY
1444937234202	0	lts_1015I_08_01	08	01	1	46	0	0	0	CR	MAX	AVIOLINCO.jpg	AVIOLINCO.jpg	NOKEY	MAX	NOKEY
1444937235205	0	lts_1015I_08_01	08	01	1	47	2	1	1	Hit	533	2-3/8063317.thl.jpg	8063317.thl.jpg	SPACE	567	SPACE
1444937238281	0	lts_1015I_08_01	08	01	1	48	0	0	0	CR	MAX	Afusehousing.jpg	Afusehousing.jpg	NOKEY	MAX	NOKEY
1444937241357	0	lts_1015I_08_01	08	01	1	49	0	0	0	CR	MAX	128/26426317.thl.jpg	26426317.thl.jpg	NOKEY	MAX	NOKEY
1444937242944	0	lts_1015I_08_01	08	01	1	50	8	1	1	Hit	1114	8-first/AALARMSY5.jpg	AALARMSY5.jpg	SPACE	1153	SPACE
1444937246021	0	lts_1015I_08_01	08	01	1	51	0	0	0	CR	MAX	2/Aleopard19.jpg	Aleopard19.jpg	NOKEY	MAX	NOKEY
1444937249098	0	lts_1015I_08_01	08	01	1	52	0	0	0	CR	MAX	Ascarf7.jpg	Ascarf7.jpg	NOKEY	MAX	NOKEY
1444937250067	0	lts_1015I_08_01	08	01	1	53	2	1	1	Hit	500	2-0/Aleopard19.jpg	Aleopard19.jpg	SPACE	535	SPACE
1444937253143	0	lts_1015I_08_01	08	01	1	54	0	0	0	CR	MAX	16/Agarbagebag.jpg	Agarbagebag.jpg	NOKEY	MAX	NOKEY
1444937256219	0	lts_1015I_08_01	08	01	1	55	00	1	0	Miss	MAX	00-across/8023286.thl.jpg	8023286.thl.jpg	NOKEY	MAX	SPACE
1444937259295	0	lts_1015I_08_01	08	01	1	56	0	0	0	CR	MAX	ABROCHETT.jpg	ABROCHETT.jpg	NOKEY	MAX	NOKEY
1444937260349	0	lts_1015I_08_01	08	01	1	57	16	1	1	Hit	572	16-mul/babyswig.jpg	babyswig.jpg	SPACE	617	SPACE
1444937263441	0	lts_1015I_08_01	08	01	1	58	0	0	0	CR	MAX	26432760.thl.jpg	26432760.thl.jpg	NOKEY	MAX	NOKEY
1444937266517	0	lts_1015I_08_01	08	01	1	59	0	0	0	CR	MAX	1/AANTCABL2.jpg	AANTCABL2.jpg	NOKEY	MAX	NOKEY
1444937267487	0	lts_1015I_08_01	08	01	1	60	1	1	1	Hit	493	1-12/AANTCABL2.jpg	AANTCABL2.jpg	SPACE	535	SPACE
1444937270563	0	lts_1015I_08_01	08	01	1	61	0	0	0	CR	MAX	ACANDLE30.jpg	ACANDLE30.jpg	NOKEY	MAX	NOKEY
1444937273639	0	lts_1015I_08_01	08	01	1	62	0	0	0	CR	MAX	ATOOHOLDE.jpg	ATOOHOLDE.jpg	NOKEY	MAX	NOKEY
1444937276731	0	lts_1015I_08_01	08	01	1	63	0	0	0	CR	MAX	catslglol.jpg	catslglol.jpg	NOKEY	MAX	NOKEY
1444937279807	0	lts_1015I_08_01	08	01	1	64	0	0	0	CR	MAX	64/26386846.thl.jpg	26386846.thl.jpg	NOKEY	MAX	NOKEY
1444937282883	0	lts_1015I_08_01	08	01	1	65	0	0	0	CR	MAX	Aconnector2.jpg	Aconnector2.jpg	NOKEY	MAX	NOKEY
1444937283953	0	lts_1015I_08_01	08	01	1	66	16	1	1	Hit	589	16-mul/AALARMSY5.jpg	AALARMSY5.jpg	SPACE	636	SPACE
1444937287030	0	lts_1015I_08_01	08	01	1	67	0	0	0	CR	MAX	ASPOONS2.jpg	ASPOONS2.jpg	NOKEY	MAX	NOKEY
1444937290106	0	lts_1015I_08_01	08	01	1	68	0	0	0	CR	MAX	Acanadagoose.jpg	Acanadagoose.jpg	NOKEY	MAX	NOKEY
1444937293182	0	lts_1015I_08_01	08	01	1	69	0	0	0	CR	MAX	Asharktoy.jpg	Asharktoy.jpg	NOKEY	MAX	NOKEY
1444937294403	0	lts_1015I_08_01	08	01	1	70	16	1	1	Hit	735	16-first/Agarbagebag.jpg	Agarbagebag.jpg	SPACE	784	SPACE
1444937297479	0	lts_1015I_08_01	08	01	1	71	0	0	0	CR	MAX	26443034.thl.jpg	26443034.thl.jpg	NOKEY	MAX	NOKEY
1444937298582	0	lts_1015I_08_01	08	01	1	72	2	1	1	Hit	621	2-mul/Agarbagebag.jpg	Agarbagebag.jpg	SPACE	669	SPACE
1444937301658	0	lts_1015I_08_01	08	01	1	73	0	0	0	CR	MAX	32/22910996.thl.jpg	22910996.thl.jpg	NOKEY	MAX	NOKEY
1444937304733	0	lts_1015I_08_01	08	01	1	74	0	0	0	CR	MAX	2/Anoisma32.jpg	Anoisma32.jpg	NOKEY	MAX	NOKEY
1444937307809	0	lts_1015I_08_01	08	01	1	75	0	0	0	CR	MAX	Abulbprotect2.jpg	Abulbprotect2.jpg	NOKEY	MAX	NOKEY
1444937308946	0	lts_1015I_08_01	08	01	1	76	2	1	1	Hit	654	2-11/Anoisma32.jpg	Anoisma32.jpg	SPACE	703	SPACE
1444937312023	0	lts_1015I_08_01	08	01	1	77	0	0	0	CR	MAX	4/26428753.thl.jpg	26428753.thl.jpg	NOKEY	MAX	NOKEY
1444937315099	0	lts_1015I_08_01	08	01	1	78	0	0	0	CR	MAX	AAEROBENC.jpg	AAEROBENC.jpg	NOKEY	MAX	NOKEY
1444937318192	0	lts_1015I_08_01	08	01	1	79	0	0	0	CR	MAX	Alogholder.jpg	Alogholder.jpg	NOKEY	MAX	NOKEY
1444937321268	0	lts_1015I_08_01	08	01	1	80	0	0	0	CR	MAX	Acomputer11.jpg	Acomputer11.jpg	NOKEY	MAX	NOKEY
1444937322505	0	lts_1015I_08_01	08	01	1	81	4	1	1	Hit	767	4-6/26428753.thl.jpg	26428753.thl.jpg	SPACE	802	SPACE
1444937325581	0	lts_1015I_08_01	08	01	1	82	0	0	0	CR	MAX	22856172.thl.jpg	22856172.thl.jpg	NOKEY	MAX	NOKEY
1444937328657	0	lts_1015I_08_01	08	01	1	83	0	0	0	CR	MAX	32/Afunnel17.jpg	Afunnel17.jpg	NOKEY	MAX	NOKEY
1444937331732	0	lts_1015I_08_01	08	01	1	84	0	0	0	CR	MAX	AWINTGLO3.jpg	AWINTGLO3.jpg	NOKEY	MAX	NOKEY
1444937332769	0	lts_1015I_08_01	08	01	1	85	64	1	1	Hit	563	64-first/ABEERBOT5.jpg	ABEERBOT5.jpg	SPACE	603	SPACE
1444937335845	0	lts_1015I_08_01	08	01	1	86	0	0	0	CR	MAX	Asandwichiro2.jpg	Asandwichiro2.jpg	NOKEY	MAX	NOKEY
1444937338921	0	lts_1015I_08_01	08	01	1	87	0	0	0	CR	MAX	128/Abowlofpasta.jpg	Abowlofpasta.jpg	NOKEY	MAX	NOKEY
1444937341997	0	lts_1015I_08_01	08	01	1	88	0	0	0	CR	MAX	AHEATER.jpg	AHEATER.jpg	NOKEY	MAX	NOKEY
1444937342967	0	lts_1015I_08_01	08	01	1	89	4	1	1	Hit	498	4-mul/ABEERBOT5.jpg	ABEERBOT5.jpg	SPACE	535	SPACE
1444937346044	0	lts_1015I_08_01	08	01	1	90	0	0	0	CR	MAX	32/26389125.thl.jpg	26389125.thl.jpg	NOKEY	MAX	NOKEY
1444937349120	0	lts_1015I_08_01	08	01	1	91	00	1	0	Miss	MAX	00-across/Aspinningwhe2.jpg	Aspinningwhe2.jpg	NOKEY	MAX	SPACE
1444937352196	0	lts_1015I_08_01	08	01	1	92	0	0	0	CR	MAX	16/ABARREL3.jpg	ABARREL3.jpg	NOKEY	MAX	NOKEY
1444937355289	0	lts_1015I_08_01	08	01	1	93	0	0	0	CR	MAX	hatslmar.jpg	hatslmar.jpg	NOKEY	MAX	NOKEY
1444937358365	0	lts_1015I_08_01	08	01	1	94	00	1	0	Miss	MAX	00-across/ANAILFILE.jpg	ANAILFILE.jpg	NOKEY	MAX	SPACE
1444937361441	0	lts_1015I_08_01	08	01	1	95	0	0	0	CR	MAX	AONETOAST.jpg	AONETOAST.jpg	NOKEY	MAX	NOKEY
1444937362444	0	lts_1015I_08_01	08	01	1	96	64	1	1	Hit	533	64-first/skateboard.jpg	skateboard.jpg	SPACE	569	SPACE
1444937365520	0	lts_1015I_08_01	08	01	1	97	0	0	0	CR	MAX	26424478.thl.jpg	26424478.thl.jpg	NOKEY	MAX	NOKEY
1444937366523	0	lts_1015I_08_01	08	01	1	98	2	1	1	Hit	522	2-mul/skateboard.jpg	skateboard.jpg	SPACE	569	SPACE
1444937369599	0	lts_1015I_08_01	08	01	1	99	0	0	0	CR	MAX	AMOUSETOY.jpg	AMOUSETOY.jpg	NOKEY	MAX	NOKEY
1444937372691	0	lts_1015I_08_01	08	01	1	100	0	0	0	CR	MAX	ACUSHIO60.jpg	ACUSHIO60.jpg	NOKEY	MAX	NOKEY
1444937375767	0	lts_1015I_08_01	08	01	1	101	0	0	0	CR	MAX	1/26429137.thl.jpg	26429137.thl.jpg	NOKEY	MAX	NOKEY
1444937376803	0	lts_1015I_08_01	08	01	1	102	1	1	1	Hit	558	1-0/26429137.thl.jpg	26429137.thl.jpg	SPACE	603	SPACE
1444937379880	0	lts_1015I_08_01	08	01	1	103	0	0	0	CR	MAX	APAPYRUS.jpg	APAPYRUS.jpg	NOKEY	MAX	NOKEY
1444937382956	0	lts_1015I_08_01	08	01	1	104	0	0	0	CR	MAX	64/APASTA19.jpg	APASTA19.jpg	NOKEY	MAX	NOKEY
1444937384043	0	lts_1015I_08_01	08	01	1	105	32	1	1	Hit	612	32-5/22910996.thl.jpg	22910996.thl.jpg	SPACE	653	SPACE
1444937387119	0	lts_1015I_08_01	08	01	1	106	0	0	0	CR	MAX	ATHERMO12.jpg	ATHERMO12.jpg	NOKEY	MAX	NOKEY
1444937390195	0	lts_1015I_08_01	08	01	1	107	0	0	0	CR	MAX	ATRUNK15.jpg	ATRUNK15.jpg	NOKEY	MAX	NOKEY
1444937391315	0	lts_1015I_08_01	08	01	1	108	16	1	1	Hit	633	16-first/ABARREL3.jpg	ABARREL3.jpg	SPACE	684	SPACE
1444937394391	0	lts_1015I_08_01	08	01	1	109	0	0	0	CR	MAX	AHYPONEE3.jpg	AHYPONEE3.jpg	NOKEY	MAX	NOKEY
1444937395411	0	lts_1015I_08_01	08	01	1	110	0	0	1	FA	543	128/Atoychestfor3.jpg	Atoychestfor3.jpg	SPACE	584	NOKEY
1444937398487	0	lts_1015I_08_01	08	01	1	111	0	0	0	CR	MAX	Ahumidifier.jpg	Ahumidifier.jpg	NOKEY	MAX	NOKEY
1444937399457	0	lts_1015I_08_01	08	01	1	112	4	1	1	Hit	488	4-mul/ABARREL3.jpg	ABARREL3.jpg	SPACE	535	SPACE
1444937402533	0	lts_1015I_08_01	08	01	1	113	0	0	0	CR	MAX	4/Alanter59.jpg	Alanter59.jpg	NOKEY	MAX	NOKEY
1444937405609	0	lts_1015I_08_01	08	01	1	114	0	0	0	CR	MAX	ARATTLE.jpg	ARATTLE.jpg	NOKEY	MAX	NOKEY
1444937406596	0	lts_1015I_08_01	08	01	1	115	32	1	1	Hit	517	32-1/Afunnel17.jpg	Afunnel17.jpg	SPACE	551	SPACE
1444937409671	0	lts_1015I_08_01	08	01	1	116	0	0	0	CR	MAX	greenbeans.jpg	greenbeans.jpg	NOKEY	MAX	NOKEY
1444937410974	0	lts_1015I_08_01	08	01	1	117	4	1	1	Hit	827	4-2/Alanter59.jpg	Alanter59.jpg	SPACE	870	SPACE
1444937414052	0	lts_1015I_08_01	08	01	1	118	0	0	0	CR	MAX	AOVENMIT5.jpg	AOVENMIT5.jpg	NOKEY	MAX	NOKEY
1444937417144	0	lts_1015I_08_01	08	01	1	119	0	0	0	CR	MAX	1/Abrassbu2.jpg	Abrassbu2.jpg	NOKEY	MAX	NOKEY
1444937418064	0	lts_1015I_08_01	08	01	1	120	1	1	1	Hit	445	1-8/Abrassbu2.jpg	Abrassbu2.jpg	SPACE	485	SPACE
1444937421140	0	lts_1015I_08_01	08	01	1	121	0	0	0	CR	MAX	26424133.thl.jpg	26424133.thl.jpg	NOKEY	MAX	NOKEY
1444937422176	0	lts_1015I_08_01	08	01	1	122	32	1	1	Hit	561	32-6/26389125.thl.jpg	26389125.thl.jpg	SPACE	601	SPACE
1444937425253	0	lts_1015I_08_01	08	01	1	123	0	0	0	CR	MAX	Askirt3.jpg	Askirt3.jpg	NOKEY	MAX	NOKEY
1444937428329	0	lts_1015I_08_01	08	01	1	124	0	0	0	CR	MAX	2/26428041.thl.jpg	26428041.thl.jpg	NOKEY	MAX	NOKEY
1444937431405	0	lts_1015I_08_01	08	01	1	125	0	0	0	CR	MAX	stickersparty.jpg	stickersparty.jpg	NOKEY	MAX	NOKEY
1444937432491	0	lts_1015I_08_01	08	01	1	126	2	1	1	Hit	609	2-7/26428041.thl.jpg	26428041.thl.jpg	SPACE	652	SPACE
1444937435567	0	lts_1015I_08_01	08	01	1	127	0	0	0	CR	MAX	AREDBEAN5.jpg	AREDBEAN5.jpg	NOKEY	MAX	NOKEY
1444937436753	0	lts_1015I_08_01	08	01	1	128	64	1	1	Hit	712	64-first/26386846.thl.jpg	26386846.thl.jpg	SPACE	752	SPACE
1444937439846	0	lts_1015I_08_01	08	01	1	129	0	0	0	CR	MAX	32/Agardeningpai.jpg	Agardeningpai.jpg	NOKEY	MAX	NOKEY
1444937442922	0	lts_1015I_08_01	08	01	1	130	0	0	0	CR	MAX	Arake3.jpg	Arake3.jpg	NOKEY	MAX	NOKEY
1444937445998	0	lts_1015I_08_01	08	01	1	131	0	0	0	CR	MAX	toy2A.JPG	toy2A.JPG	NOKEY	MAX	NOKEY
1444937449075	0	lts_1015I_08_01	08	01	1	132	0	0	0	CR	MAX	4/APHARAOH.jpg	APHARAOH.jpg	NOKEY	MAX	NOKEY
1444937452151	0	lts_1015I_08_01	08	01	1	133	0	0	0	CR	MAX	26437028.thl.jpg	26437028.thl.jpg	NOKEY	MAX	NOKEY
1444937455227	0	lts_1015I_08_01	08	01	1	134	0	0	0	CR	MAX	AGARDHOSE.jpg	AGARDHOSE.jpg	NOKEY	MAX	NOKEY
1444937458303	0	lts_1015I_08_01	08	01	1	135	0	0	0	CR	MAX	ADENTOOL.jpg	ADENTOOL.jpg	NOKEY	MAX	NOKEY
1444937459373	0	lts_1015I_08_01	08	01	1	136	4	1	1	Hit	596	4-3/APHARAOH.jpg	APHARAOH.jpg	SPACE	634	SPACE
1444937462449	0	lts_1015I_08_01	08	01	1	137	0	0	0	CR	MAX	zip-a.jpg	zip-a.jpg	NOKEY	MAX	NOKEY
1444937465526	0	lts_1015I_08_01	08	01	1	138	0	0	0	CR	MAX	128/babyseatback.jpg	babyseatback.jpg	NOKEY	MAX	NOKEY
1444937468618	0	lts_1015I_08_01	08	01	1	139	0	0	0	CR	MAX	Apineapple3.jpg	Apineapple3.jpg	NOKEY	MAX	NOKEY
1444937471693	0	lts_1015I_08_01	08	01	1	140	0	0	0	CR	MAX	8/Agroundhog.jpg	Agroundhog.jpg	NOKEY	MAX	NOKEY
1444937474769	0	lts_1015I_08_01	08	01	1	141	0	0	0	CR	MAX	22857084.thl.jpg	22857084.thl.jpg	NOKEY	MAX	NOKEY
1444937477846	0	lts_1015I_08_01	08	01	1	142	0	0	0	CR	MAX	AROCKSHO2.jpg	AROCKSHO2.jpg	NOKEY	MAX	NOKEY
1444937480922	0	lts_1015I_08_01	08	01	1	143	0	0	0	CR	MAX	ABOOK23.jpg	ABOOK23.jpg	NOKEY	MAX	NOKEY
1444937481908	0	lts_1015I_08_01	08	01	1	144	16	1	1	Hit	512	16-mul/26386846.thl.jpg	26386846.thl.jpg	SPACE	553	SPACE
1444937484984	0	lts_1015I_08_01	08	01	1	145	0	0	0	CR	MAX	AMEDCONTA.jpg	AMEDCONTA.jpg	NOKEY	MAX	NOKEY
1444937488061	0	lts_1015I_08_01	08	01	1	146	0	0	0	CR	MAX	8/Aplantinpot4.jpg	Aplantinpot4.jpg	NOKEY	MAX	NOKEY
1444937491137	0	lts_1015I_08_01	08	01	1	147	0	0	0	CR	MAX	32/26442719.thl.jpg	26442719.thl.jpg	NOKEY	MAX	NOKEY
1444937492174	0	lts_1015I_08_01	08	01	1	148	8	1	1	Hit	557	8-first/Agroundhog.jpg	Agroundhog.jpg	SPACE	600	SPACE
1444937495250	0	lts_1015I_08_01	08	01	1	149	0	0	0	CR	MAX	1/chocolatebar.jpg	chocolatebar.jpg	NOKEY	MAX	NOKEY
1444937496152	0	lts_1015I_08_01	08	01	1	150	1	1	1	Hit	432	1-3/chocolatebar.jpg	chocolatebar.jpg	SPACE	467	SPACE
1444937499229	0	lts_1015I_08_01	08	01	1	151	0	0	0	CR	MAX	APEELER.jpg	APEELER.jpg	NOKEY	MAX	NOKEY
1444937500131	0	lts_1015I_08_01	08	01	1	152	4	1	1	Hit	430	4-mul/Agroundhog.jpg	Agroundhog.jpg	SPACE	467	SPACE
1444937503207	0	lts_1015I_08_01	08	01	1	153	0	0	0	CR	MAX	Abeany2.jpg	Abeany2.jpg	NOKEY	MAX	NOKEY
1444937504210	0	lts_1015I_08_01	08	01	1	154	8	1	1	Hit	524	8-first/Aplantinpot4.jpg	Aplantinpot4.jpg	SPACE	567	SPACE
1444937507287	0	lts_1015I_08_01	08	01	1	155	0	0	0	CR	MAX	Athermosand12.jpg	Athermosand12.jpg	NOKEY	MAX	NOKEY
1444937508256	0	lts_1015I_08_01	08	01	1	156	2	1	1	Hit	499	2-mul/Aplantinpot4.jpg	Aplantinpot4.jpg	SPACE	534	SPACE
1444937511332	0	lts_1015I_08_01	08	01	1	157	0	0	0	CR	MAX	ADOCKPOST.jpg	ADOCKPOST.jpg	NOKEY	MAX	NOKEY
1444937514408	0	lts_1015I_08_01	08	01	1	158	0	0	0	CR	MAX	ShoeHorn.jpg	ShoeHorn.jpg	NOKEY	MAX	NOKEY
1444937517484	0	lts_1015I_08_01	08	01	1	159	0	0	0	CR	MAX	AROCKCH27.jpg	AROCKCH27.jpg	NOKEY	MAX	NOKEY
1444937520560	0	lts_1015I_08_01	08	01	1	160	0	0	0	CR	MAX	Adecorati133.jpg	Adecorati133.jpg	NOKEY	MAX	NOKEY
1444937521580	0	lts_1015I_08_01	08	01	1	161	32	1	1	Hit	539	32-0/Agardeningpai.jpg	Agardeningpai.jpg	SPACE	585	SPACE
1444937524656	0	lts_1015I_08_01	08	01	1	162	0	0	0	CR	MAX	128/26374135.thl.jpg	26374135.thl.jpg	NOKEY	MAX	NOKEY
1444937527731	0	lts_1015I_08_01	08	01	1	163	0	0	0	CR	MAX	ABAKINGPA.jpg	ABAKINGPA.jpg	NOKEY	MAX	NOKEY
1444937530807	0	lts_1015I_08_01	08	01	1	164	0	0	0	CR	MAX	ASMOKMEAT.jpg	ASMOKMEAT.jpg	NOKEY	MAX	NOKEY
1444937533883	0	lts_1015I_08_01	08	01	1	165	0	0	0	CR	MAX	ADAQUIRI.jpg	ADAQUIRI.jpg	NOKEY	MAX	NOKEY
1444937536960	0	lts_1015I_08_01	08	01	1	166	0	0	0	CR	MAX	16/airbottle1.jpg	airbottle1.jpg	NOKEY	MAX	NOKEY
1444937540037	0	lts_1015I_08_01	08	01	1	167	0	0	0	CR	MAX	AJEEPBOA2.jpg	AJEEPBOA2.jpg	NOKEY	MAX	NOKEY
1444937541090	0	lts_1015I_08_01	08	01	1	168	64	1	1	Hit	583	64-first/APASTA19.jpg	APASTA19.jpg	SPACE	618	SPACE
1444937544166	0	lts_1015I_08_01	08	01	1	169	0	0	0	CR	MAX	Acalligraphy2.jpg	Acalligraphy2.jpg	NOKEY	MAX	NOKEY
1444937545169	0	lts_1015I_08_01	08	01	1	170	2	1	1	Hit	520	2-mul/APASTA19.jpg	APASTA19.jpg	SPACE	568	SPACE
1444937548245	0	lts_1015I_08_01	08	01	1	171	0	0	0	CR	MAX	Achair1260.jpg	Achair1260.jpg	NOKEY	MAX	NOKEY
1444937551338	0	lts_1015I_08_01	08	01	1	172	0	0	0	CR	MAX	2/26437074.thl.jpg	26437074.thl.jpg	NOKEY	MAX	NOKEY
1444937554414	0	lts_1015I_08_01	08	01	1	173	0	0	0	CR	MAX	16/Aleaf75.jpg	Aleaf75.jpg	NOKEY	MAX	NOKEY
1444937555450	0	lts_1015I_08_01	08	01	1	174	2	1	1	Hit	554	2-5/26437074.thl.jpg	26437074.thl.jpg	SPACE	602	SPACE
1444937558526	0	lts_1015I_08_01	08	01	1	175	0	0	0	CR	MAX	ABAMBCHAI.jpg	ABAMBCHAI.jpg	NOKEY	MAX	NOKEY
1444937561603	0	lts_1015I_08_01	08	01	1	176	0	0	0	CR	MAX	Aabacus.jpg	Aabacus.jpg	NOKEY	MAX	NOKEY
1444937562788	0	lts_1015I_08_01	08	01	1	177	128	1	1	Hit	708	128-6/26426317.thl.jpg	26426317.thl.jpg	SPACE	752	SPACE
1444937563825	0	lts_1015I_08_01	08	01	1	178	0	0	1	FA	556	Adeer20.jpg	Adeer20.jpg	SPACE	603	NOKEY
1444937564945	0	lts_1015I_08_01	08	01	1	179	32	1	1	Hit	650	32-4/26442719.thl.jpg	26442719.thl.jpg	SPACE	687	SPACE
1444937568022	0	lts_1015I_08_01	08	01	1	180	0	0	0	CR	MAX	26439913.thl.jpg	26439913.thl.jpg	NOKEY	MAX	NOKEY
1444937571098	0	lts_1015I_08_01	08	01	1	181	0	0	0	CR	MAX	16/AMILPANS2.jpg	AMILPANS2.jpg	NOKEY	MAX	NOKEY
1444937572151	0	lts_1015I_08_01	08	01	1	182	16	1	1	Hit	578	16-first/airbottle1.jpg	airbottle1.jpg	SPACE	617	SPACE
1444937573789	0	lts_1015I_08_01	08	01	1	183	0	0	1	FA	1158	9816397.thl.jpg	9816397.thl.jpg	SPACE	1204	NOKEY
1444937576865	0	lts_1015I_08_01	08	01	1	184	0	0	0	CR	MAX	Acow60.jpg	Acow60.jpg	NOKEY	MAX	NOKEY
1444937579941	0	lts_1015I_08_01	08	01	1	185	0	0	0	CR	MAX	ACHESSPI4.jpg	ACHESSPI4.jpg	NOKEY	MAX	NOKEY
1444937581045	0	lts_1015I_08_01	08	01	1	186	4	1	1	Hit	634	4-mul/airbottle1.jpg	airbottle1.jpg	SPACE	670	SPACE
1444937584121	0	lts_1015I_08_01	08	01	1	187	0	0	0	CR	MAX	Aclamp62.jpg	Aclamp62.jpg	NOKEY	MAX	NOKEY
1444937587197	0	lts_1015I_08_01	08	01	1	188	0	0	0	CR	MAX	8026084.thl.jpg	8026084.thl.jpg	NOKEY	MAX	NOKEY
1444937588334	0	lts_1015I_08_01	08	01	1	189	16	1	1	Hit	655	16-first/Aleaf75.jpg	Aleaf75.jpg	SPACE	701	SPACE
1444937591410	0	lts_1015I_08_01	08	01	1	190	0	0	0	CR	MAX	ATRIUMPH3.jpg	ATRIUMPH3.jpg	NOKEY	MAX	NOKEY
1444937594486	0	lts_1015I_08_01	08	01	1	191	0	0	0	CR	MAX	2/Abananasundae.jpg	Abananasundae.jpg	NOKEY	MAX	NOKEY
1444937597562	0	lts_1015I_08_01	08	01	1	192	0	0	0	CR	MAX	piece.jpg	piece.jpg	NOKEY	MAX	NOKEY
1444937598565	0	lts_1015I_08_01	08	01	1	193	2	1	1	Hit	531	2-4/Abananasundae.jpg	Abananasundae.jpg	SPACE	568	SPACE
1444937601642	0	lts_1015I_08_01	08	01	1	194	0	0	0	CR	MAX	Abagofherbs.jpg	Abagofherbs.jpg	NOKEY	MAX	NOKEY
1444937604717	0	lts_1015I_08_01	08	01	1	195	0	0	0	CR	MAX	AEARING49.jpg	AEARING49.jpg	NOKEY	MAX	NOKEY
1444937607793	0	lts_1015I_08_01	08	01	1	196	0	0	0	CR	MAX	Acoatrack5.jpg	Acoatrack5.jpg	NOKEY	MAX	NOKEY
1444937610869	0	lts_1015I_08_01	08	01	1	197	16	1	0	Miss	MAX	16-0/AMILPANS2.jpg	AMILPANS2.jpg	NOKEY	MAX	SPACE
1444937614013	0	lts_1015I_08_01	08	01	1	198	0	0	0	CR	MAX	4/ARECORDSY.jpg	ARECORDSY.jpg	NOKEY	MAX	NOKEY
1444937617089	0	lts_1015I_08_01	08	01	1	199	0	0	0	CR	MAX	fullbucket.jpg	fullbucket.jpg	NOKEY	MAX	NOKEY
1444937620165	0	lts_1015I_08_01	08	01	1	200	0	0	0	CR	MAX	32/Ahorse23.jpg	Ahorse23.jpg	NOKEY	MAX	NOKEY
1444937623241	0	lts_1015I_08_01	08	01	1	201	0	0	0	CR	MAX	8/AANTJUG.jpg	AANTJUG.jpg	NOKEY	MAX	NOKEY
1444937624411	0	lts_1015I_08_01	08	01	1	202	4	1	1	Hit	688	4-11/ARECORDSY.jpg	ARECORDSY.jpg	SPACE	735	SPACE
1444937627487	0	lts_1015I_08_01	08	01	1	203	0	0	0	CR	MAX	Aboxofstaples.jpg	Aboxofstaples.jpg	NOKEY	MAX	NOKEY
1444937630563	0	lts_1015I_08_01	08	01	1	204	0	0	0	CR	MAX	ACHANGDIS.jpg	ACHANGDIS.jpg	NOKEY	MAX	NOKEY
1444937631600	0	lts_1015I_08_01	08	01	1	205	16	1	1	Hit	550	16-mul/Aleaf75.jpg	Aleaf75.jpg	SPACE	602	SPACE
1444937634675	0	lts_1015I_08_01	08	01	1	206	0	0	0	CR	MAX	ACONBENCH.jpg	ACONBENCH.jpg	NOKEY	MAX	NOKEY
1444937637751	0	lts_1015I_08_01	08	01	1	207	0	0	0	CR	MAX	ABELL7.jpg	ABELL7.jpg	NOKEY	MAX	NOKEY
1444937640827	0	lts_1015I_08_01	08	01	1	208	0	0	0	CR	MAX	mouse-a.jpg	mouse-a.jpg	NOKEY	MAX	NOKEY
1444937643903	0	lts_1015I_08_01	08	01	1	209	8	1	0	Miss	MAX	8-2/AANTJUG.jpg	AANTJUG.jpg	NOKEY	MAX	SPACE
1444937646979	0	lts_1015I_08_01	08	01	1	210	0	0	0	CR	MAX	APOTGOLD2.jpg	APOTGOLD2.jpg	NOKEY	MAX	NOKEY
1444937650056	0	lts_1015I_08_01	08	01	1	211	0	0	0	CR	MAX	8074514.thl.jpg	8074514.thl.jpg	NOKEY	MAX	NOKEY
1444937653132	0	lts_1015I_08_01	08	01	1	212	0	0	0	CR	MAX	grenade.jpg	grenade.jpg	NOKEY	MAX	NOKEY
1444937656208	0	lts_1015I_08_01	08	01	1	213	0	0	0	CR	MAX	Achest20.jpg	Achest20.jpg	NOKEY	MAX	NOKEY
1444937659301	0	lts_1015I_08_01	08	01	1	214	0	0	0	CR	MAX	4/A_coin.jpg	A_coin.jpg	NOKEY	MAX	NOKEY
1444937662377	0	lts_1015I_08_01	08	01	1	215	128	1	0	Miss	MAX	128-2/Abowlofpasta.jpg	Abowlofpasta.jpg	NOKEY	MAX	SPACE
1444937665453	0	lts_1015I_08_01	08	01	1	216	0	0	0	CR	MAX	26434250.thl.jpg	26434250.thl.jpg	NOKEY	MAX	NOKEY
1444937668529	0	lts_1015I_08_01	08	01	1	217	0	0	0	CR	MAX	eraserbrush.jpg	eraserbrush.jpg	NOKEY	MAX	NOKEY
1444937669549	0	lts_1015I_08_01	08	01	1	218	4	1	1	Hit	540	4-12/A_coin.jpg	A_coin.jpg	SPACE	585	SPACE
1444937672625	0	lts_1015I_08_01	08	01	1	219	0	0	0	CR	MAX	26451168.thl.jpg	26451168.thl.jpg	NOKEY	MAX	NOKEY
1444937675700	0	lts_1015I_08_01	08	01	1	220	0	0	0	CR	MAX	2/Amixer29.jpg	Amixer29.jpg	NOKEY	MAX	NOKEY
1444937678776	0	lts_1015I_08_01	08	01	1	221	0	0	0	CR	MAX	8252065.thl.jpg	8252065.thl.jpg	NOKEY	MAX	NOKEY
1444937679813	0	lts_1015I_08_01	08	01	1	222	2	1	1	Hit	560	2-2/Amixer29.jpg	Amixer29.jpg	SPACE	603	SPACE
1444937682889	0	lts_1015I_08_01	08	01	1	223	0	0	0	CR	MAX	26421357.thl.jpg	26421357.thl.jpg	NOKEY	MAX	NOKEY
1444937685965	0	lts_1015I_08_01	08	01	1	224	0	0	0	CR	MAX	8245818.thl.jpg	8245818.thl.jpg	NOKEY	MAX	NOKEY
1444937689042	0	lts_1015I_08_01	08	01	1	225	0	0	0	CR	MAX	AWEIGHT7.jpg	AWEIGHT7.jpg	NOKEY	MAX	NOKEY
1444937692118	0	lts_1015I_08_01	08	01	1	226	0	0	0	CR	MAX	Aslippers2.jpg	Aslippers2.jpg	NOKEY	MAX	NOKEY
1444937693455	0	lts_1015I_08_01	08	01	1	227	00	1	1	Hit	860	00-across/barbwirecoil.jpg	barbwirecoil.jpg	SPACE	903	SPACE
1444937696531	0	lts_1015I_08_01	08	01	1	228	0	0	0	CR	MAX	26441176.thl.jpg	26441176.thl.jpg	NOKEY	MAX	NOKEY
1444937699624	0	lts_1015I_08_01	08	01	1	229	0	0	0	CR	MAX	AOLDBAT2.jpg	AOLDBAT2.jpg	NOKEY	MAX	NOKEY
1444937702699	0	lts_1015I_08_01	08	01	1	230	0	0	0	CR	MAX	64/8055181.thl.jpg	8055181.thl.jpg	NOKEY	MAX	NOKEY
1444937705775	0	lts_1015I_08_01	08	01	1	231	0	0	0	CR	MAX	128/APERSRUG.jpg	APERSRUG.jpg	NOKEY	MAX	NOKEY
1444937706962	0	lts_1015I_08_01	08	01	1	232	32	1	1	Hit	714	32-8/Ahorse23.jpg	Ahorse23.jpg	SPACE	753	SPACE
1444937710039	0	lts_1015I_08_01	08	01	1	233	0	0	0	CR	MAX	128/Atoydrill4.jpg	Atoydrill4.jpg	NOKEY	MAX	NOKEY
1444937713116	0	lts_1015I_08_01	08	01	1	234	0	0	0	CR	MAX	Atombstone17.jpg	Atombstone17.jpg	NOKEY	MAX	NOKEY
1444937716192	0	lts_1015I_08_01	08	01	1	235	0	0	0	CR	MAX	Ahourglass4.jpg	Ahourglass4.jpg	NOKEY	MAX	NOKEY
1444937719268	0	lts_1015I_08_01	08	01	1	236	0	0	0	CR	MAX	Ahandbag50.jpg	Ahandbag50.jpg	NOKEY	MAX	NOKEY
1444937722344	0	lts_1015I_08_01	08	01	1	237	0	0	0	CR	MAX	Asewingpin.jpg	Asewingpin.jpg	NOKEY	MAX	NOKEY
1444937724233	0	lts_1015I_08_01	08	01	1	238	128	1	1	Hit	1414	128-7/Atoychestfor3.jpg	Atoychestfor3.jpg	SPACE	1454	SPACE
1444937727309	0	lts_1015I_08_01	08	01	1	239	0	0	0	CR	MAX	8/Aflamingo4.jpg	Aflamingo4.jpg	NOKEY	MAX	NOKEY
1444937730385	0	lts_1015I_08_01	08	01	1	240	0	0	0	CR	MAX	64/Ahotwaterbot2.jpg	Ahotwaterbot2.jpg	NOKEY	MAX	NOKEY
1444937733461	0	lts_1015I_08_01	08	01	1	241	0	0	0	CR	MAX	Alintbrush2.jpg	Alintbrush2.jpg	NOKEY	MAX	NOKEY
1444937736537	0	lts_1015I_08_01	08	01	1	242	0	0	0	CR	MAX	ACLOGOPE3.jpg	ACLOGOPE3.jpg	NOKEY	MAX	NOKEY
1444937739613	0	lts_1015I_08_01	08	01	1	243	0	0	0	CR	MAX	1/26377183.thl.jpg	26377183.thl.jpg	NOKEY	MAX	NOKEY
1444937740566	0	lts_1015I_08_01	08	01	1	244	1	1	1	Hit	472	1-10/26377183.thl.jpg	26377183.thl.jpg	SPACE	518	SPACE
1444937743642	0	lts_1015I_08_01	08	01	1	245	0	0	0	CR	MAX	Afilmnegativ2.jpg	Afilmnegativ2.jpg	NOKEY	MAX	NOKEY
1444937746717	0	lts_1015I_08_01	08	01	1	246	0	0	0	CR	MAX	Aantiquecigar.jpg	Aantiquecigar.jpg	NOKEY	MAX	NOKEY
1444937747670	0	lts_1015I_08_01	08	01	1	247	8	1	1	Hit	483	8-first/Aflamingo4.jpg	Aflamingo4.jpg	SPACE	519	SPACE
1444937750746	0	lts_1015I_08_01	08	01	1	248	0	0	0	CR	MAX	Abasket108.jpg	Abasket108.jpg	NOKEY	MAX	NOKEY
1444937753822	0	lts_1015I_08_01	08	01	1	249	0	0	0	CR	MAX	8/ABUILDAR4.jpg	ABUILDAR4.jpg	NOKEY	MAX	NOKEY
1444937756898	0	lts_1015I_08_01	08	01	1	250	0	0	0	CR	MAX	64/ACUPBOAR5.jpg	ACUPBOAR5.jpg	NOKEY	MAX	NOKEY
1444937759974	0	lts_1015I_08_01	08	01	1	251	0	0	0	CR	MAX	2/26433347.thl.jpg	26433347.thl.jpg	NOKEY	MAX	NOKEY
1444937763051	0	lts_1015I_08_01	08	01	1	252	0	0	0	CR	MAX	Awaffle3.jpg	Awaffle3.jpg	NOKEY	MAX	NOKEY
1444937764155	0	lts_1015I_08_01	08	01	1	253	2	1	1	Hit	617	2-1/26433347.thl.jpg	26433347.thl.jpg	SPACE	668	SPACE
1444937767231	0	lts_1015I_08_01	08	01	1	254	0	0	0	CR	MAX	1/AFISHHOO9.jpg	AFISHHOO9.jpg	NOKEY	MAX	NOKEY
1444937768251	0	lts_1015I_08_01	08	01	1	255	1	1	1	Hit	534	1-11/AFISHHOO9.jpg	AFISHHOO9.jpg	SPACE	585	SPACE
1444937771327	0	lts_1015I_08_01	08	01	1	256	0	0	0	CR	MAX	26685948.thl.jpg	26685948.thl.jpg	NOKEY	MAX	NOKEY
1444937772330	0	lts_1015I_08_01	08	01	1	257	8	1	1	Hit	530	8-first/ABUILDAR4.jpg	ABUILDAR4.jpg	SPACE	568	SPACE
1444937775406	0	lts_1015I_08_01	08	01	1	258	0	0	0	CR	MAX	AJAR15.jpg	AJAR15.jpg	NOKEY	MAX	NOKEY
1444937776442	0	lts_1015I_08_01	08	01	1	259	2	1	1	Hit	557	2-mul/ABUILDAR4.jpg	ABUILDAR4.jpg	SPACE	602	SPACE
1444937779518	0	lts_1015I_08_01	08	01	1	260	0	0	0	CR	MAX	AKETTLE35.jpg	AKETTLE35.jpg	NOKEY	MAX	NOKEY
1444937782594	0	lts_1015I_08_01	08	01	1	261	0	0	0	CR	MAX	Abeermug11.jpg	Abeermug11.jpg	NOKEY	MAX	NOKEY
1444937785670	0	lts_1015I_08_01	08	01	1	262	0	0	0	CR	MAX	AFIREPANT.jpg	AFIREPANT.jpg	NOKEY	MAX	NOKEY
1444937786706	0	lts_1015I_08_01	08	01	1	263	16	1	1	Hit	555	16-mul/Aflamingo4.jpg	Aflamingo4.jpg	SPACE	603	SPACE
1444937789799	0	lts_1015I_08_01	08	01	1	264	0	0	0	CR	MAX	Atoy35.jpg	Atoy35.jpg	NOKEY	MAX	NOKEY
1444937792875	0	lts_1015I_08_01	08	01	1	265	0	0	0	CR	MAX	ATRICKTR2.jpg	ATRICKTR2.jpg	NOKEY	MAX	NOKEY
1444937794046	0	lts_1015I_08_01	08	01	1	266	128	1	1	Hit	702	128-4/babyseatback.jpg	babyseatback.jpg	SPACE	737	SPACE
1444937797122	0	lts_1015I_08_01	08	01	1	267	0	0	0	CR	MAX	1/Achair618.jpg	Achair618.jpg	NOKEY	MAX	NOKEY
1444937798175	0	lts_1015I_08_01	08	01	1	268	1	1	1	Hit	569	1-13/Achair618.jpg	Achair618.jpg	SPACE	617	SPACE
1444937801252	0	lts_1015I_08_01	08	01	1	269	0	0	0	CR	MAX	2/AFERRAF40.jpg	AFERRAF40.jpg	NOKEY	MAX	NOKEY
1444937804328	0	lts_1015I_08_01	08	01	1	270	0	0	0	CR	MAX	sausage.jpg	sausage.jpg	NOKEY	MAX	NOKEY
1444937805948	0	lts_1015I_08_01	08	01	1	271	2	1	1	Hit	1149	2-8/AFERRAF40.jpg	AFERRAF40.jpg	SPACE	1187	SPACE
1444937809025	0	lts_1015I_08_01	08	01	1	272	0	0	0	CR	MAX	2/AGARLICCO.jpg	AGARLICCO.jpg	NOKEY	MAX	NOKEY
1444937812101	0	lts_1015I_08_01	08	01	1	273	0	0	0	CR	MAX	imate.jpg	imate.jpg	NOKEY	MAX	NOKEY
1444937813305	0	lts_1015I_08_01	08	01	1	274	2	1	1	Hit	722	2-13/AGARLICCO.jpg	AGARLICCO.jpg	SPACE	768	SPACE
1444937816381	0	lts_1015I_08_01	08	01	1	275	0	0	0	CR	MAX	AHONEY.jpg	AHONEY.jpg	NOKEY	MAX	NOKEY
1444937819457	0	lts_1015I_08_01	08	01	1	276	0	0	0	CR	MAX	2/10049193.thl.jpg	10049193.thl.jpg	NOKEY	MAX	NOKEY
1444937822533	0	lts_1015I_08_01	08	01	1	277	0	0	0	CR	MAX	AANTLION2.jpg	AANTLION2.jpg	NOKEY	MAX	NOKEY
1444937823603	0	lts_1015I_08_01	08	01	1	278	2	1	1	Hit	585	2-12/10049193.thl.jpg	10049193.thl.jpg	SPACE	635	SPACE
1444937826678	0	lts_1015I_08_01	08	01	1	279	0	0	0	CR	MAX	Ametalhousin4.jpg	Ametalhousin4.jpg	NOKEY	MAX	NOKEY
1444937829754	0	lts_1015I_08_01	08	01	1	280	0	0	0	CR	MAX	128/surfboard.JPG	surfboard.JPG	NOKEY	MAX	NOKEY
1444937832847	0	lts_1015I_08_01	08	01	1	281	0	0	0	CR	MAX	AHUBBLE.jpg	AHUBBLE.jpg	NOKEY	MAX	NOKEY
1444937835923	0	lts_1015I_08_01	08	01	1	282	0	0	0	CR	MAX	4/26374899.thl.jpg	26374899.thl.jpg	NOKEY	MAX	NOKEY
1444937838999	0	lts_1015I_08_01	08	01	1	283	0	0	0	CR	MAX	ACEILHOOK.jpg	ACEILHOOK.jpg	NOKEY	MAX	NOKEY
1444937842076	0	lts_1015I_08_01	08	01	1	284	0	0	0	CR	MAX	AFOOTST26.jpg	AFOOTST26.jpg	NOKEY	MAX	NOKEY
1444937845152	0	lts_1015I_08_01	08	01	1	285	0	0	0	CR	MAX	Acactusfruit.jpg	Acactusfruit.jpg	NOKEY	MAX	NOKEY
1444937846289	0	lts_1015I_08_01	08	01	1	286	4	1	1	Hit	654	4-5/26374899.thl.jpg	26374899.thl.jpg	SPACE	701	SPACE
1444937849365	0	lts_1015I_08_01	08	01	1	287	0	0	0	CR	MAX	Ayoungbobcat.jpg	Ayoungbobcat.jpg	NOKEY	MAX	NOKEY
1444937852441	0	lts_1015I_08_01	08	01	1	288	0	0	0	CR	MAX	Aaircompress2.jpg	Aaircompress2.jpg	NOKEY	MAX	NOKEY
1444937855517	0	lts_1015I_08_01	08	01	1	289	0	0	0	CR	MAX	26390189.thl.jpg	26390189.thl.jpg	NOKEY	MAX	NOKEY
1444937857122	0	lts_1015I_08_01	08	01	1	290	128	1	1	Hit	1128	128-1/26374135.thl.jpg	26374135.thl.jpg	SPACE	1169	SPACE
1444937860198	0	lts_1015I_08_01	08	01	1	291	0	0	0	CR	MAX	Adayplanner.jpg	Adayplanner.jpg	NOKEY	MAX	NOKEY
1444937863274	0	lts_1015I_08_01	08	01	1	292	0	0	0	CR	MAX	8/26437491.thl.jpg	26437491.thl.jpg	NOKEY	MAX	NOKEY
1444937866350	0	lts_1015I_08_01	08	01	1	293	0	0	0	CR	MAX	airhocckytable.jpg	airhocckytable.jpg	NOKEY	MAX	NOKEY
1444937869426	0	lts_1015I_08_01	08	01	1	294	64	1	0	Miss	MAX	64-first/8055181.thl.jpg	8055181.thl.jpg	NOKEY	MAX	SPACE
1444937872503	0	lts_1015I_08_01	08	01	1	295	0	0	0	CR	MAX	22869624.thl.jpg	22869624.thl.jpg	NOKEY	MAX	NOKEY
1444937873489	0	lts_1015I_08_01	08	01	1	296	2	1	1	Hit	509	2-mul/8055181.thl.jpg	8055181.thl.jpg	SPACE	552	SPACE
1444937876565	0	lts_1015I_08_01	08	01	1	297	0	0	0	CR	MAX	Achickendinne.jpg	Achickendinne.jpg	NOKEY	MAX	NOKEY
1444937879641	0	lts_1015I_08_01	08	01	1	298	00	1	0	Miss	MAX	00-across/Abicycleodome.jpg	Abicycleodome.jpg	NOKEY	MAX	SPACE
1444937882716	0	lts_1015I_08_01	08	01	1	299	0	0	0	CR	MAX	Afruitbasket2.jpg	Afruitbasket2.jpg	NOKEY	MAX	NOKEY
1444937883903	0	lts_1015I_08_01	08	01	1	300	8	1	1	Hit	710	8-first/26437491.thl.jpg	26437491.thl.jpg	SPACE	753	SPACE
1444937886979	0	lts_1015I_08_01	08	01	1	301	0	0	0	CR	MAX	Acannedaspa10.jpg	Acannedaspa10.jpg	NOKEY	MAX	NOKEY
1444937890056	0	lts_1015I_08_01	08	01	1	302	0	0	0	CR	MAX	16/Afox3.jpg	Afox3.jpg	NOKEY	MAX	NOKEY
1444937893132	0	lts_1015I_08_01	08	01	1	303	0	0	0	CR	MAX	AARCCHAR2.jpg	AARCCHAR2.jpg	NOKEY	MAX	NOKEY
1444937894369	0	lts_1015I_08_01	08	01	1	304	64	1	1	Hit	760	64-first/Ahotwaterbot2.jpg	Ahotwaterbot2.jpg	SPACE	801	SPACE
1444937897445	0	lts_1015I_08_01	08	01	1	305	0	0	0	CR	MAX	Awoodplaner2.jpg	Awoodplaner2.jpg	NOKEY	MAX	NOKEY
1444937900522	0	lts_1015I_08_01	08	01	1	306	0	0	0	CR	MAX	64/ABABYPIN2.jpg	ABABYPIN2.jpg	NOKEY	MAX	NOKEY
1444937903598	0	lts_1015I_08_01	08	01	1	307	0	0	0	CR	MAX	baseballbat04.jpg	baseballbat04.jpg	NOKEY	MAX	NOKEY
1444937904651	0	lts_1015I_08_01	08	01	1	308	4	1	1	Hit	575	4-mul/Ahotwaterbot2.jpg	Ahotwaterbot2.jpg	SPACE	619	SPACE
1444937907726	0	lts_1015I_08_01	08	01	1	309	0	0	0	CR	MAX	1/AFILEFOL4.jpg	AFILEFOL4.jpg	NOKEY	MAX	NOKEY
1444937908712	0	lts_1015I_08_01	08	01	1	310	1	1	1	Hit	503	1-14/AFILEFOL4.jpg	AFILEFOL4.jpg	SPACE	553	SPACE
1444937911788	0	lts_1015I_08_01	08	01	1	311	0	0	0	CR	MAX	Aspoon14.jpg	Aspoon14.jpg	NOKEY	MAX	NOKEY
1444937914864	0	lts_1015I_08_01	08	01	1	312	0	0	0	CR	MAX	32/ANAPRINGS.jpg	ANAPRINGS.jpg	NOKEY	MAX	NOKEY
1444937917957	0	lts_1015I_08_01	08	01	1	313	0	0	0	CR	MAX	Acampingcoffe.jpg	Acampingcoffe.jpg	NOKEY	MAX	NOKEY
1444937921034	0	lts_1015I_08_01	08	01	1	314	64	1	0	Miss	MAX	64-first/ACUPBOAR5.jpg	ACUPBOAR5.jpg	NOKEY	MAX	SPACE
1444937924110	0	lts_1015I_08_01	08	01	1	315	0	0	0	CR	MAX	AWOODST19.jpg	AWOODST19.jpg	NOKEY	MAX	NOKEY
1444937925197	0	lts_1015I_08_01	08	01	1	316	16	1	1	Hit	604	16-mul/26437491.thl.jpg	26437491.thl.jpg	SPACE	651	SPACE
1444937928273	0	lts_1015I_08_01	08	01	1	317	0	0	0	CR	MAX	ACROQUET2.jpg	ACROQUET2.jpg	NOKEY	MAX	NOKEY
1444937929276	0	lts_1015I_08_01	08	01	1	318	16	1	1	Hit	532	16-first/Afox3.jpg	Afox3.jpg	SPACE	568	SPACE
1444937932352	0	lts_1015I_08_01	08	01	1	319	0	0	0	CR	MAX	26440756.thl.jpg	26440756.thl.jpg	NOKEY	MAX	NOKEY
1444937933372	0	lts_1015I_08_01	08	01	1	320	2	1	1	Hit	534	2-mul/Afox3.jpg	Afox3.jpg	SPACE	584	SPACE
1444937936448	0	lts_1015I_08_01	08	01	1	321	0	0	0	CR	MAX	AWALKMAN2.jpg	AWALKMAN2.jpg	NOKEY	MAX	NOKEY
1444937939524	0	lts_1015I_08_01	08	01	1	322	0	0	0	CR	MAX	4/Arake4.jpg	Arake4.jpg	NOKEY	MAX	NOKEY
1444937942600	0	lts_1015I_08_01	08	01	1	323	16	1	0	Miss	MAX	16/spoon-a.jpg	spoon-a.jpg	NOKEY	MAX	SPACE
1444937945675	0	lts_1015I_08_01	08	01	1	324	0	0	0	CR	MAX	8/Atoycoffeepo2.jpg	Atoycoffeepo2.jpg	NOKEY	MAX	NOKEY
1444937948751	0	lts_1015I_08_01	08	01	1	325	0	0	0	CR	MAX	knife01.jpg	knife01.jpg	NOKEY	MAX	NOKEY
1444937950056	0	lts_1015I_08_01	08	01	1	326	4	1	1	Hit	832	4-8/Arake4.jpg	Arake4.jpg	SPACE	870	SPACE
1444937953132	0	lts_1015I_08_01	08	01	1	327	0	0	0	CR	MAX	26554952.thl.jpg	26554952.thl.jpg	NOKEY	MAX	NOKEY
1444937956208	0	lts_1015I_08_01	08	01	1	328	0	0	0	CR	MAX	AWALKER11.jpg	AWALKER11.jpg	NOKEY	MAX	NOKEY
1444937959301	0	lts_1015I_08_01	08	01	1	329	0	0	0	CR	MAX	ADOLL69.jpg	ADOLL69.jpg	NOKEY	MAX	NOKEY
1444937960471	0	lts_1015I_08_01	08	01	1	330	16	1	1	Hit	691	16-mul/ACUPBOAR5.jpg	ACUPBOAR5.jpg	SPACE	735	SPACE
1444937963564	0	lts_1015I_08_01	08	01	1	331	0	0	0	CR	MAX	ASHAKER2.jpg	ASHAKER2.jpg	NOKEY	MAX	NOKEY
1444937964700	0	lts_1015I_08_01	08	01	1	332	8	1	1	Hit	663	8-first/Atoycoffeepo2.jpg	Atoycoffeepo2.jpg	SPACE	702	SPACE
1444937967776	0	lts_1015I_08_01	08	01	1	333	0	0	0	CR	MAX	AWEDCOU19.jpg	AWEDCOU19.jpg	NOKEY	MAX	NOKEY
1444937968712	0	lts_1015I_08_01	08	01	1	334	2	1	1	Hit	461	2-mul/Atoycoffeepo2.jpg	Atoycoffeepo2.jpg	SPACE	502	SPACE
1444937971788	0	lts_1015I_08_01	08	01	1	335	0	0	0	CR	MAX	AMALLET13.jpg	AMALLET13.jpg	NOKEY	MAX	NOKEY
1444937972908	0	lts_1015I_08_01	08	01	1	336	00	1	1	Hit	638	00-across/8023286.thl.jpg	8023286.thl.jpg	SPACE	686	SPACE
1444937975984	0	lts_1015I_08_01	08	01	1	337	0	0	0	CR	MAX	ASEASH8.jpg	ASEASH8.jpg	NOKEY	MAX	NOKEY
1444937979062	0	lts_1015I_08_01	08	01	1	338	0	0	0	CR	MAX	ATABLES5.jpg	ATABLES5.jpg	NOKEY	MAX	NOKEY
1444937982138	0	lts_1015I_08_01	08	01	1	339	16	1	0	Miss	MAX	16-first/spoon-a.jpg	spoon-a.jpg	NOKEY	MAX	SPACE
1444937985230	0	lts_1015I_08_01	08	01	1	340	0	0	0	CR	MAX	AWREATH9.jpg	AWREATH9.jpg	NOKEY	MAX	NOKEY
1444937988306	0	lts_1015I_08_01	08	01	1	341	0	0	0	CR	MAX	1/22887480.thl.jpg	22887480.thl.jpg	NOKEY	MAX	NOKEY
1444937989376	0	lts_1015I_08_01	08	01	1	342	1	1	1	Hit	584	1-7/22887480.thl.jpg	22887480.thl.jpg	SPACE	634	SPACE
1444937992452	0	lts_1015I_08_01	08	01	1	343	0	0	0	CR	MAX	15870946.thl.jpg	15870946.thl.jpg	NOKEY	MAX	NOKEY
1444937993672	0	lts_1015I_08_01	08	01	1	344	32	1	1	Hit	738	32-3/ANAPRINGS.jpg	ANAPRINGS.jpg	SPACE	786	SPACE
1444937996748	0	lts_1015I_08_01	08	01	1	345	0	0	0	CR	MAX	2/26687972.thl.jpg	26687972.thl.jpg	NOKEY	MAX	NOKEY
1444937999824	0	lts_1015I_08_01	08	01	1	346	0	0	0	CR	MAX	AFENCIN50.jpg	AFENCIN50.jpg	NOKEY	MAX	NOKEY
1444938000927	0	lts_1015I_08_01	08	01	1	347	2	1	1	Hit	619	2-10/26687972.thl.jpg	26687972.thl.jpg	SPACE	669	SPACE
1444938004021	0	lts_1015I_08_01	08	01	1	348	0	0	0	CR	MAX	Arooster15.jpg	Arooster15.jpg	NOKEY	MAX	NOKEY
1444938007097	0	lts_1015I_08_01	08	01	1	349	0	0	0	CR	MAX	64/26393373.thl.jpg	26393373.thl.jpg	NOKEY	MAX	NOKEY
1444938010173	0	lts_1015I_08_01	08	01	1	350	0	0	0	CR	MAX	blackjackcasinotable.jpg	blackjackcasinotable.jpg	NOKEY	MAX	NOKEY
1444938013249	0	lts_1015I_08_01	08	01	1	351	0	0	0	CR	MAX	AFLAMMABL.jpg	AFLAMMABL.jpg	NOKEY	MAX	NOKEY
1444938016325	0	lts_1015I_08_01	08	01	1	352	0	0	0	CR	MAX	1/Ajacket12.jpg	Ajacket12.jpg	NOKEY	MAX	NOKEY
1444938017345	0	lts_1015I_08_01	08	01	1	353	1	1	1	Hit	534	1-2/Ajacket12.jpg	Ajacket12.jpg	SPACE	584	SPACE
1444938020421	0	lts_1015I_08_01	08	01	1	354	0	0	0	CR	MAX	Atoydonkey.jpg	Atoydonkey.jpg	NOKEY	MAX	NOKEY
1444938021424	0	lts_1015I_08_01	08	01	1	355	16	1	1	Hit	518	16-mul/spoon-a.jpg	spoon-a.jpg	SPACE	568	SPACE
1444938024500	0	lts_1015I_08_01	08	01	1	356	0	0	0	CR	MAX	32/ALIONMAS2.jpg	ALIONMAS2.jpg	NOKEY	MAX	NOKEY
1444938027576	0	lts_1015I_08_01	08	01	1	357	0	0	0	CR	MAX	ASPRITZER.jpg	ASPRITZER.jpg	NOKEY	MAX	NOKEY
1444938030653	0	lts_1015I_08_01	08	01	1	358	0	0	0	CR	MAX	ASHOULDE4.jpg	ASHOULDE4.jpg	NOKEY	MAX	NOKEY
1444938031838	0	lts_1015I_08_01	08	01	1	359	128	1	1	Hit	715	128-0/APERSRUG.jpg	APERSRUG.jpg	SPACE	753	SPACE
1444938034915	0	lts_1015I_08_01	08	01	1	360	0	0	0	CR	MAX	APAINTJ11.jpg	APAINTJ11.jpg	NOKEY	MAX	NOKEY
1444938037991	0	lts_1015I_08_01	08	01	1	361	128	1	0	Miss	MAX	128-3/Atoydrill4.jpg	Atoydrill4.jpg	NOKEY	MAX	SPACE
1444938041068	0	lts_1015I_08_01	08	01	1	362	0	0	0	CR	MAX	8021743.thl.jpg	8021743.thl.jpg	NOKEY	MAX	NOKEY
1444938044144	0	lts_1015I_08_01	08	01	1	363	0	0	0	CR	MAX	4/26439504.thl.jpg	26439504.thl.jpg	NOKEY	MAX	NOKEY
1444938047220	0	lts_1015I_08_01	08	01	1	364	0	0	0	CR	MAX	ABONGO3.jpg	ABONGO3.jpg	NOKEY	MAX	NOKEY
1444938050296	0	lts_1015I_08_01	08	01	1	365	0	0	0	CR	MAX	16/drumsticks01.jpg	drumsticks01.jpg	NOKEY	MAX	NOKEY
1444938053372	0	lts_1015I_08_01	08	01	1	366	0	0	0	CR	MAX	22806086.thl.jpg	22806086.thl.jpg	NOKEY	MAX	NOKEY
1444938054675	0	lts_1015I_08_01	08	01	1	367	4	1	1	Hit	819	4-7/26439504.thl.jpg	26439504.thl.jpg	SPACE	869	SPACE
1444938057751	0	lts_1015I_08_01	08	01	1	368	0	0	0	CR	MAX	Atoymoose.jpg	Atoymoose.jpg	NOKEY	MAX	NOKEY
1444938060827	0	lts_1015I_08_01	08	01	1	369	0	0	0	CR	MAX	ACHOPSTI2.jpg	ACHOPSTI2.jpg	NOKEY	MAX	NOKEY
1444938061864	0	lts_1015I_08_01	08	01	1	370	64	1	1	Hit	555	64-first/ABABYPIN2.jpg	ABABYPIN2.jpg	SPACE	602	SPACE
1444938064940	0	lts_1015I_08_01	08	01	1	371	0	0	0	CR	MAX	AHIBACHI.jpg	AHIBACHI.jpg	NOKEY	MAX	NOKEY
1444938068017	0	lts_1015I_08_01	08	01	1	372	00	1	0	Miss	MAX	00-across/Aalmond4.jpg	Aalmond4.jpg	NOKEY	MAX	SPACE
1444938071093	0	lts_1015I_08_01	08	01	1	373	0	0	0	CR	MAX	Astaplegun3.jpg	Astaplegun3.jpg	NOKEY	MAX	NOKEY
1444938072096	0	lts_1015I_08_01	08	01	1	374	4	1	1	Hit	531	4-mul/ABABYPIN2.jpg	ABABYPIN2.jpg	SPACE	568	SPACE
1444938075172	0	lts_1015I_08_01	08	01	1	375	0	0	0	CR	MAX	Afoodproces22.jpg	Afoodproces22.jpg	NOKEY	MAX	NOKEY
1444938076610	0	lts_1015I_08_01	08	01	1	376	00	1	1	Hit	964	00-across/26432148.thl.jpg	26432148.thl.jpg	SPACE	1004	SPACE
1444938079685	0	lts_1015I_08_01	08	01	1	377	0	0	0	CR	MAX	Amagnifyinglo.jpg	Amagnifyinglo.jpg	NOKEY	MAX	NOKEY
1444938082761	0	lts_1015I_08_01	08	01	1	378	0	0	0	CR	MAX	32/9815480.thl.jpg	9815480.thl.jpg	NOKEY	MAX	NOKEY
1444938085837	0	lts_1015I_08_01	08	01	1	379	0	0	0	CR	MAX	10049507.thl-1.jpg	10049507.thl-1.jpg	NOKEY	MAX	NOKEY
1444938088913	0	lts_1015I_08_01	08	01	1	380	0	0	0	CR	MAX	ALAB21.jpg	ALAB21.jpg	NOKEY	MAX	NOKEY
1444938091989	0	lts_1015I_08_01	08	01	1	381	16	1	0	Miss	MAX	16-first/drumsticks01.jpg	drumsticks01.jpg	NOKEY	MAX	SPACE
1444938095066	0	lts_1015I_08_01	08	01	1	382	0	0	0	CR	MAX	Aglassbottle6.jpg	Aglassbottle6.jpg	NOKEY	MAX	NOKEY
1444938096153	0	lts_1015I_08_01	08	01	1	383	2	1	1	Hit	603	2-mul/drumsticks01.jpg	drumsticks01.jpg	SPACE	651	SPACE
1444938099229	0	lts_1015I_08_01	08	01	1	384	0	0	0	CR	MAX	fireextinguisher.jpg	fireextinguisher.jpg	NOKEY	MAX	NOKEY
1444938102305	0	lts_1015I_08_01	08	01	1	385	0	0	0	CR	MAX	26467443.thl.jpg	26467443.thl.jpg	NOKEY	MAX	NOKEY
1444938105398	0	lts_1015I_08_01	08	01	1	386	0	0	0	CR	MAX	E_helicopter.jpg	E_helicopter.jpg	NOKEY	MAX	NOKEY
1444938108474	0	lts_1015I_08_01	08	01	1	387	0	0	0	CR	MAX	ALAB19.jpg	ALAB19.jpg	NOKEY	MAX	NOKEY
1444938109544	0	lts_1015I_08_01	08	01	1	388	32	1	1	Hit	596	32-2/ALIONMAS2.jpg	ALIONMAS2.jpg	SPACE	635	SPACE
1444938112620	0	lts_1015I_08_01	08	01	1	389	0	0	0	CR	MAX	dragon.jpg	dragon.jpg	NOKEY	MAX	NOKEY
1444938113322	0	lts_1015I_08_01	08	01	1	390	0	0	1	FA	226	26772824.thl.jpg	26772824.thl.jpg	SPACE	267	NOKEY
1444938116398	0	lts_1015I_08_01	08	01	1	391	0	0	0	CR	MAX	8/26434546.thl.jpg	26434546.thl.jpg	NOKEY	MAX	NOKEY
1444938119474	0	lts_1015I_08_01	08	01	1	392	0	0	0	CR	MAX	ABEADS4.jpg	ABEADS4.jpg	NOKEY	MAX	NOKEY
1444938122550	0	lts_1015I_08_01	08	01	1	393	0	0	0	CR	MAX	8/Atoyswing.jpg	Atoyswing.jpg	NOKEY	MAX	NOKEY
1444938125626	0	lts_1015I_08_01	08	01	1	394	0	0	0	CR	MAX	AAFRIMAS5.jpg	AAFRIMAS5.jpg	NOKEY	MAX	NOKEY
1444938128701	0	lts_1015I_08_01	08	01	1	395	0	0	0	CR	MAX	ABACKSPAC.jpg	ABACKSPAC.jpg	NOKEY	MAX	NOKEY
1444938131794	0	lts_1015I_08_01	08	01	1	396	0	0	0	CR	MAX	Acampingstov9.jpg	Acampingstov9.jpg	NOKEY	MAX	NOKEY
1444938134870	0	lts_1015I_08_01	08	01	1	397	0	0	0	CR	MAX	Ahulahoop2.jpg	Ahulahoop2.jpg	NOKEY	MAX	NOKEY
1444938137946	0	lts_1015I_08_01	08	01	1	398	0	0	0	CR	MAX	Aancientbuild.jpg	Aancientbuild.jpg	NOKEY	MAX	NOKEY
1444938139034	0	lts_1015I_08_01	08	01	1	399	8	1	1	Hit	604	8-first/26434546.thl.jpg	26434546.thl.jpg	SPACE	653	SPACE
1444938142110	0	lts_1015I_08_01	08	01	1	400	0	0	0	CR	MAX	ASAFE.jpg	ASAFE.jpg	NOKEY	MAX	NOKEY
1444938145186	0	lts_1015I_08_01	08	01	1	401	8	1	0	Miss	MAX	8-1/Atoyswing.jpg	Atoyswing.jpg	NOKEY	MAX	SPACE
1444938148262	0	lts_1015I_08_01	08	01	1	402	0	0	0	CR	MAX	retainertheeth.jpg	retainertheeth.jpg	NOKEY	MAX	NOKEY
1444938149365	0	lts_1015I_08_01	08	01	1	403	4	1	1	Hit	618	4-mul/26434546.thl.jpg	26434546.thl.jpg	SPACE	668	SPACE
1444938152458	0	lts_1015I_08_01	08	01	1	404	0	0	0	CR	MAX	AAMBULAN7.jpg	AAMBULAN7.jpg	NOKEY	MAX	NOKEY
1444938155534	0	lts_1015I_08_01	08	01	1	405	0	0	0	CR	MAX	1/ADIPPER6.jpg	ADIPPER6.jpg	NOKEY	MAX	NOKEY
1444938156487	0	lts_1015I_08_01	08	01	1	406	1	1	1	Hit	479	1-1/ADIPPER6.jpg	ADIPPER6.jpg	SPACE	518	SPACE
1444938159563	0	lts_1015I_08_01	08	01	1	407	0	0	0	CR	MAX	AMODELSA4.jpg	AMODELSA4.jpg	NOKEY	MAX	NOKEY
1444938162639	0	lts_1015I_08_01	08	01	1	408	128	1	0	Miss	MAX	128-5/surfboard.JPG	surfboard.JPG	NOKEY	MAX	SPACE
1444938165714	0	lts_1015I_08_01	08	01	1	409	0	0	0	CR	MAX	32/Amonitor10.jpg	Amonitor10.jpg	NOKEY	MAX	NOKEY
1444938166851	0	lts_1015I_08_01	08	01	1	410	32	1	1	Hit	664	32-7/9815480.thl.jpg	9815480.thl.jpg	SPACE	703	SPACE
1444938169927	0	lts_1015I_08_01	08	01	1	411	0	0	0	CR	MAX	16/Aladder2.jpg	Aladder2.jpg	NOKEY	MAX	NOKEY
1444938173004	0	lts_1015I_08_01	08	01	1	412	0	0	0	CR	MAX	potato.jpg	potato.jpg	NOKEY	MAX	NOKEY
1444938174108	0	lts_1015I_08_01	08	01	1	413	64	1	1	Hit	618	64-first/26393373.thl.jpg	26393373.thl.jpg	SPACE	667	SPACE
1444938177184	0	lts_1015I_08_01	08	01	1	414	0	0	0	CR	MAX	26391116.thl.jpg	26391116.thl.jpg	NOKEY	MAX	NOKEY
1444938180260	0	lts_1015I_08_01	08	01	1	415	0	0	0	CR	MAX	1/22859028.thl.jpg	22859028.thl.jpg	NOKEY	MAX	NOKEY
1444938181196	0	lts_1015I_08_01	08	01	1	416	1	1	1	Hit	459	1-4/22859028.thl.jpg	22859028.thl.jpg	SPACE	501	SPACE
1444938184272	0	lts_1015I_08_01	08	01	1	417	0	0	0	CR	MAX	ABALLYAR4.jpg	ABALLYAR4.jpg	NOKEY	MAX	NOKEY
1444938187348	0	lts_1015I_08_01	08	01	1	418	0	0	0	CR	MAX	showercurtainsuchi.jpg	showercurtainsuchi.jpg	NOKEY	MAX	NOKEY
1444938190424	0	lts_1015I_08_01	08	01	1	419	0	0	0	CR	MAX	26437077.thl.jpg	26437077.thl.jpg	NOKEY	MAX	NOKEY
1444938193500	0	lts_1015I_08_01	08	01	1	420	0	0	0	CR	MAX	APILL.jpg	APILL.jpg	NOKEY	MAX	NOKEY
1444938196576	0	lts_1015I_08_01	08	01	1	421	0	0	0	CR	MAX	AASCDESC.jpg	AASCDESC.jpg	NOKEY	MAX	NOKEY
1444938199668	0	lts_1015I_08_01	08	01	1	422	0	0	0	CR	MAX	26419231.thl.jpg	26419231.thl.jpg	NOKEY	MAX	NOKEY
1444938202744	0	lts_1015I_08_01	08	01	1	423	0	0	0	CR	MAX	Ajoystick10.jpg	Ajoystick10.jpg	NOKEY	MAX	NOKEY
1444938205820	0	lts_1015I_08_01	08	01	1	424	0	0	0	CR	MAX	1/AELECOMP2.jpg	AELECOMP2.jpg	NOKEY	MAX	NOKEY
1444938206773	0	lts_1015I_08_01	08	01	1	425	1	1	1	Hit	482	1-9/AELECOMP2.jpg	AELECOMP2.jpg	SPACE	519	SPACE
1444938209849	0	lts_1015I_08_01	08	01	1	426	0	0	0	CR	MAX	AMETSCULP.jpg	AMETSCULP.jpg	NOKEY	MAX	NOKEY
1444938210886	0	lts_1015I_08_01	08	01	1	427	16	1	1	Hit	552	16-first/Aladder2.jpg	Aladder2.jpg	SPACE	586	SPACE
1444938213962	0	lts_1015I_08_01	08	01	1	428	0	0	0	CR	MAX	AVACUUM4.jpg	AVACUUM4.jpg	NOKEY	MAX	NOKEY
1444938214931	0	lts_1015I_08_01	08	01	1	429	16	1	1	Hit	489	16-mul/26393373.thl.jpg	26393373.thl.jpg	SPACE	536	SPACE
1444938218008	0	lts_1015I_08_01	08	01	1	430	0	0	0	CR	MAX	AEXIT7.jpg	AEXIT7.jpg	NOKEY	MAX	NOKEY
1444938219011	0	lts_1015I_08_01	08	01	1	431	4	1	1	Hit	531	4-mul/Aladder2.jpg	Aladder2.jpg	SPACE	568	SPACE
1444938222088	0	lts_1015I_08_01	08	01	1	432	0	0	0	CR	MAX	2/22856784.thl.jpg	22856784.thl.jpg	NOKEY	MAX	NOKEY
1444938225164	0	lts_1015I_08_01	08	01	1	433	0	0	0	CR	MAX	26457349.thl.jpg	26457349.thl.jpg	NOKEY	MAX	NOKEY
1444938226217	0	lts_1015I_08_01	08	01	1	434	2	1	1	Hit	578	2-6/22856784.thl.jpg	22856784.thl.jpg	SPACE	618	SPACE
1444938229293	0	lts_1015I_08_01	08	01	1	435	0	0	0	CR	MAX	Agreenplastic.jpg	Agreenplastic.jpg	NOKEY	MAX	NOKEY
1444938232386	0	lts_1015I_08_01	08	01	1	436	0	0	0	CR	MAX	Apairofrubbe3.jpg	Apairofrubbe3.jpg	NOKEY	MAX	NOKEY
1444938235462	0	lts_1015I_08_01	08	01	1	437	0	0	0	CR	MAX	26431848.thl.jpg	26431848.thl.jpg	NOKEY	MAX	NOKEY
1444938238538	0	lts_1015I_08_01	08	01	1	438	0	0	0	CR	MAX	Acork6.jpg	Acork6.jpg	NOKEY	MAX	NOKEY
1444938241614	0	lts_1015I_08_01	08	01	1	439	0	0	0	CR	MAX	26370704.thl.jpg	26370704.thl.jpg	NOKEY	MAX	NOKEY
1444938244689	0	lts_1015I_08_01	08	01	1	440	0	0	0	CR	MAX	26425112.thl.jpg	26425112.thl.jpg	NOKEY	MAX	NOKEY
1444938246027	0	lts_1015I_08_01	08	01	1	441	32	1	1	Hit	859	32-9/Amonitor10.jpg	Amonitor10.jpg	SPACE	904	SPACE
1444938249103	0	lts_1015I_08_01	08	01	1	442	0	0	0	CR	MAX	4/Acampingknife.jpg	Acampingknife.jpg	NOKEY	MAX	NOKEY
1444938252179	0	lts_1015I_08_01	08	01	1	443	0	0	0	CR	MAX	1/Aairtank7.jpg	Aairtank7.jpg	NOKEY	MAX	NOKEY
1444938253149	0	lts_1015I_08_01	08	01	1	444	1	1	1	Hit	487	1-5/Aairtank7.jpg	Aairtank7.jpg	SPACE	534	SPACE
1444938256225	0	lts_1015I_08_01	08	01	1	445	0	0	0	CR	MAX	26431471.thl.jpg	26431471.thl.jpg	NOKEY	MAX	NOKEY
1444938257429	0	lts_1015I_08_01	08	01	1	446	4	1	1	Hit	726	4-9/Acampingknife.jpg	Acampingknife.jpg	SPACE	769	SPACE
1444938260505	0	lts_1015I_08_01	08	01	1	447	0	0	0	CR	MAX	26374166.thl.jpg	26374166.thl.jpg	NOKEY	MAX	NOKEY
1444938261758	0	lts_1015I_08_01	08	01	1	448	00	1	1	Hit	777	00-across/Atrap4.jpg	Atrap4.jpg	SPACE	820	SPACE
1444938264834	0	lts_1015I_08_01	08	01	1	449	0	0	0	CR	MAX	sportsbasket.jpg	sportsbasket.jpg	NOKEY	MAX	NOKEY
1444938280983	0	E	Logging Ends
