1445969806664	0	B	Logging Begins
1445969955629	0	lts_1027L_11_01	11	01	0	0	0	0	0	CR	MAX	AHEADLIG9.jpg	AHEADLIG9.jpg	NOKEY	MAX	NOKEY
1445969958705	0	lts_1027L_11_01	11	01	0	1	0	0	0	CR	MAX	APARSLEY.jpg	APARSLEY.jpg	NOKEY	MAX	NOKEY
1445969961781	0	lts_1027L_11_01	11	01	0	2	0	0	0	CR	MAX	Aboots56.jpg	Aboots56.jpg	NOKEY	MAX	NOKEY
1445969964856	0	lts_1027L_11_01	11	01	0	3	0	0	0	CR	MAX	Aplastictestt.jpg	Aplastictestt.jpg	NOKEY	MAX	NOKEY
1445969967932	0	lts_1027L_11_01	11	01	0	4	0	0	0	CR	MAX	2/tuba1.jpg	tuba1.jpg	NOKEY	MAX	NOKEY
1445969971009	0	lts_1027L_11_01	11	01	0	5	0	0	0	CR	MAX	AAIRPORTC.jpg	AAIRPORTC.jpg	NOKEY	MAX	NOKEY
1445969972079	0	lts_1027L_11_01	11	01	0	6	2	1	1	Hit	593	2-13/tuba1.jpg	tuba1.jpg	SPACE	635	SPACE
1445969975155	0	lts_1027L_11_01	11	01	0	7	0	0	0	CR	MAX	ASALTPEPP.jpg	ASALTPEPP.jpg	NOKEY	MAX	NOKEY
1445969978231	0	lts_1027L_11_01	11	01	0	8	0	0	0	CR	MAX	26419324.thl.jpg	26419324.thl.jpg	NOKEY	MAX	NOKEY
1445969981307	0	lts_1027L_11_01	11	01	0	9	0	0	0	CR	MAX	Awatch53.jpg	Awatch53.jpg	NOKEY	MAX	NOKEY
1445969984383	0	lts_1027L_11_01	11	01	0	10	0	0	0	CR	MAX	26394018.thl.jpg	26394018.thl.jpg	NOKEY	MAX	NOKEY
1445969987459	0	lts_1027L_11_01	11	01	0	11	0	0	0	CR	MAX	Awindtoy5.jpg	Awindtoy5.jpg	NOKEY	MAX	NOKEY
1445969990535	0	lts_1027L_11_01	11	01	0	12	0	0	0	CR	MAX	128/26421740.thl.jpg	26421740.thl.jpg	NOKEY	MAX	NOKEY
1445969993612	0	lts_1027L_11_01	11	01	0	13	0	0	0	CR	MAX	64/ATELESCO2.jpg	ATELESCO2.jpg	NOKEY	MAX	NOKEY
1445969996688	0	lts_1027L_11_01	11	01	0	14	0	0	0	CR	MAX	16/Aegyptianst20.jpg	Aegyptianst20.jpg	NOKEY	MAX	NOKEY
1445969999764	0	lts_1027L_11_01	11	01	0	15	0	0	0	CR	MAX	1/ACAROSLI2.jpg	ACAROSLI2.jpg	NOKEY	MAX	NOKEY
1445970000817	0	lts_1027L_11_01	11	01	0	16	1	1	1	Hit	575	1-5/ACAROSLI2.jpg	ACAROSLI2.jpg	SPACE	619	SPACE
1445970003909	0	lts_1027L_11_01	11	01	0	17	0	0	0	CR	MAX	Aashtray67.jpg	Aashtray67.jpg	NOKEY	MAX	NOKEY
1445970006985	0	lts_1027L_11_01	11	01	0	18	0	0	0	CR	MAX	APETROL2.jpg	APETROL2.jpg	NOKEY	MAX	NOKEY
1445970010062	0	lts_1027L_11_01	11	01	0	19	0	0	0	CR	MAX	64/26465824.thl.jpg	26465824.thl.jpg	NOKEY	MAX	NOKEY
1445970013138	0	lts_1027L_11_01	11	01	0	20	0	0	0	CR	MAX	AAFRICS13.jpg	AAFRICS13.jpg	NOKEY	MAX	NOKEY
1445970016214	0	lts_1027L_11_01	11	01	0	21	0	0	0	CR	MAX	26375702.thl.jpg	26375702.thl.jpg	NOKEY	MAX	NOKEY
1445970019290	0	lts_1027L_11_01	11	01	0	22	0	0	0	CR	MAX	128/Acandlesnuffe.jpg	Acandlesnuffe.jpg	NOKEY	MAX	NOKEY
1445970022366	0	lts_1027L_11_01	11	01	0	23	0	0	0	CR	MAX	AAIRPRES4.jpg	AAIRPRES4.jpg	NOKEY	MAX	NOKEY
1445970025442	0	lts_1027L_11_01	11	01	0	24	0	0	0	CR	MAX	32/Achair611.jpg	Achair611.jpg	NOKEY	MAX	NOKEY
1445970028518	0	lts_1027L_11_01	11	01	0	25	0	0	0	CR	MAX	APEELER.jpg	APEELER.jpg	NOKEY	MAX	NOKEY
1445970031594	0	lts_1027L_11_01	11	01	0	26	0	0	0	CR	MAX	1/Aantiquesofa4.jpg	Aantiquesofa4.jpg	NOKEY	MAX	NOKEY
1445970032681	0	lts_1027L_11_01	11	01	0	27	1	1	1	Hit	602	1-13/Aantiquesofa4.jpg	Aantiquesofa4.jpg	SPACE	652	SPACE
1445970035757	0	lts_1027L_11_01	11	01	0	28	0	0	0	CR	MAX	Ablossom.jpg	Ablossom.jpg	NOKEY	MAX	NOKEY
1445970038832	0	lts_1027L_11_01	11	01	0	29	0	0	0	CR	MAX	ALAB2.jpg	ALAB2.jpg	NOKEY	MAX	NOKEY
1445970039885	0	lts_1027L_11_01	11	01	0	30	16	1	1	Hit	580	16-first/Aegyptianst20.jpg	Aegyptianst20.jpg	SPACE	619	SPACE
1445970042961	0	lts_1027L_11_01	11	01	0	31	0	0	0	CR	MAX	Atoybird10.jpg	Atoybird10.jpg	NOKEY	MAX	NOKEY
1445970046038	0	lts_1027L_11_01	11	01	0	32	0	0	0	CR	MAX	8/Amilk4.jpg	Amilk4.jpg	NOKEY	MAX	NOKEY
1445970049114	0	lts_1027L_11_01	11	01	0	33	0	0	0	CR	MAX	128/26461587.thl.jpg	26461587.thl.jpg	NOKEY	MAX	NOKEY
1445970050168	0	lts_1027L_11_01	11	01	0	34	4	1	1	Hit	583	4-mul/Aegyptianst20.jpg	Aegyptianst20.jpg	SPACE	619	SPACE
1445970053244	0	lts_1027L_11_01	11	01	0	35	0	0	0	CR	MAX	AARMYTRUK.jpg	AARMYTRUK.jpg	NOKEY	MAX	NOKEY
1445970056353	0	lts_1027L_11_01	11	01	0	36	0	0	0	CR	MAX	Amilkcrate2.jpg	Amilkcrate2.jpg	NOKEY	MAX	NOKEY
1445970059429	0	lts_1027L_11_01	11	01	0	37	0	0	0	CR	MAX	128/chocolatbox.jpg	chocolatbox.jpg	NOKEY	MAX	NOKEY
1445970062505	0	lts_1027L_11_01	11	01	0	38	0	0	0	CR	MAX	16/AWOODBOX3.jpg	AWOODBOX3.jpg	NOKEY	MAX	NOKEY
1445970065581	0	lts_1027L_11_01	11	01	0	39	0	0	0	CR	MAX	ASCYTHE7.jpg	ASCYTHE7.jpg	NOKEY	MAX	NOKEY
1445970066635	0	lts_1027L_11_01	11	01	0	40	8	1	1	Hit	575	8-first/Amilk4.jpg	Amilk4.jpg	SPACE	618	SPACE
1445970069711	0	lts_1027L_11_01	11	01	0	41	0	0	0	CR	MAX	26421538.thl.jpg	26421538.thl.jpg	NOKEY	MAX	NOKEY
1445970070714	0	lts_1027L_11_01	11	01	0	42	2	1	1	Hit	524	2-mul/Amilk4.jpg	Amilk4.jpg	SPACE	569	SPACE
1445970073790	0	lts_1027L_11_01	11	01	0	43	0	0	0	CR	MAX	2/Aframe196.jpg	Aframe196.jpg	NOKEY	MAX	NOKEY
1445970076882	0	lts_1027L_11_01	11	01	0	44	0	0	0	CR	MAX	16/workweightmach.jpg	workweightmach.jpg	NOKEY	MAX	NOKEY
1445970077968	0	lts_1027L_11_01	11	01	0	45	2	1	1	Hit	611	2-6/Aframe196.jpg	Aframe196.jpg	SPACE	653	SPACE
1445970081045	0	lts_1027L_11_01	11	01	0	46	0	0	0	CR	MAX	Amonitor10.jpg	Amonitor10.jpg	NOKEY	MAX	NOKEY
1445970084121	0	lts_1027L_11_01	11	01	0	47	0	0	0	CR	MAX	2/Acontrolpane2.jpg	Acontrolpane2.jpg	NOKEY	MAX	NOKEY
1445970087197	0	lts_1027L_11_01	11	01	0	48	0	0	0	CR	MAX	26424087.thl.jpg	26424087.thl.jpg	NOKEY	MAX	NOKEY
1445970088301	0	lts_1027L_11_01	11	01	0	49	2	1	1	Hit	632	2-0/Acontrolpane2.jpg	Acontrolpane2.jpg	SPACE	668	SPACE
1445970091377	0	lts_1027L_11_01	11	01	0	50	0	0	0	CR	MAX	22852560.thl.jpg	22852560.thl.jpg	NOKEY	MAX	NOKEY
1445970094453	0	lts_1027L_11_01	11	01	0	51	0	0	0	CR	MAX	Acrib12.jpg	Acrib12.jpg	NOKEY	MAX	NOKEY
1445970097529	0	lts_1027L_11_01	11	01	0	52	0	0	0	CR	MAX	AMEATHER3.jpg	AMEATHER3.jpg	NOKEY	MAX	NOKEY
1445970100605	0	lts_1027L_11_01	11	01	0	53	0	0	0	CR	MAX	ABELLTRE2.jpg	ABELLTRE2.jpg	NOKEY	MAX	NOKEY
1445970103681	0	lts_1027L_11_01	11	01	0	54	16	1	0	Miss	MAX	16-first/AWOODBOX3.jpg	AWOODBOX3.jpg	NOKEY	MAX	SPACE
1445970106757	0	lts_1027L_11_01	11	01	0	55	0	0	0	CR	MAX	22855236.thl.jpg	22855236.thl.jpg	NOKEY	MAX	NOKEY
1445970109832	0	lts_1027L_11_01	11	01	0	56	32	1	0	Miss	MAX	32-0/Achair611.jpg	Achair611.jpg	NOKEY	MAX	SPACE
1445970112908	0	lts_1027L_11_01	11	01	0	57	0	0	0	CR	MAX	10053712.thm.jpg	10053712.thm.jpg	NOKEY	MAX	NOKEY
1445970115984	0	lts_1027L_11_01	11	01	0	58	0	0	0	CR	MAX	ADRIARRA2.jpg	ADRIARRA2.jpg	NOKEY	MAX	NOKEY
1445970119061	0	lts_1027L_11_01	11	01	0	59	0	0	0	CR	MAX	ACHOPBOWL.jpg	ACHOPBOWL.jpg	NOKEY	MAX	NOKEY
1445970120299	0	lts_1027L_11_01	11	01	0	60	16	1	1	Hit	755	16-first/workweightmach.jpg	workweightmach.jpg	SPACE	801	SPACE
1445970123375	0	lts_1027L_11_01	11	01	0	61	0	0	0	CR	MAX	1/APAGODAMO.jpg	APAGODAMO.jpg	NOKEY	MAX	NOKEY
1445970124461	0	lts_1027L_11_01	11	01	0	62	1	1	1	Hit	613	1-11/APAGODAMO.jpg	APAGODAMO.jpg	SPACE	652	SPACE
1445970127537	0	lts_1027L_11_01	11	01	0	63	0	0	0	CR	MAX	Atoyhelicopte.jpg	Atoyhelicopte.jpg	NOKEY	MAX	NOKEY
1445970128524	0	lts_1027L_11_01	11	01	0	64	4	1	1	Hit	507	4-mul/workweightmach.jpg	workweightmach.jpg	SPACE	551	SPACE
1445970131600	0	lts_1027L_11_01	11	01	0	65	0	0	0	CR	MAX	Askirt2.jpg	Askirt2.jpg	NOKEY	MAX	NOKEY
1445970134676	0	lts_1027L_11_01	11	01	0	66	0	0	0	CR	MAX	2/Agiraffetoy3.jpg	Agiraffetoy3.jpg	NOKEY	MAX	NOKEY
1445970137752	0	lts_1027L_11_01	11	01	0	67	0	0	0	CR	MAX	Agardeningrak.jpg	Agardeningrak.jpg	NOKEY	MAX	NOKEY
1445970139089	0	lts_1027L_11_01	11	01	0	68	2	1	1	Hit	857	2-9/Agiraffetoy3.jpg	Agiraffetoy3.jpg	SPACE	903	SPACE
1445970142165	0	lts_1027L_11_01	11	01	0	69	0	0	0	CR	MAX	ASCREEN3.jpg	ASCREEN3.jpg	NOKEY	MAX	NOKEY
1445970143235	0	lts_1027L_11_01	11	01	0	70	16	1	1	Hit	592	16-mul/AWOODBOX3.jpg	AWOODBOX3.jpg	SPACE	635	SPACE
1445970146311	0	lts_1027L_11_01	11	01	0	71	0	0	0	CR	MAX	oilbottleolive.jpg	oilbottleolive.jpg	NOKEY	MAX	NOKEY
1445970149388	0	lts_1027L_11_01	11	01	0	72	0	0	0	CR	MAX	8/26391116.thl.jpg	26391116.thl.jpg	NOKEY	MAX	NOKEY
1445970152480	0	lts_1027L_11_01	11	01	0	73	0	0	0	CR	MAX	16/strawberrytart.jpg	strawberrytart.jpg	NOKEY	MAX	NOKEY
1445970155556	0	lts_1027L_11_01	11	01	0	74	0	0	0	CR	MAX	AANTTRUCK.jpg	AANTTRUCK.jpg	NOKEY	MAX	NOKEY
1445970158632	0	lts_1027L_11_01	11	01	0	75	0	0	0	CR	MAX	Ahighlightin2.jpg	Ahighlightin2.jpg	NOKEY	MAX	NOKEY
1445970161708	0	lts_1027L_11_01	11	01	0	76	0	0	0	CR	MAX	AHYPONEE3.jpg	AHYPONEE3.jpg	NOKEY	MAX	NOKEY
1445970162911	0	lts_1027L_11_01	11	01	0	77	64	1	1	Hit	727	64-first/ATELESCO2.jpg	ATELESCO2.jpg	SPACE	769	SPACE
1445970165987	0	lts_1027L_11_01	11	01	0	78	0	0	0	CR	MAX	AAEROBENC.jpg	AAEROBENC.jpg	NOKEY	MAX	NOKEY
1445970169064	0	lts_1027L_11_01	11	01	0	79	0	0	0	CR	MAX	ASTENORA2.jpg	ASTENORA2.jpg	NOKEY	MAX	NOKEY
1445970170418	0	lts_1027L_11_01	11	01	0	80	8	1	1	Hit	872	8-first/26391116.thl.jpg	26391116.thl.jpg	SPACE	918	SPACE
1445970173494	0	lts_1027L_11_01	11	01	0	81	0	0	0	CR	MAX	ASPOTLIG2.jpg	ASPOTLIG2.jpg	NOKEY	MAX	NOKEY
1445970176570	0	lts_1027L_11_01	11	01	0	82	0	0	0	CR	MAX	26465344.thl.jpg	26465344.thl.jpg	NOKEY	MAX	NOKEY
1445970179646	0	lts_1027L_11_01	11	01	0	83	64	1	0	Miss	MAX	64-first/26465824.thl.jpg	26465824.thl.jpg	NOKEY	MAX	SPACE
1445970182723	0	lts_1027L_11_01	11	01	0	84	0	0	0	CR	MAX	32/23057742.thl.jpg	23057742.thl.jpg	NOKEY	MAX	NOKEY
1445970185799	0	lts_1027L_11_01	11	01	0	85	0	0	0	CR	MAX	AMEAT2.jpg	AMEAT2.jpg	NOKEY	MAX	NOKEY
1445970188874	0	lts_1027L_11_01	11	01	0	86	0	0	0	CR	MAX	cheesies.jpg	cheesies.jpg	NOKEY	MAX	NOKEY
1445970189877	0	lts_1027L_11_01	11	01	0	87	4	1	1	Hit	533	4-mul/26465824.thl.jpg	26465824.thl.jpg	SPACE	570	SPACE
1445970192953	0	lts_1027L_11_01	11	01	0	88	0	0	0	CR	MAX	AASPHALT.jpg	AASPHALT.jpg	NOKEY	MAX	NOKEY
1445970194007	0	lts_1027L_11_01	11	01	0	89	16	1	1	Hit	577	16-first/strawberrytart.jpg	strawberrytart.jpg	SPACE	620	SPACE
1445970197083	0	lts_1027L_11_01	11	01	0	90	0	0	0	CR	MAX	ASCALE30.jpg	ASCALE30.jpg	NOKEY	MAX	NOKEY
1445970198086	0	lts_1027L_11_01	11	01	0	91	2	1	1	Hit	527	2-mul/strawberrytart.jpg	strawberrytart.jpg	SPACE	568	SPACE
1445970201179	0	lts_1027L_11_01	11	01	0	92	0	0	0	CR	MAX	Aappleonsca14.jpg	Aappleonsca14.jpg	NOKEY	MAX	NOKEY
1445970202215	0	lts_1027L_11_01	11	01	0	93	16	1	1	Hit	556	16-mul/ATELESCO2.jpg	ATELESCO2.jpg	SPACE	601	SPACE
1445970205292	0	lts_1027L_11_01	11	01	0	94	0	0	0	CR	MAX	26437028.thl.jpg	26437028.thl.jpg	NOKEY	MAX	NOKEY
1445970208368	0	lts_1027L_11_01	11	01	0	95	0	0	0	CR	MAX	23051010.thl.jpg	23051010.thl.jpg	NOKEY	MAX	NOKEY
1445970209421	0	lts_1027L_11_01	11	01	0	96	16	1	1	Hit	572	16-mul/26391116.thl.jpg	26391116.thl.jpg	SPACE	619	SPACE
1445970212497	0	lts_1027L_11_01	11	01	0	97	0	0	0	CR	MAX	26370116.thl.jpg	26370116.thl.jpg	NOKEY	MAX	NOKEY
1445970215590	0	lts_1027L_11_01	11	01	0	98	0	0	0	CR	MAX	AWALNUT3.jpg	AWALNUT3.jpg	NOKEY	MAX	NOKEY
1445970218666	0	lts_1027L_11_01	11	01	0	99	0	0	0	CR	MAX	1/promdress.jpg	promdress.jpg	NOKEY	MAX	NOKEY
1445970219669	0	lts_1027L_11_01	11	01	0	100	1	1	1	Hit	522	1-12/promdress.jpg	promdress.jpg	SPACE	569	SPACE
1445970222745	0	lts_1027L_11_01	11	01	0	101	0	0	0	CR	MAX	Adog120.jpg	Adog120.jpg	NOKEY	MAX	NOKEY
1445970225820	0	lts_1027L_11_01	11	01	0	102	0	0	0	CR	MAX	8077486.thl.jpg	8077486.thl.jpg	NOKEY	MAX	NOKEY
1445970228896	0	lts_1027L_11_01	11	01	0	103	0	0	0	CR	MAX	64/Aeasteregg14.jpg	Aeasteregg14.jpg	NOKEY	MAX	NOKEY
1445970231972	0	lts_1027L_11_01	11	01	0	104	0	0	0	CR	MAX	26421536.thl.jpg	26421536.thl.jpg	NOKEY	MAX	NOKEY
1445970235049	0	lts_1027L_11_01	11	01	0	105	0	0	0	CR	MAX	8/26421070.thl.jpg	26421070.thl.jpg	NOKEY	MAX	NOKEY
1445970238125	0	lts_1027L_11_01	11	01	0	106	0	0	0	CR	MAX	2/Acastingladl2.jpg	Acastingladl2.jpg	NOKEY	MAX	NOKEY
1445970241201	0	lts_1027L_11_01	11	01	0	107	0	0	0	CR	MAX	Abowl74.jpg	Abowl74.jpg	NOKEY	MAX	NOKEY
1445970242288	0	lts_1027L_11_01	11	01	0	108	2	1	1	Hit	606	2-3/Acastingladl2.jpg	Acastingladl2.jpg	SPACE	651	SPACE
1445970245364	0	lts_1027L_11_01	11	01	0	109	0	0	0	CR	MAX	2/asparagus.jpg	asparagus.jpg	NOKEY	MAX	NOKEY
1445970248440	0	lts_1027L_11_01	11	01	0	110	0	0	0	CR	MAX	butter03.jpg	butter03.jpg	NOKEY	MAX	NOKEY
1445970249510	0	lts_1027L_11_01	11	01	0	111	2	1	1	Hit	591	2-7/asparagus.jpg	asparagus.jpg	SPACE	635	SPACE
1445970252586	0	lts_1027L_11_01	11	01	0	112	0	0	0	CR	MAX	Aseahorse4.jpg	Aseahorse4.jpg	NOKEY	MAX	NOKEY
1445970253689	0	lts_1027L_11_01	11	01	0	113	8	1	1	Hit	630	8-1/26421070.thl.jpg	26421070.thl.jpg	SPACE	668	SPACE
1445970256782	0	lts_1027L_11_01	11	01	0	114	0	0	0	CR	MAX	Ahawk3.jpg	Ahawk3.jpg	NOKEY	MAX	NOKEY
1445970259857	0	lts_1027L_11_01	11	01	0	115	0	0	0	CR	MAX	32/Aelectricgri3.jpg	Aelectricgri3.jpg	NOKEY	MAX	NOKEY
1445970260994	0	lts_1027L_11_01	11	01	0	116	32	1	1	Hit	656	32-1/23057742.thl.jpg	23057742.thl.jpg	SPACE	703	SPACE
1445970264071	0	lts_1027L_11_01	11	01	0	117	0	0	0	CR	MAX	4/Ashovel8.jpg	Ashovel8.jpg	NOKEY	MAX	NOKEY
1445970267147	0	lts_1027L_11_01	11	01	0	118	0	0	0	CR	MAX	neckrest.jpg	neckrest.jpg	NOKEY	MAX	NOKEY
1445970270223	0	lts_1027L_11_01	11	01	0	119	0	0	0	CR	MAX	26423786.thl.jpg	26423786.thl.jpg	NOKEY	MAX	NOKEY
1445970273299	0	lts_1027L_11_01	11	01	0	120	0	0	0	CR	MAX	26434297.thl.jpg	26434297.thl.jpg	NOKEY	MAX	NOKEY
1445970276375	0	lts_1027L_11_01	11	01	0	121	4	1	0	Miss	MAX	4-1/Ashovel8.jpg	Ashovel8.jpg	NOKEY	MAX	SPACE
1445970279452	0	lts_1027L_11_01	11	01	0	122	0	0	0	CR	MAX	AGHOST.jpg	AGHOST.jpg	NOKEY	MAX	NOKEY
1445970282528	0	lts_1027L_11_01	11	01	0	123	0	0	0	CR	MAX	Abootbinding.jpg	Abootbinding.jpg	NOKEY	MAX	NOKEY
1445970285604	0	lts_1027L_11_01	11	01	0	124	0	0	0	CR	MAX	26374803.thl.jpg	26374803.thl.jpg	NOKEY	MAX	NOKEY
1445970288680	0	lts_1027L_11_01	11	01	0	125	0	0	0	CR	MAX	26377631.thl.jpg	26377631.thl.jpg	NOKEY	MAX	NOKEY
1445970291772	0	lts_1027L_11_01	11	01	0	126	0	0	0	CR	MAX	AWINDSU21.jpg	AWINDSU21.jpg	NOKEY	MAX	NOKEY
1445970294848	0	lts_1027L_11_01	11	01	0	127	0	0	0	CR	MAX	Acarrot.jpg	Acarrot.jpg	NOKEY	MAX	NOKEY
1445970297924	0	lts_1027L_11_01	11	01	0	128	0	0	0	CR	MAX	128/26431848.thl.jpg	26431848.thl.jpg	NOKEY	MAX	NOKEY
1445970301001	0	lts_1027L_11_01	11	01	0	129	0	0	0	CR	MAX	Abeverage11.jpg	Abeverage11.jpg	NOKEY	MAX	NOKEY
1445970304077	0	lts_1027L_11_01	11	01	0	130	0	0	0	CR	MAX	128/8081398.thl.jpg	8081398.thl.jpg	NOKEY	MAX	NOKEY
1445970307153	0	lts_1027L_11_01	11	01	0	131	0	0	0	CR	MAX	AMOUSWHEE.jpg	AMOUSWHEE.jpg	NOKEY	MAX	NOKEY
1445970310229	0	lts_1027L_11_01	11	01	0	132	0	0	0	CR	MAX	4/ADOUBHOOK.jpg	ADOUBHOOK.jpg	NOKEY	MAX	NOKEY
1445970313305	0	lts_1027L_11_01	11	01	0	133	0	0	0	CR	MAX	sausage.jpg	sausage.jpg	NOKEY	MAX	NOKEY
1445970316381	0	lts_1027L_11_01	11	01	0	134	0	0	0	CR	MAX	26556936.thl.jpg	26556936.thl.jpg	NOKEY	MAX	NOKEY
1445970319457	0	lts_1027L_11_01	11	01	0	135	0	0	0	CR	MAX	AOVEN.jpg	AOVEN.jpg	NOKEY	MAX	NOKEY
1445970320527	0	lts_1027L_11_01	11	01	0	136	4	1	1	Hit	599	4-11/ADOUBHOOK.jpg	ADOUBHOOK.jpg	SPACE	635	SPACE
1445970323603	0	lts_1027L_11_01	11	01	0	137	0	0	0	CR	MAX	ANAPKHOL7.jpg	ANAPKHOL7.jpg	NOKEY	MAX	NOKEY
1445970326679	0	lts_1027L_11_01	11	01	0	138	0	0	0	CR	MAX	4/Acanadagoose.jpg	Acanadagoose.jpg	NOKEY	MAX	NOKEY
1445970329755	0	lts_1027L_11_01	11	01	0	139	0	0	0	CR	MAX	AMINCOLLE.jpg	AMINCOLLE.jpg	NOKEY	MAX	NOKEY
1445970331343	0	lts_1027L_11_01	11	01	0	140	128	1	1	Hit	1113	128-7/26421740.thl.jpg	26421740.thl.jpg	SPACE	1152	SPACE
1445970334419	0	lts_1027L_11_01	11	01	0	141	0	0	0	CR	MAX	AHOSPWAS2.jpg	AHOSPWAS2.jpg	NOKEY	MAX	NOKEY
1445970335556	0	lts_1027L_11_01	11	01	0	142	4	1	1	Hit	659	4-0/Acanadagoose.jpg	Acanadagoose.jpg	SPACE	702	SPACE
1445970338632	0	lts_1027L_11_01	11	01	0	143	0	0	0	CR	MAX	Athermosand12.jpg	Athermosand12.jpg	NOKEY	MAX	NOKEY
1445970341708	0	lts_1027L_11_01	11	01	0	144	0	0	0	CR	MAX	1/26424784.thl.jpg	26424784.thl.jpg	NOKEY	MAX	NOKEY
1445970342711	0	lts_1027L_11_01	11	01	0	145	1	1	1	Hit	521	1-7/26424784.thl.jpg	26424784.thl.jpg	SPACE	568	SPACE
1445970345788	0	lts_1027L_11_01	11	01	0	146	0	0	0	CR	MAX	ABLACSUI3.jpg	ABLACSUI3.jpg	NOKEY	MAX	NOKEY
1445970347041	0	lts_1027L_11_01	11	01	0	147	32	1	1	Hit	773	32-9/Aelectricgri3.jpg	Aelectricgri3.jpg	SPACE	819	SPACE
1445970350117	0	lts_1027L_11_01	11	01	0	148	0	0	0	CR	MAX	AKNIFECOL.jpg	AKNIFECOL.jpg	NOKEY	MAX	NOKEY
1445970353194	0	lts_1027L_11_01	11	01	0	149	0	0	0	CR	MAX	Aclamp42.jpg	Aclamp42.jpg	NOKEY	MAX	NOKEY
1445970354464	0	lts_1027L_11_01	11	01	0	150	128	1	1	Hit	789	128-0/Acandlesnuffe.jpg	Acandlesnuffe.jpg	SPACE	836	SPACE
1445970357540	0	lts_1027L_11_01	11	01	0	151	0	0	0	CR	MAX	Acardboardpan.jpg	Acardboardpan.jpg	NOKEY	MAX	NOKEY
1445970360616	0	lts_1027L_11_01	11	01	0	152	0	0	0	CR	MAX	fireking-file-cabinet.jpg	fireking-file-cabinet.jpg	NOKEY	MAX	NOKEY
1445970363692	0	lts_1027L_11_01	11	01	0	153	0	0	0	CR	MAX	Acompactdisc2.jpg	Acompactdisc2.jpg	NOKEY	MAX	NOKEY
1445970366785	0	lts_1027L_11_01	11	01	0	154	0	0	0	CR	MAX	2/26377777.thl.jpg	26377777.thl.jpg	NOKEY	MAX	NOKEY
1445970369860	0	lts_1027L_11_01	11	01	0	155	0	0	0	CR	MAX	APUTTER.jpg	APUTTER.jpg	NOKEY	MAX	NOKEY
1445970370980	0	lts_1027L_11_01	11	01	0	156	2	1	1	Hit	640	2-5/26377777.thl.jpg	26377777.thl.jpg	SPACE	686	SPACE
1445970374057	0	lts_1027L_11_01	11	01	0	157	0	0	0	CR	MAX	1/Afeatherhat.jpg	Afeatherhat.jpg	NOKEY	MAX	NOKEY
1445970375127	0	lts_1027L_11_01	11	01	0	158	1	1	1	Hit	587	1-14/Afeatherhat.jpg	Afeatherhat.jpg	SPACE	635	SPACE
1445970378203	0	lts_1027L_11_01	11	01	0	159	0	0	0	CR	MAX	Aembossedsta2.jpg	Aembossedsta2.jpg	NOKEY	MAX	NOKEY
1445970381279	0	lts_1027L_11_01	11	01	0	160	0	0	0	CR	MAX	ABROWNBAG.jpg	ABROWNBAG.jpg	NOKEY	MAX	NOKEY
1445970382466	0	lts_1027L_11_01	11	01	0	161	128	1	1	Hit	704	128-4/26461587.thl.jpg	26461587.thl.jpg	SPACE	752	SPACE
1445970385542	0	lts_1027L_11_01	11	01	0	162	0	0	0	CR	MAX	32/airhocckytable.jpg	airhocckytable.jpg	NOKEY	MAX	NOKEY
1445970388635	0	lts_1027L_11_01	11	01	0	163	0	0	0	CR	MAX	ACHEEGRA3.jpg	ACHEEGRA3.jpg	NOKEY	MAX	NOKEY
1445970391711	0	lts_1027L_11_01	11	01	0	164	0	0	0	CR	MAX	Atoyparrot2.jpg	Atoyparrot2.jpg	NOKEY	MAX	NOKEY
1445970394787	0	lts_1027L_11_01	11	01	0	165	128	1	0	Miss	MAX	128-1/chocolatbox.jpg	chocolatbox.jpg	NOKEY	MAX	SPACE
1445970397862	0	lts_1027L_11_01	11	01	0	166	0	0	0	CR	MAX	64/ABROOCH53.jpg	ABROOCH53.jpg	NOKEY	MAX	NOKEY
1445970399050	0	lts_1027L_11_01	11	01	0	167	64	1	1	Hit	715	64-first/Aeasteregg14.jpg	Aeasteregg14.jpg	SPACE	753	SPACE
1445970402126	0	lts_1027L_11_01	11	01	0	168	0	0	0	CR	MAX	Akitchentimer.jpg	Akitchentimer.jpg	NOKEY	MAX	NOKEY
1445970403129	0	lts_1027L_11_01	11	01	0	169	2	1	1	Hit	523	2-mul/Aeasteregg14.jpg	Aeasteregg14.jpg	SPACE	568	SPACE
1445970406205	0	lts_1027L_11_01	11	01	0	170	0	0	0	CR	MAX	8257273.thl.jpg	8257273.thl.jpg	NOKEY	MAX	NOKEY
1445970409282	0	lts_1027L_11_01	11	01	0	171	0	0	0	CR	MAX	4/26370445.thl.jpg	26370445.thl.jpg	NOKEY	MAX	NOKEY
1445970412358	0	lts_1027L_11_01	11	01	0	172	0	0	0	CR	MAX	ASKIPROP2.jpg	ASKIPROP2.jpg	NOKEY	MAX	NOKEY
1445970415434	0	lts_1027L_11_01	11	01	0	173	0	0	0	CR	MAX	Atrailer5.jpg	Atrailer5.jpg	NOKEY	MAX	NOKEY
1445970418510	0	lts_1027L_11_01	11	01	0	174	0	0	0	CR	MAX	APOTWHOLE.jpg	APOTWHOLE.jpg	NOKEY	MAX	NOKEY
1445970419630	0	lts_1027L_11_01	11	01	0	175	4	1	1	Hit	639	4-3/26370445.thl.jpg	26370445.thl.jpg	SPACE	686	SPACE
1445970422706	0	lts_1027L_11_01	11	01	0	176	0	0	0	CR	MAX	26772997.thl.jpg	26772997.thl.jpg	NOKEY	MAX	NOKEY
1445970425782	0	lts_1027L_11_01	11	01	0	177	0	0	0	CR	MAX	ATUNFORK2.jpg	ATUNFORK2.jpg	NOKEY	MAX	NOKEY
1445970428874	0	lts_1027L_11_01	11	01	0	178	0	0	0	CR	MAX	ASKYDIVE.jpg	ASKYDIVE.jpg	NOKEY	MAX	NOKEY
1445970431950	0	lts_1027L_11_01	11	01	0	179	0	0	0	CR	MAX	APILLS9.jpg	APILLS9.jpg	NOKEY	MAX	NOKEY
1445970435027	0	lts_1027L_11_01	11	01	0	180	0	0	0	CR	MAX	1/Ahorse23.jpg	Ahorse23.jpg	NOKEY	MAX	NOKEY
1445970436097	0	lts_1027L_11_01	11	01	0	181	1	1	1	Hit	598	1-10/Ahorse23.jpg	Ahorse23.jpg	SPACE	636	SPACE
1445970439173	0	lts_1027L_11_01	11	01	0	182	0	0	0	CR	MAX	Awoodenspoon3.jpg	Awoodenspoon3.jpg	NOKEY	MAX	NOKEY
1445970442249	0	lts_1027L_11_01	11	01	0	183	0	0	0	CR	MAX	1/ADOGLEAS2.jpg	ADOGLEAS2.jpg	NOKEY	MAX	NOKEY
1445970443202	0	lts_1027L_11_01	11	01	0	184	1	1	1	Hit	482	1-1/ADOGLEAS2.jpg	ADOGLEAS2.jpg	SPACE	519	SPACE
1445970446278	0	lts_1027L_11_01	11	01	0	185	0	0	0	CR	MAX	ABAKECON3.jpg	ABAKECON3.jpg	NOKEY	MAX	NOKEY
1445970449371	0	lts_1027L_11_01	11	01	0	186	0	0	0	CR	MAX	AMIXBOAR2.jpg	AMIXBOAR2.jpg	NOKEY	MAX	NOKEY
1445970452447	0	lts_1027L_11_01	11	01	0	187	0	0	0	CR	MAX	16/Ashoeshines15.jpg	Ashoeshines15.jpg	NOKEY	MAX	NOKEY
1445970455523	0	lts_1027L_11_01	11	01	0	188	0	0	0	CR	MAX	4/ALEGCAST3.jpg	ALEGCAST3.jpg	NOKEY	MAX	NOKEY
1445970458599	0	lts_1027L_11_01	11	01	0	189	0	0	0	CR	MAX	burrito.jpg	burrito.jpg	NOKEY	MAX	NOKEY
1445970461675	0	lts_1027L_11_01	11	01	0	190	0	0	0	CR	MAX	128/ARATTLE.jpg	ARATTLE.jpg	NOKEY	MAX	NOKEY
1445970464751	0	lts_1027L_11_01	11	01	0	191	0	0	0	CR	MAX	AINCENSE4.jpg	AINCENSE4.jpg	NOKEY	MAX	NOKEY
1445970465870	0	lts_1027L_11_01	11	01	0	192	4	1	1	Hit	647	4-4/ALEGCAST3.jpg	ALEGCAST3.jpg	SPACE	686	SPACE
1445970468946	0	lts_1027L_11_01	11	01	0	193	0	0	0	CR	MAX	4/popcorn.jpg	popcorn.jpg	NOKEY	MAX	NOKEY
1445970472023	0	lts_1027L_11_01	11	01	0	194	32	1	0	Miss	MAX	32-7/airhocckytable.jpg	airhocckytable.jpg	NOKEY	MAX	SPACE
1445970475099	0	lts_1027L_11_01	11	01	0	195	0	0	0	CR	MAX	APUPPY26.jpg	APUPPY26.jpg	NOKEY	MAX	NOKEY
1445970478175	0	lts_1027L_11_01	11	01	0	196	0	0	0	CR	MAX	Acarjack2.jpg	Acarjack2.jpg	NOKEY	MAX	NOKEY
1445970479362	0	lts_1027L_11_01	11	01	0	197	4	1	1	Hit	713	4-5/popcorn.jpg	popcorn.jpg	SPACE	751	SPACE
1445970482438	0	lts_1027L_11_01	11	01	0	198	0	0	0	CR	MAX	26423873.thl.jpg	26423873.thl.jpg	NOKEY	MAX	NOKEY
1445970485514	0	lts_1027L_11_01	11	01	0	199	0	0	0	CR	MAX	23016235.thl.jpg	23016235.thl.jpg	NOKEY	MAX	NOKEY
1445970488590	0	lts_1027L_11_01	11	01	0	200	0	0	0	CR	MAX	Aelectronicor.jpg	Aelectronicor.jpg	NOKEY	MAX	NOKEY
1445970491667	0	lts_1027L_11_01	11	01	0	201	0	0	0	CR	MAX	ADRESSE14.jpg	ADRESSE14.jpg	NOKEY	MAX	NOKEY
1445970494743	0	lts_1027L_11_01	11	01	0	202	0	0	0	CR	MAX	ACUTBOAR2.jpg	ACUTBOAR2.jpg	NOKEY	MAX	NOKEY
1445970495912	0	lts_1027L_11_01	11	01	0	203	16	1	1	Hit	688	16-first/Ashoeshines15.jpg	Ashoeshines15.jpg	SPACE	736	SPACE
1445970499006	0	lts_1027L_11_01	11	01	0	204	0	0	0	CR	MAX	AFETTUCI2.jpg	AFETTUCI2.jpg	NOKEY	MAX	NOKEY
1445970499974	0	lts_1027L_11_01	11	01	0	205	2	1	1	Hit	496	2-mul/Ashoeshines15.jpg	Ashoeshines15.jpg	SPACE	535	SPACE
1445970503051	0	lts_1027L_11_01	11	01	0	206	0	0	0	CR	MAX	4/AWEIGHTS8.jpg	AWEIGHTS8.jpg	NOKEY	MAX	NOKEY
1445970506127	0	lts_1027L_11_01	11	01	0	207	0	0	0	CR	MAX	8/AANTCASH3.jpg	AANTCASH3.jpg	NOKEY	MAX	NOKEY
1445970509203	0	lts_1027L_11_01	11	01	0	208	0	0	0	CR	MAX	Aleatherbeltp.jpg	Aleatherbeltp.jpg	NOKEY	MAX	NOKEY
1445970512280	0	lts_1027L_11_01	11	01	0	209	0	0	0	CR	MAX	razorscooter.jpg	razorscooter.jpg	NOKEY	MAX	NOKEY
1445970513550	0	lts_1027L_11_01	11	01	0	210	4	1	1	Hit	794	4-8/AWEIGHTS8.jpg	AWEIGHTS8.jpg	SPACE	836	SPACE
1445970516626	0	lts_1027L_11_01	11	01	0	211	0	0	0	CR	MAX	Asaxophone.jpg	Asaxophone.jpg	NOKEY	MAX	NOKEY
1445970519702	0	lts_1027L_11_01	11	01	0	212	0	0	0	CR	MAX	8/Araisins4.jpg	Araisins4.jpg	NOKEY	MAX	NOKEY
1445970522778	0	lts_1027L_11_01	11	01	0	213	0	0	0	CR	MAX	AGREENPEP.jpg	AGREENPEP.jpg	NOKEY	MAX	NOKEY
1445970525853	0	lts_1027L_11_01	11	01	0	214	0	0	0	CR	MAX	23070064.thl.jpg	23070064.thl.jpg	NOKEY	MAX	NOKEY
1445970527008	0	lts_1027L_11_01	11	01	0	215	8	1	1	Hit	683	8-0/AANTCASH3.jpg	AANTCASH3.jpg	SPACE	720	SPACE
1445970530084	0	lts_1027L_11_01	11	01	0	216	0	0	0	CR	MAX	64/APOGO4.jpg	APOGO4.jpg	NOKEY	MAX	NOKEY
1445970533160	0	lts_1027L_11_01	11	01	0	217	0	0	0	CR	MAX	ACOMPAS20.jpg	ACOMPAS20.jpg	NOKEY	MAX	NOKEY
1445970536236	0	lts_1027L_11_01	11	01	0	218	0	0	0	CR	MAX	26421357.thl.jpg	26421357.thl.jpg	NOKEY	MAX	NOKEY
1445970539312	0	lts_1027L_11_01	11	01	0	219	0	0	0	CR	MAX	AOVALFRAM.jpg	AOVALFRAM.jpg	NOKEY	MAX	NOKEY
1445970540416	0	lts_1027L_11_01	11	01	0	220	8	1	1	Hit	619	8-first/Araisins4.jpg	Araisins4.jpg	SPACE	667	SPACE
1445970543492	0	lts_1027L_11_01	11	01	0	221	0	0	0	CR	MAX	ACURLRIB2.jpg	ACURLRIB2.jpg	NOKEY	MAX	NOKEY
1445970546568	0	lts_1027L_11_01	11	01	0	222	0	0	0	CR	MAX	22991767.thl.jpg	22991767.thl.jpg	NOKEY	MAX	NOKEY
1445970549644	0	lts_1027L_11_01	11	01	0	223	0	0	0	CR	MAX	64/ARELSCU49.jpg	ARELSCU49.jpg	NOKEY	MAX	NOKEY
1445970550647	0	lts_1027L_11_01	11	01	0	224	4	1	1	Hit	524	4-mul/Araisins4.jpg	Araisins4.jpg	SPACE	569	SPACE
1445970553723	0	lts_1027L_11_01	11	01	0	225	0	0	0	CR	MAX	quiche.jpg	quiche.jpg	NOKEY	MAX	NOKEY
1445970556799	0	lts_1027L_11_01	11	01	0	226	0	0	0	CR	MAX	2/Aeastcho6.jpg	Aeastcho6.jpg	NOKEY	MAX	NOKEY
1445970559891	0	lts_1027L_11_01	11	01	0	227	0	0	0	CR	MAX	Arack3.jpg	Arack3.jpg	NOKEY	MAX	NOKEY
1445970560877	0	lts_1027L_11_01	11	01	0	228	2	1	1	Hit	518	2-2/Aeastcho6.jpg	Aeastcho6.jpg	SPACE	553	SPACE
1445970563953	0	lts_1027L_11_01	11	01	0	229	0	0	0	CR	MAX	gingerbreadcookie.jpg	gingerbreadcookie.jpg	NOKEY	MAX	NOKEY
1445970564973	0	lts_1027L_11_01	11	01	0	230	64	1	1	Hit	551	64-first/ABROOCH53.jpg	ABROOCH53.jpg	SPACE	586	SPACE
1445970568050	0	lts_1027L_11_01	11	01	0	231	0	0	0	CR	MAX	26379647.thl.jpg	26379647.thl.jpg	NOKEY	MAX	NOKEY
1445970571126	0	lts_1027L_11_01	11	01	0	232	0	0	0	CR	MAX	4/Aroadsignind3.jpg	Aroadsignind3.jpg	NOKEY	MAX	NOKEY
1445970574202	0	lts_1027L_11_01	11	01	0	233	0	0	0	CR	MAX	APAINTJ11.jpg	APAINTJ11.jpg	NOKEY	MAX	NOKEY
1445970575239	0	lts_1027L_11_01	11	01	0	234	4	1	1	Hit	559	4-mul/ABROOCH53.jpg	ABROOCH53.jpg	SPACE	600	SPACE
1445970578315	0	lts_1027L_11_01	11	01	0	235	0	0	0	CR	MAX	Arockingchai5.jpg	Arockingchai5.jpg	NOKEY	MAX	NOKEY
1445970579502	0	lts_1027L_11_01	11	01	0	236	4	1	1	Hit	704	4-12/Aroadsignind3.jpg	Aroadsignind3.jpg	SPACE	752	SPACE
1445970582594	0	lts_1027L_11_01	11	01	0	237	0	0	0	CR	MAX	64/26432607.thl.jpg	26432607.thl.jpg	NOKEY	MAX	NOKEY
1445970585670	0	lts_1027L_11_01	11	01	0	238	0	0	0	CR	MAX	ice.jpg	ice.jpg	NOKEY	MAX	NOKEY
1445970588747	0	lts_1027L_11_01	11	01	0	239	0	0	0	CR	MAX	Aplum11.jpg	Aplum11.jpg	NOKEY	MAX	NOKEY
1445970591822	0	lts_1027L_11_01	11	01	0	240	0	0	0	CR	MAX	128/Asandgarden.jpg	Asandgarden.jpg	NOKEY	MAX	NOKEY
1445970594898	0	lts_1027L_11_01	11	01	0	241	0	0	0	CR	MAX	2/Aflamingo4.jpg	Aflamingo4.jpg	NOKEY	MAX	NOKEY
1445970597974	0	lts_1027L_11_01	11	01	0	242	0	0	0	CR	MAX	APOKCHIP4.jpg	APOKCHIP4.jpg	NOKEY	MAX	NOKEY
1445970599178	0	lts_1027L_11_01	11	01	0	243	2	1	1	Hit	723	2-11/Aflamingo4.jpg	Aflamingo4.jpg	SPACE	770	SPACE
1445970602255	0	lts_1027L_11_01	11	01	0	244	0	0	0	CR	MAX	8031659.thl.jpg	8031659.thl.jpg	NOKEY	MAX	NOKEY
1445970605330	0	lts_1027L_11_01	11	01	0	245	0	0	0	CR	MAX	2/AKNIFEHOL.jpg	AKNIFEHOL.jpg	NOKEY	MAX	NOKEY
1445970608407	0	lts_1027L_11_01	11	01	0	246	0	0	0	CR	MAX	26377601.thl.jpg	26377601.thl.jpg	NOKEY	MAX	NOKEY
1445970611483	0	lts_1027L_11_01	11	01	0	247	2	1	0	Miss	MAX	2-12/AKNIFEHOL.jpg	AKNIFEHOL.jpg	NOKEY	MAX	SPACE
1445970614559	0	lts_1027L_11_01	11	01	0	248	0	0	0	CR	MAX	1/AAMBULAN7.jpg	AAMBULAN7.jpg	NOKEY	MAX	NOKEY
1445970615545	0	lts_1027L_11_01	11	01	0	249	1	1	1	Hit	513	1-9/AAMBULAN7.jpg	AAMBULAN7.jpg	SPACE	552	SPACE
1445970618621	0	lts_1027L_11_01	11	01	0	250	0	0	0	CR	MAX	ARIBBON9.jpg	ARIBBON9.jpg	NOKEY	MAX	NOKEY
1445970621697	0	lts_1027L_11_01	11	01	0	251	0	0	0	CR	MAX	Asaturn.jpg	Asaturn.jpg	NOKEY	MAX	NOKEY
1445970624790	0	lts_1027L_11_01	11	01	0	252	0	0	0	CR	MAX	8/Adrinkinggl21.jpg	Adrinkinggl21.jpg	NOKEY	MAX	NOKEY
1445970627865	0	lts_1027L_11_01	11	01	0	253	0	0	0	CR	MAX	Asewingpin.jpg	Asewingpin.jpg	NOKEY	MAX	NOKEY
1445970630941	0	lts_1027L_11_01	11	01	0	254	0	0	0	CR	MAX	AANTMILK.jpg	AANTMILK.jpg	NOKEY	MAX	NOKEY
1445970634018	0	lts_1027L_11_01	11	01	0	255	0	0	0	CR	MAX	8/Acomputerpro3.jpg	Acomputerpro3.jpg	NOKEY	MAX	NOKEY
1445970635222	0	lts_1027L_11_01	11	01	0	256	128	1	1	Hit	720	128-2/26431848.thl.jpg	26431848.thl.jpg	SPACE	769	SPACE
1445970636610	0	lts_1027L_11_01	11	01	0	257	0	0	1	FA	902	26390189.thl.jpg	26390189.thl.jpg	SPACE	953	NOKEY
1445970639686	0	lts_1027L_11_01	11	01	0	258	128	1	0	Miss	MAX	128-5/8081398.thl.jpg	8081398.thl.jpg	NOKEY	MAX	SPACE
1445970642762	0	lts_1027L_11_01	11	01	0	259	0	0	0	CR	MAX	AGLASSBA4.jpg	AGLASSBA4.jpg	NOKEY	MAX	NOKEY
1445970645837	0	lts_1027L_11_01	11	01	0	260	8	1	0	Miss	MAX	8-first/Adrinkinggl21.jpg	Adrinkinggl21.jpg	NOKEY	MAX	SPACE
1445970648913	0	lts_1027L_11_01	11	01	0	261	0	0	0	CR	MAX	8023968.thl.jpg	8023968.thl.jpg	NOKEY	MAX	NOKEY
1445970651989	0	lts_1027L_11_01	11	01	0	262	0	0	0	CR	MAX	26439297.thl.jpg	26439297.thl.jpg	NOKEY	MAX	NOKEY
1445970653126	0	lts_1027L_11_01	11	01	0	263	8	1	1	Hit	657	8-first/Acomputerpro3.jpg	Acomputerpro3.jpg	SPACE	702	SPACE
1445970656203	0	lts_1027L_11_01	11	01	0	264	0	0	0	CR	MAX	mouse-a.jpg	mouse-a.jpg	NOKEY	MAX	NOKEY
1445970659279	0	lts_1027L_11_01	11	01	0	265	0	0	0	CR	MAX	ABACCAMEL.jpg	ABACCAMEL.jpg	NOKEY	MAX	NOKEY
1445970662355	0	lts_1027L_11_01	11	01	0	266	0	0	0	CR	MAX	8256348.thl.jpg	8256348.thl.jpg	NOKEY	MAX	NOKEY
1445970663425	0	lts_1027L_11_01	11	01	0	267	4	1	1	Hit	584	4-mul/Acomputerpro3.jpg	Acomputerpro3.jpg	SPACE	636	SPACE
1445970666501	0	lts_1027L_11_01	11	01	0	268	0	0	0	CR	MAX	Astrawfan.jpg	Astrawfan.jpg	NOKEY	MAX	NOKEY
1445970669577	0	lts_1027L_11_01	11	01	0	269	0	0	0	CR	MAX	4/AMEATGR14.jpg	AMEATGR14.jpg	NOKEY	MAX	NOKEY
1445970672653	0	lts_1027L_11_01	11	01	0	270	0	0	0	CR	MAX	64/26421106.thl.jpg	26421106.thl.jpg	NOKEY	MAX	NOKEY
1445970675729	0	lts_1027L_11_01	11	01	0	271	0	0	0	CR	MAX	Aspraybottle4.jpg	Aspraybottle4.jpg	NOKEY	MAX	NOKEY
1445970678805	0	lts_1027L_11_01	11	01	0	272	0	0	0	CR	MAX	B_brush.jpg	B_brush.jpg	NOKEY	MAX	NOKEY
1445970679857	0	lts_1027L_11_01	11	01	0	273	4	1	1	Hit	585	4-9/AMEATGR14.jpg	AMEATGR14.jpg	SPACE	620	SPACE
1445970682933	0	lts_1027L_11_01	11	01	0	274	0	0	0	CR	MAX	Aglass43.jpg	Aglass43.jpg	NOKEY	MAX	NOKEY
1445970686010	0	lts_1027L_11_01	11	01	0	275	0	0	0	CR	MAX	26374798.thl.jpg	26374798.thl.jpg	NOKEY	MAX	NOKEY
1445970687130	0	lts_1027L_11_01	11	01	0	276	16	1	1	Hit	646	16-mul/Adrinkinggl21.jpg	Adrinkinggl21.jpg	SPACE	685	SPACE
1445970690207	0	lts_1027L_11_01	11	01	0	277	0	0	0	CR	MAX	1/Aornament89.jpg	Aornament89.jpg	NOKEY	MAX	NOKEY
1445970691143	0	lts_1027L_11_01	11	01	0	278	1	1	1	Hit	465	1-2/Aornament89.jpg	Aornament89.jpg	SPACE	502	SPACE
1445970694235	0	lts_1027L_11_01	11	01	0	279	0	0	0	CR	MAX	Abat5.jpg	Abat5.jpg	NOKEY	MAX	NOKEY
1445970695473	0	lts_1027L_11_01	11	01	0	280	64	1	1	Hit	752	64-first/APOGO4.jpg	APOGO4.jpg	SPACE	802	SPACE
1445970698549	0	lts_1027L_11_01	11	01	0	281	0	0	0	CR	MAX	23065398.thl.jpg	23065398.thl.jpg	NOKEY	MAX	NOKEY
1445970701625	0	lts_1027L_11_01	11	01	0	282	0	0	0	CR	MAX	2/APICTURE.jpg	APICTURE.jpg	NOKEY	MAX	NOKEY
1445970704701	0	lts_1027L_11_01	11	01	0	283	0	0	0	CR	MAX	gondola.jpg	gondola.jpg	NOKEY	MAX	NOKEY
1445970706038	0	lts_1027L_11_01	11	01	0	284	2	1	1	Hit	865	2-8/APICTURE.jpg	APICTURE.jpg	SPACE	903	SPACE
1445970709114	0	lts_1027L_11_01	11	01	0	285	0	0	0	CR	MAX	22925228.thl.jpg	22925228.thl.jpg	NOKEY	MAX	NOKEY
1445970712190	0	lts_1027L_11_01	11	01	0	286	0	0	0	CR	MAX	ABASTER2.jpg	ABASTER2.jpg	NOKEY	MAX	NOKEY
1445970713294	0	lts_1027L_11_01	11	01	0	287	64	1	1	Hit	618	64-first/ARELSCU49.jpg	ARELSCU49.jpg	SPACE	668	SPACE
1445970716370	0	lts_1027L_11_01	11	01	0	288	0	0	0	CR	MAX	ATRIUMPH3.jpg	ATRIUMPH3.jpg	NOKEY	MAX	NOKEY
1445970717340	0	lts_1027L_11_01	11	01	0	289	2	1	1	Hit	493	2-mul/ARELSCU49.jpg	ARELSCU49.jpg	SPACE	534	SPACE
1445970720416	0	lts_1027L_11_01	11	01	0	290	0	0	0	CR	MAX	1/ASTEAMER4.jpg	ASTEAMER4.jpg	NOKEY	MAX	NOKEY
1445970721402	0	lts_1027L_11_01	11	01	0	291	1	1	1	Hit	511	1-4/ASTEAMER4.jpg	ASTEAMER4.jpg	SPACE	551	SPACE
1445970724495	0	lts_1027L_11_01	11	01	0	292	0	0	0	CR	MAX	16/ACOMPACT.jpg	ACOMPACT.jpg	NOKEY	MAX	NOKEY
1445970727571	0	lts_1027L_11_01	11	01	0	293	0	0	0	CR	MAX	Aspoonofsuga2.jpg	Aspoonofsuga2.jpg	NOKEY	MAX	NOKEY
1445970730647	0	lts_1027L_11_01	11	01	0	294	0	0	0	CR	MAX	Atoydonkey.jpg	Atoydonkey.jpg	NOKEY	MAX	NOKEY
1445970733723	0	lts_1027L_11_01	11	01	0	295	0	0	0	CR	MAX	ALARGECA2.jpg	ALARGECA2.jpg	NOKEY	MAX	NOKEY
1445970734776	0	lts_1027L_11_01	11	01	0	296	16	1	1	Hit	576	16-mul/APOGO4.jpg	APOGO4.jpg	SPACE	619	SPACE
1445970737851	0	lts_1027L_11_01	11	01	0	297	0	0	0	CR	MAX	2/Aflower102.jpg	Aflower102.jpg	NOKEY	MAX	NOKEY
1445970740927	0	lts_1027L_11_01	11	01	0	298	0	0	0	CR	MAX	Acompass18.jpg	Acompass18.jpg	NOKEY	MAX	NOKEY
1445970742048	0	lts_1027L_11_01	11	01	0	299	2	1	1	Hit	647	2-10/Aflower102.jpg	Aflower102.jpg	SPACE	686	SPACE
1445970745124	0	lts_1027L_11_01	11	01	0	300	0	0	0	CR	MAX	ATALSTAN3.jpg	ATALSTAN3.jpg	NOKEY	MAX	NOKEY
1445970746127	0	lts_1027L_11_01	11	01	0	301	64	1	1	Hit	529	64-first/26432607.thl.jpg	26432607.thl.jpg	SPACE	568	SPACE
1445970749204	0	lts_1027L_11_01	11	01	0	302	0	0	0	CR	MAX	4/Abeermug11.jpg	Abeermug11.jpg	NOKEY	MAX	NOKEY
1445970750223	0	lts_1027L_11_01	11	01	0	303	2	1	1	Hit	550	2-mul/26432607.thl.jpg	26432607.thl.jpg	SPACE	585	SPACE
1445970753299	0	lts_1027L_11_01	11	01	0	304	0	0	0	CR	MAX	26393373.thl.jpg	26393373.thl.jpg	NOKEY	MAX	NOKEY
1445970756375	0	lts_1027L_11_01	11	01	0	305	0	0	0	CR	MAX	26424075.thl.jpg	26424075.thl.jpg	NOKEY	MAX	NOKEY
1445970757395	0	lts_1027L_11_01	11	01	0	306	4	1	1	Hit	534	4-6/Abeermug11.jpg	Abeermug11.jpg	SPACE	584	SPACE
1445970760471	0	lts_1027L_11_01	11	01	0	307	0	0	0	CR	MAX	A52ZX.jpg	A52ZX.jpg	NOKEY	MAX	NOKEY
1445970761591	0	lts_1027L_11_01	11	01	0	308	16	1	1	Hit	642	16-first/ACOMPACT.jpg	ACOMPACT.jpg	SPACE	685	SPACE
1445970764667	0	lts_1027L_11_01	11	01	0	309	0	0	0	CR	MAX	32/AWODSPOON.jpg	AWODSPOON.jpg	NOKEY	MAX	NOKEY
1445970767743	0	lts_1027L_11_01	11	01	0	310	0	0	0	CR	MAX	Awindmill3.jpg	Awindmill3.jpg	NOKEY	MAX	NOKEY
1445970770818	0	lts_1027L_11_01	11	01	0	311	0	0	0	CR	MAX	1/Agrater10.jpg	Agrater10.jpg	NOKEY	MAX	NOKEY
1445970771756	0	lts_1027L_11_01	11	01	0	312	1	1	1	Hit	453	1-6/Agrater10.jpg	Agrater10.jpg	SPACE	503	SPACE
1445970774842	0	lts_1027L_11_01	11	01	0	313	0	0	0	CR	MAX	2/Aflowerpot9.jpg	Aflowerpot9.jpg	NOKEY	MAX	NOKEY
1445970777907	0	lts_1027L_11_01	11	01	0	314	0	0	0	CR	MAX	26418799.thl.jpg	26418799.thl.jpg	NOKEY	MAX	NOKEY
1445970779095	0	lts_1027L_11_01	11	01	0	315	2	1	1	Hit	706	2-1/Aflowerpot9.jpg	Aflowerpot9.jpg	SPACE	754	SPACE
1445970782171	0	lts_1027L_11_01	11	01	0	316	0	0	0	CR	MAX	AHANDLE5.jpg	AHANDLE5.jpg	NOKEY	MAX	NOKEY
1445970785247	0	lts_1027L_11_01	11	01	0	317	0	0	0	CR	MAX	ABAKBRUS2.jpg	ABAKBRUS2.jpg	NOKEY	MAX	NOKEY
1445970786467	0	lts_1027L_11_01	11	01	0	318	128	1	1	Hit	751	128-6/ARATTLE.jpg	ARATTLE.jpg	SPACE	786	SPACE
1445970789543	0	lts_1027L_11_01	11	01	0	319	0	0	0	CR	MAX	26431753.thl.jpg	26431753.thl.jpg	NOKEY	MAX	NOKEY
1445970792620	0	lts_1027L_11_01	11	01	0	320	0	0	0	CR	MAX	AWEIGHTS3.jpg	AWEIGHTS3.jpg	NOKEY	MAX	NOKEY
1445970795696	0	lts_1027L_11_01	11	01	0	321	0	0	0	CR	MAX	64/stickersparty.jpg	stickersparty.jpg	NOKEY	MAX	NOKEY
1445970798772	0	lts_1027L_11_01	11	01	0	322	0	0	0	CR	MAX	32/APALLETT2.jpg	APALLETT2.jpg	NOKEY	MAX	NOKEY
1445970801847	0	lts_1027L_11_01	11	01	0	323	0	0	0	CR	MAX	4/ACHANGDIS.jpg	ACHANGDIS.jpg	NOKEY	MAX	NOKEY
1445970803051	0	lts_1027L_11_01	11	01	0	324	16	1	1	Hit	735	16-mul/ACOMPACT.jpg	ACOMPACT.jpg	SPACE	770	SPACE
1445970806127	0	lts_1027L_11_01	11	01	0	325	0	0	0	CR	MAX	Acementfinish.jpg	Acementfinish.jpg	NOKEY	MAX	NOKEY
1445970809203	0	lts_1027L_11_01	11	01	0	326	0	0	0	CR	MAX	AANTICOT.jpg	AANTICOT.jpg	NOKEY	MAX	NOKEY
1445970810257	0	lts_1027L_11_01	11	01	0	327	4	1	1	Hit	573	4-10/ACHANGDIS.jpg	ACHANGDIS.jpg	SPACE	617	SPACE
1445970813333	0	lts_1027L_11_01	11	01	0	328	0	0	0	CR	MAX	32/Ashelf27.jpg	Ashelf27.jpg	NOKEY	MAX	NOKEY
1445970816426	0	lts_1027L_11_01	11	01	0	329	0	0	0	CR	MAX	16/ACUSTMACH.jpg	ACUSTMACH.jpg	NOKEY	MAX	NOKEY
1445970819502	0	lts_1027L_11_01	11	01	0	330	0	0	0	CR	MAX	26424440.thl.jpg	26424440.thl.jpg	NOKEY	MAX	NOKEY
1445970822578	0	lts_1027L_11_01	11	01	0	331	0	0	0	CR	MAX	26392651.thl.jpg	26392651.thl.jpg	NOKEY	MAX	NOKEY
1445970825654	0	lts_1027L_11_01	11	01	0	332	0	0	0	CR	MAX	16/AHARMONS2.jpg	AHARMONS2.jpg	NOKEY	MAX	NOKEY
1445970828730	0	lts_1027L_11_01	11	01	0	333	0	0	0	CR	MAX	Agoldfishina2.jpg	Agoldfishina2.jpg	NOKEY	MAX	NOKEY
1445970829816	0	lts_1027L_11_01	11	01	0	334	64	1	1	Hit	602	64-first/26421106.thl.jpg	26421106.thl.jpg	SPACE	652	SPACE
1445970832892	0	lts_1027L_11_01	11	01	0	335	0	0	0	CR	MAX	Apineapple3.jpg	Apineapple3.jpg	NOKEY	MAX	NOKEY
1445970835968	0	lts_1027L_11_01	11	01	0	336	0	0	0	CR	MAX	Atrumpetwith2.jpg	Atrumpetwith2.jpg	NOKEY	MAX	NOKEY
1445970839045	0	lts_1027L_11_01	11	01	0	337	0	0	0	CR	MAX	22949719.thl.jpg	22949719.thl.jpg	NOKEY	MAX	NOKEY
1445970840048	0	lts_1027L_11_01	11	01	0	338	4	1	1	Hit	517	4-mul/26421106.thl.jpg	26421106.thl.jpg	SPACE	569	SPACE
1445970843124	0	lts_1027L_11_01	11	01	0	339	0	0	0	CR	MAX	ACHEESEB3.jpg	ACHEESEB3.jpg	NOKEY	MAX	NOKEY
1445970846200	0	lts_1027L_11_01	11	01	0	340	0	0	0	CR	MAX	Aflower136.jpg	Aflower136.jpg	NOKEY	MAX	NOKEY
1445970847353	0	lts_1027L_11_01	11	01	0	341	32	1	1	Hit	677	32-8/AWODSPOON.jpg	AWODSPOON.jpg	SPACE	718	SPACE
1445970850429	0	lts_1027L_11_01	11	01	0	342	0	0	0	CR	MAX	1/Acheesgra.jpg	Acheesgra.jpg	NOKEY	MAX	NOKEY
1445970851449	0	lts_1027L_11_01	11	01	0	343	1	1	1	Hit	533	1-3/Acheesgra.jpg	Acheesgra.jpg	SPACE	585	SPACE
1445970854525	0	lts_1027L_11_01	11	01	0	344	0	0	0	CR	MAX	Aearsyringe.jpg	Aearsyringe.jpg	NOKEY	MAX	NOKEY
1445970857601	0	lts_1027L_11_01	11	01	0	345	16	1	0	Miss	MAX	16-1/ACUSTMACH.jpg	ACUSTMACH.jpg	NOKEY	MAX	SPACE
1445970860677	0	lts_1027L_11_01	11	01	0	346	0	0	0	CR	MAX	Abicycleodome.jpg	Abicycleodome.jpg	NOKEY	MAX	NOKEY
1445970863753	0	lts_1027L_11_01	11	01	0	347	0	0	0	CR	MAX	Atelecommuni4.jpg	Atelecommuni4.jpg	NOKEY	MAX	NOKEY
1445970864740	0	lts_1027L_11_01	11	01	0	348	16	1	1	Hit	510	16-first/AHARMONS2.jpg	AHARMONS2.jpg	SPACE	552	SPACE
1445970867816	0	lts_1027L_11_01	11	01	0	349	0	0	0	CR	MAX	Aruler16.jpg	Aruler16.jpg	NOKEY	MAX	NOKEY
1445970870908	0	lts_1027L_11_01	11	01	0	350	0	0	0	CR	MAX	Acentipede4.jpg	Acentipede4.jpg	NOKEY	MAX	NOKEY
1445970873984	0	lts_1027L_11_01	11	01	0	351	0	0	0	CR	MAX	ACATCAGE.jpg	ACATCAGE.jpg	NOKEY	MAX	NOKEY
1445970875071	0	lts_1027L_11_01	11	01	0	352	4	1	1	Hit	601	4-mul/AHARMONS2.jpg	AHARMONS2.jpg	SPACE	652	SPACE
1445970878147	0	lts_1027L_11_01	11	01	0	353	0	0	0	CR	MAX	AANTIRO13.jpg	AANTIRO13.jpg	NOKEY	MAX	NOKEY
1445970879284	0	lts_1027L_11_01	11	01	0	354	32	1	1	Hit	651	32-2/APALLETT2.jpg	APALLETT2.jpg	SPACE	701	SPACE
1445970882360	0	lts_1027L_11_01	11	01	0	355	0	0	0	CR	MAX	8/AWISHWELL.jpg	AWISHWELL.jpg	NOKEY	MAX	NOKEY
1445970885436	0	lts_1027L_11_01	11	01	0	356	0	0	0	CR	MAX	Apurse83.jpg	Apurse83.jpg	NOKEY	MAX	NOKEY
1445970888512	0	lts_1027L_11_01	11	01	0	357	0	0	0	CR	MAX	1/22887144.thl.jpg	22887144.thl.jpg	NOKEY	MAX	NOKEY
1445970889516	0	lts_1027L_11_01	11	01	0	358	1	1	1	Hit	523	1-0/22887144.thl.jpg	22887144.thl.jpg	SPACE	568	SPACE
1445970892592	0	lts_1027L_11_01	11	01	0	359	0	0	0	CR	MAX	Ajar33.jpg	Ajar33.jpg	NOKEY	MAX	NOKEY
1445970895668	0	lts_1027L_11_01	11	01	0	360	32	1	0	Miss	MAX	32-4/Ashelf27.jpg	Ashelf27.jpg	NOKEY	MAX	SPACE
1445970898744	0	lts_1027L_11_01	11	01	0	361	0	0	0	CR	MAX	hockeypuck.jpg	hockeypuck.jpg	NOKEY	MAX	NOKEY
1445970901819	0	lts_1027L_11_01	11	01	0	362	0	0	0	CR	MAX	silver-bowl-small.jpg	silver-bowl-small.jpg	NOKEY	MAX	NOKEY
1445970902939	0	lts_1027L_11_01	11	01	0	363	8	1	1	Hit	648	8-first/AWISHWELL.jpg	AWISHWELL.jpg	SPACE	687	SPACE
1445970906033	0	lts_1027L_11_01	11	01	0	364	0	0	0	CR	MAX	8/Acanopener5.jpg	Acanopener5.jpg	NOKEY	MAX	NOKEY
1445970907236	0	lts_1027L_11_01	11	01	0	365	2	1	1	Hit	719	2-mul/AWISHWELL.jpg	AWISHWELL.jpg	SPACE	768	SPACE
1445970910312	0	lts_1027L_11_01	11	01	0	366	0	0	0	CR	MAX	Astaplegun3.jpg	Astaplegun3.jpg	NOKEY	MAX	NOKEY
1445970913388	0	lts_1027L_11_01	11	01	0	367	0	0	0	CR	MAX	Aboxofstaples.jpg	Aboxofstaples.jpg	NOKEY	MAX	NOKEY
1445970916465	0	lts_1027L_11_01	11	01	0	368	128	1	0	Miss	MAX	128-3/Asandgarden.jpg	Asandgarden.jpg	NOKEY	MAX	SPACE
1445970919541	0	lts_1027L_11_01	11	01	0	369	0	0	0	CR	MAX	22849260.thl.jpg	22849260.thl.jpg	NOKEY	MAX	NOKEY
1445970922617	0	lts_1027L_11_01	11	01	0	370	0	0	0	CR	MAX	Ablackleather.jpg	Ablackleather.jpg	NOKEY	MAX	NOKEY
1445970925693	0	lts_1027L_11_01	11	01	0	371	0	0	0	CR	MAX	hotgreenpepper.jpg	hotgreenpepper.jpg	NOKEY	MAX	NOKEY
1445970928769	0	lts_1027L_11_01	11	01	0	372	8	1	0	Miss	MAX	8-first/Acanopener5.jpg	Acanopener5.jpg	NOKEY	MAX	SPACE
1445970931844	0	lts_1027L_11_01	11	01	0	373	0	0	0	CR	MAX	ADRUMSET3.jpg	ADRUMSET3.jpg	NOKEY	MAX	NOKEY
1445970934937	0	lts_1027L_11_01	11	01	0	374	0	0	0	CR	MAX	AELEAGEN3.jpg	AELEAGEN3.jpg	NOKEY	MAX	NOKEY
1445970938014	0	lts_1027L_11_01	11	01	0	375	0	0	0	CR	MAX	AELECSAW.jpg	AELECSAW.jpg	NOKEY	MAX	NOKEY
1445970939268	0	lts_1027L_11_01	11	01	0	376	4	1	1	Hit	783	4-mul/Acanopener5.jpg	Acanopener5.jpg	SPACE	818	SPACE
1445970942344	0	lts_1027L_11_01	11	01	0	377	0	0	0	CR	MAX	AWATEHOSE.jpg	AWATEHOSE.jpg	NOKEY	MAX	NOKEY
1445970945420	0	lts_1027L_11_01	11	01	0	378	0	0	0	CR	MAX	carbattery.jpg	carbattery.jpg	NOKEY	MAX	NOKEY
1445970948512	0	lts_1027L_11_01	11	01	0	379	0	0	0	CR	MAX	16/D_golfcart.jpg	D_golfcart.jpg	NOKEY	MAX	NOKEY
1445970951588	0	lts_1027L_11_01	11	01	0	380	0	0	0	CR	MAX	2/A1991CHE7.jpg	A1991CHE7.jpg	NOKEY	MAX	NOKEY
1445970954665	0	lts_1027L_11_01	11	01	0	381	0	0	0	CR	MAX	DSCN3757-sm.jpg	DSCN3757-sm.jpg	NOKEY	MAX	NOKEY
1445970955718	0	lts_1027L_11_01	11	01	0	382	2	1	1	Hit	568	2-4/A1991CHE7.jpg	A1991CHE7.jpg	SPACE	619	SPACE
1445970958794	0	lts_1027L_11_01	11	01	0	383	0	0	0	CR	MAX	8/Ahalfchoc.jpg	Ahalfchoc.jpg	NOKEY	MAX	NOKEY
1445970961886	0	lts_1027L_11_01	11	01	0	384	0	0	0	CR	MAX	kotsltd.jpg	kotsltd.jpg	NOKEY	MAX	NOKEY
1445970962972	0	lts_1027L_11_01	11	01	0	385	64	1	1	Hit	608	64-first/stickersparty.jpg	stickersparty.jpg	SPACE	653	SPACE
1445970966049	0	lts_1027L_11_01	11	01	0	386	0	0	0	CR	MAX	8254014.thl.jpg	8254014.thl.jpg	NOKEY	MAX	NOKEY
1445970969125	0	lts_1027L_11_01	11	01	0	387	0	0	0	CR	MAX	8245419.thl.jpg	8245419.thl.jpg	NOKEY	MAX	NOKEY
1445970972201	0	lts_1027L_11_01	11	01	0	388	0	0	0	CR	MAX	32/A_teabag.jpg	A_teabag.jpg	NOKEY	MAX	NOKEY
1445970975278	0	lts_1027L_11_01	11	01	0	389	0	0	0	CR	MAX	Asunflower3.jpg	Asunflower3.jpg	NOKEY	MAX	NOKEY
1445970978354	0	lts_1027L_11_01	11	01	0	390	0	0	0	CR	MAX	22856988.thl.jpg	22856988.thl.jpg	NOKEY	MAX	NOKEY
1445970979440	0	lts_1027L_11_01	11	01	0	391	8	1	1	Hit	604	8-first/Ahalfchoc.jpg	Ahalfchoc.jpg	SPACE	652	SPACE
1445970982516	0	lts_1027L_11_01	11	01	0	392	0	0	0	CR	MAX	32/ACUSHIO60.jpg	ACUSHIO60.jpg	NOKEY	MAX	NOKEY
1445970983570	0	lts_1027L_11_01	11	01	0	393	2	1	1	Hit	571	2-mul/Ahalfchoc.jpg	Ahalfchoc.jpg	SPACE	618	SPACE
1445970986646	0	lts_1027L_11_01	11	01	0	394	0	0	0	CR	MAX	4/ABLACKB12.jpg	ABLACKB12.jpg	NOKEY	MAX	NOKEY
1445970987816	0	lts_1027L_11_01	11	01	0	395	16	1	1	Hit	690	16-first/D_golfcart.jpg	D_golfcart.jpg	SPACE	736	SPACE
1445970990891	0	lts_1027L_11_01	11	01	0	396	0	0	0	CR	MAX	Abells7.jpg	Abells7.jpg	NOKEY	MAX	NOKEY
1445970993967	0	lts_1027L_11_01	11	01	0	397	0	0	0	CR	MAX	26425323.thl.jpg	26425323.thl.jpg	NOKEY	MAX	NOKEY
1445970995038	0	lts_1027L_11_01	11	01	0	398	4	1	1	Hit	588	4-2/ABLACKB12.jpg	ABLACKB12.jpg	SPACE	637	SPACE
1445970998114	0	lts_1027L_11_01	11	01	0	399	0	0	0	CR	MAX	Azebratoy2.jpg	Azebratoy2.jpg	NOKEY	MAX	NOKEY
1445971001190	0	lts_1027L_11_01	11	01	0	400	0	0	0	CR	MAX	Ababydec4.jpg	Ababydec4.jpg	NOKEY	MAX	NOKEY
1445971002310	0	lts_1027L_11_01	11	01	0	401	16	1	1	Hit	642	16-mul/stickersparty.jpg	stickersparty.jpg	SPACE	684	SPACE
1445971005386	0	lts_1027L_11_01	11	01	0	402	0	0	0	CR	MAX	Afoodprocess4.jpg	Afoodprocess4.jpg	NOKEY	MAX	NOKEY
1445971008462	0	lts_1027L_11_01	11	01	0	403	0	0	0	CR	MAX	Akitchensinka.jpg	Akitchensinka.jpg	NOKEY	MAX	NOKEY
1445971011538	0	lts_1027L_11_01	11	01	0	404	0	0	0	CR	MAX	Awomansshoe3.jpg	Awomansshoe3.jpg	NOKEY	MAX	NOKEY
1445971014614	0	lts_1027L_11_01	11	01	0	405	0	0	0	CR	MAX	32/ANAPRINGS.jpg	ANAPRINGS.jpg	NOKEY	MAX	NOKEY
1445971017691	0	lts_1027L_11_01	11	01	0	406	0	0	0	CR	MAX	ASCREW7.jpg	ASCREW7.jpg	NOKEY	MAX	NOKEY
1445971020767	0	lts_1027L_11_01	11	01	0	407	0	0	0	CR	MAX	vatslheart.jpg	vatslheart.jpg	NOKEY	MAX	NOKEY
1445971023858	0	lts_1027L_11_01	11	01	0	408	0	0	0	CR	MAX	1/Abellows4.jpg	Abellows4.jpg	NOKEY	MAX	NOKEY
1445971025013	0	lts_1027L_11_01	11	01	0	409	1	1	1	Hit	681	1-8/Abellows4.jpg	Abellows4.jpg	SPACE	720	SPACE
1445971028089	0	lts_1027L_11_01	11	01	0	410	0	0	0	CR	MAX	26432848.thl.jpg	26432848.thl.jpg	NOKEY	MAX	NOKEY
1445971029125	0	lts_1027L_11_01	11	01	0	411	16	1	1	Hit	563	16-mul/D_golfcart.jpg	D_golfcart.jpg	SPACE	602	SPACE
1445971032201	0	lts_1027L_11_01	11	01	0	412	0	0	0	CR	MAX	26372690.thl.jpg	26372690.thl.jpg	NOKEY	MAX	NOKEY
1445971035278	0	lts_1027L_11_01	11	01	0	413	0	0	0	CR	MAX	4/AMEDCONTA.jpg	AMEDCONTA.jpg	NOKEY	MAX	NOKEY
1445971038354	0	lts_1027L_11_01	11	01	0	414	0	0	0	CR	MAX	16/ADRYRACK2.jpg	ADRYRACK2.jpg	NOKEY	MAX	NOKEY
1445971041430	0	lts_1027L_11_01	11	01	0	415	0	0	0	CR	MAX	Hammock.jpg	Hammock.jpg	NOKEY	MAX	NOKEY
1445971044506	0	lts_1027L_11_01	11	01	0	416	0	0	0	CR	MAX	clips-a.jpg	clips-a.jpg	NOKEY	MAX	NOKEY
1445971045743	0	lts_1027L_11_01	11	01	0	417	4	1	1	Hit	761	4-7/AMEDCONTA.jpg	AMEDCONTA.jpg	SPACE	803	SPACE
1445971048835	0	lts_1027L_11_01	11	01	0	418	0	0	0	CR	MAX	8/lightsaber.jpg	lightsaber.jpg	NOKEY	MAX	NOKEY
1445971051911	0	lts_1027L_11_01	11	01	0	419	0	0	0	CR	MAX	ACURLINGI.jpg	ACURLINGI.jpg	NOKEY	MAX	NOKEY
1445971054987	0	lts_1027L_11_01	11	01	0	420	32	1	0	Miss	MAX	32-3/A_teabag.jpg	A_teabag.jpg	NOKEY	MAX	SPACE
1445971058064	0	lts_1027L_11_01	11	01	0	421	0	0	0	CR	MAX	Aeggsandwich6.jpg	Aeggsandwich6.jpg	NOKEY	MAX	NOKEY
1445971061140	0	lts_1027L_11_01	11	01	0	422	0	0	0	CR	MAX	AAFRICIN2.jpg	AAFRICIN2.jpg	NOKEY	MAX	NOKEY
1445971064216	0	lts_1027L_11_01	11	01	0	423	0	0	0	CR	MAX	Apackage3.jpg	Apackage3.jpg	NOKEY	MAX	NOKEY
1445971065520	0	lts_1027L_11_01	11	01	0	424	32	1	1	Hit	821	32-6/ACUSHIO60.jpg	ACUSHIO60.jpg	SPACE	869	SPACE
1445971068596	0	lts_1027L_11_01	11	01	0	425	0	0	0	CR	MAX	Atoyslide.jpg	Atoyslide.jpg	NOKEY	MAX	NOKEY
1445971069683	0	lts_1027L_11_01	11	01	0	426	8	1	1	Hit	614	8-first/lightsaber.jpg	lightsaber.jpg	SPACE	652	SPACE
1445971072759	0	lts_1027L_11_01	11	01	0	427	0	0	0	CR	MAX	8/8023286.thl.jpg	8023286.thl.jpg	NOKEY	MAX	NOKEY
1445971075834	0	lts_1027L_11_01	11	01	0	428	0	0	0	CR	MAX	ASATELLIT.jpg	ASATELLIT.jpg	NOKEY	MAX	NOKEY
1445971078910	0	lts_1027L_11_01	11	01	0	429	0	0	0	CR	MAX	16/Abridge9.jpg	Abridge9.jpg	NOKEY	MAX	NOKEY
1445971079980	0	lts_1027L_11_01	11	01	0	430	16	1	1	Hit	588	16-0/ADRYRACK2.jpg	ADRYRACK2.jpg	SPACE	637	SPACE
1445971083057	0	lts_1027L_11_01	11	01	0	431	0	0	0	CR	MAX	Atoychestfor3.jpg	Atoychestfor3.jpg	NOKEY	MAX	NOKEY
1445971086133	0	lts_1027L_11_01	11	01	0	432	0	0	0	CR	MAX	Aadjustablec2.jpg	Aadjustablec2.jpg	NOKEY	MAX	NOKEY
1445971089209	0	lts_1027L_11_01	11	01	0	433	0	0	0	CR	MAX	Asaltgrinder.jpg	Asaltgrinder.jpg	NOKEY	MAX	NOKEY
1445971092285	0	lts_1027L_11_01	11	01	0	434	0	0	0	CR	MAX	8253370.thl.jpg	8253370.thl.jpg	NOKEY	MAX	NOKEY
1445971095361	0	lts_1027L_11_01	11	01	0	435	8	1	0	Miss	MAX	8-2/8023286.thl.jpg	8023286.thl.jpg	NOKEY	MAX	SPACE
1445971098437	0	lts_1027L_11_01	11	01	0	436	0	0	0	CR	MAX	ARETRACT2.jpg	ARETRACT2.jpg	NOKEY	MAX	NOKEY
1445971101513	0	lts_1027L_11_01	11	01	0	437	32	1	0	Miss	MAX	32-5/ANAPRINGS.jpg	ANAPRINGS.jpg	NOKEY	MAX	SPACE
1445971104589	0	lts_1027L_11_01	11	01	0	438	0	0	0	CR	MAX	Acandycanesin.jpg	Acandycanesin.jpg	NOKEY	MAX	NOKEY
1445971107665	0	lts_1027L_11_01	11	01	0	439	0	0	0	CR	MAX	ANECTARI3.jpg	ANECTARI3.jpg	NOKEY	MAX	NOKEY
1445971110742	0	lts_1027L_11_01	11	01	0	440	0	0	0	CR	MAX	22903148.thl.jpg	22903148.thl.jpg	NOKEY	MAX	NOKEY
1445971113617	0	lts_1027L_11_01	11	01	0	441	0	0	1	FA	2399	AANTSTO12.jpg	AANTSTO12.jpg	SPACE	2441	NOKEY
1445971114820	0	lts_1027L_11_01	11	01	0	442	16	1	1	Hit	725	16-mul/lightsaber.jpg	lightsaber.jpg	SPACE	769	SPACE
1445971117896	0	lts_1027L_11_01	11	01	0	443	0	0	0	CR	MAX	ABALALAI3.jpg	ABALALAI3.jpg	NOKEY	MAX	NOKEY
1445971120988	0	lts_1027L_11_01	11	01	0	444	0	0	0	CR	MAX	Acoral7.jpg	Acoral7.jpg	NOKEY	MAX	NOKEY
1445971122076	0	lts_1027L_11_01	11	01	0	445	16	1	1	Hit	605	16-first/Abridge9.jpg	Abridge9.jpg	SPACE	652	SPACE
1445971125152	0	lts_1027L_11_01	11	01	0	446	0	0	0	CR	MAX	AKEYHOL10.jpg	AKEYHOL10.jpg	NOKEY	MAX	NOKEY
1445971126172	0	lts_1027L_11_01	11	01	0	447	2	1	1	Hit	535	2-mul/Abridge9.jpg	Abridge9.jpg	SPACE	585	SPACE
1445971129248	0	lts_1027L_11_01	11	01	0	448	0	0	0	CR	MAX	Alampsanddes5.jpg	Alampsanddes5.jpg	NOKEY	MAX	NOKEY
1445971132324	0	lts_1027L_11_01	11	01	0	449	0	0	0	CR	MAX	22921112.thl.jpg	22921112.thl.jpg	NOKEY	MAX	NOKEY
1445971356943	0	lts_1027L_11_01	11	01	1	0	0	0	0	CR	MAX	26440756.thl.jpg	26440756.thl.jpg	NOKEY	MAX	NOKEY
1445971360020	0	lts_1027L_11_01	11	01	1	1	0	0	0	CR	MAX	4/26373407.thl.jpg	26373407.thl.jpg	NOKEY	MAX	NOKEY
1445971363096	0	lts_1027L_11_01	11	01	1	2	0	0	0	CR	MAX	Agarlicclove2.jpg	Agarlicclove2.jpg	NOKEY	MAX	NOKEY
1445971366172	0	lts_1027L_11_01	11	01	1	3	0	0	0	CR	MAX	Apeddleboat3.jpg	Apeddleboat3.jpg	NOKEY	MAX	NOKEY
1445971369265	0	lts_1027L_11_01	11	01	1	4	0	0	0	CR	MAX	Aclock213.jpg	Aclock213.jpg	NOKEY	MAX	NOKEY
1445971370251	0	lts_1027L_11_01	11	01	1	5	4	1	1	Hit	514	4-5/26373407.thl.jpg	26373407.thl.jpg	SPACE	551	SPACE
1445971373327	0	lts_1027L_11_01	11	01	1	6	0	0	0	CR	MAX	Ababmonit.jpg	Ababmonit.jpg	NOKEY	MAX	NOKEY
1445971376403	0	lts_1027L_11_01	11	01	1	7	0	0	0	CR	MAX	64/Ameasuringsp5.jpg	Ameasuringsp5.jpg	NOKEY	MAX	NOKEY
1445971379496	0	lts_1027L_11_01	11	01	1	8	0	0	0	CR	MAX	8/broccoli.jpg	broccoli.jpg	NOKEY	MAX	NOKEY
1445971382572	0	lts_1027L_11_01	11	01	1	9	0	0	0	CR	MAX	1/26419670.thl.jpg	26419670.thl.jpg	NOKEY	MAX	NOKEY
1445971383525	0	lts_1027L_11_01	11	01	1	10	1	1	1	Hit	482	1-9/26419670.thl.jpg	26419670.thl.jpg	SPACE	518	SPACE
1445971386601	0	lts_1027L_11_01	11	01	1	11	0	0	0	CR	MAX	Atoycoffeepo2.jpg	Atoycoffeepo2.jpg	NOKEY	MAX	NOKEY
1445971389677	0	lts_1027L_11_01	11	01	1	12	0	0	0	CR	MAX	1/Afoodproces22.jpg	Afoodproces22.jpg	NOKEY	MAX	NOKEY
1445971390680	0	lts_1027L_11_01	11	01	1	13	1	1	1	Hit	530	1-4/Afoodproces22.jpg	Afoodproces22.jpg	SPACE	568	SPACE
1445971393756	0	lts_1027L_11_01	11	01	1	14	0	0	0	CR	MAX	Abrickhomeand.jpg	Abrickhomeand.jpg	NOKEY	MAX	NOKEY
1445971396831	0	lts_1027L_11_01	11	01	1	15	0	0	0	CR	MAX	AARTOOTH2.jpg	AARTOOTH2.jpg	NOKEY	MAX	NOKEY
1445971397818	0	lts_1027L_11_01	11	01	1	16	8	1	1	Hit	513	8-first/broccoli.jpg	broccoli.jpg	SPACE	553	SPACE
1445971400894	0	lts_1027L_11_01	11	01	1	17	0	0	0	CR	MAX	26427983.thl.jpg	26427983.thl.jpg	NOKEY	MAX	NOKEY
1445971403970	0	lts_1027L_11_01	11	01	1	18	0	0	0	CR	MAX	ASHAVING9.jpg	ASHAVING9.jpg	NOKEY	MAX	NOKEY
1445971407047	0	lts_1027L_11_01	11	01	1	19	0	0	0	CR	MAX	ACREAME11.jpg	ACREAME11.jpg	NOKEY	MAX	NOKEY
1445971410123	0	lts_1027L_11_01	11	01	1	20	0	0	0	CR	MAX	2/AARTIHAN5.jpg	AARTIHAN5.jpg	NOKEY	MAX	NOKEY
1445971413199	0	lts_1027L_11_01	11	01	1	21	0	0	0	CR	MAX	AHOSPCRI3.jpg	AHOSPCRI3.jpg	NOKEY	MAX	NOKEY
1445971414252	0	lts_1027L_11_01	11	01	1	22	2	1	1	Hit	569	2-6/AARTIHAN5.jpg	AARTIHAN5.jpg	SPACE	617	SPACE
1445971417328	0	lts_1027L_11_01	11	01	1	23	0	0	0	CR	MAX	Abinocularca3.jpg	Abinocularca3.jpg	NOKEY	MAX	NOKEY
1445971420404	0	lts_1027L_11_01	11	01	1	24	0	0	0	CR	MAX	2/changepurse03.jpg	changepurse03.jpg	NOKEY	MAX	NOKEY
1445971423480	0	lts_1027L_11_01	11	01	1	25	0	0	0	CR	MAX	4/26443034.thl.jpg	26443034.thl.jpg	NOKEY	MAX	NOKEY
1445971424684	0	lts_1027L_11_01	11	01	1	26	2	1	1	Hit	731	2-4/changepurse03.jpg	changepurse03.jpg	SPACE	769	SPACE
1445971427760	0	lts_1027L_11_01	11	01	1	27	0	0	0	CR	MAX	8021504.thl.jpg	8021504.thl.jpg	NOKEY	MAX	NOKEY
1445971430835	0	lts_1027L_11_01	11	01	1	28	0	0	0	CR	MAX	Anoisma32.jpg	Anoisma32.jpg	NOKEY	MAX	NOKEY
1445971431822	0	lts_1027L_11_01	11	01	1	29	4	1	1	Hit	512	4-9/26443034.thl.jpg	26443034.thl.jpg	SPACE	553	SPACE
1445971434898	0	lts_1027L_11_01	11	01	1	30	0	0	0	CR	MAX	26372669.thl.jpg	26372669.thl.jpg	NOKEY	MAX	NOKEY
1445971437974	0	lts_1027L_11_01	11	01	1	31	0	0	0	CR	MAX	weepwalker.jpg	weepwalker.jpg	NOKEY	MAX	NOKEY
1445971438977	0	lts_1027L_11_01	11	01	1	32	16	1	1	Hit	518	16-mul/broccoli.jpg	broccoli.jpg	SPACE	570	SPACE
1445971442054	0	lts_1027L_11_01	11	01	1	33	0	0	0	CR	MAX	1/rollerblades.jpg	rollerblades.jpg	NOKEY	MAX	NOKEY
1445971442989	0	lts_1027L_11_01	11	01	1	34	1	1	1	Hit	466	1-5/rollerblades.jpg	rollerblades.jpg	SPACE	502	SPACE
1445971446066	0	lts_1027L_11_01	11	01	1	35	0	0	0	CR	MAX	4/ABLOODCEA.jpg	ABLOODCEA.jpg	NOKEY	MAX	NOKEY
1445971449142	0	lts_1027L_11_01	11	01	1	36	0	0	0	CR	MAX	32/045.jpg	045.jpg	NOKEY	MAX	NOKEY
1445971452218	0	lts_1027L_11_01	11	01	1	37	0	0	0	CR	MAX	Aantiquerota7.jpg	Aantiquerota7.jpg	NOKEY	MAX	NOKEY
1445971455294	0	lts_1027L_11_01	11	01	1	38	0	0	0	CR	MAX	Aaircompress6.jpg	Aaircompress6.jpg	NOKEY	MAX	NOKEY
1445971458370	0	lts_1027L_11_01	11	01	1	39	4	1	0	Miss	MAX	4-12/ABLOODCEA.jpg	ABLOODCEA.jpg	NOKEY	MAX	SPACE
1445971461446	0	lts_1027L_11_01	11	01	1	40	0	0	0	CR	MAX	8/AASCENDER.jpg	AASCENDER.jpg	NOKEY	MAX	NOKEY
1445971462600	0	lts_1027L_11_01	11	01	1	41	00	1	1	Hit	684	00-across/26421740.thl.jpg	26421740.thl.jpg	SPACE	719	SPACE
1445971465676	0	lts_1027L_11_01	11	01	1	42	0	0	0	CR	MAX	4/AEXIT7.jpg	AEXIT7.jpg	NOKEY	MAX	NOKEY
1445971468752	0	lts_1027L_11_01	11	01	1	43	0	0	0	CR	MAX	16/Abrooch100.jpg	Abrooch100.jpg	NOKEY	MAX	NOKEY
1445971471844	0	lts_1027L_11_01	11	01	1	44	0	0	0	CR	MAX	32/AWASMACH.jpg	AWASMACH.jpg	NOKEY	MAX	NOKEY
1445971474920	0	lts_1027L_11_01	11	01	1	45	0	0	0	CR	MAX	AFILEFOL4.jpg	AFILEFOL4.jpg	NOKEY	MAX	NOKEY
1445971476091	0	lts_1027L_11_01	11	01	1	46	4	1	1	Hit	693	4-3/AEXIT7.jpg	AEXIT7.jpg	SPACE	737	SPACE
1445971479167	0	lts_1027L_11_01	11	01	1	47	0	0	0	CR	MAX	32/26375899.thl.jpg	26375899.thl.jpg	NOKEY	MAX	NOKEY
1445971480254	0	lts_1027L_11_01	11	01	1	48	8	1	1	Hit	612	8-first/AASCENDER.jpg	AASCENDER.jpg	SPACE	651	SPACE
1445971481725	0	lts_1027L_11_01	11	01	1	49	0	0	1	FA	987	ATABLES5.jpg	ATABLES5.jpg	SPACE	1037	NOKEY
1445971484801	0	lts_1027L_11_01	11	01	1	50	0	0	0	CR	MAX	ARAILLIGH.jpg	ARAILLIGH.jpg	NOKEY	MAX	NOKEY
1445971487893	0	lts_1027L_11_01	11	01	1	51	0	0	0	CR	MAX	APLANMOD.jpg	APLANMOD.jpg	NOKEY	MAX	NOKEY
1445971488896	0	lts_1027L_11_01	11	01	1	52	4	1	1	Hit	519	4-mul/AASCENDER.jpg	AASCENDER.jpg	SPACE	570	SPACE
1445971491972	0	lts_1027L_11_01	11	01	1	53	0	0	0	CR	MAX	AHAIRCLI6.jpg	AHAIRCLI6.jpg	NOKEY	MAX	NOKEY
1445971495049	0	lts_1027L_11_01	11	01	1	54	0	0	0	CR	MAX	ALAMP.jpg	ALAMP.jpg	NOKEY	MAX	NOKEY
1445971498125	0	lts_1027L_11_01	11	01	1	55	0	0	0	CR	MAX	Aham6.jpg	Aham6.jpg	NOKEY	MAX	NOKEY
1445971501201	0	lts_1027L_11_01	11	01	1	56	0	0	0	CR	MAX	23063814.thl.jpg	23063814.thl.jpg	NOKEY	MAX	NOKEY
1445971504277	0	lts_1027L_11_01	11	01	1	57	0	0	0	CR	MAX	4/clothpiece.jpg	clothpiece.jpg	NOKEY	MAX	NOKEY
1445971507353	0	lts_1027L_11_01	11	01	1	58	0	0	0	CR	MAX	AHEADLI18.jpg	AHEADLI18.jpg	NOKEY	MAX	NOKEY
1445971508524	0	lts_1027L_11_01	11	01	1	59	16	1	1	Hit	695	16-1/Abrooch100.jpg	Abrooch100.jpg	SPACE	735	SPACE
1445971511600	0	lts_1027L_11_01	11	01	1	60	0	0	0	CR	MAX	AWREATH9.jpg	AWREATH9.jpg	NOKEY	MAX	NOKEY
1445971512586	0	lts_1027L_11_01	11	01	1	61	4	1	1	Hit	503	4-7/clothpiece.jpg	clothpiece.jpg	SPACE	552	SPACE
1445971515662	0	lts_1027L_11_01	11	01	1	62	0	0	0	CR	MAX	AORGAN.jpg	AORGAN.jpg	NOKEY	MAX	NOKEY
1445971516948	0	lts_1027L_11_01	11	01	1	63	00	1	1	Hit	814	00-across/airhocckytable.jpg	airhocckytable.jpg	SPACE	852	SPACE
1445971520025	0	lts_1027L_11_01	11	01	1	64	0	0	0	CR	MAX	E_tank.jpg	E_tank.jpg	NOKEY	MAX	NOKEY
1445971523102	0	lts_1027L_11_01	11	01	1	65	0	0	0	CR	MAX	128/22923068.thl.jpg	22923068.thl.jpg	NOKEY	MAX	NOKEY
1445971526178	0	lts_1027L_11_01	11	01	1	66	0	0	0	CR	MAX	ABROOCH52.jpg	ABROOCH52.jpg	NOKEY	MAX	NOKEY
1445971529254	0	lts_1027L_11_01	11	01	1	67	0	0	0	CR	MAX	Abooties4.jpg	Abooties4.jpg	NOKEY	MAX	NOKEY
1445971530240	0	lts_1027L_11_01	11	01	1	68	32	1	1	Hit	516	32-0/045.jpg	045.jpg	SPACE	551	SPACE
1445971533316	0	lts_1027L_11_01	11	01	1	69	0	0	0	CR	MAX	8256618.thl.jpg	8256618.thl.jpg	NOKEY	MAX	NOKEY
1445971536392	0	lts_1027L_11_01	11	01	1	70	0	0	0	CR	MAX	26374146.thl.jpg	26374146.thl.jpg	NOKEY	MAX	NOKEY
1445971537445	0	lts_1027L_11_01	11	01	1	71	64	1	1	Hit	569	64-first/Ameasuringsp5.jpg	Ameasuringsp5.jpg	SPACE	618	SPACE
1445971540521	0	lts_1027L_11_01	11	01	1	72	0	0	0	CR	MAX	AEXPERIM3.jpg	AEXPERIM3.jpg	NOKEY	MAX	NOKEY
1445971541591	0	lts_1027L_11_01	11	01	1	73	2	1	1	Hit	598	2-mul/Ameasuringsp5.jpg	Ameasuringsp5.jpg	SPACE	635	SPACE
1445971544667	0	lts_1027L_11_01	11	01	1	74	0	0	0	CR	MAX	Adaisies3.jpg	Adaisies3.jpg	NOKEY	MAX	NOKEY
1445971547744	0	lts_1027L_11_01	11	01	1	75	0	0	0	CR	MAX	slide.jpg	slide.jpg	NOKEY	MAX	NOKEY
1445971548996	0	lts_1027L_11_01	11	01	1	76	32	1	1	Hit	776	32-9/AWASMACH.jpg	AWASMACH.jpg	SPACE	819	SPACE
1445971552073	0	lts_1027L_11_01	11	01	1	77	0	0	0	CR	MAX	Acliplatch.jpg	Acliplatch.jpg	NOKEY	MAX	NOKEY
1445971555149	0	lts_1027L_11_01	11	01	1	78	0	0	0	CR	MAX	8/A4DOMINO.jpg	A4DOMINO.jpg	NOKEY	MAX	NOKEY
1445971556219	0	lts_1027L_11_01	11	01	1	79	32	1	1	Hit	597	32-4/26375899.thl.jpg	26375899.thl.jpg	SPACE	635	SPACE
1445971559296	0	lts_1027L_11_01	11	01	1	80	0	0	0	CR	MAX	16/AJUG3.jpg	AJUG3.jpg	NOKEY	MAX	NOKEY
1445971562372	0	lts_1027L_11_01	11	01	1	81	0	0	0	CR	MAX	23028486.thl.jpg	23028486.thl.jpg	NOKEY	MAX	NOKEY
1445971563692	0	lts_1027L_11_01	11	01	1	82	00	1	1	Hit	849	00-across/chocolatbox.jpg	chocolatbox.jpg	SPACE	886	SPACE
1445971566768	0	lts_1027L_11_01	11	01	1	83	0	0	0	CR	MAX	ADEEPFRYS.jpg	ADEEPFRYS.jpg	NOKEY	MAX	NOKEY
1445971567938	0	lts_1027L_11_01	11	01	1	84	00	1	1	Hit	686	00-across/ATELESCO2.jpg	ATELESCO2.jpg	SPACE	735	SPACE
1445971571015	0	lts_1027L_11_01	11	01	1	85	0	0	0	CR	MAX	Afirstaidkit3.jpg	Afirstaidkit3.jpg	NOKEY	MAX	NOKEY
1445971572168	0	lts_1027L_11_01	11	01	1	86	8	1	1	Hit	669	8-first/A4DOMINO.jpg	A4DOMINO.jpg	SPACE	719	SPACE
1445971575244	0	lts_1027L_11_01	11	01	1	87	0	0	0	CR	MAX	AAFRICI13.jpg	AAFRICI13.jpg	NOKEY	MAX	NOKEY
1445971576197	0	lts_1027L_11_01	11	01	1	88	2	1	1	Hit	468	2-mul/A4DOMINO.jpg	A4DOMINO.jpg	SPACE	518	SPACE
1445971579273	0	lts_1027L_11_01	11	01	1	89	0	0	0	CR	MAX	Amousepad.jpg	Amousepad.jpg	NOKEY	MAX	NOKEY
1445971582349	0	lts_1027L_11_01	11	01	1	90	0	0	0	CR	MAX	8/26433849.thl.jpg	26433849.thl.jpg	NOKEY	MAX	NOKEY
1445971585425	0	lts_1027L_11_01	11	01	1	91	0	0	0	CR	MAX	Abeesonahoney.jpg	Abeesonahoney.jpg	NOKEY	MAX	NOKEY
1445971588501	0	lts_1027L_11_01	11	01	1	92	0	0	0	CR	MAX	ASUNBOX5.jpg	ASUNBOX5.jpg	NOKEY	MAX	NOKEY
1445971591594	0	lts_1027L_11_01	11	01	1	93	0	0	0	CR	MAX	16/shavingcream01.jpg	shavingcream01.jpg	NOKEY	MAX	NOKEY
1445971594670	0	lts_1027L_11_01	11	01	1	94	0	0	0	CR	MAX	Apedestal3.jpg	Apedestal3.jpg	NOKEY	MAX	NOKEY
1445971597746	0	lts_1027L_11_01	11	01	1	95	0	0	0	CR	MAX	8/22853352.thl.jpg	22853352.thl.jpg	NOKEY	MAX	NOKEY
1445971598816	0	lts_1027L_11_01	11	01	1	96	16	1	1	Hit	587	16-0/AJUG3.jpg	AJUG3.jpg	SPACE	635	SPACE
1445971601891	0	lts_1027L_11_01	11	01	1	97	0	0	0	CR	MAX	26374135.thl.jpg	26374135.thl.jpg	NOKEY	MAX	NOKEY
1445971603113	0	lts_1027L_11_01	11	01	1	98	8	1	1	Hit	744	8-0/26433849.thl.jpg	26433849.thl.jpg	SPACE	787	SPACE
1445971606189	0	lts_1027L_11_01	11	01	1	99	0	0	0	CR	MAX	Ainstrument3.jpg	Ainstrument3.jpg	NOKEY	MAX	NOKEY
1445971609265	0	lts_1027L_11_01	11	01	1	100	0	0	0	CR	MAX	gameboy.jpg	gameboy.jpg	NOKEY	MAX	NOKEY
1445971612341	0	lts_1027L_11_01	11	01	1	101	0	0	0	CR	MAX	26772824.thl.jpg	26772824.thl.jpg	NOKEY	MAX	NOKEY
1445971615417	0	lts_1027L_11_01	11	01	1	102	0	0	0	CR	MAX	babyswig.jpg	babyswig.jpg	NOKEY	MAX	NOKEY
1445971618493	0	lts_1027L_11_01	11	01	1	103	8	1	0	Miss	MAX	8-first/22853352.thl.jpg	22853352.thl.jpg	NOKEY	MAX	SPACE
1445971620332	0	lts_1027L_11_01	11	01	1	104	0	0	1	FA	1367	8255336.thl.jpg	8255336.thl.jpg	SPACE	1403	NOKEY
1445971623408	0	lts_1027L_11_01	11	01	1	105	0	0	0	CR	MAX	64/8057434.thl.jpg	8057434.thl.jpg	NOKEY	MAX	NOKEY
1445971626484	0	lts_1027L_11_01	11	01	1	106	0	0	0	CR	MAX	26441176.thl.jpg	26441176.thl.jpg	NOKEY	MAX	NOKEY
1445971627621	0	lts_1027L_11_01	11	01	1	107	4	1	1	Hit	666	4-mul/22853352.thl.jpg	22853352.thl.jpg	SPACE	702	SPACE
1445971630697	0	lts_1027L_11_01	11	01	1	108	0	0	0	CR	MAX	Aclothespin2.jpg	Aclothespin2.jpg	NOKEY	MAX	NOKEY
1445971633773	0	lts_1027L_11_01	11	01	1	109	16	1	0	Miss	MAX	16-first/shavingcream01.jpg	shavingcream01.jpg	NOKEY	MAX	SPACE
1445971636848	0	lts_1027L_11_01	11	01	1	110	0	0	0	CR	MAX	AWOODST19.jpg	AWOODST19.jpg	NOKEY	MAX	NOKEY
1445971637885	0	lts_1027L_11_01	11	01	1	111	2	1	1	Hit	564	2-mul/shavingcream01.jpg	shavingcream01.jpg	SPACE	603	SPACE
1445971640961	0	lts_1027L_11_01	11	01	1	112	0	0	0	CR	MAX	128/AWINTGLO3.jpg	AWINTGLO3.jpg	NOKEY	MAX	NOKEY
1445971644038	0	lts_1027L_11_01	11	01	1	113	0	0	0	CR	MAX	Astrawberryde.jpg	Astrawberryde.jpg	NOKEY	MAX	NOKEY
1445971647114	0	lts_1027L_11_01	11	01	1	114	0	0	0	CR	MAX	ADRUM12.jpg	ADRUM12.jpg	NOKEY	MAX	NOKEY
1445971650207	0	lts_1027L_11_01	11	01	1	115	0	0	0	CR	MAX	Akiwifruit6.jpg	Akiwifruit6.jpg	NOKEY	MAX	NOKEY
1445971653283	0	lts_1027L_11_01	11	01	1	116	0	0	0	CR	MAX	26370704.thl.jpg	26370704.thl.jpg	NOKEY	MAX	NOKEY
1445971656359	0	lts_1027L_11_01	11	01	1	117	0	0	0	CR	MAX	AMILPANS2.jpg	AMILPANS2.jpg	NOKEY	MAX	NOKEY
1445971659435	0	lts_1027L_11_01	11	01	1	118	0	0	0	CR	MAX	16/ACIGARCU3.jpg	ACIGARCU3.jpg	NOKEY	MAX	NOKEY
1445971662511	0	lts_1027L_11_01	11	01	1	119	0	0	0	CR	MAX	26384554.thl.jpg	26384554.thl.jpg	NOKEY	MAX	NOKEY
1445971665587	0	lts_1027L_11_01	11	01	1	120	0	0	0	CR	MAX	2/ADOGTOY.jpg	ADOGTOY.jpg	NOKEY	MAX	NOKEY
1445971668663	0	lts_1027L_11_01	11	01	1	121	0	0	0	CR	MAX	26428576.thl.jpg	26428576.thl.jpg	NOKEY	MAX	NOKEY
1445971669800	0	lts_1027L_11_01	11	01	1	122	2	1	1	Hit	660	2-12/ADOGTOY.jpg	ADOGTOY.jpg	SPACE	702	SPACE
1445971672892	0	lts_1027L_11_01	11	01	1	123	0	0	0	CR	MAX	1/beachtowels.jpg	beachtowels.jpg	NOKEY	MAX	NOKEY
1445971673962	0	lts_1027L_11_01	11	01	1	124	1	1	1	Hit	595	1-6/beachtowels.jpg	beachtowels.jpg	SPACE	636	SPACE
1445971677039	0	lts_1027L_11_01	11	01	1	125	0	0	0	CR	MAX	Atintelephone.jpg	Atintelephone.jpg	NOKEY	MAX	NOKEY
1445971680131	0	lts_1027L_11_01	11	01	1	126	0	0	0	CR	MAX	32/26432899.thl.jpg	26432899.thl.jpg	NOKEY	MAX	NOKEY
1445971683207	0	lts_1027L_11_01	11	01	1	127	0	0	0	CR	MAX	Afan49.jpg	Afan49.jpg	NOKEY	MAX	NOKEY
1445971686284	0	lts_1027L_11_01	11	01	1	128	0	0	0	CR	MAX	1/8063317.thl.jpg	8063317.thl.jpg	NOKEY	MAX	NOKEY
1445971687203	0	lts_1027L_11_01	11	01	1	129	1	1	1	Hit	448	1-13/8063317.thl.jpg	8063317.thl.jpg	SPACE	485	SPACE
1445971690279	0	lts_1027L_11_01	11	01	1	130	0	0	0	CR	MAX	8256530.thl.jpg	8256530.thl.jpg	NOKEY	MAX	NOKEY
1445971693355	0	lts_1027L_11_01	11	01	1	131	0	0	0	CR	MAX	26440073.thl.jpg	26440073.thl.jpg	NOKEY	MAX	NOKEY
1445971696431	0	lts_1027L_11_01	11	01	1	132	0	0	0	CR	MAX	AWALLEYE2.jpg	AWALLEYE2.jpg	NOKEY	MAX	NOKEY
1445971699507	0	lts_1027L_11_01	11	01	1	133	0	0	0	CR	MAX	Aringclamp2.jpg	Aringclamp2.jpg	NOKEY	MAX	NOKEY
1445971700678	0	lts_1027L_11_01	11	01	1	134	16	1	1	Hit	687	16-first/ACIGARCU3.jpg	ACIGARCU3.jpg	SPACE	735	SPACE
1445971703754	0	lts_1027L_11_01	11	01	1	135	0	0	0	CR	MAX	2/AHOUSBOA3.jpg	AHOUSBOA3.jpg	NOKEY	MAX	NOKEY
1445971706829	0	lts_1027L_11_01	11	01	1	136	0	0	0	CR	MAX	8/AELECBEA6.jpg	AELECBEA6.jpg	NOKEY	MAX	NOKEY
1445971708050	0	lts_1027L_11_01	11	01	1	137	2	1	1	Hit	750	2-11/AHOUSBOA3.jpg	AHOUSBOA3.jpg	SPACE	787	SPACE
1445971711126	0	lts_1027L_11_01	11	01	1	138	0	0	0	CR	MAX	4/Alighthouse6.jpg	Alighthouse6.jpg	NOKEY	MAX	NOKEY
1445971714202	0	lts_1027L_11_01	11	01	1	139	0	0	0	CR	MAX	64/26439898.thl.jpg	26439898.thl.jpg	NOKEY	MAX	NOKEY
1445971717278	0	lts_1027L_11_01	11	01	1	140	0	0	0	CR	MAX	26440422.thl.jpg	26440422.thl.jpg	NOKEY	MAX	NOKEY
1445971720354	0	lts_1027L_11_01	11	01	1	141	0	0	0	CR	MAX	Alintbrush2.jpg	Alintbrush2.jpg	NOKEY	MAX	NOKEY
1445971721391	0	lts_1027L_11_01	11	01	1	142	4	1	1	Hit	557	4-1/Alighthouse6.jpg	Alighthouse6.jpg	SPACE	601	SPACE
1445971724484	0	lts_1027L_11_01	11	01	1	143	0	0	0	CR	MAX	Aelephant9.jpg	Aelephant9.jpg	NOKEY	MAX	NOKEY
1445971727560	0	lts_1027L_11_01	11	01	1	144	8	1	0	Miss	MAX	8-first/AELECBEA6.jpg	AELECBEA6.jpg	NOKEY	MAX	SPACE
1445971730636	0	lts_1027L_11_01	11	01	1	145	0	0	0	CR	MAX	26455774.thl.jpg	26455774.thl.jpg	NOKEY	MAX	NOKEY
1445971731689	0	lts_1027L_11_01	11	01	1	146	2	1	1	Hit	580	2-mul/AELECBEA6.jpg	AELECBEA6.jpg	SPACE	619	SPACE
1445971734765	0	lts_1027L_11_01	11	01	1	147	0	0	0	CR	MAX	ATAMBOURI.jpg	ATAMBOURI.jpg	NOKEY	MAX	NOKEY
1445971737840	0	lts_1027L_11_01	11	01	1	148	0	0	0	CR	MAX	ARECORDSY.jpg	ARECORDSY.jpg	NOKEY	MAX	NOKEY
1445971740916	0	lts_1027L_11_01	11	01	1	149	0	0	0	CR	MAX	AGOLFIRON.jpg	AGOLFIRON.jpg	NOKEY	MAX	NOKEY
1445971742188	0	lts_1027L_11_01	11	01	1	150	16	1	1	Hit	801	16-mul/ACIGARCU3.jpg	ACIGARCU3.jpg	SPACE	837	SPACE
1445971745264	0	lts_1027L_11_01	11	01	1	151	0	0	0	CR	MAX	bathtowel.jpg	bathtowel.jpg	NOKEY	MAX	NOKEY
1445971748340	0	lts_1027L_11_01	11	01	1	152	0	0	0	CR	MAX	22858860.thl.jpg	22858860.thl.jpg	NOKEY	MAX	NOKEY
1445971751416	0	lts_1027L_11_01	11	01	1	153	0	0	0	CR	MAX	2/Atelephoneja2.jpg	Atelephoneja2.jpg	NOKEY	MAX	NOKEY
1445971754492	0	lts_1027L_11_01	11	01	1	154	0	0	0	CR	MAX	Abottle98.jpg	Abottle98.jpg	NOKEY	MAX	NOKEY
1445971755595	0	lts_1027L_11_01	11	01	1	155	2	1	1	Hit	621	2-10/Atelephoneja2.jpg	Atelephoneja2.jpg	SPACE	669	SPACE
1445971758671	0	lts_1027L_11_01	11	01	1	156	0	0	0	CR	MAX	AHEATDUCT.jpg	AHEATDUCT.jpg	NOKEY	MAX	NOKEY
1445971761747	0	lts_1027L_11_01	11	01	1	157	0	0	0	CR	MAX	ABATHSTE2.jpg	ABATHSTE2.jpg	NOKEY	MAX	NOKEY
1445971762933	0	lts_1027L_11_01	11	01	1	158	32	1	1	Hit	709	32-3/26432899.thl.jpg	26432899.thl.jpg	SPACE	752	SPACE
1445971766027	0	lts_1027L_11_01	11	01	1	159	0	0	0	CR	MAX	whiteboard.jpg	whiteboard.jpg	NOKEY	MAX	NOKEY
1445971769103	0	lts_1027L_11_01	11	01	1	160	0	0	0	CR	MAX	128/22849284.thl.jpg	22849284.thl.jpg	NOKEY	MAX	NOKEY
1445971772179	0	lts_1027L_11_01	11	01	1	161	0	0	0	CR	MAX	2/ACUTPIN.jpg	ACUTPIN.jpg	NOKEY	MAX	NOKEY
1445971775255	0	lts_1027L_11_01	11	01	1	162	0	0	0	CR	MAX	Alifeves2.jpg	Alifeves2.jpg	NOKEY	MAX	NOKEY
1445971776325	0	lts_1027L_11_01	11	01	1	163	2	1	1	Hit	596	2-0/ACUTPIN.jpg	ACUTPIN.jpg	SPACE	634	SPACE
1445971779401	0	lts_1027L_11_01	11	01	1	164	0	0	0	CR	MAX	64/drumsticks01.jpg	drumsticks01.jpg	NOKEY	MAX	NOKEY
1445971782477	0	lts_1027L_11_01	11	01	1	165	0	0	0	CR	MAX	Abottleofchi2.jpg	Abottleofchi2.jpg	NOKEY	MAX	NOKEY
1445971783631	0	lts_1027L_11_01	11	01	1	166	00	1	1	Hit	670	00-across/Araisins4.jpg	Araisins4.jpg	SPACE	719	SPACE
1445971786707	0	lts_1027L_11_01	11	01	1	167	0	0	0	CR	MAX	128/22826748.thl.jpg	22826748.thl.jpg	NOKEY	MAX	NOKEY
1445971789783	0	lts_1027L_11_01	11	01	1	168	0	0	0	CR	MAX	26456480.thl.jpg	26456480.thl.jpg	NOKEY	MAX	NOKEY
1445971792858	0	lts_1027L_11_01	11	01	1	169	64	1	0	Miss	MAX	64-first/8057434.thl.jpg	8057434.thl.jpg	NOKEY	MAX	SPACE
1445971795951	0	lts_1027L_11_01	11	01	1	170	0	0	0	CR	MAX	ACDRAINER.jpg	ACDRAINER.jpg	NOKEY	MAX	NOKEY
1445971797156	0	lts_1027L_11_01	11	01	1	171	2	1	1	Hit	734	2-mul/8057434.thl.jpg	8057434.thl.jpg	SPACE	770	SPACE
1445971800232	0	lts_1027L_11_01	11	01	1	172	0	0	0	CR	MAX	2/23014927.thl.jpg	23014927.thl.jpg	NOKEY	MAX	NOKEY
1445971803308	0	lts_1027L_11_01	11	01	1	173	0	0	0	CR	MAX	Aadvcalen.jpg	Aadvcalen.jpg	NOKEY	MAX	NOKEY
1445971804378	0	lts_1027L_11_01	11	01	1	174	2	1	1	Hit	588	2-2/23014927.thl.jpg	23014927.thl.jpg	SPACE	635	SPACE
1445971807454	0	lts_1027L_11_01	11	01	1	175	0	0	0	CR	MAX	ABABYSPOO.jpg	ABABYSPOO.jpg	NOKEY	MAX	NOKEY
1445971810530	0	lts_1027L_11_01	11	01	1	176	0	0	0	CR	MAX	32/ASHARK3.jpg	ASHARK3.jpg	NOKEY	MAX	NOKEY
1445971813606	0	lts_1027L_11_01	11	01	1	177	0	0	0	CR	MAX	hulk.jpg	hulk.jpg	NOKEY	MAX	NOKEY
1445971816682	0	lts_1027L_11_01	11	01	1	178	0	0	0	CR	MAX	1/Abellcookiec3.jpg	Abellcookiec3.jpg	NOKEY	MAX	NOKEY
1445971817551	0	lts_1027L_11_01	11	01	1	179	1	1	1	Hit	397	1-14/Abellcookiec3.jpg	Abellcookiec3.jpg	SPACE	435	SPACE
1445971820627	0	lts_1027L_11_01	11	01	1	180	0	0	0	CR	MAX	1/Acleaningpro6.jpg	Acleaningpro6.jpg	NOKEY	MAX	NOKEY
1445971821580	0	lts_1027L_11_01	11	01	1	181	1	1	1	Hit	481	1-8/Acleaningpro6.jpg	Acleaningpro6.jpg	SPACE	518	SPACE
1445971824656	0	lts_1027L_11_01	11	01	1	182	0	0	0	CR	MAX	scrunchie.jpg	scrunchie.jpg	NOKEY	MAX	NOKEY
1445971827732	0	lts_1027L_11_01	11	01	1	183	0	0	0	CR	MAX	4/AALFALFA.jpg	AALFALFA.jpg	NOKEY	MAX	NOKEY
1445971830809	0	lts_1027L_11_01	11	01	1	184	0	0	0	CR	MAX	1/ACEMPOST.jpg	ACEMPOST.jpg	NOKEY	MAX	NOKEY
1445971831745	0	lts_1027L_11_01	11	01	1	185	1	1	1	Hit	458	1-10/ACEMPOST.jpg	ACEMPOST.jpg	SPACE	503	SPACE
1445971834820	0	lts_1027L_11_01	11	01	1	186	0	0	0	CR	MAX	nintendo.jpg	nintendo.jpg	NOKEY	MAX	NOKEY
1445971835890	0	lts_1027L_11_01	11	01	1	187	4	1	1	Hit	569	4-4/AALFALFA.jpg	AALFALFA.jpg	SPACE	620	SPACE
1445971838966	0	lts_1027L_11_01	11	01	1	188	0	0	0	CR	MAX	1/26374055.thl.jpg	26374055.thl.jpg	NOKEY	MAX	NOKEY
1445971839919	0	lts_1027L_11_01	11	01	1	189	1	1	1	Hit	475	1-7/26374055.thl.jpg	26374055.thl.jpg	SPACE	520	SPACE
1445971842995	0	lts_1027L_11_01	11	01	1	190	0	0	0	CR	MAX	AFILM.jpg	AFILM.jpg	NOKEY	MAX	NOKEY
1445971846072	0	lts_1027L_11_01	11	01	1	191	0	0	0	CR	MAX	8/ALIONWALK.jpg	ALIONWALK.jpg	NOKEY	MAX	NOKEY
1445971849148	0	lts_1027L_11_01	11	01	1	192	0	0	0	CR	MAX	Aclog6.jpg	Aclog6.jpg	NOKEY	MAX	NOKEY
1445971852224	0	lts_1027L_11_01	11	01	1	193	128	1	0	Miss	MAX	128-7/22923068.thl.jpg	22923068.thl.jpg	NOKEY	MAX	SPACE
1445971855300	0	lts_1027L_11_01	11	01	1	194	0	0	0	CR	MAX	128/APLASCONT.jpg	APLASCONT.jpg	NOKEY	MAX	NOKEY
1445971856887	0	lts_1027L_11_01	11	01	1	195	00	1	1	Hit	1109	00-across/ABLACKB12.jpg	ABLACKB12.jpg	SPACE	1153	SPACE
1445971859963	0	lts_1027L_11_01	11	01	1	196	0	0	0	CR	MAX	1/corkscrew02.jpg	corkscrew02.jpg	NOKEY	MAX	NOKEY
1445971860916	0	lts_1027L_11_01	11	01	1	197	1	1	1	Hit	470	1-3/corkscrew02.jpg	corkscrew02.jpg	SPACE	519	SPACE
1445971863992	0	lts_1027L_11_01	11	01	1	198	0	0	0	CR	MAX	APICNICBL.jpg	APICNICBL.jpg	NOKEY	MAX	NOKEY
1445971865180	0	lts_1027L_11_01	11	01	1	199	8	1	1	Hit	713	8-2/ALIONWALK.jpg	ALIONWALK.jpg	SPACE	752	SPACE
1445971868256	0	lts_1027L_11_01	11	01	1	200	0	0	0	CR	MAX	Aqueenofspade.jpg	Aqueenofspade.jpg	NOKEY	MAX	NOKEY
1445971871332	0	lts_1027L_11_01	11	01	1	201	0	0	0	CR	MAX	4/largemacscreen.jpg	largemacscreen.jpg	NOKEY	MAX	NOKEY
1445971874408	0	lts_1027L_11_01	11	01	1	202	0	0	0	CR	MAX	26387641.thl.jpg	26387641.thl.jpg	NOKEY	MAX	NOKEY
1445971875545	0	lts_1027L_11_01	11	01	1	203	64	1	1	Hit	664	64-first/26439898.thl.jpg	26439898.thl.jpg	SPACE	702	SPACE
1445971878621	0	lts_1027L_11_01	11	01	1	204	0	0	0	CR	MAX	26373362.thl.jpg	26373362.thl.jpg	NOKEY	MAX	NOKEY
1445971879725	0	lts_1027L_11_01	11	01	1	205	4	1	1	Hit	621	4-11/largemacscreen.jpg	largemacscreen.jpg	SPACE	668	SPACE
1445971882801	0	lts_1027L_11_01	11	01	1	206	0	0	0	CR	MAX	32/ASHIRTSK2.jpg	ASHIRTSK2.jpg	NOKEY	MAX	NOKEY
1445971885876	0	lts_1027L_11_01	11	01	1	207	0	0	0	CR	MAX	origami.jpg	origami.jpg	NOKEY	MAX	NOKEY
1445971888952	0	lts_1027L_11_01	11	01	1	208	32	1	0	Miss	MAX	32-2/ASHARK3.jpg	ASHARK3.jpg	NOKEY	MAX	SPACE
1445971892029	0	lts_1027L_11_01	11	01	1	209	0	0	0	CR	MAX	Adog71.jpg	Adog71.jpg	NOKEY	MAX	NOKEY
1445971895105	0	lts_1027L_11_01	11	01	1	210	0	0	0	CR	MAX	4/26386846.thl.jpg	26386846.thl.jpg	NOKEY	MAX	NOKEY
1445971898181	0	lts_1027L_11_01	11	01	1	211	0	0	0	CR	MAX	8244991.thl.jpg	8244991.thl.jpg	NOKEY	MAX	NOKEY
1445971901257	0	lts_1027L_11_01	11	01	1	212	0	0	0	CR	MAX	Adog122.jpg	Adog122.jpg	NOKEY	MAX	NOKEY
1445971904333	0	lts_1027L_11_01	11	01	1	213	0	0	0	CR	MAX	ACOWBOYH3.jpg	ACOWBOYH3.jpg	NOKEY	MAX	NOKEY
1445971905453	0	lts_1027L_11_01	11	01	1	214	4	1	1	Hit	642	4-2/26386846.thl.jpg	26386846.thl.jpg	SPACE	685	SPACE
1445971908529	0	lts_1027L_11_01	11	01	1	215	0	0	0	CR	MAX	64/AJUICER.jpg	AJUICER.jpg	NOKEY	MAX	NOKEY
1445971911605	0	lts_1027L_11_01	11	01	1	216	0	0	0	CR	MAX	26437080.thl.jpg	26437080.thl.jpg	NOKEY	MAX	NOKEY
1445971914681	0	lts_1027L_11_01	11	01	1	217	0	0	0	CR	MAX	128/AGLASSCAS.jpg	AGLASSCAS.jpg	NOKEY	MAX	NOKEY
1445971917758	0	lts_1027L_11_01	11	01	1	218	0	0	0	CR	MAX	Aseeder2.jpg	Aseeder2.jpg	NOKEY	MAX	NOKEY
1445971918744	0	lts_1027L_11_01	11	01	1	219	16	1	1	Hit	508	16-mul/26439898.thl.jpg	26439898.thl.jpg	SPACE	552	SPACE
1445971921819	0	lts_1027L_11_01	11	01	1	220	0	0	0	CR	MAX	2/Acrabwalking.jpg	Acrabwalking.jpg	NOKEY	MAX	NOKEY
1445971924895	0	lts_1027L_11_01	11	01	1	221	0	0	0	CR	MAX	26463767.thl.jpg	26463767.thl.jpg	NOKEY	MAX	NOKEY
1445971925948	0	lts_1027L_11_01	11	01	1	222	2	1	1	Hit	580	2-1/Acrabwalking.jpg	Acrabwalking.jpg	SPACE	620	SPACE
1445971929025	0	lts_1027L_11_01	11	01	1	223	0	0	0	CR	MAX	AKNIFE13.jpg	AKNIFE13.jpg	NOKEY	MAX	NOKEY
1445971932101	0	lts_1027L_11_01	11	01	1	224	0	0	0	CR	MAX	Aflyingeagle9.jpg	Aflyingeagle9.jpg	NOKEY	MAX	NOKEY
1445971935177	0	lts_1027L_11_01	11	01	1	225	0	0	0	CR	MAX	26424291.thl.jpg	26424291.thl.jpg	NOKEY	MAX	NOKEY
1445971938254	0	lts_1027L_11_01	11	01	1	226	0	0	0	CR	MAX	22924880.thl.jpg	22924880.thl.jpg	NOKEY	MAX	NOKEY
1445971941330	0	lts_1027L_11_01	11	01	1	227	0	0	0	CR	MAX	ANAPKIN4.jpg	ANAPKIN4.jpg	NOKEY	MAX	NOKEY
1445971942483	0	lts_1027L_11_01	11	01	1	228	64	1	1	Hit	681	64-first/drumsticks01.jpg	drumsticks01.jpg	SPACE	719	SPACE
1445971945559	0	lts_1027L_11_01	11	01	1	229	0	0	0	CR	MAX	Aclockradio4.jpg	Aclockradio4.jpg	NOKEY	MAX	NOKEY
1445971947348	0	lts_1027L_11_01	11	01	1	230	0	0	1	FA	1309	31023139.thl.jpg	31023139.thl.jpg	SPACE	1353	NOKEY
1445971950424	0	lts_1027L_11_01	11	01	1	231	0	0	0	CR	MAX	4/9816397.thl.jpg	9816397.thl.jpg	NOKEY	MAX	NOKEY
1445971953500	0	lts_1027L_11_01	11	01	1	232	0	0	0	CR	MAX	26429097.thl.jpg	26429097.thl.jpg	NOKEY	MAX	NOKEY
1445971956576	0	lts_1027L_11_01	11	01	1	233	0	0	0	CR	MAX	sportsbasket.jpg	sportsbasket.jpg	NOKEY	MAX	NOKEY
1445971959652	0	lts_1027L_11_01	11	01	1	234	0	0	0	CR	MAX	ASHADES11.jpg	ASHADES11.jpg	NOKEY	MAX	NOKEY
1445971960722	0	lts_1027L_11_01	11	01	1	235	4	1	1	Hit	590	4-10/9816397.thl.jpg	9816397.thl.jpg	SPACE	635	SPACE
1445971963815	0	lts_1027L_11_01	11	01	1	236	0	0	0	CR	MAX	Acanoe19.jpg	Acanoe19.jpg	NOKEY	MAX	NOKEY
1445971966890	0	lts_1027L_11_01	11	01	1	237	0	0	0	CR	MAX	ACHAIRDE2.jpg	ACHAIRDE2.jpg	NOKEY	MAX	NOKEY
1445971967943	0	lts_1027L_11_01	11	01	1	238	32	1	1	Hit	577	32-8/ASHIRTSK2.jpg	ASHIRTSK2.jpg	SPACE	619	SPACE
1445971971020	0	lts_1027L_11_01	11	01	1	239	0	0	0	CR	MAX	Apyramid3.jpg	Apyramid3.jpg	NOKEY	MAX	NOKEY
1445971972023	0	lts_1027L_11_01	11	01	1	240	128	1	1	Hit	520	128-6/AWINTGLO3.jpg	AWINTGLO3.jpg	SPACE	568	SPACE
1445971975099	0	lts_1027L_11_01	11	01	1	241	0	0	0	CR	MAX	22887480.thl.jpg	22887480.thl.jpg	NOKEY	MAX	NOKEY
1445971978175	0	lts_1027L_11_01	11	01	1	242	0	0	0	CR	MAX	8/ACOWCREAM.jpg	ACOWCREAM.jpg	NOKEY	MAX	NOKEY
1445971981251	0	lts_1027L_11_01	11	01	1	243	0	0	0	CR	MAX	AELECTHE4.jpg	AELECTHE4.jpg	NOKEY	MAX	NOKEY
1445971982271	0	lts_1027L_11_01	11	01	1	244	16	1	1	Hit	535	16-mul/drumsticks01.jpg	drumsticks01.jpg	SPACE	584	SPACE
1445971985347	0	lts_1027L_11_01	11	01	1	245	0	0	0	CR	MAX	2/23019499.thl.jpg	23019499.thl.jpg	NOKEY	MAX	NOKEY
1445971988440	0	lts_1027L_11_01	11	01	1	246	0	0	0	CR	MAX	AHAZELNU3.jpg	AHAZELNU3.jpg	NOKEY	MAX	NOKEY
1445971989427	0	lts_1027L_11_01	11	01	1	247	2	1	1	Hit	511	2-8/23019499.thl.jpg	23019499.thl.jpg	SPACE	551	SPACE
1445971992503	0	lts_1027L_11_01	11	01	1	248	0	0	0	CR	MAX	8/26374899.thl.jpg	26374899.thl.jpg	NOKEY	MAX	NOKEY
1445971995579	0	lts_1027L_11_01	11	01	1	249	0	0	0	CR	MAX	Abaggcon2.jpg	Abaggcon2.jpg	NOKEY	MAX	NOKEY
1445971998655	0	lts_1027L_11_01	11	01	1	250	8	1	0	Miss	MAX	8-first/ACOWCREAM.jpg	ACOWCREAM.jpg	NOKEY	MAX	SPACE
1445972001731	0	lts_1027L_11_01	11	01	1	251	0	0	0	CR	MAX	64/Abonnet12.jpg	Abonnet12.jpg	NOKEY	MAX	NOKEY
1445972004807	0	lts_1027L_11_01	11	01	1	252	0	0	0	CR	MAX	16/Aflowerwreat2.jpg	Aflowerwreat2.jpg	NOKEY	MAX	NOKEY
1445972007899	0	lts_1027L_11_01	11	01	1	253	0	0	0	CR	MAX	ACANOPEN6.jpg	ACANOPEN6.jpg	NOKEY	MAX	NOKEY
1445972010975	0	lts_1027L_11_01	11	01	1	254	0	0	0	CR	MAX	8021743.thl.jpg	8021743.thl.jpg	NOKEY	MAX	NOKEY
1445972014052	0	lts_1027L_11_01	11	01	1	255	0	0	0	CR	MAX	36407647.thl.jpg	36407647.thl.jpg	NOKEY	MAX	NOKEY
1445972015222	0	lts_1027L_11_01	11	01	1	256	8	1	1	Hit	685	8-1/26374899.thl.jpg	26374899.thl.jpg	SPACE	736	SPACE
1445972018298	0	lts_1027L_11_01	11	01	1	257	0	0	0	CR	MAX	cannoli.jpg	cannoli.jpg	NOKEY	MAX	NOKEY
1445972021374	0	lts_1027L_11_01	11	01	1	258	0	0	0	CR	MAX	AWOODSPO3.jpg	AWOODSPO3.jpg	NOKEY	MAX	NOKEY
1445972024467	0	lts_1027L_11_01	11	01	1	259	0	0	0	CR	MAX	4/ASKELETO4.jpg	ASKELETO4.jpg	NOKEY	MAX	NOKEY
1445972027543	0	lts_1027L_11_01	11	01	1	260	0	0	0	CR	MAX	ALINENCA3.jpg	ALINENCA3.jpg	NOKEY	MAX	NOKEY
1445972030619	0	lts_1027L_11_01	11	01	1	261	0	0	0	CR	MAX	64/APROSTLE2.jpg	APROSTLE2.jpg	NOKEY	MAX	NOKEY
1445972033695	0	lts_1027L_11_01	11	01	1	262	0	0	0	CR	MAX	26422507.thl.jpg	26422507.thl.jpg	NOKEY	MAX	NOKEY
1445972034748	0	lts_1027L_11_01	11	01	1	263	4	1	1	Hit	583	4-8/ASKELETO4.jpg	ASKELETO4.jpg	SPACE	618	SPACE
1445972037823	0	lts_1027L_11_01	11	01	1	264	0	0	0	CR	MAX	AOPGLASS.jpg	AOPGLASS.jpg	NOKEY	MAX	NOKEY
1445972040899	0	lts_1027L_11_01	11	01	1	265	0	0	0	CR	MAX	8255981.thl.jpg	8255981.thl.jpg	NOKEY	MAX	NOKEY
1445972042037	0	lts_1027L_11_01	11	01	1	266	16	1	1	Hit	657	16-mul/ACOWCREAM.jpg	ACOWCREAM.jpg	SPACE	703	SPACE
1445972045113	0	lts_1027L_11_01	11	01	1	267	0	0	0	CR	MAX	Aboxofnotepa4.jpg	Aboxofnotepa4.jpg	NOKEY	MAX	NOKEY
1445972046150	0	lts_1027L_11_01	11	01	1	268	16	1	1	Hit	554	16-first/Aflowerwreat2.jpg	Aflowerwreat2.jpg	SPACE	602	SPACE
1445972049226	0	lts_1027L_11_01	11	01	1	269	0	0	0	CR	MAX	Atoypersonwi2.jpg	Atoypersonwi2.jpg	NOKEY	MAX	NOKEY
1445972050196	0	lts_1027L_11_01	11	01	1	270	2	1	1	Hit	487	2-mul/Aflowerwreat2.jpg	Aflowerwreat2.jpg	SPACE	535	SPACE
1445972053272	0	lts_1027L_11_01	11	01	1	271	0	0	0	CR	MAX	Afaucet9.jpg	Afaucet9.jpg	NOKEY	MAX	NOKEY
1445972056348	0	lts_1027L_11_01	11	01	1	272	0	0	0	CR	MAX	AJOYSTIC1.jpg	AJOYSTIC1.jpg	NOKEY	MAX	NOKEY
1445972059424	0	lts_1027L_11_01	11	01	1	273	0	0	0	CR	MAX	Ametalstool2.jpg	Ametalstool2.jpg	NOKEY	MAX	NOKEY
1445972062500	0	lts_1027L_11_01	11	01	1	274	0	0	0	CR	MAX	2/ABLLIGHTB.jpg	ABLLIGHTB.jpg	NOKEY	MAX	NOKEY
1445972065593	0	lts_1027L_11_01	11	01	1	275	0	0	0	CR	MAX	ATOILBAG2.jpg	ATOILBAG2.jpg	NOKEY	MAX	NOKEY
1445972066612	0	lts_1027L_11_01	11	01	1	276	2	1	1	Hit	543	2-3/ABLLIGHTB.jpg	ABLLIGHTB.jpg	SPACE	585	SPACE
1445972069688	0	lts_1027L_11_01	11	01	1	277	0	0	0	CR	MAX	4/Ajetski15.jpg	Ajetski15.jpg	NOKEY	MAX	NOKEY
1445972072765	0	lts_1027L_11_01	11	01	1	278	0	0	0	CR	MAX	AOLDMILL2.jpg	AOLDMILL2.jpg	NOKEY	MAX	NOKEY
1445972075840	0	lts_1027L_11_01	11	01	1	279	64	1	0	Miss	MAX	64-first/AJUICER.jpg	AJUICER.jpg	NOKEY	MAX	SPACE
1445972078516	0	lts_1027L_11_01	11	01	1	280	0	0	1	FA	2203	8068401.thl.jpg	8068401.thl.jpg	SPACE	2241	NOKEY
1445972079969	0	lts_1027L_11_01	11	01	1	281	4	1	1	Hit	979	4-6/Ajetski15.jpg	Ajetski15.jpg	SPACE	1020	SPACE
1445972083046	0	lts_1027L_11_01	11	01	1	282	0	0	0	CR	MAX	ACURLIR13.jpg	ACURLIR13.jpg	NOKEY	MAX	NOKEY
1445972084082	0	lts_1027L_11_01	11	01	1	283	4	1	1	Hit	559	4-mul/AJUICER.jpg	AJUICER.jpg	SPACE	602	SPACE
1445972087175	0	lts_1027L_11_01	11	01	1	284	0	0	0	CR	MAX	16/BattleStar.jpg	BattleStar.jpg	NOKEY	MAX	NOKEY
1445972090251	0	lts_1027L_11_01	11	01	1	285	0	0	0	CR	MAX	Ascroll7.jpg	Ascroll7.jpg	NOKEY	MAX	NOKEY
1445972093327	0	lts_1027L_11_01	11	01	1	286	00	1	0	Miss	MAX	00-across/AWOODBOX3.jpg	AWOODBOX3.jpg	NOKEY	MAX	SPACE
1445972096404	0	lts_1027L_11_01	11	01	1	287	0	0	0	CR	MAX	AMECHSOCK.jpg	AMECHSOCK.jpg	NOKEY	MAX	NOKEY
1445972097540	0	lts_1027L_11_01	11	01	1	288	128	1	1	Hit	657	128-0/22849284.thl.jpg	22849284.thl.jpg	SPACE	702	SPACE
1445972100616	0	lts_1027L_11_01	11	01	1	289	0	0	0	CR	MAX	petfood.jpg	petfood.jpg	NOKEY	MAX	NOKEY
1445972103692	0	lts_1027L_11_01	11	01	1	290	0	0	0	CR	MAX	2/AXYLOPHN2.jpg	AXYLOPHN2.jpg	NOKEY	MAX	NOKEY
1445972106768	0	lts_1027L_11_01	11	01	1	291	0	0	0	CR	MAX	ALAB13.jpg	ALAB13.jpg	NOKEY	MAX	NOKEY
1445972109610	0	lts_1027L_11_01	11	01	1	292	2	1	1	Hit	2366	2-5/AXYLOPHN2.jpg	AXYLOPHN2.jpg	SPACE	2407	SPACE
1445972112687	0	lts_1027L_11_01	11	01	1	293	0	0	0	CR	MAX	ABROOCH41.jpg	ABROOCH41.jpg	NOKEY	MAX	NOKEY
1445972115763	0	lts_1027L_11_01	11	01	1	294	0	0	0	CR	MAX	AHONEYSTI.jpg	AHONEYSTI.jpg	NOKEY	MAX	NOKEY
1445972118838	0	lts_1027L_11_01	11	01	1	295	128	1	0	Miss	MAX	128-5/22826748.thl.jpg	22826748.thl.jpg	NOKEY	MAX	SPACE
1445972121914	0	lts_1027L_11_01	11	01	1	296	0	0	0	CR	MAX	64/8020347.thl.jpg	8020347.thl.jpg	NOKEY	MAX	NOKEY
1445972124990	0	lts_1027L_11_01	11	01	1	297	0	0	0	CR	MAX	seesaw.jpg	seesaw.jpg	NOKEY	MAX	NOKEY
1445972128067	0	lts_1027L_11_01	11	01	1	298	0	0	0	CR	MAX	128/Chevypickup.jpg	Chevypickup.jpg	NOKEY	MAX	NOKEY
1445972131143	0	lts_1027L_11_01	11	01	1	299	0	0	0	CR	MAX	AFIREPLAC.jpg	AFIREPLAC.jpg	NOKEY	MAX	NOKEY
1445972134219	0	lts_1027L_11_01	11	01	1	300	16	1	0	Miss	MAX	16-first/BattleStar.jpg	BattleStar.jpg	NOKEY	MAX	SPACE
1445972137295	0	lts_1027L_11_01	11	01	1	301	0	0	0	CR	MAX	AFISHNET3.jpg	AFISHNET3.jpg	NOKEY	MAX	NOKEY
1445972140371	0	lts_1027L_11_01	11	01	1	302	0	0	0	CR	MAX	Achowchowdog.jpg	Achowchowdog.jpg	NOKEY	MAX	NOKEY
1445972143447	0	lts_1027L_11_01	11	01	1	303	0	0	0	CR	MAX	26434546.thl.jpg	26434546.thl.jpg	NOKEY	MAX	NOKEY
1445972144634	0	lts_1027L_11_01	11	01	1	304	4	1	1	Hit	713	4-mul/BattleStar.jpg	BattleStar.jpg	SPACE	752	SPACE
1445972147710	0	lts_1027L_11_01	11	01	1	305	0	0	0	CR	MAX	1/Agame3.jpg	Agame3.jpg	NOKEY	MAX	NOKEY
1445972148730	0	lts_1027L_11_01	11	01	1	306	1	1	1	Hit	541	1-0/Agame3.jpg	Agame3.jpg	SPACE	585	SPACE
1445972151806	0	lts_1027L_11_01	11	01	1	307	0	0	0	CR	MAX	ATRACTWH6.jpg	ATRACTWH6.jpg	NOKEY	MAX	NOKEY
1445972154881	0	lts_1027L_11_01	11	01	1	308	0	0	0	CR	MAX	ACOUNTING.jpg	ACOUNTING.jpg	NOKEY	MAX	NOKEY
1445972157957	0	lts_1027L_11_01	11	01	1	309	0	0	0	CR	MAX	22869912.thl.jpg	22869912.thl.jpg	NOKEY	MAX	NOKEY
1445972161034	0	lts_1027L_11_01	11	01	1	310	0	0	0	CR	MAX	128/ATHERMO4.jpg	ATHERMO4.jpg	NOKEY	MAX	NOKEY
1445972164110	0	lts_1027L_11_01	11	01	1	311	0	0	0	CR	MAX	candy3.jpg	candy3.jpg	NOKEY	MAX	NOKEY
1445972167186	0	lts_1027L_11_01	11	01	1	312	0	0	0	CR	MAX	64/26424443.thl.jpg	26424443.thl.jpg	NOKEY	MAX	NOKEY
1445972170279	0	lts_1027L_11_01	11	01	1	313	0	0	0	CR	MAX	ADARKLAMP.jpg	ADARKLAMP.jpg	NOKEY	MAX	NOKEY
1445972173355	0	lts_1027L_11_01	11	01	1	314	0	0	0	CR	MAX	Afilmnegativ2.jpg	Afilmnegativ2.jpg	NOKEY	MAX	NOKEY
1445972174825	0	lts_1027L_11_01	11	01	1	315	64	1	1	Hit	1001	64-first/Abonnet12.jpg	Abonnet12.jpg	SPACE	1036	SPACE
1445972177901	0	lts_1027L_11_01	11	01	1	316	0	0	0	CR	MAX	2/AARTBERRI.jpg	AARTBERRI.jpg	NOKEY	MAX	NOKEY
1445972180978	0	lts_1027L_11_01	11	01	1	317	0	0	0	CR	MAX	ABAGGROCE.jpg	ABAGGROCE.jpg	NOKEY	MAX	NOKEY
1445972181997	0	lts_1027L_11_01	11	01	1	318	2	1	1	Hit	545	2-13/AARTBERRI.jpg	AARTBERRI.jpg	SPACE	586	SPACE
1445972185074	0	lts_1027L_11_01	11	01	1	319	0	0	0	CR	MAX	APERSRUG.jpg	APERSRUG.jpg	NOKEY	MAX	NOKEY
1445972188151	0	lts_1027L_11_01	11	01	1	320	0	0	0	CR	MAX	ASMOKDE16.jpg	ASMOKDE16.jpg	NOKEY	MAX	NOKEY
1445972191227	0	lts_1027L_11_01	11	01	1	321	0	0	0	CR	MAX	16/pretzelsticks.jpg	pretzelsticks.jpg	NOKEY	MAX	NOKEY
1445972194303	0	lts_1027L_11_01	11	01	1	322	128	1	0	Miss	MAX	128-1/APLASCONT.jpg	APLASCONT.jpg	NOKEY	MAX	SPACE
1445972197379	0	lts_1027L_11_01	11	01	1	323	0	0	0	CR	MAX	Aradio24.jpg	Aradio24.jpg	NOKEY	MAX	NOKEY
1445972200455	0	lts_1027L_11_01	11	01	1	324	0	0	0	CR	MAX	AWATERFL3.jpg	AWATERFL3.jpg	NOKEY	MAX	NOKEY
1445972201975	0	lts_1027L_11_01	11	01	1	325	64	1	1	Hit	1042	64-first/APROSTLE2.jpg	APROSTLE2.jpg	SPACE	1087	SPACE
1445972205052	0	lts_1027L_11_01	11	01	1	326	0	0	0	CR	MAX	ASHAMPO2.jpg	ASHAMPO2.jpg	NOKEY	MAX	NOKEY
1445972208128	0	lts_1027L_11_01	11	01	1	327	0	0	0	CR	MAX	AXMASTIN3.jpg	AXMASTIN3.jpg	NOKEY	MAX	NOKEY
1445972209449	0	lts_1027L_11_01	11	01	1	328	0	0	1	FA	851	26426317.thl.jpg	26426317.thl.jpg	SPACE	886	NOKEY
1445972210603	0	lts_1027L_11_01	11	01	1	329	4	1	1	Hit	674	4-mul/APROSTLE2.jpg	APROSTLE2.jpg	SPACE	719	SPACE
1445972213679	0	lts_1027L_11_01	11	01	1	330	0	0	0	CR	MAX	APIPE8.jpg	APIPE8.jpg	NOKEY	MAX	NOKEY
1445972214715	0	lts_1027L_11_01	11	01	1	331	16	1	1	Hit	563	16-mul/Abonnet12.jpg	Abonnet12.jpg	SPACE	602	SPACE
1445972217791	0	lts_1027L_11_01	11	01	1	332	0	0	0	CR	MAX	AVACUUM4.jpg	AVACUUM4.jpg	NOKEY	MAX	NOKEY
1445972220866	0	lts_1027L_11_01	11	01	1	333	0	0	0	CR	MAX	ACOCONUT2.jpg	ACOCONUT2.jpg	NOKEY	MAX	NOKEY
1445972223942	0	lts_1027L_11_01	11	01	1	334	0	0	0	CR	MAX	35311992.thl.jpg	35311992.thl.jpg	NOKEY	MAX	NOKEY
1445972227019	0	lts_1027L_11_01	11	01	1	335	0	0	0	CR	MAX	Aspecimenbot5.jpg	Aspecimenbot5.jpg	NOKEY	MAX	NOKEY
1445972230095	0	lts_1027L_11_01	11	01	1	336	0	0	0	CR	MAX	Amagnifyinglo.jpg	Amagnifyinglo.jpg	NOKEY	MAX	NOKEY
1445972231149	0	lts_1027L_11_01	11	01	1	337	16	1	1	Hit	578	16-first/pretzelsticks.jpg	pretzelsticks.jpg	SPACE	618	SPACE
1445972234241	0	lts_1027L_11_01	11	01	1	338	0	0	0	CR	MAX	32/Agourd8.jpg	Agourd8.jpg	NOKEY	MAX	NOKEY
1445972235295	0	lts_1027L_11_01	11	01	1	339	2	1	1	Hit	582	2-mul/pretzelsticks.jpg	pretzelsticks.jpg	SPACE	617	SPACE
1445972238371	0	lts_1027L_11_01	11	01	1	340	0	0	0	CR	MAX	8022057.thl.jpg	8022057.thl.jpg	NOKEY	MAX	NOKEY
1445972239591	0	lts_1027L_11_01	11	01	1	341	00	1	1	Hit	746	00-across/Aeasteregg14.jpg	Aeasteregg14.jpg	SPACE	786	SPACE
1445972242667	0	lts_1027L_11_01	11	01	1	342	0	0	0	CR	MAX	26684634.thl.jpg	26684634.thl.jpg	NOKEY	MAX	NOKEY
1445972245743	0	lts_1027L_11_01	11	01	1	343	0	0	0	CR	MAX	BeautyNBeast.jpg	BeautyNBeast.jpg	NOKEY	MAX	NOKEY
1445972248818	0	lts_1027L_11_01	11	01	1	344	0	0	0	CR	MAX	marshmallows.jpg	marshmallows.jpg	NOKEY	MAX	NOKEY
1445972251894	0	lts_1027L_11_01	11	01	1	345	128	1	0	Miss	MAX	128-4/AGLASSCAS.jpg	AGLASSCAS.jpg	NOKEY	MAX	SPACE
1445972254970	0	lts_1027L_11_01	11	01	1	346	0	0	0	CR	MAX	erasergum.jpg	erasergum.jpg	NOKEY	MAX	NOKEY
1445972258064	0	lts_1027L_11_01	11	01	1	347	8	1	0	Miss	MAX	8/thumb-mermaidfamilly.jpg	thumb-mermaidfamilly.jpg	NOKEY	MAX	SPACE
1445972261140	0	lts_1027L_11_01	11	01	1	348	0	0	0	CR	MAX	1/Agraduationh2.jpg	Agraduationh2.jpg	NOKEY	MAX	NOKEY
1445972262210	0	lts_1027L_11_01	11	01	1	349	1	1	1	Hit	599	1-11/Agraduationh2.jpg	Agraduationh2.jpg	SPACE	635	SPACE
1445972265286	0	lts_1027L_11_01	11	01	1	350	0	0	0	CR	MAX	ASERVICEB.jpg	ASERVICEB.jpg	NOKEY	MAX	NOKEY
1445972268362	0	lts_1027L_11_01	11	01	1	351	0	0	0	CR	MAX	1/AOUTHOUSE.jpg	AOUTHOUSE.jpg	NOKEY	MAX	NOKEY
1445972269349	0	lts_1027L_11_01	11	01	1	352	1	1	1	Hit	511	1-1/AOUTHOUSE.jpg	AOUTHOUSE.jpg	SPACE	550	SPACE
1445972272425	0	lts_1027L_11_01	11	01	1	353	0	0	0	CR	MAX	AICEAXE2.jpg	AICEAXE2.jpg	NOKEY	MAX	NOKEY
1445972275501	0	lts_1027L_11_01	11	01	1	354	0	0	0	CR	MAX	Abackpack11.jpg	Abackpack11.jpg	NOKEY	MAX	NOKEY
1445972276604	0	lts_1027L_11_01	11	01	1	355	8	1	1	Hit	623	8-first/thumb-mermaidfamilly.jpg	thumb-mermaidfamilly.jpg	SPACE	669	SPACE
1445972279680	0	lts_1027L_11_01	11	01	1	356	0	0	0	CR	MAX	32/Aintercom6.jpg	Aintercom6.jpg	NOKEY	MAX	NOKEY
1445972280683	0	lts_1027L_11_01	11	01	1	357	2	1	1	Hit	525	2-mul/thumb-mermaidfamilly.jpg	thumb-mermaidfamilly.jpg	SPACE	568	SPACE
1445972283759	0	lts_1027L_11_01	11	01	1	358	0	0	0	CR	MAX	driedbeans.jpg	driedbeans.jpg	NOKEY	MAX	NOKEY
1445972286834	0	lts_1027L_11_01	11	01	1	359	0	0	0	CR	MAX	AAGATE.jpg	AAGATE.jpg	NOKEY	MAX	NOKEY
1445972289910	0	lts_1027L_11_01	11	01	1	360	64	1	0	Miss	MAX	64-first/8020347.thl.jpg	8020347.thl.jpg	NOKEY	MAX	SPACE
1445972292986	0	lts_1027L_11_01	11	01	1	361	0	0	0	CR	MAX	Astapler12.jpg	Astapler12.jpg	NOKEY	MAX	NOKEY
1445972296064	0	lts_1027L_11_01	11	01	1	362	0	0	0	CR	MAX	8248852.thl.jpg	8248852.thl.jpg	NOKEY	MAX	NOKEY
1445972299140	0	lts_1027L_11_01	11	01	1	363	0	0	0	CR	MAX	Atoothbrush3.jpg	Atoothbrush3.jpg	NOKEY	MAX	NOKEY
1445972300159	0	lts_1027L_11_01	11	01	1	364	4	1	1	Hit	535	4-mul/8020347.thl.jpg	8020347.thl.jpg	SPACE	585	SPACE
1445972303235	0	lts_1027L_11_01	11	01	1	365	0	0	0	CR	MAX	16/medievalknight.jpg	medievalknight.jpg	NOKEY	MAX	NOKEY
1445972306312	0	lts_1027L_11_01	11	01	1	366	0	0	0	CR	MAX	Abreadrolls.jpg	Abreadrolls.jpg	NOKEY	MAX	NOKEY
1445972309388	0	lts_1027L_11_01	11	01	1	367	0	0	0	CR	MAX	1/ALITTERB2.jpg	ALITTERB2.jpg	NOKEY	MAX	NOKEY
1445972310458	0	lts_1027L_11_01	11	01	1	368	1	1	1	Hit	584	1-12/ALITTERB2.jpg	ALITTERB2.jpg	SPACE	635	SPACE
1445972313534	0	lts_1027L_11_01	11	01	1	369	0	0	0	CR	MAX	AWHISBARR.jpg	AWHISBARR.jpg	NOKEY	MAX	NOKEY
1445972314587	0	lts_1027L_11_01	11	01	1	370	32	1	1	Hit	582	32-5/Agourd8.jpg	Agourd8.jpg	SPACE	619	SPACE
1445972317663	0	lts_1027L_11_01	11	01	1	371	0	0	0	CR	MAX	Aonewaysign2.jpg	Aonewaysign2.jpg	NOKEY	MAX	NOKEY
1445972320739	0	lts_1027L_11_01	11	01	1	372	0	0	0	CR	MAX	mickeycap.jpg	mickeycap.jpg	NOKEY	MAX	NOKEY
1445972323815	0	lts_1027L_11_01	11	01	1	373	0	0	0	CR	MAX	AROUNDFR3.jpg	AROUNDFR3.jpg	NOKEY	MAX	NOKEY
1445972326890	0	lts_1027L_11_01	11	01	1	374	0	0	0	CR	MAX	AMAPLESYR.jpg	AMAPLESYR.jpg	NOKEY	MAX	NOKEY
1445972329966	0	lts_1027L_11_01	11	01	1	375	0	0	0	CR	MAX	26379161.thl.jpg	26379161.thl.jpg	NOKEY	MAX	NOKEY
1445972333043	0	lts_1027L_11_01	11	01	1	376	64	1	0	Miss	MAX	64-first/26424443.thl.jpg	26424443.thl.jpg	NOKEY	MAX	SPACE
1445972336119	0	lts_1027L_11_01	11	01	1	377	0	0	0	CR	MAX	Asafetyrope.jpg	Asafetyrope.jpg	NOKEY	MAX	NOKEY
1445972337223	0	lts_1027L_11_01	11	01	1	378	2	1	1	Hit	622	2-mul/26424443.thl.jpg	26424443.thl.jpg	SPACE	669	SPACE
1445972340299	0	lts_1027L_11_01	11	01	1	379	0	0	0	CR	MAX	AMECHHAN3.jpg	AMECHHAN3.jpg	NOKEY	MAX	NOKEY
1445972343375	0	lts_1027L_11_01	11	01	1	380	0	0	0	CR	MAX	26374713.thl.jpg	26374713.thl.jpg	NOKEY	MAX	NOKEY
1445972344445	0	lts_1027L_11_01	11	01	1	381	16	1	1	Hit	587	16-first/medievalknight.jpg	medievalknight.jpg	SPACE	636	SPACE
1445972347521	0	lts_1027L_11_01	11	01	1	382	0	0	0	CR	MAX	1/Aspinningwhe2.jpg	Aspinningwhe2.jpg	NOKEY	MAX	NOKEY
1445972348440	0	lts_1027L_11_01	11	01	1	383	1	1	1	Hit	435	1-2/Aspinningwhe2.jpg	Aspinningwhe2.jpg	SPACE	485	SPACE
1445972351516	0	lts_1027L_11_01	11	01	1	384	0	0	0	CR	MAX	scooter.jpg	scooter.jpg	NOKEY	MAX	NOKEY
1445972352486	0	lts_1027L_11_01	11	01	1	385	4	1	1	Hit	493	4-mul/medievalknight.jpg	medievalknight.jpg	SPACE	535	SPACE
1445972355562	0	lts_1027L_11_01	11	01	1	386	0	0	0	CR	MAX	Astonehome.jpg	Astonehome.jpg	NOKEY	MAX	NOKEY
1445972358638	0	lts_1027L_11_01	11	01	1	387	0	0	0	CR	MAX	ABROCHETT.jpg	ABROCHETT.jpg	NOKEY	MAX	NOKEY
1445972359775	0	lts_1027L_11_01	11	01	1	388	32	1	1	Hit	668	32-1/Aintercom6.jpg	Aintercom6.jpg	SPACE	702	SPACE
1445972362850	0	lts_1027L_11_01	11	01	1	389	0	0	0	CR	MAX	2/26387587.thl.jpg	26387587.thl.jpg	NOKEY	MAX	NOKEY
1445972365926	0	lts_1027L_11_01	11	01	1	390	0	0	0	CR	MAX	16/FJVWL.jpg	FJVWL.jpg	NOKEY	MAX	NOKEY
1445972366963	0	lts_1027L_11_01	11	01	1	391	2	1	1	Hit	562	2-9/26387587.thl.jpg	26387587.thl.jpg	SPACE	602	SPACE
1445972370040	0	lts_1027L_11_01	11	01	1	392	0	0	0	CR	MAX	Amistingwate3.jpg	Amistingwate3.jpg	NOKEY	MAX	NOKEY
1445972373116	0	lts_1027L_11_01	11	01	1	393	0	0	0	CR	MAX	AHOTPAD4.jpg	AHOTPAD4.jpg	NOKEY	MAX	NOKEY
1445972376192	0	lts_1027L_11_01	11	01	1	394	0	0	0	CR	MAX	16/Acrackersandc.jpg	Acrackersandc.jpg	NOKEY	MAX	NOKEY
1445972379268	0	lts_1027L_11_01	11	01	1	395	0	0	0	CR	MAX	Adiscoball2.jpg	Adiscoball2.jpg	NOKEY	MAX	NOKEY
1445972382344	0	lts_1027L_11_01	11	01	1	396	0	0	0	CR	MAX	8/Apairofrubbe3.jpg	Apairofrubbe3.jpg	NOKEY	MAX	NOKEY
1445972383581	0	lts_1027L_11_01	11	01	1	397	00	1	1	Hit	757	00-across/Abridge9.jpg	Abridge9.jpg	SPACE	803	SPACE
1445972386657	0	lts_1027L_11_01	11	01	1	398	0	0	0	CR	MAX	Afitting3.jpg	Afitting3.jpg	NOKEY	MAX	NOKEY
1445972389733	0	lts_1027L_11_01	11	01	1	399	0	0	0	CR	MAX	Ahourglass4.jpg	Ahourglass4.jpg	NOKEY	MAX	NOKEY
1445972391422	0	lts_1027L_11_01	11	01	1	400	0	0	1	FA	1202	AICESKAT8.jpg	AICESKAT8.jpg	SPACE	1254	NOKEY
1445972394498	0	lts_1027L_11_01	11	01	1	401	0	0	0	CR	MAX	16/ASNBRD2.jpg	ASNBRD2.jpg	NOKEY	MAX	NOKEY
1445972397574	0	lts_1027L_11_01	11	01	1	402	0	0	0	CR	MAX	Abinder6.jpg	Abinder6.jpg	NOKEY	MAX	NOKEY
1445972400650	0	lts_1027L_11_01	11	01	1	403	0	0	0	CR	MAX	AGONG12.jpg	AGONG12.jpg	NOKEY	MAX	NOKEY
1445972402071	0	lts_1027L_11_01	11	01	1	404	8	1	1	Hit	941	8-first/Apairofrubbe3.jpg	Apairofrubbe3.jpg	SPACE	987	SPACE
1445972405147	0	lts_1027L_11_01	11	01	1	405	0	0	0	CR	MAX	Achick9.jpg	Achick9.jpg	NOKEY	MAX	NOKEY
1445972408223	0	lts_1027L_11_01	11	01	1	406	16	1	0	Miss	MAX	16-first/FJVWL.jpg	FJVWL.jpg	NOKEY	MAX	SPACE
1445972411299	0	lts_1027L_11_01	11	01	1	407	0	0	0	CR	MAX	AWOODPYRA.jpg	AWOODPYRA.jpg	NOKEY	MAX	NOKEY
1445972412486	0	lts_1027L_11_01	11	01	1	408	4	1	1	Hit	712	4-mul/Apairofrubbe3.jpg	Apairofrubbe3.jpg	SPACE	752	SPACE
1445972415562	0	lts_1027L_11_01	11	01	1	409	0	0	0	CR	MAX	ACHEMSET3.jpg	ACHEMSET3.jpg	NOKEY	MAX	NOKEY
1445972416716	0	lts_1027L_11_01	11	01	1	410	16	1	1	Hit	671	16-first/Acrackersandc.jpg	Acrackersandc.jpg	SPACE	718	SPACE
1445972419792	0	lts_1027L_11_01	11	01	1	411	0	0	0	CR	MAX	26390325.thl.jpg	26390325.thl.jpg	NOKEY	MAX	NOKEY
1445972422867	0	lts_1027L_11_01	11	01	1	412	0	0	0	CR	MAX	26389125.thl.jpg	26389125.thl.jpg	NOKEY	MAX	NOKEY
1445972425943	0	lts_1027L_11_01	11	01	1	413	0	0	0	CR	MAX	32/10053101.thm.jpg	10053101.thm.jpg	NOKEY	MAX	NOKEY
1445972426979	0	lts_1027L_11_01	11	01	1	414	4	1	1	Hit	557	4-mul/Acrackersandc.jpg	Acrackersandc.jpg	SPACE	603	SPACE
1445972430057	0	lts_1027L_11_01	11	01	1	415	0	0	0	CR	MAX	32/Agnu.jpg	Agnu.jpg	NOKEY	MAX	NOKEY
1445972433132	0	lts_1027L_11_01	11	01	1	416	0	0	0	CR	MAX	8/Acucumber2.jpg	Acucumber2.jpg	NOKEY	MAX	NOKEY
1445972434336	0	lts_1027L_11_01	11	01	1	417	16	1	1	Hit	723	16-first/ASNBRD2.jpg	ASNBRD2.jpg	SPACE	768	SPACE
1445972437412	0	lts_1027L_11_01	11	01	1	418	0	0	0	CR	MAX	Acomputerdes8.jpg	Acomputerdes8.jpg	NOKEY	MAX	NOKEY
1445972440488	0	lts_1027L_11_01	11	01	1	419	0	0	0	CR	MAX	26431205.thl.jpg	26431205.thl.jpg	NOKEY	MAX	NOKEY
1445972441608	0	lts_1027L_11_01	11	01	1	420	00	1	1	Hit	649	00-across/26461587.thl.jpg	26461587.thl.jpg	SPACE	685	SPACE
1445972444684	0	lts_1027L_11_01	11	01	1	421	0	0	0	CR	MAX	26423175.thl.jpg	26423175.thl.jpg	NOKEY	MAX	NOKEY
1445972445854	0	lts_1027L_11_01	11	01	1	422	16	1	1	Hit	669	16-mul/FJVWL.jpg	FJVWL.jpg	SPACE	719	SPACE
1445972448930	0	lts_1027L_11_01	11	01	1	423	0	0	0	CR	MAX	22827408.thl.jpg	22827408.thl.jpg	NOKEY	MAX	NOKEY
1445972450001	0	lts_1027L_11_01	11	01	1	424	8	1	1	Hit	574	8-first/Acucumber2.jpg	Acucumber2.jpg	SPACE	620	SPACE
1445972453077	0	lts_1027L_11_01	11	01	1	425	0	0	0	CR	MAX	gymvaulting2.jpg	gymvaulting2.jpg	NOKEY	MAX	NOKEY
1445972454197	0	lts_1027L_11_01	11	01	1	426	128	1	1	Hit	641	128-2/Chevypickup.jpg	Chevypickup.jpg	SPACE	686	SPACE
1445972457273	0	lts_1027L_11_01	11	01	1	427	0	0	0	CR	MAX	2/22825932.thl.jpg	22825932.thl.jpg	NOKEY	MAX	NOKEY
1445972460349	0	lts_1027L_11_01	11	01	1	428	0	0	0	CR	MAX	Afoodgrinder2.jpg	Afoodgrinder2.jpg	NOKEY	MAX	NOKEY
1445972461335	0	lts_1027L_11_01	11	01	1	429	2	1	1	Hit	513	2-7/22825932.thl.jpg	22825932.thl.jpg	SPACE	550	SPACE
1445972464411	0	lts_1027L_11_01	11	01	1	430	0	0	0	CR	MAX	AJEWELBO3.jpg	AJEWELBO3.jpg	NOKEY	MAX	NOKEY
1445972467487	0	lts_1027L_11_01	11	01	1	431	0	0	0	CR	MAX	AGLASSBAL.jpg	AGLASSBAL.jpg	NOKEY	MAX	NOKEY
1445972470563	0	lts_1027L_11_01	11	01	1	432	4	1	0	Miss	MAX	4/frog-a.jpg	frog-a.jpg	NOKEY	MAX	SPACE
1445972471667	0	lts_1027L_11_01	11	01	1	433	16	1	1	Hit	625	16-mul/ASNBRD2.jpg	ASNBRD2.jpg	SPACE	669	SPACE
1445972474743	0	lts_1027L_11_01	11	01	1	434	0	0	0	CR	MAX	heartchocolat.jpg	heartchocolat.jpg	NOKEY	MAX	NOKEY
1445972477818	0	lts_1027L_11_01	11	01	1	435	0	0	0	CR	MAX	26423652.thl.jpg	26423652.thl.jpg	NOKEY	MAX	NOKEY
1445972478772	0	lts_1027L_11_01	11	01	1	436	4	1	1	Hit	476	4-0/frog-a.jpg	frog-a.jpg	SPACE	519	SPACE
1445972481864	0	lts_1027L_11_01	11	01	1	437	0	0	0	CR	MAX	ALAUNHAMP.jpg	ALAUNHAMP.jpg	NOKEY	MAX	NOKEY
1445972484940	0	lts_1027L_11_01	11	01	1	438	128	1	0	Miss	MAX	128-3/ATHERMO4.jpg	ATHERMO4.jpg	NOKEY	MAX	SPACE
1445972488017	0	lts_1027L_11_01	11	01	1	439	0	0	0	CR	MAX	Achest20.jpg	Achest20.jpg	NOKEY	MAX	NOKEY
1445972489037	0	lts_1027L_11_01	11	01	1	440	16	1	1	Hit	541	16-mul/Acucumber2.jpg	Acucumber2.jpg	SPACE	586	SPACE
1445972492113	0	lts_1027L_11_01	11	01	1	441	0	0	0	CR	MAX	pacifierthermometer.jpg	pacifierthermometer.jpg	NOKEY	MAX	NOKEY
1445972495189	0	lts_1027L_11_01	11	01	1	442	0	0	0	CR	MAX	Aheadlightan2.jpg	Aheadlightan2.jpg	NOKEY	MAX	NOKEY
1445972498265	0	lts_1027L_11_01	11	01	1	443	0	0	0	CR	MAX	swingset.jpg	swingset.jpg	NOKEY	MAX	NOKEY
1445972501341	0	lts_1027L_11_01	11	01	1	444	0	0	0	CR	MAX	Acactusplant.jpg	Acactusplant.jpg	NOKEY	MAX	NOKEY
1445972504417	0	lts_1027L_11_01	11	01	1	445	32	1	0	Miss	MAX	32-6/10053101.thm.jpg	10053101.thm.jpg	NOKEY	MAX	SPACE
1445972507493	0	lts_1027L_11_01	11	01	1	446	0	0	0	CR	MAX	waterfilter.jpg	waterfilter.jpg	NOKEY	MAX	NOKEY
1445972508863	0	lts_1027L_11_01	11	01	1	447	32	1	1	Hit	885	32-7/Agnu.jpg	Agnu.jpg	SPACE	936	SPACE
1445972511939	0	lts_1027L_11_01	11	01	1	448	0	0	0	CR	MAX	ABEERBOT5.jpg	ABEERBOT5.jpg	NOKEY	MAX	NOKEY
1445972515016	0	lts_1027L_11_01	11	01	1	449	0	0	0	CR	MAX	ASTOOL.jpg	ASTOOL.jpg	NOKEY	MAX	NOKEY
1445972555370	0	E	Logging Ends
