1444241124924	0	B	Logging Begins
1444241248480	0	lts_1007I_03_01	03	01	0	0	0	0	0	CR	MAX	Acomputerpro3.jpg	Acomputerpro3.jpg	NOKEY	MAX	NOKEY
1444241251557	0	lts_1007I_03_01	03	01	0	1	0	0	0	CR	MAX	Acamerabag.jpg	Acamerabag.jpg	NOKEY	MAX	NOKEY
1444241254633	0	lts_1007I_03_01	03	01	0	2	0	0	0	CR	MAX	26428057.thl.jpg	26428057.thl.jpg	NOKEY	MAX	NOKEY
1444241257709	0	lts_1007I_03_01	03	01	0	3	0	0	0	CR	MAX	64/ALAZQUART.jpg	ALAZQUART.jpg	NOKEY	MAX	NOKEY
1444241260784	0	lts_1007I_03_01	03	01	0	4	0	0	0	CR	MAX	AWINTERH2.jpg	AWINTERH2.jpg	NOKEY	MAX	NOKEY
1444241263876	0	lts_1007I_03_01	03	01	0	5	0	0	0	CR	MAX	A1991CHE7.jpg	A1991CHE7.jpg	NOKEY	MAX	NOKEY
1444241266953	0	lts_1007I_03_01	03	01	0	6	0	0	0	CR	MAX	23016235.thl.jpg	23016235.thl.jpg	NOKEY	MAX	NOKEY
1444241270030	0	lts_1007I_03_01	03	01	0	7	0	0	0	CR	MAX	ADRUMSET3.jpg	ADRUMSET3.jpg	NOKEY	MAX	NOKEY
1444241273106	0	lts_1007I_03_01	03	01	0	8	0	0	0	CR	MAX	Aaircompress6.jpg	Aaircompress6.jpg	NOKEY	MAX	NOKEY
1444241276182	0	lts_1007I_03_01	03	01	0	9	0	0	0	CR	MAX	AEXERCBIK.jpg	AEXERCBIK.jpg	NOKEY	MAX	NOKEY
1444241279258	0	lts_1007I_03_01	03	01	0	10	0	0	0	CR	MAX	1/ADISHLID2.jpg	ADISHLID2.jpg	NOKEY	MAX	NOKEY
1444241280311	0	lts_1007I_03_01	03	01	0	11	1	1	1	Hit	567	1-0/ADISHLID2.jpg	ADISHLID2.jpg	SPACE	618	SPACE
1444241283387	0	lts_1007I_03_01	03	01	0	12	0	0	0	CR	MAX	2/Apostalscale2.jpg	Apostalscale2.jpg	NOKEY	MAX	NOKEY
1444241286463	0	lts_1007I_03_01	03	01	0	13	0	0	0	CR	MAX	23057742.thl.jpg	23057742.thl.jpg	NOKEY	MAX	NOKEY
1444241287633	0	lts_1007I_03_01	03	01	0	14	2	1	1	Hit	692	2-11/Apostalscale2.jpg	Apostalscale2.jpg	SPACE	735	SPACE
1444241290709	0	lts_1007I_03_01	03	01	0	15	0	0	0	CR	MAX	8/Agame3.jpg	Agame3.jpg	NOKEY	MAX	NOKEY
1444241293784	0	lts_1007I_03_01	03	01	0	16	0	0	0	CR	MAX	AMICRO67.jpg	AMICRO67.jpg	NOKEY	MAX	NOKEY
1444241296861	0	lts_1007I_03_01	03	01	0	17	0	0	0	CR	MAX	Anailbrush3.jpg	Anailbrush3.jpg	NOKEY	MAX	NOKEY
1444241299953	0	lts_1007I_03_01	03	01	0	18	0	0	0	CR	MAX	Aflower102.jpg	Aflower102.jpg	NOKEY	MAX	NOKEY
1444241303031	0	lts_1007I_03_01	03	01	0	19	0	0	0	CR	MAX	Adeer20.jpg	Adeer20.jpg	NOKEY	MAX	NOKEY
1444241306107	0	lts_1007I_03_01	03	01	0	20	0	0	0	CR	MAX	8245563.thl.jpg	8245563.thl.jpg	NOKEY	MAX	NOKEY
1444241309183	0	lts_1007I_03_01	03	01	0	21	0	0	0	CR	MAX	ABONGO3.jpg	ABONGO3.jpg	NOKEY	MAX	NOKEY
1444241312259	0	lts_1007I_03_01	03	01	0	22	0	0	0	CR	MAX	AANGLE.jpg	AANGLE.jpg	NOKEY	MAX	NOKEY
1444241313412	0	lts_1007I_03_01	03	01	0	23	8	1	1	Hit	673	8-first/Agame3.jpg	Agame3.jpg	SPACE	718	SPACE
1444241316488	0	lts_1007I_03_01	03	01	0	24	4	1	0	Miss	MAX	4/cd2-a.jpg	cd2-a.jpg	NOKEY	MAX	SPACE
1444241317575	0	lts_1007I_03_01	03	01	0	25	2	1	1	Hit	605	2-mul/Agame3.jpg	Agame3.jpg	SPACE	652	SPACE
1444241320651	0	lts_1007I_03_01	03	01	0	26	0	0	0	CR	MAX	22869624.thl.jpg	22869624.thl.jpg	NOKEY	MAX	NOKEY
1444241323727	0	lts_1007I_03_01	03	01	0	27	0	0	0	CR	MAX	8256530.thl.jpg	8256530.thl.jpg	NOKEY	MAX	NOKEY
1444241324829	0	lts_1007I_03_01	03	01	0	28	4	1	1	Hit	627	4-11/cd2-a.jpg	cd2-a.jpg	SPACE	669	SPACE
1444241327905	0	lts_1007I_03_01	03	01	0	29	0	0	0	CR	MAX	1/26378596.thl.jpg	26378596.thl.jpg	NOKEY	MAX	NOKEY
1444241328875	0	lts_1007I_03_01	03	01	0	30	1	1	1	Hit	486	1-8/26378596.thl.jpg	26378596.thl.jpg	SPACE	536	SPACE
1444241331968	0	lts_1007I_03_01	03	01	0	31	0	0	0	CR	MAX	rollerblades.jpg	rollerblades.jpg	NOKEY	MAX	NOKEY
1444241335045	0	lts_1007I_03_01	03	01	0	32	0	0	0	CR	MAX	16/APITCHE15.jpg	APITCHE15.jpg	NOKEY	MAX	NOKEY
1444241338121	0	lts_1007I_03_01	03	01	0	33	0	0	0	CR	MAX	8/26421368.thl.jpg	26421368.thl.jpg	NOKEY	MAX	NOKEY
1444241341197	0	lts_1007I_03_01	03	01	0	34	0	0	0	CR	MAX	ACLARINE5.jpg	ACLARINE5.jpg	NOKEY	MAX	NOKEY
1444241344273	0	lts_1007I_03_01	03	01	0	35	0	0	0	CR	MAX	23014927.thl.jpg	23014927.thl.jpg	NOKEY	MAX	NOKEY
1444241347349	0	lts_1007I_03_01	03	01	0	36	0	0	0	CR	MAX	16/Afaucet9.jpg	Afaucet9.jpg	NOKEY	MAX	NOKEY
1444241350425	0	lts_1007I_03_01	03	01	0	37	0	0	0	CR	MAX	2/Afrenchtoast5.jpg	Afrenchtoast5.jpg	NOKEY	MAX	NOKEY
1444241353501	0	lts_1007I_03_01	03	01	0	38	0	0	0	CR	MAX	128/26373735.thl.jpg	26373735.thl.jpg	NOKEY	MAX	NOKEY
1444241354588	0	lts_1007I_03_01	03	01	0	39	2	1	1	Hit	607	2-4/Afrenchtoast5.jpg	Afrenchtoast5.jpg	SPACE	652	SPACE
1444241357664	0	lts_1007I_03_01	03	01	0	40	0	0	0	CR	MAX	64/Abottleopener.jpg	Abottleopener.jpg	NOKEY	MAX	NOKEY
1444241358717	0	lts_1007I_03_01	03	01	0	41	8	1	1	Hit	584	8-first/26421368.thl.jpg	26421368.thl.jpg	SPACE	618	SPACE
1444241361792	0	lts_1007I_03_01	03	01	0	42	0	0	0	CR	MAX	Alei23.jpg	Alei23.jpg	NOKEY	MAX	NOKEY
1444241362779	0	lts_1007I_03_01	03	01	0	43	2	1	1	Hit	502	2-mul/26421368.thl.jpg	26421368.thl.jpg	SPACE	536	SPACE
1444241365855	0	lts_1007I_03_01	03	01	0	44	0	0	0	CR	MAX	22903568.thl.jpg	22903568.thl.jpg	NOKEY	MAX	NOKEY
1444241368931	0	lts_1007I_03_01	03	01	0	45	0	0	0	CR	MAX	ACURLIR13.jpg	ACURLIR13.jpg	NOKEY	MAX	NOKEY
1444241372008	0	lts_1007I_03_01	03	01	0	46	0	0	0	CR	MAX	AXMASTIN3.jpg	AXMASTIN3.jpg	NOKEY	MAX	NOKEY
1444241375084	0	lts_1007I_03_01	03	01	0	47	0	0	0	CR	MAX	22919000.thl.jpg	22919000.thl.jpg	NOKEY	MAX	NOKEY
1444241376087	0	lts_1007I_03_01	03	01	0	48	16	1	1	Hit	533	16-first/APITCHE15.jpg	APITCHE15.jpg	SPACE	569	SPACE
1444241379163	0	lts_1007I_03_01	03	01	0	49	0	0	0	CR	MAX	ALOAFBR4.jpg	ALOAFBR4.jpg	NOKEY	MAX	NOKEY
1444241380200	0	lts_1007I_03_01	03	01	0	50	2	1	1	Hit	558	2-mul/APITCHE15.jpg	APITCHE15.jpg	SPACE	600	SPACE
1444241383276	0	lts_1007I_03_01	03	01	0	51	0	0	0	CR	MAX	26431414.thl.jpg	26431414.thl.jpg	NOKEY	MAX	NOKEY
1444241384346	0	lts_1007I_03_01	03	01	0	52	16	1	1	Hit	592	16-0/Afaucet9.jpg	Afaucet9.jpg	SPACE	634	SPACE
1444241387422	0	lts_1007I_03_01	03	01	0	53	0	0	0	CR	MAX	Atombstone17.jpg	Atombstone17.jpg	NOKEY	MAX	NOKEY
1444241390514	0	lts_1007I_03_01	03	01	0	54	0	0	0	CR	MAX	Azebratoy2.jpg	Azebratoy2.jpg	NOKEY	MAX	NOKEY
1444241393590	0	lts_1007I_03_01	03	01	0	55	0	0	0	CR	MAX	128/iguana.jpg	iguana.jpg	NOKEY	MAX	NOKEY
1444241396666	0	lts_1007I_03_01	03	01	0	56	0	0	0	CR	MAX	2/26374055.thl.jpg	26374055.thl.jpg	NOKEY	MAX	NOKEY
1444241399742	0	lts_1007I_03_01	03	01	0	57	0	0	0	CR	MAX	Abicyclepump2.jpg	Abicyclepump2.jpg	NOKEY	MAX	NOKEY
1444241400895	0	lts_1007I_03_01	03	01	0	58	2	1	1	Hit	679	2-8/26374055.thl.jpg	26374055.thl.jpg	SPACE	720	SPACE
1444241403971	0	lts_1007I_03_01	03	01	0	59	0	0	0	CR	MAX	2/Aplantinpot4.jpg	Aplantinpot4.jpg	NOKEY	MAX	NOKEY
1444241407048	0	lts_1007I_03_01	03	01	0	60	0	0	0	CR	MAX	4/gymvaulting.jpg	gymvaulting.jpg	NOKEY	MAX	NOKEY
1444241408336	0	lts_1007I_03_01	03	01	0	61	2	1	1	Hit	811	2-12/Aplantinpot4.jpg	Aplantinpot4.jpg	SPACE	851	SPACE
1444241411428	0	lts_1007I_03_01	03	01	0	62	0	0	0	CR	MAX	Abulbprotect2.jpg	Abulbprotect2.jpg	NOKEY	MAX	NOKEY
1444241414504	0	lts_1007I_03_01	03	01	0	63	0	0	0	CR	MAX	Ataperecorde4.jpg	Ataperecorde4.jpg	NOKEY	MAX	NOKEY
1444241415574	0	lts_1007I_03_01	03	01	0	64	4	1	1	Hit	585	4-1/gymvaulting.jpg	gymvaulting.jpg	SPACE	635	SPACE
1444241418650	0	lts_1007I_03_01	03	01	0	65	0	0	0	CR	MAX	AFLAMMABL.jpg	AFLAMMABL.jpg	NOKEY	MAX	NOKEY
1444241421726	0	lts_1007I_03_01	03	01	0	66	0	0	0	CR	MAX	driedprune.jpg	driedprune.jpg	NOKEY	MAX	NOKEY
1444241423097	0	lts_1007I_03_01	03	01	0	67	64	1	1	Hit	893	64-first/ALAZQUART.jpg	ALAZQUART.jpg	SPACE	937	SPACE
1444241426173	0	lts_1007I_03_01	03	01	0	68	0	0	0	CR	MAX	26423786.thl.jpg	26423786.thl.jpg	NOKEY	MAX	NOKEY
1444241429249	0	lts_1007I_03_01	03	01	0	69	0	0	0	CR	MAX	32/AAIRGAUGE.jpg	AAIRGAUGE.jpg	NOKEY	MAX	NOKEY
1444241432325	0	lts_1007I_03_01	03	01	0	70	0	0	0	CR	MAX	imate.jpg	imate.jpg	NOKEY	MAX	NOKEY
1444241433379	0	lts_1007I_03_01	03	01	0	71	4	1	1	Hit	583	4-mul/ALAZQUART.jpg	ALAZQUART.jpg	SPACE	617	SPACE
1444241436455	0	lts_1007I_03_01	03	01	0	72	0	0	0	CR	MAX	26421572.thl.jpg	26421572.thl.jpg	NOKEY	MAX	NOKEY
1444241439531	0	lts_1007I_03_01	03	01	0	73	0	0	0	CR	MAX	Afirstaidkit3.jpg	Afirstaidkit3.jpg	NOKEY	MAX	NOKEY
1444241442607	0	lts_1007I_03_01	03	01	0	74	0	0	0	CR	MAX	Lanyard.jpg	Lanyard.jpg	NOKEY	MAX	NOKEY
1444241445683	0	lts_1007I_03_01	03	01	0	75	0	0	0	CR	MAX	2/26465824.thl.jpg	26465824.thl.jpg	NOKEY	MAX	NOKEY
1444241448775	0	lts_1007I_03_01	03	01	0	76	0	0	0	CR	MAX	Aelectricgri3.jpg	Aelectricgri3.jpg	NOKEY	MAX	NOKEY
1444241449861	0	lts_1007I_03_01	03	01	0	77	2	1	1	Hit	615	2-13/26465824.thl.jpg	26465824.thl.jpg	SPACE	653	SPACE
1444241452937	0	lts_1007I_03_01	03	01	0	78	0	0	0	CR	MAX	Aantiquevege3.jpg	Aantiquevege3.jpg	NOKEY	MAX	NOKEY
1444241454527	0	lts_1007I_03_01	03	01	0	79	0	0	1	FA	1109	AWREATH9.jpg	AWREATH9.jpg	SPACE	1154	NOKEY
1444241457603	0	lts_1007I_03_01	03	01	0	80	0	0	0	CR	MAX	AMINCOLLE.jpg	AMINCOLLE.jpg	NOKEY	MAX	NOKEY
1444241460679	0	lts_1007I_03_01	03	01	0	81	0	0	0	CR	MAX	128/26372465.thl.jpg	26372465.thl.jpg	NOKEY	MAX	NOKEY
1444241463754	0	lts_1007I_03_01	03	01	0	82	0	0	0	CR	MAX	4/22852032.thl.jpg	22852032.thl.jpg	NOKEY	MAX	NOKEY
1444241466830	0	lts_1007I_03_01	03	01	0	83	0	0	0	CR	MAX	legoblocks.jpg	legoblocks.jpg	NOKEY	MAX	NOKEY
1444241469906	0	lts_1007I_03_01	03	01	0	84	0	0	0	CR	MAX	32/8020414.thl.jpg	8020414.thl.jpg	NOKEY	MAX	NOKEY
1444241472982	0	lts_1007I_03_01	03	01	0	85	0	0	0	CR	MAX	Acork6.jpg	Acork6.jpg	NOKEY	MAX	NOKEY
1444241474203	0	lts_1007I_03_01	03	01	0	86	4	1	1	Hit	741	4-4/22852032.thl.jpg	22852032.thl.jpg	SPACE	785	SPACE
1444241477279	0	lts_1007I_03_01	03	01	0	87	0	0	0	CR	MAX	Atoypersonwi2.jpg	Atoypersonwi2.jpg	NOKEY	MAX	NOKEY
1444241480355	0	lts_1007I_03_01	03	01	0	88	0	0	0	CR	MAX	128/Amistingwate3.jpg	Amistingwate3.jpg	NOKEY	MAX	NOKEY
1444241483432	0	lts_1007I_03_01	03	01	0	89	0	0	0	CR	MAX	64/Atrowel42.jpg	Atrowel42.jpg	NOKEY	MAX	NOKEY
1444241486524	0	lts_1007I_03_01	03	01	0	90	0	0	0	CR	MAX	8/26466347.thl.jpg	26466347.thl.jpg	NOKEY	MAX	NOKEY
1444241489600	0	lts_1007I_03_01	03	01	0	91	0	0	0	CR	MAX	ACUSTMACH.jpg	ACUSTMACH.jpg	NOKEY	MAX	NOKEY
1444241492676	0	lts_1007I_03_01	03	01	0	92	0	0	0	CR	MAX	Agraduationh2.jpg	Agraduationh2.jpg	NOKEY	MAX	NOKEY
1444241495752	0	lts_1007I_03_01	03	01	0	93	0	0	0	CR	MAX	26374787.thl.jpg	26374787.thl.jpg	NOKEY	MAX	NOKEY
1444241498828	0	lts_1007I_03_01	03	01	0	94	0	0	0	CR	MAX	64/AFERRY5.jpg	AFERRY5.jpg	NOKEY	MAX	NOKEY
1444241501904	0	lts_1007I_03_01	03	01	0	95	0	0	0	CR	MAX	26424478.thl.jpg	26424478.thl.jpg	NOKEY	MAX	NOKEY
1444241504980	0	lts_1007I_03_01	03	01	0	96	0	0	0	CR	MAX	underwear.jpg	underwear.jpg	NOKEY	MAX	NOKEY
1444241508074	0	lts_1007I_03_01	03	01	0	97	0	0	0	CR	MAX	ASPACEHE8.jpg	ASPACEHE8.jpg	NOKEY	MAX	NOKEY
1444241509177	0	lts_1007I_03_01	03	01	0	98	8	1	1	Hit	625	8-first/26466347.thl.jpg	26466347.thl.jpg	SPACE	668	SPACE
1444241512253	0	lts_1007I_03_01	03	01	0	99	0	0	0	CR	MAX	26463767.thl.jpg	26463767.thl.jpg	NOKEY	MAX	NOKEY
1444241515329	0	lts_1007I_03_01	03	01	0	100	0	0	0	CR	MAX	32/ARAILLIGH.jpg	ARAILLIGH.jpg	NOKEY	MAX	NOKEY
1444241516833	0	lts_1007I_03_01	03	01	0	101	32	1	1	Hit	1034	32-1/AAIRGAUGE.jpg	AAIRGAUGE.jpg	SPACE	1070	SPACE
1444241519909	0	lts_1007I_03_01	03	01	0	102	0	0	0	CR	MAX	8/22887480.thl.jpg	22887480.thl.jpg	NOKEY	MAX	NOKEY
1444241522985	0	lts_1007I_03_01	03	01	0	103	0	0	0	CR	MAX	AANTMILK.jpg	AANTMILK.jpg	NOKEY	MAX	NOKEY
1444241524390	0	lts_1007I_03_01	03	01	0	104	64	1	1	Hit	923	64-first/Abottleopener.jpg	Abottleopener.jpg	SPACE	969	SPACE
1444241527466	0	lts_1007I_03_01	03	01	0	105	0	0	0	CR	MAX	fireextinguisher.jpg	fireextinguisher.jpg	NOKEY	MAX	NOKEY
1444241530542	0	lts_1007I_03_01	03	01	0	106	0	0	0	CR	MAX	Abowl74.jpg	Abowl74.jpg	NOKEY	MAX	NOKEY
1444241533618	0	lts_1007I_03_01	03	01	0	107	0	0	0	CR	MAX	16/26685596.thl.jpg	26685596.thl.jpg	NOKEY	MAX	NOKEY
1444241534655	0	lts_1007I_03_01	03	01	0	108	4	1	1	Hit	567	4-mul/Abottleopener.jpg	Abottleopener.jpg	SPACE	602	SPACE
1444241537731	0	lts_1007I_03_01	03	01	0	109	0	0	0	CR	MAX	ADOGSNACK.jpg	ADOGSNACK.jpg	NOKEY	MAX	NOKEY
1444241538783	0	lts_1007I_03_01	03	01	0	110	8	1	1	Hit	585	8-1/22887480.thl.jpg	22887480.thl.jpg	SPACE	620	SPACE
1444241541876	0	lts_1007I_03_01	03	01	0	111	0	0	0	CR	MAX	16/TTtvehiclesCyborg.jpg	TTtvehiclesCyborg.jpg	NOKEY	MAX	NOKEY
1444241544952	0	lts_1007I_03_01	03	01	0	112	0	0	0	CR	MAX	8/ATOOHOLDE.jpg	ATOOHOLDE.jpg	NOKEY	MAX	NOKEY
1444241548029	0	lts_1007I_03_01	03	01	0	113	0	0	0	CR	MAX	ABUDDHA18.jpg	ABUDDHA18.jpg	NOKEY	MAX	NOKEY
1444241549116	0	lts_1007I_03_01	03	01	0	114	16	1	1	Hit	607	16-mul/26466347.thl.jpg	26466347.thl.jpg	SPACE	652	SPACE
1444241552192	0	lts_1007I_03_01	03	01	0	115	0	0	0	CR	MAX	Aspraybottle4.jpg	Aspraybottle4.jpg	NOKEY	MAX	NOKEY
1444241553312	0	lts_1007I_03_01	03	01	0	116	32	1	1	Hit	643	32-7/8020414.thl.jpg	8020414.thl.jpg	SPACE	685	SPACE
1444241556388	0	lts_1007I_03_01	03	01	0	117	0	0	0	CR	MAX	096CM301000.jpg	096CM301000.jpg	NOKEY	MAX	NOKEY
1444241559464	0	lts_1007I_03_01	03	01	0	118	0	0	0	CR	MAX	ALOVSEA10.jpg	ALOVSEA10.jpg	NOKEY	MAX	NOKEY
1444241562540	0	lts_1007I_03_01	03	01	0	119	0	0	0	CR	MAX	Awinecase.jpg	Awinecase.jpg	NOKEY	MAX	NOKEY
1444241563693	0	lts_1007I_03_01	03	01	0	120	8	1	1	Hit	680	8-first/ATOOHOLDE.jpg	ATOOHOLDE.jpg	SPACE	719	SPACE
1444241566769	0	lts_1007I_03_01	03	01	0	121	0	0	0	CR	MAX	Aeggsandwich6.jpg	Aeggsandwich6.jpg	NOKEY	MAX	NOKEY
1444241569845	0	lts_1007I_03_01	03	01	0	122	0	0	0	CR	MAX	AHIBACHI.jpg	AHIBACHI.jpg	NOKEY	MAX	NOKEY
1444241571066	0	lts_1007I_03_01	03	01	0	123	16	1	1	Hit	743	16-first/26685596.thl.jpg	26685596.thl.jpg	SPACE	787	SPACE
1444241572303	0	lts_1007I_03_01	03	01	0	124	0	0	1	FA	765	ATHISEND4.jpg	ATHISEND4.jpg	SPACE	801	NOKEY
1444241575379	0	lts_1007I_03_01	03	01	0	125	0	0	0	CR	MAX	ACAESALAD.jpg	ACAESALAD.jpg	NOKEY	MAX	NOKEY
1444241578455	0	lts_1007I_03_01	03	01	0	126	0	0	0	CR	MAX	4/26440026.thl.jpg	26440026.thl.jpg	NOKEY	MAX	NOKEY
1444241581531	0	lts_1007I_03_01	03	01	0	127	16	1	0	Miss	MAX	16-first/TTtvehiclesCyborg.jpg	TTtvehiclesCyborg.jpg	NOKEY	MAX	SPACE
1444241584607	0	lts_1007I_03_01	03	01	0	128	0	0	0	CR	MAX	ATOASTE22.jpg	ATOASTE22.jpg	NOKEY	MAX	NOKEY
1444241587684	0	lts_1007I_03_01	03	01	0	129	0	0	0	CR	MAX	26375702.thl.jpg	26375702.thl.jpg	NOKEY	MAX	NOKEY
1444241588819	0	lts_1007I_03_01	03	01	0	130	4	1	1	Hit	658	4-8/26440026.thl.jpg	26440026.thl.jpg	SPACE	702	SPACE
1444241591895	0	lts_1007I_03_01	03	01	0	131	0	0	0	CR	MAX	Alampsanddes5.jpg	Alampsanddes5.jpg	NOKEY	MAX	NOKEY
1444241593033	0	lts_1007I_03_01	03	01	0	132	32	1	1	Hit	660	32-9/ARAILLIGH.jpg	ARAILLIGH.jpg	SPACE	703	SPACE
1444241596126	0	lts_1007I_03_01	03	01	0	133	0	0	0	CR	MAX	AEXECHAIR.jpg	AEXECHAIR.jpg	NOKEY	MAX	NOKEY
1444241599202	0	lts_1007I_03_01	03	01	0	134	0	0	0	CR	MAX	Abootscrubber.jpg	Abootscrubber.jpg	NOKEY	MAX	NOKEY
1444241602278	0	lts_1007I_03_01	03	01	0	135	0	0	0	CR	MAX	8059226.thl.jpg	8059226.thl.jpg	NOKEY	MAX	NOKEY
1444241603331	0	lts_1007I_03_01	03	01	0	136	16	1	1	Hit	572	16-mul/ATOOHOLDE.jpg	ATOOHOLDE.jpg	SPACE	617	SPACE
1444241606407	0	lts_1007I_03_01	03	01	0	137	0	0	0	CR	MAX	4/Acoffeebeans2.jpg	Acoffeebeans2.jpg	NOKEY	MAX	NOKEY
1444241609483	0	lts_1007I_03_01	03	01	0	138	0	0	0	CR	MAX	ACUSHIO60.jpg	ACUSHIO60.jpg	NOKEY	MAX	NOKEY
1444241610553	0	lts_1007I_03_01	03	01	0	139	16	1	1	Hit	591	16-mul/26685596.thl.jpg	26685596.thl.jpg	SPACE	635	SPACE
1444241613629	0	lts_1007I_03_01	03	01	0	140	0	0	0	CR	MAX	ABLOODCEA.jpg	ABLOODCEA.jpg	NOKEY	MAX	NOKEY
1444241614666	0	lts_1007I_03_01	03	01	0	141	4	1	1	Hit	565	4-10/Acoffeebeans2.jpg	Acoffeebeans2.jpg	SPACE	602	SPACE
1444241617758	0	lts_1007I_03_01	03	01	0	142	0	0	0	CR	MAX	AMETDETE2.jpg	AMETDETE2.jpg	NOKEY	MAX	NOKEY
1444241618844	0	lts_1007I_03_01	03	01	0	143	16	1	1	Hit	605	16-mul/TTtvehiclesCyborg.jpg	TTtvehiclesCyborg.jpg	SPACE	653	SPACE
1444241621920	0	lts_1007I_03_01	03	01	0	144	0	0	0	CR	MAX	128/euthsda.jpg	euthsda.jpg	NOKEY	MAX	NOKEY
1444241624996	0	lts_1007I_03_01	03	01	0	145	0	0	0	CR	MAX	Aoutdoorrece2.jpg	Aoutdoorrece2.jpg	NOKEY	MAX	NOKEY
1444241628090	0	lts_1007I_03_01	03	01	0	146	0	0	0	CR	MAX	AWEIGHTS3.jpg	AWEIGHTS3.jpg	NOKEY	MAX	NOKEY
1444241631166	0	lts_1007I_03_01	03	01	0	147	0	0	0	CR	MAX	Atoyparrot2.jpg	Atoyparrot2.jpg	NOKEY	MAX	NOKEY
1444241634242	0	lts_1007I_03_01	03	01	0	148	0	0	0	CR	MAX	32/Achildtoy2.jpg	Achildtoy2.jpg	NOKEY	MAX	NOKEY
1444241637318	0	lts_1007I_03_01	03	01	0	149	0	0	0	CR	MAX	2/26455774.thl.jpg	26455774.thl.jpg	NOKEY	MAX	NOKEY
1444241640394	0	lts_1007I_03_01	03	01	0	150	0	0	0	CR	MAX	Aflowerpot9.jpg	Aflowerpot9.jpg	NOKEY	MAX	NOKEY
1444241641581	0	lts_1007I_03_01	03	01	0	151	2	1	1	Hit	708	2-9/26455774.thl.jpg	26455774.thl.jpg	SPACE	752	SPACE
1444241644658	0	lts_1007I_03_01	03	01	0	152	0	0	0	CR	MAX	Adoorknocker2.jpg	Adoorknocker2.jpg	NOKEY	MAX	NOKEY
1444241647733	0	lts_1007I_03_01	03	01	0	153	64	1	0	Miss	MAX	64-first/Atrowel42.jpg	Atrowel42.jpg	NOKEY	MAX	SPACE
1444241650809	0	lts_1007I_03_01	03	01	0	154	0	0	0	CR	MAX	Ababtoy13.jpg	Ababtoy13.jpg	NOKEY	MAX	NOKEY
1444241651979	0	lts_1007I_03_01	03	01	0	155	2	1	1	Hit	701	2-mul/Atrowel42.jpg	Atrowel42.jpg	SPACE	737	SPACE
1444241655056	0	lts_1007I_03_01	03	01	0	156	0	0	0	CR	MAX	16/AJUG3.jpg	AJUG3.jpg	NOKEY	MAX	NOKEY
1444241658149	0	lts_1007I_03_01	03	01	0	157	0	0	0	CR	MAX	Aclamp62.jpg	Aclamp62.jpg	NOKEY	MAX	NOKEY
1444241661225	0	lts_1007I_03_01	03	01	0	158	64	1	0	Miss	MAX	64-first/AFERRY5.jpg	AFERRY5.jpg	NOKEY	MAX	SPACE
1444241664301	0	lts_1007I_03_01	03	01	0	159	0	0	0	CR	MAX	FJVWL.jpg	FJVWL.jpg	NOKEY	MAX	NOKEY
1444241665404	0	lts_1007I_03_01	03	01	0	160	2	1	1	Hit	620	2-mul/AFERRY5.jpg	AFERRY5.jpg	SPACE	668	SPACE
1444241666791	0	lts_1007I_03_01	03	01	0	161	0	0	1	FA	904	ACONSTHA2.jpg	ACONSTHA2.jpg	SPACE	953	NOKEY
1444241669867	0	lts_1007I_03_01	03	01	0	162	0	0	0	CR	MAX	1/ARECEIPT.jpg	ARECEIPT.jpg	NOKEY	MAX	NOKEY
1444241671055	0	lts_1007I_03_01	03	01	0	163	1	1	1	Hit	718	1-3/ARECEIPT.jpg	ARECEIPT.jpg	SPACE	754	SPACE
1444241674131	0	lts_1007I_03_01	03	01	0	164	0	0	0	CR	MAX	Adress6.jpg	Adress6.jpg	NOKEY	MAX	NOKEY
1444241677207	0	lts_1007I_03_01	03	01	0	165	0	0	0	CR	MAX	AFISHNET3.jpg	AFISHNET3.jpg	NOKEY	MAX	NOKEY
1444241678595	0	lts_1007I_03_01	03	01	0	166	128	1	1	Hit	908	128-2/26373735.thl.jpg	26373735.thl.jpg	SPACE	952	SPACE
1444241681671	0	lts_1007I_03_01	03	01	0	167	0	0	0	CR	MAX	64/AALMOND1.jpg	AALMOND1.jpg	NOKEY	MAX	NOKEY
1444241684746	0	lts_1007I_03_01	03	01	0	168	0	0	0	CR	MAX	32/ABAGFLOU3.jpg	ABAGFLOU3.jpg	NOKEY	MAX	NOKEY
1444241687838	0	lts_1007I_03_01	03	01	0	169	0	0	0	CR	MAX	Aswitch17.jpg	Aswitch17.jpg	NOKEY	MAX	NOKEY
1444241690915	0	lts_1007I_03_01	03	01	0	170	0	0	0	CR	MAX	ASNOWTOY2.jpg	ASNOWTOY2.jpg	NOKEY	MAX	NOKEY
1444241693991	0	lts_1007I_03_01	03	01	0	171	0	0	0	CR	MAX	ATINSTRAP.jpg	ATINSTRAP.jpg	NOKEY	MAX	NOKEY
1444241695112	0	lts_1007I_03_01	03	01	0	172	16	1	1	Hit	644	16-first/AJUG3.jpg	AJUG3.jpg	SPACE	686	SPACE
1444241698188	0	lts_1007I_03_01	03	01	0	173	0	0	0	CR	MAX	ACHINBRB4.jpg	ACHINBRB4.jpg	NOKEY	MAX	NOKEY
1444241701264	0	lts_1007I_03_01	03	01	0	174	0	0	0	CR	MAX	ALAMP45.jpg	ALAMP45.jpg	NOKEY	MAX	NOKEY
1444241704340	0	lts_1007I_03_01	03	01	0	175	0	0	0	CR	MAX	ARECORDC2.jpg	ARECORDC2.jpg	NOKEY	MAX	NOKEY
1444241705443	0	lts_1007I_03_01	03	01	0	176	4	1	1	Hit	634	4-mul/AJUG3.jpg	AJUG3.jpg	SPACE	669	SPACE
1444241708519	0	lts_1007I_03_01	03	01	0	177	0	0	0	CR	MAX	Atool152.jpg	Atool152.jpg	NOKEY	MAX	NOKEY
1444241711595	0	lts_1007I_03_01	03	01	0	178	0	0	0	CR	MAX	8/8022057.thl.jpg	8022057.thl.jpg	NOKEY	MAX	NOKEY
1444241714671	0	lts_1007I_03_01	03	01	0	179	0	0	0	CR	MAX	ACHALCED2.jpg	ACHALCED2.jpg	NOKEY	MAX	NOKEY
1444241715841	0	lts_1007I_03_01	03	01	0	180	32	1	1	Hit	696	32-2/Achildtoy2.jpg	Achildtoy2.jpg	SPACE	735	SPACE
1444241718917	0	lts_1007I_03_01	03	01	0	181	0	0	0	CR	MAX	AHANDPRE3.jpg	AHANDPRE3.jpg	NOKEY	MAX	NOKEY
1444241722010	0	lts_1007I_03_01	03	01	0	182	0	0	0	CR	MAX	AGERMANH4.jpg	AGERMANH4.jpg	NOKEY	MAX	NOKEY
1444241725087	0	lts_1007I_03_01	03	01	0	183	128	1	0	Miss	MAX	128-1/iguana.jpg	iguana.jpg	NOKEY	MAX	SPACE
1444241728163	0	lts_1007I_03_01	03	01	0	184	0	0	0	CR	MAX	ASCYTHE7.jpg	ASCYTHE7.jpg	NOKEY	MAX	NOKEY
1444241731239	0	lts_1007I_03_01	03	01	0	185	0	0	0	CR	MAX	Aadvcalen.jpg	Aadvcalen.jpg	NOKEY	MAX	NOKEY
1444241732442	0	lts_1007I_03_01	03	01	0	186	8	1	1	Hit	729	8-first/8022057.thl.jpg	8022057.thl.jpg	SPACE	769	SPACE
1444241735518	0	lts_1007I_03_01	03	01	0	187	0	0	0	CR	MAX	1/teepee.jpg	teepee.jpg	NOKEY	MAX	NOKEY
1444241736755	0	lts_1007I_03_01	03	01	0	188	1	1	1	Hit	767	1-9/teepee.jpg	teepee.jpg	SPACE	802	SPACE
1444241739831	0	lts_1007I_03_01	03	01	0	189	0	0	0	CR	MAX	Atoyhorse2.jpg	Atoyhorse2.jpg	NOKEY	MAX	NOKEY
1444241740934	0	lts_1007I_03_01	03	01	0	190	4	1	1	Hit	628	4-mul/8022057.thl.jpg	8022057.thl.jpg	SPACE	670	SPACE
1444241744011	0	lts_1007I_03_01	03	01	0	191	0	0	0	CR	MAX	retainertheeth.jpg	retainertheeth.jpg	NOKEY	MAX	NOKEY
1444241747087	0	lts_1007I_03_01	03	01	0	192	0	0	0	CR	MAX	ABARBCHA3.jpg	ABARBCHA3.jpg	NOKEY	MAX	NOKEY
1444241750163	0	lts_1007I_03_01	03	01	0	193	0	0	0	CR	MAX	Ajar33.jpg	Ajar33.jpg	NOKEY	MAX	NOKEY
1444241753239	0	lts_1007I_03_01	03	01	0	194	0	0	0	CR	MAX	32/ATABLES5.jpg	ATABLES5.jpg	NOKEY	MAX	NOKEY
1444241756315	0	lts_1007I_03_01	03	01	0	195	0	0	0	CR	MAX	Araisins4.jpg	Araisins4.jpg	NOKEY	MAX	NOKEY
1444241759391	0	lts_1007I_03_01	03	01	0	196	0	0	0	CR	MAX	16/ABATHSTE2.jpg	ABATHSTE2.jpg	NOKEY	MAX	NOKEY
1444241762468	0	lts_1007I_03_01	03	01	0	197	0	0	0	CR	MAX	26423905.thl.jpg	26423905.thl.jpg	NOKEY	MAX	NOKEY
1444241765544	0	lts_1007I_03_01	03	01	0	198	0	0	0	CR	MAX	Aantiquesofa4.jpg	Aantiquesofa4.jpg	NOKEY	MAX	NOKEY
1444241768620	0	lts_1007I_03_01	03	01	0	199	0	0	0	CR	MAX	candy3.jpg	candy3.jpg	NOKEY	MAX	NOKEY
1444241771696	0	lts_1007I_03_01	03	01	0	200	32	1	0	Miss	MAX	32-3/ABAGFLOU3.jpg	ABAGFLOU3.jpg	NOKEY	MAX	SPACE
1444241774771	0	lts_1007I_03_01	03	01	0	201	0	0	0	CR	MAX	AANALCIME.jpg	AANALCIME.jpg	NOKEY	MAX	NOKEY
1444241777847	0	lts_1007I_03_01	03	01	0	202	0	0	0	CR	MAX	2/AREDPLUM.jpg	AREDPLUM.jpg	NOKEY	MAX	NOKEY
1444241780923	0	lts_1007I_03_01	03	01	0	203	0	0	0	CR	MAX	asparagus.jpg	asparagus.jpg	NOKEY	MAX	NOKEY
1444241782529	0	lts_1007I_03_01	03	01	0	204	2	1	1	Hit	1125	2-6/AREDPLUM.jpg	AREDPLUM.jpg	SPACE	1172	SPACE
1444241785605	0	lts_1007I_03_01	03	01	0	205	0	0	0	CR	MAX	seasponge.jpg	seasponge.jpg	NOKEY	MAX	NOKEY
1444241788681	0	lts_1007I_03_01	03	01	0	206	0	0	0	CR	MAX	Atoybucketan4.jpg	Atoybucketan4.jpg	NOKEY	MAX	NOKEY
1444241791773	0	lts_1007I_03_01	03	01	0	207	0	0	0	CR	MAX	buffalowings.jpg	buffalowings.jpg	NOKEY	MAX	NOKEY
1444241794849	0	lts_1007I_03_01	03	01	0	208	0	0	0	CR	MAX	Astreetlampwi.jpg	Astreetlampwi.jpg	NOKEY	MAX	NOKEY
1444241796170	0	lts_1007I_03_01	03	01	0	209	128	1	1	Hit	839	128-6/26372465.thl.jpg	26372465.thl.jpg	SPACE	886	SPACE
1444241799246	0	lts_1007I_03_01	03	01	0	210	0	0	0	CR	MAX	Awhistl15.jpg	Awhistl15.jpg	NOKEY	MAX	NOKEY
1444241802323	0	lts_1007I_03_01	03	01	0	211	0	0	0	CR	MAX	B_orange.jpg	B_orange.jpg	NOKEY	MAX	NOKEY
1444241803393	0	lts_1007I_03_01	03	01	0	212	16	1	1	Hit	590	16-first/ABATHSTE2.jpg	ABATHSTE2.jpg	SPACE	634	SPACE
1444241804563	0	lts_1007I_03_01	03	01	0	213	0	0	1	FA	689	AMIXBOAR2.jpg	AMIXBOAR2.jpg	SPACE	736	NOKEY
1444241805582	0	lts_1007I_03_01	03	01	0	214	2	1	1	Hit	544	2-mul/ABATHSTE2.jpg	ABATHSTE2.jpg	SPACE	585	SPACE
1444241808659	0	lts_1007I_03_01	03	01	0	215	0	0	0	CR	MAX	ACPU2.jpg	ACPU2.jpg	NOKEY	MAX	NOKEY
1444241811734	0	lts_1007I_03_01	03	01	0	216	128	1	0	Miss	MAX	128-3/Amistingwate3.jpg	Amistingwate3.jpg	NOKEY	MAX	SPACE
1444241814810	0	lts_1007I_03_01	03	01	0	217	0	0	0	CR	MAX	2/26432148.thl.jpg	26432148.thl.jpg	NOKEY	MAX	NOKEY
1444241817886	0	lts_1007I_03_01	03	01	0	218	0	0	0	CR	MAX	ACAROSLI2.jpg	ACAROSLI2.jpg	NOKEY	MAX	NOKEY
1444241820962	0	lts_1007I_03_01	03	01	0	219	2	1	0	Miss	MAX	2-2/26432148.thl.jpg	26432148.thl.jpg	NOKEY	MAX	SPACE
1444241824039	0	lts_1007I_03_01	03	01	0	220	0	0	0	CR	MAX	Acroissant.jpg	Acroissant.jpg	NOKEY	MAX	NOKEY
1444241827132	0	lts_1007I_03_01	03	01	0	221	0	0	0	CR	MAX	AHOSPCAR3.jpg	AHOSPCAR3.jpg	NOKEY	MAX	NOKEY
1444241830208	0	lts_1007I_03_01	03	01	0	222	0	0	0	CR	MAX	Agarbagebin.jpg	Agarbagebin.jpg	NOKEY	MAX	NOKEY
1444241833284	0	lts_1007I_03_01	03	01	0	223	0	0	0	CR	MAX	APETROL2.jpg	APETROL2.jpg	NOKEY	MAX	NOKEY
1444241836377	0	lts_1007I_03_01	03	01	0	224	0	0	0	CR	MAX	AGUIRA.jpg	AGUIRA.jpg	NOKEY	MAX	NOKEY
1444241839453	0	lts_1007I_03_01	03	01	0	225	0	0	0	CR	MAX	22858860.thl.jpg	22858860.thl.jpg	NOKEY	MAX	NOKEY
1444241840756	0	lts_1007I_03_01	03	01	0	226	32	1	1	Hit	811	32-8/ATABLES5.jpg	ATABLES5.jpg	SPACE	853	SPACE
1444241843832	0	lts_1007I_03_01	03	01	0	227	0	0	0	CR	MAX	16/APANCAKE3.jpg	APANCAKE3.jpg	NOKEY	MAX	NOKEY
1444241846908	0	lts_1007I_03_01	03	01	0	228	0	0	0	CR	MAX	barssport.jpg	barssport.jpg	NOKEY	MAX	NOKEY
1444241849984	0	lts_1007I_03_01	03	01	0	229	0	0	0	CR	MAX	Atennisball2.jpg	Atennisball2.jpg	NOKEY	MAX	NOKEY
1444241853061	0	lts_1007I_03_01	03	01	0	230	0	0	0	CR	MAX	26431205.thl.jpg	26431205.thl.jpg	NOKEY	MAX	NOKEY
1444241854281	0	lts_1007I_03_01	03	01	0	231	64	1	1	Hit	750	64-first/AALMOND1.jpg	AALMOND1.jpg	SPACE	785	SPACE
1444241857357	0	lts_1007I_03_01	03	01	0	232	0	0	0	CR	MAX	128/potato.jpg	potato.jpg	NOKEY	MAX	NOKEY
1444241860433	0	lts_1007I_03_01	03	01	0	233	0	0	0	CR	MAX	23024623.thl.jpg	23024623.thl.jpg	NOKEY	MAX	NOKEY
1444241863510	0	lts_1007I_03_01	03	01	0	234	0	0	0	CR	MAX	ABRIDGE3.jpg	ABRIDGE3.jpg	NOKEY	MAX	NOKEY
1444241866586	0	lts_1007I_03_01	03	01	0	235	0	0	0	CR	MAX	4/APERSRUG.jpg	APERSRUG.jpg	NOKEY	MAX	NOKEY
1444241869662	0	lts_1007I_03_01	03	01	0	236	0	0	0	CR	MAX	gymvaulting2.jpg	gymvaulting2.jpg	NOKEY	MAX	NOKEY
1444241872737	0	lts_1007I_03_01	03	01	0	237	0	0	0	CR	MAX	8/Abowloffruit5.jpg	Abowloffruit5.jpg	NOKEY	MAX	NOKEY
1444241875829	0	lts_1007I_03_01	03	01	0	238	0	0	0	CR	MAX	AWILDPIG.jpg	AWILDPIG.jpg	NOKEY	MAX	NOKEY
1444241877135	0	lts_1007I_03_01	03	01	0	239	4	1	1	Hit	829	4-5/APERSRUG.jpg	APERSRUG.jpg	SPACE	870	SPACE
1444241880211	0	lts_1007I_03_01	03	01	0	240	0	0	0	CR	MAX	ALOOFA.jpg	ALOOFA.jpg	NOKEY	MAX	NOKEY
1444241883287	0	lts_1007I_03_01	03	01	0	241	0	0	0	CR	MAX	footballhelmet.jpg	footballhelmet.jpg	NOKEY	MAX	NOKEY
1444241886363	0	lts_1007I_03_01	03	01	0	242	0	0	0	CR	MAX	hatslmar.jpg	hatslmar.jpg	NOKEY	MAX	NOKEY
1444241887617	0	lts_1007I_03_01	03	01	0	243	16	1	1	Hit	776	16-first/APANCAKE3.jpg	APANCAKE3.jpg	SPACE	819	SPACE
1444241890693	0	lts_1007I_03_01	03	01	0	244	0	0	0	CR	MAX	Aconnector2.jpg	Aconnector2.jpg	NOKEY	MAX	NOKEY
1444241891879	0	lts_1007I_03_01	03	01	0	245	8	1	1	Hit	714	8-first/Abowloffruit5.jpg	Abowloffruit5.jpg	SPACE	752	SPACE
1444241894971	0	lts_1007I_03_01	03	01	0	246	0	0	0	CR	MAX	AELEPHAN7.jpg	AELEPHAN7.jpg	NOKEY	MAX	NOKEY
1444241896109	0	lts_1007I_03_01	03	01	0	247	16	1	1	Hit	652	16-mul/AALMOND1.jpg	AALMOND1.jpg	SPACE	703	SPACE
1444241899185	0	lts_1007I_03_01	03	01	0	248	0	0	0	CR	MAX	Achair611.jpg	Achair611.jpg	NOKEY	MAX	NOKEY
1444241900272	0	lts_1007I_03_01	03	01	0	249	4	1	1	Hit	601	4-mul/Abowloffruit5.jpg	Abowloffruit5.jpg	SPACE	651	SPACE
1444241903348	0	lts_1007I_03_01	03	01	0	250	0	0	0	CR	MAX	1/Afoodproces27.jpg	Afoodproces27.jpg	NOKEY	MAX	NOKEY
1444241904284	0	lts_1007I_03_01	03	01	0	251	1	1	1	Hit	450	1-12/Afoodproces27.jpg	Afoodproces27.jpg	SPACE	501	SPACE
1444241907360	0	lts_1007I_03_01	03	01	0	252	0	0	0	CR	MAX	4/AOPGLASS.jpg	AOPGLASS.jpg	NOKEY	MAX	NOKEY
1444241910436	0	lts_1007I_03_01	03	01	0	253	0	0	0	CR	MAX	ACHOPBOWL.jpg	ACHOPBOWL.jpg	NOKEY	MAX	NOKEY
1444241913512	0	lts_1007I_03_01	03	01	0	254	0	0	0	CR	MAX	Asewingpins.jpg	Asewingpins.jpg	NOKEY	MAX	NOKEY
1444241916588	0	lts_1007I_03_01	03	01	0	255	0	0	0	CR	MAX	Aancientstat3.jpg	Aancientstat3.jpg	NOKEY	MAX	NOKEY
1444241917741	0	lts_1007I_03_01	03	01	0	256	4	1	1	Hit	674	4-7/AOPGLASS.jpg	AOPGLASS.jpg	SPACE	719	SPACE
1444241920834	0	lts_1007I_03_01	03	01	0	257	0	0	0	CR	MAX	128/chocolatbox.jpg	chocolatbox.jpg	NOKEY	MAX	NOKEY
1444241923926	0	lts_1007I_03_01	03	01	0	258	0	0	0	CR	MAX	frog-a.jpg	frog-a.jpg	NOKEY	MAX	NOKEY
1444241924946	0	lts_1007I_03_01	03	01	0	259	16	1	1	Hit	537	16-mul/APANCAKE3.jpg	APANCAKE3.jpg	SPACE	586	SPACE
1444241928023	0	lts_1007I_03_01	03	01	0	260	0	0	0	CR	MAX	16/ACHESSPI4.jpg	ACHESSPI4.jpg	NOKEY	MAX	NOKEY
1444241931099	0	lts_1007I_03_01	03	01	0	261	0	0	0	CR	MAX	Acomputer11.jpg	Acomputer11.jpg	NOKEY	MAX	NOKEY
1444241934175	0	lts_1007I_03_01	03	01	0	262	0	0	0	CR	MAX	4/Adeer16.jpg	Adeer16.jpg	NOKEY	MAX	NOKEY
1444241937252	0	lts_1007I_03_01	03	01	0	263	0	0	0	CR	MAX	1/Awheelchair6.jpg	Awheelchair6.jpg	NOKEY	MAX	NOKEY
1444241938505	0	lts_1007I_03_01	03	01	0	264	1	1	1	Hit	773	1-10/Awheelchair6.jpg	Awheelchair6.jpg	SPACE	819	SPACE
1444241941581	0	lts_1007I_03_01	03	01	0	265	0	0	0	CR	MAX	Ametalstool2.jpg	Ametalstool2.jpg	NOKEY	MAX	NOKEY
1444241942985	0	lts_1007I_03_01	03	01	0	266	4	1	1	Hit	922	4-9/Adeer16.jpg	Adeer16.jpg	SPACE	970	SPACE
1444241946062	0	lts_1007I_03_01	03	01	0	267	0	0	0	CR	MAX	AGAME.jpg	AGAME.jpg	NOKEY	MAX	NOKEY
1444241949138	0	lts_1007I_03_01	03	01	0	268	0	0	0	CR	MAX	26461587.thl.jpg	26461587.thl.jpg	NOKEY	MAX	NOKEY
1444241952231	0	lts_1007I_03_01	03	01	0	269	0	0	0	CR	MAX	1/Adice10.jpg	Adice10.jpg	NOKEY	MAX	NOKEY
1444241953133	0	lts_1007I_03_01	03	01	0	270	1	1	1	Hit	432	1-1/Adice10.jpg	Adice10.jpg	SPACE	468	SPACE
1444241956209	0	lts_1007I_03_01	03	01	0	271	0	0	0	CR	MAX	Abandage3.jpg	Abandage3.jpg	NOKEY	MAX	NOKEY
1444241957396	0	lts_1007I_03_01	03	01	0	272	128	1	1	Hit	708	128-7/euthsda.jpg	euthsda.jpg	SPACE	751	SPACE
1444241960472	0	lts_1007I_03_01	03	01	0	273	0	0	0	CR	MAX	64/Atoyworm.jpg	Atoyworm.jpg	NOKEY	MAX	NOKEY
1444241963549	0	lts_1007I_03_01	03	01	0	274	0	0	0	CR	MAX	Achair618.jpg	Achair618.jpg	NOKEY	MAX	NOKEY
1444241966625	0	lts_1007I_03_01	03	01	0	275	0	0	0	CR	MAX	64/ADECOSPO4.jpg	ADECOSPO4.jpg	NOKEY	MAX	NOKEY
1444241967711	0	lts_1007I_03_01	03	01	0	276	16	1	1	Hit	615	16-first/ACHESSPI4.jpg	ACHESSPI4.jpg	SPACE	652	SPACE
1444241970786	0	lts_1007I_03_01	03	01	0	277	0	0	0	CR	MAX	Aleaf74.jpg	Aleaf74.jpg	NOKEY	MAX	NOKEY
1444241972610	0	lts_1007I_03_01	03	01	0	278	0	0	1	FA	1353	battery.jpg	battery.jpg	SPACE	1388	NOKEY
1444241975686	0	lts_1007I_03_01	03	01	0	279	0	0	0	CR	MAX	Apaintedwood3.jpg	Apaintedwood3.jpg	NOKEY	MAX	NOKEY
1444241976738	0	lts_1007I_03_01	03	01	0	280	4	1	1	Hit	573	4-mul/ACHESSPI4.jpg	ACHESSPI4.jpg	SPACE	619	SPACE
1444241979814	0	lts_1007I_03_01	03	01	0	281	0	0	0	CR	MAX	AREDBEAN5.jpg	AREDBEAN5.jpg	NOKEY	MAX	NOKEY
1444241982907	0	lts_1007I_03_01	03	01	0	282	0	0	0	CR	MAX	22857084.thl.jpg	22857084.thl.jpg	NOKEY	MAX	NOKEY
1444241985983	0	lts_1007I_03_01	03	01	0	283	0	0	0	CR	MAX	AELECOVER.jpg	AELECOVER.jpg	NOKEY	MAX	NOKEY
1444241989077	0	lts_1007I_03_01	03	01	0	284	0	0	0	CR	MAX	8079958.thl.jpg	8079958.thl.jpg	NOKEY	MAX	NOKEY
1444241992153	0	lts_1007I_03_01	03	01	0	285	0	0	0	CR	MAX	1/Acementfinish.jpg	Acementfinish.jpg	NOKEY	MAX	NOKEY
1444241993790	0	lts_1007I_03_01	03	01	0	286	1	1	1	Hit	1163	1-14/Acementfinish.jpg	Acementfinish.jpg	SPACE	1204	SPACE
1444241996866	0	lts_1007I_03_01	03	01	0	287	0	0	0	CR	MAX	E_tractor.jpg	E_tractor.jpg	NOKEY	MAX	NOKEY
1444241999942	0	lts_1007I_03_01	03	01	0	288	0	0	0	CR	MAX	Ahappdec4.jpg	Ahappdec4.jpg	NOKEY	MAX	NOKEY
1444242003019	0	lts_1007I_03_01	03	01	0	289	0	0	0	CR	MAX	8/ADART3.jpg	ADART3.jpg	NOKEY	MAX	NOKEY
1444242006095	0	lts_1007I_03_01	03	01	0	290	0	0	0	CR	MAX	APILL.jpg	APILL.jpg	NOKEY	MAX	NOKEY
1444242009171	0	lts_1007I_03_01	03	01	0	291	0	0	0	CR	MAX	26421357.thl.jpg	26421357.thl.jpg	NOKEY	MAX	NOKEY
1444242012264	0	lts_1007I_03_01	03	01	0	292	0	0	0	CR	MAX	16/Aham6.jpg	Aham6.jpg	NOKEY	MAX	NOKEY
1444242015340	0	lts_1007I_03_01	03	01	0	293	0	0	0	CR	MAX	AEASEL22.jpg	AEASEL22.jpg	NOKEY	MAX	NOKEY
1444242018416	0	lts_1007I_03_01	03	01	0	294	0	0	0	CR	MAX	1/26429137.thl.jpg	26429137.thl.jpg	NOKEY	MAX	NOKEY
1444242019319	0	lts_1007I_03_01	03	01	0	295	1	1	1	Hit	425	1-13/26429137.thl.jpg	26429137.thl.jpg	SPACE	467	SPACE
1444242021676	0	lts_1007I_03_01	03	01	0	296	0	0	1	FA	1874	ASHAVING9.jpg	ASHAVING9.jpg	SPACE	1923	NOKEY
1444242022795	0	lts_1007I_03_01	03	01	0	297	8	1	1	Hit	646	8-first/ADART3.jpg	ADART3.jpg	SPACE	685	SPACE
1444242025871	0	lts_1007I_03_01	03	01	0	298	0	0	0	CR	MAX	32/ADOMINO.jpg	ADOMINO.jpg	NOKEY	MAX	NOKEY
1444242028947	0	lts_1007I_03_01	03	01	0	299	0	0	0	CR	MAX	4/Aruler12.jpg	Aruler12.jpg	NOKEY	MAX	NOKEY
1444242032024	0	lts_1007I_03_01	03	01	0	300	0	0	0	CR	MAX	64/D_golfcart.jpg	D_golfcart.jpg	NOKEY	MAX	NOKEY
1444242033028	0	lts_1007I_03_01	03	01	0	301	4	1	1	Hit	523	4-mul/ADART3.jpg	ADART3.jpg	SPACE	568	SPACE
1444242036104	0	lts_1007I_03_01	03	01	0	302	0	0	0	CR	MAX	32/blackjackcasinotable.jpg	blackjackcasinotable.jpg	NOKEY	MAX	NOKEY
1444242037157	0	lts_1007I_03_01	03	01	0	303	4	1	1	Hit	572	4-6/Aruler12.jpg	Aruler12.jpg	SPACE	618	SPACE
1444242040233	0	lts_1007I_03_01	03	01	0	304	0	0	0	CR	MAX	ANAPRINGS.jpg	ANAPRINGS.jpg	NOKEY	MAX	NOKEY
1444242043309	0	lts_1007I_03_01	03	01	0	305	0	0	0	CR	MAX	1/Anotepad9.jpg	Anotepad9.jpg	NOKEY	MAX	NOKEY
1444242044228	0	lts_1007I_03_01	03	01	0	306	1	1	1	Hit	449	1-4/Anotepad9.jpg	Anotepad9.jpg	SPACE	484	SPACE
1444242047304	0	lts_1007I_03_01	03	01	0	307	0	0	0	CR	MAX	8255336.thl.jpg	8255336.thl.jpg	NOKEY	MAX	NOKEY
1444242048425	0	lts_1007I_03_01	03	01	0	308	16	1	1	Hit	633	16-first/Aham6.jpg	Aham6.jpg	SPACE	685	SPACE
1444242051501	0	lts_1007I_03_01	03	01	0	309	0	0	0	CR	MAX	64/Abib2.jpg	Abib2.jpg	NOKEY	MAX	NOKEY
1444242052554	0	lts_1007I_03_01	03	01	0	310	2	1	1	Hit	572	2-mul/Aham6.jpg	Aham6.jpg	SPACE	619	SPACE
1444242055630	0	lts_1007I_03_01	03	01	0	311	0	0	0	CR	MAX	Awickerchair8.jpg	Awickerchair8.jpg	NOKEY	MAX	NOKEY
1444242058706	0	lts_1007I_03_01	03	01	0	312	0	0	0	CR	MAX	ACASKET5.jpg	ACASKET5.jpg	NOKEY	MAX	NOKEY
1444242061781	0	lts_1007I_03_01	03	01	0	313	0	0	0	CR	MAX	AJUMAR.jpg	AJUMAR.jpg	NOKEY	MAX	NOKEY
1444242064857	0	lts_1007I_03_01	03	01	0	314	0	0	0	CR	MAX	8/Adecorati133.jpg	Adecorati133.jpg	NOKEY	MAX	NOKEY
1444242067933	0	lts_1007I_03_01	03	01	0	315	0	0	0	CR	MAX	1/8048786.thl.jpg	8048786.thl.jpg	NOKEY	MAX	NOKEY
1444242068802	0	lts_1007I_03_01	03	01	0	316	1	1	1	Hit	391	1-6/8048786.thl.jpg	8048786.thl.jpg	SPACE	435	SPACE
1444242071878	0	lts_1007I_03_01	03	01	0	317	0	0	0	CR	MAX	128/pinecone02.jpg	pinecone02.jpg	NOKEY	MAX	NOKEY
1444242074955	0	lts_1007I_03_01	03	01	0	318	0	0	0	CR	MAX	2/26684827.thl.jpg	26684827.thl.jpg	NOKEY	MAX	NOKEY
1444242078032	0	lts_1007I_03_01	03	01	0	319	0	0	0	CR	MAX	ASPRITZER.jpg	ASPRITZER.jpg	NOKEY	MAX	NOKEY
1444242079068	0	lts_1007I_03_01	03	01	0	320	2	1	1	Hit	559	2-1/26684827.thl.jpg	26684827.thl.jpg	SPACE	602	SPACE
1444242082144	0	lts_1007I_03_01	03	01	0	321	0	0	0	CR	MAX	4/AFILEFOL4.jpg	AFILEFOL4.jpg	NOKEY	MAX	NOKEY
1444242083181	0	lts_1007I_03_01	03	01	0	322	8	1	1	Hit	557	8-2/Adecorati133.jpg	Adecorati133.jpg	SPACE	601	SPACE
1444242086274	0	lts_1007I_03_01	03	01	0	323	0	0	0	CR	MAX	AANTJUG.jpg	AANTJUG.jpg	NOKEY	MAX	NOKEY
1444242089350	0	lts_1007I_03_01	03	01	0	324	0	0	0	CR	MAX	spoon-a.jpg	spoon-a.jpg	NOKEY	MAX	NOKEY
1444242090453	0	lts_1007I_03_01	03	01	0	325	4	1	1	Hit	625	4-0/AFILEFOL4.jpg	AFILEFOL4.jpg	SPACE	669	SPACE
1444242093529	0	lts_1007I_03_01	03	01	0	326	0	0	0	CR	MAX	kotsltd.jpg	kotsltd.jpg	NOKEY	MAX	NOKEY
1444242096605	0	lts_1007I_03_01	03	01	0	327	0	0	0	CR	MAX	Atoy63.jpg	Atoy63.jpg	NOKEY	MAX	NOKEY
1444242099681	0	lts_1007I_03_01	03	01	0	328	0	0	0	CR	MAX	Aplasticbott3.jpg	Aplasticbott3.jpg	NOKEY	MAX	NOKEY
1444242102756	0	lts_1007I_03_01	03	01	0	329	0	0	0	CR	MAX	ASNBRD2.jpg	ASNBRD2.jpg	NOKEY	MAX	NOKEY
1444242103960	0	lts_1007I_03_01	03	01	0	330	32	1	1	Hit	727	32-6/ADOMINO.jpg	ADOMINO.jpg	SPACE	770	SPACE
1444242107054	0	lts_1007I_03_01	03	01	0	331	0	0	0	CR	MAX	1/Astroboscope5.jpg	Astroboscope5.jpg	NOKEY	MAX	NOKEY
1444242108408	0	lts_1007I_03_01	03	01	0	332	1	1	1	Hit	868	1-11/Astroboscope5.jpg	Astroboscope5.jpg	SPACE	919	SPACE
1444242111484	0	lts_1007I_03_01	03	01	0	333	0	0	0	CR	MAX	ABRANCHES.jpg	ABRANCHES.jpg	NOKEY	MAX	NOKEY
1444242112587	0	lts_1007I_03_01	03	01	0	334	32	1	1	Hit	621	32-4/blackjackcasinotable.jpg	blackjackcasinotable.jpg	SPACE	669	SPACE
1444242115663	0	lts_1007I_03_01	03	01	0	335	0	0	0	CR	MAX	8/Ahappbirt.jpg	Ahappbirt.jpg	NOKEY	MAX	NOKEY
1444242118738	0	lts_1007I_03_01	03	01	0	336	0	0	0	CR	MAX	AGLASSFL4.jpg	AGLASSFL4.jpg	NOKEY	MAX	NOKEY
1444242119808	0	lts_1007I_03_01	03	01	0	337	64	1	1	Hit	598	64-first/Atoyworm.jpg	Atoyworm.jpg	SPACE	636	SPACE
1444242122884	0	lts_1007I_03_01	03	01	0	338	0	0	0	CR	MAX	Agreencup2.jpg	Agreencup2.jpg	NOKEY	MAX	NOKEY
1444242124006	0	lts_1007I_03_01	03	01	0	339	64	1	1	Hit	645	64-first/ADECOSPO4.jpg	ADECOSPO4.jpg	SPACE	686	SPACE
1444242127082	0	lts_1007I_03_01	03	01	0	340	0	0	0	CR	MAX	Asandwichiro2.jpg	Asandwichiro2.jpg	NOKEY	MAX	NOKEY
1444242130158	0	lts_1007I_03_01	03	01	0	341	0	0	0	CR	MAX	22924880.thl.jpg	22924880.thl.jpg	NOKEY	MAX	NOKEY
1444242133234	0	lts_1007I_03_01	03	01	0	342	0	0	0	CR	MAX	ARETRACT2.jpg	ARETRACT2.jpg	NOKEY	MAX	NOKEY
1444242136310	0	lts_1007I_03_01	03	01	0	343	8	1	0	Miss	MAX	8-0/Ahappbirt.jpg	Ahappbirt.jpg	NOKEY	MAX	SPACE
1444242139386	0	lts_1007I_03_01	03	01	0	344	0	0	0	CR	MAX	AANSHIEL4.jpg	AANSHIEL4.jpg	NOKEY	MAX	NOKEY
1444242142462	0	lts_1007I_03_01	03	01	0	345	0	0	0	CR	MAX	2/outdoorheater.jpg	outdoorheater.jpg	NOKEY	MAX	NOKEY
1444242143815	0	lts_1007I_03_01	03	01	0	346	0	0	1	FA	857	Atripod5.jpg	Atripod5.jpg	SPACE	903	NOKEY
1444242144851	0	lts_1007I_03_01	03	01	0	347	2	1	1	Hit	552	2-7/outdoorheater.jpg	outdoorheater.jpg	SPACE	602	SPACE
1444242147928	0	lts_1007I_03_01	03	01	0	348	0	0	0	CR	MAX	AANTRAD24.jpg	AANTRAD24.jpg	NOKEY	MAX	NOKEY
1444242149283	0	lts_1007I_03_01	03	01	0	349	0	0	1	FA	885	2/Aspoonofsug11.jpg	Aspoonofsug11.jpg	SPACE	919	NOKEY
1444242152359	0	lts_1007I_03_01	03	01	0	350	0	0	0	CR	MAX	22849284.thl.jpg	22849284.thl.jpg	NOKEY	MAX	NOKEY
1444242153429	0	lts_1007I_03_01	03	01	0	351	2	1	1	Hit	589	2-5/Aspoonofsug11.jpg	Aspoonofsug11.jpg	SPACE	636	SPACE
1444242156505	0	lts_1007I_03_01	03	01	0	352	0	0	0	CR	MAX	ATICKETBO.jpg	ATICKETBO.jpg	NOKEY	MAX	NOKEY
1444242157541	0	lts_1007I_03_01	03	01	0	353	16	1	1	Hit	553	16-mul/Atoyworm.jpg	Atoyworm.jpg	SPACE	602	SPACE
1444242160617	0	lts_1007I_03_01	03	01	0	354	0	0	0	CR	MAX	gun.jpg	gun.jpg	NOKEY	MAX	NOKEY
1444242161736	0	lts_1007I_03_01	03	01	0	355	16	1	1	Hit	639	16-mul/ADECOSPO4.jpg	ADECOSPO4.jpg	SPACE	685	SPACE
1444242164812	0	lts_1007I_03_01	03	01	0	356	0	0	0	CR	MAX	satellitedirecttc.jpg	satellitedirecttc.jpg	NOKEY	MAX	NOKEY
1444242167889	0	lts_1007I_03_01	03	01	0	357	0	0	0	CR	MAX	32/AMAILBOX9.jpg	AMAILBOX9.jpg	NOKEY	MAX	NOKEY
1444242170965	0	lts_1007I_03_01	03	01	0	358	0	0	0	CR	MAX	tuxedo.jpg	tuxedo.jpg	NOKEY	MAX	NOKEY
1444242172804	0	lts_1007I_03_01	03	01	0	359	0	0	1	FA	1368	Atool62.jpg	Atool62.jpg	SPACE	1405	NOKEY
1444242173924	0	lts_1007I_03_01	03	01	0	360	128	1	1	Hit	642	128-0/potato.jpg	potato.jpg	SPACE	687	SPACE
1444242177001	0	lts_1007I_03_01	03	01	0	361	0	0	0	CR	MAX	ABAROMET2.jpg	ABAROMET2.jpg	NOKEY	MAX	NOKEY
1444242180077	0	lts_1007I_03_01	03	01	0	362	0	0	0	CR	MAX	Brusselssprouts.jpg	Brusselssprouts.jpg	NOKEY	MAX	NOKEY
1444242183153	0	lts_1007I_03_01	03	01	0	363	0	0	0	CR	MAX	licorice.jpg	licorice.jpg	NOKEY	MAX	NOKEY
1444242184206	0	lts_1007I_03_01	03	01	0	364	64	1	1	Hit	578	64-first/D_golfcart.jpg	D_golfcart.jpg	SPACE	618	SPACE
1444242187299	0	lts_1007I_03_01	03	01	0	365	0	0	0	CR	MAX	chocolatebar.jpg	chocolatebar.jpg	NOKEY	MAX	NOKEY
1444242188369	0	lts_1007I_03_01	03	01	0	366	2	1	1	Hit	593	2-mul/D_golfcart.jpg	D_golfcart.jpg	SPACE	635	SPACE
1444242191445	0	lts_1007I_03_01	03	01	0	367	0	0	0	CR	MAX	shield.jpg	shield.jpg	NOKEY	MAX	NOKEY
1444242194521	0	lts_1007I_03_01	03	01	0	368	0	0	0	CR	MAX	1/Alifebuo3.jpg	Alifebuo3.jpg	NOKEY	MAX	NOKEY
1444242196159	0	lts_1007I_03_01	03	01	0	369	1	1	1	Hit	1160	1-5/Alifebuo3.jpg	Alifebuo3.jpg	SPACE	1203	SPACE
1444242199235	0	lts_1007I_03_01	03	01	0	370	0	0	0	CR	MAX	ABREADMAC.jpg	ABREADMAC.jpg	NOKEY	MAX	NOKEY
1444242202328	0	lts_1007I_03_01	03	01	0	371	0	0	0	CR	MAX	Agardeningshe.jpg	Agardeningshe.jpg	NOKEY	MAX	NOKEY
1444242205404	0	lts_1007I_03_01	03	01	0	372	0	0	0	CR	MAX	8/AADDBOOK.jpg	AADDBOOK.jpg	NOKEY	MAX	NOKEY
1444242206474	0	lts_1007I_03_01	03	01	0	373	64	1	1	Hit	597	64-first/Abib2.jpg	Abib2.jpg	SPACE	635	SPACE
1444242209550	0	lts_1007I_03_01	03	01	0	374	0	0	0	CR	MAX	ABLACKB12.jpg	ABLACKB12.jpg	NOKEY	MAX	NOKEY
1444242212626	0	lts_1007I_03_01	03	01	0	375	0	0	0	CR	MAX	Abuilding5.jpg	Abuilding5.jpg	NOKEY	MAX	NOKEY
1444242215702	0	lts_1007I_03_01	03	01	0	376	0	0	0	CR	MAX	AKEYHOL10.jpg	AKEYHOL10.jpg	NOKEY	MAX	NOKEY
1444242216705	0	lts_1007I_03_01	03	01	0	377	4	1	1	Hit	520	4-mul/Abib2.jpg	Abib2.jpg	SPACE	568	SPACE
1444242219780	0	lts_1007I_03_01	03	01	0	378	0	0	0	CR	MAX	AFRYINGP2.jpg	AFRYINGP2.jpg	NOKEY	MAX	NOKEY
1444242222856	0	lts_1007I_03_01	03	01	0	379	0	0	0	CR	MAX	26424133.thl.jpg	26424133.thl.jpg	NOKEY	MAX	NOKEY
1444242223977	0	lts_1007I_03_01	03	01	0	380	8	1	1	Hit	630	8-first/AADDBOOK.jpg	AADDBOOK.jpg	SPACE	670	SPACE
1444242227054	0	lts_1007I_03_01	03	01	0	381	0	0	0	CR	MAX	APROSTLE2.jpg	APROSTLE2.jpg	NOKEY	MAX	NOKEY
1444242230130	0	lts_1007I_03_01	03	01	0	382	0	0	0	CR	MAX	Aspecimenbot5.jpg	Aspecimenbot5.jpg	NOKEY	MAX	NOKEY
1444242233206	0	lts_1007I_03_01	03	01	0	383	0	0	0	CR	MAX	16/Awoodenhamme8.jpg	Awoodenhamme8.jpg	NOKEY	MAX	NOKEY
1444242236282	0	lts_1007I_03_01	03	01	0	384	0	0	0	CR	MAX	Acomputerdes8.jpg	Acomputerdes8.jpg	NOKEY	MAX	NOKEY
1444242237819	0	lts_1007I_03_01	03	01	0	385	128	1	1	Hit	1059	128-4/chocolatbox.jpg	chocolatbox.jpg	SPACE	1104	SPACE
1444242240912	0	lts_1007I_03_01	03	01	0	386	0	0	0	CR	MAX	beachtowels.jpg	beachtowels.jpg	NOKEY	MAX	NOKEY
1444242243988	0	lts_1007I_03_01	03	01	0	387	0	0	0	CR	MAX	Agrilledmeata.jpg	Agrilledmeata.jpg	NOKEY	MAX	NOKEY
1444242247082	0	lts_1007I_03_01	03	01	0	388	0	0	0	CR	MAX	AMAGGLASS.jpg	AMAGGLASS.jpg	NOKEY	MAX	NOKEY
1444242248369	0	lts_1007I_03_01	03	01	0	389	32	1	1	Hit	806	32-0/AMAILBOX9.jpg	AMAILBOX9.jpg	SPACE	852	SPACE
1444242251445	0	lts_1007I_03_01	03	01	0	390	0	0	0	CR	MAX	largemacscreen.jpg	largemacscreen.jpg	NOKEY	MAX	NOKEY
1444242252731	0	lts_1007I_03_01	03	01	0	391	0	0	1	FA	809	Astereo30.jpg	Astereo30.jpg	SPACE	853	NOKEY
1444242255807	0	lts_1007I_03_01	03	01	0	392	0	0	0	CR	MAX	Arubberstampa.jpg	Arubberstampa.jpg	NOKEY	MAX	NOKEY
1444242258883	0	lts_1007I_03_01	03	01	0	393	0	0	0	CR	MAX	Aroadsignind3.jpg	Aroadsignind3.jpg	NOKEY	MAX	NOKEY
1444242261959	0	lts_1007I_03_01	03	01	0	394	0	0	0	CR	MAX	ABULDOZER.jpg	ABULDOZER.jpg	NOKEY	MAX	NOKEY
1444242265053	0	lts_1007I_03_01	03	01	0	395	32	1	0	Miss	MAX	32/DSCN6303-sm.jpg	DSCN6303-sm.jpg	NOKEY	MAX	SPACE
1444242266924	0	lts_1007I_03_01	03	01	0	396	16	1	1	Hit	1398	16-mul/AADDBOOK.jpg	AADDBOOK.jpg	SPACE	1437	SPACE
1444242270002	0	lts_1007I_03_01	03	01	0	397	0	0	0	CR	MAX	Acatheter.jpg	Acatheter.jpg	NOKEY	MAX	NOKEY
1444242273078	0	lts_1007I_03_01	03	01	0	398	0	0	0	CR	MAX	26423242.thl.jpg	26423242.thl.jpg	NOKEY	MAX	NOKEY
1444242274131	0	lts_1007I_03_01	03	01	0	399	16	1	1	Hit	572	16-first/Awoodenhamme8.jpg	Awoodenhamme8.jpg	SPACE	619	SPACE
1444242277207	0	lts_1007I_03_01	03	01	0	400	0	0	0	CR	MAX	ACOFFTRA2.jpg	ACOFFTRA2.jpg	NOKEY	MAX	NOKEY
1444242280283	0	lts_1007I_03_01	03	01	0	401	0	0	0	CR	MAX	AANTCASH3.jpg	AANTCASH3.jpg	NOKEY	MAX	NOKEY
1444242283376	0	lts_1007I_03_01	03	01	0	402	0	0	0	CR	MAX	8057434.thl.jpg	8057434.thl.jpg	NOKEY	MAX	NOKEY
1444242284379	0	lts_1007I_03_01	03	01	0	403	4	1	1	Hit	523	4-mul/Awoodenhamme8.jpg	Awoodenhamme8.jpg	SPACE	568	SPACE
1444242287455	0	lts_1007I_03_01	03	01	0	404	0	0	0	CR	MAX	2/ADRYWOOD.jpg	ADRYWOOD.jpg	NOKEY	MAX	NOKEY
1444242290531	0	lts_1007I_03_01	03	01	0	405	0	0	0	CR	MAX	Akitchentool2.jpg	Akitchentool2.jpg	NOKEY	MAX	NOKEY
1444242291651	0	lts_1007I_03_01	03	01	0	406	2	1	1	Hit	641	2-10/ADRYWOOD.jpg	ADRYWOOD.jpg	SPACE	685	SPACE
1444242294727	0	lts_1007I_03_01	03	01	0	407	0	0	0	CR	MAX	16/22822309.thl.jpg	22822309.thl.jpg	NOKEY	MAX	NOKEY
1444242296014	0	lts_1007I_03_01	03	01	0	408	0	0	1	FA	819	4/ADOCKPOST.jpg	ADOCKPOST.jpg	SPACE	853	NOKEY
1444242299090	0	lts_1007I_03_01	03	01	0	409	0	0	0	CR	MAX	Ajewisho2.jpg	Ajewisho2.jpg	NOKEY	MAX	NOKEY
1444242302167	0	lts_1007I_03_01	03	01	0	410	0	0	0	CR	MAX	4/ACOLOGNE.jpg	ACOLOGNE.jpg	NOKEY	MAX	NOKEY
1444242305243	0	lts_1007I_03_01	03	01	0	411	0	0	0	CR	MAX	8/AMEDCONTA.jpg	AMEDCONTA.jpg	NOKEY	MAX	NOKEY
1444242306396	0	lts_1007I_03_01	03	01	0	412	4	1	1	Hit	679	4-2/ADOCKPOST.jpg	ADOCKPOST.jpg	SPACE	718	SPACE
1444242309472	0	lts_1007I_03_01	03	01	0	413	0	0	0	CR	MAX	Ahippopotamu4.jpg	Ahippopotamu4.jpg	NOKEY	MAX	NOKEY
1444242311294	0	lts_1007I_03_01	03	01	0	414	4	1	1	Hit	1343	4-3/ACOLOGNE.jpg	ACOLOGNE.jpg	SPACE	1386	SPACE
1444242314371	0	lts_1007I_03_01	03	01	0	415	0	0	0	CR	MAX	1/baseball.JPG	baseball.JPG	NOKEY	MAX	NOKEY
1444242317447	0	lts_1007I_03_01	03	01	0	416	1	1	0	Miss	MAX	1-7/baseball.JPG	baseball.JPG	NOKEY	MAX	SPACE
1444242320523	0	lts_1007I_03_01	03	01	0	417	0	0	0	CR	MAX	Abreadrolls.jpg	Abreadrolls.jpg	NOKEY	MAX	NOKEY
1444242323599	0	lts_1007I_03_01	03	01	0	418	0	0	0	CR	MAX	948_01.jpg	948_01.jpg	NOKEY	MAX	NOKEY
1444242324868	0	lts_1007I_03_01	03	01	0	419	8	1	1	Hit	797	8-first/AMEDCONTA.jpg	AMEDCONTA.jpg	SPACE	836	SPACE
1444242326190	0	lts_1007I_03_01	03	01	0	420	0	0	1	FA	850	ADUNEBUGG.jpg	ADUNEBUGG.jpg	SPACE	886	NOKEY
1444242327126	0	lts_1007I_03_01	03	01	0	421	2	1	1	Hit	459	2-mul/AMEDCONTA.jpg	AMEDCONTA.jpg	SPACE	502	SPACE
1444242330202	0	lts_1007I_03_01	03	01	0	422	0	0	0	CR	MAX	Asafetyrope.jpg	Asafetyrope.jpg	NOKEY	MAX	NOKEY
1444242331890	0	lts_1007I_03_01	03	01	0	423	16	1	1	Hit	1200	16-1/22822309.thl.jpg	22822309.thl.jpg	SPACE	1237	SPACE
1444242334966	0	lts_1007I_03_01	03	01	0	424	0	0	0	CR	MAX	AHONEYJA2.jpg	AHONEYJA2.jpg	NOKEY	MAX	NOKEY
1444242338043	0	lts_1007I_03_01	03	01	0	425	0	0	0	CR	MAX	popcorn.jpg	popcorn.jpg	NOKEY	MAX	NOKEY
1444242341119	0	lts_1007I_03_01	03	01	0	426	0	0	0	CR	MAX	4/AHONEYSTI.jpg	AHONEYSTI.jpg	NOKEY	MAX	NOKEY
1444242342273	0	lts_1007I_03_01	03	01	0	427	32	1	1	Hit	672	32-5/DSCN6303-sm.jpg	DSCN6303-sm.jpg	SPACE	718	SPACE
1444242345349	0	lts_1007I_03_01	03	01	0	428	0	0	0	CR	MAX	Aadjustablec2.jpg	Aadjustablec2.jpg	NOKEY	MAX	NOKEY
1444242348425	0	lts_1007I_03_01	03	01	0	429	0	0	0	CR	MAX	26387587.thl.jpg	26387587.thl.jpg	NOKEY	MAX	NOKEY
1444242349695	0	lts_1007I_03_01	03	01	0	430	4	1	1	Hit	798	4-12/AHONEYSTI.jpg	AHONEYSTI.jpg	SPACE	836	SPACE
1444242352770	0	lts_1007I_03_01	03	01	0	431	0	0	0	CR	MAX	8245818.thl.jpg	8245818.thl.jpg	NOKEY	MAX	NOKEY
1444242355846	0	lts_1007I_03_01	03	01	0	432	0	0	0	CR	MAX	mangosplitter.jpg	mangosplitter.jpg	NOKEY	MAX	NOKEY
1444242358922	0	lts_1007I_03_01	03	01	0	433	0	0	0	CR	MAX	2/baseballbat04.jpg	baseballbat04.jpg	NOKEY	MAX	NOKEY
1444242361998	0	lts_1007I_03_01	03	01	0	434	0	0	0	CR	MAX	AFRAME15.jpg	AFRAME15.jpg	NOKEY	MAX	NOKEY
1444242363103	0	lts_1007I_03_01	03	01	0	435	2	1	1	Hit	632	2-0/baseballbat04.jpg	baseballbat04.jpg	SPACE	669	SPACE
1444242366179	0	lts_1007I_03_01	03	01	0	436	0	0	0	CR	MAX	Acannedaspa10.jpg	Acannedaspa10.jpg	NOKEY	MAX	NOKEY
1444242369255	0	lts_1007I_03_01	03	01	0	437	0	0	0	CR	MAX	1/APHONEFA2.jpg	APHONEFA2.jpg	NOKEY	MAX	NOKEY
1444242370425	0	lts_1007I_03_01	03	01	0	438	1	1	1	Hit	697	1-2/APHONEFA2.jpg	APHONEFA2.jpg	SPACE	736	SPACE
1444242373501	0	lts_1007I_03_01	03	01	0	439	0	0	0	CR	MAX	Aseahorse4.jpg	Aseahorse4.jpg	NOKEY	MAX	NOKEY
1444242375891	0	lts_1007I_03_01	03	01	0	440	0	0	1	FA	1917	2/Ajetski15.jpg	Ajetski15.jpg	SPACE	1956	NOKEY
1444242378967	0	lts_1007I_03_01	03	01	0	441	0	0	0	CR	MAX	Abells7.jpg	Abells7.jpg	NOKEY	MAX	NOKEY
1444242382044	0	lts_1007I_03_01	03	01	0	442	2	1	0	Miss	MAX	2-3/Ajetski15.jpg	Ajetski15.jpg	NOKEY	MAX	SPACE
1444242385120	0	lts_1007I_03_01	03	01	0	443	0	0	0	CR	MAX	Acandlehold17.jpg	Acandlehold17.jpg	NOKEY	MAX	NOKEY
1444242388196	0	lts_1007I_03_01	03	01	0	444	0	0	0	CR	MAX	AMECHHAN3.jpg	AMECHHAN3.jpg	NOKEY	MAX	NOKEY
1444242390018	0	lts_1007I_03_01	03	01	0	445	128	1	1	Hit	1345	128-5/pinecone02.jpg	pinecone02.jpg	SPACE	1387	SPACE
1444242393094	0	lts_1007I_03_01	03	01	0	446	0	0	0	CR	MAX	Acactusplant.jpg	Acactusplant.jpg	NOKEY	MAX	NOKEY
1444242396170	0	lts_1007I_03_01	03	01	0	447	0	0	0	CR	MAX	Aroadsignin15.jpg	Aroadsignin15.jpg	NOKEY	MAX	NOKEY
1444242399263	0	lts_1007I_03_01	03	01	0	448	0	0	0	CR	MAX	ASHADES11.jpg	ASHADES11.jpg	NOKEY	MAX	NOKEY
1444242402339	0	lts_1007I_03_01	03	01	0	449	0	0	0	CR	MAX	Akazoo2.jpg	Akazoo2.jpg	NOKEY	MAX	NOKEY
1444242410998	0	lts_1007I_03_01	03	01	1	0	0	0	0	CR	MAX	butternutsquash.jpg	butternutsquash.jpg	NOKEY	MAX	NOKEY
1444242414075	0	lts_1007I_03_01	03	01	1	1	0	0	0	CR	MAX	2/Aceramichous2.jpg	Aceramichous2.jpg	NOKEY	MAX	NOKEY
1444242417151	0	lts_1007I_03_01	03	01	1	2	0	0	0	CR	MAX	4/igloo.jpg	igloo.jpg	NOKEY	MAX	NOKEY
1444242418221	0	lts_1007I_03_01	03	01	1	3	2	1	1	Hit	589	2-8/Aceramichous2.jpg	Aceramichous2.jpg	SPACE	634	SPACE
1444242421297	0	lts_1007I_03_01	03	01	1	4	0	0	0	CR	MAX	Astonehome.jpg	Astonehome.jpg	NOKEY	MAX	NOKEY
1444242424373	0	lts_1007I_03_01	03	01	1	5	0	0	0	CR	MAX	26420979.thl.jpg	26420979.thl.jpg	NOKEY	MAX	NOKEY
1444242425527	0	lts_1007I_03_01	03	01	1	6	4	1	1	Hit	682	4-8/igloo.jpg	igloo.jpg	SPACE	719	SPACE
1444242428603	0	lts_1007I_03_01	03	01	1	7	0	0	0	CR	MAX	26421740.thl.jpg	26421740.thl.jpg	NOKEY	MAX	NOKEY
1444242431679	0	lts_1007I_03_01	03	01	1	8	0	0	0	CR	MAX	16/26379430.thl.jpg	26379430.thl.jpg	NOKEY	MAX	NOKEY
1444242433117	0	lts_1007I_03_01	03	01	1	9	00	1	1	Hit	967	00-across/Afaucet9.jpg	Afaucet9.jpg	SPACE	1004	SPACE
1444242436193	0	lts_1007I_03_01	03	01	1	10	0	0	0	CR	MAX	ALAUNHAMP.jpg	ALAUNHAMP.jpg	NOKEY	MAX	NOKEY
1444242439269	0	lts_1007I_03_01	03	01	1	11	0	0	0	CR	MAX	4/AMODELSA4.jpg	AMODELSA4.jpg	NOKEY	MAX	NOKEY
1444242442345	0	lts_1007I_03_01	03	01	1	12	0	0	0	CR	MAX	ATOASTOV2.jpg	ATOASTOV2.jpg	NOKEY	MAX	NOKEY
1444242445421	0	lts_1007I_03_01	03	01	1	13	0	0	0	CR	MAX	4/ABATHTUB3.jpg	ABATHTUB3.jpg	NOKEY	MAX	NOKEY
1444242448497	0	lts_1007I_03_01	03	01	1	14	0	0	0	CR	MAX	AOVEN.jpg	AOVEN.jpg	NOKEY	MAX	NOKEY
1444242449634	0	lts_1007I_03_01	03	01	1	15	4	1	1	Hit	655	4-11/AMODELSA4.jpg	AMODELSA4.jpg	SPACE	703	SPACE
1444242452710	0	lts_1007I_03_01	03	01	1	16	0	0	0	CR	MAX	Atoymoose.jpg	Atoymoose.jpg	NOKEY	MAX	NOKEY
1444242453795	0	lts_1007I_03_01	03	01	1	17	4	1	1	Hit	604	4-6/ABATHTUB3.jpg	ABATHTUB3.jpg	SPACE	652	SPACE
1444242456872	0	lts_1007I_03_01	03	01	1	18	0	0	0	CR	MAX	26437068.thl.jpg	26437068.thl.jpg	NOKEY	MAX	NOKEY
1444242459948	0	lts_1007I_03_01	03	01	1	19	0	0	0	CR	MAX	ACARMON.jpg	ACARMON.jpg	NOKEY	MAX	NOKEY
1444242463025	0	lts_1007I_03_01	03	01	1	20	0	0	0	CR	MAX	ACREPMAK3.jpg	ACREPMAK3.jpg	NOKEY	MAX	NOKEY
1444242464145	0	lts_1007I_03_01	03	01	1	21	00	1	1	Hit	647	00-across/Atrowel42.jpg	Atrowel42.jpg	SPACE	686	SPACE
1444242466017	0	lts_1007I_03_01	03	01	1	22	0	0	1	FA	1397	Asaxophone.jpg	Asaxophone.jpg	SPACE	1438	NOKEY
1444242469093	0	lts_1007I_03_01	03	01	1	23	0	0	0	CR	MAX	Acastle22.jpg	Acastle22.jpg	NOKEY	MAX	NOKEY
1444242470414	0	lts_1007I_03_01	03	01	1	24	16	1	1	Hit	850	16-first/26379430.thl.jpg	26379430.thl.jpg	SPACE	885	SPACE
1444242471568	0	lts_1007I_03_01	03	01	1	25	0	0	1	FA	662	1/Atoyturtle.jpg	Atoyturtle.jpg	SPACE	702	NOKEY
1444242472520	0	lts_1007I_03_01	03	01	1	26	1	1	1	Hit	475	1-0/Atoyturtle.jpg	Atoyturtle.jpg	SPACE	518	SPACE
1444242475596	0	lts_1007I_03_01	03	01	1	27	0	0	0	CR	MAX	Aplastichousi.jpg	Aplastichousi.jpg	NOKEY	MAX	NOKEY
1444242478673	0	lts_1007I_03_01	03	01	1	28	0	0	0	CR	MAX	23028486.thl.jpg	23028486.thl.jpg	NOKEY	MAX	NOKEY
1444242481748	0	lts_1007I_03_01	03	01	1	29	0	0	0	CR	MAX	4/26392651.thl.jpg	26392651.thl.jpg	NOKEY	MAX	NOKEY
1444242482884	0	lts_1007I_03_01	03	01	1	30	00	1	1	Hit	652	00-across/potato.jpg	potato.jpg	SPACE	703	SPACE
1444242485960	0	lts_1007I_03_01	03	01	1	31	0	0	0	CR	MAX	Aantiquewate3.jpg	Aantiquewate3.jpg	NOKEY	MAX	NOKEY
1444242489038	0	lts_1007I_03_01	03	01	1	32	0	0	0	CR	MAX	4/AXYLOPHN2.jpg	AXYLOPHN2.jpg	NOKEY	MAX	NOKEY
1444242490642	0	lts_1007I_03_01	03	01	1	33	4	1	1	Hit	1133	4-3/26392651.thl.jpg	26392651.thl.jpg	SPACE	1170	SPACE
1444242493719	0	lts_1007I_03_01	03	01	1	34	0	0	0	CR	MAX	16/AFUNNEL4.jpg	AFUNNEL4.jpg	NOKEY	MAX	NOKEY
1444242496794	0	lts_1007I_03_01	03	01	1	35	0	0	0	CR	MAX	Adicecupandb5.jpg	Adicecupandb5.jpg	NOKEY	MAX	NOKEY
1444242498132	0	lts_1007I_03_01	03	01	1	36	4	1	1	Hit	853	4-5/AXYLOPHN2.jpg	AXYLOPHN2.jpg	SPACE	904	SPACE
1444242501208	0	lts_1007I_03_01	03	01	1	37	0	0	0	CR	MAX	8060342.thl.jpg	8060342.thl.jpg	NOKEY	MAX	NOKEY
1444242504284	0	lts_1007I_03_01	03	01	1	38	0	0	0	CR	MAX	AWEIGHT11.jpg	AWEIGHT11.jpg	NOKEY	MAX	NOKEY
1444242507360	0	lts_1007I_03_01	03	01	1	39	0	0	0	CR	MAX	pretzelsticks.jpg	pretzelsticks.jpg	NOKEY	MAX	NOKEY
1444242508380	0	lts_1007I_03_01	03	01	1	40	16	1	1	Hit	538	16-mul/26379430.thl.jpg	26379430.thl.jpg	SPACE	584	SPACE
1444242511456	0	lts_1007I_03_01	03	01	1	41	0	0	0	CR	MAX	Adriedleaf.jpg	Adriedleaf.jpg	NOKEY	MAX	NOKEY
1444242514532	0	lts_1007I_03_01	03	01	1	42	0	0	0	CR	MAX	32/AEIFFELTO.jpg	AEIFFELTO.jpg	NOKEY	MAX	NOKEY
1444242517608	0	lts_1007I_03_01	03	01	1	43	0	0	0	CR	MAX	2/Ashoeshines15.jpg	Ashoeshines15.jpg	NOKEY	MAX	NOKEY
1444242520684	0	lts_1007I_03_01	03	01	1	44	0	0	0	CR	MAX	APOGO4.jpg	APOGO4.jpg	NOKEY	MAX	NOKEY
1444242521887	0	lts_1007I_03_01	03	01	1	45	2	1	1	Hit	719	2-13/Ashoeshines15.jpg	Ashoeshines15.jpg	SPACE	769	SPACE
1444242524963	0	lts_1007I_03_01	03	01	1	46	0	0	0	CR	MAX	AAFRIMAS5.jpg	AAFRIMAS5.jpg	NOKEY	MAX	NOKEY
1444242526452	0	lts_1007I_03_01	03	01	1	47	0	0	1	FA	1020	16/Aoutdoorprop3.jpg	Aoutdoorprop3.jpg	SPACE	1054	NOKEY
1444242529528	0	lts_1007I_03_01	03	01	1	48	0	0	0	CR	MAX	26432175.thl.jpg	26432175.thl.jpg	NOKEY	MAX	NOKEY
1444242532621	0	lts_1007I_03_01	03	01	1	49	0	0	0	CR	MAX	Adalmatiandog.jpg	Adalmatiandog.jpg	NOKEY	MAX	NOKEY
1444242533674	0	lts_1007I_03_01	03	01	1	50	16	1	1	Hit	578	16-0/AFUNNEL4.jpg	AFUNNEL4.jpg	SPACE	619	SPACE
1444242536749	0	lts_1007I_03_01	03	01	1	51	0	0	0	CR	MAX	128/Avacuum13.jpg	Avacuum13.jpg	NOKEY	MAX	NOKEY
1444242539825	0	lts_1007I_03_01	03	01	1	52	0	0	0	CR	MAX	64/Adayplanner.jpg	Adayplanner.jpg	NOKEY	MAX	NOKEY
1444242542901	0	lts_1007I_03_01	03	01	1	53	0	0	0	CR	MAX	Amonitor10.jpg	Amonitor10.jpg	NOKEY	MAX	NOKEY
1444242545977	0	lts_1007I_03_01	03	01	1	54	0	0	0	CR	MAX	ABAT.jpg	ABAT.jpg	NOKEY	MAX	NOKEY
1444242547483	0	lts_1007I_03_01	03	01	1	55	0	0	1	FA	1034	paintbrush03.jpg	paintbrush03.jpg	SPACE	1071	NOKEY
1444242550559	0	lts_1007I_03_01	03	01	1	56	00	1	0	Miss	MAX	00-across/gymvaulting.jpg	gymvaulting.jpg	NOKEY	MAX	SPACE
1444242553635	0	lts_1007I_03_01	03	01	1	57	0	0	0	CR	MAX	ALIONWALK.jpg	ALIONWALK.jpg	NOKEY	MAX	NOKEY
1444242556711	0	lts_1007I_03_01	03	01	1	58	0	0	0	CR	MAX	2/AELECTHE4.jpg	AELECTHE4.jpg	NOKEY	MAX	NOKEY
1444242559786	0	lts_1007I_03_01	03	01	1	59	0	0	0	CR	MAX	26432173.thl.jpg	26432173.thl.jpg	NOKEY	MAX	NOKEY
1444242561442	0	lts_1007I_03_01	03	01	1	60	2	1	1	Hit	1179	2-11/AELECTHE4.jpg	AELECTHE4.jpg	SPACE	1221	SPACE
1444242564535	0	lts_1007I_03_01	03	01	1	61	0	0	0	CR	MAX	16/ACHIPROL2.jpg	ACHIPROL2.jpg	NOKEY	MAX	NOKEY
1444242567611	0	lts_1007I_03_01	03	01	1	62	0	0	0	CR	MAX	Aframedpainti.jpg	Aframedpainti.jpg	NOKEY	MAX	NOKEY
1444242570687	0	lts_1007I_03_01	03	01	1	63	16	1	0	Miss	MAX	16-first/Aoutdoorprop3.jpg	Aoutdoorprop3.jpg	NOKEY	MAX	SPACE
1444242573762	0	lts_1007I_03_01	03	01	1	64	0	0	0	CR	MAX	ACASSETT2.jpg	ACASSETT2.jpg	NOKEY	MAX	NOKEY
1444242574815	0	lts_1007I_03_01	03	01	1	65	2	1	1	Hit	583	2-mul/Aoutdoorprop3.jpg	Aoutdoorprop3.jpg	SPACE	619	SPACE
1444242576037	0	lts_1007I_03_01	03	01	1	66	0	0	1	FA	743	2/Apencilsharp5.jpg	Apencilsharp5.jpg	SPACE	787	NOKEY
1444242579113	0	lts_1007I_03_01	03	01	1	67	0	0	0	CR	MAX	26369923.thl.jpg	26369923.thl.jpg	NOKEY	MAX	NOKEY
1444242582189	0	lts_1007I_03_01	03	01	1	68	2	1	0	Miss	MAX	2-6/Apencilsharp5.jpg	Apencilsharp5.jpg	NOKEY	MAX	SPACE
1444242585265	0	lts_1007I_03_01	03	01	1	69	0	0	0	CR	MAX	Abird5.jpg	Abird5.jpg	NOKEY	MAX	NOKEY
1444242588341	0	lts_1007I_03_01	03	01	1	70	0	0	0	CR	MAX	128/ACOFFTA18.jpg	ACOFFTA18.jpg	NOKEY	MAX	NOKEY
1444242591417	0	lts_1007I_03_01	03	01	1	71	0	0	0	CR	MAX	26451219.thl.jpg	26451219.thl.jpg	NOKEY	MAX	NOKEY
1444242594493	0	lts_1007I_03_01	03	01	1	72	0	0	0	CR	MAX	128/8021504.thl.jpg	8021504.thl.jpg	NOKEY	MAX	NOKEY
1444242596081	0	lts_1007I_03_01	03	01	1	73	0	0	1	FA	1116	8245419.thl.jpg	8245419.thl.jpg	SPACE	1153	NOKEY
1444242597151	0	lts_1007I_03_01	03	01	1	74	32	1	1	Hit	595	32-2/AEIFFELTO.jpg	AEIFFELTO.jpg	SPACE	634	SPACE
1444242598689	0	lts_1007I_03_01	03	01	1	75	0	0	1	FA	1059	Astonecarvin8.jpg	Astonecarvin8.jpg	SPACE	1103	NOKEY
1444242601764	0	lts_1007I_03_01	03	01	1	76	0	0	0	CR	MAX	8/AOSTRICH2.jpg	AOSTRICH2.jpg	NOKEY	MAX	NOKEY
1444242603036	0	lts_1007I_03_01	03	01	1	77	16	1	1	Hit	794	16-first/ACHIPROL2.jpg	ACHIPROL2.jpg	SPACE	837	SPACE
1444242606129	0	lts_1007I_03_01	03	01	1	78	0	0	0	CR	MAX	Amilkcrate2.jpg	Amilkcrate2.jpg	NOKEY	MAX	NOKEY
1444242609205	0	lts_1007I_03_01	03	01	1	79	0	0	0	CR	MAX	26427910.thl.jpg	26427910.thl.jpg	NOKEY	MAX	NOKEY
1444242612281	0	lts_1007I_03_01	03	01	1	80	0	0	0	CR	MAX	ACHINDECP.jpg	ACHINDECP.jpg	NOKEY	MAX	NOKEY
1444242613985	0	lts_1007I_03_01	03	01	1	81	4	1	1	Hit	1231	4-mul/ACHIPROL2.jpg	ACHIPROL2.jpg	SPACE	1271	SPACE
1444242617062	0	lts_1007I_03_01	03	01	1	82	0	0	0	CR	MAX	36407726.thl.jpg	36407726.thl.jpg	NOKEY	MAX	NOKEY
1444242620222	0	lts_1007I_03_01	03	01	1	83	0	0	0	CR	MAX	Ahousboa2.jpg	Ahousboa2.jpg	NOKEY	MAX	NOKEY
1444242621275	0	lts_1007I_03_01	03	01	1	84	8	1	1	Hit	567	8-first/AOSTRICH2.jpg	AOSTRICH2.jpg	SPACE	618	SPACE
1444242624351	0	lts_1007I_03_01	03	01	1	85	0	0	0	CR	MAX	15870946.thl.jpg	15870946.thl.jpg	NOKEY	MAX	NOKEY
1444242625321	0	lts_1007I_03_01	03	01	1	86	2	1	1	Hit	499	2-mul/AOSTRICH2.jpg	AOSTRICH2.jpg	SPACE	535	SPACE
1444242628397	0	lts_1007I_03_01	03	01	1	87	0	0	0	CR	MAX	4/Acinnamonrol2.jpg	Acinnamonrol2.jpg	NOKEY	MAX	NOKEY
1444242631473	0	lts_1007I_03_01	03	01	1	88	0	0	0	CR	MAX	26421106.thl.jpg	26421106.thl.jpg	NOKEY	MAX	NOKEY
1444242634549	0	lts_1007I_03_01	03	01	1	89	0	0	0	CR	MAX	ATRIUMPH3.jpg	ATRIUMPH3.jpg	NOKEY	MAX	NOKEY
1444242637625	0	lts_1007I_03_01	03	01	1	90	0	0	0	CR	MAX	36411021.thl.jpg	36411021.thl.jpg	NOKEY	MAX	NOKEY
1444242638695	0	lts_1007I_03_01	03	01	1	91	4	1	1	Hit	596	4-1/Acinnamonrol2.jpg	Acinnamonrol2.jpg	SPACE	636	SPACE
1444242641787	0	lts_1007I_03_01	03	01	1	92	0	0	0	CR	MAX	8/26556936.thl.jpg	26556936.thl.jpg	NOKEY	MAX	NOKEY
1444242644863	0	lts_1007I_03_01	03	01	1	93	0	0	0	CR	MAX	AMAPLESYR.jpg	AMAPLESYR.jpg	NOKEY	MAX	NOKEY
1444242647939	0	lts_1007I_03_01	03	01	1	94	0	0	0	CR	MAX	Acompactdisc2.jpg	Acompactdisc2.jpg	NOKEY	MAX	NOKEY
1444242651016	0	lts_1007I_03_01	03	01	1	95	0	0	0	CR	MAX	2/ABROOM11.jpg	ABROOM11.jpg	NOKEY	MAX	NOKEY
1444242654092	0	lts_1007I_03_01	03	01	1	96	0	0	0	CR	MAX	AKNIFECOL.jpg	AKNIFECOL.jpg	NOKEY	MAX	NOKEY
1444242655162	0	lts_1007I_03_01	03	01	1	97	2	1	1	Hit	589	2-10/ABROOM11.jpg	ABROOM11.jpg	SPACE	635	SPACE
1444242658255	0	lts_1007I_03_01	03	01	1	98	0	0	0	CR	MAX	Aknife92.jpg	Aknife92.jpg	NOKEY	MAX	NOKEY
1444242661331	0	lts_1007I_03_01	03	01	1	99	0	0	0	CR	MAX	AEAREXAM2.jpg	AEAREXAM2.jpg	NOKEY	MAX	NOKEY
1444242662635	0	lts_1007I_03_01	03	01	1	100	8	1	1	Hit	823	8-first/26556936.thl.jpg	26556936.thl.jpg	SPACE	869	SPACE
1444242665711	0	lts_1007I_03_01	03	01	1	101	0	0	0	CR	MAX	pretzel.jpg	pretzel.jpg	NOKEY	MAX	NOKEY
1444242668786	0	lts_1007I_03_01	03	01	1	102	0	0	0	CR	MAX	Asafetybelt.jpg	Asafetybelt.jpg	NOKEY	MAX	NOKEY
1444242671862	0	lts_1007I_03_01	03	01	1	103	0	0	0	CR	MAX	ABUGLE2.jpg	ABUGLE2.jpg	NOKEY	MAX	NOKEY
1444242672932	0	lts_1007I_03_01	03	01	1	104	4	1	1	Hit	595	4-mul/26556936.thl.jpg	26556936.thl.jpg	SPACE	637	SPACE
1444242676009	0	lts_1007I_03_01	03	01	1	105	0	0	0	CR	MAX	1/AHUNTVES2.jpg	AHUNTVES2.jpg	NOKEY	MAX	NOKEY
1444242677380	0	lts_1007I_03_01	03	01	1	106	1	1	1	Hit	890	1-2/AHUNTVES2.jpg	AHUNTVES2.jpg	SPACE	936	SPACE
1444242680456	0	lts_1007I_03_01	03	01	1	107	0	0	0	CR	MAX	securitycamera.jpg	securitycamera.jpg	NOKEY	MAX	NOKEY
1444242683549	0	lts_1007I_03_01	03	01	1	108	0	0	0	CR	MAX	2/Astrawfan.jpg	Astrawfan.jpg	NOKEY	MAX	NOKEY
1444242686625	0	lts_1007I_03_01	03	01	1	109	0	0	0	CR	MAX	AVIOLINCO.jpg	AVIOLINCO.jpg	NOKEY	MAX	NOKEY
1444242687678	0	lts_1007I_03_01	03	01	1	110	2	1	1	Hit	576	2-4/Astrawfan.jpg	Astrawfan.jpg	SPACE	619	SPACE
1444242690770	0	lts_1007I_03_01	03	01	1	111	0	0	0	CR	MAX	AANTIBIK4.jpg	AANTIBIK4.jpg	NOKEY	MAX	NOKEY
1444242693846	0	lts_1007I_03_01	03	01	1	112	0	0	0	CR	MAX	16/Akiddcup2.jpg	Akiddcup2.jpg	NOKEY	MAX	NOKEY
1444242695218	0	lts_1007I_03_01	03	01	1	113	00	1	1	Hit	890	00-across/26421368.thl.jpg	26421368.thl.jpg	SPACE	936	SPACE
1444242698294	0	lts_1007I_03_01	03	01	1	114	0	0	0	CR	MAX	Agnu.jpg	Agnu.jpg	NOKEY	MAX	NOKEY
1444242701370	0	lts_1007I_03_01	03	01	1	115	0	0	0	CR	MAX	26423652.thl.jpg	26423652.thl.jpg	NOKEY	MAX	NOKEY
1444242702657	0	lts_1007I_03_01	03	01	1	116	64	1	1	Hit	817	64-first/Adayplanner.jpg	Adayplanner.jpg	SPACE	853	SPACE
1444242705732	0	lts_1007I_03_01	03	01	1	117	0	0	0	CR	MAX	gytsl9.jpg	gytsl9.jpg	NOKEY	MAX	NOKEY
1444242708074	0	lts_1007I_03_01	03	01	1	118	0	0	1	FA	1852	Areindeertoy4.jpg	Areindeertoy4.jpg	SPACE	1890	NOKEY
1444242709160	0	lts_1007I_03_01	03	01	1	119	0	0	1	FA	609	26394018.thl.jpg	26394018.thl.jpg	SPACE	651	NOKEY
1444242710146	0	lts_1007I_03_01	03	01	1	120	4	1	1	Hit	503	4-mul/Adayplanner.jpg	Adayplanner.jpg	SPACE	551	SPACE
1444242713223	0	lts_1007I_03_01	03	01	1	121	0	0	0	CR	MAX	36407685.thl.jpg	36407685.thl.jpg	NOKEY	MAX	NOKEY
1444242716299	0	lts_1007I_03_01	03	01	1	122	0	0	0	CR	MAX	AWASHCLOT.jpg	AWASHCLOT.jpg	NOKEY	MAX	NOKEY
1444242719375	0	lts_1007I_03_01	03	01	1	123	0	0	0	CR	MAX	26425573.thl.jpg	26425573.thl.jpg	NOKEY	MAX	NOKEY
1444242722451	0	lts_1007I_03_01	03	01	1	124	0	0	0	CR	MAX	16/Aspinningwhe2.jpg	Aspinningwhe2.jpg	NOKEY	MAX	NOKEY
1444242725527	0	lts_1007I_03_01	03	01	1	125	0	0	0	CR	MAX	1/Adrinkinggl21.jpg	Adrinkinggl21.jpg	NOKEY	MAX	NOKEY
1444242726847	0	lts_1007I_03_01	03	01	1	126	1	1	1	Hit	837	1-5/Adrinkinggl21.jpg	Adrinkinggl21.jpg	SPACE	886	SPACE
1444242729923	0	lts_1007I_03_01	03	01	1	127	0	0	0	CR	MAX	handcomputerN.JPG	handcomputerN.JPG	NOKEY	MAX	NOKEY
1444242731662	0	lts_1007I_03_01	03	01	1	128	16	1	1	Hit	1270	16-first/Akiddcup2.jpg	Akiddcup2.jpg	SPACE	1305	SPACE
1444242734737	0	lts_1007I_03_01	03	01	1	129	0	0	0	CR	MAX	8/8063317.thl.jpg	8063317.thl.jpg	NOKEY	MAX	NOKEY
1444242737806	0	lts_1007I_03_01	03	01	1	130	0	0	0	CR	MAX	Ataco.jpg	Ataco.jpg	NOKEY	MAX	NOKEY
1444242740882	0	lts_1007I_03_01	03	01	1	131	0	0	0	CR	MAX	AARMCHA25.jpg	AARMCHA25.jpg	NOKEY	MAX	NOKEY
1444242742120	0	lts_1007I_03_01	03	01	1	132	4	1	1	Hit	755	4-mul/Akiddcup2.jpg	Akiddcup2.jpg	SPACE	803	SPACE
1444242745196	0	lts_1007I_03_01	03	01	1	133	0	0	0	CR	MAX	AHANDLE5.jpg	AHANDLE5.jpg	NOKEY	MAX	NOKEY
1444242748273	0	lts_1007I_03_01	03	01	1	134	0	0	0	CR	MAX	ABIRDCAG2.jpg	ABIRDCAG2.jpg	NOKEY	MAX	NOKEY
1444242751349	0	lts_1007I_03_01	03	01	1	135	00	1	0	Miss	MAX	00-across/AAIRGAUGE.jpg	AAIRGAUGE.jpg	NOKEY	MAX	SPACE
1444242754425	0	lts_1007I_03_01	03	01	1	136	0	0	0	CR	MAX	AKNEEHAMR.jpg	AKNEEHAMR.jpg	NOKEY	MAX	NOKEY
1444242757501	0	lts_1007I_03_01	03	01	1	137	8	1	0	Miss	MAX	8-2/8063317.thl.jpg	8063317.thl.jpg	NOKEY	MAX	SPACE
1444242760594	0	lts_1007I_03_01	03	01	1	138	0	0	0	CR	MAX	4/hulk.jpg	hulk.jpg	NOKEY	MAX	NOKEY
1444242763819	0	lts_1007I_03_01	03	01	1	139	0	0	0	CR	MAX	ABIRDHOU9.jpg	ABIRDHOU9.jpg	NOKEY	MAX	NOKEY
1444242765792	0	lts_1007I_03_01	03	01	1	140	16	1	1	Hit	1492	16-first/Aspinningwhe2.jpg	Aspinningwhe2.jpg	SPACE	1539	SPACE
1444242768885	0	lts_1007I_03_01	03	01	1	141	0	0	0	CR	MAX	AHEATER.jpg	AHEATER.jpg	NOKEY	MAX	NOKEY
1444242770290	0	lts_1007I_03_01	03	01	1	142	4	1	1	Hit	928	4-12/hulk.jpg	hulk.jpg	SPACE	970	SPACE
1444242773366	0	lts_1007I_03_01	03	01	1	143	0	0	0	CR	MAX	64/ADRUM12.jpg	ADRUM12.jpg	NOKEY	MAX	NOKEY
1444242774335	0	lts_1007I_03_01	03	01	1	144	4	1	1	Hit	497	4-mul/Aspinningwhe2.jpg	Aspinningwhe2.jpg	SPACE	534	SPACE
1444242777412	0	lts_1007I_03_01	03	01	1	145	0	0	0	CR	MAX	32/hulahoop.jpg	hulahoop.jpg	NOKEY	MAX	NOKEY
1444242780488	0	lts_1007I_03_01	03	01	1	146	0	0	0	CR	MAX	Ahorse23.jpg	Ahorse23.jpg	NOKEY	MAX	NOKEY
1444242783564	0	lts_1007I_03_01	03	01	1	147	0	0	0	CR	MAX	ACHIPPER.jpg	ACHIPPER.jpg	NOKEY	MAX	NOKEY
1444242786640	0	lts_1007I_03_01	03	01	1	148	0	0	0	CR	MAX	23007415.thl.jpg	23007415.thl.jpg	NOKEY	MAX	NOKEY
1444242789716	0	lts_1007I_03_01	03	01	1	149	0	0	0	CR	MAX	AFOODTAB2.jpg	AFOODTAB2.jpg	NOKEY	MAX	NOKEY
1444242792808	0	lts_1007I_03_01	03	01	1	150	0	0	0	CR	MAX	ASPARKER2.jpg	ASPARKER2.jpg	NOKEY	MAX	NOKEY
1444242795884	0	lts_1007I_03_01	03	01	1	151	0	0	0	CR	MAX	64/AEARING49.jpg	AEARING49.jpg	NOKEY	MAX	NOKEY
1444242798977	0	lts_1007I_03_01	03	01	1	152	0	0	0	CR	MAX	ATOILBAG2.jpg	ATOILBAG2.jpg	NOKEY	MAX	NOKEY
1444242802054	0	lts_1007I_03_01	03	01	1	153	0	0	0	CR	MAX	E_tank.jpg	E_tank.jpg	NOKEY	MAX	NOKEY
1444242805130	0	lts_1007I_03_01	03	01	1	154	0	0	0	CR	MAX	AFOODBLEN.jpg	AFOODBLEN.jpg	NOKEY	MAX	NOKEY
1444242808206	0	lts_1007I_03_01	03	01	1	155	0	0	0	CR	MAX	4/stone.jpg	stone.jpg	NOKEY	MAX	NOKEY
1444242811282	0	lts_1007I_03_01	03	01	1	156	0	0	0	CR	MAX	8/Aglassbottle6.jpg	Aglassbottle6.jpg	NOKEY	MAX	NOKEY
1444242814358	0	lts_1007I_03_01	03	01	1	157	0	0	0	CR	MAX	AGAUGE.jpg	AGAUGE.jpg	NOKEY	MAX	NOKEY
1444242817434	0	lts_1007I_03_01	03	01	1	158	0	0	0	CR	MAX	32/AGLASSBAL.jpg	AGLASSBAL.jpg	NOKEY	MAX	NOKEY
1444242820343	0	lts_1007I_03_01	03	01	1	159	4	1	1	Hit	2430	4-10/stone.jpg	stone.jpg	SPACE	2474	SPACE
1444242821446	0	lts_1007I_03_01	03	01	1	160	0	0	1	FA	617	Aelephant9.jpg	Aelephant9.jpg	SPACE	669	NOKEY
1444242824539	0	lts_1007I_03_01	03	01	1	161	0	0	0	CR	MAX	Adryflo15.jpg	Adryflo15.jpg	NOKEY	MAX	NOKEY
1444242827615	0	lts_1007I_03_01	03	01	1	162	0	0	0	CR	MAX	8/Afeatherdust2.jpg	Afeatherdust2.jpg	NOKEY	MAX	NOKEY
1444242830691	0	lts_1007I_03_01	03	01	1	163	0	0	0	CR	MAX	ABAGGROCE.jpg	ABAGGROCE.jpg	NOKEY	MAX	NOKEY
1444242832212	0	lts_1007I_03_01	03	01	1	164	8	1	1	Hit	1048	8-first/Aglassbottle6.jpg	Aglassbottle6.jpg	SPACE	1085	SPACE
1444242835288	0	lts_1007I_03_01	03	01	1	165	0	0	0	CR	MAX	D_dumpster.jpg	D_dumpster.jpg	NOKEY	MAX	NOKEY
1444242836258	0	lts_1007I_03_01	03	01	1	166	2	1	1	Hit	492	2-mul/Aglassbottle6.jpg	Aglassbottle6.jpg	SPACE	534	SPACE
1444242839334	0	lts_1007I_03_01	03	01	1	167	0	0	0	CR	MAX	Aconchshe.jpg	Aconchshe.jpg	NOKEY	MAX	NOKEY
1444242842410	0	lts_1007I_03_01	03	01	1	168	0	0	0	CR	MAX	26432607.thl.jpg	26432607.thl.jpg	NOKEY	MAX	NOKEY
1444242845486	0	lts_1007I_03_01	03	01	1	169	0	0	0	CR	MAX	22856784.thl.jpg	22856784.thl.jpg	NOKEY	MAX	NOKEY
1444242846873	0	lts_1007I_03_01	03	01	1	170	8	1	1	Hit	910	8-first/Afeatherdust2.jpg	Afeatherdust2.jpg	SPACE	953	SPACE
1444242849966	0	lts_1007I_03_01	03	01	1	171	0	0	0	CR	MAX	64/Abucketwithcl.jpg	Abucketwithcl.jpg	NOKEY	MAX	NOKEY
1444242853043	0	lts_1007I_03_01	03	01	1	172	0	0	0	CR	MAX	DSCN3757-sm.jpg	DSCN3757-sm.jpg	NOKEY	MAX	NOKEY
1444242856119	0	lts_1007I_03_01	03	01	1	173	0	0	0	CR	MAX	26439913.thl.jpg	26439913.thl.jpg	NOKEY	MAX	NOKEY
1444242857439	0	lts_1007I_03_01	03	01	1	174	4	1	1	Hit	845	4-mul/Afeatherdust2.jpg	Afeatherdust2.jpg	SPACE	886	SPACE
1444242860516	0	lts_1007I_03_01	03	01	1	175	0	0	0	CR	MAX	ABACKSPAC.jpg	ABACKSPAC.jpg	NOKEY	MAX	NOKEY
1444242863592	0	lts_1007I_03_01	03	01	1	176	0	0	0	CR	MAX	8/weddingdress.jpg	weddingdress.jpg	NOKEY	MAX	NOKEY
1444242865213	0	lts_1007I_03_01	03	01	1	177	32	1	1	Hit	1150	32-0/hulahoop.jpg	hulahoop.jpg	SPACE	1186	SPACE
1444242868289	0	lts_1007I_03_01	03	01	1	178	0	0	0	CR	MAX	ACHEMSET3.jpg	ACHEMSET3.jpg	NOKEY	MAX	NOKEY
1444242871365	0	lts_1007I_03_01	03	01	1	179	128	1	0	Miss	MAX	128-7/Avacuum13.jpg	Avacuum13.jpg	NOKEY	MAX	SPACE
1444242874441	0	lts_1007I_03_01	03	01	1	180	0	0	0	CR	MAX	AICESKAT8.jpg	AICESKAT8.jpg	NOKEY	MAX	NOKEY
1444242877517	0	lts_1007I_03_01	03	01	1	181	0	0	0	CR	MAX	26439297.thl.jpg	26439297.thl.jpg	NOKEY	MAX	NOKEY
1444242880594	0	lts_1007I_03_01	03	01	1	182	0	0	0	CR	MAX	Amanatee2.jpg	Amanatee2.jpg	NOKEY	MAX	NOKEY
1444242883670	0	lts_1007I_03_01	03	01	1	183	0	0	0	CR	MAX	26424443.thl.jpg	26424443.thl.jpg	NOKEY	MAX	NOKEY
1444242884739	0	lts_1007I_03_01	03	01	1	184	8	1	1	Hit	587	8-first/weddingdress.jpg	weddingdress.jpg	SPACE	635	SPACE
1444242887815	0	lts_1007I_03_01	03	01	1	185	0	0	0	CR	MAX	ATAMBOURI.jpg	ATAMBOURI.jpg	NOKEY	MAX	NOKEY
1444242890891	0	lts_1007I_03_01	03	01	1	186	0	0	0	CR	MAX	64/AHARPSIC5.jpg	AHARPSIC5.jpg	NOKEY	MAX	NOKEY
1444242893967	0	lts_1007I_03_01	03	01	1	187	0	0	0	CR	MAX	8/ASPIDERW2.jpg	ASPIDERW2.jpg	NOKEY	MAX	NOKEY
1444242895088	0	lts_1007I_03_01	03	01	1	188	4	1	1	Hit	648	4-mul/weddingdress.jpg	weddingdress.jpg	SPACE	687	SPACE
1444242898164	0	lts_1007I_03_01	03	01	1	189	0	0	0	CR	MAX	26369944.thl.jpg	26369944.thl.jpg	NOKEY	MAX	NOKEY
1444242899451	0	lts_1007I_03_01	03	01	1	190	32	1	1	Hit	805	32-3/AGLASSBAL.jpg	AGLASSBAL.jpg	SPACE	852	SPACE
1444242902527	0	lts_1007I_03_01	03	01	1	191	0	0	0	CR	MAX	ACURLRIB2.jpg	ACURLRIB2.jpg	NOKEY	MAX	NOKEY
1444242905620	0	lts_1007I_03_01	03	01	1	192	0	0	0	CR	MAX	Agolfbag.jpg	Agolfbag.jpg	NOKEY	MAX	NOKEY
1444242908696	0	lts_1007I_03_01	03	01	1	193	00	1	0	Miss	MAX	00-across/Ajetski15.jpg	Ajetski15.jpg	NOKEY	MAX	SPACE
1444242911771	0	lts_1007I_03_01	03	01	1	194	0	0	0	CR	MAX	8/Aheadlightan2.jpg	Aheadlightan2.jpg	NOKEY	MAX	NOKEY
1444242912891	0	lts_1007I_03_01	03	01	1	195	8	1	1	Hit	642	8-first/ASPIDERW2.jpg	ASPIDERW2.jpg	SPACE	686	SPACE
1444242915967	0	lts_1007I_03_01	03	01	1	196	0	0	0	CR	MAX	AKNIGHELM.jpg	AKNIGHELM.jpg	NOKEY	MAX	NOKEY
1444242919044	0	lts_1007I_03_01	03	01	1	197	0	0	0	CR	MAX	26426575.thl.jpg	26426575.thl.jpg	NOKEY	MAX	NOKEY
1444242920281	0	lts_1007I_03_01	03	01	1	198	128	1	1	Hit	756	128-0/ACOFFTA18.jpg	ACOFFTA18.jpg	SPACE	801	SPACE
1444242923358	0	lts_1007I_03_01	03	01	1	199	0	0	0	CR	MAX	128/Abucket51.jpg	Abucket51.jpg	NOKEY	MAX	NOKEY
1444242925063	0	lts_1007I_03_01	03	01	1	200	128	1	1	Hit	1230	128-3/8021504.thl.jpg	8021504.thl.jpg	SPACE	1271	SPACE
1444242928139	0	lts_1007I_03_01	03	01	1	201	0	0	0	CR	MAX	16/A_chocolate.jpg	A_chocolate.jpg	NOKEY	MAX	NOKEY
1444242929309	0	lts_1007I_03_01	03	01	1	202	8	1	1	Hit	692	8-first/Aheadlightan2.jpg	Aheadlightan2.jpg	SPACE	735	SPACE
1444242932385	0	lts_1007I_03_01	03	01	1	203	0	0	0	CR	MAX	D_podium.jpg	D_podium.jpg	NOKEY	MAX	NOKEY
1444242933438	0	lts_1007I_03_01	03	01	1	204	2	1	1	Hit	569	2-mul/Aheadlightan2.jpg	Aheadlightan2.jpg	SPACE	618	SPACE
1444242936514	0	lts_1007I_03_01	03	01	1	205	0	0	0	CR	MAX	128/ADRYRACK2.jpg	ADRYRACK2.jpg	NOKEY	MAX	NOKEY
1444242937851	0	lts_1007I_03_01	03	01	1	206	0	0	1	FA	864	26437064.thl.jpg	26437064.thl.jpg	SPACE	903	NOKEY
1444242938988	0	lts_1007I_03_01	03	01	1	207	64	1	1	Hit	644	64-first/ADRUM12.jpg	ADRUM12.jpg	SPACE	687	SPACE
1444242942065	0	lts_1007I_03_01	03	01	1	208	0	0	0	CR	MAX	whiteboard.jpg	whiteboard.jpg	NOKEY	MAX	NOKEY
1444242945158	0	lts_1007I_03_01	03	01	1	209	0	0	0	CR	MAX	32/Abasketandch2.jpg	Abasketandch2.jpg	NOKEY	MAX	NOKEY
1444242948234	0	lts_1007I_03_01	03	01	1	210	0	0	0	CR	MAX	Asharktoy.jpg	Asharktoy.jpg	NOKEY	MAX	NOKEY
1444242950307	0	lts_1007I_03_01	03	01	1	211	16	1	1	Hit	1599	16-mul/ASPIDERW2.jpg	ASPIDERW2.jpg	SPACE	1638	SPACE
1444242953383	0	lts_1007I_03_01	03	01	1	212	0	0	0	CR	MAX	Chevypickup.jpg	Chevypickup.jpg	NOKEY	MAX	NOKEY
1444242956459	0	lts_1007I_03_01	03	01	1	213	0	0	0	CR	MAX	Aflower136.jpg	Aflower136.jpg	NOKEY	MAX	NOKEY
1444242959535	0	lts_1007I_03_01	03	01	1	214	0	0	0	CR	MAX	ABACCAMEL.jpg	ABACCAMEL.jpg	NOKEY	MAX	NOKEY
1444242960672	0	lts_1007I_03_01	03	01	1	215	64	1	1	Hit	667	64-first/AEARING49.jpg	AEARING49.jpg	SPACE	703	SPACE
1444242962644	0	lts_1007I_03_01	03	01	1	216	0	0	1	FA	1491	Aclothespin4.jpg	Aclothespin4.jpg	SPACE	1538	NOKEY
1444242963780	0	lts_1007I_03_01	03	01	1	217	16	1	1	Hit	666	16-first/A_chocolate.jpg	A_chocolate.jpg	SPACE	702	SPACE
1444242965403	0	lts_1007I_03_01	03	01	1	218	0	0	1	FA	1141	Agourd8.jpg	Agourd8.jpg	SPACE	1187	NOKEY
1444242966423	0	lts_1007I_03_01	03	01	1	219	2	1	1	Hit	548	2-mul/A_chocolate.jpg	A_chocolate.jpg	SPACE	585	SPACE
1444242969499	0	lts_1007I_03_01	03	01	1	220	0	0	0	CR	MAX	ARECORDSY.jpg	ARECORDSY.jpg	NOKEY	MAX	NOKEY
1444242972575	0	lts_1007I_03_01	03	01	1	221	0	0	0	CR	MAX	Aredandbluef2.jpg	Aredandbluef2.jpg	NOKEY	MAX	NOKEY
1444242975651	0	lts_1007I_03_01	03	01	1	222	0	0	0	CR	MAX	ABLAKBEN2.jpg	ABLAKBEN2.jpg	NOKEY	MAX	NOKEY
1444242977072	0	lts_1007I_03_01	03	01	1	223	16	1	1	Hit	944	16-mul/ADRUM12.jpg	ADRUM12.jpg	SPACE	987	SPACE
1444242980148	0	lts_1007I_03_01	03	01	1	224	0	0	0	CR	MAX	8256618.thl.jpg	8256618.thl.jpg	NOKEY	MAX	NOKEY
1444242983240	0	lts_1007I_03_01	03	01	1	225	0	0	0	CR	MAX	Aseat3.jpg	Aseat3.jpg	NOKEY	MAX	NOKEY
1444242986317	0	lts_1007I_03_01	03	01	1	226	0	0	0	CR	MAX	1/ACLAM.jpg	ACLAM.jpg	NOKEY	MAX	NOKEY
1444242987954	0	lts_1007I_03_01	03	01	1	227	1	1	1	Hit	1159	1-9/ACLAM.jpg	ACLAM.jpg	SPACE	1204	SPACE
1444242991031	0	lts_1007I_03_01	03	01	1	228	0	0	0	CR	MAX	Acamera111.jpg	Acamera111.jpg	NOKEY	MAX	NOKEY
1444242992720	0	lts_1007I_03_01	03	01	1	229	0	0	1	FA	1214	Ajuicer27.jpg	Ajuicer27.jpg	SPACE	1253	NOKEY
1444242995795	0	lts_1007I_03_01	03	01	1	230	0	0	0	CR	MAX	Atoycoil.jpg	Atoycoil.jpg	NOKEY	MAX	NOKEY
1444242997116	0	lts_1007I_03_01	03	01	1	231	16	1	1	Hit	843	16-mul/AEARING49.jpg	AEARING49.jpg	SPACE	887	SPACE
1444243000192	0	lts_1007I_03_01	03	01	1	232	0	0	0	CR	MAX	26433686.thl.jpg	26433686.thl.jpg	NOKEY	MAX	NOKEY
1444243003268	0	lts_1007I_03_01	03	01	1	233	0	0	0	CR	MAX	10052787.thm.jpg	10052787.thm.jpg	NOKEY	MAX	NOKEY
1444243006344	0	lts_1007I_03_01	03	01	1	234	0	0	0	CR	MAX	XPGame.jpg	XPGame.jpg	NOKEY	MAX	NOKEY
1444243007831	0	lts_1007I_03_01	03	01	1	235	64	1	1	Hit	1012	64-first/Abucketwithcl.jpg	Abucketwithcl.jpg	SPACE	1053	SPACE
1444243010924	0	lts_1007I_03_01	03	01	1	236	0	0	0	CR	MAX	Apackage3.jpg	Apackage3.jpg	NOKEY	MAX	NOKEY
1444243011977	0	lts_1007I_03_01	03	01	1	237	2	1	1	Hit	577	2-mul/Abucketwithcl.jpg	Abucketwithcl.jpg	SPACE	619	SPACE
1444243015055	0	lts_1007I_03_01	03	01	1	238	0	0	0	CR	MAX	8/Aringclamp2.jpg	Aringclamp2.jpg	NOKEY	MAX	NOKEY
1444243018130	0	lts_1007I_03_01	03	01	1	239	0	0	0	CR	MAX	D_exercisebike.jpg	D_exercisebike.jpg	NOKEY	MAX	NOKEY
1444243021207	0	lts_1007I_03_01	03	01	1	240	0	0	0	CR	MAX	Ababycup2.jpg	Ababycup2.jpg	NOKEY	MAX	NOKEY
1444243022511	0	lts_1007I_03_01	03	01	1	241	32	1	1	Hit	824	32-1/Abasketandch2.jpg	Abasketandch2.jpg	SPACE	869	SPACE
1444243025587	0	lts_1007I_03_01	03	01	1	242	0	0	0	CR	MAX	1/Ablackleather.jpg	Ablackleather.jpg	NOKEY	MAX	NOKEY
1444243026556	0	lts_1007I_03_01	03	01	1	243	1	1	1	Hit	485	1-4/Ablackleather.jpg	Ablackleather.jpg	SPACE	535	SPACE
1444243029632	0	lts_1007I_03_01	03	01	1	244	0	0	0	CR	MAX	64/APROSTAR2.jpg	APROSTAR2.jpg	NOKEY	MAX	NOKEY
1444243032709	0	lts_1007I_03_01	03	01	1	245	0	0	0	CR	MAX	scooter.jpg	scooter.jpg	NOKEY	MAX	NOKEY
1444243033961	0	lts_1007I_03_01	03	01	1	246	8	1	1	Hit	784	8-0/Aringclamp2.jpg	Aringclamp2.jpg	SPACE	819	SPACE
1444243037038	0	lts_1007I_03_01	03	01	1	247	0	0	0	CR	MAX	cannoli.jpg	cannoli.jpg	NOKEY	MAX	NOKEY
1444243040131	0	lts_1007I_03_01	03	01	1	248	0	0	0	CR	MAX	AANTSTO12.jpg	AANTSTO12.jpg	NOKEY	MAX	NOKEY
1444243041885	0	lts_1007I_03_01	03	01	1	249	0	0	1	FA	1285	16/AROBES4.jpg	AROBES4.jpg	SPACE	1320	NOKEY
1444243043157	0	lts_1007I_03_01	03	01	1	250	64	1	1	Hit	802	64-first/AHARPSIC5.jpg	AHARPSIC5.jpg	SPACE	836	SPACE
1444243046233	0	lts_1007I_03_01	03	01	1	251	0	0	0	CR	MAX	1/ATOWELRA3.jpg	ATOWELRA3.jpg	NOKEY	MAX	NOKEY
1444243047721	0	lts_1007I_03_01	03	01	1	252	1	1	1	Hit	1009	1-12/ATOWELRA3.jpg	ATOWELRA3.jpg	SPACE	1053	SPACE
1444243050796	0	lts_1007I_03_01	03	01	1	253	0	0	0	CR	MAX	AMILKJUG.jpg	AMILKJUG.jpg	NOKEY	MAX	NOKEY
1444243051866	0	lts_1007I_03_01	03	01	1	254	4	1	1	Hit	595	4-mul/AHARPSIC5.jpg	AHARPSIC5.jpg	SPACE	636	SPACE
1444243054942	0	lts_1007I_03_01	03	01	1	255	0	0	0	CR	MAX	1/AANTIQTHE.jpg	AANTIQTHE.jpg	NOKEY	MAX	NOKEY
1444243055862	0	lts_1007I_03_01	03	01	1	256	1	1	1	Hit	450	1-13/AANTIQTHE.jpg	AANTIQTHE.jpg	SPACE	485	SPACE
1444243057133	0	lts_1007I_03_01	03	01	1	257	0	0	1	FA	794	1/wok.jpg	wok.jpg	SPACE	837	NOKEY
1444243058136	0	lts_1007I_03_01	03	01	1	258	1	1	1	Hit	532	1-11/wok.jpg	wok.jpg	SPACE	568	SPACE
1444243061212	0	lts_1007I_03_01	03	01	1	259	0	0	0	CR	MAX	26374135.thl.jpg	26374135.thl.jpg	NOKEY	MAX	NOKEY
1444243064305	0	lts_1007I_03_01	03	01	1	260	0	0	0	CR	MAX	64/racetrack.jpg	racetrack.jpg	NOKEY	MAX	NOKEY
1444243065459	0	lts_1007I_03_01	03	01	1	261	0	0	1	FA	675	AWALKER11.jpg	AWALKER11.jpg	SPACE	719	NOKEY
1444243068535	0	lts_1007I_03_01	03	01	1	262	0	0	0	CR	MAX	1/Aclowguit.jpg	Aclowguit.jpg	NOKEY	MAX	NOKEY
1444243069487	0	lts_1007I_03_01	03	01	1	263	1	1	1	Hit	483	1-3/Aclowguit.jpg	Aclowguit.jpg	SPACE	518	SPACE
1444243072564	0	lts_1007I_03_01	03	01	1	264	0	0	0	CR	MAX	26384637.thl.jpg	26384637.thl.jpg	NOKEY	MAX	NOKEY
1444243073750	0	lts_1007I_03_01	03	01	1	265	16	1	1	Hit	705	16-first/AROBES4.jpg	AROBES4.jpg	SPACE	752	SPACE
1444243076826	0	lts_1007I_03_01	03	01	1	266	0	0	0	CR	MAX	ADIRECSI3.jpg	ADIRECSI3.jpg	NOKEY	MAX	NOKEY
1444243079902	0	lts_1007I_03_01	03	01	1	267	0	0	0	CR	MAX	AFIGHTP16.jpg	AFIGHTP16.jpg	NOKEY	MAX	NOKEY
1444243082978	0	lts_1007I_03_01	03	01	1	268	0	0	0	CR	MAX	ACOPPAN10.jpg	ACOPPAN10.jpg	NOKEY	MAX	NOKEY
1444243086055	0	lts_1007I_03_01	03	01	1	269	0	0	0	CR	MAX	32/Abasket108.jpg	Abasket108.jpg	NOKEY	MAX	NOKEY
1444243087610	0	lts_1007I_03_01	03	01	1	270	00	1	1	Hit	1078	00-across/APITCHE15.jpg	APITCHE15.jpg	SPACE	1120	SPACE
1444243090686	0	lts_1007I_03_01	03	01	1	271	0	0	0	CR	MAX	2/AWOODBOX3.jpg	AWOODBOX3.jpg	NOKEY	MAX	NOKEY
1444243093777	0	lts_1007I_03_01	03	01	1	272	0	0	0	CR	MAX	32/skateboard.jpg	skateboard.jpg	NOKEY	MAX	NOKEY
1444243095099	0	lts_1007I_03_01	03	01	1	273	2	1	1	Hit	841	2-2/AWOODBOX3.jpg	AWOODBOX3.jpg	SPACE	887	SPACE
1444243098175	0	lts_1007I_03_01	03	01	1	274	0	0	0	CR	MAX	AWALKTA25.jpg	AWALKTA25.jpg	NOKEY	MAX	NOKEY
1444243101251	0	lts_1007I_03_01	03	01	1	275	0	0	0	CR	MAX	8018499.thl.jpg	8018499.thl.jpg	NOKEY	MAX	NOKEY
1444243104344	0	lts_1007I_03_01	03	01	1	276	0	0	0	CR	MAX	128/Atoypanda.jpg	Atoypanda.jpg	NOKEY	MAX	NOKEY
1444243105998	0	lts_1007I_03_01	03	01	1	277	00	1	1	Hit	1178	00-across/ARAILLIGH.jpg	ARAILLIGH.jpg	SPACE	1220	SPACE
1444243109075	0	lts_1007I_03_01	03	01	1	278	0	0	0	CR	MAX	128/ACLOWSTE5.jpg	ACLOWSTE5.jpg	NOKEY	MAX	NOKEY
1444243112151	0	lts_1007I_03_01	03	01	1	279	0	0	0	CR	MAX	Awindow19.jpg	Awindow19.jpg	NOKEY	MAX	NOKEY
1444243115227	0	lts_1007I_03_01	03	01	1	280	0	0	0	CR	MAX	keys-a.jpg	keys-a.jpg	NOKEY	MAX	NOKEY
1444243116398	0	lts_1007I_03_01	03	01	1	281	16	1	1	Hit	696	16-mul/AROBES4.jpg	AROBES4.jpg	SPACE	734	SPACE
1444243119474	0	lts_1007I_03_01	03	01	1	282	0	0	0	CR	MAX	2/Ainflatablem6.jpg	Ainflatablem6.jpg	NOKEY	MAX	NOKEY
1444243122550	0	lts_1007I_03_01	03	01	1	283	0	0	0	CR	MAX	128/monkeypuppet.jpg	monkeypuppet.jpg	NOKEY	MAX	NOKEY
1444243123670	0	lts_1007I_03_01	03	01	1	284	2	1	1	Hit	641	2-0/Ainflatablem6.jpg	Ainflatablem6.jpg	SPACE	686	SPACE
1444243126745	0	lts_1007I_03_01	03	01	1	285	0	0	0	CR	MAX	AATOMODEL.jpg	AATOMODEL.jpg	NOKEY	MAX	NOKEY
1444243129821	0	lts_1007I_03_01	03	01	1	286	0	0	0	CR	MAX	ATOOTHBR3.jpg	ATOOTHBR3.jpg	NOKEY	MAX	NOKEY
1444243132897	0	lts_1007I_03_01	03	01	1	287	0	0	0	CR	MAX	Abooties4.jpg	Abooties4.jpg	NOKEY	MAX	NOKEY
1444243135155	0	lts_1007I_03_01	03	01	1	288	0	0	1	FA	1785	4/Ajuicer9.jpg	Ajuicer9.jpg	SPACE	1823	NOKEY
1444243138231	0	lts_1007I_03_01	03	01	1	289	0	0	0	CR	MAX	22853544.thl.jpg	22853544.thl.jpg	NOKEY	MAX	NOKEY
1444243139401	0	lts_1007I_03_01	03	01	1	290	0	0	1	FA	690	ADRESSE14.jpg	ADRESSE14.jpg	SPACE	735	NOKEY
1444243142477	0	lts_1007I_03_01	03	01	1	291	0	0	0	CR	MAX	Aornamentalt5.jpg	Aornamentalt5.jpg	NOKEY	MAX	NOKEY
1444243143947	0	lts_1007I_03_01	03	01	1	292	4	1	1	Hit	995	4-0/Ajuicer9.jpg	Ajuicer9.jpg	SPACE	1036	SPACE
1444243147024	0	lts_1007I_03_01	03	01	1	293	0	0	0	CR	MAX	26433849.thl.jpg	26433849.thl.jpg	NOKEY	MAX	NOKEY
1444243150101	0	lts_1007I_03_01	03	01	1	294	0	0	0	CR	MAX	1/Abridge9.jpg	Abridge9.jpg	NOKEY	MAX	NOKEY
1444243151104	0	lts_1007I_03_01	03	01	1	295	1	1	1	Hit	517	1-10/Abridge9.jpg	Abridge9.jpg	SPACE	568	SPACE
1444243154180	0	lts_1007I_03_01	03	01	1	296	0	0	0	CR	MAX	2/26387436.thl.jpg	26387436.thl.jpg	NOKEY	MAX	NOKEY
1444243157256	0	lts_1007I_03_01	03	01	1	297	0	0	0	CR	MAX	APOTGOLD2.jpg	APOTGOLD2.jpg	NOKEY	MAX	NOKEY
1444243159111	0	lts_1007I_03_01	03	01	1	298	2	1	1	Hit	1381	2-9/26387436.thl.jpg	26387436.thl.jpg	SPACE	1421	SPACE
1444243162187	0	lts_1007I_03_01	03	01	1	299	0	0	0	CR	MAX	ABOAT16.jpg	ABOAT16.jpg	NOKEY	MAX	NOKEY
1444243165280	0	lts_1007I_03_01	03	01	1	300	0	0	0	CR	MAX	ABATHTAP.jpg	ABATHTAP.jpg	NOKEY	MAX	NOKEY
1444243166333	0	lts_1007I_03_01	03	01	1	301	32	1	1	Hit	578	32-6/Abasket108.jpg	Abasket108.jpg	SPACE	617	SPACE
1444243169410	0	lts_1007I_03_01	03	01	1	302	0	0	0	CR	MAX	APEELER.jpg	APEELER.jpg	NOKEY	MAX	NOKEY
1444243172486	0	lts_1007I_03_01	03	01	1	303	0	0	0	CR	MAX	Acanadagoose.jpg	Acanadagoose.jpg	NOKEY	MAX	NOKEY
1444243173989	0	lts_1007I_03_01	03	01	1	304	32	1	1	Hit	1026	32-7/skateboard.jpg	skateboard.jpg	SPACE	1070	SPACE
1444243177066	0	lts_1007I_03_01	03	01	1	305	0	0	0	CR	MAX	Arubbergloves.jpg	Arubbergloves.jpg	NOKEY	MAX	NOKEY
1444243178971	0	lts_1007I_03_01	03	01	1	306	0	0	1	FA	1423	ABEARIN28.jpg	ABEARIN28.jpg	SPACE	1471	NOKEY
1444243182048	0	lts_1007I_03_01	03	01	1	307	0	0	0	CR	MAX	8/Atelecommuni4.jpg	Atelecommuni4.jpg	NOKEY	MAX	NOKEY
1444243183352	0	lts_1007I_03_01	03	01	1	308	64	1	1	Hit	825	64-first/APROSTAR2.jpg	APROSTAR2.jpg	SPACE	868	SPACE
1444243185174	0	lts_1007I_03_01	03	01	1	309	0	0	1	FA	1340	1/Apercussioni3.jpg	Apercussioni3.jpg	SPACE	1386	NOKEY
1444243186161	0	lts_1007I_03_01	03	01	1	310	1	1	1	Hit	505	1-6/Apercussioni3.jpg	Apercussioni3.jpg	SPACE	551	SPACE
1444243189237	0	lts_1007I_03_01	03	01	1	311	0	0	0	CR	MAX	brownie.jpg	brownie.jpg	NOKEY	MAX	NOKEY
1444243190491	0	lts_1007I_03_01	03	01	1	312	4	1	1	Hit	769	4-mul/APROSTAR2.jpg	APROSTAR2.jpg	SPACE	819	SPACE
1444243193567	0	lts_1007I_03_01	03	01	1	313	0	0	0	CR	MAX	APANTRAC2.jpg	APANTRAC2.jpg	NOKEY	MAX	NOKEY
1444243196208	0	lts_1007I_03_01	03	01	1	314	0	0	1	FA	2148	Abasket110.jpg	Abasket110.jpg	SPACE	2189	NOKEY
1444243197545	0	lts_1007I_03_01	03	01	1	315	8	1	1	Hit	858	8-first/Atelecommuni4.jpg	Atelecommuni4.jpg	SPACE	902	SPACE
1444243198965	0	lts_1007I_03_01	03	01	1	316	0	0	1	FA	950	AWASHRACK.jpg	AWASHRACK.jpg	SPACE	986	NOKEY
1444243202043	0	lts_1007I_03_01	03	01	1	317	0	0	0	CR	MAX	Aammonitefo14.jpg	Aammonitefo14.jpg	NOKEY	MAX	NOKEY
1444243205119	0	lts_1007I_03_01	03	01	1	318	0	0	0	CR	MAX	1/Acow60.jpg	Acow60.jpg	NOKEY	MAX	NOKEY
1444243206372	0	lts_1007I_03_01	03	01	1	319	1	1	1	Hit	775	1-1/Acow60.jpg	Acow60.jpg	SPACE	818	SPACE
1444243209449	0	lts_1007I_03_01	03	01	1	320	0	0	0	CR	MAX	AMUSICSTA.jpg	AMUSICSTA.jpg	NOKEY	MAX	NOKEY
1444243212525	0	lts_1007I_03_01	03	01	1	321	0	0	0	CR	MAX	32/22856172.thl.jpg	22856172.thl.jpg	NOKEY	MAX	NOKEY
1444243215601	0	lts_1007I_03_01	03	01	1	322	0	0	0	CR	MAX	16247853.thl.jpg	16247853.thl.jpg	NOKEY	MAX	NOKEY
1444243218694	0	lts_1007I_03_01	03	01	1	323	0	0	0	CR	MAX	Areceiptmach2.jpg	Areceiptmach2.jpg	NOKEY	MAX	NOKEY
1444243220966	0	lts_1007I_03_01	03	01	1	324	64	1	1	Hit	1788	64-first/racetrack.jpg	racetrack.jpg	SPACE	1839	SPACE
1444243224043	0	lts_1007I_03_01	03	01	1	325	0	0	0	CR	MAX	Apenguin2.jpg	Apenguin2.jpg	NOKEY	MAX	NOKEY
1444243227119	0	lts_1007I_03_01	03	01	1	326	0	0	0	CR	MAX	AHUMIDIFI.jpg	AHUMIDIFI.jpg	NOKEY	MAX	NOKEY
1444243230028	0	lts_1007I_03_01	03	01	1	327	128	1	1	Hit	2436	128-6/Abucket51.jpg	Abucket51.jpg	SPACE	2474	SPACE
1444243233104	0	lts_1007I_03_01	03	01	1	328	0	0	0	CR	MAX	26434546.thl.jpg	26434546.thl.jpg	NOKEY	MAX	NOKEY
1444243235461	0	lts_1007I_03_01	03	01	1	329	0	0	1	FA	1884	26441750.thl.jpg	26441750.thl.jpg	SPACE	1922	NOKEY
1444243238538	0	lts_1007I_03_01	03	01	1	330	0	0	0	CR	MAX	AWOODST11.jpg	AWOODST11.jpg	NOKEY	MAX	NOKEY
1444243239624	0	lts_1007I_03_01	03	01	1	331	16	1	1	Hit	615	16-mul/Atelecommuni4.jpg	Atelecommuni4.jpg	SPACE	652	SPACE
1444243242700	0	lts_1007I_03_01	03	01	1	332	0	0	0	CR	MAX	22824840.thl.jpg	22824840.thl.jpg	NOKEY	MAX	NOKEY
1444243244054	0	lts_1007I_03_01	03	01	1	333	128	1	1	Hit	880	128-1/ADRYRACK2.jpg	ADRYRACK2.jpg	SPACE	919	SPACE
1444243245225	0	lts_1007I_03_01	03	01	1	334	0	0	1	FA	685	AHOOK11.jpg	AHOOK11.jpg	SPACE	734	NOKEY
1444243248301	0	lts_1007I_03_01	03	01	1	335	0	0	0	CR	MAX	32/A3bday5.jpg	A3bday5.jpg	NOKEY	MAX	NOKEY
1444243251377	0	lts_1007I_03_01	03	01	1	336	0	0	0	CR	MAX	1/Abicyclehand5.jpg	Abicyclehand5.jpg	NOKEY	MAX	NOKEY
1444243252747	0	lts_1007I_03_01	03	01	1	337	1	1	1	Hit	888	1-8/Abicyclehand5.jpg	Abicyclehand5.jpg	SPACE	936	SPACE
1444243255823	0	lts_1007I_03_01	03	01	1	338	0	0	0	CR	MAX	APARSLEY.jpg	APARSLEY.jpg	NOKEY	MAX	NOKEY
1444243258899	0	lts_1007I_03_01	03	01	1	339	0	0	0	CR	MAX	16/Aacupuncture2.jpg	Aacupuncture2.jpg	NOKEY	MAX	NOKEY
1444243261708	0	lts_1007I_03_01	03	01	1	340	16	1	1	Hit	2327	16-mul/racetrack.jpg	racetrack.jpg	SPACE	2375	SPACE
1444243264783	0	lts_1007I_03_01	03	01	1	341	0	0	0	CR	MAX	2/Ajesusstatue2.jpg	Ajesusstatue2.jpg	NOKEY	MAX	NOKEY
1444243266406	0	lts_1007I_03_01	03	01	1	342	0	0	1	FA	1148	32/AFERRAF40.jpg	AFERRAF40.jpg	SPACE	1187	NOKEY
1444243267459	0	lts_1007I_03_01	03	01	1	343	2	1	1	Hit	568	2-3/Ajesusstatue2.jpg	Ajesusstatue2.jpg	SPACE	618	SPACE
1444243270535	0	lts_1007I_03_01	03	01	1	344	0	0	0	CR	MAX	26425370.thl.jpg	26425370.thl.jpg	NOKEY	MAX	NOKEY
1444243272958	0	lts_1007I_03_01	03	01	1	345	0	0	1	FA	1946	23016343.thl.jpg	23016343.thl.jpg	SPACE	1989	NOKEY
1444243276035	0	lts_1007I_03_01	03	01	1	346	0	0	0	CR	MAX	ADOGTOY5.jpg	ADOGTOY5.jpg	NOKEY	MAX	NOKEY
1444243277172	0	lts_1007I_03_01	03	01	1	347	0	0	1	FA	663	ANUTCRA10.jpg	ANUTCRA10.jpg	SPACE	701	NOKEY
1444243280248	0	lts_1007I_03_01	03	01	1	348	0	0	0	CR	MAX	APUPPY26.jpg	APUPPY26.jpg	NOKEY	MAX	NOKEY
1444243283324	0	lts_1007I_03_01	03	01	1	349	0	0	0	CR	MAX	64/Atoyhomeoffi4.jpg	Atoyhomeoffi4.jpg	NOKEY	MAX	NOKEY
1444243284428	0	lts_1007I_03_01	03	01	1	350	0	0	1	FA	628	26427867.thl.jpg	26427867.thl.jpg	SPACE	668	NOKEY
1444243287504	0	lts_1007I_03_01	03	01	1	351	0	0	0	CR	MAX	8/26423812.thl.jpg	26423812.thl.jpg	NOKEY	MAX	NOKEY
1444243290580	0	lts_1007I_03_01	03	01	1	352	0	0	0	CR	MAX	ATOWER3.jpg	ATOWER3.jpg	NOKEY	MAX	NOKEY
1444243292118	0	lts_1007I_03_01	03	01	1	353	32	1	1	Hit	1056	32-9/22856172.thl.jpg	22856172.thl.jpg	SPACE	1104	SPACE
1444243295194	0	lts_1007I_03_01	03	01	1	354	0	0	0	CR	MAX	31023139.thl.jpg	31023139.thl.jpg	NOKEY	MAX	NOKEY
1444243296781	0	lts_1007I_03_01	03	01	1	355	16	1	1	Hit	1109	16-first/Aacupuncture2.jpg	Aacupuncture2.jpg	SPACE	1154	SPACE
1444243299857	0	lts_1007I_03_01	03	01	1	356	0	0	0	CR	MAX	Abat5.jpg	Abat5.jpg	NOKEY	MAX	NOKEY
1444243301563	0	lts_1007I_03_01	03	01	1	357	2	1	1	Hit	1223	2-mul/Aacupuncture2.jpg	Aacupuncture2.jpg	SPACE	1271	SPACE
1444243304639	0	lts_1007I_03_01	03	01	1	358	0	0	0	CR	MAX	Atoydoll12.jpg	Atoydoll12.jpg	NOKEY	MAX	NOKEY
1444243306144	0	lts_1007I_03_01	03	01	1	359	8	1	1	Hit	1033	8-1/26423812.thl.jpg	26423812.thl.jpg	SPACE	1070	SPACE
1444243309220	0	lts_1007I_03_01	03	01	1	360	0	0	0	CR	MAX	Ahumidifier.jpg	Ahumidifier.jpg	NOKEY	MAX	NOKEY
1444243312296	0	lts_1007I_03_01	03	01	1	361	0	0	0	CR	MAX	4/AVACUUM4.jpg	AVACUUM4.jpg	NOKEY	MAX	NOKEY
1444243315389	0	lts_1007I_03_01	03	01	1	362	0	0	0	CR	MAX	beanbagchair.jpg	beanbagchair.jpg	NOKEY	MAX	NOKEY
1444243317495	0	lts_1007I_03_01	03	01	1	363	0	0	1	FA	1629	8249141.thl.jpg	8249141.thl.jpg	SPACE	1672	NOKEY
1444243320571	0	lts_1007I_03_01	03	01	1	364	0	0	0	CR	MAX	batslbir.jpg	batslbir.jpg	NOKEY	MAX	NOKEY
1444243321658	0	lts_1007I_03_01	03	01	1	365	4	1	1	Hit	616	4-4/AVACUUM4.jpg	AVACUUM4.jpg	SPACE	652	SPACE
1444243324733	0	lts_1007I_03_01	03	01	1	366	0	0	0	CR	MAX	16/AORIGIRL3.jpg	AORIGIRL3.jpg	NOKEY	MAX	NOKEY
1444243325937	0	lts_1007I_03_01	03	01	1	367	32	1	1	Hit	724	32-8/A3bday5.jpg	A3bday5.jpg	SPACE	770	SPACE
1444243329014	0	lts_1007I_03_01	03	01	1	368	0	0	0	CR	MAX	AKETTLE35.jpg	AKETTLE35.jpg	NOKEY	MAX	NOKEY
1444243332090	0	lts_1007I_03_01	03	01	1	369	0	0	0	CR	MAX	ALITTERB2.jpg	ALITTERB2.jpg	NOKEY	MAX	NOKEY
1444243335166	0	lts_1007I_03_01	03	01	1	370	0	0	0	CR	MAX	ASCSIPORT.jpg	ASCSIPORT.jpg	NOKEY	MAX	NOKEY
1444243338242	0	lts_1007I_03_01	03	01	1	371	0	0	0	CR	MAX	64/ACEMPOST.jpg	ACEMPOST.jpg	NOKEY	MAX	NOKEY
1444243341318	0	lts_1007I_03_01	03	01	1	372	0	0	0	CR	MAX	ABLACKB14.jpg	ABLACKB14.jpg	NOKEY	MAX	NOKEY
1444243344394	0	lts_1007I_03_01	03	01	1	373	0	0	0	CR	MAX	4/AFISH20.jpg	AFISH20.jpg	NOKEY	MAX	NOKEY
1444243345498	0	lts_1007I_03_01	03	01	1	374	32	1	1	Hit	629	32-4/AFERRAF40.jpg	AFERRAF40.jpg	SPACE	669	SPACE
1444243348574	0	lts_1007I_03_01	03	01	1	375	0	0	0	CR	MAX	Astapler12.jpg	Astapler12.jpg	NOKEY	MAX	NOKEY
1444243351650	0	lts_1007I_03_01	03	01	1	376	0	0	0	CR	MAX	22911908.thl.jpg	22911908.thl.jpg	NOKEY	MAX	NOKEY
1444243352752	0	lts_1007I_03_01	03	01	1	377	4	1	1	Hit	624	4-2/AFISH20.jpg	AFISH20.jpg	SPACE	669	SPACE
1444243355828	0	lts_1007I_03_01	03	01	1	378	0	0	0	CR	MAX	AARTICHO1.jpg	AARTICHO1.jpg	NOKEY	MAX	NOKEY
1444243357033	0	lts_1007I_03_01	03	01	1	379	00	1	1	Hit	726	00-across/potato.jpg	potato.jpg	SPACE	770	SPACE
1444243360109	0	lts_1007I_03_01	03	01	1	380	0	0	0	CR	MAX	A_flower.jpg	A_flower.jpg	NOKEY	MAX	NOKEY
1444243363235	0	lts_1007I_03_01	03	01	1	381	0	0	0	CR	MAX	AFIREPANT.jpg	AFIREPANT.jpg	NOKEY	MAX	NOKEY
1444243365275	0	lts_1007I_03_01	03	01	1	382	16	1	1	Hit	1559	16-first/AORIGIRL3.jpg	AORIGIRL3.jpg	SPACE	1604	SPACE
1444243368351	0	lts_1007I_03_01	03	01	1	383	0	0	0	CR	MAX	8024597.thl.jpg	8024597.thl.jpg	NOKEY	MAX	NOKEY
1444243371427	0	lts_1007I_03_01	03	01	1	384	0	0	0	CR	MAX	Aboardgame2.jpg	Aboardgame2.jpg	NOKEY	MAX	NOKEY
1444243374520	0	lts_1007I_03_01	03	01	1	385	0	0	0	CR	MAX	Awomansshoe3.jpg	Awomansshoe3.jpg	NOKEY	MAX	NOKEY
1444243377596	0	lts_1007I_03_01	03	01	1	386	0	0	0	CR	MAX	4/ANWSPAPER.jpg	ANWSPAPER.jpg	NOKEY	MAX	NOKEY
1444243380672	0	lts_1007I_03_01	03	01	1	387	0	0	0	CR	MAX	22851864.thl.jpg	22851864.thl.jpg	NOKEY	MAX	NOKEY
1444243383747	0	lts_1007I_03_01	03	01	1	388	0	0	0	CR	MAX	Apinkshoe.jpg	Apinkshoe.jpg	NOKEY	MAX	NOKEY
1444243386823	0	lts_1007I_03_01	03	01	1	389	0	0	0	CR	MAX	AELECSAW.jpg	AELECSAW.jpg	NOKEY	MAX	NOKEY
1444243388613	0	lts_1007I_03_01	03	01	1	390	4	1	1	Hit	1309	4-7/ANWSPAPER.jpg	ANWSPAPER.jpg	SPACE	1355	SPACE
1444243391689	0	lts_1007I_03_01	03	01	1	391	0	0	0	CR	MAX	Arubberworksh.jpg	Arubberworksh.jpg	NOKEY	MAX	NOKEY
1444243394764	0	lts_1007I_03_01	03	01	1	392	0	0	0	CR	MAX	ACUSHIO12.jpg	ACUSHIO12.jpg	NOKEY	MAX	NOKEY
1444243397840	0	lts_1007I_03_01	03	01	1	393	0	0	0	CR	MAX	2/Apitchfork4.jpg	Apitchfork4.jpg	NOKEY	MAX	NOKEY
1444243400916	0	lts_1007I_03_01	03	01	1	394	0	0	0	CR	MAX	AMOUSWHEE.jpg	AMOUSWHEE.jpg	NOKEY	MAX	NOKEY
1444243402522	0	lts_1007I_03_01	03	01	1	395	2	1	1	Hit	1124	2-1/Apitchfork4.jpg	Apitchfork4.jpg	SPACE	1172	SPACE
1444243405598	0	lts_1007I_03_01	03	01	1	396	0	0	0	CR	MAX	cowboywagon.jpg	cowboywagon.jpg	NOKEY	MAX	NOKEY
1444243408674	0	lts_1007I_03_01	03	01	1	397	0	0	0	CR	MAX	Abathroomcup3.jpg	Abathroomcup3.jpg	NOKEY	MAX	NOKEY
1444243410913	0	lts_1007I_03_01	03	01	1	398	16	1	1	Hit	1768	16-mul/AORIGIRL3.jpg	AORIGIRL3.jpg	SPACE	1805	SPACE
1444243413989	0	lts_1007I_03_01	03	01	1	399	0	0	0	CR	MAX	Aclamp58.jpg	Aclamp58.jpg	NOKEY	MAX	NOKEY
1444243417066	0	lts_1007I_03_01	03	01	1	400	0	0	0	CR	MAX	2/26439074.thl.jpg	26439074.thl.jpg	NOKEY	MAX	NOKEY
1444243420142	0	lts_1007I_03_01	03	01	1	401	0	0	0	CR	MAX	36411474.thl.jpg	36411474.thl.jpg	NOKEY	MAX	NOKEY
1444243421796	0	lts_1007I_03_01	03	01	1	402	2	1	1	Hit	1170	2-7/26439074.thl.jpg	26439074.thl.jpg	SPACE	1220	SPACE
1444243424873	0	lts_1007I_03_01	03	01	1	403	0	0	0	CR	MAX	Ahotwaterbot2.jpg	Ahotwaterbot2.jpg	NOKEY	MAX	NOKEY
1444243427949	0	lts_1007I_03_01	03	01	1	404	128	1	0	Miss	MAX	128-2/Atoypanda.jpg	Atoypanda.jpg	NOKEY	MAX	SPACE
1444243431026	0	lts_1007I_03_01	03	01	1	405	0	0	0	CR	MAX	16/ACOWBOYH3.jpg	ACOWBOYH3.jpg	NOKEY	MAX	NOKEY
1444243432162	0	lts_1007I_03_01	03	01	1	406	128	1	1	Hit	655	128-5/ACLOWSTE5.jpg	ACLOWSTE5.jpg	SPACE	701	SPACE
1444243435238	0	lts_1007I_03_01	03	01	1	407	0	0	0	CR	MAX	Apowerbar7.jpg	Apowerbar7.jpg	NOKEY	MAX	NOKEY
1444243438315	0	lts_1007I_03_01	03	01	1	408	0	0	0	CR	MAX	zip-a.jpg	zip-a.jpg	NOKEY	MAX	NOKEY
1444243441391	0	lts_1007I_03_01	03	01	1	409	0	0	0	CR	MAX	Apulley71.jpg	Apulley71.jpg	NOKEY	MAX	NOKEY
1444243444467	0	lts_1007I_03_01	03	01	1	410	0	0	0	CR	MAX	32/Aclamp42.jpg	Aclamp42.jpg	NOKEY	MAX	NOKEY
1444243447543	0	lts_1007I_03_01	03	01	1	411	128	1	0	Miss	MAX	128-4/monkeypuppet.jpg	monkeypuppet.jpg	NOKEY	MAX	SPACE
1444243450619	0	lts_1007I_03_01	03	01	1	412	0	0	0	CR	MAX	26427903.thl.jpg	26427903.thl.jpg	NOKEY	MAX	NOKEY
1444243452424	0	lts_1007I_03_01	03	01	1	413	64	1	1	Hit	1324	64-first/Atoyhomeoffi4.jpg	Atoyhomeoffi4.jpg	SPACE	1371	SPACE
1444243455500	0	lts_1007I_03_01	03	01	1	414	0	0	0	CR	MAX	Areceptacle3.jpg	Areceptacle3.jpg	NOKEY	MAX	NOKEY
1444243456554	0	lts_1007I_03_01	03	01	1	415	2	1	1	Hit	575	2-mul/Atoyhomeoffi4.jpg	Atoyhomeoffi4.jpg	SPACE	618	SPACE
1444243457756	0	lts_1007I_03_01	03	01	1	416	0	0	1	FA	723	2/AANBABYCA.jpg	AANBABYCA.jpg	SPACE	769	NOKEY
1444243460849	0	lts_1007I_03_01	03	01	1	417	0	0	0	CR	MAX	APAINTJ11.jpg	APAINTJ11.jpg	NOKEY	MAX	NOKEY
1444243462171	0	lts_1007I_03_01	03	01	1	418	2	1	1	Hit	840	2-12/AANBABYCA.jpg	AANBABYCA.jpg	SPACE	886	SPACE
1444243465247	0	lts_1007I_03_01	03	01	1	419	0	0	0	CR	MAX	26423175.thl.jpg	26423175.thl.jpg	NOKEY	MAX	NOKEY
1444243468323	0	lts_1007I_03_01	03	01	1	420	0	0	0	CR	MAX	Ahandbag55.jpg	Ahandbag55.jpg	NOKEY	MAX	NOKEY
1444243469760	0	lts_1007I_03_01	03	01	1	421	16	1	1	Hit	968	16-1/ACOWBOYH3.jpg	ACOWBOYH3.jpg	SPACE	1003	SPACE
1444243472836	0	lts_1007I_03_01	03	01	1	422	0	0	0	CR	MAX	8/ABORKEHOR.jpg	ABORKEHOR.jpg	NOKEY	MAX	NOKEY
1444243475912	0	lts_1007I_03_01	03	01	1	423	0	0	0	CR	MAX	Askirt3.jpg	Askirt3.jpg	NOKEY	MAX	NOKEY
1444243478988	0	lts_1007I_03_01	03	01	1	424	0	0	0	CR	MAX	ATOILROL2.jpg	ATOILROL2.jpg	NOKEY	MAX	NOKEY
1444243482065	0	lts_1007I_03_01	03	01	1	425	0	0	0	CR	MAX	2/26379054.thl.jpg	26379054.thl.jpg	NOKEY	MAX	NOKEY
1444243485158	0	lts_1007I_03_01	03	01	1	426	0	0	0	CR	MAX	ACEDAR.jpg	ACEDAR.jpg	NOKEY	MAX	NOKEY
1444243486612	0	lts_1007I_03_01	03	01	1	427	2	1	1	Hit	984	2-5/26379054.thl.jpg	26379054.thl.jpg	SPACE	1020	SPACE
1444243489688	0	lts_1007I_03_01	03	01	1	428	0	0	0	CR	MAX	Afusehousing.jpg	Afusehousing.jpg	NOKEY	MAX	NOKEY
1444243492763	0	lts_1007I_03_01	03	01	1	429	0	0	0	CR	MAX	Asandal7.jpg	Asandal7.jpg	NOKEY	MAX	NOKEY
1444243495839	0	lts_1007I_03_01	03	01	1	430	8	1	0	Miss	MAX	8-first/ABORKEHOR.jpg	ABORKEHOR.jpg	NOKEY	MAX	SPACE
1444243498915	0	lts_1007I_03_01	03	01	1	431	0	0	0	CR	MAX	1/AGARDHOSE.jpg	AGARDHOSE.jpg	NOKEY	MAX	NOKEY
1444243500505	0	lts_1007I_03_01	03	01	1	432	1	1	1	Hit	1112	1-7/AGARDHOSE.jpg	AGARDHOSE.jpg	SPACE	1155	SPACE
1444243503581	0	lts_1007I_03_01	03	01	1	433	0	0	0	CR	MAX	BeautyNBeast.jpg	BeautyNBeast.jpg	NOKEY	MAX	NOKEY
1444243506657	0	lts_1007I_03_01	03	01	1	434	0	0	0	CR	MAX	gingerbreadcookie.jpg	gingerbreadcookie.jpg	NOKEY	MAX	NOKEY
1444243507843	0	lts_1007I_03_01	03	01	1	435	64	1	1	Hit	716	64-first/ACEMPOST.jpg	ACEMPOST.jpg	SPACE	753	SPACE
1444243510919	0	lts_1007I_03_01	03	01	1	436	0	0	0	CR	MAX	4/AGRENADIN.jpg	AGRENADIN.jpg	NOKEY	MAX	NOKEY
1444243511955	0	lts_1007I_03_01	03	01	1	437	2	1	1	Hit	554	2-mul/ACEMPOST.jpg	ACEMPOST.jpg	SPACE	603	SPACE
1444243515032	0	lts_1007I_03_01	03	01	1	438	0	0	0	CR	MAX	fortune-cookie.jpg	fortune-cookie.jpg	NOKEY	MAX	NOKEY
1444243518108	0	lts_1007I_03_01	03	01	1	439	0	0	0	CR	MAX	22910996.thl.jpg	22910996.thl.jpg	NOKEY	MAX	NOKEY
1444243519563	0	lts_1007I_03_01	03	01	1	440	4	1	1	Hit	976	4-9/AGRENADIN.jpg	AGRENADIN.jpg	SPACE	1020	SPACE
1444243522639	0	lts_1007I_03_01	03	01	1	441	0	0	0	CR	MAX	AWIG10.jpg	AWIG10.jpg	NOKEY	MAX	NOKEY
1444243524461	0	lts_1007I_03_01	03	01	1	442	32	1	1	Hit	1341	32-5/Aclamp42.jpg	Aclamp42.jpg	SPACE	1388	SPACE
1444243527537	0	lts_1007I_03_01	03	01	1	443	0	0	0	CR	MAX	neckrest.jpg	neckrest.jpg	NOKEY	MAX	NOKEY
1444243530613	0	lts_1007I_03_01	03	01	1	444	0	0	0	CR	MAX	Awoodplaner2.jpg	Awoodplaner2.jpg	NOKEY	MAX	NOKEY
1444243533689	0	lts_1007I_03_01	03	01	1	445	0	0	0	CR	MAX	35311992.thl.jpg	35311992.thl.jpg	NOKEY	MAX	NOKEY
1444243535361	0	lts_1007I_03_01	03	01	1	446	16	1	1	Hit	1195	16-mul/ABORKEHOR.jpg	ABORKEHOR.jpg	SPACE	1236	SPACE
1444243538454	0	lts_1007I_03_01	03	01	1	447	0	0	0	CR	MAX	1/AAIRBOWER.jpg	AAIRBOWER.jpg	NOKEY	MAX	NOKEY
1444243539824	0	lts_1007I_03_01	03	01	1	448	1	1	1	Hit	887	1-14/AAIRBOWER.jpg	AAIRBOWER.jpg	SPACE	937	SPACE
1444243542900	0	lts_1007I_03_01	03	01	1	449	0	0	0	CR	MAX	APILHELM2.jpg	APILHELM2.jpg	NOKEY	MAX	NOKEY
1444243550986	0	E	Logging Ends
