1445885805916	0	B	Logging Begins
1445886105691	0	lts_1026I_10_01	10	01	0	0	0	0	0	CR	MAX	BeautyNBeast.jpg	BeautyNBeast.jpg	NOKEY	MAX	NOKEY
1445886108767	0	lts_1026I_10_01	10	01	0	1	0	0	0	CR	MAX	Avacuum20.jpg	Avacuum20.jpg	NOKEY	MAX	NOKEY
1445886111843	0	lts_1026I_10_01	10	01	0	2	0	0	0	CR	MAX	2/Afeatherhat.jpg	Afeatherhat.jpg	NOKEY	MAX	NOKEY
1445886114919	0	lts_1026I_10_01	10	01	0	3	0	0	0	CR	MAX	16/26428545.thl.jpg	26428545.thl.jpg	NOKEY	MAX	NOKEY
1445886116089	0	lts_1026I_10_01	10	01	0	4	2	1	1	Hit	692	2-13/Afeatherhat.jpg	Afeatherhat.jpg	SPACE	736	SPACE
1445886119165	0	lts_1026I_10_01	10	01	0	5	0	0	0	CR	MAX	4/Avicegriptool.jpg	Avicegriptool.jpg	NOKEY	MAX	NOKEY
1445886122241	0	lts_1026I_10_01	10	01	0	6	0	0	0	CR	MAX	Abottleofchi2.jpg	Abottleofchi2.jpg	NOKEY	MAX	NOKEY
1445886125317	0	lts_1026I_10_01	10	01	0	7	0	0	0	CR	MAX	Aceramicjug16.jpg	Aceramicjug16.jpg	NOKEY	MAX	NOKEY
1445886128393	0	lts_1026I_10_01	10	01	0	8	0	0	0	CR	MAX	4/largemacscreen.jpg	largemacscreen.jpg	NOKEY	MAX	NOKEY
1445886129380	0	lts_1026I_10_01	10	01	0	9	4	1	1	Hit	507	4-3/Avicegriptool.jpg	Avicegriptool.jpg	SPACE	552	SPACE
1445886132456	0	lts_1026I_10_01	10	01	0	10	0	0	0	CR	MAX	jumpmattress.jpg	jumpmattress.jpg	NOKEY	MAX	NOKEY
1445886135532	0	lts_1026I_10_01	10	01	0	11	0	0	0	CR	MAX	APEPPSHA4.jpg	APEPPSHA4.jpg	NOKEY	MAX	NOKEY
1445886136568	0	lts_1026I_10_01	10	01	0	12	4	1	1	Hit	555	4-9/largemacscreen.jpg	largemacscreen.jpg	SPACE	602	SPACE
1445886139644	0	lts_1026I_10_01	10	01	0	13	0	0	0	CR	MAX	4/Acheque.jpg	Acheque.jpg	NOKEY	MAX	NOKEY
1445886142720	0	lts_1026I_10_01	10	01	0	14	0	0	0	CR	MAX	1/cannoli.jpg	cannoli.jpg	NOKEY	MAX	NOKEY
1445886143707	0	lts_1026I_10_01	10	01	0	15	1	1	1	Hit	504	1-13/cannoli.jpg	cannoli.jpg	SPACE	552	SPACE
1445886146783	0	lts_1026I_10_01	10	01	0	16	0	0	0	CR	MAX	22853352.thl.jpg	22853352.thl.jpg	NOKEY	MAX	NOKEY
1445886147803	0	lts_1026I_10_01	10	01	0	17	4	1	1	Hit	538	4-0/Acheque.jpg	Acheque.jpg	SPACE	586	SPACE
1445886150879	0	lts_1026I_10_01	10	01	0	18	0	0	0	CR	MAX	64/ACOFFPOT3.jpg	ACOFFPOT3.jpg	NOKEY	MAX	NOKEY
1445886151832	0	lts_1026I_10_01	10	01	0	19	16	1	1	Hit	469	16-first/26428545.thl.jpg	26428545.thl.jpg	SPACE	518	SPACE
1445886154908	0	lts_1026I_10_01	10	01	0	20	0	0	0	CR	MAX	APALLETT2.jpg	APALLETT2.jpg	NOKEY	MAX	NOKEY
1445886155844	0	lts_1026I_10_01	10	01	0	21	2	1	1	Hit	455	2-mul/26428545.thl.jpg	26428545.thl.jpg	SPACE	502	SPACE
1445886158920	0	lts_1026I_10_01	10	01	0	22	0	0	0	CR	MAX	AFBLADE.jpg	AFBLADE.jpg	NOKEY	MAX	NOKEY
1445886161996	0	lts_1026I_10_01	10	01	0	23	0	0	0	CR	MAX	2/Apinkshoe.jpg	Apinkshoe.jpg	NOKEY	MAX	NOKEY
1445886165089	0	lts_1026I_10_01	10	01	0	24	0	0	0	CR	MAX	128/Abeverage11.jpg	Abeverage11.jpg	NOKEY	MAX	NOKEY
1445886166026	0	lts_1026I_10_01	10	01	0	25	2	1	1	Hit	453	2-4/Apinkshoe.jpg	Apinkshoe.jpg	SPACE	502	SPACE
1445886167346	0	lts_1026I_10_01	10	01	0	26	0	0	1	FA	849	64/AIDENTIFI.jpg	AIDENTIFI.jpg	SPACE	884	NOKEY
1445886170422	0	lts_1026I_10_01	10	01	0	27	0	0	0	CR	MAX	AWOODST11.jpg	AWOODST11.jpg	NOKEY	MAX	NOKEY
1445886173498	0	lts_1026I_10_01	10	01	0	28	0	0	0	CR	MAX	A4DOMINO.jpg	A4DOMINO.jpg	NOKEY	MAX	NOKEY
1445886176574	0	lts_1026I_10_01	10	01	0	29	0	0	0	CR	MAX	ANUTS2.jpg	ANUTS2.jpg	NOKEY	MAX	NOKEY
1445886179650	0	lts_1026I_10_01	10	01	0	30	0	0	0	CR	MAX	64/tires.jpg	tires.jpg	NOKEY	MAX	NOKEY
1445886182726	0	lts_1026I_10_01	10	01	0	31	0	0	0	CR	MAX	1/22824840.thl.jpg	22824840.thl.jpg	NOKEY	MAX	NOKEY
1445886183696	0	lts_1026I_10_01	10	01	0	32	1	1	1	Hit	491	1-4/22824840.thl.jpg	22824840.thl.jpg	SPACE	535	SPACE
1445886184816	0	lts_1026I_10_01	10	01	0	33	0	0	1	FA	640	8/8021743.thl.jpg	8021743.thl.jpg	SPACE	686	NOKEY
1445886187892	0	lts_1026I_10_01	10	01	0	34	0	0	0	CR	MAX	Alambtoy6.jpg	Alambtoy6.jpg	NOKEY	MAX	NOKEY
1445886190968	0	lts_1026I_10_01	10	01	0	35	0	0	0	CR	MAX	APARSLEY.jpg	APARSLEY.jpg	NOKEY	MAX	NOKEY
1445886194045	0	lts_1026I_10_01	10	01	0	36	0	0	0	CR	MAX	26429097.thl.jpg	26429097.thl.jpg	NOKEY	MAX	NOKEY
1445886197120	0	lts_1026I_10_01	10	01	0	37	0	0	0	CR	MAX	8/Atoothbrush3.jpg	Atoothbrush3.jpg	NOKEY	MAX	NOKEY
1445886200213	0	lts_1026I_10_01	10	01	0	38	0	0	0	CR	MAX	36407685.thl.jpg	36407685.thl.jpg	NOKEY	MAX	NOKEY
1445886203289	0	lts_1026I_10_01	10	01	0	39	0	0	0	CR	MAX	26772824.thl.jpg	26772824.thl.jpg	NOKEY	MAX	NOKEY
1445886206365	0	lts_1026I_10_01	10	01	0	40	0	0	0	CR	MAX	ACHEESESL.jpg	ACHEESESL.jpg	NOKEY	MAX	NOKEY
1445886207351	0	lts_1026I_10_01	10	01	0	41	8	1	1	Hit	515	8-first/8021743.thl.jpg	8021743.thl.jpg	SPACE	552	SPACE
1445886210427	0	lts_1026I_10_01	10	01	0	42	0	0	0	CR	MAX	8/26420979.thl.jpg	26420979.thl.jpg	NOKEY	MAX	NOKEY
1445886213503	0	lts_1026I_10_01	10	01	0	43	0	0	0	CR	MAX	Acartonofegg3.jpg	Acartonofegg3.jpg	NOKEY	MAX	NOKEY
1445886216579	0	lts_1026I_10_01	10	01	0	44	128	1	0	Miss	MAX	128/silver-bowl-small.jpg	silver-bowl-small.jpg	NOKEY	MAX	SPACE
1445886217599	0	lts_1026I_10_01	10	01	0	45	8	1	1	Hit	542	8-first/Atoothbrush3.jpg	Atoothbrush3.jpg	SPACE	585	SPACE
1445886220675	0	lts_1026I_10_01	10	01	0	46	0	0	0	CR	MAX	32/26374899.thl.jpg	26374899.thl.jpg	NOKEY	MAX	NOKEY
1445886223768	0	lts_1026I_10_01	10	01	0	47	0	0	0	CR	MAX	26444138.thl.jpg	26444138.thl.jpg	NOKEY	MAX	NOKEY
1445886226844	0	lts_1026I_10_01	10	01	0	48	0	0	0	CR	MAX	8021410.thl.jpg	8021410.thl.jpg	NOKEY	MAX	NOKEY
1445886229920	0	lts_1026I_10_01	10	01	0	49	0	0	0	CR	MAX	Aantiquebuck2.jpg	Aantiquebuck2.jpg	NOKEY	MAX	NOKEY
1445886230907	0	lts_1026I_10_01	10	01	0	50	8	1	1	Hit	504	8-first/26420979.thl.jpg	26420979.thl.jpg	SPACE	551	SPACE
1445886233983	0	lts_1026I_10_01	10	01	0	51	0	0	0	CR	MAX	AKNIGHELM.jpg	AKNIGHELM.jpg	NOKEY	MAX	NOKEY
1445886237059	0	lts_1026I_10_01	10	01	0	52	0	0	0	CR	MAX	AVIOLINCO.jpg	AVIOLINCO.jpg	NOKEY	MAX	NOKEY
1445886240135	0	lts_1026I_10_01	10	01	0	53	0	0	0	CR	MAX	AHANDLE5.jpg	AHANDLE5.jpg	NOKEY	MAX	NOKEY
1445886240987	0	lts_1026I_10_01	10	01	0	54	4	1	1	Hit	370	4-mul/26420979.thl.jpg	26420979.thl.jpg	SPACE	418	SPACE
1445886244063	0	lts_1026I_10_01	10	01	0	55	0	0	0	CR	MAX	Aemergencyki5.jpg	Aemergencyki5.jpg	NOKEY	MAX	NOKEY
1445886247140	0	lts_1026I_10_01	10	01	0	56	0	0	0	CR	MAX	16/Acomputerbag.jpg	Acomputerbag.jpg	NOKEY	MAX	NOKEY
1445886248109	0	lts_1026I_10_01	10	01	0	57	16	1	1	Hit	488	16-mul/8021743.thl.jpg	8021743.thl.jpg	SPACE	535	SPACE
1445886251202	0	lts_1026I_10_01	10	01	0	58	0	0	0	CR	MAX	Ahandbag55.jpg	Ahandbag55.jpg	NOKEY	MAX	NOKEY
1445886254278	0	lts_1026I_10_01	10	01	0	59	0	0	0	CR	MAX	8021515.thl.jpg	8021515.thl.jpg	NOKEY	MAX	NOKEY
1445886257354	0	lts_1026I_10_01	10	01	0	60	0	0	0	CR	MAX	ADENTOOL.jpg	ADENTOOL.jpg	NOKEY	MAX	NOKEY
1445886258307	0	lts_1026I_10_01	10	01	0	61	16	1	1	Hit	480	16-mul/Atoothbrush3.jpg	Atoothbrush3.jpg	SPACE	518	SPACE
1445886261383	0	lts_1026I_10_01	10	01	0	62	0	0	0	CR	MAX	26421368.thl.jpg	26421368.thl.jpg	NOKEY	MAX	NOKEY
1445886264459	0	lts_1026I_10_01	10	01	0	63	0	0	0	CR	MAX	4/Akazoo2.jpg	Akazoo2.jpg	NOKEY	MAX	NOKEY
1445886267535	0	lts_1026I_10_01	10	01	0	64	0	0	0	CR	MAX	1/Ahumidifier.jpg	Ahumidifier.jpg	NOKEY	MAX	NOKEY
1445886268488	0	lts_1026I_10_01	10	01	0	65	1	1	1	Hit	475	1-1/Ahumidifier.jpg	Ahumidifier.jpg	SPACE	518	SPACE
1445886271564	0	lts_1026I_10_01	10	01	0	66	0	0	0	CR	MAX	locomotive.jpg	locomotive.jpg	NOKEY	MAX	NOKEY
1445886272517	0	lts_1026I_10_01	10	01	0	67	4	1	1	Hit	480	4-6/Akazoo2.jpg	Akazoo2.jpg	SPACE	518	SPACE
1445886275593	0	lts_1026I_10_01	10	01	0	68	0	0	0	CR	MAX	8/Abeermug11.jpg	Abeermug11.jpg	NOKEY	MAX	NOKEY
1445886278669	0	lts_1026I_10_01	10	01	0	69	0	0	0	CR	MAX	AGASLAMP.jpg	AGASLAMP.jpg	NOKEY	MAX	NOKEY
1445886281745	0	lts_1026I_10_01	10	01	0	70	0	0	0	CR	MAX	64/26451269.thl.jpg	26451269.thl.jpg	NOKEY	MAX	NOKEY
1445886284821	0	lts_1026I_10_01	10	01	0	71	0	0	0	CR	MAX	32/26377133.thl.jpg	26377133.thl.jpg	NOKEY	MAX	NOKEY
1445886286043	0	lts_1026I_10_01	10	01	0	72	16	1	1	Hit	740	16-first/Acomputerbag.jpg	Acomputerbag.jpg	SPACE	786	SPACE
1445886289118	0	lts_1026I_10_01	10	01	0	73	0	0	0	CR	MAX	Agardeningshe.jpg	Agardeningshe.jpg	NOKEY	MAX	NOKEY
1445886292194	0	lts_1026I_10_01	10	01	0	74	0	0	0	CR	MAX	butterflycross-stitch.jpg	butterflycross-stitch.jpg	NOKEY	MAX	NOKEY
1445886295270	0	lts_1026I_10_01	10	01	0	75	0	0	0	CR	MAX	APANTRAC2.jpg	APANTRAC2.jpg	NOKEY	MAX	NOKEY
1445886296273	0	lts_1026I_10_01	10	01	0	76	8	1	1	Hit	528	8-first/Abeermug11.jpg	Abeermug11.jpg	SPACE	569	SPACE
1445886299349	0	lts_1026I_10_01	10	01	0	77	0	0	0	CR	MAX	34935544.thl.jpg	34935544.thl.jpg	NOKEY	MAX	NOKEY
1445886300419	0	lts_1026I_10_01	10	01	0	78	32	1	1	Hit	585	32-9/26374899.thl.jpg	26374899.thl.jpg	SPACE	636	SPACE
1445886303495	0	lts_1026I_10_01	10	01	0	79	0	0	0	CR	MAX	Abinder6.jpg	Abinder6.jpg	NOKEY	MAX	NOKEY
1445886306571	0	lts_1026I_10_01	10	01	0	80	0	0	0	CR	MAX	32/8258244.thl.jpg	8258244.thl.jpg	NOKEY	MAX	NOKEY
1445886309647	0	lts_1026I_10_01	10	01	0	81	0	0	0	CR	MAX	Atwowayradio2.jpg	Atwowayradio2.jpg	NOKEY	MAX	NOKEY
1445886310801	0	lts_1026I_10_01	10	01	0	82	64	1	1	Hit	683	64-first/ACOFFPOT3.jpg	ACOFFPOT3.jpg	SPACE	719	SPACE
1445886313877	0	lts_1026I_10_01	10	01	0	83	0	0	0	CR	MAX	Apedestal3.jpg	Apedestal3.jpg	NOKEY	MAX	NOKEY
1445886314796	0	lts_1026I_10_01	10	01	0	84	2	1	1	Hit	449	2-mul/ACOFFPOT3.jpg	ACOFFPOT3.jpg	SPACE	485	SPACE
1445886317872	0	lts_1026I_10_01	10	01	0	85	0	0	0	CR	MAX	Adigitalcamer.jpg	Adigitalcamer.jpg	NOKEY	MAX	NOKEY
1445886320965	0	lts_1026I_10_01	10	01	0	86	0	0	0	CR	MAX	ACIGCUTT.jpg	ACIGCUTT.jpg	NOKEY	MAX	NOKEY
1445886324042	0	lts_1026I_10_01	10	01	0	87	0	0	0	CR	MAX	airbottle1.jpg	airbottle1.jpg	NOKEY	MAX	NOKEY
1445886325028	0	lts_1026I_10_01	10	01	0	88	16	1	1	Hit	517	16-mul/Acomputerbag.jpg	Acomputerbag.jpg	SPACE	551	SPACE
1445886328104	0	lts_1026I_10_01	10	01	0	89	0	0	0	CR	MAX	Ababmonit.jpg	Ababmonit.jpg	NOKEY	MAX	NOKEY
1445886329157	0	lts_1026I_10_01	10	01	0	90	64	1	1	Hit	584	64-first/AIDENTIFI.jpg	AIDENTIFI.jpg	SPACE	619	SPACE
1445886332233	0	lts_1026I_10_01	10	01	0	91	0	0	0	CR	MAX	Asandwichiro2.jpg	Asandwichiro2.jpg	NOKEY	MAX	NOKEY
1445886333119	0	lts_1026I_10_01	10	01	0	92	16	1	1	Hit	411	16-mul/Abeermug11.jpg	Abeermug11.jpg	SPACE	452	SPACE
1445886336195	0	lts_1026I_10_01	10	01	0	93	0	0	0	CR	MAX	E_tank.jpg	E_tank.jpg	NOKEY	MAX	NOKEY
1445886337215	0	lts_1026I_10_01	10	01	0	94	64	1	1	Hit	537	64-first/tires.jpg	tires.jpg	SPACE	586	SPACE
1445886340308	0	lts_1026I_10_01	10	01	0	95	0	0	0	CR	MAX	ADRUMSTI4.jpg	ADRUMSTI4.jpg	NOKEY	MAX	NOKEY
1445886343384	0	lts_1026I_10_01	10	01	0	96	0	0	0	CR	MAX	8080484.thl.jpg	8080484.thl.jpg	NOKEY	MAX	NOKEY
1445886346460	0	lts_1026I_10_01	10	01	0	97	0	0	0	CR	MAX	APAGODAMO.jpg	APAGODAMO.jpg	NOKEY	MAX	NOKEY
1445886347396	0	lts_1026I_10_01	10	01	0	98	4	1	1	Hit	460	4-mul/tires.jpg	tires.jpg	SPACE	502	SPACE
1445886350472	0	lts_1026I_10_01	10	01	0	99	0	0	0	CR	MAX	Akangarooandb.jpg	Akangarooandb.jpg	NOKEY	MAX	NOKEY
1445886353548	0	lts_1026I_10_01	10	01	0	100	0	0	0	CR	MAX	128/AWASHCLOT.jpg	AWASHCLOT.jpg	NOKEY	MAX	NOKEY
1445886356624	0	lts_1026I_10_01	10	01	0	101	0	0	0	CR	MAX	ACATCAGE.jpg	ACATCAGE.jpg	NOKEY	MAX	NOKEY
1445886359700	0	lts_1026I_10_01	10	01	0	102	0	0	0	CR	MAX	Abottleofbat2.jpg	Abottleofbat2.jpg	NOKEY	MAX	NOKEY
1445886360737	0	lts_1026I_10_01	10	01	0	103	32	1	1	Hit	564	32-3/26377133.thl.jpg	26377133.thl.jpg	SPACE	601	SPACE
1445886363813	0	lts_1026I_10_01	10	01	0	104	0	0	0	CR	MAX	mickeycap.jpg	mickeycap.jpg	NOKEY	MAX	NOKEY
1445886366889	0	lts_1026I_10_01	10	01	0	105	0	0	0	CR	MAX	4555.jpg	4555.jpg	NOKEY	MAX	NOKEY
1445886367842	0	lts_1026I_10_01	10	01	0	106	16	1	1	Hit	476	16-mul/AIDENTIFI.jpg	AIDENTIFI.jpg	SPACE	518	SPACE
1445886370918	0	lts_1026I_10_01	10	01	0	107	0	0	0	CR	MAX	26425788.thl.jpg	26425788.thl.jpg	NOKEY	MAX	NOKEY
1445886373994	0	lts_1026I_10_01	10	01	0	108	2	1	0	Miss	MAX	2/MAT-J0150-J0153.jpg	MAT-J0150-J0153.jpg	NOKEY	MAX	SPACE
1445886377086	0	lts_1026I_10_01	10	01	0	109	0	0	0	CR	MAX	128/Atool152.jpg	Atool152.jpg	NOKEY	MAX	NOKEY
1445886378007	0	lts_1026I_10_01	10	01	0	110	2	1	1	Hit	439	2-1/MAT-J0150-J0153.jpg	MAT-J0150-J0153.jpg	SPACE	485	SPACE
1445886381082	0	lts_1026I_10_01	10	01	0	111	0	0	0	CR	MAX	26428576.thl.jpg	26428576.thl.jpg	NOKEY	MAX	NOKEY
1445886382102	0	lts_1026I_10_01	10	01	0	112	32	1	1	Hit	544	32-0/8258244.thl.jpg	8258244.thl.jpg	SPACE	585	SPACE
1445886385178	0	lts_1026I_10_01	10	01	0	113	0	0	0	CR	MAX	ANAPKHOL7.jpg	ANAPKHOL7.jpg	NOKEY	MAX	NOKEY
1445886388254	0	lts_1026I_10_01	10	01	0	114	0	0	0	CR	MAX	AMAPLESYR.jpg	AMAPLESYR.jpg	NOKEY	MAX	NOKEY
1445886391330	0	lts_1026I_10_01	10	01	0	115	0	0	0	CR	MAX	igloo.jpg	igloo.jpg	NOKEY	MAX	NOKEY
1445886394406	0	lts_1026I_10_01	10	01	0	116	0	0	0	CR	MAX	16/AFRAME15.jpg	AFRAME15.jpg	NOKEY	MAX	NOKEY
1445886397482	0	lts_1026I_10_01	10	01	0	117	0	0	0	CR	MAX	8/AANTLION2.jpg	AANTLION2.jpg	NOKEY	MAX	NOKEY
1445886400558	0	lts_1026I_10_01	10	01	0	118	0	0	0	CR	MAX	2/launmower.jpg	launmower.jpg	NOKEY	MAX	NOKEY
1445886403634	0	lts_1026I_10_01	10	01	0	119	0	0	0	CR	MAX	Astreetlampwi.jpg	Astreetlampwi.jpg	NOKEY	MAX	NOKEY
1445886404587	0	lts_1026I_10_01	10	01	0	120	2	1	1	Hit	477	2-9/launmower.jpg	launmower.jpg	SPACE	518	SPACE
1445886407663	0	lts_1026I_10_01	10	01	0	121	0	0	0	CR	MAX	Aham6.jpg	Aham6.jpg	NOKEY	MAX	NOKEY
1445886410739	0	lts_1026I_10_01	10	01	0	122	0	0	0	CR	MAX	32/Alei23.jpg	Alei23.jpg	NOKEY	MAX	NOKEY
1445886413815	0	lts_1026I_10_01	10	01	0	123	0	0	0	CR	MAX	AOPGLASS.jpg	AOPGLASS.jpg	NOKEY	MAX	NOKEY
1445886416908	0	lts_1026I_10_01	10	01	0	124	0	0	0	CR	MAX	ATAMBOURI.jpg	ATAMBOURI.jpg	NOKEY	MAX	NOKEY
1445886418046	0	lts_1026I_10_01	10	01	0	125	8	1	1	Hit	653	8-first/AANTLION2.jpg	AANTLION2.jpg	SPACE	702	SPACE
1445886421121	0	lts_1026I_10_01	10	01	0	126	0	0	0	CR	MAX	Ablackleather.jpg	Ablackleather.jpg	NOKEY	MAX	NOKEY
1445886424197	0	lts_1026I_10_01	10	01	0	127	0	0	0	CR	MAX	lightsaber.jpg	lightsaber.jpg	NOKEY	MAX	NOKEY
1445886427273	0	lts_1026I_10_01	10	01	0	128	0	0	0	CR	MAX	E_tractor.jpg	E_tractor.jpg	NOKEY	MAX	NOKEY
1445886428209	0	lts_1026I_10_01	10	01	0	129	4	1	1	Hit	466	4-mul/AANTLION2.jpg	AANTLION2.jpg	SPACE	501	SPACE
1445886431286	0	lts_1026I_10_01	10	01	0	130	0	0	0	CR	MAX	Abicyclehand5.jpg	Abicyclehand5.jpg	NOKEY	MAX	NOKEY
1445886434361	0	lts_1026I_10_01	10	01	0	131	0	0	0	CR	MAX	26421382.thl.jpg	26421382.thl.jpg	NOKEY	MAX	NOKEY
1445886435314	0	lts_1026I_10_01	10	01	0	132	16	1	1	Hit	469	16-1/AFRAME15.jpg	AFRAME15.jpg	SPACE	518	SPACE
1445886438391	0	lts_1026I_10_01	10	01	0	133	0	0	0	CR	MAX	22949719.thl.jpg	22949719.thl.jpg	NOKEY	MAX	NOKEY
1445886439544	0	lts_1026I_10_01	10	01	0	134	64	1	1	Hit	678	64-first/26451269.thl.jpg	26451269.thl.jpg	SPACE	719	SPACE
1445886442620	0	lts_1026I_10_01	10	01	0	135	0	0	0	CR	MAX	2/Atoyhelicopte.jpg	Atoyhelicopte.jpg	NOKEY	MAX	NOKEY
1445886445696	0	lts_1026I_10_01	10	01	0	136	0	0	0	CR	MAX	4/AARTIVE6.jpg	AARTIVE6.jpg	NOKEY	MAX	NOKEY
1445886446749	0	lts_1026I_10_01	10	01	0	137	2	1	1	Hit	575	2-3/Atoyhelicopte.jpg	Atoyhelicopte.jpg	SPACE	618	SPACE
1445886449826	0	lts_1026I_10_01	10	01	0	138	0	0	0	CR	MAX	Acanadagoose.jpg	Acanadagoose.jpg	NOKEY	MAX	NOKEY
1445886452902	0	lts_1026I_10_01	10	01	0	139	0	0	0	CR	MAX	Afloweredsan3.jpg	Afloweredsan3.jpg	NOKEY	MAX	NOKEY
1445886453871	0	lts_1026I_10_01	10	01	0	140	4	1	1	Hit	487	4-1/AARTIVE6.jpg	AARTIVE6.jpg	SPACE	535	SPACE
1445886456947	0	lts_1026I_10_01	10	01	0	141	0	0	0	CR	MAX	ABEARIN28.jpg	ABEARIN28.jpg	NOKEY	MAX	NOKEY
1445886460024	0	lts_1026I_10_01	10	01	0	142	0	0	0	CR	MAX	Abinocularca3.jpg	Abinocularca3.jpg	NOKEY	MAX	NOKEY
1445886463099	0	lts_1026I_10_01	10	01	0	143	0	0	0	CR	MAX	ADUNEBUGG.jpg	ADUNEBUGG.jpg	NOKEY	MAX	NOKEY
1445886466175	0	lts_1026I_10_01	10	01	0	144	0	0	0	CR	MAX	Awoodplaner2.jpg	Awoodplaner2.jpg	NOKEY	MAX	NOKEY
1445886467312	0	lts_1026I_10_01	10	01	0	145	16	1	1	Hit	663	16/bands-a.jpg	bands-a.jpg	SPACE	702	SPACE
1445886470388	0	lts_1026I_10_01	10	01	0	146	0	0	0	CR	MAX	ACOMB11.jpg	ACOMB11.jpg	NOKEY	MAX	NOKEY
1445886473464	0	lts_1026I_10_01	10	01	0	147	0	0	0	CR	MAX	64/blueflatbox.jpg	blueflatbox.jpg	NOKEY	MAX	NOKEY
1445886476540	0	lts_1026I_10_01	10	01	0	148	0	0	0	CR	MAX	AHEATER.jpg	AHEATER.jpg	NOKEY	MAX	NOKEY
1445886479616	0	lts_1026I_10_01	10	01	0	149	0	0	0	CR	MAX	32/ACAMPSTO7.jpg	ACAMPSTO7.jpg	NOKEY	MAX	NOKEY
1445886480603	0	lts_1026I_10_01	10	01	0	150	16	1	1	Hit	506	16-mul/26451269.thl.jpg	26451269.thl.jpg	SPACE	552	SPACE
1445886483679	0	lts_1026I_10_01	10	01	0	151	0	0	0	CR	MAX	ATRIANGL2.jpg	ATRIANGL2.jpg	NOKEY	MAX	NOKEY
1445886484832	0	lts_1026I_10_01	10	01	0	152	128	1	1	Hit	682	128-3/Abeverage11.jpg	Abeverage11.jpg	SPACE	719	SPACE
1445886487908	0	lts_1026I_10_01	10	01	0	153	0	0	0	CR	MAX	32/Adracmask.jpg	Adracmask.jpg	NOKEY	MAX	NOKEY
1445886488995	0	lts_1026I_10_01	10	01	0	154	32	1	1	Hit	614	32-5/Alei23.jpg	Alei23.jpg	SPACE	652	SPACE
1445886490433	0	lts_1026I_10_01	10	01	0	155	0	0	1	FA	937	AFLUTE6.jpg	AFLUTE6.jpg	SPACE	985	NOKEY
1445886493509	0	lts_1026I_10_01	10	01	0	156	0	0	0	CR	MAX	8/AWHISBARR.jpg	AWHISBARR.jpg	NOKEY	MAX	NOKEY
1445886496585	0	lts_1026I_10_01	10	01	0	157	0	0	0	CR	MAX	1/AMALLET13.jpg	AMALLET13.jpg	NOKEY	MAX	NOKEY
1445886497471	0	lts_1026I_10_01	10	01	0	158	1	1	1	Hit	412	1-0/AMALLET13.jpg	AMALLET13.jpg	SPACE	451	SPACE
1445886500547	0	lts_1026I_10_01	10	01	0	159	0	0	0	CR	MAX	hurdle.jpg	hurdle.jpg	NOKEY	MAX	NOKEY
1445886503623	0	lts_1026I_10_01	10	01	0	160	0	0	0	CR	MAX	22855236.thl.jpg	22855236.thl.jpg	NOKEY	MAX	NOKEY
1445886504609	0	lts_1026I_10_01	10	01	0	161	16	1	1	Hit	515	16-first/bands-a.jpg	bands-a.jpg	SPACE	551	SPACE
1445886507686	0	lts_1026I_10_01	10	01	0	162	0	0	0	CR	MAX	26440756.thl.jpg	26440756.thl.jpg	NOKEY	MAX	NOKEY
1445886510762	0	lts_1026I_10_01	10	01	0	163	0	0	0	CR	MAX	ACLAM.jpg	ACLAM.jpg	NOKEY	MAX	NOKEY
1445886511798	0	lts_1026I_10_01	10	01	0	164	8	1	1	Hit	566	8-first/AWHISBARR.jpg	AWHISBARR.jpg	SPACE	602	SPACE
1445886514874	0	lts_1026I_10_01	10	01	0	165	0	0	0	CR	MAX	Acableandacce.jpg	Acableandacce.jpg	NOKEY	MAX	NOKEY
1445886517950	0	lts_1026I_10_01	10	01	0	166	4	1	0	Miss	MAX	4/tape-a.jpg	tape-a.jpg	NOKEY	MAX	SPACE
1445886521027	0	lts_1026I_10_01	10	01	0	167	0	0	0	CR	MAX	XPGame.jpg	XPGame.jpg	NOKEY	MAX	NOKEY
1445886522014	0	lts_1026I_10_01	10	01	0	168	4	1	1	Hit	513	4-mul/AWHISBARR.jpg	AWHISBARR.jpg	SPACE	550	SPACE
1445886525089	0	lts_1026I_10_01	10	01	0	169	0	0	0	CR	MAX	ASNBRD2.jpg	ASNBRD2.jpg	NOKEY	MAX	NOKEY
1445886526108	0	lts_1026I_10_01	10	01	0	170	4	1	1	Hit	548	4-7/tape-a.jpg	tape-a.jpg	SPACE	585	SPACE
1445886529185	0	lts_1026I_10_01	10	01	0	171	0	0	0	CR	MAX	Agreenplastic.jpg	Agreenplastic.jpg	NOKEY	MAX	NOKEY
1445886532261	0	lts_1026I_10_01	10	01	0	172	128	1	0	Miss	MAX	128-0/silver-bowl-small.jpg	silver-bowl-small.jpg	NOKEY	MAX	SPACE
1445886535337	0	lts_1026I_10_01	10	01	0	173	0	0	0	CR	MAX	piece.jpg	piece.jpg	NOKEY	MAX	NOKEY
1445886538413	0	lts_1026I_10_01	10	01	0	174	0	0	0	CR	MAX	ACUTBOAR2.jpg	ACUTBOAR2.jpg	NOKEY	MAX	NOKEY
1445886541489	0	lts_1026I_10_01	10	01	0	175	0	0	0	CR	MAX	AROCKET11.jpg	AROCKET11.jpg	NOKEY	MAX	NOKEY
1445886544047	0	lts_1026I_10_01	10	01	0	176	0	0	1	FA	2076	Aangel37.jpg	Aangel37.jpg	SPACE	2124	NOKEY
1445886545017	0	lts_1026I_10_01	10	01	0	177	16	1	1	Hit	492	16-mul/bands-a.jpg	bands-a.jpg	SPACE	535	SPACE
1445886548092	0	lts_1026I_10_01	10	01	0	178	0	0	0	CR	MAX	1/26374166.thl.jpg	26374166.thl.jpg	NOKEY	MAX	NOKEY
1445886549129	0	lts_1026I_10_01	10	01	0	179	1	1	1	Hit	550	1-6/26374166.thl.jpg	26374166.thl.jpg	SPACE	602	SPACE
1445886552222	0	lts_1026I_10_01	10	01	0	180	0	0	0	CR	MAX	26394018.thl.jpg	26394018.thl.jpg	NOKEY	MAX	NOKEY
1445886554144	0	lts_1026I_10_01	10	01	0	181	32	1	1	Hit	1440	32-4/ACAMPSTO7.jpg	ACAMPSTO7.jpg	SPACE	1488	SPACE
1445886557220	0	lts_1026I_10_01	10	01	0	182	0	0	0	CR	MAX	ASUSHI9.jpg	ASUSHI9.jpg	NOKEY	MAX	NOKEY
1445886558507	0	lts_1026I_10_01	10	01	0	183	0	0	1	FA	810	4/Aclamp55.jpg	Aclamp55.jpg	SPACE	852	NOKEY
1445886561584	0	lts_1026I_10_01	10	01	0	184	0	0	0	CR	MAX	16/22858860.thl.jpg	22858860.thl.jpg	NOKEY	MAX	NOKEY
1445886562570	0	lts_1026I_10_01	10	01	0	185	32	1	1	Hit	504	32-8/Adracmask.jpg	Adracmask.jpg	SPACE	552	SPACE
1445886565646	0	lts_1026I_10_01	10	01	0	186	0	0	0	CR	MAX	8/ATOOHOLDE.jpg	ATOOHOLDE.jpg	NOKEY	MAX	NOKEY
1445886566766	0	lts_1026I_10_01	10	01	0	187	4	1	1	Hit	645	4-2/Aclamp55.jpg	Aclamp55.jpg	SPACE	685	SPACE
1445886568004	0	lts_1026I_10_01	10	01	0	188	0	0	1	FA	755	128/Afitting3.jpg	Afitting3.jpg	SPACE	802	NOKEY
1445886571079	0	lts_1026I_10_01	10	01	0	189	0	0	0	CR	MAX	2/Arubberducky2.jpg	Arubberducky2.jpg	NOKEY	MAX	NOKEY
1445886574155	0	lts_1026I_10_01	10	01	0	190	0	0	0	CR	MAX	ASCREEN3.jpg	ASCREEN3.jpg	NOKEY	MAX	NOKEY
1445886575092	0	lts_1026I_10_01	10	01	0	191	2	1	1	Hit	459	2-10/Arubberducky2.jpg	Arubberducky2.jpg	SPACE	501	SPACE
1445886576195	0	lts_1026I_10_01	10	01	0	192	0	0	1	FA	620	Ametalhousin4.jpg	Ametalhousin4.jpg	SPACE	669	NOKEY
1445886579271	0	lts_1026I_10_01	10	01	0	193	0	0	0	CR	MAX	Astereo30.jpg	Astereo30.jpg	NOKEY	MAX	NOKEY
1445886580274	0	lts_1026I_10_01	10	01	0	194	8	1	1	Hit	523	8-first/ATOOHOLDE.jpg	ATOOHOLDE.jpg	SPACE	569	SPACE
1445886583350	0	lts_1026I_10_01	10	01	0	195	0	0	0	CR	MAX	128/Abicyclerepa3.jpg	Abicyclerepa3.jpg	NOKEY	MAX	NOKEY
1445886584270	0	lts_1026I_10_01	10	01	0	196	2	1	1	Hit	437	2-mul/ATOOHOLDE.jpg	ATOOHOLDE.jpg	SPACE	484	SPACE
1445886587346	0	lts_1026I_10_01	10	01	0	197	0	0	0	CR	MAX	Akitchentool2.jpg	Akitchentool2.jpg	NOKEY	MAX	NOKEY
1445886590422	0	lts_1026I_10_01	10	01	0	198	0	0	0	CR	MAX	22806086.thl.jpg	22806086.thl.jpg	NOKEY	MAX	NOKEY
1445886593498	0	lts_1026I_10_01	10	01	0	199	0	0	0	CR	MAX	AJEEPBOA2.jpg	AJEEPBOA2.jpg	NOKEY	MAX	NOKEY
1445886594518	0	lts_1026I_10_01	10	01	0	200	16	1	1	Hit	545	16-first/22858860.thl.jpg	22858860.thl.jpg	SPACE	585	SPACE
1445886597594	0	lts_1026I_10_01	10	01	0	201	0	0	0	CR	MAX	8/ACONBENCH.jpg	ACONBENCH.jpg	NOKEY	MAX	NOKEY
1445886600686	0	lts_1026I_10_01	10	01	0	202	0	0	0	CR	MAX	4/ASTRAINE8.jpg	ASTRAINE8.jpg	NOKEY	MAX	NOKEY
1445886603762	0	lts_1026I_10_01	10	01	0	203	0	0	0	CR	MAX	ADRUMSET3.jpg	ADRUMSET3.jpg	NOKEY	MAX	NOKEY
1445886604682	0	lts_1026I_10_01	10	01	0	204	4	1	1	Hit	440	4-mul/22858860.thl.jpg	22858860.thl.jpg	SPACE	485	SPACE
1445886607758	0	lts_1026I_10_01	10	01	0	205	0	0	0	CR	MAX	Ametalstool2.jpg	Ametalstool2.jpg	NOKEY	MAX	NOKEY
1445886608711	0	lts_1026I_10_01	10	01	0	206	4	1	1	Hit	483	4-10/ASTRAINE8.jpg	ASTRAINE8.jpg	SPACE	519	SPACE
1445886611787	0	lts_1026I_10_01	10	01	0	207	0	0	0	CR	MAX	ASLED7.jpg	ASLED7.jpg	NOKEY	MAX	NOKEY
1445886614863	0	lts_1026I_10_01	10	01	0	208	0	0	0	CR	MAX	Acautionroads.jpg	Acautionroads.jpg	NOKEY	MAX	NOKEY
1445886615899	0	lts_1026I_10_01	10	01	0	209	8	1	1	Hit	552	8-2/ACONBENCH.jpg	ACONBENCH.jpg	SPACE	601	SPACE
1445886618976	0	lts_1026I_10_01	10	01	0	210	0	0	0	CR	MAX	Acork6.jpg	Acork6.jpg	NOKEY	MAX	NOKEY
1445886620196	0	lts_1026I_10_01	10	01	0	211	64	1	1	Hit	737	64-first/blueflatbox.jpg	blueflatbox.jpg	SPACE	786	SPACE
1445886623272	0	lts_1026I_10_01	10	01	0	212	0	0	0	CR	MAX	26463767.thl.jpg	26463767.thl.jpg	NOKEY	MAX	NOKEY
1445886626365	0	lts_1026I_10_01	10	01	0	213	0	0	0	CR	MAX	8023968.thl.jpg	8023968.thl.jpg	NOKEY	MAX	NOKEY
1445886629441	0	lts_1026I_10_01	10	01	0	214	0	0	0	CR	MAX	mechanicalspring.jpg	mechanicalspring.jpg	NOKEY	MAX	NOKEY
1445886630310	0	lts_1026I_10_01	10	01	0	215	4	1	1	Hit	387	4-mul/blueflatbox.jpg	blueflatbox.jpg	SPACE	435	SPACE
1445886633386	0	lts_1026I_10_01	10	01	0	216	0	0	0	CR	MAX	8/surfboard.JPG	surfboard.JPG	NOKEY	MAX	NOKEY
1445886634573	0	lts_1026I_10_01	10	01	0	217	0	0	1	FA	708	16/26432760.thl.jpg	26432760.thl.jpg	SPACE	752	NOKEY
1445886637649	0	lts_1026I_10_01	10	01	0	218	0	0	0	CR	MAX	AMICROWA2.jpg	AMICROWA2.jpg	NOKEY	MAX	NOKEY
1445886640725	0	lts_1026I_10_01	10	01	0	219	0	0	0	CR	MAX	32/APOWEDCAS.jpg	APOWEDCAS.jpg	NOKEY	MAX	NOKEY
1445886643818	0	lts_1026I_10_01	10	01	0	220	0	0	0	CR	MAX	ATOQUE4.jpg	ATOQUE4.jpg	NOKEY	MAX	NOKEY
1445886646894	0	lts_1026I_10_01	10	01	0	221	0	0	0	CR	MAX	Ascarf3.jpg	Ascarf3.jpg	NOKEY	MAX	NOKEY
1445886649970	0	lts_1026I_10_01	10	01	0	222	0	0	0	CR	MAX	AXYLOPHN2.jpg	AXYLOPHN2.jpg	NOKEY	MAX	NOKEY
1445886653046	0	lts_1026I_10_01	10	01	0	223	0	0	0	CR	MAX	Acomputerdriv.jpg	Acomputerdriv.jpg	NOKEY	MAX	NOKEY
1445886654099	0	lts_1026I_10_01	10	01	0	224	8	1	1	Hit	572	8-0/surfboard.JPG	surfboard.JPG	SPACE	619	SPACE
1445886657175	0	lts_1026I_10_01	10	01	0	225	0	0	0	CR	MAX	AMUSIHORN.jpg	AMUSIHORN.jpg	NOKEY	MAX	NOKEY
1445886660251	0	lts_1026I_10_01	10	01	0	226	0	0	0	CR	MAX	Acandlesnuffe.jpg	Acandlesnuffe.jpg	NOKEY	MAX	NOKEY
1445886663327	0	lts_1026I_10_01	10	01	0	227	0	0	0	CR	MAX	Aeggsandwich6.jpg	Aeggsandwich6.jpg	NOKEY	MAX	NOKEY
1445886664330	0	lts_1026I_10_01	10	01	0	228	128	1	1	Hit	534	128-2/AWASHCLOT.jpg	AWASHCLOT.jpg	SPACE	568	SPACE
1445886667406	0	lts_1026I_10_01	10	01	0	229	0	0	0	CR	MAX	AANTICAN2.jpg	AANTICAN2.jpg	NOKEY	MAX	NOKEY
1445886670482	0	lts_1026I_10_01	10	01	0	230	0	0	0	CR	MAX	ATOOTHBR3.jpg	ATOOTHBR3.jpg	NOKEY	MAX	NOKEY
1445886673558	0	lts_1026I_10_01	10	01	0	231	0	0	0	CR	MAX	16/ACOFFTA18.jpg	ACOFFTA18.jpg	NOKEY	MAX	NOKEY
1445886676634	0	lts_1026I_10_01	10	01	0	232	0	0	0	CR	MAX	Aglassbottl56.jpg	Aglassbottl56.jpg	NOKEY	MAX	NOKEY
1445886677721	0	lts_1026I_10_01	10	01	0	233	16	1	1	Hit	615	16-first/26432760.thl.jpg	26432760.thl.jpg	SPACE	652	SPACE
1445886680797	0	lts_1026I_10_01	10	01	0	234	0	0	0	CR	MAX	Acementfinish.jpg	Acementfinish.jpg	NOKEY	MAX	NOKEY
1445886681767	0	lts_1026I_10_01	10	01	0	235	2	1	1	Hit	484	2-mul/26432760.thl.jpg	26432760.thl.jpg	SPACE	535	SPACE
1445886684843	0	lts_1026I_10_01	10	01	0	236	0	0	0	CR	MAX	Aradio24.jpg	Aradio24.jpg	NOKEY	MAX	NOKEY
1445886685980	0	lts_1026I_10_01	10	01	0	237	128	1	1	Hit	654	128-1/Atool152.jpg	Atool152.jpg	SPACE	702	SPACE
1445886689056	0	lts_1026I_10_01	10	01	0	238	0	0	0	CR	MAX	Aconnector2.jpg	Aconnector2.jpg	NOKEY	MAX	NOKEY
1445886692132	0	lts_1026I_10_01	10	01	0	239	0	0	0	CR	MAX	2/26420830.thl.jpg	26420830.thl.jpg	NOKEY	MAX	NOKEY
1445886695208	0	lts_1026I_10_01	10	01	0	240	0	0	0	CR	MAX	APHONEFA2.jpg	APHONEFA2.jpg	NOKEY	MAX	NOKEY
1445886696194	0	lts_1026I_10_01	10	01	0	241	2	1	1	Hit	517	2-6/26420830.thl.jpg	26420830.thl.jpg	SPACE	552	SPACE
1445886699270	0	lts_1026I_10_01	10	01	0	242	0	0	0	CR	MAX	ADESKLA12.jpg	ADESKLA12.jpg	NOKEY	MAX	NOKEY
1445886700273	0	lts_1026I_10_01	10	01	0	243	0	0	1	FA	522	23016235.thl.jpg	23016235.thl.jpg	SPACE	568	NOKEY
1445886703349	0	lts_1026I_10_01	10	01	0	244	0	0	0	CR	MAX	64/26425370.thl.jpg	26425370.thl.jpg	NOKEY	MAX	NOKEY
1445886706425	0	lts_1026I_10_01	10	01	0	245	0	0	0	CR	MAX	ACENTRIF5.jpg	ACENTRIF5.jpg	NOKEY	MAX	NOKEY
1445886709502	0	lts_1026I_10_01	10	01	0	246	0	0	0	CR	MAX	26373362.thl.jpg	26373362.thl.jpg	NOKEY	MAX	NOKEY
1445886710555	0	lts_1026I_10_01	10	01	0	247	16	1	1	Hit	571	16-first/ACOFFTA18.jpg	ACOFFTA18.jpg	SPACE	619	SPACE
1445886713647	0	lts_1026I_10_01	10	01	0	248	0	0	0	CR	MAX	1/footballpads.jpg	footballpads.jpg	NOKEY	MAX	NOKEY
1445886714634	0	lts_1026I_10_01	10	01	0	249	1	1	1	Hit	503	1-3/footballpads.jpg	footballpads.jpg	SPACE	552	SPACE
1445886717710	0	lts_1026I_10_01	10	01	0	250	0	0	0	CR	MAX	26455774.thl.jpg	26455774.thl.jpg	NOKEY	MAX	NOKEY
1445886718663	0	lts_1026I_10_01	10	01	0	251	32	1	1	Hit	478	32-2/APOWEDCAS.jpg	APOWEDCAS.jpg	SPACE	519	SPACE
1445886721739	0	lts_1026I_10_01	10	01	0	252	0	0	0	CR	MAX	Agluegun.jpg	Agluegun.jpg	NOKEY	MAX	NOKEY
1445886724815	0	lts_1026I_10_01	10	01	0	253	0	0	0	CR	MAX	8/ABATHSALT.jpg	ABATHSALT.jpg	NOKEY	MAX	NOKEY
1445886727891	0	lts_1026I_10_01	10	01	0	254	0	0	0	CR	MAX	ACUTLERYB.jpg	ACUTLERYB.jpg	NOKEY	MAX	NOKEY
1445886729897	0	lts_1026I_10_01	10	01	0	255	0	0	1	FA	1527	ATRACTWH6.jpg	ATRACTWH6.jpg	SPACE	1572	NOKEY
1445886732973	0	lts_1026I_10_01	10	01	0	256	0	0	0	CR	MAX	AELECSAW.jpg	AELECSAW.jpg	NOKEY	MAX	NOKEY
1445886734027	0	lts_1026I_10_01	10	01	0	257	0	0	1	FA	579	128/AWOODPIN.jpg	AWOODPIN.jpg	SPACE	618	NOKEY
1445886737103	0	lts_1026I_10_01	10	01	0	258	0	0	0	CR	MAX	Aallterrain10.jpg	Aallterrain10.jpg	NOKEY	MAX	NOKEY
1445886738440	0	lts_1026I_10_01	10	01	0	259	0	0	1	FA	854	ALAB36.jpg	ALAB36.jpg	SPACE	904	NOKEY
1445886741516	0	lts_1026I_10_01	10	01	0	260	0	0	0	CR	MAX	Aadjustablech.jpg	Aadjustablech.jpg	NOKEY	MAX	NOKEY
1445886742586	0	lts_1026I_10_01	10	01	0	261	8	1	1	Hit	587	8-1/ABATHSALT.jpg	ABATHSALT.jpg	SPACE	635	SPACE
1445886745662	0	lts_1026I_10_01	10	01	0	262	0	0	0	CR	MAX	64/ALAB19.jpg	ALAB19.jpg	NOKEY	MAX	NOKEY
1445886746682	0	lts_1026I_10_01	10	01	0	263	16	1	1	Hit	536	16-mul/ACOFFTA18.jpg	ACOFFTA18.jpg	SPACE	586	SPACE
1445886749758	0	lts_1026I_10_01	10	01	0	264	0	0	0	CR	MAX	2/Amagnifyinglo.jpg	Amagnifyinglo.jpg	NOKEY	MAX	NOKEY
1445886752834	0	lts_1026I_10_01	10	01	0	265	0	0	0	CR	MAX	26391116.thl.jpg	26391116.thl.jpg	NOKEY	MAX	NOKEY
1445886753887	0	lts_1026I_10_01	10	01	0	266	2	1	1	Hit	580	2-0/Amagnifyinglo.jpg	Amagnifyinglo.jpg	SPACE	619	SPACE
1445886756963	0	lts_1026I_10_01	10	01	0	267	0	0	0	CR	MAX	Aframedpainti.jpg	Aframedpainti.jpg	NOKEY	MAX	NOKEY
1445886760040	0	lts_1026I_10_01	10	01	0	268	0	0	0	CR	MAX	1/AWINTGLO3.jpg	AWINTGLO3.jpg	NOKEY	MAX	NOKEY
1445886761076	0	lts_1026I_10_01	10	01	0	269	1	1	1	Hit	558	1-5/AWINTGLO3.jpg	AWINTGLO3.jpg	SPACE	602	SPACE
1445886764152	0	lts_1026I_10_01	10	01	0	270	0	0	0	CR	MAX	64/22857516.thl.jpg	22857516.thl.jpg	NOKEY	MAX	NOKEY
1445886767228	0	lts_1026I_10_01	10	01	0	271	0	0	0	CR	MAX	APOTGOLD2.jpg	APOTGOLD2.jpg	NOKEY	MAX	NOKEY
1445886770304	0	lts_1026I_10_01	10	01	0	272	0	0	0	CR	MAX	AGOAT10.jpg	AGOAT10.jpg	NOKEY	MAX	NOKEY
1445886773380	0	lts_1026I_10_01	10	01	0	273	0	0	0	CR	MAX	2/AGUIRA.jpg	AGUIRA.jpg	NOKEY	MAX	NOKEY
1445886776456	0	lts_1026I_10_01	10	01	0	274	0	0	0	CR	MAX	32/ASCSIPORT.jpg	ASCSIPORT.jpg	NOKEY	MAX	NOKEY
1445886777493	0	lts_1026I_10_01	10	01	0	275	2	1	1	Hit	564	2-11/AGUIRA.jpg	AGUIRA.jpg	SPACE	601	SPACE
1445886780569	0	lts_1026I_10_01	10	01	0	276	0	0	0	CR	MAX	ACHIPPER.jpg	ACHIPPER.jpg	NOKEY	MAX	NOKEY
1445886783645	0	lts_1026I_10_01	10	01	0	277	0	0	0	CR	MAX	Acablelatch.jpg	Acablelatch.jpg	NOKEY	MAX	NOKEY
1445886786721	0	lts_1026I_10_01	10	01	0	278	0	0	0	CR	MAX	Abluebabybug4.jpg	Abluebabybug4.jpg	NOKEY	MAX	NOKEY
1445886789797	0	lts_1026I_10_01	10	01	0	279	0	0	0	CR	MAX	Asafetyrope.jpg	Asafetyrope.jpg	NOKEY	MAX	NOKEY
1445886792890	0	lts_1026I_10_01	10	01	0	280	0	0	0	CR	MAX	AASCENDER.jpg	AASCENDER.jpg	NOKEY	MAX	NOKEY
1445886795966	0	lts_1026I_10_01	10	01	0	281	0	0	0	CR	MAX	Acamera111.jpg	Acamera111.jpg	NOKEY	MAX	NOKEY
1445886799043	0	lts_1026I_10_01	10	01	0	282	0	0	0	CR	MAX	2/ABARROWRE.jpg	ABARROWRE.jpg	NOKEY	MAX	NOKEY
1445886802118	0	lts_1026I_10_01	10	01	0	283	0	0	0	CR	MAX	16/26374346.thl.jpg	26374346.thl.jpg	NOKEY	MAX	NOKEY
1445886803104	0	lts_1026I_10_01	10	01	0	284	2	1	1	Hit	516	2-8/ABARROWRE.jpg	ABARROWRE.jpg	SPACE	552	SPACE
1445886806180	0	lts_1026I_10_01	10	01	0	285	0	0	0	CR	MAX	26684634.thl.jpg	26684634.thl.jpg	NOKEY	MAX	NOKEY
1445886809256	0	lts_1026I_10_01	10	01	0	286	0	0	0	CR	MAX	1/AROOSTERP.jpg	AROOSTERP.jpg	NOKEY	MAX	NOKEY
1445886810176	0	lts_1026I_10_01	10	01	0	287	1	1	1	Hit	447	1-7/AROOSTERP.jpg	AROOSTERP.jpg	SPACE	485	SPACE
1445886813252	0	lts_1026I_10_01	10	01	0	288	0	0	0	CR	MAX	AFERRY5.jpg	AFERRY5.jpg	NOKEY	MAX	NOKEY
1445886816328	0	lts_1026I_10_01	10	01	0	289	0	0	0	CR	MAX	ATHERMO4.jpg	ATHERMO4.jpg	NOKEY	MAX	NOKEY
1445886819404	0	lts_1026I_10_01	10	01	0	290	0	0	0	CR	MAX	Aoilcan11.jpg	Aoilcan11.jpg	NOKEY	MAX	NOKEY
1445886822480	0	lts_1026I_10_01	10	01	0	291	0	0	0	CR	MAX	23025307.thl.jpg	23025307.thl.jpg	NOKEY	MAX	NOKEY
1445886825556	0	lts_1026I_10_01	10	01	0	292	0	0	0	CR	MAX	ACURLINGI.jpg	ACURLINGI.jpg	NOKEY	MAX	NOKEY
1445886828632	0	lts_1026I_10_01	10	01	0	293	0	0	0	CR	MAX	1/ABABYSPOO.jpg	ABABYSPOO.jpg	NOKEY	MAX	NOKEY
1445886829535	0	lts_1026I_10_01	10	01	0	294	1	1	1	Hit	425	1-9/ABABYSPOO.jpg	ABABYSPOO.jpg	SPACE	468	SPACE
1445886832628	0	lts_1026I_10_01	10	01	0	295	0	0	0	CR	MAX	Awickerchair8.jpg	Awickerchair8.jpg	NOKEY	MAX	NOKEY
1445886835704	0	lts_1026I_10_01	10	01	0	296	0	0	0	CR	MAX	Apump4.jpg	Apump4.jpg	NOKEY	MAX	NOKEY
1445886836774	0	lts_1026I_10_01	10	01	0	297	0	0	1	FA	596	ABARREL3.jpg	ABARREL3.jpg	SPACE	636	NOKEY
1445886838295	0	lts_1026I_10_01	10	01	0	298	0	0	1	FA	1040	AACORN2.jpg	AACORN2.jpg	SPACE	1087	NOKEY
1445886839499	0	lts_1026I_10_01	10	01	0	299	16	1	1	Hit	720	16-first/26374346.thl.jpg	26374346.thl.jpg	SPACE	769	SPACE
1445886842575	0	lts_1026I_10_01	10	01	0	300	0	0	0	CR	MAX	26421740.thl.jpg	26421740.thl.jpg	NOKEY	MAX	NOKEY
1445886845651	0	lts_1026I_10_01	10	01	0	301	0	0	0	CR	MAX	26432755.thl.jpg	26432755.thl.jpg	NOKEY	MAX	NOKEY
1445886848727	0	lts_1026I_10_01	10	01	0	302	0	0	0	CR	MAX	Abicycleshoe.jpg	Abicycleshoe.jpg	NOKEY	MAX	NOKEY
1445886849847	0	lts_1026I_10_01	10	01	0	303	4	1	1	Hit	649	4-mul/26374346.thl.jpg	26374346.thl.jpg	SPACE	686	SPACE
1445886852923	0	lts_1026I_10_01	10	01	0	304	0	0	0	CR	MAX	128/Abootbinding.jpg	Abootbinding.jpg	NOKEY	MAX	NOKEY
1445886855999	0	lts_1026I_10_01	10	01	0	305	0	0	0	CR	MAX	Athimble2.jpg	Athimble2.jpg	NOKEY	MAX	NOKEY
1445886857086	0	lts_1026I_10_01	10	01	0	306	32	1	1	Hit	604	32-1/ASCSIPORT.jpg	ASCSIPORT.jpg	SPACE	651	SPACE
1445886860162	0	lts_1026I_10_01	10	01	0	307	0	0	0	CR	MAX	26684827.thl.jpg	26684827.thl.jpg	NOKEY	MAX	NOKEY
1445886861198	0	lts_1026I_10_01	10	01	0	308	64	1	1	Hit	565	64-first/26425370.thl.jpg	26425370.thl.jpg	SPACE	602	SPACE
1445886864274	0	lts_1026I_10_01	10	01	0	309	0	0	0	CR	MAX	1/23057742.thl.jpg	23057742.thl.jpg	NOKEY	MAX	NOKEY
1445886865211	0	lts_1026I_10_01	10	01	0	310	1	1	1	Hit	453	1-11/23057742.thl.jpg	23057742.thl.jpg	SPACE	502	SPACE
1445886868287	0	lts_1026I_10_01	10	01	0	311	0	0	0	CR	MAX	22907432.thl.jpg	22907432.thl.jpg	NOKEY	MAX	NOKEY
1445886869206	0	lts_1026I_10_01	10	01	0	312	4	1	1	Hit	449	4-mul/26425370.thl.jpg	26425370.thl.jpg	SPACE	485	SPACE
1445886872282	0	lts_1026I_10_01	10	01	0	313	0	0	0	CR	MAX	26433686.thl.jpg	26433686.thl.jpg	NOKEY	MAX	NOKEY
1445886875358	0	lts_1026I_10_01	10	01	0	314	0	0	0	CR	MAX	Astaplegun3.jpg	Astaplegun3.jpg	NOKEY	MAX	NOKEY
1445886878434	0	lts_1026I_10_01	10	01	0	315	0	0	0	CR	MAX	Acup29.jpg	Acup29.jpg	NOKEY	MAX	NOKEY
1445886881510	0	lts_1026I_10_01	10	01	0	316	128	1	0	Miss	MAX	128-4/Afitting3.jpg	Afitting3.jpg	NOKEY	MAX	SPACE
1445886884586	0	lts_1026I_10_01	10	01	0	317	0	0	0	CR	MAX	32/26374767.thl.jpg	26374767.thl.jpg	NOKEY	MAX	NOKEY
1445886887662	0	lts_1026I_10_01	10	01	0	318	0	0	0	CR	MAX	2/APLANMOD.jpg	APLANMOD.jpg	NOKEY	MAX	NOKEY
1445886890739	0	lts_1026I_10_01	10	01	0	319	0	0	0	CR	MAX	Ascarf7.jpg	Ascarf7.jpg	NOKEY	MAX	NOKEY
1445886891825	0	lts_1026I_10_01	10	01	0	320	2	1	1	Hit	604	2-12/APLANMOD.jpg	APLANMOD.jpg	SPACE	652	SPACE
1445886894901	0	lts_1026I_10_01	10	01	0	321	0	0	0	CR	MAX	Atoytractor17.jpg	Atoytractor17.jpg	NOKEY	MAX	NOKEY
1445886897977	0	lts_1026I_10_01	10	01	0	322	0	0	0	CR	MAX	Agarbagebag.jpg	Agarbagebag.jpg	NOKEY	MAX	NOKEY
1445886899164	0	lts_1026I_10_01	10	01	0	323	128	1	1	Hit	715	128-7/Abicyclerepa3.jpg	Abicyclerepa3.jpg	SPACE	752	SPACE
1445886902240	0	lts_1026I_10_01	10	01	0	324	0	0	0	CR	MAX	oignonrings.jpg	oignonrings.jpg	NOKEY	MAX	NOKEY
1445886905316	0	lts_1026I_10_01	10	01	0	325	0	0	0	CR	MAX	16/AMAILBO28.jpg	AMAILBO28.jpg	NOKEY	MAX	NOKEY
1445886906386	0	lts_1026I_10_01	10	01	0	326	64	1	1	Hit	599	64-first/ALAB19.jpg	ALAB19.jpg	SPACE	635	SPACE
1445886909479	0	lts_1026I_10_01	10	01	0	327	0	0	0	CR	MAX	Afan49.jpg	Afan49.jpg	NOKEY	MAX	NOKEY
1445886910499	0	lts_1026I_10_01	10	01	0	328	2	1	1	Hit	535	2-mul/ALAB19.jpg	ALAB19.jpg	SPACE	585	SPACE
1445886913592	0	lts_1026I_10_01	10	01	0	329	0	0	0	CR	MAX	AMILMARK2.jpg	AMILMARK2.jpg	NOKEY	MAX	NOKEY
1445886916668	0	lts_1026I_10_01	10	01	0	330	0	0	0	CR	MAX	ADECOSPO4.jpg	ADECOSPO4.jpg	NOKEY	MAX	NOKEY
1445886919744	0	lts_1026I_10_01	10	01	0	331	0	0	0	CR	MAX	8061236.thl.jpg	8061236.thl.jpg	NOKEY	MAX	NOKEY
1445886922820	0	lts_1026I_10_01	10	01	0	332	0	0	0	CR	MAX	Awaffle3.jpg	Awaffle3.jpg	NOKEY	MAX	NOKEY
1445886925896	0	lts_1026I_10_01	10	01	0	333	0	0	0	CR	MAX	Acheesgra.jpg	Acheesgra.jpg	NOKEY	MAX	NOKEY
1445886926999	0	lts_1026I_10_01	10	01	0	334	64	1	1	Hit	633	64-first/22857516.thl.jpg	22857516.thl.jpg	SPACE	668	SPACE
1445886930075	0	lts_1026I_10_01	10	01	0	335	0	0	0	CR	MAX	A3leafcl4.jpg	A3leafcl4.jpg	NOKEY	MAX	NOKEY
1445886930978	0	lts_1026I_10_01	10	01	0	336	2	1	1	Hit	424	2-mul/22857516.thl.jpg	22857516.thl.jpg	SPACE	468	SPACE
1445886934054	0	lts_1026I_10_01	10	01	0	337	0	0	0	CR	MAX	32/AMETDETE2.jpg	AMETDETE2.jpg	NOKEY	MAX	NOKEY
1445886937130	0	lts_1026I_10_01	10	01	0	338	0	0	0	CR	MAX	APICNICBL.jpg	APICNICBL.jpg	NOKEY	MAX	NOKEY
1445886940206	0	lts_1026I_10_01	10	01	0	339	0	0	0	CR	MAX	AMECHSOCK.jpg	AMECHSOCK.jpg	NOKEY	MAX	NOKEY
1445886943282	0	lts_1026I_10_01	10	01	0	340	0	0	0	CR	MAX	Acandle120.jpg	Acandle120.jpg	NOKEY	MAX	NOKEY
1445886944319	0	lts_1026I_10_01	10	01	0	341	16	1	1	Hit	567	16-first/AMAILBO28.jpg	AMAILBO28.jpg	SPACE	602	SPACE
1445886947395	0	lts_1026I_10_01	10	01	0	342	0	0	0	CR	MAX	Amouthpiece4.jpg	Amouthpiece4.jpg	NOKEY	MAX	NOKEY
1445886948448	0	lts_1026I_10_01	10	01	0	343	2	1	1	Hit	569	2-mul/AMAILBO28.jpg	AMAILBO28.jpg	SPACE	619	SPACE
1445886951524	0	lts_1026I_10_01	10	01	0	344	0	0	0	CR	MAX	AWREATH9.jpg	AWREATH9.jpg	NOKEY	MAX	NOKEY
1445886954600	0	lts_1026I_10_01	10	01	0	345	0	0	0	CR	MAX	64/underwear.jpg	underwear.jpg	NOKEY	MAX	NOKEY
1445886957676	0	lts_1026I_10_01	10	01	0	346	0	0	0	CR	MAX	8/AFILMCUTT.jpg	AFILMCUTT.jpg	NOKEY	MAX	NOKEY
1445886960752	0	lts_1026I_10_01	10	01	0	347	0	0	0	CR	MAX	ACLOGOPE3.jpg	ACLOGOPE3.jpg	NOKEY	MAX	NOKEY
1445886963829	0	lts_1026I_10_01	10	01	0	348	0	0	0	CR	MAX	ASWANWHIT.jpg	ASWANWHIT.jpg	NOKEY	MAX	NOKEY
1445886964949	0	lts_1026I_10_01	10	01	0	349	32	1	1	Hit	642	32-6/26374767.thl.jpg	26374767.thl.jpg	SPACE	685	SPACE
1445886968026	0	lts_1026I_10_01	10	01	0	350	0	0	0	CR	MAX	26432109.thl.jpg	26432109.thl.jpg	NOKEY	MAX	NOKEY
1445886971101	0	lts_1026I_10_01	10	01	0	351	0	0	0	CR	MAX	ASHEEP4.jpg	ASHEEP4.jpg	NOKEY	MAX	NOKEY
1445886972539	0	lts_1026I_10_01	10	01	0	352	0	0	1	FA	956	Aclimbersicep.jpg	Aclimbersicep.jpg	SPACE	1003	NOKEY
1445886975615	0	lts_1026I_10_01	10	01	0	353	0	0	0	CR	MAX	AFETTUCI2.jpg	AFETTUCI2.jpg	NOKEY	MAX	NOKEY
1445886976651	0	lts_1026I_10_01	10	01	0	354	8	1	1	Hit	551	8-first/AFILMCUTT.jpg	AFILMCUTT.jpg	SPACE	602	SPACE
1445886979727	0	lts_1026I_10_01	10	01	0	355	0	0	0	CR	MAX	corkscrew02.jpg	corkscrew02.jpg	NOKEY	MAX	NOKEY
1445886980747	0	lts_1026I_10_01	10	01	0	356	2	1	1	Hit	548	2-mul/AFILMCUTT.jpg	AFILMCUTT.jpg	SPACE	585	SPACE
1445886983823	0	lts_1026I_10_01	10	01	0	357	0	0	0	CR	MAX	4/Asharktoy.jpg	Asharktoy.jpg	NOKEY	MAX	NOKEY
1445886986899	0	lts_1026I_10_01	10	01	0	358	0	0	0	CR	MAX	26375896.thl.jpg	26375896.thl.jpg	NOKEY	MAX	NOKEY
1445886989975	0	lts_1026I_10_01	10	01	0	359	0	0	0	CR	MAX	26422598.thl.jpg	26422598.thl.jpg	NOKEY	MAX	NOKEY
1445886993068	0	lts_1026I_10_01	10	01	0	360	0	0	0	CR	MAX	AANTSTOV6.jpg	AANTSTOV6.jpg	NOKEY	MAX	NOKEY
1445886994088	0	lts_1026I_10_01	10	01	0	361	4	1	1	Hit	549	4-11/Asharktoy.jpg	Asharktoy.jpg	SPACE	585	SPACE
1445886997164	0	lts_1026I_10_01	10	01	0	362	0	0	0	CR	MAX	Afoodproces22.jpg	Afoodproces22.jpg	NOKEY	MAX	NOKEY
1445887000240	0	lts_1026I_10_01	10	01	0	363	0	0	0	CR	MAX	26374798.thl.jpg	26374798.thl.jpg	NOKEY	MAX	NOKEY
1445887003316	0	lts_1026I_10_01	10	01	0	364	0	0	0	CR	MAX	8055181.thl.jpg	8055181.thl.jpg	NOKEY	MAX	NOKEY
1445887006392	0	lts_1026I_10_01	10	01	0	365	0	0	0	CR	MAX	Asign7.jpg	Asign7.jpg	NOKEY	MAX	NOKEY
1445887009468	0	lts_1026I_10_01	10	01	0	366	0	0	0	CR	MAX	Aparrot80.jpg	Aparrot80.jpg	NOKEY	MAX	NOKEY
1445887012544	0	lts_1026I_10_01	10	01	0	367	0	0	0	CR	MAX	ABLAKBEN2.jpg	ABLAKBEN2.jpg	NOKEY	MAX	NOKEY
1445887015620	0	lts_1026I_10_01	10	01	0	368	0	0	0	CR	MAX	22903148.thl.jpg	22903148.thl.jpg	NOKEY	MAX	NOKEY
1445887016841	0	lts_1026I_10_01	10	01	0	369	32	1	1	Hit	745	32-7/AMETDETE2.jpg	AMETDETE2.jpg	SPACE	785	SPACE
1445887019917	0	lts_1026I_10_01	10	01	0	370	0	0	0	CR	MAX	1/Adropper2.jpg	Adropper2.jpg	NOKEY	MAX	NOKEY
1445887020819	0	lts_1026I_10_01	10	01	0	371	1	1	1	Hit	418	1-2/Adropper2.jpg	Adropper2.jpg	SPACE	468	SPACE
1445887023895	0	lts_1026I_10_01	10	01	0	372	0	0	0	CR	MAX	Aboots56.jpg	Aboots56.jpg	NOKEY	MAX	NOKEY
1445887026972	0	lts_1026I_10_01	10	01	0	373	0	0	0	CR	MAX	AJUICER.jpg	AJUICER.jpg	NOKEY	MAX	NOKEY
1445887030048	0	lts_1026I_10_01	10	01	0	374	0	0	0	CR	MAX	1/26374731.thl.jpg	26374731.thl.jpg	NOKEY	MAX	NOKEY
1445887031067	0	lts_1026I_10_01	10	01	0	375	1	1	1	Hit	542	1-12/26374731.thl.jpg	26374731.thl.jpg	SPACE	585	SPACE
1445887034143	0	lts_1026I_10_01	10	01	0	376	0	0	0	CR	MAX	4/22896812.thl.jpg	22896812.thl.jpg	NOKEY	MAX	NOKEY
1445887037220	0	lts_1026I_10_01	10	01	0	377	0	0	0	CR	MAX	Agame3.jpg	Agame3.jpg	NOKEY	MAX	NOKEY
1445887040296	0	lts_1026I_10_01	10	01	0	378	0	0	0	CR	MAX	Apumpcart2.jpg	Apumpcart2.jpg	NOKEY	MAX	NOKEY
1445887043372	0	lts_1026I_10_01	10	01	0	379	0	0	0	CR	MAX	AIVORSUIT.jpg	AIVORSUIT.jpg	NOKEY	MAX	NOKEY
1445887044375	0	lts_1026I_10_01	10	01	0	380	4	1	1	Hit	531	4-4/22896812.thl.jpg	22896812.thl.jpg	SPACE	569	SPACE
1445887047451	0	lts_1026I_10_01	10	01	0	381	0	0	0	CR	MAX	26424133.thl.jpg	26424133.thl.jpg	NOKEY	MAX	NOKEY
1445887050527	0	lts_1026I_10_01	10	01	0	382	0	0	0	CR	MAX	8/AASCDESC.jpg	AASCDESC.jpg	NOKEY	MAX	NOKEY
1445887053603	0	lts_1026I_10_01	10	01	0	383	0	0	0	CR	MAX	Aicecrusher2.jpg	Aicecrusher2.jpg	NOKEY	MAX	NOKEY
1445887056679	0	lts_1026I_10_01	10	01	0	384	0	0	0	CR	MAX	ACOLFILT5.jpg	ACOLFILT5.jpg	NOKEY	MAX	NOKEY
1445887057883	0	lts_1026I_10_01	10	01	0	385	128	1	1	Hit	721	128-6/AWOODPIN.jpg	AWOODPIN.jpg	SPACE	770	SPACE
1445887060959	0	lts_1026I_10_01	10	01	0	386	0	0	0	CR	MAX	8257273.thl.jpg	8257273.thl.jpg	NOKEY	MAX	NOKEY
1445887064036	0	lts_1026I_10_01	10	01	0	387	0	0	0	CR	MAX	Ayoungbobcat.jpg	Ayoungbobcat.jpg	NOKEY	MAX	NOKEY
1445887067111	0	lts_1026I_10_01	10	01	0	388	0	0	0	CR	MAX	16/sardines.jpg	sardines.jpg	NOKEY	MAX	NOKEY
1445887070187	0	lts_1026I_10_01	10	01	0	389	0	0	0	CR	MAX	AARMYTRUK.jpg	AARMYTRUK.jpg	NOKEY	MAX	NOKEY
1445887071240	0	lts_1026I_10_01	10	01	0	390	8	1	1	Hit	571	8-first/AASCDESC.jpg	AASCDESC.jpg	SPACE	619	SPACE
1445887074316	0	lts_1026I_10_01	10	01	0	391	0	0	0	CR	MAX	ASADDLE2.jpg	ASADDLE2.jpg	NOKEY	MAX	NOKEY
1445887075303	0	lts_1026I_10_01	10	01	0	392	2	1	1	Hit	501	2-mul/AASCDESC.jpg	AASCDESC.jpg	SPACE	551	SPACE
1445887078379	0	lts_1026I_10_01	10	01	0	393	0	0	0	CR	MAX	22826748.thl.jpg	22826748.thl.jpg	NOKEY	MAX	NOKEY
1445887081455	0	lts_1026I_10_01	10	01	0	394	0	0	0	CR	MAX	2/Awaxlips.jpg	Awaxlips.jpg	NOKEY	MAX	NOKEY
1445887084531	0	lts_1026I_10_01	10	01	0	395	0	0	0	CR	MAX	AFLOURBA2.jpg	AFLOURBA2.jpg	NOKEY	MAX	NOKEY
1445887085450	0	lts_1026I_10_01	10	01	0	396	2	1	1	Hit	441	2-7/Awaxlips.jpg	Awaxlips.jpg	SPACE	486	SPACE
1445887088526	0	lts_1026I_10_01	10	01	0	397	0	0	0	CR	MAX	16/heartchocolat.jpg	heartchocolat.jpg	NOKEY	MAX	NOKEY
1445887091602	0	lts_1026I_10_01	10	01	0	398	0	0	0	CR	MAX	22921112.thl.jpg	22921112.thl.jpg	NOKEY	MAX	NOKEY
1445887094678	0	lts_1026I_10_01	10	01	0	399	0	0	0	CR	MAX	ABUSINEST.jpg	ABUSINEST.jpg	NOKEY	MAX	NOKEY
1445887097754	0	lts_1026I_10_01	10	01	0	400	0	0	0	CR	MAX	ASPIDERW2.jpg	ASPIDERW2.jpg	NOKEY	MAX	NOKEY
1445887100831	0	lts_1026I_10_01	10	01	0	401	1	1	0	Miss	MAX	1/10049507.thl-1.jpg	10049507.thl-1.jpg	NOKEY	MAX	SPACE
1445887101767	0	lts_1026I_10_01	10	01	0	402	1	1	1	Hit	460	1-14/10049507.thl-1.jpg	10049507.thl-1.jpg	SPACE	502	SPACE
1445887104843	0	lts_1026I_10_01	10	01	0	403	0	0	0	CR	MAX	23063814.thl.jpg	23063814.thl.jpg	NOKEY	MAX	NOKEY
1445887105929	0	lts_1026I_10_01	10	01	0	404	16	1	1	Hit	608	16-0/sardines.jpg	sardines.jpg	SPACE	652	SPACE
1445887109023	0	lts_1026I_10_01	10	01	0	405	0	0	0	CR	MAX	snail.jpg	snail.jpg	NOKEY	MAX	NOKEY
1445887112098	0	lts_1026I_10_01	10	01	0	406	0	0	0	CR	MAX	1/Adustpanbrush.jpg	Adustpanbrush.jpg	NOKEY	MAX	NOKEY
1445887112984	0	lts_1026I_10_01	10	01	0	407	1	1	1	Hit	406	1-8/Adustpanbrush.jpg	Adustpanbrush.jpg	SPACE	451	SPACE
1445887116060	0	lts_1026I_10_01	10	01	0	408	0	0	0	CR	MAX	Atoyhomeoffi4.jpg	Atoyhomeoffi4.jpg	NOKEY	MAX	NOKEY
1445887117264	0	lts_1026I_10_01	10	01	0	409	64	1	1	Hit	722	64-first/underwear.jpg	underwear.jpg	SPACE	769	SPACE
1445887120340	0	lts_1026I_10_01	10	01	0	410	0	0	0	CR	MAX	seahorse.jpg	seahorse.jpg	NOKEY	MAX	NOKEY
1445887123450	0	lts_1026I_10_01	10	01	0	411	0	0	0	CR	MAX	Abaseballcap.jpg	Abaseballcap.jpg	NOKEY	MAX	NOKEY
1445887126526	0	lts_1026I_10_01	10	01	0	412	0	0	0	CR	MAX	26422507.thl.jpg	26422507.thl.jpg	NOKEY	MAX	NOKEY
1445887127462	0	lts_1026I_10_01	10	01	0	413	16	1	1	Hit	465	16-first/heartchocolat.jpg	heartchocolat.jpg	SPACE	503	SPACE
1445887130538	0	lts_1026I_10_01	10	01	0	414	0	0	0	CR	MAX	ABONGO3.jpg	ABONGO3.jpg	NOKEY	MAX	NOKEY
1445887133614	0	lts_1026I_10_01	10	01	0	415	0	0	0	CR	MAX	ATRIUMPH3.jpg	ATRIUMPH3.jpg	NOKEY	MAX	NOKEY
1445887136690	0	lts_1026I_10_01	10	01	0	416	0	0	0	CR	MAX	23065398.thl.jpg	23065398.thl.jpg	NOKEY	MAX	NOKEY
1445887137643	0	lts_1026I_10_01	10	01	0	417	4	1	1	Hit	483	4-mul/heartchocolat.jpg	heartchocolat.jpg	SPACE	518	SPACE
1445887140719	0	lts_1026I_10_01	10	01	0	418	0	0	0	CR	MAX	26437064.thl.jpg	26437064.thl.jpg	NOKEY	MAX	NOKEY
1445887143795	0	lts_1026I_10_01	10	01	0	419	0	0	0	CR	MAX	2/APERSRUG.jpg	APERSRUG.jpg	NOKEY	MAX	NOKEY
1445887146871	0	lts_1026I_10_01	10	01	0	420	0	0	0	CR	MAX	35310232.thl.jpg	35310232.thl.jpg	NOKEY	MAX	NOKEY
1445887147824	0	lts_1026I_10_01	10	01	0	421	2	1	1	Hit	476	2-2/APERSRUG.jpg	APERSRUG.jpg	SPACE	518	SPACE
1445887150900	0	lts_1026I_10_01	10	01	0	422	0	0	0	CR	MAX	ASAFE.jpg	ASAFE.jpg	NOKEY	MAX	NOKEY
1445887153976	0	lts_1026I_10_01	10	01	0	423	0	0	0	CR	MAX	Atoydrill4.jpg	Atoydrill4.jpg	NOKEY	MAX	NOKEY
1445887157052	0	lts_1026I_10_01	10	01	0	424	0	0	0	CR	MAX	AKNIFE13.jpg	AKNIFE13.jpg	NOKEY	MAX	NOKEY
1445887158023	0	lts_1026I_10_01	10	01	0	425	16	1	1	Hit	498	16-mul/underwear.jpg	underwear.jpg	SPACE	535	SPACE
1445887159761	0	lts_1026I_10_01	10	01	0	426	0	0	1	FA	1257	ACHEESEGR.jpg	ACHEESEGR.jpg	SPACE	1302	NOKEY
1445887162837	0	lts_1026I_10_01	10	01	0	427	0	0	0	CR	MAX	ACOWCREAM.jpg	ACOWCREAM.jpg	NOKEY	MAX	NOKEY
1445887165913	0	lts_1026I_10_01	10	01	0	428	0	0	0	CR	MAX	Atool120.jpg	Atool120.jpg	NOKEY	MAX	NOKEY
1445887168989	0	lts_1026I_10_01	10	01	0	429	0	0	0	CR	MAX	AGREENPEP.jpg	AGREENPEP.jpg	NOKEY	MAX	NOKEY
1445887172065	0	lts_1026I_10_01	10	01	0	430	0	0	0	CR	MAX	4/Cupcake.jpg	Cupcake.jpg	NOKEY	MAX	NOKEY
1445887175141	0	lts_1026I_10_01	10	01	0	431	0	0	0	CR	MAX	26387587.thl.jpg	26387587.thl.jpg	NOKEY	MAX	NOKEY
1445887176612	0	lts_1026I_10_01	10	01	0	432	128	1	1	Hit	992	128-5/Abootbinding.jpg	Abootbinding.jpg	SPACE	1037	SPACE
1445887179688	0	lts_1026I_10_01	10	01	0	433	0	0	0	CR	MAX	8245419.thl.jpg	8245419.thl.jpg	NOKEY	MAX	NOKEY
1445887180808	0	lts_1026I_10_01	10	01	0	434	4	1	1	Hit	639	4-5/Cupcake.jpg	Cupcake.jpg	SPACE	685	SPACE
1445887183884	0	lts_1026I_10_01	10	01	0	435	0	0	0	CR	MAX	ALAMP.jpg	ALAMP.jpg	NOKEY	MAX	NOKEY
1445887186960	0	lts_1026I_10_01	10	01	0	436	0	0	0	CR	MAX	2/Ajuicer9.jpg	Ajuicer9.jpg	NOKEY	MAX	NOKEY
1445887190053	0	lts_1026I_10_01	10	01	0	437	0	0	0	CR	MAX	Ascientifict3.jpg	Ascientifict3.jpg	NOKEY	MAX	NOKEY
1445887191090	0	lts_1026I_10_01	10	01	0	438	2	1	1	Hit	557	2-5/Ajuicer9.jpg	Ajuicer9.jpg	SPACE	601	SPACE
1445887194166	0	lts_1026I_10_01	10	01	0	439	0	0	0	CR	MAX	23019499.thl.jpg	23019499.thl.jpg	NOKEY	MAX	NOKEY
1445887197242	0	lts_1026I_10_01	10	01	0	440	0	0	0	CR	MAX	Abox80.jpg	Abox80.jpg	NOKEY	MAX	NOKEY
1445887200318	0	lts_1026I_10_01	10	01	0	441	0	0	0	CR	MAX	4/pretzel.jpg	pretzel.jpg	NOKEY	MAX	NOKEY
1445887203394	0	lts_1026I_10_01	10	01	0	442	0	0	0	CR	MAX	1/ATOWRACK3.jpg	ATOWRACK3.jpg	NOKEY	MAX	NOKEY
1445887204313	0	lts_1026I_10_01	10	01	0	443	1	1	1	Hit	434	1-10/ATOWRACK3.jpg	ATOWRACK3.jpg	SPACE	485	SPACE
1445887207390	0	lts_1026I_10_01	10	01	0	444	0	0	0	CR	MAX	4/ATOOLS.jpg	ATOOLS.jpg	NOKEY	MAX	NOKEY
1445887208309	0	lts_1026I_10_01	10	01	0	445	4	1	1	Hit	450	4-8/pretzel.jpg	pretzel.jpg	SPACE	485	SPACE
1445887211385	0	lts_1026I_10_01	10	01	0	446	0	0	0	CR	MAX	Afoodproces27.jpg	Afoodproces27.jpg	NOKEY	MAX	NOKEY
1445887214461	0	lts_1026I_10_01	10	01	0	447	0	0	0	CR	MAX	Ashelf27.jpg	Ashelf27.jpg	NOKEY	MAX	NOKEY
1445887215464	0	lts_1026I_10_01	10	01	0	448	4	1	1	Hit	525	4-12/ATOOLS.jpg	ATOOLS.jpg	SPACE	568	SPACE
1445887218540	0	lts_1026I_10_01	10	01	0	449	0	0	0	CR	MAX	Ablanket2.jpg	Ablanket2.jpg	NOKEY	MAX	NOKEY
1445887264430	0	lts_1026I_10_01	10	01	1	0	0	0	0	CR	MAX	AHOTPAD4.jpg	AHOTPAD4.jpg	NOKEY	MAX	NOKEY
1445887265868	0	lts_1026I_10_01	10	01	1	1	0	0	1	FA	959	26685596.thl.jpg	26685596.thl.jpg	SPACE	1003	NOKEY
1445887268944	0	lts_1026I_10_01	10	01	1	2	0	0	0	CR	MAX	16/26419689.thl.jpg	26419689.thl.jpg	NOKEY	MAX	NOKEY
1445887272021	0	lts_1026I_10_01	10	01	1	3	0	0	0	CR	MAX	26428540.thl.jpg	26428540.thl.jpg	NOKEY	MAX	NOKEY
1445887275096	0	lts_1026I_10_01	10	01	1	4	0	0	0	CR	MAX	4/AJAR15.jpg	AJAR15.jpg	NOKEY	MAX	NOKEY
1445887278172	0	lts_1026I_10_01	10	01	1	5	0	0	0	CR	MAX	32/26428110.thl.jpg	26428110.thl.jpg	NOKEY	MAX	NOKEY
1445887281248	0	lts_1026I_10_01	10	01	1	6	0	0	0	CR	MAX	asparagus.jpg	asparagus.jpg	NOKEY	MAX	NOKEY
1445887284325	0	lts_1026I_10_01	10	01	1	7	0	0	0	CR	MAX	22887144.thl.jpg	22887144.thl.jpg	NOKEY	MAX	NOKEY
1445887285277	0	lts_1026I_10_01	10	01	1	8	4	1	1	Hit	478	4-11/AJAR15.jpg	AJAR15.jpg	SPACE	518	SPACE
1445887288370	0	lts_1026I_10_01	10	01	1	9	0	0	0	CR	MAX	AGAUGE.jpg	AGAUGE.jpg	NOKEY	MAX	NOKEY
1445887291446	0	lts_1026I_10_01	10	01	1	10	0	0	0	CR	MAX	APICKLES6.jpg	APICKLES6.jpg	NOKEY	MAX	NOKEY
1445887292667	0	lts_1026I_10_01	10	01	1	11	0	0	1	FA	751	ATRUNK15.jpg	ATRUNK15.jpg	SPACE	786	NOKEY
1445887295743	0	lts_1026I_10_01	10	01	1	12	0	0	0	CR	MAX	26437107.thl.jpg	26437107.thl.jpg	NOKEY	MAX	NOKEY
1445887298819	0	lts_1026I_10_01	10	01	1	13	0	0	0	CR	MAX	Astirstick.jpg	Astirstick.jpg	NOKEY	MAX	NOKEY
1445887301895	0	lts_1026I_10_01	10	01	1	14	0	0	0	CR	MAX	catslmifru.jpg	catslmifru.jpg	NOKEY	MAX	NOKEY
1445887304971	0	lts_1026I_10_01	10	01	1	15	0	0	0	CR	MAX	1/Astrawberryde.jpg	Astrawberryde.jpg	NOKEY	MAX	NOKEY
1445887305907	0	lts_1026I_10_01	10	01	1	16	1	1	1	Hit	463	1-4/Astrawberryde.jpg	Astrawberryde.jpg	SPACE	502	SPACE
1445887308983	0	lts_1026I_10_01	10	01	1	17	0	0	0	CR	MAX	Alogholder.jpg	Alogholder.jpg	NOKEY	MAX	NOKEY
1445887310421	0	lts_1026I_10_01	10	01	1	18	16	1	1	Hit	968	16-1/26419689.thl.jpg	26419689.thl.jpg	SPACE	1004	SPACE
1445887313497	0	lts_1026I_10_01	10	01	1	19	0	0	0	CR	MAX	ABLUBLOTT.jpg	ABLUBLOTT.jpg	NOKEY	MAX	NOKEY
1445887316573	0	lts_1026I_10_01	10	01	1	20	0	0	0	CR	MAX	26374713.thl.jpg	26374713.thl.jpg	NOKEY	MAX	NOKEY
1445887319649	0	lts_1026I_10_01	10	01	1	21	0	0	0	CR	MAX	32/Apineapple3.jpg	Apineapple3.jpg	NOKEY	MAX	NOKEY
1445887320937	0	lts_1026I_10_01	10	01	1	22	0	0	1	FA	812	Aearsyringe.jpg	Aearsyringe.jpg	SPACE	852	NOKEY
1445887324014	0	lts_1026I_10_01	10	01	1	23	0	0	0	CR	MAX	Aplum11.jpg	Aplum11.jpg	NOKEY	MAX	NOKEY
1445887327089	0	lts_1026I_10_01	10	01	1	24	0	0	0	CR	MAX	8/AARTPLANT.jpg	AARTPLANT.jpg	NOKEY	MAX	NOKEY
1445887330165	0	lts_1026I_10_01	10	01	1	25	0	0	0	CR	MAX	4/D_podium.jpg	D_podium.jpg	NOKEY	MAX	NOKEY
1445887333257	0	lts_1026I_10_01	10	01	1	26	0	0	0	CR	MAX	Apaintroller3.jpg	Apaintroller3.jpg	NOKEY	MAX	NOKEY
1445887336334	0	lts_1026I_10_01	10	01	1	27	0	0	0	CR	MAX	64/Aeasteregg14.jpg	Aeasteregg14.jpg	NOKEY	MAX	NOKEY
1445887339410	0	lts_1026I_10_01	10	01	1	28	0	0	0	CR	MAX	16/Atropicalpine.jpg	Atropicalpine.jpg	NOKEY	MAX	NOKEY
1445887340429	0	lts_1026I_10_01	10	01	1	29	4	1	1	Hit	547	4-3/D_podium.jpg	D_podium.jpg	SPACE	586	SPACE
1445887343505	0	lts_1026I_10_01	10	01	1	30	0	0	0	CR	MAX	ABULLMASK.jpg	ABULLMASK.jpg	NOKEY	MAX	NOKEY
1445887346581	0	lts_1026I_10_01	10	01	1	31	0	0	0	CR	MAX	64/26427950.thl.jpg	26427950.thl.jpg	NOKEY	MAX	NOKEY
1445887347568	0	lts_1026I_10_01	10	01	1	32	8	1	1	Hit	516	8-first/AARTPLANT.jpg	AARTPLANT.jpg	SPACE	552	SPACE
1445887350644	0	lts_1026I_10_01	10	01	1	33	0	0	0	CR	MAX	AFRENCHF2.jpg	AFRENCHF2.jpg	NOKEY	MAX	NOKEY
1445887351664	0	lts_1026I_10_01	10	01	1	34	2	1	1	Hit	547	2-mul/AARTPLANT.jpg	AARTPLANT.jpg	SPACE	586	SPACE
1445887354740	0	lts_1026I_10_01	10	01	1	35	0	0	0	CR	MAX	64/Aantiquemailb.jpg	Aantiquemailb.jpg	NOKEY	MAX	NOKEY
1445887357816	0	lts_1026I_10_01	10	01	1	36	0	0	0	CR	MAX	oilbottleolive.jpg	oilbottleolive.jpg	NOKEY	MAX	NOKEY
1445887358819	0	lts_1026I_10_01	10	01	1	37	32	1	1	Hit	524	32-8/26428110.thl.jpg	26428110.thl.jpg	SPACE	569	SPACE
1445887361895	0	lts_1026I_10_01	10	01	1	38	0	0	0	CR	MAX	2/gymbars2.jpg	gymbars2.jpg	NOKEY	MAX	NOKEY
1445887364971	0	lts_1026I_10_01	10	01	1	39	0	0	0	CR	MAX	APBREAD2.jpg	APBREAD2.jpg	NOKEY	MAX	NOKEY
1445887365924	0	lts_1026I_10_01	10	01	1	40	2	1	1	Hit	475	2-6/gymbars2.jpg	gymbars2.jpg	SPACE	518	SPACE
1445887369000	0	lts_1026I_10_01	10	01	1	41	0	0	0	CR	MAX	26423812.thl.jpg	26423812.thl.jpg	NOKEY	MAX	NOKEY
1445887372076	0	lts_1026I_10_01	10	01	1	42	0	0	0	CR	MAX	22824636.thl.jpg	22824636.thl.jpg	NOKEY	MAX	NOKEY
1445887375152	0	lts_1026I_10_01	10	01	1	43	0	0	0	CR	MAX	Ajewisho2.jpg	Ajewisho2.jpg	NOKEY	MAX	NOKEY
1445887376105	0	lts_1026I_10_01	10	01	1	44	16	1	1	Hit	469	16-first/Atropicalpine.jpg	Atropicalpine.jpg	SPACE	518	SPACE
1445887379181	0	lts_1026I_10_01	10	01	1	45	0	0	0	CR	MAX	26428682.thl.jpg	26428682.thl.jpg	NOKEY	MAX	NOKEY
1445887380101	0	lts_1026I_10_01	10	01	1	46	2	1	1	Hit	435	2-mul/Atropicalpine.jpg	Atropicalpine.jpg	SPACE	484	SPACE
1445887383177	0	lts_1026I_10_01	10	01	1	47	0	0	0	CR	MAX	4/petfood.jpg	petfood.jpg	NOKEY	MAX	NOKEY
1445887386253	0	lts_1026I_10_01	10	01	1	48	0	0	0	CR	MAX	Afusehousing.jpg	Afusehousing.jpg	NOKEY	MAX	NOKEY
1445887389329	0	lts_1026I_10_01	10	01	1	49	0	0	0	CR	MAX	ACOLUMN5.jpg	ACOLUMN5.jpg	NOKEY	MAX	NOKEY
1445887392405	0	lts_1026I_10_01	10	01	1	50	0	0	0	CR	MAX	Aoutdoorhalo2.jpg	Aoutdoorhalo2.jpg	NOKEY	MAX	NOKEY
1445887393458	0	lts_1026I_10_01	10	01	1	51	4	1	1	Hit	585	4-7/petfood.jpg	petfood.jpg	SPACE	620	SPACE
1445887396534	0	lts_1026I_10_01	10	01	1	52	0	0	0	CR	MAX	16/Alifebuo3.jpg	Alifebuo3.jpg	NOKEY	MAX	NOKEY
1445887397487	0	lts_1026I_10_01	10	01	1	53	32	1	1	Hit	483	32-2/Apineapple3.jpg	Apineapple3.jpg	SPACE	518	SPACE
1445887400563	0	lts_1026I_10_01	10	01	1	54	0	0	0	CR	MAX	4/ACAMPFIRE.jpg	ACAMPFIRE.jpg	NOKEY	MAX	NOKEY
1445887403639	0	lts_1026I_10_01	10	01	1	55	0	0	0	CR	MAX	ABATHTUB3.jpg	ABATHTUB3.jpg	NOKEY	MAX	NOKEY
1445887406715	0	lts_1026I_10_01	10	01	1	56	0	0	0	CR	MAX	16/Agasblower2.jpg	Agasblower2.jpg	NOKEY	MAX	NOKEY
1445887409791	0	lts_1026I_10_01	10	01	1	57	0	0	0	CR	MAX	ACASKET5.jpg	ACASKET5.jpg	NOKEY	MAX	NOKEY
1445887410794	0	lts_1026I_10_01	10	01	1	58	4	1	1	Hit	530	4-8/ACAMPFIRE.jpg	ACAMPFIRE.jpg	SPACE	568	SPACE
1445887413870	0	lts_1026I_10_01	10	01	1	59	0	0	0	CR	MAX	64/APROSTAR2.jpg	APROSTAR2.jpg	NOKEY	MAX	NOKEY
1445887416947	0	lts_1026I_10_01	10	01	1	60	0	0	0	CR	MAX	2/Avacuum13.jpg	Avacuum13.jpg	NOKEY	MAX	NOKEY
1445887420024	0	lts_1026I_10_01	10	01	1	61	0	0	0	CR	MAX	Abeesonahoney.jpg	Abeesonahoney.jpg	NOKEY	MAX	NOKEY
1445887421010	0	lts_1026I_10_01	10	01	1	62	2	1	1	Hit	511	2-8/Avacuum13.jpg	Avacuum13.jpg	SPACE	551	SPACE
1445887424102	0	lts_1026I_10_01	10	01	1	63	0	0	0	CR	MAX	Ascanner11.jpg	Ascanner11.jpg	NOKEY	MAX	NOKEY
1445887427178	0	lts_1026I_10_01	10	01	1	64	0	0	0	CR	MAX	AGLASSCON.jpg	AGLASSCON.jpg	NOKEY	MAX	NOKEY
1445887430254	0	lts_1026I_10_01	10	01	1	65	0	0	0	CR	MAX	ACHEMSET3.jpg	ACHEMSET3.jpg	NOKEY	MAX	NOKEY
1445887431608	0	lts_1026I_10_01	10	01	1	66	0	0	1	FA	879	4/Apulley71.jpg	Apulley71.jpg	SPACE	920	NOKEY
1445887434684	0	lts_1026I_10_01	10	01	1	67	0	0	0	CR	MAX	Alifeves2.jpg	Alifeves2.jpg	NOKEY	MAX	NOKEY
1445887435737	0	lts_1026I_10_01	10	01	1	68	16	1	1	Hit	578	16-first/Alifebuo3.jpg	Alifebuo3.jpg	SPACE	618	SPACE
1445887438813	0	lts_1026I_10_01	10	01	1	69	0	0	0	CR	MAX	ABIKLIGHT.jpg	ABIKLIGHT.jpg	NOKEY	MAX	NOKEY
1445887439950	0	lts_1026I_10_01	10	01	1	70	4	1	1	Hit	667	4-9/Apulley71.jpg	Apulley71.jpg	SPACE	702	SPACE
1445887443027	0	lts_1026I_10_01	10	01	1	71	0	0	0	CR	MAX	AGOLFIRON.jpg	AGOLFIRON.jpg	NOKEY	MAX	NOKEY
1445887443996	0	lts_1026I_10_01	10	01	1	72	16	1	1	Hit	493	16-first/Agasblower2.jpg	Agasblower2.jpg	SPACE	534	SPACE
1445887447072	0	lts_1026I_10_01	10	01	1	73	0	0	0	CR	MAX	1/ACOCONUT2.jpg	ACOCONUT2.jpg	NOKEY	MAX	NOKEY
1445887447991	0	lts_1026I_10_01	10	01	1	74	1	1	1	Hit	439	1-14/ACOCONUT2.jpg	ACOCONUT2.jpg	SPACE	485	SPACE
1445887449195	0	lts_1026I_10_01	10	01	1	75	0	0	1	FA	726	AANTCASH3.jpg	AANTCASH3.jpg	SPACE	768	NOKEY
1445887450298	0	lts_1026I_10_01	10	01	1	76	4	1	1	Hit	622	4-mul/Agasblower2.jpg	Agasblower2.jpg	SPACE	668	SPACE
1445887453375	0	lts_1026I_10_01	10	01	1	77	0	0	0	CR	MAX	moneyslotmachine.jpg	moneyslotmachine.jpg	NOKEY	MAX	NOKEY
1445887456451	0	lts_1026I_10_01	10	01	1	78	0	0	0	CR	MAX	23014831.thl.jpg	23014831.thl.jpg	NOKEY	MAX	NOKEY
1445887459527	0	lts_1026I_10_01	10	01	1	79	0	0	0	CR	MAX	2/26421575.thl.jpg	26421575.thl.jpg	NOKEY	MAX	NOKEY
1445887462603	0	lts_1026I_10_01	10	01	1	80	0	0	0	CR	MAX	8/Atrumpetwith2.jpg	Atrumpetwith2.jpg	NOKEY	MAX	NOKEY
1445887463656	0	lts_1026I_10_01	10	01	1	81	2	1	1	Hit	580	2-12/26421575.thl.jpg	26421575.thl.jpg	SPACE	619	SPACE
1445887466732	0	lts_1026I_10_01	10	01	1	82	0	0	0	CR	MAX	pacifierthermometer.jpg	pacifierthermometer.jpg	NOKEY	MAX	NOKEY
1445887469808	0	lts_1026I_10_01	10	01	1	83	0	0	0	CR	MAX	26427111.thl.jpg	26427111.thl.jpg	NOKEY	MAX	NOKEY
1445887470744	0	lts_1026I_10_01	10	01	1	84	16	1	1	Hit	460	16-mul/Alifebuo3.jpg	Alifebuo3.jpg	SPACE	502	SPACE
1445887472149	0	lts_1026I_10_01	10	01	1	85	0	0	1	FA	931	1/Aseahorse4.jpg	Aseahorse4.jpg	SPACE	969	NOKEY
1445887473235	0	lts_1026I_10_01	10	01	1	86	1	1	1	Hit	613	1-9/Aseahorse4.jpg	Aseahorse4.jpg	SPACE	652	SPACE
1445887476311	0	lts_1026I_10_01	10	01	1	87	0	0	0	CR	MAX	26379570.thl.jpg	26379570.thl.jpg	NOKEY	MAX	NOKEY
1445887477381	0	lts_1026I_10_01	10	01	1	88	8	1	1	Hit	601	8-2/Atrumpetwith2.jpg	Atrumpetwith2.jpg	SPACE	635	SPACE
1445887480457	0	lts_1026I_10_01	10	01	1	89	0	0	0	CR	MAX	swimming pool.jpg	swimming pool.jpg	NOKEY	MAX	NOKEY
1445887481728	0	lts_1026I_10_01	10	01	1	90	0	0	1	FA	799	64/Acrayonsinabo.jpg	Acrayonsinabo.jpg	SPACE	836	NOKEY
1445887482798	0	lts_1026I_10_01	10	01	1	91	64	1	1	Hit	586	64-first/Aeasteregg14.jpg	Aeasteregg14.jpg	SPACE	636	SPACE
1445887485874	0	lts_1026I_10_01	10	01	1	92	0	0	0	CR	MAX	turnip.jpg	turnip.jpg	NOKEY	MAX	NOKEY
1445887488950	0	lts_1026I_10_01	10	01	1	93	0	0	0	CR	MAX	23076640.thl.jpg	23076640.thl.jpg	NOKEY	MAX	NOKEY
1445887492027	0	lts_1026I_10_01	10	01	1	94	0	0	0	CR	MAX	AMINCOLLE.jpg	AMINCOLLE.jpg	NOKEY	MAX	NOKEY
1445887493062	0	lts_1026I_10_01	10	01	1	95	64	1	1	Hit	556	64-first/26427950.thl.jpg	26427950.thl.jpg	SPACE	601	SPACE
1445887496138	0	lts_1026I_10_01	10	01	1	96	0	0	0	CR	MAX	8021504.thl.jpg	8021504.thl.jpg	NOKEY	MAX	NOKEY
1445887497376	0	lts_1026I_10_01	10	01	1	97	2	1	1	Hit	763	2-mul/26427950.thl.jpg	26427950.thl.jpg	SPACE	802	SPACE
1445887500452	0	lts_1026I_10_01	10	01	1	98	0	0	0	CR	MAX	Aglassjarwit2.jpg	Aglassjarwit2.jpg	NOKEY	MAX	NOKEY
1445887501555	0	lts_1026I_10_01	10	01	1	99	64	1	1	Hit	619	64-first/Aantiquemailb.jpg	Aantiquemailb.jpg	SPACE	669	SPACE
1445887504631	0	lts_1026I_10_01	10	01	1	100	0	0	0	CR	MAX	8020414.thl.jpg	8020414.thl.jpg	NOKEY	MAX	NOKEY
1445887507707	0	lts_1026I_10_01	10	01	1	101	0	0	0	CR	MAX	Acane116.jpg	Acane116.jpg	NOKEY	MAX	NOKEY
1445887510783	0	lts_1026I_10_01	10	01	1	102	0	0	0	CR	MAX	Acroissant.jpg	Acroissant.jpg	NOKEY	MAX	NOKEY
1445887511686	0	lts_1026I_10_01	10	01	1	103	4	1	1	Hit	418	4-mul/Aantiquemailb.jpg	Aantiquemailb.jpg	SPACE	468	SPACE
1445887514762	0	lts_1026I_10_01	10	01	1	104	0	0	0	CR	MAX	toypieces.jpg	toypieces.jpg	NOKEY	MAX	NOKEY
1445887517838	0	lts_1026I_10_01	10	01	1	105	0	0	0	CR	MAX	ABABYCUP3.jpg	ABABYCUP3.jpg	NOKEY	MAX	NOKEY
1445887520914	0	lts_1026I_10_01	10	01	1	106	0	0	0	CR	MAX	Atable132.jpg	Atable132.jpg	NOKEY	MAX	NOKEY
1445887521867	0	lts_1026I_10_01	10	01	1	107	16	1	1	Hit	477	16-mul/Aeasteregg14.jpg	Aeasteregg14.jpg	SPACE	518	SPACE
1445887524943	0	lts_1026I_10_01	10	01	1	108	0	0	0	CR	MAX	AANTIQTHE.jpg	AANTIQTHE.jpg	NOKEY	MAX	NOKEY
1445887528020	0	lts_1026I_10_01	10	01	1	109	0	0	0	CR	MAX	32/ADRUM12.jpg	ADRUM12.jpg	NOKEY	MAX	NOKEY
1445887531095	0	lts_1026I_10_01	10	01	1	110	0	0	0	CR	MAX	1/Astackingtoy2.jpg	Astackingtoy2.jpg	NOKEY	MAX	NOKEY
1445887532299	0	lts_1026I_10_01	10	01	1	111	1	1	1	Hit	723	1-11/Astackingtoy2.jpg	Astackingtoy2.jpg	SPACE	769	SPACE
1445887535375	0	lts_1026I_10_01	10	01	1	112	0	0	0	CR	MAX	2/22827408.thl.jpg	22827408.thl.jpg	NOKEY	MAX	NOKEY
1445887538468	0	lts_1026I_10_01	10	01	1	113	0	0	0	CR	MAX	AMAILBOX9.jpg	AMAILBOX9.jpg	NOKEY	MAX	NOKEY
1445887539320	0	lts_1026I_10_01	10	01	1	114	2	1	1	Hit	375	2-10/22827408.thl.jpg	22827408.thl.jpg	SPACE	418	SPACE
1445887542396	0	lts_1026I_10_01	10	01	1	115	0	0	0	CR	MAX	Adoorknocker2.jpg	Adoorknocker2.jpg	NOKEY	MAX	NOKEY
1445887543400	0	lts_1026I_10_01	10	01	1	116	00	1	1	Hit	525	00-across/heartchocolat.jpg	heartchocolat.jpg	SPACE	568	SPACE
1445887546476	0	lts_1026I_10_01	10	01	1	117	0	0	0	CR	MAX	AMEATHER3.jpg	AMEATHER3.jpg	NOKEY	MAX	NOKEY
1445887549552	0	lts_1026I_10_01	10	01	1	118	0	0	0	CR	MAX	ALAB21.jpg	ALAB21.jpg	NOKEY	MAX	NOKEY
1445887552628	0	lts_1026I_10_01	10	01	1	119	0	0	0	CR	MAX	32/chocolatbox.jpg	chocolatbox.jpg	NOKEY	MAX	NOKEY
1445887555704	0	lts_1026I_10_01	10	01	1	120	0	0	0	CR	MAX	ALEMUR3.jpg	ALEMUR3.jpg	NOKEY	MAX	NOKEY
1445887556774	0	lts_1026I_10_01	10	01	1	121	00	1	1	Hit	593	00-across/ALAB19.jpg	ALAB19.jpg	SPACE	636	SPACE
1445887559850	0	lts_1026I_10_01	10	01	1	122	0	0	0	CR	MAX	8/AMAKEUPMI.jpg	AMAKEUPMI.jpg	NOKEY	MAX	NOKEY
1445887560903	0	lts_1026I_10_01	10	01	1	123	64	1	1	Hit	573	64-first/APROSTAR2.jpg	APROSTAR2.jpg	SPACE	619	SPACE
1445887563979	0	lts_1026I_10_01	10	01	1	124	0	0	0	CR	MAX	1/Acomputerdes8.jpg	Acomputerdes8.jpg	NOKEY	MAX	NOKEY
1445887564999	0	lts_1026I_10_01	10	01	1	125	1	1	1	Hit	538	1-7/Acomputerdes8.jpg	Acomputerdes8.jpg	SPACE	585	SPACE
1445887568075	0	lts_1026I_10_01	10	01	1	126	0	0	0	CR	MAX	32/AANTJUG.jpg	AANTJUG.jpg	NOKEY	MAX	NOKEY
1445887568995	0	lts_1026I_10_01	10	01	1	127	4	1	1	Hit	441	4-mul/APROSTAR2.jpg	APROSTAR2.jpg	SPACE	485	SPACE
1445887572071	0	lts_1026I_10_01	10	01	1	128	0	0	0	CR	MAX	Abutterflynet.jpg	Abutterflynet.jpg	NOKEY	MAX	NOKEY
1445887575147	0	lts_1026I_10_01	10	01	1	129	0	0	0	CR	MAX	16/AHARMONS2.jpg	AHARMONS2.jpg	NOKEY	MAX	NOKEY
1445887576250	0	lts_1026I_10_01	10	01	1	130	8	1	1	Hit	621	8-first/AMAKEUPMI.jpg	AMAKEUPMI.jpg	SPACE	669	SPACE
1445887579326	0	lts_1026I_10_01	10	01	1	131	0	0	0	CR	MAX	1/APIPE8.jpg	APIPE8.jpg	NOKEY	MAX	NOKEY
1445887580179	0	lts_1026I_10_01	10	01	1	132	1	1	1	Hit	373	1-10/APIPE8.jpg	APIPE8.jpg	SPACE	418	SPACE
1445887583255	0	lts_1026I_10_01	10	01	1	133	0	0	0	CR	MAX	AWATEHOSE.jpg	AWATEHOSE.jpg	NOKEY	MAX	NOKEY
1445887584224	0	lts_1026I_10_01	10	01	1	134	4	1	1	Hit	485	4-mul/AMAKEUPMI.jpg	AMAKEUPMI.jpg	SPACE	535	SPACE
1445887587300	0	lts_1026I_10_01	10	01	1	135	0	0	0	CR	MAX	APITCHE15.jpg	APITCHE15.jpg	NOKEY	MAX	NOKEY
1445887590376	0	lts_1026I_10_01	10	01	1	136	0	0	0	CR	MAX	128/26466347.thl.jpg	26466347.thl.jpg	NOKEY	MAX	NOKEY
1445887593453	0	lts_1026I_10_01	10	01	1	137	0	0	0	CR	MAX	1/Acompactdisc2.jpg	Acompactdisc2.jpg	NOKEY	MAX	NOKEY
1445887594372	0	lts_1026I_10_01	10	01	1	138	1	1	1	Hit	448	1-2/Acompactdisc2.jpg	Acompactdisc2.jpg	SPACE	485	SPACE
1445887597448	0	lts_1026I_10_01	10	01	1	139	0	0	0	CR	MAX	ADOGLEAS2.jpg	ADOGLEAS2.jpg	NOKEY	MAX	NOKEY
1445887600524	0	lts_1026I_10_01	10	01	1	140	0	0	0	CR	MAX	32/AKEYHOL10.jpg	AKEYHOL10.jpg	NOKEY	MAX	NOKEY
1445887601678	0	lts_1026I_10_01	10	01	1	141	32	1	1	Hit	675	32-5/ADRUM12.jpg	ADRUM12.jpg	SPACE	718	SPACE
1445887604754	0	lts_1026I_10_01	10	01	1	142	0	0	0	CR	MAX	ABIRDCAG2.jpg	ABIRDCAG2.jpg	NOKEY	MAX	NOKEY
1445887605857	0	lts_1026I_10_01	10	01	1	143	0	0	1	FA	624	AGOOSNEC2.jpg	AGOOSNEC2.jpg	SPACE	669	NOKEY
1445887608950	0	lts_1026I_10_01	10	01	1	144	0	0	0	CR	MAX	AMELODEON.jpg	AMELODEON.jpg	NOKEY	MAX	NOKEY
1445887609920	0	lts_1026I_10_01	10	01	1	145	16	1	1	Hit	495	16-first/AHARMONS2.jpg	AHARMONS2.jpg	SPACE	535	SPACE
1445887612996	0	lts_1026I_10_01	10	01	1	146	0	0	0	CR	MAX	128/ACHINLAMP.jpg	ACHINLAMP.jpg	NOKEY	MAX	NOKEY
1445887616072	0	lts_1026I_10_01	10	01	1	147	0	0	0	CR	MAX	AMUSISTA2.jpg	AMUSISTA2.jpg	NOKEY	MAX	NOKEY
1445887619148	0	lts_1026I_10_01	10	01	1	148	0	0	0	CR	MAX	Asandgarden.jpg	Asandgarden.jpg	NOKEY	MAX	NOKEY
1445887620151	0	lts_1026I_10_01	10	01	1	149	4	1	1	Hit	533	4-mul/AHARMONS2.jpg	AHARMONS2.jpg	SPACE	569	SPACE
1445887623227	0	lts_1026I_10_01	10	01	1	150	0	0	0	CR	MAX	AWEIGHT11.jpg	AWEIGHT11.jpg	NOKEY	MAX	NOKEY
1445887624196	0	lts_1026I_10_01	10	01	1	151	32	1	1	Hit	495	32-0/chocolatbox.jpg	chocolatbox.jpg	SPACE	535	SPACE
1445887627273	0	lts_1026I_10_01	10	01	1	152	0	0	0	CR	MAX	Abicycleglove.jpg	Abicycleglove.jpg	NOKEY	MAX	NOKEY
1445887630349	0	lts_1026I_10_01	10	01	1	153	0	0	0	CR	MAX	128/26433347.thl.jpg	26433347.thl.jpg	NOKEY	MAX	NOKEY
1445887631335	0	lts_1026I_10_01	10	01	1	154	64	1	1	Hit	515	64-first/Acrayonsinabo.jpg	Acrayonsinabo.jpg	SPACE	552	SPACE
1445887634411	0	lts_1026I_10_01	10	01	1	155	0	0	0	CR	MAX	128/AMIXER1.jpg	AMIXER1.jpg	NOKEY	MAX	NOKEY
1445887637487	0	lts_1026I_10_01	10	01	1	156	0	0	0	CR	MAX	26427612.thl.jpg	26427612.thl.jpg	NOKEY	MAX	NOKEY
1445887640563	0	lts_1026I_10_01	10	01	1	157	0	0	0	CR	MAX	4/potato.jpg	potato.jpg	NOKEY	MAX	NOKEY
1445887641784	0	lts_1026I_10_01	10	01	1	158	32	1	1	Hit	752	32-7/AANTJUG.jpg	AANTJUG.jpg	SPACE	785	SPACE
1445887644860	0	lts_1026I_10_01	10	01	1	159	0	0	0	CR	MAX	31023139.thl.jpg	31023139.thl.jpg	NOKEY	MAX	NOKEY
1445887647936	0	lts_1026I_10_01	10	01	1	160	0	0	0	CR	MAX	Abagofpaperfl.jpg	Abagofpaperfl.jpg	NOKEY	MAX	NOKEY
1445887649139	0	lts_1026I_10_01	10	01	1	161	4	1	1	Hit	720	4-5/potato.jpg	potato.jpg	SPACE	769	SPACE
1445887650694	0	lts_1026I_10_01	10	01	1	162	0	0	1	FA	1075	Abellcookiec3.jpg	Abellcookiec3.jpg	SPACE	1120	NOKEY
1445887653770	0	lts_1026I_10_01	10	01	1	163	0	0	0	CR	MAX	128/ABUSTFOR7.jpg	ABUSTFOR7.jpg	NOKEY	MAX	NOKEY
1445887656846	0	lts_1026I_10_01	10	01	1	164	0	0	0	CR	MAX	2/ABOAT16.jpg	ABOAT16.jpg	NOKEY	MAX	NOKEY
1445887659922	0	lts_1026I_10_01	10	01	1	165	0	0	0	CR	MAX	64/AWASHSIGN.jpg	AWASHSIGN.jpg	NOKEY	MAX	NOKEY
1445887660942	0	lts_1026I_10_01	10	01	1	166	2	1	1	Hit	548	2-0/ABOAT16.jpg	ABOAT16.jpg	SPACE	585	SPACE
1445887664019	0	lts_1026I_10_01	10	01	1	167	0	0	0	CR	MAX	AEXERCBIK.jpg	AEXERCBIK.jpg	NOKEY	MAX	NOKEY
1445887667094	0	lts_1026I_10_01	10	01	1	168	0	0	0	CR	MAX	8/ATICKETBO.jpg	ATICKETBO.jpg	NOKEY	MAX	NOKEY
1445887670170	0	lts_1026I_10_01	10	01	1	169	0	0	0	CR	MAX	bobbypins.JPG	bobbypins.JPG	NOKEY	MAX	NOKEY
1445887671123	0	lts_1026I_10_01	10	01	1	170	16	1	1	Hit	477	16-mul/Acrayonsinabo.jpg	Acrayonsinabo.jpg	SPACE	518	SPACE
1445887674199	0	lts_1026I_10_01	10	01	1	171	0	0	0	CR	MAX	Aclimbingtool.jpg	Aclimbingtool.jpg	NOKEY	MAX	NOKEY
1445887675269	0	lts_1026I_10_01	10	01	1	172	32	1	1	Hit	589	32-3/AKEYHOL10.jpg	AKEYHOL10.jpg	SPACE	635	SPACE
1445887678362	0	lts_1026I_10_01	10	01	1	173	0	0	0	CR	MAX	Aadjustablec2.jpg	Aadjustablec2.jpg	NOKEY	MAX	NOKEY
1445887681438	0	lts_1026I_10_01	10	01	1	174	0	0	0	CR	MAX	8/Abird41.jpg	Abird41.jpg	NOKEY	MAX	NOKEY
1445887684514	0	lts_1026I_10_01	10	01	1	175	0	0	0	CR	MAX	26440073.thl.jpg	26440073.thl.jpg	NOKEY	MAX	NOKEY
1445887685467	0	lts_1026I_10_01	10	01	1	176	8	1	1	Hit	483	8-0/ATICKETBO.jpg	ATICKETBO.jpg	SPACE	518	SPACE
1445887688543	0	lts_1026I_10_01	10	01	1	177	0	0	0	CR	MAX	2/8023888.thl.jpg	8023888.thl.jpg	NOKEY	MAX	NOKEY
1445887691619	0	lts_1026I_10_01	10	01	1	178	0	0	0	CR	MAX	8/26378596.thl.jpg	26378596.thl.jpg	NOKEY	MAX	NOKEY
1445887692856	0	lts_1026I_10_01	10	01	1	179	2	1	1	Hit	760	2-2/8023888.thl.jpg	8023888.thl.jpg	SPACE	802	SPACE
1445887695932	0	lts_1026I_10_01	10	01	1	180	0	0	0	CR	MAX	AXMASTIN3.jpg	AXMASTIN3.jpg	NOKEY	MAX	NOKEY
1445887699026	0	lts_1026I_10_01	10	01	1	181	0	0	0	CR	MAX	ACOFFPOT7.jpg	ACOFFPOT7.jpg	NOKEY	MAX	NOKEY
1445887700029	0	lts_1026I_10_01	10	01	1	182	8	1	1	Hit	532	8-first/Abird41.jpg	Abird41.jpg	SPACE	567	SPACE
1445887703104	0	lts_1026I_10_01	10	01	1	183	0	0	0	CR	MAX	Apeddleboat3.jpg	Apeddleboat3.jpg	NOKEY	MAX	NOKEY
1445887706180	0	lts_1026I_10_01	10	01	1	184	0	0	0	CR	MAX	euthsda.jpg	euthsda.jpg	NOKEY	MAX	NOKEY
1445887709256	0	lts_1026I_10_01	10	01	1	185	0	0	0	CR	MAX	for28524.jpg	for28524.jpg	NOKEY	MAX	NOKEY
1445887710276	0	lts_1026I_10_01	10	01	1	186	8	1	1	Hit	539	8-first/26378596.thl.jpg	26378596.thl.jpg	SPACE	585	SPACE
1445887713352	0	lts_1026I_10_01	10	01	1	187	0	0	0	CR	MAX	16/Aeggcup224.jpg	Aeggcup224.jpg	NOKEY	MAX	NOKEY
1445887716428	0	lts_1026I_10_01	10	01	1	188	0	0	0	CR	MAX	Abucketwithcl.jpg	Abucketwithcl.jpg	NOKEY	MAX	NOKEY
1445887719504	0	lts_1026I_10_01	10	01	1	189	0	0	0	CR	MAX	AELECRAZ7.jpg	AELECRAZ7.jpg	NOKEY	MAX	NOKEY
1445887720591	0	lts_1026I_10_01	10	01	1	190	4	1	1	Hit	605	4-mul/26378596.thl.jpg	26378596.thl.jpg	SPACE	652	SPACE
1445887723667	0	lts_1026I_10_01	10	01	1	191	0	0	0	CR	MAX	1/26427609.thl.jpg	26427609.thl.jpg	NOKEY	MAX	NOKEY
1445887724553	0	lts_1026I_10_01	10	01	1	192	1	1	1	Hit	417	1-1/26427609.thl.jpg	26427609.thl.jpg	SPACE	451	SPACE
1445887727629	0	lts_1026I_10_01	10	01	1	193	0	0	0	CR	MAX	Abandleaders2.jpg	Abandleaders2.jpg	NOKEY	MAX	NOKEY
1445887730705	0	lts_1026I_10_01	10	01	1	194	0	0	0	CR	MAX	Agroundhog.jpg	Agroundhog.jpg	NOKEY	MAX	NOKEY
1445887733781	0	lts_1026I_10_01	10	01	1	195	0	0	0	CR	MAX	AMIMETITE.jpg	AMIMETITE.jpg	NOKEY	MAX	NOKEY
1445887735336	0	lts_1026I_10_01	10	01	1	196	0	0	1	FA	1078	Aclockradio4.jpg	Aclockradio4.jpg	SPACE	1120	NOKEY
1445887738412	0	lts_1026I_10_01	10	01	1	197	0	0	0	CR	MAX	Agroupofmole7.jpg	Agroupofmole7.jpg	NOKEY	MAX	NOKEY
1445887739382	0	lts_1026I_10_01	10	01	1	198	16	1	1	Hit	489	16-mul/Abird41.jpg	Abird41.jpg	SPACE	535	SPACE
1445887742458	0	lts_1026I_10_01	10	01	1	199	0	0	0	CR	MAX	acquarium.jpg	acquarium.jpg	NOKEY	MAX	NOKEY
1445887743528	0	lts_1026I_10_01	10	01	1	200	00	1	1	Hit	591	00-across/Alei23.jpg	Alei23.jpg	SPACE	636	SPACE
1445887746604	0	lts_1026I_10_01	10	01	1	201	0	0	0	CR	MAX	16/Astatueofwo29.jpg	Astatueofwo29.jpg	NOKEY	MAX	NOKEY
1445887749680	0	lts_1026I_10_01	10	01	1	202	0	0	0	CR	MAX	128/ATIE16.jpg	ATIE16.jpg	NOKEY	MAX	NOKEY
1445887750650	0	lts_1026I_10_01	10	01	1	203	16	1	1	Hit	498	16-first/Aeggcup224.jpg	Aeggcup224.jpg	SPACE	535	SPACE
1445887753742	0	lts_1026I_10_01	10	01	1	204	0	0	0	CR	MAX	32/Aashtray14.jpg	Aashtray14.jpg	NOKEY	MAX	NOKEY
1445887754695	0	lts_1026I_10_01	10	01	1	205	2	1	1	Hit	482	2-mul/Aeggcup224.jpg	Aeggcup224.jpg	SPACE	518	SPACE
1445887757771	0	lts_1026I_10_01	10	01	1	206	0	0	0	CR	MAX	4/26427903.thl.jpg	26427903.thl.jpg	NOKEY	MAX	NOKEY
1445887760847	0	lts_1026I_10_01	10	01	1	207	0	0	0	CR	MAX	Adiscoball2.jpg	Adiscoball2.jpg	NOKEY	MAX	NOKEY
1445887763923	0	lts_1026I_10_01	10	01	1	208	0	0	0	CR	MAX	4/Awildberries.jpg	Awildberries.jpg	NOKEY	MAX	NOKEY
1445887767000	0	lts_1026I_10_01	10	01	1	209	0	0	0	CR	MAX	ARELSCU49.jpg	ARELSCU49.jpg	NOKEY	MAX	NOKEY
1445887768203	0	lts_1026I_10_01	10	01	1	210	4	1	1	Hit	717	4-1/26427903.thl.jpg	26427903.thl.jpg	SPACE	768	SPACE
1445887771279	0	lts_1026I_10_01	10	01	1	211	0	0	0	CR	MAX	Ahousboa2.jpg	Ahousboa2.jpg	NOKEY	MAX	NOKEY
1445887772182	0	lts_1026I_10_01	10	01	1	212	4	1	1	Hit	424	4-2/Awildberries.jpg	Awildberries.jpg	SPACE	468	SPACE
1445887775258	0	lts_1026I_10_01	10	01	1	213	0	0	0	CR	MAX	Chevypickup.jpg	Chevypickup.jpg	NOKEY	MAX	NOKEY
1445887778334	0	lts_1026I_10_01	10	01	1	214	0	0	0	CR	MAX	ACOMPAS20.jpg	ACOMPAS20.jpg	NOKEY	MAX	NOKEY
1445887781410	0	lts_1026I_10_01	10	01	1	215	0	0	0	CR	MAX	AEARING49.jpg	AEARING49.jpg	NOKEY	MAX	NOKEY
1445887784503	0	lts_1026I_10_01	10	01	1	216	0	0	0	CR	MAX	beanbagchair.jpg	beanbagchair.jpg	NOKEY	MAX	NOKEY
1445887785506	0	lts_1026I_10_01	10	01	1	217	16	1	1	Hit	533	16-first/Astatueofwo29.jpg	Astatueofwo29.jpg	SPACE	569	SPACE
1445887788582	0	lts_1026I_10_01	10	01	1	218	0	0	0	CR	MAX	26687944.thl.jpg	26687944.thl.jpg	NOKEY	MAX	NOKEY
1445887789435	0	lts_1026I_10_01	10	01	1	219	2	1	1	Hit	375	2-mul/Astatueofwo29.jpg	Astatueofwo29.jpg	SPACE	419	SPACE
1445887792511	0	lts_1026I_10_01	10	01	1	220	0	0	0	CR	MAX	1/Alipstick3.jpg	Alipstick3.jpg	NOKEY	MAX	NOKEY
1445887793330	0	lts_1026I_10_01	10	01	1	221	1	1	1	Hit	336	1-3/Alipstick3.jpg	Alipstick3.jpg	SPACE	385	SPACE
1445887796406	0	lts_1026I_10_01	10	01	1	222	0	0	0	CR	MAX	ShoeHorn.jpg	ShoeHorn.jpg	NOKEY	MAX	NOKEY
1445887799482	0	lts_1026I_10_01	10	01	1	223	0	0	0	CR	MAX	8076304.thl.jpg	8076304.thl.jpg	NOKEY	MAX	NOKEY
1445887802558	0	lts_1026I_10_01	10	01	1	224	0	0	0	CR	MAX	2/Aboxofchocola.jpg	Aboxofchocola.jpg	NOKEY	MAX	NOKEY
1445887803862	0	lts_1026I_10_01	10	01	1	225	0	0	1	FA	832	26429123.thl.jpg	26429123.thl.jpg	SPACE	869	NOKEY
1445887804915	0	lts_1026I_10_01	10	01	1	226	2	1	1	Hit	580	2-7/Aboxofchocola.jpg	Aboxofchocola.jpg	SPACE	618	SPACE
1445887807991	0	lts_1026I_10_01	10	01	1	227	0	0	0	CR	MAX	26379054.thl.jpg	26379054.thl.jpg	NOKEY	MAX	NOKEY
1445887811068	0	lts_1026I_10_01	10	01	1	228	0	0	0	CR	MAX	AALTAR.jpg	AALTAR.jpg	NOKEY	MAX	NOKEY
1445887812054	0	lts_1026I_10_01	10	01	1	229	64	1	1	Hit	516	64-first/AWASHSIGN.jpg	AWASHSIGN.jpg	SPACE	552	SPACE
1445887815130	0	lts_1026I_10_01	10	01	1	230	0	0	0	CR	MAX	32/Acrib12.jpg	Acrib12.jpg	NOKEY	MAX	NOKEY
1445887818206	0	lts_1026I_10_01	10	01	1	231	0	0	0	CR	MAX	26433592.thl.jpg	26433592.thl.jpg	NOKEY	MAX	NOKEY
1445887821282	0	lts_1026I_10_01	10	01	1	232	0	0	0	CR	MAX	AOVEN.jpg	AOVEN.jpg	NOKEY	MAX	NOKEY
1445887824358	0	lts_1026I_10_01	10	01	1	233	0	0	0	CR	MAX	26431734.thl.jpg	26431734.thl.jpg	NOKEY	MAX	NOKEY
1445887827434	0	lts_1026I_10_01	10	01	1	234	0	0	0	CR	MAX	26372669.thl.jpg	26372669.thl.jpg	NOKEY	MAX	NOKEY
1445887830510	0	lts_1026I_10_01	10	01	1	235	0	0	0	CR	MAX	16/Asoapdish3.jpg	Asoapdish3.jpg	NOKEY	MAX	NOKEY
1445887831614	0	lts_1026I_10_01	10	01	1	236	32	1	1	Hit	634	32-1/Aashtray14.jpg	Aashtray14.jpg	SPACE	668	SPACE
1445887834690	0	lts_1026I_10_01	10	01	1	237	0	0	0	CR	MAX	2/22924880.thl.jpg	22924880.thl.jpg	NOKEY	MAX	NOKEY
1445887837766	0	lts_1026I_10_01	10	01	1	238	0	0	0	CR	MAX	4/Aantiquevege3.jpg	Aantiquevege3.jpg	NOKEY	MAX	NOKEY
1445887839070	0	lts_1026I_10_01	10	01	1	239	2	1	1	Hit	833	2-13/22924880.thl.jpg	22924880.thl.jpg	SPACE	870	SPACE
1445887842146	0	lts_1026I_10_01	10	01	1	240	0	0	0	CR	MAX	ice.jpg	ice.jpg	NOKEY	MAX	NOKEY
1445887845239	0	lts_1026I_10_01	10	01	1	241	0	0	0	CR	MAX	railroadblock.jpg	railroadblock.jpg	NOKEY	MAX	NOKEY
1445887846325	0	lts_1026I_10_01	10	01	1	242	4	1	1	Hit	608	4-0/Aantiquevege3.jpg	Aantiquevege3.jpg	SPACE	652	SPACE
1445887849401	0	lts_1026I_10_01	10	01	1	243	0	0	0	CR	MAX	36407726.thl.jpg	36407726.thl.jpg	NOKEY	MAX	NOKEY
1445887852477	0	lts_1026I_10_01	10	01	1	244	0	0	0	CR	MAX	ASUSHI8.jpg	ASUSHI8.jpg	NOKEY	MAX	NOKEY
1445887853397	0	lts_1026I_10_01	10	01	1	245	16	1	1	Hit	445	16-mul/AWASHSIGN.jpg	AWASHSIGN.jpg	SPACE	485	SPACE
1445887856473	0	lts_1026I_10_01	10	01	1	246	0	0	0	CR	MAX	Agolfbag.jpg	Agolfbag.jpg	NOKEY	MAX	NOKEY
1445887859549	0	lts_1026I_10_01	10	01	1	247	0	0	0	CR	MAX	Apaintroller2.jpg	Apaintroller2.jpg	NOKEY	MAX	NOKEY
1445887862625	0	lts_1026I_10_01	10	01	1	248	0	0	0	CR	MAX	Atoyhorse2.jpg	Atoyhorse2.jpg	NOKEY	MAX	NOKEY
1445887865701	0	lts_1026I_10_01	10	01	1	249	0	0	0	CR	MAX	AAFRIMAS5.jpg	AAFRIMAS5.jpg	NOKEY	MAX	NOKEY
1445887868777	0	lts_1026I_10_01	10	01	1	250	0	0	0	CR	MAX	AMOUSWHEE.jpg	AMOUSWHEE.jpg	NOKEY	MAX	NOKEY
1445887869797	0	lts_1026I_10_01	10	01	1	251	16	1	1	Hit	549	16-0/Asoapdish3.jpg	Asoapdish3.jpg	SPACE	585	SPACE
1445887872873	0	lts_1026I_10_01	10	01	1	252	0	0	0	CR	MAX	Atoychestfor3.jpg	Atoychestfor3.jpg	NOKEY	MAX	NOKEY
1445887874127	0	lts_1026I_10_01	10	01	1	253	00	1	1	Hit	781	00-across/ATOOLS.jpg	ATOOLS.jpg	SPACE	819	SPACE
1445887875815	0	lts_1026I_10_01	10	01	1	254	0	0	1	FA	1204	Aancientstat4.jpg	Aancientstat4.jpg	SPACE	1254	NOKEY
1445887876936	0	lts_1026I_10_01	10	01	1	255	0	0	1	FA	648	1/AROCKET20.jpg	AROCKET20.jpg	SPACE	685	NOKEY
1445887877972	0	lts_1026I_10_01	10	01	1	256	1	1	1	Hit	556	1-0/AROCKET20.jpg	AROCKET20.jpg	SPACE	602	SPACE
1445887881048	0	lts_1026I_10_01	10	01	1	257	0	0	0	CR	MAX	8255030.thl.jpg	8255030.thl.jpg	NOKEY	MAX	NOKEY
1445887884124	0	lts_1026I_10_01	10	01	1	258	0	0	0	CR	MAX	2/Abeverageingl.jpg	Abeverageingl.jpg	NOKEY	MAX	NOKEY
1445887887200	0	lts_1026I_10_01	10	01	1	259	0	0	0	CR	MAX	woodvase.jpg	woodvase.jpg	NOKEY	MAX	NOKEY
1445887888220	0	lts_1026I_10_01	10	01	1	260	2	1	1	Hit	537	2-4/Abeverageingl.jpg	Abeverageingl.jpg	SPACE	585	SPACE
1445887891296	0	lts_1026I_10_01	10	01	1	261	0	0	0	CR	MAX	26431753.thl.jpg	26431753.thl.jpg	NOKEY	MAX	NOKEY
1445887892399	0	lts_1026I_10_01	10	01	1	262	32	1	1	Hit	627	32-9/Acrib12.jpg	Acrib12.jpg	SPACE	669	SPACE
1445887895475	0	lts_1026I_10_01	10	01	1	263	0	0	0	CR	MAX	AARTDUCK3.jpg	AARTDUCK3.jpg	NOKEY	MAX	NOKEY
1445887896479	0	lts_1026I_10_01	10	01	1	264	128	1	1	Hit	519	128-6/26466347.thl.jpg	26466347.thl.jpg	SPACE	568	SPACE
1445887897532	0	lts_1026I_10_01	10	01	1	265	0	0	1	FA	583	1/ACHINCHI4.jpg	ACHINCHI4.jpg	SPACE	619	NOKEY
1445887898485	0	lts_1026I_10_01	10	01	1	266	1	1	1	Hit	468	1-6/ACHINCHI4.jpg	ACHINCHI4.jpg	SPACE	519	SPACE
1445887901561	0	lts_1026I_10_01	10	01	1	267	0	0	0	CR	MAX	128/Acucumber2.jpg	Acucumber2.jpg	NOKEY	MAX	NOKEY
1445887902731	0	lts_1026I_10_01	10	01	1	268	00	1	1	Hit	685	00-across/Abootbinding.jpg	Abootbinding.jpg	SPACE	736	SPACE
1445887905807	0	lts_1026I_10_01	10	01	1	269	0	0	0	CR	MAX	1/AWALLEYE2.jpg	AWALLEYE2.jpg	NOKEY	MAX	NOKEY
1445887906676	0	lts_1026I_10_01	10	01	1	270	1	1	1	Hit	397	1-8/AWALLEYE2.jpg	AWALLEYE2.jpg	SPACE	435	SPACE
1445887909752	0	lts_1026I_10_01	10	01	1	271	0	0	0	CR	MAX	clips-a.jpg	clips-a.jpg	NOKEY	MAX	NOKEY
1445887912828	0	lts_1026I_10_01	10	01	1	272	0	0	0	CR	MAX	8250565.thl.jpg	8250565.thl.jpg	NOKEY	MAX	NOKEY
1445887915905	0	lts_1026I_10_01	10	01	1	273	0	0	0	CR	MAX	Acampingknife.jpg	Acampingknife.jpg	NOKEY	MAX	NOKEY
1445887916891	0	lts_1026I_10_01	10	01	1	274	128	1	1	Hit	509	128-4/ACHINLAMP.jpg	ACHINLAMP.jpg	SPACE	552	SPACE
1445887919967	0	lts_1026I_10_01	10	01	1	275	0	0	0	CR	MAX	2/23070064.thl.jpg	23070064.thl.jpg	NOKEY	MAX	NOKEY
1445887923044	0	lts_1026I_10_01	10	01	1	276	0	0	0	CR	MAX	canopy.jpg	canopy.jpg	NOKEY	MAX	NOKEY
1445887924030	0	lts_1026I_10_01	10	01	1	277	2	1	1	Hit	506	2-1/23070064.thl.jpg	23070064.thl.jpg	SPACE	551	SPACE
1445887927105	0	lts_1026I_10_01	10	01	1	278	0	0	0	CR	MAX	Apowerbar7.jpg	Apowerbar7.jpg	NOKEY	MAX	NOKEY
1445887930198	0	lts_1026I_10_01	10	01	1	279	0	0	0	CR	MAX	64/ASEWINGT4.jpg	ASEWINGT4.jpg	NOKEY	MAX	NOKEY
1445887933274	0	lts_1026I_10_01	10	01	1	280	0	0	0	CR	MAX	26434546.thl.jpg	26434546.thl.jpg	NOKEY	MAX	NOKEY
1445887934227	0	lts_1026I_10_01	10	01	1	281	128	1	1	Hit	480	128-5/26433347.thl.jpg	26433347.thl.jpg	SPACE	518	SPACE
1445887937303	0	lts_1026I_10_01	10	01	1	282	0	0	0	CR	MAX	128/Abeany2.jpg	Abeany2.jpg	NOKEY	MAX	NOKEY
1445887938557	0	lts_1026I_10_01	10	01	1	283	128	1	1	Hit	773	128-2/AMIXER1.jpg	AMIXER1.jpg	SPACE	819	SPACE
1445887941633	0	lts_1026I_10_01	10	01	1	284	0	0	0	CR	MAX	26369944.thl.jpg	26369944.thl.jpg	NOKEY	MAX	NOKEY
1445887942686	0	lts_1026I_10_01	10	01	1	285	0	0	1	FA	576	26545643.thl.jpg	26545643.thl.jpg	SPACE	618	NOKEY
1445887945762	0	lts_1026I_10_01	10	01	1	286	0	0	0	CR	MAX	ACEMPOST.jpg	ACEMPOST.jpg	NOKEY	MAX	NOKEY
1445887948855	0	lts_1026I_10_01	10	01	1	287	0	0	0	CR	MAX	ACEREAL.jpg	ACEREAL.jpg	NOKEY	MAX	NOKEY
1445887951931	0	lts_1026I_10_01	10	01	1	288	0	0	0	CR	MAX	64/26440629.thl.jpg	26440629.thl.jpg	NOKEY	MAX	NOKEY
1445887955008	0	lts_1026I_10_01	10	01	1	289	0	0	0	CR	MAX	8/26393373.thl.jpg	26393373.thl.jpg	NOKEY	MAX	NOKEY
1445887958083	0	lts_1026I_10_01	10	01	1	290	0	0	0	CR	MAX	ASHARK3.jpg	ASHARK3.jpg	NOKEY	MAX	NOKEY
1445887959120	0	lts_1026I_10_01	10	01	1	291	128	1	1	Hit	553	128-3/ABUSTFOR7.jpg	ABUSTFOR7.jpg	SPACE	602	SPACE
1445887962196	0	lts_1026I_10_01	10	01	1	292	0	0	0	CR	MAX	AMEDCONTA.jpg	AMEDCONTA.jpg	NOKEY	MAX	NOKEY
1445887965289	0	lts_1026I_10_01	10	01	1	293	0	0	0	CR	MAX	1/Ametalpress.jpg	Ametalpress.jpg	NOKEY	MAX	NOKEY
1445887966292	0	lts_1026I_10_01	10	01	1	294	1	1	1	Hit	520	1-5/Ametalpress.jpg	Ametalpress.jpg	SPACE	569	SPACE
1445887969368	0	lts_1026I_10_01	10	01	1	295	0	0	0	CR	MAX	AMAGTABL3.jpg	AMAGTABL3.jpg	NOKEY	MAX	NOKEY
1445887972444	0	lts_1026I_10_01	10	01	1	296	0	0	0	CR	MAX	APEELER.jpg	APEELER.jpg	NOKEY	MAX	NOKEY
1445887973430	0	lts_1026I_10_01	10	01	1	297	8	1	1	Hit	517	8-first/26393373.thl.jpg	26393373.thl.jpg	SPACE	553	SPACE
1445887976506	0	lts_1026I_10_01	10	01	1	298	0	0	0	CR	MAX	Aantiquehat4.jpg	Aantiquehat4.jpg	NOKEY	MAX	NOKEY
1445887977409	0	lts_1026I_10_01	10	01	1	299	2	1	1	Hit	428	2-mul/26393373.thl.jpg	26393373.thl.jpg	SPACE	468	SPACE
1445887980485	0	lts_1026I_10_01	10	01	1	300	0	0	0	CR	MAX	8/Arubbergloves.jpg	Arubbergloves.jpg	NOKEY	MAX	NOKEY
1445887983561	0	lts_1026I_10_01	10	01	1	301	0	0	0	CR	MAX	ACANOL.jpg	ACANOL.jpg	NOKEY	MAX	NOKEY
1445887986637	0	lts_1026I_10_01	10	01	1	302	0	0	0	CR	MAX	2/APLATE17.jpg	APLATE17.jpg	NOKEY	MAX	NOKEY
1445887989713	0	lts_1026I_10_01	10	01	1	303	0	0	0	CR	MAX	Acardinal2.jpg	Acardinal2.jpg	NOKEY	MAX	NOKEY
1445887990884	0	lts_1026I_10_01	10	01	1	304	2	1	1	Hit	695	2-11/APLATE17.jpg	APLATE17.jpg	SPACE	736	SPACE
1445887993960	0	lts_1026I_10_01	10	01	1	305	0	0	0	CR	MAX	Asaturn.jpg	Asaturn.jpg	NOKEY	MAX	NOKEY
1445887997037	0	lts_1026I_10_01	10	01	1	306	0	0	0	CR	MAX	32/8027086.thl.jpg	8027086.thl.jpg	NOKEY	MAX	NOKEY
1445888000112	0	lts_1026I_10_01	10	01	1	307	0	0	0	CR	MAX	ARCMPPOL2.jpg	ARCMPPOL2.jpg	NOKEY	MAX	NOKEY
1445888001232	0	lts_1026I_10_01	10	01	1	308	8	1	1	Hit	644	8-first/Arubbergloves.jpg	Arubbergloves.jpg	SPACE	686	SPACE
1445888004308	0	lts_1026I_10_01	10	01	1	309	0	0	0	CR	MAX	16/AANBABYCA.jpg	AANBABYCA.jpg	NOKEY	MAX	NOKEY
1445888007401	0	lts_1026I_10_01	10	01	1	310	0	0	0	CR	MAX	Adustpanbrus4.jpg	Adustpanbrus4.jpg	NOKEY	MAX	NOKEY
1445888010477	0	lts_1026I_10_01	10	01	1	311	0	0	0	CR	MAX	ADEEPFRY5.jpg	ADEEPFRY5.jpg	NOKEY	MAX	NOKEY
1445888011480	0	lts_1026I_10_01	10	01	1	312	4	1	1	Hit	531	4-mul/Arubbergloves.jpg	Arubbergloves.jpg	SPACE	569	SPACE
1445888014556	0	lts_1026I_10_01	10	01	1	313	0	0	0	CR	MAX	racetrack.jpg	racetrack.jpg	NOKEY	MAX	NOKEY
1445888017632	0	lts_1026I_10_01	10	01	1	314	0	0	0	CR	MAX	matchbook.jpg	matchbook.jpg	NOKEY	MAX	NOKEY
1445888020708	0	lts_1026I_10_01	10	01	1	315	0	0	0	CR	MAX	AHOUSBOA3.jpg	AHOUSBOA3.jpg	NOKEY	MAX	NOKEY
1445888023784	0	lts_1026I_10_01	10	01	1	316	0	0	0	CR	MAX	4/AFILEFOL4.jpg	AFILEFOL4.jpg	NOKEY	MAX	NOKEY
1445888026860	0	lts_1026I_10_01	10	01	1	317	0	0	0	CR	MAX	zip-a.jpg	zip-a.jpg	NOKEY	MAX	NOKEY
1445888029936	0	lts_1026I_10_01	10	01	1	318	0	0	0	CR	MAX	Acentipede4.jpg	Acentipede4.jpg	NOKEY	MAX	NOKEY
1445888033013	0	lts_1026I_10_01	10	01	1	319	0	0	0	CR	MAX	Acomputerkey2.jpg	Acomputerkey2.jpg	NOKEY	MAX	NOKEY
1445888034066	0	lts_1026I_10_01	10	01	1	320	4	1	1	Hit	573	4-10/AFILEFOL4.jpg	AFILEFOL4.jpg	SPACE	617	SPACE
1445888037142	0	lts_1026I_10_01	10	01	1	321	0	0	0	CR	MAX	ADIPPER6.jpg	ADIPPER6.jpg	NOKEY	MAX	NOKEY
1445888040218	0	lts_1026I_10_01	10	01	1	322	0	0	0	CR	MAX	1/Atoy35.jpg	Atoy35.jpg	NOKEY	MAX	NOKEY
1445888041304	0	lts_1026I_10_01	10	01	1	323	1	1	1	Hit	605	1-13/Atoy35.jpg	Atoy35.jpg	SPACE	652	SPACE
1445888044380	0	lts_1026I_10_01	10	01	1	324	0	0	0	CR	MAX	bikewithbasket.jpg	bikewithbasket.jpg	NOKEY	MAX	NOKEY
1445888045501	0	lts_1026I_10_01	10	01	1	325	16	1	1	Hit	639	16-first/AANBABYCA.jpg	AANBABYCA.jpg	SPACE	685	SPACE
1445888048577	0	lts_1026I_10_01	10	01	1	326	0	0	0	CR	MAX	26375899.thl.jpg	26375899.thl.jpg	NOKEY	MAX	NOKEY
1445888051653	0	lts_1026I_10_01	10	01	1	327	0	0	0	CR	MAX	23041782.thl.jpg	23041782.thl.jpg	NOKEY	MAX	NOKEY
1445888054729	0	lts_1026I_10_01	10	01	1	328	0	0	0	CR	MAX	Akitchensinka.jpg	Akitchensinka.jpg	NOKEY	MAX	NOKEY
1445888057805	0	lts_1026I_10_01	10	01	1	329	0	0	0	CR	MAX	ACASSETT2.jpg	ACASSETT2.jpg	NOKEY	MAX	NOKEY
1445888058858	0	lts_1026I_10_01	10	01	1	330	128	1	1	Hit	573	128-7/ATIE16.jpg	ATIE16.jpg	SPACE	619	SPACE
1445888061934	0	lts_1026I_10_01	10	01	1	331	0	0	0	CR	MAX	4/ATELEPH12.jpg	ATELEPH12.jpg	NOKEY	MAX	NOKEY
1445888065028	0	lts_1026I_10_01	10	01	1	332	0	0	0	CR	MAX	1/Abasketandch2.jpg	Abasketandch2.jpg	NOKEY	MAX	NOKEY
1445888065980	0	lts_1026I_10_01	10	01	1	333	1	1	1	Hit	476	1-12/Abasketandch2.jpg	Abasketandch2.jpg	SPACE	518	SPACE
1445888069056	0	lts_1026I_10_01	10	01	1	334	0	0	0	CR	MAX	36411021.thl.jpg	36411021.thl.jpg	NOKEY	MAX	NOKEY
1445888070209	0	lts_1026I_10_01	10	01	1	335	4	1	1	Hit	673	4-4/ATELEPH12.jpg	ATELEPH12.jpg	SPACE	719	SPACE
1445888073285	0	lts_1026I_10_01	10	01	1	336	0	0	0	CR	MAX	ADENSYRIN.jpg	ADENSYRIN.jpg	NOKEY	MAX	NOKEY
1445888076362	0	lts_1026I_10_01	10	01	1	337	0	0	0	CR	MAX	snowflake.jpg	snowflake.jpg	NOKEY	MAX	NOKEY
1445888077398	0	lts_1026I_10_01	10	01	1	338	32	1	1	Hit	563	32-6/8027086.thl.jpg	8027086.thl.jpg	SPACE	602	SPACE
1445888080474	0	lts_1026I_10_01	10	01	1	339	0	0	0	CR	MAX	Achipboard.jpg	Achipboard.jpg	NOKEY	MAX	NOKEY
1445888083550	0	lts_1026I_10_01	10	01	1	340	0	0	0	CR	MAX	8029703.thl.jpg	8029703.thl.jpg	NOKEY	MAX	NOKEY
1445888084888	0	lts_1026I_10_01	10	01	1	341	16	1	1	Hit	852	16-mul/AANBABYCA.jpg	AANBABYCA.jpg	SPACE	902	SPACE
1445888087964	0	lts_1026I_10_01	10	01	1	342	0	0	0	CR	MAX	dftslturapr.jpg	dftslturapr.jpg	NOKEY	MAX	NOKEY
1445888089067	0	lts_1026I_10_01	10	01	1	343	64	1	1	Hit	622	64-first/ASEWINGT4.jpg	ASEWINGT4.jpg	SPACE	669	SPACE
1445888092143	0	lts_1026I_10_01	10	01	1	344	0	0	0	CR	MAX	APIPEST18.jpg	APIPEST18.jpg	NOKEY	MAX	NOKEY
1445888092996	0	lts_1026I_10_01	10	01	1	345	2	1	1	Hit	374	2-mul/ASEWINGT4.jpg	ASEWINGT4.jpg	SPACE	417	SPACE
1445888096072	0	lts_1026I_10_01	10	01	1	346	0	0	0	CR	MAX	Arake4.jpg	Arake4.jpg	NOKEY	MAX	NOKEY
1445888099148	0	lts_1026I_10_01	10	01	1	347	0	0	0	CR	MAX	fullbucket.jpg	fullbucket.jpg	NOKEY	MAX	NOKEY
1445888102224	0	lts_1026I_10_01	10	01	1	348	0	0	0	CR	MAX	Ascientificm2.jpg	Ascientificm2.jpg	NOKEY	MAX	NOKEY
1445888103310	0	lts_1026I_10_01	10	01	1	349	00	1	1	Hit	617	00-across/footballpads.jpg	footballpads.jpg	SPACE	652	SPACE
1445888106387	0	lts_1026I_10_01	10	01	1	350	0	0	0	CR	MAX	16/skateboard.jpg	skateboard.jpg	NOKEY	MAX	NOKEY
1445888109463	0	lts_1026I_10_01	10	01	1	351	0	0	0	CR	MAX	Aintercom6.jpg	Aintercom6.jpg	NOKEY	MAX	NOKEY
1445888110399	0	lts_1026I_10_01	10	01	1	352	64	1	1	Hit	451	64-first/26440629.thl.jpg	26440629.thl.jpg	SPACE	502	SPACE
1445888113475	0	lts_1026I_10_01	10	01	1	353	0	0	0	CR	MAX	Ascrewmount.jpg	Ascrewmount.jpg	NOKEY	MAX	NOKEY
1445888114394	0	lts_1026I_10_01	10	01	1	354	2	1	1	Hit	438	2-mul/26440629.thl.jpg	26440629.thl.jpg	SPACE	485	SPACE
1445888117470	0	lts_1026I_10_01	10	01	1	355	0	0	0	CR	MAX	AMETICUBE.jpg	AMETICUBE.jpg	NOKEY	MAX	NOKEY
1445888118574	0	lts_1026I_10_01	10	01	1	356	0	0	1	FA	626	AAIRPRES4.jpg	AAIRPRES4.jpg	SPACE	669	NOKEY
1445888121650	0	lts_1026I_10_01	10	01	1	357	0	0	0	CR	MAX	26373068.thl.jpg	26373068.thl.jpg	NOKEY	MAX	NOKEY
1445888124726	0	lts_1026I_10_01	10	01	1	358	0	0	0	CR	MAX	licorice.jpg	licorice.jpg	NOKEY	MAX	NOKEY
1445888126247	0	lts_1026I_10_01	10	01	1	359	0	0	1	FA	1047	4/Asafetybelt.jpg	Asafetybelt.jpg	SPACE	1087	NOKEY
1445888127835	0	lts_1026I_10_01	10	01	1	360	0	0	1	FA	1115	22869624.thl.jpg	22869624.thl.jpg	SPACE	1153	NOKEY
1445888128905	0	lts_1026I_10_01	10	01	1	361	00	1	1	Hit	592	00-across/Asharktoy.jpg	Asharktoy.jpg	SPACE	635	SPACE
1445888131981	0	lts_1026I_10_01	10	01	1	362	0	0	0	CR	MAX	64/Abasketofbrea.jpg	Abasketofbrea.jpg	NOKEY	MAX	NOKEY
1445888135058	0	lts_1026I_10_01	10	01	1	363	4	1	0	Miss	MAX	4-12/Asafetybelt.jpg	Asafetybelt.jpg	NOKEY	MAX	SPACE
1445888138134	0	lts_1026I_10_01	10	01	1	364	0	0	0	CR	MAX	scooter.jpg	scooter.jpg	NOKEY	MAX	NOKEY
1445888141210	0	lts_1026I_10_01	10	01	1	365	0	0	0	CR	MAX	garlic.jpg	garlic.jpg	NOKEY	MAX	NOKEY
1445888142229	0	lts_1026I_10_01	10	01	1	366	16	1	1	Hit	539	16-first/skateboard.jpg	skateboard.jpg	SPACE	585	SPACE
1445888145305	0	lts_1026I_10_01	10	01	1	367	0	0	0	CR	MAX	4/AHEELCUPS.jpg	AHEELCUPS.jpg	NOKEY	MAX	NOKEY
1445888148382	0	lts_1026I_10_01	10	01	1	368	0	0	0	CR	MAX	ACHILDISH.jpg	ACHILDISH.jpg	NOKEY	MAX	NOKEY
1445888151474	0	lts_1026I_10_01	10	01	1	369	0	0	0	CR	MAX	AWINTERH2.jpg	AWINTERH2.jpg	NOKEY	MAX	NOKEY
1445888154550	0	lts_1026I_10_01	10	01	1	370	0	0	0	CR	MAX	ACAROSLI2.jpg	ACAROSLI2.jpg	NOKEY	MAX	NOKEY
1445888155604	0	lts_1026I_10_01	10	01	1	371	4	1	1	Hit	578	4-6/AHEELCUPS.jpg	AHEELCUPS.jpg	SPACE	619	SPACE
1445888158680	0	lts_1026I_10_01	10	01	1	372	0	0	0	CR	MAX	QD-HEad.jpg	QD-HEad.jpg	NOKEY	MAX	NOKEY
1445888159867	0	lts_1026I_10_01	10	01	1	373	0	0	1	FA	705	2/22826832.thl.jpg	22826832.thl.jpg	SPACE	753	NOKEY
1445888162943	0	lts_1026I_10_01	10	01	1	374	0	0	0	CR	MAX	Ablackboardw3.jpg	Ablackboardw3.jpg	NOKEY	MAX	NOKEY
1445888163779	0	lts_1026I_10_01	10	01	1	375	2	1	1	Hit	356	2-9/22826832.thl.jpg	22826832.thl.jpg	SPACE	402	SPACE
1445888166855	0	lts_1026I_10_01	10	01	1	376	0	0	0	CR	MAX	ASTOOL.jpg	ASTOOL.jpg	NOKEY	MAX	NOKEY
1445888169931	0	lts_1026I_10_01	10	01	1	377	0	0	0	CR	MAX	2/Abeetle10.jpg	Abeetle10.jpg	NOKEY	MAX	NOKEY
1445888173008	0	lts_1026I_10_01	10	01	1	378	0	0	0	CR	MAX	Afruitbasket2.jpg	Afruitbasket2.jpg	NOKEY	MAX	NOKEY
1445888173977	0	lts_1026I_10_01	10	01	1	379	2	1	1	Hit	497	2-5/Abeetle10.jpg	Abeetle10.jpg	SPACE	534	SPACE
1445888177053	0	lts_1026I_10_01	10	01	1	380	0	0	0	CR	MAX	8/Aflowerpot9.jpg	Aflowerpot9.jpg	NOKEY	MAX	NOKEY
1445888180129	0	lts_1026I_10_01	10	01	1	381	0	0	0	CR	MAX	funlamp.jpg	funlamp.jpg	NOKEY	MAX	NOKEY
1445888181249	0	lts_1026I_10_01	10	01	1	382	16	1	1	Hit	641	16-mul/skateboard.jpg	skateboard.jpg	SPACE	686	SPACE
1445888184325	0	lts_1026I_10_01	10	01	1	383	0	0	0	CR	MAX	Atool198.jpg	Atool198.jpg	NOKEY	MAX	NOKEY
1445888187401	0	lts_1026I_10_01	10	01	1	384	0	0	0	CR	MAX	8/AWODSPOON.jpg	AWODSPOON.jpg	NOKEY	MAX	NOKEY
1445888188571	0	lts_1026I_10_01	10	01	1	385	00	1	1	Hit	699	00-across/AWHISBARR.jpg	AWHISBARR.jpg	SPACE	736	SPACE
1445888191647	0	lts_1026I_10_01	10	01	1	386	0	0	0	CR	MAX	AMETSCULP.jpg	AMETSCULP.jpg	NOKEY	MAX	NOKEY
1445888194723	0	lts_1026I_10_01	10	01	1	387	0	0	0	CR	MAX	Aflamingo4.jpg	Aflamingo4.jpg	NOKEY	MAX	NOKEY
1445888195760	0	lts_1026I_10_01	10	01	1	388	8	1	1	Hit	559	8-first/Aflowerpot9.jpg	Aflowerpot9.jpg	SPACE	602	SPACE
1445888198836	0	lts_1026I_10_01	10	01	1	389	0	0	0	CR	MAX	8/ANUTCRA10.jpg	ANUTCRA10.jpg	NOKEY	MAX	NOKEY
1445888201912	0	lts_1026I_10_01	10	01	1	390	0	0	0	CR	MAX	Abedspringsam.jpg	Abedspringsam.jpg	NOKEY	MAX	NOKEY
1445888204988	0	lts_1026I_10_01	10	01	1	391	0	0	0	CR	MAX	22851864.thl.jpg	22851864.thl.jpg	NOKEY	MAX	NOKEY
1445888205991	0	lts_1026I_10_01	10	01	1	392	8	1	1	Hit	524	8-first/AWODSPOON.jpg	AWODSPOON.jpg	SPACE	568	SPACE
1445888209067	0	lts_1026I_10_01	10	01	1	393	0	0	0	CR	MAX	Atoyfurnitu14.jpg	Atoyfurnitu14.jpg	NOKEY	MAX	NOKEY
1445888212143	0	lts_1026I_10_01	10	01	1	394	0	0	0	CR	MAX	Atoyboxwithb2.jpg	Atoyboxwithb2.jpg	NOKEY	MAX	NOKEY
1445888213113	0	lts_1026I_10_01	10	01	1	395	128	1	1	Hit	499	128-0/Acucumber2.jpg	Acucumber2.jpg	SPACE	535	SPACE
1445888216189	0	lts_1026I_10_01	10	01	1	396	0	0	0	CR	MAX	26685948.thl.jpg	26685948.thl.jpg	NOKEY	MAX	NOKEY
1445888217209	0	lts_1026I_10_01	10	01	1	397	8	1	1	Hit	535	8-first/ANUTCRA10.jpg	ANUTCRA10.jpg	SPACE	585	SPACE
1445888220285	0	lts_1026I_10_01	10	01	1	398	0	0	0	CR	MAX	26374135.thl.jpg	26374135.thl.jpg	NOKEY	MAX	NOKEY
1445888221204	0	lts_1026I_10_01	10	01	1	399	2	1	1	Hit	447	2-mul/ANUTCRA10.jpg	ANUTCRA10.jpg	SPACE	485	SPACE
1445888224280	0	lts_1026I_10_01	10	01	1	400	0	0	0	CR	MAX	AHEARTSPO.jpg	AHEARTSPO.jpg	NOKEY	MAX	NOKEY
1445888225367	0	lts_1026I_10_01	10	01	1	401	00	1	1	Hit	608	00-across/ASCSIPORT.jpg	ASCSIPORT.jpg	SPACE	652	SPACE
1445888228443	0	lts_1026I_10_01	10	01	1	402	0	0	0	CR	MAX	16/Aroadsignind3.jpg	Aroadsignind3.jpg	NOKEY	MAX	NOKEY
1445888231519	0	lts_1026I_10_01	10	01	1	403	0	0	0	CR	MAX	23077768.thl.jpg	23077768.thl.jpg	NOKEY	MAX	NOKEY
1445888232405	0	lts_1026I_10_01	10	01	1	404	16	1	1	Hit	403	16-mul/Aflowerpot9.jpg	Aflowerpot9.jpg	SPACE	452	SPACE
1445888235481	0	lts_1026I_10_01	10	01	1	405	0	0	0	CR	MAX	ASNOWTOY2.jpg	ASNOWTOY2.jpg	NOKEY	MAX	NOKEY
1445888238557	0	lts_1026I_10_01	10	01	1	406	0	0	0	CR	MAX	Achest20.jpg	Achest20.jpg	NOKEY	MAX	NOKEY
1445888241633	0	lts_1026I_10_01	10	01	1	407	0	0	0	CR	MAX	AHUBBLE.jpg	AHUBBLE.jpg	NOKEY	MAX	NOKEY
1445888242553	0	lts_1026I_10_01	10	01	1	408	16	1	1	Hit	439	16-mul/AWODSPOON.jpg	AWODSPOON.jpg	SPACE	485	SPACE
1445888245629	0	lts_1026I_10_01	10	01	1	409	0	0	0	CR	MAX	ADOLL69.jpg	ADOLL69.jpg	NOKEY	MAX	NOKEY
1445888246632	0	lts_1026I_10_01	10	01	1	410	128	1	1	Hit	523	128-1/Abeany2.jpg	Abeany2.jpg	SPACE	569	SPACE
1445888249708	0	lts_1026I_10_01	10	01	1	411	0	0	0	CR	MAX	32/ACOATHA44.jpg	ACOATHA44.jpg	NOKEY	MAX	NOKEY
1445888251095	0	lts_1026I_10_01	10	01	1	412	0	0	1	FA	903	ACAMLENSE.jpg	ACAMLENSE.jpg	SPACE	953	NOKEY
1445888252483	0	lts_1026I_10_01	10	01	1	413	0	0	1	FA	910	Areceptacle3.jpg	Areceptacle3.jpg	SPACE	953	NOKEY
1445888255559	0	lts_1026I_10_01	10	01	1	414	0	0	0	CR	MAX	26384863.thl.jpg	26384863.thl.jpg	NOKEY	MAX	NOKEY
1445888258635	0	lts_1026I_10_01	10	01	1	415	0	0	0	CR	MAX	Axmastre5.jpg	Axmastre5.jpg	NOKEY	MAX	NOKEY
1445888261711	0	lts_1026I_10_01	10	01	1	416	0	0	0	CR	MAX	ABRIDGE3.jpg	ABRIDGE3.jpg	NOKEY	MAX	NOKEY
1445888264787	0	lts_1026I_10_01	10	01	1	417	0	0	0	CR	MAX	ACROWNPEN.jpg	ACROWNPEN.jpg	NOKEY	MAX	NOKEY
1445888265790	0	lts_1026I_10_01	10	01	1	418	16	1	1	Hit	523	16-first/Aroadsignind3.jpg	Aroadsignind3.jpg	SPACE	568	SPACE
1445888268866	0	lts_1026I_10_01	10	01	1	419	0	0	0	CR	MAX	DSCN3767-sm.jpg	DSCN3767-sm.jpg	NOKEY	MAX	NOKEY
1445888271942	0	lts_1026I_10_01	10	01	1	420	0	0	0	CR	MAX	dftslpi.jpg	dftslpi.jpg	NOKEY	MAX	NOKEY
1445888275020	0	lts_1026I_10_01	10	01	1	421	0	0	0	CR	MAX	paintbrush03.jpg	paintbrush03.jpg	NOKEY	MAX	NOKEY
1445888275955	0	lts_1026I_10_01	10	01	1	422	4	1	1	Hit	452	4-mul/Aroadsignind3.jpg	Aroadsignind3.jpg	SPACE	501	SPACE
1445888279032	0	lts_1026I_10_01	10	01	1	423	0	0	0	CR	MAX	AFLOURSCO.jpg	AFLOURSCO.jpg	NOKEY	MAX	NOKEY
1445888282107	0	lts_1026I_10_01	10	01	1	424	0	0	0	CR	MAX	ABELLTRE2.jpg	ABELLTRE2.jpg	NOKEY	MAX	NOKEY
1445888285183	0	lts_1026I_10_01	10	01	1	425	0	0	0	CR	MAX	Abottle98.jpg	Abottle98.jpg	NOKEY	MAX	NOKEY
1445888286871	0	lts_1026I_10_01	10	01	1	426	64	1	1	Hit	1218	64-first/Abasketofbrea.jpg	Abasketofbrea.jpg	SPACE	1253	SPACE
1445888289948	0	lts_1026I_10_01	10	01	1	427	0	0	0	CR	MAX	Athermosand12.jpg	Athermosand12.jpg	NOKEY	MAX	NOKEY
1445888293025	0	lts_1026I_10_01	10	01	1	428	0	0	0	CR	MAX	26421370.thl.jpg	26421370.thl.jpg	NOKEY	MAX	NOKEY
1445888296116	0	lts_1026I_10_01	10	01	1	429	0	0	0	CR	MAX	AKNEEBRA2.jpg	AKNEEBRA2.jpg	NOKEY	MAX	NOKEY
1445888297053	0	lts_1026I_10_01	10	01	1	430	4	1	1	Hit	458	4-mul/Abasketofbrea.jpg	Abasketofbrea.jpg	SPACE	501	SPACE
1445888300129	0	lts_1026I_10_01	10	01	1	431	0	0	0	CR	MAX	gymvaulting.jpg	gymvaulting.jpg	NOKEY	MAX	NOKEY
1445888303205	0	lts_1026I_10_01	10	01	1	432	0	0	0	CR	MAX	26427906.thl.jpg	26427906.thl.jpg	NOKEY	MAX	NOKEY
1445888306281	0	lts_1026I_10_01	10	01	1	433	0	0	0	CR	MAX	8/AFRYPAN7.jpg	AFRYPAN7.jpg	NOKEY	MAX	NOKEY
1445888309357	0	lts_1026I_10_01	10	01	1	434	0	0	0	CR	MAX	AMETALPER.jpg	AMETALPER.jpg	NOKEY	MAX	NOKEY
1445888312450	0	lts_1026I_10_01	10	01	1	435	0	0	0	CR	MAX	Adeer20.jpg	Adeer20.jpg	NOKEY	MAX	NOKEY
1445888315526	0	lts_1026I_10_01	10	01	1	436	0	0	0	CR	MAX	26374787.thl.jpg	26374787.thl.jpg	NOKEY	MAX	NOKEY
1445888318602	0	lts_1026I_10_01	10	01	1	437	00	1	0	Miss	MAX	00-across/Apinkshoe.jpg	Apinkshoe.jpg	NOKEY	MAX	SPACE
1445888321678	0	lts_1026I_10_01	10	01	1	438	0	0	0	CR	MAX	ABATHTAP.jpg	ABATHTAP.jpg	NOKEY	MAX	NOKEY
1445888324754	0	lts_1026I_10_01	10	01	1	439	0	0	0	CR	MAX	brownie.jpg	brownie.jpg	NOKEY	MAX	NOKEY
1445888327830	0	lts_1026I_10_01	10	01	1	440	0	0	0	CR	MAX	26376346.thl.jpg	26376346.thl.jpg	NOKEY	MAX	NOKEY
1445888328917	0	lts_1026I_10_01	10	01	1	441	8	1	1	Hit	608	8-1/AFRYPAN7.jpg	AFRYPAN7.jpg	SPACE	652	SPACE
1445888331993	0	lts_1026I_10_01	10	01	1	442	0	0	0	CR	MAX	Ahumansku101.jpg	Ahumansku101.jpg	NOKEY	MAX	NOKEY
1445888335069	0	lts_1026I_10_01	10	01	1	443	32	1	0	Miss	MAX	32-4/ACOATHA44.jpg	ACOATHA44.jpg	NOKEY	MAX	SPACE
1445888338145	0	lts_1026I_10_01	10	01	1	444	0	0	0	CR	MAX	ABRAIN3.jpg	ABRAIN3.jpg	NOKEY	MAX	NOKEY
1445888339449	0	lts_1026I_10_01	10	01	1	445	0	0	1	FA	826	2/A_teabag.jpg	A_teabag.jpg	SPACE	871	NOKEY
1445888342525	0	lts_1026I_10_01	10	01	1	446	0	0	0	CR	MAX	22857084.thl.jpg	22857084.thl.jpg	NOKEY	MAX	NOKEY
1445888343461	0	lts_1026I_10_01	10	01	1	447	2	1	1	Hit	465	2-3/A_teabag.jpg	A_teabag.jpg	SPACE	503	SPACE
1445888346537	0	lts_1026I_10_01	10	01	1	448	0	0	0	CR	MAX	26372690.thl.jpg	26372690.thl.jpg	NOKEY	MAX	NOKEY
1445888349630	0	lts_1026I_10_01	10	01	1	449	0	0	0	CR	MAX	frog-a.jpg	frog-a.jpg	NOKEY	MAX	NOKEY
1445888397809	0	E	Logging Ends
