1447794056537	0	B	Logging Begins
1447794421726	0	lts_1117L_35_01	35	01	0	0	0	0	0	CR	MAX	Adustpanbrush.jpg	Adustpanbrush.jpg	NOKEY	MAX	NOKEY
1447794424817	0	lts_1117L_35_01	35	01	0	1	0	0	0	CR	MAX	32/ASPACEHE5.jpg	ASPACEHE5.jpg	NOKEY	MAX	NOKEY
1447794427891	0	lts_1117L_35_01	35	01	0	2	0	0	0	CR	MAX	AHEATER3.jpg	AHEATER3.jpg	NOKEY	MAX	NOKEY
1447794430966	0	lts_1117L_35_01	35	01	0	3	0	0	0	CR	MAX	8/ADIPPER6.jpg	ADIPPER6.jpg	NOKEY	MAX	NOKEY
1447794434040	0	lts_1117L_35_01	35	01	0	4	0	0	0	CR	MAX	Aeastcho6.jpg	Aeastcho6.jpg	NOKEY	MAX	NOKEY
1447794437114	0	lts_1117L_35_01	35	01	0	5	0	0	0	CR	MAX	22887144.thl.jpg	22887144.thl.jpg	NOKEY	MAX	NOKEY
1447794440189	0	lts_1117L_35_01	35	01	0	6	0	0	0	CR	MAX	8/AGOUDA.jpg	AGOUDA.jpg	NOKEY	MAX	NOKEY
1447794443263	0	lts_1117L_35_01	35	01	0	7	0	0	0	CR	MAX	16/Ahandbag68.jpg	Ahandbag68.jpg	NOKEY	MAX	NOKEY
1447794446338	0	lts_1117L_35_01	35	01	0	8	0	0	0	CR	MAX	A25PINCON.jpg	A25PINCON.jpg	NOKEY	MAX	NOKEY
1447794449412	0	lts_1117L_35_01	35	01	0	9	0	0	0	CR	MAX	AROOSTERP.jpg	AROOSTERP.jpg	NOKEY	MAX	NOKEY
1447794452486	0	lts_1117L_35_01	35	01	0	10	0	0	0	CR	MAX	workweightmach.jpg	workweightmach.jpg	NOKEY	MAX	NOKEY
1447794453672	0	lts_1117L_35_01	35	01	0	11	8	1	1	Hit	706	8-first/ADIPPER6.jpg	ADIPPER6.jpg	SPACE	753	SPACE
1447794456747	0	lts_1117L_35_01	35	01	0	12	0	0	0	CR	MAX	ADART3.jpg	ADART3.jpg	NOKEY	MAX	NOKEY
1447794459821	0	lts_1117L_35_01	35	01	0	13	0	0	0	CR	MAX	waterfilter.jpg	waterfilter.jpg	NOKEY	MAX	NOKEY
1447794460890	0	lts_1117L_35_01	35	01	0	14	8	1	1	Hit	588	8-first/AGOUDA.jpg	AGOUDA.jpg	SPACE	634	SPACE
1447794463965	0	lts_1117L_35_01	35	01	0	15	0	0	0	CR	MAX	Ahandbag50.jpg	Ahandbag50.jpg	NOKEY	MAX	NOKEY
1447794467039	0	lts_1117L_35_01	35	01	0	16	0	0	0	CR	MAX	Alei23.jpg	Alei23.jpg	NOKEY	MAX	NOKEY
1447794470114	0	lts_1117L_35_01	35	01	0	17	0	0	0	CR	MAX	26423652.thl.jpg	26423652.thl.jpg	NOKEY	MAX	NOKEY
1447794471083	0	lts_1117L_35_01	35	01	0	18	4	1	1	Hit	494	4-mul/AGOUDA.jpg	AGOUDA.jpg	SPACE	535	SPACE
1447794474157	0	lts_1117L_35_01	35	01	0	19	0	0	0	CR	MAX	1/shavingcream01.jpg	shavingcream01.jpg	NOKEY	MAX	NOKEY
1447794475093	0	lts_1117L_35_01	35	01	0	20	1	1	1	Hit	463	1-3/shavingcream01.jpg	shavingcream01.jpg	SPACE	501	SPACE
1447794478167	0	lts_1117L_35_01	35	01	0	21	0	0	0	CR	MAX	128/26421106.thl.jpg	26421106.thl.jpg	NOKEY	MAX	NOKEY
1447794481242	0	lts_1117L_35_01	35	01	0	22	0	0	0	CR	MAX	ABLLIGHTB.jpg	ABLLIGHTB.jpg	NOKEY	MAX	NOKEY
1447794482344	0	lts_1117L_35_01	35	01	0	23	16	1	1	Hit	629	16-first/Ahandbag68.jpg	Ahandbag68.jpg	SPACE	668	SPACE
1447794485418	0	lts_1117L_35_01	35	01	0	24	0	0	0	CR	MAX	32/Achair618.jpg	Achair618.jpg	NOKEY	MAX	NOKEY
1447794486421	0	lts_1117L_35_01	35	01	0	25	2	1	1	Hit	527	2-mul/Ahandbag68.jpg	Ahandbag68.jpg	SPACE	568	SPACE
1447794489495	0	lts_1117L_35_01	35	01	0	26	0	0	0	CR	MAX	AMEASDEVI.jpg	AMEASDEVI.jpg	NOKEY	MAX	NOKEY
1447794490498	0	lts_1117L_35_01	35	01	0	27	16	1	1	Hit	519	16-mul/ADIPPER6.jpg	ADIPPER6.jpg	SPACE	568	SPACE
1447794493572	0	lts_1117L_35_01	35	01	0	28	0	0	0	CR	MAX	2/ACASKET5.jpg	ACASKET5.jpg	NOKEY	MAX	NOKEY
1447794496646	0	lts_1117L_35_01	35	01	0	29	0	0	0	CR	MAX	64/8077486.thl.jpg	8077486.thl.jpg	NOKEY	MAX	NOKEY
1447794497716	0	lts_1117L_35_01	35	01	0	30	2	1	1	Hit	588	2-4/ACASKET5.jpg	ACASKET5.jpg	SPACE	635	SPACE
1447794500790	0	lts_1117L_35_01	35	01	0	31	0	0	0	CR	MAX	AARCHERY.jpg	AARCHERY.jpg	NOKEY	MAX	NOKEY
1447794503865	0	lts_1117L_35_01	35	01	0	32	0	0	0	CR	MAX	ALAMP45.jpg	ALAMP45.jpg	NOKEY	MAX	NOKEY
1447794504934	0	lts_1117L_35_01	35	01	0	33	32	1	1	Hit	586	32-2/ASPACEHE5.jpg	ASPACEHE5.jpg	SPACE	635	SPACE
1447794508008	0	lts_1117L_35_01	35	01	0	34	0	0	0	CR	MAX	4/22903148.thl.jpg	22903148.thl.jpg	NOKEY	MAX	NOKEY
1447794511083	0	lts_1117L_35_01	35	01	0	35	0	0	0	CR	MAX	Aconcreteblo3.jpg	Aconcreteblo3.jpg	NOKEY	MAX	NOKEY
1447794514157	0	lts_1117L_35_01	35	01	0	36	0	0	0	CR	MAX	bait04.jpg	bait04.jpg	NOKEY	MAX	NOKEY
1447794517231	0	lts_1117L_35_01	35	01	0	37	0	0	0	CR	MAX	26427612.thl.jpg	26427612.thl.jpg	NOKEY	MAX	NOKEY
1447794518318	0	lts_1117L_35_01	35	01	0	38	4	1	1	Hit	610	4-10/22903148.thl.jpg	22903148.thl.jpg	SPACE	651	SPACE
1447794521392	0	lts_1117L_35_01	35	01	0	39	0	0	0	CR	MAX	26467443.thl.jpg	26467443.thl.jpg	NOKEY	MAX	NOKEY
1447794524466	0	lts_1117L_35_01	35	01	0	40	0	0	0	CR	MAX	128/ALOAFBR4.jpg	ALOAFBR4.jpg	NOKEY	MAX	NOKEY
1447794527557	0	lts_1117L_35_01	35	01	0	41	0	0	0	CR	MAX	8023286.thl.jpg	8023286.thl.jpg	NOKEY	MAX	NOKEY
1447794530631	0	lts_1117L_35_01	35	01	0	42	0	0	0	CR	MAX	Atoyslide.jpg	Atoyslide.jpg	NOKEY	MAX	NOKEY
1447794533706	0	lts_1117L_35_01	35	01	0	43	0	0	0	CR	MAX	16/pdos043072.jpg	pdos043072.jpg	NOKEY	MAX	NOKEY
1447794536780	0	lts_1117L_35_01	35	01	0	44	0	0	0	CR	MAX	8/23025535.thl.jpg	23025535.thl.jpg	NOKEY	MAX	NOKEY
1447794539855	0	lts_1117L_35_01	35	01	0	45	0	0	0	CR	MAX	vatslheart.jpg	vatslheart.jpg	NOKEY	MAX	NOKEY
1447794542929	0	lts_1117L_35_01	35	01	0	46	0	0	0	CR	MAX	23016343.thl.jpg	23016343.thl.jpg	NOKEY	MAX	NOKEY
1447794546003	0	lts_1117L_35_01	35	01	0	47	0	0	0	CR	MAX	Arunningshoe4.jpg	Arunningshoe4.jpg	NOKEY	MAX	NOKEY
1447794549078	0	lts_1117L_35_01	35	01	0	48	0	0	0	CR	MAX	2/AADDBOOK.jpg	AADDBOOK.jpg	NOKEY	MAX	NOKEY
1447794552153	0	lts_1117L_35_01	35	01	0	49	0	0	0	CR	MAX	10049816.thl.jpg	10049816.thl.jpg	NOKEY	MAX	NOKEY
1447794553205	0	lts_1117L_35_01	35	01	0	50	2	1	1	Hit	573	2-6/AADDBOOK.jpg	AADDBOOK.jpg	SPACE	618	SPACE
1447794556279	0	lts_1117L_35_01	35	01	0	51	0	0	0	CR	MAX	Hammock.jpg	Hammock.jpg	NOKEY	MAX	NOKEY
1447794557365	0	lts_1117L_35_01	35	01	0	52	8	1	1	Hit	605	8-first/23025535.thl.jpg	23025535.thl.jpg	SPACE	651	SPACE
1447794560439	0	lts_1117L_35_01	35	01	0	53	0	0	0	CR	MAX	32/Abells7.jpg	Abells7.jpg	NOKEY	MAX	NOKEY
1447794561458	0	lts_1117L_35_01	35	01	0	54	2	1	1	Hit	537	2-mul/23025535.thl.jpg	23025535.thl.jpg	SPACE	585	SPACE
1447794564550	0	lts_1117L_35_01	35	01	0	55	0	0	0	CR	MAX	128/ALIGHTHO5.jpg	ALIGHTHO5.jpg	NOKEY	MAX	NOKEY
1447794565602	0	lts_1117L_35_01	35	01	0	56	32	1	1	Hit	577	32-5/Achair618.jpg	Achair618.jpg	SPACE	619	SPACE
1447794568676	0	lts_1117L_35_01	35	01	0	57	0	0	0	CR	MAX	ATOASTE22.jpg	ATOASTE22.jpg	NOKEY	MAX	NOKEY
1447794571751	0	lts_1117L_35_01	35	01	0	58	0	0	0	CR	MAX	8/26421572.thl.jpg	26421572.thl.jpg	NOKEY	MAX	NOKEY
1447794572787	0	lts_1117L_35_01	35	01	0	59	16	1	1	Hit	564	16-0/pdos043072.jpg	pdos043072.jpg	SPACE	602	SPACE
1447794575861	0	lts_1117L_35_01	35	01	0	60	0	0	0	CR	MAX	AFRAME15.jpg	AFRAME15.jpg	NOKEY	MAX	NOKEY
1447794578936	0	lts_1117L_35_01	35	01	0	61	0	0	0	CR	MAX	Acamcorde.jpg	Acamcorde.jpg	NOKEY	MAX	NOKEY
1447794582010	0	lts_1117L_35_01	35	01	0	62	0	0	0	CR	MAX	2/ASHEEP4.jpg	ASHEEP4.jpg	NOKEY	MAX	NOKEY
1447794585084	0	lts_1117L_35_01	35	01	0	63	0	0	0	CR	MAX	Acableandacce.jpg	Acableandacce.jpg	NOKEY	MAX	NOKEY
1447794586020	0	lts_1117L_35_01	35	01	0	64	2	1	1	Hit	461	2-5/ASHEEP4.jpg	ASHEEP4.jpg	SPACE	501	SPACE
1447794589094	0	lts_1117L_35_01	35	01	0	65	0	0	0	CR	MAX	ATOOTHBR3.jpg	ATOOTHBR3.jpg	NOKEY	MAX	NOKEY
1447794590147	0	lts_1117L_35_01	35	01	0	66	8	1	1	Hit	580	8-first/26421572.thl.jpg	26421572.thl.jpg	SPACE	618	SPACE
1447794593222	0	lts_1117L_35_01	35	01	0	67	0	0	0	CR	MAX	64/footballhelmet.jpg	footballhelmet.jpg	NOKEY	MAX	NOKEY
1447794594174	0	lts_1117L_35_01	35	01	0	68	2	1	1	Hit	472	2-mul/26421572.thl.jpg	26421572.thl.jpg	SPACE	518	SPACE
1447794597248	0	lts_1117L_35_01	35	01	0	69	0	0	0	CR	MAX	26421370.thl.jpg	26421370.thl.jpg	NOKEY	MAX	NOKEY
1447794600322	0	lts_1117L_35_01	35	01	0	70	0	0	0	CR	MAX	ATISSUE.jpg	ATISSUE.jpg	NOKEY	MAX	NOKEY
1447794603397	0	lts_1117L_35_01	35	01	0	71	0	0	0	CR	MAX	AARTOOTH2.jpg	AARTOOTH2.jpg	NOKEY	MAX	NOKEY
1447794606521	0	lts_1117L_35_01	35	01	0	72	0	0	0	CR	MAX	ABALLYAR4.jpg	ABALLYAR4.jpg	NOKEY	MAX	NOKEY
1447794609596	0	lts_1117L_35_01	35	01	0	73	0	0	0	CR	MAX	ASUNBOX5.jpg	ASUNBOX5.jpg	NOKEY	MAX	NOKEY
1447794612670	0	lts_1117L_35_01	35	01	0	74	0	0	0	CR	MAX	2/AWOODBOX3.jpg	AWOODBOX3.jpg	NOKEY	MAX	NOKEY
1447794615744	0	lts_1117L_35_01	35	01	0	75	0	0	0	CR	MAX	Adrum22.jpg	Adrum22.jpg	NOKEY	MAX	NOKEY
1447794616814	0	lts_1117L_35_01	35	01	0	76	2	1	1	Hit	584	2-2/AWOODBOX3.jpg	AWOODBOX3.jpg	SPACE	635	SPACE
1447794619905	0	lts_1117L_35_01	35	01	0	77	0	0	0	CR	MAX	Aspraybottle4.jpg	Aspraybottle4.jpg	NOKEY	MAX	NOKEY
1447794622979	0	lts_1117L_35_01	35	01	0	78	0	0	0	CR	MAX	ASKIPROP2.jpg	ASKIPROP2.jpg	NOKEY	MAX	NOKEY
1447794626054	0	lts_1117L_35_01	35	01	0	79	0	0	0	CR	MAX	1/swingset.jpg	swingset.jpg	NOKEY	MAX	NOKEY
1447794627140	0	lts_1117L_35_01	35	01	0	80	1	1	1	Hit	603	1-10/swingset.jpg	swingset.jpg	SPACE	651	SPACE
1447794630214	0	lts_1117L_35_01	35	01	0	81	0	0	0	CR	MAX	16/AIDENTIFI.jpg	AIDENTIFI.jpg	NOKEY	MAX	NOKEY
1447794633288	0	lts_1117L_35_01	35	01	0	82	0	0	0	CR	MAX	AHEDGEHOG.jpg	AHEDGEHOG.jpg	NOKEY	MAX	NOKEY
1447794636362	0	lts_1117L_35_01	35	01	0	83	0	0	0	CR	MAX	16/26427903.thl.jpg	26427903.thl.jpg	NOKEY	MAX	NOKEY
1447794639437	0	lts_1117L_35_01	35	01	0	84	0	0	0	CR	MAX	AMAKEUPMI.jpg	AMAKEUPMI.jpg	NOKEY	MAX	NOKEY
1447794640573	0	lts_1117L_35_01	35	01	0	85	32	1	1	Hit	653	32-3/Abells7.jpg	Abells7.jpg	SPACE	702	SPACE
1447794643664	0	lts_1117L_35_01	35	01	0	86	0	0	0	CR	MAX	26431753.thl.jpg	26431753.thl.jpg	NOKEY	MAX	NOKEY
1447794646738	0	lts_1117L_35_01	35	01	0	87	0	0	0	CR	MAX	2/frtslpamix.jpg	frtslpamix.jpg	NOKEY	MAX	NOKEY
1447794649813	0	lts_1117L_35_01	35	01	0	88	0	0	0	CR	MAX	Agardeningrak.jpg	Agardeningrak.jpg	NOKEY	MAX	NOKEY
1447794650849	0	lts_1117L_35_01	35	01	0	89	2	1	1	Hit	555	2-0/frtslpamix.jpg	frtslpamix.jpg	SPACE	602	SPACE
1447794653923	0	lts_1117L_35_01	35	01	0	90	0	0	0	CR	MAX	22849284.thl.jpg	22849284.thl.jpg	NOKEY	MAX	NOKEY
1447794656998	0	lts_1117L_35_01	35	01	0	91	0	0	0	CR	MAX	Awomensshoe4.jpg	Awomensshoe4.jpg	NOKEY	MAX	NOKEY
1447794660072	0	lts_1117L_35_01	35	01	0	92	0	0	0	CR	MAX	Atoy57.jpg	Atoy57.jpg	NOKEY	MAX	NOKEY
1447794661158	0	lts_1117L_35_01	35	01	0	93	64	1	1	Hit	615	64-first/8077486.thl.jpg	8077486.thl.jpg	SPACE	652	SPACE
1447794664232	0	lts_1117L_35_01	35	01	0	94	0	0	0	CR	MAX	8255336.thl.jpg	8255336.thl.jpg	NOKEY	MAX	NOKEY
1447794667306	0	lts_1117L_35_01	35	01	0	95	0	0	0	CR	MAX	Aspeakers4.jpg	Aspeakers4.jpg	NOKEY	MAX	NOKEY
1447794670381	0	lts_1117L_35_01	35	01	0	96	0	0	0	CR	MAX	carseat.jpg	carseat.jpg	NOKEY	MAX	NOKEY
1447794671467	0	lts_1117L_35_01	35	01	0	97	16	1	1	Hit	613	16-first/AIDENTIFI.jpg	AIDENTIFI.jpg	SPACE	652	SPACE
1447794674541	0	lts_1117L_35_01	35	01	0	98	0	0	0	CR	MAX	26372785.thl.jpg	26372785.thl.jpg	NOKEY	MAX	NOKEY
1447794675577	0	lts_1117L_35_01	35	01	0	99	16	1	1	Hit	565	16-first/26427903.thl.jpg	26427903.thl.jpg	SPACE	602	SPACE
1447794678652	0	lts_1117L_35_01	35	01	0	100	0	0	0	CR	MAX	8019684.thl.jpg	8019684.thl.jpg	NOKEY	MAX	NOKEY
1447794681726	0	lts_1117L_35_01	35	01	0	101	0	0	0	CR	MAX	4/moneyslotmachine.jpg	moneyslotmachine.jpg	NOKEY	MAX	NOKEY
1447794684800	0	lts_1117L_35_01	35	01	0	102	0	0	0	CR	MAX	TTtvehiclesCyborg.jpg	TTtvehiclesCyborg.jpg	NOKEY	MAX	NOKEY
1447794685820	0	lts_1117L_35_01	35	01	0	103	4	1	1	Hit	534	4-mul/26427903.thl.jpg	26427903.thl.jpg	SPACE	584	SPACE
1447794688894	0	lts_1117L_35_01	35	01	0	104	0	0	0	CR	MAX	canopy.jpg	canopy.jpg	NOKEY	MAX	NOKEY
1447794689980	0	lts_1117L_35_01	35	01	0	105	4	1	1	Hit	613	4-4/moneyslotmachine.jpg	moneyslotmachine.jpg	SPACE	651	SPACE
1447794693054	0	lts_1117L_35_01	35	01	0	106	0	0	0	CR	MAX	AELECBEA6.jpg	AELECBEA6.jpg	NOKEY	MAX	NOKEY
1447794696129	0	lts_1117L_35_01	35	01	0	107	0	0	0	CR	MAX	Abowloffruit5.jpg	Abowloffruit5.jpg	NOKEY	MAX	NOKEY
1447794699203	0	lts_1117L_35_01	35	01	0	108	0	0	0	CR	MAX	AAIRBOWER.jpg	AAIRBOWER.jpg	NOKEY	MAX	NOKEY
1447794700172	0	lts_1117L_35_01	35	01	0	109	16	1	1	Hit	500	16-mul/8077486.thl.jpg	8077486.thl.jpg	SPACE	534	SPACE
1447794703246	0	lts_1117L_35_01	35	01	0	110	0	0	0	CR	MAX	sprinkler.jpg	sprinkler.jpg	NOKEY	MAX	NOKEY
1447794706321	0	lts_1117L_35_01	35	01	0	111	0	0	0	CR	MAX	4/ALARGECA2.jpg	ALARGECA2.jpg	NOKEY	MAX	NOKEY
1447794709395	0	lts_1117L_35_01	35	01	0	112	0	0	0	CR	MAX	128/AOTOSCOP5.jpg	AOTOSCOP5.jpg	NOKEY	MAX	NOKEY
1447794710414	0	lts_1117L_35_01	35	01	0	113	16	1	1	Hit	549	16-mul/AIDENTIFI.jpg	AIDENTIFI.jpg	SPACE	585	SPACE
1447794713489	0	lts_1117L_35_01	35	01	0	114	0	0	0	CR	MAX	paintbrush03.jpg	paintbrush03.jpg	NOKEY	MAX	NOKEY
1447794714591	0	lts_1117L_35_01	35	01	0	115	4	1	1	Hit	633	4-11/ALARGECA2.jpg	ALARGECA2.jpg	SPACE	669	SPACE
1447794717666	0	lts_1117L_35_01	35	01	0	116	0	0	0	CR	MAX	Aclothespin2.jpg	Aclothespin2.jpg	NOKEY	MAX	NOKEY
1447794720740	0	lts_1117L_35_01	35	01	0	117	0	0	0	CR	MAX	APOKCHIP4.jpg	APOKCHIP4.jpg	NOKEY	MAX	NOKEY
1447794723815	0	lts_1117L_35_01	35	01	0	118	0	0	0	CR	MAX	Abottleofwin4.jpg	Abottleofwin4.jpg	NOKEY	MAX	NOKEY
1447794726889	0	lts_1117L_35_01	35	01	0	119	0	0	0	CR	MAX	Aextensionco8.jpg	Aextensionco8.jpg	NOKEY	MAX	NOKEY
1447794729963	0	lts_1117L_35_01	35	01	0	120	0	0	0	CR	MAX	Chevypickup.jpg	Chevypickup.jpg	NOKEY	MAX	NOKEY
1447794733038	0	lts_1117L_35_01	35	01	0	121	0	0	0	CR	MAX	16/ASOPRASAX.jpg	ASOPRASAX.jpg	NOKEY	MAX	NOKEY
1447794736129	0	lts_1117L_35_01	35	01	0	122	0	0	0	CR	MAX	stone.jpg	stone.jpg	NOKEY	MAX	NOKEY
1447794739203	0	lts_1117L_35_01	35	01	0	123	0	0	0	CR	MAX	Awomansshoe3.jpg	Awomansshoe3.jpg	NOKEY	MAX	NOKEY
1447794742277	0	lts_1117L_35_01	35	01	0	124	0	0	0	CR	MAX	ALACES4.jpg	ALACES4.jpg	NOKEY	MAX	NOKEY
1447794745352	0	lts_1117L_35_01	35	01	0	125	0	0	0	CR	MAX	barbwirecoil.jpg	barbwirecoil.jpg	NOKEY	MAX	NOKEY
1447794748426	0	lts_1117L_35_01	35	01	0	126	0	0	0	CR	MAX	2/ACAESALAD.jpg	ACAESALAD.jpg	NOKEY	MAX	NOKEY
1447794751500	0	lts_1117L_35_01	35	01	0	127	0	0	0	CR	MAX	AELECBE17.jpg	AELECBE17.jpg	NOKEY	MAX	NOKEY
1447794752586	0	lts_1117L_35_01	35	01	0	128	2	1	1	Hit	606	2-3/ACAESALAD.jpg	ACAESALAD.jpg	SPACE	652	SPACE
1447794755661	0	lts_1117L_35_01	35	01	0	129	0	0	0	CR	MAX	4/8029703.thl.jpg	8029703.thl.jpg	NOKEY	MAX	NOKEY
1447794758735	0	lts_1117L_35_01	35	01	0	130	0	0	0	CR	MAX	Awindow19.jpg	Awindow19.jpg	NOKEY	MAX	NOKEY
1447794759871	0	lts_1117L_35_01	35	01	0	131	64	1	1	Hit	656	64-first/footballhelmet.jpg	footballhelmet.jpg	SPACE	701	SPACE
1447794762946	0	lts_1117L_35_01	35	01	0	132	0	0	0	CR	MAX	AKITE5.jpg	AKITE5.jpg	NOKEY	MAX	NOKEY
1447794764032	0	lts_1117L_35_01	35	01	0	133	4	1	1	Hit	608	4-7/8029703.thl.jpg	8029703.thl.jpg	SPACE	652	SPACE
1447794767106	0	lts_1117L_35_01	35	01	0	134	0	0	0	CR	MAX	Aacupuncture2.jpg	Aacupuncture2.jpg	NOKEY	MAX	NOKEY
1447794768126	0	lts_1117L_35_01	35	01	0	135	4	1	1	Hit	550	4-mul/footballhelmet.jpg	footballhelmet.jpg	SPACE	584	SPACE
1447794771200	0	lts_1117L_35_01	35	01	0	136	0	0	0	CR	MAX	ACOUPLEF2.jpg	ACOUPLEF2.jpg	NOKEY	MAX	NOKEY
1447794772236	0	lts_1117L_35_01	35	01	0	137	16	1	1	Hit	554	16-first/ASOPRASAX.jpg	ASOPRASAX.jpg	SPACE	602	SPACE
1447794775310	0	lts_1117L_35_01	35	01	0	138	0	0	0	CR	MAX	catslmifru.jpg	catslmifru.jpg	NOKEY	MAX	NOKEY
1447794778384	0	lts_1117L_35_01	35	01	0	139	0	0	0	CR	MAX	64/underwear.jpg	underwear.jpg	NOKEY	MAX	NOKEY
1447794779671	0	lts_1117L_35_01	35	01	0	140	0	0	1	FA	810	32/Ataperecorde4.jpg	Ataperecorde4.jpg	SPACE	852	NOKEY
1447794782745	0	lts_1117L_35_01	35	01	0	141	0	0	0	CR	MAX	128/Abucket51.jpg	Abucket51.jpg	NOKEY	MAX	NOKEY
1447794785820	0	lts_1117L_35_01	35	01	0	142	0	0	0	CR	MAX	2/AANTIRO13.jpg	AANTIRO13.jpg	NOKEY	MAX	NOKEY
1447794788894	0	lts_1117L_35_01	35	01	0	143	0	0	0	CR	MAX	16/AEGGHOLDE.jpg	AEGGHOLDE.jpg	NOKEY	MAX	NOKEY
1447794789913	0	lts_1117L_35_01	35	01	0	144	2	1	1	Hit	545	2-8/AANTIRO13.jpg	AANTIRO13.jpg	SPACE	584	SPACE
1447794792988	0	lts_1117L_35_01	35	01	0	145	0	0	0	CR	MAX	AFIREPUTE.jpg	AFIREPUTE.jpg	NOKEY	MAX	NOKEY
1447794796062	0	lts_1117L_35_01	35	01	0	146	0	0	0	CR	MAX	AWEDCOU19.jpg	AWEDCOU19.jpg	NOKEY	MAX	NOKEY
1447794799136	0	lts_1117L_35_01	35	01	0	147	0	0	0	CR	MAX	32/A_cookie.jpg	A_cookie.jpg	NOKEY	MAX	NOKEY
1447794802210	0	lts_1117L_35_01	35	01	0	148	0	0	0	CR	MAX	Abedpan7.jpg	Abedpan7.jpg	NOKEY	MAX	NOKEY
1447794804266	0	lts_1117L_35_01	35	01	0	149	128	1	1	Hit	1584	128-7/26421106.thl.jpg	26421106.thl.jpg	SPACE	1621	SPACE
1447794807340	0	lts_1117L_35_01	35	01	0	150	0	0	0	CR	MAX	promdress.jpg	promdress.jpg	NOKEY	MAX	NOKEY
1447794810414	0	lts_1117L_35_01	35	01	0	151	0	0	0	CR	MAX	ABORKEHOR.jpg	ABORKEHOR.jpg	NOKEY	MAX	NOKEY
1447794813489	0	lts_1117L_35_01	35	01	0	152	0	0	0	CR	MAX	AREDPLUM.jpg	AREDPLUM.jpg	NOKEY	MAX	NOKEY
1447794814474	0	lts_1117L_35_01	35	01	0	153	16	1	1	Hit	515	16-mul/ASOPRASAX.jpg	ASOPRASAX.jpg	SPACE	552	SPACE
1447794817549	0	lts_1117L_35_01	35	01	0	154	0	0	0	CR	MAX	AKNIFE13.jpg	AKNIFE13.jpg	NOKEY	MAX	NOKEY
1447794820623	0	lts_1117L_35_01	35	01	0	155	0	0	0	CR	MAX	26423477.thl.jpg	26423477.thl.jpg	NOKEY	MAX	NOKEY
1447794823698	0	lts_1117L_35_01	35	01	0	156	0	0	0	CR	MAX	1/26442719.thl.jpg	26442719.thl.jpg	NOKEY	MAX	NOKEY
1447794824683	0	lts_1117L_35_01	35	01	0	157	1	1	1	Hit	511	1-0/26442719.thl.jpg	26442719.thl.jpg	SPACE	551	SPACE
1447794827758	0	lts_1117L_35_01	35	01	0	158	0	0	0	CR	MAX	26374787.thl.jpg	26374787.thl.jpg	NOKEY	MAX	NOKEY
1447794828794	0	lts_1117L_35_01	35	01	0	159	16	1	1	Hit	564	16-first/AEGGHOLDE.jpg	AEGGHOLDE.jpg	SPACE	602	SPACE
1447794831868	0	lts_1117L_35_01	35	01	0	160	0	0	0	CR	MAX	4/APBREAD2.jpg	APBREAD2.jpg	NOKEY	MAX	NOKEY
1447794832904	0	lts_1117L_35_01	35	01	0	161	2	1	1	Hit	551	2-mul/AEGGHOLDE.jpg	AEGGHOLDE.jpg	SPACE	601	SPACE
1447794835979	0	lts_1117L_35_01	35	01	0	162	0	0	0	CR	MAX	8/26431395.thl.jpg	26431395.thl.jpg	NOKEY	MAX	NOKEY
1447794839053	0	lts_1117L_35_01	35	01	0	163	0	0	0	CR	MAX	ALIONMAS2.jpg	ALIONMAS2.jpg	NOKEY	MAX	NOKEY
1447794840156	0	lts_1117L_35_01	35	01	0	164	4	1	1	Hit	629	4-6/APBREAD2.jpg	APBREAD2.jpg	SPACE	669	SPACE
1447794843230	0	lts_1117L_35_01	35	01	0	165	0	0	0	CR	MAX	26687931.thl.jpg	26687931.thl.jpg	NOKEY	MAX	NOKEY
1447794846304	0	lts_1117L_35_01	35	01	0	166	0	0	0	CR	MAX	BattleStar.jpg	BattleStar.jpg	NOKEY	MAX	NOKEY
1447794849378	0	lts_1117L_35_01	35	01	0	167	0	0	0	CR	MAX	Akitchensinka.jpg	Akitchensinka.jpg	NOKEY	MAX	NOKEY
1447794850531	0	lts_1117L_35_01	35	01	0	168	128	1	1	Hit	672	128-2/ALOAFBR4.jpg	ALOAFBR4.jpg	SPACE	719	SPACE
1447794853606	0	lts_1117L_35_01	35	01	0	169	0	0	0	CR	MAX	ABABYCUP3.jpg	ABABYCUP3.jpg	NOKEY	MAX	NOKEY
1447794854742	0	lts_1117L_35_01	35	01	0	170	8	1	1	Hit	656	8-2/26431395.thl.jpg	26431395.thl.jpg	SPACE	702	SPACE
1447794857833	0	lts_1117L_35_01	35	01	0	171	0	0	0	CR	MAX	ACUSTMACH.jpg	ACUSTMACH.jpg	NOKEY	MAX	NOKEY
1447794859019	0	lts_1117L_35_01	35	01	0	172	32	1	1	Hit	710	32-6/Ataperecorde4.jpg	Ataperecorde4.jpg	SPACE	751	SPACE
1447794862094	0	lts_1117L_35_01	35	01	0	173	0	0	0	CR	MAX	AHUNTVES2.jpg	AHUNTVES2.jpg	NOKEY	MAX	NOKEY
1447794865168	0	lts_1117L_35_01	35	01	0	174	0	0	0	CR	MAX	schoolbus.jpg	schoolbus.jpg	NOKEY	MAX	NOKEY
1447794868242	0	lts_1117L_35_01	35	01	0	175	0	0	0	CR	MAX	Ahandheldmir3.jpg	Ahandheldmir3.jpg	NOKEY	MAX	NOKEY
1447794871333	0	lts_1117L_35_01	35	01	0	176	0	0	0	CR	MAX	Ahourglass4.jpg	Ahourglass4.jpg	NOKEY	MAX	NOKEY
1447794874408	0	lts_1117L_35_01	35	01	0	177	0	0	0	CR	MAX	4/Areindeertoy4.jpg	Areindeertoy4.jpg	NOKEY	MAX	NOKEY
1447794877482	0	lts_1117L_35_01	35	01	0	178	0	0	0	CR	MAX	64/ABAT.jpg	ABAT.jpg	NOKEY	MAX	NOKEY
1447794878618	0	lts_1117L_35_01	35	01	0	179	32	1	1	Hit	656	32-8/A_cookie.jpg	A_cookie.jpg	SPACE	701	SPACE
1447794881693	0	lts_1117L_35_01	35	01	0	180	0	0	0	CR	MAX	26375982.thl.jpg	26375982.thl.jpg	NOKEY	MAX	NOKEY
1447794882846	0	lts_1117L_35_01	35	01	0	181	4	1	1	Hit	674	4-1/Areindeertoy4.jpg	Areindeertoy4.jpg	SPACE	719	SPACE
1447794885920	0	lts_1117L_35_01	35	01	0	182	0	0	0	CR	MAX	4/Aham6.jpg	Aham6.jpg	NOKEY	MAX	NOKEY
1447794887023	0	lts_1117L_35_01	35	01	0	183	128	1	1	Hit	627	128-1/ALIGHTHO5.jpg	ALIGHTHO5.jpg	SPACE	668	SPACE
1447794890114	0	lts_1117L_35_01	35	01	0	184	0	0	0	CR	MAX	playjukebox.jpg	playjukebox.jpg	NOKEY	MAX	NOKEY
1447794893188	0	lts_1117L_35_01	35	01	0	185	0	0	0	CR	MAX	26432607.thl.jpg	26432607.thl.jpg	NOKEY	MAX	NOKEY
1447794894274	0	lts_1117L_35_01	35	01	0	186	4	1	1	Hit	602	4-2/Aham6.jpg	Aham6.jpg	SPACE	652	SPACE
1447794897348	0	lts_1117L_35_01	35	01	0	187	0	0	0	CR	MAX	2/Abellcookiec3.jpg	Abellcookiec3.jpg	NOKEY	MAX	NOKEY
1447794900423	0	lts_1117L_35_01	35	01	0	188	0	0	0	CR	MAX	64/ARECORDSY.jpg	ARECORDSY.jpg	NOKEY	MAX	NOKEY
1447794901475	0	lts_1117L_35_01	35	01	0	189	2	1	1	Hit	572	2-1/Abellcookiec3.jpg	Abellcookiec3.jpg	SPACE	619	SPACE
1447794904550	0	lts_1117L_35_01	35	01	0	190	0	0	0	CR	MAX	Adecorativem2.jpg	Adecorativem2.jpg	NOKEY	MAX	NOKEY
1447794907624	0	lts_1117L_35_01	35	01	0	191	0	0	0	CR	MAX	4/AALFALFA.jpg	AALFALFA.jpg	NOKEY	MAX	NOKEY
1447794910699	0	lts_1117L_35_01	35	01	0	192	0	0	0	CR	MAX	1/Abuilding5.jpg	Abuilding5.jpg	NOKEY	MAX	NOKEY
1447794911668	0	lts_1117L_35_01	35	01	0	193	1	1	1	Hit	491	1-2/Abuilding5.jpg	Abuilding5.jpg	SPACE	535	SPACE
1447794914742	0	lts_1117L_35_01	35	01	0	194	0	0	0	CR	MAX	AROUNDFR3.jpg	AROUNDFR3.jpg	NOKEY	MAX	NOKEY
1447794915928	0	lts_1117L_35_01	35	01	0	195	4	1	1	Hit	717	4-0/AALFALFA.jpg	AALFALFA.jpg	SPACE	752	SPACE
1447794919003	0	lts_1117L_35_01	35	01	0	196	0	0	0	CR	MAX	ABELL7.jpg	ABELL7.jpg	NOKEY	MAX	NOKEY
1447794922077	0	lts_1117L_35_01	35	01	0	197	0	0	0	CR	MAX	AROCKSHO2.jpg	AROCKSHO2.jpg	NOKEY	MAX	NOKEY
1447794925151	0	lts_1117L_35_01	35	01	0	198	0	0	0	CR	MAX	9815480.thl.jpg	9815480.thl.jpg	NOKEY	MAX	NOKEY
1447794928225	0	lts_1117L_35_01	35	01	0	199	0	0	0	CR	MAX	Axmastre5.jpg	Axmastre5.jpg	NOKEY	MAX	NOKEY
1447794931300	0	lts_1117L_35_01	35	01	0	200	0	0	0	CR	MAX	Aqueenofspade.jpg	Aqueenofspade.jpg	NOKEY	MAX	NOKEY
1447794934374	0	lts_1117L_35_01	35	01	0	201	0	0	0	CR	MAX	22822309.thl.jpg	22822309.thl.jpg	NOKEY	MAX	NOKEY
1447794937449	0	lts_1117L_35_01	35	01	0	202	0	0	0	CR	MAX	APOTPBAG2.jpg	APOTPBAG2.jpg	NOKEY	MAX	NOKEY
1447794938535	0	lts_1117L_35_01	35	01	0	203	64	1	1	Hit	603	64-first/underwear.jpg	underwear.jpg	SPACE	652	SPACE
1447794941626	0	lts_1117L_35_01	35	01	0	204	0	0	0	CR	MAX	AWOODBIN.jpg	AWOODBIN.jpg	NOKEY	MAX	NOKEY
1447794942678	0	lts_1117L_35_01	35	01	0	205	2	1	1	Hit	572	2-mul/underwear.jpg	underwear.jpg	SPACE	618	SPACE
1447794945753	0	lts_1117L_35_01	35	01	0	206	0	0	0	CR	MAX	ABACKSPAC.jpg	ABACKSPAC.jpg	NOKEY	MAX	NOKEY
1447794948827	0	lts_1117L_35_01	35	01	0	207	0	0	0	CR	MAX	26423786.thl.jpg	26423786.thl.jpg	NOKEY	MAX	NOKEY
1447794951902	0	lts_1117L_35_01	35	01	0	208	0	0	0	CR	MAX	Ahappdec4.jpg	Ahappdec4.jpg	NOKEY	MAX	NOKEY
1447794954976	0	lts_1117L_35_01	35	01	0	209	0	0	0	CR	MAX	ASTENORA2.jpg	ASTENORA2.jpg	NOKEY	MAX	NOKEY
1447794958050	0	lts_1117L_35_01	35	01	0	210	0	0	0	CR	MAX	pinecone02.jpg	pinecone02.jpg	NOKEY	MAX	NOKEY
1447794961125	0	lts_1117L_35_01	35	01	0	211	0	0	0	CR	MAX	8/Ataco.jpg	Ataco.jpg	NOKEY	MAX	NOKEY
1447794964199	0	lts_1117L_35_01	35	01	0	212	0	0	0	CR	MAX	2/26374899.thl.jpg	26374899.thl.jpg	NOKEY	MAX	NOKEY
1447794967273	0	lts_1117L_35_01	35	01	0	213	0	0	0	CR	MAX	8/ACHRISTO3.jpg	ACHRISTO3.jpg	NOKEY	MAX	NOKEY
1447794968309	0	lts_1117L_35_01	35	01	0	214	2	1	1	Hit	558	2-13/26374899.thl.jpg	26374899.thl.jpg	SPACE	601	SPACE
1447794971384	0	lts_1117L_35_01	35	01	0	215	0	0	0	CR	MAX	ABUSINEST.jpg	ABUSINEST.jpg	NOKEY	MAX	NOKEY
1447794974458	0	lts_1117L_35_01	35	01	0	216	0	0	0	CR	MAX	64/Aelasticbands.jpg	Aelasticbands.jpg	NOKEY	MAX	NOKEY
1447794977532	0	lts_1117L_35_01	35	01	0	217	0	0	0	CR	MAX	ADRUMSTI4.jpg	ADRUMSTI4.jpg	NOKEY	MAX	NOKEY
1447794980607	0	lts_1117L_35_01	35	01	0	218	0	0	0	CR	MAX	Aangel37.jpg	Aangel37.jpg	NOKEY	MAX	NOKEY
1447794981709	0	lts_1117L_35_01	35	01	0	219	8	1	1	Hit	623	8-first/Ataco.jpg	Ataco.jpg	SPACE	668	SPACE
1447794984784	0	lts_1117L_35_01	35	01	0	220	0	0	0	CR	MAX	8/Ajesusstatue2.jpg	Ajesusstatue2.jpg	NOKEY	MAX	NOKEY
1447794985920	0	lts_1117L_35_01	35	01	0	221	8	1	1	Hit	659	8-first/ACHRISTO3.jpg	ACHRISTO3.jpg	SPACE	702	SPACE
1447794988995	0	lts_1117L_35_01	35	01	0	222	0	0	0	CR	MAX	8/racetrack.jpg	racetrack.jpg	NOKEY	MAX	NOKEY
1447794990180	0	lts_1117L_35_01	35	01	0	223	4	1	1	Hit	706	4-mul/Ataco.jpg	Ataco.jpg	SPACE	752	SPACE
1447794993255	0	lts_1117L_35_01	35	01	0	224	0	0	0	CR	MAX	ignitionkey01.jpg	ignitionkey01.jpg	NOKEY	MAX	NOKEY
1447794994257	0	lts_1117L_35_01	35	01	0	225	4	1	1	Hit	534	4-mul/ACHRISTO3.jpg	ACHRISTO3.jpg	SPACE	569	SPACE
1447794997332	0	lts_1117L_35_01	35	01	0	226	0	0	0	CR	MAX	Aclamp55.jpg	Aclamp55.jpg	NOKEY	MAX	NOKEY
1447795000406	0	lts_1117L_35_01	35	01	0	227	0	0	0	CR	MAX	8/ARASPBER2.jpg	ARASPBER2.jpg	NOKEY	MAX	NOKEY
1447795001576	0	lts_1117L_35_01	35	01	0	228	8	1	1	Hit	685	8-0/Ajesusstatue2.jpg	Ajesusstatue2.jpg	SPACE	735	SPACE
1447795004650	0	lts_1117L_35_01	35	01	0	229	0	0	0	CR	MAX	retainertheeth.jpg	retainertheeth.jpg	NOKEY	MAX	NOKEY
1447795005803	0	lts_1117L_35_01	35	01	0	230	8	1	1	Hit	679	8-first/racetrack.jpg	racetrack.jpg	SPACE	718	SPACE
1447795008878	0	lts_1117L_35_01	35	01	0	231	0	0	0	CR	MAX	Athreeholepu6.jpg	Athreeholepu6.jpg	NOKEY	MAX	NOKEY
1447795009964	0	lts_1117L_35_01	35	01	0	232	2	1	1	Hit	604	2-mul/racetrack.jpg	racetrack.jpg	SPACE	651	SPACE
1447795013038	0	lts_1117L_35_01	35	01	0	233	0	0	0	CR	MAX	128/Agolfplaque.jpg	Agolfplaque.jpg	NOKEY	MAX	NOKEY
1447795016112	0	lts_1117L_35_01	35	01	0	234	0	0	0	CR	MAX	bathtowel.jpg	bathtowel.jpg	NOKEY	MAX	NOKEY
1447795017164	0	lts_1117L_35_01	35	01	0	235	8	1	1	Hit	573	8-1/ARASPBER2.jpg	ARASPBER2.jpg	SPACE	618	SPACE
1447795020239	0	lts_1117L_35_01	35	01	0	236	0	0	0	CR	MAX	tuxedo.jpg	tuxedo.jpg	NOKEY	MAX	NOKEY
1447795023313	0	lts_1117L_35_01	35	01	0	237	0	0	0	CR	MAX	Ablackcamera4.jpg	Ablackcamera4.jpg	NOKEY	MAX	NOKEY
1447795026388	0	lts_1117L_35_01	35	01	0	238	0	0	0	CR	MAX	securitycamera.jpg	securitycamera.jpg	NOKEY	MAX	NOKEY
1447795029479	0	lts_1117L_35_01	35	01	0	239	0	0	0	CR	MAX	ACHINDECP.jpg	ACHINDECP.jpg	NOKEY	MAX	NOKEY
1447795030816	0	lts_1117L_35_01	35	01	0	240	128	1	1	Hit	864	128-4/AOTOSCOP5.jpg	AOTOSCOP5.jpg	SPACE	902	SPACE
1447795033890	0	lts_1117L_35_01	35	01	0	241	0	0	0	CR	MAX	hammer01.jpg	hammer01.jpg	NOKEY	MAX	NOKEY
1447795034943	0	lts_1117L_35_01	35	01	0	242	64	1	1	Hit	579	64-first/ABAT.jpg	ABAT.jpg	SPACE	618	SPACE
1447795038017	0	lts_1117L_35_01	35	01	0	243	0	0	0	CR	MAX	Ahighlightin2.jpg	Ahighlightin2.jpg	NOKEY	MAX	NOKEY
1447795041091	0	lts_1117L_35_01	35	01	0	244	0	0	0	CR	MAX	2/Aflowerwreat2.jpg	Aflowerwreat2.jpg	NOKEY	MAX	NOKEY
1447795044165	0	lts_1117L_35_01	35	01	0	245	0	0	0	CR	MAX	64/Abasket108.jpg	Abasket108.jpg	NOKEY	MAX	NOKEY
1447795045218	0	lts_1117L_35_01	35	01	0	246	2	1	1	Hit	576	2-7/Aflowerwreat2.jpg	Aflowerwreat2.jpg	SPACE	618	SPACE
1447795048309	0	lts_1117L_35_01	35	01	0	247	0	0	0	CR	MAX	AJEWISHTA.jpg	AJEWISHTA.jpg	NOKEY	MAX	NOKEY
1447795051384	0	lts_1117L_35_01	35	01	0	248	0	0	0	CR	MAX	AHORSHOE2.jpg	AHORSHOE2.jpg	NOKEY	MAX	NOKEY
1447795054458	0	lts_1117L_35_01	35	01	0	249	0	0	0	CR	MAX	AJEEPBOA2.jpg	AJEEPBOA2.jpg	NOKEY	MAX	NOKEY
1447795057532	0	lts_1117L_35_01	35	01	0	250	0	0	0	CR	MAX	ADRUM12.jpg	ADRUM12.jpg	NOKEY	MAX	NOKEY
1447795060607	0	lts_1117L_35_01	35	01	0	251	0	0	0	CR	MAX	Astool76.jpg	Astool76.jpg	NOKEY	MAX	NOKEY
1447795061760	0	lts_1117L_35_01	35	01	0	252	64	1	1	Hit	670	64-first/ARECORDSY.jpg	ARECORDSY.jpg	SPACE	719	SPACE
1447795064851	0	lts_1117L_35_01	35	01	0	253	0	0	0	CR	MAX	ACROWNPEN.jpg	ACROWNPEN.jpg	NOKEY	MAX	NOKEY
1447795067925	0	lts_1117L_35_01	35	01	0	254	0	0	0	CR	MAX	jumpmattress.jpg	jumpmattress.jpg	NOKEY	MAX	NOKEY
1447795070999	0	lts_1117L_35_01	35	01	0	255	0	0	0	CR	MAX	ABEARIN28.jpg	ABEARIN28.jpg	NOKEY	MAX	NOKEY
1447795072035	0	lts_1117L_35_01	35	01	0	256	4	1	1	Hit	554	4-mul/ARECORDSY.jpg	ARECORDSY.jpg	SPACE	601	SPACE
1447795075110	0	lts_1117L_35_01	35	01	0	257	0	0	0	CR	MAX	ABOAT16.jpg	ABOAT16.jpg	NOKEY	MAX	NOKEY
1447795076095	0	lts_1117L_35_01	35	01	0	258	16	1	1	Hit	513	16-mul/ABAT.jpg	ABAT.jpg	SPACE	552	SPACE
1447795079170	0	lts_1117L_35_01	35	01	0	259	0	0	0	CR	MAX	16/Apulley71.jpg	Apulley71.jpg	NOKEY	MAX	NOKEY
1447795082244	0	lts_1117L_35_01	35	01	0	260	0	0	0	CR	MAX	23019499.thl.jpg	23019499.thl.jpg	NOKEY	MAX	NOKEY
1447795085335	0	lts_1117L_35_01	35	01	0	261	0	0	0	CR	MAX	AMETALPER.jpg	AMETALPER.jpg	NOKEY	MAX	NOKEY
1447795088409	0	lts_1117L_35_01	35	01	0	262	0	0	0	CR	MAX	Atoyservices2.jpg	Atoyservices2.jpg	NOKEY	MAX	NOKEY
1447795091484	0	lts_1117L_35_01	35	01	0	263	0	0	0	CR	MAX	64/26384863.thl.jpg	26384863.thl.jpg	NOKEY	MAX	NOKEY
1447795094558	0	lts_1117L_35_01	35	01	0	264	0	0	0	CR	MAX	Achipboard.jpg	Achipboard.jpg	NOKEY	MAX	NOKEY
1447795097633	0	lts_1117L_35_01	35	01	0	265	0	0	0	CR	MAX	scooter.jpg	scooter.jpg	NOKEY	MAX	NOKEY
1447795100707	0	lts_1117L_35_01	35	01	0	266	0	0	0	CR	MAX	ATHERMO4.jpg	ATHERMO4.jpg	NOKEY	MAX	NOKEY
1447795103781	0	lts_1117L_35_01	35	01	0	267	0	0	0	CR	MAX	128/Atoychestfor3.jpg	Atoychestfor3.jpg	NOKEY	MAX	NOKEY
1447795106856	0	lts_1117L_35_01	35	01	0	268	0	0	0	CR	MAX	32/ALADLE5.jpg	ALADLE5.jpg	NOKEY	MAX	NOKEY
1447795108209	0	lts_1117L_35_01	35	01	0	269	128	1	1	Hit	871	128-5/Abucket51.jpg	Abucket51.jpg	SPACE	919	SPACE
1447795111283	0	lts_1117L_35_01	35	01	0	270	0	0	0	CR	MAX	ABAMBCHAI.jpg	ABAMBCHAI.jpg	NOKEY	MAX	NOKEY
1447795114358	0	lts_1117L_35_01	35	01	0	271	0	0	0	CR	MAX	1/Aframe196.jpg	Aframe196.jpg	NOKEY	MAX	NOKEY
1447795115327	0	lts_1117L_35_01	35	01	0	272	1	1	1	Hit	491	1-13/Aframe196.jpg	Aframe196.jpg	SPACE	535	SPACE
1447795118401	0	lts_1117L_35_01	35	01	0	273	0	0	0	CR	MAX	APERSRUG.jpg	APERSRUG.jpg	NOKEY	MAX	NOKEY
1447795121476	0	lts_1117L_35_01	35	01	0	274	0	0	0	CR	MAX	Atray22.jpg	Atray22.jpg	NOKEY	MAX	NOKEY
1447795122879	0	lts_1117L_35_01	35	01	0	275	16	1	1	Hit	928	16-first/Apulley71.jpg	Apulley71.jpg	SPACE	969	SPACE
1447795125954	0	lts_1117L_35_01	35	01	0	276	0	0	0	CR	MAX	128/26428545.thl.jpg	26428545.thl.jpg	NOKEY	MAX	NOKEY
1447795129028	0	lts_1117L_35_01	35	01	0	277	0	0	0	CR	MAX	AHAMPER.jpg	AHAMPER.jpg	NOKEY	MAX	NOKEY
1447795132102	0	lts_1117L_35_01	35	01	0	278	0	0	0	CR	MAX	ATAMBOURI.jpg	ATAMBOURI.jpg	NOKEY	MAX	NOKEY
1447795135176	0	lts_1117L_35_01	35	01	0	279	0	0	0	CR	MAX	26424478.thl.jpg	26424478.thl.jpg	NOKEY	MAX	NOKEY
1447795136296	0	lts_1117L_35_01	35	01	0	280	64	1	1	Hit	637	64-first/Aelasticbands.jpg	Aelasticbands.jpg	SPACE	685	SPACE
1447795139370	0	lts_1117L_35_01	35	01	0	281	0	0	0	CR	MAX	ACDRAINER.jpg	ACDRAINER.jpg	NOKEY	MAX	NOKEY
1447795140373	0	lts_1117L_35_01	35	01	0	282	2	1	1	Hit	529	2-mul/Aelasticbands.jpg	Aelasticbands.jpg	SPACE	568	SPACE
1447795143447	0	lts_1117L_35_01	35	01	0	283	0	0	0	CR	MAX	26686595.thl.jpg	26686595.thl.jpg	NOKEY	MAX	NOKEY
1447795146522	0	lts_1117L_35_01	35	01	0	284	0	0	0	CR	MAX	ACHEESEB3.jpg	ACHEESEB3.jpg	NOKEY	MAX	NOKEY
1447795149596	0	lts_1117L_35_01	35	01	0	285	2	1	0	Miss	MAX	2/keys-a.jpg	keys-a.jpg	NOKEY	MAX	SPACE
1447795152670	0	lts_1117L_35_01	35	01	0	286	0	0	0	CR	MAX	baseballbat04.jpg	baseballbat04.jpg	NOKEY	MAX	NOKEY
1447795153823	0	lts_1117L_35_01	35	01	0	287	2	1	1	Hit	674	2-10/keys-a.jpg	keys-a.jpg	SPACE	718	SPACE
1447795156914	0	lts_1117L_35_01	35	01	0	288	0	0	0	CR	MAX	1/Arose10.jpg	Arose10.jpg	NOKEY	MAX	NOKEY
1447795157783	0	lts_1117L_35_01	35	01	0	289	1	1	1	Hit	395	1-9/Arose10.jpg	Arose10.jpg	SPACE	434	SPACE
1447795160858	0	lts_1117L_35_01	35	01	0	290	0	0	0	CR	MAX	monkeypuppet.jpg	monkeypuppet.jpg	NOKEY	MAX	NOKEY
1447795161944	0	lts_1117L_35_01	35	01	0	291	16	1	1	Hit	606	16-mul/Apulley71.jpg	Apulley71.jpg	SPACE	652	SPACE
1447795165018	0	lts_1117L_35_01	35	01	0	292	0	0	0	CR	MAX	4/16247853.thl.jpg	16247853.thl.jpg	NOKEY	MAX	NOKEY
1447795168092	0	lts_1117L_35_01	35	01	0	293	0	0	0	CR	MAX	1/AWASHSIGN.jpg	AWASHSIGN.jpg	NOKEY	MAX	NOKEY
1447795168978	0	lts_1117L_35_01	35	01	0	294	1	1	1	Hit	405	1-11/AWASHSIGN.jpg	AWASHSIGN.jpg	SPACE	452	SPACE
1447795172052	0	lts_1117L_35_01	35	01	0	295	0	0	0	CR	MAX	26443034.thl.jpg	26443034.thl.jpg	NOKEY	MAX	NOKEY
1447795173205	0	lts_1117L_35_01	35	01	0	296	4	1	1	Hit	681	4-12/16247853.thl.jpg	16247853.thl.jpg	SPACE	719	SPACE
1447795176279	0	lts_1117L_35_01	35	01	0	297	0	0	0	CR	MAX	football.JPG	football.JPG	NOKEY	MAX	NOKEY
1447795179354	0	lts_1117L_35_01	35	01	0	298	0	0	0	CR	MAX	ABRIDGE3.jpg	ABRIDGE3.jpg	NOKEY	MAX	NOKEY
1447795182428	0	lts_1117L_35_01	35	01	0	299	0	0	0	CR	MAX	22849344.thl.jpg	22849344.thl.jpg	NOKEY	MAX	NOKEY
1447795183631	0	lts_1117L_35_01	35	01	0	300	32	1	1	Hit	720	32-9/ALADLE5.jpg	ALADLE5.jpg	SPACE	769	SPACE
1447795186705	0	lts_1117L_35_01	35	01	0	301	0	0	0	CR	MAX	16/Brusselssprouts.jpg	Brusselssprouts.jpg	NOKEY	MAX	NOKEY
1447795189780	0	lts_1117L_35_01	35	01	0	302	0	0	0	CR	MAX	8021410.thl.jpg	8021410.thl.jpg	NOKEY	MAX	NOKEY
1447795192854	0	lts_1117L_35_01	35	01	0	303	0	0	0	CR	MAX	32/Arecordplaye2.jpg	Arecordplaye2.jpg	NOKEY	MAX	NOKEY
1447795195929	0	lts_1117L_35_01	35	01	0	304	0	0	0	CR	MAX	Acrabwalking.jpg	Acrabwalking.jpg	NOKEY	MAX	NOKEY
1447795199003	0	lts_1117L_35_01	35	01	0	305	0	0	0	CR	MAX	1/Ahawk3.jpg	Ahawk3.jpg	NOKEY	MAX	NOKEY
1447795199939	0	lts_1117L_35_01	35	01	0	306	1	1	1	Hit	461	1-14/Ahawk3.jpg	Ahawk3.jpg	SPACE	502	SPACE
1447795203013	0	lts_1117L_35_01	35	01	0	307	0	0	0	CR	MAX	4/26460317.thl.jpg	26460317.thl.jpg	NOKEY	MAX	NOKEY
1447795206104	0	lts_1117L_35_01	35	01	0	308	0	0	0	CR	MAX	Acampingstov9.jpg	Acampingstov9.jpg	NOKEY	MAX	NOKEY
1447795209178	0	lts_1117L_35_01	35	01	0	309	64	1	0	Miss	MAX	64-first/Abasket108.jpg	Abasket108.jpg	NOKEY	MAX	SPACE
1447795212252	0	lts_1117L_35_01	35	01	0	310	0	0	0	CR	MAX	AHEADLIG9.jpg	AHEADLIG9.jpg	NOKEY	MAX	NOKEY
1447795213372	0	lts_1117L_35_01	35	01	0	311	4	1	1	Hit	638	4-8/26460317.thl.jpg	26460317.thl.jpg	SPACE	685	SPACE
1447795216446	0	lts_1117L_35_01	35	01	0	312	0	0	0	CR	MAX	Apowerbar7.jpg	Apowerbar7.jpg	NOKEY	MAX	NOKEY
1447795217482	0	lts_1117L_35_01	35	01	0	313	4	1	1	Hit	552	4-mul/Abasket108.jpg	Abasket108.jpg	SPACE	601	SPACE
1447795220557	0	lts_1117L_35_01	35	01	0	314	0	0	0	CR	MAX	Alifebuo3.jpg	Alifebuo3.jpg	NOKEY	MAX	NOKEY
1447795223631	0	lts_1117L_35_01	35	01	0	315	0	0	0	CR	MAX	ADEEPFRY5.jpg	ADEEPFRY5.jpg	NOKEY	MAX	NOKEY
1447795226706	0	lts_1117L_35_01	35	01	0	316	0	0	0	CR	MAX	8078142.thl.jpg	8078142.thl.jpg	NOKEY	MAX	NOKEY
1447795227792	0	lts_1117L_35_01	35	01	0	317	16	1	1	Hit	607	16-first/Brusselssprouts.jpg	Brusselssprouts.jpg	SPACE	651	SPACE
1447795230866	0	lts_1117L_35_01	35	01	0	318	0	0	0	CR	MAX	ANEWSBOX4.jpg	ANEWSBOX4.jpg	NOKEY	MAX	NOKEY
1447795233940	0	lts_1117L_35_01	35	01	0	319	0	0	0	CR	MAX	32/Abird5.jpg	Abird5.jpg	NOKEY	MAX	NOKEY
1447795237014	0	lts_1117L_35_01	35	01	0	320	0	0	0	CR	MAX	Acane116.jpg	Acane116.jpg	NOKEY	MAX	NOKEY
1447795237967	0	lts_1117L_35_01	35	01	0	321	4	1	1	Hit	473	4-mul/Brusselssprouts.jpg	Brusselssprouts.jpg	SPACE	518	SPACE
1447795241041	0	lts_1117L_35_01	35	01	0	322	0	0	0	CR	MAX	16/et060.jpg	et060.jpg	NOKEY	MAX	NOKEY
1447795244115	0	lts_1117L_35_01	35	01	0	323	0	0	0	CR	MAX	Abagofherbs.jpg	Abagofherbs.jpg	NOKEY	MAX	NOKEY
1447795247190	0	lts_1117L_35_01	35	01	0	324	0	0	0	CR	MAX	23070064.thl.jpg	23070064.thl.jpg	NOKEY	MAX	NOKEY
1447795250264	0	lts_1117L_35_01	35	01	0	325	0	0	0	CR	MAX	ABOWCASE.jpg	ABOWCASE.jpg	NOKEY	MAX	NOKEY
1447795253339	0	lts_1117L_35_01	35	01	0	326	0	0	0	CR	MAX	AOVEN.jpg	AOVEN.jpg	NOKEY	MAX	NOKEY
1447795254826	0	lts_1117L_35_01	35	01	0	327	64	1	1	Hit	1016	64-first/26384863.thl.jpg	26384863.thl.jpg	SPACE	1053	SPACE
1447795257900	0	lts_1117L_35_01	35	01	0	328	0	0	0	CR	MAX	64/22859028.thl.jpg	22859028.thl.jpg	NOKEY	MAX	NOKEY
1447795258802	0	lts_1117L_35_01	35	01	0	329	2	1	1	Hit	428	2-mul/26384863.thl.jpg	26384863.thl.jpg	SPACE	467	SPACE
1447795261877	0	lts_1117L_35_01	35	01	0	330	0	0	0	CR	MAX	Abox80.jpg	Abox80.jpg	NOKEY	MAX	NOKEY
1447795264951	0	lts_1117L_35_01	35	01	0	331	0	0	0	CR	MAX	1/ASNBRD2.jpg	ASNBRD2.jpg	NOKEY	MAX	NOKEY
1447795265954	0	lts_1117L_35_01	35	01	0	332	1	1	1	Hit	525	1-4/ASNBRD2.jpg	ASNBRD2.jpg	SPACE	568	SPACE
1447795269028	0	lts_1117L_35_01	35	01	0	333	0	0	0	CR	MAX	clips-a.jpg	clips-a.jpg	NOKEY	MAX	NOKEY
1447795272102	0	lts_1117L_35_01	35	01	0	334	0	0	0	CR	MAX	Abreastpump2.jpg	Abreastpump2.jpg	NOKEY	MAX	NOKEY
1447795273389	0	lts_1117L_35_01	35	01	0	335	32	1	1	Hit	804	32-4/Arecordplaye2.jpg	Arecordplaye2.jpg	SPACE	852	SPACE
1447795276463	0	lts_1117L_35_01	35	01	0	336	0	0	0	CR	MAX	shield.jpg	shield.jpg	NOKEY	MAX	NOKEY
1447795279538	0	lts_1117L_35_01	35	01	0	337	0	0	0	CR	MAX	AHEARTES3.jpg	AHEARTES3.jpg	NOKEY	MAX	NOKEY
1447795280557	0	lts_1117L_35_01	35	01	0	338	16	1	1	Hit	539	16-1/et060.jpg	et060.jpg	SPACE	585	SPACE
1447795283631	0	lts_1117L_35_01	35	01	0	339	0	0	0	CR	MAX	Aladder2.jpg	Aladder2.jpg	NOKEY	MAX	NOKEY
1447795286706	0	lts_1117L_35_01	35	01	0	340	0	0	0	CR	MAX	ABROCHETT.jpg	ABROCHETT.jpg	NOKEY	MAX	NOKEY
1447795289780	0	lts_1117L_35_01	35	01	0	341	0	0	0	CR	MAX	32/Acable14.jpg	Acable14.jpg	NOKEY	MAX	NOKEY
1447795292854	0	lts_1117L_35_01	35	01	0	342	0	0	0	CR	MAX	Ajetski15.jpg	Ajetski15.jpg	NOKEY	MAX	NOKEY
1447795295945	0	lts_1117L_35_01	35	01	0	343	0	0	0	CR	MAX	ACOLFILT5.jpg	ACOLFILT5.jpg	NOKEY	MAX	NOKEY
1447795299019	0	lts_1117L_35_01	35	01	0	344	0	0	0	CR	MAX	22824840.thl.jpg	22824840.thl.jpg	NOKEY	MAX	NOKEY
1447795302094	0	lts_1117L_35_01	35	01	0	345	0	0	0	CR	MAX	barssport.jpg	barssport.jpg	NOKEY	MAX	NOKEY
1447795305168	0	lts_1117L_35_01	35	01	0	346	0	0	0	CR	MAX	APROSTLE2.jpg	APROSTLE2.jpg	NOKEY	MAX	NOKEY
1447795308259	0	lts_1117L_35_01	35	01	0	347	0	0	0	CR	MAX	Achair611.jpg	Achair611.jpg	NOKEY	MAX	NOKEY
1447795311334	0	lts_1117L_35_01	35	01	0	348	0	0	0	CR	MAX	ASKIHOLD.jpg	ASKIHOLD.jpg	NOKEY	MAX	NOKEY
1447795314408	0	lts_1117L_35_01	35	01	0	349	0	0	0	CR	MAX	cough_medicine.jpg	cough_medicine.jpg	NOKEY	MAX	NOKEY
1447795317482	0	lts_1117L_35_01	35	01	0	350	0	0	0	CR	MAX	ALEGCAST3.jpg	ALEGCAST3.jpg	NOKEY	MAX	NOKEY
1447795318535	0	lts_1117L_35_01	35	01	0	351	32	1	1	Hit	579	32-1/Abird5.jpg	Abird5.jpg	SPACE	618	SPACE
1447795321609	0	lts_1117L_35_01	35	01	0	352	0	0	0	CR	MAX	AOSTRICH2.jpg	AOSTRICH2.jpg	NOKEY	MAX	NOKEY
1447795324684	0	lts_1117L_35_01	35	01	0	353	0	0	0	CR	MAX	APIPEST18.jpg	APIPEST18.jpg	NOKEY	MAX	NOKEY
1447795327758	0	lts_1117L_35_01	35	01	0	354	0	0	0	CR	MAX	32/batslct.jpg	batslct.jpg	NOKEY	MAX	NOKEY
1447795330833	0	lts_1117L_35_01	35	01	0	355	0	0	0	CR	MAX	AFIRSTA15.jpg	AFIRSTA15.jpg	NOKEY	MAX	NOKEY
1447795333907	0	lts_1117L_35_01	35	01	0	356	0	0	0	CR	MAX	2/Astatueofwo29.jpg	Astatueofwo29.jpg	NOKEY	MAX	NOKEY
1447795336981	0	lts_1117L_35_01	35	01	0	357	0	0	0	CR	MAX	26377777.thl.jpg	26377777.thl.jpg	NOKEY	MAX	NOKEY
1447795337967	0	lts_1117L_35_01	35	01	0	358	2	1	1	Hit	512	2-9/Astatueofwo29.jpg	Astatueofwo29.jpg	SPACE	552	SPACE
1447795341041	0	lts_1117L_35_01	35	01	0	359	0	0	0	CR	MAX	AGLASSEY5.jpg	AGLASSEY5.jpg	NOKEY	MAX	NOKEY
1447795344116	0	lts_1117L_35_01	35	01	0	360	0	0	0	CR	MAX	ALUNCHBO3.jpg	ALUNCHBO3.jpg	NOKEY	MAX	NOKEY
1447795345686	0	lts_1117L_35_01	35	01	0	361	128	1	1	Hit	1100	128-6/Agolfplaque.jpg	Agolfplaque.jpg	SPACE	1136	SPACE
1447795348761	0	lts_1117L_35_01	35	01	0	362	0	0	0	CR	MAX	1/ABOWARRO8.jpg	ABOWARRO8.jpg	NOKEY	MAX	NOKEY
1447795349713	0	lts_1117L_35_01	35	01	0	363	1	1	1	Hit	483	1-12/ABOWARRO8.jpg	ABOWARRO8.jpg	SPACE	518	SPACE
1447795352787	0	lts_1117L_35_01	35	01	0	364	0	0	0	CR	MAX	1/Aearth3.jpg	Aearth3.jpg	NOKEY	MAX	NOKEY
1447795353673	0	lts_1117L_35_01	35	01	0	365	1	1	1	Hit	400	1-6/Aearth3.jpg	Aearth3.jpg	SPACE	451	SPACE
1447795356747	0	lts_1117L_35_01	35	01	0	366	0	0	0	CR	MAX	22826448.thl.jpg	22826448.thl.jpg	NOKEY	MAX	NOKEY
1447795359822	0	lts_1117L_35_01	35	01	0	367	0	0	0	CR	MAX	Aegyptianst20.jpg	Aegyptianst20.jpg	NOKEY	MAX	NOKEY
1447795362896	0	lts_1117L_35_01	35	01	0	368	0	0	0	CR	MAX	AHEADSET.jpg	AHEADSET.jpg	NOKEY	MAX	NOKEY
1447795365970	0	lts_1117L_35_01	35	01	0	369	0	0	0	CR	MAX	2/ACOLUMN5.jpg	ACOLUMN5.jpg	NOKEY	MAX	NOKEY
1447795369044	0	lts_1117L_35_01	35	01	0	370	0	0	0	CR	MAX	Athimble2.jpg	Athimble2.jpg	NOKEY	MAX	NOKEY
1447795370064	0	lts_1117L_35_01	35	01	0	371	2	1	1	Hit	539	2-11/ACOLUMN5.jpg	ACOLUMN5.jpg	SPACE	585	SPACE
1447795373138	0	lts_1117L_35_01	35	01	0	372	0	0	0	CR	MAX	26377631.thl.jpg	26377631.thl.jpg	NOKEY	MAX	NOKEY
1447795374191	0	lts_1117L_35_01	35	01	0	373	32	1	1	Hit	575	32-7/Acable14.jpg	Acable14.jpg	SPACE	618	SPACE
1447795377265	0	lts_1117L_35_01	35	01	0	374	0	0	0	CR	MAX	Aasianbuildin.jpg	Aasianbuildin.jpg	NOKEY	MAX	NOKEY
1447795380340	0	lts_1117L_35_01	35	01	0	375	0	0	0	CR	MAX	AHONEY.jpg	AHONEY.jpg	NOKEY	MAX	NOKEY
1447795383414	0	lts_1117L_35_01	35	01	0	376	0	0	0	CR	MAX	FJVWL.jpg	FJVWL.jpg	NOKEY	MAX	NOKEY
1447795386488	0	lts_1117L_35_01	35	01	0	377	0	0	0	CR	MAX	ASTEAMER.jpg	ASTEAMER.jpg	NOKEY	MAX	NOKEY
1447795389563	0	lts_1117L_35_01	35	01	0	378	0	0	0	CR	MAX	imate.jpg	imate.jpg	NOKEY	MAX	NOKEY
1447795392637	0	lts_1117L_35_01	35	01	0	379	0	0	0	CR	MAX	Agreenplastic.jpg	Agreenplastic.jpg	NOKEY	MAX	NOKEY
1447795395712	0	lts_1117L_35_01	35	01	0	380	0	0	0	CR	MAX	4/ATEALANT8.jpg	ATEALANT8.jpg	NOKEY	MAX	NOKEY
1447795398786	0	lts_1117L_35_01	35	01	0	381	0	0	0	CR	MAX	AHOSPWAS2.jpg	AHOSPWAS2.jpg	NOKEY	MAX	NOKEY
1447795401860	0	lts_1117L_35_01	35	01	0	382	0	0	0	CR	MAX	8/ADECOSPO4.jpg	ADECOSPO4.jpg	NOKEY	MAX	NOKEY
1447795404934	0	lts_1117L_35_01	35	01	0	383	0	0	0	CR	MAX	igloo.jpg	igloo.jpg	NOKEY	MAX	NOKEY
1447795406070	0	lts_1117L_35_01	35	01	0	384	4	1	1	Hit	667	4-9/ATEALANT8.jpg	ATEALANT8.jpg	SPACE	702	SPACE
1447795409145	0	lts_1117L_35_01	35	01	0	385	0	0	0	CR	MAX	8052266.thl.jpg	8052266.thl.jpg	NOKEY	MAX	NOKEY
1447795410281	0	lts_1117L_35_01	35	01	0	386	32	1	1	Hit	652	32-0/batslct.jpg	batslct.jpg	SPACE	702	SPACE
1447795413355	0	lts_1117L_35_01	35	01	0	387	0	0	0	CR	MAX	makeuppowder.jpg	makeuppowder.jpg	NOKEY	MAX	NOKEY
1447795416430	0	lts_1117L_35_01	35	01	0	388	0	0	0	CR	MAX	AFLUTE6.jpg	AFLUTE6.jpg	NOKEY	MAX	NOKEY
1447795419504	0	lts_1117L_35_01	35	01	0	389	0	0	0	CR	MAX	Afrenchsigns2.jpg	Afrenchsigns2.jpg	NOKEY	MAX	NOKEY
1447795420574	0	lts_1117L_35_01	35	01	0	390	8	1	1	Hit	589	8-first/ADECOSPO4.jpg	ADECOSPO4.jpg	SPACE	634	SPACE
1447795423648	0	lts_1117L_35_01	35	01	0	391	0	0	0	CR	MAX	ABELLTRE2.jpg	ABELLTRE2.jpg	NOKEY	MAX	NOKEY
1447795424884	0	lts_1117L_35_01	35	01	0	392	64	1	1	Hit	760	64-first/22859028.thl.jpg	22859028.thl.jpg	SPACE	801	SPACE
1447795427958	0	lts_1117L_35_01	35	01	0	393	0	0	0	CR	MAX	Apaintroller3.jpg	Apaintroller3.jpg	NOKEY	MAX	NOKEY
1447795431033	0	lts_1117L_35_01	35	01	0	394	0	0	0	CR	MAX	4/AFOOTST26.jpg	AFOOTST26.jpg	NOKEY	MAX	NOKEY
1447795434107	0	lts_1117L_35_01	35	01	0	395	128	1	0	Miss	MAX	128-0/Atoychestfor3.jpg	Atoychestfor3.jpg	NOKEY	MAX	SPACE
1447795437182	0	lts_1117L_35_01	35	01	0	396	0	0	0	CR	MAX	beanbagchair.jpg	beanbagchair.jpg	NOKEY	MAX	NOKEY
1447795440256	0	lts_1117L_35_01	35	01	0	397	0	0	0	CR	MAX	Acheque.jpg	Acheque.jpg	NOKEY	MAX	NOKEY
1447795441693	0	lts_1117L_35_01	35	01	0	398	4	1	1	Hit	960	4-3/AFOOTST26.jpg	AFOOTST26.jpg	SPACE	1002	SPACE
1447795444768	0	lts_1117L_35_01	35	01	0	399	0	0	0	CR	MAX	Ahorse23.jpg	Ahorse23.jpg	NOKEY	MAX	NOKEY
1447795447842	0	lts_1117L_35_01	35	01	0	400	0	0	0	CR	MAX	ACANOL.jpg	ACANOL.jpg	NOKEY	MAX	NOKEY
1447795450916	0	lts_1117L_35_01	35	01	0	401	0	0	0	CR	MAX	ASERVICEB.jpg	ASERVICEB.jpg	NOKEY	MAX	NOKEY
1447795453990	0	lts_1117L_35_01	35	01	0	402	0	0	0	CR	MAX	Atool152.jpg	Atool152.jpg	NOKEY	MAX	NOKEY
1447795457065	0	lts_1117L_35_01	35	01	0	403	0	0	0	CR	MAX	radish.jpg	radish.jpg	NOKEY	MAX	NOKEY
1447795458134	0	lts_1117L_35_01	35	01	0	404	128	1	1	Hit	589	128-3/26428545.thl.jpg	26428545.thl.jpg	SPACE	635	SPACE
1447795461208	0	lts_1117L_35_01	35	01	0	405	0	0	0	CR	MAX	AHUMIDIFI.jpg	AHUMIDIFI.jpg	NOKEY	MAX	NOKEY
1447795462228	0	lts_1117L_35_01	35	01	0	406	16	1	1	Hit	550	16-mul/ADECOSPO4.jpg	ADECOSPO4.jpg	SPACE	585	SPACE
1447795465302	0	lts_1117L_35_01	35	01	0	407	0	0	0	CR	MAX	Awaxlips.jpg	Awaxlips.jpg	NOKEY	MAX	NOKEY
1447795466338	0	lts_1117L_35_01	35	01	0	408	16	1	1	Hit	554	16-mul/22859028.thl.jpg	22859028.thl.jpg	SPACE	602	SPACE
1447795469412	0	lts_1117L_35_01	35	01	0	409	0	0	0	CR	MAX	8/22827408.thl.jpg	22827408.thl.jpg	NOKEY	MAX	NOKEY
1447795472487	0	lts_1117L_35_01	35	01	0	410	0	0	0	CR	MAX	16/Afloppydisk6.jpg	Afloppydisk6.jpg	NOKEY	MAX	NOKEY
1447795475561	0	lts_1117L_35_01	35	01	0	411	0	0	0	CR	MAX	4/AEXECHAIR.jpg	AEXECHAIR.jpg	NOKEY	MAX	NOKEY
1447795478636	0	lts_1117L_35_01	35	01	0	412	0	0	0	CR	MAX	liquid-a.jpg	liquid-a.jpg	NOKEY	MAX	NOKEY
1447795481710	0	lts_1117L_35_01	35	01	0	413	0	0	0	CR	MAX	neckrest.jpg	neckrest.jpg	NOKEY	MAX	NOKEY
1447795484784	0	lts_1117L_35_01	35	01	0	414	0	0	0	CR	MAX	Aoutdoorprop3.jpg	Aoutdoorprop3.jpg	NOKEY	MAX	NOKEY
1447795485937	0	lts_1117L_35_01	35	01	0	415	4	1	1	Hit	672	4-5/AEXECHAIR.jpg	AEXECHAIR.jpg	SPACE	718	SPACE
1447795489011	0	lts_1117L_35_01	35	01	0	416	0	0	0	CR	MAX	26545643.thl.jpg	26545643.thl.jpg	NOKEY	MAX	NOKEY
1447795490081	0	lts_1117L_35_01	35	01	0	417	8	1	1	Hit	586	8-first/22827408.thl.jpg	22827408.thl.jpg	SPACE	635	SPACE
1447795493155	0	lts_1117L_35_01	35	01	0	418	0	0	0	CR	MAX	AGLASSCON.jpg	AGLASSCON.jpg	NOKEY	MAX	NOKEY
1447795496229	0	lts_1117L_35_01	35	01	0	419	0	0	0	CR	MAX	silver-bowl-small.jpg	silver-bowl-small.jpg	NOKEY	MAX	NOKEY
1447795499304	0	lts_1117L_35_01	35	01	0	420	0	0	0	CR	MAX	Acrib12.jpg	Acrib12.jpg	NOKEY	MAX	NOKEY
1447795502378	0	lts_1117L_35_01	35	01	0	421	0	0	0	CR	MAX	8021515.thl.jpg	8021515.thl.jpg	NOKEY	MAX	NOKEY
1447795505452	0	lts_1117L_35_01	35	01	0	422	0	0	0	CR	MAX	1/Ashelf27.jpg	Ashelf27.jpg	NOKEY	MAX	NOKEY
1447795506455	0	lts_1117L_35_01	35	01	0	423	1	1	1	Hit	521	1-1/Ashelf27.jpg	Ashelf27.jpg	SPACE	568	SPACE
1447795509529	0	lts_1117L_35_01	35	01	0	424	0	0	0	CR	MAX	Astroboscope5.jpg	Astroboscope5.jpg	NOKEY	MAX	NOKEY
1447795512604	0	lts_1117L_35_01	35	01	0	425	0	0	0	CR	MAX	ABOX8.jpg	ABOX8.jpg	NOKEY	MAX	NOKEY
1447795513673	0	lts_1117L_35_01	35	01	0	426	16	1	1	Hit	586	16-first/Afloppydisk6.jpg	Afloppydisk6.jpg	SPACE	635	SPACE
1447795516748	0	lts_1117L_35_01	35	01	0	427	0	0	0	CR	MAX	16/22855236.thl.jpg	22855236.thl.jpg	NOKEY	MAX	NOKEY
1447795517683	0	lts_1117L_35_01	35	01	0	428	2	1	1	Hit	460	2-mul/Afloppydisk6.jpg	Afloppydisk6.jpg	SPACE	501	SPACE
1447795520758	0	lts_1117L_35_01	35	01	0	429	0	0	0	CR	MAX	Agiftbag20.jpg	Agiftbag20.jpg	NOKEY	MAX	NOKEY
1447795523832	0	lts_1117L_35_01	35	01	0	430	0	0	0	CR	MAX	1/ADRIARRA2.jpg	ADRIARRA2.jpg	NOKEY	MAX	NOKEY
1447795524834	0	lts_1117L_35_01	35	01	0	431	1	1	1	Hit	532	1-5/ADRIARRA2.jpg	ADRIARRA2.jpg	SPACE	568	SPACE
1447795527908	0	lts_1117L_35_01	35	01	0	432	0	0	0	CR	MAX	AGARBCAN.jpg	AGARBCAN.jpg	NOKEY	MAX	NOKEY
1447795528928	0	lts_1117L_35_01	35	01	0	433	16	1	1	Hit	534	16-mul/22827408.thl.jpg	22827408.thl.jpg	SPACE	585	SPACE
1447795532002	0	lts_1117L_35_01	35	01	0	434	0	0	0	CR	MAX	2/AVACUUM4.jpg	AVACUUM4.jpg	NOKEY	MAX	NOKEY
1447795535076	0	lts_1117L_35_01	35	01	0	435	0	0	0	CR	MAX	ATEARDROP.jpg	ATEARDROP.jpg	NOKEY	MAX	NOKEY
1447795536162	0	lts_1117L_35_01	35	01	0	436	2	1	1	Hit	617	2-12/AVACUUM4.jpg	AVACUUM4.jpg	SPACE	652	SPACE
1447795539237	0	lts_1117L_35_01	35	01	0	437	0	0	0	CR	MAX	Ameatcleaver2.jpg	Ameatcleaver2.jpg	NOKEY	MAX	NOKEY
1447795542311	0	lts_1117L_35_01	35	01	0	438	0	0	0	CR	MAX	Afoodproces22.jpg	Afoodproces22.jpg	NOKEY	MAX	NOKEY
1447795545386	0	lts_1117L_35_01	35	01	0	439	0	0	0	CR	MAX	AWREATH9.jpg	AWREATH9.jpg	NOKEY	MAX	NOKEY
1447795548460	0	lts_1117L_35_01	35	01	0	440	0	0	0	CR	MAX	1/Agame3.jpg	Agame3.jpg	NOKEY	MAX	NOKEY
1447795549463	0	lts_1117L_35_01	35	01	0	441	1	1	1	Hit	533	1-7/Agame3.jpg	Agame3.jpg	SPACE	567	SPACE
1447795550733	0	lts_1117L_35_01	35	01	0	442	0	0	1	FA	790	8018499.thl.jpg	8018499.thl.jpg	SPACE	835	NOKEY
1447795551985	0	lts_1117L_35_01	35	01	0	443	16	1	1	Hit	772	16-first/22855236.thl.jpg	22855236.thl.jpg	SPACE	819	SPACE
1447795555060	0	lts_1117L_35_01	35	01	0	444	0	0	0	CR	MAX	1/Abutanco3.jpg	Abutanco3.jpg	NOKEY	MAX	NOKEY
1447795556062	0	lts_1117L_35_01	35	01	0	445	1	1	1	Hit	533	1-8/Abutanco3.jpg	Abutanco3.jpg	SPACE	569	SPACE
1447795559137	0	lts_1117L_35_01	35	01	0	446	0	0	0	CR	MAX	A52ZX.jpg	A52ZX.jpg	NOKEY	MAX	NOKEY
1447795560139	0	lts_1117L_35_01	35	01	0	447	4	1	1	Hit	531	4-mul/22855236.thl.jpg	22855236.thl.jpg	SPACE	568	SPACE
1447795563214	0	lts_1117L_35_01	35	01	0	448	0	0	0	CR	MAX	Atoothbrush3.jpg	Atoothbrush3.jpg	NOKEY	MAX	NOKEY
1447795566288	0	lts_1117L_35_01	35	01	0	449	0	0	0	CR	MAX	AMELODEON.jpg	AMELODEON.jpg	NOKEY	MAX	NOKEY
1447795604651	0	lts_1117L_35_01	35	01	1	0	0	0	0	CR	MAX	zip-a.jpg	zip-a.jpg	NOKEY	MAX	NOKEY
1447795607725	0	lts_1117L_35_01	35	01	1	1	0	0	0	CR	MAX	Ababybottle15.jpg	Ababybottle15.jpg	NOKEY	MAX	NOKEY
1447795610799	0	lts_1117L_35_01	35	01	1	2	0	0	0	CR	MAX	AANTICOT.jpg	AANTICOT.jpg	NOKEY	MAX	NOKEY
1447795613873	0	lts_1117L_35_01	35	01	1	3	0	0	0	CR	MAX	Adaisies3.jpg	Adaisies3.jpg	NOKEY	MAX	NOKEY
1447795616964	0	lts_1117L_35_01	35	01	1	4	0	0	0	CR	MAX	4/Aallterrain10.jpg	Aallterrain10.jpg	NOKEY	MAX	NOKEY
1447795620039	0	lts_1117L_35_01	35	01	1	5	0	0	0	CR	MAX	ABEARIN12.jpg	ABEARIN12.jpg	NOKEY	MAX	NOKEY
1447795623113	0	lts_1117L_35_01	35	01	1	6	0	0	0	CR	MAX	AHOSPCAR3.jpg	AHOSPCAR3.jpg	NOKEY	MAX	NOKEY
1447795626188	0	lts_1117L_35_01	35	01	1	7	0	0	0	CR	MAX	22861656.thl.jpg	22861656.thl.jpg	NOKEY	MAX	NOKEY
1447795627240	0	lts_1117L_35_01	35	01	1	8	4	1	1	Hit	575	4-5/Aallterrain10.jpg	Aallterrain10.jpg	SPACE	618	SPACE
1447795630315	0	lts_1117L_35_01	35	01	1	9	0	0	0	CR	MAX	2/Apercussion16.jpg	Apercussion16.jpg	NOKEY	MAX	NOKEY
1447795633389	0	lts_1117L_35_01	35	01	1	10	0	0	0	CR	MAX	26440756.thl.jpg	26440756.thl.jpg	NOKEY	MAX	NOKEY
1447795634358	0	lts_1117L_35_01	35	01	1	11	2	1	1	Hit	487	2-1/Apercussion16.jpg	Apercussion16.jpg	SPACE	534	SPACE
1447795637433	0	lts_1117L_35_01	35	01	1	12	0	0	0	CR	MAX	AFRUIT2.jpg	AFRUIT2.jpg	NOKEY	MAX	NOKEY
1447795640507	0	lts_1117L_35_01	35	01	1	13	0	0	0	CR	MAX	Abicycleglove.jpg	Abicycleglove.jpg	NOKEY	MAX	NOKEY
1447795643581	0	lts_1117L_35_01	35	01	1	14	0	0	0	CR	MAX	1/26772824.thl.jpg	26772824.thl.jpg	NOKEY	MAX	NOKEY
1447795644567	0	lts_1117L_35_01	35	01	1	15	1	1	1	Hit	510	1-10/26772824.thl.jpg	26772824.thl.jpg	SPACE	551	SPACE
1447795647642	0	lts_1117L_35_01	35	01	1	16	0	0	0	CR	MAX	4/Agardeningpai.jpg	Agardeningpai.jpg	NOKEY	MAX	NOKEY
1447795650716	0	lts_1117L_35_01	35	01	1	17	0	0	0	CR	MAX	16/ASUSHI8.jpg	ASUSHI8.jpg	NOKEY	MAX	NOKEY
1447795653790	0	lts_1117L_35_01	35	01	1	18	0	0	0	CR	MAX	AGLASSCAS.jpg	AGLASSCAS.jpg	NOKEY	MAX	NOKEY
1447795656864	0	lts_1117L_35_01	35	01	1	19	0	0	0	CR	MAX	8/Abikinitop5.jpg	Abikinitop5.jpg	NOKEY	MAX	NOKEY
1447795657867	0	lts_1117L_35_01	35	01	1	20	4	1	1	Hit	527	4-1/Agardeningpai.jpg	Agardeningpai.jpg	SPACE	568	SPACE
1447795660941	0	lts_1117L_35_01	35	01	1	21	0	0	0	CR	MAX	2/Atoyhelicopte.jpg	Atoyhelicopte.jpg	NOKEY	MAX	NOKEY
1447795664015	0	lts_1117L_35_01	35	01	1	22	0	0	0	CR	MAX	teepee.jpg	teepee.jpg	NOKEY	MAX	NOKEY
1447795664951	0	lts_1117L_35_01	35	01	1	23	2	1	1	Hit	465	2-0/Atoyhelicopte.jpg	Atoyhelicopte.jpg	SPACE	502	SPACE
1447795668026	0	lts_1117L_35_01	35	01	1	24	0	0	0	CR	MAX	Ajacket12.jpg	Ajacket12.jpg	NOKEY	MAX	NOKEY
1447795671100	0	lts_1117L_35_01	35	01	1	25	0	0	0	CR	MAX	AEXIT7.jpg	AEXIT7.jpg	NOKEY	MAX	NOKEY
1447795674174	0	lts_1117L_35_01	35	01	1	26	0	0	0	CR	MAX	APLAQUE.jpg	APLAQUE.jpg	NOKEY	MAX	NOKEY
1447795675194	0	lts_1117L_35_01	35	01	1	27	8	1	1	Hit	536	8-first/Abikinitop5.jpg	Abikinitop5.jpg	SPACE	585	SPACE
1447795678268	0	lts_1117L_35_01	35	01	1	28	0	0	0	CR	MAX	Acrayonsinabo.jpg	Acrayonsinabo.jpg	NOKEY	MAX	NOKEY
1447795679187	0	lts_1117L_35_01	35	01	1	29	2	1	1	Hit	441	2-mul/Abikinitop5.jpg	Abikinitop5.jpg	SPACE	485	SPACE
1447795682261	0	lts_1117L_35_01	35	01	1	30	0	0	0	CR	MAX	16/Abootbinding.jpg	Abootbinding.jpg	NOKEY	MAX	NOKEY
1447795685336	0	lts_1117L_35_01	35	01	1	31	0	0	0	CR	MAX	8/Aindustrialve.jpg	Aindustrialve.jpg	NOKEY	MAX	NOKEY
1447795688410	0	lts_1117L_35_01	35	01	1	32	0	0	0	CR	MAX	Ababycup2.jpg	Ababycup2.jpg	NOKEY	MAX	NOKEY
1447795689379	0	lts_1117L_35_01	35	01	1	33	16	1	1	Hit	490	16-first/ASUSHI8.jpg	ASUSHI8.jpg	SPACE	534	SPACE
1447795692470	0	lts_1117L_35_01	35	01	1	34	0	0	0	CR	MAX	Ababtoy13.jpg	Ababtoy13.jpg	NOKEY	MAX	NOKEY
1447795695561	0	lts_1117L_35_01	35	01	1	35	0	0	0	CR	MAX	Adill.jpg	Adill.jpg	NOKEY	MAX	NOKEY
1447795698652	0	lts_1117L_35_01	35	01	1	36	0	0	0	CR	MAX	8/Aopenbriefcas.jpg	Aopenbriefcas.jpg	NOKEY	MAX	NOKEY
1447795699655	0	lts_1117L_35_01	35	01	1	37	4	1	1	Hit	518	4-mul/ASUSHI8.jpg	ASUSHI8.jpg	SPACE	568	SPACE
1447795702729	0	lts_1117L_35_01	35	01	1	38	0	0	0	CR	MAX	AADZUKIB2.jpg	AADZUKIB2.jpg	NOKEY	MAX	NOKEY
1447795703865	0	lts_1117L_35_01	35	01	1	39	8	1	1	Hit	659	8-0/Aindustrialve.jpg	Aindustrialve.jpg	SPACE	701	SPACE
1447795706939	0	lts_1117L_35_01	35	01	1	40	0	0	0	CR	MAX	2/AFOOTST11.jpg	AFOOTST11.jpg	NOKEY	MAX	NOKEY
1447795710014	0	lts_1117L_35_01	35	01	1	41	0	0	0	CR	MAX	Aeasteregg14.jpg	Aeasteregg14.jpg	NOKEY	MAX	NOKEY
1447795710933	0	lts_1117L_35_01	35	01	1	42	2	1	1	Hit	436	2-8/AFOOTST11.jpg	AFOOTST11.jpg	SPACE	485	SPACE
1447795714007	0	lts_1117L_35_01	35	01	1	43	0	0	0	CR	MAX	petfood.jpg	petfood.jpg	NOKEY	MAX	NOKEY
1447795715160	0	lts_1117L_35_01	35	01	1	44	8	1	1	Hit	679	8-first/Aopenbriefcas.jpg	Aopenbriefcas.jpg	SPACE	718	SPACE
1447795718235	0	lts_1117L_35_01	35	01	1	45	0	0	0	CR	MAX	26420069.thl.jpg	26420069.thl.jpg	NOKEY	MAX	NOKEY
1447795719387	0	lts_1117L_35_01	35	01	1	46	16	1	1	Hit	683	16-first/Abootbinding.jpg	Abootbinding.jpg	SPACE	718	SPACE
1447795722462	0	lts_1117L_35_01	35	01	1	47	0	0	0	CR	MAX	ATRICKTR2.jpg	ATRICKTR2.jpg	NOKEY	MAX	NOKEY
1447795725536	0	lts_1117L_35_01	35	01	1	48	0	0	0	CR	MAX	64/woodvase.jpg	woodvase.jpg	NOKEY	MAX	NOKEY
1447795728611	0	lts_1117L_35_01	35	01	1	49	0	0	0	CR	MAX	4/AASCDESC.jpg	AASCDESC.jpg	NOKEY	MAX	NOKEY
1447795731685	0	lts_1117L_35_01	35	01	1	50	0	0	0	CR	MAX	ATIE16.jpg	ATIE16.jpg	NOKEY	MAX	NOKEY
1447795734759	0	lts_1117L_35_01	35	01	1	51	0	0	0	CR	MAX	Abisontoy.jpg	Abisontoy.jpg	NOKEY	MAX	NOKEY
1447795737833	0	lts_1117L_35_01	35	01	1	52	0	0	0	CR	MAX	APEPPSHA4.jpg	APEPPSHA4.jpg	NOKEY	MAX	NOKEY
1447795739070	0	lts_1117L_35_01	35	01	1	53	4	1	1	Hit	763	4-4/AASCDESC.jpg	AASCDESC.jpg	SPACE	802	SPACE
1447795742144	0	lts_1117L_35_01	35	01	1	54	0	0	0	CR	MAX	16/scrunchie.jpg	scrunchie.jpg	NOKEY	MAX	NOKEY
1447795745219	0	lts_1117L_35_01	35	01	1	55	0	0	0	CR	MAX	AMUSISTA2.jpg	AMUSISTA2.jpg	NOKEY	MAX	NOKEY
1447795748293	0	lts_1117L_35_01	35	01	1	56	0	0	0	CR	MAX	2/8245419.thl.jpg	8245419.thl.jpg	NOKEY	MAX	NOKEY
1447795751367	0	lts_1117L_35_01	35	01	1	57	0	0	0	CR	MAX	32/ASALABOW4.jpg	ASALABOW4.jpg	NOKEY	MAX	NOKEY
1447795752387	0	lts_1117L_35_01	35	01	1	58	2	1	1	Hit	538	2-10/8245419.thl.jpg	8245419.thl.jpg	SPACE	585	SPACE
1447795755461	0	lts_1117L_35_01	35	01	1	59	0	0	0	CR	MAX	128/ASNOWTOY2.jpg	ASNOWTOY2.jpg	NOKEY	MAX	NOKEY
1447795756480	0	lts_1117L_35_01	35	01	1	60	16	1	1	Hit	548	16-mul/Aopenbriefcas.jpg	Aopenbriefcas.jpg	SPACE	584	SPACE
1447795759555	0	lts_1117L_35_01	35	01	1	61	0	0	0	CR	MAX	Akeg6.jpg	Akeg6.jpg	NOKEY	MAX	NOKEY
1447795760607	0	lts_1117L_35_01	35	01	1	62	16	1	1	Hit	579	16-mul/Abootbinding.jpg	Abootbinding.jpg	SPACE	618	SPACE
1447795763682	0	lts_1117L_35_01	35	01	1	63	0	0	0	CR	MAX	2/AWEIGHT7.jpg	AWEIGHT7.jpg	NOKEY	MAX	NOKEY
1447795766756	0	lts_1117L_35_01	35	01	1	64	0	0	0	CR	MAX	4/AWISHWELL.jpg	AWISHWELL.jpg	NOKEY	MAX	NOKEY
1447795767775	0	lts_1117L_35_01	35	01	1	65	2	1	1	Hit	543	2-9/AWEIGHT7.jpg	AWEIGHT7.jpg	SPACE	585	SPACE
1447795770849	0	lts_1117L_35_01	35	01	1	66	0	0	0	CR	MAX	26437080.thl.jpg	26437080.thl.jpg	NOKEY	MAX	NOKEY
1447795773924	0	lts_1117L_35_01	35	01	1	67	0	0	0	CR	MAX	64/Athermosand12.jpg	Athermosand12.jpg	NOKEY	MAX	NOKEY
1447795775010	0	lts_1117L_35_01	35	01	1	68	4	1	1	Hit	607	4-6/AWISHWELL.jpg	AWISHWELL.jpg	SPACE	652	SPACE
1447795778084	0	lts_1117L_35_01	35	01	1	69	0	0	0	CR	MAX	ACEMPOST.jpg	ACEMPOST.jpg	NOKEY	MAX	NOKEY
1447795779137	0	lts_1117L_35_01	35	01	1	70	16	1	1	Hit	582	16-first/scrunchie.jpg	scrunchie.jpg	SPACE	618	SPACE
1447795782211	0	lts_1117L_35_01	35	01	1	71	0	0	0	CR	MAX	AJUG3.jpg	AJUG3.jpg	NOKEY	MAX	NOKEY
1447795785285	0	lts_1117L_35_01	35	01	1	72	0	0	0	CR	MAX	8/AGRAINSI5.jpg	AGRAINSI5.jpg	NOKEY	MAX	NOKEY
1447795788360	0	lts_1117L_35_01	35	01	1	73	0	0	0	CR	MAX	Awatch53.jpg	Awatch53.jpg	NOKEY	MAX	NOKEY
1447795789413	0	lts_1117L_35_01	35	01	1	74	4	1	1	Hit	570	4-mul/scrunchie.jpg	scrunchie.jpg	SPACE	619	SPACE
1447795792487	0	lts_1117L_35_01	35	01	1	75	0	0	0	CR	MAX	ASHADES11.jpg	ASHADES11.jpg	NOKEY	MAX	NOKEY
1447795795561	0	lts_1117L_35_01	35	01	1	76	0	0	0	CR	MAX	1/AMIXER1.jpg	AMIXER1.jpg	NOKEY	MAX	NOKEY
1447795796531	0	lts_1117L_35_01	35	01	1	77	1	1	1	Hit	485	1-7/AMIXER1.jpg	AMIXER1.jpg	SPACE	534	SPACE
1447795799605	0	lts_1117L_35_01	35	01	1	78	0	0	0	CR	MAX	Amixer29.jpg	Amixer29.jpg	NOKEY	MAX	NOKEY
1447795802679	0	lts_1117L_35_01	35	01	1	79	0	0	0	CR	MAX	26684827.thl.jpg	26684827.thl.jpg	NOKEY	MAX	NOKEY
1447795803732	0	lts_1117L_35_01	35	01	1	80	8	1	1	Hit	583	8-first/AGRAINSI5.jpg	AGRAINSI5.jpg	SPACE	618	SPACE
1447795806806	0	lts_1117L_35_01	35	01	1	81	0	0	0	CR	MAX	ACLAM.jpg	ACLAM.jpg	NOKEY	MAX	NOKEY
1447795807842	0	lts_1117L_35_01	35	01	1	82	2	1	1	Hit	552	2-mul/AGRAINSI5.jpg	AGRAINSI5.jpg	SPACE	602	SPACE
1447795810916	0	lts_1117L_35_01	35	01	1	83	0	0	0	CR	MAX	2/Arubberducky2.jpg	Arubberducky2.jpg	NOKEY	MAX	NOKEY
1447795813991	0	lts_1117L_35_01	35	01	1	84	0	0	0	CR	MAX	8/swimmies.jpg	swimmies.jpg	NOKEY	MAX	NOKEY
1447795814993	0	lts_1117L_35_01	35	01	1	85	2	1	1	Hit	528	2-7/Arubberducky2.jpg	Arubberducky2.jpg	SPACE	568	SPACE
1447795818084	0	lts_1117L_35_01	35	01	1	86	0	0	0	CR	MAX	ACIGCUTT.jpg	ACIGCUTT.jpg	NOKEY	MAX	NOKEY
1447795821159	0	lts_1117L_35_01	35	01	1	87	0	0	0	CR	MAX	ATINSTRAP.jpg	ATINSTRAP.jpg	NOKEY	MAX	NOKEY
1447795824233	0	lts_1117L_35_01	35	01	1	88	0	0	0	CR	MAX	AHEATDUCT.jpg	AHEATDUCT.jpg	NOKEY	MAX	NOKEY
1447795825603	0	lts_1117L_35_01	35	01	1	89	32	1	1	Hit	896	32-4/ASALABOW4.jpg	ASALABOW4.jpg	SPACE	936	SPACE
1447795828677	0	lts_1117L_35_01	35	01	1	90	0	0	0	CR	MAX	AELECRAZ7.jpg	AELECRAZ7.jpg	NOKEY	MAX	NOKEY
1447795831751	0	lts_1117L_35_01	35	01	1	91	0	0	0	CR	MAX	Abutterdish.jpg	Abutterdish.jpg	NOKEY	MAX	NOKEY
1447795832854	0	lts_1117L_35_01	35	01	1	92	8	1	1	Hit	630	8-first/swimmies.jpg	swimmies.jpg	SPACE	669	SPACE
1447795835929	0	lts_1117L_35_01	35	01	1	93	0	0	0	CR	MAX	8/whiteboard.jpg	whiteboard.jpg	NOKEY	MAX	NOKEY
1447795837232	0	lts_1117L_35_01	35	01	1	94	00	1	1	Hit	834	00-across/26427903.thl.jpg	26427903.thl.jpg	SPACE	869	SPACE
1447795840307	0	lts_1117L_35_01	35	01	1	95	0	0	0	CR	MAX	ShoeHorn.jpg	ShoeHorn.jpg	NOKEY	MAX	NOKEY
1447795841326	0	lts_1117L_35_01	35	01	1	96	4	1	1	Hit	542	4-mul/swimmies.jpg	swimmies.jpg	SPACE	585	SPACE
1447795844400	0	lts_1117L_35_01	35	01	1	97	0	0	0	CR	MAX	Azucchini9.jpg	Azucchini9.jpg	NOKEY	MAX	NOKEY
1447795847475	0	lts_1117L_35_01	35	01	1	98	0	0	0	CR	MAX	ATELESCO2.jpg	ATELESCO2.jpg	NOKEY	MAX	NOKEY
1447795848777	0	lts_1117L_35_01	35	01	1	99	00	1	1	Hit	825	00-across/22903148.thl.jpg	22903148.thl.jpg	SPACE	869	SPACE
1447795851852	0	lts_1117L_35_01	35	01	1	100	0	0	0	CR	MAX	Abasketofbrea.jpg	Abasketofbrea.jpg	NOKEY	MAX	NOKEY
1447795852988	0	lts_1117L_35_01	35	01	1	101	8	1	1	Hit	662	8-2/whiteboard.jpg	whiteboard.jpg	SPACE	702	SPACE
1447795856062	0	lts_1117L_35_01	35	01	1	102	0	0	0	CR	MAX	ALOOFA.jpg	ALOOFA.jpg	NOKEY	MAX	NOKEY
1447795857132	0	lts_1117L_35_01	35	01	1	103	00	1	1	Hit	585	00-across/ADIPPER6.jpg	ADIPPER6.jpg	SPACE	635	SPACE
1447795860206	0	lts_1117L_35_01	35	01	1	104	0	0	0	CR	MAX	26423242.thl.jpg	26423242.thl.jpg	NOKEY	MAX	NOKEY
1447795863281	0	lts_1117L_35_01	35	01	1	105	0	0	0	CR	MAX	2/Asewingpins.jpg	Asewingpins.jpg	NOKEY	MAX	NOKEY
1447795866355	0	lts_1117L_35_01	35	01	1	106	0	0	0	CR	MAX	DSCN3767-sm.jpg	DSCN3767-sm.jpg	NOKEY	MAX	NOKEY
1447795867391	0	lts_1117L_35_01	35	01	1	107	2	1	1	Hit	565	2-3/Asewingpins.jpg	Asewingpins.jpg	SPACE	601	SPACE
1447795870465	0	lts_1117L_35_01	35	01	1	108	0	0	0	CR	MAX	AWOODSPAT.jpg	AWOODSPAT.jpg	NOKEY	MAX	NOKEY
1447795873540	0	lts_1117L_35_01	35	01	1	109	0	0	0	CR	MAX	slide.jpg	slide.jpg	NOKEY	MAX	NOKEY
1447795876614	0	lts_1117L_35_01	35	01	1	110	0	0	0	CR	MAX	Aantiquebuck2.jpg	Aantiquebuck2.jpg	NOKEY	MAX	NOKEY
1447795879688	0	lts_1117L_35_01	35	01	1	111	0	0	0	CR	MAX	ACASTANET.jpg	ACASTANET.jpg	NOKEY	MAX	NOKEY
1447795880824	0	lts_1117L_35_01	35	01	1	112	64	1	1	Hit	661	64-first/woodvase.jpg	woodvase.jpg	SPACE	702	SPACE
1447795883899	0	lts_1117L_35_01	35	01	1	113	0	0	0	CR	MAX	64/ABOTTLE19.jpg	ABOTTLE19.jpg	NOKEY	MAX	NOKEY
1447795885018	0	lts_1117L_35_01	35	01	1	114	2	1	1	Hit	636	2-mul/woodvase.jpg	woodvase.jpg	SPACE	686	SPACE
1447795886439	0	lts_1117L_35_01	35	01	1	115	0	0	1	FA	943	32/ACANE2.jpg	ACANE2.jpg	SPACE	985	NOKEY
1447795889513	0	lts_1117L_35_01	35	01	1	116	0	0	0	CR	MAX	Acampingtoolk.jpg	Acampingtoolk.jpg	NOKEY	MAX	NOKEY
1447795892588	0	lts_1117L_35_01	35	01	1	117	0	0	0	CR	MAX	1/A_chocolate.jpg	A_chocolate.jpg	NOKEY	MAX	NOKEY
1447795893823	0	lts_1117L_35_01	35	01	1	118	1	1	1	Hit	752	1-13/A_chocolate.jpg	A_chocolate.jpg	SPACE	802	SPACE
1447795896898	0	lts_1117L_35_01	35	01	1	119	0	0	0	CR	MAX	8/sntslrc.jpg	sntslrc.jpg	NOKEY	MAX	NOKEY
1447795899972	0	lts_1117L_35_01	35	01	1	120	0	0	0	CR	MAX	2/AWATERJU3.jpg	AWATERJU3.jpg	NOKEY	MAX	NOKEY
1447795903047	0	lts_1117L_35_01	35	01	1	121	0	0	0	CR	MAX	26374055.thl.jpg	26374055.thl.jpg	NOKEY	MAX	NOKEY
1447795904016	0	lts_1117L_35_01	35	01	1	122	2	1	1	Hit	498	2-11/AWATERJU3.jpg	AWATERJU3.jpg	SPACE	535	SPACE
1447795907090	0	lts_1117L_35_01	35	01	1	123	0	0	0	CR	MAX	ADOCKPOST.jpg	ADOCKPOST.jpg	NOKEY	MAX	NOKEY
1447795910164	0	lts_1117L_35_01	35	01	1	124	0	0	0	CR	MAX	26426575.thl.jpg	26426575.thl.jpg	NOKEY	MAX	NOKEY
1447795913239	0	lts_1117L_35_01	35	01	1	125	0	0	0	CR	MAX	APUTTER.jpg	APUTTER.jpg	NOKEY	MAX	NOKEY
1447795916313	0	lts_1117L_35_01	35	01	1	126	0	0	0	CR	MAX	ATRIANGL2.jpg	ATRIANGL2.jpg	NOKEY	MAX	NOKEY
1447795917416	0	lts_1117L_35_01	35	01	1	127	8	1	1	Hit	620	8-first/sntslrc.jpg	sntslrc.jpg	SPACE	668	SPACE
1447795920490	0	lts_1117L_35_01	35	01	1	128	0	0	0	CR	MAX	32/Abackpack11.jpg	Abackpack11.jpg	NOKEY	MAX	NOKEY
1447795921593	0	lts_1117L_35_01	35	01	1	129	00	1	1	Hit	619	00-across/Abird5.jpg	Abird5.jpg	SPACE	668	SPACE
1447795924667	0	lts_1117L_35_01	35	01	1	130	0	0	0	CR	MAX	32/AEXERCBIK.jpg	AEXERCBIK.jpg	NOKEY	MAX	NOKEY
1447795925820	0	lts_1117L_35_01	35	01	1	131	64	1	1	Hit	683	64-first/Athermosand12.jpg	Athermosand12.jpg	SPACE	719	SPACE
1447795928894	0	lts_1117L_35_01	35	01	1	132	0	0	0	CR	MAX	Abloodorange.jpg	Abloodorange.jpg	NOKEY	MAX	NOKEY
1447795931969	0	lts_1117L_35_01	35	01	1	133	0	0	0	CR	MAX	16/Areceptacle3.jpg	Areceptacle3.jpg	NOKEY	MAX	NOKEY
1447795935043	0	lts_1117L_35_01	35	01	1	134	0	0	0	CR	MAX	128/26427609.thl.jpg	26427609.thl.jpg	NOKEY	MAX	NOKEY
1447795936113	0	lts_1117L_35_01	35	01	1	135	4	1	1	Hit	586	4-mul/Athermosand12.jpg	Athermosand12.jpg	SPACE	635	SPACE
1447795939187	0	lts_1117L_35_01	35	01	1	136	0	0	0	CR	MAX	1/ATALSTAN3.jpg	ATALSTAN3.jpg	NOKEY	MAX	NOKEY
1447795940173	0	lts_1117L_35_01	35	01	1	137	1	1	1	Hit	505	1-12/ATALSTAN3.jpg	ATALSTAN3.jpg	SPACE	551	SPACE
1447795941643	0	lts_1117L_35_01	35	01	1	138	0	0	1	FA	988	Aclamp62.jpg	Aclamp62.jpg	SPACE	1036	NOKEY
1447795944717	0	lts_1117L_35_01	35	01	1	139	0	0	0	CR	MAX	AGOLDCUP6.jpg	AGOLDCUP6.jpg	NOKEY	MAX	NOKEY
1447795947792	0	lts_1117L_35_01	35	01	1	140	0	0	0	CR	MAX	64/Acastle22.jpg	Acastle22.jpg	NOKEY	MAX	NOKEY
1447795950866	0	lts_1117L_35_01	35	01	1	141	0	0	0	CR	MAX	26369923.thl.jpg	26369923.thl.jpg	NOKEY	MAX	NOKEY
1447795953941	0	lts_1117L_35_01	35	01	1	142	0	0	0	CR	MAX	Awinecase.jpg	Awinecase.jpg	NOKEY	MAX	NOKEY
1447795954976	0	lts_1117L_35_01	35	01	1	143	16	1	1	Hit	560	16-mul/sntslrc.jpg	sntslrc.jpg	SPACE	602	SPACE
1447795958051	0	lts_1117L_35_01	35	01	1	144	0	0	0	CR	MAX	1/dragon.jpg	dragon.jpg	NOKEY	MAX	NOKEY
1447795959003	0	lts_1117L_35_01	35	01	1	145	1	1	1	Hit	474	1-1/dragon.jpg	dragon.jpg	SPACE	518	SPACE
1447795962078	0	lts_1117L_35_01	35	01	1	146	0	0	0	CR	MAX	8/ACONBENCH.jpg	ACONBENCH.jpg	NOKEY	MAX	NOKEY
1447795963080	0	lts_1117L_35_01	35	01	1	147	32	1	1	Hit	531	32-1/ACANE2.jpg	ACANE2.jpg	SPACE	568	SPACE
1447795966155	0	lts_1117L_35_01	35	01	1	148	0	0	0	CR	MAX	Aflower104.jpg	Aflower104.jpg	NOKEY	MAX	NOKEY
1447795967291	0	lts_1117L_35_01	35	01	1	149	16	1	1	Hit	663	16-first/Areceptacle3.jpg	Areceptacle3.jpg	SPACE	702	SPACE
1447795970365	0	lts_1117L_35_01	35	01	1	150	0	0	0	CR	MAX	22859796.thl.jpg	22859796.thl.jpg	NOKEY	MAX	NOKEY
1447795971635	0	lts_1117L_35_01	35	01	1	151	2	1	1	Hit	787	2-mul/Areceptacle3.jpg	Areceptacle3.jpg	SPACE	835	SPACE
1447795974709	0	lts_1117L_35_01	35	01	1	152	0	0	0	CR	MAX	Adrinkinggl21.jpg	Adrinkinggl21.jpg	NOKEY	MAX	NOKEY
1447795977783	0	lts_1117L_35_01	35	01	1	153	0	0	0	CR	MAX	Aantiquemailb.jpg	Aantiquemailb.jpg	NOKEY	MAX	NOKEY
1447795978870	0	lts_1117L_35_01	35	01	1	154	8	1	1	Hit	607	8-first/ACONBENCH.jpg	ACONBENCH.jpg	SPACE	652	SPACE
1447795981944	0	lts_1117L_35_01	35	01	1	155	0	0	0	CR	MAX	26423873.thl.jpg	26423873.thl.jpg	NOKEY	MAX	NOKEY
1447795982980	0	lts_1117L_35_01	35	01	1	156	2	1	1	Hit	560	2-mul/ACONBENCH.jpg	ACONBENCH.jpg	SPACE	602	SPACE
1447795986054	0	lts_1117L_35_01	35	01	1	157	0	0	0	CR	MAX	AWOODFLUT.jpg	AWOODFLUT.jpg	NOKEY	MAX	NOKEY
1447795989129	0	lts_1117L_35_01	35	01	1	158	0	0	0	CR	MAX	ACOFGRIN2.jpg	ACOFGRIN2.jpg	NOKEY	MAX	NOKEY
1447795990933	0	lts_1117L_35_01	35	01	1	159	0	0	1	FA	1327	ARETRACT2.jpg	ARETRACT2.jpg	SPACE	1370	NOKEY
1447795992119	0	lts_1117L_35_01	35	01	1	160	32	1	1	Hit	702	32-9/Abackpack11.jpg	Abackpack11.jpg	SPACE	751	SPACE
1447795995194	0	lts_1117L_35_01	35	01	1	161	0	0	0	CR	MAX	8021743.thl.jpg	8021743.thl.jpg	NOKEY	MAX	NOKEY
1447795996263	0	lts_1117L_35_01	35	01	1	162	32	1	1	Hit	594	32-3/AEXERCBIK.jpg	AEXERCBIK.jpg	SPACE	635	SPACE
1447795999338	0	lts_1117L_35_01	35	01	1	163	0	0	0	CR	MAX	ACURLER.jpg	ACURLER.jpg	NOKEY	MAX	NOKEY
1447796002412	0	lts_1117L_35_01	35	01	1	164	0	0	0	CR	MAX	1/Abowlofpasta.jpg	Abowlofpasta.jpg	NOKEY	MAX	NOKEY
1447796003381	0	lts_1117L_35_01	35	01	1	165	1	1	1	Hit	489	1-5/Abowlofpasta.jpg	Abowlofpasta.jpg	SPACE	535	SPACE
1447796006455	0	lts_1117L_35_01	35	01	1	166	0	0	0	CR	MAX	ASTOOL.jpg	ASTOOL.jpg	NOKEY	MAX	NOKEY
1447796007909	0	lts_1117L_35_01	35	01	1	167	00	1	1	Hit	974	00-across/Ahawk3.jpg	Ahawk3.jpg	SPACE	1019	SPACE
1447796010983	0	lts_1117L_35_01	35	01	1	168	0	0	0	CR	MAX	16/A_coin.jpg	A_coin.jpg	NOKEY	MAX	NOKEY
1447796014058	0	lts_1117L_35_01	35	01	1	169	0	0	0	CR	MAX	64/ALAZQUART.jpg	ALAZQUART.jpg	NOKEY	MAX	NOKEY
1447796017132	0	lts_1117L_35_01	35	01	1	170	0	0	0	CR	MAX	AARTIVE6.jpg	AARTIVE6.jpg	NOKEY	MAX	NOKEY
1447796020206	0	lts_1117L_35_01	35	01	1	171	0	0	0	CR	MAX	2/Araisins4.jpg	Araisins4.jpg	NOKEY	MAX	NOKEY
1447796023281	0	lts_1117L_35_01	35	01	1	172	0	0	0	CR	MAX	22851864.thl.jpg	22851864.thl.jpg	NOKEY	MAX	NOKEY
1447796024200	0	lts_1117L_35_01	35	01	1	173	2	1	1	Hit	449	2-2/Araisins4.jpg	Araisins4.jpg	SPACE	485	SPACE
1447796027274	0	lts_1117L_35_01	35	01	1	174	0	0	0	CR	MAX	26432217.thl.jpg	26432217.thl.jpg	NOKEY	MAX	NOKEY
1447796030349	0	lts_1117L_35_01	35	01	1	175	0	0	0	CR	MAX	Ascale60.jpg	Ascale60.jpg	NOKEY	MAX	NOKEY
1447796033423	0	lts_1117L_35_01	35	01	1	176	0	0	0	CR	MAX	22923524.thl.jpg	22923524.thl.jpg	NOKEY	MAX	NOKEY
1447796034492	0	lts_1117L_35_01	35	01	1	177	64	1	1	Hit	596	64-first/ABOTTLE19.jpg	ABOTTLE19.jpg	SPACE	635	SPACE
1447796037567	0	lts_1117L_35_01	35	01	1	178	0	0	0	CR	MAX	22886412.thl.jpg	22886412.thl.jpg	NOKEY	MAX	NOKEY
1447796038602	0	lts_1117L_35_01	35	01	1	179	2	1	1	Hit	552	2-mul/ABOTTLE19.jpg	ABOTTLE19.jpg	SPACE	601	SPACE
1447796041693	0	lts_1117L_35_01	35	01	1	180	0	0	0	CR	MAX	Apenandcase10.jpg	Apenandcase10.jpg	NOKEY	MAX	NOKEY
1447796044768	0	lts_1117L_35_01	35	01	1	181	0	0	0	CR	MAX	Alifeves2.jpg	Alifeves2.jpg	NOKEY	MAX	NOKEY
1447796047842	0	lts_1117L_35_01	35	01	1	182	0	0	0	CR	MAX	ABUMBBE2.jpg	ABUMBBE2.jpg	NOKEY	MAX	NOKEY
1447796050916	0	lts_1117L_35_01	35	01	1	183	0	0	0	CR	MAX	26424291.thl.jpg	26424291.thl.jpg	NOKEY	MAX	NOKEY
1447796052002	0	lts_1117L_35_01	35	01	1	184	16	1	1	Hit	613	16-first/A_coin.jpg	A_coin.jpg	SPACE	652	SPACE
1447796055077	0	lts_1117L_35_01	35	01	1	185	0	0	0	CR	MAX	marshmallows.jpg	marshmallows.jpg	NOKEY	MAX	NOKEY
1447796058151	0	lts_1117L_35_01	35	01	1	186	0	0	0	CR	MAX	Astaplegun3.jpg	Astaplegun3.jpg	NOKEY	MAX	NOKEY
1447796061226	0	lts_1117L_35_01	35	01	1	187	128	1	0	Miss	MAX	128-3/ASNOWTOY2.jpg	ASNOWTOY2.jpg	NOKEY	MAX	SPACE
1447796064300	0	lts_1117L_35_01	35	01	1	188	0	0	0	CR	MAX	948_01.jpg	948_01.jpg	NOKEY	MAX	NOKEY
1447796067374	0	lts_1117L_35_01	35	01	1	189	0	0	0	CR	MAX	Aroadsignin15.jpg	Aroadsignin15.jpg	NOKEY	MAX	NOKEY
1447796070449	0	lts_1117L_35_01	35	01	1	190	0	0	0	CR	MAX	8/babyseatback.jpg	babyseatback.jpg	NOKEY	MAX	NOKEY
1447796073523	0	lts_1117L_35_01	35	01	1	191	0	0	0	CR	MAX	AGOLFIRON.jpg	AGOLFIRON.jpg	NOKEY	MAX	NOKEY
1447796076597	0	lts_1117L_35_01	35	01	1	192	0	0	0	CR	MAX	ACURLIR13.jpg	ACURLIR13.jpg	NOKEY	MAX	NOKEY
1447796079672	0	lts_1117L_35_01	35	01	1	193	0	0	0	CR	MAX	128/gymbars.jpg	gymbars.jpg	NOKEY	MAX	NOKEY
1447796082746	0	lts_1117L_35_01	35	01	1	194	0	0	0	CR	MAX	ABALLBEAR.jpg	ABALLBEAR.jpg	NOKEY	MAX	NOKEY
1447796085837	0	lts_1117L_35_01	35	01	1	195	0	0	0	CR	MAX	64/Apartyha3.jpg	Apartyha3.jpg	NOKEY	MAX	NOKEY
1447796088911	0	lts_1117L_35_01	35	01	1	196	0	0	0	CR	MAX	Aantiquerota7.jpg	Aantiquerota7.jpg	NOKEY	MAX	NOKEY
1447796091986	0	lts_1117L_35_01	35	01	1	197	0	0	0	CR	MAX	16/ACAT6.jpg	ACAT6.jpg	NOKEY	MAX	NOKEY
1447796093172	0	lts_1117L_35_01	35	01	1	198	8	1	1	Hit	701	8-first/babyseatback.jpg	babyseatback.jpg	SPACE	752	SPACE
1447796096247	0	lts_1117L_35_01	35	01	1	199	0	0	0	CR	MAX	32/Afeatherdust2.jpg	Afeatherdust2.jpg	NOKEY	MAX	NOKEY
1447796097266	0	lts_1117L_35_01	35	01	1	200	16	1	1	Hit	534	16-mul/A_coin.jpg	A_coin.jpg	SPACE	585	SPACE
1447796100340	0	lts_1117L_35_01	35	01	1	201	0	0	0	CR	MAX	Abluebabybug4.jpg	Abluebabybug4.jpg	NOKEY	MAX	NOKEY
1447796101343	0	lts_1117L_35_01	35	01	1	202	4	1	1	Hit	521	4-mul/babyseatback.jpg	babyseatback.jpg	SPACE	568	SPACE
1447796104417	0	lts_1117L_35_01	35	01	1	203	0	0	0	CR	MAX	128/AGOOSNEC2.jpg	AGOOSNEC2.jpg	NOKEY	MAX	NOKEY
1447796105503	0	lts_1117L_35_01	35	01	1	204	64	1	1	Hit	604	64-first/Acastle22.jpg	Acastle22.jpg	SPACE	651	SPACE
1447796108577	0	lts_1117L_35_01	35	01	1	205	0	0	0	CR	MAX	A1991CHE7.jpg	A1991CHE7.jpg	NOKEY	MAX	NOKEY
1447796111651	0	lts_1117L_35_01	35	01	1	206	0	0	0	CR	MAX	26455774.thl.jpg	26455774.thl.jpg	NOKEY	MAX	NOKEY
1447796114726	0	lts_1117L_35_01	35	01	1	207	0	0	0	CR	MAX	16/ACAMPSTOO.jpg	ACAMPSTOO.jpg	NOKEY	MAX	NOKEY
1447796117800	0	lts_1117L_35_01	35	01	1	208	0	0	0	CR	MAX	Achair1260.jpg	Achair1260.jpg	NOKEY	MAX	NOKEY
1447796119003	0	lts_1117L_35_01	35	01	1	209	0	0	1	FA	727	128/potato.jpg	potato.jpg	SPACE	768	NOKEY
1447796120591	0	lts_1117L_35_01	35	01	1	210	00	1	1	Hit	1109	00-across/Achair618.jpg	Achair618.jpg	SPACE	1153	SPACE
1447796123665	0	lts_1117L_35_01	35	01	1	211	0	0	0	CR	MAX	AEIFFELTO.jpg	AEIFFELTO.jpg	NOKEY	MAX	NOKEY
1447796126739	0	lts_1117L_35_01	35	01	1	212	0	0	0	CR	MAX	Atwowayradio2.jpg	Atwowayradio2.jpg	NOKEY	MAX	NOKEY
1447796127758	0	lts_1117L_35_01	35	01	1	213	16	1	1	Hit	550	16-1/ACAT6.jpg	ACAT6.jpg	SPACE	585	SPACE
1447796130833	0	lts_1117L_35_01	35	01	1	214	0	0	0	CR	MAX	Agiraffetoy3.jpg	Agiraffetoy3.jpg	NOKEY	MAX	NOKEY
1447796133907	0	lts_1117L_35_01	35	01	1	215	0	0	0	CR	MAX	2/36407685.thl.jpg	36407685.thl.jpg	NOKEY	MAX	NOKEY
1447796136982	0	lts_1117L_35_01	35	01	1	216	0	0	0	CR	MAX	E_helicopter.jpg	E_helicopter.jpg	NOKEY	MAX	NOKEY
1447796138018	0	lts_1117L_35_01	35	01	1	217	2	1	1	Hit	563	2-5/36407685.thl.jpg	36407685.thl.jpg	SPACE	602	SPACE
1447796141092	0	lts_1117L_35_01	35	01	1	218	0	0	0	CR	MAX	Aancientstat4.jpg	Aancientstat4.jpg	NOKEY	MAX	NOKEY
1447796144166	0	lts_1117L_35_01	35	01	1	219	0	0	0	CR	MAX	ATOILROL2.jpg	ATOILROL2.jpg	NOKEY	MAX	NOKEY
1447796145186	0	lts_1117L_35_01	35	01	1	220	16	1	1	Hit	544	16-mul/Acastle22.jpg	Acastle22.jpg	SPACE	585	SPACE
1447796148260	0	lts_1117L_35_01	35	01	1	221	0	0	0	CR	MAX	Acocktailumb4.jpg	Acocktailumb4.jpg	NOKEY	MAX	NOKEY
1447796151334	0	lts_1117L_35_01	35	01	1	222	0	0	0	CR	MAX	AWOODPIN.jpg	AWOODPIN.jpg	NOKEY	MAX	NOKEY
1447796153239	0	lts_1117L_35_01	35	01	1	223	16	1	1	Hit	1422	16-first/ACAMPSTOO.jpg	ACAMPSTOO.jpg	SPACE	1470	SPACE
1447796156313	0	lts_1117L_35_01	35	01	1	224	0	0	0	CR	MAX	Aowl8.jpg	Aowl8.jpg	NOKEY	MAX	NOKEY
1447796157299	0	lts_1117L_35_01	35	01	1	225	2	1	1	Hit	513	2-mul/ACAMPSTOO.jpg	ACAMPSTOO.jpg	SPACE	551	SPACE
1447796160374	0	lts_1117L_35_01	35	01	1	226	0	0	0	CR	MAX	AELECSAW.jpg	AELECSAW.jpg	NOKEY	MAX	NOKEY
1447796163448	0	lts_1117L_35_01	35	01	1	227	0	0	0	CR	MAX	1/AFILEFOL4.jpg	AFILEFOL4.jpg	NOKEY	MAX	NOKEY
1447796164400	0	lts_1117L_35_01	35	01	1	228	1	1	1	Hit	482	1-6/AFILEFOL4.jpg	AFILEFOL4.jpg	SPACE	517	SPACE
1447796167475	0	lts_1117L_35_01	35	01	1	229	0	0	0	CR	MAX	caramel.jpg	caramel.jpg	NOKEY	MAX	NOKEY
1447796170549	0	lts_1117L_35_01	35	01	1	230	0	0	0	CR	MAX	Atool198.jpg	Atool198.jpg	NOKEY	MAX	NOKEY
1447796171551	0	lts_1117L_35_01	35	01	1	231	32	1	1	Hit	529	32-7/Afeatherdust2.jpg	Afeatherdust2.jpg	SPACE	569	SPACE
1447796174626	0	lts_1117L_35_01	35	01	1	232	0	0	0	CR	MAX	8/Amanatee2.jpg	Amanatee2.jpg	NOKEY	MAX	NOKEY
1447796175712	0	lts_1117L_35_01	35	01	1	233	64	1	1	Hit	605	64-first/ALAZQUART.jpg	ALAZQUART.jpg	SPACE	652	SPACE
1447796178786	0	lts_1117L_35_01	35	01	1	234	0	0	0	CR	MAX	Acup29.jpg	Acup29.jpg	NOKEY	MAX	NOKEY
1447796179855	0	lts_1117L_35_01	35	01	1	235	0	0	1	FA	593	Akiwifruit6.jpg	Akiwifruit6.jpg	SPACE	635	NOKEY
1447796182930	0	lts_1117L_35_01	35	01	1	236	0	0	0	CR	MAX	23077768.thl.jpg	23077768.thl.jpg	NOKEY	MAX	NOKEY
1447796183966	0	lts_1117L_35_01	35	01	1	237	4	1	1	Hit	556	4-mul/ALAZQUART.jpg	ALAZQUART.jpg	SPACE	602	SPACE
1447796187040	0	lts_1117L_35_01	35	01	1	238	0	0	0	CR	MAX	A3bday5.jpg	A3bday5.jpg	NOKEY	MAX	NOKEY
1447796190115	0	lts_1117L_35_01	35	01	1	239	0	0	0	CR	MAX	AANTHAT2.jpg	AANTHAT2.jpg	NOKEY	MAX	NOKEY
1447796191251	0	lts_1117L_35_01	35	01	1	240	8	1	1	Hit	656	8-1/Amanatee2.jpg	Amanatee2.jpg	SPACE	702	SPACE
1447796194325	0	lts_1117L_35_01	35	01	1	241	0	0	0	CR	MAX	22903568.thl.jpg	22903568.thl.jpg	NOKEY	MAX	NOKEY
1447796197400	0	lts_1117L_35_01	35	01	1	242	0	0	0	CR	MAX	Ahotdogplain.jpg	Ahotdogplain.jpg	NOKEY	MAX	NOKEY
1447796200474	0	lts_1117L_35_01	35	01	1	243	00	1	0	Miss	MAX	00-across/ACAESALAD.jpg	ACAESALAD.jpg	NOKEY	MAX	SPACE
1447796203548	0	lts_1117L_35_01	35	01	1	244	0	0	0	CR	MAX	8021822.thl.jpg	8021822.thl.jpg	NOKEY	MAX	NOKEY
1447796206622	0	lts_1117L_35_01	35	01	1	245	0	0	0	CR	MAX	32/AWHISTLE4.jpg	AWHISTLE4.jpg	NOKEY	MAX	NOKEY
1447796209697	0	lts_1117L_35_01	35	01	1	246	0	0	0	CR	MAX	AFISHHOO9.jpg	AFISHHOO9.jpg	NOKEY	MAX	NOKEY
1447796212771	0	lts_1117L_35_01	35	01	1	247	0	0	0	CR	MAX	64/ATUNFORK2.jpg	ATUNFORK2.jpg	NOKEY	MAX	NOKEY
1447796215845	0	lts_1117L_35_01	35	01	1	248	0	0	0	CR	MAX	1/AGLASSBAL.jpg	AGLASSBAL.jpg	NOKEY	MAX	NOKEY
1447796216865	0	lts_1117L_35_01	35	01	1	249	1	1	1	Hit	543	1-0/AGLASSBAL.jpg	AGLASSBAL.jpg	SPACE	585	SPACE
1447796219939	0	lts_1117L_35_01	35	01	1	250	0	0	0	CR	MAX	AELEPHAN7.jpg	AELEPHAN7.jpg	NOKEY	MAX	NOKEY
1447796223013	0	lts_1117L_35_01	35	01	1	251	0	0	0	CR	MAX	ewok.jpg	ewok.jpg	NOKEY	MAX	NOKEY
1447796226105	0	lts_1117L_35_01	35	01	1	252	0	0	0	CR	MAX	1/Afirstaidkit3.jpg	Afirstaidkit3.jpg	NOKEY	MAX	NOKEY
1447796227107	0	lts_1117L_35_01	35	01	1	253	1	1	1	Hit	529	1-8/Afirstaidkit3.jpg	Afirstaidkit3.jpg	SPACE	568	SPACE
1447796230182	0	lts_1117L_35_01	35	01	1	254	0	0	0	CR	MAX	AREEL.jpg	AREEL.jpg	NOKEY	MAX	NOKEY
1447796233256	0	lts_1117L_35_01	35	01	1	255	0	0	0	CR	MAX	1/26433942.thl.jpg	26433942.thl.jpg	NOKEY	MAX	NOKEY
1447796234342	0	lts_1117L_35_01	35	01	1	256	1	1	1	Hit	610	1-3/26433942.thl.jpg	26433942.thl.jpg	SPACE	652	SPACE
1447796237416	0	lts_1117L_35_01	35	01	1	257	0	0	0	CR	MAX	Achest20.jpg	Achest20.jpg	NOKEY	MAX	NOKEY
1447796240491	0	lts_1117L_35_01	35	01	1	258	0	0	0	CR	MAX	22911908.thl.jpg	22911908.thl.jpg	NOKEY	MAX	NOKEY
1447796241660	0	lts_1117L_35_01	35	01	1	259	64	1	1	Hit	699	64-first/Apartyha3.jpg	Apartyha3.jpg	SPACE	735	SPACE
1447796244734	0	lts_1117L_35_01	35	01	1	260	0	0	0	CR	MAX	Aantiquesofa4.jpg	Aantiquesofa4.jpg	NOKEY	MAX	NOKEY
1447796247809	0	lts_1117L_35_01	35	01	1	261	0	0	0	CR	MAX	23016235.thl.jpg	23016235.thl.jpg	NOKEY	MAX	NOKEY
1447796248878	0	lts_1117L_35_01	35	01	1	262	128	1	1	Hit	588	128-0/26427609.thl.jpg	26427609.thl.jpg	SPACE	635	SPACE
1447796251952	0	lts_1117L_35_01	35	01	1	263	0	0	0	CR	MAX	26428753.thl.jpg	26428753.thl.jpg	NOKEY	MAX	NOKEY
1447796255027	0	lts_1117L_35_01	35	01	1	264	0	0	0	CR	MAX	Aclowguit.jpg	Aclowguit.jpg	NOKEY	MAX	NOKEY
1447796258101	0	lts_1117L_35_01	35	01	1	265	0	0	0	CR	MAX	Acomputerdes8.jpg	Acomputerdes8.jpg	NOKEY	MAX	NOKEY
1447796261176	0	lts_1117L_35_01	35	01	1	266	0	0	0	CR	MAX	03015528000.jpg	03015528000.jpg	NOKEY	MAX	NOKEY
1447796264250	0	lts_1117L_35_01	35	01	1	267	0	0	0	CR	MAX	AWALLEYE2.jpg	AWALLEYE2.jpg	NOKEY	MAX	NOKEY
1447796267325	0	lts_1117L_35_01	35	01	1	268	0	0	0	CR	MAX	ACEILHOOK.jpg	ACEILHOOK.jpg	NOKEY	MAX	NOKEY
1447796270399	0	lts_1117L_35_01	35	01	1	269	0	0	0	CR	MAX	Avacuum20.jpg	Avacuum20.jpg	NOKEY	MAX	NOKEY
1447796273473	0	lts_1117L_35_01	35	01	1	270	0	0	0	CR	MAX	ADANGEAR5.jpg	ADANGEAR5.jpg	NOKEY	MAX	NOKEY
1447796276547	0	lts_1117L_35_01	35	01	1	271	0	0	0	CR	MAX	2/AELEAGEN3.jpg	AELEAGEN3.jpg	NOKEY	MAX	NOKEY
1447796279622	0	lts_1117L_35_01	35	01	1	272	0	0	0	CR	MAX	32/Aantiquehat4.jpg	Aantiquehat4.jpg	NOKEY	MAX	NOKEY
1447796280724	0	lts_1117L_35_01	35	01	1	273	2	1	1	Hit	623	2-12/AELEAGEN3.jpg	AELEAGEN3.jpg	SPACE	669	SPACE
1447796283799	0	lts_1117L_35_01	35	01	1	274	0	0	0	CR	MAX	Astampandseal.jpg	Astampandseal.jpg	NOKEY	MAX	NOKEY
1447796284818	0	lts_1117L_35_01	35	01	1	275	16	1	1	Hit	535	16-mul/Apartyha3.jpg	Apartyha3.jpg	SPACE	585	SPACE
1447796287892	0	lts_1117L_35_01	35	01	1	276	0	0	0	CR	MAX	4/AATOMODEL.jpg	AATOMODEL.jpg	NOKEY	MAX	NOKEY
1447796288978	0	lts_1117L_35_01	35	01	1	277	32	1	1	Hit	607	32-8/AWHISTLE4.jpg	AWHISTLE4.jpg	SPACE	651	SPACE
1447796292053	0	lts_1117L_35_01	35	01	1	278	0	0	0	CR	MAX	128/ACOCONUT2.jpg	ACOCONUT2.jpg	NOKEY	MAX	NOKEY
1447796295127	0	lts_1117L_35_01	35	01	1	279	0	0	0	CR	MAX	Ablanket2.jpg	Ablanket2.jpg	NOKEY	MAX	NOKEY
1447796296197	0	lts_1117L_35_01	35	01	1	280	4	1	1	Hit	590	4-3/AATOMODEL.jpg	AATOMODEL.jpg	SPACE	635	SPACE
1447796299271	0	lts_1117L_35_01	35	01	1	281	0	0	0	CR	MAX	2/26389125.thl.jpg	26389125.thl.jpg	NOKEY	MAX	NOKEY
1447796302345	0	lts_1117L_35_01	35	01	1	282	0	0	0	CR	MAX	razorscooter.jpg	razorscooter.jpg	NOKEY	MAX	NOKEY
1447796303365	0	lts_1117L_35_01	35	01	1	283	2	1	1	Hit	535	2-13/26389125.thl.jpg	26389125.thl.jpg	SPACE	585	SPACE
1447796306439	0	lts_1117L_35_01	35	01	1	284	0	0	0	CR	MAX	ACHEMSET3.jpg	ACHEMSET3.jpg	NOKEY	MAX	NOKEY
1447796309530	0	lts_1117L_35_01	35	01	1	285	0	0	0	CR	MAX	Astonehome.jpg	Astonehome.jpg	NOKEY	MAX	NOKEY
1447796312604	0	lts_1117L_35_01	35	01	1	286	0	0	0	CR	MAX	4/Acroissant.jpg	Acroissant.jpg	NOKEY	MAX	NOKEY
1447796315678	0	lts_1117L_35_01	35	01	1	287	0	0	0	CR	MAX	32/AHANDLE5.jpg	AHANDLE5.jpg	NOKEY	MAX	NOKEY
1447796318753	0	lts_1117L_35_01	35	01	1	288	0	0	0	CR	MAX	26440629.thl.jpg	26440629.thl.jpg	NOKEY	MAX	NOKEY
1447796321827	0	lts_1117L_35_01	35	01	1	289	0	0	0	CR	MAX	128/26467460.thl.jpg	26467460.thl.jpg	NOKEY	MAX	NOKEY
1447796322947	0	lts_1117L_35_01	35	01	1	290	4	1	1	Hit	650	4-10/Acroissant.jpg	Acroissant.jpg	SPACE	685	SPACE
1447796326021	0	lts_1117L_35_01	35	01	1	291	0	0	0	CR	MAX	8/ABUILDAR4.jpg	ABUILDAR4.jpg	NOKEY	MAX	NOKEY
1447796329095	0	lts_1117L_35_01	35	01	1	292	0	0	0	CR	MAX	4/26441176.thl.jpg	26441176.thl.jpg	NOKEY	MAX	NOKEY
1447796332170	0	lts_1117L_35_01	35	01	1	293	0	0	0	CR	MAX	AWALKTA25.jpg	AWALKTA25.jpg	NOKEY	MAX	NOKEY
1447796335244	0	lts_1117L_35_01	35	01	1	294	00	1	0	Miss	MAX	00-across/26442719.thl.jpg	26442719.thl.jpg	NOKEY	MAX	SPACE
1447796338319	0	lts_1117L_35_01	35	01	1	295	0	0	0	CR	MAX	26427950.thl.jpg	26427950.thl.jpg	NOKEY	MAX	NOKEY
1447796339638	0	lts_1117L_35_01	35	01	1	296	4	1	1	Hit	848	4-8/26441176.thl.jpg	26441176.thl.jpg	SPACE	886	SPACE
1447796342713	0	lts_1117L_35_01	35	01	1	297	0	0	0	CR	MAX	ACASSETT2.jpg	ACASSETT2.jpg	NOKEY	MAX	NOKEY
1447796345787	0	lts_1117L_35_01	35	01	1	298	0	0	0	CR	MAX	26451219.thl.jpg	26451219.thl.jpg	NOKEY	MAX	NOKEY
1447796347325	0	lts_1117L_35_01	35	01	1	299	8	1	1	Hit	1064	8-first/ABUILDAR4.jpg	ABUILDAR4.jpg	SPACE	1102	SPACE
1447796350399	0	lts_1117L_35_01	35	01	1	300	0	0	0	CR	MAX	Aswitch17.jpg	Aswitch17.jpg	NOKEY	MAX	NOKEY
1447796353473	0	lts_1117L_35_01	35	01	1	301	0	0	0	CR	MAX	AEMERGLI4.jpg	AEMERGLI4.jpg	NOKEY	MAX	NOKEY
1447796356547	0	lts_1117L_35_01	35	01	1	302	0	0	0	CR	MAX	Aicecrusher2.jpg	Aicecrusher2.jpg	NOKEY	MAX	NOKEY
1447796359622	0	lts_1117L_35_01	35	01	1	303	0	0	0	CR	MAX	ipod01.jpg	ipod01.jpg	NOKEY	MAX	NOKEY
1447796360908	0	lts_1117L_35_01	35	01	1	304	32	1	1	Hit	811	32-5/Aantiquehat4.jpg	Aantiquehat4.jpg	SPACE	852	SPACE
1447796363983	0	lts_1117L_35_01	35	01	1	305	0	0	0	CR	MAX	kimono.jpg	kimono.jpg	NOKEY	MAX	NOKEY
1447796367057	0	lts_1117L_35_01	35	01	1	306	0	0	0	CR	MAX	2/Anailpolish.jpg	Anailpolish.jpg	NOKEY	MAX	NOKEY
1447796370132	0	lts_1117L_35_01	35	01	1	307	0	0	0	CR	MAX	128/26387568.thl.jpg	26387568.thl.jpg	NOKEY	MAX	NOKEY
1447796371167	0	lts_1117L_35_01	35	01	1	308	2	1	1	Hit	564	2-4/Anailpolish.jpg	Anailpolish.jpg	SPACE	601	SPACE
1447796374242	0	lts_1117L_35_01	35	01	1	309	0	0	0	CR	MAX	ATRACINGT.jpg	ATRACINGT.jpg	NOKEY	MAX	NOKEY
1447796377316	0	lts_1117L_35_01	35	01	1	310	0	0	0	CR	MAX	Atoyfurnitu14.jpg	Atoyfurnitu14.jpg	NOKEY	MAX	NOKEY
1447796378419	0	lts_1117L_35_01	35	01	1	311	64	1	1	Hit	632	64-first/ATUNFORK2.jpg	ATUNFORK2.jpg	SPACE	668	SPACE
1447796381510	0	lts_1117L_35_01	35	01	1	312	0	0	0	CR	MAX	Aleatherpenc9.jpg	Aleatherpenc9.jpg	NOKEY	MAX	NOKEY
1447796382512	0	lts_1117L_35_01	35	01	1	313	2	1	1	Hit	520	2-mul/ATUNFORK2.jpg	ATUNFORK2.jpg	SPACE	569	SPACE
1447796385587	0	lts_1117L_35_01	35	01	1	314	0	0	0	CR	MAX	ATRUNK15.jpg	ATRUNK15.jpg	NOKEY	MAX	NOKEY
1447796386673	0	lts_1117L_35_01	35	01	1	315	16	1	1	Hit	607	16-mul/ABUILDAR4.jpg	ABUILDAR4.jpg	SPACE	652	SPACE
1447796389747	0	lts_1117L_35_01	35	01	1	316	0	0	0	CR	MAX	mickeycap.jpg	mickeycap.jpg	NOKEY	MAX	NOKEY
1447796392821	0	lts_1117L_35_01	35	01	1	317	0	0	0	CR	MAX	ATICKETBO.jpg	ATICKETBO.jpg	NOKEY	MAX	NOKEY
1447796395896	0	lts_1117L_35_01	35	01	1	318	0	0	0	CR	MAX	AWATERCO4.jpg	AWATERCO4.jpg	NOKEY	MAX	NOKEY
1447796396949	0	lts_1117L_35_01	35	01	1	319	32	1	1	Hit	580	32-6/AHANDLE5.jpg	AHANDLE5.jpg	SPACE	618	SPACE
1447796400023	0	lts_1117L_35_01	35	01	1	320	0	0	0	CR	MAX	AVIOLINCO.jpg	AVIOLINCO.jpg	NOKEY	MAX	NOKEY
1447796401159	0	lts_1117L_35_01	35	01	1	321	128	1	1	Hit	664	128-2/gymbars.jpg	gymbars.jpg	SPACE	702	SPACE
1447796404233	0	lts_1117L_35_01	35	01	1	322	0	0	0	CR	MAX	ADRESSE14.jpg	ADRESSE14.jpg	NOKEY	MAX	NOKEY
1447796405536	0	lts_1117L_35_01	35	01	1	323	0	0	1	FA	827	Atrowel42.jpg	Atrowel42.jpg	SPACE	869	NOKEY
1447796408611	0	lts_1117L_35_01	35	01	1	324	0	0	0	CR	MAX	26431414.thl.jpg	26431414.thl.jpg	NOKEY	MAX	NOKEY
1447796411685	0	lts_1117L_35_01	35	01	1	325	0	0	0	CR	MAX	16/26374089.thl.jpg	26374089.thl.jpg	NOKEY	MAX	NOKEY
1447796414760	0	lts_1117L_35_01	35	01	1	326	0	0	0	CR	MAX	APAINTJ11.jpg	APAINTJ11.jpg	NOKEY	MAX	NOKEY
1447796415862	0	lts_1117L_35_01	35	01	1	327	00	1	1	Hit	621	00-across/8077486.thl.jpg	8077486.thl.jpg	SPACE	668	SPACE
1447796418937	0	lts_1117L_35_01	35	01	1	328	0	0	0	CR	MAX	64/AMILPANS2.jpg	AMILPANS2.jpg	NOKEY	MAX	NOKEY
1447796422011	0	lts_1117L_35_01	35	01	1	329	0	0	0	CR	MAX	Acandycanesin.jpg	Acandycanesin.jpg	NOKEY	MAX	NOKEY
1447796425086	0	lts_1117L_35_01	35	01	1	330	0	0	0	CR	MAX	Atrap4.jpg	Atrap4.jpg	NOKEY	MAX	NOKEY
1447796426422	0	lts_1117L_35_01	35	01	1	331	128	1	1	Hit	867	128-5/AGOOSNEC2.jpg	AGOOSNEC2.jpg	SPACE	902	SPACE
1447796429513	0	lts_1117L_35_01	35	01	1	332	0	0	0	CR	MAX	APUMPCOOK.jpg	APUMPCOOK.jpg	NOKEY	MAX	NOKEY
1447796432587	0	lts_1117L_35_01	35	01	1	333	0	0	0	CR	MAX	2/26554880.thl.jpg	26554880.thl.jpg	NOKEY	MAX	NOKEY
1447796435662	0	lts_1117L_35_01	35	01	1	334	0	0	0	CR	MAX	26425323.thl.jpg	26425323.thl.jpg	NOKEY	MAX	NOKEY
1447796436631	0	lts_1117L_35_01	35	01	1	335	2	1	1	Hit	496	2-6/26554880.thl.jpg	26554880.thl.jpg	SPACE	535	SPACE
1447796439705	0	lts_1117L_35_01	35	01	1	336	0	0	0	CR	MAX	32/airhocckytable.jpg	airhocckytable.jpg	NOKEY	MAX	NOKEY
1447796440959	0	lts_1117L_35_01	35	01	1	337	128	1	1	Hit	768	128-4/potato.jpg	potato.jpg	SPACE	818	SPACE
1447796444033	0	lts_1117L_35_01	35	01	1	338	0	0	0	CR	MAX	1/orientalvase.jpg	orientalvase.jpg	NOKEY	MAX	NOKEY
1447796445052	0	lts_1117L_35_01	35	01	1	339	1	1	1	Hit	538	1-4/orientalvase.jpg	orientalvase.jpg	SPACE	585	SPACE
1447796448143	0	lts_1117L_35_01	35	01	1	340	0	0	0	CR	MAX	cheesies.jpg	cheesies.jpg	NOKEY	MAX	NOKEY
1447796449413	0	lts_1117L_35_01	35	01	1	341	16	1	1	Hit	785	16-0/26374089.thl.jpg	26374089.thl.jpg	SPACE	835	SPACE
1447796452487	0	lts_1117L_35_01	35	01	1	342	0	0	0	CR	MAX	workbench.jpg	workbench.jpg	NOKEY	MAX	NOKEY
1447796455562	0	lts_1117L_35_01	35	01	1	343	0	0	0	CR	MAX	32/pretzel.jpg	pretzel.jpg	NOKEY	MAX	NOKEY
1447796458636	0	lts_1117L_35_01	35	01	1	344	0	0	0	CR	MAX	Aemergencyki5.jpg	Aemergencyki5.jpg	NOKEY	MAX	NOKEY
1447796461710	0	lts_1117L_35_01	35	01	1	345	0	0	0	CR	MAX	Alogholder.jpg	Alogholder.jpg	NOKEY	MAX	NOKEY
1447796464785	0	lts_1117L_35_01	35	01	1	346	0	0	0	CR	MAX	E_tractor.jpg	E_tractor.jpg	NOKEY	MAX	NOKEY
1447796467859	0	lts_1117L_35_01	35	01	1	347	0	0	0	CR	MAX	chocolatbox.jpg	chocolatbox.jpg	NOKEY	MAX	NOKEY
1447796470933	0	lts_1117L_35_01	35	01	1	348	0	0	0	CR	MAX	Adropper2.jpg	Adropper2.jpg	NOKEY	MAX	NOKEY
1447796474008	0	lts_1117L_35_01	35	01	1	349	0	0	0	CR	MAX	26391514.thl.jpg	26391514.thl.jpg	NOKEY	MAX	NOKEY
1447796477082	0	lts_1117L_35_01	35	01	1	350	0	0	0	CR	MAX	AELEMENT2.jpg	AELEMENT2.jpg	NOKEY	MAX	NOKEY
1447796480157	0	lts_1117L_35_01	35	01	1	351	0	0	0	CR	MAX	4/Aplantinpot2.jpg	Aplantinpot2.jpg	NOKEY	MAX	NOKEY
1447796483231	0	lts_1117L_35_01	35	01	1	352	0	0	0	CR	MAX	AINCENSE4.jpg	AINCENSE4.jpg	NOKEY	MAX	NOKEY
1447796486305	0	lts_1117L_35_01	35	01	1	353	0	0	0	CR	MAX	Abreakpl2.jpg	Abreakpl2.jpg	NOKEY	MAX	NOKEY
1447796489380	0	lts_1117L_35_01	35	01	1	354	0	0	0	CR	MAX	AKNEEBRA2.jpg	AKNEEBRA2.jpg	NOKEY	MAX	NOKEY
1447796490716	0	lts_1117L_35_01	35	01	1	355	4	1	1	Hit	855	4-12/Aplantinpot2.jpg	Aplantinpot2.jpg	SPACE	903	SPACE
1447796493791	0	lts_1117L_35_01	35	01	1	356	0	0	0	CR	MAX	26423905.thl.jpg	26423905.thl.jpg	NOKEY	MAX	NOKEY
1447796496865	0	lts_1117L_35_01	35	01	1	357	0	0	0	CR	MAX	4/ACOCKSPA4.jpg	ACOCKSPA4.jpg	NOKEY	MAX	NOKEY
1447796499939	0	lts_1117L_35_01	35	01	1	358	0	0	0	CR	MAX	ANAPKIN4.jpg	ANAPKIN4.jpg	NOKEY	MAX	NOKEY
1447796503014	0	lts_1117L_35_01	35	01	1	359	0	0	0	CR	MAX	4/ASTREESW2.jpg	ASTREESW2.jpg	NOKEY	MAX	NOKEY
1447796506088	0	lts_1117L_35_01	35	01	1	360	0	0	0	CR	MAX	8019781.thl.jpg	8019781.thl.jpg	NOKEY	MAX	NOKEY
1447796507124	0	lts_1117L_35_01	35	01	1	361	4	1	1	Hit	555	4-11/ACOCKSPA4.jpg	ACOCKSPA4.jpg	SPACE	601	SPACE
1447796510199	0	lts_1117L_35_01	35	01	1	362	0	0	0	CR	MAX	Apotboilinge2.jpg	Apotboilinge2.jpg	NOKEY	MAX	NOKEY
1447796511301	0	lts_1117L_35_01	35	01	1	363	4	1	1	Hit	618	4-2/ASTREESW2.jpg	ASTREESW2.jpg	SPACE	668	SPACE
1447796514375	0	lts_1117L_35_01	35	01	1	364	0	0	0	CR	MAX	AFERRAF40.jpg	AFERRAF40.jpg	NOKEY	MAX	NOKEY
1447796517450	0	lts_1117L_35_01	35	01	1	365	0	0	0	CR	MAX	AORIENBOW.jpg	AORIENBOW.jpg	NOKEY	MAX	NOKEY
1447796520524	0	lts_1117L_35_01	35	01	1	366	0	0	0	CR	MAX	64/Aclockradio4.jpg	Aclockradio4.jpg	NOKEY	MAX	NOKEY
1447796523598	0	lts_1117L_35_01	35	01	1	367	0	0	0	CR	MAX	Abeverageingl.jpg	Abeverageingl.jpg	NOKEY	MAX	NOKEY
1447796524751	0	lts_1117L_35_01	35	01	1	368	32	1	1	Hit	678	32-0/airhocckytable.jpg	airhocckytable.jpg	SPACE	719	SPACE
1447796527826	0	lts_1117L_35_01	35	01	1	369	0	0	0	CR	MAX	16/AFUNNEL4.jpg	AFUNNEL4.jpg	NOKEY	MAX	NOKEY
1447796530900	0	lts_1117L_35_01	35	01	1	370	00	1	0	Miss	MAX	00-across/Agame3.jpg	Agame3.jpg	NOKEY	MAX	SPACE
1447796533975	0	lts_1117L_35_01	35	01	1	371	0	0	0	CR	MAX	elecmap.jpg	elecmap.jpg	NOKEY	MAX	NOKEY
1447796537049	0	lts_1117L_35_01	35	01	1	372	0	0	0	CR	MAX	Atoyhorse2.jpg	Atoyhorse2.jpg	NOKEY	MAX	NOKEY
1447796540123	0	lts_1117L_35_01	35	01	1	373	0	0	0	CR	MAX	AFILM.jpg	AFILM.jpg	NOKEY	MAX	NOKEY
1447796543198	0	lts_1117L_35_01	35	01	1	374	0	0	0	CR	MAX	ABAGGROCE.jpg	ABAGGROCE.jpg	NOKEY	MAX	NOKEY
1447796544217	0	lts_1117L_35_01	35	01	1	375	32	1	1	Hit	534	32-2/pretzel.jpg	pretzel.jpg	SPACE	585	SPACE
1447796547291	0	lts_1117L_35_01	35	01	1	376	0	0	0	CR	MAX	26465344.thl.jpg	26465344.thl.jpg	NOKEY	MAX	NOKEY
1447796550365	0	lts_1117L_35_01	35	01	1	377	0	0	0	CR	MAX	4/Acomputerdriv.jpg	Acomputerdriv.jpg	NOKEY	MAX	NOKEY
1447796553440	0	lts_1117L_35_01	35	01	1	378	0	0	0	CR	MAX	Astaircase.jpg	Astaircase.jpg	NOKEY	MAX	NOKEY
1447796554576	0	lts_1117L_35_01	35	01	1	379	0	0	1	FA	663	Agluegun.jpg	Agluegun.jpg	SPACE	702	NOKEY
1447796557650	0	lts_1117L_35_01	35	01	1	380	0	0	0	CR	MAX	22825932.thl.jpg	22825932.thl.jpg	NOKEY	MAX	NOKEY
1447796558736	0	lts_1117L_35_01	35	01	1	381	4	1	1	Hit	604	4-9/Acomputerdriv.jpg	Acomputerdriv.jpg	SPACE	651	SPACE
1447796561811	0	lts_1117L_35_01	35	01	1	382	0	0	0	CR	MAX	16/ASECCAME3.jpg	ASECCAME3.jpg	NOKEY	MAX	NOKEY
1447796564885	0	lts_1117L_35_01	35	01	1	383	0	0	0	CR	MAX	26466258.thl.jpg	26466258.thl.jpg	NOKEY	MAX	NOKEY
1447796567960	0	lts_1117L_35_01	35	01	1	384	0	0	0	CR	MAX	whitemalerobe.jpg	whitemalerobe.jpg	NOKEY	MAX	NOKEY
1447796569062	0	lts_1117L_35_01	35	01	1	385	16	1	1	Hit	626	16-first/AFUNNEL4.jpg	AFUNNEL4.jpg	SPACE	668	SPACE
1447796572137	0	lts_1117L_35_01	35	01	1	386	0	0	0	CR	MAX	1/Alaundrybask2.jpg	Alaundrybask2.jpg	NOKEY	MAX	NOKEY
1447796573072	0	lts_1117L_35_01	35	01	1	387	1	1	1	Hit	464	1-2/Alaundrybask2.jpg	Alaundrybask2.jpg	SPACE	501	SPACE
1447796576147	0	lts_1117L_35_01	35	01	1	388	0	0	0	CR	MAX	batslbir.jpg	batslbir.jpg	NOKEY	MAX	NOKEY
1447796577149	0	lts_1117L_35_01	35	01	1	389	4	1	1	Hit	520	4-mul/AFUNNEL4.jpg	AFUNNEL4.jpg	SPACE	568	SPACE
1447796580224	0	lts_1117L_35_01	35	01	1	390	0	0	0	CR	MAX	Apilldispens3.jpg	Apilldispens3.jpg	NOKEY	MAX	NOKEY
1447796583298	0	lts_1117L_35_01	35	01	1	391	0	0	0	CR	MAX	Adolphin3.jpg	Adolphin3.jpg	NOKEY	MAX	NOKEY
1447796586372	0	lts_1117L_35_01	35	01	1	392	64	1	0	Miss	MAX	64-first/AMILPANS2.jpg	AMILPANS2.jpg	NOKEY	MAX	SPACE
1447796589446	0	lts_1117L_35_01	35	01	1	393	0	0	0	CR	MAX	1/ATOILBAG2.jpg	ATOILBAG2.jpg	NOKEY	MAX	NOKEY
1447796590332	0	lts_1117L_35_01	35	01	1	394	1	1	1	Hit	415	1-9/ATOILBAG2.jpg	ATOILBAG2.jpg	SPACE	451	SPACE
1447796593406	0	lts_1117L_35_01	35	01	1	395	0	0	0	CR	MAX	ACAROUSE2.jpg	ACAROUSE2.jpg	NOKEY	MAX	NOKEY
1447796594425	0	lts_1117L_35_01	35	01	1	396	4	1	1	Hit	547	4-mul/AMILPANS2.jpg	AMILPANS2.jpg	SPACE	585	SPACE
1447796597500	0	lts_1117L_35_01	35	01	1	397	0	0	0	CR	MAX	26684634.thl.jpg	26684634.thl.jpg	NOKEY	MAX	NOKEY
1447796598586	0	lts_1117L_35_01	35	01	1	398	16	1	1	Hit	602	16-first/ASECCAME3.jpg	ASECCAME3.jpg	SPACE	652	SPACE
1447796601660	0	lts_1117L_35_01	35	01	1	399	0	0	0	CR	MAX	1/ATOYTREE.jpg	ATOYTREE.jpg	NOKEY	MAX	NOKEY
1447796602512	0	lts_1117L_35_01	35	01	1	400	1	1	1	Hit	379	1-14/ATOYTREE.jpg	ATOYTREE.jpg	SPACE	418	SPACE
1447796605587	0	lts_1117L_35_01	35	01	1	401	0	0	0	CR	MAX	1/Asword138.jpg	Asword138.jpg	NOKEY	MAX	NOKEY
1447796606489	0	lts_1117L_35_01	35	01	1	402	1	1	1	Hit	421	1-11/Asword138.jpg	Asword138.jpg	SPACE	468	SPACE
1447796609563	0	lts_1117L_35_01	35	01	1	403	0	0	0	CR	MAX	Apenguin2.jpg	Apenguin2.jpg	NOKEY	MAX	NOKEY
1447796612654	0	lts_1117L_35_01	35	01	1	404	0	0	0	CR	MAX	16/AHAZELNU3.jpg	AHAZELNU3.jpg	NOKEY	MAX	NOKEY
1447796615729	0	lts_1117L_35_01	35	01	1	405	0	0	0	CR	MAX	catsl60.jpg	catsl60.jpg	NOKEY	MAX	NOKEY
1447796616832	0	lts_1117L_35_01	35	01	1	406	128	1	1	Hit	629	128-6/ACOCONUT2.jpg	ACOCONUT2.jpg	SPACE	669	SPACE
1447796619906	0	lts_1117L_35_01	35	01	1	407	0	0	0	CR	MAX	4/APOGO4.jpg	APOGO4.jpg	NOKEY	MAX	NOKEY
1447796622980	0	lts_1117L_35_01	35	01	1	408	0	0	0	CR	MAX	26556936.thl.jpg	26556936.thl.jpg	NOKEY	MAX	NOKEY
1447796626055	0	lts_1117L_35_01	35	01	1	409	0	0	0	CR	MAX	gingerroot.jpg	gingerroot.jpg	NOKEY	MAX	NOKEY
1447796629129	0	lts_1117L_35_01	35	01	1	410	0	0	0	CR	MAX	Acoffeebeans2.jpg	Acoffeebeans2.jpg	NOKEY	MAX	NOKEY
1447796630165	0	lts_1117L_35_01	35	01	1	411	4	1	1	Hit	554	4-0/APOGO4.jpg	APOGO4.jpg	SPACE	601	SPACE
1447796633240	0	lts_1117L_35_01	35	01	1	412	0	0	0	CR	MAX	M15589.jpg	M15589.jpg	NOKEY	MAX	NOKEY
1447796636314	0	lts_1117L_35_01	35	01	1	413	0	0	0	CR	MAX	AWASHCLOT.jpg	AWASHCLOT.jpg	NOKEY	MAX	NOKEY
1447796637366	0	lts_1117L_35_01	35	01	1	414	16	1	1	Hit	583	16-mul/ASECCAME3.jpg	ASECCAME3.jpg	SPACE	619	SPACE
1447796640441	0	lts_1117L_35_01	35	01	1	415	0	0	0	CR	MAX	26425112.thl.jpg	26425112.thl.jpg	NOKEY	MAX	NOKEY
1447796643515	0	lts_1117L_35_01	35	01	1	416	0	0	0	CR	MAX	AFRYPAN7.jpg	AFRYPAN7.jpg	NOKEY	MAX	NOKEY
1447796644818	0	lts_1117L_35_01	35	01	1	417	128	1	1	Hit	830	128-1/26467460.thl.jpg	26467460.thl.jpg	SPACE	869	SPACE
1447796647893	0	lts_1117L_35_01	35	01	1	418	0	0	0	CR	MAX	8023888.thl.jpg	8023888.thl.jpg	NOKEY	MAX	NOKEY
1447796650967	0	lts_1117L_35_01	35	01	1	419	0	0	0	CR	MAX	Atoychameleo2.jpg	Atoychameleo2.jpg	NOKEY	MAX	NOKEY
1447796652204	0	lts_1117L_35_01	35	01	1	420	16	1	1	Hit	756	16-first/AHAZELNU3.jpg	AHAZELNU3.jpg	SPACE	802	SPACE
1447796655278	0	lts_1117L_35_01	35	01	1	421	0	0	0	CR	MAX	AWEDCAK15.jpg	AWEDCAK15.jpg	NOKEY	MAX	NOKEY
1447796656314	0	lts_1117L_35_01	35	01	1	422	2	1	1	Hit	551	2-mul/AHAZELNU3.jpg	AHAZELNU3.jpg	SPACE	602	SPACE
1447796659388	0	lts_1117L_35_01	35	01	1	423	0	0	0	CR	MAX	4/ACLOGOPE3.jpg	ACLOGOPE3.jpg	NOKEY	MAX	NOKEY
1447796662462	0	lts_1117L_35_01	35	01	1	424	0	0	0	CR	MAX	Asantaclaus2.jpg	Asantaclaus2.jpg	NOKEY	MAX	NOKEY
1447796665537	0	lts_1117L_35_01	35	01	1	425	0	0	0	CR	MAX	sausage.jpg	sausage.jpg	NOKEY	MAX	NOKEY
1447796668611	0	lts_1117L_35_01	35	01	1	426	0	0	0	CR	MAX	ACLARINE5.jpg	ACLARINE5.jpg	NOKEY	MAX	NOKEY
1447796669764	0	lts_1117L_35_01	35	01	1	427	4	1	1	Hit	673	4-7/ACLOGOPE3.jpg	ACLOGOPE3.jpg	SPACE	718	SPACE
1447796672838	0	lts_1117L_35_01	35	01	1	428	0	0	0	CR	MAX	AAIRGRIN2.jpg	AAIRGRIN2.jpg	NOKEY	MAX	NOKEY
1447796675913	0	lts_1117L_35_01	35	01	1	429	0	0	0	CR	MAX	26685948.thl.jpg	26685948.thl.jpg	NOKEY	MAX	NOKEY
1447796677216	0	lts_1117L_35_01	35	01	1	430	64	1	1	Hit	827	64-first/Aclockradio4.jpg	Aclockradio4.jpg	SPACE	869	SPACE
1447796680290	0	lts_1117L_35_01	35	01	1	431	0	0	0	CR	MAX	8/ABULLDOG5.jpg	ABULLDOG5.jpg	NOKEY	MAX	NOKEY
1447796683365	0	lts_1117L_35_01	35	01	1	432	0	0	0	CR	MAX	AARMYTRUK.jpg	AARMYTRUK.jpg	NOKEY	MAX	NOKEY
1447796686439	0	lts_1117L_35_01	35	01	1	433	0	0	0	CR	MAX	Ababseat2.jpg	Ababseat2.jpg	NOKEY	MAX	NOKEY
1447796689513	0	lts_1117L_35_01	35	01	1	434	0	0	0	CR	MAX	Acomputerbag.jpg	Acomputerbag.jpg	NOKEY	MAX	NOKEY
1447796690650	0	lts_1117L_35_01	35	01	1	435	128	1	1	Hit	656	128-7/26387568.thl.jpg	26387568.thl.jpg	SPACE	702	SPACE
1447796691936	0	lts_1117L_35_01	35	01	1	436	0	0	1	FA	803	ACEREAL.jpg	ACEREAL.jpg	SPACE	852	NOKEY
1447796695011	0	lts_1117L_35_01	35	01	1	437	0	0	0	CR	MAX	ACUSHIO60.jpg	ACUSHIO60.jpg	NOKEY	MAX	NOKEY
1447796698085	0	lts_1117L_35_01	35	01	1	438	0	0	0	CR	MAX	candy3.jpg	candy3.jpg	NOKEY	MAX	NOKEY
1447796699154	0	lts_1117L_35_01	35	01	1	439	8	1	1	Hit	585	8-first/ABULLDOG5.jpg	ABULLDOG5.jpg	SPACE	634	SPACE
1447796702229	0	lts_1117L_35_01	35	01	1	440	0	0	0	CR	MAX	26432899.thl.jpg	26432899.thl.jpg	NOKEY	MAX	NOKEY
1447796705319	0	lts_1117L_35_01	35	01	1	441	0	0	0	CR	MAX	Abrooch104.jpg	Abrooch104.jpg	NOKEY	MAX	NOKEY
1447796708394	0	lts_1117L_35_01	35	01	1	442	0	0	0	CR	MAX	kotsltd.jpg	kotsltd.jpg	NOKEY	MAX	NOKEY
1447796709446	0	lts_1117L_35_01	35	01	1	443	4	1	1	Hit	574	4-mul/ABULLDOG5.jpg	ABULLDOG5.jpg	SPACE	619	SPACE
1447796712521	0	lts_1117L_35_01	35	01	1	444	0	0	0	CR	MAX	26428041.thl.jpg	26428041.thl.jpg	NOKEY	MAX	NOKEY
1447796715595	0	lts_1117L_35_01	35	01	1	445	0	0	0	CR	MAX	AANTSTO12.jpg	AANTSTO12.jpg	NOKEY	MAX	NOKEY
1447796716698	0	lts_1117L_35_01	35	01	1	446	16	1	1	Hit	625	16-mul/Aclockradio4.jpg	Aclockradio4.jpg	SPACE	668	SPACE
1447796719772	0	lts_1117L_35_01	35	01	1	447	0	0	0	CR	MAX	A1OCLOC2.jpg	A1OCLOC2.jpg	NOKEY	MAX	NOKEY
1447796722847	0	lts_1117L_35_01	35	01	1	448	0	0	0	CR	MAX	ASPACEHE8.jpg	ASPACEHE8.jpg	NOKEY	MAX	NOKEY
1447796725921	0	lts_1117L_35_01	35	01	1	449	0	0	0	CR	MAX	23051010.thl.jpg	23051010.thl.jpg	NOKEY	MAX	NOKEY
1447796768692	0	E	Logging Ends
