1444845759474	0	B	Logging Begins
1444845923813	0	lts_1014I_06_01	06	01	0	0	0	0	0	CR	MAX	ABARROWRE.jpg	ABARROWRE.jpg	NOKEY	MAX	NOKEY
1444845926906	0	lts_1014I_06_01	06	01	0	1	0	0	0	CR	MAX	retainertheeth.jpg	retainertheeth.jpg	NOKEY	MAX	NOKEY
1444845929999	0	lts_1014I_06_01	06	01	0	2	0	0	0	CR	MAX	4/22887480.thl.jpg	22887480.thl.jpg	NOKEY	MAX	NOKEY
1444845933093	0	lts_1014I_06_01	06	01	0	3	0	0	0	CR	MAX	16/Ascarf3.jpg	Ascarf3.jpg	NOKEY	MAX	NOKEY
1444845936169	0	lts_1014I_06_01	06	01	0	4	0	0	0	CR	MAX	22869624.thl.jpg	22869624.thl.jpg	NOKEY	MAX	NOKEY
1444845939261	0	lts_1014I_06_01	06	01	0	5	0	0	0	CR	MAX	ACHEESEGR.jpg	ACHEESEGR.jpg	NOKEY	MAX	NOKEY
1444845940231	0	lts_1014I_06_01	06	01	0	6	4	1	1	Hit	497	4-6/22887480.thl.jpg	22887480.thl.jpg	SPACE	535	SPACE
1444845943306	0	lts_1014I_06_01	06	01	0	7	0	0	0	CR	MAX	ATICKETBO.jpg	ATICKETBO.jpg	NOKEY	MAX	NOKEY
1444845946382	0	lts_1014I_06_01	06	01	0	8	0	0	0	CR	MAX	1/neckrest.jpg	neckrest.jpg	NOKEY	MAX	NOKEY
1444845947385	0	lts_1014I_06_01	06	01	0	9	1	1	1	Hit	528	1-2/neckrest.jpg	neckrest.jpg	SPACE	568	SPACE
1444845950461	0	lts_1014I_06_01	06	01	0	10	0	0	0	CR	MAX	1/ACAMLENSE.jpg	ACAMLENSE.jpg	NOKEY	MAX	NOKEY
1444845951465	0	lts_1014I_06_01	06	01	0	11	1	1	1	Hit	534	1-6/ACAMLENSE.jpg	ACAMLENSE.jpg	SPACE	569	SPACE
1444845954541	0	lts_1014I_06_01	06	01	0	12	0	0	0	CR	MAX	26372465.thl.jpg	26372465.thl.jpg	NOKEY	MAX	NOKEY
1444845957633	0	lts_1014I_06_01	06	01	0	13	0	0	0	CR	MAX	8/Aoutdoorprop3.jpg	Aoutdoorprop3.jpg	NOKEY	MAX	NOKEY
1444845960709	0	lts_1014I_06_01	06	01	0	14	0	0	0	CR	MAX	spoon-a.jpg	spoon-a.jpg	NOKEY	MAX	NOKEY
1444845963786	0	lts_1014I_06_01	06	01	0	15	0	0	0	CR	MAX	2/APLAQUE.jpg	APLAQUE.jpg	NOKEY	MAX	NOKEY
1444845966862	0	lts_1014I_06_01	06	01	0	16	0	0	0	CR	MAX	16/26391079.thl.jpg	26391079.thl.jpg	NOKEY	MAX	NOKEY
1444845967898	0	lts_1014I_06_01	06	01	0	17	2	1	1	Hit	562	2-11/APLAQUE.jpg	APLAQUE.jpg	SPACE	602	SPACE
1444845970974	0	lts_1014I_06_01	06	01	0	18	0	0	0	CR	MAX	ASKIHOLD.jpg	ASKIHOLD.jpg	NOKEY	MAX	NOKEY
1444845971877	0	lts_1014I_06_01	06	01	0	19	16	1	1	Hit	433	16-first/Ascarf3.jpg	Ascarf3.jpg	SPACE	468	SPACE
1444845974970	0	lts_1014I_06_01	06	01	0	20	0	0	0	CR	MAX	AAIRGAUGE.jpg	AAIRGAUGE.jpg	NOKEY	MAX	NOKEY
1444845975939	0	lts_1014I_06_01	06	01	0	21	8	1	1	Hit	483	8-1/Aoutdoorprop3.jpg	Aoutdoorprop3.jpg	SPACE	535	SPACE
1444845979016	0	lts_1014I_06_01	06	01	0	22	0	0	0	CR	MAX	8021822.thl.jpg	8021822.thl.jpg	NOKEY	MAX	NOKEY
1444845979885	0	lts_1014I_06_01	06	01	0	23	4	1	1	Hit	386	4-mul/Ascarf3.jpg	Ascarf3.jpg	SPACE	434	SPACE
1444845982961	0	lts_1014I_06_01	06	01	0	24	0	0	0	CR	MAX	ACUTLERY5.jpg	ACUTLERY5.jpg	NOKEY	MAX	NOKEY
1444845986038	0	lts_1014I_06_01	06	01	0	25	0	0	0	CR	MAX	Aglass33.jpg	Aglass33.jpg	NOKEY	MAX	NOKEY
1444845989131	0	lts_1014I_06_01	06	01	0	26	0	0	0	CR	MAX	4/woodvase.jpg	woodvase.jpg	NOKEY	MAX	NOKEY
1444845992207	0	lts_1014I_06_01	06	01	0	27	0	0	0	CR	MAX	1/candy3.jpg	candy3.jpg	NOKEY	MAX	NOKEY
1444845993093	0	lts_1014I_06_01	06	01	0	28	1	1	1	Hit	404	1-14/candy3.jpg	candy3.jpg	SPACE	451	SPACE
1444845996169	0	lts_1014I_06_01	06	01	0	29	0	0	0	CR	MAX	Apowerbar7.jpg	Apowerbar7.jpg	NOKEY	MAX	NOKEY
1444845997172	0	lts_1014I_06_01	06	01	0	30	4	1	1	Hit	518	4-2/woodvase.jpg	woodvase.jpg	SPACE	568	SPACE
1444846000264	0	lts_1014I_06_01	06	01	0	31	0	0	0	CR	MAX	ACANDEXT.jpg	ACANDEXT.jpg	NOKEY	MAX	NOKEY
1444846001217	0	lts_1014I_06_01	06	01	0	32	16	1	1	Hit	479	16-first/26391079.thl.jpg	26391079.thl.jpg	SPACE	518	SPACE
1444846004309	0	lts_1014I_06_01	06	01	0	33	0	0	0	CR	MAX	Asunflower3.jpg	Asunflower3.jpg	NOKEY	MAX	NOKEY
1444846007385	0	lts_1014I_06_01	06	01	0	34	0	0	0	CR	MAX	Achowchowdog.jpg	Achowchowdog.jpg	NOKEY	MAX	NOKEY
1444846010478	0	lts_1014I_06_01	06	01	0	35	0	0	0	CR	MAX	16/AWINEJUG3.jpg	AWINEJUG3.jpg	NOKEY	MAX	NOKEY
1444846013554	0	lts_1014I_06_01	06	01	0	36	0	0	0	CR	MAX	4/26428576.thl.jpg	26428576.thl.jpg	NOKEY	MAX	NOKEY
1444846016630	0	lts_1014I_06_01	06	01	0	37	0	0	0	CR	MAX	Awindmill3.jpg	Awindmill3.jpg	NOKEY	MAX	NOKEY
1444846019706	0	lts_1014I_06_01	06	01	0	38	0	0	0	CR	MAX	Aboardgame2.jpg	Aboardgame2.jpg	NOKEY	MAX	NOKEY
1444846022782	0	lts_1014I_06_01	06	01	0	39	0	0	0	CR	MAX	26425323.thl.jpg	26425323.thl.jpg	NOKEY	MAX	NOKEY
1444846023769	0	lts_1014I_06_01	06	01	0	40	4	1	1	Hit	503	4-5/26428576.thl.jpg	26428576.thl.jpg	SPACE	552	SPACE
1444846026845	0	lts_1014I_06_01	06	01	0	41	0	0	0	CR	MAX	2/AINCENSE4.jpg	AINCENSE4.jpg	NOKEY	MAX	NOKEY
1444846029921	0	lts_1014I_06_01	06	01	0	42	0	0	0	CR	MAX	Ahalfchoc.jpg	Ahalfchoc.jpg	NOKEY	MAX	NOKEY
1444846030874	0	lts_1014I_06_01	06	01	0	43	2	1	1	Hit	468	2-1/AINCENSE4.jpg	AINCENSE4.jpg	SPACE	519	SPACE
1444846033967	0	lts_1014I_06_01	06	01	0	44	0	0	0	CR	MAX	26457349.thl.jpg	26457349.thl.jpg	NOKEY	MAX	NOKEY
1444846037044	0	lts_1014I_06_01	06	01	0	45	0	0	0	CR	MAX	ADRESS2.jpg	ADRESS2.jpg	NOKEY	MAX	NOKEY
1444846040136	0	lts_1014I_06_01	06	01	0	46	0	0	0	CR	MAX	ABUILDAR4.jpg	ABUILDAR4.jpg	NOKEY	MAX	NOKEY
1444846043229	0	lts_1014I_06_01	06	01	0	47	0	0	0	CR	MAX	26379430.thl.jpg	26379430.thl.jpg	NOKEY	MAX	NOKEY
1444846044149	0	lts_1014I_06_01	06	01	0	48	16	1	1	Hit	450	16-mul/26391079.thl.jpg	26391079.thl.jpg	SPACE	484	SPACE
1444846047241	0	lts_1014I_06_01	06	01	0	49	0	0	0	CR	MAX	8/ACONSTRU9.jpg	ACONSTRU9.jpg	NOKEY	MAX	NOKEY
1444846050317	0	lts_1014I_06_01	06	01	0	50	0	0	0	CR	MAX	4/AGLASSTAB.jpg	AGLASSTAB.jpg	NOKEY	MAX	NOKEY
1444846051320	0	lts_1014I_06_01	06	01	0	51	16	1	1	Hit	526	16-first/AWINEJUG3.jpg	AWINEJUG3.jpg	SPACE	569	SPACE
1444846054412	0	lts_1014I_06_01	06	01	0	52	0	0	0	CR	MAX	8/AMILPHONE.jpg	AMILPHONE.jpg	NOKEY	MAX	NOKEY
1444846057505	0	lts_1014I_06_01	06	01	0	53	0	0	0	CR	MAX	skateboard.jpg	skateboard.jpg	NOKEY	MAX	NOKEY
1444846058575	0	lts_1014I_06_01	06	01	0	54	4	1	1	Hit	593	4-0/AGLASSTAB.jpg	AGLASSTAB.jpg	SPACE	636	SPACE
1444846061651	0	lts_1014I_06_01	06	01	0	55	0	0	0	CR	MAX	26428057.thl.jpg	26428057.thl.jpg	NOKEY	MAX	NOKEY
1444846064727	0	lts_1014I_06_01	06	01	0	56	0	0	0	CR	MAX	APOTGOLD2.jpg	APOTGOLD2.jpg	NOKEY	MAX	NOKEY
1444846065697	0	lts_1014I_06_01	06	01	0	57	8	1	1	Hit	487	8-first/ACONSTRU9.jpg	ACONSTRU9.jpg	SPACE	535	SPACE
1444846068773	0	lts_1014I_06_01	06	01	0	58	0	0	0	CR	MAX	Aearsyringe.jpg	Aearsyringe.jpg	NOKEY	MAX	NOKEY
1444846071849	0	lts_1014I_06_01	06	01	0	59	0	0	0	CR	MAX	ASUSHI9.jpg	ASUSHI9.jpg	NOKEY	MAX	NOKEY
1444846072702	0	lts_1014I_06_01	06	01	0	60	8	1	1	Hit	377	8-first/AMILPHONE.jpg	AMILPHONE.jpg	SPACE	418	SPACE
1444846075778	0	lts_1014I_06_01	06	01	0	61	0	0	0	CR	MAX	26431471.thl.jpg	26431471.thl.jpg	NOKEY	MAX	NOKEY
1444846078854	0	lts_1014I_06_01	06	01	0	62	0	0	0	CR	MAX	16/ACUTPIN.jpg	ACUTPIN.jpg	NOKEY	MAX	NOKEY
1444846079940	0	lts_1014I_06_01	06	01	0	63	0	0	1	FA	612	AAIRPRES4.jpg	AAIRPRES4.jpg	SPACE	652	NOKEY
1444846081011	0	lts_1014I_06_01	06	01	0	64	4	1	1	Hit	598	4-mul/AMILPHONE.jpg	AMILPHONE.jpg	SPACE	635	SPACE
1444846084087	0	lts_1014I_06_01	06	01	0	65	0	0	0	CR	MAX	Abedspringsam.jpg	Abedspringsam.jpg	NOKEY	MAX	NOKEY
1444846087163	0	lts_1014I_06_01	06	01	0	66	0	0	0	CR	MAX	128/Abrownbagwith.jpg	Abrownbagwith.jpg	NOKEY	MAX	NOKEY
1444846088050	0	lts_1014I_06_01	06	01	0	67	16	1	1	Hit	408	16-mul/AWINEJUG3.jpg	AWINEJUG3.jpg	SPACE	450	SPACE
1444846091142	0	lts_1014I_06_01	06	01	0	68	0	0	0	CR	MAX	Atoybird10.jpg	Atoybird10.jpg	NOKEY	MAX	NOKEY
1444846094235	0	lts_1014I_06_01	06	01	0	69	0	0	0	CR	MAX	ALIGHTHO5.jpg	ALIGHTHO5.jpg	NOKEY	MAX	NOKEY
1444846097310	0	lts_1014I_06_01	06	01	0	70	0	0	0	CR	MAX	AJOYSTIC1.jpg	AJOYSTIC1.jpg	NOKEY	MAX	NOKEY
1444846100403	0	lts_1014I_06_01	06	01	0	71	0	0	0	CR	MAX	Ajewisho2.jpg	Ajewisho2.jpg	NOKEY	MAX	NOKEY
1444846103479	0	lts_1014I_06_01	06	01	0	72	0	0	0	CR	MAX	8019684.thl.jpg	8019684.thl.jpg	NOKEY	MAX	NOKEY
1444846104432	0	lts_1014I_06_01	06	01	0	73	16	1	1	Hit	473	16-mul/ACONSTRU9.jpg	ACONSTRU9.jpg	SPACE	520	SPACE
1444846107508	0	lts_1014I_06_01	06	01	0	74	0	0	0	CR	MAX	26370704.thl.jpg	26370704.thl.jpg	NOKEY	MAX	NOKEY
1444846110584	0	lts_1014I_06_01	06	01	0	75	0	0	0	CR	MAX	AEIFFELTO.jpg	AEIFFELTO.jpg	NOKEY	MAX	NOKEY
1444846113677	0	lts_1014I_06_01	06	01	0	76	0	0	0	CR	MAX	128/AHUMIDIFI.jpg	AHUMIDIFI.jpg	NOKEY	MAX	NOKEY
1444846116753	0	lts_1014I_06_01	06	01	0	77	0	0	0	CR	MAX	8/26433592.thl.jpg	26433592.thl.jpg	NOKEY	MAX	NOKEY
1444846117723	0	lts_1014I_06_01	06	01	0	78	16	1	1	Hit	486	16-first/ACUTPIN.jpg	ACUTPIN.jpg	SPACE	535	SPACE
1444846120799	0	lts_1014I_06_01	06	01	0	79	0	0	0	CR	MAX	1/AIRONBOA8.jpg	AIRONBOA8.jpg	NOKEY	MAX	NOKEY
1444846121802	0	lts_1014I_06_01	06	01	0	80	1	1	1	Hit	529	1-11/AIRONBOA8.jpg	AIRONBOA8.jpg	SPACE	568	SPACE
1444846124894	0	lts_1014I_06_01	06	01	0	81	0	0	0	CR	MAX	2/dustpan02.jpg	dustpan02.jpg	NOKEY	MAX	NOKEY
1444846127971	0	lts_1014I_06_01	06	01	0	82	0	0	0	CR	MAX	Ajacket12.jpg	Ajacket12.jpg	NOKEY	MAX	NOKEY
1444846129008	0	lts_1014I_06_01	06	01	0	83	2	1	1	Hit	554	2-0/dustpan02.jpg	dustpan02.jpg	SPACE	602	SPACE
1444846132084	0	lts_1014I_06_01	06	01	0	84	0	0	0	CR	MAX	AOLIVE.jpg	AOLIVE.jpg	NOKEY	MAX	NOKEY
1444846133154	0	lts_1014I_06_01	06	01	0	85	8	1	1	Hit	599	8-2/26433592.thl.jpg	26433592.thl.jpg	SPACE	634	SPACE
1444846136247	0	lts_1014I_06_01	06	01	0	86	0	0	0	CR	MAX	D_podium.jpg	D_podium.jpg	NOKEY	MAX	NOKEY
1444846139322	0	lts_1014I_06_01	06	01	0	87	0	0	0	CR	MAX	2/bobbypins.JPG	bobbypins.JPG	NOKEY	MAX	NOKEY
1444846142398	0	lts_1014I_06_01	06	01	0	88	0	0	0	CR	MAX	ALUNCHBO3.jpg	ALUNCHBO3.jpg	NOKEY	MAX	NOKEY
1444846143485	0	lts_1014I_06_01	06	01	0	89	2	1	1	Hit	612	2-13/bobbypins.JPG	bobbypins.JPG	SPACE	653	SPACE
1444846146561	0	lts_1014I_06_01	06	01	0	90	0	0	0	CR	MAX	Aflask19.jpg	Aflask19.jpg	NOKEY	MAX	NOKEY
1444846149637	0	lts_1014I_06_01	06	01	0	91	0	0	0	CR	MAX	AOLDMILL2.jpg	AOLDMILL2.jpg	NOKEY	MAX	NOKEY
1444846152763	0	lts_1014I_06_01	06	01	0	92	0	0	0	CR	MAX	8/AANTTRUCK.jpg	AANTTRUCK.jpg	NOKEY	MAX	NOKEY
1444846155856	0	lts_1014I_06_01	06	01	0	93	0	0	0	CR	MAX	4/Atotemp10.jpg	Atotemp10.jpg	NOKEY	MAX	NOKEY
1444846156825	0	lts_1014I_06_01	06	01	0	94	16	1	1	Hit	500	16-mul/ACUTPIN.jpg	ACUTPIN.jpg	SPACE	535	SPACE
1444846159902	0	lts_1014I_06_01	06	01	0	95	0	0	0	CR	MAX	26429097.thl.jpg	26429097.thl.jpg	NOKEY	MAX	NOKEY
1444846162994	0	lts_1014I_06_01	06	01	0	96	0	0	0	CR	MAX	Apumpcart2.jpg	Apumpcart2.jpg	NOKEY	MAX	NOKEY
1444846164115	0	lts_1014I_06_01	06	01	0	97	4	1	1	Hit	636	4-12/Atotemp10.jpg	Atotemp10.jpg	SPACE	684	SPACE
1444846167191	0	lts_1014I_06_01	06	01	0	98	0	0	0	CR	MAX	26421572.thl.jpg	26421572.thl.jpg	NOKEY	MAX	NOKEY
1444846170266	0	lts_1014I_06_01	06	01	0	99	0	0	0	CR	MAX	Adecorati133.jpg	Adecorati133.jpg	NOKEY	MAX	NOKEY
1444846171420	0	lts_1014I_06_01	06	01	0	100	8	1	1	Hit	678	8-first/AANTTRUCK.jpg	AANTTRUCK.jpg	SPACE	720	SPACE
1444846174496	0	lts_1014I_06_01	06	01	0	101	0	0	0	CR	MAX	AGREENPEP.jpg	AGREENPEP.jpg	NOKEY	MAX	NOKEY
1444846177572	0	lts_1014I_06_01	06	01	0	102	0	0	0	CR	MAX	A_chocolate.jpg	A_chocolate.jpg	NOKEY	MAX	NOKEY
1444846180648	0	lts_1014I_06_01	06	01	0	103	0	0	0	CR	MAX	26441591.thl.jpg	26441591.thl.jpg	NOKEY	MAX	NOKEY
1444846181551	0	lts_1014I_06_01	06	01	0	104	4	1	1	Hit	424	4-mul/AANTTRUCK.jpg	AANTTRUCK.jpg	SPACE	469	SPACE
1444846184627	0	lts_1014I_06_01	06	01	0	105	0	0	0	CR	MAX	4/Astatue99.jpg	Astatue99.jpg	NOKEY	MAX	NOKEY
1444846187720	0	lts_1014I_06_01	06	01	0	106	0	0	0	CR	MAX	ANAPRINGS.jpg	ANAPRINGS.jpg	NOKEY	MAX	NOKEY
1444846190796	0	lts_1014I_06_01	06	01	0	107	8	1	0	Miss	MAX	8/DSCN3767-sm.jpg	DSCN3767-sm.jpg	NOKEY	MAX	SPACE
1444846193889	0	lts_1014I_06_01	06	01	0	108	0	0	0	CR	MAX	26425322.thl.jpg	26425322.thl.jpg	NOKEY	MAX	NOKEY
1444846194892	0	lts_1014I_06_01	06	01	0	109	4	1	1	Hit	524	4-1/Astatue99.jpg	Astatue99.jpg	SPACE	568	SPACE
1444846197984	0	lts_1014I_06_01	06	01	0	110	0	0	0	CR	MAX	26387641.thl.jpg	26387641.thl.jpg	NOKEY	MAX	NOKEY
1444846201061	0	lts_1014I_06_01	06	01	0	111	0	0	0	CR	MAX	16/AHOCKPANT.jpg	AHOCKPANT.jpg	NOKEY	MAX	NOKEY
1444846204154	0	lts_1014I_06_01	06	01	0	112	0	0	0	CR	MAX	32/36411474.thl.jpg	36411474.thl.jpg	NOKEY	MAX	NOKEY
1444846207230	0	lts_1014I_06_01	06	01	0	113	0	0	0	CR	MAX	64/Awindmill4.jpg	Awindmill4.jpg	NOKEY	MAX	NOKEY
1444846210305	0	lts_1014I_06_01	06	01	0	114	0	0	0	CR	MAX	26375899.thl.jpg	26375899.thl.jpg	NOKEY	MAX	NOKEY
1444846211258	0	lts_1014I_06_01	06	01	0	115	8	1	1	Hit	469	8-0/DSCN3767-sm.jpg	DSCN3767-sm.jpg	SPACE	518	SPACE
1444846214334	0	lts_1014I_06_01	06	01	0	116	0	0	0	CR	MAX	23070064.thl.jpg	23070064.thl.jpg	NOKEY	MAX	NOKEY
1444846217410	0	lts_1014I_06_01	06	01	0	117	0	0	0	CR	MAX	ASALINES5.jpg	ASALINES5.jpg	NOKEY	MAX	NOKEY
1444846220487	0	lts_1014I_06_01	06	01	0	118	0	0	0	CR	MAX	26434233.thl.jpg	26434233.thl.jpg	NOKEY	MAX	NOKEY
1444846223579	0	lts_1014I_06_01	06	01	0	119	0	0	0	CR	MAX	AADZUKIB2.jpg	AADZUKIB2.jpg	NOKEY	MAX	NOKEY
1444846226655	0	lts_1014I_06_01	06	01	0	120	0	0	0	CR	MAX	128/donaldduck.jpg	donaldduck.jpg	NOKEY	MAX	NOKEY
1444846229731	0	lts_1014I_06_01	06	01	0	121	0	0	0	CR	MAX	2/shield.jpg	shield.jpg	NOKEY	MAX	NOKEY
1444846232807	0	lts_1014I_06_01	06	01	0	122	0	0	0	CR	MAX	ACUPEANE2.jpg	ACUPEANE2.jpg	NOKEY	MAX	NOKEY
1444846233911	0	lts_1014I_06_01	06	01	0	123	2	1	1	Hit	620	2-6/shield.jpg	shield.jpg	SPACE	669	SPACE
1444846237021	0	lts_1014I_06_01	06	01	0	124	0	0	0	CR	MAX	1/Akeyboard3.jpg	Akeyboard3.jpg	NOKEY	MAX	NOKEY
1444846237940	0	lts_1014I_06_01	06	01	0	125	1	1	1	Hit	447	1-12/Akeyboard3.jpg	Akeyboard3.jpg	SPACE	484	SPACE
1444846241017	0	lts_1014I_06_01	06	01	0	126	0	0	0	CR	MAX	ATALSTAN3.jpg	ATALSTAN3.jpg	NOKEY	MAX	NOKEY
1444846242070	0	lts_1014I_06_01	06	01	0	127	16	1	1	Hit	575	16-first/AHOCKPANT.jpg	AHOCKPANT.jpg	SPACE	618	SPACE
1444846245146	0	lts_1014I_06_01	06	01	0	128	0	0	0	CR	MAX	26432173.thl.jpg	26432173.thl.jpg	NOKEY	MAX	NOKEY
1444846245981	0	lts_1014I_06_01	06	01	0	129	2	1	1	Hit	350	2-mul/AHOCKPANT.jpg	AHOCKPANT.jpg	SPACE	400	SPACE
1444846249058	0	lts_1014I_06_01	06	01	0	130	0	0	0	CR	MAX	4/canopy.jpg	canopy.jpg	NOKEY	MAX	NOKEY
1444846252151	0	lts_1014I_06_01	06	01	0	131	0	0	0	CR	MAX	Acamerabag.jpg	Acamerabag.jpg	NOKEY	MAX	NOKEY
1444846255227	0	lts_1014I_06_01	06	01	0	132	0	0	0	CR	MAX	8068401.thl.jpg	8068401.thl.jpg	NOKEY	MAX	NOKEY
1444846258302	0	lts_1014I_06_01	06	01	0	133	0	0	0	CR	MAX	64/26460317.thl.jpg	26460317.thl.jpg	NOKEY	MAX	NOKEY
1444846259422	0	lts_1014I_06_01	06	01	0	134	4	1	1	Hit	648	4-7/canopy.jpg	canopy.jpg	SPACE	686	SPACE
1444846262498	0	lts_1014I_06_01	06	01	0	135	0	0	0	CR	MAX	26393373.thl.jpg	26393373.thl.jpg	NOKEY	MAX	NOKEY
1444846265591	0	lts_1014I_06_01	06	01	0	136	0	0	0	CR	MAX	10052787.thm.jpg	10052787.thm.jpg	NOKEY	MAX	NOKEY
1444846268667	0	lts_1014I_06_01	06	01	0	137	0	0	0	CR	MAX	AWEIGHTS8.jpg	AWEIGHTS8.jpg	NOKEY	MAX	NOKEY
1444846271743	0	lts_1014I_06_01	06	01	0	138	0	0	0	CR	MAX	Acanister10.jpg	Acanister10.jpg	NOKEY	MAX	NOKEY
1444846274819	0	lts_1014I_06_01	06	01	0	139	0	0	0	CR	MAX	Atombstone17.jpg	Atombstone17.jpg	NOKEY	MAX	NOKEY
1444846277912	0	lts_1014I_06_01	06	01	0	140	0	0	0	CR	MAX	8/Ajug158.jpg	Ajug158.jpg	NOKEY	MAX	NOKEY
1444846280988	0	lts_1014I_06_01	06	01	0	141	0	0	0	CR	MAX	26423175.thl.jpg	26423175.thl.jpg	NOKEY	MAX	NOKEY
1444846284065	0	lts_1014I_06_01	06	01	0	142	0	0	0	CR	MAX	Abutterchurn5.jpg	Abutterchurn5.jpg	NOKEY	MAX	NOKEY
1444846287141	0	lts_1014I_06_01	06	01	0	143	0	0	0	CR	MAX	AABSTRACT.jpg	AABSTRACT.jpg	NOKEY	MAX	NOKEY
1444846288161	0	lts_1014I_06_01	06	01	0	144	32	1	1	Hit	541	32-2/36411474.thl.jpg	36411474.thl.jpg	SPACE	584	SPACE
1444846291237	0	lts_1014I_06_01	06	01	0	145	0	0	0	CR	MAX	23044458.thl.jpg	23044458.thl.jpg	NOKEY	MAX	NOKEY
1444846294329	0	lts_1014I_06_01	06	01	0	146	0	0	0	CR	MAX	Apostalscale2.jpg	Apostalscale2.jpg	NOKEY	MAX	NOKEY
1444846297405	0	lts_1014I_06_01	06	01	0	147	0	0	0	CR	MAX	22825932.thl.jpg	22825932.thl.jpg	NOKEY	MAX	NOKEY
1444846298391	0	lts_1014I_06_01	06	01	0	148	8	1	1	Hit	507	8-first/Ajug158.jpg	Ajug158.jpg	SPACE	552	SPACE
1444846301534	0	lts_1014I_06_01	06	01	0	149	0	0	0	CR	MAX	16/AHEADLI18.jpg	AHEADLI18.jpg	NOKEY	MAX	NOKEY
1444846304610	0	lts_1014I_06_01	06	01	0	150	0	0	0	CR	MAX	AAEROBENC.jpg	AAEROBENC.jpg	NOKEY	MAX	NOKEY
1444846307686	0	lts_1014I_06_01	06	01	0	151	0	0	0	CR	MAX	golf-ball.JPG	golf-ball.JPG	NOKEY	MAX	NOKEY
1444846308589	0	lts_1014I_06_01	06	01	0	152	4	1	1	Hit	421	4-mul/Ajug158.jpg	Ajug158.jpg	SPACE	469	SPACE
1444846311665	0	lts_1014I_06_01	06	01	0	153	0	0	0	CR	MAX	4/23071000.thl.jpg	23071000.thl.jpg	NOKEY	MAX	NOKEY
1444846314758	0	lts_1014I_06_01	06	01	0	154	0	0	0	CR	MAX	ATISSUE.jpg	ATISSUE.jpg	NOKEY	MAX	NOKEY
1444846317834	0	lts_1014I_06_01	06	01	0	155	0	0	0	CR	MAX	ADIRECSI3.jpg	ADIRECSI3.jpg	NOKEY	MAX	NOKEY
1444846320910	0	lts_1014I_06_01	06	01	0	156	0	0	0	CR	MAX	AFENCIN50.jpg	AFENCIN50.jpg	NOKEY	MAX	NOKEY
1444846321963	0	lts_1014I_06_01	06	01	0	157	4	1	1	Hit	575	4-4/23071000.thl.jpg	23071000.thl.jpg	SPACE	619	SPACE
1444846325040	0	lts_1014I_06_01	06	01	0	158	0	0	0	CR	MAX	2/Arake3.jpg	Arake3.jpg	NOKEY	MAX	NOKEY
1444846328116	0	lts_1014I_06_01	06	01	0	159	0	0	0	CR	MAX	AEAREXAM2.jpg	AEAREXAM2.jpg	NOKEY	MAX	NOKEY
1444846329119	0	lts_1014I_06_01	06	01	0	160	2	1	1	Hit	527	2-7/Arake3.jpg	Arake3.jpg	SPACE	567	SPACE
1444846332246	0	lts_1014I_06_01	06	01	0	161	0	0	0	CR	MAX	Arubberworksh.jpg	Arubberworksh.jpg	NOKEY	MAX	NOKEY
1444846335321	0	lts_1014I_06_01	06	01	0	162	0	0	0	CR	MAX	22858860.thl.jpg	22858860.thl.jpg	NOKEY	MAX	NOKEY
1444846338414	0	lts_1014I_06_01	06	01	0	163	0	0	0	CR	MAX	Adaisies3.jpg	Adaisies3.jpg	NOKEY	MAX	NOKEY
1444846341490	0	lts_1014I_06_01	06	01	0	164	0	0	0	CR	MAX	fullbucket.jpg	fullbucket.jpg	NOKEY	MAX	NOKEY
1444846342493	0	lts_1014I_06_01	06	01	0	165	16	1	1	Hit	530	16-first/AHEADLI18.jpg	AHEADLI18.jpg	SPACE	569	SPACE
1444846345569	0	lts_1014I_06_01	06	01	0	166	0	0	0	CR	MAX	23063814.thl.jpg	23063814.thl.jpg	NOKEY	MAX	NOKEY
1444846346505	0	lts_1014I_06_01	06	01	0	167	2	1	1	Hit	453	2-mul/AHEADLI18.jpg	AHEADLI18.jpg	SPACE	503	SPACE
1444846349581	0	lts_1014I_06_01	06	01	0	168	0	0	0	CR	MAX	16/26374055.thl.jpg	26374055.thl.jpg	NOKEY	MAX	NOKEY
1444846352657	0	lts_1014I_06_01	06	01	0	169	0	0	0	CR	MAX	128/26420979.thl.jpg	26420979.thl.jpg	NOKEY	MAX	NOKEY
1444846355750	0	lts_1014I_06_01	06	01	0	170	0	0	0	CR	MAX	4/AEMERGLI4.jpg	AEMERGLI4.jpg	NOKEY	MAX	NOKEY
1444846358826	0	lts_1014I_06_01	06	01	0	171	0	0	0	CR	MAX	311-863-217.jpg	311-863-217.jpg	NOKEY	MAX	NOKEY
1444846361902	0	lts_1014I_06_01	06	01	0	172	0	0	0	CR	MAX	Aclowguit.jpg	Aclowguit.jpg	NOKEY	MAX	NOKEY
1444846364995	0	lts_1014I_06_01	06	01	0	173	0	0	0	CR	MAX	Aknife92.jpg	Aknife92.jpg	NOKEY	MAX	NOKEY
1444846366015	0	lts_1014I_06_01	06	01	0	174	4	1	1	Hit	543	4-3/AEMERGLI4.jpg	AEMERGLI4.jpg	SPACE	584	SPACE
1444846369092	0	lts_1014I_06_01	06	01	0	175	0	0	0	CR	MAX	Adice10.jpg	Adice10.jpg	NOKEY	MAX	NOKEY
1444846372184	0	lts_1014I_06_01	06	01	0	176	0	0	0	CR	MAX	ACURLRIB2.jpg	ACURLRIB2.jpg	NOKEY	MAX	NOKEY
1444846373237	0	lts_1014I_06_01	06	01	0	177	64	1	1	Hit	579	64-first/Awindmill4.jpg	Awindmill4.jpg	SPACE	617	SPACE
1444846376313	0	lts_1014I_06_01	06	01	0	178	0	0	0	CR	MAX	toypieces.jpg	toypieces.jpg	NOKEY	MAX	NOKEY
1444846377183	0	lts_1014I_06_01	06	01	0	179	2	1	1	Hit	386	2-mul/Awindmill4.jpg	Awindmill4.jpg	SPACE	435	SPACE
1444846380258	0	lts_1014I_06_01	06	01	0	180	0	0	0	CR	MAX	26374767.thl.jpg	26374767.thl.jpg	NOKEY	MAX	NOKEY
1444846383334	0	lts_1014I_06_01	06	01	0	181	0	0	0	CR	MAX	AWATERING.jpg	AWATERING.jpg	NOKEY	MAX	NOKEY
1444846386427	0	lts_1014I_06_01	06	01	0	182	0	0	0	CR	MAX	26687944.thl.jpg	26687944.thl.jpg	NOKEY	MAX	NOKEY
1444846389503	0	lts_1014I_06_01	06	01	0	183	0	0	0	CR	MAX	Asharktoy.jpg	Asharktoy.jpg	NOKEY	MAX	NOKEY
1444846390606	0	lts_1014I_06_01	06	01	0	184	16	1	1	Hit	632	16-first/26374055.thl.jpg	26374055.thl.jpg	SPACE	670	SPACE
1444846393682	0	lts_1014I_06_01	06	01	0	185	0	0	0	CR	MAX	26425788.thl.jpg	26425788.thl.jpg	NOKEY	MAX	NOKEY
1444846396775	0	lts_1014I_06_01	06	01	0	186	0	0	0	CR	MAX	16/ACLOWSTE5.jpg	ACLOWSTE5.jpg	NOKEY	MAX	NOKEY
1444846399851	0	lts_1014I_06_01	06	01	0	187	0	0	0	CR	MAX	Aantiquevege3.jpg	Aantiquevege3.jpg	NOKEY	MAX	NOKEY
1444846400787	0	lts_1014I_06_01	06	01	0	188	4	1	1	Hit	458	4-mul/26374055.thl.jpg	26374055.thl.jpg	SPACE	501	SPACE
1444846403863	0	lts_1014I_06_01	06	01	0	189	0	0	0	CR	MAX	Adog120.jpg	Adog120.jpg	NOKEY	MAX	NOKEY
1444846406956	0	lts_1014I_06_01	06	01	0	190	0	0	0	CR	MAX	Apersonsfoot.jpg	Apersonsfoot.jpg	NOKEY	MAX	NOKEY
1444846410033	0	lts_1014I_06_01	06	01	0	191	0	0	0	CR	MAX	APARSLEY.jpg	APARSLEY.jpg	NOKEY	MAX	NOKEY
1444846413109	0	lts_1014I_06_01	06	01	0	192	0	0	0	CR	MAX	ARICE2.jpg	ARICE2.jpg	NOKEY	MAX	NOKEY
1444846416185	0	lts_1014I_06_01	06	01	0	193	0	0	0	CR	MAX	Aacarthatsbe2.jpg	Aacarthatsbe2.jpg	NOKEY	MAX	NOKEY
1444846419261	0	lts_1014I_06_01	06	01	0	194	128	1	0	Miss	MAX	128-1/Abrownbagwith.jpg	Abrownbagwith.jpg	NOKEY	MAX	SPACE
1444846422337	0	lts_1014I_06_01	06	01	0	195	0	0	0	CR	MAX	ANAPKHOL7.jpg	ANAPKHOL7.jpg	NOKEY	MAX	NOKEY
1444846425429	0	lts_1014I_06_01	06	01	0	196	0	0	0	CR	MAX	labyrinthe.jpg	labyrinthe.jpg	NOKEY	MAX	NOKEY
1444846426466	0	lts_1014I_06_01	06	01	0	197	64	1	1	Hit	553	64-first/26460317.thl.jpg	26460317.thl.jpg	SPACE	603	SPACE
1444846429559	0	lts_1014I_06_01	06	01	0	198	0	0	0	CR	MAX	clothpiece.jpg	clothpiece.jpg	NOKEY	MAX	NOKEY
1444846432635	0	lts_1014I_06_01	06	01	0	199	0	0	0	CR	MAX	AGIFTBOX8.jpg	AGIFTBOX8.jpg	NOKEY	MAX	NOKEY
1444846435711	0	lts_1014I_06_01	06	01	0	200	0	0	0	CR	MAX	64/Aelectronicg9.jpg	Aelectronicg9.jpg	NOKEY	MAX	NOKEY
1444846438804	0	lts_1014I_06_01	06	01	0	201	0	0	0	CR	MAX	Abox80.jpg	Abox80.jpg	NOKEY	MAX	NOKEY
1444846439940	0	lts_1014I_06_01	06	01	0	202	16	1	1	Hit	652	16-first/ACLOWSTE5.jpg	ACLOWSTE5.jpg	SPACE	702	SPACE
1444846443017	0	lts_1014I_06_01	06	01	0	203	0	0	0	CR	MAX	Abasket110.jpg	Abasket110.jpg	NOKEY	MAX	NOKEY
1444846444121	0	lts_1014I_06_01	06	01	0	204	128	1	1	Hit	630	128-6/AHUMIDIFI.jpg	AHUMIDIFI.jpg	SPACE	668	SPACE
1444846447214	0	lts_1014I_06_01	06	01	0	205	0	0	0	CR	MAX	Aclog6.jpg	Aclog6.jpg	NOKEY	MAX	NOKEY
1444846448150	0	lts_1014I_06_01	06	01	0	206	4	1	1	Hit	459	4-mul/ACLOWSTE5.jpg	ACLOWSTE5.jpg	SPACE	501	SPACE
1444846451226	0	lts_1014I_06_01	06	01	0	207	0	0	0	CR	MAX	AGARBCAN.jpg	AGARBCAN.jpg	NOKEY	MAX	NOKEY
1444846454301	0	lts_1014I_06_01	06	01	0	208	0	0	0	CR	MAX	1/Apaperclipsin.jpg	Apaperclipsin.jpg	NOKEY	MAX	NOKEY
1444846455238	0	lts_1014I_06_01	06	01	0	209	1	1	1	Hit	455	1-5/Apaperclipsin.jpg	Apaperclipsin.jpg	SPACE	502	SPACE
1444846458313	0	lts_1014I_06_01	06	01	0	210	0	0	0	CR	MAX	32/AAIRBLOW.jpg	AAIRBLOW.jpg	NOKEY	MAX	NOKEY
1444846461389	0	lts_1014I_06_01	06	01	0	211	0	0	0	CR	MAX	64/22853352.thl.jpg	22853352.thl.jpg	NOKEY	MAX	NOKEY
1444846464465	0	lts_1014I_06_01	06	01	0	212	0	0	0	CR	MAX	32/Ablackma3.jpg	Ablackma3.jpg	NOKEY	MAX	NOKEY
1444846465385	0	lts_1014I_06_01	06	01	0	213	16	1	1	Hit	446	16-mul/26460317.thl.jpg	26460317.thl.jpg	SPACE	485	SPACE
1444846466538	0	lts_1014I_06_01	06	01	0	214	0	0	1	FA	680	26424478.thl.jpg	26424478.thl.jpg	SPACE	720	NOKEY
1444846469631	0	lts_1014I_06_01	06	01	0	215	0	0	0	CR	MAX	2/Atoyball.jpg	Atoyball.jpg	NOKEY	MAX	NOKEY
1444846472724	0	lts_1014I_06_01	06	01	0	216	0	0	0	CR	MAX	8/8245207.thl.jpg	8245207.thl.jpg	NOKEY	MAX	NOKEY
1444846473526	0	lts_1014I_06_01	06	01	0	217	2	1	1	Hit	326	2-5/Atoyball.jpg	Atoyball.jpg	SPACE	369	SPACE
1444846476602	0	lts_1014I_06_01	06	01	0	218	0	0	0	CR	MAX	Akeg6.jpg	Akeg6.jpg	NOKEY	MAX	NOKEY
1444846479695	0	lts_1014I_06_01	06	01	0	219	0	0	0	CR	MAX	8/Abaleofhay.jpg	Abaleofhay.jpg	NOKEY	MAX	NOKEY
1444846482788	0	lts_1014I_06_01	06	01	0	220	0	0	0	CR	MAX	2/redonion.jpg	redonion.jpg	NOKEY	MAX	NOKEY
1444846485864	0	lts_1014I_06_01	06	01	0	221	0	0	0	CR	MAX	Aflowerpot15.jpg	Aflowerpot15.jpg	NOKEY	MAX	NOKEY
1444846486951	0	lts_1014I_06_01	06	01	0	222	2	1	1	Hit	617	2-9/redonion.jpg	redonion.jpg	SPACE	653	SPACE
1444846490028	0	lts_1014I_06_01	06	01	0	223	0	0	0	CR	MAX	AAXE4.jpg	AAXE4.jpg	NOKEY	MAX	NOKEY
1444846491098	0	lts_1014I_06_01	06	01	0	224	8	1	1	Hit	599	8-first/8245207.thl.jpg	8245207.thl.jpg	SPACE	634	SPACE
1444846494190	0	lts_1014I_06_01	06	01	0	225	0	0	0	CR	MAX	Adiscoball2.jpg	Adiscoball2.jpg	NOKEY	MAX	NOKEY
1444846497265	0	lts_1014I_06_01	06	01	0	226	0	0	0	CR	MAX	AIVORSUIT.jpg	AIVORSUIT.jpg	NOKEY	MAX	NOKEY
1444846498285	0	lts_1014I_06_01	06	01	0	227	8	1	1	Hit	547	8-first/Abaleofhay.jpg	Abaleofhay.jpg	SPACE	585	SPACE
1444846501361	0	lts_1014I_06_01	06	01	0	228	0	0	0	CR	MAX	AANTMILK.jpg	AANTMILK.jpg	NOKEY	MAX	NOKEY
1444846502298	0	lts_1014I_06_01	06	01	0	229	2	1	1	Hit	451	2-mul/Abaleofhay.jpg	Abaleofhay.jpg	SPACE	501	SPACE
1444846505374	0	lts_1014I_06_01	06	01	0	230	0	0	0	CR	MAX	2/Abackpack11.jpg	Abackpack11.jpg	NOKEY	MAX	NOKEY
1444846508466	0	lts_1014I_06_01	06	01	0	231	0	0	0	CR	MAX	AHOTPAD4.jpg	AHOTPAD4.jpg	NOKEY	MAX	NOKEY
1444846509470	0	lts_1014I_06_01	06	01	0	232	2	1	1	Hit	523	2-10/Abackpack11.jpg	Abackpack11.jpg	SPACE	569	SPACE
1444846512546	0	lts_1014I_06_01	06	01	0	233	0	0	0	CR	MAX	ACEMPOST.jpg	ACEMPOST.jpg	NOKEY	MAX	NOKEY
1444846515638	0	lts_1014I_06_01	06	01	0	234	0	0	0	CR	MAX	1/26437080.thl.jpg	26437080.thl.jpg	NOKEY	MAX	NOKEY
1444846516508	0	lts_1014I_06_01	06	01	0	235	1	1	1	Hit	384	1-4/26437080.thl.jpg	26437080.thl.jpg	SPACE	419	SPACE
1444846519634	0	lts_1014I_06_01	06	01	0	236	0	0	0	CR	MAX	AMAILBO28.jpg	AMAILBO28.jpg	NOKEY	MAX	NOKEY
1444846522710	0	lts_1014I_06_01	06	01	0	237	0	0	0	CR	MAX	ALAB2.jpg	ALAB2.jpg	NOKEY	MAX	NOKEY
1444846525803	0	lts_1014I_06_01	06	01	0	238	0	0	0	CR	MAX	ABLACKB12.jpg	ABLACKB12.jpg	NOKEY	MAX	NOKEY
1444846528895	0	lts_1014I_06_01	06	01	0	239	0	0	0	CR	MAX	hairbarette.jpg	hairbarette.jpg	NOKEY	MAX	NOKEY
1444846529865	0	lts_1014I_06_01	06	01	0	240	16	1	1	Hit	490	16-mul/8245207.thl.jpg	8245207.thl.jpg	SPACE	535	SPACE
1444846532941	0	lts_1014I_06_01	06	01	0	241	0	0	0	CR	MAX	ASALAMI.jpg	ASALAMI.jpg	NOKEY	MAX	NOKEY
1444846534029	0	lts_1014I_06_01	06	01	0	242	32	1	1	Hit	610	32-7/AAIRBLOW.jpg	AAIRBLOW.jpg	SPACE	652	SPACE
1444846537105	0	lts_1014I_06_01	06	01	0	243	0	0	0	CR	MAX	Aclimbingtool.jpg	Aclimbingtool.jpg	NOKEY	MAX	NOKEY
1444846538058	0	lts_1014I_06_01	06	01	0	244	32	1	1	Hit	480	32-4/Ablackma3.jpg	Ablackma3.jpg	SPACE	518	SPACE
1444846541134	0	lts_1014I_06_01	06	01	0	245	0	0	0	CR	MAX	AANTSTO12.jpg	AANTSTO12.jpg	NOKEY	MAX	NOKEY
1444846544210	0	lts_1014I_06_01	06	01	0	246	0	0	0	CR	MAX	ACOOKOIL.jpg	ACOOKOIL.jpg	NOKEY	MAX	NOKEY
1444846547285	0	lts_1014I_06_01	06	01	0	247	0	0	0	CR	MAX	ABRIDGE3.jpg	ABRIDGE3.jpg	NOKEY	MAX	NOKEY
1444846548239	0	lts_1014I_06_01	06	01	0	248	128	1	1	Hit	484	128-0/donaldduck.jpg	donaldduck.jpg	SPACE	518	SPACE
1444846551331	0	lts_1014I_06_01	06	01	0	249	0	0	0	CR	MAX	32/AARTBERRI.jpg	AARTBERRI.jpg	NOKEY	MAX	NOKEY
1444846554423	0	lts_1014I_06_01	06	01	0	250	0	0	0	CR	MAX	8/Aairtank7.jpg	Aairtank7.jpg	NOKEY	MAX	NOKEY
1444846555594	0	lts_1014I_06_01	06	01	0	251	0	0	1	FA	695	Aleatherpenc9.jpg	Aleatherpenc9.jpg	SPACE	737	NOKEY
1444846558670	0	lts_1014I_06_01	06	01	0	252	0	0	0	CR	MAX	1/26440026.thl.jpg	26440026.thl.jpg	NOKEY	MAX	NOKEY
1444846559623	0	lts_1014I_06_01	06	01	0	253	1	1	1	Hit	480	1-9/26440026.thl.jpg	26440026.thl.jpg	SPACE	519	SPACE
1444846562716	0	lts_1014I_06_01	06	01	0	254	0	0	0	CR	MAX	Asquid2.jpg	Asquid2.jpg	NOKEY	MAX	NOKEY
1444846565792	0	lts_1014I_06_01	06	01	0	255	0	0	0	CR	MAX	Aancientston3.jpg	Aancientston3.jpg	NOKEY	MAX	NOKEY
1444846568884	0	lts_1014I_06_01	06	01	0	256	0	0	0	CR	MAX	changepurse03.jpg	changepurse03.jpg	NOKEY	MAX	NOKEY
1444846571960	0	lts_1014I_06_01	06	01	0	257	0	0	0	CR	MAX	Aextensionco8.jpg	Aextensionco8.jpg	NOKEY	MAX	NOKEY
1444846572963	0	lts_1014I_06_01	06	01	0	258	8	1	1	Hit	530	8-first/Aairtank7.jpg	Aairtank7.jpg	SPACE	568	SPACE
1444846576040	0	lts_1014I_06_01	06	01	0	259	0	0	0	CR	MAX	ATRACTWH6.jpg	ATRACTWH6.jpg	NOKEY	MAX	NOKEY
1444846576976	0	lts_1014I_06_01	06	01	0	260	2	1	1	Hit	450	2-mul/Aairtank7.jpg	Aairtank7.jpg	SPACE	501	SPACE
1444846580053	0	lts_1014I_06_01	06	01	0	261	0	0	0	CR	MAX	ADOGTOY5.jpg	ADOGTOY5.jpg	NOKEY	MAX	NOKEY
1444846583146	0	lts_1014I_06_01	06	01	0	262	0	0	0	CR	MAX	B_orange.jpg	B_orange.jpg	NOKEY	MAX	NOKEY
1444846586238	0	lts_1014I_06_01	06	01	0	263	0	0	0	CR	MAX	12955.JPG	12955.JPG	NOKEY	MAX	NOKEY
1444846587225	0	lts_1014I_06_01	06	01	0	264	64	1	1	Hit	507	64-first/Aelectronicg9.jpg	Aelectronicg9.jpg	SPACE	552	SPACE
1444846590317	0	lts_1014I_06_01	06	01	0	265	0	0	0	CR	MAX	1/Apants8.jpg	Apants8.jpg	NOKEY	MAX	NOKEY
1444846591153	0	lts_1014I_06_01	06	01	0	266	1	1	1	Hit	361	1-10/Apants8.jpg	Apants8.jpg	SPACE	401	SPACE
1444846594246	0	lts_1014I_06_01	06	01	0	267	0	0	0	CR	MAX	Acleaningpro6.jpg	Acleaningpro6.jpg	NOKEY	MAX	NOKEY
1444846595166	0	lts_1014I_06_01	06	01	0	268	4	1	1	Hit	449	4-mul/Aelectronicg9.jpg	Aelectronicg9.jpg	SPACE	484	SPACE
1444846598242	0	lts_1014I_06_01	06	01	0	269	2	1	0	Miss	MAX	2/10049507.thl-1.jpg	10049507.thl-1.jpg	NOKEY	MAX	SPACE
1444846601334	0	lts_1014I_06_01	06	01	0	270	0	0	0	CR	MAX	Aantiquecigar.jpg	Aantiquecigar.jpg	NOKEY	MAX	NOKEY
1444846602320	0	lts_1014I_06_01	06	01	0	271	2	1	1	Hit	501	2-3/10049507.thl-1.jpg	10049507.thl-1.jpg	SPACE	552	SPACE
1444846605396	0	lts_1014I_06_01	06	01	0	272	0	0	0	CR	MAX	AREDBEAN5.jpg	AREDBEAN5.jpg	NOKEY	MAX	NOKEY
1444846608472	0	lts_1014I_06_01	06	01	0	273	0	0	0	CR	MAX	iguana.jpg	iguana.jpg	NOKEY	MAX	NOKEY
1444846611565	0	lts_1014I_06_01	06	01	0	274	0	0	0	CR	MAX	32/AMINICYM6.jpg	AMINICYM6.jpg	NOKEY	MAX	NOKEY
1444846612852	0	lts_1014I_06_01	06	01	0	275	64	1	1	Hit	810	64-first/22853352.thl.jpg	22853352.thl.jpg	SPACE	853	SPACE
1444846615945	0	lts_1014I_06_01	06	01	0	276	0	0	0	CR	MAX	ATVLAMP.jpg	ATVLAMP.jpg	NOKEY	MAX	NOKEY
1444846619039	0	lts_1014I_06_01	06	01	0	277	0	0	0	CR	MAX	AAFRICI13.jpg	AAFRICI13.jpg	NOKEY	MAX	NOKEY
1444846622131	0	lts_1014I_06_01	06	01	0	278	0	0	0	CR	MAX	Acocktailumb4.jpg	Acocktailumb4.jpg	NOKEY	MAX	NOKEY
1444846623168	0	lts_1014I_06_01	06	01	0	279	4	1	1	Hit	565	4-mul/22853352.thl.jpg	22853352.thl.jpg	SPACE	601	SPACE
1444846626260	0	lts_1014I_06_01	06	01	0	280	0	0	0	CR	MAX	ABELL7.jpg	ABELL7.jpg	NOKEY	MAX	NOKEY
1444846627330	0	lts_1014I_06_01	06	01	0	281	32	1	1	Hit	590	32-1/AARTBERRI.jpg	AARTBERRI.jpg	SPACE	635	SPACE
1444846630406	0	lts_1014I_06_01	06	01	0	282	0	0	0	CR	MAX	Astonecarvin8.jpg	Astonecarvin8.jpg	NOKEY	MAX	NOKEY
1444846633498	0	lts_1014I_06_01	06	01	0	283	0	0	0	CR	MAX	AROCKSHO2.jpg	AROCKSHO2.jpg	NOKEY	MAX	NOKEY
1444846636575	0	lts_1014I_06_01	06	01	0	284	0	0	0	CR	MAX	Aleatherbeltp.jpg	Aleatherbeltp.jpg	NOKEY	MAX	NOKEY
1444846639651	0	lts_1014I_06_01	06	01	0	285	0	0	0	CR	MAX	Aangel37.jpg	Aangel37.jpg	NOKEY	MAX	NOKEY
1444846642727	0	lts_1014I_06_01	06	01	0	286	0	0	0	CR	MAX	16/AMINCOLLE.jpg	AMINCOLLE.jpg	NOKEY	MAX	NOKEY
1444846645803	0	lts_1014I_06_01	06	01	0	287	0	0	0	CR	MAX	Acomputerdes8.jpg	Acomputerdes8.jpg	NOKEY	MAX	NOKEY
1444846648879	0	lts_1014I_06_01	06	01	0	288	0	0	0	CR	MAX	4/Ababytableand.jpg	Ababytableand.jpg	NOKEY	MAX	NOKEY
1444846650117	0	lts_1014I_06_01	06	01	0	289	0	0	1	FA	737	32/26465344.thl.jpg	26465344.thl.jpg	SPACE	786	NOKEY
1444846653210	0	lts_1014I_06_01	06	01	0	290	0	0	0	CR	MAX	AFOOTST26.jpg	AFOOTST26.jpg	NOKEY	MAX	NOKEY
1444846656285	0	lts_1014I_06_01	06	01	0	291	0	0	0	CR	MAX	Aashtray67.jpg	Aashtray67.jpg	NOKEY	MAX	NOKEY
1444846657305	0	lts_1014I_06_01	06	01	0	292	4	1	1	Hit	545	4-11/Ababytableand.jpg	Ababytableand.jpg	SPACE	585	SPACE
1444846660381	0	lts_1014I_06_01	06	01	0	293	0	0	0	CR	MAX	128/E_statue.jpg	E_statue.jpg	NOKEY	MAX	NOKEY
1444846663457	0	lts_1014I_06_01	06	01	0	294	0	0	0	CR	MAX	jumpmattress.jpg	jumpmattress.jpg	NOKEY	MAX	NOKEY
1444846666549	0	lts_1014I_06_01	06	01	0	295	0	0	0	CR	MAX	A95CHEROK.jpg	A95CHEROK.jpg	NOKEY	MAX	NOKEY
1444846669642	0	lts_1014I_06_01	06	01	0	296	0	0	0	CR	MAX	peanutbutter.jpg	peanutbutter.jpg	NOKEY	MAX	NOKEY
1444846670712	0	lts_1014I_06_01	06	01	0	297	128	1	1	Hit	590	128-4/26420979.thl.jpg	26420979.thl.jpg	SPACE	635	SPACE
1444846673805	0	lts_1014I_06_01	06	01	0	298	0	0	0	CR	MAX	Ameatcleaver2.jpg	Ameatcleaver2.jpg	NOKEY	MAX	NOKEY
1444846676881	0	lts_1014I_06_01	06	01	0	299	0	0	0	CR	MAX	64/AORGAN.jpg	AORGAN.jpg	NOKEY	MAX	NOKEY
1444846679957	0	lts_1014I_06_01	06	01	0	300	0	0	0	CR	MAX	Agroupofmole7.jpg	Agroupofmole7.jpg	NOKEY	MAX	NOKEY
1444846683034	0	lts_1014I_06_01	06	01	0	301	0	0	0	CR	MAX	128/ACEILHOOK.jpg	ACEILHOOK.jpg	NOKEY	MAX	NOKEY
1444846683969	0	lts_1014I_06_01	06	01	0	302	16	1	1	Hit	461	16-0/AMINCOLLE.jpg	AMINCOLLE.jpg	SPACE	500	SPACE
1444846687046	0	lts_1014I_06_01	06	01	0	303	0	0	0	CR	MAX	1/34935544.thl.jpg	34935544.thl.jpg	NOKEY	MAX	NOKEY
1444846688500	0	lts_1014I_06_01	06	01	0	304	1	1	1	Hit	976	1-3/34935544.thl.jpg	34935544.thl.jpg	SPACE	1020	SPACE
1444846691659	0	lts_1014I_06_01	06	01	0	305	0	0	0	CR	MAX	128/AXMASTIN3.jpg	AXMASTIN3.jpg	NOKEY	MAX	NOKEY
1444846692579	0	lts_1014I_06_01	06	01	0	306	32	1	1	Hit	445	32-9/AMINICYM6.jpg	AMINICYM6.jpg	SPACE	486	SPACE
1444846695655	0	lts_1014I_06_01	06	01	0	307	0	0	0	CR	MAX	ATIMECLO3.jpg	ATIMECLO3.jpg	NOKEY	MAX	NOKEY
1444846698748	0	lts_1014I_06_01	06	01	0	308	0	0	0	CR	MAX	26374731.thl.jpg	26374731.thl.jpg	NOKEY	MAX	NOKEY
1444846701824	0	lts_1014I_06_01	06	01	0	309	0	0	0	CR	MAX	8052266.thl.jpg	8052266.thl.jpg	NOKEY	MAX	NOKEY
1444846704917	0	lts_1014I_06_01	06	01	0	310	0	0	0	CR	MAX	128/Agreenleaf3.jpg	Agreenleaf3.jpg	NOKEY	MAX	NOKEY
1444846707993	0	lts_1014I_06_01	06	01	0	311	0	0	0	CR	MAX	22923524.thl.jpg	22923524.thl.jpg	NOKEY	MAX	NOKEY
1444846711070	0	lts_1014I_06_01	06	01	0	312	0	0	0	CR	MAX	AMOUSWHEE.jpg	AMOUSWHEE.jpg	NOKEY	MAX	NOKEY
1444846714146	0	lts_1014I_06_01	06	01	0	313	0	0	0	CR	MAX	32/sportsbasket.jpg	sportsbasket.jpg	NOKEY	MAX	NOKEY
1444846717239	0	lts_1014I_06_01	06	01	0	314	0	0	0	CR	MAX	Astereo30.jpg	Astereo30.jpg	NOKEY	MAX	NOKEY
1444846720314	0	lts_1014I_06_01	06	01	0	315	0	0	0	CR	MAX	AELECSAW.jpg	AELECSAW.jpg	NOKEY	MAX	NOKEY
1444846723407	0	lts_1014I_06_01	06	01	0	316	0	0	0	CR	MAX	Afrog45.jpg	Afrog45.jpg	NOKEY	MAX	NOKEY
1444846726483	0	lts_1014I_06_01	06	01	0	317	0	0	0	CR	MAX	Abicycleshoe.jpg	Abicycleshoe.jpg	NOKEY	MAX	NOKEY
1444846729575	0	lts_1014I_06_01	06	01	0	318	0	0	0	CR	MAX	1/Apulley71.jpg	Apulley71.jpg	NOKEY	MAX	NOKEY
1444846730495	0	lts_1014I_06_01	06	01	0	319	1	1	1	Hit	437	1-7/Apulley71.jpg	Apulley71.jpg	SPACE	486	SPACE
1444846731799	0	lts_1014I_06_01	06	01	0	320	0	0	1	FA	821	Ashark7.jpg	Ashark7.jpg	SPACE	870	NOKEY
1444846732802	0	lts_1014I_06_01	06	01	0	321	32	1	1	Hit	530	32-0/26465344.thl.jpg	26465344.thl.jpg	SPACE	569	SPACE
1444846735878	0	lts_1014I_06_01	06	01	0	322	0	0	0	CR	MAX	Acprmask2.jpg	Acprmask2.jpg	NOKEY	MAX	NOKEY
1444846738954	0	lts_1014I_06_01	06	01	0	323	0	0	0	CR	MAX	2/AHIBACHI.jpg	AHIBACHI.jpg	NOKEY	MAX	NOKEY
1444846742031	0	lts_1014I_06_01	06	01	0	324	0	0	0	CR	MAX	4/26420069.thl.jpg	26420069.thl.jpg	NOKEY	MAX	NOKEY
1444846742983	0	lts_1014I_06_01	06	01	0	325	2	1	1	Hit	478	2-8/AHIBACHI.jpg	AHIBACHI.jpg	SPACE	517	SPACE
1444846746060	0	lts_1014I_06_01	06	01	0	326	0	0	0	CR	MAX	ASHIRTSK2.jpg	ASHIRTSK2.jpg	NOKEY	MAX	NOKEY
1444846749136	0	lts_1014I_06_01	06	01	0	327	0	0	0	CR	MAX	32/Atable132.jpg	Atable132.jpg	NOKEY	MAX	NOKEY
1444846750139	0	lts_1014I_06_01	06	01	0	328	4	1	1	Hit	523	4-10/26420069.thl.jpg	26420069.thl.jpg	SPACE	567	SPACE
1444846753215	0	lts_1014I_06_01	06	01	0	329	0	0	0	CR	MAX	2/basketball.JPG	basketball.JPG	NOKEY	MAX	NOKEY
1444846756307	0	lts_1014I_06_01	06	01	0	330	0	0	0	CR	MAX	AMANJUI2.jpg	AMANJUI2.jpg	NOKEY	MAX	NOKEY
1444846757211	0	lts_1014I_06_01	06	01	0	331	2	1	1	Hit	418	2-12/basketball.JPG	basketball.JPG	SPACE	468	SPACE
1444846760286	0	lts_1014I_06_01	06	01	0	332	0	0	0	CR	MAX	Aembossedsta2.jpg	Aembossedsta2.jpg	NOKEY	MAX	NOKEY
1444846763379	0	lts_1014I_06_01	06	01	0	333	0	0	0	CR	MAX	8/ASHARK3.jpg	ASHARK3.jpg	NOKEY	MAX	NOKEY
1444846766455	0	lts_1014I_06_01	06	01	0	334	0	0	0	CR	MAX	AFILM.jpg	AFILM.jpg	NOKEY	MAX	NOKEY
1444846769531	0	lts_1014I_06_01	06	01	0	335	0	0	0	CR	MAX	burrito.jpg	burrito.jpg	NOKEY	MAX	NOKEY
1444846772607	0	lts_1014I_06_01	06	01	0	336	0	0	0	CR	MAX	AANTCASH3.jpg	AANTCASH3.jpg	NOKEY	MAX	NOKEY
1444846775683	0	lts_1014I_06_01	06	01	0	337	0	0	0	CR	MAX	2/AWEDCOU19.jpg	AWEDCOU19.jpg	NOKEY	MAX	NOKEY
1444846778759	0	lts_1014I_06_01	06	01	0	338	0	0	0	CR	MAX	64/ALEMUR3.jpg	ALEMUR3.jpg	NOKEY	MAX	NOKEY
1444846779779	0	lts_1014I_06_01	06	01	0	339	2	1	1	Hit	536	2-4/AWEDCOU19.jpg	AWEDCOU19.jpg	SPACE	586	SPACE
1444846782855	0	lts_1014I_06_01	06	01	0	340	0	0	0	CR	MAX	8/ferrywheeltoy.jpg	ferrywheeltoy.jpg	NOKEY	MAX	NOKEY
1444846783841	0	lts_1014I_06_01	06	01	0	341	8	1	1	Hit	505	8-first/ASHARK3.jpg	ASHARK3.jpg	SPACE	552	SPACE
1444846786917	0	lts_1014I_06_01	06	01	0	342	0	0	0	CR	MAX	Acroissant.jpg	Acroissant.jpg	NOKEY	MAX	NOKEY
1444846789993	0	lts_1014I_06_01	06	01	0	343	0	0	0	CR	MAX	ice.jpg	ice.jpg	NOKEY	MAX	NOKEY
1444846793070	0	lts_1014I_06_01	06	01	0	344	0	0	0	CR	MAX	64/26441750.thl.jpg	26441750.thl.jpg	NOKEY	MAX	NOKEY
1444846794057	0	lts_1014I_06_01	06	01	0	345	32	1	1	Hit	500	32-6/sportsbasket.jpg	sportsbasket.jpg	SPACE	551	SPACE
1444846797133	0	lts_1014I_06_01	06	01	0	346	0	0	0	CR	MAX	AMETALPER.jpg	AMETALPER.jpg	NOKEY	MAX	NOKEY
1444846800209	0	lts_1014I_06_01	06	01	0	347	0	0	0	CR	MAX	64/APUMPCOOK.jpg	APUMPCOOK.jpg	NOKEY	MAX	NOKEY
1444846801162	0	lts_1014I_06_01	06	01	0	348	8	1	1	Hit	479	8-first/ferrywheeltoy.jpg	ferrywheeltoy.jpg	SPACE	518	SPACE
1444846804238	0	lts_1014I_06_01	06	01	0	349	0	0	0	CR	MAX	AARTIHAN5.jpg	AARTIHAN5.jpg	NOKEY	MAX	NOKEY
1444846805074	0	lts_1014I_06_01	06	01	0	350	2	1	1	Hit	366	2-mul/ferrywheeltoy.jpg	ferrywheeltoy.jpg	SPACE	402	SPACE
1444846808166	0	lts_1014I_06_01	06	01	0	351	0	0	0	CR	MAX	1/26384871.thl.jpg	26384871.thl.jpg	NOKEY	MAX	NOKEY
1444846809069	0	lts_1014I_06_01	06	01	0	352	1	1	1	Hit	421	1-8/26384871.thl.jpg	26384871.thl.jpg	SPACE	467	SPACE
1444846812145	0	lts_1014I_06_01	06	01	0	353	0	0	0	CR	MAX	Awatch53.jpg	Awatch53.jpg	NOKEY	MAX	NOKEY
1444846815221	0	lts_1014I_06_01	06	01	0	354	0	0	0	CR	MAX	22908308.thl.jpg	22908308.thl.jpg	NOKEY	MAX	NOKEY
1444846818296	0	lts_1014I_06_01	06	01	0	355	0	0	0	CR	MAX	16/Abikepedalar2.jpg	Abikepedalar2.jpg	NOKEY	MAX	NOKEY
1444846821373	0	lts_1014I_06_01	06	01	0	356	0	0	0	CR	MAX	ACOATHA44.jpg	ACOATHA44.jpg	NOKEY	MAX	NOKEY
1444846822359	0	lts_1014I_06_01	06	01	0	357	16	1	1	Hit	511	16-mul/ASHARK3.jpg	ASHARK3.jpg	SPACE	552	SPACE
1444846825452	0	lts_1014I_06_01	06	01	0	358	0	0	0	CR	MAX	22859796.thl.jpg	22859796.thl.jpg	NOKEY	MAX	NOKEY
1444846826405	0	lts_1014I_06_01	06	01	0	359	32	1	1	Hit	483	32-3/Atable132.jpg	Atable132.jpg	SPACE	518	SPACE
1444846829481	0	lts_1014I_06_01	06	01	0	360	0	0	0	CR	MAX	Akazoo2.jpg	Akazoo2.jpg	NOKEY	MAX	NOKEY
1444846832573	0	lts_1014I_06_01	06	01	0	361	0	0	0	CR	MAX	buffalowings.jpg	buffalowings.jpg	NOKEY	MAX	NOKEY
1444846835666	0	lts_1014I_06_01	06	01	0	362	0	0	0	CR	MAX	ASTONHOU2.jpg	ASTONHOU2.jpg	NOKEY	MAX	NOKEY
1444846836669	0	lts_1014I_06_01	06	01	0	363	64	1	1	Hit	535	64-first/AORGAN.jpg	AORGAN.jpg	SPACE	568	SPACE
1444846839745	0	lts_1014I_06_01	06	01	0	364	0	0	0	CR	MAX	1/26373068.thl.jpg	26373068.thl.jpg	NOKEY	MAX	NOKEY
1444846840648	0	lts_1014I_06_01	06	01	0	365	1	1	1	Hit	427	1-0/26373068.thl.jpg	26373068.thl.jpg	SPACE	469	SPACE
1444846843724	0	lts_1014I_06_01	06	01	0	366	0	0	0	CR	MAX	Apocketwatch.jpg	Apocketwatch.jpg	NOKEY	MAX	NOKEY
1444846846817	0	lts_1014I_06_01	06	01	0	367	0	0	0	CR	MAX	32/Acdrominterf2.jpg	Acdrominterf2.jpg	NOKEY	MAX	NOKEY
1444846849910	0	lts_1014I_06_01	06	01	0	368	0	0	0	CR	MAX	darkwador.jpg	darkwador.jpg	NOKEY	MAX	NOKEY
1444846853003	0	lts_1014I_06_01	06	01	0	369	0	0	0	CR	MAX	Anailscissors.jpg	Anailscissors.jpg	NOKEY	MAX	NOKEY
1444846856080	0	lts_1014I_06_01	06	01	0	370	0	0	0	CR	MAX	26420956.thl.jpg	26420956.thl.jpg	NOKEY	MAX	NOKEY
1444846857466	0	lts_1014I_06_01	06	01	0	371	16	1	1	Hit	914	16-1/Abikepedalar2.jpg	Abikepedalar2.jpg	SPACE	953	SPACE
1444846860542	0	lts_1014I_06_01	06	01	0	372	0	0	0	CR	MAX	tires.jpg	tires.jpg	NOKEY	MAX	NOKEY
1444846863618	0	lts_1014I_06_01	06	01	0	373	0	0	0	CR	MAX	tuxedo.jpg	tuxedo.jpg	NOKEY	MAX	NOKEY
1444846866694	0	lts_1014I_06_01	06	01	0	374	0	0	0	CR	MAX	Achair1260.jpg	Achair1260.jpg	NOKEY	MAX	NOKEY
1444846869821	0	lts_1014I_06_01	06	01	0	375	0	0	0	CR	MAX	16/AEGGHOLDE.jpg	AEGGHOLDE.jpg	NOKEY	MAX	NOKEY
1444846872913	0	lts_1014I_06_01	06	01	0	376	0	0	0	CR	MAX	AWASHPART.jpg	AWASHPART.jpg	NOKEY	MAX	NOKEY
1444846876007	0	lts_1014I_06_01	06	01	0	377	0	0	0	CR	MAX	26437068.thl.jpg	26437068.thl.jpg	NOKEY	MAX	NOKEY
1444846879083	0	lts_1014I_06_01	06	01	0	378	0	0	0	CR	MAX	AELEMENT3.jpg	AELEMENT3.jpg	NOKEY	MAX	NOKEY
1444846880070	0	lts_1014I_06_01	06	01	0	379	16	1	1	Hit	505	16-mul/AORGAN.jpg	AORGAN.jpg	SPACE	550	SPACE
1444846883146	0	lts_1014I_06_01	06	01	0	380	0	0	0	CR	MAX	ASPACEHE8.jpg	ASPACEHE8.jpg	NOKEY	MAX	NOKEY
1444846886238	0	lts_1014I_06_01	06	01	0	381	0	0	0	CR	MAX	64/Avicegriptool.jpg	Avicegriptool.jpg	NOKEY	MAX	NOKEY
1444846889313	0	lts_1014I_06_01	06	01	0	382	0	0	0	CR	MAX	4/AELECBE17.jpg	AELECBE17.jpg	NOKEY	MAX	NOKEY
1444846892390	0	lts_1014I_06_01	06	01	0	383	0	0	0	CR	MAX	ABUSINEST.jpg	ABUSINEST.jpg	NOKEY	MAX	NOKEY
1444846895466	0	lts_1014I_06_01	06	01	0	384	0	0	0	CR	MAX	8029703.thl.jpg	8029703.thl.jpg	NOKEY	MAX	NOKEY
1444846898558	0	lts_1014I_06_01	06	01	0	385	0	0	0	CR	MAX	4/Aseal3.jpg	Aseal3.jpg	NOKEY	MAX	NOKEY
1444846899595	0	lts_1014I_06_01	06	01	0	386	4	1	1	Hit	563	4-9/AELECBE17.jpg	AELECBE17.jpg	SPACE	603	SPACE
1444846902671	0	lts_1014I_06_01	06	01	0	387	0	0	0	CR	MAX	ASHAMPO2.jpg	ASHAMPO2.jpg	NOKEY	MAX	NOKEY
1444846905764	0	lts_1014I_06_01	06	01	0	388	0	0	0	CR	MAX	9821274.thl.jpg	9821274.thl.jpg	NOKEY	MAX	NOKEY
1444846906717	0	lts_1014I_06_01	06	01	0	389	4	1	1	Hit	473	4-8/Aseal3.jpg	Aseal3.jpg	SPACE	518	SPACE
1444846909793	0	lts_1014I_06_01	06	01	0	390	0	0	0	CR	MAX	26369944.thl.jpg	26369944.thl.jpg	NOKEY	MAX	NOKEY
1444846910779	0	lts_1014I_06_01	06	01	0	391	16	1	1	Hit	504	16-first/AEGGHOLDE.jpg	AEGGHOLDE.jpg	SPACE	552	SPACE
1444846913872	0	lts_1014I_06_01	06	01	0	392	0	0	0	CR	MAX	Ascientifice6.jpg	Ascientifice6.jpg	NOKEY	MAX	NOKEY
1444846914741	0	lts_1014I_06_01	06	01	0	393	2	1	1	Hit	392	2-mul/AEGGHOLDE.jpg	AEGGHOLDE.jpg	SPACE	435	SPACE
1444846917817	0	lts_1014I_06_01	06	01	0	394	0	0	0	CR	MAX	AWOODSPAT.jpg	AWOODSPAT.jpg	NOKEY	MAX	NOKEY
1444846918854	0	lts_1014I_06_01	06	01	0	395	0	0	1	FA	563	32/Awoodenspoon3.jpg	Awoodenspoon3.jpg	SPACE	602	NOKEY
1444846921947	0	lts_1014I_06_01	06	01	0	396	0	0	0	CR	MAX	satellitedirecttc.jpg	satellitedirecttc.jpg	NOKEY	MAX	NOKEY
1444846925024	0	lts_1014I_06_01	06	01	0	397	0	0	0	CR	MAX	10049816.thl.jpg	10049816.thl.jpg	NOKEY	MAX	NOKEY
1444846928100	0	lts_1014I_06_01	06	01	0	398	0	0	0	CR	MAX	ADECKCARD.jpg	ADECKCARD.jpg	NOKEY	MAX	NOKEY
1444846929269	0	lts_1014I_06_01	06	01	0	399	32	1	1	Hit	697	32-8/Acdrominterf2.jpg	Acdrominterf2.jpg	SPACE	735	SPACE
1444846932345	0	lts_1014I_06_01	06	01	0	400	0	0	0	CR	MAX	E_tractor.jpg	E_tractor.jpg	NOKEY	MAX	NOKEY
1444846935421	0	lts_1014I_06_01	06	01	0	401	0	0	0	CR	MAX	weddingdress.jpg	weddingdress.jpg	NOKEY	MAX	NOKEY
1444846936591	0	lts_1014I_06_01	06	01	0	402	64	1	1	Hit	690	64-first/ALEMUR3.jpg	ALEMUR3.jpg	SPACE	736	SPACE
1444846939684	0	lts_1014I_06_01	06	01	0	403	0	0	0	CR	MAX	Asoapdish3.jpg	Asoapdish3.jpg	NOKEY	MAX	NOKEY
1444846940603	0	lts_1014I_06_01	06	01	0	404	2	1	1	Hit	449	2-mul/ALEMUR3.jpg	ALEMUR3.jpg	SPACE	485	SPACE
1444846943696	0	lts_1014I_06_01	06	01	0	405	0	0	0	CR	MAX	23057742.thl.jpg	23057742.thl.jpg	NOKEY	MAX	NOKEY
1444846946789	0	lts_1014I_06_01	06	01	0	406	0	0	0	CR	MAX	ACOFFGRI9.jpg	ACOFFGRI9.jpg	NOKEY	MAX	NOKEY
1444846949865	0	lts_1014I_06_01	06	01	0	407	0	0	0	CR	MAX	ACOOKCUTT.jpg	ACOOKCUTT.jpg	NOKEY	MAX	NOKEY
1444846950952	0	lts_1014I_06_01	06	01	0	408	64	1	1	Hit	607	64-first/26441750.thl.jpg	26441750.thl.jpg	SPACE	652	SPACE
1444846954029	0	lts_1014I_06_01	06	01	0	409	0	0	0	CR	MAX	26431734.thl.jpg	26431734.thl.jpg	NOKEY	MAX	NOKEY
1444846957122	0	lts_1014I_06_01	06	01	0	410	0	0	0	CR	MAX	ACOPPAN10.jpg	ACOPPAN10.jpg	NOKEY	MAX	NOKEY
1444846958091	0	lts_1014I_06_01	06	01	0	411	64	1	1	Hit	498	64-first/APUMPCOOK.jpg	APUMPCOOK.jpg	SPACE	534	SPACE
1444846961167	0	lts_1014I_06_01	06	01	0	412	0	0	0	CR	MAX	A52ZX.jpg	A52ZX.jpg	NOKEY	MAX	NOKEY
1444846964243	0	lts_1014I_06_01	06	01	0	413	0	0	0	CR	MAX	gymbars.jpg	gymbars.jpg	NOKEY	MAX	NOKEY
1444846967318	0	lts_1014I_06_01	06	01	0	414	0	0	0	CR	MAX	Acinnamonrol2.jpg	Acinnamonrol2.jpg	NOKEY	MAX	NOKEY
1444846968255	0	lts_1014I_06_01	06	01	0	415	4	1	1	Hit	451	4-mul/APUMPCOOK.jpg	APUMPCOOK.jpg	SPACE	501	SPACE
1444846971331	0	lts_1014I_06_01	06	01	0	416	0	0	0	CR	MAX	2/Anotepad9.jpg	Anotepad9.jpg	NOKEY	MAX	NOKEY
1444846974407	0	lts_1014I_06_01	06	01	0	417	0	0	0	CR	MAX	AKNIGHELM.jpg	AKNIGHELM.jpg	NOKEY	MAX	NOKEY
1444846975778	0	lts_1014I_06_01	06	01	0	418	2	1	1	Hit	887	2-2/Anotepad9.jpg	Anotepad9.jpg	SPACE	937	SPACE
1444846978854	0	lts_1014I_06_01	06	01	0	419	0	0	0	CR	MAX	Abar8.jpg	Abar8.jpg	NOKEY	MAX	NOKEY
1444846981946	0	lts_1014I_06_01	06	01	0	420	0	0	0	CR	MAX	AANTCABL2.jpg	AANTCABL2.jpg	NOKEY	MAX	NOKEY
1444846983101	0	lts_1014I_06_01	06	01	0	421	128	1	1	Hit	676	128-2/E_statue.jpg	E_statue.jpg	SPACE	719	SPACE
1444846986177	0	lts_1014I_06_01	06	01	0	422	0	0	0	CR	MAX	driedbananaslides.jpg	driedbananaslides.jpg	NOKEY	MAX	NOKEY
1444846989252	0	lts_1014I_06_01	06	01	0	423	0	0	0	CR	MAX	APOGO4.jpg	APOGO4.jpg	NOKEY	MAX	NOKEY
1444846990189	0	lts_1014I_06_01	06	01	0	424	16	1	1	Hit	461	16-mul/26441750.thl.jpg	26441750.thl.jpg	SPACE	501	SPACE
1444846993281	0	lts_1014I_06_01	06	01	0	425	0	0	0	CR	MAX	Atelephoneja2.jpg	Atelephoneja2.jpg	NOKEY	MAX	NOKEY
1444846996374	0	lts_1014I_06_01	06	01	0	426	0	0	0	CR	MAX	Acarvedpumpk2.jpg	Acarvedpumpk2.jpg	NOKEY	MAX	NOKEY
1444846997427	0	lts_1014I_06_01	06	01	0	427	32	1	1	Hit	573	32-5/Awoodenspoon3.jpg	Awoodenspoon3.jpg	SPACE	620	SPACE
1444847000503	0	lts_1014I_06_01	06	01	0	428	0	0	0	CR	MAX	ACENTRIF5.jpg	ACENTRIF5.jpg	NOKEY	MAX	NOKEY
1444847001590	0	lts_1014I_06_01	06	01	0	429	128	1	1	Hit	619	128-7/ACEILHOOK.jpg	ACEILHOOK.jpg	SPACE	653	SPACE
1444847004666	0	lts_1014I_06_01	06	01	0	430	0	0	0	CR	MAX	bagelslicer.jpg	bagelslicer.jpg	NOKEY	MAX	NOKEY
1444847007742	0	lts_1014I_06_01	06	01	0	431	0	0	0	CR	MAX	26440629.thl.jpg	26440629.thl.jpg	NOKEY	MAX	NOKEY
1444847010819	0	lts_1014I_06_01	06	01	0	432	0	0	0	CR	MAX	26282693.thl.jpg	26282693.thl.jpg	NOKEY	MAX	NOKEY
1444847012240	0	lts_1014I_06_01	06	01	0	433	128	1	1	Hit	942	128-5/AXMASTIN3.jpg	AXMASTIN3.jpg	SPACE	986	SPACE
1444847015315	0	lts_1014I_06_01	06	01	0	434	0	0	0	CR	MAX	Aspraybottle4.jpg	Aspraybottle4.jpg	NOKEY	MAX	NOKEY
1444847018408	0	lts_1014I_06_01	06	01	0	435	0	0	0	CR	MAX	Abeany2.jpg	Abeany2.jpg	NOKEY	MAX	NOKEY
1444847021501	0	lts_1014I_06_01	06	01	0	436	0	0	0	CR	MAX	ARCMPPOL2.jpg	ARCMPPOL2.jpg	NOKEY	MAX	NOKEY
1444847024577	0	lts_1014I_06_01	06	01	0	437	0	0	0	CR	MAX	grips.jpg	grips.jpg	NOKEY	MAX	NOKEY
1444847025780	0	lts_1014I_06_01	06	01	0	438	128	1	1	Hit	725	128-3/Agreenleaf3.jpg	Agreenleaf3.jpg	SPACE	769	SPACE
1444847028857	0	lts_1014I_06_01	06	01	0	439	0	0	0	CR	MAX	1/26467443.thl.jpg	26467443.thl.jpg	NOKEY	MAX	NOKEY
1444847029726	0	lts_1014I_06_01	06	01	0	440	1	1	1	Hit	394	1-1/26467443.thl.jpg	26467443.thl.jpg	SPACE	435	SPACE
1444847032802	0	lts_1014I_06_01	06	01	0	441	0	0	0	CR	MAX	ACAPTAIN9.jpg	ACAPTAIN9.jpg	NOKEY	MAX	NOKEY
1444847035878	0	lts_1014I_06_01	06	01	0	442	0	0	0	CR	MAX	1/ALINENCA3.jpg	ALINENCA3.jpg	NOKEY	MAX	NOKEY
1444847036747	0	lts_1014I_06_01	06	01	0	443	1	1	1	Hit	386	1-13/ALINENCA3.jpg	ALINENCA3.jpg	SPACE	435	SPACE
1444847039840	0	lts_1014I_06_01	06	01	0	444	0	0	0	CR	MAX	Atoy57.jpg	Atoy57.jpg	NOKEY	MAX	NOKEY
1444847040910	0	lts_1014I_06_01	06	01	0	445	64	1	1	Hit	586	64-first/Avicegriptool.jpg	Avicegriptool.jpg	SPACE	635	SPACE
1444847044004	0	lts_1014I_06_01	06	01	0	446	0	0	0	CR	MAX	8027656.thl.jpg	8027656.thl.jpg	NOKEY	MAX	NOKEY
1444847045323	0	lts_1014I_06_01	06	01	0	447	2	1	1	Hit	847	2-mul/Avicegriptool.jpg	Avicegriptool.jpg	SPACE	885	SPACE
1444847048400	0	lts_1014I_06_01	06	01	0	448	0	0	0	CR	MAX	Aclamp58.jpg	Aclamp58.jpg	NOKEY	MAX	NOKEY
1444847051476	0	lts_1014I_06_01	06	01	0	449	0	0	0	CR	MAX	Ahulahoop2.jpg	Ahulahoop2.jpg	NOKEY	MAX	NOKEY
1444847148189	0	lts_1014I_06_01	06	01	1	0	0	0	0	CR	MAX	Ascale60.jpg	Ascale60.jpg	NOKEY	MAX	NOKEY
1444847151264	0	lts_1014I_06_01	06	01	1	1	0	0	0	CR	MAX	Aantiquepock3.jpg	Aantiquepock3.jpg	NOKEY	MAX	NOKEY
1444847154357	0	lts_1014I_06_01	06	01	1	2	0	0	0	CR	MAX	4/APOKCHIP4.jpg	APOKCHIP4.jpg	NOKEY	MAX	NOKEY
1444847157433	0	lts_1014I_06_01	06	01	1	3	0	0	0	CR	MAX	AMETICUBE.jpg	AMETICUBE.jpg	NOKEY	MAX	NOKEY
1444847160509	0	lts_1014I_06_01	06	01	1	4	0	0	0	CR	MAX	64/Asoundmixer2.jpg	Asoundmixer2.jpg	NOKEY	MAX	NOKEY
1444847163585	0	lts_1014I_06_01	06	01	1	5	0	0	0	CR	MAX	Ascrewmount.jpg	Ascrewmount.jpg	NOKEY	MAX	NOKEY
1444847164488	0	lts_1014I_06_01	06	01	1	6	4	1	1	Hit	422	4-1/APOKCHIP4.jpg	APOKCHIP4.jpg	SPACE	469	SPACE
1444847167564	0	lts_1014I_06_01	06	01	1	7	0	0	0	CR	MAX	ACUTBOAR2.jpg	ACUTBOAR2.jpg	NOKEY	MAX	NOKEY
1444847170657	0	lts_1014I_06_01	06	01	1	8	0	0	0	CR	MAX	32/AOVENMIT5.jpg	AOVENMIT5.jpg	NOKEY	MAX	NOKEY
1444847173733	0	lts_1014I_06_01	06	01	1	9	0	0	0	CR	MAX	2/AMETSCULP.jpg	AMETSCULP.jpg	NOKEY	MAX	NOKEY
1444847176825	0	lts_1014I_06_01	06	01	1	10	0	0	0	CR	MAX	ABACKHOE2.jpg	ABACKHOE2.jpg	NOKEY	MAX	NOKEY
1444847177945	0	lts_1014I_06_01	06	01	1	11	2	1	1	Hit	649	2-7/AMETSCULP.jpg	AMETSCULP.jpg	SPACE	685	SPACE
1444847181039	0	lts_1014I_06_01	06	01	1	12	0	0	0	CR	MAX	2/Abicyclegear2.jpg	Abicyclegear2.jpg	NOKEY	MAX	NOKEY
1444847184115	0	lts_1014I_06_01	06	01	1	13	0	0	0	CR	MAX	kotsltd.jpg	kotsltd.jpg	NOKEY	MAX	NOKEY
1444847185118	0	lts_1014I_06_01	06	01	1	14	2	1	1	Hit	532	2-2/Abicyclegear2.jpg	Abicyclegear2.jpg	SPACE	567	SPACE
1444847188194	0	lts_1014I_06_01	06	01	1	15	0	0	0	CR	MAX	8/Apeanut3.jpg	Apeanut3.jpg	NOKEY	MAX	NOKEY
1444847191269	0	lts_1014I_06_01	06	01	1	16	0	0	0	CR	MAX	8063317.thl.jpg	8063317.thl.jpg	NOKEY	MAX	NOKEY
1444847194346	0	lts_1014I_06_01	06	01	1	17	0	0	0	CR	MAX	APUPPY26.jpg	APUPPY26.jpg	NOKEY	MAX	NOKEY
1444847197438	0	lts_1014I_06_01	06	01	1	18	0	0	0	CR	MAX	16/Amagnifyinglo.jpg	Amagnifyinglo.jpg	NOKEY	MAX	NOKEY
1444847200514	0	lts_1014I_06_01	06	01	1	19	0	0	0	CR	MAX	clips-a.jpg	clips-a.jpg	NOKEY	MAX	NOKEY
1444847203590	0	lts_1014I_06_01	06	01	1	20	0	0	0	CR	MAX	stickcheese.jpg	stickcheese.jpg	NOKEY	MAX	NOKEY
1444847206683	0	lts_1014I_06_01	06	01	1	21	0	0	0	CR	MAX	ABARREL3.jpg	ABARREL3.jpg	NOKEY	MAX	NOKEY
1444847209759	0	lts_1014I_06_01	06	01	1	22	0	0	0	CR	MAX	ACHIPPER.jpg	ACHIPPER.jpg	NOKEY	MAX	NOKEY
1444847210695	0	lts_1014I_06_01	06	01	1	23	8	1	1	Hit	456	8-0/Apeanut3.jpg	Apeanut3.jpg	SPACE	501	SPACE
1444847213772	0	lts_1014I_06_01	06	01	1	24	0	0	0	CR	MAX	paintbrush03.jpg	paintbrush03.jpg	NOKEY	MAX	NOKEY
1444847216848	0	lts_1014I_06_01	06	01	1	25	00	1	0	Miss	MAX	00-across/ASHARK3.jpg	ASHARK3.jpg	NOKEY	MAX	SPACE
1444847219924	0	lts_1014I_06_01	06	01	1	26	0	0	0	CR	MAX	22854888.thl.jpg	22854888.thl.jpg	NOKEY	MAX	NOKEY
1444847223084	0	lts_1014I_06_01	06	01	1	27	0	0	0	CR	MAX	cd2-a.jpg	cd2-a.jpg	NOKEY	MAX	NOKEY
1444847226177	0	lts_1014I_06_01	06	01	1	28	0	0	0	CR	MAX	32/ABALLBEAR.jpg	ABALLBEAR.jpg	NOKEY	MAX	NOKEY
1444847229269	0	lts_1014I_06_01	06	01	1	29	0	0	0	CR	MAX	Agiraffe15.jpg	Agiraffe15.jpg	NOKEY	MAX	NOKEY
1444847232345	0	lts_1014I_06_01	06	01	1	30	0	0	0	CR	MAX	16/Abowl74.jpg	Abowl74.jpg	NOKEY	MAX	NOKEY
1444847235438	0	lts_1014I_06_01	06	01	1	31	0	0	0	CR	MAX	64/9815480.thl.jpg	9815480.thl.jpg	NOKEY	MAX	NOKEY
1444847238514	0	lts_1014I_06_01	06	01	1	32	0	0	0	CR	MAX	ALIONWALK.jpg	ALIONWALK.jpg	NOKEY	MAX	NOKEY
1444847241590	0	lts_1014I_06_01	06	01	1	33	0	0	0	CR	MAX	64/hottub.jpg	hottub.jpg	NOKEY	MAX	NOKEY
1444847244666	0	lts_1014I_06_01	06	01	1	34	16	1	0	Miss	MAX	16-first/Amagnifyinglo.jpg	Amagnifyinglo.jpg	NOKEY	MAX	SPACE
1444847247742	0	lts_1014I_06_01	06	01	1	35	0	0	0	CR	MAX	AHEATDUCT.jpg	AHEATDUCT.jpg	NOKEY	MAX	NOKEY
1444847250818	0	lts_1014I_06_01	06	01	1	36	0	0	0	CR	MAX	26372669.thl.jpg	26372669.thl.jpg	NOKEY	MAX	NOKEY
1444847253894	0	lts_1014I_06_01	06	01	1	37	0	0	0	CR	MAX	ALOOFA.jpg	ALOOFA.jpg	NOKEY	MAX	NOKEY
1444847254914	0	lts_1014I_06_01	06	01	1	38	4	1	1	Hit	544	4-mul/Amagnifyinglo.jpg	Amagnifyinglo.jpg	SPACE	585	SPACE
1444847258008	0	lts_1014I_06_01	06	01	1	39	0	0	0	CR	MAX	26427609.thl.jpg	26427609.thl.jpg	NOKEY	MAX	NOKEY
1444847259211	0	lts_1014I_06_01	06	01	1	40	32	1	1	Hit	722	32-6/AOVENMIT5.jpg	AOVENMIT5.jpg	SPACE	768	SPACE
1444847262303	0	lts_1014I_06_01	06	01	1	41	0	0	0	CR	MAX	1/AJUMAR.jpg	AJUMAR.jpg	NOKEY	MAX	NOKEY
1444847263157	0	lts_1014I_06_01	06	01	1	42	1	1	1	Hit	376	1-9/AJUMAR.jpg	AJUMAR.jpg	SPACE	418	SPACE
1444847266233	0	lts_1014I_06_01	06	01	1	43	0	0	0	CR	MAX	AWOODPIN.jpg	AWOODPIN.jpg	NOKEY	MAX	NOKEY
1444847269308	0	lts_1014I_06_01	06	01	1	44	0	0	0	CR	MAX	A4DOMINO.jpg	A4DOMINO.jpg	NOKEY	MAX	NOKEY
1444847272384	0	lts_1014I_06_01	06	01	1	45	0	0	0	CR	MAX	makeuppowder.jpg	makeuppowder.jpg	NOKEY	MAX	NOKEY
1444847273671	0	lts_1014I_06_01	06	01	1	46	16	1	1	Hit	811	16-first/Abowl74.jpg	Abowl74.jpg	SPACE	852	SPACE
1444847276764	0	lts_1014I_06_01	06	01	1	47	0	0	0	CR	MAX	4/AELECTHE4.jpg	AELECTHE4.jpg	NOKEY	MAX	NOKEY
1444847279840	0	lts_1014I_06_01	06	01	1	48	0	0	0	CR	MAX	AGUIRA.jpg	AGUIRA.jpg	NOKEY	MAX	NOKEY
1444847282916	0	lts_1014I_06_01	06	01	1	49	0	0	0	CR	MAX	rollerblades.jpg	rollerblades.jpg	NOKEY	MAX	NOKEY
1444847285992	0	lts_1014I_06_01	06	01	1	50	0	0	0	CR	MAX	ACASSETT2.jpg	ACASSETT2.jpg	NOKEY	MAX	NOKEY
1444847287030	0	lts_1014I_06_01	06	01	1	51	4	1	1	Hit	564	4-8/AELECTHE4.jpg	AELECTHE4.jpg	SPACE	601	SPACE
1444847290122	0	lts_1014I_06_01	06	01	1	52	0	0	0	CR	MAX	4/Ayoungbobcat.jpg	Ayoungbobcat.jpg	NOKEY	MAX	NOKEY
1444847293199	0	lts_1014I_06_01	06	01	1	53	0	0	0	CR	MAX	A56THUND4.jpg	A56THUND4.jpg	NOKEY	MAX	NOKEY
1444847296290	0	lts_1014I_06_01	06	01	1	54	0	0	0	CR	MAX	22859028.thl.jpg	22859028.thl.jpg	NOKEY	MAX	NOKEY
1444847299366	0	lts_1014I_06_01	06	01	1	55	0	0	0	CR	MAX	26418799.thl.jpg	26418799.thl.jpg	NOKEY	MAX	NOKEY
1444847300336	0	lts_1014I_06_01	06	01	1	56	4	1	1	Hit	495	4-5/Ayoungbobcat.jpg	Ayoungbobcat.jpg	SPACE	535	SPACE
1444847303429	0	lts_1014I_06_01	06	01	1	57	0	0	0	CR	MAX	1/AMEAT2.jpg	AMEAT2.jpg	NOKEY	MAX	NOKEY
1444847304332	0	lts_1014I_06_01	06	01	1	58	1	1	1	Hit	427	1-1/AMEAT2.jpg	AMEAT2.jpg	SPACE	468	SPACE
1444847307408	0	lts_1014I_06_01	06	01	1	59	0	0	0	CR	MAX	APOWEDCAS.jpg	APOWEDCAS.jpg	NOKEY	MAX	NOKEY
1444847308394	0	lts_1014I_06_01	06	01	1	60	32	1	1	Hit	505	32-0/ABALLBEAR.jpg	ABALLBEAR.jpg	SPACE	552	SPACE
1444847311487	0	lts_1014I_06_01	06	01	1	61	0	0	0	CR	MAX	22848828.thl.jpg	22848828.thl.jpg	NOKEY	MAX	NOKEY
1444847312423	0	lts_1014I_06_01	06	01	1	62	16	1	1	Hit	465	16-mul/Abowl74.jpg	Abowl74.jpg	SPACE	503	SPACE
1444847315516	0	lts_1014I_06_01	06	01	1	63	0	0	0	CR	MAX	Agnu.jpg	Agnu.jpg	NOKEY	MAX	NOKEY
1444847318592	0	lts_1014I_06_01	06	01	1	64	0	0	0	CR	MAX	8061236.thl.jpg	8061236.thl.jpg	NOKEY	MAX	NOKEY
1444847321668	0	lts_1014I_06_01	06	01	1	65	0	0	0	CR	MAX	Atoyslide.jpg	Atoyslide.jpg	NOKEY	MAX	NOKEY
1444847324744	0	lts_1014I_06_01	06	01	1	66	0	0	0	CR	MAX	9816397.thl.jpg	9816397.thl.jpg	NOKEY	MAX	NOKEY
1444847327820	0	lts_1014I_06_01	06	01	1	67	0	0	0	CR	MAX	Ateacherscert.jpg	Ateacherscert.jpg	NOKEY	MAX	NOKEY
1444847328840	0	lts_1014I_06_01	06	01	1	68	64	1	1	Hit	545	64-first/Asoundmixer2.jpg	Asoundmixer2.jpg	SPACE	585	SPACE
1444847331933	0	lts_1014I_06_01	06	01	1	69	0	0	0	CR	MAX	Aplantinpot4.jpg	Aplantinpot4.jpg	NOKEY	MAX	NOKEY
1444847335026	0	lts_1014I_06_01	06	01	1	70	0	0	0	CR	MAX	8/Aflower104.jpg	Aflower104.jpg	NOKEY	MAX	NOKEY
1444847338102	0	lts_1014I_06_01	06	01	1	71	0	0	0	CR	MAX	AFOODBLEN.jpg	AFOODBLEN.jpg	NOKEY	MAX	NOKEY
1444847341195	0	lts_1014I_06_01	06	01	1	72	0	0	0	CR	MAX	32/Alambtoy6.jpg	Alambtoy6.jpg	NOKEY	MAX	NOKEY
1444847344270	0	lts_1014I_06_01	06	01	1	73	0	0	0	CR	MAX	2/ABROOCH41.jpg	ABROOCH41.jpg	NOKEY	MAX	NOKEY
1444847347363	0	lts_1014I_06_01	06	01	1	74	0	0	0	CR	MAX	16/Asewingpins.jpg	Asewingpins.jpg	NOKEY	MAX	NOKEY
1444847348316	0	lts_1014I_06_01	06	01	1	75	2	1	1	Hit	469	2-3/ABROOCH41.jpg	ABROOCH41.jpg	SPACE	518	SPACE
1444847351409	0	lts_1014I_06_01	06	01	1	76	0	0	0	CR	MAX	moto.jpg	moto.jpg	NOKEY	MAX	NOKEY
1444847354485	0	lts_1014I_06_01	06	01	1	77	0	0	0	CR	MAX	Ahumansku101.jpg	Ahumansku101.jpg	NOKEY	MAX	NOKEY
1444847355505	0	lts_1014I_06_01	06	01	1	78	8	1	1	Hit	543	8-first/Aflower104.jpg	Aflower104.jpg	SPACE	586	SPACE
1444847358597	0	lts_1014I_06_01	06	01	1	79	0	0	0	CR	MAX	gun.jpg	gun.jpg	NOKEY	MAX	NOKEY
1444847359517	0	lts_1014I_06_01	06	01	1	80	2	1	1	Hit	441	2-mul/Aflower104.jpg	Aflower104.jpg	SPACE	486	SPACE
1444847362610	0	lts_1014I_06_01	06	01	1	81	0	0	0	CR	MAX	ASNBRD2.jpg	ASNBRD2.jpg	NOKEY	MAX	NOKEY
1444847365686	0	lts_1014I_06_01	06	01	1	82	0	0	0	CR	MAX	32/drumsticks01.jpg	drumsticks01.jpg	NOKEY	MAX	NOKEY
1444847368762	0	lts_1014I_06_01	06	01	1	83	0	0	0	CR	MAX	AAFRICS13.jpg	AAFRICS13.jpg	NOKEY	MAX	NOKEY
1444847369715	0	lts_1014I_06_01	06	01	1	84	16	1	1	Hit	480	16-mul/Asoundmixer2.jpg	Asoundmixer2.jpg	SPACE	519	SPACE
1444847372791	0	lts_1014I_06_01	06	01	1	85	0	0	0	CR	MAX	2/Acompass20.jpg	Acompass20.jpg	NOKEY	MAX	NOKEY
1444847375867	0	lts_1014I_06_01	06	01	1	86	0	0	0	CR	MAX	seahorse.jpg	seahorse.jpg	NOKEY	MAX	NOKEY
1444847376837	0	lts_1014I_06_01	06	01	1	87	2	1	1	Hit	494	2-0/Acompass20.jpg	Acompass20.jpg	SPACE	535	SPACE
1444847379929	0	lts_1014I_06_01	06	01	1	88	0	0	0	CR	MAX	Amixer29.jpg	Amixer29.jpg	NOKEY	MAX	NOKEY
1444847383006	0	lts_1014I_06_01	06	01	1	89	0	0	0	CR	MAX	Abowlofwonto5.jpg	Abowlofwonto5.jpg	NOKEY	MAX	NOKEY
1444847383992	0	lts_1014I_06_01	06	01	1	90	16	1	1	Hit	500	16-first/Asewingpins.jpg	Asewingpins.jpg	SPACE	551	SPACE
1444847387069	0	lts_1014I_06_01	06	01	1	91	0	0	0	CR	MAX	AWIG10.jpg	AWIG10.jpg	NOKEY	MAX	NOKEY
1444847388055	0	lts_1014I_06_01	06	01	1	92	00	1	1	Hit	508	00-across/APUMPCOOK.jpg	APUMPCOOK.jpg	SPACE	551	SPACE
1444847391148	0	lts_1014I_06_01	06	01	1	93	0	0	0	CR	MAX	ADUNEBUGG.jpg	ADUNEBUGG.jpg	NOKEY	MAX	NOKEY
1444847394224	0	lts_1014I_06_01	06	01	1	94	0	0	0	CR	MAX	ATINSTRAP.jpg	ATINSTRAP.jpg	NOKEY	MAX	NOKEY
1444847397299	0	lts_1014I_06_01	06	01	1	95	64	1	0	Miss	MAX	64-first/9815480.thl.jpg	9815480.thl.jpg	NOKEY	MAX	SPACE
1444847400375	0	lts_1014I_06_01	06	01	1	96	0	0	0	CR	MAX	AFIREPLAC.jpg	AFIREPLAC.jpg	NOKEY	MAX	NOKEY
1444847401612	0	lts_1014I_06_01	06	01	1	97	64	1	1	Hit	755	64-first/hottub.jpg	hottub.jpg	SPACE	803	SPACE
1444847404705	0	lts_1014I_06_01	06	01	1	98	0	0	0	CR	MAX	26421357.thl.jpg	26421357.thl.jpg	NOKEY	MAX	NOKEY
1444847407798	0	lts_1014I_06_01	06	01	1	99	0	0	0	CR	MAX	babyseatback.jpg	babyseatback.jpg	NOKEY	MAX	NOKEY
1444847410874	0	lts_1014I_06_01	06	01	1	100	0	0	0	CR	MAX	ASTONEOWL.jpg	ASTONEOWL.jpg	NOKEY	MAX	NOKEY
1444847411827	0	lts_1014I_06_01	06	01	1	101	4	1	1	Hit	476	4-mul/hottub.jpg	hottub.jpg	SPACE	519	SPACE
1444847414903	0	lts_1014I_06_01	06	01	1	102	0	0	0	CR	MAX	26463767.thl.jpg	26463767.thl.jpg	NOKEY	MAX	NOKEY
1444847417979	0	lts_1014I_06_01	06	01	1	103	0	0	0	CR	MAX	Aantiquebuck2.jpg	Aantiquebuck2.jpg	NOKEY	MAX	NOKEY
1444847418999	0	lts_1014I_06_01	06	01	1	104	32	1	1	Hit	534	32-2/Alambtoy6.jpg	Alambtoy6.jpg	SPACE	586	SPACE
1444847422092	0	lts_1014I_06_01	06	01	1	105	0	0	0	CR	MAX	Asewingpin.jpg	Asewingpin.jpg	NOKEY	MAX	NOKEY
1444847423062	0	lts_1014I_06_01	06	01	1	106	16	1	1	Hit	488	16-mul/Asewingpins.jpg	Asewingpins.jpg	SPACE	534	SPACE
1444847426138	0	lts_1014I_06_01	06	01	1	107	0	0	0	CR	MAX	64/26431395.thl.jpg	26431395.thl.jpg	NOKEY	MAX	NOKEY
1444847429214	0	lts_1014I_06_01	06	01	1	108	0	0	0	CR	MAX	AAT7.jpg	AAT7.jpg	NOKEY	MAX	NOKEY
1444847432289	0	lts_1014I_06_01	06	01	1	109	0	0	0	CR	MAX	128/ASPOTLIG2.jpg	ASPOTLIG2.jpg	NOKEY	MAX	NOKEY
1444847435365	0	lts_1014I_06_01	06	01	1	110	0	0	0	CR	MAX	32/26375702.thl.jpg	26375702.thl.jpg	NOKEY	MAX	NOKEY
1444847436485	0	lts_1014I_06_01	06	01	1	111	16	1	1	Hit	639	16-mul/9815480.thl.jpg	9815480.thl.jpg	SPACE	686	SPACE
1444847439578	0	lts_1014I_06_01	06	01	1	112	0	0	0	CR	MAX	quiche.jpg	quiche.jpg	NOKEY	MAX	NOKEY
1444847442654	0	lts_1014I_06_01	06	01	1	113	0	0	0	CR	MAX	Afirstaidkit3.jpg	Afirstaidkit3.jpg	NOKEY	MAX	NOKEY
1444847443724	0	lts_1014I_06_01	06	01	1	114	32	1	1	Hit	589	32-3/drumsticks01.jpg	drumsticks01.jpg	SPACE	635	SPACE
1444847446800	0	lts_1014I_06_01	06	01	1	115	0	0	0	CR	MAX	Abird41.jpg	Abird41.jpg	NOKEY	MAX	NOKEY
1444847447753	0	lts_1014I_06_01	06	01	1	116	00	1	1	Hit	476	00-across/AHIBACHI.jpg	AHIBACHI.jpg	SPACE	518	SPACE
1444847450829	0	lts_1014I_06_01	06	01	1	117	0	0	0	CR	MAX	4/26432175.thl.jpg	26432175.thl.jpg	NOKEY	MAX	NOKEY
1444847453922	0	lts_1014I_06_01	06	01	1	118	0	0	0	CR	MAX	64/ASTENORA2.jpg	ASTENORA2.jpg	NOKEY	MAX	NOKEY
1444847457016	0	lts_1014I_06_01	06	01	1	119	0	0	0	CR	MAX	sntslrc.jpg	sntslrc.jpg	NOKEY	MAX	NOKEY
1444847460092	0	lts_1014I_06_01	06	01	1	120	0	0	0	CR	MAX	16/ATOASTE22.jpg	ATOASTE22.jpg	NOKEY	MAX	NOKEY
1444847461395	0	lts_1014I_06_01	06	01	1	121	4	1	1	Hit	827	4-2/26432175.thl.jpg	26432175.thl.jpg	SPACE	869	SPACE
1444847464471	0	lts_1014I_06_01	06	01	1	122	0	0	0	CR	MAX	AGRENADIN.jpg	AGRENADIN.jpg	NOKEY	MAX	NOKEY
1444847467547	0	lts_1014I_06_01	06	01	1	123	0	0	0	CR	MAX	26390189.thl.jpg	26390189.thl.jpg	NOKEY	MAX	NOKEY
1444847468985	0	lts_1014I_06_01	06	01	1	124	00	1	1	Hit	963	00-across/DSCN3767-sm.jpg	DSCN3767-sm.jpg	SPACE	1003	SPACE
1444847472079	0	lts_1014I_06_01	06	01	1	125	0	0	0	CR	MAX	Acabinetdraw8.jpg	Acabinetdraw8.jpg	NOKEY	MAX	NOKEY
1444847475171	0	lts_1014I_06_01	06	01	1	126	0	0	0	CR	MAX	Apenguin2.jpg	Apenguin2.jpg	NOKEY	MAX	NOKEY
1444847478247	0	lts_1014I_06_01	06	01	1	127	0	0	0	CR	MAX	1/26439913.thl.jpg	26439913.thl.jpg	NOKEY	MAX	NOKEY
1444847479200	0	lts_1014I_06_01	06	01	1	128	1	1	1	Hit	477	1-2/26439913.thl.jpg	26439913.thl.jpg	SPACE	518	SPACE
1444847482275	0	lts_1014I_06_01	06	01	1	129	0	0	0	CR	MAX	16/8081398.thl.jpg	8081398.thl.jpg	NOKEY	MAX	NOKEY
1444847485351	0	lts_1014I_06_01	06	01	1	130	0	0	0	CR	MAX	16247853.thl.jpg	16247853.thl.jpg	NOKEY	MAX	NOKEY
1444847488444	0	lts_1014I_06_01	06	01	1	131	0	0	0	CR	MAX	Achick9.jpg	Achick9.jpg	NOKEY	MAX	NOKEY
1444847491520	0	lts_1014I_06_01	06	01	1	132	0	0	0	CR	MAX	AMECHSOCK.jpg	AMECHSOCK.jpg	NOKEY	MAX	NOKEY
1444847494613	0	lts_1014I_06_01	06	01	1	133	0	0	0	CR	MAX	8256618.thl.jpg	8256618.thl.jpg	NOKEY	MAX	NOKEY
1444847497689	0	lts_1014I_06_01	06	01	1	134	0	0	0	CR	MAX	AATOMODEL.jpg	AATOMODEL.jpg	NOKEY	MAX	NOKEY
1444847498993	0	lts_1014I_06_01	06	01	1	135	0	0	1	FA	822	Afoodproces13.jpg	Afoodproces13.jpg	SPACE	869	NOKEY
1444847500448	0	lts_1014I_06_01	06	01	1	136	16	1	1	Hit	972	16-first/ATOASTE22.jpg	ATOASTE22.jpg	SPACE	1019	SPACE
1444847503524	0	lts_1014I_06_01	06	01	1	137	0	0	0	CR	MAX	2/ATOOLS.jpg	ATOOLS.jpg	NOKEY	MAX	NOKEY
1444847506617	0	lts_1014I_06_01	06	01	1	138	0	0	0	CR	MAX	ACLAM.jpg	ACLAM.jpg	NOKEY	MAX	NOKEY
1444847507620	0	lts_1014I_06_01	06	01	1	139	2	1	1	Hit	525	2-8/ATOOLS.jpg	ATOOLS.jpg	SPACE	569	SPACE
1444847510696	0	lts_1014I_06_01	06	01	1	140	0	0	0	CR	MAX	Ahandheldmir3.jpg	Ahandheldmir3.jpg	NOKEY	MAX	NOKEY
1444847513772	0	lts_1014I_06_01	06	01	1	141	0	0	0	CR	MAX	26432109.thl.jpg	26432109.thl.jpg	NOKEY	MAX	NOKEY
1444847514725	0	lts_1014I_06_01	06	01	1	142	32	1	1	Hit	481	32-4/26375702.thl.jpg	26375702.thl.jpg	SPACE	518	SPACE
1444847517801	0	lts_1014I_06_01	06	01	1	143	0	0	0	CR	MAX	128/ANEWSBOX4.jpg	ANEWSBOX4.jpg	NOKEY	MAX	NOKEY
1444847520893	0	lts_1014I_06_01	06	01	1	144	0	0	0	CR	MAX	AELECBEA6.jpg	AELECBEA6.jpg	NOKEY	MAX	NOKEY
1444847522014	0	lts_1014I_06_01	06	01	1	145	16	1	1	Hit	645	16-1/8081398.thl.jpg	8081398.thl.jpg	SPACE	685	SPACE
1444847525091	0	lts_1014I_06_01	06	01	1	146	0	0	0	CR	MAX	4/AFLUTE6.jpg	AFLUTE6.jpg	NOKEY	MAX	NOKEY
1444847528167	0	lts_1014I_06_01	06	01	1	147	0	0	0	CR	MAX	ADIPPER6.jpg	ADIPPER6.jpg	NOKEY	MAX	NOKEY
1444847531243	0	lts_1014I_06_01	06	01	1	148	0	0	0	CR	MAX	AHOOK11.jpg	AHOOK11.jpg	NOKEY	MAX	NOKEY
1444847534318	0	lts_1014I_06_01	06	01	1	149	0	0	0	CR	MAX	ABALALAI3.jpg	ABALALAI3.jpg	NOKEY	MAX	NOKEY
1444847535254	0	lts_1014I_06_01	06	01	1	150	4	1	1	Hit	455	4-7/AFLUTE6.jpg	AFLUTE6.jpg	SPACE	502	SPACE
1444847537327	0	lts_1014I_06_01	06	01	1	151	0	0	1	FA	1598	64/26374787.thl.jpg	26374787.thl.jpg	SPACE	1639	NOKEY
1444847538464	0	lts_1014I_06_01	06	01	1	152	16	1	1	Hit	656	16-mul/ATOASTE22.jpg	ATOASTE22.jpg	SPACE	704	SPACE
1444847541557	0	lts_1014I_06_01	06	01	1	153	0	0	0	CR	MAX	1/Aglassbottle6.jpg	Aglassbottle6.jpg	NOKEY	MAX	NOKEY
1444847542543	0	lts_1014I_06_01	06	01	1	154	1	1	1	Hit	503	1-13/Aglassbottle6.jpg	Aglassbottle6.jpg	SPACE	553	SPACE
1444847545619	0	lts_1014I_06_01	06	01	1	155	0	0	0	CR	MAX	1/blueberriespack.jpg	blueberriespack.jpg	NOKEY	MAX	NOKEY
1444847546438	0	lts_1014I_06_01	06	01	1	156	1	1	1	Hit	343	1-12/blueberriespack.jpg	blueberriespack.jpg	SPACE	386	SPACE
1444847549514	0	lts_1014I_06_01	06	01	1	157	0	0	0	CR	MAX	ABARPEAR.jpg	ABARPEAR.jpg	NOKEY	MAX	NOKEY
1444847552590	0	lts_1014I_06_01	06	01	1	158	0	0	0	CR	MAX	128/A_flower.jpg	A_flower.jpg	NOKEY	MAX	NOKEY
1444847555683	0	lts_1014I_06_01	06	01	1	159	0	0	0	CR	MAX	26432755.thl.jpg	26432755.thl.jpg	NOKEY	MAX	NOKEY
1444847558776	0	lts_1014I_06_01	06	01	1	160	0	0	0	CR	MAX	DSCN6303-sm.jpg	DSCN6303-sm.jpg	NOKEY	MAX	NOKEY
1444847561852	0	lts_1014I_06_01	06	01	1	161	0	0	0	CR	MAX	31023139.thl.jpg	31023139.thl.jpg	NOKEY	MAX	NOKEY
1444847564945	0	lts_1014I_06_01	06	01	1	162	0	0	0	CR	MAX	8254014.thl.jpg	8254014.thl.jpg	NOKEY	MAX	NOKEY
1444847568039	0	lts_1014I_06_01	06	01	1	163	0	0	0	CR	MAX	1/Atoymerrygoro.jpg	Atoymerrygoro.jpg	NOKEY	MAX	NOKEY
1444847569008	0	lts_1014I_06_01	06	01	1	164	1	1	1	Hit	495	1-10/Atoymerrygoro.jpg	Atoymerrygoro.jpg	SPACE	534	SPACE
1444847572084	0	lts_1014I_06_01	06	01	1	165	0	0	0	CR	MAX	1/26434546.thl.jpg	26434546.thl.jpg	NOKEY	MAX	NOKEY
1444847572902	0	lts_1014I_06_01	06	01	1	166	1	1	1	Hit	343	1-11/26434546.thl.jpg	26434546.thl.jpg	SPACE	383	SPACE
1444847575978	0	lts_1014I_06_01	06	01	1	167	0	0	0	CR	MAX	ALOVSEA10.jpg	ALOVSEA10.jpg	NOKEY	MAX	NOKEY
1444847579055	0	lts_1014I_06_01	06	01	1	168	0	0	0	CR	MAX	Aabacus.jpg	Aabacus.jpg	NOKEY	MAX	NOKEY
1444847582132	0	lts_1014I_06_01	06	01	1	169	0	0	0	CR	MAX	26379612.thl.jpg	26379612.thl.jpg	NOKEY	MAX	NOKEY
1444847585208	0	lts_1014I_06_01	06	01	1	170	0	0	0	CR	MAX	Abutterflynet.jpg	Abutterflynet.jpg	NOKEY	MAX	NOKEY
1444847586260	0	lts_1014I_06_01	06	01	1	171	64	1	1	Hit	570	64-first/26431395.thl.jpg	26431395.thl.jpg	SPACE	618	SPACE
1444847589336	0	lts_1014I_06_01	06	01	1	172	0	0	0	CR	MAX	ACHIPROL2.jpg	ACHIPROL2.jpg	NOKEY	MAX	NOKEY
1444847590272	0	lts_1014I_06_01	06	01	1	173	2	1	1	Hit	462	2-mul/26431395.thl.jpg	26431395.thl.jpg	SPACE	502	SPACE
1444847593348	0	lts_1014I_06_01	06	01	1	174	0	0	0	CR	MAX	Abib2.jpg	Abib2.jpg	NOKEY	MAX	NOKEY
1444847596441	0	lts_1014I_06_01	06	01	1	175	0	0	0	CR	MAX	Astingray2.jpg	Astingray2.jpg	NOKEY	MAX	NOKEY
1444847599517	0	lts_1014I_06_01	06	01	1	176	0	0	0	CR	MAX	ADEEPFRY5.jpg	ADEEPFRY5.jpg	NOKEY	MAX	NOKEY
1444847602593	0	lts_1014I_06_01	06	01	1	177	0	0	0	CR	MAX	AGOLDCUP6.jpg	AGOLDCUP6.jpg	NOKEY	MAX	NOKEY
1444847605669	0	lts_1014I_06_01	06	01	1	178	0	0	0	CR	MAX	Atoyhomeoffi4.jpg	Atoyhomeoffi4.jpg	NOKEY	MAX	NOKEY
1444847608745	0	lts_1014I_06_01	06	01	1	179	0	0	0	CR	MAX	D_exercisebike.jpg	D_exercisebike.jpg	NOKEY	MAX	NOKEY
1444847611838	0	lts_1014I_06_01	06	01	1	180	0	0	0	CR	MAX	ACRIB18.jpg	ACRIB18.jpg	NOKEY	MAX	NOKEY
1444847614914	0	lts_1014I_06_01	06	01	1	181	0	0	0	CR	MAX	32/Alobster10.jpg	Alobster10.jpg	NOKEY	MAX	NOKEY
1444847616419	0	lts_1014I_06_01	06	01	1	182	64	1	1	Hit	1035	64-first/ASTENORA2.jpg	ASTENORA2.jpg	SPACE	1070	SPACE
1444847619511	0	lts_1014I_06_01	06	01	1	183	0	0	0	CR	MAX	8/AHIGCHAIR.jpg	AHIGCHAIR.jpg	NOKEY	MAX	NOKEY
1444847622587	0	lts_1014I_06_01	06	01	1	184	0	0	0	CR	MAX	4/23025535.thl.jpg	23025535.thl.jpg	NOKEY	MAX	NOKEY
1444847625680	0	lts_1014I_06_01	06	01	1	185	0	0	0	CR	MAX	128/Ainflatable10.jpg	Ainflatable10.jpg	NOKEY	MAX	NOKEY
1444847628756	0	lts_1014I_06_01	06	01	1	186	0	0	0	CR	MAX	8031659.thl.jpg	8031659.thl.jpg	NOKEY	MAX	NOKEY
1444847631832	0	lts_1014I_06_01	06	01	1	187	0	0	0	CR	MAX	Abagofherbs.jpg	Abagofherbs.jpg	NOKEY	MAX	NOKEY
1444847632919	0	lts_1014I_06_01	06	01	1	188	4	1	1	Hit	617	4-12/23025535.thl.jpg	23025535.thl.jpg	SPACE	652	SPACE
1444847635995	0	lts_1014I_06_01	06	01	1	189	0	0	0	CR	MAX	22852032.thl.jpg	22852032.thl.jpg	NOKEY	MAX	NOKEY
1444847639089	0	lts_1014I_06_01	06	01	1	190	0	0	0	CR	MAX	locomotive.jpg	locomotive.jpg	NOKEY	MAX	NOKEY
1444847640092	0	lts_1014I_06_01	06	01	1	191	8	1	1	Hit	529	8-1/AHIGCHAIR.jpg	AHIGCHAIR.jpg	SPACE	568	SPACE
1444847643185	0	lts_1014I_06_01	06	01	1	192	0	0	0	CR	MAX	Azebratoy2.jpg	Azebratoy2.jpg	NOKEY	MAX	NOKEY
1444847646277	0	lts_1014I_06_01	06	01	1	193	0	0	0	CR	MAX	Aleaf75.jpg	Aleaf75.jpg	NOKEY	MAX	NOKEY
1444847649353	0	lts_1014I_06_01	06	01	1	194	0	0	0	CR	MAX	AARTIVE8.jpg	AARTIVE8.jpg	NOKEY	MAX	NOKEY
1444847652429	0	lts_1014I_06_01	06	01	1	195	0	0	0	CR	MAX	1/Aonewaysign2.jpg	Aonewaysign2.jpg	NOKEY	MAX	NOKEY
1444847653315	0	lts_1014I_06_01	06	01	1	196	1	1	1	Hit	404	1-5/Aonewaysign2.jpg	Aonewaysign2.jpg	SPACE	452	SPACE
1444847656391	0	lts_1014I_06_01	06	01	1	197	0	0	0	CR	MAX	32/22824636.thl.jpg	22824636.thl.jpg	NOKEY	MAX	NOKEY
1444847657360	0	lts_1014I_06_01	06	01	1	198	16	1	1	Hit	490	16-mul/ASTENORA2.jpg	ASTENORA2.jpg	SPACE	535	SPACE
1444847660437	0	lts_1014I_06_01	06	01	1	199	0	0	0	CR	MAX	APICNICBL.jpg	APICNICBL.jpg	NOKEY	MAX	NOKEY
1444847663513	0	lts_1014I_06_01	06	01	1	200	0	0	0	CR	MAX	2/ASALTPEPP.jpg	ASALTPEPP.jpg	NOKEY	MAX	NOKEY
1444847666605	0	lts_1014I_06_01	06	01	1	201	0	0	0	CR	MAX	8/ASKIPROP2.jpg	ASKIPROP2.jpg	NOKEY	MAX	NOKEY
1444847668595	0	lts_1014I_06_01	06	01	1	202	2	1	1	Hit	1510	2-13/ASALTPEPP.jpg	ASALTPEPP.jpg	SPACE	1556	SPACE
1444847671671	0	lts_1014I_06_01	06	01	1	203	0	0	0	CR	MAX	4/ACHAIR.jpg	ACHAIR.jpg	NOKEY	MAX	NOKEY
1444847674764	0	lts_1014I_06_01	06	01	1	204	0	0	0	CR	MAX	Brusselssprouts.jpg	Brusselssprouts.jpg	NOKEY	MAX	NOKEY
1444847675917	0	lts_1014I_06_01	06	01	1	205	00	1	1	Hit	674	00-across/Ajug158.jpg	Ajug158.jpg	SPACE	719	SPACE
1444847678993	0	lts_1014I_06_01	06	01	1	206	0	0	0	CR	MAX	8054039.thl.jpg	8054039.thl.jpg	NOKEY	MAX	NOKEY
1444847680081	0	lts_1014I_06_01	06	01	1	207	4	1	1	Hit	607	4-9/ACHAIR.jpg	ACHAIR.jpg	SPACE	651	SPACE
1444847683174	0	lts_1014I_06_01	06	01	1	208	0	0	0	CR	MAX	22886412.thl.jpg	22886412.thl.jpg	NOKEY	MAX	NOKEY
1444847684243	0	lts_1014I_06_01	06	01	1	209	8	1	1	Hit	586	8-first/ASKIPROP2.jpg	ASKIPROP2.jpg	SPACE	634	SPACE
1444847687319	0	lts_1014I_06_01	06	01	1	210	0	0	0	CR	MAX	22861656.thl.jpg	22861656.thl.jpg	NOKEY	MAX	NOKEY
1444847688272	0	lts_1014I_06_01	06	01	1	211	2	1	1	Hit	468	2-mul/ASKIPROP2.jpg	ASKIPROP2.jpg	SPACE	518	SPACE
1444847691364	0	lts_1014I_06_01	06	01	1	212	0	0	0	CR	MAX	Afunnel17.jpg	Afunnel17.jpg	NOKEY	MAX	NOKEY
1444847692551	0	lts_1014I_06_01	06	01	1	213	32	1	1	Hit	710	32-5/Alobster10.jpg	Alobster10.jpg	SPACE	753	SPACE
1444847694675	0	lts_1014I_06_01	06	01	1	214	0	0	1	FA	1645	AMEATGRI9.jpg	AMEATGRI9.jpg	SPACE	1688	NOKEY
1444847695677	0	lts_1014I_06_01	06	01	1	215	64	1	1	Hit	521	64-first/26374787.thl.jpg	26374787.thl.jpg	SPACE	568	SPACE
1444847698770	0	lts_1014I_06_01	06	01	1	216	0	0	0	CR	MAX	Amanatee2.jpg	Amanatee2.jpg	NOKEY	MAX	NOKEY
1444847701846	0	lts_1014I_06_01	06	01	1	217	0	0	0	CR	MAX	22875816.thl.jpg	22875816.thl.jpg	NOKEY	MAX	NOKEY
1444847704956	0	lts_1014I_06_01	06	01	1	218	0	0	0	CR	MAX	8/AGRILL1.jpg	AGRILL1.jpg	NOKEY	MAX	NOKEY
1444847705859	0	lts_1014I_06_01	06	01	1	219	4	1	1	Hit	422	4-mul/26374787.thl.jpg	26374787.thl.jpg	SPACE	469	SPACE
1444847708935	0	lts_1014I_06_01	06	01	1	220	0	0	0	CR	MAX	1/Adalmatiandog.jpg	Adalmatiandog.jpg	NOKEY	MAX	NOKEY
1444847709904	0	lts_1014I_06_01	06	01	1	221	1	1	1	Hit	497	1-8/Adalmatiandog.jpg	Adalmatiandog.jpg	SPACE	535	SPACE
1444847710807	0	lts_1014I_06_01	06	01	1	222	0	0	1	FA	430	AHYDRANTF.jpg	AHYDRANTF.jpg	SPACE	468	NOKEY
1444847713883	0	lts_1014I_06_01	06	01	1	223	0	0	0	CR	MAX	AWASHCLOT.jpg	AWASHCLOT.jpg	NOKEY	MAX	NOKEY
1444847716976	0	lts_1014I_06_01	06	01	1	224	0	0	0	CR	MAX	16/Aaircompress6.jpg	Aaircompress6.jpg	NOKEY	MAX	NOKEY
1444847720053	0	lts_1014I_06_01	06	01	1	225	0	0	0	CR	MAX	ABIRDHOU9.jpg	ABIRDHOU9.jpg	NOKEY	MAX	NOKEY
1444847721089	0	lts_1014I_06_01	06	01	1	226	8	1	1	Hit	551	8-first/AGRILL1.jpg	AGRILL1.jpg	SPACE	600	SPACE
1444847724166	0	lts_1014I_06_01	06	01	1	227	0	0	0	CR	MAX	ACPU2.jpg	ACPU2.jpg	NOKEY	MAX	NOKEY
1444847727257	0	lts_1014I_06_01	06	01	1	228	0	0	0	CR	MAX	AMINITRE7.jpg	AMINITRE7.jpg	NOKEY	MAX	NOKEY
1444847728361	0	lts_1014I_06_01	06	01	1	229	32	1	1	Hit	628	32-7/22824636.thl.jpg	22824636.thl.jpg	SPACE	669	SPACE
1444847731437	0	lts_1014I_06_01	06	01	1	230	0	0	0	CR	MAX	16/Abackaccesso4.jpg	Abackaccesso4.jpg	NOKEY	MAX	NOKEY
1444847734513	0	lts_1014I_06_01	06	01	1	231	0	0	0	CR	MAX	26389125.thl.jpg	26389125.thl.jpg	NOKEY	MAX	NOKEY
1444847737589	0	lts_1014I_06_01	06	01	1	232	0	0	0	CR	MAX	ADEEPFRYS.jpg	ADEEPFRYS.jpg	NOKEY	MAX	NOKEY
1444847740665	0	lts_1014I_06_01	06	01	1	233	0	0	0	CR	MAX	ASECCAME3.jpg	ASECCAME3.jpg	NOKEY	MAX	NOKEY
1444847743741	0	lts_1014I_06_01	06	01	1	234	0	0	0	CR	MAX	AJEEPBOA2.jpg	AJEEPBOA2.jpg	NOKEY	MAX	NOKEY
1444847744761	0	lts_1014I_06_01	06	01	1	235	0	0	1	FA	521	B_brush.jpg	B_brush.jpg	SPACE	569	NOKEY
1444847747837	0	lts_1014I_06_01	06	01	1	236	0	0	0	CR	MAX	Ataperecorde4.jpg	Ataperecorde4.jpg	NOKEY	MAX	NOKEY
1444847749025	0	lts_1014I_06_01	06	01	1	237	128	1	1	Hit	714	128-6/ASPOTLIG2.jpg	ASPOTLIG2.jpg	SPACE	753	SPACE
1444847752101	0	lts_1014I_06_01	06	01	1	238	0	0	0	CR	MAX	AARTIVE6.jpg	AARTIVE6.jpg	NOKEY	MAX	NOKEY
1444847755177	0	lts_1014I_06_01	06	01	1	239	0	0	0	CR	MAX	AEASEL22.jpg	AEASEL22.jpg	NOKEY	MAX	NOKEY
1444847756380	0	lts_1014I_06_01	06	01	1	240	16	1	1	Hit	724	16-first/Aaircompress6.jpg	Aaircompress6.jpg	SPACE	768	SPACE
1444847759472	0	lts_1014I_06_01	06	01	1	241	0	0	0	CR	MAX	Aglass43.jpg	Aglass43.jpg	NOKEY	MAX	NOKEY
1444847760409	0	lts_1014I_06_01	06	01	1	242	16	1	1	Hit	458	16-mul/AGRILL1.jpg	AGRILL1.jpg	SPACE	502	SPACE
1444847763485	0	lts_1014I_06_01	06	01	1	243	0	0	0	CR	MAX	26374803.thl.jpg	26374803.thl.jpg	NOKEY	MAX	NOKEY
1444847764454	0	lts_1014I_06_01	06	01	1	244	4	1	1	Hit	490	4-mul/Aaircompress6.jpg	Aaircompress6.jpg	SPACE	536	SPACE
1444847767530	0	lts_1014I_06_01	06	01	1	245	0	0	0	CR	MAX	Afoodprocess4.jpg	Afoodprocess4.jpg	NOKEY	MAX	NOKEY
1444847768784	0	lts_1014I_06_01	06	01	1	246	16	1	1	Hit	776	16-first/Abackaccesso4.jpg	Abackaccesso4.jpg	SPACE	819	SPACE
1444847771860	0	lts_1014I_06_01	06	01	1	247	0	0	0	CR	MAX	Achair618.jpg	Achair618.jpg	NOKEY	MAX	NOKEY
1444847772847	0	lts_1014I_06_01	06	01	1	248	2	1	1	Hit	509	2-mul/Abackaccesso4.jpg	Abackaccesso4.jpg	SPACE	552	SPACE
1444847775923	0	lts_1014I_06_01	06	01	1	249	0	0	0	CR	MAX	legoblocks.jpg	legoblocks.jpg	NOKEY	MAX	NOKEY
1444847779017	0	lts_1014I_06_01	06	01	1	250	0	0	0	CR	MAX	8/ABOXVIALS.jpg	ABOXVIALS.jpg	NOKEY	MAX	NOKEY
1444847782092	0	lts_1014I_06_01	06	01	1	251	0	0	0	CR	MAX	1/ASHEEP4.jpg	ASHEEP4.jpg	NOKEY	MAX	NOKEY
1444847783279	0	lts_1014I_06_01	06	01	1	252	1	1	1	Hit	707	1-14/ASHEEP4.jpg	ASHEEP4.jpg	SPACE	751	SPACE
1444847786355	0	lts_1014I_06_01	06	01	1	253	0	0	0	CR	MAX	Atoothbrush3.jpg	Atoothbrush3.jpg	NOKEY	MAX	NOKEY
1444847789431	0	lts_1014I_06_01	06	01	1	254	0	0	0	CR	MAX	8/AFIREPUTE.jpg	AFIREPUTE.jpg	NOKEY	MAX	NOKEY
1444847792523	0	lts_1014I_06_01	06	01	1	255	0	0	0	CR	MAX	64/AHANDPRE3.jpg	AHANDPRE3.jpg	NOKEY	MAX	NOKEY
1444847795600	0	lts_1014I_06_01	06	01	1	256	0	0	0	CR	MAX	AAIRPUMP2.jpg	AAIRPUMP2.jpg	NOKEY	MAX	NOKEY
1444847797155	0	lts_1014I_06_01	06	01	1	257	0	0	1	FA	1057	A_cookie.jpg	A_cookie.jpg	SPACE	1103	NOKEY
1444847798209	0	lts_1014I_06_01	06	01	1	258	8	1	1	Hit	568	8-first/ABOXVIALS.jpg	ABOXVIALS.jpg	SPACE	617	SPACE
1444847801284	0	lts_1014I_06_01	06	01	1	259	0	0	0	CR	MAX	ASPACEHE5.jpg	ASPACEHE5.jpg	NOKEY	MAX	NOKEY
1444847804360	0	lts_1014I_06_01	06	01	1	260	0	0	0	CR	MAX	128/26432148.thl.jpg	26432148.thl.jpg	NOKEY	MAX	NOKEY
1444847807436	0	lts_1014I_06_01	06	01	1	261	0	0	0	CR	MAX	TTtvehiclesCyborg.jpg	TTtvehiclesCyborg.jpg	NOKEY	MAX	NOKEY
1444847808623	0	lts_1014I_06_01	06	01	1	262	8	1	1	Hit	719	8-first/AFIREPUTE.jpg	AFIREPUTE.jpg	SPACE	753	SPACE
1444847811715	0	lts_1014I_06_01	06	01	1	263	0	0	0	CR	MAX	Astaircase.jpg	Astaircase.jpg	NOKEY	MAX	NOKEY
1444847814791	0	lts_1014I_06_01	06	01	1	264	0	0	0	CR	MAX	ASNOWTOY2.jpg	ASNOWTOY2.jpg	NOKEY	MAX	NOKEY
1444847817868	0	lts_1014I_06_01	06	01	1	265	0	0	0	CR	MAX	32/26684827.thl.jpg	26684827.thl.jpg	NOKEY	MAX	NOKEY
1444847819824	0	lts_1014I_06_01	06	01	1	266	4	1	1	Hit	1476	4-mul/AFIREPUTE.jpg	AFIREPUTE.jpg	SPACE	1521	SPACE
1444847822917	0	lts_1014I_06_01	06	01	1	267	0	0	0	CR	MAX	Aceramicjug16.jpg	Aceramicjug16.jpg	NOKEY	MAX	NOKEY
1444847825992	0	lts_1014I_06_01	06	01	1	268	0	0	0	CR	MAX	ASCSIPORT.jpg	ASCSIPORT.jpg	NOKEY	MAX	NOKEY
1444847829086	0	lts_1014I_06_01	06	01	1	269	0	0	0	CR	MAX	32/Atoyelephant.jpg	Atoyelephant.jpg	NOKEY	MAX	NOKEY
1444847832162	0	lts_1014I_06_01	06	01	1	270	0	0	0	CR	MAX	Agasblower2.jpg	Agasblower2.jpg	NOKEY	MAX	NOKEY
1444847835238	0	lts_1014I_06_01	06	01	1	271	128	1	0	Miss	MAX	128-2/ANEWSBOX4.jpg	ANEWSBOX4.jpg	NOKEY	MAX	SPACE
1444847838313	0	lts_1014I_06_01	06	01	1	272	0	0	0	CR	MAX	64/ALAB36.jpg	ALAB36.jpg	NOKEY	MAX	NOKEY
1444847841389	0	lts_1014I_06_01	06	01	1	273	0	0	0	CR	MAX	Abrickhomeand.jpg	Abrickhomeand.jpg	NOKEY	MAX	NOKEY
1444847842359	0	lts_1014I_06_01	06	01	1	274	16	1	1	Hit	492	16-mul/ABOXVIALS.jpg	ABOXVIALS.jpg	SPACE	535	SPACE
1444847845435	0	lts_1014I_06_01	06	01	1	275	0	0	0	CR	MAX	128/Awindtoy5.jpg	Awindtoy5.jpg	NOKEY	MAX	NOKEY
1444847846572	0	lts_1014I_06_01	06	01	1	276	00	1	1	Hit	664	00-across/AHIBACHI.jpg	AHIBACHI.jpg	SPACE	703	SPACE
1444847849665	0	lts_1014I_06_01	06	01	1	277	0	0	0	CR	MAX	26451318.thl.jpg	26451318.thl.jpg	NOKEY	MAX	NOKEY
1444847852824	0	lts_1014I_06_01	06	01	1	278	0	0	0	CR	MAX	26391514.thl.jpg	26391514.thl.jpg	NOKEY	MAX	NOKEY
1444847855917	0	lts_1014I_06_01	06	01	1	279	0	0	0	CR	MAX	128/22826748.thl.jpg	22826748.thl.jpg	NOKEY	MAX	NOKEY
1444847858993	0	lts_1014I_06_01	06	01	1	280	0	0	0	CR	MAX	64/26439074.thl.jpg	26439074.thl.jpg	NOKEY	MAX	NOKEY
1444847862070	0	lts_1014I_06_01	06	01	1	281	0	0	0	CR	MAX	23025307.thl.jpg	23025307.thl.jpg	NOKEY	MAX	NOKEY
1444847865146	0	lts_1014I_06_01	06	01	1	282	0	0	0	CR	MAX	AINDIAMA3.jpg	AINDIAMA3.jpg	NOKEY	MAX	NOKEY
1444847866216	0	lts_1014I_06_01	06	01	1	283	0	0	1	FA	573	Alighthouse6.jpg	Alighthouse6.jpg	SPACE	617	NOKEY
1444847867369	0	lts_1014I_06_01	06	01	1	284	00	1	1	Hit	669	00-across/candy3.jpg	candy3.jpg	SPACE	718	SPACE
1444847870462	0	lts_1014I_06_01	06	01	1	285	0	0	0	CR	MAX	ACHRISTO3.jpg	ACHRISTO3.jpg	NOKEY	MAX	NOKEY
1444847871615	0	lts_1014I_06_01	06	01	1	286	128	1	1	Hit	671	128-0/A_flower.jpg	A_flower.jpg	SPACE	720	SPACE
1444847874691	0	lts_1014I_06_01	06	01	1	287	0	0	0	CR	MAX	4/ATOOL9.jpg	ATOOL9.jpg	NOKEY	MAX	NOKEY
1444847877767	0	lts_1014I_06_01	06	01	1	288	0	0	0	CR	MAX	Aornamentalt5.jpg	Aornamentalt5.jpg	NOKEY	MAX	NOKEY
1444847880843	0	lts_1014I_06_01	06	01	1	289	00	1	0	Miss	MAX	00-across/22853352.thl.jpg	22853352.thl.jpg	NOKEY	MAX	SPACE
1444847883919	0	lts_1014I_06_01	06	01	1	290	0	0	0	CR	MAX	Adolphin3.jpg	Adolphin3.jpg	NOKEY	MAX	NOKEY
1444847885091	0	lts_1014I_06_01	06	01	1	291	4	1	1	Hit	694	4-4/ATOOL9.jpg	ATOOL9.jpg	SPACE	736	SPACE
1444847888167	0	lts_1014I_06_01	06	01	1	292	0	0	0	CR	MAX	2/garlic.jpg	garlic.jpg	NOKEY	MAX	NOKEY
1444847891243	0	lts_1014I_06_01	06	01	1	293	0	0	0	CR	MAX	Atoyworm.jpg	Atoyworm.jpg	NOKEY	MAX	NOKEY
1444847892196	0	lts_1014I_06_01	06	01	1	294	2	1	1	Hit	482	2-10/garlic.jpg	garlic.jpg	SPACE	519	SPACE
1444847895271	0	lts_1014I_06_01	06	01	1	295	0	0	0	CR	MAX	22923440.thl.jpg	22923440.thl.jpg	NOKEY	MAX	NOKEY
1444847898347	0	lts_1014I_06_01	06	01	1	296	0	0	0	CR	MAX	AFLOURSCO.jpg	AFLOURSCO.jpg	NOKEY	MAX	NOKEY
1444847901423	0	lts_1014I_06_01	06	01	1	297	32	1	0	Miss	MAX	32-8/26684827.thl.jpg	26684827.thl.jpg	NOKEY	MAX	SPACE
1444847904499	0	lts_1014I_06_01	06	01	1	298	0	0	0	CR	MAX	Aancientstat4.jpg	Aancientstat4.jpg	NOKEY	MAX	NOKEY
1444847907592	0	lts_1014I_06_01	06	01	1	299	0	0	0	CR	MAX	saltpeppershakerjpg.jpg	saltpeppershakerjpg.jpg	NOKEY	MAX	NOKEY
1444847910668	0	lts_1014I_06_01	06	01	1	300	0	0	0	CR	MAX	Atintelephone.jpg	Atintelephone.jpg	NOKEY	MAX	NOKEY
1444847911771	0	lts_1014I_06_01	06	01	1	301	32	1	1	Hit	619	32-9/Atoyelephant.jpg	Atoyelephant.jpg	SPACE	669	SPACE
1444847914847	0	lts_1014I_06_01	06	01	1	302	0	0	0	CR	MAX	2/hulahoop.jpg	hulahoop.jpg	NOKEY	MAX	NOKEY
1444847917940	0	lts_1014I_06_01	06	01	1	303	0	0	0	CR	MAX	8/Ababtoy13.jpg	Ababtoy13.jpg	NOKEY	MAX	NOKEY
1444847919311	0	lts_1014I_06_01	06	01	1	304	2	1	1	Hit	888	2-9/hulahoop.jpg	hulahoop.jpg	SPACE	936	SPACE
1444847922387	0	lts_1014I_06_01	06	01	1	305	0	0	0	CR	MAX	Aclamp55.jpg	Aclamp55.jpg	NOKEY	MAX	NOKEY
1444847925463	0	lts_1014I_06_01	06	01	1	306	0	0	0	CR	MAX	1/AFILEFOL4.jpg	AFILEFOL4.jpg	NOKEY	MAX	NOKEY
1444847926433	0	lts_1014I_06_01	06	01	1	307	1	1	1	Hit	488	1-6/AFILEFOL4.jpg	AFILEFOL4.jpg	SPACE	536	SPACE
1444847929509	0	lts_1014I_06_01	06	01	1	308	0	0	0	CR	MAX	128/Agarlicclove2.jpg	Agarlicclove2.jpg	NOKEY	MAX	NOKEY
1444847932602	0	lts_1014I_06_01	06	01	1	309	0	0	0	CR	MAX	Abeermug11.jpg	Abeermug11.jpg	NOKEY	MAX	NOKEY
1444847935761	0	lts_1014I_06_01	06	01	1	310	0	0	0	CR	MAX	grenade.jpg	grenade.jpg	NOKEY	MAX	NOKEY
1444847936948	0	lts_1014I_06_01	06	01	1	311	8	1	1	Hit	715	8-first/Ababtoy13.jpg	Ababtoy13.jpg	SPACE	752	SPACE
1444847940025	0	lts_1014I_06_01	06	01	1	312	0	0	0	CR	MAX	22907432.thl.jpg	22907432.thl.jpg	NOKEY	MAX	NOKEY
1444847943102	0	lts_1014I_06_01	06	01	1	313	128	1	0	Miss	MAX	128-7/Ainflatable10.jpg	Ainflatable10.jpg	NOKEY	MAX	SPACE
1444847946177	0	lts_1014I_06_01	06	01	1	314	0	0	0	CR	MAX	1/22854108.thl.jpg	22854108.thl.jpg	NOKEY	MAX	NOKEY
1444847949252	0	lts_1014I_06_01	06	01	1	315	1	1	0	Miss	MAX	1-3/22854108.thl.jpg	22854108.thl.jpg	NOKEY	MAX	SPACE
1444847952328	0	lts_1014I_06_01	06	01	1	316	0	0	0	CR	MAX	AHONEYJA2.jpg	AHONEYJA2.jpg	NOKEY	MAX	NOKEY
1444847955405	0	lts_1014I_06_01	06	01	1	317	0	0	0	CR	MAX	APAGODAMO.jpg	APAGODAMO.jpg	NOKEY	MAX	NOKEY
1444847958481	0	lts_1014I_06_01	06	01	1	318	0	0	0	CR	MAX	26386846.thl.jpg	26386846.thl.jpg	NOKEY	MAX	NOKEY
1444847959450	0	lts_1014I_06_01	06	01	1	319	64	1	1	Hit	495	64-first/AHANDPRE3.jpg	AHANDPRE3.jpg	SPACE	536	SPACE
1444847962543	0	lts_1014I_06_01	06	01	1	320	0	0	0	CR	MAX	4/Acomputerdriv.jpg	Acomputerdriv.jpg	NOKEY	MAX	NOKEY
1444847963462	0	lts_1014I_06_01	06	01	1	321	2	1	1	Hit	438	2-mul/AHANDPRE3.jpg	AHANDPRE3.jpg	SPACE	486	SPACE
1444847966538	0	lts_1014I_06_01	06	01	1	322	0	0	0	CR	MAX	mixer.jpg	mixer.jpg	NOKEY	MAX	NOKEY
1444847969631	0	lts_1014I_06_01	06	01	1	323	0	0	0	CR	MAX	Atelescope2.jpg	Atelescope2.jpg	NOKEY	MAX	NOKEY
1444847970618	0	lts_1014I_06_01	06	01	1	324	4	1	1	Hit	501	4-10/Acomputerdriv.jpg	Acomputerdriv.jpg	SPACE	553	SPACE
1444847973710	0	lts_1014I_06_01	06	01	1	325	0	0	0	CR	MAX	AMANGO.jpg	AMANGO.jpg	NOKEY	MAX	NOKEY
1444847976787	0	lts_1014I_06_01	06	01	1	326	0	0	0	CR	MAX	Astonehome.jpg	Astonehome.jpg	NOKEY	MAX	NOKEY
1444847977790	0	lts_1014I_06_01	06	01	1	327	16	1	1	Hit	531	16-mul/Ababtoy13.jpg	Ababtoy13.jpg	SPACE	568	SPACE
1444847980866	0	lts_1014I_06_01	06	01	1	328	0	0	0	CR	MAX	AANTIBIK4.jpg	AANTIBIK4.jpg	NOKEY	MAX	NOKEY
1444847983942	0	lts_1014I_06_01	06	01	1	329	0	0	0	CR	MAX	largemacscreen.jpg	largemacscreen.jpg	NOKEY	MAX	NOKEY
1444847987019	0	lts_1014I_06_01	06	01	1	330	0	0	0	CR	MAX	ADOMINO.jpg	ADOMINO.jpg	NOKEY	MAX	NOKEY
1444847990095	0	lts_1014I_06_01	06	01	1	331	0	0	0	CR	MAX	ATIE16.jpg	ATIE16.jpg	NOKEY	MAX	NOKEY
1444847993171	0	lts_1014I_06_01	06	01	1	332	0	0	0	CR	MAX	2/Aantiquewate3.jpg	Aantiquewate3.jpg	NOKEY	MAX	NOKEY
1444847996247	0	lts_1014I_06_01	06	01	1	333	0	0	0	CR	MAX	ACURLIR13.jpg	ACURLIR13.jpg	NOKEY	MAX	NOKEY
1444847997266	0	lts_1014I_06_01	06	01	1	334	2	1	1	Hit	539	2-4/Aantiquewate3.jpg	Aantiquewate3.jpg	SPACE	585	SPACE
1444848000342	0	lts_1014I_06_01	06	01	1	335	0	0	0	CR	MAX	DSCN1248-sm.jpg	DSCN1248-sm.jpg	NOKEY	MAX	NOKEY
1444848001813	0	lts_1014I_06_01	06	01	1	336	64	1	1	Hit	987	64-first/ALAB36.jpg	ALAB36.jpg	SPACE	1037	SPACE
1444848004889	0	lts_1014I_06_01	06	01	1	337	0	0	0	CR	MAX	ABULLMASK.jpg	ABULLMASK.jpg	NOKEY	MAX	NOKEY
1444848005976	0	lts_1014I_06_01	06	01	1	338	2	1	1	Hit	615	2-mul/ALAB36.jpg	ALAB36.jpg	SPACE	652	SPACE
1444848009053	0	lts_1014I_06_01	06	01	1	339	0	0	0	CR	MAX	26424973.thl.jpg	26424973.thl.jpg	NOKEY	MAX	NOKEY
1444848012146	0	lts_1014I_06_01	06	01	1	340	0	0	0	CR	MAX	16/Afaucet9.jpg	Afaucet9.jpg	NOKEY	MAX	NOKEY
1444848015222	0	lts_1014I_06_01	06	01	1	341	0	0	0	CR	MAX	1/8020347.thl.jpg	8020347.thl.jpg	NOKEY	MAX	NOKEY
1444848016108	0	lts_1014I_06_01	06	01	1	342	1	1	1	Hit	404	1-0/8020347.thl.jpg	8020347.thl.jpg	SPACE	451	SPACE
1444848019184	0	lts_1014I_06_01	06	01	1	343	0	0	0	CR	MAX	Abeverageingl.jpg	Abeverageingl.jpg	NOKEY	MAX	NOKEY
1444848020336	0	lts_1014I_06_01	06	01	1	344	64	1	1	Hit	683	64-first/26439074.thl.jpg	26439074.thl.jpg	SPACE	718	SPACE
1444848023412	0	lts_1014I_06_01	06	01	1	345	0	0	0	CR	MAX	AREEL.jpg	AREEL.jpg	NOKEY	MAX	NOKEY
1444848026488	0	lts_1014I_06_01	06	01	1	346	0	0	0	CR	MAX	AKEYHOL10.jpg	AKEYHOL10.jpg	NOKEY	MAX	NOKEY
1444848029564	0	lts_1014I_06_01	06	01	1	347	0	0	0	CR	MAX	Awheelchair6.jpg	Awheelchair6.jpg	NOKEY	MAX	NOKEY
1444848030517	0	lts_1014I_06_01	06	01	1	348	4	1	1	Hit	471	4-mul/26439074.thl.jpg	26439074.thl.jpg	SPACE	519	SPACE
1444848033593	0	lts_1014I_06_01	06	01	1	349	0	0	0	CR	MAX	2/euthsda.jpg	euthsda.jpg	NOKEY	MAX	NOKEY
1444848036670	0	lts_1014I_06_01	06	01	1	350	0	0	0	CR	MAX	26433942.thl.jpg	26433942.thl.jpg	NOKEY	MAX	NOKEY
1444848037706	0	lts_1014I_06_01	06	01	1	351	2	1	1	Hit	567	2-6/euthsda.jpg	euthsda.jpg	SPACE	602	SPACE
1444848040782	0	lts_1014I_06_01	06	01	1	352	0	0	0	CR	MAX	32/23077768.thl.jpg	23077768.thl.jpg	NOKEY	MAX	NOKEY
1444848043875	0	lts_1014I_06_01	06	01	1	353	0	0	0	CR	MAX	ATRIANGL2.jpg	ATRIANGL2.jpg	NOKEY	MAX	NOKEY
1444848045296	0	lts_1014I_06_01	06	01	1	354	0	0	1	FA	935	Aalligator4.jpg	Aalligator4.jpg	SPACE	987	NOKEY
1444848048372	0	lts_1014I_06_01	06	01	1	355	0	0	0	CR	MAX	Acatheter.jpg	Acatheter.jpg	NOKEY	MAX	NOKEY
1444848049375	0	lts_1014I_06_01	06	01	1	356	16	1	1	Hit	528	16-first/Afaucet9.jpg	Afaucet9.jpg	SPACE	569	SPACE
1444848052451	0	lts_1014I_06_01	06	01	1	357	0	0	0	CR	MAX	Abicyclehand5.jpg	Abicyclehand5.jpg	NOKEY	MAX	NOKEY
1444848054057	0	lts_1014I_06_01	06	01	1	358	2	1	1	Hit	1121	2-mul/Afaucet9.jpg	Afaucet9.jpg	SPACE	1170	SPACE
1444848057150	0	lts_1014I_06_01	06	01	1	359	0	0	0	CR	MAX	moneyslotmachine.jpg	moneyslotmachine.jpg	NOKEY	MAX	NOKEY
1444848060242	0	lts_1014I_06_01	06	01	1	360	0	0	0	CR	MAX	16/ACHEMSET3.jpg	ACHEMSET3.jpg	NOKEY	MAX	NOKEY
1444848063318	0	lts_1014I_06_01	06	01	1	361	0	0	0	CR	MAX	AARTOOTH2.jpg	AARTOOTH2.jpg	NOKEY	MAX	NOKEY
1444848066410	0	lts_1014I_06_01	06	01	1	362	0	0	0	CR	MAX	2/champagnbottles.jpg	champagnbottles.jpg	NOKEY	MAX	NOKEY
1444848069503	0	lts_1014I_06_01	06	01	1	363	0	0	0	CR	MAX	Abrooch100.jpg	Abrooch100.jpg	NOKEY	MAX	NOKEY
1444848070573	0	lts_1014I_06_01	06	01	1	364	2	1	1	Hit	600	2-1/champagnbottles.jpg	champagnbottles.jpg	SPACE	636	SPACE
1444848073649	0	lts_1014I_06_01	06	01	1	365	0	0	0	CR	MAX	Ainstrument3.jpg	Ainstrument3.jpg	NOKEY	MAX	NOKEY
1444848076742	0	lts_1014I_06_01	06	01	1	366	0	0	0	CR	MAX	2/Atoyhelicopte.jpg	Atoyhelicopte.jpg	NOKEY	MAX	NOKEY
1444848079818	0	lts_1014I_06_01	06	01	1	367	0	0	0	CR	MAX	AHOSPLIF2.jpg	AHOSPLIF2.jpg	NOKEY	MAX	NOKEY
1444848080687	0	lts_1014I_06_01	06	01	1	368	2	1	1	Hit	394	2-11/Atoyhelicopte.jpg	Atoyhelicopte.jpg	SPACE	435	SPACE
1444848083763	0	lts_1014I_06_01	06	01	1	369	0	0	0	CR	MAX	2/ANAILFILE.jpg	ANAILFILE.jpg	NOKEY	MAX	NOKEY
1444848086839	0	lts_1014I_06_01	06	01	1	370	0	0	0	CR	MAX	26375953.thl.jpg	26375953.thl.jpg	NOKEY	MAX	NOKEY
1444848088745	0	lts_1014I_06_01	06	01	1	371	2	1	1	Hit	1428	2-12/ANAILFILE.jpg	ANAILFILE.jpg	SPACE	1471	SPACE
1444848091821	0	lts_1014I_06_01	06	01	1	372	0	0	0	CR	MAX	ball8.JPG	ball8.JPG	NOKEY	MAX	NOKEY
1444848094897	0	lts_1014I_06_01	06	01	1	373	0	0	0	CR	MAX	Atool198.jpg	Atool198.jpg	NOKEY	MAX	NOKEY
1444848097974	0	lts_1014I_06_01	06	01	1	374	0	0	0	CR	MAX	8/ACUTLERYB.jpg	ACUTLERYB.jpg	NOKEY	MAX	NOKEY
1444848101051	0	lts_1014I_06_01	06	01	1	375	0	0	0	CR	MAX	8248852.thl.jpg	8248852.thl.jpg	NOKEY	MAX	NOKEY
1444848102204	0	lts_1014I_06_01	06	01	1	376	16	1	1	Hit	673	16-first/ACHEMSET3.jpg	ACHEMSET3.jpg	SPACE	718	SPACE
1444848105296	0	lts_1014I_06_01	06	01	1	377	0	0	0	CR	MAX	26442719.thl.jpg	26442719.thl.jpg	NOKEY	MAX	NOKEY
1444848106233	0	lts_1014I_06_01	06	01	1	378	2	1	1	Hit	459	2-mul/ACHEMSET3.jpg	ACHEMSET3.jpg	SPACE	502	SPACE
1444848109308	0	lts_1014I_06_01	06	01	1	379	0	0	0	CR	MAX	8079080.thl.jpg	8079080.thl.jpg	NOKEY	MAX	NOKEY
1444848110361	0	lts_1014I_06_01	06	01	1	380	00	1	1	Hit	579	00-across/Abrownbagwith.jpg	Abrownbagwith.jpg	SPACE	618	SPACE
1444848113437	0	lts_1014I_06_01	06	01	1	381	0	0	0	CR	MAX	D_dumpster.jpg	D_dumpster.jpg	NOKEY	MAX	NOKEY
1444848116513	0	lts_1014I_06_01	06	01	1	382	8	1	0	Miss	MAX	8-first/ACUTLERYB.jpg	ACUTLERYB.jpg	NOKEY	MAX	SPACE
1444848119590	0	lts_1014I_06_01	06	01	1	383	0	0	0	CR	MAX	AHEARTSPO.jpg	AHEARTSPO.jpg	NOKEY	MAX	NOKEY
1444848120676	0	lts_1014I_06_01	06	01	1	384	32	1	1	Hit	603	32-1/23077768.thl.jpg	23077768.thl.jpg	SPACE	652	SPACE
1444848123769	0	lts_1014I_06_01	06	01	1	385	0	0	0	CR	MAX	ASWITCH6.jpg	ASWITCH6.jpg	NOKEY	MAX	NOKEY
1444848126778	0	lts_1014I_06_01	06	01	1	386	4	1	1	Hit	2528	4-mul/ACUTLERYB.jpg	ACUTLERYB.jpg	SPACE	2574	SPACE
1444848128067	0	lts_1014I_06_01	06	01	1	387	0	0	1	FA	796	AANTJUG.jpg	AANTJUG.jpg	SPACE	836	NOKEY
1444848129570	0	lts_1014I_06_01	06	01	1	388	128	1	1	Hit	1014	128-1/26432148.thl.jpg	26432148.thl.jpg	SPACE	1053	SPACE
1444848132663	0	lts_1014I_06_01	06	01	1	389	0	0	0	CR	MAX	Ahumidifier.jpg	Ahumidifier.jpg	NOKEY	MAX	NOKEY
1444848133699	0	lts_1014I_06_01	06	01	1	390	00	1	1	Hit	555	00-across/Apants8.jpg	Apants8.jpg	SPACE	602	SPACE
1444848136775	0	lts_1014I_06_01	06	01	1	391	0	0	0	CR	MAX	4/ADOGLEAS2.jpg	ADOGLEAS2.jpg	NOKEY	MAX	NOKEY
1444848139852	0	lts_1014I_06_01	06	01	1	392	0	0	0	CR	MAX	8/turnip.jpg	turnip.jpg	NOKEY	MAX	NOKEY
1444848142944	0	lts_1014I_06_01	06	01	1	393	0	0	0	CR	MAX	4/Alanter59.jpg	Alanter59.jpg	NOKEY	MAX	NOKEY
1444848146021	0	lts_1014I_06_01	06	01	1	394	0	0	0	CR	MAX	8021515.thl.jpg	8021515.thl.jpg	NOKEY	MAX	NOKEY
1444848147008	0	lts_1014I_06_01	06	01	1	395	4	1	1	Hit	500	4-3/ADOGLEAS2.jpg	ADOGLEAS2.jpg	SPACE	551	SPACE
1444848148195	0	lts_1014I_06_01	06	01	1	396	0	0	1	FA	715	16/Astadium.jpg	Astadium.jpg	SPACE	752	NOKEY
1444848149264	0	lts_1014I_06_01	06	01	1	397	4	1	1	Hit	583	4-6/Alanter59.jpg	Alanter59.jpg	SPACE	634	SPACE
1444848152340	0	lts_1014I_06_01	06	01	1	398	0	0	0	CR	MAX	AMASCARA.jpg	AMASCARA.jpg	NOKEY	MAX	NOKEY
1444848155416	0	lts_1014I_06_01	06	01	1	399	0	0	0	CR	MAX	gymvaulting.jpg	gymvaulting.jpg	NOKEY	MAX	NOKEY
1444848156385	0	lts_1014I_06_01	06	01	1	400	8	1	1	Hit	484	8-2/turnip.jpg	turnip.jpg	SPACE	535	SPACE
1444848159461	0	lts_1014I_06_01	06	01	1	401	0	0	0	CR	MAX	4/Afusehousing.jpg	Afusehousing.jpg	NOKEY	MAX	NOKEY
1444848162537	0	lts_1014I_06_01	06	01	1	402	0	0	0	CR	MAX	ALAMP.jpg	ALAMP.jpg	NOKEY	MAX	NOKEY
1444848165614	0	lts_1014I_06_01	06	01	1	403	128	1	0	Miss	MAX	128-3/Awindtoy5.jpg	Awindtoy5.jpg	NOKEY	MAX	SPACE
1444848168690	0	lts_1014I_06_01	06	01	1	404	0	0	0	CR	MAX	ACHOPSTI2.jpg	ACHOPSTI2.jpg	NOKEY	MAX	NOKEY
1444848169192	0	lts_1014I_06_01	06	01	1	405	4	1	1	Hit	31	4-11/Afusehousing.jpg	Afusehousing.jpg	SPACE	67	SPACE
1444848172267	0	lts_1014I_06_01	06	01	1	406	0	0	0	CR	MAX	batteries-a.jpg	batteries-a.jpg	NOKEY	MAX	NOKEY
1444848173354	0	lts_1014I_06_01	06	01	1	407	128	1	1	Hit	606	128-4/22826748.thl.jpg	22826748.thl.jpg	SPACE	652	SPACE
1444848176447	0	lts_1014I_06_01	06	01	1	408	0	0	0	CR	MAX	1/Acamcorde.jpg	Acamcorde.jpg	NOKEY	MAX	NOKEY
1444848179523	0	lts_1014I_06_01	06	01	1	409	1	1	0	Miss	MAX	1-4/Acamcorde.jpg	Acamcorde.jpg	NOKEY	MAX	SPACE
1444848182098	0	lts_1014I_06_01	06	01	1	410	0	0	1	FA	2084	Adog122.jpg	Adog122.jpg	SPACE	2123	NOKEY
1444848185174	0	lts_1014I_06_01	06	01	1	411	0	0	0	CR	MAX	Apilldispens3.jpg	Apilldispens3.jpg	NOKEY	MAX	NOKEY
1444848186661	0	lts_1014I_06_01	06	01	1	412	16	1	1	Hit	1002	16-first/Astadium.jpg	Astadium.jpg	SPACE	1053	SPACE
1444848189754	0	lts_1014I_06_01	06	01	1	413	0	0	0	CR	MAX	Akitchenisla4.jpg	Akitchenisla4.jpg	NOKEY	MAX	NOKEY
1444848190991	0	lts_1014I_06_01	06	01	1	414	0	0	1	FA	761	Asaltgrinder.jpg	Asaltgrinder.jpg	SPACE	803	NOKEY
1444848194068	0	lts_1014I_06_01	06	01	1	415	0	0	0	CR	MAX	26426575.thl.jpg	26426575.thl.jpg	NOKEY	MAX	NOKEY
1444848195105	0	lts_1014I_06_01	06	01	1	416	4	1	1	Hit	555	4-mul/Astadium.jpg	Astadium.jpg	SPACE	600	SPACE
1444848198181	0	lts_1014I_06_01	06	01	1	417	0	0	0	CR	MAX	Atoyservices2.jpg	Atoyservices2.jpg	NOKEY	MAX	NOKEY
1444848201273	0	lts_1014I_06_01	06	01	1	418	0	0	0	CR	MAX	4/stone.jpg	stone.jpg	NOKEY	MAX	NOKEY
1444848204349	0	lts_1014I_06_01	06	01	1	419	0	0	0	CR	MAX	AGARBIN.jpg	AGARBIN.jpg	NOKEY	MAX	NOKEY
1444848207425	0	lts_1014I_06_01	06	01	1	420	0	0	0	CR	MAX	ABOTTLE19.jpg	ABOTTLE19.jpg	NOKEY	MAX	NOKEY
1444848210501	0	lts_1014I_06_01	06	01	1	421	0	0	0	CR	MAX	8/APUTTER.jpg	APUTTER.jpg	NOKEY	MAX	NOKEY
1444848212107	0	lts_1014I_06_01	06	01	1	422	4	1	1	Hit	1123	4-0/stone.jpg	stone.jpg	SPACE	1170	SPACE
1444848215183	0	lts_1014I_06_01	06	01	1	423	0	0	0	CR	MAX	AHAMPER.jpg	AHAMPER.jpg	NOKEY	MAX	NOKEY
1444848216536	0	lts_1014I_06_01	06	01	1	424	0	0	1	FA	883	1/Atoyfiretru11.jpg	Atoyfiretru11.jpg	SPACE	920	NOKEY
1444848217572	0	lts_1014I_06_01	06	01	1	425	1	1	1	Hit	568	1-7/Atoyfiretru11.jpg	Atoyfiretru11.jpg	SPACE	603	SPACE
1444848220649	0	lts_1014I_06_01	06	01	1	426	0	0	0	CR	MAX	8/AANTRAD24.jpg	AANTRAD24.jpg	NOKEY	MAX	NOKEY
1444848223725	0	lts_1014I_06_01	06	01	1	427	0	0	0	CR	MAX	APASTA19.jpg	APASTA19.jpg	NOKEY	MAX	NOKEY
1444848226801	0	lts_1014I_06_01	06	01	1	428	0	0	0	CR	MAX	22925228.thl.jpg	22925228.thl.jpg	NOKEY	MAX	NOKEY
1444848227804	0	lts_1014I_06_01	06	01	1	429	8	1	1	Hit	525	8-first/APUTTER.jpg	APUTTER.jpg	SPACE	568	SPACE
1444848230880	0	lts_1014I_06_01	06	01	1	430	0	0	0	CR	MAX	26423477.thl.jpg	26423477.thl.jpg	NOKEY	MAX	NOKEY
1444848231849	0	lts_1014I_06_01	06	01	1	431	2	1	1	Hit	495	2-mul/APUTTER.jpg	APUTTER.jpg	SPACE	535	SPACE
1444848234925	0	lts_1014I_06_01	06	01	1	432	0	0	0	CR	MAX	16/Astapler12.jpg	Astapler12.jpg	NOKEY	MAX	NOKEY
1444848238002	0	lts_1014I_06_01	06	01	1	433	0	0	0	CR	MAX	26374146.thl.jpg	26374146.thl.jpg	NOKEY	MAX	NOKEY
1444848239022	0	lts_1014I_06_01	06	01	1	434	8	1	1	Hit	547	8-first/AANTRAD24.jpg	AANTRAD24.jpg	SPACE	584	SPACE
1444848240109	0	lts_1014I_06_01	06	01	1	435	0	0	1	FA	615	Acarjack2.jpg	Acarjack2.jpg	SPACE	651	NOKEY
1444848241579	0	lts_1014I_06_01	06	01	1	436	128	1	1	Hit	987	128-5/Agarlicclove2.jpg	Agarlicclove2.jpg	SPACE	1037	SPACE
1444848244672	0	lts_1014I_06_01	06	01	1	437	0	0	0	CR	MAX	Adeer16.jpg	Adeer16.jpg	NOKEY	MAX	NOKEY
1444848245742	0	lts_1014I_06_01	06	01	1	438	4	1	1	Hit	585	4-mul/AANTRAD24.jpg	AANTRAD24.jpg	SPACE	636	SPACE
1444848248818	0	lts_1014I_06_01	06	01	1	439	0	0	0	CR	MAX	womanpants.jpg	womanpants.jpg	NOKEY	MAX	NOKEY
1444848251894	0	lts_1014I_06_01	06	01	1	440	0	0	0	CR	MAX	chocolatbox.jpg	chocolatbox.jpg	NOKEY	MAX	NOKEY
1444848254970	0	lts_1014I_06_01	06	01	1	441	0	0	0	CR	MAX	hulk.jpg	hulk.jpg	NOKEY	MAX	NOKEY
1444848258047	0	lts_1014I_06_01	06	01	1	442	0	0	0	CR	MAX	Aeggsandwich6.jpg	Aeggsandwich6.jpg	NOKEY	MAX	NOKEY
1444848261123	0	lts_1014I_06_01	06	01	1	443	0	0	0	CR	MAX	2/Acliplatch.jpg	Acliplatch.jpg	NOKEY	MAX	NOKEY
1444848264216	0	lts_1014I_06_01	06	01	1	444	0	0	0	CR	MAX	22826832.thl.jpg	22826832.thl.jpg	NOKEY	MAX	NOKEY
1444848265268	0	lts_1014I_06_01	06	01	1	445	2	1	1	Hit	572	2-5/Acliplatch.jpg	Acliplatch.jpg	SPACE	618	SPACE
1444848268344	0	lts_1014I_06_01	06	01	1	446	0	0	0	CR	MAX	AGARBAGE.jpg	AGARBAGE.jpg	NOKEY	MAX	NOKEY
1444848271420	0	lts_1014I_06_01	06	01	1	447	0	0	0	CR	MAX	Ablouse2.jpg	Ablouse2.jpg	NOKEY	MAX	NOKEY
1444848274496	0	lts_1014I_06_01	06	01	1	448	16	1	0	Miss	MAX	16-0/Astapler12.jpg	Astapler12.jpg	NOKEY	MAX	SPACE
1444848277589	0	lts_1014I_06_01	06	01	1	449	0	0	0	CR	MAX	AFIGHTP16.jpg	AFIGHTP16.jpg	NOKEY	MAX	NOKEY
1444848337971	0	E	Logging Ends
