1447960484100	0	B	Logging Begins
1447960727249	0	lts_1119L_37_01	37	01	0	0	0	0	0	CR	MAX	Ahippopotamu4.jpg	Ahippopotamu4.jpg	NOKEY	MAX	NOKEY
1447960730325	0	lts_1119L_37_01	37	01	0	1	0	0	0	CR	MAX	2/ALITTERB2.jpg	ALITTERB2.jpg	NOKEY	MAX	NOKEY
1447960733401	0	lts_1119L_37_01	37	01	0	2	0	0	0	CR	MAX	AOVALFRAM.jpg	AOVALFRAM.jpg	NOKEY	MAX	NOKEY
1447960736478	0	lts_1119L_37_01	37	01	0	3	2	1	0	Miss	MAX	2-10/ALITTERB2.jpg	ALITTERB2.jpg	NOKEY	MAX	SPACE
1447960739554	0	lts_1119L_37_01	37	01	0	4	0	0	0	CR	MAX	AFLUTE6.jpg	AFLUTE6.jpg	NOKEY	MAX	NOKEY
1447960742646	0	lts_1119L_37_01	37	01	0	5	0	0	0	CR	MAX	16/Agarbagebin.jpg	Agarbagebin.jpg	NOKEY	MAX	NOKEY
1447960745722	0	lts_1119L_37_01	37	01	0	6	0	0	0	CR	MAX	64/catsl60.jpg	catsl60.jpg	NOKEY	MAX	NOKEY
1447960748798	0	lts_1119L_37_01	37	01	0	7	0	0	0	CR	MAX	ACIGCUTT.jpg	ACIGCUTT.jpg	NOKEY	MAX	NOKEY
1447960751875	0	lts_1119L_37_01	37	01	0	8	0	0	0	CR	MAX	22849284.thl.jpg	22849284.thl.jpg	NOKEY	MAX	NOKEY
1447960754951	0	lts_1119L_37_01	37	01	0	9	0	0	0	CR	MAX	4/ABIKLIGHT.jpg	ABIKLIGHT.jpg	NOKEY	MAX	NOKEY
1447960758028	0	lts_1119L_37_01	37	01	0	10	0	0	0	CR	MAX	Acup29.jpg	Acup29.jpg	NOKEY	MAX	NOKEY
1447960761103	0	lts_1119L_37_01	37	01	0	11	0	0	0	CR	MAX	26387690.thl.jpg	26387690.thl.jpg	NOKEY	MAX	NOKEY
1447960764179	0	lts_1119L_37_01	37	01	0	12	0	0	0	CR	MAX	Aheartmonito4.jpg	Aheartmonito4.jpg	NOKEY	MAX	NOKEY
1447960765750	0	lts_1119L_37_01	37	01	0	13	4	1	1	Hit	1090	4-3/ABIKLIGHT.jpg	ABIKLIGHT.jpg	SPACE	1137	SPACE
1447960768826	0	lts_1119L_37_01	37	01	0	14	0	0	0	CR	MAX	2/26374731.thl.jpg	26374731.thl.jpg	NOKEY	MAX	NOKEY
1447960771919	0	lts_1119L_37_01	37	01	0	15	0	0	0	CR	MAX	128/AMECHSOCK.jpg	AMECHSOCK.jpg	NOKEY	MAX	NOKEY
1447960773073	0	lts_1119L_37_01	37	01	0	16	2	1	1	Hit	682	2-13/26374731.thl.jpg	26374731.thl.jpg	SPACE	718	SPACE
1447960776149	0	lts_1119L_37_01	37	01	0	17	0	0	0	CR	MAX	1/26423812.thl.jpg	26423812.thl.jpg	NOKEY	MAX	NOKEY
1447960777085	0	lts_1119L_37_01	37	01	0	18	1	1	1	Hit	455	1-1/26423812.thl.jpg	26423812.thl.jpg	SPACE	502	SPACE
1447960780161	0	lts_1119L_37_01	37	01	0	19	0	0	0	CR	MAX	Aintercom6.jpg	Aintercom6.jpg	NOKEY	MAX	NOKEY
1447960783237	0	lts_1119L_37_01	37	01	0	20	0	0	0	CR	MAX	Aflower104.jpg	Aflower104.jpg	NOKEY	MAX	NOKEY
1447960784190	0	lts_1119L_37_01	37	01	0	21	16	1	1	Hit	483	16-first/Agarbagebin.jpg	Agarbagebin.jpg	SPACE	518	SPACE
1447960787266	0	lts_1119L_37_01	37	01	0	22	0	0	0	CR	MAX	ABELL7.jpg	ABELL7.jpg	NOKEY	MAX	NOKEY
1447960790342	0	lts_1119L_37_01	37	01	0	23	0	0	0	CR	MAX	M15589.jpg	M15589.jpg	NOKEY	MAX	NOKEY
1447960793418	0	lts_1119L_37_01	37	01	0	24	0	0	0	CR	MAX	1/AFILMCUTT.jpg	AFILMCUTT.jpg	NOKEY	MAX	NOKEY
1447960794354	0	lts_1119L_37_01	37	01	0	25	1	1	1	Hit	467	1-2/AFILMCUTT.jpg	AFILMCUTT.jpg	SPACE	501	SPACE
1447960797430	0	lts_1119L_37_01	37	01	0	26	0	0	0	CR	MAX	8/Ahourglass4.jpg	Ahourglass4.jpg	NOKEY	MAX	NOKEY
1447960800523	0	lts_1119L_37_01	37	01	0	27	0	0	0	CR	MAX	Aembossedsta2.jpg	Aembossedsta2.jpg	NOKEY	MAX	NOKEY
1447960803599	0	lts_1119L_37_01	37	01	0	28	0	0	0	CR	MAX	128/26437107.thl.jpg	26437107.thl.jpg	NOKEY	MAX	NOKEY
1447960806675	0	lts_1119L_37_01	37	01	0	29	0	0	0	CR	MAX	AKNEEHAMR.jpg	AKNEEHAMR.jpg	NOKEY	MAX	NOKEY
1447960808180	0	lts_1119L_37_01	37	01	0	30	0	0	1	FA	1036	22923440.thl.jpg	22923440.thl.jpg	SPACE	1070	NOKEY
1447960809584	0	lts_1119L_37_01	37	01	0	31	0	0	1	FA	935	Achest20.jpg	Achest20.jpg	SPACE	970	NOKEY
1447960812660	0	lts_1119L_37_01	37	01	0	32	0	0	0	CR	MAX	8/8059226.thl.jpg	8059226.thl.jpg	NOKEY	MAX	NOKEY
1447960815736	0	lts_1119L_37_01	37	01	0	33	0	0	0	CR	MAX	10052787.thm.jpg	10052787.thm.jpg	NOKEY	MAX	NOKEY
1447960816789	0	lts_1119L_37_01	37	01	0	34	8	1	1	Hit	579	8-first/Ahourglass4.jpg	Ahourglass4.jpg	SPACE	618	SPACE
1447960819866	0	lts_1119L_37_01	37	01	0	35	0	0	0	CR	MAX	APASTA19.jpg	APASTA19.jpg	NOKEY	MAX	NOKEY
1447960822942	0	lts_1119L_37_01	37	01	0	36	0	0	0	CR	MAX	AANTCASH3.jpg	AANTCASH3.jpg	NOKEY	MAX	NOKEY
1447960823878	0	lts_1119L_37_01	37	01	0	37	16	1	1	Hit	461	16-mul/Agarbagebin.jpg	Agarbagebin.jpg	SPACE	502	SPACE
1447960826954	0	lts_1119L_37_01	37	01	0	38	0	0	0	CR	MAX	64/8031659.thl.jpg	8031659.thl.jpg	NOKEY	MAX	NOKEY
1447960830031	0	lts_1119L_37_01	37	01	0	39	0	0	0	CR	MAX	22911908.thl.jpg	22911908.thl.jpg	NOKEY	MAX	NOKEY
1447960831001	0	lts_1119L_37_01	37	01	0	40	8	1	1	Hit	488	8-first/8059226.thl.jpg	8059226.thl.jpg	SPACE	535	SPACE
1447960834076	0	lts_1119L_37_01	37	01	0	41	0	0	0	CR	MAX	Aflower136.jpg	Aflower136.jpg	NOKEY	MAX	NOKEY
1447960834978	0	lts_1119L_37_01	37	01	0	42	2	1	1	Hit	426	2-mul/8059226.thl.jpg	8059226.thl.jpg	SPACE	468	SPACE
1447960838072	0	lts_1119L_37_01	37	01	0	43	0	0	0	CR	MAX	26428110.thl.jpg	26428110.thl.jpg	NOKEY	MAX	NOKEY
1447960841147	0	lts_1119L_37_01	37	01	0	44	0	0	0	CR	MAX	AARTIFLE2.jpg	AARTIFLE2.jpg	NOKEY	MAX	NOKEY
1447960844223	0	lts_1119L_37_01	37	01	0	45	0	0	0	CR	MAX	16/ABISHOP2.jpg	ABISHOP2.jpg	NOKEY	MAX	NOKEY
1447960847299	0	lts_1119L_37_01	37	01	0	46	0	0	0	CR	MAX	Atwowayradio2.jpg	Atwowayradio2.jpg	NOKEY	MAX	NOKEY
1447960850375	0	lts_1119L_37_01	37	01	0	47	0	0	0	CR	MAX	APICKLES6.jpg	APICKLES6.jpg	NOKEY	MAX	NOKEY
1447960853452	0	lts_1119L_37_01	37	01	0	48	0	0	0	CR	MAX	22908308.thl.jpg	22908308.thl.jpg	NOKEY	MAX	NOKEY
1447960856528	0	lts_1119L_37_01	37	01	0	49	0	0	0	CR	MAX	ACLAM.jpg	ACLAM.jpg	NOKEY	MAX	NOKEY
1447960857464	0	lts_1119L_37_01	37	01	0	50	16	1	1	Hit	452	16-mul/Ahourglass4.jpg	Ahourglass4.jpg	SPACE	503	SPACE
1447960860540	0	lts_1119L_37_01	37	01	0	51	0	0	0	CR	MAX	4555.jpg	4555.jpg	NOKEY	MAX	NOKEY
1447960863633	0	lts_1119L_37_01	37	01	0	52	0	0	0	CR	MAX	2/Awindmill3.jpg	Awindmill3.jpg	NOKEY	MAX	NOKEY
1447960866709	0	lts_1119L_37_01	37	01	0	53	0	0	0	CR	MAX	AWALLEYE2.jpg	AWALLEYE2.jpg	NOKEY	MAX	NOKEY
1447960867762	0	lts_1119L_37_01	37	01	0	54	2	1	1	Hit	572	2-11/Awindmill3.jpg	Awindmill3.jpg	SPACE	619	SPACE
1447960870838	0	lts_1119L_37_01	37	01	0	55	0	0	0	CR	MAX	128/ADOUBHOOK.jpg	ADOUBHOOK.jpg	NOKEY	MAX	NOKEY
1447960873914	0	lts_1119L_37_01	37	01	0	56	0	0	0	CR	MAX	ASTEAMER4.jpg	ASTEAMER4.jpg	NOKEY	MAX	NOKEY
1447960876990	0	lts_1119L_37_01	37	01	0	57	0	0	0	CR	MAX	34936916.thl.jpg	34936916.thl.jpg	NOKEY	MAX	NOKEY
1447960880067	0	lts_1119L_37_01	37	01	0	58	0	0	0	CR	MAX	image004.jpg	image004.jpg	NOKEY	MAX	NOKEY
1447960883142	0	lts_1119L_37_01	37	01	0	59	0	0	0	CR	MAX	Awinecase.jpg	Awinecase.jpg	NOKEY	MAX	NOKEY
1447960886218	0	lts_1119L_37_01	37	01	0	60	0	0	0	CR	MAX	APIPE8.jpg	APIPE8.jpg	NOKEY	MAX	NOKEY
1447960887221	0	lts_1119L_37_01	37	01	0	61	16	1	1	Hit	531	16-1/ABISHOP2.jpg	ABISHOP2.jpg	SPACE	568	SPACE
1447960890314	0	lts_1119L_37_01	37	01	0	62	0	0	0	CR	MAX	razorscooter.jpg	razorscooter.jpg	NOKEY	MAX	NOKEY
1447960893390	0	lts_1119L_37_01	37	01	0	63	0	0	0	CR	MAX	ABLACSUI3.jpg	ABLACSUI3.jpg	NOKEY	MAX	NOKEY
1447960896466	0	lts_1119L_37_01	37	01	0	64	0	0	0	CR	MAX	asparagus.jpg	asparagus.jpg	NOKEY	MAX	NOKEY
1447960899542	0	lts_1119L_37_01	37	01	0	65	0	0	0	CR	MAX	1/AHCONGADR.jpg	AHCONGADR.jpg	NOKEY	MAX	NOKEY
1447960900529	0	lts_1119L_37_01	37	01	0	66	1	1	1	Hit	506	1-6/AHCONGADR.jpg	AHCONGADR.jpg	SPACE	552	SPACE
1447960903605	0	lts_1119L_37_01	37	01	0	67	0	0	0	CR	MAX	ATISSUE.jpg	ATISSUE.jpg	NOKEY	MAX	NOKEY
1447960906681	0	lts_1119L_37_01	37	01	0	68	0	0	0	CR	MAX	26460317.thl.jpg	26460317.thl.jpg	NOKEY	MAX	NOKEY
1447960909757	0	lts_1119L_37_01	37	01	0	69	0	0	0	CR	MAX	26375899.thl.jpg	26375899.thl.jpg	NOKEY	MAX	NOKEY
1447960910860	0	lts_1119L_37_01	37	01	0	70	64	1	1	Hit	619	64-first/catsl60.jpg	catsl60.jpg	SPACE	669	SPACE
1447960913936	0	lts_1119L_37_01	37	01	0	71	0	0	0	CR	MAX	ATRIANGL2.jpg	ATRIANGL2.jpg	NOKEY	MAX	NOKEY
1447960914856	0	lts_1119L_37_01	37	01	0	72	2	1	1	Hit	440	2-mul/catsl60.jpg	catsl60.jpg	SPACE	485	SPACE
1447960917949	0	lts_1119L_37_01	37	01	0	73	0	0	0	CR	MAX	2/outdoorheater.jpg	outdoorheater.jpg	NOKEY	MAX	NOKEY
1447960921026	0	lts_1119L_37_01	37	01	0	74	0	0	0	CR	MAX	gymvaulting2.jpg	gymvaulting2.jpg	NOKEY	MAX	NOKEY
1447960922145	0	lts_1119L_37_01	37	01	0	75	2	1	1	Hit	649	2-2/outdoorheater.jpg	outdoorheater.jpg	SPACE	685	SPACE
1447960925221	0	lts_1119L_37_01	37	01	0	76	0	0	0	CR	MAX	Aflamingo4.jpg	Aflamingo4.jpg	NOKEY	MAX	NOKEY
1447960928297	0	lts_1119L_37_01	37	01	0	77	0	0	0	CR	MAX	ABULLMASK.jpg	ABULLMASK.jpg	NOKEY	MAX	NOKEY
1447960931373	0	lts_1119L_37_01	37	01	0	78	0	0	0	CR	MAX	Acomputerdriv.jpg	Acomputerdriv.jpg	NOKEY	MAX	NOKEY
1447960934449	0	lts_1119L_37_01	37	01	0	79	0	0	0	CR	MAX	1/ASPRITZER.jpg	ASPRITZER.jpg	NOKEY	MAX	NOKEY
1447960935352	0	lts_1119L_37_01	37	01	0	80	1	1	1	Hit	433	1-5/ASPRITZER.jpg	ASPRITZER.jpg	SPACE	468	SPACE
1447960938428	0	lts_1119L_37_01	37	01	0	81	0	0	0	CR	MAX	4/AAIRPORTC.jpg	AAIRPORTC.jpg	NOKEY	MAX	NOKEY
1447960941504	0	lts_1119L_37_01	37	01	0	82	0	0	0	CR	MAX	AFLAMMABL.jpg	AFLAMMABL.jpg	NOKEY	MAX	NOKEY
1447960944597	0	lts_1119L_37_01	37	01	0	83	0	0	0	CR	MAX	ALITERBOX.jpg	ALITERBOX.jpg	NOKEY	MAX	NOKEY
1447960947673	0	lts_1119L_37_01	37	01	0	84	0	0	0	CR	MAX	Aflower102.jpg	Aflower102.jpg	NOKEY	MAX	NOKEY
1447960948676	0	lts_1119L_37_01	37	01	0	85	4	1	1	Hit	519	4-7/AAIRPORTC.jpg	AAIRPORTC.jpg	SPACE	569	SPACE
1447960951752	0	lts_1119L_37_01	37	01	0	86	0	0	0	CR	MAX	ABPIECE2.jpg	ABPIECE2.jpg	NOKEY	MAX	NOKEY
1447960954845	0	lts_1119L_37_01	37	01	0	87	0	0	0	CR	MAX	Ababycup2.jpg	Ababycup2.jpg	NOKEY	MAX	NOKEY
1447960956232	0	lts_1119L_37_01	37	01	0	88	0	0	1	FA	906	Atool198.jpg	Atool198.jpg	SPACE	953	NOKEY
1447960959308	0	lts_1119L_37_01	37	01	0	89	0	0	0	CR	MAX	26427867.thl.jpg	26427867.thl.jpg	NOKEY	MAX	NOKEY
1447960962384	0	lts_1119L_37_01	37	01	0	90	0	0	0	CR	MAX	APROSTLE2.jpg	APROSTLE2.jpg	NOKEY	MAX	NOKEY
1447960965460	0	lts_1119L_37_01	37	01	0	91	0	0	0	CR	MAX	Ababydec4.jpg	Ababydec4.jpg	NOKEY	MAX	NOKEY
1447960968537	0	lts_1119L_37_01	37	01	0	92	0	0	0	CR	MAX	AGLASSEY5.jpg	AGLASSEY5.jpg	NOKEY	MAX	NOKEY
1447960971613	0	lts_1119L_37_01	37	01	0	93	0	0	0	CR	MAX	AREDROSE8.jpg	AREDROSE8.jpg	NOKEY	MAX	NOKEY
1447960974689	0	lts_1119L_37_01	37	01	0	94	0	0	0	CR	MAX	Awatch53.jpg	Awatch53.jpg	NOKEY	MAX	NOKEY
1447960977765	0	lts_1119L_37_01	37	01	0	95	0	0	0	CR	MAX	4/Aclothespin4.jpg	Aclothespin4.jpg	NOKEY	MAX	NOKEY
1447960980841	0	lts_1119L_37_01	37	01	0	96	0	0	0	CR	MAX	64/8021743.thl.jpg	8021743.thl.jpg	NOKEY	MAX	NOKEY
1447960983917	0	lts_1119L_37_01	37	01	0	97	0	0	0	CR	MAX	Agrater10.jpg	Agrater10.jpg	NOKEY	MAX	NOKEY
1447960986993	0	lts_1119L_37_01	37	01	0	98	0	0	0	CR	MAX	26374713.thl.jpg	26374713.thl.jpg	NOKEY	MAX	NOKEY
1447960987996	0	lts_1119L_37_01	37	01	0	99	4	1	1	Hit	530	4-10/Aclothespin4.jpg	Aclothespin4.jpg	SPACE	568	SPACE
1447960991072	0	lts_1119L_37_01	37	01	0	100	0	0	0	CR	MAX	8/26375641.thl.jpg	26375641.thl.jpg	NOKEY	MAX	NOKEY
1447960994148	0	lts_1119L_37_01	37	01	0	101	0	0	0	CR	MAX	Aappleonsca14.jpg	Aappleonsca14.jpg	NOKEY	MAX	NOKEY
1447960995118	0	lts_1119L_37_01	37	01	0	102	64	1	1	Hit	493	64-first/8031659.thl.jpg	8031659.thl.jpg	SPACE	535	SPACE
1447960998194	0	lts_1119L_37_01	37	01	0	103	0	0	0	CR	MAX	Amonitor10.jpg	Amonitor10.jpg	NOKEY	MAX	NOKEY
1447961001270	0	lts_1119L_37_01	37	01	0	104	0	0	0	CR	MAX	8/AOLIVE.jpg	AOLIVE.jpg	NOKEY	MAX	NOKEY
1447961004363	0	lts_1119L_37_01	37	01	0	105	0	0	0	CR	MAX	32/E_statue.jpg	E_statue.jpg	NOKEY	MAX	NOKEY
1447961005282	0	lts_1119L_37_01	37	01	0	106	4	1	1	Hit	441	4-mul/8031659.thl.jpg	8031659.thl.jpg	SPACE	485	SPACE
1447961008358	0	lts_1119L_37_01	37	01	0	107	0	0	0	CR	MAX	racetrack.jpg	racetrack.jpg	NOKEY	MAX	NOKEY
1447961009361	0	lts_1119L_37_01	37	01	0	108	8	1	1	Hit	529	8-first/26375641.thl.jpg	26375641.thl.jpg	SPACE	568	SPACE
1447961012437	0	lts_1119L_37_01	37	01	0	109	0	0	0	CR	MAX	26465824.thl.jpg	26465824.thl.jpg	NOKEY	MAX	NOKEY
1447961013374	0	lts_1119L_37_01	37	01	0	110	2	1	1	Hit	461	2-mul/26375641.thl.jpg	26375641.thl.jpg	SPACE	501	SPACE
1447961016450	0	lts_1119L_37_01	37	01	0	111	0	0	0	CR	MAX	8/22856784.thl.jpg	22856784.thl.jpg	NOKEY	MAX	NOKEY
1447961017453	0	lts_1119L_37_01	37	01	0	112	8	1	1	Hit	516	8-first/AOLIVE.jpg	AOLIVE.jpg	SPACE	553	SPACE
1447961020529	0	lts_1119L_37_01	37	01	0	113	0	0	0	CR	MAX	1/ABAKECON3.jpg	ABAKECON3.jpg	NOKEY	MAX	NOKEY
1447961021365	0	lts_1119L_37_01	37	01	0	114	1	1	1	Hit	354	1-10/ABAKECON3.jpg	ABAKECON3.jpg	SPACE	401	SPACE
1447961024441	0	lts_1119L_37_01	37	01	0	115	0	0	0	CR	MAX	ABAGEL.jpg	ABAGEL.jpg	NOKEY	MAX	NOKEY
1447961025394	0	lts_1119L_37_01	37	01	0	116	4	1	1	Hit	479	4-mul/AOLIVE.jpg	AOLIVE.jpg	SPACE	518	SPACE
1447961028470	0	lts_1119L_37_01	37	01	0	117	0	0	0	CR	MAX	ABABYSH33.jpg	ABABYSH33.jpg	NOKEY	MAX	NOKEY
1447961031562	0	lts_1119L_37_01	37	01	0	118	0	0	0	CR	MAX	AGAME.jpg	AGAME.jpg	NOKEY	MAX	NOKEY
1447961032599	0	lts_1119L_37_01	37	01	0	119	8	1	1	Hit	551	8-first/22856784.thl.jpg	22856784.thl.jpg	SPACE	602	SPACE
1447961035675	0	lts_1119L_37_01	37	01	0	120	0	0	0	CR	MAX	ACARMON.jpg	ACARMON.jpg	NOKEY	MAX	NOKEY
1447961038768	0	lts_1119L_37_01	37	01	0	121	0	0	0	CR	MAX	Astirstick.jpg	Astirstick.jpg	NOKEY	MAX	NOKEY
1447961041844	0	lts_1119L_37_01	37	01	0	122	0	0	0	CR	MAX	8/ACREPMAK3.jpg	ACREPMAK3.jpg	NOKEY	MAX	NOKEY
1447961042847	0	lts_1119L_37_01	37	01	0	123	4	1	1	Hit	528	4-mul/22856784.thl.jpg	22856784.thl.jpg	SPACE	569	SPACE
1447961045923	0	lts_1119L_37_01	37	01	0	124	0	0	0	CR	MAX	4/ACATCAGE.jpg	ACATCAGE.jpg	NOKEY	MAX	NOKEY
1447961048999	0	lts_1119L_37_01	37	01	0	125	0	0	0	CR	MAX	1/gingerbreadcookie.jpg	gingerbreadcookie.jpg	NOKEY	MAX	NOKEY
1447961049902	0	lts_1119L_37_01	37	01	0	126	1	1	1	Hit	428	1-14/gingerbreadcookie.jpg	gingerbreadcookie.jpg	SPACE	467	SPACE
1447961052978	0	lts_1119L_37_01	37	01	0	127	0	0	0	CR	MAX	neckrest.jpg	neckrest.jpg	NOKEY	MAX	NOKEY
1447961054148	0	lts_1119L_37_01	37	01	0	128	4	1	1	Hit	691	4-8/ACATCAGE.jpg	ACATCAGE.jpg	SPACE	736	SPACE
1447961057224	0	lts_1119L_37_01	37	01	0	129	0	0	0	CR	MAX	26393373.thl.jpg	26393373.thl.jpg	NOKEY	MAX	NOKEY
1447961058411	0	lts_1119L_37_01	37	01	0	130	8	1	1	Hit	707	8-first/ACREPMAK3.jpg	ACREPMAK3.jpg	SPACE	752	SPACE
1447961061487	0	lts_1119L_37_01	37	01	0	131	0	0	0	CR	MAX	Asewingpin.jpg	Asewingpin.jpg	NOKEY	MAX	NOKEY
1447961064580	0	lts_1119L_37_01	37	01	0	132	0	0	0	CR	MAX	128/ALAB19.jpg	ALAB19.jpg	NOKEY	MAX	NOKEY
1447961065800	0	lts_1119L_37_01	37	01	0	133	0	0	1	FA	740	16/ABONGO3.jpg	ABONGO3.jpg	SPACE	785	NOKEY
1447961068876	0	lts_1119L_37_01	37	01	0	134	0	0	0	CR	MAX	26374089.thl.jpg	26374089.thl.jpg	NOKEY	MAX	NOKEY
1447961071953	0	lts_1119L_37_01	37	01	0	135	0	0	0	CR	MAX	ABARPEAR.jpg	ABARPEAR.jpg	NOKEY	MAX	NOKEY
1447961075030	0	lts_1119L_37_01	37	01	0	136	0	0	0	CR	MAX	Aflowerpot9.jpg	Aflowerpot9.jpg	NOKEY	MAX	NOKEY
1447961076016	0	lts_1119L_37_01	37	01	0	137	32	1	1	Hit	501	32-2/E_statue.jpg	E_statue.jpg	SPACE	551	SPACE
1447961077102	0	lts_1119L_37_01	37	01	0	138	0	0	1	FA	602	16/AMAILBO28.jpg	AMAILBO28.jpg	SPACE	650	NOKEY
1447961080178	0	lts_1119L_37_01	37	01	0	139	0	0	0	CR	MAX	23065398.thl.jpg	23065398.thl.jpg	NOKEY	MAX	NOKEY
1447961083254	0	lts_1119L_37_01	37	01	0	140	0	0	0	CR	MAX	8024092.thl.jpg	8024092.thl.jpg	NOKEY	MAX	NOKEY
1447961086330	0	lts_1119L_37_01	37	01	0	141	0	0	0	CR	MAX	Adiamondring3.jpg	Adiamondring3.jpg	NOKEY	MAX	NOKEY
1447961089406	0	lts_1119L_37_01	37	01	0	142	0	0	0	CR	MAX	26456480.thl.jpg	26456480.thl.jpg	NOKEY	MAX	NOKEY
1447961090543	0	lts_1119L_37_01	37	01	0	143	128	1	1	Hit	659	128-6/AMECHSOCK.jpg	AMECHSOCK.jpg	SPACE	703	SPACE
1447961093619	0	lts_1119L_37_01	37	01	0	144	0	0	0	CR	MAX	AJUICER.jpg	AJUICER.jpg	NOKEY	MAX	NOKEY
1447961096712	0	lts_1119L_37_01	37	01	0	145	0	0	0	CR	MAX	AHEBREWTE.jpg	AHEBREWTE.jpg	NOKEY	MAX	NOKEY
1447961097765	0	lts_1119L_37_01	37	01	0	146	16	1	1	Hit	577	16-mul/ACREPMAK3.jpg	ACREPMAK3.jpg	SPACE	619	SPACE
1447961100841	0	lts_1119L_37_01	37	01	0	147	0	0	0	CR	MAX	32/ARECORDSY.jpg	ARECORDSY.jpg	NOKEY	MAX	NOKEY
1447961103917	0	lts_1119L_37_01	37	01	0	148	0	0	0	CR	MAX	Adill.jpg	Adill.jpg	NOKEY	MAX	NOKEY
1447961105087	0	lts_1119L_37_01	37	01	0	149	16	1	1	Hit	693	16-first/ABONGO3.jpg	ABONGO3.jpg	SPACE	736	SPACE
1447961108163	0	lts_1119L_37_01	37	01	0	150	0	0	0	CR	MAX	26439913.thl.jpg	26439913.thl.jpg	NOKEY	MAX	NOKEY
1447961109116	0	lts_1119L_37_01	37	01	0	151	2	1	1	Hit	478	2-mul/ABONGO3.jpg	ABONGO3.jpg	SPACE	518	SPACE
1447961112192	0	lts_1119L_37_01	37	01	0	152	0	0	0	CR	MAX	26431205.thl.jpg	26431205.thl.jpg	NOKEY	MAX	NOKEY
1447961115285	0	lts_1119L_37_01	37	01	0	153	0	0	0	CR	MAX	Adress6.jpg	Adress6.jpg	NOKEY	MAX	NOKEY
1447961116438	0	lts_1119L_37_01	37	01	0	154	16	1	1	Hit	673	16-0/AMAILBO28.jpg	AMAILBO28.jpg	SPACE	720	SPACE
1447961119515	0	lts_1119L_37_01	37	01	0	155	0	0	0	CR	MAX	Acamerabag.jpg	Acamerabag.jpg	NOKEY	MAX	NOKEY
1447961120668	0	lts_1119L_37_01	37	01	0	156	128	1	1	Hit	674	128-3/26437107.thl.jpg	26437107.thl.jpg	SPACE	719	SPACE
1447961123744	0	lts_1119L_37_01	37	01	0	157	0	0	0	CR	MAX	1/Apaperclip6.jpg	Apaperclip6.jpg	NOKEY	MAX	NOKEY
1447961124731	0	lts_1119L_37_01	37	01	0	158	1	1	1	Hit	508	1-9/Apaperclip6.jpg	Apaperclip6.jpg	SPACE	551	SPACE
1447961127807	0	lts_1119L_37_01	37	01	0	159	0	0	0	CR	MAX	ABAROMET2.jpg	ABAROMET2.jpg	NOKEY	MAX	NOKEY
1447961128893	0	lts_1119L_37_01	37	01	0	160	64	1	1	Hit	601	64-first/8021743.thl.jpg	8021743.thl.jpg	SPACE	652	SPACE
1447961131969	0	lts_1119L_37_01	37	01	0	161	0	0	0	CR	MAX	Aantiquesofa4.jpg	Aantiquesofa4.jpg	NOKEY	MAX	NOKEY
1447961135046	0	lts_1119L_37_01	37	01	0	162	0	0	0	CR	MAX	Aceramicjug16.jpg	Aceramicjug16.jpg	NOKEY	MAX	NOKEY
1447961138138	0	lts_1119L_37_01	37	01	0	163	0	0	0	CR	MAX	4/ATOOL9.jpg	ATOOL9.jpg	NOKEY	MAX	NOKEY
1447961139091	0	lts_1119L_37_01	37	01	0	164	0	0	1	FA	472	AFRUIT3.jpg	AFRUIT3.jpg	SPACE	518	NOKEY
1447961142167	0	lts_1119L_37_01	37	01	0	165	0	0	0	CR	MAX	16/Acampingstov9.jpg	Acampingstov9.jpg	NOKEY	MAX	NOKEY
1447961145243	0	lts_1119L_37_01	37	01	0	166	0	0	0	CR	MAX	8/Alobster10.jpg	Alobster10.jpg	NOKEY	MAX	NOKEY
1447961146280	0	lts_1119L_37_01	37	01	0	167	4	1	1	Hit	555	4-1/ATOOL9.jpg	ATOOL9.jpg	SPACE	602	SPACE
1447961148036	0	lts_1119L_37_01	37	01	0	168	0	0	1	FA	1280	26374767.thl.jpg	26374767.thl.jpg	SPACE	1321	NOKEY
1447961151128	0	lts_1119L_37_01	37	01	0	169	0	0	0	CR	MAX	Areindeer2.jpg	Areindeer2.jpg	NOKEY	MAX	NOKEY
1447961154204	0	lts_1119L_37_01	37	01	0	170	0	0	0	CR	MAX	AFOODBLEN.jpg	AFOODBLEN.jpg	NOKEY	MAX	NOKEY
1447961157280	0	lts_1119L_37_01	37	01	0	171	0	0	0	CR	MAX	16/Abeany2.jpg	Abeany2.jpg	NOKEY	MAX	NOKEY
1447961160373	0	lts_1119L_37_01	37	01	0	172	0	0	0	CR	MAX	Atray22.jpg	Atray22.jpg	NOKEY	MAX	NOKEY
1447961163449	0	lts_1119L_37_01	37	01	0	173	0	0	0	CR	MAX	22866972.thl.jpg	22866972.thl.jpg	NOKEY	MAX	NOKEY
1447961164385	0	lts_1119L_37_01	37	01	0	174	8	1	1	Hit	464	8-first/Alobster10.jpg	Alobster10.jpg	SPACE	502	SPACE
1447961167478	0	lts_1119L_37_01	37	01	0	175	0	0	0	CR	MAX	potato.jpg	potato.jpg	NOKEY	MAX	NOKEY
1447961168397	0	lts_1119L_37_01	37	01	0	176	16	1	1	Hit	438	16-mul/8021743.thl.jpg	8021743.thl.jpg	SPACE	485	SPACE
1447961171473	0	lts_1119L_37_01	37	01	0	177	0	0	0	CR	MAX	32/Atoyswing.jpg	Atoyswing.jpg	NOKEY	MAX	NOKEY
1447961174549	0	lts_1119L_37_01	37	01	0	178	0	0	0	CR	MAX	ACOFFTRA2.jpg	ACOFFTRA2.jpg	NOKEY	MAX	NOKEY
1447961176022	0	lts_1119L_37_01	37	01	0	179	32	1	1	Hit	1000	32-3/ARECORDSY.jpg	ARECORDSY.jpg	SPACE	1036	SPACE
1447961179113	0	lts_1119L_37_01	37	01	0	180	0	0	0	CR	MAX	Apackage3.jpg	Apackage3.jpg	NOKEY	MAX	NOKEY
1447961180250	0	lts_1119L_37_01	37	01	0	181	16	1	1	Hit	665	16-first/Acampingstov9.jpg	Acampingstov9.jpg	SPACE	702	SPACE
1447961183326	0	lts_1119L_37_01	37	01	0	182	0	0	0	CR	MAX	ALINENCA3.jpg	ALINENCA3.jpg	NOKEY	MAX	NOKEY
1447961184547	0	lts_1119L_37_01	37	01	0	183	128	1	1	Hit	746	128-1/ADOUBHOOK.jpg	ADOUBHOOK.jpg	SPACE	785	SPACE
1447961187623	0	lts_1119L_37_01	37	01	0	184	0	0	0	CR	MAX	Adoorknocker2.jpg	Adoorknocker2.jpg	NOKEY	MAX	NOKEY
1447961188626	0	lts_1119L_37_01	37	01	0	185	4	1	1	Hit	529	4-mul/Acampingstov9.jpg	Acampingstov9.jpg	SPACE	569	SPACE
1447961191702	0	lts_1119L_37_01	37	01	0	186	0	0	0	CR	MAX	AMIXBOAR2.jpg	AMIXBOAR2.jpg	NOKEY	MAX	NOKEY
1447961192722	0	lts_1119L_37_01	37	01	0	187	16	1	1	Hit	547	16-first/Abeany2.jpg	Abeany2.jpg	SPACE	585	SPACE
1447961195798	0	lts_1119L_37_01	37	01	0	188	0	0	0	CR	MAX	Aslippers2.jpg	Aslippers2.jpg	NOKEY	MAX	NOKEY
1447961198890	0	lts_1119L_37_01	37	01	0	189	0	0	0	CR	MAX	4/Arecordplaye2.jpg	Arecordplaye2.jpg	NOKEY	MAX	NOKEY
1447961199843	0	lts_1119L_37_01	37	01	0	190	16	1	1	Hit	470	16-mul/Alobster10.jpg	Alobster10.jpg	SPACE	518	SPACE
1447961202919	0	lts_1119L_37_01	37	01	0	191	0	0	0	CR	MAX	ATOOLS.jpg	ATOOLS.jpg	NOKEY	MAX	NOKEY
1447961205996	0	lts_1119L_37_01	37	01	0	192	0	0	0	CR	MAX	26433849.thl.jpg	26433849.thl.jpg	NOKEY	MAX	NOKEY
1447961206965	0	lts_1119L_37_01	37	01	0	193	4	1	1	Hit	498	4-4/Arecordplaye2.jpg	Arecordplaye2.jpg	SPACE	534	SPACE
1447961207918	0	lts_1119L_37_01	37	01	0	194	0	0	1	FA	476	AAEROBENC.jpg	AAEROBENC.jpg	SPACE	518	NOKEY
1447961210994	0	lts_1119L_37_01	37	01	0	195	0	0	0	CR	MAX	128/Areceiptmach2.jpg	Areceiptmach2.jpg	NOKEY	MAX	NOKEY
1447961214071	0	lts_1119L_37_01	37	01	0	196	0	0	0	CR	MAX	Ahandbag55.jpg	Ahandbag55.jpg	NOKEY	MAX	NOKEY
1447961217163	0	lts_1119L_37_01	37	01	0	197	0	0	0	CR	MAX	1/AHOCKPANT.jpg	AHOCKPANT.jpg	NOKEY	MAX	NOKEY
1447961218116	0	lts_1119L_37_01	37	01	0	198	1	1	1	Hit	479	1-0/AHOCKPANT.jpg	AHOCKPANT.jpg	SPACE	519	SPACE
1447961221192	0	lts_1119L_37_01	37	01	0	199	0	0	0	CR	MAX	Atoyseasaw.jpg	Atoyseasaw.jpg	NOKEY	MAX	NOKEY
1447961224268	0	lts_1119L_37_01	37	01	0	200	0	0	0	CR	MAX	ABROOCH52.jpg	ABROOCH52.jpg	NOKEY	MAX	NOKEY
1447961227344	0	lts_1119L_37_01	37	01	0	201	0	0	0	CR	MAX	ALEMUR3.jpg	ALEMUR3.jpg	NOKEY	MAX	NOKEY
1447961230420	0	lts_1119L_37_01	37	01	0	202	0	0	0	CR	MAX	ADRESSE14.jpg	ADRESSE14.jpg	NOKEY	MAX	NOKEY
1447961231523	0	lts_1119L_37_01	37	01	0	203	16	1	1	Hit	623	16-mul/Abeany2.jpg	Abeany2.jpg	SPACE	668	SPACE
1447961233262	0	lts_1119L_37_01	37	01	0	204	0	0	1	FA	1262	8/Afunnel17.jpg	Afunnel17.jpg	SPACE	1304	NOKEY
1447961236338	0	lts_1119L_37_01	37	01	0	205	0	0	0	CR	MAX	2/Agrilledmeata.jpg	Agrilledmeata.jpg	NOKEY	MAX	NOKEY
1447961239414	0	lts_1119L_37_01	37	01	0	206	0	0	0	CR	MAX	26429130.thl.jpg	26429130.thl.jpg	NOKEY	MAX	NOKEY
1447961240384	0	lts_1119L_37_01	37	01	0	207	2	1	1	Hit	484	2-6/Agrilledmeata.jpg	Agrilledmeata.jpg	SPACE	535	SPACE
1447961243477	0	lts_1119L_37_01	37	01	0	208	0	0	0	CR	MAX	Atray26.jpg	Atray26.jpg	NOKEY	MAX	NOKEY
1447961244496	0	lts_1119L_37_01	37	01	0	209	32	1	1	Hit	543	32-7/Atoyswing.jpg	Atoyswing.jpg	SPACE	585	SPACE
1447961247573	0	lts_1119L_37_01	37	01	0	210	0	0	0	CR	MAX	26464872.thl.jpg	26464872.thl.jpg	NOKEY	MAX	NOKEY
1447961248810	0	lts_1119L_37_01	37	01	0	211	0	0	1	FA	762	ABEARIN28.jpg	ABEARIN28.jpg	SPACE	802	NOKEY
1447961250114	0	lts_1119L_37_01	37	01	0	212	8	1	1	Hit	831	8-first/Afunnel17.jpg	Afunnel17.jpg	SPACE	870	SPACE
1447961253190	0	lts_1119L_37_01	37	01	0	213	0	0	0	CR	MAX	32/Agaspump3.jpg	Agaspump3.jpg	NOKEY	MAX	NOKEY
1447961254243	0	lts_1119L_37_01	37	01	0	214	2	1	1	Hit	580	2-mul/Afunnel17.jpg	Afunnel17.jpg	SPACE	619	SPACE
1447961257336	0	lts_1119L_37_01	37	01	0	215	0	0	0	CR	MAX	AONETOAST.jpg	AONETOAST.jpg	NOKEY	MAX	NOKEY
1447961260412	0	lts_1119L_37_01	37	01	0	216	0	0	0	CR	MAX	Abutterflynet.jpg	Abutterflynet.jpg	NOKEY	MAX	NOKEY
1447961263488	0	lts_1119L_37_01	37	01	0	217	0	0	0	CR	MAX	2/largemacscreen.jpg	largemacscreen.jpg	NOKEY	MAX	NOKEY
1447961266564	0	lts_1119L_37_01	37	01	0	218	0	0	0	CR	MAX	AARTBERRI.jpg	AARTBERRI.jpg	NOKEY	MAX	NOKEY
1447961267534	0	lts_1119L_37_01	37	01	0	219	2	1	1	Hit	484	2-5/largemacscreen.jpg	largemacscreen.jpg	SPACE	535	SPACE
1447961270610	0	lts_1119L_37_01	37	01	0	220	0	0	0	CR	MAX	8/ASHAMPO2.jpg	ASHAMPO2.jpg	NOKEY	MAX	NOKEY
1447961273686	0	lts_1119L_37_01	37	01	0	221	0	0	0	CR	MAX	AMAGGLASS.jpg	AMAGGLASS.jpg	NOKEY	MAX	NOKEY
1447961276778	0	lts_1119L_37_01	37	01	0	222	0	0	0	CR	MAX	64/26439297.thl.jpg	26439297.thl.jpg	NOKEY	MAX	NOKEY
1447961279854	0	lts_1119L_37_01	37	01	0	223	0	0	0	CR	MAX	16/Adecorativem2.jpg	Adecorativem2.jpg	NOKEY	MAX	NOKEY
1447961282931	0	lts_1119L_37_01	37	01	0	224	0	0	0	CR	MAX	128/AWASHMAC5.jpg	AWASHMAC5.jpg	NOKEY	MAX	NOKEY
1447961286008	0	lts_1119L_37_01	37	01	0	225	0	0	0	CR	MAX	1/AMIXER.jpg	AMIXER.jpg	NOKEY	MAX	NOKEY
1447961286909	0	lts_1119L_37_01	37	01	0	226	1	1	1	Hit	431	1-7/AMIXER.jpg	AMIXER.jpg	SPACE	467	SPACE
1447961289985	0	lts_1119L_37_01	37	01	0	227	0	0	0	CR	MAX	Aplastichousi.jpg	Aplastichousi.jpg	NOKEY	MAX	NOKEY
1447961290955	0	lts_1119L_37_01	37	01	0	228	8	1	1	Hit	498	8-0/ASHAMPO2.jpg	ASHAMPO2.jpg	SPACE	534	SPACE
1447961294032	0	lts_1119L_37_01	37	01	0	229	0	0	0	CR	MAX	securitycamera.jpg	securitycamera.jpg	NOKEY	MAX	NOKEY
1447961295151	0	lts_1119L_37_01	37	01	0	230	0	0	1	FA	635	36407726.thl.jpg	36407726.thl.jpg	SPACE	684	NOKEY
1447961298227	0	lts_1119L_37_01	37	01	0	231	0	0	0	CR	MAX	igloo.jpg	igloo.jpg	NOKEY	MAX	NOKEY
1447961301303	0	lts_1119L_37_01	37	01	0	232	0	0	0	CR	MAX	Awheelchair6.jpg	Awheelchair6.jpg	NOKEY	MAX	NOKEY
1447961304379	0	lts_1119L_37_01	37	01	0	233	0	0	0	CR	MAX	16/Atoybird10.jpg	Atoybird10.jpg	NOKEY	MAX	NOKEY
1447961307472	0	lts_1119L_37_01	37	01	0	234	0	0	0	CR	MAX	Afruitbasket2.jpg	Afruitbasket2.jpg	NOKEY	MAX	NOKEY
1447961310548	0	lts_1119L_37_01	37	01	0	235	0	0	0	CR	MAX	1/36407685.thl.jpg	36407685.thl.jpg	NOKEY	MAX	NOKEY
1447961311401	0	lts_1119L_37_01	37	01	0	236	1	1	1	Hit	367	1-3/36407685.thl.jpg	36407685.thl.jpg	SPACE	418	SPACE
1447961313173	0	lts_1119L_37_01	37	01	0	237	0	0	1	FA	1290	gascontainer.jpg	gascontainer.jpg	SPACE	1338	NOKEY
1447961316249	0	lts_1119L_37_01	37	01	0	238	0	0	0	CR	MAX	supersmilefloss.jpg	supersmilefloss.jpg	NOKEY	MAX	NOKEY
1447961317286	0	lts_1119L_37_01	37	01	0	239	16	1	1	Hit	553	16-first/Adecorativem2.jpg	Adecorativem2.jpg	SPACE	601	SPACE
1447961320362	0	lts_1119L_37_01	37	01	0	240	0	0	0	CR	MAX	Atoyfurnitu14.jpg	Atoyfurnitu14.jpg	NOKEY	MAX	NOKEY
1447961321231	0	lts_1119L_37_01	37	01	0	241	2	1	1	Hit	386	2-mul/Adecorativem2.jpg	Adecorativem2.jpg	SPACE	435	SPACE
1447961324307	0	lts_1119L_37_01	37	01	0	242	0	0	0	CR	MAX	22827540.thl.jpg	22827540.thl.jpg	NOKEY	MAX	NOKEY
1447961327383	0	lts_1119L_37_01	37	01	0	243	0	0	0	CR	MAX	32/Ascarf7.jpg	Ascarf7.jpg	NOKEY	MAX	NOKEY
1447961330459	0	lts_1119L_37_01	37	01	0	244	0	0	0	CR	MAX	8254014.thl.jpg	8254014.thl.jpg	NOKEY	MAX	NOKEY
1447961333535	0	lts_1119L_37_01	37	01	0	245	32	1	0	Miss	MAX	32-0/Agaspump3.jpg	Agaspump3.jpg	NOKEY	MAX	SPACE
1447961336628	0	lts_1119L_37_01	37	01	0	246	0	0	0	CR	MAX	Apartyha3.jpg	Apartyha3.jpg	NOKEY	MAX	NOKEY
1447961337815	0	lts_1119L_37_01	37	01	0	247	0	0	1	FA	706	Ascanner11.jpg	Ascanner11.jpg	SPACE	752	NOKEY
1447961338935	0	lts_1119L_37_01	37	01	0	248	0	0	1	FA	644	23016235.thl.jpg	23016235.thl.jpg	SPACE	686	NOKEY
1447961340072	0	lts_1119L_37_01	37	01	0	249	16	1	1	Hit	653	16-first/Atoybird10.jpg	Atoybird10.jpg	SPACE	702	SPACE
1447961343148	0	lts_1119L_37_01	37	01	0	250	0	0	0	CR	MAX	Astrawfan.jpg	Astrawfan.jpg	NOKEY	MAX	NOKEY
1447961346224	0	lts_1119L_37_01	37	01	0	251	0	0	0	CR	MAX	ABUILDAR4.jpg	ABUILDAR4.jpg	NOKEY	MAX	NOKEY
1447961349300	0	lts_1119L_37_01	37	01	0	252	0	0	0	CR	MAX	fullbucket.jpg	fullbucket.jpg	NOKEY	MAX	NOKEY
1447961350219	0	lts_1119L_37_01	37	01	0	253	4	1	1	Hit	445	4-mul/Atoybird10.jpg	Atoybird10.jpg	SPACE	484	SPACE
1447961353296	0	lts_1119L_37_01	37	01	0	254	0	0	0	CR	MAX	AFLOURBA2.jpg	AFLOURBA2.jpg	NOKEY	MAX	NOKEY
1447961356372	0	lts_1119L_37_01	37	01	0	255	0	0	0	CR	MAX	2/Apepperoni.jpg	Apepperoni.jpg	NOKEY	MAX	NOKEY
1447961359448	0	lts_1119L_37_01	37	01	0	256	0	0	0	CR	MAX	Abeverage11.jpg	Abeverage11.jpg	NOKEY	MAX	NOKEY
1447961360484	0	lts_1119L_37_01	37	01	0	257	2	1	1	Hit	559	2-0/Apepperoni.jpg	Apepperoni.jpg	SPACE	603	SPACE
1447961363560	0	lts_1119L_37_01	37	01	0	258	0	0	0	CR	MAX	Abootbinding.jpg	Abootbinding.jpg	NOKEY	MAX	NOKEY
1447961366636	0	lts_1119L_37_01	37	01	0	259	0	0	0	CR	MAX	Ametalhousin4.jpg	Ametalhousin4.jpg	NOKEY	MAX	NOKEY
1447961369712	0	lts_1119L_37_01	37	01	0	260	128	1	0	Miss	MAX	128-2/ALAB19.jpg	ALAB19.jpg	NOKEY	MAX	SPACE
1447961372788	0	lts_1119L_37_01	37	01	0	261	0	0	0	CR	MAX	1/26384871.thl.jpg	26384871.thl.jpg	NOKEY	MAX	NOKEY
1447961373691	0	lts_1119L_37_01	37	01	0	262	1	1	1	Hit	431	1-12/26384871.thl.jpg	26384871.thl.jpg	SPACE	468	SPACE
1447961376767	0	lts_1119L_37_01	37	01	0	263	0	0	0	CR	MAX	64/APOWEDCAS.jpg	APOWEDCAS.jpg	NOKEY	MAX	NOKEY
1447961379843	0	lts_1119L_37_01	37	01	0	264	0	0	0	CR	MAX	128/D_dumpster.jpg	D_dumpster.jpg	NOKEY	MAX	NOKEY
1447961382936	0	lts_1119L_37_01	37	01	0	265	0	0	0	CR	MAX	Acanoe19.jpg	Acanoe19.jpg	NOKEY	MAX	NOKEY
1447961386013	0	lts_1119L_37_01	37	01	0	266	0	0	0	CR	MAX	32/ALEGCAST3.jpg	ALEGCAST3.jpg	NOKEY	MAX	NOKEY
1447961389088	0	lts_1119L_37_01	37	01	0	267	0	0	0	CR	MAX	Ayoungbobcat.jpg	Ayoungbobcat.jpg	NOKEY	MAX	NOKEY
1447961392164	0	lts_1119L_37_01	37	01	0	268	0	0	0	CR	MAX	Alei23.jpg	Alei23.jpg	NOKEY	MAX	NOKEY
1447961395240	0	lts_1119L_37_01	37	01	0	269	0	0	0	CR	MAX	4/A95CHEROK.jpg	A95CHEROK.jpg	NOKEY	MAX	NOKEY
1447961398316	0	lts_1119L_37_01	37	01	0	270	0	0	0	CR	MAX	26437077.thl.jpg	26437077.thl.jpg	NOKEY	MAX	NOKEY
1447961401393	0	lts_1119L_37_01	37	01	0	271	0	0	0	CR	MAX	26420979.thl.jpg	26420979.thl.jpg	NOKEY	MAX	NOKEY
1447961404485	0	lts_1119L_37_01	37	01	0	272	0	0	0	CR	MAX	Abird5.jpg	Abird5.jpg	NOKEY	MAX	NOKEY
1447961407561	0	lts_1119L_37_01	37	01	0	273	4	1	0	Miss	MAX	4-12/A95CHEROK.jpg	A95CHEROK.jpg	NOKEY	MAX	SPACE
1447961410637	0	lts_1119L_37_01	37	01	0	274	0	0	0	CR	MAX	AANSHIEL4.jpg	AANSHIEL4.jpg	NOKEY	MAX	NOKEY
1447961411824	0	lts_1119L_37_01	37	01	0	275	32	1	1	Hit	716	32-9/Ascarf7.jpg	Ascarf7.jpg	SPACE	752	SPACE
1447961414901	0	lts_1119L_37_01	37	01	0	276	0	0	0	CR	MAX	32/Acamcorde.jpg	Acamcorde.jpg	NOKEY	MAX	NOKEY
1447961417977	0	lts_1119L_37_01	37	01	0	277	0	0	0	CR	MAX	blueberriespack.jpg	blueberriespack.jpg	NOKEY	MAX	NOKEY
1447961421054	0	lts_1119L_37_01	37	01	0	278	0	0	0	CR	MAX	Aturban.jpg	Aturban.jpg	NOKEY	MAX	NOKEY
1447961424129	0	lts_1119L_37_01	37	01	0	279	0	0	0	CR	MAX	AEARING49.jpg	AEARING49.jpg	NOKEY	MAX	NOKEY
1447961427205	0	lts_1119L_37_01	37	01	0	280	0	0	0	CR	MAX	64/Ahousboa2.jpg	Ahousboa2.jpg	NOKEY	MAX	NOKEY
1447961430281	0	lts_1119L_37_01	37	01	0	281	0	0	0	CR	MAX	AARTIVE6.jpg	AARTIVE6.jpg	NOKEY	MAX	NOKEY
1447961433357	0	lts_1119L_37_01	37	01	0	282	0	0	0	CR	MAX	2/22849344.thl.jpg	22849344.thl.jpg	NOKEY	MAX	NOKEY
1447961436450	0	lts_1119L_37_01	37	01	0	283	0	0	0	CR	MAX	128/ADISHLID2.jpg	ADISHLID2.jpg	NOKEY	MAX	NOKEY
1447961437386	0	lts_1119L_37_01	37	01	0	284	2	1	1	Hit	456	2-8/22849344.thl.jpg	22849344.thl.jpg	SPACE	502	SPACE
1447961440479	0	lts_1119L_37_01	37	01	0	285	0	0	0	CR	MAX	garlic.jpg	garlic.jpg	NOKEY	MAX	NOKEY
1447961441582	0	lts_1119L_37_01	37	01	0	286	64	1	1	Hit	620	64-first/26439297.thl.jpg	26439297.thl.jpg	SPACE	669	SPACE
1447961444658	0	lts_1119L_37_01	37	01	0	287	0	0	0	CR	MAX	8/10050937.thl.jpg	10050937.thl.jpg	NOKEY	MAX	NOKEY
1447961447734	0	lts_1119L_37_01	37	01	0	288	0	0	0	CR	MAX	Acreamer35.jpg	Acreamer35.jpg	NOKEY	MAX	NOKEY
1447961450827	0	lts_1119L_37_01	37	01	0	289	0	0	0	CR	MAX	ABOOK23.jpg	ABOOK23.jpg	NOKEY	MAX	NOKEY
1447961453903	0	lts_1119L_37_01	37	01	0	290	0	0	0	CR	MAX	64/Aseal3.jpg	Aseal3.jpg	NOKEY	MAX	NOKEY
1447961456996	0	lts_1119L_37_01	37	01	0	291	0	0	0	CR	MAX	2/XPGame.jpg	XPGame.jpg	NOKEY	MAX	NOKEY
1447961460072	0	lts_1119L_37_01	37	01	0	292	0	0	0	CR	MAX	AADDBOOK.jpg	AADDBOOK.jpg	NOKEY	MAX	NOKEY
1447961461075	0	lts_1119L_37_01	37	01	0	293	2	1	1	Hit	523	2-7/XPGame.jpg	XPGame.jpg	SPACE	569	SPACE
1447961462396	0	lts_1119L_37_01	37	01	0	294	0	0	1	FA	850	ATRUNK15.jpg	ATRUNK15.jpg	SPACE	887	NOKEY
1447961463516	0	lts_1119L_37_01	37	01	0	295	8	1	1	Hit	643	8-2/10050937.thl.jpg	10050937.thl.jpg	SPACE	686	SPACE
1447961466592	0	lts_1119L_37_01	37	01	0	296	0	0	0	CR	MAX	ACHILDISH.jpg	ACHILDISH.jpg	NOKEY	MAX	NOKEY
1447961469668	0	lts_1119L_37_01	37	01	0	297	0	0	0	CR	MAX	Acarnivalgame.jpg	Acarnivalgame.jpg	NOKEY	MAX	NOKEY
1447961470654	0	lts_1119L_37_01	37	01	0	298	32	1	1	Hit	513	32-6/ALEGCAST3.jpg	ALEGCAST3.jpg	SPACE	552	SPACE
1447961471841	0	lts_1119L_37_01	37	01	0	299	0	0	1	FA	710	32/AWASHOPEN.jpg	AWASHOPEN.jpg	SPACE	752	NOKEY
1447961474917	0	lts_1119L_37_01	37	01	0	300	0	0	0	CR	MAX	Ashark7.jpg	Ashark7.jpg	NOKEY	MAX	NOKEY
1447961477993	0	lts_1119L_37_01	37	01	0	301	0	0	0	CR	MAX	Aancientstat3.jpg	Aancientstat3.jpg	NOKEY	MAX	NOKEY
1447961478913	0	lts_1119L_37_01	37	01	0	302	16	1	1	Hit	447	16-mul/26439297.thl.jpg	26439297.thl.jpg	SPACE	484	SPACE
1447961481989	0	lts_1119L_37_01	37	01	0	303	0	0	0	CR	MAX	8023286.thl.jpg	8023286.thl.jpg	NOKEY	MAX	NOKEY
1447961485066	0	lts_1119L_37_01	37	01	0	304	0	0	0	CR	MAX	AMUFFIPAN.jpg	AMUFFIPAN.jpg	NOKEY	MAX	NOKEY
1447961488141	0	lts_1119L_37_01	37	01	0	305	0	0	0	CR	MAX	26427609.thl.jpg	26427609.thl.jpg	NOKEY	MAX	NOKEY
1447961491217	0	lts_1119L_37_01	37	01	0	306	0	0	0	CR	MAX	Acablelatch.jpg	Acablelatch.jpg	NOKEY	MAX	NOKEY
1447961494293	0	lts_1119L_37_01	37	01	0	307	0	0	0	CR	MAX	Aframe196.jpg	Aframe196.jpg	NOKEY	MAX	NOKEY
1447961495597	0	lts_1119L_37_01	37	01	0	308	32	1	1	Hit	835	32-1/Acamcorde.jpg	Acamcorde.jpg	SPACE	869	SPACE
1447961498673	0	lts_1119L_37_01	37	01	0	309	0	0	0	CR	MAX	26282515.thl.jpg	26282515.thl.jpg	NOKEY	MAX	NOKEY
1447961501749	0	lts_1119L_37_01	37	01	0	310	0	0	0	CR	MAX	4/gymbench.jpg	gymbench.jpg	NOKEY	MAX	NOKEY
1447961504842	0	lts_1119L_37_01	37	01	0	311	0	0	0	CR	MAX	ASPOONS2.jpg	ASPOONS2.jpg	NOKEY	MAX	NOKEY
1447961507918	0	lts_1119L_37_01	37	01	0	312	64	1	0	Miss	MAX	64/liquid-a.jpg	liquid-a.jpg	NOKEY	MAX	SPACE
1447961510994	0	lts_1119L_37_01	37	01	0	313	0	0	0	CR	MAX	ABREADTO2.jpg	ABREADTO2.jpg	NOKEY	MAX	NOKEY
1447961512048	0	lts_1119L_37_01	37	01	0	314	4	1	1	Hit	579	4-9/gymbench.jpg	gymbench.jpg	SPACE	617	SPACE
1447961515123	0	lts_1119L_37_01	37	01	0	315	0	0	0	CR	MAX	Abutanco3.jpg	Abutanco3.jpg	NOKEY	MAX	NOKEY
1447961518199	0	lts_1119L_37_01	37	01	0	316	0	0	0	CR	MAX	10049507.thl-1.jpg	10049507.thl-1.jpg	NOKEY	MAX	NOKEY
1447961521276	0	lts_1119L_37_01	37	01	0	317	0	0	0	CR	MAX	16/AHUMIDIFI.jpg	AHUMIDIFI.jpg	NOKEY	MAX	NOKEY
1447961524368	0	lts_1119L_37_01	37	01	0	318	0	0	0	CR	MAX	1/retainertheeth.jpg	retainertheeth.jpg	NOKEY	MAX	NOKEY
1447961525355	0	lts_1119L_37_01	37	01	0	319	1	1	1	Hit	509	1-8/retainertheeth.jpg	retainertheeth.jpg	SPACE	551	SPACE
1447961528431	0	lts_1119L_37_01	37	01	0	320	0	0	0	CR	MAX	ADIAMCRYS.jpg	ADIAMCRYS.jpg	NOKEY	MAX	NOKEY
1447961531507	0	lts_1119L_37_01	37	01	0	321	0	0	0	CR	MAX	4/26377601.thl.jpg	26377601.thl.jpg	NOKEY	MAX	NOKEY
1447961534583	0	lts_1119L_37_01	37	01	0	322	0	0	0	CR	MAX	AOPGLASS.jpg	AOPGLASS.jpg	NOKEY	MAX	NOKEY
1447961537659	0	lts_1119L_37_01	37	01	0	323	128	1	0	Miss	MAX	128-0/Areceiptmach2.jpg	Areceiptmach2.jpg	NOKEY	MAX	SPACE
1447961540735	0	lts_1119L_37_01	37	01	0	324	0	0	0	CR	MAX	ATRACTWH6.jpg	ATRACTWH6.jpg	NOKEY	MAX	NOKEY
1447961541755	0	lts_1119L_37_01	37	01	0	325	4	1	1	Hit	544	4-2/26377601.thl.jpg	26377601.thl.jpg	SPACE	585	SPACE
1447961544831	0	lts_1119L_37_01	37	01	0	326	0	0	0	CR	MAX	ALAUNHAMP.jpg	ALAUNHAMP.jpg	NOKEY	MAX	NOKEY
1447961546519	0	lts_1119L_37_01	37	01	0	327	64	1	1	Hit	1217	64-first/APOWEDCAS.jpg	APOWEDCAS.jpg	SPACE	1254	SPACE
1447961549596	0	lts_1119L_37_01	37	01	0	328	0	0	0	CR	MAX	bathtowel.jpg	bathtowel.jpg	NOKEY	MAX	NOKEY
1447961550599	0	lts_1119L_37_01	37	01	0	329	2	1	1	Hit	533	2-mul/APOWEDCAS.jpg	APOWEDCAS.jpg	SPACE	568	SPACE
1447961553675	0	lts_1119L_37_01	37	01	0	330	0	0	0	CR	MAX	26432148.thl.jpg	26432148.thl.jpg	NOKEY	MAX	NOKEY
1447961554644	0	lts_1119L_37_01	37	01	0	331	32	1	1	Hit	496	32-5/AWASHOPEN.jpg	AWASHOPEN.jpg	SPACE	535	SPACE
1447961557720	0	lts_1119L_37_01	37	01	0	332	0	0	0	CR	MAX	Arefrigerat10.jpg	Arefrigerat10.jpg	NOKEY	MAX	NOKEY
1447961558757	0	lts_1119L_37_01	37	01	0	333	16	1	1	Hit	560	16-first/AHUMIDIFI.jpg	AHUMIDIFI.jpg	SPACE	602	SPACE
1447961559944	0	lts_1119L_37_01	37	01	0	334	0	0	1	FA	717	Acandlesnuffe.jpg	Acandlesnuffe.jpg	SPACE	753	NOKEY
1447961560963	0	lts_1119L_37_01	37	01	0	335	2	1	1	Hit	535	2-mul/AHUMIDIFI.jpg	AHUMIDIFI.jpg	SPACE	585	SPACE
1447961564041	0	lts_1119L_37_01	37	01	0	336	0	0	0	CR	MAX	64/Acalligraphy2.jpg	Acalligraphy2.jpg	NOKEY	MAX	NOKEY
1447961567132	0	lts_1119L_37_01	37	01	0	337	0	0	0	CR	MAX	26376346.thl.jpg	26376346.thl.jpg	NOKEY	MAX	NOKEY
1447961570208	0	lts_1119L_37_01	37	01	0	338	0	0	0	CR	MAX	22851864.thl.jpg	22851864.thl.jpg	NOKEY	MAX	NOKEY
1447961573284	0	lts_1119L_37_01	37	01	0	339	0	0	0	CR	MAX	Afloweredsan3.jpg	Afloweredsan3.jpg	NOKEY	MAX	NOKEY
1447961576361	0	lts_1119L_37_01	37	01	0	340	0	0	0	CR	MAX	1/Adecorativet3.jpg	Adecorativet3.jpg	NOKEY	MAX	NOKEY
1447961577230	0	lts_1119L_37_01	37	01	0	341	1	1	1	Hit	391	1-13/Adecorativet3.jpg	Adecorativet3.jpg	SPACE	435	SPACE
1447961580323	0	lts_1119L_37_01	37	01	0	342	0	0	0	CR	MAX	AWEDCOU19.jpg	AWEDCOU19.jpg	NOKEY	MAX	NOKEY
1447961583399	0	lts_1119L_37_01	37	01	0	343	0	0	0	CR	MAX	AGOLDCUP6.jpg	AGOLDCUP6.jpg	NOKEY	MAX	NOKEY
1447961584536	0	lts_1119L_37_01	37	01	0	344	64	1	1	Hit	656	64-first/Ahousboa2.jpg	Ahousboa2.jpg	SPACE	702	SPACE
1447961587612	0	lts_1119L_37_01	37	01	0	345	0	0	0	CR	MAX	pinecone02.jpg	pinecone02.jpg	NOKEY	MAX	NOKEY
1447961590688	0	lts_1119L_37_01	37	01	0	346	0	0	0	CR	MAX	Aelectricgri3.jpg	Aelectricgri3.jpg	NOKEY	MAX	NOKEY
1447961593764	0	lts_1119L_37_01	37	01	0	347	0	0	0	CR	MAX	16/AARTIVE8.jpg	AARTIVE8.jpg	NOKEY	MAX	NOKEY
1447961596840	0	lts_1119L_37_01	37	01	0	348	0	0	0	CR	MAX	Acastle22.jpg	Acastle22.jpg	NOKEY	MAX	NOKEY
1447961599916	0	lts_1119L_37_01	37	01	0	349	0	0	0	CR	MAX	Adolphin3.jpg	Adolphin3.jpg	NOKEY	MAX	NOKEY
1447961602992	0	lts_1119L_37_01	37	01	0	350	0	0	0	CR	MAX	ASPACEHE5.jpg	ASPACEHE5.jpg	NOKEY	MAX	NOKEY
1447961606069	0	lts_1119L_37_01	37	01	0	351	0	0	0	CR	MAX	Ataco.jpg	Ataco.jpg	NOKEY	MAX	NOKEY
1447961607005	0	lts_1119L_37_01	37	01	0	352	128	1	1	Hit	464	128-4/AWASHMAC5.jpg	AWASHMAC5.jpg	SPACE	502	SPACE
1447961610080	0	lts_1119L_37_01	37	01	0	353	0	0	0	CR	MAX	AFERRAF40.jpg	AFERRAF40.jpg	NOKEY	MAX	NOKEY
1447961611117	0	lts_1119L_37_01	37	01	0	354	64	1	1	Hit	555	64-first/Aseal3.jpg	Aseal3.jpg	SPACE	602	SPACE
1447961614210	0	lts_1119L_37_01	37	01	0	355	0	0	0	CR	MAX	16/Arubbergloves.jpg	Arubbergloves.jpg	NOKEY	MAX	NOKEY
1447961617286	0	lts_1119L_37_01	37	01	0	356	0	0	0	CR	MAX	AMEDIEQUI.jpg	AMEDIEQUI.jpg	NOKEY	MAX	NOKEY
1447961620362	0	lts_1119L_37_01	37	01	0	357	0	0	0	CR	MAX	A_flower.jpg	A_flower.jpg	NOKEY	MAX	NOKEY
1447961621331	0	lts_1119L_37_01	37	01	0	358	4	1	1	Hit	492	4-mul/Aseal3.jpg	Aseal3.jpg	SPACE	535	SPACE
1447961624407	0	lts_1119L_37_01	37	01	0	359	0	0	0	CR	MAX	Abottleofbat2.jpg	Abottleofbat2.jpg	NOKEY	MAX	NOKEY
1447961625427	0	lts_1119L_37_01	37	01	0	360	16	1	1	Hit	534	16-mul/Ahousboa2.jpg	Ahousboa2.jpg	SPACE	586	SPACE
1447961628503	0	lts_1119L_37_01	37	01	0	361	0	0	0	CR	MAX	Acanopener5.jpg	Acanopener5.jpg	NOKEY	MAX	NOKEY
1447961631579	0	lts_1119L_37_01	37	01	0	362	0	0	0	CR	MAX	26425323.thl.jpg	26425323.thl.jpg	NOKEY	MAX	NOKEY
1447961632515	0	lts_1119L_37_01	37	01	0	363	16	1	1	Hit	453	16-first/AARTIVE8.jpg	AARTIVE8.jpg	SPACE	501	SPACE
1447961635592	0	lts_1119L_37_01	37	01	0	364	0	0	0	CR	MAX	1/26425322.thl.jpg	26425322.thl.jpg	NOKEY	MAX	NOKEY
1447961636478	0	lts_1119L_37_01	37	01	0	365	1	1	1	Hit	387	1-11/26425322.thl.jpg	26425322.thl.jpg	SPACE	436	SPACE
1447961637665	0	lts_1119L_37_01	37	01	0	366	0	0	1	FA	710	8/ABABYPIN2.jpg	ABABYPIN2.jpg	SPACE	752	NOKEY
1447961638651	0	lts_1119L_37_01	37	01	0	367	4	1	1	Hit	509	4-mul/AARTIVE8.jpg	AARTIVE8.jpg	SPACE	552	SPACE
1447961641744	0	lts_1119L_37_01	37	01	0	368	0	0	0	CR	MAX	ASHARK3.jpg	ASHARK3.jpg	NOKEY	MAX	NOKEY
1447961644820	0	lts_1119L_37_01	37	01	0	369	0	0	0	CR	MAX	womanpants.jpg	womanpants.jpg	NOKEY	MAX	NOKEY
1447961647896	0	lts_1119L_37_01	37	01	0	370	0	0	0	CR	MAX	Acannedaspa10.jpg	Acannedaspa10.jpg	NOKEY	MAX	NOKEY
1447961648932	0	lts_1119L_37_01	37	01	0	371	16	1	1	Hit	565	16-first/Arubbergloves.jpg	Arubbergloves.jpg	SPACE	602	SPACE
1447961652009	0	lts_1119L_37_01	37	01	0	372	0	0	0	CR	MAX	Atoychestfor3.jpg	Atoychestfor3.jpg	NOKEY	MAX	NOKEY
1447961655084	0	lts_1119L_37_01	37	01	0	373	0	0	0	CR	MAX	Atoy17.jpg	Atoy17.jpg	NOKEY	MAX	NOKEY
1447961656055	0	lts_1119L_37_01	37	01	0	374	8	1	1	Hit	495	8-1/ABABYPIN2.jpg	ABABYPIN2.jpg	SPACE	535	SPACE
1447961659130	0	lts_1119L_37_01	37	01	0	375	0	0	0	CR	MAX	32/ATOILROL2.jpg	ATOILROL2.jpg	NOKEY	MAX	NOKEY
1447961662206	0	lts_1119L_37_01	37	01	0	376	64	1	0	Miss	MAX	64-first/liquid-a.jpg	liquid-a.jpg	NOKEY	MAX	SPACE
1447961665282	0	lts_1119L_37_01	37	01	0	377	0	0	0	CR	MAX	8/Acucumber2.jpg	Acucumber2.jpg	NOKEY	MAX	NOKEY
1447961668358	0	lts_1119L_37_01	37	01	0	378	0	0	0	CR	MAX	26425788.thl.jpg	26425788.thl.jpg	NOKEY	MAX	NOKEY
1447961671434	0	lts_1119L_37_01	37	01	0	379	0	0	0	CR	MAX	hurdle.jpg	hurdle.jpg	NOKEY	MAX	NOKEY
1447961672437	0	lts_1119L_37_01	37	01	0	380	4	1	1	Hit	529	4-mul/liquid-a.jpg	liquid-a.jpg	SPACE	569	SPACE
1447961675513	0	lts_1119L_37_01	37	01	0	381	0	0	0	CR	MAX	2/26427903.thl.jpg	26427903.thl.jpg	NOKEY	MAX	NOKEY
1447961678590	0	lts_1119L_37_01	37	01	0	382	0	0	0	CR	MAX	Acprmask2.jpg	Acprmask2.jpg	NOKEY	MAX	NOKEY
1447961679593	0	lts_1119L_37_01	37	01	0	383	2	1	1	Hit	532	2-12/26427903.thl.jpg	26427903.thl.jpg	SPACE	569	SPACE
1447961680579	0	lts_1119L_37_01	37	01	0	384	0	0	1	FA	500	APALLETT2.jpg	APALLETT2.jpg	SPACE	535	NOKEY
1447961681582	0	lts_1119L_37_01	37	01	0	385	8	1	1	Hit	530	8-first/Acucumber2.jpg	Acucumber2.jpg	SPACE	568	SPACE
1447961684658	0	lts_1119L_37_01	37	01	0	386	0	0	0	CR	MAX	Ablackleather.jpg	Ablackleather.jpg	NOKEY	MAX	NOKEY
1447961685745	0	lts_1119L_37_01	37	01	0	387	16	1	1	Hit	616	16-mul/Arubbergloves.jpg	Arubbergloves.jpg	SPACE	652	SPACE
1447961688821	0	lts_1119L_37_01	37	01	0	388	0	0	0	CR	MAX	pinkhoodie.jpg	pinkhoodie.jpg	NOKEY	MAX	NOKEY
1447961689740	0	lts_1119L_37_01	37	01	0	389	4	1	1	Hit	448	4-mul/Acucumber2.jpg	Acucumber2.jpg	SPACE	485	SPACE
1447961692816	0	lts_1119L_37_01	37	01	0	390	0	0	0	CR	MAX	ABLAKBEN2.jpg	ABLAKBEN2.jpg	NOKEY	MAX	NOKEY
1447961695892	0	lts_1119L_37_01	37	01	0	391	0	0	0	CR	MAX	Aacupuncture2.jpg	Aacupuncture2.jpg	NOKEY	MAX	NOKEY
1447961698969	0	lts_1119L_37_01	37	01	0	392	128	1	0	Miss	MAX	128-5/D_dumpster.jpg	D_dumpster.jpg	NOKEY	MAX	SPACE
1447961700373	0	lts_1119L_37_01	37	01	0	393	0	0	1	FA	924	8079080.thl.jpg	8079080.thl.jpg	SPACE	970	NOKEY
1447961701376	0	lts_1119L_37_01	37	01	0	394	0	0	1	FA	509	AFLAMEXTI.jpg	AFLAMEXTI.jpg	SPACE	552	NOKEY
1447961704469	0	lts_1119L_37_01	37	01	0	395	0	0	0	CR	MAX	Abottleofchi2.jpg	Abottleofchi2.jpg	NOKEY	MAX	NOKEY
1447961707545	0	lts_1119L_37_01	37	01	0	396	0	0	0	CR	MAX	26427612.thl.jpg	26427612.thl.jpg	NOKEY	MAX	NOKEY
1447961710621	0	lts_1119L_37_01	37	01	0	397	0	0	0	CR	MAX	Abicyclegear2.jpg	Abicyclegear2.jpg	NOKEY	MAX	NOKEY
1447961713697	0	lts_1119L_37_01	37	01	0	398	0	0	0	CR	MAX	32/Abrasscr2.jpg	Abrasscr2.jpg	NOKEY	MAX	NOKEY
1447961716790	0	lts_1119L_37_01	37	01	0	399	0	0	0	CR	MAX	ignitionkey01.jpg	ignitionkey01.jpg	NOKEY	MAX	NOKEY
1447961717726	0	lts_1119L_37_01	37	01	0	400	64	1	1	Hit	454	64-first/Acalligraphy2.jpg	Acalligraphy2.jpg	SPACE	502	SPACE
1447961718930	0	lts_1119L_37_01	37	01	0	401	0	0	1	FA	728	ALAMP45.jpg	ALAMP45.jpg	SPACE	768	NOKEY
1447961719916	0	lts_1119L_37_01	37	01	0	402	2	1	1	Hit	503	2-mul/Acalligraphy2.jpg	Acalligraphy2.jpg	SPACE	552	SPACE
1447961722992	0	lts_1119L_37_01	37	01	0	403	0	0	0	CR	MAX	2/Agame3.jpg	Agame3.jpg	NOKEY	MAX	NOKEY
1447961724831	0	lts_1119L_37_01	37	01	0	404	0	0	1	FA	1364	ATHERMO12.jpg	ATHERMO12.jpg	SPACE	1403	NOKEY
1447961725901	0	lts_1119L_37_01	37	01	0	405	2	1	1	Hit	591	2-1/Agame3.jpg	Agame3.jpg	SPACE	636	SPACE
1447961728977	0	lts_1119L_37_01	37	01	0	406	0	0	0	CR	MAX	mouse-a.jpg	mouse-a.jpg	NOKEY	MAX	NOKEY
1447961729997	0	lts_1119L_37_01	37	01	0	407	32	1	1	Hit	541	32-8/ATOILROL2.jpg	ATOILROL2.jpg	SPACE	586	SPACE
1447961733090	0	lts_1119L_37_01	37	01	0	408	0	0	0	CR	MAX	ADRILL3.jpg	ADRILL3.jpg	NOKEY	MAX	NOKEY
1447961736166	0	lts_1119L_37_01	37	01	0	409	0	0	0	CR	MAX	Avideocamera2.jpg	Avideocamera2.jpg	NOKEY	MAX	NOKEY
1447961739242	0	lts_1119L_37_01	37	01	0	410	0	0	0	CR	MAX	Atoy35.jpg	Atoy35.jpg	NOKEY	MAX	NOKEY
1447961740395	0	lts_1119L_37_01	37	01	0	411	128	1	1	Hit	671	128-7/ADISHLID2.jpg	ADISHLID2.jpg	SPACE	719	SPACE
1447961743471	0	lts_1119L_37_01	37	01	0	412	0	0	0	CR	MAX	ADRYRACK2.jpg	ADRYRACK2.jpg	NOKEY	MAX	NOKEY
1447961746547	0	lts_1119L_37_01	37	01	0	413	0	0	0	CR	MAX	4/ASCALE30.jpg	ASCALE30.jpg	NOKEY	MAX	NOKEY
1447961749623	0	lts_1119L_37_01	37	01	0	414	0	0	0	CR	MAX	ASTAMPS.jpg	ASTAMPS.jpg	NOKEY	MAX	NOKEY
1447961752699	0	lts_1119L_37_01	37	01	0	415	0	0	0	CR	MAX	AHAZELNU3.jpg	AHAZELNU3.jpg	NOKEY	MAX	NOKEY
1447961755776	0	lts_1119L_37_01	37	01	0	416	0	0	0	CR	MAX	Amatplate.jpg	Amatplate.jpg	NOKEY	MAX	NOKEY
1447961757163	0	lts_1119L_37_01	37	01	0	417	4	1	1	Hit	904	4-11/ASCALE30.jpg	ASCALE30.jpg	SPACE	953	SPACE
1447961760256	0	lts_1119L_37_01	37	01	0	418	0	0	0	CR	MAX	4/vendingmachine.jpg	vendingmachine.jpg	NOKEY	MAX	NOKEY
1447961763332	0	lts_1119L_37_01	37	01	0	419	0	0	0	CR	MAX	ACHESSPI4.jpg	ACHESSPI4.jpg	NOKEY	MAX	NOKEY
1447961766408	0	lts_1119L_37_01	37	01	0	420	0	0	0	CR	MAX	26421106.thl.jpg	26421106.thl.jpg	NOKEY	MAX	NOKEY
1447961769484	0	lts_1119L_37_01	37	01	0	421	0	0	0	CR	MAX	AAIRPRES4.jpg	AAIRPRES4.jpg	NOKEY	MAX	NOKEY
1447961770437	0	lts_1119L_37_01	37	01	0	422	4	1	1	Hit	468	4-5/vendingmachine.jpg	vendingmachine.jpg	SPACE	519	SPACE
1447961773530	0	lts_1119L_37_01	37	01	0	423	0	0	0	CR	MAX	2/ALADLE5.jpg	ALADLE5.jpg	NOKEY	MAX	NOKEY
1447961776606	0	lts_1119L_37_01	37	01	0	424	0	0	0	CR	MAX	Aexercisemac4.jpg	Aexercisemac4.jpg	NOKEY	MAX	NOKEY
1447961777609	0	lts_1119L_37_01	37	01	0	425	2	1	1	Hit	520	2-4/ALADLE5.jpg	ALADLE5.jpg	SPACE	569	SPACE
1447961780685	0	lts_1119L_37_01	37	01	0	426	0	0	0	CR	MAX	Achair1260.jpg	Achair1260.jpg	NOKEY	MAX	NOKEY
1447961783761	0	lts_1119L_37_01	37	01	0	427	0	0	0	CR	MAX	8256530.thl.jpg	8256530.thl.jpg	NOKEY	MAX	NOKEY
1447961786837	0	lts_1119L_37_01	37	01	0	428	0	0	0	CR	MAX	4/Aceramichous2.jpg	Aceramichous2.jpg	NOKEY	MAX	NOKEY
1447961787957	0	lts_1119L_37_01	37	01	0	429	0	0	1	FA	646	Atoy33.jpg	Atoy33.jpg	SPACE	685	NOKEY
1447961788977	0	lts_1119L_37_01	37	01	0	430	32	1	1	Hit	538	32-4/Abrasscr2.jpg	Abrasscr2.jpg	SPACE	585	SPACE
1447961792054	0	lts_1119L_37_01	37	01	0	431	0	0	0	CR	MAX	4/ADOGLEAS2.jpg	ADOGLEAS2.jpg	NOKEY	MAX	NOKEY
1447961793057	0	lts_1119L_37_01	37	01	0	432	4	1	1	Hit	526	4-0/Aceramichous2.jpg	Aceramichous2.jpg	SPACE	567	SPACE
1447961796132	0	lts_1119L_37_01	37	01	0	433	0	0	0	CR	MAX	blackjackcasinotable.jpg	blackjackcasinotable.jpg	NOKEY	MAX	NOKEY
1447961799208	0	lts_1119L_37_01	37	01	0	434	0	0	0	CR	MAX	ALOAFBR4.jpg	ALOAFBR4.jpg	NOKEY	MAX	NOKEY
1447961800245	0	lts_1119L_37_01	37	01	0	435	4	1	1	Hit	559	4-6/ADOGLEAS2.jpg	ADOGLEAS2.jpg	SPACE	602	SPACE
1447961803321	0	lts_1119L_37_01	37	01	0	436	0	0	0	CR	MAX	Adustpanbrus4.jpg	Adustpanbrus4.jpg	NOKEY	MAX	NOKEY
1447961806397	0	lts_1119L_37_01	37	01	0	437	0	0	0	CR	MAX	2/8253370.thl.jpg	8253370.thl.jpg	NOKEY	MAX	NOKEY
1447961809473	0	lts_1119L_37_01	37	01	0	438	0	0	0	CR	MAX	Abellows4.jpg	Abellows4.jpg	NOKEY	MAX	NOKEY
1447961810560	0	lts_1119L_37_01	37	01	0	439	2	1	1	Hit	611	2-9/8253370.thl.jpg	8253370.thl.jpg	SPACE	651	SPACE
1447961811914	0	lts_1119L_37_01	37	01	0	440	0	0	1	FA	872	Acardinal2.jpg	Acardinal2.jpg	SPACE	920	NOKEY
1447961815008	0	lts_1119L_37_01	37	01	0	441	0	0	0	CR	MAX	1/ATABLES5.jpg	ATABLES5.jpg	NOKEY	MAX	NOKEY
1447961815943	0	lts_1119L_37_01	37	01	0	442	1	1	1	Hit	458	1-4/ATABLES5.jpg	ATABLES5.jpg	SPACE	501	SPACE
1447961819036	0	lts_1119L_37_01	37	01	0	443	0	0	0	CR	MAX	ARASPBER2.jpg	ARASPBER2.jpg	NOKEY	MAX	NOKEY
1447961822112	0	lts_1119L_37_01	37	01	0	444	0	0	0	CR	MAX	ALUNCHBO3.jpg	ALUNCHBO3.jpg	NOKEY	MAX	NOKEY
1447961825188	0	lts_1119L_37_01	37	01	0	445	0	0	0	CR	MAX	23071000.thl.jpg	23071000.thl.jpg	NOKEY	MAX	NOKEY
1447961828264	0	lts_1119L_37_01	37	01	0	446	0	0	0	CR	MAX	2/ACPU2.jpg	ACPU2.jpg	NOKEY	MAX	NOKEY
1447961831340	0	lts_1119L_37_01	37	01	0	447	0	0	0	CR	MAX	AFIRSTA15.jpg	AFIRSTA15.jpg	NOKEY	MAX	NOKEY
1447961832326	0	lts_1119L_37_01	37	01	0	448	2	1	1	Hit	513	2-3/ACPU2.jpg	ACPU2.jpg	SPACE	552	SPACE
1447961835402	0	lts_1119L_37_01	37	01	0	449	0	0	0	CR	MAX	23060574.thl.jpg	23060574.thl.jpg	NOKEY	MAX	NOKEY
1447961873084	0	lts_1119L_37_01	37	01	1	0	0	0	0	CR	MAX	Acork6.jpg	Acork6.jpg	NOKEY	MAX	NOKEY
1447961876160	0	lts_1119L_37_01	37	01	1	1	0	0	0	CR	MAX	Aredandbluef2.jpg	Aredandbluef2.jpg	NOKEY	MAX	NOKEY
1447961877531	0	lts_1119L_37_01	37	01	1	2	0	0	1	FA	881	Aflask19.jpg	Aflask19.jpg	SPACE	920	NOKEY
1447961880607	0	lts_1119L_37_01	37	01	1	3	0	0	0	CR	MAX	4/chocolatbox.jpg	chocolatbox.jpg	NOKEY	MAX	NOKEY
1447961883683	0	lts_1119L_37_01	37	01	1	4	0	0	0	CR	MAX	ASWITCH6.jpg	ASWITCH6.jpg	NOKEY	MAX	NOKEY
1447961886759	0	lts_1119L_37_01	37	01	1	5	0	0	0	CR	MAX	Adriedleaf.jpg	Adriedleaf.jpg	NOKEY	MAX	NOKEY
1447961889835	0	lts_1119L_37_01	37	01	1	6	0	0	0	CR	MAX	APOTPBAG2.jpg	APOTPBAG2.jpg	NOKEY	MAX	NOKEY
1447961891072	0	lts_1119L_37_01	37	01	1	7	4	1	1	Hit	764	4-11/chocolatbox.jpg	chocolatbox.jpg	SPACE	802	SPACE
1447961894148	0	lts_1119L_37_01	37	01	1	8	0	0	0	CR	MAX	32/26423477.thl.jpg	26423477.thl.jpg	NOKEY	MAX	NOKEY
1447961897224	0	lts_1119L_37_01	37	01	1	9	0	0	0	CR	MAX	matchbook.jpg	matchbook.jpg	NOKEY	MAX	NOKEY
1447961900301	0	lts_1119L_37_01	37	01	1	10	0	0	0	CR	MAX	BattleStar.jpg	BattleStar.jpg	NOKEY	MAX	NOKEY
1447961903377	0	lts_1119L_37_01	37	01	1	11	0	0	0	CR	MAX	64/cannoli.jpg	cannoli.jpg	NOKEY	MAX	NOKEY
1447961906453	0	lts_1119L_37_01	37	01	1	12	0	0	0	CR	MAX	15870946.thl.jpg	15870946.thl.jpg	NOKEY	MAX	NOKEY
1447961909529	0	lts_1119L_37_01	37	01	1	13	0	0	0	CR	MAX	ABUSINEST.jpg	ABUSINEST.jpg	NOKEY	MAX	NOKEY
1447961911001	0	lts_1119L_37_01	37	01	1	14	00	1	1	Hit	994	00-across/36407685.thl.jpg	36407685.thl.jpg	SPACE	1037	SPACE
1447961914076	0	lts_1119L_37_01	37	01	1	15	0	0	0	CR	MAX	gameboy.jpg	gameboy.jpg	NOKEY	MAX	NOKEY
1447961917152	0	lts_1119L_37_01	37	01	1	16	0	0	0	CR	MAX	4/AEGGHOLDE.jpg	AEGGHOLDE.jpg	NOKEY	MAX	NOKEY
1447961920228	0	lts_1119L_37_01	37	01	1	17	0	0	0	CR	MAX	8256618.thl.jpg	8256618.thl.jpg	NOKEY	MAX	NOKEY
1447961923304	0	lts_1119L_37_01	37	01	1	18	0	0	0	CR	MAX	32/ABLAKPOT3.jpg	ABLAKPOT3.jpg	NOKEY	MAX	NOKEY
1447961926380	0	lts_1119L_37_01	37	01	1	19	0	0	0	CR	MAX	26431753.thl.jpg	26431753.thl.jpg	NOKEY	MAX	NOKEY
1447961927316	0	lts_1119L_37_01	37	01	1	20	4	1	1	Hit	463	4-8/AEGGHOLDE.jpg	AEGGHOLDE.jpg	SPACE	501	SPACE
1447961930393	0	lts_1119L_37_01	37	01	1	21	0	0	0	CR	MAX	2/Adice10.jpg	Adice10.jpg	NOKEY	MAX	NOKEY
1447961933485	0	lts_1119L_37_01	37	01	1	22	0	0	0	CR	MAX	DSCN6303-sm.jpg	DSCN6303-sm.jpg	NOKEY	MAX	NOKEY
1447961934455	0	lts_1119L_37_01	37	01	1	23	2	1	1	Hit	496	2-10/Adice10.jpg	Adice10.jpg	SPACE	536	SPACE
1447961937548	0	lts_1119L_37_01	37	01	1	24	0	0	0	CR	MAX	2/cranemachine.jpg	cranemachine.jpg	NOKEY	MAX	NOKEY
1447961940624	0	lts_1119L_37_01	37	01	1	25	0	0	0	CR	MAX	Agreenplastic.jpg	Agreenplastic.jpg	NOKEY	MAX	NOKEY
1447961941627	0	lts_1119L_37_01	37	01	1	26	2	1	1	Hit	523	2-1/cranemachine.jpg	cranemachine.jpg	SPACE	569	SPACE
1447961944703	0	lts_1119L_37_01	37	01	1	27	0	0	0	CR	MAX	2/A25PINCON.jpg	A25PINCON.jpg	NOKEY	MAX	NOKEY
1447961947779	0	lts_1119L_37_01	37	01	1	28	0	0	0	CR	MAX	26424443.thl.jpg	26424443.thl.jpg	NOKEY	MAX	NOKEY
1447961948765	0	lts_1119L_37_01	37	01	1	29	2	1	1	Hit	504	2-4/A25PINCON.jpg	A25PINCON.jpg	SPACE	552	SPACE
1447961951841	0	lts_1119L_37_01	37	01	1	30	0	0	0	CR	MAX	26378596.thl.jpg	26378596.thl.jpg	NOKEY	MAX	NOKEY
1447961952778	0	lts_1119L_37_01	37	01	1	31	0	0	1	FA	457	ACANOL.jpg	ACANOL.jpg	SPACE	501	NOKEY
1447961955854	0	lts_1119L_37_01	37	01	1	32	0	0	0	CR	MAX	Aperfumebottl.jpg	Aperfumebottl.jpg	NOKEY	MAX	NOKEY
1447961958930	0	lts_1119L_37_01	37	01	1	33	0	0	0	CR	MAX	hockeypuck.jpg	hockeypuck.jpg	NOKEY	MAX	NOKEY
1447961959916	0	lts_1119L_37_01	37	01	1	34	0	0	1	FA	514	4/ATELEBO13.jpg	ATELEBO13.jpg	SPACE	552	NOKEY
1447961962992	0	lts_1119L_37_01	37	01	1	35	0	0	0	CR	MAX	64/Acamera101.jpg	Acamera101.jpg	NOKEY	MAX	NOKEY
1447961966085	0	lts_1119L_37_01	37	01	1	36	0	0	0	CR	MAX	AAGATE.jpg	AAGATE.jpg	NOKEY	MAX	NOKEY
1447961969161	0	lts_1119L_37_01	37	01	1	37	0	0	0	CR	MAX	8074514.thl.jpg	8074514.thl.jpg	NOKEY	MAX	NOKEY
1447961970131	0	lts_1119L_37_01	37	01	1	38	4	1	1	Hit	496	4-4/ATELEBO13.jpg	ATELEBO13.jpg	SPACE	534	SPACE
1447961973207	0	lts_1119L_37_01	37	01	1	39	0	0	0	CR	MAX	ACAMLENSE.jpg	ACAMLENSE.jpg	NOKEY	MAX	NOKEY
1447961976283	0	lts_1119L_37_01	37	01	1	40	32	1	0	Miss	MAX	32-0/26423477.thl.jpg	26423477.thl.jpg	NOKEY	MAX	SPACE
1447961979375	0	lts_1119L_37_01	37	01	1	41	0	0	0	CR	MAX	16/AOTOSCOP5.jpg	AOTOSCOP5.jpg	NOKEY	MAX	NOKEY
1447961982452	0	lts_1119L_37_01	37	01	1	42	0	0	0	CR	MAX	1/APINGPON3.jpg	APINGPON3.jpg	NOKEY	MAX	NOKEY
1447961985528	0	lts_1119L_37_01	37	01	1	43	1	1	0	Miss	MAX	1-12/APINGPON3.jpg	APINGPON3.jpg	NOKEY	MAX	SPACE
1447961988604	0	lts_1119L_37_01	37	01	1	44	0	0	0	CR	MAX	Afoodproces13.jpg	Afoodproces13.jpg	NOKEY	MAX	NOKEY
1447961991680	0	lts_1119L_37_01	37	01	1	45	0	0	0	CR	MAX	AELECBEA6.jpg	AELECBEA6.jpg	NOKEY	MAX	NOKEY
1447961994756	0	lts_1119L_37_01	37	01	1	46	0	0	0	CR	MAX	128/AHARPSIC5.jpg	AHARPSIC5.jpg	NOKEY	MAX	NOKEY
1447961997832	0	lts_1119L_37_01	37	01	1	47	0	0	0	CR	MAX	32/vatslheart.jpg	vatslheart.jpg	NOKEY	MAX	NOKEY
1447962000908	0	lts_1119L_37_01	37	01	1	48	00	1	0	Miss	MAX	00-across/APOWEDCAS.jpg	APOWEDCAS.jpg	NOKEY	MAX	SPACE
1447962004002	0	lts_1119L_37_01	37	01	1	49	0	0	0	CR	MAX	ABRANCHES.jpg	ABRANCHES.jpg	NOKEY	MAX	NOKEY
1447962005154	0	lts_1119L_37_01	37	01	1	50	32	1	1	Hit	670	32-5/ABLAKPOT3.jpg	ABLAKPOT3.jpg	SPACE	718	SPACE
1447962008230	0	lts_1119L_37_01	37	01	1	51	0	0	0	CR	MAX	26437491.thl.jpg	26437491.thl.jpg	NOKEY	MAX	NOKEY
1447962009668	0	lts_1119L_37_01	37	01	1	52	0	0	1	FA	967	1/ACAMPFIRE.jpg	ACAMPFIRE.jpg	SPACE	1003	NOKEY
1447962010621	0	lts_1119L_37_01	37	01	1	53	1	1	1	Hit	479	1-1/ACAMPFIRE.jpg	ACAMPFIRE.jpg	SPACE	518	SPACE
1447962013697	0	lts_1119L_37_01	37	01	1	54	0	0	0	CR	MAX	8/26377777.thl.jpg	26377777.thl.jpg	NOKEY	MAX	NOKEY
1447962016773	0	lts_1119L_37_01	37	01	1	55	0	0	0	CR	MAX	64/Aseeder2.jpg	Aseeder2.jpg	NOKEY	MAX	NOKEY
1447962019849	0	lts_1119L_37_01	37	01	1	56	0	0	0	CR	MAX	Acroissant.jpg	Acroissant.jpg	NOKEY	MAX	NOKEY
1447962022925	0	lts_1119L_37_01	37	01	1	57	16	1	0	Miss	MAX	16-first/AOTOSCOP5.jpg	AOTOSCOP5.jpg	NOKEY	MAX	SPACE
1447962026019	0	lts_1119L_37_01	37	01	1	58	0	0	0	CR	MAX	128/Brusselssprouts.jpg	Brusselssprouts.jpg	NOKEY	MAX	NOKEY
1447962027088	0	lts_1119L_37_01	37	01	1	59	2	1	1	Hit	598	2-mul/AOTOSCOP5.jpg	AOTOSCOP5.jpg	SPACE	634	SPACE
1447962030164	0	lts_1119L_37_01	37	01	1	60	0	0	0	CR	MAX	AWINDSU21.jpg	AWINDSU21.jpg	NOKEY	MAX	NOKEY
1447962033257	0	lts_1119L_37_01	37	01	1	61	0	0	0	CR	MAX	DSCN9735-sm.jpg	DSCN9735-sm.jpg	NOKEY	MAX	NOKEY
1447962034293	0	lts_1119L_37_01	37	01	1	62	8	1	1	Hit	551	8-first/26377777.thl.jpg	26377777.thl.jpg	SPACE	602	SPACE
1447962037370	0	lts_1119L_37_01	37	01	1	63	0	0	0	CR	MAX	ALAZQUART.jpg	ALAZQUART.jpg	NOKEY	MAX	NOKEY
1447962038556	0	lts_1119L_37_01	37	01	1	64	2	1	1	Hit	715	2-mul/26377777.thl.jpg	26377777.thl.jpg	SPACE	752	SPACE
1447962041632	0	lts_1119L_37_01	37	01	1	65	0	0	0	CR	MAX	4/Abuilding116.jpg	Abuilding116.jpg	NOKEY	MAX	NOKEY
1447962044708	0	lts_1119L_37_01	37	01	1	66	0	0	0	CR	MAX	ACURLER.jpg	ACURLER.jpg	NOKEY	MAX	NOKEY
1447962047785	0	lts_1119L_37_01	37	01	1	67	0	0	0	CR	MAX	AGIFTBOX8.jpg	AGIFTBOX8.jpg	NOKEY	MAX	NOKEY
1447962050861	0	lts_1119L_37_01	37	01	1	68	0	0	0	CR	MAX	23063814.thl.jpg	23063814.thl.jpg	NOKEY	MAX	NOKEY
1447962051880	0	lts_1119L_37_01	37	01	1	69	4	1	1	Hit	543	4-5/Abuilding116.jpg	Abuilding116.jpg	SPACE	585	SPACE
1447962053402	0	lts_1119L_37_01	37	01	1	70	0	0	1	FA	1035	26431471.thl.jpg	26431471.thl.jpg	SPACE	1087	NOKEY
1447962056495	0	lts_1119L_37_01	37	01	1	71	0	0	0	CR	MAX	Amountaingoa2.jpg	Amountaingoa2.jpg	NOKEY	MAX	NOKEY
1447962059571	0	lts_1119L_37_01	37	01	1	72	0	0	0	CR	MAX	26374803.thl.jpg	26374803.thl.jpg	NOKEY	MAX	NOKEY
1447962062647	0	lts_1119L_37_01	37	01	1	73	0	0	0	CR	MAX	8/Abicycleodome.jpg	Abicycleodome.jpg	NOKEY	MAX	NOKEY
1447962065723	0	lts_1119L_37_01	37	01	1	74	0	0	0	CR	MAX	A_teabag.jpg	A_teabag.jpg	NOKEY	MAX	NOKEY
1447962066776	0	lts_1119L_37_01	37	01	1	75	64	1	1	Hit	580	64-first/cannoli.jpg	cannoli.jpg	SPACE	619	SPACE
1447962069869	0	lts_1119L_37_01	37	01	1	76	0	0	0	CR	MAX	Abowl74.jpg	Abowl74.jpg	NOKEY	MAX	NOKEY
1447962070788	0	lts_1119L_37_01	37	01	1	77	2	1	1	Hit	449	2-mul/cannoli.jpg	cannoli.jpg	SPACE	485	SPACE
1447962073864	0	lts_1119L_37_01	37	01	1	78	0	0	0	CR	MAX	Aleaf75.jpg	Aleaf75.jpg	NOKEY	MAX	NOKEY
1447962075101	0	lts_1119L_37_01	37	01	1	79	32	1	1	Hit	756	32-1/vatslheart.jpg	vatslheart.jpg	SPACE	802	SPACE
1447962076322	0	lts_1119L_37_01	37	01	1	80	0	0	1	FA	741	Aearsyringe.jpg	Aearsyringe.jpg	SPACE	786	NOKEY
1447962077308	0	lts_1119L_37_01	37	01	1	81	8	1	1	Hit	501	8-first/Abicycleodome.jpg	Abicycleodome.jpg	SPACE	552	SPACE
1447962080384	0	lts_1119L_37_01	37	01	1	82	0	0	0	CR	MAX	ACONSTRU9.jpg	ACONSTRU9.jpg	NOKEY	MAX	NOKEY
1447962083461	0	lts_1119L_37_01	37	01	1	83	0	0	0	CR	MAX	ANAILFILE.jpg	ANAILFILE.jpg	NOKEY	MAX	NOKEY
1447962086536	0	lts_1119L_37_01	37	01	1	84	0	0	0	CR	MAX	AAPPCOVE2.jpg	AAPPCOVE2.jpg	NOKEY	MAX	NOKEY
1447962087539	0	lts_1119L_37_01	37	01	1	85	4	1	1	Hit	525	4-mul/Abicycleodome.jpg	Abicycleodome.jpg	SPACE	568	SPACE
1447962090615	0	lts_1119L_37_01	37	01	1	86	0	0	0	CR	MAX	ADOGTOY.jpg	ADOGTOY.jpg	NOKEY	MAX	NOKEY
1447962093708	0	lts_1119L_37_01	37	01	1	87	0	0	0	CR	MAX	Acompactdisc2.jpg	Acompactdisc2.jpg	NOKEY	MAX	NOKEY
1447962096801	0	lts_1119L_37_01	37	01	1	88	0	0	0	CR	MAX	Ablossom.jpg	Ablossom.jpg	NOKEY	MAX	NOKEY
1447962099877	0	lts_1119L_37_01	37	01	1	89	0	0	0	CR	MAX	Cupcake.jpg	Cupcake.jpg	NOKEY	MAX	NOKEY
1447962102953	0	lts_1119L_37_01	37	01	1	90	0	0	0	CR	MAX	ADARKLAMP.jpg	ADARKLAMP.jpg	NOKEY	MAX	NOKEY
1447962104107	0	lts_1119L_37_01	37	01	1	91	00	1	1	Hit	684	00-across/Agarbagebin.jpg	Agarbagebin.jpg	SPACE	718	SPACE
1447962107183	0	lts_1119L_37_01	37	01	1	92	0	0	0	CR	MAX	burrito.jpg	burrito.jpg	NOKEY	MAX	NOKEY
1447962110259	0	lts_1119L_37_01	37	01	1	93	0	0	0	CR	MAX	AHANDPRE3.jpg	AHANDPRE3.jpg	NOKEY	MAX	NOKEY
1447962113335	0	lts_1119L_37_01	37	01	1	94	0	0	0	CR	MAX	Awomensshoe61.jpg	Awomensshoe61.jpg	NOKEY	MAX	NOKEY
1447962116411	0	lts_1119L_37_01	37	01	1	95	0	0	0	CR	MAX	ACOWBOYH3.jpg	ACOWBOYH3.jpg	NOKEY	MAX	NOKEY
1447962119487	0	lts_1119L_37_01	37	01	1	96	0	0	0	CR	MAX	64/ASCREW24.jpg	ASCREW24.jpg	NOKEY	MAX	NOKEY
1447962120757	0	lts_1119L_37_01	37	01	1	97	00	1	1	Hit	797	00-across/ADOUBHOOK.jpg	ADOUBHOOK.jpg	SPACE	836	SPACE
1447962123850	0	lts_1119L_37_01	37	01	1	98	0	0	0	CR	MAX	Amilk4.jpg	Amilk4.jpg	NOKEY	MAX	NOKEY
1447962125022	0	lts_1119L_37_01	37	01	1	99	64	1	1	Hit	689	64-first/Acamera101.jpg	Acamera101.jpg	SPACE	735	SPACE
1447962128097	0	lts_1119L_37_01	37	01	1	100	0	0	0	CR	MAX	Aboxofnotepa4.jpg	Aboxofnotepa4.jpg	NOKEY	MAX	NOKEY
1447962131173	0	lts_1119L_37_01	37	01	1	101	0	0	0	CR	MAX	128/AMIMETITE.jpg	AMIMETITE.jpg	NOKEY	MAX	NOKEY
1447962134265	0	lts_1119L_37_01	37	01	1	102	0	0	0	CR	MAX	4/AHOUSBOA3.jpg	AHOUSBOA3.jpg	NOKEY	MAX	NOKEY
1447962137342	0	lts_1119L_37_01	37	01	1	103	0	0	0	CR	MAX	8/AOLDLIFE3.jpg	AOLDLIFE3.jpg	NOKEY	MAX	NOKEY
1447962140418	0	lts_1119L_37_01	37	01	1	104	0	0	0	CR	MAX	Alintbrush2.jpg	Alintbrush2.jpg	NOKEY	MAX	NOKEY
1447962143494	0	lts_1119L_37_01	37	01	1	105	0	0	0	CR	MAX	26390325.thl.jpg	26390325.thl.jpg	NOKEY	MAX	NOKEY
1447962144564	0	lts_1119L_37_01	37	01	1	106	4	1	1	Hit	588	4-7/AHOUSBOA3.jpg	AHOUSBOA3.jpg	SPACE	635	SPACE
1447962145684	0	lts_1119L_37_01	37	01	1	107	0	0	1	FA	638	ADART3.jpg	ADART3.jpg	SPACE	686	NOKEY
1447962148776	0	lts_1119L_37_01	37	01	1	108	0	0	0	CR	MAX	AGLASSTAB.jpg	AGLASSTAB.jpg	NOKEY	MAX	NOKEY
1447962151853	0	lts_1119L_37_01	37	01	1	109	0	0	0	CR	MAX	Awheatstalks2.jpg	Awheatstalks2.jpg	NOKEY	MAX	NOKEY
1447962154929	0	lts_1119L_37_01	37	01	1	110	0	0	0	CR	MAX	ATEALANT8.jpg	ATEALANT8.jpg	NOKEY	MAX	NOKEY
1447962156066	0	lts_1119L_37_01	37	01	1	111	8	1	1	Hit	663	8-first/AOLDLIFE3.jpg	AOLDLIFE3.jpg	SPACE	702	SPACE
1447962159141	0	lts_1119L_37_01	37	01	1	112	0	0	0	CR	MAX	ACAROSLI2.jpg	ACAROSLI2.jpg	NOKEY	MAX	NOKEY
1447962160145	0	lts_1119L_37_01	37	01	1	113	2	1	1	Hit	533	2-mul/AOLDLIFE3.jpg	AOLDLIFE3.jpg	SPACE	568	SPACE
1447962163221	0	lts_1119L_37_01	37	01	1	114	0	0	0	CR	MAX	22896812.thl.jpg	22896812.thl.jpg	NOKEY	MAX	NOKEY
1447962164224	0	lts_1119L_37_01	37	01	1	115	16	1	1	Hit	523	16-mul/Acamera101.jpg	Acamera101.jpg	SPACE	568	SPACE
1447962167300	0	lts_1119L_37_01	37	01	1	116	0	0	0	CR	MAX	APLANMOD.jpg	APLANMOD.jpg	NOKEY	MAX	NOKEY
1447962170376	0	lts_1119L_37_01	37	01	1	117	0	0	0	CR	MAX	AWEIGHT7.jpg	AWEIGHT7.jpg	NOKEY	MAX	NOKEY
1447962173452	0	lts_1119L_37_01	37	01	1	118	0	0	0	CR	MAX	Afoodgrinder2.jpg	Afoodgrinder2.jpg	NOKEY	MAX	NOKEY
1447962174923	0	lts_1119L_37_01	37	01	1	119	64	1	1	Hit	989	64-first/Aseeder2.jpg	Aseeder2.jpg	SPACE	1037	SPACE
1447962178017	0	lts_1119L_37_01	37	01	1	120	0	0	0	CR	MAX	8/26451168.thl.jpg	26451168.thl.jpg	NOKEY	MAX	NOKEY
1447962181092	0	lts_1119L_37_01	37	01	1	121	0	0	0	CR	MAX	Aringclamp2.jpg	Aringclamp2.jpg	NOKEY	MAX	NOKEY
1447962183717	0	lts_1119L_37_01	37	01	1	122	0	0	1	FA	2151	sandcastle.jpg	sandcastle.jpg	SPACE	2190	NOKEY
1447962184803	0	lts_1119L_37_01	37	01	1	123	4	1	1	Hit	612	4-mul/Aseeder2.jpg	Aseeder2.jpg	SPACE	652	SPACE
1447962187879	0	lts_1119L_37_01	37	01	1	124	0	0	0	CR	MAX	16/shavingcream01.jpg	shavingcream01.jpg	NOKEY	MAX	NOKEY
1447962190972	0	lts_1119L_37_01	37	01	1	125	0	0	0	CR	MAX	Ascrewmount.jpg	Ascrewmount.jpg	NOKEY	MAX	NOKEY
1447962194049	0	lts_1119L_37_01	37	01	1	126	0	0	0	CR	MAX	8/Atrap4.jpg	Atrap4.jpg	NOKEY	MAX	NOKEY
1447962197124	0	lts_1119L_37_01	37	01	1	127	0	0	0	CR	MAX	Agiraffetoy3.jpg	Agiraffetoy3.jpg	NOKEY	MAX	NOKEY
1447962198144	0	lts_1119L_37_01	37	01	1	128	8	1	1	Hit	538	8-first/26451168.thl.jpg	26451168.thl.jpg	SPACE	585	SPACE
1447962201220	0	lts_1119L_37_01	37	01	1	129	0	0	0	CR	MAX	8/Awoodenspoon3.jpg	Awoodenspoon3.jpg	NOKEY	MAX	NOKEY
1447962204296	0	lts_1119L_37_01	37	01	1	130	0	0	0	CR	MAX	Aglassjarwit2.jpg	Aglassjarwit2.jpg	NOKEY	MAX	NOKEY
1447962207372	0	lts_1119L_37_01	37	01	1	131	0	0	0	CR	MAX	AMEAT2.jpg	AMEAT2.jpg	NOKEY	MAX	NOKEY
1447962208325	0	lts_1119L_37_01	37	01	1	132	4	1	1	Hit	468	4-mul/26451168.thl.jpg	26451168.thl.jpg	SPACE	518	SPACE
1447962209529	0	lts_1119L_37_01	37	01	1	133	0	0	1	FA	720	26433686.thl.jpg	26433686.thl.jpg	SPACE	769	NOKEY
1447962210515	0	lts_1119L_37_01	37	01	1	134	8	1	1	Hit	510	8-first/Atrap4.jpg	Atrap4.jpg	SPACE	552	SPACE
1447962213608	0	lts_1119L_37_01	37	01	1	135	0	0	0	CR	MAX	128/ferrywheeltoy.jpg	ferrywheeltoy.jpg	NOKEY	MAX	NOKEY
1447962216684	0	lts_1119L_37_01	37	01	1	136	0	0	0	CR	MAX	8255336.thl.jpg	8255336.thl.jpg	NOKEY	MAX	NOKEY
1447962217687	0	lts_1119L_37_01	37	01	1	137	8	1	1	Hit	528	8-first/Awoodenspoon3.jpg	Awoodenspoon3.jpg	SPACE	569	SPACE
1447962220763	0	lts_1119L_37_01	37	01	1	138	0	0	0	CR	MAX	8/Aceramicjug10.jpg	Aceramicjug10.jpg	NOKEY	MAX	NOKEY
1447962223839	0	lts_1119L_37_01	37	01	1	139	0	0	0	CR	MAX	ACHRIST14.jpg	ACHRIST14.jpg	NOKEY	MAX	NOKEY
1447962224842	0	lts_1119L_37_01	37	01	1	140	16	1	1	Hit	527	16-first/shavingcream01.jpg	shavingcream01.jpg	SPACE	568	SPACE
1447962227952	0	lts_1119L_37_01	37	01	1	141	0	0	0	CR	MAX	Atoy21.jpg	Atoy21.jpg	NOKEY	MAX	NOKEY
1447962229256	0	lts_1119L_37_01	37	01	1	142	00	1	1	Hit	826	00-across/E_statue.jpg	E_statue.jpg	SPACE	870	SPACE
1447962232332	0	lts_1119L_37_01	37	01	1	143	0	0	0	CR	MAX	Abeermug11.jpg	Abeermug11.jpg	NOKEY	MAX	NOKEY
1447962233235	0	lts_1119L_37_01	37	01	1	144	4	1	1	Hit	428	4-mul/shavingcream01.jpg	shavingcream01.jpg	SPACE	468	SPACE
1447962236311	0	lts_1119L_37_01	37	01	1	145	0	0	0	CR	MAX	Akiwifruit6.jpg	Akiwifruit6.jpg	NOKEY	MAX	NOKEY
1447962237364	0	lts_1119L_37_01	37	01	1	146	8	1	1	Hit	579	8-first/Aceramicjug10.jpg	Aceramicjug10.jpg	SPACE	619	SPACE
1447962240440	0	lts_1119L_37_01	37	01	1	147	0	0	0	CR	MAX	26437028.thl.jpg	26437028.thl.jpg	NOKEY	MAX	NOKEY
1447962241359	0	lts_1119L_37_01	37	01	1	148	2	1	1	Hit	441	2-mul/Aceramicjug10.jpg	Aceramicjug10.jpg	SPACE	485	SPACE
1447962244436	0	lts_1119L_37_01	37	01	1	149	0	0	0	CR	MAX	B_brush.jpg	B_brush.jpg	NOKEY	MAX	NOKEY
1447962245405	0	lts_1119L_37_01	37	01	1	150	16	1	1	Hit	495	16-mul/Atrap4.jpg	Atrap4.jpg	SPACE	535	SPACE
1447962248481	0	lts_1119L_37_01	37	01	1	151	0	0	0	CR	MAX	4/Athermosand12.jpg	Athermosand12.jpg	NOKEY	MAX	NOKEY
1447962251557	0	lts_1119L_37_01	37	01	1	152	0	0	0	CR	MAX	22887144.thl.jpg	22887144.thl.jpg	NOKEY	MAX	NOKEY
1447962252443	0	lts_1119L_37_01	37	01	1	153	16	1	1	Hit	418	16-mul/Awoodenspoon3.jpg	Awoodenspoon3.jpg	SPACE	452	SPACE
1447962255603	0	lts_1119L_37_01	37	01	1	154	0	0	0	CR	MAX	Ahotwaterbot2.jpg	Ahotwaterbot2.jpg	NOKEY	MAX	NOKEY
1447962256556	0	lts_1119L_37_01	37	01	1	155	4	1	1	Hit	479	4-9/Athermosand12.jpg	Athermosand12.jpg	SPACE	519	SPACE
1447962259632	0	lts_1119L_37_01	37	01	1	156	0	0	0	CR	MAX	Agasblower2.jpg	Agasblower2.jpg	NOKEY	MAX	NOKEY
1447962262708	0	lts_1119L_37_01	37	01	1	157	0	0	0	CR	MAX	1/Abaseballcap.jpg	Abaseballcap.jpg	NOKEY	MAX	NOKEY
1447962263644	0	lts_1119L_37_01	37	01	1	158	1	1	1	Hit	454	1-2/Abaseballcap.jpg	Abaseballcap.jpg	SPACE	502	SPACE
1447962266720	0	lts_1119L_37_01	37	01	1	159	0	0	0	CR	MAX	128/Apenguin2.jpg	Apenguin2.jpg	NOKEY	MAX	NOKEY
1447962267690	0	lts_1119L_37_01	37	01	1	160	64	1	1	Hit	499	64-first/ASCREW24.jpg	ASCREW24.jpg	SPACE	535	SPACE
1447962270783	0	lts_1119L_37_01	37	01	1	161	0	0	0	CR	MAX	1/APHONEFA2.jpg	APHONEFA2.jpg	NOKEY	MAX	NOKEY
1447962271769	0	lts_1119L_37_01	37	01	1	162	1	1	1	Hit	506	1-5/APHONEFA2.jpg	APHONEFA2.jpg	SPACE	552	SPACE
1447962274845	0	lts_1119L_37_01	37	01	1	163	0	0	0	CR	MAX	ABILLTABL.jpg	ABILLTABL.jpg	NOKEY	MAX	NOKEY
1447962275798	0	lts_1119L_37_01	37	01	1	164	4	1	1	Hit	467	4-mul/ASCREW24.jpg	ASCREW24.jpg	SPACE	519	SPACE
1447962278874	0	lts_1119L_37_01	37	01	1	165	0	0	0	CR	MAX	Abaggcon2.jpg	Abaggcon2.jpg	NOKEY	MAX	NOKEY
1447962281950	0	lts_1119L_37_01	37	01	1	166	0	0	0	CR	MAX	ACOWCREAM.jpg	ACOWCREAM.jpg	NOKEY	MAX	NOKEY
1447962285027	0	lts_1119L_37_01	37	01	1	167	0	0	0	CR	MAX	heartchocolat.jpg	heartchocolat.jpg	NOKEY	MAX	NOKEY
1447962288102	0	lts_1119L_37_01	37	01	1	168	0	0	0	CR	MAX	26379161.thl.jpg	26379161.thl.jpg	NOKEY	MAX	NOKEY
1447962291178	0	lts_1119L_37_01	37	01	1	169	0	0	0	CR	MAX	AELECOVER.jpg	AELECOVER.jpg	NOKEY	MAX	NOKEY
1447962293018	0	lts_1119L_37_01	37	01	1	170	0	0	1	FA	1368	ARCMPPOL2.jpg	ARCMPPOL2.jpg	SPACE	1404	NOKEY
1447962296093	0	lts_1119L_37_01	37	01	1	171	0	0	0	CR	MAX	32/Asaltgrinder.jpg	Asaltgrinder.jpg	NOKEY	MAX	NOKEY
1447962297213	0	lts_1119L_37_01	37	01	1	172	00	1	1	Hit	642	00-across/AAIRPORTC.jpg	AAIRPORTC.jpg	SPACE	685	SPACE
1447962300289	0	lts_1119L_37_01	37	01	1	173	0	0	0	CR	MAX	AKNEEBRA2.jpg	AKNEEBRA2.jpg	NOKEY	MAX	NOKEY
1447962303366	0	lts_1119L_37_01	37	01	1	174	128	1	0	Miss	MAX	128-3/AHARPSIC5.jpg	AHARPSIC5.jpg	NOKEY	MAX	SPACE
1447962306442	0	lts_1119L_37_01	37	01	1	175	0	0	0	CR	MAX	1/Asafetybelt.jpg	Asafetybelt.jpg	NOKEY	MAX	NOKEY
1447962307395	0	lts_1119L_37_01	37	01	1	176	1	1	1	Hit	480	1-7/Asafetybelt.jpg	Asafetybelt.jpg	SPACE	518	SPACE
1447962310487	0	lts_1119L_37_01	37	01	1	177	0	0	0	CR	MAX	AWEIGHT11.jpg	AWEIGHT11.jpg	NOKEY	MAX	NOKEY
1447962313563	0	lts_1119L_37_01	37	01	1	178	0	0	0	CR	MAX	16/APILLS9.jpg	APILLS9.jpg	NOKEY	MAX	NOKEY
1447962316639	0	lts_1119L_37_01	37	01	1	179	0	0	0	CR	MAX	8021515.thl.jpg	8021515.thl.jpg	NOKEY	MAX	NOKEY
1447962319715	0	lts_1119L_37_01	37	01	1	180	0	0	0	CR	MAX	8/26433592.thl.jpg	26433592.thl.jpg	NOKEY	MAX	NOKEY
1447962322792	0	lts_1119L_37_01	37	01	1	181	0	0	0	CR	MAX	2/AMAGHOLDE.jpg	AMAGHOLDE.jpg	NOKEY	MAX	NOKEY
1447962325868	0	lts_1119L_37_01	37	01	1	182	0	0	0	CR	MAX	AWINTERH2.jpg	AWINTERH2.jpg	NOKEY	MAX	NOKEY
1447962328944	0	lts_1119L_37_01	37	01	1	183	2	1	0	Miss	MAX	2-12/AMAGHOLDE.jpg	AMAGHOLDE.jpg	NOKEY	MAX	SPACE
1447962332021	0	lts_1119L_37_01	37	01	1	184	0	0	0	CR	MAX	26431395.thl.jpg	26431395.thl.jpg	NOKEY	MAX	NOKEY
1447962335112	0	lts_1119L_37_01	37	01	1	185	0	0	0	CR	MAX	16/Agardeningrak.jpg	Agardeningrak.jpg	NOKEY	MAX	NOKEY
1447962336233	0	lts_1119L_37_01	37	01	1	186	128	1	1	Hit	641	128-5/Brusselssprouts.jpg	Brusselssprouts.jpg	SPACE	685	SPACE
1447962339309	0	lts_1119L_37_01	37	01	1	187	0	0	0	CR	MAX	Aallterrain10.jpg	Aallterrain10.jpg	NOKEY	MAX	NOKEY
1447962340412	0	lts_1119L_37_01	37	01	1	188	8	1	1	Hit	632	8-0/26433592.thl.jpg	26433592.thl.jpg	SPACE	669	SPACE
1447962343488	0	lts_1119L_37_01	37	01	1	189	0	0	0	CR	MAX	ACHEESLIC.jpg	ACHEESLIC.jpg	NOKEY	MAX	NOKEY
1447962344675	0	lts_1119L_37_01	37	01	1	190	0	0	1	FA	687	32/8249141.thl.jpg	8249141.thl.jpg	SPACE	736	NOKEY
1447962347768	0	lts_1119L_37_01	37	01	1	191	0	0	0	CR	MAX	1/orientalvase.jpg	orientalvase.jpg	NOKEY	MAX	NOKEY
1447962348587	0	lts_1119L_37_01	37	01	1	192	1	1	1	Hit	336	1-6/orientalvase.jpg	orientalvase.jpg	SPACE	385	SPACE
1447962351663	0	lts_1119L_37_01	37	01	1	193	0	0	0	CR	MAX	ASLED7.jpg	ASLED7.jpg	NOKEY	MAX	NOKEY
1447962352616	0	lts_1119L_37_01	37	01	1	194	16	1	1	Hit	484	16-first/APILLS9.jpg	APILLS9.jpg	SPACE	518	SPACE
1447962355692	0	lts_1119L_37_01	37	01	1	195	0	0	0	CR	MAX	26419324.thl.jpg	26419324.thl.jpg	NOKEY	MAX	NOKEY
1447962358785	0	lts_1119L_37_01	37	01	1	196	0	0	0	CR	MAX	workweightmach.jpg	workweightmach.jpg	NOKEY	MAX	NOKEY
1447962361861	0	lts_1119L_37_01	37	01	1	197	0	0	0	CR	MAX	ACOFFPOT7.jpg	ACOFFPOT7.jpg	NOKEY	MAX	NOKEY
1447962364937	0	lts_1119L_37_01	37	01	1	198	0	0	0	CR	MAX	1/30835757.thl.jpg	30835757.thl.jpg	NOKEY	MAX	NOKEY
1447962366993	0	lts_1119L_37_01	37	01	1	199	1	1	1	Hit	1574	1-3/30835757.thl.jpg	30835757.thl.jpg	SPACE	1621	SPACE
1447962370070	0	lts_1119L_37_01	37	01	1	200	0	0	0	CR	MAX	AFRYPAN7.jpg	AFRYPAN7.jpg	NOKEY	MAX	NOKEY
1447962371240	0	lts_1119L_37_01	37	01	1	201	16	1	1	Hit	699	16-first/Agardeningrak.jpg	Agardeningrak.jpg	SPACE	735	SPACE
1447962374316	0	lts_1119L_37_01	37	01	1	202	0	0	0	CR	MAX	ACASTANET.jpg	ACASTANET.jpg	NOKEY	MAX	NOKEY
1447962377392	0	lts_1119L_37_01	37	01	1	203	32	1	0	Miss	MAX	32-3/Asaltgrinder.jpg	Asaltgrinder.jpg	NOKEY	MAX	SPACE
1447962380468	0	lts_1119L_37_01	37	01	1	204	0	0	0	CR	MAX	AMINIHAMP.jpg	AMINIHAMP.jpg	NOKEY	MAX	NOKEY
1447962381488	0	lts_1119L_37_01	37	01	1	205	4	1	1	Hit	546	4-mul/Agardeningrak.jpg	Agardeningrak.jpg	SPACE	586	SPACE
1447962384564	0	lts_1119L_37_01	37	01	1	206	0	0	0	CR	MAX	22856256.thl.jpg	22856256.thl.jpg	NOKEY	MAX	NOKEY
1447962387640	0	lts_1119L_37_01	37	01	1	207	0	0	0	CR	MAX	bagelslicer.jpg	bagelslicer.jpg	NOKEY	MAX	NOKEY
1447962388977	0	lts_1119L_37_01	37	01	1	208	0	0	1	FA	854	64/Afueltank11.jpg	Afueltank11.jpg	SPACE	903	NOKEY
1447962392054	0	lts_1119L_37_01	37	01	1	209	0	0	0	CR	MAX	8055181.thl.jpg	8055181.thl.jpg	NOKEY	MAX	NOKEY
1447962392973	0	lts_1119L_37_01	37	01	1	210	16	1	1	Hit	448	16-mul/APILLS9.jpg	APILLS9.jpg	SPACE	483	SPACE
1447962396066	0	lts_1119L_37_01	37	01	1	211	0	0	0	CR	MAX	2/Astonecarvin8.jpg	Astonecarvin8.jpg	NOKEY	MAX	NOKEY
1447962399142	0	lts_1119L_37_01	37	01	1	212	0	0	0	CR	MAX	Ablackma3.jpg	Ablackma3.jpg	NOKEY	MAX	NOKEY
1447962400094	0	lts_1119L_37_01	37	01	1	213	2	1	1	Hit	470	2-8/Astonecarvin8.jpg	Astonecarvin8.jpg	SPACE	518	SPACE
1447962403170	0	lts_1119L_37_01	37	01	1	214	0	0	0	CR	MAX	Ateacherscert.jpg	Ateacherscert.jpg	NOKEY	MAX	NOKEY
1447962406247	0	lts_1119L_37_01	37	01	1	215	0	0	0	CR	MAX	16/Anailscissors.jpg	Anailscissors.jpg	NOKEY	MAX	NOKEY
1447962409339	0	lts_1119L_37_01	37	01	1	216	0	0	0	CR	MAX	1/Ametalpress.jpg	Ametalpress.jpg	NOKEY	MAX	NOKEY
1447962410292	0	lts_1119L_37_01	37	01	1	217	1	1	1	Hit	476	1-9/Ametalpress.jpg	Ametalpress.jpg	SPACE	518	SPACE
1447962413368	0	lts_1119L_37_01	37	01	1	218	0	0	0	CR	MAX	AARTOOTH2.jpg	AARTOOTH2.jpg	NOKEY	MAX	NOKEY
1447962416444	0	lts_1119L_37_01	37	01	1	219	0	0	0	CR	MAX	128/Asunflower3.jpg	Asunflower3.jpg	NOKEY	MAX	NOKEY
1447962419521	0	lts_1119L_37_01	37	01	1	220	0	0	0	CR	MAX	ASECCAME3.jpg	ASECCAME3.jpg	NOKEY	MAX	NOKEY
1447962422597	0	lts_1119L_37_01	37	01	1	221	0	0	0	CR	MAX	ADRUM12.jpg	ADRUM12.jpg	NOKEY	MAX	NOKEY
1447962423683	0	lts_1119L_37_01	37	01	1	222	32	1	1	Hit	605	32-6/8249141.thl.jpg	8249141.thl.jpg	SPACE	652	SPACE
1447962426759	0	lts_1119L_37_01	37	01	1	223	0	0	0	CR	MAX	16/Achildtoy2.jpg	Achildtoy2.jpg	NOKEY	MAX	NOKEY
1447962429852	0	lts_1119L_37_01	37	01	1	224	0	0	0	CR	MAX	Acaterpilla11.jpg	Acaterpilla11.jpg	NOKEY	MAX	NOKEY
1447962432928	0	lts_1119L_37_01	37	01	1	225	00	1	0	Miss	MAX	00-across/ACPU2.jpg	ACPU2.jpg	NOKEY	MAX	SPACE
1447962436005	0	lts_1119L_37_01	37	01	1	226	0	0	0	CR	MAX	Adiscoball2.jpg	Adiscoball2.jpg	NOKEY	MAX	NOKEY
1447962439080	0	lts_1119L_37_01	37	01	1	227	0	0	0	CR	MAX	Aglass43.jpg	Aglass43.jpg	NOKEY	MAX	NOKEY
1447962442156	0	lts_1119L_37_01	37	01	1	228	0	0	0	CR	MAX	ABREADMAC.jpg	ABREADMAC.jpg	NOKEY	MAX	NOKEY
1447962445232	0	lts_1119L_37_01	37	01	1	229	128	1	0	Miss	MAX	128-4/AMIMETITE.jpg	AMIMETITE.jpg	NOKEY	MAX	SPACE
1447962448325	0	lts_1119L_37_01	37	01	1	230	0	0	0	CR	MAX	Apocketwatch.jpg	Apocketwatch.jpg	NOKEY	MAX	NOKEY
1447962449295	0	lts_1119L_37_01	37	01	1	231	16	1	1	Hit	500	16-0/Anailscissors.jpg	Anailscissors.jpg	SPACE	535	SPACE
1447962452371	0	lts_1119L_37_01	37	01	1	232	0	0	0	CR	MAX	Ababtoy13.jpg	Ababtoy13.jpg	NOKEY	MAX	NOKEY
1447962453324	0	lts_1119L_37_01	37	01	1	233	0	0	1	FA	479	128/AADZUKIB2.jpg	AADZUKIB2.jpg	SPACE	519	NOKEY
1447962456400	0	lts_1119L_37_01	37	01	1	234	0	0	0	CR	MAX	Acanister10.jpg	Acanister10.jpg	NOKEY	MAX	NOKEY
1447962459476	0	lts_1119L_37_01	37	01	1	235	0	0	0	CR	MAX	Aglassbottl56.jpg	Aglassbottl56.jpg	NOKEY	MAX	NOKEY
1447962462552	0	lts_1119L_37_01	37	01	1	236	0	0	0	CR	MAX	Atoy57.jpg	Atoy57.jpg	NOKEY	MAX	NOKEY
1447962465628	0	lts_1119L_37_01	37	01	1	237	0	0	0	CR	MAX	ACOOKCUTT.jpg	ACOOKCUTT.jpg	NOKEY	MAX	NOKEY
1447962468704	0	lts_1119L_37_01	37	01	1	238	0	0	0	CR	MAX	AJEWELBO3.jpg	AJEWELBO3.jpg	NOKEY	MAX	NOKEY
1447962469874	0	lts_1119L_37_01	37	01	1	239	16	1	1	Hit	701	16-first/Achildtoy2.jpg	Achildtoy2.jpg	SPACE	735	SPACE
1447962472950	0	lts_1119L_37_01	37	01	1	240	0	0	0	CR	MAX	23019499.thl.jpg	23019499.thl.jpg	NOKEY	MAX	NOKEY
1447962473987	0	lts_1119L_37_01	37	01	1	241	2	1	1	Hit	554	2-mul/Achildtoy2.jpg	Achildtoy2.jpg	SPACE	602	SPACE
1447962477064	0	lts_1119L_37_01	37	01	1	242	0	0	0	CR	MAX	22921112.thl.jpg	22921112.thl.jpg	NOKEY	MAX	NOKEY
1447962480139	0	lts_1119L_37_01	37	01	1	243	0	0	0	CR	MAX	showercurtainsuchi.jpg	showercurtainsuchi.jpg	NOKEY	MAX	NOKEY
1447962481309	0	lts_1119L_37_01	37	01	1	244	0	0	1	FA	695	2/ACOUNTING.jpg	ACOUNTING.jpg	SPACE	735	NOKEY
1447962484385	0	lts_1119L_37_01	37	01	1	245	0	0	0	CR	MAX	Agourd8.jpg	Agourd8.jpg	NOKEY	MAX	NOKEY
1447962485255	0	lts_1119L_37_01	37	01	1	246	2	1	1	Hit	385	2-9/ACOUNTING.jpg	ACOUNTING.jpg	SPACE	434	SPACE
1447962488331	0	lts_1119L_37_01	37	01	1	247	0	0	0	CR	MAX	8/Atoyhorse2.jpg	Atoyhorse2.jpg	NOKEY	MAX	NOKEY
1447962491407	0	lts_1119L_37_01	37	01	1	248	0	0	0	CR	MAX	8022057.thl.jpg	8022057.thl.jpg	NOKEY	MAX	NOKEY
1447962494500	0	lts_1119L_37_01	37	01	1	249	0	0	0	CR	MAX	4/Atoyservices2.jpg	Atoyservices2.jpg	NOKEY	MAX	NOKEY
1447962497576	0	lts_1119L_37_01	37	01	1	250	0	0	0	CR	MAX	16/26421382.thl.jpg	26421382.thl.jpg	NOKEY	MAX	NOKEY
1447962500652	0	lts_1119L_37_01	37	01	1	251	0	0	0	CR	MAX	spoon-a.jpg	spoon-a.jpg	NOKEY	MAX	NOKEY
1447962503728	0	lts_1119L_37_01	37	01	1	252	0	0	0	CR	MAX	Abinocularca3.jpg	Abinocularca3.jpg	NOKEY	MAX	NOKEY
1447962504931	0	lts_1119L_37_01	37	01	1	253	4	1	1	Hit	722	4-1/Atoyservices2.jpg	Atoyservices2.jpg	SPACE	769	SPACE
1447962508025	0	lts_1119L_37_01	37	01	1	254	0	0	0	CR	MAX	128/waterfilter.jpg	waterfilter.jpg	NOKEY	MAX	NOKEY
1447962509045	0	lts_1119L_37_01	37	01	1	255	8	1	1	Hit	536	8-first/Atoyhorse2.jpg	Atoyhorse2.jpg	SPACE	584	SPACE
1447962512120	0	lts_1119L_37_01	37	01	1	256	0	0	0	CR	MAX	AALARMSY5.jpg	AALARMSY5.jpg	NOKEY	MAX	NOKEY
1447962515196	0	lts_1119L_37_01	37	01	1	257	0	0	0	CR	MAX	32/Atrafficsign2.jpg	Atrafficsign2.jpg	NOKEY	MAX	NOKEY
1447962518272	0	lts_1119L_37_01	37	01	1	258	0	0	0	CR	MAX	AABSTRACT.jpg	AABSTRACT.jpg	NOKEY	MAX	NOKEY
1447962519259	0	lts_1119L_37_01	37	01	1	259	4	1	1	Hit	513	4-mul/Atoyhorse2.jpg	Atoyhorse2.jpg	SPACE	551	SPACE
1447962522335	0	lts_1119L_37_01	37	01	1	260	0	0	0	CR	MAX	1/Aqueenofspade.jpg	Aqueenofspade.jpg	NOKEY	MAX	NOKEY
1447962523170	0	lts_1119L_37_01	37	01	1	261	1	1	1	Hit	364	1-13/Aqueenofspade.jpg	Aqueenofspade.jpg	SPACE	401	SPACE
1447962526247	0	lts_1119L_37_01	37	01	1	262	0	0	0	CR	MAX	ABROCHETT.jpg	ABROCHETT.jpg	NOKEY	MAX	NOKEY
1447962529323	0	lts_1119L_37_01	37	01	1	263	128	1	0	Miss	MAX	128-7/ferrywheeltoy.jpg	ferrywheeltoy.jpg	NOKEY	MAX	SPACE
1447962532399	0	lts_1119L_37_01	37	01	1	264	0	0	0	CR	MAX	Ascientifict3.jpg	Ascientifict3.jpg	NOKEY	MAX	NOKEY
1447962535475	0	lts_1119L_37_01	37	01	1	265	0	0	0	CR	MAX	26463767.thl.jpg	26463767.thl.jpg	NOKEY	MAX	NOKEY
1447962536745	0	lts_1119L_37_01	37	01	1	266	16	1	1	Hit	798	16-first/26421382.thl.jpg	26421382.thl.jpg	SPACE	836	SPACE
1447962539821	0	lts_1119L_37_01	37	01	1	267	0	0	0	CR	MAX	APILHELM2.jpg	APILHELM2.jpg	NOKEY	MAX	NOKEY
1447962542897	0	lts_1119L_37_01	37	01	1	268	0	0	0	CR	MAX	2/Abrownbagwith.jpg	Abrownbagwith.jpg	NOKEY	MAX	NOKEY
1447962545990	0	lts_1119L_37_01	37	01	1	269	0	0	0	CR	MAX	32/Aspoolofthre6.jpg	Aspoolofthre6.jpg	NOKEY	MAX	NOKEY
1447962547562	0	lts_1119L_37_01	37	01	1	270	2	1	1	Hit	1094	2-7/Abrownbagwith.jpg	Abrownbagwith.jpg	SPACE	1135	SPACE
1447962550638	0	lts_1119L_37_01	37	01	1	271	0	0	0	CR	MAX	32/Aantiquemailb.jpg	Aantiquemailb.jpg	NOKEY	MAX	NOKEY
1447962553714	0	lts_1119L_37_01	37	01	1	272	64	1	0	Miss	MAX	64-first/Afueltank11.jpg	Afueltank11.jpg	NOKEY	MAX	SPACE
1447962556790	0	lts_1119L_37_01	37	01	1	273	0	0	0	CR	MAX	ABOWLCARV.jpg	ABOWLCARV.jpg	NOKEY	MAX	NOKEY
1447962557709	0	lts_1119L_37_01	37	01	1	274	2	1	1	Hit	449	2-mul/Afueltank11.jpg	Afueltank11.jpg	SPACE	485	SPACE
1447962559966	0	lts_1119L_37_01	37	01	1	275	0	0	1	FA	1773	16/AREDPLUM.jpg	AREDPLUM.jpg	SPACE	1822	NOKEY
1447962563043	0	lts_1119L_37_01	37	01	1	276	0	0	0	CR	MAX	APARKMET6.jpg	APARKMET6.jpg	NOKEY	MAX	NOKEY
1447962566118	0	lts_1119L_37_01	37	01	1	277	0	0	0	CR	MAX	8027086.thl.jpg	8027086.thl.jpg	NOKEY	MAX	NOKEY
1447962569194	0	lts_1119L_37_01	37	01	1	278	0	0	0	CR	MAX	Adalmatiandog.jpg	Adalmatiandog.jpg	NOKEY	MAX	NOKEY
1447962572271	0	lts_1119L_37_01	37	01	1	279	0	0	0	CR	MAX	1/26437068.thl.jpg	26437068.thl.jpg	NOKEY	MAX	NOKEY
1447962573223	0	lts_1119L_37_01	37	01	1	280	1	1	1	Hit	478	1-0/26437068.thl.jpg	26437068.thl.jpg	SPACE	518	SPACE
1447962576300	0	lts_1119L_37_01	37	01	1	281	0	0	0	CR	MAX	32/AWALKTA25.jpg	AWALKTA25.jpg	NOKEY	MAX	NOKEY
1447962577303	0	lts_1119L_37_01	37	01	1	282	16	1	1	Hit	526	16-mul/26421382.thl.jpg	26421382.thl.jpg	SPACE	568	SPACE
1447962580379	0	lts_1119L_37_01	37	01	1	283	0	0	0	CR	MAX	2/Aflower103.jpg	Aflower103.jpg	NOKEY	MAX	NOKEY
1447962583455	0	lts_1119L_37_01	37	01	1	284	0	0	0	CR	MAX	8065674.thl.jpg	8065674.thl.jpg	NOKEY	MAX	NOKEY
1447962584475	0	lts_1119L_37_01	37	01	1	285	2	1	1	Hit	551	2-13/Aflower103.jpg	Aflower103.jpg	SPACE	586	SPACE
1447962587551	0	lts_1119L_37_01	37	01	1	286	0	0	0	CR	MAX	AHEADLIG9.jpg	AHEADLIG9.jpg	NOKEY	MAX	NOKEY
1447962589006	0	lts_1119L_37_01	37	01	1	287	128	1	1	Hit	979	128-1/Apenguin2.jpg	Apenguin2.jpg	SPACE	1020	SPACE
1447962592081	0	lts_1119L_37_01	37	01	1	288	0	0	0	CR	MAX	ASNBRD2.jpg	ASNBRD2.jpg	NOKEY	MAX	NOKEY
1447962593035	0	lts_1119L_37_01	37	01	1	289	32	1	1	Hit	481	32-7/Atrafficsign2.jpg	Atrafficsign2.jpg	SPACE	518	SPACE
1447962596144	0	lts_1119L_37_01	37	01	1	290	0	0	0	CR	MAX	ASTEAMER.jpg	ASTEAMER.jpg	NOKEY	MAX	NOKEY
1447962597064	0	lts_1119L_37_01	37	01	1	291	16	1	1	Hit	444	16-first/AREDPLUM.jpg	AREDPLUM.jpg	SPACE	485	SPACE
1447962600139	0	lts_1119L_37_01	37	01	1	292	0	0	0	CR	MAX	AFUNNEL4.jpg	AFUNNEL4.jpg	NOKEY	MAX	NOKEY
1447962601911	0	lts_1119L_37_01	37	01	1	293	0	0	1	FA	1288	4/Atool120.jpg	Atool120.jpg	SPACE	1337	NOKEY
1447962604987	0	lts_1119L_37_01	37	01	1	294	0	0	0	CR	MAX	Abowlofpasta.jpg	Abowlofpasta.jpg	NOKEY	MAX	NOKEY
1447962605890	0	lts_1119L_37_01	37	01	1	295	4	1	1	Hit	432	4-mul/AREDPLUM.jpg	AREDPLUM.jpg	SPACE	467	SPACE
1447962608966	0	lts_1119L_37_01	37	01	1	296	0	0	0	CR	MAX	AWASHCLOT.jpg	AWASHCLOT.jpg	NOKEY	MAX	NOKEY
1447962609902	0	lts_1119L_37_01	37	01	1	297	4	1	1	Hit	462	4-12/Atool120.jpg	Atool120.jpg	SPACE	501	SPACE
1447962612978	0	lts_1119L_37_01	37	01	1	298	0	0	0	CR	MAX	26423242.thl.jpg	26423242.thl.jpg	NOKEY	MAX	NOKEY
1447962616055	0	lts_1119L_37_01	37	01	1	299	0	0	0	CR	MAX	Aspoonofsug11.jpg	Aspoonofsug11.jpg	NOKEY	MAX	NOKEY
1447962619130	0	lts_1119L_37_01	37	01	1	300	0	0	0	CR	MAX	AWHISTLE4.jpg	AWHISTLE4.jpg	NOKEY	MAX	NOKEY
1447962620068	0	lts_1119L_37_01	37	01	1	301	32	1	1	Hit	463	32-8/Aspoolofthre6.jpg	Aspoolofthre6.jpg	SPACE	501	SPACE
1447962623143	0	lts_1119L_37_01	37	01	1	302	0	0	0	CR	MAX	8/Atoymoose.jpg	Atoymoose.jpg	NOKEY	MAX	NOKEY
1447962624246	0	lts_1119L_37_01	37	01	1	303	32	1	1	Hit	623	32-2/Aantiquemailb.jpg	Aantiquemailb.jpg	SPACE	669	SPACE
1447962627322	0	lts_1119L_37_01	37	01	1	304	0	0	0	CR	MAX	26425573.thl.jpg	26425573.thl.jpg	NOKEY	MAX	NOKEY
1447962629161	0	lts_1119L_37_01	37	01	1	305	0	0	1	FA	1361	Atoywheels.jpg	Atoywheels.jpg	SPACE	1404	NOKEY
1447962632237	0	lts_1119L_37_01	37	01	1	306	0	0	0	CR	MAX	26424291.thl.jpg	26424291.thl.jpg	NOKEY	MAX	NOKEY
1447962635330	0	lts_1119L_37_01	37	01	1	307	0	0	0	CR	MAX	16/Abasket110.jpg	Abasket110.jpg	NOKEY	MAX	NOKEY
1447962636383	0	lts_1119L_37_01	37	01	1	308	0	0	1	FA	580	APEELER.jpg	APEELER.jpg	SPACE	619	NOKEY
1447962637303	0	lts_1119L_37_01	37	01	1	309	0	0	1	FA	439	Aberries5.jpg	Aberries5.jpg	SPACE	484	NOKEY
1447962638272	0	lts_1119L_37_01	37	01	1	310	8	1	1	Hit	493	8-first/Atoymoose.jpg	Atoymoose.jpg	SPACE	535	SPACE
1447962641348	0	lts_1119L_37_01	37	01	1	311	0	0	0	CR	MAX	4/Acementfinish.jpg	Acementfinish.jpg	NOKEY	MAX	NOKEY
1447962644424	0	lts_1119L_37_01	37	01	1	312	0	0	0	CR	MAX	Abisontoy.jpg	Abisontoy.jpg	NOKEY	MAX	NOKEY
1447962647500	0	lts_1119L_37_01	37	01	1	313	32	1	0	Miss	MAX	32-9/AWALKTA25.jpg	AWALKTA25.jpg	NOKEY	MAX	SPACE
1447962650576	0	lts_1119L_37_01	37	01	1	314	0	0	0	CR	MAX	26451269.thl.jpg	26451269.thl.jpg	NOKEY	MAX	NOKEY
1447962651613	0	lts_1119L_37_01	37	01	1	315	4	1	1	Hit	560	4-6/Acementfinish.jpg	Acementfinish.jpg	SPACE	602	SPACE
1447962654689	0	lts_1119L_37_01	37	01	1	316	0	0	0	CR	MAX	ADIRECSI3.jpg	ADIRECSI3.jpg	NOKEY	MAX	NOKEY
1447962655893	0	lts_1119L_37_01	37	01	1	317	00	1	1	Hit	731	00-across/AOLIVE.jpg	AOLIVE.jpg	SPACE	769	SPACE
1447962658986	0	lts_1119L_37_01	37	01	1	318	0	0	0	CR	MAX	Akitchenisla4.jpg	Akitchenisla4.jpg	NOKEY	MAX	NOKEY
1447962662063	0	lts_1119L_37_01	37	01	1	319	0	0	0	CR	MAX	kimono.jpg	kimono.jpg	NOKEY	MAX	NOKEY
1447962665138	0	lts_1119L_37_01	37	01	1	320	0	0	0	CR	MAX	16/26423652.thl.jpg	26423652.thl.jpg	NOKEY	MAX	NOKEY
1447962668164	0	lts_1119L_37_01	37	01	1	321	0	0	1	FA	2555	64/Aknife76.jpg	Aknife76.jpg	SPACE	2591	NOKEY
1447962671240	0	lts_1119L_37_01	37	01	1	322	0	0	0	CR	MAX	Ajewisho2.jpg	Ajewisho2.jpg	NOKEY	MAX	NOKEY
1447962672694	0	lts_1119L_37_01	37	01	1	323	16	1	1	Hit	985	16-first/Abasket110.jpg	Abasket110.jpg	SPACE	1020	SPACE
1447962675770	0	lts_1119L_37_01	37	01	1	324	0	0	0	CR	MAX	Afrog45.jpg	Afrog45.jpg	NOKEY	MAX	NOKEY
1447962678846	0	lts_1119L_37_01	37	01	1	325	0	0	0	CR	MAX	ATEETH7.jpg	ATEETH7.jpg	NOKEY	MAX	NOKEY
1447962680434	0	lts_1119L_37_01	37	01	1	326	16	1	1	Hit	1113	16-mul/Atoymoose.jpg	Atoymoose.jpg	SPACE	1154	SPACE
1447962683510	0	lts_1119L_37_01	37	01	1	327	0	0	0	CR	MAX	AHEARTES3.jpg	AHEARTES3.jpg	NOKEY	MAX	NOKEY
1447962686586	0	lts_1119L_37_01	37	01	1	328	0	0	0	CR	MAX	4/A1991CHE7.jpg	A1991CHE7.jpg	NOKEY	MAX	NOKEY
1447962689663	0	lts_1119L_37_01	37	01	1	329	0	0	0	CR	MAX	AAIRBLOW.jpg	AAIRBLOW.jpg	NOKEY	MAX	NOKEY
1447962692755	0	lts_1119L_37_01	37	01	1	330	0	0	0	CR	MAX	64/ringbox03.jpg	ringbox03.jpg	NOKEY	MAX	NOKEY
1447962695831	0	lts_1119L_37_01	37	01	1	331	0	0	0	CR	MAX	Akitchensinka.jpg	Akitchensinka.jpg	NOKEY	MAX	NOKEY
1447962696918	0	lts_1119L_37_01	37	01	1	332	4	1	1	Hit	607	4-3/A1991CHE7.jpg	A1991CHE7.jpg	SPACE	652	SPACE
1447962699994	0	lts_1119L_37_01	37	01	1	333	0	0	0	CR	MAX	Agolfplaque.jpg	Agolfplaque.jpg	NOKEY	MAX	NOKEY
1447962703071	0	lts_1119L_37_01	37	01	1	334	0	0	0	CR	MAX	ABREASPU2.jpg	ABREASPU2.jpg	NOKEY	MAX	NOKEY
1447962706146	0	lts_1119L_37_01	37	01	1	335	0	0	0	CR	MAX	Acane116.jpg	Acane116.jpg	NOKEY	MAX	NOKEY
1447962707149	0	lts_1119L_37_01	37	01	1	336	16	1	1	Hit	534	16-1/26423652.thl.jpg	26423652.thl.jpg	SPACE	568	SPACE
1447962710225	0	lts_1119L_37_01	37	01	1	337	0	0	0	CR	MAX	36407647.thl.jpg	36407647.thl.jpg	NOKEY	MAX	NOKEY
1447962713302	0	lts_1119L_37_01	37	01	1	338	0	0	0	CR	MAX	AGUIRA.jpg	AGUIRA.jpg	NOKEY	MAX	NOKEY
1447962714555	0	lts_1119L_37_01	37	01	1	339	16	1	1	Hit	779	16-mul/Abasket110.jpg	Abasket110.jpg	SPACE	819	SPACE
1447962717631	0	lts_1119L_37_01	37	01	1	340	0	0	0	CR	MAX	AROOSTERP.jpg	AROOSTERP.jpg	NOKEY	MAX	NOKEY
1447962720707	0	lts_1119L_37_01	37	01	1	341	0	0	0	CR	MAX	64/26424784.thl.jpg	26424784.thl.jpg	NOKEY	MAX	NOKEY
1447962721794	0	lts_1119L_37_01	37	01	1	342	00	1	1	Hit	605	00-across/26439297.thl.jpg	26439297.thl.jpg	SPACE	652	SPACE
1447962724870	0	lts_1119L_37_01	37	01	1	343	0	0	0	CR	MAX	ACOFFGRI9.jpg	ACOFFGRI9.jpg	NOKEY	MAX	NOKEY
1447962727963	0	lts_1119L_37_01	37	01	1	344	0	0	0	CR	MAX	ASMOKDE16.jpg	ASMOKDE16.jpg	NOKEY	MAX	NOKEY
1447962731040	0	lts_1119L_37_01	37	01	1	345	0	0	0	CR	MAX	AOLDMILL2.jpg	AOLDMILL2.jpg	NOKEY	MAX	NOKEY
1447962734115	0	lts_1119L_37_01	37	01	1	346	0	0	0	CR	MAX	Aplantinpot4.jpg	Aplantinpot4.jpg	NOKEY	MAX	NOKEY
1447962737191	0	lts_1119L_37_01	37	01	1	347	128	1	0	Miss	MAX	128-2/Asunflower3.jpg	Asunflower3.jpg	NOKEY	MAX	SPACE
1447962740267	0	lts_1119L_37_01	37	01	1	348	0	0	0	CR	MAX	64/16247853.thl.jpg	16247853.thl.jpg	NOKEY	MAX	NOKEY
1447962742507	0	lts_1119L_37_01	37	01	1	349	0	0	1	FA	1767	Atotemp10.jpg	Atotemp10.jpg	SPACE	1805	NOKEY
1447962745583	0	lts_1119L_37_01	37	01	1	350	0	0	0	CR	MAX	1/AMUSICSTA.jpg	AMUSICSTA.jpg	NOKEY	MAX	NOKEY
1447962746486	0	lts_1119L_37_01	37	01	1	351	1	1	1	Hit	434	1-11/AMUSICSTA.jpg	AMUSICSTA.jpg	SPACE	469	SPACE
1447962749562	0	lts_1119L_37_01	37	01	1	352	0	0	0	CR	MAX	AGARBIN.jpg	AGARBIN.jpg	NOKEY	MAX	NOKEY
1447962752638	0	lts_1119L_37_01	37	01	1	353	0	0	0	CR	MAX	2/26429137.thl.jpg	26429137.thl.jpg	NOKEY	MAX	NOKEY
1447962755714	0	lts_1119L_37_01	37	01	1	354	0	0	0	CR	MAX	4/AANGLE.jpg	AANGLE.jpg	NOKEY	MAX	NOKEY
1447962756667	0	lts_1119L_37_01	37	01	1	355	2	1	1	Hit	477	2-6/26429137.thl.jpg	26429137.thl.jpg	SPACE	518	SPACE
1447962759760	0	lts_1119L_37_01	37	01	1	356	0	0	0	CR	MAX	radish.jpg	radish.jpg	NOKEY	MAX	NOKEY
1447962762836	0	lts_1119L_37_01	37	01	1	357	0	0	0	CR	MAX	26444138.thl.jpg	26444138.thl.jpg	NOKEY	MAX	NOKEY
1447962763789	0	lts_1119L_37_01	37	01	1	358	4	1	1	Hit	477	4-2/AANGLE.jpg	AANGLE.jpg	SPACE	518	SPACE
1447962766865	0	lts_1119L_37_01	37	01	1	359	0	0	0	CR	MAX	ACUPBOAR5.jpg	ACUPBOAR5.jpg	NOKEY	MAX	NOKEY
1447962769941	0	lts_1119L_37_01	37	01	1	360	0	0	0	CR	MAX	ASEASH8.jpg	ASEASH8.jpg	NOKEY	MAX	NOKEY
1447962773018	0	lts_1119L_37_01	37	01	1	361	128	1	0	Miss	MAX	128-0/AADZUKIB2.jpg	AADZUKIB2.jpg	NOKEY	MAX	SPACE
1447962776110	0	lts_1119L_37_01	37	01	1	362	0	0	0	CR	MAX	AMEASDEVI.jpg	AMEASDEVI.jpg	NOKEY	MAX	NOKEY
1447962779186	0	lts_1119L_37_01	37	01	1	363	0	0	0	CR	MAX	1/AMODELSA4.jpg	AMODELSA4.jpg	NOKEY	MAX	NOKEY
1447962780122	0	lts_1119L_37_01	37	01	1	364	1	1	1	Hit	455	1-4/AMODELSA4.jpg	AMODELSA4.jpg	SPACE	501	SPACE
1447962783198	0	lts_1119L_37_01	37	01	1	365	0	0	0	CR	MAX	ACOMPAS20.jpg	ACOMPAS20.jpg	NOKEY	MAX	NOKEY
1447962786275	0	lts_1119L_37_01	37	01	1	366	0	0	0	CR	MAX	AGRAINSI5.jpg	AGRAINSI5.jpg	NOKEY	MAX	NOKEY
1447962789351	0	lts_1119L_37_01	37	01	1	367	0	0	0	CR	MAX	8/Aangel37.jpg	Aangel37.jpg	NOKEY	MAX	NOKEY
1447962792427	0	lts_1119L_37_01	37	01	1	368	0	0	0	CR	MAX	32/26418207.thl.jpg	26418207.thl.jpg	NOKEY	MAX	NOKEY
1447962795519	0	lts_1119L_37_01	37	01	1	369	0	0	0	CR	MAX	AGARBCAN.jpg	AGARBCAN.jpg	NOKEY	MAX	NOKEY
1447962798612	0	lts_1119L_37_01	37	01	1	370	0	0	0	CR	MAX	2/Awatch28.jpg	Awatch28.jpg	NOKEY	MAX	NOKEY
1447962801688	0	lts_1119L_37_01	37	01	1	371	0	0	0	CR	MAX	Aroulette.jpg	Aroulette.jpg	NOKEY	MAX	NOKEY
1447962802825	0	lts_1119L_37_01	37	01	1	372	2	1	1	Hit	662	2-5/Awatch28.jpg	Awatch28.jpg	SPACE	702	SPACE
1447962805901	0	lts_1119L_37_01	37	01	1	373	0	0	0	CR	MAX	AHYPBOTT.jpg	AHYPBOTT.jpg	NOKEY	MAX	NOKEY
1447962808977	0	lts_1119L_37_01	37	01	1	374	0	0	0	CR	MAX	10049566.thl.jpg	10049566.thl.jpg	NOKEY	MAX	NOKEY
1447962809947	0	lts_1119L_37_01	37	01	1	375	8	1	1	Hit	486	8-2/Aangel37.jpg	Aangel37.jpg	SPACE	535	SPACE
1447962811635	0	lts_1119L_37_01	37	01	1	376	0	0	1	FA	1211	1/Atoyelephant.jpg	Atoyelephant.jpg	SPACE	1254	NOKEY
1447962812705	0	lts_1119L_37_01	37	01	1	377	1	1	1	Hit	589	1-8/Atoyelephant.jpg	Atoyelephant.jpg	SPACE	635	SPACE
1447962814812	0	lts_1119L_37_01	37	01	1	378	0	0	1	FA	1632	2/ACHINLAMP.jpg	ACHINLAMP.jpg	SPACE	1672	NOKEY
1447962817888	0	lts_1119L_37_01	37	01	1	379	0	0	0	CR	MAX	AXYLOPHN2.jpg	AXYLOPHN2.jpg	NOKEY	MAX	NOKEY
1447962819342	0	lts_1119L_37_01	37	01	1	380	2	1	1	Hit	983	2-0/ACHINLAMP.jpg	ACHINLAMP.jpg	SPACE	1020	SPACE
1447962819977	0	lts_1119L_37_01	37	01	1	381	0	0	1	FA	164	26432175.thl.jpg	26432175.thl.jpg	SPACE	200	NOKEY
1447962821499	0	lts_1119L_37_01	37	01	1	382	128	1	1	Hit	1037	128-6/waterfilter.jpg	waterfilter.jpg	SPACE	1087	SPACE
1447962824575	0	lts_1119L_37_01	37	01	1	383	0	0	0	CR	MAX	26369999.thl.jpg	26369999.thl.jpg	NOKEY	MAX	NOKEY
1447962827651	0	lts_1119L_37_01	37	01	1	384	0	0	0	CR	MAX	AJOYSTIC1.jpg	AJOYSTIC1.jpg	NOKEY	MAX	NOKEY
1447962828921	0	lts_1119L_37_01	37	01	1	385	64	1	1	Hit	789	64-first/Aknife76.jpg	Aknife76.jpg	SPACE	836	SPACE
1447962831998	0	lts_1119L_37_01	37	01	1	386	0	0	0	CR	MAX	Akeyboard3.jpg	Akeyboard3.jpg	NOKEY	MAX	NOKEY
1447962832934	0	lts_1119L_37_01	37	01	1	387	2	1	1	Hit	458	2-mul/Aknife76.jpg	Aknife76.jpg	SPACE	501	SPACE
1447962836011	0	lts_1119L_37_01	37	01	1	388	0	0	0	CR	MAX	22856988.thl.jpg	22856988.thl.jpg	NOKEY	MAX	NOKEY
1447962836996	0	lts_1119L_37_01	37	01	1	389	00	1	1	Hit	513	00-across/AWASHOPEN.jpg	AWASHOPEN.jpg	SPACE	551	SPACE
1447962840089	0	lts_1119L_37_01	37	01	1	390	0	0	0	CR	MAX	1/AANTSTOV6.jpg	AANTSTOV6.jpg	NOKEY	MAX	NOKEY
1447962840992	0	lts_1119L_37_01	37	01	1	391	1	1	1	Hit	420	1-14/AANTSTOV6.jpg	AANTSTOV6.jpg	SPACE	468	SPACE
1447962844069	0	lts_1119L_37_01	37	01	1	392	0	0	0	CR	MAX	ASHINPAD3.jpg	ASHINPAD3.jpg	NOKEY	MAX	NOKEY
1447962847144	0	lts_1119L_37_01	37	01	1	393	0	0	0	CR	MAX	baseball.JPG	baseball.JPG	NOKEY	MAX	NOKEY
1447962850220	0	lts_1119L_37_01	37	01	1	394	64	1	0	Miss	MAX	64-first/ringbox03.jpg	ringbox03.jpg	NOKEY	MAX	SPACE
1447962853296	0	lts_1119L_37_01	37	01	1	395	0	0	0	CR	MAX	Atoytractor17.jpg	Atoytractor17.jpg	NOKEY	MAX	NOKEY
1447962856372	0	lts_1119L_37_01	37	01	1	396	0	0	0	CR	MAX	Acompass18.jpg	Acompass18.jpg	NOKEY	MAX	NOKEY
1447962859448	0	lts_1119L_37_01	37	01	1	397	0	0	0	CR	MAX	APYRITE7.jpg	APYRITE7.jpg	NOKEY	MAX	NOKEY
1447962862524	0	lts_1119L_37_01	37	01	1	398	0	0	0	CR	MAX	AWOODPIN.jpg	AWOODPIN.jpg	NOKEY	MAX	NOKEY
1447962865600	0	lts_1119L_37_01	37	01	1	399	0	0	0	CR	MAX	ACAESALAD.jpg	ACAESALAD.jpg	NOKEY	MAX	NOKEY
1447962868676	0	lts_1119L_37_01	37	01	1	400	32	1	0	Miss	MAX	32-4/26418207.thl.jpg	26418207.thl.jpg	NOKEY	MAX	SPACE
1447962871752	0	lts_1119L_37_01	37	01	1	401	0	0	0	CR	MAX	Ainflatable10.jpg	Ainflatable10.jpg	NOKEY	MAX	NOKEY
1447962874845	0	lts_1119L_37_01	37	01	1	402	0	0	0	CR	MAX	Afeatherdust2.jpg	Afeatherdust2.jpg	NOKEY	MAX	NOKEY
1447962875714	0	lts_1119L_37_01	37	01	1	403	0	0	1	FA	390	AMALLET13.jpg	AMALLET13.jpg	SPACE	434	NOKEY
1447962876935	0	lts_1119L_37_01	37	01	1	404	0	0	1	FA	744	AWODSPOON.jpg	AWODSPOON.jpg	SPACE	786	NOKEY
1447962877955	0	lts_1119L_37_01	37	01	1	405	64	1	1	Hit	542	64-first/26424784.thl.jpg	26424784.thl.jpg	SPACE	585	SPACE
1447962881032	0	lts_1119L_37_01	37	01	1	406	0	0	0	CR	MAX	1/AANTLION2.jpg	AANTLION2.jpg	NOKEY	MAX	NOKEY
1447962881933	0	lts_1119L_37_01	37	01	1	407	1	1	1	Hit	421	1-10/AANTLION2.jpg	AANTLION2.jpg	SPACE	467	SPACE
1447962885010	0	lts_1119L_37_01	37	01	1	408	0	0	0	CR	MAX	ANUTCRA10.jpg	ANUTCRA10.jpg	NOKEY	MAX	NOKEY
1447962888086	0	lts_1119L_37_01	37	01	1	409	0	0	0	CR	MAX	22855536.thl.jpg	22855536.thl.jpg	NOKEY	MAX	NOKEY
1447962889006	0	lts_1119L_37_01	37	01	1	410	16	1	1	Hit	448	16-mul/ringbox03.jpg	ringbox03.jpg	SPACE	485	SPACE
1447962892081	0	lts_1119L_37_01	37	01	1	411	0	0	0	CR	MAX	8/ACOCKSPA4.jpg	ACOCKSPA4.jpg	NOKEY	MAX	NOKEY
1447962895157	0	lts_1119L_37_01	37	01	1	412	64	1	0	Miss	MAX	64-first/16247853.thl.jpg	16247853.thl.jpg	NOKEY	MAX	SPACE
1447962898233	0	lts_1119L_37_01	37	01	1	413	0	0	0	CR	MAX	16/Aabacus.jpg	Aabacus.jpg	NOKEY	MAX	NOKEY
1447962901309	0	lts_1119L_37_01	37	01	1	414	0	0	0	CR	MAX	Ahappdec4.jpg	Ahappdec4.jpg	NOKEY	MAX	NOKEY
1447962904385	0	lts_1119L_37_01	37	01	1	415	0	0	0	CR	MAX	Aowl8.jpg	Aowl8.jpg	NOKEY	MAX	NOKEY
1447962905489	0	lts_1119L_37_01	37	01	1	416	4	1	1	Hit	632	4-mul/16247853.thl.jpg	16247853.thl.jpg	SPACE	670	SPACE
1447962906809	0	lts_1119L_37_01	37	01	1	417	0	0	1	FA	836	ASERVICEB.jpg	ASERVICEB.jpg	SPACE	886	NOKEY
1447962909886	0	lts_1119L_37_01	37	01	1	418	0	0	0	CR	MAX	AANTOAST3.jpg	AANTOAST3.jpg	NOKEY	MAX	NOKEY
1447962910922	0	lts_1119L_37_01	37	01	1	419	8	1	1	Hit	561	8-1/ACOCKSPA4.jpg	ACOCKSPA4.jpg	SPACE	602	SPACE
1447962913998	0	lts_1119L_37_01	37	01	1	420	0	0	0	CR	MAX	4/ABIRDHOU9.jpg	ABIRDHOU9.jpg	NOKEY	MAX	NOKEY
1447962914934	0	lts_1119L_37_01	37	01	1	421	16	1	1	Hit	466	16-mul/26424784.thl.jpg	26424784.thl.jpg	SPACE	500	SPACE
1447962918011	0	lts_1119L_37_01	37	01	1	422	0	0	0	CR	MAX	dftslpi.jpg	dftslpi.jpg	NOKEY	MAX	NOKEY
1447962921086	0	lts_1119L_37_01	37	01	1	423	0	0	0	CR	MAX	22852032.thl.jpg	22852032.thl.jpg	NOKEY	MAX	NOKEY
1447962922090	0	lts_1119L_37_01	37	01	1	424	4	1	1	Hit	523	4-0/ABIRDHOU9.jpg	ABIRDHOU9.jpg	SPACE	568	SPACE
1447962925166	0	lts_1119L_37_01	37	01	1	425	0	0	0	CR	MAX	23041782.thl.jpg	23041782.thl.jpg	NOKEY	MAX	NOKEY
1447962928242	0	lts_1119L_37_01	37	01	1	426	0	0	0	CR	MAX	Ascroll7.jpg	Ascroll7.jpg	NOKEY	MAX	NOKEY
1447962931318	0	lts_1119L_37_01	37	01	1	427	0	0	0	CR	MAX	AFILM.jpg	AFILM.jpg	NOKEY	MAX	NOKEY
1447962934394	0	lts_1119L_37_01	37	01	1	428	0	0	0	CR	MAX	Arake3.jpg	Arake3.jpg	NOKEY	MAX	NOKEY
1447962935313	0	lts_1119L_37_01	37	01	1	429	16	1	1	Hit	437	16-first/Aabacus.jpg	Aabacus.jpg	SPACE	485	SPACE
1447962938389	0	lts_1119L_37_01	37	01	1	430	0	0	0	CR	MAX	Acomputerbag.jpg	Acomputerbag.jpg	NOKEY	MAX	NOKEY
1447962939326	0	lts_1119L_37_01	37	01	1	431	2	1	1	Hit	460	2-mul/Aabacus.jpg	Aabacus.jpg	SPACE	501	SPACE
1447962942402	0	lts_1119L_37_01	37	01	1	432	0	0	0	CR	MAX	marshmallows.jpg	marshmallows.jpg	NOKEY	MAX	NOKEY
1447962945478	0	lts_1119L_37_01	37	01	1	433	0	0	0	CR	MAX	AWOODPYRA.jpg	AWOODPYRA.jpg	NOKEY	MAX	NOKEY
1447962948570	0	lts_1119L_37_01	37	01	1	434	0	0	0	CR	MAX	2/Atool221.jpg	Atool221.jpg	NOKEY	MAX	NOKEY
1447962951646	0	lts_1119L_37_01	37	01	1	435	0	0	0	CR	MAX	4/A_coin.jpg	A_coin.jpg	NOKEY	MAX	NOKEY
1447962952616	0	lts_1119L_37_01	37	01	1	436	2	1	1	Hit	492	2-2/Atool221.jpg	Atool221.jpg	SPACE	535	SPACE
1447962955692	0	lts_1119L_37_01	37	01	1	437	0	0	0	CR	MAX	AMILPHONE.jpg	AMILPHONE.jpg	NOKEY	MAX	NOKEY
1447962958768	0	lts_1119L_37_01	37	01	1	438	0	0	0	CR	MAX	donaldduck.jpg	donaldduck.jpg	NOKEY	MAX	NOKEY
1447962959738	0	lts_1119L_37_01	37	01	1	439	4	1	1	Hit	485	4-10/A_coin.jpg	A_coin.jpg	SPACE	535	SPACE
1447962962814	0	lts_1119L_37_01	37	01	1	440	0	0	0	CR	MAX	Achipboard.jpg	Achipboard.jpg	NOKEY	MAX	NOKEY
1447962965890	0	lts_1119L_37_01	37	01	1	441	0	0	0	CR	MAX	ACHALCED2.jpg	ACHALCED2.jpg	NOKEY	MAX	NOKEY
1447962968966	0	lts_1119L_37_01	37	01	1	442	0	0	0	CR	MAX	2/12955.JPG	12955.JPG	NOKEY	MAX	NOKEY
1447962972043	0	lts_1119L_37_01	37	01	1	443	0	0	0	CR	MAX	mickeycap.jpg	mickeycap.jpg	NOKEY	MAX	NOKEY
1447962973747	0	lts_1119L_37_01	37	01	1	444	2	1	1	Hit	1220	2-3/12955.JPG	12955.JPG	SPACE	1269	SPACE
1447962976823	0	lts_1119L_37_01	37	01	1	445	0	0	0	CR	MAX	26420956.thl.jpg	26420956.thl.jpg	NOKEY	MAX	NOKEY
1447962979899	0	lts_1119L_37_01	37	01	1	446	0	0	0	CR	MAX	2/26432899.thl.jpg	26432899.thl.jpg	NOKEY	MAX	NOKEY
1447962982976	0	lts_1119L_37_01	37	01	1	447	0	0	0	CR	MAX	ASPACEHE8.jpg	ASPACEHE8.jpg	NOKEY	MAX	NOKEY
1447962983895	0	lts_1119L_37_01	37	01	1	448	2	1	1	Hit	441	2-11/26432899.thl.jpg	26432899.thl.jpg	SPACE	485	SPACE
1447962986988	0	lts_1119L_37_01	37	01	1	449	0	0	0	CR	MAX	AKITE5.jpg	AKITE5.jpg	NOKEY	MAX	NOKEY
1447963067131	0	E	Logging Ends
