1447781534295	0	B	Logging Begins
1447781682707	0	lts_1117L_30_01	30	01	0	0	0	0	0	CR	MAX	Alifebuo3.jpg	Alifebuo3.jpg	NOKEY	MAX	NOKEY
1447781685783	0	lts_1117L_30_01	30	01	0	1	0	0	0	CR	MAX	16/Afusehousing.jpg	Afusehousing.jpg	NOKEY	MAX	NOKEY
1447781688859	0	lts_1117L_30_01	30	01	0	2	0	0	0	CR	MAX	Abicycleshoe.jpg	Abicycleshoe.jpg	NOKEY	MAX	NOKEY
1447781691935	0	lts_1117L_30_01	30	01	0	3	0	0	0	CR	MAX	26465344.thl.jpg	26465344.thl.jpg	NOKEY	MAX	NOKEY
1447781695012	0	lts_1117L_30_01	30	01	0	4	0	0	0	CR	MAX	AFRYINGP2.jpg	AFRYINGP2.jpg	NOKEY	MAX	NOKEY
1447781698088	0	lts_1117L_30_01	30	01	0	5	0	0	0	CR	MAX	ATIMECLO3.jpg	ATIMECLO3.jpg	NOKEY	MAX	NOKEY
1447781701164	0	lts_1117L_30_01	30	01	0	6	0	0	0	CR	MAX	32/gumballmachine.jpg	gumballmachine.jpg	NOKEY	MAX	NOKEY
1447781704241	0	lts_1117L_30_01	30	01	0	7	0	0	0	CR	MAX	64/ACHOPSTI2.jpg	ACHOPSTI2.jpg	NOKEY	MAX	NOKEY
1447781707317	0	lts_1117L_30_01	30	01	0	8	0	0	0	CR	MAX	Adress6.jpg	Adress6.jpg	NOKEY	MAX	NOKEY
1447781710393	0	lts_1117L_30_01	30	01	0	9	0	0	0	CR	MAX	23077768.thl.jpg	23077768.thl.jpg	NOKEY	MAX	NOKEY
1447781712248	0	lts_1117L_30_01	30	01	0	10	0	0	1	FA	1379	32/22866972.thl.jpg	22866972.thl.jpg	SPACE	1420	NOKEY
1447781715324	0	lts_1117L_30_01	30	01	0	11	0	0	0	CR	MAX	8061236.thl.jpg	8061236.thl.jpg	NOKEY	MAX	NOKEY
1447781718401	0	lts_1117L_30_01	30	01	0	12	0	0	0	CR	MAX	ACUPEANE2.jpg	ACUPEANE2.jpg	NOKEY	MAX	NOKEY
1447781721477	0	lts_1117L_30_01	30	01	0	13	0	0	0	CR	MAX	16/Abuilding5.jpg	Abuilding5.jpg	NOKEY	MAX	NOKEY
1447781724569	0	lts_1117L_30_01	30	01	0	14	0	0	0	CR	MAX	10053712.thm.jpg	10053712.thm.jpg	NOKEY	MAX	NOKEY
1447781727644	0	lts_1117L_30_01	30	01	0	15	0	0	0	CR	MAX	Achildsplaype.jpg	Achildsplaype.jpg	NOKEY	MAX	NOKEY
1447781730720	0	lts_1117L_30_01	30	01	0	16	0	0	0	CR	MAX	Aoutdoorhalo2.jpg	Aoutdoorhalo2.jpg	NOKEY	MAX	NOKEY
1447781731924	0	lts_1117L_30_01	30	01	0	17	16	1	1	Hit	735	16-first/Afusehousing.jpg	Afusehousing.jpg	SPACE	770	SPACE
1447781735068	0	lts_1117L_30_01	30	01	0	18	0	0	0	CR	MAX	1/lightsaber.jpg	lightsaber.jpg	NOKEY	MAX	NOKEY
1447781736188	0	lts_1117L_30_01	30	01	0	19	1	1	1	Hit	649	1-13/lightsaber.jpg	lightsaber.jpg	SPACE	684	SPACE
1447781739264	0	lts_1117L_30_01	30	01	0	20	0	0	0	CR	MAX	tricycle.jpg	tricycle.jpg	NOKEY	MAX	NOKEY
1447781740684	0	lts_1117L_30_01	30	01	0	21	4	1	1	Hit	951	4-mul/Afusehousing.jpg	Afusehousing.jpg	SPACE	986	SPACE
1447781743760	0	lts_1117L_30_01	30	01	0	22	0	0	0	CR	MAX	23024623.thl.jpg	23024623.thl.jpg	NOKEY	MAX	NOKEY
1447781746836	0	lts_1117L_30_01	30	01	0	23	0	0	0	CR	MAX	8/ASTAMPS.jpg	ASTAMPS.jpg	NOKEY	MAX	NOKEY
1447781749912	0	lts_1117L_30_01	30	01	0	24	0	0	0	CR	MAX	1/AFILEFOL4.jpg	AFILEFOL4.jpg	NOKEY	MAX	NOKEY
1447781750949	0	lts_1117L_30_01	30	01	0	25	1	1	1	Hit	563	1-5/AFILEFOL4.jpg	AFILEFOL4.jpg	SPACE	603	SPACE
1447781754026	0	lts_1117L_30_01	30	01	0	26	0	0	0	CR	MAX	AMUSICSTA.jpg	AMUSICSTA.jpg	NOKEY	MAX	NOKEY
1447781757119	0	lts_1117L_30_01	30	01	0	27	0	0	0	CR	MAX	spoon-a.jpg	spoon-a.jpg	NOKEY	MAX	NOKEY
1447781760195	0	lts_1117L_30_01	30	01	0	28	0	0	0	CR	MAX	ACOOKCUTT.jpg	ACOOKCUTT.jpg	NOKEY	MAX	NOKEY
1447781761399	0	lts_1117L_30_01	30	01	0	29	16	1	1	Hit	733	16-first/Abuilding5.jpg	Abuilding5.jpg	SPACE	768	SPACE
1447781764475	0	lts_1117L_30_01	30	01	0	30	0	0	0	CR	MAX	Achick9.jpg	Achick9.jpg	NOKEY	MAX	NOKEY
1447781765711	0	lts_1117L_30_01	30	01	0	31	8	1	1	Hit	757	8-first/ASTAMPS.jpg	ASTAMPS.jpg	SPACE	803	SPACE
1447781768787	0	lts_1117L_30_01	30	01	0	32	0	0	0	CR	MAX	Aaircompress2.jpg	Aaircompress2.jpg	NOKEY	MAX	NOKEY
1447781771930	0	lts_1117L_30_01	30	01	0	33	0	0	0	CR	MAX	8031659.thl.jpg	8031659.thl.jpg	NOKEY	MAX	NOKEY
1447781775024	0	lts_1117L_30_01	30	01	0	34	0	0	0	CR	MAX	16/Atoymerrygoro.jpg	Atoymerrygoro.jpg	NOKEY	MAX	NOKEY
1447781776060	0	lts_1117L_30_01	30	01	0	35	4	1	1	Hit	554	4-mul/ASTAMPS.jpg	ASTAMPS.jpg	SPACE	601	SPACE
1447781779136	0	lts_1117L_30_01	30	01	0	36	0	0	0	CR	MAX	Acoral7.jpg	Acoral7.jpg	NOKEY	MAX	NOKEY
1447781782212	0	lts_1117L_30_01	30	01	0	37	0	0	0	CR	MAX	ASHOTCAS2.jpg	ASHOTCAS2.jpg	NOKEY	MAX	NOKEY
1447781783282	0	lts_1117L_30_01	30	01	0	38	32	1	1	Hit	594	32-6/gumballmachine.jpg	gumballmachine.jpg	SPACE	634	SPACE
1447781786358	0	lts_1117L_30_01	30	01	0	39	0	0	0	CR	MAX	batslbir.jpg	batslbir.jpg	NOKEY	MAX	NOKEY
1447781789434	0	lts_1117L_30_01	30	01	0	40	0	0	0	CR	MAX	948_01.jpg	948_01.jpg	NOKEY	MAX	NOKEY
1447781792510	0	lts_1117L_30_01	30	01	0	41	0	0	0	CR	MAX	AWHISTLE4.jpg	AWHISTLE4.jpg	NOKEY	MAX	NOKEY
1447781793696	0	lts_1117L_30_01	30	01	0	42	32	1	1	Hit	705	32-0/22866972.thl.jpg	22866972.thl.jpg	SPACE	752	SPACE
1447781796772	0	lts_1117L_30_01	30	01	0	43	0	0	0	CR	MAX	16/AGLASSBA4.jpg	AGLASSBA4.jpg	NOKEY	MAX	NOKEY
1447781799848	0	lts_1117L_30_01	30	01	0	44	0	0	0	CR	MAX	8059226.thl.jpg	8059226.thl.jpg	NOKEY	MAX	NOKEY
1447781800968	0	lts_1117L_30_01	30	01	0	45	16	1	1	Hit	638	16-mul/Abuilding5.jpg	Abuilding5.jpg	SPACE	686	SPACE
1447781804046	0	lts_1117L_30_01	30	01	0	46	0	0	0	CR	MAX	Atrap4.jpg	Atrap4.jpg	NOKEY	MAX	NOKEY
1447781807122	0	lts_1117L_30_01	30	01	0	47	0	0	0	CR	MAX	32/AHIBACHI.jpg	AHIBACHI.jpg	NOKEY	MAX	NOKEY
1447781810214	0	lts_1117L_30_01	30	01	0	48	0	0	0	CR	MAX	Agreenplastic.jpg	Agreenplastic.jpg	NOKEY	MAX	NOKEY
1447781813290	0	lts_1117L_30_01	30	01	0	49	0	0	0	CR	MAX	AARTIHAN5.jpg	AARTIHAN5.jpg	NOKEY	MAX	NOKEY
1447781814511	0	lts_1117L_30_01	30	01	0	50	16	1	1	Hit	740	16-first/Atoymerrygoro.jpg	Atoymerrygoro.jpg	SPACE	786	SPACE
1447781817586	0	lts_1117L_30_01	30	01	0	51	0	0	0	CR	MAX	ASTOOL.jpg	ASTOOL.jpg	NOKEY	MAX	NOKEY
1447781820662	0	lts_1117L_30_01	30	01	0	52	0	0	0	CR	MAX	1/AMODELSA4.jpg	AMODELSA4.jpg	NOKEY	MAX	NOKEY
1447781821682	0	lts_1117L_30_01	30	01	0	53	1	1	1	Hit	547	1-4/AMODELSA4.jpg	AMODELSA4.jpg	SPACE	587	SPACE
1447781824758	0	lts_1117L_30_01	30	01	0	54	0	0	0	CR	MAX	bikewithbasket.jpg	bikewithbasket.jpg	NOKEY	MAX	NOKEY
1447781827834	0	lts_1117L_30_01	30	01	0	55	0	0	0	CR	MAX	2/Awastepaperb3.jpg	Awastepaperb3.jpg	NOKEY	MAX	NOKEY
1447781830910	0	lts_1117L_30_01	30	01	0	56	0	0	0	CR	MAX	32/AMICROWA2.jpg	AMICROWA2.jpg	NOKEY	MAX	NOKEY
1447781831996	0	lts_1117L_30_01	30	01	0	57	2	1	1	Hit	602	2-3/Awastepaperb3.jpg	Awastepaperb3.jpg	SPACE	652	SPACE
1447781835074	0	lts_1117L_30_01	30	01	0	58	0	0	0	CR	MAX	26387641.thl.jpg	26387641.thl.jpg	NOKEY	MAX	NOKEY
1447781836311	0	lts_1117L_30_01	30	01	0	59	16	1	1	Hit	761	16-first/AGLASSBA4.jpg	AGLASSBA4.jpg	SPACE	801	SPACE
1447781839387	0	lts_1117L_30_01	30	01	0	60	0	0	0	CR	MAX	ATOOTHBR3.jpg	ATOOTHBR3.jpg	NOKEY	MAX	NOKEY
1447781842480	0	lts_1117L_30_01	30	01	0	61	0	0	0	CR	MAX	32/snowflake.jpg	snowflake.jpg	NOKEY	MAX	NOKEY
1447781845556	0	lts_1117L_30_01	30	01	0	62	0	0	0	CR	MAX	ALAB21.jpg	ALAB21.jpg	NOKEY	MAX	NOKEY
1447781846509	0	lts_1117L_30_01	30	01	0	63	4	1	1	Hit	483	4-mul/AGLASSBA4.jpg	AGLASSBA4.jpg	SPACE	518	SPACE
1447781849584	0	lts_1117L_30_01	30	01	0	64	0	0	0	CR	MAX	4/ARELSCU49.jpg	ARELSCU49.jpg	NOKEY	MAX	NOKEY
1447781852660	0	lts_1117L_30_01	30	01	0	65	0	0	0	CR	MAX	64/ACROQUET2.jpg	ACROQUET2.jpg	NOKEY	MAX	NOKEY
1447781853646	0	lts_1117L_30_01	30	01	0	66	16	1	1	Hit	507	16-mul/Atoymerrygoro.jpg	Atoymerrygoro.jpg	SPACE	553	SPACE
1447781856722	0	lts_1117L_30_01	30	01	0	67	0	0	0	CR	MAX	Awildberries.jpg	Awildberries.jpg	NOKEY	MAX	NOKEY
1447781857759	0	lts_1117L_30_01	30	01	0	68	4	1	1	Hit	562	4-6/ARELSCU49.jpg	ARELSCU49.jpg	SPACE	602	SPACE
1447781860835	0	lts_1117L_30_01	30	01	0	69	0	0	0	CR	MAX	Abowloffruit5.jpg	Abowloffruit5.jpg	NOKEY	MAX	NOKEY
1447781863944	0	lts_1117L_30_01	30	01	0	70	0	0	0	CR	MAX	Acase2.jpg	Acase2.jpg	NOKEY	MAX	NOKEY
1447781865049	0	lts_1117L_30_01	30	01	0	71	64	1	1	Hit	622	64-first/ACHOPSTI2.jpg	ACHOPSTI2.jpg	SPACE	668	SPACE
1447781868125	0	lts_1117L_30_01	30	01	0	72	0	0	0	CR	MAX	A3leafcl4.jpg	A3leafcl4.jpg	NOKEY	MAX	NOKEY
1447781869111	0	lts_1117L_30_01	30	01	0	73	2	1	1	Hit	503	2-mul/ACHOPSTI2.jpg	ACHOPSTI2.jpg	SPACE	551	SPACE
1447781872187	0	lts_1117L_30_01	30	01	0	74	0	0	0	CR	MAX	AWALKER11.jpg	AWALKER11.jpg	NOKEY	MAX	NOKEY
1447781875263	0	lts_1117L_30_01	30	01	0	75	0	0	0	CR	MAX	Ahalfchoc.jpg	Ahalfchoc.jpg	NOKEY	MAX	NOKEY
1447781878339	0	lts_1117L_30_01	30	01	0	76	0	0	0	CR	MAX	Asaxophone.jpg	Asaxophone.jpg	NOKEY	MAX	NOKEY
1447781881415	0	lts_1117L_30_01	30	01	0	77	0	0	0	CR	MAX	Acementfinish.jpg	Acementfinish.jpg	NOKEY	MAX	NOKEY
1447781884491	0	lts_1117L_30_01	30	01	0	78	0	0	0	CR	MAX	8055181.thl.jpg	8055181.thl.jpg	NOKEY	MAX	NOKEY
1447781886146	0	lts_1117L_30_01	30	01	0	79	32	1	1	Hit	1170	32-3/AHIBACHI.jpg	AHIBACHI.jpg	SPACE	1219	SPACE
1447781889222	0	lts_1117L_30_01	30	01	0	80	0	0	0	CR	MAX	ALAUNHAMP.jpg	ALAUNHAMP.jpg	NOKEY	MAX	NOKEY
1447781892298	0	lts_1117L_30_01	30	01	0	81	0	0	0	CR	MAX	Agardeningrak.jpg	Agardeningrak.jpg	NOKEY	MAX	NOKEY
1447781895374	0	lts_1117L_30_01	30	01	0	82	0	0	0	CR	MAX	64/AMEATGRI9.jpg	AMEATGRI9.jpg	NOKEY	MAX	NOKEY
1447781898451	0	lts_1117L_30_01	30	01	0	83	0	0	0	CR	MAX	2/26388148.thl.jpg	26388148.thl.jpg	NOKEY	MAX	NOKEY
1447781901527	0	lts_1117L_30_01	30	01	0	84	0	0	0	CR	MAX	Awindmill3.jpg	Awindmill3.jpg	NOKEY	MAX	NOKEY
1447781902846	0	lts_1117L_30_01	30	01	0	85	2	1	1	Hit	850	2-5/26388148.thl.jpg	26388148.thl.jpg	SPACE	886	SPACE
1447781905922	0	lts_1117L_30_01	30	01	0	86	0	0	0	CR	MAX	22827408.thl.jpg	22827408.thl.jpg	NOKEY	MAX	NOKEY
1447781909016	0	lts_1117L_30_01	30	01	0	87	0	0	0	CR	MAX	ACOLOGNE.jpg	ACOLOGNE.jpg	NOKEY	MAX	NOKEY
1447781910253	0	lts_1117L_30_01	30	01	0	88	32	1	1	Hit	754	32-4/AMICROWA2.jpg	AMICROWA2.jpg	SPACE	801	SPACE
1447781913329	0	lts_1117L_30_01	30	01	0	89	0	0	0	CR	MAX	8/Acleaningbru3.jpg	Acleaningbru3.jpg	NOKEY	MAX	NOKEY
1447781916405	0	lts_1117L_30_01	30	01	0	90	0	0	0	CR	MAX	26374089.thl.jpg	26374089.thl.jpg	NOKEY	MAX	NOKEY
1447781919481	0	lts_1117L_30_01	30	01	0	91	0	0	0	CR	MAX	32/bagelslicer.jpg	bagelslicer.jpg	NOKEY	MAX	NOKEY
1447781922558	0	lts_1117L_30_01	30	01	0	92	0	0	0	CR	MAX	8079436.thl.jpg	8079436.thl.jpg	NOKEY	MAX	NOKEY
1447781923693	0	lts_1117L_30_01	30	01	0	93	32	1	1	Hit	668	32-1/snowflake.jpg	snowflake.jpg	SPACE	702	SPACE
1447781926769	0	lts_1117L_30_01	30	01	0	94	0	0	0	CR	MAX	Acrib12.jpg	Acrib12.jpg	NOKEY	MAX	NOKEY
1447781929845	0	lts_1117L_30_01	30	01	0	95	0	0	0	CR	MAX	16/AWASHRACK.jpg	AWASHRACK.jpg	NOKEY	MAX	NOKEY
1447781932921	0	lts_1117L_30_01	30	01	0	96	0	0	0	CR	MAX	AATOMODEL.jpg	AATOMODEL.jpg	NOKEY	MAX	NOKEY
1447781934043	0	lts_1117L_30_01	30	01	0	97	8	1	1	Hit	635	8-0/Acleaningbru3.jpg	Acleaningbru3.jpg	SPACE	686	SPACE
1447781937119	0	lts_1117L_30_01	30	01	0	98	0	0	0	CR	MAX	ABIRDHOU9.jpg	ABIRDHOU9.jpg	NOKEY	MAX	NOKEY
1447781940195	0	lts_1117L_30_01	30	01	0	99	0	0	0	CR	MAX	Acastle22.jpg	Acastle22.jpg	NOKEY	MAX	NOKEY
1447781943304	0	lts_1117L_30_01	30	01	0	100	0	0	0	CR	MAX	Adiscoball2.jpg	Adiscoball2.jpg	NOKEY	MAX	NOKEY
1447781946380	0	lts_1117L_30_01	30	01	0	101	0	0	0	CR	MAX	1/8020414.thl.jpg	8020414.thl.jpg	NOKEY	MAX	NOKEY
1447781947367	0	lts_1117L_30_01	30	01	0	102	1	1	1	Hit	508	1-12/8020414.thl.jpg	8020414.thl.jpg	SPACE	550	SPACE
1447781950443	0	lts_1117L_30_01	30	01	0	103	0	0	0	CR	MAX	16/AWEDCOU19.jpg	AWEDCOU19.jpg	NOKEY	MAX	NOKEY
1447781953519	0	lts_1117L_30_01	30	01	0	104	0	0	0	CR	MAX	ACANE2.jpg	ACANE2.jpg	NOKEY	MAX	NOKEY
1447781954721	0	lts_1117L_30_01	30	01	0	105	0	0	1	FA	719	26440026.thl.jpg	26440026.thl.jpg	SPACE	769	NOKEY
1447781957797	0	lts_1117L_30_01	30	01	0	106	0	0	0	CR	MAX	Abutanco3.jpg	Abutanco3.jpg	NOKEY	MAX	NOKEY
1447781960874	0	lts_1117L_30_01	30	01	0	107	0	0	0	CR	MAX	22903568.thl.jpg	22903568.thl.jpg	NOKEY	MAX	NOKEY
1447781963950	0	lts_1117L_30_01	30	01	0	108	0	0	0	CR	MAX	Abasket108.jpg	Abasket108.jpg	NOKEY	MAX	NOKEY
1447781967043	0	lts_1117L_30_01	30	01	0	109	0	0	0	CR	MAX	64/ABORKEHOR.jpg	ABORKEHOR.jpg	NOKEY	MAX	NOKEY
1447781970120	0	lts_1117L_30_01	30	01	0	110	0	0	0	CR	MAX	ACOCKSPA4.jpg	ACOCKSPA4.jpg	NOKEY	MAX	NOKEY
1447781971323	0	lts_1117L_30_01	30	01	0	111	16	1	1	Hit	726	16-first/AWASHRACK.jpg	AWASHRACK.jpg	SPACE	768	SPACE
1447781974399	0	lts_1117L_30_01	30	01	0	112	0	0	0	CR	MAX	bowlingpin.jpg	bowlingpin.jpg	NOKEY	MAX	NOKEY
1447781975486	0	lts_1117L_30_01	30	01	0	113	2	1	1	Hit	602	2-mul/AWASHRACK.jpg	AWASHRACK.jpg	SPACE	652	SPACE
1447781978562	0	lts_1117L_30_01	30	01	0	114	0	0	0	CR	MAX	2/cigarette03.jpg	cigarette03.jpg	NOKEY	MAX	NOKEY
1447781981637	0	lts_1117L_30_01	30	01	0	115	0	0	0	CR	MAX	128/cough_medicine.jpg	cough_medicine.jpg	NOKEY	MAX	NOKEY
1447781982757	0	lts_1117L_30_01	30	01	0	116	2	1	1	Hit	649	2-9/cigarette03.jpg	cigarette03.jpg	SPACE	686	SPACE
1447781985850	0	lts_1117L_30_01	30	01	0	117	0	0	0	CR	MAX	AMEDEQUI9.jpg	AMEDEQUI9.jpg	NOKEY	MAX	NOKEY
1447781988926	0	lts_1117L_30_01	30	01	0	118	0	0	0	CR	MAX	Abonnet12.jpg	Abonnet12.jpg	NOKEY	MAX	NOKEY
1447781990030	0	lts_1117L_30_01	30	01	0	119	16	1	1	Hit	631	16-first/AWEDCOU19.jpg	AWEDCOU19.jpg	SPACE	669	SPACE
1447781993106	0	lts_1117L_30_01	30	01	0	120	0	0	0	CR	MAX	Aornamentalt5.jpg	Aornamentalt5.jpg	NOKEY	MAX	NOKEY
1447781994126	0	lts_1117L_30_01	30	01	0	121	2	1	1	Hit	538	2-mul/AWEDCOU19.jpg	AWEDCOU19.jpg	SPACE	584	SPACE
1447781997202	0	lts_1117L_30_01	30	01	0	122	0	0	0	CR	MAX	Atoydrill4.jpg	Atoydrill4.jpg	NOKEY	MAX	NOKEY
1447781998439	0	lts_1117L_30_01	30	01	0	123	32	1	1	Hit	759	32-5/bagelslicer.jpg	bagelslicer.jpg	SPACE	802	SPACE
1447782001515	0	lts_1117L_30_01	30	01	0	124	0	0	0	CR	MAX	23014831.thl.jpg	23014831.thl.jpg	NOKEY	MAX	NOKEY
1447782004590	0	lts_1117L_30_01	30	01	0	125	0	0	0	CR	MAX	Ametalstool2.jpg	Ametalstool2.jpg	NOKEY	MAX	NOKEY
1447782007667	0	lts_1117L_30_01	30	01	0	126	0	0	0	CR	MAX	Aclothespin4.jpg	Aclothespin4.jpg	NOKEY	MAX	NOKEY
1447782010743	0	lts_1117L_30_01	30	01	0	127	0	0	0	CR	MAX	4/AMANJUI2.jpg	AMANJUI2.jpg	NOKEY	MAX	NOKEY
1447782013819	0	lts_1117L_30_01	30	01	0	128	0	0	0	CR	MAX	128/Aeasteregg14.jpg	Aeasteregg14.jpg	NOKEY	MAX	NOKEY
1447782014972	0	lts_1117L_30_01	30	01	0	129	64	1	1	Hit	682	64-first/ACROQUET2.jpg	ACROQUET2.jpg	SPACE	720	SPACE
1447782018049	0	lts_1117L_30_01	30	01	0	130	0	0	0	CR	MAX	8/ABOOTCRA5.jpg	ABOOTCRA5.jpg	NOKEY	MAX	NOKEY
1447782019270	0	lts_1117L_30_01	30	01	0	131	4	1	1	Hit	737	4-0/AMANJUI2.jpg	AMANJUI2.jpg	SPACE	785	SPACE
1447782022346	0	lts_1117L_30_01	30	01	0	132	0	0	0	CR	MAX	Aham6.jpg	Aham6.jpg	NOKEY	MAX	NOKEY
1447782023382	0	lts_1117L_30_01	30	01	0	133	4	1	1	Hit	559	4-mul/ACROQUET2.jpg	ACROQUET2.jpg	SPACE	601	SPACE
1447782026475	0	lts_1117L_30_01	30	01	0	134	0	0	0	CR	MAX	16/handcomputerN.JPG	handcomputerN.JPG	NOKEY	MAX	NOKEY
1447782029551	0	lts_1117L_30_01	30	01	0	135	0	0	0	CR	MAX	32/AHONEY.jpg	AHONEY.jpg	NOKEY	MAX	NOKEY
1447782032626	0	lts_1117L_30_01	30	01	0	136	0	0	0	CR	MAX	Arecordplaye2.jpg	Arecordplaye2.jpg	NOKEY	MAX	NOKEY
1447782035702	0	lts_1117L_30_01	30	01	0	137	0	0	0	CR	MAX	AAIRPUMP2.jpg	AAIRPUMP2.jpg	NOKEY	MAX	NOKEY
1447782036906	0	lts_1117L_30_01	30	01	0	138	8	1	1	Hit	725	8-first/ABOOTCRA5.jpg	ABOOTCRA5.jpg	SPACE	770	SPACE
1447782039982	0	lts_1117L_30_01	30	01	0	139	0	0	0	CR	MAX	4/22911908.thl.jpg	22911908.thl.jpg	NOKEY	MAX	NOKEY
1447782043059	0	lts_1117L_30_01	30	01	0	140	0	0	0	CR	MAX	1/26772997.thl.jpg	26772997.thl.jpg	NOKEY	MAX	NOKEY
1447782044046	0	lts_1117L_30_01	30	01	0	141	1	1	1	Hit	513	1-1/26772997.thl.jpg	26772997.thl.jpg	SPACE	550	SPACE
1447782047138	0	lts_1117L_30_01	30	01	0	142	0	0	0	CR	MAX	AJEEPBOA2.jpg	AJEEPBOA2.jpg	NOKEY	MAX	NOKEY
1447782048241	0	lts_1117L_30_01	30	01	0	143	4	1	1	Hit	620	4-8/22911908.thl.jpg	22911908.thl.jpg	SPACE	667	SPACE
1447782051318	0	lts_1117L_30_01	30	01	0	144	0	0	0	CR	MAX	licorice.jpg	licorice.jpg	NOKEY	MAX	NOKEY
1447782054394	0	lts_1117L_30_01	30	01	0	145	0	0	0	CR	MAX	drumsticks01.jpg	drumsticks01.jpg	NOKEY	MAX	NOKEY
1447782055613	0	lts_1117L_30_01	30	01	0	146	64	1	1	Hit	741	64-first/AMEATGRI9.jpg	AMEATGRI9.jpg	SPACE	786	SPACE
1447782058689	0	lts_1117L_30_01	30	01	0	147	0	0	0	CR	MAX	8245818.thl.jpg	8245818.thl.jpg	NOKEY	MAX	NOKEY
1447782061765	0	lts_1117L_30_01	30	01	0	148	0	0	0	CR	MAX	AHAMPER.jpg	AHAMPER.jpg	NOKEY	MAX	NOKEY
1447782064841	0	lts_1117L_30_01	30	01	0	149	0	0	0	CR	MAX	ABAT.jpg	ABAT.jpg	NOKEY	MAX	NOKEY
1447782065961	0	lts_1117L_30_01	30	01	0	150	16	1	1	Hit	642	16-first/handcomputerN.JPG	handcomputerN.JPG	SPACE	686	SPACE
1447782069038	0	lts_1117L_30_01	30	01	0	151	0	0	0	CR	MAX	gymvaulting.jpg	gymvaulting.jpg	NOKEY	MAX	NOKEY
1447782070075	0	lts_1117L_30_01	30	01	0	152	2	1	1	Hit	550	2-mul/handcomputerN.JPG	handcomputerN.JPG	SPACE	601	SPACE
1447782073151	0	lts_1117L_30_01	30	01	0	153	0	0	0	CR	MAX	26455183.thl.jpg	26455183.thl.jpg	NOKEY	MAX	NOKEY
1447782074137	0	lts_1117L_30_01	30	01	0	154	16	1	1	Hit	509	16-mul/ABOOTCRA5.jpg	ABOOTCRA5.jpg	SPACE	551	SPACE
1447782077213	0	lts_1117L_30_01	30	01	0	155	0	0	0	CR	MAX	basketball.JPG	basketball.JPG	NOKEY	MAX	NOKEY
1447782080306	0	lts_1117L_30_01	30	01	0	156	0	0	0	CR	MAX	4/ASKYDIVE.jpg	ASKYDIVE.jpg	NOKEY	MAX	NOKEY
1447782083382	0	lts_1117L_30_01	30	01	0	157	0	0	0	CR	MAX	8026164.thl.jpg	8026164.thl.jpg	NOKEY	MAX	NOKEY
1447782086458	0	lts_1117L_30_01	30	01	0	158	0	0	0	CR	MAX	Aindustrialve.jpg	Aindustrialve.jpg	NOKEY	MAX	NOKEY
1447782089534	0	lts_1117L_30_01	30	01	0	159	0	0	0	CR	MAX	128/ATINSTRAP.jpg	ATINSTRAP.jpg	NOKEY	MAX	NOKEY
1447782090571	0	lts_1117L_30_01	30	01	0	160	4	1	1	Hit	566	4-1/ASKYDIVE.jpg	ASKYDIVE.jpg	SPACE	602	SPACE
1447782093663	0	lts_1117L_30_01	30	01	0	161	0	0	0	CR	MAX	ACHALCED2.jpg	ACHALCED2.jpg	NOKEY	MAX	NOKEY
1447782094666	0	lts_1117L_30_01	30	01	0	162	16	1	1	Hit	534	16-mul/AMEATGRI9.jpg	AMEATGRI9.jpg	SPACE	570	SPACE
1447782097742	0	lts_1117L_30_01	30	01	0	163	0	0	0	CR	MAX	Acarrot.jpg	Acarrot.jpg	NOKEY	MAX	NOKEY
1447782100818	0	lts_1117L_30_01	30	01	0	164	0	0	0	CR	MAX	32/ADENSYRIN.jpg	ADENSYRIN.jpg	NOKEY	MAX	NOKEY
1447782103894	0	lts_1117L_30_01	30	01	0	165	0	0	0	CR	MAX	64/AWILDPIG.jpg	AWILDPIG.jpg	NOKEY	MAX	NOKEY
1447782106987	0	lts_1117L_30_01	30	01	0	166	0	0	0	CR	MAX	Aheartmonito4.jpg	Aheartmonito4.jpg	NOKEY	MAX	NOKEY
1447782108124	0	lts_1117L_30_01	30	01	0	167	32	1	1	Hit	662	32-7/AHONEY.jpg	AHONEY.jpg	SPACE	701	SPACE
1447782111201	0	lts_1117L_30_01	30	01	0	168	0	0	0	CR	MAX	AMASCARA.jpg	AMASCARA.jpg	NOKEY	MAX	NOKEY
1447782114277	0	lts_1117L_30_01	30	01	0	169	0	0	0	CR	MAX	16/ACAESALAD.jpg	ACAESALAD.jpg	NOKEY	MAX	NOKEY
1447782117353	0	lts_1117L_30_01	30	01	0	170	0	0	0	CR	MAX	1/Awinecase.jpg	Awinecase.jpg	NOKEY	MAX	NOKEY
1447782118356	0	lts_1117L_30_01	30	01	0	171	1	1	1	Hit	517	1-3/Awinecase.jpg	Awinecase.jpg	SPACE	568	SPACE
1447782121432	0	lts_1117L_30_01	30	01	0	172	0	0	0	CR	MAX	elecmap.jpg	elecmap.jpg	NOKEY	MAX	NOKEY
1447782122685	0	lts_1117L_30_01	30	01	0	173	64	1	1	Hit	755	64-first/ABORKEHOR.jpg	ABORKEHOR.jpg	SPACE	803	SPACE
1447782125761	0	lts_1117L_30_01	30	01	0	174	0	0	0	CR	MAX	ANUTS2.jpg	ANUTS2.jpg	NOKEY	MAX	NOKEY
1447782128837	0	lts_1117L_30_01	30	01	0	175	0	0	0	CR	MAX	4/26427910.thl.jpg	26427910.thl.jpg	NOKEY	MAX	NOKEY
1447782131913	0	lts_1117L_30_01	30	01	0	176	0	0	0	CR	MAX	Abowlofpasta.jpg	Abowlofpasta.jpg	NOKEY	MAX	NOKEY
1447782134989	0	lts_1117L_30_01	30	01	0	177	0	0	0	CR	MAX	AHOSPBED.jpg	AHOSPBED.jpg	NOKEY	MAX	NOKEY
1447782138066	0	lts_1117L_30_01	30	01	0	178	0	0	0	CR	MAX	ABROWCONT.jpg	ABROWCONT.jpg	NOKEY	MAX	NOKEY
1447782139370	0	lts_1117L_30_01	30	01	0	179	4	1	1	Hit	820	4-10/26427910.thl.jpg	26427910.thl.jpg	SPACE	869	SPACE
1447782142446	0	lts_1117L_30_01	30	01	0	180	0	0	0	CR	MAX	Alighthouse6.jpg	Alighthouse6.jpg	NOKEY	MAX	NOKEY
1447782145539	0	lts_1117L_30_01	30	01	0	181	0	0	0	CR	MAX	AMIXER.jpg	AMIXER.jpg	NOKEY	MAX	NOKEY
1447782148614	0	lts_1117L_30_01	30	01	0	182	0	0	0	CR	MAX	ABULLDOG5.jpg	ABULLDOG5.jpg	NOKEY	MAX	NOKEY
1447782150203	0	lts_1117L_30_01	30	01	0	183	0	0	1	FA	1110	4/makeuppowder.jpg	makeuppowder.jpg	SPACE	1154	NOKEY
1447782153279	0	lts_1117L_30_01	30	01	0	184	0	0	0	CR	MAX	ATOYTREE.jpg	ATOYTREE.jpg	NOKEY	MAX	NOKEY
1447782154500	0	lts_1117L_30_01	30	01	0	185	16	1	1	Hit	735	16-0/ACAESALAD.jpg	ACAESALAD.jpg	SPACE	785	SPACE
1447782157575	0	lts_1117L_30_01	30	01	0	186	0	0	0	CR	MAX	AHOSPCRI3.jpg	AHOSPCRI3.jpg	NOKEY	MAX	NOKEY
1447782158929	0	lts_1117L_30_01	30	01	0	187	4	1	1	Hit	856	4-11/makeuppowder.jpg	makeuppowder.jpg	SPACE	904	SPACE
1447782162006	0	lts_1117L_30_01	30	01	0	188	0	0	0	CR	MAX	AADDBOOK.jpg	AADDBOOK.jpg	NOKEY	MAX	NOKEY
1447782163026	0	lts_1117L_30_01	30	01	0	189	16	1	1	Hit	545	16-mul/ABORKEHOR.jpg	ABORKEHOR.jpg	SPACE	584	SPACE
1447782166102	0	lts_1117L_30_01	30	01	0	190	0	0	0	CR	MAX	4555.jpg	4555.jpg	NOKEY	MAX	NOKEY
1447782169178	0	lts_1117L_30_01	30	01	0	191	0	0	0	CR	MAX	Abrooch100.jpg	Abrooch100.jpg	NOKEY	MAX	NOKEY
1447782172271	0	lts_1117L_30_01	30	01	0	192	0	0	0	CR	MAX	128/AFIGHTP16.jpg	AFIGHTP16.jpg	NOKEY	MAX	NOKEY
1447782175347	0	lts_1117L_30_01	30	01	0	193	0	0	0	CR	MAX	8/26394018.thl.jpg	26394018.thl.jpg	NOKEY	MAX	NOKEY
1447782178423	0	lts_1117L_30_01	30	01	0	194	0	0	0	CR	MAX	Aashtray67.jpg	Aashtray67.jpg	NOKEY	MAX	NOKEY
1447782181515	0	lts_1117L_30_01	30	01	0	195	0	0	0	CR	MAX	battery.jpg	battery.jpg	NOKEY	MAX	NOKEY
1447782182818	0	lts_1117L_30_01	30	01	0	196	32	1	1	Hit	834	32-9/ADENSYRIN.jpg	ADENSYRIN.jpg	SPACE	869	SPACE
1447782185894	0	lts_1117L_30_01	30	01	0	197	0	0	0	CR	MAX	AWEIGHT11.jpg	AWEIGHT11.jpg	NOKEY	MAX	NOKEY
1447782188970	0	lts_1117L_30_01	30	01	0	198	0	0	0	CR	MAX	1/26370651.thm.jpg	26370651.thm.jpg	NOKEY	MAX	NOKEY
1447782190075	0	lts_1117L_30_01	30	01	0	199	1	1	1	Hit	623	1-9/26370651.thm.jpg	26370651.thm.jpg	SPACE	669	SPACE
1447782193151	0	lts_1117L_30_01	30	01	0	200	0	0	0	CR	MAX	AOVEN.jpg	AOVEN.jpg	NOKEY	MAX	NOKEY
1447782194638	0	lts_1117L_30_01	30	01	0	201	8	1	1	Hit	1012	8-first/26394018.thl.jpg	26394018.thl.jpg	SPACE	1054	SPACE
1447782197731	0	lts_1117L_30_01	30	01	0	202	0	0	0	CR	MAX	Chevypickup.jpg	Chevypickup.jpg	NOKEY	MAX	NOKEY
1447782198734	0	lts_1117L_30_01	30	01	0	203	2	1	1	Hit	526	2-mul/26394018.thl.jpg	26394018.thl.jpg	SPACE	569	SPACE
1447782201810	0	lts_1117L_30_01	30	01	0	204	0	0	0	CR	MAX	64/ACASKET5.jpg	ACASKET5.jpg	NOKEY	MAX	NOKEY
1447782204886	0	lts_1117L_30_01	30	01	0	205	0	0	0	CR	MAX	Apeanut3.jpg	Apeanut3.jpg	NOKEY	MAX	NOKEY
1447782207962	0	lts_1117L_30_01	30	01	0	206	0	0	0	CR	MAX	4/Abox80.jpg	Abox80.jpg	NOKEY	MAX	NOKEY
1447782211039	0	lts_1117L_30_01	30	01	0	207	0	0	0	CR	MAX	22855536.thl.jpg	22855536.thl.jpg	NOKEY	MAX	NOKEY
1447782214115	0	lts_1117L_30_01	30	01	0	208	0	0	0	CR	MAX	APANTRAC2.jpg	APANTRAC2.jpg	NOKEY	MAX	NOKEY
1447782217191	0	lts_1117L_30_01	30	01	0	209	0	0	0	CR	MAX	ABAROMET2.jpg	ABAROMET2.jpg	NOKEY	MAX	NOKEY
1447782218628	0	lts_1117L_30_01	30	01	0	210	4	1	1	Hit	967	4-2/Abox80.jpg	Abox80.jpg	SPACE	1003	SPACE
1447782221721	0	lts_1117L_30_01	30	01	0	211	0	0	0	CR	MAX	128/launmower.jpg	launmower.jpg	NOKEY	MAX	NOKEY
1447782224797	0	lts_1117L_30_01	30	01	0	212	0	0	0	CR	MAX	Atotemp10.jpg	Atotemp10.jpg	NOKEY	MAX	NOKEY
1447782227873	0	lts_1117L_30_01	30	01	0	213	0	0	0	CR	MAX	ASERVICEB.jpg	ASERVICEB.jpg	NOKEY	MAX	NOKEY
1447782230949	0	lts_1117L_30_01	30	01	0	214	0	0	0	CR	MAX	Apotboilinge2.jpg	Apotboilinge2.jpg	NOKEY	MAX	NOKEY
1447782234026	0	lts_1117L_30_01	30	01	0	215	0	0	0	CR	MAX	2/ATREEHOUS.jpg	ATREEHOUS.jpg	NOKEY	MAX	NOKEY
1447782237102	0	lts_1117L_30_01	30	01	0	216	0	0	0	CR	MAX	128/26684827.thl.jpg	26684827.thl.jpg	NOKEY	MAX	NOKEY
1447782238189	0	lts_1117L_30_01	30	01	0	217	2	1	1	Hit	607	2-12/ATREEHOUS.jpg	ATREEHOUS.jpg	SPACE	651	SPACE
1447782241281	0	lts_1117L_30_01	30	01	0	218	0	0	0	CR	MAX	26428753.thl.jpg	26428753.thl.jpg	NOKEY	MAX	NOKEY
1447782244357	0	lts_1117L_30_01	30	01	0	219	0	0	0	CR	MAX	1/096CM301000.jpg	096CM301000.jpg	NOKEY	MAX	NOKEY
1447782245294	0	lts_1117L_30_01	30	01	0	220	1	1	1	Hit	462	1-11/096CM301000.jpg	096CM301000.jpg	SPACE	500	SPACE
1447782248370	0	lts_1117L_30_01	30	01	0	221	0	0	0	CR	MAX	2/AAFRICI13.jpg	AAFRICI13.jpg	NOKEY	MAX	NOKEY
1447782251446	0	lts_1117L_30_01	30	01	0	222	0	0	0	CR	MAX	hurdle.jpg	hurdle.jpg	NOKEY	MAX	NOKEY
1447782252715	0	lts_1117L_30_01	30	01	0	223	2	1	1	Hit	791	2-10/AAFRICI13.jpg	AAFRICI13.jpg	SPACE	836	SPACE
1447782255791	0	lts_1117L_30_01	30	01	0	224	0	0	0	CR	MAX	30835757.thl.jpg	30835757.thl.jpg	NOKEY	MAX	NOKEY
1447782258884	0	lts_1117L_30_01	30	01	0	225	0	0	0	CR	MAX	Azebratoy2.jpg	Azebratoy2.jpg	NOKEY	MAX	NOKEY
1447782261960	0	lts_1117L_30_01	30	01	0	226	0	0	0	CR	MAX	64/Afrenchtoast5.jpg	Afrenchtoast5.jpg	NOKEY	MAX	NOKEY
1447782265037	0	lts_1117L_30_01	30	01	0	227	0	0	0	CR	MAX	ASHAKER2.jpg	ASHAKER2.jpg	NOKEY	MAX	NOKEY
1447782268113	0	lts_1117L_30_01	30	01	0	228	0	0	0	CR	MAX	22824636.thl.jpg	22824636.thl.jpg	NOKEY	MAX	NOKEY
1447782269267	0	lts_1117L_30_01	30	01	0	229	64	1	1	Hit	675	64-first/AWILDPIG.jpg	AWILDPIG.jpg	SPACE	718	SPACE
1447782272343	0	lts_1117L_30_01	30	01	0	230	0	0	0	CR	MAX	4/Agarlicclove2.jpg	Agarlicclove2.jpg	NOKEY	MAX	NOKEY
1447782273346	0	lts_1117L_30_01	30	01	0	231	2	1	1	Hit	518	2-mul/AWILDPIG.jpg	AWILDPIG.jpg	SPACE	568	SPACE
1447782276422	0	lts_1117L_30_01	30	01	0	232	0	0	0	CR	MAX	Acrackersandc.jpg	Acrackersandc.jpg	NOKEY	MAX	NOKEY
1447782279498	0	lts_1117L_30_01	30	01	0	233	0	0	0	CR	MAX	E_tank.jpg	E_tank.jpg	NOKEY	MAX	NOKEY
1447782280651	0	lts_1117L_30_01	30	01	0	234	4	1	1	Hit	684	4-5/Agarlicclove2.jpg	Agarlicclove2.jpg	SPACE	718	SPACE
1447782283727	0	lts_1117L_30_01	30	01	0	235	0	0	0	CR	MAX	2/AHOSPWAS2.jpg	AHOSPWAS2.jpg	NOKEY	MAX	NOKEY
1447782286819	0	lts_1117L_30_01	30	01	0	236	0	0	0	CR	MAX	Atoybucketan4.jpg	Atoybucketan4.jpg	NOKEY	MAX	NOKEY
1447782288058	0	lts_1117L_30_01	30	01	0	237	2	1	1	Hit	766	2-8/AHOSPWAS2.jpg	AHOSPWAS2.jpg	SPACE	802	SPACE
1447782291134	0	lts_1117L_30_01	30	01	0	238	0	0	0	CR	MAX	2/underwear.jpg	underwear.jpg	NOKEY	MAX	NOKEY
1447782294210	0	lts_1117L_30_01	30	01	0	239	0	0	0	CR	MAX	Afoodgrinder2.jpg	Afoodgrinder2.jpg	NOKEY	MAX	NOKEY
1447782295246	0	lts_1117L_30_01	30	01	0	240	2	1	1	Hit	555	2-2/underwear.jpg	underwear.jpg	SPACE	601	SPACE
1447782298322	0	lts_1117L_30_01	30	01	0	241	0	0	0	CR	MAX	4/APOTGOLD2.jpg	APOTGOLD2.jpg	NOKEY	MAX	NOKEY
1447782301398	0	lts_1117L_30_01	30	01	0	242	0	0	0	CR	MAX	ASEWING.jpg	ASEWING.jpg	NOKEY	MAX	NOKEY
1447782302751	0	lts_1117L_30_01	30	01	0	243	128	1	1	Hit	874	128-2/cough_medicine.jpg	cough_medicine.jpg	SPACE	919	SPACE
1447782304040	0	lts_1117L_30_01	30	01	0	244	0	0	1	FA	813	ATICKETBO.jpg	ATICKETBO.jpg	SPACE	853	NOKEY
1447782307116	0	lts_1117L_30_01	30	01	0	245	4	1	0	Miss	MAX	4-4/APOTGOLD2.jpg	APOTGOLD2.jpg	NOKEY	MAX	SPACE
1447782310209	0	lts_1117L_30_01	30	01	0	246	0	0	0	CR	MAX	monkeypuppet.jpg	monkeypuppet.jpg	NOKEY	MAX	NOKEY
1447782313285	0	lts_1117L_30_01	30	01	0	247	0	0	0	CR	MAX	grips.jpg	grips.jpg	NOKEY	MAX	NOKEY
1447782316361	0	lts_1117L_30_01	30	01	0	248	0	0	0	CR	MAX	Astaircase.jpg	Astaircase.jpg	NOKEY	MAX	NOKEY
1447782319437	0	lts_1117L_30_01	30	01	0	249	0	0	0	CR	MAX	AAEROBENC.jpg	AAEROBENC.jpg	NOKEY	MAX	NOKEY
1447782322513	0	lts_1117L_30_01	30	01	0	250	0	0	0	CR	MAX	32/22827540.thl.jpg	22827540.thl.jpg	NOKEY	MAX	NOKEY
1447782325588	0	lts_1117L_30_01	30	01	0	251	0	0	0	CR	MAX	Abottleopener.jpg	Abottleopener.jpg	NOKEY	MAX	NOKEY
1447782328681	0	lts_1117L_30_01	30	01	0	252	0	0	0	CR	MAX	2/Apartyha3.jpg	Apartyha3.jpg	NOKEY	MAX	NOKEY
1447782331757	0	lts_1117L_30_01	30	01	0	253	0	0	0	CR	MAX	AROCKCH27.jpg	AROCKCH27.jpg	NOKEY	MAX	NOKEY
1447782332860	0	lts_1117L_30_01	30	01	0	254	2	1	1	Hit	631	2-6/Apartyha3.jpg	Apartyha3.jpg	SPACE	670	SPACE
1447782335936	0	lts_1117L_30_01	30	01	0	255	0	0	0	CR	MAX	ALOAFBR4.jpg	ALOAFBR4.jpg	NOKEY	MAX	NOKEY
1447782337091	0	lts_1117L_30_01	30	01	0	256	128	1	1	Hit	673	128-6/Aeasteregg14.jpg	Aeasteregg14.jpg	SPACE	719	SPACE
1447782340167	0	lts_1117L_30_01	30	01	0	257	0	0	0	CR	MAX	26379647.thl.jpg	26379647.thl.jpg	NOKEY	MAX	NOKEY
1447782343293	0	lts_1117L_30_01	30	01	0	258	0	0	0	CR	MAX	dftslturapr.jpg	dftslturapr.jpg	NOKEY	MAX	NOKEY
1447782346369	0	lts_1117L_30_01	30	01	0	259	0	0	0	CR	MAX	64/26433942.thl.jpg	26433942.thl.jpg	NOKEY	MAX	NOKEY
1447782349445	0	lts_1117L_30_01	30	01	0	260	0	0	0	CR	MAX	Apencilsharp5.jpg	Apencilsharp5.jpg	NOKEY	MAX	NOKEY
1447782352521	0	lts_1117L_30_01	30	01	0	261	0	0	0	CR	MAX	AGARBIN.jpg	AGARBIN.jpg	NOKEY	MAX	NOKEY
1447782355596	0	lts_1117L_30_01	30	01	0	262	0	0	0	CR	MAX	Agroupofmole7.jpg	Agroupofmole7.jpg	NOKEY	MAX	NOKEY
1447782358672	0	lts_1117L_30_01	30	01	0	263	0	0	0	CR	MAX	2/ARASPBER2.jpg	ARASPBER2.jpg	NOKEY	MAX	NOKEY
1447782361748	0	lts_1117L_30_01	30	01	0	264	0	0	0	CR	MAX	Adice10.jpg	Adice10.jpg	NOKEY	MAX	NOKEY
1447782362818	0	lts_1117L_30_01	30	01	0	265	2	1	1	Hit	597	2-7/ARASPBER2.jpg	ARASPBER2.jpg	SPACE	636	SPACE
1447782365894	0	lts_1117L_30_01	30	01	0	266	0	0	0	CR	MAX	128/Awoodplaner2.jpg	Awoodplaner2.jpg	NOKEY	MAX	NOKEY
1447782368970	0	lts_1117L_30_01	30	01	0	267	0	0	0	CR	MAX	8/FJVWL.jpg	FJVWL.jpg	NOKEY	MAX	NOKEY
1447782370275	0	lts_1117L_30_01	30	01	0	268	64	1	1	Hit	832	64-first/ACASKET5.jpg	ACASKET5.jpg	SPACE	869	SPACE
1447782373352	0	lts_1117L_30_01	30	01	0	269	0	0	0	CR	MAX	1/Apaperclip6.jpg	Apaperclip6.jpg	NOKEY	MAX	NOKEY
1447782374271	0	lts_1117L_30_01	30	01	0	270	1	1	1	Hit	436	1-14/Apaperclip6.jpg	Apaperclip6.jpg	SPACE	484	SPACE
1447782377347	0	lts_1117L_30_01	30	01	0	271	0	0	0	CR	MAX	peanutbutter.jpg	peanutbutter.jpg	NOKEY	MAX	NOKEY
1447782378367	0	lts_1117L_30_01	30	01	0	272	4	1	1	Hit	547	4-mul/ACASKET5.jpg	ACASKET5.jpg	SPACE	585	SPACE
1447782381443	0	lts_1117L_30_01	30	01	0	273	0	0	0	CR	MAX	Aacupuncture2.jpg	Aacupuncture2.jpg	NOKEY	MAX	NOKEY
1447782384536	0	lts_1117L_30_01	30	01	0	274	0	0	0	CR	MAX	Aseat3.jpg	Aseat3.jpg	NOKEY	MAX	NOKEY
1447782385655	0	lts_1117L_30_01	30	01	0	275	8	1	1	Hit	635	8-first/FJVWL.jpg	FJVWL.jpg	SPACE	686	SPACE
1447782388731	0	lts_1117L_30_01	30	01	0	276	0	0	0	CR	MAX	Ascarf7.jpg	Ascarf7.jpg	NOKEY	MAX	NOKEY
1447782391807	0	lts_1117L_30_01	30	01	0	277	0	0	0	CR	MAX	8080484.thl.jpg	8080484.thl.jpg	NOKEY	MAX	NOKEY
1447782394883	0	lts_1117L_30_01	30	01	0	278	0	0	0	CR	MAX	26687944.thl.jpg	26687944.thl.jpg	NOKEY	MAX	NOKEY
1447782395903	0	lts_1117L_30_01	30	01	0	279	4	1	1	Hit	545	4-mul/FJVWL.jpg	FJVWL.jpg	SPACE	587	SPACE
1447782398979	0	lts_1117L_30_01	30	01	0	280	0	0	0	CR	MAX	16/26374346.thl.jpg	26374346.thl.jpg	NOKEY	MAX	NOKEY
1447782402056	0	lts_1117L_30_01	30	01	0	281	0	0	0	CR	MAX	26437080.thl.jpg	26437080.thl.jpg	NOKEY	MAX	NOKEY
1447782403310	0	lts_1117L_30_01	30	01	0	282	32	1	1	Hit	772	32-8/22827540.thl.jpg	22827540.thl.jpg	SPACE	818	SPACE
1447782406386	0	lts_1117L_30_01	30	01	0	283	0	0	0	CR	MAX	broccoli.jpg	broccoli.jpg	NOKEY	MAX	NOKEY
1447782409462	0	lts_1117L_30_01	30	01	0	284	0	0	0	CR	MAX	23057742.thl.jpg	23057742.thl.jpg	NOKEY	MAX	NOKEY
1447782412538	0	lts_1117L_30_01	30	01	0	285	0	0	0	CR	MAX	Aspoolofthre6.jpg	Aspoolofthre6.jpg	NOKEY	MAX	NOKEY
1447782415630	0	lts_1117L_30_01	30	01	0	286	0	0	0	CR	MAX	36411474.thl.jpg	36411474.thl.jpg	NOKEY	MAX	NOKEY
1447782418506	0	lts_1117L_30_01	30	01	0	287	128	1	1	Hit	2391	128-5/ATINSTRAP.jpg	ATINSTRAP.jpg	SPACE	2442	SPACE
1447782421331	0	lts_1117L_30_01	30	01	0	288	0	0	1	FA	2349	8023968.thl.jpg	8023968.thl.jpg	SPACE	2389	NOKEY
1447782424424	0	lts_1117L_30_01	30	01	0	289	0	0	0	CR	MAX	Abikinitop5.jpg	Abikinitop5.jpg	NOKEY	MAX	NOKEY
1447782425710	0	lts_1117L_30_01	30	01	0	290	64	1	1	Hit	812	64-first/Afrenchtoast5.jpg	Afrenchtoast5.jpg	SPACE	852	SPACE
1447782428786	0	lts_1117L_30_01	30	01	0	291	0	0	0	CR	MAX	AANTSTOV6.jpg	AANTSTOV6.jpg	NOKEY	MAX	NOKEY
1447782431863	0	lts_1117L_30_01	30	01	0	292	0	0	0	CR	MAX	ABLUCAND5.jpg	ABLUCAND5.jpg	NOKEY	MAX	NOKEY
1447782434939	0	lts_1117L_30_01	30	01	0	293	0	0	0	CR	MAX	ADRUMSET3.jpg	ADRUMSET3.jpg	NOKEY	MAX	NOKEY
1447782435975	0	lts_1117L_30_01	30	01	0	294	4	1	1	Hit	560	4-mul/Afrenchtoast5.jpg	Afrenchtoast5.jpg	SPACE	603	SPACE
1447782439052	0	lts_1117L_30_01	30	01	0	295	0	0	0	CR	MAX	Aleopard19.jpg	Aleopard19.jpg	NOKEY	MAX	NOKEY
1447782440206	0	lts_1117L_30_01	30	01	0	296	16	1	1	Hit	674	16-first/26374346.thl.jpg	26374346.thl.jpg	SPACE	718	SPACE
1447782443299	0	lts_1117L_30_01	30	01	0	297	0	0	0	CR	MAX	AELECTHE4.jpg	AELECTHE4.jpg	NOKEY	MAX	NOKEY
1447782446375	0	lts_1117L_30_01	30	01	0	298	0	0	0	CR	MAX	ACLOWSTE5.jpg	ACLOWSTE5.jpg	NOKEY	MAX	NOKEY
1447782449451	0	lts_1117L_30_01	30	01	0	299	0	0	0	CR	MAX	kotsltd.jpg	kotsltd.jpg	NOKEY	MAX	NOKEY
1447782450554	0	lts_1117L_30_01	30	01	0	300	4	1	1	Hit	620	4-mul/26374346.thl.jpg	26374346.thl.jpg	SPACE	669	SPACE
1447782453629	0	lts_1117L_30_01	30	01	0	301	0	0	0	CR	MAX	2/ABREAD.jpg	ABREAD.jpg	NOKEY	MAX	NOKEY
1447782456705	0	lts_1117L_30_01	30	01	0	302	0	0	0	CR	MAX	32/Atoyseasaw.jpg	Atoyseasaw.jpg	NOKEY	MAX	NOKEY
1447782457792	0	lts_1117L_30_01	30	01	0	303	2	1	1	Hit	607	2-4/ABREAD.jpg	ABREAD.jpg	SPACE	653	SPACE
1447782460868	0	lts_1117L_30_01	30	01	0	304	0	0	0	CR	MAX	ANECTARI3.jpg	ANECTARI3.jpg	NOKEY	MAX	NOKEY
1447782463910	0	lts_1117L_30_01	30	01	0	305	0	0	1	FA	2570	64/Alobster10.jpg	Alobster10.jpg	SPACE	2609	NOKEY
1447782465099	0	lts_1117L_30_01	30	01	0	306	0	0	1	FA	708	airhocckytable.jpg	airhocckytable.jpg	SPACE	752	NOKEY
1447782468191	0	lts_1117L_30_01	30	01	0	307	0	0	0	CR	MAX	1/Aantiquewate3.jpg	Aantiquewate3.jpg	NOKEY	MAX	NOKEY
1447782469362	0	lts_1117L_30_01	30	01	0	308	1	1	1	Hit	691	1-7/Aantiquewate3.jpg	Aantiquewate3.jpg	SPACE	734	SPACE
1447782472438	0	lts_1117L_30_01	30	01	0	309	0	0	0	CR	MAX	Amixer29.jpg	Amixer29.jpg	NOKEY	MAX	NOKEY
1447782475514	0	lts_1117L_30_01	30	01	0	310	0	0	0	CR	MAX	1/26684634.thl.jpg	26684634.thl.jpg	NOKEY	MAX	NOKEY
1447782476483	0	lts_1117L_30_01	30	01	0	311	1	1	1	Hit	491	1-10/26684634.thl.jpg	26684634.thl.jpg	SPACE	535	SPACE
1447782479559	0	lts_1117L_30_01	30	01	0	312	0	0	0	CR	MAX	2/36411021.thl.jpg	36411021.thl.jpg	NOKEY	MAX	NOKEY
1447782482634	0	lts_1117L_30_01	30	01	0	313	0	0	0	CR	MAX	Abuilding116.jpg	Abuilding116.jpg	NOKEY	MAX	NOKEY
1447782483721	0	lts_1117L_30_01	30	01	0	314	2	1	1	Hit	612	2-11/36411021.thl.jpg	36411021.thl.jpg	SPACE	653	SPACE
1447782486797	0	lts_1117L_30_01	30	01	0	315	0	0	0	CR	MAX	16/8074514.thl.jpg	8074514.thl.jpg	NOKEY	MAX	NOKEY
1447782489890	0	lts_1117L_30_01	30	01	0	316	0	0	0	CR	MAX	1/bowtie.jpg	bowtie.jpg	NOKEY	MAX	NOKEY
1447782490910	0	lts_1117L_30_01	30	01	0	317	1	1	1	Hit	537	1-2/bowtie.jpg	bowtie.jpg	SPACE	586	SPACE
1447782493986	0	lts_1117L_30_01	30	01	0	318	0	0	0	CR	MAX	Ataco.jpg	Ataco.jpg	NOKEY	MAX	NOKEY
1447782497063	0	lts_1117L_30_01	30	01	0	319	0	0	0	CR	MAX	128/AEASEL22.jpg	AEASEL22.jpg	NOKEY	MAX	NOKEY
1447782498317	0	lts_1117L_30_01	30	01	0	320	128	1	1	Hit	783	128-4/AFIGHTP16.jpg	AFIGHTP16.jpg	SPACE	818	SPACE
1447782501393	0	lts_1117L_30_01	30	01	0	321	0	0	0	CR	MAX	Apyramid3.jpg	Apyramid3.jpg	NOKEY	MAX	NOKEY
1447782504469	0	lts_1117L_30_01	30	01	0	322	0	0	0	CR	MAX	mascara.jpg	mascara.jpg	NOKEY	MAX	NOKEY
1447782505555	0	lts_1117L_30_01	30	01	0	323	64	1	1	Hit	606	64-first/26433942.thl.jpg	26433942.thl.jpg	SPACE	652	SPACE
1447782508630	0	lts_1117L_30_01	30	01	0	324	0	0	0	CR	MAX	Anoisma32.jpg	Anoisma32.jpg	NOKEY	MAX	NOKEY
1447782509650	0	lts_1117L_30_01	30	01	0	325	2	1	1	Hit	550	2-mul/26433942.thl.jpg	26433942.thl.jpg	SPACE	586	SPACE
1447782512726	0	lts_1117L_30_01	30	01	0	326	0	0	0	CR	MAX	AFIREPUTE.jpg	AFIREPUTE.jpg	NOKEY	MAX	NOKEY
1447782515802	0	lts_1117L_30_01	30	01	0	327	0	0	0	CR	MAX	2/ADOGTOY.jpg	ADOGTOY.jpg	NOKEY	MAX	NOKEY
1447782518878	0	lts_1117L_30_01	30	01	0	328	0	0	0	CR	MAX	Akangarooandb.jpg	Akangarooandb.jpg	NOKEY	MAX	NOKEY
1447782519965	0	lts_1117L_30_01	30	01	0	329	2	1	1	Hit	604	2-0/ADOGTOY.jpg	ADOGTOY.jpg	SPACE	653	SPACE
1447782523059	0	lts_1117L_30_01	30	01	0	330	0	0	0	CR	MAX	ATEARDROP.jpg	ATEARDROP.jpg	NOKEY	MAX	NOKEY
1447782524279	0	lts_1117L_30_01	30	01	0	331	16	1	1	Hit	738	16-first/8074514.thl.jpg	8074514.thl.jpg	SPACE	785	SPACE
1447782527355	0	lts_1117L_30_01	30	01	0	332	0	0	0	CR	MAX	AELEMENT3.jpg	AELEMENT3.jpg	NOKEY	MAX	NOKEY
1447782530431	0	lts_1117L_30_01	30	01	0	333	0	0	0	CR	MAX	Aembossedsta2.jpg	Aembossedsta2.jpg	NOKEY	MAX	NOKEY
1447782531617	0	lts_1117L_30_01	30	01	0	334	32	1	1	Hit	703	32-2/Atoyseasaw.jpg	Atoyseasaw.jpg	SPACE	752	SPACE
1447782534693	0	lts_1117L_30_01	30	01	0	335	0	0	0	CR	MAX	ACAFLATT3.jpg	ACAFLATT3.jpg	NOKEY	MAX	NOKEY
1447782537786	0	lts_1117L_30_01	30	01	0	336	0	0	0	CR	MAX	ALAMP45.jpg	ALAMP45.jpg	NOKEY	MAX	NOKEY
1447782540862	0	lts_1117L_30_01	30	01	0	337	0	0	0	CR	MAX	ACURLIR13.jpg	ACURLIR13.jpg	NOKEY	MAX	NOKEY
1447782543938	0	lts_1117L_30_01	30	01	0	338	0	0	0	CR	MAX	23016343.thl.jpg	23016343.thl.jpg	NOKEY	MAX	NOKEY
1447782545059	0	lts_1117L_30_01	30	01	0	339	128	1	1	Hit	642	128-3/launmower.jpg	launmower.jpg	SPACE	685	SPACE
1447782548135	0	lts_1117L_30_01	30	01	0	340	0	0	0	CR	MAX	AMANGO.jpg	AMANGO.jpg	NOKEY	MAX	NOKEY
1447782551212	0	lts_1117L_30_01	30	01	0	341	0	0	0	CR	MAX	ACHRISTO3.jpg	ACHRISTO3.jpg	NOKEY	MAX	NOKEY
1447782554288	0	lts_1117L_30_01	30	01	0	342	0	0	0	CR	MAX	ATROWEL2.jpg	ATROWEL2.jpg	NOKEY	MAX	NOKEY
1447782557364	0	lts_1117L_30_01	30	01	0	343	0	0	0	CR	MAX	APITCHE15.jpg	APITCHE15.jpg	NOKEY	MAX	NOKEY
1447782558551	0	lts_1117L_30_01	30	01	0	344	128	1	1	Hit	713	128-0/26684827.thl.jpg	26684827.thl.jpg	SPACE	753	SPACE
1447782561626	0	lts_1117L_30_01	30	01	0	345	0	0	0	CR	MAX	8/AAIRGRIN2.jpg	AAIRGRIN2.jpg	NOKEY	MAX	NOKEY
1447782564702	0	lts_1117L_30_01	30	01	0	346	0	0	0	CR	MAX	Ajoystick10.jpg	Ajoystick10.jpg	NOKEY	MAX	NOKEY
1447782565805	0	lts_1117L_30_01	30	01	0	347	16	1	1	Hit	620	16-mul/8074514.thl.jpg	8074514.thl.jpg	SPACE	670	SPACE
1447782568881	0	lts_1117L_30_01	30	01	0	348	0	0	0	CR	MAX	26374605.thl.jpg	26374605.thl.jpg	NOKEY	MAX	NOKEY
1447782571974	0	lts_1117L_30_01	30	01	0	349	0	0	0	CR	MAX	Aboxofchocola.jpg	Aboxofchocola.jpg	NOKEY	MAX	NOKEY
1447782575051	0	lts_1117L_30_01	30	01	0	350	0	0	0	CR	MAX	Abarn4.jpg	Abarn4.jpg	NOKEY	MAX	NOKEY
1447782578127	0	lts_1117L_30_01	30	01	0	351	0	0	0	CR	MAX	8/ASHRIMP3.jpg	ASHRIMP3.jpg	NOKEY	MAX	NOKEY
1447782581203	0	lts_1117L_30_01	30	01	0	352	0	0	0	CR	MAX	AANTOAST3.jpg	AANTOAST3.jpg	NOKEY	MAX	NOKEY
1447782582491	0	lts_1117L_30_01	30	01	0	353	8	1	1	Hit	808	8-first/AAIRGRIN2.jpg	AAIRGRIN2.jpg	SPACE	852	SPACE
1447782585582	0	lts_1117L_30_01	30	01	0	354	0	0	0	CR	MAX	Apinkshoe.jpg	Apinkshoe.jpg	NOKEY	MAX	NOKEY
1447782586570	0	lts_1117L_30_01	30	01	0	355	2	1	1	Hit	518	2-mul/AAIRGRIN2.jpg	AAIRGRIN2.jpg	SPACE	552	SPACE
1447782589645	0	lts_1117L_30_01	30	01	0	356	0	0	0	CR	MAX	ALIQBOOK.jpg	ALIQBOOK.jpg	NOKEY	MAX	NOKEY
1447782592721	0	lts_1117L_30_01	30	01	0	357	0	0	0	CR	MAX	ASCREEN3.jpg	ASCREEN3.jpg	NOKEY	MAX	NOKEY
1447782595797	0	lts_1117L_30_01	30	01	0	358	0	0	0	CR	MAX	26377631.thl.jpg	26377631.thl.jpg	NOKEY	MAX	NOKEY
1447782596917	0	lts_1117L_30_01	30	01	0	359	8	1	1	Hit	643	8-first/ASHRIMP3.jpg	ASHRIMP3.jpg	SPACE	687	SPACE
1447782599993	0	lts_1117L_30_01	30	01	0	360	0	0	0	CR	MAX	Acamerabag.jpg	Acamerabag.jpg	NOKEY	MAX	NOKEY
1447782603070	0	lts_1117L_30_01	30	01	0	361	0	0	0	CR	MAX	ABOAT16.jpg	ABOAT16.jpg	NOKEY	MAX	NOKEY
1447782606146	0	lts_1117L_30_01	30	01	0	362	0	0	0	CR	MAX	swingset.jpg	swingset.jpg	NOKEY	MAX	NOKEY
1447782609222	0	lts_1117L_30_01	30	01	0	363	0	0	0	CR	MAX	AHONEYSTI.jpg	AHONEYSTI.jpg	NOKEY	MAX	NOKEY
1447782612298	0	lts_1117L_30_01	30	01	0	364	0	0	0	CR	MAX	AANTIQTHE.jpg	AANTIQTHE.jpg	NOKEY	MAX	NOKEY
1447782615391	0	lts_1117L_30_01	30	01	0	365	0	0	0	CR	MAX	Cupcake.jpg	Cupcake.jpg	NOKEY	MAX	NOKEY
1447782618484	0	lts_1117L_30_01	30	01	0	366	0	0	0	CR	MAX	Astrawfan.jpg	Astrawfan.jpg	NOKEY	MAX	NOKEY
1447782619920	0	lts_1117L_30_01	30	01	0	367	0	0	1	FA	960	teepee.jpg	teepee.jpg	SPACE	1003	NOKEY
1447782622997	0	lts_1117L_30_01	30	01	0	368	0	0	0	CR	MAX	26374899.thl.jpg	26374899.thl.jpg	NOKEY	MAX	NOKEY
1447782624268	0	lts_1117L_30_01	30	01	0	369	64	1	1	Hit	794	64-first/Alobster10.jpg	Alobster10.jpg	SPACE	835	SPACE
1447782627344	0	lts_1117L_30_01	30	01	0	370	0	0	0	CR	MAX	popcorn.jpg	popcorn.jpg	NOKEY	MAX	NOKEY
1447782630420	0	lts_1117L_30_01	30	01	0	371	0	0	0	CR	MAX	ASALAMI.jpg	ASALAMI.jpg	NOKEY	MAX	NOKEY
1447782633496	0	lts_1117L_30_01	30	01	0	372	0	0	0	CR	MAX	1/ABAKECON3.jpg	ABAKECON3.jpg	NOKEY	MAX	NOKEY
1447782634549	0	lts_1117L_30_01	30	01	0	373	1	1	1	Hit	576	1-6/ABAKECON3.jpg	ABAKECON3.jpg	SPACE	618	SPACE
1447782637625	0	lts_1117L_30_01	30	01	0	374	0	0	0	CR	MAX	Aribbon21.jpg	Aribbon21.jpg	NOKEY	MAX	NOKEY
1447782638644	0	lts_1117L_30_01	30	01	0	375	16	1	1	Hit	542	16-mul/ASHRIMP3.jpg	ASHRIMP3.jpg	SPACE	586	SPACE
1447782641720	0	lts_1117L_30_01	30	01	0	376	0	0	0	CR	MAX	1/D_dumpster.jpg	D_dumpster.jpg	NOKEY	MAX	NOKEY
1447782642740	0	lts_1117L_30_01	30	01	0	377	1	1	1	Hit	536	1-8/D_dumpster.jpg	D_dumpster.jpg	SPACE	586	SPACE
1447782645816	0	lts_1117L_30_01	30	01	0	378	0	0	0	CR	MAX	22848828.thl.jpg	22848828.thl.jpg	NOKEY	MAX	NOKEY
1447782648892	0	lts_1117L_30_01	30	01	0	379	0	0	0	CR	MAX	8/26442719.thl.jpg	26442719.thl.jpg	NOKEY	MAX	NOKEY
1447782651968	0	lts_1117L_30_01	30	01	0	380	0	0	0	CR	MAX	Awaxlips.jpg	Awaxlips.jpg	NOKEY	MAX	NOKEY
1447782655062	0	lts_1117L_30_01	30	01	0	381	0	0	0	CR	MAX	AHEARTSPO.jpg	AHEARTSPO.jpg	NOKEY	MAX	NOKEY
1447782658138	0	lts_1117L_30_01	30	01	0	382	0	0	0	CR	MAX	AFRYPAN7.jpg	AFRYPAN7.jpg	NOKEY	MAX	NOKEY
1447782661214	0	lts_1117L_30_01	30	01	0	383	0	0	0	CR	MAX	8/045.jpg	045.jpg	NOKEY	MAX	NOKEY
1447782663788	0	lts_1117L_30_01	30	01	0	384	0	0	1	FA	2077	ABARBCHA3.jpg	ABARBCHA3.jpg	SPACE	2123	NOKEY
1447782664808	0	lts_1117L_30_01	30	01	0	385	16	1	1	Hit	524	16-mul/Alobster10.jpg	Alobster10.jpg	SPACE	570	SPACE
1447782667884	0	lts_1117L_30_01	30	01	0	386	0	0	0	CR	MAX	Acomputerpro3.jpg	Acomputerpro3.jpg	NOKEY	MAX	NOKEY
1447782669055	0	lts_1117L_30_01	30	01	0	387	8	1	1	Hit	700	8-first/26442719.thl.jpg	26442719.thl.jpg	SPACE	736	SPACE
1447782672131	0	lts_1117L_30_01	30	01	0	388	0	0	0	CR	MAX	26425788.thl.jpg	26425788.thl.jpg	NOKEY	MAX	NOKEY
1447782673268	0	lts_1117L_30_01	30	01	0	389	2	1	1	Hit	655	2-mul/26442719.thl.jpg	26442719.thl.jpg	SPACE	701	SPACE
1447782676344	0	lts_1117L_30_01	30	01	0	390	0	0	0	CR	MAX	ABEARIN12.jpg	ABEARIN12.jpg	NOKEY	MAX	NOKEY
1447782677447	0	lts_1117L_30_01	30	01	0	391	8	1	1	Hit	633	8-first/045.jpg	045.jpg	SPACE	669	SPACE
1447782680523	0	lts_1117L_30_01	30	01	0	392	0	0	0	CR	MAX	4/Awindmill4.jpg	Awindmill4.jpg	NOKEY	MAX	NOKEY
1447782683615	0	lts_1117L_30_01	30	01	0	393	0	0	0	CR	MAX	Acastingladl2.jpg	Acastingladl2.jpg	NOKEY	MAX	NOKEY
1447782686691	0	lts_1117L_30_01	30	01	0	394	128	1	0	Miss	MAX	128-7/Awoodplaner2.jpg	Awoodplaner2.jpg	NOKEY	MAX	SPACE
1447782689767	0	lts_1117L_30_01	30	01	0	395	0	0	0	CR	MAX	16247853.thl.jpg	16247853.thl.jpg	NOKEY	MAX	NOKEY
1447782690854	0	lts_1117L_30_01	30	01	0	396	4	1	1	Hit	604	4-12/Awindmill4.jpg	Awindmill4.jpg	SPACE	653	SPACE
1447782693947	0	lts_1117L_30_01	30	01	0	397	0	0	0	CR	MAX	AFORKLIF2.jpg	AFORKLIF2.jpg	NOKEY	MAX	NOKEY
1447782697024	0	lts_1117L_30_01	30	01	0	398	0	0	0	CR	MAX	1/23028486.thl.jpg	23028486.thl.jpg	NOKEY	MAX	NOKEY
1447782697976	0	lts_1117L_30_01	30	01	0	399	1	1	1	Hit	480	1-0/23028486.thl.jpg	23028486.thl.jpg	SPACE	519	SPACE
1447782701053	0	lts_1117L_30_01	30	01	0	400	0	0	0	CR	MAX	Abells3.jpg	Abells3.jpg	NOKEY	MAX	NOKEY
1447782704129	0	lts_1117L_30_01	30	01	0	401	0	0	0	CR	MAX	8/Arubberducky2.jpg	Arubberducky2.jpg	NOKEY	MAX	NOKEY
1447782707222	0	lts_1117L_30_01	30	01	0	402	0	0	0	CR	MAX	2/Akiddcup2.jpg	Akiddcup2.jpg	NOKEY	MAX	NOKEY
1447782710298	0	lts_1117L_30_01	30	01	0	403	0	0	0	CR	MAX	16/Atrailer5.jpg	Atrailer5.jpg	NOKEY	MAX	NOKEY
1447782711718	0	lts_1117L_30_01	30	01	0	404	2	1	1	Hit	939	2-1/Akiddcup2.jpg	Akiddcup2.jpg	SPACE	986	SPACE
1447782714794	0	lts_1117L_30_01	30	01	0	405	0	0	0	CR	MAX	driedprune.jpg	driedprune.jpg	NOKEY	MAX	NOKEY
1447782717870	0	lts_1117L_30_01	30	01	0	406	0	0	0	CR	MAX	Acookiejar14.jpg	Acookiejar14.jpg	NOKEY	MAX	NOKEY
1447782718923	0	lts_1117L_30_01	30	01	0	407	16	1	1	Hit	575	16-mul/045.jpg	045.jpg	SPACE	620	SPACE
1447782722000	0	lts_1117L_30_01	30	01	0	408	0	0	0	CR	MAX	ACRICKET2.jpg	ACRICKET2.jpg	NOKEY	MAX	NOKEY
1447782723037	0	lts_1117L_30_01	30	01	0	409	8	1	1	Hit	563	8-first/Arubberducky2.jpg	Arubberducky2.jpg	SPACE	600	SPACE
1447782726113	0	lts_1117L_30_01	30	01	0	410	0	0	0	CR	MAX	Aappleonsca14.jpg	Aappleonsca14.jpg	NOKEY	MAX	NOKEY
1447782729189	0	lts_1117L_30_01	30	01	0	411	0	0	0	CR	MAX	Acablelatch.jpg	Acablelatch.jpg	NOKEY	MAX	NOKEY
1447782732265	0	lts_1117L_30_01	30	01	0	412	0	0	0	CR	MAX	4/26424784.thl.jpg	26424784.thl.jpg	NOKEY	MAX	NOKEY
1447782733234	0	lts_1117L_30_01	30	01	0	413	4	1	1	Hit	494	4-mul/Arubberducky2.jpg	Arubberducky2.jpg	SPACE	534	SPACE
1447782736311	0	lts_1117L_30_01	30	01	0	414	0	0	0	CR	MAX	8/Achair485.jpg	Achair485.jpg	NOKEY	MAX	NOKEY
1447782739386	0	lts_1117L_30_01	30	01	0	415	0	0	0	CR	MAX	26425322.thl.jpg	26425322.thl.jpg	NOKEY	MAX	NOKEY
1447782740523	0	lts_1117L_30_01	30	01	0	416	4	1	1	Hit	658	4-9/26424784.thl.jpg	26424784.thl.jpg	SPACE	702	SPACE
1447782743615	0	lts_1117L_30_01	30	01	0	417	0	0	0	CR	MAX	Atoybird10.jpg	Atoybird10.jpg	NOKEY	MAX	NOKEY
1447782746691	0	lts_1117L_30_01	30	01	0	418	0	0	0	CR	MAX	Aantelopesku5.jpg	Aantelopesku5.jpg	NOKEY	MAX	NOKEY
1447782747928	0	lts_1117L_30_01	30	01	0	419	16	1	1	Hit	766	16-1/Atrailer5.jpg	Atrailer5.jpg	SPACE	803	SPACE
1447782751005	0	lts_1117L_30_01	30	01	0	420	0	0	0	CR	MAX	26432848.thl.jpg	26432848.thl.jpg	NOKEY	MAX	NOKEY
1447782754082	0	lts_1117L_30_01	30	01	0	421	0	0	0	CR	MAX	Aoutdoorprop3.jpg	Aoutdoorprop3.jpg	NOKEY	MAX	NOKEY
1447782755202	0	lts_1117L_30_01	30	01	0	422	8	1	1	Hit	643	8-2/Achair485.jpg	Achair485.jpg	SPACE	684	SPACE
1447782758278	0	lts_1117L_30_01	30	01	0	423	0	0	0	CR	MAX	Acamcorde.jpg	Acamcorde.jpg	NOKEY	MAX	NOKEY
1447782761354	0	lts_1117L_30_01	30	01	0	424	0	0	0	CR	MAX	AFISHHOO9.jpg	AFISHHOO9.jpg	NOKEY	MAX	NOKEY
1447782764430	0	lts_1117L_30_01	30	01	0	425	0	0	0	CR	MAX	Adecorativem2.jpg	Adecorativem2.jpg	NOKEY	MAX	NOKEY
1447782767506	0	lts_1117L_30_01	30	01	0	426	0	0	0	CR	MAX	ACOMB11.jpg	ACOMB11.jpg	NOKEY	MAX	NOKEY
1447782770581	0	lts_1117L_30_01	30	01	0	427	0	0	0	CR	MAX	ALAB36.jpg	ALAB36.jpg	NOKEY	MAX	NOKEY
1447782773674	0	lts_1117L_30_01	30	01	0	428	0	0	0	CR	MAX	4/ACUTPIN.jpg	ACUTPIN.jpg	NOKEY	MAX	NOKEY
1447782776750	0	lts_1117L_30_01	30	01	0	429	0	0	0	CR	MAX	8/AFRENCHF2.jpg	AFRENCHF2.jpg	NOKEY	MAX	NOKEY
1447782779826	0	lts_1117L_30_01	30	01	0	430	0	0	0	CR	MAX	AROUNDFR3.jpg	AROUNDFR3.jpg	NOKEY	MAX	NOKEY
1447782782902	0	lts_1117L_30_01	30	01	0	431	0	0	0	CR	MAX	Afoodproces13.jpg	Afoodproces13.jpg	NOKEY	MAX	NOKEY
1447782784006	0	lts_1117L_30_01	30	01	0	432	4	1	1	Hit	635	4-3/ACUTPIN.jpg	ACUTPIN.jpg	SPACE	669	SPACE
1447782787082	0	lts_1117L_30_01	30	01	0	433	0	0	0	CR	MAX	Amistingwate3.jpg	Amistingwate3.jpg	NOKEY	MAX	NOKEY
1447782790158	0	lts_1117L_30_01	30	01	0	434	0	0	0	CR	MAX	Aearsyringe.jpg	Aearsyringe.jpg	NOKEY	MAX	NOKEY
1447782793234	0	lts_1117L_30_01	30	01	0	435	0	0	0	CR	MAX	4/AINDIAMA3.jpg	AINDIAMA3.jpg	NOKEY	MAX	NOKEY
1447782796310	0	lts_1117L_30_01	30	01	0	436	0	0	0	CR	MAX	Agarbagebin.jpg	Agarbagebin.jpg	NOKEY	MAX	NOKEY
1447782797414	0	lts_1117L_30_01	30	01	0	437	8	1	1	Hit	624	8-1/AFRENCHF2.jpg	AFRENCHF2.jpg	SPACE	668	SPACE
1447782800490	0	lts_1117L_30_01	30	01	0	438	0	0	0	CR	MAX	ADOGSNACK.jpg	ADOGSNACK.jpg	NOKEY	MAX	NOKEY
1447782801676	0	lts_1117L_30_01	30	01	0	439	4	1	1	Hit	713	4-7/AINDIAMA3.jpg	AINDIAMA3.jpg	SPACE	753	SPACE
1447782804752	0	lts_1117L_30_01	30	01	0	440	0	0	0	CR	MAX	ASHOULDE4.jpg	ASHOULDE4.jpg	NOKEY	MAX	NOKEY
1447782806892	0	lts_1117L_30_01	30	01	0	441	0	0	1	FA	1641	hammer01.jpg	hammer01.jpg	SPACE	1690	NOKEY
1447782808364	0	lts_1117L_30_01	30	01	0	442	0	0	1	FA	999	ABONGO3.jpg	ABONGO3.jpg	SPACE	1037	NOKEY
1447782811440	0	lts_1117L_30_01	30	01	0	443	0	0	0	CR	MAX	2/12955.JPG	12955.JPG	NOKEY	MAX	NOKEY
1447782814516	0	lts_1117L_30_01	30	01	0	444	0	0	0	CR	MAX	tofu.jpg	tofu.jpg	NOKEY	MAX	NOKEY
1447782815635	0	lts_1117L_30_01	30	01	0	445	2	1	1	Hit	648	2-13/12955.JPG	12955.JPG	SPACE	685	SPACE
1447782818711	0	lts_1117L_30_01	30	01	0	446	0	0	0	CR	MAX	Achair618.jpg	Achair618.jpg	NOKEY	MAX	NOKEY
1447782820033	0	lts_1117L_30_01	30	01	0	447	128	1	1	Hit	836	128-1/AEASEL22.jpg	AEASEL22.jpg	SPACE	886	SPACE
1447782823109	0	lts_1117L_30_01	30	01	0	448	0	0	0	CR	MAX	Agreenlighter.jpg	Agreenlighter.jpg	NOKEY	MAX	NOKEY
1447782826185	0	lts_1117L_30_01	30	01	0	449	0	0	0	CR	MAX	APILHELM2.jpg	APILHELM2.jpg	NOKEY	MAX	NOKEY
1447782922930	0	lts_1117L_30_01	30	01	1	0	0	0	0	CR	MAX	AKNIFE13.jpg	AKNIFE13.jpg	NOKEY	MAX	NOKEY
1447782926023	0	lts_1117L_30_01	30	01	1	1	0	0	0	CR	MAX	8054039.thl.jpg	8054039.thl.jpg	NOKEY	MAX	NOKEY
1447782929100	0	lts_1117L_30_01	30	01	1	2	0	0	0	CR	MAX	ADOGTOY5.jpg	ADOGTOY5.jpg	NOKEY	MAX	NOKEY
1447782932192	0	lts_1117L_30_01	30	01	1	3	0	0	0	CR	MAX	ADEEPFRY5.jpg	ADEEPFRY5.jpg	NOKEY	MAX	NOKEY
1447782935268	0	lts_1117L_30_01	30	01	1	4	0	0	0	CR	MAX	16/ACHIPROL2.jpg	ACHIPROL2.jpg	NOKEY	MAX	NOKEY
1447782938344	0	lts_1117L_30_01	30	01	1	5	0	0	0	CR	MAX	AWASHCLOT.jpg	AWASHCLOT.jpg	NOKEY	MAX	NOKEY
1447782941421	0	lts_1117L_30_01	30	01	1	6	0	0	0	CR	MAX	Atoy17.jpg	Atoy17.jpg	NOKEY	MAX	NOKEY
1447782944497	0	lts_1117L_30_01	30	01	1	7	0	0	0	CR	MAX	8/ABROOM11.jpg	ABROOM11.jpg	NOKEY	MAX	NOKEY
1447782947573	0	lts_1117L_30_01	30	01	1	8	0	0	0	CR	MAX	26556936.thl.jpg	26556936.thl.jpg	NOKEY	MAX	NOKEY
1447782948775	0	lts_1117L_30_01	30	01	1	9	00	1	1	Hit	727	00-across/8020414.thl.jpg	8020414.thl.jpg	SPACE	770	SPACE
1447782951851	0	lts_1117L_30_01	30	01	1	10	0	0	0	CR	MAX	ACHAIRDE2.jpg	ACHAIRDE2.jpg	NOKEY	MAX	NOKEY
1447782954944	0	lts_1117L_30_01	30	01	1	11	0	0	0	CR	MAX	ANWSPAPER.jpg	ANWSPAPER.jpg	NOKEY	MAX	NOKEY
1447782958021	0	lts_1117L_30_01	30	01	1	12	0	0	0	CR	MAX	128/ASCSIPORT.jpg	ASCSIPORT.jpg	NOKEY	MAX	NOKEY
1447782961097	0	lts_1117L_30_01	30	01	1	13	0	0	0	CR	MAX	APROSTAR2.jpg	APROSTAR2.jpg	NOKEY	MAX	NOKEY
1447782964173	0	lts_1117L_30_01	30	01	1	14	0	0	0	CR	MAX	Acentipede4.jpg	Acentipede4.jpg	NOKEY	MAX	NOKEY
1447782965193	0	lts_1117L_30_01	30	01	1	15	8	1	1	Hit	545	8-first/ABROOM11.jpg	ABROOM11.jpg	SPACE	584	SPACE
1447782968269	0	lts_1117L_30_01	30	01	1	16	0	0	0	CR	MAX	2/Acampingtoolk.jpg	Acampingtoolk.jpg	NOKEY	MAX	NOKEY
1447782971345	0	lts_1117L_30_01	30	01	1	17	0	0	0	CR	MAX	footballpads.jpg	footballpads.jpg	NOKEY	MAX	NOKEY
1447782972615	0	lts_1117L_30_01	30	01	1	18	2	1	1	Hit	790	2-4/Acampingtoolk.jpg	Acampingtoolk.jpg	SPACE	836	SPACE
1447782975708	0	lts_1117L_30_01	30	01	1	19	0	0	0	CR	MAX	ABARPEAR.jpg	ABARPEAR.jpg	NOKEY	MAX	NOKEY
1447782976828	0	lts_1117L_30_01	30	01	1	20	16	1	1	Hit	652	16-1/ACHIPROL2.jpg	ACHIPROL2.jpg	SPACE	687	SPACE
1447782979920	0	lts_1117L_30_01	30	01	1	21	0	0	0	CR	MAX	32/acquarium.jpg	acquarium.jpg	NOKEY	MAX	NOKEY
1447782982996	0	lts_1117L_30_01	30	01	1	22	0	0	0	CR	MAX	1/Afloweredsan3.jpg	Afloweredsan3.jpg	NOKEY	MAX	NOKEY
1447782984051	0	lts_1117L_30_01	30	01	1	23	1	1	1	Hit	575	1-8/Afloweredsan3.jpg	Afloweredsan3.jpg	SPACE	618	SPACE
1447782987127	0	lts_1117L_30_01	30	01	1	24	0	0	0	CR	MAX	DSCN6303-sm.jpg	DSCN6303-sm.jpg	NOKEY	MAX	NOKEY
1447782990203	0	lts_1117L_30_01	30	01	1	25	0	0	0	CR	MAX	2/stone.jpg	stone.jpg	NOKEY	MAX	NOKEY
1447782993279	0	lts_1117L_30_01	30	01	1	26	0	0	0	CR	MAX	32/26427903.thl.jpg	26427903.thl.jpg	NOKEY	MAX	NOKEY
1447782994416	0	lts_1117L_30_01	30	01	1	27	2	1	1	Hit	652	2-2/stone.jpg	stone.jpg	SPACE	702	SPACE
1447782997509	0	lts_1117L_30_01	30	01	1	28	0	0	0	CR	MAX	AGARDHOSE.jpg	AGARDHOSE.jpg	NOKEY	MAX	NOKEY
1447783000584	0	lts_1117L_30_01	30	01	1	29	0	0	0	CR	MAX	AMALLET13.jpg	AMALLET13.jpg	NOKEY	MAX	NOKEY
1447783003660	0	lts_1117L_30_01	30	01	1	30	0	0	0	CR	MAX	AWASMACH.jpg	AWASMACH.jpg	NOKEY	MAX	NOKEY
1447783004679	0	lts_1117L_30_01	30	01	1	31	16	1	1	Hit	545	16-mul/ABROOM11.jpg	ABROOM11.jpg	SPACE	586	SPACE
1447783007756	0	lts_1117L_30_01	30	01	1	32	0	0	0	CR	MAX	4/Agraduationh2.jpg	Agraduationh2.jpg	NOKEY	MAX	NOKEY
1447783010832	0	lts_1117L_30_01	30	01	1	33	0	0	0	CR	MAX	1/9815629.thl.jpg	9815629.thl.jpg	NOKEY	MAX	NOKEY
1447783011968	0	lts_1117L_30_01	30	01	1	34	1	1	1	Hit	657	1-0/9815629.thl.jpg	9815629.thl.jpg	SPACE	703	SPACE
1447783015045	0	lts_1117L_30_01	30	01	1	35	0	0	0	CR	MAX	9821274.thl.jpg	9821274.thl.jpg	NOKEY	MAX	NOKEY
1447783016166	0	lts_1117L_30_01	30	01	1	36	4	1	1	Hit	641	4-7/Agraduationh2.jpg	Agraduationh2.jpg	SPACE	684	SPACE
1447783019258	0	lts_1117L_30_01	30	01	1	37	0	0	0	CR	MAX	8/Achipboard.jpg	Achipboard.jpg	NOKEY	MAX	NOKEY
1447783022334	0	lts_1117L_30_01	30	01	1	38	0	0	0	CR	MAX	2/ATRIANGL2.jpg	ATRIANGL2.jpg	NOKEY	MAX	NOKEY
1447783025411	0	lts_1117L_30_01	30	01	1	39	0	0	0	CR	MAX	AFOOTST11.jpg	AFOOTST11.jpg	NOKEY	MAX	NOKEY
1447783026347	0	lts_1117L_30_01	30	01	1	40	2	1	1	Hit	464	2-12/ATRIANGL2.jpg	ATRIANGL2.jpg	SPACE	501	SPACE
1447783029423	0	lts_1117L_30_01	30	01	1	41	0	0	0	CR	MAX	AFLUTE6.jpg	AFLUTE6.jpg	NOKEY	MAX	NOKEY
1447783032499	0	lts_1117L_30_01	30	01	1	42	0	0	0	CR	MAX	AEXIT7.jpg	AEXIT7.jpg	NOKEY	MAX	NOKEY
1447783035574	0	lts_1117L_30_01	30	01	1	43	0	0	0	CR	MAX	Acombination6.jpg	Acombination6.jpg	NOKEY	MAX	NOKEY
1447783038667	0	lts_1117L_30_01	30	01	1	44	0	0	0	CR	MAX	AOLDBAT2.jpg	AOLDBAT2.jpg	NOKEY	MAX	NOKEY
1447783039753	0	lts_1117L_30_01	30	01	1	45	8	1	1	Hit	608	8-first/Achipboard.jpg	Achipboard.jpg	SPACE	653	SPACE
1447783042829	0	lts_1117L_30_01	30	01	1	46	0	0	0	CR	MAX	ALARGECA2.jpg	ALARGECA2.jpg	NOKEY	MAX	NOKEY
1447783043849	0	lts_1117L_30_01	30	01	1	47	2	1	1	Hit	546	2-mul/Achipboard.jpg	Achipboard.jpg	SPACE	586	SPACE
1447783046925	0	lts_1117L_30_01	30	01	1	48	0	0	0	CR	MAX	APARKMET6.jpg	APARKMET6.jpg	NOKEY	MAX	NOKEY
1447783050002	0	lts_1117L_30_01	30	01	1	49	0	0	0	CR	MAX	ACHEESEB3.jpg	ACHEESEB3.jpg	NOKEY	MAX	NOKEY
1447783053078	0	lts_1117L_30_01	30	01	1	50	0	0	0	CR	MAX	26421740.thl.jpg	26421740.thl.jpg	NOKEY	MAX	NOKEY
1447783056154	0	lts_1117L_30_01	30	01	1	51	0	0	0	CR	MAX	64/ACOWBELL6.jpg	ACOWBELL6.jpg	NOKEY	MAX	NOKEY
1447783059230	0	lts_1117L_30_01	30	01	1	52	0	0	0	CR	MAX	Agame3.jpg	Agame3.jpg	NOKEY	MAX	NOKEY
1447783060351	0	lts_1117L_30_01	30	01	1	53	32	1	1	Hit	633	32-8/acquarium.jpg	acquarium.jpg	SPACE	684	SPACE
1447783063443	0	lts_1117L_30_01	30	01	1	54	0	0	0	CR	MAX	ACOOKOIL.jpg	ACOOKOIL.jpg	NOKEY	MAX	NOKEY
1447783066519	0	lts_1117L_30_01	30	01	1	55	0	0	0	CR	MAX	AGLASSFL4.jpg	AGLASSFL4.jpg	NOKEY	MAX	NOKEY
1447783069611	0	lts_1117L_30_01	30	01	1	56	0	0	0	CR	MAX	catslglol.jpg	catslglol.jpg	NOKEY	MAX	NOKEY
1447783072687	0	lts_1117L_30_01	30	01	1	57	0	0	0	CR	MAX	4/26420069.thl.jpg	26420069.thl.jpg	NOKEY	MAX	NOKEY
1447783073807	0	lts_1117L_30_01	30	01	1	58	32	1	1	Hit	645	32-9/26427903.thl.jpg	26427903.thl.jpg	SPACE	686	SPACE
1447783076883	0	lts_1117L_30_01	30	01	1	59	0	0	0	CR	MAX	16/Acautionroads.jpg	Acautionroads.jpg	NOKEY	MAX	NOKEY
1447783079959	0	lts_1117L_30_01	30	01	1	60	0	0	0	CR	MAX	128/Atoyfiretru11.jpg	Atoyfiretru11.jpg	NOKEY	MAX	NOKEY
1447783081047	0	lts_1117L_30_01	30	01	1	61	4	1	1	Hit	611	4-1/26420069.thl.jpg	26420069.thl.jpg	SPACE	652	SPACE
1447783084123	0	lts_1117L_30_01	30	01	1	62	0	0	0	CR	MAX	Aorcatoy4.jpg	Aorcatoy4.jpg	NOKEY	MAX	NOKEY
1447783087199	0	lts_1117L_30_01	30	01	1	63	0	0	0	CR	MAX	16/ASCREW24.jpg	ASCREW24.jpg	NOKEY	MAX	NOKEY
1447783090275	0	lts_1117L_30_01	30	01	1	64	0	0	0	CR	MAX	4/hairbarette.jpg	hairbarette.jpg	NOKEY	MAX	NOKEY
1447783093351	0	lts_1117L_30_01	30	01	1	65	0	0	0	CR	MAX	AGLASSBO7.jpg	AGLASSBO7.jpg	NOKEY	MAX	NOKEY
1447783096428	0	lts_1117L_30_01	30	01	1	66	0	0	0	CR	MAX	AFETTUCI2.jpg	AFETTUCI2.jpg	NOKEY	MAX	NOKEY
1447783099520	0	lts_1117L_30_01	30	01	1	67	0	0	0	CR	MAX	AWOODST19.jpg	AWOODST19.jpg	NOKEY	MAX	NOKEY
1447783100623	0	lts_1117L_30_01	30	01	1	68	4	1	1	Hit	622	4-2/hairbarette.jpg	hairbarette.jpg	SPACE	669	SPACE
1447783103699	0	lts_1117L_30_01	30	01	1	69	0	0	0	CR	MAX	Arefrigerat10.jpg	Arefrigerat10.jpg	NOKEY	MAX	NOKEY
1447783106775	0	lts_1117L_30_01	30	01	1	70	0	0	0	CR	MAX	2/ABUSTFOR7.jpg	ABUSTFOR7.jpg	NOKEY	MAX	NOKEY
1447783109851	0	lts_1117L_30_01	30	01	1	71	0	0	0	CR	MAX	16/Adriedleaf.jpg	Adriedleaf.jpg	NOKEY	MAX	NOKEY
1447783110904	0	lts_1117L_30_01	30	01	1	72	2	1	1	Hit	582	2-3/ABUSTFOR7.jpg	ABUSTFOR7.jpg	SPACE	620	SPACE
1447783113980	0	lts_1117L_30_01	30	01	1	73	0	0	0	CR	MAX	Aflowerpot9.jpg	Aflowerpot9.jpg	NOKEY	MAX	NOKEY
1447783117057	0	lts_1117L_30_01	30	01	1	74	0	0	0	CR	MAX	16/swimming pool.jpg	swimming pool.jpg	NOKEY	MAX	NOKEY
1447783118161	0	lts_1117L_30_01	30	01	1	75	16	1	1	Hit	625	16-first/Acautionroads.jpg	Acautionroads.jpg	SPACE	667	SPACE
1447783121237	0	lts_1117L_30_01	30	01	1	76	0	0	0	CR	MAX	ASPIDERW2.jpg	ASPIDERW2.jpg	NOKEY	MAX	NOKEY
1447783122256	0	lts_1117L_30_01	30	01	1	77	2	1	1	Hit	534	2-mul/Acautionroads.jpg	Acautionroads.jpg	SPACE	584	SPACE
1447783125333	0	lts_1117L_30_01	30	01	1	78	0	0	0	CR	MAX	16/22910996.thl.jpg	22910996.thl.jpg	NOKEY	MAX	NOKEY
1447783126453	0	lts_1117L_30_01	30	01	1	79	16	1	1	Hit	649	16-first/ASCREW24.jpg	ASCREW24.jpg	SPACE	685	SPACE
1447783129529	0	lts_1117L_30_01	30	01	1	80	0	0	0	CR	MAX	1/apparatus.jpg	apparatus.jpg	NOKEY	MAX	NOKEY
1447783130631	0	lts_1117L_30_01	30	01	1	81	1	1	1	Hit	630	1-6/apparatus.jpg	apparatus.jpg	SPACE	669	SPACE
1447783133724	0	lts_1117L_30_01	30	01	1	82	0	0	0	CR	MAX	AFISHNET3.jpg	AFISHNET3.jpg	NOKEY	MAX	NOKEY
1447783134727	0	lts_1117L_30_01	30	01	1	83	4	1	1	Hit	519	4-mul/ASCREW24.jpg	ASCREW24.jpg	SPACE	570	SPACE
1447783137803	0	lts_1117L_30_01	30	01	1	84	0	0	0	CR	MAX	Azebra8.jpg	Azebra8.jpg	NOKEY	MAX	NOKEY
1447783140896	0	lts_1117L_30_01	30	01	1	85	0	0	0	CR	MAX	Atoymoose.jpg	Atoymoose.jpg	NOKEY	MAX	NOKEY
1447783143972	0	lts_1117L_30_01	30	01	1	86	0	0	0	CR	MAX	Asoundmixer2.jpg	Asoundmixer2.jpg	NOKEY	MAX	NOKEY
1447783145043	0	lts_1117L_30_01	30	01	1	87	16	1	1	Hit	596	16-first/Adriedleaf.jpg	Adriedleaf.jpg	SPACE	636	SPACE
1447783148119	0	lts_1117L_30_01	30	01	1	88	0	0	0	CR	MAX	buffalowings.jpg	buffalowings.jpg	NOKEY	MAX	NOKEY
1447783151195	0	lts_1117L_30_01	30	01	1	89	0	0	0	CR	MAX	26424133.thl.jpg	26424133.thl.jpg	NOKEY	MAX	NOKEY
1447783152248	0	lts_1117L_30_01	30	01	1	90	16	1	1	Hit	581	16-first/swimming pool.jpg	swimming pool.jpg	SPACE	618	SPACE
1447783155324	0	lts_1117L_30_01	30	01	1	91	0	0	0	CR	MAX	Ashark7.jpg	Ashark7.jpg	NOKEY	MAX	NOKEY
1447783158400	0	lts_1117L_30_01	30	01	1	92	0	0	0	CR	MAX	8/22806086.thl.jpg	22806086.thl.jpg	NOKEY	MAX	NOKEY
1447783161476	0	lts_1117L_30_01	30	01	1	93	0	0	0	CR	MAX	AALMOND1.jpg	AALMOND1.jpg	NOKEY	MAX	NOKEY
1447783162563	0	lts_1117L_30_01	30	01	1	94	16	1	1	Hit	613	16-first/22910996.thl.jpg	22910996.thl.jpg	SPACE	652	SPACE
1447783165655	0	lts_1117L_30_01	30	01	1	95	0	0	0	CR	MAX	AHEDGEHOG.jpg	AHEDGEHOG.jpg	NOKEY	MAX	NOKEY
1447783168731	0	lts_1117L_30_01	30	01	1	96	0	0	0	CR	MAX	8021504.thl.jpg	8021504.thl.jpg	NOKEY	MAX	NOKEY
1447783171807	0	lts_1117L_30_01	30	01	1	97	0	0	0	CR	MAX	Atwowayradio2.jpg	Atwowayradio2.jpg	NOKEY	MAX	NOKEY
1447783172843	0	lts_1117L_30_01	30	01	1	98	4	1	1	Hit	557	4-mul/22910996.thl.jpg	22910996.thl.jpg	SPACE	603	SPACE
1447783175919	0	lts_1117L_30_01	30	01	1	99	0	0	0	CR	MAX	Avideocamera2.jpg	Avideocamera2.jpg	NOKEY	MAX	NOKEY
1447783177024	0	lts_1117L_30_01	30	01	1	100	8	1	1	Hit	629	8-0/22806086.thl.jpg	22806086.thl.jpg	SPACE	669	SPACE
1447783180100	0	lts_1117L_30_01	30	01	1	101	0	0	0	CR	MAX	26425370.thl.jpg	26425370.thl.jpg	NOKEY	MAX	NOKEY
1447783183176	0	lts_1117L_30_01	30	01	1	102	0	0	0	CR	MAX	Atoycoil.jpg	Atoycoil.jpg	NOKEY	MAX	NOKEY
1447783184396	0	lts_1117L_30_01	30	01	1	103	16	1	1	Hit	741	16-mul/Adriedleaf.jpg	Adriedleaf.jpg	SPACE	785	SPACE
1447783187472	0	lts_1117L_30_01	30	01	1	104	0	0	0	CR	MAX	corkscrew02.jpg	corkscrew02.jpg	NOKEY	MAX	NOKEY
1447783190548	0	lts_1117L_30_01	30	01	1	105	0	0	0	CR	MAX	AJOYSTIC1.jpg	AJOYSTIC1.jpg	NOKEY	MAX	NOKEY
1447783191634	0	lts_1117L_30_01	30	01	1	106	16	1	1	Hit	609	16-mul/swimming pool.jpg	swimming pool.jpg	SPACE	652	SPACE
1447783194710	0	lts_1117L_30_01	30	01	1	107	0	0	0	CR	MAX	16/ABREADMAC.jpg	ABREADMAC.jpg	NOKEY	MAX	NOKEY
1447783197786	0	lts_1117L_30_01	30	01	1	108	0	0	0	CR	MAX	1/22903148.thl.jpg	22903148.thl.jpg	NOKEY	MAX	NOKEY
1447783198773	0	lts_1117L_30_01	30	01	1	109	1	1	1	Hit	516	1-3/22903148.thl.jpg	22903148.thl.jpg	SPACE	552	SPACE
1447783201849	0	lts_1117L_30_01	30	01	1	110	0	0	0	CR	MAX	AFERRAF40.jpg	AFERRAF40.jpg	NOKEY	MAX	NOKEY
1447783204925	0	lts_1117L_30_01	30	01	1	111	0	0	0	CR	MAX	Aknife92.jpg	Aknife92.jpg	NOKEY	MAX	NOKEY
1447783208018	0	lts_1117L_30_01	30	01	1	112	0	0	0	CR	MAX	Acatheter.jpg	Acatheter.jpg	NOKEY	MAX	NOKEY
1447783211095	0	lts_1117L_30_01	30	01	1	113	0	0	0	CR	MAX	Agroundhog.jpg	Agroundhog.jpg	NOKEY	MAX	NOKEY
1447783214171	0	lts_1117L_30_01	30	01	1	114	0	0	0	CR	MAX	64/Aflower104.jpg	Aflower104.jpg	NOKEY	MAX	NOKEY
1447783215508	0	lts_1117L_30_01	30	01	1	115	64	1	1	Hit	854	64-first/ACOWBELL6.jpg	ACOWBELL6.jpg	SPACE	903	SPACE
1447783218600	0	lts_1117L_30_01	30	01	1	116	0	0	0	CR	MAX	35310232.thl.jpg	35310232.thl.jpg	NOKEY	MAX	NOKEY
1447783221676	0	lts_1117L_30_01	30	01	1	117	0	0	0	CR	MAX	champagnbottles.jpg	champagnbottles.jpg	NOKEY	MAX	NOKEY
1447783224769	0	lts_1117L_30_01	30	01	1	118	0	0	0	CR	MAX	AHOUSBOA3.jpg	AHOUSBOA3.jpg	NOKEY	MAX	NOKEY
1447783225788	0	lts_1117L_30_01	30	01	1	119	4	1	1	Hit	540	4-mul/ACOWBELL6.jpg	ACOWBELL6.jpg	SPACE	586	SPACE
1447783228864	0	lts_1117L_30_01	30	01	1	120	0	0	0	CR	MAX	Abeverageingl.jpg	Abeverageingl.jpg	NOKEY	MAX	NOKEY
1447783229934	0	lts_1117L_30_01	30	01	1	121	00	1	1	Hit	589	00-across/045.jpg	045.jpg	SPACE	636	SPACE
1447783233011	0	lts_1117L_30_01	30	01	1	122	0	0	0	CR	MAX	26379161.thl.jpg	26379161.thl.jpg	NOKEY	MAX	NOKEY
1447783234366	0	lts_1117L_30_01	30	01	1	123	16	1	1	Hit	874	16-first/ABREADMAC.jpg	ABREADMAC.jpg	SPACE	918	SPACE
1447783237442	0	lts_1117L_30_01	30	01	1	124	0	0	0	CR	MAX	8/AGLASSTAB.jpg	AGLASSTAB.jpg	NOKEY	MAX	NOKEY
1447783238577	0	lts_1117L_30_01	30	01	1	125	2	1	1	Hit	654	2-mul/ABREADMAC.jpg	ABREADMAC.jpg	SPACE	702	SPACE
1447783241654	0	lts_1117L_30_01	30	01	1	126	0	0	0	CR	MAX	2/Acocktailumb4.jpg	Acocktailumb4.jpg	NOKEY	MAX	NOKEY
1447783244730	0	lts_1117L_30_01	30	01	1	127	0	0	0	CR	MAX	APUTTER.jpg	APUTTER.jpg	NOKEY	MAX	NOKEY
1447783246001	0	lts_1117L_30_01	30	01	1	128	2	1	1	Hit	797	2-8/Acocktailumb4.jpg	Acocktailumb4.jpg	SPACE	836	SPACE
1447783249077	0	lts_1117L_30_01	30	01	1	129	0	0	0	CR	MAX	AFOUNTAI5.jpg	AFOUNTAI5.jpg	NOKEY	MAX	NOKEY
1447783252170	0	lts_1117L_30_01	30	01	1	130	0	0	0	CR	MAX	waterfilter.jpg	waterfilter.jpg	NOKEY	MAX	NOKEY
1447783255246	0	lts_1117L_30_01	30	01	1	131	0	0	0	CR	MAX	26433686.thl.jpg	26433686.thl.jpg	NOKEY	MAX	NOKEY
1447783256366	0	lts_1117L_30_01	30	01	1	132	8	1	1	Hit	645	8-first/AGLASSTAB.jpg	AGLASSTAB.jpg	SPACE	684	SPACE
1447783259442	0	lts_1117L_30_01	30	01	1	133	0	0	0	CR	MAX	64/ACURLINGI.jpg	ACURLINGI.jpg	NOKEY	MAX	NOKEY
1447783262518	0	lts_1117L_30_01	30	01	1	134	0	0	0	CR	MAX	8/Acompactdisc2.jpg	Acompactdisc2.jpg	NOKEY	MAX	NOKEY
1447783265593	0	lts_1117L_30_01	30	01	1	135	0	0	0	CR	MAX	2/22911500.thl.jpg	22911500.thl.jpg	NOKEY	MAX	NOKEY
1447783268669	0	lts_1117L_30_01	30	01	1	136	0	0	0	CR	MAX	ATAMBOURI.jpg	ATAMBOURI.jpg	NOKEY	MAX	NOKEY
1447783269689	0	lts_1117L_30_01	30	01	1	137	2	1	1	Hit	543	2-5/22911500.thl.jpg	22911500.thl.jpg	SPACE	586	SPACE
1447783272765	0	lts_1117L_30_01	30	01	1	138	0	0	0	CR	MAX	AHUBBLE.jpg	AHUBBLE.jpg	NOKEY	MAX	NOKEY
1447783275841	0	lts_1117L_30_01	30	01	1	139	0	0	0	CR	MAX	Ahandbag50.jpg	Ahandbag50.jpg	NOKEY	MAX	NOKEY
1447783276961	0	lts_1117L_30_01	30	01	1	140	128	1	1	Hit	651	128-7/ASCSIPORT.jpg	ASCSIPORT.jpg	SPACE	686	SPACE
1447783280038	0	lts_1117L_30_01	30	01	1	141	0	0	0	CR	MAX	ACOUPLEF2.jpg	ACOUPLEF2.jpg	NOKEY	MAX	NOKEY
1447783281192	0	lts_1117L_30_01	30	01	1	142	8	1	1	Hit	680	8-first/Acompactdisc2.jpg	Acompactdisc2.jpg	SPACE	718	SPACE
1447783284268	0	lts_1117L_30_01	30	01	1	143	0	0	0	CR	MAX	APEELER.jpg	APEELER.jpg	NOKEY	MAX	NOKEY
1447783285355	0	lts_1117L_30_01	30	01	1	144	2	1	1	Hit	614	2-mul/Acompactdisc2.jpg	Acompactdisc2.jpg	SPACE	651	SPACE
1447783288431	0	lts_1117L_30_01	30	01	1	145	0	0	0	CR	MAX	128/Acdrominterf2.jpg	Acdrominterf2.jpg	NOKEY	MAX	NOKEY
1447783291507	0	lts_1117L_30_01	30	01	1	146	0	0	0	CR	MAX	8/Ainflatable10.jpg	Ainflatable10.jpg	NOKEY	MAX	NOKEY
1447783294265	0	lts_1117L_30_01	30	01	1	147	0	0	1	FA	2275	Arooster15.jpg	Arooster15.jpg	SPACE	2323	NOKEY
1447783295335	0	lts_1117L_30_01	30	01	1	148	16	1	1	Hit	596	16-mul/AGLASSTAB.jpg	AGLASSTAB.jpg	SPACE	634	SPACE
1447783298428	0	lts_1117L_30_01	30	01	1	149	0	0	0	CR	MAX	Ahappdec4.jpg	Ahappdec4.jpg	NOKEY	MAX	NOKEY
1447783301504	0	lts_1117L_30_01	30	01	1	150	0	0	0	CR	MAX	26428110.thl.jpg	26428110.thl.jpg	NOKEY	MAX	NOKEY
1447783304579	0	lts_1117L_30_01	30	01	1	151	0	0	0	CR	MAX	ANUTCRA10.jpg	ANUTCRA10.jpg	NOKEY	MAX	NOKEY
1447783307689	0	lts_1117L_30_01	30	01	1	152	0	0	0	CR	MAX	Aruler16.jpg	Aruler16.jpg	NOKEY	MAX	NOKEY
1447783310765	0	lts_1117L_30_01	30	01	1	153	0	0	0	CR	MAX	64/confettipopper.jpg	confettipopper.jpg	NOKEY	MAX	NOKEY
1447783311901	0	lts_1117L_30_01	30	01	1	154	8	1	1	Hit	662	8-1/Ainflatable10.jpg	Ainflatable10.jpg	SPACE	703	SPACE
1447783314978	0	lts_1117L_30_01	30	01	1	155	0	0	0	CR	MAX	ABEADS4.jpg	ABEADS4.jpg	NOKEY	MAX	NOKEY
1447783318055	0	lts_1117L_30_01	30	01	1	156	0	0	0	CR	MAX	8020347.thl.jpg	8020347.thl.jpg	NOKEY	MAX	NOKEY
1447783321131	0	lts_1117L_30_01	30	01	1	157	0	0	0	CR	MAX	AGRILL1.jpg	AGRILL1.jpg	NOKEY	MAX	NOKEY
1447783324207	0	lts_1117L_30_01	30	01	1	158	0	0	0	CR	MAX	Ababmonit.jpg	Ababmonit.jpg	NOKEY	MAX	NOKEY
1447783327283	0	lts_1117L_30_01	30	01	1	159	0	0	0	CR	MAX	26372237.thl.jpg	26372237.thl.jpg	NOKEY	MAX	NOKEY
1447783330359	0	lts_1117L_30_01	30	01	1	160	0	0	0	CR	MAX	Abellows4.jpg	Abellows4.jpg	NOKEY	MAX	NOKEY
1447783333435	0	lts_1117L_30_01	30	01	1	161	0	0	0	CR	MAX	1/Aancientstat3.jpg	Aancientstat3.jpg	NOKEY	MAX	NOKEY
1447783334488	0	lts_1117L_30_01	30	01	1	162	1	1	1	Hit	569	1-1/Aancientstat3.jpg	Aancientstat3.jpg	SPACE	618	SPACE
1447783337564	0	lts_1117L_30_01	30	01	1	163	0	0	0	CR	MAX	4/Abulbprotect2.jpg	Abulbprotect2.jpg	NOKEY	MAX	NOKEY
1447783340656	0	lts_1117L_30_01	30	01	1	164	0	0	0	CR	MAX	paintbrush03.jpg	paintbrush03.jpg	NOKEY	MAX	NOKEY
1447783343732	0	lts_1117L_30_01	30	01	1	165	0	0	0	CR	MAX	Achair608.jpg	Achair608.jpg	NOKEY	MAX	NOKEY
1447783346808	0	lts_1117L_30_01	30	01	1	166	0	0	0	CR	MAX	26375611.thl.jpg	26375611.thl.jpg	NOKEY	MAX	NOKEY
1447783347895	0	lts_1117L_30_01	30	01	1	167	4	1	1	Hit	618	4-0/Abulbprotect2.jpg	Abulbprotect2.jpg	SPACE	653	SPACE
1447783350988	0	lts_1117L_30_01	30	01	1	168	0	0	0	CR	MAX	Acoatrack5.jpg	Acoatrack5.jpg	NOKEY	MAX	NOKEY
1447783352142	0	lts_1117L_30_01	30	01	1	169	00	1	1	Hit	673	00-across/AFRENCHF2.jpg	AFRENCHF2.jpg	SPACE	718	SPACE
1447783355218	0	lts_1117L_30_01	30	01	1	170	0	0	0	CR	MAX	ATOWRACK3.jpg	ATOWRACK3.jpg	NOKEY	MAX	NOKEY
1447783358294	0	lts_1117L_30_01	30	01	1	171	0	0	0	CR	MAX	2/Akitchenisla4.jpg	Akitchenisla4.jpg	NOKEY	MAX	NOKEY
1447783361370	0	lts_1117L_30_01	30	01	1	172	0	0	0	CR	MAX	4/pretzelsticks.jpg	pretzelsticks.jpg	NOKEY	MAX	NOKEY
1447783362524	0	lts_1117L_30_01	30	01	1	173	2	1	1	Hit	674	2-7/Akitchenisla4.jpg	Akitchenisla4.jpg	SPACE	719	SPACE
1447783365616	0	lts_1117L_30_01	30	01	1	174	0	0	0	CR	MAX	32/22857084.thl.jpg	22857084.thl.jpg	NOKEY	MAX	NOKEY
1447783368692	0	lts_1117L_30_01	30	01	1	175	0	0	0	CR	MAX	AHEATER3.jpg	AHEATER3.jpg	NOKEY	MAX	NOKEY
1447783369795	0	lts_1117L_30_01	30	01	1	176	4	1	1	Hit	635	4-9/pretzelsticks.jpg	pretzelsticks.jpg	SPACE	670	SPACE
1447783372871	0	lts_1117L_30_01	30	01	1	177	0	0	0	CR	MAX	Arubbergloves.jpg	Arubbergloves.jpg	NOKEY	MAX	NOKEY
1447783374176	0	lts_1117L_30_01	30	01	1	178	64	1	1	Hit	832	64-first/Aflower104.jpg	Aflower104.jpg	SPACE	869	SPACE
1447783377269	0	lts_1117L_30_01	30	01	1	179	0	0	0	CR	MAX	1/Acanoe19.jpg	Acanoe19.jpg	NOKEY	MAX	NOKEY
1447783378389	0	lts_1117L_30_01	30	01	1	180	1	1	1	Hit	641	1-5/Acanoe19.jpg	Acanoe19.jpg	SPACE	685	SPACE
1447783381465	0	lts_1117L_30_01	30	01	1	181	0	0	0	CR	MAX	ASWANWHIT.jpg	ASWANWHIT.jpg	NOKEY	MAX	NOKEY
1447783382518	0	lts_1117L_30_01	30	01	1	182	4	1	1	Hit	569	4-mul/Aflower104.jpg	Aflower104.jpg	SPACE	618	SPACE
1447783385593	0	lts_1117L_30_01	30	01	1	183	0	0	0	CR	MAX	AREDBEAN5.jpg	AREDBEAN5.jpg	NOKEY	MAX	NOKEY
1447783388669	0	lts_1117L_30_01	30	01	1	184	0	0	0	CR	MAX	railroadblock.jpg	railroadblock.jpg	NOKEY	MAX	NOKEY
1447783391762	0	lts_1117L_30_01	30	01	1	185	0	0	0	CR	MAX	1/bobbypins.JPG	bobbypins.JPG	NOKEY	MAX	NOKEY
1447783392932	0	lts_1117L_30_01	30	01	1	186	1	1	1	Hit	693	1-9/bobbypins.JPG	bobbypins.JPG	SPACE	736	SPACE
1447783396009	0	lts_1117L_30_01	30	01	1	187	0	0	0	CR	MAX	Akazoo2.jpg	Akazoo2.jpg	NOKEY	MAX	NOKEY
1447783397113	0	lts_1117L_30_01	30	01	1	188	128	1	1	Hit	630	128-6/Atoyfiretru11.jpg	Atoyfiretru11.jpg	SPACE	668	SPACE
1447783400189	0	lts_1117L_30_01	30	01	1	189	0	0	0	CR	MAX	1/Akitchensinka.jpg	Akitchensinka.jpg	NOKEY	MAX	NOKEY
1447783401309	0	lts_1117L_30_01	30	01	1	190	1	1	1	Hit	650	1-4/Akitchensinka.jpg	Akitchensinka.jpg	SPACE	685	SPACE
1447783404402	0	lts_1117L_30_01	30	01	1	191	0	0	0	CR	MAX	Ataperecorde4.jpg	Ataperecorde4.jpg	NOKEY	MAX	NOKEY
1447783407478	0	lts_1117L_30_01	30	01	1	192	0	0	0	CR	MAX	2/26372669.thl.jpg	26372669.thl.jpg	NOKEY	MAX	NOKEY
1447783410554	0	lts_1117L_30_01	30	01	1	193	0	0	0	CR	MAX	26439074.thl.jpg	26439074.thl.jpg	NOKEY	MAX	NOKEY
1447783411557	0	lts_1117L_30_01	30	01	1	194	2	1	1	Hit	521	2-11/26372669.thl.jpg	26372669.thl.jpg	SPACE	569	SPACE
1447783414632	0	lts_1117L_30_01	30	01	1	195	0	0	0	CR	MAX	ADIRECSI3.jpg	ADIRECSI3.jpg	NOKEY	MAX	NOKEY
1447783417708	0	lts_1117L_30_01	30	01	1	196	64	1	0	Miss	MAX	64/tape-a.jpg	tape-a.jpg	NOKEY	MAX	SPACE
1447783419565	0	lts_1117L_30_01	30	01	1	197	64	1	1	Hit	1385	64-first/ACURLINGI.jpg	ACURLINGI.jpg	SPACE	1422	SPACE
1447783422657	0	lts_1117L_30_01	30	01	1	198	0	0	0	CR	MAX	4/ACOFFPOT3.jpg	ACOFFPOT3.jpg	NOKEY	MAX	NOKEY
1447783425733	0	lts_1117L_30_01	30	01	1	199	0	0	0	CR	MAX	32/ADOGLEAS2.jpg	ADOGLEAS2.jpg	NOKEY	MAX	NOKEY
1447783428809	0	lts_1117L_30_01	30	01	1	200	0	0	0	CR	MAX	gingerbreadcookie.jpg	gingerbreadcookie.jpg	NOKEY	MAX	NOKEY
1447783431885	0	lts_1117L_30_01	30	01	1	201	0	0	0	CR	MAX	128/Awindow19.jpg	Awindow19.jpg	NOKEY	MAX	NOKEY
1447783433106	0	lts_1117L_30_01	30	01	1	202	4	1	1	Hit	737	4-12/ACOFFPOT3.jpg	ACOFFPOT3.jpg	SPACE	786	SPACE
1447783436199	0	lts_1117L_30_01	30	01	1	203	0	0	0	CR	MAX	AMICRO67.jpg	AMICRO67.jpg	NOKEY	MAX	NOKEY
1447783439275	0	lts_1117L_30_01	30	01	1	204	0	0	0	CR	MAX	16/AGLASSTRO.jpg	AGLASSTRO.jpg	NOKEY	MAX	NOKEY
1447783442351	0	lts_1117L_30_01	30	01	1	205	0	0	0	CR	MAX	Aeggcup224.jpg	Aeggcup224.jpg	NOKEY	MAX	NOKEY
1447783443438	0	lts_1117L_30_01	30	01	1	206	32	1	1	Hit	614	32-3/22857084.thl.jpg	22857084.thl.jpg	SPACE	652	SPACE
1447783446514	0	lts_1117L_30_01	30	01	1	207	0	0	0	CR	MAX	4/10049464.thl.jpg	10049464.thl.jpg	NOKEY	MAX	NOKEY
1447783449606	0	lts_1117L_30_01	30	01	1	208	0	0	0	CR	MAX	32/26437028.thl.jpg	26437028.thl.jpg	NOKEY	MAX	NOKEY
1447783452682	0	lts_1117L_30_01	30	01	1	209	0	0	0	CR	MAX	26545643.thl.jpg	26545643.thl.jpg	NOKEY	MAX	NOKEY
1447783454020	0	lts_1117L_30_01	30	01	1	210	0	0	1	FA	864	32/ACOCONUT2.jpg	ACOCONUT2.jpg	SPACE	903	NOKEY
1447783455274	0	lts_1117L_30_01	30	01	1	211	4	1	1	Hit	769	4-3/10049464.thl.jpg	10049464.thl.jpg	SPACE	818	SPACE
1447783458400	0	lts_1117L_30_01	30	01	1	212	0	0	0	CR	MAX	Apedestal3.jpg	Apedestal3.jpg	NOKEY	MAX	NOKEY
1447783459487	0	lts_1117L_30_01	30	01	1	213	16	1	1	Hit	617	16-mul/ACURLINGI.jpg	ACURLINGI.jpg	SPACE	652	SPACE
1447783462563	0	lts_1117L_30_01	30	01	1	214	0	0	0	CR	MAX	128/AARROWS2.jpg	AARROWS2.jpg	NOKEY	MAX	NOKEY
1447783465638	0	lts_1117L_30_01	30	01	1	215	0	0	0	CR	MAX	Abladetablesa.jpg	Abladetablesa.jpg	NOKEY	MAX	NOKEY
1447783468714	0	lts_1117L_30_01	30	01	1	216	0	0	0	CR	MAX	A1991CHE7.jpg	A1991CHE7.jpg	NOKEY	MAX	NOKEY
1447783469834	0	lts_1117L_30_01	30	01	1	217	64	1	1	Hit	637	64-first/confettipopper.jpg	confettipopper.jpg	SPACE	686	SPACE
1447783471606	0	lts_1117L_30_01	30	01	1	218	0	0	1	FA	1297	AGOAT10.jpg	AGOAT10.jpg	SPACE	1338	NOKEY
1447783474682	0	lts_1117L_30_01	30	01	1	219	0	0	0	CR	MAX	26431205.thl.jpg	26431205.thl.jpg	NOKEY	MAX	NOKEY
1447783475919	0	lts_1117L_30_01	30	01	1	220	16	1	1	Hit	759	16-first/AGLASSTRO.jpg	AGLASSTRO.jpg	SPACE	803	SPACE
1447783478995	0	lts_1117L_30_01	30	01	1	221	0	0	0	CR	MAX	10052787.thm.jpg	10052787.thm.jpg	NOKEY	MAX	NOKEY
1447783480167	0	lts_1117L_30_01	30	01	1	222	2	1	1	Hit	686	2-mul/AGLASSTRO.jpg	AGLASSTRO.jpg	SPACE	735	SPACE
1447783483243	0	lts_1117L_30_01	30	01	1	223	0	0	0	CR	MAX	26443034.thl.jpg	26443034.thl.jpg	NOKEY	MAX	NOKEY
1447783484430	0	lts_1117L_30_01	30	01	1	224	00	1	1	Hit	708	00-across/AEASEL22.jpg	AEASEL22.jpg	SPACE	753	SPACE
1447783487523	0	lts_1117L_30_01	30	01	1	225	0	0	0	CR	MAX	1/Adracmask.jpg	Adracmask.jpg	NOKEY	MAX	NOKEY
1447783488509	0	lts_1117L_30_01	30	01	1	226	1	1	1	Hit	512	1-2/Adracmask.jpg	Adracmask.jpg	SPACE	552	SPACE
1447783491601	0	lts_1117L_30_01	30	01	1	227	0	0	0	CR	MAX	64/AORIGIRL3.jpg	AORIGIRL3.jpg	NOKEY	MAX	NOKEY
1447783494677	0	lts_1117L_30_01	30	01	1	228	0	0	0	CR	MAX	ABABYDOLL.jpg	ABABYDOLL.jpg	NOKEY	MAX	NOKEY
1447783496149	0	lts_1117L_30_01	30	01	1	229	0	0	1	FA	991	Apenguin2.jpg	Apenguin2.jpg	SPACE	1037	NOKEY
1447783499225	0	lts_1117L_30_01	30	01	1	230	0	0	0	CR	MAX	for28524.jpg	for28524.jpg	NOKEY	MAX	NOKEY
1447783500429	0	lts_1117L_30_01	30	01	1	231	32	1	1	Hit	731	32-0/ADOGLEAS2.jpg	ADOGLEAS2.jpg	SPACE	769	SPACE
1447783503505	0	lts_1117L_30_01	30	01	1	232	0	0	0	CR	MAX	15870946.thl.jpg	15870946.thl.jpg	NOKEY	MAX	NOKEY
1447783504491	0	lts_1117L_30_01	30	01	1	233	16	1	1	Hit	515	16-mul/confettipopper.jpg	confettipopper.jpg	SPACE	552	SPACE
1447783507567	0	lts_1117L_30_01	30	01	1	234	0	0	0	CR	MAX	ACOFFTA18.jpg	ACOFFTA18.jpg	NOKEY	MAX	NOKEY
1447783510642	0	lts_1117L_30_01	30	01	1	235	0	0	0	CR	MAX	B_makeupbag.jpg	B_makeupbag.jpg	NOKEY	MAX	NOKEY
1447783512732	0	lts_1117L_30_01	30	01	1	236	00	1	1	Hit	1617	00-across/AFILEFOL4.jpg	AFILEFOL4.jpg	SPACE	1656	SPACE
1447783515808	0	lts_1117L_30_01	30	01	1	237	0	0	0	CR	MAX	64/26425323.thl.jpg	26425323.thl.jpg	NOKEY	MAX	NOKEY
1447783518901	0	lts_1117L_30_01	30	01	1	238	0	0	0	CR	MAX	strawberrytart.jpg	strawberrytart.jpg	NOKEY	MAX	NOKEY
1447783521977	0	lts_1117L_30_01	30	01	1	239	0	0	0	CR	MAX	ABROOCH52.jpg	ABROOCH52.jpg	NOKEY	MAX	NOKEY
1447783523165	0	lts_1117L_30_01	30	01	1	240	32	1	1	Hit	716	32-5/26437028.thl.jpg	26437028.thl.jpg	SPACE	753	SPACE
1447783526241	0	lts_1117L_30_01	30	01	1	241	0	0	0	CR	MAX	AELEAGEN3.jpg	AELEAGEN3.jpg	NOKEY	MAX	NOKEY
1447783527311	0	lts_1117L_30_01	30	01	1	242	32	1	1	Hit	592	32-6/ACOCONUT2.jpg	ACOCONUT2.jpg	SPACE	635	SPACE
1447783530387	0	lts_1117L_30_01	30	01	1	243	0	0	0	CR	MAX	2/26428682.thl.jpg	26428682.thl.jpg	NOKEY	MAX	NOKEY
1447783533463	0	lts_1117L_30_01	30	01	1	244	0	0	0	CR	MAX	8/Arose10.jpg	Arose10.jpg	NOKEY	MAX	NOKEY
1447783534599	0	lts_1117L_30_01	30	01	1	245	2	1	1	Hit	659	2-6/26428682.thl.jpg	26428682.thl.jpg	SPACE	703	SPACE
1447783537675	0	lts_1117L_30_01	30	01	1	246	0	0	0	CR	MAX	128/AGAUGE.jpg	AGAUGE.jpg	NOKEY	MAX	NOKEY
1447783540751	0	lts_1117L_30_01	30	01	1	247	0	0	0	CR	MAX	supersmilefloss.jpg	supersmilefloss.jpg	NOKEY	MAX	NOKEY
1447783543844	0	lts_1117L_30_01	30	01	1	248	0	0	0	CR	MAX	Alampsanddes5.jpg	Alampsanddes5.jpg	NOKEY	MAX	NOKEY
1447783545616	0	lts_1117L_30_01	30	01	1	249	0	0	1	FA	1300	16/AHARMONS2.jpg	AHARMONS2.jpg	SPACE	1339	NOKEY
1447783548692	0	lts_1117L_30_01	30	01	1	250	0	0	0	CR	MAX	Adresser11.jpg	Adresser11.jpg	NOKEY	MAX	NOKEY
1447783551768	0	lts_1117L_30_01	30	01	1	251	0	0	0	CR	MAX	Abreakpl2.jpg	Abreakpl2.jpg	NOKEY	MAX	NOKEY
1447783552838	0	lts_1117L_30_01	30	01	1	252	8	1	1	Hit	596	8-first/Arose10.jpg	Arose10.jpg	SPACE	637	SPACE
1447783555914	0	lts_1117L_30_01	30	01	1	253	0	0	0	CR	MAX	ABLACKNEC.jpg	ABLACKNEC.jpg	NOKEY	MAX	NOKEY
1447783557102	0	lts_1117L_30_01	30	01	1	254	2	1	1	Hit	705	2-mul/Arose10.jpg	Arose10.jpg	SPACE	753	SPACE
1447783560178	0	lts_1117L_30_01	30	01	1	255	0	0	0	CR	MAX	22856988.thl.jpg	22856988.thl.jpg	NOKEY	MAX	NOKEY
1447783563254	0	lts_1117L_30_01	30	01	1	256	0	0	0	CR	MAX	Acomputerdes8.jpg	Acomputerdes8.jpg	NOKEY	MAX	NOKEY
1447783566330	0	lts_1117L_30_01	30	01	1	257	0	0	0	CR	MAX	26427950.thl.jpg	26427950.thl.jpg	NOKEY	MAX	NOKEY
1447783569406	0	lts_1117L_30_01	30	01	1	258	0	0	0	CR	MAX	26432173.thl.jpg	26432173.thl.jpg	NOKEY	MAX	NOKEY
1447783572482	0	lts_1117L_30_01	30	01	1	259	0	0	0	CR	MAX	26374146.thl.jpg	26374146.thl.jpg	NOKEY	MAX	NOKEY
1447783573651	0	lts_1117L_30_01	30	01	1	260	64	1	1	Hit	692	64-first/tape-a.jpg	tape-a.jpg	SPACE	735	SPACE
1447783576727	0	lts_1117L_30_01	30	01	1	261	0	0	0	CR	MAX	26424973.thl.jpg	26424973.thl.jpg	NOKEY	MAX	NOKEY
1447783577764	0	lts_1117L_30_01	30	01	1	262	2	1	1	Hit	562	2-mul/tape-a.jpg	tape-a.jpg	SPACE	603	SPACE
1447783580857	0	lts_1117L_30_01	30	01	1	263	0	0	0	CR	MAX	eraserbrush.jpg	eraserbrush.jpg	NOKEY	MAX	NOKEY
1447783583933	0	lts_1117L_30_01	30	01	1	264	0	0	0	CR	MAX	Awhistl15.jpg	Awhistl15.jpg	NOKEY	MAX	NOKEY
1447783585154	0	lts_1117L_30_01	30	01	1	265	16	1	1	Hit	749	16-first/AHARMONS2.jpg	AHARMONS2.jpg	SPACE	786	SPACE
1447783588230	0	lts_1117L_30_01	30	01	1	266	0	0	0	CR	MAX	AANTIBIK4.jpg	AANTIBIK4.jpg	NOKEY	MAX	NOKEY
1447783591306	0	lts_1117L_30_01	30	01	1	267	0	0	0	CR	MAX	64/Astackingtoy2.jpg	Astackingtoy2.jpg	NOKEY	MAX	NOKEY
1447783594382	0	lts_1117L_30_01	30	01	1	268	0	0	0	CR	MAX	ACOMPAS20.jpg	ACOMPAS20.jpg	NOKEY	MAX	NOKEY
1447783595436	0	lts_1117L_30_01	30	01	1	269	4	1	1	Hit	580	4-mul/AHARMONS2.jpg	AHARMONS2.jpg	SPACE	618	SPACE
1447783598512	0	lts_1117L_30_01	30	01	1	270	0	0	0	CR	MAX	8/ABATHSTE2.jpg	ABATHSTE2.jpg	NOKEY	MAX	NOKEY
1447783601587	0	lts_1117L_30_01	30	01	1	271	0	0	0	CR	MAX	redonion.jpg	redonion.jpg	NOKEY	MAX	NOKEY
1447783604663	0	lts_1117L_30_01	30	01	1	272	0	0	0	CR	MAX	A95CHEROK.jpg	A95CHEROK.jpg	NOKEY	MAX	NOKEY
1447783607422	0	lts_1117L_30_01	30	01	1	273	128	1	1	Hit	2284	128-4/Acdrominterf2.jpg	Acdrominterf2.jpg	SPACE	2325	SPACE
1447783609428	0	lts_1117L_30_01	30	01	1	274	0	0	1	FA	1531	Astonecarvin8.jpg	Astonecarvin8.jpg	SPACE	1571	NOKEY
1447783612504	0	lts_1117L_30_01	30	01	1	275	0	0	0	CR	MAX	32/8022302.thl.jpg	8022302.thl.jpg	NOKEY	MAX	NOKEY
1447783615580	0	lts_1117L_30_01	30	01	1	276	0	0	0	CR	MAX	Ascarf3.jpg	Ascarf3.jpg	NOKEY	MAX	NOKEY
1447783618672	0	lts_1117L_30_01	30	01	1	277	0	0	0	CR	MAX	ASCALE30.jpg	ASCALE30.jpg	NOKEY	MAX	NOKEY
1447783619893	0	lts_1117L_30_01	30	01	1	278	8	1	1	Hit	723	8-first/ABATHSTE2.jpg	ABATHSTE2.jpg	SPACE	770	SPACE
1447783622969	0	lts_1117L_30_01	30	01	1	279	0	0	0	CR	MAX	AANTTRUCK.jpg	AANTTRUCK.jpg	NOKEY	MAX	NOKEY
1447783626046	0	lts_1117L_30_01	30	01	1	280	0	0	0	CR	MAX	Aancientstat4.jpg	Aancientstat4.jpg	NOKEY	MAX	NOKEY
1447783629122	0	lts_1117L_30_01	30	01	1	281	0	0	0	CR	MAX	Aberries5.jpg	Aberries5.jpg	NOKEY	MAX	NOKEY
1447783630192	0	lts_1117L_30_01	30	01	1	282	4	1	1	Hit	588	4-mul/ABATHSTE2.jpg	ABATHSTE2.jpg	SPACE	635	SPACE
1447783633268	0	lts_1117L_30_01	30	01	1	283	0	0	0	CR	MAX	ACLAM.jpg	ACLAM.jpg	NOKEY	MAX	NOKEY
1447783636344	0	lts_1117L_30_01	30	01	1	284	0	0	0	CR	MAX	4/marshmallows.jpg	marshmallows.jpg	NOKEY	MAX	NOKEY
1447783639420	0	lts_1117L_30_01	30	01	1	285	0	0	0	CR	MAX	1/Aalmond4.jpg	Aalmond4.jpg	NOKEY	MAX	NOKEY
1447783640356	0	lts_1117L_30_01	30	01	1	286	1	1	1	Hit	453	1-14/Aalmond4.jpg	Aalmond4.jpg	SPACE	501	SPACE
1447783643449	0	lts_1117L_30_01	30	01	1	287	0	0	0	CR	MAX	blackjackcasinotable.jpg	blackjackcasinotable.jpg	NOKEY	MAX	NOKEY
1447783644702	0	lts_1117L_30_01	30	01	1	288	4	1	1	Hit	778	4-11/marshmallows.jpg	marshmallows.jpg	SPACE	820	SPACE
1447783647778	0	lts_1117L_30_01	30	01	1	289	0	0	0	CR	MAX	4/26374731.thl.jpg	26374731.thl.jpg	NOKEY	MAX	NOKEY
1447783650871	0	lts_1117L_30_01	30	01	1	290	0	0	0	CR	MAX	32/ACUTLERYB.jpg	ACUTLERYB.jpg	NOKEY	MAX	NOKEY
1447783652059	0	lts_1117L_30_01	30	01	1	291	64	1	1	Hit	705	64-first/AORIGIRL3.jpg	AORIGIRL3.jpg	SPACE	752	SPACE
1447783655135	0	lts_1117L_30_01	30	01	1	292	0	0	0	CR	MAX	Atoyhelicopte.jpg	Atoyhelicopte.jpg	NOKEY	MAX	NOKEY
1447783656739	0	lts_1117L_30_01	30	01	1	293	4	1	1	Hit	1130	4-4/26374731.thl.jpg	26374731.thl.jpg	SPACE	1170	SPACE
1447783659815	0	lts_1117L_30_01	30	01	1	294	0	0	0	CR	MAX	ABUMBBE2.jpg	ABUMBBE2.jpg	NOKEY	MAX	NOKEY
1447783660834	0	lts_1117L_30_01	30	01	1	295	4	1	1	Hit	544	4-mul/AORIGIRL3.jpg	AORIGIRL3.jpg	SPACE	586	SPACE
1447783663910	0	lts_1117L_30_01	30	01	1	296	0	0	0	CR	MAX	2/AARTICHO1.jpg	AARTICHO1.jpg	NOKEY	MAX	NOKEY
1447783666987	0	lts_1117L_30_01	30	01	1	297	0	0	0	CR	MAX	AANTMILK.jpg	AANTMILK.jpg	NOKEY	MAX	NOKEY
1447783667973	0	lts_1117L_30_01	30	01	1	298	2	1	1	Hit	504	2-1/AARTICHO1.jpg	AARTICHO1.jpg	SPACE	552	SPACE
1447783669428	0	lts_1117L_30_01	30	01	1	299	0	0	1	FA	984	AWATERING.jpg	AWATERING.jpg	SPACE	1021	NOKEY
1447783672505	0	lts_1117L_30_01	30	01	1	300	0	0	0	CR	MAX	AAT7.jpg	AAT7.jpg	NOKEY	MAX	NOKEY
1447783673924	0	lts_1117L_30_01	30	01	1	301	64	1	1	Hit	937	64-first/26425323.thl.jpg	26425323.thl.jpg	SPACE	986	SPACE
1447783675196	0	lts_1117L_30_01	30	01	1	302	0	0	1	FA	772	128/Amonkey5.jpg	Amonkey5.jpg	SPACE	819	NOKEY
1447783676616	0	lts_1117L_30_01	30	01	1	303	2	1	1	Hit	946	2-mul/26425323.thl.jpg	26425323.thl.jpg	SPACE	986	SPACE
1447783679692	0	lts_1117L_30_01	30	01	1	304	0	0	0	CR	MAX	AROCKET11.jpg	AROCKET11.jpg	NOKEY	MAX	NOKEY
1447783682768	0	lts_1117L_30_01	30	01	1	305	0	0	0	CR	MAX	AORIENBOW.jpg	AORIENBOW.jpg	NOKEY	MAX	NOKEY
1447783685861	0	lts_1117L_30_01	30	01	1	306	0	0	0	CR	MAX	8/skateboard.jpg	skateboard.jpg	NOKEY	MAX	NOKEY
1447783687066	0	lts_1117L_30_01	30	01	1	307	32	1	1	Hit	727	32-2/8022302.thl.jpg	8022302.thl.jpg	SPACE	769	SPACE
1447783690142	0	lts_1117L_30_01	30	01	1	308	0	0	0	CR	MAX	8019684.thl.jpg	8019684.thl.jpg	NOKEY	MAX	NOKEY
1447783693218	0	lts_1117L_30_01	30	01	1	309	0	0	0	CR	MAX	128/ALINTREMO.jpg	ALINTREMO.jpg	NOKEY	MAX	NOKEY
1447783696294	0	lts_1117L_30_01	30	01	1	310	0	0	0	CR	MAX	2/wok.jpg	wok.jpg	NOKEY	MAX	NOKEY
1447783699387	0	lts_1117L_30_01	30	01	1	311	0	0	0	CR	MAX	Atool221.jpg	Atool221.jpg	NOKEY	MAX	NOKEY
1447783700440	0	lts_1117L_30_01	30	01	1	312	2	1	1	Hit	582	2-10/wok.jpg	wok.jpg	SPACE	619	SPACE
1447783703516	0	lts_1117L_30_01	30	01	1	313	0	0	0	CR	MAX	34935544.thl.jpg	34935544.thl.jpg	NOKEY	MAX	NOKEY
1447783704618	0	lts_1117L_30_01	30	01	1	314	8	1	1	Hit	629	8-first/skateboard.jpg	skateboard.jpg	SPACE	669	SPACE
1447783707694	0	lts_1117L_30_01	30	01	1	315	0	0	0	CR	MAX	erasergum.jpg	erasergum.jpg	NOKEY	MAX	NOKEY
1447783710770	0	lts_1117L_30_01	30	01	1	316	00	1	0	Miss	MAX	00-across/Atrailer5.jpg	Atrailer5.jpg	NOKEY	MAX	SPACE
1447783713846	0	lts_1117L_30_01	30	01	1	317	0	0	0	CR	MAX	Abottleofwin4.jpg	Abottleofwin4.jpg	NOKEY	MAX	NOKEY
1447783714849	0	lts_1117L_30_01	30	01	1	318	4	1	1	Hit	529	4-mul/skateboard.jpg	skateboard.jpg	SPACE	569	SPACE
1447783717925	0	lts_1117L_30_01	30	01	1	319	0	0	0	CR	MAX	AHYPBOTT.jpg	AHYPBOTT.jpg	NOKEY	MAX	NOKEY
1447783721003	0	lts_1117L_30_01	30	01	1	320	0	0	0	CR	MAX	Agarbagebag.jpg	Agarbagebag.jpg	NOKEY	MAX	NOKEY
1447783724079	0	lts_1117L_30_01	30	01	1	321	0	0	0	CR	MAX	Atoyelephant.jpg	Atoyelephant.jpg	NOKEY	MAX	NOKEY
1447783725182	0	lts_1117L_30_01	30	01	1	322	32	1	1	Hit	622	32-7/ACUTLERYB.jpg	ACUTLERYB.jpg	SPACE	668	SPACE
1447783728158	0	lts_1117L_30_01	30	01	1	323	0	0	1	FA	2484	1/Atoychestfor3.jpg	Atoychestfor3.jpg	SPACE	2524	NOKEY
1447783729211	0	lts_1117L_30_01	30	01	1	324	1	1	1	Hit	582	1-13/Atoychestfor3.jpg	Atoychestfor3.jpg	SPACE	618	SPACE
1447783732287	0	lts_1117L_30_01	30	01	1	325	0	0	0	CR	MAX	ABLACKB14.jpg	ABLACKB14.jpg	NOKEY	MAX	NOKEY
1447783735363	0	lts_1117L_30_01	30	01	1	326	0	0	0	CR	MAX	ALIONWALK.jpg	ALIONWALK.jpg	NOKEY	MAX	NOKEY
1447783738439	0	lts_1117L_30_01	30	01	1	327	0	0	0	CR	MAX	Ablackboardw3.jpg	Ablackboardw3.jpg	NOKEY	MAX	NOKEY
1447783741515	0	lts_1117L_30_01	30	01	1	328	0	0	0	CR	MAX	APIESERVE.jpg	APIESERVE.jpg	NOKEY	MAX	NOKEY
1447783744590	0	lts_1117L_30_01	30	01	1	329	128	1	0	Miss	MAX	128-3/Awindow19.jpg	Awindow19.jpg	NOKEY	MAX	SPACE
1447783747666	0	lts_1117L_30_01	30	01	1	330	0	0	0	CR	MAX	Aantiquejuke2.jpg	Aantiquejuke2.jpg	NOKEY	MAX	NOKEY
1447783748803	0	lts_1117L_30_01	30	01	1	331	64	1	1	Hit	656	64-first/Astackingtoy2.jpg	Astackingtoy2.jpg	SPACE	703	SPACE
1447783751879	0	lts_1117L_30_01	30	01	1	332	0	0	0	CR	MAX	26379570.thl.jpg	26379570.thl.jpg	NOKEY	MAX	NOKEY
1447783752916	0	lts_1117L_30_01	30	01	1	333	2	1	1	Hit	558	2-mul/Astackingtoy2.jpg	Astackingtoy2.jpg	SPACE	603	SPACE
1447783755992	0	lts_1117L_30_01	30	01	1	334	0	0	0	CR	MAX	26425025.thl.jpg	26425025.thl.jpg	NOKEY	MAX	NOKEY
1447783759086	0	lts_1117L_30_01	30	01	1	335	0	0	0	CR	MAX	ABEARIN28.jpg	ABEARIN28.jpg	NOKEY	MAX	NOKEY
1447783762162	0	lts_1117L_30_01	30	01	1	336	0	0	0	CR	MAX	16/A_teabag.jpg	A_teabag.jpg	NOKEY	MAX	NOKEY
1447783763265	0	lts_1117L_30_01	30	01	1	337	00	1	1	Hit	629	00-across/AFILEFOL4.jpg	AFILEFOL4.jpg	SPACE	668	SPACE
1447783766341	0	lts_1117L_30_01	30	01	1	338	0	0	0	CR	MAX	32/Aboot9.jpg	Aboot9.jpg	NOKEY	MAX	NOKEY
1447783769417	0	lts_1117L_30_01	30	01	1	339	0	0	0	CR	MAX	ASPOONS2.jpg	ASPOONS2.jpg	NOKEY	MAX	NOKEY
1447783772493	0	lts_1117L_30_01	30	01	1	340	0	0	0	CR	MAX	Atoyfurnitu14.jpg	Atoyfurnitu14.jpg	NOKEY	MAX	NOKEY
1447783775569	0	lts_1117L_30_01	30	01	1	341	0	0	0	CR	MAX	Heatpad.jpg	Heatpad.jpg	NOKEY	MAX	NOKEY
1447783776973	0	lts_1117L_30_01	30	01	1	342	128	1	1	Hit	926	128-5/AARROWS2.jpg	AARROWS2.jpg	SPACE	970	SPACE
1447783780050	0	lts_1117L_30_01	30	01	1	343	0	0	0	CR	MAX	Abreadrolls.jpg	Abreadrolls.jpg	NOKEY	MAX	NOKEY
1447783783126	0	lts_1117L_30_01	30	01	1	344	0	0	0	CR	MAX	22849260.thl.jpg	22849260.thl.jpg	NOKEY	MAX	NOKEY
1447783786202	0	lts_1117L_30_01	30	01	1	345	0	0	0	CR	MAX	1/AWEIGHT7.jpg	AWEIGHT7.jpg	NOKEY	MAX	NOKEY
1447783787272	0	lts_1117L_30_01	30	01	1	346	1	1	1	Hit	588	1-7/AWEIGHT7.jpg	AWEIGHT7.jpg	SPACE	635	SPACE
1447783790348	0	lts_1117L_30_01	30	01	1	347	0	0	0	CR	MAX	8/AWATERCO4.jpg	AWATERCO4.jpg	NOKEY	MAX	NOKEY
1447783793441	0	lts_1117L_30_01	30	01	1	348	0	0	0	CR	MAX	64/Adrum22.jpg	Adrum22.jpg	NOKEY	MAX	NOKEY
1447783796517	0	lts_1117L_30_01	30	01	1	349	0	0	0	CR	MAX	pajamas.jpg	pajamas.jpg	NOKEY	MAX	NOKEY
1447783799592	0	lts_1117L_30_01	30	01	1	350	0	0	0	CR	MAX	Aflower136.jpg	Aflower136.jpg	NOKEY	MAX	NOKEY
1447783802668	0	lts_1117L_30_01	30	01	1	351	0	0	0	CR	MAX	AWASHSIGN.jpg	AWASHSIGN.jpg	NOKEY	MAX	NOKEY
1447783803771	0	lts_1117L_30_01	30	01	1	352	16	1	1	Hit	629	16-0/A_teabag.jpg	A_teabag.jpg	SPACE	670	SPACE
1447783806847	0	lts_1117L_30_01	30	01	1	353	0	0	0	CR	MAX	26419689.thl.jpg	26419689.thl.jpg	NOKEY	MAX	NOKEY
1447783809923	0	lts_1117L_30_01	30	01	1	354	0	0	0	CR	MAX	26421382.thl.jpg	26421382.thl.jpg	NOKEY	MAX	NOKEY
1447783811111	0	lts_1117L_30_01	30	01	1	355	8	1	1	Hit	713	8-2/AWATERCO4.jpg	AWATERCO4.jpg	SPACE	752	SPACE
1447783814187	0	lts_1117L_30_01	30	01	1	356	0	0	0	CR	MAX	32/AARTMELON.jpg	AARTMELON.jpg	NOKEY	MAX	NOKEY
1447783817263	0	lts_1117L_30_01	30	01	1	357	0	0	0	CR	MAX	ACREPMAK3.jpg	ACREPMAK3.jpg	NOKEY	MAX	NOKEY
1447783818817	0	lts_1117L_30_01	30	01	1	358	00	1	1	Hit	1075	00-across/AAIRGRIN2.jpg	AAIRGRIN2.jpg	SPACE	1120	SPACE
1447783821927	0	lts_1117L_30_01	30	01	1	359	0	0	0	CR	MAX	4/ACUSTMACH.jpg	ACUSTMACH.jpg	NOKEY	MAX	NOKEY
1447783825004	0	lts_1117L_30_01	30	01	1	360	0	0	0	CR	MAX	1/AGUIRO.jpg	AGUIRO.jpg	NOKEY	MAX	NOKEY
1447783825956	0	lts_1117L_30_01	30	01	1	361	1	1	1	Hit	471	1-11/AGUIRO.jpg	AGUIRO.jpg	SPACE	518	SPACE
1447783829033	0	lts_1117L_30_01	30	01	1	362	0	0	0	CR	MAX	ARAILLIGH.jpg	ARAILLIGH.jpg	NOKEY	MAX	NOKEY
1447783830236	0	lts_1117L_30_01	30	01	1	363	4	1	1	Hit	732	4-8/ACUSTMACH.jpg	ACUSTMACH.jpg	SPACE	768	SPACE
1447783833313	0	lts_1117L_30_01	30	01	1	364	0	0	0	CR	MAX	ADRAWBRI3.jpg	ADRAWBRI3.jpg	NOKEY	MAX	NOKEY
1447783834399	0	lts_1117L_30_01	30	01	1	365	00	1	1	Hit	615	00-across/cough_medicine.jpg	cough_medicine.jpg	SPACE	651	SPACE
1447783837475	0	lts_1117L_30_01	30	01	1	366	0	0	0	CR	MAX	Alatch7.jpg	Alatch7.jpg	NOKEY	MAX	NOKEY
1447783840551	0	lts_1117L_30_01	30	01	1	367	0	0	0	CR	MAX	ATURKEY11.jpg	ATURKEY11.jpg	NOKEY	MAX	NOKEY
1447783843626	0	lts_1117L_30_01	30	01	1	368	0	0	0	CR	MAX	AHEATDUCT.jpg	AHEATDUCT.jpg	NOKEY	MAX	NOKEY
1447783846703	0	lts_1117L_30_01	30	01	1	369	0	0	0	CR	MAX	ACARDFRA2.jpg	ACARDFRA2.jpg	NOKEY	MAX	NOKEY
1447783847873	0	lts_1117L_30_01	30	01	1	370	32	1	1	Hit	673	32-1/Aboot9.jpg	Aboot9.jpg	SPACE	720	SPACE
1447783850965	0	lts_1117L_30_01	30	01	1	371	0	0	0	CR	MAX	weepwalker.jpg	weepwalker.jpg	NOKEY	MAX	NOKEY
1447783854042	0	lts_1117L_30_01	30	01	1	372	0	0	0	CR	MAX	8052266.thl.jpg	8052266.thl.jpg	NOKEY	MAX	NOKEY
1447783857119	0	lts_1117L_30_01	30	01	1	373	0	0	0	CR	MAX	Aadjustablech.jpg	Aadjustablech.jpg	NOKEY	MAX	NOKEY
1447783858639	0	lts_1117L_30_01	30	01	1	374	128	1	1	Hit	1035	128-1/AGAUGE.jpg	AGAUGE.jpg	SPACE	1087	SPACE
1447783861732	0	lts_1117L_30_01	30	01	1	375	0	0	0	CR	MAX	35314138.thl.jpg	35314138.thl.jpg	NOKEY	MAX	NOKEY
1447783864808	0	lts_1117L_30_01	30	01	1	376	0	0	0	CR	MAX	4/racetrack.jpg	racetrack.jpg	NOKEY	MAX	NOKEY
1447783867884	0	lts_1117L_30_01	30	01	1	377	0	0	0	CR	MAX	knife01.jpg	knife01.jpg	NOKEY	MAX	NOKEY
1447783870960	0	lts_1117L_30_01	30	01	1	378	0	0	0	CR	MAX	8/ACENTRIF5.jpg	ACENTRIF5.jpg	NOKEY	MAX	NOKEY
1447783874037	0	lts_1117L_30_01	30	01	1	379	0	0	0	CR	MAX	26387587.thl.jpg	26387587.thl.jpg	NOKEY	MAX	NOKEY
1447783875174	0	lts_1117L_30_01	30	01	1	380	4	1	1	Hit	667	4-6/racetrack.jpg	racetrack.jpg	SPACE	702	SPACE
1447783878250	0	lts_1117L_30_01	30	01	1	381	0	0	0	CR	MAX	ADIAMCRYS.jpg	ADIAMCRYS.jpg	NOKEY	MAX	NOKEY
1447783881326	0	lts_1117L_30_01	30	01	1	382	0	0	0	CR	MAX	16/Alighter12.jpg	Alighter12.jpg	NOKEY	MAX	NOKEY
1447783884402	0	lts_1117L_30_01	30	01	1	383	0	0	0	CR	MAX	1/AALIEN.jpg	AALIEN.jpg	NOKEY	MAX	NOKEY
1447783885472	0	lts_1117L_30_01	30	01	1	384	1	1	1	Hit	587	1-12/AALIEN.jpg	AALIEN.jpg	SPACE	636	SPACE
1447783888548	0	lts_1117L_30_01	30	01	1	385	0	0	0	CR	MAX	A25thdec3.jpg	A25thdec3.jpg	NOKEY	MAX	NOKEY
1447783889700	0	lts_1117L_30_01	30	01	1	386	8	1	1	Hit	670	8-first/ACENTRIF5.jpg	ACENTRIF5.jpg	SPACE	719	SPACE
1447783892776	0	lts_1117L_30_01	30	01	1	387	0	0	0	CR	MAX	8056402.thl.jpg	8056402.thl.jpg	NOKEY	MAX	NOKEY
1447783893930	0	lts_1117L_30_01	30	01	1	388	32	1	1	Hit	681	32-4/AARTMELON.jpg	AARTMELON.jpg	SPACE	720	SPACE
1447783897007	0	lts_1117L_30_01	30	01	1	389	0	0	0	CR	MAX	2/Afaucet9.jpg	Afaucet9.jpg	NOKEY	MAX	NOKEY
1447783900100	0	lts_1117L_30_01	30	01	1	390	0	0	0	CR	MAX	ATRIUMPH3.jpg	ATRIUMPH3.jpg	NOKEY	MAX	NOKEY
1447783901070	0	lts_1117L_30_01	30	01	1	391	2	1	1	Hit	495	2-13/Afaucet9.jpg	Afaucet9.jpg	SPACE	534	SPACE
1447783904146	0	lts_1117L_30_01	30	01	1	392	0	0	0	CR	MAX	Abrasscr2.jpg	Abrasscr2.jpg	NOKEY	MAX	NOKEY
1447783905232	0	lts_1117L_30_01	30	01	1	393	00	1	1	Hit	603	00-across/AWASHRACK.jpg	AWASHRACK.jpg	SPACE	651	SPACE
1447783908308	0	lts_1117L_30_01	30	01	1	394	0	0	0	CR	MAX	35310260.thl.jpg	35310260.thl.jpg	NOKEY	MAX	NOKEY
1447783911384	0	lts_1117L_30_01	30	01	1	395	0	0	0	CR	MAX	ANEWSBOX4.jpg	ANEWSBOX4.jpg	NOKEY	MAX	NOKEY
1447783914477	0	lts_1117L_30_01	30	01	1	396	0	0	0	CR	MAX	26369923.thl.jpg	26369923.thl.jpg	NOKEY	MAX	NOKEY
1447783917553	0	lts_1117L_30_01	30	01	1	397	0	0	0	CR	MAX	ACDRAINER.jpg	ACDRAINER.jpg	NOKEY	MAX	NOKEY
1447783918839	0	lts_1117L_30_01	30	01	1	398	16	1	1	Hit	816	16-first/Alighter12.jpg	Alighter12.jpg	SPACE	852	SPACE
1447783921915	0	lts_1117L_30_01	30	01	1	399	0	0	0	CR	MAX	26384871.thl.jpg	26384871.thl.jpg	NOKEY	MAX	NOKEY
1447783924324	0	lts_1117L_30_01	30	01	1	400	0	0	1	FA	1923	Aairtank7.jpg	Aairtank7.jpg	SPACE	1973	NOKEY
1447783927400	0	lts_1117L_30_01	30	01	1	401	0	0	0	CR	MAX	Adinningroomt.jpg	Adinningroomt.jpg	NOKEY	MAX	NOKEY
1447783928437	0	lts_1117L_30_01	30	01	1	402	16	1	1	Hit	562	16-mul/ACENTRIF5.jpg	ACENTRIF5.jpg	SPACE	602	SPACE
1447783931512	0	lts_1117L_30_01	30	01	1	403	0	0	0	CR	MAX	AREEL.jpg	AREEL.jpg	NOKEY	MAX	NOKEY
1447783933034	0	lts_1117L_30_01	30	01	1	404	0	0	1	FA	1036	ATRACINGT.jpg	ATRACINGT.jpg	SPACE	1086	NOKEY
1447783934371	0	lts_1117L_30_01	30	01	1	405	0	0	1	FA	858	8048786.thl.jpg	8048786.thl.jpg	SPACE	902	NOKEY
1447783937447	0	lts_1117L_30_01	30	01	1	406	0	0	0	CR	MAX	scooter.jpg	scooter.jpg	NOKEY	MAX	NOKEY
1447783940540	0	lts_1117L_30_01	30	01	1	407	0	0	0	CR	MAX	visacard.jpg	visacard.jpg	NOKEY	MAX	NOKEY
1447783943615	0	lts_1117L_30_01	30	01	1	408	0	0	0	CR	MAX	Abackaccesso4.jpg	Abackaccesso4.jpg	NOKEY	MAX	NOKEY
1447783946691	0	lts_1117L_30_01	30	01	1	409	0	0	0	CR	MAX	ADART3.jpg	ADART3.jpg	NOKEY	MAX	NOKEY
1447783949767	0	lts_1117L_30_01	30	01	1	410	0	0	0	CR	MAX	AFUNNEL4.jpg	AFUNNEL4.jpg	NOKEY	MAX	NOKEY
1447783952843	0	lts_1117L_30_01	30	01	1	411	0	0	0	CR	MAX	26434546.thl.jpg	26434546.thl.jpg	NOKEY	MAX	NOKEY
1447783955919	0	lts_1117L_30_01	30	01	1	412	64	1	0	Miss	MAX	64-first/Adrum22.jpg	Adrum22.jpg	NOKEY	MAX	SPACE
1447783958995	0	lts_1117L_30_01	30	01	1	413	0	0	0	CR	MAX	8019781.thl.jpg	8019781.thl.jpg	NOKEY	MAX	NOKEY
1447783960200	0	lts_1117L_30_01	30	01	1	414	16	1	1	Hit	727	16-mul/Alighter12.jpg	Alighter12.jpg	SPACE	768	SPACE
1447783963276	0	lts_1117L_30_01	30	01	1	415	0	0	0	CR	MAX	ipod01.jpg	ipod01.jpg	NOKEY	MAX	NOKEY
1447783966352	0	lts_1117L_30_01	30	01	1	416	0	0	0	CR	MAX	4/A4DOMINO.jpg	A4DOMINO.jpg	NOKEY	MAX	NOKEY
1447783969428	0	lts_1117L_30_01	30	01	1	417	0	0	0	CR	MAX	Awickerchair8.jpg	Awickerchair8.jpg	NOKEY	MAX	NOKEY
1447783972521	0	lts_1117L_30_01	30	01	1	418	0	0	0	CR	MAX	Avicegriptool.jpg	Avicegriptool.jpg	NOKEY	MAX	NOKEY
1447783975596	0	lts_1117L_30_01	30	01	1	419	0	0	0	CR	MAX	4/Apokerchips3.jpg	Apokerchips3.jpg	NOKEY	MAX	NOKEY
1447783976683	0	lts_1117L_30_01	30	01	1	420	4	1	1	Hit	617	4-5/A4DOMINO.jpg	A4DOMINO.jpg	SPACE	653	SPACE
1447783979759	0	lts_1117L_30_01	30	01	1	421	0	0	0	CR	MAX	stickersparty.jpg	stickersparty.jpg	NOKEY	MAX	NOKEY
1447783982835	0	lts_1117L_30_01	30	01	1	422	0	0	0	CR	MAX	26377601.thl.jpg	26377601.thl.jpg	NOKEY	MAX	NOKEY
1447783983938	0	lts_1117L_30_01	30	01	1	423	4	1	1	Hit	619	4-10/Apokerchips3.jpg	Apokerchips3.jpg	SPACE	669	SPACE
1447783987015	0	lts_1117L_30_01	30	01	1	424	0	0	0	CR	MAX	Abreastpump2.jpg	Abreastpump2.jpg	NOKEY	MAX	NOKEY
1447783990091	0	lts_1117L_30_01	30	01	1	425	0	0	0	CR	MAX	Aantiquebuck2.jpg	Aantiquebuck2.jpg	NOKEY	MAX	NOKEY
1447783991879	0	lts_1117L_30_01	30	01	1	426	0	0	1	FA	1307	9816397.thl.jpg	9816397.thl.jpg	SPACE	1354	NOKEY
1447783994955	0	lts_1117L_30_01	30	01	1	427	0	0	0	CR	MAX	workweightmach.jpg	workweightmach.jpg	NOKEY	MAX	NOKEY
1447783996093	0	lts_1117L_30_01	30	01	1	428	16	1	1	Hit	665	16-mul/Adrum22.jpg	Adrum22.jpg	SPACE	702	SPACE
1447783999186	0	lts_1117L_30_01	30	01	1	429	0	0	0	CR	MAX	26374803.thl.jpg	26374803.thl.jpg	NOKEY	MAX	NOKEY
1447784000574	0	lts_1117L_30_01	30	01	1	430	128	1	1	Hit	910	128-2/Amonkey5.jpg	Amonkey5.jpg	SPACE	953	SPACE
1447784003649	0	lts_1117L_30_01	30	01	1	431	0	0	0	CR	MAX	satellitedirecttc.jpg	satellitedirecttc.jpg	NOKEY	MAX	NOKEY
1447784006741	0	lts_1117L_30_01	30	01	1	432	0	0	0	CR	MAX	2/potato.jpg	potato.jpg	NOKEY	MAX	NOKEY
1447784009817	0	lts_1117L_30_01	30	01	1	433	0	0	0	CR	MAX	Abasket110.jpg	Abasket110.jpg	NOKEY	MAX	NOKEY
1447784010804	0	lts_1117L_30_01	30	01	1	434	2	1	1	Hit	503	2-9/potato.jpg	potato.jpg	SPACE	553	SPACE
1447784013880	0	lts_1117L_30_01	30	01	1	435	0	0	0	CR	MAX	8/ASMOKMEAT.jpg	ASMOKMEAT.jpg	NOKEY	MAX	NOKEY
1447784016956	0	lts_1117L_30_01	30	01	1	436	0	0	0	CR	MAX	Aperfumebottl.jpg	Aperfumebottl.jpg	NOKEY	MAX	NOKEY
1447784020033	0	lts_1117L_30_01	30	01	1	437	128	1	0	Miss	MAX	128-0/ALINTREMO.jpg	ALINTREMO.jpg	NOKEY	MAX	SPACE
1447784023109	0	lts_1117L_30_01	30	01	1	438	0	0	0	CR	MAX	2/AGAME.jpg	AGAME.jpg	NOKEY	MAX	NOKEY
1447784026185	0	lts_1117L_30_01	30	01	1	439	0	0	0	CR	MAX	ANAPRINGS.jpg	ANAPRINGS.jpg	NOKEY	MAX	NOKEY
1447784027205	0	lts_1117L_30_01	30	01	1	440	2	1	1	Hit	548	2-0/AGAME.jpg	AGAME.jpg	SPACE	584	SPACE
1447784030298	0	lts_1117L_30_01	30	01	1	441	0	0	0	CR	MAX	Acomputer9.jpg	Acomputer9.jpg	NOKEY	MAX	NOKEY
1447784033374	0	lts_1117L_30_01	30	01	1	442	0	0	0	CR	MAX	ATIE16.jpg	ATIE16.jpg	NOKEY	MAX	NOKEY
1447784034527	0	lts_1117L_30_01	30	01	1	443	8	1	1	Hit	683	8-first/ASMOKMEAT.jpg	ASMOKMEAT.jpg	SPACE	719	SPACE
1447784037602	0	lts_1117L_30_01	30	01	1	444	0	0	0	CR	MAX	1/Arubberstampa.jpg	Arubberstampa.jpg	NOKEY	MAX	NOKEY
1447784038523	0	lts_1117L_30_01	30	01	1	445	1	1	1	Hit	441	1-10/Arubberstampa.jpg	Arubberstampa.jpg	SPACE	486	SPACE
1447784041615	0	lts_1117L_30_01	30	01	1	446	0	0	0	CR	MAX	Atoyboat10.jpg	Atoyboat10.jpg	NOKEY	MAX	NOKEY
1447784042634	0	lts_1117L_30_01	30	01	1	447	4	1	1	Hit	538	4-mul/ASMOKMEAT.jpg	ASMOKMEAT.jpg	SPACE	586	SPACE
1447784045711	0	lts_1117L_30_01	30	01	1	448	0	0	0	CR	MAX	Aspoon14.jpg	Aspoon14.jpg	NOKEY	MAX	NOKEY
1447784048503	0	lts_1117L_30_01	30	01	1	449	0	0	1	FA	2315	Abicyclepump2.jpg	Abicyclepump2.jpg	SPACE	2358	NOKEY
1447784075231	0	E	Logging Ends
