1444759057176	0	B	Logging Begins
1444759345724	0	lts_1013I_05_01	05	01	0	0	0	0	0	CR	MAX	ACAROUSE2.jpg	ACAROUSE2.jpg	NOKEY	MAX	NOKEY
1444759348800	0	lts_1013I_05_01	05	01	0	1	0	0	0	CR	MAX	AOPGLASS.jpg	AOPGLASS.jpg	NOKEY	MAX	NOKEY
1444759351876	0	lts_1013I_05_01	05	01	0	2	0	0	0	CR	MAX	Atoycoil.jpg	Atoycoil.jpg	NOKEY	MAX	NOKEY
1444759354952	0	lts_1013I_05_01	05	01	0	3	0	0	0	CR	MAX	Atoypersonwi2.jpg	Atoypersonwi2.jpg	NOKEY	MAX	NOKEY
1444759358029	0	lts_1013I_05_01	05	01	0	4	0	0	0	CR	MAX	22903148.thl.jpg	22903148.thl.jpg	NOKEY	MAX	NOKEY
1444759361105	0	lts_1013I_05_01	05	01	0	5	0	0	0	CR	MAX	ADOUBHOOK.jpg	ADOUBHOOK.jpg	NOKEY	MAX	NOKEY
1444759364181	0	lts_1013I_05_01	05	01	0	6	0	0	0	CR	MAX	AVIOLINCO.jpg	AVIOLINCO.jpg	NOKEY	MAX	NOKEY
1444759367274	0	lts_1013I_05_01	05	01	0	7	0	0	0	CR	MAX	2/APAINTJ11.jpg	APAINTJ11.jpg	NOKEY	MAX	NOKEY
1444759370350	0	lts_1013I_05_01	05	01	0	8	0	0	0	CR	MAX	ASMOKDE16.jpg	ASMOKDE16.jpg	NOKEY	MAX	NOKEY
1444759371619	0	lts_1013I_05_01	05	01	0	9	2	1	1	Hit	794	2-9/APAINTJ11.jpg	APAINTJ11.jpg	SPACE	836	SPACE
1444759374712	0	lts_1013I_05_01	05	01	0	10	0	0	0	CR	MAX	8255030.thl.jpg	8255030.thl.jpg	NOKEY	MAX	NOKEY
1444759377788	0	lts_1013I_05_01	05	01	0	11	0	0	0	CR	MAX	TTtvehiclesCyborg.jpg	TTtvehiclesCyborg.jpg	NOKEY	MAX	NOKEY
1444759380864	0	lts_1013I_05_01	05	01	0	12	0	0	0	CR	MAX	Ashelf27.jpg	Ashelf27.jpg	NOKEY	MAX	NOKEY
1444759383940	0	lts_1013I_05_01	05	01	0	13	0	0	0	CR	MAX	4/ABOWCASE.jpg	ABOWCASE.jpg	NOKEY	MAX	NOKEY
1444759387017	0	lts_1013I_05_01	05	01	0	14	0	0	0	CR	MAX	64/Aelectronicor.jpg	Aelectronicor.jpg	NOKEY	MAX	NOKEY
1444759390094	0	lts_1013I_05_01	05	01	0	15	0	0	0	CR	MAX	32/AEIFFELTO.jpg	AEIFFELTO.jpg	NOKEY	MAX	NOKEY
1444759393170	0	lts_1013I_05_01	05	01	0	16	0	0	0	CR	MAX	8/Abucketwithcl.jpg	Abucketwithcl.jpg	NOKEY	MAX	NOKEY
1444759394123	0	lts_1013I_05_01	05	01	0	17	4	1	1	Hit	479	4-0/ABOWCASE.jpg	ABOWCASE.jpg	SPACE	517	SPACE
1444759397215	0	lts_1013I_05_01	05	01	0	18	0	0	0	CR	MAX	16/Abowlofwonto5.jpg	Abowlofwonto5.jpg	NOKEY	MAX	NOKEY
1444759400291	0	lts_1013I_05_01	05	01	0	19	0	0	0	CR	MAX	2/greenbeans.jpg	greenbeans.jpg	NOKEY	MAX	NOKEY
1444759403367	0	lts_1013I_05_01	05	01	0	20	0	0	0	CR	MAX	8059226.thl.jpg	8059226.thl.jpg	NOKEY	MAX	NOKEY
1444759404453	0	lts_1013I_05_01	05	01	0	21	2	1	1	Hit	603	2-5/greenbeans.jpg	greenbeans.jpg	SPACE	652	SPACE
1444759407563	0	lts_1013I_05_01	05	01	0	22	0	0	0	CR	MAX	Ascarf7.jpg	Ascarf7.jpg	NOKEY	MAX	NOKEY
1444759410639	0	lts_1013I_05_01	05	01	0	23	0	0	0	CR	MAX	128/Araisins4.jpg	Araisins4.jpg	NOKEY	MAX	NOKEY
1444759411675	0	lts_1013I_05_01	05	01	0	24	8	1	1	Hit	563	8-first/Abucketwithcl.jpg	Abucketwithcl.jpg	SPACE	603	SPACE
1444759414751	0	lts_1013I_05_01	05	01	0	25	0	0	0	CR	MAX	AFERRY5.jpg	AFERRY5.jpg	NOKEY	MAX	NOKEY
1444759415905	0	lts_1013I_05_01	05	01	0	26	2	1	1	Hit	672	2-mul/Abucketwithcl.jpg	Abucketwithcl.jpg	SPACE	719	SPACE
1444759418981	0	lts_1013I_05_01	05	01	0	27	0	0	0	CR	MAX	AALTIRE2.jpg	AALTIRE2.jpg	NOKEY	MAX	NOKEY
1444759422074	0	lts_1013I_05_01	05	01	0	28	0	0	0	CR	MAX	iguana.jpg	iguana.jpg	NOKEY	MAX	NOKEY
1444759425151	0	lts_1013I_05_01	05	01	0	29	0	0	0	CR	MAX	showercurtainsuchi.jpg	showercurtainsuchi.jpg	NOKEY	MAX	NOKEY
1444759428227	0	lts_1013I_05_01	05	01	0	30	0	0	0	CR	MAX	Atoyboxwithb2.jpg	Atoyboxwithb2.jpg	NOKEY	MAX	NOKEY
1444759431320	0	lts_1013I_05_01	05	01	0	31	0	0	0	CR	MAX	22903568.thl.jpg	22903568.thl.jpg	NOKEY	MAX	NOKEY
1444759434396	0	lts_1013I_05_01	05	01	0	32	0	0	0	CR	MAX	scrunchie.jpg	scrunchie.jpg	NOKEY	MAX	NOKEY
1444759437471	0	lts_1013I_05_01	05	01	0	33	0	0	0	CR	MAX	ACOLFILT5.jpg	ACOLFILT5.jpg	NOKEY	MAX	NOKEY
1444759438591	0	lts_1013I_05_01	05	01	0	34	16	1	1	Hit	648	16-first/Abowlofwonto5.jpg	Abowlofwonto5.jpg	SPACE	687	SPACE
1444759441667	0	lts_1013I_05_01	05	01	0	35	0	0	0	CR	MAX	26772987.thl.jpg	26772987.thl.jpg	NOKEY	MAX	NOKEY
1444759444743	0	lts_1013I_05_01	05	01	0	36	0	0	0	CR	MAX	Abicyclerepa3.jpg	Abicyclerepa3.jpg	NOKEY	MAX	NOKEY
1444759447819	0	lts_1013I_05_01	05	01	0	37	0	0	0	CR	MAX	Astreetlampwi.jpg	Astreetlampwi.jpg	NOKEY	MAX	NOKEY
1444759448906	0	lts_1013I_05_01	05	01	0	38	4	1	1	Hit	614	4-mul/Abowlofwonto5.jpg	Abowlofwonto5.jpg	SPACE	652	SPACE
1444759451982	0	lts_1013I_05_01	05	01	0	39	0	0	0	CR	MAX	Ablossom.jpg	Ablossom.jpg	NOKEY	MAX	NOKEY
1444759455059	0	lts_1013I_05_01	05	01	0	40	0	0	0	CR	MAX	ACHRIST14.jpg	ACHRIST14.jpg	NOKEY	MAX	NOKEY
1444759458151	0	lts_1013I_05_01	05	01	0	41	0	0	0	CR	MAX	22825932.thl.jpg	22825932.thl.jpg	NOKEY	MAX	NOKEY
1444759461227	0	lts_1013I_05_01	05	01	0	42	0	0	0	CR	MAX	1/Aancientstat4.jpg	Aancientstat4.jpg	NOKEY	MAX	NOKEY
1444759462331	0	lts_1013I_05_01	05	01	0	43	1	1	1	Hit	625	1-10/Aancientstat4.jpg	Aancientstat4.jpg	SPACE	668	SPACE
1444759465406	0	lts_1013I_05_01	05	01	0	44	0	0	0	CR	MAX	128/26440756.thl.jpg	26440756.thl.jpg	NOKEY	MAX	NOKEY
1444759468499	0	lts_1013I_05_01	05	01	0	45	0	0	0	CR	MAX	4/Agaspump3.jpg	Agaspump3.jpg	NOKEY	MAX	NOKEY
1444759471575	0	lts_1013I_05_01	05	01	0	46	0	0	0	CR	MAX	APOTPBAG2.jpg	APOTPBAG2.jpg	NOKEY	MAX	NOKEY
1444759472712	0	lts_1013I_05_01	05	01	0	47	32	1	1	Hit	646	32-5/AEIFFELTO.jpg	AEIFFELTO.jpg	SPACE	687	SPACE
1444759475788	0	lts_1013I_05_01	05	01	0	48	0	0	0	CR	MAX	22910996.thl.jpg	22910996.thl.jpg	NOKEY	MAX	NOKEY
1444759477093	0	lts_1013I_05_01	05	01	0	49	4	1	1	Hit	823	4-2/Agaspump3.jpg	Agaspump3.jpg	SPACE	870	SPACE
1444759480169	0	lts_1013I_05_01	05	01	0	50	0	0	0	CR	MAX	2/ABALALAI3.jpg	ABALALAI3.jpg	NOKEY	MAX	NOKEY
1444759483245	0	lts_1013I_05_01	05	01	0	51	0	0	0	CR	MAX	brownie.jpg	brownie.jpg	NOKEY	MAX	NOKEY
1444759484431	0	lts_1013I_05_01	05	01	0	52	2	1	1	Hit	704	2-10/ABALALAI3.jpg	ABALALAI3.jpg	SPACE	753	SPACE
1444759487524	0	lts_1013I_05_01	05	01	0	53	0	0	0	CR	MAX	Aashtray67.jpg	Aashtray67.jpg	NOKEY	MAX	NOKEY
1444759490600	0	lts_1013I_05_01	05	01	0	54	0	0	0	CR	MAX	Aancientbuild.jpg	Aancientbuild.jpg	NOKEY	MAX	NOKEY
1444759492189	0	lts_1013I_05_01	05	01	0	55	0	0	1	FA	1102	Atoyboat10.jpg	Atoyboat10.jpg	SPACE	1154	NOKEY
1444759495265	0	lts_1013I_05_01	05	01	0	56	0	0	0	CR	MAX	32/AKNIFE13.jpg	AKNIFE13.jpg	NOKEY	MAX	NOKEY
1444759498341	0	lts_1013I_05_01	05	01	0	57	0	0	0	CR	MAX	128/APUMPCOOK.jpg	APUMPCOOK.jpg	NOKEY	MAX	NOKEY
1444759501416	0	lts_1013I_05_01	05	01	0	58	0	0	0	CR	MAX	ADRAWBRI3.jpg	ADRAWBRI3.jpg	NOKEY	MAX	NOKEY
1444759503005	0	lts_1013I_05_01	05	01	0	59	0	0	1	FA	1117	26440026.thl.jpg	26440026.thl.jpg	SPACE	1153	NOKEY
1444759506081	0	lts_1013I_05_01	05	01	0	60	0	0	0	CR	MAX	2/26374055.thl.jpg	26374055.thl.jpg	NOKEY	MAX	NOKEY
1444759509157	0	lts_1013I_05_01	05	01	0	61	0	0	0	CR	MAX	8/22861656.thl.jpg	22861656.thl.jpg	NOKEY	MAX	NOKEY
1444759510378	0	lts_1013I_05_01	05	01	0	62	2	1	1	Hit	739	2-1/26374055.thl.jpg	26374055.thl.jpg	SPACE	785	SPACE
1444759513453	0	lts_1013I_05_01	05	01	0	63	0	0	0	CR	MAX	8257273.thl.jpg	8257273.thl.jpg	NOKEY	MAX	NOKEY
1444759516529	0	lts_1013I_05_01	05	01	0	64	0	0	0	CR	MAX	gondola.jpg	gondola.jpg	NOKEY	MAX	NOKEY
1444759519605	0	lts_1013I_05_01	05	01	0	65	0	0	0	CR	MAX	10049193.thl.jpg	10049193.thl.jpg	NOKEY	MAX	NOKEY
1444759522698	0	lts_1013I_05_01	05	01	0	66	0	0	0	CR	MAX	32/26428540.thl.jpg	26428540.thl.jpg	NOKEY	MAX	NOKEY
1444759525774	0	lts_1013I_05_01	05	01	0	67	0	0	0	CR	MAX	128/22856172.thl.jpg	22856172.thl.jpg	NOKEY	MAX	NOKEY
1444759528850	0	lts_1013I_05_01	05	01	0	68	0	0	0	CR	MAX	Abicyclekick2.jpg	Abicyclekick2.jpg	NOKEY	MAX	NOKEY
1444759530004	0	lts_1013I_05_01	05	01	0	69	8	1	1	Hit	681	8-first/22861656.thl.jpg	22861656.thl.jpg	SPACE	719	SPACE
1444759533080	0	lts_1013I_05_01	05	01	0	70	0	0	0	CR	MAX	8076304.thl.jpg	8076304.thl.jpg	NOKEY	MAX	NOKEY
1444759536157	0	lts_1013I_05_01	05	01	0	71	0	0	0	CR	MAX	Amatplate.jpg	Amatplate.jpg	NOKEY	MAX	NOKEY
1444759539232	0	lts_1013I_05_01	05	01	0	72	0	0	0	CR	MAX	legoblocks.jpg	legoblocks.jpg	NOKEY	MAX	NOKEY
1444759540269	0	lts_1013I_05_01	05	01	0	73	4	1	1	Hit	558	4-mul/22861656.thl.jpg	22861656.thl.jpg	SPACE	601	SPACE
1444759543345	0	lts_1013I_05_01	05	01	0	74	0	0	0	CR	MAX	ABAKINGPA.jpg	ABAKINGPA.jpg	NOKEY	MAX	NOKEY
1444759546420	0	lts_1013I_05_01	05	01	0	75	0	0	0	CR	MAX	AIRONBOA8.jpg	AIRONBOA8.jpg	NOKEY	MAX	NOKEY
1444759547891	0	lts_1013I_05_01	05	01	0	76	0	0	1	FA	999	Atoy17.jpg	Atoy17.jpg	SPACE	1036	NOKEY
1444759550967	0	lts_1013I_05_01	05	01	0	77	0	0	0	CR	MAX	AFRAME15.jpg	AFRAME15.jpg	NOKEY	MAX	NOKEY
1444759552373	0	lts_1013I_05_01	05	01	0	78	64	1	1	Hit	920	64-first/Aelectronicor.jpg	Aelectronicor.jpg	SPACE	970	SPACE
1444759553659	0	lts_1013I_05_01	05	01	0	79	0	0	1	FA	818	AAIRPRES4.jpg	AAIRPRES4.jpg	SPACE	853	NOKEY
1444759556752	0	lts_1013I_05_01	05	01	0	80	0	0	0	CR	MAX	Apackage3.jpg	Apackage3.jpg	NOKEY	MAX	NOKEY
1444759559828	0	lts_1013I_05_01	05	01	0	81	0	0	0	CR	MAX	Acork6.jpg	Acork6.jpg	NOKEY	MAX	NOKEY
1444759560914	0	lts_1013I_05_01	05	01	0	82	4	1	1	Hit	604	4-mul/Aelectronicor.jpg	Aelectronicor.jpg	SPACE	652	SPACE
1444759563990	0	lts_1013I_05_01	05	01	0	83	0	0	0	CR	MAX	AEXIT7.jpg	AEXIT7.jpg	NOKEY	MAX	NOKEY
1444759567067	0	lts_1013I_05_01	05	01	0	84	0	0	0	CR	MAX	8/26391116.thl.jpg	26391116.thl.jpg	NOKEY	MAX	NOKEY
1444759570144	0	lts_1013I_05_01	05	01	0	85	0	0	0	CR	MAX	128/Acrayonsinabo.jpg	Acrayonsinabo.jpg	NOKEY	MAX	NOKEY
1444759573220	0	lts_1013I_05_01	05	01	0	86	0	0	0	CR	MAX	pinkhoodie.jpg	pinkhoodie.jpg	NOKEY	MAX	NOKEY
1444759576296	0	lts_1013I_05_01	05	01	0	87	0	0	0	CR	MAX	16/ATIMECLO3.jpg	ATIMECLO3.jpg	NOKEY	MAX	NOKEY
1444759577332	0	lts_1013I_05_01	05	01	0	88	32	1	1	Hit	555	32-0/AKNIFE13.jpg	AKNIFE13.jpg	SPACE	601	SPACE
1444759580407	0	lts_1013I_05_01	05	01	0	89	0	0	0	CR	MAX	26375702.thl.jpg	26375702.thl.jpg	NOKEY	MAX	NOKEY
1444759583500	0	lts_1013I_05_01	05	01	0	90	0	0	0	CR	MAX	Ablackleather.jpg	Ablackleather.jpg	NOKEY	MAX	NOKEY
1444759584687	0	lts_1013I_05_01	05	01	0	91	0	0	1	FA	707	acquarium.jpg	acquarium.jpg	SPACE	753	NOKEY
1444759585841	0	lts_1013I_05_01	05	01	0	92	8	1	1	Hit	683	8-first/26391116.thl.jpg	26391116.thl.jpg	SPACE	719	SPACE
1444759588917	0	lts_1013I_05_01	05	01	0	93	0	0	0	CR	MAX	eraserbrush.jpg	eraserbrush.jpg	NOKEY	MAX	NOKEY
1444759591993	0	lts_1013I_05_01	05	01	0	94	0	0	0	CR	MAX	1/APILLS5.jpg	APILLS5.jpg	NOKEY	MAX	NOKEY
1444759593064	0	lts_1013I_05_01	05	01	0	95	1	1	1	Hit	594	1-3/APILLS5.jpg	APILLS5.jpg	SPACE	635	SPACE
1444759596140	0	lts_1013I_05_01	05	01	0	96	0	0	0	CR	MAX	64/Acactusfruit.jpg	Acactusfruit.jpg	NOKEY	MAX	NOKEY
1444759599216	0	lts_1013I_05_01	05	01	0	97	0	0	0	CR	MAX	128/26427111.thl.jpg	26427111.thl.jpg	NOKEY	MAX	NOKEY
1444759600402	0	lts_1013I_05_01	05	01	0	98	32	1	1	Hit	707	32-4/26428540.thl.jpg	26428540.thl.jpg	SPACE	752	SPACE
1444759603478	0	lts_1013I_05_01	05	01	0	99	0	0	0	CR	MAX	26440073.thl.jpg	26440073.thl.jpg	NOKEY	MAX	NOKEY
1444759605151	0	lts_1013I_05_01	05	01	0	100	0	0	1	FA	1190	ASLIDVIE2.jpg	ASLIDVIE2.jpg	SPACE	1237	NOKEY
1444759608227	0	lts_1013I_05_01	05	01	0	101	0	0	0	CR	MAX	32/AOLIVE.jpg	AOLIVE.jpg	NOKEY	MAX	NOKEY
1444759611303	0	lts_1013I_05_01	05	01	0	102	0	0	0	CR	MAX	Ametalstool2.jpg	Ametalstool2.jpg	NOKEY	MAX	NOKEY
1444759614379	0	lts_1013I_05_01	05	01	0	103	16	1	0	Miss	MAX	16-first/ATIMECLO3.jpg	ATIMECLO3.jpg	NOKEY	MAX	SPACE
1444759617471	0	lts_1013I_05_01	05	01	0	104	0	0	0	CR	MAX	APHONEFA2.jpg	APHONEFA2.jpg	NOKEY	MAX	NOKEY
1444759620547	0	lts_1013I_05_01	05	01	0	105	0	0	0	CR	MAX	Akangarooandb.jpg	Akangarooandb.jpg	NOKEY	MAX	NOKEY
1444759623623	0	lts_1013I_05_01	05	01	0	106	0	0	0	CR	MAX	32/lollipops.jpg	lollipops.jpg	NOKEY	MAX	NOKEY
1444759626699	0	lts_1013I_05_01	05	01	0	107	0	0	0	CR	MAX	4/ATABLES5.jpg	ATABLES5.jpg	NOKEY	MAX	NOKEY
1444759627802	0	lts_1013I_05_01	05	01	0	108	16	1	1	Hit	630	16-mul/26391116.thl.jpg	26391116.thl.jpg	SPACE	670	SPACE
1444759630878	0	lts_1013I_05_01	05	01	0	109	0	0	0	CR	MAX	Abisontoy.jpg	Abisontoy.jpg	NOKEY	MAX	NOKEY
1444759632450	0	lts_1013I_05_01	05	01	0	110	0	0	1	FA	1091	128/AWALKMAN2.jpg	AWALKMAN2.jpg	SPACE	1138	NOKEY
1444759633670	0	lts_1013I_05_01	05	01	0	111	4	1	1	Hit	726	4-12/ATABLES5.jpg	ATABLES5.jpg	SPACE	770	SPACE
1444759636763	0	lts_1013I_05_01	05	01	0	112	0	0	0	CR	MAX	4/22919000.thl.jpg	22919000.thl.jpg	NOKEY	MAX	NOKEY
1444759639839	0	lts_1013I_05_01	05	01	0	113	0	0	0	CR	MAX	26432217.thl.jpg	26432217.thl.jpg	NOKEY	MAX	NOKEY
1444759642932	0	lts_1013I_05_01	05	01	0	114	0	0	0	CR	MAX	8/sphinx.jpg	sphinx.jpg	NOKEY	MAX	NOKEY
1444759646009	0	lts_1013I_05_01	05	01	0	115	0	0	0	CR	MAX	16/Astapler12.jpg	Astapler12.jpg	NOKEY	MAX	NOKEY
1444759647079	0	lts_1013I_05_01	05	01	0	116	4	1	1	Hit	592	4-9/22919000.thl.jpg	22919000.thl.jpg	SPACE	635	SPACE
1444759650155	0	lts_1013I_05_01	05	01	0	117	0	0	0	CR	MAX	apparatus.jpg	apparatus.jpg	NOKEY	MAX	NOKEY
1444759653231	0	lts_1013I_05_01	05	01	0	118	0	0	0	CR	MAX	ferrywheeltoy.jpg	ferrywheeltoy.jpg	NOKEY	MAX	NOKEY
1444759654400	0	lts_1013I_05_01	05	01	0	119	16	1	1	Hit	688	16-mul/ATIMECLO3.jpg	ATIMECLO3.jpg	SPACE	735	SPACE
1444759657476	0	lts_1013I_05_01	05	01	0	120	0	0	0	CR	MAX	16/Afirealarm2.jpg	Afirealarm2.jpg	NOKEY	MAX	NOKEY
1444759660552	0	lts_1013I_05_01	05	01	0	121	0	0	0	CR	MAX	8079080.thl.jpg	8079080.thl.jpg	NOKEY	MAX	NOKEY
1444759661689	0	lts_1013I_05_01	05	01	0	122	8	1	1	Hit	658	8-first/sphinx.jpg	sphinx.jpg	SPACE	703	SPACE
1444759664765	0	lts_1013I_05_01	05	01	0	123	0	0	0	CR	MAX	ASKYDIVE.jpg	ASKYDIVE.jpg	NOKEY	MAX	NOKEY
1444759665802	0	lts_1013I_05_01	05	01	0	124	2	1	1	Hit	556	2-mul/sphinx.jpg	sphinx.jpg	SPACE	602	SPACE
1444759668878	0	lts_1013I_05_01	05	01	0	125	0	0	0	CR	MAX	1/ABILLTABL.jpg	ABILLTABL.jpg	NOKEY	MAX	NOKEY
1444759670316	0	lts_1013I_05_01	05	01	0	126	1	1	1	Hit	957	1-0/ABILLTABL.jpg	ABILLTABL.jpg	SPACE	1003	SPACE
1444759673442	0	lts_1013I_05_01	05	01	0	127	0	0	0	CR	MAX	2/Acandycanesin.jpg	Acandycanesin.jpg	NOKEY	MAX	NOKEY
1444759676518	0	lts_1013I_05_01	05	01	0	128	0	0	0	CR	MAX	8052266.thl.jpg	8052266.thl.jpg	NOKEY	MAX	NOKEY
1444759677822	0	lts_1013I_05_01	05	01	0	129	2	1	1	Hit	824	2-0/Acandycanesin.jpg	Acandycanesin.jpg	SPACE	869	SPACE
1444759680898	0	lts_1013I_05_01	05	01	0	130	0	0	0	CR	MAX	26383637.thl.jpg	26383637.thl.jpg	NOKEY	MAX	NOKEY
1444759682102	0	lts_1013I_05_01	05	01	0	131	16	1	1	Hit	722	16-first/Astapler12.jpg	Astapler12.jpg	SPACE	769	SPACE
1444759685178	0	lts_1013I_05_01	05	01	0	132	0	0	0	CR	MAX	Aseat3.jpg	Aseat3.jpg	NOKEY	MAX	NOKEY
1444759686265	0	lts_1013I_05_01	05	01	0	133	32	1	1	Hit	608	32-7/AOLIVE.jpg	AOLIVE.jpg	SPACE	651	SPACE
1444759689341	0	lts_1013I_05_01	05	01	0	134	0	0	0	CR	MAX	AFRYPAN7.jpg	AFRYPAN7.jpg	NOKEY	MAX	NOKEY
1444759692416	0	lts_1013I_05_01	05	01	0	135	0	0	0	CR	MAX	Atoytheatre2.jpg	Atoytheatre2.jpg	NOKEY	MAX	NOKEY
1444759693419	0	lts_1013I_05_01	05	01	0	136	16	1	1	Hit	525	16-first/Afirealarm2.jpg	Afirealarm2.jpg	SPACE	569	SPACE
1444759696495	0	lts_1013I_05_01	05	01	0	137	0	0	0	CR	MAX	Aflower102.jpg	Aflower102.jpg	NOKEY	MAX	NOKEY
1444759697549	0	lts_1013I_05_01	05	01	0	138	32	1	1	Hit	573	32-6/lollipops.jpg	lollipops.jpg	SPACE	619	SPACE
1444759700625	0	lts_1013I_05_01	05	01	0	139	0	0	0	CR	MAX	AANTICOT.jpg	AANTICOT.jpg	NOKEY	MAX	NOKEY
1444759701578	0	lts_1013I_05_01	05	01	0	140	4	1	1	Hit	475	4-mul/Afirealarm2.jpg	Afirealarm2.jpg	SPACE	519	SPACE
1444759704670	0	lts_1013I_05_01	05	01	0	141	0	0	0	CR	MAX	ACUPBOAR5.jpg	ACUPBOAR5.jpg	NOKEY	MAX	NOKEY
1444759707746	0	lts_1013I_05_01	05	01	0	142	0	0	0	CR	MAX	Acastle22.jpg	Acastle22.jpg	NOKEY	MAX	NOKEY
1444759710823	0	lts_1013I_05_01	05	01	0	143	0	0	0	CR	MAX	AFRENCHF2.jpg	AFRENCHF2.jpg	NOKEY	MAX	NOKEY
1444759713898	0	lts_1013I_05_01	05	01	0	144	0	0	0	CR	MAX	Akeg6.jpg	Akeg6.jpg	NOKEY	MAX	NOKEY
1444759716975	0	lts_1013I_05_01	05	01	0	145	0	0	0	CR	MAX	AMUSICSTA.jpg	AMUSICSTA.jpg	NOKEY	MAX	NOKEY
1444759720052	0	lts_1013I_05_01	05	01	0	146	0	0	0	CR	MAX	Ateacherscert.jpg	Ateacherscert.jpg	NOKEY	MAX	NOKEY
1444759721088	0	lts_1013I_05_01	05	01	0	147	16	1	1	Hit	554	16-mul/Astapler12.jpg	Astapler12.jpg	SPACE	601	SPACE
1444759724164	0	lts_1013I_05_01	05	01	0	148	0	0	0	CR	MAX	AHAMPER.jpg	AHAMPER.jpg	NOKEY	MAX	NOKEY
1444759727274	0	lts_1013I_05_01	05	01	0	149	0	0	0	CR	MAX	16/popcorn.jpg	popcorn.jpg	NOKEY	MAX	NOKEY
1444759730350	0	lts_1013I_05_01	05	01	0	150	0	0	0	CR	MAX	AHARMONS2.jpg	AHARMONS2.jpg	NOKEY	MAX	NOKEY
1444759731686	0	lts_1013I_05_01	05	01	0	151	128	1	1	Hit	859	128-7/Araisins4.jpg	Araisins4.jpg	SPACE	903	SPACE
1444759734762	0	lts_1013I_05_01	05	01	0	152	0	0	0	CR	MAX	1/AHOSPWAS2.jpg	AHOSPWAS2.jpg	NOKEY	MAX	NOKEY
1444759735815	0	lts_1013I_05_01	05	01	0	153	1	1	1	Hit	580	1-6/AHOSPWAS2.jpg	AHOSPWAS2.jpg	SPACE	618	SPACE
1444759738892	0	lts_1013I_05_01	05	01	0	154	0	0	0	CR	MAX	8/Atoyfiretru11.jpg	Atoyfiretru11.jpg	NOKEY	MAX	NOKEY
1444759741968	0	lts_1013I_05_01	05	01	0	155	0	0	0	CR	MAX	ABLAKBEN2.jpg	ABLAKBEN2.jpg	NOKEY	MAX	NOKEY
1444759745045	0	lts_1013I_05_01	05	01	0	156	0	0	0	CR	MAX	2/Alifeves2.jpg	Alifeves2.jpg	NOKEY	MAX	NOKEY
1444759748121	0	lts_1013I_05_01	05	01	0	157	0	0	0	CR	MAX	ASTONEOWL.jpg	ASTONEOWL.jpg	NOKEY	MAX	NOKEY
1444759749258	0	lts_1013I_05_01	05	01	0	158	2	1	1	Hit	654	2-13/Alifeves2.jpg	Alifeves2.jpg	SPACE	701	SPACE
1444759752334	0	lts_1013I_05_01	05	01	0	159	0	0	0	CR	MAX	ATRIUMPH3.jpg	ATRIUMPH3.jpg	NOKEY	MAX	NOKEY
1444759753804	0	lts_1013I_05_01	05	01	0	160	64	1	1	Hit	997	64-first/Acactusfruit.jpg	Acactusfruit.jpg	SPACE	1037	SPACE
1444759756897	0	lts_1013I_05_01	05	01	0	161	0	0	0	CR	MAX	ABAROMET2.jpg	ABAROMET2.jpg	NOKEY	MAX	NOKEY
1444759757883	0	lts_1013I_05_01	05	01	0	162	8	1	1	Hit	506	8-first/Atoyfiretru11.jpg	Atoyfiretru11.jpg	SPACE	552	SPACE
1444759760976	0	lts_1013I_05_01	05	01	0	163	0	0	0	CR	MAX	26440422.thl.jpg	26440422.thl.jpg	NOKEY	MAX	NOKEY
1444759764053	0	lts_1013I_05_01	05	01	0	164	0	0	0	CR	MAX	ATICKETBO.jpg	ATICKETBO.jpg	NOKEY	MAX	NOKEY
1444759765256	0	lts_1013I_05_01	05	01	0	165	16	1	1	Hit	718	16-first/popcorn.jpg	popcorn.jpg	SPACE	768	SPACE
1444759768333	0	lts_1013I_05_01	05	01	0	166	0	0	0	CR	MAX	ACROQUET2.jpg	ACROQUET2.jpg	NOKEY	MAX	NOKEY
1444759771408	0	lts_1013I_05_01	05	01	0	167	0	0	0	CR	MAX	AJEEPBOA2.jpg	AJEEPBOA2.jpg	NOKEY	MAX	NOKEY
1444759774484	0	lts_1013I_05_01	05	01	0	168	0	0	0	CR	MAX	Achair1260.jpg	Achair1260.jpg	NOKEY	MAX	NOKEY
1444759775637	0	lts_1013I_05_01	05	01	0	169	4	1	1	Hit	684	4-mul/popcorn.jpg	popcorn.jpg	SPACE	720	SPACE
1444759778713	0	lts_1013I_05_01	05	01	0	170	0	0	0	CR	MAX	32/9816397.thl.jpg	9816397.thl.jpg	NOKEY	MAX	NOKEY
1444759781789	0	lts_1013I_05_01	05	01	0	171	0	0	0	CR	MAX	128/bagelslicer.jpg	bagelslicer.jpg	NOKEY	MAX	NOKEY
1444759784865	0	lts_1013I_05_01	05	01	0	172	128	1	0	Miss	MAX	128-3/26440756.thl.jpg	26440756.thl.jpg	NOKEY	MAX	SPACE
1444759787941	0	lts_1013I_05_01	05	01	0	173	0	0	0	CR	MAX	8/22911908.thl.jpg	22911908.thl.jpg	NOKEY	MAX	NOKEY
1444759791018	0	lts_1013I_05_01	05	01	0	174	0	0	0	CR	MAX	ABASTER2.jpg	ABASTER2.jpg	NOKEY	MAX	NOKEY
1444759794094	0	lts_1013I_05_01	05	01	0	175	0	0	0	CR	MAX	AGOAT10.jpg	AGOAT10.jpg	NOKEY	MAX	NOKEY
1444759795064	0	lts_1013I_05_01	05	01	0	176	16	1	1	Hit	484	16-mul/Acactusfruit.jpg	Acactusfruit.jpg	SPACE	534	SPACE
1444759798157	0	lts_1013I_05_01	05	01	0	177	0	0	0	CR	MAX	Aspraybottle4.jpg	Aspraybottle4.jpg	NOKEY	MAX	NOKEY
1444759799227	0	lts_1013I_05_01	05	01	0	178	16	1	1	Hit	584	16-mul/Atoyfiretru11.jpg	Atoyfiretru11.jpg	SPACE	634	SPACE
1444759802303	0	lts_1013I_05_01	05	01	0	179	0	0	0	CR	MAX	Acombination6.jpg	Acombination6.jpg	NOKEY	MAX	NOKEY
1444759805379	0	lts_1013I_05_01	05	01	0	180	0	0	0	CR	MAX	Abridge9.jpg	Abridge9.jpg	NOKEY	MAX	NOKEY
1444759806582	0	lts_1013I_05_01	05	01	0	181	8	1	1	Hit	727	8-first/22911908.thl.jpg	22911908.thl.jpg	SPACE	769	SPACE
1444759809658	0	lts_1013I_05_01	05	01	0	182	0	0	0	CR	MAX	Askirt2.jpg	Askirt2.jpg	NOKEY	MAX	NOKEY
1444759810795	0	lts_1013I_05_01	05	01	0	183	2	1	1	Hit	655	2-mul/22911908.thl.jpg	22911908.thl.jpg	SPACE	704	SPACE
1444759813871	0	lts_1013I_05_01	05	01	0	184	0	0	0	CR	MAX	ASNOWTOY2.jpg	ASNOWTOY2.jpg	NOKEY	MAX	NOKEY
1444759815142	0	lts_1013I_05_01	05	01	0	185	128	1	1	Hit	793	128-4/APUMPCOOK.jpg	APUMPCOOK.jpg	SPACE	836	SPACE
1444759818235	0	lts_1013I_05_01	05	01	0	186	0	0	0	CR	MAX	2/Aheartmonito4.jpg	Aheartmonito4.jpg	NOKEY	MAX	NOKEY
1444759821311	0	lts_1013I_05_01	05	01	0	187	0	0	0	CR	MAX	26433686.thl.jpg	26433686.thl.jpg	NOKEY	MAX	NOKEY
1444759823768	0	lts_1013I_05_01	05	01	0	188	2	1	1	Hit	1974	2-6/Aheartmonito4.jpg	Aheartmonito4.jpg	SPACE	2022	SPACE
1444759826844	0	lts_1013I_05_01	05	01	0	189	0	0	0	CR	MAX	AGLASSBAL.jpg	AGLASSBAL.jpg	NOKEY	MAX	NOKEY
1444759829920	0	lts_1013I_05_01	05	01	0	190	0	0	0	CR	MAX	64/vendingmachine.jpg	vendingmachine.jpg	NOKEY	MAX	NOKEY
1444759832996	0	lts_1013I_05_01	05	01	0	191	0	0	0	CR	MAX	16/26423303.thl.jpg	26423303.thl.jpg	NOKEY	MAX	NOKEY
1444759836073	0	lts_1013I_05_01	05	01	0	192	0	0	0	CR	MAX	8/Aalmond4.jpg	Aalmond4.jpg	NOKEY	MAX	NOKEY
1444759837394	0	lts_1013I_05_01	05	01	0	193	0	0	1	FA	840	Atoycoffeepo2.jpg	Atoycoffeepo2.jpg	SPACE	885	NOKEY
1444759840469	0	lts_1013I_05_01	05	01	0	194	0	0	0	CR	MAX	makeuppowder.jpg	makeuppowder.jpg	NOKEY	MAX	NOKEY
1444759842125	0	lts_1013I_05_01	05	01	0	195	128	1	1	Hit	1176	128-0/22856172.thl.jpg	22856172.thl.jpg	SPACE	1221	SPACE
1444759845201	0	lts_1013I_05_01	05	01	0	196	0	0	0	CR	MAX	ASHEEP4.jpg	ASHEEP4.jpg	NOKEY	MAX	NOKEY
1444759848293	0	lts_1013I_05_01	05	01	0	197	0	0	0	CR	MAX	64/AARTMELON.jpg	AARTMELON.jpg	NOKEY	MAX	NOKEY
1444759851370	0	lts_1013I_05_01	05	01	0	198	0	0	0	CR	MAX	26378986.thl.jpg	26378986.thl.jpg	NOKEY	MAX	NOKEY
1444759854445	0	lts_1013I_05_01	05	01	0	199	0	0	0	CR	MAX	AANTIQTHE.jpg	AANTIQTHE.jpg	NOKEY	MAX	NOKEY
1444759855531	0	lts_1013I_05_01	05	01	0	200	8	1	1	Hit	602	8-first/Aalmond4.jpg	Aalmond4.jpg	SPACE	653	SPACE
1444759858607	0	lts_1013I_05_01	05	01	0	201	0	0	0	CR	MAX	AHEARTES3.jpg	AHEARTES3.jpg	NOKEY	MAX	NOKEY
1444759859610	0	lts_1013I_05_01	05	01	0	202	32	1	1	Hit	525	32-3/9816397.thl.jpg	9816397.thl.jpg	SPACE	569	SPACE
1444759862686	0	lts_1013I_05_01	05	01	0	203	0	0	0	CR	MAX	APILHELM2.jpg	APILHELM2.jpg	NOKEY	MAX	NOKEY
1444759865763	0	lts_1013I_05_01	05	01	0	204	0	0	0	CR	MAX	AHOSPBED.jpg	AHOSPBED.jpg	NOKEY	MAX	NOKEY
1444759868855	0	lts_1013I_05_01	05	01	0	205	0	0	0	CR	MAX	Abar8.jpg	Abar8.jpg	NOKEY	MAX	NOKEY
1444759871931	0	lts_1013I_05_01	05	01	0	206	0	0	0	CR	MAX	096CM301000.jpg	096CM301000.jpg	NOKEY	MAX	NOKEY
1444759872968	0	lts_1013I_05_01	05	01	0	207	16	1	1	Hit	554	16-first/26423303.thl.jpg	26423303.thl.jpg	SPACE	602	SPACE
1444759876045	0	lts_1013I_05_01	05	01	0	208	0	0	0	CR	MAX	26374605.thl.jpg	26374605.thl.jpg	NOKEY	MAX	NOKEY
1444759877265	0	lts_1013I_05_01	05	01	0	209	2	1	1	Hit	750	2-mul/26423303.thl.jpg	26423303.thl.jpg	SPACE	784	SPACE
1444759880341	0	lts_1013I_05_01	05	01	0	210	0	0	0	CR	MAX	erasergum.jpg	erasergum.jpg	NOKEY	MAX	NOKEY
1444759883417	0	lts_1013I_05_01	05	01	0	211	0	0	0	CR	MAX	ALITTERSC.jpg	ALITTERSC.jpg	NOKEY	MAX	NOKEY
1444759886509	0	lts_1013I_05_01	05	01	0	212	0	0	0	CR	MAX	Aclockradio4.jpg	Aclockradio4.jpg	NOKEY	MAX	NOKEY
1444759887763	0	lts_1013I_05_01	05	01	0	213	128	1	1	Hit	779	128-5/Acrayonsinabo.jpg	Acrayonsinabo.jpg	SPACE	820	SPACE
1444759889118	0	lts_1013I_05_01	05	01	0	214	0	0	1	FA	884	16/ACHINDECP.jpg	ACHINDECP.jpg	SPACE	919	NOKEY
1444759892194	0	lts_1013I_05_01	05	01	0	215	0	0	0	CR	MAX	ABAGGROCE.jpg	ABAGGROCE.jpg	NOKEY	MAX	NOKEY
1444759893381	0	lts_1013I_05_01	05	01	0	216	16	1	1	Hit	702	16-mul/Aalmond4.jpg	Aalmond4.jpg	SPACE	751	SPACE
1444759896456	0	lts_1013I_05_01	05	01	0	217	0	0	0	CR	MAX	Aribbon21.jpg	Aribbon21.jpg	NOKEY	MAX	NOKEY
1444759899532	0	lts_1013I_05_01	05	01	0	218	0	0	0	CR	MAX	26374346.thl.jpg	26374346.thl.jpg	NOKEY	MAX	NOKEY
1444759902608	0	lts_1013I_05_01	05	01	0	219	0	0	0	CR	MAX	4/APROSTAR2.jpg	APROSTAR2.jpg	NOKEY	MAX	NOKEY
1444759905685	0	lts_1013I_05_01	05	01	0	220	0	0	0	CR	MAX	Aham6.jpg	Aham6.jpg	NOKEY	MAX	NOKEY
1444759908777	0	lts_1013I_05_01	05	01	0	221	0	0	0	CR	MAX	Ahotdogplain.jpg	Ahotdogplain.jpg	NOKEY	MAX	NOKEY
1444759911853	0	lts_1013I_05_01	05	01	0	222	0	0	0	CR	MAX	ADEEPFRYS.jpg	ADEEPFRYS.jpg	NOKEY	MAX	NOKEY
1444759913041	0	lts_1013I_05_01	05	01	0	223	4	1	1	Hit	716	4-4/APROSTAR2.jpg	APROSTAR2.jpg	SPACE	752	SPACE
1444759916117	0	lts_1013I_05_01	05	01	0	224	0	0	0	CR	MAX	AWOODPYRA.jpg	AWOODPYRA.jpg	NOKEY	MAX	NOKEY
1444759917254	0	lts_1013I_05_01	05	01	0	225	128	1	1	Hit	660	128-2/26427111.thl.jpg	26427111.thl.jpg	SPACE	701	SPACE
1444759920330	0	lts_1013I_05_01	05	01	0	226	0	0	0	CR	MAX	32/AKITE5.jpg	AKITE5.jpg	NOKEY	MAX	NOKEY
1444759923405	0	lts_1013I_05_01	05	01	0	227	0	0	0	CR	MAX	ACHOPBOWL.jpg	ACHOPBOWL.jpg	NOKEY	MAX	NOKEY
1444759926481	0	lts_1013I_05_01	05	01	0	228	0	0	0	CR	MAX	4/8065674.thl.jpg	8065674.thl.jpg	NOKEY	MAX	NOKEY
1444759929557	0	lts_1013I_05_01	05	01	0	229	0	0	0	CR	MAX	Ascrewmount.jpg	Ascrewmount.jpg	NOKEY	MAX	NOKEY
1444759932634	0	lts_1013I_05_01	05	01	0	230	16	1	0	Miss	MAX	16-first/ACHINDECP.jpg	ACHINDECP.jpg	NOKEY	MAX	SPACE
1444759935710	0	lts_1013I_05_01	05	01	0	231	0	0	0	CR	MAX	26431471.thl.jpg	26431471.thl.jpg	NOKEY	MAX	NOKEY
1444759938786	0	lts_1013I_05_01	05	01	0	232	4	1	0	Miss	MAX	4-5/8065674.thl.jpg	8065674.thl.jpg	NOKEY	MAX	SPACE
1444759941862	0	lts_1013I_05_01	05	01	0	233	0	0	0	CR	MAX	32/kotsltd.jpg	kotsltd.jpg	NOKEY	MAX	NOKEY
1444759944938	0	lts_1013I_05_01	05	01	0	234	0	0	0	CR	MAX	Awoodenegg.jpg	Awoodenegg.jpg	NOKEY	MAX	NOKEY
1444759948015	0	lts_1013I_05_01	05	01	0	235	0	0	0	CR	MAX	8068401.thl.jpg	8068401.thl.jpg	NOKEY	MAX	NOKEY
1444759951108	0	lts_1013I_05_01	05	01	0	236	0	0	0	CR	MAX	Aantelope2.jpg	Aantelope2.jpg	NOKEY	MAX	NOKEY
1444759954184	0	lts_1013I_05_01	05	01	0	237	0	0	0	CR	MAX	DSCN3757-sm.jpg	DSCN3757-sm.jpg	NOKEY	MAX	NOKEY
1444759957260	0	lts_1013I_05_01	05	01	0	238	128	1	0	Miss	MAX	128-6/AWALKMAN2.jpg	AWALKMAN2.jpg	NOKEY	MAX	SPACE
1444759958981	0	lts_1013I_05_01	05	01	0	239	0	0	1	FA	1249	22853544.thl.jpg	22853544.thl.jpg	SPACE	1287	NOKEY
1444759962058	0	lts_1013I_05_01	05	01	0	240	0	0	0	CR	MAX	8/26372785.thl.jpg	26372785.thl.jpg	NOKEY	MAX	NOKEY
1444759965134	0	lts_1013I_05_01	05	01	0	241	0	0	0	CR	MAX	ACONBENCH.jpg	ACONBENCH.jpg	NOKEY	MAX	NOKEY
1444759968227	0	lts_1013I_05_01	05	01	0	242	0	0	0	CR	MAX	barssport.jpg	barssport.jpg	NOKEY	MAX	NOKEY
1444759971303	0	lts_1013I_05_01	05	01	0	243	0	0	0	CR	MAX	ACLOSET4.jpg	ACLOSET4.jpg	NOKEY	MAX	NOKEY
1444759972556	0	lts_1013I_05_01	05	01	0	244	0	0	1	FA	775	Afusehousing.jpg	Afusehousing.jpg	SPACE	819	NOKEY
1444759975632	0	lts_1013I_05_01	05	01	0	245	0	0	0	CR	MAX	weepwalker.jpg	weepwalker.jpg	NOKEY	MAX	NOKEY
1444759976735	0	lts_1013I_05_01	05	01	0	246	16	1	1	Hit	622	16-mul/ACHINDECP.jpg	ACHINDECP.jpg	SPACE	670	SPACE
1444759979811	0	lts_1013I_05_01	05	01	0	247	0	0	0	CR	MAX	ball8.JPG	ball8.JPG	NOKEY	MAX	NOKEY
1444759980931	0	lts_1013I_05_01	05	01	0	248	8	1	1	Hit	636	8-0/26372785.thl.jpg	26372785.thl.jpg	SPACE	685	SPACE
1444759984008	0	lts_1013I_05_01	05	01	0	249	0	0	0	CR	MAX	26437077.thl.jpg	26437077.thl.jpg	NOKEY	MAX	NOKEY
1444759987084	0	lts_1013I_05_01	05	01	0	250	0	0	0	CR	MAX	Aleatherpenc9.jpg	Aleatherpenc9.jpg	NOKEY	MAX	NOKEY
1444759990160	0	lts_1013I_05_01	05	01	0	251	0	0	0	CR	MAX	Aadjustablech.jpg	Aadjustablech.jpg	NOKEY	MAX	NOKEY
1444759993236	0	lts_1013I_05_01	05	01	0	252	0	0	0	CR	MAX	AWALKER11.jpg	AWALKER11.jpg	NOKEY	MAX	NOKEY
1444759996313	0	lts_1013I_05_01	05	01	0	253	0	0	0	CR	MAX	ADENSYRIN.jpg	ADENSYRIN.jpg	NOKEY	MAX	NOKEY
1444759997599	0	lts_1013I_05_01	05	01	0	254	64	1	1	Hit	811	64-first/vendingmachine.jpg	vendingmachine.jpg	SPACE	853	SPACE
1444760000675	0	lts_1013I_05_01	05	01	0	255	0	0	0	CR	MAX	22824636.thl.jpg	22824636.thl.jpg	NOKEY	MAX	NOKEY
1444760001878	0	lts_1013I_05_01	05	01	0	256	2	1	1	Hit	729	2-mul/vendingmachine.jpg	vendingmachine.jpg	SPACE	769	SPACE
1444760004971	0	lts_1013I_05_01	05	01	0	257	0	0	0	CR	MAX	Atoyhorse2.jpg	Atoyhorse2.jpg	NOKEY	MAX	NOKEY
1444760006025	0	lts_1013I_05_01	05	01	0	258	32	1	1	Hit	581	32-8/AKITE5.jpg	AKITE5.jpg	SPACE	618	SPACE
1444760009101	0	lts_1013I_05_01	05	01	0	259	0	0	0	CR	MAX	Afox3.jpg	Afox3.jpg	NOKEY	MAX	NOKEY
1444760012178	0	lts_1013I_05_01	05	01	0	260	0	0	0	CR	MAX	Ababycup2.jpg	Ababycup2.jpg	NOKEY	MAX	NOKEY
1444760013598	0	lts_1013I_05_01	05	01	0	261	64	1	1	Hit	920	64-first/AARTMELON.jpg	AARTMELON.jpg	SPACE	970	SPACE
1444760016674	0	lts_1013I_05_01	05	01	0	262	0	0	0	CR	MAX	Aruler12.jpg	Aruler12.jpg	NOKEY	MAX	NOKEY
1444760019750	0	lts_1013I_05_01	05	01	0	263	0	0	0	CR	MAX	8252024.thl.jpg	8252024.thl.jpg	NOKEY	MAX	NOKEY
1444760022826	0	lts_1013I_05_01	05	01	0	264	0	0	0	CR	MAX	64/Atoyhomeoffi4.jpg	Atoyhomeoffi4.jpg	NOKEY	MAX	NOKEY
1444760023979	0	lts_1013I_05_01	05	01	0	265	32	1	1	Hit	676	32-9/kotsltd.jpg	kotsltd.jpg	SPACE	719	SPACE
1444760027056	0	lts_1013I_05_01	05	01	0	266	0	0	0	CR	MAX	ACHEESLIC.jpg	ACHEESLIC.jpg	NOKEY	MAX	NOKEY
1444760030149	0	lts_1013I_05_01	05	01	0	267	0	0	0	CR	MAX	Abackpack11.jpg	Abackpack11.jpg	NOKEY	MAX	NOKEY
1444760033225	0	lts_1013I_05_01	05	01	0	268	0	0	0	CR	MAX	Abuilding116.jpg	Abuilding116.jpg	NOKEY	MAX	NOKEY
1444760036301	0	lts_1013I_05_01	05	01	0	269	0	0	0	CR	MAX	1/Agoldfishina2.jpg	Agoldfishina2.jpg	NOKEY	MAX	NOKEY
1444760037437	0	lts_1013I_05_01	05	01	0	270	1	1	1	Hit	659	1-5/Agoldfishina2.jpg	Agoldfishina2.jpg	SPACE	702	SPACE
1444760040513	0	lts_1013I_05_01	05	01	0	271	0	0	0	CR	MAX	Acandle120.jpg	Acandle120.jpg	NOKEY	MAX	NOKEY
1444760043606	0	lts_1013I_05_01	05	01	0	272	0	0	0	CR	MAX	2/AFENCIN50.jpg	AFENCIN50.jpg	NOKEY	MAX	NOKEY
1444760046682	0	lts_1013I_05_01	05	01	0	273	0	0	0	CR	MAX	AHEATER3.jpg	AHEATER3.jpg	NOKEY	MAX	NOKEY
1444760048255	0	lts_1013I_05_01	05	01	0	274	2	1	1	Hit	1089	2-3/AFENCIN50.jpg	AFENCIN50.jpg	SPACE	1136	SPACE
1444760051331	0	lts_1013I_05_01	05	01	0	275	0	0	0	CR	MAX	16/Ahandbag68.jpg	Ahandbag68.jpg	NOKEY	MAX	NOKEY
1444760054406	0	lts_1013I_05_01	05	01	0	276	0	0	0	CR	MAX	ATOOLS.jpg	ATOOLS.jpg	NOKEY	MAX	NOKEY
1444760055409	0	lts_1013I_05_01	05	01	0	277	16	1	1	Hit	524	16-mul/AARTMELON.jpg	AARTMELON.jpg	SPACE	569	SPACE
1444760058485	0	lts_1013I_05_01	05	01	0	278	0	0	0	CR	MAX	26424478.thl.jpg	26424478.thl.jpg	NOKEY	MAX	NOKEY
1444760061561	0	lts_1013I_05_01	05	01	0	279	0	0	0	CR	MAX	driedbananaslides.jpg	driedbananaslides.jpg	NOKEY	MAX	NOKEY
1444760064654	0	lts_1013I_05_01	05	01	0	280	0	0	0	CR	MAX	2/Apedestal3.jpg	Apedestal3.jpg	NOKEY	MAX	NOKEY
1444760067746	0	lts_1013I_05_01	05	01	0	281	0	0	0	CR	MAX	4/Abucket51.jpg	Abucket51.jpg	NOKEY	MAX	NOKEY
1444760069000	0	lts_1013I_05_01	05	01	0	282	2	1	1	Hit	777	2-2/Apedestal3.jpg	Apedestal3.jpg	SPACE	819	SPACE
1444760072094	0	lts_1013I_05_01	05	01	0	283	0	0	0	CR	MAX	toy2A.JPG	toy2A.JPG	NOKEY	MAX	NOKEY
1444760073147	0	lts_1013I_05_01	05	01	0	284	0	0	1	FA	570	ACUTLERY5.jpg	ACUTLERY5.jpg	SPACE	618	NOKEY
1444760074368	0	lts_1013I_05_01	05	01	0	285	4	1	1	Hit	748	4-11/Abucket51.jpg	Abucket51.jpg	SPACE	784	SPACE
1444760077443	0	lts_1013I_05_01	05	01	0	286	0	0	0	CR	MAX	23024623.thl.jpg	23024623.thl.jpg	NOKEY	MAX	NOKEY
1444760080519	0	lts_1013I_05_01	05	01	0	287	0	0	0	CR	MAX	1/Adicecupandb5.jpg	Adicecupandb5.jpg	NOKEY	MAX	NOKEY
1444760081572	0	lts_1013I_05_01	05	01	0	288	1	1	1	Hit	584	1-8/Adicecupandb5.jpg	Adicecupandb5.jpg	SPACE	620	SPACE
1444760082675	0	lts_1013I_05_01	05	01	0	289	0	0	1	FA	631	ABUFFALO.jpg	ABUFFALO.jpg	SPACE	669	NOKEY
1444760085751	0	lts_1013I_05_01	05	01	0	290	0	0	0	CR	MAX	16/26424784.thl.jpg	26424784.thl.jpg	NOKEY	MAX	NOKEY
1444760087123	0	lts_1013I_05_01	05	01	0	291	16	1	1	Hit	885	16-first/Ahandbag68.jpg	Ahandbag68.jpg	SPACE	936	SPACE
1444760090216	0	lts_1013I_05_01	05	01	0	292	0	0	0	CR	MAX	4/garlic.jpg	garlic.jpg	NOKEY	MAX	NOKEY
1444760091269	0	lts_1013I_05_01	05	01	0	293	2	1	1	Hit	569	2-mul/Ahandbag68.jpg	Ahandbag68.jpg	SPACE	617	SPACE
1444760094345	0	lts_1013I_05_01	05	01	0	294	0	0	0	CR	MAX	Atoyslide.jpg	Atoyslide.jpg	NOKEY	MAX	NOKEY
1444760097420	0	lts_1013I_05_01	05	01	0	295	0	0	0	CR	MAX	26429097.thl.jpg	26429097.thl.jpg	NOKEY	MAX	NOKEY
1444760098574	0	lts_1013I_05_01	05	01	0	296	4	1	1	Hit	674	4-8/garlic.jpg	garlic.jpg	SPACE	720	SPACE
1444760101650	0	lts_1013I_05_01	05	01	0	297	0	0	0	CR	MAX	Ashark7.jpg	Ashark7.jpg	NOKEY	MAX	NOKEY
1444760104726	0	lts_1013I_05_01	05	01	0	298	0	0	0	CR	MAX	4/ASPARKER2.jpg	ASPARKER2.jpg	NOKEY	MAX	NOKEY
1444760106031	0	lts_1013I_05_01	05	01	0	299	128	1	1	Hit	834	128-1/bagelslicer.jpg	bagelslicer.jpg	SPACE	869	SPACE
1444760109107	0	lts_1013I_05_01	05	01	0	300	0	0	0	CR	MAX	AGLASSEY5.jpg	AGLASSEY5.jpg	NOKEY	MAX	NOKEY
1444760112183	0	lts_1013I_05_01	05	01	0	301	0	0	0	CR	MAX	26375641.thl.jpg	26375641.thl.jpg	NOKEY	MAX	NOKEY
1444760113253	0	lts_1013I_05_01	05	01	0	302	4	1	1	Hit	598	4-10/ASPARKER2.jpg	ASPARKER2.jpg	SPACE	634	SPACE
1444760116329	0	lts_1013I_05_01	05	01	0	303	0	0	0	CR	MAX	1/AMUFFIPAN.jpg	AMUFFIPAN.jpg	NOKEY	MAX	NOKEY
1444760117799	0	lts_1013I_05_01	05	01	0	304	1	1	1	Hit	996	1-9/AMUFFIPAN.jpg	AMUFFIPAN.jpg	SPACE	1036	SPACE
1444760120875	0	lts_1013I_05_01	05	01	0	305	0	0	0	CR	MAX	AFISH20.jpg	AFISH20.jpg	NOKEY	MAX	NOKEY
1444760123951	0	lts_1013I_05_01	05	01	0	306	16	1	0	Miss	MAX	16-first/26424784.thl.jpg	26424784.thl.jpg	NOKEY	MAX	SPACE
1444760127029	0	lts_1013I_05_01	05	01	0	307	0	0	0	CR	MAX	ACPU2.jpg	ACPU2.jpg	NOKEY	MAX	NOKEY
1444760127914	0	lts_1013I_05_01	05	01	0	308	2	1	1	Hit	408	2-mul/26424784.thl.jpg	26424784.thl.jpg	SPACE	450	SPACE
1444760130990	0	lts_1013I_05_01	05	01	0	309	0	0	0	CR	MAX	26374146.thl.jpg	26374146.thl.jpg	NOKEY	MAX	NOKEY
1444760134067	0	lts_1013I_05_01	05	01	0	310	0	0	0	CR	MAX	2/23060574.thl.jpg	23060574.thl.jpg	NOKEY	MAX	NOKEY
1444760137160	0	lts_1013I_05_01	05	01	0	311	0	0	0	CR	MAX	64/AMIMETITE.jpg	AMIMETITE.jpg	NOKEY	MAX	NOKEY
1444760138263	0	lts_1013I_05_01	05	01	0	312	2	1	1	Hit	617	2-8/23060574.thl.jpg	23060574.thl.jpg	SPACE	668	SPACE
1444760141339	0	lts_1013I_05_01	05	01	0	313	0	0	0	CR	MAX	26375896.thl.jpg	26375896.thl.jpg	NOKEY	MAX	NOKEY
1444760144414	0	lts_1013I_05_01	05	01	0	314	0	0	0	CR	MAX	ACOFFPOT3.jpg	ACOFFPOT3.jpg	NOKEY	MAX	NOKEY
1444760147490	0	lts_1013I_05_01	05	01	0	315	0	0	0	CR	MAX	gymvaulting2.jpg	gymvaulting2.jpg	NOKEY	MAX	NOKEY
1444760148828	0	lts_1013I_05_01	05	01	0	316	0	0	1	FA	869	1/Afitting3.jpg	Afitting3.jpg	SPACE	902	NOKEY
1444760149897	0	lts_1013I_05_01	05	01	0	317	1	1	1	Hit	590	1-13/Afitting3.jpg	Afitting3.jpg	SPACE	635	SPACE
1444760152974	0	lts_1013I_05_01	05	01	0	318	0	0	0	CR	MAX	26377133.thl.jpg	26377133.thl.jpg	NOKEY	MAX	NOKEY
1444760156067	0	lts_1013I_05_01	05	01	0	319	0	0	0	CR	MAX	22857084.thl.jpg	22857084.thl.jpg	NOKEY	MAX	NOKEY
1444760159143	0	lts_1013I_05_01	05	01	0	320	0	0	0	CR	MAX	16/ANUTCRA10.jpg	ANUTCRA10.jpg	NOKEY	MAX	NOKEY
1444760162219	0	lts_1013I_05_01	05	01	0	321	0	0	0	CR	MAX	23051010.thl.jpg	23051010.thl.jpg	NOKEY	MAX	NOKEY
1444760163639	0	lts_1013I_05_01	05	01	0	322	0	0	1	FA	949	AWODSPOON.jpg	AWODSPOON.jpg	SPACE	986	NOKEY
1444760166716	0	lts_1013I_05_01	05	01	0	323	0	0	0	CR	MAX	AORIENBOW.jpg	AORIENBOW.jpg	NOKEY	MAX	NOKEY
1444760169792	0	lts_1013I_05_01	05	01	0	324	0	0	0	CR	MAX	AWHISTLE4.jpg	AWHISTLE4.jpg	NOKEY	MAX	NOKEY
1444760172868	0	lts_1013I_05_01	05	01	0	325	0	0	0	CR	MAX	Aasianbuildin.jpg	Aasianbuildin.jpg	NOKEY	MAX	NOKEY
1444760175944	0	lts_1013I_05_01	05	01	0	326	0	0	0	CR	MAX	64/ABROCHETT.jpg	ABROCHETT.jpg	NOKEY	MAX	NOKEY
1444760179037	0	lts_1013I_05_01	05	01	0	327	0	0	0	CR	MAX	4/ALAB21.jpg	ALAB21.jpg	NOKEY	MAX	NOKEY
1444760180692	0	lts_1013I_05_01	05	01	0	328	64	1	1	Hit	1185	64-first/Atoyhomeoffi4.jpg	Atoyhomeoffi4.jpg	SPACE	1220	SPACE
1444760183768	0	lts_1013I_05_01	05	01	0	329	0	0	0	CR	MAX	Atoyworm.jpg	Atoyworm.jpg	NOKEY	MAX	NOKEY
1444760186844	0	lts_1013I_05_01	05	01	0	330	0	0	0	CR	MAX	22852032.thl.jpg	22852032.thl.jpg	NOKEY	MAX	NOKEY
1444760189920	0	lts_1013I_05_01	05	01	0	331	4	1	0	Miss	MAX	4-3/ALAB21.jpg	ALAB21.jpg	NOKEY	MAX	SPACE
1444760191909	0	lts_1013I_05_01	05	01	0	332	0	0	1	FA	1506	2/APEELER.jpg	APEELER.jpg	SPACE	1555	NOKEY
1444760193965	0	lts_1013I_05_01	05	01	0	333	0	0	1	FA	1586	Aservicedesk.jpg	Aservicedesk.jpg	SPACE	1621	NOKEY
1444760195003	0	lts_1013I_05_01	05	01	0	334	2	1	1	Hit	551	2-12/APEELER.jpg	APEELER.jpg	SPACE	602	SPACE
1444760198079	0	lts_1013I_05_01	05	01	0	335	0	0	0	CR	MAX	Acanister10.jpg	Acanister10.jpg	NOKEY	MAX	NOKEY
1444760199065	0	lts_1013I_05_01	05	01	0	336	16	1	1	Hit	507	16-1/ANUTCRA10.jpg	ANUTCRA10.jpg	SPACE	550	SPACE
1444760202141	0	lts_1013I_05_01	05	01	0	337	0	0	0	CR	MAX	1/AAIRGRIN2.jpg	AAIRGRIN2.jpg	NOKEY	MAX	NOKEY
1444760203461	0	lts_1013I_05_01	05	01	0	338	1	1	1	Hit	845	1-1/AAIRGRIN2.jpg	AAIRGRIN2.jpg	SPACE	886	SPACE
1444760206537	0	lts_1013I_05_01	05	01	0	339	0	0	0	CR	MAX	32/Arunningshoe4.jpg	Arunningshoe4.jpg	NOKEY	MAX	NOKEY
1444760209613	0	lts_1013I_05_01	05	01	0	340	0	0	0	CR	MAX	26387587.thl.jpg	26387587.thl.jpg	NOKEY	MAX	NOKEY
1444760212689	0	lts_1013I_05_01	05	01	0	341	0	0	0	CR	MAX	22855236.thl.jpg	22855236.thl.jpg	NOKEY	MAX	NOKEY
1444760215782	0	lts_1013I_05_01	05	01	0	342	0	0	0	CR	MAX	64/APOTWHOLE.jpg	APOTWHOLE.jpg	NOKEY	MAX	NOKEY
1444760218858	0	lts_1013I_05_01	05	01	0	343	0	0	0	CR	MAX	AWOODST19.jpg	AWOODST19.jpg	NOKEY	MAX	NOKEY
1444760219978	0	lts_1013I_05_01	05	01	0	344	16	1	1	Hit	640	16-mul/Atoyhomeoffi4.jpg	Atoyhomeoffi4.jpg	SPACE	685	SPACE
1444760223055	0	lts_1013I_05_01	05	01	0	345	0	0	0	CR	MAX	4/ACHIPROL2.jpg	ACHIPROL2.jpg	NOKEY	MAX	NOKEY
1444760226131	0	lts_1013I_05_01	05	01	0	346	0	0	0	CR	MAX	1/AALIEN.jpg	AALIEN.jpg	NOKEY	MAX	NOKEY
1444760227352	0	lts_1013I_05_01	05	01	0	347	1	1	1	Hit	748	1-12/AALIEN.jpg	AALIEN.jpg	SPACE	785	SPACE
1444760230427	0	lts_1013I_05_01	05	01	0	348	0	0	0	CR	MAX	ASCALE30.jpg	ASCALE30.jpg	NOKEY	MAX	NOKEY
1444760231463	0	lts_1013I_05_01	05	01	0	349	4	1	1	Hit	568	4-6/ACHIPROL2.jpg	ACHIPROL2.jpg	SPACE	603	SPACE
1444760234539	0	lts_1013I_05_01	05	01	0	350	0	0	0	CR	MAX	Aextensionco8.jpg	Aextensionco8.jpg	NOKEY	MAX	NOKEY
1444760237615	0	lts_1013I_05_01	05	01	0	351	0	0	0	CR	MAX	1/22870356.thl.jpg	22870356.thl.jpg	NOKEY	MAX	NOKEY
1444760238736	0	lts_1013I_05_01	05	01	0	352	1	1	1	Hit	641	1-2/22870356.thl.jpg	22870356.thl.jpg	SPACE	686	SPACE
1444760241812	0	lts_1013I_05_01	05	01	0	353	0	0	0	CR	MAX	22855536.thl.jpg	22855536.thl.jpg	NOKEY	MAX	NOKEY
1444760244888	0	lts_1013I_05_01	05	01	0	354	0	0	0	CR	MAX	ADINGHY.jpg	ADINGHY.jpg	NOKEY	MAX	NOKEY
1444760247964	0	lts_1013I_05_01	05	01	0	355	0	0	0	CR	MAX	8/Aclamp55.jpg	Aclamp55.jpg	NOKEY	MAX	NOKEY
1444760251041	0	lts_1013I_05_01	05	01	0	356	0	0	0	CR	MAX	22907432.thl.jpg	22907432.thl.jpg	NOKEY	MAX	NOKEY
1444760254117	0	lts_1013I_05_01	05	01	0	357	0	0	0	CR	MAX	ADECKCARD.jpg	ADECKCARD.jpg	NOKEY	MAX	NOKEY
1444760257193	0	lts_1013I_05_01	05	01	0	358	0	0	0	CR	MAX	2/swimmies.jpg	swimmies.jpg	NOKEY	MAX	NOKEY
1444760260269	0	lts_1013I_05_01	05	01	0	359	0	0	0	CR	MAX	ARECORDC2.jpg	ARECORDC2.jpg	NOKEY	MAX	NOKEY
1444760261672	0	lts_1013I_05_01	05	01	0	360	2	1	1	Hit	931	2-11/swimmies.jpg	swimmies.jpg	SPACE	969	SPACE
1444760262776	0	lts_1013I_05_01	05	01	0	361	0	0	1	FA	607	64/APARKBENC.jpg	APARKBENC.jpg	SPACE	653	NOKEY
1444760265852	0	lts_1013I_05_01	05	01	0	362	0	0	0	CR	MAX	APUPPY26.jpg	APUPPY26.jpg	NOKEY	MAX	NOKEY
1444760267040	0	lts_1013I_05_01	05	01	0	363	8	1	1	Hit	712	8-1/Aclamp55.jpg	Aclamp55.jpg	SPACE	753	SPACE
1444760270116	0	lts_1013I_05_01	05	01	0	364	0	0	0	CR	MAX	ATRICKTR2.jpg	ATRICKTR2.jpg	NOKEY	MAX	NOKEY
1444760273209	0	lts_1013I_05_01	05	01	0	365	0	0	0	CR	MAX	26421575.thl.jpg	26421575.thl.jpg	NOKEY	MAX	NOKEY
1444760276285	0	lts_1013I_05_01	05	01	0	366	0	0	0	CR	MAX	26372390.thl.jpg	26372390.thl.jpg	NOKEY	MAX	NOKEY
1444760279361	0	lts_1013I_05_01	05	01	0	367	0	0	0	CR	MAX	gymbars2.jpg	gymbars2.jpg	NOKEY	MAX	NOKEY
1444760282436	0	lts_1013I_05_01	05	01	0	368	0	0	0	CR	MAX	ATOILROL2.jpg	ATOILROL2.jpg	NOKEY	MAX	NOKEY
1444760285512	0	lts_1013I_05_01	05	01	0	369	0	0	0	CR	MAX	AFETTUCI2.jpg	AFETTUCI2.jpg	NOKEY	MAX	NOKEY
1444760288605	0	lts_1013I_05_01	05	01	0	370	0	0	0	CR	MAX	checkejellyjar.jpg	checkejellyjar.jpg	NOKEY	MAX	NOKEY
1444760289775	0	lts_1013I_05_01	05	01	0	371	32	1	1	Hit	688	32-1/Arunningshoe4.jpg	Arunningshoe4.jpg	SPACE	737	SPACE
1444760292851	0	lts_1013I_05_01	05	01	0	372	0	0	0	CR	MAX	1/ASTAR.jpg	ASTAR.jpg	NOKEY	MAX	NOKEY
1444760294139	0	lts_1013I_05_01	05	01	0	373	1	1	1	Hit	814	1-11/ASTAR.jpg	ASTAR.jpg	SPACE	853	SPACE
1444760297215	0	lts_1013I_05_01	05	01	0	374	0	0	0	CR	MAX	16247853.thl.jpg	16247853.thl.jpg	NOKEY	MAX	NOKEY
1444760300291	0	lts_1013I_05_01	05	01	0	375	64	1	0	Miss	MAX	64-first/AMIMETITE.jpg	AMIMETITE.jpg	NOKEY	MAX	SPACE
1444760301878	0	lts_1013I_05_01	05	01	0	376	0	0	1	FA	1111	ACURLER.jpg	ACURLER.jpg	SPACE	1152	NOKEY
1444760303200	0	lts_1013I_05_01	05	01	0	377	2	1	1	Hit	837	2-mul/AMIMETITE.jpg	AMIMETITE.jpg	SPACE	886	SPACE
1444760304670	0	lts_1013I_05_01	05	01	0	378	0	0	1	FA	969	8/AAFRICIN2.jpg	AAFRICIN2.jpg	SPACE	1020	NOKEY
1444760307746	0	lts_1013I_05_01	05	01	0	379	0	0	0	CR	MAX	Acannedaspa10.jpg	Acannedaspa10.jpg	NOKEY	MAX	NOKEY
1444760310823	0	lts_1013I_05_01	05	01	0	380	0	0	0	CR	MAX	Ainstrument3.jpg	Ainstrument3.jpg	NOKEY	MAX	NOKEY
1444760313899	0	lts_1013I_05_01	05	01	0	381	0	0	0	CR	MAX	1/26372465.thl.jpg	26372465.thl.jpg	NOKEY	MAX	NOKEY
1444760315621	0	lts_1013I_05_01	05	01	0	382	1	1	1	Hit	1249	1-7/26372465.thl.jpg	26372465.thl.jpg	SPACE	1288	SPACE
1444760318697	0	lts_1013I_05_01	05	01	0	383	0	0	0	CR	MAX	ACLOGOPE3.jpg	ACLOGOPE3.jpg	NOKEY	MAX	NOKEY
1444760321773	0	lts_1013I_05_01	05	01	0	384	0	0	0	CR	MAX	26421370.thl.jpg	26421370.thl.jpg	NOKEY	MAX	NOKEY
1444760324849	0	lts_1013I_05_01	05	01	0	385	0	0	0	CR	MAX	ARATTLE.jpg	ARATTLE.jpg	NOKEY	MAX	NOKEY
1444760327925	0	lts_1013I_05_01	05	01	0	386	8	1	0	Miss	MAX	8-2/AAFRICIN2.jpg	AAFRICIN2.jpg	NOKEY	MAX	SPACE
1444760331002	0	lts_1013I_05_01	05	01	0	387	0	0	0	CR	MAX	ALEGCAST3.jpg	ALEGCAST3.jpg	NOKEY	MAX	NOKEY
1444760334078	0	lts_1013I_05_01	05	01	0	388	0	0	0	CR	MAX	ADENTOOL.jpg	ADENTOOL.jpg	NOKEY	MAX	NOKEY
1444760337171	0	lts_1013I_05_01	05	01	0	389	0	0	0	CR	MAX	AMETALPER.jpg	AMETALPER.jpg	NOKEY	MAX	NOKEY
1444760338374	0	lts_1013I_05_01	05	01	0	390	64	1	1	Hit	728	64-first/ABROCHETT.jpg	ABROCHETT.jpg	SPACE	768	SPACE
1444760341449	0	lts_1013I_05_01	05	01	0	391	0	0	0	CR	MAX	Achowchowdog.jpg	Achowchowdog.jpg	NOKEY	MAX	NOKEY
1444760344525	0	lts_1013I_05_01	05	01	0	392	0	0	0	CR	MAX	ASHAVING9.jpg	ASHAVING9.jpg	NOKEY	MAX	NOKEY
1444760346232	0	lts_1013I_05_01	05	01	0	393	0	0	1	FA	1219	Acampingtoolk.jpg	Acampingtoolk.jpg	SPACE	1271	NOKEY
1444760347235	0	lts_1013I_05_01	05	01	0	394	4	1	1	Hit	519	4-mul/ABROCHETT.jpg	ABROCHETT.jpg	SPACE	568	SPACE
1444760350311	0	lts_1013I_05_01	05	01	0	395	0	0	0	CR	MAX	AWATEHOSE.jpg	AWATEHOSE.jpg	NOKEY	MAX	NOKEY
1444760353387	0	lts_1013I_05_01	05	01	0	396	0	0	0	CR	MAX	1/Aexercisemac4.jpg	Aexercisemac4.jpg	NOKEY	MAX	NOKEY
1444760354506	0	lts_1013I_05_01	05	01	0	397	1	1	1	Hit	649	1-4/Aexercisemac4.jpg	Aexercisemac4.jpg	SPACE	687	SPACE
1444760357582	0	lts_1013I_05_01	05	01	0	398	0	0	0	CR	MAX	Abowloffruit4.jpg	Abowloffruit4.jpg	NOKEY	MAX	NOKEY
1444760360675	0	lts_1013I_05_01	05	01	0	399	0	0	0	CR	MAX	2/Ajuicer9.jpg	Ajuicer9.jpg	NOKEY	MAX	NOKEY
1444760363768	0	lts_1013I_05_01	05	01	0	400	0	0	0	CR	MAX	D_exercisebike.jpg	D_exercisebike.jpg	NOKEY	MAX	NOKEY
1444760364938	0	lts_1013I_05_01	05	01	0	401	2	1	1	Hit	701	2-4/Ajuicer9.jpg	Ajuicer9.jpg	SPACE	736	SPACE
1444760368015	0	lts_1013I_05_01	05	01	0	402	0	0	0	CR	MAX	E_statue.jpg	E_statue.jpg	NOKEY	MAX	NOKEY
1444760371091	0	lts_1013I_05_01	05	01	0	403	0	0	0	CR	MAX	1/footballhelmet.jpg	footballhelmet.jpg	NOKEY	MAX	NOKEY
1444760372845	0	lts_1013I_05_01	05	01	0	404	1	1	1	Hit	1284	1-14/footballhelmet.jpg	footballhelmet.jpg	SPACE	1320	SPACE
1444760375921	0	lts_1013I_05_01	05	01	0	405	0	0	0	CR	MAX	16/handcomputerN.JPG	handcomputerN.JPG	NOKEY	MAX	NOKEY
1444760376991	0	lts_1013I_05_01	05	01	0	406	64	1	1	Hit	585	64-first/APOTWHOLE.jpg	APOTWHOLE.jpg	SPACE	635	SPACE
1444760380068	0	lts_1013I_05_01	05	01	0	407	0	0	0	CR	MAX	8/Afueltank11.jpg	Afueltank11.jpg	NOKEY	MAX	NOKEY
1444760381172	0	lts_1013I_05_01	05	01	0	408	2	1	1	Hit	619	2-mul/APOTWHOLE.jpg	APOTWHOLE.jpg	SPACE	668	SPACE
1444760384248	0	lts_1013I_05_01	05	01	0	409	0	0	0	CR	MAX	Acautionroads.jpg	Acautionroads.jpg	NOKEY	MAX	NOKEY
1444760387324	0	lts_1013I_05_01	05	01	0	410	0	0	0	CR	MAX	26387568.thl.jpg	26387568.thl.jpg	NOKEY	MAX	NOKEY
1444760390399	0	lts_1013I_05_01	05	01	0	411	0	0	0	CR	MAX	ACONSTHA2.jpg	ACONSTHA2.jpg	NOKEY	MAX	NOKEY
1444760393475	0	lts_1013I_05_01	05	01	0	412	0	0	0	CR	MAX	Abutterchurn5.jpg	Abutterchurn5.jpg	NOKEY	MAX	NOKEY
1444760396568	0	lts_1013I_05_01	05	01	0	413	0	0	0	CR	MAX	26373068.thl.jpg	26373068.thl.jpg	NOKEY	MAX	NOKEY
1444760399661	0	lts_1013I_05_01	05	01	0	414	0	0	0	CR	MAX	ADRILL3.jpg	ADRILL3.jpg	NOKEY	MAX	NOKEY
1444760401667	0	lts_1013I_05_01	05	01	0	415	8	1	1	Hit	1524	8-first/Afueltank11.jpg	Afueltank11.jpg	SPACE	1573	SPACE
1444760404743	0	lts_1013I_05_01	05	01	0	416	0	0	0	CR	MAX	32/26687931.thl.jpg	26687931.thl.jpg	NOKEY	MAX	NOKEY
1444760407819	0	lts_1013I_05_01	05	01	0	417	0	0	0	CR	MAX	22866972.thl.jpg	22866972.thl.jpg	NOKEY	MAX	NOKEY
1444760410895	0	lts_1013I_05_01	05	01	0	418	0	0	0	CR	MAX	AORGAN.jpg	AORGAN.jpg	NOKEY	MAX	NOKEY
1444760411948	0	lts_1013I_05_01	05	01	0	419	4	1	1	Hit	583	4-mul/Afueltank11.jpg	Afueltank11.jpg	SPACE	619	SPACE
1444760415025	0	lts_1013I_05_01	05	01	0	420	0	0	0	CR	MAX	26434546.thl.jpg	26434546.thl.jpg	NOKEY	MAX	NOKEY
1444760416062	0	lts_1013I_05_01	05	01	0	421	16	1	1	Hit	551	16-0/handcomputerN.JPG	handcomputerN.JPG	SPACE	601	SPACE
1444760419154	0	lts_1013I_05_01	05	01	0	422	0	0	0	CR	MAX	ABAGEL.jpg	ABAGEL.jpg	NOKEY	MAX	NOKEY
1444760422231	0	lts_1013I_05_01	05	01	0	423	0	0	0	CR	MAX	4/Aantiquehat4.jpg	Aantiquehat4.jpg	NOKEY	MAX	NOKEY
1444760425307	0	lts_1013I_05_01	05	01	0	424	0	0	0	CR	MAX	ASCYTHE7.jpg	ASCYTHE7.jpg	NOKEY	MAX	NOKEY
1444760427897	0	lts_1013I_05_01	05	01	0	425	64	1	1	Hit	2117	64-first/APARKBENC.jpg	APARKBENC.jpg	SPACE	2156	SPACE
1444760430973	0	lts_1013I_05_01	05	01	0	426	0	0	0	CR	MAX	Acinnamonrol2.jpg	Acinnamonrol2.jpg	NOKEY	MAX	NOKEY
1444760432094	0	lts_1013I_05_01	05	01	0	427	4	1	1	Hit	639	4-1/Aantiquehat4.jpg	Aantiquehat4.jpg	SPACE	686	SPACE
1444760435170	0	lts_1013I_05_01	05	01	0	428	0	0	0	CR	MAX	8077486.thl.jpg	8077486.thl.jpg	NOKEY	MAX	NOKEY
1444760436240	0	lts_1013I_05_01	05	01	0	429	4	1	1	Hit	592	4-mul/APARKBENC.jpg	APARKBENC.jpg	SPACE	634	SPACE
1444760439316	0	lts_1013I_05_01	05	01	0	430	0	0	0	CR	MAX	Atoychestfor3.jpg	Atoychestfor3.jpg	NOKEY	MAX	NOKEY
1444760442392	0	lts_1013I_05_01	05	01	0	431	0	0	0	CR	MAX	8/Awindow19.jpg	Awindow19.jpg	NOKEY	MAX	NOKEY
1444760445467	0	lts_1013I_05_01	05	01	0	432	0	0	0	CR	MAX	26372237.thl.jpg	26372237.thl.jpg	NOKEY	MAX	NOKEY
1444760448543	0	lts_1013I_05_01	05	01	0	433	0	0	0	CR	MAX	ABREADTO2.jpg	ABREADTO2.jpg	NOKEY	MAX	NOKEY
1444760451619	0	lts_1013I_05_01	05	01	0	434	0	0	0	CR	MAX	Apaperclip6.jpg	Apaperclip6.jpg	NOKEY	MAX	NOKEY
1444760454695	0	lts_1013I_05_01	05	01	0	435	0	0	0	CR	MAX	2/26461587.thl.jpg	26461587.thl.jpg	NOKEY	MAX	NOKEY
1444760457788	0	lts_1013I_05_01	05	01	0	436	0	0	0	CR	MAX	26432109.thl.jpg	26432109.thl.jpg	NOKEY	MAX	NOKEY
1444760458975	0	lts_1013I_05_01	05	01	0	437	2	1	1	Hit	704	2-7/26461587.thl.jpg	26461587.thl.jpg	SPACE	752	SPACE
1444760462052	0	lts_1013I_05_01	05	01	0	438	0	0	0	CR	MAX	Atool12.jpg	Atool12.jpg	NOKEY	MAX	NOKEY
1444760463172	0	lts_1013I_05_01	05	01	0	439	8	1	1	Hit	640	8-first/Awindow19.jpg	Awindow19.jpg	SPACE	684	SPACE
1444760466248	0	lts_1013I_05_01	05	01	0	440	0	0	0	CR	MAX	euthsda.jpg	euthsda.jpg	NOKEY	MAX	NOKEY
1444760469341	0	lts_1013I_05_01	05	01	0	441	0	0	0	CR	MAX	4/decorativesquash.jpg	decorativesquash.jpg	NOKEY	MAX	NOKEY
1444760472416	0	lts_1013I_05_01	05	01	0	442	0	0	0	CR	MAX	26421382.thl.jpg	26421382.thl.jpg	NOKEY	MAX	NOKEY
1444760473503	0	lts_1013I_05_01	05	01	0	443	4	1	1	Hit	610	4-mul/Awindow19.jpg	Awindow19.jpg	SPACE	653	SPACE
1444760476579	0	lts_1013I_05_01	05	01	0	444	0	0	0	CR	MAX	23070064.thl.jpg	23070064.thl.jpg	NOKEY	MAX	NOKEY
1444760478702	0	lts_1013I_05_01	05	01	0	445	4	1	1	Hit	1647	4-7/decorativesquash.jpg	decorativesquash.jpg	SPACE	1689	SPACE
1444760481778	0	lts_1013I_05_01	05	01	0	446	0	0	0	CR	MAX	Acorn10.jpg	Acorn10.jpg	NOKEY	MAX	NOKEY
1444760484871	0	lts_1013I_05_01	05	01	0	447	0	0	0	CR	MAX	AGONG12.jpg	AGONG12.jpg	NOKEY	MAX	NOKEY
1444760486009	0	lts_1013I_05_01	05	01	0	448	32	1	1	Hit	666	32-2/26687931.thl.jpg	26687931.thl.jpg	SPACE	703	SPACE
1444760489085	0	lts_1013I_05_01	05	01	0	449	0	0	0	CR	MAX	8063317.thl.jpg	8063317.thl.jpg	NOKEY	MAX	NOKEY
1444760548032	0	lts_1013I_05_01	05	01	1	0	0	0	0	CR	MAX	AGUIRA.jpg	AGUIRA.jpg	NOKEY	MAX	NOKEY
1444760551108	0	lts_1013I_05_01	05	01	1	1	0	0	0	CR	MAX	2/22856784.thl.jpg	22856784.thl.jpg	NOKEY	MAX	NOKEY
1444760554184	0	lts_1013I_05_01	05	01	1	2	0	0	0	CR	MAX	26370116.thl.jpg	26370116.thl.jpg	NOKEY	MAX	NOKEY
1444760555220	0	lts_1013I_05_01	05	01	1	3	2	1	1	Hit	562	2-12/22856784.thl.jpg	22856784.thl.jpg	SPACE	601	SPACE
1444760558296	0	lts_1013I_05_01	05	01	1	4	0	0	0	CR	MAX	26374135.thl.jpg	26374135.thl.jpg	NOKEY	MAX	NOKEY
1444760561373	0	lts_1013I_05_01	05	01	1	5	0	0	0	CR	MAX	26373362.thl.jpg	26373362.thl.jpg	NOKEY	MAX	NOKEY
1444760564448	0	lts_1013I_05_01	05	01	1	6	0	0	0	CR	MAX	Adinningroomt.jpg	Adinningroomt.jpg	NOKEY	MAX	NOKEY
1444760567524	0	lts_1013I_05_01	05	01	1	7	0	0	0	CR	MAX	grips.jpg	grips.jpg	NOKEY	MAX	NOKEY
1444760570616	0	lts_1013I_05_01	05	01	1	8	0	0	0	CR	MAX	16/Achair611.jpg	Achair611.jpg	NOKEY	MAX	NOKEY
1444760573025	0	lts_1013I_05_01	05	01	1	9	0	0	1	FA	1923	Atoiletplung2.jpg	Atoiletplung2.jpg	SPACE	1973	NOKEY
1444760576101	0	lts_1013I_05_01	05	01	1	10	0	0	0	CR	MAX	Aacupuncture2.jpg	Aacupuncture2.jpg	NOKEY	MAX	NOKEY
1444760579177	0	lts_1013I_05_01	05	01	1	11	0	0	0	CR	MAX	2/hulk.jpg	hulk.jpg	NOKEY	MAX	NOKEY
1444760582253	0	lts_1013I_05_01	05	01	1	12	0	0	0	CR	MAX	AGHOST.jpg	AGHOST.jpg	NOKEY	MAX	NOKEY
1444760583289	0	lts_1013I_05_01	05	01	1	13	2	1	1	Hit	552	2-6/hulk.jpg	hulk.jpg	SPACE	601	SPACE
1444760586366	0	lts_1013I_05_01	05	01	1	14	0	0	0	CR	MAX	8/22849260.thl.jpg	22849260.thl.jpg	NOKEY	MAX	NOKEY
1444760589441	0	lts_1013I_05_01	05	01	1	15	0	0	0	CR	MAX	1/8055554.thl.jpg	8055554.thl.jpg	NOKEY	MAX	NOKEY
1444760591463	0	lts_1013I_05_01	05	01	1	16	1	1	1	Hit	1542	1-14/8055554.thl.jpg	8055554.thl.jpg	SPACE	1589	SPACE
1444760594539	0	lts_1013I_05_01	05	01	1	17	0	0	0	CR	MAX	APROSTLE2.jpg	APROSTLE2.jpg	NOKEY	MAX	NOKEY
1444760597616	0	lts_1013I_05_01	05	01	1	18	0	0	0	CR	MAX	Alaundrybask2.jpg	Alaundrybask2.jpg	NOKEY	MAX	NOKEY
1444760600708	0	lts_1013I_05_01	05	01	1	19	0	0	0	CR	MAX	1/Ahumidifier.jpg	Ahumidifier.jpg	NOKEY	MAX	NOKEY
1444760603784	0	lts_1013I_05_01	05	01	1	20	1	1	0	Miss	MAX	1-1/Ahumidifier.jpg	Ahumidifier.jpg	NOKEY	MAX	SPACE
1444760606860	0	lts_1013I_05_01	05	01	1	21	0	0	0	CR	MAX	ALAMP45.jpg	ALAMP45.jpg	NOKEY	MAX	NOKEY
1444760608917	0	lts_1013I_05_01	05	01	1	22	8	1	1	Hit	1573	8-first/22849260.thl.jpg	22849260.thl.jpg	SPACE	1622	SPACE
1444760611993	0	lts_1013I_05_01	05	01	1	23	0	0	0	CR	MAX	Adryflo15.jpg	Adryflo15.jpg	NOKEY	MAX	NOKEY
1444760615070	0	lts_1013I_05_01	05	01	1	24	16	1	0	Miss	MAX	16-first/Achair611.jpg	Achair611.jpg	NOKEY	MAX	SPACE
1444760618146	0	lts_1013I_05_01	05	01	1	25	0	0	0	CR	MAX	airbottle1.jpg	airbottle1.jpg	NOKEY	MAX	NOKEY
1444760619283	0	lts_1013I_05_01	05	01	1	26	4	1	1	Hit	659	4-mul/22849260.thl.jpg	22849260.thl.jpg	SPACE	702	SPACE
1444760622359	0	lts_1013I_05_01	05	01	1	27	0	0	0	CR	MAX	ACUTBOAR2.jpg	ACUTBOAR2.jpg	NOKEY	MAX	NOKEY
1444760625434	0	lts_1013I_05_01	05	01	1	28	0	0	0	CR	MAX	8/26379612.thl.jpg	26379612.thl.jpg	NOKEY	MAX	NOKEY
1444760628510	0	lts_1013I_05_01	05	01	1	29	0	0	0	CR	MAX	1/Acamera111.jpg	Acamera111.jpg	NOKEY	MAX	NOKEY
1444760629530	0	lts_1013I_05_01	05	01	1	30	1	1	1	Hit	550	1-2/Acamera111.jpg	Acamera111.jpg	SPACE	586	SPACE
1444760630566	0	lts_1013I_05_01	05	01	1	31	0	0	1	FA	564	2/22923524.thl.jpg	22923524.thl.jpg	SPACE	603	NOKEY
1444760633642	0	lts_1013I_05_01	05	01	1	32	0	0	0	CR	MAX	Apump4.jpg	Apump4.jpg	NOKEY	MAX	NOKEY
1444760636718	0	lts_1013I_05_01	05	01	1	33	2	1	0	Miss	MAX	2-5/22923524.thl.jpg	22923524.thl.jpg	NOKEY	MAX	SPACE
1444760639794	0	lts_1013I_05_01	05	01	1	34	0	0	0	CR	MAX	64/10049816.thl.jpg	10049816.thl.jpg	NOKEY	MAX	NOKEY
1444760642871	0	lts_1013I_05_01	05	01	1	35	0	0	0	CR	MAX	Acandlesnuffe.jpg	Acandlesnuffe.jpg	NOKEY	MAX	NOKEY
1444760645947	0	lts_1013I_05_01	05	01	1	36	8	1	0	Miss	MAX	8-first/26379612.thl.jpg	26379612.thl.jpg	NOKEY	MAX	SPACE
1444760649024	0	lts_1013I_05_01	05	01	1	37	0	0	0	CR	MAX	Adustpanbrush.jpg	Adustpanbrush.jpg	NOKEY	MAX	NOKEY
1444760652100	0	lts_1013I_05_01	05	01	1	38	2	1	0	Miss	MAX	2-mul/26379612.thl.jpg	26379612.thl.jpg	NOKEY	MAX	SPACE
1444760655176	0	lts_1013I_05_01	05	01	1	39	0	0	0	CR	MAX	16/26419025.thl.jpg	26419025.thl.jpg	NOKEY	MAX	NOKEY
1444760656296	0	lts_1013I_05_01	05	01	1	40	16	1	1	Hit	644	16-mul/Achair611.jpg	Achair611.jpg	SPACE	685	SPACE
1444760659389	0	lts_1013I_05_01	05	01	1	41	0	0	0	CR	MAX	2/AARCH.jpg	AARCH.jpg	NOKEY	MAX	NOKEY
1444760662464	0	lts_1013I_05_01	05	01	1	42	0	0	0	CR	MAX	Aangel37.jpg	Aangel37.jpg	NOKEY	MAX	NOKEY
1444760664003	0	lts_1013I_05_01	05	01	1	43	2	1	1	Hit	1056	2-7/AARCH.jpg	AARCH.jpg	SPACE	1104	SPACE
1444760667079	0	lts_1013I_05_01	05	01	1	44	0	0	0	CR	MAX	Abutterdish.jpg	Abutterdish.jpg	NOKEY	MAX	NOKEY
1444760670172	0	lts_1013I_05_01	05	01	1	45	0	0	0	CR	MAX	4/Alampsanddes5.jpg	Alampsanddes5.jpg	NOKEY	MAX	NOKEY
1444760673248	0	lts_1013I_05_01	05	01	1	46	0	0	0	CR	MAX	22991767.thl.jpg	22991767.thl.jpg	NOKEY	MAX	NOKEY
1444760676324	0	lts_1013I_05_01	05	01	1	47	0	0	0	CR	MAX	Atoywheels.jpg	Atoywheels.jpg	NOKEY	MAX	NOKEY
1444760677293	0	lts_1013I_05_01	05	01	1	48	0	0	1	FA	486	16/Asandal7.jpg	Asandal7.jpg	SPACE	534	NOKEY
1444760680035	0	lts_1013I_05_01	05	01	1	49	4	1	1	Hit	2269	4-3/Alampsanddes5.jpg	Alampsanddes5.jpg	SPACE	2306	SPACE
1444760683128	0	lts_1013I_05_01	05	01	1	50	0	0	0	CR	MAX	gingerbreadcookie.jpg	gingerbreadcookie.jpg	NOKEY	MAX	NOKEY
1444760686204	0	lts_1013I_05_01	05	01	1	51	0	0	0	CR	MAX	8/Ahandbag50.jpg	Ahandbag50.jpg	NOKEY	MAX	NOKEY
1444760689297	0	lts_1013I_05_01	05	01	1	52	0	0	0	CR	MAX	64/Apeddleboat3.jpg	Apeddleboat3.jpg	NOKEY	MAX	NOKEY
1444760692373	0	lts_1013I_05_01	05	01	1	53	0	0	0	CR	MAX	32/Anotepad9.jpg	Anotepad9.jpg	NOKEY	MAX	NOKEY
1444760695448	0	lts_1013I_05_01	05	01	1	54	0	0	0	CR	MAX	26389125.thl.jpg	26389125.thl.jpg	NOKEY	MAX	NOKEY
1444760697204	0	lts_1013I_05_01	05	01	1	55	16	1	1	Hit	1280	16-1/26419025.thl.jpg	26419025.thl.jpg	SPACE	1321	SPACE
1444760700280	0	lts_1013I_05_01	05	01	1	56	0	0	0	CR	MAX	128/Aornamentalt5.jpg	Aornamentalt5.jpg	NOKEY	MAX	NOKEY
1444760703356	0	lts_1013I_05_01	05	01	1	57	0	0	0	CR	MAX	26431753.thl.jpg	26431753.thl.jpg	NOKEY	MAX	NOKEY
1444760706431	0	lts_1013I_05_01	05	01	1	58	0	0	0	CR	MAX	AABSTRACT.jpg	AABSTRACT.jpg	NOKEY	MAX	NOKEY
1444760707418	0	lts_1013I_05_01	05	01	1	59	8	1	1	Hit	506	8-first/Ahandbag50.jpg	Ahandbag50.jpg	SPACE	552	SPACE
1444760710494	0	lts_1013I_05_01	05	01	1	60	0	0	0	CR	MAX	26431395.thl.jpg	26431395.thl.jpg	NOKEY	MAX	NOKEY
1444760713570	0	lts_1013I_05_01	05	01	1	61	0	0	0	CR	MAX	16/AJUG3.jpg	AJUG3.jpg	NOKEY	MAX	NOKEY
1444760716646	0	lts_1013I_05_01	05	01	1	62	0	0	0	CR	MAX	ABAMBCHAI.jpg	ABAMBCHAI.jpg	NOKEY	MAX	NOKEY
1444760719722	0	lts_1013I_05_01	05	01	1	63	0	0	0	CR	MAX	26425025.thl.jpg	26425025.thl.jpg	NOKEY	MAX	NOKEY
1444760722798	0	lts_1013I_05_01	05	01	1	64	16	1	0	Miss	MAX	16-first/Asandal7.jpg	Asandal7.jpg	NOKEY	MAX	SPACE
1444760725891	0	lts_1013I_05_01	05	01	1	65	0	0	0	CR	MAX	4/Acontrolpane2.jpg	Acontrolpane2.jpg	NOKEY	MAX	NOKEY
1444760726409	0	lts_1013I_05_01	05	01	1	66	2	1	1	Hit	37	2-mul/Asandal7.jpg	Asandal7.jpg	SPACE	84	SPACE
1444760729485	0	lts_1013I_05_01	05	01	1	67	0	0	0	CR	MAX	AAFRICS13.jpg	AAFRICS13.jpg	NOKEY	MAX	NOKEY
1444760732561	0	lts_1013I_05_01	05	01	1	68	0	0	0	CR	MAX	AHOCKPANT.jpg	AHOCKPANT.jpg	NOKEY	MAX	NOKEY
1444760735637	0	lts_1013I_05_01	05	01	1	69	4	1	0	Miss	MAX	4-9/Acontrolpane2.jpg	Acontrolpane2.jpg	NOKEY	MAX	SPACE
1444760738713	0	lts_1013I_05_01	05	01	1	70	0	0	0	CR	MAX	2/Agarbagebag.jpg	Agarbagebag.jpg	NOKEY	MAX	NOKEY
1444760741789	0	lts_1013I_05_01	05	01	1	71	0	0	0	CR	MAX	26439504.thl.jpg	26439504.thl.jpg	NOKEY	MAX	NOKEY
1444760743145	0	lts_1013I_05_01	05	01	1	72	2	1	1	Hit	874	2-10/Agarbagebag.jpg	Agarbagebag.jpg	SPACE	919	SPACE
1444760746221	0	lts_1013I_05_01	05	01	1	73	0	0	0	CR	MAX	64/Akiddcup2.jpg	Akiddcup2.jpg	NOKEY	MAX	NOKEY
1444760749330	0	lts_1013I_05_01	05	01	1	74	0	0	0	CR	MAX	AROUNDFR3.jpg	AROUNDFR3.jpg	NOKEY	MAX	NOKEY
1444760750616	0	lts_1013I_05_01	05	01	1	75	16	1	1	Hit	802	16-mul/Ahandbag50.jpg	Ahandbag50.jpg	SPACE	852	SPACE
1444760753709	0	lts_1013I_05_01	05	01	1	76	0	0	0	CR	MAX	oignonrings.jpg	oignonrings.jpg	NOKEY	MAX	NOKEY
1444760756785	0	lts_1013I_05_01	05	01	1	77	16	1	0	Miss	MAX	16-first/AJUG3.jpg	AJUG3.jpg	NOKEY	MAX	SPACE
1444760759861	0	lts_1013I_05_01	05	01	1	78	0	0	0	CR	MAX	22827408.thl.jpg	22827408.thl.jpg	NOKEY	MAX	NOKEY
1444760761466	0	lts_1013I_05_01	05	01	1	79	2	1	1	Hit	1134	2-mul/AJUG3.jpg	AJUG3.jpg	SPACE	1171	SPACE
1444760764542	0	lts_1013I_05_01	05	01	1	80	0	0	0	CR	MAX	AFORKLIF2.jpg	AFORKLIF2.jpg	NOKEY	MAX	NOKEY
1444760767618	0	lts_1013I_05_01	05	01	1	81	0	0	0	CR	MAX	32/AMAGHOLDE.jpg	AMAGHOLDE.jpg	NOKEY	MAX	NOKEY
1444760770694	0	lts_1013I_05_01	05	01	1	82	0	0	0	CR	MAX	31023139.thl.jpg	31023139.thl.jpg	NOKEY	MAX	NOKEY
1444760773771	0	lts_1013I_05_01	05	01	1	83	0	0	0	CR	MAX	4/batslbir.jpg	batslbir.jpg	NOKEY	MAX	NOKEY
1444760776847	0	lts_1013I_05_01	05	01	1	84	0	0	0	CR	MAX	shield.jpg	shield.jpg	NOKEY	MAX	NOKEY
1444760779205	0	lts_1013I_05_01	05	01	1	85	32	1	1	Hit	1887	32-8/Anotepad9.jpg	Anotepad9.jpg	SPACE	1923	SPACE
1444760780491	0	lts_1013I_05_01	05	01	1	86	0	0	1	FA	787	Atoy21.jpg	Atoy21.jpg	SPACE	836	NOKEY
1444760783567	0	lts_1013I_05_01	05	01	1	87	4	1	0	Miss	MAX	4-6/batslbir.jpg	batslbir.jpg	NOKEY	MAX	SPACE
1444760786643	0	lts_1013I_05_01	05	01	1	88	0	0	0	CR	MAX	basketball.JPG	basketball.JPG	NOKEY	MAX	NOKEY
1444760788266	0	lts_1013I_05_01	05	01	1	89	00	1	1	Hit	1143	00-across/Acactusfruit.jpg	Acactusfruit.jpg	SPACE	1187	SPACE
1444760791342	0	lts_1013I_05_01	05	01	1	90	0	0	0	CR	MAX	26419324.thl.jpg	26419324.thl.jpg	NOKEY	MAX	NOKEY
1444760794417	0	lts_1013I_05_01	05	01	1	91	0	0	0	CR	MAX	32/AFRUIT3.jpg	AFRUIT3.jpg	NOKEY	MAX	NOKEY
1444760796290	0	lts_1013I_05_01	05	01	1	92	0	0	1	FA	1393	4/8245419.thl.jpg	8245419.thl.jpg	SPACE	1438	NOKEY
1444760799366	0	lts_1013I_05_01	05	01	1	93	0	0	0	CR	MAX	Abonnet12.jpg	Abonnet12.jpg	NOKEY	MAX	NOKEY
1444760802441	0	lts_1013I_05_01	05	01	1	94	0	0	0	CR	MAX	AMETSCULP.jpg	AMETSCULP.jpg	NOKEY	MAX	NOKEY
1444760805518	0	lts_1013I_05_01	05	01	1	95	0	0	0	CR	MAX	26369944.thl.jpg	26369944.thl.jpg	NOKEY	MAX	NOKEY
1444760808594	0	lts_1013I_05_01	05	01	1	96	4	1	0	Miss	MAX	4-2/8245419.thl.jpg	8245419.thl.jpg	NOKEY	MAX	SPACE
1444760811670	0	lts_1013I_05_01	05	01	1	97	0	0	0	CR	MAX	128/Apitchfork4.jpg	Apitchfork4.jpg	NOKEY	MAX	NOKEY
1444760813326	0	lts_1013I_05_01	05	01	1	98	64	1	1	Hit	1179	64-first/10049816.thl.jpg	10049816.thl.jpg	SPACE	1221	SPACE
1444760816401	0	lts_1013I_05_01	05	01	1	99	0	0	0	CR	MAX	ABEERBOT5.jpg	ABEERBOT5.jpg	NOKEY	MAX	NOKEY
1444760817454	0	lts_1013I_05_01	05	01	1	100	2	1	1	Hit	578	2-mul/10049816.thl.jpg	10049816.thl.jpg	SPACE	620	SPACE
1444760820530	0	lts_1013I_05_01	05	01	1	101	0	0	0	CR	MAX	2/26420069.thl.jpg	26420069.thl.jpg	NOKEY	MAX	NOKEY
1444760823606	0	lts_1013I_05_01	05	01	1	102	0	0	0	CR	MAX	64/Agratedchees2.jpg	Agratedchees2.jpg	NOKEY	MAX	NOKEY
1444760826682	0	lts_1013I_05_01	05	01	1	103	2	1	0	Miss	MAX	2-1/26420069.thl.jpg	26420069.thl.jpg	NOKEY	MAX	SPACE
1444760829658	0	lts_1013I_05_01	05	01	1	104	0	0	1	FA	2481	Aflyingeagle9.jpg	Aflyingeagle9.jpg	SPACE	2526	NOKEY
1444760832734	0	lts_1013I_05_01	05	01	1	105	0	0	0	CR	MAX	128/Acomputerdes8.jpg	Acomputerdes8.jpg	NOKEY	MAX	NOKEY
1444760834006	0	lts_1013I_05_01	05	01	1	106	00	1	1	Hit	801	00-across/22870356.thl.jpg	22870356.thl.jpg	SPACE	835	SPACE
1444760837082	0	lts_1013I_05_01	05	01	1	107	0	0	0	CR	MAX	AKETTLE35.jpg	AKETTLE35.jpg	NOKEY	MAX	NOKEY
1444760840174	0	lts_1013I_05_01	05	01	1	108	0	0	0	CR	MAX	26467443.thl.jpg	26467443.thl.jpg	NOKEY	MAX	NOKEY
1444760843250	0	lts_1013I_05_01	05	01	1	109	0	0	0	CR	MAX	clawhairclips.jpg	clawhairclips.jpg	NOKEY	MAX	NOKEY
1444760846327	0	lts_1013I_05_01	05	01	1	110	0	0	0	CR	MAX	16/et060.jpg	et060.jpg	NOKEY	MAX	NOKEY
1444760849402	0	lts_1013I_05_01	05	01	1	111	0	0	0	CR	MAX	26467460.thl.jpg	26467460.thl.jpg	NOKEY	MAX	NOKEY
1444760852478	0	lts_1013I_05_01	05	01	1	112	0	0	0	CR	MAX	Acoffeebeans2.jpg	Acoffeebeans2.jpg	NOKEY	MAX	NOKEY
1444760855354	0	lts_1013I_05_01	05	01	1	113	32	1	1	Hit	2391	32-3/AMAGHOLDE.jpg	AMAGHOLDE.jpg	SPACE	2441	SPACE
1444760858429	0	lts_1013I_05_01	05	01	1	114	0	0	0	CR	MAX	AMAPLESYR.jpg	AMAPLESYR.jpg	NOKEY	MAX	NOKEY
1444760861505	0	lts_1013I_05_01	05	01	1	115	0	0	0	CR	MAX	Chevypickup.jpg	Chevypickup.jpg	NOKEY	MAX	NOKEY
1444760863078	0	lts_1013I_05_01	05	01	1	116	64	1	1	Hit	1091	64-first/Apeddleboat3.jpg	Apeddleboat3.jpg	SPACE	1137	SPACE
1444760866154	0	lts_1013I_05_01	05	01	1	117	0	0	0	CR	MAX	ACAMLENSE.jpg	ACAMLENSE.jpg	NOKEY	MAX	NOKEY
1444760869230	0	lts_1013I_05_01	05	01	1	118	0	0	0	CR	MAX	16/Abird41.jpg	Abird41.jpg	NOKEY	MAX	NOKEY
1444760872306	0	lts_1013I_05_01	05	01	1	119	0	0	0	CR	MAX	22856256.thl.jpg	22856256.thl.jpg	NOKEY	MAX	NOKEY
1444760873793	0	lts_1013I_05_01	05	01	1	120	4	1	1	Hit	1007	4-mul/Apeddleboat3.jpg	Apeddleboat3.jpg	SPACE	1053	SPACE
1444760876886	0	lts_1013I_05_01	05	01	1	121	0	0	0	CR	MAX	Atoyswing.jpg	Atoyswing.jpg	NOKEY	MAX	NOKEY
1444760879962	0	lts_1013I_05_01	05	01	1	122	0	0	0	CR	MAX	APERSRUG.jpg	APERSRUG.jpg	NOKEY	MAX	NOKEY
1444760881450	0	lts_1013I_05_01	05	01	1	123	32	1	1	Hit	1010	32-7/AFRUIT3.jpg	AFRUIT3.jpg	SPACE	1054	SPACE
1444760884526	0	lts_1013I_05_01	05	01	1	124	0	0	0	CR	MAX	Abinocularca3.jpg	Abinocularca3.jpg	NOKEY	MAX	NOKEY
1444760887602	0	lts_1013I_05_01	05	01	1	125	0	0	0	CR	MAX	AELEMENT3.jpg	AELEMENT3.jpg	NOKEY	MAX	NOKEY
1444760889792	0	lts_1013I_05_01	05	01	1	126	16	1	1	Hit	1721	16-first/et060.jpg	et060.jpg	SPACE	1757	SPACE
1444760892868	0	lts_1013I_05_01	05	01	1	127	0	0	0	CR	MAX	4/26439898.thl.jpg	26439898.thl.jpg	NOKEY	MAX	NOKEY
1444760895944	0	lts_1013I_05_01	05	01	1	128	0	0	0	CR	MAX	XPGame.jpg	XPGame.jpg	NOKEY	MAX	NOKEY
1444760898353	0	lts_1013I_05_01	05	01	1	129	0	0	1	FA	1933	Afoodproces13.jpg	Afoodproces13.jpg	SPACE	1973	NOKEY
1444760901461	0	lts_1013I_05_01	05	01	1	130	0	0	0	CR	MAX	AOUTHOUSE.jpg	AOUTHOUSE.jpg	NOKEY	MAX	NOKEY
1444760902798	0	lts_1013I_05_01	05	01	1	131	4	1	1	Hit	853	4-0/26439898.thl.jpg	26439898.thl.jpg	SPACE	904	SPACE
1444760905874	0	lts_1013I_05_01	05	01	1	132	0	0	0	CR	MAX	Ababytableand.jpg	Ababytableand.jpg	NOKEY	MAX	NOKEY
1444760908950	0	lts_1013I_05_01	05	01	1	133	0	0	0	CR	MAX	ANWSPAPER.jpg	ANWSPAPER.jpg	NOKEY	MAX	NOKEY
1444760910438	0	lts_1013I_05_01	05	01	1	134	16	1	1	Hit	1004	16-0/Abird41.jpg	Abird41.jpg	SPACE	1054	SPACE
1444760913514	0	lts_1013I_05_01	05	01	1	135	0	0	0	CR	MAX	Aeastcho6.jpg	Aeastcho6.jpg	NOKEY	MAX	NOKEY
1444760916590	0	lts_1013I_05_01	05	01	1	136	0	0	0	CR	MAX	ABARROWRE.jpg	ABARROWRE.jpg	NOKEY	MAX	NOKEY
1444760919666	0	lts_1013I_05_01	05	01	1	137	64	1	0	Miss	MAX	64-first/Akiddcup2.jpg	Akiddcup2.jpg	NOKEY	MAX	SPACE
1444760922742	0	lts_1013I_05_01	05	01	1	138	0	0	0	CR	MAX	AGREENPEP.jpg	AGREENPEP.jpg	NOKEY	MAX	NOKEY
1444760924181	0	lts_1013I_05_01	05	01	1	139	2	1	1	Hit	963	2-mul/Akiddcup2.jpg	Akiddcup2.jpg	SPACE	1003	SPACE
1444760927257	0	lts_1013I_05_01	05	01	1	140	8	1	0	Miss	MAX	8/golf-ball.JPG	golf-ball.JPG	NOKEY	MAX	SPACE
1444760930333	0	lts_1013I_05_01	05	01	1	141	0	0	0	CR	MAX	ACASKET5.jpg	ACASKET5.jpg	NOKEY	MAX	NOKEY
1444760932356	0	lts_1013I_05_01	05	01	1	142	16	1	1	Hit	1538	16-mul/et060.jpg	et060.jpg	SPACE	1587	SPACE
1444760935465	0	lts_1013I_05_01	05	01	1	143	0	0	0	CR	MAX	ice.jpg	ice.jpg	NOKEY	MAX	NOKEY
1444760938541	0	lts_1013I_05_01	05	01	1	144	0	0	0	CR	MAX	schoolbus.jpg	schoolbus.jpg	NOKEY	MAX	NOKEY
1444760941617	0	lts_1013I_05_01	05	01	1	145	0	0	0	CR	MAX	128/Abrooch104.jpg	Abrooch104.jpg	NOKEY	MAX	NOKEY
1444760943156	0	lts_1013I_05_01	05	01	1	146	00	1	1	Hit	1061	00-across/26427111.thl.jpg	26427111.thl.jpg	SPACE	1104	SPACE
1444760946232	0	lts_1013I_05_01	05	01	1	147	0	0	0	CR	MAX	Aclothespin4.jpg	Aclothespin4.jpg	NOKEY	MAX	NOKEY
1444760947602	0	lts_1013I_05_01	05	01	1	148	8	1	1	Hit	890	8-first/golf-ball.JPG	golf-ball.JPG	SPACE	937	SPACE
1444760950678	0	lts_1013I_05_01	05	01	1	149	0	0	0	CR	MAX	1/A100FRAN3.jpg	A100FRAN3.jpg	NOKEY	MAX	NOKEY
1444760952150	0	lts_1013I_05_01	05	01	1	150	1	1	1	Hit	991	1-11/A100FRAN3.jpg	A100FRAN3.jpg	SPACE	1037	SPACE
1444760955226	0	lts_1013I_05_01	05	01	1	151	0	0	0	CR	MAX	Acentipede4.jpg	Acentipede4.jpg	NOKEY	MAX	NOKEY
1444760958302	0	lts_1013I_05_01	05	01	1	152	0	0	0	CR	MAX	Adress6.jpg	Adress6.jpg	NOKEY	MAX	NOKEY
1444760961395	0	lts_1013I_05_01	05	01	1	153	0	0	0	CR	MAX	2/Aspeakers4.jpg	Aspeakers4.jpg	NOKEY	MAX	NOKEY
1444760964470	0	lts_1013I_05_01	05	01	1	154	0	0	0	CR	MAX	AREEL.jpg	AREEL.jpg	NOKEY	MAX	NOKEY
1444760966143	0	lts_1013I_05_01	05	01	1	155	2	1	1	Hit	1199	2-3/Aspeakers4.jpg	Aspeakers4.jpg	SPACE	1237	SPACE
1444760969219	0	lts_1013I_05_01	05	01	1	156	0	0	0	CR	MAX	32/A_flower.jpg	A_flower.jpg	NOKEY	MAX	NOKEY
1444760972295	0	lts_1013I_05_01	05	01	1	157	0	0	0	CR	MAX	4/seesaw.jpg	seesaw.jpg	NOKEY	MAX	NOKEY
1444760975371	0	lts_1013I_05_01	05	01	1	158	0	0	0	CR	MAX	ACEMPOST.jpg	ACEMPOST.jpg	NOKEY	MAX	NOKEY
1444760978446	0	lts_1013I_05_01	05	01	1	159	0	0	0	CR	MAX	16/Acroissant.jpg	Acroissant.jpg	NOKEY	MAX	NOKEY
1444760981522	0	lts_1013I_05_01	05	01	1	160	0	0	0	CR	MAX	paintbrush03.jpg	paintbrush03.jpg	NOKEY	MAX	NOKEY
1444760982793	0	lts_1013I_05_01	05	01	1	161	4	1	1	Hit	782	4-10/seesaw.jpg	seesaw.jpg	SPACE	820	SPACE
1444760985869	0	lts_1013I_05_01	05	01	1	162	0	0	0	CR	MAX	candy3.jpg	candy3.jpg	NOKEY	MAX	NOKEY
1444760988945	0	lts_1013I_05_01	05	01	1	163	0	0	0	CR	MAX	26428753.thl.jpg	26428753.thl.jpg	NOKEY	MAX	NOKEY
1444760991536	0	lts_1013I_05_01	05	01	1	164	16	1	1	Hit	2099	16-mul/golf-ball.JPG	golf-ball.JPG	SPACE	2141	SPACE
1444760993008	0	lts_1013I_05_01	05	01	1	165	0	0	1	FA	974	pretzelsticks.jpg	pretzelsticks.jpg	SPACE	1020	NOKEY
1444760994162	0	lts_1013I_05_01	05	01	1	166	64	1	1	Hit	676	64-first/Agratedchees2.jpg	Agratedchees2.jpg	SPACE	717	SPACE
1444760997238	0	lts_1013I_05_01	05	01	1	167	0	0	0	CR	MAX	Astrawfan.jpg	Astrawfan.jpg	NOKEY	MAX	NOKEY
1444761000314	0	lts_1013I_05_01	05	01	1	168	2	1	0	Miss	MAX	2-mul/Agratedchees2.jpg	Agratedchees2.jpg	NOKEY	MAX	SPACE
1444761003390	0	lts_1013I_05_01	05	01	1	169	0	0	0	CR	MAX	whitemalerobe.jpg	whitemalerobe.jpg	NOKEY	MAX	NOKEY
1444761006465	0	lts_1013I_05_01	05	01	1	170	0	0	0	CR	MAX	Afrenchtoast5.jpg	Afrenchtoast5.jpg	NOKEY	MAX	NOKEY
1444761009541	0	lts_1013I_05_01	05	01	1	171	0	0	0	CR	MAX	32/hottub.jpg	hottub.jpg	NOKEY	MAX	NOKEY
1444761012617	0	lts_1013I_05_01	05	01	1	172	0	0	0	CR	MAX	26427983.thl.jpg	26427983.thl.jpg	NOKEY	MAX	NOKEY
1444761015693	0	lts_1013I_05_01	05	01	1	173	0	0	0	CR	MAX	128/AWOODSPAT.jpg	AWOODSPAT.jpg	NOKEY	MAX	NOKEY
1444761018769	0	lts_1013I_05_01	05	01	1	174	0	0	0	CR	MAX	32/ADART3.jpg	ADART3.jpg	NOKEY	MAX	NOKEY
1444761020609	0	lts_1013I_05_01	05	01	1	175	16	1	1	Hit	1357	16-first/Acroissant.jpg	Acroissant.jpg	SPACE	1405	SPACE
1444761023684	0	lts_1013I_05_01	05	01	1	176	0	0	0	CR	MAX	64/Afeatherdust2.jpg	Afeatherdust2.jpg	NOKEY	MAX	NOKEY
1444761026760	0	lts_1013I_05_01	05	01	1	177	0	0	0	CR	MAX	4/Adeer20.jpg	Adeer20.jpg	NOKEY	MAX	NOKEY
1444761029853	0	lts_1013I_05_01	05	01	1	178	0	0	0	CR	MAX	23065398.thl.jpg	23065398.thl.jpg	NOKEY	MAX	NOKEY
1444761032929	0	lts_1013I_05_01	05	01	1	179	4	1	0	Miss	MAX	4-mul/Acroissant.jpg	Acroissant.jpg	NOKEY	MAX	SPACE
1444761036006	0	lts_1013I_05_01	05	01	1	180	0	0	0	CR	MAX	AGRAINSI5.jpg	AGRAINSI5.jpg	NOKEY	MAX	NOKEY
1444761037026	0	lts_1013I_05_01	05	01	1	181	4	1	1	Hit	542	4-7/Adeer20.jpg	Adeer20.jpg	SPACE	584	SPACE
1444761040102	0	lts_1013I_05_01	05	01	1	182	0	0	0	CR	MAX	8/AALFALFA.jpg	AALFALFA.jpg	NOKEY	MAX	NOKEY
1444761043178	0	lts_1013I_05_01	05	01	1	183	0	0	0	CR	MAX	26379161.thl.jpg	26379161.thl.jpg	NOKEY	MAX	NOKEY
1444761046254	0	lts_1013I_05_01	05	01	1	184	128	1	0	Miss	MAX	128-5/Aornamentalt5.jpg	Aornamentalt5.jpg	NOKEY	MAX	SPACE
1444761049330	0	lts_1013I_05_01	05	01	1	185	0	0	0	CR	MAX	Awomensshoe4.jpg	Awomensshoe4.jpg	NOKEY	MAX	NOKEY
1444761052422	0	lts_1013I_05_01	05	01	1	186	0	0	0	CR	MAX	ALOAFBR4.jpg	ALOAFBR4.jpg	NOKEY	MAX	NOKEY
1444761055498	0	lts_1013I_05_01	05	01	1	187	0	0	0	CR	MAX	AWEIGHT7.jpg	AWEIGHT7.jpg	NOKEY	MAX	NOKEY
1444761056685	0	lts_1013I_05_01	05	01	1	188	32	1	1	Hit	715	32-0/A_flower.jpg	A_flower.jpg	SPACE	753	SPACE
1444761059761	0	lts_1013I_05_01	05	01	1	189	0	0	0	CR	MAX	26424087.thl.jpg	26424087.thl.jpg	NOKEY	MAX	NOKEY
1444761062837	0	lts_1013I_05_01	05	01	1	190	8	1	0	Miss	MAX	8-first/AALFALFA.jpg	AALFALFA.jpg	NOKEY	MAX	SPACE
1444761065913	0	lts_1013I_05_01	05	01	1	191	0	0	0	CR	MAX	8/AFISHNET3.jpg	AFISHNET3.jpg	NOKEY	MAX	NOKEY
1444761068989	0	lts_1013I_05_01	05	01	1	192	0	0	0	CR	MAX	26466344.thl.jpg	26466344.thl.jpg	NOKEY	MAX	NOKEY
1444761072066	0	lts_1013I_05_01	05	01	1	193	0	0	0	CR	MAX	APANCAKE3.jpg	APANCAKE3.jpg	NOKEY	MAX	NOKEY
1444761073220	0	lts_1013I_05_01	05	01	1	194	4	1	1	Hit	667	4-mul/AALFALFA.jpg	AALFALFA.jpg	SPACE	718	SPACE
1444761076296	0	lts_1013I_05_01	05	01	1	195	0	0	0	CR	MAX	stickcheese.jpg	stickcheese.jpg	NOKEY	MAX	NOKEY
1444761079372	0	lts_1013I_05_01	05	01	1	196	0	0	0	CR	MAX	1/Ahandheldmir3.jpg	Ahandheldmir3.jpg	NOKEY	MAX	NOKEY
1444761080959	0	lts_1013I_05_01	05	01	1	197	1	1	1	Hit	1103	1-3/Ahandheldmir3.jpg	Ahandheldmir3.jpg	SPACE	1152	SPACE
1444761084036	0	lts_1013I_05_01	05	01	1	198	0	0	0	CR	MAX	Agame3.jpg	Agame3.jpg	NOKEY	MAX	NOKEY
1444761085056	0	lts_1013I_05_01	05	01	1	199	8	1	1	Hit	538	8-first/AFISHNET3.jpg	AFISHNET3.jpg	SPACE	584	SPACE
1444761088132	0	lts_1013I_05_01	05	01	1	200	0	0	0	CR	MAX	swingset.jpg	swingset.jpg	NOKEY	MAX	NOKEY
1444761091208	0	lts_1013I_05_01	05	01	1	201	0	0	0	CR	MAX	ADEEPFRY5.jpg	ADEEPFRY5.jpg	NOKEY	MAX	NOKEY
1444761094284	0	lts_1013I_05_01	05	01	1	202	0	0	0	CR	MAX	AGARBAGE.jpg	AGARBAGE.jpg	NOKEY	MAX	NOKEY
1444761095671	0	lts_1013I_05_01	05	01	1	203	32	1	1	Hit	908	32-1/hottub.jpg	hottub.jpg	SPACE	953	SPACE
1444761098797	0	lts_1013I_05_01	05	01	1	204	0	0	0	CR	MAX	liquid-a.jpg	liquid-a.jpg	NOKEY	MAX	NOKEY
1444761101873	0	lts_1013I_05_01	05	01	1	205	0	0	0	CR	MAX	26282515.thl.jpg	26282515.thl.jpg	NOKEY	MAX	NOKEY
1444761103511	0	lts_1013I_05_01	05	01	1	206	32	1	1	Hit	1161	32-6/ADART3.jpg	ADART3.jpg	SPACE	1204	SPACE
1444761106588	0	lts_1013I_05_01	05	01	1	207	0	0	0	CR	MAX	8027086.thl.jpg	8027086.thl.jpg	NOKEY	MAX	NOKEY
1444761109664	0	lts_1013I_05_01	05	01	1	208	0	0	0	CR	MAX	26428593.thl.jpg	26428593.thl.jpg	NOKEY	MAX	NOKEY
1444761112740	0	lts_1013I_05_01	05	01	1	209	0	0	0	CR	MAX	2/AGAME.jpg	AGAME.jpg	NOKEY	MAX	NOKEY
1444761115832	0	lts_1013I_05_01	05	01	1	210	0	0	0	CR	MAX	Amilk4.jpg	Amilk4.jpg	NOKEY	MAX	NOKEY
1444761117554	0	lts_1013I_05_01	05	01	1	211	2	1	1	Hit	1250	2-0/AGAME.jpg	AGAME.jpg	SPACE	1288	SPACE
1444761120630	0	lts_1013I_05_01	05	01	1	212	0	0	0	CR	MAX	8/ACOMPAS20.jpg	ACOMPAS20.jpg	NOKEY	MAX	NOKEY
1444761123707	0	lts_1013I_05_01	05	01	1	213	0	0	0	CR	MAX	AHYDRANTF.jpg	AHYDRANTF.jpg	NOKEY	MAX	NOKEY
1444761125095	0	lts_1013I_05_01	05	01	1	214	0	0	1	FA	911	workbench.jpg	workbench.jpg	SPACE	953	NOKEY
1444761126098	0	lts_1013I_05_01	05	01	1	215	16	1	1	Hit	517	16-mul/AFISHNET3.jpg	AFISHNET3.jpg	SPACE	567	SPACE
1444761129174	0	lts_1013I_05_01	05	01	1	216	0	0	0	CR	MAX	ACUPEANE2.jpg	ACUPEANE2.jpg	NOKEY	MAX	NOKEY
1444761132250	0	lts_1013I_05_01	05	01	1	217	0	0	0	CR	MAX	marshmallows.jpg	marshmallows.jpg	NOKEY	MAX	NOKEY
1444761135326	0	lts_1013I_05_01	05	01	1	218	0	0	0	CR	MAX	Agarbagebin.jpg	Agarbagebin.jpg	NOKEY	MAX	NOKEY
1444761138402	0	lts_1013I_05_01	05	01	1	219	0	0	0	CR	MAX	22869912.thl.jpg	22869912.thl.jpg	NOKEY	MAX	NOKEY
1444761140191	0	lts_1013I_05_01	05	01	1	220	8	1	1	Hit	1306	8-first/ACOMPAS20.jpg	ACOMPAS20.jpg	SPACE	1354	SPACE
1444761143267	0	lts_1013I_05_01	05	01	1	221	0	0	0	CR	MAX	hulahoop.jpg	hulahoop.jpg	NOKEY	MAX	NOKEY
1444761144321	0	lts_1013I_05_01	05	01	1	222	2	1	1	Hit	578	2-mul/ACOMPAS20.jpg	ACOMPAS20.jpg	SPACE	617	SPACE
1444761147396	0	lts_1013I_05_01	05	01	1	223	0	0	0	CR	MAX	Aspinningwhe2.jpg	Aspinningwhe2.jpg	NOKEY	MAX	NOKEY
1444761150488	0	lts_1013I_05_01	05	01	1	224	0	0	0	CR	MAX	Aboot9.jpg	Aboot9.jpg	NOKEY	MAX	NOKEY
1444761152495	0	lts_1013I_05_01	05	01	1	225	128	1	1	Hit	1532	128-7/Apitchfork4.jpg	Apitchfork4.jpg	SPACE	1572	SPACE
1444761155571	0	lts_1013I_05_01	05	01	1	226	0	0	0	CR	MAX	Acementfinish.jpg	Acementfinish.jpg	NOKEY	MAX	NOKEY
1444761158647	0	lts_1013I_05_01	05	01	1	227	0	0	0	CR	MAX	for28524.jpg	for28524.jpg	NOKEY	MAX	NOKEY
1444761161723	0	lts_1013I_05_01	05	01	1	228	0	0	0	CR	MAX	64/gameboy.jpg	gameboy.jpg	NOKEY	MAX	NOKEY
1444761164799	0	lts_1013I_05_01	05	01	1	229	0	0	0	CR	MAX	1/Ablackboardw3.jpg	Ablackboardw3.jpg	NOKEY	MAX	NOKEY
1444761166621	0	lts_1013I_05_01	05	01	1	230	1	1	1	Hit	1348	1-8/Ablackboardw3.jpg	Ablackboardw3.jpg	SPACE	1389	SPACE
1444761169697	0	lts_1013I_05_01	05	01	1	231	0	0	0	CR	MAX	Aornament89.jpg	Aornament89.jpg	NOKEY	MAX	NOKEY
1444761172773	0	lts_1013I_05_01	05	01	1	232	0	0	0	CR	MAX	ACOMB5.jpg	ACOMB5.jpg	NOKEY	MAX	NOKEY
1444761174245	0	lts_1013I_05_01	05	01	1	233	128	1	1	Hit	996	128-0/Acomputerdes8.jpg	Acomputerdes8.jpg	SPACE	1036	SPACE
1444761177321	0	lts_1013I_05_01	05	01	1	234	0	0	0	CR	MAX	Atrafficsign2.jpg	Atrafficsign2.jpg	NOKEY	MAX	NOKEY
1444761180413	0	lts_1013I_05_01	05	01	1	235	0	0	0	CR	MAX	32/ATINSTRAP.jpg	ATINSTRAP.jpg	NOKEY	MAX	NOKEY
1444761183489	0	lts_1013I_05_01	05	01	1	236	0	0	0	CR	MAX	8/APHARAOH.jpg	APHARAOH.jpg	NOKEY	MAX	NOKEY
1444761186565	0	lts_1013I_05_01	05	01	1	237	0	0	0	CR	MAX	Atoyturtle.jpg	Atoyturtle.jpg	NOKEY	MAX	NOKEY
1444761189641	0	lts_1013I_05_01	05	01	1	238	0	0	0	CR	MAX	Aantiquewate3.jpg	Aantiquewate3.jpg	NOKEY	MAX	NOKEY
1444761192717	0	lts_1013I_05_01	05	01	1	239	0	0	0	CR	MAX	23025307.thl.jpg	23025307.thl.jpg	NOKEY	MAX	NOKEY
1444761195793	0	lts_1013I_05_01	05	01	1	240	64	1	0	Miss	MAX	64-first/Afeatherdust2.jpg	Afeatherdust2.jpg	NOKEY	MAX	SPACE
1444761198870	0	lts_1013I_05_01	05	01	1	241	0	0	0	CR	MAX	22853352.thl.jpg	22853352.thl.jpg	NOKEY	MAX	NOKEY
1444761201946	0	lts_1013I_05_01	05	01	1	242	0	0	0	CR	MAX	64/Acastingladl2.jpg	Acastingladl2.jpg	NOKEY	MAX	NOKEY
1444761205039	0	lts_1013I_05_01	05	01	1	243	0	0	0	CR	MAX	Abluebabybug4.jpg	Abluebabybug4.jpg	NOKEY	MAX	NOKEY
1444761208115	0	lts_1013I_05_01	05	01	1	244	8	1	0	Miss	MAX	8-1/APHARAOH.jpg	APHARAOH.jpg	NOKEY	MAX	SPACE
1444761211192	0	lts_1013I_05_01	05	01	1	245	0	0	0	CR	MAX	26428057.thl.jpg	26428057.thl.jpg	NOKEY	MAX	NOKEY
1444761214268	0	lts_1013I_05_01	05	01	1	246	0	0	0	CR	MAX	AFUNNEL4.jpg	AFUNNEL4.jpg	NOKEY	MAX	NOKEY
1444761217344	0	lts_1013I_05_01	05	01	1	247	0	0	0	CR	MAX	16/APALLETT2.jpg	APALLETT2.jpg	NOKEY	MAX	NOKEY
1444761220419	0	lts_1013I_05_01	05	01	1	248	0	0	0	CR	MAX	Aflowerpot15.jpg	Aflowerpot15.jpg	NOKEY	MAX	NOKEY
1444761223495	0	lts_1013I_05_01	05	01	1	249	0	0	0	CR	MAX	4/Apaintedwood3.jpg	Apaintedwood3.jpg	NOKEY	MAX	NOKEY
1444761226571	0	lts_1013I_05_01	05	01	1	250	0	0	0	CR	MAX	128/ABARPEAR.jpg	ABARPEAR.jpg	NOKEY	MAX	NOKEY
1444761229664	0	lts_1013I_05_01	05	01	1	251	0	0	0	CR	MAX	Akazoo2.jpg	Akazoo2.jpg	NOKEY	MAX	NOKEY
1444761232756	0	lts_1013I_05_01	05	01	1	252	0	0	0	CR	MAX	8024597.thl.jpg	8024597.thl.jpg	NOKEY	MAX	NOKEY
1444761233977	0	lts_1013I_05_01	05	01	1	253	4	1	1	Hit	737	4-8/Apaintedwood3.jpg	Apaintedwood3.jpg	SPACE	786	SPACE
1444761237054	0	lts_1013I_05_01	05	01	1	254	0	0	0	CR	MAX	seahorse.jpg	seahorse.jpg	NOKEY	MAX	NOKEY
1444761238207	0	lts_1013I_05_01	05	01	1	255	0	0	1	FA	677	8078142.thl.jpg	8078142.thl.jpg	SPACE	718	NOKEY
1444761239511	0	lts_1013I_05_01	05	01	1	256	16	1	1	Hit	825	16-mul/Afeatherdust2.jpg	Afeatherdust2.jpg	SPACE	869	SPACE
1444761242587	0	lts_1013I_05_01	05	01	1	257	0	0	0	CR	MAX	1/ADOGFOOD.jpg	ADOGFOOD.jpg	NOKEY	MAX	NOKEY
1444761243606	0	lts_1013I_05_01	05	01	1	258	1	1	1	Hit	547	1-12/ADOGFOOD.jpg	ADOGFOOD.jpg	SPACE	586	SPACE
1444761246682	0	lts_1013I_05_01	05	01	1	259	0	0	0	CR	MAX	AWOODSPO3.jpg	AWOODSPO3.jpg	NOKEY	MAX	NOKEY
1444761249758	0	lts_1013I_05_01	05	01	1	260	0	0	0	CR	MAX	26433942.thl.jpg	26433942.thl.jpg	NOKEY	MAX	NOKEY
1444761252834	0	lts_1013I_05_01	05	01	1	261	0	0	0	CR	MAX	AMAKEUPMI.jpg	AMAKEUPMI.jpg	NOKEY	MAX	NOKEY
1444761255911	0	lts_1013I_05_01	05	01	1	262	0	0	0	CR	MAX	Aflatwoodenba.jpg	Aflatwoodenba.jpg	NOKEY	MAX	NOKEY
1444761257082	0	lts_1013I_05_01	05	01	1	263	16	1	1	Hit	694	16-first/APALLETT2.jpg	APALLETT2.jpg	SPACE	736	SPACE
1444761258386	0	lts_1013I_05_01	05	01	1	264	0	0	1	FA	824	fireextinguisher.jpg	fireextinguisher.jpg	SPACE	869	NOKEY
1444761261461	0	lts_1013I_05_01	05	01	1	265	0	0	0	CR	MAX	64/ABOTTLE19.jpg	ABOTTLE19.jpg	NOKEY	MAX	NOKEY
1444761264537	0	lts_1013I_05_01	05	01	1	266	0	0	0	CR	MAX	AHONEYJA2.jpg	AHONEYJA2.jpg	NOKEY	MAX	NOKEY
1444761267613	0	lts_1013I_05_01	05	01	1	267	32	1	0	Miss	MAX	32-2/ATINSTRAP.jpg	ATINSTRAP.jpg	NOKEY	MAX	SPACE
1444761270706	0	lts_1013I_05_01	05	01	1	268	0	0	0	CR	MAX	8/Adice10.jpg	Adice10.jpg	NOKEY	MAX	NOKEY
1444761271926	0	lts_1013I_05_01	05	01	1	269	00	1	1	Hit	744	00-across/26461587.thl.jpg	26461587.thl.jpg	SPACE	786	SPACE
1444761275003	0	lts_1013I_05_01	05	01	1	270	0	0	0	CR	MAX	AANTIRO13.jpg	AANTIRO13.jpg	NOKEY	MAX	NOKEY
1444761278079	0	lts_1013I_05_01	05	01	1	271	0	0	0	CR	MAX	8058011.thl.jpg	8058011.thl.jpg	NOKEY	MAX	NOKEY
1444761281155	0	lts_1013I_05_01	05	01	1	272	0	0	0	CR	MAX	AANTCASH3.jpg	AANTCASH3.jpg	NOKEY	MAX	NOKEY
1444761284231	0	lts_1013I_05_01	05	01	1	273	128	1	0	Miss	MAX	128-3/Abrooch104.jpg	Abrooch104.jpg	NOKEY	MAX	SPACE
1444761287307	0	lts_1013I_05_01	05	01	1	274	0	0	0	CR	MAX	piece.jpg	piece.jpg	NOKEY	MAX	NOKEY
1444761290384	0	lts_1013I_05_01	05	01	1	275	0	0	0	CR	MAX	Ahumansku101.jpg	Ahumansku101.jpg	NOKEY	MAX	NOKEY
1444761291921	0	lts_1013I_05_01	05	01	1	276	8	1	1	Hit	1054	8-0/Adice10.jpg	Adice10.jpg	SPACE	1103	SPACE
1444761295014	0	lts_1013I_05_01	05	01	1	277	0	0	0	CR	MAX	8/Acomputerkey2.jpg	Acomputerkey2.jpg	NOKEY	MAX	NOKEY
1444761298090	0	lts_1013I_05_01	05	01	1	278	0	0	0	CR	MAX	128/Acrackersandc.jpg	Acrackersandc.jpg	NOKEY	MAX	NOKEY
1444761299678	0	lts_1013I_05_01	05	01	1	279	16	1	1	Hit	1115	16-mul/APALLETT2.jpg	APALLETT2.jpg	SPACE	1153	SPACE
1444761302754	0	lts_1013I_05_01	05	01	1	280	0	0	0	CR	MAX	Aplastictestt.jpg	Aplastictestt.jpg	NOKEY	MAX	NOKEY
1444761305830	0	lts_1013I_05_01	05	01	1	281	0	0	0	CR	MAX	AONETOAST.jpg	AONETOAST.jpg	NOKEY	MAX	NOKEY
1444761308906	0	lts_1013I_05_01	05	01	1	282	0	0	0	CR	MAX	driedbeans.jpg	driedbeans.jpg	NOKEY	MAX	NOKEY
1444761311982	0	lts_1013I_05_01	05	01	1	283	0	0	0	CR	MAX	catslmifru.jpg	catslmifru.jpg	NOKEY	MAX	NOKEY
1444761315059	0	lts_1013I_05_01	05	01	1	284	0	0	0	CR	MAX	ABLLIGHTB.jpg	ABLLIGHTB.jpg	NOKEY	MAX	NOKEY
1444761318135	0	lts_1013I_05_01	05	01	1	285	8	1	0	Miss	MAX	8-first/Acomputerkey2.jpg	Acomputerkey2.jpg	NOKEY	MAX	SPACE
1444761319973	0	lts_1013I_05_01	05	01	1	286	0	0	1	FA	1346	4/ABUGLE2.jpg	ABUGLE2.jpg	SPACE	1387	NOKEY
1444761321261	0	lts_1013I_05_01	05	01	1	287	2	1	1	Hit	802	2-mul/Acomputerkey2.jpg	Acomputerkey2.jpg	SPACE	853	SPACE
1444761324337	0	lts_1013I_05_01	05	01	1	288	0	0	0	CR	MAX	ARICE2.jpg	ARICE2.jpg	NOKEY	MAX	NOKEY
1444761327412	0	lts_1013I_05_01	05	01	1	289	0	0	0	CR	MAX	A3bday5.jpg	A3bday5.jpg	NOKEY	MAX	NOKEY
1444761329386	0	lts_1013I_05_01	05	01	1	290	4	1	1	Hit	1502	4-1/ABUGLE2.jpg	ABUGLE2.jpg	SPACE	1538	SPACE
1444761332461	0	lts_1013I_05_01	05	01	1	291	0	0	0	CR	MAX	AHAIRCLI6.jpg	AHAIRCLI6.jpg	NOKEY	MAX	NOKEY
1444761334084	0	lts_1013I_05_01	05	01	1	292	64	1	1	Hit	1147	64-first/gameboy.jpg	gameboy.jpg	SPACE	1187	SPACE
1444761337160	0	lts_1013I_05_01	05	01	1	293	0	0	0	CR	MAX	ACHERRY.jpg	ACHERRY.jpg	NOKEY	MAX	NOKEY
1444761338931	0	lts_1013I_05_01	05	01	1	294	0	0	1	FA	1286	23025535.thl.jpg	23025535.thl.jpg	SPACE	1337	NOKEY
1444761342008	0	lts_1013I_05_01	05	01	1	295	0	0	0	CR	MAX	35310232.thl.jpg	35310232.thl.jpg	NOKEY	MAX	NOKEY
1444761343061	0	lts_1013I_05_01	05	01	1	296	4	1	1	Hit	574	4-mul/gameboy.jpg	gameboy.jpg	SPACE	618	SPACE
1444761346137	0	lts_1013I_05_01	05	01	1	297	0	0	0	CR	MAX	Awomansshoe3.jpg	Awomansshoe3.jpg	NOKEY	MAX	NOKEY
1444761349230	0	lts_1013I_05_01	05	01	1	298	0	0	0	CR	MAX	1/Aboardgame6.jpg	Aboardgame6.jpg	NOKEY	MAX	NOKEY
1444761350317	0	lts_1013I_05_01	05	01	1	299	1	1	1	Hit	605	1-9/Aboardgame6.jpg	Aboardgame6.jpg	SPACE	651	SPACE
1444761353408	0	lts_1013I_05_01	05	01	1	300	0	0	0	CR	MAX	Aclamp62.jpg	Aclamp62.jpg	NOKEY	MAX	NOKEY
1444761356485	0	lts_1013I_05_01	05	01	1	301	128	1	0	Miss	MAX	128-4/AWOODSPAT.jpg	AWOODSPAT.jpg	NOKEY	MAX	SPACE
1444761359561	0	lts_1013I_05_01	05	01	1	302	0	0	0	CR	MAX	1/Abottle98.jpg	Abottle98.jpg	NOKEY	MAX	NOKEY
1444761360681	0	lts_1013I_05_01	05	01	1	303	1	1	1	Hit	646	1-0/Abottle98.jpg	Abottle98.jpg	SPACE	687	SPACE
1444761363757	0	lts_1013I_05_01	05	01	1	304	0	0	0	CR	MAX	drumsticks01.jpg	drumsticks01.jpg	NOKEY	MAX	NOKEY
1444761366850	0	lts_1013I_05_01	05	01	1	305	0	0	0	CR	MAX	128/AANSHIEL4.jpg	AANSHIEL4.jpg	NOKEY	MAX	NOKEY
1444761368355	0	lts_1013I_05_01	05	01	1	306	64	1	1	Hit	1029	64-first/Acastingladl2.jpg	Acastingladl2.jpg	SPACE	1070	SPACE
1444761371430	0	lts_1013I_05_01	05	01	1	307	0	0	0	CR	MAX	1/APINGPON3.jpg	APINGPON3.jpg	NOKEY	MAX	NOKEY
1444761372851	0	lts_1013I_05_01	05	01	1	308	1	1	1	Hit	941	1-5/APINGPON3.jpg	APINGPON3.jpg	SPACE	986	SPACE
1444761375927	0	lts_1013I_05_01	05	01	1	309	0	0	0	CR	MAX	ASTREESW2.jpg	ASTREESW2.jpg	NOKEY	MAX	NOKEY
1444761379004	0	lts_1013I_05_01	05	01	1	310	0	0	0	CR	MAX	ACHESSPI4.jpg	ACHESSPI4.jpg	NOKEY	MAX	NOKEY
1444761382080	0	lts_1013I_05_01	05	01	1	311	0	0	0	CR	MAX	2/AANTRAD24.jpg	AANTRAD24.jpg	NOKEY	MAX	NOKEY
1444761385173	0	lts_1013I_05_01	05	01	1	312	0	0	0	CR	MAX	26370681.thl.jpg	26370681.thl.jpg	NOKEY	MAX	NOKEY
1444761386293	0	lts_1013I_05_01	05	01	1	313	2	1	1	Hit	646	2-9/AANTRAD24.jpg	AANTRAD24.jpg	SPACE	684	SPACE
1444761389369	0	lts_1013I_05_01	05	01	1	314	0	0	0	CR	MAX	26421572.thl.jpg	26421572.thl.jpg	NOKEY	MAX	NOKEY
1444761392445	0	lts_1013I_05_01	05	01	1	315	0	0	0	CR	MAX	Arecordplaye2.jpg	Arecordplaye2.jpg	NOKEY	MAX	NOKEY
1444761395521	0	lts_1013I_05_01	05	01	1	316	0	0	0	CR	MAX	32/Agroupofmole7.jpg	Agroupofmole7.jpg	NOKEY	MAX	NOKEY
1444761398597	0	lts_1013I_05_01	05	01	1	317	0	0	0	CR	MAX	2/Abedpan7.jpg	Abedpan7.jpg	NOKEY	MAX	NOKEY
1444761401673	0	lts_1013I_05_01	05	01	1	318	0	0	0	CR	MAX	4555.jpg	4555.jpg	NOKEY	MAX	NOKEY
1444761403078	0	lts_1013I_05_01	05	01	1	319	2	1	1	Hit	921	2-11/Abedpan7.jpg	Abedpan7.jpg	SPACE	970	SPACE
1444761406154	0	lts_1013I_05_01	05	01	1	320	0	0	0	CR	MAX	Aclamp42.jpg	Aclamp42.jpg	NOKEY	MAX	NOKEY
1444761409247	0	lts_1013I_05_01	05	01	1	321	0	0	0	CR	MAX	bikewithbasket.jpg	bikewithbasket.jpg	NOKEY	MAX	NOKEY
1444761410466	0	lts_1013I_05_01	05	01	1	322	16	1	1	Hit	741	16-mul/Acastingladl2.jpg	Acastingladl2.jpg	SPACE	786	SPACE
1444761413559	0	lts_1013I_05_01	05	01	1	323	0	0	0	CR	MAX	16/swimming pool.jpg	swimming pool.jpg	NOKEY	MAX	NOKEY
1444761416635	0	lts_1013I_05_01	05	01	1	324	0	0	0	CR	MAX	26465824.thl.jpg	26465824.thl.jpg	NOKEY	MAX	NOKEY
1444761419711	0	lts_1013I_05_01	05	01	1	325	0	0	0	CR	MAX	AWASHOPEN.jpg	AWASHOPEN.jpg	NOKEY	MAX	NOKEY
1444761422787	0	lts_1013I_05_01	05	01	1	326	0	0	0	CR	MAX	Atwowayradio2.jpg	Atwowayradio2.jpg	NOKEY	MAX	NOKEY
1444761425863	0	lts_1013I_05_01	05	01	1	327	0	0	0	CR	MAX	Aantiquesofa4.jpg	Aantiquesofa4.jpg	NOKEY	MAX	NOKEY
1444761428939	0	lts_1013I_05_01	05	01	1	328	0	0	0	CR	MAX	ACAMPSTO7.jpg	ACAMPSTO7.jpg	NOKEY	MAX	NOKEY
1444761430594	0	lts_1013I_05_01	05	01	1	329	64	1	1	Hit	1177	64-first/ABOTTLE19.jpg	ABOTTLE19.jpg	SPACE	1221	SPACE
1444761433670	0	lts_1013I_05_01	05	01	1	330	0	0	0	CR	MAX	bait04.jpg	bait04.jpg	NOKEY	MAX	NOKEY
1444761436746	0	lts_1013I_05_01	05	01	1	331	0	0	0	CR	MAX	AGARBIN.jpg	AGARBIN.jpg	NOKEY	MAX	NOKEY
1444761439823	0	lts_1013I_05_01	05	01	1	332	0	0	0	CR	MAX	2/26379570.thl.jpg	26379570.thl.jpg	NOKEY	MAX	NOKEY
1444761442915	0	lts_1013I_05_01	05	01	1	333	0	0	0	CR	MAX	Aavocado7.jpg	Aavocado7.jpg	NOKEY	MAX	NOKEY
1444761444671	0	lts_1013I_05_01	05	01	1	334	2	1	1	Hit	1275	2-8/26379570.thl.jpg	26379570.thl.jpg	SPACE	1322	SPACE
1444761447747	0	lts_1013I_05_01	05	01	1	335	0	0	0	CR	MAX	gytsl9.jpg	gytsl9.jpg	NOKEY	MAX	NOKEY
1444761450823	0	lts_1013I_05_01	05	01	1	336	0	0	0	CR	MAX	AFIREPUTE.jpg	AFIREPUTE.jpg	NOKEY	MAX	NOKEY
1444761453899	0	lts_1013I_05_01	05	01	1	337	0	0	0	CR	MAX	8253370.thl.jpg	8253370.thl.jpg	NOKEY	MAX	NOKEY
1444761456975	0	lts_1013I_05_01	05	01	1	338	0	0	0	CR	MAX	32/butter03.jpg	butter03.jpg	NOKEY	MAX	NOKEY
1444761458647	0	lts_1013I_05_01	05	01	1	339	16	1	1	Hit	1202	16-first/swimming pool.jpg	swimming pool.jpg	SPACE	1238	SPACE
1444761461723	0	lts_1013I_05_01	05	01	1	340	0	0	0	CR	MAX	ACOCONUT2.jpg	ACOCONUT2.jpg	NOKEY	MAX	NOKEY
1444761463612	0	lts_1013I_05_01	05	01	1	341	00	1	1	Hit	1407	00-across/ABOWCASE.jpg	ABOWCASE.jpg	SPACE	1456	SPACE
1444761466688	0	lts_1013I_05_01	05	01	1	342	0	0	0	CR	MAX	Aknife76.jpg	Aknife76.jpg	NOKEY	MAX	NOKEY
1444761468127	0	lts_1013I_05_01	05	01	1	343	4	1	1	Hit	959	4-mul/swimming pool.jpg	swimming pool.jpg	SPACE	1003	SPACE
1444761471203	0	lts_1013I_05_01	05	01	1	344	0	0	0	CR	MAX	Astrawberryde.jpg	Astrawberryde.jpg	NOKEY	MAX	NOKEY
1444761473893	0	lts_1013I_05_01	05	01	1	345	16	1	1	Hit	2217	16-mul/ABOTTLE19.jpg	ABOTTLE19.jpg	SPACE	2256	SPACE
1444761476986	0	lts_1013I_05_01	05	01	1	346	0	0	0	CR	MAX	Ablouse2.jpg	Ablouse2.jpg	NOKEY	MAX	NOKEY
1444761480063	0	lts_1013I_05_01	05	01	1	347	0	0	0	CR	MAX	Aplasticbot10.jpg	Aplasticbot10.jpg	NOKEY	MAX	NOKEY
1444761481100	0	lts_1013I_05_01	05	01	1	348	32	1	1	Hit	559	32-5/Agroupofmole7.jpg	Agroupofmole7.jpg	SPACE	600	SPACE
1444761484176	0	lts_1013I_05_01	05	01	1	349	0	0	0	CR	MAX	AHYPBOTT.jpg	AHYPBOTT.jpg	NOKEY	MAX	NOKEY
1444761487252	0	lts_1013I_05_01	05	01	1	350	0	0	0	CR	MAX	1/ANEWSBOX4.jpg	ANEWSBOX4.jpg	NOKEY	MAX	NOKEY
1444761488355	0	lts_1013I_05_01	05	01	1	351	1	1	1	Hit	633	1-7/ANEWSBOX4.jpg	ANEWSBOX4.jpg	SPACE	668	SPACE
1444761491430	0	lts_1013I_05_01	05	01	1	352	0	0	0	CR	MAX	ABEADS4.jpg	ABEADS4.jpg	NOKEY	MAX	NOKEY
1444761494506	0	lts_1013I_05_01	05	01	1	353	0	0	0	CR	MAX	26426417.thl.jpg	26426417.thl.jpg	NOKEY	MAX	NOKEY
1444761497582	0	lts_1013I_05_01	05	01	1	354	0	0	0	CR	MAX	babyswig.jpg	babyswig.jpg	NOKEY	MAX	NOKEY
1444761500658	0	lts_1013I_05_01	05	01	1	355	0	0	0	CR	MAX	8/26437491.thl.jpg	26437491.thl.jpg	NOKEY	MAX	NOKEY
1444761503751	0	lts_1013I_05_01	05	01	1	356	0	0	0	CR	MAX	APYRITE7.jpg	APYRITE7.jpg	NOKEY	MAX	NOKEY
1444761506827	0	lts_1013I_05_01	05	01	1	357	0	0	0	CR	MAX	64/AXYLOPHN2.jpg	AXYLOPHN2.jpg	NOKEY	MAX	NOKEY
1444761507897	0	lts_1013I_05_01	05	01	1	358	00	1	1	Hit	592	00-across/Acandycanesin.jpg	Acandycanesin.jpg	SPACE	635	SPACE
1444761510973	0	lts_1013I_05_01	05	01	1	359	0	0	0	CR	MAX	10049464.thl.jpg	10049464.thl.jpg	NOKEY	MAX	NOKEY
1444761512195	0	lts_1013I_05_01	05	01	1	360	0	0	1	FA	736	1/Abutanco3.jpg	Abutanco3.jpg	SPACE	785	NOKEY
1444761513198	0	lts_1013I_05_01	05	01	1	361	1	1	1	Hit	533	1-4/Abutanco3.jpg	Abutanco3.jpg	SPACE	568	SPACE
1444761516274	0	lts_1013I_05_01	05	01	1	362	0	0	0	CR	MAX	origami.jpg	origami.jpg	NOKEY	MAX	NOKEY
1444761517476	0	lts_1013I_05_01	05	01	1	363	8	1	1	Hit	730	8-first/26437491.thl.jpg	26437491.thl.jpg	SPACE	769	SPACE
1444761520553	0	lts_1013I_05_01	05	01	1	364	0	0	0	CR	MAX	AGARLICCO.jpg	AGARLICCO.jpg	NOKEY	MAX	NOKEY
1444761523629	0	lts_1013I_05_01	05	01	1	365	0	0	0	CR	MAX	ABONGO3.jpg	ABONGO3.jpg	NOKEY	MAX	NOKEY
1444761526705	0	lts_1013I_05_01	05	01	1	366	0	0	0	CR	MAX	Aegyptianst20.jpg	Aegyptianst20.jpg	NOKEY	MAX	NOKEY
1444761529781	0	lts_1013I_05_01	05	01	1	367	4	1	0	Miss	MAX	4-mul/26437491.thl.jpg	26437491.thl.jpg	NOKEY	MAX	SPACE
1444761532874	0	lts_1013I_05_01	05	01	1	368	0	0	0	CR	MAX	AGRENADIN.jpg	AGRENADIN.jpg	NOKEY	MAX	NOKEY
1444761535950	0	lts_1013I_05_01	05	01	1	369	0	0	0	CR	MAX	26688546.thl.jpg	26688546.thl.jpg	NOKEY	MAX	NOKEY
1444761537104	0	lts_1013I_05_01	05	01	1	370	32	1	1	Hit	668	32-4/butter03.jpg	butter03.jpg	SPACE	719	SPACE
1444761540180	0	lts_1013I_05_01	05	01	1	371	0	0	0	CR	MAX	26431734.thl.jpg	26431734.thl.jpg	NOKEY	MAX	NOKEY
1444761543256	0	lts_1013I_05_01	05	01	1	372	0	0	0	CR	MAX	4/AMUSICSH2.jpg	AMUSICSH2.jpg	NOKEY	MAX	NOKEY
1444761546332	0	lts_1013I_05_01	05	01	1	373	0	0	0	CR	MAX	ASHAMPO2.jpg	ASHAMPO2.jpg	NOKEY	MAX	NOKEY
1444761549407	0	lts_1013I_05_01	05	01	1	374	0	0	0	CR	MAX	ABATHSALT.jpg	ABATHSALT.jpg	NOKEY	MAX	NOKEY
1444761552483	0	lts_1013I_05_01	05	01	1	375	0	0	0	CR	MAX	patioheater.jpg	patioheater.jpg	NOKEY	MAX	NOKEY
1444761555560	0	lts_1013I_05_01	05	01	1	376	4	1	0	Miss	MAX	4-5/AMUSICSH2.jpg	AMUSICSH2.jpg	NOKEY	MAX	SPACE
1444761558652	0	lts_1013I_05_01	05	01	1	377	0	0	0	CR	MAX	26377601.thl.jpg	26377601.thl.jpg	NOKEY	MAX	NOKEY
1444761561728	0	lts_1013I_05_01	05	01	1	378	128	1	0	Miss	MAX	128-1/ABARPEAR.jpg	ABARPEAR.jpg	NOKEY	MAX	SPACE
1444761564805	0	lts_1013I_05_01	05	01	1	379	0	0	0	CR	MAX	4/ASUSHI8.jpg	ASUSHI8.jpg	NOKEY	MAX	NOKEY
1444761567881	0	lts_1013I_05_01	05	01	1	380	0	0	0	CR	MAX	26420893.thl.jpg	26420893.thl.jpg	NOKEY	MAX	NOKEY
1444761570957	0	lts_1013I_05_01	05	01	1	381	0	0	0	CR	MAX	Apocketwatch.jpg	Apocketwatch.jpg	NOKEY	MAX	NOKEY
1444761574034	0	lts_1013I_05_01	05	01	1	382	0	0	0	CR	MAX	AEAREXAM2.jpg	AEAREXAM2.jpg	NOKEY	MAX	NOKEY
1444761575037	0	lts_1013I_05_01	05	01	1	383	4	1	1	Hit	530	4-12/ASUSHI8.jpg	ASUSHI8.jpg	SPACE	568	SPACE
1444761578113	0	lts_1013I_05_01	05	01	1	384	0	0	0	CR	MAX	2/AWEIGHTS8.jpg	AWEIGHTS8.jpg	NOKEY	MAX	NOKEY
1444761581189	0	lts_1013I_05_01	05	01	1	385	0	0	0	CR	MAX	batteries-a.jpg	batteries-a.jpg	NOKEY	MAX	NOKEY
1444761582276	0	lts_1013I_05_01	05	01	1	386	2	1	1	Hit	604	2-2/AWEIGHTS8.jpg	AWEIGHTS8.jpg	SPACE	651	SPACE
1444761585352	0	lts_1013I_05_01	05	01	1	387	0	0	0	CR	MAX	1/ATOWRACK3.jpg	ATOWRACK3.jpg	NOKEY	MAX	NOKEY
1444761586288	0	lts_1013I_05_01	05	01	1	388	1	1	1	Hit	452	1-10/ATOWRACK3.jpg	ATOWRACK3.jpg	SPACE	501	SPACE
1444761589363	0	lts_1013I_05_01	05	01	1	389	0	0	0	CR	MAX	2/8021822.thl.jpg	8021822.thl.jpg	NOKEY	MAX	NOKEY
1444761592454	0	lts_1013I_05_01	05	01	1	390	0	0	0	CR	MAX	ALOVSEA10.jpg	ALOVSEA10.jpg	NOKEY	MAX	NOKEY
1444761594294	0	lts_1013I_05_01	05	01	1	391	2	1	1	Hit	1367	2-13/8021822.thl.jpg	8021822.thl.jpg	SPACE	1404	SPACE
1444761597371	0	lts_1013I_05_01	05	01	1	392	0	0	0	CR	MAX	26375953.thl.jpg	26375953.thl.jpg	NOKEY	MAX	NOKEY
1444761600446	0	lts_1013I_05_01	05	01	1	393	0	0	0	CR	MAX	26282693.thl.jpg	26282693.thl.jpg	NOKEY	MAX	NOKEY
1444761603522	0	lts_1013I_05_01	05	01	1	394	0	0	0	CR	MAX	4/Acheque.jpg	Acheque.jpg	NOKEY	MAX	NOKEY
1444761606598	0	lts_1013I_05_01	05	01	1	395	0	0	0	CR	MAX	16/ALAZQUART.jpg	ALAZQUART.jpg	NOKEY	MAX	NOKEY
1444761609674	0	lts_1013I_05_01	05	01	1	396	00	1	0	Miss	MAX	00-across/22919000.thl.jpg	22919000.thl.jpg	NOKEY	MAX	SPACE
1444761611814	0	lts_1013I_05_01	05	01	1	397	0	0	1	FA	1662	ASEWING.jpg	ASEWING.jpg	SPACE	1706	NOKEY
1444761612967	0	lts_1013I_05_01	05	01	1	398	4	1	1	Hit	670	4-4/Acheque.jpg	Acheque.jpg	SPACE	719	SPACE
1444761616044	0	lts_1013I_05_01	05	01	1	399	0	0	0	CR	MAX	4/Astackingtoy2.jpg	Astackingtoy2.jpg	NOKEY	MAX	NOKEY
1444761619120	0	lts_1013I_05_01	05	01	1	400	0	0	0	CR	MAX	1/ABEARIN28.jpg	ABEARIN28.jpg	NOKEY	MAX	NOKEY
1444761620590	0	lts_1013I_05_01	05	01	1	401	1	1	1	Hit	1000	1-13/ABEARIN28.jpg	ABEARIN28.jpg	SPACE	1036	SPACE
1444761623666	0	lts_1013I_05_01	05	01	1	402	0	0	0	CR	MAX	Awoodenhamme8.jpg	Awoodenhamme8.jpg	NOKEY	MAX	NOKEY
1444761625072	0	lts_1013I_05_01	05	01	1	403	4	1	1	Hit	920	4-11/Astackingtoy2.jpg	Astackingtoy2.jpg	SPACE	970	SPACE
1444761628148	0	lts_1013I_05_01	05	01	1	404	0	0	0	CR	MAX	Abottleofchi2.jpg	Abottleofchi2.jpg	NOKEY	MAX	NOKEY
1444761631224	0	lts_1013I_05_01	05	01	1	405	0	0	0	CR	MAX	Apokerchips3.jpg	Apokerchips3.jpg	NOKEY	MAX	NOKEY
1444761632811	0	lts_1013I_05_01	05	01	1	406	128	1	1	Hit	1118	128-2/Acrackersandc.jpg	Acrackersandc.jpg	SPACE	1154	SPACE
1444761635887	0	lts_1013I_05_01	05	01	1	407	0	0	0	CR	MAX	1/AGUIRO.jpg	AGUIRO.jpg	NOKEY	MAX	NOKEY
1444761637359	0	lts_1013I_05_01	05	01	1	408	1	1	1	Hit	993	1-6/AGUIRO.jpg	AGUIRO.jpg	SPACE	1036	SPACE
1444761640434	0	lts_1013I_05_01	05	01	1	409	0	0	0	CR	MAX	23071000.thl.jpg	23071000.thl.jpg	NOKEY	MAX	NOKEY
1444761643510	0	lts_1013I_05_01	05	01	1	410	0	0	0	CR	MAX	Awinecase.jpg	Awinecase.jpg	NOKEY	MAX	NOKEY
1444761645751	0	lts_1013I_05_01	05	01	1	411	16	1	1	Hit	1763	16-first/ALAZQUART.jpg	ALAZQUART.jpg	SPACE	1806	SPACE
1444761648827	0	lts_1013I_05_01	05	01	1	412	0	0	0	CR	MAX	Alighter12.jpg	Alighter12.jpg	NOKEY	MAX	NOKEY
1444761650182	0	lts_1013I_05_01	05	01	1	413	2	1	1	Hit	876	2-mul/ALAZQUART.jpg	ALAZQUART.jpg	SPACE	920	SPACE
1444761653275	0	lts_1013I_05_01	05	01	1	414	0	0	0	CR	MAX	ACHINBRB4.jpg	ACHINBRB4.jpg	NOKEY	MAX	NOKEY
1444761656351	0	lts_1013I_05_01	05	01	1	415	0	0	0	CR	MAX	image004.jpg	image004.jpg	NOKEY	MAX	NOKEY
1444761659426	0	lts_1013I_05_01	05	01	1	416	0	0	0	CR	MAX	32/Athermos7.jpg	Athermos7.jpg	NOKEY	MAX	NOKEY
1444761662502	0	lts_1013I_05_01	05	01	1	417	0	0	0	CR	MAX	gymvaulting.jpg	gymvaulting.jpg	NOKEY	MAX	NOKEY
1444761665578	0	lts_1013I_05_01	05	01	1	418	0	0	0	CR	MAX	AJAR15.jpg	AJAR15.jpg	NOKEY	MAX	NOKEY
1444761668654	0	lts_1013I_05_01	05	01	1	419	00	1	0	Miss	MAX	00-across/Aexercisemac4.jpg	Aexercisemac4.jpg	NOKEY	MAX	SPACE
1444761671730	0	lts_1013I_05_01	05	01	1	420	0	0	0	CR	MAX	APOTGOLD2.jpg	APOTGOLD2.jpg	NOKEY	MAX	NOKEY
1444761674806	0	lts_1013I_05_01	05	01	1	421	64	1	0	Miss	MAX	64-first/AXYLOPHN2.jpg	AXYLOPHN2.jpg	NOKEY	MAX	SPACE
1444761677882	0	lts_1013I_05_01	05	01	1	422	0	0	0	CR	MAX	Hammock.jpg	Hammock.jpg	NOKEY	MAX	NOKEY
1444761680958	0	lts_1013I_05_01	05	01	1	423	0	0	0	CR	MAX	16/ALIONWALK.jpg	ALIONWALK.jpg	NOKEY	MAX	NOKEY
1444761684035	0	lts_1013I_05_01	05	01	1	424	0	0	0	CR	MAX	8023286.thl.jpg	8023286.thl.jpg	NOKEY	MAX	NOKEY
1444761685673	0	lts_1013I_05_01	05	01	1	425	4	1	1	Hit	1169	4-mul/AXYLOPHN2.jpg	AXYLOPHN2.jpg	SPACE	1203	SPACE
1444761688749	0	lts_1013I_05_01	05	01	1	426	0	0	0	CR	MAX	AANTMILK.jpg	AANTMILK.jpg	NOKEY	MAX	NOKEY
1444761691825	0	lts_1013I_05_01	05	01	1	427	0	0	0	CR	MAX	Apurse83.jpg	Apurse83.jpg	NOKEY	MAX	NOKEY
1444761692962	0	lts_1013I_05_01	05	01	1	428	00	1	1	Hit	662	00-across/APILLS5.jpg	APILLS5.jpg	SPACE	702	SPACE
1444761696039	0	lts_1013I_05_01	05	01	1	429	0	0	0	CR	MAX	2/Aberries5.jpg	Aberries5.jpg	NOKEY	MAX	NOKEY
1444761699115	0	lts_1013I_05_01	05	01	1	430	0	0	0	CR	MAX	26378596.thl.jpg	26378596.thl.jpg	NOKEY	MAX	NOKEY
1444761700118	0	lts_1013I_05_01	05	01	1	431	2	1	1	Hit	517	2-4/Aberries5.jpg	Aberries5.jpg	SPACE	568	SPACE
1444761703211	0	lts_1013I_05_01	05	01	1	432	0	0	0	CR	MAX	catsl60.jpg	catsl60.jpg	NOKEY	MAX	NOKEY
1444761704714	0	lts_1013I_05_01	05	01	1	433	128	1	1	Hit	1032	128-6/AANSHIEL4.jpg	AANSHIEL4.jpg	SPACE	1070	SPACE
1444761707790	0	lts_1013I_05_01	05	01	1	434	0	0	0	CR	MAX	Aspokesfaste2.jpg	Aspokesfaste2.jpg	NOKEY	MAX	NOKEY
1444761709512	0	lts_1013I_05_01	05	01	1	435	00	1	1	Hit	1240	00-across/Atoyhomeoffi4.jpg	Atoyhomeoffi4.jpg	SPACE	1288	SPACE
1444761712588	0	lts_1013I_05_01	05	01	1	436	0	0	0	CR	MAX	APILLS9.jpg	APILLS9.jpg	NOKEY	MAX	NOKEY
1444761715664	0	lts_1013I_05_01	05	01	1	437	0	0	0	CR	MAX	8/Apercussion16.jpg	Apercussion16.jpg	NOKEY	MAX	NOKEY
1444761718757	0	lts_1013I_05_01	05	01	1	438	0	0	0	CR	MAX	22923440.thl.jpg	22923440.thl.jpg	NOKEY	MAX	NOKEY
1444761719827	0	lts_1013I_05_01	05	01	1	439	16	1	1	Hit	587	16-first/ALIONWALK.jpg	ALIONWALK.jpg	SPACE	635	SPACE
1444761722903	0	lts_1013I_05_01	05	01	1	440	0	0	0	CR	MAX	ASOPRASAX.jpg	ASOPRASAX.jpg	NOKEY	MAX	NOKEY
1444761725979	0	lts_1013I_05_01	05	01	1	441	0	0	0	CR	MAX	ABANJO5.jpg	ABANJO5.jpg	NOKEY	MAX	NOKEY
1444761729056	0	lts_1013I_05_01	05	01	1	442	0	0	0	CR	MAX	matchbook.jpg	matchbook.jpg	NOKEY	MAX	NOKEY
1444761730343	0	lts_1013I_05_01	05	01	1	443	4	1	1	Hit	808	4-mul/ALIONWALK.jpg	ALIONWALK.jpg	SPACE	851	SPACE
1444761733419	0	lts_1013I_05_01	05	01	1	444	0	0	0	CR	MAX	AHALLOWE3.jpg	AHALLOWE3.jpg	NOKEY	MAX	NOKEY
1444761734572	0	lts_1013I_05_01	05	01	1	445	8	1	1	Hit	679	8-2/Apercussion16.jpg	Apercussion16.jpg	SPACE	720	SPACE
1444761737648	0	lts_1013I_05_01	05	01	1	446	0	0	0	CR	MAX	APARSLEY.jpg	APARSLEY.jpg	NOKEY	MAX	NOKEY
1444761740724	0	lts_1013I_05_01	05	01	1	447	0	0	0	CR	MAX	Acanadagoose.jpg	Acanadagoose.jpg	NOKEY	MAX	NOKEY
1444761742163	0	lts_1013I_05_01	05	01	1	448	32	1	1	Hit	958	32-9/Athermos7.jpg	Athermos7.jpg	SPACE	1003	SPACE
1444761745256	0	lts_1013I_05_01	05	01	1	449	0	0	0	CR	MAX	26437028.thl.jpg	26437028.thl.jpg	NOKEY	MAX	NOKEY
1444761766201	0	E	Logging Ends
