1447189466848	0	B	Logging Begins
1447189702777	0	lts_1110L_24_01	24	01	0	0	0	0	0	CR	MAX	26440422.thl.jpg	26440422.thl.jpg	NOKEY	MAX	NOKEY
1447189705869	0	lts_1110L_24_01	24	01	0	1	0	0	0	CR	MAX	ASCYTHE7.jpg	ASCYTHE7.jpg	NOKEY	MAX	NOKEY
1447189708945	0	lts_1110L_24_01	24	01	0	2	0	0	0	CR	MAX	2/APUMPCOOK.jpg	APUMPCOOK.jpg	NOKEY	MAX	NOKEY
1447189712039	0	lts_1110L_24_01	24	01	0	3	0	0	0	CR	MAX	16/26424133.thl.jpg	26424133.thl.jpg	NOKEY	MAX	NOKEY
1447189713192	0	lts_1110L_24_01	24	01	0	4	2	1	1	Hit	668	2-2/APUMPCOOK.jpg	APUMPCOOK.jpg	SPACE	719	SPACE
1447189716268	0	lts_1110L_24_01	24	01	0	5	0	0	0	CR	MAX	2/Ajoystick10.jpg	Ajoystick10.jpg	NOKEY	MAX	NOKEY
1447189719361	0	lts_1110L_24_01	24	01	0	6	0	0	0	CR	MAX	8/Abat5.jpg	Abat5.jpg	NOKEY	MAX	NOKEY
1447189720431	0	lts_1110L_24_01	24	01	0	7	2	1	1	Hit	584	2-7/Ajoystick10.jpg	Ajoystick10.jpg	SPACE	636	SPACE
1447189723507	0	lts_1110L_24_01	24	01	0	8	0	0	0	CR	MAX	26455183.thl.jpg	26455183.thl.jpg	NOKEY	MAX	NOKEY
1447189726600	0	lts_1110L_24_01	24	01	0	9	0	0	0	CR	MAX	128/ACURLIR13.jpg	ACURLIR13.jpg	NOKEY	MAX	NOKEY
1447189729692	0	lts_1110L_24_01	24	01	0	10	0	0	0	CR	MAX	26421368.thl.jpg	26421368.thl.jpg	NOKEY	MAX	NOKEY
1447189732785	0	lts_1110L_24_01	24	01	0	11	0	0	0	CR	MAX	MAT-J0150-J0153.jpg	MAT-J0150-J0153.jpg	NOKEY	MAX	NOKEY
1447189735860	0	lts_1110L_24_01	24	01	0	12	0	0	0	CR	MAX	32/Arecyclingbox.jpg	Arecyclingbox.jpg	NOKEY	MAX	NOKEY
1447189738936	0	lts_1110L_24_01	24	01	0	13	0	0	0	CR	MAX	Aringclamp2.jpg	Aringclamp2.jpg	NOKEY	MAX	NOKEY
1447189740007	0	lts_1110L_24_01	24	01	0	14	8	1	1	Hit	594	8-first/Abat5.jpg	Abat5.jpg	SPACE	636	SPACE
1447189743100	0	lts_1110L_24_01	24	01	0	15	0	0	0	CR	MAX	Atwowayradio2.jpg	Atwowayradio2.jpg	NOKEY	MAX	NOKEY
1447189746193	0	lts_1110L_24_01	24	01	0	16	0	0	0	CR	MAX	AASPHALT.jpg	AASPHALT.jpg	NOKEY	MAX	NOKEY
1447189749269	0	lts_1110L_24_01	24	01	0	17	0	0	0	CR	MAX	32/AFERRAF40.jpg	AFERRAF40.jpg	NOKEY	MAX	NOKEY
1447189752362	0	lts_1110L_24_01	24	01	0	18	0	0	0	CR	MAX	23016343.thl.jpg	23016343.thl.jpg	NOKEY	MAX	NOKEY
1447189753281	0	lts_1110L_24_01	24	01	0	19	16	1	1	Hit	439	16-first/26424133.thl.jpg	26424133.thl.jpg	SPACE	484	SPACE
1447189756357	0	lts_1110L_24_01	24	01	0	20	0	0	0	CR	MAX	32/Ascientifict3.jpg	Ascientifict3.jpg	NOKEY	MAX	NOKEY
1447189757377	0	lts_1110L_24_01	24	01	0	21	2	1	1	Hit	541	2-mul/26424133.thl.jpg	26424133.thl.jpg	SPACE	584	SPACE
1447189760470	0	lts_1110L_24_01	24	01	0	22	0	0	0	CR	MAX	1/bowtie.jpg	bowtie.jpg	NOKEY	MAX	NOKEY
1447189761456	0	lts_1110L_24_01	24	01	0	23	1	1	1	Hit	501	1-1/bowtie.jpg	bowtie.jpg	SPACE	552	SPACE
1447189764549	0	lts_1110L_24_01	24	01	0	24	0	0	0	CR	MAX	bands-a.jpg	bands-a.jpg	NOKEY	MAX	NOKEY
1447189767642	0	lts_1110L_24_01	24	01	0	25	0	0	0	CR	MAX	ABREAD.jpg	ABREAD.jpg	NOKEY	MAX	NOKEY
1447189770718	0	lts_1110L_24_01	24	01	0	26	0	0	0	CR	MAX	16/ABABYDOLL.jpg	ABABYDOLL.jpg	NOKEY	MAX	NOKEY
1447189773794	0	lts_1110L_24_01	24	01	0	27	0	0	0	CR	MAX	Acampingtoolk.jpg	Acampingtoolk.jpg	NOKEY	MAX	NOKEY
1447189776869	0	lts_1110L_24_01	24	01	0	28	0	0	0	CR	MAX	Aantiquemeta2.jpg	Aantiquemeta2.jpg	NOKEY	MAX	NOKEY
1447189779945	0	lts_1110L_24_01	24	01	0	29	0	0	0	CR	MAX	AHIBACHI.jpg	AHIBACHI.jpg	NOKEY	MAX	NOKEY
1447189780931	0	lts_1110L_24_01	24	01	0	30	16	1	1	Hit	517	16-mul/Abat5.jpg	Abat5.jpg	SPACE	552	SPACE
1447189784008	0	lts_1110L_24_01	24	01	0	31	0	0	0	CR	MAX	4/Atropicalpine.jpg	Atropicalpine.jpg	NOKEY	MAX	NOKEY
1447189787101	0	lts_1110L_24_01	24	01	0	32	0	0	0	CR	MAX	Aearth3.jpg	Aearth3.jpg	NOKEY	MAX	NOKEY
1447189788205	0	lts_1110L_24_01	24	01	0	33	0	0	1	FA	622	26428593.thl.jpg	26428593.thl.jpg	SPACE	668	NOKEY
1447189791281	0	lts_1110L_24_01	24	01	0	34	0	0	0	CR	MAX	10049566.thl.jpg	10049566.thl.jpg	NOKEY	MAX	NOKEY
1447189792718	0	lts_1110L_24_01	24	01	0	35	4	1	1	Hit	953	4-1/Atropicalpine.jpg	Atropicalpine.jpg	SPACE	1003	SPACE
1447189795811	0	lts_1110L_24_01	24	01	0	36	0	0	0	CR	MAX	1/Apenguin2.jpg	Apenguin2.jpg	NOKEY	MAX	NOKEY
1447189796798	0	lts_1110L_24_01	24	01	0	37	1	1	1	Hit	510	1-5/Apenguin2.jpg	Apenguin2.jpg	SPACE	552	SPACE
1447189799873	0	lts_1110L_24_01	24	01	0	38	0	0	0	CR	MAX	AGOLDCUP6.jpg	AGOLDCUP6.jpg	NOKEY	MAX	NOKEY
1447189802949	0	lts_1110L_24_01	24	01	0	39	0	0	0	CR	MAX	8245207.thl.jpg	8245207.thl.jpg	NOKEY	MAX	NOKEY
1447189806026	0	lts_1110L_24_01	24	01	0	40	0	0	0	CR	MAX	ACOFFPOT3.jpg	ACOFFPOT3.jpg	NOKEY	MAX	NOKEY
1447189809118	0	lts_1110L_24_01	24	01	0	41	0	0	0	CR	MAX	16/8077486.thl.jpg	8077486.thl.jpg	NOKEY	MAX	NOKEY
1447189810239	0	lts_1110L_24_01	24	01	0	42	16	1	1	Hit	641	16-first/ABABYDOLL.jpg	ABABYDOLL.jpg	SPACE	685	SPACE
1447189813315	0	lts_1110L_24_01	24	01	0	43	0	0	0	CR	MAX	ABUGLE2.jpg	ABUGLE2.jpg	NOKEY	MAX	NOKEY
1447189814535	0	lts_1110L_24_01	24	01	0	44	32	1	1	Hit	741	32-7/Arecyclingbox.jpg	Arecyclingbox.jpg	SPACE	786	SPACE
1447189817628	0	lts_1110L_24_01	24	01	0	45	0	0	0	CR	MAX	Aaircompress2.jpg	Aaircompress2.jpg	NOKEY	MAX	NOKEY
1447189818714	0	lts_1110L_24_01	24	01	0	46	4	1	1	Hit	605	4-mul/ABABYDOLL.jpg	ABABYDOLL.jpg	SPACE	652	SPACE
1447189821791	0	lts_1110L_24_01	24	01	0	47	0	0	0	CR	MAX	8/Atrap4.jpg	Atrap4.jpg	NOKEY	MAX	NOKEY
1447189824866	0	lts_1110L_24_01	24	01	0	48	0	0	0	CR	MAX	AMANJUI2.jpg	AMANJUI2.jpg	NOKEY	MAX	NOKEY
1447189825936	0	lts_1110L_24_01	24	01	0	49	32	1	1	Hit	600	32-5/AFERRAF40.jpg	AFERRAF40.jpg	SPACE	636	SPACE
1447189829013	0	lts_1110L_24_01	24	01	0	50	0	0	0	CR	MAX	128/26428540.thl.jpg	26428540.thl.jpg	NOKEY	MAX	NOKEY
1447189832089	0	lts_1110L_24_01	24	01	0	51	0	0	0	CR	MAX	Abladetablesa.jpg	Abladetablesa.jpg	NOKEY	MAX	NOKEY
1447189833259	0	lts_1110L_24_01	24	01	0	52	32	1	1	Hit	691	32-4/Ascientifict3.jpg	Ascientifict3.jpg	SPACE	735	SPACE
1447189836352	0	lts_1110L_24_01	24	01	0	53	0	0	0	CR	MAX	AOSTRICH2.jpg	AOSTRICH2.jpg	NOKEY	MAX	NOKEY
1447189839428	0	lts_1110L_24_01	24	01	0	54	0	0	0	CR	MAX	64/ABUSTFOR7.jpg	ABUSTFOR7.jpg	NOKEY	MAX	NOKEY
1447189840581	0	lts_1110L_24_01	24	01	0	55	8	1	1	Hit	683	8-2/Atrap4.jpg	Atrap4.jpg	SPACE	719	SPACE
1447189843657	0	lts_1110L_24_01	24	01	0	56	0	0	0	CR	MAX	Ablouse2.jpg	Ablouse2.jpg	NOKEY	MAX	NOKEY
1447189844711	0	lts_1110L_24_01	24	01	0	57	16	1	1	Hit	579	16-first/8077486.thl.jpg	8077486.thl.jpg	SPACE	618	SPACE
1447189847787	0	lts_1110L_24_01	24	01	0	58	0	0	0	CR	MAX	AEARING49.jpg	AEARING49.jpg	NOKEY	MAX	NOKEY
1447189848756	0	lts_1110L_24_01	24	01	0	59	2	1	1	Hit	492	2-mul/8077486.thl.jpg	8077486.thl.jpg	SPACE	535	SPACE
1447189851831	0	lts_1110L_24_01	24	01	0	60	0	0	0	CR	MAX	Athreeholepu6.jpg	Athreeholepu6.jpg	NOKEY	MAX	NOKEY
1447189853069	0	lts_1110L_24_01	24	01	0	61	0	0	1	FA	748	26421370.thl.jpg	26421370.thl.jpg	SPACE	786	NOKEY
1447189856146	0	lts_1110L_24_01	24	01	0	62	0	0	0	CR	MAX	26424075.thl.jpg	26424075.thl.jpg	NOKEY	MAX	NOKEY
1447189859222	0	lts_1110L_24_01	24	01	0	63	0	0	0	CR	MAX	64/AHEDGEHOG.jpg	AHEDGEHOG.jpg	NOKEY	MAX	NOKEY
1447189862314	0	lts_1110L_24_01	24	01	0	64	0	0	0	CR	MAX	Aembossedsta2.jpg	Aembossedsta2.jpg	NOKEY	MAX	NOKEY
1447189865390	0	lts_1110L_24_01	24	01	0	65	0	0	0	CR	MAX	AGLASSBO7.jpg	AGLASSBO7.jpg	NOKEY	MAX	NOKEY
1447189868483	0	lts_1110L_24_01	24	01	0	66	0	0	0	CR	MAX	32/ATAMBOURI.jpg	ATAMBOURI.jpg	NOKEY	MAX	NOKEY
1447189871559	0	lts_1110L_24_01	24	01	0	67	0	0	0	CR	MAX	Adustpanbrus4.jpg	Adustpanbrus4.jpg	NOKEY	MAX	NOKEY
1447189874652	0	lts_1110L_24_01	24	01	0	68	0	0	0	CR	MAX	128/Adolphin3.jpg	Adolphin3.jpg	NOKEY	MAX	NOKEY
1447189877745	0	lts_1110L_24_01	24	01	0	69	0	0	0	CR	MAX	32/Achair608.jpg	Achair608.jpg	NOKEY	MAX	NOKEY
1447189880837	0	lts_1110L_24_01	24	01	0	70	0	0	0	CR	MAX	4/22910996.thl.jpg	22910996.thl.jpg	NOKEY	MAX	NOKEY
1447189883913	0	lts_1110L_24_01	24	01	0	71	0	0	0	CR	MAX	26426317.thl.jpg	26426317.thl.jpg	NOKEY	MAX	NOKEY
1447189886989	0	lts_1110L_24_01	24	01	0	72	0	0	0	CR	MAX	8/ACRIB18.jpg	ACRIB18.jpg	NOKEY	MAX	NOKEY
1447189890083	0	lts_1110L_24_01	24	01	0	73	0	0	0	CR	MAX	APLANMOD.jpg	APLANMOD.jpg	NOKEY	MAX	NOKEY
1447189891086	0	lts_1110L_24_01	24	01	0	74	4	1	1	Hit	532	4-11/22910996.thl.jpg	22910996.thl.jpg	SPACE	568	SPACE
1447189894178	0	lts_1110L_24_01	24	01	0	75	0	0	0	CR	MAX	Atoyelephant.jpg	Atoyelephant.jpg	NOKEY	MAX	NOKEY
1447189897254	0	lts_1110L_24_01	24	01	0	76	0	0	0	CR	MAX	Aantelopesku5.jpg	Aantelopesku5.jpg	NOKEY	MAX	NOKEY
1447189900347	0	lts_1110L_24_01	24	01	0	77	0	0	0	CR	MAX	E_helicopter.jpg	E_helicopter.jpg	NOKEY	MAX	NOKEY
1447189903423	0	lts_1110L_24_01	24	01	0	78	0	0	0	CR	MAX	Aclowguit.jpg	Aclowguit.jpg	NOKEY	MAX	NOKEY
1447189906499	0	lts_1110L_24_01	24	01	0	79	0	0	0	CR	MAX	Apyramid3.jpg	Apyramid3.jpg	NOKEY	MAX	NOKEY
1447189907536	0	lts_1110L_24_01	24	01	0	80	8	1	1	Hit	555	8-0/ACRIB18.jpg	ACRIB18.jpg	SPACE	602	SPACE
1447189910612	0	lts_1110L_24_01	24	01	0	81	0	0	0	CR	MAX	8076304.thl.jpg	8076304.thl.jpg	NOKEY	MAX	NOKEY
1447189913705	0	lts_1110L_24_01	24	01	0	82	0	0	0	CR	MAX	Aconchshe.jpg	Aconchshe.jpg	NOKEY	MAX	NOKEY
1447189916781	0	lts_1110L_24_01	24	01	0	83	0	0	0	CR	MAX	1/Acrib12.jpg	Acrib12.jpg	NOKEY	MAX	NOKEY
1447189917950	0	lts_1110L_24_01	24	01	0	84	1	1	1	Hit	695	1-4/Acrib12.jpg	Acrib12.jpg	SPACE	736	SPACE
1447189921044	0	lts_1110L_24_01	24	01	0	85	0	0	0	CR	MAX	Adiamondring3.jpg	Adiamondring3.jpg	NOKEY	MAX	NOKEY
1447189924120	0	lts_1110L_24_01	24	01	0	86	0	0	0	CR	MAX	ALITERBOX.jpg	ALITERBOX.jpg	NOKEY	MAX	NOKEY
1447189927196	0	lts_1110L_24_01	24	01	0	87	16	1	0	Miss	MAX	16/DSCN6303-sm.jpg	DSCN6303-sm.jpg	NOKEY	MAX	SPACE
1447189930289	0	lts_1110L_24_01	24	01	0	88	0	0	0	CR	MAX	iguana.jpg	iguana.jpg	NOKEY	MAX	NOKEY
1447189933381	0	lts_1110L_24_01	24	01	0	89	0	0	0	CR	MAX	ATOOHOLDE.jpg	ATOOHOLDE.jpg	NOKEY	MAX	NOKEY
1447189936474	0	lts_1110L_24_01	24	01	0	90	0	0	0	CR	MAX	AMOUSETOY.jpg	AMOUSETOY.jpg	NOKEY	MAX	NOKEY
1447189939550	0	lts_1110L_24_01	24	01	0	91	0	0	0	CR	MAX	petfood.jpg	petfood.jpg	NOKEY	MAX	NOKEY
1447189942626	0	lts_1110L_24_01	24	01	0	92	0	0	0	CR	MAX	2/AARTIHAN5.jpg	AARTIHAN5.jpg	NOKEY	MAX	NOKEY
1447189945702	0	lts_1110L_24_01	24	01	0	93	0	0	0	CR	MAX	22849344.thl.jpg	22849344.thl.jpg	NOKEY	MAX	NOKEY
1447189946756	0	lts_1110L_24_01	24	01	0	94	2	1	1	Hit	568	2-4/AARTIHAN5.jpg	AARTIHAN5.jpg	SPACE	619	SPACE
1447189949831	0	lts_1110L_24_01	24	01	0	95	0	0	0	CR	MAX	1/champagnbottles.jpg	champagnbottles.jpg	NOKEY	MAX	NOKEY
1447189950884	0	lts_1110L_24_01	24	01	0	96	1	1	1	Hit	577	1-14/champagnbottles.jpg	champagnbottles.jpg	SPACE	620	SPACE
1447189953960	0	lts_1110L_24_01	24	01	0	97	0	0	0	CR	MAX	Astereo30.jpg	Astereo30.jpg	NOKEY	MAX	NOKEY
1447189955131	0	lts_1110L_24_01	24	01	0	98	32	1	1	Hit	698	32-2/ATAMBOURI.jpg	ATAMBOURI.jpg	SPACE	736	SPACE
1447189958207	0	lts_1110L_24_01	24	01	0	99	0	0	0	CR	MAX	ADIAMCRYS.jpg	ADIAMCRYS.jpg	NOKEY	MAX	NOKEY
1447189961300	0	lts_1110L_24_01	24	01	0	100	0	0	0	CR	MAX	Arubberworksh.jpg	Arubberworksh.jpg	NOKEY	MAX	NOKEY
1447189962487	0	lts_1110L_24_01	24	01	0	101	32	1	1	Hit	706	32-9/Achair608.jpg	Achair608.jpg	SPACE	752	SPACE
1447189965563	0	lts_1110L_24_01	24	01	0	102	0	0	0	CR	MAX	26431848.thl.jpg	26431848.thl.jpg	NOKEY	MAX	NOKEY
1447189966683	0	lts_1110L_24_01	24	01	0	103	16	1	1	Hit	649	16-first/DSCN6303-sm.jpg	DSCN6303-sm.jpg	SPACE	685	SPACE
1447189969759	0	lts_1110L_24_01	24	01	0	104	0	0	0	CR	MAX	1/8258244.thl.jpg	8258244.thl.jpg	NOKEY	MAX	NOKEY
1447189970862	0	lts_1110L_24_01	24	01	0	105	1	1	1	Hit	622	1-6/8258244.thl.jpg	8258244.thl.jpg	SPACE	669	SPACE
1447189973954	0	lts_1110L_24_01	24	01	0	106	0	0	0	CR	MAX	10049816.thl.jpg	10049816.thl.jpg	NOKEY	MAX	NOKEY
1447189974974	0	lts_1110L_24_01	24	01	0	107	4	1	1	Hit	542	4-mul/DSCN6303-sm.jpg	DSCN6303-sm.jpg	SPACE	586	SPACE
1447189978051	0	lts_1110L_24_01	24	01	0	108	0	0	0	CR	MAX	Abarn4.jpg	Abarn4.jpg	NOKEY	MAX	NOKEY
1447189981127	0	lts_1110L_24_01	24	01	0	109	0	0	0	CR	MAX	AHYDRANTF.jpg	AHYDRANTF.jpg	NOKEY	MAX	NOKEY
1447189984204	0	lts_1110L_24_01	24	01	0	110	0	0	0	CR	MAX	64/APOGO4.jpg	APOGO4.jpg	NOKEY	MAX	NOKEY
1447189987296	0	lts_1110L_24_01	24	01	0	111	0	0	0	CR	MAX	8256530.thl.jpg	8256530.thl.jpg	NOKEY	MAX	NOKEY
1447189990389	0	lts_1110L_24_01	24	01	0	112	0	0	0	CR	MAX	64/ATICKETBO.jpg	ATICKETBO.jpg	NOKEY	MAX	NOKEY
1447189993482	0	lts_1110L_24_01	24	01	0	113	0	0	0	CR	MAX	26372237.thl.jpg	26372237.thl.jpg	NOKEY	MAX	NOKEY
1447189996558	0	lts_1110L_24_01	24	01	0	114	0	0	0	CR	MAX	APICNICBL.jpg	APICNICBL.jpg	NOKEY	MAX	NOKEY
1447189999634	0	lts_1110L_24_01	24	01	0	115	0	0	0	CR	MAX	128/ADIRECSI3.jpg	ADIRECSI3.jpg	NOKEY	MAX	NOKEY
1447190002710	0	lts_1110L_24_01	24	01	0	116	0	0	0	CR	MAX	APOTWHOLE.jpg	APOTWHOLE.jpg	NOKEY	MAX	NOKEY
1447190005803	0	lts_1110L_24_01	24	01	0	117	0	0	0	CR	MAX	32/Atrumpetwith2.jpg	Atrumpetwith2.jpg	NOKEY	MAX	NOKEY
1447190006905	0	lts_1110L_24_01	24	01	0	118	64	1	1	Hit	627	64-first/ABUSTFOR7.jpg	ABUSTFOR7.jpg	SPACE	669	SPACE
1447190009981	0	lts_1110L_24_01	24	01	0	119	0	0	0	CR	MAX	1/AANTHAT2.jpg	AANTHAT2.jpg	NOKEY	MAX	NOKEY
1447190010917	0	lts_1110L_24_01	24	01	0	120	1	1	1	Hit	464	1-9/AANTHAT2.jpg	AANTHAT2.jpg	SPACE	502	SPACE
1447190014011	0	lts_1110L_24_01	24	01	0	121	0	0	0	CR	MAX	AFLUTE6.jpg	AFLUTE6.jpg	NOKEY	MAX	NOKEY
1447190015031	0	lts_1110L_24_01	24	01	0	122	4	1	1	Hit	546	4-mul/ABUSTFOR7.jpg	ABUSTFOR7.jpg	SPACE	585	SPACE
1447190018107	0	lts_1110L_24_01	24	01	0	123	0	0	0	CR	MAX	Alifebuo3.jpg	Alifebuo3.jpg	NOKEY	MAX	NOKEY
1447190021183	0	lts_1110L_24_01	24	01	0	124	0	0	0	CR	MAX	26389125.thl.jpg	26389125.thl.jpg	NOKEY	MAX	NOKEY
1447190024259	0	lts_1110L_24_01	24	01	0	125	0	0	0	CR	MAX	APICTURE.jpg	APICTURE.jpg	NOKEY	MAX	NOKEY
1447190027335	0	lts_1110L_24_01	24	01	0	126	0	0	0	CR	MAX	ARUSH.jpg	ARUSH.jpg	NOKEY	MAX	NOKEY
1447190028388	0	lts_1110L_24_01	24	01	0	127	64	1	1	Hit	583	64-first/AHEDGEHOG.jpg	AHEDGEHOG.jpg	SPACE	617	SPACE
1447190031481	0	lts_1110L_24_01	24	01	0	128	0	0	0	CR	MAX	32/driedbananaslides.jpg	driedbananaslides.jpg	NOKEY	MAX	NOKEY
1447190032451	0	lts_1110L_24_01	24	01	0	129	2	1	1	Hit	485	2-mul/AHEDGEHOG.jpg	AHEDGEHOG.jpg	SPACE	535	SPACE
1447190035527	0	lts_1110L_24_01	24	01	0	130	0	0	0	CR	MAX	apparatus.jpg	apparatus.jpg	NOKEY	MAX	NOKEY
1447190038603	0	lts_1110L_24_01	24	01	0	131	0	0	0	CR	MAX	2/26386846.thl.jpg	26386846.thl.jpg	NOKEY	MAX	NOKEY
1447190041696	0	lts_1110L_24_01	24	01	0	132	0	0	0	CR	MAX	Abowloffruit5.jpg	Abowloffruit5.jpg	NOKEY	MAX	NOKEY
1447190042682	0	lts_1110L_24_01	24	01	0	133	2	1	1	Hit	508	2-10/26386846.thl.jpg	26386846.thl.jpg	SPACE	552	SPACE
1447190045758	0	lts_1110L_24_01	24	01	0	134	0	0	0	CR	MAX	1/moto.jpg	moto.jpg	NOKEY	MAX	NOKEY
1447190046711	0	lts_1110L_24_01	24	01	0	135	1	1	1	Hit	471	1-8/moto.jpg	moto.jpg	SPACE	518	SPACE
1447190049787	0	lts_1110L_24_01	24	01	0	136	0	0	0	CR	MAX	Abells7.jpg	Abells7.jpg	NOKEY	MAX	NOKEY
1447190051041	0	lts_1110L_24_01	24	01	0	137	128	1	1	Hit	775	128-5/ACURLIR13.jpg	ACURLIR13.jpg	SPACE	819	SPACE
1447190054134	0	lts_1110L_24_01	24	01	0	138	0	0	0	CR	MAX	waterfilter.jpg	waterfilter.jpg	NOKEY	MAX	NOKEY
1447190057210	0	lts_1110L_24_01	24	01	0	139	0	0	0	CR	MAX	AANGLE.jpg	AANGLE.jpg	NOKEY	MAX	NOKEY
1447190060286	0	lts_1110L_24_01	24	01	0	140	0	0	0	CR	MAX	AMAKEUPMI.jpg	AMAKEUPMI.jpg	NOKEY	MAX	NOKEY
1447190063362	0	lts_1110L_24_01	24	01	0	141	0	0	0	CR	MAX	Aadjustablec2.jpg	Aadjustablec2.jpg	NOKEY	MAX	NOKEY
1447190066438	0	lts_1110L_24_01	24	01	0	142	0	0	0	CR	MAX	2/AWOODENF3.jpg	AWOODENF3.jpg	NOKEY	MAX	NOKEY
1447190069514	0	lts_1110L_24_01	24	01	0	143	0	0	0	CR	MAX	Aantiquerota7.jpg	Aantiquerota7.jpg	NOKEY	MAX	NOKEY
1447190070584	0	lts_1110L_24_01	24	01	0	144	2	1	1	Hit	593	2-6/AWOODENF3.jpg	AWOODENF3.jpg	SPACE	635	SPACE
1447190073660	0	lts_1110L_24_01	24	01	0	145	0	0	0	CR	MAX	26687176.thl.jpg	26687176.thl.jpg	NOKEY	MAX	NOKEY
1447190076753	0	lts_1110L_24_01	24	01	0	146	0	0	0	CR	MAX	22856988.thl.jpg	22856988.thl.jpg	NOKEY	MAX	NOKEY
1447190079828	0	lts_1110L_24_01	24	01	0	147	0	0	0	CR	MAX	16/Aairtank7.jpg	Aairtank7.jpg	NOKEY	MAX	NOKEY
1447190082904	0	lts_1110L_24_01	24	01	0	148	0	0	0	CR	MAX	8022302.thl.jpg	8022302.thl.jpg	NOKEY	MAX	NOKEY
1447190083957	0	lts_1110L_24_01	24	01	0	149	32	1	1	Hit	574	32-3/Atrumpetwith2.jpg	Atrumpetwith2.jpg	SPACE	619	SPACE
1447190087034	0	lts_1110L_24_01	24	01	0	150	0	0	0	CR	MAX	Alogholder.jpg	Alogholder.jpg	NOKEY	MAX	NOKEY
1447190090110	0	lts_1110L_24_01	24	01	0	151	0	0	0	CR	MAX	4/8253370.thl.jpg	8253370.thl.jpg	NOKEY	MAX	NOKEY
1447190093186	0	lts_1110L_24_01	24	01	0	152	0	0	0	CR	MAX	128/APALLETT2.jpg	APALLETT2.jpg	NOKEY	MAX	NOKEY
1447190096262	0	lts_1110L_24_01	24	01	0	153	0	0	0	CR	MAX	AHOSPWAS2.jpg	AHOSPWAS2.jpg	NOKEY	MAX	NOKEY
1447190099339	0	lts_1110L_24_01	24	01	0	154	0	0	0	CR	MAX	ABUFFALO.jpg	ABUFFALO.jpg	NOKEY	MAX	NOKEY
1447190100459	0	lts_1110L_24_01	24	01	0	155	4	1	1	Hit	648	4-4/8253370.thl.jpg	8253370.thl.jpg	SPACE	686	SPACE
1447190103535	0	lts_1110L_24_01	24	01	0	156	0	0	0	CR	MAX	2/Asafetybelt.jpg	Asafetybelt.jpg	NOKEY	MAX	NOKEY
1447190106611	0	lts_1110L_24_01	24	01	0	157	0	0	0	CR	MAX	26377183.thl.jpg	26377183.thl.jpg	NOKEY	MAX	NOKEY
1447190107647	0	lts_1110L_24_01	24	01	0	158	2	1	1	Hit	567	2-12/Asafetybelt.jpg	Asafetybelt.jpg	SPACE	602	SPACE
1447190110723	0	lts_1110L_24_01	24	01	0	159	0	0	0	CR	MAX	Ahandbag68.jpg	Ahandbag68.jpg	NOKEY	MAX	NOKEY
1447190111959	0	lts_1110L_24_01	24	01	0	160	32	1	1	Hit	760	32-1/driedbananaslides.jpg	driedbananaslides.jpg	SPACE	802	SPACE
1447190115037	0	lts_1110L_24_01	24	01	0	161	0	0	0	CR	MAX	4/Acactusfruit.jpg	Acactusfruit.jpg	NOKEY	MAX	NOKEY
1447190118113	0	lts_1110L_24_01	24	01	0	162	0	0	0	CR	MAX	26379430.thl.jpg	26379430.thl.jpg	NOKEY	MAX	NOKEY
1447190119500	0	lts_1110L_24_01	24	01	0	163	16	1	1	Hit	914	16-first/Aairtank7.jpg	Aairtank7.jpg	SPACE	953	SPACE
1447190122576	0	lts_1110L_24_01	24	01	0	164	0	0	0	CR	MAX	AWASHRACK.jpg	AWASHRACK.jpg	NOKEY	MAX	NOKEY
1447190123646	0	lts_1110L_24_01	24	01	0	165	4	1	1	Hit	598	4-2/Acactusfruit.jpg	Acactusfruit.jpg	SPACE	635	SPACE
1447190126722	0	lts_1110L_24_01	24	01	0	166	0	0	0	CR	MAX	AGUIRA.jpg	AGUIRA.jpg	NOKEY	MAX	NOKEY
1447190127759	0	lts_1110L_24_01	24	01	0	167	4	1	1	Hit	562	4-mul/Aairtank7.jpg	Aairtank7.jpg	SPACE	602	SPACE
1447190130834	0	lts_1110L_24_01	24	01	0	168	0	0	0	CR	MAX	Acreamer35.jpg	Acreamer35.jpg	NOKEY	MAX	NOKEY
1447190133910	0	lts_1110L_24_01	24	01	0	169	0	0	0	CR	MAX	Aconcreteblo3.jpg	Aconcreteblo3.jpg	NOKEY	MAX	NOKEY
1447190137004	0	lts_1110L_24_01	24	01	0	170	0	0	0	CR	MAX	Atoypanda.jpg	Atoypanda.jpg	NOKEY	MAX	NOKEY
1447190138391	0	lts_1110L_24_01	24	01	0	171	0	0	1	FA	900	ATELEBO13.jpg	ATELEBO13.jpg	SPACE	935	NOKEY
1447190141467	0	lts_1110L_24_01	24	01	0	172	0	0	0	CR	MAX	ADUSTER5.jpg	ADUSTER5.jpg	NOKEY	MAX	NOKEY
1447190144543	0	lts_1110L_24_01	24	01	0	173	0	0	0	CR	MAX	22887144.thl.jpg	22887144.thl.jpg	NOKEY	MAX	NOKEY
1447190145680	0	lts_1110L_24_01	24	01	0	174	64	1	1	Hit	657	64-first/APOGO4.jpg	APOGO4.jpg	SPACE	702	SPACE
1447190148773	0	lts_1110L_24_01	24	01	0	175	0	0	0	CR	MAX	gymbars2.jpg	gymbars2.jpg	NOKEY	MAX	NOKEY
1447190150060	0	lts_1110L_24_01	24	01	0	176	64	1	1	Hit	817	64-first/ATICKETBO.jpg	ATICKETBO.jpg	SPACE	853	SPACE
1447190153136	0	lts_1110L_24_01	24	01	0	177	0	0	0	CR	MAX	ADRYWOOD.jpg	ADRYWOOD.jpg	NOKEY	MAX	NOKEY
1447190154474	0	lts_1110L_24_01	24	01	0	178	128	1	1	Hit	861	128-3/26428540.thl.jpg	26428540.thl.jpg	SPACE	903	SPACE
1447190157566	0	lts_1110L_24_01	24	01	0	179	0	0	0	CR	MAX	makeuppowder.jpg	makeuppowder.jpg	NOKEY	MAX	NOKEY
1447190158570	0	lts_1110L_24_01	24	01	0	180	4	1	1	Hit	522	4-mul/ATICKETBO.jpg	ATICKETBO.jpg	SPACE	568	SPACE
1447190161646	0	lts_1110L_24_01	24	01	0	181	0	0	0	CR	MAX	26432109.thl.jpg	26432109.thl.jpg	NOKEY	MAX	NOKEY
1447190164738	0	lts_1110L_24_01	24	01	0	182	0	0	0	CR	MAX	spoon-a.jpg	spoon-a.jpg	NOKEY	MAX	NOKEY
1447190167830	0	lts_1110L_24_01	24	01	0	183	0	0	0	CR	MAX	16/Abridge9.jpg	Abridge9.jpg	NOKEY	MAX	NOKEY
1447190170923	0	lts_1110L_24_01	24	01	0	184	0	0	0	CR	MAX	4/Astool76.jpg	Astool76.jpg	NOKEY	MAX	NOKEY
1447190172061	0	lts_1110L_24_01	24	01	0	185	0	0	1	FA	640	1/AEIFFELTO.jpg	AEIFFELTO.jpg	SPACE	687	NOKEY
1447190173264	0	lts_1110L_24_01	24	01	0	186	1	1	1	Hit	726	1-11/AEIFFELTO.jpg	AEIFFELTO.jpg	SPACE	768	SPACE
1447190176357	0	lts_1110L_24_01	24	01	0	187	0	0	0	CR	MAX	Afoodproces27.jpg	Afoodproces27.jpg	NOKEY	MAX	NOKEY
1447190179333	0	lts_1110L_24_01	24	01	0	188	4	1	1	Hit	2492	4-8/Astool76.jpg	Astool76.jpg	SPACE	2540	SPACE
1447190182409	0	lts_1110L_24_01	24	01	0	189	0	0	0	CR	MAX	Aroadsignin15.jpg	Aroadsignin15.jpg	NOKEY	MAX	NOKEY
1447190183412	0	lts_1110L_24_01	24	01	0	190	16	1	1	Hit	529	16-mul/APOGO4.jpg	APOGO4.jpg	SPACE	567	SPACE
1447190186505	0	lts_1110L_24_01	24	01	0	191	0	0	0	CR	MAX	128/B_makeupbag.jpg	B_makeupbag.jpg	NOKEY	MAX	NOKEY
1447190189598	0	lts_1110L_24_01	24	01	0	192	0	0	0	CR	MAX	2/Aleatherpenc9.jpg	Aleatherpenc9.jpg	NOKEY	MAX	NOKEY
1447190192674	0	lts_1110L_24_01	24	01	0	193	0	0	0	CR	MAX	16/Aplasticbott3.jpg	Aplasticbott3.jpg	NOKEY	MAX	NOKEY
1447190193794	0	lts_1110L_24_01	24	01	0	194	2	1	1	Hit	644	2-1/Aleatherpenc9.jpg	Aleatherpenc9.jpg	SPACE	686	SPACE
1447190196886	0	lts_1110L_24_01	24	01	0	195	0	0	0	CR	MAX	8/Asantaclaus2.jpg	Asantaclaus2.jpg	NOKEY	MAX	NOKEY
1447190198258	0	lts_1110L_24_01	24	01	0	196	128	1	1	Hit	897	128-1/Adolphin3.jpg	Adolphin3.jpg	SPACE	936	SPACE
1447190201334	0	lts_1110L_24_01	24	01	0	197	0	0	0	CR	MAX	Atennisball2.jpg	Atennisball2.jpg	NOKEY	MAX	NOKEY
1447190204410	0	lts_1110L_24_01	24	01	0	198	0	0	0	CR	MAX	Alei23.jpg	Alei23.jpg	NOKEY	MAX	NOKEY
1447190205363	0	lts_1110L_24_01	24	01	0	199	16	1	1	Hit	482	16-first/Abridge9.jpg	Abridge9.jpg	SPACE	517	SPACE
1447190208439	0	lts_1110L_24_01	24	01	0	200	0	0	0	CR	MAX	ABULDOZER.jpg	ABULDOZER.jpg	NOKEY	MAX	NOKEY
1447190211531	0	lts_1110L_24_01	24	01	0	201	0	0	0	CR	MAX	Apitchfork4.jpg	Apitchfork4.jpg	NOKEY	MAX	NOKEY
1447190214624	0	lts_1110L_24_01	24	01	0	202	0	0	0	CR	MAX	64/AMAILBOX9.jpg	AMAILBOX9.jpg	NOKEY	MAX	NOKEY
1447190215627	0	lts_1110L_24_01	24	01	0	203	8	1	1	Hit	527	8-1/Asantaclaus2.jpg	Asantaclaus2.jpg	SPACE	568	SPACE
1447190218703	0	lts_1110L_24_01	24	01	0	204	0	0	0	CR	MAX	fortune-cookie.jpg	fortune-cookie.jpg	NOKEY	MAX	NOKEY
1447190221779	0	lts_1110L_24_01	24	01	0	205	0	0	0	CR	MAX	128/Abeverageingl.jpg	Abeverageingl.jpg	NOKEY	MAX	NOKEY
1447190224871	0	lts_1110L_24_01	24	01	0	206	0	0	0	CR	MAX	ASAFE.jpg	ASAFE.jpg	NOKEY	MAX	NOKEY
1447190227947	0	lts_1110L_24_01	24	01	0	207	0	0	0	CR	MAX	AMELODEON.jpg	AMELODEON.jpg	NOKEY	MAX	NOKEY
1447190231041	0	lts_1110L_24_01	24	01	0	208	0	0	0	CR	MAX	bowlingpin.jpg	bowlingpin.jpg	NOKEY	MAX	NOKEY
1447190232161	0	lts_1110L_24_01	24	01	0	209	16	1	1	Hit	650	16-first/Aplasticbott3.jpg	Aplasticbott3.jpg	SPACE	685	SPACE
1447190235254	0	lts_1110L_24_01	24	01	0	210	0	0	0	CR	MAX	ATOASTE22.jpg	ATOASTE22.jpg	NOKEY	MAX	NOKEY
1447190238330	0	lts_1110L_24_01	24	01	0	211	0	0	0	CR	MAX	Anoisma32.jpg	Anoisma32.jpg	NOKEY	MAX	NOKEY
1447190241423	0	lts_1110L_24_01	24	01	0	212	0	0	0	CR	MAX	AWEIGHTS8.jpg	AWEIGHTS8.jpg	NOKEY	MAX	NOKEY
1447190244515	0	lts_1110L_24_01	24	01	0	213	0	0	0	CR	MAX	26374055.thl.jpg	26374055.thl.jpg	NOKEY	MAX	NOKEY
1447190247608	0	lts_1110L_24_01	24	01	0	214	0	0	0	CR	MAX	AFIREPUTE.jpg	AFIREPUTE.jpg	NOKEY	MAX	NOKEY
1447190248628	0	lts_1110L_24_01	24	01	0	215	16	1	1	Hit	535	16-mul/Abridge9.jpg	Abridge9.jpg	SPACE	585	SPACE
1447190251721	0	lts_1110L_24_01	24	01	0	216	0	0	0	CR	MAX	128/Ashoeform2.jpg	Ashoeform2.jpg	NOKEY	MAX	NOKEY
1447190254797	0	lts_1110L_24_01	24	01	0	217	0	0	0	CR	MAX	4/AGOUDA.jpg	AGOUDA.jpg	NOKEY	MAX	NOKEY
1447190257872	0	lts_1110L_24_01	24	01	0	218	0	0	0	CR	MAX	teepee.jpg	teepee.jpg	NOKEY	MAX	NOKEY
1447190260965	0	lts_1110L_24_01	24	01	0	219	0	0	0	CR	MAX	4/22852032.thl.jpg	22852032.thl.jpg	NOKEY	MAX	NOKEY
1447190264042	0	lts_1110L_24_01	24	01	0	220	0	0	0	CR	MAX	Ascarf7.jpg	Ascarf7.jpg	NOKEY	MAX	NOKEY
1447190265062	0	lts_1110L_24_01	24	01	0	221	4	1	1	Hit	548	4-5/AGOUDA.jpg	AGOUDA.jpg	SPACE	585	SPACE
1447190268154	0	lts_1110L_24_01	24	01	0	222	0	0	0	CR	MAX	8/Arooster15.jpg	Arooster15.jpg	NOKEY	MAX	NOKEY
1447190269241	0	lts_1110L_24_01	24	01	0	223	4	1	1	Hit	612	4-6/22852032.thl.jpg	22852032.thl.jpg	SPACE	651	SPACE
1447190272317	0	lts_1110L_24_01	24	01	0	224	0	0	0	CR	MAX	AROCKET20.jpg	AROCKET20.jpg	NOKEY	MAX	NOKEY
1447190273320	0	lts_1110L_24_01	24	01	0	225	16	1	1	Hit	528	16-mul/Aplasticbott3.jpg	Aplasticbott3.jpg	SPACE	567	SPACE
1447190276396	0	lts_1110L_24_01	24	01	0	226	0	0	0	CR	MAX	2/Acatstatue3.jpg	Acatstatue3.jpg	NOKEY	MAX	NOKEY
1447190279489	0	lts_1110L_24_01	24	01	0	227	0	0	0	CR	MAX	8/AMETDETE2.jpg	AMETDETE2.jpg	NOKEY	MAX	NOKEY
1447190280542	0	lts_1110L_24_01	24	01	0	228	2	1	1	Hit	569	2-13/Acatstatue3.jpg	Acatstatue3.jpg	SPACE	619	SPACE
1447190283635	0	lts_1110L_24_01	24	01	0	229	0	0	0	CR	MAX	Acprmask2.jpg	Acprmask2.jpg	NOKEY	MAX	NOKEY
1447190285106	0	lts_1110L_24_01	24	01	0	230	8	1	1	Hit	997	8-first/Arooster15.jpg	Arooster15.jpg	SPACE	1037	SPACE
1447190288199	0	lts_1110L_24_01	24	01	0	231	0	0	0	CR	MAX	APILLS5.jpg	APILLS5.jpg	NOKEY	MAX	NOKEY
1447190291275	0	lts_1110L_24_01	24	01	0	232	0	0	0	CR	MAX	1/AROOSTERP.jpg	AROOSTERP.jpg	NOKEY	MAX	NOKEY
1447190292261	0	lts_1110L_24_01	24	01	0	233	1	1	1	Hit	515	1-12/AROOSTERP.jpg	AROOSTERP.jpg	SPACE	550	SPACE
1447190295337	0	lts_1110L_24_01	24	01	0	234	0	0	0	CR	MAX	26374605.thl.jpg	26374605.thl.jpg	NOKEY	MAX	NOKEY
1447190296491	0	lts_1110L_24_01	24	01	0	235	8	1	1	Hit	677	8-first/AMETDETE2.jpg	AMETDETE2.jpg	SPACE	719	SPACE
1447190299584	0	lts_1110L_24_01	24	01	0	236	0	0	0	CR	MAX	kotsltd.jpg	kotsltd.jpg	NOKEY	MAX	NOKEY
1447190302660	0	lts_1110L_24_01	24	01	0	237	0	0	0	CR	MAX	AMUSISTA2.jpg	AMUSISTA2.jpg	NOKEY	MAX	NOKEY
1447190305736	0	lts_1110L_24_01	24	01	0	238	0	0	0	CR	MAX	26425370.thl.jpg	26425370.thl.jpg	NOKEY	MAX	NOKEY
1447190306972	0	lts_1110L_24_01	24	01	0	239	4	1	1	Hit	768	4-mul/AMETDETE2.jpg	AMETDETE2.jpg	SPACE	803	SPACE
1447190310066	0	lts_1110L_24_01	24	01	0	240	0	0	0	CR	MAX	16/AARTPLANT.jpg	AARTPLANT.jpg	NOKEY	MAX	NOKEY
1447190313142	0	lts_1110L_24_01	24	01	0	241	0	0	0	CR	MAX	26421357.thl.jpg	26421357.thl.jpg	NOKEY	MAX	NOKEY
1447190316235	0	lts_1110L_24_01	24	01	0	242	0	0	0	CR	MAX	26457349.thl.jpg	26457349.thl.jpg	NOKEY	MAX	NOKEY
1447190317539	0	lts_1110L_24_01	24	01	0	243	128	1	1	Hit	834	128-6/ADIRECSI3.jpg	ADIRECSI3.jpg	SPACE	870	SPACE
1447190320615	0	lts_1110L_24_01	24	01	0	244	0	0	0	CR	MAX	32/22925624.thl.jpg	22925624.thl.jpg	NOKEY	MAX	NOKEY
1447190323691	0	lts_1110L_24_01	24	01	0	245	0	0	0	CR	MAX	Acable14.jpg	Acable14.jpg	NOKEY	MAX	NOKEY
1447190324694	0	lts_1110L_24_01	24	01	0	246	16	1	1	Hit	533	16-mul/Arooster15.jpg	Arooster15.jpg	SPACE	569	SPACE
1447190327770	0	lts_1110L_24_01	24	01	0	247	0	0	0	CR	MAX	Aappleonsca14.jpg	Aappleonsca14.jpg	NOKEY	MAX	NOKEY
1447190330862	0	lts_1110L_24_01	24	01	0	248	0	0	0	CR	MAX	2/Apurse83.jpg	Apurse83.jpg	NOKEY	MAX	NOKEY
1447190332250	0	lts_1110L_24_01	24	01	0	249	0	0	1	FA	887	ACHEESEGR.jpg	ACHEESEGR.jpg	SPACE	936	NOKEY
1447190333871	0	lts_1110L_24_01	24	01	0	250	2	1	1	Hit	1149	2-9/Apurse83.jpg	Apurse83.jpg	SPACE	1187	SPACE
1447190336964	0	lts_1110L_24_01	24	01	0	251	0	0	0	CR	MAX	64/ATRIUMPH3.jpg	ATRIUMPH3.jpg	NOKEY	MAX	NOKEY
1447190340041	0	lts_1110L_24_01	24	01	0	252	0	0	0	CR	MAX	A_coin.jpg	A_coin.jpg	NOKEY	MAX	NOKEY
1447190343117	0	lts_1110L_24_01	24	01	0	253	0	0	0	CR	MAX	26427609.thl.jpg	26427609.thl.jpg	NOKEY	MAX	NOKEY
1447190344287	0	lts_1110L_24_01	24	01	0	254	0	0	1	FA	685	26420979.thl.jpg	26420979.thl.jpg	SPACE	735	NOKEY
1447190347380	0	lts_1110L_24_01	24	01	0	255	0	0	0	CR	MAX	AGAME.jpg	AGAME.jpg	NOKEY	MAX	NOKEY
1447190348617	0	lts_1110L_24_01	24	01	0	256	16	1	1	Hit	761	16-first/AARTPLANT.jpg	AARTPLANT.jpg	SPACE	803	SPACE
1447190351726	0	lts_1110L_24_01	24	01	0	257	0	0	0	CR	MAX	ANUTS2.jpg	ANUTS2.jpg	NOKEY	MAX	NOKEY
1447190352780	0	lts_1110L_24_01	24	01	0	258	2	1	1	Hit	580	2-mul/AARTPLANT.jpg	AARTPLANT.jpg	SPACE	618	SPACE
1447190355855	0	lts_1110L_24_01	24	01	0	259	0	0	0	CR	MAX	4/ATURKEY11.jpg	ATURKEY11.jpg	NOKEY	MAX	NOKEY
1447190358947	0	lts_1110L_24_01	24	01	0	260	0	0	0	CR	MAX	Abucketwithcl.jpg	Abucketwithcl.jpg	NOKEY	MAX	NOKEY
1447190362041	0	lts_1110L_24_01	24	01	0	261	0	0	0	CR	MAX	26424087.thl.jpg	26424087.thl.jpg	NOKEY	MAX	NOKEY
1447190363379	0	lts_1110L_24_01	24	01	0	262	0	0	1	FA	849	Athermos7.jpg	Athermos7.jpg	SPACE	886	NOKEY
1447190364582	0	lts_1110L_24_01	24	01	0	263	4	1	1	Hit	720	4-0/ATURKEY11.jpg	ATURKEY11.jpg	SPACE	769	SPACE
1447190367659	0	lts_1110L_24_01	24	01	0	264	0	0	0	CR	MAX	Afoodgrinder2.jpg	Afoodgrinder2.jpg	NOKEY	MAX	NOKEY
1447190370751	0	lts_1110L_24_01	24	01	0	265	0	0	0	CR	MAX	Alock34.jpg	Alock34.jpg	NOKEY	MAX	NOKEY
1447190371837	0	lts_1110L_24_01	24	01	0	266	64	1	1	Hit	603	64-first/AMAILBOX9.jpg	AMAILBOX9.jpg	SPACE	652	SPACE
1447190374930	0	lts_1110L_24_01	24	01	0	267	0	0	0	CR	MAX	4/clothpiece.jpg	clothpiece.jpg	NOKEY	MAX	NOKEY
1447190376001	0	lts_1110L_24_01	24	01	0	268	2	1	1	Hit	589	2-mul/AMAILBOX9.jpg	AMAILBOX9.jpg	SPACE	636	SPACE
1447190379093	0	lts_1110L_24_01	24	01	0	269	0	0	0	CR	MAX	AHOSPCAR3.jpg	AHOSPCAR3.jpg	NOKEY	MAX	NOKEY
1447190382169	0	lts_1110L_24_01	24	01	0	270	0	0	0	CR	MAX	26439074.thl.jpg	26439074.thl.jpg	NOKEY	MAX	NOKEY
1447190383206	0	lts_1110L_24_01	24	01	0	271	4	1	1	Hit	563	4-3/clothpiece.jpg	clothpiece.jpg	SPACE	602	SPACE
1447190384527	0	lts_1110L_24_01	24	01	0	272	0	0	1	FA	849	Abonnet12.jpg	Abonnet12.jpg	SPACE	886	NOKEY
1447190387603	0	lts_1110L_24_01	24	01	0	273	0	0	0	CR	MAX	26437068.thl.jpg	26437068.thl.jpg	NOKEY	MAX	NOKEY
1447190390679	0	lts_1110L_24_01	24	01	0	274	0	0	0	CR	MAX	16/AHEADLIG9.jpg	AHEADLIG9.jpg	NOKEY	MAX	NOKEY
1447190393755	0	lts_1110L_24_01	24	01	0	275	0	0	0	CR	MAX	8/AHEARTSPO.jpg	AHEARTSPO.jpg	NOKEY	MAX	NOKEY
1447190394874	0	lts_1110L_24_01	24	01	0	276	32	1	1	Hit	635	32-6/22925624.thl.jpg	22925624.thl.jpg	SPACE	686	SPACE
1447190397967	0	lts_1110L_24_01	24	01	0	277	0	0	0	CR	MAX	Abellcookiec3.jpg	Abellcookiec3.jpg	NOKEY	MAX	NOKEY
1447190401061	0	lts_1110L_24_01	24	01	0	278	0	0	0	CR	MAX	Aseeder2.jpg	Aseeder2.jpg	NOKEY	MAX	NOKEY
1447190404137	0	lts_1110L_24_01	24	01	0	279	0	0	0	CR	MAX	strawberrytart.jpg	strawberrytart.jpg	NOKEY	MAX	NOKEY
1447190405190	0	lts_1110L_24_01	24	01	0	280	128	1	1	Hit	581	128-0/APALLETT2.jpg	APALLETT2.jpg	SPACE	619	SPACE
1447190408282	0	lts_1110L_24_01	24	01	0	281	0	0	0	CR	MAX	Acameo.jpg	Acameo.jpg	NOKEY	MAX	NOKEY
1447190411359	0	lts_1110L_24_01	24	01	0	282	0	0	0	CR	MAX	16/Aaircompress6.jpg	Aaircompress6.jpg	NOKEY	MAX	NOKEY
1447190412378	0	lts_1110L_24_01	24	01	0	283	8	1	1	Hit	549	8-first/AHEARTSPO.jpg	AHEARTSPO.jpg	SPACE	584	SPACE
1447190415471	0	lts_1110L_24_01	24	01	0	284	0	0	0	CR	MAX	1/Apowerbar7.jpg	Apowerbar7.jpg	NOKEY	MAX	NOKEY
1447190416491	0	lts_1110L_24_01	24	01	0	285	1	1	1	Hit	540	1-7/Apowerbar7.jpg	Apowerbar7.jpg	SPACE	585	SPACE
1447190419567	0	lts_1110L_24_01	24	01	0	286	0	0	0	CR	MAX	AADZUKIB2.jpg	AADZUKIB2.jpg	NOKEY	MAX	NOKEY
1447190420670	0	lts_1110L_24_01	24	01	0	287	4	1	1	Hit	628	4-mul/AHEARTSPO.jpg	AHEARTSPO.jpg	SPACE	668	SPACE
1447190423763	0	lts_1110L_24_01	24	01	0	288	0	0	0	CR	MAX	26375953.thl.jpg	26375953.thl.jpg	NOKEY	MAX	NOKEY
1447190426838	0	lts_1110L_24_01	24	01	0	289	0	0	0	CR	MAX	ABIRDHOU9.jpg	ABIRDHOU9.jpg	NOKEY	MAX	NOKEY
1447190428093	0	lts_1110L_24_01	24	01	0	290	16	1	1	Hit	778	16-0/AHEADLIG9.jpg	AHEADLIG9.jpg	SPACE	820	SPACE
1447190431169	0	lts_1110L_24_01	24	01	0	291	0	0	0	CR	MAX	26383637.thl.jpg	26383637.thl.jpg	NOKEY	MAX	NOKEY
1447190434245	0	lts_1110L_24_01	24	01	0	292	0	0	0	CR	MAX	8/pretzel.jpg	pretzel.jpg	NOKEY	MAX	NOKEY
1447190437321	0	lts_1110L_24_01	24	01	0	293	0	0	0	CR	MAX	Atool129.jpg	Atool129.jpg	NOKEY	MAX	NOKEY
1447190440397	0	lts_1110L_24_01	24	01	0	294	0	0	0	CR	MAX	26374798.thl.jpg	26374798.thl.jpg	NOKEY	MAX	NOKEY
1447190443473	0	lts_1110L_24_01	24	01	0	295	0	0	0	CR	MAX	chocolatbox.jpg	chocolatbox.jpg	NOKEY	MAX	NOKEY
1447190446549	0	lts_1110L_24_01	24	01	0	296	0	0	0	CR	MAX	Abicyclepump2.jpg	Abicyclepump2.jpg	NOKEY	MAX	NOKEY
1447190449626	0	lts_1110L_24_01	24	01	0	297	0	0	0	CR	MAX	D_exercisebike.jpg	D_exercisebike.jpg	NOKEY	MAX	NOKEY
1447190452702	0	lts_1110L_24_01	24	01	0	298	16	1	0	Miss	MAX	16-1/Aaircompress6.jpg	Aaircompress6.jpg	NOKEY	MAX	SPACE
1447190455794	0	lts_1110L_24_01	24	01	0	299	0	0	0	CR	MAX	hurdle.jpg	hurdle.jpg	NOKEY	MAX	NOKEY
1447190456781	0	lts_1110L_24_01	24	01	0	300	8	1	1	Hit	508	8-first/pretzel.jpg	pretzel.jpg	SPACE	552	SPACE
1447190459856	0	lts_1110L_24_01	24	01	0	301	0	0	0	CR	MAX	confettipopper.jpg	confettipopper.jpg	NOKEY	MAX	NOKEY
1447190460825	0	lts_1110L_24_01	24	01	0	302	2	1	1	Hit	495	2-mul/pretzel.jpg	pretzel.jpg	SPACE	536	SPACE
1447190463902	0	lts_1110L_24_01	24	01	0	303	0	0	0	CR	MAX	Ashelf27.jpg	Ashelf27.jpg	NOKEY	MAX	NOKEY
1447190466978	0	lts_1110L_24_01	24	01	0	304	0	0	0	CR	MAX	2/Apocketknifew.jpg	Apocketknifew.jpg	NOKEY	MAX	NOKEY
1447190470055	0	lts_1110L_24_01	24	01	0	305	0	0	0	CR	MAX	kimono.jpg	kimono.jpg	NOKEY	MAX	NOKEY
1447190471108	0	lts_1110L_24_01	24	01	0	306	2	1	1	Hit	583	2-11/Apocketknifew.jpg	Apocketknifew.jpg	SPACE	619	SPACE
1447190474184	0	lts_1110L_24_01	24	01	0	307	0	0	0	CR	MAX	32/AOLDBAT2.jpg	AOLDBAT2.jpg	NOKEY	MAX	NOKEY
1447190477260	0	lts_1110L_24_01	24	01	0	308	0	0	0	CR	MAX	AFLOURSCO.jpg	AFLOURSCO.jpg	NOKEY	MAX	NOKEY
1447190480336	0	lts_1110L_24_01	24	01	0	309	0	0	0	CR	MAX	4/A100FRAN3.jpg	A100FRAN3.jpg	NOKEY	MAX	NOKEY
1447190483412	0	lts_1110L_24_01	24	01	0	310	0	0	0	CR	MAX	Asewingpin.jpg	Asewingpin.jpg	NOKEY	MAX	NOKEY
1447190486505	0	lts_1110L_24_01	24	01	0	311	0	0	0	CR	MAX	Aboxofnotepa4.jpg	Aboxofnotepa4.jpg	NOKEY	MAX	NOKEY
1447190489581	0	lts_1110L_24_01	24	01	0	312	0	0	0	CR	MAX	Aantiquepock3.jpg	Aantiquepock3.jpg	NOKEY	MAX	NOKEY
1447190490701	0	lts_1110L_24_01	24	01	0	313	4	1	1	Hit	650	4-7/A100FRAN3.jpg	A100FRAN3.jpg	SPACE	686	SPACE
1447190493794	0	lts_1110L_24_01	24	01	0	314	0	0	0	CR	MAX	ACUTLERYB.jpg	ACUTLERYB.jpg	NOKEY	MAX	NOKEY
1447190495081	0	lts_1110L_24_01	24	01	0	315	64	1	1	Hit	816	64-first/ATRIUMPH3.jpg	ATRIUMPH3.jpg	SPACE	853	SPACE
1447190498157	0	lts_1110L_24_01	24	01	0	316	0	0	0	CR	MAX	AWINEJUG3.jpg	AWINEJUG3.jpg	NOKEY	MAX	NOKEY
1447190501233	0	lts_1110L_24_01	24	01	0	317	0	0	0	CR	MAX	64/26554880.thl.jpg	26554880.thl.jpg	NOKEY	MAX	NOKEY
1447190504309	0	lts_1110L_24_01	24	01	0	318	0	0	0	CR	MAX	26440261.thl.jpg	26440261.thl.jpg	NOKEY	MAX	NOKEY
1447190505630	0	lts_1110L_24_01	24	01	0	319	128	1	1	Hit	841	128-2/B_makeupbag.jpg	B_makeupbag.jpg	SPACE	886	SPACE
1447190508723	0	lts_1110L_24_01	24	01	0	320	0	0	0	CR	MAX	Atoyswing.jpg	Atoyswing.jpg	NOKEY	MAX	NOKEY
1447190511799	0	lts_1110L_24_01	24	01	0	321	0	0	0	CR	MAX	4/ACAMPFIRE.jpg	ACAMPFIRE.jpg	NOKEY	MAX	NOKEY
1447190514874	0	lts_1110L_24_01	24	01	0	322	0	0	0	CR	MAX	32/ATRICKTR2.jpg	ATRICKTR2.jpg	NOKEY	MAX	NOKEY
1447190517967	0	lts_1110L_24_01	24	01	0	323	0	0	0	CR	MAX	batteries-a.jpg	batteries-a.jpg	NOKEY	MAX	NOKEY
1447190521044	0	lts_1110L_24_01	24	01	0	324	0	0	0	CR	MAX	26420893.thl.jpg	26420893.thl.jpg	NOKEY	MAX	NOKEY
1447190522281	0	lts_1110L_24_01	24	01	0	325	4	1	1	Hit	755	4-9/ACAMPFIRE.jpg	ACAMPFIRE.jpg	SPACE	802	SPACE
1447190525357	0	lts_1110L_24_01	24	01	0	326	0	0	0	CR	MAX	ADUNEBUGG.jpg	ADUNEBUGG.jpg	NOKEY	MAX	NOKEY
1447190528450	0	lts_1110L_24_01	24	01	0	327	0	0	0	CR	MAX	8/ACOMPACT.jpg	ACOMPACT.jpg	NOKEY	MAX	NOKEY
1447190531526	0	lts_1110L_24_01	24	01	0	328	0	0	0	CR	MAX	Ajuicer9.jpg	Ajuicer9.jpg	NOKEY	MAX	NOKEY
1447190534619	0	lts_1110L_24_01	24	01	0	329	0	0	0	CR	MAX	ALARGECA2.jpg	ALARGECA2.jpg	NOKEY	MAX	NOKEY
1447190537695	0	lts_1110L_24_01	24	01	0	330	0	0	0	CR	MAX	ACHEMSET3.jpg	ACHEMSET3.jpg	NOKEY	MAX	NOKEY
1447190538748	0	lts_1110L_24_01	24	01	0	331	16	1	1	Hit	577	16-mul/ATRIUMPH3.jpg	ATRIUMPH3.jpg	SPACE	619	SPACE
1447190541823	0	lts_1110L_24_01	24	01	0	332	0	0	0	CR	MAX	8024597.thl.jpg	8024597.thl.jpg	NOKEY	MAX	NOKEY
1447190543044	0	lts_1110L_24_01	24	01	0	333	128	1	1	Hit	740	128-4/Abeverageingl.jpg	Abeverageingl.jpg	SPACE	787	SPACE
1447190546137	0	lts_1110L_24_01	24	01	0	334	0	0	0	CR	MAX	ANUTCRA10.jpg	ANUTCRA10.jpg	NOKEY	MAX	NOKEY
1447190547391	0	lts_1110L_24_01	24	01	0	335	8	1	1	Hit	774	8-first/ACOMPACT.jpg	ACOMPACT.jpg	SPACE	818	SPACE
1447190550484	0	lts_1110L_24_01	24	01	0	336	0	0	0	CR	MAX	ACAMPSTOO.jpg	ACAMPSTOO.jpg	NOKEY	MAX	NOKEY
1447190551654	0	lts_1110L_24_01	24	01	0	337	2	1	1	Hit	693	2-mul/ACOMPACT.jpg	ACOMPACT.jpg	SPACE	736	SPACE
1447190554747	0	lts_1110L_24_01	24	01	0	338	0	0	0	CR	MAX	APUTTER.jpg	APUTTER.jpg	NOKEY	MAX	NOKEY
1447190557822	0	lts_1110L_24_01	24	01	0	339	32	1	0	Miss	MAX	32-8/AOLDBAT2.jpg	AOLDBAT2.jpg	NOKEY	MAX	SPACE
1447190560898	0	lts_1110L_24_01	24	01	0	340	0	0	0	CR	MAX	Aeggsandwich6.jpg	Aeggsandwich6.jpg	NOKEY	MAX	NOKEY
1447190563974	0	lts_1110L_24_01	24	01	0	341	0	0	0	CR	MAX	Aalligator4.jpg	Aalligator4.jpg	NOKEY	MAX	NOKEY
1447190565212	0	lts_1110L_24_01	24	01	0	342	0	0	1	FA	741	Abluebabybug4.jpg	Abluebabybug4.jpg	SPACE	786	NOKEY
1447190568305	0	lts_1110L_24_01	24	01	0	343	0	0	0	CR	MAX	26369944.thl.jpg	26369944.thl.jpg	NOKEY	MAX	NOKEY
1447190569358	0	lts_1110L_24_01	24	01	0	344	128	1	1	Hit	577	128-7/Ashoeform2.jpg	Ashoeform2.jpg	SPACE	618	SPACE
1447190572451	0	lts_1110L_24_01	24	01	0	345	0	0	0	CR	MAX	Abicyclebrak4.jpg	Abicyclebrak4.jpg	NOKEY	MAX	NOKEY
1447190575527	0	lts_1110L_24_01	24	01	0	346	0	0	0	CR	MAX	Acardboardpan.jpg	Acardboardpan.jpg	NOKEY	MAX	NOKEY
1447190578620	0	lts_1110L_24_01	24	01	0	347	0	0	0	CR	MAX	64/ADENTOOL.jpg	ADENTOOL.jpg	NOKEY	MAX	NOKEY
1447190581696	0	lts_1110L_24_01	24	01	0	348	0	0	0	CR	MAX	2/ABOOK23.jpg	ABOOK23.jpg	NOKEY	MAX	NOKEY
1447190584789	0	lts_1110L_24_01	24	01	0	349	0	0	0	CR	MAX	8/AFERRY5.jpg	AFERRY5.jpg	NOKEY	MAX	NOKEY
1447190585874	0	lts_1110L_24_01	24	01	0	350	2	1	1	Hit	618	2-0/ABOOK23.jpg	ABOOK23.jpg	SPACE	652	SPACE
1447190588950	0	lts_1110L_24_01	24	01	0	351	0	0	0	CR	MAX	ADRILL3.jpg	ADRILL3.jpg	NOKEY	MAX	NOKEY
1447190592044	0	lts_1110L_24_01	24	01	0	352	0	0	0	CR	MAX	Abicyclegear2.jpg	Abicyclegear2.jpg	NOKEY	MAX	NOKEY
1447190595137	0	lts_1110L_24_01	24	01	0	353	0	0	0	CR	MAX	Acoffeebeans2.jpg	Acoffeebeans2.jpg	NOKEY	MAX	NOKEY
1447190596173	0	lts_1110L_24_01	24	01	0	354	32	1	1	Hit	565	32-0/ATRICKTR2.jpg	ATRICKTR2.jpg	SPACE	602	SPACE
1447190599249	0	lts_1110L_24_01	24	01	0	355	0	0	0	CR	MAX	26423477.thl.jpg	26423477.thl.jpg	NOKEY	MAX	NOKEY
1447190602325	0	lts_1110L_24_01	24	01	0	356	0	0	0	CR	MAX	Apaintroller2.jpg	Apaintroller2.jpg	NOKEY	MAX	NOKEY
1447190603345	0	lts_1110L_24_01	24	01	0	357	8	1	1	Hit	541	8-first/AFERRY5.jpg	AFERRY5.jpg	SPACE	584	SPACE
1447190606438	0	lts_1110L_24_01	24	01	0	358	0	0	0	CR	MAX	ATAPEDIS7.jpg	ATAPEDIS7.jpg	NOKEY	MAX	NOKEY
1447190609514	0	lts_1110L_24_01	24	01	0	359	0	0	0	CR	MAX	AJUICER.jpg	AJUICER.jpg	NOKEY	MAX	NOKEY
1447190612607	0	lts_1110L_24_01	24	01	0	360	0	0	0	CR	MAX	ACHEESESL.jpg	ACHEESESL.jpg	NOKEY	MAX	NOKEY
1447190613777	0	lts_1110L_24_01	24	01	0	361	4	1	1	Hit	694	4-mul/AFERRY5.jpg	AFERRY5.jpg	SPACE	736	SPACE
1447190616852	0	lts_1110L_24_01	24	01	0	362	0	0	0	CR	MAX	ALIGHTHO5.jpg	ALIGHTHO5.jpg	NOKEY	MAX	NOKEY
1447190619928	0	lts_1110L_24_01	24	01	0	363	0	0	0	CR	MAX	26434250.thl.jpg	26434250.thl.jpg	NOKEY	MAX	NOKEY
1447190623005	0	lts_1110L_24_01	24	01	0	364	0	0	0	CR	MAX	26377777.thl.jpg	26377777.thl.jpg	NOKEY	MAX	NOKEY
1447190626081	0	lts_1110L_24_01	24	01	0	365	0	0	0	CR	MAX	64/APIPE8.jpg	APIPE8.jpg	NOKEY	MAX	NOKEY
1447190629174	0	lts_1110L_24_01	24	01	0	366	0	0	0	CR	MAX	8/ACAROSLI2.jpg	ACAROSLI2.jpg	NOKEY	MAX	NOKEY
1447190632250	0	lts_1110L_24_01	24	01	0	367	0	0	0	CR	MAX	2/ABROKUMBR.jpg	ABROKUMBR.jpg	NOKEY	MAX	NOKEY
1447190635326	0	lts_1110L_24_01	24	01	0	368	0	0	0	CR	MAX	Anotepad9.jpg	Anotepad9.jpg	NOKEY	MAX	NOKEY
1447190636630	0	lts_1110L_24_01	24	01	0	369	2	1	1	Hit	820	2-5/ABROKUMBR.jpg	ABROKUMBR.jpg	SPACE	869	SPACE
1447190639723	0	lts_1110L_24_01	24	01	0	370	0	0	0	CR	MAX	ASHEEP4.jpg	ASHEEP4.jpg	NOKEY	MAX	NOKEY
1447190642816	0	lts_1110L_24_01	24	01	0	371	0	0	0	CR	MAX	26424784.thl.jpg	26424784.thl.jpg	NOKEY	MAX	NOKEY
1447190645908	0	lts_1110L_24_01	24	01	0	372	0	0	0	CR	MAX	4/Axmastre5.jpg	Axmastre5.jpg	NOKEY	MAX	NOKEY
1447190648984	0	lts_1110L_24_01	24	01	0	373	0	0	0	CR	MAX	ATIMECLO3.jpg	ATIMECLO3.jpg	NOKEY	MAX	NOKEY
1447190650121	0	lts_1110L_24_01	24	01	0	374	8	1	1	Hit	651	8-first/ACAROSLI2.jpg	ACAROSLI2.jpg	SPACE	702	SPACE
1447190653214	0	lts_1110L_24_01	24	01	0	375	0	0	0	CR	MAX	Afruitcake.jpg	Afruitcake.jpg	NOKEY	MAX	NOKEY
1447190656290	0	lts_1110L_24_01	24	01	0	376	4	1	0	Miss	MAX	4-12/Axmastre5.jpg	Axmastre5.jpg	NOKEY	MAX	SPACE
1447190659366	0	lts_1110L_24_01	24	01	0	377	0	0	0	CR	MAX	1/bagelslicer.jpg	bagelslicer.jpg	NOKEY	MAX	NOKEY
1447190660520	0	lts_1110L_24_01	24	01	0	378	1	1	1	Hit	681	1-0/bagelslicer.jpg	bagelslicer.jpg	SPACE	719	SPACE
1447190663596	0	lts_1110L_24_01	24	01	0	379	0	0	0	CR	MAX	juicebox.jpg	juicebox.jpg	NOKEY	MAX	NOKEY
1447190666672	0	lts_1110L_24_01	24	01	0	380	0	0	0	CR	MAX	ABLACKB14.jpg	ABLACKB14.jpg	NOKEY	MAX	NOKEY
1447190667892	0	lts_1110L_24_01	24	01	0	381	64	1	1	Hit	752	64-first/26554880.thl.jpg	26554880.thl.jpg	SPACE	785	SPACE
1447190670968	0	lts_1110L_24_01	24	01	0	382	0	0	0	CR	MAX	26379570.thl.jpg	26379570.thl.jpg	NOKEY	MAX	NOKEY
1447190672139	0	lts_1110L_24_01	24	01	0	383	2	1	1	Hit	695	2-mul/26554880.thl.jpg	26554880.thl.jpg	SPACE	737	SPACE
1447190675215	0	lts_1110L_24_01	24	01	0	384	0	0	0	CR	MAX	2/Amistingwate3.jpg	Amistingwate3.jpg	NOKEY	MAX	NOKEY
1447190678308	0	lts_1110L_24_01	24	01	0	385	0	0	0	CR	MAX	APAINTJ11.jpg	APAINTJ11.jpg	NOKEY	MAX	NOKEY
1447190679361	0	lts_1110L_24_01	24	01	0	386	2	1	1	Hit	577	2-8/Amistingwate3.jpg	Amistingwate3.jpg	SPACE	618	SPACE
1447190682454	0	lts_1110L_24_01	24	01	0	387	0	0	0	CR	MAX	Acontrolpane2.jpg	Acontrolpane2.jpg	NOKEY	MAX	NOKEY
1447190685546	0	lts_1110L_24_01	24	01	0	388	0	0	0	CR	MAX	brownie.jpg	brownie.jpg	NOKEY	MAX	NOKEY
1447190688639	0	lts_1110L_24_01	24	01	0	389	0	0	0	CR	MAX	Atoy21.jpg	Atoy21.jpg	NOKEY	MAX	NOKEY
1447190689659	0	lts_1110L_24_01	24	01	0	390	16	1	1	Hit	545	16-mul/ACAROSLI2.jpg	ACAROSLI2.jpg	SPACE	585	SPACE
1447190692752	0	lts_1110L_24_01	24	01	0	391	0	0	0	CR	MAX	Acandle120.jpg	Acandle120.jpg	NOKEY	MAX	NOKEY
1447190695827	0	lts_1110L_24_01	24	01	0	392	0	0	0	CR	MAX	ABLUCAND5.jpg	ABLUCAND5.jpg	NOKEY	MAX	NOKEY
1447190698903	0	lts_1110L_24_01	24	01	0	393	0	0	0	CR	MAX	26423465.thl.jpg	26423465.thl.jpg	NOKEY	MAX	NOKEY
1447190701996	0	lts_1110L_24_01	24	01	0	394	0	0	0	CR	MAX	AWALNUT3.jpg	AWALNUT3.jpg	NOKEY	MAX	NOKEY
1447190705073	0	lts_1110L_24_01	24	01	0	395	0	0	0	CR	MAX	26375899.thl.jpg	26375899.thl.jpg	NOKEY	MAX	NOKEY
1447190708166	0	lts_1110L_24_01	24	01	0	396	0	0	0	CR	MAX	26441750.thl.jpg	26441750.thl.jpg	NOKEY	MAX	NOKEY
1447190711258	0	lts_1110L_24_01	24	01	0	397	0	0	0	CR	MAX	26375896.thl.jpg	26375896.thl.jpg	NOKEY	MAX	NOKEY
1447190714334	0	lts_1110L_24_01	24	01	0	398	0	0	0	CR	MAX	APANTRAC2.jpg	APANTRAC2.jpg	NOKEY	MAX	NOKEY
1447190717427	0	lts_1110L_24_01	24	01	0	399	0	0	0	CR	MAX	Asandgarden.jpg	Asandgarden.jpg	NOKEY	MAX	NOKEY
1447190720503	0	lts_1110L_24_01	24	01	0	400	0	0	0	CR	MAX	Apokerchips3.jpg	Apokerchips3.jpg	NOKEY	MAX	NOKEY
1447190723596	0	lts_1110L_24_01	24	01	0	401	0	0	0	CR	MAX	22923524.thl.jpg	22923524.thl.jpg	NOKEY	MAX	NOKEY
1447190726672	0	lts_1110L_24_01	24	01	0	402	0	0	0	CR	MAX	2/AGOOSNEC2.jpg	AGOOSNEC2.jpg	NOKEY	MAX	NOKEY
1447190729765	0	lts_1110L_24_01	24	01	0	403	0	0	0	CR	MAX	footballhelmet.jpg	footballhelmet.jpg	NOKEY	MAX	NOKEY
1447190730801	0	lts_1110L_24_01	24	01	0	404	2	1	1	Hit	563	2-3/AGOOSNEC2.jpg	AGOOSNEC2.jpg	SPACE	602	SPACE
1447190733876	0	lts_1110L_24_01	24	01	0	405	0	0	0	CR	MAX	16/APICKLES6.jpg	APICKLES6.jpg	NOKEY	MAX	NOKEY
1447190736953	0	lts_1110L_24_01	24	01	0	406	0	0	0	CR	MAX	26451168.thl.jpg	26451168.thl.jpg	NOKEY	MAX	NOKEY
1447190740030	0	lts_1110L_24_01	24	01	0	407	0	0	0	CR	MAX	football.JPG	football.JPG	NOKEY	MAX	NOKEY
1447190743106	0	lts_1110L_24_01	24	01	0	408	0	0	0	CR	MAX	1/AAFRICI13.jpg	AAFRICI13.jpg	NOKEY	MAX	NOKEY
1447190744125	0	lts_1110L_24_01	24	01	0	409	1	1	1	Hit	548	1-10/AAFRICI13.jpg	AAFRICI13.jpg	SPACE	585	SPACE
1447190747201	0	lts_1110L_24_01	24	01	0	410	0	0	0	CR	MAX	Atoyturtle.jpg	Atoyturtle.jpg	NOKEY	MAX	NOKEY
1447190748522	0	lts_1110L_24_01	24	01	0	411	64	1	1	Hit	839	64-first/ADENTOOL.jpg	ADENTOOL.jpg	SPACE	886	SPACE
1447190749842	0	lts_1110L_24_01	24	01	0	412	0	0	1	FA	851	8018499.thl.jpg	8018499.thl.jpg	SPACE	886	NOKEY
1447190752918	0	lts_1110L_24_01	24	01	0	413	0	0	0	CR	MAX	Abottleopener.jpg	Abottleopener.jpg	NOKEY	MAX	NOKEY
1447190756012	0	lts_1110L_24_01	24	01	0	414	0	0	0	CR	MAX	1/Akiwifruit6.jpg	Akiwifruit6.jpg	NOKEY	MAX	NOKEY
1447190757032	0	lts_1110L_24_01	24	01	0	415	1	1	1	Hit	550	1-2/Akiwifruit6.jpg	Akiwifruit6.jpg	SPACE	585	SPACE
1447190760124	0	lts_1110L_24_01	24	01	0	416	0	0	0	CR	MAX	ATOQUE4.jpg	ATOQUE4.jpg	NOKEY	MAX	NOKEY
1447190763200	0	lts_1110L_24_01	24	01	0	417	0	0	0	CR	MAX	26387568.thl.jpg	26387568.thl.jpg	NOKEY	MAX	NOKEY
1447190766276	0	lts_1110L_24_01	24	01	0	418	0	0	0	CR	MAX	ADRUM.jpg	ADRUM.jpg	NOKEY	MAX	NOKEY
1447190769369	0	lts_1110L_24_01	24	01	0	419	0	0	0	CR	MAX	Apump4.jpg	Apump4.jpg	NOKEY	MAX	NOKEY
1447190772445	0	lts_1110L_24_01	24	01	0	420	0	0	0	CR	MAX	ADRYRACK2.jpg	ADRYRACK2.jpg	NOKEY	MAX	NOKEY
1447190773532	0	lts_1110L_24_01	24	01	0	421	16	1	1	Hit	615	16-first/APICKLES6.jpg	APICKLES6.jpg	SPACE	652	SPACE
1447190776625	0	lts_1110L_24_01	24	01	0	422	0	0	0	CR	MAX	1/ACONSTHA2.jpg	ACONSTHA2.jpg	NOKEY	MAX	NOKEY
1447190777594	0	lts_1110L_24_01	24	01	0	423	1	1	1	Hit	498	1-13/ACONSTHA2.jpg	ACONSTHA2.jpg	SPACE	535	SPACE
1447190780687	0	lts_1110L_24_01	24	01	0	424	0	0	0	CR	MAX	Abeesonahoney.jpg	Abeesonahoney.jpg	NOKEY	MAX	NOKEY
1447190783763	0	lts_1110L_24_01	24	01	0	425	0	0	0	CR	MAX	D_stove.jpg	D_stove.jpg	NOKEY	MAX	NOKEY
1447190786838	0	lts_1110L_24_01	24	01	0	426	0	0	0	CR	MAX	26455774.thl.jpg	26455774.thl.jpg	NOKEY	MAX	NOKEY
1447190787909	0	lts_1110L_24_01	24	01	0	427	16	1	1	Hit	598	16-mul/ADENTOOL.jpg	ADENTOOL.jpg	SPACE	636	SPACE
1447190790984	0	lts_1110L_24_01	24	01	0	428	0	0	0	CR	MAX	8022057.thl.jpg	8022057.thl.jpg	NOKEY	MAX	NOKEY
1447190792005	0	lts_1110L_24_01	24	01	0	429	64	1	1	Hit	549	64-first/APIPE8.jpg	APIPE8.jpg	SPACE	585	SPACE
1447190795098	0	lts_1110L_24_01	24	01	0	430	0	0	0	CR	MAX	1/retainertheeth.jpg	retainertheeth.jpg	NOKEY	MAX	NOKEY
1447190796118	0	lts_1110L_24_01	24	01	0	431	1	1	1	Hit	546	1-3/retainertheeth.jpg	retainertheeth.jpg	SPACE	585	SPACE
1447190799210	0	lts_1110L_24_01	24	01	0	432	0	0	0	CR	MAX	Awatch53.jpg	Awatch53.jpg	NOKEY	MAX	NOKEY
1447190800163	0	lts_1110L_24_01	24	01	0	433	4	1	1	Hit	480	4-mul/APIPE8.jpg	APIPE8.jpg	SPACE	518	SPACE
1447190803289	0	lts_1110L_24_01	24	01	0	434	0	0	0	CR	MAX	Acementfinish.jpg	Acementfinish.jpg	NOKEY	MAX	NOKEY
1447190806382	0	lts_1110L_24_01	24	01	0	435	0	0	0	CR	MAX	8/26431734.thl.jpg	26431734.thl.jpg	NOKEY	MAX	NOKEY
1447190809475	0	lts_1110L_24_01	24	01	0	436	0	0	0	CR	MAX	4/AWASHCLOT.jpg	AWASHCLOT.jpg	NOKEY	MAX	NOKEY
1447190810411	0	lts_1110L_24_01	24	01	0	437	16	1	1	Hit	455	16-mul/APICKLES6.jpg	APICKLES6.jpg	SPACE	500	SPACE
1447190813504	0	lts_1110L_24_01	24	01	0	438	0	0	0	CR	MAX	Acombination6.jpg	Acombination6.jpg	NOKEY	MAX	NOKEY
1447190816597	0	lts_1110L_24_01	24	01	0	439	0	0	0	CR	MAX	AGRAINSI5.jpg	AGRAINSI5.jpg	NOKEY	MAX	NOKEY
1447190817583	0	lts_1110L_24_01	24	01	0	440	4	1	1	Hit	517	4-10/AWASHCLOT.jpg	AWASHCLOT.jpg	SPACE	552	SPACE
1447190820676	0	lts_1110L_24_01	24	01	0	441	0	0	0	CR	MAX	ASCREW24.jpg	ASCREW24.jpg	NOKEY	MAX	NOKEY
1447190823752	0	lts_1110L_24_01	24	01	0	442	0	0	0	CR	MAX	trapezebars.jpg	trapezebars.jpg	NOKEY	MAX	NOKEY
1447190824871	0	lts_1110L_24_01	24	01	0	443	8	1	1	Hit	638	8-first/26431734.thl.jpg	26431734.thl.jpg	SPACE	685	SPACE
1447190827964	0	lts_1110L_24_01	24	01	0	444	0	0	0	CR	MAX	wok.jpg	wok.jpg	NOKEY	MAX	NOKEY
1447190828917	0	lts_1110L_24_01	24	01	0	445	2	1	1	Hit	477	2-mul/26431734.thl.jpg	26431734.thl.jpg	SPACE	520	SPACE
1447190831993	0	lts_1110L_24_01	24	01	0	446	0	0	0	CR	MAX	26421106.thl.jpg	26421106.thl.jpg	NOKEY	MAX	NOKEY
1447190835070	0	lts_1110L_24_01	24	01	0	447	0	0	0	CR	MAX	4555.jpg	4555.jpg	NOKEY	MAX	NOKEY
1447190838146	0	lts_1110L_24_01	24	01	0	448	0	0	0	CR	MAX	26424440.thl.jpg	26424440.thl.jpg	NOKEY	MAX	NOKEY
1447190841222	0	lts_1110L_24_01	24	01	0	449	0	0	0	CR	MAX	tuba1.jpg	tuba1.jpg	NOKEY	MAX	NOKEY
1447190868004	0	lts_1110L_24_01	24	01	1	0	0	0	0	CR	MAX	Afueltank11.jpg	Afueltank11.jpg	NOKEY	MAX	NOKEY
1447190871080	0	lts_1110L_24_01	24	01	1	1	0	0	0	CR	MAX	2/23057742.thl.jpg	23057742.thl.jpg	NOKEY	MAX	NOKEY
1447190874173	0	lts_1110L_24_01	24	01	1	2	0	0	0	CR	MAX	8/26427111.thl.jpg	26427111.thl.jpg	NOKEY	MAX	NOKEY
1447190875209	0	lts_1110L_24_01	24	01	1	3	2	1	1	Hit	557	2-0/23057742.thl.jpg	23057742.thl.jpg	SPACE	602	SPACE
1447190878302	0	lts_1110L_24_01	24	01	1	4	2	1	0	Miss	MAX	2/DSCN3767-sm.jpg	DSCN3767-sm.jpg	NOKEY	MAX	SPACE
1447190881378	0	lts_1110L_24_01	24	01	1	5	0	0	0	CR	MAX	26433942.thl.jpg	26433942.thl.jpg	NOKEY	MAX	NOKEY
1447190882314	0	lts_1110L_24_01	24	01	1	6	2	1	1	Hit	451	2-3/DSCN3767-sm.jpg	DSCN3767-sm.jpg	SPACE	500	SPACE
1447190885407	0	lts_1110L_24_01	24	01	1	7	0	0	0	CR	MAX	Apaperclipsin.jpg	Apaperclipsin.jpg	NOKEY	MAX	NOKEY
1447190888500	0	lts_1110L_24_01	24	01	1	8	0	0	0	CR	MAX	ANEWSBOX4.jpg	ANEWSBOX4.jpg	NOKEY	MAX	NOKEY
1447190891576	0	lts_1110L_24_01	24	01	1	9	0	0	0	CR	MAX	16/seesaw.jpg	seesaw.jpg	NOKEY	MAX	NOKEY
1447190892562	0	lts_1110L_24_01	24	01	1	10	8	1	1	Hit	504	8-first/26427111.thl.jpg	26427111.thl.jpg	SPACE	552	SPACE
1447190895638	0	lts_1110L_24_01	24	01	1	11	0	0	0	CR	MAX	1/Asaltgrinder.jpg	Asaltgrinder.jpg	NOKEY	MAX	NOKEY
1447190896558	0	lts_1110L_24_01	24	01	1	12	1	1	1	Hit	449	1-10/Asaltgrinder.jpg	Asaltgrinder.jpg	SPACE	485	SPACE
1447190899634	0	lts_1110L_24_01	24	01	1	13	0	0	0	CR	MAX	Afan49.jpg	Afan49.jpg	NOKEY	MAX	NOKEY
1447190900587	0	lts_1110L_24_01	24	01	1	14	4	1	1	Hit	482	4-mul/26427111.thl.jpg	26427111.thl.jpg	SPACE	519	SPACE
1447190903680	0	lts_1110L_24_01	24	01	1	15	0	0	0	CR	MAX	ASPACEHE8.jpg	ASPACEHE8.jpg	NOKEY	MAX	NOKEY
1447190906772	0	lts_1110L_24_01	24	01	1	16	0	0	0	CR	MAX	64/AHANDRAK.jpg	AHANDRAK.jpg	NOKEY	MAX	NOKEY
1447190909847	0	lts_1110L_24_01	24	01	1	17	0	0	0	CR	MAX	APLAQUE.jpg	APLAQUE.jpg	NOKEY	MAX	NOKEY
1447190912924	0	lts_1110L_24_01	24	01	1	18	0	0	0	CR	MAX	AGOAT10.jpg	AGOAT10.jpg	NOKEY	MAX	NOKEY
1447190916017	0	lts_1110L_24_01	24	01	1	19	0	0	0	CR	MAX	16/snowflake.jpg	snowflake.jpg	NOKEY	MAX	NOKEY
1447190919110	0	lts_1110L_24_01	24	01	1	20	0	0	0	CR	MAX	1/Abrassbu2.jpg	Abrassbu2.jpg	NOKEY	MAX	NOKEY
1447190920213	0	lts_1110L_24_01	24	01	1	21	1	1	1	Hit	629	1-2/Abrassbu2.jpg	Abrassbu2.jpg	SPACE	668	SPACE
1447190923306	0	lts_1110L_24_01	24	01	1	22	0	0	0	CR	MAX	1/22856784.thl.jpg	22856784.thl.jpg	NOKEY	MAX	NOKEY
1447190924276	0	lts_1110L_24_01	24	01	1	23	1	1	1	Hit	492	1-11/22856784.thl.jpg	22856784.thl.jpg	SPACE	534	SPACE
1447190927369	0	lts_1110L_24_01	24	01	1	24	0	0	0	CR	MAX	26466347.thl.jpg	26466347.thl.jpg	NOKEY	MAX	NOKEY
1447190928455	0	lts_1110L_24_01	24	01	1	25	16	1	1	Hit	617	16-first/seesaw.jpg	seesaw.jpg	SPACE	652	SPACE
1447190931531	0	lts_1110L_24_01	24	01	1	26	0	0	0	CR	MAX	handcomputerN.JPG	handcomputerN.JPG	NOKEY	MAX	NOKEY
1447190934607	0	lts_1110L_24_01	24	01	1	27	1	1	0	Miss	MAX	1/DSCN1248-sm.jpg	DSCN1248-sm.jpg	NOKEY	MAX	SPACE
1447190935493	0	lts_1110L_24_01	24	01	1	28	1	1	1	Hit	410	1-6/DSCN1248-sm.jpg	DSCN1248-sm.jpg	SPACE	451	SPACE
1447190938586	0	lts_1110L_24_01	24	01	1	29	0	0	0	CR	MAX	2/AMICROWA2.jpg	AMICROWA2.jpg	NOKEY	MAX	NOKEY
1447190941662	0	lts_1110L_24_01	24	01	1	30	0	0	0	CR	MAX	Acampingcoffe.jpg	Acampingcoffe.jpg	NOKEY	MAX	NOKEY
1447190942649	0	lts_1110L_24_01	24	01	1	31	2	1	1	Hit	512	2-5/AMICROWA2.jpg	AMICROWA2.jpg	SPACE	552	SPACE
1447190945725	0	lts_1110L_24_01	24	01	1	32	0	0	0	CR	MAX	scrunchie.jpg	scrunchie.jpg	NOKEY	MAX	NOKEY
1447190948801	0	lts_1110L_24_01	24	01	1	33	0	0	0	CR	MAX	22924880.thl.jpg	22924880.thl.jpg	NOKEY	MAX	NOKEY
1447190951893	0	lts_1110L_24_01	24	01	1	34	0	0	0	CR	MAX	ABALLBEAR.jpg	ABALLBEAR.jpg	NOKEY	MAX	NOKEY
1447190952963	0	lts_1110L_24_01	24	01	1	35	16	1	1	Hit	599	16-first/snowflake.jpg	snowflake.jpg	SPACE	636	SPACE
1447190956040	0	lts_1110L_24_01	24	01	1	36	0	0	0	CR	MAX	Atoytaxi3.jpg	Atoytaxi3.jpg	NOKEY	MAX	NOKEY
1447190957243	0	lts_1110L_24_01	24	01	1	37	2	1	1	Hit	721	2-mul/snowflake.jpg	snowflake.jpg	SPACE	768	SPACE
1447190960319	0	lts_1110L_24_01	24	01	1	38	0	0	0	CR	MAX	Astadium.jpg	Astadium.jpg	NOKEY	MAX	NOKEY
1447190963395	0	lts_1110L_24_01	24	01	1	39	0	0	0	CR	MAX	4/8026164.thl.jpg	8026164.thl.jpg	NOKEY	MAX	NOKEY
1447190966472	0	lts_1110L_24_01	24	01	1	40	0	0	0	CR	MAX	ABOTTLE19.jpg	ABOTTLE19.jpg	NOKEY	MAX	NOKEY
1447190967441	0	lts_1110L_24_01	24	01	1	41	16	1	1	Hit	499	16-mul/seesaw.jpg	seesaw.jpg	SPACE	535	SPACE
1447190970517	0	lts_1110L_24_01	24	01	1	42	0	0	0	CR	MAX	8245419.thl.jpg	8245419.thl.jpg	NOKEY	MAX	NOKEY
1447190971554	0	lts_1110L_24_01	24	01	1	43	4	1	1	Hit	559	4-5/8026164.thl.jpg	8026164.thl.jpg	SPACE	602	SPACE
1447190974630	0	lts_1110L_24_01	24	01	1	44	0	0	0	CR	MAX	2/22887480.thl.jpg	22887480.thl.jpg	NOKEY	MAX	NOKEY
1447190977706	0	lts_1110L_24_01	24	01	1	45	0	0	0	CR	MAX	64/Arockingchai5.jpg	Arockingchai5.jpg	NOKEY	MAX	NOKEY
1447190978742	0	lts_1110L_24_01	24	01	1	46	2	1	1	Hit	567	2-7/22887480.thl.jpg	22887480.thl.jpg	SPACE	602	SPACE
1447190981818	0	lts_1110L_24_01	24	01	1	47	0	0	0	CR	MAX	23025535.thl.jpg	23025535.thl.jpg	NOKEY	MAX	NOKEY
1447190984893	0	lts_1110L_24_01	24	01	1	48	0	0	0	CR	MAX	1/Atoydonkey.jpg	Atoydonkey.jpg	NOKEY	MAX	NOKEY
1447190986048	0	lts_1110L_24_01	24	01	1	49	1	1	1	Hit	678	1-8/Atoydonkey.jpg	Atoydonkey.jpg	SPACE	720	SPACE
1447190989124	0	lts_1110L_24_01	24	01	1	50	0	0	0	CR	MAX	4/A_teabag.jpg	A_teabag.jpg	NOKEY	MAX	NOKEY
1447190992217	0	lts_1110L_24_01	24	01	1	51	0	0	0	CR	MAX	AMUSICSH2.jpg	AMUSICSH2.jpg	NOKEY	MAX	NOKEY
1447190995293	0	lts_1110L_24_01	24	01	1	52	0	0	0	CR	MAX	32/ABATHTAP.jpg	ABATHTAP.jpg	NOKEY	MAX	NOKEY
1447190998386	0	lts_1110L_24_01	24	01	1	53	0	0	0	CR	MAX	candy3.jpg	candy3.jpg	NOKEY	MAX	NOKEY
1447190999472	0	lts_1110L_24_01	24	01	1	54	4	1	1	Hit	609	4-1/A_teabag.jpg	A_teabag.jpg	SPACE	652	SPACE
1447191002548	0	lts_1110L_24_01	24	01	1	55	0	0	0	CR	MAX	AREDPLUM.jpg	AREDPLUM.jpg	NOKEY	MAX	NOKEY
1447191005624	0	lts_1110L_24_01	24	01	1	56	0	0	0	CR	MAX	22853544.thl.jpg	22853544.thl.jpg	NOKEY	MAX	NOKEY
1447191008717	0	lts_1110L_24_01	24	01	1	57	0	0	0	CR	MAX	1/AEGGHOLDE.jpg	AEGGHOLDE.jpg	NOKEY	MAX	NOKEY
1447191009770	0	lts_1110L_24_01	24	01	1	58	1	1	1	Hit	568	1-14/AEGGHOLDE.jpg	AEGGHOLDE.jpg	SPACE	618	SPACE
1447191012845	0	lts_1110L_24_01	24	01	1	59	0	0	0	CR	MAX	2/Apackage3.jpg	Apackage3.jpg	NOKEY	MAX	NOKEY
1447191015938	0	lts_1110L_24_01	24	01	1	60	0	0	0	CR	MAX	26379612.thl.jpg	26379612.thl.jpg	NOKEY	MAX	NOKEY
1447191016958	0	lts_1110L_24_01	24	01	1	61	2	1	1	Hit	544	2-2/Apackage3.jpg	Apackage3.jpg	SPACE	586	SPACE
1447191020052	0	lts_1110L_24_01	24	01	1	62	0	0	0	CR	MAX	8/23044458.thl.jpg	23044458.thl.jpg	NOKEY	MAX	NOKEY
1447191023145	0	lts_1110L_24_01	24	01	1	63	0	0	0	CR	MAX	ATOWRACK3.jpg	ATOWRACK3.jpg	NOKEY	MAX	NOKEY
1447191026221	0	lts_1110L_24_01	24	01	1	64	0	0	0	CR	MAX	AARMCHA25.jpg	AARMCHA25.jpg	NOKEY	MAX	NOKEY
1447191029297	0	lts_1110L_24_01	24	01	1	65	0	0	0	CR	MAX	64/26467460.thl.jpg	26467460.thl.jpg	NOKEY	MAX	NOKEY
1447191030434	0	lts_1110L_24_01	24	01	1	66	00	1	1	Hit	658	00-across/26428540.thl.jpg	26428540.thl.jpg	SPACE	702	SPACE
1447191033526	0	lts_1110L_24_01	24	01	1	67	0	0	0	CR	MAX	sntslrc.jpg	sntslrc.jpg	NOKEY	MAX	NOKEY
1447191036619	0	lts_1110L_24_01	24	01	1	68	0	0	0	CR	MAX	APILL.jpg	APILL.jpg	NOKEY	MAX	NOKEY
1447191039695	0	lts_1110L_24_01	24	01	1	69	0	0	0	CR	MAX	gingerbreadcookie.jpg	gingerbreadcookie.jpg	NOKEY	MAX	NOKEY
1447191040864	0	lts_1110L_24_01	24	01	1	70	8	1	1	Hit	697	8-2/23044458.thl.jpg	23044458.thl.jpg	SPACE	735	SPACE
1447191043941	0	lts_1110L_24_01	24	01	1	71	0	0	0	CR	MAX	2/8021410.thl.jpg	8021410.thl.jpg	NOKEY	MAX	NOKEY
1447191047018	0	lts_1110L_24_01	24	01	1	72	0	0	0	CR	MAX	Aopenbriefcas.jpg	Aopenbriefcas.jpg	NOKEY	MAX	NOKEY
1447191048021	0	lts_1110L_24_01	24	01	1	73	2	1	1	Hit	521	2-11/8021410.thl.jpg	8021410.thl.jpg	SPACE	568	SPACE
1447191051097	0	lts_1110L_24_01	24	01	1	74	0	0	0	CR	MAX	AMILPANS2.jpg	AMILPANS2.jpg	NOKEY	MAX	NOKEY
1447191054173	0	lts_1110L_24_01	24	01	1	75	0	0	0	CR	MAX	ACOFFTA18.jpg	ACOFFTA18.jpg	NOKEY	MAX	NOKEY
1447191057249	0	lts_1110L_24_01	24	01	1	76	0	0	0	CR	MAX	ACOOKOIL.jpg	ACOOKOIL.jpg	NOKEY	MAX	NOKEY
1447191060325	0	lts_1110L_24_01	24	01	1	77	00	1	0	Miss	MAX	00-across/Apurse83.jpg	Apurse83.jpg	NOKEY	MAX	SPACE
1447191063401	0	lts_1110L_24_01	24	01	1	78	0	0	0	CR	MAX	128/Aantiquevege3.jpg	Aantiquevege3.jpg	NOKEY	MAX	NOKEY
1447191066494	0	lts_1110L_24_01	24	01	1	79	0	0	0	CR	MAX	ABANJO5.jpg	ABANJO5.jpg	NOKEY	MAX	NOKEY
1447191067798	0	lts_1110L_24_01	24	01	1	80	64	1	1	Hit	820	64-first/AHANDRAK.jpg	AHANDRAK.jpg	SPACE	870	SPACE
1447191070890	0	lts_1110L_24_01	24	01	1	81	0	0	0	CR	MAX	1/Astaircase.jpg	Astaircase.jpg	NOKEY	MAX	NOKEY
1447191071909	0	lts_1110L_24_01	24	01	1	82	1	1	1	Hit	538	1-9/Astaircase.jpg	Astaircase.jpg	SPACE	586	SPACE
1447191074985	0	lts_1110L_24_01	24	01	1	83	0	0	0	CR	MAX	AHARPSIC5.jpg	AHARPSIC5.jpg	NOKEY	MAX	NOKEY
1447191078062	0	lts_1110L_24_01	24	01	1	84	32	1	0	Miss	MAX	32-6/ABATHTAP.jpg	ABATHTAP.jpg	NOKEY	MAX	SPACE
1447191081139	0	lts_1110L_24_01	24	01	1	85	0	0	0	CR	MAX	ALAZQUART.jpg	ALAZQUART.jpg	NOKEY	MAX	NOKEY
1447191084215	0	lts_1110L_24_01	24	01	1	86	0	0	0	CR	MAX	2/AMAGHOLDE.jpg	AMAGHOLDE.jpg	NOKEY	MAX	NOKEY
1447191087291	0	lts_1110L_24_01	24	01	1	87	0	0	0	CR	MAX	Aelectronicg9.jpg	Aelectronicg9.jpg	NOKEY	MAX	NOKEY
1447191088394	0	lts_1110L_24_01	24	01	1	88	2	1	1	Hit	618	2-6/AMAGHOLDE.jpg	AMAGHOLDE.jpg	SPACE	668	SPACE
1447191091487	0	lts_1110L_24_01	24	01	1	89	0	0	0	CR	MAX	neckrest.jpg	neckrest.jpg	NOKEY	MAX	NOKEY
1447191094563	0	lts_1110L_24_01	24	01	1	90	0	0	0	CR	MAX	32/Ajacket12.jpg	Ajacket12.jpg	NOKEY	MAX	NOKEY
1447191097656	0	lts_1110L_24_01	24	01	1	91	0	0	0	CR	MAX	Astackingtoy2.jpg	Astackingtoy2.jpg	NOKEY	MAX	NOKEY
1447191100732	0	lts_1110L_24_01	24	01	1	92	0	0	0	CR	MAX	ASPOTLIG2.jpg	ASPOTLIG2.jpg	NOKEY	MAX	NOKEY
1447191103808	0	lts_1110L_24_01	24	01	1	93	0	0	0	CR	MAX	Aadjustablech.jpg	Aadjustablech.jpg	NOKEY	MAX	NOKEY
1447191106883	0	lts_1110L_24_01	24	01	1	94	0	0	0	CR	MAX	64/Ahumidifier.jpg	Ahumidifier.jpg	NOKEY	MAX	NOKEY
1447191109976	0	lts_1110L_24_01	24	01	1	95	0	0	0	CR	MAX	ACLOWSTE5.jpg	ACLOWSTE5.jpg	NOKEY	MAX	NOKEY
1447191111013	0	lts_1110L_24_01	24	01	1	96	16	1	1	Hit	564	16-mul/AHANDRAK.jpg	AHANDRAK.jpg	SPACE	603	SPACE
1447191114089	0	lts_1110L_24_01	24	01	1	97	0	0	0	CR	MAX	4/Aflowerwreat2.jpg	Aflowerwreat2.jpg	NOKEY	MAX	NOKEY
1447191117182	0	lts_1110L_24_01	24	01	1	98	0	0	0	CR	MAX	gingerroot.jpg	gingerroot.jpg	NOKEY	MAX	NOKEY
1447191120258	0	lts_1110L_24_01	24	01	1	99	0	0	0	CR	MAX	128/22903568.thl.jpg	22903568.thl.jpg	NOKEY	MAX	NOKEY
1447191123334	0	lts_1110L_24_01	24	01	1	100	0	0	0	CR	MAX	4/ABABYSPOO.jpg	ABABYSPOO.jpg	NOKEY	MAX	NOKEY
1447191124421	0	lts_1110L_24_01	24	01	1	101	4	1	1	Hit	608	4-10/Aflowerwreat2.jpg	Aflowerwreat2.jpg	SPACE	652	SPACE
1447191127497	0	lts_1110L_24_01	24	01	1	102	0	0	0	CR	MAX	ASNBRD2.jpg	ASNBRD2.jpg	NOKEY	MAX	NOKEY
1447191130573	0	lts_1110L_24_01	24	01	1	103	0	0	0	CR	MAX	AELECOMP2.jpg	AELECOMP2.jpg	NOKEY	MAX	NOKEY
1447191131593	0	lts_1110L_24_01	24	01	1	104	4	1	1	Hit	537	4-3/ABABYSPOO.jpg	ABABYSPOO.jpg	SPACE	586	SPACE
1447191134685	0	lts_1110L_24_01	24	01	1	105	0	0	0	CR	MAX	scooter.jpg	scooter.jpg	NOKEY	MAX	NOKEY
1447191135772	0	lts_1110L_24_01	24	01	1	106	00	1	1	Hit	615	00-across/Abridge9.jpg	Abridge9.jpg	SPACE	652	SPACE
1447191138864	0	lts_1110L_24_01	24	01	1	107	0	0	0	CR	MAX	Atoothbrush3.jpg	Atoothbrush3.jpg	NOKEY	MAX	NOKEY
1447191141940	0	lts_1110L_24_01	24	01	1	108	0	0	0	CR	MAX	Abasketofbrea.jpg	Abasketofbrea.jpg	NOKEY	MAX	NOKEY
1447191142977	0	lts_1110L_24_01	24	01	1	109	64	1	1	Hit	561	64-first/Arockingchai5.jpg	Arockingchai5.jpg	SPACE	603	SPACE
1447191146054	0	lts_1110L_24_01	24	01	1	110	0	0	0	CR	MAX	4/hockeypuck.jpg	hockeypuck.jpg	NOKEY	MAX	NOKEY
1447191147040	0	lts_1110L_24_01	24	01	1	111	2	1	1	Hit	514	2-mul/Arockingchai5.jpg	Arockingchai5.jpg	SPACE	552	SPACE
1447191150133	0	lts_1110L_24_01	24	01	1	112	0	0	0	CR	MAX	Ajug158.jpg	Ajug158.jpg	NOKEY	MAX	NOKEY
1447191153209	0	lts_1110L_24_01	24	01	1	113	0	0	0	CR	MAX	22827408.thl.jpg	22827408.thl.jpg	NOKEY	MAX	NOKEY
1447191154178	0	lts_1110L_24_01	24	01	1	114	4	1	1	Hit	498	4-11/hockeypuck.jpg	hockeypuck.jpg	SPACE	535	SPACE
1447191157254	0	lts_1110L_24_01	24	01	1	115	0	0	0	CR	MAX	2/8021504.thl.jpg	8021504.thl.jpg	NOKEY	MAX	NOKEY
1447191160331	0	lts_1110L_24_01	24	01	1	116	0	0	0	CR	MAX	A4DOMINO.jpg	A4DOMINO.jpg	NOKEY	MAX	NOKEY
1447191161233	0	lts_1110L_24_01	24	01	1	117	2	1	1	Hit	421	2-9/8021504.thl.jpg	8021504.thl.jpg	SPACE	468	SPACE
1447191164326	0	lts_1110L_24_01	24	01	1	118	0	0	0	CR	MAX	Ameatcleaver2.jpg	Ameatcleaver2.jpg	NOKEY	MAX	NOKEY
1447191167419	0	lts_1110L_24_01	24	01	1	119	0	0	0	CR	MAX	26391116.thl.jpg	26391116.thl.jpg	NOKEY	MAX	NOKEY
1447191170495	0	lts_1110L_24_01	24	01	1	120	0	0	0	CR	MAX	gymvaulting2.jpg	gymvaulting2.jpg	NOKEY	MAX	NOKEY
1447191173571	0	lts_1110L_24_01	24	01	1	121	0	0	0	CR	MAX	26379054.thl.jpg	26379054.thl.jpg	NOKEY	MAX	NOKEY
1447191174708	0	lts_1110L_24_01	24	01	1	122	32	1	1	Hit	657	32-4/Ajacket12.jpg	Ajacket12.jpg	SPACE	703	SPACE
1447191177784	0	lts_1110L_24_01	24	01	1	123	0	0	0	CR	MAX	2/AGLASSTAB.jpg	AGLASSTAB.jpg	NOKEY	MAX	NOKEY
1447191180876	0	lts_1110L_24_01	24	01	1	124	0	0	0	CR	MAX	22824840.thl.jpg	22824840.thl.jpg	NOKEY	MAX	NOKEY
1447191181879	0	lts_1110L_24_01	24	01	1	125	2	1	1	Hit	527	2-13/AGLASSTAB.jpg	AGLASSTAB.jpg	SPACE	570	SPACE
1447191184971	0	lts_1110L_24_01	24	01	1	126	0	0	0	CR	MAX	64/Abrasscr2.jpg	Abrasscr2.jpg	NOKEY	MAX	NOKEY
1447191188049	0	lts_1110L_24_01	24	01	1	127	0	0	0	CR	MAX	8/bathtowel.jpg	bathtowel.jpg	NOKEY	MAX	NOKEY
1447191191125	0	lts_1110L_24_01	24	01	1	128	0	0	0	CR	MAX	Achocolateice.jpg	Achocolateice.jpg	NOKEY	MAX	NOKEY
1447191192278	0	lts_1110L_24_01	24	01	1	129	64	1	1	Hit	674	64-first/26467460.thl.jpg	26467460.thl.jpg	SPACE	718	SPACE
1447191195354	0	lts_1110L_24_01	24	01	1	130	0	0	0	CR	MAX	16/AANTIQTHE.jpg	AANTIQTHE.jpg	NOKEY	MAX	NOKEY
1447191196341	0	lts_1110L_24_01	24	01	1	131	2	1	1	Hit	506	2-mul/26467460.thl.jpg	26467460.thl.jpg	SPACE	550	SPACE
1447191199433	0	lts_1110L_24_01	24	01	1	132	0	0	0	CR	MAX	AFILM.jpg	AFILM.jpg	NOKEY	MAX	NOKEY
1447191202526	0	lts_1110L_24_01	24	01	1	133	0	0	0	CR	MAX	Aalmond4.jpg	Aalmond4.jpg	NOKEY	MAX	NOKEY
1447191205686	0	lts_1110L_24_01	24	01	1	134	0	0	0	CR	MAX	AGREENPEP.jpg	AGREENPEP.jpg	NOKEY	MAX	NOKEY
1447191206872	0	lts_1110L_24_01	24	01	1	135	8	1	1	Hit	702	8-first/bathtowel.jpg	bathtowel.jpg	SPACE	753	SPACE
1447191209965	0	lts_1110L_24_01	24	01	1	136	0	0	0	CR	MAX	ACAFLATT3.jpg	ACAFLATT3.jpg	NOKEY	MAX	NOKEY
1447191213042	0	lts_1110L_24_01	24	01	1	137	0	0	0	CR	MAX	Aplastictestt.jpg	Aplastictestt.jpg	NOKEY	MAX	NOKEY
1447191216118	0	lts_1110L_24_01	24	01	1	138	0	0	0	CR	MAX	AELECRAZ7.jpg	AELECRAZ7.jpg	NOKEY	MAX	NOKEY
1447191217121	0	lts_1110L_24_01	24	01	1	139	00	1	1	Hit	524	00-across/APICKLES6.jpg	APICKLES6.jpg	SPACE	569	SPACE
1447191220197	0	lts_1110L_24_01	24	01	1	140	0	0	0	CR	MAX	Apairofrubbe3.jpg	Apairofrubbe3.jpg	NOKEY	MAX	NOKEY
1447191221467	0	lts_1110L_24_01	24	01	1	141	0	0	1	FA	769	1/26369999.thl.jpg	26369999.thl.jpg	SPACE	819	NOKEY
1447191222437	0	lts_1110L_24_01	24	01	1	142	1	1	1	Hit	490	1-4/26369999.thl.jpg	26369999.thl.jpg	SPACE	535	SPACE
1447191225513	0	lts_1110L_24_01	24	01	1	143	0	0	0	CR	MAX	Adigitalcamer.jpg	Adigitalcamer.jpg	NOKEY	MAX	NOKEY
1447191228589	0	lts_1110L_24_01	24	01	1	144	0	0	0	CR	MAX	128/matchbook.jpg	matchbook.jpg	NOKEY	MAX	NOKEY
1447191231682	0	lts_1110L_24_01	24	01	1	145	0	0	0	CR	MAX	satellitedirecttc.jpg	satellitedirecttc.jpg	NOKEY	MAX	NOKEY
1447191232785	0	lts_1110L_24_01	24	01	1	146	16	1	1	Hit	633	16-0/AANTIQTHE.jpg	AANTIQTHE.jpg	SPACE	669	SPACE
1447191235860	0	lts_1110L_24_01	24	01	1	147	0	0	0	CR	MAX	APOTPBAG2.jpg	APOTPBAG2.jpg	NOKEY	MAX	NOKEY
1447191238936	0	lts_1110L_24_01	24	01	1	148	0	0	0	CR	MAX	grenade.jpg	grenade.jpg	NOKEY	MAX	NOKEY
1447191242014	0	lts_1110L_24_01	24	01	1	149	0	0	0	CR	MAX	4/8031659.thl.jpg	8031659.thl.jpg	NOKEY	MAX	NOKEY
1447191245090	0	lts_1110L_24_01	24	01	1	150	0	0	0	CR	MAX	seahorse.jpg	seahorse.jpg	NOKEY	MAX	NOKEY
1447191246109	0	lts_1110L_24_01	24	01	1	151	16	1	1	Hit	544	16-mul/bathtowel.jpg	bathtowel.jpg	SPACE	585	SPACE
1447191249185	0	lts_1110L_24_01	24	01	1	152	0	0	0	CR	MAX	26431395.thl.jpg	26431395.thl.jpg	NOKEY	MAX	NOKEY
1447191250356	0	lts_1110L_24_01	24	01	1	153	4	1	1	Hit	687	4-7/8031659.thl.jpg	8031659.thl.jpg	SPACE	734	SPACE
1447191253448	0	lts_1110L_24_01	24	01	1	154	0	0	0	CR	MAX	Aplantinpot4.jpg	Aplantinpot4.jpg	NOKEY	MAX	NOKEY
1447191256541	0	lts_1110L_24_01	24	01	1	155	0	0	0	CR	MAX	Awomensshoe61.jpg	Awomensshoe61.jpg	NOKEY	MAX	NOKEY
1447191259617	0	lts_1110L_24_01	24	01	1	156	0	0	0	CR	MAX	8/26420830.thl.jpg	26420830.thl.jpg	NOKEY	MAX	NOKEY
1447191262710	0	lts_1110L_24_01	24	01	1	157	0	0	0	CR	MAX	26440629.thl.jpg	26440629.thl.jpg	NOKEY	MAX	NOKEY
1447191263863	0	lts_1110L_24_01	24	01	1	158	64	1	1	Hit	684	64-first/Ahumidifier.jpg	Ahumidifier.jpg	SPACE	718	SPACE
1447191266939	0	lts_1110L_24_01	24	01	1	159	0	0	0	CR	MAX	Aframe196.jpg	Aframe196.jpg	NOKEY	MAX	NOKEY
1447191267891	0	lts_1110L_24_01	24	01	1	160	2	1	1	Hit	482	2-mul/Ahumidifier.jpg	Ahumidifier.jpg	SPACE	519	SPACE
1447191270984	0	lts_1110L_24_01	24	01	1	161	0	0	0	CR	MAX	1/Afunnel17.jpg	Afunnel17.jpg	NOKEY	MAX	NOKEY
1447191271887	0	lts_1110L_24_01	24	01	1	162	1	1	1	Hit	429	1-7/Afunnel17.jpg	Afunnel17.jpg	SPACE	468	SPACE
1447191274963	0	lts_1110L_24_01	24	01	1	163	0	0	0	CR	MAX	ACUSHIO12.jpg	ACUSHIO12.jpg	NOKEY	MAX	NOKEY
1447191276084	0	lts_1110L_24_01	24	01	1	164	8	1	1	Hit	650	8-first/26420830.thl.jpg	26420830.thl.jpg	SPACE	686	SPACE
1447191279160	0	lts_1110L_24_01	24	01	1	165	0	0	0	CR	MAX	Acanadagoose.jpg	Acanadagoose.jpg	NOKEY	MAX	NOKEY
1447191282253	0	lts_1110L_24_01	24	01	1	166	0	0	0	CR	MAX	128/Abackaccesso4.jpg	Abackaccesso4.jpg	NOKEY	MAX	NOKEY
1447191285329	0	lts_1110L_24_01	24	01	1	167	0	0	0	CR	MAX	ACOFFPOT7.jpg	ACOFFPOT7.jpg	NOKEY	MAX	NOKEY
1447191288405	0	lts_1110L_24_01	24	01	1	168	0	0	0	CR	MAX	erasergum.jpg	erasergum.jpg	NOKEY	MAX	NOKEY
1447191291498	0	lts_1110L_24_01	24	01	1	169	0	0	0	CR	MAX	Abinder6.jpg	Abinder6.jpg	NOKEY	MAX	NOKEY
1447191294591	0	lts_1110L_24_01	24	01	1	170	0	0	0	CR	MAX	1/licorice.jpg	licorice.jpg	NOKEY	MAX	NOKEY
1447191295644	0	lts_1110L_24_01	24	01	1	171	1	1	1	Hit	582	1-1/licorice.jpg	licorice.jpg	SPACE	619	SPACE
1447191298720	0	lts_1110L_24_01	24	01	1	172	0	0	0	CR	MAX	22859796.thl.jpg	22859796.thl.jpg	NOKEY	MAX	NOKEY
1447191301813	0	lts_1110L_24_01	24	01	1	173	0	0	0	CR	MAX	AWASHMAC5.jpg	AWASHMAC5.jpg	NOKEY	MAX	NOKEY
1447191304888	0	lts_1110L_24_01	24	01	1	174	0	0	0	CR	MAX	Acorn10.jpg	Acorn10.jpg	NOKEY	MAX	NOKEY
1447191307964	0	lts_1110L_24_01	24	01	1	175	0	0	0	CR	MAX	XPGame.jpg	XPGame.jpg	NOKEY	MAX	NOKEY
1447191311041	0	lts_1110L_24_01	24	01	1	176	0	0	0	CR	MAX	2/Aantelope2.jpg	Aantelope2.jpg	NOKEY	MAX	NOKEY
1447191314117	0	lts_1110L_24_01	24	01	1	177	0	0	0	CR	MAX	railroadblock.jpg	railroadblock.jpg	NOKEY	MAX	NOKEY
1447191315221	0	lts_1110L_24_01	24	01	1	178	2	1	1	Hit	626	2-1/Aantelope2.jpg	Aantelope2.jpg	SPACE	668	SPACE
1447191318297	0	lts_1110L_24_01	24	01	1	179	0	0	0	CR	MAX	26369923.thl.jpg	26369923.thl.jpg	NOKEY	MAX	NOKEY
1447191319266	0	lts_1110L_24_01	24	01	1	180	16	1	1	Hit	492	16-mul/26420830.thl.jpg	26420830.thl.jpg	SPACE	534	SPACE
1447191322342	0	lts_1110L_24_01	24	01	1	181	0	0	0	CR	MAX	AFOOTST11.jpg	AFOOTST11.jpg	NOKEY	MAX	NOKEY
1447191325502	0	lts_1110L_24_01	24	01	1	182	0	0	0	CR	MAX	2/Aangel37.jpg	Aangel37.jpg	NOKEY	MAX	NOKEY
1447191328595	0	lts_1110L_24_01	24	01	1	183	0	0	0	CR	MAX	AEAREXAM2.jpg	AEAREXAM2.jpg	NOKEY	MAX	NOKEY
1447191329681	0	lts_1110L_24_01	24	01	1	184	2	1	1	Hit	604	2-10/Aangel37.jpg	Aangel37.jpg	SPACE	652	SPACE
1447191332774	0	lts_1110L_24_01	24	01	1	185	0	0	0	CR	MAX	barssport.jpg	barssport.jpg	NOKEY	MAX	NOKEY
1447191334829	0	lts_1110L_24_01	24	01	1	186	0	0	1	FA	1585	26439504.thl.jpg	26439504.thl.jpg	SPACE	1621	NOKEY
1447191337922	0	lts_1110L_24_01	24	01	1	187	0	0	0	CR	MAX	ACHINLAMP.jpg	ACHINLAMP.jpg	NOKEY	MAX	NOKEY
1447191341016	0	lts_1110L_24_01	24	01	1	188	0	0	0	CR	MAX	APBREAD2.jpg	APBREAD2.jpg	NOKEY	MAX	NOKEY
1447191344109	0	lts_1110L_24_01	24	01	1	189	0	0	0	CR	MAX	Aplastichousi.jpg	Aplastichousi.jpg	NOKEY	MAX	NOKEY
1447191345129	0	lts_1110L_24_01	24	01	1	190	64	1	1	Hit	536	64-first/Abrasscr2.jpg	Abrasscr2.jpg	SPACE	585	SPACE
1447191348205	0	lts_1110L_24_01	24	01	1	191	0	0	0	CR	MAX	AMILPHONE.jpg	AMILPHONE.jpg	NOKEY	MAX	NOKEY
1447191351297	0	lts_1110L_24_01	24	01	1	192	0	0	0	CR	MAX	silver-bowl-small.jpg	silver-bowl-small.jpg	NOKEY	MAX	NOKEY
1447191354374	0	lts_1110L_24_01	24	01	1	193	0	0	0	CR	MAX	8065674.thl.jpg	8065674.thl.jpg	NOKEY	MAX	NOKEY
1447191355360	0	lts_1110L_24_01	24	01	1	194	4	1	1	Hit	505	4-mul/Abrasscr2.jpg	Abrasscr2.jpg	SPACE	551	SPACE
1447191358453	0	lts_1110L_24_01	24	01	1	195	0	0	0	CR	MAX	Amanatee2.jpg	Amanatee2.jpg	NOKEY	MAX	NOKEY
1447191361545	0	lts_1110L_24_01	24	01	1	196	0	0	0	CR	MAX	26428041.thl.jpg	26428041.thl.jpg	NOKEY	MAX	NOKEY
1447191364621	0	lts_1110L_24_01	24	01	1	197	0	0	0	CR	MAX	32/APHONEFA2.jpg	APHONEFA2.jpg	NOKEY	MAX	NOKEY
1447191365691	0	lts_1110L_24_01	24	01	1	198	00	1	1	Hit	599	00-across/B_makeupbag.jpg	B_makeupbag.jpg	SPACE	635	SPACE
1447191368784	0	lts_1110L_24_01	24	01	1	199	0	0	0	CR	MAX	hairbarette.jpg	hairbarette.jpg	NOKEY	MAX	NOKEY
1447191371859	0	lts_1110L_24_01	24	01	1	200	0	0	0	CR	MAX	8/Ahappbirt.jpg	Ahappbirt.jpg	NOKEY	MAX	NOKEY
1447191374935	0	lts_1110L_24_01	24	01	1	201	0	0	0	CR	MAX	Hammock.jpg	Hammock.jpg	NOKEY	MAX	NOKEY
1447191378029	0	lts_1110L_24_01	24	01	1	202	0	0	0	CR	MAX	AGARBCAN.jpg	AGARBCAN.jpg	NOKEY	MAX	NOKEY
1447191381105	0	lts_1110L_24_01	24	01	1	203	0	0	0	CR	MAX	Acinnamonrol2.jpg	Acinnamonrol2.jpg	NOKEY	MAX	NOKEY
1447191384181	0	lts_1110L_24_01	24	01	1	204	0	0	0	CR	MAX	16/mixer.jpg	mixer.jpg	NOKEY	MAX	NOKEY
1447191387257	0	lts_1110L_24_01	24	01	1	205	0	0	0	CR	MAX	64/Agasblower2.jpg	Agasblower2.jpg	NOKEY	MAX	NOKEY
1447191388628	0	lts_1110L_24_01	24	01	1	206	128	1	1	Hit	893	128-4/Aantiquevege3.jpg	Aantiquevege3.jpg	SPACE	936	SPACE
1447191391704	0	lts_1110L_24_01	24	01	1	207	0	0	0	CR	MAX	ignitionkey01.jpg	ignitionkey01.jpg	NOKEY	MAX	NOKEY
1447191392707	0	lts_1110L_24_01	24	01	1	208	8	1	1	Hit	519	8-first/Ahappbirt.jpg	Ahappbirt.jpg	SPACE	568	SPACE
1447191395783	0	lts_1110L_24_01	24	01	1	209	0	0	0	CR	MAX	26440756.thl.jpg	26440756.thl.jpg	NOKEY	MAX	NOKEY
1447191398858	0	lts_1110L_24_01	24	01	1	210	0	0	0	CR	MAX	4/AFOOTST26.jpg	AFOOTST26.jpg	NOKEY	MAX	NOKEY
1447191401934	0	lts_1110L_24_01	24	01	1	211	0	0	0	CR	MAX	Adresser11.jpg	Adresser11.jpg	NOKEY	MAX	NOKEY
1447191402921	0	lts_1110L_24_01	24	01	1	212	4	1	1	Hit	515	4-mul/Ahappbirt.jpg	Ahappbirt.jpg	SPACE	553	SPACE
1447191406015	0	lts_1110L_24_01	24	01	1	213	0	0	0	CR	MAX	4/AHEELCUPS.jpg	AHEELCUPS.jpg	NOKEY	MAX	NOKEY
1447191406933	0	lts_1110L_24_01	24	01	1	214	4	1	1	Hit	449	4-0/AFOOTST26.jpg	AFOOTST26.jpg	SPACE	485	SPACE
1447191410010	0	lts_1110L_24_01	24	01	1	215	0	0	0	CR	MAX	Ahandbag50.jpg	Ahandbag50.jpg	NOKEY	MAX	NOKEY
1447191413086	0	lts_1110L_24_01	24	01	1	216	0	0	0	CR	MAX	ATOWELRA3.jpg	ATOWELRA3.jpg	NOKEY	MAX	NOKEY
1447191414106	0	lts_1110L_24_01	24	01	1	217	4	1	1	Hit	539	4-6/AHEELCUPS.jpg	AHEELCUPS.jpg	SPACE	585	SPACE
1447191417182	0	lts_1110L_24_01	24	01	1	218	0	0	0	CR	MAX	Agolfplaque.jpg	Agolfplaque.jpg	NOKEY	MAX	NOKEY
1447191420258	0	lts_1110L_24_01	24	01	1	219	0	0	0	CR	MAX	Apeanut3.jpg	Apeanut3.jpg	NOKEY	MAX	NOKEY
1447191421362	0	lts_1110L_24_01	24	01	1	220	16	1	1	Hit	619	16-first/mixer.jpg	mixer.jpg	SPACE	667	SPACE
1447191424438	0	lts_1110L_24_01	24	01	1	221	0	0	0	CR	MAX	16/Aeastcho6.jpg	Aeastcho6.jpg	NOKEY	MAX	NOKEY
1447191427530	0	lts_1110L_24_01	24	01	1	222	0	0	0	CR	MAX	Atoydoll12.jpg	Atoydoll12.jpg	NOKEY	MAX	NOKEY
1447191428650	0	lts_1110L_24_01	24	01	1	223	0	0	1	FA	620	AOTOSCOP5.jpg	AOTOSCOP5.jpg	SPACE	669	NOKEY
1447191429853	0	lts_1110L_24_01	24	01	1	224	4	1	1	Hit	726	4-mul/mixer.jpg	mixer.jpg	SPACE	769	SPACE
1447191433014	0	lts_1110L_24_01	24	01	1	225	0	0	0	CR	MAX	ASTEAMER.jpg	ASTEAMER.jpg	NOKEY	MAX	NOKEY
1447191436090	0	lts_1110L_24_01	24	01	1	226	0	0	0	CR	MAX	ACONBENCH.jpg	ACONBENCH.jpg	NOKEY	MAX	NOKEY
1447191437461	0	lts_1110L_24_01	24	01	1	227	128	1	1	Hit	890	128-2/22903568.thl.jpg	22903568.thl.jpg	SPACE	937	SPACE
1447191440537	0	lts_1110L_24_01	24	01	1	228	0	0	0	CR	MAX	Achair618.jpg	Achair618.jpg	NOKEY	MAX	NOKEY
1447191441807	0	lts_1110L_24_01	24	01	1	229	32	1	1	Hit	787	32-3/APHONEFA2.jpg	APHONEFA2.jpg	SPACE	836	SPACE
1447191444899	0	lts_1110L_24_01	24	01	1	230	0	0	0	CR	MAX	AJEWISHTA.jpg	AJEWISHTA.jpg	NOKEY	MAX	NOKEY
1447191447992	0	lts_1110L_24_01	24	01	1	231	0	0	0	CR	MAX	16/Alaundrybask2.jpg	Alaundrybask2.jpg	NOKEY	MAX	NOKEY
1447191451069	0	lts_1110L_24_01	24	01	1	232	0	0	0	CR	MAX	Ainstrument3.jpg	Ainstrument3.jpg	NOKEY	MAX	NOKEY
1447191454145	0	lts_1110L_24_01	24	01	1	233	0	0	0	CR	MAX	22919000.thl.jpg	22919000.thl.jpg	NOKEY	MAX	NOKEY
1447191457221	0	lts_1110L_24_01	24	01	1	234	0	0	0	CR	MAX	Aancientbuild.jpg	Aancientbuild.jpg	NOKEY	MAX	NOKEY
1447191460314	0	lts_1110L_24_01	24	01	1	235	0	0	0	CR	MAX	AACORN2.jpg	AACORN2.jpg	NOKEY	MAX	NOKEY
1447191463407	0	lts_1110L_24_01	24	01	1	236	0	0	0	CR	MAX	16/Ahulahoop2.jpg	Ahulahoop2.jpg	NOKEY	MAX	NOKEY
1447191464493	0	lts_1110L_24_01	24	01	1	237	16	1	1	Hit	601	16-first/Aeastcho6.jpg	Aeastcho6.jpg	SPACE	652	SPACE
1447191467586	0	lts_1110L_24_01	24	01	1	238	0	0	0	CR	MAX	64/8257947.thl.jpg	8257947.thl.jpg	NOKEY	MAX	NOKEY
1447191468706	0	lts_1110L_24_01	24	01	1	239	2	1	1	Hit	637	2-mul/Aeastcho6.jpg	Aeastcho6.jpg	SPACE	685	SPACE
1447191471782	0	lts_1110L_24_01	24	01	1	240	0	0	0	CR	MAX	Astroboscope5.jpg	Astroboscope5.jpg	NOKEY	MAX	NOKEY
1447191474857	0	lts_1110L_24_01	24	01	1	241	0	0	0	CR	MAX	23014927.thl.jpg	23014927.thl.jpg	NOKEY	MAX	NOKEY
1447191477950	0	lts_1110L_24_01	24	01	1	242	0	0	0	CR	MAX	2/Ateacherscert.jpg	Ateacherscert.jpg	NOKEY	MAX	NOKEY
1447191481044	0	lts_1110L_24_01	24	01	1	243	0	0	0	CR	MAX	ABRIDGE3.jpg	ABRIDGE3.jpg	NOKEY	MAX	NOKEY
1447191482047	0	lts_1110L_24_01	24	01	1	244	2	1	1	Hit	529	2-4/Ateacherscert.jpg	Ateacherscert.jpg	SPACE	569	SPACE
1447191485140	0	lts_1110L_24_01	24	01	1	245	0	0	0	CR	MAX	Ayoungbobcat.jpg	Ayoungbobcat.jpg	NOKEY	MAX	NOKEY
1447191488299	0	lts_1110L_24_01	24	01	1	246	0	0	0	CR	MAX	128/AANTCABL2.jpg	AANTCABL2.jpg	NOKEY	MAX	NOKEY
1447191489269	0	lts_1110L_24_01	24	01	1	247	16	1	1	Hit	491	16-first/Alaundrybask2.jpg	Alaundrybask2.jpg	SPACE	534	SPACE
1447191492362	0	lts_1110L_24_01	24	01	1	248	0	0	0	CR	MAX	Ahawk3.jpg	Ahawk3.jpg	NOKEY	MAX	NOKEY
1447191495455	0	lts_1110L_24_01	24	01	1	249	0	0	0	CR	MAX	Arubberducky2.jpg	Arubberducky2.jpg	NOKEY	MAX	NOKEY
1447191496925	0	lts_1110L_24_01	24	01	1	250	00	1	1	Hit	987	00-across/AHEADLIG9.jpg	AHEADLIG9.jpg	SPACE	1037	SPACE
1447191498213	0	lts_1110L_24_01	24	01	1	251	0	0	1	FA	813	ABAT.jpg	ABAT.jpg	SPACE	854	NOKEY
1447191499249	0	lts_1110L_24_01	24	01	1	252	16	1	1	Hit	564	16-first/Ahulahoop2.jpg	Ahulahoop2.jpg	SPACE	600	SPACE
1447191502342	0	lts_1110L_24_01	24	01	1	253	0	0	0	CR	MAX	blackjackcasinotable.jpg	blackjackcasinotable.jpg	NOKEY	MAX	NOKEY
1447191505418	0	lts_1110L_24_01	24	01	1	254	0	0	0	CR	MAX	ACASSETT2.jpg	ACASSETT2.jpg	NOKEY	MAX	NOKEY
1447191508511	0	lts_1110L_24_01	24	01	1	255	0	0	0	CR	MAX	Awaxlips.jpg	Awaxlips.jpg	NOKEY	MAX	NOKEY
1447191509497	0	lts_1110L_24_01	24	01	1	256	4	1	1	Hit	502	4-mul/Ahulahoop2.jpg	Ahulahoop2.jpg	SPACE	551	SPACE
1447191512590	0	lts_1110L_24_01	24	01	1	257	0	0	0	CR	MAX	Ataco.jpg	Ataco.jpg	NOKEY	MAX	NOKEY
1447191515666	0	lts_1110L_24_01	24	01	1	258	0	0	0	CR	MAX	64/AMIRRORT2.jpg	AMIRRORT2.jpg	NOKEY	MAX	NOKEY
1447191517622	0	lts_1110L_24_01	24	01	1	259	00	1	1	Hit	1486	00-across/26554880.thl.jpg	26554880.thl.jpg	SPACE	1521	SPACE
1447191520715	0	lts_1110L_24_01	24	01	1	260	0	0	0	CR	MAX	32/APILHELM2.jpg	APILHELM2.jpg	NOKEY	MAX	NOKEY
1447191523808	0	lts_1110L_24_01	24	01	1	261	0	0	0	CR	MAX	thumb-mermaidfamilly.jpg	thumb-mermaidfamilly.jpg	NOKEY	MAX	NOKEY
1447191526883	0	lts_1110L_24_01	24	01	1	262	0	0	0	CR	MAX	4/AWOODST19.jpg	AWOODST19.jpg	NOKEY	MAX	NOKEY
1447191527803	0	lts_1110L_24_01	24	01	1	263	16	1	1	Hit	450	16-mul/Alaundrybask2.jpg	Alaundrybask2.jpg	SPACE	486	SPACE
1447191530895	0	lts_1110L_24_01	24	01	1	264	0	0	0	CR	MAX	ACIGCUTT.jpg	ACIGCUTT.jpg	NOKEY	MAX	NOKEY
1447191532100	0	lts_1110L_24_01	24	01	1	265	0	0	1	FA	703	ATOILROL2.jpg	ATOILROL2.jpg	SPACE	754	NOKEY
1447191533320	0	lts_1110L_24_01	24	01	1	266	4	1	1	Hit	747	4-12/AWOODST19.jpg	AWOODST19.jpg	SPACE	785	SPACE
1447191536396	0	lts_1110L_24_01	24	01	1	267	0	0	0	CR	MAX	8/origami.jpg	origami.jpg	NOKEY	MAX	NOKEY
1447191539473	0	lts_1110L_24_01	24	01	1	268	0	0	0	CR	MAX	26388148.thl.jpg	26388148.thl.jpg	NOKEY	MAX	NOKEY
1447191540592	0	lts_1110L_24_01	24	01	1	269	64	1	1	Hit	643	64-first/Agasblower2.jpg	Agasblower2.jpg	SPACE	685	SPACE
1447191543669	0	lts_1110L_24_01	24	01	1	270	0	0	0	CR	MAX	AREDBEAN5.jpg	AREDBEAN5.jpg	NOKEY	MAX	NOKEY
1447191546745	0	lts_1110L_24_01	24	01	1	271	0	0	0	CR	MAX	gymbench.jpg	gymbench.jpg	NOKEY	MAX	NOKEY
1447191547981	0	lts_1110L_24_01	24	01	1	272	128	1	1	Hit	757	128-1/matchbook.jpg	matchbook.jpg	SPACE	803	SPACE
1447191551058	0	lts_1110L_24_01	24	01	1	273	0	0	0	CR	MAX	26282693.thl.jpg	26282693.thl.jpg	NOKEY	MAX	NOKEY
1447191554134	0	lts_1110L_24_01	24	01	1	274	0	0	0	CR	MAX	ACOWCREAM.jpg	ACOWCREAM.jpg	NOKEY	MAX	NOKEY
1447191555187	0	lts_1110L_24_01	24	01	1	275	8	1	1	Hit	568	8-first/origami.jpg	origami.jpg	SPACE	619	SPACE
1447191558263	0	lts_1110L_24_01	24	01	1	276	0	0	0	CR	MAX	ASHAMPO2.jpg	ASHAMPO2.jpg	NOKEY	MAX	NOKEY
1447191559233	0	lts_1110L_24_01	24	01	1	277	2	1	1	Hit	492	2-mul/origami.jpg	origami.jpg	SPACE	535	SPACE
1447191562309	0	lts_1110L_24_01	24	01	1	278	0	0	0	CR	MAX	ADOGTOY5.jpg	ADOGTOY5.jpg	NOKEY	MAX	NOKEY
1447191565385	0	lts_1110L_24_01	24	01	1	279	0	0	0	CR	MAX	26556936.thl.jpg	26556936.thl.jpg	NOKEY	MAX	NOKEY
1447191568478	0	lts_1110L_24_01	24	01	1	280	0	0	0	CR	MAX	2/26391173.thl.jpg	26391173.thl.jpg	NOKEY	MAX	NOKEY
1447191571554	0	lts_1110L_24_01	24	01	1	281	0	0	0	CR	MAX	26384871.thl.jpg	26384871.thl.jpg	NOKEY	MAX	NOKEY
1447191572540	0	lts_1110L_24_01	24	01	1	282	2	1	1	Hit	515	2-8/26391173.thl.jpg	26391173.thl.jpg	SPACE	552	SPACE
1447191575633	0	lts_1110L_24_01	24	01	1	283	0	0	0	CR	MAX	64/8257273.thl.jpg	8257273.thl.jpg	NOKEY	MAX	NOKEY
1447191578726	0	lts_1110L_24_01	24	01	1	284	0	0	0	CR	MAX	32/Apulley71.jpg	Apulley71.jpg	NOKEY	MAX	NOKEY
1447191579745	0	lts_1110L_24_01	24	01	1	285	16	1	1	Hit	540	16-mul/Agasblower2.jpg	Agasblower2.jpg	SPACE	585	SPACE
1447191582837	0	lts_1110L_24_01	24	01	1	286	0	0	0	CR	MAX	32/AVACUUM4.jpg	AVACUUM4.jpg	NOKEY	MAX	NOKEY
1447191585913	0	lts_1110L_24_01	24	01	1	287	0	0	0	CR	MAX	23028486.thl.jpg	23028486.thl.jpg	NOKEY	MAX	NOKEY
1447191588989	0	lts_1110L_24_01	24	01	1	288	0	0	0	CR	MAX	16/Astrawfan.jpg	Astrawfan.jpg	NOKEY	MAX	NOKEY
1447191592067	0	lts_1110L_24_01	24	01	1	289	0	0	0	CR	MAX	ACOFGRIN2.jpg	ACOFGRIN2.jpg	NOKEY	MAX	NOKEY
1447191595142	0	lts_1110L_24_01	24	01	1	290	0	0	0	CR	MAX	128/23077768.thl.jpg	23077768.thl.jpg	NOKEY	MAX	NOKEY
1447191598219	0	lts_1110L_24_01	24	01	1	291	0	0	0	CR	MAX	ASTEAMER4.jpg	ASTEAMER4.jpg	NOKEY	MAX	NOKEY
1447191599305	0	lts_1110L_24_01	24	01	1	292	32	1	1	Hit	608	32-0/APILHELM2.jpg	APILHELM2.jpg	SPACE	651	SPACE
1447191602398	0	lts_1110L_24_01	24	01	1	293	0	0	0	CR	MAX	oignonrings.jpg	oignonrings.jpg	NOKEY	MAX	NOKEY
1447191603485	0	lts_1110L_24_01	24	01	1	294	128	1	1	Hit	604	128-7/Abackaccesso4.jpg	Abackaccesso4.jpg	SPACE	651	SPACE
1447191606561	0	lts_1110L_24_01	24	01	1	295	0	0	0	CR	MAX	ACHAIRDE2.jpg	ACHAIRDE2.jpg	NOKEY	MAX	NOKEY
1447191609654	0	lts_1110L_24_01	24	01	1	296	0	0	0	CR	MAX	ACAROUSE2.jpg	ACAROUSE2.jpg	NOKEY	MAX	NOKEY
1447191612730	0	lts_1110L_24_01	24	01	1	297	0	0	0	CR	MAX	128/AAIRGAUGE.jpg	AAIRGAUGE.jpg	NOKEY	MAX	NOKEY
1447191615806	0	lts_1110L_24_01	24	01	1	298	0	0	0	CR	MAX	piece.jpg	piece.jpg	NOKEY	MAX	NOKEY
1447191618881	0	lts_1110L_24_01	24	01	1	299	0	0	0	CR	MAX	Acoatrack5.jpg	Acoatrack5.jpg	NOKEY	MAX	NOKEY
1447191621974	0	lts_1110L_24_01	24	01	1	300	0	0	0	CR	MAX	Ahat47.jpg	Ahat47.jpg	NOKEY	MAX	NOKEY
1447191625051	0	lts_1110L_24_01	24	01	1	301	0	0	0	CR	MAX	Acampingstov9.jpg	Acampingstov9.jpg	NOKEY	MAX	NOKEY
1447191626204	0	lts_1110L_24_01	24	01	1	302	64	1	1	Hit	669	64-first/8257947.thl.jpg	8257947.thl.jpg	SPACE	719	SPACE
1447191629297	0	lts_1110L_24_01	24	01	1	303	0	0	0	CR	MAX	Acaterpilla11.jpg	Acaterpilla11.jpg	NOKEY	MAX	NOKEY
1447191630417	0	lts_1110L_24_01	24	01	1	304	16	1	1	Hit	634	16-first/Astrawfan.jpg	Astrawfan.jpg	SPACE	685	SPACE
1447191633493	0	lts_1110L_24_01	24	01	1	305	0	0	0	CR	MAX	AWOODPYRA.jpg	AWOODPYRA.jpg	NOKEY	MAX	NOKEY
1447191634479	0	lts_1110L_24_01	24	01	1	306	4	1	1	Hit	509	4-mul/8257947.thl.jpg	8257947.thl.jpg	SPACE	551	SPACE
1447191637555	0	lts_1110L_24_01	24	01	1	307	0	0	0	CR	MAX	Aradio24.jpg	Aradio24.jpg	NOKEY	MAX	NOKEY
1447191638542	0	lts_1110L_24_01	24	01	1	308	4	1	1	Hit	501	4-mul/Astrawfan.jpg	Astrawfan.jpg	SPACE	552	SPACE
1447191641618	0	lts_1110L_24_01	24	01	1	309	0	0	0	CR	MAX	8250565.thl.jpg	8250565.thl.jpg	NOKEY	MAX	NOKEY
1447191644694	0	lts_1110L_24_01	24	01	1	310	0	0	0	CR	MAX	dftslpi.jpg	dftslpi.jpg	NOKEY	MAX	NOKEY
1447191647787	0	lts_1110L_24_01	24	01	1	311	0	0	0	CR	MAX	128/Awomansshoe3.jpg	Awomansshoe3.jpg	NOKEY	MAX	NOKEY
1447191650862	0	lts_1110L_24_01	24	01	1	312	0	0	0	CR	MAX	1/Aropeandclamp.jpg	Aropeandclamp.jpg	NOKEY	MAX	NOKEY
1447191652117	0	lts_1110L_24_01	24	01	1	313	1	1	1	Hit	780	1-0/Aropeandclamp.jpg	Aropeandclamp.jpg	SPACE	820	SPACE
1447191655193	0	lts_1110L_24_01	24	01	1	314	0	0	0	CR	MAX	ADOCKPOST.jpg	ADOCKPOST.jpg	NOKEY	MAX	NOKEY
1447191658269	0	lts_1110L_24_01	24	01	1	315	0	0	0	CR	MAX	Acane116.jpg	Acane116.jpg	NOKEY	MAX	NOKEY
1447191659456	0	lts_1110L_24_01	24	01	1	316	32	1	1	Hit	714	32-8/Apulley71.jpg	Apulley71.jpg	SPACE	753	SPACE
1447191662565	0	lts_1110L_24_01	24	01	1	317	0	0	0	CR	MAX	Acliplatch.jpg	Acliplatch.jpg	NOKEY	MAX	NOKEY
1447191665641	0	lts_1110L_24_01	24	01	1	318	32	1	0	Miss	MAX	32-9/AVACUUM4.jpg	AVACUUM4.jpg	NOKEY	MAX	SPACE
1447191668734	0	lts_1110L_24_01	24	01	1	319	0	0	0	CR	MAX	Acandycanesin.jpg	Acandycanesin.jpg	NOKEY	MAX	NOKEY
1447191671826	0	lts_1110L_24_01	24	01	1	320	0	0	0	CR	MAX	8/supersmilefloss.jpg	supersmilefloss.jpg	NOKEY	MAX	NOKEY
1447191674919	0	lts_1110L_24_01	24	01	1	321	0	0	0	CR	MAX	Ahousboa2.jpg	Ahousboa2.jpg	NOKEY	MAX	NOKEY
1447191676056	0	lts_1110L_24_01	24	01	1	322	64	1	1	Hit	652	64-first/AMIRRORT2.jpg	AMIRRORT2.jpg	SPACE	703	SPACE
1447191679133	0	lts_1110L_24_01	24	01	1	323	0	0	0	CR	MAX	1/Acomputerdriv.jpg	Acomputerdriv.jpg	NOKEY	MAX	NOKEY
1447191680136	0	lts_1110L_24_01	24	01	1	324	1	1	1	Hit	524	1-5/Acomputerdriv.jpg	Acomputerdriv.jpg	SPACE	568	SPACE
1447191683228	0	lts_1110L_24_01	24	01	1	325	0	0	0	CR	MAX	22826448.thl.jpg	22826448.thl.jpg	NOKEY	MAX	NOKEY
1447191686321	0	lts_1110L_24_01	24	01	1	326	0	0	0	CR	MAX	22856256.thl.jpg	22856256.thl.jpg	NOKEY	MAX	NOKEY
1447191688143	0	lts_1110L_24_01	24	01	1	327	0	0	1	FA	1323	workweightmach.jpg	workweightmach.jpg	SPACE	1371	NOKEY
1447191689263	0	lts_1110L_24_01	24	01	1	328	8	1	1	Hit	635	8-first/supersmilefloss.jpg	supersmilefloss.jpg	SPACE	684	SPACE
1447191692340	0	lts_1110L_24_01	24	01	1	329	0	0	0	CR	MAX	Aboots56.jpg	Aboots56.jpg	NOKEY	MAX	NOKEY
1447191693309	0	lts_1110L_24_01	24	01	1	330	2	1	1	Hit	485	2-mul/supersmilefloss.jpg	supersmilefloss.jpg	SPACE	534	SPACE
1447191696402	0	lts_1110L_24_01	24	01	1	331	0	0	0	CR	MAX	ACHOPBOWL.jpg	ACHOPBOWL.jpg	NOKEY	MAX	NOKEY
1447191699478	0	lts_1110L_24_01	24	01	1	332	0	0	0	CR	MAX	32/Aleaf74.jpg	Aleaf74.jpg	NOKEY	MAX	NOKEY
1447191702571	0	lts_1110L_24_01	24	01	1	333	0	0	0	CR	MAX	8256348.thl.jpg	8256348.thl.jpg	NOKEY	MAX	NOKEY
1447191705664	0	lts_1110L_24_01	24	01	1	334	0	0	0	CR	MAX	Apizzadoughin.jpg	Apizzadoughin.jpg	NOKEY	MAX	NOKEY
1447191708740	0	lts_1110L_24_01	24	01	1	335	0	0	0	CR	MAX	8048786.thl.jpg	8048786.thl.jpg	NOKEY	MAX	NOKEY
1447191711816	0	lts_1110L_24_01	24	01	1	336	0	0	0	CR	MAX	Aonewaysign2.jpg	Aonewaysign2.jpg	NOKEY	MAX	NOKEY
1447191714891	0	lts_1110L_24_01	24	01	1	337	0	0	0	CR	MAX	ASUSHI8.jpg	ASUSHI8.jpg	NOKEY	MAX	NOKEY
1447191715927	0	lts_1110L_24_01	24	01	1	338	16	1	1	Hit	552	16-mul/AMIRRORT2.jpg	AMIRRORT2.jpg	SPACE	603	SPACE
1447191719021	0	lts_1110L_24_01	24	01	1	339	0	0	0	CR	MAX	Afloweredsan3.jpg	Afloweredsan3.jpg	NOKEY	MAX	NOKEY
1447191722097	0	lts_1110L_24_01	24	01	1	340	0	0	0	CR	MAX	32/catsl60.jpg	catsl60.jpg	NOKEY	MAX	NOKEY
1447191725190	0	lts_1110L_24_01	24	01	1	341	0	0	0	CR	MAX	woodvase.jpg	woodvase.jpg	NOKEY	MAX	NOKEY
1447191728283	0	lts_1110L_24_01	24	01	1	342	0	0	0	CR	MAX	APAPYRUS.jpg	APAPYRUS.jpg	NOKEY	MAX	NOKEY
1447191731376	0	lts_1110L_24_01	24	01	1	343	0	0	0	CR	MAX	ABAKINGPA.jpg	ABAKINGPA.jpg	NOKEY	MAX	NOKEY
1447191734452	0	lts_1110L_24_01	24	01	1	344	0	0	0	CR	MAX	AELEPHAN7.jpg	AELEPHAN7.jpg	NOKEY	MAX	NOKEY
1447191737528	0	lts_1110L_24_01	24	01	1	345	0	0	0	CR	MAX	26443034.thl.jpg	26443034.thl.jpg	NOKEY	MAX	NOKEY
1447191740620	0	lts_1110L_24_01	24	01	1	346	0	0	0	CR	MAX	Acoral7.jpg	Acoral7.jpg	NOKEY	MAX	NOKEY
1447191741740	0	lts_1110L_24_01	24	01	1	347	64	1	1	Hit	648	64-first/8257273.thl.jpg	8257273.thl.jpg	SPACE	685	SPACE
1447191744832	0	lts_1110L_24_01	24	01	1	348	0	0	0	CR	MAX	ALAMP.jpg	ALAMP.jpg	NOKEY	MAX	NOKEY
1447191747908	0	lts_1110L_24_01	24	01	1	349	0	0	0	CR	MAX	ANECTARI3.jpg	ANECTARI3.jpg	NOKEY	MAX	NOKEY
1447191750984	0	lts_1110L_24_01	24	01	1	350	8	1	0	Miss	MAX	8/10049507.thl-1.jpg	10049507.thl-1.jpg	NOKEY	MAX	SPACE
1447191751971	0	lts_1110L_24_01	24	01	1	351	4	1	1	Hit	503	4-mul/8257273.thl.jpg	8257273.thl.jpg	SPACE	552	SPACE
1447191755065	0	lts_1110L_24_01	24	01	1	352	0	0	0	CR	MAX	AHUMIDIFI.jpg	AHUMIDIFI.jpg	NOKEY	MAX	NOKEY
1447191758157	0	lts_1110L_24_01	24	01	1	353	0	0	0	CR	MAX	ALITTERB2.jpg	ALITTERB2.jpg	NOKEY	MAX	NOKEY
1447191761233	0	lts_1110L_24_01	24	01	1	354	0	0	0	CR	MAX	36407685.thl.jpg	36407685.thl.jpg	NOKEY	MAX	NOKEY
1447191763005	0	lts_1110L_24_01	24	01	1	355	00	1	1	Hit	1291	00-across/AWASHCLOT.jpg	AWASHCLOT.jpg	SPACE	1337	SPACE
1447191766082	0	lts_1110L_24_01	24	01	1	356	0	0	0	CR	MAX	Aclamp62.jpg	Aclamp62.jpg	NOKEY	MAX	NOKEY
1447191767369	0	lts_1110L_24_01	24	01	1	357	0	0	1	FA	791	Ametalpress.jpg	Ametalpress.jpg	SPACE	835	NOKEY
1447191768472	0	lts_1110L_24_01	24	01	1	358	8	1	1	Hit	626	8-0/10049507.thl-1.jpg	10049507.thl-1.jpg	SPACE	669	SPACE
1447191771565	0	lts_1110L_24_01	24	01	1	359	0	0	0	CR	MAX	weddingdress.jpg	weddingdress.jpg	NOKEY	MAX	NOKEY
1447191774658	0	lts_1110L_24_01	24	01	1	360	0	0	0	CR	MAX	2/Atoy63.jpg	Atoy63.jpg	NOKEY	MAX	NOKEY
1447191776263	0	lts_1110L_24_01	24	01	1	361	0	0	1	FA	1115	8/AELECBEA6.jpg	AELECBEA6.jpg	SPACE	1152	NOKEY
1447191777633	0	lts_1110L_24_01	24	01	1	362	2	1	1	Hit	893	2-12/Atoy63.jpg	Atoy63.jpg	SPACE	936	SPACE
1447191780726	0	lts_1110L_24_01	24	01	1	363	0	0	0	CR	MAX	32/ATISSUE.jpg	ATISSUE.jpg	NOKEY	MAX	NOKEY
1447191781813	0	lts_1110L_24_01	24	01	1	364	32	1	1	Hit	613	32-7/Aleaf74.jpg	Aleaf74.jpg	SPACE	652	SPACE
1447191784888	0	lts_1110L_24_01	24	01	1	365	0	0	0	CR	MAX	AFIGHTP16.jpg	AFIGHTP16.jpg	NOKEY	MAX	NOKEY
1447191786076	0	lts_1110L_24_01	24	01	1	366	00	1	1	Hit	716	00-across/Akiwifruit6.jpg	Akiwifruit6.jpg	SPACE	754	SPACE
1447191787447	0	lts_1110L_24_01	24	01	1	367	0	0	1	FA	897	Amonkey5.jpg	Amonkey5.jpg	SPACE	937	NOKEY
1447191790540	0	lts_1110L_24_01	24	01	1	368	0	0	0	CR	MAX	vendingmachine.jpg	vendingmachine.jpg	NOKEY	MAX	NOKEY
1447191791559	0	lts_1110L_24_01	24	01	1	369	8	1	1	Hit	548	8-1/AELECBEA6.jpg	AELECBEA6.jpg	SPACE	585	SPACE
1447191794635	0	lts_1110L_24_01	24	01	1	370	0	0	0	CR	MAX	Ainflatable10.jpg	Ainflatable10.jpg	NOKEY	MAX	NOKEY
1447191797712	0	lts_1110L_24_01	24	01	1	371	0	0	0	CR	MAX	Aoutdoorprop3.jpg	Aoutdoorprop3.jpg	NOKEY	MAX	NOKEY
1447191798998	0	lts_1110L_24_01	24	01	1	372	32	1	1	Hit	812	32-1/catsl60.jpg	catsl60.jpg	SPACE	853	SPACE
1447191802075	0	lts_1110L_24_01	24	01	1	373	0	0	0	CR	MAX	AANTICOT.jpg	AANTICOT.jpg	NOKEY	MAX	NOKEY
1447191803312	0	lts_1110L_24_01	24	01	1	374	128	1	1	Hit	760	128-6/AANTCABL2.jpg	AANTCABL2.jpg	SPACE	802	SPACE
1447191806405	0	lts_1110L_24_01	24	01	1	375	0	0	0	CR	MAX	4/ATUNFORK2.jpg	ATUNFORK2.jpg	NOKEY	MAX	NOKEY
1447191809498	0	lts_1110L_24_01	24	01	1	376	0	0	0	CR	MAX	8/AARMHEL12.jpg	AARMHEL12.jpg	NOKEY	MAX	NOKEY
1447191812590	0	lts_1110L_24_01	24	01	1	377	0	0	0	CR	MAX	AFBLADE.jpg	AFBLADE.jpg	NOKEY	MAX	NOKEY
1447191815683	0	lts_1110L_24_01	24	01	1	378	0	0	0	CR	MAX	corkscrew02.jpg	corkscrew02.jpg	NOKEY	MAX	NOKEY
1447191816719	0	lts_1110L_24_01	24	01	1	379	4	1	1	Hit	566	4-2/ATUNFORK2.jpg	ATUNFORK2.jpg	SPACE	601	SPACE
1447191818057	0	lts_1110L_24_01	24	01	1	380	0	0	1	FA	866	26686595.thl.jpg	26686595.thl.jpg	SPACE	903	NOKEY
1447191821150	0	lts_1110L_24_01	24	01	1	381	0	0	0	CR	MAX	stone.jpg	stone.jpg	NOKEY	MAX	NOKEY
1447191824226	0	lts_1110L_24_01	24	01	1	382	0	0	0	CR	MAX	16/26373407.thl.jpg	26373407.thl.jpg	NOKEY	MAX	NOKEY
1447191827302	0	lts_1110L_24_01	24	01	1	383	0	0	0	CR	MAX	Atotemp10.jpg	Atotemp10.jpg	NOKEY	MAX	NOKEY
1447191828422	0	lts_1110L_24_01	24	01	1	384	8	1	1	Hit	644	8-first/AARMHEL12.jpg	AARMHEL12.jpg	SPACE	686	SPACE
1447191831498	0	lts_1110L_24_01	24	01	1	385	0	0	0	CR	MAX	Aflower102.jpg	Aflower102.jpg	NOKEY	MAX	NOKEY
1447191834574	0	lts_1110L_24_01	24	01	1	386	0	0	0	CR	MAX	ADENSYRIN.jpg	ADENSYRIN.jpg	NOKEY	MAX	NOKEY
1447191837667	0	lts_1110L_24_01	24	01	1	387	0	0	0	CR	MAX	AFRYPAN7.jpg	AFRYPAN7.jpg	NOKEY	MAX	NOKEY
1447191840760	0	lts_1110L_24_01	24	01	1	388	0	0	0	CR	MAX	caramel.jpg	caramel.jpg	NOKEY	MAX	NOKEY
1447191843835	0	lts_1110L_24_01	24	01	1	389	0	0	0	CR	MAX	16/Atoyhelicopte.jpg	Atoyhelicopte.jpg	NOKEY	MAX	NOKEY
1447191846928	0	lts_1110L_24_01	24	01	1	390	0	0	0	CR	MAX	32/Acrabwalking.jpg	Acrabwalking.jpg	NOKEY	MAX	NOKEY
1447191850021	0	lts_1110L_24_01	24	01	1	391	0	0	0	CR	MAX	1/ice.jpg	ice.jpg	NOKEY	MAX	NOKEY
1447191851091	0	lts_1110L_24_01	24	01	1	392	1	1	1	Hit	586	1-3/ice.jpg	ice.jpg	SPACE	635	SPACE
1447191854167	0	lts_1110L_24_01	24	01	1	393	0	0	0	CR	MAX	26423175.thl.jpg	26423175.thl.jpg	NOKEY	MAX	NOKEY
1447191857260	0	lts_1110L_24_01	24	01	1	394	0	0	0	CR	MAX	AFLOURBA2.jpg	AFLOURBA2.jpg	NOKEY	MAX	NOKEY
1447191860336	0	lts_1110L_24_01	24	01	1	395	32	1	0	Miss	MAX	32-2/ATISSUE.jpg	ATISSUE.jpg	NOKEY	MAX	SPACE
1447191863412	0	lts_1110L_24_01	24	01	1	396	0	0	0	CR	MAX	AHUNTVES2.jpg	AHUNTVES2.jpg	NOKEY	MAX	NOKEY
1447191866488	0	lts_1110L_24_01	24	01	1	397	0	0	0	CR	MAX	Ababtoy13.jpg	Ababtoy13.jpg	NOKEY	MAX	NOKEY
1447191867592	0	lts_1110L_24_01	24	01	1	398	16	1	1	Hit	629	16-1/26373407.thl.jpg	26373407.thl.jpg	SPACE	669	SPACE
1447191868779	0	lts_1110L_24_01	24	01	1	399	0	0	1	FA	709	4/Alatch7.jpg	Alatch7.jpg	SPACE	753	NOKEY
1447191869881	0	lts_1110L_24_01	24	01	1	400	16	1	1	Hit	622	16-mul/AARMHEL12.jpg	AARMHEL12.jpg	SPACE	669	SPACE
1447191872974	0	lts_1110L_24_01	24	01	1	401	0	0	0	CR	MAX	8/22861656.thl.jpg	22861656.thl.jpg	NOKEY	MAX	NOKEY
1447191876068	0	lts_1110L_24_01	24	01	1	402	0	0	0	CR	MAX	playjukebox.jpg	playjukebox.jpg	NOKEY	MAX	NOKEY
1447191877087	0	lts_1110L_24_01	24	01	1	403	4	1	1	Hit	537	4-9/Alatch7.jpg	Alatch7.jpg	SPACE	585	SPACE
1447191880180	0	lts_1110L_24_01	24	01	1	404	0	0	0	CR	MAX	16/ASTENORA2.jpg	ASTENORA2.jpg	NOKEY	MAX	NOKEY
1447191881401	0	lts_1110L_24_01	24	01	1	405	16	1	1	Hit	746	16-first/Atoyhelicopte.jpg	Atoyhelicopte.jpg	SPACE	784	SPACE
1447191884493	0	lts_1110L_24_01	24	01	1	406	0	0	0	CR	MAX	AROUNDFR3.jpg	AROUNDFR3.jpg	NOKEY	MAX	NOKEY
1447191885563	0	lts_1110L_24_01	24	01	1	407	2	1	1	Hit	589	2-mul/Atoyhelicopte.jpg	Atoyhelicopte.jpg	SPACE	635	SPACE
1447191888656	0	lts_1110L_24_01	24	01	1	408	0	0	0	CR	MAX	26433387.thl.jpg	26433387.thl.jpg	NOKEY	MAX	NOKEY
1447191889693	0	lts_1110L_24_01	24	01	1	409	8	1	1	Hit	564	8-first/22861656.thl.jpg	22861656.thl.jpg	SPACE	601	SPACE
1447191892769	0	lts_1110L_24_01	24	01	1	410	0	0	0	CR	MAX	AMAGGLASS.jpg	AMAGGLASS.jpg	NOKEY	MAX	NOKEY
1447191895844	0	lts_1110L_24_01	24	01	1	411	0	0	0	CR	MAX	ALIQBOOK.jpg	ALIQBOOK.jpg	NOKEY	MAX	NOKEY
1447191898920	0	lts_1110L_24_01	24	01	1	412	0	0	0	CR	MAX	AFISHNET3.jpg	AFISHNET3.jpg	NOKEY	MAX	NOKEY
1447191900007	0	lts_1110L_24_01	24	01	1	413	4	1	1	Hit	618	4-mul/22861656.thl.jpg	22861656.thl.jpg	SPACE	653	SPACE
1447191903084	0	lts_1110L_24_01	24	01	1	414	0	0	0	CR	MAX	ABRANCHES.jpg	ABRANCHES.jpg	NOKEY	MAX	NOKEY
1447191906176	0	lts_1110L_24_01	24	01	1	415	0	0	0	CR	MAX	Aclamp55.jpg	Aclamp55.jpg	NOKEY	MAX	NOKEY
1447191909269	0	lts_1110L_24_01	24	01	1	416	0	0	0	CR	MAX	Atoy35.jpg	Atoy35.jpg	NOKEY	MAX	NOKEY
1447191912345	0	lts_1110L_24_01	24	01	1	417	0	0	0	CR	MAX	Aantiquesofa4.jpg	Aantiquesofa4.jpg	NOKEY	MAX	NOKEY
1447191915421	0	lts_1110L_24_01	24	01	1	418	128	1	0	Miss	MAX	128-5/23077768.thl.jpg	23077768.thl.jpg	NOKEY	MAX	SPACE
1447191918514	0	lts_1110L_24_01	24	01	1	419	0	0	0	CR	MAX	AALTAR.jpg	AALTAR.jpg	NOKEY	MAX	NOKEY
1447191919867	0	lts_1110L_24_01	24	01	1	420	16	1	1	Hit	876	16-first/ASTENORA2.jpg	ASTENORA2.jpg	SPACE	919	SPACE
1447191922960	0	lts_1110L_24_01	24	01	1	421	0	0	0	CR	MAX	peanutbutter.jpg	peanutbutter.jpg	NOKEY	MAX	NOKEY
1447191924014	0	lts_1110L_24_01	24	01	1	422	32	1	1	Hit	577	32-5/Acrabwalking.jpg	Acrabwalking.jpg	SPACE	620	SPACE
1447191927107	0	lts_1110L_24_01	24	01	1	423	0	0	0	CR	MAX	4/Abaggcon2.jpg	Abaggcon2.jpg	NOKEY	MAX	NOKEY
1447191930183	0	lts_1110L_24_01	24	01	1	424	0	0	0	CR	MAX	8/26427867.thl.jpg	26427867.thl.jpg	NOKEY	MAX	NOKEY
1447191931470	0	lts_1110L_24_01	24	01	1	425	128	1	1	Hit	807	128-0/AAIRGAUGE.jpg	AAIRGAUGE.jpg	SPACE	852	SPACE
1447191934563	0	lts_1110L_24_01	24	01	1	426	0	0	0	CR	MAX	ASCREEN3.jpg	ASCREEN3.jpg	NOKEY	MAX	NOKEY
1447191935849	0	lts_1110L_24_01	24	01	1	427	4	1	1	Hit	810	4-4/Abaggcon2.jpg	Abaggcon2.jpg	SPACE	852	SPACE
1447191938925	0	lts_1110L_24_01	24	01	1	428	0	0	0	CR	MAX	AORGAN.jpg	AORGAN.jpg	NOKEY	MAX	NOKEY
1447191942002	0	lts_1110L_24_01	24	01	1	429	0	0	0	CR	MAX	1/AHAZELNU3.jpg	AHAZELNU3.jpg	NOKEY	MAX	NOKEY
1447191943072	0	lts_1110L_24_01	24	01	1	430	1	1	1	Hit	593	1-13/AHAZELNU3.jpg	AHAZELNU3.jpg	SPACE	635	SPACE
1447191946148	0	lts_1110L_24_01	24	01	1	431	0	0	0	CR	MAX	22822309.thl.jpg	22822309.thl.jpg	NOKEY	MAX	NOKEY
1447191949224	0	lts_1110L_24_01	24	01	1	432	8	1	0	Miss	MAX	8-first/26427867.thl.jpg	26427867.thl.jpg	NOKEY	MAX	SPACE
1447191952317	0	lts_1110L_24_01	24	01	1	433	0	0	0	CR	MAX	Aearsyringe.jpg	Aearsyringe.jpg	NOKEY	MAX	NOKEY
1447191953370	0	lts_1110L_24_01	24	01	1	434	2	1	1	Hit	580	2-mul/26427867.thl.jpg	26427867.thl.jpg	SPACE	617	SPACE
1447191956463	0	lts_1110L_24_01	24	01	1	435	0	0	0	CR	MAX	ABEADS4.jpg	ABEADS4.jpg	NOKEY	MAX	NOKEY
1447191957483	0	lts_1110L_24_01	24	01	1	436	16	1	1	Hit	550	16-mul/ASTENORA2.jpg	ASTENORA2.jpg	SPACE	585	SPACE
1447191958687	0	lts_1110L_24_01	24	01	1	437	0	0	1	FA	662	26426575.thl.jpg	26426575.thl.jpg	SPACE	703	NOKEY
1447191961763	0	lts_1110L_24_01	24	01	1	438	0	0	0	CR	MAX	ACLOGOPE3.jpg	ACLOGOPE3.jpg	NOKEY	MAX	NOKEY
1447191962982	0	lts_1110L_24_01	24	01	1	439	128	1	1	Hit	749	128-3/Awomansshoe3.jpg	Awomansshoe3.jpg	SPACE	786	SPACE
1447191966076	0	lts_1110L_24_01	24	01	1	440	0	0	0	CR	MAX	1/AWALLEYE2.jpg	AWALLEYE2.jpg	NOKEY	MAX	NOKEY
1447191967079	0	lts_1110L_24_01	24	01	1	441	1	1	1	Hit	521	1-12/AWALLEYE2.jpg	AWALLEYE2.jpg	SPACE	569	SPACE
1447191970172	0	lts_1110L_24_01	24	01	1	442	0	0	0	CR	MAX	chocolatebar.jpg	chocolatebar.jpg	NOKEY	MAX	NOKEY
1447191973248	0	lts_1110L_24_01	24	01	1	443	0	0	0	CR	MAX	4/Ashovel8.jpg	Ashovel8.jpg	NOKEY	MAX	NOKEY
1447191976341	0	lts_1110L_24_01	24	01	1	444	0	0	0	CR	MAX	APASTA19.jpg	APASTA19.jpg	NOKEY	MAX	NOKEY
1447191977344	0	lts_1110L_24_01	24	01	1	445	00	1	1	Hit	517	00-across/APALLETT2.jpg	APALLETT2.jpg	SPACE	568	SPACE
1447191980420	0	lts_1110L_24_01	24	01	1	446	0	0	0	CR	MAX	underwear.jpg	underwear.jpg	NOKEY	MAX	NOKEY
1447191981507	0	lts_1110L_24_01	24	01	1	447	4	1	1	Hit	608	4-8/Ashovel8.jpg	Ashovel8.jpg	SPACE	652	SPACE
1447191984583	0	lts_1110L_24_01	24	01	1	448	0	0	0	CR	MAX	Aspinningwhe2.jpg	Aspinningwhe2.jpg	NOKEY	MAX	NOKEY
1447191987659	0	lts_1110L_24_01	24	01	1	449	0	0	0	CR	MAX	ACOFFGRI9.jpg	ACOFFGRI9.jpg	NOKEY	MAX	NOKEY
1447192038541	0	E	Logging Ends
