1447439086915	0	B	Logging Begins
1447439369695	0	lts_1113I_29_01	29	01	0	0	0	0	0	CR	MAX	ACHAIR.jpg	ACHAIR.jpg	NOKEY	MAX	NOKEY
1447439372788	0	lts_1113I_29_01	29	01	0	1	8	1	0	Miss	MAX	8/MAT-J0150-J0153.jpg	MAT-J0150-J0153.jpg	NOKEY	MAX	SPACE
1447439375864	0	lts_1113I_29_01	29	01	0	2	0	0	0	CR	MAX	1/ARUSH.jpg	ARUSH.jpg	NOKEY	MAX	NOKEY
1447439377018	0	lts_1113I_29_01	29	01	0	3	1	1	1	Hit	670	1-8/ARUSH.jpg	ARUSH.jpg	SPACE	719	SPACE
1447439380111	0	lts_1113I_29_01	29	01	0	4	0	0	0	CR	MAX	26391079.thl.jpg	26391079.thl.jpg	NOKEY	MAX	NOKEY
1447439383186	0	lts_1113I_29_01	29	01	0	5	0	0	0	CR	MAX	10049816.thl.jpg	10049816.thl.jpg	NOKEY	MAX	NOKEY
1447439386262	0	lts_1113I_29_01	29	01	0	6	0	0	0	CR	MAX	1/ABIRDCAG2.jpg	ABIRDCAG2.jpg	NOKEY	MAX	NOKEY
1447439387315	0	lts_1113I_29_01	29	01	0	7	1	1	1	Hit	573	1-11/ABIRDCAG2.jpg	ABIRDCAG2.jpg	SPACE	618	SPACE
1447439390391	0	lts_1113I_29_01	29	01	0	8	0	0	0	CR	MAX	ABABYPIN2.jpg	ABABYPIN2.jpg	NOKEY	MAX	NOKEY
1447439391478	0	lts_1113I_29_01	29	01	0	9	8	1	1	Hit	605	8-first/MAT-J0150-J0153.jpg	MAT-J0150-J0153.jpg	SPACE	653	SPACE
1447439394554	0	lts_1113I_29_01	29	01	0	10	0	0	0	CR	MAX	4/Aashtray67.jpg	Aashtray67.jpg	NOKEY	MAX	NOKEY
1447439397630	0	lts_1113I_29_01	29	01	0	11	0	0	0	CR	MAX	AHEATER.jpg	AHEATER.jpg	NOKEY	MAX	NOKEY
1447439399002	0	lts_1113I_29_01	29	01	0	12	0	0	1	FA	879	Apaperclip6.jpg	Apaperclip6.jpg	SPACE	919	NOKEY
1447439402078	0	lts_1113I_29_01	29	01	0	13	0	0	0	CR	MAX	64/A25thdec3.jpg	A25thdec3.jpg	NOKEY	MAX	NOKEY
1447439403181	0	lts_1113I_29_01	29	01	0	14	4	1	1	Hit	630	4-0/Aashtray67.jpg	Aashtray67.jpg	SPACE	667	SPACE
1447439406257	0	lts_1113I_29_01	29	01	0	15	0	0	0	CR	MAX	4/26375982.thl.jpg	26375982.thl.jpg	NOKEY	MAX	NOKEY
1447439409349	0	lts_1113I_29_01	29	01	0	16	0	0	0	CR	MAX	64/Aspecimenbot5.jpg	Aspecimenbot5.jpg	NOKEY	MAX	NOKEY
1447439412425	0	lts_1113I_29_01	29	01	0	17	0	0	0	CR	MAX	26389125.thl.jpg	26389125.thl.jpg	NOKEY	MAX	NOKEY
1447439415501	0	lts_1113I_29_01	29	01	0	18	0	0	0	CR	MAX	4/Acomputerdes8.jpg	Acomputerdes8.jpg	NOKEY	MAX	NOKEY
1447439416538	0	lts_1113I_29_01	29	01	0	19	4	1	1	Hit	558	4-1/26375982.thl.jpg	26375982.thl.jpg	SPACE	602	SPACE
1447439419631	0	lts_1113I_29_01	29	01	0	20	0	0	0	CR	MAX	AWASHSIGN.jpg	AWASHSIGN.jpg	NOKEY	MAX	NOKEY
1447439422724	0	lts_1113I_29_01	29	01	0	21	0	0	0	CR	MAX	ALINTREMO.jpg	ALINTREMO.jpg	NOKEY	MAX	NOKEY
1447439423777	0	lts_1113I_29_01	29	01	0	22	4	1	1	Hit	582	4-5/Acomputerdes8.jpg	Acomputerdes8.jpg	SPACE	619	SPACE
1447439426870	0	lts_1113I_29_01	29	01	0	23	0	0	0	CR	MAX	Awoodplaner2.jpg	Awoodplaner2.jpg	NOKEY	MAX	NOKEY
1447439429962	0	lts_1113I_29_01	29	01	0	24	0	0	0	CR	MAX	frtslpamix.jpg	frtslpamix.jpg	NOKEY	MAX	NOKEY
1447439430882	0	lts_1113I_29_01	29	01	0	25	16	1	1	Hit	442	16-mul/MAT-J0150-J0153.jpg	MAT-J0150-J0153.jpg	SPACE	485	SPACE
1447439433958	0	lts_1113I_29_01	29	01	0	26	0	0	0	CR	MAX	AMANGO.jpg	AMANGO.jpg	NOKEY	MAX	NOKEY
1447439437035	0	lts_1113I_29_01	29	01	0	27	0	0	0	CR	MAX	26390189.thl.jpg	26390189.thl.jpg	NOKEY	MAX	NOKEY
1447439440111	0	lts_1113I_29_01	29	01	0	28	0	0	0	CR	MAX	2/greenbeans.jpg	greenbeans.jpg	NOKEY	MAX	NOKEY
1447439443186	0	lts_1113I_29_01	29	01	0	29	0	0	0	CR	MAX	battery.jpg	battery.jpg	NOKEY	MAX	NOKEY
1447439444139	0	lts_1113I_29_01	29	01	0	30	2	1	1	Hit	479	2-10/greenbeans.jpg	greenbeans.jpg	SPACE	518	SPACE
1447439447215	0	lts_1113I_29_01	29	01	0	31	0	0	0	CR	MAX	Apercussioni3.jpg	Apercussioni3.jpg	NOKEY	MAX	NOKEY
1447439450308	0	lts_1113I_29_01	29	01	0	32	0	0	0	CR	MAX	Atripod5.jpg	Atripod5.jpg	NOKEY	MAX	NOKEY
1447439453384	0	lts_1113I_29_01	29	01	0	33	0	0	0	CR	MAX	2/ABREAD.jpg	ABREAD.jpg	NOKEY	MAX	NOKEY
1447439456460	0	lts_1113I_29_01	29	01	0	34	0	0	0	CR	MAX	zip-a.jpg	zip-a.jpg	NOKEY	MAX	NOKEY
1447439457463	0	lts_1113I_29_01	29	01	0	35	2	1	1	Hit	535	2-11/ABREAD.jpg	ABREAD.jpg	SPACE	569	SPACE
1447439460539	0	lts_1113I_29_01	29	01	0	36	0	0	0	CR	MAX	ADOGSNACK.jpg	ADOGSNACK.jpg	NOKEY	MAX	NOKEY
1447439463615	0	lts_1113I_29_01	29	01	0	37	0	0	0	CR	MAX	32/Apump4.jpg	Apump4.jpg	NOKEY	MAX	NOKEY
1447439466712	0	lts_1113I_29_01	29	01	0	38	0	0	0	CR	MAX	8245207.thl.jpg	8245207.thl.jpg	NOKEY	MAX	NOKEY
1447439469804	0	lts_1113I_29_01	29	01	0	39	0	0	0	CR	MAX	64/Achowchowdog.jpg	Achowchowdog.jpg	NOKEY	MAX	NOKEY
1447439472880	0	lts_1113I_29_01	29	01	0	40	0	0	0	CR	MAX	26387568.thl.jpg	26387568.thl.jpg	NOKEY	MAX	NOKEY
1447439475956	0	lts_1113I_29_01	29	01	0	41	0	0	0	CR	MAX	2/26423242.thl.jpg	26423242.thl.jpg	NOKEY	MAX	NOKEY
1447439479033	0	lts_1113I_29_01	29	01	0	42	0	0	0	CR	MAX	26461587.thl.jpg	26461587.thl.jpg	NOKEY	MAX	NOKEY
1447439480103	0	lts_1113I_29_01	29	01	0	43	2	1	1	Hit	596	2-3/26423242.thl.jpg	26423242.thl.jpg	SPACE	634	SPACE
1447439483178	0	lts_1113I_29_01	29	01	0	44	0	0	0	CR	MAX	4/carseat.jpg	carseat.jpg	NOKEY	MAX	NOKEY
1447439486271	0	lts_1113I_29_01	29	01	0	45	0	0	0	CR	MAX	sphinx.jpg	sphinx.jpg	NOKEY	MAX	NOKEY
1447439489347	0	lts_1113I_29_01	29	01	0	46	0	0	0	CR	MAX	D_golfcart.jpg	D_golfcart.jpg	NOKEY	MAX	NOKEY
1447439492440	0	lts_1113I_29_01	29	01	0	47	0	0	0	CR	MAX	igloo.jpg	igloo.jpg	NOKEY	MAX	NOKEY
1447439493493	0	lts_1113I_29_01	29	01	0	48	4	1	1	Hit	581	4-9/carseat.jpg	carseat.jpg	SPACE	619	SPACE
1447439496586	0	lts_1113I_29_01	29	01	0	49	0	0	0	CR	MAX	8/Astamp23.jpg	Astamp23.jpg	NOKEY	MAX	NOKEY
1447439499662	0	lts_1113I_29_01	29	01	0	50	0	0	0	CR	MAX	Apersonsfoot.jpg	Apersonsfoot.jpg	NOKEY	MAX	NOKEY
1447439502738	0	lts_1113I_29_01	29	01	0	51	0	0	0	CR	MAX	Awaxlips.jpg	Awaxlips.jpg	NOKEY	MAX	NOKEY
1447439505814	0	lts_1113I_29_01	29	01	0	52	0	0	0	CR	MAX	labyrinthe.jpg	labyrinthe.jpg	NOKEY	MAX	NOKEY
1447439508907	0	lts_1113I_29_01	29	01	0	53	0	0	0	CR	MAX	AELECTHE4.jpg	AELECTHE4.jpg	NOKEY	MAX	NOKEY
1447439511983	0	lts_1113I_29_01	29	01	0	54	0	0	0	CR	MAX	32/showercurtainsuchi.jpg	showercurtainsuchi.jpg	NOKEY	MAX	NOKEY
1447439515060	0	lts_1113I_29_01	29	01	0	55	0	0	0	CR	MAX	4/hotgreenpepper.jpg	hotgreenpepper.jpg	NOKEY	MAX	NOKEY
1447439518135	0	lts_1113I_29_01	29	01	0	56	0	0	0	CR	MAX	8/AKETTLE35.jpg	AKETTLE35.jpg	NOKEY	MAX	NOKEY
1447439519239	0	lts_1113I_29_01	29	01	0	57	8	1	1	Hit	624	8-1/Astamp23.jpg	Astamp23.jpg	SPACE	668	SPACE
1447439522315	0	lts_1113I_29_01	29	01	0	58	0	0	0	CR	MAX	16/Acementfinish.jpg	Acementfinish.jpg	NOKEY	MAX	NOKEY
1447439523368	0	lts_1113I_29_01	29	01	0	59	4	1	1	Hit	583	4-11/hotgreenpepper.jpg	hotgreenpepper.jpg	SPACE	619	SPACE
1447439526461	0	lts_1113I_29_01	29	01	0	60	0	0	0	CR	MAX	ASNOWTOY2.jpg	ASNOWTOY2.jpg	NOKEY	MAX	NOKEY
1447439529553	0	lts_1113I_29_01	29	01	0	61	0	0	0	CR	MAX	1/gondola.jpg	gondola.jpg	NOKEY	MAX	NOKEY
1447439530607	0	lts_1113I_29_01	29	01	0	62	1	1	1	Hit	576	1-3/gondola.jpg	gondola.jpg	SPACE	619	SPACE
1447439533683	0	lts_1113I_29_01	29	01	0	63	0	0	0	CR	MAX	ARCMPPOL2.jpg	ARCMPPOL2.jpg	NOKEY	MAX	NOKEY
1447439534686	0	lts_1113I_29_01	29	01	0	64	8	1	1	Hit	534	8-first/AKETTLE35.jpg	AKETTLE35.jpg	SPACE	569	SPACE
1447439537762	0	lts_1113I_29_01	29	01	0	65	0	0	0	CR	MAX	AASPHALT.jpg	AASPHALT.jpg	NOKEY	MAX	NOKEY
1447439538865	0	lts_1113I_29_01	29	01	0	66	2	1	1	Hit	631	2-mul/AKETTLE35.jpg	AKETTLE35.jpg	SPACE	669	SPACE
1447439541941	0	lts_1113I_29_01	29	01	0	67	0	0	0	CR	MAX	railroadblock.jpg	railroadblock.jpg	NOKEY	MAX	NOKEY
1447439545035	0	lts_1113I_29_01	29	01	0	68	0	0	0	CR	MAX	Abagofpaperfl.jpg	Abagofpaperfl.jpg	NOKEY	MAX	NOKEY
1447439546137	0	lts_1113I_29_01	29	01	0	69	32	1	1	Hit	619	32-9/Apump4.jpg	Apump4.jpg	SPACE	667	SPACE
1447439549214	0	lts_1113I_29_01	29	01	0	70	0	0	0	CR	MAX	APILLS5.jpg	APILLS5.jpg	NOKEY	MAX	NOKEY
1447439552290	0	lts_1113I_29_01	29	01	0	71	0	0	0	CR	MAX	Ascarf7.jpg	Ascarf7.jpg	NOKEY	MAX	NOKEY
1447439555366	0	lts_1113I_29_01	29	01	0	72	0	0	0	CR	MAX	ASMOKMEAT.jpg	ASMOKMEAT.jpg	NOKEY	MAX	NOKEY
1447439558458	0	lts_1113I_29_01	29	01	0	73	0	0	0	CR	MAX	Aantiquerota7.jpg	Aantiquerota7.jpg	NOKEY	MAX	NOKEY
1447439559512	0	lts_1113I_29_01	29	01	0	74	16	1	1	Hit	553	16-1/Acementfinish.jpg	Acementfinish.jpg	SPACE	603	SPACE
1447439562604	0	lts_1113I_29_01	29	01	0	75	0	0	0	CR	MAX	Atoytractor17.jpg	Atoytractor17.jpg	NOKEY	MAX	NOKEY
1447439565681	0	lts_1113I_29_01	29	01	0	76	0	0	0	CR	MAX	AHEARTES3.jpg	AHEARTES3.jpg	NOKEY	MAX	NOKEY
1447439566750	0	lts_1113I_29_01	29	01	0	77	64	1	1	Hit	585	64-first/A25thdec3.jpg	A25thdec3.jpg	SPACE	635	SPACE
1447439569827	0	lts_1113I_29_01	29	01	0	78	0	0	0	CR	MAX	Aconnector2.jpg	Aconnector2.jpg	NOKEY	MAX	NOKEY
1447439572919	0	lts_1113I_29_01	29	01	0	79	0	0	0	CR	MAX	Acdrominterf2.jpg	Acdrominterf2.jpg	NOKEY	MAX	NOKEY
1447439573939	0	lts_1113I_29_01	29	01	0	80	64	1	1	Hit	534	64-first/Aspecimenbot5.jpg	Aspecimenbot5.jpg	SPACE	585	SPACE
1447439577016	0	lts_1113I_29_01	29	01	0	81	0	0	0	CR	MAX	ACUSHIO60.jpg	ACUSHIO60.jpg	NOKEY	MAX	NOKEY
1447439580109	0	lts_1113I_29_01	29	01	0	82	0	0	0	CR	MAX	ASUSHI9.jpg	ASUSHI9.jpg	NOKEY	MAX	NOKEY
1447439583184	0	lts_1113I_29_01	29	01	0	83	0	0	0	CR	MAX	AANTRAD24.jpg	AANTRAD24.jpg	NOKEY	MAX	NOKEY
1447439586260	0	lts_1113I_29_01	29	01	0	84	0	0	0	CR	MAX	AELECRAZ7.jpg	AELECRAZ7.jpg	NOKEY	MAX	NOKEY
1447439589353	0	lts_1113I_29_01	29	01	0	85	0	0	0	CR	MAX	AJOYSTIC1.jpg	AJOYSTIC1.jpg	NOKEY	MAX	NOKEY
1447439590406	0	lts_1113I_29_01	29	01	0	86	32	1	1	Hit	571	32-6/showercurtainsuchi.jpg	showercurtainsuchi.jpg	SPACE	619	SPACE
1447439593482	0	lts_1113I_29_01	29	01	0	87	0	0	0	CR	MAX	26423812.thl.jpg	26423812.thl.jpg	NOKEY	MAX	NOKEY
1447439596558	0	lts_1113I_29_01	29	01	0	88	0	0	0	CR	MAX	AMICROWA2.jpg	AMICROWA2.jpg	NOKEY	MAX	NOKEY
1447439599651	0	lts_1113I_29_01	29	01	0	89	0	0	0	CR	MAX	2/Awindtoy5.jpg	Awindtoy5.jpg	NOKEY	MAX	NOKEY
1447439602727	0	lts_1113I_29_01	29	01	0	90	0	0	0	CR	MAX	8254014.thl.jpg	8254014.thl.jpg	NOKEY	MAX	NOKEY
1447439603680	0	lts_1113I_29_01	29	01	0	91	2	1	1	Hit	483	2-6/Awindtoy5.jpg	Awindtoy5.jpg	SPACE	518	SPACE
1447439606756	0	lts_1113I_29_01	29	01	0	92	0	0	0	CR	MAX	128/26370651.thm.jpg	26370651.thm.jpg	NOKEY	MAX	NOKEY
1447439607792	0	lts_1113I_29_01	29	01	0	93	16	1	1	Hit	552	16-mul/A25thdec3.jpg	A25thdec3.jpg	SPACE	601	SPACE
1447439610869	0	lts_1113I_29_01	29	01	0	94	0	0	0	CR	MAX	Aceramicjug10.jpg	Aceramicjug10.jpg	NOKEY	MAX	NOKEY
1447439613961	0	lts_1113I_29_01	29	01	0	95	0	0	0	CR	MAX	23014831.thl.jpg	23014831.thl.jpg	NOKEY	MAX	NOKEY
1447439615016	0	lts_1113I_29_01	29	01	0	96	16	1	1	Hit	580	16-mul/Aspecimenbot5.jpg	Aspecimenbot5.jpg	SPACE	618	SPACE
1447439618092	0	lts_1113I_29_01	29	01	0	97	0	0	0	CR	MAX	Aantiquehat4.jpg	Aantiquehat4.jpg	NOKEY	MAX	NOKEY
1447439621167	0	lts_1113I_29_01	29	01	0	98	0	0	0	CR	MAX	Aplantinpot2.jpg	Aplantinpot2.jpg	NOKEY	MAX	NOKEY
1447439624260	0	lts_1113I_29_01	29	01	0	99	0	0	0	CR	MAX	Aframedpainti.jpg	Aframedpainti.jpg	NOKEY	MAX	NOKEY
1447439627353	0	lts_1113I_29_01	29	01	0	100	0	0	0	CR	MAX	ALITERBOX.jpg	ALITERBOX.jpg	NOKEY	MAX	NOKEY
1447439630428	0	lts_1113I_29_01	29	01	0	101	0	0	0	CR	MAX	64/26424973.thl.jpg	26424973.thl.jpg	NOKEY	MAX	NOKEY
1447439633504	0	lts_1113I_29_01	29	01	0	102	0	0	0	CR	MAX	8245563.thl.jpg	8245563.thl.jpg	NOKEY	MAX	NOKEY
1447439634558	0	lts_1113I_29_01	29	01	0	103	64	1	1	Hit	582	64-first/Achowchowdog.jpg	Achowchowdog.jpg	SPACE	619	SPACE
1447439637634	0	lts_1113I_29_01	29	01	0	104	0	0	0	CR	MAX	22849344.thl.jpg	22849344.thl.jpg	NOKEY	MAX	NOKEY
1447439640727	0	lts_1113I_29_01	29	01	0	105	0	0	0	CR	MAX	Asaltgrinder.jpg	Asaltgrinder.jpg	NOKEY	MAX	NOKEY
1447439643803	0	lts_1113I_29_01	29	01	0	106	0	0	0	CR	MAX	Acandle120.jpg	Acandle120.jpg	NOKEY	MAX	NOKEY
1447439644889	0	lts_1113I_29_01	29	01	0	107	4	1	1	Hit	601	4-mul/Achowchowdog.jpg	Achowchowdog.jpg	SPACE	652	SPACE
1447439647965	0	lts_1113I_29_01	29	01	0	108	0	0	0	CR	MAX	36407726.thl.jpg	36407726.thl.jpg	NOKEY	MAX	NOKEY
1447439651042	0	lts_1113I_29_01	29	01	0	109	0	0	0	CR	MAX	16/Apeanut3.jpg	Apeanut3.jpg	NOKEY	MAX	NOKEY
1447439654134	0	lts_1113I_29_01	29	01	0	110	0	0	0	CR	MAX	8/Atoypersonwi2.jpg	Atoypersonwi2.jpg	NOKEY	MAX	NOKEY
1447439657210	0	lts_1113I_29_01	29	01	0	111	0	0	0	CR	MAX	Akeyboard3.jpg	Akeyboard3.jpg	NOKEY	MAX	NOKEY
1447439660286	0	lts_1113I_29_01	29	01	0	112	0	0	0	CR	MAX	4/Ajug158.jpg	Ajug158.jpg	NOKEY	MAX	NOKEY
1447439663362	0	lts_1113I_29_01	29	01	0	113	0	0	0	CR	MAX	ATRIUMPH3.jpg	ATRIUMPH3.jpg	NOKEY	MAX	NOKEY
1447439666438	0	lts_1113I_29_01	29	01	0	114	0	0	0	CR	MAX	26426317.thl.jpg	26426317.thl.jpg	NOKEY	MAX	NOKEY
1447439669531	0	lts_1113I_29_01	29	01	0	115	0	0	0	CR	MAX	pajamas.jpg	pajamas.jpg	NOKEY	MAX	NOKEY
1447439670484	0	lts_1113I_29_01	29	01	0	116	4	1	1	Hit	472	4-2/Ajug158.jpg	Ajug158.jpg	SPACE	519	SPACE
1447439673560	0	lts_1113I_29_01	29	01	0	117	0	0	0	CR	MAX	ATROWEL2.jpg	ATROWEL2.jpg	NOKEY	MAX	NOKEY
1447439674663	0	lts_1113I_29_01	29	01	0	118	8	1	1	Hit	634	8-first/Atoypersonwi2.jpg	Atoypersonwi2.jpg	SPACE	668	SPACE
1447439677740	0	lts_1113I_29_01	29	01	0	119	0	0	0	CR	MAX	16/26421070.thl.jpg	26421070.thl.jpg	NOKEY	MAX	NOKEY
1447439680832	0	lts_1113I_29_01	29	01	0	120	0	0	0	CR	MAX	22887144.thl.jpg	22887144.thl.jpg	NOKEY	MAX	NOKEY
1447439683908	0	lts_1113I_29_01	29	01	0	121	0	0	0	CR	MAX	AMAILBOX9.jpg	AMAILBOX9.jpg	NOKEY	MAX	NOKEY
1447439684945	0	lts_1113I_29_01	29	01	0	122	4	1	1	Hit	559	4-mul/Atoypersonwi2.jpg	Atoypersonwi2.jpg	SPACE	602	SPACE
1447439688022	0	lts_1113I_29_01	29	01	0	123	0	0	0	CR	MAX	26420893.thl.jpg	26420893.thl.jpg	NOKEY	MAX	NOKEY
1447439691098	0	lts_1113I_29_01	29	01	0	124	0	0	0	CR	MAX	Avideocamera2.jpg	Avideocamera2.jpg	NOKEY	MAX	NOKEY
1447439692101	0	lts_1113I_29_01	29	01	0	125	16	1	1	Hit	526	16-first/Apeanut3.jpg	Apeanut3.jpg	SPACE	567	SPACE
1447439695193	0	lts_1113I_29_01	29	01	0	126	0	0	0	CR	MAX	AFISH20.jpg	AFISH20.jpg	NOKEY	MAX	NOKEY
1447439696113	0	lts_1113I_29_01	29	01	0	127	2	1	1	Hit	446	2-mul/Apeanut3.jpg	Apeanut3.jpg	SPACE	485	SPACE
1447439699205	0	lts_1113I_29_01	29	01	0	128	0	0	0	CR	MAX	4/26467443.thl.jpg	26467443.thl.jpg	NOKEY	MAX	NOKEY
1447439702298	0	lts_1113I_29_01	29	01	0	129	0	0	0	CR	MAX	AEXECHAIR.jpg	AEXECHAIR.jpg	NOKEY	MAX	NOKEY
1447439705374	0	lts_1113I_29_01	29	01	0	130	0	0	0	CR	MAX	16/Atoypanda.jpg	Atoypanda.jpg	NOKEY	MAX	NOKEY
1447439708450	0	lts_1113I_29_01	29	01	0	131	0	0	0	CR	MAX	AACORN2.jpg	AACORN2.jpg	NOKEY	MAX	NOKEY
1447439709503	0	lts_1113I_29_01	29	01	0	132	4	1	1	Hit	583	4-6/26467443.thl.jpg	26467443.thl.jpg	SPACE	619	SPACE
1447439712579	0	lts_1113I_29_01	29	01	0	133	0	0	0	CR	MAX	64/Asharktoy.jpg	Asharktoy.jpg	NOKEY	MAX	NOKEY
1447439715655	0	lts_1113I_29_01	29	01	0	134	0	0	0	CR	MAX	26387587.thl.jpg	26387587.thl.jpg	NOKEY	MAX	NOKEY
1447439716709	0	lts_1113I_29_01	29	01	0	135	16	1	1	Hit	584	16-0/26421070.thl.jpg	26421070.thl.jpg	SPACE	619	SPACE
1447439719785	0	lts_1113I_29_01	29	01	0	136	0	0	0	CR	MAX	Aribbon21.jpg	Aribbon21.jpg	NOKEY	MAX	NOKEY
1447439722861	0	lts_1113I_29_01	29	01	0	137	0	0	0	CR	MAX	AMECHHAN3.jpg	AMECHHAN3.jpg	NOKEY	MAX	NOKEY
1447439725954	0	lts_1113I_29_01	29	01	0	138	0	0	0	CR	MAX	AHOUSBOA3.jpg	AHOUSBOA3.jpg	NOKEY	MAX	NOKEY
1447439729031	0	lts_1113I_29_01	29	01	0	139	0	0	0	CR	MAX	128/Aeggsandwich6.jpg	Aeggsandwich6.jpg	NOKEY	MAX	NOKEY
1447439732122	0	lts_1113I_29_01	29	01	0	140	0	0	0	CR	MAX	Arockingchai5.jpg	Arockingchai5.jpg	NOKEY	MAX	NOKEY
1447439735198	0	lts_1113I_29_01	29	01	0	141	0	0	0	CR	MAX	Astatue113.jpg	Astatue113.jpg	NOKEY	MAX	NOKEY
1447439738275	0	lts_1113I_29_01	29	01	0	142	0	0	0	CR	MAX	2/ACHILDISH.jpg	ACHILDISH.jpg	NOKEY	MAX	NOKEY
1447439741367	0	lts_1113I_29_01	29	01	0	143	0	0	0	CR	MAX	AGLASSCAS.jpg	AGLASSCAS.jpg	NOKEY	MAX	NOKEY
1447439742621	0	lts_1113I_29_01	29	01	0	144	2	1	1	Hit	773	2-7/ACHILDISH.jpg	ACHILDISH.jpg	SPACE	819	SPACE
1447439745697	0	lts_1113I_29_01	29	01	0	145	0	0	0	CR	MAX	Abladetablesa.jpg	Abladetablesa.jpg	NOKEY	MAX	NOKEY
1447439746684	0	lts_1113I_29_01	29	01	0	146	16	1	1	Hit	502	16-first/Atoypanda.jpg	Atoypanda.jpg	SPACE	551	SPACE
1447439749776	0	lts_1113I_29_01	29	01	0	147	0	0	0	CR	MAX	1/shavingcream01.jpg	shavingcream01.jpg	NOKEY	MAX	NOKEY
1447439750729	0	lts_1113I_29_01	29	01	0	148	1	1	1	Hit	472	1-1/shavingcream01.jpg	shavingcream01.jpg	SPACE	518	SPACE
1447439753822	0	lts_1113I_29_01	29	01	0	149	0	0	0	CR	MAX	4/AMINICYM6.jpg	AMINICYM6.jpg	NOKEY	MAX	NOKEY
1447439754808	0	lts_1113I_29_01	29	01	0	150	4	1	1	Hit	515	4-mul/Atoypanda.jpg	Atoypanda.jpg	SPACE	551	SPACE
1447439757884	0	lts_1113I_29_01	29	01	0	151	0	0	0	CR	MAX	AANSHIEL4.jpg	AANSHIEL4.jpg	NOKEY	MAX	NOKEY
1447439760977	0	lts_1113I_29_01	29	01	0	152	0	0	0	CR	MAX	Asandwichiro2.jpg	Asandwichiro2.jpg	NOKEY	MAX	NOKEY
1447439761997	0	lts_1113I_29_01	29	01	0	153	4	1	1	Hit	539	4-10/AMINICYM6.jpg	AMINICYM6.jpg	SPACE	585	SPACE
1447439765074	0	lts_1113I_29_01	29	01	0	154	0	0	0	CR	MAX	Afoodprocess4.jpg	Afoodprocess4.jpg	NOKEY	MAX	NOKEY
1447439768149	0	lts_1113I_29_01	29	01	0	155	0	0	0	CR	MAX	32/AFENCIN50.jpg	AFENCIN50.jpg	NOKEY	MAX	NOKEY
1447439771242	0	lts_1113I_29_01	29	01	0	156	0	0	0	CR	MAX	128/Ahandbag55.jpg	Ahandbag55.jpg	NOKEY	MAX	NOKEY
1447439774318	0	lts_1113I_29_01	29	01	0	157	0	0	0	CR	MAX	16/26431848.thl.jpg	26431848.thl.jpg	NOKEY	MAX	NOKEY
1447439777394	0	lts_1113I_29_01	29	01	0	158	0	0	0	CR	MAX	1/Aleaf75.jpg	Aleaf75.jpg	NOKEY	MAX	NOKEY
1447439778380	0	lts_1113I_29_01	29	01	0	159	1	1	1	Hit	505	1-4/Aleaf75.jpg	Aleaf75.jpg	SPACE	551	SPACE
1447439781456	0	lts_1113I_29_01	29	01	0	160	0	0	0	CR	MAX	ASHADES11.jpg	ASHADES11.jpg	NOKEY	MAX	NOKEY
1447439784532	0	lts_1113I_29_01	29	01	0	161	0	0	0	CR	MAX	26432607.thl.jpg	26432607.thl.jpg	NOKEY	MAX	NOKEY
1447439787608	0	lts_1113I_29_01	29	01	0	162	0	0	0	CR	MAX	22849284.thl.jpg	22849284.thl.jpg	NOKEY	MAX	NOKEY
1447439790685	0	lts_1113I_29_01	29	01	0	163	0	0	0	CR	MAX	AGUIRO.jpg	AGUIRO.jpg	NOKEY	MAX	NOKEY
1447439793777	0	lts_1113I_29_01	29	01	0	164	0	0	0	CR	MAX	Astatueofwo29.jpg	Astatueofwo29.jpg	NOKEY	MAX	NOKEY
1447439794931	0	lts_1113I_29_01	29	01	0	165	64	1	1	Hit	683	64-first/26424973.thl.jpg	26424973.thl.jpg	SPACE	719	SPACE
1447439798008	0	lts_1113I_29_01	29	01	0	166	0	0	0	CR	MAX	ALAZQUART.jpg	ALAZQUART.jpg	NOKEY	MAX	NOKEY
1447439799045	0	lts_1113I_29_01	29	01	0	167	2	1	1	Hit	562	2-mul/26424973.thl.jpg	26424973.thl.jpg	SPACE	600	SPACE
1447439802120	0	lts_1113I_29_01	29	01	0	168	0	0	0	CR	MAX	AGRATER.jpg	AGRATER.jpg	NOKEY	MAX	NOKEY
1447439805196	0	lts_1113I_29_01	29	01	0	169	0	0	0	CR	MAX	2/ABRAIN3.jpg	ABRAIN3.jpg	NOKEY	MAX	NOKEY
1447439808272	0	lts_1113I_29_01	29	01	0	170	0	0	0	CR	MAX	8/ACONBENCH.jpg	ACONBENCH.jpg	NOKEY	MAX	NOKEY
1447439809325	0	lts_1113I_29_01	29	01	0	171	2	1	1	Hit	582	2-0/ABRAIN3.jpg	ABRAIN3.jpg	SPACE	619	SPACE
1447439812418	0	lts_1113I_29_01	29	01	0	172	0	0	0	CR	MAX	Abeany2.jpg	Abeany2.jpg	NOKEY	MAX	NOKEY
1447439813504	0	lts_1113I_29_01	29	01	0	173	16	1	1	Hit	607	16-first/26431848.thl.jpg	26431848.thl.jpg	SPACE	653	SPACE
1447439816580	0	lts_1113I_29_01	29	01	0	174	0	0	0	CR	MAX	2/Ataco.jpg	Ataco.jpg	NOKEY	MAX	NOKEY
1447439819656	0	lts_1113I_29_01	29	01	0	175	0	0	0	CR	MAX	22869912.thl.jpg	22869912.thl.jpg	NOKEY	MAX	NOKEY
1447439820693	0	lts_1113I_29_01	29	01	0	176	2	1	1	Hit	563	2-4/Ataco.jpg	Ataco.jpg	SPACE	602	SPACE
1447439823769	0	lts_1113I_29_01	29	01	0	177	0	0	0	CR	MAX	AHUNTVES2.jpg	AHUNTVES2.jpg	NOKEY	MAX	NOKEY
1447439824856	0	lts_1113I_29_01	29	01	0	178	8	1	1	Hit	604	8-first/ACONBENCH.jpg	ACONBENCH.jpg	SPACE	652	SPACE
1447439827949	0	lts_1113I_29_01	29	01	0	179	0	0	0	CR	MAX	APIESERVE.jpg	APIESERVE.jpg	NOKEY	MAX	NOKEY
1447439831026	0	lts_1113I_29_01	29	01	0	180	0	0	0	CR	MAX	Areceiptmach2.jpg	Areceiptmach2.jpg	NOKEY	MAX	NOKEY
1447439834102	0	lts_1113I_29_01	29	01	0	181	0	0	0	CR	MAX	batslcshi.jpg	batslcshi.jpg	NOKEY	MAX	NOKEY
1447439835105	0	lts_1113I_29_01	29	01	0	182	4	1	1	Hit	522	4-mul/ACONBENCH.jpg	ACONBENCH.jpg	SPACE	568	SPACE
1447439838180	0	lts_1113I_29_01	29	01	0	183	0	0	0	CR	MAX	razorscooter.jpg	razorscooter.jpg	NOKEY	MAX	NOKEY
1447439841273	0	lts_1113I_29_01	29	01	0	184	0	0	0	CR	MAX	26427983.thl.jpg	26427983.thl.jpg	NOKEY	MAX	NOKEY
1447439844365	0	lts_1113I_29_01	29	01	0	185	0	0	0	CR	MAX	128/AMECHSOCK.jpg	AMECHSOCK.jpg	NOKEY	MAX	NOKEY
1447439847441	0	lts_1113I_29_01	29	01	0	186	0	0	0	CR	MAX	26420069.thl.jpg	26420069.thl.jpg	NOKEY	MAX	NOKEY
1447439848461	0	lts_1113I_29_01	29	01	0	187	32	1	1	Hit	548	32-2/AFENCIN50.jpg	AFENCIN50.jpg	SPACE	586	SPACE
1447439851537	0	lts_1113I_29_01	29	01	0	188	0	0	0	CR	MAX	ADESKLA12.jpg	ADESKLA12.jpg	NOKEY	MAX	NOKEY
1447439852590	0	lts_1113I_29_01	29	01	0	189	16	1	1	Hit	579	16-mul/26431848.thl.jpg	26431848.thl.jpg	SPACE	618	SPACE
1447439855683	0	lts_1113I_29_01	29	01	0	190	0	0	0	CR	MAX	32/Acleaningpro6.jpg	Acleaningpro6.jpg	NOKEY	MAX	NOKEY
1447439858759	0	lts_1113I_29_01	29	01	0	191	0	0	0	CR	MAX	ATAMBOURI.jpg	ATAMBOURI.jpg	NOKEY	MAX	NOKEY
1447439861835	0	lts_1113I_29_01	29	01	0	192	0	0	0	CR	MAX	AROOSTERP.jpg	AROOSTERP.jpg	NOKEY	MAX	NOKEY
1447439864911	0	lts_1113I_29_01	29	01	0	193	0	0	0	CR	MAX	1/Amixer29.jpg	Amixer29.jpg	NOKEY	MAX	NOKEY
1447439866033	0	lts_1113I_29_01	29	01	0	194	1	1	1	Hit	648	1-0/Amixer29.jpg	Amixer29.jpg	SPACE	685	SPACE
1447439869109	0	lts_1113I_29_01	29	01	0	195	0	0	0	CR	MAX	Aparrot80.jpg	Aparrot80.jpg	NOKEY	MAX	NOKEY
1447439872184	0	lts_1113I_29_01	29	01	0	196	0	0	0	CR	MAX	Ajewisho2.jpg	Ajewisho2.jpg	NOKEY	MAX	NOKEY
1447439873254	0	lts_1113I_29_01	29	01	0	197	64	1	1	Hit	595	64-first/Asharktoy.jpg	Asharktoy.jpg	SPACE	635	SPACE
1447439876330	0	lts_1113I_29_01	29	01	0	198	0	0	0	CR	MAX	Ashoeform2.jpg	Ashoeform2.jpg	NOKEY	MAX	NOKEY
1447439877517	0	lts_1113I_29_01	29	01	0	199	2	1	1	Hit	711	2-mul/Asharktoy.jpg	Asharktoy.jpg	SPACE	754	SPACE
1447439880593	0	lts_1113I_29_01	29	01	0	200	0	0	0	CR	MAX	1/makeupfoundation.jpg	makeupfoundation.jpg	NOKEY	MAX	NOKEY
1447439881596	0	lts_1113I_29_01	29	01	0	201	1	1	1	Hit	523	1-12/makeupfoundation.jpg	makeupfoundation.jpg	SPACE	569	SPACE
1447439883085	0	lts_1113I_29_01	29	01	0	202	0	0	1	FA	1011	2/Ametalpress.jpg	Ametalpress.jpg	SPACE	1053	NOKEY
1447439886176	0	lts_1113I_29_01	29	01	0	203	0	0	0	CR	MAX	8/whitemalerobe.jpg	whitemalerobe.jpg	NOKEY	MAX	NOKEY
1447439887313	0	lts_1113I_29_01	29	01	0	204	2	1	1	Hit	663	2-13/Ametalpress.jpg	Ametalpress.jpg	SPACE	702	SPACE
1447439890406	0	lts_1113I_29_01	29	01	0	205	0	0	0	CR	MAX	orientalvase.jpg	orientalvase.jpg	NOKEY	MAX	NOKEY
1447439893482	0	lts_1113I_29_01	29	01	0	206	0	0	0	CR	MAX	sntslrc.jpg	sntslrc.jpg	NOKEY	MAX	NOKEY
1447439896558	0	lts_1113I_29_01	29	01	0	207	0	0	0	CR	MAX	64/cranemachine.jpg	cranemachine.jpg	NOKEY	MAX	NOKEY
1447439899651	0	lts_1113I_29_01	29	01	0	208	0	0	0	CR	MAX	16/8079958.thl.jpg	8079958.thl.jpg	NOKEY	MAX	NOKEY
1447439902744	0	lts_1113I_29_01	29	01	0	209	0	0	0	CR	MAX	Apants8.jpg	Apants8.jpg	NOKEY	MAX	NOKEY
1447439905820	0	lts_1113I_29_01	29	01	0	210	0	0	0	CR	MAX	Asandgarden.jpg	Asandgarden.jpg	NOKEY	MAX	NOKEY
1447439906940	0	lts_1113I_29_01	29	01	0	211	8	1	1	Hit	646	8-2/whitemalerobe.jpg	whitemalerobe.jpg	SPACE	686	SPACE
1447439910034	0	lts_1113I_29_01	29	01	0	212	0	0	0	CR	MAX	2/AWEIGHTS8.jpg	AWEIGHTS8.jpg	NOKEY	MAX	NOKEY
1447439913110	0	lts_1113I_29_01	29	01	0	213	0	0	0	CR	MAX	gumballmachine.jpg	gumballmachine.jpg	NOKEY	MAX	NOKEY
1447439914162	0	lts_1113I_29_01	29	01	0	214	2	1	1	Hit	583	2-2/AWEIGHTS8.jpg	AWEIGHTS8.jpg	SPACE	619	SPACE
1447439917238	0	lts_1113I_29_01	29	01	0	215	0	0	0	CR	MAX	outdoorheater.jpg	outdoorheater.jpg	NOKEY	MAX	NOKEY
1447439920314	0	lts_1113I_29_01	29	01	0	216	0	0	0	CR	MAX	16/Aearth3.jpg	Aearth3.jpg	NOKEY	MAX	NOKEY
1447439923390	0	lts_1113I_29_01	29	01	0	217	0	0	0	CR	MAX	pdos043072.jpg	pdos043072.jpg	NOKEY	MAX	NOKEY
1447439924911	0	lts_1113I_29_01	29	01	0	218	0	0	1	FA	1024	Afoodproces13.jpg	Afoodproces13.jpg	SPACE	1070	NOKEY
1447439927988	0	lts_1113I_29_01	29	01	0	219	0	0	0	CR	MAX	26423465.thl.jpg	26423465.thl.jpg	NOKEY	MAX	NOKEY
1447439929325	0	lts_1113I_29_01	29	01	0	220	128	1	1	Hit	853	128-3/26370651.thm.jpg	26370651.thm.jpg	SPACE	902	SPACE
1447439932401	0	lts_1113I_29_01	29	01	0	221	0	0	0	CR	MAX	ABROKUMBR.jpg	ABROKUMBR.jpg	NOKEY	MAX	NOKEY
1447439933521	0	lts_1113I_29_01	29	01	0	222	32	1	1	Hit	636	32-8/Acleaningpro6.jpg	Acleaningpro6.jpg	SPACE	687	SPACE
1447439936597	0	lts_1113I_29_01	29	01	0	223	0	0	0	CR	MAX	ATOASTOV2.jpg	ATOASTOV2.jpg	NOKEY	MAX	NOKEY
1447439937650	0	lts_1113I_29_01	29	01	0	224	16	1	1	Hit	568	16-first/8079958.thl.jpg	8079958.thl.jpg	SPACE	618	SPACE
1447439940726	0	lts_1113I_29_01	29	01	0	225	0	0	0	CR	MAX	AANTHAT2.jpg	AANTHAT2.jpg	NOKEY	MAX	NOKEY
1447439943802	0	lts_1113I_29_01	29	01	0	226	0	0	0	CR	MAX	Asafetyrope.jpg	Asafetyrope.jpg	NOKEY	MAX	NOKEY
1447439946878	0	lts_1113I_29_01	29	01	0	227	0	0	0	CR	MAX	64/26442809.thl.jpg	26442809.thl.jpg	NOKEY	MAX	NOKEY
1447439947865	0	lts_1113I_29_01	29	01	0	228	4	1	1	Hit	516	4-mul/8079958.thl.jpg	8079958.thl.jpg	SPACE	552	SPACE
1447439950941	0	lts_1113I_29_01	29	01	0	229	0	0	0	CR	MAX	32/AARTIVE6.jpg	AARTIVE6.jpg	NOKEY	MAX	NOKEY
1447439954018	0	lts_1113I_29_01	29	01	0	230	0	0	0	CR	MAX	D_stove.jpg	D_stove.jpg	NOKEY	MAX	NOKEY
1447439957094	0	lts_1113I_29_01	29	01	0	231	0	0	0	CR	MAX	26379570.thl.jpg	26379570.thl.jpg	NOKEY	MAX	NOKEY
1447439958130	0	lts_1113I_29_01	29	01	0	232	16	1	1	Hit	560	16-first/Aearth3.jpg	Aearth3.jpg	SPACE	600	SPACE
1447439961206	0	lts_1113I_29_01	29	01	0	233	0	0	0	CR	MAX	AARCCHAR2.jpg	AARCCHAR2.jpg	NOKEY	MAX	NOKEY
1447439962209	0	lts_1113I_29_01	29	01	0	234	2	1	1	Hit	522	2-mul/Aearth3.jpg	Aearth3.jpg	SPACE	569	SPACE
1447439965302	0	lts_1113I_29_01	29	01	0	235	0	0	0	CR	MAX	ABARPEAR.jpg	ABARPEAR.jpg	NOKEY	MAX	NOKEY
1447439968378	0	lts_1113I_29_01	29	01	0	236	0	0	0	CR	MAX	128/broccoli.jpg	broccoli.jpg	NOKEY	MAX	NOKEY
1447439971454	0	lts_1113I_29_01	29	01	0	237	0	0	0	CR	MAX	32/A3bday5.jpg	A3bday5.jpg	NOKEY	MAX	NOKEY
1447439974530	0	lts_1113I_29_01	29	01	0	238	0	0	0	CR	MAX	2/AWASHRACK.jpg	AWASHRACK.jpg	NOKEY	MAX	NOKEY
1447439977606	0	lts_1113I_29_01	29	01	0	239	0	0	0	CR	MAX	AWEDCAK15.jpg	AWEDCAK15.jpg	NOKEY	MAX	NOKEY
1447439978692	0	lts_1113I_29_01	29	01	0	240	2	1	1	Hit	602	2-9/AWASHRACK.jpg	AWASHRACK.jpg	SPACE	652	SPACE
1447439981769	0	lts_1113I_29_01	29	01	0	241	0	0	0	CR	MAX	1/Acardinal2.jpg	Acardinal2.jpg	NOKEY	MAX	NOKEY
1447439982788	0	lts_1113I_29_01	29	01	0	242	1	1	1	Hit	544	1-5/Acardinal2.jpg	Acardinal2.jpg	SPACE	585	SPACE
1447439985864	0	lts_1113I_29_01	29	01	0	243	0	0	0	CR	MAX	128/AGOUDA.jpg	AGOUDA.jpg	NOKEY	MAX	NOKEY
1447439988940	0	lts_1113I_29_01	29	01	0	244	0	0	0	CR	MAX	1/AKNEEBRA2.jpg	AKNEEBRA2.jpg	NOKEY	MAX	NOKEY
1447439989943	0	lts_1113I_29_01	29	01	0	245	1	1	1	Hit	532	1-9/AKNEEBRA2.jpg	AKNEEBRA2.jpg	SPACE	568	SPACE
1447439993037	0	lts_1113I_29_01	29	01	0	246	0	0	0	CR	MAX	32/Areceptacle3.jpg	Areceptacle3.jpg	NOKEY	MAX	NOKEY
1447439996113	0	lts_1113I_29_01	29	01	0	247	0	0	0	CR	MAX	ACANOPEN6.jpg	ACANOPEN6.jpg	NOKEY	MAX	NOKEY
1447439999188	0	lts_1113I_29_01	29	01	0	248	0	0	0	CR	MAX	AELEMENT3.jpg	AELEMENT3.jpg	NOKEY	MAX	NOKEY
1447440002264	0	lts_1113I_29_01	29	01	0	249	4	1	0	Miss	MAX	4/frog-a.jpg	frog-a.jpg	NOKEY	MAX	SPACE
1447440005340	0	lts_1113I_29_01	29	01	0	250	0	0	0	CR	MAX	Adayplanner.jpg	Adayplanner.jpg	NOKEY	MAX	NOKEY
1447440008417	0	lts_1113I_29_01	29	01	0	251	0	0	0	CR	MAX	8/Atoyhomeoffi4.jpg	Atoyhomeoffi4.jpg	NOKEY	MAX	NOKEY
1447440011493	0	lts_1113I_29_01	29	01	0	252	0	0	0	CR	MAX	ASTAMPS.jpg	ASTAMPS.jpg	NOKEY	MAX	NOKEY
1447440012663	0	lts_1113I_29_01	29	01	0	253	4	1	1	Hit	701	4-4/frog-a.jpg	frog-a.jpg	SPACE	736	SPACE
1447440015756	0	lts_1113I_29_01	29	01	0	254	0	0	0	CR	MAX	AWATEHOSE.jpg	AWATEHOSE.jpg	NOKEY	MAX	NOKEY
1447440018832	0	lts_1113I_29_01	29	01	0	255	2	1	0	Miss	MAX	2/batteries-a.jpg	batteries-a.jpg	NOKEY	MAX	SPACE
1447440021908	0	lts_1113I_29_01	29	01	0	256	0	0	0	CR	MAX	Apaintedwood3.jpg	Apaintedwood3.jpg	NOKEY	MAX	NOKEY
1447440022928	0	lts_1113I_29_01	29	01	0	257	2	1	1	Hit	535	2-1/batteries-a.jpg	batteries-a.jpg	SPACE	585	SPACE
1447440026005	0	lts_1113I_29_01	29	01	0	258	0	0	0	CR	MAX	Adriedleaf.jpg	Adriedleaf.jpg	NOKEY	MAX	NOKEY
1447440027058	0	lts_1113I_29_01	29	01	0	259	8	1	1	Hit	580	8-first/Atoyhomeoffi4.jpg	Atoyhomeoffi4.jpg	SPACE	618	SPACE
1447440030150	0	lts_1113I_29_01	29	01	0	260	0	0	0	CR	MAX	ASCSIPORT.jpg	ASCSIPORT.jpg	NOKEY	MAX	NOKEY
1447440031120	0	lts_1113I_29_01	29	01	0	261	32	1	1	Hit	498	32-5/AARTIVE6.jpg	AARTIVE6.jpg	SPACE	535	SPACE
1447440034195	0	lts_1113I_29_01	29	01	0	262	0	0	0	CR	MAX	ADOMINO.jpg	ADOMINO.jpg	NOKEY	MAX	NOKEY
1447440035198	0	lts_1113I_29_01	29	01	0	263	4	1	1	Hit	521	4-mul/Atoyhomeoffi4.jpg	Atoyhomeoffi4.jpg	SPACE	568	SPACE
1447440038274	0	lts_1113I_29_01	29	01	0	264	0	0	0	CR	MAX	medievalknight.jpg	medievalknight.jpg	NOKEY	MAX	NOKEY
1447440041351	0	lts_1113I_29_01	29	01	0	265	0	0	0	CR	MAX	Aantiquesofa4.jpg	Aantiquesofa4.jpg	NOKEY	MAX	NOKEY
1447440044427	0	lts_1113I_29_01	29	01	0	266	0	0	0	CR	MAX	Awatch53.jpg	Awatch53.jpg	NOKEY	MAX	NOKEY
1447440045396	0	lts_1113I_29_01	29	01	0	267	128	1	1	Hit	498	128-6/Aeggsandwich6.jpg	Aeggsandwich6.jpg	SPACE	535	SPACE
1447440048489	0	lts_1113I_29_01	29	01	0	268	0	0	0	CR	MAX	Abandage3.jpg	Abandage3.jpg	NOKEY	MAX	NOKEY
1447440050028	0	lts_1113I_29_01	29	01	0	269	32	1	1	Hit	1063	32-4/A3bday5.jpg	A3bday5.jpg	SPACE	1103	SPACE
1447440053104	0	lts_1113I_29_01	29	01	0	270	0	0	0	CR	MAX	AAFRICS13.jpg	AAFRICS13.jpg	NOKEY	MAX	NOKEY
1447440054173	0	lts_1113I_29_01	29	01	0	271	64	1	1	Hit	587	64-first/cranemachine.jpg	cranemachine.jpg	SPACE	635	SPACE
1447440057249	0	lts_1113I_29_01	29	01	0	272	0	0	0	CR	MAX	AOTOSCOP5.jpg	AOTOSCOP5.jpg	NOKEY	MAX	NOKEY
1447440060325	0	lts_1113I_29_01	29	01	0	273	0	0	0	CR	MAX	Ahandbag50.jpg	Ahandbag50.jpg	NOKEY	MAX	NOKEY
1447440063401	0	lts_1113I_29_01	29	01	0	274	0	0	0	CR	MAX	Apumpcart2.jpg	Apumpcart2.jpg	NOKEY	MAX	NOKEY
1447440064404	0	lts_1113I_29_01	29	01	0	275	4	1	1	Hit	531	4-mul/cranemachine.jpg	cranemachine.jpg	SPACE	568	SPACE
1447440067480	0	lts_1113I_29_01	29	01	0	276	0	0	0	CR	MAX	AFORKLIF2.jpg	AFORKLIF2.jpg	NOKEY	MAX	NOKEY
1447440070556	0	lts_1113I_29_01	29	01	0	277	0	0	0	CR	MAX	A25PINCON.jpg	A25PINCON.jpg	NOKEY	MAX	NOKEY
1447440071576	0	lts_1113I_29_01	29	01	0	278	32	1	1	Hit	548	32-0/Areceptacle3.jpg	Areceptacle3.jpg	SPACE	585	SPACE
1447440074669	0	lts_1113I_29_01	29	01	0	279	0	0	0	CR	MAX	Aemergencyki5.jpg	Aemergencyki5.jpg	NOKEY	MAX	NOKEY
1447440077745	0	lts_1113I_29_01	29	01	0	280	0	0	0	CR	MAX	Arecordplaye2.jpg	Arecordplaye2.jpg	NOKEY	MAX	NOKEY
1447440080838	0	lts_1113I_29_01	29	01	0	281	0	0	0	CR	MAX	seahorse.jpg	seahorse.jpg	NOKEY	MAX	NOKEY
1447440083931	0	lts_1113I_29_01	29	01	0	282	0	0	0	CR	MAX	26377133.thl.jpg	26377133.thl.jpg	NOKEY	MAX	NOKEY
1447440087008	0	lts_1113I_29_01	29	01	0	283	0	0	0	CR	MAX	AREDPLUM.jpg	AREDPLUM.jpg	NOKEY	MAX	NOKEY
1447440088177	0	lts_1113I_29_01	29	01	0	284	128	1	1	Hit	688	128-5/Ahandbag55.jpg	Ahandbag55.jpg	SPACE	735	SPACE
1447440091270	0	lts_1113I_29_01	29	01	0	285	0	0	0	CR	MAX	26451318.thl.jpg	26451318.thl.jpg	NOKEY	MAX	NOKEY
1447440094346	0	lts_1113I_29_01	29	01	0	286	0	0	0	CR	MAX	ice.jpg	ice.jpg	NOKEY	MAX	NOKEY
1447440097439	0	lts_1113I_29_01	29	01	0	287	0	0	0	CR	MAX	10050937.thl.jpg	10050937.thl.jpg	NOKEY	MAX	NOKEY
1447440100515	0	lts_1113I_29_01	29	01	0	288	0	0	0	CR	MAX	AELEMENT2.jpg	AELEMENT2.jpg	NOKEY	MAX	NOKEY
1447440103591	0	lts_1113I_29_01	29	01	0	289	0	0	0	CR	MAX	ABEARIN28.jpg	ABEARIN28.jpg	NOKEY	MAX	NOKEY
1447440106667	0	lts_1113I_29_01	29	01	0	290	0	0	0	CR	MAX	peanutbutter.jpg	peanutbutter.jpg	NOKEY	MAX	NOKEY
1447440107653	0	lts_1113I_29_01	29	01	0	291	64	1	1	Hit	516	64-first/26442809.thl.jpg	26442809.thl.jpg	SPACE	552	SPACE
1447440110729	0	lts_1113I_29_01	29	01	0	292	0	0	0	CR	MAX	ATOLLNEGS.jpg	ATOLLNEGS.jpg	NOKEY	MAX	NOKEY
1447440113805	0	lts_1113I_29_01	29	01	0	293	0	0	0	CR	MAX	APICNICBL.jpg	APICNICBL.jpg	NOKEY	MAX	NOKEY
1447440116881	0	lts_1113I_29_01	29	01	0	294	0	0	0	CR	MAX	26369944.thl.jpg	26369944.thl.jpg	NOKEY	MAX	NOKEY
1447440119974	0	lts_1113I_29_01	29	01	0	295	4	1	0	Miss	MAX	4/bands-a.jpg	bands-a.jpg	NOKEY	MAX	SPACE
1447440123051	0	lts_1113I_29_01	29	01	0	296	0	0	0	CR	MAX	AJEWISHTA.jpg	AJEWISHTA.jpg	NOKEY	MAX	NOKEY
1447440126126	0	lts_1113I_29_01	29	01	0	297	0	0	0	CR	MAX	surfboard.JPG	surfboard.JPG	NOKEY	MAX	NOKEY
1447440129202	0	lts_1113I_29_01	29	01	0	298	0	0	0	CR	MAX	ADOGFOOD.jpg	ADOGFOOD.jpg	NOKEY	MAX	NOKEY
1447440130356	0	lts_1113I_29_01	29	01	0	299	4	1	1	Hit	668	4-8/bands-a.jpg	bands-a.jpg	SPACE	719	SPACE
1447440133449	0	lts_1113I_29_01	29	01	0	300	0	0	0	CR	MAX	ACROQUET2.jpg	ACROQUET2.jpg	NOKEY	MAX	NOKEY
1447440136541	0	lts_1113I_29_01	29	01	0	301	0	0	0	CR	MAX	16/APAGODAMO.jpg	APAGODAMO.jpg	NOKEY	MAX	NOKEY
1447440139617	0	lts_1113I_29_01	29	01	0	302	0	0	0	CR	MAX	Acastle22.jpg	Acastle22.jpg	NOKEY	MAX	NOKEY
1447440142694	0	lts_1113I_29_01	29	01	0	303	0	0	0	CR	MAX	2/Atintelephone.jpg	Atintelephone.jpg	NOKEY	MAX	NOKEY
1447440145770	0	lts_1113I_29_01	29	01	0	304	0	0	0	CR	MAX	AGUIRA.jpg	AGUIRA.jpg	NOKEY	MAX	NOKEY
1447440146756	0	lts_1113I_29_01	29	01	0	305	2	1	1	Hit	511	2-12/Atintelephone.jpg	Atintelephone.jpg	SPACE	552	SPACE
1447440149832	0	lts_1113I_29_01	29	01	0	306	0	0	0	CR	MAX	ATOILBAG2.jpg	ATOILBAG2.jpg	NOKEY	MAX	NOKEY
1447440150802	0	lts_1113I_29_01	29	01	0	307	16	1	1	Hit	497	16-mul/26442809.thl.jpg	26442809.thl.jpg	SPACE	534	SPACE
1447440153894	0	lts_1113I_29_01	29	01	0	308	0	0	0	CR	MAX	1/26423873.thl.jpg	26423873.thl.jpg	NOKEY	MAX	NOKEY
1447440154998	0	lts_1113I_29_01	29	01	0	309	1	1	1	Hit	624	1-2/26423873.thl.jpg	26423873.thl.jpg	SPACE	669	SPACE
1447440158075	0	lts_1113I_29_01	29	01	0	310	0	0	0	CR	MAX	8060342.thl.jpg	8060342.thl.jpg	NOKEY	MAX	NOKEY
1447440161150	0	lts_1113I_29_01	29	01	0	311	0	0	0	CR	MAX	128/Acablelatch.jpg	Acablelatch.jpg	NOKEY	MAX	NOKEY
1447440164226	0	lts_1113I_29_01	29	01	0	312	0	0	0	CR	MAX	ACATCAGE.jpg	ACATCAGE.jpg	NOKEY	MAX	NOKEY
1447440165379	0	lts_1113I_29_01	29	01	0	313	128	1	1	Hit	683	128-0/AMECHSOCK.jpg	AMECHSOCK.jpg	SPACE	718	SPACE
1447440168456	0	lts_1113I_29_01	29	01	0	314	0	0	0	CR	MAX	26394018.thl.jpg	26394018.thl.jpg	NOKEY	MAX	NOKEY
1447440171532	0	lts_1113I_29_01	29	01	0	315	0	0	0	CR	MAX	ACUPEANE2.jpg	ACUPEANE2.jpg	NOKEY	MAX	NOKEY
1447440174608	0	lts_1113I_29_01	29	01	0	316	0	0	0	CR	MAX	128/ADIAMCRYS.jpg	ADIAMCRYS.jpg	NOKEY	MAX	NOKEY
1447440175694	0	lts_1113I_29_01	29	01	0	317	16	1	1	Hit	606	16-first/APAGODAMO.jpg	APAGODAMO.jpg	SPACE	652	SPACE
1447440178770	0	lts_1113I_29_01	29	01	0	318	0	0	0	CR	MAX	32/Agroundhog.jpg	Agroundhog.jpg	NOKEY	MAX	NOKEY
1447440181846	0	lts_1113I_29_01	29	01	0	319	0	0	0	CR	MAX	2/scrunchie.jpg	scrunchie.jpg	NOKEY	MAX	NOKEY
1447440184923	0	lts_1113I_29_01	29	01	0	320	0	0	0	CR	MAX	8/26463767.thl.jpg	26463767.thl.jpg	NOKEY	MAX	NOKEY
1447440185993	0	lts_1113I_29_01	29	01	0	321	2	1	1	Hit	598	2-8/scrunchie.jpg	scrunchie.jpg	SPACE	635	SPACE
1447440189069	0	lts_1113I_29_01	29	01	0	322	0	0	0	CR	MAX	4/ADEEPFRYS.jpg	ADEEPFRYS.jpg	NOKEY	MAX	NOKEY
1447440192145	0	lts_1113I_29_01	29	01	0	323	0	0	0	CR	MAX	26393373.thl.jpg	26393373.thl.jpg	NOKEY	MAX	NOKEY
1447440195221	0	lts_1113I_29_01	29	01	0	324	0	0	0	CR	MAX	Ahotdogplain.jpg	Ahotdogplain.jpg	NOKEY	MAX	NOKEY
1447440198313	0	lts_1113I_29_01	29	01	0	325	0	0	0	CR	MAX	AFLAMMABL.jpg	AFLAMMABL.jpg	NOKEY	MAX	NOKEY
1447440199434	0	lts_1113I_29_01	29	01	0	326	4	1	1	Hit	637	4-7/ADEEPFRYS.jpg	ADEEPFRYS.jpg	SPACE	686	SPACE
1447440202510	0	lts_1113I_29_01	29	01	0	327	0	0	0	CR	MAX	8/AJEWELBO3.jpg	AJEWELBO3.jpg	NOKEY	MAX	NOKEY
1447440203730	0	lts_1113I_29_01	29	01	0	328	8	1	1	Hit	745	8-first/26463767.thl.jpg	26463767.thl.jpg	SPACE	786	SPACE
1447440206823	0	lts_1113I_29_01	29	01	0	329	0	0	0	CR	MAX	Atoyhorse2.jpg	Atoyhorse2.jpg	NOKEY	MAX	NOKEY
1447440207792	0	lts_1113I_29_01	29	01	0	330	2	1	1	Hit	500	2-mul/26463767.thl.jpg	26463767.thl.jpg	SPACE	535	SPACE
1447440210869	0	lts_1113I_29_01	29	01	0	331	0	0	0	CR	MAX	AEAREXAM2.jpg	AEAREXAM2.jpg	NOKEY	MAX	NOKEY
1447440213945	0	lts_1113I_29_01	29	01	0	332	0	0	0	CR	MAX	ACHINCHI4.jpg	ACHINCHI4.jpg	NOKEY	MAX	NOKEY
1447440214948	0	lts_1113I_29_01	29	01	0	333	16	1	1	Hit	521	16-mul/APAGODAMO.jpg	APAGODAMO.jpg	SPACE	568	SPACE
1447440218025	0	lts_1113I_29_01	29	01	0	334	0	0	0	CR	MAX	8/AANTMILK.jpg	AANTMILK.jpg	NOKEY	MAX	NOKEY
1447440219061	0	lts_1113I_29_01	29	01	0	335	8	1	1	Hit	560	8-0/AJEWELBO3.jpg	AJEWELBO3.jpg	SPACE	601	SPACE
1447440222153	0	lts_1113I_29_01	29	01	0	336	0	0	0	CR	MAX	AGERMANH4.jpg	AGERMANH4.jpg	NOKEY	MAX	NOKEY
1447440225229	0	lts_1113I_29_01	29	01	0	337	0	0	0	CR	MAX	16/26370704.thl.jpg	26370704.thl.jpg	NOKEY	MAX	NOKEY
1447440228305	0	lts_1113I_29_01	29	01	0	338	0	0	0	CR	MAX	AAIRPRES4.jpg	AAIRPRES4.jpg	NOKEY	MAX	NOKEY
1447440229893	0	lts_1113I_29_01	29	01	0	339	0	0	1	FA	1103	1/Aumbrellasta2.jpg	Aumbrellasta2.jpg	SPACE	1153	NOKEY
1447440231081	0	lts_1113I_29_01	29	01	0	340	1	1	1	Hit	708	1-6/Aumbrellasta2.jpg	Aumbrellasta2.jpg	SPACE	752	SPACE
1447440234156	0	lts_1113I_29_01	29	01	0	341	0	0	0	CR	MAX	8245818.thl.jpg	8245818.thl.jpg	NOKEY	MAX	NOKEY
1447440235310	0	lts_1113I_29_01	29	01	0	342	8	1	1	Hit	676	8-first/AANTMILK.jpg	AANTMILK.jpg	SPACE	719	SPACE
1447440238386	0	lts_1113I_29_01	29	01	0	343	0	0	0	CR	MAX	64/8056402.thl.jpg	8056402.thl.jpg	NOKEY	MAX	NOKEY
1447440239372	0	lts_1113I_29_01	29	01	0	344	2	1	1	Hit	517	2-mul/AANTMILK.jpg	AANTMILK.jpg	SPACE	552	SPACE
1447440242448	0	lts_1113I_29_01	29	01	0	345	0	0	0	CR	MAX	ABLOODCEA.jpg	ABLOODCEA.jpg	NOKEY	MAX	NOKEY
1447440245524	0	lts_1113I_29_01	29	01	0	346	0	0	0	CR	MAX	1/A95CHEROK.jpg	A95CHEROK.jpg	NOKEY	MAX	NOKEY
1447440246477	0	lts_1113I_29_01	29	01	0	347	1	1	1	Hit	472	1-10/A95CHEROK.jpg	A95CHEROK.jpg	SPACE	519	SPACE
1447440249570	0	lts_1113I_29_01	29	01	0	348	0	0	0	CR	MAX	Afrog45.jpg	Afrog45.jpg	NOKEY	MAX	NOKEY
1447440252663	0	lts_1113I_29_01	29	01	0	349	0	0	0	CR	MAX	Asoundmixer2.jpg	Asoundmixer2.jpg	NOKEY	MAX	NOKEY
1447440253833	0	lts_1113I_29_01	29	01	0	350	32	1	1	Hit	697	32-3/Agroundhog.jpg	Agroundhog.jpg	SPACE	736	SPACE
1447440256909	0	lts_1113I_29_01	29	01	0	351	0	0	0	CR	MAX	Aashtray14.jpg	Aashtray14.jpg	NOKEY	MAX	NOKEY
1447440259985	0	lts_1113I_29_01	29	01	0	352	0	0	0	CR	MAX	ATRICKTR2.jpg	ATRICKTR2.jpg	NOKEY	MAX	NOKEY
1447440261023	0	lts_1113I_29_01	29	01	0	353	16	1	1	Hit	551	16-first/26370704.thl.jpg	26370704.thl.jpg	SPACE	601	SPACE
1447440264099	0	lts_1113I_29_01	29	01	0	354	0	0	0	CR	MAX	ABAKBRUS2.jpg	ABAKBRUS2.jpg	NOKEY	MAX	NOKEY
1447440265052	0	lts_1113I_29_01	29	01	0	355	2	1	1	Hit	478	2-mul/26370704.thl.jpg	26370704.thl.jpg	SPACE	518	SPACE
1447440268144	0	lts_1113I_29_01	29	01	0	356	0	0	0	CR	MAX	Asewingpins.jpg	Asewingpins.jpg	NOKEY	MAX	NOKEY
1447440271220	0	lts_1113I_29_01	29	01	0	357	0	0	0	CR	MAX	1/AALFALFA.jpg	AALFALFA.jpg	NOKEY	MAX	NOKEY
1447440272273	0	lts_1113I_29_01	29	01	0	358	1	1	1	Hit	583	1-7/AALFALFA.jpg	AALFALFA.jpg	SPACE	619	SPACE
1447440275349	0	lts_1113I_29_01	29	01	0	359	0	0	0	CR	MAX	2/Aalmond4.jpg	Aalmond4.jpg	NOKEY	MAX	NOKEY
1447440278442	0	lts_1113I_29_01	29	01	0	360	0	0	0	CR	MAX	APOKCHIP4.jpg	APOKCHIP4.jpg	NOKEY	MAX	NOKEY
1447440279478	0	lts_1113I_29_01	29	01	0	361	2	1	1	Hit	566	2-5/Aalmond4.jpg	Aalmond4.jpg	SPACE	603	SPACE
1447440282571	0	lts_1113I_29_01	29	01	0	362	0	0	0	CR	MAX	64/Heatpad.jpg	Heatpad.jpg	NOKEY	MAX	NOKEY
1447440285647	0	lts_1113I_29_01	29	01	0	363	0	0	0	CR	MAX	16/AREEL.jpg	AREEL.jpg	NOKEY	MAX	NOKEY
1447440286867	0	lts_1113I_29_01	29	01	0	364	128	1	1	Hit	750	128-7/broccoli.jpg	broccoli.jpg	SPACE	786	SPACE
1447440289943	0	lts_1113I_29_01	29	01	0	365	0	0	0	CR	MAX	Acinnamonrol2.jpg	Acinnamonrol2.jpg	NOKEY	MAX	NOKEY
1447440293021	0	lts_1113I_29_01	29	01	0	366	0	0	0	CR	MAX	32/ADRUMSTI4.jpg	ADRUMSTI4.jpg	NOKEY	MAX	NOKEY
1447440296097	0	lts_1113I_29_01	29	01	0	367	0	0	0	CR	MAX	8/26425025.thl.jpg	26425025.thl.jpg	NOKEY	MAX	NOKEY
1447440299188	0	lts_1113I_29_01	29	01	0	368	0	0	0	CR	MAX	ABUMBBE2.jpg	ABUMBBE2.jpg	NOKEY	MAX	NOKEY
1447440302281	0	lts_1113I_29_01	29	01	0	369	0	0	0	CR	MAX	mickeycap.jpg	mickeycap.jpg	NOKEY	MAX	NOKEY
1447440305357	0	lts_1113I_29_01	29	01	0	370	0	0	0	CR	MAX	QD-HEad.jpg	QD-HEad.jpg	NOKEY	MAX	NOKEY
1447440306427	0	lts_1113I_29_01	29	01	0	371	128	1	1	Hit	585	128-1/AGOUDA.jpg	AGOUDA.jpg	SPACE	636	SPACE
1447440309520	0	lts_1113I_29_01	29	01	0	372	0	0	0	CR	MAX	Apercussion16.jpg	Apercussion16.jpg	NOKEY	MAX	NOKEY
1447440312596	0	lts_1113I_29_01	29	01	0	373	0	0	0	CR	MAX	Abeverageingl.jpg	Abeverageingl.jpg	NOKEY	MAX	NOKEY
1447440315672	0	lts_1113I_29_01	29	01	0	374	0	0	0	CR	MAX	AFILM.jpg	AFILM.jpg	NOKEY	MAX	NOKEY
1447440316709	0	lts_1113I_29_01	29	01	0	375	8	1	1	Hit	565	8-first/26425025.thl.jpg	26425025.thl.jpg	SPACE	601	SPACE
1447440319785	0	lts_1113I_29_01	29	01	0	376	0	0	0	CR	MAX	ASPOONS2.jpg	ASPOONS2.jpg	NOKEY	MAX	NOKEY
1447440322861	0	lts_1113I_29_01	29	01	0	377	0	0	0	CR	MAX	8/hulahoop.jpg	hulahoop.jpg	NOKEY	MAX	NOKEY
1447440325937	0	lts_1113I_29_01	29	01	0	378	0	0	0	CR	MAX	4/Ababycup2.jpg	Ababycup2.jpg	NOKEY	MAX	NOKEY
1447440326973	0	lts_1113I_29_01	29	01	0	379	16	1	1	Hit	564	16-first/AREEL.jpg	AREEL.jpg	SPACE	602	SPACE
1447440330050	0	lts_1113I_29_01	29	01	0	380	0	0	0	CR	MAX	Ahousboa2.jpg	Ahousboa2.jpg	NOKEY	MAX	NOKEY
1447440331370	0	lts_1113I_29_01	29	01	0	381	0	0	1	FA	838	Achair618.jpg	Achair618.jpg	SPACE	885	NOKEY
1447440332724	0	lts_1113I_29_01	29	01	0	382	4	1	1	Hit	878	4-12/Ababycup2.jpg	Ababycup2.jpg	SPACE	919	SPACE
1447440335800	0	lts_1113I_29_01	29	01	0	383	0	0	0	CR	MAX	APARKMET6.jpg	APARKMET6.jpg	NOKEY	MAX	NOKEY
1447440338877	0	lts_1113I_29_01	29	01	0	384	0	0	0	CR	MAX	ASTEPPER.jpg	ASTEPPER.jpg	NOKEY	MAX	NOKEY
1447440339963	0	lts_1113I_29_01	29	01	0	385	8	1	1	Hit	608	8-first/hulahoop.jpg	hulahoop.jpg	SPACE	652	SPACE
1447440343057	0	lts_1113I_29_01	29	01	0	386	0	0	0	CR	MAX	ABELL7.jpg	ABELL7.jpg	NOKEY	MAX	NOKEY
1447440346132	0	lts_1113I_29_01	29	01	0	387	0	0	0	CR	MAX	32/driedbeans.jpg	driedbeans.jpg	NOKEY	MAX	NOKEY
1447440349225	0	lts_1113I_29_01	29	01	0	388	0	0	0	CR	MAX	lightsaber.jpg	lightsaber.jpg	NOKEY	MAX	NOKEY
1447440352317	0	lts_1113I_29_01	29	01	0	389	0	0	0	CR	MAX	Awomensshoe61.jpg	Awomensshoe61.jpg	NOKEY	MAX	NOKEY
1447440355393	0	lts_1113I_29_01	29	01	0	390	0	0	0	CR	MAX	ACHINLAMP.jpg	ACHINLAMP.jpg	NOKEY	MAX	NOKEY
1447440356664	0	lts_1113I_29_01	29	01	0	391	16	1	1	Hit	795	16-mul/26425025.thl.jpg	26425025.thl.jpg	SPACE	836	SPACE
1447440359740	0	lts_1113I_29_01	29	01	0	392	0	0	0	CR	MAX	Atoybird10.jpg	Atoybird10.jpg	NOKEY	MAX	NOKEY
1447440362833	0	lts_1113I_29_01	29	01	0	393	0	0	0	CR	MAX	cd2-a.jpg	cd2-a.jpg	NOKEY	MAX	NOKEY
1447440365909	0	lts_1113I_29_01	29	01	0	394	0	0	0	CR	MAX	Astonehome.jpg	Astonehome.jpg	NOKEY	MAX	NOKEY
1447440366996	0	lts_1113I_29_01	29	01	0	395	16	1	1	Hit	601	16-mul/AREEL.jpg	AREEL.jpg	SPACE	652	SPACE
1447440370089	0	lts_1113I_29_01	29	01	0	396	0	0	0	CR	MAX	Acanadagoose.jpg	Acanadagoose.jpg	NOKEY	MAX	NOKEY
1447440373164	0	lts_1113I_29_01	29	01	0	397	0	0	0	CR	MAX	ACASKET5.jpg	ACASKET5.jpg	NOKEY	MAX	NOKEY
1447440374402	0	lts_1113I_29_01	29	01	0	398	32	1	1	Hit	761	32-1/ADRUMSTI4.jpg	ADRUMSTI4.jpg	SPACE	802	SPACE
1447440377478	0	lts_1113I_29_01	29	01	0	399	0	0	0	CR	MAX	DSCN9735-sm.jpg	DSCN9735-sm.jpg	NOKEY	MAX	NOKEY
1447440380554	0	lts_1113I_29_01	29	01	0	400	0	0	0	CR	MAX	Aroulette.jpg	Aroulette.jpg	NOKEY	MAX	NOKEY
1447440381590	0	lts_1113I_29_01	29	01	0	401	16	1	1	Hit	554	16-mul/hulahoop.jpg	hulahoop.jpg	SPACE	602	SPACE
1447440384666	0	lts_1113I_29_01	29	01	0	402	0	0	0	CR	MAX	AWOODPYRA.jpg	AWOODPYRA.jpg	NOKEY	MAX	NOKEY
1447440387742	0	lts_1113I_29_01	29	01	0	403	0	0	0	CR	MAX	Aexercisemac4.jpg	Aexercisemac4.jpg	NOKEY	MAX	NOKEY
1447440390818	0	lts_1113I_29_01	29	01	0	404	0	0	0	CR	MAX	AFOOTST11.jpg	AFOOTST11.jpg	NOKEY	MAX	NOKEY
1447440393894	0	lts_1113I_29_01	29	01	0	405	0	0	0	CR	MAX	4/AALMOND1.jpg	AALMOND1.jpg	NOKEY	MAX	NOKEY
1447440396971	0	lts_1113I_29_01	29	01	0	406	0	0	0	CR	MAX	Asword138.jpg	Asword138.jpg	NOKEY	MAX	NOKEY
1447440398157	0	lts_1113I_29_01	29	01	0	407	64	1	1	Hit	712	64-first/8056402.thl.jpg	8056402.thl.jpg	SPACE	752	SPACE
1447440401250	0	lts_1113I_29_01	29	01	0	408	0	0	0	CR	MAX	26428540.thl.jpg	26428540.thl.jpg	NOKEY	MAX	NOKEY
1447440402287	0	lts_1113I_29_01	29	01	0	409	4	1	1	Hit	555	4-3/AALMOND1.jpg	AALMOND1.jpg	SPACE	602	SPACE
1447440405379	0	lts_1113I_29_01	29	01	0	410	0	0	0	CR	MAX	ALIONWALK.jpg	ALIONWALK.jpg	NOKEY	MAX	NOKEY
1447440406466	0	lts_1113I_29_01	29	01	0	411	4	1	1	Hit	608	4-mul/8056402.thl.jpg	8056402.thl.jpg	SPACE	653	SPACE
1447440409559	0	lts_1113I_29_01	29	01	0	412	0	0	0	CR	MAX	AANALCIME.jpg	AANALCIME.jpg	NOKEY	MAX	NOKEY
1447440412635	0	lts_1113I_29_01	29	01	0	413	0	0	0	CR	MAX	26465824.thl.jpg	26465824.thl.jpg	NOKEY	MAX	NOKEY
1447440415728	0	lts_1113I_29_01	29	01	0	414	0	0	0	CR	MAX	Adress6.jpg	Adress6.jpg	NOKEY	MAX	NOKEY
1447440418804	0	lts_1113I_29_01	29	01	0	415	0	0	0	CR	MAX	Abeermug11.jpg	Abeermug11.jpg	NOKEY	MAX	NOKEY
1447440421880	0	lts_1113I_29_01	29	01	0	416	0	0	0	CR	MAX	16/Atoydonkey.jpg	Atoydonkey.jpg	NOKEY	MAX	NOKEY
1447440424956	0	lts_1113I_29_01	29	01	0	417	0	0	0	CR	MAX	gytsl9.jpg	gytsl9.jpg	NOKEY	MAX	NOKEY
1447440428033	0	lts_1113I_29_01	29	01	0	418	0	0	0	CR	MAX	mangosplitter.jpg	mangosplitter.jpg	NOKEY	MAX	NOKEY
1447440429135	0	lts_1113I_29_01	29	01	0	419	32	1	1	Hit	625	32-7/driedbeans.jpg	driedbeans.jpg	SPACE	667	SPACE
1447440432212	0	lts_1113I_29_01	29	01	0	420	0	0	0	CR	MAX	Abulbprotect2.jpg	Abulbprotect2.jpg	NOKEY	MAX	NOKEY
1447440435288	0	lts_1113I_29_01	29	01	0	421	0	0	0	CR	MAX	1/APANTRAC2.jpg	APANTRAC2.jpg	NOKEY	MAX	NOKEY
1447440436558	0	lts_1113I_29_01	29	01	0	422	1	1	1	Hit	790	1-14/APANTRAC2.jpg	APANTRAC2.jpg	SPACE	836	SPACE
1447440439651	0	lts_1113I_29_01	29	01	0	423	0	0	0	CR	MAX	26418799.thl.jpg	26418799.thl.jpg	NOKEY	MAX	NOKEY
1447440442727	0	lts_1113I_29_01	29	01	0	424	0	0	0	CR	MAX	Adalmatiandog.jpg	Adalmatiandog.jpg	NOKEY	MAX	NOKEY
1447440445803	0	lts_1113I_29_01	29	01	0	425	0	0	0	CR	MAX	D_exercisebike.jpg	D_exercisebike.jpg	NOKEY	MAX	NOKEY
1447440446940	0	lts_1113I_29_01	29	01	0	426	64	1	1	Hit	655	64-first/Heatpad.jpg	Heatpad.jpg	SPACE	702	SPACE
1447440450017	0	lts_1113I_29_01	29	01	0	427	0	0	0	CR	MAX	Apitchfork4.jpg	Apitchfork4.jpg	NOKEY	MAX	NOKEY
1447440450952	0	lts_1113I_29_01	29	01	0	428	2	1	1	Hit	455	2-mul/Heatpad.jpg	Heatpad.jpg	SPACE	501	SPACE
1447440454029	0	lts_1113I_29_01	29	01	0	429	0	0	0	CR	MAX	1/AAFRICI13.jpg	AAFRICI13.jpg	NOKEY	MAX	NOKEY
1447440454964	0	lts_1113I_29_01	29	01	0	430	1	1	1	Hit	459	1-13/AAFRICI13.jpg	AAFRICI13.jpg	SPACE	500	SPACE
1447440458041	0	lts_1113I_29_01	29	01	0	431	0	0	0	CR	MAX	Abedspringsam.jpg	Abedspringsam.jpg	NOKEY	MAX	NOKEY
1447440459177	0	lts_1113I_29_01	29	01	0	432	16	1	1	Hit	661	16-first/Atoydonkey.jpg	Atoydonkey.jpg	SPACE	701	SPACE
1447440462253	0	lts_1113I_29_01	29	01	0	433	0	0	0	CR	MAX	slide.jpg	slide.jpg	NOKEY	MAX	NOKEY
1447440465329	0	lts_1113I_29_01	29	01	0	434	0	0	0	CR	MAX	AMETALPER.jpg	AMETALPER.jpg	NOKEY	MAX	NOKEY
1447440468405	0	lts_1113I_29_01	29	01	0	435	0	0	0	CR	MAX	silver-bowl-small.jpg	silver-bowl-small.jpg	NOKEY	MAX	NOKEY
1447440469392	0	lts_1113I_29_01	29	01	0	436	4	1	1	Hit	508	4-mul/Atoydonkey.jpg	Atoydonkey.jpg	SPACE	552	SPACE
1447440472468	0	lts_1113I_29_01	29	01	0	437	0	0	0	CR	MAX	Aringclamp2.jpg	Aringclamp2.jpg	NOKEY	MAX	NOKEY
1447440475544	0	lts_1113I_29_01	29	01	0	438	0	0	0	CR	MAX	hairbarette.jpg	hairbarette.jpg	NOKEY	MAX	NOKEY
1447440476764	0	lts_1113I_29_01	29	01	0	439	128	1	1	Hit	747	128-4/Acablelatch.jpg	Acablelatch.jpg	SPACE	786	SPACE
1447440479840	0	lts_1113I_29_01	29	01	0	440	0	0	0	CR	MAX	26687325.thl.jpg	26687325.thl.jpg	NOKEY	MAX	NOKEY
1447440482916	0	lts_1113I_29_01	29	01	0	441	0	0	0	CR	MAX	26440629.thl.jpg	26440629.thl.jpg	NOKEY	MAX	NOKEY
1447440486010	0	lts_1113I_29_01	29	01	0	442	0	0	0	CR	MAX	Atable132.jpg	Atable132.jpg	NOKEY	MAX	NOKEY
1447440489103	0	lts_1113I_29_01	29	01	0	443	0	0	0	CR	MAX	AHEADLIG9.jpg	AHEADLIG9.jpg	NOKEY	MAX	NOKEY
1447440490289	0	lts_1113I_29_01	29	01	0	444	128	1	1	Hit	718	128-2/ADIAMCRYS.jpg	ADIAMCRYS.jpg	SPACE	752	SPACE
1447440493365	0	lts_1113I_29_01	29	01	0	445	0	0	0	CR	MAX	APUMPKI35.jpg	APUMPKI35.jpg	NOKEY	MAX	NOKEY
1447440496441	0	lts_1113I_29_01	29	01	0	446	0	0	0	CR	MAX	AHARMONS2.jpg	AHARMONS2.jpg	NOKEY	MAX	NOKEY
1447440499517	0	lts_1113I_29_01	29	01	0	447	0	0	0	CR	MAX	Acanoe19.jpg	Acanoe19.jpg	NOKEY	MAX	NOKEY
1447440502593	0	lts_1113I_29_01	29	01	0	448	0	0	0	CR	MAX	corkscrew02.jpg	corkscrew02.jpg	NOKEY	MAX	NOKEY
1447440505686	0	lts_1113I_29_01	29	01	0	449	0	0	0	CR	MAX	AROCKET11.jpg	AROCKET11.jpg	NOKEY	MAX	NOKEY
1447440686522	0	lts_1113I_29_01	29	01	1	0	0	0	0	CR	MAX	ADRESSE14.jpg	ADRESSE14.jpg	NOKEY	MAX	NOKEY
1447440689598	0	lts_1113I_29_01	29	01	1	1	0	0	0	CR	MAX	2/26429130.thl.jpg	26429130.thl.jpg	NOKEY	MAX	NOKEY
1447440692691	0	lts_1113I_29_01	29	01	1	2	0	0	0	CR	MAX	26420956.thl.jpg	26420956.thl.jpg	NOKEY	MAX	NOKEY
1447440693627	0	lts_1113I_29_01	29	01	1	3	2	1	1	Hit	461	2-0/26429130.thl.jpg	26429130.thl.jpg	SPACE	502	SPACE
1447440696703	0	lts_1113I_29_01	29	01	1	4	0	0	0	CR	MAX	4/Adog71.jpg	Adog71.jpg	NOKEY	MAX	NOKEY
1447440699779	0	lts_1113I_29_01	29	01	1	5	0	0	0	CR	MAX	Aspokesfaste2.jpg	Aspokesfaste2.jpg	NOKEY	MAX	NOKEY
1447440702855	0	lts_1113I_29_01	29	01	1	6	0	0	0	CR	MAX	26421572.thl.jpg	26421572.thl.jpg	NOKEY	MAX	NOKEY
1447440705948	0	lts_1113I_29_01	29	01	1	7	0	0	0	CR	MAX	Agardeningrak.jpg	Agardeningrak.jpg	NOKEY	MAX	NOKEY
1447440706951	0	lts_1113I_29_01	29	01	1	8	4	1	1	Hit	527	4-6/Adog71.jpg	Adog71.jpg	SPACE	569	SPACE
1447440710045	0	lts_1113I_29_01	29	01	1	9	0	0	0	CR	MAX	AMILKJUG.jpg	AMILKJUG.jpg	NOKEY	MAX	NOKEY
1447440713137	0	lts_1113I_29_01	29	01	1	10	0	0	0	CR	MAX	Aglassbottle6.jpg	Aglassbottle6.jpg	NOKEY	MAX	NOKEY
1447440716213	0	lts_1113I_29_01	29	01	1	11	0	0	0	CR	MAX	32/Aflower102.jpg	Aflower102.jpg	NOKEY	MAX	NOKEY
1447440719305	0	lts_1113I_29_01	29	01	1	12	0	0	0	CR	MAX	sandcastle.jpg	sandcastle.jpg	NOKEY	MAX	NOKEY
1447440722381	0	lts_1113I_29_01	29	01	1	13	0	0	0	CR	MAX	8249141.thl.jpg	8249141.thl.jpg	NOKEY	MAX	NOKEY
1447440725457	0	lts_1113I_29_01	29	01	1	14	0	0	0	CR	MAX	Acrackersandc.jpg	Acrackersandc.jpg	NOKEY	MAX	NOKEY
1447440728534	0	lts_1113I_29_01	29	01	1	15	0	0	0	CR	MAX	4/football.JPG	football.JPG	NOKEY	MAX	NOKEY
1447440731610	0	lts_1113I_29_01	29	01	1	16	0	0	0	CR	MAX	Agrater10.jpg	Agrater10.jpg	NOKEY	MAX	NOKEY
1447440734686	0	lts_1113I_29_01	29	01	1	17	0	0	0	CR	MAX	64/clothpiece.jpg	clothpiece.jpg	NOKEY	MAX	NOKEY
1447440737762	0	lts_1113I_29_01	29	01	1	18	0	0	0	CR	MAX	ARAILLIGH.jpg	ARAILLIGH.jpg	NOKEY	MAX	NOKEY
1447440738865	0	lts_1113I_29_01	29	01	1	19	4	1	1	Hit	625	4-3/football.JPG	football.JPG	SPACE	669	SPACE
1447440741941	0	lts_1113I_29_01	29	01	1	20	0	0	0	CR	MAX	16/Aboot9.jpg	Aboot9.jpg	NOKEY	MAX	NOKEY
1447440745018	0	lts_1113I_29_01	29	01	1	21	0	0	0	CR	MAX	26432217.thl.jpg	26432217.thl.jpg	NOKEY	MAX	NOKEY
1447440746137	0	lts_1113I_29_01	29	01	1	22	00	1	1	Hit	644	00-across/driedbeans.jpg	driedbeans.jpg	SPACE	684	SPACE
1447440749213	0	lts_1113I_29_01	29	01	1	23	0	0	0	CR	MAX	32/ALAB13.jpg	ALAB13.jpg	NOKEY	MAX	NOKEY
1447440752306	0	lts_1113I_29_01	29	01	1	24	0	0	0	CR	MAX	2/Ajar33.jpg	Ajar33.jpg	NOKEY	MAX	NOKEY
1447440755382	0	lts_1113I_29_01	29	01	1	25	0	0	0	CR	MAX	8257947.thl.jpg	8257947.thl.jpg	NOKEY	MAX	NOKEY
1447440756419	0	lts_1113I_29_01	29	01	1	26	2	1	1	Hit	556	2-3/Ajar33.jpg	Ajar33.jpg	SPACE	603	SPACE
1447440759495	0	lts_1113I_29_01	29	01	1	27	0	0	0	CR	MAX	4/APLASCONT.jpg	APLASCONT.jpg	NOKEY	MAX	NOKEY
1447440762571	0	lts_1113I_29_01	29	01	1	28	0	0	0	CR	MAX	8019781.thl.jpg	8019781.thl.jpg	NOKEY	MAX	NOKEY
1447440765647	0	lts_1113I_29_01	29	01	1	29	0	0	0	CR	MAX	26437491.thl.jpg	26437491.thl.jpg	NOKEY	MAX	NOKEY
1447440768740	0	lts_1113I_29_01	29	01	1	30	0	0	0	CR	MAX	AMEATGR14.jpg	AMEATGR14.jpg	NOKEY	MAX	NOKEY
1447440770045	0	lts_1113I_29_01	29	01	1	31	4	1	1	Hit	834	4-10/APLASCONT.jpg	APLASCONT.jpg	SPACE	870	SPACE
1447440773137	0	lts_1113I_29_01	29	01	1	32	0	0	0	CR	MAX	fireking-file-cabinet.jpg	fireking-file-cabinet.jpg	NOKEY	MAX	NOKEY
1447440776213	0	lts_1113I_29_01	29	01	1	33	0	0	0	CR	MAX	128/26427609.thl.jpg	26427609.thl.jpg	NOKEY	MAX	NOKEY
1447440777266	0	lts_1113I_29_01	29	01	1	34	00	1	1	Hit	580	00-across/AALMOND1.jpg	AALMOND1.jpg	SPACE	619	SPACE
1447440780342	0	lts_1113I_29_01	29	01	1	35	0	0	0	CR	MAX	Acandlesnuffe.jpg	Acandlesnuffe.jpg	NOKEY	MAX	NOKEY
1447440781345	0	lts_1113I_29_01	29	01	1	36	16	1	1	Hit	524	16-first/Aboot9.jpg	Aboot9.jpg	SPACE	569	SPACE
1447440784421	0	lts_1113I_29_01	29	01	1	37	0	0	0	CR	MAX	AANGLE.jpg	AANGLE.jpg	NOKEY	MAX	NOKEY
1447440787497	0	lts_1113I_29_01	29	01	1	38	0	0	0	CR	MAX	Acentipede4.jpg	Acentipede4.jpg	NOKEY	MAX	NOKEY
1447440790573	0	lts_1113I_29_01	29	01	1	39	0	0	0	CR	MAX	AASPHEQUA.jpg	AASPHEQUA.jpg	NOKEY	MAX	NOKEY
1447440793649	0	lts_1113I_29_01	29	01	1	40	0	0	0	CR	MAX	ARELSCU49.jpg	ARELSCU49.jpg	NOKEY	MAX	NOKEY
1447440796742	0	lts_1113I_29_01	29	01	1	41	0	0	0	CR	MAX	8/Aseal3.jpg	Aseal3.jpg	NOKEY	MAX	NOKEY
1447440799818	0	lts_1113I_29_01	29	01	1	42	0	0	0	CR	MAX	ATHERMO12.jpg	ATHERMO12.jpg	NOKEY	MAX	NOKEY
1447440800905	0	lts_1113I_29_01	29	01	1	43	32	1	1	Hit	614	32-8/Aflower102.jpg	Aflower102.jpg	SPACE	652	SPACE
1447440803998	0	lts_1113I_29_01	29	01	1	44	0	0	0	CR	MAX	2/ignitionkey01.jpg	ignitionkey01.jpg	NOKEY	MAX	NOKEY
1447440807075	0	lts_1113I_29_01	29	01	1	45	0	0	0	CR	MAX	satellitedirecttc.jpg	satellitedirecttc.jpg	NOKEY	MAX	NOKEY
1447440808244	0	lts_1113I_29_01	29	01	1	46	2	1	1	Hit	689	2-2/ignitionkey01.jpg	ignitionkey01.jpg	SPACE	735	SPACE
1447440811320	0	lts_1113I_29_01	29	01	1	47	0	0	0	CR	MAX	Astackingtoy2.jpg	Astackingtoy2.jpg	NOKEY	MAX	NOKEY
1447440814396	0	lts_1113I_29_01	29	01	1	48	0	0	0	CR	MAX	128/26420830.thl.jpg	26420830.thl.jpg	NOKEY	MAX	NOKEY
1447440815432	0	lts_1113I_29_01	29	01	1	49	8	1	1	Hit	564	8-1/Aseal3.jpg	Aseal3.jpg	SPACE	603	SPACE
1447440818509	0	lts_1113I_29_01	29	01	1	50	0	0	0	CR	MAX	bait04.jpg	bait04.jpg	NOKEY	MAX	NOKEY
1447440821585	0	lts_1113I_29_01	29	01	1	51	0	0	0	CR	MAX	footballhelmet.jpg	footballhelmet.jpg	NOKEY	MAX	NOKEY
1447440822504	0	lts_1113I_29_01	29	01	1	52	16	1	1	Hit	436	16-mul/Aboot9.jpg	Aboot9.jpg	SPACE	486	SPACE
1447440825597	0	lts_1113I_29_01	29	01	1	53	0	0	0	CR	MAX	64/Adill.jpg	Adill.jpg	NOKEY	MAX	NOKEY
1447440828673	0	lts_1113I_29_01	29	01	1	54	0	0	0	CR	MAX	AARCHERY.jpg	AARCHERY.jpg	NOKEY	MAX	NOKEY
1447440829693	0	lts_1113I_29_01	29	01	1	55	32	1	1	Hit	550	32-4/ALAB13.jpg	ALAB13.jpg	SPACE	586	SPACE
1447440832769	0	lts_1113I_29_01	29	01	1	56	0	0	0	CR	MAX	4/ACDRAINER.jpg	ACDRAINER.jpg	NOKEY	MAX	NOKEY
1447440833855	0	lts_1113I_29_01	29	01	1	57	00	1	1	Hit	614	00-across/AMINICYM6.jpg	AMINICYM6.jpg	SPACE	652	SPACE
1447440836948	0	lts_1113I_29_01	29	01	1	58	0	0	0	CR	MAX	9815629.thl.jpg	9815629.thl.jpg	NOKEY	MAX	NOKEY
1447440840025	0	lts_1113I_29_01	29	01	1	59	0	0	0	CR	MAX	Amistingwate3.jpg	Amistingwate3.jpg	NOKEY	MAX	NOKEY
1447440841012	0	lts_1113I_29_01	29	01	1	60	4	1	1	Hit	505	4-0/ACDRAINER.jpg	ACDRAINER.jpg	SPACE	551	SPACE
1447440844088	0	lts_1113I_29_01	29	01	1	61	0	0	0	CR	MAX	Acoatrack5.jpg	Acoatrack5.jpg	NOKEY	MAX	NOKEY
1447440847163	0	lts_1113I_29_01	29	01	1	62	0	0	0	CR	MAX	8/Aopenbriefcas.jpg	Aopenbriefcas.jpg	NOKEY	MAX	NOKEY
1447440850239	0	lts_1113I_29_01	29	01	1	63	0	0	0	CR	MAX	AHIGCHAIR.jpg	AHIGCHAIR.jpg	NOKEY	MAX	NOKEY
1447440853315	0	lts_1113I_29_01	29	01	1	64	0	0	0	CR	MAX	Aelasticbands.jpg	Aelasticbands.jpg	NOKEY	MAX	NOKEY
1447440856391	0	lts_1113I_29_01	29	01	1	65	0	0	0	CR	MAX	Abucket51.jpg	Abucket51.jpg	NOKEY	MAX	NOKEY
1447440859484	0	lts_1113I_29_01	29	01	1	66	0	0	0	CR	MAX	2/Abrooch104.jpg	Abrooch104.jpg	NOKEY	MAX	NOKEY
1447440862560	0	lts_1113I_29_01	29	01	1	67	0	0	0	CR	MAX	AADZUKIB2.jpg	AADZUKIB2.jpg	NOKEY	MAX	NOKEY
1447440863596	0	lts_1113I_29_01	29	01	1	68	2	1	1	Hit	566	2-1/Abrooch104.jpg	Abrooch104.jpg	SPACE	602	SPACE
1447440866689	0	lts_1113I_29_01	29	01	1	69	0	0	0	CR	MAX	Aornamentalt5.jpg	Aornamentalt5.jpg	NOKEY	MAX	NOKEY
1447440867742	0	lts_1113I_29_01	29	01	1	70	8	1	1	Hit	584	8-first/Aopenbriefcas.jpg	Aopenbriefcas.jpg	SPACE	618	SPACE
1447440870818	0	lts_1113I_29_01	29	01	1	71	0	0	0	CR	MAX	26428041.thl.jpg	26428041.thl.jpg	NOKEY	MAX	NOKEY
1447440873894	0	lts_1113I_29_01	29	01	1	72	0	0	0	CR	MAX	4/trapezebars.jpg	trapezebars.jpg	NOKEY	MAX	NOKEY
1447440876971	0	lts_1113I_29_01	29	01	1	73	0	0	0	CR	MAX	128/Ahat47.jpg	Ahat47.jpg	NOKEY	MAX	NOKEY
1447440878058	0	lts_1113I_29_01	29	01	1	74	4	1	1	Hit	613	4-mul/Aopenbriefcas.jpg	Aopenbriefcas.jpg	SPACE	652	SPACE
1447440881133	0	lts_1113I_29_01	29	01	1	75	0	0	0	CR	MAX	Atoiletplung2.jpg	Atoiletplung2.jpg	NOKEY	MAX	NOKEY
1447440882104	0	lts_1113I_29_01	29	01	1	76	4	1	1	Hit	488	4-4/trapezebars.jpg	trapezebars.jpg	SPACE	535	SPACE
1447440885179	0	lts_1113I_29_01	29	01	1	77	0	0	0	CR	MAX	workbench.jpg	workbench.jpg	NOKEY	MAX	NOKEY
1447440888255	0	lts_1113I_29_01	29	01	1	78	0	0	0	CR	MAX	ABISHOP2.jpg	ABISHOP2.jpg	NOKEY	MAX	NOKEY
1447440891331	0	lts_1113I_29_01	29	01	1	79	0	0	0	CR	MAX	8/Aangel37.jpg	Aangel37.jpg	NOKEY	MAX	NOKEY
1447440894407	0	lts_1113I_29_01	29	01	1	80	0	0	0	CR	MAX	26685596.thl.jpg	26685596.thl.jpg	NOKEY	MAX	NOKEY
1447440895611	0	lts_1113I_29_01	29	01	1	81	64	1	1	Hit	735	64-first/clothpiece.jpg	clothpiece.jpg	SPACE	769	SPACE
1447440898687	0	lts_1113I_29_01	29	01	1	82	0	0	0	CR	MAX	2/26391514.thl.jpg	26391514.thl.jpg	NOKEY	MAX	NOKEY
1447440901763	0	lts_1113I_29_01	29	01	1	83	0	0	0	CR	MAX	champagnbottles.jpg	champagnbottles.jpg	NOKEY	MAX	NOKEY
1447440902833	0	lts_1113I_29_01	29	01	1	84	2	1	1	Hit	597	2-9/26391514.thl.jpg	26391514.thl.jpg	SPACE	636	SPACE
1447440905926	0	lts_1113I_29_01	29	01	1	85	0	0	0	CR	MAX	128/APOTGOLD2.jpg	APOTGOLD2.jpg	NOKEY	MAX	NOKEY
1447440909003	0	lts_1113I_29_01	29	01	1	86	0	0	0	CR	MAX	Aflower103.jpg	Aflower103.jpg	NOKEY	MAX	NOKEY
1447440909988	0	lts_1113I_29_01	29	01	1	87	8	1	1	Hit	515	8-first/Aangel37.jpg	Aangel37.jpg	SPACE	551	SPACE
1447440913065	0	lts_1113I_29_01	29	01	1	88	0	0	0	CR	MAX	22903148.thl.jpg	22903148.thl.jpg	NOKEY	MAX	NOKEY
1447440914001	0	lts_1113I_29_01	29	01	1	89	2	1	1	Hit	460	2-mul/Aangel37.jpg	Aangel37.jpg	SPACE	500	SPACE
1447440917077	0	lts_1113I_29_01	29	01	1	90	0	0	0	CR	MAX	26431753.thl.jpg	26431753.thl.jpg	NOKEY	MAX	NOKEY
1447440920152	0	lts_1113I_29_01	29	01	1	91	0	0	0	CR	MAX	Apig5.jpg	Apig5.jpg	NOKEY	MAX	NOKEY
1447440923245	0	lts_1113I_29_01	29	01	1	92	0	0	0	CR	MAX	16/AANTFRYI2.jpg	AANTFRYI2.jpg	NOKEY	MAX	NOKEY
1447440926321	0	lts_1113I_29_01	29	01	1	93	0	0	0	CR	MAX	ACASSETT2.jpg	ACASSETT2.jpg	NOKEY	MAX	NOKEY
1447440927475	0	lts_1113I_29_01	29	01	1	94	00	1	1	Hit	671	00-across/hulahoop.jpg	hulahoop.jpg	SPACE	720	SPACE
1447440930568	0	lts_1113I_29_01	29	01	1	95	0	0	0	CR	MAX	26374346.thl.jpg	26374346.thl.jpg	NOKEY	MAX	NOKEY
1447440933644	0	lts_1113I_29_01	29	01	1	96	0	0	0	CR	MAX	26428057.thl.jpg	26428057.thl.jpg	NOKEY	MAX	NOKEY
1447440934630	0	lts_1113I_29_01	29	01	1	97	16	1	1	Hit	509	16-mul/clothpiece.jpg	clothpiece.jpg	SPACE	552	SPACE
1447440937723	0	lts_1113I_29_01	29	01	1	98	0	0	0	CR	MAX	Ahourglass4.jpg	Ahourglass4.jpg	NOKEY	MAX	NOKEY
1447440940816	0	lts_1113I_29_01	29	01	1	99	0	0	0	CR	MAX	stone.jpg	stone.jpg	NOKEY	MAX	NOKEY
1447440943892	0	lts_1113I_29_01	29	01	1	100	0	0	0	CR	MAX	128/AHEARTSPO.jpg	AHEARTSPO.jpg	NOKEY	MAX	NOKEY
1447440946984	0	lts_1113I_29_01	29	01	1	101	0	0	0	CR	MAX	Aaircompress6.jpg	Aaircompress6.jpg	NOKEY	MAX	NOKEY
1447440950062	0	lts_1113I_29_01	29	01	1	102	0	0	0	CR	MAX	26423786.thl.jpg	26423786.thl.jpg	NOKEY	MAX	NOKEY
1447440953137	0	lts_1113I_29_01	29	01	1	103	0	0	0	CR	MAX	128/22924880.thl.jpg	22924880.thl.jpg	NOKEY	MAX	NOKEY
1447440956213	0	lts_1113I_29_01	29	01	1	104	0	0	0	CR	MAX	8/26425788.thl.jpg	26425788.thl.jpg	NOKEY	MAX	NOKEY
1447440959289	0	lts_1113I_29_01	29	01	1	105	0	0	0	CR	MAX	1/AHOSPCAR3.jpg	AHOSPCAR3.jpg	NOKEY	MAX	NOKEY
1447440960426	0	lts_1113I_29_01	29	01	1	106	1	1	1	Hit	663	1-8/AHOSPCAR3.jpg	AHOSPCAR3.jpg	SPACE	703	SPACE
1447440963502	0	lts_1113I_29_01	29	01	1	107	0	0	0	CR	MAX	ABAGEL.jpg	ABAGEL.jpg	NOKEY	MAX	NOKEY
1447440964572	0	lts_1113I_29_01	29	01	1	108	16	1	1	Hit	591	16-first/AANTFRYI2.jpg	AANTFRYI2.jpg	SPACE	635	SPACE
1447440967664	0	lts_1113I_29_01	29	01	1	109	0	0	0	CR	MAX	AHOSPWAS2.jpg	AHOSPWAS2.jpg	NOKEY	MAX	NOKEY
1447440968584	0	lts_1113I_29_01	29	01	1	110	2	1	1	Hit	451	2-mul/AANTFRYI2.jpg	AANTFRYI2.jpg	SPACE	485	SPACE
1447440971660	0	lts_1113I_29_01	29	01	1	111	0	0	0	CR	MAX	10052787.thm.jpg	10052787.thm.jpg	NOKEY	MAX	NOKEY
1447440972646	0	lts_1113I_29_01	29	01	1	112	8	1	1	Hit	504	8-first/26425788.thl.jpg	26425788.thl.jpg	SPACE	552	SPACE
1447440975739	0	lts_1113I_29_01	29	01	1	113	0	0	0	CR	MAX	32/chocolatbox.jpg	chocolatbox.jpg	NOKEY	MAX	NOKEY
1447440976658	0	lts_1113I_29_01	29	01	1	114	2	1	1	Hit	442	2-mul/26425788.thl.jpg	26425788.thl.jpg	SPACE	485	SPACE
1447440979735	0	lts_1113I_29_01	29	01	1	115	0	0	0	CR	MAX	clawhairclips.jpg	clawhairclips.jpg	NOKEY	MAX	NOKEY
1447440982827	0	lts_1113I_29_01	29	01	1	116	0	0	0	CR	MAX	ABOAT16.jpg	ABOAT16.jpg	NOKEY	MAX	NOKEY
1447440983847	0	lts_1113I_29_01	29	01	1	117	64	1	1	Hit	544	64-first/Adill.jpg	Adill.jpg	SPACE	585	SPACE
1447440986940	0	lts_1113I_29_01	29	01	1	118	0	0	0	CR	MAX	Aswitch17.jpg	Aswitch17.jpg	NOKEY	MAX	NOKEY
1447440990017	0	lts_1113I_29_01	29	01	1	119	0	0	0	CR	MAX	Apizzadoughin.jpg	Apizzadoughin.jpg	NOKEY	MAX	NOKEY
1447440993110	0	lts_1113I_29_01	29	01	1	120	0	0	0	CR	MAX	Aservicedesk.jpg	Aservicedesk.jpg	NOKEY	MAX	NOKEY
1447440994046	0	lts_1113I_29_01	29	01	1	121	4	1	1	Hit	456	4-mul/Adill.jpg	Adill.jpg	SPACE	502	SPACE
1447440997121	0	lts_1113I_29_01	29	01	1	122	0	0	0	CR	MAX	26427111.thl.jpg	26427111.thl.jpg	NOKEY	MAX	NOKEY
1447441000197	0	lts_1113I_29_01	29	01	1	123	0	0	0	CR	MAX	26387690.thl.jpg	26387690.thl.jpg	NOKEY	MAX	NOKEY
1447441003273	0	lts_1113I_29_01	29	01	1	124	0	0	0	CR	MAX	2/ACUSTMACH.jpg	ACUSTMACH.jpg	NOKEY	MAX	NOKEY
1447441006366	0	lts_1113I_29_01	29	01	1	125	0	0	0	CR	MAX	32/ADOUBHOOK.jpg	ADOUBHOOK.jpg	NOKEY	MAX	NOKEY
1447441007453	0	lts_1113I_29_01	29	01	1	126	2	1	1	Hit	613	2-10/ACUSTMACH.jpg	ACUSTMACH.jpg	SPACE	653	SPACE
1447441010529	0	lts_1113I_29_01	29	01	1	127	0	0	0	CR	MAX	Achildsplaype.jpg	Achildsplaype.jpg	NOKEY	MAX	NOKEY
1447441013605	0	lts_1113I_29_01	29	01	1	128	0	0	0	CR	MAX	26433592.thl.jpg	26433592.thl.jpg	NOKEY	MAX	NOKEY
1447441016681	0	lts_1113I_29_01	29	01	1	129	0	0	0	CR	MAX	Acarjack2.jpg	Acarjack2.jpg	NOKEY	MAX	NOKEY
1447441019757	0	lts_1113I_29_01	29	01	1	130	0	0	0	CR	MAX	Astadium.jpg	Astadium.jpg	NOKEY	MAX	NOKEY
1447441022833	0	lts_1113I_29_01	29	01	1	131	0	0	0	CR	MAX	Acactusplant.jpg	Acactusplant.jpg	NOKEY	MAX	NOKEY
1447441025909	0	lts_1113I_29_01	29	01	1	132	0	0	0	CR	MAX	16/8021504.thl.jpg	8021504.thl.jpg	NOKEY	MAX	NOKEY
1447441027080	0	lts_1113I_29_01	29	01	1	133	00	1	1	Hit	695	00-across/batteries-a.jpg	batteries-a.jpg	SPACE	736	SPACE
1447441030172	0	lts_1113I_29_01	29	01	1	134	0	0	0	CR	MAX	Abells3.jpg	Abells3.jpg	NOKEY	MAX	NOKEY
1447441033248	0	lts_1113I_29_01	29	01	1	135	0	0	0	CR	MAX	22925624.thl.jpg	22925624.thl.jpg	NOKEY	MAX	NOKEY
1447441036324	0	lts_1113I_29_01	29	01	1	136	0	0	0	CR	MAX	Ascientifict3.jpg	Ascientifict3.jpg	NOKEY	MAX	NOKEY
1447441039434	0	lts_1113I_29_01	29	01	1	137	0	0	0	CR	MAX	1/26444138.thl.jpg	26444138.thl.jpg	NOKEY	MAX	NOKEY
1447441040570	0	lts_1113I_29_01	29	01	1	138	1	1	1	Hit	652	1-0/26444138.thl.jpg	26444138.thl.jpg	SPACE	702	SPACE
1447441043646	0	lts_1113I_29_01	29	01	1	139	0	0	0	CR	MAX	AELEPHAN7.jpg	AELEPHAN7.jpg	NOKEY	MAX	NOKEY
1447441046739	0	lts_1113I_29_01	29	01	1	140	0	0	0	CR	MAX	whiteboard.jpg	whiteboard.jpg	NOKEY	MAX	NOKEY
1447441049815	0	lts_1113I_29_01	29	01	1	141	0	0	0	CR	MAX	64/Apostalscale2.jpg	Apostalscale2.jpg	NOKEY	MAX	NOKEY
1447441052891	0	lts_1113I_29_01	29	01	1	142	0	0	0	CR	MAX	Aadvcalen.jpg	Aadvcalen.jpg	NOKEY	MAX	NOKEY
1447441055968	0	lts_1113I_29_01	29	01	1	143	0	0	0	CR	MAX	16/ABLACKNEC.jpg	ABLACKNEC.jpg	NOKEY	MAX	NOKEY
1447441059045	0	lts_1113I_29_01	29	01	1	144	0	0	0	CR	MAX	26374731.thl.jpg	26374731.thl.jpg	NOKEY	MAX	NOKEY
1447441060048	0	lts_1113I_29_01	29	01	1	145	32	1	1	Hit	518	32-1/chocolatbox.jpg	chocolatbox.jpg	SPACE	567	SPACE
1447441063123	0	lts_1113I_29_01	29	01	1	146	0	0	0	CR	MAX	Aantelopesku5.jpg	Aantelopesku5.jpg	NOKEY	MAX	NOKEY
1447441066215	0	lts_1113I_29_01	29	01	1	147	0	0	0	CR	MAX	ASPACEHE5.jpg	ASPACEHE5.jpg	NOKEY	MAX	NOKEY
1447441067319	0	lts_1113I_29_01	29	01	1	148	16	1	1	Hit	634	16-first/8021504.thl.jpg	8021504.thl.jpg	SPACE	669	SPACE
1447441070395	0	lts_1113I_29_01	29	01	1	149	0	0	0	CR	MAX	ASHAMPO2.jpg	ASHAMPO2.jpg	NOKEY	MAX	NOKEY
1447441071364	0	lts_1113I_29_01	29	01	1	150	2	1	1	Hit	491	2-mul/8021504.thl.jpg	8021504.thl.jpg	SPACE	535	SPACE
1447441074457	0	lts_1113I_29_01	29	01	1	151	0	0	0	CR	MAX	AGOAT10.jpg	AGOAT10.jpg	NOKEY	MAX	NOKEY
1447441077533	0	lts_1113I_29_01	29	01	1	152	0	0	0	CR	MAX	Aruler12.jpg	Aruler12.jpg	NOKEY	MAX	NOKEY
1447441078670	0	lts_1113I_29_01	29	01	1	153	00	1	1	Hit	653	00-across/shavingcream01.jpg	shavingcream01.jpg	SPACE	702	SPACE
1447441081746	0	lts_1113I_29_01	29	01	1	154	0	0	0	CR	MAX	1/AANTLION2.jpg	AANTLION2.jpg	NOKEY	MAX	NOKEY
1447441082766	0	lts_1113I_29_01	29	01	1	155	1	1	1	Hit	536	1-14/AANTLION2.jpg	AANTLION2.jpg	SPACE	585	SPACE
1447441085842	0	lts_1113I_29_01	29	01	1	156	0	0	0	CR	MAX	AARTIFLE2.jpg	AARTIFLE2.jpg	NOKEY	MAX	NOKEY
1447441086895	0	lts_1113I_29_01	29	01	1	157	32	1	1	Hit	575	32-3/ADOUBHOOK.jpg	ADOUBHOOK.jpg	SPACE	618	SPACE
1447441089971	0	lts_1113I_29_01	29	01	1	158	0	0	0	CR	MAX	AFUNNEL4.jpg	AFUNNEL4.jpg	NOKEY	MAX	NOKEY
1447441091009	0	lts_1113I_29_01	29	01	1	159	16	1	1	Hit	552	16-first/ABLACKNEC.jpg	ABLACKNEC.jpg	SPACE	602	SPACE
1447441094085	0	lts_1113I_29_01	29	01	1	160	0	0	0	CR	MAX	ACHINDECP.jpg	ACHINDECP.jpg	NOKEY	MAX	NOKEY
1447441095120	0	lts_1113I_29_01	29	01	1	161	128	1	1	Hit	566	128-2/26427609.thl.jpg	26427609.thl.jpg	SPACE	601	SPACE
1447441098197	0	lts_1113I_29_01	29	01	1	162	0	0	0	CR	MAX	AHAMPER.jpg	AHAMPER.jpg	NOKEY	MAX	NOKEY
1447441099149	0	lts_1113I_29_01	29	01	1	163	4	1	1	Hit	476	4-mul/ABLACKNEC.jpg	ABLACKNEC.jpg	SPACE	518	SPACE
1447441102226	0	lts_1113I_29_01	29	01	1	164	0	0	0	CR	MAX	1/ACAMPSTO7.jpg	ACAMPSTO7.jpg	NOKEY	MAX	NOKEY
1447441103162	0	lts_1113I_29_01	29	01	1	165	1	1	1	Hit	457	1-13/ACAMPSTO7.jpg	ACAMPSTO7.jpg	SPACE	501	SPACE
1447441106238	0	lts_1113I_29_01	29	01	1	166	0	0	0	CR	MAX	Afunnel17.jpg	Afunnel17.jpg	NOKEY	MAX	NOKEY
1447441109314	0	lts_1113I_29_01	29	01	1	167	0	0	0	CR	MAX	26466258.thl.jpg	26466258.thl.jpg	NOKEY	MAX	NOKEY
1447441112407	0	lts_1113I_29_01	29	01	1	168	0	0	0	CR	MAX	128/22806086.thl.jpg	22806086.thl.jpg	NOKEY	MAX	NOKEY
1447441115483	0	lts_1113I_29_01	29	01	1	169	0	0	0	CR	MAX	ALAMP.jpg	ALAMP.jpg	NOKEY	MAX	NOKEY
1447441118576	0	lts_1113I_29_01	29	01	1	170	0	0	0	CR	MAX	Awaffle3.jpg	Awaffle3.jpg	NOKEY	MAX	NOKEY
1447441121668	0	lts_1113I_29_01	29	01	1	171	0	0	0	CR	MAX	nintendo.jpg	nintendo.jpg	NOKEY	MAX	NOKEY
1447441124744	0	lts_1113I_29_01	29	01	1	172	0	0	0	CR	MAX	8/AWOODSPAT.jpg	AWOODSPAT.jpg	NOKEY	MAX	NOKEY
1447441127820	0	lts_1113I_29_01	29	01	1	173	0	0	0	CR	MAX	64/ATRACTWH6.jpg	ATRACTWH6.jpg	NOKEY	MAX	NOKEY
1447441130913	0	lts_1113I_29_01	29	01	1	174	0	0	0	CR	MAX	8/26432899.thl.jpg	26432899.thl.jpg	NOKEY	MAX	NOKEY
1447441133989	0	lts_1113I_29_01	29	01	1	175	0	0	0	CR	MAX	ANAILFILE.jpg	ANAILFILE.jpg	NOKEY	MAX	NOKEY
1447441135210	0	lts_1113I_29_01	29	01	1	176	128	1	1	Hit	740	128-6/26420830.thl.jpg	26420830.thl.jpg	SPACE	784	SPACE
1447441138302	0	lts_1113I_29_01	29	01	1	177	0	0	0	CR	MAX	E_statue.jpg	E_statue.jpg	NOKEY	MAX	NOKEY
1447441141395	0	lts_1113I_29_01	29	01	1	178	0	0	0	CR	MAX	Atrafficsign2.jpg	Atrafficsign2.jpg	NOKEY	MAX	NOKEY
1447441144471	0	lts_1113I_29_01	29	01	1	179	0	0	0	CR	MAX	ACOFFTA18.jpg	ACOFFTA18.jpg	NOKEY	MAX	NOKEY
1447441145541	0	lts_1113I_29_01	29	01	1	180	8	1	1	Hit	586	8-first/AWOODSPAT.jpg	AWOODSPAT.jpg	SPACE	635	SPACE
1447441148617	0	lts_1113I_29_01	29	01	1	181	0	0	0	CR	MAX	ACLARINE5.jpg	ACLARINE5.jpg	NOKEY	MAX	NOKEY
1447441149570	0	lts_1113I_29_01	29	01	1	182	8	1	1	Hit	483	8-first/26432899.thl.jpg	26432899.thl.jpg	SPACE	518	SPACE
1447441152646	0	lts_1113I_29_01	29	01	1	183	0	0	0	CR	MAX	APIRAFLAG.jpg	APIRAFLAG.jpg	NOKEY	MAX	NOKEY
1447441155739	0	lts_1113I_29_01	29	01	1	184	0	0	0	CR	MAX	babyswig.jpg	babyswig.jpg	NOKEY	MAX	NOKEY
1447441158815	0	lts_1113I_29_01	29	01	1	185	0	0	0	CR	MAX	Alintbrush2.jpg	Alintbrush2.jpg	NOKEY	MAX	NOKEY
1447441159768	0	lts_1113I_29_01	29	01	1	186	4	1	1	Hit	482	4-mul/26432899.thl.jpg	26432899.thl.jpg	SPACE	518	SPACE
1447441162844	0	lts_1113I_29_01	29	01	1	187	0	0	0	CR	MAX	4/AWHISBARR.jpg	AWHISBARR.jpg	NOKEY	MAX	NOKEY
1447441165937	0	lts_1113I_29_01	29	01	1	188	0	0	0	CR	MAX	ACROWNPEN.jpg	ACROWNPEN.jpg	NOKEY	MAX	NOKEY
1447441169014	0	lts_1113I_29_01	29	01	1	189	0	0	0	CR	MAX	Abackaccesso4.jpg	Abackaccesso4.jpg	NOKEY	MAX	NOKEY
1447441172090	0	lts_1113I_29_01	29	01	1	190	0	0	0	CR	MAX	Abellows4.jpg	Abellows4.jpg	NOKEY	MAX	NOKEY
1447441173192	0	lts_1113I_29_01	29	01	1	191	4	1	1	Hit	633	4-11/AWHISBARR.jpg	AWHISBARR.jpg	SPACE	668	SPACE
1447441176268	0	lts_1113I_29_01	29	01	1	192	0	0	0	CR	MAX	1/Acaterpilla11.jpg	Acaterpilla11.jpg	NOKEY	MAX	NOKEY
1447441177255	0	lts_1113I_29_01	29	01	1	193	1	1	1	Hit	517	1-1/Acaterpilla11.jpg	Acaterpilla11.jpg	SPACE	552	SPACE
1447441180331	0	lts_1113I_29_01	29	01	1	194	0	0	0	CR	MAX	ACAPTAIN9.jpg	ACAPTAIN9.jpg	NOKEY	MAX	NOKEY
1447441183424	0	lts_1113I_29_01	29	01	1	195	0	0	0	CR	MAX	Akiwifruit6.jpg	Akiwifruit6.jpg	NOKEY	MAX	NOKEY
1447441184427	0	lts_1113I_29_01	29	01	1	196	16	1	1	Hit	517	16-mul/AWOODSPAT.jpg	AWOODSPAT.jpg	SPACE	570	SPACE
1447441187503	0	lts_1113I_29_01	29	01	1	197	0	0	0	CR	MAX	64/22853544.thl.jpg	22853544.thl.jpg	NOKEY	MAX	NOKEY
1447441190579	0	lts_1113I_29_01	29	01	1	198	0	0	0	CR	MAX	Areindeertoy4.jpg	Areindeertoy4.jpg	NOKEY	MAX	NOKEY
1447441193672	0	lts_1113I_29_01	29	01	1	199	0	0	0	CR	MAX	Aantiquebuck2.jpg	Aantiquebuck2.jpg	NOKEY	MAX	NOKEY
1447441196748	0	lts_1113I_29_01	29	01	1	200	0	0	0	CR	MAX	23051010.thl.jpg	23051010.thl.jpg	NOKEY	MAX	NOKEY
1447441198003	0	lts_1113I_29_01	29	01	1	201	128	1	1	Hit	771	128-3/Ahat47.jpg	Ahat47.jpg	SPACE	819	SPACE
1447441201095	0	lts_1113I_29_01	29	01	1	202	0	0	0	CR	MAX	32/AORIGIRL3.jpg	AORIGIRL3.jpg	NOKEY	MAX	NOKEY
1447441204170	0	lts_1113I_29_01	29	01	1	203	0	0	0	CR	MAX	AMALLET13.jpg	AMALLET13.jpg	NOKEY	MAX	NOKEY
1447441207246	0	lts_1113I_29_01	29	01	1	204	0	0	0	CR	MAX	8024092.thl.jpg	8024092.thl.jpg	NOKEY	MAX	NOKEY
1447441208500	0	lts_1113I_29_01	29	01	1	205	64	1	1	Hit	779	64-first/Apostalscale2.jpg	Apostalscale2.jpg	SPACE	820	SPACE
1447441211576	0	lts_1113I_29_01	29	01	1	206	0	0	0	CR	MAX	Acrib12.jpg	Acrib12.jpg	NOKEY	MAX	NOKEY
1447441214669	0	lts_1113I_29_01	29	01	1	207	0	0	0	CR	MAX	ASNOWSH11.jpg	ASNOWSH11.jpg	NOKEY	MAX	NOKEY
1447441217762	0	lts_1113I_29_01	29	01	1	208	0	0	0	CR	MAX	Astreetlampwi.jpg	Astreetlampwi.jpg	NOKEY	MAX	NOKEY
1447441218765	0	lts_1113I_29_01	29	01	1	209	4	1	1	Hit	532	4-mul/Apostalscale2.jpg	Apostalscale2.jpg	SPACE	569	SPACE
1447441221858	0	lts_1113I_29_01	29	01	1	210	0	0	0	CR	MAX	wetsuit1.jpg	wetsuit1.jpg	NOKEY	MAX	NOKEY
1447441224951	0	lts_1113I_29_01	29	01	1	211	0	0	0	CR	MAX	Aoilcan11.jpg	Aoilcan11.jpg	NOKEY	MAX	NOKEY
1447441228028	0	lts_1113I_29_01	29	01	1	212	0	0	0	CR	MAX	airhocckytable.jpg	airhocckytable.jpg	NOKEY	MAX	NOKEY
1447441229081	0	lts_1113I_29_01	29	01	1	213	128	1	1	Hit	568	128-0/APOTGOLD2.jpg	APOTGOLD2.jpg	SPACE	618	SPACE
1447441232173	0	lts_1113I_29_01	29	01	1	214	0	0	0	CR	MAX	8/8055554.thl.jpg	8055554.thl.jpg	NOKEY	MAX	NOKEY
1447441235249	0	lts_1113I_29_01	29	01	1	215	0	0	0	CR	MAX	9821274.thl.jpg	9821274.thl.jpg	NOKEY	MAX	NOKEY
1447441238325	0	lts_1113I_29_01	29	01	1	216	0	0	0	CR	MAX	1/Astroboscope5.jpg	Astroboscope5.jpg	NOKEY	MAX	NOKEY
1447441239528	0	lts_1113I_29_01	29	01	1	217	1	1	1	Hit	733	1-6/Astroboscope5.jpg	Astroboscope5.jpg	SPACE	770	SPACE
1447441242604	0	lts_1113I_29_01	29	01	1	218	0	0	0	CR	MAX	1/Ashelf27.jpg	Ashelf27.jpg	NOKEY	MAX	NOKEY
1447441243507	0	lts_1113I_29_01	29	01	1	219	1	1	1	Hit	428	1-4/Ashelf27.jpg	Ashelf27.jpg	SPACE	469	SPACE
1447441246583	0	lts_1113I_29_01	29	01	1	220	0	0	0	CR	MAX	15870946.thl.jpg	15870946.thl.jpg	NOKEY	MAX	NOKEY
1447441249660	0	lts_1113I_29_01	29	01	1	221	0	0	0	CR	MAX	ACAMPFIRE.jpg	ACAMPFIRE.jpg	NOKEY	MAX	NOKEY
1447441250729	0	lts_1113I_29_01	29	01	1	222	8	1	1	Hit	600	8-first/8055554.thl.jpg	8055554.thl.jpg	SPACE	635	SPACE
1447441253805	0	lts_1113I_29_01	29	01	1	223	0	0	0	CR	MAX	BeautyNBeast.jpg	BeautyNBeast.jpg	NOKEY	MAX	NOKEY
1447441256881	0	lts_1113I_29_01	29	01	1	224	0	0	0	CR	MAX	128/Acane116.jpg	Acane116.jpg	NOKEY	MAX	NOKEY
1447441259974	0	lts_1113I_29_01	29	01	1	225	0	0	0	CR	MAX	26369923.thl.jpg	26369923.thl.jpg	NOKEY	MAX	NOKEY
1447441261062	0	lts_1113I_29_01	29	01	1	226	4	1	1	Hit	604	4-mul/8055554.thl.jpg	8055554.thl.jpg	SPACE	652	SPACE
1447441264137	0	lts_1113I_29_01	29	01	1	227	0	0	0	CR	MAX	16/ACANDEXT.jpg	ACANDEXT.jpg	NOKEY	MAX	NOKEY
1447441267213	0	lts_1113I_29_01	29	01	1	228	128	1	0	Miss	MAX	128-1/AHEARTSPO.jpg	AHEARTSPO.jpg	NOKEY	MAX	SPACE
1447441270289	0	lts_1113I_29_01	29	01	1	229	0	0	0	CR	MAX	ATABLES5.jpg	ATABLES5.jpg	NOKEY	MAX	NOKEY
1447441273365	0	lts_1113I_29_01	29	01	1	230	0	0	0	CR	MAX	Ahighlightin2.jpg	Ahighlightin2.jpg	NOKEY	MAX	NOKEY
1447441274669	0	lts_1113I_29_01	29	01	1	231	128	1	1	Hit	825	128-5/22924880.thl.jpg	22924880.thl.jpg	SPACE	869	SPACE
1447441277745	0	lts_1113I_29_01	29	01	1	232	0	0	0	CR	MAX	8048786.thl.jpg	8048786.thl.jpg	NOKEY	MAX	NOKEY
1447441280821	0	lts_1113I_29_01	29	01	1	233	0	0	0	CR	MAX	26466344.thl.jpg	26466344.thl.jpg	NOKEY	MAX	NOKEY
1447441281841	0	lts_1113I_29_01	29	01	1	234	32	1	1	Hit	542	32-9/AORIGIRL3.jpg	AORIGIRL3.jpg	SPACE	585	SPACE
1447441284934	0	lts_1113I_29_01	29	01	1	235	0	0	0	CR	MAX	fireextinguisher.jpg	fireextinguisher.jpg	NOKEY	MAX	NOKEY
1447441288011	0	lts_1113I_29_01	29	01	1	236	0	0	0	CR	MAX	APHONEFA2.jpg	APHONEFA2.jpg	NOKEY	MAX	NOKEY
1447441289047	0	lts_1113I_29_01	29	01	1	237	64	1	1	Hit	565	64-first/ATRACTWH6.jpg	ATRACTWH6.jpg	SPACE	601	SPACE
1447441292122	0	lts_1113I_29_01	29	01	1	238	0	0	0	CR	MAX	26433347.thl.jpg	26433347.thl.jpg	NOKEY	MAX	NOKEY
1447441293060	0	lts_1113I_29_01	29	01	1	239	2	1	1	Hit	456	2-mul/ATRACTWH6.jpg	ATRACTWH6.jpg	SPACE	501	SPACE
1447441296151	0	lts_1113I_29_01	29	01	1	240	0	0	0	CR	MAX	Atoyelephant.jpg	Atoyelephant.jpg	NOKEY	MAX	NOKEY
1447441299244	0	lts_1113I_29_01	29	01	1	241	0	0	0	CR	MAX	jumpmattress.jpg	jumpmattress.jpg	NOKEY	MAX	NOKEY
1447441302337	0	lts_1113I_29_01	29	01	1	242	0	0	0	CR	MAX	Acartofgroce3.jpg	Acartofgroce3.jpg	NOKEY	MAX	NOKEY
1447441303307	0	lts_1113I_29_01	29	01	1	243	16	1	1	Hit	486	16-first/ACANDEXT.jpg	ACANDEXT.jpg	SPACE	535	SPACE
1447441306383	0	lts_1113I_29_01	29	01	1	244	0	0	0	CR	MAX	32/8027086.thl.jpg	8027086.thl.jpg	NOKEY	MAX	NOKEY
1447441309459	0	lts_1113I_29_01	29	01	1	245	0	0	0	CR	MAX	AMAGHOLDE.jpg	AMAGHOLDE.jpg	NOKEY	MAX	NOKEY
1447441312535	0	lts_1113I_29_01	29	01	1	246	0	0	0	CR	MAX	8026084.thl.jpg	8026084.thl.jpg	NOKEY	MAX	NOKEY
1447441313555	0	lts_1113I_29_01	29	01	1	247	4	1	1	Hit	541	4-mul/ACANDEXT.jpg	ACANDEXT.jpg	SPACE	585	SPACE
1447441316631	0	lts_1113I_29_01	29	01	1	248	0	0	0	CR	MAX	64/8245419.thl.jpg	8245419.thl.jpg	NOKEY	MAX	NOKEY
1447441319707	0	lts_1113I_29_01	29	01	1	249	0	0	0	CR	MAX	2/AGLASSFL4.jpg	AGLASSFL4.jpg	NOKEY	MAX	NOKEY
1447441322783	0	lts_1113I_29_01	29	01	1	250	0	0	0	CR	MAX	Aasianbuildin.jpg	Aasianbuildin.jpg	NOKEY	MAX	NOKEY
1447441325859	0	lts_1113I_29_01	29	01	1	251	2	1	0	Miss	MAX	2-6/AGLASSFL4.jpg	AGLASSFL4.jpg	NOKEY	MAX	SPACE
1447441328935	0	lts_1113I_29_01	29	01	1	252	0	0	0	CR	MAX	8256618.thl.jpg	8256618.thl.jpg	NOKEY	MAX	NOKEY
1447441332012	0	lts_1113I_29_01	29	01	1	253	0	0	0	CR	MAX	1/Ameasuringsp5.jpg	Ameasuringsp5.jpg	NOKEY	MAX	NOKEY
1447441333115	0	lts_1113I_29_01	29	01	1	254	1	1	1	Hit	632	1-3/Ameasuringsp5.jpg	Ameasuringsp5.jpg	SPACE	668	SPACE
1447441336207	0	lts_1113I_29_01	29	01	1	255	0	0	0	CR	MAX	Adecorativet3.jpg	Adecorativet3.jpg	NOKEY	MAX	NOKEY
1447441339283	0	lts_1113I_29_01	29	01	1	256	0	0	0	CR	MAX	butternutsquash.jpg	butternutsquash.jpg	NOKEY	MAX	NOKEY
1447441342376	0	lts_1113I_29_01	29	01	1	257	0	0	0	CR	MAX	AGAUGE.jpg	AGAUGE.jpg	NOKEY	MAX	NOKEY
1447441345452	0	lts_1113I_29_01	29	01	1	258	0	0	0	CR	MAX	16/ABOOTCRA5.jpg	ABOOTCRA5.jpg	NOKEY	MAX	NOKEY
1447441348528	0	lts_1113I_29_01	29	01	1	259	0	0	0	CR	MAX	8/A_flower.jpg	A_flower.jpg	NOKEY	MAX	NOKEY
1447441351604	0	lts_1113I_29_01	29	01	1	260	0	0	0	CR	MAX	footballpads.jpg	footballpads.jpg	NOKEY	MAX	NOKEY
1447441352691	0	lts_1113I_29_01	29	01	1	261	64	1	1	Hit	611	64-first/22853544.thl.jpg	22853544.thl.jpg	SPACE	652	SPACE
1447441355767	0	lts_1113I_29_01	29	01	1	262	0	0	0	CR	MAX	turnip.jpg	turnip.jpg	NOKEY	MAX	NOKEY
1447441358860	0	lts_1113I_29_01	29	01	1	263	0	0	0	CR	MAX	clips-a.jpg	clips-a.jpg	NOKEY	MAX	NOKEY
1447441361936	0	lts_1113I_29_01	29	01	1	264	0	0	0	CR	MAX	16/22824636.thl.jpg	22824636.thl.jpg	NOKEY	MAX	NOKEY
1447441362905	0	lts_1113I_29_01	29	01	1	265	4	1	1	Hit	497	4-mul/22853544.thl.jpg	22853544.thl.jpg	SPACE	535	SPACE
1447441365998	0	lts_1113I_29_01	29	01	1	266	0	0	0	CR	MAX	30835757.thl.jpg	30835757.thl.jpg	NOKEY	MAX	NOKEY
1447441367019	0	lts_1113I_29_01	29	01	1	267	8	1	1	Hit	544	8-first/A_flower.jpg	A_flower.jpg	SPACE	584	SPACE
1447441370095	0	lts_1113I_29_01	29	01	1	268	0	0	0	CR	MAX	32/APILL.jpg	APILL.jpg	NOKEY	MAX	NOKEY
1447441371181	0	lts_1113I_29_01	29	01	1	269	2	1	1	Hit	605	2-mul/A_flower.jpg	A_flower.jpg	SPACE	651	SPACE
1447441374257	0	lts_1113I_29_01	29	01	1	270	0	0	0	CR	MAX	ASOPRASAX.jpg	ASOPRASAX.jpg	NOKEY	MAX	NOKEY
1447441377333	0	lts_1113I_29_01	29	01	1	271	0	0	0	CR	MAX	1/ADRILL3.jpg	ADRILL3.jpg	NOKEY	MAX	NOKEY
1447441378403	0	lts_1113I_29_01	29	01	1	272	1	1	1	Hit	598	1-11/ADRILL3.jpg	ADRILL3.jpg	SPACE	636	SPACE
1447441381479	0	lts_1113I_29_01	29	01	1	273	0	0	0	CR	MAX	Acardboardpan.jpg	Acardboardpan.jpg	NOKEY	MAX	NOKEY
1447441382532	0	lts_1113I_29_01	29	01	1	274	16	1	1	Hit	582	16-0/ABOOTCRA5.jpg	ABOOTCRA5.jpg	SPACE	620	SPACE
1447441385608	0	lts_1113I_29_01	29	01	1	275	0	0	0	CR	MAX	A1OCLOC2.jpg	A1OCLOC2.jpg	NOKEY	MAX	NOKEY
1447441387146	0	lts_1113I_29_01	29	01	1	276	32	1	1	Hit	1055	32-5/8027086.thl.jpg	8027086.thl.jpg	SPACE	1103	SPACE
1447441390222	0	lts_1113I_29_01	29	01	1	277	0	0	0	CR	MAX	26431734.thl.jpg	26431734.thl.jpg	NOKEY	MAX	NOKEY
1447441393298	0	lts_1113I_29_01	29	01	1	278	0	0	0	CR	MAX	8/26419324.thl.jpg	26419324.thl.jpg	NOKEY	MAX	NOKEY
1447441396374	0	lts_1113I_29_01	29	01	1	279	0	0	0	CR	MAX	26392651.thl.jpg	26392651.thl.jpg	NOKEY	MAX	NOKEY
1447441397595	0	lts_1113I_29_01	29	01	1	280	16	1	1	Hit	740	16-first/22824636.thl.jpg	22824636.thl.jpg	SPACE	786	SPACE
1447441400671	0	lts_1113I_29_01	29	01	1	281	0	0	0	CR	MAX	Alighter12.jpg	Alighter12.jpg	NOKEY	MAX	NOKEY
1447441403747	0	lts_1113I_29_01	29	01	1	282	0	0	0	CR	MAX	ASTAR.jpg	ASTAR.jpg	NOKEY	MAX	NOKEY
1447441406823	0	lts_1113I_29_01	29	01	1	283	0	0	0	CR	MAX	34935544.thl.jpg	34935544.thl.jpg	NOKEY	MAX	NOKEY
1447441407793	0	lts_1113I_29_01	29	01	1	284	4	1	1	Hit	491	4-mul/22824636.thl.jpg	22824636.thl.jpg	SPACE	535	SPACE
1447441410869	0	lts_1113I_29_01	29	01	1	285	0	0	0	CR	MAX	ACURLIR13.jpg	ACURLIR13.jpg	NOKEY	MAX	NOKEY
1447441411922	0	lts_1113I_29_01	29	01	1	286	8	1	1	Hit	569	8-2/26419324.thl.jpg	26419324.thl.jpg	SPACE	619	SPACE
1447441415016	0	lts_1113I_29_01	29	01	1	287	0	0	0	CR	MAX	22851864.thl.jpg	22851864.thl.jpg	NOKEY	MAX	NOKEY
1447441416119	0	lts_1113I_29_01	29	01	1	288	00	1	1	Hit	626	00-across/ABIRDCAG2.jpg	ABIRDCAG2.jpg	SPACE	668	SPACE
1447441419194	0	lts_1113I_29_01	29	01	1	289	0	0	0	CR	MAX	AEXPERIM3.jpg	AEXPERIM3.jpg	NOKEY	MAX	NOKEY
1447441421017	0	lts_1113I_29_01	29	01	1	290	0	0	1	FA	1347	ABUFFALO.jpg	ABUFFALO.jpg	SPACE	1387	NOKEY
1447441424093	0	lts_1113I_29_01	29	01	1	291	0	0	0	CR	MAX	26424443.thl.jpg	26424443.thl.jpg	NOKEY	MAX	NOKEY
1447441427168	0	lts_1113I_29_01	29	01	1	292	0	0	0	CR	MAX	2/Asaturn.jpg	Asaturn.jpg	NOKEY	MAX	NOKEY
1447441430244	0	lts_1113I_29_01	29	01	1	293	0	0	0	CR	MAX	Aclothespin4.jpg	Aclothespin4.jpg	NOKEY	MAX	NOKEY
1447441431298	0	lts_1113I_29_01	29	01	1	294	2	1	1	Hit	578	2-7/Asaturn.jpg	Asaturn.jpg	SPACE	619	SPACE
1447441434390	0	lts_1113I_29_01	29	01	1	295	0	0	0	CR	MAX	ALOAFBR4.jpg	ALOAFBR4.jpg	NOKEY	MAX	NOKEY
1447441435410	0	lts_1113I_29_01	29	01	1	296	128	1	1	Hit	535	128-4/22806086.thl.jpg	22806086.thl.jpg	SPACE	585	SPACE
1447441438486	0	lts_1113I_29_01	29	01	1	297	0	0	0	CR	MAX	AMUSICSTA.jpg	AMUSICSTA.jpg	NOKEY	MAX	NOKEY
1447441441579	0	lts_1113I_29_01	29	01	1	298	0	0	0	CR	MAX	AAFRIMAS5.jpg	AAFRIMAS5.jpg	NOKEY	MAX	NOKEY
1447441444655	0	lts_1113I_29_01	29	01	1	299	0	0	0	CR	MAX	16/ATOWRACK3.jpg	ATOWRACK3.jpg	NOKEY	MAX	NOKEY
1447441445809	0	lts_1113I_29_01	29	01	1	300	32	1	1	Hit	674	32-2/APILL.jpg	APILL.jpg	SPACE	719	SPACE
1447441448885	0	lts_1113I_29_01	29	01	1	301	0	0	0	CR	MAX	4/26437080.thl.jpg	26437080.thl.jpg	NOKEY	MAX	NOKEY
1447441451961	0	lts_1113I_29_01	29	01	1	302	0	0	0	CR	MAX	8/26434546.thl.jpg	26434546.thl.jpg	NOKEY	MAX	NOKEY
1447441455055	0	lts_1113I_29_01	29	01	1	303	0	0	0	CR	MAX	ALAB2.jpg	ALAB2.jpg	NOKEY	MAX	NOKEY
1447441458130	0	lts_1113I_29_01	29	01	1	304	0	0	0	CR	MAX	22919000.thl.jpg	22919000.thl.jpg	NOKEY	MAX	NOKEY
1447441459267	0	lts_1113I_29_01	29	01	1	305	4	1	1	Hit	658	4-12/26437080.thl.jpg	26437080.thl.jpg	SPACE	702	SPACE
1447441462343	0	lts_1113I_29_01	29	01	1	306	0	0	0	CR	MAX	26439504.thl.jpg	26439504.thl.jpg	NOKEY	MAX	NOKEY
1447441465435	0	lts_1113I_29_01	29	01	1	307	0	0	0	CR	MAX	1/26432175.thl.jpg	26432175.thl.jpg	NOKEY	MAX	NOKEY
1447441466422	0	lts_1113I_29_01	29	01	1	308	1	1	1	Hit	512	1-2/26432175.thl.jpg	26432175.thl.jpg	SPACE	553	SPACE
1447441469514	0	lts_1113I_29_01	29	01	1	309	0	0	0	CR	MAX	AWOODBIN.jpg	AWOODBIN.jpg	NOKEY	MAX	NOKEY
1447441470651	0	lts_1113I_29_01	29	01	1	310	8	1	1	Hit	652	8-first/26434546.thl.jpg	26434546.thl.jpg	SPACE	702	SPACE
1447441473727	0	lts_1113I_29_01	29	01	1	311	0	0	0	CR	MAX	26372669.thl.jpg	26372669.thl.jpg	NOKEY	MAX	NOKEY
1447441475215	0	lts_1113I_29_01	29	01	1	312	64	1	1	Hit	1006	64-first/8245419.thl.jpg	8245419.thl.jpg	SPACE	1053	SPACE
1447441478291	0	lts_1113I_29_01	29	01	1	313	0	0	0	CR	MAX	Aornament89.jpg	Aornament89.jpg	NOKEY	MAX	NOKEY
1447441481367	0	lts_1113I_29_01	29	01	1	314	0	0	0	CR	MAX	8256348.thl.jpg	8256348.thl.jpg	NOKEY	MAX	NOKEY
1447441482437	0	lts_1113I_29_01	29	01	1	315	16	1	1	Hit	590	16-first/ATOWRACK3.jpg	ATOWRACK3.jpg	SPACE	636	SPACE
1447441485513	0	lts_1113I_29_01	29	01	1	316	0	0	0	CR	MAX	32/AGRAINSI5.jpg	AGRAINSI5.jpg	NOKEY	MAX	NOKEY
1447441488589	0	lts_1113I_29_01	29	01	1	317	0	0	0	CR	MAX	AWALLEYE2.jpg	AWALLEYE2.jpg	NOKEY	MAX	NOKEY
1447441491683	0	lts_1113I_29_01	29	01	1	318	0	0	0	CR	MAX	Achest20.jpg	Achest20.jpg	NOKEY	MAX	NOKEY
1447441494775	0	lts_1113I_29_01	29	01	1	319	0	0	0	CR	MAX	AHAIRCLI6.jpg	AHAIRCLI6.jpg	NOKEY	MAX	NOKEY
1447441495828	0	lts_1113I_29_01	29	01	1	320	00	1	1	Hit	572	00-across/26431848.thl.jpg	26431848.thl.jpg	SPACE	618	SPACE
1447441498904	0	lts_1113I_29_01	29	01	1	321	0	0	0	CR	MAX	2/APEPPSHA4.jpg	APEPPSHA4.jpg	NOKEY	MAX	NOKEY
1447441501980	0	lts_1113I_29_01	29	01	1	322	0	0	0	CR	MAX	16/Aseeder2.jpg	Aseeder2.jpg	NOKEY	MAX	NOKEY
1447441503085	0	lts_1113I_29_01	29	01	1	323	2	1	1	Hit	627	2-8/APEPPSHA4.jpg	APEPPSHA4.jpg	SPACE	669	SPACE
1447441506160	0	lts_1113I_29_01	29	01	1	324	0	0	0	CR	MAX	Agolfplaque.jpg	Agolfplaque.jpg	NOKEY	MAX	NOKEY
1447441509236	0	lts_1113I_29_01	29	01	1	325	0	0	0	CR	MAX	ABUSTFOR7.jpg	ABUSTFOR7.jpg	NOKEY	MAX	NOKEY
1447441510189	0	lts_1113I_29_01	29	01	1	326	16	1	1	Hit	473	16-mul/26434546.thl.jpg	26434546.thl.jpg	SPACE	519	SPACE
1447441513282	0	lts_1113I_29_01	29	01	1	327	0	0	0	CR	MAX	AHOOK11.jpg	AHOOK11.jpg	NOKEY	MAX	NOKEY
1447441514352	0	lts_1113I_29_01	29	01	1	328	16	1	1	Hit	598	16-mul/8245419.thl.jpg	8245419.thl.jpg	SPACE	635	SPACE
1447441517428	0	lts_1113I_29_01	29	01	1	329	0	0	0	CR	MAX	26772987.thl.jpg	26772987.thl.jpg	NOKEY	MAX	NOKEY
1447441520520	0	lts_1113I_29_01	29	01	1	330	0	0	0	CR	MAX	Athermosand12.jpg	Athermosand12.jpg	NOKEY	MAX	NOKEY
1447441521574	0	lts_1113I_29_01	29	01	1	331	16	1	1	Hit	580	16-mul/ATOWRACK3.jpg	ATOWRACK3.jpg	SPACE	618	SPACE
1447441524650	0	lts_1113I_29_01	29	01	1	332	0	0	0	CR	MAX	Ahandbag68.jpg	Ahandbag68.jpg	NOKEY	MAX	NOKEY
1447441527726	0	lts_1113I_29_01	29	01	1	333	0	0	0	CR	MAX	2/AHONEYSTI.jpg	AHONEYSTI.jpg	NOKEY	MAX	NOKEY
1447441530802	0	lts_1113I_29_01	29	01	1	334	0	0	0	CR	MAX	ACARMON.jpg	ACARMON.jpg	NOKEY	MAX	NOKEY
1447441531855	0	lts_1113I_29_01	29	01	1	335	2	1	1	Hit	582	2-4/AHONEYSTI.jpg	AHONEYSTI.jpg	SPACE	619	SPACE
1447441534931	0	lts_1113I_29_01	29	01	1	336	0	0	0	CR	MAX	4/Atool129.jpg	Atool129.jpg	NOKEY	MAX	NOKEY
1447441538008	0	lts_1113I_29_01	29	01	1	337	0	0	0	CR	MAX	ASCREW7.jpg	ASCREW7.jpg	NOKEY	MAX	NOKEY
1447441539127	0	lts_1113I_29_01	29	01	1	338	16	1	1	Hit	639	16-1/Aseeder2.jpg	Aseeder2.jpg	SPACE	684	SPACE
1447441542220	0	lts_1113I_29_01	29	01	1	339	0	0	0	CR	MAX	ATOYTREE.jpg	ATOYTREE.jpg	NOKEY	MAX	NOKEY
1447441545296	0	lts_1113I_29_01	29	01	1	340	4	1	0	Miss	MAX	4-9/Atool129.jpg	Atool129.jpg	NOKEY	MAX	SPACE
1447441548372	0	lts_1113I_29_01	29	01	1	341	0	0	0	CR	MAX	64/Afoodproces27.jpg	Afoodproces27.jpg	NOKEY	MAX	NOKEY
1447441551465	0	lts_1113I_29_01	29	01	1	342	0	0	0	CR	MAX	2/ALITTERB2.jpg	ALITTERB2.jpg	NOKEY	MAX	NOKEY
1447441554558	0	lts_1113I_29_01	29	01	1	343	0	0	0	CR	MAX	16/tofu.jpg	tofu.jpg	NOKEY	MAX	NOKEY
1447441555745	0	lts_1113I_29_01	29	01	1	344	2	1	1	Hit	716	2-11/ALITTERB2.jpg	ALITTERB2.jpg	SPACE	753	SPACE
1447441558821	0	lts_1113I_29_01	29	01	1	345	0	0	0	CR	MAX	22854888.thl.jpg	22854888.thl.jpg	NOKEY	MAX	NOKEY
1447441559924	0	lts_1113I_29_01	29	01	1	346	00	1	1	Hit	634	00-across/makeupfoundation.jpg	makeupfoundation.jpg	SPACE	669	SPACE
1447441563018	0	lts_1113I_29_01	29	01	1	347	0	0	0	CR	MAX	Astrawberryde.jpg	Astrawberryde.jpg	NOKEY	MAX	NOKEY
1447441564071	0	lts_1113I_29_01	29	01	1	348	32	1	1	Hit	580	32-6/AGRAINSI5.jpg	AGRAINSI5.jpg	SPACE	618	SPACE
1447441567146	0	lts_1113I_29_01	29	01	1	349	0	0	0	CR	MAX	Abrooch100.jpg	Abrooch100.jpg	NOKEY	MAX	NOKEY
1447441570222	0	lts_1113I_29_01	29	01	1	350	0	0	0	CR	MAX	4/26684827.thl.jpg	26684827.thl.jpg	NOKEY	MAX	NOKEY
1447441573298	0	lts_1113I_29_01	29	01	1	351	0	0	0	CR	MAX	64/22908308.thl.jpg	22908308.thl.jpg	NOKEY	MAX	NOKEY
1447441574368	0	lts_1113I_29_01	29	01	1	352	128	1	1	Hit	596	128-7/Acane116.jpg	Acane116.jpg	SPACE	635	SPACE
1447441577494	0	lts_1113I_29_01	29	01	1	353	0	0	0	CR	MAX	ACEMPOST.jpg	ACEMPOST.jpg	NOKEY	MAX	NOKEY
1447441578514	0	lts_1113I_29_01	29	01	1	354	4	1	1	Hit	545	4-2/26684827.thl.jpg	26684827.thl.jpg	SPACE	586	SPACE
1447441581590	0	lts_1113I_29_01	29	01	1	355	0	0	0	CR	MAX	2/Astirstick.jpg	Astirstick.jpg	NOKEY	MAX	NOKEY
1447441584666	0	lts_1113I_29_01	29	01	1	356	0	0	0	CR	MAX	Acampingstov9.jpg	Acampingstov9.jpg	NOKEY	MAX	NOKEY
1447441585653	0	lts_1113I_29_01	29	01	1	357	2	1	1	Hit	516	2-13/Astirstick.jpg	Astirstick.jpg	SPACE	552	SPACE
1447441588729	0	lts_1113I_29_01	29	01	1	358	0	0	0	CR	MAX	ALAUNHAMP.jpg	ALAUNHAMP.jpg	NOKEY	MAX	NOKEY
1447441589815	0	lts_1113I_29_01	29	01	1	359	16	1	1	Hit	605	16-first/tofu.jpg	tofu.jpg	SPACE	652	SPACE
1447441592908	0	lts_1113I_29_01	29	01	1	360	0	0	0	CR	MAX	AWILDPIG.jpg	AWILDPIG.jpg	NOKEY	MAX	NOKEY
1447441595984	0	lts_1113I_29_01	29	01	1	361	0	0	0	CR	MAX	toy2A.JPG	toy2A.JPG	NOKEY	MAX	NOKEY
1447441599078	0	lts_1113I_29_01	29	01	1	362	0	0	0	CR	MAX	pretzelsticks.jpg	pretzelsticks.jpg	NOKEY	MAX	NOKEY
1447441602153	0	lts_1113I_29_01	29	01	1	363	0	0	0	CR	MAX	AEXERCBIK.jpg	AEXERCBIK.jpg	NOKEY	MAX	NOKEY
1447441605229	0	lts_1113I_29_01	29	01	1	364	0	0	0	CR	MAX	26369999.thl.jpg	26369999.thl.jpg	NOKEY	MAX	NOKEY
1447441608305	0	lts_1113I_29_01	29	01	1	365	0	0	0	CR	MAX	26374798.thl.jpg	26374798.thl.jpg	NOKEY	MAX	NOKEY
1447441611381	0	lts_1113I_29_01	29	01	1	366	0	0	0	CR	MAX	1/22857516.thl.jpg	22857516.thl.jpg	NOKEY	MAX	NOKEY
1447441612451	0	lts_1113I_29_01	29	01	1	367	1	1	1	Hit	589	1-5/22857516.thl.jpg	22857516.thl.jpg	SPACE	636	SPACE
1447441615527	0	lts_1113I_29_01	29	01	1	368	0	0	0	CR	MAX	Awindmill3.jpg	Awindmill3.jpg	NOKEY	MAX	NOKEY
1447441618603	0	lts_1113I_29_01	29	01	1	369	0	0	0	CR	MAX	Agolfbag.jpg	Agolfbag.jpg	NOKEY	MAX	NOKEY
1447441621679	0	lts_1113I_29_01	29	01	1	370	0	0	0	CR	MAX	8/Atoywheels.jpg	Atoywheels.jpg	NOKEY	MAX	NOKEY
1447441624756	0	lts_1113I_29_01	29	01	1	371	0	0	0	CR	MAX	32/Alighthouse6.jpg	Alighthouse6.jpg	NOKEY	MAX	NOKEY
1447441627832	0	lts_1113I_29_01	29	01	1	372	0	0	0	CR	MAX	1/Atoy17.jpg	Atoy17.jpg	NOKEY	MAX	NOKEY
1447441628902	0	lts_1113I_29_01	29	01	1	373	1	1	1	Hit	595	1-12/Atoy17.jpg	Atoy17.jpg	SPACE	635	SPACE
1447441631978	0	lts_1113I_29_01	29	01	1	374	0	0	0	CR	MAX	64/ATELESCO2.jpg	ATELESCO2.jpg	NOKEY	MAX	NOKEY
1447441632947	0	lts_1113I_29_01	29	01	1	375	16	1	1	Hit	492	16-mul/tofu.jpg	tofu.jpg	SPACE	535	SPACE
1447441636024	0	lts_1113I_29_01	29	01	1	376	0	0	0	CR	MAX	TTtvehiclesCyborg.jpg	TTtvehiclesCyborg.jpg	NOKEY	MAX	NOKEY
1447441639117	0	lts_1113I_29_01	29	01	1	377	0	0	0	CR	MAX	skateboard.jpg	skateboard.jpg	NOKEY	MAX	NOKEY
1447441640270	0	lts_1113I_29_01	29	01	1	378	8	1	1	Hit	674	8-0/Atoywheels.jpg	Atoywheels.jpg	SPACE	719	SPACE
1447441643346	0	lts_1113I_29_01	29	01	1	379	0	0	0	CR	MAX	32/weepwalker.jpg	weepwalker.jpg	NOKEY	MAX	NOKEY
1447441646422	0	lts_1113I_29_01	29	01	1	380	0	0	0	CR	MAX	26456480.thl.jpg	26456480.thl.jpg	NOKEY	MAX	NOKEY
1447441649498	0	lts_1113I_29_01	29	01	1	381	0	0	0	CR	MAX	2/26374605.thl.jpg	26374605.thl.jpg	NOKEY	MAX	NOKEY
1447441652591	0	lts_1113I_29_01	29	01	1	382	0	0	0	CR	MAX	AMIRRORT2.jpg	AMIRRORT2.jpg	NOKEY	MAX	NOKEY
1447441653560	0	lts_1113I_29_01	29	01	1	383	2	1	1	Hit	494	2-12/26374605.thl.jpg	26374605.thl.jpg	SPACE	535	SPACE
1447441656636	0	lts_1113I_29_01	29	01	1	384	0	0	0	CR	MAX	ALARGECA2.jpg	ALARGECA2.jpg	NOKEY	MAX	NOKEY
1447441659712	0	lts_1113I_29_01	29	01	1	385	0	0	0	CR	MAX	Hammock.jpg	Hammock.jpg	NOKEY	MAX	NOKEY
1447441662788	0	lts_1113I_29_01	29	01	1	386	0	0	0	CR	MAX	4/AWASHPART.jpg	AWASHPART.jpg	NOKEY	MAX	NOKEY
1447441665865	0	lts_1113I_29_01	29	01	1	387	0	0	0	CR	MAX	ADUSTER5.jpg	ADUSTER5.jpg	NOKEY	MAX	NOKEY
1447441668941	0	lts_1113I_29_01	29	01	1	388	0	0	0	CR	MAX	tuba1.jpg	tuba1.jpg	NOKEY	MAX	NOKEY
1447441672034	0	lts_1113I_29_01	29	01	1	389	0	0	0	CR	MAX	AFULVOUST.jpg	AFULVOUST.jpg	NOKEY	MAX	NOKEY
1447441673104	0	lts_1113I_29_01	29	01	1	390	4	1	1	Hit	585	4-5/AWASHPART.jpg	AWASHPART.jpg	SPACE	634	SPACE
1447441676179	0	lts_1113I_29_01	29	01	1	391	0	0	0	CR	MAX	ATISSUE.jpg	ATISSUE.jpg	NOKEY	MAX	NOKEY
1447441679255	0	lts_1113I_29_01	29	01	1	392	0	0	0	CR	MAX	ABATHSTE2.jpg	ABATHSTE2.jpg	NOKEY	MAX	NOKEY
1447441682331	0	lts_1113I_29_01	29	01	1	393	0	0	0	CR	MAX	4/23029830.thl.jpg	23029830.thl.jpg	NOKEY	MAX	NOKEY
1447441685408	0	lts_1113I_29_01	29	01	1	394	0	0	0	CR	MAX	1/23070064.thl.jpg	23070064.thl.jpg	NOKEY	MAX	NOKEY
1447441686427	0	lts_1113I_29_01	29	01	1	395	1	1	1	Hit	547	1-9/23070064.thl.jpg	23070064.thl.jpg	SPACE	586	SPACE
1447441687731	0	lts_1113I_29_01	29	01	1	396	0	0	1	FA	826	26429123.thl.jpg	26429123.thl.jpg	SPACE	869	NOKEY
1447441688801	0	lts_1113I_29_01	29	01	1	397	4	1	1	Hit	600	4-8/23029830.thl.jpg	23029830.thl.jpg	SPACE	635	SPACE
1447441691877	0	lts_1113I_29_01	29	01	1	398	0	0	0	CR	MAX	1/Acartonofegg3.jpg	Acartonofegg3.jpg	NOKEY	MAX	NOKEY
1447441692830	0	lts_1113I_29_01	29	01	1	399	1	1	1	Hit	469	1-7/Acartonofegg3.jpg	Acartonofegg3.jpg	SPACE	518	SPACE
1447441695923	0	lts_1113I_29_01	29	01	1	400	0	0	0	CR	MAX	Acarrot.jpg	Acarrot.jpg	NOKEY	MAX	NOKEY
1447441698999	0	lts_1113I_29_01	29	01	1	401	0	0	0	CR	MAX	APARKBENC.jpg	APARKBENC.jpg	NOKEY	MAX	NOKEY
1447441702076	0	lts_1113I_29_01	29	01	1	402	0	0	0	CR	MAX	Atrap4.jpg	Atrap4.jpg	NOKEY	MAX	NOKEY
1447441703229	0	lts_1113I_29_01	29	01	1	403	32	1	1	Hit	669	32-0/Alighthouse6.jpg	Alighthouse6.jpg	SPACE	717	SPACE
1447441706305	0	lts_1113I_29_01	29	01	1	404	0	0	0	CR	MAX	gascontainer.jpg	gascontainer.jpg	NOKEY	MAX	NOKEY
1447441707492	0	lts_1113I_29_01	29	01	1	405	64	1	1	Hit	715	64-first/Afoodproces27.jpg	Afoodproces27.jpg	SPACE	754	SPACE
1447441710568	0	lts_1113I_29_01	29	01	1	406	0	0	0	CR	MAX	AMILPANS2.jpg	AMILPANS2.jpg	NOKEY	MAX	NOKEY
1447441711604	0	lts_1113I_29_01	29	01	1	407	2	1	1	Hit	555	2-mul/Afoodproces27.jpg	Afoodproces27.jpg	SPACE	602	SPACE
1447441714697	0	lts_1113I_29_01	29	01	1	408	0	0	0	CR	MAX	Adaisies3.jpg	Adaisies3.jpg	NOKEY	MAX	NOKEY
1447441715884	0	lts_1113I_29_01	29	01	1	409	00	1	1	Hit	706	00-across/AALMOND1.jpg	AALMOND1.jpg	SPACE	752	SPACE
1447441718960	0	lts_1113I_29_01	29	01	1	410	0	0	0	CR	MAX	blueflatbox.jpg	blueflatbox.jpg	NOKEY	MAX	NOKEY
1447441720065	0	lts_1113I_29_01	29	01	1	411	32	1	1	Hit	625	32-7/weepwalker.jpg	weepwalker.jpg	SPACE	668	SPACE
1447441723140	0	lts_1113I_29_01	29	01	1	412	0	0	0	CR	MAX	swingset.jpg	swingset.jpg	NOKEY	MAX	NOKEY
1447441726232	0	lts_1113I_29_01	29	01	1	413	0	0	0	CR	MAX	4/Aclimbingtool.jpg	Aclimbingtool.jpg	NOKEY	MAX	NOKEY
1447441729308	0	lts_1113I_29_01	29	01	1	414	0	0	0	CR	MAX	AWOODST11.jpg	AWOODST11.jpg	NOKEY	MAX	NOKEY
1447441730412	0	lts_1113I_29_01	29	01	1	415	64	1	1	Hit	627	64-first/22908308.thl.jpg	22908308.thl.jpg	SPACE	669	SPACE
1447441733488	0	lts_1113I_29_01	29	01	1	416	0	0	0	CR	MAX	woodvase.jpg	woodvase.jpg	NOKEY	MAX	NOKEY
1447441734658	0	lts_1113I_29_01	29	01	1	417	4	1	1	Hit	686	4-1/Aclimbingtool.jpg	Aclimbingtool.jpg	SPACE	736	SPACE
1447441737751	0	lts_1113I_29_01	29	01	1	418	0	0	0	CR	MAX	8/10053101.thm.jpg	10053101.thm.jpg	NOKEY	MAX	NOKEY
1447441740827	0	lts_1113I_29_01	29	01	1	419	0	0	0	CR	MAX	8252065.thl.jpg	8252065.thl.jpg	NOKEY	MAX	NOKEY
1447441743903	0	lts_1113I_29_01	29	01	1	420	0	0	0	CR	MAX	4/ACUTPIN.jpg	ACUTPIN.jpg	NOKEY	MAX	NOKEY
1447441746979	0	lts_1113I_29_01	29	01	1	421	0	0	0	CR	MAX	AHUMIDIFI.jpg	AHUMIDIFI.jpg	NOKEY	MAX	NOKEY
1447441750056	0	lts_1113I_29_01	29	01	1	422	0	0	0	CR	MAX	Arose10.jpg	Arose10.jpg	NOKEY	MAX	NOKEY
1447441753131	0	lts_1113I_29_01	29	01	1	423	0	0	0	CR	MAX	Aclockradio4.jpg	Aclockradio4.jpg	NOKEY	MAX	NOKEY
1447441754218	0	lts_1113I_29_01	29	01	1	424	4	1	1	Hit	607	4-7/ACUTPIN.jpg	ACUTPIN.jpg	SPACE	652	SPACE
1447441757311	0	lts_1113I_29_01	29	01	1	425	0	0	0	CR	MAX	driedprune.jpg	driedprune.jpg	NOKEY	MAX	NOKEY
1447441758347	0	lts_1113I_29_01	29	01	1	426	8	1	1	Hit	553	8-first/10053101.thm.jpg	10053101.thm.jpg	SPACE	602	SPACE
1447441761423	0	lts_1113I_29_01	29	01	1	427	0	0	0	CR	MAX	8024597.thl.jpg	8024597.thl.jpg	NOKEY	MAX	NOKEY
1447441764533	0	lts_1113I_29_01	29	01	1	428	0	0	0	CR	MAX	16/Acandlehold17.jpg	Acandlehold17.jpg	NOKEY	MAX	NOKEY
1447441767609	0	lts_1113I_29_01	29	01	1	429	0	0	0	CR	MAX	Aflower136.jpg	Aflower136.jpg	NOKEY	MAX	NOKEY
1447441770685	0	lts_1113I_29_01	29	01	1	430	0	0	0	CR	MAX	22861656.thl.jpg	22861656.thl.jpg	NOKEY	MAX	NOKEY
1447441771671	0	lts_1113I_29_01	29	01	1	431	16	1	1	Hit	512	16-mul/22908308.thl.jpg	22908308.thl.jpg	SPACE	552	SPACE
1447441774747	0	lts_1113I_29_01	29	01	1	432	0	0	0	CR	MAX	26432848.thl.jpg	26432848.thl.jpg	NOKEY	MAX	NOKEY
1447441777823	0	lts_1113I_29_01	29	01	1	433	0	0	0	CR	MAX	2/Acheesgra.jpg	Acheesgra.jpg	NOKEY	MAX	NOKEY
1447441780899	0	lts_1113I_29_01	29	01	1	434	0	0	0	CR	MAX	Achair608.jpg	Achair608.jpg	NOKEY	MAX	NOKEY
1447441782220	0	lts_1113I_29_01	29	01	1	435	2	1	1	Hit	841	2-5/Acheesgra.jpg	Acheesgra.jpg	SPACE	886	SPACE
1447441785296	0	lts_1113I_29_01	29	01	1	436	0	0	0	CR	MAX	ASEWINGT4.jpg	ASEWINGT4.jpg	NOKEY	MAX	NOKEY
1447441788372	0	lts_1113I_29_01	29	01	1	437	0	0	0	CR	MAX	Ablackboardw3.jpg	Ablackboardw3.jpg	NOKEY	MAX	NOKEY
1447441789459	0	lts_1113I_29_01	29	01	1	438	64	1	1	Hit	613	64-first/ATELESCO2.jpg	ATELESCO2.jpg	SPACE	653	SPACE
1447441792535	0	lts_1113I_29_01	29	01	1	439	0	0	0	CR	MAX	Alock34.jpg	Alock34.jpg	NOKEY	MAX	NOKEY
1447441793772	0	lts_1113I_29_01	29	01	1	440	2	1	1	Hit	752	2-mul/ATELESCO2.jpg	ATELESCO2.jpg	SPACE	803	SPACE
1447441796865	0	lts_1113I_29_01	29	01	1	441	0	0	0	CR	MAX	35311992.thl.jpg	35311992.thl.jpg	NOKEY	MAX	NOKEY
1447441797885	0	lts_1113I_29_01	29	01	1	442	16	1	1	Hit	537	16-mul/10053101.thm.jpg	10053101.thm.jpg	SPACE	585	SPACE
1447441800961	0	lts_1113I_29_01	29	01	1	443	0	0	0	CR	MAX	Ajoystick10.jpg	Ajoystick10.jpg	NOKEY	MAX	NOKEY
1447441802115	0	lts_1113I_29_01	29	01	1	444	16	1	1	Hit	672	16-first/Acandlehold17.jpg	Acandlehold17.jpg	SPACE	719	SPACE
1447441805190	0	lts_1113I_29_01	29	01	1	445	0	0	0	CR	MAX	Acarnivalgame.jpg	Acarnivalgame.jpg	NOKEY	MAX	NOKEY
1447441806143	0	lts_1113I_29_01	29	01	1	446	2	1	1	Hit	471	2-mul/Acandlehold17.jpg	Acandlehold17.jpg	SPACE	518	SPACE
1447441809219	0	lts_1113I_29_01	29	01	1	447	0	0	0	CR	MAX	1/ATRACINGT.jpg	ATRACINGT.jpg	NOKEY	MAX	NOKEY
1447441810423	0	lts_1113I_29_01	29	01	1	448	1	1	1	Hit	732	1-10/ATRACINGT.jpg	ATRACINGT.jpg	SPACE	770	SPACE
1447441813516	0	lts_1113I_29_01	29	01	1	449	0	0	0	CR	MAX	AWATERING.jpg	AWATERING.jpg	NOKEY	MAX	NOKEY
1447441859601	0	E	Logging Ends
