1446654649832	0	B	Logging Begins
1446654836275	0	lts_1104C_18_01	18	01	0	0	0	0	0	CR	MAX	Acanoe19.jpg	Acanoe19.jpg	NOKEY	MAX	NOKEY
1446654839351	0	lts_1104C_18_01	18	01	0	1	0	0	0	CR	MAX	AWOODFLUT.jpg	AWOODFLUT.jpg	NOKEY	MAX	NOKEY
1446654842427	0	lts_1104C_18_01	18	01	0	2	0	0	0	CR	MAX	ANUTS2.jpg	ANUTS2.jpg	NOKEY	MAX	NOKEY
1446654845503	0	lts_1104C_18_01	18	01	0	3	0	0	0	CR	MAX	8/Aknife92.jpg	Aknife92.jpg	NOKEY	MAX	NOKEY
1446654848579	0	lts_1104C_18_01	18	01	0	4	0	0	0	CR	MAX	2/ABABYDOLL.jpg	ABABYDOLL.jpg	NOKEY	MAX	NOKEY
1446654851655	0	lts_1104C_18_01	18	01	0	5	0	0	0	CR	MAX	AMIMETITE.jpg	AMIMETITE.jpg	NOKEY	MAX	NOKEY
1446654852841	0	lts_1104C_18_01	18	01	0	6	2	1	1	Hit	712	2-9/ABABYDOLL.jpg	ABABYDOLL.jpg	SPACE	753	SPACE
1446654855917	0	lts_1104C_18_01	18	01	0	7	0	0	0	CR	MAX	Atrafficsign2.jpg	Atrafficsign2.jpg	NOKEY	MAX	NOKEY
1446654858993	0	lts_1104C_18_01	18	01	0	8	0	0	0	CR	MAX	Apuzzle8.jpg	Apuzzle8.jpg	NOKEY	MAX	NOKEY
1446654862087	0	lts_1104C_18_01	18	01	0	9	0	0	0	CR	MAX	64/ACANDLE30.jpg	ACANDLE30.jpg	NOKEY	MAX	NOKEY
1446654865163	0	lts_1104C_18_01	18	01	0	10	0	0	0	CR	MAX	Atoypersonwi2.jpg	Atoypersonwi2.jpg	NOKEY	MAX	NOKEY
1446654866266	0	lts_1104C_18_01	18	01	0	11	8	1	1	Hit	622	8-first/Aknife92.jpg	Aknife92.jpg	SPACE	667	SPACE
1446654869342	0	lts_1104C_18_01	18	01	0	12	0	0	0	CR	MAX	Ametalstool2.jpg	Ametalstool2.jpg	NOKEY	MAX	NOKEY
1446654870229	0	lts_1104C_18_01	18	01	0	13	2	1	1	Hit	400	2-mul/Aknife92.jpg	Aknife92.jpg	SPACE	450	SPACE
1446654873305	0	lts_1104C_18_01	18	01	0	14	0	0	0	CR	MAX	1/8027656.thl.jpg	8027656.thl.jpg	NOKEY	MAX	NOKEY
1446654874191	0	lts_1104C_18_01	18	01	0	15	1	1	1	Hit	411	1-7/8027656.thl.jpg	8027656.thl.jpg	SPACE	451	SPACE
1446654877267	0	lts_1104C_18_01	18	01	0	16	0	0	0	CR	MAX	Awindmill3.jpg	Awindmill3.jpg	NOKEY	MAX	NOKEY
1446654880343	0	lts_1104C_18_01	18	01	0	17	0	0	0	CR	MAX	4/ABAT.jpg	ABAT.jpg	NOKEY	MAX	NOKEY
1446654883419	0	lts_1104C_18_01	18	01	0	18	0	0	0	CR	MAX	Afueltank11.jpg	Afueltank11.jpg	NOKEY	MAX	NOKEY
1446654886495	0	lts_1104C_18_01	18	01	0	19	0	0	0	CR	MAX	16/ABOWCASE.jpg	ABOWCASE.jpg	NOKEY	MAX	NOKEY
1446654889571	0	lts_1104C_18_01	18	01	0	20	0	0	0	CR	MAX	railroadblock.jpg	railroadblock.jpg	NOKEY	MAX	NOKEY
1446654890707	0	lts_1104C_18_01	18	01	0	21	4	1	1	Hit	666	4-3/ABAT.jpg	ABAT.jpg	SPACE	702	SPACE
1446654893800	0	lts_1104C_18_01	18	01	0	22	0	0	0	CR	MAX	22923068.thl.jpg	22923068.thl.jpg	NOKEY	MAX	NOKEY
1446654896876	0	lts_1104C_18_01	18	01	0	23	0	0	0	CR	MAX	1/Abucket51.jpg	Abucket51.jpg	NOKEY	MAX	NOKEY
1446654897812	0	lts_1104C_18_01	18	01	0	24	1	1	1	Hit	467	1-13/Abucket51.jpg	Abucket51.jpg	SPACE	503	SPACE
1446654900888	0	lts_1104C_18_01	18	01	0	25	0	0	0	CR	MAX	ABOOTCRA5.jpg	ABOOTCRA5.jpg	NOKEY	MAX	NOKEY
1446654903964	0	lts_1104C_18_01	18	01	0	26	0	0	0	CR	MAX	8022302.thl.jpg	8022302.thl.jpg	NOKEY	MAX	NOKEY
1446654907041	0	lts_1104C_18_01	18	01	0	27	0	0	0	CR	MAX	32/corkscrew02.jpg	corkscrew02.jpg	NOKEY	MAX	NOKEY
1446654910117	0	lts_1104C_18_01	18	01	0	28	0	0	0	CR	MAX	26427906.thl.jpg	26427906.thl.jpg	NOKEY	MAX	NOKEY
1446654913193	0	lts_1104C_18_01	18	01	0	29	0	0	0	CR	MAX	8/Atoytheatre2.jpg	Atoytheatre2.jpg	NOKEY	MAX	NOKEY
1446654916269	0	lts_1104C_18_01	18	01	0	30	0	0	0	CR	MAX	ASEWINGT4.jpg	ASEWINGT4.jpg	NOKEY	MAX	NOKEY
1446654919345	0	lts_1104C_18_01	18	01	0	31	0	0	0	CR	MAX	2/AEAREXAM2.jpg	AEAREXAM2.jpg	NOKEY	MAX	NOKEY
1446654922438	0	lts_1104C_18_01	18	01	0	32	0	0	0	CR	MAX	Aelectronicor.jpg	Aelectronicor.jpg	NOKEY	MAX	NOKEY
1446654923525	0	lts_1104C_18_01	18	01	0	33	2	1	1	Hit	611	2-8/AEAREXAM2.jpg	AEAREXAM2.jpg	SPACE	652	SPACE
1446654926601	0	lts_1104C_18_01	18	01	0	34	0	0	0	CR	MAX	Awoodplaner2.jpg	Awoodplaner2.jpg	NOKEY	MAX	NOKEY
1446654927587	0	lts_1104C_18_01	18	01	0	35	16	1	1	Hit	501	16-first/ABOWCASE.jpg	ABOWCASE.jpg	SPACE	552	SPACE
1446654930662	0	lts_1104C_18_01	18	01	0	36	0	0	0	CR	MAX	Aadjustablech.jpg	Aadjustablech.jpg	NOKEY	MAX	NOKEY
1446654931583	0	lts_1104C_18_01	18	01	0	37	8	1	1	Hit	436	8-2/Atoytheatre2.jpg	Atoytheatre2.jpg	SPACE	486	SPACE
1446654934658	0	lts_1104C_18_01	18	01	0	38	0	0	0	CR	MAX	AOVALFRAM.jpg	AOVALFRAM.jpg	NOKEY	MAX	NOKEY
1446654935677	0	lts_1104C_18_01	18	01	0	39	4	1	1	Hit	549	4-mul/ABOWCASE.jpg	ABOWCASE.jpg	SPACE	586	SPACE
1446654938754	0	lts_1104C_18_01	18	01	0	40	0	0	0	CR	MAX	AWASHSIGN.jpg	AWASHSIGN.jpg	NOKEY	MAX	NOKEY
1446654941830	0	lts_1104C_18_01	18	01	0	41	0	0	0	CR	MAX	8/Aonewaysign2.jpg	Aonewaysign2.jpg	NOKEY	MAX	NOKEY
1446654944906	0	lts_1104C_18_01	18	01	0	42	0	0	0	CR	MAX	Apaperclipsin.jpg	Apaperclipsin.jpg	NOKEY	MAX	NOKEY
1446654947982	0	lts_1104C_18_01	18	01	0	43	0	0	0	CR	MAX	ASHOWCAP.jpg	ASHOWCAP.jpg	NOKEY	MAX	NOKEY
1446654951076	0	lts_1104C_18_01	18	01	0	44	0	0	0	CR	MAX	Atoyball.jpg	Atoyball.jpg	NOKEY	MAX	NOKEY
1446654954152	0	lts_1104C_18_01	18	01	0	45	0	0	0	CR	MAX	AIVORSUIT.jpg	AIVORSUIT.jpg	NOKEY	MAX	NOKEY
1446654957228	0	lts_1104C_18_01	18	01	0	46	0	0	0	CR	MAX	32/Acable14.jpg	Acable14.jpg	NOKEY	MAX	NOKEY
1446654960304	0	lts_1104C_18_01	18	01	0	47	0	0	0	CR	MAX	4/ALIONWALK.jpg	ALIONWALK.jpg	NOKEY	MAX	NOKEY
1446654963380	0	lts_1104C_18_01	18	01	0	48	0	0	0	CR	MAX	Agame3.jpg	Agame3.jpg	NOKEY	MAX	NOKEY
1446654964383	0	lts_1104C_18_01	18	01	0	49	8	1	1	Hit	528	8-first/Aonewaysign2.jpg	Aonewaysign2.jpg	SPACE	568	SPACE
1446654967459	0	lts_1104C_18_01	18	01	0	50	0	0	0	CR	MAX	AKNEEBRA2.jpg	AKNEEBRA2.jpg	NOKEY	MAX	NOKEY
1446654968462	0	lts_1104C_18_01	18	01	0	51	4	1	1	Hit	520	4-8/ALIONWALK.jpg	ALIONWALK.jpg	SPACE	569	SPACE
1446654971538	0	lts_1104C_18_01	18	01	0	52	0	0	0	CR	MAX	26554880.thl.jpg	26554880.thl.jpg	NOKEY	MAX	NOKEY
1446654974614	0	lts_1104C_18_01	18	01	0	53	0	0	0	CR	MAX	ACRIB18.jpg	ACRIB18.jpg	NOKEY	MAX	NOKEY
1446654977689	0	lts_1104C_18_01	18	01	0	54	0	0	0	CR	MAX	8/ACHIPROL2.jpg	ACHIPROL2.jpg	NOKEY	MAX	NOKEY
1446654980782	0	lts_1104C_18_01	18	01	0	55	0	0	0	CR	MAX	AGLASSCON.jpg	AGLASSCON.jpg	NOKEY	MAX	NOKEY
1446654983858	0	lts_1104C_18_01	18	01	0	56	0	0	0	CR	MAX	Ahippopotamu4.jpg	Ahippopotamu4.jpg	NOKEY	MAX	NOKEY
1446654986951	0	lts_1104C_18_01	18	01	0	57	0	0	0	CR	MAX	Aflower104.jpg	Aflower104.jpg	NOKEY	MAX	NOKEY
1446654990028	0	lts_1104C_18_01	18	01	0	58	0	0	0	CR	MAX	ABULDOZER.jpg	ABULDOZER.jpg	NOKEY	MAX	NOKEY
1446654990963	0	lts_1104C_18_01	18	01	0	59	32	1	1	Hit	467	32-5/corkscrew02.jpg	corkscrew02.jpg	SPACE	502	SPACE
1446654994040	0	lts_1104C_18_01	18	01	0	60	0	0	0	CR	MAX	Aicecrusher2.jpg	Aicecrusher2.jpg	NOKEY	MAX	NOKEY
1446654997116	0	lts_1104C_18_01	18	01	0	61	0	0	0	CR	MAX	oilbottleolive.jpg	oilbottleolive.jpg	NOKEY	MAX	NOKEY
1446654998052	0	lts_1104C_18_01	18	01	0	62	8	1	1	Hit	466	8-1/ACHIPROL2.jpg	ACHIPROL2.jpg	SPACE	501	SPACE
1446655001129	0	lts_1104C_18_01	18	01	0	63	0	0	0	CR	MAX	image004.jpg	image004.jpg	NOKEY	MAX	NOKEY
1446655004205	0	lts_1104C_18_01	18	01	0	64	0	0	0	CR	MAX	AOLDBAT2.jpg	AOLDBAT2.jpg	NOKEY	MAX	NOKEY
1446655005157	0	lts_1104C_18_01	18	01	0	65	16	1	1	Hit	476	16-mul/Aonewaysign2.jpg	Aonewaysign2.jpg	SPACE	517	SPACE
1446655008233	0	lts_1104C_18_01	18	01	0	66	0	0	0	CR	MAX	1/Aconchshe.jpg	Aconchshe.jpg	NOKEY	MAX	NOKEY
1446655009153	0	lts_1104C_18_01	18	01	0	67	1	1	1	Hit	435	1-5/Aconchshe.jpg	Aconchshe.jpg	SPACE	484	SPACE
1446655012246	0	lts_1104C_18_01	18	01	0	68	0	0	0	CR	MAX	ARAILLIGH.jpg	ARAILLIGH.jpg	NOKEY	MAX	NOKEY
1446655015322	0	lts_1104C_18_01	18	01	0	69	0	0	0	CR	MAX	1/Aantiquevege3.jpg	Aantiquevege3.jpg	NOKEY	MAX	NOKEY
1446655016241	0	lts_1104C_18_01	18	01	0	70	1	1	1	Hit	444	1-6/Aantiquevege3.jpg	Aantiquevege3.jpg	SPACE	484	SPACE
1446655019317	0	lts_1104C_18_01	18	01	0	71	0	0	0	CR	MAX	Apyramid3.jpg	Apyramid3.jpg	NOKEY	MAX	NOKEY
1446655022393	0	lts_1104C_18_01	18	01	0	72	0	0	0	CR	MAX	batslct.jpg	batslct.jpg	NOKEY	MAX	NOKEY
1446655023380	0	lts_1104C_18_01	18	01	0	73	64	1	1	Hit	502	64-first/ACANDLE30.jpg	ACANDLE30.jpg	SPACE	551	SPACE
1446655026456	0	lts_1104C_18_01	18	01	0	74	0	0	0	CR	MAX	26373407.thl.jpg	26373407.thl.jpg	NOKEY	MAX	NOKEY
1446655029532	0	lts_1104C_18_01	18	01	0	75	0	0	0	CR	MAX	64/ACASSETT2.jpg	ACASSETT2.jpg	NOKEY	MAX	NOKEY
1446655032608	0	lts_1104C_18_01	18	01	0	76	0	0	0	CR	MAX	Abaggcon2.jpg	Abaggcon2.jpg	NOKEY	MAX	NOKEY
1446655035683	0	lts_1104C_18_01	18	01	0	77	0	0	0	CR	MAX	Ayoungbobcat.jpg	Ayoungbobcat.jpg	NOKEY	MAX	NOKEY
1446655036720	0	lts_1104C_18_01	18	01	0	78	32	1	1	Hit	564	32-7/Acable14.jpg	Acable14.jpg	SPACE	602	SPACE
1446655039796	0	lts_1104C_18_01	18	01	0	79	0	0	0	CR	MAX	26433592.thl.jpg	26433592.thl.jpg	NOKEY	MAX	NOKEY
1446655042888	0	lts_1104C_18_01	18	01	0	80	0	0	0	CR	MAX	canopy.jpg	canopy.jpg	NOKEY	MAX	NOKEY
1446655045964	0	lts_1104C_18_01	18	01	0	81	0	0	0	CR	MAX	64/ASNOWSH11.jpg	ASNOWSH11.jpg	NOKEY	MAX	NOKEY
1446655049042	0	lts_1104C_18_01	18	01	0	82	0	0	0	CR	MAX	16/Asewingpins.jpg	Asewingpins.jpg	NOKEY	MAX	NOKEY
1446655052118	0	lts_1104C_18_01	18	01	0	83	0	0	0	CR	MAX	Adeer20.jpg	Adeer20.jpg	NOKEY	MAX	NOKEY
1446655055194	0	lts_1104C_18_01	18	01	0	84	0	0	0	CR	MAX	1/ABAKECON3.jpg	ABAKECON3.jpg	NOKEY	MAX	NOKEY
1446655056197	0	lts_1104C_18_01	18	01	0	85	1	1	1	Hit	520	1-12/ABAKECON3.jpg	ABAKECON3.jpg	SPACE	568	SPACE
1446655059273	0	lts_1104C_18_01	18	01	0	86	0	0	0	CR	MAX	32/AANTTRUCK.jpg	AANTTRUCK.jpg	NOKEY	MAX	NOKEY
1446655062349	0	lts_1104C_18_01	18	01	0	87	0	0	0	CR	MAX	Apeddleboat3.jpg	Apeddleboat3.jpg	NOKEY	MAX	NOKEY
1446655065425	0	lts_1104C_18_01	18	01	0	88	0	0	0	CR	MAX	8/ABIRDCAG2.jpg	ABIRDCAG2.jpg	NOKEY	MAX	NOKEY
1446655066361	0	lts_1104C_18_01	18	01	0	89	16	1	1	Hit	464	16-mul/ACANDLE30.jpg	ACANDLE30.jpg	SPACE	501	SPACE
1446655069437	0	lts_1104C_18_01	18	01	0	90	0	0	0	CR	MAX	2/APITCHE15.jpg	APITCHE15.jpg	NOKEY	MAX	NOKEY
1446655072530	0	lts_1104C_18_01	18	01	0	91	0	0	0	CR	MAX	ATOWELRA3.jpg	ATOWELRA3.jpg	NOKEY	MAX	NOKEY
1446655073566	0	lts_1104C_18_01	18	01	0	92	2	1	1	Hit	565	2-2/APITCHE15.jpg	APITCHE15.jpg	SPACE	602	SPACE
1446655076643	0	lts_1104C_18_01	18	01	0	93	0	0	0	CR	MAX	AFORKLIF2.jpg	AFORKLIF2.jpg	NOKEY	MAX	NOKEY
1446655079718	0	lts_1104C_18_01	18	01	0	94	0	0	0	CR	MAX	Abackpack11.jpg	Abackpack11.jpg	NOKEY	MAX	NOKEY
1446655082794	0	lts_1104C_18_01	18	01	0	95	0	0	0	CR	MAX	ACHERRY.jpg	ACHERRY.jpg	NOKEY	MAX	NOKEY
1446655083813	0	lts_1104C_18_01	18	01	0	96	8	1	1	Hit	539	8-first/ABIRDCAG2.jpg	ABIRDCAG2.jpg	SPACE	586	SPACE
1446655086889	0	lts_1104C_18_01	18	01	0	97	0	0	0	CR	MAX	ABARREL3.jpg	ABARREL3.jpg	NOKEY	MAX	NOKEY
1446655087842	0	lts_1104C_18_01	18	01	0	98	16	1	1	Hit	480	16-first/Asewingpins.jpg	Asewingpins.jpg	SPACE	519	SPACE
1446655090918	0	lts_1104C_18_01	18	01	0	99	0	0	0	CR	MAX	AKNIFECOL.jpg	AKNIFECOL.jpg	NOKEY	MAX	NOKEY
1446655091871	0	lts_1104C_18_01	18	01	0	100	2	1	1	Hit	481	2-mul/Asewingpins.jpg	Asewingpins.jpg	SPACE	519	SPACE
1446655094947	0	lts_1104C_18_01	18	01	0	101	0	0	0	CR	MAX	AANTFRYI2.jpg	AANTFRYI2.jpg	NOKEY	MAX	NOKEY
1446655098025	0	lts_1104C_18_01	18	01	0	102	0	0	0	CR	MAX	hottub.jpg	hottub.jpg	NOKEY	MAX	NOKEY
1446655101101	0	lts_1104C_18_01	18	01	0	103	0	0	0	CR	MAX	Ablackleather.jpg	Ablackleather.jpg	NOKEY	MAX	NOKEY
1446655104193	0	lts_1104C_18_01	18	01	0	104	0	0	0	CR	MAX	8258244.thl.jpg	8258244.thl.jpg	NOKEY	MAX	NOKEY
1446655107269	0	lts_1104C_18_01	18	01	0	105	0	0	0	CR	MAX	2/ABABYSH33.jpg	ABABYSH33.jpg	NOKEY	MAX	NOKEY
1446655110345	0	lts_1104C_18_01	18	01	0	106	0	0	0	CR	MAX	tricycle.jpg	tricycle.jpg	NOKEY	MAX	NOKEY
1446655111482	0	lts_1104C_18_01	18	01	0	107	2	1	1	Hit	663	2-3/ABABYSH33.jpg	ABABYSH33.jpg	SPACE	702	SPACE
1446655114558	0	lts_1104C_18_01	18	01	0	108	0	0	0	CR	MAX	2/ACOOKCUTT.jpg	ACOOKCUTT.jpg	NOKEY	MAX	NOKEY
1446655117634	0	lts_1104C_18_01	18	01	0	109	0	0	0	CR	MAX	ADOCKPOST.jpg	ADOCKPOST.jpg	NOKEY	MAX	NOKEY
1446655118587	0	lts_1104C_18_01	18	01	0	110	2	1	1	Hit	479	2-7/ACOOKCUTT.jpg	ACOOKCUTT.jpg	SPACE	518	SPACE
1446655119823	0	lts_1104C_18_01	18	01	0	111	0	0	1	FA	762	Achildsplaype.jpg	Achildsplaype.jpg	SPACE	802	NOKEY
1446655120893	0	lts_1104C_18_01	18	01	0	112	16	1	1	Hit	597	16-mul/ABIRDCAG2.jpg	ABIRDCAG2.jpg	SPACE	636	SPACE
1446655123969	0	lts_1104C_18_01	18	01	0	113	0	0	0	CR	MAX	Abowl74.jpg	Abowl74.jpg	NOKEY	MAX	NOKEY
1446655127047	0	lts_1104C_18_01	18	01	0	114	0	0	0	CR	MAX	2/Askirt2.jpg	Askirt2.jpg	NOKEY	MAX	NOKEY
1446655130123	0	lts_1104C_18_01	18	01	0	115	0	0	0	CR	MAX	26282693.thl.jpg	26282693.thl.jpg	NOKEY	MAX	NOKEY
1446655131176	0	lts_1104C_18_01	18	01	0	116	2	1	1	Hit	577	2-11/Askirt2.jpg	Askirt2.jpg	SPACE	618	SPACE
1446655134269	0	lts_1104C_18_01	18	01	0	117	0	0	0	CR	MAX	22886412.thl.jpg	22886412.thl.jpg	NOKEY	MAX	NOKEY
1446655135405	0	lts_1104C_18_01	18	01	0	118	32	1	1	Hit	661	32-8/AANTTRUCK.jpg	AANTTRUCK.jpg	SPACE	701	SPACE
1446655138481	0	lts_1104C_18_01	18	01	0	119	0	0	0	CR	MAX	Abowlofwonto5.jpg	Abowlofwonto5.jpg	NOKEY	MAX	NOKEY
1446655141557	0	lts_1104C_18_01	18	01	0	120	0	0	0	CR	MAX	2/Aancientstat4.jpg	Aancientstat4.jpg	NOKEY	MAX	NOKEY
1446655144634	0	lts_1104C_18_01	18	01	0	121	0	0	0	CR	MAX	ABELLTRE2.jpg	ABELLTRE2.jpg	NOKEY	MAX	NOKEY
1446655145570	0	lts_1104C_18_01	18	01	0	122	2	1	1	Hit	467	2-13/Aancientstat4.jpg	Aancientstat4.jpg	SPACE	502	SPACE
1446655148646	0	lts_1104C_18_01	18	01	0	123	0	0	0	CR	MAX	64/8255981.thl.jpg	8255981.thl.jpg	NOKEY	MAX	NOKEY
1446655151721	0	lts_1104C_18_01	18	01	0	124	0	0	0	CR	MAX	1/22854888.thl.jpg	22854888.thl.jpg	NOKEY	MAX	NOKEY
1446655152707	0	lts_1104C_18_01	18	01	0	125	1	1	1	Hit	511	1-11/22854888.thl.jpg	22854888.thl.jpg	SPACE	553	SPACE
1446655155783	0	lts_1104C_18_01	18	01	0	126	0	0	0	CR	MAX	Agarbagebag.jpg	Agarbagebag.jpg	NOKEY	MAX	NOKEY
1446655158859	0	lts_1104C_18_01	18	01	0	127	0	0	0	CR	MAX	8079436.thl.jpg	8079436.thl.jpg	NOKEY	MAX	NOKEY
1446655161952	0	lts_1104C_18_01	18	01	0	128	0	0	0	CR	MAX	2/Arubberstampa.jpg	Arubberstampa.jpg	NOKEY	MAX	NOKEY
1446655165029	0	lts_1104C_18_01	18	01	0	129	0	0	0	CR	MAX	4/ACUTBOAR2.jpg	ACUTBOAR2.jpg	NOKEY	MAX	NOKEY
1446655166133	0	lts_1104C_18_01	18	01	0	130	2	1	1	Hit	619	2-12/Arubberstampa.jpg	Arubberstampa.jpg	SPACE	668	SPACE
1446655169209	0	lts_1104C_18_01	18	01	0	131	0	0	0	CR	MAX	4/26451219.thl.jpg	26451219.thl.jpg	NOKEY	MAX	NOKEY
1446655172285	0	lts_1104C_18_01	18	01	0	132	0	0	0	CR	MAX	32/D_dumpster.jpg	D_dumpster.jpg	NOKEY	MAX	NOKEY
1446655173238	0	lts_1104C_18_01	18	01	0	133	4	1	1	Hit	478	4-1/ACUTBOAR2.jpg	ACUTBOAR2.jpg	SPACE	518	SPACE
1446655176314	0	lts_1104C_18_01	18	01	0	134	0	0	0	CR	MAX	AXYLOPHN2.jpg	AXYLOPHN2.jpg	NOKEY	MAX	NOKEY
1446655177484	0	lts_1104C_18_01	18	01	0	135	4	1	1	Hit	685	4-2/26451219.thl.jpg	26451219.thl.jpg	SPACE	736	SPACE
1446655180560	0	lts_1104C_18_01	18	01	0	136	0	0	0	CR	MAX	Acableandacce.jpg	Acableandacce.jpg	NOKEY	MAX	NOKEY
1446655183636	0	lts_1104C_18_01	18	01	0	137	0	0	0	CR	MAX	ATELEBO13.jpg	ATELEBO13.jpg	NOKEY	MAX	NOKEY
1446655186711	0	lts_1104C_18_01	18	01	0	138	0	0	0	CR	MAX	128/AAIRPRES4.jpg	AAIRPRES4.jpg	NOKEY	MAX	NOKEY
1446655187982	0	lts_1104C_18_01	18	01	0	139	64	1	1	Hit	803	64-first/ACASSETT2.jpg	ACASSETT2.jpg	SPACE	837	SPACE
1446655191126	0	lts_1104C_18_01	18	01	0	140	0	0	0	CR	MAX	16/22923524.thl.jpg	22923524.thl.jpg	NOKEY	MAX	NOKEY
1446655192112	0	lts_1104C_18_01	18	01	0	141	2	1	1	Hit	501	2-mul/ACASSETT2.jpg	ACASSETT2.jpg	SPACE	551	SPACE
1446655195205	0	lts_1104C_18_01	18	01	0	142	0	0	0	CR	MAX	26428110.thl.jpg	26428110.thl.jpg	NOKEY	MAX	NOKEY
1446655198281	0	lts_1104C_18_01	18	01	0	143	0	0	0	CR	MAX	ARUSH.jpg	ARUSH.jpg	NOKEY	MAX	NOKEY
1446655201357	0	lts_1104C_18_01	18	01	0	144	0	0	0	CR	MAX	Aantiquebuck2.jpg	Aantiquebuck2.jpg	NOKEY	MAX	NOKEY
1446655202410	0	lts_1104C_18_01	18	01	0	145	64	1	1	Hit	571	64-first/ASNOWSH11.jpg	ASNOWSH11.jpg	SPACE	618	SPACE
1446655205486	0	lts_1104C_18_01	18	01	0	146	0	0	0	CR	MAX	AMICROWA2.jpg	AMICROWA2.jpg	NOKEY	MAX	NOKEY
1446655208562	0	lts_1104C_18_01	18	01	0	147	0	0	0	CR	MAX	26439898.thl.jpg	26439898.thl.jpg	NOKEY	MAX	NOKEY
1446655211638	0	lts_1104C_18_01	18	01	0	148	0	0	0	CR	MAX	Abottleofwin4.jpg	Abottleofwin4.jpg	NOKEY	MAX	NOKEY
1446655212641	0	lts_1104C_18_01	18	01	0	149	4	1	1	Hit	532	4-mul/ASNOWSH11.jpg	ASNOWSH11.jpg	SPACE	568	SPACE
1446655215716	0	lts_1104C_18_01	18	01	0	150	0	0	0	CR	MAX	Aswitch17.jpg	Aswitch17.jpg	NOKEY	MAX	NOKEY
1446655218793	0	lts_1104C_18_01	18	01	0	151	0	0	0	CR	MAX	Aspraybottle4.jpg	Aspraybottle4.jpg	NOKEY	MAX	NOKEY
1446655221885	0	lts_1104C_18_01	18	01	0	152	0	0	0	CR	MAX	AEXERCBIK.jpg	AEXERCBIK.jpg	NOKEY	MAX	NOKEY
1446655224961	0	lts_1104C_18_01	18	01	0	153	0	0	0	CR	MAX	26384871.thl.jpg	26384871.thl.jpg	NOKEY	MAX	NOKEY
1446655228038	0	lts_1104C_18_01	18	01	0	154	0	0	0	CR	MAX	128/Achowchowdog.jpg	Achowchowdog.jpg	NOKEY	MAX	NOKEY
1446655231114	0	lts_1104C_18_01	18	01	0	155	0	0	0	CR	MAX	Atrumpetwith2.jpg	Atrumpetwith2.jpg	NOKEY	MAX	NOKEY
1446655232118	0	lts_1104C_18_01	18	01	0	156	16	1	1	Hit	517	16-first/22923524.thl.jpg	22923524.thl.jpg	SPACE	567	SPACE
1446655235210	0	lts_1104C_18_01	18	01	0	157	0	0	0	CR	MAX	64/AANTCASH3.jpg	AANTCASH3.jpg	NOKEY	MAX	NOKEY
1446655236197	0	lts_1104C_18_01	18	01	0	158	2	1	1	Hit	506	2-mul/22923524.thl.jpg	22923524.thl.jpg	SPACE	551	SPACE
1446655239273	0	lts_1104C_18_01	18	01	0	159	0	0	0	CR	MAX	8021504.thl.jpg	8021504.thl.jpg	NOKEY	MAX	NOKEY
1446655242349	0	lts_1104C_18_01	18	01	0	160	0	0	0	CR	MAX	Ascanner11.jpg	Ascanner11.jpg	NOKEY	MAX	NOKEY
1446655245425	0	lts_1104C_18_01	18	01	0	161	0	0	0	CR	MAX	1/22849284.thl.jpg	22849284.thl.jpg	NOKEY	MAX	NOKEY
1446655246411	0	lts_1104C_18_01	18	01	0	162	1	1	1	Hit	504	1-8/22849284.thl.jpg	22849284.thl.jpg	SPACE	551	SPACE
1446655249487	0	lts_1104C_18_01	18	01	0	163	0	0	0	CR	MAX	8/ANAILFILE.jpg	ANAILFILE.jpg	NOKEY	MAX	NOKEY
1446655250624	0	lts_1104C_18_01	18	01	0	164	32	1	1	Hit	668	32-9/D_dumpster.jpg	D_dumpster.jpg	SPACE	702	SPACE
1446655253716	0	lts_1104C_18_01	18	01	0	165	0	0	0	CR	MAX	4/APILHELM2.jpg	APILHELM2.jpg	NOKEY	MAX	NOKEY
1446655256792	0	lts_1104C_18_01	18	01	0	166	0	0	0	CR	MAX	Apenandcase10.jpg	Apenandcase10.jpg	NOKEY	MAX	NOKEY
1446655259868	0	lts_1104C_18_01	18	01	0	167	0	0	0	CR	MAX	ACREPMAK3.jpg	ACREPMAK3.jpg	NOKEY	MAX	NOKEY
1446655262944	0	lts_1104C_18_01	18	01	0	168	0	0	0	CR	MAX	128/Atoyfurnitu14.jpg	Atoyfurnitu14.jpg	NOKEY	MAX	NOKEY
1446655263930	0	lts_1104C_18_01	18	01	0	169	4	1	1	Hit	508	4-12/APILHELM2.jpg	APILHELM2.jpg	SPACE	552	SPACE
1446655267007	0	lts_1104C_18_01	18	01	0	170	0	0	0	CR	MAX	26432607.thl.jpg	26432607.thl.jpg	NOKEY	MAX	NOKEY
1446655268178	0	lts_1104C_18_01	18	01	0	171	8	1	1	Hit	687	8-first/ANAILFILE.jpg	ANAILFILE.jpg	SPACE	735	SPACE
1446655271254	0	lts_1104C_18_01	18	01	0	172	0	0	0	CR	MAX	8/babyswig.jpg	babyswig.jpg	NOKEY	MAX	NOKEY
1446655274330	0	lts_1104C_18_01	18	01	0	173	0	0	0	CR	MAX	AHEATER3.jpg	AHEATER3.jpg	NOKEY	MAX	NOKEY
1446655277406	0	lts_1104C_18_01	18	01	0	174	0	0	0	CR	MAX	AJEEPBOA2.jpg	AJEEPBOA2.jpg	NOKEY	MAX	NOKEY
1446655278426	0	lts_1104C_18_01	18	01	0	175	4	1	1	Hit	536	4-mul/ANAILFILE.jpg	ANAILFILE.jpg	SPACE	586	SPACE
1446655281518	0	lts_1104C_18_01	18	01	0	176	0	0	0	CR	MAX	AMEDCONTA.jpg	AMEDCONTA.jpg	NOKEY	MAX	NOKEY
1446655284595	0	lts_1104C_18_01	18	01	0	177	0	0	0	CR	MAX	basketball.JPG	basketball.JPG	NOKEY	MAX	NOKEY
1446655287670	0	lts_1104C_18_01	18	01	0	178	0	0	0	CR	MAX	26387690.thl.jpg	26387690.thl.jpg	NOKEY	MAX	NOKEY
1446655290746	0	lts_1104C_18_01	18	01	0	179	0	0	0	CR	MAX	ACUSTMACH.jpg	ACUSTMACH.jpg	NOKEY	MAX	NOKEY
1446655291799	0	lts_1104C_18_01	18	01	0	180	8	1	1	Hit	570	8-first/babyswig.jpg	babyswig.jpg	SPACE	620	SPACE
1446655294875	0	lts_1104C_18_01	18	01	0	181	0	0	0	CR	MAX	ABALLBEAR.jpg	ABALLBEAR.jpg	NOKEY	MAX	NOKEY
1446655297951	0	lts_1104C_18_01	18	01	0	182	0	0	0	CR	MAX	2/Aleaf74.jpg	Aleaf74.jpg	NOKEY	MAX	NOKEY
1446655301028	0	lts_1104C_18_01	18	01	0	183	0	0	0	CR	MAX	128/kimono.jpg	kimono.jpg	NOKEY	MAX	NOKEY
1446655302165	0	lts_1104C_18_01	18	01	0	184	2	1	1	Hit	655	2-0/Aleaf74.jpg	Aleaf74.jpg	SPACE	701	SPACE
1446655305241	0	lts_1104C_18_01	18	01	0	185	0	0	0	CR	MAX	16/AKEYHOL10.jpg	AKEYHOL10.jpg	NOKEY	MAX	NOKEY
1446655308317	0	lts_1104C_18_01	18	01	0	186	0	0	0	CR	MAX	128/ACPU2.jpg	ACPU2.jpg	NOKEY	MAX	NOKEY
1446655309404	0	lts_1104C_18_01	18	01	0	187	64	1	1	Hit	606	64-first/8255981.thl.jpg	8255981.thl.jpg	SPACE	651	SPACE
1446655312496	0	lts_1104C_18_01	18	01	0	188	0	0	0	CR	MAX	64/AARMCHA25.jpg	AARMCHA25.jpg	NOKEY	MAX	NOKEY
1446655313550	0	lts_1104C_18_01	18	01	0	189	2	1	1	Hit	572	2-mul/8255981.thl.jpg	8255981.thl.jpg	SPACE	619	SPACE
1446655316626	0	lts_1104C_18_01	18	01	0	190	0	0	0	CR	MAX	legoblocks.jpg	legoblocks.jpg	NOKEY	MAX	NOKEY
1446655319701	0	lts_1104C_18_01	18	01	0	191	0	0	0	CR	MAX	128/ipod01.jpg	ipod01.jpg	NOKEY	MAX	NOKEY
1446655322777	0	lts_1104C_18_01	18	01	0	192	0	0	0	CR	MAX	AANTSTOV6.jpg	AANTSTOV6.jpg	NOKEY	MAX	NOKEY
1446655325853	0	lts_1104C_18_01	18	01	0	193	0	0	0	CR	MAX	ATUNFORK2.jpg	ATUNFORK2.jpg	NOKEY	MAX	NOKEY
1446655328929	0	lts_1104C_18_01	18	01	0	194	0	0	0	CR	MAX	64/celery.jpg	celery.jpg	NOKEY	MAX	NOKEY
1446655332006	0	lts_1104C_18_01	18	01	0	195	0	0	0	CR	MAX	26421536.thl.jpg	26421536.thl.jpg	NOKEY	MAX	NOKEY
1446655333143	0	lts_1104C_18_01	18	01	0	196	16	1	1	Hit	654	16-mul/babyswig.jpg	babyswig.jpg	SPACE	701	SPACE
1446655336219	0	lts_1104C_18_01	18	01	0	197	0	0	0	CR	MAX	DSCN1248-sm.jpg	DSCN1248-sm.jpg	NOKEY	MAX	NOKEY
1446655339295	0	lts_1104C_18_01	18	01	0	198	0	0	0	CR	MAX	1/ABIKLIGHT.jpg	ABIKLIGHT.jpg	NOKEY	MAX	NOKEY
1446655340298	0	lts_1104C_18_01	18	01	0	199	1	1	1	Hit	521	1-3/ABIKLIGHT.jpg	ABIKLIGHT.jpg	SPACE	567	SPACE
1446655343391	0	lts_1104C_18_01	18	01	0	200	0	0	0	CR	MAX	Aabacus.jpg	Aabacus.jpg	NOKEY	MAX	NOKEY
1446655344478	0	lts_1104C_18_01	18	01	0	201	16	1	1	Hit	603	16-first/AKEYHOL10.jpg	AKEYHOL10.jpg	SPACE	652	SPACE
1446655347554	0	lts_1104C_18_01	18	01	0	202	0	0	0	CR	MAX	Ainflatablem6.jpg	Ainflatablem6.jpg	NOKEY	MAX	NOKEY
1446655350630	0	lts_1104C_18_01	18	01	0	203	0	0	0	CR	MAX	slide.jpg	slide.jpg	NOKEY	MAX	NOKEY
1446655353705	0	lts_1104C_18_01	18	01	0	204	0	0	0	CR	MAX	AFBLADE.jpg	AFBLADE.jpg	NOKEY	MAX	NOKEY
1446655354842	0	lts_1104C_18_01	18	01	0	205	4	1	1	Hit	653	4-mul/AKEYHOL10.jpg	AKEYHOL10.jpg	SPACE	703	SPACE
1446655357918	0	lts_1104C_18_01	18	01	0	206	0	0	0	CR	MAX	AOTOSCOP5.jpg	AOTOSCOP5.jpg	NOKEY	MAX	NOKEY
1446655360994	0	lts_1104C_18_01	18	01	0	207	0	0	0	CR	MAX	AWOODBOX3.jpg	AWOODBOX3.jpg	NOKEY	MAX	NOKEY
1446655364071	0	lts_1104C_18_01	18	01	0	208	0	0	0	CR	MAX	948_01.jpg	948_01.jpg	NOKEY	MAX	NOKEY
1446655367147	0	lts_1104C_18_01	18	01	0	209	0	0	0	CR	MAX	4/AGERMANH4.jpg	AGERMANH4.jpg	NOKEY	MAX	NOKEY
1446655370223	0	lts_1104C_18_01	18	01	0	210	0	0	0	CR	MAX	Acompass18.jpg	Acompass18.jpg	NOKEY	MAX	NOKEY
1446655373316	0	lts_1104C_18_01	18	01	0	211	0	0	0	CR	MAX	8027086.thl.jpg	8027086.thl.jpg	NOKEY	MAX	NOKEY
1446655376392	0	lts_1104C_18_01	18	01	0	212	0	0	0	CR	MAX	16/AHYPBOTT.jpg	AHYPBOTT.jpg	NOKEY	MAX	NOKEY
1446655377728	0	lts_1104C_18_01	18	01	0	213	4	1	1	Hit	864	4-9/AGERMANH4.jpg	AGERMANH4.jpg	SPACE	903	SPACE
1446655380804	0	lts_1104C_18_01	18	01	0	214	0	0	0	CR	MAX	23014927.thl.jpg	23014927.thl.jpg	NOKEY	MAX	NOKEY
1446655383880	0	lts_1104C_18_01	18	01	0	215	0	0	0	CR	MAX	AGHOST.jpg	AGHOST.jpg	NOKEY	MAX	NOKEY
1446655386956	0	lts_1104C_18_01	18	01	0	216	0	0	0	CR	MAX	Abicyclehand5.jpg	Abicyclehand5.jpg	NOKEY	MAX	NOKEY
1446655390033	0	lts_1104C_18_01	18	01	0	217	0	0	0	CR	MAX	Astaircase.jpg	Astaircase.jpg	NOKEY	MAX	NOKEY
1446655393109	0	lts_1104C_18_01	18	01	0	218	0	0	0	CR	MAX	Aembossedsta2.jpg	Aembossedsta2.jpg	NOKEY	MAX	NOKEY
1446655396186	0	lts_1104C_18_01	18	01	0	219	0	0	0	CR	MAX	Aaircompress6.jpg	Aaircompress6.jpg	NOKEY	MAX	NOKEY
1446655399262	0	lts_1104C_18_01	18	01	0	220	0	0	0	CR	MAX	for28524.jpg	for28524.jpg	NOKEY	MAX	NOKEY
1446655400331	0	lts_1104C_18_01	18	01	0	221	64	1	1	Hit	593	64-first/AANTCASH3.jpg	AANTCASH3.jpg	SPACE	634	SPACE
1446655403441	0	lts_1104C_18_01	18	01	0	222	0	0	0	CR	MAX	16/ALAB21.jpg	ALAB21.jpg	NOKEY	MAX	NOKEY
1446655406517	0	lts_1104C_18_01	18	01	0	223	0	0	0	CR	MAX	26437028.thl.jpg	26437028.thl.jpg	NOKEY	MAX	NOKEY
1446655409593	0	lts_1104C_18_01	18	01	0	224	0	0	0	CR	MAX	Apersonsfoot.jpg	Apersonsfoot.jpg	NOKEY	MAX	NOKEY
1446655410580	0	lts_1104C_18_01	18	01	0	225	4	1	1	Hit	515	4-mul/AANTCASH3.jpg	AANTCASH3.jpg	SPACE	551	SPACE
1446655413655	0	lts_1104C_18_01	18	01	0	226	0	0	0	CR	MAX	ABPIECE2.jpg	ABPIECE2.jpg	NOKEY	MAX	NOKEY
1446655416731	0	lts_1104C_18_01	18	01	0	227	0	0	0	CR	MAX	8/AHEBREWTE.jpg	AHEBREWTE.jpg	NOKEY	MAX	NOKEY
1446655417834	0	lts_1104C_18_01	18	01	0	228	16	1	1	Hit	623	16-first/AHYPBOTT.jpg	AHYPBOTT.jpg	SPACE	670	SPACE
1446655420944	0	lts_1104C_18_01	18	01	0	229	0	0	0	CR	MAX	1/Acocktailumb4.jpg	Acocktailumb4.jpg	NOKEY	MAX	NOKEY
1446655422031	0	lts_1104C_18_01	18	01	0	230	1	1	1	Hit	615	1-9/Acocktailumb4.jpg	Acocktailumb4.jpg	SPACE	653	SPACE
1446655423436	0	lts_1104C_18_01	18	01	0	231	0	0	1	FA	918	2/AWOODPYRA.jpg	AWOODPYRA.jpg	SPACE	969	NOKEY
1446655426512	0	lts_1104C_18_01	18	01	0	232	0	0	0	CR	MAX	chocolatebar.jpg	chocolatebar.jpg	NOKEY	MAX	NOKEY
1446655427548	0	lts_1104C_18_01	18	01	0	233	2	1	1	Hit	560	2-4/AWOODPYRA.jpg	AWOODPYRA.jpg	SPACE	602	SPACE
1446655430624	0	lts_1104C_18_01	18	01	0	234	0	0	0	CR	MAX	16/ATEETH7.jpg	ATEETH7.jpg	NOKEY	MAX	NOKEY
1446655431760	0	lts_1104C_18_01	18	01	0	235	8	1	1	Hit	654	8-0/AHEBREWTE.jpg	AHEBREWTE.jpg	SPACE	702	SPACE
1446655434869	0	lts_1104C_18_01	18	01	0	236	0	0	0	CR	MAX	Afirealarm2.jpg	Afirealarm2.jpg	NOKEY	MAX	NOKEY
1446655437945	0	lts_1104C_18_01	18	01	0	237	0	0	0	CR	MAX	AELECOMP2.jpg	AELECOMP2.jpg	NOKEY	MAX	NOKEY
1446655439067	0	lts_1104C_18_01	18	01	0	238	16	1	1	Hit	643	16-first/ALAB21.jpg	ALAB21.jpg	SPACE	686	SPACE
1446655442143	0	lts_1104C_18_01	18	01	0	239	0	0	0	CR	MAX	Abicyclepump2.jpg	Abicyclepump2.jpg	NOKEY	MAX	NOKEY
1446655445219	0	lts_1104C_18_01	18	01	0	240	0	0	0	CR	MAX	32/AMECHHAN3.jpg	AMECHHAN3.jpg	NOKEY	MAX	NOKEY
1446655448295	0	lts_1104C_18_01	18	01	0	241	0	0	0	CR	MAX	ACOMPAS20.jpg	ACOMPAS20.jpg	NOKEY	MAX	NOKEY
1446655449331	0	lts_1104C_18_01	18	01	0	242	4	1	1	Hit	558	4-mul/ALAB21.jpg	ALAB21.jpg	SPACE	601	SPACE
1446655452407	0	lts_1104C_18_01	18	01	0	243	0	0	0	CR	MAX	ABILLTABL.jpg	ABILLTABL.jpg	NOKEY	MAX	NOKEY
1446655453377	0	lts_1104C_18_01	18	01	0	244	16	1	1	Hit	486	16-mul/AHYPBOTT.jpg	AHYPBOTT.jpg	SPACE	534	SPACE
1446655456453	0	lts_1104C_18_01	18	01	0	245	0	0	0	CR	MAX	1/Aredandbluef2.jpg	Aredandbluef2.jpg	NOKEY	MAX	NOKEY
1446655457289	0	lts_1104C_18_01	18	01	0	246	1	1	1	Hit	355	1-10/Aredandbluef2.jpg	Aredandbluef2.jpg	SPACE	400	SPACE
1446655460365	0	lts_1104C_18_01	18	01	0	247	0	0	0	CR	MAX	23016235.thl.jpg	23016235.thl.jpg	NOKEY	MAX	NOKEY
1446655463458	0	lts_1104C_18_01	18	01	0	248	0	0	0	CR	MAX	AAIRBLOW.jpg	AAIRBLOW.jpg	NOKEY	MAX	NOKEY
1446655466534	0	lts_1104C_18_01	18	01	0	249	0	0	0	CR	MAX	ABISHOP2.jpg	ABISHOP2.jpg	NOKEY	MAX	NOKEY
1446655467503	0	lts_1104C_18_01	18	01	0	250	16	1	1	Hit	489	16-1/ATEETH7.jpg	ATEETH7.jpg	SPACE	535	SPACE
1446655470580	0	lts_1104C_18_01	18	01	0	251	0	0	0	CR	MAX	Atoycoffeepo2.jpg	Atoycoffeepo2.jpg	NOKEY	MAX	NOKEY
1446655471583	0	lts_1104C_18_01	18	01	0	252	64	1	1	Hit	530	64-first/AARMCHA25.jpg	AARMCHA25.jpg	SPACE	568	SPACE
1446655474658	0	lts_1104C_18_01	18	01	0	253	0	0	0	CR	MAX	Ajewisho2.jpg	Ajewisho2.jpg	NOKEY	MAX	NOKEY
1446655475561	0	lts_1104C_18_01	18	01	0	254	2	1	1	Hit	428	2-mul/AARMCHA25.jpg	AARMCHA25.jpg	SPACE	469	SPACE
1446655478654	0	lts_1104C_18_01	18	01	0	255	0	0	0	CR	MAX	Agardeningshe.jpg	Agardeningshe.jpg	NOKEY	MAX	NOKEY
1446655481729	0	lts_1104C_18_01	18	01	0	256	0	0	0	CR	MAX	APUPPY26.jpg	APUPPY26.jpg	NOKEY	MAX	NOKEY
1446655484805	0	lts_1104C_18_01	18	01	0	257	0	0	0	CR	MAX	ACOMPACT.jpg	ACOMPACT.jpg	NOKEY	MAX	NOKEY
1446655486110	0	lts_1104C_18_01	18	01	0	258	64	1	1	Hit	827	64-first/celery.jpg	celery.jpg	SPACE	869	SPACE
1446655489186	0	lts_1104C_18_01	18	01	0	259	0	0	0	CR	MAX	2/AWODSPOON.jpg	AWODSPOON.jpg	NOKEY	MAX	NOKEY
1446655492279	0	lts_1104C_18_01	18	01	0	260	0	0	0	CR	MAX	4/AHYDRANTF.jpg	AHYDRANTF.jpg	NOKEY	MAX	NOKEY
1446655493299	0	lts_1104C_18_01	18	01	0	261	2	1	1	Hit	540	2-5/AWODSPOON.jpg	AWODSPOON.jpg	SPACE	584	SPACE
1446655496375	0	lts_1104C_18_01	18	01	0	262	0	0	0	CR	MAX	26424440.thl.jpg	26424440.thl.jpg	NOKEY	MAX	NOKEY
1446655499451	0	lts_1104C_18_01	18	01	0	263	0	0	0	CR	MAX	64/ACOLOGNE.jpg	ACOLOGNE.jpg	NOKEY	MAX	NOKEY
1446655500471	0	lts_1104C_18_01	18	01	0	264	4	1	1	Hit	546	4-4/AHYDRANTF.jpg	AHYDRANTF.jpg	SPACE	585	SPACE
1446655503547	0	lts_1104C_18_01	18	01	0	265	0	0	0	CR	MAX	strawberrytart.jpg	strawberrytart.jpg	NOKEY	MAX	NOKEY
1446655506623	0	lts_1104C_18_01	18	01	0	266	128	1	0	Miss	MAX	128-1/AAIRPRES4.jpg	AAIRPRES4.jpg	NOKEY	MAX	SPACE
1446655509698	0	lts_1104C_18_01	18	01	0	267	0	0	0	CR	MAX	ACUPEANE2.jpg	ACUPEANE2.jpg	NOKEY	MAX	NOKEY
1446655512774	0	lts_1104C_18_01	18	01	0	268	0	0	0	CR	MAX	2/26432217.thl.jpg	26432217.thl.jpg	NOKEY	MAX	NOKEY
1446655515850	0	lts_1104C_18_01	18	01	0	269	0	0	0	CR	MAX	ASTEPPER.jpg	ASTEPPER.jpg	NOKEY	MAX	NOKEY
1446655516887	0	lts_1104C_18_01	18	01	0	270	2	1	1	Hit	567	2-10/26432217.thl.jpg	26432217.thl.jpg	SPACE	602	SPACE
1446655519963	0	lts_1104C_18_01	18	01	0	271	0	0	0	CR	MAX	32/Ahighlightin2.jpg	Ahighlightin2.jpg	NOKEY	MAX	NOKEY
1446655521067	0	lts_1104C_18_01	18	01	0	272	32	1	1	Hit	634	32-6/AMECHHAN3.jpg	AMECHHAN3.jpg	SPACE	670	SPACE
1446655524143	0	lts_1104C_18_01	18	01	0	273	0	0	0	CR	MAX	16/26431395.thl.jpg	26431395.thl.jpg	NOKEY	MAX	NOKEY
1446655525163	0	lts_1104C_18_01	18	01	0	274	16	1	1	Hit	539	16-mul/celery.jpg	celery.jpg	SPACE	584	SPACE
1446655528256	0	lts_1104C_18_01	18	01	0	275	0	0	0	CR	MAX	AMINITRE7.jpg	AMINITRE7.jpg	NOKEY	MAX	NOKEY
1446655531332	0	lts_1104C_18_01	18	01	0	276	0	0	0	CR	MAX	26429137.thl.jpg	26429137.thl.jpg	NOKEY	MAX	NOKEY
1446655534424	0	lts_1104C_18_01	18	01	0	277	0	0	0	CR	MAX	ACAROSLI2.jpg	ACAROSLI2.jpg	NOKEY	MAX	NOKEY
1446655537501	0	lts_1104C_18_01	18	01	0	278	0	0	0	CR	MAX	ATOILROL2.jpg	ATOILROL2.jpg	NOKEY	MAX	NOKEY
1446655540577	0	lts_1104C_18_01	18	01	0	279	0	0	0	CR	MAX	Amatplate.jpg	Amatplate.jpg	NOKEY	MAX	NOKEY
1446655543653	0	lts_1104C_18_01	18	01	0	280	0	0	0	CR	MAX	Abikinitop5.jpg	Abikinitop5.jpg	NOKEY	MAX	NOKEY
1446655546728	0	lts_1104C_18_01	18	01	0	281	0	0	0	CR	MAX	APIRAFLAG.jpg	APIRAFLAG.jpg	NOKEY	MAX	NOKEY
1446655547898	0	lts_1104C_18_01	18	01	0	282	128	1	1	Hit	701	128-3/Achowchowdog.jpg	Achowchowdog.jpg	SPACE	737	SPACE
1446655550974	0	lts_1104C_18_01	18	01	0	283	0	0	0	CR	MAX	2/8249141.thl.jpg	8249141.thl.jpg	NOKEY	MAX	NOKEY
1446655554068	0	lts_1104C_18_01	18	01	0	284	0	0	0	CR	MAX	ACHEESLIC.jpg	ACHEESLIC.jpg	NOKEY	MAX	NOKEY
1446655555222	0	lts_1104C_18_01	18	01	0	285	2	1	1	Hit	668	2-1/8249141.thl.jpg	8249141.thl.jpg	SPACE	718	SPACE
1446655558297	0	lts_1104C_18_01	18	01	0	286	0	0	0	CR	MAX	ACOPPAN10.jpg	ACOPPAN10.jpg	NOKEY	MAX	NOKEY
1446655561374	0	lts_1104C_18_01	18	01	0	287	0	0	0	CR	MAX	ASHOULDE4.jpg	ASHOULDE4.jpg	NOKEY	MAX	NOKEY
1446655564450	0	lts_1104C_18_01	18	01	0	288	0	0	0	CR	MAX	Abird5.jpg	Abird5.jpg	NOKEY	MAX	NOKEY
1446655565520	0	lts_1104C_18_01	18	01	0	289	16	1	1	Hit	600	16-first/26431395.thl.jpg	26431395.thl.jpg	SPACE	635	SPACE
1446655568596	0	lts_1104C_18_01	18	01	0	290	0	0	0	CR	MAX	23041782.thl.jpg	23041782.thl.jpg	NOKEY	MAX	NOKEY
1446655569548	0	lts_1104C_18_01	18	01	0	291	2	1	1	Hit	469	2-mul/26431395.thl.jpg	26431395.thl.jpg	SPACE	518	SPACE
1446655572625	0	lts_1104C_18_01	18	01	0	292	0	0	0	CR	MAX	16/23051010.thl.jpg	23051010.thl.jpg	NOKEY	MAX	NOKEY
1446655575716	0	lts_1104C_18_01	18	01	0	293	0	0	0	CR	MAX	gondola.jpg	gondola.jpg	NOKEY	MAX	NOKEY
1446655578793	0	lts_1104C_18_01	18	01	0	294	0	0	0	CR	MAX	128/Abutterdish.jpg	Abutterdish.jpg	NOKEY	MAX	NOKEY
1446655581885	0	lts_1104C_18_01	18	01	0	295	0	0	0	CR	MAX	26428753.thl.jpg	26428753.thl.jpg	NOKEY	MAX	NOKEY
1446655584511	0	lts_1104C_18_01	18	01	0	296	128	1	1	Hit	2147	128-7/Atoyfurnitu14.jpg	Atoyfurnitu14.jpg	SPACE	2191	SPACE
1446655587587	0	lts_1104C_18_01	18	01	0	297	0	0	0	CR	MAX	A1OCLOC2.jpg	A1OCLOC2.jpg	NOKEY	MAX	NOKEY
1446655590662	0	lts_1104C_18_01	18	01	0	298	0	0	0	CR	MAX	10050937.thl.jpg	10050937.thl.jpg	NOKEY	MAX	NOKEY
1446655593755	0	lts_1104C_18_01	18	01	0	299	0	0	0	CR	MAX	Aornamentalt5.jpg	Aornamentalt5.jpg	NOKEY	MAX	NOKEY
1446655596831	0	lts_1104C_18_01	18	01	0	300	0	0	0	CR	MAX	AGREENPEP.jpg	AGREENPEP.jpg	NOKEY	MAX	NOKEY
1446655599907	0	lts_1104C_18_01	18	01	0	301	0	0	0	CR	MAX	4/Apercussion16.jpg	Apercussion16.jpg	NOKEY	MAX	NOKEY
1446655602983	0	lts_1104C_18_01	18	01	0	302	0	0	0	CR	MAX	Abutterchurn5.jpg	Abutterchurn5.jpg	NOKEY	MAX	NOKEY
1446655604087	0	lts_1104C_18_01	18	01	0	303	32	1	1	Hit	632	32-1/Ahighlightin2.jpg	Ahighlightin2.jpg	SPACE	667	SPACE
1446655607163	0	lts_1104C_18_01	18	01	0	304	0	0	0	CR	MAX	gymbench.jpg	gymbench.jpg	NOKEY	MAX	NOKEY
1446655608183	0	lts_1104C_18_01	18	01	0	305	4	1	1	Hit	533	4-10/Apercussion16.jpg	Apercussion16.jpg	SPACE	584	SPACE
1446655611259	0	lts_1104C_18_01	18	01	0	306	0	0	0	CR	MAX	lollipops.jpg	lollipops.jpg	NOKEY	MAX	NOKEY
1446655614352	0	lts_1104C_18_01	18	01	0	307	0	0	0	CR	MAX	FJVWL.jpg	FJVWL.jpg	NOKEY	MAX	NOKEY
1446655616024	0	lts_1104C_18_01	18	01	0	308	16	1	1	Hit	1188	16-first/23051010.thl.jpg	23051010.thl.jpg	SPACE	1237	SPACE
1446655619100	0	lts_1104C_18_01	18	01	0	309	0	0	0	CR	MAX	promdress.jpg	promdress.jpg	NOKEY	MAX	NOKEY
1446655622176	0	lts_1104C_18_01	18	01	0	310	0	0	0	CR	MAX	Aboxofnotepa4.jpg	Aboxofnotepa4.jpg	NOKEY	MAX	NOKEY
1446655623313	0	lts_1104C_18_01	18	01	0	311	128	1	1	Hit	654	128-2/kimono.jpg	kimono.jpg	SPACE	701	SPACE
1446655626389	0	lts_1104C_18_01	18	01	0	312	0	0	0	CR	MAX	AANTOAST3.jpg	AANTOAST3.jpg	NOKEY	MAX	NOKEY
1446655629465	0	lts_1104C_18_01	18	01	0	313	0	0	0	CR	MAX	AMEATGR14.jpg	AMEATGR14.jpg	NOKEY	MAX	NOKEY
1446655630785	0	lts_1104C_18_01	18	01	0	314	128	1	1	Hit	841	128-6/ACPU2.jpg	ACPU2.jpg	SPACE	887	SPACE
1446655633861	0	lts_1104C_18_01	18	01	0	315	0	0	0	CR	MAX	1/8019781.thl.jpg	8019781.thl.jpg	NOKEY	MAX	NOKEY
1446655634747	0	lts_1104C_18_01	18	01	0	316	1	1	1	Hit	413	1-14/8019781.thl.jpg	8019781.thl.jpg	SPACE	453	SPACE
1446655637823	0	lts_1104C_18_01	18	01	0	317	0	0	0	CR	MAX	128/26374135.thl.jpg	26374135.thl.jpg	NOKEY	MAX	NOKEY
1446655640899	0	lts_1104C_18_01	18	01	0	318	0	0	0	CR	MAX	hurdle.jpg	hurdle.jpg	NOKEY	MAX	NOKEY
1446655642020	0	lts_1104C_18_01	18	01	0	319	128	1	1	Hit	642	128-4/ipod01.jpg	ipod01.jpg	SPACE	687	SPACE
1446655645113	0	lts_1104C_18_01	18	01	0	320	0	0	0	CR	MAX	ASALINES5.jpg	ASALINES5.jpg	NOKEY	MAX	NOKEY
1446655648189	0	lts_1104C_18_01	18	01	0	321	0	0	0	CR	MAX	Atoychameleo2.jpg	Atoychameleo2.jpg	NOKEY	MAX	NOKEY
1446655651349	0	lts_1104C_18_01	18	01	0	322	0	0	0	CR	MAX	ATROWEL2.jpg	ATROWEL2.jpg	NOKEY	MAX	NOKEY
1446655654441	0	lts_1104C_18_01	18	01	0	323	0	0	0	CR	MAX	Awinecase.jpg	Awinecase.jpg	NOKEY	MAX	NOKEY
1446655655694	0	lts_1104C_18_01	18	01	0	324	16	1	1	Hit	769	16-mul/23051010.thl.jpg	23051010.thl.jpg	SPACE	819	SPACE
1446655658770	0	lts_1104C_18_01	18	01	0	325	0	0	0	CR	MAX	4/Anailbrush3.jpg	Anailbrush3.jpg	NOKEY	MAX	NOKEY
1446655661846	0	lts_1104C_18_01	18	01	0	326	0	0	0	CR	MAX	ATHERMO12.jpg	ATHERMO12.jpg	NOKEY	MAX	NOKEY
1446655662900	0	lts_1104C_18_01	18	01	0	327	64	1	1	Hit	582	64-first/ACOLOGNE.jpg	ACOLOGNE.jpg	SPACE	619	SPACE
1446655665976	0	lts_1104C_18_01	18	01	0	328	0	0	0	CR	MAX	Abottleofchi2.jpg	Abottleofchi2.jpg	NOKEY	MAX	NOKEY
1446655666912	0	lts_1104C_18_01	18	01	0	329	4	1	1	Hit	455	4-6/Anailbrush3.jpg	Anailbrush3.jpg	SPACE	503	SPACE
1446655669988	0	lts_1104C_18_01	18	01	0	330	0	0	0	CR	MAX	Ascientificm2.jpg	Ascientificm2.jpg	NOKEY	MAX	NOKEY
1446655673082	0	lts_1104C_18_01	18	01	0	331	0	0	0	CR	MAX	AAIRGAUGE.jpg	AAIRGAUGE.jpg	NOKEY	MAX	NOKEY
1446655676158	0	lts_1104C_18_01	18	01	0	332	0	0	0	CR	MAX	64/babyseatback.jpg	babyseatback.jpg	NOKEY	MAX	NOKEY
1446655679234	0	lts_1104C_18_01	18	01	0	333	0	0	0	CR	MAX	AHEADSET.jpg	AHEADSET.jpg	NOKEY	MAX	NOKEY
1446655682310	0	lts_1104C_18_01	18	01	0	334	0	0	0	CR	MAX	ABLUBLOTT.jpg	ABLUBLOTT.jpg	NOKEY	MAX	NOKEY
1446655685386	0	lts_1104C_18_01	18	01	0	335	0	0	0	CR	MAX	Apaintedwood3.jpg	Apaintedwood3.jpg	NOKEY	MAX	NOKEY
1446655688462	0	lts_1104C_18_01	18	01	0	336	0	0	0	CR	MAX	Agreencup2.jpg	Agreencup2.jpg	NOKEY	MAX	NOKEY
1446655691538	0	lts_1104C_18_01	18	01	0	337	0	0	0	CR	MAX	22856988.thl.jpg	22856988.thl.jpg	NOKEY	MAX	NOKEY
1446655694614	0	lts_1104C_18_01	18	01	0	338	0	0	0	CR	MAX	22853544.thl.jpg	22853544.thl.jpg	NOKEY	MAX	NOKEY
1446655697689	0	lts_1104C_18_01	18	01	0	339	0	0	0	CR	MAX	Achair485.jpg	Achair485.jpg	NOKEY	MAX	NOKEY
1446655700765	0	lts_1104C_18_01	18	01	0	340	0	0	0	CR	MAX	ABROWNBAG.jpg	ABROWNBAG.jpg	NOKEY	MAX	NOKEY
1446655703858	0	lts_1104C_18_01	18	01	0	341	0	0	0	CR	MAX	26421382.thl.jpg	26421382.thl.jpg	NOKEY	MAX	NOKEY
1446655706934	0	lts_1104C_18_01	18	01	0	342	0	0	0	CR	MAX	Ajuicer9.jpg	Ajuicer9.jpg	NOKEY	MAX	NOKEY
1446655708005	0	lts_1104C_18_01	18	01	0	343	16	1	1	Hit	594	16-mul/ACOLOGNE.jpg	ACOLOGNE.jpg	SPACE	636	SPACE
1446655711081	0	lts_1104C_18_01	18	01	0	344	0	0	0	CR	MAX	4/Alogholder.jpg	Alogholder.jpg	NOKEY	MAX	NOKEY
1446655714157	0	lts_1104C_18_01	18	01	0	345	0	0	0	CR	MAX	ALAZQUART.jpg	ALAZQUART.jpg	NOKEY	MAX	NOKEY
1446655717233	0	lts_1104C_18_01	18	01	0	346	0	0	0	CR	MAX	26466258.thl.jpg	26466258.thl.jpg	NOKEY	MAX	NOKEY
1446655720309	0	lts_1104C_18_01	18	01	0	347	0	0	0	CR	MAX	32/barssport.jpg	barssport.jpg	NOKEY	MAX	NOKEY
1446655721463	0	lts_1104C_18_01	18	01	0	348	4	1	1	Hit	669	4-7/Alogholder.jpg	Alogholder.jpg	SPACE	719	SPACE
1446655724539	0	lts_1104C_18_01	18	01	0	349	0	0	0	CR	MAX	1/turnip.jpg	turnip.jpg	NOKEY	MAX	NOKEY
1446655725375	0	lts_1104C_18_01	18	01	0	350	1	1	1	Hit	355	1-2/turnip.jpg	turnip.jpg	SPACE	401	SPACE
1446655728451	0	lts_1104C_18_01	18	01	0	351	0	0	0	CR	MAX	ABACCAMEL.jpg	ABACCAMEL.jpg	NOKEY	MAX	NOKEY
1446655731527	0	lts_1104C_18_01	18	01	0	352	0	0	0	CR	MAX	weddingdress.jpg	weddingdress.jpg	NOKEY	MAX	NOKEY
1446655734620	0	lts_1104C_18_01	18	01	0	353	0	0	0	CR	MAX	8/petfood.jpg	petfood.jpg	NOKEY	MAX	NOKEY
1446655737695	0	lts_1104C_18_01	18	01	0	354	0	0	0	CR	MAX	headcomb1.jpg	headcomb1.jpg	NOKEY	MAX	NOKEY
1446655740771	0	lts_1104C_18_01	18	01	0	355	0	0	0	CR	MAX	32/APROSTAR2.jpg	APROSTAR2.jpg	NOKEY	MAX	NOKEY
1446655743847	0	lts_1104C_18_01	18	01	0	356	0	0	0	CR	MAX	Apartyha3.jpg	Apartyha3.jpg	NOKEY	MAX	NOKEY
1446655746923	0	lts_1104C_18_01	18	01	0	357	0	0	0	CR	MAX	26377631.thl.jpg	26377631.thl.jpg	NOKEY	MAX	NOKEY
1446655750000	0	lts_1104C_18_01	18	01	0	358	0	0	0	CR	MAX	cannoli.jpg	cannoli.jpg	NOKEY	MAX	NOKEY
1446655753076	0	lts_1104C_18_01	18	01	0	359	0	0	0	CR	MAX	8/patioheater.jpg	patioheater.jpg	NOKEY	MAX	NOKEY
1446655756152	0	lts_1104C_18_01	18	01	0	360	0	0	0	CR	MAX	ACURLINGI.jpg	ACURLINGI.jpg	NOKEY	MAX	NOKEY
1446655757272	0	lts_1104C_18_01	18	01	0	361	8	1	1	Hit	648	8-first/petfood.jpg	petfood.jpg	SPACE	684	SPACE
1446655760348	0	lts_1104C_18_01	18	01	0	362	0	0	0	CR	MAX	Ababydec4.jpg	Ababydec4.jpg	NOKEY	MAX	NOKEY
1446655763441	0	lts_1104C_18_01	18	01	0	363	0	0	0	CR	MAX	22870356.thl.jpg	22870356.thl.jpg	NOKEY	MAX	NOKEY
1446655766517	0	lts_1104C_18_01	18	01	0	364	0	0	0	CR	MAX	snail.jpg	snail.jpg	NOKEY	MAX	NOKEY
1446655767437	0	lts_1104C_18_01	18	01	0	365	4	1	1	Hit	438	4-mul/petfood.jpg	petfood.jpg	SPACE	485	SPACE
1446655770513	0	lts_1104C_18_01	18	01	0	366	0	0	0	CR	MAX	Alaundrybask2.jpg	Alaundrybask2.jpg	NOKEY	MAX	NOKEY
1446655771583	0	lts_1104C_18_01	18	01	0	367	8	1	1	Hit	585	8-first/patioheater.jpg	patioheater.jpg	SPACE	635	SPACE
1446655774658	0	lts_1104C_18_01	18	01	0	368	0	0	0	CR	MAX	ABABYCUP3.jpg	ABABYCUP3.jpg	NOKEY	MAX	NOKEY
1446655777734	0	lts_1104C_18_01	18	01	0	369	0	0	0	CR	MAX	ABROOCH53.jpg	ABROOCH53.jpg	NOKEY	MAX	NOKEY
1446655780810	0	lts_1104C_18_01	18	01	0	370	0	0	0	CR	MAX	AATOMODEL.jpg	AATOMODEL.jpg	NOKEY	MAX	NOKEY
1446655781863	0	lts_1104C_18_01	18	01	0	371	4	1	1	Hit	585	4-mul/patioheater.jpg	patioheater.jpg	SPACE	620	SPACE
1446655784939	0	lts_1104C_18_01	18	01	0	372	0	0	0	CR	MAX	Asafetybelt.jpg	Asafetybelt.jpg	NOKEY	MAX	NOKEY
1446655788016	0	lts_1104C_18_01	18	01	0	373	0	0	0	CR	MAX	AWATERING.jpg	AWATERING.jpg	NOKEY	MAX	NOKEY
1446655791226	0	lts_1104C_18_01	18	01	0	374	0	0	0	CR	MAX	26442809.thl.jpg	26442809.thl.jpg	NOKEY	MAX	NOKEY
1446655794302	0	lts_1104C_18_01	18	01	0	375	0	0	0	CR	MAX	8/26443034.thl.jpg	26443034.thl.jpg	NOKEY	MAX	NOKEY
1446655797395	0	lts_1104C_18_01	18	01	0	376	0	0	0	CR	MAX	1/Adrinkinggl21.jpg	Adrinkinggl21.jpg	NOKEY	MAX	NOKEY
1446655798247	0	lts_1104C_18_01	18	01	0	377	1	1	1	Hit	378	1-0/Adrinkinggl21.jpg	Adrinkinggl21.jpg	SPACE	417	SPACE
1446655801324	0	lts_1104C_18_01	18	01	0	378	0	0	0	CR	MAX	AMINCOLLE.jpg	AMINCOLLE.jpg	NOKEY	MAX	NOKEY
1446655802343	0	lts_1104C_18_01	18	01	0	379	32	1	1	Hit	540	32-3/barssport.jpg	barssport.jpg	SPACE	584	SPACE
1446655805419	0	lts_1104C_18_01	18	01	0	380	0	0	0	CR	MAX	26372390.thl.jpg	26372390.thl.jpg	NOKEY	MAX	NOKEY
1446655808495	0	lts_1104C_18_01	18	01	0	381	0	0	0	CR	MAX	Akiwifruit6.jpg	Akiwifruit6.jpg	NOKEY	MAX	NOKEY
1446655811572	0	lts_1104C_18_01	18	01	0	382	0	0	0	CR	MAX	8245207.thl.jpg	8245207.thl.jpg	NOKEY	MAX	NOKEY
1446655812625	0	lts_1104C_18_01	18	01	0	383	8	1	1	Hit	581	8-first/26443034.thl.jpg	26443034.thl.jpg	SPACE	618	SPACE
1446655815700	0	lts_1104C_18_01	18	01	0	384	0	0	0	CR	MAX	Astatueofwo29.jpg	Astatueofwo29.jpg	NOKEY	MAX	NOKEY
1446655816686	0	lts_1104C_18_01	18	01	0	385	2	1	1	Hit	513	2-mul/26443034.thl.jpg	26443034.thl.jpg	SPACE	553	SPACE
1446655819762	0	lts_1104C_18_01	18	01	0	386	0	0	0	CR	MAX	ASLIDVIE2.jpg	ASLIDVIE2.jpg	NOKEY	MAX	NOKEY
1446655820732	0	lts_1104C_18_01	18	01	0	387	32	1	1	Hit	497	32-4/APROSTAR2.jpg	APROSTAR2.jpg	SPACE	536	SPACE
1446655823825	0	lts_1104C_18_01	18	01	0	388	0	0	0	CR	MAX	4/Ahandbag50.jpg	Ahandbag50.jpg	NOKEY	MAX	NOKEY
1446655826917	0	lts_1104C_18_01	18	01	0	389	0	0	0	CR	MAX	Agiraffetoy3.jpg	Agiraffetoy3.jpg	NOKEY	MAX	NOKEY
1446655829993	0	lts_1104C_18_01	18	01	0	390	0	0	0	CR	MAX	Adigitalcamer.jpg	Adigitalcamer.jpg	NOKEY	MAX	NOKEY
1446655832201	0	lts_1104C_18_01	18	01	0	391	0	0	1	FA	1722	Ascroll7.jpg	Ascroll7.jpg	SPACE	1771	NOKEY
1446655833321	0	lts_1104C_18_01	18	01	0	392	4	1	1	Hit	644	4-11/Ahandbag50.jpg	Ahandbag50.jpg	SPACE	684	SPACE
1446655836397	0	lts_1104C_18_01	18	01	0	393	0	0	0	CR	MAX	1/Aflower102.jpg	Aflower102.jpg	NOKEY	MAX	NOKEY
1446655837367	0	lts_1104C_18_01	18	01	0	394	1	1	1	Hit	500	1-1/Aflower102.jpg	Aflower102.jpg	SPACE	534	SPACE
1446655840443	0	lts_1104C_18_01	18	01	0	395	0	0	0	CR	MAX	Agardeningpai.jpg	Agardeningpai.jpg	NOKEY	MAX	NOKEY
1446655841813	0	lts_1104C_18_01	18	01	0	396	64	1	1	Hit	889	64-first/babyseatback.jpg	babyseatback.jpg	SPACE	937	SPACE
1446655844889	0	lts_1104C_18_01	18	01	0	397	0	0	0	CR	MAX	26378986.thl.jpg	26378986.thl.jpg	NOKEY	MAX	NOKEY
1446655847965	0	lts_1104C_18_01	18	01	0	398	0	0	0	CR	MAX	sntslrc.jpg	sntslrc.jpg	NOKEY	MAX	NOKEY
1446655851042	0	lts_1104C_18_01	18	01	0	399	0	0	0	CR	MAX	32/Abrooch100.jpg	Abrooch100.jpg	NOKEY	MAX	NOKEY
1446655852079	0	lts_1104C_18_01	18	01	0	400	4	1	1	Hit	563	4-mul/babyseatback.jpg	babyseatback.jpg	SPACE	601	SPACE
1446655855171	0	lts_1104C_18_01	18	01	0	401	0	0	0	CR	MAX	2/26372669.thl.jpg	26372669.thl.jpg	NOKEY	MAX	NOKEY
1446655858264	0	lts_1104C_18_01	18	01	0	402	0	0	0	CR	MAX	Awhistl15.jpg	Awhistl15.jpg	NOKEY	MAX	NOKEY
1446655859401	0	lts_1104C_18_01	18	01	0	403	2	1	1	Hit	662	2-6/26372669.thl.jpg	26372669.thl.jpg	SPACE	701	SPACE
1446655862477	0	lts_1104C_18_01	18	01	0	404	0	0	0	CR	MAX	8/AGLASSEY5.jpg	AGLASSEY5.jpg	NOKEY	MAX	NOKEY
1446655865553	0	lts_1104C_18_01	18	01	0	405	0	0	0	CR	MAX	Apackage3.jpg	Apackage3.jpg	NOKEY	MAX	NOKEY
1446655868629	0	lts_1104C_18_01	18	01	0	406	0	0	0	CR	MAX	32/ATELEPH12.jpg	ATELEPH12.jpg	NOKEY	MAX	NOKEY
1446655869932	0	lts_1104C_18_01	18	01	0	407	0	0	1	FA	821	ASATELLIT.jpg	ASATELLIT.jpg	SPACE	869	NOKEY
1446655873009	0	lts_1104C_18_01	18	01	0	408	0	0	0	CR	MAX	AMEASDEVI.jpg	AMEASDEVI.jpg	NOKEY	MAX	NOKEY
1446655876085	0	lts_1104C_18_01	18	01	0	409	0	0	0	CR	MAX	16/AELEAGEN3.jpg	AELEAGEN3.jpg	NOKEY	MAX	NOKEY
1446655879161	0	lts_1104C_18_01	18	01	0	410	0	0	0	CR	MAX	ASMOKDE16.jpg	ASMOKDE16.jpg	NOKEY	MAX	NOKEY
1446655882271	0	lts_1104C_18_01	18	01	0	411	0	0	0	CR	MAX	22824840.thl.jpg	22824840.thl.jpg	NOKEY	MAX	NOKEY
1446655883424	0	lts_1104C_18_01	18	01	0	412	8	1	1	Hit	678	8-first/AGLASSEY5.jpg	AGLASSEY5.jpg	SPACE	719	SPACE
1446655886517	0	lts_1104C_18_01	18	01	0	413	0	0	0	CR	MAX	26687944.thl.jpg	26687944.thl.jpg	NOKEY	MAX	NOKEY
1446655887420	0	lts_1104C_18_01	18	01	0	414	2	1	1	Hit	430	2-mul/AGLASSEY5.jpg	AGLASSEY5.jpg	SPACE	468	SPACE
1446655890496	0	lts_1104C_18_01	18	01	0	415	0	0	0	CR	MAX	4/26439074.thl.jpg	26439074.thl.jpg	NOKEY	MAX	NOKEY
1446655893572	0	lts_1104C_18_01	18	01	0	416	0	0	0	CR	MAX	ANECTARI3.jpg	ANECTARI3.jpg	NOKEY	MAX	NOKEY
1446655896648	0	lts_1104C_18_01	18	01	0	417	0	0	0	CR	MAX	D_golfcart.jpg	D_golfcart.jpg	NOKEY	MAX	NOKEY
1446655899723	0	lts_1104C_18_01	18	01	0	418	0	0	0	CR	MAX	Apedestal3.jpg	Apedestal3.jpg	NOKEY	MAX	NOKEY
1446655900927	0	lts_1104C_18_01	18	01	0	419	4	1	1	Hit	726	4-0/26439074.thl.jpg	26439074.thl.jpg	SPACE	770	SPACE
1446655904004	0	lts_1104C_18_01	18	01	0	420	0	0	0	CR	MAX	16/sportsbasket.jpg	sportsbasket.jpg	NOKEY	MAX	NOKEY
1446655907080	0	lts_1104C_18_01	18	01	0	421	0	0	0	CR	MAX	Aelectricgri3.jpg	Aelectricgri3.jpg	NOKEY	MAX	NOKEY
1446655909036	0	lts_1104C_18_01	18	01	0	422	128	1	1	Hit	1476	128-0/Abutterdish.jpg	Abutterdish.jpg	SPACE	1522	SPACE
1446655912112	0	lts_1104C_18_01	18	01	0	423	0	0	0	CR	MAX	26437074.thl.jpg	26437074.thl.jpg	NOKEY	MAX	NOKEY
1446655915188	0	lts_1104C_18_01	18	01	0	424	0	0	0	CR	MAX	Amilkcrate2.jpg	Amilkcrate2.jpg	NOKEY	MAX	NOKEY
1446655916509	0	lts_1104C_18_01	18	01	0	425	16	1	1	Hit	837	16-first/AELEAGEN3.jpg	AELEAGEN3.jpg	SPACE	886	SPACE
1446655919585	0	lts_1104C_18_01	18	01	0	426	0	0	0	CR	MAX	26456480.thl.jpg	26456480.thl.jpg	NOKEY	MAX	NOKEY
1446655922677	0	lts_1104C_18_01	18	01	0	427	0	0	0	CR	MAX	1/22911908.thl.jpg	22911908.thl.jpg	NOKEY	MAX	NOKEY
1446655923647	0	lts_1104C_18_01	18	01	0	428	1	1	1	Hit	486	1-4/22911908.thl.jpg	22911908.thl.jpg	SPACE	536	SPACE
1446655926722	0	lts_1104C_18_01	18	01	0	429	0	0	0	CR	MAX	4/saltpeppershakerjpg.jpg	saltpeppershakerjpg.jpg	NOKEY	MAX	NOKEY
1446655927826	0	lts_1104C_18_01	18	01	0	430	0	0	1	FA	633	8079958.thl.jpg	8079958.thl.jpg	SPACE	670	NOKEY
1446655928912	0	lts_1104C_18_01	18	01	0	431	32	1	1	Hit	614	32-2/Abrooch100.jpg	Abrooch100.jpg	SPACE	653	SPACE
1446655931988	0	lts_1104C_18_01	18	01	0	432	0	0	0	CR	MAX	gymvaulting.jpg	gymvaulting.jpg	NOKEY	MAX	NOKEY
1446655932975	0	lts_1104C_18_01	18	01	0	433	4	1	1	Hit	503	4-5/saltpeppershakerjpg.jpg	saltpeppershakerjpg.jpg	SPACE	552	SPACE
1446655936052	0	lts_1104C_18_01	18	01	0	434	0	0	0	CR	MAX	APIPEST18.jpg	APIPEST18.jpg	NOKEY	MAX	NOKEY
1446655939128	0	lts_1104C_18_01	18	01	0	435	0	0	0	CR	MAX	AHORSHOE2.jpg	AHORSHOE2.jpg	NOKEY	MAX	NOKEY
1446655942204	0	lts_1104C_18_01	18	01	0	436	16	1	0	Miss	MAX	16-0/sportsbasket.jpg	sportsbasket.jpg	NOKEY	MAX	SPACE
1446655945280	0	lts_1104C_18_01	18	01	0	437	0	0	0	CR	MAX	8068401.thl.jpg	8068401.thl.jpg	NOKEY	MAX	NOKEY
1446655947787	0	lts_1104C_18_01	18	01	0	438	32	1	1	Hit	2006	32-0/ATELEPH12.jpg	ATELEPH12.jpg	SPACE	2056	SPACE
1446655950879	0	lts_1104C_18_01	18	01	0	439	0	0	0	CR	MAX	ABLAKBEN2.jpg	ABLAKBEN2.jpg	NOKEY	MAX	NOKEY
1446655953956	0	lts_1104C_18_01	18	01	0	440	0	0	0	CR	MAX	whiteboard.jpg	whiteboard.jpg	NOKEY	MAX	NOKEY
1446655955043	0	lts_1104C_18_01	18	01	0	441	16	1	1	Hit	614	16-mul/AELEAGEN3.jpg	AELEAGEN3.jpg	SPACE	653	SPACE
1446655956230	0	lts_1104C_18_01	18	01	0	442	0	0	1	FA	708	APARSLEY.jpg	APARSLEY.jpg	SPACE	751	NOKEY
1446655959306	0	lts_1104C_18_01	18	01	0	443	0	0	0	CR	MAX	ADINROO16.jpg	ADINROO16.jpg	NOKEY	MAX	NOKEY
1446655962382	0	lts_1104C_18_01	18	01	0	444	0	0	0	CR	MAX	dftslturapr.jpg	dftslturapr.jpg	NOKEY	MAX	NOKEY
1446655963936	0	lts_1104C_18_01	18	01	0	445	128	1	1	Hit	1071	128-5/26374135.thl.jpg	26374135.thl.jpg	SPACE	1120	SPACE
1446655967013	0	lts_1104C_18_01	18	01	0	446	0	0	0	CR	MAX	AEGGHOLDE.jpg	AEGGHOLDE.jpg	NOKEY	MAX	NOKEY
1446655970089	0	lts_1104C_18_01	18	01	0	447	0	0	0	CR	MAX	Ablackboardw3.jpg	Ablackboardw3.jpg	NOKEY	MAX	NOKEY
1446655973182	0	lts_1104C_18_01	18	01	0	448	0	0	0	CR	MAX	Afrenchtoast5.jpg	Afrenchtoast5.jpg	NOKEY	MAX	NOKEY
1446655976258	0	lts_1104C_18_01	18	01	0	449	0	0	0	CR	MAX	ABUFFALO.jpg	ABUFFALO.jpg	NOKEY	MAX	NOKEY
1446656009776	0	lts_1104C_18_01	18	01	1	0	0	0	0	CR	MAX	AMETICUBE.jpg	AMETICUBE.jpg	NOKEY	MAX	NOKEY
1446656012869	0	lts_1104C_18_01	18	01	1	1	0	0	0	CR	MAX	AARTMELON.jpg	AARTMELON.jpg	NOKEY	MAX	NOKEY
1446656015945	0	lts_1104C_18_01	18	01	1	2	0	0	0	CR	MAX	26455183.thl.jpg	26455183.thl.jpg	NOKEY	MAX	NOKEY
1446656019022	0	lts_1104C_18_01	18	01	1	3	0	0	0	CR	MAX	ASEASH8.jpg	ASEASH8.jpg	NOKEY	MAX	NOKEY
1446656022098	0	lts_1104C_18_01	18	01	1	4	0	0	0	CR	MAX	32/8079080.thl.jpg	8079080.thl.jpg	NOKEY	MAX	NOKEY
1446656025174	0	lts_1104C_18_01	18	01	1	5	0	0	0	CR	MAX	2/ACHOPSTI2.jpg	ACHOPSTI2.jpg	NOKEY	MAX	NOKEY
1446656028250	0	lts_1104C_18_01	18	01	1	6	0	0	0	CR	MAX	8/Abowloffruit5.jpg	Abowloffruit5.jpg	NOKEY	MAX	NOKEY
1446656029287	0	lts_1104C_18_01	18	01	1	7	2	1	1	Hit	551	2-7/ACHOPSTI2.jpg	ACHOPSTI2.jpg	SPACE	601	SPACE
1446656032363	0	lts_1104C_18_01	18	01	1	8	0	0	0	CR	MAX	Amouthpiece4.jpg	Amouthpiece4.jpg	NOKEY	MAX	NOKEY
1446656035456	0	lts_1104C_18_01	18	01	1	9	0	0	0	CR	MAX	26433387.thl.jpg	26433387.thl.jpg	NOKEY	MAX	NOKEY
1446656038532	0	lts_1104C_18_01	18	01	1	10	0	0	0	CR	MAX	64/A3leafcl4.jpg	A3leafcl4.jpg	NOKEY	MAX	NOKEY
1446656041608	0	lts_1104C_18_01	18	01	1	11	32	1	0	Miss	MAX	32/keys-a.jpg	keys-a.jpg	NOKEY	MAX	SPACE
1446656044683	0	lts_1104C_18_01	18	01	1	12	0	0	0	CR	MAX	26431848.thl.jpg	26431848.thl.jpg	NOKEY	MAX	NOKEY
1446656047759	0	lts_1104C_18_01	18	01	1	13	0	0	0	CR	MAX	8055554.thl.jpg	8055554.thl.jpg	NOKEY	MAX	NOKEY
1446656048862	0	lts_1104C_18_01	18	01	1	14	8	1	1	Hit	629	8-first/Abowloffruit5.jpg	Abowloffruit5.jpg	SPACE	670	SPACE
1446656051955	0	lts_1104C_18_01	18	01	1	15	0	0	0	CR	MAX	APEPPSHA4.jpg	APEPPSHA4.jpg	NOKEY	MAX	NOKEY
1446656055032	0	lts_1104C_18_01	18	01	1	16	0	0	0	CR	MAX	AWATERCO4.jpg	AWATERCO4.jpg	NOKEY	MAX	NOKEY
1446656058108	0	lts_1104C_18_01	18	01	1	17	0	0	0	CR	MAX	128/Abandleaders2.jpg	Abandleaders2.jpg	NOKEY	MAX	NOKEY
1446656059028	0	lts_1104C_18_01	18	01	1	18	4	1	1	Hit	449	4-mul/Abowloffruit5.jpg	Abowloffruit5.jpg	SPACE	485	SPACE
1446656062104	0	lts_1104C_18_01	18	01	1	19	0	0	0	CR	MAX	AWASMACH.jpg	AWASMACH.jpg	NOKEY	MAX	NOKEY
1446656065180	0	lts_1104C_18_01	18	01	1	20	0	0	0	CR	MAX	4/Awatch28.jpg	Awatch28.jpg	NOKEY	MAX	NOKEY
1446656066350	0	lts_1104C_18_01	18	01	1	21	0	0	1	FA	676	Areindeer2.jpg	Areindeer2.jpg	SPACE	718	NOKEY
1446656069426	0	lts_1104C_18_01	18	01	1	22	0	0	0	CR	MAX	ABAROMET2.jpg	ABAROMET2.jpg	NOKEY	MAX	NOKEY
1446656072502	0	lts_1104C_18_01	18	01	1	23	0	0	0	CR	MAX	23025307.thl.jpg	23025307.thl.jpg	NOKEY	MAX	NOKEY
1446656073606	0	lts_1104C_18_01	18	01	1	24	4	1	1	Hit	622	4-12/Awatch28.jpg	Awatch28.jpg	SPACE	668	SPACE
1446656076681	0	lts_1104C_18_01	18	01	1	25	0	0	0	CR	MAX	64/AMAGGLASS.jpg	AMAGGLASS.jpg	NOKEY	MAX	NOKEY
1446656079757	0	lts_1104C_18_01	18	01	1	26	0	0	0	CR	MAX	8/A95CHEROK.jpg	A95CHEROK.jpg	NOKEY	MAX	NOKEY
1446656082849	0	lts_1104C_18_01	18	01	1	27	0	0	0	CR	MAX	4/toy2A.JPG	toy2A.JPG	NOKEY	MAX	NOKEY
1446656085925	0	lts_1104C_18_01	18	01	1	28	0	0	0	CR	MAX	10049566.thl.jpg	10049566.thl.jpg	NOKEY	MAX	NOKEY
1446656087030	0	lts_1104C_18_01	18	01	1	29	00	1	1	Hit	627	00-across/Aredandbluef2.jpg	Aredandbluef2.jpg	SPACE	670	SPACE
1446656090106	0	lts_1104C_18_01	18	01	1	30	0	0	0	CR	MAX	AMANJUI2.jpg	AMANJUI2.jpg	NOKEY	MAX	NOKEY
1446656091126	0	lts_1104C_18_01	18	01	1	31	4	1	1	Hit	538	4-11/toy2A.JPG	toy2A.JPG	SPACE	585	SPACE
1446656094218	0	lts_1104C_18_01	18	01	1	32	0	0	0	CR	MAX	ACAT6.jpg	ACAT6.jpg	NOKEY	MAX	NOKEY
1446656097294	0	lts_1104C_18_01	18	01	1	33	0	0	0	CR	MAX	ABUGLE2.jpg	ABUGLE2.jpg	NOKEY	MAX	NOKEY
1446656098448	0	lts_1104C_18_01	18	01	1	34	8	1	1	Hit	669	8-2/A95CHEROK.jpg	A95CHEROK.jpg	SPACE	719	SPACE
1446656101524	0	lts_1104C_18_01	18	01	1	35	0	0	0	CR	MAX	10053712.thm.jpg	10053712.thm.jpg	NOKEY	MAX	NOKEY
1446656102611	0	lts_1104C_18_01	18	01	1	36	32	1	1	Hit	610	32-6/8079080.thl.jpg	8079080.thl.jpg	SPACE	652	SPACE
1446656105686	0	lts_1104C_18_01	18	01	1	37	0	0	0	CR	MAX	AWOODBIN.jpg	AWOODBIN.jpg	NOKEY	MAX	NOKEY
1446656108762	0	lts_1104C_18_01	18	01	1	38	0	0	0	CR	MAX	Ablackcamera4.jpg	Ablackcamera4.jpg	NOKEY	MAX	NOKEY
1446656111838	0	lts_1104C_18_01	18	01	1	39	0	0	0	CR	MAX	Aglass58.jpg	Aglass58.jpg	NOKEY	MAX	NOKEY
1446656114914	0	lts_1104C_18_01	18	01	1	40	0	0	0	CR	MAX	AFUNNEL4.jpg	AFUNNEL4.jpg	NOKEY	MAX	NOKEY
1446656116669	0	lts_1104C_18_01	18	01	1	41	0	0	1	FA	1281	Abicyclekick2.jpg	Abicyclekick2.jpg	SPACE	1321	NOKEY
1446656119746	0	lts_1104C_18_01	18	01	1	42	0	0	0	CR	MAX	16/26687972.thl.jpg	26687972.thl.jpg	NOKEY	MAX	NOKEY
1446656120866	0	lts_1104C_18_01	18	01	1	43	32	1	1	Hit	648	32-4/keys-a.jpg	keys-a.jpg	SPACE	686	SPACE
1446656123942	0	lts_1104C_18_01	18	01	1	44	0	0	0	CR	MAX	ADISHLID2.jpg	ADISHLID2.jpg	NOKEY	MAX	NOKEY
1446656127019	0	lts_1104C_18_01	18	01	1	45	0	0	0	CR	MAX	Abisontoy.jpg	Abisontoy.jpg	NOKEY	MAX	NOKEY
1446656130095	0	lts_1104C_18_01	18	01	1	46	0	0	0	CR	MAX	64/Aseeder2.jpg	Aseeder2.jpg	NOKEY	MAX	NOKEY
1446656133171	0	lts_1104C_18_01	18	01	1	47	0	0	0	CR	MAX	26428041.thl.jpg	26428041.thl.jpg	NOKEY	MAX	NOKEY
1446656136247	0	lts_1104C_18_01	18	01	1	48	0	0	0	CR	MAX	64/26423465.thl.jpg	26423465.thl.jpg	NOKEY	MAX	NOKEY
1446656139323	0	lts_1104C_18_01	18	01	1	49	0	0	0	CR	MAX	pingpongtable.jpg	pingpongtable.jpg	NOKEY	MAX	NOKEY
1446656142399	0	lts_1104C_18_01	18	01	1	50	0	0	0	CR	MAX	4/Abinocularca3.jpg	Abinocularca3.jpg	NOKEY	MAX	NOKEY
1446656145475	0	lts_1104C_18_01	18	01	1	51	0	0	0	CR	MAX	ADOUBHOOK.jpg	ADOUBHOOK.jpg	NOKEY	MAX	NOKEY
1446656148551	0	lts_1104C_18_01	18	01	1	52	0	0	0	CR	MAX	AWISHWELL.jpg	AWISHWELL.jpg	NOKEY	MAX	NOKEY
1446656151627	0	lts_1104C_18_01	18	01	1	53	0	0	0	CR	MAX	Apaintroller3.jpg	Apaintroller3.jpg	NOKEY	MAX	NOKEY
1446656152880	0	lts_1104C_18_01	18	01	1	54	4	1	1	Hit	773	4-2/Abinocularca3.jpg	Abinocularca3.jpg	SPACE	819	SPACE
1446656155973	0	lts_1104C_18_01	18	01	1	55	0	0	0	CR	MAX	AELECTHE4.jpg	AELECTHE4.jpg	NOKEY	MAX	NOKEY
1446656157562	0	lts_1104C_18_01	18	01	1	56	0	0	1	FA	1119	Aextensionco8.jpg	Aextensionco8.jpg	SPACE	1155	NOKEY
1446656160638	0	lts_1104C_18_01	18	01	1	57	0	0	0	CR	MAX	128/ABROWCONT.jpg	ABROWCONT.jpg	NOKEY	MAX	NOKEY
1446656161924	0	lts_1104C_18_01	18	01	1	58	16	1	1	Hit	810	16-first/26687972.thl.jpg	26687972.thl.jpg	SPACE	852	SPACE
1446656165001	0	lts_1104C_18_01	18	01	1	59	0	0	0	CR	MAX	32/Aspokesfaste2.jpg	Aspokesfaste2.jpg	NOKEY	MAX	NOKEY
1446656166138	0	lts_1104C_18_01	18	01	1	60	0	0	1	FA	654	64/ASCREW24.jpg	ASCREW24.jpg	SPACE	701	NOKEY
1446656169214	0	lts_1104C_18_01	18	01	1	61	0	0	0	CR	MAX	26432848.thl.jpg	26432848.thl.jpg	NOKEY	MAX	NOKEY
1446656170334	0	lts_1104C_18_01	18	01	1	62	4	1	1	Hit	640	4-mul/26687972.thl.jpg	26687972.thl.jpg	SPACE	684	SPACE
1446656173410	0	lts_1104C_18_01	18	01	1	63	0	0	0	CR	MAX	4/Achair608.jpg	Achair608.jpg	NOKEY	MAX	NOKEY
1446656174414	0	lts_1104C_18_01	18	01	1	64	00	1	1	Hit	530	00-across/26374135.thl.jpg	26374135.thl.jpg	SPACE	567	SPACE
1446656177490	0	lts_1104C_18_01	18	01	1	65	0	0	0	CR	MAX	22908308.thl.jpg	22908308.thl.jpg	NOKEY	MAX	NOKEY
1446656180566	0	lts_1104C_18_01	18	01	1	66	0	0	0	CR	MAX	26427612.thl.jpg	26427612.thl.jpg	NOKEY	MAX	NOKEY
1446656183642	0	lts_1104C_18_01	18	01	1	67	4	1	0	Miss	MAX	4-4/Achair608.jpg	Achair608.jpg	NOKEY	MAX	SPACE
1446656186734	0	lts_1104C_18_01	18	01	1	68	0	0	0	CR	MAX	16247853.thl.jpg	16247853.thl.jpg	NOKEY	MAX	NOKEY
1446656189810	0	lts_1104C_18_01	18	01	1	69	0	0	0	CR	MAX	16/Aclimbingtool.jpg	Aclimbingtool.jpg	NOKEY	MAX	NOKEY
1446656192886	0	lts_1104C_18_01	18	01	1	70	0	0	0	CR	MAX	26437491.thl.jpg	26437491.thl.jpg	NOKEY	MAX	NOKEY
1446656195962	0	lts_1104C_18_01	18	01	1	71	0	0	0	CR	MAX	1/seahorse.jpg	seahorse.jpg	NOKEY	MAX	NOKEY
1446656199039	0	lts_1104C_18_01	18	01	1	72	1	1	0	Miss	MAX	1-14/seahorse.jpg	seahorse.jpg	NOKEY	MAX	SPACE
1446656202115	0	lts_1104C_18_01	18	01	1	73	0	0	0	CR	MAX	greenbeans.jpg	greenbeans.jpg	NOKEY	MAX	NOKEY
1446656205191	0	lts_1104C_18_01	18	01	1	74	64	1	0	Miss	MAX	64-first/A3leafcl4.jpg	A3leafcl4.jpg	NOKEY	MAX	SPACE
1446656208267	0	lts_1104C_18_01	18	01	1	75	0	0	0	CR	MAX	22826748.thl.jpg	22826748.thl.jpg	NOKEY	MAX	NOKEY
1446656209287	0	lts_1104C_18_01	18	01	1	76	00	1	1	Hit	542	00-across/ACHIPROL2.jpg	ACHIPROL2.jpg	SPACE	585	SPACE
1446656212363	0	lts_1104C_18_01	18	01	1	77	0	0	0	CR	MAX	AWOODST11.jpg	AWOODST11.jpg	NOKEY	MAX	NOKEY
1446656213483	0	lts_1104C_18_01	18	01	1	78	4	1	1	Hit	643	4-mul/A3leafcl4.jpg	A3leafcl4.jpg	SPACE	686	SPACE
1446656216576	0	lts_1104C_18_01	18	01	1	79	0	0	0	CR	MAX	Abowloffruit4.jpg	Abowloffruit4.jpg	NOKEY	MAX	NOKEY
1446656219652	0	lts_1104C_18_01	18	01	1	80	0	0	0	CR	MAX	AFILM.jpg	AFILM.jpg	NOKEY	MAX	NOKEY
1446656222727	0	lts_1104C_18_01	18	01	1	81	0	0	0	CR	MAX	APINGPON3.jpg	APINGPON3.jpg	NOKEY	MAX	NOKEY
1446656225803	0	lts_1104C_18_01	18	01	1	82	0	0	0	CR	MAX	26545643.thl.jpg	26545643.thl.jpg	NOKEY	MAX	NOKEY
1446656228879	0	lts_1104C_18_01	18	01	1	83	0	0	0	CR	MAX	64/Atotemp10.jpg	Atotemp10.jpg	NOKEY	MAX	NOKEY
1446656231955	0	lts_1104C_18_01	18	01	1	84	0	0	0	CR	MAX	Anotepad9.jpg	Anotepad9.jpg	NOKEY	MAX	NOKEY
1446656233160	0	lts_1104C_18_01	18	01	1	85	16	1	1	Hit	733	16-first/Aclimbingtool.jpg	Aclimbingtool.jpg	SPACE	769	SPACE
1446656236236	0	lts_1104C_18_01	18	01	1	86	0	0	0	CR	MAX	128/medievalknight.jpg	medievalknight.jpg	NOKEY	MAX	NOKEY
1446656237573	0	lts_1104C_18_01	18	01	1	87	2	1	1	Hit	864	2-mul/Aclimbingtool.jpg	Aclimbingtool.jpg	SPACE	903	SPACE
1446656240649	0	lts_1104C_18_01	18	01	1	88	0	0	0	CR	MAX	Aflatwoodenba.jpg	Aflatwoodenba.jpg	NOKEY	MAX	NOKEY
1446656243724	0	lts_1104C_18_01	18	01	1	89	64	1	0	Miss	MAX	64-first/AMAGGLASS.jpg	AMAGGLASS.jpg	NOKEY	MAX	SPACE
1446656246800	0	lts_1104C_18_01	18	01	1	90	0	0	0	CR	MAX	ABREAD.jpg	ABREAD.jpg	NOKEY	MAX	NOKEY
1446656247803	0	lts_1104C_18_01	18	01	1	91	32	1	1	Hit	518	32-5/Aspokesfaste2.jpg	Aspokesfaste2.jpg	SPACE	569	SPACE
1446656250880	0	lts_1104C_18_01	18	01	1	92	0	0	0	CR	MAX	1/ABOWARRO8.jpg	ABOWARRO8.jpg	NOKEY	MAX	NOKEY
1446656251949	0	lts_1104C_18_01	18	01	1	93	1	1	1	Hit	594	1-7/ABOWARRO8.jpg	ABOWARRO8.jpg	SPACE	636	SPACE
1446656255043	0	lts_1104C_18_01	18	01	1	94	0	0	0	CR	MAX	128/Asoundmixer2.jpg	Asoundmixer2.jpg	NOKEY	MAX	NOKEY
1446656258119	0	lts_1104C_18_01	18	01	1	95	0	0	0	CR	MAX	4/Aleaf75.jpg	Aleaf75.jpg	NOKEY	MAX	NOKEY
1446656261195	0	lts_1104C_18_01	18	01	1	96	0	0	0	CR	MAX	AWATERJU3.jpg	AWATERJU3.jpg	NOKEY	MAX	NOKEY
1446656264271	0	lts_1104C_18_01	18	01	1	97	0	0	0	CR	MAX	Atray26.jpg	Atray26.jpg	NOKEY	MAX	NOKEY
1446656267348	0	lts_1104C_18_01	18	01	1	98	0	0	0	CR	MAX	8256348.thl.jpg	8256348.thl.jpg	NOKEY	MAX	NOKEY
1446656268384	0	lts_1104C_18_01	18	01	1	99	4	1	1	Hit	564	4-0/Aleaf75.jpg	Aleaf75.jpg	SPACE	601	SPACE
1446656271460	0	lts_1104C_18_01	18	01	1	100	0	0	0	CR	MAX	26378596.thl.jpg	26378596.thl.jpg	NOKEY	MAX	NOKEY
1446656274553	0	lts_1104C_18_01	18	01	1	101	0	0	0	CR	MAX	ABAGFLOU3.jpg	ABAGFLOU3.jpg	NOKEY	MAX	NOKEY
1446656277661	0	lts_1104C_18_01	18	01	1	102	0	0	0	CR	MAX	Agreenplastic.jpg	Agreenplastic.jpg	NOKEY	MAX	NOKEY
1446656280737	0	lts_1104C_18_01	18	01	1	103	00	1	0	Miss	MAX	00-across/Aflower102.jpg	Aflower102.jpg	NOKEY	MAX	SPACE
1446656282327	0	lts_1104C_18_01	18	01	1	104	0	0	1	FA	1112	64/26437107.thl.jpg	26437107.thl.jpg	SPACE	1154	NOKEY
1446656283497	0	lts_1104C_18_01	18	01	1	105	16	1	1	Hit	699	16-mul/AMAGGLASS.jpg	AMAGGLASS.jpg	SPACE	736	SPACE
1446656286573	0	lts_1104C_18_01	18	01	1	106	0	0	0	CR	MAX	beanbagchair.jpg	beanbagchair.jpg	NOKEY	MAX	NOKEY
1446656289649	0	lts_1104C_18_01	18	01	1	107	0	0	0	CR	MAX	22887144.thl.jpg	22887144.thl.jpg	NOKEY	MAX	NOKEY
1446656292724	0	lts_1104C_18_01	18	01	1	108	0	0	0	CR	MAX	AHARMONS2.jpg	AHARMONS2.jpg	NOKEY	MAX	NOKEY
1446656295800	0	lts_1104C_18_01	18	01	1	109	0	0	0	CR	MAX	8057434.thl.jpg	8057434.thl.jpg	NOKEY	MAX	NOKEY
1446656298876	0	lts_1104C_18_01	18	01	1	110	64	1	0	Miss	MAX	64-first/Aseeder2.jpg	Aseeder2.jpg	NOKEY	MAX	SPACE
1446656300515	0	lts_1104C_18_01	18	01	1	111	0	0	1	FA	1163	26439504.thl.jpg	26439504.thl.jpg	SPACE	1204	NOKEY
1446656303592	0	lts_1104C_18_01	18	01	1	112	64	1	0	Miss	MAX	64-first/26423465.thl.jpg	26423465.thl.jpg	NOKEY	MAX	SPACE
1446656306683	0	lts_1104C_18_01	18	01	1	113	0	0	0	CR	MAX	AHOUSBOA3.jpg	AHOUSBOA3.jpg	NOKEY	MAX	NOKEY
1446656307604	0	lts_1104C_18_01	18	01	1	114	4	1	1	Hit	435	4-mul/Aseeder2.jpg	Aseeder2.jpg	SPACE	486	SPACE
1446656310679	0	lts_1104C_18_01	18	01	1	115	0	0	0	CR	MAX	16/ABREADTO2.jpg	ABREADTO2.jpg	NOKEY	MAX	NOKEY
1446656311766	0	lts_1104C_18_01	18	01	1	116	4	1	1	Hit	608	4-mul/26423465.thl.jpg	26423465.thl.jpg	SPACE	653	SPACE
1446656314892	0	lts_1104C_18_01	18	01	1	117	0	0	0	CR	MAX	ACHRIST14.jpg	ACHRIST14.jpg	NOKEY	MAX	NOKEY
1446656318002	0	lts_1104C_18_01	18	01	1	118	0	0	0	CR	MAX	woodvase.jpg	woodvase.jpg	NOKEY	MAX	NOKEY
1446656321078	0	lts_1104C_18_01	18	01	1	119	128	1	0	Miss	MAX	128/batteries-a.jpg	batteries-a.jpg	NOKEY	MAX	SPACE
1446656322332	0	lts_1104C_18_01	18	01	1	120	0	0	1	FA	752	2/launmower.jpg	launmower.jpg	SPACE	801	NOKEY
1446656325425	0	lts_1104C_18_01	18	01	1	121	0	0	0	CR	MAX	22991767.thl.jpg	22991767.thl.jpg	NOKEY	MAX	NOKEY
1446656326395	0	lts_1104C_18_01	18	01	1	122	2	1	1	Hit	488	2-6/launmower.jpg	launmower.jpg	SPACE	534	SPACE
1446656329487	0	lts_1104C_18_01	18	01	1	123	0	0	0	CR	MAX	32/Axmastre5.jpg	Axmastre5.jpg	NOKEY	MAX	NOKEY
1446656330625	0	lts_1104C_18_01	18	01	1	124	64	1	1	Hit	655	64-first/ASCREW24.jpg	ASCREW24.jpg	SPACE	702	SPACE
1446656333716	0	lts_1104C_18_01	18	01	1	125	0	0	0	CR	MAX	Arose10.jpg	Arose10.jpg	NOKEY	MAX	NOKEY
1446656336809	0	lts_1104C_18_01	18	01	1	126	0	0	0	CR	MAX	Aknife76.jpg	Aknife76.jpg	NOKEY	MAX	NOKEY
1446656339918	0	lts_1104C_18_01	18	01	1	127	0	0	0	CR	MAX	32/AARTBERRI.jpg	AARTBERRI.jpg	NOKEY	MAX	NOKEY
1446656342994	0	lts_1104C_18_01	18	01	1	128	0	0	0	CR	MAX	butter03.jpg	butter03.jpg	NOKEY	MAX	NOKEY
1446656346088	0	lts_1104C_18_01	18	01	1	129	0	0	0	CR	MAX	AARCHERY.jpg	AARCHERY.jpg	NOKEY	MAX	NOKEY
1446656349181	0	lts_1104C_18_01	18	01	1	130	0	0	0	CR	MAX	ADAQUIRI.jpg	ADAQUIRI.jpg	NOKEY	MAX	NOKEY
1446656350284	0	lts_1104C_18_01	18	01	1	131	16	1	1	Hit	633	16-first/ABREADTO2.jpg	ABREADTO2.jpg	SPACE	668	SPACE
1446656353377	0	lts_1104C_18_01	18	01	1	132	0	0	0	CR	MAX	Acliplatch.jpg	Acliplatch.jpg	NOKEY	MAX	NOKEY
1446656354347	0	lts_1104C_18_01	18	01	1	133	2	1	1	Hit	497	2-mul/ABREADTO2.jpg	ABREADTO2.jpg	SPACE	534	SPACE
1446656357439	0	lts_1104C_18_01	18	01	1	134	0	0	0	CR	MAX	1/Abowlofporrid.jpg	Abowlofporrid.jpg	NOKEY	MAX	NOKEY
1446656358309	0	lts_1104C_18_01	18	01	1	135	1	1	1	Hit	396	1-8/Abowlofporrid.jpg	Abowlofporrid.jpg	SPACE	434	SPACE
1446656361402	0	lts_1104C_18_01	18	01	1	136	0	0	0	CR	MAX	26444138.thl.jpg	26444138.thl.jpg	NOKEY	MAX	NOKEY
1446656364494	0	lts_1104C_18_01	18	01	1	137	0	0	0	CR	MAX	Aegyptianst20.jpg	Aegyptianst20.jpg	NOKEY	MAX	NOKEY
1446656367587	0	lts_1104C_18_01	18	01	1	138	0	0	0	CR	MAX	26379054.thl.jpg	26379054.thl.jpg	NOKEY	MAX	NOKEY
1446656370679	0	lts_1104C_18_01	18	01	1	139	0	0	0	CR	MAX	ABARPEAR.jpg	ABARPEAR.jpg	NOKEY	MAX	NOKEY
1446656371599	0	lts_1104C_18_01	18	01	1	140	16	1	1	Hit	437	16-mul/ASCREW24.jpg	ASCREW24.jpg	SPACE	485	SPACE
1446656374674	0	lts_1104C_18_01	18	01	1	141	0	0	0	CR	MAX	AASCDESC.jpg	AASCDESC.jpg	NOKEY	MAX	NOKEY
1446656375678	0	lts_1104C_18_01	18	01	1	142	00	1	1	Hit	523	00-across/AHEBREWTE.jpg	AHEBREWTE.jpg	SPACE	569	SPACE
1446656378770	0	lts_1104C_18_01	18	01	1	143	0	0	0	CR	MAX	8/22826832.thl.jpg	22826832.thl.jpg	NOKEY	MAX	NOKEY
1446656381863	0	lts_1104C_18_01	18	01	1	144	0	0	0	CR	MAX	ABUDDHA18.jpg	ABUDDHA18.jpg	NOKEY	MAX	NOKEY
1446656382849	0	lts_1104C_18_01	18	01	1	145	128	1	1	Hit	509	128-2/Abandleaders2.jpg	Abandleaders2.jpg	SPACE	552	SPACE
1446656385942	0	lts_1104C_18_01	18	01	1	146	0	0	0	CR	MAX	16/26374798.thl.jpg	26374798.thl.jpg	NOKEY	MAX	NOKEY
1446656387080	0	lts_1104C_18_01	18	01	1	147	64	1	1	Hit	660	64-first/Atotemp10.jpg	Atotemp10.jpg	SPACE	702	SPACE
1446656390173	0	lts_1104C_18_01	18	01	1	148	0	0	0	CR	MAX	8257273.thl.jpg	8257273.thl.jpg	NOKEY	MAX	NOKEY
1446656391176	0	lts_1104C_18_01	18	01	1	149	2	1	1	Hit	526	2-mul/Atotemp10.jpg	Atotemp10.jpg	SPACE	568	SPACE
1446656394269	0	lts_1104C_18_01	18	01	1	150	0	0	0	CR	MAX	ACOMB11.jpg	ACOMB11.jpg	NOKEY	MAX	NOKEY
1446656395873	0	lts_1104C_18_01	18	01	1	151	8	1	1	Hit	1125	8-0/22826832.thl.jpg	22826832.thl.jpg	SPACE	1170	SPACE
1446656398965	0	lts_1104C_18_01	18	01	1	152	0	0	0	CR	MAX	8244991.thl.jpg	8244991.thl.jpg	NOKEY	MAX	NOKEY
1446656402059	0	lts_1104C_18_01	18	01	1	153	0	0	0	CR	MAX	ABROKUMBR.jpg	ABROKUMBR.jpg	NOKEY	MAX	NOKEY
1446656405152	0	lts_1104C_18_01	18	01	1	154	0	0	0	CR	MAX	26554952.thl.jpg	26554952.thl.jpg	NOKEY	MAX	NOKEY
1446656406255	0	lts_1104C_18_01	18	01	1	155	32	1	1	Hit	620	32-2/Axmastre5.jpg	Axmastre5.jpg	SPACE	668	SPACE
1446656409348	0	lts_1104C_18_01	18	01	1	156	0	0	0	CR	MAX	mascara.jpg	mascara.jpg	NOKEY	MAX	NOKEY
1446656410401	0	lts_1104C_18_01	18	01	1	157	00	1	1	Hit	580	00-across/ipod01.jpg	ipod01.jpg	SPACE	617	SPACE
1446656413494	0	lts_1104C_18_01	18	01	1	158	0	0	0	CR	MAX	ACLOSET4.jpg	ACLOSET4.jpg	NOKEY	MAX	NOKEY
1446656414897	0	lts_1104C_18_01	18	01	1	159	32	1	1	Hit	929	32-7/AARTBERRI.jpg	AARTBERRI.jpg	SPACE	969	SPACE
1446656417990	0	lts_1104C_18_01	18	01	1	160	0	0	0	CR	MAX	128/AFOOTST26.jpg	AFOOTST26.jpg	NOKEY	MAX	NOKEY
1446656421084	0	lts_1104C_18_01	18	01	1	161	0	0	0	CR	MAX	Ajoystick10.jpg	Ajoystick10.jpg	NOKEY	MAX	NOKEY
1446656422237	0	lts_1104C_18_01	18	01	1	162	16	1	1	Hit	682	16-first/26374798.thl.jpg	26374798.thl.jpg	SPACE	718	SPACE
1446656423708	0	lts_1104C_18_01	18	01	1	163	0	0	1	FA	953	AOVEN.jpg	AOVEN.jpg	SPACE	1003	NOKEY
1446656425013	0	lts_1104C_18_01	18	01	1	164	2	1	1	Hit	835	2-mul/26374798.thl.jpg	26374798.thl.jpg	SPACE	870	SPACE
1446656428105	0	lts_1104C_18_01	18	01	1	165	0	0	0	CR	MAX	ferrywheeltoy.jpg	ferrywheeltoy.jpg	NOKEY	MAX	NOKEY
1446656431198	0	lts_1104C_18_01	18	01	1	166	0	0	0	CR	MAX	AEXIT7.jpg	AEXIT7.jpg	NOKEY	MAX	NOKEY
1446656434291	0	lts_1104C_18_01	18	01	1	167	0	0	0	CR	MAX	16/AFISHNET3.jpg	AFISHNET3.jpg	NOKEY	MAX	NOKEY
1446656435511	0	lts_1104C_18_01	18	01	1	168	64	1	1	Hit	750	64-first/26437107.thl.jpg	26437107.thl.jpg	SPACE	786	SPACE
1446656438604	0	lts_1104C_18_01	18	01	1	169	0	0	0	CR	MAX	ADRAWBRI3.jpg	ADRAWBRI3.jpg	NOKEY	MAX	NOKEY
1446656441679	0	lts_1104C_18_01	18	01	1	170	2	1	0	Miss	MAX	2-mul/26437107.thl.jpg	26437107.thl.jpg	NOKEY	MAX	SPACE
1446656444772	0	lts_1104C_18_01	18	01	1	171	0	0	0	CR	MAX	1/ASCALE30.jpg	ASCALE30.jpg	NOKEY	MAX	NOKEY
1446656445842	0	lts_1104C_18_01	18	01	1	172	1	1	1	Hit	598	1-12/ASCALE30.jpg	ASCALE30.jpg	SPACE	636	SPACE
1446656448935	0	lts_1104C_18_01	18	01	1	173	0	0	0	CR	MAX	4/ALINENCA3.jpg	ALINENCA3.jpg	NOKEY	MAX	NOKEY
1446656452029	0	lts_1104C_18_01	18	01	1	174	0	0	0	CR	MAX	Aantiquerota7.jpg	Aantiquerota7.jpg	NOKEY	MAX	NOKEY
1446656455121	0	lts_1104C_18_01	18	01	1	175	0	0	0	CR	MAX	35310260.thl.jpg	35310260.thl.jpg	NOKEY	MAX	NOKEY
1446656456775	0	lts_1104C_18_01	18	01	1	176	0	0	1	FA	1162	Awoodenhamme8.jpg	Awoodenhamme8.jpg	SPACE	1204	NOKEY
1446656457812	0	lts_1104C_18_01	18	01	1	177	4	1	1	Hit	543	4-5/ALINENCA3.jpg	ALINENCA3.jpg	SPACE	586	SPACE
1446656460905	0	lts_1104C_18_01	18	01	1	178	0	0	0	CR	MAX	Ahandheldmir3.jpg	Ahandheldmir3.jpg	NOKEY	MAX	NOKEY
1446656463981	0	lts_1104C_18_01	18	01	1	179	0	0	0	CR	MAX	8245818.thl.jpg	8245818.thl.jpg	NOKEY	MAX	NOKEY
1446656467074	0	lts_1104C_18_01	18	01	1	180	0	0	0	CR	MAX	1/Agratedchees2.jpg	Agratedchees2.jpg	NOKEY	MAX	NOKEY
1446656468161	0	lts_1104C_18_01	18	01	1	181	1	1	1	Hit	607	1-4/Agratedchees2.jpg	Agratedchees2.jpg	SPACE	651	SPACE
1446656471254	0	lts_1104C_18_01	18	01	1	182	0	0	0	CR	MAX	Awomensshoe61.jpg	Awomensshoe61.jpg	NOKEY	MAX	NOKEY
1446656472558	0	lts_1104C_18_01	18	01	1	183	16	1	1	Hit	834	16-1/AFISHNET3.jpg	AFISHNET3.jpg	SPACE	870	SPACE
1446656475651	0	lts_1104C_18_01	18	01	1	184	0	0	0	CR	MAX	32/Afoodproces22.jpg	Afoodproces22.jpg	NOKEY	MAX	NOKEY
1446656476736	0	lts_1104C_18_01	18	01	1	185	128	1	1	Hit	618	128-5/ABROWCONT.jpg	ABROWCONT.jpg	SPACE	653	SPACE
1446656478192	0	lts_1104C_18_01	18	01	1	186	0	0	1	FA	963	ABORKEHOR.jpg	ABORKEHOR.jpg	SPACE	1003	NOKEY
1446656481268	0	lts_1104C_18_01	18	01	1	187	0	0	0	CR	MAX	AARCCHAR2.jpg	AARCCHAR2.jpg	NOKEY	MAX	NOKEY
1446656484361	0	lts_1104C_18_01	18	01	1	188	0	0	0	CR	MAX	1/dustpan02.jpg	dustpan02.jpg	NOKEY	MAX	NOKEY
1446656485347	0	lts_1104C_18_01	18	01	1	189	1	1	1	Hit	506	1-0/dustpan02.jpg	dustpan02.jpg	SPACE	551	SPACE
1446656488423	0	lts_1104C_18_01	18	01	1	190	0	0	0	CR	MAX	Alobster10.jpg	Alobster10.jpg	NOKEY	MAX	NOKEY
1446656491516	0	lts_1104C_18_01	18	01	1	191	0	0	0	CR	MAX	22824636.thl.jpg	22824636.thl.jpg	NOKEY	MAX	NOKEY
1446656494592	0	lts_1104C_18_01	18	01	1	192	0	0	0	CR	MAX	ABOTTLE19.jpg	ABOTTLE19.jpg	NOKEY	MAX	NOKEY
1446656497684	0	lts_1104C_18_01	18	01	1	193	0	0	0	CR	MAX	pretzel.jpg	pretzel.jpg	NOKEY	MAX	NOKEY
1446656500760	0	lts_1104C_18_01	18	01	1	194	0	0	0	CR	MAX	4/Abowlofpasta.jpg	Abowlofpasta.jpg	NOKEY	MAX	NOKEY
1446656503853	0	lts_1104C_18_01	18	01	1	195	0	0	0	CR	MAX	AFETTUCI2.jpg	AFETTUCI2.jpg	NOKEY	MAX	NOKEY
1446656506945	0	lts_1104C_18_01	18	01	1	196	0	0	0	CR	MAX	8/26374346.thl.jpg	26374346.thl.jpg	NOKEY	MAX	NOKEY
1446656510039	0	lts_1104C_18_01	18	01	1	197	0	0	0	CR	MAX	4/Alifeves2.jpg	Alifeves2.jpg	NOKEY	MAX	NOKEY
1446656511042	0	lts_1104C_18_01	18	01	1	198	4	1	1	Hit	518	4-10/Abowlofpasta.jpg	Abowlofpasta.jpg	SPACE	568	SPACE
1446656514135	0	lts_1104C_18_01	18	01	1	199	0	0	0	CR	MAX	Aelasticbands.jpg	Aelasticbands.jpg	NOKEY	MAX	NOKEY
1446656517228	0	lts_1104C_18_01	18	01	1	200	0	0	0	CR	MAX	128/ABROOM11.jpg	ABROOM11.jpg	NOKEY	MAX	NOKEY
1446656518314	0	lts_1104C_18_01	18	01	1	201	4	1	1	Hit	613	4-6/Alifeves2.jpg	Alifeves2.jpg	SPACE	651	SPACE
1446656521407	0	lts_1104C_18_01	18	01	1	202	0	0	0	CR	MAX	AKNEEHAMR.jpg	AKNEEHAMR.jpg	NOKEY	MAX	NOKEY
1446656524483	0	lts_1104C_18_01	18	01	1	203	0	0	0	CR	MAX	22910996.thl.jpg	22910996.thl.jpg	NOKEY	MAX	NOKEY
1446656525453	0	lts_1104C_18_01	18	01	1	204	8	1	1	Hit	489	8-first/26374346.thl.jpg	26374346.thl.jpg	SPACE	535	SPACE
1446656528546	0	lts_1104C_18_01	18	01	1	205	0	0	0	CR	MAX	Aperfumebottl.jpg	Aperfumebottl.jpg	NOKEY	MAX	NOKEY
1446656529465	0	lts_1104C_18_01	18	01	1	206	2	1	1	Hit	442	2-mul/26374346.thl.jpg	26374346.thl.jpg	SPACE	485	SPACE
1446656532541	0	lts_1104C_18_01	18	01	1	207	0	0	0	CR	MAX	26372237.thl.jpg	26372237.thl.jpg	NOKEY	MAX	NOKEY
1446656535634	0	lts_1104C_18_01	18	01	1	208	0	0	0	CR	MAX	2/handcomputerN.JPG	handcomputerN.JPG	NOKEY	MAX	NOKEY
1446656538726	0	lts_1104C_18_01	18	01	1	209	0	0	0	CR	MAX	Acampingtoolk.jpg	Acampingtoolk.jpg	NOKEY	MAX	NOKEY
1446656539762	0	lts_1104C_18_01	18	01	1	210	2	1	1	Hit	559	2-0/handcomputerN.JPG	handcomputerN.JPG	SPACE	603	SPACE
1446656542855	0	lts_1104C_18_01	18	01	1	211	0	0	0	CR	MAX	Amonkey5.jpg	Amonkey5.jpg	NOKEY	MAX	NOKEY
1446656545948	0	lts_1104C_18_01	18	01	1	212	0	0	0	CR	MAX	26373844.thl.jpg	26373844.thl.jpg	NOKEY	MAX	NOKEY
1446656547887	0	lts_1104C_18_01	18	01	1	213	0	0	1	FA	1448	ASCREW7.jpg	ASCREW7.jpg	SPACE	1489	NOKEY
1446656550963	0	lts_1104C_18_01	18	01	1	214	128	1	0	Miss	MAX	128-7/medievalknight.jpg	medievalknight.jpg	NOKEY	MAX	SPACE
1446656554040	0	lts_1104C_18_01	18	01	1	215	0	0	0	CR	MAX	ALAUNHAMP.jpg	ALAUNHAMP.jpg	NOKEY	MAX	NOKEY
1446656555077	0	lts_1104C_18_01	18	01	1	216	32	1	1	Hit	558	32-1/Afoodproces22.jpg	Afoodproces22.jpg	SPACE	601	SPACE
1446656558170	0	lts_1104C_18_01	18	01	1	217	0	0	0	CR	MAX	2/ADIRECSI3.jpg	ADIRECSI3.jpg	NOKEY	MAX	NOKEY
1446656561262	0	lts_1104C_18_01	18	01	1	218	0	0	0	CR	MAX	cigarette03.jpg	cigarette03.jpg	NOKEY	MAX	NOKEY
1446656562332	0	lts_1104C_18_01	18	01	1	219	2	1	1	Hit	597	2-4/ADIRECSI3.jpg	ADIRECSI3.jpg	SPACE	634	SPACE
1446656565425	0	lts_1104C_18_01	18	01	1	220	0	0	0	CR	MAX	4/Abasketandch2.jpg	Abasketandch2.jpg	NOKEY	MAX	NOKEY
1446656568518	0	lts_1104C_18_01	18	01	1	221	0	0	0	CR	MAX	22852560.thl.jpg	22852560.thl.jpg	NOKEY	MAX	NOKEY
1446656569588	0	lts_1104C_18_01	18	01	1	222	128	1	1	Hit	600	128-3/Asoundmixer2.jpg	Asoundmixer2.jpg	SPACE	636	SPACE
1446656570857	0	lts_1104C_18_01	18	01	1	223	0	0	1	FA	776	E_tank.jpg	E_tank.jpg	SPACE	819	NOKEY
1446656571944	0	lts_1104C_18_01	18	01	1	224	4	1	1	Hit	606	4-7/Abasketandch2.jpg	Abasketandch2.jpg	SPACE	653	SPACE
1446656575038	0	lts_1104C_18_01	18	01	1	225	0	0	0	CR	MAX	Atoyelephant.jpg	Atoyelephant.jpg	NOKEY	MAX	NOKEY
1446656578131	0	lts_1104C_18_01	18	01	1	226	0	0	0	CR	MAX	1/nintendo.jpg	nintendo.jpg	NOKEY	MAX	NOKEY
1446656581207	0	lts_1104C_18_01	18	01	1	227	1	1	0	Miss	MAX	1-3/nintendo.jpg	nintendo.jpg	NOKEY	MAX	SPACE
1446656584299	0	lts_1104C_18_01	18	01	1	228	0	0	0	CR	MAX	AVIOLINCO.jpg	AVIOLINCO.jpg	NOKEY	MAX	NOKEY
1446656587392	0	lts_1104C_18_01	18	01	1	229	0	0	0	CR	MAX	ASTREESW2.jpg	ASTREESW2.jpg	NOKEY	MAX	NOKEY
1446656590485	0	lts_1104C_18_01	18	01	1	230	0	0	0	CR	MAX	Ahorse23.jpg	Ahorse23.jpg	NOKEY	MAX	NOKEY
1446656593578	0	lts_1104C_18_01	18	01	1	231	0	0	0	CR	MAX	32/ADRUM.jpg	ADRUM.jpg	NOKEY	MAX	NOKEY
1446656596670	0	lts_1104C_18_01	18	01	1	232	0	0	0	CR	MAX	AXMASTIN3.jpg	AXMASTIN3.jpg	NOKEY	MAX	NOKEY
1446656599762	0	lts_1104C_18_01	18	01	1	233	0	0	0	CR	MAX	Acrabwalking.jpg	Acrabwalking.jpg	NOKEY	MAX	NOKEY
1446656602855	0	lts_1104C_18_01	18	01	1	234	0	0	0	CR	MAX	16/Ababycup2.jpg	Ababycup2.jpg	NOKEY	MAX	NOKEY
1446656605948	0	lts_1104C_18_01	18	01	1	235	0	0	0	CR	MAX	juicebox.jpg	juicebox.jpg	NOKEY	MAX	NOKEY
1446656609042	0	lts_1104C_18_01	18	01	1	236	0	0	0	CR	MAX	ADEEPFRY5.jpg	ADEEPFRY5.jpg	NOKEY	MAX	NOKEY
1446656612134	0	lts_1104C_18_01	18	01	1	237	0	0	0	CR	MAX	Apepperoni.jpg	Apepperoni.jpg	NOKEY	MAX	NOKEY
1446656615227	0	lts_1104C_18_01	18	01	1	238	0	0	0	CR	MAX	26468374.thl.jpg	26468374.thl.jpg	NOKEY	MAX	NOKEY
1446656618320	0	lts_1104C_18_01	18	01	1	239	0	0	0	CR	MAX	2/razorscooter.jpg	razorscooter.jpg	NOKEY	MAX	NOKEY
1446656621413	0	lts_1104C_18_01	18	01	1	240	0	0	0	CR	MAX	Awindtoy5.jpg	Awindtoy5.jpg	NOKEY	MAX	NOKEY
1446656622833	0	lts_1104C_18_01	18	01	1	241	2	1	1	Hit	945	2-12/razorscooter.jpg	razorscooter.jpg	SPACE	987	SPACE
1446656625926	0	lts_1104C_18_01	18	01	1	242	0	0	0	CR	MAX	2/26425788.thl.jpg	26425788.thl.jpg	NOKEY	MAX	NOKEY
1446656629003	0	lts_1104C_18_01	18	01	1	243	0	0	0	CR	MAX	8252024.thl.jpg	8252024.thl.jpg	NOKEY	MAX	NOKEY
1446656629988	0	lts_1104C_18_01	18	01	1	244	2	1	1	Hit	512	2-3/26425788.thl.jpg	26425788.thl.jpg	SPACE	552	SPACE
1446656633082	0	lts_1104C_18_01	18	01	1	245	0	0	0	CR	MAX	ATHISEND4.jpg	ATHISEND4.jpg	NOKEY	MAX	NOKEY
1446656636175	0	lts_1104C_18_01	18	01	1	246	0	0	0	CR	MAX	B_makeupbag.jpg	B_makeupbag.jpg	NOKEY	MAX	NOKEY
1446656637178	0	lts_1104C_18_01	18	01	1	247	128	1	1	Hit	531	128-6/batteries-a.jpg	batteries-a.jpg	SPACE	567	SPACE
1446656640270	0	lts_1104C_18_01	18	01	1	248	0	0	0	CR	MAX	hairbarette.jpg	hairbarette.jpg	NOKEY	MAX	NOKEY
1446656643363	0	lts_1104C_18_01	18	01	1	249	0	0	0	CR	MAX	16/AGOAT10.jpg	AGOAT10.jpg	NOKEY	MAX	NOKEY
1446656644383	0	lts_1104C_18_01	18	01	1	250	16	1	1	Hit	545	16-first/Ababycup2.jpg	Ababycup2.jpg	SPACE	584	SPACE
1446656647476	0	lts_1104C_18_01	18	01	1	251	0	0	0	CR	MAX	1/26428576.thl.jpg	26428576.thl.jpg	NOKEY	MAX	NOKEY
1446656650552	0	lts_1104C_18_01	18	01	1	252	1	1	0	Miss	MAX	1-13/26428576.thl.jpg	26428576.thl.jpg	NOKEY	MAX	SPACE
1446656652791	0	lts_1104C_18_01	18	01	1	253	0	0	1	FA	1763	Agourd8.jpg	Agourd8.jpg	SPACE	1806	NOKEY
1446656653828	0	lts_1104C_18_01	18	01	1	254	4	1	1	Hit	566	4-mul/Ababycup2.jpg	Ababycup2.jpg	SPACE	603	SPACE
1446656656920	0	lts_1104C_18_01	18	01	1	255	0	0	0	CR	MAX	4/AHONEYSTI.jpg	AHONEYSTI.jpg	NOKEY	MAX	NOKEY
1446656660014	0	lts_1104C_18_01	18	01	1	256	0	0	0	CR	MAX	Adeer16.jpg	Adeer16.jpg	NOKEY	MAX	NOKEY
1446656663107	0	lts_1104C_18_01	18	01	1	257	0	0	0	CR	MAX	AMETALPER.jpg	AMETALPER.jpg	NOKEY	MAX	NOKEY
1446656666200	0	lts_1104C_18_01	18	01	1	258	0	0	0	CR	MAX	ATABLES5.jpg	ATABLES5.jpg	NOKEY	MAX	NOKEY
1446656667570	0	lts_1104C_18_01	18	01	1	259	4	1	1	Hit	899	4-9/AHONEYSTI.jpg	AHONEYSTI.jpg	SPACE	936	SPACE
1446656670647	0	lts_1104C_18_01	18	01	1	260	0	0	0	CR	MAX	ADENTRAY3.jpg	ADENTRAY3.jpg	NOKEY	MAX	NOKEY
1446656673738	0	lts_1104C_18_01	18	01	1	261	0	0	0	CR	MAX	8/Atool120.jpg	Atool120.jpg	NOKEY	MAX	NOKEY
1446656676831	0	lts_1104C_18_01	18	01	1	262	0	0	0	CR	MAX	ACHOPBOWL.jpg	ACHOPBOWL.jpg	NOKEY	MAX	NOKEY
1446656678136	0	lts_1104C_18_01	18	01	1	263	32	1	1	Hit	824	32-3/ADRUM.jpg	ADRUM.jpg	SPACE	869	SPACE
1446656681229	0	lts_1104C_18_01	18	01	1	264	0	0	0	CR	MAX	ABEERBOT5.jpg	ABEERBOT5.jpg	NOKEY	MAX	NOKEY
1446656682282	0	lts_1104C_18_01	18	01	1	265	16	1	1	Hit	568	16-first/AGOAT10.jpg	AGOAT10.jpg	SPACE	618	SPACE
1446656685375	0	lts_1104C_18_01	18	01	1	266	0	0	0	CR	MAX	orientalvase.jpg	orientalvase.jpg	NOKEY	MAX	NOKEY
1446656688468	0	lts_1104C_18_01	18	01	1	267	0	0	0	CR	MAX	26372465.thl.jpg	26372465.thl.jpg	NOKEY	MAX	NOKEY
1446656691561	0	lts_1104C_18_01	18	01	1	268	0	0	0	CR	MAX	ALIQBOOK.jpg	ALIQBOOK.jpg	NOKEY	MAX	NOKEY
1446656694637	0	lts_1104C_18_01	18	01	1	269	8	1	0	Miss	MAX	8-first/Atool120.jpg	Atool120.jpg	NOKEY	MAX	SPACE
1446656697728	0	lts_1104C_18_01	18	01	1	270	0	0	0	CR	MAX	retainertheeth.jpg	retainertheeth.jpg	NOKEY	MAX	NOKEY
1446656700821	0	lts_1104C_18_01	18	01	1	271	0	0	0	CR	MAX	catslglol.jpg	catslglol.jpg	NOKEY	MAX	NOKEY
1446656703914	0	lts_1104C_18_01	18	01	1	272	0	0	0	CR	MAX	64/AHUNTVES2.jpg	AHUNTVES2.jpg	NOKEY	MAX	NOKEY
1446656707008	0	lts_1104C_18_01	18	01	1	273	0	0	0	CR	MAX	ABLUCAND5.jpg	ABLUCAND5.jpg	NOKEY	MAX	NOKEY
1446656710100	0	lts_1104C_18_01	18	01	1	274	0	0	0	CR	MAX	8048786.thl.jpg	8048786.thl.jpg	NOKEY	MAX	NOKEY
1446656713193	0	lts_1104C_18_01	18	01	1	275	0	0	0	CR	MAX	32/AANTSTO12.jpg	AANTSTO12.jpg	NOKEY	MAX	NOKEY
1446656716286	0	lts_1104C_18_01	18	01	1	276	0	0	0	CR	MAX	26687325.thl.jpg	26687325.thl.jpg	NOKEY	MAX	NOKEY
1446656719379	0	lts_1104C_18_01	18	01	1	277	0	0	0	CR	MAX	22919000.thl.jpg	22919000.thl.jpg	NOKEY	MAX	NOKEY
1446656722455	0	lts_1104C_18_01	18	01	1	278	0	0	0	CR	MAX	1/26374158.thl.jpg	26374158.thl.jpg	NOKEY	MAX	NOKEY
1446656723341	0	lts_1104C_18_01	18	01	1	279	1	1	1	Hit	415	1-6/26374158.thl.jpg	26374158.thl.jpg	SPACE	451	SPACE
1446656726501	0	lts_1104C_18_01	18	01	1	280	0	0	0	CR	MAX	26424133.thl.jpg	26424133.thl.jpg	NOKEY	MAX	NOKEY
1446656727587	0	lts_1104C_18_01	18	01	1	281	16	1	1	Hit	609	16-mul/AGOAT10.jpg	AGOAT10.jpg	SPACE	652	SPACE
1446656730662	0	lts_1104C_18_01	18	01	1	282	0	0	0	CR	MAX	8/AICESKAT8.jpg	AICESKAT8.jpg	NOKEY	MAX	NOKEY
1446656733738	0	lts_1104C_18_01	18	01	1	283	0	0	0	CR	MAX	26432173.thl.jpg	26432173.thl.jpg	NOKEY	MAX	NOKEY
1446656736831	0	lts_1104C_18_01	18	01	1	284	0	0	0	CR	MAX	16/Aelephant9.jpg	Aelephant9.jpg	NOKEY	MAX	NOKEY
1446656737901	0	lts_1104C_18_01	18	01	1	285	16	1	1	Hit	587	16-mul/Atool120.jpg	Atool120.jpg	SPACE	636	SPACE
1446656740994	0	lts_1104C_18_01	18	01	1	286	0	0	0	CR	MAX	AMOUSWHEE.jpg	AMOUSWHEE.jpg	NOKEY	MAX	NOKEY
1446656744088	0	lts_1104C_18_01	18	01	1	287	0	0	0	CR	MAX	Adill.jpg	Adill.jpg	NOKEY	MAX	NOKEY
1446656745258	0	lts_1104C_18_01	18	01	1	288	128	1	1	Hit	688	128-1/AFOOTST26.jpg	AFOOTST26.jpg	SPACE	735	SPACE
1446656748351	0	lts_1104C_18_01	18	01	1	289	0	0	0	CR	MAX	Acablelatch.jpg	Acablelatch.jpg	NOKEY	MAX	NOKEY
1446656749337	0	lts_1104C_18_01	18	01	1	290	8	1	1	Hit	504	8-first/AICESKAT8.jpg	AICESKAT8.jpg	SPACE	551	SPACE
1446656752430	0	lts_1104C_18_01	18	01	1	291	0	0	0	CR	MAX	ABOWLCARV.jpg	ABOWLCARV.jpg	NOKEY	MAX	NOKEY
1446656753349	0	lts_1104C_18_01	18	01	1	292	2	1	1	Hit	443	2-mul/AICESKAT8.jpg	AICESKAT8.jpg	SPACE	484	SPACE
1446656756442	0	lts_1104C_18_01	18	01	1	293	0	0	0	CR	MAX	ACEILHOOK.jpg	ACEILHOOK.jpg	NOKEY	MAX	NOKEY
1446656759535	0	lts_1104C_18_01	18	01	1	294	0	0	0	CR	MAX	22827408.thl.jpg	22827408.thl.jpg	NOKEY	MAX	NOKEY
1446656762628	0	lts_1104C_18_01	18	01	1	295	0	0	0	CR	MAX	2/AOLDLIFE3.jpg	AOLDLIFE3.jpg	NOKEY	MAX	NOKEY
1446656765703	0	lts_1104C_18_01	18	01	1	296	0	0	0	CR	MAX	10049507.thl-1.jpg	10049507.thl-1.jpg	NOKEY	MAX	NOKEY
1446656766789	0	lts_1104C_18_01	18	01	1	297	2	1	1	Hit	604	2-5/AOLDLIFE3.jpg	AOLDLIFE3.jpg	SPACE	653	SPACE
1446656769882	0	lts_1104C_18_01	18	01	1	298	0	0	0	CR	MAX	dragon.jpg	dragon.jpg	NOKEY	MAX	NOKEY
1446656772975	0	lts_1104C_18_01	18	01	1	299	0	0	0	CR	MAX	ASCREEN3.jpg	ASCREEN3.jpg	NOKEY	MAX	NOKEY
1446656774313	0	lts_1104C_18_01	18	01	1	300	16	1	1	Hit	852	16-first/Aelephant9.jpg	Aelephant9.jpg	SPACE	903	SPACE
1446656777406	0	lts_1104C_18_01	18	01	1	301	0	0	0	CR	MAX	1/Aavocado7.jpg	Aavocado7.jpg	NOKEY	MAX	NOKEY
1446656778560	0	lts_1104C_18_01	18	01	1	302	1	1	1	Hit	684	1-9/Aavocado7.jpg	Aavocado7.jpg	SPACE	718	SPACE
1446656781652	0	lts_1104C_18_01	18	01	1	303	0	0	0	CR	MAX	clothpiece.jpg	clothpiece.jpg	NOKEY	MAX	NOKEY
1446656782688	0	lts_1104C_18_01	18	01	1	304	00	1	1	Hit	557	00-across/kimono.jpg	kimono.jpg	SPACE	603	SPACE
1446656785764	0	lts_1104C_18_01	18	01	1	305	0	0	0	CR	MAX	10049193.thl.jpg	10049193.thl.jpg	NOKEY	MAX	NOKEY
1446656788857	0	lts_1104C_18_01	18	01	1	306	0	0	0	CR	MAX	128/monkeypuppet.jpg	monkeypuppet.jpg	NOKEY	MAX	NOKEY
1446656790212	0	lts_1104C_18_01	18	01	1	307	32	1	1	Hit	880	32-8/AANTSTO12.jpg	AANTSTO12.jpg	SPACE	920	SPACE
1446656793305	0	lts_1104C_18_01	18	01	1	308	0	0	0	CR	MAX	AWEIGHTS8.jpg	AWEIGHTS8.jpg	NOKEY	MAX	NOKEY
1446656796397	0	lts_1104C_18_01	18	01	1	309	0	0	0	CR	MAX	16/26440073.thl.jpg	26440073.thl.jpg	NOKEY	MAX	NOKEY
1446656798036	0	lts_1104C_18_01	18	01	1	310	0	0	1	FA	1149	2/Aflashlight3.jpg	Aflashlight3.jpg	SPACE	1187	NOKEY
1446656801129	0	lts_1104C_18_01	18	01	1	311	0	0	0	CR	MAX	Acomputerdriv.jpg	Acomputerdriv.jpg	NOKEY	MAX	NOKEY
1446656801930	0	lts_1104C_18_01	18	01	1	312	2	1	1	Hit	331	2-8/Aflashlight3.jpg	Aflashlight3.jpg	SPACE	368	SPACE
1446656805024	0	lts_1104C_18_01	18	01	1	313	0	0	0	CR	MAX	ASPRITZER.jpg	ASPRITZER.jpg	NOKEY	MAX	NOKEY
1446656808117	0	lts_1104C_18_01	18	01	1	314	0	0	0	CR	MAX	26427950.thl.jpg	26427950.thl.jpg	NOKEY	MAX	NOKEY
1446656811193	0	lts_1104C_18_01	18	01	1	315	0	0	0	CR	MAX	311-863-217.jpg	311-863-217.jpg	NOKEY	MAX	NOKEY
1446656812196	0	lts_1104C_18_01	18	01	1	316	16	1	1	Hit	517	16-mul/Aelephant9.jpg	Aelephant9.jpg	SPACE	568	SPACE
1446656815272	0	lts_1104C_18_01	18	01	1	317	0	0	0	CR	MAX	Astackingtoy2.jpg	Astackingtoy2.jpg	NOKEY	MAX	NOKEY
1446656816325	0	lts_1104C_18_01	18	01	1	318	00	1	1	Hit	580	00-across/petfood.jpg	petfood.jpg	SPACE	618	SPACE
1446656819418	0	lts_1104C_18_01	18	01	1	319	0	0	0	CR	MAX	64/Abasketofbrea.jpg	Abasketofbrea.jpg	NOKEY	MAX	NOKEY
1446656822511	0	lts_1104C_18_01	18	01	1	320	0	0	0	CR	MAX	2/ACHANGDIS.jpg	ACHANGDIS.jpg	NOKEY	MAX	NOKEY
1446656825587	0	lts_1104C_18_01	18	01	1	321	0	0	0	CR	MAX	Acomputer11.jpg	Acomputer11.jpg	NOKEY	MAX	NOKEY
1446656828662	0	lts_1104C_18_01	18	01	1	322	2	1	0	Miss	MAX	2-2/ACHANGDIS.jpg	ACHANGDIS.jpg	NOKEY	MAX	SPACE
1446656831755	0	lts_1104C_18_01	18	01	1	323	0	0	0	CR	MAX	Atelephoneja2.jpg	Atelephoneja2.jpg	NOKEY	MAX	NOKEY
1446656834847	0	lts_1104C_18_01	18	01	1	324	0	0	0	CR	MAX	Adecorati133.jpg	Adecorati133.jpg	NOKEY	MAX	NOKEY
1446656835884	0	lts_1104C_18_01	18	01	1	325	16	1	1	Hit	561	16-0/26440073.thl.jpg	26440073.thl.jpg	SPACE	603	SPACE
1446656838977	0	lts_1104C_18_01	18	01	1	326	0	0	0	CR	MAX	8255030.thl.jpg	8255030.thl.jpg	NOKEY	MAX	NOKEY
1446656842070	0	lts_1104C_18_01	18	01	1	327	0	0	0	CR	MAX	16/schoolbus.jpg	schoolbus.jpg	NOKEY	MAX	NOKEY
1446656843241	0	lts_1104C_18_01	18	01	1	328	128	1	1	Hit	686	128-0/ABROOM11.jpg	ABROOM11.jpg	SPACE	735	SPACE
1446656846333	0	lts_1104C_18_01	18	01	1	329	0	0	0	CR	MAX	2/Aeasteregg14.jpg	Aeasteregg14.jpg	NOKEY	MAX	NOKEY
1446656849426	0	lts_1104C_18_01	18	01	1	330	0	0	0	CR	MAX	32/26467443.thl.jpg	26467443.thl.jpg	NOKEY	MAX	NOKEY
1446656850463	0	lts_1104C_18_01	18	01	1	331	2	1	1	Hit	555	2-9/Aeasteregg14.jpg	Aeasteregg14.jpg	SPACE	602	SPACE
1446656853555	0	lts_1104C_18_01	18	01	1	332	0	0	0	CR	MAX	Achrisd25.jpg	Achrisd25.jpg	NOKEY	MAX	NOKEY
1446656856632	0	lts_1104C_18_01	18	01	1	333	0	0	0	CR	MAX	8/ACHESSPI4.jpg	ACHESSPI4.jpg	NOKEY	MAX	NOKEY
1446656859707	0	lts_1104C_18_01	18	01	1	334	0	0	0	CR	MAX	8248852.thl.jpg	8248852.thl.jpg	NOKEY	MAX	NOKEY
1446656862799	0	lts_1104C_18_01	18	01	1	335	0	0	0	CR	MAX	Atoy35.jpg	Atoy35.jpg	NOKEY	MAX	NOKEY
1446656864188	0	lts_1104C_18_01	18	01	1	336	64	1	1	Hit	910	64-first/AHUNTVES2.jpg	AHUNTVES2.jpg	SPACE	953	SPACE
1446656867281	0	lts_1104C_18_01	18	01	1	337	0	0	0	CR	MAX	Afitting3.jpg	Afitting3.jpg	NOKEY	MAX	NOKEY
1446656870373	0	lts_1104C_18_01	18	01	1	338	0	0	0	CR	MAX	workweightmach.jpg	workweightmach.jpg	NOKEY	MAX	NOKEY
1446656871527	0	lts_1104C_18_01	18	01	1	339	00	1	1	Hit	680	00-across/Aleaf74.jpg	Aleaf74.jpg	SPACE	719	SPACE
1446656874620	0	lts_1104C_18_01	18	01	1	340	0	0	0	CR	MAX	Ababtoy13.jpg	Ababtoy13.jpg	NOKEY	MAX	NOKEY
1446656875789	0	lts_1104C_18_01	18	01	1	341	8	1	1	Hit	686	8-first/ACHESSPI4.jpg	ACHESSPI4.jpg	SPACE	736	SPACE
1446656878882	0	lts_1104C_18_01	18	01	1	342	0	0	0	CR	MAX	Aseat3.jpg	Aseat3.jpg	NOKEY	MAX	NOKEY
1446656879985	0	lts_1104C_18_01	18	01	1	343	16	1	1	Hit	628	16-first/schoolbus.jpg	schoolbus.jpg	SPACE	670	SPACE
1446656883079	0	lts_1104C_18_01	18	01	1	344	0	0	0	CR	MAX	Agardeningrak.jpg	Agardeningrak.jpg	NOKEY	MAX	NOKEY
1446656884116	0	lts_1104C_18_01	18	01	1	345	4	1	1	Hit	564	4-mul/ACHESSPI4.jpg	ACHESSPI4.jpg	SPACE	600	SPACE
1446656887208	0	lts_1104C_18_01	18	01	1	346	0	0	0	CR	MAX	Abellcookiec3.jpg	Abellcookiec3.jpg	NOKEY	MAX	NOKEY
1446656888178	0	lts_1104C_18_01	18	01	1	347	4	1	1	Hit	490	4-mul/schoolbus.jpg	schoolbus.jpg	SPACE	534	SPACE
1446656889649	0	lts_1104C_18_01	18	01	1	348	0	0	1	FA	972	8/26374089.thl.jpg	26374089.thl.jpg	SPACE	1020	NOKEY
1446656892741	0	lts_1104C_18_01	18	01	1	349	0	0	0	CR	MAX	32/26370445.thl.jpg	26370445.thl.jpg	NOKEY	MAX	NOKEY
1446656895834	0	lts_1104C_18_01	18	01	1	350	0	0	0	CR	MAX	ABLOODCEA.jpg	ABLOODCEA.jpg	NOKEY	MAX	NOKEY
1446656898926	0	lts_1104C_18_01	18	01	1	351	0	0	0	CR	MAX	AFERRY5.jpg	AFERRY5.jpg	NOKEY	MAX	NOKEY
1446656899896	0	lts_1104C_18_01	18	01	1	352	16	1	1	Hit	499	16-mul/AHUNTVES2.jpg	AHUNTVES2.jpg	SPACE	536	SPACE
1446656902989	0	lts_1104C_18_01	18	01	1	353	0	0	0	CR	MAX	Acane116.jpg	Acane116.jpg	NOKEY	MAX	NOKEY
1446656906083	0	lts_1104C_18_01	18	01	1	354	0	0	0	CR	MAX	8018499.thl.jpg	8018499.thl.jpg	NOKEY	MAX	NOKEY
1446656909159	0	lts_1104C_18_01	18	01	1	355	0	0	0	CR	MAX	23063814.thl.jpg	23063814.thl.jpg	NOKEY	MAX	NOKEY
1446656910262	0	lts_1104C_18_01	18	01	1	356	8	1	1	Hit	626	8-1/26374089.thl.jpg	26374089.thl.jpg	SPACE	668	SPACE
1446656913355	0	lts_1104C_18_01	18	01	1	357	0	0	0	CR	MAX	AWOODST19.jpg	AWOODST19.jpg	NOKEY	MAX	NOKEY
1446656916448	0	lts_1104C_18_01	18	01	1	358	0	0	0	CR	MAX	2/AWIG10.jpg	AWIG10.jpg	NOKEY	MAX	NOKEY
1446656919540	0	lts_1104C_18_01	18	01	1	359	0	0	0	CR	MAX	AMETDETE2.jpg	AMETDETE2.jpg	NOKEY	MAX	NOKEY
1446656920510	0	lts_1104C_18_01	18	01	1	360	2	1	1	Hit	496	2-11/AWIG10.jpg	AWIG10.jpg	SPACE	535	SPACE
1446656923603	0	lts_1104C_18_01	18	01	1	361	0	0	0	CR	MAX	Astereo30.jpg	Astereo30.jpg	NOKEY	MAX	NOKEY
1446656924623	0	lts_1104C_18_01	18	01	1	362	32	1	1	Hit	536	32-9/26467443.thl.jpg	26467443.thl.jpg	SPACE	585	SPACE
1446656927698	0	lts_1104C_18_01	18	01	1	363	0	0	0	CR	MAX	8021743.thl.jpg	8021743.thl.jpg	NOKEY	MAX	NOKEY
1446656930791	0	lts_1104C_18_01	18	01	1	364	0	0	0	CR	MAX	4/ACROQUET2.jpg	ACROQUET2.jpg	NOKEY	MAX	NOKEY
1446656933883	0	lts_1104C_18_01	18	01	1	365	0	0	0	CR	MAX	8/ARICE2.jpg	ARICE2.jpg	NOKEY	MAX	NOKEY
1446656935004	0	lts_1104C_18_01	18	01	1	366	00	1	1	Hit	643	00-across/ACASSETT2.jpg	ACASSETT2.jpg	SPACE	686	SPACE
1446656938097	0	lts_1104C_18_01	18	01	1	367	0	0	0	CR	MAX	ACOMB5.jpg	ACOMB5.jpg	NOKEY	MAX	NOKEY
1446656939267	0	lts_1104C_18_01	18	01	1	368	4	1	1	Hit	700	4-3/ACROQUET2.jpg	ACROQUET2.jpg	SPACE	734	SPACE
1446656942360	0	lts_1104C_18_01	18	01	1	369	0	0	0	CR	MAX	Ahat47.jpg	Ahat47.jpg	NOKEY	MAX	NOKEY
1446656945436	0	lts_1104C_18_01	18	01	1	370	0	0	0	CR	MAX	AHAZELNU3.jpg	AHAZELNU3.jpg	NOKEY	MAX	NOKEY
1446656948529	0	lts_1104C_18_01	18	01	1	371	0	0	0	CR	MAX	8/ABABYPIN2.jpg	ABABYPIN2.jpg	NOKEY	MAX	NOKEY
1446656951622	0	lts_1104C_18_01	18	01	1	372	0	0	0	CR	MAX	AJUICER.jpg	AJUICER.jpg	NOKEY	MAX	NOKEY
1446656952774	0	lts_1104C_18_01	18	01	1	373	8	1	1	Hit	681	8-first/ARICE2.jpg	ARICE2.jpg	SPACE	719	SPACE
1446656955867	0	lts_1104C_18_01	18	01	1	374	0	0	0	CR	MAX	Adicecupandb5.jpg	Adicecupandb5.jpg	NOKEY	MAX	NOKEY
1446656958960	0	lts_1104C_18_01	18	01	1	375	0	0	0	CR	MAX	APETROL2.jpg	APETROL2.jpg	NOKEY	MAX	NOKEY
1446656962054	0	lts_1104C_18_01	18	01	1	376	0	0	0	CR	MAX	22852032.thl.jpg	22852032.thl.jpg	NOKEY	MAX	NOKEY
1446656963023	0	lts_1104C_18_01	18	01	1	377	4	1	1	Hit	497	4-mul/ARICE2.jpg	ARICE2.jpg	SPACE	535	SPACE
1446656966099	0	lts_1104C_18_01	18	01	1	378	0	0	0	CR	MAX	ARELSCU49.jpg	ARELSCU49.jpg	NOKEY	MAX	NOKEY
1446656967454	0	lts_1104C_18_01	18	01	1	379	8	1	1	Hit	879	8-first/ABABYPIN2.jpg	ABABYPIN2.jpg	SPACE	919	SPACE
1446656970546	0	lts_1104C_18_01	18	01	1	380	0	0	0	CR	MAX	AWOODENF3.jpg	AWOODENF3.jpg	NOKEY	MAX	NOKEY
1446656971633	0	lts_1104C_18_01	18	01	1	381	32	1	1	Hit	608	32-0/26370445.thl.jpg	26370445.thl.jpg	SPACE	652	SPACE
1446656974725	0	lts_1104C_18_01	18	01	1	382	0	0	0	CR	MAX	DSCN3767-sm.jpg	DSCN3767-sm.jpg	NOKEY	MAX	NOKEY
1446656975711	0	lts_1104C_18_01	18	01	1	383	64	1	1	Hit	516	64-first/Abasketofbrea.jpg	Abasketofbrea.jpg	SPACE	553	SPACE
1446656978804	0	lts_1104C_18_01	18	01	1	384	0	0	0	CR	MAX	AWALNUT3.jpg	AWALNUT3.jpg	NOKEY	MAX	NOKEY
1446656979673	0	lts_1104C_18_01	18	01	1	385	2	1	1	Hit	385	2-mul/Abasketofbrea.jpg	Abasketofbrea.jpg	SPACE	436	SPACE
1446656982766	0	lts_1104C_18_01	18	01	1	386	0	0	0	CR	MAX	1/Atool12.jpg	Atool12.jpg	NOKEY	MAX	NOKEY
1446656983819	0	lts_1104C_18_01	18	01	1	387	1	1	1	Hit	581	1-10/Atool12.jpg	Atool12.jpg	SPACE	619	SPACE
1446656986912	0	lts_1104C_18_01	18	01	1	388	0	0	0	CR	MAX	ABOXVIALS.jpg	ABOXVIALS.jpg	NOKEY	MAX	NOKEY
1446656990006	0	lts_1104C_18_01	18	01	1	389	0	0	0	CR	MAX	16/Abagofherbs.jpg	Abagofherbs.jpg	NOKEY	MAX	NOKEY
1446656993099	0	lts_1104C_18_01	18	01	1	390	0	0	0	CR	MAX	1/AHIBACHI.jpg	AHIBACHI.jpg	NOKEY	MAX	NOKEY
1446656993950	0	lts_1104C_18_01	18	01	1	391	1	1	1	Hit	370	1-2/AHIBACHI.jpg	AHIBACHI.jpg	SPACE	418	SPACE
1446656997044	0	lts_1104C_18_01	18	01	1	392	0	0	0	CR	MAX	1/Abicycleglove.jpg	Abicycleglove.jpg	NOKEY	MAX	NOKEY
1446656997829	0	lts_1104C_18_01	18	01	1	393	1	1	1	Hit	303	1-11/Abicycleglove.jpg	Abicycleglove.jpg	SPACE	351	SPACE
1446657000905	0	lts_1104C_18_01	18	01	1	394	0	0	0	CR	MAX	AWREATH9.jpg	AWREATH9.jpg	NOKEY	MAX	NOKEY
1446657002009	0	lts_1104C_18_01	18	01	1	395	16	1	1	Hit	635	16-mul/ABABYPIN2.jpg	ABABYPIN2.jpg	SPACE	670	SPACE
1446657005102	0	lts_1104C_18_01	18	01	1	396	0	0	0	CR	MAX	ASTAMPS.jpg	ASTAMPS.jpg	NOKEY	MAX	NOKEY
1446657007058	0	lts_1104C_18_01	18	01	1	397	0	0	1	FA	1459	2/26428057.thl.jpg	26428057.thl.jpg	SPACE	1505	NOKEY
1446657010151	0	lts_1104C_18_01	18	01	1	398	0	0	0	CR	MAX	APARKMET6.jpg	APARKMET6.jpg	NOKEY	MAX	NOKEY
1446657011070	0	lts_1104C_18_01	18	01	1	399	2	1	1	Hit	434	2-13/26428057.thl.jpg	26428057.thl.jpg	SPACE	485	SPACE
1446657014163	0	lts_1104C_18_01	18	01	1	400	0	0	0	CR	MAX	26440261.thl.jpg	26440261.thl.jpg	NOKEY	MAX	NOKEY
1446657017256	0	lts_1104C_18_01	18	01	1	401	0	0	0	CR	MAX	1/AWEIGHTS3.jpg	AWEIGHTS3.jpg	NOKEY	MAX	NOKEY
1446657018275	0	lts_1104C_18_01	18	01	1	402	1	1	1	Hit	548	1-1/AWEIGHTS3.jpg	AWEIGHTS3.jpg	SPACE	584	SPACE
1446657021418	0	lts_1104C_18_01	18	01	1	403	0	0	0	CR	MAX	ACARDFRA2.jpg	ACARDFRA2.jpg	NOKEY	MAX	NOKEY
1446657024511	0	lts_1104C_18_01	18	01	1	404	0	0	0	CR	MAX	26375702.thl.jpg	26375702.thl.jpg	NOKEY	MAX	NOKEY
1446657026300	0	lts_1104C_18_01	18	01	1	405	16	1	1	Hit	1305	16-first/Abagofherbs.jpg	Abagofherbs.jpg	SPACE	1353	SPACE
1446657029393	0	lts_1104C_18_01	18	01	1	406	0	0	0	CR	MAX	4/Atoybird10.jpg	Atoybird10.jpg	NOKEY	MAX	NOKEY
1446657032469	0	lts_1104C_18_01	18	01	1	407	0	0	0	CR	MAX	8/AWILDPIG.jpg	AWILDPIG.jpg	NOKEY	MAX	NOKEY
1446657035562	0	lts_1104C_18_01	18	01	1	408	0	0	0	CR	MAX	sphinx.jpg	sphinx.jpg	NOKEY	MAX	NOKEY
1446657038654	0	lts_1104C_18_01	18	01	1	409	0	0	0	CR	MAX	largemacscreen.jpg	largemacscreen.jpg	NOKEY	MAX	NOKEY
1446657039690	0	lts_1104C_18_01	18	01	1	410	4	1	1	Hit	557	4-8/Atoybird10.jpg	Atoybird10.jpg	SPACE	603	SPACE
1446657042766	0	lts_1104C_18_01	18	01	1	411	0	0	0	CR	MAX	26379161.thl.jpg	26379161.thl.jpg	NOKEY	MAX	NOKEY
1446657045842	0	lts_1104C_18_01	18	01	1	412	0	0	0	CR	MAX	26432109.thl.jpg	26432109.thl.jpg	NOKEY	MAX	NOKEY
1446657048918	0	lts_1104C_18_01	18	01	1	413	0	0	0	CR	MAX	26388148.thl.jpg	26388148.thl.jpg	NOKEY	MAX	NOKEY
1446657051994	0	lts_1104C_18_01	18	01	1	414	0	0	0	CR	MAX	Atoyboat10.jpg	Atoyboat10.jpg	NOKEY	MAX	NOKEY
1446657055072	0	lts_1104C_18_01	18	01	1	415	8	1	0	Miss	MAX	8-first/AWILDPIG.jpg	AWILDPIG.jpg	NOKEY	MAX	SPACE
1446657058164	0	lts_1104C_18_01	18	01	1	416	0	0	0	CR	MAX	8/A_flower.jpg	A_flower.jpg	NOKEY	MAX	NOKEY
1446657059100	0	lts_1104C_18_01	18	01	1	417	2	1	1	Hit	451	2-mul/AWILDPIG.jpg	AWILDPIG.jpg	SPACE	500	SPACE
1446657062193	0	lts_1104C_18_01	18	01	1	418	0	0	0	CR	MAX	Ahumidifier.jpg	Ahumidifier.jpg	NOKEY	MAX	NOKEY
1446657065286	0	lts_1104C_18_01	18	01	1	419	0	0	0	CR	MAX	AGRILL1.jpg	AGRILL1.jpg	NOKEY	MAX	NOKEY
1446657068379	0	lts_1104C_18_01	18	01	1	420	0	0	0	CR	MAX	sausage.jpg	sausage.jpg	NOKEY	MAX	NOKEY
1446657069382	0	lts_1104C_18_01	18	01	1	421	16	1	1	Hit	533	16-mul/Abagofherbs.jpg	Abagofherbs.jpg	SPACE	568	SPACE
1446657072474	0	lts_1104C_18_01	18	01	1	422	0	0	0	CR	MAX	Acamerabag.jpg	Acamerabag.jpg	NOKEY	MAX	NOKEY
1446657075567	0	lts_1104C_18_01	18	01	1	423	0	0	0	CR	MAX	Arubberducky2.jpg	Arubberducky2.jpg	NOKEY	MAX	NOKEY
1446657076787	0	lts_1104C_18_01	18	01	1	424	8	1	1	Hit	741	8-first/A_flower.jpg	A_flower.jpg	SPACE	785	SPACE
1446657079879	0	lts_1104C_18_01	18	01	1	425	0	0	0	CR	MAX	Aclock285.jpg	Aclock285.jpg	NOKEY	MAX	NOKEY
1446657082972	0	lts_1104C_18_01	18	01	1	426	0	0	0	CR	MAX	2/ASTONHOU2.jpg	ASTONHOU2.jpg	NOKEY	MAX	NOKEY
1446657086066	0	lts_1104C_18_01	18	01	1	427	0	0	0	CR	MAX	Alock34.jpg	Alock34.jpg	NOKEY	MAX	NOKEY
1446657087353	0	lts_1104C_18_01	18	01	1	428	2	1	1	Hit	817	2-10/ASTONHOU2.jpg	ASTONHOU2.jpg	SPACE	851	SPACE
1446657090446	0	lts_1104C_18_01	18	01	1	429	0	0	0	CR	MAX	AEXPERIM3.jpg	AEXPERIM3.jpg	NOKEY	MAX	NOKEY
1446657093539	0	lts_1104C_18_01	18	01	1	430	0	0	0	CR	MAX	2/clawhairclips.jpg	clawhairclips.jpg	NOKEY	MAX	NOKEY
1446657096632	0	lts_1104C_18_01	18	01	1	431	0	0	0	CR	MAX	8021410.thl.jpg	8021410.thl.jpg	NOKEY	MAX	NOKEY
1446657097701	0	lts_1104C_18_01	18	01	1	432	2	1	1	Hit	600	2-1/clawhairclips.jpg	clawhairclips.jpg	SPACE	635	SPACE
1446657100793	0	lts_1104C_18_01	18	01	1	433	0	0	0	CR	MAX	ASOPRASAX.jpg	ASOPRASAX.jpg	NOKEY	MAX	NOKEY
1446657102048	0	lts_1104C_18_01	18	01	1	434	128	1	1	Hit	774	128-4/monkeypuppet.jpg	monkeypuppet.jpg	SPACE	820	SPACE
1446657105141	0	lts_1104C_18_01	18	01	1	435	0	0	0	CR	MAX	1/Aasianbuildin.jpg	Aasianbuildin.jpg	NOKEY	MAX	NOKEY
1446657106027	0	lts_1104C_18_01	18	01	1	436	1	1	1	Hit	408	1-5/Aasianbuildin.jpg	Aasianbuildin.jpg	SPACE	452	SPACE
1446657109120	0	lts_1104C_18_01	18	01	1	437	0	0	0	CR	MAX	ATOWER3.jpg	ATOWER3.jpg	NOKEY	MAX	NOKEY
1446657112212	0	lts_1104C_18_01	18	01	1	438	0	0	0	CR	MAX	Acampingcoffe.jpg	Acampingcoffe.jpg	NOKEY	MAX	NOKEY
1446657115305	0	lts_1104C_18_01	18	01	1	439	0	0	0	CR	MAX	ADIAMCRYS.jpg	ADIAMCRYS.jpg	NOKEY	MAX	NOKEY
1446657116258	0	lts_1104C_18_01	18	01	1	440	16	1	1	Hit	482	16-mul/A_flower.jpg	A_flower.jpg	SPACE	517	SPACE
1446657119351	0	lts_1104C_18_01	18	01	1	441	0	0	0	CR	MAX	Aconferencer3.jpg	Aconferencer3.jpg	NOKEY	MAX	NOKEY
1446657122444	0	lts_1104C_18_01	18	01	1	442	0	0	0	CR	MAX	AANTRAD24.jpg	AANTRAD24.jpg	NOKEY	MAX	NOKEY
1446657125537	0	lts_1104C_18_01	18	01	1	443	0	0	0	CR	MAX	4/Abrassbu2.jpg	Abrassbu2.jpg	NOKEY	MAX	NOKEY
1446657128613	0	lts_1104C_18_01	18	01	1	444	0	0	0	CR	MAX	AARTICHO1.jpg	AARTICHO1.jpg	NOKEY	MAX	NOKEY
1446657131704	0	lts_1104C_18_01	18	01	1	445	0	0	0	CR	MAX	AHEELCUPS.jpg	AHEELCUPS.jpg	NOKEY	MAX	NOKEY
1446657134797	0	lts_1104C_18_01	18	01	1	446	0	0	0	CR	MAX	Aflowerwreat2.jpg	Aflowerwreat2.jpg	NOKEY	MAX	NOKEY
1446657135867	0	lts_1104C_18_01	18	01	1	447	4	1	1	Hit	587	4-1/Abrassbu2.jpg	Abrassbu2.jpg	SPACE	636	SPACE
1446657138960	0	lts_1104C_18_01	18	01	1	448	0	0	0	CR	MAX	22806086.thl.jpg	22806086.thl.jpg	NOKEY	MAX	NOKEY
1446657142054	0	lts_1104C_18_01	18	01	1	449	0	0	0	CR	MAX	AJOYSTIC1.jpg	AJOYSTIC1.jpg	NOKEY	MAX	NOKEY
1446657153515	0	E	Logging Ends
