1447360873370	0	B	Logging Begins
1447361065654	0	lts_1112L_27_01	27	01	0	0	0	0	0	CR	MAX	Aboardgame2.jpg	Aboardgame2.jpg	NOKEY	MAX	NOKEY
1447361068730	0	lts_1112L_27_01	27	01	0	1	0	0	0	CR	MAX	cheesies.jpg	cheesies.jpg	NOKEY	MAX	NOKEY
1447361071823	0	lts_1112L_27_01	27	01	0	2	0	0	0	CR	MAX	blackjackcasinotable.jpg	blackjackcasinotable.jpg	NOKEY	MAX	NOKEY
1447361074899	0	lts_1112L_27_01	27	01	0	3	0	0	0	CR	MAX	ACOWBELL6.jpg	ACOWBELL6.jpg	NOKEY	MAX	NOKEY
1447361077975	0	lts_1112L_27_01	27	01	0	4	0	0	0	CR	MAX	128/26419670.thl.jpg	26419670.thl.jpg	NOKEY	MAX	NOKEY
1447361081051	0	lts_1112L_27_01	27	01	0	5	0	0	0	CR	MAX	Hammock.jpg	Hammock.jpg	NOKEY	MAX	NOKEY
1447361084127	0	lts_1112L_27_01	27	01	0	6	0	0	0	CR	MAX	ADIPPER6.jpg	ADIPPER6.jpg	NOKEY	MAX	NOKEY
1447361087203	0	lts_1112L_27_01	27	01	0	7	0	0	0	CR	MAX	AMAILBOX9.jpg	AMAILBOX9.jpg	NOKEY	MAX	NOKEY
1447361090279	0	lts_1112L_27_01	27	01	0	8	0	0	0	CR	MAX	26374731.thl.jpg	26374731.thl.jpg	NOKEY	MAX	NOKEY
1447361093422	0	lts_1112L_27_01	27	01	0	9	0	0	0	CR	MAX	Alobster10.jpg	Alobster10.jpg	NOKEY	MAX	NOKEY
1447361096498	0	lts_1112L_27_01	27	01	0	10	0	0	0	CR	MAX	4/26423905.thl.jpg	26423905.thl.jpg	NOKEY	MAX	NOKEY
1447361099574	0	lts_1112L_27_01	27	01	0	11	0	0	0	CR	MAX	ASLIDVIE2.jpg	ASLIDVIE2.jpg	NOKEY	MAX	NOKEY
1447361102667	0	lts_1112L_27_01	27	01	0	12	0	0	0	CR	MAX	22869624.thl.jpg	22869624.thl.jpg	NOKEY	MAX	NOKEY
1447361105743	0	lts_1112L_27_01	27	01	0	13	0	0	0	CR	MAX	128/AMIXER.jpg	AMIXER.jpg	NOKEY	MAX	NOKEY
1447361106913	0	lts_1112L_27_01	27	01	0	14	4	1	1	Hit	690	4-5/26423905.thl.jpg	26423905.thl.jpg	SPACE	736	SPACE
1447361109989	0	lts_1112L_27_01	27	01	0	15	0	0	0	CR	MAX	AWOODPIN.jpg	AWOODPIN.jpg	NOKEY	MAX	NOKEY
1447361113065	0	lts_1112L_27_01	27	01	0	16	0	0	0	CR	MAX	32/ABLAKBEN2.jpg	ABLAKBEN2.jpg	NOKEY	MAX	NOKEY
1447361116141	0	lts_1112L_27_01	27	01	0	17	0	0	0	CR	MAX	16/26369999.thl.jpg	26369999.thl.jpg	NOKEY	MAX	NOKEY
1447361119217	0	lts_1112L_27_01	27	01	0	18	0	0	0	CR	MAX	zip-a.jpg	zip-a.jpg	NOKEY	MAX	NOKEY
1447361122293	0	lts_1112L_27_01	27	01	0	19	0	0	0	CR	MAX	Atintelephone.jpg	Atintelephone.jpg	NOKEY	MAX	NOKEY
1447361125369	0	lts_1112L_27_01	27	01	0	20	0	0	0	CR	MAX	AAEROBENC.jpg	AAEROBENC.jpg	NOKEY	MAX	NOKEY
1447361128446	0	lts_1112L_27_01	27	01	0	21	0	0	0	CR	MAX	26432760.thl.jpg	26432760.thl.jpg	NOKEY	MAX	NOKEY
1447361131522	0	lts_1112L_27_01	27	01	0	22	0	0	0	CR	MAX	128/AFOOTST26.jpg	AFOOTST26.jpg	NOKEY	MAX	NOKEY
1447361134614	0	lts_1112L_27_01	27	01	0	23	0	0	0	CR	MAX	1/APOGO4.jpg	APOGO4.jpg	NOKEY	MAX	NOKEY
1447361135701	0	lts_1112L_27_01	27	01	0	24	1	1	1	Hit	601	1-2/APOGO4.jpg	APOGO4.jpg	SPACE	652	SPACE
1447361138777	0	lts_1112L_27_01	27	01	0	25	0	0	0	CR	MAX	16/ALITTERB2.jpg	ALITTERB2.jpg	NOKEY	MAX	NOKEY
1447361141853	0	lts_1112L_27_01	27	01	0	26	0	0	0	CR	MAX	64/AROCKET20.jpg	AROCKET20.jpg	NOKEY	MAX	NOKEY
1447361144929	0	lts_1112L_27_01	27	01	0	27	0	0	0	CR	MAX	Amonkey5.jpg	Amonkey5.jpg	NOKEY	MAX	NOKEY
1447361148006	0	lts_1112L_27_01	27	01	0	28	0	0	0	CR	MAX	26379612.thl.jpg	26379612.thl.jpg	NOKEY	MAX	NOKEY
1447361149460	0	lts_1112L_27_01	27	01	0	29	0	0	1	FA	975	16/23076640.thl.jpg	23076640.thl.jpg	SPACE	1020	NOKEY
1447361152536	0	lts_1112L_27_01	27	01	0	30	0	0	0	CR	MAX	Adecorativet3.jpg	Adecorativet3.jpg	NOKEY	MAX	NOKEY
1447361155612	0	lts_1112L_27_01	27	01	0	31	0	0	0	CR	MAX	Abooties4.jpg	Abooties4.jpg	NOKEY	MAX	NOKEY
1447361158688	0	lts_1112L_27_01	27	01	0	32	0	0	0	CR	MAX	26421740.thl.jpg	26421740.thl.jpg	NOKEY	MAX	NOKEY
1447361159875	0	lts_1112L_27_01	27	01	0	33	16	1	1	Hit	713	16-1/26369999.thl.jpg	26369999.thl.jpg	SPACE	753	SPACE
1447361162951	0	lts_1112L_27_01	27	01	0	34	0	0	0	CR	MAX	Ametalpress.jpg	Ametalpress.jpg	NOKEY	MAX	NOKEY
1447361166111	0	lts_1112L_27_01	27	01	0	35	0	0	0	CR	MAX	2/basketball.JPG	basketball.JPG	NOKEY	MAX	NOKEY
1447361169187	0	lts_1112L_27_01	27	01	0	36	0	0	0	CR	MAX	16/ABABYCUP3.jpg	ABABYCUP3.jpg	NOKEY	MAX	NOKEY
1447361170441	0	lts_1112L_27_01	27	01	0	37	2	1	1	Hit	777	2-4/basketball.JPG	basketball.JPG	SPACE	819	SPACE
1447361173517	0	lts_1112L_27_01	27	01	0	38	0	0	0	CR	MAX	1/Akitchensinka.jpg	Akitchensinka.jpg	NOKEY	MAX	NOKEY
1447361174536	0	lts_1112L_27_01	27	01	0	39	1	1	1	Hit	539	1-10/Akitchensinka.jpg	Akitchensinka.jpg	SPACE	585	SPACE
1447361177612	0	lts_1112L_27_01	27	01	0	40	0	0	0	CR	MAX	Aantiquesofa4.jpg	Aantiquesofa4.jpg	NOKEY	MAX	NOKEY
1447361178766	0	lts_1112L_27_01	27	01	0	41	16	1	1	Hit	676	16-first/ALITTERB2.jpg	ALITTERB2.jpg	SPACE	719	SPACE
1447361181842	0	lts_1112L_27_01	27	01	0	42	0	0	0	CR	MAX	ACEILHOOK.jpg	ACEILHOOK.jpg	NOKEY	MAX	NOKEY
1447361184918	0	lts_1112L_27_01	27	01	0	43	0	0	0	CR	MAX	26387690.thl.jpg	26387690.thl.jpg	NOKEY	MAX	NOKEY
1447361187994	0	lts_1112L_27_01	27	01	0	44	0	0	0	CR	MAX	26466344.thl.jpg	26466344.thl.jpg	NOKEY	MAX	NOKEY
1447361189148	0	lts_1112L_27_01	27	01	0	45	16	1	1	Hit	672	16-0/23076640.thl.jpg	23076640.thl.jpg	SPACE	719	SPACE
1447361192240	0	lts_1112L_27_01	27	01	0	46	0	0	0	CR	MAX	Atool12.jpg	Atool12.jpg	NOKEY	MAX	NOKEY
1447361195316	0	lts_1112L_27_01	27	01	0	47	0	0	0	CR	MAX	AWASHMAC5.jpg	AWASHMAC5.jpg	NOKEY	MAX	NOKEY
1447361196520	0	lts_1112L_27_01	27	01	0	48	32	1	1	Hit	725	32-1/ABLAKBEN2.jpg	ABLAKBEN2.jpg	SPACE	769	SPACE
1447361199596	0	lts_1112L_27_01	27	01	0	49	0	0	0	CR	MAX	ASHOTCAS2.jpg	ASHOTCAS2.jpg	NOKEY	MAX	NOKEY
1447361202672	0	lts_1112L_27_01	27	01	0	50	0	0	0	CR	MAX	32/tuba1.jpg	tuba1.jpg	NOKEY	MAX	NOKEY
1447361205748	0	lts_1112L_27_01	27	01	0	51	0	0	0	CR	MAX	mriscanner.jpg	mriscanner.jpg	NOKEY	MAX	NOKEY
1447361206935	0	lts_1112L_27_01	27	01	0	52	16	1	1	Hit	714	16-first/ABABYCUP3.jpg	ABABYCUP3.jpg	SPACE	752	SPACE
1447361210011	0	lts_1112L_27_01	27	01	0	53	0	0	0	CR	MAX	Aim4ribbo.jpg	Aim4ribbo.jpg	NOKEY	MAX	NOKEY
1447361211182	0	lts_1112L_27_01	27	01	0	54	2	1	1	Hit	696	2-mul/ABABYCUP3.jpg	ABABYCUP3.jpg	SPACE	735	SPACE
1447361214274	0	lts_1112L_27_01	27	01	0	55	0	0	0	CR	MAX	seesaw.jpg	seesaw.jpg	NOKEY	MAX	NOKEY
1447361217350	0	lts_1112L_27_01	27	01	0	56	0	0	0	CR	MAX	4/D_dumpster.jpg	D_dumpster.jpg	NOKEY	MAX	NOKEY
1447361218353	0	lts_1112L_27_01	27	01	0	57	16	1	1	Hit	527	16-mul/ALITTERB2.jpg	ALITTERB2.jpg	SPACE	568	SPACE
1447361221430	0	lts_1112L_27_01	27	01	0	58	0	0	0	CR	MAX	AREDROSE8.jpg	AREDROSE8.jpg	NOKEY	MAX	NOKEY
1447361224506	0	lts_1112L_27_01	27	01	0	59	0	0	0	CR	MAX	Avideocamera2.jpg	Avideocamera2.jpg	NOKEY	MAX	NOKEY
1447361225542	0	lts_1112L_27_01	27	01	0	60	4	1	1	Hit	559	4-11/D_dumpster.jpg	D_dumpster.jpg	SPACE	602	SPACE
1447361228618	0	lts_1112L_27_01	27	01	0	61	0	0	0	CR	MAX	8/Adog120.jpg	Adog120.jpg	NOKEY	MAX	NOKEY
1447361231694	0	lts_1112L_27_01	27	01	0	62	0	0	0	CR	MAX	1/AARTIFLE2.jpg	AARTIFLE2.jpg	NOKEY	MAX	NOKEY
1447361232798	0	lts_1112L_27_01	27	01	0	63	1	1	1	Hit	623	1-4/AARTIFLE2.jpg	AARTIFLE2.jpg	SPACE	669	SPACE
1447361235874	0	lts_1112L_27_01	27	01	0	64	0	0	0	CR	MAX	fireextinguisher.jpg	fireextinguisher.jpg	NOKEY	MAX	NOKEY
1447361238950	0	lts_1112L_27_01	27	01	0	65	0	0	0	CR	MAX	32/Adaisies3.jpg	Adaisies3.jpg	NOKEY	MAX	NOKEY
1447361242026	0	lts_1112L_27_01	27	01	0	66	0	0	0	CR	MAX	26375896.thl.jpg	26375896.thl.jpg	NOKEY	MAX	NOKEY
1447361245102	0	lts_1112L_27_01	27	01	0	67	0	0	0	CR	MAX	Asandal7.jpg	Asandal7.jpg	NOKEY	MAX	NOKEY
1447361248178	0	lts_1112L_27_01	27	01	0	68	0	0	0	CR	MAX	Akazoo2.jpg	Akazoo2.jpg	NOKEY	MAX	NOKEY
1447361249482	0	lts_1112L_27_01	27	01	0	69	8	1	1	Hit	831	8-1/Adog120.jpg	Adog120.jpg	SPACE	870	SPACE
1447361252558	0	lts_1112L_27_01	27	01	0	70	0	0	0	CR	MAX	26373844.thl.jpg	26373844.thl.jpg	NOKEY	MAX	NOKEY
1447361255634	0	lts_1112L_27_01	27	01	0	71	0	0	0	CR	MAX	32/26384871.thl.jpg	26384871.thl.jpg	NOKEY	MAX	NOKEY
1447361258727	0	lts_1112L_27_01	27	01	0	72	0	0	0	CR	MAX	2/26427867.thl.jpg	26427867.thl.jpg	NOKEY	MAX	NOKEY
1447361261803	0	lts_1112L_27_01	27	01	0	73	0	0	0	CR	MAX	AWOODST19.jpg	AWOODST19.jpg	NOKEY	MAX	NOKEY
1447361263040	0	lts_1112L_27_01	27	01	0	74	2	1	1	Hit	762	2-6/26427867.thl.jpg	26427867.thl.jpg	SPACE	802	SPACE
1447361266116	0	lts_1112L_27_01	27	01	0	75	0	0	0	CR	MAX	ALAZQUART.jpg	ALAZQUART.jpg	NOKEY	MAX	NOKEY
1447361269192	0	lts_1112L_27_01	27	01	0	76	0	0	0	CR	MAX	4/ASHIRTSK2.jpg	ASHIRTSK2.jpg	NOKEY	MAX	NOKEY
1447361272285	0	lts_1112L_27_01	27	01	0	77	0	0	0	CR	MAX	Awindow19.jpg	Awindow19.jpg	NOKEY	MAX	NOKEY
1447361275361	0	lts_1112L_27_01	27	01	0	78	0	0	0	CR	MAX	AAMBULAN7.jpg	AAMBULAN7.jpg	NOKEY	MAX	NOKEY
1447361278437	0	lts_1112L_27_01	27	01	0	79	0	0	0	CR	MAX	Agolfplaque.jpg	Agolfplaque.jpg	NOKEY	MAX	NOKEY
1447361279407	0	lts_1112L_27_01	27	01	0	80	4	1	1	Hit	494	4-6/ASHIRTSK2.jpg	ASHIRTSK2.jpg	SPACE	535	SPACE
1447361282483	0	lts_1112L_27_01	27	01	0	81	0	0	0	CR	MAX	8022057.thl.jpg	8022057.thl.jpg	NOKEY	MAX	NOKEY
1447361283570	0	lts_1112L_27_01	27	01	0	82	32	1	1	Hit	610	32-8/tuba1.jpg	tuba1.jpg	SPACE	652	SPACE
1447361286646	0	lts_1112L_27_01	27	01	0	83	0	0	0	CR	MAX	ABOOK23.jpg	ABOOK23.jpg	NOKEY	MAX	NOKEY
1447361288434	0	lts_1112L_27_01	27	01	0	84	0	0	1	FA	1319	2/AWALKMAN2.jpg	AWALKMAN2.jpg	SPACE	1354	NOKEY
1447361291510	0	lts_1112L_27_01	27	01	0	85	0	0	0	CR	MAX	ADOCKPOST.jpg	ADOCKPOST.jpg	NOKEY	MAX	NOKEY
1447361292714	0	lts_1112L_27_01	27	01	0	86	2	1	1	Hit	719	2-13/AWALKMAN2.jpg	AWALKMAN2.jpg	SPACE	769	SPACE
1447361295790	0	lts_1112L_27_01	27	01	0	87	0	0	0	CR	MAX	26282515.thl.jpg	26282515.thl.jpg	NOKEY	MAX	NOKEY
1447361298866	0	lts_1112L_27_01	27	01	0	88	0	0	0	CR	MAX	4/Abeverage11.jpg	Abeverage11.jpg	NOKEY	MAX	NOKEY
1447361301959	0	lts_1112L_27_01	27	01	0	89	0	0	0	CR	MAX	Atoy12.jpg	Atoy12.jpg	NOKEY	MAX	NOKEY
1447361303129	0	lts_1112L_27_01	27	01	0	90	64	1	1	Hit	692	64-first/AROCKET20.jpg	AROCKET20.jpg	SPACE	735	SPACE
1447361305319	0	lts_1112L_27_01	27	01	0	91	0	0	1	FA	1712	Acane116.jpg	Acane116.jpg	SPACE	1755	NOKEY
1447361306607	0	lts_1112L_27_01	27	01	0	92	4	1	1	Hit	812	4-7/Abeverage11.jpg	Abeverage11.jpg	SPACE	852	SPACE
1447361309699	0	lts_1112L_27_01	27	01	0	93	0	0	0	CR	MAX	AGONG12.jpg	AGONG12.jpg	NOKEY	MAX	NOKEY
1447361310803	0	lts_1112L_27_01	27	01	0	94	4	1	1	Hit	620	4-mul/AROCKET20.jpg	AROCKET20.jpg	SPACE	669	SPACE
1447361313879	0	lts_1112L_27_01	27	01	0	95	0	0	0	CR	MAX	Agratedchees2.jpg	Agratedchees2.jpg	NOKEY	MAX	NOKEY
1447361316955	0	lts_1112L_27_01	27	01	0	96	0	0	0	CR	MAX	AWOODSPAT.jpg	AWOODSPAT.jpg	NOKEY	MAX	NOKEY
1447361318225	0	lts_1112L_27_01	27	01	0	97	32	1	1	Hit	797	32-2/Adaisies3.jpg	Adaisies3.jpg	SPACE	836	SPACE
1447361321301	0	lts_1112L_27_01	27	01	0	98	0	0	0	CR	MAX	64/mechanicalspring.jpg	mechanicalspring.jpg	NOKEY	MAX	NOKEY
1447361322839	0	lts_1112L_27_01	27	01	0	99	0	0	1	FA	1056	26370116.thl.jpg	26370116.thl.jpg	SPACE	1103	NOKEY
1447361325916	0	lts_1112L_27_01	27	01	0	100	0	0	0	CR	MAX	ACANDEXT.jpg	ACANDEXT.jpg	NOKEY	MAX	NOKEY
1447361328992	0	lts_1112L_27_01	27	01	0	101	0	0	0	CR	MAX	8/AADDBOOK.jpg	AADDBOOK.jpg	NOKEY	MAX	NOKEY
1447361332068	0	lts_1112L_27_01	27	01	0	102	0	0	0	CR	MAX	AMECHHAN3.jpg	AMECHHAN3.jpg	NOKEY	MAX	NOKEY
1447361333188	0	lts_1112L_27_01	27	01	0	103	32	1	1	Hit	646	32-6/26384871.thl.jpg	26384871.thl.jpg	SPACE	686	SPACE
1447361336280	0	lts_1112L_27_01	27	01	0	104	0	0	0	CR	MAX	64/22949719.thl.jpg	22949719.thl.jpg	NOKEY	MAX	NOKEY
1447361339357	0	lts_1112L_27_01	27	01	0	105	0	0	0	CR	MAX	8027656.thl.jpg	8027656.thl.jpg	NOKEY	MAX	NOKEY
1447361342433	0	lts_1112L_27_01	27	01	0	106	0	0	0	CR	MAX	1/26429130.thl.jpg	26429130.thl.jpg	NOKEY	MAX	NOKEY
1447361343536	0	lts_1112L_27_01	27	01	0	107	1	1	1	Hit	631	1-0/26429130.thl.jpg	26429130.thl.jpg	SPACE	669	SPACE
1447361346612	0	lts_1112L_27_01	27	01	0	108	0	0	0	CR	MAX	23016343.thl.jpg	23016343.thl.jpg	NOKEY	MAX	NOKEY
1447361347883	0	lts_1112L_27_01	27	01	0	109	8	1	1	Hit	800	8-0/AADDBOOK.jpg	AADDBOOK.jpg	SPACE	836	SPACE
1447361350959	0	lts_1112L_27_01	27	01	0	110	0	0	0	CR	MAX	Aboot9.jpg	Aboot9.jpg	NOKEY	MAX	NOKEY
1447361354035	0	lts_1112L_27_01	27	01	0	111	0	0	0	CR	MAX	Apowerbar7.jpg	Apowerbar7.jpg	NOKEY	MAX	NOKEY
1447361357111	0	lts_1112L_27_01	27	01	0	112	0	0	0	CR	MAX	8/AJEWELBO3.jpg	AJEWELBO3.jpg	NOKEY	MAX	NOKEY
1447361360187	0	lts_1112L_27_01	27	01	0	113	0	0	0	CR	MAX	1/football.JPG	football.JPG	NOKEY	MAX	NOKEY
1447361361307	0	lts_1112L_27_01	27	01	0	114	1	1	1	Hit	644	1-8/football.JPG	football.JPG	SPACE	686	SPACE
1447361364383	0	lts_1112L_27_01	27	01	0	115	0	0	0	CR	MAX	8/Aairtank7.jpg	Aairtank7.jpg	NOKEY	MAX	NOKEY
1447361367476	0	lts_1112L_27_01	27	01	0	116	0	0	0	CR	MAX	ringbox03.jpg	ringbox03.jpg	NOKEY	MAX	NOKEY
1447361370552	0	lts_1112L_27_01	27	01	0	117	0	0	0	CR	MAX	E_tractor.jpg	E_tractor.jpg	NOKEY	MAX	NOKEY
1447361373628	0	lts_1112L_27_01	27	01	0	118	0	0	0	CR	MAX	64/Arubberstampa.jpg	Arubberstampa.jpg	NOKEY	MAX	NOKEY
1447361376704	0	lts_1112L_27_01	27	01	0	119	0	0	0	CR	MAX	ACARDFRA2.jpg	ACARDFRA2.jpg	NOKEY	MAX	NOKEY
1447361377975	0	lts_1112L_27_01	27	01	0	120	8	1	1	Hit	798	8-first/AJEWELBO3.jpg	AJEWELBO3.jpg	SPACE	835	SPACE
1447361381051	0	lts_1112L_27_01	27	01	0	121	0	0	0	CR	MAX	32/Ahighlightin2.jpg	Ahighlightin2.jpg	NOKEY	MAX	NOKEY
1447361384127	0	lts_1112L_27_01	27	01	0	122	0	0	0	CR	MAX	AALARMSY6.jpg	AALARMSY6.jpg	NOKEY	MAX	NOKEY
1447361385230	0	lts_1112L_27_01	27	01	0	123	8	1	1	Hit	633	8-first/Aairtank7.jpg	Aairtank7.jpg	SPACE	669	SPACE
1447361388306	0	lts_1112L_27_01	27	01	0	124	0	0	0	CR	MAX	Aashtray67.jpg	Aashtray67.jpg	NOKEY	MAX	NOKEY
1447361391382	0	lts_1112L_27_01	27	01	0	125	0	0	0	CR	MAX	Adoorknocker2.jpg	Adoorknocker2.jpg	NOKEY	MAX	NOKEY
1447361394475	0	lts_1112L_27_01	27	01	0	126	0	0	0	CR	MAX	4/8080484.thl.jpg	8080484.thl.jpg	NOKEY	MAX	NOKEY
1447361395762	0	lts_1112L_27_01	27	01	0	127	4	1	1	Hit	804	4-mul/Aairtank7.jpg	Aairtank7.jpg	SPACE	852	SPACE
1447361398838	0	lts_1112L_27_01	27	01	0	128	0	0	0	CR	MAX	128/Awomansshoe3.jpg	Awomansshoe3.jpg	NOKEY	MAX	NOKEY
1447361401914	0	lts_1112L_27_01	27	01	0	129	0	0	0	CR	MAX	Atoycoil.jpg	Atoycoil.jpg	NOKEY	MAX	NOKEY
1447361403085	0	lts_1112L_27_01	27	01	0	130	4	1	1	Hit	688	4-9/8080484.thl.jpg	8080484.thl.jpg	SPACE	735	SPACE
1447361406161	0	lts_1112L_27_01	27	01	0	131	0	0	0	CR	MAX	APICTURE.jpg	APICTURE.jpg	NOKEY	MAX	NOKEY
1447361408117	0	lts_1112L_27_01	27	01	0	132	128	1	1	Hit	1476	128-0/26419670.thl.jpg	26419670.thl.jpg	SPACE	1522	SPACE
1447361411193	0	lts_1112L_27_01	27	01	0	133	0	0	0	CR	MAX	26433942.thl.jpg	26433942.thl.jpg	NOKEY	MAX	NOKEY
1447361414269	0	lts_1112L_27_01	27	01	0	134	0	0	0	CR	MAX	ABREASPU2.jpg	ABREASPU2.jpg	NOKEY	MAX	NOKEY
1447361417345	0	lts_1112L_27_01	27	01	0	135	0	0	0	CR	MAX	Aradio24.jpg	Aradio24.jpg	NOKEY	MAX	NOKEY
1447361418532	0	lts_1112L_27_01	27	01	0	136	16	1	1	Hit	715	16-mul/AJEWELBO3.jpg	AJEWELBO3.jpg	SPACE	753	SPACE
1447361421608	0	lts_1112L_27_01	27	01	0	137	0	0	0	CR	MAX	Atelephoneja2.jpg	Atelephoneja2.jpg	NOKEY	MAX	NOKEY
1447361424701	0	lts_1112L_27_01	27	01	0	138	0	0	0	CR	MAX	APEELER.jpg	APEELER.jpg	NOKEY	MAX	NOKEY
1447361425988	0	lts_1112L_27_01	27	01	0	139	0	0	1	FA	786	airbottle1.jpg	airbottle1.jpg	SPACE	836	NOKEY
1447361429064	0	lts_1112L_27_01	27	01	0	140	0	0	0	CR	MAX	babyseatback.jpg	babyseatback.jpg	NOKEY	MAX	NOKEY
1447361430552	0	lts_1112L_27_01	27	01	0	141	128	1	1	Hit	1010	128-5/AMIXER.jpg	AMIXER.jpg	SPACE	1054	SPACE
1447361433628	0	lts_1112L_27_01	27	01	0	142	0	0	0	CR	MAX	2/Acardinal2.jpg	Acardinal2.jpg	NOKEY	MAX	NOKEY
1447361436704	0	lts_1112L_27_01	27	01	0	143	0	0	0	CR	MAX	AKITE5.jpg	AKITE5.jpg	NOKEY	MAX	NOKEY
1447361437891	0	lts_1112L_27_01	27	01	0	144	2	1	1	Hit	706	2-10/Acardinal2.jpg	Acardinal2.jpg	SPACE	752	SPACE
1447361440967	0	lts_1112L_27_01	27	01	0	145	0	0	0	CR	MAX	Abarn4.jpg	Abarn4.jpg	NOKEY	MAX	NOKEY
1447361444043	0	lts_1112L_27_01	27	01	0	146	0	0	0	CR	MAX	2/tires.jpg	tires.jpg	NOKEY	MAX	NOKEY
1447361447119	0	lts_1112L_27_01	27	01	0	147	0	0	0	CR	MAX	AALIEN.jpg	AALIEN.jpg	NOKEY	MAX	NOKEY
1447361448256	0	lts_1112L_27_01	27	01	0	148	2	1	1	Hit	659	2-1/tires.jpg	tires.jpg	SPACE	702	SPACE
1447361451332	0	lts_1112L_27_01	27	01	0	149	0	0	0	CR	MAX	64/ACAFLATT3.jpg	ACAFLATT3.jpg	NOKEY	MAX	NOKEY
1447361452486	0	lts_1112L_27_01	27	01	0	150	128	1	1	Hit	682	128-1/AFOOTST26.jpg	AFOOTST26.jpg	SPACE	719	SPACE
1447361455578	0	lts_1112L_27_01	27	01	0	151	0	0	0	CR	MAX	22855404.thl.jpg	22855404.thl.jpg	NOKEY	MAX	NOKEY
1447361458654	0	lts_1112L_27_01	27	01	0	152	0	0	0	CR	MAX	8/26426417.thl.jpg	26426417.thl.jpg	NOKEY	MAX	NOKEY
1447361459758	0	lts_1112L_27_01	27	01	0	153	32	1	1	Hit	626	32-9/Ahighlightin2.jpg	Ahighlightin2.jpg	SPACE	669	SPACE
1447361462834	0	lts_1112L_27_01	27	01	0	154	0	0	0	CR	MAX	Acableandacce.jpg	Acableandacce.jpg	NOKEY	MAX	NOKEY
1447361465910	0	lts_1112L_27_01	27	01	0	155	0	0	0	CR	MAX	ABOX8.jpg	ABOX8.jpg	NOKEY	MAX	NOKEY
1447361468986	0	lts_1112L_27_01	27	01	0	156	0	0	0	CR	MAX	1/ABONGO3.jpg	ABONGO3.jpg	NOKEY	MAX	NOKEY
1447361470156	0	lts_1112L_27_01	27	01	0	157	1	1	1	Hit	691	1-11/ABONGO3.jpg	ABONGO3.jpg	SPACE	735	SPACE
1447361473232	0	lts_1112L_27_01	27	01	0	158	0	0	0	CR	MAX	ADOGTOY.jpg	ADOGTOY.jpg	NOKEY	MAX	NOKEY
1447361476308	0	lts_1112L_27_01	27	01	0	159	0	0	0	CR	MAX	ARATTLE.jpg	ARATTLE.jpg	NOKEY	MAX	NOKEY
1447361477378	0	lts_1112L_27_01	27	01	0	160	8	1	1	Hit	600	8-first/26426417.thl.jpg	26426417.thl.jpg	SPACE	635	SPACE
1447361480454	0	lts_1112L_27_01	27	01	0	161	0	0	0	CR	MAX	Aringclamp2.jpg	Aringclamp2.jpg	NOKEY	MAX	NOKEY
1447361481625	0	lts_1112L_27_01	27	01	0	162	64	1	1	Hit	696	64-first/mechanicalspring.jpg	mechanicalspring.jpg	SPACE	735	SPACE
1447361484701	0	lts_1112L_27_01	27	01	0	163	0	0	0	CR	MAX	Atool129.jpg	Atool129.jpg	NOKEY	MAX	NOKEY
1447361485837	0	lts_1112L_27_01	27	01	0	164	2	1	1	Hit	662	2-mul/mechanicalspring.jpg	mechanicalspring.jpg	SPACE	702	SPACE
1447361488930	0	lts_1112L_27_01	27	01	0	165	0	0	0	CR	MAX	ABALLYAR4.jpg	ABALLYAR4.jpg	NOKEY	MAX	NOKEY
1447361492007	0	lts_1112L_27_01	27	01	0	166	0	0	0	CR	MAX	32/36407685.thl.jpg	36407685.thl.jpg	NOKEY	MAX	NOKEY
1447361495082	0	lts_1112L_27_01	27	01	0	167	0	0	0	CR	MAX	ASADDLE2.jpg	ASADDLE2.jpg	NOKEY	MAX	NOKEY
1447361496169	0	lts_1112L_27_01	27	01	0	168	64	1	1	Hit	604	64-first/22949719.thl.jpg	22949719.thl.jpg	SPACE	652	SPACE
1447361499245	0	lts_1112L_27_01	27	01	0	169	0	0	0	CR	MAX	32/AFBLADE.jpg	AFBLADE.jpg	NOKEY	MAX	NOKEY
1447361502321	0	lts_1112L_27_01	27	01	0	170	0	0	0	CR	MAX	AWREATH9.jpg	AWREATH9.jpg	NOKEY	MAX	NOKEY
1447361505397	0	lts_1112L_27_01	27	01	0	171	0	0	0	CR	MAX	Acablelatch.jpg	Acablelatch.jpg	NOKEY	MAX	NOKEY
1447361506434	0	lts_1112L_27_01	27	01	0	172	4	1	1	Hit	564	4-mul/22949719.thl.jpg	22949719.thl.jpg	SPACE	602	SPACE
1447361509510	0	lts_1112L_27_01	27	01	0	173	0	0	0	CR	MAX	Acarnivalgame.jpg	Acarnivalgame.jpg	NOKEY	MAX	NOKEY
1447361511098	0	lts_1112L_27_01	27	01	0	174	0	0	1	FA	1113	Awheelchair6.jpg	Awheelchair6.jpg	SPACE	1154	NOKEY
1447361514174	0	lts_1112L_27_01	27	01	0	175	0	0	0	CR	MAX	Atelecommuni4.jpg	Atelecommuni4.jpg	NOKEY	MAX	NOKEY
1447361515194	0	lts_1112L_27_01	27	01	0	176	16	1	1	Hit	545	16-mul/26426417.thl.jpg	26426417.thl.jpg	SPACE	586	SPACE
1447361518270	0	lts_1112L_27_01	27	01	0	177	0	0	0	CR	MAX	64/AABSTRACT.jpg	AABSTRACT.jpg	NOKEY	MAX	NOKEY
1447361521363	0	lts_1112L_27_01	27	01	0	178	0	0	0	CR	MAX	AFILMCUTT.jpg	AFILMCUTT.jpg	NOKEY	MAX	NOKEY
1447361524439	0	lts_1112L_27_01	27	01	0	179	0	0	0	CR	MAX	1/AMEDIEQUI.jpg	AMEDIEQUI.jpg	NOKEY	MAX	NOKEY
1447361525542	0	lts_1112L_27_01	27	01	0	180	1	1	1	Hit	631	1-9/AMEDIEQUI.jpg	AMEDIEQUI.jpg	SPACE	669	SPACE
1447361528618	0	lts_1112L_27_01	27	01	0	181	0	0	0	CR	MAX	8/Abootbinding.jpg	Abootbinding.jpg	NOKEY	MAX	NOKEY
1447361529805	0	lts_1112L_27_01	27	01	0	182	64	1	1	Hit	705	64-first/Arubberstampa.jpg	Arubberstampa.jpg	SPACE	752	SPACE
1447361532881	0	lts_1112L_27_01	27	01	0	183	0	0	0	CR	MAX	ASTAR.jpg	ASTAR.jpg	NOKEY	MAX	NOKEY
1447361534018	0	lts_1112L_27_01	27	01	0	184	2	1	1	Hit	655	2-mul/Arubberstampa.jpg	Arubberstampa.jpg	SPACE	702	SPACE
1447361537094	0	lts_1112L_27_01	27	01	0	185	0	0	0	CR	MAX	APICNICBL.jpg	APICNICBL.jpg	NOKEY	MAX	NOKEY
1447361538465	0	lts_1112L_27_01	27	01	0	186	0	0	1	FA	889	AWALKER11.jpg	AWALKER11.jpg	SPACE	936	NOKEY
1447361541541	0	lts_1112L_27_01	27	01	0	187	0	0	0	CR	MAX	128/Acandle120.jpg	Acandle120.jpg	NOKEY	MAX	NOKEY
1447361544617	0	lts_1112L_27_01	27	01	0	188	0	0	0	CR	MAX	22849344.thl.jpg	22849344.thl.jpg	NOKEY	MAX	NOKEY
1447361546255	0	lts_1112L_27_01	27	01	0	189	8	1	1	Hit	1158	8-first/Abootbinding.jpg	Abootbinding.jpg	SPACE	1203	SPACE
1447361549331	0	lts_1112L_27_01	27	01	0	190	0	0	0	CR	MAX	128/AKNIFECOL.jpg	AKNIFECOL.jpg	NOKEY	MAX	NOKEY
1447361552408	0	lts_1112L_27_01	27	01	0	191	0	0	0	CR	MAX	2/ABATHSALT.jpg	ABATHSALT.jpg	NOKEY	MAX	NOKEY
1447361555484	0	lts_1112L_27_01	27	01	0	192	0	0	0	CR	MAX	32/Aspinningwhe2.jpg	Aspinningwhe2.jpg	NOKEY	MAX	NOKEY
1447361556788	0	lts_1112L_27_01	27	01	0	193	2	1	1	Hit	829	2-11/ABATHSALT.jpg	ABATHSALT.jpg	SPACE	869	SPACE
1447361559880	0	lts_1112L_27_01	27	01	0	194	0	0	0	CR	MAX	ABOXVIALS.jpg	ABOXVIALS.jpg	NOKEY	MAX	NOKEY
1447361562956	0	lts_1112L_27_01	27	01	0	195	0	0	0	CR	MAX	Akangarooandb.jpg	Akangarooandb.jpg	NOKEY	MAX	NOKEY
1447361566032	0	lts_1112L_27_01	27	01	0	196	0	0	0	CR	MAX	Atool120.jpg	Atool120.jpg	NOKEY	MAX	NOKEY
1447361569109	0	lts_1112L_27_01	27	01	0	197	0	0	0	CR	MAX	potato.jpg	potato.jpg	NOKEY	MAX	NOKEY
1447361570329	0	lts_1112L_27_01	27	01	0	198	32	1	1	Hit	739	32-4/36407685.thl.jpg	36407685.thl.jpg	SPACE	786	SPACE
1447361573405	0	lts_1112L_27_01	27	01	0	199	0	0	0	CR	MAX	sausage.jpg	sausage.jpg	NOKEY	MAX	NOKEY
1447361576498	0	lts_1112L_27_01	27	01	0	200	0	0	0	CR	MAX	16/Abutterflynet.jpg	Abutterflynet.jpg	NOKEY	MAX	NOKEY
1447361577701	0	lts_1112L_27_01	27	01	0	201	32	1	1	Hit	729	32-3/AFBLADE.jpg	AFBLADE.jpg	SPACE	769	SPACE
1447361580778	0	lts_1112L_27_01	27	01	0	202	0	0	0	CR	MAX	ATICKETBO.jpg	ATICKETBO.jpg	NOKEY	MAX	NOKEY
1447361583854	0	lts_1112L_27_01	27	01	0	203	0	0	0	CR	MAX	128/26426575.thl.jpg	26426575.thl.jpg	NOKEY	MAX	NOKEY
1447361586980	0	lts_1112L_27_01	27	01	0	204	0	0	0	CR	MAX	16/Atoybird10.jpg	Atoybird10.jpg	NOKEY	MAX	NOKEY
1447361588033	0	lts_1112L_27_01	27	01	0	205	16	1	1	Hit	579	16-mul/Abootbinding.jpg	Abootbinding.jpg	SPACE	619	SPACE
1447361591126	0	lts_1112L_27_01	27	01	0	206	0	0	0	CR	MAX	4/Aonewaysign2.jpg	Aonewaysign2.jpg	NOKEY	MAX	NOKEY
1447361594202	0	lts_1112L_27_01	27	01	0	207	0	0	0	CR	MAX	ACAROUSE2.jpg	ACAROUSE2.jpg	NOKEY	MAX	NOKEY
1447361597278	0	lts_1112L_27_01	27	01	0	208	0	0	0	CR	MAX	butterflycross-stitch.jpg	butterflycross-stitch.jpg	NOKEY	MAX	NOKEY
1447361600354	0	lts_1112L_27_01	27	01	0	209	0	0	0	CR	MAX	03015528000.jpg	03015528000.jpg	NOKEY	MAX	NOKEY
1447361601641	0	lts_1112L_27_01	27	01	0	210	4	1	1	Hit	813	4-12/Aonewaysign2.jpg	Aonewaysign2.jpg	SPACE	853	SPACE
1447361604717	0	lts_1112L_27_01	27	01	0	211	0	0	0	CR	MAX	Arockingchai5.jpg	Arockingchai5.jpg	NOKEY	MAX	NOKEY
1447361607810	0	lts_1112L_27_01	27	01	0	212	0	0	0	CR	MAX	AVIOLINCO.jpg	AVIOLINCO.jpg	NOKEY	MAX	NOKEY
1447361609298	0	lts_1112L_27_01	27	01	0	213	64	1	1	Hit	1005	64-first/ACAFLATT3.jpg	ACAFLATT3.jpg	SPACE	1053	SPACE
1447361612374	0	lts_1112L_27_01	27	01	0	214	0	0	0	CR	MAX	AHOSPWAS2.jpg	AHOSPWAS2.jpg	NOKEY	MAX	NOKEY
1447361615450	0	lts_1112L_27_01	27	01	0	215	0	0	0	CR	MAX	8245818.thl.jpg	8245818.thl.jpg	NOKEY	MAX	NOKEY
1447361616520	0	lts_1112L_27_01	27	01	0	216	16	1	1	Hit	591	16-first/Abutterflynet.jpg	Abutterflynet.jpg	SPACE	635	SPACE
1447361619596	0	lts_1112L_27_01	27	01	0	217	0	0	0	CR	MAX	Askirt2.jpg	Askirt2.jpg	NOKEY	MAX	NOKEY
1447361620633	0	lts_1112L_27_01	27	01	0	218	2	1	1	Hit	559	2-mul/Abutterflynet.jpg	Abutterflynet.jpg	SPACE	601	SPACE
1447361623709	0	lts_1112L_27_01	27	01	0	219	0	0	0	CR	MAX	Acautionroads.jpg	Acautionroads.jpg	NOKEY	MAX	NOKEY
1447361624879	0	lts_1112L_27_01	27	01	0	220	16	1	1	Hit	699	16-first/Atoybird10.jpg	Atoybird10.jpg	SPACE	736	SPACE
1447361627955	0	lts_1112L_27_01	27	01	0	221	0	0	0	CR	MAX	bait04.jpg	bait04.jpg	NOKEY	MAX	NOKEY
1447361631031	0	lts_1112L_27_01	27	01	0	222	0	0	0	CR	MAX	Aantelope2.jpg	Aantelope2.jpg	NOKEY	MAX	NOKEY
1447361634107	0	lts_1112L_27_01	27	01	0	223	0	0	0	CR	MAX	ShoeHorn.jpg	ShoeHorn.jpg	NOKEY	MAX	NOKEY
1447361635194	0	lts_1112L_27_01	27	01	0	224	32	1	1	Hit	612	32-7/Aspinningwhe2.jpg	Aspinningwhe2.jpg	SPACE	652	SPACE
1447361638270	0	lts_1112L_27_01	27	01	0	225	0	0	0	CR	MAX	2/AJUICER.jpg	AJUICER.jpg	NOKEY	MAX	NOKEY
1447361641363	0	lts_1112L_27_01	27	01	0	226	0	0	0	CR	MAX	32/ATOWELRA3.jpg	ATOWELRA3.jpg	NOKEY	MAX	NOKEY
1447361642550	0	lts_1112L_27_01	27	01	0	227	2	1	1	Hit	714	2-8/AJUICER.jpg	AJUICER.jpg	SPACE	752	SPACE
1447361645626	0	lts_1112L_27_01	27	01	0	228	0	0	0	CR	MAX	AOSTRICH2.jpg	AOSTRICH2.jpg	NOKEY	MAX	NOKEY
1447361646712	0	lts_1112L_27_01	27	01	0	229	16	1	1	Hit	605	16-mul/ACAFLATT3.jpg	ACAFLATT3.jpg	SPACE	652	SPACE
1447361649788	0	lts_1112L_27_01	27	01	0	230	0	0	0	CR	MAX	AANTLION2.jpg	AANTLION2.jpg	NOKEY	MAX	NOKEY
1447361652864	0	lts_1112L_27_01	27	01	0	231	0	0	0	CR	MAX	AKETTLE35.jpg	AKETTLE35.jpg	NOKEY	MAX	NOKEY
1447361655941	0	lts_1112L_27_01	27	01	0	232	0	0	0	CR	MAX	2/Abottleofchi2.jpg	Abottleofchi2.jpg	NOKEY	MAX	NOKEY
1447361657278	0	lts_1112L_27_01	27	01	0	233	0	0	1	FA	867	22857516.thl.jpg	22857516.thl.jpg	SPACE	903	NOKEY
1447361658515	0	lts_1112L_27_01	27	01	0	234	2	1	1	Hit	756	2-12/Abottleofchi2.jpg	Abottleofchi2.jpg	SPACE	803	SPACE
1447361661591	0	lts_1112L_27_01	27	01	0	235	0	0	0	CR	MAX	workbench.jpg	workbench.jpg	NOKEY	MAX	NOKEY
1447361662661	0	lts_1112L_27_01	27	01	0	236	16	1	1	Hit	596	16-mul/Atoybird10.jpg	Atoybird10.jpg	SPACE	635	SPACE
1447361665737	0	lts_1112L_27_01	27	01	0	237	0	0	0	CR	MAX	2/Abowlofpasta.jpg	Abowlofpasta.jpg	NOKEY	MAX	NOKEY
1447361668813	0	lts_1112L_27_01	27	01	0	238	0	0	0	CR	MAX	Acentipede4.jpg	Acentipede4.jpg	NOKEY	MAX	NOKEY
1447361670201	0	lts_1112L_27_01	27	01	0	239	2	1	1	Hit	912	2-9/Abowlofpasta.jpg	Abowlofpasta.jpg	SPACE	953	SPACE
1447361673277	0	lts_1112L_27_01	27	01	0	240	0	0	0	CR	MAX	8249141.thl.jpg	8249141.thl.jpg	NOKEY	MAX	NOKEY
1447361674614	0	lts_1112L_27_01	27	01	0	241	64	1	1	Hit	866	64-first/AABSTRACT.jpg	AABSTRACT.jpg	SPACE	903	SPACE
1447361676303	0	lts_1112L_27_01	27	01	0	242	0	0	1	FA	1188	Acomputerdriv.jpg	Acomputerdriv.jpg	SPACE	1238	NOKEY
1447361679379	0	lts_1112L_27_01	27	01	0	243	0	0	0	CR	MAX	AHOTPAD4.jpg	AHOTPAD4.jpg	NOKEY	MAX	NOKEY
1447361682455	0	lts_1112L_27_01	27	01	0	244	0	0	0	CR	MAX	26420893.thl.jpg	26420893.thl.jpg	NOKEY	MAX	NOKEY
1447361683491	0	lts_1112L_27_01	27	01	0	245	4	1	1	Hit	556	4-mul/AABSTRACT.jpg	AABSTRACT.jpg	SPACE	602	SPACE
1447361686567	0	lts_1112L_27_01	27	01	0	246	0	0	0	CR	MAX	16/22849260.thl.jpg	22849260.thl.jpg	NOKEY	MAX	NOKEY
1447361689644	0	lts_1112L_27_01	27	01	0	247	0	0	0	CR	MAX	Awomensshoe4.jpg	Awomensshoe4.jpg	NOKEY	MAX	NOKEY
1447361692720	0	lts_1112L_27_01	27	01	0	248	0	0	0	CR	MAX	AASPHEQUA.jpg	AASPHEQUA.jpg	NOKEY	MAX	NOKEY
1447361695796	0	lts_1112L_27_01	27	01	0	249	0	0	0	CR	MAX	1/Aeasteregg14.jpg	Aeasteregg14.jpg	NOKEY	MAX	NOKEY
1447361696966	0	lts_1112L_27_01	27	01	0	250	1	1	1	Hit	699	1-6/Aeasteregg14.jpg	Aeasteregg14.jpg	SPACE	736	SPACE
1447361700059	0	lts_1112L_27_01	27	01	0	251	0	0	0	CR	MAX	ACANE2.jpg	ACANE2.jpg	NOKEY	MAX	NOKEY
1447361703135	0	lts_1112L_27_01	27	01	0	252	0	0	0	CR	MAX	2/razorscooter.jpg	razorscooter.jpg	NOKEY	MAX	NOKEY
1447361706211	0	lts_1112L_27_01	27	01	0	253	0	0	0	CR	MAX	clothpiece.jpg	clothpiece.jpg	NOKEY	MAX	NOKEY
1447361707314	0	lts_1112L_27_01	27	01	0	254	2	1	1	Hit	629	2-3/razorscooter.jpg	razorscooter.jpg	SPACE	669	SPACE
1447361710390	0	lts_1112L_27_01	27	01	0	255	0	0	0	CR	MAX	Ahawk3.jpg	Ahawk3.jpg	NOKEY	MAX	NOKEY
1447361711594	0	lts_1112L_27_01	27	01	0	256	128	1	1	Hit	732	128-6/Awomansshoe3.jpg	Awomansshoe3.jpg	SPACE	769	SPACE
1447361714670	0	lts_1112L_27_01	27	01	0	257	0	0	0	CR	MAX	Abicyclegear2.jpg	Abicyclegear2.jpg	NOKEY	MAX	NOKEY
1447361715773	0	lts_1112L_27_01	27	01	0	258	32	1	1	Hit	619	32-0/ATOWELRA3.jpg	ATOWELRA3.jpg	SPACE	668	SPACE
1447361718849	0	lts_1112L_27_01	27	01	0	259	0	0	0	CR	MAX	silver-bowl-small.jpg	silver-bowl-small.jpg	NOKEY	MAX	NOKEY
1447361721926	0	lts_1112L_27_01	27	01	0	260	0	0	0	CR	MAX	22908308.thl.jpg	22908308.thl.jpg	NOKEY	MAX	NOKEY
1447361725003	0	lts_1112L_27_01	27	01	0	261	0	0	0	CR	MAX	15870946.thl.jpg	15870946.thl.jpg	NOKEY	MAX	NOKEY
1447361726222	0	lts_1112L_27_01	27	01	0	262	16	1	1	Hit	734	16-first/22849260.thl.jpg	22849260.thl.jpg	SPACE	786	SPACE
1447361727309	0	lts_1112L_27_01	27	01	0	263	0	0	1	FA	599	ASTAMPS.jpg	ASTAMPS.jpg	SPACE	635	NOKEY
1447361730385	0	lts_1112L_27_01	27	01	0	264	0	0	0	CR	MAX	8/TTtvehiclesCyborg.jpg	TTtvehiclesCyborg.jpg	NOKEY	MAX	NOKEY
1447361731287	0	lts_1112L_27_01	27	01	0	265	0	0	1	FA	427	4/ABALALAI3.jpg	ABALALAI3.jpg	SPACE	468	NOKEY
1447361732591	0	lts_1112L_27_01	27	01	0	266	4	1	1	Hit	819	4-mul/22849260.thl.jpg	22849260.thl.jpg	SPACE	869	SPACE
1447361735667	0	lts_1112L_27_01	27	01	0	267	0	0	0	CR	MAX	bagelslicer.jpg	bagelslicer.jpg	NOKEY	MAX	NOKEY
1447361738744	0	lts_1112L_27_01	27	01	0	268	0	0	0	CR	MAX	26377183.thl.jpg	26377183.thl.jpg	NOKEY	MAX	NOKEY
1447361741820	0	lts_1112L_27_01	27	01	0	269	4	1	0	Miss	MAX	4-3/ABALALAI3.jpg	ABALALAI3.jpg	NOKEY	MAX	SPACE
1447361744896	0	lts_1112L_27_01	27	01	0	270	0	0	0	CR	MAX	8059226.thl.jpg	8059226.thl.jpg	NOKEY	MAX	NOKEY
1447361747972	0	lts_1112L_27_01	27	01	0	271	0	0	0	CR	MAX	AWINDSU21.jpg	AWINDSU21.jpg	NOKEY	MAX	NOKEY
1447361749276	0	lts_1112L_27_01	27	01	0	272	8	1	1	Hit	820	8-2/TTtvehiclesCyborg.jpg	TTtvehiclesCyborg.jpg	SPACE	869	SPACE
1447361752352	0	lts_1112L_27_01	27	01	0	273	0	0	0	CR	MAX	quiche.jpg	quiche.jpg	NOKEY	MAX	NOKEY
1447361755445	0	lts_1112L_27_01	27	01	0	274	0	0	0	CR	MAX	2/paintbrush03.jpg	paintbrush03.jpg	NOKEY	MAX	NOKEY
1447361758521	0	lts_1112L_27_01	27	01	0	275	0	0	0	CR	MAX	Aelectricgri3.jpg	Aelectricgri3.jpg	NOKEY	MAX	NOKEY
1447361759841	0	lts_1112L_27_01	27	01	0	276	2	1	1	Hit	841	2-2/paintbrush03.jpg	paintbrush03.jpg	SPACE	886	SPACE
1447361762917	0	lts_1112L_27_01	27	01	0	277	0	0	0	CR	MAX	ABROWNBAG.jpg	ABROWNBAG.jpg	NOKEY	MAX	NOKEY
1447361765993	0	lts_1112L_27_01	27	01	0	278	0	0	0	CR	MAX	AASCENDER.jpg	AASCENDER.jpg	NOKEY	MAX	NOKEY
1447361769069	0	lts_1112L_27_01	27	01	0	279	0	0	0	CR	MAX	Astaircase.jpg	Astaircase.jpg	NOKEY	MAX	NOKEY
1447361772145	0	lts_1112L_27_01	27	01	0	280	0	0	0	CR	MAX	AOVENMIT5.jpg	AOVENMIT5.jpg	NOKEY	MAX	NOKEY
1447361775222	0	lts_1112L_27_01	27	01	0	281	0	0	0	CR	MAX	Agardeningpai.jpg	Agardeningpai.jpg	NOKEY	MAX	NOKEY
1447361778298	0	lts_1112L_27_01	27	01	0	282	0	0	0	CR	MAX	16/AHIGCHAIR.jpg	AHIGCHAIR.jpg	NOKEY	MAX	NOKEY
1447361781374	0	lts_1112L_27_01	27	01	0	283	0	0	0	CR	MAX	4555.jpg	4555.jpg	NOKEY	MAX	NOKEY
1447361784450	0	lts_1112L_27_01	27	01	0	284	0	0	0	CR	MAX	golf-ball.JPG	golf-ball.JPG	NOKEY	MAX	NOKEY
1447361787526	0	lts_1112L_27_01	27	01	0	285	0	0	0	CR	MAX	2/shield.jpg	shield.jpg	NOKEY	MAX	NOKEY
1447361790602	0	lts_1112L_27_01	27	01	0	286	0	0	0	CR	MAX	Agame3.jpg	Agame3.jpg	NOKEY	MAX	NOKEY
1447361791923	0	lts_1112L_27_01	27	01	0	287	2	1	1	Hit	840	2-0/shield.jpg	shield.jpg	SPACE	886	SPACE
1447361795015	0	lts_1112L_27_01	27	01	0	288	0	0	0	CR	MAX	26460317.thl.jpg	26460317.thl.jpg	NOKEY	MAX	NOKEY
1447361798092	0	lts_1112L_27_01	27	01	0	289	0	0	0	CR	MAX	Aconcreteblo3.jpg	Aconcreteblo3.jpg	NOKEY	MAX	NOKEY
1447361801168	0	lts_1112L_27_01	27	01	0	290	0	0	0	CR	MAX	Anailscissors.jpg	Anailscissors.jpg	NOKEY	MAX	NOKEY
1447361804244	0	lts_1112L_27_01	27	01	0	291	0	0	0	CR	MAX	26431753.thl.jpg	26431753.thl.jpg	NOKEY	MAX	NOKEY
1447361807320	0	lts_1112L_27_01	27	01	0	292	0	0	0	CR	MAX	4/pinballmachine.jpg	pinballmachine.jpg	NOKEY	MAX	NOKEY
1447361810396	0	lts_1112L_27_01	27	01	0	293	0	0	0	CR	MAX	Ahousboa2.jpg	Ahousboa2.jpg	NOKEY	MAX	NOKEY
1447361813472	0	lts_1112L_27_01	27	01	0	294	0	0	0	CR	MAX	64/Acanadagoose.jpg	Acanadagoose.jpg	NOKEY	MAX	NOKEY
1447361816565	0	lts_1112L_27_01	27	01	0	295	0	0	0	CR	MAX	Abib2.jpg	Abib2.jpg	NOKEY	MAX	NOKEY
1447361817668	0	lts_1112L_27_01	27	01	0	296	4	1	1	Hit	618	4-0/pinballmachine.jpg	pinballmachine.jpg	SPACE	669	SPACE
1447361820744	0	lts_1112L_27_01	27	01	0	297	0	0	0	CR	MAX	8/ABOAT16.jpg	ABOAT16.jpg	NOKEY	MAX	NOKEY
1447361821897	0	lts_1112L_27_01	27	01	0	298	16	1	1	Hit	684	16-first/AHIGCHAIR.jpg	AHIGCHAIR.jpg	SPACE	718	SPACE
1447361824974	0	lts_1112L_27_01	27	01	0	299	0	0	0	CR	MAX	1/Afruitcake.jpg	Afruitcake.jpg	NOKEY	MAX	NOKEY
1447361826077	0	lts_1112L_27_01	27	01	0	300	1	1	1	Hit	628	1-1/Afruitcake.jpg	Afruitcake.jpg	SPACE	669	SPACE
1447361829153	0	lts_1112L_27_01	27	01	0	301	0	0	0	CR	MAX	Aplastictestt.jpg	Aplastictestt.jpg	NOKEY	MAX	NOKEY
1447361830240	0	lts_1112L_27_01	27	01	0	302	4	1	1	Hit	602	4-mul/AHIGCHAIR.jpg	AHIGCHAIR.jpg	SPACE	652	SPACE
1447361833332	0	lts_1112L_27_01	27	01	0	303	0	0	0	CR	MAX	Aacupuncture2.jpg	Aacupuncture2.jpg	NOKEY	MAX	NOKEY
1447361836409	0	lts_1112L_27_01	27	01	0	304	0	0	0	CR	MAX	trapezebars.jpg	trapezebars.jpg	NOKEY	MAX	NOKEY
1447361837495	0	lts_1112L_27_01	27	01	0	305	8	1	1	Hit	608	8-first/ABOAT16.jpg	ABOAT16.jpg	SPACE	652	SPACE
1447361840571	0	lts_1112L_27_01	27	01	0	306	0	0	0	CR	MAX	64/ACAMPSTOO.jpg	ACAMPSTOO.jpg	NOKEY	MAX	NOKEY
1447361843647	0	lts_1112L_27_01	27	01	0	307	0	0	0	CR	MAX	Alifebuo3.jpg	Alifebuo3.jpg	NOKEY	MAX	NOKEY
1447361846740	0	lts_1112L_27_01	27	01	0	308	0	0	0	CR	MAX	22869912.thl.jpg	22869912.thl.jpg	NOKEY	MAX	NOKEY
1447361847810	0	lts_1112L_27_01	27	01	0	309	4	1	1	Hit	585	4-mul/ABOAT16.jpg	ABOAT16.jpg	SPACE	635	SPACE
1447361850886	0	lts_1112L_27_01	27	01	0	310	0	0	0	CR	MAX	22849284.thl.jpg	22849284.thl.jpg	NOKEY	MAX	NOKEY
1447361853962	0	lts_1112L_27_01	27	01	0	311	0	0	0	CR	MAX	26424291.thl.jpg	26424291.thl.jpg	NOKEY	MAX	NOKEY
1447361857038	0	lts_1112L_27_01	27	01	0	312	0	0	0	CR	MAX	ACHINBRB4.jpg	ACHINBRB4.jpg	NOKEY	MAX	NOKEY
1447361860114	0	lts_1112L_27_01	27	01	0	313	0	0	0	CR	MAX	8/26392651.thl.jpg	26392651.thl.jpg	NOKEY	MAX	NOKEY
1447361863190	0	lts_1112L_27_01	27	01	0	314	0	0	0	CR	MAX	26772997.thl.jpg	26772997.thl.jpg	NOKEY	MAX	NOKEY
1447361864862	0	lts_1112L_27_01	27	01	0	315	128	1	1	Hit	1188	128-4/Acandle120.jpg	Acandle120.jpg	SPACE	1237	SPACE
1447361867938	0	lts_1112L_27_01	27	01	0	316	0	0	0	CR	MAX	128/26431414.thl.jpg	26431414.thl.jpg	NOKEY	MAX	NOKEY
1447361871014	0	lts_1112L_27_01	27	01	0	317	0	0	0	CR	MAX	Abedspringsam.jpg	Abedspringsam.jpg	NOKEY	MAX	NOKEY
1447361872201	0	lts_1112L_27_01	27	01	0	318	128	1	1	Hit	702	128-2/AKNIFECOL.jpg	AKNIFECOL.jpg	SPACE	752	SPACE
1447361873505	0	lts_1112L_27_01	27	01	0	319	0	0	1	FA	805	AALTIRE2.jpg	AALTIRE2.jpg	SPACE	852	NOKEY
1447361876581	0	lts_1112L_27_01	27	01	0	320	0	0	0	CR	MAX	26393373.thl.jpg	26393373.thl.jpg	NOKEY	MAX	NOKEY
1447361877818	0	lts_1112L_27_01	27	01	0	321	8	1	1	Hit	762	8-first/26392651.thl.jpg	26392651.thl.jpg	SPACE	802	SPACE
1447361880895	0	lts_1112L_27_01	27	01	0	322	0	0	0	CR	MAX	Asafetyrope.jpg	Asafetyrope.jpg	NOKEY	MAX	NOKEY
1447361881931	0	lts_1112L_27_01	27	01	0	323	2	1	1	Hit	556	2-mul/26392651.thl.jpg	26392651.thl.jpg	SPACE	602	SPACE
1447361885008	0	lts_1112L_27_01	27	01	0	324	0	0	0	CR	MAX	26282693.thl.jpg	26282693.thl.jpg	NOKEY	MAX	NOKEY
1447361888083	0	lts_1112L_27_01	27	01	0	325	0	0	0	CR	MAX	Abaleofhay.jpg	Abaleofhay.jpg	NOKEY	MAX	NOKEY
1447361891159	0	lts_1112L_27_01	27	01	0	326	0	0	0	CR	MAX	8031659.thl.jpg	8031659.thl.jpg	NOKEY	MAX	NOKEY
1447361894235	0	lts_1112L_27_01	27	01	0	327	0	0	0	CR	MAX	AMETICUBE.jpg	AMETICUBE.jpg	NOKEY	MAX	NOKEY
1447361897311	0	lts_1112L_27_01	27	01	0	328	0	0	0	CR	MAX	Ababseat2.jpg	Ababseat2.jpg	NOKEY	MAX	NOKEY
1447361900387	0	lts_1112L_27_01	27	01	0	329	0	0	0	CR	MAX	ACOFFPOT7.jpg	ACOFFPOT7.jpg	NOKEY	MAX	NOKEY
1447361903464	0	lts_1112L_27_01	27	01	0	330	0	0	0	CR	MAX	4/APALLETT2.jpg	APALLETT2.jpg	NOKEY	MAX	NOKEY
1447361904701	0	lts_1112L_27_01	27	01	0	331	128	1	1	Hit	752	128-7/26426575.thl.jpg	26426575.thl.jpg	SPACE	802	SPACE
1447361907777	0	lts_1112L_27_01	27	01	0	332	0	0	0	CR	MAX	26422216.thl.jpg	26422216.thl.jpg	NOKEY	MAX	NOKEY
1447361909298	0	lts_1112L_27_01	27	01	0	333	0	0	1	FA	1052	AELECBEA6.jpg	AELECBEA6.jpg	SPACE	1087	NOKEY
1447361911321	0	lts_1112L_27_01	27	01	0	334	4	1	1	Hit	1553	4-2/APALLETT2.jpg	APALLETT2.jpg	SPACE	1589	SPACE
1447361914397	0	lts_1112L_27_01	27	01	0	335	0	0	0	CR	MAX	Adolphin3.jpg	Adolphin3.jpg	NOKEY	MAX	NOKEY
1447361917490	0	lts_1112L_27_01	27	01	0	336	0	0	0	CR	MAX	ADECKCARD.jpg	ADECKCARD.jpg	NOKEY	MAX	NOKEY
1447361920566	0	lts_1112L_27_01	27	01	0	337	0	0	0	CR	MAX	Adropper2.jpg	Adropper2.jpg	NOKEY	MAX	NOKEY
1447361923642	0	lts_1112L_27_01	27	01	0	338	0	0	0	CR	MAX	1/FJVWL.jpg	FJVWL.jpg	NOKEY	MAX	NOKEY
1447361924628	0	lts_1112L_27_01	27	01	0	339	1	1	1	Hit	514	1-7/FJVWL.jpg	FJVWL.jpg	SPACE	552	SPACE
1447361927704	0	lts_1112L_27_01	27	01	0	340	0	0	0	CR	MAX	4/Adecorati133.jpg	Adecorati133.jpg	NOKEY	MAX	NOKEY
1447361930780	0	lts_1112L_27_01	27	01	0	341	0	0	0	CR	MAX	26554952.thl.jpg	26554952.thl.jpg	NOKEY	MAX	NOKEY
1447361933856	0	lts_1112L_27_01	27	01	0	342	0	0	0	CR	MAX	8/ATRACTWH6.jpg	ATRACTWH6.jpg	NOKEY	MAX	NOKEY
1447361936949	0	lts_1112L_27_01	27	01	0	343	0	0	0	CR	MAX	ATABLES5.jpg	ATABLES5.jpg	NOKEY	MAX	NOKEY
1447361938069	0	lts_1112L_27_01	27	01	0	344	4	1	1	Hit	650	4-4/Adecorati133.jpg	Adecorati133.jpg	SPACE	685	SPACE
1447361941145	0	lts_1112L_27_01	27	01	0	345	0	0	0	CR	MAX	26433387.thl.jpg	26433387.thl.jpg	NOKEY	MAX	NOKEY
1447361944221	0	lts_1112L_27_01	27	01	0	346	0	0	0	CR	MAX	Agaspump3.jpg	Agaspump3.jpg	NOKEY	MAX	NOKEY
1447361947297	0	lts_1112L_27_01	27	01	0	347	0	0	0	CR	MAX	ACHEMSET3.jpg	ACHEMSET3.jpg	NOKEY	MAX	NOKEY
1447361950373	0	lts_1112L_27_01	27	01	0	348	0	0	0	CR	MAX	64/26441591.thl.jpg	26441591.thl.jpg	NOKEY	MAX	NOKEY
1447361953450	0	lts_1112L_27_01	27	01	0	349	0	0	0	CR	MAX	AHARPSIC5.jpg	AHARPSIC5.jpg	NOKEY	MAX	NOKEY
1447361954620	0	lts_1112L_27_01	27	01	0	350	8	1	1	Hit	692	8-first/ATRACTWH6.jpg	ATRACTWH6.jpg	SPACE	736	SPACE
1447361957696	0	lts_1112L_27_01	27	01	0	351	0	0	0	CR	MAX	Awickerchair8.jpg	Awickerchair8.jpg	NOKEY	MAX	NOKEY
1447361958833	0	lts_1112L_27_01	27	01	0	352	2	1	1	Hit	653	2-mul/ATRACTWH6.jpg	ATRACTWH6.jpg	SPACE	703	SPACE
1447361961909	0	lts_1112L_27_01	27	01	0	353	0	0	0	CR	MAX	1/22855236.thl.jpg	22855236.thl.jpg	NOKEY	MAX	NOKEY
1447361962979	0	lts_1112L_27_01	27	01	0	354	1	1	1	Hit	600	1-14/22855236.thl.jpg	22855236.thl.jpg	SPACE	636	SPACE
1447361964333	0	lts_1112L_27_01	27	01	0	355	0	0	1	FA	862	E_helicopter.jpg	E_helicopter.jpg	SPACE	903	NOKEY
1447361967409	0	lts_1112L_27_01	27	01	0	356	0	0	0	CR	MAX	Abreadrolls.jpg	Abreadrolls.jpg	NOKEY	MAX	NOKEY
1447361970485	0	lts_1112L_27_01	27	01	0	357	0	0	0	CR	MAX	Abrooch100.jpg	Abrooch100.jpg	NOKEY	MAX	NOKEY
1447361972541	0	lts_1112L_27_01	27	01	0	358	64	1	1	Hit	1581	64-first/Acanadagoose.jpg	Acanadagoose.jpg	SPACE	1622	SPACE
1447361975617	0	lts_1112L_27_01	27	01	0	359	0	0	0	CR	MAX	Acamerabag.jpg	Acamerabag.jpg	NOKEY	MAX	NOKEY
1447361978693	0	lts_1112L_27_01	27	01	0	360	0	0	0	CR	MAX	26442809.thl.jpg	26442809.thl.jpg	NOKEY	MAX	NOKEY
1447361981769	0	lts_1112L_27_01	27	01	0	361	0	0	0	CR	MAX	16/AORIGIRL3.jpg	AORIGIRL3.jpg	NOKEY	MAX	NOKEY
1447361984846	0	lts_1112L_27_01	27	01	0	362	0	0	0	CR	MAX	22875816.thl.jpg	22875816.thl.jpg	NOKEY	MAX	NOKEY
1447361987922	0	lts_1112L_27_01	27	01	0	363	0	0	0	CR	MAX	AWEIGHT11.jpg	AWEIGHT11.jpg	NOKEY	MAX	NOKEY
1447361990998	0	lts_1112L_27_01	27	01	0	364	0	0	0	CR	MAX	Acastle22.jpg	Acastle22.jpg	NOKEY	MAX	NOKEY
1447361994074	0	lts_1112L_27_01	27	01	0	365	0	0	0	CR	MAX	AMETDETE2.jpg	AMETDETE2.jpg	NOKEY	MAX	NOKEY
1447361997150	0	lts_1112L_27_01	27	01	0	366	0	0	0	CR	MAX	ASHOWCAP.jpg	ASHOWCAP.jpg	NOKEY	MAX	NOKEY
1447362000226	0	lts_1112L_27_01	27	01	0	367	0	0	0	CR	MAX	Aberries5.jpg	Aberries5.jpg	NOKEY	MAX	NOKEY
1447362003319	0	lts_1112L_27_01	27	01	0	368	0	0	0	CR	MAX	champagnbottles.jpg	champagnbottles.jpg	NOKEY	MAX	NOKEY
1447362006395	0	lts_1112L_27_01	27	01	0	369	0	0	0	CR	MAX	26466258.thl.jpg	26466258.thl.jpg	NOKEY	MAX	NOKEY
1447362009471	0	lts_1112L_27_01	27	01	0	370	64	1	0	Miss	MAX	64-first/ACAMPSTOO.jpg	ACAMPSTOO.jpg	NOKEY	MAX	SPACE
1447362012547	0	lts_1112L_27_01	27	01	0	371	0	0	0	CR	MAX	26439297.thl.jpg	26439297.thl.jpg	NOKEY	MAX	NOKEY
1447362013784	0	lts_1112L_27_01	27	01	0	372	2	1	1	Hit	763	2-mul/ACAMPSTOO.jpg	ACAMPSTOO.jpg	SPACE	803	SPACE
1447362015121	0	lts_1112L_27_01	27	01	0	373	0	0	1	FA	856	16/Aorcatoy4.jpg	Aorcatoy4.jpg	SPACE	903	NOKEY
1447362016342	0	lts_1112L_27_01	27	01	0	374	16	1	1	Hit	745	16-mul/Acanadagoose.jpg	Acanadagoose.jpg	SPACE	786	SPACE
1447362019418	0	lts_1112L_27_01	27	01	0	375	0	0	0	CR	MAX	AMEATGR14.jpg	AMEATGR14.jpg	NOKEY	MAX	NOKEY
1447362022494	0	lts_1112L_27_01	27	01	0	376	0	0	0	CR	MAX	A25PINCON.jpg	A25PINCON.jpg	NOKEY	MAX	NOKEY
1447362023714	0	lts_1112L_27_01	27	01	0	377	16	1	1	Hit	739	16-first/AORIGIRL3.jpg	AORIGIRL3.jpg	SPACE	786	SPACE
1447362026790	0	lts_1112L_27_01	27	01	0	378	0	0	0	CR	MAX	26442719.thl.jpg	26442719.thl.jpg	NOKEY	MAX	NOKEY
1447362027810	0	lts_1112L_27_01	27	01	0	379	2	1	1	Hit	547	2-mul/AORIGIRL3.jpg	AORIGIRL3.jpg	SPACE	585	SPACE
1447362030886	0	lts_1112L_27_01	27	01	0	380	0	0	0	CR	MAX	A4DOMINO.jpg	A4DOMINO.jpg	NOKEY	MAX	NOKEY
1447362033979	0	lts_1112L_27_01	27	01	0	381	0	0	0	CR	MAX	4/AHOUSBOA3.jpg	AHOUSBOA3.jpg	NOKEY	MAX	NOKEY
1447362037055	0	lts_1112L_27_01	27	01	0	382	0	0	0	CR	MAX	32/AFLOURBA2.jpg	AFLOURBA2.jpg	NOKEY	MAX	NOKEY
1447362040131	0	lts_1112L_27_01	27	01	0	383	0	0	0	CR	MAX	4/Heatpad.jpg	Heatpad.jpg	NOKEY	MAX	NOKEY
1447362043207	0	lts_1112L_27_01	27	01	0	384	0	0	0	CR	MAX	26374055.thl.jpg	26374055.thl.jpg	NOKEY	MAX	NOKEY
1447362044511	0	lts_1112L_27_01	27	01	0	385	4	1	1	Hit	831	4-10/AHOUSBOA3.jpg	AHOUSBOA3.jpg	SPACE	869	SPACE
1447362045882	0	lts_1112L_27_01	27	01	0	386	0	0	1	FA	889	D_golfcart.jpg	D_golfcart.jpg	SPACE	936	NOKEY
1447362047303	0	lts_1112L_27_01	27	01	0	387	4	1	1	Hit	944	4-8/Heatpad.jpg	Heatpad.jpg	SPACE	986	SPACE
1447362050379	0	lts_1112L_27_01	27	01	0	388	0	0	0	CR	MAX	8/Apotboilinge2.jpg	Apotboilinge2.jpg	NOKEY	MAX	NOKEY
1447362051566	0	lts_1112L_27_01	27	01	0	389	16	1	1	Hit	707	16-first/Aorcatoy4.jpg	Aorcatoy4.jpg	SPACE	753	SPACE
1447362054642	0	lts_1112L_27_01	27	01	0	390	0	0	0	CR	MAX	4/Anoisma32.jpg	Anoisma32.jpg	NOKEY	MAX	NOKEY
1447362057718	0	lts_1112L_27_01	27	01	0	391	0	0	0	CR	MAX	Abasketandch2.jpg	Abasketandch2.jpg	NOKEY	MAX	NOKEY
1447362060794	0	lts_1112L_27_01	27	01	0	392	0	0	0	CR	MAX	26684634.thl.jpg	26684634.thl.jpg	NOKEY	MAX	NOKEY
1447362063870	0	lts_1112L_27_01	27	01	0	393	0	0	0	CR	MAX	Ablackboardw3.jpg	Ablackboardw3.jpg	NOKEY	MAX	NOKEY
1447362065208	0	lts_1112L_27_01	27	01	0	394	4	1	1	Hit	863	4-1/Anoisma32.jpg	Anoisma32.jpg	SPACE	903	SPACE
1447362068300	0	lts_1112L_27_01	27	01	0	395	0	0	0	CR	MAX	26437077.thl.jpg	26437077.thl.jpg	NOKEY	MAX	NOKEY
1447362069772	0	lts_1112L_27_01	27	01	0	396	8	1	1	Hit	993	8-first/Apotboilinge2.jpg	Apotboilinge2.jpg	SPACE	1036	SPACE
1447362072848	0	lts_1112L_27_01	27	01	0	397	0	0	0	CR	MAX	APUMPCOOK.jpg	APUMPCOOK.jpg	NOKEY	MAX	NOKEY
1447362073834	0	lts_1112L_27_01	27	01	0	398	2	1	1	Hit	514	2-mul/Apotboilinge2.jpg	Apotboilinge2.jpg	SPACE	552	SPACE
1447362076910	0	lts_1112L_27_01	27	01	0	399	0	0	0	CR	MAX	8252024.thl.jpg	8252024.thl.jpg	NOKEY	MAX	NOKEY
1447362079986	0	lts_1112L_27_01	27	01	0	400	0	0	0	CR	MAX	16/ADOGLEAS2.jpg	ADOGLEAS2.jpg	NOKEY	MAX	NOKEY
1447362083062	0	lts_1112L_27_01	27	01	0	401	0	0	0	CR	MAX	Achildsplaype.jpg	Achildsplaype.jpg	NOKEY	MAX	NOKEY
1447362086138	0	lts_1112L_27_01	27	01	0	402	0	0	0	CR	MAX	AHUMIDIFI.jpg	AHUMIDIFI.jpg	NOKEY	MAX	NOKEY
1447362089214	0	lts_1112L_27_01	27	01	0	403	0	0	0	CR	MAX	8057434.thl.jpg	8057434.thl.jpg	NOKEY	MAX	NOKEY
1447362092290	0	lts_1112L_27_01	27	01	0	404	0	0	0	CR	MAX	ANUTCRA10.jpg	ANUTCRA10.jpg	NOKEY	MAX	NOKEY
1447362093360	0	lts_1112L_27_01	27	01	0	405	16	1	1	Hit	596	16-mul/Aorcatoy4.jpg	Aorcatoy4.jpg	SPACE	635	SPACE
1447362096470	0	lts_1112L_27_01	27	01	0	406	0	0	0	CR	MAX	seasponge.jpg	seasponge.jpg	NOKEY	MAX	NOKEY
1447362099546	0	lts_1112L_27_01	27	01	0	407	0	0	0	CR	MAX	ARASPBER2.jpg	ARASPBER2.jpg	NOKEY	MAX	NOKEY
1447362102622	0	lts_1112L_27_01	27	01	0	408	0	0	0	CR	MAX	Ascanner11.jpg	Ascanner11.jpg	NOKEY	MAX	NOKEY
1447362105698	0	lts_1112L_27_01	27	01	0	409	0	0	0	CR	MAX	1/22826448.thl.jpg	22826448.thl.jpg	NOKEY	MAX	NOKEY
1447362106852	0	lts_1112L_27_01	27	01	0	410	1	1	1	Hit	684	1-5/22826448.thl.jpg	22826448.thl.jpg	SPACE	719	SPACE
1447362108373	0	lts_1112L_27_01	27	01	0	411	0	0	1	FA	1047	AWATERFL3.jpg	AWATERFL3.jpg	SPACE	1087	NOKEY
1447362109543	0	lts_1112L_27_01	27	01	0	412	64	1	1	Hit	686	64-first/26441591.thl.jpg	26441591.thl.jpg	SPACE	736	SPACE
1447362112619	0	lts_1112L_27_01	27	01	0	413	0	0	0	CR	MAX	26374767.thl.jpg	26374767.thl.jpg	NOKEY	MAX	NOKEY
1447362113840	0	lts_1112L_27_01	27	01	0	414	32	1	1	Hit	741	32-5/AFLOURBA2.jpg	AFLOURBA2.jpg	SPACE	785	SPACE
1447362116916	0	lts_1112L_27_01	27	01	0	415	0	0	0	CR	MAX	AELEMENT3.jpg	AELEMENT3.jpg	NOKEY	MAX	NOKEY
1447362118052	0	lts_1112L_27_01	27	01	0	416	16	1	1	Hit	653	16-first/ADOGLEAS2.jpg	ADOGLEAS2.jpg	SPACE	702	SPACE
1447362121145	0	lts_1112L_27_01	27	01	0	417	0	0	0	CR	MAX	1/Azebra8.jpg	Azebra8.jpg	NOKEY	MAX	NOKEY
1447362122165	0	lts_1112L_27_01	27	01	0	418	1	1	1	Hit	545	1-12/Azebra8.jpg	Azebra8.jpg	SPACE	585	SPACE
1447362125241	0	lts_1112L_27_01	27	01	0	419	0	0	0	CR	MAX	slide.jpg	slide.jpg	NOKEY	MAX	NOKEY
1447362126244	0	lts_1112L_27_01	27	01	0	420	4	1	1	Hit	533	4-mul/ADOGLEAS2.jpg	ADOGLEAS2.jpg	SPACE	568	SPACE
1447362129320	0	lts_1112L_27_01	27	01	0	421	0	0	0	CR	MAX	ACLOSET4.jpg	ACLOSET4.jpg	NOKEY	MAX	NOKEY
1447362132396	0	lts_1112L_27_01	27	01	0	422	0	0	0	CR	MAX	grips.jpg	grips.jpg	NOKEY	MAX	NOKEY
1447362135472	0	lts_1112L_27_01	27	01	0	423	0	0	0	CR	MAX	1/AANBABYCA.jpg	AANBABYCA.jpg	NOKEY	MAX	NOKEY
1447362136609	0	lts_1112L_27_01	27	01	0	424	1	1	1	Hit	651	1-3/AANBABYCA.jpg	AANBABYCA.jpg	SPACE	702	SPACE
1447362139685	0	lts_1112L_27_01	27	01	0	425	0	0	0	CR	MAX	ABLACSUI3.jpg	ABLACSUI3.jpg	NOKEY	MAX	NOKEY
1447362142761	0	lts_1112L_27_01	27	01	0	426	0	0	0	CR	MAX	ACANOPEN6.jpg	ACANOPEN6.jpg	NOKEY	MAX	NOKEY
1447362145837	0	lts_1112L_27_01	27	01	0	427	0	0	0	CR	MAX	barbwirecoil.jpg	barbwirecoil.jpg	NOKEY	MAX	NOKEY
1447362146941	0	lts_1112L_27_01	27	01	0	428	16	1	1	Hit	626	16-mul/26441591.thl.jpg	26441591.thl.jpg	SPACE	669	SPACE
1447362150033	0	lts_1112L_27_01	27	01	0	429	0	0	0	CR	MAX	8/Aclamp42.jpg	Aclamp42.jpg	NOKEY	MAX	NOKEY
1447362153110	0	lts_1112L_27_01	27	01	0	430	0	0	0	CR	MAX	2/AHYDRANTF.jpg	AHYDRANTF.jpg	NOKEY	MAX	NOKEY
1447362156186	0	lts_1112L_27_01	27	01	0	431	0	0	0	CR	MAX	redonion.jpg	redonion.jpg	NOKEY	MAX	NOKEY
1447362157456	0	lts_1112L_27_01	27	01	0	432	2	1	1	Hit	792	2-5/AHYDRANTF.jpg	AHYDRANTF.jpg	SPACE	836	SPACE
1447362160532	0	lts_1112L_27_01	27	01	0	433	0	0	0	CR	MAX	1/APETROL2.jpg	APETROL2.jpg	NOKEY	MAX	NOKEY
1447362161669	0	lts_1112L_27_01	27	01	0	434	1	1	1	Hit	654	1-13/APETROL2.jpg	APETROL2.jpg	SPACE	702	SPACE
1447362164745	0	lts_1112L_27_01	27	01	0	435	0	0	0	CR	MAX	mouse-a.jpg	mouse-a.jpg	NOKEY	MAX	NOKEY
1447362167821	0	lts_1112L_27_01	27	01	0	436	0	0	0	CR	MAX	AMUSICSTA.jpg	AMUSICSTA.jpg	NOKEY	MAX	NOKEY
1447362168991	0	lts_1112L_27_01	27	01	0	437	8	1	1	Hit	694	8-first/Aclamp42.jpg	Aclamp42.jpg	SPACE	735	SPACE
1447362172068	0	lts_1112L_27_01	27	01	0	438	0	0	0	CR	MAX	Aknife92.jpg	Aknife92.jpg	NOKEY	MAX	NOKEY
1447362175144	0	lts_1112L_27_01	27	01	0	439	0	0	0	CR	MAX	AARROWS2.jpg	AARROWS2.jpg	NOKEY	MAX	NOKEY
1447362178220	0	lts_1112L_27_01	27	01	0	440	0	0	0	CR	MAX	AGAME.jpg	AGAME.jpg	NOKEY	MAX	NOKEY
1447362179323	0	lts_1112L_27_01	27	01	0	441	4	1	1	Hit	624	4-mul/Aclamp42.jpg	Aclamp42.jpg	SPACE	669	SPACE
1447362182399	0	lts_1112L_27_01	27	01	0	442	0	0	0	CR	MAX	gumballmachine.jpg	gumballmachine.jpg	NOKEY	MAX	NOKEY
1447362183803	0	lts_1112L_27_01	27	01	0	443	0	0	1	FA	918	Atripod5.jpg	Atripod5.jpg	SPACE	953	NOKEY
1447362184940	0	lts_1112L_27_01	27	01	0	444	128	1	1	Hit	653	128-3/26431414.thl.jpg	26431414.thl.jpg	SPACE	702	SPACE
1447362188016	0	lts_1112L_27_01	27	01	0	445	0	0	0	CR	MAX	26422598.thl.jpg	26422598.thl.jpg	NOKEY	MAX	NOKEY
1447362191092	0	lts_1112L_27_01	27	01	0	446	0	0	0	CR	MAX	2/26424973.thl.jpg	26424973.thl.jpg	NOKEY	MAX	NOKEY
1447362194168	0	lts_1112L_27_01	27	01	0	447	0	0	0	CR	MAX	ABAKBRUS2.jpg	ABAKBRUS2.jpg	NOKEY	MAX	NOKEY
1447362195456	0	lts_1112L_27_01	27	01	0	448	2	1	1	Hit	815	2-7/26424973.thl.jpg	26424973.thl.jpg	SPACE	852	SPACE
1447362198532	0	lts_1112L_27_01	27	01	0	449	0	0	0	CR	MAX	Aglass43.jpg	Aglass43.jpg	NOKEY	MAX	NOKEY
1447362283458	0	lts_1112L_27_01	27	01	1	0	0	0	0	CR	MAX	Abox80.jpg	Abox80.jpg	NOKEY	MAX	NOKEY
1447362286551	0	lts_1112L_27_01	27	01	1	1	0	0	0	CR	MAX	Astaplegun3.jpg	Astaplegun3.jpg	NOKEY	MAX	NOKEY
1447362289627	0	lts_1112L_27_01	27	01	1	2	0	0	0	CR	MAX	imate.jpg	imate.jpg	NOKEY	MAX	NOKEY
1447362292703	0	lts_1112L_27_01	27	01	1	3	0	0	0	CR	MAX	128/Aknife76.jpg	Aknife76.jpg	NOKEY	MAX	NOKEY
1447362295779	0	lts_1112L_27_01	27	01	1	4	0	0	0	CR	MAX	8/iguana.jpg	iguana.jpg	NOKEY	MAX	NOKEY
1447362296916	0	lts_1112L_27_01	27	01	1	5	0	0	1	FA	641	4/swingset.jpg	swingset.jpg	SPACE	686	NOKEY
1447362299992	0	lts_1112L_27_01	27	01	1	6	0	0	0	CR	MAX	26440756.thl.jpg	26440756.thl.jpg	NOKEY	MAX	NOKEY
1447362303068	0	lts_1112L_27_01	27	01	1	7	0	0	0	CR	MAX	ASMOKDE16.jpg	ASMOKDE16.jpg	NOKEY	MAX	NOKEY
1447362306144	0	lts_1112L_27_01	27	01	1	8	0	0	0	CR	MAX	26432109.thl.jpg	26432109.thl.jpg	NOKEY	MAX	NOKEY
1447362307348	0	lts_1112L_27_01	27	01	1	9	4	1	1	Hit	733	4-12/swingset.jpg	swingset.jpg	SPACE	769	SPACE
1447362310424	0	lts_1112L_27_01	27	01	1	10	0	0	0	CR	MAX	8068401.thl.jpg	8068401.thl.jpg	NOKEY	MAX	NOKEY
1447362313500	0	lts_1112L_27_01	27	01	1	11	0	0	0	CR	MAX	32/for28524.jpg	for28524.jpg	NOKEY	MAX	NOKEY
1447362314620	0	lts_1112L_27_01	27	01	1	12	8	1	1	Hit	645	8-first/iguana.jpg	iguana.jpg	SPACE	686	SPACE
1447362317696	0	lts_1112L_27_01	27	01	1	13	0	0	0	CR	MAX	DSCN3767-sm.jpg	DSCN3767-sm.jpg	NOKEY	MAX	NOKEY
1447362318682	0	lts_1112L_27_01	27	01	1	14	2	1	1	Hit	516	2-mul/iguana.jpg	iguana.jpg	SPACE	552	SPACE
1447362321758	0	lts_1112L_27_01	27	01	1	15	0	0	0	CR	MAX	Agreenlighter.jpg	Agreenlighter.jpg	NOKEY	MAX	NOKEY
1447362324834	0	lts_1112L_27_01	27	01	1	16	0	0	0	CR	MAX	1/pdos043072.jpg	pdos043072.jpg	NOKEY	MAX	NOKEY
1447362325904	0	lts_1112L_27_01	27	01	1	17	1	1	1	Hit	597	1-3/pdos043072.jpg	pdos043072.jpg	SPACE	635	SPACE
1447362328980	0	lts_1112L_27_01	27	01	1	18	0	0	0	CR	MAX	2/Arake3.jpg	Arake3.jpg	NOKEY	MAX	NOKEY
1447362332056	0	lts_1112L_27_01	27	01	1	19	0	0	0	CR	MAX	26374713.thl.jpg	26374713.thl.jpg	NOKEY	MAX	NOKEY
1447362333110	0	lts_1112L_27_01	27	01	1	20	2	1	1	Hit	570	2-7/Arake3.jpg	Arake3.jpg	SPACE	618	SPACE
1447362336186	0	lts_1112L_27_01	27	01	1	21	0	0	0	CR	MAX	APOWEDCAS.jpg	APOWEDCAS.jpg	NOKEY	MAX	NOKEY
1447362339262	0	lts_1112L_27_01	27	01	1	22	0	0	0	CR	MAX	APAINTJ11.jpg	APAINTJ11.jpg	NOKEY	MAX	NOKEY
1447362342338	0	lts_1112L_27_01	27	01	1	23	0	0	0	CR	MAX	gytsl9.jpg	gytsl9.jpg	NOKEY	MAX	NOKEY
1447362345414	0	lts_1112L_27_01	27	01	1	24	0	0	0	CR	MAX	16/A56THUND4.jpg	A56THUND4.jpg	NOKEY	MAX	NOKEY
1447362348490	0	lts_1112L_27_01	27	01	1	25	0	0	0	CR	MAX	8/8024092.thl.jpg	8024092.thl.jpg	NOKEY	MAX	NOKEY
1447362351583	0	lts_1112L_27_01	27	01	1	26	0	0	0	CR	MAX	26433592.thl.jpg	26433592.thl.jpg	NOKEY	MAX	NOKEY
1447362353338	0	lts_1112L_27_01	27	01	1	27	00	1	1	Hit	1284	00-across/ABONGO3.jpg	ABONGO3.jpg	SPACE	1321	SPACE
1447362356431	0	lts_1112L_27_01	27	01	1	28	0	0	0	CR	MAX	Aadvcalen.jpg	Aadvcalen.jpg	NOKEY	MAX	NOKEY
1447362359507	0	lts_1112L_27_01	27	01	1	29	0	0	0	CR	MAX	AWOODST11.jpg	AWOODST11.jpg	NOKEY	MAX	NOKEY
1447362362583	0	lts_1112L_27_01	27	01	1	30	0	0	0	CR	MAX	64/ABUFFALO.jpg	ABUFFALO.jpg	NOKEY	MAX	NOKEY
1447362365659	0	lts_1112L_27_01	27	01	1	31	0	0	0	CR	MAX	gymbars2.jpg	gymbars2.jpg	NOKEY	MAX	NOKEY
1447362368735	0	lts_1112L_27_01	27	01	1	32	0	0	0	CR	MAX	26440261.thl.jpg	26440261.thl.jpg	NOKEY	MAX	NOKEY
1447362369822	0	lts_1112L_27_01	27	01	1	33	8	1	1	Hit	611	8-2/8024092.thl.jpg	8024092.thl.jpg	SPACE	652	SPACE
1447362371126	0	lts_1112L_27_01	27	01	1	34	0	0	1	FA	823	128/Abicyclebrak4.jpg	Abicyclebrak4.jpg	SPACE	870	NOKEY
1447362372396	0	lts_1112L_27_01	27	01	1	35	00	1	1	Hit	788	00-across/TTtvehiclesCyborg.jpg	TTtvehiclesCyborg.jpg	SPACE	836	SPACE
1447362375472	0	lts_1112L_27_01	27	01	1	36	0	0	0	CR	MAX	32/26391173.thl.jpg	26391173.thl.jpg	NOKEY	MAX	NOKEY
1447362378548	0	lts_1112L_27_01	27	01	1	37	0	0	0	CR	MAX	Ajoystick10.jpg	Ajoystick10.jpg	NOKEY	MAX	NOKEY
1447362381625	0	lts_1112L_27_01	27	01	1	38	0	0	0	CR	MAX	8058011.thl.jpg	8058011.thl.jpg	NOKEY	MAX	NOKEY
1447362384701	0	lts_1112L_27_01	27	01	1	39	0	0	0	CR	MAX	Acrib12.jpg	Acrib12.jpg	NOKEY	MAX	NOKEY
1447362386006	0	lts_1112L_27_01	27	01	1	40	16	1	1	Hit	827	16-first/A56THUND4.jpg	A56THUND4.jpg	SPACE	869	SPACE
1447362387693	0	lts_1112L_27_01	27	01	1	41	0	0	1	FA	1215	32/ASEWING.jpg	ASEWING.jpg	SPACE	1254	NOKEY
1447362390769	0	lts_1112L_27_01	27	01	1	42	0	0	0	CR	MAX	26428110.thl.jpg	26428110.thl.jpg	NOKEY	MAX	NOKEY
1447362393845	0	lts_1112L_27_01	27	01	1	43	32	1	0	Miss	MAX	32-1/for28524.jpg	for28524.jpg	NOKEY	MAX	SPACE
1447362396921	0	lts_1112L_27_01	27	01	1	44	0	0	0	CR	MAX	Adiamondring3.jpg	Adiamondring3.jpg	NOKEY	MAX	NOKEY
1447362399997	0	lts_1112L_27_01	27	01	1	45	0	0	0	CR	MAX	Asoapdish3.jpg	Asoapdish3.jpg	NOKEY	MAX	NOKEY
1447362403090	0	lts_1112L_27_01	27	01	1	46	0	0	0	CR	MAX	32/blueflatbox.jpg	blueflatbox.jpg	NOKEY	MAX	NOKEY
1447362406166	0	lts_1112L_27_01	27	01	1	47	0	0	0	CR	MAX	1/Aperfumebottl.jpg	Aperfumebottl.jpg	NOKEY	MAX	NOKEY
1447362407186	0	lts_1112L_27_01	27	01	1	48	1	1	1	Hit	545	1-7/Aperfumebottl.jpg	Aperfumebottl.jpg	SPACE	585	SPACE
1447362410262	0	lts_1112L_27_01	27	01	1	49	0	0	0	CR	MAX	2/22925228.thl.jpg	22925228.thl.jpg	NOKEY	MAX	NOKEY
1447362413338	0	lts_1112L_27_01	27	01	1	50	0	0	0	CR	MAX	ACOOKCUTT.jpg	ACOOKCUTT.jpg	NOKEY	MAX	NOKEY
1447362414508	0	lts_1112L_27_01	27	01	1	51	2	1	1	Hit	688	2-4/22925228.thl.jpg	22925228.thl.jpg	SPACE	735	SPACE
1447362417584	0	lts_1112L_27_01	27	01	1	52	0	0	0	CR	MAX	AMILPHONE.jpg	AMILPHONE.jpg	NOKEY	MAX	NOKEY
1447362420677	0	lts_1112L_27_01	27	01	1	53	0	0	0	CR	MAX	ASWANWHIT.jpg	ASWANWHIT.jpg	NOKEY	MAX	NOKEY
1447362423753	0	lts_1112L_27_01	27	01	1	54	0	0	0	CR	MAX	64/ATOMATOSA.jpg	ATOMATOSA.jpg	NOKEY	MAX	NOKEY
1447362426829	0	lts_1112L_27_01	27	01	1	55	0	0	0	CR	MAX	26434546.thl.jpg	26434546.thl.jpg	NOKEY	MAX	NOKEY
1447362427933	0	lts_1112L_27_01	27	01	1	56	16	1	1	Hit	619	16-mul/A56THUND4.jpg	A56THUND4.jpg	SPACE	669	SPACE
1447362431025	0	lts_1112L_27_01	27	01	1	57	0	0	0	CR	MAX	Acomputerpro3.jpg	Acomputerpro3.jpg	NOKEY	MAX	NOKEY
1447362432446	0	lts_1112L_27_01	27	01	1	58	0	0	1	FA	948	APLAQUE.jpg	APLAQUE.jpg	SPACE	986	NOKEY
1447362433817	0	lts_1112L_27_01	27	01	1	59	00	1	1	Hit	888	00-across/AJUICER.jpg	AJUICER.jpg	SPACE	936	SPACE
1447362436893	0	lts_1112L_27_01	27	01	1	60	0	0	0	CR	MAX	ACUPBOAR5.jpg	ACUPBOAR5.jpg	NOKEY	MAX	NOKEY
1447362439970	0	lts_1112L_27_01	27	01	1	61	0	0	0	CR	MAX	showercurtainsuchi.jpg	showercurtainsuchi.jpg	NOKEY	MAX	NOKEY
1447362443046	0	lts_1112L_27_01	27	01	1	62	0	0	0	CR	MAX	1/Aclothespin4.jpg	Aclothespin4.jpg	NOKEY	MAX	NOKEY
1447362444182	0	lts_1112L_27_01	27	01	1	63	1	1	1	Hit	661	1-9/Aclothespin4.jpg	Aclothespin4.jpg	SPACE	702	SPACE
1447362447258	0	lts_1112L_27_01	27	01	1	64	0	0	0	CR	MAX	22827408.thl.jpg	22827408.thl.jpg	NOKEY	MAX	NOKEY
1447362450334	0	lts_1112L_27_01	27	01	1	65	0	0	0	CR	MAX	1/Abellcookiec3.jpg	Abellcookiec3.jpg	NOKEY	MAX	NOKEY
1447362451505	0	lts_1112L_27_01	27	01	1	66	1	1	1	Hit	696	1-12/Abellcookiec3.jpg	Abellcookiec3.jpg	SPACE	736	SPACE
1447362454598	0	lts_1112L_27_01	27	01	1	67	0	0	0	CR	MAX	AHONEYJA2.jpg	AHONEYJA2.jpg	NOKEY	MAX	NOKEY
1447362455801	0	lts_1112L_27_01	27	01	1	68	32	1	1	Hit	734	32-0/26391173.thl.jpg	26391173.thl.jpg	SPACE	769	SPACE
1447362458877	0	lts_1112L_27_01	27	01	1	69	0	0	0	CR	MAX	ABUGLE2.jpg	ABUGLE2.jpg	NOKEY	MAX	NOKEY
1447362461953	0	lts_1112L_27_01	27	01	1	70	0	0	0	CR	MAX	Abagofherbs.jpg	Abagofherbs.jpg	NOKEY	MAX	NOKEY
1447362465029	0	lts_1112L_27_01	27	01	1	71	0	0	0	CR	MAX	ACAPTAIN9.jpg	ACAPTAIN9.jpg	NOKEY	MAX	NOKEY
1447362466216	0	lts_1112L_27_01	27	01	1	72	0	0	1	FA	714	moneyslotmachine.jpg	moneyslotmachine.jpg	SPACE	752	NOKEY
1447362467671	0	lts_1112L_27_01	27	01	1	73	32	1	1	Hit	977	32-3/ASEWING.jpg	ASEWING.jpg	SPACE	1020	SPACE
1447362470747	0	lts_1112L_27_01	27	01	1	74	0	0	0	CR	MAX	8048786.thl.jpg	8048786.thl.jpg	NOKEY	MAX	NOKEY
1447362473823	0	lts_1112L_27_01	27	01	1	75	0	0	0	CR	MAX	8/Afunnel17.jpg	Afunnel17.jpg	NOKEY	MAX	NOKEY
1447362476899	0	lts_1112L_27_01	27	01	1	76	0	0	0	CR	MAX	16/26423812.thl.jpg	26423812.thl.jpg	NOKEY	MAX	NOKEY
1447362479975	0	lts_1112L_27_01	27	01	1	77	0	0	0	CR	MAX	AACORN2.jpg	AACORN2.jpg	NOKEY	MAX	NOKEY
1447362481112	0	lts_1112L_27_01	27	01	1	78	32	1	1	Hit	661	32-5/blueflatbox.jpg	blueflatbox.jpg	SPACE	702	SPACE
1447362484188	0	lts_1112L_27_01	27	01	1	79	0	0	0	CR	MAX	1/Abackaccesso4.jpg	Abackaccesso4.jpg	NOKEY	MAX	NOKEY
1447362485726	0	lts_1112L_27_01	27	01	1	80	1	1	1	Hit	1061	1-6/Abackaccesso4.jpg	Abackaccesso4.jpg	SPACE	1104	SPACE
1447362488802	0	lts_1112L_27_01	27	01	1	81	0	0	0	CR	MAX	26370445.thl.jpg	26370445.thl.jpg	NOKEY	MAX	NOKEY
1447362491878	0	lts_1112L_27_01	27	01	1	82	0	0	0	CR	MAX	Abaseballcap.jpg	Abaseballcap.jpg	NOKEY	MAX	NOKEY
1447362493082	0	lts_1112L_27_01	27	01	1	83	8	1	1	Hit	726	8-first/Afunnel17.jpg	Afunnel17.jpg	SPACE	769	SPACE
1447362496158	0	lts_1112L_27_01	27	01	1	84	0	0	0	CR	MAX	Acucumber2.jpg	Acucumber2.jpg	NOKEY	MAX	NOKEY
1447362497328	0	lts_1112L_27_01	27	01	1	85	2	1	1	Hit	689	2-mul/Afunnel17.jpg	Afunnel17.jpg	SPACE	736	SPACE
1447362498883	0	lts_1112L_27_01	27	01	1	86	0	0	1	FA	1069	Astapler12.jpg	Astapler12.jpg	SPACE	1120	NOKEY
1447362501959	0	lts_1112L_27_01	27	01	1	87	0	0	0	CR	MAX	APUPPY26.jpg	APUPPY26.jpg	NOKEY	MAX	NOKEY
1447362505035	0	lts_1112L_27_01	27	01	1	88	0	0	0	CR	MAX	AMILMARK2.jpg	AMILMARK2.jpg	NOKEY	MAX	NOKEY
1447362508128	0	lts_1112L_27_01	27	01	1	89	0	0	0	CR	MAX	8/ABROOM11.jpg	ABROOM11.jpg	NOKEY	MAX	NOKEY
1447362511204	0	lts_1112L_27_01	27	01	1	90	0	0	0	CR	MAX	Acomputer11.jpg	Acomputer11.jpg	NOKEY	MAX	NOKEY
1447362514280	0	lts_1112L_27_01	27	01	1	91	0	0	0	CR	MAX	ABLACKB12.jpg	ABLACKB12.jpg	NOKEY	MAX	NOKEY
1447362515952	0	lts_1112L_27_01	27	01	1	92	16	1	1	Hit	1198	16-first/26423812.thl.jpg	26423812.thl.jpg	SPACE	1237	SPACE
1447362519028	0	lts_1112L_27_01	27	01	1	93	0	0	0	CR	MAX	AEXPERIM3.jpg	AEXPERIM3.jpg	NOKEY	MAX	NOKEY
1447362520081	0	lts_1112L_27_01	27	01	1	94	64	1	1	Hit	577	64-first/ABUFFALO.jpg	ABUFFALO.jpg	SPACE	619	SPACE
1447362523157	0	lts_1112L_27_01	27	01	1	95	0	0	0	CR	MAX	Astonehome.jpg	Astonehome.jpg	NOKEY	MAX	NOKEY
1447362526233	0	lts_1112L_27_01	27	01	1	96	0	0	0	CR	MAX	ACOFFGRI9.jpg	ACOFFGRI9.jpg	NOKEY	MAX	NOKEY
1447362527236	0	lts_1112L_27_01	27	01	1	97	8	1	1	Hit	522	8-first/ABROOM11.jpg	ABROOM11.jpg	SPACE	568	SPACE
1447362530312	0	lts_1112L_27_01	27	01	1	98	0	0	0	CR	MAX	Aantiquevege3.jpg	Aantiquevege3.jpg	NOKEY	MAX	NOKEY
1447362532218	0	lts_1112L_27_01	27	01	1	99	2	1	1	Hit	1427	2-mul/ABROOM11.jpg	ABROOM11.jpg	SPACE	1471	SPACE
1447362535311	0	lts_1112L_27_01	27	01	1	100	0	0	0	CR	MAX	8060342.thl.jpg	8060342.thl.jpg	NOKEY	MAX	NOKEY
1447362538387	0	lts_1112L_27_01	27	01	1	101	0	0	0	CR	MAX	ATISSUE.jpg	ATISSUE.jpg	NOKEY	MAX	NOKEY
1447362539774	0	lts_1112L_27_01	27	01	1	102	00	1	1	Hit	910	00-across/Abutterflynet.jpg	Abutterflynet.jpg	SPACE	953	SPACE
1447362542867	0	lts_1112L_27_01	27	01	1	103	0	0	0	CR	MAX	Apolicehelme5.jpg	Apolicehelme5.jpg	NOKEY	MAX	NOKEY
1447362545943	0	lts_1112L_27_01	27	01	1	104	0	0	0	CR	MAX	32/ATUNFORK2.jpg	ATUNFORK2.jpg	NOKEY	MAX	NOKEY
1447362549019	0	lts_1112L_27_01	27	01	1	105	0	0	0	CR	MAX	stickersparty.jpg	stickersparty.jpg	NOKEY	MAX	NOKEY
1447362552095	0	lts_1112L_27_01	27	01	1	106	0	0	0	CR	MAX	AHEARTSPO.jpg	AHEARTSPO.jpg	NOKEY	MAX	NOKEY
1447362555171	0	lts_1112L_27_01	27	01	1	107	0	0	0	CR	MAX	AMUSICSH2.jpg	AMUSICSH2.jpg	NOKEY	MAX	NOKEY
1447362556258	0	lts_1112L_27_01	27	01	1	108	16	1	1	Hit	605	16-mul/26423812.thl.jpg	26423812.thl.jpg	SPACE	652	SPACE
1447362559334	0	lts_1112L_27_01	27	01	1	109	0	0	0	CR	MAX	35310260.thl.jpg	35310260.thl.jpg	NOKEY	MAX	NOKEY
1447362560571	0	lts_1112L_27_01	27	01	1	110	16	1	1	Hit	754	16-mul/ABUFFALO.jpg	ABUFFALO.jpg	SPACE	802	SPACE
1447362563647	0	lts_1112L_27_01	27	01	1	111	0	0	0	CR	MAX	2/Aantelopesku5.jpg	Aantelopesku5.jpg	NOKEY	MAX	NOKEY
1447362566723	0	lts_1112L_27_01	27	01	1	112	0	0	0	CR	MAX	Afaucet9.jpg	Afaucet9.jpg	NOKEY	MAX	NOKEY
1447362567793	0	lts_1112L_27_01	27	01	1	113	2	1	1	Hit	597	2-5/Aantelopesku5.jpg	Aantelopesku5.jpg	SPACE	635	SPACE
1447362570869	0	lts_1112L_27_01	27	01	1	114	0	0	0	CR	MAX	1/8255030.thl.jpg	8255030.thl.jpg	NOKEY	MAX	NOKEY
1447362572007	0	lts_1112L_27_01	27	01	1	115	1	1	1	Hit	661	1-14/8255030.thl.jpg	8255030.thl.jpg	SPACE	702	SPACE
1447362575099	0	lts_1112L_27_01	27	01	1	116	0	0	0	CR	MAX	ATELESCO2.jpg	ATELESCO2.jpg	NOKEY	MAX	NOKEY
1447362578175	0	lts_1112L_27_01	27	01	1	117	0	0	0	CR	MAX	ADRUMSET3.jpg	ADRUMSET3.jpg	NOKEY	MAX	NOKEY
1447362579295	0	lts_1112L_27_01	27	01	1	118	64	1	1	Hit	651	64-first/ATOMATOSA.jpg	ATOMATOSA.jpg	SPACE	685	SPACE
1447362582371	0	lts_1112L_27_01	27	01	1	119	0	0	0	CR	MAX	ADINROO16.jpg	ADINROO16.jpg	NOKEY	MAX	NOKEY
1447362583374	0	lts_1112L_27_01	27	01	1	120	2	1	1	Hit	530	2-mul/ATOMATOSA.jpg	ATOMATOSA.jpg	SPACE	568	SPACE
1447362586450	0	lts_1112L_27_01	27	01	1	121	0	0	0	CR	MAX	64/Acombination6.jpg	Acombination6.jpg	NOKEY	MAX	NOKEY
1447362589526	0	lts_1112L_27_01	27	01	1	122	0	0	0	CR	MAX	2/26687176.thl.jpg	26687176.thl.jpg	NOKEY	MAX	NOKEY
1447362592603	0	lts_1112L_27_01	27	01	1	123	0	0	0	CR	MAX	AMEDCONTA.jpg	AMEDCONTA.jpg	NOKEY	MAX	NOKEY
1447362593740	0	lts_1112L_27_01	27	01	1	124	2	1	1	Hit	661	2-13/26687176.thl.jpg	26687176.thl.jpg	SPACE	702	SPACE
1447362596815	0	lts_1112L_27_01	27	01	1	125	0	0	0	CR	MAX	64/8081398.thl.jpg	8081398.thl.jpg	NOKEY	MAX	NOKEY
1447362597936	0	lts_1112L_27_01	27	01	1	126	00	1	1	Hit	639	00-across/ALITTERB2.jpg	ALITTERB2.jpg	SPACE	685	SPACE
1447362601012	0	lts_1112L_27_01	27	01	1	127	0	0	0	CR	MAX	8026084.thl.jpg	8026084.thl.jpg	NOKEY	MAX	NOKEY
1447362602232	0	lts_1112L_27_01	27	01	1	128	00	1	1	Hit	751	00-across/Adog120.jpg	Adog120.jpg	SPACE	786	SPACE
1447362605308	0	lts_1112L_27_01	27	01	1	129	0	0	0	CR	MAX	128/ACONSTRU9.jpg	ACONSTRU9.jpg	NOKEY	MAX	NOKEY
1447362608384	0	lts_1112L_27_01	27	01	1	130	0	0	0	CR	MAX	4/AFOODTAB2.jpg	AFOODTAB2.jpg	NOKEY	MAX	NOKEY
1447362609588	0	lts_1112L_27_01	27	01	1	131	128	1	1	Hit	725	128-3/Aknife76.jpg	Aknife76.jpg	SPACE	769	SPACE
1447362612664	0	lts_1112L_27_01	27	01	1	132	0	0	0	CR	MAX	26372785.thl.jpg	26372785.thl.jpg	NOKEY	MAX	NOKEY
1447362615740	0	lts_1112L_27_01	27	01	1	133	0	0	0	CR	MAX	8/AOVALFRAM.jpg	AOVALFRAM.jpg	NOKEY	MAX	NOKEY
1447362616910	0	lts_1112L_27_01	27	01	1	134	4	1	1	Hit	692	4-4/AFOODTAB2.jpg	AFOODTAB2.jpg	SPACE	736	SPACE
1447362619986	0	lts_1112L_27_01	27	01	1	135	0	0	0	CR	MAX	64/Agolfbag.jpg	Agolfbag.jpg	NOKEY	MAX	NOKEY
1447362621106	0	lts_1112L_27_01	27	01	1	136	32	1	1	Hit	638	32-2/ATUNFORK2.jpg	ATUNFORK2.jpg	SPACE	684	SPACE
1447362624182	0	lts_1112L_27_01	27	01	1	137	0	0	0	CR	MAX	26374798.thl.jpg	26374798.thl.jpg	NOKEY	MAX	NOKEY
1447362627258	0	lts_1112L_27_01	27	01	1	138	0	0	0	CR	MAX	Aavocado7.jpg	Aavocado7.jpg	NOKEY	MAX	NOKEY
1447362630334	0	lts_1112L_27_01	27	01	1	139	0	0	0	CR	MAX	Asword138.jpg	Asword138.jpg	NOKEY	MAX	NOKEY
1447362633411	0	lts_1112L_27_01	27	01	1	140	0	0	0	CR	MAX	8/Amilkcrate2.jpg	Amilkcrate2.jpg	NOKEY	MAX	NOKEY
1447362634648	0	lts_1112L_27_01	27	01	1	141	8	1	1	Hit	757	8-first/AOVALFRAM.jpg	AOVALFRAM.jpg	SPACE	803	SPACE
1447362637740	0	lts_1112L_27_01	27	01	1	142	0	0	0	CR	MAX	Afoodprocess4.jpg	Afoodprocess4.jpg	NOKEY	MAX	NOKEY
1447362640817	0	lts_1112L_27_01	27	01	1	143	0	0	0	CR	MAX	26374787.thl.jpg	26374787.thl.jpg	NOKEY	MAX	NOKEY
1447362643893	0	lts_1112L_27_01	27	01	1	144	0	0	0	CR	MAX	ATINSTRAP.jpg	ATINSTRAP.jpg	NOKEY	MAX	NOKEY
1447362645397	0	lts_1112L_27_01	27	01	1	145	0	0	1	FA	1022	128/D_stove.jpg	D_stove.jpg	SPACE	1070	NOKEY
1447362648473	0	lts_1112L_27_01	27	01	1	146	8	1	0	Miss	MAX	8/spoon-a.jpg	spoon-a.jpg	NOKEY	MAX	SPACE
1447362651549	0	lts_1112L_27_01	27	01	1	147	0	0	0	CR	MAX	AHEBREWTE.jpg	AHEBREWTE.jpg	NOKEY	MAX	NOKEY
1447362652770	0	lts_1112L_27_01	27	01	1	148	8	1	1	Hit	741	8-first/Amilkcrate2.jpg	Amilkcrate2.jpg	SPACE	786	SPACE
1447362655846	0	lts_1112L_27_01	27	01	1	149	0	0	0	CR	MAX	16/kimono.jpg	kimono.jpg	NOKEY	MAX	NOKEY
1447362658922	0	lts_1112L_27_01	27	01	1	150	0	0	0	CR	MAX	32/shavingcream01.jpg	shavingcream01.jpg	NOKEY	MAX	NOKEY
1447362661998	0	lts_1112L_27_01	27	01	1	151	0	0	0	CR	MAX	ACAMLENSE.jpg	ACAMLENSE.jpg	NOKEY	MAX	NOKEY
1447362663185	0	lts_1112L_27_01	27	01	1	152	4	1	1	Hit	712	4-mul/Amilkcrate2.jpg	Amilkcrate2.jpg	SPACE	753	SPACE
1447362666278	0	lts_1112L_27_01	27	01	1	153	0	0	0	CR	MAX	gascontainer.jpg	gascontainer.jpg	NOKEY	MAX	NOKEY
1447362667348	0	lts_1112L_27_01	27	01	1	154	8	1	1	Hit	584	8-0/spoon-a.jpg	spoon-a.jpg	SPACE	635	SPACE
1447362670424	0	lts_1112L_27_01	27	01	1	155	0	0	0	CR	MAX	Ablossom.jpg	Ablossom.jpg	NOKEY	MAX	NOKEY
1447362673500	0	lts_1112L_27_01	27	01	1	156	0	0	0	CR	MAX	22861656.thl.jpg	22861656.thl.jpg	NOKEY	MAX	NOKEY
1447362674720	0	lts_1112L_27_01	27	01	1	157	16	1	1	Hit	741	16-mul/AOVALFRAM.jpg	AOVALFRAM.jpg	SPACE	786	SPACE
1447362677796	0	lts_1112L_27_01	27	01	1	158	0	0	0	CR	MAX	Astadium.jpg	Astadium.jpg	NOKEY	MAX	NOKEY
1447362680872	0	lts_1112L_27_01	27	01	1	159	0	0	0	CR	MAX	1/AANTTRUCK.jpg	AANTTRUCK.jpg	NOKEY	MAX	NOKEY
1447362681926	0	lts_1112L_27_01	27	01	1	160	1	1	1	Hit	567	1-2/AANTTRUCK.jpg	AANTTRUCK.jpg	SPACE	618	SPACE
1447362685003	0	lts_1112L_27_01	27	01	1	161	0	0	0	CR	MAX	AMODELSA4.jpg	AMODELSA4.jpg	NOKEY	MAX	NOKEY
1447362686473	0	lts_1112L_27_01	27	01	1	162	128	1	1	Hit	995	128-2/Abicyclebrak4.jpg	Abicyclebrak4.jpg	SPACE	1037	SPACE
1447362689549	0	lts_1112L_27_01	27	01	1	163	0	0	0	CR	MAX	XPGame.jpg	XPGame.jpg	NOKEY	MAX	NOKEY
1447362692625	0	lts_1112L_27_01	27	01	1	164	0	0	0	CR	MAX	AINCENSE4.jpg	AINCENSE4.jpg	NOKEY	MAX	NOKEY
1447362693829	0	lts_1112L_27_01	27	01	1	165	16	1	1	Hit	718	16-first/kimono.jpg	kimono.jpg	SPACE	769	SPACE
1447362696921	0	lts_1112L_27_01	27	01	1	166	0	0	0	CR	MAX	Aallterrain10.jpg	Aallterrain10.jpg	NOKEY	MAX	NOKEY
1447362697975	0	lts_1112L_27_01	27	01	1	167	2	1	1	Hit	569	2-mul/kimono.jpg	kimono.jpg	SPACE	618	SPACE
1447362701051	0	lts_1112L_27_01	27	01	1	168	0	0	0	CR	MAX	hammer01.jpg	hammer01.jpg	NOKEY	MAX	NOKEY
1447362704127	0	lts_1112L_27_01	27	01	1	169	0	0	0	CR	MAX	4/Abagofpaperfl.jpg	Abagofpaperfl.jpg	NOKEY	MAX	NOKEY
1447362707203	0	lts_1112L_27_01	27	01	1	170	0	0	0	CR	MAX	1/26384863.thl.jpg	26384863.thl.jpg	NOKEY	MAX	NOKEY
1447362708356	0	lts_1112L_27_01	27	01	1	171	1	1	1	Hit	676	1-1/26384863.thl.jpg	26384863.thl.jpg	SPACE	719	SPACE
1447362711432	0	lts_1112L_27_01	27	01	1	172	0	0	0	CR	MAX	26467460.thl.jpg	26467460.thl.jpg	NOKEY	MAX	NOKEY
1447362712536	0	lts_1112L_27_01	27	01	1	173	4	1	1	Hit	634	4-2/Abagofpaperfl.jpg	Abagofpaperfl.jpg	SPACE	669	SPACE
1447362715612	0	lts_1112L_27_01	27	01	1	174	0	0	0	CR	MAX	ATOILBAG2.jpg	ATOILBAG2.jpg	NOKEY	MAX	NOKEY
1447362717250	0	lts_1112L_27_01	27	01	1	175	0	0	1	FA	1148	4/neckrest.jpg	neckrest.jpg	SPACE	1187	NOKEY
1447362720326	0	lts_1112L_27_01	27	01	1	176	0	0	0	CR	MAX	128/Athimble2.jpg	Athimble2.jpg	NOKEY	MAX	NOKEY
1447362723402	0	lts_1112L_27_01	27	01	1	177	0	0	0	CR	MAX	Atrailer5.jpg	Atrailer5.jpg	NOKEY	MAX	NOKEY
1447362726478	0	lts_1112L_27_01	27	01	1	178	0	0	0	CR	MAX	AHEADLI18.jpg	AHEADLI18.jpg	NOKEY	MAX	NOKEY
1447362727749	0	lts_1112L_27_01	27	01	1	179	4	1	1	Hit	794	4-6/neckrest.jpg	neckrest.jpg	SPACE	836	SPACE
1447362730825	0	lts_1112L_27_01	27	01	1	180	0	0	0	CR	MAX	Awildberries.jpg	Awildberries.jpg	NOKEY	MAX	NOKEY
1447362733901	0	lts_1112L_27_01	27	01	1	181	0	0	0	CR	MAX	Abonnet12.jpg	Abonnet12.jpg	NOKEY	MAX	NOKEY
1447362735188	0	lts_1112L_27_01	27	01	1	182	32	1	1	Hit	810	32-8/shavingcream01.jpg	shavingcream01.jpg	SPACE	853	SPACE
1447362738264	0	lts_1112L_27_01	27	01	1	183	0	0	0	CR	MAX	ACEREAL.jpg	ACEREAL.jpg	NOKEY	MAX	NOKEY
1447362741340	0	lts_1112L_27_01	27	01	1	184	0	0	0	CR	MAX	AJUG3.jpg	AJUG3.jpg	NOKEY	MAX	NOKEY
1447362742460	0	lts_1112L_27_01	27	01	1	185	64	1	1	Hit	648	64-first/Acombination6.jpg	Acombination6.jpg	SPACE	685	SPACE
1447362745536	0	lts_1112L_27_01	27	01	1	186	0	0	0	CR	MAX	Afruitbasket2.jpg	Afruitbasket2.jpg	NOKEY	MAX	NOKEY
1447362746673	0	lts_1112L_27_01	27	01	1	187	2	1	1	Hit	652	2-mul/Acombination6.jpg	Acombination6.jpg	SPACE	702	SPACE
1447362749766	0	lts_1112L_27_01	27	01	1	188	0	0	0	CR	MAX	Atoyfurnitu14.jpg	Atoyfurnitu14.jpg	NOKEY	MAX	NOKEY
1447362750920	0	lts_1112L_27_01	27	01	1	189	64	1	1	Hit	683	64-first/8081398.thl.jpg	8081398.thl.jpg	SPACE	719	SPACE
1447362753996	0	lts_1112L_27_01	27	01	1	190	0	0	0	CR	MAX	26391514.thl.jpg	26391514.thl.jpg	NOKEY	MAX	NOKEY
1447362755015	0	lts_1112L_27_01	27	01	1	191	2	1	1	Hit	538	2-mul/8081398.thl.jpg	8081398.thl.jpg	SPACE	585	SPACE
1447362758092	0	lts_1112L_27_01	27	01	1	192	0	0	0	CR	MAX	ADOMINO.jpg	ADOMINO.jpg	NOKEY	MAX	NOKEY
1447362761168	0	lts_1112L_27_01	27	01	1	193	0	0	0	CR	MAX	8020414.thl.jpg	8020414.thl.jpg	NOKEY	MAX	NOKEY
1447362764244	0	lts_1112L_27_01	27	01	1	194	0	0	0	CR	MAX	32/AROOSTERP.jpg	AROOSTERP.jpg	NOKEY	MAX	NOKEY
1447362767320	0	lts_1112L_27_01	27	01	1	195	0	0	0	CR	MAX	Aconferencer3.jpg	Aconferencer3.jpg	NOKEY	MAX	NOKEY
1447362770396	0	lts_1112L_27_01	27	01	1	196	0	0	0	CR	MAX	1/ASHADES11.jpg	ASHADES11.jpg	NOKEY	MAX	NOKEY
1447362771616	0	lts_1112L_27_01	27	01	1	197	1	1	1	Hit	737	1-8/ASHADES11.jpg	ASHADES11.jpg	SPACE	786	SPACE
1447362774692	0	lts_1112L_27_01	27	01	1	198	0	0	0	CR	MAX	Afrenchsigns2.jpg	Afrenchsigns2.jpg	NOKEY	MAX	NOKEY
1447362775846	0	lts_1112L_27_01	27	01	1	199	64	1	1	Hit	676	64-first/Agolfbag.jpg	Agolfbag.jpg	SPACE	719	SPACE
1447362778922	0	lts_1112L_27_01	27	01	1	200	0	0	0	CR	MAX	Ajewisho2.jpg	Ajewisho2.jpg	NOKEY	MAX	NOKEY
1447362782015	0	lts_1112L_27_01	27	01	1	201	0	0	0	CR	MAX	sportsbasket.jpg	sportsbasket.jpg	NOKEY	MAX	NOKEY
1447362785124	0	lts_1112L_27_01	27	01	1	202	128	1	0	Miss	MAX	128/keys-a.jpg	keys-a.jpg	NOKEY	MAX	SPACE
1447362788200	0	lts_1112L_27_01	27	01	1	203	0	0	0	CR	MAX	1/23077768.thl.jpg	23077768.thl.jpg	NOKEY	MAX	NOKEY
1447362789421	0	lts_1112L_27_01	27	01	1	204	1	1	1	Hit	737	1-13/23077768.thl.jpg	23077768.thl.jpg	SPACE	786	SPACE
1447362792497	0	lts_1112L_27_01	27	01	1	205	0	0	0	CR	MAX	Atoymoose.jpg	Atoymoose.jpg	NOKEY	MAX	NOKEY
1447362795573	0	lts_1112L_27_01	27	01	1	206	0	0	0	CR	MAX	4/36407647.thl.jpg	36407647.thl.jpg	NOKEY	MAX	NOKEY
1447362798649	0	lts_1112L_27_01	27	01	1	207	0	0	0	CR	MAX	26387436.thl.jpg	26387436.thl.jpg	NOKEY	MAX	NOKEY
1447362801725	0	lts_1112L_27_01	27	01	1	208	0	0	0	CR	MAX	Abutterchurn5.jpg	Abutterchurn5.jpg	NOKEY	MAX	NOKEY
1447362804801	0	lts_1112L_27_01	27	01	1	209	0	0	0	CR	MAX	AELECRAZ7.jpg	AELECRAZ7.jpg	NOKEY	MAX	NOKEY
1447362806088	0	lts_1112L_27_01	27	01	1	210	4	1	1	Hit	814	4-10/36407647.thl.jpg	36407647.thl.jpg	SPACE	853	SPACE
1447362809164	0	lts_1112L_27_01	27	01	1	211	0	0	0	CR	MAX	Acactusfruit.jpg	Acactusfruit.jpg	NOKEY	MAX	NOKEY
1447362812240	0	lts_1112L_27_01	27	01	1	212	0	0	0	CR	MAX	26431848.thl.jpg	26431848.thl.jpg	NOKEY	MAX	NOKEY
1447362813427	0	lts_1112L_27_01	27	01	1	213	0	0	1	FA	711	Atoyseasaw.jpg	Atoyseasaw.jpg	SPACE	752	NOKEY
1447362816520	0	lts_1112L_27_01	27	01	1	214	0	0	0	CR	MAX	Aornament89.jpg	Aornament89.jpg	NOKEY	MAX	NOKEY
1447362818108	0	lts_1112L_27_01	27	01	1	215	16	1	1	Hit	1104	16-mul/Agolfbag.jpg	Agolfbag.jpg	SPACE	1153	SPACE
1447362821184	0	lts_1112L_27_01	27	01	1	216	0	0	0	CR	MAX	Atoytheatre2.jpg	Atoytheatre2.jpg	NOKEY	MAX	NOKEY
1447362824260	0	lts_1112L_27_01	27	01	1	217	0	0	0	CR	MAX	1/Acampingstov9.jpg	Acampingstov9.jpg	NOKEY	MAX	NOKEY
1447362825314	0	lts_1112L_27_01	27	01	1	218	1	1	1	Hit	573	1-5/Acampingstov9.jpg	Acampingstov9.jpg	SPACE	618	SPACE
1447362828390	0	lts_1112L_27_01	27	01	1	219	0	0	0	CR	MAX	Ababydec4.jpg	Ababydec4.jpg	NOKEY	MAX	NOKEY
1447362831466	0	lts_1112L_27_01	27	01	1	220	0	0	0	CR	MAX	Aowl8.jpg	Aowl8.jpg	NOKEY	MAX	NOKEY
1447362834542	0	lts_1112L_27_01	27	01	1	221	0	0	0	CR	MAX	16/Acable14.jpg	Acable14.jpg	NOKEY	MAX	NOKEY
1447362837635	0	lts_1112L_27_01	27	01	1	222	0	0	0	CR	MAX	ATVLAMP.jpg	ATVLAMP.jpg	NOKEY	MAX	NOKEY
1447362840711	0	lts_1112L_27_01	27	01	1	223	0	0	0	CR	MAX	32/Apyramid3.jpg	Apyramid3.jpg	NOKEY	MAX	NOKEY
1447362843787	0	lts_1112L_27_01	27	01	1	224	0	0	0	CR	MAX	22859796.thl.jpg	22859796.thl.jpg	NOKEY	MAX	NOKEY
1447362846863	0	lts_1112L_27_01	27	01	1	225	0	0	0	CR	MAX	Aturban.jpg	Aturban.jpg	NOKEY	MAX	NOKEY
1447362848117	0	lts_1112L_27_01	27	01	1	226	32	1	1	Hit	772	32-6/AROOSTERP.jpg	AROOSTERP.jpg	SPACE	820	SPACE
1447362851193	0	lts_1112L_27_01	27	01	1	227	0	0	0	CR	MAX	4/ALIONMAS2.jpg	ALIONMAS2.jpg	NOKEY	MAX	NOKEY
1447362854269	0	lts_1112L_27_01	27	01	1	228	0	0	0	CR	MAX	128/Alintbrush2.jpg	Alintbrush2.jpg	NOKEY	MAX	NOKEY
1447362857345	0	lts_1112L_27_01	27	01	1	229	0	0	0	CR	MAX	4/carseat.jpg	carseat.jpg	NOKEY	MAX	NOKEY
1447362860421	0	lts_1112L_27_01	27	01	1	230	0	0	0	CR	MAX	AFIREPANT.jpg	AFIREPANT.jpg	NOKEY	MAX	NOKEY
1447362861625	0	lts_1112L_27_01	27	01	1	231	4	1	1	Hit	724	4-9/ALIONMAS2.jpg	ALIONMAS2.jpg	SPACE	769	SPACE
1447362864701	0	lts_1112L_27_01	27	01	1	232	0	0	0	CR	MAX	Aleopard19.jpg	Aleopard19.jpg	NOKEY	MAX	NOKEY
1447362865821	0	lts_1112L_27_01	27	01	1	233	4	1	1	Hit	639	4-5/carseat.jpg	carseat.jpg	SPACE	686	SPACE
1447362868897	0	lts_1112L_27_01	27	01	1	234	0	0	0	CR	MAX	AARTPLANT.jpg	AARTPLANT.jpg	NOKEY	MAX	NOKEY
1447362871973	0	lts_1112L_27_01	27	01	1	235	0	0	0	CR	MAX	ABEADS4.jpg	ABEADS4.jpg	NOKEY	MAX	NOKEY
1447362875049	0	lts_1112L_27_01	27	01	1	236	0	0	0	CR	MAX	ACHINLAMP.jpg	ACHINLAMP.jpg	NOKEY	MAX	NOKEY
1447362877741	0	lts_1112L_27_01	27	01	1	237	16	1	1	Hit	2209	16-first/Acable14.jpg	Acable14.jpg	SPACE	2257	SPACE
1447362880817	0	lts_1112L_27_01	27	01	1	238	0	0	0	CR	MAX	Abells7.jpg	Abells7.jpg	NOKEY	MAX	NOKEY
1447362881853	0	lts_1112L_27_01	27	01	1	239	2	1	1	Hit	564	2-mul/Acable14.jpg	Acable14.jpg	SPACE	602	SPACE
1447362884929	0	lts_1112L_27_01	27	01	1	240	0	0	0	CR	MAX	2/Achair485.jpg	Achair485.jpg	NOKEY	MAX	NOKEY
1447362888022	0	lts_1112L_27_01	27	01	1	241	0	0	0	CR	MAX	8/Aplum11.jpg	Aplum11.jpg	NOKEY	MAX	NOKEY
1447362889242	0	lts_1112L_27_01	27	01	1	242	2	1	1	Hit	745	2-12/Achair485.jpg	Achair485.jpg	SPACE	786	SPACE
1447362892318	0	lts_1112L_27_01	27	01	1	243	0	0	0	CR	MAX	Afoodgrinder2.jpg	Afoodgrinder2.jpg	NOKEY	MAX	NOKEY
1447362893371	0	lts_1112L_27_01	27	01	1	244	00	1	1	Hit	583	00-across/22849260.thl.jpg	22849260.thl.jpg	SPACE	618	SPACE
1447362896448	0	lts_1112L_27_01	27	01	1	245	0	0	0	CR	MAX	8250565.thl.jpg	8250565.thl.jpg	NOKEY	MAX	NOKEY
1447362899524	0	lts_1112L_27_01	27	01	1	246	0	0	0	CR	MAX	Aumbrellasta2.jpg	Aumbrellasta2.jpg	NOKEY	MAX	NOKEY
1447362902600	0	lts_1112L_27_01	27	01	1	247	0	0	0	CR	MAX	ADOGSNACK.jpg	ADOGSNACK.jpg	NOKEY	MAX	NOKEY
1447362905676	0	lts_1112L_27_01	27	01	1	248	0	0	0	CR	MAX	32/A_teabag.jpg	A_teabag.jpg	NOKEY	MAX	NOKEY
1447362906880	0	lts_1112L_27_01	27	01	1	249	8	1	1	Hit	732	8-first/Aplum11.jpg	Aplum11.jpg	SPACE	769	SPACE
1447362909956	0	lts_1112L_27_01	27	01	1	250	0	0	0	CR	MAX	26424443.thl.jpg	26424443.thl.jpg	NOKEY	MAX	NOKEY
1447362913048	0	lts_1112L_27_01	27	01	1	251	0	0	0	CR	MAX	16/Adeer16.jpg	Adeer16.jpg	NOKEY	MAX	NOKEY
1447362916124	0	lts_1112L_27_01	27	01	1	252	0	0	0	CR	MAX	ACIGCUTT.jpg	ACIGCUTT.jpg	NOKEY	MAX	NOKEY
1447362917228	0	lts_1112L_27_01	27	01	1	253	4	1	1	Hit	620	4-mul/Aplum11.jpg	Aplum11.jpg	SPACE	669	SPACE
1447362920304	0	lts_1112L_27_01	27	01	1	254	0	0	0	CR	MAX	bikewithbasket.jpg	bikewithbasket.jpg	NOKEY	MAX	NOKEY
1447362922394	0	lts_1112L_27_01	27	01	1	255	32	1	1	Hit	1614	32-9/Apyramid3.jpg	Apyramid3.jpg	SPACE	1655	SPACE
1447362925486	0	lts_1112L_27_01	27	01	1	256	0	0	0	CR	MAX	darkwador.jpg	darkwador.jpg	NOKEY	MAX	NOKEY
1447362926724	0	lts_1112L_27_01	27	01	1	257	128	1	1	Hit	758	128-5/ACONSTRU9.jpg	ACONSTRU9.jpg	SPACE	802	SPACE
1447362929816	0	lts_1112L_27_01	27	01	1	258	0	0	0	CR	MAX	4/whitemalerobe.jpg	whitemalerobe.jpg	NOKEY	MAX	NOKEY
1447362932892	0	lts_1112L_27_01	27	01	1	259	0	0	0	CR	MAX	ABARBCHA3.jpg	ABARBCHA3.jpg	NOKEY	MAX	NOKEY
1447362935968	0	lts_1112L_27_01	27	01	1	260	0	0	0	CR	MAX	batteries-a.jpg	batteries-a.jpg	NOKEY	MAX	NOKEY
1447362939044	0	lts_1112L_27_01	27	01	1	261	0	0	0	CR	MAX	16/Aboxofnotepa4.jpg	Aboxofnotepa4.jpg	NOKEY	MAX	NOKEY
1447362940415	0	lts_1112L_27_01	27	01	1	262	4	1	1	Hit	888	4-8/whitemalerobe.jpg	whitemalerobe.jpg	SPACE	936	SPACE
1447362943491	0	lts_1112L_27_01	27	01	1	263	0	0	0	CR	MAX	ASHOULDE4.jpg	ASHOULDE4.jpg	NOKEY	MAX	NOKEY
1447362946567	0	lts_1112L_27_01	27	01	1	264	0	0	0	CR	MAX	ACHRIST14.jpg	ACHRIST14.jpg	NOKEY	MAX	NOKEY
1447362949644	0	lts_1112L_27_01	27	01	1	265	0	0	0	CR	MAX	AWOODBOX3.jpg	AWOODBOX3.jpg	NOKEY	MAX	NOKEY
1447362952720	0	lts_1112L_27_01	27	01	1	266	0	0	0	CR	MAX	26554880.thl.jpg	26554880.thl.jpg	NOKEY	MAX	NOKEY
1447362953907	0	lts_1112L_27_01	27	01	1	267	16	1	1	Hit	715	16-first/Adeer16.jpg	Adeer16.jpg	SPACE	752	SPACE
1447362957033	0	lts_1112L_27_01	27	01	1	268	0	0	0	CR	MAX	ATRACINGT.jpg	ATRACINGT.jpg	NOKEY	MAX	NOKEY
1447362958270	0	lts_1112L_27_01	27	01	1	269	0	0	1	FA	755	baseball.JPG	baseball.JPG	SPACE	803	NOKEY
1447362961346	0	lts_1112L_27_01	27	01	1	270	0	0	0	CR	MAX	Adresser11.jpg	Adresser11.jpg	NOKEY	MAX	NOKEY
1447362962433	0	lts_1112L_27_01	27	01	1	271	4	1	1	Hit	605	4-mul/Adeer16.jpg	Adeer16.jpg	SPACE	652	SPACE
1447362965509	0	lts_1112L_27_01	27	01	1	272	0	0	0	CR	MAX	APHONEFA2.jpg	APHONEFA2.jpg	NOKEY	MAX	NOKEY
1447362966679	0	lts_1112L_27_01	27	01	1	273	128	1	1	Hit	685	128-6/D_stove.jpg	D_stove.jpg	SPACE	736	SPACE
1447362969755	0	lts_1112L_27_01	27	01	1	274	0	0	0	CR	MAX	Agreencup2.jpg	Agreencup2.jpg	NOKEY	MAX	NOKEY
1447362972848	0	lts_1112L_27_01	27	01	1	275	0	0	0	CR	MAX	64/AWEDCAK15.jpg	AWEDCAK15.jpg	NOKEY	MAX	NOKEY
1447362975924	0	lts_1112L_27_01	27	01	1	276	0	0	0	CR	MAX	16/ARAILLIGH.jpg	ARAILLIGH.jpg	NOKEY	MAX	NOKEY
1447362977178	0	lts_1112L_27_01	27	01	1	277	16	1	1	Hit	774	16-1/Aboxofnotepa4.jpg	Aboxofnotepa4.jpg	SPACE	819	SPACE
1447362980254	0	lts_1112L_27_01	27	01	1	278	0	0	0	CR	MAX	ACREPMAK3.jpg	ACREPMAK3.jpg	NOKEY	MAX	NOKEY
1447362983330	0	lts_1112L_27_01	27	01	1	279	0	0	0	CR	MAX	26440073.thl.jpg	26440073.thl.jpg	NOKEY	MAX	NOKEY
1447362984500	0	lts_1112L_27_01	27	01	1	280	32	1	1	Hit	697	32-4/A_teabag.jpg	A_teabag.jpg	SPACE	736	SPACE
1447362985787	0	lts_1112L_27_01	27	01	1	281	0	0	1	FA	813	10049464.thl.jpg	10049464.thl.jpg	SPACE	852	NOKEY
1447362988863	0	lts_1112L_27_01	27	01	1	282	0	0	0	CR	MAX	2/26421382.thl.jpg	26421382.thl.jpg	NOKEY	MAX	NOKEY
1447362991940	0	lts_1112L_27_01	27	01	1	283	0	0	0	CR	MAX	broccoli.jpg	broccoli.jpg	NOKEY	MAX	NOKEY
1447362993611	0	lts_1112L_27_01	27	01	1	284	2	1	1	Hit	1191	2-0/26421382.thl.jpg	26421382.thl.jpg	SPACE	1237	SPACE
1447362996687	0	lts_1112L_27_01	27	01	1	285	0	0	0	CR	MAX	Achocolateice.jpg	Achocolateice.jpg	NOKEY	MAX	NOKEY
1447362999763	0	lts_1112L_27_01	27	01	1	286	0	0	0	CR	MAX	1/AORIENBOW.jpg	AORIENBOW.jpg	NOKEY	MAX	NOKEY
1447363000850	0	lts_1112L_27_01	27	01	1	287	1	1	1	Hit	605	1-0/AORIENBOW.jpg	AORIENBOW.jpg	SPACE	652	SPACE
1447363002054	0	lts_1112L_27_01	27	01	1	288	0	0	1	FA	724	Aclamp62.jpg	Aclamp62.jpg	SPACE	770	NOKEY
1447363005130	0	lts_1112L_27_01	27	01	1	289	0	0	0	CR	MAX	AANTICAN2.jpg	AANTICAN2.jpg	NOKEY	MAX	NOKEY
1447363006216	0	lts_1112L_27_01	27	01	1	290	00	1	1	Hit	615	00-across/8080484.thl.jpg	8080484.thl.jpg	SPACE	652	SPACE
1447363009292	0	lts_1112L_27_01	27	01	1	291	0	0	0	CR	MAX	26437068.thl.jpg	26437068.thl.jpg	NOKEY	MAX	NOKEY
1447363010463	0	lts_1112L_27_01	27	01	1	292	16	1	1	Hit	696	16-first/ARAILLIGH.jpg	ARAILLIGH.jpg	SPACE	736	SPACE
1447363013539	0	lts_1112L_27_01	27	01	1	293	0	0	0	CR	MAX	26419231.thl.jpg	26419231.thl.jpg	NOKEY	MAX	NOKEY
1447363014575	0	lts_1112L_27_01	27	01	1	294	2	1	1	Hit	558	2-mul/ARAILLIGH.jpg	ARAILLIGH.jpg	SPACE	602	SPACE
1447363017651	0	lts_1112L_27_01	27	01	1	295	0	0	0	CR	MAX	16/ASATELLIT.jpg	ASATELLIT.jpg	NOKEY	MAX	NOKEY
1447363020744	0	lts_1112L_27_01	27	01	1	296	0	0	0	CR	MAX	ACURLRIB2.jpg	ACURLRIB2.jpg	NOKEY	MAX	NOKEY
1447363023820	0	lts_1112L_27_01	27	01	1	297	0	0	0	CR	MAX	ABROOCH53.jpg	ABROOCH53.jpg	NOKEY	MAX	NOKEY
1447363026896	0	lts_1112L_27_01	27	01	1	298	0	0	0	CR	MAX	2/Alock34.jpg	Alock34.jpg	NOKEY	MAX	NOKEY
1447363029972	0	lts_1112L_27_01	27	01	1	299	0	0	0	CR	MAX	ATHERMO4.jpg	ATHERMO4.jpg	NOKEY	MAX	NOKEY
1447363031109	0	lts_1112L_27_01	27	01	1	300	2	1	1	Hit	662	2-6/Alock34.jpg	Alock34.jpg	SPACE	702	SPACE
1447363034185	0	lts_1112L_27_01	27	01	1	301	0	0	0	CR	MAX	16/AOPGLASS.jpg	AOPGLASS.jpg	NOKEY	MAX	NOKEY
1447363037261	0	lts_1112L_27_01	27	01	1	302	0	0	0	CR	MAX	Aboardgame6.jpg	Aboardgame6.jpg	NOKEY	MAX	NOKEY
1447363040337	0	lts_1112L_27_01	27	01	1	303	0	0	0	CR	MAX	Atrap4.jpg	Atrap4.jpg	NOKEY	MAX	NOKEY
1447363041641	0	lts_1112L_27_01	27	01	1	304	128	1	1	Hit	826	128-1/Athimble2.jpg	Athimble2.jpg	SPACE	869	SPACE
1447363044717	0	lts_1112L_27_01	27	01	1	305	0	0	0	CR	MAX	128/22886412.thl.jpg	22886412.thl.jpg	NOKEY	MAX	NOKEY
1447363047793	0	lts_1112L_27_01	27	01	1	306	0	0	0	CR	MAX	2/ADUSTER5.jpg	ADUSTER5.jpg	NOKEY	MAX	NOKEY
1447363050870	0	lts_1112L_27_01	27	01	1	307	0	0	0	CR	MAX	Abowlofwonto5.jpg	Abowlofwonto5.jpg	NOKEY	MAX	NOKEY
1447363052056	0	lts_1112L_27_01	27	01	1	308	2	1	1	Hit	706	2-10/ADUSTER5.jpg	ADUSTER5.jpg	SPACE	752	SPACE
1447363055133	0	lts_1112L_27_01	27	01	1	309	0	0	0	CR	MAX	64/Afirstaidkit3.jpg	Afirstaidkit3.jpg	NOKEY	MAX	NOKEY
1447363058225	0	lts_1112L_27_01	27	01	1	310	0	0	0	CR	MAX	APYRITE7.jpg	APYRITE7.jpg	NOKEY	MAX	NOKEY
1447363059546	0	lts_1112L_27_01	27	01	1	311	16	1	1	Hit	844	16-first/ASATELLIT.jpg	ASATELLIT.jpg	SPACE	886	SPACE
1447363062622	0	lts_1112L_27_01	27	01	1	312	0	0	0	CR	MAX	AMAGTABL3.jpg	AMAGTABL3.jpg	NOKEY	MAX	NOKEY
1447363063625	0	lts_1112L_27_01	27	01	1	313	00	1	1	Hit	528	00-across/ALITTERB2.jpg	ALITTERB2.jpg	SPACE	568	SPACE
1447363066701	0	lts_1112L_27_01	27	01	1	314	0	0	0	CR	MAX	26375611.thl.jpg	26375611.thl.jpg	NOKEY	MAX	NOKEY
1447363067738	0	lts_1112L_27_01	27	01	1	315	4	1	1	Hit	554	4-mul/ASATELLIT.jpg	ASATELLIT.jpg	SPACE	602	SPACE
1447363070814	0	lts_1112L_27_01	27	01	1	316	0	0	0	CR	MAX	Apostalscale2.jpg	Apostalscale2.jpg	NOKEY	MAX	NOKEY
1447363073890	0	lts_1112L_27_01	27	01	1	317	16	1	0	Miss	MAX	16-0/AOPGLASS.jpg	AOPGLASS.jpg	NOKEY	MAX	SPACE
1447363076966	0	lts_1112L_27_01	27	01	1	318	0	0	0	CR	MAX	4/brownie.jpg	brownie.jpg	NOKEY	MAX	NOKEY
1447363080042	0	lts_1112L_27_01	27	01	1	319	0	0	0	CR	MAX	Aconchshe.jpg	Aconchshe.jpg	NOKEY	MAX	NOKEY
1447363083118	0	lts_1112L_27_01	27	01	1	320	0	0	0	CR	MAX	4/visacard.jpg	visacard.jpg	NOKEY	MAX	NOKEY
1447363086194	0	lts_1112L_27_01	27	01	1	321	0	0	0	CR	MAX	ARELSCU49.jpg	ARELSCU49.jpg	NOKEY	MAX	NOKEY
1447363087364	0	lts_1112L_27_01	27	01	1	322	4	1	1	Hit	686	4-7/brownie.jpg	brownie.jpg	SPACE	735	SPACE
1447363090440	0	lts_1112L_27_01	27	01	1	323	0	0	0	CR	MAX	ACPU2.jpg	ACPU2.jpg	NOKEY	MAX	NOKEY
1447363091460	0	lts_1112L_27_01	27	01	1	324	4	1	1	Hit	546	4-3/visacard.jpg	visacard.jpg	SPACE	585	SPACE
1447363094536	0	lts_1112L_27_01	27	01	1	325	0	0	0	CR	MAX	22923068.thl.jpg	22923068.thl.jpg	NOKEY	MAX	NOKEY
1447363097612	0	lts_1112L_27_01	27	01	1	326	0	0	0	CR	MAX	Acandycanesin.jpg	Acandycanesin.jpg	NOKEY	MAX	NOKEY
1447363100688	0	lts_1112L_27_01	27	01	1	327	0	0	0	CR	MAX	AFOODBLEN.jpg	AFOODBLEN.jpg	NOKEY	MAX	NOKEY
1447363103765	0	lts_1112L_27_01	27	01	1	328	0	0	0	CR	MAX	8029703.thl.jpg	8029703.thl.jpg	NOKEY	MAX	NOKEY
1447363106841	0	lts_1112L_27_01	27	01	1	329	0	0	0	CR	MAX	26375953.thl.jpg	26375953.thl.jpg	NOKEY	MAX	NOKEY
1447363108362	0	lts_1112L_27_01	27	01	1	330	128	1	1	Hit	1045	128-0/keys-a.jpg	keys-a.jpg	SPACE	1087	SPACE
1447363111438	0	lts_1112L_27_01	27	01	1	331	0	0	0	CR	MAX	scrunchie.jpg	scrunchie.jpg	NOKEY	MAX	NOKEY
1447363114514	0	lts_1112L_27_01	27	01	1	332	0	0	0	CR	MAX	64/ATRIUMPH3.jpg	ATRIUMPH3.jpg	NOKEY	MAX	NOKEY
1447363117590	0	lts_1112L_27_01	27	01	1	333	0	0	0	CR	MAX	4/ACOFFTRA2.jpg	ACOFFTRA2.jpg	NOKEY	MAX	NOKEY
1447363120683	0	lts_1112L_27_01	27	01	1	334	0	0	0	CR	MAX	Aclog6.jpg	Aclog6.jpg	NOKEY	MAX	NOKEY
1447363123759	0	lts_1112L_27_01	27	01	1	335	0	0	0	CR	MAX	ASTONHOU2.jpg	ASTONHOU2.jpg	NOKEY	MAX	NOKEY
1447363126835	0	lts_1112L_27_01	27	01	1	336	0	0	0	CR	MAX	makeupfoundation.jpg	makeupfoundation.jpg	NOKEY	MAX	NOKEY
1447363128006	0	lts_1112L_27_01	27	01	1	337	4	1	1	Hit	688	4-0/ACOFFTRA2.jpg	ACOFFTRA2.jpg	SPACE	735	SPACE
1447363131081	0	lts_1112L_27_01	27	01	1	338	0	0	0	CR	MAX	Abowloffruit5.jpg	Abowloffruit5.jpg	NOKEY	MAX	NOKEY
1447363132385	0	lts_1112L_27_01	27	01	1	339	64	1	1	Hit	831	64-first/AWEDCAK15.jpg	AWEDCAK15.jpg	SPACE	869	SPACE
1447363135461	0	lts_1112L_27_01	27	01	1	340	0	0	0	CR	MAX	Atoytaxi3.jpg	Atoytaxi3.jpg	NOKEY	MAX	NOKEY
1447363138537	0	lts_1112L_27_01	27	01	1	341	0	0	0	CR	MAX	Astool76.jpg	Astool76.jpg	NOKEY	MAX	NOKEY
1447363141613	0	lts_1112L_27_01	27	01	1	342	0	0	0	CR	MAX	26461587.thl.jpg	26461587.thl.jpg	NOKEY	MAX	NOKEY
1447363142633	0	lts_1112L_27_01	27	01	1	343	4	1	1	Hit	541	4-mul/AWEDCAK15.jpg	AWEDCAK15.jpg	SPACE	585	SPACE
1447363144255	0	lts_1112L_27_01	27	01	1	344	0	0	1	FA	1146	2/Abird41.jpg	Abird41.jpg	SPACE	1187	NOKEY
1447363147331	0	lts_1112L_27_01	27	01	1	345	0	0	0	CR	MAX	Aelasticbands.jpg	Aelasticbands.jpg	NOKEY	MAX	NOKEY
1447363148468	0	lts_1112L_27_01	27	01	1	346	2	1	1	Hit	665	2-9/Abird41.jpg	Abird41.jpg	SPACE	703	SPACE
1447363151561	0	lts_1112L_27_01	27	01	1	347	0	0	0	CR	MAX	2/ABABYSPOO.jpg	ABABYSPOO.jpg	NOKEY	MAX	NOKEY
1447363154637	0	lts_1112L_27_01	27	01	1	348	0	0	0	CR	MAX	ASTENORA2.jpg	ASTENORA2.jpg	NOKEY	MAX	NOKEY
1447363155740	0	lts_1112L_27_01	27	01	1	349	2	1	1	Hit	626	2-8/ABABYSPOO.jpg	ABABYSPOO.jpg	SPACE	669	SPACE
1447363158816	0	lts_1112L_27_01	27	01	1	350	0	0	0	CR	MAX	16/26425323.thl.jpg	26425323.thl.jpg	NOKEY	MAX	NOKEY
1447363161892	0	lts_1112L_27_01	27	01	1	351	0	0	0	CR	MAX	Apackage3.jpg	Apackage3.jpg	NOKEY	MAX	NOKEY
1447363164968	0	lts_1112L_27_01	27	01	1	352	0	0	0	CR	MAX	ABREADTO2.jpg	ABREADTO2.jpg	NOKEY	MAX	NOKEY
1447363166205	0	lts_1112L_27_01	27	01	1	353	00	1	1	Hit	765	00-across/26419670.thl.jpg	26419670.thl.jpg	SPACE	802	SPACE
1447363169281	0	lts_1112L_27_01	27	01	1	354	0	0	0	CR	MAX	8/26419025.thl.jpg	26419025.thl.jpg	NOKEY	MAX	NOKEY
1447363172357	0	lts_1112L_27_01	27	01	1	355	0	0	0	CR	MAX	36407726.thl.jpg	36407726.thl.jpg	NOKEY	MAX	NOKEY
1447363173544	0	lts_1112L_27_01	27	01	1	356	128	1	1	Hit	708	128-4/Alintbrush2.jpg	Alintbrush2.jpg	SPACE	752	SPACE
1447363176620	0	lts_1112L_27_01	27	01	1	357	0	0	0	CR	MAX	AANTCASH3.jpg	AANTCASH3.jpg	NOKEY	MAX	NOKEY
1447363179696	0	lts_1112L_27_01	27	01	1	358	0	0	0	CR	MAX	26372390.thl.jpg	26372390.thl.jpg	NOKEY	MAX	NOKEY
1447363182773	0	lts_1112L_27_01	27	01	1	359	0	0	0	CR	MAX	32/Alaundrybask5.jpg	Alaundrybask5.jpg	NOKEY	MAX	NOKEY
1447363185849	0	lts_1112L_27_01	27	01	1	360	0	0	0	CR	MAX	Apinkshoe.jpg	Apinkshoe.jpg	NOKEY	MAX	NOKEY
1447363188925	0	lts_1112L_27_01	27	01	1	361	0	0	0	CR	MAX	Arunningshoe4.jpg	Arunningshoe4.jpg	NOKEY	MAX	NOKEY
1447363190245	0	lts_1112L_27_01	27	01	1	362	8	1	1	Hit	849	8-first/26419025.thl.jpg	26419025.thl.jpg	SPACE	886	SPACE
1447363193338	0	lts_1112L_27_01	27	01	1	363	0	0	0	CR	MAX	AALMOND1.jpg	AALMOND1.jpg	NOKEY	MAX	NOKEY
1447363196415	0	lts_1112L_27_01	27	01	1	364	0	0	0	CR	MAX	Acampingknife.jpg	Acampingknife.jpg	NOKEY	MAX	NOKEY
1447363199507	0	lts_1112L_27_01	27	01	1	365	0	0	0	CR	MAX	AOLDBAT2.jpg	AOLDBAT2.jpg	NOKEY	MAX	NOKEY
1447363200610	0	lts_1112L_27_01	27	01	1	366	16	1	1	Hit	628	16-first/26425323.thl.jpg	26425323.thl.jpg	SPACE	668	SPACE
1447363203686	0	lts_1112L_27_01	27	01	1	367	0	0	0	CR	MAX	64/AKNIGHELM.jpg	AKNIGHELM.jpg	NOKEY	MAX	NOKEY
1447363206763	0	lts_1112L_27_01	27	01	1	368	0	0	0	CR	MAX	2/medievalknight.jpg	medievalknight.jpg	NOKEY	MAX	NOKEY
1447363209839	0	lts_1112L_27_01	27	01	1	369	0	0	0	CR	MAX	Ashoeshines15.jpg	Ashoeshines15.jpg	NOKEY	MAX	NOKEY
1447363211026	0	lts_1112L_27_01	27	01	1	370	2	1	1	Hit	702	2-2/medievalknight.jpg	medievalknight.jpg	SPACE	752	SPACE
1447363214102	0	lts_1112L_27_01	27	01	1	371	0	0	0	CR	MAX	4/ANEWSBOX4.jpg	ANEWSBOX4.jpg	NOKEY	MAX	NOKEY
1447363217178	0	lts_1112L_27_01	27	01	1	372	0	0	0	CR	MAX	8056402.thl.jpg	8056402.thl.jpg	NOKEY	MAX	NOKEY
1447363220254	0	lts_1112L_27_01	27	01	1	373	64	1	0	Miss	MAX	64-first/Afirstaidkit3.jpg	Afirstaidkit3.jpg	NOKEY	MAX	SPACE
1447363223330	0	lts_1112L_27_01	27	01	1	374	0	0	0	CR	MAX	bowtie.jpg	bowtie.jpg	NOKEY	MAX	NOKEY
1447363224467	0	lts_1112L_27_01	27	01	1	375	4	1	1	Hit	663	4-11/ANEWSBOX4.jpg	ANEWSBOX4.jpg	SPACE	702	SPACE
1447363227543	0	lts_1112L_27_01	27	01	1	376	0	0	0	CR	MAX	AANTIRO13.jpg	AANTIRO13.jpg	NOKEY	MAX	NOKEY
1447363229081	0	lts_1112L_27_01	27	01	1	377	0	0	1	FA	1068	26384554.thl.jpg	26384554.thl.jpg	SPACE	1104	NOKEY
1447363231304	0	lts_1112L_27_01	27	01	1	378	16	1	1	Hit	1747	16-mul/26419025.thl.jpg	26419025.thl.jpg	SPACE	1789	SPACE
1447363234397	0	lts_1112L_27_01	27	01	1	379	0	0	0	CR	MAX	1/ADRESS2.jpg	ADRESS2.jpg	NOKEY	MAX	NOKEY
1447363235433	0	lts_1112L_27_01	27	01	1	380	1	1	1	Hit	556	1-10/ADRESS2.jpg	ADRESS2.jpg	SPACE	602	SPACE
1447363238510	0	lts_1112L_27_01	27	01	1	381	0	0	0	CR	MAX	Abluebabybug4.jpg	Abluebabybug4.jpg	NOKEY	MAX	NOKEY
1447363239580	0	lts_1112L_27_01	27	01	1	382	16	1	1	Hit	595	16-mul/26425323.thl.jpg	26425323.thl.jpg	SPACE	635	SPACE
1447363242722	0	lts_1112L_27_01	27	01	1	383	0	0	0	CR	MAX	AGIFTBOX8.jpg	AGIFTBOX8.jpg	NOKEY	MAX	NOKEY
1447363245799	0	lts_1112L_27_01	27	01	1	384	0	0	0	CR	MAX	1/Apeddleboat3.jpg	Apeddleboat3.jpg	NOKEY	MAX	NOKEY
1447363247052	0	lts_1112L_27_01	27	01	1	385	1	1	1	Hit	772	1-11/Apeddleboat3.jpg	Apeddleboat3.jpg	SPACE	819	SPACE
1447363250128	0	lts_1112L_27_01	27	01	1	386	0	0	0	CR	MAX	Anailpolish.jpg	Anailpolish.jpg	NOKEY	MAX	NOKEY
1447363253204	0	lts_1112L_27_01	27	01	1	387	0	0	0	CR	MAX	8020200.thl.jpg	8020200.thl.jpg	NOKEY	MAX	NOKEY
1447363256280	0	lts_1112L_27_01	27	01	1	388	0	0	0	CR	MAX	AFRUIT2.jpg	AFRUIT2.jpg	NOKEY	MAX	NOKEY
1447363258103	0	lts_1112L_27_01	27	01	1	389	16	1	1	Hit	1338	16-mul/Afirstaidkit3.jpg	Afirstaidkit3.jpg	SPACE	1388	SPACE
1447363261179	0	lts_1112L_27_01	27	01	1	390	0	0	0	CR	MAX	ALOOFA.jpg	ALOOFA.jpg	NOKEY	MAX	NOKEY
1447363262366	0	lts_1112L_27_01	27	01	1	391	32	1	1	Hit	716	32-7/Alaundrybask5.jpg	Alaundrybask5.jpg	SPACE	753	SPACE
1447363265442	0	lts_1112L_27_01	27	01	1	392	0	0	0	CR	MAX	1/AWASHOPEN.jpg	AWASHOPEN.jpg	NOKEY	MAX	NOKEY
1447363267013	0	lts_1112L_27_01	27	01	1	393	1	1	1	Hit	1088	1-4/AWASHOPEN.jpg	AWASHOPEN.jpg	SPACE	1137	SPACE
1447363270089	0	lts_1112L_27_01	27	01	1	394	0	0	0	CR	MAX	ALIGHTHO5.jpg	ALIGHTHO5.jpg	NOKEY	MAX	NOKEY
1447363273182	0	lts_1112L_27_01	27	01	1	395	0	0	0	CR	MAX	23065398.thl.jpg	23065398.thl.jpg	NOKEY	MAX	NOKEY
1447363274369	0	lts_1112L_27_01	27	01	1	396	64	1	1	Hit	702	64-first/ATRIUMPH3.jpg	ATRIUMPH3.jpg	SPACE	752	SPACE
1447363277445	0	lts_1112L_27_01	27	01	1	397	0	0	0	CR	MAX	nintendo.jpg	nintendo.jpg	NOKEY	MAX	NOKEY
1447363280521	0	lts_1112L_27_01	27	01	1	398	0	0	0	CR	MAX	Acarjack2.jpg	Acarjack2.jpg	NOKEY	MAX	NOKEY
1447363283614	0	lts_1112L_27_01	27	01	1	399	0	0	0	CR	MAX	ASALABOW4.jpg	ASALABOW4.jpg	NOKEY	MAX	NOKEY
1447363284885	0	lts_1112L_27_01	27	01	1	400	4	1	1	Hit	791	4-mul/ATRIUMPH3.jpg	ATRIUMPH3.jpg	SPACE	835	SPACE
1447363287961	0	lts_1112L_27_01	27	01	1	401	0	0	0	CR	MAX	ATOLLNEGS.jpg	ATOLLNEGS.jpg	NOKEY	MAX	NOKEY
1447363291053	0	lts_1112L_27_01	27	01	1	402	0	0	0	CR	MAX	4/AHEARTES3.jpg	AHEARTES3.jpg	NOKEY	MAX	NOKEY
1447363294130	0	lts_1112L_27_01	27	01	1	403	8	1	0	Miss	MAX	8/fortune-cookie.jpg	fortune-cookie.jpg	NOKEY	MAX	SPACE
1447363297206	0	lts_1112L_27_01	27	01	1	404	0	0	0	CR	MAX	26427612.thl.jpg	26427612.thl.jpg	NOKEY	MAX	NOKEY
1447363300282	0	lts_1112L_27_01	27	01	1	405	0	0	0	CR	MAX	Achair608.jpg	Achair608.jpg	NOKEY	MAX	NOKEY
1447363301653	0	lts_1112L_27_01	27	01	1	406	4	1	1	Hit	897	4-1/AHEARTES3.jpg	AHEARTES3.jpg	SPACE	936	SPACE
1447363304729	0	lts_1112L_27_01	27	01	1	407	2	1	0	Miss	MAX	2/frog-a.jpg	frog-a.jpg	NOKEY	MAX	SPACE
1447363307805	0	lts_1112L_27_01	27	01	1	408	0	0	0	CR	MAX	ASPARKER2.jpg	ASPARKER2.jpg	NOKEY	MAX	NOKEY
1447363308841	0	lts_1112L_27_01	27	01	1	409	2	1	1	Hit	566	2-1/frog-a.jpg	frog-a.jpg	SPACE	602	SPACE
1447363311917	0	lts_1112L_27_01	27	01	1	410	0	0	0	CR	MAX	ASHAVING9.jpg	ASHAVING9.jpg	NOKEY	MAX	NOKEY
1447363313088	0	lts_1112L_27_01	27	01	1	411	8	1	1	Hit	688	8-first/fortune-cookie.jpg	fortune-cookie.jpg	SPACE	735	SPACE
1447363316164	0	lts_1112L_27_01	27	01	1	412	0	0	0	CR	MAX	hulahoop.jpg	hulahoop.jpg	NOKEY	MAX	NOKEY
1447363319256	0	lts_1112L_27_01	27	01	1	413	0	0	0	CR	MAX	Akitchentool2.jpg	Akitchentool2.jpg	NOKEY	MAX	NOKEY
1447363322332	0	lts_1112L_27_01	27	01	1	414	0	0	0	CR	MAX	ATEETH7.jpg	ATEETH7.jpg	NOKEY	MAX	NOKEY
1447363323603	0	lts_1112L_27_01	27	01	1	415	4	1	1	Hit	791	4-mul/fortune-cookie.jpg	fortune-cookie.jpg	SPACE	836	SPACE
1447363326679	0	lts_1112L_27_01	27	01	1	416	0	0	0	CR	MAX	2/ABOOTCRA5.jpg	ABOOTCRA5.jpg	NOKEY	MAX	NOKEY
1447363329755	0	lts_1112L_27_01	27	01	1	417	0	0	0	CR	MAX	AWHISTLE4.jpg	AWHISTLE4.jpg	NOKEY	MAX	NOKEY
1447363330892	0	lts_1112L_27_01	27	01	1	418	2	1	1	Hit	659	2-3/ABOOTCRA5.jpg	ABOOTCRA5.jpg	SPACE	702	SPACE
1447363333968	0	lts_1112L_27_01	27	01	1	419	0	0	0	CR	MAX	8/AKNIFE13.jpg	AKNIFE13.jpg	NOKEY	MAX	NOKEY
1447363337044	0	lts_1112L_27_01	27	01	1	420	0	0	0	CR	MAX	AARTICHO1.jpg	AARTICHO1.jpg	NOKEY	MAX	NOKEY
1447363340120	0	lts_1112L_27_01	27	01	1	421	0	0	0	CR	MAX	ABANJO5.jpg	ABANJO5.jpg	NOKEY	MAX	NOKEY
1447363343196	0	lts_1112L_27_01	27	01	1	422	0	0	0	CR	MAX	2/Amouthpiece4.jpg	Amouthpiece4.jpg	NOKEY	MAX	NOKEY
1447363346272	0	lts_1112L_27_01	27	01	1	423	0	0	0	CR	MAX	Adicecupandb5.jpg	Adicecupandb5.jpg	NOKEY	MAX	NOKEY
1447363347392	0	lts_1112L_27_01	27	01	1	424	2	1	1	Hit	651	2-11/Amouthpiece4.jpg	Amouthpiece4.jpg	SPACE	685	SPACE
1447363350468	0	lts_1112L_27_01	27	01	1	425	0	0	0	CR	MAX	16/AWASHCLOT.jpg	AWASHCLOT.jpg	NOKEY	MAX	NOKEY
1447363353544	0	lts_1112L_27_01	27	01	1	426	0	0	0	CR	MAX	driedbeans.jpg	driedbeans.jpg	NOKEY	MAX	NOKEY
1447363354765	0	lts_1112L_27_01	27	01	1	427	8	1	1	Hit	743	8-first/AKNIFE13.jpg	AKNIFE13.jpg	SPACE	786	SPACE
1447363357841	0	lts_1112L_27_01	27	01	1	428	0	0	0	CR	MAX	fireking-file-cabinet.jpg	fireking-file-cabinet.jpg	NOKEY	MAX	NOKEY
1447363360917	0	lts_1112L_27_01	27	01	1	429	0	0	0	CR	MAX	8/22822309.thl.jpg	22822309.thl.jpg	NOKEY	MAX	NOKEY
1447363363993	0	lts_1112L_27_01	27	01	1	430	0	0	0	CR	MAX	canopy.jpg	canopy.jpg	NOKEY	MAX	NOKEY
1447363365581	0	lts_1112L_27_01	27	01	1	431	64	1	1	Hit	1111	64-first/AKNIGHELM.jpg	AKNIGHELM.jpg	SPACE	1154	SPACE
1447363368657	0	lts_1112L_27_01	27	01	1	432	0	0	0	CR	MAX	26370651.thm.jpg	26370651.thm.jpg	NOKEY	MAX	NOKEY
1447363370045	0	lts_1112L_27_01	27	01	1	433	128	1	1	Hit	911	128-7/22886412.thl.jpg	22886412.thl.jpg	SPACE	953	SPACE
1447363373138	0	lts_1112L_27_01	27	01	1	434	0	0	0	CR	MAX	Ascrewmount.jpg	Ascrewmount.jpg	NOKEY	MAX	NOKEY
1447363374308	0	lts_1112L_27_01	27	01	1	435	4	1	1	Hit	690	4-mul/AKNIGHELM.jpg	AKNIGHELM.jpg	SPACE	736	SPACE
1447363377384	0	lts_1112L_27_01	27	01	1	436	0	0	0	CR	MAX	Adalmatiandog.jpg	Adalmatiandog.jpg	NOKEY	MAX	NOKEY
1447363380393	0	lts_1112L_27_01	27	01	1	437	8	1	1	Hit	2523	8-1/22822309.thl.jpg	22822309.thl.jpg	SPACE	2575	SPACE
1447363383469	0	lts_1112L_27_01	27	01	1	438	0	0	0	CR	MAX	ABLUBLOTT.jpg	ABLUBLOTT.jpg	NOKEY	MAX	NOKEY
1447363386545	0	lts_1112L_27_01	27	01	1	439	0	0	0	CR	MAX	AFETTUCI2.jpg	AFETTUCI2.jpg	NOKEY	MAX	NOKEY
1447363389621	0	lts_1112L_27_01	27	01	1	440	0	0	0	CR	MAX	A52ZX.jpg	A52ZX.jpg	NOKEY	MAX	NOKEY
1447363390624	0	lts_1112L_27_01	27	01	1	441	16	1	1	Hit	531	16-first/AWASHCLOT.jpg	AWASHCLOT.jpg	SPACE	568	SPACE
1447363393700	0	lts_1112L_27_01	27	01	1	442	0	0	0	CR	MAX	Ainstrument3.jpg	Ainstrument3.jpg	NOKEY	MAX	NOKEY
1447363395038	0	lts_1112L_27_01	27	01	1	443	16	1	1	Hit	856	16-mul/AKNIFE13.jpg	AKNIFE13.jpg	SPACE	903	SPACE
1447363398114	0	lts_1112L_27_01	27	01	1	444	0	0	0	CR	MAX	ABAROMET2.jpg	ABAROMET2.jpg	NOKEY	MAX	NOKEY
1447363399150	0	lts_1112L_27_01	27	01	1	445	4	1	1	Hit	561	4-mul/AWASHCLOT.jpg	AWASHCLOT.jpg	SPACE	602	SPACE
1447363400220	0	lts_1112L_27_01	27	01	1	446	0	0	1	FA	570	Astatue113.jpg	Astatue113.jpg	SPACE	618	NOKEY
1447363403296	0	lts_1112L_27_01	27	01	1	447	0	0	0	CR	MAX	ATOILROL2.jpg	ATOILROL2.jpg	NOKEY	MAX	NOKEY
1447363406372	0	lts_1112L_27_01	27	01	1	448	0	0	0	CR	MAX	8019781.thl.jpg	8019781.thl.jpg	NOKEY	MAX	NOKEY
1447363409449	0	lts_1112L_27_01	27	01	1	449	0	0	0	CR	MAX	waterfilter.jpg	waterfilter.jpg	NOKEY	MAX	NOKEY
1447363441643	0	E	Logging Ends
