1447783923916	0	B	Logging Begins
1447784123174	0	lts_1117L_31_01	31	01	0	0	0	0	0	CR	MAX	Abridge9.jpg	Abridge9.jpg	NOKEY	MAX	NOKEY
1447784126249	0	lts_1117L_31_01	31	01	0	1	0	0	0	CR	MAX	16/26386846.thl.jpg	26386846.thl.jpg	NOKEY	MAX	NOKEY
1447784129323	0	lts_1117L_31_01	31	01	0	2	0	0	0	CR	MAX	8/26421575.thl.jpg	26421575.thl.jpg	NOKEY	MAX	NOKEY
1447784132397	0	lts_1117L_31_01	31	01	0	3	0	0	0	CR	MAX	AHAMPER.jpg	AHAMPER.jpg	NOKEY	MAX	NOKEY
1447784135471	0	lts_1117L_31_01	31	01	0	4	0	0	0	CR	MAX	AEASEL22.jpg	AEASEL22.jpg	NOKEY	MAX	NOKEY
1447784138546	0	lts_1117L_31_01	31	01	0	5	0	0	0	CR	MAX	Awomensshoe61.jpg	Awomensshoe61.jpg	NOKEY	MAX	NOKEY
1447784141620	0	lts_1117L_31_01	31	01	0	6	0	0	0	CR	MAX	AWOODENF3.jpg	AWOODENF3.jpg	NOKEY	MAX	NOKEY
1447784144695	0	lts_1117L_31_01	31	01	0	7	0	0	0	CR	MAX	AAIRGRIN2.jpg	AAIRGRIN2.jpg	NOKEY	MAX	NOKEY
1447784147769	0	lts_1117L_31_01	31	01	0	8	0	0	0	CR	MAX	snail.jpg	snail.jpg	NOKEY	MAX	NOKEY
1447784150860	0	lts_1117L_31_01	31	01	0	9	0	0	0	CR	MAX	26433347.thl.jpg	26433347.thl.jpg	NOKEY	MAX	NOKEY
1447784152715	0	lts_1117L_31_01	31	01	0	10	8	1	1	Hit	1384	8-1/26421575.thl.jpg	26421575.thl.jpg	SPACE	1420	SPACE
1447784155789	0	lts_1117L_31_01	31	01	0	11	0	0	0	CR	MAX	Afrenchtoast5.jpg	Afrenchtoast5.jpg	NOKEY	MAX	NOKEY
1447784158864	0	lts_1117L_31_01	31	01	0	12	0	0	0	CR	MAX	ACANOL.jpg	ACANOL.jpg	NOKEY	MAX	NOKEY
1447784161938	0	lts_1117L_31_01	31	01	0	13	0	0	0	CR	MAX	Awatch53.jpg	Awatch53.jpg	NOKEY	MAX	NOKEY
1447784165012	0	lts_1117L_31_01	31	01	0	14	0	0	0	CR	MAX	8/hatslmar.jpg	hatslmar.jpg	NOKEY	MAX	NOKEY
1447784168087	0	lts_1117L_31_01	31	01	0	15	0	0	0	CR	MAX	ANUTCRA10.jpg	ANUTCRA10.jpg	NOKEY	MAX	NOKEY
1447784171161	0	lts_1117L_31_01	31	01	0	16	0	0	0	CR	MAX	128/AINDIAMA3.jpg	AINDIAMA3.jpg	NOKEY	MAX	NOKEY
1447784172231	0	lts_1117L_31_01	31	01	0	17	16	1	1	Hit	598	16-first/26386846.thl.jpg	26386846.thl.jpg	SPACE	634	SPACE
1447784175305	0	lts_1117L_31_01	31	01	0	18	0	0	0	CR	MAX	32/Akiddcup2.jpg	Akiddcup2.jpg	NOKEY	MAX	NOKEY
1447784178379	0	lts_1117L_31_01	31	01	0	19	0	0	0	CR	MAX	AGIFTBOX8.jpg	AGIFTBOX8.jpg	NOKEY	MAX	NOKEY
1447784181470	0	lts_1117L_31_01	31	01	0	20	0	0	0	CR	MAX	26554952.thl.jpg	26554952.thl.jpg	NOKEY	MAX	NOKEY
1447784184544	0	lts_1117L_31_01	31	01	0	21	0	0	0	CR	MAX	ASERVICEB.jpg	ASERVICEB.jpg	NOKEY	MAX	NOKEY
1447784185714	0	lts_1117L_31_01	31	01	0	22	8	1	1	Hit	685	8-first/hatslmar.jpg	hatslmar.jpg	SPACE	735	SPACE
1447784188788	0	lts_1117L_31_01	31	01	0	23	0	0	0	CR	MAX	Ahighlightin2.jpg	Ahighlightin2.jpg	NOKEY	MAX	NOKEY
1447784191863	0	lts_1117L_31_01	31	01	0	24	0	0	0	CR	MAX	Aantiquecigar.jpg	Aantiquecigar.jpg	NOKEY	MAX	NOKEY
1447784194954	0	lts_1117L_31_01	31	01	0	25	0	0	0	CR	MAX	AFIREPUTE.jpg	AFIREPUTE.jpg	NOKEY	MAX	NOKEY
1447784198028	0	lts_1117L_31_01	31	01	0	26	0	0	0	CR	MAX	ABLUBLOTT.jpg	ABLUBLOTT.jpg	NOKEY	MAX	NOKEY
1447784201103	0	lts_1117L_31_01	31	01	0	27	0	0	0	CR	MAX	128/ABAT.jpg	ABAT.jpg	NOKEY	MAX	NOKEY
1447784204177	0	lts_1117L_31_01	31	01	0	28	0	0	0	CR	MAX	64/Ablackboardw3.jpg	Ablackboardw3.jpg	NOKEY	MAX	NOKEY
1447784207251	0	lts_1117L_31_01	31	01	0	29	0	0	0	CR	MAX	26441750.thl.jpg	26441750.thl.jpg	NOKEY	MAX	NOKEY
1447784210326	0	lts_1117L_31_01	31	01	0	30	0	0	0	CR	MAX	16/ADRYWOOD.jpg	ADRYWOOD.jpg	NOKEY	MAX	NOKEY
1447784213400	0	lts_1117L_31_01	31	01	0	31	0	0	0	CR	MAX	4/26440073.thl.jpg	26440073.thl.jpg	NOKEY	MAX	NOKEY
1447784216474	0	lts_1117L_31_01	31	01	0	32	0	0	0	CR	MAX	ASTRAINE8.jpg	ASTRAINE8.jpg	NOKEY	MAX	NOKEY
1447784217460	0	lts_1117L_31_01	31	01	0	33	16	1	1	Hit	502	16-mul/26386846.thl.jpg	26386846.thl.jpg	SPACE	551	SPACE
1447784220534	0	lts_1117L_31_01	31	01	0	34	0	0	0	CR	MAX	AMINICYM6.jpg	AMINICYM6.jpg	NOKEY	MAX	NOKEY
1447784221938	0	lts_1117L_31_01	31	01	0	35	4	1	1	Hit	925	4-4/26440073.thl.jpg	26440073.thl.jpg	SPACE	969	SPACE
1447784225013	0	lts_1117L_31_01	31	01	0	36	0	0	0	CR	MAX	8058011.thl.jpg	8058011.thl.jpg	NOKEY	MAX	NOKEY
1447784228087	0	lts_1117L_31_01	31	01	0	37	0	0	0	CR	MAX	ACOCONUT2.jpg	ACOCONUT2.jpg	NOKEY	MAX	NOKEY
1447784229190	0	lts_1117L_31_01	31	01	0	38	16	1	1	Hit	623	16-mul/hatslmar.jpg	hatslmar.jpg	SPACE	669	SPACE
1447784232264	0	lts_1117L_31_01	31	01	0	39	0	0	0	CR	MAX	moto.jpg	moto.jpg	NOKEY	MAX	NOKEY
1447784235338	0	lts_1117L_31_01	31	01	0	40	0	0	0	CR	MAX	ACOCKSPA4.jpg	ACOCKSPA4.jpg	NOKEY	MAX	NOKEY
1447784238412	0	lts_1117L_31_01	31	01	0	41	0	0	0	CR	MAX	26432755.thl.jpg	26432755.thl.jpg	NOKEY	MAX	NOKEY
1447784241504	0	lts_1117L_31_01	31	01	0	42	0	0	0	CR	MAX	gascontainer.jpg	gascontainer.jpg	NOKEY	MAX	NOKEY
1447784244578	0	lts_1117L_31_01	31	01	0	43	0	0	0	CR	MAX	ABABYDOLL.jpg	ABABYDOLL.jpg	NOKEY	MAX	NOKEY
1447784247652	0	lts_1117L_31_01	31	01	0	44	0	0	0	CR	MAX	Aclamp55.jpg	Aclamp55.jpg	NOKEY	MAX	NOKEY
1447784250727	0	lts_1117L_31_01	31	01	0	45	0	0	0	CR	MAX	8021743.thl.jpg	8021743.thl.jpg	NOKEY	MAX	NOKEY
1447784251896	0	lts_1117L_31_01	31	01	0	46	16	1	1	Hit	684	16-0/ADRYWOOD.jpg	ADRYWOOD.jpg	SPACE	735	SPACE
1447784254971	0	lts_1117L_31_01	31	01	0	47	0	0	0	CR	MAX	showercurtainsuchi.jpg	showercurtainsuchi.jpg	NOKEY	MAX	NOKEY
1447784256876	0	lts_1117L_31_01	31	01	0	48	0	0	1	FA	1409	16/D_exercisebike.jpg	D_exercisebike.jpg	SPACE	1452	NOKEY
1447784259951	0	lts_1117L_31_01	31	01	0	49	0	0	0	CR	MAX	ACOFFPOT7.jpg	ACOFFPOT7.jpg	NOKEY	MAX	NOKEY
1447784263024	0	lts_1117L_31_01	31	01	0	50	32	1	0	Miss	MAX	32-0/Akiddcup2.jpg	Akiddcup2.jpg	NOKEY	MAX	SPACE
1447784266099	0	lts_1117L_31_01	31	01	0	51	0	0	0	CR	MAX	AHEADLI18.jpg	AHEADLI18.jpg	NOKEY	MAX	NOKEY
1447784269173	0	lts_1117L_31_01	31	01	0	52	0	0	0	CR	MAX	2/donaldduck.jpg	donaldduck.jpg	NOKEY	MAX	NOKEY
1447784272247	0	lts_1117L_31_01	31	01	0	53	0	0	0	CR	MAX	ACHALCED2.jpg	ACHALCED2.jpg	NOKEY	MAX	NOKEY
1447784273316	0	lts_1117L_31_01	31	01	0	54	2	1	1	Hit	598	2-5/donaldduck.jpg	donaldduck.jpg	SPACE	635	SPACE
1447784276391	0	lts_1117L_31_01	31	01	0	55	0	0	0	CR	MAX	Aboxofchocola.jpg	Aboxofchocola.jpg	NOKEY	MAX	NOKEY
1447784277828	0	lts_1117L_31_01	31	01	0	56	0	0	1	FA	952	16/fireextinguisher.jpg	fireextinguisher.jpg	SPACE	1003	NOKEY
1447784280902	0	lts_1117L_31_01	31	01	0	57	0	0	0	CR	MAX	2/Apaperclipsin.jpg	Apaperclipsin.jpg	NOKEY	MAX	NOKEY
1447784283977	0	lts_1117L_31_01	31	01	0	58	0	0	0	CR	MAX	26389125.thl.jpg	26389125.thl.jpg	NOKEY	MAX	NOKEY
1447784287051	0	lts_1117L_31_01	31	01	0	59	2	1	0	Miss	MAX	2-0/Apaperclipsin.jpg	Apaperclipsin.jpg	NOKEY	MAX	SPACE
1447784290126	0	lts_1117L_31_01	31	01	0	60	0	0	0	CR	MAX	1/22856784.thl.jpg	22856784.thl.jpg	NOKEY	MAX	NOKEY
1447784291128	0	lts_1117L_31_01	31	01	0	61	1	1	1	Hit	527	1-10/22856784.thl.jpg	22856784.thl.jpg	SPACE	568	SPACE
1447784294202	0	lts_1117L_31_01	31	01	0	62	0	0	0	CR	MAX	32/AGOLFIRON.jpg	AGOLFIRON.jpg	NOKEY	MAX	NOKEY
1447784297276	0	lts_1117L_31_01	31	01	0	63	0	0	0	CR	MAX	8254014.thl.jpg	8254014.thl.jpg	NOKEY	MAX	NOKEY
1447784298680	0	lts_1117L_31_01	31	01	0	64	16	1	1	Hit	934	16-first/D_exercisebike.jpg	D_exercisebike.jpg	SPACE	969	SPACE
1447784301755	0	lts_1117L_31_01	31	01	0	65	0	0	0	CR	MAX	Aladder2.jpg	Aladder2.jpg	NOKEY	MAX	NOKEY
1447784304829	0	lts_1117L_31_01	31	01	0	66	0	0	0	CR	MAX	Abootscrubber.jpg	Abootscrubber.jpg	NOKEY	MAX	NOKEY
1447784307903	0	lts_1117L_31_01	31	01	0	67	0	0	0	CR	MAX	16/ABIRDHOU9.jpg	ABIRDHOU9.jpg	NOKEY	MAX	NOKEY
1447784309140	0	lts_1117L_31_01	31	01	0	68	4	1	1	Hit	753	4-mul/D_exercisebike.jpg	D_exercisebike.jpg	SPACE	802	SPACE
1447784312214	0	lts_1117L_31_01	31	01	0	69	0	0	0	CR	MAX	8/legoblocks.jpg	legoblocks.jpg	NOKEY	MAX	NOKEY
1447784315305	0	lts_1117L_31_01	31	01	0	70	0	0	0	CR	MAX	Aearth3.jpg	Aearth3.jpg	NOKEY	MAX	NOKEY
1447784318379	0	lts_1117L_31_01	31	01	0	71	0	0	0	CR	MAX	Aswitch17.jpg	Aswitch17.jpg	NOKEY	MAX	NOKEY
1447784319516	0	lts_1117L_31_01	31	01	0	72	16	1	1	Hit	661	16-1/fireextinguisher.jpg	fireextinguisher.jpg	SPACE	702	SPACE
1447784322590	0	lts_1117L_31_01	31	01	0	73	0	0	0	CR	MAX	hairbarette.jpg	hairbarette.jpg	NOKEY	MAX	NOKEY
1447784325664	0	lts_1117L_31_01	31	01	0	74	0	0	0	CR	MAX	128/26554880.thl.jpg	26554880.thl.jpg	NOKEY	MAX	NOKEY
1447784328739	0	lts_1117L_31_01	31	01	0	75	0	0	0	CR	MAX	10049566.thl.jpg	10049566.thl.jpg	NOKEY	MAX	NOKEY
1447784331813	0	lts_1117L_31_01	31	01	0	76	0	0	0	CR	MAX	32/AOVENMIT5.jpg	AOVENMIT5.jpg	NOKEY	MAX	NOKEY
1447784333050	0	lts_1117L_31_01	31	01	0	77	8	1	1	Hit	767	8-first/legoblocks.jpg	legoblocks.jpg	SPACE	802	SPACE
1447784336124	0	lts_1117L_31_01	31	01	0	78	0	0	0	CR	MAX	AJUICER.jpg	AJUICER.jpg	NOKEY	MAX	NOKEY
1447784337210	0	lts_1117L_31_01	31	01	0	79	2	1	1	Hit	603	2-mul/legoblocks.jpg	legoblocks.jpg	SPACE	651	SPACE
1447784340284	0	lts_1117L_31_01	31	01	0	80	0	0	0	CR	MAX	8248852.thl.jpg	8248852.thl.jpg	NOKEY	MAX	NOKEY
1447784343358	0	lts_1117L_31_01	31	01	0	81	0	0	0	CR	MAX	Alintbrush2.jpg	Alintbrush2.jpg	NOKEY	MAX	NOKEY
1447784346433	0	lts_1117L_31_01	31	01	0	82	0	0	0	CR	MAX	AMUSICSTA.jpg	AMUSICSTA.jpg	NOKEY	MAX	NOKEY
1447784347619	0	lts_1117L_31_01	31	01	0	83	16	1	1	Hit	704	16-first/ABIRDHOU9.jpg	ABIRDHOU9.jpg	SPACE	752	SPACE
1447784350694	0	lts_1117L_31_01	31	01	0	84	0	0	0	CR	MAX	ACANDLE30.jpg	ACANDLE30.jpg	NOKEY	MAX	NOKEY
1447784353768	0	lts_1117L_31_01	31	01	0	85	0	0	0	CR	MAX	ACOOKCUTT.jpg	ACOOKCUTT.jpg	NOKEY	MAX	NOKEY
1447784356842	0	lts_1117L_31_01	31	01	0	86	0	0	0	CR	MAX	4/Abikepedalar2.jpg	Abikepedalar2.jpg	NOKEY	MAX	NOKEY
1447784357845	0	lts_1117L_31_01	31	01	0	87	4	1	1	Hit	528	4-mul/ABIRDHOU9.jpg	ABIRDHOU9.jpg	SPACE	568	SPACE
1447784360919	0	lts_1117L_31_01	31	01	0	88	0	0	0	CR	MAX	AANGLEME2.jpg	AANGLEME2.jpg	NOKEY	MAX	NOKEY
1447784363994	0	lts_1117L_31_01	31	01	0	89	0	0	0	CR	MAX	8021410.thl.jpg	8021410.thl.jpg	NOKEY	MAX	NOKEY
1447784367068	0	lts_1117L_31_01	31	01	0	90	4	1	0	Miss	MAX	4-11/Abikepedalar2.jpg	Abikepedalar2.jpg	NOKEY	MAX	SPACE
1447784370159	0	lts_1117L_31_01	31	01	0	91	0	0	0	CR	MAX	Acamerabag.jpg	Acamerabag.jpg	NOKEY	MAX	NOKEY
1447784371212	0	lts_1117L_31_01	31	01	0	92	64	1	1	Hit	582	64-first/Ablackboardw3.jpg	Ablackboardw3.jpg	SPACE	618	SPACE
1447784374286	0	lts_1117L_31_01	31	01	0	93	0	0	0	CR	MAX	ASTEAMER4.jpg	ASTEAMER4.jpg	NOKEY	MAX	NOKEY
1447784377360	0	lts_1117L_31_01	31	01	0	94	32	1	0	Miss	MAX	32-8/AGOLFIRON.jpg	AGOLFIRON.jpg	NOKEY	MAX	SPACE
1447784380435	0	lts_1117L_31_01	31	01	0	95	0	0	0	CR	MAX	4/Abeermug11.jpg	Abeermug11.jpg	NOKEY	MAX	NOKEY
1447784381437	0	lts_1117L_31_01	31	01	0	96	4	1	1	Hit	530	4-mul/Ablackboardw3.jpg	Ablackboardw3.jpg	SPACE	569	SPACE
1447784384512	0	lts_1117L_31_01	31	01	0	97	0	0	0	CR	MAX	batteries-a.jpg	batteries-a.jpg	NOKEY	MAX	NOKEY
1447784387586	0	lts_1117L_31_01	31	01	0	98	0	0	0	CR	MAX	ADOGSNACK.jpg	ADOGSNACK.jpg	NOKEY	MAX	NOKEY
1447784388689	0	lts_1117L_31_01	31	01	0	99	4	1	1	Hit	634	4-8/Abeermug11.jpg	Abeermug11.jpg	SPACE	669	SPACE
1447784391763	0	lts_1117L_31_01	31	01	0	100	0	0	0	CR	MAX	16/26685948.thl.jpg	26685948.thl.jpg	NOKEY	MAX	NOKEY
1447784394838	0	lts_1117L_31_01	31	01	0	101	0	0	0	CR	MAX	Apurse83.jpg	Apurse83.jpg	NOKEY	MAX	NOKEY
1447784397912	0	lts_1117L_31_01	31	01	0	102	0	0	0	CR	MAX	2/APOTGOLD2.jpg	APOTGOLD2.jpg	NOKEY	MAX	NOKEY
1447784400986	0	lts_1117L_31_01	31	01	0	103	0	0	0	CR	MAX	64/ALITTERSC.jpg	ALITTERSC.jpg	NOKEY	MAX	NOKEY
1447784402106	0	lts_1117L_31_01	31	01	0	104	2	1	1	Hit	637	2-2/APOTGOLD2.jpg	APOTGOLD2.jpg	SPACE	684	SPACE
1447784405180	0	lts_1117L_31_01	31	01	0	105	0	0	0	CR	MAX	XPGame.jpg	XPGame.jpg	NOKEY	MAX	NOKEY
1447784408254	0	lts_1117L_31_01	31	01	0	106	0	0	0	CR	MAX	AVIOLINCO.jpg	AVIOLINCO.jpg	NOKEY	MAX	NOKEY
1447784411329	0	lts_1117L_31_01	31	01	0	107	0	0	0	CR	MAX	gytsl9.jpg	gytsl9.jpg	NOKEY	MAX	NOKEY
1447784412548	0	lts_1117L_31_01	31	01	0	108	32	1	1	Hit	749	32-2/AOVENMIT5.jpg	AOVENMIT5.jpg	SPACE	786	SPACE
1447784415623	0	lts_1117L_31_01	31	01	0	109	0	0	0	CR	MAX	ACLOGOPE3.jpg	ACLOGOPE3.jpg	NOKEY	MAX	NOKEY
1447784418697	0	lts_1117L_31_01	31	01	0	110	0	0	0	CR	MAX	ASALAMI.jpg	ASALAMI.jpg	NOKEY	MAX	NOKEY
1447784421772	0	lts_1117L_31_01	31	01	0	111	0	0	0	CR	MAX	1/Aleaf74.jpg	Aleaf74.jpg	NOKEY	MAX	NOKEY
1447784422691	0	lts_1117L_31_01	31	01	0	112	1	1	1	Hit	448	1-3/Aleaf74.jpg	Aleaf74.jpg	SPACE	484	SPACE
1447784425765	0	lts_1117L_31_01	31	01	0	113	0	0	0	CR	MAX	64/ABROCHETT.jpg	ABROCHETT.jpg	NOKEY	MAX	NOKEY
1447784428839	0	lts_1117L_31_01	31	01	0	114	0	0	0	CR	MAX	AJUG3.jpg	AJUG3.jpg	NOKEY	MAX	NOKEY
1447784431914	0	lts_1117L_31_01	31	01	0	115	0	0	0	CR	MAX	32/confettipopper.jpg	confettipopper.jpg	NOKEY	MAX	NOKEY
1447784434988	0	lts_1117L_31_01	31	01	0	116	16	1	0	Miss	MAX	16-first/26685948.thl.jpg	26685948.thl.jpg	NOKEY	MAX	SPACE
1447784438113	0	lts_1117L_31_01	31	01	0	117	0	0	0	CR	MAX	22866972.thl.jpg	22866972.thl.jpg	NOKEY	MAX	NOKEY
1447784439165	0	lts_1117L_31_01	31	01	0	118	2	1	1	Hit	578	2-mul/26685948.thl.jpg	26685948.thl.jpg	SPACE	618	SPACE
1447784442239	0	lts_1117L_31_01	31	01	0	119	0	0	0	CR	MAX	B_orange.jpg	B_orange.jpg	NOKEY	MAX	NOKEY
1447784445314	0	lts_1117L_31_01	31	01	0	120	0	0	0	CR	MAX	16/AFETTUCI2.jpg	AFETTUCI2.jpg	NOKEY	MAX	NOKEY
1447784448388	0	lts_1117L_31_01	31	01	0	121	0	0	0	CR	MAX	2/gymbars.jpg	gymbars.jpg	NOKEY	MAX	NOKEY
1447784451462	0	lts_1117L_31_01	31	01	0	122	0	0	0	CR	MAX	ALAZQUART.jpg	ALAZQUART.jpg	NOKEY	MAX	NOKEY
1447784452632	0	lts_1117L_31_01	31	01	0	123	2	1	1	Hit	688	2-6/gymbars.jpg	gymbars.jpg	SPACE	735	SPACE
1447784455707	0	lts_1117L_31_01	31	01	0	124	0	0	0	CR	MAX	4/Abeverage11.jpg	Abeverage11.jpg	NOKEY	MAX	NOKEY
1447784458781	0	lts_1117L_31_01	31	01	0	125	0	0	0	CR	MAX	APUMPKI35.jpg	APUMPKI35.jpg	NOKEY	MAX	NOKEY
1447784461855	0	lts_1117L_31_01	31	01	0	126	0	0	0	CR	MAX	ALAMP.jpg	ALAMP.jpg	NOKEY	MAX	NOKEY
1447784464930	0	lts_1117L_31_01	31	01	0	127	0	0	0	CR	MAX	4/Abasketofbrea.jpg	Abasketofbrea.jpg	NOKEY	MAX	NOKEY
1447784465982	0	lts_1117L_31_01	31	01	0	128	4	1	1	Hit	581	4-5/Abeverage11.jpg	Abeverage11.jpg	SPACE	618	SPACE
1447784469057	0	lts_1117L_31_01	31	01	0	129	0	0	0	CR	MAX	APICTURE.jpg	APICTURE.jpg	NOKEY	MAX	NOKEY
1447784472131	0	lts_1117L_31_01	31	01	0	130	0	0	0	CR	MAX	hotgreenpepper.jpg	hotgreenpepper.jpg	NOKEY	MAX	NOKEY
1447784473267	0	lts_1117L_31_01	31	01	0	131	4	1	1	Hit	662	4-0/Abasketofbrea.jpg	Abasketofbrea.jpg	SPACE	702	SPACE
1447784476341	0	lts_1117L_31_01	31	01	0	132	0	0	0	CR	MAX	Abagofpaperfl.jpg	Abagofpaperfl.jpg	NOKEY	MAX	NOKEY
1447784479416	0	lts_1117L_31_01	31	01	0	133	0	0	0	CR	MAX	AHOSPWAS2.jpg	AHOSPWAS2.jpg	NOKEY	MAX	NOKEY
1447784482490	0	lts_1117L_31_01	31	01	0	134	0	0	0	CR	MAX	ADRILL3.jpg	ADRILL3.jpg	NOKEY	MAX	NOKEY
1447784485565	0	lts_1117L_31_01	31	01	0	135	0	0	0	CR	MAX	AFUNNEL4.jpg	AFUNNEL4.jpg	NOKEY	MAX	NOKEY
1447784488639	0	lts_1117L_31_01	31	01	0	136	16	1	0	Miss	MAX	16-first/AFETTUCI2.jpg	AFETTUCI2.jpg	NOKEY	MAX	SPACE
1447784491713	0	lts_1117L_31_01	31	01	0	137	0	0	0	CR	MAX	iguana.jpg	iguana.jpg	NOKEY	MAX	NOKEY
1447784494805	0	lts_1117L_31_01	31	01	0	138	0	0	0	CR	MAX	oilbottleolive.jpg	oilbottleolive.jpg	NOKEY	MAX	NOKEY
1447784497879	0	lts_1117L_31_01	31	01	0	139	0	0	0	CR	MAX	chocolatbox.jpg	chocolatbox.jpg	NOKEY	MAX	NOKEY
1447784498982	0	lts_1117L_31_01	31	01	0	140	4	1	1	Hit	623	4-mul/AFETTUCI2.jpg	AFETTUCI2.jpg	SPACE	669	SPACE
1447784502057	0	lts_1117L_31_01	31	01	0	141	0	0	0	CR	MAX	1/AFILM.jpg	AFILM.jpg	NOKEY	MAX	NOKEY
1447784502958	0	lts_1117L_31_01	31	01	0	142	1	1	1	Hit	417	1-8/AFILM.jpg	AFILM.jpg	SPACE	467	SPACE
1447784506033	0	lts_1117L_31_01	31	01	0	143	0	0	0	CR	MAX	Aantiquebuck2.jpg	Aantiquebuck2.jpg	NOKEY	MAX	NOKEY
1447784509107	0	lts_1117L_31_01	31	01	0	144	128	1	0	Miss	MAX	128-7/AINDIAMA3.jpg	AINDIAMA3.jpg	NOKEY	MAX	SPACE
1447784512181	0	lts_1117L_31_01	31	01	0	145	0	0	0	CR	MAX	26369923.thl.jpg	26369923.thl.jpg	NOKEY	MAX	NOKEY
1447784515256	0	lts_1117L_31_01	31	01	0	146	0	0	0	CR	MAX	ATOWELRA3.jpg	ATOWELRA3.jpg	NOKEY	MAX	NOKEY
1447784518330	0	lts_1117L_31_01	31	01	0	147	32	1	0	Miss	MAX	32-3/confettipopper.jpg	confettipopper.jpg	NOKEY	MAX	SPACE
1447784521404	0	lts_1117L_31_01	31	01	0	148	0	0	0	CR	MAX	ASTAMPS.jpg	ASTAMPS.jpg	NOKEY	MAX	NOKEY
1447784524479	0	lts_1117L_31_01	31	01	0	149	0	0	0	CR	MAX	ADOGLEAS2.jpg	ADOGLEAS2.jpg	NOKEY	MAX	NOKEY
1447784527553	0	lts_1117L_31_01	31	01	0	150	0	0	0	CR	MAX	10049507.thl-1.jpg	10049507.thl-1.jpg	NOKEY	MAX	NOKEY
1447784530627	0	lts_1117L_31_01	31	01	0	151	0	0	0	CR	MAX	AFRUIT2.jpg	AFRUIT2.jpg	NOKEY	MAX	NOKEY
1447784533702	0	lts_1117L_31_01	31	01	0	152	0	0	0	CR	MAX	batslct.jpg	batslct.jpg	NOKEY	MAX	NOKEY
1447784536776	0	lts_1117L_31_01	31	01	0	153	0	0	0	CR	MAX	8/Aruler12.jpg	Aruler12.jpg	NOKEY	MAX	NOKEY
1447784539851	0	lts_1117L_31_01	31	01	0	154	0	0	0	CR	MAX	26425025.thl.jpg	26425025.thl.jpg	NOKEY	MAX	NOKEY
1447784542925	0	lts_1117L_31_01	31	01	0	155	128	1	0	Miss	MAX	128-0/ABAT.jpg	ABAT.jpg	NOKEY	MAX	SPACE
1447784546000	0	lts_1117L_31_01	31	01	0	156	0	0	0	CR	MAX	23025535.thl.jpg	23025535.thl.jpg	NOKEY	MAX	NOKEY
1447784549074	0	lts_1117L_31_01	31	01	0	157	0	0	0	CR	MAX	64/Araisins4.jpg	Araisins4.jpg	NOKEY	MAX	NOKEY
1447784552148	0	lts_1117L_31_01	31	01	0	158	0	0	0	CR	MAX	ABROWNBAG.jpg	ABROWNBAG.jpg	NOKEY	MAX	NOKEY
1447784555222	0	lts_1117L_31_01	31	01	0	159	0	0	0	CR	MAX	4/Acable14.jpg	Acable14.jpg	NOKEY	MAX	NOKEY
1447784558297	0	lts_1117L_31_01	31	01	0	160	0	0	0	CR	MAX	APARSLEY.jpg	APARSLEY.jpg	NOKEY	MAX	NOKEY
1447784559416	0	lts_1117L_31_01	31	01	0	161	8	1	1	Hit	647	8-first/Aruler12.jpg	Aruler12.jpg	SPACE	685	SPACE
1447784562490	0	lts_1117L_31_01	31	01	0	162	0	0	0	CR	MAX	26419324.thl.jpg	26419324.thl.jpg	NOKEY	MAX	NOKEY
1447784565565	0	lts_1117L_31_01	31	01	0	163	4	1	0	Miss	MAX	4-1/Acable14.jpg	Acable14.jpg	NOKEY	MAX	SPACE
1447784568639	0	lts_1117L_31_01	31	01	0	164	0	0	0	CR	MAX	AMETICUBE.jpg	AMETICUBE.jpg	NOKEY	MAX	NOKEY
1447784569625	0	lts_1117L_31_01	31	01	0	165	4	1	1	Hit	517	4-mul/Aruler12.jpg	Aruler12.jpg	SPACE	551	SPACE
1447784572716	0	lts_1117L_31_01	31	01	0	166	0	0	0	CR	MAX	Aboxofnotepa4.jpg	Aboxofnotepa4.jpg	NOKEY	MAX	NOKEY
1447784573786	0	lts_1117L_31_01	31	01	0	167	64	1	1	Hit	600	64-first/ALITTERSC.jpg	ALITTERSC.jpg	SPACE	634	SPACE
1447784576860	0	lts_1117L_31_01	31	01	0	168	0	0	0	CR	MAX	Ablanket2.jpg	Ablanket2.jpg	NOKEY	MAX	NOKEY
1447784579934	0	lts_1117L_31_01	31	01	0	169	0	0	0	CR	MAX	ACENTRIF5.jpg	ACENTRIF5.jpg	NOKEY	MAX	NOKEY
1447784583010	0	lts_1117L_31_01	31	01	0	170	0	0	0	CR	MAX	Acompactdisc2.jpg	Acompactdisc2.jpg	NOKEY	MAX	NOKEY
1447784584111	0	lts_1117L_31_01	31	01	0	171	4	1	1	Hit	620	4-mul/ALITTERSC.jpg	ALITTERSC.jpg	SPACE	668	SPACE
1447784587202	0	lts_1117L_31_01	31	01	0	172	0	0	0	CR	MAX	ASHARK3.jpg	ASHARK3.jpg	NOKEY	MAX	NOKEY
1447784590277	0	lts_1117L_31_01	31	01	0	173	0	0	0	CR	MAX	Apeanut3.jpg	Apeanut3.jpg	NOKEY	MAX	NOKEY
1447784593351	0	lts_1117L_31_01	31	01	0	174	0	0	0	CR	MAX	fullbucket.jpg	fullbucket.jpg	NOKEY	MAX	NOKEY
1447784596425	0	lts_1117L_31_01	31	01	0	175	0	0	0	CR	MAX	8027656.thl.jpg	8027656.thl.jpg	NOKEY	MAX	NOKEY
1447784599500	0	lts_1117L_31_01	31	01	0	176	0	0	0	CR	MAX	ABATHSTE2.jpg	ABATHSTE2.jpg	NOKEY	MAX	NOKEY
1447784600669	0	lts_1117L_31_01	31	01	0	177	64	1	1	Hit	696	64-first/ABROCHETT.jpg	ABROCHETT.jpg	SPACE	735	SPACE
1447784603744	0	lts_1117L_31_01	31	01	0	178	0	0	0	CR	MAX	128/ACONBENCH.jpg	ACONBENCH.jpg	NOKEY	MAX	NOKEY
1447784604863	0	lts_1117L_31_01	31	01	0	179	2	1	1	Hit	644	2-mul/ABROCHETT.jpg	ABROCHETT.jpg	SPACE	685	SPACE
1447784607938	0	lts_1117L_31_01	31	01	0	180	0	0	0	CR	MAX	1/AWATERJU3.jpg	AWATERJU3.jpg	NOKEY	MAX	NOKEY
1447784608890	0	lts_1117L_31_01	31	01	0	181	1	1	1	Hit	473	1-5/AWATERJU3.jpg	AWATERJU3.jpg	SPACE	518	SPACE
1447784611965	0	lts_1117L_31_01	31	01	0	182	0	0	0	CR	MAX	ACRIB18.jpg	ACRIB18.jpg	NOKEY	MAX	NOKEY
1447784615039	0	lts_1117L_31_01	31	01	0	183	0	0	0	CR	MAX	catsl60.jpg	catsl60.jpg	NOKEY	MAX	NOKEY
1447784618113	0	lts_1117L_31_01	31	01	0	184	0	0	0	CR	MAX	Ablackcamera4.jpg	Ablackcamera4.jpg	NOKEY	MAX	NOKEY
1447784621187	0	lts_1117L_31_01	31	01	0	185	0	0	0	CR	MAX	changepurse03.jpg	changepurse03.jpg	NOKEY	MAX	NOKEY
1447784624262	0	lts_1117L_31_01	31	01	0	186	0	0	0	CR	MAX	2/AMOUSWHEE.jpg	AMOUSWHEE.jpg	NOKEY	MAX	NOKEY
1447784627336	0	lts_1117L_31_01	31	01	0	187	0	0	0	CR	MAX	128/bowtie.jpg	bowtie.jpg	NOKEY	MAX	NOKEY
1447784628472	0	lts_1117L_31_01	31	01	0	188	2	1	1	Hit	662	2-12/AMOUSWHEE.jpg	AMOUSWHEE.jpg	SPACE	701	SPACE
1447784631547	0	lts_1117L_31_01	31	01	0	189	0	0	0	CR	MAX	AMETDETE2.jpg	AMETDETE2.jpg	NOKEY	MAX	NOKEY
1447784634621	0	lts_1117L_31_01	31	01	0	190	0	0	0	CR	MAX	8068401.thl.jpg	8068401.thl.jpg	NOKEY	MAX	NOKEY
1447784637695	0	lts_1117L_31_01	31	01	0	191	4	1	0	Miss	MAX	4/liquid-a.jpg	liquid-a.jpg	NOKEY	MAX	SPACE
1447784640770	0	lts_1117L_31_01	31	01	0	192	0	0	0	CR	MAX	Aantiquesofa4.jpg	Aantiquesofa4.jpg	NOKEY	MAX	NOKEY
1447784643844	0	lts_1117L_31_01	31	01	0	193	0	0	0	CR	MAX	origami.jpg	origami.jpg	NOKEY	MAX	NOKEY
1447784646919	0	lts_1117L_31_01	31	01	0	194	0	0	0	CR	MAX	4/Abananasundae.jpg	Abananasundae.jpg	NOKEY	MAX	NOKEY
1447784648105	0	lts_1117L_31_01	31	01	0	195	4	1	1	Hit	714	4-12/liquid-a.jpg	liquid-a.jpg	SPACE	752	SPACE
1447784651179	0	lts_1117L_31_01	31	01	0	196	0	0	0	CR	MAX	128/26425370.thl.jpg	26425370.thl.jpg	NOKEY	MAX	NOKEY
1447784654253	0	lts_1117L_31_01	31	01	0	197	0	0	0	CR	MAX	8/AARMYTRUK.jpg	AARMYTRUK.jpg	NOKEY	MAX	NOKEY
1447784655423	0	lts_1117L_31_01	31	01	0	198	4	1	1	Hit	697	4-6/Abananasundae.jpg	Abananasundae.jpg	SPACE	736	SPACE
1447784658497	0	lts_1117L_31_01	31	01	0	199	0	0	0	CR	MAX	26372237.thl.jpg	26372237.thl.jpg	NOKEY	MAX	NOKEY
1447784661572	0	lts_1117L_31_01	31	01	0	200	0	0	0	CR	MAX	Aflatwoodenba.jpg	Aflatwoodenba.jpg	NOKEY	MAX	NOKEY
1447784664646	0	lts_1117L_31_01	31	01	0	201	0	0	0	CR	MAX	26425112.thl.jpg	26425112.thl.jpg	NOKEY	MAX	NOKEY
1447784667721	0	lts_1117L_31_01	31	01	0	202	128	1	0	Miss	MAX	128-5/26554880.thl.jpg	26554880.thl.jpg	NOKEY	MAX	SPACE
1447784670812	0	lts_1117L_31_01	31	01	0	203	0	0	0	CR	MAX	8/ACONSTRU9.jpg	ACONSTRU9.jpg	NOKEY	MAX	NOKEY
1447784673886	0	lts_1117L_31_01	31	01	0	204	0	0	0	CR	MAX	64/satellitedirecttc.jpg	satellitedirecttc.jpg	NOKEY	MAX	NOKEY
1447784675056	0	lts_1117L_31_01	31	01	0	205	8	1	1	Hit	699	8-first/AARMYTRUK.jpg	AARMYTRUK.jpg	SPACE	735	SPACE
1447784678130	0	lts_1117L_31_01	31	01	0	206	0	0	0	CR	MAX	22851864.thl.jpg	22851864.thl.jpg	NOKEY	MAX	NOKEY
1447784681204	0	lts_1117L_31_01	31	01	0	207	0	0	0	CR	MAX	ACAPTAIN9.jpg	ACAPTAIN9.jpg	NOKEY	MAX	NOKEY
1447784684279	0	lts_1117L_31_01	31	01	0	208	0	0	0	CR	MAX	DSCN1248-sm.jpg	DSCN1248-sm.jpg	NOKEY	MAX	NOKEY
1447784685281	0	lts_1117L_31_01	31	01	0	209	4	1	1	Hit	525	4-mul/AARMYTRUK.jpg	AARMYTRUK.jpg	SPACE	568	SPACE
1447784688355	0	lts_1117L_31_01	31	01	0	210	0	0	0	CR	MAX	Abackpack11.jpg	Abackpack11.jpg	NOKEY	MAX	NOKEY
1447784689408	0	lts_1117L_31_01	31	01	0	211	8	1	1	Hit	580	8-first/ACONSTRU9.jpg	ACONSTRU9.jpg	SPACE	618	SPACE
1447784692483	0	lts_1117L_31_01	31	01	0	212	0	0	0	CR	MAX	1/ACOMB11.jpg	ACOMB11.jpg	NOKEY	MAX	NOKEY
1447784693401	0	lts_1117L_31_01	31	01	0	213	1	1	1	Hit	445	1-4/ACOMB11.jpg	ACOMB11.jpg	SPACE	485	SPACE
1447784696476	0	lts_1117L_31_01	31	01	0	214	0	0	0	CR	MAX	4/AMECHHAN3.jpg	AMECHHAN3.jpg	NOKEY	MAX	NOKEY
1447784699550	0	lts_1117L_31_01	31	01	0	215	0	0	0	CR	MAX	Aboots56.jpg	Aboots56.jpg	NOKEY	MAX	NOKEY
1447784702625	0	lts_1117L_31_01	31	01	0	216	0	0	0	CR	MAX	Aflower104.jpg	Aflower104.jpg	NOKEY	MAX	NOKEY
1447784705699	0	lts_1117L_31_01	31	01	0	217	0	0	0	CR	MAX	16/Amixer29.jpg	Amixer29.jpg	NOKEY	MAX	NOKEY
1447784706702	0	lts_1117L_31_01	31	01	0	218	4	1	1	Hit	533	4-3/AMECHHAN3.jpg	AMECHHAN3.jpg	SPACE	567	SPACE
1447784709776	0	lts_1117L_31_01	31	01	0	219	0	0	0	CR	MAX	4/Lanyard.jpg	Lanyard.jpg	NOKEY	MAX	NOKEY
1447784712850	0	lts_1117L_31_01	31	01	0	220	0	0	0	CR	MAX	ACLARINE5.jpg	ACLARINE5.jpg	NOKEY	MAX	NOKEY
1447784714705	0	lts_1117L_31_01	31	01	0	221	64	1	1	Hit	1378	64-first/Araisins4.jpg	Araisins4.jpg	SPACE	1420	SPACE
1447784717779	0	lts_1117L_31_01	31	01	0	222	0	0	0	CR	MAX	32/AHALLOWE3.jpg	AHALLOWE3.jpg	NOKEY	MAX	NOKEY
1447784718865	0	lts_1117L_31_01	31	01	0	223	4	1	1	Hit	612	4-7/Lanyard.jpg	Lanyard.jpg	SPACE	651	SPACE
1447784721940	0	lts_1117L_31_01	31	01	0	224	0	0	0	CR	MAX	ASMOKDE16.jpg	ASMOKDE16.jpg	NOKEY	MAX	NOKEY
1447784725014	0	lts_1117L_31_01	31	01	0	225	0	0	0	CR	MAX	APROSTAR2.jpg	APROSTAR2.jpg	NOKEY	MAX	NOKEY
1447784728088	0	lts_1117L_31_01	31	01	0	226	0	0	0	CR	MAX	Afitting3.jpg	Afitting3.jpg	NOKEY	MAX	NOKEY
1447784729074	0	lts_1117L_31_01	31	01	0	227	16	1	1	Hit	507	16-mul/ACONSTRU9.jpg	ACONSTRU9.jpg	SPACE	551	SPACE
1447784730093	0	lts_1117L_31_01	31	01	0	228	0	0	1	FA	544	Atoytractor17.jpg	Atoytractor17.jpg	SPACE	586	NOKEY
1447784733168	0	lts_1117L_31_01	31	01	0	229	0	0	0	CR	MAX	Ahawk3.jpg	Ahawk3.jpg	NOKEY	MAX	NOKEY
1447784736242	0	lts_1117L_31_01	31	01	0	230	0	0	0	CR	MAX	Abloodorange.jpg	Abloodorange.jpg	NOKEY	MAX	NOKEY
1447784739316	0	lts_1117L_31_01	31	01	0	231	0	0	0	CR	MAX	32/22855236.thl.jpg	22855236.thl.jpg	NOKEY	MAX	NOKEY
1447784742391	0	lts_1117L_31_01	31	01	0	232	0	0	0	CR	MAX	8/Afruitbasket2.jpg	Afruitbasket2.jpg	NOKEY	MAX	NOKEY
1447784743627	0	lts_1117L_31_01	31	01	0	233	16	1	1	Hit	764	16-first/Amixer29.jpg	Amixer29.jpg	SPACE	802	SPACE
1447784746702	0	lts_1117L_31_01	31	01	0	234	0	0	0	CR	MAX	8255030.thl.jpg	8255030.thl.jpg	NOKEY	MAX	NOKEY
1447784749776	0	lts_1117L_31_01	31	01	0	235	0	0	0	CR	MAX	ADRUMSET3.jpg	ADRUMSET3.jpg	NOKEY	MAX	NOKEY
1447784752850	0	lts_1117L_31_01	31	01	0	236	0	0	0	CR	MAX	8/8026084.thl.jpg	8026084.thl.jpg	NOKEY	MAX	NOKEY
1447784753920	0	lts_1117L_31_01	31	01	0	237	16	1	1	Hit	597	16-mul/Araisins4.jpg	Araisins4.jpg	SPACE	635	SPACE
1447784756994	0	lts_1117L_31_01	31	01	0	238	0	0	0	CR	MAX	Ainstrument3.jpg	Ainstrument3.jpg	NOKEY	MAX	NOKEY
1447784760068	0	lts_1117L_31_01	31	01	0	239	0	0	0	CR	MAX	64/AGONG12.jpg	AGONG12.jpg	NOKEY	MAX	NOKEY
1447784761121	0	lts_1117L_31_01	31	01	0	240	8	1	1	Hit	569	8-first/Afruitbasket2.jpg	Afruitbasket2.jpg	SPACE	618	SPACE
1447784764195	0	lts_1117L_31_01	31	01	0	241	0	0	0	CR	MAX	32/26465824.thl.jpg	26465824.thl.jpg	NOKEY	MAX	NOKEY
1447784765248	0	lts_1117L_31_01	31	01	0	242	2	1	1	Hit	574	2-mul/Afruitbasket2.jpg	Afruitbasket2.jpg	SPACE	618	SPACE
1447784768322	0	lts_1117L_31_01	31	01	0	243	0	0	0	CR	MAX	Atoyfurnitu14.jpg	Atoyfurnitu14.jpg	NOKEY	MAX	NOKEY
1447784771397	0	lts_1117L_31_01	31	01	0	244	8	1	0	Miss	MAX	8-first/8026084.thl.jpg	8026084.thl.jpg	NOKEY	MAX	SPACE
1447784774471	0	lts_1117L_31_01	31	01	0	245	0	0	0	CR	MAX	2/ASWITCH6.jpg	ASWITCH6.jpg	NOKEY	MAX	NOKEY
1447784777546	0	lts_1117L_31_01	31	01	0	246	0	0	0	CR	MAX	26370681.thl.jpg	26370681.thl.jpg	NOKEY	MAX	NOKEY
1447784778682	0	lts_1117L_31_01	31	01	0	247	2	1	1	Hit	659	2-9/ASWITCH6.jpg	ASWITCH6.jpg	SPACE	702	SPACE
1447784781756	0	lts_1117L_31_01	31	01	0	248	0	0	0	CR	MAX	mascara.jpg	mascara.jpg	NOKEY	MAX	NOKEY
1447784782792	0	lts_1117L_31_01	31	01	0	249	16	1	1	Hit	567	16-mul/Amixer29.jpg	Amixer29.jpg	SPACE	601	SPACE
1447784785866	0	lts_1117L_31_01	31	01	0	250	0	0	0	CR	MAX	ACAMLENSE.jpg	ACAMLENSE.jpg	NOKEY	MAX	NOKEY
1447784788941	0	lts_1117L_31_01	31	01	0	251	0	0	0	CR	MAX	8078142.thl.jpg	8078142.thl.jpg	NOKEY	MAX	NOKEY
1447784792015	0	lts_1117L_31_01	31	01	0	252	0	0	0	CR	MAX	AADDBOOK.jpg	AADDBOOK.jpg	NOKEY	MAX	NOKEY
1447784795089	0	lts_1117L_31_01	31	01	0	253	0	0	0	CR	MAX	Ashoeform2.jpg	Ashoeform2.jpg	NOKEY	MAX	NOKEY
1447784796209	0	lts_1117L_31_01	31	01	0	254	32	1	1	Hit	645	32-5/AHALLOWE3.jpg	AHALLOWE3.jpg	SPACE	685	SPACE
1447784799283	0	lts_1117L_31_01	31	01	0	255	0	0	0	CR	MAX	8244991.thl.jpg	8244991.thl.jpg	NOKEY	MAX	NOKEY
1447784802358	0	lts_1117L_31_01	31	01	0	256	0	0	0	CR	MAX	26378596.thl.jpg	26378596.thl.jpg	NOKEY	MAX	NOKEY
1447784805432	0	lts_1117L_31_01	31	01	0	257	0	0	0	CR	MAX	64/juicebox.jpg	juicebox.jpg	NOKEY	MAX	NOKEY
1447784808506	0	lts_1117L_31_01	31	01	0	258	0	0	0	CR	MAX	ABUMBBE2.jpg	ABUMBBE2.jpg	NOKEY	MAX	NOKEY
1447784811581	0	lts_1117L_31_01	31	01	0	259	0	0	0	CR	MAX	heartchocolat.jpg	heartchocolat.jpg	NOKEY	MAX	NOKEY
1447784812750	0	lts_1117L_31_01	31	01	0	260	16	1	1	Hit	695	16-mul/8026084.thl.jpg	8026084.thl.jpg	SPACE	735	SPACE
1447784815825	0	lts_1117L_31_01	31	01	0	261	0	0	0	CR	MAX	22853544.thl.jpg	22853544.thl.jpg	NOKEY	MAX	NOKEY
1447784818899	0	lts_1117L_31_01	31	01	0	262	0	0	0	CR	MAX	ASEWING.jpg	ASEWING.jpg	NOKEY	MAX	NOKEY
1447784820035	0	lts_1117L_31_01	31	01	0	263	32	1	1	Hit	662	32-9/22855236.thl.jpg	22855236.thl.jpg	SPACE	701	SPACE
1447784823109	0	lts_1117L_31_01	31	01	0	264	0	0	0	CR	MAX	Aseat3.jpg	Aseat3.jpg	NOKEY	MAX	NOKEY
1447784826200	0	lts_1117L_31_01	31	01	0	265	0	0	0	CR	MAX	Abells3.jpg	Abells3.jpg	NOKEY	MAX	NOKEY
1447784829275	0	lts_1117L_31_01	31	01	0	266	0	0	0	CR	MAX	Awoodenspoon3.jpg	Awoodenspoon3.jpg	NOKEY	MAX	NOKEY
1447784832349	0	lts_1117L_31_01	31	01	0	267	0	0	0	CR	MAX	ABASTER2.jpg	ABASTER2.jpg	NOKEY	MAX	NOKEY
1447784833636	0	lts_1117L_31_01	31	01	0	268	64	1	1	Hit	815	64-first/satellitedirecttc.jpg	satellitedirecttc.jpg	SPACE	852	SPACE
1447784836710	0	lts_1117L_31_01	31	01	0	269	0	0	0	CR	MAX	ATELEPH12.jpg	ATELEPH12.jpg	NOKEY	MAX	NOKEY
1447784837696	0	lts_1117L_31_01	31	01	0	270	2	1	1	Hit	505	2-mul/satellitedirecttc.jpg	satellitedirecttc.jpg	SPACE	551	SPACE
1447784840771	0	lts_1117L_31_01	31	01	0	271	0	0	0	CR	MAX	Aplantinpot2.jpg	Aplantinpot2.jpg	NOKEY	MAX	NOKEY
1447784843845	0	lts_1117L_31_01	31	01	0	272	0	0	0	CR	MAX	carseat.jpg	carseat.jpg	NOKEY	MAX	NOKEY
1447784844847	0	lts_1117L_31_01	31	01	0	273	32	1	1	Hit	529	32-6/26465824.thl.jpg	26465824.thl.jpg	SPACE	568	SPACE
1447784847922	0	lts_1117L_31_01	31	01	0	274	0	0	0	CR	MAX	26439898.thl.jpg	26439898.thl.jpg	NOKEY	MAX	NOKEY
1447784849459	0	lts_1117L_31_01	31	01	0	275	0	0	1	FA	1058	acquarium.jpg	acquarium.jpg	SPACE	1103	NOKEY
1447784852533	0	lts_1117L_31_01	31	01	0	276	0	0	0	CR	MAX	AANTMILK.jpg	AANTMILK.jpg	NOKEY	MAX	NOKEY
1447784855608	0	lts_1117L_31_01	31	01	0	277	0	0	0	CR	MAX	1/AHAIRCLI6.jpg	AHAIRCLI6.jpg	NOKEY	MAX	NOKEY
1447784856694	0	lts_1117L_31_01	31	01	0	278	1	1	1	Hit	616	1-6/AHAIRCLI6.jpg	AHAIRCLI6.jpg	SPACE	652	SPACE
1447784859768	0	lts_1117L_31_01	31	01	0	279	0	0	0	CR	MAX	Aseeder2.jpg	Aseeder2.jpg	NOKEY	MAX	NOKEY
1447784862842	0	lts_1117L_31_01	31	01	0	280	0	0	0	CR	MAX	Aspecimenbot5.jpg	Aspecimenbot5.jpg	NOKEY	MAX	NOKEY
1447784865917	0	lts_1117L_31_01	31	01	0	281	0	0	0	CR	MAX	Atoymoose.jpg	Atoymoose.jpg	NOKEY	MAX	NOKEY
1447784868991	0	lts_1117L_31_01	31	01	0	282	0	0	0	CR	MAX	4/Apilldispens3.jpg	Apilldispens3.jpg	NOKEY	MAX	NOKEY
1447784872065	0	lts_1117L_31_01	31	01	0	283	0	0	0	CR	MAX	8/Adriedleaf.jpg	Adriedleaf.jpg	NOKEY	MAX	NOKEY
1447784875140	0	lts_1117L_31_01	31	01	0	284	0	0	0	CR	MAX	ACHEMSET3.jpg	ACHEMSET3.jpg	NOKEY	MAX	NOKEY
1447784878214	0	lts_1117L_31_01	31	01	0	285	0	0	0	CR	MAX	128/Agroupofmole7.jpg	Agroupofmole7.jpg	NOKEY	MAX	NOKEY
1447784879417	0	lts_1117L_31_01	31	01	0	286	4	1	1	Hit	722	4-10/Apilldispens3.jpg	Apilldispens3.jpg	SPACE	769	SPACE
1447784882492	0	lts_1117L_31_01	31	01	0	287	0	0	0	CR	MAX	128/26431395.thl.jpg	26431395.thl.jpg	NOKEY	MAX	NOKEY
1447784885566	0	lts_1117L_31_01	31	01	0	288	0	0	0	CR	MAX	Aspoolofthre6.jpg	Aspoolofthre6.jpg	NOKEY	MAX	NOKEY
1447784888657	0	lts_1117L_31_01	31	01	0	289	0	0	0	CR	MAX	AGUIRA.jpg	AGUIRA.jpg	NOKEY	MAX	NOKEY
1447784891731	0	lts_1117L_31_01	31	01	0	290	0	0	0	CR	MAX	4/blueberriespack.jpg	blueberriespack.jpg	NOKEY	MAX	NOKEY
1447784892834	0	lts_1117L_31_01	31	01	0	291	8	1	1	Hit	621	8-0/Adriedleaf.jpg	Adriedleaf.jpg	SPACE	668	SPACE
1447784895908	0	lts_1117L_31_01	31	01	0	292	0	0	0	CR	MAX	26426317.thl.jpg	26426317.thl.jpg	NOKEY	MAX	NOKEY
1447784898983	0	lts_1117L_31_01	31	01	0	293	0	0	0	CR	MAX	Atrowel42.jpg	Atrowel42.jpg	NOKEY	MAX	NOKEY
1447784899969	0	lts_1117L_31_01	31	01	0	294	4	1	1	Hit	513	4-9/blueberriespack.jpg	blueberriespack.jpg	SPACE	552	SPACE
1447784903043	0	lts_1117L_31_01	31	01	0	295	0	0	0	CR	MAX	Amistingwate3.jpg	Amistingwate3.jpg	NOKEY	MAX	NOKEY
1447784906117	0	lts_1117L_31_01	31	01	0	296	0	0	0	CR	MAX	2/gymvaulting.jpg	gymvaulting.jpg	NOKEY	MAX	NOKEY
1447784909192	0	lts_1117L_31_01	31	01	0	297	0	0	0	CR	MAX	22853352.thl.jpg	22853352.thl.jpg	NOKEY	MAX	NOKEY
1447784910278	0	lts_1117L_31_01	31	01	0	298	2	1	1	Hit	601	2-3/gymvaulting.jpg	gymvaulting.jpg	SPACE	652	SPACE
1447784913352	0	lts_1117L_31_01	31	01	0	299	0	0	0	CR	MAX	1/Athimble2.jpg	Athimble2.jpg	NOKEY	MAX	NOKEY
1447784914204	0	lts_1117L_31_01	31	01	0	300	1	1	1	Hit	368	1-1/Athimble2.jpg	Athimble2.jpg	SPACE	418	SPACE
1447784917278	0	lts_1117L_31_01	31	01	0	301	0	0	0	CR	MAX	AAIRGAUGE.jpg	AAIRGAUGE.jpg	NOKEY	MAX	NOKEY
1447784920353	0	lts_1117L_31_01	31	01	0	302	0	0	0	CR	MAX	Abedpan7.jpg	Abedpan7.jpg	NOKEY	MAX	NOKEY
1447784921389	0	lts_1117L_31_01	31	01	0	303	64	1	1	Hit	566	64-first/AGONG12.jpg	AGONG12.jpg	SPACE	602	SPACE
1447784924463	0	lts_1117L_31_01	31	01	0	304	0	0	0	CR	MAX	ABUFFALO.jpg	ABUFFALO.jpg	NOKEY	MAX	NOKEY
1447784927538	0	lts_1117L_31_01	31	01	0	305	0	0	0	CR	MAX	26374166.thl.jpg	26374166.thl.jpg	NOKEY	MAX	NOKEY
1447784930612	0	lts_1117L_31_01	31	01	0	306	128	1	0	Miss	MAX	128-6/ACONBENCH.jpg	ACONBENCH.jpg	NOKEY	MAX	SPACE
1447784933686	0	lts_1117L_31_01	31	01	0	307	0	0	0	CR	MAX	1/Abrownbagwith.jpg	Abrownbagwith.jpg	NOKEY	MAX	NOKEY
1447784934505	0	lts_1117L_31_01	31	01	0	308	1	1	1	Hit	341	1-11/Abrownbagwith.jpg	Abrownbagwith.jpg	SPACE	384	SPACE
1447784937579	0	lts_1117L_31_01	31	01	0	309	0	0	0	CR	MAX	AELEAGEN3.jpg	AELEAGEN3.jpg	NOKEY	MAX	NOKEY
1447784940654	0	lts_1117L_31_01	31	01	0	310	0	0	0	CR	MAX	16/tuba1.jpg	tuba1.jpg	NOKEY	MAX	NOKEY
1447784943728	0	lts_1117L_31_01	31	01	0	311	0	0	0	CR	MAX	Anailpolish.jpg	Anailpolish.jpg	NOKEY	MAX	NOKEY
1447784946803	0	lts_1117L_31_01	31	01	0	312	0	0	0	CR	MAX	AAFRICIN2.jpg	AAFRICIN2.jpg	NOKEY	MAX	NOKEY
1447784949877	0	lts_1117L_31_01	31	01	0	313	0	0	0	CR	MAX	AROCKCH27.jpg	AROCKCH27.jpg	NOKEY	MAX	NOKEY
1447784952951	0	lts_1117L_31_01	31	01	0	314	0	0	0	CR	MAX	Abicyclebrak4.jpg	Abicyclebrak4.jpg	NOKEY	MAX	NOKEY
1447784954405	0	lts_1117L_31_01	31	01	0	315	128	1	1	Hit	976	128-2/bowtie.jpg	bowtie.jpg	SPACE	1019	SPACE
1447784957479	0	lts_1117L_31_01	31	01	0	316	0	0	0	CR	MAX	Abuilding5.jpg	Abuilding5.jpg	NOKEY	MAX	NOKEY
1447784960554	0	lts_1117L_31_01	31	01	0	317	0	0	0	CR	MAX	AMECHSOCK.jpg	AMECHSOCK.jpg	NOKEY	MAX	NOKEY
1447784963628	0	lts_1117L_31_01	31	01	0	318	0	0	0	CR	MAX	marshmallows.jpg	marshmallows.jpg	NOKEY	MAX	NOKEY
1447784964614	0	lts_1117L_31_01	31	01	0	319	16	1	1	Hit	512	16-mul/AGONG12.jpg	AGONG12.jpg	SPACE	551	SPACE
1447784967688	0	lts_1117L_31_01	31	01	0	320	0	0	0	CR	MAX	Abib2.jpg	Abib2.jpg	NOKEY	MAX	NOKEY
1447784968991	0	lts_1117L_31_01	31	01	0	321	64	1	1	Hit	822	64-first/juicebox.jpg	juicebox.jpg	SPACE	869	SPACE
1447784972066	0	lts_1117L_31_01	31	01	0	322	0	0	0	CR	MAX	Aspinningwhe2.jpg	Aspinningwhe2.jpg	NOKEY	MAX	NOKEY
1447784975140	0	lts_1117L_31_01	31	01	0	323	0	0	0	CR	MAX	bands-a.jpg	bands-a.jpg	NOKEY	MAX	NOKEY
1447784978214	0	lts_1117L_31_01	31	01	0	324	128	1	0	Miss	MAX	128-3/26425370.thl.jpg	26425370.thl.jpg	NOKEY	MAX	SPACE
1447784981289	0	lts_1117L_31_01	31	01	0	325	0	0	0	CR	MAX	Ataco.jpg	Ataco.jpg	NOKEY	MAX	NOKEY
1447784982408	0	lts_1117L_31_01	31	01	0	326	16	1	1	Hit	635	16-first/tuba1.jpg	tuba1.jpg	SPACE	685	SPACE
1447784985483	0	lts_1117L_31_01	31	01	0	327	0	0	0	CR	MAX	948_01.jpg	948_01.jpg	NOKEY	MAX	NOKEY
1447784986519	0	lts_1117L_31_01	31	01	0	328	2	1	1	Hit	557	2-mul/tuba1.jpg	tuba1.jpg	SPACE	602	SPACE
1447784989593	0	lts_1117L_31_01	31	01	0	329	0	0	0	CR	MAX	1/Aindustrialve.jpg	Aindustrialve.jpg	NOKEY	MAX	NOKEY
1447784990545	0	lts_1117L_31_01	31	01	0	330	1	1	1	Hit	472	1-9/Aindustrialve.jpg	Aindustrialve.jpg	SPACE	518	SPACE
1447784993620	0	lts_1117L_31_01	31	01	0	331	0	0	0	CR	MAX	26390325.thl.jpg	26390325.thl.jpg	NOKEY	MAX	NOKEY
1447784996694	0	lts_1117L_31_01	31	01	0	332	0	0	0	CR	MAX	2/26391514.thl.jpg	26391514.thl.jpg	NOKEY	MAX	NOKEY
1447784999768	0	lts_1117L_31_01	31	01	0	333	0	0	0	CR	MAX	Agarlicclove2.jpg	Agarlicclove2.jpg	NOKEY	MAX	NOKEY
1447785000754	0	lts_1117L_31_01	31	01	0	334	2	1	1	Hit	507	2-8/26391514.thl.jpg	26391514.thl.jpg	SPACE	551	SPACE
1447785001974	0	lts_1117L_31_01	31	01	0	335	0	0	1	FA	743	Agardeningpai.jpg	Agardeningpai.jpg	SPACE	785	NOKEY
1447785005048	0	lts_1117L_31_01	31	01	0	336	0	0	0	CR	MAX	Aspeakers4.jpg	Aspeakers4.jpg	NOKEY	MAX	NOKEY
1447785006117	0	lts_1117L_31_01	31	01	0	337	16	1	1	Hit	586	16-mul/juicebox.jpg	juicebox.jpg	SPACE	635	SPACE
1447785009192	0	lts_1117L_31_01	31	01	0	338	0	0	0	CR	MAX	1/ALEMUR3.jpg	ALEMUR3.jpg	NOKEY	MAX	NOKEY
1447785010094	0	lts_1117L_31_01	31	01	0	339	1	1	1	Hit	423	1-14/ALEMUR3.jpg	ALEMUR3.jpg	SPACE	469	SPACE
1447785013168	0	lts_1117L_31_01	31	01	0	340	0	0	0	CR	MAX	2/Awastepaperb3.jpg	Awastepaperb3.jpg	NOKEY	MAX	NOKEY
1447785016243	0	lts_1117L_31_01	31	01	0	341	0	0	0	CR	MAX	64/AMAGGLASS.jpg	AMAGGLASS.jpg	NOKEY	MAX	NOKEY
1447785017312	0	lts_1117L_31_01	31	01	0	342	2	1	1	Hit	598	2-7/Awastepaperb3.jpg	Awastepaperb3.jpg	SPACE	635	SPACE
1447785020387	0	lts_1117L_31_01	31	01	0	343	0	0	0	CR	MAX	Aclockradio4.jpg	Aclockradio4.jpg	NOKEY	MAX	NOKEY
1447785023461	0	lts_1117L_31_01	31	01	0	344	0	0	0	CR	MAX	AWOODSPO3.jpg	AWOODSPO3.jpg	NOKEY	MAX	NOKEY
1447785026535	0	lts_1117L_31_01	31	01	0	345	0	0	0	CR	MAX	2/26423477.thl.jpg	26423477.thl.jpg	NOKEY	MAX	NOKEY
1447785029610	0	lts_1117L_31_01	31	01	0	346	0	0	0	CR	MAX	4/buffalowings.jpg	buffalowings.jpg	NOKEY	MAX	NOKEY
1447785030729	0	lts_1117L_31_01	31	01	0	347	2	1	1	Hit	646	2-1/26423477.thl.jpg	26423477.thl.jpg	SPACE	685	SPACE
1447785033804	0	lts_1117L_31_01	31	01	0	348	0	0	0	CR	MAX	AARTIFLE2.jpg	AARTIFLE2.jpg	NOKEY	MAX	NOKEY
1447785036878	0	lts_1117L_31_01	31	01	0	349	0	0	0	CR	MAX	16/AGLASSBO7.jpg	AGLASSBO7.jpg	NOKEY	MAX	NOKEY
1447785039952	0	lts_1117L_31_01	31	01	0	350	4	1	0	Miss	MAX	4-2/buffalowings.jpg	buffalowings.jpg	NOKEY	MAX	SPACE
1447785043026	0	lts_1117L_31_01	31	01	0	351	0	0	0	CR	MAX	Apyramid3.jpg	Apyramid3.jpg	NOKEY	MAX	NOKEY
1447785046101	0	lts_1117L_31_01	31	01	0	352	0	0	0	CR	MAX	APLANMOD.jpg	APLANMOD.jpg	NOKEY	MAX	NOKEY
1447785049175	0	lts_1117L_31_01	31	01	0	353	0	0	0	CR	MAX	8/Adrum22.jpg	Adrum22.jpg	NOKEY	MAX	NOKEY
1447785052250	0	lts_1117L_31_01	31	01	0	354	0	0	0	CR	MAX	16/butternutsquash.jpg	butternutsquash.jpg	NOKEY	MAX	NOKEY
1447785055324	0	lts_1117L_31_01	31	01	0	355	0	0	0	CR	MAX	1/Apedestal3.jpg	Apedestal3.jpg	NOKEY	MAX	NOKEY
1447785056293	0	lts_1117L_31_01	31	01	0	356	1	1	1	Hit	491	1-7/Apedestal3.jpg	Apedestal3.jpg	SPACE	534	SPACE
1447785059368	0	lts_1117L_31_01	31	01	0	357	0	0	0	CR	MAX	ACAFLATT3.jpg	ACAFLATT3.jpg	NOKEY	MAX	NOKEY
1447785062442	0	lts_1117L_31_01	31	01	0	358	0	0	0	CR	MAX	Amanatee2.jpg	Amanatee2.jpg	NOKEY	MAX	NOKEY
1447785065516	0	lts_1117L_31_01	31	01	0	359	0	0	0	CR	MAX	26419231.thl.jpg	26419231.thl.jpg	NOKEY	MAX	NOKEY
1447785068591	0	lts_1117L_31_01	31	01	0	360	0	0	0	CR	MAX	Abicycleodome.jpg	Abicycleodome.jpg	NOKEY	MAX	NOKEY
1447785069694	0	lts_1117L_31_01	31	01	0	361	8	1	1	Hit	633	8-2/Adrum22.jpg	Adrum22.jpg	SPACE	668	SPACE
1447785072768	0	lts_1117L_31_01	31	01	0	362	0	0	0	CR	MAX	Arecyclingbox.jpg	Arecyclingbox.jpg	NOKEY	MAX	NOKEY
1447785075842	0	lts_1117L_31_01	31	01	0	363	0	0	0	CR	MAX	64/ATIE16.jpg	ATIE16.jpg	NOKEY	MAX	NOKEY
1447785078916	0	lts_1117L_31_01	31	01	0	364	0	0	0	CR	MAX	8020347.thl.jpg	8020347.thl.jpg	NOKEY	MAX	NOKEY
1447785080069	0	lts_1117L_31_01	31	01	0	365	16	1	1	Hit	671	16-first/AGLASSBO7.jpg	AGLASSBO7.jpg	SPACE	719	SPACE
1447785083144	0	lts_1117L_31_01	31	01	0	366	0	0	0	CR	MAX	32/ASCREW24.jpg	ASCREW24.jpg	NOKEY	MAX	NOKEY
1447785084213	0	lts_1117L_31_01	31	01	0	367	2	1	1	Hit	595	2-mul/AGLASSBO7.jpg	AGLASSBO7.jpg	SPACE	635	SPACE
1447785087287	0	lts_1117L_31_01	31	01	0	368	0	0	0	CR	MAX	32/Aspoonofsug11.jpg	Aspoonofsug11.jpg	NOKEY	MAX	NOKEY
1447785090379	0	lts_1117L_31_01	31	01	0	369	0	0	0	CR	MAX	Alei23.jpg	Alei23.jpg	NOKEY	MAX	NOKEY
1447785091932	0	lts_1117L_31_01	31	01	0	370	16	1	1	Hit	1077	16-first/butternutsquash.jpg	butternutsquash.jpg	SPACE	1120	SPACE
1447785095008	0	lts_1117L_31_01	31	01	0	371	0	0	0	CR	MAX	8250565.thl.jpg	8250565.thl.jpg	NOKEY	MAX	NOKEY
1447785098081	0	lts_1117L_31_01	31	01	0	372	0	0	0	CR	MAX	ACAMPSTO7.jpg	ACAMPSTO7.jpg	NOKEY	MAX	NOKEY
1447785101155	0	lts_1117L_31_01	31	01	0	373	0	0	0	CR	MAX	8/Acastle22.jpg	Acastle22.jpg	NOKEY	MAX	NOKEY
1447785104230	0	lts_1117L_31_01	31	01	0	374	0	0	0	CR	MAX	ATROWEL2.jpg	ATROWEL2.jpg	NOKEY	MAX	NOKEY
1447785107304	0	lts_1117L_31_01	31	01	0	375	0	0	0	CR	MAX	1/Akitchenisla4.jpg	Akitchenisla4.jpg	NOKEY	MAX	NOKEY
1447785108307	0	lts_1117L_31_01	31	01	0	376	1	1	1	Hit	519	1-0/Akitchenisla4.jpg	Akitchenisla4.jpg	SPACE	568	SPACE
1447785111381	0	lts_1117L_31_01	31	01	0	377	0	0	0	CR	MAX	2/dftslpi.jpg	dftslpi.jpg	NOKEY	MAX	NOKEY
1447785114456	0	lts_1117L_31_01	31	01	0	378	0	0	0	CR	MAX	AORIENBOW.jpg	AORIENBOW.jpg	NOKEY	MAX	NOKEY
1447785115558	0	lts_1117L_31_01	31	01	0	379	2	1	1	Hit	629	2-11/dftslpi.jpg	dftslpi.jpg	SPACE	668	SPACE
1447785118633	0	lts_1117L_31_01	31	01	0	380	0	0	0	CR	MAX	AEXIT7.jpg	AEXIT7.jpg	NOKEY	MAX	NOKEY
1447785119836	0	lts_1117L_31_01	31	01	0	381	8	1	1	Hit	728	8-first/Acastle22.jpg	Acastle22.jpg	SPACE	769	SPACE
1447785122910	0	lts_1117L_31_01	31	01	0	382	0	0	0	CR	MAX	Atrumpetwith2.jpg	Atrumpetwith2.jpg	NOKEY	MAX	NOKEY
1447785123896	0	lts_1117L_31_01	31	01	0	383	2	1	1	Hit	503	2-mul/Acastle22.jpg	Acastle22.jpg	SPACE	552	SPACE
1447785126970	0	lts_1117L_31_01	31	01	0	384	0	0	0	CR	MAX	Aappleonsca14.jpg	Aappleonsca14.jpg	NOKEY	MAX	NOKEY
1447785128407	0	lts_1117L_31_01	31	01	0	385	0	0	1	FA	953	23014831.thl.jpg	23014831.thl.jpg	SPACE	1003	NOKEY
1447785129560	0	lts_1117L_31_01	31	01	0	386	16	1	1	Hit	671	16-mul/butternutsquash.jpg	butternutsquash.jpg	SPACE	718	SPACE
1447785132635	0	lts_1117L_31_01	31	01	0	387	0	0	0	CR	MAX	Acastingladl2.jpg	Acastingladl2.jpg	NOKEY	MAX	NOKEY
1447785135709	0	lts_1117L_31_01	31	01	0	388	0	0	0	CR	MAX	Abicyclehand5.jpg	Abicyclehand5.jpg	NOKEY	MAX	NOKEY
1447785138783	0	lts_1117L_31_01	31	01	0	389	0	0	0	CR	MAX	Aparrot80.jpg	Aparrot80.jpg	NOKEY	MAX	NOKEY
1447785141857	0	lts_1117L_31_01	31	01	0	390	0	0	0	CR	MAX	ASTREESW2.jpg	ASTREESW2.jpg	NOKEY	MAX	NOKEY
1447785144932	0	lts_1117L_31_01	31	01	0	391	0	0	0	CR	MAX	cd2-a.jpg	cd2-a.jpg	NOKEY	MAX	NOKEY
1447785148007	0	lts_1117L_31_01	31	01	0	392	0	0	0	CR	MAX	APILL.jpg	APILL.jpg	NOKEY	MAX	NOKEY
1447785151080	0	lts_1117L_31_01	31	01	0	393	0	0	0	CR	MAX	ABROKUMBR.jpg	ABROKUMBR.jpg	NOKEY	MAX	NOKEY
1447785154155	0	lts_1117L_31_01	31	01	0	394	0	0	0	CR	MAX	APINGPON3.jpg	APINGPON3.jpg	NOKEY	MAX	NOKEY
1447785157229	0	lts_1117L_31_01	31	01	0	395	0	0	0	CR	MAX	Abottleofwin4.jpg	Abottleofwin4.jpg	NOKEY	MAX	NOKEY
1447785160320	0	lts_1117L_31_01	31	01	0	396	0	0	0	CR	MAX	Aembossedsta2.jpg	Aembossedsta2.jpg	NOKEY	MAX	NOKEY
1447785163395	0	lts_1117L_31_01	31	01	0	397	0	0	0	CR	MAX	26370445.thl.jpg	26370445.thl.jpg	NOKEY	MAX	NOKEY
1447785164481	0	lts_1117L_31_01	31	01	0	398	32	1	1	Hit	602	32-7/ASCREW24.jpg	ASCREW24.jpg	SPACE	652	SPACE
1447785167555	0	lts_1117L_31_01	31	01	0	399	0	0	0	CR	MAX	26373362.thl.jpg	26373362.thl.jpg	NOKEY	MAX	NOKEY
1447785169042	0	lts_1117L_31_01	31	01	0	400	32	1	1	Hit	1009	32-1/Aspoonofsug11.jpg	Aspoonofsug11.jpg	SPACE	1052	SPACE
1447785172116	0	lts_1117L_31_01	31	01	0	401	0	0	0	CR	MAX	slide.jpg	slide.jpg	NOKEY	MAX	NOKEY
1447785175191	0	lts_1117L_31_01	31	01	0	402	0	0	0	CR	MAX	Acase2.jpg	Acase2.jpg	NOKEY	MAX	NOKEY
1447785178265	0	lts_1117L_31_01	31	01	0	403	0	0	0	CR	MAX	Arefrigerat10.jpg	Arefrigerat10.jpg	NOKEY	MAX	NOKEY
1447785181340	0	lts_1117L_31_01	31	01	0	404	0	0	0	CR	MAX	Acork6.jpg	Acork6.jpg	NOKEY	MAX	NOKEY
1447785184414	0	lts_1117L_31_01	31	01	0	405	64	1	0	Miss	MAX	64-first/AMAGGLASS.jpg	AMAGGLASS.jpg	NOKEY	MAX	SPACE
1447785187488	0	lts_1117L_31_01	31	01	0	406	0	0	0	CR	MAX	1/26375641.thl.jpg	26375641.thl.jpg	NOKEY	MAX	NOKEY
1447785188424	0	lts_1117L_31_01	31	01	0	407	1	1	1	Hit	465	1-12/26375641.thl.jpg	26375641.thl.jpg	SPACE	502	SPACE
1447785191515	0	lts_1117L_31_01	31	01	0	408	0	0	0	CR	MAX	Atoy12.jpg	Atoy12.jpg	NOKEY	MAX	NOKEY
1447785192635	0	lts_1117L_31_01	31	01	0	409	4	1	1	Hit	637	4-mul/AMAGGLASS.jpg	AMAGGLASS.jpg	SPACE	685	SPACE
1447785195709	0	lts_1117L_31_01	31	01	0	410	0	0	0	CR	MAX	Apaperclip6.jpg	Apaperclip6.jpg	NOKEY	MAX	NOKEY
1447785198783	0	lts_1117L_31_01	31	01	0	411	0	0	0	CR	MAX	ACASTANET.jpg	ACASTANET.jpg	NOKEY	MAX	NOKEY
1447785201857	0	lts_1117L_31_01	31	01	0	412	0	0	0	CR	MAX	8/ABAROMET2.jpg	ABAROMET2.jpg	NOKEY	MAX	NOKEY
1447785203194	0	lts_1117L_31_01	31	01	0	413	128	1	1	Hit	859	128-4/Agroupofmole7.jpg	Agroupofmole7.jpg	SPACE	902	SPACE
1447785206285	0	lts_1117L_31_01	31	01	0	414	0	0	0	CR	MAX	Atoyboat10.jpg	Atoyboat10.jpg	NOKEY	MAX	NOKEY
1447785207789	0	lts_1117L_31_01	31	01	0	415	128	1	1	Hit	1024	128-1/26431395.thl.jpg	26431395.thl.jpg	SPACE	1069	SPACE
1447785210863	0	lts_1117L_31_01	31	01	0	416	0	0	0	CR	MAX	32/ATAPEDIS7.jpg	ATAPEDIS7.jpg	NOKEY	MAX	NOKEY
1447785213938	0	lts_1117L_31_01	31	01	0	417	0	0	0	CR	MAX	Astaircase.jpg	Astaircase.jpg	NOKEY	MAX	NOKEY
1447785217012	0	lts_1117L_31_01	31	01	0	418	0	0	0	CR	MAX	Abowloffruit5.jpg	Abowloffruit5.jpg	NOKEY	MAX	NOKEY
1447785220086	0	lts_1117L_31_01	31	01	0	419	0	0	0	CR	MAX	ACURLINGI.jpg	ACURLINGI.jpg	NOKEY	MAX	NOKEY
1447785221189	0	lts_1117L_31_01	31	01	0	420	8	1	1	Hit	632	8-first/ABAROMET2.jpg	ABAROMET2.jpg	SPACE	668	SPACE
1447785224264	0	lts_1117L_31_01	31	01	0	421	0	0	0	CR	MAX	Aammonitefo14.jpg	Aammonitefo14.jpg	NOKEY	MAX	NOKEY
1447785225567	0	lts_1117L_31_01	31	01	0	422	0	0	1	FA	821	launmower.jpg	launmower.jpg	SPACE	869	NOKEY
1447785228641	0	lts_1117L_31_01	31	01	0	423	0	0	0	CR	MAX	Atoydoll12.jpg	Atoydoll12.jpg	NOKEY	MAX	NOKEY
1447785229677	0	lts_1117L_31_01	31	01	0	424	4	1	1	Hit	562	4-mul/ABAROMET2.jpg	ABAROMET2.jpg	SPACE	601	SPACE
1447785232752	0	lts_1117L_31_01	31	01	0	425	0	0	0	CR	MAX	8245419.thl.jpg	8245419.thl.jpg	NOKEY	MAX	NOKEY
1447785235826	0	lts_1117L_31_01	31	01	0	426	0	0	0	CR	MAX	ACAMPFIRE.jpg	ACAMPFIRE.jpg	NOKEY	MAX	NOKEY
1447785236962	0	lts_1117L_31_01	31	01	0	427	64	1	1	Hit	659	64-first/ATIE16.jpg	ATIE16.jpg	SPACE	702	SPACE
1447785240036	0	lts_1117L_31_01	31	01	0	428	0	0	0	CR	MAX	Afoodproces13.jpg	Afoodproces13.jpg	NOKEY	MAX	NOKEY
1447785241006	0	lts_1117L_31_01	31	01	0	429	2	1	1	Hit	488	2-mul/ATIE16.jpg	ATIE16.jpg	SPACE	535	SPACE
1447785244080	0	lts_1117L_31_01	31	01	0	430	0	0	0	CR	MAX	1/26427903.thl.jpg	26427903.thl.jpg	NOKEY	MAX	NOKEY
1447785244982	0	lts_1117L_31_01	31	01	0	431	1	1	1	Hit	420	1-2/26427903.thl.jpg	26427903.thl.jpg	SPACE	468	SPACE
1447785248056	0	lts_1117L_31_01	31	01	0	432	0	0	0	CR	MAX	A_coin.jpg	A_coin.jpg	NOKEY	MAX	NOKEY
1447785251131	0	lts_1117L_31_01	31	01	0	433	0	0	0	CR	MAX	1/AARTIHAN5.jpg	AARTIHAN5.jpg	NOKEY	MAX	NOKEY
1447785252016	0	lts_1117L_31_01	31	01	0	434	1	1	1	Hit	412	1-13/AARTIHAN5.jpg	AARTIHAN5.jpg	SPACE	452	SPACE
1447785255091	0	lts_1117L_31_01	31	01	0	435	0	0	0	CR	MAX	26687325.thl.jpg	26687325.thl.jpg	NOKEY	MAX	NOKEY
1447785258165	0	lts_1117L_31_01	31	01	0	436	0	0	0	CR	MAX	AKNIFECOL.jpg	AKNIFECOL.jpg	NOKEY	MAX	NOKEY
1447785261256	0	lts_1117L_31_01	31	01	0	437	0	0	0	CR	MAX	2/AANTTRUCK.jpg	AANTTRUCK.jpg	NOKEY	MAX	NOKEY
1447785264331	0	lts_1117L_31_01	31	01	0	438	0	0	0	CR	MAX	ASAFE.jpg	ASAFE.jpg	NOKEY	MAX	NOKEY
1447785265266	0	lts_1117L_31_01	31	01	0	439	2	1	1	Hit	457	2-4/AANTTRUCK.jpg	AANTTRUCK.jpg	SPACE	501	SPACE
1447785268341	0	lts_1117L_31_01	31	01	0	440	0	0	0	CR	MAX	2/22852560.thl.jpg	22852560.thl.jpg	NOKEY	MAX	NOKEY
1447785269744	0	lts_1117L_31_01	31	01	0	441	0	0	1	FA	932	AWASHOPEN.jpg	AWASHOPEN.jpg	SPACE	969	NOKEY
1447785270797	0	lts_1117L_31_01	31	01	0	442	2	1	1	Hit	578	2-10/22852560.thl.jpg	22852560.thl.jpg	SPACE	618	SPACE
1447785273871	0	lts_1117L_31_01	31	01	0	443	0	0	0	CR	MAX	AWINTGLO3.jpg	AWINTGLO3.jpg	NOKEY	MAX	NOKEY
1447785276945	0	lts_1117L_31_01	31	01	0	444	0	0	0	CR	MAX	2/Acomputer9.jpg	Acomputer9.jpg	NOKEY	MAX	NOKEY
1447785280020	0	lts_1117L_31_01	31	01	0	445	0	0	0	CR	MAX	AGRILL3.jpg	AGRILL3.jpg	NOKEY	MAX	NOKEY
1447785281039	0	lts_1117L_31_01	31	01	0	446	2	1	1	Hit	540	2-13/Acomputer9.jpg	Acomputer9.jpg	SPACE	585	SPACE
1447785284113	0	lts_1117L_31_01	31	01	0	447	0	0	0	CR	MAX	Adayplanner.jpg	Adayplanner.jpg	NOKEY	MAX	NOKEY
1447785285200	0	lts_1117L_31_01	31	01	0	448	32	1	1	Hit	603	32-4/ATAPEDIS7.jpg	ATAPEDIS7.jpg	SPACE	651	SPACE
1447785288274	0	lts_1117L_31_01	31	01	0	449	0	0	0	CR	MAX	ASKIHOLD.jpg	ASKIHOLD.jpg	NOKEY	MAX	NOKEY
1447785312451	0	lts_1117L_31_01	31	01	1	0	0	0	0	CR	MAX	ABANJO5.jpg	ABANJO5.jpg	NOKEY	MAX	NOKEY
1447785315526	0	lts_1117L_31_01	31	01	1	1	0	0	0	CR	MAX	Asaltgrinder.jpg	Asaltgrinder.jpg	NOKEY	MAX	NOKEY
1447785318600	0	lts_1117L_31_01	31	01	1	2	0	0	0	CR	MAX	Aantelope2.jpg	Aantelope2.jpg	NOKEY	MAX	NOKEY
1447785321674	0	lts_1117L_31_01	31	01	1	3	0	0	0	CR	MAX	26464872.thl.jpg	26464872.thl.jpg	NOKEY	MAX	NOKEY
1447785324748	0	lts_1117L_31_01	31	01	1	4	0	0	0	CR	MAX	2/ADINGHY.jpg	ADINGHY.jpg	NOKEY	MAX	NOKEY
1447785327823	0	lts_1117L_31_01	31	01	1	5	0	0	0	CR	MAX	10049257.thl.jpg	10049257.thl.jpg	NOKEY	MAX	NOKEY
1447785328925	0	lts_1117L_31_01	31	01	1	6	2	1	1	Hit	631	2-8/ADINGHY.jpg	ADINGHY.jpg	SPACE	669	SPACE
1447785332000	0	lts_1117L_31_01	31	01	1	7	0	0	0	CR	MAX	26437107.thl.jpg	26437107.thl.jpg	NOKEY	MAX	NOKEY
1447785335074	0	lts_1117L_31_01	31	01	1	8	0	0	0	CR	MAX	8/Afeatherdust2.jpg	Afeatherdust2.jpg	NOKEY	MAX	NOKEY
1447785338149	0	lts_1117L_31_01	31	01	1	9	0	0	0	CR	MAX	ASTEPPER.jpg	ASTEPPER.jpg	NOKEY	MAX	NOKEY
1447785341223	0	lts_1117L_31_01	31	01	1	10	0	0	0	CR	MAX	AFENCIN50.jpg	AFENCIN50.jpg	NOKEY	MAX	NOKEY
1447785344297	0	lts_1117L_31_01	31	01	1	11	0	0	0	CR	MAX	2/AHEARTSPO.jpg	AHEARTSPO.jpg	NOKEY	MAX	NOKEY
1447785347372	0	lts_1117L_31_01	31	01	1	12	0	0	0	CR	MAX	ABEDROOM8.jpg	ABEDROOM8.jpg	NOKEY	MAX	NOKEY
1447785348859	0	lts_1117L_31_01	31	01	1	13	2	1	1	Hit	1015	2-6/AHEARTSPO.jpg	AHEARTSPO.jpg	SPACE	1053	SPACE
1447785351933	0	lts_1117L_31_01	31	01	1	14	0	0	0	CR	MAX	26439074.thl.jpg	26439074.thl.jpg	NOKEY	MAX	NOKEY
1447785355009	0	lts_1117L_31_01	31	01	1	15	0	0	0	CR	MAX	26684634.thl.jpg	26684634.thl.jpg	NOKEY	MAX	NOKEY
1447785356344	0	lts_1117L_31_01	31	01	1	16	8	1	1	Hit	854	8-first/Afeatherdust2.jpg	Afeatherdust2.jpg	SPACE	902	SPACE
1447785359419	0	lts_1117L_31_01	31	01	1	17	0	0	0	CR	MAX	1/23076640.thl.jpg	23076640.thl.jpg	NOKEY	MAX	NOKEY
1447785360304	0	lts_1117L_31_01	31	01	1	18	1	1	1	Hit	400	1-1/23076640.thl.jpg	23076640.thl.jpg	SPACE	451	SPACE
1447785363379	0	lts_1117L_31_01	31	01	1	19	0	0	0	CR	MAX	23071000.thl.jpg	23071000.thl.jpg	NOKEY	MAX	NOKEY
1447785364431	0	lts_1117L_31_01	31	01	1	20	4	1	1	Hit	568	4-mul/Afeatherdust2.jpg	Afeatherdust2.jpg	SPACE	618	SPACE
1447785367522	0	lts_1117L_31_01	31	01	1	21	0	0	0	CR	MAX	16/Agiraffe15.jpg	Agiraffe15.jpg	NOKEY	MAX	NOKEY
1447785370614	0	lts_1117L_31_01	31	01	1	22	0	0	0	CR	MAX	Ajar33.jpg	Ajar33.jpg	NOKEY	MAX	NOKEY
1447785373688	0	lts_1117L_31_01	31	01	1	23	0	0	0	CR	MAX	A3leafcl4.jpg	A3leafcl4.jpg	NOKEY	MAX	NOKEY
1447785376762	0	lts_1117L_31_01	31	01	1	24	0	0	0	CR	MAX	4/Aplastictestt.jpg	Aplastictestt.jpg	NOKEY	MAX	NOKEY
1447785379836	0	lts_1117L_31_01	31	01	1	25	0	0	0	CR	MAX	Astackingtoy2.jpg	Astackingtoy2.jpg	NOKEY	MAX	NOKEY
1447785382927	0	lts_1117L_31_01	31	01	1	26	0	0	0	CR	MAX	Alaundrybask2.jpg	Alaundrybask2.jpg	NOKEY	MAX	NOKEY
1447785386003	0	lts_1117L_31_01	31	01	1	27	0	0	0	CR	MAX	lightsaber.jpg	lightsaber.jpg	NOKEY	MAX	NOKEY
1447785389076	0	lts_1117L_31_01	31	01	1	28	4	1	0	Miss	MAX	4-12/Aplastictestt.jpg	Aplastictestt.jpg	NOKEY	MAX	SPACE
1447785392150	0	lts_1117L_31_01	31	01	1	29	0	0	0	CR	MAX	AHEATDUCT.jpg	AHEATDUCT.jpg	NOKEY	MAX	NOKEY
1447785395225	0	lts_1117L_31_01	31	01	1	30	0	0	0	CR	MAX	2/8022057.thl.jpg	8022057.thl.jpg	NOKEY	MAX	NOKEY
1447785398299	0	lts_1117L_31_01	31	01	1	31	0	0	0	CR	MAX	64/funlamp.jpg	funlamp.jpg	NOKEY	MAX	NOKEY
1447785399603	0	lts_1117L_31_01	31	01	1	32	2	1	1	Hit	828	2-0/8022057.thl.jpg	8022057.thl.jpg	SPACE	869	SPACE
1447785402677	0	lts_1117L_31_01	31	01	1	33	0	0	0	CR	MAX	1/8061236.thl.jpg	8061236.thl.jpg	NOKEY	MAX	NOKEY
1447785403546	0	lts_1117L_31_01	31	01	1	34	1	1	1	Hit	387	1-2/8061236.thl.jpg	8061236.thl.jpg	SPACE	435	SPACE
1447785406620	0	lts_1117L_31_01	31	01	1	35	0	0	0	CR	MAX	4/ABROWCONT.jpg	ABROWCONT.jpg	NOKEY	MAX	NOKEY
1447785409694	0	lts_1117L_31_01	31	01	1	36	0	0	0	CR	MAX	ASALINES5.jpg	ASALINES5.jpg	NOKEY	MAX	NOKEY
1447785410714	0	lts_1117L_31_01	31	01	1	37	16	1	1	Hit	544	16-first/Agiraffe15.jpg	Agiraffe15.jpg	SPACE	585	SPACE
1447785413788	0	lts_1117L_31_01	31	01	1	38	0	0	0	CR	MAX	32/cigarette03.jpg	cigarette03.jpg	NOKEY	MAX	NOKEY
1447785414891	0	lts_1117L_31_01	31	01	1	39	4	1	1	Hit	632	4-1/ABROWCONT.jpg	ABROWCONT.jpg	SPACE	669	SPACE
1447785417965	0	lts_1117L_31_01	31	01	1	40	0	0	0	CR	MAX	26418799.thl.jpg	26418799.thl.jpg	NOKEY	MAX	NOKEY
1447785421039	0	lts_1117L_31_01	31	01	1	41	0	0	0	CR	MAX	AGARLICCO.jpg	AGARLICCO.jpg	NOKEY	MAX	NOKEY
1447785424131	0	lts_1117L_31_01	31	01	1	42	0	0	0	CR	MAX	2/8255981.thl.jpg	8255981.thl.jpg	NOKEY	MAX	NOKEY
1447785427205	0	lts_1117L_31_01	31	01	1	43	0	0	0	CR	MAX	APHONEFA2.jpg	APHONEFA2.jpg	NOKEY	MAX	NOKEY
1447785428124	0	lts_1117L_31_01	31	01	1	44	2	1	1	Hit	447	2-10/8255981.thl.jpg	8255981.thl.jpg	SPACE	484	SPACE
1447785431198	0	lts_1117L_31_01	31	01	1	45	0	0	0	CR	MAX	petfood.jpg	petfood.jpg	NOKEY	MAX	NOKEY
1447785434273	0	lts_1117L_31_01	31	01	1	46	0	0	0	CR	MAX	128/ABRIDGE3.jpg	ABRIDGE3.jpg	NOKEY	MAX	NOKEY
1447785437347	0	lts_1117L_31_01	31	01	1	47	0	0	0	CR	MAX	32/22855536.thl.jpg	22855536.thl.jpg	NOKEY	MAX	NOKEY
1447785440421	0	lts_1117L_31_01	31	01	1	48	0	0	0	CR	MAX	2/Abinder6.jpg	Abinder6.jpg	NOKEY	MAX	NOKEY
1447785443496	0	lts_1117L_31_01	31	01	1	49	0	0	0	CR	MAX	ARAILLIGH.jpg	ARAILLIGH.jpg	NOKEY	MAX	NOKEY
1447785444432	0	lts_1117L_31_01	31	01	1	50	2	1	1	Hit	451	2-4/Abinder6.jpg	Abinder6.jpg	SPACE	501	SPACE
1447785447506	0	lts_1117L_31_01	31	01	1	51	0	0	0	CR	MAX	8/ABREAD.jpg	ABREAD.jpg	NOKEY	MAX	NOKEY
1447785450580	0	lts_1117L_31_01	31	01	1	52	0	0	0	CR	MAX	locomotive.jpg	locomotive.jpg	NOKEY	MAX	NOKEY
1447785451566	0	lts_1117L_31_01	31	01	1	53	16	1	1	Hit	506	16-mul/Agiraffe15.jpg	Agiraffe15.jpg	SPACE	551	SPACE
1447785454640	0	lts_1117L_31_01	31	01	1	54	0	0	0	CR	MAX	1/26425788.thl.jpg	26425788.thl.jpg	NOKEY	MAX	NOKEY
1447785455526	0	lts_1117L_31_01	31	01	1	55	1	1	1	Hit	406	1-10/26425788.thl.jpg	26425788.thl.jpg	SPACE	451	SPACE
1447785458600	0	lts_1117L_31_01	31	01	1	56	0	0	0	CR	MAX	Aradio24.jpg	Aradio24.jpg	NOKEY	MAX	NOKEY
1447785461691	0	lts_1117L_31_01	31	01	1	57	0	0	0	CR	MAX	ASHOULDE4.jpg	ASHOULDE4.jpg	NOKEY	MAX	NOKEY
1447785464765	0	lts_1117L_31_01	31	01	1	58	0	0	0	CR	MAX	Atool152.jpg	Atool152.jpg	NOKEY	MAX	NOKEY
1447785465902	0	lts_1117L_31_01	31	01	1	59	8	1	1	Hit	657	8-first/ABREAD.jpg	ABREAD.jpg	SPACE	702	SPACE
1447785468993	0	lts_1117L_31_01	31	01	1	60	0	0	0	CR	MAX	128/Ajoystick10.jpg	Ajoystick10.jpg	NOKEY	MAX	NOKEY
1447785472067	0	lts_1117L_31_01	31	01	1	61	0	0	0	CR	MAX	32/26372465.thl.jpg	26372465.thl.jpg	NOKEY	MAX	NOKEY
1447785475142	0	lts_1117L_31_01	31	01	1	62	0	0	0	CR	MAX	Acatheter.jpg	Acatheter.jpg	NOKEY	MAX	NOKEY
1447785477214	0	lts_1117L_31_01	31	01	1	63	00	1	1	Hit	1598	00-across/Aruler12.jpg	Aruler12.jpg	SPACE	1637	SPACE
1447785480288	0	lts_1117L_31_01	31	01	1	64	0	0	0	CR	MAX	bobbypins.JPG	bobbypins.JPG	NOKEY	MAX	NOKEY
1447785483362	0	lts_1117L_31_01	31	01	1	65	0	0	0	CR	MAX	ASHAVING9.jpg	ASHAVING9.jpg	NOKEY	MAX	NOKEY
1447785486437	0	lts_1117L_31_01	31	01	1	66	0	0	0	CR	MAX	22949719.thl.jpg	22949719.thl.jpg	NOKEY	MAX	NOKEY
1447785489511	0	lts_1117L_31_01	31	01	1	67	0	0	0	CR	MAX	ABONGO3.jpg	ABONGO3.jpg	NOKEY	MAX	NOKEY
1447785492585	0	lts_1117L_31_01	31	01	1	68	0	0	0	CR	MAX	4/26424133.thl.jpg	26424133.thl.jpg	NOKEY	MAX	NOKEY
1447785495660	0	lts_1117L_31_01	31	01	1	69	0	0	0	CR	MAX	32/AFLUTE6.jpg	AFLUTE6.jpg	NOKEY	MAX	NOKEY
1447785496679	0	lts_1117L_31_01	31	01	1	70	32	1	1	Hit	546	32-8/cigarette03.jpg	cigarette03.jpg	SPACE	585	SPACE
1447785499753	0	lts_1117L_31_01	31	01	1	71	0	0	0	CR	MAX	26443034.thl.jpg	26443034.thl.jpg	NOKEY	MAX	NOKEY
1447785500923	0	lts_1117L_31_01	31	01	1	72	4	1	1	Hit	685	4-5/26424133.thl.jpg	26424133.thl.jpg	SPACE	735	SPACE
1447785503997	0	lts_1117L_31_01	31	01	1	73	0	0	0	CR	MAX	Aconcreteblo3.jpg	Aconcreteblo3.jpg	NOKEY	MAX	NOKEY
1447785507072	0	lts_1117L_31_01	31	01	1	74	0	0	0	CR	MAX	candy3.jpg	candy3.jpg	NOKEY	MAX	NOKEY
1447785508074	0	lts_1117L_31_01	31	01	1	75	16	1	1	Hit	527	16-mul/ABREAD.jpg	ABREAD.jpg	SPACE	568	SPACE
1447785511148	0	lts_1117L_31_01	31	01	1	76	0	0	0	CR	MAX	AFISHHOO9.jpg	AFISHHOO9.jpg	NOKEY	MAX	NOKEY
1447785514223	0	lts_1117L_31_01	31	01	1	77	0	0	0	CR	MAX	32/23016343.thl.jpg	23016343.thl.jpg	NOKEY	MAX	NOKEY
1447785517297	0	lts_1117L_31_01	31	01	1	78	0	0	0	CR	MAX	AFIRSTA15.jpg	AFIRSTA15.jpg	NOKEY	MAX	NOKEY
1447785520372	0	lts_1117L_31_01	31	01	1	79	32	1	0	Miss	MAX	32-4/22855536.thl.jpg	22855536.thl.jpg	NOKEY	MAX	SPACE
1447785523446	0	lts_1117L_31_01	31	01	1	80	0	0	0	CR	MAX	4/gymbench.jpg	gymbench.jpg	NOKEY	MAX	NOKEY
1447785526520	0	lts_1117L_31_01	31	01	1	81	0	0	0	CR	MAX	128/22859028.thl.jpg	22859028.thl.jpg	NOKEY	MAX	NOKEY
1447785529595	0	lts_1117L_31_01	31	01	1	82	0	0	0	CR	MAX	26687944.thl.jpg	26687944.thl.jpg	NOKEY	MAX	NOKEY
1447785532669	0	lts_1117L_31_01	31	01	1	83	0	0	0	CR	MAX	Amagnifyinglo.jpg	Amagnifyinglo.jpg	NOKEY	MAX	NOKEY
1447785533788	0	lts_1117L_31_01	31	01	1	84	4	1	1	Hit	636	4-10/gymbench.jpg	gymbench.jpg	SPACE	686	SPACE
1447785536863	0	lts_1117L_31_01	31	01	1	85	0	0	0	CR	MAX	8255336.thl.jpg	8255336.thl.jpg	NOKEY	MAX	NOKEY
1447785539937	0	lts_1117L_31_01	31	01	1	86	0	0	0	CR	MAX	1/Acrackersandc.jpg	Acrackersandc.jpg	NOKEY	MAX	NOKEY
1447785540823	0	lts_1117L_31_01	31	01	1	87	1	1	1	Hit	412	1-9/Acrackersandc.jpg	Acrackersandc.jpg	SPACE	451	SPACE
1447785543897	0	lts_1117L_31_01	31	01	1	88	0	0	0	CR	MAX	26377183.thl.jpg	26377183.thl.jpg	NOKEY	MAX	NOKEY
1447785546971	0	lts_1117L_31_01	31	01	1	89	0	0	0	CR	MAX	16/ALUNCHBO3.jpg	ALUNCHBO3.jpg	NOKEY	MAX	NOKEY
1447785550046	0	lts_1117L_31_01	31	01	1	90	0	0	0	CR	MAX	sandcastle.jpg	sandcastle.jpg	NOKEY	MAX	NOKEY
1447785553120	0	lts_1117L_31_01	31	01	1	91	0	0	0	CR	MAX	ASTONHOU2.jpg	ASTONHOU2.jpg	NOKEY	MAX	NOKEY
1447785556211	0	lts_1117L_31_01	31	01	1	92	0	0	0	CR	MAX	32/driedbeans.jpg	driedbeans.jpg	NOKEY	MAX	NOKEY
1447785557448	0	lts_1117L_31_01	31	01	1	93	32	1	1	Hit	766	32-2/26372465.thl.jpg	26372465.thl.jpg	SPACE	802	SPACE
1447785560522	0	lts_1117L_31_01	31	01	1	94	0	0	0	CR	MAX	ATOOHOLDE.jpg	ATOOHOLDE.jpg	NOKEY	MAX	NOKEY
1447785563596	0	lts_1117L_31_01	31	01	1	95	64	1	0	Miss	MAX	64-first/funlamp.jpg	funlamp.jpg	NOKEY	MAX	SPACE
1447785566671	0	lts_1117L_31_01	31	01	1	96	0	0	0	CR	MAX	Asunflower3.jpg	Asunflower3.jpg	NOKEY	MAX	NOKEY
1447785569745	0	lts_1117L_31_01	31	01	1	97	0	0	0	CR	MAX	Abreadrolls.jpg	Abreadrolls.jpg	NOKEY	MAX	NOKEY
1447785572819	0	lts_1117L_31_01	31	01	1	98	0	0	0	CR	MAX	Aeastcho6.jpg	Aeastcho6.jpg	NOKEY	MAX	NOKEY
1447785575894	0	lts_1117L_31_01	31	01	1	99	00	1	0	Miss	MAX	00-across/Abeermug11.jpg	Abeermug11.jpg	NOKEY	MAX	SPACE
1447785578968	0	lts_1117L_31_01	31	01	1	100	0	0	0	CR	MAX	Acatstatue3.jpg	Acatstatue3.jpg	NOKEY	MAX	NOKEY
1447785580606	0	lts_1117L_31_01	31	01	1	101	32	1	1	Hit	1159	32-3/AFLUTE6.jpg	AFLUTE6.jpg	SPACE	1203	SPACE
1447785583680	0	lts_1117L_31_01	31	01	1	102	0	0	0	CR	MAX	16/AHONEYSTI.jpg	AHONEYSTI.jpg	NOKEY	MAX	NOKEY
1447785586754	0	lts_1117L_31_01	31	01	1	103	0	0	0	CR	MAX	APARKMET6.jpg	APARKMET6.jpg	NOKEY	MAX	NOKEY
1447785589829	0	lts_1117L_31_01	31	01	1	104	0	0	0	CR	MAX	128/26428576.thl.jpg	26428576.thl.jpg	NOKEY	MAX	NOKEY
1447785590915	0	lts_1117L_31_01	31	01	1	105	16	1	1	Hit	610	16-0/ALUNCHBO3.jpg	ALUNCHBO3.jpg	SPACE	652	SPACE
1447785593989	0	lts_1117L_31_01	31	01	1	106	0	0	0	CR	MAX	Axmastre5.jpg	Axmastre5.jpg	NOKEY	MAX	NOKEY
1447785597063	0	lts_1117L_31_01	31	01	1	107	0	0	0	CR	MAX	ATOMATOSA.jpg	ATOMATOSA.jpg	NOKEY	MAX	NOKEY
1447785600138	0	lts_1117L_31_01	31	01	1	108	0	0	0	CR	MAX	Afusehousing.jpg	Afusehousing.jpg	NOKEY	MAX	NOKEY
1447785601241	0	lts_1117L_31_01	31	01	1	109	32	1	1	Hit	618	32-6/23016343.thl.jpg	23016343.thl.jpg	SPACE	669	SPACE
1447785604315	0	lts_1117L_31_01	31	01	1	110	0	0	0	CR	MAX	Agluegun.jpg	Agluegun.jpg	NOKEY	MAX	NOKEY
1447785605435	0	lts_1117L_31_01	31	01	1	111	16	1	1	Hit	640	16-mul/funlamp.jpg	funlamp.jpg	SPACE	684	SPACE
1447785608509	0	lts_1117L_31_01	31	01	1	112	0	0	0	CR	MAX	Acrib12.jpg	Acrib12.jpg	NOKEY	MAX	NOKEY
1447785611583	0	lts_1117L_31_01	31	01	1	113	0	0	0	CR	MAX	Areceptacle3.jpg	Areceptacle3.jpg	NOKEY	MAX	NOKEY
1447785614657	0	lts_1117L_31_01	31	01	1	114	0	0	0	CR	MAX	16/driedbananaslides.jpg	driedbananaslides.jpg	NOKEY	MAX	NOKEY
1447785615944	0	lts_1117L_31_01	31	01	1	115	00	1	1	Hit	817	00-across/D_exercisebike.jpg	D_exercisebike.jpg	SPACE	852	SPACE
1447785619018	0	lts_1117L_31_01	31	01	1	116	0	0	0	CR	MAX	8080484.thl.jpg	8080484.thl.jpg	NOKEY	MAX	NOKEY
1447785622093	0	lts_1117L_31_01	31	01	1	117	0	0	0	CR	MAX	16/Ayoungbobcat.jpg	Ayoungbobcat.jpg	NOKEY	MAX	NOKEY
1447785623196	0	lts_1117L_31_01	31	01	1	118	16	1	1	Hit	631	16-first/AHONEYSTI.jpg	AHONEYSTI.jpg	SPACE	669	SPACE
1447785626270	0	lts_1117L_31_01	31	01	1	119	0	0	0	CR	MAX	ATALSTAN3.jpg	ATALSTAN3.jpg	NOKEY	MAX	NOKEY
1447785629361	0	lts_1117L_31_01	31	01	1	120	0	0	0	CR	MAX	ANECTARI3.jpg	ANECTARI3.jpg	NOKEY	MAX	NOKEY
1447785632435	0	lts_1117L_31_01	31	01	1	121	0	0	0	CR	MAX	ANAPRINGS.jpg	ANAPRINGS.jpg	NOKEY	MAX	NOKEY
1447785633438	0	lts_1117L_31_01	31	01	1	122	4	1	1	Hit	522	4-mul/AHONEYSTI.jpg	AHONEYSTI.jpg	SPACE	568	SPACE
1447785636512	0	lts_1117L_31_01	31	01	1	123	0	0	0	CR	MAX	AMANJUI2.jpg	AMANJUI2.jpg	NOKEY	MAX	NOKEY
1447785639586	0	lts_1117L_31_01	31	01	1	124	32	1	0	Miss	MAX	32-0/driedbeans.jpg	driedbeans.jpg	NOKEY	MAX	SPACE
1447785642661	0	lts_1117L_31_01	31	01	1	125	0	0	0	CR	MAX	Adicecupandb5.jpg	Adicecupandb5.jpg	NOKEY	MAX	NOKEY
1447785645735	0	lts_1117L_31_01	31	01	1	126	0	0	0	CR	MAX	2/ACLAM.jpg	ACLAM.jpg	NOKEY	MAX	NOKEY
1447785648810	0	lts_1117L_31_01	31	01	1	127	0	0	0	CR	MAX	AHOSPCAR3.jpg	AHOSPCAR3.jpg	NOKEY	MAX	NOKEY
1447785649862	0	lts_1117L_31_01	31	01	1	128	2	1	1	Hit	574	2-11/ACLAM.jpg	ACLAM.jpg	SPACE	619	SPACE
1447785652937	0	lts_1117L_31_01	31	01	1	129	0	0	0	CR	MAX	ACOWBELL6.jpg	ACOWBELL6.jpg	NOKEY	MAX	NOKEY
1447785654691	0	lts_1117L_31_01	31	01	1	130	16	1	1	Hit	1280	16-1/driedbananaslides.jpg	driedbananaslides.jpg	SPACE	1320	SPACE
1447785657782	0	lts_1117L_31_01	31	01	1	131	0	0	0	CR	MAX	ALIONWALK.jpg	ALIONWALK.jpg	NOKEY	MAX	NOKEY
1447785660856	0	lts_1117L_31_01	31	01	1	132	0	0	0	CR	MAX	hulk.jpg	hulk.jpg	NOKEY	MAX	NOKEY
1447785661976	0	lts_1117L_31_01	31	01	1	133	16	1	1	Hit	645	16-first/Ayoungbobcat.jpg	Ayoungbobcat.jpg	SPACE	685	SPACE
1447785665050	0	lts_1117L_31_01	31	01	1	134	0	0	0	CR	MAX	strawberrytart.jpg	strawberrytart.jpg	NOKEY	MAX	NOKEY
1447785665953	0	lts_1117L_31_01	31	01	1	135	2	1	1	Hit	418	2-mul/Ayoungbobcat.jpg	Ayoungbobcat.jpg	SPACE	468	SPACE
1447785669027	0	lts_1117L_31_01	31	01	1	136	0	0	0	CR	MAX	26432175.thl.jpg	26432175.thl.jpg	NOKEY	MAX	NOKEY
1447785672101	0	lts_1117L_31_01	31	01	1	137	0	0	0	CR	MAX	Apaintroller3.jpg	Apaintroller3.jpg	NOKEY	MAX	NOKEY
1447785675176	0	lts_1117L_31_01	31	01	1	138	0	0	0	CR	MAX	Ahandbag50.jpg	Ahandbag50.jpg	NOKEY	MAX	NOKEY
1447785678250	0	lts_1117L_31_01	31	01	1	139	0	0	0	CR	MAX	ACURLRIB2.jpg	ACURLRIB2.jpg	NOKEY	MAX	NOKEY
1447785681325	0	lts_1117L_31_01	31	01	1	140	00	1	0	Miss	MAX	00-across/AMECHHAN3.jpg	AMECHHAN3.jpg	NOKEY	MAX	SPACE
1447785684399	0	lts_1117L_31_01	31	01	1	141	0	0	0	CR	MAX	2/Apizzadoughin.jpg	Apizzadoughin.jpg	NOKEY	MAX	NOKEY
1447785687473	0	lts_1117L_31_01	31	01	1	142	0	0	0	CR	MAX	AANALCIME.jpg	AANALCIME.jpg	NOKEY	MAX	NOKEY
1447785688676	0	lts_1117L_31_01	31	01	1	143	2	1	1	Hit	726	2-1/Apizzadoughin.jpg	Apizzadoughin.jpg	SPACE	768	SPACE
1447785691750	0	lts_1117L_31_01	31	01	1	144	0	0	0	CR	MAX	Alifebuo3.jpg	Alifebuo3.jpg	NOKEY	MAX	NOKEY
1447785693505	0	lts_1117L_31_01	31	01	1	145	0	0	1	FA	1277	Abasket108.jpg	Abasket108.jpg	SPACE	1320	NOKEY
1447785696596	0	lts_1117L_31_01	31	01	1	146	0	0	0	CR	MAX	8081398.thl.jpg	8081398.thl.jpg	NOKEY	MAX	NOKEY
1447785697749	0	lts_1117L_31_01	31	01	1	147	00	1	1	Hit	679	00-across/juicebox.jpg	juicebox.jpg	SPACE	719	SPACE
1447785700823	0	lts_1117L_31_01	31	01	1	148	0	0	0	CR	MAX	patioheater.jpg	patioheater.jpg	NOKEY	MAX	NOKEY
1447785702227	0	lts_1117L_31_01	31	01	1	149	0	0	1	FA	929	26393373.thl.jpg	26393373.thl.jpg	SPACE	969	NOKEY
1447785705301	0	lts_1117L_31_01	31	01	1	150	0	0	0	CR	MAX	mickeycap.jpg	mickeycap.jpg	NOKEY	MAX	NOKEY
1447785708376	0	lts_1117L_31_01	31	01	1	151	0	0	0	CR	MAX	1/Awhistl15.jpg	Awhistl15.jpg	NOKEY	MAX	NOKEY
1447785709378	0	lts_1117L_31_01	31	01	1	152	1	1	1	Hit	525	1-11/Awhistl15.jpg	Awhistl15.jpg	SPACE	568	SPACE
1447785712453	0	lts_1117L_31_01	31	01	1	153	0	0	0	CR	MAX	26686595.thl.jpg	26686595.thl.jpg	NOKEY	MAX	NOKEY
1447785713722	0	lts_1117L_31_01	31	01	1	154	0	0	1	FA	797	ABACKHOE2.jpg	ABACKHOE2.jpg	SPACE	835	NOKEY
1447785716796	0	lts_1117L_31_01	31	01	1	155	0	0	0	CR	MAX	128/AMIXER1.jpg	AMIXER1.jpg	NOKEY	MAX	NOKEY
1447785719871	0	lts_1117L_31_01	31	01	1	156	0	0	0	CR	MAX	AGARBIN.jpg	AGARBIN.jpg	NOKEY	MAX	NOKEY
1447785721141	0	lts_1117L_31_01	31	01	1	157	0	0	1	FA	792	64/Achest20.jpg	Achest20.jpg	SPACE	836	NOKEY
1447785724215	0	lts_1117L_31_01	31	01	1	158	0	0	0	CR	MAX	1/26424973.thl.jpg	26424973.thl.jpg	NOKEY	MAX	NOKEY
1447785725251	0	lts_1117L_31_01	31	01	1	159	1	1	1	Hit	555	1-5/26424973.thl.jpg	26424973.thl.jpg	SPACE	601	SPACE
1447785728325	0	lts_1117L_31_01	31	01	1	160	0	0	0	CR	MAX	16/Awatch28.jpg	Awatch28.jpg	NOKEY	MAX	NOKEY
1447785731400	0	lts_1117L_31_01	31	01	1	161	0	0	0	CR	MAX	2/Apowerbar7.jpg	Apowerbar7.jpg	NOKEY	MAX	NOKEY
1447785734474	0	lts_1117L_31_01	31	01	1	162	0	0	0	CR	MAX	128/whiteboard.jpg	whiteboard.jpg	NOKEY	MAX	NOKEY
1447785735560	0	lts_1117L_31_01	31	01	1	163	2	1	1	Hit	617	2-7/Apowerbar7.jpg	Apowerbar7.jpg	SPACE	651	SPACE
1447785738634	0	lts_1117L_31_01	31	01	1	164	0	0	0	CR	MAX	Aglass58.jpg	Aglass58.jpg	NOKEY	MAX	NOKEY
1447785741709	0	lts_1117L_31_01	31	01	1	165	0	0	0	CR	MAX	ABUDDHA18.jpg	ABUDDHA18.jpg	NOKEY	MAX	NOKEY
1447785744783	0	lts_1117L_31_01	31	01	1	166	0	0	0	CR	MAX	2/ASEWINGT4.jpg	ASEWINGT4.jpg	NOKEY	MAX	NOKEY
1447785747858	0	lts_1117L_31_01	31	01	1	167	0	0	0	CR	MAX	32/26688546.thl.jpg	26688546.thl.jpg	NOKEY	MAX	NOKEY
1447785749094	0	lts_1117L_31_01	31	01	1	168	2	1	1	Hit	762	2-13/ASEWINGT4.jpg	ASEWINGT4.jpg	SPACE	802	SPACE
1447785752168	0	lts_1117L_31_01	31	01	1	169	0	0	0	CR	MAX	22925624.thl.jpg	22925624.thl.jpg	NOKEY	MAX	NOKEY
1447785755326	0	lts_1117L_31_01	31	01	1	170	0	0	0	CR	MAX	Aham6.jpg	Aham6.jpg	NOKEY	MAX	NOKEY
1447785758401	0	lts_1117L_31_01	31	01	1	171	0	0	0	CR	MAX	Aoutdoorprop3.jpg	Aoutdoorprop3.jpg	NOKEY	MAX	NOKEY
1447785761475	0	lts_1117L_31_01	31	01	1	172	0	0	0	CR	MAX	8/ADART3.jpg	ADART3.jpg	NOKEY	MAX	NOKEY
1447785764549	0	lts_1117L_31_01	31	01	1	173	0	0	0	CR	MAX	AGOLDCUP6.jpg	AGOLDCUP6.jpg	NOKEY	MAX	NOKEY
1447785767624	0	lts_1117L_31_01	31	01	1	174	128	1	0	Miss	MAX	128-6/ABRIDGE3.jpg	ABRIDGE3.jpg	NOKEY	MAX	SPACE
1447785770698	0	lts_1117L_31_01	31	01	1	175	0	0	0	CR	MAX	ASHIRTSK2.jpg	ASHIRTSK2.jpg	NOKEY	MAX	NOKEY
1447785773772	0	lts_1117L_31_01	31	01	1	176	16	1	0	Miss	MAX	16-first/Awatch28.jpg	Awatch28.jpg	NOKEY	MAX	SPACE
1447785776847	0	lts_1117L_31_01	31	01	1	177	0	0	0	CR	MAX	AARTICHO1.jpg	AARTICHO1.jpg	NOKEY	MAX	NOKEY
1447785779921	0	lts_1117L_31_01	31	01	1	178	0	0	0	CR	MAX	Adracmask.jpg	Adracmask.jpg	NOKEY	MAX	NOKEY
1447785782996	0	lts_1117L_31_01	31	01	1	179	0	0	0	CR	MAX	Abicyclerepa3.jpg	Abicyclerepa3.jpg	NOKEY	MAX	NOKEY
1447785784148	0	lts_1117L_31_01	31	01	1	180	8	1	1	Hit	680	8-first/ADART3.jpg	ADART3.jpg	SPACE	718	SPACE
1447785787223	0	lts_1117L_31_01	31	01	1	181	0	0	0	CR	MAX	32/outdoorheater.jpg	outdoorheater.jpg	NOKEY	MAX	NOKEY
1447785790297	0	lts_1117L_31_01	31	01	1	182	0	0	0	CR	MAX	Hammock.jpg	Hammock.jpg	NOKEY	MAX	NOKEY
1447785793372	0	lts_1117L_31_01	31	01	1	183	0	0	0	CR	MAX	APICNICBL.jpg	APICNICBL.jpg	NOKEY	MAX	NOKEY
1447785794341	0	lts_1117L_31_01	31	01	1	184	4	1	1	Hit	495	4-mul/ADART3.jpg	ADART3.jpg	SPACE	535	SPACE
1447785797415	0	lts_1117L_31_01	31	01	1	185	0	0	0	CR	MAX	26377631.thl.jpg	26377631.thl.jpg	NOKEY	MAX	NOKEY
1447785800489	0	lts_1117L_31_01	31	01	1	186	0	0	0	CR	MAX	32/Ashovel8.jpg	Ashovel8.jpg	NOKEY	MAX	NOKEY
1447785803564	0	lts_1117L_31_01	31	01	1	187	0	0	0	CR	MAX	Achocolateice.jpg	Achocolateice.jpg	NOKEY	MAX	NOKEY
1447785806638	0	lts_1117L_31_01	31	01	1	188	128	1	0	Miss	MAX	128-5/Ajoystick10.jpg	Ajoystick10.jpg	NOKEY	MAX	SPACE
1447785809712	0	lts_1117L_31_01	31	01	1	189	0	0	0	CR	MAX	Agiraffetoy3.jpg	Agiraffetoy3.jpg	NOKEY	MAX	NOKEY
1447785812787	0	lts_1117L_31_01	31	01	1	190	0	0	0	CR	MAX	4/26428753.thl.jpg	26428753.thl.jpg	NOKEY	MAX	NOKEY
1447785815861	0	lts_1117L_31_01	31	01	1	191	0	0	0	CR	MAX	ABARREL3.jpg	ABARREL3.jpg	NOKEY	MAX	NOKEY
1447785816964	0	lts_1117L_31_01	31	01	1	192	16	1	1	Hit	622	16-mul/Awatch28.jpg	Awatch28.jpg	SPACE	668	SPACE
1447785820038	0	lts_1117L_31_01	31	01	1	193	0	0	0	CR	MAX	ASKIPROP2.jpg	ASKIPROP2.jpg	NOKEY	MAX	NOKEY
1447785821308	0	lts_1117L_31_01	31	01	1	194	4	1	1	Hit	793	4-4/26428753.thl.jpg	26428753.thl.jpg	SPACE	835	SPACE
1447785824383	0	lts_1117L_31_01	31	01	1	195	0	0	0	CR	MAX	1/Aonewaysign2.jpg	Aonewaysign2.jpg	NOKEY	MAX	NOKEY
1447785825235	0	lts_1117L_31_01	31	01	1	196	1	1	1	Hit	367	1-8/Aonewaysign2.jpg	Aonewaysign2.jpg	SPACE	418	SPACE
1447785828309	0	lts_1117L_31_01	31	01	1	197	0	0	0	CR	MAX	APBREAD2.jpg	APBREAD2.jpg	NOKEY	MAX	NOKEY
1447785831384	0	lts_1117L_31_01	31	01	1	198	0	0	0	CR	MAX	ASALTPEPP.jpg	ASALTPEPP.jpg	NOKEY	MAX	NOKEY
1447785832770	0	lts_1117L_31_01	31	01	1	199	32	1	1	Hit	911	32-9/26688546.thl.jpg	26688546.thl.jpg	SPACE	952	SPACE
1447785835844	0	lts_1117L_31_01	31	01	1	200	0	0	0	CR	MAX	128/ASPARKER2.jpg	ASPARKER2.jpg	NOKEY	MAX	NOKEY
1447785838919	0	lts_1117L_31_01	31	01	1	201	0	0	0	CR	MAX	AANTFRYI2.jpg	AANTFRYI2.jpg	NOKEY	MAX	NOKEY
1447785840389	0	lts_1117L_31_01	31	01	1	202	0	0	1	FA	997	ABLLIGHTB.jpg	ABLLIGHTB.jpg	SPACE	1036	NOKEY
1447785843463	0	lts_1117L_31_01	31	01	1	203	0	0	0	CR	MAX	ACHRIST14.jpg	ACHRIST14.jpg	NOKEY	MAX	NOKEY
1447785844783	0	lts_1117L_31_01	31	01	1	204	0	0	1	FA	846	Afan49.jpg	Afan49.jpg	SPACE	886	NOKEY
1447785847858	0	lts_1117L_31_01	31	01	1	205	00	1	0	Miss	MAX	00-across/Aspoonofsug11.jpg	Aspoonofsug11.jpg	NOKEY	MAX	SPACE
1447785850932	0	lts_1117L_31_01	31	01	1	206	0	0	0	CR	MAX	8245563.thl.jpg	8245563.thl.jpg	NOKEY	MAX	NOKEY
1447785854008	0	lts_1117L_31_01	31	01	1	207	0	0	0	CR	MAX	16/baseballbat04.jpg	baseballbat04.jpg	NOKEY	MAX	NOKEY
1447785857081	0	lts_1117L_31_01	31	01	1	208	0	0	0	CR	MAX	ABAMBCHAI.jpg	ABAMBCHAI.jpg	NOKEY	MAX	NOKEY
1447785858384	0	lts_1117L_31_01	31	01	1	209	128	1	1	Hit	824	128-2/22859028.thl.jpg	22859028.thl.jpg	SPACE	868	SPACE
1447785861459	0	lts_1117L_31_01	31	01	1	210	0	0	0	CR	MAX	26466347.thl.jpg	26466347.thl.jpg	NOKEY	MAX	NOKEY
1447785864533	0	lts_1117L_31_01	31	01	1	211	0	0	0	CR	MAX	4/Atennisball2.jpg	Atennisball2.jpg	NOKEY	MAX	NOKEY
1447785865886	0	lts_1117L_31_01	31	01	1	212	0	0	1	FA	884	Amonitor10.jpg	Amonitor10.jpg	SPACE	919	NOKEY
1447785867190	0	lts_1117L_31_01	31	01	1	213	32	1	1	Hit	832	32-5/outdoorheater.jpg	outdoorheater.jpg	SPACE	869	SPACE
1447785870264	0	lts_1117L_31_01	31	01	1	214	0	0	0	CR	MAX	16/gingerbreadcookie.jpg	gingerbreadcookie.jpg	NOKEY	MAX	NOKEY
1447785871751	0	lts_1117L_31_01	31	01	1	215	4	1	1	Hit	1016	4-0/Atennisball2.jpg	Atennisball2.jpg	SPACE	1052	SPACE
1447785874825	0	lts_1117L_31_01	31	01	1	216	0	0	0	CR	MAX	Aegyptianst20.jpg	Aegyptianst20.jpg	NOKEY	MAX	NOKEY
1447785877900	0	lts_1117L_31_01	31	01	1	217	0	0	0	CR	MAX	26687931.thl.jpg	26687931.thl.jpg	NOKEY	MAX	NOKEY
1447785878919	0	lts_1117L_31_01	31	01	1	218	32	1	1	Hit	535	32-1/Ashovel8.jpg	Ashovel8.jpg	SPACE	585	SPACE
1447785881993	0	lts_1117L_31_01	31	01	1	219	0	0	0	CR	MAX	Astadium.jpg	Astadium.jpg	NOKEY	MAX	NOKEY
1447785885084	0	lts_1117L_31_01	31	01	1	220	0	0	0	CR	MAX	AGUINEAP2.jpg	AGUINEAP2.jpg	NOKEY	MAX	NOKEY
1447785886137	0	lts_1117L_31_01	31	01	1	221	64	1	1	Hit	578	64-first/Achest20.jpg	Achest20.jpg	SPACE	618	SPACE
1447785889212	0	lts_1117L_31_01	31	01	1	222	0	0	0	CR	MAX	26424440.thl.jpg	26424440.thl.jpg	NOKEY	MAX	NOKEY
1447785890348	0	lts_1117L_31_01	31	01	1	223	16	1	1	Hit	656	16-first/baseballbat04.jpg	baseballbat04.jpg	SPACE	702	SPACE
1447785893422	0	lts_1117L_31_01	31	01	1	224	0	0	0	CR	MAX	64/AAT7.jpg	AAT7.jpg	NOKEY	MAX	NOKEY
1447785894358	0	lts_1117L_31_01	31	01	1	225	4	1	1	Hit	450	4-mul/Achest20.jpg	Achest20.jpg	SPACE	502	SPACE
1447785897432	0	lts_1117L_31_01	31	01	1	226	0	0	0	CR	MAX	ACANE2.jpg	ACANE2.jpg	NOKEY	MAX	NOKEY
1447785898518	0	lts_1117L_31_01	31	01	1	227	4	1	1	Hit	612	4-mul/baseballbat04.jpg	baseballbat04.jpg	SPACE	652	SPACE
1447785901592	0	lts_1117L_31_01	31	01	1	228	0	0	0	CR	MAX	Agardeningshe.jpg	Agardeningshe.jpg	NOKEY	MAX	NOKEY
1447785904667	0	lts_1117L_31_01	31	01	1	229	0	0	0	CR	MAX	AROOSTERP.jpg	AROOSTERP.jpg	NOKEY	MAX	NOKEY
1447785905753	0	lts_1117L_31_01	31	01	1	230	16	1	1	Hit	603	16-first/gingerbreadcookie.jpg	gingerbreadcookie.jpg	SPACE	652	SPACE
1447785908827	0	lts_1117L_31_01	31	01	1	231	0	0	0	CR	MAX	128/AKNEEBRA2.jpg	AKNEEBRA2.jpg	NOKEY	MAX	NOKEY
1447785910398	0	lts_1117L_31_01	31	01	1	232	128	1	1	Hit	1092	128-3/26428576.thl.jpg	26428576.thl.jpg	SPACE	1136	SPACE
1447785913472	0	lts_1117L_31_01	31	01	1	233	0	0	0	CR	MAX	8/26374787.thl.jpg	26374787.thl.jpg	NOKEY	MAX	NOKEY
1447785914458	0	lts_1117L_31_01	31	01	1	234	4	1	1	Hit	509	4-mul/gingerbreadcookie.jpg	gingerbreadcookie.jpg	SPACE	552	SPACE
1447785917532	0	lts_1117L_31_01	31	01	1	235	0	0	0	CR	MAX	26466258.thl.jpg	26466258.thl.jpg	NOKEY	MAX	NOKEY
1447785920606	0	lts_1117L_31_01	31	01	1	236	0	0	0	CR	MAX	26374605.thl.jpg	26374605.thl.jpg	NOKEY	MAX	NOKEY
1447785923681	0	lts_1117L_31_01	31	01	1	237	0	0	0	CR	MAX	64/celery.jpg	celery.jpg	NOKEY	MAX	NOKEY
1447785926755	0	lts_1117L_31_01	31	01	1	238	0	0	0	CR	MAX	ACHILDISH.jpg	ACHILDISH.jpg	NOKEY	MAX	NOKEY
1447785929830	0	lts_1117L_31_01	31	01	1	239	0	0	0	CR	MAX	AELECOMP2.jpg	AELECOMP2.jpg	NOKEY	MAX	NOKEY
1447785932904	0	lts_1117L_31_01	31	01	1	240	0	0	0	CR	MAX	AHIGCHAIR.jpg	AHIGCHAIR.jpg	NOKEY	MAX	NOKEY
1447785934040	0	lts_1117L_31_01	31	01	1	241	8	1	1	Hit	665	8-first/26374787.thl.jpg	26374787.thl.jpg	SPACE	701	SPACE
1447785937115	0	lts_1117L_31_01	31	01	1	242	0	0	0	CR	MAX	Atintelephone.jpg	Atintelephone.jpg	NOKEY	MAX	NOKEY
1447785938301	0	lts_1117L_31_01	31	01	1	243	00	1	1	Hit	707	00-across/ACONSTRU9.jpg	ACONSTRU9.jpg	SPACE	752	SPACE
1447785941375	0	lts_1117L_31_01	31	01	1	244	0	0	0	CR	MAX	ARELSCU49.jpg	ARELSCU49.jpg	NOKEY	MAX	NOKEY
1447785942428	0	lts_1117L_31_01	31	01	1	245	4	1	1	Hit	569	4-mul/26374787.thl.jpg	26374787.thl.jpg	SPACE	619	SPACE
1447785945502	0	lts_1117L_31_01	31	01	1	246	0	0	0	CR	MAX	ASECCAME3.jpg	ASECCAME3.jpg	NOKEY	MAX	NOKEY
1447785948576	0	lts_1117L_31_01	31	01	1	247	0	0	0	CR	MAX	Adecorativet3.jpg	Adecorativet3.jpg	NOKEY	MAX	NOKEY
1447785951651	0	lts_1117L_31_01	31	01	1	248	0	0	0	CR	MAX	Asword138.jpg	Asword138.jpg	NOKEY	MAX	NOKEY
1447785954725	0	lts_1117L_31_01	31	01	1	249	0	0	0	CR	MAX	4/ALAB2.jpg	ALAB2.jpg	NOKEY	MAX	NOKEY
1447785957800	0	lts_1117L_31_01	31	01	1	250	0	0	0	CR	MAX	mangosplitter.jpg	mangosplitter.jpg	NOKEY	MAX	NOKEY
1447785960874	0	lts_1117L_31_01	31	01	1	251	0	0	0	CR	MAX	AHYDRANTF.jpg	AHYDRANTF.jpg	NOKEY	MAX	NOKEY
1447785963949	0	lts_1117L_31_01	31	01	1	252	0	0	0	CR	MAX	8/AWEIGHTS8.jpg	AWEIGHTS8.jpg	NOKEY	MAX	NOKEY
1447785967023	0	lts_1117L_31_01	31	01	1	253	4	1	0	Miss	MAX	4-9/ALAB2.jpg	ALAB2.jpg	NOKEY	MAX	SPACE
1447785970097	0	lts_1117L_31_01	31	01	1	254	0	0	0	CR	MAX	Adog71.jpg	Adog71.jpg	NOKEY	MAX	NOKEY
1447785973172	0	lts_1117L_31_01	31	01	1	255	0	0	0	CR	MAX	2/razorscooter.jpg	razorscooter.jpg	NOKEY	MAX	NOKEY
1447785976246	0	lts_1117L_31_01	31	01	1	256	0	0	0	CR	MAX	8/26376346.thl.jpg	26376346.thl.jpg	NOKEY	MAX	NOKEY
1447785977349	0	lts_1117L_31_01	31	01	1	257	2	1	1	Hit	624	2-12/razorscooter.jpg	razorscooter.jpg	SPACE	668	SPACE
1447785980423	0	lts_1117L_31_01	31	01	1	258	0	0	0	CR	MAX	8048786.thl.jpg	8048786.thl.jpg	NOKEY	MAX	NOKEY
1447785983497	0	lts_1117L_31_01	31	01	1	259	0	0	0	CR	MAX	silver-bowl-small.jpg	silver-bowl-small.jpg	NOKEY	MAX	NOKEY
1447785984500	0	lts_1117L_31_01	31	01	1	260	8	1	1	Hit	521	8-first/AWEIGHTS8.jpg	AWEIGHTS8.jpg	SPACE	568	SPACE
1447785987574	0	lts_1117L_31_01	31	01	1	261	0	0	0	CR	MAX	Afish57.jpg	Afish57.jpg	NOKEY	MAX	NOKEY
1447785988610	0	lts_1117L_31_01	31	01	1	262	2	1	1	Hit	564	2-mul/AWEIGHTS8.jpg	AWEIGHTS8.jpg	SPACE	601	SPACE
1447785991685	0	lts_1117L_31_01	31	01	1	263	0	0	0	CR	MAX	Agroundhog.jpg	Agroundhog.jpg	NOKEY	MAX	NOKEY
1447785993188	0	lts_1117L_31_01	31	01	1	264	8	1	1	Hit	1031	8-first/26376346.thl.jpg	26376346.thl.jpg	SPACE	1069	SPACE
1447785996263	0	lts_1117L_31_01	31	01	1	265	0	0	0	CR	MAX	Atoyhelicopte.jpg	Atoyhelicopte.jpg	NOKEY	MAX	NOKEY
1447785997249	0	lts_1117L_31_01	31	01	1	266	2	1	1	Hit	514	2-mul/26376346.thl.jpg	26376346.thl.jpg	SPACE	552	SPACE
1447786000323	0	lts_1117L_31_01	31	01	1	267	0	0	0	CR	MAX	8/26422216.thl.jpg	26422216.thl.jpg	NOKEY	MAX	NOKEY
1447786003397	0	lts_1117L_31_01	31	01	1	268	0	0	0	CR	MAX	ABLAKPOT3.jpg	ABLAKPOT3.jpg	NOKEY	MAX	NOKEY
1447786006471	0	lts_1117L_31_01	31	01	1	269	0	0	0	CR	MAX	1/26451269.thl.jpg	26451269.thl.jpg	NOKEY	MAX	NOKEY
1447786007407	0	lts_1117L_31_01	31	01	1	270	1	1	1	Hit	455	1-3/26451269.thl.jpg	26451269.thl.jpg	SPACE	501	SPACE
1447786010481	0	lts_1117L_31_01	31	01	1	271	0	0	0	CR	MAX	Acarrot.jpg	Acarrot.jpg	NOKEY	MAX	NOKEY
1447786013556	0	lts_1117L_31_01	31	01	1	272	0	0	0	CR	MAX	Aornamentalt5.jpg	Aornamentalt5.jpg	NOKEY	MAX	NOKEY
1447786016647	0	lts_1117L_31_01	31	01	1	273	0	0	0	CR	MAX	AMOSQAMBE.jpg	AMOSQAMBE.jpg	NOKEY	MAX	NOKEY
1447786019721	0	lts_1117L_31_01	31	01	1	274	0	0	0	CR	MAX	Aclamp42.jpg	Aclamp42.jpg	NOKEY	MAX	NOKEY
1447786020891	0	lts_1117L_31_01	31	01	1	275	8	1	1	Hit	689	8-1/26422216.thl.jpg	26422216.thl.jpg	SPACE	735	SPACE
1447786023965	0	lts_1117L_31_01	31	01	1	276	0	0	0	CR	MAX	32/22826832.thl.jpg	22826832.thl.jpg	NOKEY	MAX	NOKEY
1447786027040	0	lts_1117L_31_01	31	01	1	277	0	0	0	CR	MAX	36407685.thl.jpg	36407685.thl.jpg	NOKEY	MAX	NOKEY
1447786030114	0	lts_1117L_31_01	31	01	1	278	0	0	0	CR	MAX	ABARROWRE.jpg	ABARROWRE.jpg	NOKEY	MAX	NOKEY
1447786033189	0	lts_1117L_31_01	31	01	1	279	0	0	0	CR	MAX	ALITTERB2.jpg	ALITTERB2.jpg	NOKEY	MAX	NOKEY
1447786036263	0	lts_1117L_31_01	31	01	1	280	0	0	0	CR	MAX	AMOUSETOY.jpg	AMOUSETOY.jpg	NOKEY	MAX	NOKEY
1447786039337	0	lts_1117L_31_01	31	01	1	281	0	0	0	CR	MAX	paintbrush03.jpg	paintbrush03.jpg	NOKEY	MAX	NOKEY
1447786042411	0	lts_1117L_31_01	31	01	1	282	0	0	0	CR	MAX	26375611.thl.jpg	26375611.thl.jpg	NOKEY	MAX	NOKEY
1447786045486	0	lts_1117L_31_01	31	01	1	283	128	1	0	Miss	MAX	128-4/AMIXER1.jpg	AMIXER1.jpg	NOKEY	MAX	SPACE
1447786048560	0	lts_1117L_31_01	31	01	1	284	0	0	0	CR	MAX	22826748.thl.jpg	22826748.thl.jpg	NOKEY	MAX	NOKEY
1447786051634	0	lts_1117L_31_01	31	01	1	285	0	0	0	CR	MAX	1/sardines.jpg	sardines.jpg	NOKEY	MAX	NOKEY
1447786052570	0	lts_1117L_31_01	31	01	1	286	1	1	1	Hit	457	1-4/sardines.jpg	sardines.jpg	SPACE	501	SPACE
1447786055645	0	lts_1117L_31_01	31	01	1	287	0	0	0	CR	MAX	ACUSHIO60.jpg	ACUSHIO60.jpg	NOKEY	MAX	NOKEY
1447786058719	0	lts_1117L_31_01	31	01	1	288	64	1	0	Miss	MAX	64-first/AAT7.jpg	AAT7.jpg	NOKEY	MAX	SPACE
1447786061793	0	lts_1117L_31_01	31	01	1	289	0	0	0	CR	MAX	64/AOLIVE.jpg	AOLIVE.jpg	NOKEY	MAX	NOKEY
1447786064868	0	lts_1117L_31_01	31	01	1	290	128	1	0	Miss	MAX	128-0/whiteboard.jpg	whiteboard.jpg	NOKEY	MAX	SPACE
1447786066171	0	lts_1117L_31_01	31	01	1	291	0	0	1	FA	833	ADIPPER6.jpg	ADIPPER6.jpg	SPACE	869	NOKEY
1447786067291	0	lts_1117L_31_01	31	01	1	292	4	1	1	Hit	634	4-mul/AAT7.jpg	AAT7.jpg	SPACE	685	SPACE
1447786070365	0	lts_1117L_31_01	31	01	1	293	0	0	0	CR	MAX	4/Acheque.jpg	Acheque.jpg	NOKEY	MAX	NOKEY
1447786073439	0	lts_1117L_31_01	31	01	1	294	0	0	0	CR	MAX	16/Afirealarm2.jpg	Afirealarm2.jpg	NOKEY	MAX	NOKEY
1447786076513	0	lts_1117L_31_01	31	01	1	295	0	0	0	CR	MAX	AFORKLIF2.jpg	AFORKLIF2.jpg	NOKEY	MAX	NOKEY
1447786079588	0	lts_1117L_31_01	31	01	1	296	0	0	0	CR	MAX	ABAGGROCE.jpg	ABAGGROCE.jpg	NOKEY	MAX	NOKEY
1447786080691	0	lts_1117L_31_01	31	01	1	297	4	1	1	Hit	626	4-7/Acheque.jpg	Acheque.jpg	SPACE	669	SPACE
1447786083765	0	lts_1117L_31_01	31	01	1	298	0	0	0	CR	MAX	1/Aflower103.jpg	Aflower103.jpg	NOKEY	MAX	NOKEY
1447786084650	0	lts_1117L_31_01	31	01	1	299	1	1	1	Hit	417	1-7/Aflower103.jpg	Aflower103.jpg	SPACE	452	SPACE
1447786087725	0	lts_1117L_31_01	31	01	1	300	0	0	0	CR	MAX	Akeyboard3.jpg	Akeyboard3.jpg	NOKEY	MAX	NOKEY
1447786088828	0	lts_1117L_31_01	31	01	1	301	64	1	1	Hit	632	64-first/celery.jpg	celery.jpg	SPACE	669	SPACE
1447786091902	0	lts_1117L_31_01	31	01	1	302	0	0	0	CR	MAX	Adigitalcamer.jpg	Adigitalcamer.jpg	NOKEY	MAX	NOKEY
1447786094977	0	lts_1117L_31_01	31	01	1	303	0	0	0	CR	MAX	22806086.thl.jpg	22806086.thl.jpg	NOKEY	MAX	NOKEY
1447786098051	0	lts_1117L_31_01	31	01	1	304	0	0	0	CR	MAX	26455183.thl.jpg	26455183.thl.jpg	NOKEY	MAX	NOKEY
1447786101125	0	lts_1117L_31_01	31	01	1	305	00	1	0	Miss	MAX	00-across/gymvaulting.jpg	gymvaulting.jpg	NOKEY	MAX	SPACE
1447786104200	0	lts_1117L_31_01	31	01	1	306	0	0	0	CR	MAX	64/8055181.thl.jpg	8055181.thl.jpg	NOKEY	MAX	NOKEY
1447786107274	0	lts_1117L_31_01	31	01	1	307	0	0	0	CR	MAX	Afox3.jpg	Afox3.jpg	NOKEY	MAX	NOKEY
1447786108393	0	lts_1117L_31_01	31	01	1	308	32	1	1	Hit	640	32-7/22826832.thl.jpg	22826832.thl.jpg	SPACE	685	SPACE
1447786111468	0	lts_1117L_31_01	31	01	1	309	0	0	0	CR	MAX	A_teabag.jpg	A_teabag.jpg	NOKEY	MAX	NOKEY
1447786112620	0	lts_1117L_31_01	31	01	1	310	16	1	1	Hit	675	16-first/Afirealarm2.jpg	Afirealarm2.jpg	SPACE	719	SPACE
1447786115695	0	lts_1117L_31_01	31	01	1	311	0	0	0	CR	MAX	1/AARMCHA25.jpg	AARMCHA25.jpg	NOKEY	MAX	NOKEY
1447786116580	0	lts_1117L_31_01	31	01	1	312	1	1	1	Hit	406	1-12/AARMCHA25.jpg	AARMCHA25.jpg	SPACE	452	SPACE
1447786119655	0	lts_1117L_31_01	31	01	1	313	0	0	0	CR	MAX	Afueltank11.jpg	Afueltank11.jpg	NOKEY	MAX	NOKEY
1447786122729	0	lts_1117L_31_01	31	01	1	314	0	0	0	CR	MAX	Abat5.jpg	Abat5.jpg	NOKEY	MAX	NOKEY
1447786125804	0	lts_1117L_31_01	31	01	1	315	0	0	0	CR	MAX	ipod01.jpg	ipod01.jpg	NOKEY	MAX	NOKEY
1447786128878	0	lts_1117L_31_01	31	01	1	316	0	0	0	CR	MAX	8/ATOILBAG2.jpg	ATOILBAG2.jpg	NOKEY	MAX	NOKEY
1447786129897	0	lts_1117L_31_01	31	01	1	317	16	1	1	Hit	545	16-mul/celery.jpg	celery.jpg	SPACE	584	SPACE
1447786132972	0	lts_1117L_31_01	31	01	1	318	0	0	0	CR	MAX	seesaw.jpg	seesaw.jpg	NOKEY	MAX	NOKEY
1447786136046	0	lts_1117L_31_01	31	01	1	319	0	0	0	CR	MAX	8079080.thl.jpg	8079080.thl.jpg	NOKEY	MAX	NOKEY
1447786139120	0	lts_1117L_31_01	31	01	1	320	0	0	0	CR	MAX	2/Apocketwatch.jpg	Apocketwatch.jpg	NOKEY	MAX	NOKEY
1447786142195	0	lts_1117L_31_01	31	01	1	321	0	0	0	CR	MAX	Aboxofstaples.jpg	Aboxofstaples.jpg	NOKEY	MAX	NOKEY
1447786143281	0	lts_1117L_31_01	31	01	1	322	2	1	1	Hit	604	2-5/Apocketwatch.jpg	Apocketwatch.jpg	SPACE	652	SPACE
1447786146355	0	lts_1117L_31_01	31	01	1	323	0	0	0	CR	MAX	64/swimming pool.jpg	swimming pool.jpg	NOKEY	MAX	NOKEY
1447786147424	0	lts_1117L_31_01	31	01	1	324	8	1	1	Hit	600	8-first/ATOILBAG2.jpg	ATOILBAG2.jpg	SPACE	637	SPACE
1447786150499	0	lts_1117L_31_01	31	01	1	325	0	0	0	CR	MAX	22869624.thl.jpg	22869624.thl.jpg	NOKEY	MAX	NOKEY
1447786151501	0	lts_1117L_31_01	31	01	1	326	16	1	1	Hit	533	16-mul/Afirealarm2.jpg	Afirealarm2.jpg	SPACE	568	SPACE
1447786154576	0	lts_1117L_31_01	31	01	1	327	0	0	0	CR	MAX	M15589.jpg	M15589.jpg	NOKEY	MAX	NOKEY
1447786156815	0	lts_1117L_31_01	31	01	1	328	128	1	1	Hit	1767	128-1/ASPARKER2.jpg	ASPARKER2.jpg	SPACE	1804	SPACE
1447786159889	0	lts_1117L_31_01	31	01	1	329	0	0	0	CR	MAX	frog-a.jpg	frog-a.jpg	NOKEY	MAX	NOKEY
1447786162980	0	lts_1117L_31_01	31	01	1	330	0	0	0	CR	MAX	AHEELCUPS.jpg	AHEELCUPS.jpg	NOKEY	MAX	NOKEY
1447786166054	0	lts_1117L_31_01	31	01	1	331	0	0	0	CR	MAX	4/ABELLTRE2.jpg	ABELLTRE2.jpg	NOKEY	MAX	NOKEY
1447786169129	0	lts_1117L_31_01	31	01	1	332	0	0	0	CR	MAX	64/8056402.thl.jpg	8056402.thl.jpg	NOKEY	MAX	NOKEY
1447786172203	0	lts_1117L_31_01	31	01	1	333	0	0	0	CR	MAX	ACHAIRDE2.jpg	ACHAIRDE2.jpg	NOKEY	MAX	NOKEY
1447786173423	0	lts_1117L_31_01	31	01	1	334	0	0	1	FA	726	Acomputer11.jpg	Acomputer11.jpg	SPACE	768	NOKEY
1447786174559	0	lts_1117L_31_01	31	01	1	335	4	1	1	Hit	666	4-6/ABELLTRE2.jpg	ABELLTRE2.jpg	SPACE	702	SPACE
1447786177633	0	lts_1117L_31_01	31	01	1	336	0	0	0	CR	MAX	8/ALOOFA.jpg	ALOOFA.jpg	NOKEY	MAX	NOKEY
1447786180708	0	lts_1117L_31_01	31	01	1	337	0	0	0	CR	MAX	1/Aglassbottle6.jpg	Aglassbottle6.jpg	NOKEY	MAX	NOKEY
1447786181560	0	lts_1117L_31_01	31	01	1	338	1	1	1	Hit	369	1-6/Aglassbottle6.jpg	Aglassbottle6.jpg	SPACE	418	SPACE
1447786184634	0	lts_1117L_31_01	31	01	1	339	0	0	0	CR	MAX	AFILMCUTT.jpg	AFILMCUTT.jpg	NOKEY	MAX	NOKEY
1447786185737	0	lts_1117L_31_01	31	01	1	340	16	1	1	Hit	632	16-mul/ATOILBAG2.jpg	ATOILBAG2.jpg	SPACE	668	SPACE
1447786188811	0	lts_1117L_31_01	31	01	1	341	0	0	0	CR	MAX	8/bikewithbasket.jpg	bikewithbasket.jpg	NOKEY	MAX	NOKEY
1447786191886	0	lts_1117L_31_01	31	01	1	342	0	0	0	CR	MAX	ABABYPIN2.jpg	ABABYPIN2.jpg	NOKEY	MAX	NOKEY
1447786194960	0	lts_1117L_31_01	31	01	1	343	0	0	0	CR	MAX	AKETTLE35.jpg	AKETTLE35.jpg	NOKEY	MAX	NOKEY
1447786196096	0	lts_1117L_31_01	31	01	1	344	8	1	1	Hit	667	8-first/ALOOFA.jpg	ALOOFA.jpg	SPACE	701	SPACE
1447786199171	0	lts_1117L_31_01	31	01	1	345	0	0	0	CR	MAX	AARTIVE8.jpg	AARTIVE8.jpg	NOKEY	MAX	NOKEY
1447786200240	0	lts_1117L_31_01	31	01	1	346	2	1	1	Hit	600	2-mul/ALOOFA.jpg	ALOOFA.jpg	SPACE	635	SPACE
1447786203314	0	lts_1117L_31_01	31	01	1	347	0	0	0	CR	MAX	pretzelsticks.jpg	pretzelsticks.jpg	NOKEY	MAX	NOKEY
1447786206388	0	lts_1117L_31_01	31	01	1	348	0	0	0	CR	MAX	zip-a.jpg	zip-a.jpg	NOKEY	MAX	NOKEY
1447786207525	0	lts_1117L_31_01	31	01	1	349	8	1	1	Hit	667	8-2/bikewithbasket.jpg	bikewithbasket.jpg	SPACE	702	SPACE
1447786210599	0	lts_1117L_31_01	31	01	1	350	0	0	0	CR	MAX	Aantiquerota7.jpg	Aantiquerota7.jpg	NOKEY	MAX	NOKEY
1447786211635	0	lts_1117L_31_01	31	01	1	351	00	1	1	Hit	553	00-across/ACOMB11.jpg	ACOMB11.jpg	SPACE	601	SPACE
1447786214709	0	lts_1117L_31_01	31	01	1	352	0	0	0	CR	MAX	Aangel37.jpg	Aangel37.jpg	NOKEY	MAX	NOKEY
1447786216096	0	lts_1117L_31_01	31	01	1	353	64	1	1	Hit	906	64-first/AOLIVE.jpg	AOLIVE.jpg	SPACE	952	SPACE
1447786219171	0	lts_1117L_31_01	31	01	1	354	0	0	0	CR	MAX	23070064.thl.jpg	23070064.thl.jpg	NOKEY	MAX	NOKEY
1447786220173	0	lts_1117L_31_01	31	01	1	355	2	1	1	Hit	526	2-mul/AOLIVE.jpg	AOLIVE.jpg	SPACE	568	SPACE
1447786223248	0	lts_1117L_31_01	31	01	1	356	0	0	0	CR	MAX	ABLACKB12.jpg	ABLACKB12.jpg	NOKEY	MAX	NOKEY
1447786226322	0	lts_1117L_31_01	31	01	1	357	0	0	0	CR	MAX	APOKCHIP4.jpg	APOKCHIP4.jpg	NOKEY	MAX	NOKEY
1447786229396	0	lts_1117L_31_01	31	01	1	358	0	0	0	CR	MAX	64/Adryflo15.jpg	Adryflo15.jpg	NOKEY	MAX	NOKEY
1447786230699	0	lts_1117L_31_01	31	01	1	359	128	1	1	Hit	827	128-7/AKNEEBRA2.jpg	AKNEEBRA2.jpg	SPACE	869	SPACE
1447786233791	0	lts_1117L_31_01	31	01	1	360	0	0	0	CR	MAX	AREEL.jpg	AREEL.jpg	NOKEY	MAX	NOKEY
1447786236865	0	lts_1117L_31_01	31	01	1	361	0	0	0	CR	MAX	26370704.thl.jpg	26370704.thl.jpg	NOKEY	MAX	NOKEY
1447786239939	0	lts_1117L_31_01	31	01	1	362	0	0	0	CR	MAX	4/Awoodplaner2.jpg	Awoodplaner2.jpg	NOKEY	MAX	NOKEY
1447786243014	0	lts_1117L_31_01	31	01	1	363	0	0	0	CR	MAX	Aknife76.jpg	Aknife76.jpg	NOKEY	MAX	NOKEY
1447786246088	0	lts_1117L_31_01	31	01	1	364	0	0	0	CR	MAX	swimmies.jpg	swimmies.jpg	NOKEY	MAX	NOKEY
1447786249163	0	lts_1117L_31_01	31	01	1	365	0	0	0	CR	MAX	hulahoop.jpg	hulahoop.jpg	NOKEY	MAX	NOKEY
1447786250298	0	lts_1117L_31_01	31	01	1	366	4	1	1	Hit	655	4-8/Awoodplaner2.jpg	Awoodplaner2.jpg	SPACE	702	SPACE
1447786253373	0	lts_1117L_31_01	31	01	1	367	0	0	0	CR	MAX	AFOOTST11.jpg	AFOOTST11.jpg	NOKEY	MAX	NOKEY
1447786256447	0	lts_1117L_31_01	31	01	1	368	0	0	0	CR	MAX	26425573.thl.jpg	26425573.thl.jpg	NOKEY	MAX	NOKEY
1447786259522	0	lts_1117L_31_01	31	01	1	369	0	0	0	CR	MAX	26420830.thl.jpg	26420830.thl.jpg	NOKEY	MAX	NOKEY
1447786260725	0	lts_1117L_31_01	31	01	1	370	64	1	1	Hit	718	64-first/8055181.thl.jpg	8055181.thl.jpg	SPACE	768	SPACE
1447786263799	0	lts_1117L_31_01	31	01	1	371	0	0	0	CR	MAX	Ahumansku101.jpg	Ahumansku101.jpg	NOKEY	MAX	NOKEY
1447786266873	0	lts_1117L_31_01	31	01	1	372	0	0	0	CR	MAX	26432217.thl.jpg	26432217.thl.jpg	NOKEY	MAX	NOKEY
1447786269948	0	lts_1117L_31_01	31	01	1	373	0	0	0	CR	MAX	ADOGFOOD.jpg	ADOGFOOD.jpg	NOKEY	MAX	NOKEY
1447786270934	0	lts_1117L_31_01	31	01	1	374	4	1	1	Hit	507	4-mul/8055181.thl.jpg	8055181.thl.jpg	SPACE	551	SPACE
1447786274009	0	lts_1117L_31_01	31	01	1	375	0	0	0	CR	MAX	4/Ascale60.jpg	Ascale60.jpg	NOKEY	MAX	NOKEY
1447786277082	0	lts_1117L_31_01	31	01	1	376	0	0	0	CR	MAX	23044458.thl.jpg	23044458.thl.jpg	NOKEY	MAX	NOKEY
1447786280157	0	lts_1117L_31_01	31	01	1	377	0	0	0	CR	MAX	AWASHCLOT.jpg	AWASHCLOT.jpg	NOKEY	MAX	NOKEY
1447786283231	0	lts_1117L_31_01	31	01	1	378	0	0	0	CR	MAX	Aseal3.jpg	Aseal3.jpg	NOKEY	MAX	NOKEY
1447786284350	0	lts_1117L_31_01	31	01	1	379	4	1	1	Hit	643	4-3/Ascale60.jpg	Ascale60.jpg	SPACE	686	SPACE
1447786287425	0	lts_1117L_31_01	31	01	1	380	0	0	0	CR	MAX	1/Atoyhorse2.jpg	Atoyhorse2.jpg	NOKEY	MAX	NOKEY
1447786288427	0	lts_1117L_31_01	31	01	1	381	1	1	1	Hit	525	1-0/Atoyhorse2.jpg	Atoyhorse2.jpg	SPACE	570	SPACE
1447786291502	0	lts_1117L_31_01	31	01	1	382	0	0	0	CR	MAX	Atoybucketan4.jpg	Atoybucketan4.jpg	NOKEY	MAX	NOKEY
1447786294576	0	lts_1117L_31_01	31	01	1	383	0	0	0	CR	MAX	26374135.thl.jpg	26374135.thl.jpg	NOKEY	MAX	NOKEY
1447786297650	0	lts_1117L_31_01	31	01	1	384	00	1	0	Miss	MAX	00-across/AFILM.jpg	AFILM.jpg	NOKEY	MAX	SPACE
1447786300725	0	lts_1117L_31_01	31	01	1	385	0	0	0	CR	MAX	26772824.thl.jpg	26772824.thl.jpg	NOKEY	MAX	NOKEY
1447786303799	0	lts_1117L_31_01	31	01	1	386	0	0	0	CR	MAX	Acrabwalking.jpg	Acrabwalking.jpg	NOKEY	MAX	NOKEY
1447786305119	0	lts_1117L_31_01	31	01	1	387	64	1	1	Hit	841	64-first/swimming pool.jpg	swimming pool.jpg	SPACE	885	SPACE
1447786308193	0	lts_1117L_31_01	31	01	1	388	0	0	0	CR	MAX	26441591.thl.jpg	26441591.thl.jpg	NOKEY	MAX	NOKEY
1447786309163	0	lts_1117L_31_01	31	01	1	389	2	1	1	Hit	493	2-mul/swimming pool.jpg	swimming pool.jpg	SPACE	535	SPACE
1447786312237	0	lts_1117L_31_01	31	01	1	390	0	0	0	CR	MAX	8020414.thl.jpg	8020414.thl.jpg	NOKEY	MAX	NOKEY
1447786315311	0	lts_1117L_31_01	31	01	1	391	0	0	0	CR	MAX	2/AANTSTOV6.jpg	AANTSTOV6.jpg	NOKEY	MAX	NOKEY
1447786318385	0	lts_1117L_31_01	31	01	1	392	0	0	0	CR	MAX	AFLOURSCO.jpg	AFLOURSCO.jpg	NOKEY	MAX	NOKEY
1447786319589	0	lts_1117L_31_01	31	01	1	393	2	1	1	Hit	718	2-3/AANTSTOV6.jpg	AANTSTOV6.jpg	SPACE	769	SPACE
1447786322663	0	lts_1117L_31_01	31	01	1	394	0	0	0	CR	MAX	ACUTPIN.jpg	ACUTPIN.jpg	NOKEY	MAX	NOKEY
1447786325737	0	lts_1117L_31_01	31	01	1	395	0	0	0	CR	MAX	Akangarooandb.jpg	Akangarooandb.jpg	NOKEY	MAX	NOKEY
1447786328812	0	lts_1117L_31_01	31	01	1	396	64	1	0	Miss	MAX	64-first/8056402.thl.jpg	8056402.thl.jpg	NOKEY	MAX	SPACE
1447786331886	0	lts_1117L_31_01	31	01	1	397	0	0	0	CR	MAX	4/Asandgarden.jpg	Asandgarden.jpg	NOKEY	MAX	NOKEY
1447786332905	0	lts_1117L_31_01	31	01	1	398	2	1	1	Hit	537	2-mul/8056402.thl.jpg	8056402.thl.jpg	SPACE	584	SPACE
1447786335980	0	lts_1117L_31_01	31	01	1	399	0	0	0	CR	MAX	gondola.jpg	gondola.jpg	NOKEY	MAX	NOKEY
1447786339054	0	lts_1117L_31_01	31	01	1	400	0	0	0	CR	MAX	16/ABABYSH33.jpg	ABABYSH33.jpg	NOKEY	MAX	NOKEY
1447786340140	0	lts_1117L_31_01	31	01	1	401	4	1	1	Hit	604	4-2/Asandgarden.jpg	Asandgarden.jpg	SPACE	651	SPACE
1447786343214	0	lts_1117L_31_01	31	01	1	402	0	0	0	CR	MAX	A4DOMINO.jpg	A4DOMINO.jpg	NOKEY	MAX	NOKEY
1447786346289	0	lts_1117L_31_01	31	01	1	403	0	0	0	CR	MAX	AEIFFELTO.jpg	AEIFFELTO.jpg	NOKEY	MAX	NOKEY
1447786349363	0	lts_1117L_31_01	31	01	1	404	0	0	0	CR	MAX	8063317.thl.jpg	8063317.thl.jpg	NOKEY	MAX	NOKEY
1447786352437	0	lts_1117L_31_01	31	01	1	405	0	0	0	CR	MAX	ASPRITZER.jpg	ASPRITZER.jpg	NOKEY	MAX	NOKEY
1447786355512	0	lts_1117L_31_01	31	01	1	406	0	0	0	CR	MAX	1/26429123.thl.jpg	26429123.thl.jpg	NOKEY	MAX	NOKEY
1447786356464	0	lts_1117L_31_01	31	01	1	407	1	1	1	Hit	481	1-13/26429123.thl.jpg	26429123.thl.jpg	SPACE	519	SPACE
1447786359539	0	lts_1117L_31_01	31	01	1	408	0	0	0	CR	MAX	jumpmattress.jpg	jumpmattress.jpg	NOKEY	MAX	NOKEY
1447786362613	0	lts_1117L_31_01	31	01	1	409	0	0	0	CR	MAX	2/AMEATGRI9.jpg	AMEATGRI9.jpg	NOKEY	MAX	NOKEY
1447786365687	0	lts_1117L_31_01	31	01	1	410	0	0	0	CR	MAX	4/10049193.thl.jpg	10049193.thl.jpg	NOKEY	MAX	NOKEY
1447786366690	0	lts_1117L_31_01	31	01	1	411	2	1	1	Hit	526	2-9/AMEATGRI9.jpg	AMEATGRI9.jpg	SPACE	568	SPACE
1447786369764	0	lts_1117L_31_01	31	01	1	412	0	0	0	CR	MAX	AFOOTST26.jpg	AFOOTST26.jpg	NOKEY	MAX	NOKEY
1447786372839	0	lts_1117L_31_01	31	01	1	413	0	0	0	CR	MAX	23014927.thl.jpg	23014927.thl.jpg	NOKEY	MAX	NOKEY
1447786373925	0	lts_1117L_31_01	31	01	1	414	4	1	1	Hit	610	4-11/10049193.thl.jpg	10049193.thl.jpg	SPACE	652	SPACE
1447786375378	0	lts_1117L_31_01	31	01	1	415	0	0	1	FA	968	26429130.thl.jpg	26429130.thl.jpg	SPACE	1020	NOKEY
1447786378453	0	lts_1117L_31_01	31	01	1	416	16	1	0	Miss	MAX	16-first/ABABYSH33.jpg	ABABYSH33.jpg	NOKEY	MAX	SPACE
1447786381527	0	lts_1117L_31_01	31	01	1	417	0	0	0	CR	MAX	8/APARKBENC.jpg	APARKBENC.jpg	NOKEY	MAX	NOKEY
1447786382596	0	lts_1117L_31_01	31	01	1	418	2	1	1	Hit	592	2-mul/ABABYSH33.jpg	ABABYSH33.jpg	SPACE	635	SPACE
1447786385671	0	lts_1117L_31_01	31	01	1	419	0	0	0	CR	MAX	8/Askirt3.jpg	Askirt3.jpg	NOKEY	MAX	NOKEY
1447786388745	0	lts_1117L_31_01	31	01	1	420	0	0	0	CR	MAX	AGRATER.jpg	AGRATER.jpg	NOKEY	MAX	NOKEY
1447786391820	0	lts_1117L_31_01	31	01	1	421	0	0	0	CR	MAX	AGOAT10.jpg	AGOAT10.jpg	NOKEY	MAX	NOKEY
1447786392922	0	lts_1117L_31_01	31	01	1	422	64	1	1	Hit	621	64-first/Adryflo15.jpg	Adryflo15.jpg	SPACE	668	SPACE
1447786395997	0	lts_1117L_31_01	31	01	1	423	0	0	0	CR	MAX	AHANDLE5.jpg	AHANDLE5.jpg	NOKEY	MAX	NOKEY
1447786399071	0	lts_1117L_31_01	31	01	1	424	0	0	0	CR	MAX	AMICROWA2.jpg	AMICROWA2.jpg	NOKEY	MAX	NOKEY
1447786400040	0	lts_1117L_31_01	31	01	1	425	8	1	1	Hit	487	8-0/APARKBENC.jpg	APARKBENC.jpg	SPACE	534	SPACE
1447786403115	0	lts_1117L_31_01	31	01	1	426	0	0	0	CR	MAX	8245207.thl.jpg	8245207.thl.jpg	NOKEY	MAX	NOKEY
1447786404234	0	lts_1117L_31_01	31	01	1	427	8	1	1	Hit	642	8-first/Askirt3.jpg	Askirt3.jpg	SPACE	685	SPACE
1447786407308	0	lts_1117L_31_01	31	01	1	428	0	0	0	CR	MAX	2/ACPU2.jpg	ACPU2.jpg	NOKEY	MAX	NOKEY
1447786410382	0	lts_1117L_31_01	31	01	1	429	0	0	0	CR	MAX	16/8065674.thl.jpg	8065674.thl.jpg	NOKEY	MAX	NOKEY
1447786411418	0	lts_1117L_31_01	31	01	1	430	2	1	1	Hit	560	2-2/ACPU2.jpg	ACPU2.jpg	SPACE	602	SPACE
1447786414493	0	lts_1117L_31_01	31	01	1	431	0	0	0	CR	MAX	Ababytableand.jpg	Ababytableand.jpg	NOKEY	MAX	NOKEY
1447786417567	0	lts_1117L_31_01	31	01	1	432	0	0	0	CR	MAX	AHONEY.jpg	AHONEY.jpg	NOKEY	MAX	NOKEY
1447786420642	0	lts_1117L_31_01	31	01	1	433	0	0	0	CR	MAX	Apig5.jpg	Apig5.jpg	NOKEY	MAX	NOKEY
1447786423716	0	lts_1117L_31_01	31	01	1	434	0	0	0	CR	MAX	Abaggcon2.jpg	Abaggcon2.jpg	NOKEY	MAX	NOKEY
1447786426790	0	lts_1117L_31_01	31	01	1	435	0	0	0	CR	MAX	Aceramicjug16.jpg	Aceramicjug16.jpg	NOKEY	MAX	NOKEY
1447786429865	0	lts_1117L_31_01	31	01	1	436	0	0	0	CR	MAX	Afloppydisk6.jpg	Afloppydisk6.jpg	NOKEY	MAX	NOKEY
1447786432939	0	lts_1117L_31_01	31	01	1	437	0	0	0	CR	MAX	beachtowels.jpg	beachtowels.jpg	NOKEY	MAX	NOKEY
1447786433975	0	lts_1117L_31_01	31	01	1	438	16	1	1	Hit	565	16-mul/Adryflo15.jpg	Adryflo15.jpg	SPACE	601	SPACE
1447786437049	0	lts_1117L_31_01	31	01	1	439	0	0	0	CR	MAX	8021504.thl.jpg	8021504.thl.jpg	NOKEY	MAX	NOKEY
1447786440124	0	lts_1117L_31_01	31	01	1	440	0	0	0	CR	MAX	1/gameboy.jpg	gameboy.jpg	NOKEY	MAX	NOKEY
1447786441010	0	lts_1117L_31_01	31	01	1	441	1	1	1	Hit	401	1-14/gameboy.jpg	gameboy.jpg	SPACE	451	SPACE
1447786444084	0	lts_1117L_31_01	31	01	1	442	0	0	0	CR	MAX	AWALKTA25.jpg	AWALKTA25.jpg	NOKEY	MAX	NOKEY
1447786445186	0	lts_1117L_31_01	31	01	1	443	16	1	1	Hit	631	16-mul/Askirt3.jpg	Askirt3.jpg	SPACE	669	SPACE
1447786448260	0	lts_1117L_31_01	31	01	1	444	0	0	0	CR	MAX	Aelephant9.jpg	Aelephant9.jpg	NOKEY	MAX	NOKEY
1447786449464	0	lts_1117L_31_01	31	01	1	445	16	1	1	Hit	731	16-first/8065674.thl.jpg	8065674.thl.jpg	SPACE	769	SPACE
1447786452538	0	lts_1117L_31_01	31	01	1	446	0	0	0	CR	MAX	ACATCAGE.jpg	ACATCAGE.jpg	NOKEY	MAX	NOKEY
1447786453607	0	lts_1117L_31_01	31	01	1	447	2	1	1	Hit	587	2-mul/8065674.thl.jpg	8065674.thl.jpg	SPACE	635	SPACE
1447786456682	0	lts_1117L_31_01	31	01	1	448	0	0	0	CR	MAX	AMILPHONE.jpg	AMILPHONE.jpg	NOKEY	MAX	NOKEY
1447786459756	0	lts_1117L_31_01	31	01	1	449	0	0	0	CR	MAX	basketball.JPG	basketball.JPG	NOKEY	MAX	NOKEY
1447786467790	0	E	Logging Ends
