1447351744977	0	B	Logging Begins
1447352128000	0	lts_1112I_25_01	25	01	0	0	0	0	0	CR	MAX	dragon.jpg	dragon.jpg	NOKEY	MAX	NOKEY
1447352131076	0	lts_1112I_25_01	25	01	0	1	0	0	0	CR	MAX	8/Adustpanbrus4.jpg	Adustpanbrus4.jpg	NOKEY	MAX	NOKEY
1447352134151	0	lts_1112I_25_01	25	01	0	2	0	0	0	CR	MAX	32/Abottleofchi2.jpg	Abottleofchi2.jpg	NOKEY	MAX	NOKEY
1447352137244	0	lts_1112I_25_01	25	01	0	3	0	0	0	CR	MAX	8/skateboard.jpg	skateboard.jpg	NOKEY	MAX	NOKEY
1447352140320	0	lts_1112I_25_01	25	01	0	4	0	0	0	CR	MAX	AROOSTERP.jpg	AROOSTERP.jpg	NOKEY	MAX	NOKEY
1447352143396	0	lts_1112I_25_01	25	01	0	5	0	0	0	CR	MAX	Atool62.jpg	Atool62.jpg	NOKEY	MAX	NOKEY
1447352146489	0	lts_1112I_25_01	25	01	0	6	0	0	0	CR	MAX	35314138.thl.jpg	35314138.thl.jpg	NOKEY	MAX	NOKEY
1447352149565	0	lts_1112I_25_01	25	01	0	7	0	0	0	CR	MAX	Awomansshoe3.jpg	Awomansshoe3.jpg	NOKEY	MAX	NOKEY
1447352152641	0	lts_1112I_25_01	25	01	0	8	0	0	0	CR	MAX	8/APOWEDCAS.jpg	APOWEDCAS.jpg	NOKEY	MAX	NOKEY
1447352153811	0	lts_1112I_25_01	25	01	0	9	8	1	1	Hit	686	8-0/Adustpanbrus4.jpg	Adustpanbrus4.jpg	SPACE	735	SPACE
1447352156888	0	lts_1112I_25_01	25	01	0	10	0	0	0	CR	MAX	ASTONEOWL.jpg	ASTONEOWL.jpg	NOKEY	MAX	NOKEY
1447352158042	0	lts_1112I_25_01	25	01	0	11	8	1	1	Hit	677	8-first/skateboard.jpg	skateboard.jpg	SPACE	719	SPACE
1447352161117	0	lts_1112I_25_01	25	01	0	12	0	0	0	CR	MAX	16/Aflower102.jpg	Aflower102.jpg	NOKEY	MAX	NOKEY
1447352162154	0	lts_1112I_25_01	25	01	0	13	2	1	1	Hit	559	2-mul/skateboard.jpg	skateboard.jpg	SPACE	601	SPACE
1447352165230	0	lts_1112I_25_01	25	01	0	14	0	0	0	CR	MAX	8021410.thl.jpg	8021410.thl.jpg	NOKEY	MAX	NOKEY
1447352168306	0	lts_1112I_25_01	25	01	0	15	0	0	0	CR	MAX	8055181.thl.jpg	8055181.thl.jpg	NOKEY	MAX	NOKEY
1447352169643	0	lts_1112I_25_01	25	01	0	16	8	1	1	Hit	860	8-1/APOWEDCAS.jpg	APOWEDCAS.jpg	SPACE	903	SPACE
1447352172719	0	lts_1112I_25_01	25	01	0	17	0	0	0	CR	MAX	8021822.thl.jpg	8021822.thl.jpg	NOKEY	MAX	NOKEY
1447352175795	0	lts_1112I_25_01	25	01	0	18	0	0	0	CR	MAX	64/26686595.thl.jpg	26686595.thl.jpg	NOKEY	MAX	NOKEY
1447352178888	0	lts_1112I_25_01	25	01	0	19	0	0	0	CR	MAX	2/BattleStar.jpg	BattleStar.jpg	NOKEY	MAX	NOKEY
1447352181964	0	lts_1112I_25_01	25	01	0	20	0	0	0	CR	MAX	APARKBENC.jpg	APARKBENC.jpg	NOKEY	MAX	NOKEY
1447352183168	0	lts_1112I_25_01	25	01	0	21	2	1	1	Hit	733	2-5/BattleStar.jpg	BattleStar.jpg	SPACE	769	SPACE
1447352186244	0	lts_1112I_25_01	25	01	0	22	0	0	0	CR	MAX	AWOODPIN.jpg	AWOODPIN.jpg	NOKEY	MAX	NOKEY
1447352187966	0	lts_1112I_25_01	25	01	0	23	0	0	1	FA	1252	Agiftbag20.jpg	Agiftbag20.jpg	SPACE	1288	NOKEY
1447352191043	0	lts_1112I_25_01	25	01	0	24	0	0	0	CR	MAX	32/tuxedo.jpg	tuxedo.jpg	NOKEY	MAX	NOKEY
1447352194118	0	lts_1112I_25_01	25	01	0	25	0	0	0	CR	MAX	26428682.thl.jpg	26428682.thl.jpg	NOKEY	MAX	NOKEY
1447352197194	0	lts_1112I_25_01	25	01	0	26	0	0	0	CR	MAX	16/8055554.thl.jpg	8055554.thl.jpg	NOKEY	MAX	NOKEY
1447352200270	0	lts_1112I_25_01	25	01	0	27	0	0	0	CR	MAX	ASHAMPO2.jpg	ASHAMPO2.jpg	NOKEY	MAX	NOKEY
1447352201490	0	lts_1112I_25_01	25	01	0	28	16	1	1	Hit	746	16-1/Aflower102.jpg	Aflower102.jpg	SPACE	787	SPACE
1447352204583	0	lts_1112I_25_01	25	01	0	29	0	0	0	CR	MAX	26429137.thl.jpg	26429137.thl.jpg	NOKEY	MAX	NOKEY
1447352207659	0	lts_1112I_25_01	25	01	0	30	0	0	0	CR	MAX	2/Abrooch104.jpg	Abrooch104.jpg	NOKEY	MAX	NOKEY
1447352210735	0	lts_1112I_25_01	25	01	0	31	0	0	0	CR	MAX	AMEDIEQUI.jpg	AMEDIEQUI.jpg	NOKEY	MAX	NOKEY
1447352211839	0	lts_1112I_25_01	25	01	0	32	2	1	1	Hit	626	2-13/Abrooch104.jpg	Abrooch104.jpg	SPACE	669	SPACE
1447352214915	0	lts_1112I_25_01	25	01	0	33	0	0	0	CR	MAX	Aspraybottle4.jpg	Aspraybottle4.jpg	NOKEY	MAX	NOKEY
1447352217707	0	lts_1112I_25_01	25	01	0	34	32	1	1	Hit	2321	32-1/Abottleofchi2.jpg	Abottleofchi2.jpg	SPACE	2357	SPACE
1447352220783	0	lts_1112I_25_01	25	01	0	35	0	0	0	CR	MAX	26432607.thl.jpg	26432607.thl.jpg	NOKEY	MAX	NOKEY
1447352223859	0	lts_1112I_25_01	25	01	0	36	0	0	0	CR	MAX	2/Acprmask2.jpg	Acprmask2.jpg	NOKEY	MAX	NOKEY
1447352226935	0	lts_1112I_25_01	25	01	0	37	0	0	0	CR	MAX	ACIGARCU3.jpg	ACIGARCU3.jpg	NOKEY	MAX	NOKEY
1447352228056	0	lts_1112I_25_01	25	01	0	38	2	1	1	Hit	649	2-7/Acprmask2.jpg	Acprmask2.jpg	SPACE	686	SPACE
1447352231131	0	lts_1112I_25_01	25	01	0	39	0	0	0	CR	MAX	64/8019684.thl.jpg	8019684.thl.jpg	NOKEY	MAX	NOKEY
1447352234224	0	lts_1112I_25_01	25	01	0	40	0	0	0	CR	MAX	ABAROMET2.jpg	ABAROMET2.jpg	NOKEY	MAX	NOKEY
1447352237300	0	lts_1112I_25_01	25	01	0	41	0	0	0	CR	MAX	Acabinetdraw8.jpg	Acabinetdraw8.jpg	NOKEY	MAX	NOKEY
1447352238437	0	lts_1112I_25_01	25	01	0	42	16	1	1	Hit	646	16-first/8055554.thl.jpg	8055554.thl.jpg	SPACE	687	SPACE
1447352241513	0	lts_1112I_25_01	25	01	0	43	0	0	0	CR	MAX	ACOFFTRA2.jpg	ACOFFTRA2.jpg	NOKEY	MAX	NOKEY
1447352244589	0	lts_1112I_25_01	25	01	0	44	0	0	0	CR	MAX	ASCREW7.jpg	ASCREW7.jpg	NOKEY	MAX	NOKEY
1447352247665	0	lts_1112I_25_01	25	01	0	45	0	0	0	CR	MAX	4/Ainflatable10.jpg	Ainflatable10.jpg	NOKEY	MAX	NOKEY
1447352248668	0	lts_1112I_25_01	25	01	0	46	4	1	1	Hit	518	4-mul/8055554.thl.jpg	8055554.thl.jpg	SPACE	569	SPACE
1447352251744	0	lts_1112I_25_01	25	01	0	47	0	0	0	CR	MAX	AARROWS2.jpg	AARROWS2.jpg	NOKEY	MAX	NOKEY
1447352254820	0	lts_1112I_25_01	25	01	0	48	0	0	0	CR	MAX	DSCN9735-sm.jpg	DSCN9735-sm.jpg	NOKEY	MAX	NOKEY
1447352255890	0	lts_1112I_25_01	25	01	0	49	4	1	1	Hit	600	4-3/Ainflatable10.jpg	Ainflatable10.jpg	SPACE	635	SPACE
1447352258966	0	lts_1112I_25_01	25	01	0	50	0	0	0	CR	MAX	16/8255336.thl.jpg	8255336.thl.jpg	NOKEY	MAX	NOKEY
1447352262043	0	lts_1112I_25_01	25	01	0	51	0	0	0	CR	MAX	Aflowerpot9.jpg	Aflowerpot9.jpg	NOKEY	MAX	NOKEY
1447352265118	0	lts_1112I_25_01	25	01	0	52	0	0	0	CR	MAX	32/26369923.thl.jpg	26369923.thl.jpg	NOKEY	MAX	NOKEY
1447352268211	0	lts_1112I_25_01	25	01	0	53	0	0	0	CR	MAX	AHUBBLE.jpg	AHUBBLE.jpg	NOKEY	MAX	NOKEY
1447352271287	0	lts_1112I_25_01	25	01	0	54	0	0	0	CR	MAX	waterfilter.jpg	waterfilter.jpg	NOKEY	MAX	NOKEY
1447352274363	0	lts_1112I_25_01	25	01	0	55	0	0	0	CR	MAX	32/Atelecommuni4.jpg	Atelecommuni4.jpg	NOKEY	MAX	NOKEY
1447352275567	0	lts_1112I_25_01	25	01	0	56	32	1	1	Hit	722	32-4/tuxedo.jpg	tuxedo.jpg	SPACE	769	SPACE
1447352278643	0	lts_1112I_25_01	25	01	0	57	0	0	0	CR	MAX	Awatch53.jpg	Awatch53.jpg	NOKEY	MAX	NOKEY
1447352281719	0	lts_1112I_25_01	25	01	0	58	0	0	0	CR	MAX	4/ATRACINGT.jpg	ATRACINGT.jpg	NOKEY	MAX	NOKEY
1447352284795	0	lts_1112I_25_01	25	01	0	59	0	0	0	CR	MAX	Apaperclipsin.jpg	Apaperclipsin.jpg	NOKEY	MAX	NOKEY
1447352287871	0	lts_1112I_25_01	25	01	0	60	0	0	0	CR	MAX	Adog71.jpg	Adog71.jpg	NOKEY	MAX	NOKEY
1447352290964	0	lts_1112I_25_01	25	01	0	61	0	0	0	CR	MAX	Aknife92.jpg	Aknife92.jpg	NOKEY	MAX	NOKEY
1447352292151	0	lts_1112I_25_01	25	01	0	62	4	1	1	Hit	713	4-8/ATRACINGT.jpg	ATRACINGT.jpg	SPACE	753	SPACE
1447352295227	0	lts_1112I_25_01	25	01	0	63	0	0	0	CR	MAX	26685596.thl.jpg	26685596.thl.jpg	NOKEY	MAX	NOKEY
1447352296648	0	lts_1112I_25_01	25	01	0	64	0	0	1	FA	947	32/Ahotdogplain.jpg	Ahotdogplain.jpg	SPACE	987	NOKEY
1447352299724	0	lts_1112I_25_01	25	01	0	65	0	0	0	CR	MAX	26437068.thl.jpg	26437068.thl.jpg	NOKEY	MAX	NOKEY
1447352300861	0	lts_1112I_25_01	25	01	0	66	16	1	1	Hit	653	16-first/8255336.thl.jpg	8255336.thl.jpg	SPACE	703	SPACE
1447352303937	0	lts_1112I_25_01	25	01	0	67	0	0	0	CR	MAX	26423465.thl.jpg	26423465.thl.jpg	NOKEY	MAX	NOKEY
1447352305008	0	lts_1112I_25_01	25	01	0	68	2	1	1	Hit	598	2-mul/8255336.thl.jpg	8255336.thl.jpg	SPACE	636	SPACE
1447352308084	0	lts_1112I_25_01	25	01	0	69	0	0	0	CR	MAX	Abeverage11.jpg	Abeverage11.jpg	NOKEY	MAX	NOKEY
1447352311159	0	lts_1112I_25_01	25	01	0	70	0	0	0	CR	MAX	Anotepad9.jpg	Anotepad9.jpg	NOKEY	MAX	NOKEY
1447352314235	0	lts_1112I_25_01	25	01	0	71	0	0	0	CR	MAX	ATIMECLO3.jpg	ATIMECLO3.jpg	NOKEY	MAX	NOKEY
1447352317311	0	lts_1112I_25_01	25	01	0	72	0	0	0	CR	MAX	4/ABLLIGHTB.jpg	ABLLIGHTB.jpg	NOKEY	MAX	NOKEY
1447352318515	0	lts_1112I_25_01	25	01	0	73	0	0	1	FA	722	32/8256530.thl.jpg	8256530.thl.jpg	SPACE	769	NOKEY
1447352321591	0	lts_1112I_25_01	25	01	0	74	0	0	0	CR	MAX	23016343.thl.jpg	23016343.thl.jpg	NOKEY	MAX	NOKEY
1447352324667	0	lts_1112I_25_01	25	01	0	75	0	0	0	CR	MAX	licorice.jpg	licorice.jpg	NOKEY	MAX	NOKEY
1447352325804	0	lts_1112I_25_01	25	01	0	76	4	1	1	Hit	657	4-10/ABLLIGHTB.jpg	ABLLIGHTB.jpg	SPACE	702	SPACE
1447352328880	0	lts_1112I_25_01	25	01	0	77	0	0	0	CR	MAX	32/26426575.thl.jpg	26426575.thl.jpg	NOKEY	MAX	NOKEY
1447352331956	0	lts_1112I_25_01	25	01	0	78	0	0	0	CR	MAX	1/ABUGLE2.jpg	ABUGLE2.jpg	NOKEY	MAX	NOKEY
1447352333143	0	lts_1112I_25_01	25	01	0	79	1	1	1	Hit	706	1-14/ABUGLE2.jpg	ABUGLE2.jpg	SPACE	752	SPACE
1447352336235	0	lts_1112I_25_01	25	01	0	80	0	0	0	CR	MAX	64/hulahoop.jpg	hulahoop.jpg	NOKEY	MAX	NOKEY
1447352339312	0	lts_1112I_25_01	25	01	0	81	0	0	0	CR	MAX	8/26433849.thl.jpg	26433849.thl.jpg	NOKEY	MAX	NOKEY
1447352340582	0	lts_1112I_25_01	25	01	0	82	64	1	1	Hit	796	64-first/26686595.thl.jpg	26686595.thl.jpg	SPACE	836	SPACE
1447352343658	0	lts_1112I_25_01	25	01	0	83	0	0	0	CR	MAX	ASHRIMP3.jpg	ASHRIMP3.jpg	NOKEY	MAX	NOKEY
1447352344845	0	lts_1112I_25_01	25	01	0	84	32	1	1	Hit	708	32-9/26369923.thl.jpg	26369923.thl.jpg	SPACE	752	SPACE
1447352347921	0	lts_1112I_25_01	25	01	0	85	0	0	0	CR	MAX	bobbypins.JPG	bobbypins.JPG	NOKEY	MAX	NOKEY
1447352350997	0	lts_1112I_25_01	25	01	0	86	0	0	0	CR	MAX	Ahighlightin2.jpg	Ahighlightin2.jpg	NOKEY	MAX	NOKEY
1447352352117	0	lts_1112I_25_01	25	01	0	87	32	1	1	Hit	646	32-7/Atelecommuni4.jpg	Atelecommuni4.jpg	SPACE	684	SPACE
1447352355193	0	lts_1112I_25_01	25	01	0	88	0	0	0	CR	MAX	Acompactdisc2.jpg	Acompactdisc2.jpg	NOKEY	MAX	NOKEY
1447352356297	0	lts_1112I_25_01	25	01	0	89	8	1	1	Hit	632	8-first/26433849.thl.jpg	26433849.thl.jpg	SPACE	669	SPACE
1447352359373	0	lts_1112I_25_01	25	01	0	90	0	0	0	CR	MAX	1/23051010.thl.jpg	23051010.thl.jpg	NOKEY	MAX	NOKEY
1447352360443	0	lts_1112I_25_01	25	01	0	91	1	1	1	Hit	601	1-6/23051010.thl.jpg	23051010.thl.jpg	SPACE	637	SPACE
1447352363536	0	lts_1112I_25_01	25	01	0	92	0	0	0	CR	MAX	APANTRAC2.jpg	APANTRAC2.jpg	NOKEY	MAX	NOKEY
1447352364606	0	lts_1112I_25_01	25	01	0	93	4	1	1	Hit	596	4-mul/26433849.thl.jpg	26433849.thl.jpg	SPACE	635	SPACE
1447352367682	0	lts_1112I_25_01	25	01	0	94	0	0	0	CR	MAX	AALFALFA.jpg	AALFALFA.jpg	NOKEY	MAX	NOKEY
1447352370758	0	lts_1112I_25_01	25	01	0	95	0	0	0	CR	MAX	ACREAME11.jpg	ACREAME11.jpg	NOKEY	MAX	NOKEY
1447352372012	0	lts_1112I_25_01	25	01	0	96	32	1	1	Hit	773	32-0/Ahotdogplain.jpg	Ahotdogplain.jpg	SPACE	819	SPACE
1447352375088	0	lts_1112I_25_01	25	01	0	97	0	0	0	CR	MAX	26428545.thl.jpg	26428545.thl.jpg	NOKEY	MAX	NOKEY
1447352376124	0	lts_1112I_25_01	25	01	0	98	16	1	1	Hit	562	16-mul/26686595.thl.jpg	26686595.thl.jpg	SPACE	602	SPACE
1447352379200	0	lts_1112I_25_01	25	01	0	99	0	0	0	CR	MAX	16/celery.jpg	celery.jpg	NOKEY	MAX	NOKEY
1447352382293	0	lts_1112I_25_01	25	01	0	100	0	0	0	CR	MAX	64/AWASHPART.jpg	AWASHPART.jpg	NOKEY	MAX	NOKEY
1447352385369	0	lts_1112I_25_01	25	01	0	101	0	0	0	CR	MAX	AHAZELNU3.jpg	AHAZELNU3.jpg	NOKEY	MAX	NOKEY
1447352388462	0	lts_1112I_25_01	25	01	0	102	0	0	0	CR	MAX	Afirealarm2.jpg	Afirealarm2.jpg	NOKEY	MAX	NOKEY
1447352389582	0	lts_1112I_25_01	25	01	0	103	64	1	1	Hit	641	64-first/8019684.thl.jpg	8019684.thl.jpg	SPACE	686	SPACE
1447352392675	0	lts_1112I_25_01	25	01	0	104	0	0	0	CR	MAX	Aantiquecigar.jpg	Aantiquecigar.jpg	NOKEY	MAX	NOKEY
1447352393745	0	lts_1112I_25_01	25	01	0	105	32	1	1	Hit	584	32-5/8256530.thl.jpg	8256530.thl.jpg	SPACE	635	SPACE
1447352396821	0	lts_1112I_25_01	25	01	0	106	0	0	0	CR	MAX	shavingcream01.jpg	shavingcream01.jpg	NOKEY	MAX	NOKEY
1447352399897	0	lts_1112I_25_01	25	01	0	107	0	0	0	CR	MAX	womanpants.jpg	womanpants.jpg	NOKEY	MAX	NOKEY
1447352402973	0	lts_1112I_25_01	25	01	0	108	0	0	0	CR	MAX	Aboardgame2.jpg	Aboardgame2.jpg	NOKEY	MAX	NOKEY
1447352403992	0	lts_1112I_25_01	25	01	0	109	32	1	1	Hit	542	32-3/26426575.thl.jpg	26426575.thl.jpg	SPACE	585	SPACE
1447352407069	0	lts_1112I_25_01	25	01	0	110	0	0	0	CR	MAX	AMAGTABL3.jpg	AMAGTABL3.jpg	NOKEY	MAX	NOKEY
1447352408155	0	lts_1112I_25_01	25	01	0	111	0	0	1	FA	586	128/ACHEESEB3.jpg	ACHEESEB3.jpg	SPACE	635	NOKEY
1447352411231	0	lts_1112I_25_01	25	01	0	112	0	0	0	CR	MAX	1/Atray26.jpg	Atray26.jpg	NOKEY	MAX	NOKEY
1447352412284	0	lts_1112I_25_01	25	01	0	113	1	1	1	Hit	582	1-4/Atray26.jpg	Atray26.jpg	SPACE	618	SPACE
1447352415361	0	lts_1112I_25_01	25	01	0	114	0	0	0	CR	MAX	Afrenchsigns2.jpg	Afrenchsigns2.jpg	NOKEY	MAX	NOKEY
1447352416397	0	lts_1112I_25_01	25	01	0	115	16	1	1	Hit	563	16-first/celery.jpg	celery.jpg	SPACE	602	SPACE
1447352419473	0	lts_1112I_25_01	25	01	0	116	0	0	0	CR	MAX	8/legoblocks.jpg	legoblocks.jpg	NOKEY	MAX	NOKEY
1447352422549	0	lts_1112I_25_01	25	01	0	117	0	0	0	CR	MAX	22848828.thl.jpg	22848828.thl.jpg	NOKEY	MAX	NOKEY
1447352425625	0	lts_1112I_25_01	25	01	0	118	0	0	0	CR	MAX	Afitting3.jpg	Afitting3.jpg	NOKEY	MAX	NOKEY
1447352426612	0	lts_1112I_25_01	25	01	0	119	16	1	1	Hit	508	16-mul/8019684.thl.jpg	8019684.thl.jpg	SPACE	551	SPACE
1447352429688	0	lts_1112I_25_01	25	01	0	120	0	0	0	CR	MAX	26441176.thl.jpg	26441176.thl.jpg	NOKEY	MAX	NOKEY
1447352432764	0	lts_1112I_25_01	25	01	0	121	0	0	0	CR	MAX	Atoyhomeoffi4.jpg	Atoyhomeoffi4.jpg	NOKEY	MAX	NOKEY
1447352435840	0	lts_1112I_25_01	25	01	0	122	0	0	0	CR	MAX	AGHOST.jpg	AGHOST.jpg	NOKEY	MAX	NOKEY
1447352438916	0	lts_1112I_25_01	25	01	0	123	0	0	0	CR	MAX	AOTOSCOP5.jpg	AOTOSCOP5.jpg	NOKEY	MAX	NOKEY
1447352440136	0	lts_1112I_25_01	25	01	0	124	8	1	1	Hit	745	8-first/legoblocks.jpg	legoblocks.jpg	SPACE	786	SPACE
1447352443212	0	lts_1112I_25_01	25	01	0	125	0	0	0	CR	MAX	Adiscoball2.jpg	Adiscoball2.jpg	NOKEY	MAX	NOKEY
1447352446288	0	lts_1112I_25_01	25	01	0	126	0	0	0	CR	MAX	128/Aantelope2.jpg	Aantelope2.jpg	NOKEY	MAX	NOKEY
1447352449364	0	lts_1112I_25_01	25	01	0	127	0	0	0	CR	MAX	23028486.thl.jpg	23028486.thl.jpg	NOKEY	MAX	NOKEY
1447352450317	0	lts_1112I_25_01	25	01	0	128	4	1	1	Hit	479	4-mul/legoblocks.jpg	legoblocks.jpg	SPACE	518	SPACE
1447352453393	0	lts_1112I_25_01	25	01	0	129	0	0	0	CR	MAX	ABARBCHA3.jpg	ABARBCHA3.jpg	NOKEY	MAX	NOKEY
1447352456469	0	lts_1112I_25_01	25	01	0	130	0	0	0	CR	MAX	64/Aturban.jpg	Aturban.jpg	NOKEY	MAX	NOKEY
1447352457472	0	lts_1112I_25_01	25	01	0	131	16	1	1	Hit	520	16-mul/celery.jpg	celery.jpg	SPACE	569	SPACE
1447352460549	0	lts_1112I_25_01	25	01	0	132	0	0	0	CR	MAX	Adresser11.jpg	Adresser11.jpg	NOKEY	MAX	NOKEY
1447352463641	0	lts_1112I_25_01	25	01	0	133	0	0	0	CR	MAX	ATOILBAG2.jpg	ATOILBAG2.jpg	NOKEY	MAX	NOKEY
1447352466717	0	lts_1112I_25_01	25	01	0	134	0	0	0	CR	MAX	2/butternutsquash.jpg	butternutsquash.jpg	NOKEY	MAX	NOKEY
1447352469794	0	lts_1112I_25_01	25	01	0	135	0	0	0	CR	MAX	Acroissant.jpg	Acroissant.jpg	NOKEY	MAX	NOKEY
1447352470964	0	lts_1112I_25_01	25	01	0	136	2	1	1	Hit	698	2-2/butternutsquash.jpg	butternutsquash.jpg	SPACE	736	SPACE
1447352474057	0	lts_1112I_25_01	25	01	0	137	0	0	0	CR	MAX	AORGAN.jpg	AORGAN.jpg	NOKEY	MAX	NOKEY
1447352477133	0	lts_1112I_25_01	25	01	0	138	0	0	0	CR	MAX	1/ABAKECON3.jpg	ABAKECON3.jpg	NOKEY	MAX	NOKEY
1447352478186	0	lts_1112I_25_01	25	01	0	139	1	1	1	Hit	569	1-13/ABAKECON3.jpg	ABAKECON3.jpg	SPACE	619	SPACE
1447352481295	0	lts_1112I_25_01	25	01	0	140	0	0	0	CR	MAX	Ablackboardw3.jpg	Ablackboardw3.jpg	NOKEY	MAX	NOKEY
1447352484371	0	lts_1112I_25_01	25	01	0	141	0	0	0	CR	MAX	Apenguin2.jpg	Apenguin2.jpg	NOKEY	MAX	NOKEY
1447352487447	0	lts_1112I_25_01	25	01	0	142	0	0	0	CR	MAX	ASTOOL.jpg	ASTOOL.jpg	NOKEY	MAX	NOKEY
1447352490540	0	lts_1112I_25_01	25	01	0	143	0	0	0	CR	MAX	128/ASALINES5.jpg	ASALINES5.jpg	NOKEY	MAX	NOKEY
1447352491744	0	lts_1112I_25_01	25	01	0	144	64	1	1	Hit	733	64-first/hulahoop.jpg	hulahoop.jpg	SPACE	769	SPACE
1447352494820	0	lts_1112I_25_01	25	01	0	145	0	0	0	CR	MAX	Abutterdish.jpg	Abutterdish.jpg	NOKEY	MAX	NOKEY
1447352497896	0	lts_1112I_25_01	25	01	0	146	0	0	0	CR	MAX	26432848.thl.jpg	26432848.thl.jpg	NOKEY	MAX	NOKEY
1447352500972	0	lts_1112I_25_01	25	01	0	147	0	0	0	CR	MAX	ADENSYRIN.jpg	ADENSYRIN.jpg	NOKEY	MAX	NOKEY
1447352502043	0	lts_1112I_25_01	25	01	0	148	4	1	1	Hit	588	4-mul/hulahoop.jpg	hulahoop.jpg	SPACE	635	SPACE
1447352505118	0	lts_1112I_25_01	25	01	0	149	0	0	0	CR	MAX	AWEDCOU19.jpg	AWEDCOU19.jpg	NOKEY	MAX	NOKEY
1447352508211	0	lts_1112I_25_01	25	01	0	150	0	0	0	CR	MAX	Acanister10.jpg	Acanister10.jpg	NOKEY	MAX	NOKEY
1447352511287	0	lts_1112I_25_01	25	01	0	151	0	0	0	CR	MAX	26425322.thl.jpg	26425322.thl.jpg	NOKEY	MAX	NOKEY
1447352514380	0	lts_1112I_25_01	25	01	0	152	0	0	0	CR	MAX	AAPPCOVE2.jpg	AAPPCOVE2.jpg	NOKEY	MAX	NOKEY
1447352517456	0	lts_1112I_25_01	25	01	0	153	0	0	0	CR	MAX	4/ATOMATOSA.jpg	ATOMATOSA.jpg	NOKEY	MAX	NOKEY
1447352520532	0	lts_1112I_25_01	25	01	0	154	0	0	0	CR	MAX	AFISHHOO9.jpg	AFISHHOO9.jpg	NOKEY	MAX	NOKEY
1447352523608	0	lts_1112I_25_01	25	01	0	155	0	0	0	CR	MAX	ABEADS4.jpg	ABEADS4.jpg	NOKEY	MAX	NOKEY
1447352526684	0	lts_1112I_25_01	25	01	0	156	0	0	0	CR	MAX	Astonehome.jpg	Astonehome.jpg	NOKEY	MAX	NOKEY
1447352527821	0	lts_1112I_25_01	25	01	0	157	4	1	1	Hit	658	4-0/ATOMATOSA.jpg	ATOMATOSA.jpg	SPACE	702	SPACE
1447352530897	0	lts_1112I_25_01	25	01	0	158	0	0	0	CR	MAX	2/Aseeder2.jpg	Aseeder2.jpg	NOKEY	MAX	NOKEY
1447352533990	0	lts_1112I_25_01	25	01	0	159	0	0	0	CR	MAX	AFRENCHF2.jpg	AFRENCHF2.jpg	NOKEY	MAX	NOKEY
1447352535027	0	lts_1112I_25_01	25	01	0	160	2	1	1	Hit	562	2-1/Aseeder2.jpg	Aseeder2.jpg	SPACE	601	SPACE
1447352538102	0	lts_1112I_25_01	25	01	0	161	0	0	0	CR	MAX	Amilkcrate2.jpg	Amilkcrate2.jpg	NOKEY	MAX	NOKEY
1447352541178	0	lts_1112I_25_01	25	01	0	162	0	0	0	CR	MAX	8/AABSTRACT.jpg	AABSTRACT.jpg	NOKEY	MAX	NOKEY
1447352544254	0	lts_1112I_25_01	25	01	0	163	0	0	0	CR	MAX	Aham6.jpg	Aham6.jpg	NOKEY	MAX	NOKEY
1447352545374	0	lts_1112I_25_01	25	01	0	164	64	1	1	Hit	641	64-first/AWASHPART.jpg	AWASHPART.jpg	SPACE	685	SPACE
1447352548450	0	lts_1112I_25_01	25	01	0	165	0	0	0	CR	MAX	26429097.thl.jpg	26429097.thl.jpg	NOKEY	MAX	NOKEY
1447352551527	0	lts_1112I_25_01	25	01	0	166	0	0	0	CR	MAX	Abagofherbs.jpg	Abagofherbs.jpg	NOKEY	MAX	NOKEY
1447352552747	0	lts_1112I_25_01	25	01	0	167	0	0	1	FA	747	AKNIFEHOL.jpg	AKNIFEHOL.jpg	SPACE	786	NOKEY
1447352553884	0	lts_1112I_25_01	25	01	0	168	4	1	1	Hit	662	4-mul/AWASHPART.jpg	AWASHPART.jpg	SPACE	702	SPACE
1447352556960	0	lts_1112I_25_01	25	01	0	169	0	0	0	CR	MAX	Lanyard.jpg	Lanyard.jpg	NOKEY	MAX	NOKEY
1447352558230	0	lts_1112I_25_01	25	01	0	170	8	1	1	Hit	800	8-first/AABSTRACT.jpg	AABSTRACT.jpg	SPACE	836	SPACE
1447352561306	0	lts_1112I_25_01	25	01	0	171	0	0	0	CR	MAX	1/22903568.thl.jpg	22903568.thl.jpg	NOKEY	MAX	NOKEY
1447352562326	0	lts_1112I_25_01	25	01	0	172	1	1	1	Hit	544	1-8/22903568.thl.jpg	22903568.thl.jpg	SPACE	585	SPACE
1447352565402	0	lts_1112I_25_01	25	01	0	173	0	0	0	CR	MAX	26684827.thl.jpg	26684827.thl.jpg	NOKEY	MAX	NOKEY
1447352568478	0	lts_1112I_25_01	25	01	0	174	0	0	0	CR	MAX	2/22911908.thl.jpg	22911908.thl.jpg	NOKEY	MAX	NOKEY
1447352571554	0	lts_1112I_25_01	25	01	0	175	0	0	0	CR	MAX	16/AGRATER.jpg	AGRATER.jpg	NOKEY	MAX	NOKEY
1447352572524	0	lts_1112I_25_01	25	01	0	176	2	1	1	Hit	488	2-6/22911908.thl.jpg	22911908.thl.jpg	SPACE	535	SPACE
1447352575600	0	lts_1112I_25_01	25	01	0	177	0	0	0	CR	MAX	26427612.thl.jpg	26427612.thl.jpg	NOKEY	MAX	NOKEY
1447352578676	0	lts_1112I_25_01	25	01	0	178	0	0	0	CR	MAX	ADUNEBUGG.jpg	ADUNEBUGG.jpg	NOKEY	MAX	NOKEY
1447352580498	0	lts_1112I_25_01	25	01	0	179	0	0	1	FA	1354	AHIGCHAIR.jpg	AHIGCHAIR.jpg	SPACE	1388	NOKEY
1447352583574	0	lts_1112I_25_01	25	01	0	180	0	0	0	CR	MAX	4/ABABYSH33.jpg	ABABYSH33.jpg	NOKEY	MAX	NOKEY
1447352586651	0	lts_1112I_25_01	25	01	0	181	0	0	0	CR	MAX	Acompass20.jpg	Acompass20.jpg	NOKEY	MAX	NOKEY
1447352589727	0	lts_1112I_25_01	25	01	0	182	0	0	0	CR	MAX	ABIRDCAG2.jpg	ABIRDCAG2.jpg	NOKEY	MAX	NOKEY
1447352592819	0	lts_1112I_25_01	25	01	0	183	0	0	0	CR	MAX	16/weddingdress.jpg	weddingdress.jpg	NOKEY	MAX	NOKEY
1447352594558	0	lts_1112I_25_01	25	01	0	184	4	1	1	Hit	1255	4-9/ABABYSH33.jpg	ABABYSH33.jpg	SPACE	1304	SPACE
1447352596514	0	lts_1112I_25_01	25	01	0	185	0	0	1	FA	1488	AELECSAW.jpg	AELECSAW.jpg	SPACE	1521	NOKEY
1447352597617	0	lts_1112I_25_01	25	01	0	186	16	1	1	Hit	621	16-mul/AABSTRACT.jpg	AABSTRACT.jpg	SPACE	668	SPACE
1447352600694	0	lts_1112I_25_01	25	01	0	187	0	0	0	CR	MAX	1/Aantiquemailb.jpg	Aantiquemailb.jpg	NOKEY	MAX	NOKEY
1447352601680	0	lts_1112I_25_01	25	01	0	188	1	1	1	Hit	515	1-10/Aantiquemailb.jpg	Aantiquemailb.jpg	SPACE	552	SPACE
1447352604756	0	lts_1112I_25_01	25	01	0	189	0	0	0	CR	MAX	22853352.thl.jpg	22853352.thl.jpg	NOKEY	MAX	NOKEY
1447352607832	0	lts_1112I_25_01	25	01	0	190	0	0	0	CR	MAX	ANAPRINGS.jpg	ANAPRINGS.jpg	NOKEY	MAX	NOKEY
1447352609037	0	lts_1112I_25_01	25	01	0	191	16	1	1	Hit	723	16-first/AGRATER.jpg	AGRATER.jpg	SPACE	769	SPACE
1447352612128	0	lts_1112I_25_01	25	01	0	192	0	0	0	CR	MAX	A56THUND4.jpg	A56THUND4.jpg	NOKEY	MAX	NOKEY
1447352615204	0	lts_1112I_25_01	25	01	0	193	0	0	0	CR	MAX	16/26388148.thl.jpg	26388148.thl.jpg	NOKEY	MAX	NOKEY
1447352616341	0	lts_1112I_25_01	25	01	0	194	64	1	1	Hit	652	64-first/Aturban.jpg	Aturban.jpg	SPACE	702	SPACE
1447352619417	0	lts_1112I_25_01	25	01	0	195	0	0	0	CR	MAX	Atoyworm.jpg	Atoyworm.jpg	NOKEY	MAX	NOKEY
1447352620454	0	lts_1112I_25_01	25	01	0	196	2	1	1	Hit	563	2-mul/Aturban.jpg	Aturban.jpg	SPACE	603	SPACE
1447352623530	0	lts_1112I_25_01	25	01	0	197	0	0	0	CR	MAX	quiche.jpg	quiche.jpg	NOKEY	MAX	NOKEY
1447352626606	0	lts_1112I_25_01	25	01	0	198	0	0	0	CR	MAX	AANTIBIK4.jpg	AANTIBIK4.jpg	NOKEY	MAX	NOKEY
1447352627877	0	lts_1112I_25_01	25	01	0	199	16	1	1	Hit	790	16-first/weddingdress.jpg	weddingdress.jpg	SPACE	835	SPACE
1447352629331	0	lts_1112I_25_01	25	01	0	200	0	0	1	FA	961	AMOUSWHEE.jpg	AMOUSWHEE.jpg	SPACE	1003	NOKEY
1447352630451	0	lts_1112I_25_01	25	01	0	201	2	1	1	Hit	639	2-mul/weddingdress.jpg	weddingdress.jpg	SPACE	687	SPACE
1447352633544	0	lts_1112I_25_01	25	01	0	202	0	0	0	CR	MAX	64/ACHANGDIS.jpg	ACHANGDIS.jpg	NOKEY	MAX	NOKEY
1447352636620	0	lts_1112I_25_01	25	01	0	203	0	0	0	CR	MAX	AGLASSBAL.jpg	AGLASSBAL.jpg	NOKEY	MAX	NOKEY
1447352639696	0	lts_1112I_25_01	25	01	0	204	0	0	0	CR	MAX	Alaundrybask2.jpg	Alaundrybask2.jpg	NOKEY	MAX	NOKEY
1447352642772	0	lts_1112I_25_01	25	01	0	205	0	0	0	CR	MAX	26384637.thl.jpg	26384637.thl.jpg	NOKEY	MAX	NOKEY
1447352645848	0	lts_1112I_25_01	25	01	0	206	0	0	0	CR	MAX	gingerbreadcookie.jpg	gingerbreadcookie.jpg	NOKEY	MAX	NOKEY
1447352646901	0	lts_1112I_25_01	25	01	0	207	16	1	1	Hit	574	16-mul/AGRATER.jpg	AGRATER.jpg	SPACE	618	SPACE
1447352649977	0	lts_1112I_25_01	25	01	0	208	0	0	0	CR	MAX	Aantiquehat4.jpg	Aantiquehat4.jpg	NOKEY	MAX	NOKEY
1447352651214	0	lts_1112I_25_01	25	01	0	209	16	1	1	Hit	762	16-0/26388148.thl.jpg	26388148.thl.jpg	SPACE	802	SPACE
1447352654291	0	lts_1112I_25_01	25	01	0	210	0	0	0	CR	MAX	26421538.thl.jpg	26421538.thl.jpg	NOKEY	MAX	NOKEY
1447352657367	0	lts_1112I_25_01	25	01	0	211	0	0	0	CR	MAX	22825932.thl.jpg	22825932.thl.jpg	NOKEY	MAX	NOKEY
1447352660459	0	lts_1112I_25_01	25	01	0	212	0	0	0	CR	MAX	4/8019781.thl.jpg	8019781.thl.jpg	NOKEY	MAX	NOKEY
1447352663535	0	lts_1112I_25_01	25	01	0	213	0	0	0	CR	MAX	64/ASHAVING9.jpg	ASHAVING9.jpg	NOKEY	MAX	NOKEY
1447352666612	0	lts_1112I_25_01	25	01	0	214	0	0	0	CR	MAX	ADOGLEAS2.jpg	ADOGLEAS2.jpg	NOKEY	MAX	NOKEY
1447352669688	0	lts_1112I_25_01	25	01	0	215	0	0	0	CR	MAX	32/22903148.thl.jpg	22903148.thl.jpg	NOKEY	MAX	NOKEY
1447352670791	0	lts_1112I_25_01	25	01	0	216	4	1	1	Hit	632	4-5/8019781.thl.jpg	8019781.thl.jpg	SPACE	669	SPACE
1447352673867	0	lts_1112I_25_01	25	01	0	217	0	0	0	CR	MAX	AWOODBIN.jpg	AWOODBIN.jpg	NOKEY	MAX	NOKEY
1447352676943	0	lts_1112I_25_01	25	01	0	218	0	0	0	CR	MAX	Azucchini9.jpg	Azucchini9.jpg	NOKEY	MAX	NOKEY
1447352680037	0	lts_1112I_25_01	25	01	0	219	16	1	0	Miss	MAX	16/311-863-217.jpg	311-863-217.jpg	NOKEY	MAX	SPACE
1447352683112	0	lts_1112I_25_01	25	01	0	220	0	0	0	CR	MAX	ACHAIR.jpg	ACHAIR.jpg	NOKEY	MAX	NOKEY
1447352686188	0	lts_1112I_25_01	25	01	0	221	0	0	0	CR	MAX	1/Atool120.jpg	Atool120.jpg	NOKEY	MAX	NOKEY
1447352687358	0	lts_1112I_25_01	25	01	0	222	1	1	1	Hit	686	1-0/Atool120.jpg	Atool120.jpg	SPACE	735	SPACE
1447352690434	0	lts_1112I_25_01	25	01	0	223	0	0	0	CR	MAX	128/ALOOFA.jpg	ALOOFA.jpg	NOKEY	MAX	NOKEY
1447352693510	0	lts_1112I_25_01	25	01	0	224	0	0	0	CR	MAX	4/Ajesusstatue2.jpg	Ajesusstatue2.jpg	NOKEY	MAX	NOKEY
1447352696586	0	lts_1112I_25_01	25	01	0	225	0	0	0	CR	MAX	AASCDESC.jpg	AASCDESC.jpg	NOKEY	MAX	NOKEY
1447352699663	0	lts_1112I_25_01	25	01	0	226	0	0	0	CR	MAX	Awoodenspoon3.jpg	Awoodenspoon3.jpg	NOKEY	MAX	NOKEY
1447352702739	0	lts_1112I_25_01	25	01	0	227	0	0	0	CR	MAX	4/ALUNCHBO3.jpg	ALUNCHBO3.jpg	NOKEY	MAX	NOKEY
1447352704010	0	lts_1112I_25_01	25	01	0	228	4	1	1	Hit	787	4-2/Ajesusstatue2.jpg	Ajesusstatue2.jpg	SPACE	836	SPACE
1447352707085	0	lts_1112I_25_01	25	01	0	229	0	0	0	CR	MAX	16/ABASTER2.jpg	ABASTER2.jpg	NOKEY	MAX	NOKEY
1447352710178	0	lts_1112I_25_01	25	01	0	230	0	0	0	CR	MAX	128/swingset.jpg	swingset.jpg	NOKEY	MAX	NOKEY
1447352711398	0	lts_1112I_25_01	25	01	0	231	4	1	1	Hit	735	4-7/ALUNCHBO3.jpg	ALUNCHBO3.jpg	SPACE	786	SPACE
1447352714474	0	lts_1112I_25_01	25	01	0	232	0	0	0	CR	MAX	1/Atool152.jpg	Atool152.jpg	NOKEY	MAX	NOKEY
1447352715611	0	lts_1112I_25_01	25	01	0	233	1	1	1	Hit	661	1-9/Atool152.jpg	Atool152.jpg	SPACE	702	SPACE
1447352718687	0	lts_1112I_25_01	25	01	0	234	0	0	0	CR	MAX	Ajuicer27.jpg	Ajuicer27.jpg	NOKEY	MAX	NOKEY
1447352719891	0	lts_1112I_25_01	25	01	0	235	16	1	1	Hit	725	16-first/311-863-217.jpg	311-863-217.jpg	SPACE	769	SPACE
1447352722967	0	lts_1112I_25_01	25	01	0	236	0	0	0	CR	MAX	Acompass18.jpg	Acompass18.jpg	NOKEY	MAX	NOKEY
1447352724137	0	lts_1112I_25_01	25	01	0	237	2	1	1	Hit	686	2-mul/311-863-217.jpg	311-863-217.jpg	SPACE	735	SPACE
1447352727213	0	lts_1112I_25_01	25	01	0	238	0	0	0	CR	MAX	gymvaulting2.jpg	gymvaulting2.jpg	NOKEY	MAX	NOKEY
1447352730289	0	lts_1112I_25_01	25	01	0	239	128	1	0	Miss	MAX	128-7/ACHEESEB3.jpg	ACHEESEB3.jpg	NOKEY	MAX	SPACE
1447352733365	0	lts_1112I_25_01	25	01	0	240	0	0	0	CR	MAX	AFRUIT2.jpg	AFRUIT2.jpg	NOKEY	MAX	NOKEY
1447352736441	0	lts_1112I_25_01	25	01	0	241	0	0	0	CR	MAX	2/26433686.thl.jpg	26433686.thl.jpg	NOKEY	MAX	NOKEY
1447352739518	0	lts_1112I_25_01	25	01	0	242	0	0	0	CR	MAX	26427867.thl.jpg	26427867.thl.jpg	NOKEY	MAX	NOKEY
1447352740604	0	lts_1112I_25_01	25	01	0	243	2	1	1	Hit	601	2-9/26433686.thl.jpg	26433686.thl.jpg	SPACE	652	SPACE
1447352743680	0	lts_1112I_25_01	25	01	0	244	0	0	0	CR	MAX	Abucketwithcl.jpg	Abucketwithcl.jpg	NOKEY	MAX	NOKEY
1447352744884	0	lts_1112I_25_01	25	01	0	245	16	1	1	Hit	723	16-first/ABASTER2.jpg	ABASTER2.jpg	SPACE	769	SPACE
1447352747960	0	lts_1112I_25_01	25	01	0	246	0	0	0	CR	MAX	AMAGGLASS.jpg	AMAGGLASS.jpg	NOKEY	MAX	NOKEY
1447352749197	0	lts_1112I_25_01	25	01	0	247	32	1	1	Hit	762	32-2/22903148.thl.jpg	22903148.thl.jpg	SPACE	802	SPACE
1447352750418	0	lts_1112I_25_01	25	01	0	248	0	0	1	FA	723	ATEALANT8.jpg	ATEALANT8.jpg	SPACE	771	NOKEY
1447352751621	0	lts_1112I_25_01	25	01	0	249	4	1	1	Hit	733	4-mul/ABASTER2.jpg	ABASTER2.jpg	SPACE	769	SPACE
1447352754697	0	lts_1112I_25_01	25	01	0	250	0	0	0	CR	MAX	ACASKET5.jpg	ACASKET5.jpg	NOKEY	MAX	NOKEY
1447352757773	0	lts_1112I_25_01	25	01	0	251	0	0	0	CR	MAX	128/ATHERMO12.jpg	ATHERMO12.jpg	NOKEY	MAX	NOKEY
1447352760315	0	lts_1112I_25_01	25	01	0	252	0	0	1	FA	2061	ACEILHOOK.jpg	ACEILHOOK.jpg	SPACE	2106	NOKEY
1447352763391	0	lts_1112I_25_01	25	01	0	253	0	0	0	CR	MAX	4/AWINEJUG3.jpg	AWINEJUG3.jpg	NOKEY	MAX	NOKEY
1447352764945	0	lts_1112I_25_01	25	01	0	254	128	1	1	Hit	1075	128-5/Aantelope2.jpg	Aantelope2.jpg	SPACE	1120	SPACE
1447352768022	0	lts_1112I_25_01	25	01	0	255	0	0	0	CR	MAX	Aopenbriefcas.jpg	Aopenbriefcas.jpg	NOKEY	MAX	NOKEY
1447352771097	0	lts_1112I_25_01	25	01	0	256	0	0	0	CR	MAX	8/ALADLE5.jpg	ALADLE5.jpg	NOKEY	MAX	NOKEY
1447352772284	0	lts_1112I_25_01	25	01	0	257	4	1	1	Hit	701	4-6/AWINEJUG3.jpg	AWINEJUG3.jpg	SPACE	752	SPACE
1447352775360	0	lts_1112I_25_01	25	01	0	258	0	0	0	CR	MAX	ADIAMCRYS.jpg	ADIAMCRYS.jpg	NOKEY	MAX	NOKEY
1447352778453	0	lts_1112I_25_01	25	01	0	259	0	0	0	CR	MAX	22849260.thl.jpg	22849260.thl.jpg	NOKEY	MAX	NOKEY
1447352781529	0	lts_1112I_25_01	25	01	0	260	0	0	0	CR	MAX	32/ARUSSDO13.jpg	ARUSSDO13.jpg	NOKEY	MAX	NOKEY
1447352784605	0	lts_1112I_25_01	25	01	0	261	0	0	0	CR	MAX	batslct.jpg	batslct.jpg	NOKEY	MAX	NOKEY
1447352787681	0	lts_1112I_25_01	25	01	0	262	0	0	0	CR	MAX	Aplasticbott3.jpg	Aplasticbott3.jpg	NOKEY	MAX	NOKEY
1447352790757	0	lts_1112I_25_01	25	01	0	263	0	0	0	CR	MAX	16/26282693.thl.jpg	26282693.thl.jpg	NOKEY	MAX	NOKEY
1447352793015	0	lts_1112I_25_01	25	01	0	264	8	1	1	Hit	1780	8-2/ALADLE5.jpg	ALADLE5.jpg	SPACE	1822	SPACE
1447352796090	0	lts_1112I_25_01	25	01	0	265	0	0	0	CR	MAX	Atrailer5.jpg	Atrailer5.jpg	NOKEY	MAX	NOKEY
1447352797344	0	lts_1112I_25_01	25	01	0	266	64	1	1	Hit	768	64-first/ACHANGDIS.jpg	ACHANGDIS.jpg	SPACE	819	SPACE
1447352800420	0	lts_1112I_25_01	25	01	0	267	0	0	0	CR	MAX	8076304.thl.jpg	8076304.thl.jpg	NOKEY	MAX	NOKEY
1447352801524	0	lts_1112I_25_01	25	01	0	268	2	1	1	Hit	630	2-mul/ACHANGDIS.jpg	ACHANGDIS.jpg	SPACE	669	SPACE
1447352804600	0	lts_1112I_25_01	25	01	0	269	0	0	0	CR	MAX	22857516.thl.jpg	22857516.thl.jpg	NOKEY	MAX	NOKEY
1447352807693	0	lts_1112I_25_01	25	01	0	270	0	0	0	CR	MAX	4/checkejellyjar.jpg	checkejellyjar.jpg	NOKEY	MAX	NOKEY
1447352810769	0	lts_1112I_25_01	25	01	0	271	128	1	0	Miss	MAX	128-1/ASALINES5.jpg	ASALINES5.jpg	NOKEY	MAX	SPACE
1447352813845	0	lts_1112I_25_01	25	01	0	272	0	0	0	CR	MAX	8021743.thl.jpg	8021743.thl.jpg	NOKEY	MAX	NOKEY
1447352816921	0	lts_1112I_25_01	25	01	0	273	0	0	0	CR	MAX	22856172.thl.jpg	22856172.thl.jpg	NOKEY	MAX	NOKEY
1447352818108	0	lts_1112I_25_01	25	01	0	274	4	1	1	Hit	715	4-1/checkejellyjar.jpg	checkejellyjar.jpg	SPACE	753	SPACE
1447352821184	0	lts_1112I_25_01	25	01	0	275	0	0	0	CR	MAX	26423303.thl.jpg	26423303.thl.jpg	NOKEY	MAX	NOKEY
1447352824260	0	lts_1112I_25_01	25	01	0	276	0	0	0	CR	MAX	8/26379054.thl.jpg	26379054.thl.jpg	NOKEY	MAX	NOKEY
1447352825363	0	lts_1112I_25_01	25	01	0	277	64	1	1	Hit	626	64-first/ASHAVING9.jpg	ASHAVING9.jpg	SPACE	669	SPACE
1447352828439	0	lts_1112I_25_01	25	01	0	278	0	0	0	CR	MAX	pinecone02.jpg	pinecone02.jpg	NOKEY	MAX	NOKEY
1447352831515	0	lts_1112I_25_01	25	01	0	279	16	1	0	Miss	MAX	16-first/26282693.thl.jpg	26282693.thl.jpg	NOKEY	MAX	SPACE
1447352834591	0	lts_1112I_25_01	25	01	0	280	0	0	0	CR	MAX	cranemachine.jpg	cranemachine.jpg	NOKEY	MAX	NOKEY
1447352835645	0	lts_1112I_25_01	25	01	0	281	4	1	1	Hit	570	4-mul/ASHAVING9.jpg	ASHAVING9.jpg	SPACE	618	SPACE
1447352838737	0	lts_1112I_25_01	25	01	0	282	0	0	0	CR	MAX	hairbarette.jpg	hairbarette.jpg	NOKEY	MAX	NOKEY
1447352841813	0	lts_1112I_25_01	25	01	0	283	0	0	0	CR	MAX	ADINROO16.jpg	ADINROO16.jpg	NOKEY	MAX	NOKEY
1447352842917	0	lts_1112I_25_01	25	01	0	284	8	1	1	Hit	621	8-first/26379054.thl.jpg	26379054.thl.jpg	SPACE	669	SPACE
1447352844305	0	lts_1112I_25_01	25	01	0	285	0	0	1	FA	917	ADRESSE14.jpg	ADRESSE14.jpg	SPACE	953	NOKEY
1447352845424	0	lts_1112I_25_01	25	01	0	286	2	1	1	Hit	647	2-mul/26379054.thl.jpg	26379054.thl.jpg	SPACE	686	SPACE
1447352848501	0	lts_1112I_25_01	25	01	0	287	0	0	0	CR	MAX	1/AHAIRCLI6.jpg	AHAIRCLI6.jpg	NOKEY	MAX	NOKEY
1447352849470	0	lts_1112I_25_01	25	01	0	288	1	1	1	Hit	494	1-2/AHAIRCLI6.jpg	AHAIRCLI6.jpg	SPACE	536	SPACE
1447352852546	0	lts_1112I_25_01	25	01	0	289	0	0	0	CR	MAX	AARMYTRUK.jpg	AARMYTRUK.jpg	NOKEY	MAX	NOKEY
1447352855622	0	lts_1112I_25_01	25	01	0	290	0	0	0	CR	MAX	Ajoystick10.jpg	Ajoystick10.jpg	NOKEY	MAX	NOKEY
1447352858698	0	lts_1112I_25_01	25	01	0	291	0	0	0	CR	MAX	Atoyslide.jpg	Atoyslide.jpg	NOKEY	MAX	NOKEY
1447352859919	0	lts_1112I_25_01	25	01	0	292	32	1	1	Hit	746	32-6/ARUSSDO13.jpg	ARUSSDO13.jpg	SPACE	786	SPACE
1447352862995	0	lts_1112I_25_01	25	01	0	293	0	0	0	CR	MAX	Acardinal2.jpg	Acardinal2.jpg	NOKEY	MAX	NOKEY
1447352866072	0	lts_1112I_25_01	25	01	0	294	0	0	0	CR	MAX	AMEATGR14.jpg	AMEATGR14.jpg	NOKEY	MAX	NOKEY
1447352867341	0	lts_1112I_25_01	25	01	0	295	16	1	1	Hit	791	16-mul/26282693.thl.jpg	26282693.thl.jpg	SPACE	836	SPACE
1447352870434	0	lts_1112I_25_01	25	01	0	296	0	0	0	CR	MAX	Apocketwatch.jpg	Apocketwatch.jpg	NOKEY	MAX	NOKEY
1447352873510	0	lts_1112I_25_01	25	01	0	297	0	0	0	CR	MAX	Alatch7.jpg	Alatch7.jpg	NOKEY	MAX	NOKEY
1447352876319	0	lts_1112I_25_01	25	01	0	298	0	0	1	FA	2325	2/Abicyclekick2.jpg	Abicyclekick2.jpg	SPACE	2374	NOKEY
1447352879395	0	lts_1112I_25_01	25	01	0	299	0	0	0	CR	MAX	AONETOAST.jpg	AONETOAST.jpg	NOKEY	MAX	NOKEY
1447352880515	0	lts_1112I_25_01	25	01	0	300	2	1	1	Hit	647	2-0/Abicyclekick2.jpg	Abicyclekick2.jpg	SPACE	686	SPACE
1447352883591	0	lts_1112I_25_01	25	01	0	301	0	0	0	CR	MAX	64/26461587.thl.jpg	26461587.thl.jpg	NOKEY	MAX	NOKEY
1447352886667	0	lts_1112I_25_01	25	01	0	302	0	0	0	CR	MAX	1/Aboots56.jpg	Aboots56.jpg	NOKEY	MAX	NOKEY
1447352887654	0	lts_1112I_25_01	25	01	0	303	1	1	1	Hit	508	1-1/Aboots56.jpg	Aboots56.jpg	SPACE	552	SPACE
1447352890730	0	lts_1112I_25_01	25	01	0	304	0	0	0	CR	MAX	26772824.thl.jpg	26772824.thl.jpg	NOKEY	MAX	NOKEY
1447352893806	0	lts_1112I_25_01	25	01	0	305	0	0	0	CR	MAX	16/Anailpolish.jpg	Anailpolish.jpg	NOKEY	MAX	NOKEY
1447352896898	0	lts_1112I_25_01	25	01	0	306	0	0	0	CR	MAX	AGLASSTRO.jpg	AGLASSTRO.jpg	NOKEY	MAX	NOKEY
1447352899974	0	lts_1112I_25_01	25	01	0	307	0	0	0	CR	MAX	AAEROBENC.jpg	AAEROBENC.jpg	NOKEY	MAX	NOKEY
1447352901228	0	lts_1112I_25_01	25	01	0	308	0	0	1	FA	771	AMOUSETOY.jpg	AMOUSETOY.jpg	SPACE	819	NOKEY
1447352904304	0	lts_1112I_25_01	25	01	0	309	0	0	0	CR	MAX	128/Abagofpaperfl.jpg	Abagofpaperfl.jpg	NOKEY	MAX	NOKEY
1447352907380	0	lts_1112I_25_01	25	01	0	310	0	0	0	CR	MAX	burrito.jpg	burrito.jpg	NOKEY	MAX	NOKEY
1447352910457	0	lts_1112I_25_01	25	01	0	311	0	0	0	CR	MAX	gymbench.jpg	gymbench.jpg	NOKEY	MAX	NOKEY
1447352913533	0	lts_1112I_25_01	25	01	0	312	0	0	0	CR	MAX	8020414.thl.jpg	8020414.thl.jpg	NOKEY	MAX	NOKEY
1447352916609	0	lts_1112I_25_01	25	01	0	313	0	0	0	CR	MAX	Aqueenofspade.jpg	Aqueenofspade.jpg	NOKEY	MAX	NOKEY
1447352919685	0	lts_1112I_25_01	25	01	0	314	0	0	0	CR	MAX	Aclock213.jpg	Aclock213.jpg	NOKEY	MAX	NOKEY
1447352922778	0	lts_1112I_25_01	25	01	0	315	0	0	0	CR	MAX	ABLACKB12.jpg	ABLACKB12.jpg	NOKEY	MAX	NOKEY
1447352925854	0	lts_1112I_25_01	25	01	0	316	0	0	0	CR	MAX	cigarette03.jpg	cigarette03.jpg	NOKEY	MAX	NOKEY
1447352928930	0	lts_1112I_25_01	25	01	0	317	0	0	0	CR	MAX	128/Adropper2.jpg	Adropper2.jpg	NOKEY	MAX	NOKEY
1447352932007	0	lts_1112I_25_01	25	01	0	318	0	0	0	CR	MAX	ABATHSTE2.jpg	ABATHSTE2.jpg	NOKEY	MAX	NOKEY
1447352935099	0	lts_1112I_25_01	25	01	0	319	0	0	0	CR	MAX	4/Abrickhomeand.jpg	Abrickhomeand.jpg	NOKEY	MAX	NOKEY
1447352936419	0	lts_1112I_25_01	25	01	0	320	0	0	1	FA	851	ABRUSH19.jpg	ABRUSH19.jpg	SPACE	887	NOKEY
1447352937773	0	lts_1112I_25_01	25	01	0	321	16	1	1	Hit	873	16-first/Anailpolish.jpg	Anailpolish.jpg	SPACE	919	SPACE
1447352940849	0	lts_1112I_25_01	25	01	0	322	0	0	0	CR	MAX	football.JPG	football.JPG	NOKEY	MAX	NOKEY
1447352942004	0	lts_1112I_25_01	25	01	0	323	4	1	1	Hit	668	4-4/Abrickhomeand.jpg	Abrickhomeand.jpg	SPACE	719	SPACE
1447352945080	0	lts_1112I_25_01	25	01	0	324	0	0	0	CR	MAX	ABROWCONT.jpg	ABROWCONT.jpg	NOKEY	MAX	NOKEY
1447352946115	0	lts_1112I_25_01	25	01	0	325	4	1	1	Hit	552	4-mul/Anailpolish.jpg	Anailpolish.jpg	SPACE	601	SPACE
1447352949192	0	lts_1112I_25_01	25	01	0	326	0	0	0	CR	MAX	Acombination6.jpg	Acombination6.jpg	NOKEY	MAX	NOKEY
1447352952284	0	lts_1112I_25_01	25	01	0	327	0	0	0	CR	MAX	Abooties4.jpg	Abooties4.jpg	NOKEY	MAX	NOKEY
1447352955360	0	lts_1112I_25_01	25	01	0	328	0	0	0	CR	MAX	26427950.thl.jpg	26427950.thl.jpg	NOKEY	MAX	NOKEY
1447352958436	0	lts_1112I_25_01	25	01	0	329	0	0	0	CR	MAX	8/26374166.thl.jpg	26374166.thl.jpg	NOKEY	MAX	NOKEY
1447352961513	0	lts_1112I_25_01	25	01	0	330	0	0	0	CR	MAX	Agroundhog.jpg	Agroundhog.jpg	NOKEY	MAX	NOKEY
1447352964589	0	lts_1112I_25_01	25	01	0	331	0	0	0	CR	MAX	8/26378986.thl.jpg	26378986.thl.jpg	NOKEY	MAX	NOKEY
1447352967665	0	lts_1112I_25_01	25	01	0	332	0	0	0	CR	MAX	AARMCHA25.jpg	AARMCHA25.jpg	NOKEY	MAX	NOKEY
1447352970741	0	lts_1112I_25_01	25	01	0	333	0	0	0	CR	MAX	ADEEPFRYS.jpg	ADEEPFRYS.jpg	NOKEY	MAX	NOKEY
1447352973817	0	lts_1112I_25_01	25	01	0	334	0	0	0	CR	MAX	battery.jpg	battery.jpg	NOKEY	MAX	NOKEY
1447352976893	0	lts_1112I_25_01	25	01	0	335	0	0	0	CR	MAX	ShoeHorn.jpg	ShoeHorn.jpg	NOKEY	MAX	NOKEY
1447352979969	0	lts_1112I_25_01	25	01	0	336	0	0	0	CR	MAX	Alifebuo3.jpg	Alifebuo3.jpg	NOKEY	MAX	NOKEY
1447352981089	0	lts_1112I_25_01	25	01	0	337	8	1	1	Hit	641	8-first/26374166.thl.jpg	26374166.thl.jpg	SPACE	686	SPACE
1447352984165	0	lts_1112I_25_01	25	01	0	338	0	0	0	CR	MAX	AGRILL3.jpg	AGRILL3.jpg	NOKEY	MAX	NOKEY
1447352985335	0	lts_1112I_25_01	25	01	0	339	8	1	1	Hit	691	8-first/26378986.thl.jpg	26378986.thl.jpg	SPACE	735	SPACE
1447352988411	0	lts_1112I_25_01	25	01	0	340	0	0	0	CR	MAX	22853544.thl.jpg	22853544.thl.jpg	NOKEY	MAX	NOKEY
1447352991487	0	lts_1112I_25_01	25	01	0	341	0	0	0	CR	MAX	Achick9.jpg	Achick9.jpg	NOKEY	MAX	NOKEY
1447352994564	0	lts_1112I_25_01	25	01	0	342	0	0	0	CR	MAX	ASUSHI8.jpg	ASUSHI8.jpg	NOKEY	MAX	NOKEY
1447352995684	0	lts_1112I_25_01	25	01	0	343	4	1	1	Hit	638	4-mul/26378986.thl.jpg	26378986.thl.jpg	SPACE	685	SPACE
1447352998793	0	lts_1112I_25_01	25	01	0	344	0	0	0	CR	MAX	Awoodenegg.jpg	Awoodenegg.jpg	NOKEY	MAX	NOKEY
1447353001869	0	lts_1112I_25_01	25	01	0	345	0	0	0	CR	MAX	32/26390325.thl.jpg	26390325.thl.jpg	NOKEY	MAX	NOKEY
1447353004945	0	lts_1112I_25_01	25	01	0	346	0	0	0	CR	MAX	Aflask19.jpg	Aflask19.jpg	NOKEY	MAX	NOKEY
1447353008022	0	lts_1112I_25_01	25	01	0	347	0	0	0	CR	MAX	2/26439913.thl.jpg	26439913.thl.jpg	NOKEY	MAX	NOKEY
1447353011114	0	lts_1112I_25_01	25	01	0	348	0	0	0	CR	MAX	64/ABREASPU2.jpg	ABREASPU2.jpg	NOKEY	MAX	NOKEY
1447353012201	0	lts_1112I_25_01	25	01	0	349	2	1	1	Hit	606	2-8/26439913.thl.jpg	26439913.thl.jpg	SPACE	652	SPACE
1447353015277	0	lts_1112I_25_01	25	01	0	350	0	0	0	CR	MAX	beachtowels.jpg	beachtowels.jpg	NOKEY	MAX	NOKEY
1447353016648	0	lts_1112I_25_01	25	01	0	351	128	1	1	Hit	898	128-0/ALOOFA.jpg	ALOOFA.jpg	SPACE	937	SPACE
1447353019724	0	lts_1112I_25_01	25	01	0	352	0	0	0	CR	MAX	stickersparty.jpg	stickersparty.jpg	NOKEY	MAX	NOKEY
1447353020810	0	lts_1112I_25_01	25	01	0	353	16	1	1	Hit	615	16-mul/26374166.thl.jpg	26374166.thl.jpg	SPACE	652	SPACE
1447353023886	0	lts_1112I_25_01	25	01	0	354	0	0	0	CR	MAX	Arunningshoe4.jpg	Arunningshoe4.jpg	NOKEY	MAX	NOKEY
1447353025041	0	lts_1112I_25_01	25	01	0	355	0	0	1	FA	682	Alei23.jpg	Alei23.jpg	SPACE	719	NOKEY
1447353028116	0	lts_1112I_25_01	25	01	0	356	0	0	0	CR	MAX	ACOFFGRI9.jpg	ACOFFGRI9.jpg	NOKEY	MAX	NOKEY
1447353029253	0	lts_1112I_25_01	25	01	0	357	0	0	1	FA	659	26423905.thl.jpg	26423905.thl.jpg	SPACE	702	NOKEY
1447353030691	0	lts_1112I_25_01	25	01	0	358	128	1	1	Hit	966	128-3/swingset.jpg	swingset.jpg	SPACE	1003	SPACE
1447353033767	0	lts_1112I_25_01	25	01	0	359	0	0	0	CR	MAX	2/ASMOKDE16.jpg	ASMOKDE16.jpg	NOKEY	MAX	NOKEY
1447353036843	0	lts_1112I_25_01	25	01	0	360	0	0	0	CR	MAX	ABANJO5.jpg	ABANJO5.jpg	NOKEY	MAX	NOKEY
1447353037913	0	lts_1112I_25_01	25	01	0	361	2	1	1	Hit	589	2-12/ASMOKDE16.jpg	ASMOKDE16.jpg	SPACE	635	SPACE
1447353040989	0	lts_1112I_25_01	25	01	0	362	0	0	0	CR	MAX	ACUTLERYB.jpg	ACUTLERYB.jpg	NOKEY	MAX	NOKEY
1447353044066	0	lts_1112I_25_01	25	01	0	363	0	0	0	CR	MAX	Abasket110.jpg	Abasket110.jpg	NOKEY	MAX	NOKEY
1447353047158	0	lts_1112I_25_01	25	01	0	364	0	0	0	CR	MAX	22870356.thl.jpg	22870356.thl.jpg	NOKEY	MAX	NOKEY
1447353048395	0	lts_1112I_25_01	25	01	0	365	64	1	1	Hit	757	64-first/26461587.thl.jpg	26461587.thl.jpg	SPACE	803	SPACE
1447353051471	0	lts_1112I_25_01	25	01	0	366	0	0	0	CR	MAX	baseballbat04.jpg	baseballbat04.jpg	NOKEY	MAX	NOKEY
1447353054547	0	lts_1112I_25_01	25	01	0	367	0	0	0	CR	MAX	Afoodgrinder2.jpg	Afoodgrinder2.jpg	NOKEY	MAX	NOKEY
1447353057623	0	lts_1112I_25_01	25	01	0	368	0	0	0	CR	MAX	AANSHIEL4.jpg	AANSHIEL4.jpg	NOKEY	MAX	NOKEY
1447353060699	0	lts_1112I_25_01	25	01	0	369	0	0	0	CR	MAX	10049816.thl.jpg	10049816.thl.jpg	NOKEY	MAX	NOKEY
1447353063775	0	lts_1112I_25_01	25	01	0	370	0	0	0	CR	MAX	1/Apartyha3.jpg	Apartyha3.jpg	NOKEY	MAX	NOKEY
1447353065196	0	lts_1112I_25_01	25	01	0	371	1	1	1	Hit	943	1-5/Apartyha3.jpg	Apartyha3.jpg	SPACE	986	SPACE
1447353068272	0	lts_1112I_25_01	25	01	0	372	0	0	0	CR	MAX	26439074.thl.jpg	26439074.thl.jpg	NOKEY	MAX	NOKEY
1447353071348	0	lts_1112I_25_01	25	01	0	373	0	0	0	CR	MAX	26688546.thl.jpg	26688546.thl.jpg	NOKEY	MAX	NOKEY
1447353074441	0	lts_1112I_25_01	25	01	0	374	0	0	0	CR	MAX	AGARBAGE.jpg	AGARBAGE.jpg	NOKEY	MAX	NOKEY
1447353076380	0	lts_1112I_25_01	25	01	0	375	0	0	1	FA	1465	26433347.thl.jpg	26433347.thl.jpg	SPACE	1505	NOKEY
1447353079456	0	lts_1112I_25_01	25	01	0	376	0	0	0	CR	MAX	Asandal7.jpg	Asandal7.jpg	NOKEY	MAX	NOKEY
1447353080627	0	lts_1112I_25_01	25	01	0	377	32	1	1	Hit	690	32-8/26390325.thl.jpg	26390325.thl.jpg	SPACE	735	SPACE
1447353083703	0	lts_1112I_25_01	25	01	0	378	0	0	0	CR	MAX	ASNBRD2.jpg	ASNBRD2.jpg	NOKEY	MAX	NOKEY
1447353084973	0	lts_1112I_25_01	25	01	0	379	128	1	1	Hit	788	128-6/ATHERMO12.jpg	ATHERMO12.jpg	SPACE	836	SPACE
1447353088050	0	lts_1112I_25_01	25	01	0	380	0	0	0	CR	MAX	AREDBEAN5.jpg	AREDBEAN5.jpg	NOKEY	MAX	NOKEY
1447353089119	0	lts_1112I_25_01	25	01	0	381	16	1	1	Hit	587	16-mul/26461587.thl.jpg	26461587.thl.jpg	SPACE	634	SPACE
1447353092195	0	lts_1112I_25_01	25	01	0	382	0	0	0	CR	MAX	1/ASCREW24.jpg	ASCREW24.jpg	NOKEY	MAX	NOKEY
1447353095138	0	lts_1112I_25_01	25	01	0	383	1	1	1	Hit	2458	1-12/ASCREW24.jpg	ASCREW24.jpg	SPACE	2507	SPACE
1447353097311	0	lts_1112I_25_01	25	01	0	384	0	0	1	FA	1695	26370116.thl.jpg	26370116.thl.jpg	SPACE	1739	NOKEY
1447353100387	0	lts_1112I_25_01	25	01	0	385	0	0	0	CR	MAX	AMICROWA2.jpg	AMICROWA2.jpg	NOKEY	MAX	NOKEY
1447353103480	0	lts_1112I_25_01	25	01	0	386	0	0	0	CR	MAX	8/ACDRAINER.jpg	ACDRAINER.jpg	NOKEY	MAX	NOKEY
1447353106556	0	lts_1112I_25_01	25	01	0	387	0	0	0	CR	MAX	1/Abackpack11.jpg	Abackpack11.jpg	NOKEY	MAX	NOKEY
1447353107592	0	lts_1112I_25_01	25	01	0	388	1	1	1	Hit	567	1-7/Abackpack11.jpg	Abackpack11.jpg	SPACE	602	SPACE
1447353110668	0	lts_1112I_25_01	25	01	0	389	0	0	0	CR	MAX	26423175.thl.jpg	26423175.thl.jpg	NOKEY	MAX	NOKEY
1447353113744	0	lts_1112I_25_01	25	01	0	390	0	0	0	CR	MAX	spoon-a.jpg	spoon-a.jpg	NOKEY	MAX	NOKEY
1447353116820	0	lts_1112I_25_01	25	01	0	391	0	0	0	CR	MAX	ACIGCUTT.jpg	ACIGCUTT.jpg	NOKEY	MAX	NOKEY
1447353119897	0	lts_1112I_25_01	25	01	0	392	0	0	0	CR	MAX	4/Achampagnebo2.jpg	Achampagnebo2.jpg	NOKEY	MAX	NOKEY
1447353122973	0	lts_1112I_25_01	25	01	0	393	0	0	0	CR	MAX	woodvase.jpg	woodvase.jpg	NOKEY	MAX	NOKEY
1447353124193	0	lts_1112I_25_01	25	01	0	394	8	1	1	Hit	740	8-first/ACDRAINER.jpg	ACDRAINER.jpg	SPACE	786	SPACE
1447353127269	0	lts_1112I_25_01	25	01	0	395	0	0	0	CR	MAX	ABUSTFOR7.jpg	ABUSTFOR7.jpg	NOKEY	MAX	NOKEY
1447353128406	0	lts_1112I_25_01	25	01	0	396	4	1	1	Hit	655	4-11/Achampagnebo2.jpg	Achampagnebo2.jpg	SPACE	703	SPACE
1447353131482	0	lts_1112I_25_01	25	01	0	397	0	0	0	CR	MAX	Alifeves2.jpg	Alifeves2.jpg	NOKEY	MAX	NOKEY
1447353134575	0	lts_1112I_25_01	25	01	0	398	0	0	0	CR	MAX	ADAQUIRI.jpg	ADAQUIRI.jpg	NOKEY	MAX	NOKEY
1447353137651	0	lts_1112I_25_01	25	01	0	399	0	0	0	CR	MAX	9815480.thl.jpg	9815480.thl.jpg	NOKEY	MAX	NOKEY
1447353140727	0	lts_1112I_25_01	25	01	0	400	0	0	0	CR	MAX	1/8255030.thl.jpg	8255030.thl.jpg	NOKEY	MAX	NOKEY
1447353142082	0	lts_1112I_25_01	25	01	0	401	1	1	1	Hit	874	1-3/8255030.thl.jpg	8255030.thl.jpg	SPACE	920	SPACE
1447353145157	0	lts_1112I_25_01	25	01	0	402	0	0	0	CR	MAX	ATOWRACK3.jpg	ATOWRACK3.jpg	NOKEY	MAX	NOKEY
1447353148233	0	lts_1112I_25_01	25	01	0	403	0	0	0	CR	MAX	Aconnector2.jpg	Aconnector2.jpg	NOKEY	MAX	NOKEY
1447353151309	0	lts_1112I_25_01	25	01	0	404	0	0	0	CR	MAX	2/tofu.jpg	tofu.jpg	NOKEY	MAX	NOKEY
1447353154385	0	lts_1112I_25_01	25	01	0	405	0	0	0	CR	MAX	26432755.thl.jpg	26432755.thl.jpg	NOKEY	MAX	NOKEY
1447353155589	0	lts_1112I_25_01	25	01	0	406	2	1	1	Hit	727	2-11/tofu.jpg	tofu.jpg	SPACE	769	SPACE
1447353158665	0	lts_1112I_25_01	25	01	0	407	0	0	0	CR	MAX	8031659.thl.jpg	8031659.thl.jpg	NOKEY	MAX	NOKEY
1447353161741	0	lts_1112I_25_01	25	01	0	408	0	0	0	CR	MAX	26392231.thl.jpg	26392231.thl.jpg	NOKEY	MAX	NOKEY
1447353164834	0	lts_1112I_25_01	25	01	0	409	0	0	0	CR	MAX	B_orange.jpg	B_orange.jpg	NOKEY	MAX	NOKEY
1447353166088	0	lts_1112I_25_01	25	01	0	410	16	1	1	Hit	772	16-mul/ACDRAINER.jpg	ACDRAINER.jpg	SPACE	820	SPACE
1447353169164	0	lts_1112I_25_01	25	01	0	411	0	0	0	CR	MAX	Agolfplaque.jpg	Agolfplaque.jpg	NOKEY	MAX	NOKEY
1447353170300	0	lts_1112I_25_01	25	01	0	412	64	1	1	Hit	660	64-first/ABREASPU2.jpg	ABREASPU2.jpg	SPACE	702	SPACE
1447353173377	0	lts_1112I_25_01	25	01	0	413	0	0	0	CR	MAX	Abellows4.jpg	Abellows4.jpg	NOKEY	MAX	NOKEY
1447353174446	0	lts_1112I_25_01	25	01	0	414	2	1	1	Hit	591	2-mul/ABREASPU2.jpg	ABREASPU2.jpg	SPACE	636	SPACE
1447353177523	0	lts_1112I_25_01	25	01	0	415	0	0	0	CR	MAX	4/8081398.thl.jpg	8081398.thl.jpg	NOKEY	MAX	NOKEY
1447353180599	0	lts_1112I_25_01	25	01	0	416	0	0	0	CR	MAX	1/ACAMLENSE.jpg	ACAMLENSE.jpg	NOKEY	MAX	NOKEY
1447353181602	0	lts_1112I_25_01	25	01	0	417	1	1	1	Hit	532	1-11/ACAMLENSE.jpg	ACAMLENSE.jpg	SPACE	569	SPACE
1447353184678	0	lts_1112I_25_01	25	01	0	418	0	0	0	CR	MAX	popcorn.jpg	popcorn.jpg	NOKEY	MAX	NOKEY
1447353187754	0	lts_1112I_25_01	25	01	0	419	4	1	0	Miss	MAX	4-12/8081398.thl.jpg	8081398.thl.jpg	NOKEY	MAX	SPACE
1447353190830	0	lts_1112I_25_01	25	01	0	420	0	0	0	CR	MAX	2/ACOCONUT2.jpg	ACOCONUT2.jpg	NOKEY	MAX	NOKEY
1447353193906	0	lts_1112I_25_01	25	01	0	421	0	0	0	CR	MAX	8/22923524.thl.jpg	22923524.thl.jpg	NOKEY	MAX	NOKEY
1447353194926	0	lts_1112I_25_01	25	01	0	422	2	1	1	Hit	545	2-4/ACOCONUT2.jpg	ACOCONUT2.jpg	SPACE	586	SPACE
1447353198020	0	lts_1112I_25_01	25	01	0	423	0	0	0	CR	MAX	22826832.thl.jpg	22826832.thl.jpg	NOKEY	MAX	NOKEY
1447353201095	0	lts_1112I_25_01	25	01	0	424	0	0	0	CR	MAX	A100FRAN3.jpg	A100FRAN3.jpg	NOKEY	MAX	NOKEY
1447353204171	0	lts_1112I_25_01	25	01	0	425	0	0	0	CR	MAX	Acleaningbru3.jpg	Acleaningbru3.jpg	NOKEY	MAX	NOKEY
1447353207247	0	lts_1112I_25_01	25	01	0	426	0	0	0	CR	MAX	APIPE8.jpg	APIPE8.jpg	NOKEY	MAX	NOKEY
1447353210340	0	lts_1112I_25_01	25	01	0	427	0	0	0	CR	MAX	Agolfbag.jpg	Agolfbag.jpg	NOKEY	MAX	NOKEY
1447353213416	0	lts_1112I_25_01	25	01	0	428	0	0	0	CR	MAX	Atoypersonwi2.jpg	Atoypersonwi2.jpg	NOKEY	MAX	NOKEY
1447353214536	0	lts_1112I_25_01	25	01	0	429	8	1	1	Hit	642	8-first/22923524.thl.jpg	22923524.thl.jpg	SPACE	686	SPACE
1447353217612	0	lts_1112I_25_01	25	01	0	430	0	0	0	CR	MAX	ADRUM.jpg	ADRUM.jpg	NOKEY	MAX	NOKEY
1447353218665	0	lts_1112I_25_01	25	01	0	431	2	1	1	Hit	581	2-mul/22923524.thl.jpg	22923524.thl.jpg	SPACE	619	SPACE
1447353221758	0	lts_1112I_25_01	25	01	0	432	0	0	0	CR	MAX	Awoodenhamme8.jpg	Awoodenhamme8.jpg	NOKEY	MAX	NOKEY
1447353224834	0	lts_1112I_25_01	25	01	0	433	0	0	0	CR	MAX	2/Aboxofnotepa4.jpg	Aboxofnotepa4.jpg	NOKEY	MAX	NOKEY
1447353227910	0	lts_1112I_25_01	25	01	0	434	0	0	0	CR	MAX	26461413.thl.jpg	26461413.thl.jpg	NOKEY	MAX	NOKEY
1447353229048	0	lts_1112I_25_01	25	01	0	435	2	1	1	Hit	655	2-3/Aboxofnotepa4.jpg	Aboxofnotepa4.jpg	SPACE	703	SPACE
1447353232139	0	lts_1112I_25_01	25	01	0	436	0	0	0	CR	MAX	heartchocolat.jpg	heartchocolat.jpg	NOKEY	MAX	NOKEY
1447353235216	0	lts_1112I_25_01	25	01	0	437	128	1	0	Miss	MAX	128-4/Abagofpaperfl.jpg	Abagofpaperfl.jpg	NOKEY	MAX	SPACE
1447353238292	0	lts_1112I_25_01	25	01	0	438	0	0	0	CR	MAX	Acentipede4.jpg	Acentipede4.jpg	NOKEY	MAX	NOKEY
1447353241368	0	lts_1112I_25_01	25	01	0	439	0	0	0	CR	MAX	2/26387690.thl.jpg	26387690.thl.jpg	NOKEY	MAX	NOKEY
1447353244444	0	lts_1112I_25_01	25	01	0	440	0	0	0	CR	MAX	ABROOCH52.jpg	ABROOCH52.jpg	NOKEY	MAX	NOKEY
1447353247520	0	lts_1112I_25_01	25	01	0	441	2	1	0	Miss	MAX	2-10/26387690.thl.jpg	26387690.thl.jpg	NOKEY	MAX	SPACE
1447353250596	0	lts_1112I_25_01	25	01	0	442	0	0	0	CR	MAX	pingpongtable.jpg	pingpongtable.jpg	NOKEY	MAX	NOKEY
1447353253672	0	lts_1112I_25_01	25	01	0	443	0	0	0	CR	MAX	26374055.thl.jpg	26374055.thl.jpg	NOKEY	MAX	NOKEY
1447353256832	0	lts_1112I_25_01	25	01	0	444	0	0	0	CR	MAX	oilbottleolive.jpg	oilbottleolive.jpg	NOKEY	MAX	NOKEY
1447353258036	0	lts_1112I_25_01	25	01	0	445	128	1	1	Hit	734	128-2/Adropper2.jpg	Adropper2.jpg	SPACE	769	SPACE
1447353261111	0	lts_1112I_25_01	25	01	0	446	0	0	0	CR	MAX	ASHEEP4.jpg	ASHEEP4.jpg	NOKEY	MAX	NOKEY
1447353264187	0	lts_1112I_25_01	25	01	0	447	0	0	0	CR	MAX	Aleatherpenc9.jpg	Aleatherpenc9.jpg	NOKEY	MAX	NOKEY
1447353267263	0	lts_1112I_25_01	25	01	0	448	0	0	0	CR	MAX	Akitchenisla4.jpg	Akitchenisla4.jpg	NOKEY	MAX	NOKEY
1447353270340	0	lts_1112I_25_01	25	01	0	449	0	0	0	CR	MAX	Awomensshoe4.jpg	Awomensshoe4.jpg	NOKEY	MAX	NOKEY
1447353423223	0	lts_1112I_25_01	25	01	1	0	0	0	1	FA	1356	AANTCASH3.jpg	AANTCASH3.jpg	SPACE	1404	NOKEY
1447353426316	0	lts_1112I_25_01	25	01	1	1	0	0	0	CR	MAX	ANAPKHOL7.jpg	ANAPKHOL7.jpg	NOKEY	MAX	NOKEY
1447353429392	0	lts_1112I_25_01	25	01	1	2	0	0	0	CR	MAX	26451168.thl.jpg	26451168.thl.jpg	NOKEY	MAX	NOKEY
1447353432485	0	lts_1112I_25_01	25	01	1	3	0	0	0	CR	MAX	2/AFRYINGP2.jpg	AFRYINGP2.jpg	NOKEY	MAX	NOKEY
1447353435578	0	lts_1112I_25_01	25	01	1	4	0	0	0	CR	MAX	Akazoo2.jpg	Akazoo2.jpg	NOKEY	MAX	NOKEY
1447353436664	0	lts_1112I_25_01	25	01	1	5	2	1	1	Hit	613	2-7/AFRYINGP2.jpg	AFRYINGP2.jpg	SPACE	652	SPACE
1447353439740	0	lts_1112I_25_01	25	01	1	6	0	0	0	CR	MAX	26437028.thl.jpg	26437028.thl.jpg	NOKEY	MAX	NOKEY
1447353442816	0	lts_1112I_25_01	25	01	1	7	0	0	0	CR	MAX	64/8257273.thl.jpg	8257273.thl.jpg	NOKEY	MAX	NOKEY
1447353444171	0	lts_1112I_25_01	25	01	1	8	0	0	1	FA	877	AWOODST19.jpg	AWOODST19.jpg	SPACE	920	NOKEY
1447353447247	0	lts_1112I_25_01	25	01	1	9	0	0	0	CR	MAX	Ashelf27.jpg	Ashelf27.jpg	NOKEY	MAX	NOKEY
1447353450323	0	lts_1112I_25_01	25	01	1	10	0	0	0	CR	MAX	4/26440422.thl.jpg	26440422.thl.jpg	NOKEY	MAX	NOKEY
1447353453416	0	lts_1112I_25_01	25	01	1	11	0	0	0	CR	MAX	16/26463767.thl.jpg	26463767.thl.jpg	NOKEY	MAX	NOKEY
1447353456492	0	lts_1112I_25_01	25	01	1	12	0	0	0	CR	MAX	8/AARTMELON.jpg	AARTMELON.jpg	NOKEY	MAX	NOKEY
1447353459568	0	lts_1112I_25_01	25	01	1	13	0	0	0	CR	MAX	AWASHMAC5.jpg	AWASHMAC5.jpg	NOKEY	MAX	NOKEY
1447353460705	0	lts_1112I_25_01	25	01	1	14	4	1	1	Hit	664	4-1/26440422.thl.jpg	26440422.thl.jpg	SPACE	702	SPACE
1447353463797	0	lts_1112I_25_01	25	01	1	15	0	0	0	CR	MAX	ATOOTHBR3.jpg	ATOOTHBR3.jpg	NOKEY	MAX	NOKEY
1447353466873	0	lts_1112I_25_01	25	01	1	16	0	0	0	CR	MAX	32/Acarvedpumpk2.jpg	Acarvedpumpk2.jpg	NOKEY	MAX	NOKEY
1447353469949	0	lts_1112I_25_01	25	01	1	17	0	0	0	CR	MAX	Areceiptmach2.jpg	Areceiptmach2.jpg	NOKEY	MAX	NOKEY
1447353473027	0	lts_1112I_25_01	25	01	1	18	0	0	0	CR	MAX	Atombstone17.jpg	Atombstone17.jpg	NOKEY	MAX	NOKEY
1447353476102	0	lts_1112I_25_01	25	01	1	19	0	0	0	CR	MAX	ABUILDI12.jpg	ABUILDI12.jpg	NOKEY	MAX	NOKEY
1447353477238	0	lts_1112I_25_01	25	01	1	20	8	1	1	Hit	666	8-first/AARTMELON.jpg	AARTMELON.jpg	SPACE	702	SPACE
1447353480314	0	lts_1112I_25_01	25	01	1	21	0	0	0	CR	MAX	Abeesonahoney.jpg	Abeesonahoney.jpg	NOKEY	MAX	NOKEY
1447353481418	0	lts_1112I_25_01	25	01	1	22	2	1	1	Hit	626	2-mul/AARTMELON.jpg	AARTMELON.jpg	SPACE	670	SPACE
1447353484494	0	lts_1112I_25_01	25	01	1	23	0	0	0	CR	MAX	toypieces.jpg	toypieces.jpg	NOKEY	MAX	NOKEY
1447353487570	0	lts_1112I_25_01	25	01	1	24	0	0	0	CR	MAX	26373844.thl.jpg	26373844.thl.jpg	NOKEY	MAX	NOKEY
1447353490646	0	lts_1112I_25_01	25	01	1	25	0	0	0	CR	MAX	Abasketofbrea.jpg	Abasketofbrea.jpg	NOKEY	MAX	NOKEY
1447353493722	0	lts_1112I_25_01	25	01	1	26	0	0	0	CR	MAX	Astadium.jpg	Astadium.jpg	NOKEY	MAX	NOKEY
1447353494759	0	lts_1112I_25_01	25	01	1	27	16	1	1	Hit	552	16-first/26463767.thl.jpg	26463767.thl.jpg	SPACE	601	SPACE
1447353497835	0	lts_1112I_25_01	25	01	1	28	0	0	0	CR	MAX	26420830.thl.jpg	26420830.thl.jpg	NOKEY	MAX	NOKEY
1447353500927	0	lts_1112I_25_01	25	01	1	29	0	0	0	CR	MAX	1/AAMMO4.jpg	AAMMO4.jpg	NOKEY	MAX	NOKEY
1447353501914	0	lts_1112I_25_01	25	01	1	30	1	1	1	Hit	503	1-14/AAMMO4.jpg	AAMMO4.jpg	SPACE	552	SPACE
1447353504990	0	lts_1112I_25_01	25	01	1	31	0	0	0	CR	MAX	32/Apinkshoe.jpg	Apinkshoe.jpg	NOKEY	MAX	NOKEY
1447353508067	0	lts_1112I_25_01	25	01	1	32	0	0	0	CR	MAX	1/AELECOMP2.jpg	AELECOMP2.jpg	NOKEY	MAX	NOKEY
1447353509169	0	lts_1112I_25_01	25	01	1	33	1	1	1	Hit	621	1-3/AELECOMP2.jpg	AELECOMP2.jpg	SPACE	668	SPACE
1447353512245	0	lts_1112I_25_01	25	01	1	34	0	0	0	CR	MAX	4/Acampingknife.jpg	Acampingknife.jpg	NOKEY	MAX	NOKEY
1447353514134	0	lts_1112I_25_01	25	01	1	35	0	0	1	FA	1409	1/Aairtank7.jpg	Aairtank7.jpg	SPACE	1454	NOKEY
1447353515138	0	lts_1112I_25_01	25	01	1	36	1	1	1	Hit	517	1-7/Aairtank7.jpg	Aairtank7.jpg	SPACE	568	SPACE
1447353518214	0	lts_1112I_25_01	25	01	1	37	0	0	0	CR	MAX	128/AFRYPAN7.jpg	AFRYPAN7.jpg	NOKEY	MAX	NOKEY
1447353519417	0	lts_1112I_25_01	25	01	1	38	4	1	1	Hit	725	4-8/Acampingknife.jpg	Acampingknife.jpg	SPACE	770	SPACE
1447353522510	0	lts_1112I_25_01	25	01	1	39	0	0	0	CR	MAX	E_statue.jpg	E_statue.jpg	NOKEY	MAX	NOKEY
1447353525586	0	lts_1112I_25_01	25	01	1	40	0	0	0	CR	MAX	DSCN3767-sm.jpg	DSCN3767-sm.jpg	NOKEY	MAX	NOKEY
1447353528662	0	lts_1112I_25_01	25	01	1	41	0	0	0	CR	MAX	Abreakpl2.jpg	Abreakpl2.jpg	NOKEY	MAX	NOKEY
1447353531738	0	lts_1112I_25_01	25	01	1	42	0	0	0	CR	MAX	fork-a.jpg	fork-a.jpg	NOKEY	MAX	NOKEY
1447353533043	0	lts_1112I_25_01	25	01	1	43	16	1	1	Hit	827	16-mul/26463767.thl.jpg	26463767.thl.jpg	SPACE	869	SPACE
1447353535016	0	lts_1112I_25_01	25	01	1	44	0	0	1	FA	1488	32/Aaircompress2.jpg	Aaircompress2.jpg	SPACE	1537	NOKEY
1447353538091	0	lts_1112I_25_01	25	01	1	45	0	0	0	CR	MAX	8/ACOOKCUTT.jpg	ACOOKCUTT.jpg	NOKEY	MAX	NOKEY
1447353541167	0	lts_1112I_25_01	25	01	1	46	0	0	0	CR	MAX	mouse-a.jpg	mouse-a.jpg	NOKEY	MAX	NOKEY
1447353544243	0	lts_1112I_25_01	25	01	1	47	0	0	0	CR	MAX	AFLOURBA2.jpg	AFLOURBA2.jpg	NOKEY	MAX	NOKEY
1447353545296	0	lts_1112I_25_01	25	01	1	48	32	1	1	Hit	571	32-1/Acarvedpumpk2.jpg	Acarvedpumpk2.jpg	SPACE	618	SPACE
1447353548372	0	lts_1112I_25_01	25	01	1	49	0	0	0	CR	MAX	golf-ball.JPG	golf-ball.JPG	NOKEY	MAX	NOKEY
1447353551448	0	lts_1112I_25_01	25	01	1	50	0	0	0	CR	MAX	32/AARTDUCK3.jpg	AARTDUCK3.jpg	NOKEY	MAX	NOKEY
1447353554525	0	lts_1112I_25_01	25	01	1	51	0	0	0	CR	MAX	26433942.thl.jpg	26433942.thl.jpg	NOKEY	MAX	NOKEY
1447353557601	0	lts_1112I_25_01	25	01	1	52	0	0	0	CR	MAX	26439297.thl.jpg	26439297.thl.jpg	NOKEY	MAX	NOKEY
1447353558704	0	lts_1112I_25_01	25	01	1	53	8	1	1	Hit	633	8-first/ACOOKCUTT.jpg	ACOOKCUTT.jpg	SPACE	669	SPACE
1447353561797	0	lts_1112I_25_01	25	01	1	54	0	0	0	CR	MAX	4/canopy.jpg	canopy.jpg	NOKEY	MAX	NOKEY
1447353563134	0	lts_1112I_25_01	25	01	1	55	2	1	1	Hit	855	2-mul/ACOOKCUTT.jpg	ACOOKCUTT.jpg	SPACE	903	SPACE
1447353566210	0	lts_1112I_25_01	25	01	1	56	0	0	0	CR	MAX	AFLAMEXTI.jpg	AFLAMEXTI.jpg	NOKEY	MAX	NOKEY
1447353569286	0	lts_1112I_25_01	25	01	1	57	0	0	0	CR	MAX	Aglass43.jpg	Aglass43.jpg	NOKEY	MAX	NOKEY
1447353570273	0	lts_1112I_25_01	25	01	1	58	4	1	1	Hit	509	4-2/canopy.jpg	canopy.jpg	SPACE	552	SPACE
1447353573349	0	lts_1112I_25_01	25	01	1	59	0	0	0	CR	MAX	64/26421106.thl.jpg	26421106.thl.jpg	NOKEY	MAX	NOKEY
1447353576425	0	lts_1112I_25_01	25	01	1	60	0	0	0	CR	MAX	1/Abellcookiec3.jpg	Abellcookiec3.jpg	NOKEY	MAX	NOKEY
1447353577361	0	lts_1112I_25_01	25	01	1	61	1	1	1	Hit	464	1-4/Abellcookiec3.jpg	Abellcookiec3.jpg	SPACE	502	SPACE
1447353580437	0	lts_1112I_25_01	25	01	1	62	0	0	0	CR	MAX	AARTIVE8.jpg	AARTIVE8.jpg	NOKEY	MAX	NOKEY
1447353581490	0	lts_1112I_25_01	25	01	1	63	32	1	1	Hit	583	32-8/Apinkshoe.jpg	Apinkshoe.jpg	SPACE	620	SPACE
1447353584566	0	lts_1112I_25_01	25	01	1	64	0	0	0	CR	MAX	AARTBERRI.jpg	AARTBERRI.jpg	NOKEY	MAX	NOKEY
1447353587642	0	lts_1112I_25_01	25	01	1	65	0	0	0	CR	MAX	32/22858860.thl.jpg	22858860.thl.jpg	NOKEY	MAX	NOKEY
1447353588779	0	lts_1112I_25_01	25	01	1	66	00	1	1	Hit	667	00-across/hulahoop.jpg	hulahoop.jpg	SPACE	702	SPACE
1447353591872	0	lts_1112I_25_01	25	01	1	67	0	0	0	CR	MAX	2/Awindmill4.jpg	Awindmill4.jpg	NOKEY	MAX	NOKEY
1447353594948	0	lts_1112I_25_01	25	01	1	68	0	0	0	CR	MAX	128/Aantiquewate3.jpg	Aantiquewate3.jpg	NOKEY	MAX	NOKEY
1447353596002	0	lts_1112I_25_01	25	01	1	69	2	1	1	Hit	584	2-5/Awindmill4.jpg	Awindmill4.jpg	SPACE	618	SPACE
1447353597389	0	lts_1112I_25_01	25	01	1	70	0	0	1	FA	902	10049193.thl.jpg	10049193.thl.jpg	SPACE	952	NOKEY
1447353598593	0	lts_1112I_25_01	25	01	1	71	64	1	1	Hit	730	64-first/8257273.thl.jpg	8257273.thl.jpg	SPACE	769	SPACE
1447353601669	0	lts_1112I_25_01	25	01	1	72	0	0	0	CR	MAX	AKNIGHELM.jpg	AKNIGHELM.jpg	NOKEY	MAX	NOKEY
1447353602739	0	lts_1112I_25_01	25	01	1	73	2	1	1	Hit	599	2-mul/8257273.thl.jpg	8257273.thl.jpg	SPACE	635	SPACE
1447353605815	0	lts_1112I_25_01	25	01	1	74	0	0	0	CR	MAX	AFRUIT3.jpg	AFRUIT3.jpg	NOKEY	MAX	NOKEY
1447353608891	0	lts_1112I_25_01	25	01	1	75	0	0	0	CR	MAX	ABARROWRE.jpg	ABARROWRE.jpg	NOKEY	MAX	NOKEY
1447353610211	0	lts_1112I_25_01	25	01	1	76	32	1	1	Hit	845	32-3/Aaircompress2.jpg	Aaircompress2.jpg	SPACE	886	SPACE
1447353613287	0	lts_1112I_25_01	25	01	1	77	0	0	0	CR	MAX	Acampingcoffe.jpg	Acampingcoffe.jpg	NOKEY	MAX	NOKEY
1447353616380	0	lts_1112I_25_01	25	01	1	78	0	0	0	CR	MAX	lollipops.jpg	lollipops.jpg	NOKEY	MAX	NOKEY
1447353619456	0	lts_1112I_25_01	25	01	1	79	0	0	0	CR	MAX	26455774.thl.jpg	26455774.thl.jpg	NOKEY	MAX	NOKEY
1447353622532	0	lts_1112I_25_01	25	01	1	80	0	0	0	CR	MAX	4/AANTSTO12.jpg	AANTSTO12.jpg	NOKEY	MAX	NOKEY
1447353624154	0	lts_1112I_25_01	25	01	1	81	0	0	1	FA	1151	64/Adolphin3.jpg	Adolphin3.jpg	SPACE	1187	NOKEY
1447353625642	0	lts_1112I_25_01	25	01	1	82	32	1	1	Hit	1003	32-4/AARTDUCK3.jpg	AARTDUCK3.jpg	SPACE	1054	SPACE
1447353628718	0	lts_1112I_25_01	25	01	1	83	0	0	0	CR	MAX	26425370.thl.jpg	26425370.thl.jpg	NOKEY	MAX	NOKEY
1447353629922	0	lts_1112I_25_01	25	01	1	84	4	1	1	Hit	720	4-9/AANTSTO12.jpg	AANTSTO12.jpg	SPACE	769	SPACE
1447353632998	0	lts_1112I_25_01	25	01	1	85	0	0	0	CR	MAX	2/Acabinetwithm.jpg	Acabinetwithm.jpg	NOKEY	MAX	NOKEY
1447353636075	0	lts_1112I_25_01	25	01	1	86	0	0	0	CR	MAX	ATELEPH12.jpg	ATELEPH12.jpg	NOKEY	MAX	NOKEY
1447353637194	0	lts_1112I_25_01	25	01	1	87	2	1	1	Hit	646	2-12/Acabinetwithm.jpg	Acabinetwithm.jpg	SPACE	686	SPACE
1447353640270	0	lts_1112I_25_01	25	01	1	88	0	0	0	CR	MAX	128/ALAB19.jpg	ALAB19.jpg	NOKEY	MAX	NOKEY
1447353643363	0	lts_1112I_25_01	25	01	1	89	0	0	0	CR	MAX	32/Aintercom6.jpg	Aintercom6.jpg	NOKEY	MAX	NOKEY
1447353646439	0	lts_1112I_25_01	25	01	1	90	0	0	0	CR	MAX	Araisins4.jpg	Araisins4.jpg	NOKEY	MAX	NOKEY
1447353649515	0	lts_1112I_25_01	25	01	1	91	0	0	0	CR	MAX	1/AEAREXAM2.jpg	AEAREXAM2.jpg	NOKEY	MAX	NOKEY
1447353650969	0	lts_1112I_25_01	25	01	1	92	1	1	1	Hit	974	1-10/AEAREXAM2.jpg	AEAREXAM2.jpg	SPACE	1020	SPACE
1447353654046	0	lts_1112I_25_01	25	01	1	93	0	0	0	CR	MAX	Acorn10.jpg	Acorn10.jpg	NOKEY	MAX	NOKEY
1447353657121	0	lts_1112I_25_01	25	01	1	94	0	0	0	CR	MAX	AIVORSUIT.jpg	AIVORSUIT.jpg	NOKEY	MAX	NOKEY
1447353658342	0	lts_1112I_25_01	25	01	1	95	00	1	1	Hit	735	00-across/Ainflatable10.jpg	Ainflatable10.jpg	SPACE	786	SPACE
1447353661418	0	lts_1112I_25_01	25	01	1	96	0	0	0	CR	MAX	26378596.thl.jpg	26378596.thl.jpg	NOKEY	MAX	NOKEY
1447353662805	0	lts_1112I_25_01	25	01	1	97	32	1	1	Hit	913	32-0/22858860.thl.jpg	22858860.thl.jpg	SPACE	953	SPACE
1447353665882	0	lts_1112I_25_01	25	01	1	98	0	0	0	CR	MAX	26424440.thl.jpg	26424440.thl.jpg	NOKEY	MAX	NOKEY
1447353668958	0	lts_1112I_25_01	25	01	1	99	0	0	0	CR	MAX	1/AMUSISTA2.jpg	AMUSISTA2.jpg	NOKEY	MAX	NOKEY
1447353669877	0	lts_1112I_25_01	25	01	1	100	1	1	1	Hit	443	1-8/AMUSISTA2.jpg	AMUSISTA2.jpg	SPACE	485	SPACE
1447353671515	0	lts_1112I_25_01	25	01	1	101	0	0	1	FA	1157	16/8059226.thl.jpg	8059226.thl.jpg	SPACE	1204	NOKEY
1447353672936	0	lts_1112I_25_01	25	01	1	102	00	1	1	Hit	944	00-across/ACOCONUT2.jpg	ACOCONUT2.jpg	SPACE	986	SPACE
1447353676014	0	lts_1112I_25_01	25	01	1	103	0	0	0	CR	MAX	APAPYRUS.jpg	APAPYRUS.jpg	NOKEY	MAX	NOKEY
1447353679089	0	lts_1112I_25_01	25	01	1	104	0	0	0	CR	MAX	Aangel37.jpg	Aangel37.jpg	NOKEY	MAX	NOKEY
1447353682165	0	lts_1112I_25_01	25	01	1	105	0	0	0	CR	MAX	8/ASOPRASAX.jpg	ASOPRASAX.jpg	NOKEY	MAX	NOKEY
1447353683586	0	lts_1112I_25_01	25	01	1	106	0	0	1	FA	940	26370681.thl.jpg	26370681.thl.jpg	SPACE	986	NOKEY
1447353686662	0	lts_1112I_25_01	25	01	1	107	0	0	0	CR	MAX	22822309.thl.jpg	22822309.thl.jpg	NOKEY	MAX	NOKEY
1447353687765	0	lts_1112I_25_01	25	01	1	108	00	1	1	Hit	620	00-across/hulahoop.jpg	hulahoop.jpg	SPACE	669	SPACE
1447353690841	0	lts_1112I_25_01	25	01	1	109	0	0	0	CR	MAX	1/10050937.thl.jpg	10050937.thl.jpg	NOKEY	MAX	NOKEY
1447353691861	0	lts_1112I_25_01	25	01	1	110	1	1	1	Hit	548	1-5/10050937.thl.jpg	10050937.thl.jpg	SPACE	585	SPACE
1447353694937	0	lts_1112I_25_01	25	01	1	111	0	0	0	CR	MAX	Acamerabag.jpg	Acamerabag.jpg	NOKEY	MAX	NOKEY
1447353698014	0	lts_1112I_25_01	25	01	1	112	0	0	0	CR	MAX	128/Abeany2.jpg	Abeany2.jpg	NOKEY	MAX	NOKEY
1447353699668	0	lts_1112I_25_01	25	01	1	113	8	1	1	Hit	1184	8-first/ASOPRASAX.jpg	ASOPRASAX.jpg	SPACE	1220	SPACE
1447353702744	0	lts_1112I_25_01	25	01	1	114	0	0	0	CR	MAX	ABLACSUI3.jpg	ABLACSUI3.jpg	NOKEY	MAX	NOKEY
1447353703848	0	lts_1112I_25_01	25	01	1	115	2	1	1	Hit	633	2-mul/ASOPRASAX.jpg	ASOPRASAX.jpg	SPACE	668	SPACE
1447353706924	0	lts_1112I_25_01	25	01	1	116	0	0	0	CR	MAX	34935544.thl.jpg	34935544.thl.jpg	NOKEY	MAX	NOKEY
1447353708028	0	lts_1112I_25_01	25	01	1	117	16	1	1	Hit	624	16-first/8059226.thl.jpg	8059226.thl.jpg	SPACE	669	SPACE
1447353711103	0	lts_1112I_25_01	25	01	1	118	0	0	0	CR	MAX	APBREAD2.jpg	APBREAD2.jpg	NOKEY	MAX	NOKEY
1447353712089	0	lts_1112I_25_01	25	01	1	119	2	1	1	Hit	502	2-mul/8059226.thl.jpg	8059226.thl.jpg	SPACE	551	SPACE
1447353715182	0	lts_1112I_25_01	25	01	1	120	0	0	0	CR	MAX	Abutanco3.jpg	Abutanco3.jpg	NOKEY	MAX	NOKEY
1447353716369	0	lts_1112I_25_01	25	01	1	121	32	1	1	Hit	715	32-6/Aintercom6.jpg	Aintercom6.jpg	SPACE	752	SPACE
1447353719445	0	lts_1112I_25_01	25	01	1	122	0	0	0	CR	MAX	ADISHLID2.jpg	ADISHLID2.jpg	NOKEY	MAX	NOKEY
1447353720515	0	lts_1112I_25_01	25	01	1	123	64	1	1	Hit	593	64-first/26421106.thl.jpg	26421106.thl.jpg	SPACE	635	SPACE
1447353723591	0	lts_1112I_25_01	25	01	1	124	0	0	0	CR	MAX	apparatus.jpg	apparatus.jpg	NOKEY	MAX	NOKEY
1447353724594	0	lts_1112I_25_01	25	01	1	125	2	1	1	Hit	524	2-mul/26421106.thl.jpg	26421106.thl.jpg	SPACE	568	SPACE
1447353726350	0	lts_1112I_25_01	25	01	1	126	0	0	1	FA	1282	4/AREEL.jpg	AREEL.jpg	SPACE	1320	NOKEY
1447353729426	0	lts_1112I_25_01	25	01	1	127	0	0	0	CR	MAX	ATHERMO4.jpg	ATHERMO4.jpg	NOKEY	MAX	NOKEY
1447353732502	0	lts_1112I_25_01	25	01	1	128	0	0	0	CR	MAX	4/AMECHHAN3.jpg	AMECHHAN3.jpg	NOKEY	MAX	NOKEY
1447353735595	0	lts_1112I_25_01	25	01	1	129	0	0	0	CR	MAX	8/26545643.thl.jpg	26545643.thl.jpg	NOKEY	MAX	NOKEY
1447353736715	0	lts_1112I_25_01	25	01	1	130	4	1	1	Hit	642	4-7/AREEL.jpg	AREEL.jpg	SPACE	685	SPACE
1447353739791	0	lts_1112I_25_01	25	01	1	131	0	0	0	CR	MAX	8/26554952.thl.jpg	26554952.thl.jpg	NOKEY	MAX	NOKEY
1447353740861	0	lts_1112I_25_01	25	01	1	132	4	1	1	Hit	598	4-12/AMECHHAN3.jpg	AMECHHAN3.jpg	SPACE	635	SPACE
1447353743937	0	lts_1112I_25_01	25	01	1	133	0	0	0	CR	MAX	AREDPLUM.jpg	AREDPLUM.jpg	NOKEY	MAX	NOKEY
1447353747014	0	lts_1112I_25_01	25	01	1	134	0	0	0	CR	MAX	64/ATAMBOURI.jpg	ATAMBOURI.jpg	NOKEY	MAX	NOKEY
1447353750089	0	lts_1112I_25_01	25	01	1	135	0	0	0	CR	MAX	ACOFGRIN2.jpg	ACOFGRIN2.jpg	NOKEY	MAX	NOKEY
1447353751560	0	lts_1112I_25_01	25	01	1	136	0	0	1	FA	976	driedbeans.jpg	driedbeans.jpg	SPACE	1020	NOKEY
1447353752864	0	lts_1112I_25_01	25	01	1	137	8	1	1	Hit	823	8-first/26545643.thl.jpg	26545643.thl.jpg	SPACE	870	SPACE
1447353755940	0	lts_1112I_25_01	25	01	1	138	0	0	0	CR	MAX	Abeermug11.jpg	Abeermug11.jpg	NOKEY	MAX	NOKEY
1447353757160	0	lts_1112I_25_01	25	01	1	139	8	1	1	Hit	741	8-1/26554952.thl.jpg	26554952.thl.jpg	SPACE	785	SPACE
1447353760236	0	lts_1112I_25_01	25	01	1	140	0	0	0	CR	MAX	8/AAIRPUMP2.jpg	AAIRPUMP2.jpg	NOKEY	MAX	NOKEY
1447353761423	0	lts_1112I_25_01	25	01	1	141	4	1	1	Hit	703	4-mul/26545643.thl.jpg	26545643.thl.jpg	SPACE	753	SPACE
1447353764499	0	lts_1112I_25_01	25	01	1	142	0	0	0	CR	MAX	Amixer29.jpg	Amixer29.jpg	NOKEY	MAX	NOKEY
1447353765603	0	lts_1112I_25_01	25	01	1	143	00	1	1	Hit	629	00-across/ATOMATOSA.jpg	ATOMATOSA.jpg	SPACE	669	SPACE
1447353766807	0	lts_1112I_25_01	25	01	1	144	0	0	1	FA	717	hulk.jpg	hulk.jpg	SPACE	752	NOKEY
1447353768045	0	lts_1112I_25_01	25	01	1	145	64	1	1	Hit	755	64-first/Adolphin3.jpg	Adolphin3.jpg	SPACE	802	SPACE
1447353771120	0	lts_1112I_25_01	25	01	1	146	0	0	0	CR	MAX	22875384.thl.jpg	22875384.thl.jpg	NOKEY	MAX	NOKEY
1447353774196	0	lts_1112I_25_01	25	01	1	147	0	0	0	CR	MAX	8/AGREENPEP.jpg	AGREENPEP.jpg	NOKEY	MAX	NOKEY
1447353775583	0	lts_1112I_25_01	25	01	1	148	8	1	1	Hit	912	8-0/AAIRPUMP2.jpg	AAIRPUMP2.jpg	SPACE	953	SPACE
1447353778660	0	lts_1112I_25_01	25	01	1	149	0	0	0	CR	MAX	image004.jpg	image004.jpg	NOKEY	MAX	NOKEY
1447353781736	0	lts_1112I_25_01	25	01	1	150	0	0	0	CR	MAX	Ababytableand.jpg	Ababytableand.jpg	NOKEY	MAX	NOKEY
1447353784812	0	lts_1112I_25_01	25	01	1	151	0	0	0	CR	MAX	2/ACONSTRU9.jpg	ACONSTRU9.jpg	NOKEY	MAX	NOKEY
1447353787904	0	lts_1112I_25_01	25	01	1	152	0	0	0	CR	MAX	Alaundrybask5.jpg	Alaundrybask5.jpg	NOKEY	MAX	NOKEY
1447353789076	0	lts_1112I_25_01	25	01	1	153	2	1	1	Hit	693	2-2/ACONSTRU9.jpg	ACONSTRU9.jpg	SPACE	736	SPACE
1447353792151	0	lts_1112I_25_01	25	01	1	154	0	0	0	CR	MAX	26468374.thl.jpg	26468374.thl.jpg	NOKEY	MAX	NOKEY
1447353793555	0	lts_1112I_25_01	25	01	1	155	8	1	1	Hit	929	8-first/AGREENPEP.jpg	AGREENPEP.jpg	SPACE	970	SPACE
1447353796648	0	lts_1112I_25_01	25	01	1	156	0	0	0	CR	MAX	Afoodproces22.jpg	Afoodproces22.jpg	NOKEY	MAX	NOKEY
1447353799724	0	lts_1112I_25_01	25	01	1	157	0	0	0	CR	MAX	096CM301000.jpg	096CM301000.jpg	NOKEY	MAX	NOKEY
1447353802800	0	lts_1112I_25_01	25	01	1	158	0	0	0	CR	MAX	Aabacus.jpg	Aabacus.jpg	NOKEY	MAX	NOKEY
1447353803970	0	lts_1112I_25_01	25	01	1	159	4	1	1	Hit	686	4-mul/AGREENPEP.jpg	AGREENPEP.jpg	SPACE	736	SPACE
1447353807047	0	lts_1112I_25_01	25	01	1	160	0	0	0	CR	MAX	ASKIHOLD.jpg	ASKIHOLD.jpg	NOKEY	MAX	NOKEY
1447353808099	0	lts_1112I_25_01	25	01	1	161	16	1	1	Hit	580	16-mul/Adolphin3.jpg	Adolphin3.jpg	SPACE	617	SPACE
1447353811192	0	lts_1112I_25_01	25	01	1	162	0	0	0	CR	MAX	ALITTERSC.jpg	ALITTERSC.jpg	NOKEY	MAX	NOKEY
1447353814268	0	lts_1112I_25_01	25	01	1	163	0	0	0	CR	MAX	Abackaccesso4.jpg	Abackaccesso4.jpg	NOKEY	MAX	NOKEY
1447353815739	0	lts_1112I_25_01	25	01	1	164	0	0	1	FA	992	4/Agrater10.jpg	Agrater10.jpg	SPACE	1036	NOKEY
1447353816910	0	lts_1112I_25_01	25	01	1	165	128	1	1	Hit	684	128-6/AFRYPAN7.jpg	AFRYPAN7.jpg	SPACE	736	SPACE
1447353819986	0	lts_1112I_25_01	25	01	1	166	0	0	0	CR	MAX	ABAGEL.jpg	ABAGEL.jpg	NOKEY	MAX	NOKEY
1447353823063	0	lts_1112I_25_01	25	01	1	167	0	0	0	CR	MAX	Amagnifyinglo.jpg	Amagnifyinglo.jpg	NOKEY	MAX	NOKEY
1447353824399	0	lts_1112I_25_01	25	01	1	168	4	1	1	Hit	868	4-6/Agrater10.jpg	Agrater10.jpg	SPACE	902	SPACE
1447353825887	0	lts_1112I_25_01	25	01	1	169	0	0	1	FA	1012	Acastingladl2.jpg	Acastingladl2.jpg	SPACE	1053	NOKEY
1447353828963	0	lts_1112I_25_01	25	01	1	170	0	0	0	CR	MAX	32/ACASTANET.jpg	ACASTANET.jpg	NOKEY	MAX	NOKEY
1447353830284	0	lts_1112I_25_01	25	01	1	171	0	0	1	FA	828	16/ARATTLE.jpg	ARATTLE.jpg	SPACE	870	NOKEY
1447353833360	0	lts_1112I_25_01	25	01	1	172	0	0	0	CR	MAX	32/AXMASTIN3.jpg	AXMASTIN3.jpg	NOKEY	MAX	NOKEY
1447353836436	0	lts_1112I_25_01	25	01	1	173	0	0	0	CR	MAX	ARECORDC2.jpg	ARECORDC2.jpg	NOKEY	MAX	NOKEY
1447353839512	0	lts_1112I_25_01	25	01	1	174	0	0	0	CR	MAX	128/Heatpad.jpg	Heatpad.jpg	NOKEY	MAX	NOKEY
1447353842588	0	lts_1112I_25_01	25	01	1	175	0	0	0	CR	MAX	AEXERCBIK.jpg	AEXERCBIK.jpg	NOKEY	MAX	NOKEY
1447353845664	0	lts_1112I_25_01	25	01	1	176	0	0	0	CR	MAX	2/23060574.thl.jpg	23060574.thl.jpg	NOKEY	MAX	NOKEY
1447353848105	0	lts_1112I_25_01	25	01	1	177	0	0	1	FA	1964	Aplasticbot10.jpg	Aplasticbot10.jpg	SPACE	2006	NOKEY
1447353851181	0	lts_1112I_25_01	25	01	1	178	2	1	0	Miss	MAX	2-13/23060574.thl.jpg	23060574.thl.jpg	NOKEY	MAX	SPACE
1447353854257	0	lts_1112I_25_01	25	01	1	179	0	0	0	CR	MAX	AANTCABL2.jpg	AANTCABL2.jpg	NOKEY	MAX	NOKEY
1447353857350	0	lts_1112I_25_01	25	01	1	180	0	0	0	CR	MAX	Abowlofwonto5.jpg	Abowlofwonto5.jpg	NOKEY	MAX	NOKEY
1447353860443	0	lts_1112I_25_01	25	01	1	181	0	0	0	CR	MAX	26440629.thl.jpg	26440629.thl.jpg	NOKEY	MAX	NOKEY
1447353863519	0	lts_1112I_25_01	25	01	1	182	0	0	0	CR	MAX	Asaltgrinder.jpg	Asaltgrinder.jpg	NOKEY	MAX	NOKEY
1447353866595	0	lts_1112I_25_01	25	01	1	183	0	0	0	CR	MAX	Aelasticbands.jpg	Aelasticbands.jpg	NOKEY	MAX	NOKEY
1447353869671	0	lts_1112I_25_01	25	01	1	184	0	0	0	CR	MAX	10049464.thl.jpg	10049464.thl.jpg	NOKEY	MAX	NOKEY
1447353872747	0	lts_1112I_25_01	25	01	1	185	0	0	0	CR	MAX	Acrackersandc.jpg	Acrackersandc.jpg	NOKEY	MAX	NOKEY
1447353875823	0	lts_1112I_25_01	25	01	1	186	0	0	0	CR	MAX	ACURLIR13.jpg	ACURLIR13.jpg	NOKEY	MAX	NOKEY
1447353876910	0	lts_1112I_25_01	25	01	1	187	16	1	1	Hit	617	16-first/ARATTLE.jpg	ARATTLE.jpg	SPACE	651	SPACE
1447353879986	0	lts_1112I_25_01	25	01	1	188	0	0	0	CR	MAX	Agreencup2.jpg	Agreencup2.jpg	NOKEY	MAX	NOKEY
1447353883079	0	lts_1112I_25_01	25	01	1	189	0	0	0	CR	MAX	64/Astingray2.jpg	Astingray2.jpg	NOKEY	MAX	NOKEY
1447353886155	0	lts_1112I_25_01	25	01	1	190	0	0	0	CR	MAX	Apepperoni.jpg	Apepperoni.jpg	NOKEY	MAX	NOKEY
1447353887241	0	lts_1112I_25_01	25	01	1	191	4	1	1	Hit	605	4-mul/ARATTLE.jpg	ARATTLE.jpg	SPACE	652	SPACE
1447353890317	0	lts_1112I_25_01	25	01	1	192	0	0	0	CR	MAX	Acheque.jpg	Acheque.jpg	NOKEY	MAX	NOKEY
1447353891571	0	lts_1112I_25_01	25	01	1	193	00	1	1	Hit	769	00-across/Achampagnebo2.jpg	Achampagnebo2.jpg	SPACE	819	SPACE
1447353892975	0	lts_1112I_25_01	25	01	1	194	0	0	1	FA	925	Apocketknifew.jpg	Apocketknifew.jpg	SPACE	969	NOKEY
1447353896053	0	lts_1112I_25_01	25	01	1	195	0	0	0	CR	MAX	Aashtray14.jpg	Aashtray14.jpg	NOKEY	MAX	NOKEY
1447353897355	0	lts_1112I_25_01	25	01	1	196	128	1	1	Hit	827	128-7/Aantiquewate3.jpg	Aantiquewate3.jpg	SPACE	868	SPACE
1447353900432	0	lts_1112I_25_01	25	01	1	197	0	0	0	CR	MAX	Aegyptianst20.jpg	Aegyptianst20.jpg	NOKEY	MAX	NOKEY
1447353901685	0	lts_1112I_25_01	25	01	1	198	64	1	1	Hit	783	64-first/ATAMBOURI.jpg	ATAMBOURI.jpg	SPACE	819	SPACE
1447353904761	0	lts_1112I_25_01	25	01	1	199	0	0	0	CR	MAX	Asewingpin.jpg	Asewingpin.jpg	NOKEY	MAX	NOKEY
1447353907838	0	lts_1112I_25_01	25	01	1	200	0	0	0	CR	MAX	8/ACOMPAS20.jpg	ACOMPAS20.jpg	NOKEY	MAX	NOKEY
1447353910914	0	lts_1112I_25_01	25	01	1	201	0	0	0	CR	MAX	makeuppowder.jpg	makeuppowder.jpg	NOKEY	MAX	NOKEY
1447353912284	0	lts_1112I_25_01	25	01	1	202	32	1	1	Hit	901	32-5/ACASTANET.jpg	ACASTANET.jpg	SPACE	936	SPACE
1447353915360	0	lts_1112I_25_01	25	01	1	203	0	0	0	CR	MAX	AMODELSA4.jpg	AMODELSA4.jpg	NOKEY	MAX	NOKEY
1447353916497	0	lts_1112I_25_01	25	01	1	204	32	1	1	Hit	653	32-7/AXMASTIN3.jpg	AXMASTIN3.jpg	SPACE	703	SPACE
1447353919573	0	lts_1112I_25_01	25	01	1	205	0	0	0	CR	MAX	ACOFFTA18.jpg	ACOFFTA18.jpg	NOKEY	MAX	NOKEY
1447353922649	0	lts_1112I_25_01	25	01	1	206	0	0	0	CR	MAX	128/tricycle.jpg	tricycle.jpg	NOKEY	MAX	NOKEY
1447353925726	0	lts_1112I_25_01	25	01	1	207	0	0	0	CR	MAX	Acork6.jpg	Acork6.jpg	NOKEY	MAX	NOKEY
1447353926812	0	lts_1112I_25_01	25	01	1	208	8	1	1	Hit	616	8-first/ACOMPAS20.jpg	ACOMPAS20.jpg	SPACE	652	SPACE
1447353929888	0	lts_1112I_25_01	25	01	1	209	0	0	0	CR	MAX	2/Aboxofstaples.jpg	Aboxofstaples.jpg	NOKEY	MAX	NOKEY
1447353932964	0	lts_1112I_25_01	25	01	1	210	0	0	0	CR	MAX	ABUDDHA18.jpg	ABUDDHA18.jpg	NOKEY	MAX	NOKEY
1447353934118	0	lts_1112I_25_01	25	01	1	211	2	1	1	Hit	679	2-0/Aboxofstaples.jpg	Aboxofstaples.jpg	SPACE	719	SPACE
1447353937194	0	lts_1112I_25_01	25	01	1	212	0	0	0	CR	MAX	8/26432148.thl.jpg	26432148.thl.jpg	NOKEY	MAX	NOKEY
1447353939467	0	lts_1112I_25_01	25	01	1	213	0	0	1	FA	1795	handcomputerN.JPG	handcomputerN.JPG	SPACE	1840	NOKEY
1447353940671	0	lts_1112I_25_01	25	01	1	214	16	1	1	Hit	725	16-mul/ATAMBOURI.jpg	ATAMBOURI.jpg	SPACE	769	SPACE
1447353943747	0	lts_1112I_25_01	25	01	1	215	0	0	0	CR	MAX	AARMHEL12.jpg	AARMHEL12.jpg	NOKEY	MAX	NOKEY
1447353946823	0	lts_1112I_25_01	25	01	1	216	128	1	0	Miss	MAX	128-5/ALAB19.jpg	ALAB19.jpg	NOKEY	MAX	SPACE
1447353949899	0	lts_1112I_25_01	25	01	1	217	0	0	0	CR	MAX	ABEARIN28.jpg	ABEARIN28.jpg	NOKEY	MAX	NOKEY
1447353952975	0	lts_1112I_25_01	25	01	1	218	0	0	0	CR	MAX	4/catsl60.jpg	catsl60.jpg	NOKEY	MAX	NOKEY
1447353956053	0	lts_1112I_25_01	25	01	1	219	0	0	0	CR	MAX	26387587.thl.jpg	26387587.thl.jpg	NOKEY	MAX	NOKEY
1447353957289	0	lts_1112I_25_01	25	01	1	220	8	1	1	Hit	754	8-first/26432148.thl.jpg	26432148.thl.jpg	SPACE	801	SPACE
1447353960365	0	lts_1112I_25_01	25	01	1	221	0	0	0	CR	MAX	64/Acampingtoolk.jpg	Acampingtoolk.jpg	NOKEY	MAX	NOKEY
1447353961585	0	lts_1112I_25_01	25	01	1	222	4	1	1	Hit	746	4-5/catsl60.jpg	catsl60.jpg	SPACE	786	SPACE
1447353964661	0	lts_1112I_25_01	25	01	1	223	0	0	0	CR	MAX	23024623.thl.jpg	23024623.thl.jpg	NOKEY	MAX	NOKEY
1447353965882	0	lts_1112I_25_01	25	01	1	224	16	1	1	Hit	740	16-mul/ACOMPAS20.jpg	ACOMPAS20.jpg	SPACE	785	SPACE
1447353968958	0	lts_1112I_25_01	25	01	1	225	0	0	0	CR	MAX	AHEDGEHOG.jpg	AHEDGEHOG.jpg	NOKEY	MAX	NOKEY
1447353972035	0	lts_1112I_25_01	25	01	1	226	0	0	0	CR	MAX	ACHOPSTI2.jpg	ACHOPSTI2.jpg	NOKEY	MAX	NOKEY
1447353975110	0	lts_1112I_25_01	25	01	1	227	0	0	0	CR	MAX	16/26375702.thl.jpg	26375702.thl.jpg	NOKEY	MAX	NOKEY
1447353978186	0	lts_1112I_25_01	25	01	1	228	0	0	0	CR	MAX	2/26375953.thl.jpg	26375953.thl.jpg	NOKEY	MAX	NOKEY
1447353981279	0	lts_1112I_25_01	25	01	1	229	0	0	0	CR	MAX	APUPPY26.jpg	APUPPY26.jpg	NOKEY	MAX	NOKEY
1447353982399	0	lts_1112I_25_01	25	01	1	230	2	1	1	Hit	638	2-9/26375953.thl.jpg	26375953.thl.jpg	SPACE	686	SPACE
1447353985491	0	lts_1112I_25_01	25	01	1	231	0	0	0	CR	MAX	Agraduationh2.jpg	Agraduationh2.jpg	NOKEY	MAX	NOKEY
1447353988567	0	lts_1112I_25_01	25	01	1	232	0	0	0	CR	MAX	26431848.thl.jpg	26431848.thl.jpg	NOKEY	MAX	NOKEY
1447353991644	0	lts_1112I_25_01	25	01	1	233	0	0	0	CR	MAX	turnip.jpg	turnip.jpg	NOKEY	MAX	NOKEY
1447353994720	0	lts_1112I_25_01	25	01	1	234	0	0	0	CR	MAX	4/9816397.thl.jpg	9816397.thl.jpg	NOKEY	MAX	NOKEY
1447353997796	0	lts_1112I_25_01	25	01	1	235	0	0	0	CR	MAX	A_flower.jpg	A_flower.jpg	NOKEY	MAX	NOKEY
1447353998832	0	lts_1112I_25_01	25	01	1	236	16	1	1	Hit	559	16-mul/26432148.thl.jpg	26432148.thl.jpg	SPACE	602	SPACE
1447354001908	0	lts_1112I_25_01	25	01	1	237	0	0	0	CR	MAX	AWINTSOC2.jpg	AWINTSOC2.jpg	NOKEY	MAX	NOKEY
1447354003063	0	lts_1112I_25_01	25	01	1	238	4	1	1	Hit	681	4-0/9816397.thl.jpg	9816397.thl.jpg	SPACE	719	SPACE
1447354006138	0	lts_1112I_25_01	25	01	1	239	0	0	0	CR	MAX	8/8022302.thl.jpg	8022302.thl.jpg	NOKEY	MAX	NOKEY
1447354007191	0	lts_1112I_25_01	25	01	1	240	128	1	1	Hit	570	128-4/Abeany2.jpg	Abeany2.jpg	SPACE	619	SPACE
1447354010267	0	lts_1112I_25_01	25	01	1	241	0	0	0	CR	MAX	26375899.thl.jpg	26375899.thl.jpg	NOKEY	MAX	NOKEY
1447354013343	0	lts_1112I_25_01	25	01	1	242	0	0	0	CR	MAX	AATOMODEL.jpg	AATOMODEL.jpg	NOKEY	MAX	NOKEY
1447354014363	0	lts_1112I_25_01	25	01	1	243	16	1	1	Hit	541	16-0/26375702.thl.jpg	26375702.thl.jpg	SPACE	585	SPACE
1447354015684	0	lts_1112I_25_01	25	01	1	244	0	0	1	FA	843	1/Atoypanda.jpg	Atoypanda.jpg	SPACE	887	NOKEY
1447354016837	0	lts_1112I_25_01	25	01	1	245	1	1	1	Hit	669	1-11/Atoypanda.jpg	Atoypanda.jpg	SPACE	719	SPACE
1447354019913	0	lts_1112I_25_01	25	01	1	246	0	0	0	CR	MAX	Abottleofwin4.jpg	Abottleofwin4.jpg	NOKEY	MAX	NOKEY
1447354020967	0	lts_1112I_25_01	25	01	1	247	8	1	1	Hit	574	8-first/8022302.thl.jpg	8022302.thl.jpg	SPACE	618	SPACE
1447354024060	0	lts_1112I_25_01	25	01	1	248	0	0	0	CR	MAX	Aceramicjug16.jpg	Aceramicjug16.jpg	NOKEY	MAX	NOKEY
1447354027135	0	lts_1112I_25_01	25	01	1	249	0	0	0	CR	MAX	AGLASSBO7.jpg	AGLASSBO7.jpg	NOKEY	MAX	NOKEY
1447354030212	0	lts_1112I_25_01	25	01	1	250	0	0	0	CR	MAX	Afusehousing.jpg	Afusehousing.jpg	NOKEY	MAX	NOKEY
1447354031298	0	lts_1112I_25_01	25	01	1	251	4	1	1	Hit	611	4-mul/8022302.thl.jpg	8022302.thl.jpg	SPACE	652	SPACE
1447354034374	0	lts_1112I_25_01	25	01	1	252	0	0	0	CR	MAX	Aladder2.jpg	Aladder2.jpg	NOKEY	MAX	NOKEY
1447354035595	0	lts_1112I_25_01	25	01	1	253	64	1	1	Hit	744	64-first/Astingray2.jpg	Astingray2.jpg	SPACE	785	SPACE
1447354038687	0	lts_1112I_25_01	25	01	1	254	0	0	0	CR	MAX	Arockingchai5.jpg	Arockingchai5.jpg	NOKEY	MAX	NOKEY
1447354039657	0	lts_1112I_25_01	25	01	1	255	2	1	1	Hit	490	2-mul/Astingray2.jpg	Astingray2.jpg	SPACE	535	SPACE
1447354042733	0	lts_1112I_25_01	25	01	1	256	0	0	0	CR	MAX	Aindustrialve.jpg	Aindustrialve.jpg	NOKEY	MAX	NOKEY
1447354044171	0	lts_1112I_25_01	25	01	1	257	00	1	1	Hit	956	00-across/Aantiquemailb.jpg	Aantiquemailb.jpg	SPACE	1003	SPACE
1447354047247	0	lts_1112I_25_01	25	01	1	258	0	0	0	CR	MAX	AWOODENF3.jpg	AWOODENF3.jpg	NOKEY	MAX	NOKEY
1447354050323	0	lts_1112I_25_01	25	01	1	259	0	0	0	CR	MAX	ASPOTLIG2.jpg	ASPOTLIG2.jpg	NOKEY	MAX	NOKEY
1447354051577	0	lts_1112I_25_01	25	01	1	260	0	0	1	FA	775	Atelescope2.jpg	Atelescope2.jpg	SPACE	820	NOKEY
1447354054653	0	lts_1112I_25_01	25	01	1	261	0	0	0	CR	MAX	4/AWHISBARR.jpg	AWHISBARR.jpg	NOKEY	MAX	NOKEY
1447354057729	0	lts_1112I_25_01	25	01	1	262	0	0	0	CR	MAX	Apokerchips3.jpg	Apokerchips3.jpg	NOKEY	MAX	NOKEY
1447354060805	0	lts_1112I_25_01	25	01	1	263	0	0	0	CR	MAX	AWASHOPEN.jpg	AWASHOPEN.jpg	NOKEY	MAX	NOKEY
1447354063881	0	lts_1112I_25_01	25	01	1	264	0	0	0	CR	MAX	26384871.thl.jpg	26384871.thl.jpg	NOKEY	MAX	NOKEY
1447354065085	0	lts_1112I_25_01	25	01	1	265	4	1	1	Hit	722	4-4/AWHISBARR.jpg	AWHISBARR.jpg	SPACE	770	SPACE
1447354068177	0	lts_1112I_25_01	25	01	1	266	0	0	0	CR	MAX	2/ACANOL.jpg	ACANOL.jpg	NOKEY	MAX	NOKEY
1447354071253	0	lts_1112I_25_01	25	01	1	267	0	0	0	CR	MAX	AOSTRICH2.jpg	AOSTRICH2.jpg	NOKEY	MAX	NOKEY
1447354072457	0	lts_1112I_25_01	25	01	1	268	2	1	1	Hit	734	2-3/ACANOL.jpg	ACANOL.jpg	SPACE	770	SPACE
1447354075533	0	lts_1112I_25_01	25	01	1	269	0	0	0	CR	MAX	baseball.JPG	baseball.JPG	NOKEY	MAX	NOKEY
1447354076754	0	lts_1112I_25_01	25	01	1	270	0	0	1	FA	741	ACRICKET2.jpg	ACRICKET2.jpg	SPACE	785	NOKEY
1447354079830	0	lts_1112I_25_01	25	01	1	271	0	0	0	CR	MAX	AMIXBOAR2.jpg	AMIXBOAR2.jpg	NOKEY	MAX	NOKEY
1447354082906	0	lts_1112I_25_01	25	01	1	272	0	0	0	CR	MAX	128/22861656.thl.jpg	22861656.thl.jpg	NOKEY	MAX	NOKEY
1447354085982	0	lts_1112I_25_01	25	01	1	273	0	0	0	CR	MAX	22887480.thl.jpg	22887480.thl.jpg	NOKEY	MAX	NOKEY
1447354089076	0	lts_1112I_25_01	25	01	1	274	0	0	0	CR	MAX	ABACKSPAC.jpg	ABACKSPAC.jpg	NOKEY	MAX	NOKEY
1447354092151	0	lts_1112I_25_01	25	01	1	275	0	0	0	CR	MAX	2/Ajetski15.jpg	Ajetski15.jpg	NOKEY	MAX	NOKEY
1447354095227	0	lts_1112I_25_01	25	01	1	276	0	0	0	CR	MAX	22923068.thl.jpg	22923068.thl.jpg	NOKEY	MAX	NOKEY
1447354096280	0	lts_1112I_25_01	25	01	1	277	2	1	1	Hit	579	2-6/Ajetski15.jpg	Ajetski15.jpg	SPACE	619	SPACE
1447354099373	0	lts_1112I_25_01	25	01	1	278	0	0	0	CR	MAX	64/AOPGLASS.jpg	AOPGLASS.jpg	NOKEY	MAX	NOKEY
1447354102449	0	lts_1112I_25_01	25	01	1	279	0	0	0	CR	MAX	swimmies.jpg	swimmies.jpg	NOKEY	MAX	NOKEY
1447354105525	0	lts_1112I_25_01	25	01	1	280	0	0	0	CR	MAX	2/ABISHOP2.jpg	ABISHOP2.jpg	NOKEY	MAX	NOKEY
1447354108601	0	lts_1112I_25_01	25	01	1	281	0	0	0	CR	MAX	ASHOWCAP.jpg	ASHOWCAP.jpg	NOKEY	MAX	NOKEY
1447354109771	0	lts_1112I_25_01	25	01	1	282	2	1	1	Hit	701	2-1/ABISHOP2.jpg	ABISHOP2.jpg	SPACE	736	SPACE
1447354112847	0	lts_1112I_25_01	25	01	1	283	0	0	0	CR	MAX	8245563.thl.jpg	8245563.thl.jpg	NOKEY	MAX	NOKEY
1447354115923	0	lts_1112I_25_01	25	01	1	284	0	0	0	CR	MAX	Aparrot80.jpg	Aparrot80.jpg	NOKEY	MAX	NOKEY
1447354119000	0	lts_1112I_25_01	25	01	1	285	64	1	0	Miss	MAX	64-first/Acampingtoolk.jpg	Acampingtoolk.jpg	NOKEY	MAX	SPACE
1447354122076	0	lts_1112I_25_01	25	01	1	286	0	0	0	CR	MAX	8/ALAB21.jpg	ALAB21.jpg	NOKEY	MAX	NOKEY
1447354125152	0	lts_1112I_25_01	25	01	1	287	0	0	0	CR	MAX	AEGGHOLDE.jpg	AEGGHOLDE.jpg	NOKEY	MAX	NOKEY
1447354128228	0	lts_1112I_25_01	25	01	1	288	0	0	0	CR	MAX	4/26372690.thl.jpg	26372690.thl.jpg	NOKEY	MAX	NOKEY
1447354129983	0	lts_1112I_25_01	25	01	1	289	4	1	1	Hit	1282	4-mul/Acampingtoolk.jpg	Acampingtoolk.jpg	SPACE	1321	SPACE
1447354133060	0	lts_1112I_25_01	25	01	1	290	0	0	0	CR	MAX	Aspoonofsug11.jpg	Aspoonofsug11.jpg	NOKEY	MAX	NOKEY
1447354136135	0	lts_1112I_25_01	25	01	1	291	0	0	0	CR	MAX	Afirstaidkit3.jpg	Afirstaidkit3.jpg	NOKEY	MAX	NOKEY
1447354137556	0	lts_1112I_25_01	25	01	1	292	4	1	1	Hit	943	4-11/26372690.thl.jpg	26372690.thl.jpg	SPACE	986	SPACE
1447354140649	0	lts_1112I_25_01	25	01	1	293	0	0	0	CR	MAX	peanutbutter.jpg	peanutbutter.jpg	NOKEY	MAX	NOKEY
1447354141886	0	lts_1112I_25_01	25	01	1	294	8	1	1	Hit	766	8-first/ALAB21.jpg	ALAB21.jpg	SPACE	803	SPACE
1447354144962	0	lts_1112I_25_01	25	01	1	295	0	0	0	CR	MAX	AANTJUG.jpg	AANTJUG.jpg	NOKEY	MAX	NOKEY
1447354148039	0	lts_1112I_25_01	25	01	1	296	0	0	0	CR	MAX	cheesies.jpg	cheesies.jpg	NOKEY	MAX	NOKEY
1447354151114	0	lts_1112I_25_01	25	01	1	297	0	0	0	CR	MAX	ACUPBOAR5.jpg	ACUPBOAR5.jpg	NOKEY	MAX	NOKEY
1447354154190	0	lts_1112I_25_01	25	01	1	298	0	0	0	CR	MAX	16/8026164.thl.jpg	8026164.thl.jpg	NOKEY	MAX	NOKEY
1447354157266	0	lts_1112I_25_01	25	01	1	299	0	0	0	CR	MAX	128/AAXE4.jpg	AAXE4.jpg	NOKEY	MAX	NOKEY
1447354160359	0	lts_1112I_25_01	25	01	1	300	0	0	0	CR	MAX	Afish57.jpg	Afish57.jpg	NOKEY	MAX	NOKEY
1447354163435	0	lts_1112I_25_01	25	01	1	301	0	0	0	CR	MAX	ADECOSPO4.jpg	ADECOSPO4.jpg	NOKEY	MAX	NOKEY
1447354166511	0	lts_1112I_25_01	25	01	1	302	128	1	0	Miss	MAX	128-2/Heatpad.jpg	Heatpad.jpg	NOKEY	MAX	SPACE
1447354169604	0	lts_1112I_25_01	25	01	1	303	0	0	0	CR	MAX	16/AHEADLIG9.jpg	AHEADLIG9.jpg	NOKEY	MAX	NOKEY
1447354170774	0	lts_1112I_25_01	25	01	1	304	00	1	1	Hit	689	00-across/AGRATER.jpg	AGRATER.jpg	SPACE	735	SPACE
1447354173850	0	lts_1112I_25_01	25	01	1	305	0	0	0	CR	MAX	AJEWELBO3.jpg	AJEWELBO3.jpg	NOKEY	MAX	NOKEY
1447354176224	0	lts_1112I_25_01	25	01	1	306	0	0	1	FA	1896	garlic.jpg	garlic.jpg	SPACE	1939	NOKEY
1447354179300	0	lts_1112I_25_01	25	01	1	307	0	0	0	CR	MAX	thumb-mermaidfamilly.jpg	thumb-mermaidfamilly.jpg	NOKEY	MAX	NOKEY
1447354182377	0	lts_1112I_25_01	25	01	1	308	0	0	0	CR	MAX	Aearsyringe.jpg	Aearsyringe.jpg	NOKEY	MAX	NOKEY
1447354185469	0	lts_1112I_25_01	25	01	1	309	0	0	0	CR	MAX	batslcshi.jpg	batslcshi.jpg	NOKEY	MAX	NOKEY
1447354186573	0	lts_1112I_25_01	25	01	1	310	16	1	1	Hit	629	16-mul/ALAB21.jpg	ALAB21.jpg	SPACE	668	SPACE
1447354189649	0	lts_1112I_25_01	25	01	1	311	0	0	0	CR	MAX	APHARAOH.jpg	APHARAOH.jpg	NOKEY	MAX	NOKEY
1447354192725	0	lts_1112I_25_01	25	01	1	312	0	0	0	CR	MAX	16/26437064.thl.jpg	26437064.thl.jpg	NOKEY	MAX	NOKEY
1447354195801	0	lts_1112I_25_01	25	01	1	313	0	0	0	CR	MAX	8029214.thl.jpg	8029214.thl.jpg	NOKEY	MAX	NOKEY
1447354196871	0	lts_1112I_25_01	25	01	1	314	16	1	1	Hit	591	16-first/8026164.thl.jpg	8026164.thl.jpg	SPACE	636	SPACE
1447354199947	0	lts_1112I_25_01	25	01	1	315	0	0	0	CR	MAX	8023286.thl.jpg	8023286.thl.jpg	NOKEY	MAX	NOKEY
1447354201034	0	lts_1112I_25_01	25	01	1	316	2	1	1	Hit	613	2-mul/8026164.thl.jpg	8026164.thl.jpg	SPACE	652	SPACE
1447354204110	0	lts_1112I_25_01	25	01	1	317	0	0	0	CR	MAX	64/vendingmachine.jpg	vendingmachine.jpg	NOKEY	MAX	NOKEY
1447354207186	0	lts_1112I_25_01	25	01	1	318	0	0	0	CR	MAX	Arecyclingbox.jpg	Arecyclingbox.jpg	NOKEY	MAX	NOKEY
1447354210262	0	lts_1112I_25_01	25	01	1	319	16	1	0	Miss	MAX	16-1/AHEADLIG9.jpg	AHEADLIG9.jpg	NOKEY	MAX	SPACE
1447354213354	0	lts_1112I_25_01	25	01	1	320	0	0	0	CR	MAX	1/Abox80.jpg	Abox80.jpg	NOKEY	MAX	NOKEY
1447354216196	0	lts_1112I_25_01	25	01	1	321	1	1	1	Hit	2357	1-0/Abox80.jpg	Abox80.jpg	SPACE	2407	SPACE
1447354219289	0	lts_1112I_25_01	25	01	1	322	0	0	0	CR	MAX	16/sntslrc.jpg	sntslrc.jpg	NOKEY	MAX	NOKEY
1447354222365	0	lts_1112I_25_01	25	01	1	323	0	0	0	CR	MAX	AARTIVE6.jpg	AARTIVE6.jpg	NOKEY	MAX	NOKEY
1447354225441	0	lts_1112I_25_01	25	01	1	324	0	0	0	CR	MAX	AHONEY.jpg	AHONEY.jpg	NOKEY	MAX	NOKEY
1447354227397	0	lts_1112I_25_01	25	01	1	325	0	0	1	FA	1484	AHONEYSTI.jpg	AHONEYSTI.jpg	SPACE	1521	NOKEY
1447354230473	0	lts_1112I_25_01	25	01	1	326	0	0	0	CR	MAX	Acarjack2.jpg	Acarjack2.jpg	NOKEY	MAX	NOKEY
1447354233549	0	lts_1112I_25_01	25	01	1	327	0	0	0	CR	MAX	whiteboard.jpg	whiteboard.jpg	NOKEY	MAX	NOKEY
1447354234736	0	lts_1112I_25_01	25	01	1	328	16	1	1	Hit	705	16-first/26437064.thl.jpg	26437064.thl.jpg	SPACE	752	SPACE
1447354237813	0	lts_1112I_25_01	25	01	1	329	0	0	0	CR	MAX	ASTENORA2.jpg	ASTENORA2.jpg	NOKEY	MAX	NOKEY
1447354240889	0	lts_1112I_25_01	25	01	1	330	0	0	0	CR	MAX	32/APHONEFA2.jpg	APHONEFA2.jpg	NOKEY	MAX	NOKEY
1447354243981	0	lts_1112I_25_01	25	01	1	331	0	0	0	CR	MAX	moto.jpg	moto.jpg	NOKEY	MAX	NOKEY
1447354245019	0	lts_1112I_25_01	25	01	1	332	4	1	1	Hit	562	4-mul/26437064.thl.jpg	26437064.thl.jpg	SPACE	602	SPACE
1447354248094	0	lts_1112I_25_01	25	01	1	333	0	0	0	CR	MAX	16/8079958.thl.jpg	8079958.thl.jpg	NOKEY	MAX	NOKEY
1447354251170	0	lts_1112I_25_01	25	01	1	334	128	1	0	Miss	MAX	128-1/tricycle.jpg	tricycle.jpg	NOKEY	MAX	SPACE
1447354253193	0	lts_1112I_25_01	25	01	1	335	0	0	1	FA	1544	Aglass58.jpg	Aglass58.jpg	SPACE	1589	NOKEY
1447354255366	0	lts_1112I_25_01	25	01	1	336	0	0	1	FA	1700	Aconcreteblo3.jpg	Aconcreteblo3.jpg	SPACE	1739	NOKEY
1447354258442	0	lts_1112I_25_01	25	01	1	337	0	0	0	CR	MAX	22849284.thl.jpg	22849284.thl.jpg	NOKEY	MAX	NOKEY
1447354259663	0	lts_1112I_25_01	25	01	1	338	16	1	1	Hit	742	16-first/sntslrc.jpg	sntslrc.jpg	SPACE	785	SPACE
1447354262739	0	lts_1112I_25_01	25	01	1	339	0	0	0	CR	MAX	8254014.thl.jpg	8254014.thl.jpg	NOKEY	MAX	NOKEY
1447354264210	0	lts_1112I_25_01	25	01	1	340	0	0	1	FA	998	ADOLL69.jpg	ADOLL69.jpg	SPACE	1037	NOKEY
1447354267286	0	lts_1112I_25_01	25	01	1	341	0	0	0	CR	MAX	26282515.thl.jpg	26282515.thl.jpg	NOKEY	MAX	NOKEY
1447354268807	0	lts_1112I_25_01	25	01	1	342	64	1	1	Hit	1038	64-first/AOPGLASS.jpg	AOPGLASS.jpg	SPACE	1087	SPACE
1447354270312	0	lts_1112I_25_01	25	01	1	343	0	0	1	FA	1030	AWEIGHT11.jpg	AWEIGHT11.jpg	SPACE	1070	NOKEY
1447354273388	0	lts_1112I_25_01	25	01	1	344	0	0	0	CR	MAX	Agarbagebin.jpg	Agarbagebin.jpg	NOKEY	MAX	NOKEY
1447354276464	0	lts_1112I_25_01	25	01	1	345	0	0	0	CR	MAX	AHEATER.jpg	AHEATER.jpg	NOKEY	MAX	NOKEY
1447354277617	0	lts_1112I_25_01	25	01	1	346	4	1	1	Hit	677	4-mul/AOPGLASS.jpg	AOPGLASS.jpg	SPACE	719	SPACE
1447354280694	0	lts_1112I_25_01	25	01	1	347	0	0	0	CR	MAX	AHEADSET.jpg	AHEADSET.jpg	NOKEY	MAX	NOKEY
1447354283786	0	lts_1112I_25_01	25	01	1	348	0	0	0	CR	MAX	8/AANTFRYI2.jpg	AANTFRYI2.jpg	NOKEY	MAX	NOKEY
1447354285075	0	lts_1112I_25_01	25	01	1	349	16	1	1	Hit	814	16-first/8079958.thl.jpg	8079958.thl.jpg	SPACE	852	SPACE
1447354288150	0	lts_1112I_25_01	25	01	1	350	0	0	0	CR	MAX	1/26374346.thl.jpg	26374346.thl.jpg	NOKEY	MAX	NOKEY
1447354291226	0	lts_1112I_25_01	25	01	1	351	1	1	0	Miss	MAX	1-6/26374346.thl.jpg	26374346.thl.jpg	NOKEY	MAX	SPACE
1447354294302	0	lts_1112I_25_01	25	01	1	352	0	0	0	CR	MAX	Astereo30.jpg	Astereo30.jpg	NOKEY	MAX	NOKEY
1447354297378	0	lts_1112I_25_01	25	01	1	353	0	0	0	CR	MAX	D_exercisebike.jpg	D_exercisebike.jpg	NOKEY	MAX	NOKEY
1447354298431	0	lts_1112I_25_01	25	01	1	354	16	1	1	Hit	575	16-mul/sntslrc.jpg	sntslrc.jpg	SPACE	620	SPACE
1447354301507	0	lts_1112I_25_01	25	01	1	355	0	0	0	CR	MAX	Apulley71.jpg	Apulley71.jpg	NOKEY	MAX	NOKEY
1447354302610	0	lts_1112I_25_01	25	01	1	356	8	1	1	Hit	621	8-2/AANTFRYI2.jpg	AANTFRYI2.jpg	SPACE	668	SPACE
1447354305687	0	lts_1112I_25_01	25	01	1	357	0	0	0	CR	MAX	AHEADLI18.jpg	AHEADLI18.jpg	NOKEY	MAX	NOKEY
1447354308763	0	lts_1112I_25_01	25	01	1	358	0	0	0	CR	MAX	ASEWING.jpg	ASEWING.jpg	NOKEY	MAX	NOKEY
1447354311839	0	lts_1112I_25_01	25	01	1	359	0	0	0	CR	MAX	22856784.thl.jpg	22856784.thl.jpg	NOKEY	MAX	NOKEY
1447354314915	0	lts_1112I_25_01	25	01	1	360	0	0	0	CR	MAX	64/Aelectronicg9.jpg	Aelectronicg9.jpg	NOKEY	MAX	NOKEY
1447354318009	0	lts_1112I_25_01	25	01	1	361	0	0	0	CR	MAX	Aexercisemac4.jpg	Aexercisemac4.jpg	NOKEY	MAX	NOKEY
1447354319796	0	lts_1112I_25_01	25	01	1	362	32	1	1	Hit	1307	32-2/APHONEFA2.jpg	APHONEFA2.jpg	SPACE	1353	SPACE
1447354322889	0	lts_1112I_25_01	25	01	1	363	0	0	0	CR	MAX	AIDENTIFI.jpg	AIDENTIFI.jpg	NOKEY	MAX	NOKEY
1447354325965	0	lts_1112I_25_01	25	01	1	364	0	0	0	CR	MAX	FJVWL.jpg	FJVWL.jpg	NOKEY	MAX	NOKEY
1447354327085	0	lts_1112I_25_01	25	01	1	365	16	1	1	Hit	650	16-mul/8079958.thl.jpg	8079958.thl.jpg	SPACE	685	SPACE
1447354330161	0	lts_1112I_25_01	25	01	1	366	0	0	0	CR	MAX	surfboard.JPG	surfboard.JPG	NOKEY	MAX	NOKEY
1447354333237	0	lts_1112I_25_01	25	01	1	367	0	0	0	CR	MAX	APLANMOD.jpg	APLANMOD.jpg	NOKEY	MAX	NOKEY
1447354336313	0	lts_1112I_25_01	25	01	1	368	0	0	0	CR	MAX	2/AACORN2.jpg	AACORN2.jpg	NOKEY	MAX	NOKEY
1447354339389	0	lts_1112I_25_01	25	01	1	369	0	0	0	CR	MAX	26375896.thl.jpg	26375896.thl.jpg	NOKEY	MAX	NOKEY
1447354340493	0	lts_1112I_25_01	25	01	1	370	2	1	1	Hit	629	2-4/AACORN2.jpg	AACORN2.jpg	SPACE	670	SPACE
1447354343586	0	lts_1112I_25_01	25	01	1	371	0	0	0	CR	MAX	Atoyfiretru11.jpg	Atoyfiretru11.jpg	NOKEY	MAX	NOKEY
1447354346662	0	lts_1112I_25_01	25	01	1	372	0	0	0	CR	MAX	ABUSINEST.jpg	ABUSINEST.jpg	NOKEY	MAX	NOKEY
1447354349738	0	lts_1112I_25_01	25	01	1	373	0	0	0	CR	MAX	for28524.jpg	for28524.jpg	NOKEY	MAX	NOKEY
1447354352814	0	lts_1112I_25_01	25	01	1	374	0	0	0	CR	MAX	labyrinthe.jpg	labyrinthe.jpg	NOKEY	MAX	NOKEY
1447354355890	0	lts_1112I_25_01	25	01	1	375	0	0	0	CR	MAX	16/bowtie.jpg	bowtie.jpg	NOKEY	MAX	NOKEY
1447354358966	0	lts_1112I_25_01	25	01	1	376	0	0	0	CR	MAX	Achair1260.jpg	Achair1260.jpg	NOKEY	MAX	NOKEY
1447354362043	0	lts_1112I_25_01	25	01	1	377	0	0	0	CR	MAX	1/ATOASTOV2.jpg	ATOASTOV2.jpg	NOKEY	MAX	NOKEY
1447354363129	0	lts_1112I_25_01	25	01	1	378	1	1	1	Hit	610	1-2/ATOASTOV2.jpg	ATOASTOV2.jpg	SPACE	651	SPACE
1447354366221	0	lts_1112I_25_01	25	01	1	379	0	0	0	CR	MAX	ABROOCH41.jpg	ABROOCH41.jpg	NOKEY	MAX	NOKEY
1447354369297	0	lts_1112I_25_01	25	01	1	380	0	0	0	CR	MAX	Askirt2.jpg	Askirt2.jpg	NOKEY	MAX	NOKEY
1447354370568	0	lts_1112I_25_01	25	01	1	381	64	1	1	Hit	789	64-first/vendingmachine.jpg	vendingmachine.jpg	SPACE	836	SPACE
1447354373644	0	lts_1112I_25_01	25	01	1	382	0	0	0	CR	MAX	1/AANTSTOV6.jpg	AANTSTOV6.jpg	NOKEY	MAX	NOKEY
1447354374647	0	lts_1112I_25_01	25	01	1	383	1	1	1	Hit	528	1-9/AANTSTOV6.jpg	AANTSTOV6.jpg	SPACE	568	SPACE
1447354377723	0	lts_1112I_25_01	25	01	1	384	0	0	0	CR	MAX	26422216.thl.jpg	26422216.thl.jpg	NOKEY	MAX	NOKEY
1447354378643	0	lts_1112I_25_01	25	01	1	385	4	1	1	Hit	444	4-mul/vendingmachine.jpg	vendingmachine.jpg	SPACE	485	SPACE
1447354381719	0	lts_1112I_25_01	25	01	1	386	0	0	0	CR	MAX	ADOCKPOST.jpg	ADOCKPOST.jpg	NOKEY	MAX	NOKEY
1447354384795	0	lts_1112I_25_01	25	01	1	387	0	0	0	CR	MAX	ASPRITZER.jpg	ASPRITZER.jpg	NOKEY	MAX	NOKEY
1447354386316	0	lts_1112I_25_01	25	01	1	388	00	1	1	Hit	1044	00-across/311-863-217.jpg	311-863-217.jpg	SPACE	1087	SPACE
1447354389409	0	lts_1112I_25_01	25	01	1	389	0	0	0	CR	MAX	sprinkler.jpg	sprinkler.jpg	NOKEY	MAX	NOKEY
1447354392485	0	lts_1112I_25_01	25	01	1	390	0	0	0	CR	MAX	26370651.thm.jpg	26370651.thm.jpg	NOKEY	MAX	NOKEY
1447354393538	0	lts_1112I_25_01	25	01	1	391	16	1	1	Hit	578	16-first/bowtie.jpg	bowtie.jpg	SPACE	618	SPACE
1447354396614	0	lts_1112I_25_01	25	01	1	392	0	0	0	CR	MAX	scrunchie.jpg	scrunchie.jpg	NOKEY	MAX	NOKEY
1447354399690	0	lts_1112I_25_01	25	01	1	393	0	0	0	CR	MAX	16/Asandgarden.jpg	Asandgarden.jpg	NOKEY	MAX	NOKEY
1447354402783	0	lts_1112I_25_01	25	01	1	394	0	0	0	CR	MAX	AMIXER1.jpg	AMIXER1.jpg	NOKEY	MAX	NOKEY
1447354403770	0	lts_1112I_25_01	25	01	1	395	4	1	1	Hit	502	4-mul/bowtie.jpg	bowtie.jpg	SPACE	551	SPACE
1447354406846	0	lts_1112I_25_01	25	01	1	396	0	0	0	CR	MAX	2/Awaxlips.jpg	Awaxlips.jpg	NOKEY	MAX	NOKEY
1447354409922	0	lts_1112I_25_01	25	01	1	397	0	0	0	CR	MAX	Aglass33.jpg	Aglass33.jpg	NOKEY	MAX	NOKEY
1447354411142	0	lts_1112I_25_01	25	01	1	398	2	1	1	Hit	747	2-8/Awaxlips.jpg	Awaxlips.jpg	SPACE	786	SPACE
1447354414218	0	lts_1112I_25_01	25	01	1	399	0	0	0	CR	MAX	26420979.thl.jpg	26420979.thl.jpg	NOKEY	MAX	NOKEY
1447354415923	0	lts_1112I_25_01	25	01	1	400	128	1	1	Hit	1224	128-0/22861656.thl.jpg	22861656.thl.jpg	SPACE	1270	SPACE
1447354419000	0	lts_1112I_25_01	25	01	1	401	0	0	0	CR	MAX	Aeasteregg14.jpg	Aeasteregg14.jpg	NOKEY	MAX	NOKEY
1447354422077	0	lts_1112I_25_01	25	01	1	402	0	0	0	CR	MAX	Apaintedwood3.jpg	Apaintedwood3.jpg	NOKEY	MAX	NOKEY
1447354425152	0	lts_1112I_25_01	25	01	1	403	0	0	0	CR	MAX	32/Apyramid3.jpg	Apyramid3.jpg	NOKEY	MAX	NOKEY
1447354428228	0	lts_1112I_25_01	25	01	1	404	0	0	0	CR	MAX	1/Agardeningpai.jpg	Agardeningpai.jpg	NOKEY	MAX	NOKEY
1447354429264	0	lts_1112I_25_01	25	01	1	405	1	1	1	Hit	556	1-12/Agardeningpai.jpg	Agardeningpai.jpg	SPACE	602	SPACE
1447354432340	0	lts_1112I_25_01	25	01	1	406	0	0	0	CR	MAX	ASTEAMER.jpg	ASTEAMER.jpg	NOKEY	MAX	NOKEY
1447354435433	0	lts_1112I_25_01	25	01	1	407	0	0	0	CR	MAX	Aleaf75.jpg	Aleaf75.jpg	NOKEY	MAX	NOKEY
1447354438409	0	lts_1112I_25_01	25	01	1	408	0	0	1	FA	2506	ACHEESEGR.jpg	ACHEESEGR.jpg	SPACE	2542	NOKEY
1447354439713	0	lts_1112I_25_01	25	01	1	409	16	1	1	Hit	835	16-first/Asandgarden.jpg	Asandgarden.jpg	SPACE	870	SPACE
1447354442789	0	lts_1112I_25_01	25	01	1	410	0	0	0	CR	MAX	Amousepad.jpg	Amousepad.jpg	NOKEY	MAX	NOKEY
1447354443892	0	lts_1112I_25_01	25	01	1	411	2	1	1	Hit	631	2-mul/Asandgarden.jpg	Asandgarden.jpg	SPACE	669	SPACE
1447354446968	0	lts_1112I_25_01	25	01	1	412	0	0	0	CR	MAX	4/Anetworkplug4.jpg	Anetworkplug4.jpg	NOKEY	MAX	NOKEY
1447354450045	0	lts_1112I_25_01	25	01	1	413	0	0	0	CR	MAX	26370704.thl.jpg	26370704.thl.jpg	NOKEY	MAX	NOKEY
1447354453120	0	lts_1112I_25_01	25	01	1	414	0	0	0	CR	MAX	teepee.jpg	teepee.jpg	NOKEY	MAX	NOKEY
1447354456196	0	lts_1112I_25_01	25	01	1	415	0	0	0	CR	MAX	ABLUBLOTT.jpg	ABLUBLOTT.jpg	NOKEY	MAX	NOKEY
1447354457266	0	lts_1112I_25_01	25	01	1	416	4	1	1	Hit	596	4-3/Anetworkplug4.jpg	Anetworkplug4.jpg	SPACE	635	SPACE
1447354459023	0	lts_1112I_25_01	25	01	1	417	0	0	1	FA	1269	Awinecase.jpg	Awinecase.jpg	SPACE	1304	NOKEY
1447354460276	0	lts_1112I_25_01	25	01	1	418	00	1	1	Hit	767	00-across/311-863-217.jpg	311-863-217.jpg	SPACE	818	SPACE
1447354463352	0	lts_1112I_25_01	25	01	1	419	0	0	0	CR	MAX	ASKELETO4.jpg	ASKELETO4.jpg	NOKEY	MAX	NOKEY
1447354466428	0	lts_1112I_25_01	25	01	1	420	1	1	0	Miss	MAX	1/QD-HEad.jpg	QD-HEad.jpg	NOKEY	MAX	SPACE
1447354467464	0	lts_1112I_25_01	25	01	1	421	1	1	1	Hit	554	1-13/QD-HEad.jpg	QD-HEad.jpg	SPACE	603	SPACE
1447354470540	0	lts_1112I_25_01	25	01	1	422	0	0	0	CR	MAX	AGARLICCO.jpg	AGARLICCO.jpg	NOKEY	MAX	NOKEY
1447354473616	0	lts_1112I_25_01	25	01	1	423	0	0	0	CR	MAX	AHYPBOTT.jpg	AHYPBOTT.jpg	NOKEY	MAX	NOKEY
1447354474820	0	lts_1112I_25_01	25	01	1	424	64	1	1	Hit	732	64-first/Aelectronicg9.jpg	Aelectronicg9.jpg	SPACE	769	SPACE
1447354477896	0	lts_1112I_25_01	25	01	1	425	0	0	0	CR	MAX	Aplantinpot4.jpg	Aplantinpot4.jpg	NOKEY	MAX	NOKEY
1447354480989	0	lts_1112I_25_01	25	01	1	426	0	0	0	CR	MAX	Awatch28.jpg	Awatch28.jpg	NOKEY	MAX	NOKEY
1447354481992	0	lts_1112I_25_01	25	01	1	427	128	1	1	Hit	531	128-3/AAXE4.jpg	AAXE4.jpg	SPACE	568	SPACE
1447354485069	0	lts_1112I_25_01	25	01	1	428	0	0	0	CR	MAX	ACHOPBOWL.jpg	ACHOPBOWL.jpg	NOKEY	MAX	NOKEY
1447354487025	0	lts_1112I_25_01	25	01	1	429	0	0	1	FA	1470	2/AJUG3.jpg	AJUG3.jpg	SPACE	1505	NOKEY
1447354490100	0	lts_1112I_25_01	25	01	1	430	0	0	0	CR	MAX	ABAGGROCE.jpg	ABAGGROCE.jpg	NOKEY	MAX	NOKEY
1447354491120	0	lts_1112I_25_01	25	01	1	431	2	1	1	Hit	550	2-11/AJUG3.jpg	AJUG3.jpg	SPACE	585	SPACE
1447354494196	0	lts_1112I_25_01	25	01	1	432	0	0	0	CR	MAX	AHARPSIC5.jpg	AHARPSIC5.jpg	NOKEY	MAX	NOKEY
1447354497272	0	lts_1112I_25_01	25	01	1	433	0	0	0	CR	MAX	26434297.thl.jpg	26434297.thl.jpg	NOKEY	MAX	NOKEY
1447354500348	0	lts_1112I_25_01	25	01	1	434	0	0	0	CR	MAX	4/Aleatherbeltp.jpg	Aleatherbeltp.jpg	NOKEY	MAX	NOKEY
1447354501602	0	lts_1112I_25_01	25	01	1	435	32	1	1	Hit	777	32-9/Apyramid3.jpg	Apyramid3.jpg	SPACE	819	SPACE
1447354504678	0	lts_1112I_25_01	25	01	1	436	0	0	0	CR	MAX	ACAESALAD.jpg	ACAESALAD.jpg	NOKEY	MAX	NOKEY
1447354507754	0	lts_1112I_25_01	25	01	1	437	0	0	0	CR	MAX	Abreadrolls.jpg	Abreadrolls.jpg	NOKEY	MAX	NOKEY
1447354508791	0	lts_1112I_25_01	25	01	1	438	4	1	1	Hit	553	4-10/Aleatherbeltp.jpg	Aleatherbeltp.jpg	SPACE	602	SPACE
1447354511867	0	lts_1112I_25_01	25	01	1	439	0	0	0	CR	MAX	26556936.thl.jpg	26556936.thl.jpg	NOKEY	MAX	NOKEY
1447354512886	0	lts_1112I_25_01	25	01	1	440	16	1	1	Hit	541	16-mul/Aelectronicg9.jpg	Aelectronicg9.jpg	SPACE	585	SPACE
1447354515962	0	lts_1112I_25_01	25	01	1	441	0	0	0	CR	MAX	26428110.thl.jpg	26428110.thl.jpg	NOKEY	MAX	NOKEY
1447354519040	0	lts_1112I_25_01	25	01	1	442	0	0	0	CR	MAX	1/8021504.thl.jpg	8021504.thl.jpg	NOKEY	MAX	NOKEY
1447354520125	0	lts_1112I_25_01	25	01	1	443	1	1	1	Hit	611	1-1/8021504.thl.jpg	8021504.thl.jpg	SPACE	651	SPACE
1447354523218	0	lts_1112I_25_01	25	01	1	444	0	0	0	CR	MAX	2/23041782.thl.jpg	23041782.thl.jpg	NOKEY	MAX	NOKEY
1447354526294	0	lts_1112I_25_01	25	01	1	445	0	0	0	CR	MAX	26372785.thl.jpg	26372785.thl.jpg	NOKEY	MAX	NOKEY
1447354527347	0	lts_1112I_25_01	25	01	1	446	2	1	1	Hit	571	2-10/23041782.thl.jpg	23041782.thl.jpg	SPACE	618	SPACE
1447354529504	0	lts_1112I_25_01	25	01	1	447	0	0	1	FA	1682	26431471.thl.jpg	26431471.thl.jpg	SPACE	1722	NOKEY
1447354532580	0	lts_1112I_25_01	25	01	1	448	0	0	0	CR	MAX	ABREAD.jpg	ABREAD.jpg	NOKEY	MAX	NOKEY
1447354535656	0	lts_1112I_25_01	25	01	1	449	0	0	0	CR	MAX	Brusselssprouts.jpg	Brusselssprouts.jpg	NOKEY	MAX	NOKEY
1447354547272	0	E	Logging Ends
