1447789692042	0	B	Logging Begins
1447789994211	0	lts_1117L_33_01	33	01	0	0	0	0	0	CR	MAX	ANAPKIN4.jpg	ANAPKIN4.jpg	NOKEY	MAX	NOKEY
1447789997285	0	lts_1117L_33_01	33	01	0	1	0	0	0	CR	MAX	4/ATVLAMP.jpg	ATVLAMP.jpg	NOKEY	MAX	NOKEY
1447790000358	0	lts_1117L_33_01	33	01	0	2	0	0	0	CR	MAX	Arake4.jpg	Arake4.jpg	NOKEY	MAX	NOKEY
1447790003433	0	lts_1117L_33_01	33	01	0	3	0	0	0	CR	MAX	26425323.thl.jpg	26425323.thl.jpg	NOKEY	MAX	NOKEY
1447790006524	0	lts_1117L_33_01	33	01	0	4	0	0	0	CR	MAX	Acamelsculpt2.jpg	Acamelsculpt2.jpg	NOKEY	MAX	NOKEY
1447790007760	0	lts_1117L_33_01	33	01	0	5	4	1	1	Hit	756	4-2/ATVLAMP.jpg	ATVLAMP.jpg	SPACE	802	SPACE
1447790010834	0	lts_1117L_33_01	33	01	0	6	0	0	0	CR	MAX	1/23029830.thl.jpg	23029830.thl.jpg	NOKEY	MAX	NOKEY
1447790012239	0	lts_1117L_33_01	33	01	0	7	1	1	1	Hit	925	1-3/23029830.thl.jpg	23029830.thl.jpg	SPACE	969	SPACE
1447790015313	0	lts_1117L_33_01	33	01	0	8	0	0	0	CR	MAX	ABARREL3.jpg	ABARREL3.jpg	NOKEY	MAX	NOKEY
1447790018387	0	lts_1117L_33_01	33	01	0	9	0	0	0	CR	MAX	8027086.thl.jpg	8027086.thl.jpg	NOKEY	MAX	NOKEY
1447790021461	0	lts_1117L_33_01	33	01	0	10	0	0	0	CR	MAX	128/AJUG3.jpg	AJUG3.jpg	NOKEY	MAX	NOKEY
1447790024535	0	lts_1117L_33_01	33	01	0	11	0	0	0	CR	MAX	1/ABLACKB12.jpg	ABLACKB12.jpg	NOKEY	MAX	NOKEY
1447790025622	0	lts_1117L_33_01	33	01	0	12	1	1	1	Hit	590	1-6/ABLACKB12.jpg	ABLACKB12.jpg	SPACE	636	SPACE
1447790028696	0	lts_1117L_33_01	33	01	0	13	0	0	0	CR	MAX	AMIXER.jpg	AMIXER.jpg	NOKEY	MAX	NOKEY
1447790031770	0	lts_1117L_33_01	33	01	0	14	0	0	0	CR	MAX	ATRACINGT.jpg	ATRACINGT.jpg	NOKEY	MAX	NOKEY
1447790034844	0	lts_1117L_33_01	33	01	0	15	0	0	0	CR	MAX	ABLOODCEA.jpg	ABLOODCEA.jpg	NOKEY	MAX	NOKEY
1447790037919	0	lts_1117L_33_01	33	01	0	16	0	0	0	CR	MAX	4/AMAILBOX9.jpg	AMAILBOX9.jpg	NOKEY	MAX	NOKEY
1447790040993	0	lts_1117L_33_01	33	01	0	17	0	0	0	CR	MAX	AELEMENT3.jpg	AELEMENT3.jpg	NOKEY	MAX	NOKEY
1447790044069	0	lts_1117L_33_01	33	01	0	18	0	0	0	CR	MAX	Abox80.jpg	Abox80.jpg	NOKEY	MAX	NOKEY
1447790047143	0	lts_1117L_33_01	33	01	0	19	0	0	0	CR	MAX	8/Ababybottle15.jpg	Ababybottle15.jpg	NOKEY	MAX	NOKEY
1447790048362	0	lts_1117L_33_01	33	01	0	20	4	1	1	Hit	744	4-10/AMAILBOX9.jpg	AMAILBOX9.jpg	SPACE	785	SPACE
1447790051436	0	lts_1117L_33_01	33	01	0	21	0	0	0	CR	MAX	4/8020414.thl.jpg	8020414.thl.jpg	NOKEY	MAX	NOKEY
1447790054510	0	lts_1117L_33_01	33	01	0	22	0	0	0	CR	MAX	Aroadsignind3.jpg	Aroadsignind3.jpg	NOKEY	MAX	NOKEY
1447790057602	0	lts_1117L_33_01	33	01	0	23	0	0	0	CR	MAX	AANALCIME.jpg	AANALCIME.jpg	NOKEY	MAX	NOKEY
1447790060676	0	lts_1117L_33_01	33	01	0	24	0	0	0	CR	MAX	AMEATGR14.jpg	AMEATGR14.jpg	NOKEY	MAX	NOKEY
1447790061678	0	lts_1117L_33_01	33	01	0	25	4	1	1	Hit	530	4-3/8020414.thl.jpg	8020414.thl.jpg	SPACE	569	SPACE
1447790063083	0	lts_1117L_33_01	33	01	0	26	0	0	1	FA	921	AARROWS2.jpg	AARROWS2.jpg	SPACE	969	NOKEY
1447790064202	0	lts_1117L_33_01	33	01	0	27	8	1	1	Hit	641	8-first/Ababybottle15.jpg	Ababybottle15.jpg	SPACE	684	SPACE
1447790067277	0	lts_1117L_33_01	33	01	0	28	0	0	0	CR	MAX	AORGAN.jpg	AORGAN.jpg	NOKEY	MAX	NOKEY
1447790070350	0	lts_1117L_33_01	33	01	0	29	0	0	0	CR	MAX	AFRYINGP2.jpg	AFRYINGP2.jpg	NOKEY	MAX	NOKEY
1447790073425	0	lts_1117L_33_01	33	01	0	30	0	0	0	CR	MAX	128/26377133.thl.jpg	26377133.thl.jpg	NOKEY	MAX	NOKEY
1447790076516	0	lts_1117L_33_01	33	01	0	31	0	0	0	CR	MAX	26384554.thl.jpg	26384554.thl.jpg	NOKEY	MAX	NOKEY
1447790079590	0	lts_1117L_33_01	33	01	0	32	0	0	0	CR	MAX	ACLOGOPE3.jpg	ACLOGOPE3.jpg	NOKEY	MAX	NOKEY
1447790082664	0	lts_1117L_33_01	33	01	0	33	0	0	0	CR	MAX	teepee.jpg	teepee.jpg	NOKEY	MAX	NOKEY
1447790085739	0	lts_1117L_33_01	33	01	0	34	0	0	0	CR	MAX	Ahappbirt.jpg	Ahappbirt.jpg	NOKEY	MAX	NOKEY
1447790088813	0	lts_1117L_33_01	33	01	0	35	0	0	0	CR	MAX	hockeypuck.jpg	hockeypuck.jpg	NOKEY	MAX	NOKEY
1447790091887	0	lts_1117L_33_01	33	01	0	36	0	0	0	CR	MAX	32/22849284.thl.jpg	22849284.thl.jpg	NOKEY	MAX	NOKEY
1447790094961	0	lts_1117L_33_01	33	01	0	37	0	0	0	CR	MAX	ATOOHOLDE.jpg	ATOOHOLDE.jpg	NOKEY	MAX	NOKEY
1447790098037	0	lts_1117L_33_01	33	01	0	38	0	0	0	CR	MAX	1/APBREAD2.jpg	APBREAD2.jpg	NOKEY	MAX	NOKEY
1447790099056	0	lts_1117L_33_01	33	01	0	39	1	1	1	Hit	545	1-14/APBREAD2.jpg	APBREAD2.jpg	SPACE	585	SPACE
1447790102131	0	lts_1117L_33_01	33	01	0	40	0	0	0	CR	MAX	Abinder6.jpg	Abinder6.jpg	NOKEY	MAX	NOKEY
1447790105205	0	lts_1117L_33_01	33	01	0	41	0	0	0	CR	MAX	32/26467443.thl.jpg	26467443.thl.jpg	NOKEY	MAX	NOKEY
1447790108279	0	lts_1117L_33_01	33	01	0	42	0	0	0	CR	MAX	AHEADSET.jpg	AHEADSET.jpg	NOKEY	MAX	NOKEY
1447790109348	0	lts_1117L_33_01	33	01	0	43	16	1	1	Hit	584	16-mul/Ababybottle15.jpg	Ababybottle15.jpg	SPACE	634	SPACE
1447790112422	0	lts_1117L_33_01	33	01	0	44	0	0	0	CR	MAX	32/baseball.JPG	baseball.JPG	NOKEY	MAX	NOKEY
1447790115496	0	lts_1117L_33_01	33	01	0	45	0	0	0	CR	MAX	Ataco.jpg	Ataco.jpg	NOKEY	MAX	NOKEY
1447790118588	0	lts_1117L_33_01	33	01	0	46	0	0	0	CR	MAX	ABEERBOT5.jpg	ABEERBOT5.jpg	NOKEY	MAX	NOKEY
1447790121678	0	lts_1117L_33_01	33	01	0	47	0	0	0	CR	MAX	Acamcorde.jpg	Acamcorde.jpg	NOKEY	MAX	NOKEY
1447790124753	0	lts_1117L_33_01	33	01	0	48	0	0	0	CR	MAX	Atrumpetwith2.jpg	Atrumpetwith2.jpg	NOKEY	MAX	NOKEY
1447790127827	0	lts_1117L_33_01	33	01	0	49	0	0	0	CR	MAX	1/22852032.thl.jpg	22852032.thl.jpg	NOKEY	MAX	NOKEY
1447790128796	0	lts_1117L_33_01	33	01	0	50	1	1	1	Hit	489	1-0/22852032.thl.jpg	22852032.thl.jpg	SPACE	535	SPACE
1447790131870	0	lts_1117L_33_01	33	01	0	51	0	0	0	CR	MAX	makeuppowder.jpg	makeuppowder.jpg	NOKEY	MAX	NOKEY
1447790134945	0	lts_1117L_33_01	33	01	0	52	0	0	0	CR	MAX	ACAFLATT3.jpg	ACAFLATT3.jpg	NOKEY	MAX	NOKEY
1447790138020	0	lts_1117L_33_01	33	01	0	53	0	0	0	CR	MAX	64/Aantiquehat4.jpg	Aantiquehat4.jpg	NOKEY	MAX	NOKEY
1447790141095	0	lts_1117L_33_01	33	01	0	54	0	0	0	CR	MAX	4/Aboot9.jpg	Aboot9.jpg	NOKEY	MAX	NOKEY
1447790144169	0	lts_1117L_33_01	33	01	0	55	0	0	0	CR	MAX	Abellows4.jpg	Abellows4.jpg	NOKEY	MAX	NOKEY
1447790147243	0	lts_1117L_33_01	33	01	0	56	0	0	0	CR	MAX	4/Abikepedalar2.jpg	Abikepedalar2.jpg	NOKEY	MAX	NOKEY
1447790150317	0	lts_1117L_33_01	33	01	0	57	0	0	0	CR	MAX	26555896.thl.jpg	26555896.thl.jpg	NOKEY	MAX	NOKEY
1447790151370	0	lts_1117L_33_01	33	01	0	58	4	1	1	Hit	569	4-8/Aboot9.jpg	Aboot9.jpg	SPACE	618	SPACE
1447790154461	0	lts_1117L_33_01	33	01	0	59	0	0	0	CR	MAX	31023139.thl.jpg	31023139.thl.jpg	NOKEY	MAX	NOKEY
1447790155580	0	lts_1117L_33_01	33	01	0	60	4	1	1	Hit	639	4-4/Abikepedalar2.jpg	Abikepedalar2.jpg	SPACE	686	SPACE
1447790158654	0	lts_1117L_33_01	33	01	0	61	0	0	0	CR	MAX	1/APOGO4.jpg	APOGO4.jpg	NOKEY	MAX	NOKEY
1447790159590	0	lts_1117L_33_01	33	01	0	62	1	1	1	Hit	454	1-13/APOGO4.jpg	APOGO4.jpg	SPACE	502	SPACE
1447790162664	0	lts_1117L_33_01	33	01	0	63	0	0	0	CR	MAX	AADDBOOK.jpg	AADDBOOK.jpg	NOKEY	MAX	NOKEY
1447790165739	0	lts_1117L_33_01	33	01	0	64	0	0	0	CR	MAX	16/ASCYTHE7.jpg	ASCYTHE7.jpg	NOKEY	MAX	NOKEY
1447790168813	0	lts_1117L_33_01	33	01	0	65	0	0	0	CR	MAX	ATHERMO12.jpg	ATHERMO12.jpg	NOKEY	MAX	NOKEY
1447790171887	0	lts_1117L_33_01	33	01	0	66	0	0	0	CR	MAX	4/Abells3.jpg	Abells3.jpg	NOKEY	MAX	NOKEY
1447790174962	0	lts_1117L_33_01	33	01	0	67	0	0	0	CR	MAX	AWASHOPEN.jpg	AWASHOPEN.jpg	NOKEY	MAX	NOKEY
1447790176049	0	lts_1117L_33_01	33	01	0	68	32	1	1	Hit	608	32-2/22849284.thl.jpg	22849284.thl.jpg	SPACE	652	SPACE
1447790179123	0	lts_1117L_33_01	33	01	0	69	0	0	0	CR	MAX	Atripod5.jpg	Atripod5.jpg	NOKEY	MAX	NOKEY
1447790180243	0	lts_1117L_33_01	33	01	0	70	4	1	1	Hit	642	4-7/Abells3.jpg	Abells3.jpg	SPACE	684	SPACE
1447790183317	0	lts_1117L_33_01	33	01	0	71	0	0	0	CR	MAX	Aorcatoy4.jpg	Aorcatoy4.jpg	NOKEY	MAX	NOKEY
1447790186391	0	lts_1117L_33_01	33	01	0	72	0	0	0	CR	MAX	AKNIFEHOL.jpg	AKNIFEHOL.jpg	NOKEY	MAX	NOKEY
1447790187527	0	lts_1117L_33_01	33	01	0	73	32	1	1	Hit	654	32-8/26467443.thl.jpg	26467443.thl.jpg	SPACE	703	SPACE
1447790190601	0	lts_1117L_33_01	33	01	0	74	0	0	0	CR	MAX	Atrap4.jpg	Atrap4.jpg	NOKEY	MAX	NOKEY
1447790193675	0	lts_1117L_33_01	33	01	0	75	0	0	0	CR	MAX	22911500.thl.jpg	22911500.thl.jpg	NOKEY	MAX	NOKEY
1447790194661	0	lts_1117L_33_01	33	01	0	76	32	1	1	Hit	517	32-7/baseball.JPG	baseball.JPG	SPACE	552	SPACE
1447790197735	0	lts_1117L_33_01	33	01	0	77	0	0	0	CR	MAX	gymbench.jpg	gymbench.jpg	NOKEY	MAX	NOKEY
1447790200810	0	lts_1117L_33_01	33	01	0	78	0	0	0	CR	MAX	26374146.thl.jpg	26374146.thl.jpg	NOKEY	MAX	NOKEY
1447790203884	0	lts_1117L_33_01	33	01	0	79	0	0	0	CR	MAX	ATHERMO4.jpg	ATHERMO4.jpg	NOKEY	MAX	NOKEY
1447790204970	0	lts_1117L_33_01	33	01	0	80	16	1	1	Hit	607	16-first/ASCYTHE7.jpg	ASCYTHE7.jpg	SPACE	652	SPACE
1447790208045	0	lts_1117L_33_01	33	01	0	81	0	0	0	CR	MAX	22849344.thl.jpg	22849344.thl.jpg	NOKEY	MAX	NOKEY
1447790211120	0	lts_1117L_33_01	33	01	0	82	0	0	0	CR	MAX	8/26427906.thl.jpg	26427906.thl.jpg	NOKEY	MAX	NOKEY
1447790214194	0	lts_1117L_33_01	33	01	0	83	0	0	0	CR	MAX	ACAPTAIN9.jpg	ACAPTAIN9.jpg	NOKEY	MAX	NOKEY
1447790215247	0	lts_1117L_33_01	33	01	0	84	4	1	1	Hit	568	4-mul/ASCYTHE7.jpg	ASCYTHE7.jpg	SPACE	617	SPACE
1447790218320	0	lts_1117L_33_01	33	01	0	85	0	0	0	CR	MAX	1/AGLASSBO7.jpg	AGLASSBO7.jpg	NOKEY	MAX	NOKEY
1447790219307	0	lts_1117L_33_01	33	01	0	86	1	1	1	Hit	510	1-11/AGLASSBO7.jpg	AGLASSBO7.jpg	SPACE	551	SPACE
1447790222381	0	lts_1117L_33_01	33	01	0	87	0	0	0	CR	MAX	8/Agardeningrak.jpg	Agardeningrak.jpg	NOKEY	MAX	NOKEY
1447790225455	0	lts_1117L_33_01	33	01	0	88	0	0	0	CR	MAX	AHEARTSPO.jpg	AHEARTSPO.jpg	NOKEY	MAX	NOKEY
1447790228529	0	lts_1117L_33_01	33	01	0	89	0	0	0	CR	MAX	8/cigarette03.jpg	cigarette03.jpg	NOKEY	MAX	NOKEY
1447790229599	0	lts_1117L_33_01	33	01	0	90	8	1	1	Hit	597	8-first/26427906.thl.jpg	26427906.thl.jpg	SPACE	636	SPACE
1447790232689	0	lts_1117L_33_01	33	01	0	91	0	0	0	CR	MAX	ALAUNHAMP.jpg	ALAUNHAMP.jpg	NOKEY	MAX	NOKEY
1447790233775	0	lts_1117L_33_01	33	01	0	92	2	1	1	Hit	614	2-mul/26427906.thl.jpg	26427906.thl.jpg	SPACE	652	SPACE
1447790236850	0	lts_1117L_33_01	33	01	0	93	0	0	0	CR	MAX	Afloweredsan3.jpg	Afloweredsan3.jpg	NOKEY	MAX	NOKEY
1447790238138	0	lts_1117L_33_01	33	01	0	94	0	0	1	FA	813	Apulley71.jpg	Apulley71.jpg	SPACE	852	NOKEY
1447790239307	0	lts_1117L_33_01	33	01	0	95	8	1	1	Hit	683	8-first/Agardeningrak.jpg	Agardeningrak.jpg	SPACE	734	SPACE
1447790242381	0	lts_1117L_33_01	33	01	0	96	0	0	0	CR	MAX	Acoral7.jpg	Acoral7.jpg	NOKEY	MAX	NOKEY
1447790243467	0	lts_1117L_33_01	33	01	0	97	8	1	1	Hit	613	8-first/cigarette03.jpg	cigarette03.jpg	SPACE	653	SPACE
1447790246541	0	lts_1117L_33_01	33	01	0	98	0	0	0	CR	MAX	32/AASCDESC.jpg	AASCDESC.jpg	NOKEY	MAX	NOKEY
1447790247577	0	lts_1117L_33_01	33	01	0	99	4	1	1	Hit	553	4-mul/Agardeningrak.jpg	Agardeningrak.jpg	SPACE	602	SPACE
1447790250651	0	lts_1117L_33_01	33	01	0	100	0	0	0	CR	MAX	8/igloo.jpg	igloo.jpg	NOKEY	MAX	NOKEY
1447790253725	0	lts_1117L_33_01	33	01	0	101	0	0	0	CR	MAX	23048010.thl.jpg	23048010.thl.jpg	NOKEY	MAX	NOKEY
1447790256800	0	lts_1117L_33_01	33	01	0	102	0	0	0	CR	MAX	26442809.thl.jpg	26442809.thl.jpg	NOKEY	MAX	NOKEY
1447790259874	0	lts_1117L_33_01	33	01	0	103	0	0	0	CR	MAX	16/ATIMECLO3.jpg	ATIMECLO3.jpg	NOKEY	MAX	NOKEY
1447790262948	0	lts_1117L_33_01	33	01	0	104	0	0	0	CR	MAX	Apeanut3.jpg	Apeanut3.jpg	NOKEY	MAX	NOKEY
1447790266024	0	lts_1117L_33_01	33	01	0	105	0	0	0	CR	MAX	Adalmatiandog.jpg	Adalmatiandog.jpg	NOKEY	MAX	NOKEY
1447790269098	0	lts_1117L_33_01	33	01	0	106	0	0	0	CR	MAX	Atray26.jpg	Atray26.jpg	NOKEY	MAX	NOKEY
1447790272173	0	lts_1117L_33_01	33	01	0	107	0	0	0	CR	MAX	Abicyclehand5.jpg	Abicyclehand5.jpg	NOKEY	MAX	NOKEY
1447790273242	0	lts_1117L_33_01	33	01	0	108	8	1	1	Hit	589	8-first/igloo.jpg	igloo.jpg	SPACE	634	SPACE
1447790276316	0	lts_1117L_33_01	33	01	0	109	0	0	0	CR	MAX	ADRUM12.jpg	ADRUM12.jpg	NOKEY	MAX	NOKEY
1447790277468	0	lts_1117L_33_01	33	01	0	110	2	1	1	Hit	675	2-mul/igloo.jpg	igloo.jpg	SPACE	719	SPACE
1447790280560	0	lts_1117L_33_01	33	01	0	111	0	0	0	CR	MAX	23016343.thl.jpg	23016343.thl.jpg	NOKEY	MAX	NOKEY
1447790283650	0	lts_1117L_33_01	33	01	0	112	0	0	0	CR	MAX	APIESERVE.jpg	APIESERVE.jpg	NOKEY	MAX	NOKEY
1447790284686	0	lts_1117L_33_01	33	01	0	113	16	1	1	Hit	542	16-mul/cigarette03.jpg	cigarette03.jpg	SPACE	586	SPACE
1447790287760	0	lts_1117L_33_01	33	01	0	114	0	0	0	CR	MAX	1/26465344.thl.jpg	26465344.thl.jpg	NOKEY	MAX	NOKEY
1447790288730	0	lts_1117L_33_01	33	01	0	115	1	1	1	Hit	493	1-12/26465344.thl.jpg	26465344.thl.jpg	SPACE	536	SPACE
1447790291804	0	lts_1117L_33_01	33	01	0	116	0	0	0	CR	MAX	popcorn.jpg	popcorn.jpg	NOKEY	MAX	NOKEY
1447790293325	0	lts_1117L_33_01	33	01	0	117	64	1	1	Hit	1046	64-first/Aantiquehat4.jpg	Aantiquehat4.jpg	SPACE	1086	SPACE
1447790296399	0	lts_1117L_33_01	33	01	0	118	0	0	0	CR	MAX	APEPPSHA4.jpg	APEPPSHA4.jpg	NOKEY	MAX	NOKEY
1447790299473	0	lts_1117L_33_01	33	01	0	119	16	1	0	Miss	MAX	16-0/ATIMECLO3.jpg	ATIMECLO3.jpg	NOKEY	MAX	SPACE
1447790302565	0	lts_1117L_33_01	33	01	0	120	0	0	0	CR	MAX	Afueltank11.jpg	Afueltank11.jpg	NOKEY	MAX	NOKEY
1447790303517	0	lts_1117L_33_01	33	01	0	121	4	1	1	Hit	482	4-mul/Aantiquehat4.jpg	Aantiquehat4.jpg	SPACE	519	SPACE
1447790306624	0	lts_1117L_33_01	33	01	0	122	0	0	0	CR	MAX	AARTDUCK3.jpg	AARTDUCK3.jpg	NOKEY	MAX	NOKEY
1447790309715	0	lts_1117L_33_01	33	01	0	123	0	0	0	CR	MAX	64/Cupcake.jpg	Cupcake.jpg	NOKEY	MAX	NOKEY
1447790312790	0	lts_1117L_33_01	33	01	0	124	0	0	0	CR	MAX	2/22910996.thl.jpg	22910996.thl.jpg	NOKEY	MAX	NOKEY
1447790315864	0	lts_1117L_33_01	33	01	0	125	0	0	0	CR	MAX	8081398.thl.jpg	8081398.thl.jpg	NOKEY	MAX	NOKEY
1447790316900	0	lts_1117L_33_01	33	01	0	126	2	1	1	Hit	554	2-1/22910996.thl.jpg	22910996.thl.jpg	SPACE	602	SPACE
1447790319975	0	lts_1117L_33_01	33	01	0	127	0	0	0	CR	MAX	26374089.thl.jpg	26374089.thl.jpg	NOKEY	MAX	NOKEY
1447790323050	0	lts_1117L_33_01	33	01	0	128	0	0	0	CR	MAX	Atropicalpine.jpg	Atropicalpine.jpg	NOKEY	MAX	NOKEY
1447790326124	0	lts_1117L_33_01	33	01	0	129	0	0	0	CR	MAX	16/Acomputer9.jpg	Acomputer9.jpg	NOKEY	MAX	NOKEY
1447790327427	0	lts_1117L_33_01	33	01	0	130	32	1	1	Hit	819	32-9/AASCDESC.jpg	AASCDESC.jpg	SPACE	869	SPACE
1447790330501	0	lts_1117L_33_01	33	01	0	131	0	0	0	CR	MAX	4/ASKYDIVE.jpg	ASKYDIVE.jpg	NOKEY	MAX	NOKEY
1447790333575	0	lts_1117L_33_01	33	01	0	132	0	0	0	CR	MAX	Atool62.jpg	Atool62.jpg	NOKEY	MAX	NOKEY
1447790336666	0	lts_1117L_33_01	33	01	0	133	0	0	0	CR	MAX	128/AMEATHER3.jpg	AMEATHER3.jpg	NOKEY	MAX	NOKEY
1447790339741	0	lts_1117L_33_01	33	01	0	134	0	0	0	CR	MAX	26391514.thl.jpg	26391514.thl.jpg	NOKEY	MAX	NOKEY
1447790340793	0	lts_1117L_33_01	33	01	0	135	4	1	1	Hit	568	4-9/ASKYDIVE.jpg	ASKYDIVE.jpg	SPACE	619	SPACE
1447790343868	0	lts_1117L_33_01	33	01	0	136	0	0	0	CR	MAX	ATURKEY11.jpg	ATURKEY11.jpg	NOKEY	MAX	NOKEY
1447790346942	0	lts_1117L_33_01	33	01	0	137	0	0	0	CR	MAX	128/AHARP.jpg	AHARP.jpg	NOKEY	MAX	NOKEY
1447790348046	0	lts_1117L_33_01	33	01	0	138	128	1	1	Hit	632	128-5/AJUG3.jpg	AJUG3.jpg	SPACE	668	SPACE
1447790351120	0	lts_1117L_33_01	33	01	0	139	0	0	0	CR	MAX	64/AELECOVER.jpg	AELECOVER.jpg	NOKEY	MAX	NOKEY
1447790354195	0	lts_1117L_33_01	33	01	0	140	0	0	0	CR	MAX	Abathroomcup3.jpg	Abathroomcup3.jpg	NOKEY	MAX	NOKEY
1447790357269	0	lts_1117L_33_01	33	01	0	141	0	0	0	CR	MAX	A100FRAN3.jpg	A100FRAN3.jpg	NOKEY	MAX	NOKEY
1447790360343	0	lts_1117L_33_01	33	01	0	142	0	0	0	CR	MAX	Aceramichous2.jpg	Aceramichous2.jpg	NOKEY	MAX	NOKEY
1447790363417	0	lts_1117L_33_01	33	01	0	143	0	0	0	CR	MAX	8/AWEDCAK15.jpg	AWEDCAK15.jpg	NOKEY	MAX	NOKEY
1447790366491	0	lts_1117L_33_01	33	01	0	144	0	0	0	CR	MAX	Atoy35.jpg	Atoy35.jpg	NOKEY	MAX	NOKEY
1447790368063	0	lts_1117L_33_01	33	01	0	145	16	1	1	Hit	1094	16-first/Acomputer9.jpg	Acomputer9.jpg	SPACE	1136	SPACE
1447790371137	0	lts_1117L_33_01	33	01	0	146	0	0	0	CR	MAX	64/ABATHSALT.jpg	ABATHSALT.jpg	NOKEY	MAX	NOKEY
1447790372089	0	lts_1117L_33_01	33	01	0	147	2	1	1	Hit	470	2-mul/Acomputer9.jpg	Acomputer9.jpg	SPACE	516	SPACE
1447790375164	0	lts_1117L_33_01	33	01	0	148	0	0	0	CR	MAX	AHOSPCAR3.jpg	AHOSPCAR3.jpg	NOKEY	MAX	NOKEY
1447790378238	0	lts_1117L_33_01	33	01	0	149	0	0	0	CR	MAX	26419231.thl.jpg	26419231.thl.jpg	NOKEY	MAX	NOKEY
1447790381313	0	lts_1117L_33_01	33	01	0	150	0	0	0	CR	MAX	Aacarthatsbe2.jpg	Aacarthatsbe2.jpg	NOKEY	MAX	NOKEY
1447790382414	0	lts_1117L_33_01	33	01	0	151	8	1	1	Hit	629	8-first/AWEDCAK15.jpg	AWEDCAK15.jpg	SPACE	668	SPACE
1447790385489	0	lts_1117L_33_01	33	01	0	152	0	0	0	CR	MAX	10050937.thl.jpg	10050937.thl.jpg	NOKEY	MAX	NOKEY
1447790388580	0	lts_1117L_33_01	33	01	0	153	0	0	0	CR	MAX	Ajesusstatue2.jpg	Ajesusstatue2.jpg	NOKEY	MAX	NOKEY
1447790391671	0	lts_1117L_33_01	33	01	0	154	0	0	0	CR	MAX	23044458.thl.jpg	23044458.thl.jpg	NOKEY	MAX	NOKEY
1447790392757	0	lts_1117L_33_01	33	01	0	155	4	1	1	Hit	616	4-mul/AWEDCAK15.jpg	AWEDCAK15.jpg	SPACE	652	SPACE
1447790395831	0	lts_1117L_33_01	33	01	0	156	0	0	0	CR	MAX	AGRILL3.jpg	AGRILL3.jpg	NOKEY	MAX	NOKEY
1447790398905	0	lts_1117L_33_01	33	01	0	157	0	0	0	CR	MAX	gumballmachine.jpg	gumballmachine.jpg	NOKEY	MAX	NOKEY
1447790400260	0	lts_1117L_33_01	33	01	0	158	128	1	1	Hit	878	128-6/26377133.thl.jpg	26377133.thl.jpg	SPACE	919	SPACE
1447790403333	0	lts_1117L_33_01	33	01	0	159	0	0	0	CR	MAX	2/Ajacket12.jpg	Ajacket12.jpg	NOKEY	MAX	NOKEY
1447790404686	0	lts_1117L_33_01	33	01	0	160	0	0	1	FA	879	AIDENTIFI.jpg	AIDENTIFI.jpg	SPACE	920	NOKEY
1447790405856	0	lts_1117L_33_01	33	01	0	161	2	1	1	Hit	690	2-12/Ajacket12.jpg	Ajacket12.jpg	SPACE	735	SPACE
1447790408931	0	lts_1117L_33_01	33	01	0	162	0	0	0	CR	MAX	Apocketknifew.jpg	Apocketknifew.jpg	NOKEY	MAX	NOKEY
1447790412006	0	lts_1117L_33_01	33	01	0	163	0	0	0	CR	MAX	16/Atoyparrot2.jpg	Atoyparrot2.jpg	NOKEY	MAX	NOKEY
1447790415080	0	lts_1117L_33_01	33	01	0	164	0	0	0	CR	MAX	128/Apizzadoughin.jpg	Apizzadoughin.jpg	NOKEY	MAX	NOKEY
1447790418155	0	lts_1117L_33_01	33	01	0	165	0	0	0	CR	MAX	toy2A.JPG	toy2A.JPG	NOKEY	MAX	NOKEY
1447790421246	0	lts_1117L_33_01	33	01	0	166	0	0	0	CR	MAX	Atoyworm.jpg	Atoyworm.jpg	NOKEY	MAX	NOKEY
1447790424319	0	lts_1117L_33_01	33	01	0	167	0	0	0	CR	MAX	Atrafficsign2.jpg	Atrafficsign2.jpg	NOKEY	MAX	NOKEY
1447790427394	0	lts_1117L_33_01	33	01	0	168	0	0	0	CR	MAX	2/22827408.thl.jpg	22827408.thl.jpg	NOKEY	MAX	NOKEY
1447790430468	0	lts_1117L_33_01	33	01	0	169	0	0	0	CR	MAX	4/Atoyfurnitu14.jpg	Atoyfurnitu14.jpg	NOKEY	MAX	NOKEY
1447790431687	0	lts_1117L_33_01	33	01	0	170	2	1	1	Hit	744	2-8/22827408.thl.jpg	22827408.thl.jpg	SPACE	786	SPACE
1447790434762	0	lts_1117L_33_01	33	01	0	171	0	0	0	CR	MAX	ADRESSE14.jpg	ADRESSE14.jpg	NOKEY	MAX	NOKEY
1447790437836	0	lts_1117L_33_01	33	01	0	172	0	0	0	CR	MAX	26461587.thl.jpg	26461587.thl.jpg	NOKEY	MAX	NOKEY
1447790438889	0	lts_1117L_33_01	33	01	0	173	4	1	1	Hit	584	4-5/Atoyfurnitu14.jpg	Atoyfurnitu14.jpg	SPACE	618	SPACE
1447790441963	0	lts_1117L_33_01	33	01	0	174	0	0	0	CR	MAX	26379647.thl.jpg	26379647.thl.jpg	NOKEY	MAX	NOKEY
1447790445039	0	lts_1117L_33_01	33	01	0	175	0	0	0	CR	MAX	Acactusfruit.jpg	Acactusfruit.jpg	NOKEY	MAX	NOKEY
1447790448113	0	lts_1117L_33_01	33	01	0	176	0	0	0	CR	MAX	64/26441176.thl.jpg	26441176.thl.jpg	NOKEY	MAX	NOKEY
1447790451187	0	lts_1117L_33_01	33	01	0	177	0	0	0	CR	MAX	Aantiquejuke2.jpg	Aantiquejuke2.jpg	NOKEY	MAX	NOKEY
1447790454262	0	lts_1117L_33_01	33	01	0	178	0	0	0	CR	MAX	26282693.thl.jpg	26282693.thl.jpg	NOKEY	MAX	NOKEY
1447790455380	0	lts_1117L_33_01	33	01	0	179	16	1	1	Hit	645	16-first/Atoyparrot2.jpg	Atoyparrot2.jpg	SPACE	684	SPACE
1447790458455	0	lts_1117L_33_01	33	01	0	180	0	0	0	CR	MAX	butternutsquash.jpg	butternutsquash.jpg	NOKEY	MAX	NOKEY
1447790459424	0	lts_1117L_33_01	33	01	0	181	2	1	1	Hit	494	2-mul/Atoyparrot2.jpg	Atoyparrot2.jpg	SPACE	536	SPACE
1447790462498	0	lts_1117L_33_01	33	01	0	182	0	0	0	CR	MAX	ALAB21.jpg	ALAB21.jpg	NOKEY	MAX	NOKEY
1447790465572	0	lts_1117L_33_01	33	01	0	183	0	0	0	CR	MAX	64/ACANE2.jpg	ACANE2.jpg	NOKEY	MAX	NOKEY
1447790468663	0	lts_1117L_33_01	33	01	0	184	0	0	0	CR	MAX	cranemachine.jpg	cranemachine.jpg	NOKEY	MAX	NOKEY
1447790471738	0	lts_1117L_33_01	33	01	0	185	0	0	0	CR	MAX	26421368.thl.jpg	26421368.thl.jpg	NOKEY	MAX	NOKEY
1447790474812	0	lts_1117L_33_01	33	01	0	186	0	0	0	CR	MAX	Acucumber2.jpg	Acucumber2.jpg	NOKEY	MAX	NOKEY
1447790476033	0	lts_1117L_33_01	33	01	0	187	64	1	1	Hit	745	64-first/Cupcake.jpg	Cupcake.jpg	SPACE	785	SPACE
1447790479107	0	lts_1117L_33_01	33	01	0	188	0	0	0	CR	MAX	TTtvehiclesCyborg.jpg	TTtvehiclesCyborg.jpg	NOKEY	MAX	NOKEY
1447790482182	0	lts_1117L_33_01	33	01	0	189	0	0	0	CR	MAX	8020347.thl.jpg	8020347.thl.jpg	NOKEY	MAX	NOKEY
1447790485256	0	lts_1117L_33_01	33	01	0	190	0	0	0	CR	MAX	ATELESCO2.jpg	ATELESCO2.jpg	NOKEY	MAX	NOKEY
1447790486275	0	lts_1117L_33_01	33	01	0	191	4	1	1	Hit	535	4-mul/Cupcake.jpg	Cupcake.jpg	SPACE	583	SPACE
1447790489349	0	lts_1117L_33_01	33	01	0	192	0	0	0	CR	MAX	2/Acompactdisc2.jpg	Acompactdisc2.jpg	NOKEY	MAX	NOKEY
1447790492423	0	lts_1117L_33_01	33	01	0	193	0	0	0	CR	MAX	ACROQUET2.jpg	ACROQUET2.jpg	NOKEY	MAX	NOKEY
1447790493525	0	lts_1117L_33_01	33	01	0	194	2	1	1	Hit	604	2-10/Acompactdisc2.jpg	Acompactdisc2.jpg	SPACE	652	SPACE
1447790496617	0	lts_1117L_33_01	33	01	0	195	0	0	0	CR	MAX	ALITTERB2.jpg	ALITTERB2.jpg	NOKEY	MAX	NOKEY
1447790499708	0	lts_1117L_33_01	33	01	0	196	0	0	0	CR	MAX	4/AFISHNET3.jpg	AFISHNET3.jpg	NOKEY	MAX	NOKEY
1447790502782	0	lts_1117L_33_01	33	01	0	197	0	0	0	CR	MAX	32/pingpongtable.jpg	pingpongtable.jpg	NOKEY	MAX	NOKEY
1447790505856	0	lts_1117L_33_01	33	01	0	198	0	0	0	CR	MAX	Anetworkplug4.jpg	Anetworkplug4.jpg	NOKEY	MAX	NOKEY
1447790508931	0	lts_1117L_33_01	33	01	0	199	0	0	0	CR	MAX	scrunchie.jpg	scrunchie.jpg	NOKEY	MAX	NOKEY
1447790510051	0	lts_1117L_33_01	33	01	0	200	4	1	1	Hit	640	4-0/AFISHNET3.jpg	AFISHNET3.jpg	SPACE	685	SPACE
1447790513126	0	lts_1117L_33_01	33	01	0	201	0	0	0	CR	MAX	26384637.thl.jpg	26384637.thl.jpg	NOKEY	MAX	NOKEY
1447790516200	0	lts_1117L_33_01	33	01	0	202	0	0	0	CR	MAX	AMODELSA4.jpg	AMODELSA4.jpg	NOKEY	MAX	NOKEY
1447790517385	0	lts_1117L_33_01	33	01	0	203	64	1	1	Hit	704	64-first/AELECOVER.jpg	AELECOVER.jpg	SPACE	750	SPACE
1447790520460	0	lts_1117L_33_01	33	01	0	204	0	0	0	CR	MAX	4/26374731.thl.jpg	26374731.thl.jpg	NOKEY	MAX	NOKEY
1447790523550	0	lts_1117L_33_01	33	01	0	205	0	0	0	CR	MAX	ARATTLE.jpg	ARATTLE.jpg	NOKEY	MAX	NOKEY
1447790526642	0	lts_1117L_33_01	33	01	0	206	0	0	0	CR	MAX	AGAUGE.jpg	AGAUGE.jpg	NOKEY	MAX	NOKEY
1447790529716	0	lts_1117L_33_01	33	01	0	207	0	0	0	CR	MAX	APICKLE.jpg	APICKLE.jpg	NOKEY	MAX	NOKEY
1447790530869	0	lts_1117L_33_01	33	01	0	208	4	1	1	Hit	671	4-12/26374731.thl.jpg	26374731.thl.jpg	SPACE	719	SPACE
1447790533943	0	lts_1117L_33_01	33	01	0	209	0	0	0	CR	MAX	8/cowboywagon.jpg	cowboywagon.jpg	NOKEY	MAX	NOKEY
1447790535097	0	lts_1117L_33_01	33	01	0	210	64	1	1	Hit	682	64-first/ABATHSALT.jpg	ABATHSALT.jpg	SPACE	718	SPACE
1447790538172	0	lts_1117L_33_01	33	01	0	211	0	0	0	CR	MAX	26461413.thl.jpg	26461413.thl.jpg	NOKEY	MAX	NOKEY
1447790539241	0	lts_1117L_33_01	33	01	0	212	2	1	1	Hit	584	2-mul/ABATHSALT.jpg	ABATHSALT.jpg	SPACE	634	SPACE
1447790542315	0	lts_1117L_33_01	33	01	0	213	0	0	0	CR	MAX	2/AOPGLASS.jpg	AOPGLASS.jpg	NOKEY	MAX	NOKEY
1447790545389	0	lts_1117L_33_01	33	01	0	214	0	0	0	CR	MAX	Atool221.jpg	Atool221.jpg	NOKEY	MAX	NOKEY
1447790546541	0	lts_1117L_33_01	33	01	0	215	2	1	1	Hit	657	2-6/AOPGLASS.jpg	AOPGLASS.jpg	SPACE	703	SPACE
1447790549632	0	lts_1117L_33_01	33	01	0	216	0	0	0	CR	MAX	ACUTBOAR2.jpg	ACUTBOAR2.jpg	NOKEY	MAX	NOKEY
1447790550719	0	lts_1117L_33_01	33	01	0	217	8	1	1	Hit	612	8-0/cowboywagon.jpg	cowboywagon.jpg	SPACE	653	SPACE
1447790553793	0	lts_1117L_33_01	33	01	0	218	0	0	0	CR	MAX	128/Acatheter.jpg	Acatheter.jpg	NOKEY	MAX	NOKEY
1447790554812	0	lts_1117L_33_01	33	01	0	219	16	1	1	Hit	537	16-mul/AELECOVER.jpg	AELECOVER.jpg	SPACE	585	SPACE
1447790557887	0	lts_1117L_33_01	33	01	0	220	0	0	0	CR	MAX	AEASEL22.jpg	AEASEL22.jpg	NOKEY	MAX	NOKEY
1447790560961	0	lts_1117L_33_01	33	01	0	221	0	0	0	CR	MAX	2/checkejellyjar.jpg	checkejellyjar.jpg	NOKEY	MAX	NOKEY
1447790564036	0	lts_1117L_33_01	33	01	0	222	0	0	0	CR	MAX	DSCN9735-sm.jpg	DSCN9735-sm.jpg	NOKEY	MAX	NOKEY
1447790565072	0	lts_1117L_33_01	33	01	0	223	2	1	1	Hit	562	2-9/checkejellyjar.jpg	checkejellyjar.jpg	SPACE	600	SPACE
1447790568147	0	lts_1117L_33_01	33	01	0	224	0	0	0	CR	MAX	Agreenlighter.jpg	Agreenlighter.jpg	NOKEY	MAX	NOKEY
1447790570018	0	lts_1117L_33_01	33	01	0	225	0	0	1	FA	1393	ACHEESLIC.jpg	ACHEESLIC.jpg	SPACE	1436	NOKEY
1447790573092	0	lts_1117L_33_01	33	01	0	226	0	0	0	CR	MAX	Acamera101.jpg	Acamera101.jpg	NOKEY	MAX	NOKEY
1447790576167	0	lts_1117L_33_01	33	01	0	227	0	0	0	CR	MAX	Alipstick3.jpg	Alipstick3.jpg	NOKEY	MAX	NOKEY
1447790579241	0	lts_1117L_33_01	33	01	0	228	0	0	0	CR	MAX	ASMOKDE16.jpg	ASMOKDE16.jpg	NOKEY	MAX	NOKEY
1447790580326	0	lts_1117L_33_01	33	01	0	229	32	1	1	Hit	611	32-4/pingpongtable.jpg	pingpongtable.jpg	SPACE	650	SPACE
1447790583401	0	lts_1117L_33_01	33	01	0	230	0	0	0	CR	MAX	AXYLOPHN2.jpg	AXYLOPHN2.jpg	NOKEY	MAX	NOKEY
1447790586491	0	lts_1117L_33_01	33	01	0	231	0	0	0	CR	MAX	128/ABREADMAC.jpg	ABREADMAC.jpg	NOKEY	MAX	NOKEY
1447790589582	0	lts_1117L_33_01	33	01	0	232	0	0	0	CR	MAX	2/8077486.thl.jpg	8077486.thl.jpg	NOKEY	MAX	NOKEY
1447790592674	0	lts_1117L_33_01	33	01	0	233	0	0	0	CR	MAX	AGLASSCON.jpg	AGLASSCON.jpg	NOKEY	MAX	NOKEY
1447790593726	0	lts_1117L_33_01	33	01	0	234	2	1	1	Hit	573	2-5/8077486.thl.jpg	8077486.thl.jpg	SPACE	620	SPACE
1447790596801	0	lts_1117L_33_01	33	01	0	235	0	0	0	CR	MAX	2/26374767.thl.jpg	26374767.thl.jpg	NOKEY	MAX	NOKEY
1447790599875	0	lts_1117L_33_01	33	01	0	236	0	0	0	CR	MAX	ACHOPSTI2.jpg	ACHOPSTI2.jpg	NOKEY	MAX	NOKEY
1447790601012	0	lts_1117L_33_01	33	01	0	237	2	1	1	Hit	666	2-3/26374767.thl.jpg	26374767.thl.jpg	SPACE	701	SPACE
1447790604087	0	lts_1117L_33_01	33	01	0	238	0	0	0	CR	MAX	Abar8.jpg	Abar8.jpg	NOKEY	MAX	NOKEY
1447790607161	0	lts_1117L_33_01	33	01	0	239	0	0	0	CR	MAX	Ahumansku101.jpg	Ahumansku101.jpg	NOKEY	MAX	NOKEY
1447790608297	0	lts_1117L_33_01	33	01	0	240	64	1	1	Hit	657	64-first/26441176.thl.jpg	26441176.thl.jpg	SPACE	700	SPACE
1447790611371	0	lts_1117L_33_01	33	01	0	241	0	0	0	CR	MAX	ADESKLA12.jpg	ADESKLA12.jpg	NOKEY	MAX	NOKEY
1447790614461	0	lts_1117L_33_01	33	01	0	242	0	0	0	CR	MAX	AWOODST19.jpg	AWOODST19.jpg	NOKEY	MAX	NOKEY
1447790617552	0	lts_1117L_33_01	33	01	0	243	0	0	0	CR	MAX	16/Ametalpress.jpg	Ametalpress.jpg	NOKEY	MAX	NOKEY
1447790620644	0	lts_1117L_33_01	33	01	0	244	0	0	0	CR	MAX	128/Apuzzle8.jpg	Apuzzle8.jpg	NOKEY	MAX	NOKEY
1447790623852	0	lts_1117L_33_01	33	01	0	245	0	0	0	CR	MAX	4/ACUPBOAR5.jpg	ACUPBOAR5.jpg	NOKEY	MAX	NOKEY
1447790626926	0	lts_1117L_33_01	33	01	0	246	0	0	0	CR	MAX	Atoyboat10.jpg	Atoyboat10.jpg	NOKEY	MAX	NOKEY
1447790628030	0	lts_1117L_33_01	33	01	0	247	64	1	1	Hit	621	64-first/ACANE2.jpg	ACANE2.jpg	SPACE	668	SPACE
1447790631104	0	lts_1117L_33_01	33	01	0	248	0	0	0	CR	MAX	64/Ascroll7.jpg	Ascroll7.jpg	NOKEY	MAX	NOKEY
1447790632240	0	lts_1117L_33_01	33	01	0	249	4	1	1	Hit	663	4-6/ACUPBOAR5.jpg	ACUPBOAR5.jpg	SPACE	700	SPACE
1447790635315	0	lts_1117L_33_01	33	01	0	250	0	0	0	CR	MAX	4/Aextensionco8.jpg	Aextensionco8.jpg	NOKEY	MAX	NOKEY
1447790636267	0	lts_1117L_33_01	33	01	0	251	4	1	1	Hit	469	4-mul/ACANE2.jpg	ACANE2.jpg	SPACE	518	SPACE
1447790639341	0	lts_1117L_33_01	33	01	0	252	0	0	0	CR	MAX	Adicecupandb5.jpg	Adicecupandb5.jpg	NOKEY	MAX	NOKEY
1447790642432	0	lts_1117L_33_01	33	01	0	253	0	0	0	CR	MAX	Acamerabag.jpg	Acamerabag.jpg	NOKEY	MAX	NOKEY
1447790643517	0	lts_1117L_33_01	33	01	0	254	4	1	1	Hit	614	4-11/Aextensionco8.jpg	Aextensionco8.jpg	SPACE	653	SPACE
1447790646608	0	lts_1117L_33_01	33	01	0	255	0	0	0	CR	MAX	64/Adolphin3.jpg	Adolphin3.jpg	NOKEY	MAX	NOKEY
1447790647594	0	lts_1117L_33_01	33	01	0	256	16	1	1	Hit	506	16-mul/26441176.thl.jpg	26441176.thl.jpg	SPACE	553	SPACE
1447790650685	0	lts_1117L_33_01	33	01	0	257	0	0	0	CR	MAX	Atoychestfor3.jpg	Atoychestfor3.jpg	NOKEY	MAX	NOKEY
1447790651922	0	lts_1117L_33_01	33	01	0	258	0	0	1	FA	760	ASUNBOX5.jpg	ASUNBOX5.jpg	SPACE	802	NOKEY
1447790653160	0	lts_1117L_33_01	33	01	0	259	16	1	1	Hit	766	16-first/Ametalpress.jpg	Ametalpress.jpg	SPACE	802	SPACE
1447790656234	0	lts_1117L_33_01	33	01	0	260	0	0	0	CR	MAX	fullbucket.jpg	fullbucket.jpg	NOKEY	MAX	NOKEY
1447790658122	0	lts_1117L_33_01	33	01	0	261	128	1	1	Hit	1418	128-1/AMEATHER3.jpg	AMEATHER3.jpg	SPACE	1453	SPACE
1447790661196	0	lts_1117L_33_01	33	01	0	262	0	0	0	CR	MAX	Aprintingpre5.jpg	Aprintingpre5.jpg	NOKEY	MAX	NOKEY
1447790664271	0	lts_1117L_33_01	33	01	0	263	0	0	0	CR	MAX	Amilkcrate2.jpg	Amilkcrate2.jpg	NOKEY	MAX	NOKEY
1447790667344	0	lts_1117L_33_01	33	01	0	264	0	0	0	CR	MAX	AALMOND1.jpg	AALMOND1.jpg	NOKEY	MAX	NOKEY
1447790668513	0	lts_1117L_33_01	33	01	0	265	128	1	1	Hit	680	128-3/AHARP.jpg	AHARP.jpg	SPACE	719	SPACE
1447790671604	0	lts_1117L_33_01	33	01	0	266	0	0	0	CR	MAX	8048786.thl.jpg	8048786.thl.jpg	NOKEY	MAX	NOKEY
1447790674695	0	lts_1117L_33_01	33	01	0	267	0	0	0	CR	MAX	AFOOTST11.jpg	AFOOTST11.jpg	NOKEY	MAX	NOKEY
1447790677770	0	lts_1117L_33_01	33	01	0	268	0	0	0	CR	MAX	Aglassbottl56.jpg	Aglassbottl56.jpg	NOKEY	MAX	NOKEY
1447790680844	0	lts_1117L_33_01	33	01	0	269	0	0	0	CR	MAX	2/Abisontoy.jpg	Abisontoy.jpg	NOKEY	MAX	NOKEY
1447790683919	0	lts_1117L_33_01	33	01	0	270	0	0	0	CR	MAX	ATOOL9.jpg	ATOOL9.jpg	NOKEY	MAX	NOKEY
1447790685489	0	lts_1117L_33_01	33	01	0	271	2	1	1	Hit	1088	2-2/Abisontoy.jpg	Abisontoy.jpg	SPACE	1137	SPACE
1447790688580	0	lts_1117L_33_01	33	01	0	272	0	0	0	CR	MAX	22923440.thl.jpg	22923440.thl.jpg	NOKEY	MAX	NOKEY
1447790691671	0	lts_1117L_33_01	33	01	0	273	0	0	0	CR	MAX	APIPE8.jpg	APIPE8.jpg	NOKEY	MAX	NOKEY
1447790694746	0	lts_1117L_33_01	33	01	0	274	0	0	0	CR	MAX	8/Atoyslide.jpg	Atoyslide.jpg	NOKEY	MAX	NOKEY
1447790696017	0	lts_1117L_33_01	33	01	0	275	16	1	1	Hit	799	16-mul/Ametalpress.jpg	Ametalpress.jpg	SPACE	835	SPACE
1447790699091	0	lts_1117L_33_01	33	01	0	276	0	0	0	CR	MAX	ACHEESEGR.jpg	ACHEESEGR.jpg	NOKEY	MAX	NOKEY
1447790702165	0	lts_1117L_33_01	33	01	0	277	0	0	0	CR	MAX	Awindmill3.jpg	Awindmill3.jpg	NOKEY	MAX	NOKEY
1447790705240	0	lts_1117L_33_01	33	01	0	278	0	0	0	CR	MAX	AHEATER.jpg	AHEATER.jpg	NOKEY	MAX	NOKEY
1447790708314	0	lts_1117L_33_01	33	01	0	279	0	0	0	CR	MAX	ACANDLE30.jpg	ACANDLE30.jpg	NOKEY	MAX	NOKEY
1447790711387	0	lts_1117L_33_01	33	01	0	280	0	0	0	CR	MAX	16/8021515.thl.jpg	8021515.thl.jpg	NOKEY	MAX	NOKEY
1447790714478	0	lts_1117L_33_01	33	01	0	281	0	0	0	CR	MAX	Abasket108.jpg	Abasket108.jpg	NOKEY	MAX	NOKEY
1447790715548	0	lts_1117L_33_01	33	01	0	282	8	1	1	Hit	584	8-first/Atoyslide.jpg	Atoyslide.jpg	SPACE	619	SPACE
1447790718622	0	lts_1117L_33_01	33	01	0	283	0	0	0	CR	MAX	Adecorativet3.jpg	Adecorativet3.jpg	NOKEY	MAX	NOKEY
1447790719641	0	lts_1117L_33_01	33	01	0	284	2	1	1	Hit	551	2-mul/Atoyslide.jpg	Atoyslide.jpg	SPACE	586	SPACE
1447790722732	0	lts_1117L_33_01	33	01	0	285	0	0	0	CR	MAX	1/bathtowel.jpg	bathtowel.jpg	NOKEY	MAX	NOKEY
1447790723768	0	lts_1117L_33_01	33	01	0	286	1	1	1	Hit	558	1-1/bathtowel.jpg	bathtowel.jpg	SPACE	602	SPACE
1447790726843	0	lts_1117L_33_01	33	01	0	287	0	0	0	CR	MAX	AFOUNTAI5.jpg	AFOUNTAI5.jpg	NOKEY	MAX	NOKEY
1447790729917	0	lts_1117L_33_01	33	01	0	288	0	0	0	CR	MAX	23065398.thl.jpg	23065398.thl.jpg	NOKEY	MAX	NOKEY
1447790732992	0	lts_1117L_33_01	33	01	0	289	0	0	0	CR	MAX	26421370.thl.jpg	26421370.thl.jpg	NOKEY	MAX	NOKEY
1447790736067	0	lts_1117L_33_01	33	01	0	290	0	0	0	CR	MAX	AHUBBLE.jpg	AHUBBLE.jpg	NOKEY	MAX	NOKEY
1447790739141	0	lts_1117L_33_01	33	01	0	291	0	0	0	CR	MAX	26432848.thl.jpg	26432848.thl.jpg	NOKEY	MAX	NOKEY
1447790740861	0	lts_1117L_33_01	33	01	0	292	128	1	1	Hit	1235	128-4/Apizzadoughin.jpg	Apizzadoughin.jpg	SPACE	1285	SPACE
1447790743935	0	lts_1117L_33_01	33	01	0	293	0	0	0	CR	MAX	ABACCAMEL.jpg	ABACCAMEL.jpg	NOKEY	MAX	NOKEY
1447790747011	0	lts_1117L_33_01	33	01	0	294	0	0	0	CR	MAX	26432899.thl.jpg	26432899.thl.jpg	NOKEY	MAX	NOKEY
1447790750085	0	lts_1117L_33_01	33	01	0	295	0	0	0	CR	MAX	AMELODEON.jpg	AMELODEON.jpg	NOKEY	MAX	NOKEY
1447790751188	0	lts_1117L_33_01	33	01	0	296	16	1	1	Hit	616	16-first/8021515.thl.jpg	8021515.thl.jpg	SPACE	667	SPACE
1447790754263	0	lts_1117L_33_01	33	01	0	297	0	0	0	CR	MAX	Acardinal2.jpg	Acardinal2.jpg	NOKEY	MAX	NOKEY
1447790757336	0	lts_1117L_33_01	33	01	0	298	0	0	0	CR	MAX	26420830.thl.jpg	26420830.thl.jpg	NOKEY	MAX	NOKEY
1447790760427	0	lts_1117L_33_01	33	01	0	299	0	0	0	CR	MAX	9815629.thl.jpg	9815629.thl.jpg	NOKEY	MAX	NOKEY
1447790761479	0	lts_1117L_33_01	33	01	0	300	4	1	1	Hit	556	4-mul/8021515.thl.jpg	8021515.thl.jpg	SPACE	603	SPACE
1447790764570	0	lts_1117L_33_01	33	01	0	301	0	0	0	CR	MAX	Aavocado7.jpg	Aavocado7.jpg	NOKEY	MAX	NOKEY
1447790767661	0	lts_1117L_33_01	33	01	0	302	0	0	0	CR	MAX	Adrum22.jpg	Adrum22.jpg	NOKEY	MAX	NOKEY
1447790770736	0	lts_1117L_33_01	33	01	0	303	0	0	0	CR	MAX	Abowloffruit4.jpg	Abowloffruit4.jpg	NOKEY	MAX	NOKEY
1447790773810	0	lts_1117L_33_01	33	01	0	304	0	0	0	CR	MAX	26394018.thl.jpg	26394018.thl.jpg	NOKEY	MAX	NOKEY
1447790776885	0	lts_1117L_33_01	33	01	0	305	0	0	0	CR	MAX	2/26379430.thl.jpg	26379430.thl.jpg	NOKEY	MAX	NOKEY
1447790779959	0	lts_1117L_33_01	33	01	0	306	0	0	0	CR	MAX	Akiwifruit6.jpg	Akiwifruit6.jpg	NOKEY	MAX	NOKEY
1447790781113	0	lts_1117L_33_01	33	01	0	307	2	1	1	Hit	671	2-4/26379430.thl.jpg	26379430.thl.jpg	SPACE	718	SPACE
1447790784187	0	lts_1117L_33_01	33	01	0	308	0	0	0	CR	MAX	ACASSETT2.jpg	ACASSETT2.jpg	NOKEY	MAX	NOKEY
1447790787262	0	lts_1117L_33_01	33	01	0	309	0	0	0	CR	MAX	1/Aegyptianst20.jpg	Aegyptianst20.jpg	NOKEY	MAX	NOKEY
1447790788164	0	lts_1117L_33_01	33	01	0	310	1	1	1	Hit	429	1-10/Aegyptianst20.jpg	Aegyptianst20.jpg	SPACE	467	SPACE
1447790791238	0	lts_1117L_33_01	33	01	0	311	0	0	0	CR	MAX	AGASLAMP.jpg	AGASLAMP.jpg	NOKEY	MAX	NOKEY
1447790792657	0	lts_1117L_33_01	33	01	0	312	64	1	1	Hit	932	64-first/Ascroll7.jpg	Ascroll7.jpg	SPACE	969	SPACE
1447790795748	0	lts_1117L_33_01	33	01	0	313	0	0	0	CR	MAX	8/ABOOK23.jpg	ABOOK23.jpg	NOKEY	MAX	NOKEY
1447790796751	0	lts_1117L_33_01	33	01	0	314	2	1	1	Hit	525	2-mul/Ascroll7.jpg	Ascroll7.jpg	SPACE	568	SPACE
1447790799825	0	lts_1117L_33_01	33	01	0	315	0	0	0	CR	MAX	1/26423303.thl.jpg	26423303.thl.jpg	NOKEY	MAX	NOKEY
1447790800761	0	lts_1117L_33_01	33	01	0	316	1	1	1	Hit	461	1-4/26423303.thl.jpg	26423303.thl.jpg	SPACE	501	SPACE
1447790803835	0	lts_1117L_33_01	33	01	0	317	0	0	0	CR	MAX	26772824.thl.jpg	26772824.thl.jpg	NOKEY	MAX	NOKEY
1447790806910	0	lts_1117L_33_01	33	01	0	318	0	0	0	CR	MAX	8/AKNIGHELM.jpg	AKNIGHELM.jpg	NOKEY	MAX	NOKEY
1447790808080	0	lts_1117L_33_01	33	01	0	319	64	1	1	Hit	690	64-first/Adolphin3.jpg	Adolphin3.jpg	SPACE	735	SPACE
1447790811155	0	lts_1117L_33_01	33	01	0	320	0	0	0	CR	MAX	32/AKNIFECOL.jpg	AKNIFECOL.jpg	NOKEY	MAX	NOKEY
1447790812174	0	lts_1117L_33_01	33	01	0	321	8	1	1	Hit	541	8-1/ABOOK23.jpg	ABOOK23.jpg	SPACE	584	SPACE
1447790815248	0	lts_1117L_33_01	33	01	0	322	0	0	0	CR	MAX	Ainflatablem6.jpg	Ainflatablem6.jpg	NOKEY	MAX	NOKEY
1447790818322	0	lts_1117L_33_01	33	01	0	323	0	0	0	CR	MAX	confettipopper.jpg	confettipopper.jpg	NOKEY	MAX	NOKEY
1447790821396	0	lts_1117L_33_01	33	01	0	324	0	0	0	CR	MAX	AFOOTST26.jpg	AFOOTST26.jpg	NOKEY	MAX	NOKEY
1447790824470	0	lts_1117L_33_01	33	01	0	325	0	0	0	CR	MAX	Aornament89.jpg	Aornament89.jpg	NOKEY	MAX	NOKEY
1447790825657	0	lts_1117L_33_01	33	01	0	326	8	1	1	Hit	694	8-first/AKNIGHELM.jpg	AKNIGHELM.jpg	SPACE	736	SPACE
1447790828731	0	lts_1117L_33_01	33	01	0	327	0	0	0	CR	MAX	Achipboard.jpg	Achipboard.jpg	NOKEY	MAX	NOKEY
1447790831805	0	lts_1117L_33_01	33	01	0	328	0	0	0	CR	MAX	bagelslicer.jpg	bagelslicer.jpg	NOKEY	MAX	NOKEY
1447790834880	0	lts_1117L_33_01	33	01	0	329	0	0	0	CR	MAX	ACHEMSET3.jpg	ACHEMSET3.jpg	NOKEY	MAX	NOKEY
1447790837954	0	lts_1117L_33_01	33	01	0	330	0	0	0	CR	MAX	26433387.thl.jpg	26433387.thl.jpg	NOKEY	MAX	NOKEY
1447790841030	0	lts_1117L_33_01	33	01	0	331	0	0	0	CR	MAX	Atoyball.jpg	Atoyball.jpg	NOKEY	MAX	NOKEY
1447790844104	0	lts_1117L_33_01	33	01	0	332	0	0	0	CR	MAX	Abladetablesa.jpg	Abladetablesa.jpg	NOKEY	MAX	NOKEY
1447790847178	0	lts_1117L_33_01	33	01	0	333	0	0	0	CR	MAX	frog-a.jpg	frog-a.jpg	NOKEY	MAX	NOKEY
1447790850253	0	lts_1117L_33_01	33	01	0	334	0	0	0	CR	MAX	Aredandbluef2.jpg	Aredandbluef2.jpg	NOKEY	MAX	NOKEY
1447790851205	0	lts_1117L_33_01	33	01	0	335	16	1	1	Hit	477	16-mul/Adolphin3.jpg	Adolphin3.jpg	SPACE	517	SPACE
1447790854279	0	lts_1117L_33_01	33	01	0	336	0	0	0	CR	MAX	32/AAFRICI13.jpg	AAFRICI13.jpg	NOKEY	MAX	NOKEY
1447790857353	0	lts_1117L_33_01	33	01	0	337	0	0	0	CR	MAX	1/8023968.thl.jpg	8023968.thl.jpg	NOKEY	MAX	NOKEY
1447790858405	0	lts_1117L_33_01	33	01	0	338	1	1	1	Hit	570	1-9/8023968.thl.jpg	8023968.thl.jpg	SPACE	618	SPACE
1447790861496	0	lts_1117L_33_01	33	01	0	339	0	0	0	CR	MAX	26375896.thl.jpg	26375896.thl.jpg	NOKEY	MAX	NOKEY
1447790864587	0	lts_1117L_33_01	33	01	0	340	0	0	0	CR	MAX	26374055.thl.jpg	26374055.thl.jpg	NOKEY	MAX	NOKEY
1447790867678	0	lts_1117L_33_01	33	01	0	341	0	0	0	CR	MAX	26370681.thl.jpg	26370681.thl.jpg	NOKEY	MAX	NOKEY
1447790868698	0	lts_1117L_33_01	33	01	0	342	16	1	1	Hit	547	16-mul/AKNIGHELM.jpg	AKNIGHELM.jpg	SPACE	586	SPACE
1447790871772	0	lts_1117L_33_01	33	01	0	343	0	0	0	CR	MAX	311-863-217.jpg	311-863-217.jpg	NOKEY	MAX	NOKEY
1447790874846	0	lts_1117L_33_01	33	01	0	344	0	0	0	CR	MAX	APITCHE15.jpg	APITCHE15.jpg	NOKEY	MAX	NOKEY
1447790877921	0	lts_1117L_33_01	33	01	0	345	0	0	0	CR	MAX	26392231.thl.jpg	26392231.thl.jpg	NOKEY	MAX	NOKEY
1447790879324	0	lts_1117L_33_01	33	01	0	346	128	1	1	Hit	929	128-0/Acatheter.jpg	Acatheter.jpg	SPACE	969	SPACE
1447790882398	0	lts_1117L_33_01	33	01	0	347	0	0	0	CR	MAX	Abasketandch2.jpg	Abasketandch2.jpg	NOKEY	MAX	NOKEY
1447790885489	0	lts_1117L_33_01	33	01	0	348	0	0	0	CR	MAX	26282515.thl.jpg	26282515.thl.jpg	NOKEY	MAX	NOKEY
1447790888581	0	lts_1117L_33_01	33	01	0	349	0	0	0	CR	MAX	blueflatbox.jpg	blueflatbox.jpg	NOKEY	MAX	NOKEY
1447790891655	0	lts_1117L_33_01	33	01	0	350	0	0	0	CR	MAX	pacifierthermometer.jpg	pacifierthermometer.jpg	NOKEY	MAX	NOKEY
1447790894729	0	lts_1117L_33_01	33	01	0	351	0	0	0	CR	MAX	ACOUPLEF2.jpg	ACOUPLEF2.jpg	NOKEY	MAX	NOKEY
1447790895816	0	lts_1117L_33_01	33	01	0	352	32	1	1	Hit	602	32-0/AKNIFECOL.jpg	AKNIFECOL.jpg	SPACE	651	SPACE
1447790898890	0	lts_1117L_33_01	33	01	0	353	0	0	0	CR	MAX	32/AWINDSU21.jpg	AWINDSU21.jpg	NOKEY	MAX	NOKEY
1447790901964	0	lts_1117L_33_01	33	01	0	354	0	0	0	CR	MAX	8/AWASHSIGN.jpg	AWASHSIGN.jpg	NOKEY	MAX	NOKEY
1447790905040	0	lts_1117L_33_01	33	01	0	355	0	0	0	CR	MAX	2/26375899.thl.jpg	26375899.thl.jpg	NOKEY	MAX	NOKEY
1447790908114	0	lts_1117L_33_01	33	01	0	356	0	0	0	CR	MAX	Ablackleather.jpg	Ablackleather.jpg	NOKEY	MAX	NOKEY
1447790909167	0	lts_1117L_33_01	33	01	0	357	2	1	1	Hit	579	2-13/26375899.thl.jpg	26375899.thl.jpg	SPACE	617	SPACE
1447790912241	0	lts_1117L_33_01	33	01	0	358	0	0	0	CR	MAX	Apinkshoe.jpg	Apinkshoe.jpg	NOKEY	MAX	NOKEY
1447790913593	0	lts_1117L_33_01	33	01	0	359	128	1	1	Hit	881	128-2/ABREADMAC.jpg	ABREADMAC.jpg	SPACE	919	SPACE
1447790916684	0	lts_1117L_33_01	33	01	0	360	0	0	0	CR	MAX	batteries-a.jpg	batteries-a.jpg	NOKEY	MAX	NOKEY
1447790919759	0	lts_1117L_33_01	33	01	0	361	0	0	0	CR	MAX	ACHIPPER.jpg	ACHIPPER.jpg	NOKEY	MAX	NOKEY
1447790920761	0	lts_1117L_33_01	33	01	0	362	8	1	1	Hit	525	8-first/AWASHSIGN.jpg	AWASHSIGN.jpg	SPACE	568	SPACE
1447790923836	0	lts_1117L_33_01	33	01	0	363	0	0	0	CR	MAX	1/Aboots56.jpg	Aboots56.jpg	NOKEY	MAX	NOKEY
1447790924788	0	lts_1117L_33_01	33	01	0	364	1	1	1	Hit	474	1-8/Aboots56.jpg	Aboots56.jpg	SPACE	518	SPACE
1447790927862	0	lts_1117L_33_01	33	01	0	365	0	0	0	CR	MAX	16/Ahorse23.jpg	Ahorse23.jpg	NOKEY	MAX	NOKEY
1447790928848	0	lts_1117L_33_01	33	01	0	366	4	1	1	Hit	500	4-mul/AWASHSIGN.jpg	AWASHSIGN.jpg	SPACE	551	SPACE
1447790931923	0	lts_1117L_33_01	33	01	0	367	0	0	0	CR	MAX	Adiscoball2.jpg	Adiscoball2.jpg	NOKEY	MAX	NOKEY
1447790933026	0	lts_1117L_33_01	33	01	0	368	32	1	1	Hit	623	32-6/AAFRICI13.jpg	AAFRICI13.jpg	SPACE	668	SPACE
1447790936101	0	lts_1117L_33_01	33	01	0	369	0	0	0	CR	MAX	ABOX8.jpg	ABOX8.jpg	NOKEY	MAX	NOKEY
1447790939175	0	lts_1117L_33_01	33	01	0	370	0	0	0	CR	MAX	Acampingtoolk.jpg	Acampingtoolk.jpg	NOKEY	MAX	NOKEY
1447790940577	0	lts_1117L_33_01	33	01	0	371	0	0	1	FA	906	ASTEAMER.jpg	ASTEAMER.jpg	SPACE	952	NOKEY
1447790941797	0	lts_1117L_33_01	33	01	0	372	128	1	1	Hit	745	128-7/Apuzzle8.jpg	Apuzzle8.jpg	SPACE	785	SPACE
1447790944872	0	lts_1117L_33_01	33	01	0	373	0	0	0	CR	MAX	16/AMUSIHORN.jpg	AMUSIHORN.jpg	NOKEY	MAX	NOKEY
1447790947946	0	lts_1117L_33_01	33	01	0	374	0	0	0	CR	MAX	Afusehousing.jpg	Afusehousing.jpg	NOKEY	MAX	NOKEY
1447790951021	0	lts_1117L_33_01	33	01	0	375	0	0	0	CR	MAX	ASAFE.jpg	ASAFE.jpg	NOKEY	MAX	NOKEY
1447790954096	0	lts_1117L_33_01	33	01	0	376	0	0	0	CR	MAX	2/AARCHERY.jpg	AARCHERY.jpg	NOKEY	MAX	NOKEY
1447790957170	0	lts_1117L_33_01	33	01	0	377	0	0	0	CR	MAX	Alampsanddes5.jpg	Alampsanddes5.jpg	NOKEY	MAX	NOKEY
1447790958273	0	lts_1117L_33_01	33	01	0	378	2	1	1	Hit	628	2-11/AARCHERY.jpg	AARCHERY.jpg	SPACE	667	SPACE
1447790961346	0	lts_1117L_33_01	33	01	0	379	0	0	0	CR	MAX	Amouthpiece4.jpg	Amouthpiece4.jpg	NOKEY	MAX	NOKEY
1447790964420	0	lts_1117L_33_01	33	01	0	380	0	0	0	CR	MAX	dftslpi.jpg	dftslpi.jpg	NOKEY	MAX	NOKEY
1447790965523	0	lts_1117L_33_01	33	01	0	381	16	1	1	Hit	611	16-first/Ahorse23.jpg	Ahorse23.jpg	SPACE	653	SPACE
1447790968614	0	lts_1117L_33_01	33	01	0	382	0	0	0	CR	MAX	64/Alintbrush2.jpg	Alintbrush2.jpg	NOKEY	MAX	NOKEY
1447790971689	0	lts_1117L_33_01	33	01	0	383	0	0	0	CR	MAX	AANTICOT.jpg	AANTICOT.jpg	NOKEY	MAX	NOKEY
1447790974763	0	lts_1117L_33_01	33	01	0	384	0	0	0	CR	MAX	swimmies.jpg	swimmies.jpg	NOKEY	MAX	NOKEY
1447790976168	0	lts_1117L_33_01	33	01	0	385	32	1	1	Hit	928	32-1/AWINDSU21.jpg	AWINDSU21.jpg	SPACE	969	SPACE
1447790979242	0	lts_1117L_33_01	33	01	0	386	0	0	0	CR	MAX	8249141.thl.jpg	8249141.thl.jpg	NOKEY	MAX	NOKEY
1447790982316	0	lts_1117L_33_01	33	01	0	387	0	0	0	CR	MAX	16/26427867.thl.jpg	26427867.thl.jpg	NOKEY	MAX	NOKEY
1447790985390	0	lts_1117L_33_01	33	01	0	388	0	0	0	CR	MAX	ABLLIGHTB.jpg	ABLLIGHTB.jpg	NOKEY	MAX	NOKEY
1447790986425	0	lts_1117L_33_01	33	01	0	389	16	1	1	Hit	537	16-first/AMUSIHORN.jpg	AMUSIHORN.jpg	SPACE	585	SPACE
1447790989517	0	lts_1117L_33_01	33	01	0	390	0	0	0	CR	MAX	32/ALOOFA.jpg	ALOOFA.jpg	NOKEY	MAX	NOKEY
1447790990502	0	lts_1117L_33_01	33	01	0	391	2	1	1	Hit	510	2-mul/AMUSIHORN.jpg	AMUSIHORN.jpg	SPACE	553	SPACE
1447790993593	0	lts_1117L_33_01	33	01	0	392	0	0	0	CR	MAX	Aseal3.jpg	Aseal3.jpg	NOKEY	MAX	NOKEY
1447790996685	0	lts_1117L_33_01	33	01	0	393	0	0	0	CR	MAX	1/AOTOSCOP5.jpg	AOTOSCOP5.jpg	NOKEY	MAX	NOKEY
1447790997704	0	lts_1117L_33_01	33	01	0	394	1	1	1	Hit	547	1-7/AOTOSCOP5.jpg	AOTOSCOP5.jpg	SPACE	586	SPACE
1447791000778	0	lts_1117L_33_01	33	01	0	395	0	0	0	CR	MAX	16/redonion.jpg	redonion.jpg	NOKEY	MAX	NOKEY
1447791003853	0	lts_1117L_33_01	33	01	0	396	0	0	0	CR	MAX	4/Achampagnebo2.jpg	Achampagnebo2.jpg	NOKEY	MAX	NOKEY
1447791004872	0	lts_1117L_33_01	33	01	0	397	16	1	1	Hit	538	16-mul/Ahorse23.jpg	Ahorse23.jpg	SPACE	585	SPACE
1447791007946	0	lts_1117L_33_01	33	01	0	398	0	0	0	CR	MAX	blueberriespack.jpg	blueberriespack.jpg	NOKEY	MAX	NOKEY
1447791011022	0	lts_1117L_33_01	33	01	0	399	0	0	0	CR	MAX	pretzelsticks.jpg	pretzelsticks.jpg	NOKEY	MAX	NOKEY
1447791012091	0	lts_1117L_33_01	33	01	0	400	4	1	1	Hit	597	4-1/Achampagnebo2.jpg	Achampagnebo2.jpg	SPACE	634	SPACE
1447791015165	0	lts_1117L_33_01	33	01	0	401	0	0	0	CR	MAX	Awickerchair8.jpg	Awickerchair8.jpg	NOKEY	MAX	NOKEY
1447791018239	0	lts_1117L_33_01	33	01	0	402	0	0	0	CR	MAX	Astadium.jpg	Astadium.jpg	NOKEY	MAX	NOKEY
1447791019391	0	lts_1117L_33_01	33	01	0	403	16	1	1	Hit	668	16-1/26427867.thl.jpg	26427867.thl.jpg	SPACE	718	SPACE
1447791022482	0	lts_1117L_33_01	33	01	0	404	0	0	0	CR	MAX	26419689.thl.jpg	26419689.thl.jpg	NOKEY	MAX	NOKEY
1447791025573	0	lts_1117L_33_01	33	01	0	405	0	0	0	CR	MAX	Aashtray14.jpg	Aashtray14.jpg	NOKEY	MAX	NOKEY
1447791028664	0	lts_1117L_33_01	33	01	0	406	0	0	0	CR	MAX	32/Atoycoil.jpg	Atoycoil.jpg	NOKEY	MAX	NOKEY
1447791031739	0	lts_1117L_33_01	33	01	0	407	0	0	0	CR	MAX	2/26444138.thl.jpg	26444138.thl.jpg	NOKEY	MAX	NOKEY
1447791034813	0	lts_1117L_33_01	33	01	0	408	0	0	0	CR	MAX	Arunningshoe4.jpg	Arunningshoe4.jpg	NOKEY	MAX	NOKEY
1447791035849	0	lts_1117L_33_01	33	01	0	409	2	1	1	Hit	556	2-0/26444138.thl.jpg	26444138.thl.jpg	SPACE	601	SPACE
1447791038924	0	lts_1117L_33_01	33	01	0	410	0	0	0	CR	MAX	26460317.thl.jpg	26460317.thl.jpg	NOKEY	MAX	NOKEY
1447791040578	0	lts_1117L_33_01	33	01	0	411	16	1	1	Hit	1167	16-first/redonion.jpg	redonion.jpg	SPACE	1204	SPACE
1447791043652	0	lts_1117L_33_01	33	01	0	412	0	0	0	CR	MAX	ALIQBOOK.jpg	ALIQBOOK.jpg	NOKEY	MAX	NOKEY
1447791046726	0	lts_1117L_33_01	33	01	0	413	0	0	0	CR	MAX	ABUSTFOR7.jpg	ABUSTFOR7.jpg	NOKEY	MAX	NOKEY
1447791049801	0	lts_1117L_33_01	33	01	0	414	0	0	0	CR	MAX	Asword138.jpg	Asword138.jpg	NOKEY	MAX	NOKEY
1447791052875	0	lts_1117L_33_01	33	01	0	415	0	0	0	CR	MAX	mascara.jpg	mascara.jpg	NOKEY	MAX	NOKEY
1447791055950	0	lts_1117L_33_01	33	01	0	416	0	0	0	CR	MAX	1/AINCENSE4.jpg	AINCENSE4.jpg	NOKEY	MAX	NOKEY
1447791056902	0	lts_1117L_33_01	33	01	0	417	1	1	1	Hit	479	1-5/AINCENSE4.jpg	AINCENSE4.jpg	SPACE	518	SPACE
1447791059976	0	lts_1117L_33_01	33	01	0	418	0	0	0	CR	MAX	APILLS5.jpg	APILLS5.jpg	NOKEY	MAX	NOKEY
1447791063052	0	lts_1117L_33_01	33	01	0	419	0	0	0	CR	MAX	1/gameboy.jpg	gameboy.jpg	NOKEY	MAX	NOKEY
1447791063886	0	lts_1117L_33_01	33	01	0	420	1	1	1	Hit	356	1-2/gameboy.jpg	gameboy.jpg	SPACE	400	SPACE
1447791066961	0	lts_1117L_33_01	33	01	0	421	0	0	0	CR	MAX	D_exercisebike.jpg	D_exercisebike.jpg	NOKEY	MAX	NOKEY
1447791067980	0	lts_1117L_33_01	33	01	0	422	32	1	1	Hit	550	32-3/ALOOFA.jpg	ALOOFA.jpg	SPACE	585	SPACE
1447791071072	0	lts_1117L_33_01	33	01	0	423	0	0	0	CR	MAX	ABARBCHA3.jpg	ABARBCHA3.jpg	NOKEY	MAX	NOKEY
1447791074146	0	lts_1117L_33_01	33	01	0	424	0	0	0	CR	MAX	16/ACAT6.jpg	ACAT6.jpg	NOKEY	MAX	NOKEY
1447791077220	0	lts_1117L_33_01	33	01	0	425	0	0	0	CR	MAX	8/AHARPSIC5.jpg	AHARPSIC5.jpg	NOKEY	MAX	NOKEY
1447791080295	0	lts_1117L_33_01	33	01	0	426	0	0	0	CR	MAX	AWASHPART.jpg	AWASHPART.jpg	NOKEY	MAX	NOKEY
1447791081264	0	lts_1117L_33_01	33	01	0	427	16	1	1	Hit	495	16-mul/redonion.jpg	redonion.jpg	SPACE	534	SPACE
1447791084337	0	lts_1117L_33_01	33	01	0	428	0	0	0	CR	MAX	ABACKHOE2.jpg	ABACKHOE2.jpg	NOKEY	MAX	NOKEY
1447791087428	0	lts_1117L_33_01	33	01	0	429	0	0	0	CR	MAX	2/26465824.thl.jpg	26465824.thl.jpg	NOKEY	MAX	NOKEY
1447791090519	0	lts_1117L_33_01	33	01	0	430	0	0	0	CR	MAX	22923068.thl.jpg	22923068.thl.jpg	NOKEY	MAX	NOKEY
1447791091438	0	lts_1117L_33_01	33	01	0	431	2	1	1	Hit	443	2-7/26465824.thl.jpg	26465824.thl.jpg	SPACE	486	SPACE
1447791094529	0	lts_1117L_33_01	33	01	0	432	0	0	0	CR	MAX	Apotboilinge2.jpg	Apotboilinge2.jpg	NOKEY	MAX	NOKEY
1447791095565	0	lts_1117L_33_01	33	01	0	433	8	1	1	Hit	565	8-2/AHARPSIC5.jpg	AHARPSIC5.jpg	SPACE	603	SPACE
1447791098640	0	lts_1117L_33_01	33	01	0	434	0	0	0	CR	MAX	Abottleofwin4.jpg	Abottleofwin4.jpg	NOKEY	MAX	NOKEY
1447791101714	0	lts_1117L_33_01	33	01	0	435	0	0	0	CR	MAX	lightsaber.jpg	lightsaber.jpg	NOKEY	MAX	NOKEY
1447791104805	0	lts_1117L_33_01	33	01	0	436	0	0	0	CR	MAX	AASCENDER.jpg	AASCENDER.jpg	NOKEY	MAX	NOKEY
1447791107880	0	lts_1117L_33_01	33	01	0	437	0	0	0	CR	MAX	Anotepad9.jpg	Anotepad9.jpg	NOKEY	MAX	NOKEY
1447791108832	0	lts_1117L_33_01	33	01	0	438	32	1	1	Hit	470	32-5/Atoycoil.jpg	Atoycoil.jpg	SPACE	518	SPACE
1447791111906	0	lts_1117L_33_01	33	01	0	439	0	0	0	CR	MAX	ARELSCU49.jpg	ARELSCU49.jpg	NOKEY	MAX	NOKEY
1447791112926	0	lts_1117L_33_01	33	01	0	440	16	1	1	Hit	539	16-first/ACAT6.jpg	ACAT6.jpg	SPACE	584	SPACE
1447791116001	0	lts_1117L_33_01	33	01	0	441	0	0	0	CR	MAX	Amanatee2.jpg	Amanatee2.jpg	NOKEY	MAX	NOKEY
1447791119075	0	lts_1117L_33_01	33	01	0	442	0	0	0	CR	MAX	Ascientifice6.jpg	Ascientifice6.jpg	NOKEY	MAX	NOKEY
1447791122150	0	lts_1117L_33_01	33	01	0	443	0	0	0	CR	MAX	legoblocks.jpg	legoblocks.jpg	NOKEY	MAX	NOKEY
1447791123202	0	lts_1117L_33_01	33	01	0	444	4	1	1	Hit	578	4-mul/ACAT6.jpg	ACAT6.jpg	SPACE	617	SPACE
1447791126276	0	lts_1117L_33_01	33	01	0	445	0	0	0	CR	MAX	visacard.jpg	visacard.jpg	NOKEY	MAX	NOKEY
1447791127495	0	lts_1117L_33_01	33	01	0	446	64	1	1	Hit	727	64-first/Alintbrush2.jpg	Alintbrush2.jpg	SPACE	769	SPACE
1447791129217	0	lts_1117L_33_01	33	01	0	447	0	0	1	FA	1246	Atool198.jpg	Atool198.jpg	SPACE	1286	NOKEY
1447791130319	0	lts_1117L_33_01	33	01	0	448	2	1	1	Hit	630	2-mul/Alintbrush2.jpg	Alintbrush2.jpg	SPACE	667	SPACE
1447791133393	0	lts_1117L_33_01	33	01	0	449	0	0	0	CR	MAX	Afitting3.jpg	Afitting3.jpg	NOKEY	MAX	NOKEY
1447791204588	0	lts_1117L_33_01	33	01	1	0	0	0	0	CR	MAX	Aeggsandwich6.jpg	Aeggsandwich6.jpg	NOKEY	MAX	NOKEY
1447791207663	0	lts_1117L_33_01	33	01	1	1	0	0	0	CR	MAX	1/matchbook.jpg	matchbook.jpg	NOKEY	MAX	NOKEY
1447791208565	0	lts_1117L_33_01	33	01	1	2	1	1	1	Hit	433	1-10/matchbook.jpg	matchbook.jpg	SPACE	469	SPACE
1447791211639	0	lts_1117L_33_01	33	01	1	3	0	0	0	CR	MAX	26455774.thl.jpg	26455774.thl.jpg	NOKEY	MAX	NOKEY
1447791214713	0	lts_1117L_33_01	33	01	1	4	0	0	0	CR	MAX	ALIONWALK.jpg	ALIONWALK.jpg	NOKEY	MAX	NOKEY
1447791217788	0	lts_1117L_33_01	33	01	1	5	0	0	0	CR	MAX	Aradio24.jpg	Aradio24.jpg	NOKEY	MAX	NOKEY
1447791220862	0	lts_1117L_33_01	33	01	1	6	0	0	0	CR	MAX	Ahandbag68.jpg	Ahandbag68.jpg	NOKEY	MAX	NOKEY
1447791223937	0	lts_1117L_33_01	33	01	1	7	0	0	0	CR	MAX	22856256.thl.jpg	22856256.thl.jpg	NOKEY	MAX	NOKEY
1447791227012	0	lts_1117L_33_01	33	01	1	8	0	0	0	CR	MAX	10049257.thl.jpg	10049257.thl.jpg	NOKEY	MAX	NOKEY
1447791230086	0	lts_1117L_33_01	33	01	1	9	0	0	0	CR	MAX	26439504.thl.jpg	26439504.thl.jpg	NOKEY	MAX	NOKEY
1447791231405	0	lts_1117L_33_01	33	01	1	10	00	1	1	Hit	844	00-across/Agardeningrak.jpg	Agardeningrak.jpg	SPACE	885	SPACE
1447791234496	0	lts_1117L_33_01	33	01	1	11	0	0	0	CR	MAX	4/Agame3.jpg	Agame3.jpg	NOKEY	MAX	NOKEY
1447791237571	0	lts_1117L_33_01	33	01	1	12	0	0	0	CR	MAX	32/Abreadrolls.jpg	Abreadrolls.jpg	NOKEY	MAX	NOKEY
1447791240645	0	lts_1117L_33_01	33	01	1	13	0	0	0	CR	MAX	Achick9.jpg	Achick9.jpg	NOKEY	MAX	NOKEY
1447791243736	0	lts_1117L_33_01	33	01	1	14	0	0	0	CR	MAX	ACOLUMN5.jpg	ACOLUMN5.jpg	NOKEY	MAX	NOKEY
1447791244822	0	lts_1117L_33_01	33	01	1	15	4	1	1	Hit	610	4-8/Agame3.jpg	Agame3.jpg	SPACE	651	SPACE
1447791247897	0	lts_1117L_33_01	33	01	1	16	0	0	0	CR	MAX	4/ANAPRINGS.jpg	ANAPRINGS.jpg	NOKEY	MAX	NOKEY
1447791250971	0	lts_1117L_33_01	33	01	1	17	0	0	0	CR	MAX	16/ASKELETO4.jpg	ASKELETO4.jpg	NOKEY	MAX	NOKEY
1447791254046	0	lts_1117L_33_01	33	01	1	18	0	0	0	CR	MAX	AANTCASH3.jpg	AANTCASH3.jpg	NOKEY	MAX	NOKEY
1447791257121	0	lts_1117L_33_01	33	01	1	19	0	0	0	CR	MAX	AHOSPCRI3.jpg	AHOSPCRI3.jpg	NOKEY	MAX	NOKEY
1447791258356	0	lts_1117L_33_01	33	01	1	20	4	1	1	Hit	759	4-5/ANAPRINGS.jpg	ANAPRINGS.jpg	SPACE	801	SPACE
1447791261430	0	lts_1117L_33_01	33	01	1	21	0	0	0	CR	MAX	AWASHRACK.jpg	AWASHRACK.jpg	NOKEY	MAX	NOKEY
1447791263236	0	lts_1117L_33_01	33	01	1	22	0	0	1	FA	1323	23019499.thl.jpg	23019499.thl.jpg	SPACE	1370	NOKEY
1447791266310	0	lts_1117L_33_01	33	01	1	23	0	0	0	CR	MAX	16/Aknife76.jpg	Aknife76.jpg	NOKEY	MAX	NOKEY
1447791269383	0	lts_1117L_33_01	33	01	1	24	0	0	0	CR	MAX	4/bowtie.jpg	bowtie.jpg	NOKEY	MAX	NOKEY
1447791272475	0	lts_1117L_33_01	33	01	1	25	0	0	0	CR	MAX	32/Abrownbagwith.jpg	Abrownbagwith.jpg	NOKEY	MAX	NOKEY
1447791275549	0	lts_1117L_33_01	33	01	1	26	0	0	0	CR	MAX	AFIREPLAC.jpg	AFIREPLAC.jpg	NOKEY	MAX	NOKEY
1447791278623	0	lts_1117L_33_01	33	01	1	27	0	0	0	CR	MAX	26423477.thl.jpg	26423477.thl.jpg	NOKEY	MAX	NOKEY
1447791279693	0	lts_1117L_33_01	33	01	1	28	4	1	1	Hit	587	4-10/bowtie.jpg	bowtie.jpg	SPACE	636	SPACE
1447791282767	0	lts_1117L_33_01	33	01	1	29	0	0	0	CR	MAX	Aim4ribbo.jpg	Aim4ribbo.jpg	NOKEY	MAX	NOKEY
1447791285841	0	lts_1117L_33_01	33	01	1	30	0	0	0	CR	MAX	footballhelmet.jpg	footballhelmet.jpg	NOKEY	MAX	NOKEY
1447791288916	0	lts_1117L_33_01	33	01	1	31	0	0	0	CR	MAX	APEELER.jpg	APEELER.jpg	NOKEY	MAX	NOKEY
1447791291990	0	lts_1117L_33_01	33	01	1	32	0	0	0	CR	MAX	Ahousboa2.jpg	Ahousboa2.jpg	NOKEY	MAX	NOKEY
1447791293111	0	lts_1117L_33_01	33	01	1	33	16	1	1	Hit	641	16-first/ASKELETO4.jpg	ASKELETO4.jpg	SPACE	684	SPACE
1447791296185	0	lts_1117L_33_01	33	01	1	34	0	0	0	CR	MAX	AHIBACHI.jpg	AHIBACHI.jpg	NOKEY	MAX	NOKEY
1447791299259	0	lts_1117L_33_01	33	01	1	35	0	0	0	CR	MAX	Acarvedpumpk2.jpg	Acarvedpumpk2.jpg	NOKEY	MAX	NOKEY
1447791302333	0	lts_1117L_33_01	33	01	1	36	0	0	0	CR	MAX	Apitchfork4.jpg	Apitchfork4.jpg	NOKEY	MAX	NOKEY
1447791303369	0	lts_1117L_33_01	33	01	1	37	4	1	1	Hit	552	4-mul/ASKELETO4.jpg	ASKELETO4.jpg	SPACE	602	SPACE
1447791306460	0	lts_1117L_33_01	33	01	1	38	0	0	0	CR	MAX	8/AMICRO67.jpg	AMICRO67.jpg	NOKEY	MAX	NOKEY
1447791307663	0	lts_1117L_33_01	33	01	1	39	16	1	1	Hit	728	16-first/Aknife76.jpg	Aknife76.jpg	SPACE	770	SPACE
1447791310737	0	lts_1117L_33_01	33	01	1	40	0	0	0	CR	MAX	ADIRECSI3.jpg	ADIRECSI3.jpg	NOKEY	MAX	NOKEY
1447791313811	0	lts_1117L_33_01	33	01	1	41	0	0	0	CR	MAX	Aelephant9.jpg	Aelephant9.jpg	NOKEY	MAX	NOKEY
1447791314998	0	lts_1117L_33_01	33	01	1	42	00	1	1	Hit	704	00-across/AHARPSIC5.jpg	AHARPSIC5.jpg	SPACE	752	SPACE
1447791318073	0	lts_1117L_33_01	33	01	1	43	0	0	0	CR	MAX	Agiraffe15.jpg	Agiraffe15.jpg	NOKEY	MAX	NOKEY
1447791319176	0	lts_1117L_33_01	33	01	1	44	32	1	1	Hit	630	32-7/Abreadrolls.jpg	Abreadrolls.jpg	SPACE	667	SPACE
1447791322250	0	lts_1117L_33_01	33	01	1	45	0	0	0	CR	MAX	32/ACOWCREAM.jpg	ACOWCREAM.jpg	NOKEY	MAX	NOKEY
1447791323435	0	lts_1117L_33_01	33	01	1	46	8	1	1	Hit	694	8-first/AMICRO67.jpg	AMICRO67.jpg	SPACE	736	SPACE
1447791326527	0	lts_1117L_33_01	33	01	1	47	0	0	0	CR	MAX	APHARAOH.jpg	APHARAOH.jpg	NOKEY	MAX	NOKEY
1447791329618	0	lts_1117L_33_01	33	01	1	48	0	0	0	CR	MAX	128/Aroulette.jpg	Aroulette.jpg	NOKEY	MAX	NOKEY
1447791332692	0	lts_1117L_33_01	33	01	1	49	0	0	0	CR	MAX	AGARBCAN.jpg	AGARBCAN.jpg	NOKEY	MAX	NOKEY
1447791333695	0	lts_1117L_33_01	33	01	1	50	4	1	1	Hit	525	4-mul/AMICRO67.jpg	AMICRO67.jpg	SPACE	568	SPACE
1447791336769	0	lts_1117L_33_01	33	01	1	51	0	0	0	CR	MAX	16/Abowl74.jpg	Abowl74.jpg	NOKEY	MAX	NOKEY
1447791339843	0	lts_1117L_33_01	33	01	1	52	0	0	0	CR	MAX	Afan49.jpg	Afan49.jpg	NOKEY	MAX	NOKEY
1447791342918	0	lts_1117L_33_01	33	01	1	53	0	0	0	CR	MAX	Atool12.jpg	Atool12.jpg	NOKEY	MAX	NOKEY
1447791345992	0	lts_1117L_33_01	33	01	1	54	0	0	0	CR	MAX	bikewithbasket.jpg	bikewithbasket.jpg	NOKEY	MAX	NOKEY
1447791347129	0	lts_1117L_33_01	33	01	1	55	16	1	1	Hit	655	16-mul/Aknife76.jpg	Aknife76.jpg	SPACE	700	SPACE
1447791350203	0	lts_1117L_33_01	33	01	1	56	0	0	0	CR	MAX	Aoutdoorhalo2.jpg	Aoutdoorhalo2.jpg	NOKEY	MAX	NOKEY
1447791351422	0	lts_1117L_33_01	33	01	1	57	32	1	1	Hit	749	32-1/Abrownbagwith.jpg	Abrownbagwith.jpg	SPACE	786	SPACE
1447791354496	0	lts_1117L_33_01	33	01	1	58	0	0	0	CR	MAX	2/driedprune.jpg	driedprune.jpg	NOKEY	MAX	NOKEY
1447791357571	0	lts_1117L_33_01	33	01	1	59	0	0	0	CR	MAX	ATOOLS.jpg	ATOOLS.jpg	NOKEY	MAX	NOKEY
1447791358640	0	lts_1117L_33_01	33	01	1	60	2	1	1	Hit	595	2-11/driedprune.jpg	driedprune.jpg	SPACE	636	SPACE
1447791361715	0	lts_1117L_33_01	33	01	1	61	0	0	0	CR	MAX	8/26390189.thl.jpg	26390189.thl.jpg	NOKEY	MAX	NOKEY
1447791362784	0	lts_1117L_33_01	33	01	1	62	00	1	1	Hit	586	00-across/26444138.thl.jpg	26444138.thl.jpg	SPACE	635	SPACE
1447791365858	0	lts_1117L_33_01	33	01	1	63	0	0	0	CR	MAX	et060.jpg	et060.jpg	NOKEY	MAX	NOKEY
1447791368933	0	lts_1117L_33_01	33	01	1	64	0	0	0	CR	MAX	batslbir.jpg	batslbir.jpg	NOKEY	MAX	NOKEY
1447791369969	0	lts_1117L_33_01	33	01	1	65	00	1	1	Hit	560	00-across/AHARPSIC5.jpg	AHARPSIC5.jpg	SPACE	602	SPACE
1447791373044	0	lts_1117L_33_01	33	01	1	66	0	0	0	CR	MAX	Aemergencyki5.jpg	Aemergencyki5.jpg	NOKEY	MAX	NOKEY
1447791374329	0	lts_1117L_33_01	33	01	1	67	16	1	1	Hit	803	16-0/Abowl74.jpg	Abowl74.jpg	SPACE	851	SPACE
1447791377420	0	lts_1117L_33_01	33	01	1	68	0	0	0	CR	MAX	ADECKCARD.jpg	ADECKCARD.jpg	NOKEY	MAX	NOKEY
1447791378456	0	lts_1117L_33_01	33	01	1	69	8	1	1	Hit	558	8-first/26390189.thl.jpg	26390189.thl.jpg	SPACE	603	SPACE
1447791381531	0	lts_1117L_33_01	33	01	1	70	0	0	0	CR	MAX	4/APIPEST18.jpg	APIPEST18.jpg	NOKEY	MAX	NOKEY
1447791382567	0	lts_1117L_33_01	33	01	1	71	2	1	1	Hit	552	2-mul/26390189.thl.jpg	26390189.thl.jpg	SPACE	603	SPACE
1447791385641	0	lts_1117L_33_01	33	01	1	72	0	0	0	CR	MAX	Adaisies3.jpg	Adaisies3.jpg	NOKEY	MAX	NOKEY
1447791386945	0	lts_1117L_33_01	33	01	1	73	0	0	1	FA	834	128/Aparrot80.jpg	Aparrot80.jpg	SPACE	868	NOKEY
1447791388431	0	lts_1117L_33_01	33	01	1	74	4	1	1	Hit	986	4-0/APIPEST18.jpg	APIPEST18.jpg	SPACE	1036	SPACE
1447791391506	0	lts_1117L_33_01	33	01	1	75	0	0	0	CR	MAX	Abottleofchi2.jpg	Abottleofchi2.jpg	NOKEY	MAX	NOKEY
1447791394597	0	lts_1117L_33_01	33	01	1	76	0	0	0	CR	MAX	128/ABABYSH33.jpg	ABABYSH33.jpg	NOKEY	MAX	NOKEY
1447791397688	0	lts_1117L_33_01	33	01	1	77	32	1	0	Miss	MAX	32-9/ACOWCREAM.jpg	ACOWCREAM.jpg	NOKEY	MAX	SPACE
1447791400763	0	lts_1117L_33_01	33	01	1	78	0	0	0	CR	MAX	4/Alanter59.jpg	Alanter59.jpg	NOKEY	MAX	NOKEY
1447791403837	0	lts_1117L_33_01	33	01	1	79	0	0	0	CR	MAX	Ashelf27.jpg	Ashelf27.jpg	NOKEY	MAX	NOKEY
1447791406911	0	lts_1117L_33_01	33	01	1	80	0	0	0	CR	MAX	AOSTRICH2.jpg	AOSTRICH2.jpg	NOKEY	MAX	NOKEY
1447791409986	0	lts_1117L_33_01	33	01	1	81	0	0	0	CR	MAX	AADZUKIB2.jpg	AADZUKIB2.jpg	NOKEY	MAX	NOKEY
1447791411273	0	lts_1117L_33_01	33	01	1	82	4	1	1	Hit	808	4-7/Alanter59.jpg	Alanter59.jpg	SPACE	851	SPACE
1447791414346	0	lts_1117L_33_01	33	01	1	83	0	0	0	CR	MAX	Chevypickup.jpg	Chevypickup.jpg	NOKEY	MAX	NOKEY
1447791417421	0	lts_1117L_33_01	33	01	1	84	0	0	0	CR	MAX	16/ASPIDERW2.jpg	ASPIDERW2.jpg	NOKEY	MAX	NOKEY
1447791420495	0	lts_1117L_33_01	33	01	1	85	0	0	0	CR	MAX	8/ALAZQUART.jpg	ALAZQUART.jpg	NOKEY	MAX	NOKEY
1447791423569	0	lts_1117L_33_01	33	01	1	86	0	0	0	CR	MAX	64/26374798.thl.jpg	26374798.thl.jpg	NOKEY	MAX	NOKEY
1447791426644	0	lts_1117L_33_01	33	01	1	87	0	0	0	CR	MAX	AWOODST11.jpg	AWOODST11.jpg	NOKEY	MAX	NOKEY
1447791429718	0	lts_1117L_33_01	33	01	1	88	0	0	0	CR	MAX	32/22825932.thl.jpg	22825932.thl.jpg	NOKEY	MAX	NOKEY
1447791430905	0	lts_1117L_33_01	33	01	1	89	00	1	1	Hit	715	00-across/AARCHERY.jpg	AARCHERY.jpg	SPACE	751	SPACE
1447791433979	0	lts_1117L_33_01	33	01	1	90	0	0	0	CR	MAX	128/Agreenplastic.jpg	Agreenplastic.jpg	NOKEY	MAX	NOKEY
1447791437054	0	lts_1117L_33_01	33	01	1	91	0	0	0	CR	MAX	26432109.thl.jpg	26432109.thl.jpg	NOKEY	MAX	NOKEY
1447791440128	0	lts_1117L_33_01	33	01	1	92	0	0	0	CR	MAX	03015528000.jpg	03015528000.jpg	NOKEY	MAX	NOKEY
1447791441231	0	lts_1117L_33_01	33	01	1	93	8	1	1	Hit	628	8-first/ALAZQUART.jpg	ALAZQUART.jpg	SPACE	667	SPACE
1447791444321	0	lts_1117L_33_01	33	01	1	94	0	0	0	CR	MAX	Atoytheatre2.jpg	Atoytheatre2.jpg	NOKEY	MAX	NOKEY
1447791447396	0	lts_1117L_33_01	33	01	1	95	0	0	0	CR	MAX	tuba1.jpg	tuba1.jpg	NOKEY	MAX	NOKEY
1447791450470	0	lts_1117L_33_01	33	01	1	96	0	0	0	CR	MAX	ACHRIST14.jpg	ACHRIST14.jpg	NOKEY	MAX	NOKEY
1447791451523	0	lts_1117L_33_01	33	01	1	97	4	1	1	Hit	555	4-mul/ALAZQUART.jpg	ALAZQUART.jpg	SPACE	602	SPACE
1447791454597	0	lts_1117L_33_01	33	01	1	98	0	0	0	CR	MAX	8/22857084.thl.jpg	22857084.thl.jpg	NOKEY	MAX	NOKEY
1447791457671	0	lts_1117L_33_01	33	01	1	99	0	0	0	CR	MAX	ACAMPSTOO.jpg	ACAMPSTOO.jpg	NOKEY	MAX	NOKEY
1447791458724	0	lts_1117L_33_01	33	01	1	100	16	1	1	Hit	579	16-first/ASPIDERW2.jpg	ASPIDERW2.jpg	SPACE	619	SPACE
1447791461799	0	lts_1117L_33_01	33	01	1	101	0	0	0	CR	MAX	8026164.thl.jpg	8026164.thl.jpg	NOKEY	MAX	NOKEY
1447791464873	0	lts_1117L_33_01	33	01	1	102	0	0	0	CR	MAX	26375702.thl.jpg	26375702.thl.jpg	NOKEY	MAX	NOKEY
1447791467947	0	lts_1117L_33_01	33	01	1	103	0	0	0	CR	MAX	26421572.thl.jpg	26421572.thl.jpg	NOKEY	MAX	NOKEY
1447791468966	0	lts_1117L_33_01	33	01	1	104	4	1	1	Hit	538	4-mul/ASPIDERW2.jpg	ASPIDERW2.jpg	SPACE	584	SPACE
1447791472042	0	lts_1117L_33_01	33	01	1	105	0	0	0	CR	MAX	ADENSYRIN.jpg	ADENSYRIN.jpg	NOKEY	MAX	NOKEY
1447791473111	0	lts_1117L_33_01	33	01	1	106	8	1	1	Hit	588	8-first/22857084.thl.jpg	22857084.thl.jpg	SPACE	634	SPACE
1447791476185	0	lts_1117L_33_01	33	01	1	107	0	0	0	CR	MAX	AHALLOWE3.jpg	AHALLOWE3.jpg	NOKEY	MAX	NOKEY
1447791479260	0	lts_1117L_33_01	33	01	1	108	0	0	0	CR	MAX	Aspoonofsuga2.jpg	Aspoonofsuga2.jpg	NOKEY	MAX	NOKEY
1447791482333	0	lts_1117L_33_01	33	01	1	109	0	0	0	CR	MAX	Abicyclerepa3.jpg	Abicyclerepa3.jpg	NOKEY	MAX	NOKEY
1447791483319	0	lts_1117L_33_01	33	01	1	110	4	1	1	Hit	506	4-mul/22857084.thl.jpg	22857084.thl.jpg	SPACE	551	SPACE
1447791486393	0	lts_1117L_33_01	33	01	1	111	0	0	0	CR	MAX	Acompass20.jpg	Acompass20.jpg	NOKEY	MAX	NOKEY
1447791489468	0	lts_1117L_33_01	33	01	1	112	0	0	0	CR	MAX	AHORSHOE2.jpg	AHORSHOE2.jpg	NOKEY	MAX	NOKEY
1447791492542	0	lts_1117L_33_01	33	01	1	113	0	0	0	CR	MAX	2/ASCALE30.jpg	ASCALE30.jpg	NOKEY	MAX	NOKEY
1447791495616	0	lts_1117L_33_01	33	01	1	114	0	0	0	CR	MAX	32/razorscooter.jpg	razorscooter.jpg	NOKEY	MAX	NOKEY
1447791496636	0	lts_1117L_33_01	33	01	1	115	2	1	1	Hit	537	2-4/ASCALE30.jpg	ASCALE30.jpg	SPACE	586	SPACE
1447791499710	0	lts_1117L_33_01	33	01	1	116	0	0	0	CR	MAX	8/22907432.thl.jpg	22907432.thl.jpg	NOKEY	MAX	NOKEY
1447791502784	0	lts_1117L_33_01	33	01	1	117	0	0	0	CR	MAX	16/Atoybucketan4.jpg	Atoybucketan4.jpg	NOKEY	MAX	NOKEY
1447791505859	0	lts_1117L_33_01	33	01	1	118	0	0	0	CR	MAX	26426575.thl.jpg	26426575.thl.jpg	NOKEY	MAX	NOKEY
1447791508933	0	lts_1117L_33_01	33	01	1	119	0	0	0	CR	MAX	ABABYPIN2.jpg	ABABYPIN2.jpg	NOKEY	MAX	NOKEY
1447791509919	0	lts_1117L_33_01	33	01	1	120	32	1	1	Hit	515	32-2/22825932.thl.jpg	22825932.thl.jpg	SPACE	551	SPACE
1447791512993	0	lts_1117L_33_01	33	01	1	121	0	0	0	CR	MAX	16/Akitchentool2.jpg	Akitchentool2.jpg	NOKEY	MAX	NOKEY
1447791516068	0	lts_1117L_33_01	33	01	1	122	0	0	0	CR	MAX	8068401.thl.jpg	8068401.thl.jpg	NOKEY	MAX	NOKEY
1447791519143	0	lts_1117L_33_01	33	01	1	123	0	0	0	CR	MAX	4/AHUMIDIFI.jpg	AHUMIDIFI.jpg	NOKEY	MAX	NOKEY
1447791522218	0	lts_1117L_33_01	33	01	1	124	8	1	0	Miss	MAX	8-first/22907432.thl.jpg	22907432.thl.jpg	NOKEY	MAX	SPACE
1447791525292	0	lts_1117L_33_01	33	01	1	125	0	0	0	CR	MAX	candy3.jpg	candy3.jpg	NOKEY	MAX	NOKEY
1447791528365	0	lts_1117L_33_01	33	01	1	126	0	0	0	CR	MAX	Adrinkinggl21.jpg	Adrinkinggl21.jpg	NOKEY	MAX	NOKEY
1447791529551	0	lts_1117L_33_01	33	01	1	127	4	1	1	Hit	706	4-3/AHUMIDIFI.jpg	AHUMIDIFI.jpg	SPACE	753	SPACE
1447791532626	0	lts_1117L_33_01	33	01	1	128	0	0	0	CR	MAX	26377777.thl.jpg	26377777.thl.jpg	NOKEY	MAX	NOKEY
1447791535700	0	lts_1117L_33_01	33	01	1	129	0	0	0	CR	MAX	64/ABILLTABL.jpg	ABILLTABL.jpg	NOKEY	MAX	NOKEY
1447791538774	0	lts_1117L_33_01	33	01	1	130	0	0	0	CR	MAX	ALAB36.jpg	ALAB36.jpg	NOKEY	MAX	NOKEY
1447791541849	0	lts_1117L_33_01	33	01	1	131	0	0	0	CR	MAX	ADOGSNACK.jpg	ADOGSNACK.jpg	NOKEY	MAX	NOKEY
1447791544923	0	lts_1117L_33_01	33	01	1	132	0	0	0	CR	MAX	blackjackcasinotable.jpg	blackjackcasinotable.jpg	NOKEY	MAX	NOKEY
1447791546060	0	lts_1117L_33_01	33	01	1	133	16	1	1	Hit	662	16-first/Atoybucketan4.jpg	Atoybucketan4.jpg	SPACE	701	SPACE
1447791549134	0	lts_1117L_33_01	33	01	1	134	0	0	0	CR	MAX	Acomputerpro3.jpg	Acomputerpro3.jpg	NOKEY	MAX	NOKEY
1447791550053	0	lts_1117L_33_01	33	01	1	135	2	1	1	Hit	433	2-mul/Atoybucketan4.jpg	Atoybucketan4.jpg	SPACE	484	SPACE
1447791553128	0	lts_1117L_33_01	33	01	1	136	0	0	0	CR	MAX	retainertheeth.jpg	retainertheeth.jpg	NOKEY	MAX	NOKEY
1447791554214	0	lts_1117L_33_01	33	01	1	137	16	1	1	Hit	612	16-first/Akitchentool2.jpg	Akitchentool2.jpg	SPACE	651	SPACE
1447791557288	0	lts_1117L_33_01	33	01	1	138	0	0	0	CR	MAX	ASPACEHE8.jpg	ASPACEHE8.jpg	NOKEY	MAX	NOKEY
1447791560362	0	lts_1117L_33_01	33	01	1	139	0	0	0	CR	MAX	ASCREEN3.jpg	ASCREEN3.jpg	NOKEY	MAX	NOKEY
1447791561531	0	lts_1117L_33_01	33	01	1	140	16	1	1	Hit	688	16-mul/22907432.thl.jpg	22907432.thl.jpg	SPACE	736	SPACE
1447791564606	0	lts_1117L_33_01	33	01	1	141	0	0	0	CR	MAX	32/26428540.thl.jpg	26428540.thl.jpg	NOKEY	MAX	NOKEY
1447791567697	0	lts_1117L_33_01	33	01	1	142	0	0	0	CR	MAX	orientalvase.jpg	orientalvase.jpg	NOKEY	MAX	NOKEY
1447791570771	0	lts_1117L_33_01	33	01	1	143	0	0	0	CR	MAX	26369999.thl.jpg	26369999.thl.jpg	NOKEY	MAX	NOKEY
1447791573846	0	lts_1117L_33_01	33	01	1	144	0	0	0	CR	MAX	16/ASALABOW4.jpg	ASALABOW4.jpg	NOKEY	MAX	NOKEY
1447791576920	0	lts_1117L_33_01	33	01	1	145	0	0	0	CR	MAX	ACHINBRB4.jpg	ACHINBRB4.jpg	NOKEY	MAX	NOKEY
1447791577972	0	lts_1117L_33_01	33	01	1	146	32	1	1	Hit	584	32-5/razorscooter.jpg	razorscooter.jpg	SPACE	619	SPACE
1447791581048	0	lts_1117L_33_01	33	01	1	147	0	0	0	CR	MAX	Ashark7.jpg	Ashark7.jpg	NOKEY	MAX	NOKEY
1447791584122	0	lts_1117L_33_01	33	01	1	148	0	0	0	CR	MAX	Awheatstalks2.jpg	Awheatstalks2.jpg	NOKEY	MAX	NOKEY
1447791587196	0	lts_1117L_33_01	33	01	1	149	0	0	0	CR	MAX	butter03.jpg	butter03.jpg	NOKEY	MAX	NOKEY
1447791588449	0	lts_1117L_33_01	33	01	1	150	64	1	1	Hit	752	64-first/26374798.thl.jpg	26374798.thl.jpg	SPACE	802	SPACE
1447791591523	0	lts_1117L_33_01	33	01	1	151	0	0	0	CR	MAX	ASTRAINE8.jpg	ASTRAINE8.jpg	NOKEY	MAX	NOKEY
1447791594597	0	lts_1117L_33_01	33	01	1	152	0	0	0	CR	MAX	AANTFRYI2.jpg	AANTFRYI2.jpg	NOKEY	MAX	NOKEY
1447791595566	0	lts_1117L_33_01	33	01	1	153	16	1	1	Hit	499	16-mul/Akitchentool2.jpg	Akitchentool2.jpg	SPACE	535	SPACE
1447791598641	0	lts_1117L_33_01	33	01	1	154	0	0	0	CR	MAX	32/AHYPONEE3.jpg	AHYPONEE3.jpg	NOKEY	MAX	NOKEY
1447791601715	0	lts_1117L_33_01	33	01	1	155	0	0	0	CR	MAX	128/Agasblower2.jpg	Agasblower2.jpg	NOKEY	MAX	NOKEY
1447791604790	0	lts_1117L_33_01	33	01	1	156	0	0	0	CR	MAX	8/brownie.jpg	brownie.jpg	NOKEY	MAX	NOKEY
1447791607864	0	lts_1117L_33_01	33	01	1	157	0	0	0	CR	MAX	64/ASHRIMP3.jpg	ASHRIMP3.jpg	NOKEY	MAX	NOKEY
1447791610938	0	lts_1117L_33_01	33	01	1	158	0	0	0	CR	MAX	ASPOTLIG2.jpg	ASPOTLIG2.jpg	NOKEY	MAX	NOKEY
1447791614013	0	lts_1117L_33_01	33	01	1	159	0	0	0	CR	MAX	Aclamp42.jpg	Aclamp42.jpg	NOKEY	MAX	NOKEY
1447791615049	0	lts_1117L_33_01	33	01	1	160	16	1	1	Hit	554	16-first/ASALABOW4.jpg	ASALABOW4.jpg	SPACE	601	SPACE
1447791618124	0	lts_1117L_33_01	33	01	1	161	0	0	0	CR	MAX	bands-a.jpg	bands-a.jpg	NOKEY	MAX	NOKEY
1447791619143	0	lts_1117L_33_01	33	01	1	162	2	1	1	Hit	549	2-mul/ASALABOW4.jpg	ASALABOW4.jpg	SPACE	584	SPACE
1447791622217	0	lts_1117L_33_01	33	01	1	163	0	0	0	CR	MAX	Aswitch17.jpg	Aswitch17.jpg	NOKEY	MAX	NOKEY
1447791623403	0	lts_1117L_33_01	33	01	1	164	8	1	1	Hit	713	8-first/brownie.jpg	brownie.jpg	SPACE	751	SPACE
1447791626477	0	lts_1117L_33_01	33	01	1	165	0	0	0	CR	MAX	AASPHEQUA.jpg	AASPHEQUA.jpg	NOKEY	MAX	NOKEY
1447791627496	0	lts_1117L_33_01	33	01	1	166	16	1	1	Hit	544	16-mul/26374798.thl.jpg	26374798.thl.jpg	SPACE	585	SPACE
1447791630571	0	lts_1117L_33_01	33	01	1	167	0	0	0	CR	MAX	1/AGLASSEY5.jpg	AGLASSEY5.jpg	NOKEY	MAX	NOKEY
1447791631523	0	lts_1117L_33_01	33	01	1	168	1	1	1	Hit	472	1-13/AGLASSEY5.jpg	AGLASSEY5.jpg	SPACE	519	SPACE
1447791634597	0	lts_1117L_33_01	33	01	1	169	0	0	0	CR	MAX	APAINTJ11.jpg	APAINTJ11.jpg	NOKEY	MAX	NOKEY
1447791637672	0	lts_1117L_33_01	33	01	1	170	0	0	0	CR	MAX	Aseeder2.jpg	Aseeder2.jpg	NOKEY	MAX	NOKEY
1447791640746	0	lts_1117L_33_01	33	01	1	171	0	0	0	CR	MAX	Aflower103.jpg	Aflower103.jpg	NOKEY	MAX	NOKEY
1447791643821	0	lts_1117L_33_01	33	01	1	172	0	0	0	CR	MAX	Abeetle10.jpg	Abeetle10.jpg	NOKEY	MAX	NOKEY
1447791644840	0	lts_1117L_33_01	33	01	1	173	32	1	1	Hit	547	32-8/26428540.thl.jpg	26428540.thl.jpg	SPACE	585	SPACE
1447791647914	0	lts_1117L_33_01	33	01	1	174	0	0	0	CR	MAX	8057434.thl.jpg	8057434.thl.jpg	NOKEY	MAX	NOKEY
1447791650988	0	lts_1117L_33_01	33	01	1	175	0	0	0	CR	MAX	ACURLINGI.jpg	ACURLINGI.jpg	NOKEY	MAX	NOKEY
1447791652109	0	lts_1117L_33_01	33	01	1	176	128	1	1	Hit	634	128-7/Aroulette.jpg	Aroulette.jpg	SPACE	684	SPACE
1447791655183	0	lts_1117L_33_01	33	01	1	177	0	0	0	CR	MAX	ABLACKNEC.jpg	ABLACKNEC.jpg	NOKEY	MAX	NOKEY
1447791658258	0	lts_1117L_33_01	33	01	1	178	0	0	0	CR	MAX	promdress.jpg	promdress.jpg	NOKEY	MAX	NOKEY
1447791661331	0	lts_1117L_33_01	33	01	1	179	0	0	0	CR	MAX	128/Agiraffetoy3.jpg	Agiraffetoy3.jpg	NOKEY	MAX	NOKEY
1447791662400	0	lts_1117L_33_01	33	01	1	180	16	1	1	Hit	595	16-mul/brownie.jpg	brownie.jpg	SPACE	635	SPACE
1447791665475	0	lts_1117L_33_01	33	01	1	181	0	0	0	CR	MAX	8/pdos043072.jpg	pdos043072.jpg	NOKEY	MAX	NOKEY
1447791668549	0	lts_1117L_33_01	33	01	1	182	0	0	0	CR	MAX	ATEETH7.jpg	ATEETH7.jpg	NOKEY	MAX	NOKEY
1447791671624	0	lts_1117L_33_01	33	01	1	183	0	0	0	CR	MAX	ASALTPEPP.jpg	ASALTPEPP.jpg	NOKEY	MAX	NOKEY
1447791674698	0	lts_1117L_33_01	33	01	1	184	0	0	0	CR	MAX	26432173.thl.jpg	26432173.thl.jpg	NOKEY	MAX	NOKEY
1447791677772	0	lts_1117L_33_01	33	01	1	185	0	0	0	CR	MAX	heartchocolat.jpg	heartchocolat.jpg	NOKEY	MAX	NOKEY
1447791678858	0	lts_1117L_33_01	33	01	1	186	32	1	1	Hit	606	32-0/AHYPONEE3.jpg	AHYPONEE3.jpg	SPACE	651	SPACE
1447791681932	0	lts_1117L_33_01	33	01	1	187	0	0	0	CR	MAX	Apercussioni3.jpg	Apercussioni3.jpg	NOKEY	MAX	NOKEY
1447791685008	0	lts_1117L_33_01	33	01	1	188	0	0	0	CR	MAX	ACHILDISH.jpg	ACHILDISH.jpg	NOKEY	MAX	NOKEY
1447791686060	0	lts_1117L_33_01	33	01	1	189	8	1	1	Hit	581	8-first/pdos043072.jpg	pdos043072.jpg	SPACE	618	SPACE
1447791689135	0	lts_1117L_33_01	33	01	1	190	0	0	0	CR	MAX	APHONEFA2.jpg	APHONEFA2.jpg	NOKEY	MAX	NOKEY
1447791690070	0	lts_1117L_33_01	33	01	1	191	2	1	1	Hit	454	2-mul/pdos043072.jpg	pdos043072.jpg	SPACE	501	SPACE
1447791693145	0	lts_1117L_33_01	33	01	1	192	0	0	0	CR	MAX	ATRICKTR2.jpg	ATRICKTR2.jpg	NOKEY	MAX	NOKEY
1447791694164	0	lts_1117L_33_01	33	01	1	193	64	1	1	Hit	536	64-first/ABILLTABL.jpg	ABILLTABL.jpg	SPACE	584	SPACE
1447791697238	0	lts_1117L_33_01	33	01	1	194	0	0	0	CR	MAX	Agaspump3.jpg	Agaspump3.jpg	NOKEY	MAX	NOKEY
1447791700313	0	lts_1117L_33_01	33	01	1	195	0	0	0	CR	MAX	26433849.thl.jpg	26433849.thl.jpg	NOKEY	MAX	NOKEY
1447791703386	0	lts_1117L_33_01	33	01	1	196	0	0	0	CR	MAX	16/35314138.thl.jpg	35314138.thl.jpg	NOKEY	MAX	NOKEY
1447791704372	0	lts_1117L_33_01	33	01	1	197	4	1	1	Hit	511	4-mul/ABILLTABL.jpg	ABILLTABL.jpg	SPACE	551	SPACE
1447791707446	0	lts_1117L_33_01	33	01	1	198	0	0	0	CR	MAX	64/ATELEBO13.jpg	ATELEBO13.jpg	NOKEY	MAX	NOKEY
1447791708549	0	lts_1117L_33_01	33	01	1	199	00	1	1	Hit	629	00-across/Atoyslide.jpg	Atoyslide.jpg	SPACE	669	SPACE
1447791711624	0	lts_1117L_33_01	33	01	1	200	0	0	0	CR	MAX	Awhistl15.jpg	Awhistl15.jpg	NOKEY	MAX	NOKEY
1447791712609	0	lts_1117L_33_01	33	01	1	201	128	1	1	Hit	516	128-2/Aparrot80.jpg	Aparrot80.jpg	SPACE	552	SPACE
1447791715684	0	lts_1117L_33_01	33	01	1	202	0	0	0	CR	MAX	APLANMOD.jpg	APLANMOD.jpg	NOKEY	MAX	NOKEY
1447791718758	0	lts_1117L_33_01	33	01	1	203	0	0	0	CR	MAX	ASECCAME3.jpg	ASECCAME3.jpg	NOKEY	MAX	NOKEY
1447791719861	0	lts_1117L_33_01	33	01	1	204	128	1	1	Hit	631	128-4/ABABYSH33.jpg	ABABYSH33.jpg	SPACE	668	SPACE
1447791722935	0	lts_1117L_33_01	33	01	1	205	0	0	0	CR	MAX	Aheartmonito4.jpg	Aheartmonito4.jpg	NOKEY	MAX	NOKEY
1447791726010	0	lts_1117L_33_01	33	01	1	206	0	0	0	CR	MAX	26374346.thl.jpg	26374346.thl.jpg	NOKEY	MAX	NOKEY
1447791729085	0	lts_1117L_33_01	33	01	1	207	0	0	0	CR	MAX	1/26421575.thl.jpg	26421575.thl.jpg	NOKEY	MAX	NOKEY
1447791730071	0	lts_1117L_33_01	33	01	1	208	1	1	1	Hit	506	1-4/26421575.thl.jpg	26421575.thl.jpg	SPACE	551	SPACE
1447791733145	0	lts_1117L_33_01	33	01	1	209	0	0	0	CR	MAX	Acatstatue3.jpg	Acatstatue3.jpg	NOKEY	MAX	NOKEY
1447791736219	0	lts_1117L_33_01	33	01	1	210	0	0	0	CR	MAX	8021822.thl.jpg	8021822.thl.jpg	NOKEY	MAX	NOKEY
1447791739294	0	lts_1117L_33_01	33	01	1	211	0	0	0	CR	MAX	Aaircompress2.jpg	Aaircompress2.jpg	NOKEY	MAX	NOKEY
1447791740345	0	lts_1117L_33_01	33	01	1	212	16	1	1	Hit	572	16-first/35314138.thl.jpg	35314138.thl.jpg	SPACE	617	SPACE
1447791743420	0	lts_1117L_33_01	33	01	1	213	0	0	0	CR	MAX	Atoothbrush3.jpg	Atoothbrush3.jpg	NOKEY	MAX	NOKEY
1447791744406	0	lts_1117L_33_01	33	01	1	214	2	1	1	Hit	512	2-mul/35314138.thl.jpg	35314138.thl.jpg	SPACE	551	SPACE
1447791747497	0	lts_1117L_33_01	33	01	1	215	0	0	0	CR	MAX	1/AWHISTLE4.jpg	AWHISTLE4.jpg	NOKEY	MAX	NOKEY
1447791748499	0	lts_1117L_33_01	33	01	1	216	1	1	1	Hit	519	1-7/AWHISTLE4.jpg	AWHISTLE4.jpg	SPACE	569	SPACE
1447791751574	0	lts_1117L_33_01	33	01	1	217	0	0	0	CR	MAX	Acookiejar14.jpg	Acookiejar14.jpg	NOKEY	MAX	NOKEY
1447791752710	0	lts_1117L_33_01	33	01	1	218	128	1	1	Hit	654	128-5/Agreenplastic.jpg	Agreenplastic.jpg	SPACE	703	SPACE
1447791755784	0	lts_1117L_33_01	33	01	1	219	0	0	0	CR	MAX	Acandycanesin.jpg	Acandycanesin.jpg	NOKEY	MAX	NOKEY
1447791758858	0	lts_1117L_33_01	33	01	1	220	0	0	0	CR	MAX	airhocckytable.jpg	airhocckytable.jpg	NOKEY	MAX	NOKEY
1447791760079	0	lts_1117L_33_01	33	01	1	221	64	1	1	Hit	743	64-first/ASHRIMP3.jpg	ASHRIMP3.jpg	SPACE	785	SPACE
1447791763153	0	lts_1117L_33_01	33	01	1	222	0	0	0	CR	MAX	22903148.thl.jpg	22903148.thl.jpg	NOKEY	MAX	NOKEY
1447791766228	0	lts_1117L_33_01	33	01	1	223	0	0	0	CR	MAX	AAEROBENC.jpg	AAEROBENC.jpg	NOKEY	MAX	NOKEY
1447791769302	0	lts_1117L_33_01	33	01	1	224	0	0	0	CR	MAX	ASWANWHIT.jpg	ASWANWHIT.jpg	NOKEY	MAX	NOKEY
1447791770271	0	lts_1117L_33_01	33	01	1	225	4	1	1	Hit	489	4-mul/ASHRIMP3.jpg	ASHRIMP3.jpg	SPACE	534	SPACE
1447791773345	0	lts_1117L_33_01	33	01	1	226	0	0	0	CR	MAX	2/Atoytaxi3.jpg	Atoytaxi3.jpg	NOKEY	MAX	NOKEY
1447791776419	0	lts_1117L_33_01	33	01	1	227	0	0	0	CR	MAX	4/ABPIECE2.jpg	ABPIECE2.jpg	NOKEY	MAX	NOKEY
1447791777355	0	lts_1117L_33_01	33	01	1	228	2	1	1	Hit	460	2-8/Atoytaxi3.jpg	Atoytaxi3.jpg	SPACE	502	SPACE
1447791780429	0	lts_1117L_33_01	33	01	1	229	0	0	0	CR	MAX	64/Asantaclaus2.jpg	Asantaclaus2.jpg	NOKEY	MAX	NOKEY
1447791783503	0	lts_1117L_33_01	33	01	1	230	0	0	0	CR	MAX	16/Aonewaysign2.jpg	Aonewaysign2.jpg	NOKEY	MAX	NOKEY
1447791784523	0	lts_1117L_33_01	33	01	1	231	4	1	1	Hit	550	4-11/ABPIECE2.jpg	ABPIECE2.jpg	SPACE	586	SPACE
1447791787597	0	lts_1117L_33_01	33	01	1	232	0	0	0	CR	MAX	128/AFRYPAN7.jpg	AFRYPAN7.jpg	NOKEY	MAX	NOKEY
1447791790671	0	lts_1117L_33_01	33	01	1	233	0	0	0	CR	MAX	1/Ababseat2.jpg	Ababseat2.jpg	NOKEY	MAX	NOKEY
1447791791557	0	lts_1117L_33_01	33	01	1	234	1	1	1	Hit	405	1-2/Ababseat2.jpg	Ababseat2.jpg	SPACE	452	SPACE
1447791794631	0	lts_1117L_33_01	33	01	1	235	0	0	0	CR	MAX	A_chocolate.jpg	A_chocolate.jpg	NOKEY	MAX	NOKEY
1447791797722	0	lts_1117L_33_01	33	01	1	236	0	0	0	CR	MAX	battery.jpg	battery.jpg	NOKEY	MAX	NOKEY
1447791800797	0	lts_1117L_33_01	33	01	1	237	0	0	0	CR	MAX	Abulbprotect2.jpg	Abulbprotect2.jpg	NOKEY	MAX	NOKEY
1447791803871	0	lts_1117L_33_01	33	01	1	238	0	0	0	CR	MAX	1/AARTIVE6.jpg	AARTIVE6.jpg	NOKEY	MAX	NOKEY
1447791804707	0	lts_1117L_33_01	33	01	1	239	1	1	1	Hit	366	1-9/AARTIVE6.jpg	AARTIVE6.jpg	SPACE	403	SPACE
1447791807781	0	lts_1117L_33_01	33	01	1	240	0	0	0	CR	MAX	cd2-a.jpg	cd2-a.jpg	NOKEY	MAX	NOKEY
1447791810855	0	lts_1117L_33_01	33	01	1	241	0	0	0	CR	MAX	1/ABLUCAND5.jpg	ABLUCAND5.jpg	NOKEY	MAX	NOKEY
1447791811691	0	lts_1117L_33_01	33	01	1	242	1	1	1	Hit	357	1-8/ABLUCAND5.jpg	ABLUCAND5.jpg	SPACE	402	SPACE
1447791814765	0	lts_1117L_33_01	33	01	1	243	0	0	0	CR	MAX	1/ASTOOL.jpg	ASTOOL.jpg	NOKEY	MAX	NOKEY
1447791815567	0	lts_1117L_33_01	33	01	1	244	1	1	1	Hit	328	1-6/ASTOOL.jpg	ASTOOL.jpg	SPACE	368	SPACE
1447791818641	0	lts_1117L_33_01	33	01	1	245	0	0	0	CR	MAX	096CM301000.jpg	096CM301000.jpg	NOKEY	MAX	NOKEY
1447791819711	0	lts_1117L_33_01	33	01	1	246	16	1	1	Hit	589	16-1/Aonewaysign2.jpg	Aonewaysign2.jpg	SPACE	636	SPACE
1447791822785	0	lts_1117L_33_01	33	01	1	247	0	0	0	CR	MAX	Aindustrialve.jpg	Aindustrialve.jpg	NOKEY	MAX	NOKEY
1447791825859	0	lts_1117L_33_01	33	01	1	248	0	0	0	CR	MAX	AMILMARK2.jpg	AMILMARK2.jpg	NOKEY	MAX	NOKEY
1447791828933	0	lts_1117L_33_01	33	01	1	249	0	0	0	CR	MAX	1/Afoodproces22.jpg	Afoodproces22.jpg	NOKEY	MAX	NOKEY
1447791829869	0	lts_1117L_33_01	33	01	1	250	1	1	1	Hit	453	1-5/Afoodproces22.jpg	Afoodproces22.jpg	SPACE	501	SPACE
1447791832944	0	lts_1117L_33_01	33	01	1	251	0	0	0	CR	MAX	ATROWEL2.jpg	ATROWEL2.jpg	NOKEY	MAX	NOKEY
1447791836019	0	lts_1117L_33_01	33	01	1	252	0	0	0	CR	MAX	128/ADARKLAMP.jpg	ADARKLAMP.jpg	NOKEY	MAX	NOKEY
1447791839093	0	lts_1117L_33_01	33	01	1	253	0	0	0	CR	MAX	16/Abicyclebrak4.jpg	Abicyclebrak4.jpg	NOKEY	MAX	NOKEY
1447791842168	0	lts_1117L_33_01	33	01	1	254	0	0	0	CR	MAX	32/16247853.thl.jpg	16247853.thl.jpg	NOKEY	MAX	NOKEY
1447791845242	0	lts_1117L_33_01	33	01	1	255	0	0	0	CR	MAX	Acookiecutte3.jpg	Acookiecutte3.jpg	NOKEY	MAX	NOKEY
1447791848317	0	lts_1117L_33_01	33	01	1	256	0	0	0	CR	MAX	batslcshi.jpg	batslcshi.jpg	NOKEY	MAX	NOKEY
1447791851390	0	lts_1117L_33_01	33	01	1	257	0	0	0	CR	MAX	15870946.thl.jpg	15870946.thl.jpg	NOKEY	MAX	NOKEY
1447791854464	0	lts_1117L_33_01	33	01	1	258	0	0	0	CR	MAX	26427609.thl.jpg	26427609.thl.jpg	NOKEY	MAX	NOKEY
1447791857539	0	lts_1117L_33_01	33	01	1	259	0	0	0	CR	MAX	26442719.thl.jpg	26442719.thl.jpg	NOKEY	MAX	NOKEY
1447791860613	0	lts_1117L_33_01	33	01	1	260	0	0	0	CR	MAX	Akitchenisla4.jpg	Akitchenisla4.jpg	NOKEY	MAX	NOKEY
1447791863687	0	lts_1117L_33_01	33	01	1	261	0	0	0	CR	MAX	Acase2.jpg	Acase2.jpg	NOKEY	MAX	NOKEY
1447791864723	0	lts_1117L_33_01	33	01	1	262	64	1	1	Hit	553	64-first/ATELEBO13.jpg	ATELEBO13.jpg	SPACE	602	SPACE
1447791867798	0	lts_1117L_33_01	33	01	1	263	0	0	0	CR	MAX	medievalknight.jpg	medievalknight.jpg	NOKEY	MAX	NOKEY
1447791870872	0	lts_1117L_33_01	33	01	1	264	0	0	0	CR	MAX	Achair608.jpg	Achair608.jpg	NOKEY	MAX	NOKEY
1447791873946	0	lts_1117L_33_01	33	01	1	265	0	0	0	CR	MAX	64/Acrackersandc.jpg	Acrackersandc.jpg	NOKEY	MAX	NOKEY
1447791877022	0	lts_1117L_33_01	33	01	1	266	0	0	0	CR	MAX	1/Aconchshe.jpg	Aconchshe.jpg	NOKEY	MAX	NOKEY
1447791877889	0	lts_1117L_33_01	33	01	1	267	1	1	1	Hit	385	1-14/Aconchshe.jpg	Aconchshe.jpg	SPACE	434	SPACE
1447791880964	0	lts_1117L_33_01	33	01	1	268	0	0	0	CR	MAX	AMINCOLLE.jpg	AMINCOLLE.jpg	NOKEY	MAX	NOKEY
1447791882268	0	lts_1117L_33_01	33	01	1	269	16	1	1	Hit	824	16-first/Abicyclebrak4.jpg	Abicyclebrak4.jpg	SPACE	869	SPACE
1447791885342	0	lts_1117L_33_01	33	01	1	270	0	0	0	CR	MAX	AFERRY5.jpg	AFERRY5.jpg	NOKEY	MAX	NOKEY
1447791888433	0	lts_1117L_33_01	33	01	1	271	0	0	0	CR	MAX	football.JPG	football.JPG	NOKEY	MAX	NOKEY
1447791891507	0	lts_1117L_33_01	33	01	1	272	0	0	0	CR	MAX	Aspeakers4.jpg	Aspeakers4.jpg	NOKEY	MAX	NOKEY
1447791892510	0	lts_1117L_33_01	33	01	1	273	4	1	1	Hit	533	4-mul/Abicyclebrak4.jpg	Abicyclebrak4.jpg	SPACE	568	SPACE
1447791895601	0	lts_1117L_33_01	33	01	1	274	0	0	0	CR	MAX	2/Abottleofbat2.jpg	Abottleofbat2.jpg	NOKEY	MAX	NOKEY
1447791898675	0	lts_1117L_33_01	33	01	1	275	0	0	0	CR	MAX	ABROWCONT.jpg	ABROWCONT.jpg	NOKEY	MAX	NOKEY
1447791899611	0	lts_1117L_33_01	33	01	1	276	2	1	1	Hit	464	2-6/Abottleofbat2.jpg	Abottleofbat2.jpg	SPACE	502	SPACE
1447791902685	0	lts_1117L_33_01	33	01	1	277	0	0	0	CR	MAX	E_tank.jpg	E_tank.jpg	NOKEY	MAX	NOKEY
1447791903654	0	lts_1117L_33_01	33	01	1	278	16	1	1	Hit	493	16-mul/ATELEBO13.jpg	ATELEBO13.jpg	SPACE	535	SPACE
1447791906728	0	lts_1117L_33_01	33	01	1	279	0	0	0	CR	MAX	8024597.thl.jpg	8024597.thl.jpg	NOKEY	MAX	NOKEY
1447791909803	0	lts_1117L_33_01	33	01	1	280	0	0	0	CR	MAX	ABONGO3.jpg	ABONGO3.jpg	NOKEY	MAX	NOKEY
1447791912877	0	lts_1117L_33_01	33	01	1	281	0	0	0	CR	MAX	AWOODFLUT.jpg	AWOODFLUT.jpg	NOKEY	MAX	NOKEY
1447791915951	0	lts_1117L_33_01	33	01	1	282	0	0	0	CR	MAX	26437107.thl.jpg	26437107.thl.jpg	NOKEY	MAX	NOKEY
1447791917489	0	lts_1117L_33_01	33	01	1	283	128	1	1	Hit	1065	128-0/Agasblower2.jpg	Agasblower2.jpg	SPACE	1104	SPACE
1447791920563	0	lts_1117L_33_01	33	01	1	284	0	0	0	CR	MAX	4/Apowerbar7.jpg	Apowerbar7.jpg	NOKEY	MAX	NOKEY
1447791923637	0	lts_1117L_33_01	33	01	1	285	0	0	0	CR	MAX	ASNOWSH11.jpg	ASNOWSH11.jpg	NOKEY	MAX	NOKEY
1447791924757	0	lts_1117L_33_01	33	01	1	286	32	1	1	Hit	648	32-4/16247853.thl.jpg	16247853.thl.jpg	SPACE	685	SPACE
1447791926829	0	lts_1117L_33_01	33	01	1	287	0	0	1	FA	1587	AELECTHE4.jpg	AELECTHE4.jpg	SPACE	1638	NOKEY
1447791927981	0	lts_1117L_33_01	33	01	1	288	4	1	1	Hit	681	4-12/Apowerbar7.jpg	Apowerbar7.jpg	SPACE	719	SPACE
1447791931057	0	lts_1117L_33_01	33	01	1	289	0	0	0	CR	MAX	AFOODTAB2.jpg	AFOODTAB2.jpg	NOKEY	MAX	NOKEY
1447791934131	0	lts_1117L_33_01	33	01	1	290	0	0	0	CR	MAX	AWEIGHT11.jpg	AWEIGHT11.jpg	NOKEY	MAX	NOKEY
1447791937206	0	lts_1117L_33_01	33	01	1	291	0	0	0	CR	MAX	Acontrolpane2.jpg	Acontrolpane2.jpg	NOKEY	MAX	NOKEY
1447791940280	0	lts_1117L_33_01	33	01	1	292	0	0	0	CR	MAX	Aantelope2.jpg	Aantelope2.jpg	NOKEY	MAX	NOKEY
1447791941348	0	lts_1117L_33_01	33	01	1	293	64	1	1	Hit	591	64-first/Asantaclaus2.jpg	Asantaclaus2.jpg	SPACE	634	SPACE
1447791944423	0	lts_1117L_33_01	33	01	1	294	0	0	0	CR	MAX	8/26419324.thl.jpg	26419324.thl.jpg	NOKEY	MAX	NOKEY
1447791945409	0	lts_1117L_33_01	33	01	1	295	2	1	1	Hit	513	2-mul/Asantaclaus2.jpg	Asantaclaus2.jpg	SPACE	551	SPACE
1447791948483	0	lts_1117L_33_01	33	01	1	296	0	0	0	CR	MAX	2/22859796.thl.jpg	22859796.thl.jpg	NOKEY	MAX	NOKEY
1447791951557	0	lts_1117L_33_01	33	01	1	297	0	0	0	CR	MAX	AWISHWELL.jpg	AWISHWELL.jpg	NOKEY	MAX	NOKEY
1447791952677	0	lts_1117L_33_01	33	01	1	298	2	1	1	Hit	644	2-9/22859796.thl.jpg	22859796.thl.jpg	SPACE	686	SPACE
1447791955751	0	lts_1117L_33_01	33	01	1	299	0	0	0	CR	MAX	Apokerchips3.jpg	Apokerchips3.jpg	NOKEY	MAX	NOKEY
1447791958825	0	lts_1117L_33_01	33	01	1	300	0	0	0	CR	MAX	26418799.thl.jpg	26418799.thl.jpg	NOKEY	MAX	NOKEY
1447791961900	0	lts_1117L_33_01	33	01	1	301	0	0	0	CR	MAX	8/Awatch53.jpg	Awatch53.jpg	NOKEY	MAX	NOKEY
1447791963003	0	lts_1117L_33_01	33	01	1	302	8	1	1	Hit	631	8-1/26419324.thl.jpg	26419324.thl.jpg	SPACE	669	SPACE
1447791966078	0	lts_1117L_33_01	33	01	1	303	0	0	0	CR	MAX	locomotive.jpg	locomotive.jpg	NOKEY	MAX	NOKEY
1447791969152	0	lts_1117L_33_01	33	01	1	304	0	0	0	CR	MAX	26427111.thl.jpg	26427111.thl.jpg	NOKEY	MAX	NOKEY
1447791972226	0	lts_1117L_33_01	33	01	1	305	0	0	0	CR	MAX	64/AORIENBOW.jpg	AORIENBOW.jpg	NOKEY	MAX	NOKEY
1447791975301	0	lts_1117L_33_01	33	01	1	306	0	0	0	CR	MAX	APOTWHOLE.jpg	APOTWHOLE.jpg	NOKEY	MAX	NOKEY
1447791977790	0	lts_1117L_33_01	33	01	1	307	128	1	1	Hit	2016	128-3/Agiraffetoy3.jpg	Agiraffetoy3.jpg	SPACE	2055	SPACE
1447791980864	0	lts_1117L_33_01	33	01	1	308	0	0	0	CR	MAX	Ascale60.jpg	Ascale60.jpg	NOKEY	MAX	NOKEY
1447791981983	0	lts_1117L_33_01	33	01	1	309	8	1	1	Hit	646	8-0/Awatch53.jpg	Awatch53.jpg	SPACE	686	SPACE
1447791984290	0	lts_1117L_33_01	33	01	1	310	0	0	1	FA	1823	AHOSPWAS2.jpg	AHOSPWAS2.jpg	SPACE	1871	NOKEY
1447791987364	0	lts_1117L_33_01	33	01	1	311	0	0	0	CR	MAX	34936916.thl.jpg	34936916.thl.jpg	NOKEY	MAX	NOKEY
1447791990438	0	lts_1117L_33_01	33	01	1	312	0	0	0	CR	MAX	ADIAMCRYS.jpg	ADIAMCRYS.jpg	NOKEY	MAX	NOKEY
1447791993529	0	lts_1117L_33_01	33	01	1	313	0	0	0	CR	MAX	Atable132.jpg	Atable132.jpg	NOKEY	MAX	NOKEY
1447791996603	0	lts_1117L_33_01	33	01	1	314	0	0	0	CR	MAX	Arubbergloves.jpg	Arubbergloves.jpg	NOKEY	MAX	NOKEY
1447791999678	0	lts_1117L_33_01	33	01	1	315	0	0	0	CR	MAX	2/Apaintroller3.jpg	Apaintroller3.jpg	NOKEY	MAX	NOKEY
1447792002752	0	lts_1117L_33_01	33	01	1	316	0	0	0	CR	MAX	AAIRGRIN2.jpg	AAIRGRIN2.jpg	NOKEY	MAX	NOKEY
1447792003821	0	lts_1117L_33_01	33	01	1	317	2	1	1	Hit	599	2-13/Apaintroller3.jpg	Apaintroller3.jpg	SPACE	635	SPACE
1447792006912	0	lts_1117L_33_01	33	01	1	318	0	0	0	CR	MAX	APOTPBAG2.jpg	APOTPBAG2.jpg	NOKEY	MAX	NOKEY
1447792009987	0	lts_1117L_33_01	33	01	1	319	0	0	0	CR	MAX	2/Brusselssprouts.jpg	Brusselssprouts.jpg	NOKEY	MAX	NOKEY
1447792013062	0	lts_1117L_33_01	33	01	1	320	0	0	0	CR	MAX	26387690.thl.jpg	26387690.thl.jpg	NOKEY	MAX	NOKEY
1447792014081	0	lts_1117L_33_01	33	01	1	321	2	1	1	Hit	547	2-1/Brusselssprouts.jpg	Brusselssprouts.jpg	SPACE	585	SPACE
1447792017156	0	lts_1117L_33_01	33	01	1	322	0	0	0	CR	MAX	64/Ametalstool2.jpg	Ametalstool2.jpg	NOKEY	MAX	NOKEY
1447792020230	0	lts_1117L_33_01	33	01	1	323	0	0	0	CR	MAX	4/26388148.thl.jpg	26388148.thl.jpg	NOKEY	MAX	NOKEY
1447792023304	0	lts_1117L_33_01	33	01	1	324	0	0	0	CR	MAX	22855536.thl.jpg	22855536.thl.jpg	NOKEY	MAX	NOKEY
1447792026378	0	lts_1117L_33_01	33	01	1	325	00	1	0	Miss	MAX	00-across/26427867.thl.jpg	26427867.thl.jpg	NOKEY	MAX	SPACE
1447792029452	0	lts_1117L_33_01	33	01	1	326	0	0	0	CR	MAX	Azucchini9.jpg	Azucchini9.jpg	NOKEY	MAX	NOKEY
1447792030455	0	lts_1117L_33_01	33	01	1	327	4	1	1	Hit	525	4-6/26388148.thl.jpg	26388148.thl.jpg	SPACE	569	SPACE
1447792033529	0	lts_1117L_33_01	33	01	1	328	0	0	0	CR	MAX	23051010.thl.jpg	23051010.thl.jpg	NOKEY	MAX	NOKEY
1447792034598	0	lts_1117L_33_01	33	01	1	329	64	1	1	Hit	586	64-first/Acrackersandc.jpg	Acrackersandc.jpg	SPACE	635	SPACE
1447792037673	0	lts_1117L_33_01	33	01	1	330	0	0	0	CR	MAX	Ahulahoop2.jpg	Ahulahoop2.jpg	NOKEY	MAX	NOKEY
1447792038692	0	lts_1117L_33_01	33	01	1	331	2	1	1	Hit	547	2-mul/Acrackersandc.jpg	Acrackersandc.jpg	SPACE	586	SPACE
1447792040430	0	lts_1117L_33_01	33	01	1	332	0	0	1	FA	1240	8/D_dumpster.jpg	D_dumpster.jpg	SPACE	1287	NOKEY
1447792043521	0	lts_1117L_33_01	33	01	1	333	0	0	0	CR	MAX	2/moto.jpg	moto.jpg	NOKEY	MAX	NOKEY
1447792046612	0	lts_1117L_33_01	33	01	1	334	0	0	0	CR	MAX	Astrawberryde.jpg	Astrawberryde.jpg	NOKEY	MAX	NOKEY
1447792047731	0	lts_1117L_33_01	33	01	1	335	2	1	1	Hit	643	2-12/moto.jpg	moto.jpg	SPACE	686	SPACE
1447792050805	0	lts_1117L_33_01	33	01	1	336	0	0	0	CR	MAX	22896812.thl.jpg	22896812.thl.jpg	NOKEY	MAX	NOKEY
1447792053896	0	lts_1117L_33_01	33	01	1	337	0	0	0	CR	MAX	licorice.jpg	licorice.jpg	NOKEY	MAX	NOKEY
1447792056971	0	lts_1117L_33_01	33	01	1	338	0	0	0	CR	MAX	ATOASTE22.jpg	ATOASTE22.jpg	NOKEY	MAX	NOKEY
1447792060046	0	lts_1117L_33_01	33	01	1	339	0	0	0	CR	MAX	8256618.thl.jpg	8256618.thl.jpg	NOKEY	MAX	NOKEY
1447792061116	0	lts_1117L_33_01	33	01	1	340	8	1	1	Hit	595	8-first/D_dumpster.jpg	D_dumpster.jpg	SPACE	634	SPACE
1447792064190	0	lts_1117L_33_01	33	01	1	341	0	0	0	CR	MAX	ABAROMET2.jpg	ABAROMET2.jpg	NOKEY	MAX	NOKEY
1447792067264	0	lts_1117L_33_01	33	01	1	342	0	0	0	CR	MAX	2/26426417.thl.jpg	26426417.thl.jpg	NOKEY	MAX	NOKEY
1447792070338	0	lts_1117L_33_01	33	01	1	343	0	0	0	CR	MAX	Acomputerbag.jpg	Acomputerbag.jpg	NOKEY	MAX	NOKEY
1447792071374	0	lts_1117L_33_01	33	01	1	344	2	1	1	Hit	560	2-0/26426417.thl.jpg	26426417.thl.jpg	SPACE	602	SPACE
1447792074448	0	lts_1117L_33_01	33	01	1	345	0	0	0	CR	MAX	1/AANGLE.jpg	AANGLE.jpg	NOKEY	MAX	NOKEY
1447792075317	0	lts_1117L_33_01	33	01	1	346	1	1	1	Hit	397	1-0/AANGLE.jpg	AANGLE.jpg	SPACE	434	SPACE
1447792078391	0	lts_1117L_33_01	33	01	1	347	0	0	0	CR	MAX	ADIPPER6.jpg	ADIPPER6.jpg	NOKEY	MAX	NOKEY
1447792081466	0	lts_1117L_33_01	33	01	1	348	0	0	0	CR	MAX	Acautionroads.jpg	Acautionroads.jpg	NOKEY	MAX	NOKEY
1447792084540	0	lts_1117L_33_01	33	01	1	349	0	0	0	CR	MAX	4/Ahandheldmir3.jpg	Ahandheldmir3.jpg	NOKEY	MAX	NOKEY
1447792087631	0	lts_1117L_33_01	33	01	1	350	0	0	0	CR	MAX	ABOWARRO8.jpg	ABOWARRO8.jpg	NOKEY	MAX	NOKEY
1447792090705	0	lts_1117L_33_01	33	01	1	351	0	0	0	CR	MAX	ADAQUIRI.jpg	ADAQUIRI.jpg	NOKEY	MAX	NOKEY
1447792093779	0	lts_1117L_33_01	33	01	1	352	0	0	0	CR	MAX	AANBABYCA.jpg	AANBABYCA.jpg	NOKEY	MAX	NOKEY
1447792094899	0	lts_1117L_33_01	33	01	1	353	4	1	1	Hit	642	4-2/Ahandheldmir3.jpg	Ahandheldmir3.jpg	SPACE	685	SPACE
1447792097973	0	lts_1117L_33_01	33	01	1	354	0	0	0	CR	MAX	8/22875816.thl.jpg	22875816.thl.jpg	NOKEY	MAX	NOKEY
1447792101049	0	lts_1117L_33_01	33	01	1	355	0	0	0	CR	MAX	headcomb1.jpg	headcomb1.jpg	NOKEY	MAX	NOKEY
1447792102118	0	lts_1117L_33_01	33	01	1	356	16	1	1	Hit	597	16-mul/D_dumpster.jpg	D_dumpster.jpg	SPACE	634	SPACE
1447792105193	0	lts_1117L_33_01	33	01	1	357	0	0	0	CR	MAX	26424443.thl.jpg	26424443.thl.jpg	NOKEY	MAX	NOKEY
1447792106328	0	lts_1117L_33_01	33	01	1	358	00	1	1	Hit	650	00-across/26465344.thl.jpg	26465344.thl.jpg	SPACE	701	SPACE
1447792109402	0	lts_1117L_33_01	33	01	1	359	0	0	0	CR	MAX	64/AOVEN.jpg	AOVEN.jpg	NOKEY	MAX	NOKEY
1447792110772	0	lts_1117L_33_01	33	01	1	360	128	1	1	Hit	885	128-1/AFRYPAN7.jpg	AFRYPAN7.jpg	SPACE	935	SPACE
1447792113846	0	lts_1117L_33_01	33	01	1	361	0	0	0	CR	MAX	AMILKJUG.jpg	AMILKJUG.jpg	NOKEY	MAX	NOKEY
1447792114866	0	lts_1117L_33_01	33	01	1	362	8	1	1	Hit	542	8-first/22875816.thl.jpg	22875816.thl.jpg	SPACE	585	SPACE
1447792117940	0	lts_1117L_33_01	33	01	1	363	0	0	0	CR	MAX	Abutanco3.jpg	Abutanco3.jpg	NOKEY	MAX	NOKEY
1447792118960	0	lts_1117L_33_01	33	01	1	364	2	1	1	Hit	537	2-mul/22875816.thl.jpg	22875816.thl.jpg	SPACE	585	SPACE
1447792122035	0	lts_1117L_33_01	33	01	1	365	0	0	0	CR	MAX	ALINENCA3.jpg	ALINENCA3.jpg	NOKEY	MAX	NOKEY
1447792125109	0	lts_1117L_33_01	33	01	1	366	0	0	0	CR	MAX	26419025.thl.jpg	26419025.thl.jpg	NOKEY	MAX	NOKEY
1447792128183	0	lts_1117L_33_01	33	01	1	367	0	0	0	CR	MAX	4/ABROCHETT.jpg	ABROCHETT.jpg	NOKEY	MAX	NOKEY
1447792131258	0	lts_1117L_33_01	33	01	1	368	0	0	0	CR	MAX	Atoy21.jpg	Atoy21.jpg	NOKEY	MAX	NOKEY
1447792132311	0	lts_1117L_33_01	33	01	1	369	64	1	1	Hit	571	64-first/AORIENBOW.jpg	AORIENBOW.jpg	SPACE	617	SPACE
1447792135401	0	lts_1117L_33_01	33	01	1	370	0	0	0	CR	MAX	26379054.thl.jpg	26379054.thl.jpg	NOKEY	MAX	NOKEY
1447792136520	0	lts_1117L_33_01	33	01	1	371	4	1	1	Hit	637	4-4/ABROCHETT.jpg	ABROCHETT.jpg	SPACE	686	SPACE
1447792139595	0	lts_1117L_33_01	33	01	1	372	0	0	0	CR	MAX	10049816.thl.jpg	10049816.thl.jpg	NOKEY	MAX	NOKEY
1447792140547	0	lts_1117L_33_01	33	01	1	373	4	1	1	Hit	482	4-mul/AORIENBOW.jpg	AORIENBOW.jpg	SPACE	519	SPACE
1447792143621	0	lts_1117L_33_01	33	01	1	374	0	0	0	CR	MAX	2/22861656.thl.jpg	22861656.thl.jpg	NOKEY	MAX	NOKEY
1447792146712	0	lts_1117L_33_01	33	01	1	375	0	0	0	CR	MAX	Awaffle3.jpg	Awaffle3.jpg	NOKEY	MAX	NOKEY
1447792147714	0	lts_1117L_33_01	33	01	1	376	2	1	1	Hit	521	2-5/22861656.thl.jpg	22861656.thl.jpg	SPACE	570	SPACE
1447792150789	0	lts_1117L_33_01	33	01	1	377	0	0	0	CR	MAX	1/26424133.thl.jpg	26424133.thl.jpg	NOKEY	MAX	NOKEY
1447792151675	0	lts_1117L_33_01	33	01	1	378	1	1	1	Hit	404	1-12/26424133.thl.jpg	26424133.thl.jpg	SPACE	453	SPACE
1447792154765	0	lts_1117L_33_01	33	01	1	379	0	0	0	CR	MAX	Aleopard19.jpg	Aleopard19.jpg	NOKEY	MAX	NOKEY
1447792155935	0	lts_1117L_33_01	33	01	1	380	128	1	1	Hit	685	128-6/ADARKLAMP.jpg	ADARKLAMP.jpg	SPACE	736	SPACE
1447792159011	0	lts_1117L_33_01	33	01	1	381	0	0	0	CR	MAX	16/Awoodenegg.jpg	Awoodenegg.jpg	NOKEY	MAX	NOKEY
1447792162085	0	lts_1117L_33_01	33	01	1	382	0	0	0	CR	MAX	ATRUNK15.jpg	ATRUNK15.jpg	NOKEY	MAX	NOKEY
1447792165159	0	lts_1117L_33_01	33	01	1	383	0	0	0	CR	MAX	AGUIRA.jpg	AGUIRA.jpg	NOKEY	MAX	NOKEY
1447792168234	0	lts_1117L_33_01	33	01	1	384	0	0	0	CR	MAX	4/makeupfoundation.jpg	makeupfoundation.jpg	NOKEY	MAX	NOKEY
1447792171308	0	lts_1117L_33_01	33	01	1	385	0	0	0	CR	MAX	26424075.thl.jpg	26424075.thl.jpg	NOKEY	MAX	NOKEY
1447792172577	0	lts_1117L_33_01	33	01	1	386	64	1	1	Hit	796	64-first/Ametalstool2.jpg	Ametalstool2.jpg	SPACE	836	SPACE
1447792175651	0	lts_1117L_33_01	33	01	1	387	0	0	0	CR	MAX	Acartonofegg3.jpg	Acartonofegg3.jpg	NOKEY	MAX	NOKEY
1447792176770	0	lts_1117L_33_01	33	01	1	388	4	1	1	Hit	648	4-1/makeupfoundation.jpg	makeupfoundation.jpg	SPACE	685	SPACE
1447792179845	0	lts_1117L_33_01	33	01	1	389	0	0	0	CR	MAX	ACOWBELL6.jpg	ACOWBELL6.jpg	NOKEY	MAX	NOKEY
1447792182919	0	lts_1117L_33_01	33	01	1	390	0	0	0	CR	MAX	26375953.thl.jpg	26375953.thl.jpg	NOKEY	MAX	NOKEY
1447792184190	0	lts_1117L_33_01	33	01	1	391	00	1	1	Hit	787	00-across/Agardeningrak.jpg	Agardeningrak.jpg	SPACE	835	SPACE
1447792187265	0	lts_1117L_33_01	33	01	1	392	0	0	0	CR	MAX	AHEATER3.jpg	AHEATER3.jpg	NOKEY	MAX	NOKEY
1447792190338	0	lts_1117L_33_01	33	01	1	393	0	0	0	CR	MAX	ATOWRACK3.jpg	ATOWRACK3.jpg	NOKEY	MAX	NOKEY
1447792193412	0	lts_1117L_33_01	33	01	1	394	0	0	0	CR	MAX	23014927.thl.jpg	23014927.thl.jpg	NOKEY	MAX	NOKEY
1447792194549	0	lts_1117L_33_01	33	01	1	395	00	1	1	Hit	652	00-across/AJUG3.jpg	AJUG3.jpg	SPACE	703	SPACE
1447792197623	0	lts_1117L_33_01	33	01	1	396	0	0	0	CR	MAX	Acampingcoffe.jpg	Acampingcoffe.jpg	NOKEY	MAX	NOKEY
1447792198725	0	lts_1117L_33_01	33	01	1	397	16	1	1	Hit	627	16-first/Awoodenegg.jpg	Awoodenegg.jpg	SPACE	670	SPACE
1447792201800	0	lts_1117L_33_01	33	01	1	398	0	0	0	CR	MAX	Abedspringsam.jpg	Abedspringsam.jpg	NOKEY	MAX	NOKEY
1447792204874	0	lts_1117L_33_01	33	01	1	399	0	0	0	CR	MAX	AOLIVE.jpg	AOLIVE.jpg	NOKEY	MAX	NOKEY
1447792207949	0	lts_1117L_33_01	33	01	1	400	0	0	0	CR	MAX	Alaundrybask2.jpg	Alaundrybask2.jpg	NOKEY	MAX	NOKEY
1447792209203	0	lts_1117L_33_01	33	01	1	401	0	0	1	FA	777	rollerblades.jpg	rollerblades.jpg	SPACE	819	NOKEY
1447792210289	0	lts_1117L_33_01	33	01	1	402	16	1	1	Hit	608	16-mul/Ametalstool2.jpg	Ametalstool2.jpg	SPACE	651	SPACE
1447792213362	0	lts_1117L_33_01	33	01	1	403	0	0	0	CR	MAX	AANTIBIK4.jpg	AANTIBIK4.jpg	NOKEY	MAX	NOKEY
1447792216437	0	lts_1117L_33_01	33	01	1	404	0	0	0	CR	MAX	Aseat3.jpg	Aseat3.jpg	NOKEY	MAX	NOKEY
1447792219511	0	lts_1117L_33_01	33	01	1	405	0	0	0	CR	MAX	ACAROSLI2.jpg	ACAROSLI2.jpg	NOKEY	MAX	NOKEY
1447792222586	0	lts_1117L_33_01	33	01	1	406	0	0	0	CR	MAX	2/Aleaf75.jpg	Aleaf75.jpg	NOKEY	MAX	NOKEY
1447792225660	0	lts_1117L_33_01	33	01	1	407	0	0	0	CR	MAX	32/AGIFTBOX8.jpg	AGIFTBOX8.jpg	NOKEY	MAX	NOKEY
1447792226946	0	lts_1117L_33_01	33	01	1	408	2	1	1	Hit	803	2-2/Aleaf75.jpg	Aleaf75.jpg	SPACE	853	SPACE
1447792230022	0	lts_1117L_33_01	33	01	1	409	0	0	0	CR	MAX	Aladder2.jpg	Aladder2.jpg	NOKEY	MAX	NOKEY
1447792233096	0	lts_1117L_33_01	33	01	1	410	0	0	0	CR	MAX	1/Amonkey5.jpg	Amonkey5.jpg	NOKEY	MAX	NOKEY
1447792234048	0	lts_1117L_33_01	33	01	1	411	1	1	1	Hit	476	1-11/Amonkey5.jpg	Amonkey5.jpg	SPACE	517	SPACE
1447792237123	0	lts_1117L_33_01	33	01	1	412	0	0	0	CR	MAX	32/Abrassbu2.jpg	Abrassbu2.jpg	NOKEY	MAX	NOKEY
1447792238159	0	lts_1117L_33_01	33	01	1	413	16	1	1	Hit	560	16-mul/Awoodenegg.jpg	Awoodenegg.jpg	SPACE	601	SPACE
1447792241233	0	lts_1117L_33_01	33	01	1	414	0	0	0	CR	MAX	4/Aflatwoodenba.jpg	Aflatwoodenba.jpg	NOKEY	MAX	NOKEY
1447792244307	0	lts_1117L_33_01	33	01	1	415	0	0	0	CR	MAX	23025307.thl.jpg	23025307.thl.jpg	NOKEY	MAX	NOKEY
1447792247381	0	lts_1117L_33_01	33	01	1	416	0	0	0	CR	MAX	APERSRUG.jpg	APERSRUG.jpg	NOKEY	MAX	NOKEY
1447792250455	0	lts_1117L_33_01	33	01	1	417	0	0	0	CR	MAX	Adropper2.jpg	Adropper2.jpg	NOKEY	MAX	NOKEY
1447792251708	0	lts_1117L_33_01	33	01	1	418	4	1	1	Hit	777	4-9/Aflatwoodenba.jpg	Aflatwoodenba.jpg	SPACE	819	SPACE
1447792254782	0	lts_1117L_33_01	33	01	1	419	0	0	0	CR	MAX	1/AWATERJU3.jpg	AWATERJU3.jpg	NOKEY	MAX	NOKEY
1447792255718	0	lts_1117L_33_01	33	01	1	420	1	1	1	Hit	463	1-3/AWATERJU3.jpg	AWATERJU3.jpg	SPACE	502	SPACE
1447792258792	0	lts_1117L_33_01	33	01	1	421	0	0	0	CR	MAX	AMASCARA.jpg	AMASCARA.jpg	NOKEY	MAX	NOKEY
1447792261867	0	lts_1117L_33_01	33	01	1	422	0	0	0	CR	MAX	Asaturn.jpg	Asaturn.jpg	NOKEY	MAX	NOKEY
1447792262986	0	lts_1117L_33_01	33	01	1	423	64	1	1	Hit	649	64-first/AOVEN.jpg	AOVEN.jpg	SPACE	686	SPACE
1447792266062	0	lts_1117L_33_01	33	01	1	424	0	0	0	CR	MAX	AMAGHOLDE.jpg	AMAGHOLDE.jpg	NOKEY	MAX	NOKEY
1447792267131	0	lts_1117L_33_01	33	01	1	425	2	1	1	Hit	588	2-mul/AOVEN.jpg	AOVEN.jpg	SPACE	634	SPACE
1447792270206	0	lts_1117L_33_01	33	01	1	426	0	0	0	CR	MAX	2/AFUNNEL4.jpg	AFUNNEL4.jpg	NOKEY	MAX	NOKEY
1447792273280	0	lts_1117L_33_01	33	01	1	427	0	0	0	CR	MAX	carseat.jpg	carseat.jpg	NOKEY	MAX	NOKEY
1447792274382	0	lts_1117L_33_01	33	01	1	428	2	1	1	Hit	629	2-3/AFUNNEL4.jpg	AFUNNEL4.jpg	SPACE	668	SPACE
1447792277456	0	lts_1117L_33_01	33	01	1	429	0	0	0	CR	MAX	22886412.thl.jpg	22886412.thl.jpg	NOKEY	MAX	NOKEY
1447792280531	0	lts_1117L_33_01	33	01	1	430	0	0	0	CR	MAX	1/8250565.thl.jpg	8250565.thl.jpg	NOKEY	MAX	NOKEY
1447792281500	0	lts_1117L_33_01	33	01	1	431	1	1	1	Hit	489	1-1/8250565.thl.jpg	8250565.thl.jpg	SPACE	536	SPACE
1447792284591	0	lts_1117L_33_01	33	01	1	432	0	0	0	CR	MAX	AARTIHAN5.jpg	AARTIHAN5.jpg	NOKEY	MAX	NOKEY
1447792287681	0	lts_1117L_33_01	33	01	1	433	0	0	0	CR	MAX	8/AWINTERH2.jpg	AWINTERH2.jpg	NOKEY	MAX	NOKEY
1447792290756	0	lts_1117L_33_01	33	01	1	434	0	0	0	CR	MAX	23041782.thl.jpg	23041782.thl.jpg	NOKEY	MAX	NOKEY
1447792293847	0	lts_1117L_33_01	33	01	1	435	0	0	0	CR	MAX	2/Aumbrellasta2.jpg	Aumbrellasta2.jpg	NOKEY	MAX	NOKEY
1447792296921	0	lts_1117L_33_01	33	01	1	436	0	0	0	CR	MAX	ACLAM.jpg	ACLAM.jpg	NOKEY	MAX	NOKEY
1447792298008	0	lts_1117L_33_01	33	01	1	437	2	1	1	Hit	607	2-10/Aumbrellasta2.jpg	Aumbrellasta2.jpg	SPACE	651	SPACE
1447792301083	0	lts_1117L_33_01	33	01	1	438	0	0	0	CR	MAX	ASTONEOWL.jpg	ASTONEOWL.jpg	NOKEY	MAX	NOKEY
1447792302469	0	lts_1117L_33_01	33	01	1	439	32	1	1	Hit	904	32-6/AGIFTBOX8.jpg	AGIFTBOX8.jpg	SPACE	953	SPACE
1447792305543	0	lts_1117L_33_01	33	01	1	440	0	0	0	CR	MAX	AARTOOTH2.jpg	AARTOOTH2.jpg	NOKEY	MAX	NOKEY
1447792306596	0	lts_1117L_33_01	33	01	1	441	8	1	1	Hit	577	8-2/AWINTERH2.jpg	AWINTERH2.jpg	SPACE	619	SPACE
1447792309686	0	lts_1117L_33_01	33	01	1	442	0	0	0	CR	MAX	petfood.jpg	petfood.jpg	NOKEY	MAX	NOKEY
1447792312761	0	lts_1117L_33_01	33	01	1	443	0	0	0	CR	MAX	26425788.thl.jpg	26425788.thl.jpg	NOKEY	MAX	NOKEY
1447792313780	0	lts_1117L_33_01	33	01	1	444	32	1	1	Hit	550	32-3/Abrassbu2.jpg	Abrassbu2.jpg	SPACE	585	SPACE
1447792316854	0	lts_1117L_33_01	33	01	1	445	0	0	0	CR	MAX	2/AGLASSTRO.jpg	AGLASSTRO.jpg	NOKEY	MAX	NOKEY
1447792319929	0	lts_1117L_33_01	33	01	1	446	0	0	0	CR	MAX	ABIRDHOU9.jpg	ABIRDHOU9.jpg	NOKEY	MAX	NOKEY
1447792320948	0	lts_1117L_33_01	33	01	1	447	2	1	1	Hit	549	2-7/AGLASSTRO.jpg	AGLASSTRO.jpg	SPACE	585	SPACE
1447792324023	0	lts_1117L_33_01	33	01	1	448	0	0	0	CR	MAX	ASNBRD2.jpg	ASNBRD2.jpg	NOKEY	MAX	NOKEY
1447792327098	0	lts_1117L_33_01	33	01	1	449	0	0	0	CR	MAX	carbattery.jpg	carbattery.jpg	NOKEY	MAX	NOKEY
1447792384955	0	E	Logging Ends
