1445550276818	0	B	Logging Begins
1445550395508	0	lts_1022L_09_01	09	01	0	0	0	0	0	CR	MAX	26421538.thl.jpg	26421538.thl.jpg	NOKEY	MAX	NOKEY
1445550398584	0	lts_1022L_09_01	09	01	0	1	0	0	0	CR	MAX	8080484.thl.jpg	8080484.thl.jpg	NOKEY	MAX	NOKEY
1445550401677	0	lts_1022L_09_01	09	01	0	2	0	0	0	CR	MAX	D_dumpster.jpg	D_dumpster.jpg	NOKEY	MAX	NOKEY
1445550404753	0	lts_1022L_09_01	09	01	0	3	0	0	0	CR	MAX	Arecordplaye2.jpg	Arecordplaye2.jpg	NOKEY	MAX	NOKEY
1445550407846	0	lts_1022L_09_01	09	01	0	4	0	0	0	CR	MAX	AALARMSY6.jpg	AALARMSY6.jpg	NOKEY	MAX	NOKEY
1445550410922	0	lts_1022L_09_01	09	01	0	5	0	0	0	CR	MAX	1/8258244.thl.jpg	8258244.thl.jpg	NOKEY	MAX	NOKEY
1445550412009	0	lts_1022L_09_01	09	01	0	6	1	1	1	Hit	615	1-4/8258244.thl.jpg	8258244.thl.jpg	SPACE	652	SPACE
1445550415085	0	lts_1022L_09_01	09	01	0	7	0	0	0	CR	MAX	1/22857516.thl.jpg	22857516.thl.jpg	NOKEY	MAX	NOKEY
1445550416122	0	lts_1022L_09_01	09	01	0	8	1	1	1	Hit	563	1-10/22857516.thl.jpg	22857516.thl.jpg	SPACE	601	SPACE
1445550419198	0	lts_1022L_09_01	09	01	0	9	0	0	0	CR	MAX	Aglassjarwit2.jpg	Aglassjarwit2.jpg	NOKEY	MAX	NOKEY
1445550422274	0	lts_1022L_09_01	09	01	0	10	0	0	0	CR	MAX	4/sausage.jpg	sausage.jpg	NOKEY	MAX	NOKEY
1445550425349	0	lts_1022L_09_01	09	01	0	11	0	0	0	CR	MAX	ABANJO5.jpg	ABANJO5.jpg	NOKEY	MAX	NOKEY
1445550428425	0	lts_1022L_09_01	09	01	0	12	0	0	0	CR	MAX	26432148.thl.jpg	26432148.thl.jpg	NOKEY	MAX	NOKEY
1445550431501	0	lts_1022L_09_01	09	01	0	13	0	0	0	CR	MAX	ABUSTFOR7.jpg	ABUSTFOR7.jpg	NOKEY	MAX	NOKEY
1445550432571	0	lts_1022L_09_01	09	01	0	14	4	1	1	Hit	598	4-4/sausage.jpg	sausage.jpg	SPACE	636	SPACE
1445550435647	0	lts_1022L_09_01	09	01	0	15	0	0	0	CR	MAX	Aconferencer3.jpg	Aconferencer3.jpg	NOKEY	MAX	NOKEY
1445550438723	0	lts_1022L_09_01	09	01	0	16	0	0	0	CR	MAX	AMOUSWHEE.jpg	AMOUSWHEE.jpg	NOKEY	MAX	NOKEY
1445550441799	0	lts_1022L_09_01	09	01	0	17	0	0	0	CR	MAX	16/Adecorati133.jpg	Adecorati133.jpg	NOKEY	MAX	NOKEY
1445550444875	0	lts_1022L_09_01	09	01	0	18	0	0	0	CR	MAX	4/AATOMODEL.jpg	AATOMODEL.jpg	NOKEY	MAX	NOKEY
1445550447968	0	lts_1022L_09_01	09	01	0	19	0	0	0	CR	MAX	APIPEST18.jpg	APIPEST18.jpg	NOKEY	MAX	NOKEY
1445550451045	0	lts_1022L_09_01	09	01	0	20	0	0	0	CR	MAX	16/Alei23.jpg	Alei23.jpg	NOKEY	MAX	NOKEY
1445550454121	0	lts_1022L_09_01	09	01	0	21	0	0	0	CR	MAX	26428545.thl.jpg	26428545.thl.jpg	NOKEY	MAX	NOKEY
1445550455775	0	lts_1022L_09_01	09	01	0	22	4	1	1	Hit	1176	4-0/AATOMODEL.jpg	AATOMODEL.jpg	SPACE	1219	SPACE
1445550458851	0	lts_1022L_09_01	09	01	0	23	0	0	0	CR	MAX	2/Acartofgroce3.jpg	Acartofgroce3.jpg	NOKEY	MAX	NOKEY
1445550461927	0	lts_1022L_09_01	09	01	0	24	0	0	0	CR	MAX	Atennisball2.jpg	Atennisball2.jpg	NOKEY	MAX	NOKEY
1445550462830	0	lts_1022L_09_01	09	01	0	25	2	1	1	Hit	423	2-1/Acartofgroce3.jpg	Acartofgroce3.jpg	SPACE	468	SPACE
1445550465906	0	lts_1022L_09_01	09	01	0	26	0	0	0	CR	MAX	26379161.thl.jpg	26379161.thl.jpg	NOKEY	MAX	NOKEY
1445550468982	0	lts_1022L_09_01	09	01	0	27	0	0	0	CR	MAX	1/26429123.thl.jpg	26429123.thl.jpg	NOKEY	MAX	NOKEY
1445550469952	0	lts_1022L_09_01	09	01	0	28	1	1	1	Hit	486	1-12/26429123.thl.jpg	26429123.thl.jpg	SPACE	534	SPACE
1445550473046	0	lts_1022L_09_01	09	01	0	29	0	0	0	CR	MAX	32/orientalvase.jpg	orientalvase.jpg	NOKEY	MAX	NOKEY
1445550476122	0	lts_1022L_09_01	09	01	0	30	0	0	0	CR	MAX	pretzelsticks.jpg	pretzelsticks.jpg	NOKEY	MAX	NOKEY
1445550479198	0	lts_1022L_09_01	09	01	0	31	0	0	0	CR	MAX	8/ASHOTCAS2.jpg	ASHOTCAS2.jpg	NOKEY	MAX	NOKEY
1445550482274	0	lts_1022L_09_01	09	01	0	32	0	0	0	CR	MAX	Acinnamonrol2.jpg	Acinnamonrol2.jpg	NOKEY	MAX	NOKEY
1445550483961	0	lts_1022L_09_01	09	01	0	33	16	1	1	Hit	1217	16-0/Adecorati133.jpg	Adecorati133.jpg	SPACE	1254	SPACE
1445550487038	0	lts_1022L_09_01	09	01	0	34	0	0	0	CR	MAX	Agarlicclove2.jpg	Agarlicclove2.jpg	NOKEY	MAX	NOKEY
1445550490114	0	lts_1022L_09_01	09	01	0	35	0	0	0	CR	MAX	ACONSTRU9.jpg	ACONSTRU9.jpg	NOKEY	MAX	NOKEY
1445550491084	0	lts_1022L_09_01	09	01	0	36	16	1	1	Hit	499	16-first/Alei23.jpg	Alei23.jpg	SPACE	534	SPACE
1445550494160	0	lts_1022L_09_01	09	01	0	37	0	0	0	CR	MAX	32/ASTREESW2.jpg	ASTREESW2.jpg	NOKEY	MAX	NOKEY
1445550497236	0	lts_1022L_09_01	09	01	0	38	0	0	0	CR	MAX	Aglass43.jpg	Aglass43.jpg	NOKEY	MAX	NOKEY
1445550498172	0	lts_1022L_09_01	09	01	0	39	8	1	1	Hit	450	8-first/ASHOTCAS2.jpg	ASHOTCAS2.jpg	SPACE	500	SPACE
1445550501249	0	lts_1022L_09_01	09	01	0	40	0	0	0	CR	MAX	26433387.thl.jpg	26433387.thl.jpg	NOKEY	MAX	NOKEY
1445550502185	0	lts_1022L_09_01	09	01	0	41	2	1	1	Hit	459	2-mul/ASHOTCAS2.jpg	ASHOTCAS2.jpg	SPACE	501	SPACE
1445550505261	0	lts_1022L_09_01	09	01	0	42	0	0	0	CR	MAX	brownie.jpg	brownie.jpg	NOKEY	MAX	NOKEY
1445550508336	0	lts_1022L_09_01	09	01	0	43	0	0	0	CR	MAX	1/Ashark7.jpg	Ashark7.jpg	NOKEY	MAX	NOKEY
1445550509256	0	lts_1022L_09_01	09	01	0	44	1	1	1	Hit	435	1-2/Ashark7.jpg	Ashark7.jpg	SPACE	485	SPACE
1445550512348	0	lts_1022L_09_01	09	01	0	45	0	0	0	CR	MAX	ATRACINGT.jpg	ATRACINGT.jpg	NOKEY	MAX	NOKEY
1445550513502	0	lts_1022L_09_01	09	01	0	46	0	0	1	FA	682	26419670.thl.jpg	26419670.thl.jpg	SPACE	719	NOKEY
1445550516578	0	lts_1022L_09_01	09	01	0	47	0	0	0	CR	MAX	gondola.jpg	gondola.jpg	NOKEY	MAX	NOKEY
1445550519654	0	lts_1022L_09_01	09	01	0	48	0	0	0	CR	MAX	2/Aboxofnotepa4.jpg	Aboxofnotepa4.jpg	NOKEY	MAX	NOKEY
1445550522730	0	lts_1022L_09_01	09	01	0	49	0	0	0	CR	MAX	Awomensshoe61.jpg	Awomensshoe61.jpg	NOKEY	MAX	NOKEY
1445550523716	0	lts_1022L_09_01	09	01	0	50	2	1	1	Hit	510	2-0/Aboxofnotepa4.jpg	Aboxofnotepa4.jpg	SPACE	552	SPACE
1445550526792	0	lts_1022L_09_01	09	01	0	51	0	0	0	CR	MAX	ABROCHETT.jpg	ABROCHETT.jpg	NOKEY	MAX	NOKEY
1445550527779	0	lts_1022L_09_01	09	01	0	52	16	1	1	Hit	504	16-mul/Alei23.jpg	Alei23.jpg	SPACE	551	SPACE
1445550530855	0	lts_1022L_09_01	09	01	0	53	0	0	0	CR	MAX	AANTIBIK4.jpg	AANTIBIK4.jpg	NOKEY	MAX	NOKEY
1445550533931	0	lts_1022L_09_01	09	01	0	54	0	0	0	CR	MAX	APINGPON3.jpg	APINGPON3.jpg	NOKEY	MAX	NOKEY
1445550537008	0	lts_1022L_09_01	09	01	0	55	0	0	0	CR	MAX	64/26423786.thl.jpg	26423786.thl.jpg	NOKEY	MAX	NOKEY
1445550540101	0	lts_1022L_09_01	09	01	0	56	0	0	0	CR	MAX	Aopenbriefcas.jpg	Aopenbriefcas.jpg	NOKEY	MAX	NOKEY
1445550543177	0	lts_1022L_09_01	09	01	0	57	0	0	0	CR	MAX	1/Astampandseal.jpg	Astampandseal.jpg	NOKEY	MAX	NOKEY
1445550544130	0	lts_1022L_09_01	09	01	0	58	1	1	1	Hit	469	1-14/Astampandseal.jpg	Astampandseal.jpg	SPACE	517	SPACE
1445550547206	0	lts_1022L_09_01	09	01	0	59	0	0	0	CR	MAX	4/26437491.thl.jpg	26437491.thl.jpg	NOKEY	MAX	NOKEY
1445550550281	0	lts_1022L_09_01	09	01	0	60	0	0	0	CR	MAX	AADZUKIB2.jpg	AADZUKIB2.jpg	NOKEY	MAX	NOKEY
1445550551251	0	lts_1022L_09_01	09	01	0	61	32	1	1	Hit	488	32-6/orientalvase.jpg	orientalvase.jpg	SPACE	535	SPACE
1445550554326	0	lts_1022L_09_01	09	01	0	62	0	0	0	CR	MAX	ASHOWCAP.jpg	ASHOWCAP.jpg	NOKEY	MAX	NOKEY
1445550555497	0	lts_1022L_09_01	09	01	0	63	4	1	1	Hit	694	4-8/26437491.thl.jpg	26437491.thl.jpg	SPACE	736	SPACE
1445550558573	0	lts_1022L_09_01	09	01	0	64	0	0	0	CR	MAX	64/ACASTANET.jpg	ACASTANET.jpg	NOKEY	MAX	NOKEY
1445550561649	0	lts_1022L_09_01	09	01	0	65	0	0	0	CR	MAX	2/ARATTLE.jpg	ARATTLE.jpg	NOKEY	MAX	NOKEY
1445550564725	0	lts_1022L_09_01	09	01	0	66	0	0	0	CR	MAX	AFIGHTP16.jpg	AFIGHTP16.jpg	NOKEY	MAX	NOKEY
1445550565711	0	lts_1022L_09_01	09	01	0	67	2	1	1	Hit	517	2-9/ARATTLE.jpg	ARATTLE.jpg	SPACE	552	SPACE
1445550568787	0	lts_1022L_09_01	09	01	0	68	0	0	0	CR	MAX	Apinkshoe.jpg	Apinkshoe.jpg	NOKEY	MAX	NOKEY
1445550569857	0	lts_1022L_09_01	09	01	0	69	32	1	1	Hit	596	32-0/ASTREESW2.jpg	ASTREESW2.jpg	SPACE	635	SPACE
1445550572933	0	lts_1022L_09_01	09	01	0	70	0	0	0	CR	MAX	Asewingpins.jpg	Asewingpins.jpg	NOKEY	MAX	NOKEY
1445550576010	0	lts_1022L_09_01	09	01	0	71	0	0	0	CR	MAX	DSCN1248-sm.jpg	DSCN1248-sm.jpg	NOKEY	MAX	NOKEY
1445550579103	0	lts_1022L_09_01	09	01	0	72	0	0	0	CR	MAX	128/ABLACKB14.jpg	ABLACKB14.jpg	NOKEY	MAX	NOKEY
1445550582179	0	lts_1022L_09_01	09	01	0	73	0	0	0	CR	MAX	APICNICBL.jpg	APICNICBL.jpg	NOKEY	MAX	NOKEY
1445550585255	0	lts_1022L_09_01	09	01	0	74	0	0	0	CR	MAX	Abluebabybug4.jpg	Abluebabybug4.jpg	NOKEY	MAX	NOKEY
1445550588330	0	lts_1022L_09_01	09	01	0	75	0	0	0	CR	MAX	16/Acannedaspa10.jpg	Acannedaspa10.jpg	NOKEY	MAX	NOKEY
1445550591406	0	lts_1022L_09_01	09	01	0	76	0	0	0	CR	MAX	ALACES4.jpg	ALACES4.jpg	NOKEY	MAX	NOKEY
1445550594482	0	lts_1022L_09_01	09	01	0	77	0	0	0	CR	MAX	26374731.thl.jpg	26374731.thl.jpg	NOKEY	MAX	NOKEY
1445550597558	0	lts_1022L_09_01	09	01	0	78	0	0	0	CR	MAX	matchbook.jpg	matchbook.jpg	NOKEY	MAX	NOKEY
1445550598796	0	lts_1022L_09_01	09	01	0	79	0	0	1	FA	755	ASCALE30.jpg	ASCALE30.jpg	SPACE	802	NOKEY
1445550601872	0	lts_1022L_09_01	09	01	0	80	0	0	0	CR	MAX	1/Atoy17.jpg	Atoy17.jpg	NOKEY	MAX	NOKEY
1445550602724	0	lts_1022L_09_01	09	01	0	81	1	1	1	Hit	374	1-9/Atoy17.jpg	Atoy17.jpg	SPACE	418	SPACE
1445550605817	0	lts_1022L_09_01	09	01	0	82	0	0	0	CR	MAX	Agolfbag.jpg	Agolfbag.jpg	NOKEY	MAX	NOKEY
1445550608893	0	lts_1022L_09_01	09	01	0	83	0	0	0	CR	MAX	2/Azebratoy2.jpg	Azebratoy2.jpg	NOKEY	MAX	NOKEY
1445550610081	0	lts_1022L_09_01	09	01	0	84	0	0	1	FA	716	ASHIRTSK2.jpg	ASHIRTSK2.jpg	SPACE	752	NOKEY
1445550612521	0	lts_1022L_09_01	09	01	0	85	2	1	1	Hit	1963	2-10/Azebratoy2.jpg	Azebratoy2.jpg	SPACE	2006	SPACE
1445550615614	0	lts_1022L_09_01	09	01	0	86	0	0	0	CR	MAX	Ababydec4.jpg	Ababydec4.jpg	NOKEY	MAX	NOKEY
1445550618690	0	lts_1022L_09_01	09	01	0	87	0	0	0	CR	MAX	1/AROOSTERP.jpg	AROOSTERP.jpg	NOKEY	MAX	NOKEY
1445550619626	0	lts_1022L_09_01	09	01	0	88	1	1	1	Hit	455	1-8/AROOSTERP.jpg	AROOSTERP.jpg	SPACE	503	SPACE
1445550622702	0	lts_1022L_09_01	09	01	0	89	0	0	0	CR	MAX	Adecorativet3.jpg	Adecorativet3.jpg	NOKEY	MAX	NOKEY
1445550623688	0	lts_1022L_09_01	09	01	0	90	0	0	1	FA	495	16/26369999.thl.jpg	26369999.thl.jpg	SPACE	536	NOKEY
1445550625544	0	lts_1022L_09_01	09	01	0	91	16	1	1	Hit	1381	16-1/Acannedaspa10.jpg	Acannedaspa10.jpg	SPACE	1422	SPACE
1445550628637	0	lts_1022L_09_01	09	01	0	92	0	0	0	CR	MAX	ADUNEBUGG.jpg	ADUNEBUGG.jpg	NOKEY	MAX	NOKEY
1445550631713	0	lts_1022L_09_01	09	01	0	93	0	0	0	CR	MAX	32/Azebra8.jpg	Azebra8.jpg	NOKEY	MAX	NOKEY
1445550634789	0	lts_1022L_09_01	09	01	0	94	0	0	0	CR	MAX	ACATCAGE.jpg	ACATCAGE.jpg	NOKEY	MAX	NOKEY
1445550637865	0	lts_1022L_09_01	09	01	0	95	0	0	0	CR	MAX	Atoywheels.jpg	Atoywheels.jpg	NOKEY	MAX	NOKEY
1445550640941	0	lts_1022L_09_01	09	01	0	96	0	0	0	CR	MAX	piece.jpg	piece.jpg	NOKEY	MAX	NOKEY
1445550644018	0	lts_1022L_09_01	09	01	0	97	0	0	0	CR	MAX	1/Aruler16.jpg	Aruler16.jpg	NOKEY	MAX	NOKEY
1445550647094	0	lts_1022L_09_01	09	01	0	98	1	1	0	Miss	MAX	1-5/Aruler16.jpg	Aruler16.jpg	NOKEY	MAX	SPACE
1445550650170	0	lts_1022L_09_01	09	01	0	99	0	0	0	CR	MAX	Abuilding5.jpg	Abuilding5.jpg	NOKEY	MAX	NOKEY
1445550653246	0	lts_1022L_09_01	09	01	0	100	0	0	0	CR	MAX	8/APLANMOD.jpg	APLANMOD.jpg	NOKEY	MAX	NOKEY
1445550656321	0	lts_1022L_09_01	09	01	0	101	0	0	0	CR	MAX	2/AGHOST.jpg	AGHOST.jpg	NOKEY	MAX	NOKEY
1445550659397	0	lts_1022L_09_01	09	01	0	102	0	0	0	CR	MAX	bobbypins.JPG	bobbypins.JPG	NOKEY	MAX	NOKEY
1445550660334	0	lts_1022L_09_01	09	01	0	103	2	1	1	Hit	455	2-11/AGHOST.jpg	AGHOST.jpg	SPACE	501	SPACE
1445550663410	0	lts_1022L_09_01	09	01	0	104	0	0	0	CR	MAX	Acup29.jpg	Acup29.jpg	NOKEY	MAX	NOKEY
1445550666486	0	lts_1022L_09_01	09	01	0	105	0	0	0	CR	MAX	Aclothespin4.jpg	Aclothespin4.jpg	NOKEY	MAX	NOKEY
1445550667439	0	lts_1022L_09_01	09	01	0	106	16	1	1	Hit	475	16-first/26369999.thl.jpg	26369999.thl.jpg	SPACE	520	SPACE
1445550670515	0	lts_1022L_09_01	09	01	0	107	0	0	0	CR	MAX	128/gytsl9.jpg	gytsl9.jpg	NOKEY	MAX	NOKEY
1445550671484	0	lts_1022L_09_01	09	01	0	108	8	1	1	Hit	494	8-first/APLANMOD.jpg	APLANMOD.jpg	SPACE	536	SPACE
1445550673440	0	lts_1022L_09_01	09	01	0	109	0	0	1	FA	1477	1/AFRYINGP2.jpg	AFRYINGP2.jpg	SPACE	1522	NOKEY
1445550674510	0	lts_1022L_09_01	09	01	0	110	1	1	1	Hit	587	1-11/AFRYINGP2.jpg	AFRYINGP2.jpg	SPACE	636	SPACE
1445550677586	0	lts_1022L_09_01	09	01	0	111	0	0	0	CR	MAX	AHEATDUCT.jpg	AHEATDUCT.jpg	NOKEY	MAX	NOKEY
1445550678539	0	lts_1022L_09_01	09	01	0	112	4	1	1	Hit	479	4-mul/APLANMOD.jpg	APLANMOD.jpg	SPACE	519	SPACE
1445550681615	0	lts_1022L_09_01	09	01	0	113	0	0	0	CR	MAX	Achrisd25.jpg	Achrisd25.jpg	NOKEY	MAX	NOKEY
1445550684691	0	lts_1022L_09_01	09	01	0	114	0	0	0	CR	MAX	APLASCONT.jpg	APLASCONT.jpg	NOKEY	MAX	NOKEY
1445550687767	0	lts_1022L_09_01	09	01	0	115	0	0	0	CR	MAX	AANALCIME.jpg	AANALCIME.jpg	NOKEY	MAX	NOKEY
1445550690843	0	lts_1022L_09_01	09	01	0	116	0	0	0	CR	MAX	Aceramichous2.jpg	Aceramichous2.jpg	NOKEY	MAX	NOKEY
1445550693919	0	lts_1022L_09_01	09	01	0	117	0	0	0	CR	MAX	26555896.thl.jpg	26555896.thl.jpg	NOKEY	MAX	NOKEY
1445550696996	0	lts_1022L_09_01	09	01	0	118	0	0	0	CR	MAX	Atoyservices2.jpg	Atoyservices2.jpg	NOKEY	MAX	NOKEY
1445550698117	0	lts_1022L_09_01	09	01	0	119	64	1	1	Hit	636	64-first/26423786.thl.jpg	26423786.thl.jpg	SPACE	685	SPACE
1445550701193	0	lts_1022L_09_01	09	01	0	120	0	0	0	CR	MAX	A3bday5.jpg	A3bday5.jpg	NOKEY	MAX	NOKEY
1445550704269	0	lts_1022L_09_01	09	01	0	121	0	0	0	CR	MAX	Acombination6.jpg	Acombination6.jpg	NOKEY	MAX	NOKEY
1445550705304	0	lts_1022L_09_01	09	01	0	122	16	1	1	Hit	559	16-mul/26369999.thl.jpg	26369999.thl.jpg	SPACE	602	SPACE
1445550708380	0	lts_1022L_09_01	09	01	0	123	0	0	0	CR	MAX	baseballbat04.jpg	baseballbat04.jpg	NOKEY	MAX	NOKEY
1445550711456	0	lts_1022L_09_01	09	01	0	124	0	0	0	CR	MAX	AOTOSCOP5.jpg	AOTOSCOP5.jpg	NOKEY	MAX	NOKEY
1445550712426	0	lts_1022L_09_01	09	01	0	125	32	1	1	Hit	492	32-7/Azebra8.jpg	Azebra8.jpg	SPACE	536	SPACE
1445550715502	0	lts_1022L_09_01	09	01	0	126	0	0	0	CR	MAX	26422598.thl.jpg	26422598.thl.jpg	NOKEY	MAX	NOKEY
1445550718578	0	lts_1022L_09_01	09	01	0	127	0	0	0	CR	MAX	Alock34.jpg	Alock34.jpg	NOKEY	MAX	NOKEY
1445550719715	0	lts_1022L_09_01	09	01	0	128	64	1	1	Hit	663	64-first/ACASTANET.jpg	ACASTANET.jpg	SPACE	702	SPACE
1445550722808	0	lts_1022L_09_01	09	01	0	129	0	0	0	CR	MAX	64/8020200.thl.jpg	8020200.thl.jpg	NOKEY	MAX	NOKEY
1445550725884	0	lts_1022L_09_01	09	01	0	130	0	0	0	CR	MAX	8/23025307.thl.jpg	23025307.thl.jpg	NOKEY	MAX	NOKEY
1445550728960	0	lts_1022L_09_01	09	01	0	131	0	0	0	CR	MAX	AFOOTST11.jpg	AFOOTST11.jpg	NOKEY	MAX	NOKEY
1445550729963	0	lts_1022L_09_01	09	01	0	132	4	1	1	Hit	523	4-mul/ACASTANET.jpg	ACASTANET.jpg	SPACE	569	SPACE
1445550733040	0	lts_1022L_09_01	09	01	0	133	0	0	0	CR	MAX	ABRAIN3.jpg	ABRAIN3.jpg	NOKEY	MAX	NOKEY
1445550734326	0	lts_1022L_09_01	09	01	0	134	0	0	1	FA	802	Aroulette.jpg	Aroulette.jpg	SPACE	851	NOKEY
1445550735664	0	lts_1022L_09_01	09	01	0	135	16	1	1	Hit	849	16-mul/26423786.thl.jpg	26423786.thl.jpg	SPACE	887	SPACE
1445550738740	0	lts_1022L_09_01	09	01	0	136	0	0	0	CR	MAX	26434546.thl.jpg	26434546.thl.jpg	NOKEY	MAX	NOKEY
1445550741816	0	lts_1022L_09_01	09	01	0	137	0	0	0	CR	MAX	8/Acalligraphy2.jpg	Acalligraphy2.jpg	NOKEY	MAX	NOKEY
1445550742953	0	lts_1022L_09_01	09	01	0	138	8	1	1	Hit	659	8-first/23025307.thl.jpg	23025307.thl.jpg	SPACE	703	SPACE
1445550746030	0	lts_1022L_09_01	09	01	0	139	0	0	0	CR	MAX	4/ABARREL3.jpg	ABARREL3.jpg	NOKEY	MAX	NOKEY
1445550749106	0	lts_1022L_09_01	09	01	0	140	0	0	0	CR	MAX	16/gymbars.jpg	gymbars.jpg	NOKEY	MAX	NOKEY
1445550752182	0	lts_1022L_09_01	09	01	0	141	0	0	0	CR	MAX	AHUNTVES2.jpg	AHUNTVES2.jpg	NOKEY	MAX	NOKEY
1445550755258	0	lts_1022L_09_01	09	01	0	142	0	0	0	CR	MAX	A_teabag.jpg	A_teabag.jpg	NOKEY	MAX	NOKEY
1445550756310	0	lts_1022L_09_01	09	01	0	143	4	1	1	Hit	581	4-3/ABARREL3.jpg	ABARREL3.jpg	SPACE	618	SPACE
1445550759386	0	lts_1022L_09_01	09	01	0	144	0	0	0	CR	MAX	128/Abandleaders2.jpg	Abandleaders2.jpg	NOKEY	MAX	NOKEY
1445550760406	0	lts_1022L_09_01	09	01	0	145	8	1	1	Hit	537	8-first/Acalligraphy2.jpg	Acalligraphy2.jpg	SPACE	585	SPACE
1445550763482	0	lts_1022L_09_01	09	01	0	146	0	0	0	CR	MAX	26370116.thl.jpg	26370116.thl.jpg	NOKEY	MAX	NOKEY
1445550764468	0	lts_1022L_09_01	09	01	0	147	2	1	1	Hit	509	2-mul/Acalligraphy2.jpg	Acalligraphy2.jpg	SPACE	552	SPACE
1445550767561	0	lts_1022L_09_01	09	01	0	148	0	0	0	CR	MAX	2/ADOGSNACK.jpg	ADOGSNACK.jpg	NOKEY	MAX	NOKEY
1445550770637	0	lts_1022L_09_01	09	01	0	149	0	0	0	CR	MAX	AHOSPLIF2.jpg	AHOSPLIF2.jpg	NOKEY	MAX	NOKEY
1445550771707	0	lts_1022L_09_01	09	01	0	150	2	1	1	Hit	592	2-13/ADOGSNACK.jpg	ADOGSNACK.jpg	SPACE	635	SPACE
1445550774783	0	lts_1022L_09_01	09	01	0	151	0	0	0	CR	MAX	64/23048010.thl.jpg	23048010.thl.jpg	NOKEY	MAX	NOKEY
1445550777859	0	lts_1022L_09_01	09	01	0	152	0	0	0	CR	MAX	32/Ajacket12.jpg	Ajacket12.jpg	NOKEY	MAX	NOKEY
1445550780935	0	lts_1022L_09_01	09	01	0	153	0	0	0	CR	MAX	zip-a.jpg	zip-a.jpg	NOKEY	MAX	NOKEY
1445550781922	0	lts_1022L_09_01	09	01	0	154	16	1	1	Hit	516	16-mul/23025307.thl.jpg	23025307.thl.jpg	SPACE	552	SPACE
1445550784998	0	lts_1022L_09_01	09	01	0	155	0	0	0	CR	MAX	26424291.thl.jpg	26424291.thl.jpg	NOKEY	MAX	NOKEY
1445550786002	0	lts_1022L_09_01	09	01	0	156	16	1	1	Hit	517	16-first/gymbars.jpg	gymbars.jpg	SPACE	568	SPACE
1445550789078	0	lts_1022L_09_01	09	01	0	157	0	0	0	CR	MAX	26467460.thl.jpg	26467460.thl.jpg	NOKEY	MAX	NOKEY
1445550792154	0	lts_1022L_09_01	09	01	0	158	0	0	0	CR	MAX	gymbench.jpg	gymbench.jpg	NOKEY	MAX	NOKEY
1445550795230	0	lts_1022L_09_01	09	01	0	159	0	0	0	CR	MAX	16/AWASHCLOT.jpg	AWASHCLOT.jpg	NOKEY	MAX	NOKEY
1445550796250	0	lts_1022L_09_01	09	01	0	160	4	1	1	Hit	546	4-mul/gymbars.jpg	gymbars.jpg	SPACE	584	SPACE
1445550799325	0	lts_1022L_09_01	09	01	0	161	0	0	0	CR	MAX	35310232.thl.jpg	35310232.thl.jpg	NOKEY	MAX	NOKEY
1445550802401	0	lts_1022L_09_01	09	01	0	162	0	0	0	CR	MAX	ADANGEAR5.jpg	ADANGEAR5.jpg	NOKEY	MAX	NOKEY
1445550805477	0	lts_1022L_09_01	09	01	0	163	0	0	0	CR	MAX	2/Afeatherdust2.jpg	Afeatherdust2.jpg	NOKEY	MAX	NOKEY
1445550808553	0	lts_1022L_09_01	09	01	0	164	0	0	0	CR	MAX	Asandgarden.jpg	Asandgarden.jpg	NOKEY	MAX	NOKEY
1445550810492	0	lts_1022L_09_01	09	01	0	165	2	1	1	Hit	1466	2-3/Afeatherdust2.jpg	Afeatherdust2.jpg	SPACE	1505	SPACE
1445550813568	0	lts_1022L_09_01	09	01	0	166	0	0	0	CR	MAX	AFRAME15.jpg	AFRAME15.jpg	NOKEY	MAX	NOKEY
1445550816644	0	lts_1022L_09_01	09	01	0	167	0	0	0	CR	MAX	1/AFILEFOL4.jpg	AFILEFOL4.jpg	NOKEY	MAX	NOKEY
1445550817581	0	lts_1022L_09_01	09	01	0	168	1	1	1	Hit	463	1-3/AFILEFOL4.jpg	AFILEFOL4.jpg	SPACE	503	SPACE
1445550820657	0	lts_1022L_09_01	09	01	0	169	0	0	0	CR	MAX	128/Athermosand12.jpg	Athermosand12.jpg	NOKEY	MAX	NOKEY
1445550823733	0	lts_1022L_09_01	09	01	0	170	0	0	0	CR	MAX	26423812.thl.jpg	26423812.thl.jpg	NOKEY	MAX	NOKEY
1445550826809	0	lts_1022L_09_01	09	01	0	171	0	0	0	CR	MAX	128/Ahippopotamu4.jpg	Ahippopotamu4.jpg	NOKEY	MAX	NOKEY
1445550829885	0	lts_1022L_09_01	09	01	0	172	0	0	0	CR	MAX	Afueltank11.jpg	Afueltank11.jpg	NOKEY	MAX	NOKEY
1445550832961	0	lts_1022L_09_01	09	01	0	173	0	0	0	CR	MAX	AANTHAT2.jpg	AANTHAT2.jpg	NOKEY	MAX	NOKEY
1445550836038	0	lts_1022L_09_01	09	01	0	174	0	0	0	CR	MAX	22849344.thl.jpg	22849344.thl.jpg	NOKEY	MAX	NOKEY
1445550837091	0	lts_1022L_09_01	09	01	0	175	16	1	1	Hit	583	16-first/AWASHCLOT.jpg	AWASHCLOT.jpg	SPACE	617	SPACE
1445550840167	0	lts_1022L_09_01	09	01	0	176	0	0	0	CR	MAX	Atoyseasaw.jpg	Atoyseasaw.jpg	NOKEY	MAX	NOKEY
1445550842557	0	lts_1022L_09_01	09	01	0	177	2	1	1	Hit	1906	2-mul/AWASHCLOT.jpg	AWASHCLOT.jpg	SPACE	1956	SPACE
1445550845650	0	lts_1022L_09_01	09	01	0	178	0	0	0	CR	MAX	2/Aegyptianst20.jpg	Aegyptianst20.jpg	NOKEY	MAX	NOKEY
1445550848726	0	lts_1022L_09_01	09	01	0	179	0	0	0	CR	MAX	128/AOLDLIFE3.jpg	AOLDLIFE3.jpg	NOKEY	MAX	NOKEY
1445550849578	0	lts_1022L_09_01	09	01	0	180	2	1	1	Hit	371	2-7/Aegyptianst20.jpg	Aegyptianst20.jpg	SPACE	419	SPACE
1445550852655	0	lts_1022L_09_01	09	01	0	181	0	0	0	CR	MAX	32/26384863.thl.jpg	26384863.thl.jpg	NOKEY	MAX	NOKEY
1445550855731	0	lts_1022L_09_01	09	01	0	182	0	0	0	CR	MAX	Aowl8.jpg	Aowl8.jpg	NOKEY	MAX	NOKEY
1445550858807	0	lts_1022L_09_01	09	01	0	183	0	0	0	CR	MAX	26370445.thl.jpg	26370445.thl.jpg	NOKEY	MAX	NOKEY
1445550859860	0	lts_1022L_09_01	09	01	0	184	32	1	1	Hit	582	32-1/Ajacket12.jpg	Ajacket12.jpg	SPACE	619	SPACE
1445550862936	0	lts_1022L_09_01	09	01	0	185	0	0	0	CR	MAX	Asoundmixer2.jpg	Asoundmixer2.jpg	NOKEY	MAX	NOKEY
1445550866013	0	lts_1022L_09_01	09	01	0	186	0	0	0	CR	MAX	22887480.thl.jpg	22887480.thl.jpg	NOKEY	MAX	NOKEY
1445550869089	0	lts_1022L_09_01	09	01	0	187	0	0	0	CR	MAX	4/ANAPKHOL7.jpg	ANAPKHOL7.jpg	NOKEY	MAX	NOKEY
1445550872165	0	lts_1022L_09_01	09	01	0	188	0	0	0	CR	MAX	Atool221.jpg	Atool221.jpg	NOKEY	MAX	NOKEY
1445550875241	0	lts_1022L_09_01	09	01	0	189	0	0	0	CR	MAX	AMETDETE2.jpg	AMETDETE2.jpg	NOKEY	MAX	NOKEY
1445550878316	0	lts_1022L_09_01	09	01	0	190	0	0	0	CR	MAX	32/AJUG3.jpg	AJUG3.jpg	NOKEY	MAX	NOKEY
1445550879286	0	lts_1022L_09_01	09	01	0	191	4	1	1	Hit	498	4-6/ANAPKHOL7.jpg	ANAPKHOL7.jpg	SPACE	535	SPACE
1445550882362	0	lts_1022L_09_01	09	01	0	192	0	0	0	CR	MAX	Akitchensinka.jpg	Akitchensinka.jpg	NOKEY	MAX	NOKEY
1445550883566	0	lts_1022L_09_01	09	01	0	193	64	1	1	Hit	731	64-first/8020200.thl.jpg	8020200.thl.jpg	SPACE	771	SPACE
1445550886642	0	lts_1022L_09_01	09	01	0	194	0	0	0	CR	MAX	64/Aantiquesofa4.jpg	Aantiquesofa4.jpg	NOKEY	MAX	NOKEY
1445550889718	0	lts_1022L_09_01	09	01	0	195	0	0	0	CR	MAX	2/ABATHTUB3.jpg	ABATHTUB3.jpg	NOKEY	MAX	NOKEY
1445550892794	0	lts_1022L_09_01	09	01	0	196	0	0	0	CR	MAX	AHEELCUPS.jpg	AHEELCUPS.jpg	NOKEY	MAX	NOKEY
1445550894082	0	lts_1022L_09_01	09	01	0	197	2	1	1	Hit	807	2-12/ABATHTUB3.jpg	ABATHTUB3.jpg	SPACE	853	SPACE
1445550897158	0	lts_1022L_09_01	09	01	0	198	0	0	0	CR	MAX	Abowlofpasta.jpg	Abowlofpasta.jpg	NOKEY	MAX	NOKEY
1445550900234	0	lts_1022L_09_01	09	01	0	199	0	0	0	CR	MAX	Acactusplant.jpg	Acactusplant.jpg	NOKEY	MAX	NOKEY
1445550901420	0	lts_1022L_09_01	09	01	0	200	128	1	1	Hit	704	128-1/ABLACKB14.jpg	ABLACKB14.jpg	SPACE	752	SPACE
1445550904496	0	lts_1022L_09_01	09	01	0	201	0	0	0	CR	MAX	4/26425370.thl.jpg	26425370.thl.jpg	NOKEY	MAX	NOKEY
1445550907572	0	lts_1022L_09_01	09	01	0	202	0	0	0	CR	MAX	1/Afusehousing.jpg	Afusehousing.jpg	NOKEY	MAX	NOKEY
1445550908475	0	lts_1022L_09_01	09	01	0	203	1	1	1	Hit	431	1-1/Afusehousing.jpg	Afusehousing.jpg	SPACE	469	SPACE
1445550911551	0	lts_1022L_09_01	09	01	0	204	0	0	0	CR	MAX	AAIRBLOW.jpg	AAIRBLOW.jpg	NOKEY	MAX	NOKEY
1445550912554	0	lts_1022L_09_01	09	01	0	205	4	1	1	Hit	522	4-2/26425370.thl.jpg	26425370.thl.jpg	SPACE	569	SPACE
1445550915630	0	lts_1022L_09_01	09	01	0	206	0	0	0	CR	MAX	chocolatbox.jpg	chocolatbox.jpg	NOKEY	MAX	NOKEY
1445550918706	0	lts_1022L_09_01	09	01	0	207	0	0	0	CR	MAX	AALIEN.jpg	AALIEN.jpg	NOKEY	MAX	NOKEY
1445550921782	0	lts_1022L_09_01	09	01	0	208	0	0	0	CR	MAX	26424784.thl.jpg	26424784.thl.jpg	NOKEY	MAX	NOKEY
1445550922719	0	lts_1022L_09_01	09	01	0	209	16	1	1	Hit	460	16-mul/8020200.thl.jpg	8020200.thl.jpg	SPACE	501	SPACE
1445550925795	0	lts_1022L_09_01	09	01	0	210	0	0	0	CR	MAX	AAIRPRES4.jpg	AAIRPRES4.jpg	NOKEY	MAX	NOKEY
1445550928871	0	lts_1022L_09_01	09	01	0	211	0	0	0	CR	MAX	APLAQUE.jpg	APLAQUE.jpg	NOKEY	MAX	NOKEY
1445550931947	0	lts_1022L_09_01	09	01	0	212	0	0	0	CR	MAX	spoon-a.jpg	spoon-a.jpg	NOKEY	MAX	NOKEY
1445550932933	0	lts_1022L_09_01	09	01	0	213	32	1	1	Hit	511	32-8/26384863.thl.jpg	26384863.thl.jpg	SPACE	552	SPACE
1445550936010	0	lts_1022L_09_01	09	01	0	214	0	0	0	CR	MAX	ATRUNK15.jpg	ATRUNK15.jpg	NOKEY	MAX	NOKEY
1445550937063	0	lts_1022L_09_01	09	01	0	215	64	1	1	Hit	577	64-first/23048010.thl.jpg	23048010.thl.jpg	SPACE	617	SPACE
1445550940140	0	lts_1022L_09_01	09	01	0	216	0	0	0	CR	MAX	Ashoeform2.jpg	Ashoeform2.jpg	NOKEY	MAX	NOKEY
1445550941126	0	lts_1022L_09_01	09	01	0	217	2	1	1	Hit	505	2-mul/23048010.thl.jpg	23048010.thl.jpg	SPACE	551	SPACE
1445550944202	0	lts_1022L_09_01	09	01	0	218	0	0	0	CR	MAX	E_helicopter.jpg	E_helicopter.jpg	NOKEY	MAX	NOKEY
1445550947277	0	lts_1022L_09_01	09	01	0	219	0	0	0	CR	MAX	Apencilsharp5.jpg	Apencilsharp5.jpg	NOKEY	MAX	NOKEY
1445550950353	0	lts_1022L_09_01	09	01	0	220	0	0	0	CR	MAX	4/Acableandacce.jpg	Acableandacce.jpg	NOKEY	MAX	NOKEY
1445550953429	0	lts_1022L_09_01	09	01	0	221	0	0	0	CR	MAX	Achickendinne.jpg	Achickendinne.jpg	NOKEY	MAX	NOKEY
1445550954499	0	lts_1022L_09_01	09	01	0	222	32	1	1	Hit	590	32-3/AJUG3.jpg	AJUG3.jpg	SPACE	636	SPACE
1445550957575	0	lts_1022L_09_01	09	01	0	223	0	0	0	CR	MAX	hulahoop.jpg	hulahoop.jpg	NOKEY	MAX	NOKEY
1445550958645	0	lts_1022L_09_01	09	01	0	224	4	1	1	Hit	586	4-1/Acableandacce.jpg	Acableandacce.jpg	SPACE	636	SPACE
1445550961738	0	lts_1022L_09_01	09	01	0	225	0	0	0	CR	MAX	Abaggcon2.jpg	Abaggcon2.jpg	NOKEY	MAX	NOKEY
1445550964814	0	lts_1022L_09_01	09	01	0	226	0	0	0	CR	MAX	ABULDOZER.jpg	ABULDOZER.jpg	NOKEY	MAX	NOKEY
1445550967890	0	lts_1022L_09_01	09	01	0	227	0	0	0	CR	MAX	4/Alobster10.jpg	Alobster10.jpg	NOKEY	MAX	NOKEY
1445550969178	0	lts_1022L_09_01	09	01	0	228	0	0	1	FA	793	128/AHARPSIC5.jpg	AHARPSIC5.jpg	SPACE	836	NOKEY
1445550972271	0	lts_1022L_09_01	09	01	0	229	0	0	0	CR	MAX	licorice.jpg	licorice.jpg	NOKEY	MAX	NOKEY
1445550975346	0	lts_1022L_09_01	09	01	0	230	0	0	0	CR	MAX	26421357.thl.jpg	26421357.thl.jpg	NOKEY	MAX	NOKEY
1445550976383	0	lts_1022L_09_01	09	01	0	231	4	1	1	Hit	559	4-11/Alobster10.jpg	Alobster10.jpg	SPACE	601	SPACE
1445550979459	0	lts_1022L_09_01	09	01	0	232	0	0	0	CR	MAX	Acampingknife.jpg	Acampingknife.jpg	NOKEY	MAX	NOKEY
1445550982535	0	lts_1022L_09_01	09	01	0	233	0	0	0	CR	MAX	Astapler12.jpg	Astapler12.jpg	NOKEY	MAX	NOKEY
1445550985611	0	lts_1022L_09_01	09	01	0	234	32	1	0	Miss	MAX	32/DSCN3757-sm.jpg	DSCN3757-sm.jpg	NOKEY	MAX	SPACE
1445550986614	0	lts_1022L_09_01	09	01	0	235	128	1	1	Hit	530	128-7/gytsl9.jpg	gytsl9.jpg	SPACE	570	SPACE
1445550989690	0	lts_1022L_09_01	09	01	0	236	0	0	0	CR	MAX	Abagofherbs.jpg	Abagofherbs.jpg	NOKEY	MAX	NOKEY
1445550992766	0	lts_1022L_09_01	09	01	0	237	0	0	0	CR	MAX	26370704.thl.jpg	26370704.thl.jpg	NOKEY	MAX	NOKEY
1445550994255	0	lts_1022L_09_01	09	01	0	238	0	0	1	FA	1006	16/AJAR15.jpg	AJAR15.jpg	SPACE	1054	NOKEY
1445550997330	0	lts_1022L_09_01	09	01	0	239	0	0	0	CR	MAX	Abrassbu2.jpg	Abrassbu2.jpg	NOKEY	MAX	NOKEY
1445551000423	0	lts_1022L_09_01	09	01	0	240	0	0	0	CR	MAX	AARTICHO1.jpg	AARTICHO1.jpg	NOKEY	MAX	NOKEY
1445551003499	0	lts_1022L_09_01	09	01	0	241	0	0	0	CR	MAX	4/Ahousboa2.jpg	Ahousboa2.jpg	NOKEY	MAX	NOKEY
1445551006575	0	lts_1022L_09_01	09	01	0	242	0	0	0	CR	MAX	26451318.thl.jpg	26451318.thl.jpg	NOKEY	MAX	NOKEY
1445551009668	0	lts_1022L_09_01	09	01	0	243	0	0	0	CR	MAX	26391116.thl.jpg	26391116.thl.jpg	NOKEY	MAX	NOKEY
1445551012744	0	lts_1022L_09_01	09	01	0	244	0	0	0	CR	MAX	26437068.thl.jpg	26437068.thl.jpg	NOKEY	MAX	NOKEY
1445551013797	0	lts_1022L_09_01	09	01	0	245	4	1	1	Hit	567	4-7/Ahousboa2.jpg	Ahousboa2.jpg	SPACE	619	SPACE
1445551016873	0	lts_1022L_09_01	09	01	0	246	0	0	0	CR	MAX	26392651.thl.jpg	26392651.thl.jpg	NOKEY	MAX	NOKEY
1445551019949	0	lts_1022L_09_01	09	01	0	247	0	0	0	CR	MAX	4/gymbars2.jpg	gymbars2.jpg	NOKEY	MAX	NOKEY
1445551023026	0	lts_1022L_09_01	09	01	0	248	0	0	0	CR	MAX	64/Adolphin3.jpg	Adolphin3.jpg	NOKEY	MAX	NOKEY
1445551026102	0	lts_1022L_09_01	09	01	0	249	0	0	0	CR	MAX	Aangel37.jpg	Aangel37.jpg	NOKEY	MAX	NOKEY
1445551029178	0	lts_1022L_09_01	09	01	0	250	0	0	0	CR	MAX	ABREAD.jpg	ABREAD.jpg	NOKEY	MAX	NOKEY
1445551030281	0	lts_1022L_09_01	09	01	0	251	4	1	1	Hit	622	4-9/gymbars2.jpg	gymbars2.jpg	SPACE	667	SPACE
1445551033357	0	lts_1022L_09_01	09	01	0	252	0	0	0	CR	MAX	26375899.thl.jpg	26375899.thl.jpg	NOKEY	MAX	NOKEY
1445551036449	0	lts_1022L_09_01	09	01	0	253	0	0	0	CR	MAX	ACOWCREAM.jpg	ACOWCREAM.jpg	NOKEY	MAX	NOKEY
1445551037519	0	lts_1022L_09_01	09	01	0	254	16	1	1	Hit	600	16-first/AJAR15.jpg	AJAR15.jpg	SPACE	636	SPACE
1445551040595	0	lts_1022L_09_01	09	01	0	255	0	0	0	CR	MAX	22855236.thl.jpg	22855236.thl.jpg	NOKEY	MAX	NOKEY
1445551043672	0	lts_1022L_09_01	09	01	0	256	0	0	0	CR	MAX	Abottle98.jpg	Abottle98.jpg	NOKEY	MAX	NOKEY
1445551046748	0	lts_1022L_09_01	09	01	0	257	0	0	0	CR	MAX	ADIPPER6.jpg	ADIPPER6.jpg	NOKEY	MAX	NOKEY
1445551047968	0	lts_1022L_09_01	09	01	0	258	64	1	1	Hit	748	64-first/Aantiquesofa4.jpg	Aantiquesofa4.jpg	SPACE	786	SPACE
1445551051045	0	lts_1022L_09_01	09	01	0	259	0	0	0	CR	MAX	Abackaccesso4.jpg	Abackaccesso4.jpg	NOKEY	MAX	NOKEY
1445551052015	0	lts_1022L_09_01	09	01	0	260	2	1	1	Hit	484	2-mul/Aantiquesofa4.jpg	Aantiquesofa4.jpg	SPACE	533	SPACE
1445551055091	0	lts_1022L_09_01	09	01	0	261	0	0	0	CR	MAX	16/Abutterdish.jpg	Abutterdish.jpg	NOKEY	MAX	NOKEY
1445551058167	0	lts_1022L_09_01	09	01	0	262	0	0	0	CR	MAX	26465824.thl.jpg	26465824.thl.jpg	NOKEY	MAX	NOKEY
1445551061243	0	lts_1022L_09_01	09	01	0	263	0	0	0	CR	MAX	Awindow19.jpg	Awindow19.jpg	NOKEY	MAX	NOKEY
1445551064318	0	lts_1022L_09_01	09	01	0	264	0	0	0	CR	MAX	Apercussioni3.jpg	Apercussioni3.jpg	NOKEY	MAX	NOKEY
1445551067394	0	lts_1022L_09_01	09	01	0	265	0	0	0	CR	MAX	Adoorknocker2.jpg	Adoorknocker2.jpg	NOKEY	MAX	NOKEY
1445551068481	0	lts_1022L_09_01	09	01	0	266	32	1	1	Hit	615	32-2/DSCN3757-sm.jpg	DSCN3757-sm.jpg	SPACE	653	SPACE
1445551071557	0	lts_1022L_09_01	09	01	0	267	0	0	0	CR	MAX	8/ASTAR.jpg	ASTAR.jpg	NOKEY	MAX	NOKEY
1445551074633	0	lts_1022L_09_01	09	01	0	268	0	0	0	CR	MAX	AFORKLIF2.jpg	AFORKLIF2.jpg	NOKEY	MAX	NOKEY
1445551077709	0	lts_1022L_09_01	09	01	0	269	0	0	0	CR	MAX	AANTFRYI2.jpg	AANTFRYI2.jpg	NOKEY	MAX	NOKEY
1445551078762	0	lts_1022L_09_01	09	01	0	270	16	1	1	Hit	582	16-mul/AJAR15.jpg	AJAR15.jpg	SPACE	619	SPACE
1445551081838	0	lts_1022L_09_01	09	01	0	271	0	0	0	CR	MAX	26388148.thl.jpg	26388148.thl.jpg	NOKEY	MAX	NOKEY
1445551082891	0	lts_1022L_09_01	09	01	0	272	128	1	1	Hit	579	128-5/Abandleaders2.jpg	Abandleaders2.jpg	SPACE	618	SPACE
1445551085967	0	lts_1022L_09_01	09	01	0	273	0	0	0	CR	MAX	26461587.thl.jpg	26461587.thl.jpg	NOKEY	MAX	NOKEY
1445551089044	0	lts_1022L_09_01	09	01	0	274	0	0	0	CR	MAX	Atoybucketan4.jpg	Atoybucketan4.jpg	NOKEY	MAX	NOKEY
1445551090265	0	lts_1022L_09_01	09	01	0	275	8	1	1	Hit	738	8-first/ASTAR.jpg	ASTAR.jpg	SPACE	785	SPACE
1445551093340	0	lts_1022L_09_01	09	01	0	276	0	0	0	CR	MAX	scrunchie.jpg	scrunchie.jpg	NOKEY	MAX	NOKEY
1445551095580	0	lts_1022L_09_01	09	01	0	277	16	1	1	Hit	1772	16-first/Abutterdish.jpg	Abutterdish.jpg	SPACE	1806	SPACE
1445551098656	0	lts_1022L_09_01	09	01	0	278	0	0	0	CR	MAX	8/Atombstone17.jpg	Atombstone17.jpg	NOKEY	MAX	NOKEY
1445551099726	0	lts_1022L_09_01	09	01	0	279	2	1	1	Hit	597	2-mul/Abutterdish.jpg	Abutterdish.jpg	SPACE	635	SPACE
1445551102819	0	lts_1022L_09_01	09	01	0	280	0	0	0	CR	MAX	celery.jpg	celery.jpg	NOKEY	MAX	NOKEY
1445551105895	0	lts_1022L_09_01	09	01	0	281	0	0	0	CR	MAX	128/26372237.thl.jpg	26372237.thl.jpg	NOKEY	MAX	NOKEY
1445551108971	0	lts_1022L_09_01	09	01	0	282	0	0	0	CR	MAX	ASPRITZER.jpg	ASPRITZER.jpg	NOKEY	MAX	NOKEY
1445551112048	0	lts_1022L_09_01	09	01	0	283	0	0	0	CR	MAX	8248852.thl.jpg	8248852.thl.jpg	NOKEY	MAX	NOKEY
1445551115124	0	lts_1022L_09_01	09	01	0	284	0	0	0	CR	MAX	32/Ababytableand.jpg	Ababytableand.jpg	NOKEY	MAX	NOKEY
1445551118200	0	lts_1022L_09_01	09	01	0	285	0	0	0	CR	MAX	ABAT.jpg	ABAT.jpg	NOKEY	MAX	NOKEY
1445551119286	0	lts_1022L_09_01	09	01	0	286	8	1	1	Hit	610	8-2/Atombstone17.jpg	Atombstone17.jpg	SPACE	651	SPACE
1445551122362	0	lts_1022L_09_01	09	01	0	287	0	0	0	CR	MAX	AWOODSPO3.jpg	AWOODSPO3.jpg	NOKEY	MAX	NOKEY
1445551125438	0	lts_1022L_09_01	09	01	0	288	0	0	0	CR	MAX	1/leek.jpg	leek.jpg	NOKEY	MAX	NOKEY
1445551126358	0	lts_1022L_09_01	09	01	0	289	1	1	1	Hit	435	1-7/leek.jpg	leek.jpg	SPACE	484	SPACE
1445551129434	0	lts_1022L_09_01	09	01	0	290	0	0	0	CR	MAX	APUTTER.jpg	APUTTER.jpg	NOKEY	MAX	NOKEY
1445551130437	0	lts_1022L_09_01	09	01	0	291	16	1	1	Hit	520	16-mul/ASTAR.jpg	ASTAR.jpg	SPACE	570	SPACE
1445551133513	0	lts_1022L_09_01	09	01	0	292	0	0	0	CR	MAX	APROSTAR2.jpg	APROSTAR2.jpg	NOKEY	MAX	NOKEY
1445551136589	0	lts_1022L_09_01	09	01	0	293	0	0	0	CR	MAX	2/AALTAR.jpg	AALTAR.jpg	NOKEY	MAX	NOKEY
1445551139665	0	lts_1022L_09_01	09	01	0	294	0	0	0	CR	MAX	Acontrolpane2.jpg	Acontrolpane2.jpg	NOKEY	MAX	NOKEY
1445551140668	0	lts_1022L_09_01	09	01	0	295	2	1	1	Hit	526	2-5/AALTAR.jpg	AALTAR.jpg	SPACE	570	SPACE
1445551143744	0	lts_1022L_09_01	09	01	0	296	0	0	0	CR	MAX	AMEATGR14.jpg	AMEATGR14.jpg	NOKEY	MAX	NOKEY
1445551145416	0	lts_1022L_09_01	09	01	0	297	128	1	1	Hit	1194	128-0/Athermosand12.jpg	Athermosand12.jpg	SPACE	1238	SPACE
1445551148492	0	lts_1022L_09_01	09	01	0	298	0	0	0	CR	MAX	ACUPBOAR5.jpg	ACUPBOAR5.jpg	NOKEY	MAX	NOKEY
1445551149645	0	lts_1022L_09_01	09	01	0	299	128	1	1	Hit	673	128-2/Ahippopotamu4.jpg	Ahippopotamu4.jpg	SPACE	720	SPACE
1445551152721	0	lts_1022L_09_01	09	01	0	300	0	0	0	CR	MAX	funlamp.jpg	funlamp.jpg	NOKEY	MAX	NOKEY
1445551153908	0	lts_1022L_09_01	09	01	0	301	0	0	1	FA	709	2/AHOTPAD4.jpg	AHOTPAD4.jpg	SPACE	752	NOKEY
1445551156984	0	lts_1022L_09_01	09	01	0	302	0	0	0	CR	MAX	A1OCLOC2.jpg	A1OCLOC2.jpg	NOKEY	MAX	NOKEY
1445551157988	0	lts_1022L_09_01	09	01	0	303	2	1	1	Hit	518	2-4/AHOTPAD4.jpg	AHOTPAD4.jpg	SPACE	567	SPACE
1445551161065	0	lts_1022L_09_01	09	01	0	304	0	0	0	CR	MAX	Alighthouse6.jpg	Alighthouse6.jpg	NOKEY	MAX	NOKEY
1445551164141	0	lts_1022L_09_01	09	01	0	305	0	0	0	CR	MAX	26427906.thl.jpg	26427906.thl.jpg	NOKEY	MAX	NOKEY
1445551165410	0	lts_1022L_09_01	09	01	0	306	0	0	1	FA	790	AOLDBAT2.jpg	AOLDBAT2.jpg	SPACE	835	NOKEY
1445551166731	0	lts_1022L_09_01	09	01	0	307	128	1	1	Hit	849	128-4/AOLDLIFE3.jpg	AOLDLIFE3.jpg	SPACE	886	SPACE
1445551169807	0	lts_1022L_09_01	09	01	0	308	0	0	0	CR	MAX	ABUGLE2.jpg	ABUGLE2.jpg	NOKEY	MAX	NOKEY
1445551172883	0	lts_1022L_09_01	09	01	0	309	0	0	0	CR	MAX	16/AANTCABL2.jpg	AANTCABL2.jpg	NOKEY	MAX	NOKEY
1445551175959	0	lts_1022L_09_01	09	01	0	310	0	0	0	CR	MAX	Astrawfan.jpg	Astrawfan.jpg	NOKEY	MAX	NOKEY
1445551179053	0	lts_1022L_09_01	09	01	0	311	0	0	0	CR	MAX	16/34936916.thl.jpg	34936916.thl.jpg	NOKEY	MAX	NOKEY
1445551180373	0	lts_1022L_09_01	09	01	0	312	64	1	1	Hit	838	64-first/Adolphin3.jpg	Adolphin3.jpg	SPACE	885	SPACE
1445551182029	0	lts_1022L_09_01	09	01	0	313	0	0	1	FA	1172	paintbrush03.jpg	paintbrush03.jpg	SPACE	1220	NOKEY
1445551183132	0	lts_1022L_09_01	09	01	0	314	2	1	1	Hit	617	2-mul/Adolphin3.jpg	Adolphin3.jpg	SPACE	668	SPACE
1445551186208	0	lts_1022L_09_01	09	01	0	315	0	0	0	CR	MAX	Aflower136.jpg	Aflower136.jpg	NOKEY	MAX	NOKEY
1445551187277	0	lts_1022L_09_01	09	01	0	316	32	1	1	Hit	587	32-9/Ababytableand.jpg	Ababytableand.jpg	SPACE	634	SPACE
1445551190353	0	lts_1022L_09_01	09	01	0	317	0	0	0	CR	MAX	2/ABUILDAR4.jpg	ABUILDAR4.jpg	NOKEY	MAX	NOKEY
1445551193446	0	lts_1022L_09_01	09	01	0	318	0	0	0	CR	MAX	64/Akitchentimer.jpg	Akitchentimer.jpg	NOKEY	MAX	NOKEY
1445551194633	0	lts_1022L_09_01	09	01	0	319	2	1	1	Hit	717	2-2/ABUILDAR4.jpg	ABUILDAR4.jpg	SPACE	754	SPACE
1445551197709	0	lts_1022L_09_01	09	01	0	320	0	0	0	CR	MAX	euthsda.jpg	euthsda.jpg	NOKEY	MAX	NOKEY
1445551200785	0	lts_1022L_09_01	09	01	0	321	0	0	0	CR	MAX	26374135.thl.jpg	26374135.thl.jpg	NOKEY	MAX	NOKEY
1445551203861	0	lts_1022L_09_01	09	01	0	322	0	0	0	CR	MAX	26461413.thl.jpg	26461413.thl.jpg	NOKEY	MAX	NOKEY
1445551206937	0	lts_1022L_09_01	09	01	0	323	0	0	0	CR	MAX	lollipops.jpg	lollipops.jpg	NOKEY	MAX	NOKEY
1445551208358	0	lts_1022L_09_01	09	01	0	324	0	0	1	FA	943	Aashtray67.jpg	Aashtray67.jpg	SPACE	986	NOKEY
1445551209729	0	lts_1022L_09_01	09	01	0	325	16	1	1	Hit	887	16-first/AANTCABL2.jpg	AANTCABL2.jpg	SPACE	936	SPACE
1445551212805	0	lts_1022L_09_01	09	01	0	326	0	0	0	CR	MAX	26373844.thl.jpg	26373844.thl.jpg	NOKEY	MAX	NOKEY
1445551213925	0	lts_1022L_09_01	09	01	0	327	16	1	1	Hit	637	16-first/34936916.thl.jpg	34936916.thl.jpg	SPACE	685	SPACE
1445551215197	0	lts_1022L_09_01	09	01	0	328	0	0	1	FA	796	8027086.thl.jpg	8027086.thl.jpg	SPACE	835	NOKEY
1445551216466	0	lts_1022L_09_01	09	01	0	329	4	1	1	Hit	790	4-mul/AANTCABL2.jpg	AANTCABL2.jpg	SPACE	836	SPACE
1445551219542	0	lts_1022L_09_01	09	01	0	330	0	0	0	CR	MAX	26370681.thl.jpg	26370681.thl.jpg	NOKEY	MAX	NOKEY
1445551220595	0	lts_1022L_09_01	09	01	0	331	4	1	1	Hit	575	4-mul/34936916.thl.jpg	34936916.thl.jpg	SPACE	619	SPACE
1445551223672	0	lts_1022L_09_01	09	01	0	332	0	0	0	CR	MAX	8/Atoyball.jpg	Atoyball.jpg	NOKEY	MAX	NOKEY
1445551226764	0	lts_1022L_09_01	09	01	0	333	0	0	0	CR	MAX	AJEWISHTA.jpg	AJEWISHTA.jpg	NOKEY	MAX	NOKEY
1445551229840	0	lts_1022L_09_01	09	01	0	334	0	0	0	CR	MAX	Acentipede4.jpg	Acentipede4.jpg	NOKEY	MAX	NOKEY
1445551232916	0	lts_1022L_09_01	09	01	0	335	0	0	0	CR	MAX	2/AFLUTE6.jpg	AFLUTE6.jpg	NOKEY	MAX	NOKEY
1445551235993	0	lts_1022L_09_01	09	01	0	336	0	0	0	CR	MAX	26433592.thl.jpg	26433592.thl.jpg	NOKEY	MAX	NOKEY
1445551236996	0	lts_1022L_09_01	09	01	0	337	2	1	1	Hit	529	2-8/AFLUTE6.jpg	AFLUTE6.jpg	SPACE	567	SPACE
1445551240073	0	lts_1022L_09_01	09	01	0	338	0	0	0	CR	MAX	Alampsanddes5.jpg	Alampsanddes5.jpg	NOKEY	MAX	NOKEY
1445551243149	0	lts_1022L_09_01	09	01	0	339	0	0	0	CR	MAX	8/Aclamp62.jpg	Aclamp62.jpg	NOKEY	MAX	NOKEY
1445551244269	0	lts_1022L_09_01	09	01	0	340	8	1	1	Hit	635	8-first/Atoyball.jpg	Atoyball.jpg	SPACE	685	SPACE
1445551247344	0	lts_1022L_09_01	09	01	0	341	0	0	0	CR	MAX	AWASHPART.jpg	AWASHPART.jpg	NOKEY	MAX	NOKEY
1445551248715	0	lts_1022L_09_01	09	01	0	342	0	0	1	FA	889	hammer01.jpg	hammer01.jpg	SPACE	937	NOKEY
1445551250103	0	lts_1022L_09_01	09	01	0	343	0	0	1	FA	902	bathtowel.jpg	bathtowel.jpg	SPACE	953	NOKEY
1445551251323	0	lts_1022L_09_01	09	01	0	344	4	1	1	Hit	739	4-mul/Atoyball.jpg	Atoyball.jpg	SPACE	785	SPACE
1445551254399	0	lts_1022L_09_01	09	01	0	345	0	0	0	CR	MAX	ACOFFTA18.jpg	ACOFFTA18.jpg	NOKEY	MAX	NOKEY
1445551257475	0	lts_1022L_09_01	09	01	0	346	0	0	0	CR	MAX	8/AGLASSBAL.jpg	AGLASSBAL.jpg	NOKEY	MAX	NOKEY
1445551258528	0	lts_1022L_09_01	09	01	0	347	8	1	1	Hit	585	8-first/Aclamp62.jpg	Aclamp62.jpg	SPACE	620	SPACE
1445551260117	0	lts_1022L_09_01	09	01	0	348	0	0	1	FA	1105	64/workbench.jpg	workbench.jpg	SPACE	1153	NOKEY
1445551261370	0	lts_1022L_09_01	09	01	0	349	2	1	1	Hit	782	2-mul/Aclamp62.jpg	Aclamp62.jpg	SPACE	818	SPACE
1445551264446	0	lts_1022L_09_01	09	01	0	350	0	0	0	CR	MAX	ATOOLS.jpg	ATOOLS.jpg	NOKEY	MAX	NOKEY
1445551267522	0	lts_1022L_09_01	09	01	0	351	0	0	0	CR	MAX	legoblocks.jpg	legoblocks.jpg	NOKEY	MAX	NOKEY
1445551270598	0	lts_1022L_09_01	09	01	0	352	0	0	0	CR	MAX	Acomputerpro3.jpg	Acomputerpro3.jpg	NOKEY	MAX	NOKEY
1445551273674	0	lts_1022L_09_01	09	01	0	353	0	0	0	CR	MAX	16/ABAGEL.jpg	ABAGEL.jpg	NOKEY	MAX	NOKEY
1445551274845	0	lts_1022L_09_01	09	01	0	354	8	1	1	Hit	687	8-0/AGLASSBAL.jpg	AGLASSBAL.jpg	SPACE	735	SPACE
1445551277921	0	lts_1022L_09_01	09	01	0	355	0	0	0	CR	MAX	ATRICKTR2.jpg	ATRICKTR2.jpg	NOKEY	MAX	NOKEY
1445551279342	0	lts_1022L_09_01	09	01	0	356	128	1	1	Hit	942	128-3/AHARPSIC5.jpg	AHARPSIC5.jpg	SPACE	987	SPACE
1445551282418	0	lts_1022L_09_01	09	01	0	357	0	0	0	CR	MAX	Atoyslide.jpg	Atoyslide.jpg	NOKEY	MAX	NOKEY
1445551285510	0	lts_1022L_09_01	09	01	0	358	0	0	0	CR	MAX	32/Acable14.jpg	Acable14.jpg	NOKEY	MAX	NOKEY
1445551288587	0	lts_1022L_09_01	09	01	0	359	0	0	0	CR	MAX	8256348.thl.jpg	8256348.thl.jpg	NOKEY	MAX	NOKEY
1445551291663	0	lts_1022L_09_01	09	01	0	360	0	0	0	CR	MAX	AROCKSHO2.jpg	AROCKSHO2.jpg	NOKEY	MAX	NOKEY
1445551294739	0	lts_1022L_09_01	09	01	0	361	0	0	0	CR	MAX	26373407.thl.jpg	26373407.thl.jpg	NOKEY	MAX	NOKEY
1445551297815	0	lts_1022L_09_01	09	01	0	362	0	0	0	CR	MAX	4/ASCREEN3.jpg	ASCREEN3.jpg	NOKEY	MAX	NOKEY
1445551300891	0	lts_1022L_09_01	09	01	0	363	0	0	0	CR	MAX	TTtvehiclesCyborg.jpg	TTtvehiclesCyborg.jpg	NOKEY	MAX	NOKEY
1445551303967	0	lts_1022L_09_01	09	01	0	364	0	0	0	CR	MAX	Aasianbuildin.jpg	Aasianbuildin.jpg	NOKEY	MAX	NOKEY
1445551307044	0	lts_1022L_09_01	09	01	0	365	0	0	0	CR	MAX	26423477.thl.jpg	26423477.thl.jpg	NOKEY	MAX	NOKEY
1445551308147	0	lts_1022L_09_01	09	01	0	366	4	1	1	Hit	626	4-5/ASCREEN3.jpg	ASCREEN3.jpg	SPACE	667	SPACE
1445551311223	0	lts_1022L_09_01	09	01	0	367	0	0	0	CR	MAX	ACHERRY.jpg	ACHERRY.jpg	NOKEY	MAX	NOKEY
1445551313046	0	lts_1022L_09_01	09	01	0	368	0	0	1	FA	1332	ABOX8.jpg	ABOX8.jpg	SPACE	1369	NOKEY
1445551314233	0	lts_1022L_09_01	09	01	0	369	16	1	1	Hit	714	16-first/ABAGEL.jpg	ABAGEL.jpg	SPACE	751	SPACE
1445551317308	0	lts_1022L_09_01	09	01	0	370	0	0	0	CR	MAX	Alifeves2.jpg	Alifeves2.jpg	NOKEY	MAX	NOKEY
1445551318294	0	lts_1022L_09_01	09	01	0	371	2	1	1	Hit	511	2-mul/ABAGEL.jpg	ABAGEL.jpg	SPACE	552	SPACE
1445551321370	0	lts_1022L_09_01	09	01	0	372	0	0	0	CR	MAX	Aornamentalt5.jpg	Aornamentalt5.jpg	NOKEY	MAX	NOKEY
1445551324446	0	lts_1022L_09_01	09	01	0	373	0	0	0	CR	MAX	Abar8.jpg	Abar8.jpg	NOKEY	MAX	NOKEY
1445551327522	0	lts_1022L_09_01	09	01	0	374	0	0	0	CR	MAX	26384554.thl.jpg	26384554.thl.jpg	NOKEY	MAX	NOKEY
1445551330598	0	lts_1022L_09_01	09	01	0	375	0	0	0	CR	MAX	Atoymerrygoro.jpg	Atoymerrygoro.jpg	NOKEY	MAX	NOKEY
1445551333674	0	lts_1022L_09_01	09	01	0	376	0	0	0	CR	MAX	Agiraffetoy3.jpg	Agiraffetoy3.jpg	NOKEY	MAX	NOKEY
1445551336750	0	lts_1022L_09_01	09	01	0	377	0	0	0	CR	MAX	64/Acamerabag.jpg	Acamerabag.jpg	NOKEY	MAX	NOKEY
1445551339843	0	lts_1022L_09_01	09	01	0	378	0	0	0	CR	MAX	Aspecimenbot5.jpg	Aspecimenbot5.jpg	NOKEY	MAX	NOKEY
1445551342919	0	lts_1022L_09_01	09	01	0	379	0	0	0	CR	MAX	AGARBIN.jpg	AGARBIN.jpg	NOKEY	MAX	NOKEY
1445551345995	0	lts_1022L_09_01	09	01	0	380	0	0	0	CR	MAX	AARMYTRUK.jpg	AARMYTRUK.jpg	NOKEY	MAX	NOKEY
1445551349072	0	lts_1022L_09_01	09	01	0	381	0	0	0	CR	MAX	trapezebars.jpg	trapezebars.jpg	NOKEY	MAX	NOKEY
1445551350276	0	lts_1022L_09_01	09	01	0	382	64	1	1	Hit	726	64-first/Akitchentimer.jpg	Akitchentimer.jpg	SPACE	768	SPACE
1445551353351	0	lts_1022L_09_01	09	01	0	383	0	0	0	CR	MAX	1/ABLACSUI3.jpg	ABLACSUI3.jpg	NOKEY	MAX	NOKEY
1445551354321	0	lts_1022L_09_01	09	01	0	384	1	1	1	Hit	494	1-0/ABLACSUI3.jpg	ABLACSUI3.jpg	SPACE	535	SPACE
1445551357397	0	lts_1022L_09_01	09	01	0	385	0	0	0	CR	MAX	32/AMEDCONTA.jpg	AMEDCONTA.jpg	NOKEY	MAX	NOKEY
1445551358483	0	lts_1022L_09_01	09	01	0	386	4	1	1	Hit	605	4-mul/Akitchentimer.jpg	Akitchentimer.jpg	SPACE	653	SPACE
1445551361560	0	lts_1022L_09_01	09	01	0	387	0	0	0	CR	MAX	36407726.thl.jpg	36407726.thl.jpg	NOKEY	MAX	NOKEY
1445551364636	0	lts_1022L_09_01	09	01	0	388	0	0	0	CR	MAX	AORGAN.jpg	AORGAN.jpg	NOKEY	MAX	NOKEY
1445551367728	0	lts_1022L_09_01	09	01	0	389	0	0	0	CR	MAX	D_stove.jpg	D_stove.jpg	NOKEY	MAX	NOKEY
1445551368966	0	lts_1022L_09_01	09	01	0	390	32	1	1	Hit	768	32-4/Acable14.jpg	Acable14.jpg	SPACE	802	SPACE
1445551372043	0	lts_1022L_09_01	09	01	0	391	0	0	0	CR	MAX	Apeanut3.jpg	Apeanut3.jpg	NOKEY	MAX	NOKEY
1445551375119	0	lts_1022L_09_01	09	01	0	392	0	0	0	CR	MAX	Agame3.jpg	Agame3.jpg	NOKEY	MAX	NOKEY
1445551378195	0	lts_1022L_09_01	09	01	0	393	0	0	0	CR	MAX	8250565.thl.jpg	8250565.thl.jpg	NOKEY	MAX	NOKEY
1445551381286	0	lts_1022L_09_01	09	01	0	394	0	0	0	CR	MAX	8/Aplasticbott3.jpg	Aplasticbott3.jpg	NOKEY	MAX	NOKEY
1445551384363	0	lts_1022L_09_01	09	01	0	395	0	0	0	CR	MAX	AMUSISTA2.jpg	AMUSISTA2.jpg	NOKEY	MAX	NOKEY
1445551387439	0	lts_1022L_09_01	09	01	0	396	0	0	0	CR	MAX	ASTEPPER.jpg	ASTEPPER.jpg	NOKEY	MAX	NOKEY
1445551390515	0	lts_1022L_09_01	09	01	0	397	0	0	0	CR	MAX	8/Aoilcan11.jpg	Aoilcan11.jpg	NOKEY	MAX	NOKEY
1445551393591	0	lts_1022L_09_01	09	01	0	398	0	0	0	CR	MAX	Arooster15.jpg	Arooster15.jpg	NOKEY	MAX	NOKEY
1445551396667	0	lts_1022L_09_01	09	01	0	399	0	0	0	CR	MAX	Amanatee2.jpg	Amanatee2.jpg	NOKEY	MAX	NOKEY
1445551399743	0	lts_1022L_09_01	09	01	0	400	0	0	0	CR	MAX	8018499.thl.jpg	8018499.thl.jpg	NOKEY	MAX	NOKEY
1445551402819	0	lts_1022L_09_01	09	01	0	401	0	0	0	CR	MAX	ASMOKMEAT.jpg	ASMOKMEAT.jpg	NOKEY	MAX	NOKEY
1445551403872	0	lts_1022L_09_01	09	01	0	402	8	1	1	Hit	571	8-1/Aplasticbott3.jpg	Aplasticbott3.jpg	SPACE	619	SPACE
1445551406948	0	lts_1022L_09_01	09	01	0	403	0	0	0	CR	MAX	4/ABABYPIN2.jpg	ABABYPIN2.jpg	NOKEY	MAX	NOKEY
1445551410025	0	lts_1022L_09_01	09	01	0	404	0	0	0	CR	MAX	Aglass58.jpg	Aglass58.jpg	NOKEY	MAX	NOKEY
1445551411179	0	lts_1022L_09_01	09	01	0	405	8	1	1	Hit	680	8-first/Aoilcan11.jpg	Aoilcan11.jpg	SPACE	718	SPACE
1445551414255	0	lts_1022L_09_01	09	01	0	406	0	0	0	CR	MAX	ASHEEP4.jpg	ASHEEP4.jpg	NOKEY	MAX	NOKEY
1445551415275	0	lts_1022L_09_01	09	01	0	407	4	1	1	Hit	548	4-12/ABABYPIN2.jpg	ABABYPIN2.jpg	SPACE	585	SPACE
1445551418350	0	lts_1022L_09_01	09	01	0	408	0	0	0	CR	MAX	donaldduck.jpg	donaldduck.jpg	NOKEY	MAX	NOKEY
1445551419403	0	lts_1022L_09_01	09	01	0	409	128	1	1	Hit	577	128-6/26372237.thl.jpg	26372237.thl.jpg	SPACE	619	SPACE
1445551420657	0	lts_1022L_09_01	09	01	0	410	0	0	1	FA	781	AICEAXE2.jpg	AICEAXE2.jpg	SPACE	820	NOKEY
1445551423733	0	lts_1022L_09_01	09	01	0	411	0	0	0	CR	MAX	8/Ateacherscert.jpg	Ateacherscert.jpg	NOKEY	MAX	NOKEY
1445551424803	0	lts_1022L_09_01	09	01	0	412	64	1	1	Hit	591	64-first/workbench.jpg	workbench.jpg	SPACE	636	SPACE
1445551427879	0	lts_1022L_09_01	09	01	0	413	0	0	0	CR	MAX	ALAB2.jpg	ALAB2.jpg	NOKEY	MAX	NOKEY
1445551430955	0	lts_1022L_09_01	09	01	0	414	0	0	0	CR	MAX	AJEWELBO3.jpg	AJEWELBO3.jpg	NOKEY	MAX	NOKEY
1445551434032	0	lts_1022L_09_01	09	01	0	415	0	0	0	CR	MAX	Ascroll7.jpg	Ascroll7.jpg	NOKEY	MAX	NOKEY
1445551437108	0	lts_1022L_09_01	09	01	0	416	0	0	0	CR	MAX	APUMPKI35.jpg	APUMPKI35.jpg	NOKEY	MAX	NOKEY
1445551438712	0	lts_1022L_09_01	09	01	0	417	32	1	1	Hit	1126	32-5/AMEDCONTA.jpg	AMEDCONTA.jpg	SPACE	1169	SPACE
1445551441805	0	lts_1022L_09_01	09	01	0	418	0	0	0	CR	MAX	ALAB13.jpg	ALAB13.jpg	NOKEY	MAX	NOKEY
1445551442825	0	lts_1022L_09_01	09	01	0	419	8	1	1	Hit	544	8-first/Ateacherscert.jpg	Ateacherscert.jpg	SPACE	585	SPACE
1445551445901	0	lts_1022L_09_01	09	01	0	420	0	0	0	CR	MAX	ACOOKCUTT.jpg	ACOOKCUTT.jpg	NOKEY	MAX	NOKEY
1445551446937	0	lts_1022L_09_01	09	01	0	421	16	1	1	Hit	554	16-mul/Aoilcan11.jpg	Aoilcan11.jpg	SPACE	602	SPACE
1445551450014	0	lts_1022L_09_01	09	01	0	422	0	0	0	CR	MAX	Asharktoy.jpg	Asharktoy.jpg	NOKEY	MAX	NOKEY
1445551451384	0	lts_1022L_09_01	09	01	0	423	4	1	1	Hit	885	4-mul/Ateacherscert.jpg	Ateacherscert.jpg	SPACE	935	SPACE
1445551454460	0	lts_1022L_09_01	09	01	0	424	0	0	0	CR	MAX	APEELER.jpg	APEELER.jpg	NOKEY	MAX	NOKEY
1445551457536	0	lts_1022L_09_01	09	01	0	425	0	0	0	CR	MAX	1/26421382.thl.jpg	26421382.thl.jpg	NOKEY	MAX	NOKEY
1445551458539	0	lts_1022L_09_01	09	01	0	426	1	1	1	Hit	529	1-13/26421382.thl.jpg	26421382.thl.jpg	SPACE	569	SPACE
1445551461615	0	lts_1022L_09_01	09	01	0	427	0	0	0	CR	MAX	4/ACLARINE5.jpg	ACLARINE5.jpg	NOKEY	MAX	NOKEY
1445551462602	0	lts_1022L_09_01	09	01	0	428	16	1	1	Hit	506	16-mul/workbench.jpg	workbench.jpg	SPACE	553	SPACE
1445551465678	0	lts_1022L_09_01	09	01	0	429	0	0	0	CR	MAX	Acookiecutte3.jpg	Acookiecutte3.jpg	NOKEY	MAX	NOKEY
1445551468754	0	lts_1022L_09_01	09	01	0	430	0	0	0	CR	MAX	26772824.thl.jpg	26772824.thl.jpg	NOKEY	MAX	NOKEY
1445551469723	0	lts_1022L_09_01	09	01	0	431	4	1	1	Hit	494	4-10/ACLARINE5.jpg	ACLARINE5.jpg	SPACE	535	SPACE
1445551472799	0	lts_1022L_09_01	09	01	0	432	0	0	0	CR	MAX	Abicyclebrak4.jpg	Abicyclebrak4.jpg	NOKEY	MAX	NOKEY
1445551475892	0	lts_1022L_09_01	09	01	0	433	0	0	0	CR	MAX	2/Ajesusstatue2.jpg	Ajesusstatue2.jpg	NOKEY	MAX	NOKEY
1445551477832	0	lts_1022L_09_01	09	01	0	434	0	0	1	FA	1461	APAGODAMO.jpg	APAGODAMO.jpg	SPACE	1504	NOKEY
1445551479070	0	lts_1022L_09_01	09	01	0	435	2	1	1	Hit	761	2-6/Ajesusstatue2.jpg	Ajesusstatue2.jpg	SPACE	802	SPACE
1445551482146	0	lts_1022L_09_01	09	01	0	436	0	0	0	CR	MAX	26427612.thl.jpg	26427612.thl.jpg	NOKEY	MAX	NOKEY
1445551485222	0	lts_1022L_09_01	09	01	0	437	0	0	0	CR	MAX	ABARBCHA3.jpg	ABARBCHA3.jpg	NOKEY	MAX	NOKEY
1445551488297	0	lts_1022L_09_01	09	01	0	438	0	0	0	CR	MAX	8058011.thl.jpg	8058011.thl.jpg	NOKEY	MAX	NOKEY
1445551491373	0	lts_1022L_09_01	09	01	0	439	0	0	0	CR	MAX	Aavocado7.jpg	Aavocado7.jpg	NOKEY	MAX	NOKEY
1445551494466	0	lts_1022L_09_01	09	01	0	440	0	0	0	CR	MAX	ALITERBOX.jpg	ALITERBOX.jpg	NOKEY	MAX	NOKEY
1445551496055	0	lts_1022L_09_01	09	01	0	441	64	1	1	Hit	1104	64-first/Acamerabag.jpg	Acamerabag.jpg	SPACE	1154	SPACE
1445551499131	0	lts_1022L_09_01	09	01	0	442	0	0	0	CR	MAX	Anailbrush3.jpg	Anailbrush3.jpg	NOKEY	MAX	NOKEY
1445551502207	0	lts_1022L_09_01	09	01	0	443	0	0	0	CR	MAX	AGOOSNEC2.jpg	AGOOSNEC2.jpg	NOKEY	MAX	NOKEY
1445551505282	0	lts_1022L_09_01	09	01	0	444	0	0	0	CR	MAX	ACURLIR13.jpg	ACURLIR13.jpg	NOKEY	MAX	NOKEY
1445551506385	0	lts_1022L_09_01	09	01	0	445	4	1	1	Hit	632	4-mul/Acamerabag.jpg	Acamerabag.jpg	SPACE	668	SPACE
1445551509462	0	lts_1022L_09_01	09	01	0	446	0	0	0	CR	MAX	1/Aspoonofsug11.jpg	Aspoonofsug11.jpg	NOKEY	MAX	NOKEY
1445551510531	0	lts_1022L_09_01	09	01	0	447	1	1	1	Hit	586	1-6/Aspoonofsug11.jpg	Aspoonofsug11.jpg	SPACE	636	SPACE
1445551513607	0	lts_1022L_09_01	09	01	0	448	0	0	0	CR	MAX	Atelephoneja2.jpg	Atelephoneja2.jpg	NOKEY	MAX	NOKEY
1445551516684	0	lts_1022L_09_01	09	01	0	449	0	0	0	CR	MAX	Arake4.jpg	Arake4.jpg	NOKEY	MAX	NOKEY
1445551542295	0	lts_1022L_09_01	09	01	1	0	0	0	0	CR	MAX	ATOASTOV2.jpg	ATOASTOV2.jpg	NOKEY	MAX	NOKEY
1445551545371	0	lts_1022L_09_01	09	01	1	1	0	0	0	CR	MAX	Aornament89.jpg	Aornament89.jpg	NOKEY	MAX	NOKEY
1445551548447	0	lts_1022L_09_01	09	01	1	2	0	0	0	CR	MAX	4/AWASHRACK.jpg	AWASHRACK.jpg	NOKEY	MAX	NOKEY
1445551551540	0	lts_1022L_09_01	09	01	1	3	0	0	0	CR	MAX	mangosplitter.jpg	mangosplitter.jpg	NOKEY	MAX	NOKEY
1445551554616	0	lts_1022L_09_01	09	01	1	4	0	0	0	CR	MAX	Afoodproces27.jpg	Afoodproces27.jpg	NOKEY	MAX	NOKEY
1445551557692	0	lts_1022L_09_01	09	01	1	5	0	0	0	CR	MAX	AFLOURSCO.jpg	AFLOURSCO.jpg	NOKEY	MAX	NOKEY
1445551559344	0	lts_1022L_09_01	09	01	1	6	4	1	1	Hit	1156	4-5/AWASHRACK.jpg	AWASHRACK.jpg	SPACE	1203	SPACE
1445551562437	0	lts_1022L_09_01	09	01	1	7	0	0	0	CR	MAX	AMALLET13.jpg	AMALLET13.jpg	NOKEY	MAX	NOKEY
1445551565513	0	lts_1022L_09_01	09	01	1	8	0	0	0	CR	MAX	64/Aelectronicg9.jpg	Aelectronicg9.jpg	NOKEY	MAX	NOKEY
1445551568589	0	lts_1022L_09_01	09	01	1	9	0	0	0	CR	MAX	1/23077768.thl.jpg	23077768.thl.jpg	NOKEY	MAX	NOKEY
1445551569609	0	lts_1022L_09_01	09	01	1	10	1	1	1	Hit	545	1-2/23077768.thl.jpg	23077768.thl.jpg	SPACE	586	SPACE
1445551572685	0	lts_1022L_09_01	09	01	1	11	0	0	0	CR	MAX	2/Aonewaysign2.jpg	Aonewaysign2.jpg	NOKEY	MAX	NOKEY
1445551575761	0	lts_1022L_09_01	09	01	1	12	0	0	0	CR	MAX	Achair611.jpg	Achair611.jpg	NOKEY	MAX	NOKEY
1445551576881	0	lts_1022L_09_01	09	01	1	13	2	1	1	Hit	639	2-11/Aonewaysign2.jpg	Aonewaysign2.jpg	SPACE	686	SPACE
1445551579957	0	lts_1022L_09_01	09	01	1	14	0	0	0	CR	MAX	16/Adog71.jpg	Adog71.jpg	NOKEY	MAX	NOKEY
1445551583034	0	lts_1022L_09_01	09	01	1	15	0	0	0	CR	MAX	Ametalstool2.jpg	Ametalstool2.jpg	NOKEY	MAX	NOKEY
1445551586110	0	lts_1022L_09_01	09	01	1	16	0	0	0	CR	MAX	2/kotsltd.jpg	kotsltd.jpg	NOKEY	MAX	NOKEY
1445551589186	0	lts_1022L_09_01	09	01	1	17	0	0	0	CR	MAX	26374055.thl.jpg	26374055.thl.jpg	NOKEY	MAX	NOKEY
1445551590991	0	lts_1022L_09_01	09	01	1	18	2	1	1	Hit	1326	2-12/kotsltd.jpg	kotsltd.jpg	SPACE	1369	SPACE
1445551594068	0	lts_1022L_09_01	09	01	1	19	0	0	0	CR	MAX	4/Abridge9.jpg	Abridge9.jpg	NOKEY	MAX	NOKEY
1445551597160	0	lts_1022L_09_01	09	01	1	20	0	0	0	CR	MAX	ABRANCHES.jpg	ABRANCHES.jpg	NOKEY	MAX	NOKEY
1445551600236	0	lts_1022L_09_01	09	01	1	21	0	0	0	CR	MAX	128/razorscooter.jpg	razorscooter.jpg	NOKEY	MAX	NOKEY
1445551603312	0	lts_1022L_09_01	09	01	1	22	0	0	0	CR	MAX	Aantiquejuke2.jpg	Aantiquejuke2.jpg	NOKEY	MAX	NOKEY
1445551604432	0	lts_1022L_09_01	09	01	1	23	4	1	1	Hit	634	4-1/Abridge9.jpg	Abridge9.jpg	SPACE	687	SPACE
1445551607508	0	lts_1022L_09_01	09	01	1	24	0	0	0	CR	MAX	Aadvcalen.jpg	Aadvcalen.jpg	NOKEY	MAX	NOKEY
1445551610584	0	lts_1022L_09_01	09	01	1	25	0	0	0	CR	MAX	8/batslcshi.jpg	batslcshi.jpg	NOKEY	MAX	NOKEY
1445551613660	0	lts_1022L_09_01	09	01	1	26	0	0	0	CR	MAX	16/Acatheter.jpg	Acatheter.jpg	NOKEY	MAX	NOKEY
1445551616736	0	lts_1022L_09_01	09	01	1	27	0	0	0	CR	MAX	8255981.thl.jpg	8255981.thl.jpg	NOKEY	MAX	NOKEY
1445551619812	0	lts_1022L_09_01	09	01	1	28	0	0	0	CR	MAX	26427609.thl.jpg	26427609.thl.jpg	NOKEY	MAX	NOKEY
1445551622888	0	lts_1022L_09_01	09	01	1	29	0	0	0	CR	MAX	Afirstaidkit3.jpg	Afirstaidkit3.jpg	NOKEY	MAX	NOKEY
1445551623874	0	lts_1022L_09_01	09	01	1	30	16	1	1	Hit	514	16-0/Adog71.jpg	Adog71.jpg	SPACE	551	SPACE
1445551626950	0	lts_1022L_09_01	09	01	1	31	0	0	0	CR	MAX	Aframedpainti.jpg	Aframedpainti.jpg	NOKEY	MAX	NOKEY
1445551628422	0	lts_1022L_09_01	09	01	1	32	0	0	1	FA	978	64/ATRIUMPH3.jpg	ATRIUMPH3.jpg	SPACE	1020	NOKEY
1445551629709	0	lts_1022L_09_01	09	01	1	33	8	1	1	Hit	803	8-first/batslcshi.jpg	batslcshi.jpg	SPACE	853	SPACE
1445551632785	0	lts_1022L_09_01	09	01	1	34	0	0	0	CR	MAX	8252024.thl.jpg	8252024.thl.jpg	NOKEY	MAX	NOKEY
1445551635861	0	lts_1022L_09_01	09	01	1	35	0	0	0	CR	MAX	64/ANAPRINGS.jpg	ANAPRINGS.jpg	NOKEY	MAX	NOKEY
1445551638937	0	lts_1022L_09_01	09	01	1	36	0	0	0	CR	MAX	32/26383637.thl.jpg	26383637.thl.jpg	NOKEY	MAX	NOKEY
1445551642014	0	lts_1022L_09_01	09	01	1	37	0	0	0	CR	MAX	26431848.thl.jpg	26431848.thl.jpg	NOKEY	MAX	NOKEY
1445551645090	0	lts_1022L_09_01	09	01	1	38	0	0	0	CR	MAX	AANTSTO12.jpg	AANTSTO12.jpg	NOKEY	MAX	NOKEY
1445551648166	0	lts_1022L_09_01	09	01	1	39	0	0	0	CR	MAX	AHUBBLE.jpg	AHUBBLE.jpg	NOKEY	MAX	NOKEY
1445551651242	0	lts_1022L_09_01	09	01	1	40	0	0	0	CR	MAX	Ajewisho2.jpg	Ajewisho2.jpg	NOKEY	MAX	NOKEY
1445551654318	0	lts_1022L_09_01	09	01	1	41	0	0	0	CR	MAX	26419689.thl.jpg	26419689.thl.jpg	NOKEY	MAX	NOKEY
1445551655872	0	lts_1022L_09_01	09	01	1	42	16	1	1	Hit	1072	16-first/Acatheter.jpg	Acatheter.jpg	SPACE	1120	SPACE
1445551658948	0	lts_1022L_09_01	09	01	1	43	0	0	0	CR	MAX	26423873.thl.jpg	26423873.thl.jpg	NOKEY	MAX	NOKEY
1445551662025	0	lts_1022L_09_01	09	01	1	44	0	0	0	CR	MAX	8/8055181.thl.jpg	8055181.thl.jpg	NOKEY	MAX	NOKEY
1445551665101	0	lts_1022L_09_01	09	01	1	45	0	0	0	CR	MAX	ACOFFTRA2.jpg	ACOFFTRA2.jpg	NOKEY	MAX	NOKEY
1445551668177	0	lts_1022L_09_01	09	01	1	46	0	0	0	CR	MAX	Achair618.jpg	Achair618.jpg	NOKEY	MAX	NOKEY
1445551671254	0	lts_1022L_09_01	09	01	1	47	0	0	0	CR	MAX	26374899.thl.jpg	26374899.thl.jpg	NOKEY	MAX	NOKEY
1445551674329	0	lts_1022L_09_01	09	01	1	48	0	0	0	CR	MAX	22859028.thl.jpg	22859028.thl.jpg	NOKEY	MAX	NOKEY
1445551675415	0	lts_1022L_09_01	09	01	1	49	16	1	1	Hit	602	16-mul/batslcshi.jpg	batslcshi.jpg	SPACE	652	SPACE
1445551678491	0	lts_1022L_09_01	09	01	1	50	0	0	0	CR	MAX	26434250.thl.jpg	26434250.thl.jpg	NOKEY	MAX	NOKEY
1445551681567	0	lts_1022L_09_01	09	01	1	51	0	0	0	CR	MAX	Amonitor10.jpg	Amonitor10.jpg	NOKEY	MAX	NOKEY
1445551682637	0	lts_1022L_09_01	09	01	1	52	8	1	1	Hit	596	8-first/8055181.thl.jpg	8055181.thl.jpg	SPACE	636	SPACE
1445551685713	0	lts_1022L_09_01	09	01	1	53	0	0	0	CR	MAX	Anotepad9.jpg	Anotepad9.jpg	NOKEY	MAX	NOKEY
1445551688789	0	lts_1022L_09_01	09	01	1	54	0	0	0	CR	MAX	nintendo.jpg	nintendo.jpg	NOKEY	MAX	NOKEY
1445551691866	0	lts_1022L_09_01	09	01	1	55	0	0	0	CR	MAX	8/ABLACKB12.jpg	ABLACKB12.jpg	NOKEY	MAX	NOKEY
1445551692852	0	lts_1022L_09_01	09	01	1	56	4	1	1	Hit	502	4-mul/8055181.thl.jpg	8055181.thl.jpg	SPACE	552	SPACE
1445551695928	0	lts_1022L_09_01	09	01	1	57	0	0	0	CR	MAX	AWEIGHT11.jpg	AWEIGHT11.jpg	NOKEY	MAX	NOKEY
1445551696914	0	lts_1022L_09_01	09	01	1	58	16	1	1	Hit	508	16-mul/Acatheter.jpg	Acatheter.jpg	SPACE	551	SPACE
1445551699990	0	lts_1022L_09_01	09	01	1	59	0	0	0	CR	MAX	pajamas.jpg	pajamas.jpg	NOKEY	MAX	NOKEY
1445551703067	0	lts_1022L_09_01	09	01	1	60	0	0	0	CR	MAX	AOLIVE.jpg	AOLIVE.jpg	NOKEY	MAX	NOKEY
1445551706144	0	lts_1022L_09_01	09	01	1	61	0	0	0	CR	MAX	ADENSYRIN.jpg	ADENSYRIN.jpg	NOKEY	MAX	NOKEY
1445551709219	0	lts_1022L_09_01	09	01	1	62	0	0	0	CR	MAX	ADECOSPO4.jpg	ADECOSPO4.jpg	NOKEY	MAX	NOKEY
1445551710256	0	lts_1022L_09_01	09	01	1	63	8	1	1	Hit	566	8-first/ABLACKB12.jpg	ABLACKB12.jpg	SPACE	601	SPACE
1445551713331	0	lts_1022L_09_01	09	01	1	64	0	0	0	CR	MAX	1/airbottle1.jpg	airbottle1.jpg	NOKEY	MAX	NOKEY
1445551714284	0	lts_1022L_09_01	09	01	1	65	1	1	1	Hit	477	1-3/airbottle1.jpg	airbottle1.jpg	SPACE	518	SPACE
1445551717360	0	lts_1022L_09_01	09	01	1	66	0	0	0	CR	MAX	AFULVOUST.jpg	AFULVOUST.jpg	NOKEY	MAX	NOKEY
1445551720436	0	lts_1022L_09_01	09	01	1	67	0	0	0	CR	MAX	ACAROUSE2.jpg	ACAROUSE2.jpg	NOKEY	MAX	NOKEY
1445551721606	0	lts_1022L_09_01	09	01	1	68	32	1	1	Hit	699	32-7/26383637.thl.jpg	26383637.thl.jpg	SPACE	736	SPACE
1445551724683	0	lts_1022L_09_01	09	01	1	69	0	0	0	CR	MAX	16/26439898.thl.jpg	26439898.thl.jpg	NOKEY	MAX	NOKEY
1445551727759	0	lts_1022L_09_01	09	01	1	70	0	0	0	CR	MAX	pinecone02.jpg	pinecone02.jpg	NOKEY	MAX	NOKEY
1445551730835	0	lts_1022L_09_01	09	01	1	71	0	0	0	CR	MAX	Acow60.jpg	Acow60.jpg	NOKEY	MAX	NOKEY
1445551731938	0	lts_1022L_09_01	09	01	1	72	64	1	1	Hit	621	64-first/Aelectronicg9.jpg	Aelectronicg9.jpg	SPACE	669	SPACE
1445551735015	0	lts_1022L_09_01	09	01	1	73	0	0	0	CR	MAX	ACOFGRIN2.jpg	ACOFGRIN2.jpg	NOKEY	MAX	NOKEY
1445551736152	0	lts_1022L_09_01	09	01	1	74	00	1	1	Hit	658	00-across/26425370.thl.jpg	26425370.thl.jpg	SPACE	701	SPACE
1445551739245	0	lts_1022L_09_01	09	01	1	75	0	0	0	CR	MAX	AGLASSTRO.jpg	AGLASSTRO.jpg	NOKEY	MAX	NOKEY
1445551740380	0	lts_1022L_09_01	09	01	1	76	4	1	1	Hit	663	4-mul/Aelectronicg9.jpg	Aelectronicg9.jpg	SPACE	701	SPACE
1445551743456	0	lts_1022L_09_01	09	01	1	77	0	0	0	CR	MAX	Akangarooandb.jpg	Akangarooandb.jpg	NOKEY	MAX	NOKEY
1445551746533	0	lts_1022L_09_01	09	01	1	78	0	0	0	CR	MAX	snowflake.jpg	snowflake.jpg	NOKEY	MAX	NOKEY
1445551747603	0	lts_1022L_09_01	09	01	1	79	16	1	1	Hit	599	16-mul/ABLACKB12.jpg	ABLACKB12.jpg	SPACE	636	SPACE
1445551750679	0	lts_1022L_09_01	09	01	1	80	0	0	0	CR	MAX	Atoychestfor3.jpg	Atoychestfor3.jpg	NOKEY	MAX	NOKEY
1445551753755	0	lts_1022L_09_01	09	01	1	81	0	0	0	CR	MAX	Anailpolish.jpg	Anailpolish.jpg	NOKEY	MAX	NOKEY
1445551756831	0	lts_1022L_09_01	09	01	1	82	0	0	0	CR	MAX	ASPACEHE8.jpg	ASPACEHE8.jpg	NOKEY	MAX	NOKEY
1445551759907	0	lts_1022L_09_01	09	01	1	83	0	0	0	CR	MAX	labyrinthe.jpg	labyrinthe.jpg	NOKEY	MAX	NOKEY
1445551762983	0	lts_1022L_09_01	09	01	1	84	0	0	0	CR	MAX	128/ABAGFLOU3.jpg	ABAGFLOU3.jpg	NOKEY	MAX	NOKEY
1445551764104	0	lts_1022L_09_01	09	01	1	85	16	1	1	Hit	642	16-first/26439898.thl.jpg	26439898.thl.jpg	SPACE	685	SPACE
1445551767180	0	lts_1022L_09_01	09	01	1	86	0	0	0	CR	MAX	35311992.thl.jpg	35311992.thl.jpg	NOKEY	MAX	NOKEY
1445551768150	0	lts_1022L_09_01	09	01	1	87	2	1	1	Hit	493	2-mul/26439898.thl.jpg	26439898.thl.jpg	SPACE	535	SPACE
1445551771226	0	lts_1022L_09_01	09	01	1	88	0	0	0	CR	MAX	2/23071000.thl.jpg	23071000.thl.jpg	NOKEY	MAX	NOKEY
1445551774301	0	lts_1022L_09_01	09	01	1	89	0	0	0	CR	MAX	4/AANGLEME2.jpg	AANGLEME2.jpg	NOKEY	MAX	NOKEY
1445551775321	0	lts_1022L_09_01	09	01	1	90	2	1	1	Hit	540	2-4/23071000.thl.jpg	23071000.thl.jpg	SPACE	585	SPACE
1445551778396	0	lts_1022L_09_01	09	01	1	91	0	0	0	CR	MAX	ACOMB5.jpg	ACOMB5.jpg	NOKEY	MAX	NOKEY
1445551781473	0	lts_1022L_09_01	09	01	1	92	0	0	0	CR	MAX	ADOMINO.jpg	ADOMINO.jpg	NOKEY	MAX	NOKEY
1445551782559	0	lts_1022L_09_01	09	01	1	93	4	1	1	Hit	614	4-4/AANGLEME2.jpg	AANGLEME2.jpg	SPACE	653	SPACE
1445551784215	0	lts_1022L_09_01	09	01	1	94	0	0	1	FA	1175	ACURLINGI.jpg	ACURLINGI.jpg	SPACE	1220	NOKEY
1445551787291	0	lts_1022L_09_01	09	01	1	95	0	0	0	CR	MAX	AMETALPER.jpg	AMETALPER.jpg	NOKEY	MAX	NOKEY
1445551788360	0	lts_1022L_09_01	09	01	1	96	64	1	1	Hit	599	64-first/ATRIUMPH3.jpg	ATRIUMPH3.jpg	SPACE	635	SPACE
1445551791436	0	lts_1022L_09_01	09	01	1	97	0	0	0	CR	MAX	Aacarthatsbe2.jpg	Aacarthatsbe2.jpg	NOKEY	MAX	NOKEY
1445551794512	0	lts_1022L_09_01	09	01	1	98	0	0	0	CR	MAX	QD-HEad.jpg	QD-HEad.jpg	NOKEY	MAX	NOKEY
1445551797589	0	lts_1022L_09_01	09	01	1	99	64	1	0	Miss	MAX	64-first/ANAPRINGS.jpg	ANAPRINGS.jpg	NOKEY	MAX	SPACE
1445551800665	0	lts_1022L_09_01	09	01	1	100	0	0	0	CR	MAX	16/Asunflower3.jpg	Asunflower3.jpg	NOKEY	MAX	NOKEY
1445551802020	0	lts_1022L_09_01	09	01	1	101	2	1	1	Hit	882	2-mul/ANAPRINGS.jpg	ANAPRINGS.jpg	SPACE	920	SPACE
1445551805096	0	lts_1022L_09_01	09	01	1	102	0	0	0	CR	MAX	ANECTARI3.jpg	ANECTARI3.jpg	NOKEY	MAX	NOKEY
1445551808172	0	lts_1022L_09_01	09	01	1	103	0	0	0	CR	MAX	ACAMPSTOO.jpg	ACAMPSTOO.jpg	NOKEY	MAX	NOKEY
1445551811248	0	lts_1022L_09_01	09	01	1	104	0	0	0	CR	MAX	AGUIRA.jpg	AGUIRA.jpg	NOKEY	MAX	NOKEY
1445551814323	0	lts_1022L_09_01	09	01	1	105	0	0	0	CR	MAX	2/Agnu.jpg	Agnu.jpg	NOKEY	MAX	NOKEY
1445551817399	0	lts_1022L_09_01	09	01	1	106	0	0	0	CR	MAX	ADRAWBRI3.jpg	ADRAWBRI3.jpg	NOKEY	MAX	NOKEY
1445551818603	0	lts_1022L_09_01	09	01	1	107	2	1	1	Hit	729	2-10/Agnu.jpg	Agnu.jpg	SPACE	770	SPACE
1445551821679	0	lts_1022L_09_01	09	01	1	108	0	0	0	CR	MAX	2/26440026.thl.jpg	26440026.thl.jpg	NOKEY	MAX	NOKEY
1445551824755	0	lts_1022L_09_01	09	01	1	109	0	0	0	CR	MAX	16/AHOSPBED.jpg	AHOSPBED.jpg	NOKEY	MAX	NOKEY
1445551825975	0	lts_1022L_09_01	09	01	1	110	2	1	1	Hit	741	2-3/26440026.thl.jpg	26440026.thl.jpg	SPACE	786	SPACE
1445551829052	0	lts_1022L_09_01	09	01	1	111	0	0	0	CR	MAX	8/AARTPLANT.jpg	AARTPLANT.jpg	NOKEY	MAX	NOKEY
1445551830172	0	lts_1022L_09_01	09	01	1	112	16	1	1	Hit	635	16-mul/ATRIUMPH3.jpg	ATRIUMPH3.jpg	SPACE	684	SPACE
1445551833249	0	lts_1022L_09_01	09	01	1	113	0	0	0	CR	MAX	Aqueenofspade.jpg	Aqueenofspade.jpg	NOKEY	MAX	NOKEY
1445551836324	0	lts_1022L_09_01	09	01	1	114	0	0	0	CR	MAX	APOTGOLD2.jpg	APOTGOLD2.jpg	NOKEY	MAX	NOKEY
1445551839400	0	lts_1022L_09_01	09	01	1	115	0	0	0	CR	MAX	23060574.thl.jpg	23060574.thl.jpg	NOKEY	MAX	NOKEY
1445551840470	0	lts_1022L_09_01	09	01	1	116	16	1	1	Hit	586	16-1/Asunflower3.jpg	Asunflower3.jpg	SPACE	637	SPACE
1445551843546	0	lts_1022L_09_01	09	01	1	117	0	0	0	CR	MAX	AFERRY5.jpg	AFERRY5.jpg	NOKEY	MAX	NOKEY
1445551846622	0	lts_1022L_09_01	09	01	1	118	0	0	0	CR	MAX	APASTA19.jpg	APASTA19.jpg	NOKEY	MAX	NOKEY
1445551847759	0	lts_1022L_09_01	09	01	1	119	8	1	1	Hit	657	8-0/AARTPLANT.jpg	AARTPLANT.jpg	SPACE	702	SPACE
1445551850835	0	lts_1022L_09_01	09	01	1	120	0	0	0	CR	MAX	26687931.thl.jpg	26687931.thl.jpg	NOKEY	MAX	NOKEY
1445551853911	0	lts_1022L_09_01	09	01	1	121	0	0	0	CR	MAX	2/26684827.thl.jpg	26684827.thl.jpg	NOKEY	MAX	NOKEY
1445551856987	0	lts_1022L_09_01	09	01	1	122	0	0	0	CR	MAX	Acrabwalking.jpg	Acrabwalking.jpg	NOKEY	MAX	NOKEY
1445551860014	0	lts_1022L_09_01	09	01	1	123	2	1	1	Hit	2544	2-0/26684827.thl.jpg	26684827.thl.jpg	SPACE	2591	SPACE
1445551863090	0	lts_1022L_09_01	09	01	1	124	0	0	0	CR	MAX	8026084.thl.jpg	8026084.thl.jpg	NOKEY	MAX	NOKEY
1445551864526	0	lts_1022L_09_01	09	01	1	125	16	1	1	Hit	964	16-first/AHOSPBED.jpg	AHOSPBED.jpg	SPACE	1003	SPACE
1445551867603	0	lts_1022L_09_01	09	01	1	126	0	0	0	CR	MAX	handcomputerN.JPG	handcomputerN.JPG	NOKEY	MAX	NOKEY
1445551870679	0	lts_1022L_09_01	09	01	1	127	0	0	0	CR	MAX	4/A_flower.jpg	A_flower.jpg	NOKEY	MAX	NOKEY
1445551873755	0	lts_1022L_09_01	09	01	1	128	0	0	0	CR	MAX	Afrenchtoast5.jpg	Afrenchtoast5.jpg	NOKEY	MAX	NOKEY
1445551875110	0	lts_1022L_09_01	09	01	1	129	4	1	1	Hit	882	4-mul/AHOSPBED.jpg	AHOSPBED.jpg	SPACE	920	SPACE
1445551878203	0	lts_1022L_09_01	09	01	1	130	0	0	0	CR	MAX	AICEUBETR.jpg	AICEUBETR.jpg	NOKEY	MAX	NOKEY
1445551879305	0	lts_1022L_09_01	09	01	1	131	4	1	1	Hit	625	4-3/A_flower.jpg	A_flower.jpg	SPACE	668	SPACE
1445551882381	0	lts_1022L_09_01	09	01	1	132	0	0	0	CR	MAX	8/APICKLES6.jpg	APICKLES6.jpg	NOKEY	MAX	NOKEY
1445551885474	0	lts_1022L_09_01	09	01	1	133	0	0	0	CR	MAX	ASATELLIT.jpg	ASATELLIT.jpg	NOKEY	MAX	NOKEY
1445551888550	0	lts_1022L_09_01	09	01	1	134	0	0	0	CR	MAX	blueflatbox.jpg	blueflatbox.jpg	NOKEY	MAX	NOKEY
1445551891626	0	lts_1022L_09_01	09	01	1	135	0	0	0	CR	MAX	2/ASHAMPO2.jpg	ASHAMPO2.jpg	NOKEY	MAX	NOKEY
1445551894702	0	lts_1022L_09_01	09	01	1	136	0	0	0	CR	MAX	Ascientifice6.jpg	Ascientifice6.jpg	NOKEY	MAX	NOKEY
1445551895889	0	lts_1022L_09_01	09	01	1	137	2	1	1	Hit	712	2-9/ASHAMPO2.jpg	ASHAMPO2.jpg	SPACE	753	SPACE
1445551898965	0	lts_1022L_09_01	09	01	1	138	0	0	0	CR	MAX	ASWANWHIT.jpg	ASWANWHIT.jpg	NOKEY	MAX	NOKEY
1445551902042	0	lts_1022L_09_01	09	01	1	139	0	0	0	CR	MAX	22856256.thl.jpg	22856256.thl.jpg	NOKEY	MAX	NOKEY
1445551903079	0	lts_1022L_09_01	09	01	1	140	8	1	1	Hit	563	8-first/APICKLES6.jpg	APICKLES6.jpg	SPACE	601	SPACE
1445551906155	0	lts_1022L_09_01	09	01	1	141	0	0	0	CR	MAX	Aicecrusher2.jpg	Aicecrusher2.jpg	NOKEY	MAX	NOKEY
1445551907191	0	lts_1022L_09_01	09	01	1	142	2	1	1	Hit	563	2-mul/APICKLES6.jpg	APICKLES6.jpg	SPACE	601	SPACE
1445551910283	0	lts_1022L_09_01	09	01	1	143	0	0	0	CR	MAX	cinnamonroll.jpg	cinnamonroll.jpg	NOKEY	MAX	NOKEY
1445551911436	0	lts_1022L_09_01	09	01	1	144	00	1	1	Hit	670	00-across/23048010.thl.jpg	23048010.thl.jpg	SPACE	720	SPACE
1445551914513	0	lts_1022L_09_01	09	01	1	145	0	0	0	CR	MAX	cough_medicine.jpg	cough_medicine.jpg	NOKEY	MAX	NOKEY
1445551917589	0	lts_1022L_09_01	09	01	1	146	0	0	0	CR	MAX	ACENTRIF5.jpg	ACENTRIF5.jpg	NOKEY	MAX	NOKEY
1445551920665	0	lts_1022L_09_01	09	01	1	147	0	0	0	CR	MAX	AELEMENT3.jpg	AELEMENT3.jpg	NOKEY	MAX	NOKEY
1445551923741	0	lts_1022L_09_01	09	01	1	148	0	0	0	CR	MAX	Apants8.jpg	Apants8.jpg	NOKEY	MAX	NOKEY
1445551924911	0	lts_1022L_09_01	09	01	1	149	128	1	1	Hit	698	128-3/razorscooter.jpg	razorscooter.jpg	SPACE	736	SPACE
1445551927987	0	lts_1022L_09_01	09	01	1	150	0	0	0	CR	MAX	16/Akitchentool2.jpg	Akitchentool2.jpg	NOKEY	MAX	NOKEY
1445551931064	0	lts_1022L_09_01	09	01	1	151	0	0	0	CR	MAX	ASTEAMER.jpg	ASTEAMER.jpg	NOKEY	MAX	NOKEY
1445551934140	0	lts_1022L_09_01	09	01	1	152	0	0	0	CR	MAX	32/AWOODSPAT.jpg	AWOODSPAT.jpg	NOKEY	MAX	NOKEY
1445551935527	0	lts_1022L_09_01	09	01	1	153	0	0	1	FA	915	8/26392231.thl.jpg	26392231.thl.jpg	SPACE	953	NOKEY
1445551938603	0	lts_1022L_09_01	09	01	1	154	0	0	0	CR	MAX	ASAFE.jpg	ASAFE.jpg	NOKEY	MAX	NOKEY
1445551941679	0	lts_1022L_09_01	09	01	1	155	0	0	0	CR	MAX	32/Apowerbar7.jpg	Apowerbar7.jpg	NOKEY	MAX	NOKEY
1445551944755	0	lts_1022L_09_01	09	01	1	156	0	0	0	CR	MAX	26387436.thl.jpg	26387436.thl.jpg	NOKEY	MAX	NOKEY
1445551947831	0	lts_1022L_09_01	09	01	1	157	0	0	0	CR	MAX	AFISH20.jpg	AFISH20.jpg	NOKEY	MAX	NOKEY
1445551950907	0	lts_1022L_09_01	09	01	1	158	0	0	0	CR	MAX	23065398.thl.jpg	23065398.thl.jpg	NOKEY	MAX	NOKEY
1445551953983	0	lts_1022L_09_01	09	01	1	159	0	0	0	CR	MAX	A52ZX.jpg	A52ZX.jpg	NOKEY	MAX	NOKEY
1445551957060	0	lts_1022L_09_01	09	01	1	160	0	0	0	CR	MAX	Aglassbottle6.jpg	Aglassbottle6.jpg	NOKEY	MAX	NOKEY
1445551958798	0	lts_1022L_09_01	09	01	1	161	8	1	1	Hit	1268	8-2/26392231.thl.jpg	26392231.thl.jpg	SPACE	1303	SPACE
1445551961874	0	lts_1022L_09_01	09	01	1	162	0	0	0	CR	MAX	2/Abicycleglove.jpg	Abicycleglove.jpg	NOKEY	MAX	NOKEY
1445551964950	0	lts_1022L_09_01	09	01	1	163	0	0	0	CR	MAX	64/AWATERING.jpg	AWATERING.jpg	NOKEY	MAX	NOKEY
1445551966304	0	lts_1022L_09_01	09	01	1	164	2	1	1	Hit	870	2-2/Abicycleglove.jpg	Abicycleglove.jpg	SPACE	919	SPACE
1445551969380	0	lts_1022L_09_01	09	01	1	165	0	0	0	CR	MAX	26419324.thl.jpg	26419324.thl.jpg	NOKEY	MAX	NOKEY
1445551970684	0	lts_1022L_09_01	09	01	1	166	16	1	1	Hit	833	16-first/Akitchentool2.jpg	Akitchentool2.jpg	SPACE	870	SPACE
1445551973760	0	lts_1022L_09_01	09	01	1	167	0	0	0	CR	MAX	4/26460317.thl.jpg	26460317.thl.jpg	NOKEY	MAX	NOKEY
1445551974747	0	lts_1022L_09_01	09	01	1	168	2	1	1	Hit	513	2-mul/Akitchentool2.jpg	Akitchentool2.jpg	SPACE	551	SPACE
1445551977823	0	lts_1022L_09_01	09	01	1	169	0	0	0	CR	MAX	ADOCKPOST.jpg	ADOCKPOST.jpg	NOKEY	MAX	NOKEY
1445551980915	0	lts_1022L_09_01	09	01	1	170	0	0	0	CR	MAX	ADRYRACK2.jpg	ADRYRACK2.jpg	NOKEY	MAX	NOKEY
1445551982254	0	lts_1022L_09_01	09	01	1	171	4	1	1	Hit	853	4-8/26460317.thl.jpg	26460317.thl.jpg	SPACE	903	SPACE
1445551985329	0	lts_1022L_09_01	09	01	1	172	0	0	0	CR	MAX	2/AMEATGRI9.jpg	AMEATGRI9.jpg	NOKEY	MAX	NOKEY
1445551988405	0	lts_1022L_09_01	09	01	1	173	0	0	0	CR	MAX	Aboots56.jpg	Aboots56.jpg	NOKEY	MAX	NOKEY
1445551989692	0	lts_1022L_09_01	09	01	1	174	2	1	1	Hit	807	2-1/AMEATGRI9.jpg	AMEATGRI9.jpg	SPACE	854	SPACE
1445551992768	0	lts_1022L_09_01	09	01	1	175	0	0	0	CR	MAX	26439297.thl.jpg	26439297.thl.jpg	NOKEY	MAX	NOKEY
1445551995844	0	lts_1022L_09_01	09	01	1	176	0	0	0	CR	MAX	8244991.thl.jpg	8244991.thl.jpg	NOKEY	MAX	NOKEY
1445551998921	0	lts_1022L_09_01	09	01	1	177	0	0	0	CR	MAX	32/ACUTBOAR2.jpg	ACUTBOAR2.jpg	NOKEY	MAX	NOKEY
1445552002014	0	lts_1022L_09_01	09	01	1	178	0	0	0	CR	MAX	Asign7.jpg	Asign7.jpg	NOKEY	MAX	NOKEY
1445552003151	0	lts_1022L_09_01	09	01	1	179	0	0	1	FA	651	ACLOWSTE5.jpg	ACLOWSTE5.jpg	SPACE	701	NOKEY
1445552006227	0	lts_1022L_09_01	09	01	1	180	0	0	0	CR	MAX	128/Agrilledmeata.jpg	Agrilledmeata.jpg	NOKEY	MAX	NOKEY
1445552009302	0	lts_1022L_09_01	09	01	1	181	0	0	0	CR	MAX	1/AGERMANH4.jpg	AGERMANH4.jpg	NOKEY	MAX	NOKEY
1445552010506	0	lts_1022L_09_01	09	01	1	182	1	1	1	Hit	730	1-8/AGERMANH4.jpg	AGERMANH4.jpg	SPACE	770	SPACE
1445552013599	0	lts_1022L_09_01	09	01	1	183	0	0	0	CR	MAX	16/26374803.thl.jpg	26374803.thl.jpg	NOKEY	MAX	NOKEY
1445552014719	0	lts_1022L_09_01	09	01	1	184	32	1	1	Hit	641	32-8/AWOODSPAT.jpg	AWOODSPAT.jpg	SPACE	686	SPACE
1445552017795	0	lts_1022L_09_01	09	01	1	185	0	0	0	CR	MAX	16/fullbucket.jpg	fullbucket.jpg	NOKEY	MAX	NOKEY
1445552020871	0	lts_1022L_09_01	09	01	1	186	0	0	0	CR	MAX	32/stickersparty.jpg	stickersparty.jpg	NOKEY	MAX	NOKEY
1445552021941	0	lts_1022L_09_01	09	01	1	187	32	1	1	Hit	592	32-1/Apowerbar7.jpg	Apowerbar7.jpg	SPACE	636	SPACE
1445552025018	0	lts_1022L_09_01	09	01	1	188	0	0	0	CR	MAX	64/Acablelatch.jpg	Acablelatch.jpg	NOKEY	MAX	NOKEY
1445552028094	0	lts_1022L_09_01	09	01	1	189	0	0	0	CR	MAX	APAINTJ11.jpg	APAINTJ11.jpg	NOKEY	MAX	NOKEY
1445552029748	0	lts_1022L_09_01	09	01	1	190	00	1	1	Hit	1184	00-across/Acartofgroce3.jpg	Acartofgroce3.jpg	SPACE	1219	SPACE
1445552032623	0	lts_1022L_09_01	09	01	1	191	0	0	1	FA	2375	AREDPLUM.jpg	AREDPLUM.jpg	SPACE	2425	NOKEY
1445552035700	0	lts_1022L_09_01	09	01	1	192	0	0	0	CR	MAX	ABLOODCEA.jpg	ABLOODCEA.jpg	NOKEY	MAX	NOKEY
1445552038776	0	lts_1022L_09_01	09	01	1	193	0	0	0	CR	MAX	AWEDCOU19.jpg	AWEDCOU19.jpg	NOKEY	MAX	NOKEY
1445552041852	0	lts_1022L_09_01	09	01	1	194	0	0	0	CR	MAX	2/26432760.thl.jpg	26432760.thl.jpg	NOKEY	MAX	NOKEY
1445552044928	0	lts_1022L_09_01	09	01	1	195	0	0	0	CR	MAX	26420893.thl.jpg	26420893.thl.jpg	NOKEY	MAX	NOKEY
1445552048005	0	lts_1022L_09_01	09	01	1	196	2	1	0	Miss	MAX	2-5/26432760.thl.jpg	26432760.thl.jpg	NOKEY	MAX	SPACE
1445552051081	0	lts_1022L_09_01	09	01	1	197	0	0	0	CR	MAX	AHEATER3.jpg	AHEATER3.jpg	NOKEY	MAX	NOKEY
1445552054157	0	lts_1022L_09_01	09	01	1	198	0	0	0	CR	MAX	Acartonofegg3.jpg	Acartonofegg3.jpg	NOKEY	MAX	NOKEY
1445552057233	0	lts_1022L_09_01	09	01	1	199	16	1	0	Miss	MAX	16-first/26374803.thl.jpg	26374803.thl.jpg	NOKEY	MAX	SPACE
1445552060308	0	lts_1022L_09_01	09	01	1	200	0	0	0	CR	MAX	Agolfplaque.jpg	Agolfplaque.jpg	NOKEY	MAX	NOKEY
1445552061495	0	lts_1022L_09_01	09	01	1	201	16	1	1	Hit	706	16-first/fullbucket.jpg	fullbucket.jpg	SPACE	754	SPACE
1445552064571	0	lts_1022L_09_01	09	01	1	202	0	0	0	CR	MAX	ABOOK23.jpg	ABOOK23.jpg	NOKEY	MAX	NOKEY
1445552067647	0	lts_1022L_09_01	09	01	1	203	0	0	0	CR	MAX	4/ARCMPPOL2.jpg	ARCMPPOL2.jpg	NOKEY	MAX	NOKEY
1445552070723	0	lts_1022L_09_01	09	01	1	204	0	0	0	CR	MAX	ABROOCH41.jpg	ABROOCH41.jpg	NOKEY	MAX	NOKEY
1445552071643	0	lts_1022L_09_01	09	01	1	205	4	1	1	Hit	450	4-mul/fullbucket.jpg	fullbucket.jpg	SPACE	486	SPACE
1445552074719	0	lts_1022L_09_01	09	01	1	206	0	0	0	CR	MAX	32/22855536.thl.jpg	22855536.thl.jpg	NOKEY	MAX	NOKEY
1445552075822	0	lts_1022L_09_01	09	01	1	207	4	1	1	Hit	628	4-12/ARCMPPOL2.jpg	ARCMPPOL2.jpg	SPACE	669	SPACE
1445552078898	0	lts_1022L_09_01	09	01	1	208	0	0	0	CR	MAX	16/26429130.thl.jpg	26429130.thl.jpg	NOKEY	MAX	NOKEY
1445552079951	0	lts_1022L_09_01	09	01	1	209	32	1	1	Hit	579	32-5/ACUTBOAR2.jpg	ACUTBOAR2.jpg	SPACE	618	SPACE
1445552083028	0	lts_1022L_09_01	09	01	1	210	0	0	0	CR	MAX	Aflowerpot9.jpg	Aflowerpot9.jpg	NOKEY	MAX	NOKEY
1445552086105	0	lts_1022L_09_01	09	01	1	211	0	0	0	CR	MAX	Alintbrush2.jpg	Alintbrush2.jpg	NOKEY	MAX	NOKEY
1445552087458	0	lts_1022L_09_01	09	01	1	212	128	1	1	Hit	857	128-0/ABAGFLOU3.jpg	ABAGFLOU3.jpg	SPACE	903	SPACE
1445552090534	0	lts_1022L_09_01	09	01	1	213	0	0	0	CR	MAX	26429137.thl.jpg	26429137.thl.jpg	NOKEY	MAX	NOKEY
1445552093627	0	lts_1022L_09_01	09	01	1	214	0	0	0	CR	MAX	22923068.thl.jpg	22923068.thl.jpg	NOKEY	MAX	NOKEY
1445552094680	0	lts_1022L_09_01	09	01	1	215	16	1	1	Hit	568	16-mul/26374803.thl.jpg	26374803.thl.jpg	SPACE	620	SPACE
1445552097756	0	lts_1022L_09_01	09	01	1	216	0	0	0	CR	MAX	underwear.jpg	underwear.jpg	NOKEY	MAX	NOKEY
1445552100832	0	lts_1022L_09_01	09	01	1	217	0	0	0	CR	MAX	128/Aabacus.jpg	Aabacus.jpg	NOKEY	MAX	NOKEY
1445552101902	0	lts_1022L_09_01	09	01	1	218	32	1	1	Hit	600	32-0/stickersparty.jpg	stickersparty.jpg	SPACE	636	SPACE
1445552104978	0	lts_1022L_09_01	09	01	1	219	0	0	0	CR	MAX	AMOUSETOY.jpg	AMOUSETOY.jpg	NOKEY	MAX	NOKEY
1445552108055	0	lts_1022L_09_01	09	01	1	220	0	0	0	CR	MAX	ABOWARRO8.jpg	ABOWARRO8.jpg	NOKEY	MAX	NOKEY
1445552111131	0	lts_1022L_09_01	09	01	1	221	0	0	0	CR	MAX	ABISHOP2.jpg	ABISHOP2.jpg	NOKEY	MAX	NOKEY
1445552114207	0	lts_1022L_09_01	09	01	1	222	0	0	0	CR	MAX	32/ABAKBRUS2.jpg	ABAKBRUS2.jpg	NOKEY	MAX	NOKEY
1445552117282	0	lts_1022L_09_01	09	01	1	223	0	0	0	CR	MAX	Areindeer2.jpg	Areindeer2.jpg	NOKEY	MAX	NOKEY
1445552118452	0	lts_1022L_09_01	09	01	1	224	16	1	1	Hit	693	16-first/26429130.thl.jpg	26429130.thl.jpg	SPACE	736	SPACE
1445552121528	0	lts_1022L_09_01	09	01	1	225	0	0	0	CR	MAX	ACIGARCU3.jpg	ACIGARCU3.jpg	NOKEY	MAX	NOKEY
1445552124605	0	lts_1022L_09_01	09	01	1	226	0	0	0	CR	MAX	4/10049464.thl.jpg	10049464.thl.jpg	NOKEY	MAX	NOKEY
1445552127681	0	lts_1022L_09_01	09	01	1	227	64	1	0	Miss	MAX	64-first/AWATERING.jpg	AWATERING.jpg	NOKEY	MAX	SPACE
1445552130189	0	lts_1022L_09_01	09	01	1	228	0	0	1	FA	2029	AANGLE.jpg	AANGLE.jpg	SPACE	2073	NOKEY
1445552133265	0	lts_1022L_09_01	09	01	1	229	0	0	0	CR	MAX	Alaundrybask5.jpg	Alaundrybask5.jpg	NOKEY	MAX	NOKEY
1445552136340	0	lts_1022L_09_01	09	01	1	230	4	1	0	Miss	MAX	4-9/10049464.thl.jpg	10049464.thl.jpg	NOKEY	MAX	SPACE
1445552139417	0	lts_1022L_09_01	09	01	1	231	0	0	0	CR	MAX	4/ARIBBON9.jpg	ARIBBON9.jpg	NOKEY	MAX	NOKEY
1445552142493	0	lts_1022L_09_01	09	01	1	232	0	0	0	CR	MAX	Atripod5.jpg	Atripod5.jpg	NOKEY	MAX	NOKEY
1445552145569	0	lts_1022L_09_01	09	01	1	233	0	0	0	CR	MAX	Alifebuo3.jpg	Alifebuo3.jpg	NOKEY	MAX	NOKEY
1445552148645	0	lts_1022L_09_01	09	01	1	234	0	0	0	CR	MAX	Acomputerdes8.jpg	Acomputerdes8.jpg	NOKEY	MAX	NOKEY
1445552149765	0	lts_1022L_09_01	09	01	1	235	4	1	1	Hit	639	4-7/ARIBBON9.jpg	ARIBBON9.jpg	SPACE	686	SPACE
1445552152841	0	lts_1022L_09_01	09	01	1	236	0	0	0	CR	MAX	AHANDPRE3.jpg	AHANDPRE3.jpg	NOKEY	MAX	NOKEY
1445552155917	0	lts_1022L_09_01	09	01	1	237	0	0	0	CR	MAX	ACAT6.jpg	ACAT6.jpg	NOKEY	MAX	NOKEY
1445552157055	0	lts_1022L_09_01	09	01	1	238	32	1	1	Hit	652	32-9/22855536.thl.jpg	22855536.thl.jpg	SPACE	703	SPACE
1445552160131	0	lts_1022L_09_01	09	01	1	239	0	0	0	CR	MAX	64/Asaxophone.jpg	Asaxophone.jpg	NOKEY	MAX	NOKEY
1445552161283	0	lts_1022L_09_01	09	01	1	240	16	1	1	Hit	668	16-mul/26429130.thl.jpg	26429130.thl.jpg	SPACE	718	SPACE
1445552164359	0	lts_1022L_09_01	09	01	1	241	0	0	0	CR	MAX	Atrap4.jpg	Atrap4.jpg	NOKEY	MAX	NOKEY
1445552167435	0	lts_1022L_09_01	09	01	1	242	0	0	0	CR	MAX	128/AANTIQTHE.jpg	AANTIQTHE.jpg	NOKEY	MAX	NOKEY
1445552168572	0	lts_1022L_09_01	09	01	1	243	16	1	1	Hit	661	16-mul/AWATERING.jpg	AWATERING.jpg	SPACE	703	SPACE
1445552171648	0	lts_1022L_09_01	09	01	1	244	0	0	0	CR	MAX	ABATHTAP.jpg	ABATHTAP.jpg	NOKEY	MAX	NOKEY
1445552174724	0	lts_1022L_09_01	09	01	1	245	0	0	0	CR	MAX	Atoyfurnitu14.jpg	Atoyfurnitu14.jpg	NOKEY	MAX	NOKEY
1445552177800	0	lts_1022L_09_01	09	01	1	246	0	0	0	CR	MAX	26372390.thl.jpg	26372390.thl.jpg	NOKEY	MAX	NOKEY
1445552180877	0	lts_1022L_09_01	09	01	1	247	0	0	0	CR	MAX	Alanter59.jpg	Alanter59.jpg	NOKEY	MAX	NOKEY
1445552183953	0	lts_1022L_09_01	09	01	1	248	0	0	0	CR	MAX	Agiraffe15.jpg	Agiraffe15.jpg	NOKEY	MAX	NOKEY
1445552187030	0	lts_1022L_09_01	09	01	1	249	0	0	0	CR	MAX	APOKCHIP4.jpg	APOKCHIP4.jpg	NOKEY	MAX	NOKEY
1445552190106	0	lts_1022L_09_01	09	01	1	250	0	0	0	CR	MAX	128/22827408.thl.jpg	22827408.thl.jpg	NOKEY	MAX	NOKEY
1445552192428	0	lts_1022L_09_01	09	01	1	251	0	0	1	FA	1842	Aseal3.jpg	Aseal3.jpg	SPACE	1889	NOKEY
1445552193933	0	lts_1022L_09_01	09	01	1	252	64	1	1	Hit	1022	64-first/Acablelatch.jpg	Acablelatch.jpg	SPACE	1070	SPACE
1445552197027	0	lts_1022L_09_01	09	01	1	253	0	0	0	CR	MAX	Achocolateice.jpg	Achocolateice.jpg	NOKEY	MAX	NOKEY
1445552198197	0	lts_1022L_09_01	09	01	1	254	32	1	1	Hit	687	32-2/ABAKBRUS2.jpg	ABAKBRUS2.jpg	SPACE	735	SPACE
1445552201273	0	lts_1022L_09_01	09	01	1	255	0	0	0	CR	MAX	ATEARDROP.jpg	ATEARDROP.jpg	NOKEY	MAX	NOKEY
1445552204348	0	lts_1022L_09_01	09	01	1	256	0	0	0	CR	MAX	64/Ababycup2.jpg	Ababycup2.jpg	NOKEY	MAX	NOKEY
1445552205468	0	lts_1022L_09_01	09	01	1	257	00	1	1	Hit	652	00-across/DSCN3757-sm.jpg	DSCN3757-sm.jpg	SPACE	686	SPACE
1445552208544	0	lts_1022L_09_01	09	01	1	258	0	0	0	CR	MAX	ARICE2.jpg	ARICE2.jpg	NOKEY	MAX	NOKEY
1445552211620	0	lts_1022L_09_01	09	01	1	259	0	0	0	CR	MAX	2/acquarium.jpg	acquarium.jpg	NOKEY	MAX	NOKEY
1445552214697	0	lts_1022L_09_01	09	01	1	260	0	0	0	CR	MAX	26377601.thl.jpg	26377601.thl.jpg	NOKEY	MAX	NOKEY
1445552215783	0	lts_1022L_09_01	09	01	1	261	2	1	1	Hit	616	2-13/acquarium.jpg	acquarium.jpg	SPACE	652	SPACE
1445552217472	0	lts_1022L_09_01	09	01	1	262	0	0	1	FA	1208	1/AKETTLE35.jpg	AKETTLE35.jpg	SPACE	1255	NOKEY
1445552218909	0	lts_1022L_09_01	09	01	1	263	1	1	1	Hit	956	1-1/AKETTLE35.jpg	AKETTLE35.jpg	SPACE	1003	SPACE
1445552222003	0	lts_1022L_09_01	09	01	1	264	0	0	0	CR	MAX	8/26420830.thl.jpg	26420830.thl.jpg	NOKEY	MAX	NOKEY
1445552225079	0	lts_1022L_09_01	09	01	1	265	0	0	0	CR	MAX	128/A_coin.jpg	A_coin.jpg	NOKEY	MAX	NOKEY
1445552228155	0	lts_1022L_09_01	09	01	1	266	0	0	0	CR	MAX	Acdrominterf2.jpg	Acdrominterf2.jpg	NOKEY	MAX	NOKEY
1445552231231	0	lts_1022L_09_01	09	01	1	267	0	0	0	CR	MAX	26374787.thl.jpg	26374787.thl.jpg	NOKEY	MAX	NOKEY
1445552232317	0	lts_1022L_09_01	09	01	1	268	16	1	1	Hit	609	16-mul/Acablelatch.jpg	Acablelatch.jpg	SPACE	651	SPACE
1445552235393	0	lts_1022L_09_01	09	01	1	269	0	0	0	CR	MAX	ACHIPPER.jpg	ACHIPPER.jpg	NOKEY	MAX	NOKEY
1445552238469	0	lts_1022L_09_01	09	01	1	270	0	0	0	CR	MAX	AGLASSTAB.jpg	AGLASSTAB.jpg	NOKEY	MAX	NOKEY
1445552241562	0	lts_1022L_09_01	09	01	1	271	0	0	0	CR	MAX	35310260.thl.jpg	35310260.thl.jpg	NOKEY	MAX	NOKEY
1445552242632	0	lts_1022L_09_01	09	01	1	272	8	1	1	Hit	595	8-first/26420830.thl.jpg	26420830.thl.jpg	SPACE	637	SPACE
1445552245708	0	lts_1022L_09_01	09	01	1	273	0	0	0	CR	MAX	4/26439074.thl.jpg	26439074.thl.jpg	NOKEY	MAX	NOKEY
1445552247130	0	lts_1022L_09_01	09	01	1	274	2	1	1	Hit	940	2-mul/26420830.thl.jpg	26420830.thl.jpg	SPACE	986	SPACE
1445552250206	0	lts_1022L_09_01	09	01	1	275	0	0	0	CR	MAX	ASALABOW4.jpg	ASALABOW4.jpg	NOKEY	MAX	NOKEY
1445552253281	0	lts_1022L_09_01	09	01	1	276	0	0	0	CR	MAX	Atoypanda.jpg	Atoypanda.jpg	NOKEY	MAX	NOKEY
1445552254384	0	lts_1022L_09_01	09	01	1	277	4	1	1	Hit	631	4-10/26439074.thl.jpg	26439074.thl.jpg	SPACE	668	SPACE
1445552256457	0	lts_1022L_09_01	09	01	1	278	0	0	1	FA	1596	APICKLE.jpg	APICKLE.jpg	SPACE	1639	NOKEY
1445552259534	0	lts_1022L_09_01	09	01	1	279	0	0	0	CR	MAX	1/Adracmask.jpg	Adracmask.jpg	NOKEY	MAX	NOKEY
1445552260420	0	lts_1022L_09_01	09	01	1	280	1	1	1	Hit	403	1-14/Adracmask.jpg	Adracmask.jpg	SPACE	452	SPACE
1445552263496	0	lts_1022L_09_01	09	01	1	281	0	0	0	CR	MAX	22903568.thl.jpg	22903568.thl.jpg	NOKEY	MAX	NOKEY
1445552266572	0	lts_1022L_09_01	09	01	1	282	0	0	0	CR	MAX	AXYLOPHN2.jpg	AXYLOPHN2.jpg	NOKEY	MAX	NOKEY
1445552269648	0	lts_1022L_09_01	09	01	1	283	0	0	0	CR	MAX	8/Aceramicjug16.jpg	Aceramicjug16.jpg	NOKEY	MAX	NOKEY
1445552272741	0	lts_1022L_09_01	09	01	1	284	0	0	0	CR	MAX	ATELEPH12.jpg	ATELEPH12.jpg	NOKEY	MAX	NOKEY
1445552275817	0	lts_1022L_09_01	09	01	1	285	0	0	0	CR	MAX	APANTRAC2.jpg	APANTRAC2.jpg	NOKEY	MAX	NOKEY
1445552278893	0	lts_1022L_09_01	09	01	1	286	0	0	0	CR	MAX	1/26431734.thl.jpg	26431734.thl.jpg	NOKEY	MAX	NOKEY
1445552279846	0	lts_1022L_09_01	09	01	1	287	1	1	1	Hit	471	1-0/26431734.thl.jpg	26431734.thl.jpg	SPACE	518	SPACE
1445552282922	0	lts_1022L_09_01	09	01	1	288	0	0	0	CR	MAX	ABAKECON3.jpg	ABAKECON3.jpg	NOKEY	MAX	NOKEY
1445552285998	0	lts_1022L_09_01	09	01	1	289	0	0	0	CR	MAX	ATOASTE22.jpg	ATOASTE22.jpg	NOKEY	MAX	NOKEY
1445552286967	0	lts_1022L_09_01	09	01	1	290	0	0	1	FA	491	22923524.thl.jpg	22923524.thl.jpg	SPACE	534	NOKEY
1445552288172	0	lts_1022L_09_01	09	01	1	291	8	1	1	Hit	733	8-first/Aceramicjug16.jpg	Aceramicjug16.jpg	SPACE	769	SPACE
1445552291248	0	lts_1022L_09_01	09	01	1	292	0	0	0	CR	MAX	8249141.thl.jpg	8249141.thl.jpg	NOKEY	MAX	NOKEY
1445552294323	0	lts_1022L_09_01	09	01	1	293	0	0	0	CR	MAX	Agreencup2.jpg	Agreencup2.jpg	NOKEY	MAX	NOKEY
1445552297399	0	lts_1022L_09_01	09	01	1	294	0	0	0	CR	MAX	retainertheeth.jpg	retainertheeth.jpg	NOKEY	MAX	NOKEY
1445552298469	0	lts_1022L_09_01	09	01	1	295	4	1	1	Hit	598	4-mul/Aceramicjug16.jpg	Aceramicjug16.jpg	SPACE	636	SPACE
1445552301545	0	lts_1022L_09_01	09	01	1	296	0	0	0	CR	MAX	4/Acanister10.jpg	Acanister10.jpg	NOKEY	MAX	NOKEY
1445552304621	0	lts_1022L_09_01	09	01	1	297	0	0	0	CR	MAX	8023286.thl.jpg	8023286.thl.jpg	NOKEY	MAX	NOKEY
1445552307697	0	lts_1022L_09_01	09	01	1	298	0	0	0	CR	MAX	128/AFRENCHF2.jpg	AFRENCHF2.jpg	NOKEY	MAX	NOKEY
1445552310773	0	lts_1022L_09_01	09	01	1	299	0	0	0	CR	MAX	AELECOVER.jpg	AELECOVER.jpg	NOKEY	MAX	NOKEY
1445552311793	0	lts_1022L_09_01	09	01	1	300	4	1	1	Hit	543	4-2/Acanister10.jpg	Acanister10.jpg	SPACE	585	SPACE
1445552314869	0	lts_1022L_09_01	09	01	1	301	0	0	0	CR	MAX	AFRUIT2.jpg	AFRUIT2.jpg	NOKEY	MAX	NOKEY
1445552317945	0	lts_1022L_09_01	09	01	1	302	0	0	0	CR	MAX	AAIRGAUGE.jpg	AAIRGAUGE.jpg	NOKEY	MAX	NOKEY
1445552319234	0	lts_1022L_09_01	09	01	1	303	64	1	1	Hit	811	64-first/Asaxophone.jpg	Asaxophone.jpg	SPACE	852	SPACE
1445552322309	0	lts_1022L_09_01	09	01	1	304	0	0	0	CR	MAX	Atoyelephant.jpg	Atoyelephant.jpg	NOKEY	MAX	NOKEY
1445552323395	0	lts_1022L_09_01	09	01	1	305	2	1	1	Hit	603	2-mul/Asaxophone.jpg	Asaxophone.jpg	SPACE	652	SPACE
1445552326471	0	lts_1022L_09_01	09	01	1	306	0	0	0	CR	MAX	32/Acookiejar14.jpg	Acookiejar14.jpg	NOKEY	MAX	NOKEY
1445552329547	0	lts_1022L_09_01	09	01	1	307	0	0	0	CR	MAX	8/Atoy63.jpg	Atoy63.jpg	NOKEY	MAX	NOKEY
1445552332207	0	lts_1022L_09_01	09	01	1	308	128	1	1	Hit	2178	128-1/Agrilledmeata.jpg	Agrilledmeata.jpg	SPACE	2224	SPACE
1445552335282	0	lts_1022L_09_01	09	01	1	309	2	1	0	Miss	MAX	2/311-863-217.jpg	311-863-217.jpg	NOKEY	MAX	SPACE
1445552336770	0	lts_1022L_09_01	09	01	1	310	0	0	1	FA	1016	26687944.thl.jpg	26687944.thl.jpg	SPACE	1053	NOKEY
1445552337957	0	lts_1022L_09_01	09	01	1	311	2	1	1	Hit	718	2-6/311-863-217.jpg	311-863-217.jpg	SPACE	752	SPACE
1445552341034	0	lts_1022L_09_01	09	01	1	312	0	0	0	CR	MAX	26440422.thl.jpg	26440422.thl.jpg	NOKEY	MAX	NOKEY
1445552342187	0	lts_1022L_09_01	09	01	1	313	00	1	1	Hit	672	00-across/Adecorati133.jpg	Adecorati133.jpg	SPACE	718	SPACE
1445552345263	0	lts_1022L_09_01	09	01	1	314	0	0	0	CR	MAX	Apuzzle8.jpg	Apuzzle8.jpg	NOKEY	MAX	NOKEY
1445552346266	0	lts_1022L_09_01	09	01	1	315	8	1	1	Hit	519	8-first/Atoy63.jpg	Atoy63.jpg	SPACE	568	SPACE
1445552349341	0	lts_1022L_09_01	09	01	1	316	0	0	0	CR	MAX	Alatch7.jpg	Alatch7.jpg	NOKEY	MAX	NOKEY
1445552352417	0	lts_1022L_09_01	09	01	1	317	0	0	0	CR	MAX	AWHISTLE4.jpg	AWHISTLE4.jpg	NOKEY	MAX	NOKEY
1445552355493	0	lts_1022L_09_01	09	01	1	318	0	0	0	CR	MAX	64/AFIREPANT.jpg	AFIREPANT.jpg	NOKEY	MAX	NOKEY
1445552358569	0	lts_1022L_09_01	09	01	1	319	0	0	0	CR	MAX	22908308.thl.jpg	22908308.thl.jpg	NOKEY	MAX	NOKEY
1445552359690	0	lts_1022L_09_01	09	01	1	320	64	1	1	Hit	637	64-first/Ababycup2.jpg	Ababycup2.jpg	SPACE	686	SPACE
1445552362766	0	lts_1022L_09_01	09	01	1	321	0	0	0	CR	MAX	A4DOMINO.jpg	A4DOMINO.jpg	NOKEY	MAX	NOKEY
1445552365842	0	lts_1022L_09_01	09	01	1	322	0	0	0	CR	MAX	ACOLOGNE.jpg	ACOLOGNE.jpg	NOKEY	MAX	NOKEY
1445552368918	0	lts_1022L_09_01	09	01	1	323	0	0	0	CR	MAX	26379570.thl.jpg	26379570.thl.jpg	NOKEY	MAX	NOKEY
1445552370005	0	lts_1022L_09_01	09	01	1	324	4	1	1	Hit	603	4-mul/Ababycup2.jpg	Ababycup2.jpg	SPACE	652	SPACE
1445552373082	0	lts_1022L_09_01	09	01	1	325	0	0	0	CR	MAX	32/rollerblades.jpg	rollerblades.jpg	NOKEY	MAX	NOKEY
1445552376158	0	lts_1022L_09_01	09	01	1	326	0	0	0	CR	MAX	ringbox03.jpg	ringbox03.jpg	NOKEY	MAX	NOKEY
1445552379234	0	lts_1022L_09_01	09	01	1	327	0	0	0	CR	MAX	Ahandheldmir3.jpg	Ahandheldmir3.jpg	NOKEY	MAX	NOKEY
1445552382309	0	lts_1022L_09_01	09	01	1	328	0	0	0	CR	MAX	Akitchenisla4.jpg	Akitchenisla4.jpg	NOKEY	MAX	NOKEY
1445552385385	0	lts_1022L_09_01	09	01	1	329	00	1	0	Miss	MAX	00-across/22857516.thl.jpg	22857516.thl.jpg	NOKEY	MAX	SPACE
1445552388478	0	lts_1022L_09_01	09	01	1	330	0	0	0	CR	MAX	ATREEHOUS.jpg	ATREEHOUS.jpg	NOKEY	MAX	NOKEY
1445552389531	0	lts_1022L_09_01	09	01	1	331	16	1	1	Hit	583	16-mul/Atoy63.jpg	Atoy63.jpg	SPACE	620	SPACE
1445552392607	0	lts_1022L_09_01	09	01	1	332	0	0	0	CR	MAX	1/26687325.thl.jpg	26687325.thl.jpg	NOKEY	MAX	NOKEY
1445552393928	0	lts_1022L_09_01	09	01	1	333	1	1	1	Hit	841	1-10/26687325.thl.jpg	26687325.thl.jpg	SPACE	886	SPACE
1445552397005	0	lts_1022L_09_01	09	01	1	334	0	0	0	CR	MAX	ABOWLCARV.jpg	ABOWLCARV.jpg	NOKEY	MAX	NOKEY
1445552400081	0	lts_1022L_09_01	09	01	1	335	0	0	0	CR	MAX	APERSRUG.jpg	APERSRUG.jpg	NOKEY	MAX	NOKEY
1445552403157	0	lts_1022L_09_01	09	01	1	336	0	0	0	CR	MAX	AHYDRANTF.jpg	AHYDRANTF.jpg	NOKEY	MAX	NOKEY
1445552406233	0	lts_1022L_09_01	09	01	1	337	0	0	0	CR	MAX	tofu.jpg	tofu.jpg	NOKEY	MAX	NOKEY
1445552407285	0	lts_1022L_09_01	09	01	1	338	32	1	1	Hit	583	32-6/Acookiejar14.jpg	Acookiejar14.jpg	SPACE	618	SPACE
1445552410361	0	lts_1022L_09_01	09	01	1	339	0	0	0	CR	MAX	4/26386846.thl.jpg	26386846.thl.jpg	NOKEY	MAX	NOKEY
1445552413437	0	lts_1022L_09_01	09	01	1	340	0	0	0	CR	MAX	AKNIGHELM.jpg	AKNIGHELM.jpg	NOKEY	MAX	NOKEY
1445552416513	0	lts_1022L_09_01	09	01	1	341	0	0	0	CR	MAX	AORIGIRL3.jpg	AORIGIRL3.jpg	NOKEY	MAX	NOKEY
1445552419589	0	lts_1022L_09_01	09	01	1	342	0	0	0	CR	MAX	Aoutdoorrece2.jpg	Aoutdoorrece2.jpg	NOKEY	MAX	NOKEY
1445552420609	0	lts_1022L_09_01	09	01	1	343	4	1	1	Hit	537	4-0/26386846.thl.jpg	26386846.thl.jpg	SPACE	586	SPACE
1445552423685	0	lts_1022L_09_01	09	01	1	344	0	0	0	CR	MAX	ASHOULDE4.jpg	ASHOULDE4.jpg	NOKEY	MAX	NOKEY
1445552424755	0	lts_1022L_09_01	09	01	1	345	128	1	1	Hit	598	128-7/Aabacus.jpg	Aabacus.jpg	SPACE	635	SPACE
1445552427831	0	lts_1022L_09_01	09	01	1	346	0	0	0	CR	MAX	AMINITRE7.jpg	AMINITRE7.jpg	NOKEY	MAX	NOKEY
1445552430907	0	lts_1022L_09_01	09	01	1	347	0	0	0	CR	MAX	Aspraybottle4.jpg	Aspraybottle4.jpg	NOKEY	MAX	NOKEY
1445552433983	0	lts_1022L_09_01	09	01	1	348	0	0	0	CR	MAX	Abasket108.jpg	Abasket108.jpg	NOKEY	MAX	NOKEY
1445552437060	0	lts_1022L_09_01	09	01	1	349	0	0	0	CR	MAX	makeuppowder.jpg	makeuppowder.jpg	NOKEY	MAX	NOKEY
1445552438514	0	lts_1022L_09_01	09	01	1	350	00	1	1	Hit	971	00-across/Adolphin3.jpg	Adolphin3.jpg	SPACE	1020	SPACE
1445552441607	0	lts_1022L_09_01	09	01	1	351	0	0	0	CR	MAX	8/Adill.jpg	Adill.jpg	NOKEY	MAX	NOKEY
1445552444683	0	lts_1022L_09_01	09	01	1	352	0	0	0	CR	MAX	outdoorheater.jpg	outdoorheater.jpg	NOKEY	MAX	NOKEY
1445552447759	0	lts_1022L_09_01	09	01	1	353	0	0	0	CR	MAX	1/APHARAOH.jpg	APHARAOH.jpg	NOKEY	MAX	NOKEY
1445552448778	0	lts_1022L_09_01	09	01	1	354	1	1	1	Hit	544	1-5/APHARAOH.jpg	APHARAOH.jpg	SPACE	585	SPACE
1445552451855	0	lts_1022L_09_01	09	01	1	355	0	0	0	CR	MAX	ACUTLERYB.jpg	ACUTLERYB.jpg	NOKEY	MAX	NOKEY
1445552454931	0	lts_1022L_09_01	09	01	1	356	0	0	0	CR	MAX	64/Aspeakers4.jpg	Aspeakers4.jpg	NOKEY	MAX	NOKEY
1445552456085	0	lts_1022L_09_01	09	01	1	357	32	1	1	Hit	673	32-4/rollerblades.jpg	rollerblades.jpg	SPACE	719	SPACE
1445552459161	0	lts_1022L_09_01	09	01	1	358	0	0	0	CR	MAX	AHEDGEHOG.jpg	AHEDGEHOG.jpg	NOKEY	MAX	NOKEY
1445552460280	0	lts_1022L_09_01	09	01	1	359	8	1	1	Hit	644	8-first/Adill.jpg	Adill.jpg	SPACE	684	SPACE
1445552463356	0	lts_1022L_09_01	09	01	1	360	0	0	0	CR	MAX	A25PINCON.jpg	A25PINCON.jpg	NOKEY	MAX	NOKEY
1445552464527	0	lts_1022L_09_01	09	01	1	361	2	1	1	Hit	684	2-mul/Adill.jpg	Adill.jpg	SPACE	720	SPACE
1445552467603	0	lts_1022L_09_01	09	01	1	362	0	0	0	CR	MAX	Adrum22.jpg	Adrum22.jpg	NOKEY	MAX	NOKEY
1445552470679	0	lts_1022L_09_01	09	01	1	363	0	0	0	CR	MAX	2/AGARDHOSE.jpg	AGARDHOSE.jpg	NOKEY	MAX	NOKEY
1445552473755	0	lts_1022L_09_01	09	01	1	364	0	0	0	CR	MAX	26379430.thl.jpg	26379430.thl.jpg	NOKEY	MAX	NOKEY
1445552474858	0	lts_1022L_09_01	09	01	1	365	2	1	1	Hit	629	2-8/AGARDHOSE.jpg	AGARDHOSE.jpg	SPACE	669	SPACE
1445552477951	0	lts_1022L_09_01	09	01	1	366	0	0	0	CR	MAX	vatslheart.jpg	vatslheart.jpg	NOKEY	MAX	NOKEY
1445552481028	0	lts_1022L_09_01	09	01	1	367	0	0	0	CR	MAX	clothpiece.jpg	clothpiece.jpg	NOKEY	MAX	NOKEY
1445552484104	0	lts_1022L_09_01	09	01	1	368	0	0	0	CR	MAX	16/ABLAKBEN2.jpg	ABLAKBEN2.jpg	NOKEY	MAX	NOKEY
1445552487180	0	lts_1022L_09_01	09	01	1	369	0	0	0	CR	MAX	Adaisies3.jpg	Adaisies3.jpg	NOKEY	MAX	NOKEY
1445552488349	0	lts_1022L_09_01	09	01	1	370	128	1	1	Hit	695	128-5/AANTIQTHE.jpg	AANTIQTHE.jpg	SPACE	734	SPACE
1445552491425	0	lts_1022L_09_01	09	01	1	371	0	0	0	CR	MAX	2/AHEADLIG9.jpg	AHEADLIG9.jpg	NOKEY	MAX	NOKEY
1445552492813	0	lts_1022L_09_01	09	01	1	372	0	0	1	FA	886	APICTURE.jpg	APICTURE.jpg	SPACE	936	NOKEY
1445552494152	0	lts_1022L_09_01	09	01	1	373	2	1	1	Hit	861	2-7/AHEADLIG9.jpg	AHEADLIG9.jpg	SPACE	902	SPACE
1445552497228	0	lts_1022L_09_01	09	01	1	374	0	0	0	CR	MAX	Acastle22.jpg	Acastle22.jpg	NOKEY	MAX	NOKEY
1445552500303	0	lts_1022L_09_01	09	01	1	375	0	0	0	CR	MAX	Apepperoni.jpg	Apepperoni.jpg	NOKEY	MAX	NOKEY
1445552501389	0	lts_1022L_09_01	09	01	1	376	00	1	1	Hit	614	00-across/AMEDCONTA.jpg	AMEDCONTA.jpg	SPACE	652	SPACE
1445552504465	0	lts_1022L_09_01	09	01	1	377	0	0	0	CR	MAX	seesaw.jpg	seesaw.jpg	NOKEY	MAX	NOKEY
1445552505502	0	lts_1022L_09_01	09	01	1	378	128	1	1	Hit	563	128-4/22827408.thl.jpg	22827408.thl.jpg	SPACE	603	SPACE
1445552508578	0	lts_1022L_09_01	09	01	1	379	0	0	0	CR	MAX	Astingray2.jpg	Astingray2.jpg	NOKEY	MAX	NOKEY
1445552511654	0	lts_1022L_09_01	09	01	1	380	0	0	0	CR	MAX	26369944.thl.jpg	26369944.thl.jpg	NOKEY	MAX	NOKEY
1445552514730	0	lts_1022L_09_01	09	01	1	381	0	0	0	CR	MAX	ACHOPSTI2.jpg	ACHOPSTI2.jpg	NOKEY	MAX	NOKEY
1445552515733	0	lts_1022L_09_01	09	01	1	382	64	1	1	Hit	519	64-first/AFIREPANT.jpg	AFIREPANT.jpg	SPACE	569	SPACE
1445552518809	0	lts_1022L_09_01	09	01	1	383	0	0	0	CR	MAX	045.jpg	045.jpg	NOKEY	MAX	NOKEY
1445552519846	0	lts_1022L_09_01	09	01	1	384	16	1	1	Hit	567	16-first/ABLAKBEN2.jpg	ABLAKBEN2.jpg	SPACE	601	SPACE
1445552522922	0	lts_1022L_09_01	09	01	1	385	0	0	0	CR	MAX	Afoodproces22.jpg	Afoodproces22.jpg	NOKEY	MAX	NOKEY
1445552523942	0	lts_1022L_09_01	09	01	1	386	4	1	1	Hit	545	4-mul/AFIREPANT.jpg	AFIREPANT.jpg	SPACE	585	SPACE
1445552527019	0	lts_1022L_09_01	09	01	1	387	0	0	0	CR	MAX	8/ASTONHOU2.jpg	ASTONHOU2.jpg	NOKEY	MAX	NOKEY
1445552528005	0	lts_1022L_09_01	09	01	1	388	4	1	1	Hit	514	4-mul/ABLAKBEN2.jpg	ABLAKBEN2.jpg	SPACE	551	SPACE
1445552531081	0	lts_1022L_09_01	09	01	1	389	0	0	0	CR	MAX	16/26432217.thl.jpg	26432217.thl.jpg	NOKEY	MAX	NOKEY
1445552532084	0	lts_1022L_09_01	09	01	1	390	00	1	1	Hit	522	00-across/ANAPKHOL7.jpg	ANAPKHOL7.jpg	SPACE	568	SPACE
1445552535160	0	lts_1022L_09_01	09	01	1	391	0	0	0	CR	MAX	AEXECHAIR.jpg	AEXECHAIR.jpg	NOKEY	MAX	NOKEY
1445552538236	0	lts_1022L_09_01	09	01	1	392	0	0	0	CR	MAX	8024597.thl.jpg	8024597.thl.jpg	NOKEY	MAX	NOKEY
1445552539305	0	lts_1022L_09_01	09	01	1	393	128	1	1	Hit	584	128-6/A_coin.jpg	A_coin.jpg	SPACE	634	SPACE
1445552542381	0	lts_1022L_09_01	09	01	1	394	0	0	0	CR	MAX	Aflask19.jpg	Aflask19.jpg	NOKEY	MAX	NOKEY
1445552543434	0	lts_1022L_09_01	09	01	1	395	8	1	1	Hit	575	8-first/ASTONHOU2.jpg	ASTONHOU2.jpg	SPACE	619	SPACE
1445552546510	0	lts_1022L_09_01	09	01	1	396	0	0	0	CR	MAX	8065674.thl.jpg	8065674.thl.jpg	NOKEY	MAX	NOKEY
1445552549586	0	lts_1022L_09_01	09	01	1	397	0	0	0	CR	MAX	Abeetle10.jpg	Abeetle10.jpg	NOKEY	MAX	NOKEY
1445552552663	0	lts_1022L_09_01	09	01	1	398	0	0	0	CR	MAX	32/Aspinningwhe2.jpg	Aspinningwhe2.jpg	NOKEY	MAX	NOKEY
1445552553649	0	lts_1022L_09_01	09	01	1	399	4	1	1	Hit	513	4-mul/ASTONHOU2.jpg	ASTONHOU2.jpg	SPACE	553	SPACE
1445552556725	0	lts_1022L_09_01	09	01	1	400	0	0	0	CR	MAX	AHOSPCRI3.jpg	AHOSPCRI3.jpg	NOKEY	MAX	NOKEY
1445552559801	0	lts_1022L_09_01	09	01	1	401	0	0	0	CR	MAX	1/Akiddcup2.jpg	Akiddcup2.jpg	NOKEY	MAX	NOKEY
1445552560754	0	lts_1022L_09_01	09	01	1	402	1	1	1	Hit	478	1-6/Akiddcup2.jpg	Akiddcup2.jpg	SPACE	518	SPACE
1445552562059	0	lts_1022L_09_01	09	01	1	403	0	0	1	FA	829	AANTCASH3.jpg	AANTCASH3.jpg	SPACE	869	NOKEY
1445552565135	0	lts_1022L_09_01	09	01	1	404	0	0	0	CR	MAX	AANTIRO13.jpg	AANTIRO13.jpg	NOKEY	MAX	NOKEY
1445552566639	0	lts_1022L_09_01	09	01	1	405	16	1	1	Hit	1013	16-first/26432217.thl.jpg	26432217.thl.jpg	SPACE	1053	SPACE
1445552569715	0	lts_1022L_09_01	09	01	1	406	0	0	0	CR	MAX	ATOOHOLDE.jpg	ATOOHOLDE.jpg	NOKEY	MAX	NOKEY
1445552570718	0	lts_1022L_09_01	09	01	1	407	2	1	1	Hit	533	2-mul/26432217.thl.jpg	26432217.thl.jpg	SPACE	569	SPACE
1445552573794	0	lts_1022L_09_01	09	01	1	408	0	0	0	CR	MAX	8/Acementfinish.jpg	Acementfinish.jpg	NOKEY	MAX	NOKEY
1445552576887	0	lts_1022L_09_01	09	01	1	409	0	0	0	CR	MAX	26421583.thl.jpg	26421583.thl.jpg	NOKEY	MAX	NOKEY
1445552579963	0	lts_1022L_09_01	09	01	1	410	0	0	0	CR	MAX	1/Apizzadoughin.jpg	Apizzadoughin.jpg	NOKEY	MAX	NOKEY
1445552580949	0	lts_1022L_09_01	09	01	1	411	1	1	1	Hit	513	1-4/Apizzadoughin.jpg	Apizzadoughin.jpg	SPACE	552	SPACE
1445552584026	0	lts_1022L_09_01	09	01	1	412	0	0	0	CR	MAX	1/grips.jpg	grips.jpg	NOKEY	MAX	NOKEY
1445552584911	0	lts_1022L_09_01	09	01	1	413	1	1	1	Hit	403	1-13/grips.jpg	grips.jpg	SPACE	450	SPACE
1445552587987	0	lts_1022L_09_01	09	01	1	414	0	0	0	CR	MAX	AGARBAGE.jpg	AGARBAGE.jpg	NOKEY	MAX	NOKEY
1445552591064	0	lts_1022L_09_01	09	01	1	415	0	0	0	CR	MAX	Aplasticbot10.jpg	Aplasticbot10.jpg	NOKEY	MAX	NOKEY
1445552592117	0	lts_1022L_09_01	09	01	1	416	8	1	1	Hit	572	8-1/Acementfinish.jpg	Acementfinish.jpg	SPACE	617	SPACE
1445552595194	0	lts_1022L_09_01	09	01	1	417	0	0	0	CR	MAX	1/AFRYPAN7.jpg	AFRYPAN7.jpg	NOKEY	MAX	NOKEY
1445552596063	0	lts_1022L_09_01	09	01	1	418	1	1	1	Hit	383	1-7/AFRYPAN7.jpg	AFRYPAN7.jpg	SPACE	434	SPACE
1445552599139	0	lts_1022L_09_01	09	01	1	419	0	0	0	CR	MAX	Abloodorange.jpg	Abloodorange.jpg	NOKEY	MAX	NOKEY
1445552602215	0	lts_1022L_09_01	09	01	1	420	64	1	0	Miss	MAX	64-first/Aspeakers4.jpg	Aspeakers4.jpg	NOKEY	MAX	SPACE
1445552605290	0	lts_1022L_09_01	09	01	1	421	0	0	0	CR	MAX	AELECSAW.jpg	AELECSAW.jpg	NOKEY	MAX	NOKEY
1445552606711	0	lts_1022L_09_01	09	01	1	422	2	1	1	Hit	941	2-mul/Aspeakers4.jpg	Aspeakers4.jpg	SPACE	986	SPACE
1445552609787	0	lts_1022L_09_01	09	01	1	423	0	0	0	CR	MAX	1/Aruler12.jpg	Aruler12.jpg	NOKEY	MAX	NOKEY
1445552610740	0	lts_1022L_09_01	09	01	1	424	1	1	1	Hit	477	1-11/Aruler12.jpg	Aruler12.jpg	SPACE	518	SPACE
1445552613816	0	lts_1022L_09_01	09	01	1	425	0	0	0	CR	MAX	batslbir.jpg	batslbir.jpg	NOKEY	MAX	NOKEY
1445552616892	0	lts_1022L_09_01	09	01	1	426	128	1	0	Miss	MAX	128-2/AFRENCHF2.jpg	AFRENCHF2.jpg	NOKEY	MAX	SPACE
1445552619968	0	lts_1022L_09_01	09	01	1	427	0	0	0	CR	MAX	ADUSTER5.jpg	ADUSTER5.jpg	NOKEY	MAX	NOKEY
1445552623045	0	lts_1022L_09_01	09	01	1	428	0	0	0	CR	MAX	4/ABROOM11.jpg	ABROOM11.jpg	NOKEY	MAX	NOKEY
1445552626121	0	lts_1022L_09_01	09	01	1	429	0	0	0	CR	MAX	9816397.thl.jpg	9816397.thl.jpg	NOKEY	MAX	NOKEY
1445552627291	0	lts_1022L_09_01	09	01	1	430	32	1	1	Hit	688	32-3/Aspinningwhe2.jpg	Aspinningwhe2.jpg	SPACE	735	SPACE
1445552630367	0	lts_1022L_09_01	09	01	1	431	0	0	0	CR	MAX	Awildberries.jpg	Awildberries.jpg	NOKEY	MAX	NOKEY
1445552631420	0	lts_1022L_09_01	09	01	1	432	4	1	1	Hit	578	4-6/ABROOM11.jpg	ABROOM11.jpg	SPACE	620	SPACE
1445552634496	0	lts_1022L_09_01	09	01	1	433	0	0	0	CR	MAX	1/Ahulahoop2.jpg	Ahulahoop2.jpg	NOKEY	MAX	NOKEY
1445552635482	0	lts_1022L_09_01	09	01	1	434	1	1	1	Hit	508	1-12/Ahulahoop2.jpg	Ahulahoop2.jpg	SPACE	553	SPACE
1445552638558	0	lts_1022L_09_01	09	01	1	435	0	0	0	CR	MAX	hottub.jpg	hottub.jpg	NOKEY	MAX	NOKEY
1445552640949	0	lts_1022L_09_01	09	01	1	436	0	0	1	FA	1904	ACRICKET2.jpg	ACRICKET2.jpg	SPACE	1939	NOKEY
1445552644026	0	lts_1022L_09_01	09	01	1	437	0	0	0	CR	MAX	ASTONEOWL.jpg	ASTONEOWL.jpg	NOKEY	MAX	NOKEY
1445552647102	0	lts_1022L_09_01	09	01	1	438	0	0	0	CR	MAX	1/26431205.thl.jpg	26431205.thl.jpg	NOKEY	MAX	NOKEY
1445552648122	0	lts_1022L_09_01	09	01	1	439	1	1	1	Hit	550	1-9/26431205.thl.jpg	26431205.thl.jpg	SPACE	584	SPACE
1445552651198	0	lts_1022L_09_01	09	01	1	440	0	0	0	CR	MAX	Arunningshoe4.jpg	Arunningshoe4.jpg	NOKEY	MAX	NOKEY
1445552654274	0	lts_1022L_09_01	09	01	1	441	0	0	0	CR	MAX	Agasblower2.jpg	Agasblower2.jpg	NOKEY	MAX	NOKEY
1445552655393	0	lts_1022L_09_01	09	01	1	442	00	1	1	Hit	648	00-across/Ajacket12.jpg	Ajacket12.jpg	SPACE	685	SPACE
1445552658469	0	lts_1022L_09_01	09	01	1	443	0	0	0	CR	MAX	ACHEMSET3.jpg	ACHEMSET3.jpg	NOKEY	MAX	NOKEY
1445552659706	0	lts_1022L_09_01	09	01	1	444	0	0	1	FA	762	4/AROCKCH27.jpg	AROCKCH27.jpg	SPACE	802	NOKEY
1445552662782	0	lts_1022L_09_01	09	01	1	445	0	0	0	CR	MAX	Ahandbag68.jpg	Ahandbag68.jpg	NOKEY	MAX	NOKEY
1445552665859	0	lts_1022L_09_01	09	01	1	446	0	0	0	CR	MAX	Afrog45.jpg	Afrog45.jpg	NOKEY	MAX	NOKEY
1445552668935	0	lts_1022L_09_01	09	01	1	447	0	0	0	CR	MAX	ACLAM.jpg	ACLAM.jpg	NOKEY	MAX	NOKEY
1445552670156	0	lts_1022L_09_01	09	01	1	448	4	1	1	Hit	739	4-11/AROCKCH27.jpg	AROCKCH27.jpg	SPACE	786	SPACE
1445552673232	0	lts_1022L_09_01	09	01	1	449	0	0	0	CR	MAX	ALAZQUART.jpg	ALAZQUART.jpg	NOKEY	MAX	NOKEY
1445552764421	0	E	Logging Ends
