1447086965396	0	B	Logging Begins
1447087188743	0	lts_1109I_21_01	21	01	0	0	0	0	0	CR	MAX	Aancientstat4.jpg	Aancientstat4.jpg	NOKEY	MAX	NOKEY
1447087191819	0	lts_1109I_21_01	21	01	0	1	0	0	0	CR	MAX	1/8054039.thl.jpg	8054039.thl.jpg	NOKEY	MAX	NOKEY
1447087192805	0	lts_1109I_21_01	21	01	0	2	1	1	1	Hit	515	1-11/8054039.thl.jpg	8054039.thl.jpg	SPACE	553	SPACE
1447087195898	0	lts_1109I_21_01	21	01	0	3	0	0	0	CR	MAX	26772987.thl.jpg	26772987.thl.jpg	NOKEY	MAX	NOKEY
1447087198974	0	lts_1109I_21_01	21	01	0	4	0	0	0	CR	MAX	16/Aberries5.jpg	Aberries5.jpg	NOKEY	MAX	NOKEY
1447087202051	0	lts_1109I_21_01	21	01	0	5	0	0	0	CR	MAX	1/Aturban.jpg	Aturban.jpg	NOKEY	MAX	NOKEY
1447087203021	0	lts_1109I_21_01	21	01	0	6	1	1	1	Hit	500	1-14/Aturban.jpg	Aturban.jpg	SPACE	534	SPACE
1447087206097	0	lts_1109I_21_01	21	01	0	7	0	0	0	CR	MAX	skateboard.jpg	skateboard.jpg	NOKEY	MAX	NOKEY
1447087209173	0	lts_1109I_21_01	21	01	0	8	0	0	0	CR	MAX	26392231.thl.jpg	26392231.thl.jpg	NOKEY	MAX	NOKEY
1447087212249	0	lts_1109I_21_01	21	01	0	9	0	0	0	CR	MAX	Aflower136.jpg	Aflower136.jpg	NOKEY	MAX	NOKEY
1447087215325	0	lts_1109I_21_01	21	01	0	10	0	0	0	CR	MAX	16/seahorse.jpg	seahorse.jpg	NOKEY	MAX	NOKEY
1447087218401	0	lts_1109I_21_01	21	01	0	11	0	0	0	CR	MAX	64/AEAREXAM2.jpg	AEAREXAM2.jpg	NOKEY	MAX	NOKEY
1447087221477	0	lts_1109I_21_01	21	01	0	12	0	0	0	CR	MAX	Agame3.jpg	Agame3.jpg	NOKEY	MAX	NOKEY
1447087224570	0	lts_1109I_21_01	21	01	0	13	0	0	0	CR	MAX	ACHERRY.jpg	ACHERRY.jpg	NOKEY	MAX	NOKEY
1447087227662	0	lts_1109I_21_01	21	01	0	14	0	0	0	CR	MAX	4/Achair618.jpg	Achair618.jpg	NOKEY	MAX	NOKEY
1447087230738	0	lts_1109I_21_01	21	01	0	15	0	0	0	CR	MAX	32/Abird5.jpg	Abird5.jpg	NOKEY	MAX	NOKEY
1447087233814	0	lts_1109I_21_01	21	01	0	16	0	0	0	CR	MAX	Asign7.jpg	Asign7.jpg	NOKEY	MAX	NOKEY
1447087236890	0	lts_1109I_21_01	21	01	0	17	0	0	0	CR	MAX	Abonnet12.jpg	Abonnet12.jpg	NOKEY	MAX	NOKEY
1447087238028	0	lts_1109I_21_01	21	01	0	18	4	1	1	Hit	664	4-0/Achair618.jpg	Achair618.jpg	SPACE	702	SPACE
1447087241104	0	lts_1109I_21_01	21	01	0	19	0	0	0	CR	MAX	Ameasuringsp5.jpg	Ameasuringsp5.jpg	NOKEY	MAX	NOKEY
1447087242408	0	lts_1109I_21_01	21	01	0	20	16	1	1	Hit	820	16-first/Aberries5.jpg	Aberries5.jpg	SPACE	869	SPACE
1447087245484	0	lts_1109I_21_01	21	01	0	21	0	0	0	CR	MAX	26465344.thl.jpg	26465344.thl.jpg	NOKEY	MAX	NOKEY
1447087246554	0	lts_1109I_21_01	21	01	0	22	2	1	1	Hit	593	2-mul/Aberries5.jpg	Aberries5.jpg	SPACE	636	SPACE
1447087249629	0	lts_1109I_21_01	21	01	0	23	0	0	0	CR	MAX	26686595.thl.jpg	26686595.thl.jpg	NOKEY	MAX	NOKEY
1447087252705	0	lts_1109I_21_01	21	01	0	24	0	0	0	CR	MAX	26554880.thl.jpg	26554880.thl.jpg	NOKEY	MAX	NOKEY
1447087255798	0	lts_1109I_21_01	21	01	0	25	0	0	0	CR	MAX	ATRICKTR2.jpg	ATRICKTR2.jpg	NOKEY	MAX	NOKEY
1447087256884	0	lts_1109I_21_01	21	01	0	26	16	1	1	Hit	613	16-first/seahorse.jpg	seahorse.jpg	SPACE	653	SPACE
1447087259960	0	lts_1109I_21_01	21	01	0	27	0	0	0	CR	MAX	1/ABOOK23.jpg	ABOOK23.jpg	NOKEY	MAX	NOKEY
1447087261015	0	lts_1109I_21_01	21	01	0	28	1	1	1	Hit	575	1-2/ABOOK23.jpg	ABOOK23.jpg	SPACE	619	SPACE
1447087264091	0	lts_1109I_21_01	21	01	0	29	0	0	0	CR	MAX	1/A95CHEROK.jpg	A95CHEROK.jpg	NOKEY	MAX	NOKEY
1447087265110	0	lts_1109I_21_01	21	01	0	30	1	1	1	Hit	537	1-4/A95CHEROK.jpg	A95CHEROK.jpg	SPACE	584	SPACE
1447087268187	0	lts_1109I_21_01	21	01	0	31	0	0	0	CR	MAX	4/26431205.thl.jpg	26431205.thl.jpg	NOKEY	MAX	NOKEY
1447087271263	0	lts_1109I_21_01	21	01	0	32	0	0	0	CR	MAX	AFILEFOL4.jpg	AFILEFOL4.jpg	NOKEY	MAX	NOKEY
1447087274339	0	lts_1109I_21_01	21	01	0	33	0	0	0	CR	MAX	Agratedchees2.jpg	Agratedchees2.jpg	NOKEY	MAX	NOKEY
1447087277415	0	lts_1109I_21_01	21	01	0	34	0	0	0	CR	MAX	APAPYRUS.jpg	APAPYRUS.jpg	NOKEY	MAX	NOKEY
1447087278551	0	lts_1109I_21_01	21	01	0	35	4	1	1	Hit	665	4-8/26431205.thl.jpg	26431205.thl.jpg	SPACE	702	SPACE
1447087281627	0	lts_1109I_21_01	21	01	0	36	0	0	0	CR	MAX	26370116.thl.jpg	26370116.thl.jpg	NOKEY	MAX	NOKEY
1447087284703	0	lts_1109I_21_01	21	01	0	37	0	0	0	CR	MAX	8/AHALLOWE3.jpg	AHALLOWE3.jpg	NOKEY	MAX	NOKEY
1447087287795	0	lts_1109I_21_01	21	01	0	38	0	0	0	CR	MAX	2/ACANOPEN6.jpg	ACANOPEN6.jpg	NOKEY	MAX	NOKEY
1447087290872	0	lts_1109I_21_01	21	01	0	39	0	0	0	CR	MAX	ARASPBER2.jpg	ARASPBER2.jpg	NOKEY	MAX	NOKEY
1447087292043	0	lts_1109I_21_01	21	01	0	40	2	1	1	Hit	696	2-4/ACANOPEN6.jpg	ACANOPEN6.jpg	SPACE	736	SPACE
1447087295119	0	lts_1109I_21_01	21	01	0	41	0	0	0	CR	MAX	Aflower103.jpg	Aflower103.jpg	NOKEY	MAX	NOKEY
1447087296239	0	lts_1109I_21_01	21	01	0	42	16	1	1	Hit	640	16-mul/seahorse.jpg	seahorse.jpg	SPACE	685	SPACE
1447087299315	0	lts_1109I_21_01	21	01	0	43	0	0	0	CR	MAX	15870946.thl.jpg	15870946.thl.jpg	NOKEY	MAX	NOKEY
1447087302391	0	lts_1109I_21_01	21	01	0	44	0	0	0	CR	MAX	8256618.thl.jpg	8256618.thl.jpg	NOKEY	MAX	NOKEY
1447087303545	0	lts_1109I_21_01	21	01	0	45	8	1	1	Hit	672	8-first/AHALLOWE3.jpg	AHALLOWE3.jpg	SPACE	718	SPACE
1447087306620	0	lts_1109I_21_01	21	01	0	46	0	0	0	CR	MAX	Afueltank11.jpg	Afueltank11.jpg	NOKEY	MAX	NOKEY
1447087307924	0	lts_1109I_21_01	21	01	0	47	32	1	1	Hit	825	32-7/Abird5.jpg	Abird5.jpg	SPACE	870	SPACE
1447087311000	0	lts_1109I_21_01	21	01	0	48	0	0	0	CR	MAX	champagnbottles.jpg	champagnbottles.jpg	NOKEY	MAX	NOKEY
1447087312054	0	lts_1109I_21_01	21	01	0	49	4	1	1	Hit	576	4-mul/AHALLOWE3.jpg	AHALLOWE3.jpg	SPACE	618	SPACE
1447087315130	0	lts_1109I_21_01	21	01	0	50	0	0	0	CR	MAX	2/ACAPTAIN9.jpg	ACAPTAIN9.jpg	NOKEY	MAX	NOKEY
1447087318206	0	lts_1109I_21_01	21	01	0	51	0	0	0	CR	MAX	8/Ajuicer27.jpg	Ajuicer27.jpg	NOKEY	MAX	NOKEY
1447087319276	0	lts_1109I_21_01	21	01	0	52	2	1	1	Hit	589	2-2/ACAPTAIN9.jpg	ACAPTAIN9.jpg	SPACE	634	SPACE
1447087322369	0	lts_1109I_21_01	21	01	0	53	0	0	0	CR	MAX	Ashelf27.jpg	Ashelf27.jpg	NOKEY	MAX	NOKEY
1447087325445	0	lts_1109I_21_01	21	01	0	54	0	0	0	CR	MAX	ASATELLIT.jpg	ASATELLIT.jpg	NOKEY	MAX	NOKEY
1447087328521	0	lts_1109I_21_01	21	01	0	55	0	0	0	CR	MAX	ABROWNBAG.jpg	ABROWNBAG.jpg	NOKEY	MAX	NOKEY
1447087331597	0	lts_1109I_21_01	21	01	0	56	0	0	0	CR	MAX	Aoutdoorhalo2.jpg	Aoutdoorhalo2.jpg	NOKEY	MAX	NOKEY
1447087334689	0	lts_1109I_21_01	21	01	0	57	0	0	0	CR	MAX	4/APEPPSHA4.jpg	APEPPSHA4.jpg	NOKEY	MAX	NOKEY
1447087337765	0	lts_1109I_21_01	21	01	0	58	0	0	0	CR	MAX	Ajar33.jpg	Ajar33.jpg	NOKEY	MAX	NOKEY
1447087340841	0	lts_1109I_21_01	21	01	0	59	8	1	0	Miss	MAX	8-first/Ajuicer27.jpg	Ajuicer27.jpg	NOKEY	MAX	SPACE
1447087343917	0	lts_1109I_21_01	21	01	0	60	0	0	0	CR	MAX	AWODSPOON.jpg	AWODSPOON.jpg	NOKEY	MAX	NOKEY
1447087345071	0	lts_1109I_21_01	21	01	0	61	4	1	1	Hit	672	4-7/APEPPSHA4.jpg	APEPPSHA4.jpg	SPACE	719	SPACE
1447087348164	0	lts_1109I_21_01	21	01	0	62	0	0	0	CR	MAX	32/26451269.thl.jpg	26451269.thl.jpg	NOKEY	MAX	NOKEY
1447087349251	0	lts_1109I_21_01	21	01	0	63	4	1	1	Hit	615	4-mul/Ajuicer27.jpg	Ajuicer27.jpg	SPACE	651	SPACE
1447087352327	0	lts_1109I_21_01	21	01	0	64	0	0	0	CR	MAX	Aspraybottle4.jpg	Aspraybottle4.jpg	NOKEY	MAX	NOKEY
1447087355403	0	lts_1109I_21_01	21	01	0	65	0	0	0	CR	MAX	2/ALIGHTHO5.jpg	ALIGHTHO5.jpg	NOKEY	MAX	NOKEY
1447087358479	0	lts_1109I_21_01	21	01	0	66	0	0	0	CR	MAX	tape-a.jpg	tape-a.jpg	NOKEY	MAX	NOKEY
1447087359582	0	lts_1109I_21_01	21	01	0	67	2	1	1	Hit	629	2-8/ALIGHTHO5.jpg	ALIGHTHO5.jpg	SPACE	669	SPACE
1447087362657	0	lts_1109I_21_01	21	01	0	68	0	0	0	CR	MAX	ABAKECON3.jpg	ABAKECON3.jpg	NOKEY	MAX	NOKEY
1447087365733	0	lts_1109I_21_01	21	01	0	69	0	0	0	CR	MAX	16/ShoeHorn.jpg	ShoeHorn.jpg	NOKEY	MAX	NOKEY
1447087368810	0	lts_1109I_21_01	21	01	0	70	0	0	0	CR	MAX	AADZUKIB2.jpg	AADZUKIB2.jpg	NOKEY	MAX	NOKEY
1447087371886	0	lts_1109I_21_01	21	01	0	71	0	0	0	CR	MAX	Acheesgra.jpg	Acheesgra.jpg	NOKEY	MAX	NOKEY
1447087374962	0	lts_1109I_21_01	21	01	0	72	0	0	0	CR	MAX	26425112.thl.jpg	26425112.thl.jpg	NOKEY	MAX	NOKEY
1447087378055	0	lts_1109I_21_01	21	01	0	73	0	0	0	CR	MAX	8/Apepperoni.jpg	Apepperoni.jpg	NOKEY	MAX	NOKEY
1447087381132	0	lts_1109I_21_01	21	01	0	74	0	0	0	CR	MAX	Atombstone17.jpg	Atombstone17.jpg	NOKEY	MAX	NOKEY
1447087382235	0	lts_1109I_21_01	21	01	0	75	64	1	1	Hit	632	64-first/AEAREXAM2.jpg	AEAREXAM2.jpg	SPACE	668	SPACE
1447087385311	0	lts_1109I_21_01	21	01	0	76	0	0	0	CR	MAX	Apaperclip6.jpg	Apaperclip6.jpg	NOKEY	MAX	NOKEY
1447087386448	0	lts_1109I_21_01	21	01	0	77	2	1	1	Hit	652	2-mul/AEAREXAM2.jpg	AEAREXAM2.jpg	SPACE	703	SPACE
1447087389524	0	lts_1109I_21_01	21	01	0	78	0	0	0	CR	MAX	brownie.jpg	brownie.jpg	NOKEY	MAX	NOKEY
1447087392600	0	lts_1109I_21_01	21	01	0	79	0	0	0	CR	MAX	AANTICAN2.jpg	AANTICAN2.jpg	NOKEY	MAX	NOKEY
1447087395675	0	lts_1109I_21_01	21	01	0	80	0	0	0	CR	MAX	22919000.thl.jpg	22919000.thl.jpg	NOKEY	MAX	NOKEY
1447087396895	0	lts_1109I_21_01	21	01	0	81	8	1	1	Hit	737	8-first/Apepperoni.jpg	Apepperoni.jpg	SPACE	786	SPACE
1447087399971	0	lts_1109I_21_01	21	01	0	82	0	0	0	CR	MAX	APIESERVE.jpg	APIESERVE.jpg	NOKEY	MAX	NOKEY
1447087401026	0	lts_1109I_21_01	21	01	0	83	2	1	1	Hit	577	2-mul/Apepperoni.jpg	Apepperoni.jpg	SPACE	619	SPACE
1447087404102	0	lts_1109I_21_01	21	01	0	84	0	0	0	CR	MAX	ACOMPAS20.jpg	ACOMPAS20.jpg	NOKEY	MAX	NOKEY
1447087405389	0	lts_1109I_21_01	21	01	0	85	16	1	1	Hit	807	16-first/ShoeHorn.jpg	ShoeHorn.jpg	SPACE	852	SPACE
1447087408482	0	lts_1109I_21_01	21	01	0	86	0	0	0	CR	MAX	32/Aammonitefo14.jpg	Aammonitefo14.jpg	NOKEY	MAX	NOKEY
1447087411558	0	lts_1109I_21_01	21	01	0	87	0	0	0	CR	MAX	Aantiquewate3.jpg	Aantiquewate3.jpg	NOKEY	MAX	NOKEY
1447087414633	0	lts_1109I_21_01	21	01	0	88	0	0	0	CR	MAX	Apaintedwood3.jpg	Apaintedwood3.jpg	NOKEY	MAX	NOKEY
1447087415653	0	lts_1109I_21_01	21	01	0	89	4	1	1	Hit	541	4-mul/ShoeHorn.jpg	ShoeHorn.jpg	SPACE	587	SPACE
1447087418729	0	lts_1109I_21_01	21	01	0	90	0	0	0	CR	MAX	22848828.thl.jpg	22848828.thl.jpg	NOKEY	MAX	NOKEY
1447087421805	0	lts_1109I_21_01	21	01	0	91	0	0	0	CR	MAX	AKNIFEHOL.jpg	AKNIFEHOL.jpg	NOKEY	MAX	NOKEY
1447087424881	0	lts_1109I_21_01	21	01	0	92	0	0	0	CR	MAX	ASERVICEB.jpg	ASERVICEB.jpg	NOKEY	MAX	NOKEY
1447087427957	0	lts_1109I_21_01	21	01	0	93	0	0	0	CR	MAX	8029703.thl.jpg	8029703.thl.jpg	NOKEY	MAX	NOKEY
1447087429295	0	lts_1109I_21_01	21	01	0	94	32	1	1	Hit	857	32-3/26451269.thl.jpg	26451269.thl.jpg	SPACE	903	SPACE
1447087432371	0	lts_1109I_21_01	21	01	0	95	0	0	0	CR	MAX	Afan49.jpg	Afan49.jpg	NOKEY	MAX	NOKEY
1447087435448	0	lts_1109I_21_01	21	01	0	96	0	0	0	CR	MAX	16/Aancientston3.jpg	Aancientston3.jpg	NOKEY	MAX	NOKEY
1447087438540	0	lts_1109I_21_01	21	01	0	97	0	0	0	CR	MAX	2/ACHAIRDE2.jpg	ACHAIRDE2.jpg	NOKEY	MAX	NOKEY
1447087441615	0	lts_1109I_21_01	21	01	0	98	0	0	0	CR	MAX	ADRIARRA2.jpg	ADRIARRA2.jpg	NOKEY	MAX	NOKEY
1447087442819	0	lts_1109I_21_01	21	01	0	99	2	1	1	Hit	727	2-6/ACHAIRDE2.jpg	ACHAIRDE2.jpg	SPACE	770	SPACE
1447087445895	0	lts_1109I_21_01	21	01	0	100	0	0	0	CR	MAX	ASHADES11.jpg	ASHADES11.jpg	NOKEY	MAX	NOKEY
1447087448971	0	lts_1109I_21_01	21	01	0	101	0	0	0	CR	MAX	1/26687325.thl.jpg	26687325.thl.jpg	NOKEY	MAX	NOKEY
1447087450076	0	lts_1109I_21_01	21	01	0	102	1	1	1	Hit	624	1-13/26687325.thl.jpg	26687325.thl.jpg	SPACE	668	SPACE
1447087453152	0	lts_1109I_21_01	21	01	0	103	0	0	0	CR	MAX	26377777.thl.jpg	26377777.thl.jpg	NOKEY	MAX	NOKEY
1447087456228	0	lts_1109I_21_01	21	01	0	104	0	0	0	CR	MAX	eraserbrush.jpg	eraserbrush.jpg	NOKEY	MAX	NOKEY
1447087459320	0	lts_1109I_21_01	21	01	0	105	0	0	0	CR	MAX	Ahappbirt.jpg	Ahappbirt.jpg	NOKEY	MAX	NOKEY
1447087462397	0	lts_1109I_21_01	21	01	0	106	0	0	0	CR	MAX	128/Avideocamera2.jpg	Avideocamera2.jpg	NOKEY	MAX	NOKEY
1447087465473	0	lts_1109I_21_01	21	01	0	107	0	0	0	CR	MAX	1/satellitedirecttc.jpg	satellitedirecttc.jpg	NOKEY	MAX	NOKEY
1447087466476	0	lts_1109I_21_01	21	01	0	108	1	1	1	Hit	525	1-3/satellitedirecttc.jpg	satellitedirecttc.jpg	SPACE	568	SPACE
1447087469568	0	lts_1109I_21_01	21	01	0	109	0	0	0	CR	MAX	Aboots56.jpg	Aboots56.jpg	NOKEY	MAX	NOKEY
1447087472643	0	lts_1109I_21_01	21	01	0	110	0	0	0	CR	MAX	32/Apotboilinge2.jpg	Apotboilinge2.jpg	NOKEY	MAX	NOKEY
1447087475720	0	lts_1109I_21_01	21	01	0	111	0	0	0	CR	MAX	ABLACSUI3.jpg	ABLACSUI3.jpg	NOKEY	MAX	NOKEY
1447087478796	0	lts_1109I_21_01	21	01	0	112	16	1	0	Miss	MAX	16-0/Aancientston3.jpg	Aancientston3.jpg	NOKEY	MAX	SPACE
1447087481872	0	lts_1109I_21_01	21	01	0	113	0	0	0	CR	MAX	1/26421382.thl.jpg	26421382.thl.jpg	NOKEY	MAX	NOKEY
1447087482858	0	lts_1109I_21_01	21	01	0	114	1	1	1	Hit	517	1-7/26421382.thl.jpg	26421382.thl.jpg	SPACE	553	SPACE
1447087485951	0	lts_1109I_21_01	21	01	0	115	0	0	0	CR	MAX	8/Aclock285.jpg	Aclock285.jpg	NOKEY	MAX	NOKEY
1447087489028	0	lts_1109I_21_01	21	01	0	116	0	0	0	CR	MAX	Alanter59.jpg	Alanter59.jpg	NOKEY	MAX	NOKEY
1447087492104	0	lts_1109I_21_01	21	01	0	117	0	0	0	CR	MAX	26387587.thl.jpg	26387587.thl.jpg	NOKEY	MAX	NOKEY
1447087493458	0	lts_1109I_21_01	21	01	0	118	32	1	1	Hit	882	32-9/Aammonitefo14.jpg	Aammonitefo14.jpg	SPACE	920	SPACE
1447087496534	0	lts_1109I_21_01	21	01	0	119	0	0	0	CR	MAX	1/AMOUSWHEE.jpg	AMOUSWHEE.jpg	NOKEY	MAX	NOKEY
1447087497520	0	lts_1109I_21_01	21	01	0	120	1	1	1	Hit	517	1-12/AMOUSWHEE.jpg	AMOUSWHEE.jpg	SPACE	551	SPACE
1447087500612	0	lts_1109I_21_01	21	01	0	121	0	0	0	CR	MAX	8/Aplasticbott3.jpg	Aplasticbott3.jpg	NOKEY	MAX	NOKEY
1447087503688	0	lts_1109I_21_01	21	01	0	122	0	0	0	CR	MAX	26429123.thl.jpg	26429123.thl.jpg	NOKEY	MAX	NOKEY
1447087504909	0	lts_1109I_21_01	21	01	0	123	8	1	1	Hit	747	8-first/Aclock285.jpg	Aclock285.jpg	SPACE	787	SPACE
1447087507985	0	lts_1109I_21_01	21	01	0	124	0	0	0	CR	MAX	Aplastictestt.jpg	Aplastictestt.jpg	NOKEY	MAX	NOKEY
1447087511062	0	lts_1109I_21_01	21	01	0	125	0	0	0	CR	MAX	2/22908308.thl.jpg	22908308.thl.jpg	NOKEY	MAX	NOKEY
1447087514138	0	lts_1109I_21_01	21	01	0	126	0	0	0	CR	MAX	Aeggsandwich6.jpg	Aeggsandwich6.jpg	NOKEY	MAX	NOKEY
1447087515208	0	lts_1109I_21_01	21	01	0	127	2	1	1	Hit	593	2-5/22908308.thl.jpg	22908308.thl.jpg	SPACE	635	SPACE
1447087518284	0	lts_1109I_21_01	21	01	0	128	0	0	0	CR	MAX	8/workbench.jpg	workbench.jpg	NOKEY	MAX	NOKEY
1447087519571	0	lts_1109I_21_01	21	01	0	129	8	1	1	Hit	802	8-first/Aplasticbott3.jpg	Aplasticbott3.jpg	SPACE	853	SPACE
1447087522680	0	lts_1109I_21_01	21	01	0	130	0	0	0	CR	MAX	AARTIVE6.jpg	AARTIVE6.jpg	NOKEY	MAX	NOKEY
1447087525806	0	lts_1109I_21_01	21	01	0	131	0	0	0	CR	MAX	womanpants.jpg	womanpants.jpg	NOKEY	MAX	NOKEY
1447087528899	0	lts_1109I_21_01	21	01	0	132	0	0	0	CR	MAX	ACOUNTING.jpg	ACOUNTING.jpg	NOKEY	MAX	NOKEY
1447087531975	0	lts_1109I_21_01	21	01	0	133	0	0	0	CR	MAX	AGLASSFL4.jpg	AGLASSFL4.jpg	NOKEY	MAX	NOKEY
1447087535052	0	lts_1109I_21_01	21	01	0	134	0	0	0	CR	MAX	DSCN9735-sm.jpg	DSCN9735-sm.jpg	NOKEY	MAX	NOKEY
1447087538128	0	lts_1109I_21_01	21	01	0	135	0	0	0	CR	MAX	ASPACEHE8.jpg	ASPACEHE8.jpg	NOKEY	MAX	NOKEY
1447087541204	0	lts_1109I_21_01	21	01	0	136	8	1	0	Miss	MAX	8-1/workbench.jpg	workbench.jpg	NOKEY	MAX	SPACE
1447087544280	0	lts_1109I_21_01	21	01	0	137	0	0	0	CR	MAX	Atoothbrush3.jpg	Atoothbrush3.jpg	NOKEY	MAX	NOKEY
1447087547356	0	lts_1109I_21_01	21	01	0	138	0	0	0	CR	MAX	128/Adog71.jpg	Adog71.jpg	NOKEY	MAX	NOKEY
1447087548409	0	lts_1109I_21_01	21	01	0	139	16	1	1	Hit	572	16-mul/Aclock285.jpg	Aclock285.jpg	SPACE	617	SPACE
1447087551485	0	lts_1109I_21_01	21	01	0	140	0	0	0	CR	MAX	Aglass43.jpg	Aglass43.jpg	NOKEY	MAX	NOKEY
1447087554562	0	lts_1109I_21_01	21	01	0	141	0	0	0	CR	MAX	AROUNDFR3.jpg	AROUNDFR3.jpg	NOKEY	MAX	NOKEY
1447087556183	0	lts_1109I_21_01	21	01	0	142	32	1	1	Hit	1147	32-8/Apotboilinge2.jpg	Apotboilinge2.jpg	SPACE	1186	SPACE
1447087559259	0	lts_1109I_21_01	21	01	0	143	0	0	0	CR	MAX	Acup29.jpg	Acup29.jpg	NOKEY	MAX	NOKEY
1447087562352	0	lts_1109I_21_01	21	01	0	144	0	0	0	CR	MAX	Anailbrush3.jpg	Anailbrush3.jpg	NOKEY	MAX	NOKEY
1447087563439	0	lts_1109I_21_01	21	01	0	145	16	1	1	Hit	612	16-mul/Aplasticbott3.jpg	Aplasticbott3.jpg	SPACE	652	SPACE
1447087566515	0	lts_1109I_21_01	21	01	0	146	0	0	0	CR	MAX	AORGAN.jpg	AORGAN.jpg	NOKEY	MAX	NOKEY
1447087569606	0	lts_1109I_21_01	21	01	0	147	0	0	0	CR	MAX	ADRESSE14.jpg	ADRESSE14.jpg	NOKEY	MAX	NOKEY
1447087572682	0	lts_1109I_21_01	21	01	0	148	0	0	0	CR	MAX	1/ASKELETO4.jpg	ASKELETO4.jpg	NOKEY	MAX	NOKEY
1447087573736	0	lts_1109I_21_01	21	01	0	149	1	1	1	Hit	583	1-8/ASKELETO4.jpg	ASKELETO4.jpg	SPACE	620	SPACE
1447087576812	0	lts_1109I_21_01	21	01	0	150	0	0	0	CR	MAX	4/ACHAIR.jpg	ACHAIR.jpg	NOKEY	MAX	NOKEY
1447087579888	0	lts_1109I_21_01	21	01	0	151	0	0	0	CR	MAX	128/AWOODST19.jpg	AWOODST19.jpg	NOKEY	MAX	NOKEY
1447087582964	0	lts_1109I_21_01	21	01	0	152	0	0	0	CR	MAX	8079436.thl.jpg	8079436.thl.jpg	NOKEY	MAX	NOKEY
1447087586058	0	lts_1109I_21_01	21	01	0	153	0	0	0	CR	MAX	juicebox.jpg	juicebox.jpg	NOKEY	MAX	NOKEY
1447087587662	0	lts_1109I_21_01	21	01	0	154	4	1	1	Hit	1135	4-5/ACHAIR.jpg	ACHAIR.jpg	SPACE	1171	SPACE
1447087590738	0	lts_1109I_21_01	21	01	0	155	0	0	0	CR	MAX	Ajewisho2.jpg	Ajewisho2.jpg	NOKEY	MAX	NOKEY
1447087593814	0	lts_1109I_21_01	21	01	0	156	0	0	0	CR	MAX	Acoatrack5.jpg	Acoatrack5.jpg	NOKEY	MAX	NOKEY
1447087596890	0	lts_1109I_21_01	21	01	0	157	0	0	0	CR	MAX	1/26428540.thl.jpg	26428540.thl.jpg	NOKEY	MAX	NOKEY
1447087597859	0	lts_1109I_21_01	21	01	0	158	1	1	1	Hit	499	1-0/26428540.thl.jpg	26428540.thl.jpg	SPACE	536	SPACE
1447087600936	0	lts_1109I_21_01	21	01	0	159	0	0	0	CR	MAX	9821274.thl.jpg	9821274.thl.jpg	NOKEY	MAX	NOKEY
1447087604013	0	lts_1109I_21_01	21	01	0	160	0	0	0	CR	MAX	22991767.thl.jpg	22991767.thl.jpg	NOKEY	MAX	NOKEY
1447087607089	0	lts_1109I_21_01	21	01	0	161	0	0	0	CR	MAX	Acampingtoolk.jpg	Acampingtoolk.jpg	NOKEY	MAX	NOKEY
1447087610165	0	lts_1109I_21_01	21	01	0	162	0	0	0	CR	MAX	Atintelephone.jpg	Atintelephone.jpg	NOKEY	MAX	NOKEY
1447087613241	0	lts_1109I_21_01	21	01	0	163	0	0	0	CR	MAX	Astadium.jpg	Astadium.jpg	NOKEY	MAX	NOKEY
1447087616334	0	lts_1109I_21_01	21	01	0	164	0	0	0	CR	MAX	ABROKUMBR.jpg	ABROKUMBR.jpg	NOKEY	MAX	NOKEY
1447087619426	0	lts_1109I_21_01	21	01	0	165	0	0	0	CR	MAX	euthsda.jpg	euthsda.jpg	NOKEY	MAX	NOKEY
1447087622502	0	lts_1109I_21_01	21	01	0	166	0	0	0	CR	MAX	64/10052787.thm.jpg	10052787.thm.jpg	NOKEY	MAX	NOKEY
1447087625578	0	lts_1109I_21_01	21	01	0	167	0	0	0	CR	MAX	2/mriscanner.jpg	mriscanner.jpg	NOKEY	MAX	NOKEY
1447087628654	0	lts_1109I_21_01	21	01	0	168	0	0	0	CR	MAX	Aantelopesku5.jpg	Aantelopesku5.jpg	NOKEY	MAX	NOKEY
1447087629690	0	lts_1109I_21_01	21	01	0	169	2	1	1	Hit	556	2-11/mriscanner.jpg	mriscanner.jpg	SPACE	603	SPACE
1447087632766	0	lts_1109I_21_01	21	01	0	170	0	0	0	CR	MAX	Awickerchair8.jpg	Awickerchair8.jpg	NOKEY	MAX	NOKEY
1447087635842	0	lts_1109I_21_01	21	01	0	171	0	0	0	CR	MAX	AGLASSBO7.jpg	AGLASSBO7.jpg	NOKEY	MAX	NOKEY
1447087638918	0	lts_1109I_21_01	21	01	0	172	0	0	0	CR	MAX	26461587.thl.jpg	26461587.thl.jpg	NOKEY	MAX	NOKEY
1447087641994	0	lts_1109I_21_01	21	01	0	173	0	0	0	CR	MAX	16/Ahippopotamu4.jpg	Ahippopotamu4.jpg	NOKEY	MAX	NOKEY
1447087645071	0	lts_1109I_21_01	21	01	0	174	0	0	0	CR	MAX	pinkhoodie.jpg	pinkhoodie.jpg	NOKEY	MAX	NOKEY
1447087648164	0	lts_1109I_21_01	21	01	0	175	0	0	0	CR	MAX	26429097.thl.jpg	26429097.thl.jpg	NOKEY	MAX	NOKEY
1447087651240	0	lts_1109I_21_01	21	01	0	176	0	0	0	CR	MAX	26282515.thl.jpg	26282515.thl.jpg	NOKEY	MAX	NOKEY
1447087654316	0	lts_1109I_21_01	21	01	0	177	0	0	0	CR	MAX	8/grips.jpg	grips.jpg	NOKEY	MAX	NOKEY
1447087657392	0	lts_1109I_21_01	21	01	0	178	0	0	0	CR	MAX	Adoorknocker2.jpg	Adoorknocker2.jpg	NOKEY	MAX	NOKEY
1447087660468	0	lts_1109I_21_01	21	01	0	179	0	0	0	CR	MAX	ADENSYRIN.jpg	ADENSYRIN.jpg	NOKEY	MAX	NOKEY
1447087663544	0	lts_1109I_21_01	21	01	0	180	0	0	0	CR	MAX	Achair1260.jpg	Achair1260.jpg	NOKEY	MAX	NOKEY
1447087666619	0	lts_1109I_21_01	21	01	0	181	0	0	0	CR	MAX	26772824.thl.jpg	26772824.thl.jpg	NOKEY	MAX	NOKEY
1447087669696	0	lts_1109I_21_01	21	01	0	182	0	0	0	CR	MAX	26432173.thl.jpg	26432173.thl.jpg	NOKEY	MAX	NOKEY
1447087672772	0	lts_1109I_21_01	21	01	0	183	0	0	0	CR	MAX	broccoli.jpg	broccoli.jpg	NOKEY	MAX	NOKEY
1447087675848	0	lts_1109I_21_01	21	01	0	184	0	0	0	CR	MAX	Afirstaidkit3.jpg	Afirstaidkit3.jpg	NOKEY	MAX	NOKEY
1447087677019	0	lts_1109I_21_01	21	01	0	185	8	1	1	Hit	687	8-first/grips.jpg	grips.jpg	SPACE	737	SPACE
1447087680112	0	lts_1109I_21_01	21	01	0	186	0	0	0	CR	MAX	Azebra8.jpg	Azebra8.jpg	NOKEY	MAX	NOKEY
1447087681165	0	lts_1109I_21_01	21	01	0	187	2	1	1	Hit	580	2-mul/grips.jpg	grips.jpg	SPACE	618	SPACE
1447087684241	0	lts_1109I_21_01	21	01	0	188	0	0	0	CR	MAX	Abottleofwin4.jpg	Abottleofwin4.jpg	NOKEY	MAX	NOKEY
1447087685294	0	lts_1109I_21_01	21	01	0	189	16	1	1	Hit	580	16-first/Ahippopotamu4.jpg	Ahippopotamu4.jpg	SPACE	617	SPACE
1447087688370	0	lts_1109I_21_01	21	01	0	190	0	0	0	CR	MAX	ball8.JPG	ball8.JPG	NOKEY	MAX	NOKEY
1447087691446	0	lts_1109I_21_01	21	01	0	191	0	0	0	CR	MAX	128/Aantiquemeta2.jpg	Aantiquemeta2.jpg	NOKEY	MAX	NOKEY
1447087694522	0	lts_1109I_21_01	21	01	0	192	0	0	0	CR	MAX	AANTMILK.jpg	AANTMILK.jpg	NOKEY	MAX	NOKEY
1447087697599	0	lts_1109I_21_01	21	01	0	193	0	0	0	CR	MAX	Afoodgrinder2.jpg	Afoodgrinder2.jpg	NOKEY	MAX	NOKEY
1447087700674	0	lts_1109I_21_01	21	01	0	194	0	0	0	CR	MAX	AHOSPWAS2.jpg	AHOSPWAS2.jpg	NOKEY	MAX	NOKEY
1447087703750	0	lts_1109I_21_01	21	01	0	195	0	0	0	CR	MAX	8250565.thl.jpg	8250565.thl.jpg	NOKEY	MAX	NOKEY
1447087706826	0	lts_1109I_21_01	21	01	0	196	0	0	0	CR	MAX	AABSTRACT.jpg	AABSTRACT.jpg	NOKEY	MAX	NOKEY
1447087709919	0	lts_1109I_21_01	21	01	0	197	0	0	0	CR	MAX	4/26421070.thl.jpg	26421070.thl.jpg	NOKEY	MAX	NOKEY
1447087712995	0	lts_1109I_21_01	21	01	0	198	0	0	0	CR	MAX	1/handcomputerN.JPG	handcomputerN.JPG	NOKEY	MAX	NOKEY
1447087714082	0	lts_1109I_21_01	21	01	0	199	1	1	1	Hit	601	1-9/handcomputerN.JPG	handcomputerN.JPG	SPACE	651	SPACE
1447087717158	0	lts_1109I_21_01	21	01	0	200	0	0	0	CR	MAX	Apeddleboat3.jpg	Apeddleboat3.jpg	NOKEY	MAX	NOKEY
1447087718412	0	lts_1109I_21_01	21	01	0	201	4	1	1	Hit	780	4-3/26421070.thl.jpg	26421070.thl.jpg	SPACE	818	SPACE
1447087721488	0	lts_1109I_21_01	21	01	0	202	0	0	0	CR	MAX	Amouthpiece4.jpg	Amouthpiece4.jpg	NOKEY	MAX	NOKEY
1447087724564	0	lts_1109I_21_01	21	01	0	203	0	0	0	CR	MAX	Abottle98.jpg	Abottle98.jpg	NOKEY	MAX	NOKEY
1447087727639	0	lts_1109I_21_01	21	01	0	204	0	0	0	CR	MAX	Abasket108.jpg	Abasket108.jpg	NOKEY	MAX	NOKEY
1447087728692	0	lts_1109I_21_01	21	01	0	205	16	1	1	Hit	581	16-mul/Ahippopotamu4.jpg	Ahippopotamu4.jpg	SPACE	619	SPACE
1447087731769	0	lts_1109I_21_01	21	01	0	206	0	0	0	CR	MAX	ABUSTFOR7.jpg	ABUSTFOR7.jpg	NOKEY	MAX	NOKEY
1447087734845	0	lts_1109I_21_01	21	01	0	207	0	0	0	CR	MAX	ABROWCONT.jpg	ABROWCONT.jpg	NOKEY	MAX	NOKEY
1447087737937	0	lts_1109I_21_01	21	01	0	208	0	0	0	CR	MAX	64/ADRILL3.jpg	ADRILL3.jpg	NOKEY	MAX	NOKEY
1447087741015	0	lts_1109I_21_01	21	01	0	209	0	0	0	CR	MAX	ACHRISTO3.jpg	ACHRISTO3.jpg	NOKEY	MAX	NOKEY
1447087744091	0	lts_1109I_21_01	21	01	0	210	0	0	0	CR	MAX	32/Ahorse23.jpg	Ahorse23.jpg	NOKEY	MAX	NOKEY
1447087747167	0	lts_1109I_21_01	21	01	0	211	0	0	0	CR	MAX	ABATHTAP.jpg	ABATHTAP.jpg	NOKEY	MAX	NOKEY
1447087750243	0	lts_1109I_21_01	21	01	0	212	0	0	0	CR	MAX	1/APOWEDCAS.jpg	APOWEDCAS.jpg	NOKEY	MAX	NOKEY
1447087751346	0	lts_1109I_21_01	21	01	0	213	1	1	1	Hit	618	1-6/APOWEDCAS.jpg	APOWEDCAS.jpg	SPACE	668	SPACE
1447087754422	0	lts_1109I_21_01	21	01	0	214	0	0	0	CR	MAX	Abananasundae.jpg	Abananasundae.jpg	NOKEY	MAX	NOKEY
1447087757498	0	lts_1109I_21_01	21	01	0	215	4	1	0	Miss	MAX	4/DSCN1248-sm.jpg	DSCN1248-sm.jpg	NOKEY	MAX	SPACE
1447087760574	0	lts_1109I_21_01	21	01	0	216	0	0	0	CR	MAX	8/AREDPLUM.jpg	AREDPLUM.jpg	NOKEY	MAX	NOKEY
1447087763649	0	lts_1109I_21_01	21	01	0	217	0	0	0	CR	MAX	ABREADMAC.jpg	ABREADMAC.jpg	NOKEY	MAX	NOKEY
1447087766742	0	lts_1109I_21_01	21	01	0	218	0	0	0	CR	MAX	8/Acamelsculpt2.jpg	Acamelsculpt2.jpg	NOKEY	MAX	NOKEY
1447087767762	0	lts_1109I_21_01	21	01	0	219	4	1	1	Hit	551	4-4/DSCN1248-sm.jpg	DSCN1248-sm.jpg	SPACE	586	SPACE
1447087770838	0	lts_1109I_21_01	21	01	0	220	0	0	0	CR	MAX	Asword138.jpg	Asword138.jpg	NOKEY	MAX	NOKEY
1447087773914	0	lts_1109I_21_01	21	01	0	221	0	0	0	CR	MAX	64/26451168.thl.jpg	26451168.thl.jpg	NOKEY	MAX	NOKEY
1447087777008	0	lts_1109I_21_01	21	01	0	222	0	0	0	CR	MAX	22854108.thl.jpg	22854108.thl.jpg	NOKEY	MAX	NOKEY
1447087780084	0	lts_1109I_21_01	21	01	0	223	0	0	0	CR	MAX	128/26427867.thl.jpg	26427867.thl.jpg	NOKEY	MAX	NOKEY
1447087781371	0	lts_1109I_21_01	21	01	0	224	8	1	1	Hit	817	8-first/AREDPLUM.jpg	AREDPLUM.jpg	SPACE	852	SPACE
1447087784447	0	lts_1109I_21_01	21	01	0	225	0	0	0	CR	MAX	128/Achocolateice.jpg	Achocolateice.jpg	NOKEY	MAX	NOKEY
1447087785784	0	lts_1109I_21_01	21	01	0	226	8	1	1	Hit	837	8-2/Acamelsculpt2.jpg	Acamelsculpt2.jpg	SPACE	886	SPACE
1447087788860	0	lts_1109I_21_01	21	01	0	227	0	0	0	CR	MAX	AANTHAT2.jpg	AANTHAT2.jpg	NOKEY	MAX	NOKEY
1447087789863	0	lts_1109I_21_01	21	01	0	228	4	1	1	Hit	531	4-mul/AREDPLUM.jpg	AREDPLUM.jpg	SPACE	570	SPACE
1447087792939	0	lts_1109I_21_01	21	01	0	229	0	0	0	CR	MAX	AFISHHOO9.jpg	AFISHHOO9.jpg	NOKEY	MAX	NOKEY
1447087796016	0	lts_1109I_21_01	21	01	0	230	64	1	0	Miss	MAX	64-first/10052787.thm.jpg	10052787.thm.jpg	NOKEY	MAX	SPACE
1447087799109	0	lts_1109I_21_01	21	01	0	231	0	0	0	CR	MAX	APERSRUG.jpg	APERSRUG.jpg	NOKEY	MAX	NOKEY
1447087800095	0	lts_1109I_21_01	21	01	0	232	2	1	1	Hit	509	2-mul/10052787.thm.jpg	10052787.thm.jpg	SPACE	551	SPACE
1447087803188	0	lts_1109I_21_01	21	01	0	233	0	0	0	CR	MAX	barssport.jpg	barssport.jpg	NOKEY	MAX	NOKEY
1447087804358	0	lts_1109I_21_01	21	01	0	234	128	1	1	Hit	691	128-1/Avideocamera2.jpg	Avideocamera2.jpg	SPACE	735	SPACE
1447087807434	0	lts_1109I_21_01	21	01	0	235	0	0	0	CR	MAX	Acompass18.jpg	Acompass18.jpg	NOKEY	MAX	NOKEY
1447087810510	0	lts_1109I_21_01	21	01	0	236	0	0	0	CR	MAX	22903148.thl.jpg	22903148.thl.jpg	NOKEY	MAX	NOKEY
1447087813586	0	lts_1109I_21_01	21	01	0	237	0	0	0	CR	MAX	16/AHAIRCLI6.jpg	AHAIRCLI6.jpg	NOKEY	MAX	NOKEY
1447087816661	0	lts_1109I_21_01	21	01	0	238	0	0	0	CR	MAX	patioheater.jpg	patioheater.jpg	NOKEY	MAX	NOKEY
1447087819737	0	lts_1109I_21_01	21	01	0	239	0	0	0	CR	MAX	Abowlofporrid.jpg	Abowlofporrid.jpg	NOKEY	MAX	NOKEY
1447087822830	0	lts_1109I_21_01	21	01	0	240	0	0	0	CR	MAX	128/AHUNTVES2.jpg	AHUNTVES2.jpg	NOKEY	MAX	NOKEY
1447087825906	0	lts_1109I_21_01	21	01	0	241	0	0	0	CR	MAX	64/ASHINPAD3.jpg	ASHINPAD3.jpg	NOKEY	MAX	NOKEY
1447087827077	0	lts_1109I_21_01	21	01	0	242	32	1	1	Hit	695	32-2/Ahorse23.jpg	Ahorse23.jpg	SPACE	735	SPACE
1447087830170	0	lts_1109I_21_01	21	01	0	243	0	0	0	CR	MAX	64/Acorn10.jpg	Acorn10.jpg	NOKEY	MAX	NOKEY
1447087833246	0	lts_1109I_21_01	21	01	0	244	0	0	0	CR	MAX	8020347.thl.jpg	8020347.thl.jpg	NOKEY	MAX	NOKEY
1447087836322	0	lts_1109I_21_01	21	01	0	245	0	0	0	CR	MAX	2/AWALKTA25.jpg	AWALKTA25.jpg	NOKEY	MAX	NOKEY
1447087839398	0	lts_1109I_21_01	21	01	0	246	0	0	0	CR	MAX	8029214.thl.jpg	8029214.thl.jpg	NOKEY	MAX	NOKEY
1447087840435	0	lts_1109I_21_01	21	01	0	247	2	1	1	Hit	550	2-1/AWALKTA25.jpg	AWALKTA25.jpg	SPACE	602	SPACE
1447087843511	0	lts_1109I_21_01	21	01	0	248	0	0	0	CR	MAX	Atoybucketan4.jpg	Atoybucketan4.jpg	NOKEY	MAX	NOKEY
1447087846587	0	lts_1109I_21_01	21	01	0	249	0	0	0	CR	MAX	1/trapezebars.jpg	trapezebars.jpg	NOKEY	MAX	NOKEY
1447087847540	0	lts_1109I_21_01	21	01	0	250	1	1	1	Hit	471	1-10/trapezebars.jpg	trapezebars.jpg	SPACE	519	SPACE
1447087850615	0	lts_1109I_21_01	21	01	0	251	0	0	0	CR	MAX	mouse-a.jpg	mouse-a.jpg	NOKEY	MAX	NOKEY
1447087853691	0	lts_1109I_21_01	21	01	0	252	0	0	0	CR	MAX	9816397.thl.jpg	9816397.thl.jpg	NOKEY	MAX	NOKEY
1447087854878	0	lts_1109I_21_01	21	01	0	253	16	1	1	Hit	716	16-first/AHAIRCLI6.jpg	AHAIRCLI6.jpg	SPACE	753	SPACE
1447087857954	0	lts_1109I_21_01	21	01	0	254	0	0	0	CR	MAX	22887480.thl.jpg	22887480.thl.jpg	NOKEY	MAX	NOKEY
1447087858840	0	lts_1109I_21_01	21	01	0	255	2	1	1	Hit	417	2-mul/AHAIRCLI6.jpg	AHAIRCLI6.jpg	SPACE	452	SPACE
1447087861933	0	lts_1109I_21_01	21	01	0	256	0	0	0	CR	MAX	Akangarooandb.jpg	Akangarooandb.jpg	NOKEY	MAX	NOKEY
1447087865010	0	lts_1109I_21_01	21	01	0	257	0	0	0	CR	MAX	32/22853544.thl.jpg	22853544.thl.jpg	NOKEY	MAX	NOKEY
1447087868086	0	lts_1109I_21_01	21	01	0	258	0	0	0	CR	MAX	4/Awheatstalks2.jpg	Awheatstalks2.jpg	NOKEY	MAX	NOKEY
1447087871162	0	lts_1109I_21_01	21	01	0	259	0	0	0	CR	MAX	frtslpamix.jpg	frtslpamix.jpg	NOKEY	MAX	NOKEY
1447087874238	0	lts_1109I_21_01	21	01	0	260	0	0	0	CR	MAX	32/Abreakpl2.jpg	Abreakpl2.jpg	NOKEY	MAX	NOKEY
1447087877314	0	lts_1109I_21_01	21	01	0	261	0	0	0	CR	MAX	AFOOTST11.jpg	AFOOTST11.jpg	NOKEY	MAX	NOKEY
1447087878468	0	lts_1109I_21_01	21	01	0	262	4	1	1	Hit	682	4-6/Awheatstalks2.jpg	Awheatstalks2.jpg	SPACE	719	SPACE
1447087881544	0	lts_1109I_21_01	21	01	0	263	0	0	0	CR	MAX	AHOSPCAR3.jpg	AHOSPCAR3.jpg	NOKEY	MAX	NOKEY
1447087884636	0	lts_1109I_21_01	21	01	0	264	0	0	0	CR	MAX	Astreetlampwi.jpg	Astreetlampwi.jpg	NOKEY	MAX	NOKEY
1447087887728	0	lts_1109I_21_01	21	01	0	265	0	0	0	CR	MAX	16/shavingcream01.jpg	shavingcream01.jpg	NOKEY	MAX	NOKEY
1447087890804	0	lts_1109I_21_01	21	01	0	266	128	1	0	Miss	MAX	128-0/Adog71.jpg	Adog71.jpg	NOKEY	MAX	SPACE
1447087893881	0	lts_1109I_21_01	21	01	0	267	0	0	0	CR	MAX	2/Atoyslide.jpg	Atoyslide.jpg	NOKEY	MAX	NOKEY
1447087896957	0	lts_1109I_21_01	21	01	0	268	0	0	0	CR	MAX	Ahourglass4.jpg	Ahourglass4.jpg	NOKEY	MAX	NOKEY
1447087898078	0	lts_1109I_21_01	21	01	0	269	2	1	1	Hit	646	2-13/Atoyslide.jpg	Atoyslide.jpg	SPACE	686	SPACE
1447087901154	0	lts_1109I_21_01	21	01	0	270	0	0	0	CR	MAX	AELECOMP2.jpg	AELECOMP2.jpg	NOKEY	MAX	NOKEY
1447087904230	0	lts_1109I_21_01	21	01	0	271	0	0	0	CR	MAX	Atelephoneja2.jpg	Atelephoneja2.jpg	NOKEY	MAX	NOKEY
1447087907306	0	lts_1109I_21_01	21	01	0	272	64	1	0	Miss	MAX	64-first/ADRILL3.jpg	ADRILL3.jpg	NOKEY	MAX	SPACE
1447087910382	0	lts_1109I_21_01	21	01	0	273	0	0	0	CR	MAX	26372690.thl.jpg	26372690.thl.jpg	NOKEY	MAX	NOKEY
1447087913458	0	lts_1109I_21_01	21	01	0	274	0	0	0	CR	MAX	ATHERMO12.jpg	ATHERMO12.jpg	NOKEY	MAX	NOKEY
1447087916534	0	lts_1109I_21_01	21	01	0	275	0	0	0	CR	MAX	8/AXYLOPHN2.jpg	AXYLOPHN2.jpg	NOKEY	MAX	NOKEY
1447087917620	0	lts_1109I_21_01	21	01	0	276	4	1	1	Hit	603	4-mul/ADRILL3.jpg	ADRILL3.jpg	SPACE	652	SPACE
1447087920713	0	lts_1109I_21_01	21	01	0	277	0	0	0	CR	MAX	AWATERJU3.jpg	AWATERJU3.jpg	NOKEY	MAX	NOKEY
1447087923789	0	lts_1109I_21_01	21	01	0	278	0	0	0	CR	MAX	26440026.thl.jpg	26440026.thl.jpg	NOKEY	MAX	NOKEY
1447087925244	0	lts_1109I_21_01	21	01	0	279	128	1	1	Hit	977	128-5/AWOODST19.jpg	AWOODST19.jpg	SPACE	1020	SPACE
1447087928320	0	lts_1109I_21_01	21	01	0	280	0	0	0	CR	MAX	A1OCLOC2.jpg	A1OCLOC2.jpg	NOKEY	MAX	NOKEY
1447087929640	0	lts_1109I_21_01	21	01	0	281	16	1	1	Hit	838	16-first/shavingcream01.jpg	shavingcream01.jpg	SPACE	886	SPACE
1447087932716	0	lts_1109I_21_01	21	01	0	282	0	0	0	CR	MAX	Adecorativem2.jpg	Adecorativem2.jpg	NOKEY	MAX	NOKEY
1447087933853	0	lts_1109I_21_01	21	01	0	283	8	1	1	Hit	663	8-first/AXYLOPHN2.jpg	AXYLOPHN2.jpg	SPACE	704	SPACE
1447087936929	0	lts_1109I_21_01	21	01	0	284	0	0	0	CR	MAX	APUMPKI35.jpg	APUMPKI35.jpg	NOKEY	MAX	NOKEY
1447087940006	0	lts_1109I_21_01	21	01	0	285	64	1	0	Miss	MAX	64-first/26451168.thl.jpg	26451168.thl.jpg	NOKEY	MAX	SPACE
1447087943082	0	lts_1109I_21_01	21	01	0	286	0	0	0	CR	MAX	ACHEMSET3.jpg	ACHEMSET3.jpg	NOKEY	MAX	NOKEY
1447087946158	0	lts_1109I_21_01	21	01	0	287	0	0	0	CR	MAX	Astackingtoy2.jpg	Astackingtoy2.jpg	NOKEY	MAX	NOKEY
1447087949251	0	lts_1109I_21_01	21	01	0	288	0	0	0	CR	MAX	Anetworkplug4.jpg	Anetworkplug4.jpg	NOKEY	MAX	NOKEY
1447087950388	0	lts_1109I_21_01	21	01	0	289	32	1	1	Hit	653	32-5/22853544.thl.jpg	22853544.thl.jpg	SPACE	701	SPACE
1447087953464	0	lts_1109I_21_01	21	01	0	290	0	0	0	CR	MAX	Aantiquesofa4.jpg	Aantiquesofa4.jpg	NOKEY	MAX	NOKEY
1447087956540	0	lts_1109I_21_01	21	01	0	291	0	0	0	CR	MAX	ABLUBLOTT.jpg	ABLUBLOTT.jpg	NOKEY	MAX	NOKEY
1447087957609	0	lts_1109I_21_01	21	01	0	292	32	1	1	Hit	595	32-6/Abreakpl2.jpg	Abreakpl2.jpg	SPACE	635	SPACE
1447087960685	0	lts_1109I_21_01	21	01	0	293	0	0	0	CR	MAX	ATHISEND4.jpg	ATHISEND4.jpg	NOKEY	MAX	NOKEY
1447087963761	0	lts_1109I_21_01	21	01	0	294	0	0	0	CR	MAX	Awoodenspoon3.jpg	Awoodenspoon3.jpg	NOKEY	MAX	NOKEY
1447087966837	0	lts_1109I_21_01	21	01	0	295	0	0	0	CR	MAX	16/AKITE5.jpg	AKITE5.jpg	NOKEY	MAX	NOKEY
1447087969930	0	lts_1109I_21_01	21	01	0	296	0	0	0	CR	MAX	ACARMON.jpg	ACARMON.jpg	NOKEY	MAX	NOKEY
1447087970866	0	lts_1109I_21_01	21	01	0	297	16	1	1	Hit	461	16-mul/shavingcream01.jpg	shavingcream01.jpg	SPACE	503	SPACE
1447087973959	0	lts_1109I_21_01	21	01	0	298	0	0	0	CR	MAX	26419689.thl.jpg	26419689.thl.jpg	NOKEY	MAX	NOKEY
1447087975113	0	lts_1109I_21_01	21	01	0	299	16	1	1	Hit	668	16-mul/AXYLOPHN2.jpg	AXYLOPHN2.jpg	SPACE	719	SPACE
1447087978189	0	lts_1109I_21_01	21	01	0	300	0	0	0	CR	MAX	128/Achair611.jpg	Achair611.jpg	NOKEY	MAX	NOKEY
1447087979192	0	lts_1109I_21_01	21	01	0	301	16	1	1	Hit	523	16-mul/26451168.thl.jpg	26451168.thl.jpg	SPACE	567	SPACE
1447087982285	0	lts_1109I_21_01	21	01	0	302	0	0	0	CR	MAX	Agluegun.jpg	Agluegun.jpg	NOKEY	MAX	NOKEY
1447087985361	0	lts_1109I_21_01	21	01	0	303	0	0	0	CR	MAX	8081398.thl.jpg	8081398.thl.jpg	NOKEY	MAX	NOKEY
1447087988437	0	lts_1109I_21_01	21	01	0	304	0	0	0	CR	MAX	22896812.thl.jpg	22896812.thl.jpg	NOKEY	MAX	NOKEY
1447087989723	0	lts_1109I_21_01	21	01	0	305	64	1	1	Hit	813	64-first/ASHINPAD3.jpg	ASHINPAD3.jpg	SPACE	852	SPACE
1447087992799	0	lts_1109I_21_01	21	01	0	306	0	0	0	CR	MAX	Aboardgame2.jpg	Aboardgame2.jpg	NOKEY	MAX	NOKEY
1447087993886	0	lts_1109I_21_01	21	01	0	307	64	1	1	Hit	611	64-first/Acorn10.jpg	Acorn10.jpg	SPACE	653	SPACE
1447087996962	0	lts_1109I_21_01	21	01	0	308	0	0	0	CR	MAX	26379647.thl.jpg	26379647.thl.jpg	NOKEY	MAX	NOKEY
1447087997999	0	lts_1109I_21_01	21	01	0	309	2	1	1	Hit	565	2-mul/Acorn10.jpg	Acorn10.jpg	SPACE	603	SPACE
1447088001076	0	lts_1109I_21_01	21	01	0	310	0	0	0	CR	MAX	26384863.thl.jpg	26384863.thl.jpg	NOKEY	MAX	NOKEY
1447088002280	0	lts_1109I_21_01	21	01	0	311	16	1	1	Hit	727	16-first/AKITE5.jpg	AKITE5.jpg	SPACE	768	SPACE
1447088005355	0	lts_1109I_21_01	21	01	0	312	0	0	0	CR	MAX	26556936.thl.jpg	26556936.thl.jpg	NOKEY	MAX	NOKEY
1447088008448	0	lts_1109I_21_01	21	01	0	313	0	0	0	CR	MAX	16/APICTURE.jpg	APICTURE.jpg	NOKEY	MAX	NOKEY
1447088011524	0	lts_1109I_21_01	21	01	0	314	0	0	0	CR	MAX	blueflatbox.jpg	blueflatbox.jpg	NOKEY	MAX	NOKEY
1447088012578	0	lts_1109I_21_01	21	01	0	315	4	1	1	Hit	583	4-mul/AKITE5.jpg	AKITE5.jpg	SPACE	618	SPACE
1447088015653	0	lts_1109I_21_01	21	01	0	316	0	0	0	CR	MAX	64/Alobster10.jpg	Alobster10.jpg	NOKEY	MAX	NOKEY
1447088018729	0	lts_1109I_21_01	21	01	0	317	0	0	0	CR	MAX	AARTMELON.jpg	AARTMELON.jpg	NOKEY	MAX	NOKEY
1447088021805	0	lts_1109I_21_01	21	01	0	318	0	0	0	CR	MAX	AFOODBLEN.jpg	AFOODBLEN.jpg	NOKEY	MAX	NOKEY
1447088024881	0	lts_1109I_21_01	21	01	0	319	128	1	0	Miss	MAX	128-2/Aantiquemeta2.jpg	Aantiquemeta2.jpg	NOKEY	MAX	SPACE
1447088027957	0	lts_1109I_21_01	21	01	0	320	0	0	0	CR	MAX	16/Ascrewmount.jpg	Ascrewmount.jpg	NOKEY	MAX	NOKEY
1447088028943	0	lts_1109I_21_01	21	01	0	321	16	1	1	Hit	508	16-mul/ASHINPAD3.jpg	ASHINPAD3.jpg	SPACE	553	SPACE
1447088032020	0	lts_1109I_21_01	21	01	0	322	0	0	0	CR	MAX	22855536.thl.jpg	22855536.thl.jpg	NOKEY	MAX	NOKEY
1447088035096	0	lts_1109I_21_01	21	01	0	323	0	0	0	CR	MAX	Atoymerrygoro.jpg	Atoymerrygoro.jpg	NOKEY	MAX	NOKEY
1447088038172	0	lts_1109I_21_01	21	01	0	324	0	0	0	CR	MAX	ABABYSPOO.jpg	ABABYSPOO.jpg	NOKEY	MAX	NOKEY
1447088041265	0	lts_1109I_21_01	21	01	0	325	0	0	0	CR	MAX	10049507.thl-1.jpg	10049507.thl-1.jpg	NOKEY	MAX	NOKEY
1447088044341	0	lts_1109I_21_01	21	01	0	326	0	0	0	CR	MAX	Adresser11.jpg	Adresser11.jpg	NOKEY	MAX	NOKEY
1447088047417	0	lts_1109I_21_01	21	01	0	327	0	0	0	CR	MAX	4/26374787.thl.jpg	26374787.thl.jpg	NOKEY	MAX	NOKEY
1447088050493	0	lts_1109I_21_01	21	01	0	328	0	0	0	CR	MAX	ABATHTUB3.jpg	ABATHTUB3.jpg	NOKEY	MAX	NOKEY
1447088051847	0	lts_1109I_21_01	21	01	0	329	16	1	1	Hit	871	16-first/APICTURE.jpg	APICTURE.jpg	SPACE	919	SPACE
1447088054923	0	lts_1109I_21_01	21	01	0	330	0	0	0	CR	MAX	Abreastpump2.jpg	Abreastpump2.jpg	NOKEY	MAX	NOKEY
1447088055959	0	lts_1109I_21_01	21	01	0	331	4	1	1	Hit	553	4-12/26374787.thl.jpg	26374787.thl.jpg	SPACE	603	SPACE
1447088059053	0	lts_1109I_21_01	21	01	0	332	0	0	0	CR	MAX	ACASTANET.jpg	ACASTANET.jpg	NOKEY	MAX	NOKEY
1447088060073	0	lts_1109I_21_01	21	01	0	333	4	1	1	Hit	544	4-mul/APICTURE.jpg	APICTURE.jpg	SPACE	584	SPACE
1447088063149	0	lts_1109I_21_01	21	01	0	334	0	0	0	CR	MAX	decorativesquash.jpg	decorativesquash.jpg	NOKEY	MAX	NOKEY
1447088066225	0	lts_1109I_21_01	21	01	0	335	0	0	0	CR	MAX	4/batslbir.jpg	batslbir.jpg	NOKEY	MAX	NOKEY
1447088067345	0	lts_1109I_21_01	21	01	0	336	16	1	1	Hit	634	16-1/Ascrewmount.jpg	Ascrewmount.jpg	SPACE	685	SPACE
1447088070438	0	lts_1109I_21_01	21	01	0	337	0	0	0	CR	MAX	8/Aconcreteblo3.jpg	Aconcreteblo3.jpg	NOKEY	MAX	NOKEY
1447088073514	0	lts_1109I_21_01	21	01	0	338	0	0	0	CR	MAX	seesaw.jpg	seesaw.jpg	NOKEY	MAX	NOKEY
1447088074683	0	lts_1109I_21_01	21	01	0	339	4	1	1	Hit	697	4-11/batslbir.jpg	batslbir.jpg	SPACE	736	SPACE
1447088077759	0	lts_1109I_21_01	21	01	0	340	0	0	0	CR	MAX	marshmallows.jpg	marshmallows.jpg	NOKEY	MAX	NOKEY
1447088080835	0	lts_1109I_21_01	21	01	0	341	0	0	0	CR	MAX	Abeverageingl.jpg	Abeverageingl.jpg	NOKEY	MAX	NOKEY
1447088083928	0	lts_1109I_21_01	21	01	0	342	0	0	0	CR	MAX	64/gymbars.jpg	gymbars.jpg	NOKEY	MAX	NOKEY
1447088087005	0	lts_1109I_21_01	21	01	0	343	0	0	0	CR	MAX	32/8031659.thl.jpg	8031659.thl.jpg	NOKEY	MAX	NOKEY
1447088090081	0	lts_1109I_21_01	21	01	0	344	0	0	0	CR	MAX	26429130.thl.jpg	26429130.thl.jpg	NOKEY	MAX	NOKEY
1447088091101	0	lts_1109I_21_01	21	01	0	345	8	1	1	Hit	542	8-first/Aconcreteblo3.jpg	Aconcreteblo3.jpg	SPACE	584	SPACE
1447088094177	0	lts_1109I_21_01	21	01	0	346	0	0	0	CR	MAX	AWASHPART.jpg	AWASHPART.jpg	NOKEY	MAX	NOKEY
1447088095080	0	lts_1109I_21_01	21	01	0	347	2	1	1	Hit	422	2-mul/Aconcreteblo3.jpg	Aconcreteblo3.jpg	SPACE	468	SPACE
1447088098206	0	lts_1109I_21_01	21	01	0	348	0	0	0	CR	MAX	16/AORIGIRL3.jpg	AORIGIRL3.jpg	NOKEY	MAX	NOKEY
1447088101282	0	lts_1109I_21_01	21	01	0	349	0	0	0	CR	MAX	funlamp.jpg	funlamp.jpg	NOKEY	MAX	NOKEY
1447088104358	0	lts_1109I_21_01	21	01	0	350	0	0	0	CR	MAX	Aparrot80.jpg	Aparrot80.jpg	NOKEY	MAX	NOKEY
1447088107434	0	lts_1109I_21_01	21	01	0	351	128	1	0	Miss	MAX	128-3/26427867.thl.jpg	26427867.thl.jpg	NOKEY	MAX	SPACE
1447088110510	0	lts_1109I_21_01	21	01	0	352	0	0	0	CR	MAX	22875816.thl.jpg	22875816.thl.jpg	NOKEY	MAX	NOKEY
1447088111897	0	lts_1109I_21_01	21	01	0	353	128	1	1	Hit	908	128-4/Achocolateice.jpg	Achocolateice.jpg	SPACE	953	SPACE
1447088114973	0	lts_1109I_21_01	21	01	0	354	0	0	0	CR	MAX	64/26370445.thl.jpg	26370445.thl.jpg	NOKEY	MAX	NOKEY
1447088118050	0	lts_1109I_21_01	21	01	0	355	0	0	0	CR	MAX	Avacuum20.jpg	Avacuum20.jpg	NOKEY	MAX	NOKEY
1447088121126	0	lts_1109I_21_01	21	01	0	356	0	0	0	CR	MAX	ACOFFTA18.jpg	ACOFFTA18.jpg	NOKEY	MAX	NOKEY
1447088124202	0	lts_1109I_21_01	21	01	0	357	0	0	0	CR	MAX	E_statue.jpg	E_statue.jpg	NOKEY	MAX	NOKEY
1447088127295	0	lts_1109I_21_01	21	01	0	358	0	0	0	CR	MAX	2/Aroadsignind3.jpg	Aroadsignind3.jpg	NOKEY	MAX	NOKEY
1447088130388	0	lts_1109I_21_01	21	01	0	359	0	0	0	CR	MAX	Aantiquejuke2.jpg	Aantiquejuke2.jpg	NOKEY	MAX	NOKEY
1447088131391	0	lts_1109I_21_01	21	01	0	360	2	1	1	Hit	529	2-9/Aroadsignind3.jpg	Aroadsignind3.jpg	SPACE	568	SPACE
1447088134467	0	lts_1109I_21_01	21	01	0	361	0	0	0	CR	MAX	Adice10.jpg	Adice10.jpg	NOKEY	MAX	NOKEY
1447088137543	0	lts_1109I_21_01	21	01	0	362	0	0	0	CR	MAX	Agreenplastic.jpg	Agreenplastic.jpg	NOKEY	MAX	NOKEY
1447088140618	0	lts_1109I_21_01	21	01	0	363	0	0	0	CR	MAX	Awindmill3.jpg	Awindmill3.jpg	NOKEY	MAX	NOKEY
1447088141721	0	lts_1109I_21_01	21	01	0	364	16	1	1	Hit	626	16-first/AORIGIRL3.jpg	AORIGIRL3.jpg	SPACE	670	SPACE
1447088144797	0	lts_1109I_21_01	21	01	0	365	0	0	0	CR	MAX	ABLLIGHTB.jpg	ABLLIGHTB.jpg	NOKEY	MAX	NOKEY
1447088145733	0	lts_1109I_21_01	21	01	0	366	2	1	1	Hit	457	2-mul/AORIGIRL3.jpg	AORIGIRL3.jpg	SPACE	502	SPACE
1447088148809	0	lts_1109I_21_01	21	01	0	367	0	0	0	CR	MAX	Alipstick3.jpg	Alipstick3.jpg	NOKEY	MAX	NOKEY
1447088150165	0	lts_1109I_21_01	21	01	0	368	128	1	1	Hit	876	128-7/AHUNTVES2.jpg	AHUNTVES2.jpg	SPACE	919	SPACE
1447088153241	0	lts_1109I_21_01	21	01	0	369	0	0	0	CR	MAX	popcorn.jpg	popcorn.jpg	NOKEY	MAX	NOKEY
1447088156317	0	lts_1109I_21_01	21	01	0	370	0	0	0	CR	MAX	2/dftslturapr.jpg	dftslturapr.jpg	NOKEY	MAX	NOKEY
1447088159410	0	lts_1109I_21_01	21	01	0	371	0	0	0	CR	MAX	32/Anailpolish.jpg	Anailpolish.jpg	NOKEY	MAX	NOKEY
1447088160580	0	lts_1109I_21_01	21	01	0	372	2	1	1	Hit	698	2-0/dftslturapr.jpg	dftslturapr.jpg	SPACE	736	SPACE
1447088163655	0	lts_1109I_21_01	21	01	0	373	0	0	0	CR	MAX	22827540.thl.jpg	22827540.thl.jpg	NOKEY	MAX	NOKEY
1447088166748	0	lts_1109I_21_01	21	01	0	374	0	0	0	CR	MAX	Aornament89.jpg	Aornament89.jpg	NOKEY	MAX	NOKEY
1447088169824	0	lts_1109I_21_01	21	01	0	375	32	1	0	Miss	MAX	32-0/8031659.thl.jpg	8031659.thl.jpg	NOKEY	MAX	SPACE
1447088172900	0	lts_1109I_21_01	21	01	0	376	0	0	0	CR	MAX	1/ACUPEANE2.jpg	ACUPEANE2.jpg	NOKEY	MAX	NOKEY
1447088173886	0	lts_1109I_21_01	21	01	0	377	1	1	1	Hit	517	1-5/ACUPEANE2.jpg	ACUPEANE2.jpg	SPACE	553	SPACE
1447088176962	0	lts_1109I_21_01	21	01	0	378	0	0	0	CR	MAX	Awoodplaner2.jpg	Awoodplaner2.jpg	NOKEY	MAX	NOKEY
1447088180039	0	lts_1109I_21_01	21	01	0	379	0	0	0	CR	MAX	Aelectronicg9.jpg	Aelectronicg9.jpg	NOKEY	MAX	NOKEY
1447088181176	0	lts_1109I_21_01	21	01	0	380	64	1	1	Hit	657	64-first/Alobster10.jpg	Alobster10.jpg	SPACE	701	SPACE
1447088184252	0	lts_1109I_21_01	21	01	0	381	0	0	0	CR	MAX	Aclowguit.jpg	Aclowguit.jpg	NOKEY	MAX	NOKEY
1447088187328	0	lts_1109I_21_01	21	01	0	382	0	0	0	CR	MAX	AFENCIN50.jpg	AFENCIN50.jpg	NOKEY	MAX	NOKEY
1447088190421	0	lts_1109I_21_01	21	01	0	383	0	0	0	CR	MAX	8024092.thl.jpg	8024092.thl.jpg	NOKEY	MAX	NOKEY
1447088191441	0	lts_1109I_21_01	21	01	0	384	4	1	1	Hit	540	4-mul/Alobster10.jpg	Alobster10.jpg	SPACE	585	SPACE
1447088194517	0	lts_1109I_21_01	21	01	0	385	0	0	0	CR	MAX	makeupfoundation.jpg	makeupfoundation.jpg	NOKEY	MAX	NOKEY
1447088197593	0	lts_1109I_21_01	21	01	0	386	0	0	0	CR	MAX	AJEWELBO3.jpg	AJEWELBO3.jpg	NOKEY	MAX	NOKEY
1447088200668	0	lts_1109I_21_01	21	01	0	387	0	0	0	CR	MAX	AARMCHA25.jpg	AARMCHA25.jpg	NOKEY	MAX	NOKEY
1447088203744	0	lts_1109I_21_01	21	01	0	388	0	0	0	CR	MAX	2/AGRATER.jpg	AGRATER.jpg	NOKEY	MAX	NOKEY
1447088206820	0	lts_1109I_21_01	21	01	0	389	0	0	0	CR	MAX	26374713.thl.jpg	26374713.thl.jpg	NOKEY	MAX	NOKEY
1447088207890	0	lts_1109I_21_01	21	01	0	390	2	1	1	Hit	601	2-7/AGRATER.jpg	AGRATER.jpg	SPACE	636	SPACE
1447088210966	0	lts_1109I_21_01	21	01	0	391	0	0	0	CR	MAX	2/catslmifru.jpg	catslmifru.jpg	NOKEY	MAX	NOKEY
1447088214043	0	lts_1109I_21_01	21	01	0	392	0	0	0	CR	MAX	4/ACAMLENSE.jpg	ACAMLENSE.jpg	NOKEY	MAX	NOKEY
1447088215213	0	lts_1109I_21_01	21	01	0	393	2	1	1	Hit	695	2-12/catslmifru.jpg	catslmifru.jpg	SPACE	734	SPACE
1447088218306	0	lts_1109I_21_01	21	01	0	394	0	0	0	CR	MAX	ACUTPIN.jpg	ACUTPIN.jpg	NOKEY	MAX	NOKEY
1447088221382	0	lts_1109I_21_01	21	01	0	395	0	0	0	CR	MAX	AARTOOTH2.jpg	AARTOOTH2.jpg	NOKEY	MAX	NOKEY
1447088222802	0	lts_1109I_21_01	21	01	0	396	4	1	1	Hit	949	4-2/ACAMLENSE.jpg	ACAMLENSE.jpg	SPACE	986	SPACE
1447088225878	0	lts_1109I_21_01	21	01	0	397	0	0	0	CR	MAX	2/ACATCAGE.jpg	ACATCAGE.jpg	NOKEY	MAX	NOKEY
1447088228954	0	lts_1109I_21_01	21	01	0	398	0	0	0	CR	MAX	26437080.thl.jpg	26437080.thl.jpg	NOKEY	MAX	NOKEY
1447088230009	0	lts_1109I_21_01	21	01	0	399	2	1	1	Hit	579	2-10/ACATCAGE.jpg	ACATCAGE.jpg	SPACE	619	SPACE
1447088233085	0	lts_1109I_21_01	21	01	0	400	0	0	0	CR	MAX	Aframe196.jpg	Aframe196.jpg	NOKEY	MAX	NOKEY
1447088236161	0	lts_1109I_21_01	21	01	0	401	0	0	0	CR	MAX	26455774.thl.jpg	26455774.thl.jpg	NOKEY	MAX	NOKEY
1447088239237	0	lts_1109I_21_01	21	01	0	402	0	0	0	CR	MAX	Arose10.jpg	Arose10.jpg	NOKEY	MAX	NOKEY
1447088240474	0	lts_1109I_21_01	21	01	0	403	32	1	1	Hit	758	32-4/Anailpolish.jpg	Anailpolish.jpg	SPACE	803	SPACE
1447088243550	0	lts_1109I_21_01	21	01	0	404	0	0	0	CR	MAX	4/AGUIRO.jpg	AGUIRO.jpg	NOKEY	MAX	NOKEY
1447088246642	0	lts_1109I_21_01	21	01	0	405	0	0	0	CR	MAX	Astaircase.jpg	Astaircase.jpg	NOKEY	MAX	NOKEY
1447088248097	0	lts_1109I_21_01	21	01	0	406	64	1	1	Hit	974	64-first/gymbars.jpg	gymbars.jpg	SPACE	1020	SPACE
1447088251190	0	lts_1109I_21_01	21	01	0	407	0	0	0	CR	MAX	ABARREL3.jpg	ABARREL3.jpg	NOKEY	MAX	NOKEY
1447088252327	0	lts_1109I_21_01	21	01	0	408	4	1	1	Hit	660	4-9/AGUIRO.jpg	AGUIRO.jpg	SPACE	701	SPACE
1447088255403	0	lts_1109I_21_01	21	01	0	409	0	0	0	CR	MAX	32/Aflower102.jpg	Aflower102.jpg	NOKEY	MAX	NOKEY
1447088256490	0	lts_1109I_21_01	21	01	0	410	4	1	1	Hit	611	4-mul/gymbars.jpg	gymbars.jpg	SPACE	652	SPACE
1447088259566	0	lts_1109I_21_01	21	01	0	411	0	0	0	CR	MAX	ABUGLE2.jpg	ABUGLE2.jpg	NOKEY	MAX	NOKEY
1447088262641	0	lts_1109I_21_01	21	01	0	412	0	0	0	CR	MAX	1/AHEARTSPO.jpg	AHEARTSPO.jpg	NOKEY	MAX	NOKEY
1447088264531	0	lts_1109I_21_01	21	01	0	413	1	1	1	Hit	1412	1-1/AHEARTSPO.jpg	AHEARTSPO.jpg	SPACE	1456	SPACE
1447088267606	0	lts_1109I_21_01	21	01	0	414	0	0	0	CR	MAX	Aleopard19.jpg	Aleopard19.jpg	NOKEY	MAX	NOKEY
1447088270682	0	lts_1109I_21_01	21	01	0	415	0	0	0	CR	MAX	APETROL2.jpg	APETROL2.jpg	NOKEY	MAX	NOKEY
1447088273758	0	lts_1109I_21_01	21	01	0	416	4	1	0	Miss	MAX	4/MAT-J0150-J0153.jpg	MAT-J0150-J0153.jpg	NOKEY	MAX	SPACE
1447088276834	0	lts_1109I_21_01	21	01	0	417	0	0	0	CR	MAX	gameboy.jpg	gameboy.jpg	NOKEY	MAX	NOKEY
1447088278740	0	lts_1109I_21_01	21	01	0	418	64	1	1	Hit	1431	64-first/26370445.thl.jpg	26370445.thl.jpg	SPACE	1472	SPACE
1447088281833	0	lts_1109I_21_01	21	01	0	419	0	0	0	CR	MAX	AMIXER1.jpg	AMIXER1.jpg	NOKEY	MAX	NOKEY
1447088283138	0	lts_1109I_21_01	21	01	0	420	4	1	1	Hit	832	4-1/MAT-J0150-J0153.jpg	MAT-J0150-J0153.jpg	SPACE	869	SPACE
1447088286214	0	lts_1109I_21_01	21	01	0	421	0	0	0	CR	MAX	Acamera101.jpg	Acamera101.jpg	NOKEY	MAX	NOKEY
1447088289290	0	lts_1109I_21_01	21	01	0	422	0	0	0	CR	MAX	4/ABISHOP2.jpg	ABISHOP2.jpg	NOKEY	MAX	NOKEY
1447088292366	0	lts_1109I_21_01	21	01	0	423	0	0	0	CR	MAX	weddingdress.jpg	weddingdress.jpg	NOKEY	MAX	NOKEY
1447088295442	0	lts_1109I_21_01	21	01	0	424	0	0	0	CR	MAX	Abucket51.jpg	Abucket51.jpg	NOKEY	MAX	NOKEY
1447088298518	0	lts_1109I_21_01	21	01	0	425	0	0	0	CR	MAX	ABRANCHES.jpg	ABRANCHES.jpg	NOKEY	MAX	NOKEY
1447088299670	0	lts_1109I_21_01	21	01	0	426	4	1	1	Hit	680	4-10/ABISHOP2.jpg	ABISHOP2.jpg	SPACE	719	SPACE
1447088302747	0	lts_1109I_21_01	21	01	0	427	0	0	0	CR	MAX	ACLOGOPE3.jpg	ACLOGOPE3.jpg	NOKEY	MAX	NOKEY
1447088305823	0	lts_1109I_21_01	21	01	0	428	128	1	0	Miss	MAX	128-6/Achair611.jpg	Achair611.jpg	NOKEY	MAX	SPACE
1447088308915	0	lts_1109I_21_01	21	01	0	429	0	0	0	CR	MAX	8/AWOODENF3.jpg	AWOODENF3.jpg	NOKEY	MAX	NOKEY
1447088311991	0	lts_1109I_21_01	21	01	0	430	0	0	0	CR	MAX	AOPGLASS.jpg	AOPGLASS.jpg	NOKEY	MAX	NOKEY
1447088315069	0	lts_1109I_21_01	21	01	0	431	0	0	0	CR	MAX	Atool120.jpg	Atool120.jpg	NOKEY	MAX	NOKEY
1447088318145	0	lts_1109I_21_01	21	01	0	432	0	0	0	CR	MAX	ATELEPH12.jpg	ATELEPH12.jpg	NOKEY	MAX	NOKEY
1447088321221	0	lts_1109I_21_01	21	01	0	433	0	0	0	CR	MAX	Adriedleaf.jpg	Adriedleaf.jpg	NOKEY	MAX	NOKEY
1447088322357	0	lts_1109I_21_01	21	01	0	434	16	1	1	Hit	656	16-mul/26370445.thl.jpg	26370445.thl.jpg	SPACE	701	SPACE
1447088325500	0	lts_1109I_21_01	21	01	0	435	0	0	0	CR	MAX	23077768.thl.jpg	23077768.thl.jpg	NOKEY	MAX	NOKEY
1447088328576	0	lts_1109I_21_01	21	01	0	436	0	0	0	CR	MAX	Abuilding116.jpg	Abuilding116.jpg	NOKEY	MAX	NOKEY
1447088329963	0	lts_1109I_21_01	21	01	0	437	8	1	1	Hit	915	8-0/AWOODENF3.jpg	AWOODENF3.jpg	SPACE	953	SPACE
1447088333040	0	lts_1109I_21_01	21	01	0	438	0	0	0	CR	MAX	heartchocolat.jpg	heartchocolat.jpg	NOKEY	MAX	NOKEY
1447088336133	0	lts_1109I_21_01	21	01	0	439	0	0	0	CR	MAX	Abasket110.jpg	Abasket110.jpg	NOKEY	MAX	NOKEY
1447088339226	0	lts_1109I_21_01	21	01	0	440	0	0	0	CR	MAX	Awatch53.jpg	Awatch53.jpg	NOKEY	MAX	NOKEY
1447088340346	0	lts_1109I_21_01	21	01	0	441	32	1	1	Hit	647	32-1/Aflower102.jpg	Aflower102.jpg	SPACE	685	SPACE
1447088343422	0	lts_1109I_21_01	21	01	0	442	0	0	0	CR	MAX	23057742.thl.jpg	23057742.thl.jpg	NOKEY	MAX	NOKEY
1447088346498	0	lts_1109I_21_01	21	01	0	443	0	0	0	CR	MAX	Abowlofpasta.jpg	Abowlofpasta.jpg	NOKEY	MAX	NOKEY
1447088349574	0	lts_1109I_21_01	21	01	0	444	0	0	0	CR	MAX	8074514.thl.jpg	8074514.thl.jpg	NOKEY	MAX	NOKEY
1447088352649	0	lts_1109I_21_01	21	01	0	445	0	0	0	CR	MAX	ATREEHOUS.jpg	ATREEHOUS.jpg	NOKEY	MAX	NOKEY
1447088355725	0	lts_1109I_21_01	21	01	0	446	0	0	0	CR	MAX	2/APUMPCOOK.jpg	APUMPCOOK.jpg	NOKEY	MAX	NOKEY
1447088358818	0	lts_1109I_21_01	21	01	0	447	0	0	0	CR	MAX	toy2A.JPG	toy2A.JPG	NOKEY	MAX	NOKEY
1447088360039	0	lts_1109I_21_01	21	01	0	448	2	1	1	Hit	747	2-3/APUMPCOOK.jpg	APUMPCOOK.jpg	SPACE	786	SPACE
1447088363115	0	lts_1109I_21_01	21	01	0	449	0	0	0	CR	MAX	securitycamera.jpg	securitycamera.jpg	NOKEY	MAX	NOKEY
1447088397002	0	lts_1109I_21_01	21	01	1	0	0	0	0	CR	MAX	8059226.thl.jpg	8059226.thl.jpg	NOKEY	MAX	NOKEY
1447088400095	0	lts_1109I_21_01	21	01	1	1	0	0	0	CR	MAX	rollerblades.jpg	rollerblades.jpg	NOKEY	MAX	NOKEY
1447088403171	0	lts_1109I_21_01	21	01	1	2	0	0	0	CR	MAX	ADANGEAR5.jpg	ADANGEAR5.jpg	NOKEY	MAX	NOKEY
1447088406247	0	lts_1109I_21_01	21	01	1	3	0	0	0	CR	MAX	Alock34.jpg	Alock34.jpg	NOKEY	MAX	NOKEY
1447088409340	0	lts_1109I_21_01	21	01	1	4	0	0	0	CR	MAX	ACOUPLEF2.jpg	ACOUPLEF2.jpg	NOKEY	MAX	NOKEY
1447088412416	0	lts_1109I_21_01	21	01	1	5	0	0	0	CR	MAX	2/Acardboardpan.jpg	Acardboardpan.jpg	NOKEY	MAX	NOKEY
1447088415492	0	lts_1109I_21_01	21	01	1	6	0	0	0	CR	MAX	Aconferencer3.jpg	Aconferencer3.jpg	NOKEY	MAX	NOKEY
1447088416545	0	lts_1109I_21_01	21	01	1	7	2	1	1	Hit	573	2-11/Acardboardpan.jpg	Acardboardpan.jpg	SPACE	618	SPACE
1447088419620	0	lts_1109I_21_01	21	01	1	8	0	0	0	CR	MAX	1/ATROWEL2.jpg	ATROWEL2.jpg	NOKEY	MAX	NOKEY
1447088420924	0	lts_1109I_21_01	21	01	1	9	1	1	1	Hit	828	1-4/ATROWEL2.jpg	ATROWEL2.jpg	SPACE	870	SPACE
1447088424018	0	lts_1109I_21_01	21	01	1	10	0	0	0	CR	MAX	32/26461413.thl.jpg	26461413.thl.jpg	NOKEY	MAX	NOKEY
1447088427094	0	lts_1109I_21_01	21	01	1	11	0	0	0	CR	MAX	22923440.thl.jpg	22923440.thl.jpg	NOKEY	MAX	NOKEY
1447088430187	0	lts_1109I_21_01	21	01	1	12	0	0	0	CR	MAX	Aclockradio4.jpg	Aclockradio4.jpg	NOKEY	MAX	NOKEY
1447088433263	0	lts_1109I_21_01	21	01	1	13	8	1	0	Miss	MAX	8/spoon-a.jpg	spoon-a.jpg	NOKEY	MAX	SPACE
1447088436339	0	lts_1109I_21_01	21	01	1	14	0	0	0	CR	MAX	26379054.thl.jpg	26379054.thl.jpg	NOKEY	MAX	NOKEY
1447088439432	0	lts_1109I_21_01	21	01	1	15	0	0	0	CR	MAX	4/Achildtoy2.jpg	Achildtoy2.jpg	NOKEY	MAX	NOKEY
1447088442508	0	lts_1109I_21_01	21	01	1	16	0	0	0	CR	MAX	10049566.thl.jpg	10049566.thl.jpg	NOKEY	MAX	NOKEY
1447088445584	0	lts_1109I_21_01	21	01	1	17	00	1	0	Miss	MAX	00-across/Aancientston3.jpg	Aancientston3.jpg	NOKEY	MAX	SPACE
1447088448659	0	lts_1109I_21_01	21	01	1	18	0	0	0	CR	MAX	Achickendinne.jpg	Achickendinne.jpg	NOKEY	MAX	NOKEY
1447088449612	0	lts_1109I_21_01	21	01	1	19	4	1	1	Hit	484	4-6/Achildtoy2.jpg	Achildtoy2.jpg	SPACE	519	SPACE
1447088452688	0	lts_1109I_21_01	21	01	1	20	0	0	0	CR	MAX	chocolatebar.jpg	chocolatebar.jpg	NOKEY	MAX	NOKEY
1447088453825	0	lts_1109I_21_01	21	01	1	21	8	1	1	Hit	656	8-2/spoon-a.jpg	spoon-a.jpg	SPACE	703	SPACE
1447088456901	0	lts_1109I_21_01	21	01	1	22	0	0	0	CR	MAX	Aacarthatsbe2.jpg	Aacarthatsbe2.jpg	NOKEY	MAX	NOKEY
1447088459994	0	lts_1109I_21_01	21	01	1	23	0	0	0	CR	MAX	2/potato.jpg	potato.jpg	NOKEY	MAX	NOKEY
1447088463071	0	lts_1109I_21_01	21	01	1	24	0	0	0	CR	MAX	Agardeningshe.jpg	Agardeningshe.jpg	NOKEY	MAX	NOKEY
1447088464040	0	lts_1109I_21_01	21	01	1	25	2	1	1	Hit	489	2-0/potato.jpg	potato.jpg	SPACE	534	SPACE
1447088467116	0	lts_1109I_21_01	21	01	1	26	0	0	0	CR	MAX	Ahandbag68.jpg	Ahandbag68.jpg	NOKEY	MAX	NOKEY
1447088470193	0	lts_1109I_21_01	21	01	1	27	0	0	0	CR	MAX	Atrap4.jpg	Atrap4.jpg	NOKEY	MAX	NOKEY
1447088473269	0	lts_1109I_21_01	21	01	1	28	0	0	0	CR	MAX	ALOAFBR4.jpg	ALOAFBR4.jpg	NOKEY	MAX	NOKEY
1447088476345	0	lts_1109I_21_01	21	01	1	29	0	0	0	CR	MAX	8055554.thl.jpg	8055554.thl.jpg	NOKEY	MAX	NOKEY
1447088479421	0	lts_1109I_21_01	21	01	1	30	0	0	0	CR	MAX	Afox3.jpg	Afox3.jpg	NOKEY	MAX	NOKEY
1447088482497	0	lts_1109I_21_01	21	01	1	31	0	0	0	CR	MAX	AAIRGRIN2.jpg	AAIRGRIN2.jpg	NOKEY	MAX	NOKEY
1447088485573	0	lts_1109I_21_01	21	01	1	32	0	0	0	CR	MAX	2/shield.jpg	shield.jpg	NOKEY	MAX	NOKEY
1447088488665	0	lts_1109I_21_01	21	01	1	33	0	0	0	CR	MAX	APIPEST18.jpg	APIPEST18.jpg	NOKEY	MAX	NOKEY
1447088489801	0	lts_1109I_21_01	21	01	1	34	2	1	1	Hit	655	2-8/shield.jpg	shield.jpg	SPACE	703	SPACE
1447088492894	0	lts_1109I_21_01	21	01	1	35	0	0	0	CR	MAX	Awindmill4.jpg	Awindmill4.jpg	NOKEY	MAX	NOKEY
1447088495970	0	lts_1109I_21_01	21	01	1	36	0	0	0	CR	MAX	Apocketknifew.jpg	Apocketknifew.jpg	NOKEY	MAX	NOKEY
1447088499047	0	lts_1109I_21_01	21	01	1	37	0	0	0	CR	MAX	8/AANTICOT.jpg	AANTICOT.jpg	NOKEY	MAX	NOKEY
1447088502123	0	lts_1109I_21_01	21	01	1	38	0	0	0	CR	MAX	ASMOKDE16.jpg	ASMOKDE16.jpg	NOKEY	MAX	NOKEY
1447088505200	0	lts_1109I_21_01	21	01	1	39	0	0	0	CR	MAX	oilbottleolive.jpg	oilbottleolive.jpg	NOKEY	MAX	NOKEY
1447088508276	0	lts_1109I_21_01	21	01	1	40	0	0	0	CR	MAX	AHYPBOTT.jpg	AHYPBOTT.jpg	NOKEY	MAX	NOKEY
1447088511352	0	lts_1109I_21_01	21	01	1	41	0	0	0	CR	MAX	AJUICER.jpg	AJUICER.jpg	NOKEY	MAX	NOKEY
1447088514428	0	lts_1109I_21_01	21	01	1	42	32	1	0	Miss	MAX	32-3/26461413.thl.jpg	26461413.thl.jpg	NOKEY	MAX	SPACE
1447088517504	0	lts_1109I_21_01	21	01	1	43	0	0	0	CR	MAX	Ablossom.jpg	Ablossom.jpg	NOKEY	MAX	NOKEY
1447088520580	0	lts_1109I_21_01	21	01	1	44	0	0	0	CR	MAX	8/Acactusplant.jpg	Acactusplant.jpg	NOKEY	MAX	NOKEY
1447088521600	0	lts_1109I_21_01	21	01	1	45	8	1	1	Hit	536	8-first/AANTICOT.jpg	AANTICOT.jpg	SPACE	586	SPACE
1447088524691	0	lts_1109I_21_01	21	01	1	46	0	0	0	CR	MAX	AATOMODEL.jpg	AATOMODEL.jpg	NOKEY	MAX	NOKEY
1447088525678	0	lts_1109I_21_01	21	01	1	47	2	1	1	Hit	513	2-mul/AANTICOT.jpg	AANTICOT.jpg	SPACE	553	SPACE
1447088528754	0	lts_1109I_21_01	21	01	1	48	0	0	0	CR	MAX	Acookiecutte3.jpg	Acookiecutte3.jpg	NOKEY	MAX	NOKEY
1447088531830	0	lts_1109I_21_01	21	01	1	49	0	0	0	CR	MAX	Arubberworksh.jpg	Arubberworksh.jpg	NOKEY	MAX	NOKEY
1447088534906	0	lts_1109I_21_01	21	01	1	50	0	0	0	CR	MAX	128/AKNIFECOL.jpg	AKNIFECOL.jpg	NOKEY	MAX	NOKEY
1447088537982	0	lts_1109I_21_01	21	01	1	51	0	0	0	CR	MAX	Abarn4.jpg	Abarn4.jpg	NOKEY	MAX	NOKEY
1447088539170	0	lts_1109I_21_01	21	01	1	52	8	1	1	Hit	703	8-first/Acactusplant.jpg	Acactusplant.jpg	SPACE	752	SPACE
1447088542246	0	lts_1109I_21_01	21	01	1	53	0	0	0	CR	MAX	AICEAXE2.jpg	AICEAXE2.jpg	NOKEY	MAX	NOKEY
1447088545322	0	lts_1109I_21_01	21	01	1	54	0	0	0	CR	MAX	36407685.thl.jpg	36407685.thl.jpg	NOKEY	MAX	NOKEY
1447088548398	0	lts_1109I_21_01	21	01	1	55	0	0	0	CR	MAX	16/ACUPBOAR5.jpg	ACUPBOAR5.jpg	NOKEY	MAX	NOKEY
1447088549502	0	lts_1109I_21_01	21	01	1	56	4	1	1	Hit	621	4-mul/Acactusplant.jpg	Acactusplant.jpg	SPACE	668	SPACE
1447088552578	0	lts_1109I_21_01	21	01	1	57	0	0	0	CR	MAX	1/26424440.thl.jpg	26424440.thl.jpg	NOKEY	MAX	NOKEY
1447088553430	0	lts_1109I_21_01	21	01	1	58	1	1	1	Hit	373	1-5/26424440.thl.jpg	26424440.thl.jpg	SPACE	418	SPACE
1447088556523	0	lts_1109I_21_01	21	01	1	59	0	0	0	CR	MAX	Acomputerbag.jpg	Acomputerbag.jpg	NOKEY	MAX	NOKEY
1447088559599	0	lts_1109I_21_01	21	01	1	60	0	0	0	CR	MAX	8/Abottleofchi2.jpg	Abottleofchi2.jpg	NOKEY	MAX	NOKEY
1447088562674	0	lts_1109I_21_01	21	01	1	61	00	1	0	Miss	MAX	00-across/Achair611.jpg	Achair611.jpg	NOKEY	MAX	SPACE
1447088565750	0	lts_1109I_21_01	21	01	1	62	0	0	0	CR	MAX	1/Aspoonofsug11.jpg	Aspoonofsug11.jpg	NOKEY	MAX	NOKEY
1447088566686	0	lts_1109I_21_01	21	01	1	63	1	1	1	Hit	460	1-1/Aspoonofsug11.jpg	Aspoonofsug11.jpg	SPACE	502	SPACE
1447088569762	0	lts_1109I_21_01	21	01	1	64	0	0	0	CR	MAX	Apercussion16.jpg	Apercussion16.jpg	NOKEY	MAX	NOKEY
1447088572838	0	lts_1109I_21_01	21	01	1	65	0	0	0	CR	MAX	128/ADIAMCRYS.jpg	ADIAMCRYS.jpg	NOKEY	MAX	NOKEY
1447088575915	0	lts_1109I_21_01	21	01	1	66	0	0	0	CR	MAX	ACHINDECP.jpg	ACHINDECP.jpg	NOKEY	MAX	NOKEY
1447088578991	0	lts_1109I_21_01	21	01	1	67	0	0	0	CR	MAX	AHUBBLE.jpg	AHUBBLE.jpg	NOKEY	MAX	NOKEY
1447088580513	0	lts_1109I_21_01	21	01	1	68	8	1	1	Hit	1041	8-first/Abottleofchi2.jpg	Abottleofchi2.jpg	SPACE	1087	SPACE
1447088583605	0	lts_1109I_21_01	21	01	1	69	0	0	0	CR	MAX	ARICE2.jpg	ARICE2.jpg	NOKEY	MAX	NOKEY
1447088586681	0	lts_1109I_21_01	21	01	1	70	0	0	0	CR	MAX	4/ANUTS2.jpg	ANUTS2.jpg	NOKEY	MAX	NOKEY
1447088587767	0	lts_1109I_21_01	21	01	1	71	16	1	1	Hit	605	16-first/ACUPBOAR5.jpg	ACUPBOAR5.jpg	SPACE	653	SPACE
1447088590844	0	lts_1109I_21_01	21	01	1	72	0	0	0	CR	MAX	26377183.thl.jpg	26377183.thl.jpg	NOKEY	MAX	NOKEY
1447088593920	0	lts_1109I_21_01	21	01	1	73	0	0	0	CR	MAX	hammer01.jpg	hammer01.jpg	NOKEY	MAX	NOKEY
1447088594956	0	lts_1109I_21_01	21	01	1	74	4	1	1	Hit	554	4-0/ANUTS2.jpg	ANUTS2.jpg	SPACE	603	SPACE
1447088598033	0	lts_1109I_21_01	21	01	1	75	0	0	0	CR	MAX	hotgreenpepper.jpg	hotgreenpepper.jpg	NOKEY	MAX	NOKEY
1447088601109	0	lts_1109I_21_01	21	01	1	76	0	0	0	CR	MAX	16/AGRENADIN.jpg	AGRENADIN.jpg	NOKEY	MAX	NOKEY
1447088604185	0	lts_1109I_21_01	21	01	1	77	0	0	0	CR	MAX	ALAB13.jpg	ALAB13.jpg	NOKEY	MAX	NOKEY
1447088605490	0	lts_1109I_21_01	21	01	1	78	00	1	1	Hit	824	00-across/22853544.thl.jpg	22853544.thl.jpg	SPACE	869	SPACE
1447088608565	0	lts_1109I_21_01	21	01	1	79	0	0	0	CR	MAX	26421106.thl.jpg	26421106.thl.jpg	NOKEY	MAX	NOKEY
1447088611640	0	lts_1109I_21_01	21	01	1	80	0	0	0	CR	MAX	2/Ababycup2.jpg	Ababycup2.jpg	NOKEY	MAX	NOKEY
1447088614716	0	lts_1109I_21_01	21	01	1	81	0	0	0	CR	MAX	ABULDOZER.jpg	ABULDOZER.jpg	NOKEY	MAX	NOKEY
1447088615803	0	lts_1109I_21_01	21	01	1	82	2	1	1	Hit	604	2-7/Ababycup2.jpg	Ababycup2.jpg	SPACE	653	SPACE
1447088618879	0	lts_1109I_21_01	21	01	1	83	0	0	0	CR	MAX	ABAKBRUS2.jpg	ABAKBRUS2.jpg	NOKEY	MAX	NOKEY
1447088619949	0	lts_1109I_21_01	21	01	1	84	16	1	1	Hit	587	16-mul/Abottleofchi2.jpg	Abottleofchi2.jpg	SPACE	636	SPACE
1447088623043	0	lts_1109I_21_01	21	01	1	85	0	0	0	CR	MAX	AFIREPANT.jpg	AFIREPANT.jpg	NOKEY	MAX	NOKEY
1447088626119	0	lts_1109I_21_01	21	01	1	86	0	0	0	CR	MAX	16/AWASMACH.jpg	AWASMACH.jpg	NOKEY	MAX	NOKEY
1447088627055	0	lts_1109I_21_01	21	01	1	87	16	1	1	Hit	453	16-mul/ACUPBOAR5.jpg	ACUPBOAR5.jpg	SPACE	501	SPACE
1447088630131	0	lts_1109I_21_01	21	01	1	88	0	0	0	CR	MAX	8258244.thl.jpg	8258244.thl.jpg	NOKEY	MAX	NOKEY
1447088633207	0	lts_1109I_21_01	21	01	1	89	0	0	0	CR	MAX	Alogholder.jpg	Alogholder.jpg	NOKEY	MAX	NOKEY
1447088636283	0	lts_1109I_21_01	21	01	1	90	0	0	0	CR	MAX	ALAB19.jpg	ALAB19.jpg	NOKEY	MAX	NOKEY
1447088639376	0	lts_1109I_21_01	21	01	1	91	0	0	0	CR	MAX	AWINEJUG3.jpg	AWINEJUG3.jpg	NOKEY	MAX	NOKEY
1447088640629	0	lts_1109I_21_01	21	01	1	92	16	1	1	Hit	778	16-first/AGRENADIN.jpg	AGRENADIN.jpg	SPACE	819	SPACE
1447088643705	0	lts_1109I_21_01	21	01	1	93	0	0	0	CR	MAX	Agourd8.jpg	Agourd8.jpg	NOKEY	MAX	NOKEY
1447088646781	0	lts_1109I_21_01	21	01	1	94	0	0	0	CR	MAX	8253370.thl.jpg	8253370.thl.jpg	NOKEY	MAX	NOKEY
1447088649857	0	lts_1109I_21_01	21	01	1	95	0	0	0	CR	MAX	Abinocularca3.jpg	Abinocularca3.jpg	NOKEY	MAX	NOKEY
1447088650910	0	lts_1109I_21_01	21	01	1	96	4	1	1	Hit	579	4-mul/AGRENADIN.jpg	AGRENADIN.jpg	SPACE	619	SPACE
1447088653987	0	lts_1109I_21_01	21	01	1	97	0	0	0	CR	MAX	2/ADESKLA12.jpg	ADESKLA12.jpg	NOKEY	MAX	NOKEY
1447088657064	0	lts_1109I_21_01	21	01	1	98	0	0	0	CR	MAX	ATRIUMPH3.jpg	ATRIUMPH3.jpg	NOKEY	MAX	NOKEY
1447088658050	0	lts_1109I_21_01	21	01	1	99	2	1	1	Hit	504	2-4/ADESKLA12.jpg	ADESKLA12.jpg	SPACE	551	SPACE
1447088661143	0	lts_1109I_21_01	21	01	1	100	0	0	0	CR	MAX	Aplantinpot2.jpg	Aplantinpot2.jpg	NOKEY	MAX	NOKEY
1447088664219	0	lts_1109I_21_01	21	01	1	101	0	0	0	CR	MAX	36411474.thl.jpg	36411474.thl.jpg	NOKEY	MAX	NOKEY
1447088665739	0	lts_1109I_21_01	21	01	1	102	16	1	1	Hit	1045	16-first/AWASMACH.jpg	AWASMACH.jpg	SPACE	1087	SPACE
1447088668815	0	lts_1109I_21_01	21	01	1	103	0	0	0	CR	MAX	64/AGOOSNEC2.jpg	AGOOSNEC2.jpg	NOKEY	MAX	NOKEY
1447088671891	0	lts_1109I_21_01	21	01	1	104	0	0	0	CR	MAX	8/Acdrominterf2.jpg	Acdrominterf2.jpg	NOKEY	MAX	NOKEY
1447088674984	0	lts_1109I_21_01	21	01	1	105	0	0	0	CR	MAX	AROCKCH27.jpg	AROCKCH27.jpg	NOKEY	MAX	NOKEY
1447088676005	0	lts_1109I_21_01	21	01	1	106	4	1	1	Hit	546	4-mul/AWASMACH.jpg	AWASMACH.jpg	SPACE	585	SPACE
1447088679098	0	lts_1109I_21_01	21	01	1	107	0	0	0	CR	MAX	2/AEARING49.jpg	AEARING49.jpg	NOKEY	MAX	NOKEY
1447088682174	0	lts_1109I_21_01	21	01	1	108	0	0	0	CR	MAX	8068401.thl.jpg	8068401.thl.jpg	NOKEY	MAX	NOKEY
1447088683177	0	lts_1109I_21_01	21	01	1	109	2	1	1	Hit	530	2-13/AEARING49.jpg	AEARING49.jpg	SPACE	567	SPACE
1447088686253	0	lts_1109I_21_01	21	01	1	110	0	0	0	CR	MAX	16/8076304.thl.jpg	8076304.thl.jpg	NOKEY	MAX	NOKEY
1447088689346	0	lts_1109I_21_01	21	01	1	111	0	0	0	CR	MAX	8/Acork6.jpg	Acork6.jpg	NOKEY	MAX	NOKEY
1447088690632	0	lts_1109I_21_01	21	01	1	112	8	1	1	Hit	818	8-0/Acdrominterf2.jpg	Acdrominterf2.jpg	SPACE	853	SPACE
1447088693708	0	lts_1109I_21_01	21	01	1	113	0	0	0	CR	MAX	26440261.thl.jpg	26440261.thl.jpg	NOKEY	MAX	NOKEY
1447088696801	0	lts_1109I_21_01	21	01	1	114	0	0	0	CR	MAX	8024597.thl.jpg	8024597.thl.jpg	NOKEY	MAX	NOKEY
1447088699893	0	lts_1109I_21_01	21	01	1	115	0	0	0	CR	MAX	Abicycleshoe.jpg	Abicycleshoe.jpg	NOKEY	MAX	NOKEY
1447088702970	0	lts_1109I_21_01	21	01	1	116	0	0	0	CR	MAX	128/26687931.thl.jpg	26687931.thl.jpg	NOKEY	MAX	NOKEY
1447088706047	0	lts_1109I_21_01	21	01	1	117	0	0	0	CR	MAX	4/Abutterchurn5.jpg	Abutterchurn5.jpg	NOKEY	MAX	NOKEY
1447088709123	0	lts_1109I_21_01	21	01	1	118	0	0	0	CR	MAX	Abulbprotect2.jpg	Abulbprotect2.jpg	NOKEY	MAX	NOKEY
1447088710810	0	lts_1109I_21_01	21	01	1	119	8	1	1	Hit	1204	8-first/Acork6.jpg	Acork6.jpg	SPACE	1254	SPACE
1447088713886	0	lts_1109I_21_01	21	01	1	120	0	0	0	CR	MAX	26370681.thl.jpg	26370681.thl.jpg	NOKEY	MAX	NOKEY
1447088715108	0	lts_1109I_21_01	21	01	1	121	4	1	1	Hit	749	4-3/Abutterchurn5.jpg	Abutterchurn5.jpg	SPACE	785	SPACE
1447088718184	0	lts_1109I_21_01	21	01	1	122	0	0	0	CR	MAX	8252065.thl.jpg	8252065.thl.jpg	NOKEY	MAX	NOKEY
1447088719220	0	lts_1109I_21_01	21	01	1	123	4	1	1	Hit	566	4-mul/Acork6.jpg	Acork6.jpg	SPACE	601	SPACE
1447088722296	0	lts_1109I_21_01	21	01	1	124	0	0	0	CR	MAX	Aclamp62.jpg	Aclamp62.jpg	NOKEY	MAX	NOKEY
1447088725372	0	lts_1109I_21_01	21	01	1	125	0	0	0	CR	MAX	8/8021504.thl.jpg	8021504.thl.jpg	NOKEY	MAX	NOKEY
1447088726759	0	lts_1109I_21_01	21	01	1	126	16	1	1	Hit	905	16-first/8076304.thl.jpg	8076304.thl.jpg	SPACE	953	SPACE
1447088729852	0	lts_1109I_21_01	21	01	1	127	0	0	0	CR	MAX	ANUTCRA10.jpg	ANUTCRA10.jpg	NOKEY	MAX	NOKEY
1447088730922	0	lts_1109I_21_01	21	01	1	128	2	1	1	Hit	585	2-mul/8076304.thl.jpg	8076304.thl.jpg	SPACE	636	SPACE
1447088734066	0	lts_1109I_21_01	21	01	1	129	0	0	0	CR	MAX	1/AROBES4.jpg	AROBES4.jpg	NOKEY	MAX	NOKEY
1447088735018	0	lts_1109I_21_01	21	01	1	130	1	1	1	Hit	470	1-10/AROBES4.jpg	AROBES4.jpg	SPACE	518	SPACE
1447088738094	0	lts_1109I_21_01	21	01	1	131	0	0	0	CR	MAX	ABABYPIN2.jpg	ABABYPIN2.jpg	NOKEY	MAX	NOKEY
1447088741171	0	lts_1109I_21_01	21	01	1	132	32	1	0	Miss	MAX	32/DSCN3767-sm.jpg	DSCN3767-sm.jpg	NOKEY	MAX	SPACE
1447088742157	0	lts_1109I_21_01	21	01	1	133	8	1	1	Hit	508	8-first/8021504.thl.jpg	8021504.thl.jpg	SPACE	551	SPACE
1447088745233	0	lts_1109I_21_01	21	01	1	134	0	0	0	CR	MAX	26428576.thl.jpg	26428576.thl.jpg	NOKEY	MAX	NOKEY
1447088746219	0	lts_1109I_21_01	21	01	1	135	2	1	1	Hit	514	2-mul/8021504.thl.jpg	8021504.thl.jpg	SPACE	551	SPACE
1447088749295	0	lts_1109I_21_01	21	01	1	136	0	0	0	CR	MAX	Ablanket2.jpg	Ablanket2.jpg	NOKEY	MAX	NOKEY
1447088752372	0	lts_1109I_21_01	21	01	1	137	0	0	0	CR	MAX	128/Asoapdish3.jpg	Asoapdish3.jpg	NOKEY	MAX	NOKEY
1447088755448	0	lts_1109I_21_01	21	01	1	138	0	0	0	CR	MAX	64/scrunchie.jpg	scrunchie.jpg	NOKEY	MAX	NOKEY
1447088758524	0	lts_1109I_21_01	21	01	1	139	0	0	0	CR	MAX	16/26688546.thl.jpg	26688546.thl.jpg	NOKEY	MAX	NOKEY
1447088761600	0	lts_1109I_21_01	21	01	1	140	0	0	0	CR	MAX	ARUSH.jpg	ARUSH.jpg	NOKEY	MAX	NOKEY
1447088764691	0	lts_1109I_21_01	21	01	1	141	0	0	0	CR	MAX	2/Abedspringsam.jpg	Abedspringsam.jpg	NOKEY	MAX	NOKEY
1447088767767	0	lts_1109I_21_01	21	01	1	142	0	0	0	CR	MAX	4/tuba1.jpg	tuba1.jpg	NOKEY	MAX	NOKEY
1447088768954	0	lts_1109I_21_01	21	01	1	143	2	1	1	Hit	714	2-2/Abedspringsam.jpg	Abedspringsam.jpg	SPACE	753	SPACE
1447088772032	0	lts_1109I_21_01	21	01	1	144	0	0	0	CR	MAX	Acarvedpumpk2.jpg	Acarvedpumpk2.jpg	NOKEY	MAX	NOKEY
1447088775108	0	lts_1109I_21_01	21	01	1	145	0	0	0	CR	MAX	8/AWOODPIN.jpg	AWOODPIN.jpg	NOKEY	MAX	NOKEY
1447088776311	0	lts_1109I_21_01	21	01	1	146	4	1	1	Hit	718	4-1/tuba1.jpg	tuba1.jpg	SPACE	768	SPACE
1447088779387	0	lts_1109I_21_01	21	01	1	147	0	0	0	CR	MAX	26423812.thl.jpg	26423812.thl.jpg	NOKEY	MAX	NOKEY
1447088782463	0	lts_1109I_21_01	21	01	1	148	0	0	0	CR	MAX	Ababtoy13.jpg	Ababtoy13.jpg	NOKEY	MAX	NOKEY
1447088785539	0	lts_1109I_21_01	21	01	1	149	0	0	0	CR	MAX	2/gymbench.jpg	gymbench.jpg	NOKEY	MAX	NOKEY
1447088788615	0	lts_1109I_21_01	21	01	1	150	0	0	0	CR	MAX	26428110.thl.jpg	26428110.thl.jpg	NOKEY	MAX	NOKEY
1447088789668	0	lts_1109I_21_01	21	01	1	151	2	1	1	Hit	578	2-5/gymbench.jpg	gymbench.jpg	SPACE	620	SPACE
1447088792744	0	lts_1109I_21_01	21	01	1	152	0	0	0	CR	MAX	ABOTTLE19.jpg	ABOTTLE19.jpg	NOKEY	MAX	NOKEY
1447088793780	0	lts_1109I_21_01	21	01	1	153	8	1	1	Hit	567	8-first/AWOODPIN.jpg	AWOODPIN.jpg	SPACE	603	SPACE
1447088796856	0	lts_1109I_21_01	21	01	1	154	0	0	0	CR	MAX	Axmastre5.jpg	Axmastre5.jpg	NOKEY	MAX	NOKEY
1447088799932	0	lts_1109I_21_01	21	01	1	155	16	1	0	Miss	MAX	16-first/26688546.thl.jpg	26688546.thl.jpg	NOKEY	MAX	SPACE
1447088803026	0	lts_1109I_21_01	21	01	1	156	0	0	0	CR	MAX	AFRAME15.jpg	AFRAME15.jpg	NOKEY	MAX	NOKEY
1447088804013	0	lts_1109I_21_01	21	01	1	157	4	1	1	Hit	511	4-mul/AWOODPIN.jpg	AWOODPIN.jpg	SPACE	551	SPACE
1447088807089	0	lts_1109I_21_01	21	01	1	158	0	0	0	CR	MAX	AMELODEON.jpg	AMELODEON.jpg	NOKEY	MAX	NOKEY
1447088810165	0	lts_1109I_21_01	21	01	1	159	0	0	0	CR	MAX	Apumpcart2.jpg	Apumpcart2.jpg	NOKEY	MAX	NOKEY
1447088813241	0	lts_1109I_21_01	21	01	1	160	0	0	0	CR	MAX	Ashark7.jpg	Ashark7.jpg	NOKEY	MAX	NOKEY
1447088816317	0	lts_1109I_21_01	21	01	1	161	0	0	0	CR	MAX	1/Aclock213.jpg	Aclock213.jpg	NOKEY	MAX	NOKEY
1447088817253	0	lts_1109I_21_01	21	01	1	162	1	1	1	Hit	453	1-11/Aclock213.jpg	Aclock213.jpg	SPACE	501	SPACE
1447088820329	0	lts_1109I_21_01	21	01	1	163	0	0	0	CR	MAX	26426803.thl.jpg	26426803.thl.jpg	NOKEY	MAX	NOKEY
1447088821332	0	lts_1109I_21_01	21	01	1	164	32	1	1	Hit	524	32-7/DSCN3767-sm.jpg	DSCN3767-sm.jpg	SPACE	567	SPACE
1447088824425	0	lts_1109I_21_01	21	01	1	165	0	0	0	CR	MAX	26419324.thl.jpg	26419324.thl.jpg	NOKEY	MAX	NOKEY
1447088827501	0	lts_1109I_21_01	21	01	1	166	0	0	0	CR	MAX	ASEWINGT4.jpg	ASEWINGT4.jpg	NOKEY	MAX	NOKEY
1447088829373	0	lts_1109I_21_01	21	01	1	167	64	1	1	Hit	1390	64-first/AGOOSNEC2.jpg	AGOOSNEC2.jpg	SPACE	1436	SPACE
1447088832449	0	lts_1109I_21_01	21	01	1	168	0	0	0	CR	MAX	AGUINEAP2.jpg	AGUINEAP2.jpg	NOKEY	MAX	NOKEY
1447088833469	0	lts_1109I_21_01	21	01	1	169	2	1	1	Hit	550	2-mul/AGOOSNEC2.jpg	AGOOSNEC2.jpg	SPACE	585	SPACE
1447088836545	0	lts_1109I_21_01	21	01	1	170	0	0	0	CR	MAX	Abottleofbat2.jpg	Abottleofbat2.jpg	NOKEY	MAX	NOKEY
1447088837614	0	lts_1109I_21_01	21	01	1	171	16	1	1	Hit	597	16-mul/26688546.thl.jpg	26688546.thl.jpg	SPACE	635	SPACE
1447088840690	0	lts_1109I_21_01	21	01	1	172	0	0	0	CR	MAX	26687176.thl.jpg	26687176.thl.jpg	NOKEY	MAX	NOKEY
1447088843766	0	lts_1109I_21_01	21	01	1	173	0	0	0	CR	MAX	1/26374605.thl.jpg	26374605.thl.jpg	NOKEY	MAX	NOKEY
1447088844636	0	lts_1109I_21_01	21	01	1	174	1	1	1	Hit	385	1-2/26374605.thl.jpg	26374605.thl.jpg	SPACE	436	SPACE
1447088847712	0	lts_1109I_21_01	21	01	1	175	0	0	0	CR	MAX	26378596.thl.jpg	26378596.thl.jpg	NOKEY	MAX	NOKEY
1447088848966	0	lts_1109I_21_01	21	01	1	176	00	1	1	Hit	756	00-across/26431205.thl.jpg	26431205.thl.jpg	SPACE	804	SPACE
1447088852059	0	lts_1109I_21_01	21	01	1	177	0	0	0	CR	MAX	Awaffle3.jpg	Awaffle3.jpg	NOKEY	MAX	NOKEY
1447088853330	0	lts_1109I_21_01	21	01	1	178	128	1	1	Hit	794	128-7/AKNIFECOL.jpg	AKNIFECOL.jpg	SPACE	835	SPACE
1447088856406	0	lts_1109I_21_01	21	01	1	179	0	0	0	CR	MAX	Acanadagoose.jpg	Acanadagoose.jpg	NOKEY	MAX	NOKEY
1447088859482	0	lts_1109I_21_01	21	01	1	180	0	0	0	CR	MAX	128/ABROCHETT.jpg	ABROCHETT.jpg	NOKEY	MAX	NOKEY
1447088862558	0	lts_1109I_21_01	21	01	1	181	0	0	0	CR	MAX	legoblocks.jpg	legoblocks.jpg	NOKEY	MAX	NOKEY
1447088865633	0	lts_1109I_21_01	21	01	1	182	00	1	0	Miss	MAX	00-across/Ascrewmount.jpg	Ascrewmount.jpg	NOKEY	MAX	SPACE
1447088868709	0	lts_1109I_21_01	21	01	1	183	0	0	0	CR	MAX	4/AWATERCO4.jpg	AWATERCO4.jpg	NOKEY	MAX	NOKEY
1447088870181	0	lts_1109I_21_01	21	01	1	184	00	1	1	Hit	993	00-across/AMOUSWHEE.jpg	AMOUSWHEE.jpg	SPACE	1036	SPACE
1447088873258	0	lts_1109I_21_01	21	01	1	185	0	0	0	CR	MAX	Awheelchair6.jpg	Awheelchair6.jpg	NOKEY	MAX	NOKEY
1447088876334	0	lts_1109I_21_01	21	01	1	186	0	0	0	CR	MAX	Acinnamonrol2.jpg	Acinnamonrol2.jpg	NOKEY	MAX	NOKEY
1447088877554	0	lts_1109I_21_01	21	01	1	187	4	1	1	Hit	741	4-5/AWATERCO4.jpg	AWATERCO4.jpg	SPACE	786	SPACE
1447088880646	0	lts_1109I_21_01	21	01	1	188	0	0	0	CR	MAX	Atropicalpine.jpg	Atropicalpine.jpg	NOKEY	MAX	NOKEY
1447088883722	0	lts_1109I_21_01	21	01	1	189	0	0	0	CR	MAX	32/Anotepad9.jpg	Anotepad9.jpg	NOKEY	MAX	NOKEY
1447088886798	0	lts_1109I_21_01	21	01	1	190	0	0	0	CR	MAX	26391514.thl.jpg	26391514.thl.jpg	NOKEY	MAX	NOKEY
1447088889891	0	lts_1109I_21_01	21	01	1	191	0	0	0	CR	MAX	Areceptacle3.jpg	Areceptacle3.jpg	NOKEY	MAX	NOKEY
1447088892967	0	lts_1109I_21_01	21	01	1	192	0	0	0	CR	MAX	4/ABLAKBEN2.jpg	ABLAKBEN2.jpg	NOKEY	MAX	NOKEY
1447088896044	0	lts_1109I_21_01	21	01	1	193	128	1	0	Miss	MAX	128-4/ADIAMCRYS.jpg	ADIAMCRYS.jpg	NOKEY	MAX	SPACE
1447088899120	0	lts_1109I_21_01	21	01	1	194	0	0	0	CR	MAX	blueberriespack.jpg	blueberriespack.jpg	NOKEY	MAX	NOKEY
1447088902196	0	lts_1109I_21_01	21	01	1	195	0	0	0	CR	MAX	carseat.jpg	carseat.jpg	NOKEY	MAX	NOKEY
1447088903216	0	lts_1109I_21_01	21	01	1	196	4	1	1	Hit	536	4-8/ABLAKBEN2.jpg	ABLAKBEN2.jpg	SPACE	584	SPACE
1447088906292	0	lts_1109I_21_01	21	01	1	197	0	0	0	CR	MAX	128/ATIE16.jpg	ATIE16.jpg	NOKEY	MAX	NOKEY
1447088909385	0	lts_1109I_21_01	21	01	1	198	0	0	0	CR	MAX	1/ATOWELRA3.jpg	ATOWELRA3.jpg	NOKEY	MAX	NOKEY
1447088910354	0	lts_1109I_21_01	21	01	1	199	1	1	1	Hit	491	1-12/ATOWELRA3.jpg	ATOWELRA3.jpg	SPACE	534	SPACE
1447088913430	0	lts_1109I_21_01	21	01	1	200	0	0	0	CR	MAX	32/AMALLET13.jpg	AMALLET13.jpg	NOKEY	MAX	NOKEY
1447088916506	0	lts_1109I_21_01	21	01	1	201	0	0	0	CR	MAX	ACRIB18.jpg	ACRIB18.jpg	NOKEY	MAX	NOKEY
1447088919582	0	lts_1109I_21_01	21	01	1	202	64	1	0	Miss	MAX	64-first/scrunchie.jpg	scrunchie.jpg	NOKEY	MAX	SPACE
1447088922657	0	lts_1109I_21_01	21	01	1	203	0	0	0	CR	MAX	Atoyhelicopte.jpg	Atoyhelicopte.jpg	NOKEY	MAX	NOKEY
1447088923545	0	lts_1109I_21_01	21	01	1	204	2	1	1	Hit	407	2-mul/scrunchie.jpg	scrunchie.jpg	SPACE	452	SPACE
1447088926620	0	lts_1109I_21_01	21	01	1	205	0	0	0	CR	MAX	23028486.thl.jpg	23028486.thl.jpg	NOKEY	MAX	NOKEY
1447088928543	0	lts_1109I_21_01	21	01	1	206	0	0	1	FA	1453	32/AAFRICS13.jpg	AAFRICS13.jpg	SPACE	1489	NOKEY
1447088931618	0	lts_1109I_21_01	21	01	1	207	0	0	0	CR	MAX	ADOMINO.jpg	ADOMINO.jpg	NOKEY	MAX	NOKEY
1447088934694	0	lts_1109I_21_01	21	01	1	208	0	0	0	CR	MAX	16/26423465.thl.jpg	26423465.thl.jpg	NOKEY	MAX	NOKEY
1447088937770	0	lts_1109I_21_01	21	01	1	209	0	0	0	CR	MAX	32/Abaseballcap.jpg	Abaseballcap.jpg	NOKEY	MAX	NOKEY
1447088940863	0	lts_1109I_21_01	21	01	1	210	0	0	0	CR	MAX	4/8023888.thl.jpg	8023888.thl.jpg	NOKEY	MAX	NOKEY
1447088943939	0	lts_1109I_21_01	21	01	1	211	0	0	0	CR	MAX	64/ACOATHA44.jpg	ACOATHA44.jpg	NOKEY	MAX	NOKEY
1447088945044	0	lts_1109I_21_01	21	01	1	212	00	1	1	Hit	631	00-across/ASHINPAD3.jpg	ASHINPAD3.jpg	SPACE	668	SPACE
1447088948120	0	lts_1109I_21_01	21	01	1	213	0	0	0	CR	MAX	64/ALADLE5.jpg	ALADLE5.jpg	NOKEY	MAX	NOKEY
1447088949223	0	lts_1109I_21_01	21	01	1	214	4	1	1	Hit	619	4-9/8023888.thl.jpg	8023888.thl.jpg	SPACE	668	SPACE
1447088952299	0	lts_1109I_21_01	21	01	1	215	0	0	0	CR	MAX	128/ACOOKOIL.jpg	ACOOKOIL.jpg	NOKEY	MAX	NOKEY
1447088955375	0	lts_1109I_21_01	21	01	1	216	0	0	0	CR	MAX	A_teabag.jpg	A_teabag.jpg	NOKEY	MAX	NOKEY
1447088958451	0	lts_1109I_21_01	21	01	1	217	0	0	0	CR	MAX	ASHIRTSK2.jpg	ASHIRTSK2.jpg	NOKEY	MAX	NOKEY
1447088961527	0	lts_1109I_21_01	21	01	1	218	0	0	0	CR	MAX	AELEPHAN7.jpg	AELEPHAN7.jpg	NOKEY	MAX	NOKEY
1447088964602	0	lts_1109I_21_01	21	01	1	219	0	0	0	CR	MAX	Aflowerwreat2.jpg	Aflowerwreat2.jpg	NOKEY	MAX	NOKEY
1447088967678	0	lts_1109I_21_01	21	01	1	220	0	0	0	CR	MAX	AELEAGEN3.jpg	AELEAGEN3.jpg	NOKEY	MAX	NOKEY
1447088970754	0	lts_1109I_21_01	21	01	1	221	32	1	0	Miss	MAX	32-9/Anotepad9.jpg	Anotepad9.jpg	NOKEY	MAX	SPACE
1447088973847	0	lts_1109I_21_01	21	01	1	222	0	0	0	CR	MAX	apparatus.jpg	apparatus.jpg	NOKEY	MAX	NOKEY
1447088976940	0	lts_1109I_21_01	21	01	1	223	0	0	0	CR	MAX	Atoychestfor3.jpg	Atoychestfor3.jpg	NOKEY	MAX	NOKEY
1447088978546	0	lts_1109I_21_01	21	01	1	224	16	1	1	Hit	1132	16-first/26423465.thl.jpg	26423465.thl.jpg	SPACE	1171	SPACE
1447088981621	0	lts_1109I_21_01	21	01	1	225	0	0	0	CR	MAX	Atoyelephant.jpg	Atoyelephant.jpg	NOKEY	MAX	NOKEY
1447088984697	0	lts_1109I_21_01	21	01	1	226	0	0	0	CR	MAX	Apulley71.jpg	Apulley71.jpg	NOKEY	MAX	NOKEY
1447088987773	0	lts_1109I_21_01	21	01	1	227	0	0	0	CR	MAX	Apostalscale2.jpg	Apostalscale2.jpg	NOKEY	MAX	NOKEY
1447088988776	0	lts_1109I_21_01	21	01	1	228	4	1	1	Hit	527	4-mul/26423465.thl.jpg	26423465.thl.jpg	SPACE	569	SPACE
1447088991852	0	lts_1109I_21_01	21	01	1	229	0	0	0	CR	MAX	Aasianbuildin.jpg	Aasianbuildin.jpg	NOKEY	MAX	NOKEY
1447088994928	0	lts_1109I_21_01	21	01	1	230	0	0	0	CR	MAX	26434250.thl.jpg	26434250.thl.jpg	NOKEY	MAX	NOKEY
1447088998005	0	lts_1109I_21_01	21	01	1	231	0	0	0	CR	MAX	Acableandacce.jpg	Acableandacce.jpg	NOKEY	MAX	NOKEY
1447088998974	0	lts_1109I_21_01	21	01	1	232	32	1	1	Hit	486	32-0/AMALLET13.jpg	AMALLET13.jpg	SPACE	535	SPACE
1447089002051	0	lts_1109I_21_01	21	01	1	233	0	0	0	CR	MAX	64/26418207.thl.jpg	26418207.thl.jpg	NOKEY	MAX	NOKEY
1447089005127	0	lts_1109I_21_01	21	01	1	234	0	0	0	CR	MAX	1/22822309.thl.jpg	22822309.thl.jpg	NOKEY	MAX	NOKEY
1447089006097	0	lts_1109I_21_01	21	01	1	235	1	1	1	Hit	491	1-3/22822309.thl.jpg	22822309.thl.jpg	SPACE	534	SPACE
1447089009173	0	lts_1109I_21_01	21	01	1	236	0	0	0	CR	MAX	Acroissant.jpg	Acroissant.jpg	NOKEY	MAX	NOKEY
1447089012249	0	lts_1109I_21_01	21	01	1	237	0	0	0	CR	MAX	Adigitalcamer.jpg	Adigitalcamer.jpg	NOKEY	MAX	NOKEY
1447089013352	0	lts_1109I_21_01	21	01	1	238	32	1	1	Hit	624	32-8/AAFRICS13.jpg	AAFRICS13.jpg	SPACE	668	SPACE
1447089016428	0	lts_1109I_21_01	21	01	1	239	0	0	0	CR	MAX	16/ACEDAR.jpg	ACEDAR.jpg	NOKEY	MAX	NOKEY
1447089019504	0	lts_1109I_21_01	21	01	1	240	0	0	0	CR	MAX	woodvase.jpg	woodvase.jpg	NOKEY	MAX	NOKEY
1447089020624	0	lts_1109I_21_01	21	01	1	241	32	1	1	Hit	643	32-5/Abaseballcap.jpg	Abaseballcap.jpg	SPACE	685	SPACE
1447089023716	0	lts_1109I_21_01	21	01	1	242	0	0	0	CR	MAX	Brusselssprouts.jpg	Brusselssprouts.jpg	NOKEY	MAX	NOKEY
1447089026792	0	lts_1109I_21_01	21	01	1	243	0	0	0	CR	MAX	26464872.thl.jpg	26464872.thl.jpg	NOKEY	MAX	NOKEY
1447089029668	0	lts_1109I_21_01	21	01	1	244	128	1	1	Hit	2397	128-3/26687931.thl.jpg	26687931.thl.jpg	SPACE	2442	SPACE
1447089032761	0	lts_1109I_21_01	21	01	1	245	0	0	0	CR	MAX	4/ADOGFOOD.jpg	ADOGFOOD.jpg	NOKEY	MAX	NOKEY
1447089035837	0	lts_1109I_21_01	21	01	1	246	0	0	0	CR	MAX	128/ABEERBOT5.jpg	ABEERBOT5.jpg	NOKEY	MAX	NOKEY
1447089038913	0	lts_1109I_21_01	21	01	1	247	0	0	0	CR	MAX	4/stickcheese.jpg	stickcheese.jpg	NOKEY	MAX	NOKEY
1447089041989	0	lts_1109I_21_01	21	01	1	248	0	0	0	CR	MAX	22923068.thl.jpg	22923068.thl.jpg	NOKEY	MAX	NOKEY
1447089043010	0	lts_1109I_21_01	21	01	1	249	4	1	1	Hit	535	4-10/ADOGFOOD.jpg	ADOGFOOD.jpg	SPACE	585	SPACE
1447089046086	0	lts_1109I_21_01	21	01	1	250	0	0	0	CR	MAX	26437491.thl.jpg	26437491.thl.jpg	NOKEY	MAX	NOKEY
1447089047256	0	lts_1109I_21_01	21	01	1	251	4	1	1	Hit	695	4-12/stickcheese.jpg	stickcheese.jpg	SPACE	735	SPACE
1447089050332	0	lts_1109I_21_01	21	01	1	252	0	0	0	CR	MAX	8/railroadblock.jpg	railroadblock.jpg	NOKEY	MAX	NOKEY
1447089053408	0	lts_1109I_21_01	21	01	1	253	0	0	0	CR	MAX	B_orange.jpg	B_orange.jpg	NOKEY	MAX	NOKEY
1447089056484	0	lts_1109I_21_01	21	01	1	254	0	0	0	CR	MAX	AASPHEQUA.jpg	AASPHEQUA.jpg	NOKEY	MAX	NOKEY
1447089059560	0	lts_1109I_21_01	21	01	1	255	16	1	0	Miss	MAX	16-first/ACEDAR.jpg	ACEDAR.jpg	NOKEY	MAX	SPACE
1447089062669	0	lts_1109I_21_01	21	01	1	256	0	0	0	CR	MAX	butter03.jpg	butter03.jpg	NOKEY	MAX	NOKEY
1447089063856	0	lts_1109I_21_01	21	01	1	257	2	1	1	Hit	712	2-mul/ACEDAR.jpg	ACEDAR.jpg	SPACE	753	SPACE
1447089066932	0	lts_1109I_21_01	21	01	1	258	0	0	0	CR	MAX	AMETALPER.jpg	AMETALPER.jpg	NOKEY	MAX	NOKEY
1447089070009	0	lts_1109I_21_01	21	01	1	259	0	0	0	CR	MAX	Apizzadoughin.jpg	Apizzadoughin.jpg	NOKEY	MAX	NOKEY
1447089071045	0	lts_1109I_21_01	21	01	1	260	8	1	1	Hit	560	8-first/railroadblock.jpg	railroadblock.jpg	SPACE	601	SPACE
1447089074121	0	lts_1109I_21_01	21	01	1	261	0	0	0	CR	MAX	Acomputerdes8.jpg	Acomputerdes8.jpg	NOKEY	MAX	NOKEY
1447089075124	0	lts_1109I_21_01	21	01	1	262	2	1	1	Hit	524	2-mul/railroadblock.jpg	railroadblock.jpg	SPACE	567	SPACE
1447089078234	0	lts_1109I_21_01	21	01	1	263	0	0	0	CR	MAX	AVACUUM4.jpg	AVACUUM4.jpg	NOKEY	MAX	NOKEY
1447089081310	0	lts_1109I_21_01	21	01	1	264	0	0	0	CR	MAX	ACOPPAN10.jpg	ACOPPAN10.jpg	NOKEY	MAX	NOKEY
1447089084386	0	lts_1109I_21_01	21	01	1	265	128	1	0	Miss	MAX	128-2/Asoapdish3.jpg	Asoapdish3.jpg	NOKEY	MAX	SPACE
1447089087462	0	lts_1109I_21_01	21	01	1	266	0	0	0	CR	MAX	ABIRDHOU9.jpg	ABIRDHOU9.jpg	NOKEY	MAX	NOKEY
1447089090555	0	lts_1109I_21_01	21	01	1	267	0	0	0	CR	MAX	ASKIHOLD.jpg	ASKIHOLD.jpg	NOKEY	MAX	NOKEY
1447089093630	0	lts_1109I_21_01	21	01	1	268	0	0	0	CR	MAX	32/Abagofpaperfl.jpg	Abagofpaperfl.jpg	NOKEY	MAX	NOKEY
1447089096723	0	lts_1109I_21_01	21	01	1	269	0	0	0	CR	MAX	64/Aglassbottl56.jpg	Aglassbottl56.jpg	NOKEY	MAX	NOKEY
1447089099799	0	lts_1109I_21_01	21	01	1	270	0	0	0	CR	MAX	16/ADOCKPOST.jpg	ADOCKPOST.jpg	NOKEY	MAX	NOKEY
1447089102875	0	lts_1109I_21_01	21	01	1	271	0	0	0	CR	MAX	2/Apeanut3.jpg	Apeanut3.jpg	NOKEY	MAX	NOKEY
1447089105968	0	lts_1109I_21_01	21	01	1	272	0	0	0	CR	MAX	16247853.thl.jpg	16247853.thl.jpg	NOKEY	MAX	NOKEY
1447089106954	0	lts_1109I_21_01	21	01	1	273	2	1	1	Hit	512	2-10/Apeanut3.jpg	Apeanut3.jpg	SPACE	553	SPACE
1447089110031	0	lts_1109I_21_01	21	01	1	274	0	0	0	CR	MAX	ACASKET5.jpg	ACASKET5.jpg	NOKEY	MAX	NOKEY
1447089113107	0	lts_1109I_21_01	21	01	1	275	64	1	0	Miss	MAX	64-first/ACOATHA44.jpg	ACOATHA44.jpg	NOKEY	MAX	SPACE
1447089116183	0	lts_1109I_21_01	21	01	1	276	0	0	0	CR	MAX	AALARMSY5.jpg	AALARMSY5.jpg	NOKEY	MAX	NOKEY
1447089117287	0	lts_1109I_21_01	21	01	1	277	64	1	1	Hit	627	64-first/ALADLE5.jpg	ALADLE5.jpg	SPACE	667	SPACE
1447089120379	0	lts_1109I_21_01	21	01	1	278	0	0	0	CR	MAX	AARTIHAN5.jpg	AARTIHAN5.jpg	NOKEY	MAX	NOKEY
1447089121399	0	lts_1109I_21_01	21	01	1	279	2	1	1	Hit	537	2-mul/ALADLE5.jpg	ALADLE5.jpg	SPACE	584	SPACE
1447089124475	0	lts_1109I_21_01	21	01	1	280	0	0	0	CR	MAX	ABARBCHA3.jpg	ABARBCHA3.jpg	NOKEY	MAX	NOKEY
1447089127551	0	lts_1109I_21_01	21	01	1	281	0	0	0	CR	MAX	AFRUIT3.jpg	AFRUIT3.jpg	NOKEY	MAX	NOKEY
1447089130626	0	lts_1109I_21_01	21	01	1	282	0	0	0	CR	MAX	2/AMAGHOLDE.jpg	AMAGHOLDE.jpg	NOKEY	MAX	NOKEY
1447089133702	0	lts_1109I_21_01	21	01	1	283	0	0	0	CR	MAX	Aappleonsca14.jpg	Aappleonsca14.jpg	NOKEY	MAX	NOKEY
1447089134756	0	lts_1109I_21_01	21	01	1	284	2	1	1	Hit	557	2-6/AMAGHOLDE.jpg	AMAGHOLDE.jpg	SPACE	603	SPACE
1447089137832	0	lts_1109I_21_01	21	01	1	285	0	0	0	CR	MAX	22857516.thl.jpg	22857516.thl.jpg	NOKEY	MAX	NOKEY
1447089138885	0	lts_1109I_21_01	21	01	1	286	16	1	1	Hit	579	16-0/ADOCKPOST.jpg	ADOCKPOST.jpg	SPACE	620	SPACE
1447089141961	0	lts_1109I_21_01	21	01	1	287	0	0	0	CR	MAX	64/26421583.thl.jpg	26421583.thl.jpg	NOKEY	MAX	NOKEY
1447089145038	0	lts_1109I_21_01	21	01	1	288	0	0	0	CR	MAX	ANECTARI3.jpg	ANECTARI3.jpg	NOKEY	MAX	NOKEY
1447089148114	0	lts_1109I_21_01	21	01	1	289	0	0	0	CR	MAX	26389125.thl.jpg	26389125.thl.jpg	NOKEY	MAX	NOKEY
1447089151190	0	lts_1109I_21_01	21	01	1	290	0	0	0	CR	MAX	mangosplitter.jpg	mangosplitter.jpg	NOKEY	MAX	NOKEY
1447089152360	0	lts_1109I_21_01	21	01	1	291	16	1	1	Hit	693	16-mul/ACOATHA44.jpg	ACOATHA44.jpg	SPACE	734	SPACE
1447089155453	0	lts_1109I_21_01	21	01	1	292	0	0	0	CR	MAX	Atool221.jpg	Atool221.jpg	NOKEY	MAX	NOKEY
1447089158529	0	lts_1109I_21_01	21	01	1	293	0	0	0	CR	MAX	ADINROO16.jpg	ADINROO16.jpg	NOKEY	MAX	NOKEY
1447089161604	0	lts_1109I_21_01	21	01	1	294	0	0	0	CR	MAX	babyswig.jpg	babyswig.jpg	NOKEY	MAX	NOKEY
1447089164680	0	lts_1109I_21_01	21	01	1	295	0	0	0	CR	MAX	8/labyrinthe.jpg	labyrinthe.jpg	NOKEY	MAX	NOKEY
1447089167756	0	lts_1109I_21_01	21	01	1	296	0	0	0	CR	MAX	ACAMPSTO7.jpg	ACAMPSTO7.jpg	NOKEY	MAX	NOKEY
1447089168943	0	lts_1109I_21_01	21	01	1	297	64	1	1	Hit	711	64-first/26418207.thl.jpg	26418207.thl.jpg	SPACE	753	SPACE
1447089172020	0	lts_1109I_21_01	21	01	1	298	0	0	0	CR	MAX	Amannequin2.jpg	Amannequin2.jpg	NOKEY	MAX	NOKEY
1447089175096	0	lts_1109I_21_01	21	01	1	299	0	0	0	CR	MAX	Abar8.jpg	Abar8.jpg	NOKEY	MAX	NOKEY
1447089176985	0	lts_1109I_21_01	21	01	1	300	32	1	1	Hit	1399	32-1/Abagofpaperfl.jpg	Abagofpaperfl.jpg	SPACE	1438	SPACE
1447089180078	0	lts_1109I_21_01	21	01	1	301	0	0	0	CR	MAX	Acarjack2.jpg	Acarjack2.jpg	NOKEY	MAX	NOKEY
1447089183154	0	lts_1109I_21_01	21	01	1	302	0	0	0	CR	MAX	Atoyball.jpg	Atoyball.jpg	NOKEY	MAX	NOKEY
1447089184191	0	lts_1109I_21_01	21	01	1	303	8	1	1	Hit	551	8-first/labyrinthe.jpg	labyrinthe.jpg	SPACE	601	SPACE
1447089187267	0	lts_1109I_21_01	21	01	1	304	0	0	0	CR	MAX	1/Aceramicjug10.jpg	Aceramicjug10.jpg	NOKEY	MAX	NOKEY
1447089188103	0	lts_1109I_21_01	21	01	1	305	1	1	1	Hit	365	1-0/Aceramicjug10.jpg	Aceramicjug10.jpg	SPACE	400	SPACE
1447089191179	0	lts_1109I_21_01	21	01	1	306	0	0	0	CR	MAX	AAFRICI13.jpg	AAFRICI13.jpg	NOKEY	MAX	NOKEY
1447089194255	0	lts_1109I_21_01	21	01	1	307	0	0	0	CR	MAX	Ajoystick10.jpg	Ajoystick10.jpg	NOKEY	MAX	NOKEY
1447089195275	0	lts_1109I_21_01	21	01	1	308	128	1	1	Hit	533	128-5/ABROCHETT.jpg	ABROCHETT.jpg	SPACE	584	SPACE
1447089198351	0	lts_1109I_21_01	21	01	1	309	0	0	0	CR	MAX	et060.jpg	et060.jpg	NOKEY	MAX	NOKEY
1447089201427	0	lts_1109I_21_01	21	01	1	310	0	0	0	CR	MAX	Awoodenhamme8.jpg	Awoodenhamme8.jpg	NOKEY	MAX	NOKEY
1447089204503	0	lts_1109I_21_01	21	01	1	311	0	0	0	CR	MAX	surfboard.JPG	surfboard.JPG	NOKEY	MAX	NOKEY
1447089207579	0	lts_1109I_21_01	21	01	1	312	0	0	0	CR	MAX	4/Areceiptmach2.jpg	Areceiptmach2.jpg	NOKEY	MAX	NOKEY
1447089208599	0	lts_1109I_21_01	21	01	1	313	16	1	1	Hit	537	16-mul/26418207.thl.jpg	26418207.thl.jpg	SPACE	585	SPACE
1447089211691	0	lts_1109I_21_01	21	01	1	314	0	0	0	CR	MAX	26393373.thl.jpg	26393373.thl.jpg	NOKEY	MAX	NOKEY
1447089214767	0	lts_1109I_21_01	21	01	1	315	0	0	0	CR	MAX	AWEDCAK15.jpg	AWEDCAK15.jpg	NOKEY	MAX	NOKEY
1447089215870	0	lts_1109I_21_01	21	01	1	316	4	1	1	Hit	628	4-4/Areceiptmach2.jpg	Areceiptmach2.jpg	SPACE	670	SPACE
1447089218946	0	lts_1109I_21_01	21	01	1	317	0	0	0	CR	MAX	4/ACUSHIO12.jpg	ACUSHIO12.jpg	NOKEY	MAX	NOKEY
1447089222023	0	lts_1109I_21_01	21	01	1	318	0	0	0	CR	MAX	26432760.thl.jpg	26432760.thl.jpg	NOKEY	MAX	NOKEY
1447089223177	0	lts_1109I_21_01	21	01	1	319	16	1	1	Hit	669	16-mul/labyrinthe.jpg	labyrinthe.jpg	SPACE	718	SPACE
1447089226253	0	lts_1109I_21_01	21	01	1	320	0	0	0	CR	MAX	Abicycleglove.jpg	Abicycleglove.jpg	NOKEY	MAX	NOKEY
1447089227523	0	lts_1109I_21_01	21	01	1	321	4	1	1	Hit	793	4-7/ACUSHIO12.jpg	ACUSHIO12.jpg	SPACE	836	SPACE
1447089230599	0	lts_1109I_21_01	21	01	1	322	0	0	0	CR	MAX	Abrassbu2.jpg	Abrassbu2.jpg	NOKEY	MAX	NOKEY
1447089233675	0	lts_1109I_21_01	21	01	1	323	0	0	0	CR	MAX	64/ABOX8.jpg	ABOX8.jpg	NOKEY	MAX	NOKEY
1447089236751	0	lts_1109I_21_01	21	01	1	324	0	0	0	CR	MAX	iguana.jpg	iguana.jpg	NOKEY	MAX	NOKEY
1447089238089	0	lts_1109I_21_01	21	01	1	325	128	1	1	Hit	860	128-1/ATIE16.jpg	ATIE16.jpg	SPACE	903	SPACE
1447089241182	0	lts_1109I_21_01	21	01	1	326	0	0	0	CR	MAX	ACOWBELL6.jpg	ACOWBELL6.jpg	NOKEY	MAX	NOKEY
1447089244258	0	lts_1109I_21_01	21	01	1	327	0	0	0	CR	MAX	64/22859796.thl.jpg	22859796.thl.jpg	NOKEY	MAX	NOKEY
1447089247334	0	lts_1109I_21_01	21	01	1	328	0	0	0	CR	MAX	26421536.thl.jpg	26421536.thl.jpg	NOKEY	MAX	NOKEY
1447089250410	0	lts_1109I_21_01	21	01	1	329	0	0	0	CR	MAX	1/strawberrytart.jpg	strawberrytart.jpg	NOKEY	MAX	NOKEY
1447089251380	0	lts_1109I_21_01	21	01	1	330	1	1	1	Hit	492	1-6/strawberrytart.jpg	strawberrytart.jpg	SPACE	533	SPACE
1447089254456	0	lts_1109I_21_01	21	01	1	331	0	0	0	CR	MAX	4/Abowloffruit4.jpg	Abowloffruit4.jpg	NOKEY	MAX	NOKEY
1447089257532	0	lts_1109I_21_01	21	01	1	332	0	0	0	CR	MAX	23051010.thl.jpg	23051010.thl.jpg	NOKEY	MAX	NOKEY
1447089258617	0	lts_1109I_21_01	21	01	1	333	64	1	1	Hit	607	64-first/Aglassbottl56.jpg	Aglassbottl56.jpg	SPACE	652	SPACE
1447089261693	0	lts_1109I_21_01	21	01	1	334	0	0	0	CR	MAX	26372465.thl.jpg	26372465.thl.jpg	NOKEY	MAX	NOKEY
1447089262747	0	lts_1109I_21_01	21	01	1	335	4	1	1	Hit	563	4-2/Abowloffruit4.jpg	Abowloffruit4.jpg	SPACE	603	SPACE
1447089265839	0	lts_1109I_21_01	21	01	1	336	0	0	0	CR	MAX	ACOMB11.jpg	ACOMB11.jpg	NOKEY	MAX	NOKEY
1447089266842	0	lts_1109I_21_01	21	01	1	337	4	1	1	Hit	526	4-mul/Aglassbottl56.jpg	Aglassbottl56.jpg	SPACE	569	SPACE
1447089269919	0	lts_1109I_21_01	21	01	1	338	0	0	0	CR	MAX	Acactusfruit.jpg	Acactusfruit.jpg	NOKEY	MAX	NOKEY
1447089272995	0	lts_1109I_21_01	21	01	1	339	0	0	0	CR	MAX	23014927.thl.jpg	23014927.thl.jpg	NOKEY	MAX	NOKEY
1447089276072	0	lts_1109I_21_01	21	01	1	340	0	0	0	CR	MAX	ACHINCHI4.jpg	ACHINCHI4.jpg	NOKEY	MAX	NOKEY
1447089279165	0	lts_1109I_21_01	21	01	1	341	0	0	0	CR	MAX	8022302.thl.jpg	8022302.thl.jpg	NOKEY	MAX	NOKEY
1447089282257	0	lts_1109I_21_01	21	01	1	342	0	0	0	CR	MAX	APICKLES6.jpg	APICKLES6.jpg	NOKEY	MAX	NOKEY
1447089285333	0	lts_1109I_21_01	21	01	1	343	128	1	0	Miss	MAX	128-0/ACOOKOIL.jpg	ACOOKOIL.jpg	NOKEY	MAX	SPACE
1447089288409	0	lts_1109I_21_01	21	01	1	344	0	0	0	CR	MAX	AKNEEBRA2.jpg	AKNEEBRA2.jpg	NOKEY	MAX	NOKEY
1447089291485	0	lts_1109I_21_01	21	01	1	345	0	0	0	CR	MAX	16/AMUSISTA2.jpg	AMUSISTA2.jpg	NOKEY	MAX	NOKEY
1447089294562	0	lts_1109I_21_01	21	01	1	346	0	0	0	CR	MAX	26373407.thl.jpg	26373407.thl.jpg	NOKEY	MAX	NOKEY
1447089297637	0	lts_1109I_21_01	21	01	1	347	0	0	0	CR	MAX	Apineapple3.jpg	Apineapple3.jpg	NOKEY	MAX	NOKEY
1447089300729	0	lts_1109I_21_01	21	01	1	348	0	0	0	CR	MAX	Aleatherpenc9.jpg	Aleatherpenc9.jpg	NOKEY	MAX	NOKEY
1447089303805	0	lts_1109I_21_01	21	01	1	349	0	0	0	CR	MAX	Atoyworm.jpg	Atoyworm.jpg	NOKEY	MAX	NOKEY
1447089306882	0	lts_1109I_21_01	21	01	1	350	0	0	0	CR	MAX	ASUSHI9.jpg	ASUSHI9.jpg	NOKEY	MAX	NOKEY
1447089307935	0	lts_1109I_21_01	21	01	1	351	64	1	1	Hit	571	64-first/26421583.thl.jpg	26421583.thl.jpg	SPACE	620	SPACE
1447089311012	0	lts_1109I_21_01	21	01	1	352	0	0	0	CR	MAX	AROCKSHO2.jpg	AROCKSHO2.jpg	NOKEY	MAX	NOKEY
1447089314088	0	lts_1109I_21_01	21	01	1	353	0	0	0	CR	MAX	ABROOCH52.jpg	ABROOCH52.jpg	NOKEY	MAX	NOKEY
1447089317181	0	lts_1109I_21_01	21	01	1	354	0	0	0	CR	MAX	Aelectronicor.jpg	Aelectronicor.jpg	NOKEY	MAX	NOKEY
1447089318150	0	lts_1109I_21_01	21	01	1	355	4	1	1	Hit	497	4-mul/26421583.thl.jpg	26421583.thl.jpg	SPACE	534	SPACE
1447089321226	0	lts_1109I_21_01	21	01	1	356	0	0	0	CR	MAX	ALEGCAST3.jpg	ALEGCAST3.jpg	NOKEY	MAX	NOKEY
1447089324302	0	lts_1109I_21_01	21	01	1	357	0	0	0	CR	MAX	AINCENSE4.jpg	AINCENSE4.jpg	NOKEY	MAX	NOKEY
1447089327379	0	lts_1109I_21_01	21	01	1	358	0	0	0	CR	MAX	ADRUMSTI4.jpg	ADRUMSTI4.jpg	NOKEY	MAX	NOKEY
1447089330488	0	lts_1109I_21_01	21	01	1	359	0	0	0	CR	MAX	Apaintroller3.jpg	Apaintroller3.jpg	NOKEY	MAX	NOKEY
1447089333564	0	lts_1109I_21_01	21	01	1	360	0	0	0	CR	MAX	Alifeves2.jpg	Alifeves2.jpg	NOKEY	MAX	NOKEY
1447089334850	0	lts_1109I_21_01	21	01	1	361	16	1	1	Hit	818	16-first/AMUSISTA2.jpg	AMUSISTA2.jpg	SPACE	852	SPACE
1447089337943	0	lts_1109I_21_01	21	01	1	362	0	0	0	CR	MAX	snail.jpg	snail.jpg	NOKEY	MAX	NOKEY
1447089338863	0	lts_1109I_21_01	21	01	1	363	2	1	1	Hit	437	2-mul/AMUSISTA2.jpg	AMUSISTA2.jpg	SPACE	485	SPACE
1447089341939	0	lts_1109I_21_01	21	01	1	364	0	0	0	CR	MAX	1/ATOOTHBR3.jpg	ATOOTHBR3.jpg	NOKEY	MAX	NOKEY
1447089342825	0	lts_1109I_21_01	21	01	1	365	1	1	1	Hit	415	1-14/ATOOTHBR3.jpg	ATOOTHBR3.jpg	SPACE	453	SPACE
1447089345901	0	lts_1109I_21_01	21	01	1	366	0	0	0	CR	MAX	leek.jpg	leek.jpg	NOKEY	MAX	NOKEY
1447089348977	0	lts_1109I_21_01	21	01	1	367	0	0	0	CR	MAX	26425788.thl.jpg	26425788.thl.jpg	NOKEY	MAX	NOKEY
1447089352054	0	lts_1109I_21_01	21	01	1	368	0	0	0	CR	MAX	1/AHEADLI18.jpg	AHEADLI18.jpg	NOKEY	MAX	NOKEY
1447089352939	0	lts_1109I_21_01	21	01	1	369	1	1	1	Hit	407	1-8/AHEADLI18.jpg	AHEADLI18.jpg	SPACE	452	SPACE
1447089356016	0	lts_1109I_21_01	21	01	1	370	0	0	0	CR	MAX	22921112.thl.jpg	22921112.thl.jpg	NOKEY	MAX	NOKEY
1447089359092	0	lts_1109I_21_01	21	01	1	371	0	0	0	CR	MAX	AEASEL22.jpg	AEASEL22.jpg	NOKEY	MAX	NOKEY
1447089362185	0	lts_1109I_21_01	21	01	1	372	0	0	0	CR	MAX	A52ZX.jpg	A52ZX.jpg	NOKEY	MAX	NOKEY
1447089365261	0	lts_1109I_21_01	21	01	1	373	0	0	0	CR	MAX	8/ignitionkey01.jpg	ignitionkey01.jpg	NOKEY	MAX	NOKEY
1447089368337	0	lts_1109I_21_01	21	01	1	374	128	1	0	Miss	MAX	128-6/ABEERBOT5.jpg	ABEERBOT5.jpg	NOKEY	MAX	SPACE
1447089371413	0	lts_1109I_21_01	21	01	1	375	0	0	0	CR	MAX	4/D_golfcart.jpg	D_golfcart.jpg	NOKEY	MAX	NOKEY
1447089374489	0	lts_1109I_21_01	21	01	1	376	0	0	0	CR	MAX	moto.jpg	moto.jpg	NOKEY	MAX	NOKEY
1447089375509	0	lts_1109I_21_01	21	01	1	377	00	1	1	Hit	548	00-across/AEAREXAM2.jpg	AEAREXAM2.jpg	SPACE	585	SPACE
1447089378585	0	lts_1109I_21_01	21	01	1	378	0	0	0	CR	MAX	32/Agardeningpai.jpg	Agardeningpai.jpg	NOKEY	MAX	NOKEY
1447089379604	0	lts_1109I_21_01	21	01	1	379	4	1	1	Hit	537	4-11/D_golfcart.jpg	D_golfcart.jpg	SPACE	586	SPACE
1447089382680	0	lts_1109I_21_01	21	01	1	380	0	0	0	CR	MAX	cd2-a.jpg	cd2-a.jpg	NOKEY	MAX	NOKEY
1447089383967	0	lts_1109I_21_01	21	01	1	381	8	1	1	Hit	818	8-1/ignitionkey01.jpg	ignitionkey01.jpg	SPACE	854	SPACE
1447089387044	0	lts_1109I_21_01	21	01	1	382	0	0	0	CR	MAX	1/34935544.thl.jpg	34935544.thl.jpg	NOKEY	MAX	NOKEY
1447089388899	0	lts_1109I_21_01	21	01	1	383	1	1	1	Hit	1373	1-9/34935544.thl.jpg	34935544.thl.jpg	SPACE	1421	SPACE
1447089391975	0	lts_1109I_21_01	21	01	1	384	0	0	0	CR	MAX	16/8254014.thl.jpg	8254014.thl.jpg	NOKEY	MAX	NOKEY
1447089393363	0	lts_1109I_21_01	21	01	1	385	00	1	1	Hit	918	00-across/AKITE5.jpg	AKITE5.jpg	SPACE	953	SPACE
1447089396456	0	lts_1109I_21_01	21	01	1	386	0	0	0	CR	MAX	ADOGTOY.jpg	ADOGTOY.jpg	NOKEY	MAX	NOKEY
1447089398645	0	lts_1109I_21_01	21	01	1	387	64	1	1	Hit	1711	64-first/ABOX8.jpg	ABOX8.jpg	SPACE	1755	SPACE
1447089401721	0	lts_1109I_21_01	21	01	1	388	0	0	0	CR	MAX	AGOLDCUP6.jpg	AGOLDCUP6.jpg	NOKEY	MAX	NOKEY
1447089404797	0	lts_1109I_21_01	21	01	1	389	0	0	0	CR	MAX	Ahotwaterbot2.jpg	Ahotwaterbot2.jpg	NOKEY	MAX	NOKEY
1447089407873	0	lts_1109I_21_01	21	01	1	390	0	0	0	CR	MAX	Arack3.jpg	Arack3.jpg	NOKEY	MAX	NOKEY
1447089410950	0	lts_1109I_21_01	21	01	1	391	64	1	0	Miss	MAX	64-first/22859796.thl.jpg	22859796.thl.jpg	NOKEY	MAX	SPACE
1447089414027	0	lts_1109I_21_01	21	01	1	392	0	0	0	CR	MAX	AHEBREWTE.jpg	AHEBREWTE.jpg	NOKEY	MAX	NOKEY
1447089417103	0	lts_1109I_21_01	21	01	1	393	0	0	0	CR	MAX	8245207.thl.jpg	8245207.thl.jpg	NOKEY	MAX	NOKEY
1447089420179	0	lts_1109I_21_01	21	01	1	394	0	0	0	CR	MAX	Asafetyrope.jpg	Asafetyrope.jpg	NOKEY	MAX	NOKEY
1447089421182	0	lts_1109I_21_01	21	01	1	395	4	1	1	Hit	533	4-mul/22859796.thl.jpg	22859796.thl.jpg	SPACE	568	SPACE
1447089424208	0	lts_1109I_21_01	21	01	1	396	0	0	1	FA	2534	2/AHAZELNU3.jpg	AHAZELNU3.jpg	SPACE	2574	NOKEY
1447089427284	0	lts_1109I_21_01	21	01	1	397	0	0	0	CR	MAX	APUTTER.jpg	APUTTER.jpg	NOKEY	MAX	NOKEY
1447089428253	0	lts_1109I_21_01	21	01	1	398	2	1	1	Hit	488	2-12/AHAZELNU3.jpg	AHAZELNU3.jpg	SPACE	534	SPACE
1447089431380	0	lts_1109I_21_01	21	01	1	399	0	0	0	CR	MAX	AELEMENT2.jpg	AELEMENT2.jpg	NOKEY	MAX	NOKEY
1447089432550	0	lts_1109I_21_01	21	01	1	400	16	1	1	Hit	698	16-first/8254014.thl.jpg	8254014.thl.jpg	SPACE	736	SPACE
1447089435642	0	lts_1109I_21_01	21	01	1	401	0	0	0	CR	MAX	sprinkler.jpg	sprinkler.jpg	NOKEY	MAX	NOKEY
1447089438718	0	lts_1109I_21_01	21	01	1	402	0	0	0	CR	MAX	Asewingpin.jpg	Asewingpin.jpg	NOKEY	MAX	NOKEY
1447089439771	0	lts_1109I_21_01	21	01	1	403	16	1	1	Hit	585	16-mul/ABOX8.jpg	ABOX8.jpg	SPACE	620	SPACE
1447089442847	0	lts_1109I_21_01	21	01	1	404	0	0	0	CR	MAX	2/Aflashlight3.jpg	Aflashlight3.jpg	NOKEY	MAX	NOKEY
1447089445923	0	lts_1109I_21_01	21	01	1	405	0	0	0	CR	MAX	AFERRAF40.jpg	AFERRAF40.jpg	NOKEY	MAX	NOKEY
1447089446809	0	lts_1109I_21_01	21	01	1	406	2	1	1	Hit	409	2-1/Aflashlight3.jpg	Aflashlight3.jpg	SPACE	452	SPACE
1447089449885	0	lts_1109I_21_01	21	01	1	407	0	0	0	CR	MAX	Aconnector2.jpg	Aconnector2.jpg	NOKEY	MAX	NOKEY
1447089452978	0	lts_1109I_21_01	21	01	1	408	0	0	0	CR	MAX	Abladetablesa.jpg	Abladetablesa.jpg	NOKEY	MAX	NOKEY
1447089456055	0	lts_1109I_21_01	21	01	1	409	0	0	0	CR	MAX	16/ACHOPSTI2.jpg	ACHOPSTI2.jpg	NOKEY	MAX	NOKEY
1447089457092	0	lts_1109I_21_01	21	01	1	410	32	1	1	Hit	563	32-6/Agardeningpai.jpg	Agardeningpai.jpg	SPACE	600	SPACE
1447089460168	0	lts_1109I_21_01	21	01	1	411	0	0	0	CR	MAX	32/clothpiece.jpg	clothpiece.jpg	NOKEY	MAX	NOKEY
1447089463244	0	lts_1109I_21_01	21	01	1	412	0	0	0	CR	MAX	8/Acartonofegg3.jpg	Acartonofegg3.jpg	NOKEY	MAX	NOKEY
1447089466320	0	lts_1109I_21_01	21	01	1	413	0	0	0	CR	MAX	1/ANAPRINGS.jpg	ANAPRINGS.jpg	NOKEY	MAX	NOKEY
1447089467206	0	lts_1109I_21_01	21	01	1	414	1	1	1	Hit	410	1-13/ANAPRINGS.jpg	ANAPRINGS.jpg	SPACE	451	SPACE
1447089470282	0	lts_1109I_21_01	21	01	1	415	0	0	0	CR	MAX	32/AMEATHER3.jpg	AMEATHER3.jpg	NOKEY	MAX	NOKEY
1447089471352	0	lts_1109I_21_01	21	01	1	416	16	1	1	Hit	587	16-mul/8254014.thl.jpg	8254014.thl.jpg	SPACE	635	SPACE
1447089474428	0	lts_1109I_21_01	21	01	1	417	0	0	0	CR	MAX	1/26375899.thl.jpg	26375899.thl.jpg	NOKEY	MAX	NOKEY
1447089475331	0	lts_1109I_21_01	21	01	1	418	1	1	1	Hit	430	1-7/26375899.thl.jpg	26375899.thl.jpg	SPACE	467	SPACE
1447089478407	0	lts_1109I_21_01	21	01	1	419	0	0	0	CR	MAX	AMAPLESYR.jpg	AMAPLESYR.jpg	NOKEY	MAX	NOKEY
1447089479393	0	lts_1109I_21_01	21	01	1	420	8	1	1	Hit	510	8-first/Acartonofegg3.jpg	Acartonofegg3.jpg	SPACE	551	SPACE
1447089480547	0	lts_1109I_21_01	21	01	1	421	0	0	1	FA	663	ASKYDIVE.jpg	ASKYDIVE.jpg	SPACE	702	NOKEY
1447089482619	0	lts_1109I_21_01	21	01	1	422	00	1	1	Hit	1598	00-across/workbench.jpg	workbench.jpg	SPACE	1638	SPACE
1447089485711	0	lts_1109I_21_01	21	01	1	423	0	0	0	CR	MAX	blackjackcasinotable.jpg	blackjackcasinotable.jpg	NOKEY	MAX	NOKEY
1447089488787	0	lts_1109I_21_01	21	01	1	424	0	0	0	CR	MAX	Aantelope2.jpg	Aantelope2.jpg	NOKEY	MAX	NOKEY
1447089489841	0	lts_1109I_21_01	21	01	1	425	16	1	1	Hit	577	16-1/ACHOPSTI2.jpg	ACHOPSTI2.jpg	SPACE	619	SPACE
1447089492917	0	lts_1109I_21_01	21	01	1	426	0	0	0	CR	MAX	ATEETH7.jpg	ATEETH7.jpg	NOKEY	MAX	NOKEY
1447089495993	0	lts_1109I_21_01	21	01	1	427	0	0	0	CR	MAX	Apairofrubbe3.jpg	Apairofrubbe3.jpg	NOKEY	MAX	NOKEY
1447089499070	0	lts_1109I_21_01	21	01	1	428	0	0	0	CR	MAX	Afilmnegativ2.jpg	Afilmnegativ2.jpg	NOKEY	MAX	NOKEY
1447089502146	0	lts_1109I_21_01	21	01	1	429	0	0	0	CR	MAX	ALINENCA3.jpg	ALINENCA3.jpg	NOKEY	MAX	NOKEY
1447089505222	0	lts_1109I_21_01	21	01	1	430	0	0	0	CR	MAX	AAIRPORTC.jpg	AAIRPORTC.jpg	NOKEY	MAX	NOKEY
1447089508315	0	lts_1109I_21_01	21	01	1	431	0	0	0	CR	MAX	Astatueofwo29.jpg	Astatueofwo29.jpg	NOKEY	MAX	NOKEY
1447089511407	0	lts_1109I_21_01	21	01	1	432	0	0	0	CR	MAX	2/Atray22.jpg	Atray22.jpg	NOKEY	MAX	NOKEY
1447089514484	0	lts_1109I_21_01	21	01	1	433	0	0	0	CR	MAX	Ashoeshines15.jpg	Ashoeshines15.jpg	NOKEY	MAX	NOKEY
1447089515470	0	lts_1109I_21_01	21	01	1	434	2	1	1	Hit	513	2-9/Atray22.jpg	Atray22.jpg	SPACE	552	SPACE
1447089518563	0	lts_1109I_21_01	21	01	1	435	0	0	0	CR	MAX	Cupcake.jpg	Cupcake.jpg	NOKEY	MAX	NOKEY
1447089519499	0	lts_1109I_21_01	21	01	1	436	16	1	1	Hit	452	16-mul/Acartonofegg3.jpg	Acartonofegg3.jpg	SPACE	502	SPACE
1447089522575	0	lts_1109I_21_01	21	01	1	437	0	0	0	CR	MAX	2/Acabinetwithm.jpg	Acabinetwithm.jpg	NOKEY	MAX	NOKEY
1447089525650	0	lts_1109I_21_01	21	01	1	438	0	0	0	CR	MAX	26468374.thl.jpg	26468374.thl.jpg	NOKEY	MAX	NOKEY
1447089526653	0	lts_1109I_21_01	21	01	1	439	2	1	1	Hit	520	2-3/Acabinetwithm.jpg	Acabinetwithm.jpg	SPACE	569	SPACE
1447089529729	0	lts_1109I_21_01	21	01	1	440	0	0	0	CR	MAX	22827408.thl.jpg	22827408.thl.jpg	NOKEY	MAX	NOKEY
1447089532805	0	lts_1109I_21_01	21	01	1	441	0	0	0	CR	MAX	Atool62.jpg	Atool62.jpg	NOKEY	MAX	NOKEY
1447089535881	0	lts_1109I_21_01	21	01	1	442	0	0	0	CR	MAX	AMUSICSH2.jpg	AMUSICSH2.jpg	NOKEY	MAX	NOKEY
1447089536985	0	lts_1109I_21_01	21	01	1	443	32	1	1	Hit	630	32-4/clothpiece.jpg	clothpiece.jpg	SPACE	670	SPACE
1447089540062	0	lts_1109I_21_01	21	01	1	444	0	0	0	CR	MAX	Achick9.jpg	Achick9.jpg	NOKEY	MAX	NOKEY
1447089543155	0	lts_1109I_21_01	21	01	1	445	0	0	0	CR	MAX	Alaundrybask2.jpg	Alaundrybask2.jpg	NOKEY	MAX	NOKEY
1447089546231	0	lts_1109I_21_01	21	01	1	446	0	0	0	CR	MAX	8021743.thl.jpg	8021743.thl.jpg	NOKEY	MAX	NOKEY
1447089549307	0	lts_1109I_21_01	21	01	1	447	32	1	0	Miss	MAX	32-2/AMEATHER3.jpg	AMEATHER3.jpg	NOKEY	MAX	SPACE
1447089552383	0	lts_1109I_21_01	21	01	1	448	0	0	0	CR	MAX	ARAILLIGH.jpg	ARAILLIGH.jpg	NOKEY	MAX	NOKEY
1447089555459	0	lts_1109I_21_01	21	01	1	449	0	0	0	CR	MAX	Apig5.jpg	Apig5.jpg	NOKEY	MAX	NOKEY
1447089627856	0	E	Logging Ends
