1447792003303	0	B	Logging Begins
1447792511687	0	lts_1117L_34_01	34	01	0	0	0	0	0	CR	MAX	ACDRAINER.jpg	ACDRAINER.jpg	NOKEY	MAX	NOKEY
1447792514763	0	lts_1117L_34_01	34	01	0	1	0	0	0	CR	MAX	4/Atoy57.jpg	Atoy57.jpg	NOKEY	MAX	NOKEY
1447792517839	0	lts_1117L_34_01	34	01	0	2	0	0	0	CR	MAX	Areindeertoy4.jpg	Areindeertoy4.jpg	NOKEY	MAX	NOKEY
1447792520915	0	lts_1117L_34_01	34	01	0	3	0	0	0	CR	MAX	Atotemp10.jpg	Atotemp10.jpg	NOKEY	MAX	NOKEY
1447792523991	0	lts_1117L_34_01	34	01	0	4	0	0	0	CR	MAX	AANTSTOV6.jpg	AANTSTOV6.jpg	NOKEY	MAX	NOKEY
1447792525079	0	lts_1117L_34_01	34	01	0	5	4	1	1	Hit	606	4-6/Atoy57.jpg	Atoy57.jpg	SPACE	651	SPACE
1447792528155	0	lts_1117L_34_01	34	01	0	6	0	0	0	CR	MAX	makeupfoundation.jpg	makeupfoundation.jpg	NOKEY	MAX	NOKEY
1447792531230	0	lts_1117L_34_01	34	01	0	7	0	0	0	CR	MAX	AWIG10.jpg	AWIG10.jpg	NOKEY	MAX	NOKEY
1447792534306	0	lts_1117L_34_01	34	01	0	8	0	0	0	CR	MAX	1/Asharktoy.jpg	Asharktoy.jpg	NOKEY	MAX	NOKEY
1447792535610	0	lts_1117L_34_01	34	01	0	9	1	1	1	Hit	832	1-8/Asharktoy.jpg	Asharktoy.jpg	SPACE	870	SPACE
1447792538686	0	lts_1117L_34_01	34	01	0	10	0	0	0	CR	MAX	8021410.thl.jpg	8021410.thl.jpg	NOKEY	MAX	NOKEY
1447792541762	0	lts_1117L_34_01	34	01	0	11	0	0	0	CR	MAX	16/26439297.thl.jpg	26439297.thl.jpg	NOKEY	MAX	NOKEY
1447792544838	0	lts_1117L_34_01	34	01	0	12	0	0	0	CR	MAX	32/Achick9.jpg	Achick9.jpg	NOKEY	MAX	NOKEY
1447792547914	0	lts_1117L_34_01	34	01	0	13	0	0	0	CR	MAX	marshmallows.jpg	marshmallows.jpg	NOKEY	MAX	NOKEY
1447792550990	0	lts_1117L_34_01	34	01	0	14	0	0	0	CR	MAX	1/Ahat47.jpg	Ahat47.jpg	NOKEY	MAX	NOKEY
1447792552162	0	lts_1117L_34_01	34	01	0	15	1	1	1	Hit	687	1-6/Ahat47.jpg	Ahat47.jpg	SPACE	735	SPACE
1447792555237	0	lts_1117L_34_01	34	01	0	16	0	0	0	CR	MAX	8/AWASHSIGN.jpg	AWASHSIGN.jpg	NOKEY	MAX	NOKEY
1447792558313	0	lts_1117L_34_01	34	01	0	17	0	0	0	CR	MAX	128/AWASHPART.jpg	AWASHPART.jpg	NOKEY	MAX	NOKEY
1447792561389	0	lts_1117L_34_01	34	01	0	18	0	0	0	CR	MAX	AJEEPBOA2.jpg	AJEEPBOA2.jpg	NOKEY	MAX	NOKEY
1447792564465	0	lts_1117L_34_01	34	01	0	19	0	0	0	CR	MAX	Akitchentool2.jpg	Akitchentool2.jpg	NOKEY	MAX	NOKEY
1447792567541	0	lts_1117L_34_01	34	01	0	20	0	0	0	CR	MAX	Atombstone17.jpg	Atombstone17.jpg	NOKEY	MAX	NOKEY
1447792570617	0	lts_1117L_34_01	34	01	0	21	0	0	0	CR	MAX	Aflowerpot9.jpg	Aflowerpot9.jpg	NOKEY	MAX	NOKEY
1447792573693	0	lts_1117L_34_01	34	01	0	22	0	0	0	CR	MAX	ABOOTCRA5.jpg	ABOOTCRA5.jpg	NOKEY	MAX	NOKEY
1447792576769	0	lts_1117L_34_01	34	01	0	23	0	0	0	CR	MAX	Aornament89.jpg	Aornament89.jpg	NOKEY	MAX	NOKEY
1447792577839	0	lts_1117L_34_01	34	01	0	24	8	1	1	Hit	595	8-first/AWASHSIGN.jpg	AWASHSIGN.jpg	SPACE	635	SPACE
1447792580915	0	lts_1117L_34_01	34	01	0	25	0	0	0	CR	MAX	confettipopper.jpg	confettipopper.jpg	NOKEY	MAX	NOKEY
1447792583991	0	lts_1117L_34_01	34	01	0	26	0	0	0	CR	MAX	8/Aperfumebottl.jpg	Aperfumebottl.jpg	NOKEY	MAX	NOKEY
1447792585245	0	lts_1117L_34_01	34	01	0	27	16	1	1	Hit	774	16-first/26439297.thl.jpg	26439297.thl.jpg	SPACE	818	SPACE
1447792588321	0	lts_1117L_34_01	34	01	0	28	0	0	0	CR	MAX	26433592.thl.jpg	26433592.thl.jpg	NOKEY	MAX	NOKEY
1447792591397	0	lts_1117L_34_01	34	01	0	29	0	0	0	CR	MAX	Aboxofnotepa4.jpg	Aboxofnotepa4.jpg	NOKEY	MAX	NOKEY
1447792594473	0	lts_1117L_34_01	34	01	0	30	0	0	0	CR	MAX	64/Aplantinpot4.jpg	Aplantinpot4.jpg	NOKEY	MAX	NOKEY
1447792595794	0	lts_1117L_34_01	34	01	0	31	4	1	1	Hit	838	4-mul/26439297.thl.jpg	26439297.thl.jpg	SPACE	886	SPACE
1447792598870	0	lts_1117L_34_01	34	01	0	32	0	0	0	CR	MAX	10049816.thl.jpg	10049816.thl.jpg	NOKEY	MAX	NOKEY
1447792601946	0	lts_1117L_34_01	34	01	0	33	0	0	0	CR	MAX	Abeverage11.jpg	Abeverage11.jpg	NOKEY	MAX	NOKEY
1447792603084	0	lts_1117L_34_01	34	01	0	34	8	1	1	Hit	662	8-first/Aperfumebottl.jpg	Aperfumebottl.jpg	SPACE	702	SPACE
1447792606160	0	lts_1117L_34_01	34	01	0	35	0	0	0	CR	MAX	AMASCARA.jpg	AMASCARA.jpg	NOKEY	MAX	NOKEY
1447792607429	0	lts_1117L_34_01	34	01	0	36	2	1	1	Hit	788	2-mul/Aperfumebottl.jpg	Aperfumebottl.jpg	SPACE	836	SPACE
1447792610506	0	lts_1117L_34_01	34	01	0	37	0	0	0	CR	MAX	23019499.thl.jpg	23019499.thl.jpg	NOKEY	MAX	NOKEY
1447792612512	0	lts_1117L_34_01	34	01	0	38	0	0	1	FA	1533	AAIRPORTC.jpg	AAIRPORTC.jpg	SPACE	1573	NOKEY
1447792615605	0	lts_1117L_34_01	34	01	0	39	0	0	0	CR	MAX	driedbananaslides.jpg	driedbananaslides.jpg	NOKEY	MAX	NOKEY
1447792616674	0	lts_1117L_34_01	34	01	0	40	16	1	1	Hit	586	16-mul/AWASHSIGN.jpg	AWASHSIGN.jpg	SPACE	635	SPACE
1447792619767	0	lts_1117L_34_01	34	01	0	41	0	0	0	CR	MAX	labyrinthe.jpg	labyrinthe.jpg	NOKEY	MAX	NOKEY
1447792622860	0	lts_1117L_34_01	34	01	0	42	0	0	0	CR	MAX	AWATERJU3.jpg	AWATERJU3.jpg	NOKEY	MAX	NOKEY
1447792625936	0	lts_1117L_34_01	34	01	0	43	0	0	0	CR	MAX	22903148.thl.jpg	22903148.thl.jpg	NOKEY	MAX	NOKEY
1447792627107	0	lts_1117L_34_01	34	01	0	44	32	1	1	Hit	697	32-7/Achick9.jpg	Achick9.jpg	SPACE	735	SPACE
1447792630183	0	lts_1117L_34_01	34	01	0	45	0	0	0	CR	MAX	AALFALFA.jpg	AALFALFA.jpg	NOKEY	MAX	NOKEY
1447792633275	0	lts_1117L_34_01	34	01	0	46	0	0	0	CR	MAX	Aleatherpenc9.jpg	Aleatherpenc9.jpg	NOKEY	MAX	NOKEY
1447792636351	0	lts_1117L_34_01	34	01	0	47	0	0	0	CR	MAX	4/8256530.thl.jpg	8256530.thl.jpg	NOKEY	MAX	NOKEY
1447792639427	0	lts_1117L_34_01	34	01	0	48	0	0	0	CR	MAX	ACPU2.jpg	ACPU2.jpg	NOKEY	MAX	NOKEY
1447792642503	0	lts_1117L_34_01	34	01	0	49	0	0	0	CR	MAX	AFERRAF40.jpg	AFERRAF40.jpg	NOKEY	MAX	NOKEY
1447792645579	0	lts_1117L_34_01	34	01	0	50	0	0	0	CR	MAX	strawberrytart.jpg	strawberrytart.jpg	NOKEY	MAX	NOKEY
1447792647235	0	lts_1117L_34_01	34	01	0	51	4	1	1	Hit	1181	4-3/8256530.thl.jpg	8256530.thl.jpg	SPACE	1220	SPACE
1447792650311	0	lts_1117L_34_01	34	01	0	52	0	0	0	CR	MAX	128/ABAROMET2.jpg	ABAROMET2.jpg	NOKEY	MAX	NOKEY
1447792653403	0	lts_1117L_34_01	34	01	0	53	0	0	0	CR	MAX	2/beanbagchair.jpg	beanbagchair.jpg	NOKEY	MAX	NOKEY
1447792656479	0	lts_1117L_34_01	34	01	0	54	0	0	0	CR	MAX	Athreeholepu6.jpg	Athreeholepu6.jpg	NOKEY	MAX	NOKEY
1447792657767	0	lts_1117L_34_01	34	01	0	55	2	1	1	Hit	818	2-13/beanbagchair.jpg	beanbagchair.jpg	SPACE	852	SPACE
1447792660843	0	lts_1117L_34_01	34	01	0	56	0	0	0	CR	MAX	1/AAMBULAN7.jpg	AAMBULAN7.jpg	NOKEY	MAX	NOKEY
1447792661980	0	lts_1117L_34_01	34	01	0	57	1	1	1	Hit	652	1-14/AAMBULAN7.jpg	AAMBULAN7.jpg	SPACE	702	SPACE
1447792665073	0	lts_1117L_34_01	34	01	0	58	0	0	0	CR	MAX	128/Ascrewmount.jpg	Ascrewmount.jpg	NOKEY	MAX	NOKEY
1447792668166	0	lts_1117L_34_01	34	01	0	59	0	0	0	CR	MAX	Acandlehold17.jpg	Acandlehold17.jpg	NOKEY	MAX	NOKEY
1447792671241	0	lts_1117L_34_01	34	01	0	60	0	0	0	CR	MAX	64/ARATTLE.jpg	ARATTLE.jpg	NOKEY	MAX	NOKEY
1447792674317	0	lts_1117L_34_01	34	01	0	61	0	0	0	CR	MAX	2/Aglassbottle6.jpg	Aglassbottle6.jpg	NOKEY	MAX	NOKEY
1447792677410	0	lts_1117L_34_01	34	01	0	62	0	0	0	CR	MAX	16/22991767.thl.jpg	22991767.thl.jpg	NOKEY	MAX	NOKEY
1447792678630	0	lts_1117L_34_01	34	01	0	63	2	1	1	Hit	738	2-7/Aglassbottle6.jpg	Aglassbottle6.jpg	SPACE	786	SPACE
1447792681707	0	lts_1117L_34_01	34	01	0	64	0	0	0	CR	MAX	4/AINDIAMA3.jpg	AINDIAMA3.jpg	NOKEY	MAX	NOKEY
1447792684799	0	lts_1117L_34_01	34	01	0	65	0	0	0	CR	MAX	22887144.thl.jpg	22887144.thl.jpg	NOKEY	MAX	NOKEY
1447792687892	0	lts_1117L_34_01	34	01	0	66	0	0	0	CR	MAX	AWINDSU21.jpg	AWINDSU21.jpg	NOKEY	MAX	NOKEY
1447792690968	0	lts_1117L_34_01	34	01	0	67	0	0	0	CR	MAX	26421370.thl.jpg	26421370.thl.jpg	NOKEY	MAX	NOKEY
1447792692156	0	lts_1117L_34_01	34	01	0	68	4	1	1	Hit	710	4-7/AINDIAMA3.jpg	AINDIAMA3.jpg	SPACE	752	SPACE
1447792695231	0	lts_1117L_34_01	34	01	0	69	0	0	0	CR	MAX	AELECBEA6.jpg	AELECBEA6.jpg	NOKEY	MAX	NOKEY
1447792696669	0	lts_1117L_34_01	34	01	0	70	0	0	1	FA	960	26370116.thl.jpg	26370116.thl.jpg	SPACE	1003	NOKEY
1447792699745	0	lts_1117L_34_01	34	01	0	71	0	0	0	CR	MAX	64/Abicyclepump2.jpg	Abicyclepump2.jpg	NOKEY	MAX	NOKEY
1447792702821	0	lts_1117L_34_01	34	01	0	72	0	0	0	CR	MAX	A95CHEROK.jpg	A95CHEROK.jpg	NOKEY	MAX	NOKEY
1447792705897	0	lts_1117L_34_01	34	01	0	73	0	0	0	CR	MAX	26374055.thl.jpg	26374055.thl.jpg	NOKEY	MAX	NOKEY
1447792708973	0	lts_1117L_34_01	34	01	0	74	0	0	0	CR	MAX	26388148.thl.jpg	26388148.thl.jpg	NOKEY	MAX	NOKEY
1447792712050	0	lts_1117L_34_01	34	01	0	75	0	0	0	CR	MAX	32/AANTHAT2.jpg	AANTHAT2.jpg	NOKEY	MAX	NOKEY
1447792715126	0	lts_1117L_34_01	34	01	0	76	0	0	0	CR	MAX	ACHINBRB4.jpg	ACHINBRB4.jpg	NOKEY	MAX	NOKEY
1447792718201	0	lts_1117L_34_01	34	01	0	77	0	0	0	CR	MAX	8079958.thl.jpg	8079958.thl.jpg	NOKEY	MAX	NOKEY
1447792719355	0	lts_1117L_34_01	34	01	0	78	16	1	1	Hit	682	16-first/22991767.thl.jpg	22991767.thl.jpg	SPACE	719	SPACE
1447792722448	0	lts_1117L_34_01	34	01	0	79	0	0	0	CR	MAX	APILLS9.jpg	APILLS9.jpg	NOKEY	MAX	NOKEY
1447792723568	0	lts_1117L_34_01	34	01	0	80	2	1	1	Hit	648	2-mul/22991767.thl.jpg	22991767.thl.jpg	SPACE	687	SPACE
1447792726644	0	lts_1117L_34_01	34	01	0	81	0	0	0	CR	MAX	2/Adalmatiandog.jpg	Adalmatiandog.jpg	NOKEY	MAX	NOKEY
1447792729720	0	lts_1117L_34_01	34	01	0	82	0	0	0	CR	MAX	corkscrew02.jpg	corkscrew02.jpg	NOKEY	MAX	NOKEY
1447792731509	0	lts_1117L_34_01	34	01	0	83	2	1	1	Hit	1292	2-3/Adalmatiandog.jpg	Adalmatiandog.jpg	SPACE	1339	SPACE
1447792734585	0	lts_1117L_34_01	34	01	0	84	0	0	0	CR	MAX	2/Aroadsignind3.jpg	Aroadsignind3.jpg	NOKEY	MAX	NOKEY
1447792737661	0	lts_1117L_34_01	34	01	0	85	0	0	0	CR	MAX	Apaperclipsin.jpg	Apaperclipsin.jpg	NOKEY	MAX	NOKEY
1447792739600	0	lts_1117L_34_01	34	01	0	86	2	1	1	Hit	1463	2-9/Aroadsignind3.jpg	Aroadsignind3.jpg	SPACE	1506	SPACE
1447792742676	0	lts_1117L_34_01	34	01	0	87	0	0	0	CR	MAX	16/Abellcookiec3.jpg	Abellcookiec3.jpg	NOKEY	MAX	NOKEY
1447792745752	0	lts_1117L_34_01	34	01	0	88	0	0	0	CR	MAX	Aantelope2.jpg	Aantelope2.jpg	NOKEY	MAX	NOKEY
1447792748828	0	lts_1117L_34_01	34	01	0	89	0	0	0	CR	MAX	Aspoon14.jpg	Aspoon14.jpg	NOKEY	MAX	NOKEY
1447792751904	0	lts_1117L_34_01	34	01	0	90	0	0	0	CR	MAX	26429097.thl.jpg	26429097.thl.jpg	NOKEY	MAX	NOKEY
1447792754980	0	lts_1117L_34_01	34	01	0	91	0	0	0	CR	MAX	8256618.thl.jpg	8256618.thl.jpg	NOKEY	MAX	NOKEY
1447792758057	0	lts_1117L_34_01	34	01	0	92	0	0	0	CR	MAX	26394018.thl.jpg	26394018.thl.jpg	NOKEY	MAX	NOKEY
1447792761134	0	lts_1117L_34_01	34	01	0	93	0	0	0	CR	MAX	AGUINEAP2.jpg	AGUINEAP2.jpg	NOKEY	MAX	NOKEY
1447792762403	0	lts_1117L_34_01	34	01	0	94	64	1	1	Hit	785	64-first/Aplantinpot4.jpg	Aplantinpot4.jpg	SPACE	835	SPACE
1447792765479	0	lts_1117L_34_01	34	01	0	95	0	0	0	CR	MAX	pingpongtable.jpg	pingpongtable.jpg	NOKEY	MAX	NOKEY
1447792768555	0	lts_1117L_34_01	34	01	0	96	0	0	0	CR	MAX	ADEEPFRYS.jpg	ADEEPFRYS.jpg	NOKEY	MAX	NOKEY
1447792771631	0	lts_1117L_34_01	34	01	0	97	0	0	0	CR	MAX	64/23044458.thl.jpg	23044458.thl.jpg	NOKEY	MAX	NOKEY
1447792774724	0	lts_1117L_34_01	34	01	0	98	0	0	0	CR	MAX	2/ferrywheeltoy.jpg	ferrywheeltoy.jpg	NOKEY	MAX	NOKEY
1447792777800	0	lts_1117L_34_01	34	01	0	99	0	0	0	CR	MAX	32/candy3.jpg	candy3.jpg	NOKEY	MAX	NOKEY
1447792778954	0	lts_1117L_34_01	34	01	0	100	2	1	1	Hit	683	2-10/ferrywheeltoy.jpg	ferrywheeltoy.jpg	SPACE	718	SPACE
1447792782031	0	lts_1117L_34_01	34	01	0	101	0	0	0	CR	MAX	16/22806086.thl.jpg	22806086.thl.jpg	NOKEY	MAX	NOKEY
1447792785107	0	lts_1117L_34_01	34	01	0	102	0	0	0	CR	MAX	26432899.thl.jpg	26432899.thl.jpg	NOKEY	MAX	NOKEY
1447792786343	0	lts_1117L_34_01	34	01	0	103	16	1	1	Hit	762	16-first/Abellcookiec3.jpg	Abellcookiec3.jpg	SPACE	802	SPACE
1447792789436	0	lts_1117L_34_01	34	01	0	104	0	0	0	CR	MAX	8248852.thl.jpg	8248852.thl.jpg	NOKEY	MAX	NOKEY
1447792792512	0	lts_1117L_34_01	34	01	0	105	0	0	0	CR	MAX	pinkhoodie.jpg	pinkhoodie.jpg	NOKEY	MAX	NOKEY
1447792795588	0	lts_1117L_34_01	34	01	0	106	0	0	0	CR	MAX	woodvase.jpg	woodvase.jpg	NOKEY	MAX	NOKEY
1447792796825	0	lts_1117L_34_01	34	01	0	107	32	1	1	Hit	753	32-9/AANTHAT2.jpg	AANTHAT2.jpg	SPACE	803	SPACE
1447792799901	0	lts_1117L_34_01	34	01	0	108	0	0	0	CR	MAX	ABATHTUB3.jpg	ABATHTUB3.jpg	NOKEY	MAX	NOKEY
1447792802977	0	lts_1117L_34_01	34	01	0	109	0	0	0	CR	MAX	Adrinkinggl21.jpg	Adrinkinggl21.jpg	NOKEY	MAX	NOKEY
1447792804065	0	lts_1117L_34_01	34	01	0	110	16	1	1	Hit	612	16-mul/Aplantinpot4.jpg	Aplantinpot4.jpg	SPACE	652	SPACE
1447792807141	0	lts_1117L_34_01	34	01	0	111	0	0	0	CR	MAX	APANTRAC2.jpg	APANTRAC2.jpg	NOKEY	MAX	NOKEY
1447792810216	0	lts_1117L_34_01	34	01	0	112	0	0	0	CR	MAX	ADOLL69.jpg	ADOLL69.jpg	NOKEY	MAX	NOKEY
1447792813309	0	lts_1117L_34_01	34	01	0	113	0	0	0	CR	MAX	AMAILBO28.jpg	AMAILBO28.jpg	NOKEY	MAX	NOKEY
1447792816385	0	lts_1117L_34_01	34	01	0	114	0	0	0	CR	MAX	AELEAGEN3.jpg	AELEAGEN3.jpg	NOKEY	MAX	NOKEY
1447792819461	0	lts_1117L_34_01	34	01	0	115	0	0	0	CR	MAX	Alobster10.jpg	Alobster10.jpg	NOKEY	MAX	NOKEY
1447792822537	0	lts_1117L_34_01	34	01	0	116	0	0	0	CR	MAX	128/Awoodenspoon3.jpg	Awoodenspoon3.jpg	NOKEY	MAX	NOKEY
1447792824143	0	lts_1117L_34_01	34	01	0	117	16	1	1	Hit	1124	16-1/22806086.thl.jpg	22806086.thl.jpg	SPACE	1171	SPACE
1447792827218	0	lts_1117L_34_01	34	01	0	118	0	0	0	CR	MAX	Atoyhelicopte.jpg	Atoyhelicopte.jpg	NOKEY	MAX	NOKEY
1447792828271	0	lts_1117L_34_01	34	01	0	119	16	1	1	Hit	570	16-mul/Abellcookiec3.jpg	Abellcookiec3.jpg	SPACE	619	SPACE
1447792831347	0	lts_1117L_34_01	34	01	0	120	0	0	0	CR	MAX	1/26425370.thl.jpg	26425370.thl.jpg	NOKEY	MAX	NOKEY
1447792832400	0	lts_1117L_34_01	34	01	0	121	1	1	1	Hit	580	1-4/26425370.thl.jpg	26425370.thl.jpg	SPACE	618	SPACE
1447792835476	0	lts_1117L_34_01	34	01	0	122	0	0	0	CR	MAX	Areceptacle3.jpg	Areceptacle3.jpg	NOKEY	MAX	NOKEY
1447792838552	0	lts_1117L_34_01	34	01	0	123	0	0	0	CR	MAX	22903568.thl.jpg	22903568.thl.jpg	NOKEY	MAX	NOKEY
1447792839756	0	lts_1117L_34_01	34	01	0	124	64	1	1	Hit	729	64-first/ARATTLE.jpg	ARATTLE.jpg	SPACE	769	SPACE
1447792842832	0	lts_1117L_34_01	34	01	0	125	0	0	0	CR	MAX	32/Aboots56.jpg	Aboots56.jpg	NOKEY	MAX	NOKEY
1447792845908	0	lts_1117L_34_01	34	01	0	126	0	0	0	CR	MAX	AMIXER.jpg	AMIXER.jpg	NOKEY	MAX	NOKEY
1447792848984	0	lts_1117L_34_01	34	01	0	127	0	0	0	CR	MAX	dftslpi.jpg	dftslpi.jpg	NOKEY	MAX	NOKEY
1447792852061	0	lts_1117L_34_01	34	01	0	128	0	0	0	CR	MAX	128/AEXPERIM3.jpg	AEXPERIM3.jpg	NOKEY	MAX	NOKEY
1447792855138	0	lts_1117L_34_01	34	01	0	129	0	0	0	CR	MAX	4/ACREPMAK3.jpg	ACREPMAK3.jpg	NOKEY	MAX	NOKEY
1447792858213	0	lts_1117L_34_01	34	01	0	130	0	0	0	CR	MAX	26374089.thl.jpg	26374089.thl.jpg	NOKEY	MAX	NOKEY
1447792859333	0	lts_1117L_34_01	34	01	0	131	32	1	1	Hit	638	32-6/candy3.jpg	candy3.jpg	SPACE	686	SPACE
1447792862409	0	lts_1117L_34_01	34	01	0	132	0	0	0	CR	MAX	128/Aturban.jpg	Aturban.jpg	NOKEY	MAX	NOKEY
1447792863696	0	lts_1117L_34_01	34	01	0	133	4	1	1	Hit	808	4-5/ACREPMAK3.jpg	ACREPMAK3.jpg	SPACE	853	SPACE
1447792866772	0	lts_1117L_34_01	34	01	0	134	0	0	0	CR	MAX	ASHOTCAS2.jpg	ASHOTCAS2.jpg	NOKEY	MAX	NOKEY
1447792868912	0	lts_1117L_34_01	34	01	0	135	64	1	1	Hit	1659	64-first/Abicyclepump2.jpg	Abicyclepump2.jpg	SPACE	1706	SPACE
1447792871988	0	lts_1117L_34_01	34	01	0	136	0	0	0	CR	MAX	Atrafficsign2.jpg	Atrafficsign2.jpg	NOKEY	MAX	NOKEY
1447792873025	0	lts_1117L_34_01	34	01	0	137	2	1	1	Hit	554	2-mul/Abicyclepump2.jpg	Abicyclepump2.jpg	SPACE	600	SPACE
1447792876102	0	lts_1117L_34_01	34	01	0	138	0	0	0	CR	MAX	8029703.thl.jpg	8029703.thl.jpg	NOKEY	MAX	NOKEY
1447792879178	0	lts_1117L_34_01	34	01	0	139	0	0	0	CR	MAX	4/caramel.jpg	caramel.jpg	NOKEY	MAX	NOKEY
1447792880164	0	lts_1117L_34_01	34	01	0	140	16	1	1	Hit	510	16-mul/ARATTLE.jpg	ARATTLE.jpg	SPACE	551	SPACE
1447792883239	0	lts_1117L_34_01	34	01	0	141	0	0	0	CR	MAX	22911500.thl.jpg	22911500.thl.jpg	NOKEY	MAX	NOKEY
1447792886315	0	lts_1117L_34_01	34	01	0	142	0	0	0	CR	MAX	8/Brusselssprouts.jpg	Brusselssprouts.jpg	NOKEY	MAX	NOKEY
1447792887786	0	lts_1117L_34_01	34	01	0	143	4	1	1	Hit	997	4-11/caramel.jpg	caramel.jpg	SPACE	1036	SPACE
1447792890862	0	lts_1117L_34_01	34	01	0	144	0	0	0	CR	MAX	ALAB13.jpg	ALAB13.jpg	NOKEY	MAX	NOKEY
1447792893938	0	lts_1117L_34_01	34	01	0	145	128	1	0	Miss	MAX	128-4/AWASHPART.jpg	AWASHPART.jpg	NOKEY	MAX	SPACE
1447792897066	0	lts_1117L_34_01	34	01	0	146	0	0	0	CR	MAX	2/ABPIECE2.jpg	ABPIECE2.jpg	NOKEY	MAX	NOKEY
1447792900142	0	lts_1117L_34_01	34	01	0	147	0	0	0	CR	MAX	ACANE2.jpg	ACANE2.jpg	NOKEY	MAX	NOKEY
1447792901629	0	lts_1117L_34_01	34	01	0	148	2	1	1	Hit	1018	2-0/ABPIECE2.jpg	ABPIECE2.jpg	SPACE	1052	SPACE
1447792904705	0	lts_1117L_34_01	34	01	0	149	0	0	0	CR	MAX	Asaturn.jpg	Asaturn.jpg	NOKEY	MAX	NOKEY
1447792905741	0	lts_1117L_34_01	34	01	0	150	8	1	1	Hit	555	8-first/Brusselssprouts.jpg	Brusselssprouts.jpg	SPACE	602	SPACE
1447792908817	0	lts_1117L_34_01	34	01	0	151	0	0	0	CR	MAX	Akiddcup2.jpg	Akiddcup2.jpg	NOKEY	MAX	NOKEY
1447792911893	0	lts_1117L_34_01	34	01	0	152	0	0	0	CR	MAX	swimming pool.jpg	swimming pool.jpg	NOKEY	MAX	NOKEY
1447792914969	0	lts_1117L_34_01	34	01	0	153	0	0	0	CR	MAX	Aantiquesofa4.jpg	Aantiquesofa4.jpg	NOKEY	MAX	NOKEY
1447792915989	0	lts_1117L_34_01	34	01	0	154	4	1	1	Hit	546	4-mul/Brusselssprouts.jpg	Brusselssprouts.jpg	SPACE	585	SPACE
1447792919083	0	lts_1117L_34_01	34	01	0	155	0	0	0	CR	MAX	ASECCAME3.jpg	ASECCAME3.jpg	NOKEY	MAX	NOKEY
1447792922159	0	lts_1117L_34_01	34	01	0	156	0	0	0	CR	MAX	Azebra8.jpg	Azebra8.jpg	NOKEY	MAX	NOKEY
1447792923378	0	lts_1117L_34_01	34	01	0	157	32	1	1	Hit	747	32-3/Aboots56.jpg	Aboots56.jpg	SPACE	785	SPACE
1447792926454	0	lts_1117L_34_01	34	01	0	158	0	0	0	CR	MAX	AGLASSFL4.jpg	AGLASSFL4.jpg	NOKEY	MAX	NOKEY
1447792929547	0	lts_1117L_34_01	34	01	0	159	0	0	0	CR	MAX	Aantiquepock3.jpg	Aantiquepock3.jpg	NOKEY	MAX	NOKEY
1447792932623	0	lts_1117L_34_01	34	01	0	160	0	0	0	CR	MAX	Abucketwithcl.jpg	Abucketwithcl.jpg	NOKEY	MAX	NOKEY
1447792934362	0	lts_1117L_34_01	34	01	0	161	64	1	1	Hit	1268	64-first/23044458.thl.jpg	23044458.thl.jpg	SPACE	1304	SPACE
1447792937438	0	lts_1117L_34_01	34	01	0	162	0	0	0	CR	MAX	26439913.thl.jpg	26439913.thl.jpg	NOKEY	MAX	NOKEY
1447792940514	0	lts_1117L_34_01	34	01	0	163	0	0	0	CR	MAX	2/AACORN2.jpg	AACORN2.jpg	NOKEY	MAX	NOKEY
1447792943607	0	lts_1117L_34_01	34	01	0	164	0	0	0	CR	MAX	Aspoonofsug11.jpg	Aspoonofsug11.jpg	NOKEY	MAX	NOKEY
1447792944944	0	lts_1117L_34_01	34	01	0	165	2	1	1	Hit	863	2-11/AACORN2.jpg	AACORN2.jpg	SPACE	903	SPACE
1447792948021	0	lts_1117L_34_01	34	01	0	166	0	0	0	CR	MAX	Arubberstampa.jpg	Arubberstampa.jpg	NOKEY	MAX	NOKEY
1447792951097	0	lts_1117L_34_01	34	01	0	167	0	0	0	CR	MAX	Abulbprotect2.jpg	Abulbprotect2.jpg	NOKEY	MAX	NOKEY
1447792954173	0	lts_1117L_34_01	34	01	0	168	0	0	0	CR	MAX	32/ASPARKER2.jpg	ASPARKER2.jpg	NOKEY	MAX	NOKEY
1447792957249	0	lts_1117L_34_01	34	01	0	169	0	0	0	CR	MAX	64/Aearth3.jpg	Aearth3.jpg	NOKEY	MAX	NOKEY
1447792960325	0	lts_1117L_34_01	34	01	0	170	0	0	0	CR	MAX	1/ATEALANT8.jpg	ATEALANT8.jpg	NOKEY	MAX	NOKEY
1447792961378	0	lts_1117L_34_01	34	01	0	171	1	1	1	Hit	580	1-2/ATEALANT8.jpg	ATEALANT8.jpg	SPACE	619	SPACE
1447792964454	0	lts_1117L_34_01	34	01	0	172	0	0	0	CR	MAX	16/26375953.thl.jpg	26375953.thl.jpg	NOKEY	MAX	NOKEY
1447792967530	0	lts_1117L_34_01	34	01	0	173	0	0	0	CR	MAX	ABALALAI3.jpg	ABALALAI3.jpg	NOKEY	MAX	NOKEY
1447792970606	0	lts_1117L_34_01	34	01	0	174	0	0	0	CR	MAX	Aappleonsca14.jpg	Aappleonsca14.jpg	NOKEY	MAX	NOKEY
1447792973682	0	lts_1117L_34_01	34	01	0	175	0	0	0	CR	MAX	Ababycup2.jpg	Ababycup2.jpg	NOKEY	MAX	NOKEY
1447792976758	0	lts_1117L_34_01	34	01	0	176	0	0	0	CR	MAX	Abuilding116.jpg	Abuilding116.jpg	NOKEY	MAX	NOKEY
1447792977979	0	lts_1117L_34_01	34	01	0	177	16	1	1	Hit	740	16-mul/23044458.thl.jpg	23044458.thl.jpg	SPACE	785	SPACE
1447792981056	0	lts_1117L_34_01	34	01	0	178	0	0	0	CR	MAX	32/Aswitch17.jpg	Aswitch17.jpg	NOKEY	MAX	NOKEY
1447792984132	0	lts_1117L_34_01	34	01	0	179	0	0	0	CR	MAX	26685596.thl.jpg	26685596.thl.jpg	NOKEY	MAX	NOKEY
1447792987207	0	lts_1117L_34_01	34	01	0	180	128	1	0	Miss	MAX	128-1/ABAROMET2.jpg	ABAROMET2.jpg	NOKEY	MAX	SPACE
1447792990283	0	lts_1117L_34_01	34	01	0	181	0	0	0	CR	MAX	Aflower103.jpg	Aflower103.jpg	NOKEY	MAX	NOKEY
1447792993359	0	lts_1117L_34_01	34	01	0	182	0	0	0	CR	MAX	Abedpan7.jpg	Abedpan7.jpg	NOKEY	MAX	NOKEY
1447792996435	0	lts_1117L_34_01	34	01	0	183	0	0	0	CR	MAX	Adustpanbrus4.jpg	Adustpanbrus4.jpg	NOKEY	MAX	NOKEY
1447792999528	0	lts_1117L_34_01	34	01	0	184	0	0	0	CR	MAX	26688546.thl.jpg	26688546.thl.jpg	NOKEY	MAX	NOKEY
1447793002621	0	lts_1117L_34_01	34	01	0	185	0	0	0	CR	MAX	Achowchowdog.jpg	Achowchowdog.jpg	NOKEY	MAX	NOKEY
1447793005697	0	lts_1117L_34_01	34	01	0	186	128	1	0	Miss	MAX	128-7/Ascrewmount.jpg	Ascrewmount.jpg	NOKEY	MAX	SPACE
1447793008773	0	lts_1117L_34_01	34	01	0	187	0	0	0	CR	MAX	AHONEYSTI.jpg	AHONEYSTI.jpg	NOKEY	MAX	NOKEY
1447793011849	0	lts_1117L_34_01	34	01	0	188	16	1	0	Miss	MAX	16-0/26375953.thl.jpg	26375953.thl.jpg	NOKEY	MAX	SPACE
1447793014925	0	lts_1117L_34_01	34	01	0	189	0	0	0	CR	MAX	AONETOAST.jpg	AONETOAST.jpg	NOKEY	MAX	NOKEY
1447793018002	0	lts_1117L_34_01	34	01	0	190	0	0	0	CR	MAX	16/ATOOTHBR3.jpg	ATOOTHBR3.jpg	NOKEY	MAX	NOKEY
1447793021078	0	lts_1117L_34_01	34	01	0	191	0	0	0	CR	MAX	128/Arecyclingbox.jpg	Arecyclingbox.jpg	NOKEY	MAX	NOKEY
1447793024154	0	lts_1117L_34_01	34	01	0	192	0	0	0	CR	MAX	4/ALAB36.jpg	ALAB36.jpg	NOKEY	MAX	NOKEY
1447793027229	0	lts_1117L_34_01	34	01	0	193	0	0	0	CR	MAX	1/ARECEIPT.jpg	ARECEIPT.jpg	NOKEY	MAX	NOKEY
1447793028884	0	lts_1117L_34_01	34	01	0	194	1	1	1	Hit	1179	1-10/ARECEIPT.jpg	ARECEIPT.jpg	SPACE	1220	SPACE
1447793031960	0	lts_1117L_34_01	34	01	0	195	0	0	0	CR	MAX	ACARDFRA2.jpg	ACARDFRA2.jpg	NOKEY	MAX	NOKEY
1447793033065	0	lts_1117L_34_01	34	01	0	196	4	1	1	Hit	630	4-0/ALAB36.jpg	ALAB36.jpg	SPACE	668	SPACE
1447793035471	0	lts_1117L_34_01	34	01	0	197	0	0	1	FA	1921	ARUSH.jpg	ARUSH.jpg	SPACE	1956	NOKEY
1447793038547	0	lts_1117L_34_01	34	01	0	198	0	0	0	CR	MAX	26420956.thl.jpg	26420956.thl.jpg	NOKEY	MAX	NOKEY
1447793041623	0	lts_1117L_34_01	34	01	0	199	0	0	0	CR	MAX	4/visacard.jpg	visacard.jpg	NOKEY	MAX	NOKEY
1447793043412	0	lts_1117L_34_01	34	01	0	200	32	1	1	Hit	1314	32-5/ASPARKER2.jpg	ASPARKER2.jpg	SPACE	1354	SPACE
1447793046488	0	lts_1117L_34_01	34	01	0	201	0	0	0	CR	MAX	AMAGHOLDE.jpg	AMAGHOLDE.jpg	NOKEY	MAX	NOKEY
1447793048695	0	lts_1117L_34_01	34	01	0	202	0	0	1	FA	1732	26431753.thl.jpg	26431753.thl.jpg	SPACE	1772	NOKEY
1447793049898	0	lts_1117L_34_01	34	01	0	203	4	1	1	Hit	734	4-2/visacard.jpg	visacard.jpg	SPACE	769	SPACE
1447793052974	0	lts_1117L_34_01	34	01	0	204	0	0	0	CR	MAX	26466258.thl.jpg	26466258.thl.jpg	NOKEY	MAX	NOKEY
1447793056051	0	lts_1117L_34_01	34	01	0	205	0	0	0	CR	MAX	wok.jpg	wok.jpg	NOKEY	MAX	NOKEY
1447793059128	0	lts_1117L_34_01	34	01	0	206	16	1	0	Miss	MAX	16-first/ATOOTHBR3.jpg	ATOOTHBR3.jpg	NOKEY	MAX	SPACE
1447793062203	0	lts_1117L_34_01	34	01	0	207	0	0	0	CR	MAX	APBREAD2.jpg	APBREAD2.jpg	NOKEY	MAX	NOKEY
1447793063724	0	lts_1117L_34_01	34	01	0	208	2	1	1	Hit	1050	2-mul/ATOOTHBR3.jpg	ATOOTHBR3.jpg	SPACE	1087	SPACE
1447793066800	0	lts_1117L_34_01	34	01	0	209	0	0	0	CR	MAX	22826832.thl.jpg	22826832.thl.jpg	NOKEY	MAX	NOKEY
1447793068839	0	lts_1117L_34_01	34	01	0	210	32	1	1	Hit	1566	32-0/Aswitch17.jpg	Aswitch17.jpg	SPACE	1605	SPACE
1447793071932	0	lts_1117L_34_01	34	01	0	211	0	0	0	CR	MAX	8/ATOMATOSA.jpg	ATOMATOSA.jpg	NOKEY	MAX	NOKEY
1447793075026	0	lts_1117L_34_01	34	01	0	212	0	0	0	CR	MAX	128/catslmifru.jpg	catslmifru.jpg	NOKEY	MAX	NOKEY
1447793078102	0	lts_1117L_34_01	34	01	0	213	0	0	0	CR	MAX	8/AMODELSA4.jpg	AMODELSA4.jpg	NOKEY	MAX	NOKEY
1447793081195	0	lts_1117L_34_01	34	01	0	214	0	0	0	CR	MAX	Acanopener5.jpg	Acanopener5.jpg	NOKEY	MAX	NOKEY
1447793084270	0	lts_1117L_34_01	34	01	0	215	0	0	0	CR	MAX	26439074.thl.jpg	26439074.thl.jpg	NOKEY	MAX	NOKEY
1447793087346	0	lts_1117L_34_01	34	01	0	216	0	0	0	CR	MAX	26437064.thl.jpg	26437064.thl.jpg	NOKEY	MAX	NOKEY
1447793090422	0	lts_1117L_34_01	34	01	0	217	0	0	0	CR	MAX	8/Apowerbar7.jpg	Apowerbar7.jpg	NOKEY	MAX	NOKEY
1447793093498	0	lts_1117L_34_01	34	01	0	218	0	0	0	CR	MAX	AANTSTO12.jpg	AANTSTO12.jpg	NOKEY	MAX	NOKEY
1447793094635	0	lts_1117L_34_01	34	01	0	219	8	1	1	Hit	667	8-first/ATOMATOSA.jpg	ATOMATOSA.jpg	SPACE	702	SPACE
1447793097728	0	lts_1117L_34_01	34	01	0	220	0	0	0	CR	MAX	AMETSCULP.jpg	AMETSCULP.jpg	NOKEY	MAX	NOKEY
1447793098865	0	lts_1117L_34_01	34	01	0	221	8	1	1	Hit	659	8-0/AMODELSA4.jpg	AMODELSA4.jpg	SPACE	702	SPACE
1447793101957	0	lts_1117L_34_01	34	01	0	222	0	0	0	CR	MAX	26428540.thl.jpg	26428540.thl.jpg	NOKEY	MAX	NOKEY
1447793102944	0	lts_1117L_34_01	34	01	0	223	4	1	1	Hit	514	4-mul/ATOMATOSA.jpg	ATOMATOSA.jpg	SPACE	551	SPACE
1447793106021	0	lts_1117L_34_01	34	01	0	224	0	0	0	CR	MAX	Acrabwalking.jpg	Acrabwalking.jpg	NOKEY	MAX	NOKEY
1447793109097	0	lts_1117L_34_01	34	01	0	225	8	1	0	Miss	MAX	8-first/Apowerbar7.jpg	Apowerbar7.jpg	NOKEY	MAX	SPACE
1447793112173	0	lts_1117L_34_01	34	01	0	226	0	0	0	CR	MAX	8023286.thl.jpg	8023286.thl.jpg	NOKEY	MAX	NOKEY
1447793115248	0	lts_1117L_34_01	34	01	0	227	0	0	0	CR	MAX	AANTMILK.jpg	AANTMILK.jpg	NOKEY	MAX	NOKEY
1447793118324	0	lts_1117L_34_01	34	01	0	228	0	0	0	CR	MAX	Afaucet9.jpg	Afaucet9.jpg	NOKEY	MAX	NOKEY
1447793119444	0	lts_1117L_34_01	34	01	0	229	4	1	1	Hit	643	4-mul/Apowerbar7.jpg	Apowerbar7.jpg	SPACE	686	SPACE
1447793122520	0	lts_1117L_34_01	34	01	0	230	0	0	0	CR	MAX	Abells7.jpg	Abells7.jpg	NOKEY	MAX	NOKEY
1447793125596	0	lts_1117L_34_01	34	01	0	231	0	0	0	CR	MAX	8/ASAFE.jpg	ASAFE.jpg	NOKEY	MAX	NOKEY
1447793128672	0	lts_1117L_34_01	34	01	0	232	0	0	0	CR	MAX	Agaspump3.jpg	Agaspump3.jpg	NOKEY	MAX	NOKEY
1447793129909	0	lts_1117L_34_01	34	01	0	233	64	1	1	Hit	757	64-first/Aearth3.jpg	Aearth3.jpg	SPACE	802	SPACE
1447793132986	0	lts_1117L_34_01	34	01	0	234	0	0	0	CR	MAX	Acartofgroce3.jpg	Acartofgroce3.jpg	NOKEY	MAX	NOKEY
1447793136063	0	lts_1117L_34_01	34	01	0	235	0	0	0	CR	MAX	Aclock285.jpg	Aclock285.jpg	NOKEY	MAX	NOKEY
1447793139139	0	lts_1117L_34_01	34	01	0	236	0	0	0	CR	MAX	8021743.thl.jpg	8021743.thl.jpg	NOKEY	MAX	NOKEY
1447793140175	0	lts_1117L_34_01	34	01	0	237	4	1	1	Hit	564	4-mul/Aearth3.jpg	Aearth3.jpg	SPACE	601	SPACE
1447793143267	0	lts_1117L_34_01	34	01	0	238	0	0	0	CR	MAX	Acanadagoose.jpg	Acanadagoose.jpg	NOKEY	MAX	NOKEY
1447793144521	0	lts_1117L_34_01	34	01	0	239	8	1	1	Hit	771	8-2/ASAFE.jpg	ASAFE.jpg	SPACE	821	SPACE
1447793147597	0	lts_1117L_34_01	34	01	0	240	0	0	0	CR	MAX	22824636.thl.jpg	22824636.thl.jpg	NOKEY	MAX	NOKEY
1447793150673	0	lts_1117L_34_01	34	01	0	241	0	0	0	CR	MAX	8/ADENSYRIN.jpg	ADENSYRIN.jpg	NOKEY	MAX	NOKEY
1447793153749	0	lts_1117L_34_01	34	01	0	242	0	0	0	CR	MAX	26370704.thl.jpg	26370704.thl.jpg	NOKEY	MAX	NOKEY
1447793156842	0	lts_1117L_34_01	34	01	0	243	0	0	0	CR	MAX	hulahoop.jpg	hulahoop.jpg	NOKEY	MAX	NOKEY
1447793158046	0	lts_1117L_34_01	34	01	0	244	128	1	1	Hit	729	128-0/Awoodenspoon3.jpg	Awoodenspoon3.jpg	SPACE	769	SPACE
1447793161123	0	lts_1117L_34_01	34	01	0	245	0	0	0	CR	MAX	Aboot9.jpg	Aboot9.jpg	NOKEY	MAX	NOKEY
1447793164198	0	lts_1117L_34_01	34	01	0	246	0	0	0	CR	MAX	ADRUMSET3.jpg	ADRUMSET3.jpg	NOKEY	MAX	NOKEY
1447793167274	0	lts_1117L_34_01	34	01	0	247	0	0	0	CR	MAX	AINCENSE4.jpg	AINCENSE4.jpg	NOKEY	MAX	NOKEY
1447793170366	0	lts_1117L_34_01	34	01	0	248	0	0	0	CR	MAX	ANUTCRA10.jpg	ANUTCRA10.jpg	NOKEY	MAX	NOKEY
1447793171737	0	lts_1117L_34_01	34	01	0	249	8	1	1	Hit	901	8-first/ADENSYRIN.jpg	ADENSYRIN.jpg	SPACE	936	SPACE
1447793174830	0	lts_1117L_34_01	34	01	0	250	0	0	0	CR	MAX	Acable14.jpg	Acable14.jpg	NOKEY	MAX	NOKEY
1447793177923	0	lts_1117L_34_01	34	01	0	251	0	0	0	CR	MAX	Achickendinne.jpg	Achickendinne.jpg	NOKEY	MAX	NOKEY
1447793180999	0	lts_1117L_34_01	34	01	0	252	0	0	0	CR	MAX	1/ACOMB11.jpg	ACOMB11.jpg	NOKEY	MAX	NOKEY
1447793184076	0	lts_1117L_34_01	34	01	0	253	1	1	0	Miss	MAX	1-5/ACOMB11.jpg	ACOMB11.jpg	NOKEY	MAX	SPACE
1447793187152	0	lts_1117L_34_01	34	01	0	254	0	0	0	CR	MAX	AWASHMAC5.jpg	AWASHMAC5.jpg	NOKEY	MAX	NOKEY
1447793190227	0	lts_1117L_34_01	34	01	0	255	0	0	0	CR	MAX	AAMMO4.jpg	AAMMO4.jpg	NOKEY	MAX	NOKEY
1447793193303	0	lts_1117L_34_01	34	01	0	256	128	1	0	Miss	MAX	128-2/AEXPERIM3.jpg	AEXPERIM3.jpg	NOKEY	MAX	SPACE
1447793196379	0	lts_1117L_34_01	34	01	0	257	0	0	0	CR	MAX	ADART3.jpg	ADART3.jpg	NOKEY	MAX	NOKEY
1447793199455	0	lts_1117L_34_01	34	01	0	258	0	0	0	CR	MAX	16/8023888.thl.jpg	8023888.thl.jpg	NOKEY	MAX	NOKEY
1447793202531	0	lts_1117L_34_01	34	01	0	259	0	0	0	CR	MAX	ALIQBOOK.jpg	ALIQBOOK.jpg	NOKEY	MAX	NOKEY
1447793203769	0	lts_1117L_34_01	34	01	0	260	128	1	1	Hit	752	128-6/Aturban.jpg	Aturban.jpg	SPACE	802	SPACE
1447793206845	0	lts_1117L_34_01	34	01	0	261	0	0	0	CR	MAX	Abottleofwin4.jpg	Abottleofwin4.jpg	NOKEY	MAX	NOKEY
1447793209921	0	lts_1117L_34_01	34	01	0	262	0	0	0	CR	MAX	1/8254014.thl.jpg	8254014.thl.jpg	NOKEY	MAX	NOKEY
1447793211159	0	lts_1117L_34_01	34	01	0	263	1	1	1	Hit	762	1-12/8254014.thl.jpg	8254014.thl.jpg	SPACE	803	SPACE
1447793214250	0	lts_1117L_34_01	34	01	0	264	0	0	0	CR	MAX	ACROWNPEN.jpg	ACROWNPEN.jpg	NOKEY	MAX	NOKEY
1447793215404	0	lts_1117L_34_01	34	01	0	265	16	1	1	Hit	670	16-mul/ADENSYRIN.jpg	ADENSYRIN.jpg	SPACE	719	SPACE
1447793218480	0	lts_1117L_34_01	34	01	0	266	0	0	0	CR	MAX	2/ABARROWRE.jpg	ABARROWRE.jpg	NOKEY	MAX	NOKEY
1447793221556	0	lts_1117L_34_01	34	01	0	267	0	0	0	CR	MAX	4/26444138.thl.jpg	26444138.thl.jpg	NOKEY	MAX	NOKEY
1447793224632	0	lts_1117L_34_01	34	01	0	268	2	1	0	Miss	MAX	2-8/ABARROWRE.jpg	ABARROWRE.jpg	NOKEY	MAX	SPACE
1447793227708	0	lts_1117L_34_01	34	01	0	269	0	0	0	CR	MAX	pajamas.jpg	pajamas.jpg	NOKEY	MAX	NOKEY
1447793230784	0	lts_1117L_34_01	34	01	0	270	0	0	0	CR	MAX	8/skateboard.jpg	skateboard.jpg	NOKEY	MAX	NOKEY
1447793232239	0	lts_1117L_34_01	34	01	0	271	4	1	1	Hit	984	4-4/26444138.thl.jpg	26444138.thl.jpg	SPACE	1020	SPACE
1447793235315	0	lts_1117L_34_01	34	01	0	272	0	0	0	CR	MAX	22866972.thl.jpg	22866972.thl.jpg	NOKEY	MAX	NOKEY
1447793238391	0	lts_1117L_34_01	34	01	0	273	0	0	0	CR	MAX	AANSHIEL4.jpg	AANSHIEL4.jpg	NOKEY	MAX	NOKEY
1447793239611	0	lts_1117L_34_01	34	01	0	274	16	1	1	Hit	748	16-first/8023888.thl.jpg	8023888.thl.jpg	SPACE	787	SPACE
1447793242687	0	lts_1117L_34_01	34	01	0	275	0	0	0	CR	MAX	AHOSPLIF2.jpg	AHOSPLIF2.jpg	NOKEY	MAX	NOKEY
1447793245764	0	lts_1117L_34_01	34	01	0	276	2	1	0	Miss	MAX	2-mul/8023888.thl.jpg	8023888.thl.jpg	NOKEY	MAX	SPACE
1447793248840	0	lts_1117L_34_01	34	01	0	277	0	0	0	CR	MAX	AMETICUBE.jpg	AMETICUBE.jpg	NOKEY	MAX	NOKEY
1447793251916	0	lts_1117L_34_01	34	01	0	278	8	1	0	Miss	MAX	8-1/skateboard.jpg	skateboard.jpg	NOKEY	MAX	SPACE
1447793254992	0	lts_1117L_34_01	34	01	0	279	0	0	0	CR	MAX	AGRAINSI5.jpg	AGRAINSI5.jpg	NOKEY	MAX	NOKEY
1447793258069	0	lts_1117L_34_01	34	01	0	280	0	0	0	CR	MAX	8/Abicyclekick2.jpg	Abicyclekick2.jpg	NOKEY	MAX	NOKEY
1447793261145	0	lts_1117L_34_01	34	01	0	281	0	0	0	CR	MAX	Aancientstat3.jpg	Aancientstat3.jpg	NOKEY	MAX	NOKEY
1447793264220	0	lts_1117L_34_01	34	01	0	282	0	0	0	CR	MAX	1/E_tank.jpg	E_tank.jpg	NOKEY	MAX	NOKEY
1447793267296	0	lts_1117L_34_01	34	01	0	283	1	1	0	Miss	MAX	1-13/E_tank.jpg	E_tank.jpg	NOKEY	MAX	SPACE
1447793270372	0	lts_1117L_34_01	34	01	0	284	0	0	0	CR	MAX	2/ABRUSH19.jpg	ABRUSH19.jpg	NOKEY	MAX	NOKEY
1447793273448	0	lts_1117L_34_01	34	01	0	285	0	0	0	CR	MAX	23029830.thl.jpg	23029830.thl.jpg	NOKEY	MAX	NOKEY
1447793274752	0	lts_1117L_34_01	34	01	0	286	2	1	1	Hit	819	2-5/ABRUSH19.jpg	ABRUSH19.jpg	SPACE	870	SPACE
1447793277828	0	lts_1117L_34_01	34	01	0	287	0	0	0	CR	MAX	Alipstick3.jpg	Alipstick3.jpg	NOKEY	MAX	NOKEY
1447793280904	0	lts_1117L_34_01	34	01	0	288	8	1	0	Miss	MAX	8-first/Abicyclekick2.jpg	Abicyclekick2.jpg	NOKEY	MAX	SPACE
1447793283997	0	lts_1117L_34_01	34	01	0	289	0	0	0	CR	MAX	mickeycap.jpg	mickeycap.jpg	NOKEY	MAX	NOKEY
1447793284983	0	lts_1117L_34_01	34	01	0	290	2	1	1	Hit	501	2-mul/Abicyclekick2.jpg	Abicyclekick2.jpg	SPACE	550	SPACE
1447793288060	0	lts_1117L_34_01	34	01	0	291	0	0	0	CR	MAX	8/26282515.thl.jpg	26282515.thl.jpg	NOKEY	MAX	NOKEY
1447793291136	0	lts_1117L_34_01	34	01	0	292	0	0	0	CR	MAX	redonion.jpg	redonion.jpg	NOKEY	MAX	NOKEY
1447793294228	0	lts_1117L_34_01	34	01	0	293	0	0	0	CR	MAX	2/8063317.thl.jpg	8063317.thl.jpg	NOKEY	MAX	NOKEY
1447793297304	0	lts_1117L_34_01	34	01	0	294	0	0	0	CR	MAX	64/Arake4.jpg	Arake4.jpg	NOKEY	MAX	NOKEY
1447793300380	0	lts_1117L_34_01	34	01	0	295	2	1	0	Miss	MAX	2-1/8063317.thl.jpg	8063317.thl.jpg	NOKEY	MAX	SPACE
1447793303473	0	lts_1117L_34_01	34	01	0	296	0	0	0	CR	MAX	ACOMB5.jpg	ACOMB5.jpg	NOKEY	MAX	NOKEY
1447793306549	0	lts_1117L_34_01	34	01	0	297	0	0	0	CR	MAX	8/Afrog45.jpg	Afrog45.jpg	NOKEY	MAX	NOKEY
1447793309625	0	lts_1117L_34_01	34	01	0	298	0	0	0	CR	MAX	champagnbottles.jpg	champagnbottles.jpg	NOKEY	MAX	NOKEY
1447793312334	0	lts_1117L_34_01	34	01	0	299	8	1	1	Hit	2234	8-first/26282515.thl.jpg	26282515.thl.jpg	SPACE	2273	SPACE
1447793315410	0	lts_1117L_34_01	34	01	0	300	0	0	0	CR	MAX	8244991.thl.jpg	8244991.thl.jpg	NOKEY	MAX	NOKEY
1447793318502	0	lts_1117L_34_01	34	01	0	301	0	0	0	CR	MAX	A_coin.jpg	A_coin.jpg	NOKEY	MAX	NOKEY
1447793321578	0	lts_1117L_34_01	34	01	0	302	0	0	0	CR	MAX	8258244.thl.jpg	8258244.thl.jpg	NOKEY	MAX	NOKEY
1447793324655	0	lts_1117L_34_01	34	01	0	303	0	0	0	CR	MAX	AHEELCUPS.jpg	AHEELCUPS.jpg	NOKEY	MAX	NOKEY
1447793327731	0	lts_1117L_34_01	34	01	0	304	0	0	0	CR	MAX	Awatch53.jpg	Awatch53.jpg	NOKEY	MAX	NOKEY
1447793329737	0	lts_1117L_34_01	34	01	0	305	8	1	1	Hit	1524	8-first/Afrog45.jpg	Afrog45.jpg	SPACE	1572	SPACE
1447793331241	0	lts_1117L_34_01	34	01	0	306	0	0	1	FA	1021	Afitting3.jpg	Afitting3.jpg	SPACE	1070	NOKEY
1447793332295	0	lts_1117L_34_01	34	01	0	307	2	1	1	Hit	582	2-mul/Afrog45.jpg	Afrog45.jpg	SPACE	618	SPACE
1447793335371	0	lts_1117L_34_01	34	01	0	308	0	0	0	CR	MAX	ACOCONUT2.jpg	ACOCONUT2.jpg	NOKEY	MAX	NOKEY
1447793338447	0	lts_1117L_34_01	34	01	0	309	0	0	0	CR	MAX	ACONSTRU9.jpg	ACONSTRU9.jpg	NOKEY	MAX	NOKEY
1447793341523	0	lts_1117L_34_01	34	01	0	310	0	0	0	CR	MAX	1/26545643.thl.jpg	26545643.thl.jpg	NOKEY	MAX	NOKEY
1447793342676	0	lts_1117L_34_01	34	01	0	311	1	1	1	Hit	683	1-7/26545643.thl.jpg	26545643.thl.jpg	SPACE	719	SPACE
1447793345752	0	lts_1117L_34_01	34	01	0	312	0	0	0	CR	MAX	ABLAKBEN2.jpg	ABLAKBEN2.jpg	NOKEY	MAX	NOKEY
1447793348828	0	lts_1117L_34_01	34	01	0	313	0	0	0	CR	MAX	4/blueberriespack.jpg	blueberriespack.jpg	NOKEY	MAX	NOKEY
1447793351905	0	lts_1117L_34_01	34	01	0	314	0	0	0	CR	MAX	ABUDDHA18.jpg	ABUDDHA18.jpg	NOKEY	MAX	NOKEY
1447793352991	0	lts_1117L_34_01	34	01	0	315	16	1	1	Hit	607	16-mul/26282515.thl.jpg	26282515.thl.jpg	SPACE	652	SPACE
1447793356085	0	lts_1117L_34_01	34	01	0	316	0	0	0	CR	MAX	hotgreenpepper.jpg	hotgreenpepper.jpg	NOKEY	MAX	NOKEY
1447793357155	0	lts_1117L_34_01	34	01	0	317	4	1	1	Hit	585	4-12/blueberriespack.jpg	blueberriespack.jpg	SPACE	635	SPACE
1447793360247	0	lts_1117L_34_01	34	01	0	318	0	0	0	CR	MAX	saltpeppershakerjpg.jpg	saltpeppershakerjpg.jpg	NOKEY	MAX	NOKEY
1447793363323	0	lts_1117L_34_01	34	01	0	319	128	1	0	Miss	MAX	128-5/Arecyclingbox.jpg	Arecyclingbox.jpg	NOKEY	MAX	SPACE
1447793366399	0	lts_1117L_34_01	34	01	0	320	0	0	0	CR	MAX	AGOAT10.jpg	AGOAT10.jpg	NOKEY	MAX	NOKEY
1447793369475	0	lts_1117L_34_01	34	01	0	321	0	0	0	CR	MAX	Amilkcrate2.jpg	Amilkcrate2.jpg	NOKEY	MAX	NOKEY
1447793372551	0	lts_1117L_34_01	34	01	0	322	0	0	0	CR	MAX	26431395.thl.jpg	26431395.thl.jpg	NOKEY	MAX	NOKEY
1447793375627	0	lts_1117L_34_01	34	01	0	323	0	0	0	CR	MAX	Arake3.jpg	Arake3.jpg	NOKEY	MAX	NOKEY
1447793378703	0	lts_1117L_34_01	34	01	0	324	0	0	0	CR	MAX	AFULVOUST.jpg	AFULVOUST.jpg	NOKEY	MAX	NOKEY
1447793381796	0	lts_1117L_34_01	34	01	0	325	0	0	0	CR	MAX	Acandle109.jpg	Acandle109.jpg	NOKEY	MAX	NOKEY
1447793384872	0	lts_1117L_34_01	34	01	0	326	0	0	0	CR	MAX	AELECOVER.jpg	AELECOVER.jpg	NOKEY	MAX	NOKEY
1447793387948	0	lts_1117L_34_01	34	01	0	327	0	0	0	CR	MAX	64/26374713.thl.jpg	26374713.thl.jpg	NOKEY	MAX	NOKEY
1447793391025	0	lts_1117L_34_01	34	01	0	328	0	0	0	CR	MAX	AMETALPER.jpg	AMETALPER.jpg	NOKEY	MAX	NOKEY
1447793394101	0	lts_1117L_34_01	34	01	0	329	0	0	0	CR	MAX	ABROOCH52.jpg	ABROOCH52.jpg	NOKEY	MAX	NOKEY
1447793397177	0	lts_1117L_34_01	34	01	0	330	0	0	0	CR	MAX	Aadvcalen.jpg	Aadvcalen.jpg	NOKEY	MAX	NOKEY
1447793400269	0	lts_1117L_34_01	34	01	0	331	0	0	0	CR	MAX	Agnu.jpg	Agnu.jpg	NOKEY	MAX	NOKEY
1447793403345	0	lts_1117L_34_01	34	01	0	332	0	0	0	CR	MAX	ATOWRACK3.jpg	ATOWRACK3.jpg	NOKEY	MAX	NOKEY
1447793406438	0	lts_1117L_34_01	34	01	0	333	0	0	0	CR	MAX	2/carbattery.jpg	carbattery.jpg	NOKEY	MAX	NOKEY
1447793409514	0	lts_1117L_34_01	34	01	0	334	0	0	0	CR	MAX	16/Ababtoy13.jpg	Ababtoy13.jpg	NOKEY	MAX	NOKEY
1447793411336	0	lts_1117L_34_01	34	01	0	335	2	1	1	Hit	1343	2-12/carbattery.jpg	carbattery.jpg	SPACE	1388	SPACE
1447793414429	0	lts_1117L_34_01	34	01	0	336	0	0	0	CR	MAX	Aplantinpot2.jpg	Aplantinpot2.jpg	NOKEY	MAX	NOKEY
1447793417522	0	lts_1117L_34_01	34	01	0	337	0	0	0	CR	MAX	1/Aladder2.jpg	Aladder2.jpg	NOKEY	MAX	NOKEY
1447793418943	0	lts_1117L_34_01	34	01	0	338	1	1	1	Hit	945	1-1/Aladder2.jpg	Aladder2.jpg	SPACE	986	SPACE
1447793422020	0	lts_1117L_34_01	34	01	0	339	0	0	0	CR	MAX	Aashtray14.jpg	Aashtray14.jpg	NOKEY	MAX	NOKEY
1447793425096	0	lts_1117L_34_01	34	01	0	340	128	1	0	Miss	MAX	128-3/catslmifru.jpg	catslmifru.jpg	NOKEY	MAX	SPACE
1447793428172	0	lts_1117L_34_01	34	01	0	341	0	0	0	CR	MAX	ADIRECSI3.jpg	ADIRECSI3.jpg	NOKEY	MAX	NOKEY
1447793431247	0	lts_1117L_34_01	34	01	0	342	0	0	0	CR	MAX	26378596.thl.jpg	26378596.thl.jpg	NOKEY	MAX	NOKEY
1447793434323	0	lts_1117L_34_01	34	01	0	343	1	1	0	Miss	MAX	1/batteries-a.jpg	batteries-a.jpg	NOKEY	MAX	SPACE
1447793436063	0	lts_1117L_34_01	34	01	0	344	1	1	1	Hit	1254	1-0/batteries-a.jpg	batteries-a.jpg	SPACE	1304	SPACE
1447793439139	0	lts_1117L_34_01	34	01	0	345	0	0	0	CR	MAX	Aberries5.jpg	Aberries5.jpg	NOKEY	MAX	NOKEY
1447793442214	0	lts_1117L_34_01	34	01	0	346	0	0	0	CR	MAX	Aconferencer3.jpg	Aconferencer3.jpg	NOKEY	MAX	NOKEY
1447793445290	0	lts_1117L_34_01	34	01	0	347	0	0	0	CR	MAX	32/Aclockradio4.jpg	Aclockradio4.jpg	NOKEY	MAX	NOKEY
1447793448383	0	lts_1117L_34_01	34	01	0	348	0	0	0	CR	MAX	Abowlofporrid.jpg	Abowlofporrid.jpg	NOKEY	MAX	NOKEY
1447793451459	0	lts_1117L_34_01	34	01	0	349	0	0	0	CR	MAX	32/Ahippopotamu4.jpg	Ahippopotamu4.jpg	NOKEY	MAX	NOKEY
1447793452963	0	lts_1117L_34_01	34	01	0	350	16	1	1	Hit	1030	16-first/Ababtoy13.jpg	Ababtoy13.jpg	SPACE	1070	SPACE
1447793456040	0	lts_1117L_34_01	34	01	0	351	0	0	0	CR	MAX	64/ACOFFPOT3.jpg	ACOFFPOT3.jpg	NOKEY	MAX	NOKEY
1447793459116	0	lts_1117L_34_01	34	01	0	352	0	0	0	CR	MAX	2/Asafetybelt.jpg	Asafetybelt.jpg	NOKEY	MAX	NOKEY
1447793462192	0	lts_1117L_34_01	34	01	0	353	0	0	0	CR	MAX	APLATE17.jpg	APLATE17.jpg	NOKEY	MAX	NOKEY
1447793465268	0	lts_1117L_34_01	34	01	0	354	2	1	0	Miss	MAX	2-6/Asafetybelt.jpg	Asafetybelt.jpg	NOKEY	MAX	SPACE
1447793468344	0	lts_1117L_34_01	34	01	0	355	0	0	0	CR	MAX	AOSTRICH2.jpg	AOSTRICH2.jpg	NOKEY	MAX	NOKEY
1447793471503	0	lts_1117L_34_01	34	01	0	356	0	0	0	CR	MAX	16/Atoyboxwithb2.jpg	Atoyboxwithb2.jpg	NOKEY	MAX	NOKEY
1447793474579	0	lts_1117L_34_01	34	01	0	357	0	0	0	CR	MAX	32/26372669.thl.jpg	26372669.thl.jpg	NOKEY	MAX	NOKEY
1447793477655	0	lts_1117L_34_01	34	01	0	358	64	1	0	Miss	MAX	64-first/Arake4.jpg	Arake4.jpg	NOKEY	MAX	SPACE
1447793480732	0	lts_1117L_34_01	34	01	0	359	0	0	0	CR	MAX	AANGLE.jpg	AANGLE.jpg	NOKEY	MAX	NOKEY
1447793483808	0	lts_1117L_34_01	34	01	0	360	0	0	0	CR	MAX	Abarn4.jpg	Abarn4.jpg	NOKEY	MAX	NOKEY
1447793486884	0	lts_1117L_34_01	34	01	0	361	0	0	0	CR	MAX	Afoodgrinder2.jpg	Afoodgrinder2.jpg	NOKEY	MAX	NOKEY
1447793489960	0	lts_1117L_34_01	34	01	0	362	4	1	0	Miss	MAX	4-mul/Arake4.jpg	Arake4.jpg	NOKEY	MAX	SPACE
1447793493037	0	lts_1117L_34_01	34	01	0	363	0	0	0	CR	MAX	8020200.thl.jpg	8020200.thl.jpg	NOKEY	MAX	NOKEY
1447793496113	0	lts_1117L_34_01	34	01	0	364	0	0	0	CR	MAX	Aseeder2.jpg	Aseeder2.jpg	NOKEY	MAX	NOKEY
1447793499189	0	lts_1117L_34_01	34	01	0	365	0	0	0	CR	MAX	Apairofrubbe3.jpg	Apairofrubbe3.jpg	NOKEY	MAX	NOKEY
1447793501178	0	lts_1117L_34_01	34	01	0	366	16	1	1	Hit	1518	16-mul/Ababtoy13.jpg	Ababtoy13.jpg	SPACE	1555	SPACE
1447793504253	0	lts_1117L_34_01	34	01	0	367	0	0	0	CR	MAX	APROSTLE2.jpg	APROSTLE2.jpg	NOKEY	MAX	NOKEY
1447793507329	0	lts_1117L_34_01	34	01	0	368	0	0	0	CR	MAX	ice.jpg	ice.jpg	NOKEY	MAX	NOKEY
1447793510405	0	lts_1117L_34_01	34	01	0	369	0	0	0	CR	MAX	Awoodplaner2.jpg	Awoodplaner2.jpg	NOKEY	MAX	NOKEY
1447793513482	0	lts_1117L_34_01	34	01	0	370	0	0	0	CR	MAX	64/Astadium.jpg	Astadium.jpg	NOKEY	MAX	NOKEY
1447793516574	0	lts_1117L_34_01	34	01	0	371	0	0	0	CR	MAX	AFOOTST26.jpg	AFOOTST26.jpg	NOKEY	MAX	NOKEY
1447793519650	0	lts_1117L_34_01	34	01	0	372	16	1	0	Miss	MAX	16-first/Atoyboxwithb2.jpg	Atoyboxwithb2.jpg	NOKEY	MAX	SPACE
1447793522727	0	lts_1117L_34_01	34	01	0	373	0	0	0	CR	MAX	AORIENBOW.jpg	AORIENBOW.jpg	NOKEY	MAX	NOKEY
1447793525803	0	lts_1117L_34_01	34	01	0	374	0	0	0	CR	MAX	8076304.thl.jpg	8076304.thl.jpg	NOKEY	MAX	NOKEY
1447793528895	0	lts_1117L_34_01	34	01	0	375	0	0	0	CR	MAX	8079080.thl.jpg	8079080.thl.jpg	NOKEY	MAX	NOKEY
1447793530768	0	lts_1117L_34_01	34	01	0	376	4	1	1	Hit	1396	4-mul/Atoyboxwithb2.jpg	Atoyboxwithb2.jpg	SPACE	1438	SPACE
1447793533844	0	lts_1117L_34_01	34	01	0	377	0	0	0	CR	MAX	ACAFLATT3.jpg	ACAFLATT3.jpg	NOKEY	MAX	NOKEY
1447793536920	0	lts_1117L_34_01	34	01	0	378	0	0	0	CR	MAX	APARKMET6.jpg	APARKMET6.jpg	NOKEY	MAX	NOKEY
1447793539996	0	lts_1117L_34_01	34	01	0	379	32	1	1	Hit	2599	32-2/Aclockradio4.jpg	Aclockradio4.jpg	SPACE	2642	SPACE
1447793543073	0	lts_1117L_34_01	34	01	0	380	0	0	0	CR	MAX	16/AGARDHOSE.jpg	AGARDHOSE.jpg	NOKEY	MAX	NOKEY
1447793545196	0	lts_1117L_34_01	34	01	0	381	32	1	1	Hit	1645	32-8/Ahippopotamu4.jpg	Ahippopotamu4.jpg	SPACE	1687	SPACE
1447793548288	0	lts_1117L_34_01	34	01	0	382	0	0	0	CR	MAX	A1OCLOC2.jpg	A1OCLOC2.jpg	NOKEY	MAX	NOKEY
1447793551364	0	lts_1117L_34_01	34	01	0	383	0	0	0	CR	MAX	1/AWOODST19.jpg	AWOODST19.jpg	NOKEY	MAX	NOKEY
1447793552283	0	lts_1117L_34_01	34	01	0	384	1	1	1	Hit	436	1-11/AWOODST19.jpg	AWOODST19.jpg	SPACE	484	SPACE
1447793555376	0	lts_1117L_34_01	34	01	0	385	0	0	0	CR	MAX	whiteboard.jpg	whiteboard.jpg	NOKEY	MAX	NOKEY
1447793558452	0	lts_1117L_34_01	34	01	0	386	0	0	0	CR	MAX	Abreastpump2.jpg	Abreastpump2.jpg	NOKEY	MAX	NOKEY
1447793561545	0	lts_1117L_34_01	34	01	0	387	0	0	0	CR	MAX	Aclamp62.jpg	Aclamp62.jpg	NOKEY	MAX	NOKEY
1447793564621	0	lts_1117L_34_01	34	01	0	388	0	0	0	CR	MAX	Acookiejar14.jpg	Acookiejar14.jpg	NOKEY	MAX	NOKEY
1447793566127	0	lts_1117L_34_01	34	01	0	389	32	1	1	Hit	1028	32-4/26372669.thl.jpg	26372669.thl.jpg	SPACE	1070	SPACE
1447793568834	0	lts_1117L_34_01	34	01	0	390	0	0	1	FA	2219	et060.jpg	et060.jpg	SPACE	2256	NOKEY
1447793570405	0	lts_1117L_34_01	34	01	0	391	64	1	1	Hit	1101	64-first/26374713.thl.jpg	26374713.thl.jpg	SPACE	1136	SPACE
1447793573482	0	lts_1117L_34_01	34	01	0	392	0	0	0	CR	MAX	ACOFGRIN2.jpg	ACOFGRIN2.jpg	NOKEY	MAX	NOKEY
1447793574819	0	lts_1117L_34_01	34	01	0	393	2	1	1	Hit	852	2-mul/26374713.thl.jpg	26374713.thl.jpg	SPACE	903	SPACE
1447793577895	0	lts_1117L_34_01	34	01	0	394	0	0	0	CR	MAX	8021822.thl.jpg	8021822.thl.jpg	NOKEY	MAX	NOKEY
1447793580988	0	lts_1117L_34_01	34	01	0	395	0	0	0	CR	MAX	ABAGFLOU3.jpg	ABAGFLOU3.jpg	NOKEY	MAX	NOKEY
1447793582626	0	lts_1117L_34_01	34	01	0	396	16	1	1	Hit	1154	16-first/AGARDHOSE.jpg	AGARDHOSE.jpg	SPACE	1203	SPACE
1447793584749	0	lts_1117L_34_01	34	01	0	397	0	0	1	FA	1643	AFETTUCI2.jpg	AFETTUCI2.jpg	SPACE	1688	NOKEY
1447793587825	0	lts_1117L_34_01	34	01	0	398	0	0	0	CR	MAX	4/Aavocado7.jpg	Aavocado7.jpg	NOKEY	MAX	NOKEY
1447793590901	0	lts_1117L_34_01	34	01	0	399	0	0	0	CR	MAX	APOTGOLD2.jpg	APOTGOLD2.jpg	NOKEY	MAX	NOKEY
1447793592423	0	lts_1117L_34_01	34	01	0	400	4	1	1	Hit	1036	4-mul/AGARDHOSE.jpg	AGARDHOSE.jpg	SPACE	1088	SPACE
1447793595516	0	lts_1117L_34_01	34	01	0	401	0	0	0	CR	MAX	Ascarf3.jpg	Ascarf3.jpg	NOKEY	MAX	NOKEY
1447793597172	0	lts_1117L_34_01	34	01	0	402	4	1	1	Hit	1170	4-10/Aavocado7.jpg	Aavocado7.jpg	SPACE	1221	SPACE
1447793600247	0	lts_1117L_34_01	34	01	0	403	0	0	0	CR	MAX	4/ASUSHI8.jpg	ASUSHI8.jpg	NOKEY	MAX	NOKEY
1447793603323	0	lts_1117L_34_01	34	01	0	404	0	0	0	CR	MAX	1/36407647.thl.jpg	36407647.thl.jpg	NOKEY	MAX	NOKEY
1447793604928	0	lts_1117L_34_01	34	01	0	405	1	1	1	Hit	1121	1-3/36407647.thl.jpg	36407647.thl.jpg	SPACE	1170	SPACE
1447793608005	0	lts_1117L_34_01	34	01	0	406	0	0	0	CR	MAX	4/Afunnel17.jpg	Afunnel17.jpg	NOKEY	MAX	NOKEY
1447793609692	0	lts_1117L_34_01	34	01	0	407	4	1	1	Hit	1205	4-8/ASUSHI8.jpg	ASUSHI8.jpg	SPACE	1253	SPACE
1447793612768	0	lts_1117L_34_01	34	01	0	408	0	0	0	CR	MAX	AFRENCHF2.jpg	AFRENCHF2.jpg	NOKEY	MAX	NOKEY
1447793615844	0	lts_1117L_34_01	34	01	0	409	0	0	0	CR	MAX	22925624.thl.jpg	22925624.thl.jpg	NOKEY	MAX	NOKEY
1447793617633	0	lts_1117L_34_01	34	01	0	410	4	1	1	Hit	1307	4-1/Afunnel17.jpg	Afunnel17.jpg	SPACE	1354	SPACE
1447793620726	0	lts_1117L_34_01	34	01	0	411	0	0	0	CR	MAX	16/Afirealarm2.jpg	Afirealarm2.jpg	NOKEY	MAX	NOKEY
1447793622866	0	lts_1117L_34_01	34	01	0	412	0	0	1	FA	1654	AWASMACH.jpg	AWASMACH.jpg	SPACE	1706	NOKEY
1447793625942	0	lts_1117L_34_01	34	01	0	413	0	0	0	CR	MAX	32/AALARMSY6.jpg	AALARMSY6.jpg	NOKEY	MAX	NOKEY
1447793629019	0	lts_1117L_34_01	34	01	0	414	0	0	0	CR	MAX	Acastle22.jpg	Acastle22.jpg	NOKEY	MAX	NOKEY
1447793630957	0	lts_1117L_34_01	34	01	0	415	64	1	1	Hit	1463	64-first/ACOFFPOT3.jpg	ACOFFPOT3.jpg	SPACE	1504	SPACE
1447793634034	0	lts_1117L_34_01	34	01	0	416	0	0	0	CR	MAX	cinnamonroll.jpg	cinnamonroll.jpg	NOKEY	MAX	NOKEY
1447793637110	0	lts_1117L_34_01	34	01	0	417	0	0	0	CR	MAX	Apolicehelme5.jpg	Apolicehelme5.jpg	NOKEY	MAX	NOKEY
1447793640186	0	lts_1117L_34_01	34	01	0	418	0	0	0	CR	MAX	26440261.thl.jpg	26440261.thl.jpg	NOKEY	MAX	NOKEY
1447793641606	0	lts_1117L_34_01	34	01	0	419	4	1	1	Hit	948	4-mul/ACOFFPOT3.jpg	ACOFFPOT3.jpg	SPACE	987	SPACE
1447793644699	0	lts_1117L_34_01	34	01	0	420	0	0	0	CR	MAX	2/AICEAXE2.jpg	AICEAXE2.jpg	NOKEY	MAX	NOKEY
1447793647775	0	lts_1117L_34_01	34	01	0	421	0	0	0	CR	MAX	gytsl9.jpg	gytsl9.jpg	NOKEY	MAX	NOKEY
1447793649130	0	lts_1117L_34_01	34	01	0	422	2	1	1	Hit	875	2-2/AICEAXE2.jpg	AICEAXE2.jpg	SPACE	919	SPACE
1447793652205	0	lts_1117L_34_01	34	01	0	423	0	0	0	CR	MAX	Acomputerpro3.jpg	Acomputerpro3.jpg	NOKEY	MAX	NOKEY
1447793655282	0	lts_1117L_34_01	34	01	0	424	0	0	0	CR	MAX	ABABYCUP3.jpg	ABABYCUP3.jpg	NOKEY	MAX	NOKEY
1447793658358	0	lts_1117L_34_01	34	01	0	425	0	0	0	CR	MAX	ATOASTE22.jpg	ATOASTE22.jpg	NOKEY	MAX	NOKEY
1447793661434	0	lts_1117L_34_01	34	01	0	426	0	0	0	CR	MAX	4/26421740.thl.jpg	26421740.thl.jpg	NOKEY	MAX	NOKEY
1447793662938	0	lts_1117L_34_01	34	01	0	427	16	1	1	Hit	1021	16-first/Afirealarm2.jpg	Afirealarm2.jpg	SPACE	1070	SPACE
1447793666015	0	lts_1117L_34_01	34	01	0	428	0	0	0	CR	MAX	footballhelmet.jpg	footballhelmet.jpg	NOKEY	MAX	NOKEY
1447793669091	0	lts_1117L_34_01	34	01	0	429	0	0	0	CR	MAX	gymvaulting.jpg	gymvaulting.jpg	NOKEY	MAX	NOKEY
1447793670128	0	lts_1117L_34_01	34	01	0	430	4	1	1	Hit	553	4-9/26421740.thl.jpg	26421740.thl.jpg	SPACE	601	SPACE
1447793673203	0	lts_1117L_34_01	34	01	0	431	0	0	0	CR	MAX	AELEPHAN7.jpg	AELEPHAN7.jpg	NOKEY	MAX	NOKEY
1447793676280	0	lts_1117L_34_01	34	01	0	432	0	0	0	CR	MAX	ADOGTOY5.jpg	ADOGTOY5.jpg	NOKEY	MAX	NOKEY
1447793679355	0	lts_1117L_34_01	34	01	0	433	0	0	0	CR	MAX	AFUNNEL4.jpg	AFUNNEL4.jpg	NOKEY	MAX	NOKEY
1447793681445	0	lts_1117L_34_01	34	01	0	434	64	1	1	Hit	1606	64-first/Astadium.jpg	Astadium.jpg	SPACE	1656	SPACE
1447793684538	0	lts_1117L_34_01	34	01	0	435	0	0	0	CR	MAX	playjukebox.jpg	playjukebox.jpg	NOKEY	MAX	NOKEY
1447793686443	0	lts_1117L_34_01	34	01	0	436	2	1	1	Hit	1421	2-mul/Astadium.jpg	Astadium.jpg	SPACE	1472	SPACE
1447793689519	0	lts_1117L_34_01	34	01	0	437	0	0	0	CR	MAX	AGARLICCO.jpg	AGARLICCO.jpg	NOKEY	MAX	NOKEY
1447793692596	0	lts_1117L_34_01	34	01	0	438	0	0	0	CR	MAX	Abottleofchi2.jpg	Abottleofchi2.jpg	NOKEY	MAX	NOKEY
1447793695672	0	lts_1117L_34_01	34	01	0	439	0	0	0	CR	MAX	2/ANWSPAPER.jpg	ANWSPAPER.jpg	NOKEY	MAX	NOKEY
1447793698748	0	lts_1117L_34_01	34	01	0	440	0	0	0	CR	MAX	Atoycoffeepo2.jpg	Atoycoffeepo2.jpg	NOKEY	MAX	NOKEY
1447793700453	0	lts_1117L_34_01	34	01	0	441	2	1	1	Hit	1224	2-4/ANWSPAPER.jpg	ANWSPAPER.jpg	SPACE	1272	SPACE
1447793703546	0	lts_1117L_34_01	34	01	0	442	0	0	0	CR	MAX	26428110.thl.jpg	26428110.thl.jpg	NOKEY	MAX	NOKEY
1447793704599	0	lts_1117L_34_01	34	01	0	443	16	1	1	Hit	576	16-mul/Afirealarm2.jpg	Afirealarm2.jpg	SPACE	620	SPACE
1447793707692	0	lts_1117L_34_01	34	01	0	444	0	0	0	CR	MAX	23048010.thl.jpg	23048010.thl.jpg	NOKEY	MAX	NOKEY
1447793709181	0	lts_1117L_34_01	34	01	0	445	32	1	1	Hit	1018	32-1/AALARMSY6.jpg	AALARMSY6.jpg	SPACE	1053	SPACE
1447793712256	0	lts_1117L_34_01	34	01	0	446	0	0	0	CR	MAX	1/26375982.thl.jpg	26375982.thl.jpg	NOKEY	MAX	NOKEY
1447793713326	0	lts_1117L_34_01	34	01	0	447	1	1	1	Hit	585	1-9/26375982.thl.jpg	26375982.thl.jpg	SPACE	635	SPACE
1447793716402	0	lts_1117L_34_01	34	01	0	448	0	0	0	CR	MAX	Abisontoy.jpg	Abisontoy.jpg	NOKEY	MAX	NOKEY
1447793719494	0	lts_1117L_34_01	34	01	0	449	0	0	0	CR	MAX	sausage.jpg	sausage.jpg	NOKEY	MAX	NOKEY
1447793903406	0	lts_1117L_34_01	34	01	1	0	0	0	0	CR	MAX	ATIE16.jpg	ATIE16.jpg	NOKEY	MAX	NOKEY
1447793906499	0	lts_1117L_34_01	34	01	1	1	0	0	0	CR	MAX	Atelecommuni4.jpg	Atelecommuni4.jpg	NOKEY	MAX	NOKEY
1447793909575	0	lts_1117L_34_01	34	01	1	2	0	0	0	CR	MAX	26442809.thl.jpg	26442809.thl.jpg	NOKEY	MAX	NOKEY
1447793912668	0	lts_1117L_34_01	34	01	1	3	0	0	0	CR	MAX	4/ATOOL9.jpg	ATOOL9.jpg	NOKEY	MAX	NOKEY
1447793915744	0	lts_1117L_34_01	34	01	1	4	0	0	0	CR	MAX	AMILPHONE.jpg	AMILPHONE.jpg	NOKEY	MAX	NOKEY
1447793918820	0	lts_1117L_34_01	34	01	1	5	0	0	0	CR	MAX	32/ASTOOL.jpg	ASTOOL.jpg	NOKEY	MAX	NOKEY
1447793921896	0	lts_1117L_34_01	34	01	1	6	0	0	0	CR	MAX	ALITTERSC.jpg	ALITTERSC.jpg	NOKEY	MAX	NOKEY
1447793924972	0	lts_1117L_34_01	34	01	1	7	4	1	0	Miss	MAX	4-0/ATOOL9.jpg	ATOOL9.jpg	NOKEY	MAX	SPACE
1447793928049	0	lts_1117L_34_01	34	01	1	8	0	0	0	CR	MAX	AARTICHO1.jpg	AARTICHO1.jpg	NOKEY	MAX	NOKEY
1447793931125	0	lts_1117L_34_01	34	01	1	9	0	0	0	CR	MAX	2/AHEATDUCT.jpg	AHEATDUCT.jpg	NOKEY	MAX	NOKEY
1447793934200	0	lts_1117L_34_01	34	01	1	10	0	0	0	CR	MAX	26372465.thl.jpg	26372465.thl.jpg	NOKEY	MAX	NOKEY
1447793936091	0	lts_1117L_34_01	34	01	1	11	2	1	1	Hit	1405	2-10/AHEATDUCT.jpg	AHEATDUCT.jpg	SPACE	1455	SPACE
1447793939167	0	lts_1117L_34_01	34	01	1	12	0	0	0	CR	MAX	1/Abaseballcap.jpg	Abaseballcap.jpg	NOKEY	MAX	NOKEY
1447793940136	0	lts_1117L_34_01	34	01	1	13	1	1	1	Hit	498	1-4/Abaseballcap.jpg	Abaseballcap.jpg	SPACE	534	SPACE
1447793943211	0	lts_1117L_34_01	34	01	1	14	0	0	0	CR	MAX	origami.jpg	origami.jpg	NOKEY	MAX	NOKEY
1447793946287	0	lts_1117L_34_01	34	01	1	15	0	0	0	CR	MAX	ATROWEL2.jpg	ATROWEL2.jpg	NOKEY	MAX	NOKEY
1447793949364	0	lts_1117L_34_01	34	01	1	16	0	0	0	CR	MAX	8/tuba1.jpg	tuba1.jpg	NOKEY	MAX	NOKEY
1447793952440	0	lts_1117L_34_01	34	01	1	17	0	0	0	CR	MAX	2/Ameatcleaver2.jpg	Ameatcleaver2.jpg	NOKEY	MAX	NOKEY
1447793955516	0	lts_1117L_34_01	34	01	1	18	0	0	0	CR	MAX	Aflask19.jpg	Aflask19.jpg	NOKEY	MAX	NOKEY
1447793958592	0	lts_1117L_34_01	34	01	1	19	2	1	0	Miss	MAX	2-6/Ameatcleaver2.jpg	Ameatcleaver2.jpg	NOKEY	MAX	SPACE
1447793961685	0	lts_1117L_34_01	34	01	1	20	0	0	0	CR	MAX	Aspokesfaste2.jpg	Aspokesfaste2.jpg	NOKEY	MAX	NOKEY
1447793964761	0	lts_1117L_34_01	34	01	1	21	0	0	0	CR	MAX	APUTTER.jpg	APUTTER.jpg	NOKEY	MAX	NOKEY
1447793967837	0	lts_1117L_34_01	34	01	1	22	0	0	0	CR	MAX	10049193.thl.jpg	10049193.thl.jpg	NOKEY	MAX	NOKEY
1447793970913	0	lts_1117L_34_01	34	01	1	23	0	0	0	CR	MAX	Achair1260.jpg	Achair1260.jpg	NOKEY	MAX	NOKEY
1447793973989	0	lts_1117L_34_01	34	01	1	24	8	1	0	Miss	MAX	8-1/tuba1.jpg	tuba1.jpg	NOKEY	MAX	SPACE
1447793977066	0	lts_1117L_34_01	34	01	1	25	0	0	0	CR	MAX	workweightmach.jpg	workweightmach.jpg	NOKEY	MAX	NOKEY
1447793980142	0	lts_1117L_34_01	34	01	1	26	0	0	0	CR	MAX	2/26555896.thl.jpg	26555896.thl.jpg	NOKEY	MAX	NOKEY
1447793983217	0	lts_1117L_34_01	34	01	1	27	0	0	0	CR	MAX	AGREENPEP.jpg	AGREENPEP.jpg	NOKEY	MAX	NOKEY
1447793986293	0	lts_1117L_34_01	34	01	1	28	2	1	0	Miss	MAX	2-13/26555896.thl.jpg	26555896.thl.jpg	NOKEY	MAX	SPACE
1447793989369	0	lts_1117L_34_01	34	01	1	29	0	0	0	CR	MAX	AHALLOWE3.jpg	AHALLOWE3.jpg	NOKEY	MAX	NOKEY
1447793992445	0	lts_1117L_34_01	34	01	1	30	0	0	0	CR	MAX	ADOMINO.jpg	ADOMINO.jpg	NOKEY	MAX	NOKEY
1447793995538	0	lts_1117L_34_01	34	01	1	31	0	0	0	CR	MAX	AMEATGR14.jpg	AMEATGR14.jpg	NOKEY	MAX	NOKEY
1447793997194	0	lts_1117L_34_01	34	01	1	32	00	1	1	Hit	1185	00-across/Aswitch17.jpg	Aswitch17.jpg	SPACE	1221	SPACE
1447794000269	0	lts_1117L_34_01	34	01	1	33	0	0	0	CR	MAX	ABAKECON3.jpg	ABAKECON3.jpg	NOKEY	MAX	NOKEY
1447794003345	0	lts_1117L_34_01	34	01	1	34	0	0	0	CR	MAX	Afrenchtoast5.jpg	Afrenchtoast5.jpg	NOKEY	MAX	NOKEY
1447794004967	0	lts_1117L_34_01	34	01	1	35	00	1	1	Hit	1148	00-across/Abicyclekick2.jpg	Abicyclekick2.jpg	SPACE	1187	SPACE
1447794008044	0	lts_1117L_34_01	34	01	1	36	0	0	0	CR	MAX	8022302.thl.jpg	8022302.thl.jpg	NOKEY	MAX	NOKEY
1447794010100	0	lts_1117L_34_01	34	01	1	37	32	1	1	Hit	1570	32-4/ASTOOL.jpg	ASTOOL.jpg	SPACE	1621	SPACE
1447794013193	0	lts_1117L_34_01	34	01	1	38	0	0	0	CR	MAX	Abottle98.jpg	Abottle98.jpg	NOKEY	MAX	NOKEY
1447794016268	0	lts_1117L_34_01	34	01	1	39	0	0	0	CR	MAX	ADESKLA12.jpg	ADESKLA12.jpg	NOKEY	MAX	NOKEY
1447794019361	0	lts_1117L_34_01	34	01	1	40	0	0	0	CR	MAX	fullbucket.jpg	fullbucket.jpg	NOKEY	MAX	NOKEY
1447794022053	0	lts_1117L_34_01	34	01	1	41	0	0	1	FA	2207	64/D_dumpster.jpg	D_dumpster.jpg	SPACE	2257	NOKEY
1447794025129	0	lts_1117L_34_01	34	01	1	42	0	0	0	CR	MAX	Ahawk3.jpg	Ahawk3.jpg	NOKEY	MAX	NOKEY
1447794028205	0	lts_1117L_34_01	34	01	1	43	0	0	0	CR	MAX	basketball.JPG	basketball.JPG	NOKEY	MAX	NOKEY
1447794031297	0	lts_1117L_34_01	34	01	1	44	0	0	0	CR	MAX	1/AJAR15.jpg	AJAR15.jpg	NOKEY	MAX	NOKEY
1447794034373	0	lts_1117L_34_01	34	01	1	45	1	1	0	Miss	MAX	1-9/AJAR15.jpg	AJAR15.jpg	NOKEY	MAX	SPACE
1447794037449	0	lts_1117L_34_01	34	01	1	46	0	0	0	CR	MAX	leek.jpg	leek.jpg	NOKEY	MAX	NOKEY
1447794040392	0	lts_1117L_34_01	34	01	1	47	0	0	1	FA	2465	32/AJUG3.jpg	AJUG3.jpg	SPACE	2508	NOKEY
1447794041946	0	lts_1117L_34_01	34	01	1	48	00	1	1	Hit	1084	00-across/26282515.thl.jpg	26282515.thl.jpg	SPACE	1120	SPACE
1447794045023	0	lts_1117L_34_01	34	01	1	49	0	0	0	CR	MAX	ABLLIGHTB.jpg	ABLLIGHTB.jpg	NOKEY	MAX	NOKEY
1447794048100	0	lts_1117L_34_01	34	01	1	50	0	0	0	CR	MAX	8/ABOOK23.jpg	ABOOK23.jpg	NOKEY	MAX	NOKEY
1447794051176	0	lts_1117L_34_01	34	01	1	51	0	0	0	CR	MAX	4/asparagus.jpg	asparagus.jpg	NOKEY	MAX	NOKEY
1447794054251	0	lts_1117L_34_01	34	01	1	52	0	0	0	CR	MAX	26419025.thl.jpg	26419025.thl.jpg	NOKEY	MAX	NOKEY
1447794057327	0	lts_1117L_34_01	34	01	1	53	0	0	0	CR	MAX	Abootscrubber.jpg	Abootscrubber.jpg	NOKEY	MAX	NOKEY
1447794060420	0	lts_1117L_34_01	34	01	1	54	0	0	0	CR	MAX	cannoli.jpg	cannoli.jpg	NOKEY	MAX	NOKEY
1447794063496	0	lts_1117L_34_01	34	01	1	55	4	1	0	Miss	MAX	4-11/asparagus.jpg	asparagus.jpg	NOKEY	MAX	SPACE
1447794066588	0	lts_1117L_34_01	34	01	1	56	0	0	0	CR	MAX	16/sardines.jpg	sardines.jpg	NOKEY	MAX	NOKEY
1447794069665	0	lts_1117L_34_01	34	01	1	57	0	0	0	CR	MAX	8/AWATERCO4.jpg	AWATERCO4.jpg	NOKEY	MAX	NOKEY
1447794071687	0	lts_1117L_34_01	34	01	1	58	8	1	1	Hit	1538	8-first/ABOOK23.jpg	ABOOK23.jpg	SPACE	1588	SPACE
1447794074780	0	lts_1117L_34_01	34	01	1	59	0	0	0	CR	MAX	32/ASALINES5.jpg	ASALINES5.jpg	NOKEY	MAX	NOKEY
1447794077856	0	lts_1117L_34_01	34	01	1	60	0	0	0	CR	MAX	cigarette03.jpg	cigarette03.jpg	NOKEY	MAX	NOKEY
1447794080932	0	lts_1117L_34_01	34	01	1	61	0	0	0	CR	MAX	APITCHE15.jpg	APITCHE15.jpg	NOKEY	MAX	NOKEY
1447794084009	0	lts_1117L_34_01	34	01	1	62	0	0	0	CR	MAX	AANTJUG.jpg	AANTJUG.jpg	NOKEY	MAX	NOKEY
1447794087085	0	lts_1117L_34_01	34	01	1	63	0	0	0	CR	MAX	AARTIFLE2.jpg	AARTIFLE2.jpg	NOKEY	MAX	NOKEY
1447794090161	0	lts_1117L_34_01	34	01	1	64	0	0	0	CR	MAX	D_exercisebike.jpg	D_exercisebike.jpg	NOKEY	MAX	NOKEY
1447794091448	0	lts_1117L_34_01	34	01	1	65	8	1	1	Hit	805	8-first/AWATERCO4.jpg	AWATERCO4.jpg	SPACE	853	SPACE
1447794094524	0	lts_1117L_34_01	34	01	1	66	0	0	0	CR	MAX	32/Aantiquehat4.jpg	Aantiquehat4.jpg	NOKEY	MAX	NOKEY
1447794097600	0	lts_1117L_34_01	34	01	1	67	0	0	0	CR	MAX	Atool62.jpg	Atool62.jpg	NOKEY	MAX	NOKEY
1447794100676	0	lts_1117L_34_01	34	01	1	68	0	0	0	CR	MAX	ACARMON.jpg	ACARMON.jpg	NOKEY	MAX	NOKEY
1447794102381	0	lts_1117L_34_01	34	01	1	69	4	1	1	Hit	1222	4-mul/AWATERCO4.jpg	AWATERCO4.jpg	SPACE	1271	SPACE
1447794103719	0	lts_1117L_34_01	34	01	1	70	0	0	1	FA	851	AHOSPCAR3.jpg	AHOSPCAR3.jpg	SPACE	886	NOKEY
1447794106795	0	lts_1117L_34_01	34	01	1	71	0	0	0	CR	MAX	AROUNDFR3.jpg	AROUNDFR3.jpg	NOKEY	MAX	NOKEY
1447794109871	0	lts_1117L_34_01	34	01	1	72	16	1	0	Miss	MAX	16-first/sardines.jpg	sardines.jpg	NOKEY	MAX	SPACE
1447794112947	0	lts_1117L_34_01	34	01	1	73	0	0	0	CR	MAX	Abox80.jpg	Abox80.jpg	NOKEY	MAX	NOKEY
1447794116024	0	lts_1117L_34_01	34	01	1	74	16	1	0	Miss	MAX	16-mul/ABOOK23.jpg	ABOOK23.jpg	NOKEY	MAX	SPACE
1447794119100	0	lts_1117L_34_01	34	01	1	75	0	0	0	CR	MAX	ATISSUE.jpg	ATISSUE.jpg	NOKEY	MAX	NOKEY
1447794122176	0	lts_1117L_34_01	34	01	1	76	4	1	0	Miss	MAX	4-mul/sardines.jpg	sardines.jpg	NOKEY	MAX	SPACE
1447794123496	0	lts_1117L_34_01	34	01	1	77	0	0	1	FA	827	ADENTRAY3.jpg	ADENTRAY3.jpg	SPACE	870	NOKEY
1447794126572	0	lts_1117L_34_01	34	01	1	78	0	0	0	CR	MAX	26374787.thl.jpg	26374787.thl.jpg	NOKEY	MAX	NOKEY
1447794127892	0	lts_1117L_34_01	34	01	1	79	32	1	1	Hit	851	32-5/AJUG3.jpg	AJUG3.jpg	SPACE	886	SPACE
1447794130968	0	lts_1117L_34_01	34	01	1	80	0	0	0	CR	MAX	4/AARTMELON.jpg	AARTMELON.jpg	NOKEY	MAX	NOKEY
1447794134046	0	lts_1117L_34_01	34	01	1	81	0	0	0	CR	MAX	ACURLER.jpg	ACURLER.jpg	NOKEY	MAX	NOKEY
1447794137138	0	lts_1117L_34_01	34	01	1	82	0	0	0	CR	MAX	supersmilefloss.jpg	supersmilefloss.jpg	NOKEY	MAX	NOKEY
1447794140230	0	lts_1117L_34_01	34	01	1	83	0	0	0	CR	MAX	26421106.thl.jpg	26421106.thl.jpg	NOKEY	MAX	NOKEY
1447794143306	0	lts_1117L_34_01	34	01	1	84	4	1	0	Miss	MAX	4-5/AARTMELON.jpg	AARTMELON.jpg	NOKEY	MAX	SPACE
1447794146382	0	lts_1117L_34_01	34	01	1	85	0	0	0	CR	MAX	1/AWHISBARR.jpg	AWHISBARR.jpg	NOKEY	MAX	NOKEY
1447794149458	0	lts_1117L_34_01	34	01	1	86	1	1	0	Miss	MAX	1-12/AWHISBARR.jpg	AWHISBARR.jpg	NOKEY	MAX	SPACE
1447794152534	0	lts_1117L_34_01	34	01	1	87	0	0	0	CR	MAX	barbwirecoil.jpg	barbwirecoil.jpg	NOKEY	MAX	NOKEY
1447794155610	0	lts_1117L_34_01	34	01	1	88	0	0	0	CR	MAX	8/Astrawberryde.jpg	Astrawberryde.jpg	NOKEY	MAX	NOKEY
1447794158687	0	lts_1117L_34_01	34	01	1	89	00	1	0	Miss	MAX	00-across/AMODELSA4.jpg	AMODELSA4.jpg	NOKEY	MAX	SPACE
1447794161763	0	lts_1117L_34_01	34	01	1	90	0	0	0	CR	MAX	Abuilding5.jpg	Abuilding5.jpg	NOKEY	MAX	NOKEY
1447794164054	0	lts_1117L_34_01	34	01	1	91	32	1	1	Hit	1810	32-3/ASALINES5.jpg	ASALINES5.jpg	SPACE	1856	SPACE
1447794167130	0	lts_1117L_34_01	34	01	1	92	0	0	0	CR	MAX	E_tractor.jpg	E_tractor.jpg	NOKEY	MAX	NOKEY
1447794170205	0	lts_1117L_34_01	34	01	1	93	0	0	0	CR	MAX	26441750.thl.jpg	26441750.thl.jpg	NOKEY	MAX	NOKEY
1447794173281	0	lts_1117L_34_01	34	01	1	94	0	0	0	CR	MAX	Awomansshoe3.jpg	Awomansshoe3.jpg	NOKEY	MAX	NOKEY
1447794176357	0	lts_1117L_34_01	34	01	1	95	0	0	0	CR	MAX	DSCN1248-sm.jpg	DSCN1248-sm.jpg	NOKEY	MAX	NOKEY
1447794178464	0	lts_1117L_34_01	34	01	1	96	8	1	1	Hit	1637	8-first/Astrawberryde.jpg	Astrawberryde.jpg	SPACE	1672	SPACE
1447794181540	0	lts_1117L_34_01	34	01	1	97	0	0	0	CR	MAX	APLAQUE.jpg	APLAQUE.jpg	NOKEY	MAX	NOKEY
1447794184616	0	lts_1117L_34_01	34	01	1	98	32	1	0	Miss	MAX	32-7/Aantiquehat4.jpg	Aantiquehat4.jpg	NOKEY	MAX	SPACE
1447794187709	0	lts_1117L_34_01	34	01	1	99	0	0	0	CR	MAX	gymvaulting2.jpg	gymvaulting2.jpg	NOKEY	MAX	NOKEY
1447794190785	0	lts_1117L_34_01	34	01	1	100	0	0	0	CR	MAX	1/Ataco.jpg	Ataco.jpg	NOKEY	MAX	NOKEY
1447794193861	0	lts_1117L_34_01	34	01	1	101	1	1	0	Miss	MAX	1-5/Ataco.jpg	Ataco.jpg	NOKEY	MAX	SPACE
1447794196937	0	lts_1117L_34_01	34	01	1	102	0	0	0	CR	MAX	16/Aceramicjug16.jpg	Aceramicjug16.jpg	NOKEY	MAX	NOKEY
1447794200014	0	lts_1117L_34_01	34	01	1	103	0	0	0	CR	MAX	26428545.thl.jpg	26428545.thl.jpg	NOKEY	MAX	NOKEY
1447794202236	0	lts_1117L_34_01	34	01	1	104	0	0	1	FA	1747	ADOUBHOOK.jpg	ADOUBHOOK.jpg	SPACE	1788	NOKEY
1447794203440	0	lts_1117L_34_01	34	01	1	105	64	1	1	Hit	733	64-first/D_dumpster.jpg	D_dumpster.jpg	SPACE	770	SPACE
1447794206533	0	lts_1117L_34_01	34	01	1	106	0	0	0	CR	MAX	ACASKET5.jpg	ACASKET5.jpg	NOKEY	MAX	NOKEY
1447794209609	0	lts_1117L_34_01	34	01	1	107	0	0	0	CR	MAX	32/pretzelsticks.jpg	pretzelsticks.jpg	NOKEY	MAX	NOKEY
1447794212685	0	lts_1117L_34_01	34	01	1	108	0	0	0	CR	MAX	AAFRICS13.jpg	AAFRICS13.jpg	NOKEY	MAX	NOKEY
1447794215761	0	lts_1117L_34_01	34	01	1	109	4	1	0	Miss	MAX	4-mul/D_dumpster.jpg	D_dumpster.jpg	NOKEY	MAX	SPACE
1447794218837	0	lts_1117L_34_01	34	01	1	110	0	0	0	CR	MAX	26772987.thl.jpg	26772987.thl.jpg	NOKEY	MAX	NOKEY
1447794221913	0	lts_1117L_34_01	34	01	1	111	0	0	0	CR	MAX	8077486.thl.jpg	8077486.thl.jpg	NOKEY	MAX	NOKEY
1447794222983	0	lts_1117L_34_01	34	01	1	112	16	1	1	Hit	585	16-mul/Astrawberryde.jpg	Astrawberryde.jpg	SPACE	635	SPACE
1447794226060	0	lts_1117L_34_01	34	01	1	113	0	0	0	CR	MAX	Ascanner11.jpg	Ascanner11.jpg	NOKEY	MAX	NOKEY
1447794229153	0	lts_1117L_34_01	34	01	1	114	0	0	0	CR	MAX	Abucket51.jpg	Abucket51.jpg	NOKEY	MAX	NOKEY
1447794232228	0	lts_1117L_34_01	34	01	1	115	0	0	0	CR	MAX	1/hammer01.jpg	hammer01.jpg	NOKEY	MAX	NOKEY
1447794233348	0	lts_1117L_34_01	34	01	1	116	1	1	1	Hit	645	1-7/hammer01.jpg	hammer01.jpg	SPACE	686	SPACE
1447794236424	0	lts_1117L_34_01	34	01	1	117	0	0	0	CR	MAX	8/AGIFTBOX8.jpg	AGIFTBOX8.jpg	NOKEY	MAX	NOKEY
1447794239500	0	lts_1117L_34_01	34	01	1	118	16	1	0	Miss	MAX	16-first/Aceramicjug16.jpg	Aceramicjug16.jpg	NOKEY	MAX	SPACE
1447794242576	0	lts_1117L_34_01	34	01	1	119	0	0	0	CR	MAX	Afilmnegativ2.jpg	Afilmnegativ2.jpg	NOKEY	MAX	NOKEY
1447794245652	0	lts_1117L_34_01	34	01	1	120	0	0	0	CR	MAX	128/ACHIPROL2.jpg	ACHIPROL2.jpg	NOKEY	MAX	NOKEY
1447794248728	0	lts_1117L_34_01	34	01	1	121	0	0	0	CR	MAX	26374899.thl.jpg	26374899.thl.jpg	NOKEY	MAX	NOKEY
1447794251804	0	lts_1117L_34_01	34	01	1	122	4	1	0	Miss	MAX	4-mul/Aceramicjug16.jpg	Aceramicjug16.jpg	NOKEY	MAX	SPACE
1447794254881	0	lts_1117L_34_01	34	01	1	123	0	0	0	CR	MAX	Atoyhomeoffi4.jpg	Atoyhomeoffi4.jpg	NOKEY	MAX	NOKEY
1447794257957	0	lts_1117L_34_01	34	01	1	124	0	0	0	CR	MAX	26432755.thl.jpg	26432755.thl.jpg	NOKEY	MAX	NOKEY
1447794261034	0	lts_1117L_34_01	34	01	1	125	8	1	0	Miss	MAX	8-first/AGIFTBOX8.jpg	AGIFTBOX8.jpg	NOKEY	MAX	SPACE
1447794264126	0	lts_1117L_34_01	34	01	1	126	0	0	0	CR	MAX	Abicycleodome.jpg	Abicycleodome.jpg	NOKEY	MAX	NOKEY
1447794267201	0	lts_1117L_34_01	34	01	1	127	0	0	0	CR	MAX	8/26442719.thl.jpg	26442719.thl.jpg	NOKEY	MAX	NOKEY
1447794268840	0	lts_1117L_34_01	34	01	1	128	0	0	1	FA	1139	16/grenade.jpg	grenade.jpg	SPACE	1187	NOKEY
1447794271916	0	lts_1117L_34_01	34	01	1	129	4	1	0	Miss	MAX	4-mul/AGIFTBOX8.jpg	AGIFTBOX8.jpg	NOKEY	MAX	SPACE
1447794274992	0	lts_1117L_34_01	34	01	1	130	0	0	0	CR	MAX	1/ACEDAR.jpg	ACEDAR.jpg	NOKEY	MAX	NOKEY
1447794278069	0	lts_1117L_34_01	34	01	1	131	1	1	0	Miss	MAX	1-1/ACEDAR.jpg	ACEDAR.jpg	NOKEY	MAX	SPACE
1447794279690	0	lts_1117L_34_01	34	01	1	132	0	0	1	FA	1150	64/Apostalscale2.jpg	Apostalscale2.jpg	SPACE	1186	NOKEY
1447794282766	0	lts_1117L_34_01	34	01	1	133	0	0	0	CR	MAX	ALINTREMO.jpg	ALINTREMO.jpg	NOKEY	MAX	NOKEY
1447794285842	0	lts_1117L_34_01	34	01	1	134	0	0	0	CR	MAX	Aeggcup224.jpg	Aeggcup224.jpg	NOKEY	MAX	NOKEY
1447794288918	0	lts_1117L_34_01	34	01	1	135	8	1	0	Miss	MAX	8-first/26442719.thl.jpg	26442719.thl.jpg	NOKEY	MAX	SPACE
1447794292012	0	lts_1117L_34_01	34	01	1	136	0	0	0	CR	MAX	64/pinecone02.jpg	pinecone02.jpg	NOKEY	MAX	NOKEY
1447794295088	0	lts_1117L_34_01	34	01	1	137	2	1	0	Miss	MAX	2-mul/26442719.thl.jpg	26442719.thl.jpg	NOKEY	MAX	SPACE
1447794298164	0	lts_1117L_34_01	34	01	1	138	0	0	0	CR	MAX	Aropeandclamp.jpg	Aropeandclamp.jpg	NOKEY	MAX	NOKEY
1447794299433	0	lts_1117L_34_01	34	01	1	139	32	1	1	Hit	784	32-6/pretzelsticks.jpg	pretzelsticks.jpg	SPACE	836	SPACE
1447794302509	0	lts_1117L_34_01	34	01	1	140	0	0	0	CR	MAX	catsl60.jpg	catsl60.jpg	NOKEY	MAX	NOKEY
1447794305585	0	lts_1117L_34_01	34	01	1	141	0	0	0	CR	MAX	26428753.thl.jpg	26428753.thl.jpg	NOKEY	MAX	NOKEY
1447794308678	0	lts_1117L_34_01	34	01	1	142	0	0	0	CR	MAX	Awoodenhamme8.jpg	Awoodenhamme8.jpg	NOKEY	MAX	NOKEY
1447794311754	0	lts_1117L_34_01	34	01	1	143	0	0	0	CR	MAX	8/ABIRDCAG2.jpg	ABIRDCAG2.jpg	NOKEY	MAX	NOKEY
1447794314830	0	lts_1117L_34_01	34	01	1	144	16	1	1	Hit	2599	16-first/grenade.jpg	grenade.jpg	SPACE	2641	SPACE
1447794317906	0	lts_1117L_34_01	34	01	1	145	0	0	0	CR	MAX	ACHEMSET3.jpg	ACHEMSET3.jpg	NOKEY	MAX	NOKEY
1447794320982	0	lts_1117L_34_01	34	01	1	146	2	1	0	Miss	MAX	2-mul/grenade.jpg	grenade.jpg	NOKEY	MAX	SPACE
1447794324060	0	lts_1117L_34_01	34	01	1	147	0	0	0	CR	MAX	8/footballpads.jpg	footballpads.jpg	NOKEY	MAX	NOKEY
1447794327136	0	lts_1117L_34_01	34	01	1	148	0	0	0	CR	MAX	16/Ababseat2.jpg	Ababseat2.jpg	NOKEY	MAX	NOKEY
1447794330211	0	lts_1117L_34_01	34	01	1	149	0	0	0	CR	MAX	8/26421382.thl.jpg	26421382.thl.jpg	NOKEY	MAX	NOKEY
1447794333287	0	lts_1117L_34_01	34	01	1	150	0	0	0	CR	MAX	8055181.thl.jpg	8055181.thl.jpg	NOKEY	MAX	NOKEY
1447794336363	0	lts_1117L_34_01	34	01	1	151	8	1	0	Miss	MAX	8-2/ABIRDCAG2.jpg	ABIRDCAG2.jpg	NOKEY	MAX	SPACE
1447794339439	0	lts_1117L_34_01	34	01	1	152	0	0	0	CR	MAX	racetrack.jpg	racetrack.jpg	NOKEY	MAX	NOKEY
1447794342515	0	lts_1117L_34_01	34	01	1	153	0	0	0	CR	MAX	35311992.thl.jpg	35311992.thl.jpg	NOKEY	MAX	NOKEY
1447794345608	0	lts_1117L_34_01	34	01	1	154	0	0	0	CR	MAX	Anetworkplug4.jpg	Anetworkplug4.jpg	NOKEY	MAX	NOKEY
1447794348684	0	lts_1117L_34_01	34	01	1	155	8	1	0	Miss	MAX	8-0/footballpads.jpg	footballpads.jpg	NOKEY	MAX	SPACE
1447794351760	0	lts_1117L_34_01	34	01	1	156	0	0	0	CR	MAX	16/22825932.thl.jpg	22825932.thl.jpg	NOKEY	MAX	NOKEY
1447794354836	0	lts_1117L_34_01	34	01	1	157	8	1	0	Miss	MAX	8-first/26421382.thl.jpg	26421382.thl.jpg	NOKEY	MAX	SPACE
1447794357912	0	lts_1117L_34_01	34	01	1	158	0	0	0	CR	MAX	beachtowels.jpg	beachtowels.jpg	NOKEY	MAX	NOKEY
1447794360988	0	lts_1117L_34_01	34	01	1	159	0	0	0	CR	MAX	Atool221.jpg	Atool221.jpg	NOKEY	MAX	NOKEY
1447794364082	0	lts_1117L_34_01	34	01	1	160	0	0	0	CR	MAX	AIRONBOA8.jpg	AIRONBOA8.jpg	NOKEY	MAX	NOKEY
1447794367158	0	lts_1117L_34_01	34	01	1	161	4	1	0	Miss	MAX	4-mul/26421382.thl.jpg	26421382.thl.jpg	NOKEY	MAX	SPACE
1447794370233	0	lts_1117L_34_01	34	01	1	162	0	0	0	CR	MAX	AASCENDER.jpg	AASCENDER.jpg	NOKEY	MAX	NOKEY
1447794373309	0	lts_1117L_34_01	34	01	1	163	0	0	0	CR	MAX	AHARPSIC5.jpg	AHARPSIC5.jpg	NOKEY	MAX	NOKEY
1447794376385	0	lts_1117L_34_01	34	01	1	164	16	1	0	Miss	MAX	16-0/Ababseat2.jpg	Ababseat2.jpg	NOKEY	MAX	SPACE
1447794379461	0	lts_1117L_34_01	34	01	1	165	0	0	0	CR	MAX	Acactusfruit.jpg	Acactusfruit.jpg	NOKEY	MAX	NOKEY
1447794382537	0	lts_1117L_34_01	34	01	1	166	0	0	0	CR	MAX	64/AANTOAST3.jpg	AANTOAST3.jpg	NOKEY	MAX	NOKEY
1447794385630	0	lts_1117L_34_01	34	01	1	167	0	0	0	CR	MAX	2/AWALKMAN2.jpg	AWALKMAN2.jpg	NOKEY	MAX	NOKEY
1447794388706	0	lts_1117L_34_01	34	01	1	168	0	0	0	CR	MAX	9821274.thl.jpg	9821274.thl.jpg	NOKEY	MAX	NOKEY
1447794389692	0	lts_1117L_34_01	34	01	1	169	2	1	1	Hit	511	2-12/AWALKMAN2.jpg	AWALKMAN2.jpg	SPACE	551	SPACE
1447794392768	0	lts_1117L_34_01	34	01	1	170	0	0	0	CR	MAX	128/ALAB19.jpg	ALAB19.jpg	NOKEY	MAX	NOKEY
1447794395845	0	lts_1117L_34_01	34	01	1	171	0	0	0	CR	MAX	16/babyseatback.jpg	babyseatback.jpg	NOKEY	MAX	NOKEY
1447794398921	0	lts_1117L_34_01	34	01	1	172	16	1	0	Miss	MAX	16-first/22825932.thl.jpg	22825932.thl.jpg	NOKEY	MAX	SPACE
1447794400208	0	lts_1117L_34_01	34	01	1	173	0	0	1	FA	816	4/Atool120.jpg	Atool120.jpg	SPACE	853	NOKEY
1447794401261	0	lts_1117L_34_01	34	01	1	174	2	1	1	Hit	573	2-mul/22825932.thl.jpg	22825932.thl.jpg	SPACE	619	SPACE
1447794404354	0	lts_1117L_34_01	34	01	1	175	0	0	0	CR	MAX	Aheadlightan2.jpg	Aheadlightan2.jpg	NOKEY	MAX	NOKEY
1447794407430	0	lts_1117L_34_01	34	01	1	176	0	0	0	CR	MAX	Alighter12.jpg	Alighter12.jpg	NOKEY	MAX	NOKEY
1447794408567	0	lts_1117L_34_01	34	01	1	177	4	1	1	Hit	661	4-8/Atool120.jpg	Atool120.jpg	SPACE	704	SPACE
1447794411643	0	lts_1117L_34_01	34	01	1	178	0	0	0	CR	MAX	AWASHCLOT.jpg	AWASHCLOT.jpg	NOKEY	MAX	NOKEY
1447794414719	0	lts_1117L_34_01	34	01	1	179	0	0	0	CR	MAX	2/Abutanco3.jpg	Abutanco3.jpg	NOKEY	MAX	NOKEY
1447794417795	0	lts_1117L_34_01	34	01	1	180	0	0	0	CR	MAX	ABREADMAC.jpg	ABREADMAC.jpg	NOKEY	MAX	NOKEY
1447794419467	0	lts_1117L_34_01	34	01	1	181	2	1	1	Hit	1191	2-2/Abutanco3.jpg	Abutanco3.jpg	SPACE	1239	SPACE
1447794422543	0	lts_1117L_34_01	34	01	1	182	0	0	0	CR	MAX	26387587.thl.jpg	26387587.thl.jpg	NOKEY	MAX	NOKEY
1447794425335	0	lts_1117L_34_01	34	01	1	183	0	0	1	FA	2319	AWALKER11.jpg	AWALKER11.jpg	SPACE	2358	NOKEY
1447794428411	0	lts_1117L_34_01	34	01	1	184	0	0	0	CR	MAX	AVIOLINCO.jpg	AVIOLINCO.jpg	NOKEY	MAX	NOKEY
1447794431503	0	lts_1117L_34_01	34	01	1	185	0	0	0	CR	MAX	4/ALITERBOX.jpg	ALITERBOX.jpg	NOKEY	MAX	NOKEY
1447794434579	0	lts_1117L_34_01	34	01	1	186	0	0	0	CR	MAX	22858860.thl.jpg	22858860.thl.jpg	NOKEY	MAX	NOKEY
1447794437656	0	lts_1117L_34_01	34	01	1	187	16	1	0	Miss	MAX	16-first/babyseatback.jpg	babyseatback.jpg	NOKEY	MAX	SPACE
1447794440732	0	lts_1117L_34_01	34	01	1	188	0	0	0	CR	MAX	26687325.thl.jpg	26687325.thl.jpg	NOKEY	MAX	NOKEY
1447794443808	0	lts_1117L_34_01	34	01	1	189	4	1	0	Miss	MAX	4-7/ALITERBOX.jpg	ALITERBOX.jpg	NOKEY	MAX	SPACE
1447794446884	0	lts_1117L_34_01	34	01	1	190	0	0	0	CR	MAX	64/26467460.thl.jpg	26467460.thl.jpg	NOKEY	MAX	NOKEY
1447794448255	0	lts_1117L_34_01	34	01	1	191	4	1	1	Hit	901	4-mul/babyseatback.jpg	babyseatback.jpg	SPACE	937	SPACE
1447794451331	0	lts_1117L_34_01	34	01	1	192	0	0	0	CR	MAX	1/8059226.thl.jpg	8059226.thl.jpg	NOKEY	MAX	NOKEY
1447794452434	0	lts_1117L_34_01	34	01	1	193	1	1	1	Hit	623	1-10/8059226.thl.jpg	8059226.thl.jpg	SPACE	670	SPACE
1447794455510	0	lts_1117L_34_01	34	01	1	194	0	0	0	CR	MAX	ASALAMI.jpg	ASALAMI.jpg	NOKEY	MAX	NOKEY
1447794458603	0	lts_1117L_34_01	34	01	1	195	0	0	0	CR	MAX	Adryflo15.jpg	Adryflo15.jpg	NOKEY	MAX	NOKEY
1447794461679	0	lts_1117L_34_01	34	01	1	196	64	1	0	Miss	MAX	64-first/Apostalscale2.jpg	Apostalscale2.jpg	NOKEY	MAX	SPACE
1447794464755	0	lts_1117L_34_01	34	01	1	197	0	0	0	CR	MAX	128/Ababmonit.jpg	Ababmonit.jpg	NOKEY	MAX	NOKEY
1447794467831	0	lts_1117L_34_01	34	01	1	198	0	0	0	CR	MAX	AWINTERH2.jpg	AWINTERH2.jpg	NOKEY	MAX	NOKEY
1447794470924	0	lts_1117L_34_01	34	01	1	199	0	0	0	CR	MAX	M15589.jpg	M15589.jpg	NOKEY	MAX	NOKEY
1447794474000	0	lts_1117L_34_01	34	01	1	200	64	1	0	Miss	MAX	64-first/pinecone02.jpg	pinecone02.jpg	NOKEY	MAX	SPACE
1447794476091	0	lts_1117L_34_01	34	01	1	201	0	0	1	FA	1612	Apocketwatch.jpg	Apocketwatch.jpg	SPACE	1654	NOKEY
1447794477060	0	lts_1117L_34_01	34	01	1	202	2	1	1	Hit	486	2-mul/pinecone02.jpg	pinecone02.jpg	SPACE	534	SPACE
1447794480136	0	lts_1117L_34_01	34	01	1	203	0	0	0	CR	MAX	Ahulahoop2.jpg	Ahulahoop2.jpg	NOKEY	MAX	NOKEY
1447794483212	0	lts_1117L_34_01	34	01	1	204	0	0	0	CR	MAX	4/hottub.jpg	hottub.jpg	NOKEY	MAX	NOKEY
1447794486304	0	lts_1117L_34_01	34	01	1	205	0	0	0	CR	MAX	8027656.thl.jpg	8027656.thl.jpg	NOKEY	MAX	NOKEY
1447794489380	0	lts_1117L_34_01	34	01	1	206	0	0	0	CR	MAX	Ahorse23.jpg	Ahorse23.jpg	NOKEY	MAX	NOKEY
1447794492456	0	lts_1117L_34_01	34	01	1	207	0	0	0	CR	MAX	128/AELECBE17.jpg	AELECBE17.jpg	NOKEY	MAX	NOKEY
1447794495532	0	lts_1117L_34_01	34	01	1	208	4	1	0	Miss	MAX	4-2/hottub.jpg	hottub.jpg	NOKEY	MAX	SPACE
1447794496552	0	lts_1117L_34_01	34	01	1	209	0	0	1	FA	543	22875816.thl.jpg	22875816.thl.jpg	SPACE	586	NOKEY
1447794499645	0	lts_1117L_34_01	34	01	1	210	0	0	0	CR	MAX	Ascarf7.jpg	Ascarf7.jpg	NOKEY	MAX	NOKEY
1447794502721	0	lts_1117L_34_01	34	01	1	211	0	0	0	CR	MAX	Anoisma32.jpg	Anoisma32.jpg	NOKEY	MAX	NOKEY
1447794503992	0	lts_1117L_34_01	34	01	1	212	16	1	1	Hit	797	16-mul/Apostalscale2.jpg	Apostalscale2.jpg	SPACE	835	SPACE
1447794507069	0	lts_1117L_34_01	34	01	1	213	0	0	0	CR	MAX	32/Aruler16.jpg	Aruler16.jpg	NOKEY	MAX	NOKEY
1447794510145	0	lts_1117L_34_01	34	01	1	214	0	0	0	CR	MAX	Ayoungbobcat.jpg	Ayoungbobcat.jpg	NOKEY	MAX	NOKEY
1447794513220	0	lts_1117L_34_01	34	01	1	215	0	0	0	CR	MAX	2/26424440.thl.jpg	26424440.thl.jpg	NOKEY	MAX	NOKEY
1447794516296	0	lts_1117L_34_01	34	01	1	216	0	0	0	CR	MAX	ABREASPU2.jpg	ABREASPU2.jpg	NOKEY	MAX	NOKEY
1447794519372	0	lts_1117L_34_01	34	01	1	217	2	1	0	Miss	MAX	2-11/26424440.thl.jpg	26424440.thl.jpg	NOKEY	MAX	SPACE
1447794522465	0	lts_1117L_34_01	34	01	1	218	0	0	0	CR	MAX	22824840.thl.jpg	22824840.thl.jpg	NOKEY	MAX	NOKEY
1447794525541	0	lts_1117L_34_01	34	01	1	219	0	0	0	CR	MAX	Abaggcon2.jpg	Abaggcon2.jpg	NOKEY	MAX	NOKEY
1447794528617	0	lts_1117L_34_01	34	01	1	220	0	0	0	CR	MAX	Aspoonofsuga2.jpg	Aspoonofsuga2.jpg	NOKEY	MAX	NOKEY
1447794531693	0	lts_1117L_34_01	34	01	1	221	0	0	0	CR	MAX	64/ACHILDISH.jpg	ACHILDISH.jpg	NOKEY	MAX	NOKEY
1447794534769	0	lts_1117L_34_01	34	01	1	222	0	0	0	CR	MAX	2/26427910.thl.jpg	26427910.thl.jpg	NOKEY	MAX	NOKEY
1447794536458	0	lts_1117L_34_01	34	01	1	223	0	0	1	FA	1215	AGARBIN.jpg	AGARBIN.jpg	SPACE	1254	NOKEY
1447794537594	0	lts_1117L_34_01	34	01	1	224	2	1	1	Hit	652	2-0/26427910.thl.jpg	26427910.thl.jpg	SPACE	703	SPACE
1447794540687	0	lts_1117L_34_01	34	01	1	225	0	0	0	CR	MAX	Akeg6.jpg	Akeg6.jpg	NOKEY	MAX	NOKEY
1447794543763	0	lts_1117L_34_01	34	01	1	226	0	0	0	CR	MAX	128/Acaterpilla11.jpg	Acaterpilla11.jpg	NOKEY	MAX	NOKEY
1447794545185	0	lts_1117L_34_01	34	01	1	227	0	0	1	FA	925	Afueltank11.jpg	Afueltank11.jpg	SPACE	970	NOKEY
1447794548260	0	lts_1117L_34_01	34	01	1	228	0	0	0	CR	MAX	045.jpg	045.jpg	NOKEY	MAX	NOKEY
1447794551353	0	lts_1117L_34_01	34	01	1	229	0	0	0	CR	MAX	Ashoeform2.jpg	Ashoeform2.jpg	NOKEY	MAX	NOKEY
1447794554429	0	lts_1117L_34_01	34	01	1	230	64	1	0	Miss	MAX	64-first/AANTOAST3.jpg	AANTOAST3.jpg	NOKEY	MAX	SPACE
1447794557505	0	lts_1117L_34_01	34	01	1	231	0	0	0	CR	MAX	4/Afeatherhat.jpg	Afeatherhat.jpg	NOKEY	MAX	NOKEY
1447794560581	0	lts_1117L_34_01	34	01	1	232	2	1	0	Miss	MAX	2-mul/AANTOAST3.jpg	AANTOAST3.jpg	NOKEY	MAX	SPACE
1447794563674	0	lts_1117L_34_01	34	01	1	233	0	0	0	CR	MAX	B_brush.jpg	B_brush.jpg	NOKEY	MAX	NOKEY
1447794566750	0	lts_1117L_34_01	34	01	1	234	0	0	0	CR	MAX	ADOGTOY.jpg	ADOGTOY.jpg	NOKEY	MAX	NOKEY
1447794568622	0	lts_1117L_34_01	34	01	1	235	4	1	1	Hit	1401	4-4/Afeatherhat.jpg	Afeatherhat.jpg	SPACE	1437	SPACE
1447794571699	0	lts_1117L_34_01	34	01	1	236	0	0	0	CR	MAX	Acandle120.jpg	Acandle120.jpg	NOKEY	MAX	NOKEY
1447794574791	0	lts_1117L_34_01	34	01	1	237	0	0	0	CR	MAX	2/Aalligator4.jpg	Aalligator4.jpg	NOKEY	MAX	NOKEY
1447794577867	0	lts_1117L_34_01	34	01	1	238	0	0	0	CR	MAX	22856256.thl.jpg	22856256.thl.jpg	NOKEY	MAX	NOKEY
1447794579022	0	lts_1117L_34_01	34	01	1	239	2	1	1	Hit	670	2-9/Aalligator4.jpg	Aalligator4.jpg	SPACE	719	SPACE
1447794582098	0	lts_1117L_34_01	34	01	1	240	0	0	0	CR	MAX	23063814.thl.jpg	23063814.thl.jpg	NOKEY	MAX	NOKEY
1447794585174	0	lts_1117L_34_01	34	01	1	241	0	0	0	CR	MAX	8079436.thl.jpg	8079436.thl.jpg	NOKEY	MAX	NOKEY
1447794588249	0	lts_1117L_34_01	34	01	1	242	0	0	0	CR	MAX	Acreamer35.jpg	Acreamer35.jpg	NOKEY	MAX	NOKEY
1447794591325	0	lts_1117L_34_01	34	01	1	243	0	0	0	CR	MAX	ATRACTWH6.jpg	ATRACTWH6.jpg	NOKEY	MAX	NOKEY
1447794594401	0	lts_1117L_34_01	34	01	1	244	0	0	0	CR	MAX	26370681.thl.jpg	26370681.thl.jpg	NOKEY	MAX	NOKEY
1447794595505	0	lts_1117L_34_01	34	01	1	245	32	1	1	Hit	630	32-2/Aruler16.jpg	Aruler16.jpg	SPACE	669	SPACE
1447794598581	0	lts_1117L_34_01	34	01	1	246	0	0	0	CR	MAX	Apurse83.jpg	Apurse83.jpg	NOKEY	MAX	NOKEY
1447794601657	0	lts_1117L_34_01	34	01	1	247	0	0	0	CR	MAX	ABUGLE2.jpg	ABUGLE2.jpg	NOKEY	MAX	NOKEY
1447794604733	0	lts_1117L_34_01	34	01	1	248	128	1	0	Miss	MAX	128-6/ACHIPROL2.jpg	ACHIPROL2.jpg	NOKEY	MAX	SPACE
1447794607809	0	lts_1117L_34_01	34	01	1	249	0	0	0	CR	MAX	buffalowings.jpg	buffalowings.jpg	NOKEY	MAX	NOKEY
1447794610885	0	lts_1117L_34_01	34	01	1	250	0	0	0	CR	MAX	2/ASCREEN3.jpg	ASCREEN3.jpg	NOKEY	MAX	NOKEY
1447794613961	0	lts_1117L_34_01	34	01	1	251	0	0	0	CR	MAX	Abutterdish.jpg	Abutterdish.jpg	NOKEY	MAX	NOKEY
1447794615166	0	lts_1117L_34_01	34	01	1	252	2	1	1	Hit	722	2-8/ASCREEN3.jpg	ASCREEN3.jpg	SPACE	769	SPACE
1447794617572	0	lts_1117L_34_01	34	01	1	253	0	0	1	FA	1924	26441591.thl.jpg	26441591.thl.jpg	SPACE	1973	NOKEY
1447794618742	0	lts_1117L_34_01	34	01	1	254	64	1	1	Hit	687	64-first/26467460.thl.jpg	26467460.thl.jpg	SPACE	735	SPACE
1447794621818	0	lts_1117L_34_01	34	01	1	255	0	0	0	CR	MAX	Aantiquemailb.jpg	Aantiquemailb.jpg	NOKEY	MAX	NOKEY
1447794624911	0	lts_1117L_34_01	34	01	1	256	0	0	0	CR	MAX	chocolatebar.jpg	chocolatebar.jpg	NOKEY	MAX	NOKEY
1447794628005	0	lts_1117L_34_01	34	01	1	257	0	0	0	CR	MAX	AWOODPYRA.jpg	AWOODPYRA.jpg	NOKEY	MAX	NOKEY
1447794629075	0	lts_1117L_34_01	34	01	1	258	4	1	1	Hit	592	4-mul/26467460.thl.jpg	26467460.thl.jpg	SPACE	635	SPACE
1447794632151	0	lts_1117L_34_01	34	01	1	259	0	0	0	CR	MAX	Adresser11.jpg	Adresser11.jpg	NOKEY	MAX	NOKEY
1447794635243	0	lts_1117L_34_01	34	01	1	260	0	0	0	CR	MAX	8/ADANGEAR5.jpg	ADANGEAR5.jpg	NOKEY	MAX	NOKEY
1447794638336	0	lts_1117L_34_01	34	01	1	261	0	0	0	CR	MAX	4/26432217.thl.jpg	26432217.thl.jpg	NOKEY	MAX	NOKEY
1447794641412	0	lts_1117L_34_01	34	01	1	262	0	0	0	CR	MAX	AMECHSOCK.jpg	AMECHSOCK.jpg	NOKEY	MAX	NOKEY
1447794644504	0	lts_1117L_34_01	34	01	1	263	0	0	0	CR	MAX	128/26428576.thl.jpg	26428576.thl.jpg	NOKEY	MAX	NOKEY
1447794647580	0	lts_1117L_34_01	34	01	1	264	0	0	0	CR	MAX	64/AHAMPER.jpg	AHAMPER.jpg	NOKEY	MAX	NOKEY
1447794648918	0	lts_1117L_34_01	34	01	1	265	4	1	1	Hit	864	4-3/26432217.thl.jpg	26432217.thl.jpg	SPACE	903	SPACE
1447794651994	0	lts_1117L_34_01	34	01	1	266	0	0	0	CR	MAX	Aheartmonito4.jpg	Aheartmonito4.jpg	NOKEY	MAX	NOKEY
1447794655071	0	lts_1117L_34_01	34	01	1	267	0	0	0	CR	MAX	AFRYINGP2.jpg	AFRYINGP2.jpg	NOKEY	MAX	NOKEY
1447794656508	0	lts_1117L_34_01	34	01	1	268	8	1	1	Hit	953	8-first/ADANGEAR5.jpg	ADANGEAR5.jpg	SPACE	1003	SPACE
1447794659584	0	lts_1117L_34_01	34	01	1	269	0	0	0	CR	MAX	AWOODSPAT.jpg	AWOODSPAT.jpg	NOKEY	MAX	NOKEY
1447794661607	0	lts_1117L_34_01	34	01	1	270	2	1	1	Hit	1542	2-mul/ADANGEAR5.jpg	ADANGEAR5.jpg	SPACE	1590	SPACE
1447794664683	0	lts_1117L_34_01	34	01	1	271	0	0	0	CR	MAX	Aeastcho6.jpg	Aeastcho6.jpg	NOKEY	MAX	NOKEY
1447794667759	0	lts_1117L_34_01	34	01	1	272	0	0	0	CR	MAX	16/airhocckytable.jpg	airhocckytable.jpg	NOKEY	MAX	NOKEY
1447794670835	0	lts_1117L_34_01	34	01	1	273	0	0	0	CR	MAX	4/AALTIRE2.jpg	AALTIRE2.jpg	NOKEY	MAX	NOKEY
1447794673928	0	lts_1117L_34_01	34	01	1	274	0	0	0	CR	MAX	Aantiquerota7.jpg	Aantiquerota7.jpg	NOKEY	MAX	NOKEY
1447794677005	0	lts_1117L_34_01	34	01	1	275	0	0	0	CR	MAX	clawhairclips.jpg	clawhairclips.jpg	NOKEY	MAX	NOKEY
1447794680081	0	lts_1117L_34_01	34	01	1	276	0	0	0	CR	MAX	64/Atoyseasaw.jpg	Atoyseasaw.jpg	NOKEY	MAX	NOKEY
1447794681969	0	lts_1117L_34_01	34	01	1	277	4	1	1	Hit	1418	4-12/AALTIRE2.jpg	AALTIRE2.jpg	SPACE	1454	SPACE
1447794685046	0	lts_1117L_34_01	34	01	1	278	0	0	0	CR	MAX	128/ADINGHY.jpg	ADINGHY.jpg	NOKEY	MAX	NOKEY
1447794688122	0	lts_1117L_34_01	34	01	1	279	0	0	0	CR	MAX	ABREADTO2.jpg	ABREADTO2.jpg	NOKEY	MAX	NOKEY
1447794691197	0	lts_1117L_34_01	34	01	1	280	16	1	0	Miss	MAX	16/bands-a.jpg	bands-a.jpg	NOKEY	MAX	SPACE
1447794694273	0	lts_1117L_34_01	34	01	1	281	0	0	0	CR	MAX	128/dragon.jpg	dragon.jpg	NOKEY	MAX	NOKEY
1447794697349	0	lts_1117L_34_01	34	01	1	282	0	0	0	CR	MAX	03015528000.jpg	03015528000.jpg	NOKEY	MAX	NOKEY
1447794700425	0	lts_1117L_34_01	34	01	1	283	0	0	0	CR	MAX	32/Atelescope2.jpg	Atelescope2.jpg	NOKEY	MAX	NOKEY
1447794703501	0	lts_1117L_34_01	34	01	1	284	0	0	0	CR	MAX	Acinnamonrol2.jpg	Acinnamonrol2.jpg	NOKEY	MAX	NOKEY
1447794704772	0	lts_1117L_34_01	34	01	1	285	64	1	1	Hit	786	64-first/ACHILDISH.jpg	ACHILDISH.jpg	SPACE	836	SPACE
1447794707848	0	lts_1117L_34_01	34	01	1	286	0	0	0	CR	MAX	ACOATHA44.jpg	ACOATHA44.jpg	NOKEY	MAX	NOKEY
1447794710941	0	lts_1117L_34_01	34	01	1	287	0	0	0	CR	MAX	ARUSSDO13.jpg	ARUSSDO13.jpg	NOKEY	MAX	NOKEY
1447794712129	0	lts_1117L_34_01	34	01	1	288	16	1	1	Hit	714	16-first/airhocckytable.jpg	airhocckytable.jpg	SPACE	753	SPACE
1447794715204	0	lts_1117L_34_01	34	01	1	289	0	0	0	CR	MAX	ADRILL3.jpg	ADRILL3.jpg	NOKEY	MAX	NOKEY
1447794718280	0	lts_1117L_34_01	34	01	1	290	0	0	0	CR	MAX	AGUIRA.jpg	AGUIRA.jpg	NOKEY	MAX	NOKEY
1447794719784	0	lts_1117L_34_01	34	01	1	291	00	1	1	Hit	1021	00-across/36407647.thl.jpg	36407647.thl.jpg	SPACE	1070	SPACE
1447794722860	0	lts_1117L_34_01	34	01	1	292	0	0	0	CR	MAX	1/mascara.jpg	mascara.jpg	NOKEY	MAX	NOKEY
1447794724231	0	lts_1117L_34_01	34	01	1	293	1	1	1	Hit	896	1-3/mascara.jpg	mascara.jpg	SPACE	936	SPACE
1447794727307	0	lts_1117L_34_01	34	01	1	294	0	0	0	CR	MAX	Aemergencyki5.jpg	Aemergencyki5.jpg	NOKEY	MAX	NOKEY
1447794729364	0	lts_1117L_34_01	34	01	1	295	0	0	1	FA	1573	Aslippers2.jpg	Aslippers2.jpg	SPACE	1622	NOKEY
1447794731637	0	lts_1117L_34_01	34	01	1	296	16	1	1	Hit	1791	16-first/bands-a.jpg	bands-a.jpg	SPACE	1839	SPACE
1447794734730	0	lts_1117L_34_01	34	01	1	297	0	0	0	CR	MAX	ADRYRACK2.jpg	ADRYRACK2.jpg	NOKEY	MAX	NOKEY
1447794737806	0	lts_1117L_34_01	34	01	1	298	128	1	0	Miss	MAX	128-5/ALAB19.jpg	ALAB19.jpg	NOKEY	MAX	SPACE
1447794740882	0	lts_1117L_34_01	34	01	1	299	0	0	0	CR	MAX	ACOFFTRA2.jpg	ACOFFTRA2.jpg	NOKEY	MAX	NOKEY
1447794743958	0	lts_1117L_34_01	34	01	1	300	0	0	0	CR	MAX	Adog71.jpg	Adog71.jpg	NOKEY	MAX	NOKEY
1447794745096	0	lts_1117L_34_01	34	01	1	301	16	1	1	Hit	665	16-mul/ACHILDISH.jpg	ACHILDISH.jpg	SPACE	702	SPACE
1447794748172	0	lts_1117L_34_01	34	01	1	302	0	0	0	CR	MAX	Acanoe19.jpg	Acanoe19.jpg	NOKEY	MAX	NOKEY
1447794751247	0	lts_1117L_34_01	34	01	1	303	0	0	0	CR	MAX	64/22875384.thl.jpg	22875384.thl.jpg	NOKEY	MAX	NOKEY
1447794752752	0	lts_1117L_34_01	34	01	1	304	16	1	1	Hit	1022	16-mul/airhocckytable.jpg	airhocckytable.jpg	SPACE	1070	SPACE
1447794755828	0	lts_1117L_34_01	34	01	1	305	0	0	0	CR	MAX	22853352.thl.jpg	22853352.thl.jpg	NOKEY	MAX	NOKEY
1447794758921	0	lts_1117L_34_01	34	01	1	306	0	0	0	CR	MAX	headcomb1.jpg	headcomb1.jpg	NOKEY	MAX	NOKEY
1447794761997	0	lts_1117L_34_01	34	01	1	307	0	0	0	CR	MAX	Alatch7.jpg	Alatch7.jpg	NOKEY	MAX	NOKEY
1447794765091	0	lts_1117L_34_01	34	01	1	308	0	0	0	CR	MAX	1/Agratedchees2.jpg	Agratedchees2.jpg	NOKEY	MAX	NOKEY
1447794766644	0	lts_1117L_34_01	34	01	1	309	1	1	1	Hit	1079	1-13/Agratedchees2.jpg	Agratedchees2.jpg	SPACE	1119	SPACE
1447794769720	0	lts_1117L_34_01	34	01	1	310	0	0	0	CR	MAX	Astampandseal.jpg	Astampandseal.jpg	NOKEY	MAX	NOKEY
1447794772796	0	lts_1117L_34_01	34	01	1	311	0	0	0	CR	MAX	ALIONMAS2.jpg	ALIONMAS2.jpg	NOKEY	MAX	NOKEY
1447794774318	0	lts_1117L_34_01	34	01	1	312	16	1	1	Hit	1039	16-mul/bands-a.jpg	bands-a.jpg	SPACE	1087	SPACE
1447794777394	0	lts_1117L_34_01	34	01	1	313	0	0	0	CR	MAX	8/AMOUSETOY.jpg	AMOUSETOY.jpg	NOKEY	MAX	NOKEY
1447794780470	0	lts_1117L_34_01	34	01	1	314	0	0	0	CR	MAX	Atoy21.jpg	Atoy21.jpg	NOKEY	MAX	NOKEY
1447794782076	0	lts_1117L_34_01	34	01	1	315	32	1	1	Hit	1131	32-1/Atelescope2.jpg	Atelescope2.jpg	SPACE	1171	SPACE
1447794785152	0	lts_1117L_34_01	34	01	1	316	0	0	0	CR	MAX	32/Alifebuo3.jpg	Alifebuo3.jpg	NOKEY	MAX	NOKEY
1447794788227	0	lts_1117L_34_01	34	01	1	317	0	0	0	CR	MAX	2/ALINENCA3.jpg	ALINENCA3.jpg	NOKEY	MAX	NOKEY
1447794791303	0	lts_1117L_34_01	34	01	1	318	0	0	0	CR	MAX	Aradio24.jpg	Aradio24.jpg	NOKEY	MAX	NOKEY
1447794792774	0	lts_1117L_34_01	34	01	1	319	2	1	1	Hit	1002	2-5/ALINENCA3.jpg	ALINENCA3.jpg	SPACE	1037	SPACE
1447794795850	0	lts_1117L_34_01	34	01	1	320	0	0	0	CR	MAX	ASHRIMP3.jpg	ASHRIMP3.jpg	NOKEY	MAX	NOKEY
1447794798926	0	lts_1117L_34_01	34	01	1	321	8	1	0	Miss	MAX	8-first/AMOUSETOY.jpg	AMOUSETOY.jpg	NOKEY	MAX	SPACE
1447794802003	0	lts_1117L_34_01	34	01	1	322	0	0	0	CR	MAX	1/26434233.thl.jpg	26434233.thl.jpg	NOKEY	MAX	NOKEY
1447794805079	0	lts_1117L_34_01	34	01	1	323	1	1	0	Miss	MAX	1-0/26434233.thl.jpg	26434233.thl.jpg	NOKEY	MAX	SPACE
1447794808156	0	lts_1117L_34_01	34	01	1	324	0	0	0	CR	MAX	Askirt2.jpg	Askirt2.jpg	NOKEY	MAX	NOKEY
1447794811231	0	lts_1117L_34_01	34	01	1	325	128	1	0	Miss	MAX	128-0/Ababmonit.jpg	Ababmonit.jpg	NOKEY	MAX	SPACE
1447794812802	0	lts_1117L_34_01	34	01	1	326	0	0	1	FA	1095	Akazoo2.jpg	Akazoo2.jpg	SPACE	1137	NOKEY
1447794815878	0	lts_1117L_34_01	34	01	1	327	0	0	0	CR	MAX	22896812.thl.jpg	22896812.thl.jpg	NOKEY	MAX	NOKEY
1447794818954	0	lts_1117L_34_01	34	01	1	328	64	1	0	Miss	MAX	64-first/AHAMPER.jpg	AHAMPER.jpg	NOKEY	MAX	SPACE
1447794822031	0	lts_1117L_34_01	34	01	1	329	0	0	0	CR	MAX	ADUNEBUGG.jpg	ADUNEBUGG.jpg	NOKEY	MAX	NOKEY
1447794825107	0	lts_1117L_34_01	34	01	1	330	0	0	0	CR	MAX	2/Acprmask2.jpg	Acprmask2.jpg	NOKEY	MAX	NOKEY
1447794828183	0	lts_1117L_34_01	34	01	1	331	0	0	0	CR	MAX	AREDROSE8.jpg	AREDROSE8.jpg	NOKEY	MAX	NOKEY
1447794829353	0	lts_1117L_34_01	34	01	1	332	2	1	1	Hit	694	2-7/Acprmask2.jpg	Acprmask2.jpg	SPACE	735	SPACE
1447794832429	0	lts_1117L_34_01	34	01	1	333	0	0	0	CR	MAX	32/26440756.thl.jpg	26440756.thl.jpg	NOKEY	MAX	NOKEY
1447794835505	0	lts_1117L_34_01	34	01	1	334	0	0	0	CR	MAX	Acliplatch.jpg	Acliplatch.jpg	NOKEY	MAX	NOKEY
1447794838581	0	lts_1117L_34_01	34	01	1	335	128	1	0	Miss	MAX	128-2/AELECBE17.jpg	AELECBE17.jpg	NOKEY	MAX	SPACE
1447794841657	0	lts_1117L_34_01	34	01	1	336	0	0	0	CR	MAX	ATHERMO12.jpg	ATHERMO12.jpg	NOKEY	MAX	NOKEY
1447794844733	0	lts_1117L_34_01	34	01	1	337	16	1	0	Miss	MAX	16-mul/AMOUSETOY.jpg	AMOUSETOY.jpg	NOKEY	MAX	SPACE
1447794847811	0	lts_1117L_34_01	34	01	1	338	0	0	0	CR	MAX	8052266.thl.jpg	8052266.thl.jpg	NOKEY	MAX	NOKEY
1447794850885	0	lts_1117L_34_01	34	01	1	339	0	0	0	CR	MAX	26443034.thl.jpg	26443034.thl.jpg	NOKEY	MAX	NOKEY
1447794852239	0	lts_1117L_34_01	34	01	1	340	64	1	1	Hit	883	64-first/Atoyseasaw.jpg	Atoyseasaw.jpg	SPACE	919	SPACE
1447794855315	0	lts_1117L_34_01	34	01	1	341	0	0	0	CR	MAX	Aplasticbott3.jpg	Aplasticbott3.jpg	NOKEY	MAX	NOKEY
1447794856335	0	lts_1117L_34_01	34	01	1	342	2	1	1	Hit	539	2-mul/Atoyseasaw.jpg	Atoyseasaw.jpg	SPACE	585	SPACE
1447794859411	0	lts_1117L_34_01	34	01	1	343	0	0	0	CR	MAX	Aadjustablech.jpg	Aadjustablech.jpg	NOKEY	MAX	NOKEY
1447794860565	0	lts_1117L_34_01	34	01	1	344	16	1	1	Hit	655	16-mul/AHAMPER.jpg	AHAMPER.jpg	SPACE	703	SPACE
1447794863641	0	lts_1117L_34_01	34	01	1	345	0	0	0	CR	MAX	Adolphin3.jpg	Adolphin3.jpg	NOKEY	MAX	NOKEY
1447794864995	0	lts_1117L_34_01	34	01	1	346	00	1	1	Hit	885	00-across/visacard.jpg	visacard.jpg	SPACE	920	SPACE
1447794868072	0	lts_1117L_34_01	34	01	1	347	0	0	0	CR	MAX	XPGame.jpg	XPGame.jpg	NOKEY	MAX	NOKEY
1447794871148	0	lts_1117L_34_01	34	01	1	348	32	1	0	Miss	MAX	32-9/Alifebuo3.jpg	Alifebuo3.jpg	NOKEY	MAX	SPACE
1447794874223	0	lts_1117L_34_01	34	01	1	349	0	0	0	CR	MAX	ABAGGROCE.jpg	ABAGGROCE.jpg	NOKEY	MAX	NOKEY
1447794877299	0	lts_1117L_34_01	34	01	1	350	0	0	0	CR	MAX	8074514.thl.jpg	8074514.thl.jpg	NOKEY	MAX	NOKEY
1447794880392	0	lts_1117L_34_01	34	01	1	351	0	0	0	CR	MAX	ATOWER3.jpg	ATOWER3.jpg	NOKEY	MAX	NOKEY
1447794883468	0	lts_1117L_34_01	34	01	1	352	0	0	0	CR	MAX	Agreencup2.jpg	Agreencup2.jpg	NOKEY	MAX	NOKEY
1447794886544	0	lts_1117L_34_01	34	01	1	353	0	0	0	CR	MAX	AALIEN.jpg	AALIEN.jpg	NOKEY	MAX	NOKEY
1447794887798	0	lts_1117L_34_01	34	01	1	354	128	1	1	Hit	774	128-3/Acaterpilla11.jpg	Acaterpilla11.jpg	SPACE	819	SPACE
1447794890874	0	lts_1117L_34_01	34	01	1	355	0	0	0	CR	MAX	Avacuum13.jpg	Avacuum13.jpg	NOKEY	MAX	NOKEY
1447794893967	0	lts_1117L_34_01	34	01	1	356	0	0	0	CR	MAX	Atable132.jpg	Atable132.jpg	NOKEY	MAX	NOKEY
1447794897044	0	lts_1117L_34_01	34	01	1	357	0	0	0	CR	MAX	ASUSHI9.jpg	ASUSHI9.jpg	NOKEY	MAX	NOKEY
1447794900137	0	lts_1117L_34_01	34	01	1	358	0	0	0	CR	MAX	Apulley71.jpg	Apulley71.jpg	NOKEY	MAX	NOKEY
1447794903212	0	lts_1117L_34_01	34	01	1	359	00	1	0	Miss	MAX	00-across/26375982.thl.jpg	26375982.thl.jpg	NOKEY	MAX	SPACE
1447794906288	0	lts_1117L_34_01	34	01	1	360	0	0	0	CR	MAX	Acampingknife.jpg	Acampingknife.jpg	NOKEY	MAX	NOKEY
1447794909364	0	lts_1117L_34_01	34	01	1	361	16	1	0	Miss	MAX	16/DSCN3767-sm.jpg	DSCN3767-sm.jpg	NOKEY	MAX	SPACE
1447794912456	0	lts_1117L_34_01	34	01	1	362	0	0	0	CR	MAX	ACOLUMN5.jpg	ACOLUMN5.jpg	NOKEY	MAX	NOKEY
1447794915533	0	lts_1117L_34_01	34	01	1	363	0	0	0	CR	MAX	Atoydonkey.jpg	Atoydonkey.jpg	NOKEY	MAX	NOKEY
1447794918625	0	lts_1117L_34_01	34	01	1	364	0	0	0	CR	MAX	APICKLE.jpg	APICKLE.jpg	NOKEY	MAX	NOKEY
1447794920280	0	lts_1117L_34_01	34	01	1	365	32	1	1	Hit	1180	32-8/26440756.thl.jpg	26440756.thl.jpg	SPACE	1220	SPACE
1447794923356	0	lts_1117L_34_01	34	01	1	366	0	0	0	CR	MAX	ADOGFOOD.jpg	ADOGFOOD.jpg	NOKEY	MAX	NOKEY
1447794925246	0	lts_1117L_34_01	34	01	1	367	64	1	1	Hit	1406	64-first/22875384.thl.jpg	22875384.thl.jpg	SPACE	1454	SPACE
1447794928322	0	lts_1117L_34_01	34	01	1	368	0	0	0	CR	MAX	32/AAFRICI13.jpg	AAFRICI13.jpg	NOKEY	MAX	NOKEY
1447794931398	0	lts_1117L_34_01	34	01	1	369	0	0	0	CR	MAX	4/22855404.thl.jpg	22855404.thl.jpg	NOKEY	MAX	NOKEY
1447794934474	0	lts_1117L_34_01	34	01	1	370	0	0	0	CR	MAX	eraserbrush.jpg	eraserbrush.jpg	NOKEY	MAX	NOKEY
1447794935577	0	lts_1117L_34_01	34	01	1	371	4	1	1	Hit	632	4-mul/22875384.thl.jpg	22875384.thl.jpg	SPACE	670	SPACE
1447794938653	0	lts_1117L_34_01	34	01	1	372	0	0	0	CR	MAX	8/Abathroomcup3.jpg	Abathroomcup3.jpg	NOKEY	MAX	NOKEY
1447794941729	0	lts_1117L_34_01	34	01	1	373	4	1	0	Miss	MAX	4-10/22855404.thl.jpg	22855404.thl.jpg	NOKEY	MAX	SPACE
1447794944805	0	lts_1117L_34_01	34	01	1	374	0	0	0	CR	MAX	22923440.thl.jpg	22923440.thl.jpg	NOKEY	MAX	NOKEY
1447794947881	0	lts_1117L_34_01	34	01	1	375	0	0	0	CR	MAX	Apenguin2.jpg	Apenguin2.jpg	NOKEY	MAX	NOKEY
1447794950958	0	lts_1117L_34_01	34	01	1	376	0	0	0	CR	MAX	ABROOM11.jpg	ABROOM11.jpg	NOKEY	MAX	NOKEY
1447794954035	0	lts_1117L_34_01	34	01	1	377	16	1	0	Miss	MAX	16-first/DSCN3767-sm.jpg	DSCN3767-sm.jpg	NOKEY	MAX	SPACE
1447794957111	0	lts_1117L_34_01	34	01	1	378	0	0	0	CR	MAX	Aoutdoorhalo2.jpg	Aoutdoorhalo2.jpg	NOKEY	MAX	NOKEY
1447794960202	0	lts_1117L_34_01	34	01	1	379	0	0	0	CR	MAX	Arunningshoe4.jpg	Arunningshoe4.jpg	NOKEY	MAX	NOKEY
1447794961272	0	lts_1117L_34_01	34	01	1	380	8	1	1	Hit	591	8-first/Abathroomcup3.jpg	Abathroomcup3.jpg	SPACE	635	SPACE
1447794964348	0	lts_1117L_34_01	34	01	1	381	0	0	0	CR	MAX	26387641.thl.jpg	26387641.thl.jpg	NOKEY	MAX	NOKEY
1447794965468	0	lts_1117L_34_01	34	01	1	382	2	1	1	Hit	647	2-mul/Abathroomcup3.jpg	Abathroomcup3.jpg	SPACE	686	SPACE
1447794968545	0	lts_1117L_34_01	34	01	1	383	0	0	0	CR	MAX	Aflower104.jpg	Aflower104.jpg	NOKEY	MAX	NOKEY
1447794971621	0	lts_1117L_34_01	34	01	1	384	0	0	0	CR	MAX	Anotepad9.jpg	Anotepad9.jpg	NOKEY	MAX	NOKEY
1447794974697	0	lts_1117L_34_01	34	01	1	385	0	0	0	CR	MAX	AANTFRYI2.jpg	AANTFRYI2.jpg	NOKEY	MAX	NOKEY
1447794977790	0	lts_1117L_34_01	34	01	1	386	0	0	0	CR	MAX	Athimble2.jpg	Athimble2.jpg	NOKEY	MAX	NOKEY
1447794980866	0	lts_1117L_34_01	34	01	1	387	0	0	0	CR	MAX	1/ACOFFPOT7.jpg	ACOFFPOT7.jpg	NOKEY	MAX	NOKEY
1447794982137	0	lts_1117L_34_01	34	01	1	388	1	1	1	Hit	789	1-6/ACOFFPOT7.jpg	ACOFFPOT7.jpg	SPACE	836	SPACE
1447794985212	0	lts_1117L_34_01	34	01	1	389	0	0	0	CR	MAX	ASHEEP4.jpg	ASHEEP4.jpg	NOKEY	MAX	NOKEY
1447794988288	0	lts_1117L_34_01	34	01	1	390	0	0	0	CR	MAX	Astatueofwo29.jpg	Astatueofwo29.jpg	NOKEY	MAX	NOKEY
1447794991364	0	lts_1117L_34_01	34	01	1	391	128	1	0	Miss	MAX	128-4/26428576.thl.jpg	26428576.thl.jpg	NOKEY	MAX	SPACE
1447794994440	0	lts_1117L_34_01	34	01	1	392	0	0	0	CR	MAX	A1991CHE7.jpg	A1991CHE7.jpg	NOKEY	MAX	NOKEY
1447794996030	0	lts_1117L_34_01	34	01	1	393	16	1	1	Hit	1111	16-mul/DSCN3767-sm.jpg	DSCN3767-sm.jpg	SPACE	1153	SPACE
1447794999106	0	lts_1117L_34_01	34	01	1	394	0	0	0	CR	MAX	AMUSICSH2.jpg	AMUSICSH2.jpg	NOKEY	MAX	NOKEY
1447795002182	0	lts_1117L_34_01	34	01	1	395	0	0	0	CR	MAX	ABROOCH53.jpg	ABROOCH53.jpg	NOKEY	MAX	NOKEY
1447795005257	0	lts_1117L_34_01	34	01	1	396	0	0	0	CR	MAX	2/26374803.thl.jpg	26374803.thl.jpg	NOKEY	MAX	NOKEY
1447795008333	0	lts_1117L_34_01	34	01	1	397	0	0	0	CR	MAX	Awheatstalks2.jpg	Awheatstalks2.jpg	NOKEY	MAX	NOKEY
1447795011409	0	lts_1117L_34_01	34	01	1	398	2	1	0	Miss	MAX	2-4/26374803.thl.jpg	26374803.thl.jpg	NOKEY	MAX	SPACE
1447795014502	0	lts_1117L_34_01	34	01	1	399	0	0	0	CR	MAX	8026164.thl.jpg	8026164.thl.jpg	NOKEY	MAX	NOKEY
1447795015990	0	lts_1117L_34_01	34	01	1	400	32	1	1	Hit	1013	32-0/AAFRICI13.jpg	AAFRICI13.jpg	SPACE	1053	SPACE
1447795019067	0	lts_1117L_34_01	34	01	1	401	0	0	0	CR	MAX	Ahotdogplain.jpg	Ahotdogplain.jpg	NOKEY	MAX	NOKEY
1447795022143	0	lts_1117L_34_01	34	01	1	402	0	0	0	CR	MAX	2/Adill.jpg	Adill.jpg	NOKEY	MAX	NOKEY
1447795025218	0	lts_1117L_34_01	34	01	1	403	0	0	0	CR	MAX	16/AHUBBLE.jpg	AHUBBLE.jpg	NOKEY	MAX	NOKEY
1447795028294	0	lts_1117L_34_01	34	01	1	404	2	1	0	Miss	MAX	2-3/Adill.jpg	Adill.jpg	NOKEY	MAX	SPACE
1447795031370	0	lts_1117L_34_01	34	01	1	405	0	0	0	CR	MAX	AKNEEBRA2.jpg	AKNEEBRA2.jpg	NOKEY	MAX	NOKEY
1447795034463	0	lts_1117L_34_01	34	01	1	406	128	1	0	Miss	MAX	128-1/ADINGHY.jpg	ADINGHY.jpg	NOKEY	MAX	SPACE
1447795037539	0	lts_1117L_34_01	34	01	1	407	0	0	0	CR	MAX	26420979.thl.jpg	26420979.thl.jpg	NOKEY	MAX	NOKEY
1447795040632	0	lts_1117L_34_01	34	01	1	408	0	0	0	CR	MAX	Aceramichous2.jpg	Aceramichous2.jpg	NOKEY	MAX	NOKEY
1447795041768	0	lts_1117L_34_01	34	01	1	409	128	1	1	Hit	661	128-7/dragon.jpg	dragon.jpg	SPACE	702	SPACE
1447795044844	0	lts_1117L_34_01	34	01	1	410	0	0	0	CR	MAX	4/ASEWINGT4.jpg	ASEWINGT4.jpg	NOKEY	MAX	NOKEY
1447795045864	0	lts_1117L_34_01	34	01	1	411	00	1	1	Hit	547	00-across/Aturban.jpg	Aturban.jpg	SPACE	585	SPACE
1447795048957	0	lts_1117L_34_01	34	01	1	412	0	0	0	CR	MAX	4/orientalvase.jpg	orientalvase.jpg	NOKEY	MAX	NOKEY
1447795052051	0	lts_1117L_34_01	34	01	1	413	0	0	0	CR	MAX	image004.jpg	image004.jpg	NOKEY	MAX	NOKEY
1447795053387	0	lts_1117L_34_01	34	01	1	414	4	1	1	Hit	860	4-6/ASEWINGT4.jpg	ASEWINGT4.jpg	SPACE	902	SPACE
1447795054775	0	lts_1117L_34_01	34	01	1	415	0	0	1	FA	909	ALUNCHBO3.jpg	ALUNCHBO3.jpg	SPACE	953	NOKEY
1447795055811	0	lts_1117L_34_01	34	01	1	416	4	1	1	Hit	563	4-9/orientalvase.jpg	orientalvase.jpg	SPACE	602	SPACE
1447795058887	0	lts_1117L_34_01	34	01	1	417	0	0	0	CR	MAX	AMELODEON.jpg	AMELODEON.jpg	NOKEY	MAX	NOKEY
1447795061963	0	lts_1117L_34_01	34	01	1	418	0	0	0	CR	MAX	26372785.thl.jpg	26372785.thl.jpg	NOKEY	MAX	NOKEY
1447795065041	0	lts_1117L_34_01	34	01	1	419	16	1	0	Miss	MAX	16-first/AHUBBLE.jpg	AHUBBLE.jpg	NOKEY	MAX	SPACE
1447795068117	0	lts_1117L_34_01	34	01	1	420	0	0	0	CR	MAX	APUMPCOOK.jpg	APUMPCOOK.jpg	NOKEY	MAX	NOKEY
1447795069202	0	lts_1117L_34_01	34	01	1	421	2	1	1	Hit	616	2-mul/AHUBBLE.jpg	AHUBBLE.jpg	SPACE	651	SPACE
1447795072278	0	lts_1117L_34_01	34	01	1	422	0	0	0	CR	MAX	Aantiquecigar.jpg	Aantiquecigar.jpg	NOKEY	MAX	NOKEY
1447795075354	0	lts_1117L_34_01	34	01	1	423	0	0	0	CR	MAX	1/8019781.thl.jpg	8019781.thl.jpg	NOKEY	MAX	NOKEY
1447795078430	0	lts_1117L_34_01	34	01	1	424	1	1	0	Miss	MAX	1-2/8019781.thl.jpg	8019781.thl.jpg	NOKEY	MAX	SPACE
1447795081506	0	lts_1117L_34_01	34	01	1	425	0	0	0	CR	MAX	1/ACIGARCU3.jpg	ACIGARCU3.jpg	NOKEY	MAX	NOKEY
1447795084015	0	lts_1117L_34_01	34	01	1	426	1	1	1	Hit	2025	1-8/ACIGARCU3.jpg	ACIGARCU3.jpg	SPACE	2073	SPACE
1447795087108	0	lts_1117L_34_01	34	01	1	427	0	0	0	CR	MAX	1/26384863.thl.jpg	26384863.thl.jpg	NOKEY	MAX	NOKEY
1447795090184	0	lts_1117L_34_01	34	01	1	428	1	1	0	Miss	MAX	1-14/26384863.thl.jpg	26384863.thl.jpg	NOKEY	MAX	SPACE
1447795093276	0	lts_1117L_34_01	34	01	1	429	0	0	0	CR	MAX	Ablackleather.jpg	Ablackleather.jpg	NOKEY	MAX	NOKEY
1447795096352	0	lts_1117L_34_01	34	01	1	430	0	0	0	CR	MAX	16/ACHINCHI4.jpg	ACHINCHI4.jpg	NOKEY	MAX	NOKEY
1447795098108	0	lts_1117L_34_01	34	01	1	431	00	1	1	Hit	1282	00-across/E_tank.jpg	E_tank.jpg	SPACE	1321	SPACE
1447795101200	0	lts_1117L_34_01	34	01	1	432	0	0	0	CR	MAX	4/AEMERGLI4.jpg	AEMERGLI4.jpg	NOKEY	MAX	NOKEY
1447795104276	0	lts_1117L_34_01	34	01	1	433	0	0	0	CR	MAX	Apepperoni.jpg	Apepperoni.jpg	NOKEY	MAX	NOKEY
1447795107352	0	lts_1117L_34_01	34	01	1	434	0	0	0	CR	MAX	ASATELLIT.jpg	ASATELLIT.jpg	NOKEY	MAX	NOKEY
1447795110428	0	lts_1117L_34_01	34	01	1	435	0	0	0	CR	MAX	AEGGHOLDE.jpg	AEGGHOLDE.jpg	NOKEY	MAX	NOKEY
1447795112434	0	lts_1117L_34_01	34	01	1	436	4	1	1	Hit	1522	4-1/AEMERGLI4.jpg	AEMERGLI4.jpg	SPACE	1572	SPACE
1447795115510	0	lts_1117L_34_01	34	01	1	437	0	0	0	CR	MAX	2/26384554.thl.jpg	26384554.thl.jpg	NOKEY	MAX	NOKEY
1447795118586	0	lts_1117L_34_01	34	01	1	438	0	0	0	CR	MAX	26422598.thl.jpg	26422598.thl.jpg	NOKEY	MAX	NOKEY
1447795121662	0	lts_1117L_34_01	34	01	1	439	2	1	0	Miss	MAX	2-1/26384554.thl.jpg	26384554.thl.jpg	NOKEY	MAX	SPACE
1447795124738	0	lts_1117L_34_01	34	01	1	440	0	0	0	CR	MAX	A25PINCON.jpg	A25PINCON.jpg	NOKEY	MAX	NOKEY
1447795127815	0	lts_1117L_34_01	34	01	1	441	0	0	0	CR	MAX	Atennisball2.jpg	Atennisball2.jpg	NOKEY	MAX	NOKEY
1447795130907	0	lts_1117L_34_01	34	01	1	442	0	0	0	CR	MAX	Agiraffetoy3.jpg	Agiraffetoy3.jpg	NOKEY	MAX	NOKEY
1447795133983	0	lts_1117L_34_01	34	01	1	443	00	1	0	Miss	MAX	00-across/26372669.thl.jpg	26372669.thl.jpg	NOKEY	MAX	SPACE
1447795136024	0	lts_1117L_34_01	34	01	1	444	0	0	1	FA	1561	AANTIBIK4.jpg	AANTIBIK4.jpg	SPACE	1605	NOKEY
1447795139100	0	lts_1117L_34_01	34	01	1	445	0	0	0	CR	MAX	Acomputerdes8.jpg	Acomputerdes8.jpg	NOKEY	MAX	NOKEY
1447795140771	0	lts_1117L_34_01	34	01	1	446	16	1	1	Hit	1199	16-1/ACHINCHI4.jpg	ACHINCHI4.jpg	SPACE	1236	SPACE
1447795143847	0	lts_1117L_34_01	34	01	1	447	0	0	0	CR	MAX	1/096CM301000.jpg	096CM301000.jpg	NOKEY	MAX	NOKEY
1447795146923	0	lts_1117L_34_01	34	01	1	448	1	1	0	Miss	MAX	1-11/096CM301000.jpg	096CM301000.jpg	NOKEY	MAX	SPACE
1447795149999	0	lts_1117L_34_01	34	01	1	449	0	0	0	CR	MAX	8257273.thl.jpg	8257273.thl.jpg	NOKEY	MAX	NOKEY
1447795191841	0	E	Logging Ends
