1444932031639	0	B	Logging Begins
1444932241731	0	lts_1015I_07_01	07	01	0	0	0	0	0	CR	MAX	ACAROSLI2.jpg	ACAROSLI2.jpg	NOKEY	MAX	NOKEY
1444932244807	0	lts_1015I_07_01	07	01	0	1	0	0	0	CR	MAX	scrunchie.jpg	scrunchie.jpg	NOKEY	MAX	NOKEY
1444932247883	0	lts_1015I_07_01	07	01	0	2	0	0	0	CR	MAX	16/ringbox03.jpg	ringbox03.jpg	NOKEY	MAX	NOKEY
1444932250959	0	lts_1015I_07_01	07	01	0	3	0	0	0	CR	MAX	1/Atoy63.jpg	Atoy63.jpg	NOKEY	MAX	NOKEY
1444932252180	0	lts_1015I_07_01	07	01	0	4	1	1	1	Hit	743	1-11/Atoy63.jpg	Atoy63.jpg	SPACE	786	SPACE
1444932255256	0	lts_1015I_07_01	07	01	0	5	0	0	0	CR	MAX	APARKMET6.jpg	APARKMET6.jpg	NOKEY	MAX	NOKEY
1444932258332	0	lts_1015I_07_01	07	01	0	6	0	0	0	CR	MAX	Afox3.jpg	Afox3.jpg	NOKEY	MAX	NOKEY
1444932261408	0	lts_1015I_07_01	07	01	0	7	0	0	0	CR	MAX	4/AWATEHOSE.jpg	AWATEHOSE.jpg	NOKEY	MAX	NOKEY
1444932264484	0	lts_1015I_07_01	07	01	0	8	0	0	0	CR	MAX	8/Aqueenofspade.jpg	Aqueenofspade.jpg	NOKEY	MAX	NOKEY
1444932267561	0	lts_1015I_07_01	07	01	0	9	0	0	0	CR	MAX	26456480.thl.jpg	26456480.thl.jpg	NOKEY	MAX	NOKEY
1444932270636	0	lts_1015I_07_01	07	01	0	10	0	0	0	CR	MAX	32/Aantelopesku5.jpg	Aantelopesku5.jpg	NOKEY	MAX	NOKEY
1444932271906	0	lts_1015I_07_01	07	01	0	11	4	1	1	Hit	787	4-8/AWATEHOSE.jpg	AWATEHOSE.jpg	SPACE	837	SPACE
1444932274982	0	lts_1015I_07_01	07	01	0	12	0	0	0	CR	MAX	Acactusfruit.jpg	Acactusfruit.jpg	NOKEY	MAX	NOKEY
1444932278059	0	lts_1015I_07_01	07	01	0	13	0	0	0	CR	MAX	22822309.thl.jpg	22822309.thl.jpg	NOKEY	MAX	NOKEY
1444932281135	0	lts_1015I_07_01	07	01	0	14	0	0	0	CR	MAX	64/Atrafficsign2.jpg	Atrafficsign2.jpg	NOKEY	MAX	NOKEY
1444932284211	0	lts_1015I_07_01	07	01	0	15	0	0	0	CR	MAX	8245419.thl.jpg	8245419.thl.jpg	NOKEY	MAX	NOKEY
1444932285231	0	lts_1015I_07_01	07	01	0	16	8	1	1	Hit	537	8-0/Aqueenofspade.jpg	Aqueenofspade.jpg	SPACE	584	SPACE
1444932288307	0	lts_1015I_07_01	07	01	0	17	0	0	0	CR	MAX	MAT-J0150-J0153.jpg	MAT-J0150-J0153.jpg	NOKEY	MAX	NOKEY
1444932289294	0	lts_1015I_07_01	07	01	0	18	16	1	1	Hit	515	16-first/ringbox03.jpg	ringbox03.jpg	SPACE	550	SPACE
1444932292386	0	lts_1015I_07_01	07	01	0	19	0	0	0	CR	MAX	8/Aframedpainti.jpg	Aframedpainti.jpg	NOKEY	MAX	NOKEY
1444932295479	0	lts_1015I_07_01	07	01	0	20	0	0	0	CR	MAX	Acrabwalking.jpg	Acrabwalking.jpg	NOKEY	MAX	NOKEY
1444932298555	0	lts_1015I_07_01	07	01	0	21	0	0	0	CR	MAX	Lanyard.jpg	Lanyard.jpg	NOKEY	MAX	NOKEY
1444932299674	0	lts_1015I_07_01	07	01	0	22	4	1	1	Hit	646	4-mul/ringbox03.jpg	ringbox03.jpg	SPACE	685	SPACE
1444932302751	0	lts_1015I_07_01	07	01	0	23	0	0	0	CR	MAX	gytsl9.jpg	gytsl9.jpg	NOKEY	MAX	NOKEY
1444932305826	0	lts_1015I_07_01	07	01	0	24	0	0	0	CR	MAX	ACOWBOYH3.jpg	ACOWBOYH3.jpg	NOKEY	MAX	NOKEY
1444932308903	0	lts_1015I_07_01	07	01	0	25	0	0	0	CR	MAX	64/23060574.thl.jpg	23060574.thl.jpg	NOKEY	MAX	NOKEY
1444932311979	0	lts_1015I_07_01	07	01	0	26	0	0	0	CR	MAX	Aleatherbeltp.jpg	Aleatherbeltp.jpg	NOKEY	MAX	NOKEY
1444932313033	0	lts_1015I_07_01	07	01	0	27	8	1	1	Hit	584	8-first/Aframedpainti.jpg	Aframedpainti.jpg	SPACE	619	SPACE
1444932316109	0	lts_1015I_07_01	07	01	0	28	0	0	0	CR	MAX	Awinecase.jpg	Awinecase.jpg	NOKEY	MAX	NOKEY
1444932317129	0	lts_1015I_07_01	07	01	0	29	2	1	1	Hit	535	2-mul/Aframedpainti.jpg	Aframedpainti.jpg	SPACE	585	SPACE
1444932320205	0	lts_1015I_07_01	07	01	0	30	0	0	0	CR	MAX	4/ACHIPROL2.jpg	ACHIPROL2.jpg	NOKEY	MAX	NOKEY
1444932323281	0	lts_1015I_07_01	07	01	0	31	0	0	0	CR	MAX	butterflycross-stitch.jpg	butterflycross-stitch.jpg	NOKEY	MAX	NOKEY
1444932326357	0	lts_1015I_07_01	07	01	0	32	0	0	0	CR	MAX	26420979.thl.jpg	26420979.thl.jpg	NOKEY	MAX	NOKEY
1444932329433	0	lts_1015I_07_01	07	01	0	33	0	0	0	CR	MAX	ATOASTOV2.jpg	ATOASTOV2.jpg	NOKEY	MAX	NOKEY
1444932330586	0	lts_1015I_07_01	07	01	0	34	4	1	1	Hit	674	4-5/ACHIPROL2.jpg	ACHIPROL2.jpg	SPACE	719	SPACE
1444932333662	0	lts_1015I_07_01	07	01	0	35	0	0	0	CR	MAX	2/AJEEPBOA2.jpg	AJEEPBOA2.jpg	NOKEY	MAX	NOKEY
1444932336738	0	lts_1015I_07_01	07	01	0	36	0	0	0	CR	MAX	128/jumpmattress.jpg	jumpmattress.jpg	NOKEY	MAX	NOKEY
1444932337741	0	lts_1015I_07_01	07	01	0	37	2	1	1	Hit	529	2-12/AJEEPBOA2.jpg	AJEEPBOA2.jpg	SPACE	570	SPACE
1444932338811	0	lts_1015I_07_01	07	01	0	38	0	0	1	FA	593	2/ferrywheeltoy.jpg	ferrywheeltoy.jpg	SPACE	636	NOKEY
1444932341887	0	lts_1015I_07_01	07	01	0	39	0	0	0	CR	MAX	FJVWL.jpg	FJVWL.jpg	NOKEY	MAX	NOKEY
1444932343058	0	lts_1015I_07_01	07	01	0	40	2	1	1	Hit	696	2-8/ferrywheeltoy.jpg	ferrywheeltoy.jpg	SPACE	736	SPACE
1444932346151	0	lts_1015I_07_01	07	01	0	41	0	0	0	CR	MAX	Acase2.jpg	Acase2.jpg	NOKEY	MAX	NOKEY
1444932347254	0	lts_1015I_07_01	07	01	0	42	32	1	1	Hit	633	32-1/Aantelopesku5.jpg	Aantelopesku5.jpg	SPACE	668	SPACE
1444932350330	0	lts_1015I_07_01	07	01	0	43	0	0	0	CR	MAX	cheesies.jpg	cheesies.jpg	NOKEY	MAX	NOKEY
1444932353406	0	lts_1015I_07_01	07	01	0	44	0	0	0	CR	MAX	16/ABROWNBAG.jpg	ABROWNBAG.jpg	NOKEY	MAX	NOKEY
1444932356482	0	lts_1015I_07_01	07	01	0	45	0	0	0	CR	MAX	AMODELSA4.jpg	AMODELSA4.jpg	NOKEY	MAX	NOKEY
1444932359558	0	lts_1015I_07_01	07	01	0	46	0	0	0	CR	MAX	128/8019781.thl.jpg	8019781.thl.jpg	NOKEY	MAX	NOKEY
1444932362633	0	lts_1015I_07_01	07	01	0	47	0	0	0	CR	MAX	1/26686595.thl.jpg	26686595.thl.jpg	NOKEY	MAX	NOKEY
1444932363620	0	lts_1015I_07_01	07	01	0	48	1	1	1	Hit	508	1-14/26686595.thl.jpg	26686595.thl.jpg	SPACE	553	SPACE
1444932366696	0	lts_1015I_07_01	07	01	0	49	0	0	0	CR	MAX	64/Acrackersandc.jpg	Acrackersandc.jpg	NOKEY	MAX	NOKEY
1444932369772	0	lts_1015I_07_01	07	01	0	50	0	0	0	CR	MAX	ACLOGOPE3.jpg	ACLOGOPE3.jpg	NOKEY	MAX	NOKEY
1444932372848	0	lts_1015I_07_01	07	01	0	51	0	0	0	CR	MAX	1/Ajug158.jpg	Ajug158.jpg	NOKEY	MAX	NOKEY
1444932373784	0	lts_1015I_07_01	07	01	0	52	1	1	1	Hit	460	1-13/Ajug158.jpg	Ajug158.jpg	SPACE	503	SPACE
1444932376877	0	lts_1015I_07_01	07	01	0	53	0	0	0	CR	MAX	22949719.thl.jpg	22949719.thl.jpg	NOKEY	MAX	NOKEY
1444932379953	0	lts_1015I_07_01	07	01	0	54	0	0	0	CR	MAX	Aadvcalen.jpg	Aadvcalen.jpg	NOKEY	MAX	NOKEY
1444932383030	0	lts_1015I_07_01	07	01	0	55	0	0	0	CR	MAX	1/26387690.thl.jpg	26387690.thl.jpg	NOKEY	MAX	NOKEY
1444932384066	0	lts_1015I_07_01	07	01	0	56	1	1	1	Hit	561	1-7/26387690.thl.jpg	26387690.thl.jpg	SPACE	600	SPACE
1444932387143	0	lts_1015I_07_01	07	01	0	57	0	0	0	CR	MAX	ASHRIMP3.jpg	ASHRIMP3.jpg	NOKEY	MAX	NOKEY
1444932390219	0	lts_1015I_07_01	07	01	0	58	0	0	0	CR	MAX	4/8029703.thl.jpg	8029703.thl.jpg	NOKEY	MAX	NOKEY
1444932393295	0	lts_1015I_07_01	07	01	0	59	0	0	0	CR	MAX	26685596.thl.jpg	26685596.thl.jpg	NOKEY	MAX	NOKEY
1444932394214	0	lts_1015I_07_01	07	01	0	60	16	1	1	Hit	440	16-0/ABROWNBAG.jpg	ABROWNBAG.jpg	SPACE	484	SPACE
1444932397290	0	lts_1015I_07_01	07	01	0	61	0	0	0	CR	MAX	ABOTTLE19.jpg	ABOTTLE19.jpg	NOKEY	MAX	NOKEY
1444932398327	0	lts_1015I_07_01	07	01	0	62	4	1	1	Hit	553	4-9/8029703.thl.jpg	8029703.thl.jpg	SPACE	601	SPACE
1444932401403	0	lts_1015I_07_01	07	01	0	63	0	0	0	CR	MAX	1/AARTOOTH2.jpg	AARTOOTH2.jpg	NOKEY	MAX	NOKEY
1444932402306	0	lts_1015I_07_01	07	01	0	64	1	1	1	Hit	431	1-8/AARTOOTH2.jpg	AARTOOTH2.jpg	SPACE	467	SPACE
1444932405382	0	lts_1015I_07_01	07	01	0	65	0	0	0	CR	MAX	AOSTRICH2.jpg	AOSTRICH2.jpg	NOKEY	MAX	NOKEY
1444932408474	0	lts_1015I_07_01	07	01	0	66	0	0	0	CR	MAX	4/knife01.jpg	knife01.jpg	NOKEY	MAX	NOKEY
1444932411550	0	lts_1015I_07_01	07	01	0	67	0	0	0	CR	MAX	Acabinetwithm.jpg	Acabinetwithm.jpg	NOKEY	MAX	NOKEY
1444932414626	0	lts_1015I_07_01	07	01	0	68	0	0	0	CR	MAX	ACUSHIO12.jpg	ACUSHIO12.jpg	NOKEY	MAX	NOKEY
1444932417702	0	lts_1015I_07_01	07	01	0	69	0	0	0	CR	MAX	4/ABROOCH52.jpg	ABROOCH52.jpg	NOKEY	MAX	NOKEY
1444932418755	0	lts_1015I_07_01	07	01	0	70	4	1	1	Hit	580	4-1/knife01.jpg	knife01.jpg	SPACE	620	SPACE
1444932421831	0	lts_1015I_07_01	07	01	0	71	0	0	0	CR	MAX	AHEATER3.jpg	AHEATER3.jpg	NOKEY	MAX	NOKEY
1444932424907	0	lts_1015I_07_01	07	01	0	72	0	0	0	CR	MAX	26388148.thl.jpg	26388148.thl.jpg	NOKEY	MAX	NOKEY
1444932425877	0	lts_1015I_07_01	07	01	0	73	4	1	1	Hit	497	4-10/ABROOCH52.jpg	ABROOCH52.jpg	SPACE	535	SPACE
1444932428953	0	lts_1015I_07_01	07	01	0	74	0	0	0	CR	MAX	Apeddleboat3.jpg	Apeddleboat3.jpg	NOKEY	MAX	NOKEY
1444932430274	0	lts_1015I_07_01	07	01	0	75	0	0	1	FA	848	ARUSSDO13.jpg	ARUSSDO13.jpg	SPACE	886	NOKEY
1444932433350	0	lts_1015I_07_01	07	01	0	76	0	0	0	CR	MAX	64/AMEAT2.jpg	AMEAT2.jpg	NOKEY	MAX	NOKEY
1444932436427	0	lts_1015I_07_01	07	01	0	77	0	0	0	CR	MAX	ASWANWHIT.jpg	ASWANWHIT.jpg	NOKEY	MAX	NOKEY
1444932437513	0	lts_1015I_07_01	07	01	0	78	64	1	1	Hit	616	64-first/Atrafficsign2.jpg	Atrafficsign2.jpg	SPACE	652	SPACE
1444932440589	0	lts_1015I_07_01	07	01	0	79	0	0	0	CR	MAX	AGREENPEP.jpg	AGREENPEP.jpg	NOKEY	MAX	NOKEY
1444932443664	0	lts_1015I_07_01	07	01	0	80	0	0	0	CR	MAX	Abonnet12.jpg	Abonnet12.jpg	NOKEY	MAX	NOKEY
1444932446757	0	lts_1015I_07_01	07	01	0	81	0	0	0	CR	MAX	Acamera101.jpg	Acamera101.jpg	NOKEY	MAX	NOKEY
1444932449833	0	lts_1015I_07_01	07	01	0	82	0	0	0	CR	MAX	Afoodproces22.jpg	Afoodproces22.jpg	NOKEY	MAX	NOKEY
1444932452909	0	lts_1015I_07_01	07	01	0	83	0	0	0	CR	MAX	64/securitycamera.jpg	securitycamera.jpg	NOKEY	MAX	NOKEY
1444932455985	0	lts_1015I_07_01	07	01	0	84	0	0	0	CR	MAX	Abananasundae.jpg	Abananasundae.jpg	NOKEY	MAX	NOKEY
1444932459062	0	lts_1015I_07_01	07	01	0	85	0	0	0	CR	MAX	1/grenade.jpg	grenade.jpg	NOKEY	MAX	NOKEY
1444932459998	0	lts_1015I_07_01	07	01	0	86	1	1	1	Hit	451	1-3/grenade.jpg	grenade.jpg	SPACE	501	SPACE
1444932463075	0	lts_1015I_07_01	07	01	0	87	0	0	0	CR	MAX	mouse-a.jpg	mouse-a.jpg	NOKEY	MAX	NOKEY
1444932466151	0	lts_1015I_07_01	07	01	0	88	0	0	0	CR	MAX	ACOUNTING.jpg	ACOUNTING.jpg	NOKEY	MAX	NOKEY
1444932467371	0	lts_1015I_07_01	07	01	0	89	64	1	1	Hit	738	64-first/23060574.thl.jpg	23060574.thl.jpg	SPACE	785	SPACE
1444932470447	0	lts_1015I_07_01	07	01	0	90	0	0	0	CR	MAX	origami.jpg	origami.jpg	NOKEY	MAX	NOKEY
1444932471800	0	lts_1015I_07_01	07	01	0	91	2	1	1	Hit	880	2-mul/23060574.thl.jpg	23060574.thl.jpg	SPACE	919	SPACE
1444932474893	0	lts_1015I_07_01	07	01	0	92	0	0	0	CR	MAX	4/Apartyha3.jpg	Apartyha3.jpg	NOKEY	MAX	NOKEY
1444932477969	0	lts_1015I_07_01	07	01	0	93	0	0	0	CR	MAX	AFILM.jpg	AFILM.jpg	NOKEY	MAX	NOKEY
1444932478955	0	lts_1015I_07_01	07	01	0	94	16	1	1	Hit	501	16-mul/Atrafficsign2.jpg	Atrafficsign2.jpg	SPACE	552	SPACE
1444932482032	0	lts_1015I_07_01	07	01	0	95	0	0	0	CR	MAX	8/outdoorheater.jpg	outdoorheater.jpg	NOKEY	MAX	NOKEY
1444932483102	0	lts_1015I_07_01	07	01	0	96	4	1	1	Hit	596	4-2/Apartyha3.jpg	Apartyha3.jpg	SPACE	634	SPACE
1444932486178	0	lts_1015I_07_01	07	01	0	97	0	0	0	CR	MAX	2/Alatch7.jpg	Alatch7.jpg	NOKEY	MAX	NOKEY
1444932487365	0	lts_1015I_07_01	07	01	0	98	0	0	1	FA	705	22921112.thl.jpg	22921112.thl.jpg	SPACE	751	NOKEY
1444932488452	0	lts_1015I_07_01	07	01	0	99	2	1	1	Hit	612	2-9/Alatch7.jpg	Alatch7.jpg	SPACE	652	SPACE
1444932491528	0	lts_1015I_07_01	07	01	0	100	0	0	0	CR	MAX	AWEDCOU19.jpg	AWEDCOU19.jpg	NOKEY	MAX	NOKEY
1444932494604	0	lts_1015I_07_01	07	01	0	101	0	0	0	CR	MAX	ADIPPER6.jpg	ADIPPER6.jpg	NOKEY	MAX	NOKEY
1444932497679	0	lts_1015I_07_01	07	01	0	102	0	0	0	CR	MAX	Arubberworksh.jpg	Arubberworksh.jpg	NOKEY	MAX	NOKEY
1444932498850	0	lts_1015I_07_01	07	01	0	103	8	1	1	Hit	691	8-first/outdoorheater.jpg	outdoorheater.jpg	SPACE	736	SPACE
1444932501926	0	lts_1015I_07_01	07	01	0	104	0	0	0	CR	MAX	26419689.thl.jpg	26419689.thl.jpg	NOKEY	MAX	NOKEY
1444932502945	0	lts_1015I_07_01	07	01	0	105	2	1	1	Hit	548	2-mul/outdoorheater.jpg	outdoorheater.jpg	SPACE	586	SPACE
1444932506022	0	lts_1015I_07_01	07	01	0	106	0	0	0	CR	MAX	Atool120.jpg	Atool120.jpg	NOKEY	MAX	NOKEY
1444932509115	0	lts_1015I_07_01	07	01	0	107	0	0	0	CR	MAX	1/Apyramid3.jpg	Apyramid3.jpg	NOKEY	MAX	NOKEY
1444932510035	0	lts_1015I_07_01	07	01	0	108	1	1	1	Hit	437	1-12/Apyramid3.jpg	Apyramid3.jpg	SPACE	484	SPACE
1444932511289	0	lts_1015I_07_01	07	01	0	109	0	0	1	FA	780	128/8058011.thl.jpg	8058011.thl.jpg	SPACE	818	NOKEY
1444932514365	0	lts_1015I_07_01	07	01	0	110	0	0	0	CR	MAX	Acomputerkey2.jpg	Acomputerkey2.jpg	NOKEY	MAX	NOKEY
1444932517441	0	lts_1015I_07_01	07	01	0	111	0	0	0	CR	MAX	AASPHALT.jpg	AASPHALT.jpg	NOKEY	MAX	NOKEY
1444932520517	0	lts_1015I_07_01	07	01	0	112	0	0	0	CR	MAX	8059226.thl.jpg	8059226.thl.jpg	NOKEY	MAX	NOKEY
1444932521686	0	lts_1015I_07_01	07	01	0	113	64	1	1	Hit	699	64-first/Acrackersandc.jpg	Acrackersandc.jpg	SPACE	736	SPACE
1444932524762	0	lts_1015I_07_01	07	01	0	114	0	0	0	CR	MAX	26421538.thl.jpg	26421538.thl.jpg	NOKEY	MAX	NOKEY
1444932527838	0	lts_1015I_07_01	07	01	0	115	0	0	0	CR	MAX	Aleaf74.jpg	Aleaf74.jpg	NOKEY	MAX	NOKEY
1444932530914	0	lts_1015I_07_01	07	01	0	116	0	0	0	CR	MAX	8/AELEPHAN7.jpg	AELEPHAN7.jpg	NOKEY	MAX	NOKEY
1444932532085	0	lts_1015I_07_01	07	01	0	117	4	1	1	Hit	695	4-mul/Acrackersandc.jpg	Acrackersandc.jpg	SPACE	735	SPACE
1444932535162	0	lts_1015I_07_01	07	01	0	118	0	0	0	CR	MAX	AANTRAD24.jpg	AANTRAD24.jpg	NOKEY	MAX	NOKEY
1444932538238	0	lts_1015I_07_01	07	01	0	119	0	0	0	CR	MAX	8/8077486.thl.jpg	8077486.thl.jpg	NOKEY	MAX	NOKEY
1444932541330	0	lts_1015I_07_01	07	01	0	120	0	0	0	CR	MAX	ASTOOL.jpg	ASTOOL.jpg	NOKEY	MAX	NOKEY
1444932544406	0	lts_1015I_07_01	07	01	0	121	0	0	0	CR	MAX	hulk.jpg	hulk.jpg	NOKEY	MAX	NOKEY
1444932547482	0	lts_1015I_07_01	07	01	0	122	0	0	0	CR	MAX	AVACUUM4.jpg	AVACUUM4.jpg	NOKEY	MAX	NOKEY
1444932550675	0	lts_1015I_07_01	07	01	0	123	0	0	0	CR	MAX	Acactusplant.jpg	Acactusplant.jpg	NOKEY	MAX	NOKEY
1444932551878	0	lts_1015I_07_01	07	01	0	124	8	1	1	Hit	726	8-1/AELEPHAN7.jpg	AELEPHAN7.jpg	SPACE	770	SPACE
1444932554954	0	lts_1015I_07_01	07	01	0	125	0	0	0	CR	MAX	basketball.JPG	basketball.JPG	NOKEY	MAX	NOKEY
1444932558098	0	lts_1015I_07_01	07	01	0	126	0	0	0	CR	MAX	battery.jpg	battery.jpg	NOKEY	MAX	NOKEY
1444932559385	0	lts_1015I_07_01	07	01	0	127	8	1	1	Hit	809	8-first/8077486.thl.jpg	8077486.thl.jpg	SPACE	851	SPACE
1444932562462	0	lts_1015I_07_01	07	01	0	128	0	0	0	CR	MAX	Amagnifyinglo.jpg	Amagnifyinglo.jpg	NOKEY	MAX	NOKEY
1444932565538	0	lts_1015I_07_01	07	01	0	129	0	0	0	CR	MAX	Abooties4.jpg	Abooties4.jpg	NOKEY	MAX	NOKEY
1444932568613	0	lts_1015I_07_01	07	01	0	130	0	0	0	CR	MAX	Abreakpl2.jpg	Abreakpl2.jpg	NOKEY	MAX	NOKEY
1444932569649	0	lts_1015I_07_01	07	01	0	131	4	1	1	Hit	560	4-mul/8077486.thl.jpg	8077486.thl.jpg	SPACE	603	SPACE
1444932572725	0	lts_1015I_07_01	07	01	0	132	0	0	0	CR	MAX	ACURLINGI.jpg	ACURLINGI.jpg	NOKEY	MAX	NOKEY
1444932575801	0	lts_1015I_07_01	07	01	0	133	0	0	0	CR	MAX	2/Amistingwate3.jpg	Amistingwate3.jpg	NOKEY	MAX	NOKEY
1444932578877	0	lts_1015I_07_01	07	01	0	134	0	0	0	CR	MAX	baseballbat04.jpg	baseballbat04.jpg	NOKEY	MAX	NOKEY
1444932579931	0	lts_1015I_07_01	07	01	0	135	2	1	1	Hit	579	2-4/Amistingwate3.jpg	Amistingwate3.jpg	SPACE	619	SPACE
1444932583008	0	lts_1015I_07_01	07	01	0	136	0	0	0	CR	MAX	AFRENCHF2.jpg	AFRENCHF2.jpg	NOKEY	MAX	NOKEY
1444932586084	0	lts_1015I_07_01	07	01	0	137	0	0	0	CR	MAX	26466344.thl.jpg	26466344.thl.jpg	NOKEY	MAX	NOKEY
1444932589160	0	lts_1015I_07_01	07	01	0	138	0	0	0	CR	MAX	ARCMPPOL2.jpg	ARCMPPOL2.jpg	NOKEY	MAX	NOKEY
1444932592236	0	lts_1015I_07_01	07	01	0	139	0	0	0	CR	MAX	Atoyhorse2.jpg	Atoyhorse2.jpg	NOKEY	MAX	NOKEY
1444932593289	0	lts_1015I_07_01	07	01	0	140	64	1	1	Hit	580	64-first/AMEAT2.jpg	AMEAT2.jpg	SPACE	618	SPACE
1444932596365	0	lts_1015I_07_01	07	01	0	141	0	0	0	CR	MAX	ATELEBO13.jpg	ATELEBO13.jpg	NOKEY	MAX	NOKEY
1444932597452	0	lts_1015I_07_01	07	01	0	142	2	1	1	Hit	613	2-mul/AMEAT2.jpg	AMEAT2.jpg	SPACE	652	SPACE
1444932600545	0	lts_1015I_07_01	07	01	0	143	0	0	0	CR	MAX	Adigitalcamer.jpg	Adigitalcamer.jpg	NOKEY	MAX	NOKEY
1444932603620	0	lts_1015I_07_01	07	01	0	144	0	0	0	CR	MAX	1/seasponge.jpg	seasponge.jpg	NOKEY	MAX	NOKEY
1444932604590	0	lts_1015I_07_01	07	01	0	145	1	1	1	Hit	486	1-0/seasponge.jpg	seasponge.jpg	SPACE	536	SPACE
1444932607665	0	lts_1015I_07_01	07	01	0	146	0	0	0	CR	MAX	AWHISTLE4.jpg	AWHISTLE4.jpg	NOKEY	MAX	NOKEY
1444932608752	0	lts_1015I_07_01	07	01	0	147	64	1	1	Hit	611	64-first/securitycamera.jpg	securitycamera.jpg	SPACE	653	SPACE
1444932611828	0	lts_1015I_07_01	07	01	0	148	0	0	0	CR	MAX	8/AWOODPIN.jpg	AWOODPIN.jpg	NOKEY	MAX	NOKEY
1444932614904	0	lts_1015I_07_01	07	01	0	149	0	0	0	CR	MAX	ABUDDHA18.jpg	ABUDDHA18.jpg	NOKEY	MAX	NOKEY
1444932617980	0	lts_1015I_07_01	07	01	0	150	0	0	0	CR	MAX	26439074.thl.jpg	26439074.thl.jpg	NOKEY	MAX	NOKEY
1444932618967	0	lts_1015I_07_01	07	01	0	151	4	1	1	Hit	512	4-mul/securitycamera.jpg	securitycamera.jpg	SPACE	552	SPACE
1444932622060	0	lts_1015I_07_01	07	01	0	152	0	0	0	CR	MAX	1/23014831.thl.jpg	23014831.thl.jpg	NOKEY	MAX	NOKEY
1444932623080	0	lts_1015I_07_01	07	01	0	153	1	1	1	Hit	535	1-10/23014831.thl.jpg	23014831.thl.jpg	SPACE	584	SPACE
1444932626156	0	lts_1015I_07_01	07	01	0	154	0	0	0	CR	MAX	8/AOLDLIFE3.jpg	AOLDLIFE3.jpg	NOKEY	MAX	NOKEY
1444932629232	0	lts_1015I_07_01	07	01	0	155	0	0	0	CR	MAX	greenbeans.jpg	greenbeans.jpg	NOKEY	MAX	NOKEY
1444932630336	0	lts_1015I_07_01	07	01	0	156	8	1	1	Hit	618	8-first/AWOODPIN.jpg	AWOODPIN.jpg	SPACE	668	SPACE
1444932633412	0	lts_1015I_07_01	07	01	0	157	0	0	0	CR	MAX	10049566.thl.jpg	10049566.thl.jpg	NOKEY	MAX	NOKEY
1444932636488	0	lts_1015I_07_01	07	01	0	158	0	0	0	CR	MAX	Acomputerbag.jpg	Acomputerbag.jpg	NOKEY	MAX	NOKEY
1444932639564	0	lts_1015I_07_01	07	01	0	159	0	0	0	CR	MAX	Ahat47.jpg	Ahat47.jpg	NOKEY	MAX	NOKEY
1444932640500	0	lts_1015I_07_01	07	01	0	160	4	1	1	Hit	462	4-mul/AWOODPIN.jpg	AWOODPIN.jpg	SPACE	502	SPACE
1444932643576	0	lts_1015I_07_01	07	01	0	161	0	0	0	CR	MAX	AROCKSHO2.jpg	AROCKSHO2.jpg	NOKEY	MAX	NOKEY
1444932644695	0	lts_1015I_07_01	07	01	0	162	8	1	1	Hit	642	8-first/AOLDLIFE3.jpg	AOLDLIFE3.jpg	SPACE	685	SPACE
1444932647771	0	lts_1015I_07_01	07	01	0	163	0	0	0	CR	MAX	32/22911500.thl.jpg	22911500.thl.jpg	NOKEY	MAX	NOKEY
1444932650847	0	lts_1015I_07_01	07	01	0	164	128	1	0	Miss	MAX	128-3/jumpmattress.jpg	jumpmattress.jpg	NOKEY	MAX	SPACE
1444932653923	0	lts_1015I_07_01	07	01	0	165	0	0	0	CR	MAX	128/26387587.thl.jpg	26387587.thl.jpg	NOKEY	MAX	NOKEY
1444932657000	0	lts_1015I_07_01	07	01	0	166	0	0	0	CR	MAX	Acompass18.jpg	Acompass18.jpg	NOKEY	MAX	NOKEY
1444932660093	0	lts_1015I_07_01	07	01	0	167	0	0	0	CR	MAX	Abasket108.jpg	Abasket108.jpg	NOKEY	MAX	NOKEY
1444932663169	0	lts_1015I_07_01	07	01	0	168	0	0	0	CR	MAX	AANTCABL2.jpg	AANTCABL2.jpg	NOKEY	MAX	NOKEY
1444932666245	0	lts_1015I_07_01	07	01	0	169	0	0	0	CR	MAX	2/Alighter12.jpg	Alighter12.jpg	NOKEY	MAX	NOKEY
1444932669321	0	lts_1015I_07_01	07	01	0	170	0	0	0	CR	MAX	Aexercisemac4.jpg	Aexercisemac4.jpg	NOKEY	MAX	NOKEY
1444932670492	0	lts_1015I_07_01	07	01	0	171	2	1	1	Hit	685	2-10/Alighter12.jpg	Alighter12.jpg	SPACE	735	SPACE
1444932673568	0	lts_1015I_07_01	07	01	0	172	0	0	0	CR	MAX	16/Acrayonsinabo.jpg	Acrayonsinabo.jpg	NOKEY	MAX	NOKEY
1444932676643	0	lts_1015I_07_01	07	01	0	173	0	0	0	CR	MAX	Ajewisho2.jpg	Ajewisho2.jpg	NOKEY	MAX	NOKEY
1444932679719	0	lts_1015I_07_01	07	01	0	174	128	1	0	Miss	MAX	128-6/8019781.thl.jpg	8019781.thl.jpg	NOKEY	MAX	SPACE
1444932682812	0	lts_1015I_07_01	07	01	0	175	0	0	0	CR	MAX	64/26421070.thl.jpg	26421070.thl.jpg	NOKEY	MAX	NOKEY
1444932685888	0	lts_1015I_07_01	07	01	0	176	0	0	0	CR	MAX	Akazoo2.jpg	Akazoo2.jpg	NOKEY	MAX	NOKEY
1444932688964	0	lts_1015I_07_01	07	01	0	177	0	0	0	CR	MAX	ASADDLE2.jpg	ASADDLE2.jpg	NOKEY	MAX	NOKEY
1444932690352	0	lts_1015I_07_01	07	01	0	178	16	1	1	Hit	905	16-mul/AOLDLIFE3.jpg	AOLDLIFE3.jpg	SPACE	953	SPACE
1444932693428	0	lts_1015I_07_01	07	01	0	179	0	0	0	CR	MAX	2/Awoodenegg.jpg	Awoodenegg.jpg	NOKEY	MAX	NOKEY
1444932696504	0	lts_1015I_07_01	07	01	0	180	0	0	0	CR	MAX	funlamp.jpg	funlamp.jpg	NOKEY	MAX	NOKEY
1444932697574	0	lts_1015I_07_01	07	01	0	181	2	1	1	Hit	591	2-2/Awoodenegg.jpg	Awoodenegg.jpg	SPACE	635	SPACE
1444932700649	0	lts_1015I_07_01	07	01	0	182	0	0	0	CR	MAX	APETROL2.jpg	APETROL2.jpg	NOKEY	MAX	NOKEY
1444932703726	0	lts_1015I_07_01	07	01	0	183	0	0	0	CR	MAX	1/26545643.thl.jpg	26545643.thl.jpg	NOKEY	MAX	NOKEY
1444932704779	0	lts_1015I_07_01	07	01	0	184	1	1	1	Hit	572	1-1/26545643.thl.jpg	26545643.thl.jpg	SPACE	620	SPACE
1444932707872	0	lts_1015I_07_01	07	01	0	185	0	0	0	CR	MAX	AGLASSBA4.jpg	AGLASSBA4.jpg	NOKEY	MAX	NOKEY
1444932710948	0	lts_1015I_07_01	07	01	0	186	0	0	0	CR	MAX	64/8074514.thl.jpg	8074514.thl.jpg	NOKEY	MAX	NOKEY
1444932714025	0	lts_1015I_07_01	07	01	0	187	0	0	0	CR	MAX	footballhelmet.jpg	footballhelmet.jpg	NOKEY	MAX	NOKEY
1444932715011	0	lts_1015I_07_01	07	01	0	188	16	1	1	Hit	515	16-first/Acrayonsinabo.jpg	Acrayonsinabo.jpg	SPACE	552	SPACE
1444932718087	0	lts_1015I_07_01	07	01	0	189	0	0	0	CR	MAX	Apump4.jpg	Apump4.jpg	NOKEY	MAX	NOKEY
1444932719040	0	lts_1015I_07_01	07	01	0	190	2	1	1	Hit	482	2-mul/Acrayonsinabo.jpg	Acrayonsinabo.jpg	SPACE	517	SPACE
1444932722116	0	lts_1015I_07_01	07	01	0	191	0	0	0	CR	MAX	E_statue.jpg	E_statue.jpg	NOKEY	MAX	NOKEY
1444932725192	0	lts_1015I_07_01	07	01	0	192	0	0	0	CR	MAX	AROCKET11.jpg	AROCKET11.jpg	NOKEY	MAX	NOKEY
1444932728268	0	lts_1015I_07_01	07	01	0	193	0	0	0	CR	MAX	128/ATHERMO4.jpg	ATHERMO4.jpg	NOKEY	MAX	NOKEY
1444932731344	0	lts_1015I_07_01	07	01	0	194	0	0	0	CR	MAX	26440073.thl.jpg	26440073.thl.jpg	NOKEY	MAX	NOKEY
1444932732364	0	lts_1015I_07_01	07	01	0	195	32	1	1	Hit	540	32-8/22911500.thl.jpg	22911500.thl.jpg	SPACE	584	SPACE
1444932735440	0	lts_1015I_07_01	07	01	0	196	0	0	0	CR	MAX	128/Aoilcan11.jpg	Aoilcan11.jpg	NOKEY	MAX	NOKEY
1444932738516	0	lts_1015I_07_01	07	01	0	197	0	0	0	CR	MAX	ABLUBLOTT.jpg	ABLUBLOTT.jpg	NOKEY	MAX	NOKEY
1444932741592	0	lts_1015I_07_01	07	01	0	198	0	0	0	CR	MAX	128/ABROOCH41.jpg	ABROOCH41.jpg	NOKEY	MAX	NOKEY
1444932744667	0	lts_1015I_07_01	07	01	0	199	0	0	0	CR	MAX	ACLARINE5.jpg	ACLARINE5.jpg	NOKEY	MAX	NOKEY
1444932747743	0	lts_1015I_07_01	07	01	0	200	0	0	0	CR	MAX	4/Ametalstool2.jpg	Ametalstool2.jpg	NOKEY	MAX	NOKEY
1444932750819	0	lts_1015I_07_01	07	01	0	201	0	0	0	CR	MAX	8/Alipstick3.jpg	Alipstick3.jpg	NOKEY	MAX	NOKEY
1444932753895	0	lts_1015I_07_01	07	01	0	202	0	0	0	CR	MAX	AANGLEME2.jpg	AANGLEME2.jpg	NOKEY	MAX	NOKEY
1444932756972	0	lts_1015I_07_01	07	01	0	203	0	0	0	CR	MAX	pingpongtable.jpg	pingpongtable.jpg	NOKEY	MAX	NOKEY
1444932758126	0	lts_1015I_07_01	07	01	0	204	4	1	1	Hit	680	4-12/Ametalstool2.jpg	Ametalstool2.jpg	SPACE	719	SPACE
1444932761202	0	lts_1015I_07_01	07	01	0	205	0	0	0	CR	MAX	cigarette03.jpg	cigarette03.jpg	NOKEY	MAX	NOKEY
1444932764295	0	lts_1015I_07_01	07	01	0	206	0	0	0	CR	MAX	AAGATE.jpg	AAGATE.jpg	NOKEY	MAX	NOKEY
1444932767371	0	lts_1015I_07_01	07	01	0	207	0	0	0	CR	MAX	Aceramichous2.jpg	Aceramichous2.jpg	NOKEY	MAX	NOKEY
1444932770447	0	lts_1015I_07_01	07	01	0	208	0	0	0	CR	MAX	ABAMBCHAI.jpg	ABAMBCHAI.jpg	NOKEY	MAX	NOKEY
1444932771450	0	lts_1015I_07_01	07	01	0	209	8	1	1	Hit	532	8-first/Alipstick3.jpg	Alipstick3.jpg	SPACE	568	SPACE
1444932774526	0	lts_1015I_07_01	07	01	0	210	0	0	0	CR	MAX	ACHINBRB4.jpg	ACHINBRB4.jpg	NOKEY	MAX	NOKEY
1444932777602	0	lts_1015I_07_01	07	01	0	211	0	0	0	CR	MAX	AMECHHAN3.jpg	AMECHHAN3.jpg	NOKEY	MAX	NOKEY
1444932780677	0	lts_1015I_07_01	07	01	0	212	0	0	0	CR	MAX	AMETSCULP.jpg	AMETSCULP.jpg	NOKEY	MAX	NOKEY
1444932783753	0	lts_1015I_07_01	07	01	0	213	0	0	0	CR	MAX	26370681.thl.jpg	26370681.thl.jpg	NOKEY	MAX	NOKEY
1444932786829	0	lts_1015I_07_01	07	01	0	214	0	0	0	CR	MAX	32/ABUSINEST.jpg	ABUSINEST.jpg	NOKEY	MAX	NOKEY
1444932789905	0	lts_1015I_07_01	07	01	0	215	0	0	0	CR	MAX	16/bait04.jpg	bait04.jpg	NOKEY	MAX	NOKEY
1444932792982	0	lts_1015I_07_01	07	01	0	216	0	0	0	CR	MAX	Ajar33.jpg	Ajar33.jpg	NOKEY	MAX	NOKEY
1444932796059	0	lts_1015I_07_01	07	01	0	217	0	0	0	CR	MAX	1/Aspraybottle4.jpg	Aspraybottle4.jpg	NOKEY	MAX	NOKEY
1444932797195	0	lts_1015I_07_01	07	01	0	218	1	1	1	Hit	650	1-4/Aspraybottle4.jpg	Aspraybottle4.jpg	SPACE	701	SPACE
1444932800272	0	lts_1015I_07_01	07	01	0	219	0	0	0	CR	MAX	1/26392651.thl.jpg	26392651.thl.jpg	NOKEY	MAX	NOKEY
1444932801141	0	lts_1015I_07_01	07	01	0	220	1	1	1	Hit	382	1-5/26392651.thl.jpg	26392651.thl.jpg	SPACE	434	SPACE
1444932804217	0	lts_1015I_07_01	07	01	0	221	0	0	0	CR	MAX	Abicycleglove.jpg	Abicycleglove.jpg	NOKEY	MAX	NOKEY
1444932807293	0	lts_1015I_07_01	07	01	0	222	0	0	0	CR	MAX	8248852.thl.jpg	8248852.thl.jpg	NOKEY	MAX	NOKEY
1444932810369	0	lts_1015I_07_01	07	01	0	223	0	0	0	CR	MAX	Atotemp10.jpg	Atotemp10.jpg	NOKEY	MAX	NOKEY
1444932813445	0	lts_1015I_07_01	07	01	0	224	0	0	0	CR	MAX	Acup29.jpg	Acup29.jpg	NOKEY	MAX	NOKEY
1444932814398	0	lts_1015I_07_01	07	01	0	225	16	1	1	Hit	470	16-mul/Alipstick3.jpg	Alipstick3.jpg	SPACE	517	SPACE
1444932817474	0	lts_1015I_07_01	07	01	0	226	0	0	0	CR	MAX	2/Abedspringsam.jpg	Abedspringsam.jpg	NOKEY	MAX	NOKEY
1444932820550	0	lts_1015I_07_01	07	01	0	227	0	0	0	CR	MAX	ATOWRACK3.jpg	ATOWRACK3.jpg	NOKEY	MAX	NOKEY
1444932823625	0	lts_1015I_07_01	07	01	0	228	2	1	0	Miss	MAX	2-0/Abedspringsam.jpg	Abedspringsam.jpg	NOKEY	MAX	SPACE
1444932826718	0	lts_1015I_07_01	07	01	0	229	0	0	0	CR	MAX	AARCHERY.jpg	AARCHERY.jpg	NOKEY	MAX	NOKEY
1444932829794	0	lts_1015I_07_01	07	01	0	230	0	0	0	CR	MAX	Anoisma32.jpg	Anoisma32.jpg	NOKEY	MAX	NOKEY
1444932830931	0	lts_1015I_07_01	07	01	0	231	16	1	1	Hit	664	16-first/bait04.jpg	bait04.jpg	SPACE	703	SPACE
1444932834008	0	lts_1015I_07_01	07	01	0	232	0	0	0	CR	MAX	26431414.thl.jpg	26431414.thl.jpg	NOKEY	MAX	NOKEY
1444932835329	0	lts_1015I_07_01	07	01	0	233	0	0	1	FA	846	APIPE8.jpg	APIPE8.jpg	SPACE	885	NOKEY
1444932838405	0	lts_1015I_07_01	07	01	0	234	0	0	0	CR	MAX	AGRILL3.jpg	AGRILL3.jpg	NOKEY	MAX	NOKEY
1444932839424	0	lts_1015I_07_01	07	01	0	235	4	1	1	Hit	542	4-mul/bait04.jpg	bait04.jpg	SPACE	585	SPACE
1444932842501	0	lts_1015I_07_01	07	01	0	236	0	0	0	CR	MAX	AMETDETE2.jpg	AMETDETE2.jpg	NOKEY	MAX	NOKEY
1444932843737	0	lts_1015I_07_01	07	01	0	237	128	1	1	Hit	755	128-0/8058011.thl.jpg	8058011.thl.jpg	SPACE	803	SPACE
1444932846813	0	lts_1015I_07_01	07	01	0	238	0	0	0	CR	MAX	APARKBENC.jpg	APARKBENC.jpg	NOKEY	MAX	NOKEY
1444932849889	0	lts_1015I_07_01	07	01	0	239	64	1	0	Miss	MAX	64-first/26421070.thl.jpg	26421070.thl.jpg	NOKEY	MAX	SPACE
1444932852965	0	lts_1015I_07_01	07	01	0	240	0	0	0	CR	MAX	Arecyclingbox.jpg	Arecyclingbox.jpg	NOKEY	MAX	NOKEY
1444932856042	0	lts_1015I_07_01	07	01	0	241	0	0	0	CR	MAX	Adog71.jpg	Adog71.jpg	NOKEY	MAX	NOKEY
1444932859118	0	lts_1015I_07_01	07	01	0	242	0	0	0	CR	MAX	Athreeholepu6.jpg	Athreeholepu6.jpg	NOKEY	MAX	NOKEY
1444932860171	0	lts_1015I_07_01	07	01	0	243	4	1	1	Hit	570	4-mul/26421070.thl.jpg	26421070.thl.jpg	SPACE	618	SPACE
1444932863247	0	lts_1015I_07_01	07	01	0	244	0	0	0	CR	MAX	cranemachine.jpg	cranemachine.jpg	NOKEY	MAX	NOKEY
1444932866323	0	lts_1015I_07_01	07	01	0	245	0	0	0	CR	MAX	16/ACOLFILT5.jpg	ACOLFILT5.jpg	NOKEY	MAX	NOKEY
1444932867610	0	lts_1015I_07_01	07	01	0	246	32	1	1	Hit	813	32-7/ABUSINEST.jpg	ABUSINEST.jpg	SPACE	852	SPACE
1444932870686	0	lts_1015I_07_01	07	01	0	247	0	0	0	CR	MAX	AALARMSY5.jpg	AALARMSY5.jpg	NOKEY	MAX	NOKEY
1444932873762	0	lts_1015I_07_01	07	01	0	248	0	0	0	CR	MAX	8/Aframe196.jpg	Aframe196.jpg	NOKEY	MAX	NOKEY
1444932876838	0	lts_1015I_07_01	07	01	0	249	0	0	0	CR	MAX	16/ACOMB11.jpg	ACOMB11.jpg	NOKEY	MAX	NOKEY
1444932878059	0	lts_1015I_07_01	07	01	0	250	64	1	1	Hit	743	64-first/8074514.thl.jpg	8074514.thl.jpg	SPACE	786	SPACE
1444932881135	0	lts_1015I_07_01	07	01	0	251	0	0	0	CR	MAX	22852560.thl.jpg	22852560.thl.jpg	NOKEY	MAX	NOKEY
1444932882088	0	lts_1015I_07_01	07	01	0	252	2	1	1	Hit	481	2-mul/8074514.thl.jpg	8074514.thl.jpg	SPACE	517	SPACE
1444932885164	0	lts_1015I_07_01	07	01	0	253	0	0	0	CR	MAX	Aknife76.jpg	Aknife76.jpg	NOKEY	MAX	NOKEY
1444932888257	0	lts_1015I_07_01	07	01	0	254	0	0	0	CR	MAX	Arockingchai5.jpg	Arockingchai5.jpg	NOKEY	MAX	NOKEY
1444932891333	0	lts_1015I_07_01	07	01	0	255	0	0	0	CR	MAX	AHORSHOE2.jpg	AHORSHOE2.jpg	NOKEY	MAX	NOKEY
1444932892319	0	lts_1015I_07_01	07	01	0	256	8	1	1	Hit	511	8-first/Aframe196.jpg	Aframe196.jpg	SPACE	550	SPACE
1444932895412	0	lts_1015I_07_01	07	01	0	257	0	0	0	CR	MAX	barbwirecoil.jpg	barbwirecoil.jpg	NOKEY	MAX	NOKEY
1444932898488	0	lts_1015I_07_01	07	01	0	258	0	0	0	CR	MAX	pinkhoodie.jpg	pinkhoodie.jpg	NOKEY	MAX	NOKEY
1444932901564	0	lts_1015I_07_01	07	01	0	259	0	0	0	CR	MAX	ABOOTCRA5.jpg	ABOOTCRA5.jpg	NOKEY	MAX	NOKEY
1444932904639	0	lts_1015I_07_01	07	01	0	260	0	0	0	CR	MAX	blackjackcasinotable.jpg	blackjackcasinotable.jpg	NOKEY	MAX	NOKEY
1444932905826	0	lts_1015I_07_01	07	01	0	261	16	1	1	Hit	704	16-first/ACOLFILT5.jpg	ACOLFILT5.jpg	SPACE	753	SPACE
1444932908902	0	lts_1015I_07_01	07	01	0	262	0	0	0	CR	MAX	AFRYPAN7.jpg	AFRYPAN7.jpg	NOKEY	MAX	NOKEY
1444932911979	0	lts_1015I_07_01	07	01	0	263	0	0	0	CR	MAX	16/mriscanner.jpg	mriscanner.jpg	NOKEY	MAX	NOKEY
1444932915056	0	lts_1015I_07_01	07	01	0	264	0	0	0	CR	MAX	AROOSTERP.jpg	AROOSTERP.jpg	NOKEY	MAX	NOKEY
1444932915991	0	lts_1015I_07_01	07	01	0	265	16	1	1	Hit	455	16-first/ACOMB11.jpg	ACOMB11.jpg	SPACE	502	SPACE
1444932919085	0	lts_1015I_07_01	07	01	0	266	0	0	0	CR	MAX	Afilmnegativ2.jpg	Afilmnegativ2.jpg	NOKEY	MAX	NOKEY
1444932922161	0	lts_1015I_07_01	07	01	0	267	0	0	0	CR	MAX	carbattery.jpg	carbattery.jpg	NOKEY	MAX	NOKEY
1444932925237	0	lts_1015I_07_01	07	01	0	268	0	0	0	CR	MAX	16/Abucket51.jpg	Abucket51.jpg	NOKEY	MAX	NOKEY
1444932926206	0	lts_1015I_07_01	07	01	0	269	4	1	1	Hit	499	4-mul/ACOMB11.jpg	ACOMB11.jpg	SPACE	534	SPACE
1444932929282	0	lts_1015I_07_01	07	01	0	270	0	0	0	CR	MAX	32/gumballmachine.jpg	gumballmachine.jpg	NOKEY	MAX	NOKEY
1444932932358	0	lts_1015I_07_01	07	01	0	271	0	0	0	CR	MAX	E_tank.jpg	E_tank.jpg	NOKEY	MAX	NOKEY
1444932933661	0	lts_1015I_07_01	07	01	0	272	16	1	1	Hit	834	16-mul/Aframe196.jpg	Aframe196.jpg	SPACE	869	SPACE
1444932936737	0	lts_1015I_07_01	07	01	0	273	0	0	0	CR	MAX	16/26379647.thl.jpg	26379647.thl.jpg	NOKEY	MAX	NOKEY
1444932939814	0	lts_1015I_07_01	07	01	0	274	0	0	0	CR	MAX	AKNIFECOL.jpg	AKNIFECOL.jpg	NOKEY	MAX	NOKEY
1444932942890	0	lts_1015I_07_01	07	01	0	275	0	0	0	CR	MAX	128/8245207.thl.jpg	8245207.thl.jpg	NOKEY	MAX	NOKEY
1444932945966	0	lts_1015I_07_01	07	01	0	276	0	0	0	CR	MAX	8024597.thl.jpg	8024597.thl.jpg	NOKEY	MAX	NOKEY
1444932946985	0	lts_1015I_07_01	07	01	0	277	16	1	1	Hit	536	16-mul/ACOLFILT5.jpg	ACOLFILT5.jpg	SPACE	586	SPACE
1444932950079	0	lts_1015I_07_01	07	01	0	278	0	0	0	CR	MAX	948_01.jpg	948_01.jpg	NOKEY	MAX	NOKEY
1444932951216	0	lts_1015I_07_01	07	01	0	279	16	1	1	Hit	659	16-first/mriscanner.jpg	mriscanner.jpg	SPACE	701	SPACE
1444932954292	0	lts_1015I_07_01	07	01	0	280	0	0	0	CR	MAX	2/AEMERGLI4.jpg	AEMERGLI4.jpg	NOKEY	MAX	NOKEY
1444932957368	0	lts_1015I_07_01	07	01	0	281	0	0	0	CR	MAX	AHARMONS2.jpg	AHARMONS2.jpg	NOKEY	MAX	NOKEY
1444932958421	0	lts_1015I_07_01	07	01	0	282	2	1	1	Hit	569	2-7/AEMERGLI4.jpg	AEMERGLI4.jpg	SPACE	618	SPACE
1444932961497	0	lts_1015I_07_01	07	01	0	283	0	0	0	CR	MAX	Askirt2.jpg	Askirt2.jpg	NOKEY	MAX	NOKEY
1444932962534	0	lts_1015I_07_01	07	01	0	284	16	1	1	Hit	563	16-1/Abucket51.jpg	Abucket51.jpg	SPACE	602	SPACE
1444932965626	0	lts_1015I_07_01	07	01	0	285	0	0	0	CR	MAX	1/ABULLDOG5.jpg	ABULLDOG5.jpg	NOKEY	MAX	NOKEY
1444932966563	0	lts_1015I_07_01	07	01	0	286	1	1	1	Hit	458	1-2/ABULLDOG5.jpg	ABULLDOG5.jpg	SPACE	503	SPACE
1444932969705	0	lts_1015I_07_01	07	01	0	287	0	0	0	CR	MAX	26426317.thl.jpg	26426317.thl.jpg	NOKEY	MAX	NOKEY
1444932972781	0	lts_1015I_07_01	07	01	0	288	0	0	0	CR	MAX	8080484.thl.jpg	8080484.thl.jpg	NOKEY	MAX	NOKEY
1444932973784	0	lts_1015I_07_01	07	01	0	289	16	1	1	Hit	530	16-first/26379647.thl.jpg	26379647.thl.jpg	SPACE	570	SPACE
1444932976860	0	lts_1015I_07_01	07	01	0	290	0	0	0	CR	MAX	igloo.jpg	igloo.jpg	NOKEY	MAX	NOKEY
1444932977897	0	lts_1015I_07_01	07	01	0	291	2	1	1	Hit	562	2-mul/26379647.thl.jpg	26379647.thl.jpg	SPACE	602	SPACE
1444932980973	0	lts_1015I_07_01	07	01	0	292	0	0	0	CR	MAX	26424087.thl.jpg	26424087.thl.jpg	NOKEY	MAX	NOKEY
1444932984050	0	lts_1015I_07_01	07	01	0	293	128	1	0	Miss	MAX	128-2/26387587.thl.jpg	26387587.thl.jpg	NOKEY	MAX	SPACE
1444932987126	0	lts_1015I_07_01	07	01	0	294	0	0	0	CR	MAX	ABARBCHA3.jpg	ABARBCHA3.jpg	NOKEY	MAX	NOKEY
1444932988246	0	lts_1015I_07_01	07	01	0	295	16	1	1	Hit	647	16-mul/mriscanner.jpg	mriscanner.jpg	SPACE	685	SPACE
1444932991322	0	lts_1015I_07_01	07	01	0	296	0	0	0	CR	MAX	26379612.thl.jpg	26379612.thl.jpg	NOKEY	MAX	NOKEY
1444932994415	0	lts_1015I_07_01	07	01	0	297	0	0	0	CR	MAX	Atool221.jpg	Atool221.jpg	NOKEY	MAX	NOKEY
1444932997491	0	lts_1015I_07_01	07	01	0	298	0	0	0	CR	MAX	8257273.thl.jpg	8257273.thl.jpg	NOKEY	MAX	NOKEY
1444933000567	0	lts_1015I_07_01	07	01	0	299	0	0	0	CR	MAX	AWOODBOX3.jpg	AWOODBOX3.jpg	NOKEY	MAX	NOKEY
1444933003659	0	lts_1015I_07_01	07	01	0	300	0	0	0	CR	MAX	Arake4.jpg	Arake4.jpg	NOKEY	MAX	NOKEY
1444933006735	0	lts_1015I_07_01	07	01	0	301	0	0	0	CR	MAX	16/APLASCONT.jpg	APLASCONT.jpg	NOKEY	MAX	NOKEY
1444933009811	0	lts_1015I_07_01	07	01	0	302	32	1	0	Miss	MAX	32-5/gumballmachine.jpg	gumballmachine.jpg	NOKEY	MAX	SPACE
1444933012887	0	lts_1015I_07_01	07	01	0	303	0	0	0	CR	MAX	32/candy3.jpg	candy3.jpg	NOKEY	MAX	NOKEY
1444933015963	0	lts_1015I_07_01	07	01	0	304	0	0	0	CR	MAX	Adustpanbrush.jpg	Adustpanbrush.jpg	NOKEY	MAX	NOKEY
1444933019040	0	lts_1015I_07_01	07	01	0	305	0	0	0	CR	MAX	32/gun.jpg	gun.jpg	NOKEY	MAX	NOKEY
1444933022116	0	lts_1015I_07_01	07	01	0	306	0	0	0	CR	MAX	ATICKETBO.jpg	ATICKETBO.jpg	NOKEY	MAX	NOKEY
1444933025209	0	lts_1015I_07_01	07	01	0	307	0	0	0	CR	MAX	4/AWASHSIGN.jpg	AWASHSIGN.jpg	NOKEY	MAX	NOKEY
1444933028285	0	lts_1015I_07_01	07	01	0	308	0	0	0	CR	MAX	32/ACOLOGNE.jpg	ACOLOGNE.jpg	NOKEY	MAX	NOKEY
1444933031361	0	lts_1015I_07_01	07	01	0	309	0	0	0	CR	MAX	Ablackcamera4.jpg	Ablackcamera4.jpg	NOKEY	MAX	NOKEY
1444933034437	0	lts_1015I_07_01	07	01	0	310	0	0	0	CR	MAX	Abootscrubber.jpg	Abootscrubber.jpg	NOKEY	MAX	NOKEY
1444933035440	0	lts_1015I_07_01	07	01	0	311	4	1	1	Hit	523	4-3/AWASHSIGN.jpg	AWASHSIGN.jpg	SPACE	569	SPACE
1444933038516	0	lts_1015I_07_01	07	01	0	312	0	0	0	CR	MAX	AMALLET13.jpg	AMALLET13.jpg	NOKEY	MAX	NOKEY
1444933041592	0	lts_1015I_07_01	07	01	0	313	0	0	0	CR	MAX	2/Achair618.jpg	Achair618.jpg	NOKEY	MAX	NOKEY
1444933044667	0	lts_1015I_07_01	07	01	0	314	0	0	0	CR	MAX	23051010.thl.jpg	23051010.thl.jpg	NOKEY	MAX	NOKEY
1444933045654	0	lts_1015I_07_01	07	01	0	315	2	1	1	Hit	505	2-13/Achair618.jpg	Achair618.jpg	SPACE	553	SPACE
1444933048730	0	lts_1015I_07_01	07	01	0	316	0	0	0	CR	MAX	Aclamp42.jpg	Aclamp42.jpg	NOKEY	MAX	NOKEY
1444933050101	0	lts_1015I_07_01	07	01	0	317	16	1	1	Hit	885	16-first/APLASCONT.jpg	APLASCONT.jpg	SPACE	936	SPACE
1444933053178	0	lts_1015I_07_01	07	01	0	318	0	0	0	CR	MAX	Astrawfan.jpg	Astrawfan.jpg	NOKEY	MAX	NOKEY
1444933054131	0	lts_1015I_07_01	07	01	0	319	2	1	1	Hit	472	2-mul/APLASCONT.jpg	APLASCONT.jpg	SPACE	517	SPACE
1444933057207	0	lts_1015I_07_01	07	01	0	320	0	0	0	CR	MAX	ACHINDECP.jpg	ACHINDECP.jpg	NOKEY	MAX	NOKEY
1444933058310	0	lts_1015I_07_01	07	01	0	321	128	1	1	Hit	621	128-5/ATHERMO4.jpg	ATHERMO4.jpg	SPACE	668	SPACE
1444933061403	0	lts_1015I_07_01	07	01	0	322	0	0	0	CR	MAX	ABATHTAP.jpg	ABATHTAP.jpg	NOKEY	MAX	NOKEY
1444933064479	0	lts_1015I_07_01	07	01	0	323	0	0	0	CR	MAX	Aalligator4.jpg	Aalligator4.jpg	NOKEY	MAX	NOKEY
1444933065799	0	lts_1015I_07_01	07	01	0	324	128	1	1	Hit	845	128-7/Aoilcan11.jpg	Aoilcan11.jpg	SPACE	886	SPACE
1444933068891	0	lts_1015I_07_01	07	01	0	325	0	0	0	CR	MAX	Afrenchsigns2.jpg	Afrenchsigns2.jpg	NOKEY	MAX	NOKEY
1444933070179	0	lts_1015I_07_01	07	01	0	326	128	1	1	Hit	818	128-1/ABROOCH41.jpg	ABROOCH41.jpg	SPACE	852	SPACE
1444933073256	0	lts_1015I_07_01	07	01	0	327	0	0	0	CR	MAX	2/Abisontoy.jpg	Abisontoy.jpg	NOKEY	MAX	NOKEY
1444933076332	0	lts_1015I_07_01	07	01	0	328	0	0	0	CR	MAX	Abells7.jpg	Abells7.jpg	NOKEY	MAX	NOKEY
1444933077452	0	lts_1015I_07_01	07	01	0	329	2	1	1	Hit	643	2-5/Abisontoy.jpg	Abisontoy.jpg	SPACE	686	SPACE
1444933080528	0	lts_1015I_07_01	07	01	0	330	0	0	0	CR	MAX	64/APILHELM2.jpg	APILHELM2.jpg	NOKEY	MAX	NOKEY
1444933083604	0	lts_1015I_07_01	07	01	0	331	0	0	0	CR	MAX	32/AALIEN.jpg	AALIEN.jpg	NOKEY	MAX	NOKEY
1444933086679	0	lts_1015I_07_01	07	01	0	332	0	0	0	CR	MAX	Agrater10.jpg	Agrater10.jpg	NOKEY	MAX	NOKEY
1444933089755	0	lts_1015I_07_01	07	01	0	333	0	0	0	CR	MAX	Aoutdoorhalo2.jpg	Aoutdoorhalo2.jpg	NOKEY	MAX	NOKEY
1444933092831	0	lts_1015I_07_01	07	01	0	334	0	0	0	CR	MAX	ACOLUMN5.jpg	ACOLUMN5.jpg	NOKEY	MAX	NOKEY
1444933093902	0	lts_1015I_07_01	07	01	0	335	32	1	1	Hit	596	32-2/candy3.jpg	candy3.jpg	SPACE	636	SPACE
1444933096977	0	lts_1015I_07_01	07	01	0	336	0	0	0	CR	MAX	Aacupuncture2.jpg	Aacupuncture2.jpg	NOKEY	MAX	NOKEY
1444933097980	0	lts_1015I_07_01	07	01	0	337	32	1	1	Hit	530	32-0/gun.jpg	gun.jpg	SPACE	569	SPACE
1444933101074	0	lts_1015I_07_01	07	01	0	338	0	0	0	CR	MAX	launmower.jpg	launmower.jpg	NOKEY	MAX	NOKEY
1444933104150	0	lts_1015I_07_01	07	01	0	339	0	0	0	CR	MAX	Ahappbirt.jpg	Ahappbirt.jpg	NOKEY	MAX	NOKEY
1444933105153	0	lts_1015I_07_01	07	01	0	340	32	1	1	Hit	519	32-6/ACOLOGNE.jpg	ACOLOGNE.jpg	SPACE	568	SPACE
1444933108229	0	lts_1015I_07_01	07	01	0	341	0	0	0	CR	MAX	Aspokesfaste2.jpg	Aspokesfaste2.jpg	NOKEY	MAX	NOKEY
1444933111305	0	lts_1015I_07_01	07	01	0	342	0	0	0	CR	MAX	ATRIANGL2.jpg	ATRIANGL2.jpg	NOKEY	MAX	NOKEY
1444933114381	0	lts_1015I_07_01	07	01	0	343	0	0	0	CR	MAX	4/Aseal3.jpg	Aseal3.jpg	NOKEY	MAX	NOKEY
1444933117457	0	lts_1015I_07_01	07	01	0	344	0	0	0	CR	MAX	8/Ablouse2.jpg	Ablouse2.jpg	NOKEY	MAX	NOKEY
1444933120533	0	lts_1015I_07_01	07	01	0	345	0	0	0	CR	MAX	AJEWELBO3.jpg	AJEWELBO3.jpg	NOKEY	MAX	NOKEY
1444933123609	0	lts_1015I_07_01	07	01	0	346	0	0	0	CR	MAX	26687944.thl.jpg	26687944.thl.jpg	NOKEY	MAX	NOKEY
1444933124662	0	lts_1015I_07_01	07	01	0	347	4	1	1	Hit	574	4-6/Aseal3.jpg	Aseal3.jpg	SPACE	620	SPACE
1444933127738	0	lts_1015I_07_01	07	01	0	348	0	0	0	CR	MAX	hottub.jpg	hottub.jpg	NOKEY	MAX	NOKEY
1444933130814	0	lts_1015I_07_01	07	01	0	349	0	0	0	CR	MAX	Abeverageingl.jpg	Abeverageingl.jpg	NOKEY	MAX	NOKEY
1444933133890	0	lts_1015I_07_01	07	01	0	350	0	0	0	CR	MAX	32/22903568.thl.jpg	22903568.thl.jpg	NOKEY	MAX	NOKEY
1444933136966	0	lts_1015I_07_01	07	01	0	351	0	0	0	CR	MAX	Astroboscope5.jpg	Astroboscope5.jpg	NOKEY	MAX	NOKEY
1444933138087	0	lts_1015I_07_01	07	01	0	352	8	1	1	Hit	646	8-first/Ablouse2.jpg	Ablouse2.jpg	SPACE	686	SPACE
1444933141163	0	lts_1015I_07_01	07	01	0	353	0	0	0	CR	MAX	AWOODFLUT.jpg	AWOODFLUT.jpg	NOKEY	MAX	NOKEY
1444933142099	0	lts_1015I_07_01	07	01	0	354	2	1	1	Hit	459	2-mul/Ablouse2.jpg	Ablouse2.jpg	SPACE	500	SPACE
1444933145192	0	lts_1015I_07_01	07	01	0	355	0	0	0	CR	MAX	26427906.thl.jpg	26427906.thl.jpg	NOKEY	MAX	NOKEY
1444933148268	0	lts_1015I_07_01	07	01	0	356	0	0	0	CR	MAX	tricycle.jpg	tricycle.jpg	NOKEY	MAX	NOKEY
1444933151344	0	lts_1015I_07_01	07	01	0	357	0	0	0	CR	MAX	1/26419670.thl.jpg	26419670.thl.jpg	NOKEY	MAX	NOKEY
1444933152331	0	lts_1015I_07_01	07	01	0	358	1	1	1	Hit	517	1-6/26419670.thl.jpg	26419670.thl.jpg	SPACE	550	SPACE
1444933155407	0	lts_1015I_07_01	07	01	0	359	0	0	0	CR	MAX	64/APAINTJ11.jpg	APAINTJ11.jpg	NOKEY	MAX	NOKEY
1444933158483	0	lts_1015I_07_01	07	01	0	360	0	0	0	CR	MAX	8/AELECBE17.jpg	AELECBE17.jpg	NOKEY	MAX	NOKEY
1444933161559	0	lts_1015I_07_01	07	01	0	361	0	0	0	CR	MAX	4/AWASHCLOT.jpg	AWASHCLOT.jpg	NOKEY	MAX	NOKEY
1444933164651	0	lts_1015I_07_01	07	01	0	362	0	0	0	CR	MAX	ARUSH.jpg	ARUSH.jpg	NOKEY	MAX	NOKEY
1444933166089	0	lts_1015I_07_01	07	01	0	363	32	1	1	Hit	958	32-4/AALIEN.jpg	AALIEN.jpg	SPACE	1003	SPACE
1444933169165	0	lts_1015I_07_01	07	01	0	364	0	0	0	CR	MAX	Asantaclaus2.jpg	Asantaclaus2.jpg	NOKEY	MAX	NOKEY
1444933170202	0	lts_1015I_07_01	07	01	0	365	4	1	1	Hit	554	4-0/AWASHCLOT.jpg	AWASHCLOT.jpg	SPACE	601	SPACE
1444933173278	0	lts_1015I_07_01	07	01	0	366	0	0	0	CR	MAX	Aglass58.jpg	Aglass58.jpg	NOKEY	MAX	NOKEY
1444933176354	0	lts_1015I_07_01	07	01	0	367	0	0	0	CR	MAX	8/8079080.thl.jpg	8079080.thl.jpg	NOKEY	MAX	NOKEY
1444933179430	0	lts_1015I_07_01	07	01	0	368	8	1	0	Miss	MAX	8-2/AELECBE17.jpg	AELECBE17.jpg	NOKEY	MAX	SPACE
1444933182506	0	lts_1015I_07_01	07	01	0	369	0	0	0	CR	MAX	APEELER.jpg	APEELER.jpg	NOKEY	MAX	NOKEY
1444933185582	0	lts_1015I_07_01	07	01	0	370	0	0	0	CR	MAX	26439913.thl.jpg	26439913.thl.jpg	NOKEY	MAX	NOKEY
1444933188674	0	lts_1015I_07_01	07	01	0	371	0	0	0	CR	MAX	2/ADRESSE14.jpg	ADRESSE14.jpg	NOKEY	MAX	NOKEY
1444933191750	0	lts_1015I_07_01	07	01	0	372	0	0	0	CR	MAX	AWASHMAC5.jpg	AWASHMAC5.jpg	NOKEY	MAX	NOKEY
1444933192820	0	lts_1015I_07_01	07	01	0	373	2	1	1	Hit	591	2-3/ADRESSE14.jpg	ADRESSE14.jpg	SPACE	636	SPACE
1444933195896	0	lts_1015I_07_01	07	01	0	374	0	0	0	CR	MAX	AGRENADIN.jpg	AGRENADIN.jpg	NOKEY	MAX	NOKEY
1444933196899	0	lts_1015I_07_01	07	01	0	375	8	1	1	Hit	528	8-first/8079080.thl.jpg	8079080.thl.jpg	SPACE	569	SPACE
1444933199975	0	lts_1015I_07_01	07	01	0	376	0	0	0	CR	MAX	Abaleofhay.jpg	Abaleofhay.jpg	NOKEY	MAX	NOKEY
1444933203052	0	lts_1015I_07_01	07	01	0	377	0	0	0	CR	MAX	patioheater.jpg	patioheater.jpg	NOKEY	MAX	NOKEY
1444933206128	0	lts_1015I_07_01	07	01	0	378	0	0	0	CR	MAX	Agreencup2.jpg	Agreencup2.jpg	NOKEY	MAX	NOKEY
1444933207165	0	lts_1015I_07_01	07	01	0	379	4	1	1	Hit	561	4-mul/8079080.thl.jpg	8079080.thl.jpg	SPACE	601	SPACE
1444933210241	0	lts_1015I_07_01	07	01	0	380	0	0	0	CR	MAX	4/Acardboardpan.jpg	Acardboardpan.jpg	NOKEY	MAX	NOKEY
1444933213317	0	lts_1015I_07_01	07	01	0	381	0	0	0	CR	MAX	8021410.thl.jpg	8021410.thl.jpg	NOKEY	MAX	NOKEY
1444933214537	0	lts_1015I_07_01	07	01	0	382	32	1	1	Hit	751	32-9/22903568.thl.jpg	22903568.thl.jpg	SPACE	786	SPACE
1444933217629	0	lts_1015I_07_01	07	01	0	383	0	0	0	CR	MAX	ABULDOZER.jpg	ABULDOZER.jpg	NOKEY	MAX	NOKEY
1444933218733	0	lts_1015I_07_01	07	01	0	384	4	1	1	Hit	619	4-4/Acardboardpan.jpg	Acardboardpan.jpg	SPACE	669	SPACE
1444933221809	0	lts_1015I_07_01	07	01	0	385	0	0	0	CR	MAX	skateboard.jpg	skateboard.jpg	NOKEY	MAX	NOKEY
1444933224885	0	lts_1015I_07_01	07	01	0	386	0	0	0	CR	MAX	2/8253370.thl.jpg	8253370.thl.jpg	NOKEY	MAX	NOKEY
1444933227961	0	lts_1015I_07_01	07	01	0	387	0	0	0	CR	MAX	Astingray2.jpg	Astingray2.jpg	NOKEY	MAX	NOKEY
1444933229065	0	lts_1015I_07_01	07	01	0	388	2	1	1	Hit	620	2-1/8253370.thl.jpg	8253370.thl.jpg	SPACE	669	SPACE
1444933232141	0	lts_1015I_07_01	07	01	0	389	0	0	0	CR	MAX	ALAB21.jpg	ALAB21.jpg	NOKEY	MAX	NOKEY
1444933235217	0	lts_1015I_07_01	07	01	0	390	0	0	0	CR	MAX	1/Amatplate.jpg	Amatplate.jpg	NOKEY	MAX	NOKEY
1444933236137	0	lts_1015I_07_01	07	01	0	391	1	1	1	Hit	446	1-9/Amatplate.jpg	Amatplate.jpg	SPACE	484	SPACE
1444933239213	0	lts_1015I_07_01	07	01	0	392	0	0	0	CR	MAX	Acandle109.jpg	Acandle109.jpg	NOKEY	MAX	NOKEY
1444933242289	0	lts_1015I_07_01	07	01	0	393	0	0	0	CR	MAX	32/Aacarthatsbe2.jpg	Aacarthatsbe2.jpg	NOKEY	MAX	NOKEY
1444933245365	0	lts_1015I_07_01	07	01	0	394	64	1	0	Miss	MAX	64-first/APILHELM2.jpg	APILHELM2.jpg	NOKEY	MAX	SPACE
1444933246634	0	lts_1015I_07_01	07	01	0	395	0	0	1	FA	791	Abutterdish.jpg	Abutterdish.jpg	SPACE	836	NOKEY
1444933249727	0	lts_1015I_07_01	07	01	0	396	0	0	0	CR	MAX	16/asparagus.jpg	asparagus.jpg	NOKEY	MAX	NOKEY
1444933252803	0	lts_1015I_07_01	07	01	0	397	0	0	0	CR	MAX	ABEERBOT5.jpg	ABEERBOT5.jpg	NOKEY	MAX	NOKEY
1444933255879	0	lts_1015I_07_01	07	01	0	398	0	0	0	CR	MAX	ABUSTFOR7.jpg	ABUSTFOR7.jpg	NOKEY	MAX	NOKEY
1444933258955	0	lts_1015I_07_01	07	01	0	399	0	0	0	CR	MAX	Arake3.jpg	Arake3.jpg	NOKEY	MAX	NOKEY
1444933262032	0	lts_1015I_07_01	07	01	0	400	0	0	0	CR	MAX	26429130.thl.jpg	26429130.thl.jpg	NOKEY	MAX	NOKEY
1444933265108	0	lts_1015I_07_01	07	01	0	401	0	0	0	CR	MAX	Aowl8.jpg	Aowl8.jpg	NOKEY	MAX	NOKEY
1444933268185	0	lts_1015I_07_01	07	01	0	402	0	0	0	CR	MAX	Abagofherbs.jpg	Abagofherbs.jpg	NOKEY	MAX	NOKEY
1444933269889	0	lts_1015I_07_01	07	01	0	403	128	1	1	Hit	1220	128-4/8245207.thl.jpg	8245207.thl.jpg	SPACE	1271	SPACE
1444933272965	0	lts_1015I_07_01	07	01	0	404	0	0	0	CR	MAX	ATOWER3.jpg	ATOWER3.jpg	NOKEY	MAX	NOKEY
1444933276042	0	lts_1015I_07_01	07	01	0	405	0	0	0	CR	MAX	2/ALUNCHBO3.jpg	ALUNCHBO3.jpg	NOKEY	MAX	NOKEY
1444933279135	0	lts_1015I_07_01	07	01	0	406	0	0	0	CR	MAX	Aaircompress2.jpg	Aaircompress2.jpg	NOKEY	MAX	NOKEY
1444933280638	0	lts_1015I_07_01	07	01	0	407	2	1	1	Hit	1023	2-6/ALUNCHBO3.jpg	ALUNCHBO3.jpg	SPACE	1070	SPACE
1444933283714	0	lts_1015I_07_01	07	01	0	408	0	0	0	CR	MAX	26432109.thl.jpg	26432109.thl.jpg	NOKEY	MAX	NOKEY
1444933286790	0	lts_1015I_07_01	07	01	0	409	0	0	0	CR	MAX	Atoyturtle.jpg	Atoyturtle.jpg	NOKEY	MAX	NOKEY
1444933287961	0	lts_1015I_07_01	07	01	0	410	16	1	1	Hit	687	16-mul/APILHELM2.jpg	APILHELM2.jpg	SPACE	736	SPACE
1444933291038	0	lts_1015I_07_01	07	01	0	411	0	0	0	CR	MAX	AGOLFIRON.jpg	AGOLFIRON.jpg	NOKEY	MAX	NOKEY
1444933292024	0	lts_1015I_07_01	07	01	0	412	16	1	1	Hit	501	16-first/asparagus.jpg	asparagus.jpg	SPACE	552	SPACE
1444933295100	0	lts_1015I_07_01	07	01	0	413	0	0	0	CR	MAX	26374158.thl.jpg	26374158.thl.jpg	NOKEY	MAX	NOKEY
1444933298176	0	lts_1015I_07_01	07	01	0	414	0	0	0	CR	MAX	4/Apilldispens3.jpg	Apilldispens3.jpg	NOKEY	MAX	NOKEY
1444933301252	0	lts_1015I_07_01	07	01	0	415	0	0	0	CR	MAX	AGARBIN.jpg	AGARBIN.jpg	NOKEY	MAX	NOKEY
1444933304328	0	lts_1015I_07_01	07	01	0	416	0	0	0	CR	MAX	Ascientifice6.jpg	Ascientifice6.jpg	NOKEY	MAX	NOKEY
1444933307421	0	lts_1015I_07_01	07	01	0	417	0	0	0	CR	MAX	ADISHLID2.jpg	ADISHLID2.jpg	NOKEY	MAX	NOKEY
1444933308591	0	lts_1015I_07_01	07	01	0	418	4	1	1	Hit	690	4-7/Apilldispens3.jpg	Apilldispens3.jpg	SPACE	735	SPACE
1444933311666	0	lts_1015I_07_01	07	01	0	419	0	0	0	CR	MAX	radish.jpg	radish.jpg	NOKEY	MAX	NOKEY
1444933314743	0	lts_1015I_07_01	07	01	0	420	0	0	0	CR	MAX	Awindmill4.jpg	Awindmill4.jpg	NOKEY	MAX	NOKEY
1444933317819	0	lts_1015I_07_01	07	01	0	421	0	0	0	CR	MAX	26374787.thl.jpg	26374787.thl.jpg	NOKEY	MAX	NOKEY
1444933320895	0	lts_1015I_07_01	07	01	0	422	0	0	0	CR	MAX	Aclog6.jpg	Aclog6.jpg	NOKEY	MAX	NOKEY
1444933323971	0	lts_1015I_07_01	07	01	0	423	64	1	0	Miss	MAX	64-first/APAINTJ11.jpg	APAINTJ11.jpg	NOKEY	MAX	SPACE
1444933327048	0	lts_1015I_07_01	07	01	0	424	0	0	0	CR	MAX	8019684.thl.jpg	8019684.thl.jpg	NOKEY	MAX	NOKEY
1444933328368	0	lts_1015I_07_01	07	01	0	425	32	1	1	Hit	839	32-3/Aacarthatsbe2.jpg	Aacarthatsbe2.jpg	SPACE	885	SPACE
1444933331445	0	lts_1015I_07_01	07	01	0	426	0	0	0	CR	MAX	Apercussioni3.jpg	Apercussioni3.jpg	NOKEY	MAX	NOKEY
1444933334521	0	lts_1015I_07_01	07	01	0	427	0	0	0	CR	MAX	Abuilding116.jpg	Abuilding116.jpg	NOKEY	MAX	NOKEY
1444933335540	0	lts_1015I_07_01	07	01	0	428	16	1	1	Hit	538	16-mul/asparagus.jpg	asparagus.jpg	SPACE	585	SPACE
1444933338615	0	lts_1015I_07_01	07	01	0	429	0	0	0	CR	MAX	AWOODST19.jpg	AWOODST19.jpg	NOKEY	MAX	NOKEY
1444933341691	0	lts_1015I_07_01	07	01	0	430	0	0	0	CR	MAX	Awindow19.jpg	Awindow19.jpg	NOKEY	MAX	NOKEY
1444933344768	0	lts_1015I_07_01	07	01	0	431	0	0	0	CR	MAX	AARTPLANT.jpg	AARTPLANT.jpg	NOKEY	MAX	NOKEY
1444933347860	0	lts_1015I_07_01	07	01	0	432	0	0	0	CR	MAX	2/AMIXER1.jpg	AMIXER1.jpg	NOKEY	MAX	NOKEY
1444933350936	0	lts_1015I_07_01	07	01	0	433	0	0	0	CR	MAX	Atripod5.jpg	Atripod5.jpg	NOKEY	MAX	NOKEY
1444933354014	0	lts_1015I_07_01	07	01	0	434	2	1	0	Miss	MAX	2-11/AMIXER1.jpg	AMIXER1.jpg	NOKEY	MAX	SPACE
1444933357090	0	lts_1015I_07_01	07	01	0	435	0	0	0	CR	MAX	Atennisball2.jpg	Atennisball2.jpg	NOKEY	MAX	NOKEY
1444933360166	0	lts_1015I_07_01	07	01	0	436	0	0	0	CR	MAX	ALEMUR3.jpg	ALEMUR3.jpg	NOKEY	MAX	NOKEY
1444933363242	0	lts_1015I_07_01	07	01	0	437	0	0	0	CR	MAX	AOUTHOUSE.jpg	AOUTHOUSE.jpg	NOKEY	MAX	NOKEY
1444933366318	0	lts_1015I_07_01	07	01	0	438	0	0	0	CR	MAX	A100FRAN3.jpg	A100FRAN3.jpg	NOKEY	MAX	NOKEY
1444933367354	0	lts_1015I_07_01	07	01	0	439	16	1	1	Hit	554	16-mul/APAINTJ11.jpg	APAINTJ11.jpg	SPACE	601	SPACE
1444933370430	0	lts_1015I_07_01	07	01	0	440	0	0	0	CR	MAX	Atoyboat10.jpg	Atoyboat10.jpg	NOKEY	MAX	NOKEY
1444933373506	0	lts_1015I_07_01	07	01	0	441	0	0	0	CR	MAX	Achick9.jpg	Achick9.jpg	NOKEY	MAX	NOKEY
1444933376599	0	lts_1015I_07_01	07	01	0	442	0	0	0	CR	MAX	4/ACHANGDIS.jpg	ACHANGDIS.jpg	NOKEY	MAX	NOKEY
1444933379674	0	lts_1015I_07_01	07	01	0	443	0	0	0	CR	MAX	Abasket110.jpg	Abasket110.jpg	NOKEY	MAX	NOKEY
1444933382750	0	lts_1015I_07_01	07	01	0	444	0	0	0	CR	MAX	ABLAKBEN2.jpg	ABLAKBEN2.jpg	NOKEY	MAX	NOKEY
1444933385826	0	lts_1015I_07_01	07	01	0	445	0	0	0	CR	MAX	AWOODSPO3.jpg	AWOODSPO3.jpg	NOKEY	MAX	NOKEY
1444933386930	0	lts_1015I_07_01	07	01	0	446	4	1	1	Hit	622	4-11/ACHANGDIS.jpg	ACHANGDIS.jpg	SPACE	670	SPACE
1444933390007	0	lts_1015I_07_01	07	01	0	447	0	0	0	CR	MAX	Acomputerpro3.jpg	Acomputerpro3.jpg	NOKEY	MAX	NOKEY
1444933393083	0	lts_1015I_07_01	07	01	0	448	0	0	0	CR	MAX	Apersonsfoot.jpg	Apersonsfoot.jpg	NOKEY	MAX	NOKEY
1444933396159	0	lts_1015I_07_01	07	01	0	449	0	0	0	CR	MAX	ALAB2.jpg	ALAB2.jpg	NOKEY	MAX	NOKEY
1444933423375	0	lts_1015I_07_01	07	01	1	0	0	0	0	CR	MAX	ACHEESEGR.jpg	ACHEESEGR.jpg	NOKEY	MAX	NOKEY
1444933426452	0	lts_1015I_07_01	07	01	1	1	0	0	0	CR	MAX	26424973.thl.jpg	26424973.thl.jpg	NOKEY	MAX	NOKEY
1444933429528	0	lts_1015I_07_01	07	01	1	2	0	0	0	CR	MAX	32/Acompass20.jpg	Acompass20.jpg	NOKEY	MAX	NOKEY
1444933432604	0	lts_1015I_07_01	07	01	1	3	0	0	0	CR	MAX	22806086.thl.jpg	22806086.thl.jpg	NOKEY	MAX	NOKEY
1444933435679	0	lts_1015I_07_01	07	01	1	4	0	0	0	CR	MAX	31023139.thl.jpg	31023139.thl.jpg	NOKEY	MAX	NOKEY
1444933438755	0	lts_1015I_07_01	07	01	1	5	0	0	0	CR	MAX	Anailscissors.jpg	Anailscissors.jpg	NOKEY	MAX	NOKEY
1444933441831	0	lts_1015I_07_01	07	01	1	6	0	0	0	CR	MAX	Adropper2.jpg	Adropper2.jpg	NOKEY	MAX	NOKEY
1444933444907	0	lts_1015I_07_01	07	01	1	7	0	0	0	CR	MAX	Acampingtoolk.jpg	Acampingtoolk.jpg	NOKEY	MAX	NOKEY
1444933447983	0	lts_1015I_07_01	07	01	1	8	0	0	0	CR	MAX	8/26391116.thl.jpg	26391116.thl.jpg	NOKEY	MAX	NOKEY
1444933451060	0	lts_1015I_07_01	07	01	1	9	0	0	0	CR	MAX	8081398.thl.jpg	8081398.thl.jpg	NOKEY	MAX	NOKEY
1444933454136	0	lts_1015I_07_01	07	01	1	10	0	0	0	CR	MAX	1/Abird41.jpg	Abird41.jpg	NOKEY	MAX	NOKEY
1444933455139	0	lts_1015I_07_01	07	01	1	11	1	1	1	Hit	519	1-14/Abird41.jpg	Abird41.jpg	SPACE	567	SPACE
1444933458232	0	lts_1015I_07_01	07	01	1	12	0	0	0	CR	MAX	Cupcake.jpg	Cupcake.jpg	NOKEY	MAX	NOKEY
1444933461308	0	lts_1015I_07_01	07	01	1	13	00	1	0	Miss	MAX	00-across/8074514.thl.jpg	8074514.thl.jpg	NOKEY	MAX	SPACE
1444933464384	0	lts_1015I_07_01	07	01	1	14	0	0	0	CR	MAX	128/Adecorativet3.jpg	Adecorativet3.jpg	NOKEY	MAX	NOKEY
1444933467460	0	lts_1015I_07_01	07	01	1	15	0	0	0	CR	MAX	AAIRPUMP2.jpg	AAIRPUMP2.jpg	NOKEY	MAX	NOKEY
1444933468530	0	lts_1015I_07_01	07	01	1	16	8	1	1	Hit	593	8-first/26391116.thl.jpg	26391116.thl.jpg	SPACE	635	SPACE
1444933471606	0	lts_1015I_07_01	07	01	1	17	0	0	0	CR	MAX	ACOATHA44.jpg	ACOATHA44.jpg	NOKEY	MAX	NOKEY
1444933474681	0	lts_1015I_07_01	07	01	1	18	0	0	0	CR	MAX	4/ADOGTOY.jpg	ADOGTOY.jpg	NOKEY	MAX	NOKEY
1444933477757	0	lts_1015I_07_01	07	01	1	19	0	0	0	CR	MAX	8/ADESKLA12.jpg	ADESKLA12.jpg	NOKEY	MAX	NOKEY
1444933480833	0	lts_1015I_07_01	07	01	1	20	0	0	0	CR	MAX	potato.jpg	potato.jpg	NOKEY	MAX	NOKEY
1444933483909	0	lts_1015I_07_01	07	01	1	21	0	0	0	CR	MAX	16/ASUNBOX5.jpg	ASUNBOX5.jpg	NOKEY	MAX	NOKEY
1444933484929	0	lts_1015I_07_01	07	01	1	22	4	1	1	Hit	536	4-10/ADOGTOY.jpg	ADOGTOY.jpg	SPACE	586	SPACE
1444933488006	0	lts_1015I_07_01	07	01	1	23	0	0	0	CR	MAX	128/Adinningroomt.jpg	Adinningroomt.jpg	NOKEY	MAX	NOKEY
1444933491099	0	lts_1015I_07_01	07	01	1	24	0	0	0	CR	MAX	Astampandseal.jpg	Astampandseal.jpg	NOKEY	MAX	NOKEY
1444933494175	0	lts_1015I_07_01	07	01	1	25	00	1	0	Miss	MAX	00-across/ABROOCH52.jpg	ABROOCH52.jpg	NOKEY	MAX	SPACE
1444933497268	0	lts_1015I_07_01	07	01	1	26	0	0	0	CR	MAX	Aparrot80.jpg	Aparrot80.jpg	NOKEY	MAX	NOKEY
1444933500344	0	lts_1015I_07_01	07	01	1	27	8	1	0	Miss	MAX	8-first/ADESKLA12.jpg	ADESKLA12.jpg	NOKEY	MAX	SPACE
1444933503420	0	lts_1015I_07_01	07	01	1	28	0	0	0	CR	MAX	Agasblower2.jpg	Agasblower2.jpg	NOKEY	MAX	NOKEY
1444933506496	0	lts_1015I_07_01	07	01	1	29	0	0	0	CR	MAX	16/26418799.thl.jpg	26418799.thl.jpg	NOKEY	MAX	NOKEY
1444933509572	0	lts_1015I_07_01	07	01	1	30	0	0	0	CR	MAX	64/Abottleopener.jpg	Abottleopener.jpg	NOKEY	MAX	NOKEY
1444933512647	0	lts_1015I_07_01	07	01	1	31	0	0	0	CR	MAX	26433849.thl.jpg	26433849.thl.jpg	NOKEY	MAX	NOKEY
1444933513717	0	lts_1015I_07_01	07	01	1	32	16	1	1	Hit	597	16-mul/26391116.thl.jpg	26391116.thl.jpg	SPACE	636	SPACE
1444933516793	0	lts_1015I_07_01	07	01	1	33	0	0	0	CR	MAX	Ahotwaterbot2.jpg	Ahotwaterbot2.jpg	NOKEY	MAX	NOKEY
1444933517796	0	lts_1015I_07_01	07	01	1	34	32	1	1	Hit	526	32-8/Acompass20.jpg	Acompass20.jpg	SPACE	569	SPACE
1444933520872	0	lts_1015I_07_01	07	01	1	35	0	0	0	CR	MAX	22853544.thl.jpg	22853544.thl.jpg	NOKEY	MAX	NOKEY
1444933523948	0	lts_1015I_07_01	07	01	1	36	0	0	0	CR	MAX	hairbarette.jpg	hairbarette.jpg	NOKEY	MAX	NOKEY
1444933527026	0	lts_1015I_07_01	07	01	1	37	16	1	0	Miss	MAX	16-first/ASUNBOX5.jpg	ASUNBOX5.jpg	NOKEY	MAX	SPACE
1444933530118	0	lts_1015I_07_01	07	01	1	38	0	0	0	CR	MAX	26373407.thl.jpg	26373407.thl.jpg	NOKEY	MAX	NOKEY
1444933531121	0	lts_1015I_07_01	07	01	1	39	2	1	1	Hit	520	2-mul/ASUNBOX5.jpg	ASUNBOX5.jpg	SPACE	567	SPACE
1444933534197	0	lts_1015I_07_01	07	01	1	40	0	0	0	CR	MAX	APOKCHIP4.jpg	APOKCHIP4.jpg	NOKEY	MAX	NOKEY
1444933537273	0	lts_1015I_07_01	07	01	1	41	0	0	0	CR	MAX	AANTHAT2.jpg	AANTHAT2.jpg	NOKEY	MAX	NOKEY
1444933540350	0	lts_1015I_07_01	07	01	1	42	0	0	0	CR	MAX	32/26420956.thl.jpg	26420956.thl.jpg	NOKEY	MAX	NOKEY
1444933541436	0	lts_1015I_07_01	07	01	1	43	16	1	1	Hit	610	16-mul/ADESKLA12.jpg	ADESKLA12.jpg	SPACE	652	SPACE
1444933544563	0	lts_1015I_07_01	07	01	1	44	0	0	0	CR	MAX	AORIGIRL3.jpg	AORIGIRL3.jpg	NOKEY	MAX	NOKEY
1444933545549	0	lts_1015I_07_01	07	01	1	45	16	1	1	Hit	513	16-first/26418799.thl.jpg	26418799.thl.jpg	SPACE	552	SPACE
1444933548624	0	lts_1015I_07_01	07	01	1	46	0	0	0	CR	MAX	clothpiece.jpg	clothpiece.jpg	NOKEY	MAX	NOKEY
1444933551717	0	lts_1015I_07_01	07	01	1	47	0	0	0	CR	MAX	A_cookie.jpg	A_cookie.jpg	NOKEY	MAX	NOKEY
1444933554793	0	lts_1015I_07_01	07	01	1	48	0	0	0	CR	MAX	AANTIBIK4.jpg	AANTIBIK4.jpg	NOKEY	MAX	NOKEY
1444933555679	0	lts_1015I_07_01	07	01	1	49	4	1	1	Hit	413	4-mul/26418799.thl.jpg	26418799.thl.jpg	SPACE	453	SPACE
1444933558755	0	lts_1015I_07_01	07	01	1	50	0	0	0	CR	MAX	22849344.thl.jpg	22849344.thl.jpg	NOKEY	MAX	NOKEY
1444933561831	0	lts_1015I_07_01	07	01	1	51	00	1	0	Miss	MAX	00-across/Acardboardpan.jpg	Acardboardpan.jpg	NOKEY	MAX	SPACE
1444933564907	0	lts_1015I_07_01	07	01	1	52	0	0	0	CR	MAX	4/Apulley71.jpg	Apulley71.jpg	NOKEY	MAX	NOKEY
1444933567983	0	lts_1015I_07_01	07	01	1	53	0	0	0	CR	MAX	16/Alaundrybask2.jpg	Alaundrybask2.jpg	NOKEY	MAX	NOKEY
1444933571060	0	lts_1015I_07_01	07	01	1	54	0	0	0	CR	MAX	4/Awomensshoe61.jpg	Awomensshoe61.jpg	NOKEY	MAX	NOKEY
1444933574136	0	lts_1015I_07_01	07	01	1	55	0	0	0	CR	MAX	8/Alanter59.jpg	Alanter59.jpg	NOKEY	MAX	NOKEY
1444933577212	0	lts_1015I_07_01	07	01	1	56	4	1	0	Miss	MAX	4-3/Apulley71.jpg	Apulley71.jpg	NOKEY	MAX	SPACE
1444933580288	0	lts_1015I_07_01	07	01	1	57	0	0	0	CR	MAX	26421536.thl.jpg	26421536.thl.jpg	NOKEY	MAX	NOKEY
1444933581408	0	lts_1015I_07_01	07	01	1	58	4	1	1	Hit	645	4-12/Awomensshoe61.jpg	Awomensshoe61.jpg	SPACE	684	SPACE
1444933584484	0	lts_1015I_07_01	07	01	1	59	0	0	0	CR	MAX	Acprmask2.jpg	Acprmask2.jpg	NOKEY	MAX	NOKEY
1444933587560	0	lts_1015I_07_01	07	01	1	60	0	0	0	CR	MAX	1/Akiddcup2.jpg	Akiddcup2.jpg	NOKEY	MAX	NOKEY
1444933588547	0	lts_1015I_07_01	07	01	1	61	1	1	1	Hit	509	1-8/Akiddcup2.jpg	Akiddcup2.jpg	SPACE	552	SPACE
1444933591622	0	lts_1015I_07_01	07	01	1	62	0	0	0	CR	MAX	4/ACOMB5.jpg	ACOMB5.jpg	NOKEY	MAX	NOKEY
1444933592675	0	lts_1015I_07_01	07	01	1	63	8	1	1	Hit	575	8-1/Alanter59.jpg	Alanter59.jpg	SPACE	620	SPACE
1444933595751	0	lts_1015I_07_01	07	01	1	64	0	0	0	CR	MAX	ACUTLERY5.jpg	ACUTLERY5.jpg	NOKEY	MAX	NOKEY
1444933598827	0	lts_1015I_07_01	07	01	1	65	0	0	0	CR	MAX	26426575.thl.jpg	26426575.thl.jpg	NOKEY	MAX	NOKEY
1444933599847	0	lts_1015I_07_01	07	01	1	66	4	1	1	Hit	541	4-5/ACOMB5.jpg	ACOMB5.jpg	SPACE	586	SPACE
1444933602923	0	lts_1015I_07_01	07	01	1	67	0	0	0	CR	MAX	Atoychestfor3.jpg	Atoychestfor3.jpg	NOKEY	MAX	NOKEY
1444933606000	0	lts_1015I_07_01	07	01	1	68	0	0	0	CR	MAX	128/Acane116.jpg	Acane116.jpg	NOKEY	MAX	NOKEY
1444933609076	0	lts_1015I_07_01	07	01	1	69	16	1	0	Miss	MAX	16-1/Alaundrybask2.jpg	Alaundrybask2.jpg	NOKEY	MAX	SPACE
1444933612152	0	lts_1015I_07_01	07	01	1	70	0	0	0	CR	MAX	AGLASSEY5.jpg	AGLASSEY5.jpg	NOKEY	MAX	NOKEY
1444933615228	0	lts_1015I_07_01	07	01	1	71	0	0	0	CR	MAX	1/ABABYPIN2.jpg	ABABYPIN2.jpg	NOKEY	MAX	NOKEY
1444933616148	0	lts_1015I_07_01	07	01	1	72	1	1	1	Hit	433	1-10/ABABYPIN2.jpg	ABABYPIN2.jpg	SPACE	484	SPACE
1444933619224	0	lts_1015I_07_01	07	01	1	73	0	0	0	CR	MAX	4/ASCSIPORT.jpg	ASCSIPORT.jpg	NOKEY	MAX	NOKEY
1444933620411	0	lts_1015I_07_01	07	01	1	74	32	1	1	Hit	713	32-3/26420956.thl.jpg	26420956.thl.jpg	SPACE	752	SPACE
1444933623487	0	lts_1015I_07_01	07	01	1	75	0	0	0	CR	MAX	16/AMETICUBE.jpg	AMETICUBE.jpg	NOKEY	MAX	NOKEY
1444933626563	0	lts_1015I_07_01	07	01	1	76	0	0	0	CR	MAX	Aboot9.jpg	Aboot9.jpg	NOKEY	MAX	NOKEY
1444933627716	0	lts_1015I_07_01	07	01	1	77	4	1	1	Hit	669	4-11/ASCSIPORT.jpg	ASCSIPORT.jpg	SPACE	719	SPACE
1444933630792	0	lts_1015I_07_01	07	01	1	78	0	0	0	CR	MAX	1/cough_medicine.jpg	cough_medicine.jpg	NOKEY	MAX	NOKEY
1444933631878	0	lts_1015I_07_01	07	01	1	79	1	1	1	Hit	618	1-5/cough_medicine.jpg	cough_medicine.jpg	SPACE	653	SPACE
1444933634954	0	lts_1015I_07_01	07	01	1	80	0	0	0	CR	MAX	Aslippers2.jpg	Aslippers2.jpg	NOKEY	MAX	NOKEY
1444933638048	0	lts_1015I_07_01	07	01	1	81	0	0	0	CR	MAX	64/Achildtoy2.jpg	Achildtoy2.jpg	NOKEY	MAX	NOKEY
1444933641124	0	lts_1015I_07_01	07	01	1	82	0	0	0	CR	MAX	ACAROUSE2.jpg	ACAROUSE2.jpg	NOKEY	MAX	NOKEY
1444933644200	0	lts_1015I_07_01	07	01	1	83	0	0	0	CR	MAX	2/ABIRDCAG2.jpg	ABIRDCAG2.jpg	NOKEY	MAX	NOKEY
1444933647276	0	lts_1015I_07_01	07	01	1	84	0	0	0	CR	MAX	ATOOHOLDE.jpg	ATOOHOLDE.jpg	NOKEY	MAX	NOKEY
1444933650352	0	lts_1015I_07_01	07	01	1	85	2	1	0	Miss	MAX	2-10/ABIRDCAG2.jpg	ABIRDCAG2.jpg	NOKEY	MAX	SPACE
1444933653428	0	lts_1015I_07_01	07	01	1	86	0	0	0	CR	MAX	ACHAIR.jpg	ACHAIR.jpg	NOKEY	MAX	NOKEY
1444933656504	0	lts_1015I_07_01	07	01	1	87	0	0	0	CR	MAX	Acocktailumb4.jpg	Acocktailumb4.jpg	NOKEY	MAX	NOKEY
1444933659581	0	lts_1015I_07_01	07	01	1	88	0	0	0	CR	MAX	128/Acentipede4.jpg	Acentipede4.jpg	NOKEY	MAX	NOKEY
1444933662656	0	lts_1015I_07_01	07	01	1	89	0	0	0	CR	MAX	26424075.thl.jpg	26424075.thl.jpg	NOKEY	MAX	NOKEY
1444933665732	0	lts_1015I_07_01	07	01	1	90	0	0	0	CR	MAX	32/Ahulahoop2.jpg	Ahulahoop2.jpg	NOKEY	MAX	NOKEY
1444933666869	0	lts_1015I_07_01	07	01	1	91	16	1	1	Hit	658	16-first/AMETICUBE.jpg	AMETICUBE.jpg	SPACE	703	SPACE
1444933669945	0	lts_1015I_07_01	07	01	1	92	0	0	0	CR	MAX	ACOCONUT2.jpg	ACOCONUT2.jpg	NOKEY	MAX	NOKEY
1444933673022	0	lts_1015I_07_01	07	01	1	93	0	0	0	CR	MAX	AMIXER.jpg	AMIXER.jpg	NOKEY	MAX	NOKEY
1444933674142	0	lts_1015I_07_01	07	01	1	94	64	1	1	Hit	647	64-first/Abottleopener.jpg	Abottleopener.jpg	SPACE	685	SPACE
1444933677235	0	lts_1015I_07_01	07	01	1	95	0	0	0	CR	MAX	128/Apinkshoe.jpg	Apinkshoe.jpg	NOKEY	MAX	NOKEY
1444933680311	0	lts_1015I_07_01	07	01	1	96	0	0	0	CR	MAX	AGARBAGE.jpg	AGARBAGE.jpg	NOKEY	MAX	NOKEY
1444933683387	0	lts_1015I_07_01	07	01	1	97	0	0	0	CR	MAX	8060342.thl.jpg	8060342.thl.jpg	NOKEY	MAX	NOKEY
1444933684406	0	lts_1015I_07_01	07	01	1	98	4	1	1	Hit	534	4-mul/Abottleopener.jpg	Abottleopener.jpg	SPACE	584	SPACE
1444933687483	0	lts_1015I_07_01	07	01	1	99	0	0	0	CR	MAX	Acartonofegg3.jpg	Acartonofegg3.jpg	NOKEY	MAX	NOKEY
1444933690559	0	lts_1015I_07_01	07	01	1	100	0	0	0	CR	MAX	2/23019499.thl.jpg	23019499.thl.jpg	NOKEY	MAX	NOKEY
1444933693634	0	lts_1015I_07_01	07	01	1	101	0	0	0	CR	MAX	pdos043072.jpg	pdos043072.jpg	NOKEY	MAX	NOKEY
1444933694770	0	lts_1015I_07_01	07	01	1	102	2	1	1	Hit	664	2-5/23019499.thl.jpg	23019499.thl.jpg	SPACE	703	SPACE
1444933697847	0	lts_1015I_07_01	07	01	1	103	0	0	0	CR	MAX	2/Acalligraphy2.jpg	Acalligraphy2.jpg	NOKEY	MAX	NOKEY
1444933700923	0	lts_1015I_07_01	07	01	1	104	0	0	0	CR	MAX	Asewingpin.jpg	Asewingpin.jpg	NOKEY	MAX	NOKEY
1444933702144	0	lts_1015I_07_01	07	01	1	105	2	1	1	Hit	741	2-6/Acalligraphy2.jpg	Acalligraphy2.jpg	SPACE	786	SPACE
1444933703714	0	lts_1015I_07_01	07	01	1	106	0	0	1	FA	1101	AANTIQTHE.jpg	AANTIQTHE.jpg	SPACE	1136	NOKEY
1444933704851	0	lts_1015I_07_01	07	01	1	107	16	1	1	Hit	656	16-mul/AMETICUBE.jpg	AMETICUBE.jpg	SPACE	703	SPACE
1444933707927	0	lts_1015I_07_01	07	01	1	108	0	0	0	CR	MAX	AEXIT7.jpg	AEXIT7.jpg	NOKEY	MAX	NOKEY
1444933711004	0	lts_1015I_07_01	07	01	1	109	0	0	0	CR	MAX	26387641.thl.jpg	26387641.thl.jpg	NOKEY	MAX	NOKEY
1444933714080	0	lts_1015I_07_01	07	01	1	110	0	0	0	CR	MAX	ACHOPBOWL.jpg	ACHOPBOWL.jpg	NOKEY	MAX	NOKEY
1444933717173	0	lts_1015I_07_01	07	01	1	111	0	0	0	CR	MAX	AHCONGADR.jpg	AHCONGADR.jpg	NOKEY	MAX	NOKEY
1444933720249	0	lts_1015I_07_01	07	01	1	112	0	0	0	CR	MAX	8/ACEDAR.jpg	ACEDAR.jpg	NOKEY	MAX	NOKEY
1444933721403	0	lts_1015I_07_01	07	01	1	113	00	1	1	Hit	683	00-across/8079080.thl.jpg	8079080.thl.jpg	SPACE	718	SPACE
1444933724479	0	lts_1015I_07_01	07	01	1	114	0	0	0	CR	MAX	2/26421572.thl.jpg	26421572.thl.jpg	NOKEY	MAX	NOKEY
1444933727555	0	lts_1015I_07_01	07	01	1	115	0	0	0	CR	MAX	16/AHEELCUPS.jpg	AHEELCUPS.jpg	NOKEY	MAX	NOKEY
1444933728758	0	lts_1015I_07_01	07	01	1	116	2	1	1	Hit	727	2-3/26421572.thl.jpg	26421572.thl.jpg	SPACE	770	SPACE
1444933731834	0	lts_1015I_07_01	07	01	1	117	0	0	0	CR	MAX	26374146.thl.jpg	26374146.thl.jpg	NOKEY	MAX	NOKEY
1444933734910	0	lts_1015I_07_01	07	01	1	118	0	0	0	CR	MAX	26439297.thl.jpg	26439297.thl.jpg	NOKEY	MAX	NOKEY
1444933737986	0	lts_1015I_07_01	07	01	1	119	0	0	0	CR	MAX	128/APLATE17.jpg	APLATE17.jpg	NOKEY	MAX	NOKEY
1444933739073	0	lts_1015I_07_01	07	01	1	120	8	1	1	Hit	615	8-0/ACEDAR.jpg	ACEDAR.jpg	SPACE	651	SPACE
1444933742166	0	lts_1015I_07_01	07	01	1	121	0	0	0	CR	MAX	4/Ahourglass4.jpg	Ahourglass4.jpg	NOKEY	MAX	NOKEY
1444933743169	0	lts_1015I_07_01	07	01	1	122	32	1	1	Hit	529	32-6/Ahulahoop2.jpg	Ahulahoop2.jpg	SPACE	567	SPACE
1444933746245	0	lts_1015I_07_01	07	01	1	123	0	0	0	CR	MAX	paintbrush03.jpg	paintbrush03.jpg	NOKEY	MAX	NOKEY
1444933747950	0	lts_1015I_07_01	07	01	1	124	0	0	1	FA	1220	AEXERCBIK.jpg	AEXERCBIK.jpg	SPACE	1270	NOKEY
1444933749221	0	lts_1015I_07_01	07	01	1	125	4	1	1	Hit	800	4-6/Ahourglass4.jpg	Ahourglass4.jpg	SPACE	836	SPACE
1444933752297	0	lts_1015I_07_01	07	01	1	126	0	0	0	CR	MAX	8252024.thl.jpg	8252024.thl.jpg	NOKEY	MAX	NOKEY
1444933753951	0	lts_1015I_07_01	07	01	1	127	0	0	1	FA	1186	1/22875816.thl.jpg	22875816.thl.jpg	SPACE	1220	NOKEY
1444933754988	0	lts_1015I_07_01	07	01	1	128	1	1	1	Hit	542	1-9/22875816.thl.jpg	22875816.thl.jpg	SPACE	586	SPACE
1444933758082	0	lts_1015I_07_01	07	01	1	129	0	0	0	CR	MAX	AFLOURBA2.jpg	AFLOURBA2.jpg	NOKEY	MAX	NOKEY
1444933761158	0	lts_1015I_07_01	07	01	1	130	0	0	0	CR	MAX	Abicyclepump2.jpg	Abicyclepump2.jpg	NOKEY	MAX	NOKEY
1444933762261	0	lts_1015I_07_01	07	01	1	131	16	1	1	Hit	621	16-first/AHEELCUPS.jpg	AHEELCUPS.jpg	SPACE	668	SPACE
1444933765337	0	lts_1015I_07_01	07	01	1	132	0	0	0	CR	MAX	APHONEFA2.jpg	APHONEFA2.jpg	NOKEY	MAX	NOKEY
1444933766690	0	lts_1015I_07_01	07	01	1	133	2	1	1	Hit	879	2-mul/AHEELCUPS.jpg	AHEELCUPS.jpg	SPACE	919	SPACE
1444933769766	0	lts_1015I_07_01	07	01	1	134	0	0	0	CR	MAX	128/8023888.thl.jpg	8023888.thl.jpg	NOKEY	MAX	NOKEY
1444933772842	0	lts_1015I_07_01	07	01	1	135	0	0	0	CR	MAX	2/AHYPBOTT.jpg	AHYPBOTT.jpg	NOKEY	MAX	NOKEY
1444933775918	0	lts_1015I_07_01	07	01	1	136	0	0	0	CR	MAX	26424133.thl.jpg	26424133.thl.jpg	NOKEY	MAX	NOKEY
1444933777006	0	lts_1015I_07_01	07	01	1	137	2	1	1	Hit	610	2-2/AHYPBOTT.jpg	AHYPBOTT.jpg	SPACE	653	SPACE
1444933780082	0	lts_1015I_07_01	07	01	1	138	0	0	0	CR	MAX	32/hotgreenpepper.jpg	hotgreenpepper.jpg	NOKEY	MAX	NOKEY
1444933782021	0	lts_1015I_07_01	07	01	1	139	0	0	1	FA	1458	AWATERFL3.jpg	AWATERFL3.jpg	SPACE	1504	NOKEY
1444933785097	0	lts_1015I_07_01	07	01	1	140	0	0	0	CR	MAX	Aorcatoy4.jpg	Aorcatoy4.jpg	NOKEY	MAX	NOKEY
1444933788190	0	lts_1015I_07_01	07	01	1	141	0	0	0	CR	MAX	hockeypuck.jpg	hockeypuck.jpg	NOKEY	MAX	NOKEY
1444933789777	0	lts_1015I_07_01	07	01	1	142	128	1	1	Hit	1103	128-0/Adecorativet3.jpg	Adecorativet3.jpg	SPACE	1153	SPACE
1444933792853	0	lts_1015I_07_01	07	01	1	143	0	0	0	CR	MAX	AHEADLIG9.jpg	AHEADLIG9.jpg	NOKEY	MAX	NOKEY
1444933795930	0	lts_1015I_07_01	07	01	1	144	0	0	0	CR	MAX	Ababytableand.jpg	Ababytableand.jpg	NOKEY	MAX	NOKEY
1444933797101	0	lts_1015I_07_01	07	01	1	145	64	1	1	Hit	696	64-first/Achildtoy2.jpg	Achildtoy2.jpg	SPACE	736	SPACE
1444933800177	0	lts_1015I_07_01	07	01	1	146	0	0	0	CR	MAX	1/Acarrot.jpg	Acarrot.jpg	NOKEY	MAX	NOKEY
1444933801096	0	lts_1015I_07_01	07	01	1	147	1	1	1	Hit	438	1-6/Acarrot.jpg	Acarrot.jpg	SPACE	484	SPACE
1444933804172	0	lts_1015I_07_01	07	01	1	148	0	0	0	CR	MAX	1/Athermosand12.jpg	Athermosand12.jpg	NOKEY	MAX	NOKEY
1444933805175	0	lts_1015I_07_01	07	01	1	149	1	1	1	Hit	516	1-3/Athermosand12.jpg	Athermosand12.jpg	SPACE	567	SPACE
1444933808251	0	lts_1015I_07_01	07	01	1	150	0	0	0	CR	MAX	brownie.jpg	brownie.jpg	NOKEY	MAX	NOKEY
1444933809455	0	lts_1015I_07_01	07	01	1	151	128	1	1	Hit	730	128-2/Adinningroomt.jpg	Adinningroomt.jpg	SPACE	769	SPACE
1444933812531	0	lts_1015I_07_01	07	01	1	152	0	0	0	CR	MAX	23063814.thl.jpg	23063814.thl.jpg	NOKEY	MAX	NOKEY
1444933815607	0	lts_1015I_07_01	07	01	1	153	0	0	0	CR	MAX	bathtowel.jpg	bathtowel.jpg	NOKEY	MAX	NOKEY
1444933818682	0	lts_1015I_07_01	07	01	1	154	0	0	0	CR	MAX	Aalmond4.jpg	Aalmond4.jpg	NOKEY	MAX	NOKEY
1444933820305	0	lts_1015I_07_01	07	01	1	155	00	1	1	Hit	1140	00-across/26387690.thl.jpg	26387690.thl.jpg	SPACE	1187	SPACE
1444933823381	0	lts_1015I_07_01	07	01	1	156	0	0	0	CR	MAX	clawhairclips.jpg	clawhairclips.jpg	NOKEY	MAX	NOKEY
1444933826457	0	lts_1015I_07_01	07	01	1	157	0	0	0	CR	MAX	AFOODTAB2.jpg	AFOODTAB2.jpg	NOKEY	MAX	NOKEY
1444933829533	0	lts_1015I_07_01	07	01	1	158	0	0	0	CR	MAX	surfboard.JPG	surfboard.JPG	NOKEY	MAX	NOKEY
1444933832609	0	lts_1015I_07_01	07	01	1	159	0	0	0	CR	MAX	Abreastpump2.jpg	Abreastpump2.jpg	NOKEY	MAX	NOKEY
1444933835684	0	lts_1015I_07_01	07	01	1	160	0	0	0	CR	MAX	Brusselssprouts.jpg	Brusselssprouts.jpg	NOKEY	MAX	NOKEY
1444933836821	0	lts_1015I_07_01	07	01	1	161	16	1	1	Hit	661	16-mul/Achildtoy2.jpg	Achildtoy2.jpg	SPACE	703	SPACE
1444933839897	0	lts_1015I_07_01	07	01	1	162	0	0	0	CR	MAX	ABONGO3.jpg	ABONGO3.jpg	NOKEY	MAX	NOKEY
1444933842973	0	lts_1015I_07_01	07	01	1	163	0	0	0	CR	MAX	64/Aleatherpenc9.jpg	Aleatherpenc9.jpg	NOKEY	MAX	NOKEY
1444933846050	0	lts_1015I_07_01	07	01	1	164	0	0	0	CR	MAX	schoolbus.jpg	schoolbus.jpg	NOKEY	MAX	NOKEY
1444933849143	0	lts_1015I_07_01	07	01	1	165	0	0	0	CR	MAX	stickersparty.jpg	stickersparty.jpg	NOKEY	MAX	NOKEY
1444933852219	0	lts_1015I_07_01	07	01	1	166	0	0	0	CR	MAX	Abikinitop5.jpg	Abikinitop5.jpg	NOKEY	MAX	NOKEY
1444933855295	0	lts_1015I_07_01	07	01	1	167	0	0	0	CR	MAX	22886412.thl.jpg	22886412.thl.jpg	NOKEY	MAX	NOKEY
1444933858371	0	lts_1015I_07_01	07	01	1	168	0	0	0	CR	MAX	16/Atoytaxi3.jpg	Atoytaxi3.jpg	NOKEY	MAX	NOKEY
1444933861447	0	lts_1015I_07_01	07	01	1	169	0	0	0	CR	MAX	ABATHSTE2.jpg	ABATHSTE2.jpg	NOKEY	MAX	NOKEY
1444933862534	0	lts_1015I_07_01	07	01	1	170	32	1	1	Hit	614	32-1/hotgreenpepper.jpg	hotgreenpepper.jpg	SPACE	652	SPACE
1444933865609	0	lts_1015I_07_01	07	01	1	171	0	0	0	CR	MAX	26425323.thl.jpg	26425323.thl.jpg	NOKEY	MAX	NOKEY
1444933868685	0	lts_1015I_07_01	07	01	1	172	0	0	0	CR	MAX	4/26434233.thl.jpg	26434233.thl.jpg	NOKEY	MAX	NOKEY
1444933871761	0	lts_1015I_07_01	07	01	1	173	0	0	0	CR	MAX	8/AMUSICSTA.jpg	AMUSICSTA.jpg	NOKEY	MAX	NOKEY
1444933874854	0	lts_1015I_07_01	07	01	1	174	0	0	0	CR	MAX	Aantiquejuke2.jpg	Aantiquejuke2.jpg	NOKEY	MAX	NOKEY
1444933877931	0	lts_1015I_07_01	07	01	1	175	0	0	0	CR	MAX	ACURLER.jpg	ACURLER.jpg	NOKEY	MAX	NOKEY
1444933879001	0	lts_1015I_07_01	07	01	1	176	4	1	1	Hit	586	4-2/26434233.thl.jpg	26434233.thl.jpg	SPACE	636	SPACE
1444933882077	0	lts_1015I_07_01	07	01	1	177	0	0	0	CR	MAX	AVIOLINCO.jpg	AVIOLINCO.jpg	NOKEY	MAX	NOKEY
1444933885170	0	lts_1015I_07_01	07	01	1	178	0	0	0	CR	MAX	26434250.thl.jpg	26434250.thl.jpg	NOKEY	MAX	NOKEY
1444933888246	0	lts_1015I_07_01	07	01	1	179	0	0	0	CR	MAX	8/26422216.thl.jpg	26422216.thl.jpg	NOKEY	MAX	NOKEY
1444933891322	0	lts_1015I_07_01	07	01	1	180	0	0	0	CR	MAX	garlic.jpg	garlic.jpg	NOKEY	MAX	NOKEY
1444933892342	0	lts_1015I_07_01	07	01	1	181	8	1	1	Hit	538	8-2/AMUSICSTA.jpg	AMUSICSTA.jpg	SPACE	584	SPACE
1444933895418	0	lts_1015I_07_01	07	01	1	182	0	0	0	CR	MAX	babyswig.jpg	babyswig.jpg	NOKEY	MAX	NOKEY
1444933898494	0	lts_1015I_07_01	07	01	1	183	0	0	0	CR	MAX	Akeg6.jpg	Akeg6.jpg	NOKEY	MAX	NOKEY
1444933899413	0	lts_1015I_07_01	07	01	1	184	16	1	1	Hit	443	16-first/Atoytaxi3.jpg	Atoytaxi3.jpg	SPACE	484	SPACE
1444933902490	0	lts_1015I_07_01	07	01	1	185	0	0	0	CR	MAX	26391173.thl.jpg	26391173.thl.jpg	NOKEY	MAX	NOKEY
1444933905566	0	lts_1015I_07_01	07	01	1	186	0	0	0	CR	MAX	oignonrings.jpg	oignonrings.jpg	NOKEY	MAX	NOKEY
1444933906668	0	lts_1015I_07_01	07	01	1	187	8	1	1	Hit	630	8-first/26422216.thl.jpg	26422216.thl.jpg	SPACE	669	SPACE
1444933909744	0	lts_1015I_07_01	07	01	1	188	0	0	0	CR	MAX	8057434.thl.jpg	8057434.thl.jpg	NOKEY	MAX	NOKEY
1444933912820	0	lts_1015I_07_01	07	01	1	189	0	0	0	CR	MAX	tuxedo.jpg	tuxedo.jpg	NOKEY	MAX	NOKEY
1444933915896	0	lts_1015I_07_01	07	01	1	190	0	0	0	CR	MAX	16/Adeer16.jpg	Adeer16.jpg	NOKEY	MAX	NOKEY
1444933916949	0	lts_1015I_07_01	07	01	1	191	4	1	1	Hit	575	4-mul/26422216.thl.jpg	26422216.thl.jpg	SPACE	619	SPACE
1444933920026	0	lts_1015I_07_01	07	01	1	192	0	0	0	CR	MAX	ADART3.jpg	ADART3.jpg	NOKEY	MAX	NOKEY
1444933923102	0	lts_1015I_07_01	07	01	1	193	0	0	0	CR	MAX	chocolatbox.jpg	chocolatbox.jpg	NOKEY	MAX	NOKEY
1444933926195	0	lts_1015I_07_01	07	01	1	194	0	0	0	CR	MAX	64/Apuzzle8.jpg	Apuzzle8.jpg	NOKEY	MAX	NOKEY
1444933929271	0	lts_1015I_07_01	07	01	1	195	0	0	0	CR	MAX	Akitchensinka.jpg	Akitchensinka.jpg	NOKEY	MAX	NOKEY
1444933930525	0	lts_1015I_07_01	07	01	1	196	128	1	1	Hit	773	128-5/Acane116.jpg	Acane116.jpg	SPACE	819	SPACE
1444933933601	0	lts_1015I_07_01	07	01	1	197	0	0	0	CR	MAX	Atoytheatre2.jpg	Atoytheatre2.jpg	NOKEY	MAX	NOKEY
1444933936676	0	lts_1015I_07_01	07	01	1	198	0	0	0	CR	MAX	AGRAINSI5.jpg	AGRAINSI5.jpg	NOKEY	MAX	NOKEY
1444933939752	0	lts_1015I_07_01	07	01	1	199	0	0	0	CR	MAX	ABIKLIGHT.jpg	ABIKLIGHT.jpg	NOKEY	MAX	NOKEY
1444933940755	0	lts_1015I_07_01	07	01	1	200	16	1	1	Hit	533	16-mul/Atoytaxi3.jpg	Atoytaxi3.jpg	SPACE	569	SPACE
1444933943832	0	lts_1015I_07_01	07	01	1	201	0	0	0	CR	MAX	AGOUDA.jpg	AGOUDA.jpg	NOKEY	MAX	NOKEY
1444933946924	0	lts_1015I_07_01	07	01	1	202	0	0	0	CR	MAX	32/imate.jpg	imate.jpg	NOKEY	MAX	NOKEY
1444933950001	0	lts_1015I_07_01	07	01	1	203	0	0	0	CR	MAX	swimming pool.jpg	swimming pool.jpg	NOKEY	MAX	NOKEY
1444933953077	0	lts_1015I_07_01	07	01	1	204	0	0	0	CR	MAX	ACHEESEB3.jpg	ACHEESEB3.jpg	NOKEY	MAX	NOKEY
1444933956170	0	lts_1015I_07_01	07	01	1	205	0	0	0	CR	MAX	Aplastichousi.jpg	Aplastichousi.jpg	NOKEY	MAX	NOKEY
1444933957257	0	lts_1015I_07_01	07	01	1	206	16	1	1	Hit	602	16-first/Adeer16.jpg	Adeer16.jpg	SPACE	651	SPACE
1444933960333	0	lts_1015I_07_01	07	01	1	207	0	0	0	CR	MAX	26370445.thl.jpg	26370445.thl.jpg	NOKEY	MAX	NOKEY
1444933963409	0	lts_1015I_07_01	07	01	1	208	0	0	0	CR	MAX	frtslpamix.jpg	frtslpamix.jpg	NOKEY	MAX	NOKEY
1444933966485	0	lts_1015I_07_01	07	01	1	209	0	0	0	CR	MAX	Awheatstalks2.jpg	Awheatstalks2.jpg	NOKEY	MAX	NOKEY
1444933967805	0	lts_1015I_07_01	07	01	1	210	4	1	1	Hit	839	4-mul/Adeer16.jpg	Adeer16.jpg	SPACE	886	SPACE
1444933970881	0	lts_1015I_07_01	07	01	1	211	0	0	0	CR	MAX	Acementfinish.jpg	Acementfinish.jpg	NOKEY	MAX	NOKEY
1444933973974	0	lts_1015I_07_01	07	01	1	212	0	0	0	CR	MAX	Ainflatablem6.jpg	Ainflatablem6.jpg	NOKEY	MAX	NOKEY
1444933977051	0	lts_1015I_07_01	07	01	1	213	0	0	0	CR	MAX	ACHILDISH.jpg	ACHILDISH.jpg	NOKEY	MAX	NOKEY
1444933980127	0	lts_1015I_07_01	07	01	1	214	0	0	0	CR	MAX	64/26421575.thl.jpg	26421575.thl.jpg	NOKEY	MAX	NOKEY
1444933983203	0	lts_1015I_07_01	07	01	1	215	0	0	0	CR	MAX	Abagofpaperfl.jpg	Abagofpaperfl.jpg	NOKEY	MAX	NOKEY
1444933984457	0	lts_1015I_07_01	07	01	1	216	128	1	1	Hit	779	128-1/Acentipede4.jpg	Acentipede4.jpg	SPACE	819	SPACE
1444933987533	0	lts_1015I_07_01	07	01	1	217	0	0	0	CR	MAX	Axmastre5.jpg	Axmastre5.jpg	NOKEY	MAX	NOKEY
1444933990609	0	lts_1015I_07_01	07	01	1	218	0	0	0	CR	MAX	ADRIARRA2.jpg	ADRIARRA2.jpg	NOKEY	MAX	NOKEY
1444933993684	0	lts_1015I_07_01	07	01	1	219	0	0	0	CR	MAX	1/AWOODENF3.jpg	AWOODENF3.jpg	NOKEY	MAX	NOKEY
1444933994620	0	lts_1015I_07_01	07	01	1	220	1	1	1	Hit	467	1-7/AWOODENF3.jpg	AWOODENF3.jpg	SPACE	503	SPACE
1444933997697	0	lts_1015I_07_01	07	01	1	221	0	0	0	CR	MAX	Astreetlampwi.jpg	Astreetlampwi.jpg	NOKEY	MAX	NOKEY
1444934000772	0	lts_1015I_07_01	07	01	1	222	0	0	0	CR	MAX	Astackingtoy2.jpg	Astackingtoy2.jpg	NOKEY	MAX	NOKEY
1444934003848	0	lts_1015I_07_01	07	01	1	223	128	1	0	Miss	MAX	128-6/Apinkshoe.jpg	Apinkshoe.jpg	NOKEY	MAX	SPACE
1444934006924	0	lts_1015I_07_01	07	01	1	224	0	0	0	CR	MAX	ARETRACT2.jpg	ARETRACT2.jpg	NOKEY	MAX	NOKEY
1444934010001	0	lts_1015I_07_01	07	01	1	225	0	0	0	CR	MAX	26685948.thl.jpg	26685948.thl.jpg	NOKEY	MAX	NOKEY
1444934013077	0	lts_1015I_07_01	07	01	1	226	0	0	0	CR	MAX	Abrownbagwith.jpg	Abrownbagwith.jpg	NOKEY	MAX	NOKEY
1444934014181	0	lts_1015I_07_01	07	01	1	227	64	1	1	Hit	629	64-first/Aleatherpenc9.jpg	Aleatherpenc9.jpg	SPACE	668	SPACE
1444934017257	0	lts_1015I_07_01	07	01	1	228	0	0	0	CR	MAX	ATIMECLO3.jpg	ATIMECLO3.jpg	NOKEY	MAX	NOKEY
1444934020333	0	lts_1015I_07_01	07	01	1	229	0	0	0	CR	MAX	gymbench.jpg	gymbench.jpg	NOKEY	MAX	NOKEY
1444934023426	0	lts_1015I_07_01	07	01	1	230	0	0	0	CR	MAX	driedprune.jpg	driedprune.jpg	NOKEY	MAX	NOKEY
1444934025114	0	lts_1015I_07_01	07	01	1	231	4	1	1	Hit	1207	4-mul/Aleatherpenc9.jpg	Aleatherpenc9.jpg	SPACE	1253	SPACE
1444934028190	0	lts_1015I_07_01	07	01	1	232	0	0	0	CR	MAX	Aglass33.jpg	Aglass33.jpg	NOKEY	MAX	NOKEY
1444934031266	0	lts_1015I_07_01	07	01	1	233	0	0	0	CR	MAX	64/AWINTSOC2.jpg	AWINTSOC2.jpg	NOKEY	MAX	NOKEY
1444934032336	0	lts_1015I_07_01	07	01	1	234	32	1	1	Hit	593	32-2/imate.jpg	imate.jpg	SPACE	634	SPACE
1444934035412	0	lts_1015I_07_01	07	01	1	235	0	0	0	CR	MAX	8/AHANDRAK.jpg	AHANDRAK.jpg	NOKEY	MAX	NOKEY
1444934038488	0	lts_1015I_07_01	07	01	1	236	0	0	0	CR	MAX	Adracmask.jpg	Adracmask.jpg	NOKEY	MAX	NOKEY
1444934041564	0	lts_1015I_07_01	07	01	1	237	0	0	0	CR	MAX	Abicyclegear2.jpg	Abicyclegear2.jpg	NOKEY	MAX	NOKEY
1444934044640	0	lts_1015I_07_01	07	01	1	238	0	0	0	CR	MAX	26374605.thl.jpg	26374605.thl.jpg	NOKEY	MAX	NOKEY
1444934047716	0	lts_1015I_07_01	07	01	1	239	0	0	0	CR	MAX	1/ACAESALAD.jpg	ACAESALAD.jpg	NOKEY	MAX	NOKEY
1444934048735	0	lts_1015I_07_01	07	01	1	240	1	1	1	Hit	542	1-2/ACAESALAD.jpg	ACAESALAD.jpg	SPACE	586	SPACE
1444934051811	0	lts_1015I_07_01	07	01	1	241	0	0	0	CR	MAX	8/Aflyingeagle9.jpg	Aflyingeagle9.jpg	NOKEY	MAX	NOKEY
1444934054888	0	lts_1015I_07_01	07	01	1	242	0	0	0	CR	MAX	Athimble2.jpg	Athimble2.jpg	NOKEY	MAX	NOKEY
1444934055924	0	lts_1015I_07_01	07	01	1	243	8	1	1	Hit	553	8-first/AHANDRAK.jpg	AHANDRAK.jpg	SPACE	603	SPACE
1444934059018	0	lts_1015I_07_01	07	01	1	244	0	0	0	CR	MAX	Amannequin2.jpg	Amannequin2.jpg	NOKEY	MAX	NOKEY
1444934060004	0	lts_1015I_07_01	07	01	1	245	2	1	1	Hit	517	2-mul/AHANDRAK.jpg	AHANDRAK.jpg	SPACE	552	SPACE
1444934063080	0	lts_1015I_07_01	07	01	1	246	0	0	0	CR	MAX	Atoycoffeepo2.jpg	Atoycoffeepo2.jpg	NOKEY	MAX	NOKEY
1444934066156	0	lts_1015I_07_01	07	01	1	247	128	1	0	Miss	MAX	128-7/APLATE17.jpg	APLATE17.jpg	NOKEY	MAX	SPACE
1444934069232	0	lts_1015I_07_01	07	01	1	248	0	0	0	CR	MAX	8021515.thl.jpg	8021515.thl.jpg	NOKEY	MAX	NOKEY
1444934070453	0	lts_1015I_07_01	07	01	1	249	8	1	1	Hit	736	8-first/Aflyingeagle9.jpg	Aflyingeagle9.jpg	SPACE	786	SPACE
1444934073546	0	lts_1015I_07_01	07	01	1	250	0	0	0	CR	MAX	26437064.thl.jpg	26437064.thl.jpg	NOKEY	MAX	NOKEY
1444934076621	0	lts_1015I_07_01	07	01	1	251	0	0	0	CR	MAX	ACANOL.jpg	ACANOL.jpg	NOKEY	MAX	NOKEY
1444934079697	0	lts_1015I_07_01	07	01	1	252	0	0	0	CR	MAX	APUPPY26.jpg	APUPPY26.jpg	NOKEY	MAX	NOKEY
1444934080850	0	lts_1015I_07_01	07	01	1	253	4	1	1	Hit	678	4-mul/Aflyingeagle9.jpg	Aflyingeagle9.jpg	SPACE	720	SPACE
1444934083926	0	lts_1015I_07_01	07	01	1	254	0	0	0	CR	MAX	1/ABILLTABL.jpg	ABILLTABL.jpg	NOKEY	MAX	NOKEY
1444934084963	0	lts_1015I_07_01	07	01	1	255	1	1	1	Hit	556	1-0/ABILLTABL.jpg	ABILLTABL.jpg	SPACE	603	SPACE
1444934086335	0	lts_1015I_07_01	07	01	1	256	0	0	1	FA	892	Acamcorde.jpg	Acamcorde.jpg	SPACE	936	NOKEY
1444934089411	0	lts_1015I_07_01	07	01	1	257	0	0	0	CR	MAX	9815480.thl.jpg	9815480.thl.jpg	NOKEY	MAX	NOKEY
1444934090680	0	lts_1015I_07_01	07	01	1	258	64	1	1	Hit	788	64-first/Apuzzle8.jpg	Apuzzle8.jpg	SPACE	836	SPACE
1444934093773	0	lts_1015I_07_01	07	01	1	259	0	0	0	CR	MAX	8/AWEIGHTS3.jpg	AWEIGHTS3.jpg	NOKEY	MAX	NOKEY
1444934096849	0	lts_1015I_07_01	07	01	1	260	0	0	0	CR	MAX	Aservicedesk.jpg	Aservicedesk.jpg	NOKEY	MAX	NOKEY
1444934099925	0	lts_1015I_07_01	07	01	1	261	0	0	0	CR	MAX	AHUNTVES2.jpg	AHUNTVES2.jpg	NOKEY	MAX	NOKEY
1444934103002	0	lts_1015I_07_01	07	01	1	262	128	1	0	Miss	MAX	128-4/8023888.thl.jpg	8023888.thl.jpg	NOKEY	MAX	SPACE
1444934106078	0	lts_1015I_07_01	07	01	1	263	0	0	0	CR	MAX	2/26425573.thl.jpg	26425573.thl.jpg	NOKEY	MAX	NOKEY
1444934109154	0	lts_1015I_07_01	07	01	1	264	0	0	0	CR	MAX	ACUPEANE2.jpg	ACUPEANE2.jpg	NOKEY	MAX	NOKEY
1444934110258	0	lts_1015I_07_01	07	01	1	265	2	1	1	Hit	626	2-13/26425573.thl.jpg	26425573.thl.jpg	SPACE	668	SPACE
1444934113334	0	lts_1015I_07_01	07	01	1	266	0	0	0	CR	MAX	AHARP.jpg	AHARP.jpg	NOKEY	MAX	NOKEY
1444934114804	0	lts_1015I_07_01	07	01	1	267	8	1	1	Hit	999	8-first/AWEIGHTS3.jpg	AWEIGHTS3.jpg	SPACE	1037	SPACE
1444934117880	0	lts_1015I_07_01	07	01	1	268	0	0	0	CR	MAX	AALTAR.jpg	AALTAR.jpg	NOKEY	MAX	NOKEY
1444934120956	0	lts_1015I_07_01	07	01	1	269	00	1	0	Miss	MAX	00-across/26545643.thl.jpg	26545643.thl.jpg	NOKEY	MAX	SPACE
1444934124050	0	lts_1015I_07_01	07	01	1	270	0	0	0	CR	MAX	128/Afruitbasket2.jpg	Afruitbasket2.jpg	NOKEY	MAX	NOKEY
1444934127126	0	lts_1015I_07_01	07	01	1	271	0	0	0	CR	MAX	16/26434297.thl.jpg	26434297.thl.jpg	NOKEY	MAX	NOKEY
1444934128330	0	lts_1015I_07_01	07	01	1	272	00	1	1	Hit	730	00-across/ringbox03.jpg	ringbox03.jpg	SPACE	768	SPACE
1444934131406	0	lts_1015I_07_01	07	01	1	273	0	0	0	CR	MAX	AHALLOWE3.jpg	AHALLOWE3.jpg	NOKEY	MAX	NOKEY
1444934132593	0	lts_1015I_07_01	07	01	1	274	16	1	1	Hit	710	16-mul/Apuzzle8.jpg	Apuzzle8.jpg	SPACE	752	SPACE
1444934135668	0	lts_1015I_07_01	07	01	1	275	0	0	0	CR	MAX	AICEAXE2.jpg	AICEAXE2.jpg	NOKEY	MAX	NOKEY
1444934138744	0	lts_1015I_07_01	07	01	1	276	0	0	0	CR	MAX	Atool62.jpg	Atool62.jpg	NOKEY	MAX	NOKEY
1444934141820	0	lts_1015I_07_01	07	01	1	277	0	0	0	CR	MAX	ARECORDC2.jpg	ARECORDC2.jpg	NOKEY	MAX	NOKEY
1444934144896	0	lts_1015I_07_01	07	01	1	278	64	1	0	Miss	MAX	64-first/26421575.thl.jpg	26421575.thl.jpg	NOKEY	MAX	SPACE
1444934147972	0	lts_1015I_07_01	07	01	1	279	0	0	0	CR	MAX	64/ABALLYAR4.jpg	ABALLYAR4.jpg	NOKEY	MAX	NOKEY
1444934148975	0	lts_1015I_07_01	07	01	1	280	2	1	1	Hit	530	2-mul/26421575.thl.jpg	26421575.thl.jpg	SPACE	569	SPACE
1444934152069	0	lts_1015I_07_01	07	01	1	281	0	0	0	CR	MAX	8257947.thl.jpg	8257947.thl.jpg	NOKEY	MAX	NOKEY
1444934155145	0	lts_1015I_07_01	07	01	1	282	0	0	0	CR	MAX	Acampingknife.jpg	Acampingknife.jpg	NOKEY	MAX	NOKEY
1444934156198	0	lts_1015I_07_01	07	01	1	283	16	1	1	Hit	580	16-mul/AWEIGHTS3.jpg	AWEIGHTS3.jpg	SPACE	618	SPACE
1444934159274	0	lts_1015I_07_01	07	01	1	284	0	0	0	CR	MAX	22883664.thl.jpg	22883664.thl.jpg	NOKEY	MAX	NOKEY
1444934162350	0	lts_1015I_07_01	07	01	1	285	0	0	0	CR	MAX	22827540.thl.jpg	22827540.thl.jpg	NOKEY	MAX	NOKEY
1444934165426	0	lts_1015I_07_01	07	01	1	286	0	0	0	CR	MAX	BeautyNBeast.jpg	BeautyNBeast.jpg	NOKEY	MAX	NOKEY
1444934166446	0	lts_1015I_07_01	07	01	1	287	16	1	1	Hit	550	16-first/26434297.thl.jpg	26434297.thl.jpg	SPACE	585	SPACE
1444934169522	0	lts_1015I_07_01	07	01	1	288	0	0	0	CR	MAX	Amousepad.jpg	Amousepad.jpg	NOKEY	MAX	NOKEY
1444934172598	0	lts_1015I_07_01	07	01	1	289	0	0	0	CR	MAX	Athermos7.jpg	Athermos7.jpg	NOKEY	MAX	NOKEY
1444934173868	0	lts_1015I_07_01	07	01	1	290	0	0	1	FA	777	Atoypanda.jpg	Atoypanda.jpg	SPACE	821	NOKEY
1444934174954	0	lts_1015I_07_01	07	01	1	291	4	1	1	Hit	609	4-mul/26434297.thl.jpg	26434297.thl.jpg	SPACE	653	SPACE
1444934178032	0	lts_1015I_07_01	07	01	1	292	0	0	0	CR	MAX	Aconferencer3.jpg	Aconferencer3.jpg	NOKEY	MAX	NOKEY
1444934181108	0	lts_1015I_07_01	07	01	1	293	0	0	0	CR	MAX	AHEATER.jpg	AHEATER.jpg	NOKEY	MAX	NOKEY
1444934184184	0	lts_1015I_07_01	07	01	1	294	0	0	0	CR	MAX	22924880.thl.jpg	22924880.thl.jpg	NOKEY	MAX	NOKEY
1444934187276	0	lts_1015I_07_01	07	01	1	295	0	0	0	CR	MAX	8/slide.jpg	slide.jpg	NOKEY	MAX	NOKEY
1444934190353	0	lts_1015I_07_01	07	01	1	296	0	0	0	CR	MAX	26440261.thl.jpg	26440261.thl.jpg	NOKEY	MAX	NOKEY
1444934191689	0	lts_1015I_07_01	07	01	1	297	64	1	1	Hit	854	64-first/AWINTSOC2.jpg	AWINTSOC2.jpg	SPACE	903	SPACE
1444934194765	0	lts_1015I_07_01	07	01	1	298	0	0	0	CR	MAX	1/26423652.thl.jpg	26423652.thl.jpg	NOKEY	MAX	NOKEY
1444934195718	0	lts_1015I_07_01	07	01	1	299	1	1	1	Hit	481	1-13/26423652.thl.jpg	26423652.thl.jpg	SPACE	519	SPACE
1444934198794	0	lts_1015I_07_01	07	01	1	300	0	0	0	CR	MAX	8/26427612.thl.jpg	26427612.thl.jpg	NOKEY	MAX	NOKEY
1444934199764	0	lts_1015I_07_01	07	01	1	301	4	1	1	Hit	501	4-mul/AWINTSOC2.jpg	AWINTSOC2.jpg	SPACE	536	SPACE
1444934202840	0	lts_1015I_07_01	07	01	1	302	0	0	0	CR	MAX	heartchocolat.jpg	heartchocolat.jpg	NOKEY	MAX	NOKEY
1444934205916	0	lts_1015I_07_01	07	01	1	303	8	1	0	Miss	MAX	8-first/slide.jpg	slide.jpg	NOKEY	MAX	SPACE
1444934208992	0	lts_1015I_07_01	07	01	1	304	0	0	0	CR	MAX	ACPU2.jpg	ACPU2.jpg	NOKEY	MAX	NOKEY
1444934210013	0	lts_1015I_07_01	07	01	1	305	2	1	1	Hit	541	2-mul/slide.jpg	slide.jpg	SPACE	585	SPACE
1444934213089	0	lts_1015I_07_01	07	01	1	306	0	0	0	CR	MAX	26451269.thl.jpg	26451269.thl.jpg	NOKEY	MAX	NOKEY
1444934216165	0	lts_1015I_07_01	07	01	1	307	0	0	0	CR	MAX	Acleaningpro6.jpg	Acleaningpro6.jpg	NOKEY	MAX	NOKEY
1444934217435	0	lts_1015I_07_01	07	01	1	308	8	1	1	Hit	794	8-first/26427612.thl.jpg	26427612.thl.jpg	SPACE	836	SPACE
1444934220511	0	lts_1015I_07_01	07	01	1	309	0	0	0	CR	MAX	Atoyworm.jpg	Atoyworm.jpg	NOKEY	MAX	NOKEY
1444934223587	0	lts_1015I_07_01	07	01	1	310	0	0	0	CR	MAX	Acork6.jpg	Acork6.jpg	NOKEY	MAX	NOKEY
1444934226662	0	lts_1015I_07_01	07	01	1	311	0	0	0	CR	MAX	64/26376346.thl.jpg	26376346.thl.jpg	NOKEY	MAX	NOKEY
1444934227699	0	lts_1015I_07_01	07	01	1	312	4	1	1	Hit	558	4-mul/26427612.thl.jpg	26427612.thl.jpg	SPACE	603	SPACE
1444934230775	0	lts_1015I_07_01	07	01	1	313	0	0	0	CR	MAX	ADUNEBUGG.jpg	ADUNEBUGG.jpg	NOKEY	MAX	NOKEY
1444934233851	0	lts_1015I_07_01	07	01	1	314	0	0	0	CR	MAX	4/Apizzadoughin.jpg	Apizzadoughin.jpg	NOKEY	MAX	NOKEY
1444934236927	0	lts_1015I_07_01	07	01	1	315	0	0	0	CR	MAX	dftslturapr.jpg	dftslturapr.jpg	NOKEY	MAX	NOKEY
1444934238616	0	lts_1015I_07_01	07	01	1	316	00	1	1	Hit	1214	00-across/23014831.thl.jpg	23014831.thl.jpg	SPACE	1255	SPACE
1444934241692	0	lts_1015I_07_01	07	01	1	317	0	0	0	CR	MAX	ACOFFTA18.jpg	ACOFFTA18.jpg	NOKEY	MAX	NOKEY
1444934244768	0	lts_1015I_07_01	07	01	1	318	4	1	0	Miss	MAX	4-4/Apizzadoughin.jpg	Apizzadoughin.jpg	NOKEY	MAX	SPACE
1444934247861	0	lts_1015I_07_01	07	01	1	319	0	0	0	CR	MAX	32/Alock34.jpg	Alock34.jpg	NOKEY	MAX	NOKEY
1444934250937	0	lts_1015I_07_01	07	01	1	320	0	0	0	CR	MAX	AANALCIME.jpg	AANALCIME.jpg	NOKEY	MAX	NOKEY
1444934254014	0	lts_1015I_07_01	07	01	1	321	0	0	0	CR	MAX	32/APYRITE7.jpg	APYRITE7.jpg	NOKEY	MAX	NOKEY
1444934257090	0	lts_1015I_07_01	07	01	1	322	0	0	0	CR	MAX	2/AACORN2.jpg	AACORN2.jpg	NOKEY	MAX	NOKEY
1444934260166	0	lts_1015I_07_01	07	01	1	323	0	0	0	CR	MAX	ALITERBOX.jpg	ALITERBOX.jpg	NOKEY	MAX	NOKEY
1444934261202	0	lts_1015I_07_01	07	01	1	324	2	1	1	Hit	558	2-4/AACORN2.jpg	AACORN2.jpg	SPACE	601	SPACE
1444934262656	0	lts_1015I_07_01	07	01	1	325	0	0	1	FA	963	APAGODAMO.jpg	APAGODAMO.jpg	SPACE	1003	NOKEY
1444934265732	0	lts_1015I_07_01	07	01	1	326	0	0	0	CR	MAX	2/AMAPLESYR.jpg	AMAPLESYR.jpg	NOKEY	MAX	NOKEY
1444934268808	0	lts_1015I_07_01	07	01	1	327	0	0	0	CR	MAX	4/Afirstaidkit3.jpg	Afirstaidkit3.jpg	NOKEY	MAX	NOKEY
1444934269828	0	lts_1015I_07_01	07	01	1	328	2	1	1	Hit	537	2-8/AMAPLESYR.jpg	AMAPLESYR.jpg	SPACE	587	SPACE
1444934271551	0	lts_1015I_07_01	07	01	1	329	0	0	1	FA	1253	Aflowerpot9.jpg	Aflowerpot9.jpg	SPACE	1288	NOKEY
1444934274626	0	lts_1015I_07_01	07	01	1	330	0	0	0	CR	MAX	4/Aeggsandwich6.jpg	Aeggsandwich6.jpg	NOKEY	MAX	NOKEY
1444934276014	0	lts_1015I_07_01	07	01	1	331	4	1	1	Hit	904	4-9/Afirstaidkit3.jpg	Afirstaidkit3.jpg	SPACE	954	SPACE
1444934279107	0	lts_1015I_07_01	07	01	1	332	0	0	0	CR	MAX	DSCN9735-sm.jpg	DSCN9735-sm.jpg	NOKEY	MAX	NOKEY
1444934282183	0	lts_1015I_07_01	07	01	1	333	0	0	0	CR	MAX	AGUINEAP2.jpg	AGUINEAP2.jpg	NOKEY	MAX	NOKEY
1444934283303	0	lts_1015I_07_01	07	01	1	334	4	1	1	Hit	639	4-1/Aeggsandwich6.jpg	Aeggsandwich6.jpg	SPACE	684	SPACE
1444934286379	0	lts_1015I_07_01	07	01	1	335	0	0	0	CR	MAX	26423905.thl.jpg	26423905.thl.jpg	NOKEY	MAX	NOKEY
1444934289455	0	lts_1015I_07_01	07	01	1	336	0	0	0	CR	MAX	1/26374899.thl.jpg	26374899.thl.jpg	NOKEY	MAX	NOKEY
1444934290525	0	lts_1015I_07_01	07	01	1	337	1	1	1	Hit	594	1-4/26374899.thl.jpg	26374899.thl.jpg	SPACE	635	SPACE
1444934293601	0	lts_1015I_07_01	07	01	1	338	0	0	0	CR	MAX	32/22854888.thl.jpg	22854888.thl.jpg	NOKEY	MAX	NOKEY
1444934296743	0	lts_1015I_07_01	07	01	1	339	0	0	0	CR	MAX	2/ACIGARCU3.jpg	ACIGARCU3.jpg	NOKEY	MAX	NOKEY
1444934299819	0	lts_1015I_07_01	07	01	1	340	0	0	0	CR	MAX	Aclimbersicep.jpg	Aclimbersicep.jpg	NOKEY	MAX	NOKEY
1444934302895	0	lts_1015I_07_01	07	01	1	341	2	1	0	Miss	MAX	2-12/ACIGARCU3.jpg	ACIGARCU3.jpg	NOKEY	MAX	SPACE
1444934305971	0	lts_1015I_07_01	07	01	1	342	0	0	0	CR	MAX	AEIFFELTO.jpg	AEIFFELTO.jpg	NOKEY	MAX	NOKEY
1444934307076	0	lts_1015I_07_01	07	01	1	343	64	1	1	Hit	626	64-first/ABALLYAR4.jpg	ABALLYAR4.jpg	SPACE	669	SPACE
1444934308430	0	lts_1015I_07_01	07	01	1	344	0	0	1	FA	851	2/Aspoon14.jpg	Aspoon14.jpg	SPACE	903	NOKEY
1444934311506	0	lts_1015I_07_01	07	01	1	345	0	0	0	CR	MAX	Ajetski15.jpg	Ajetski15.jpg	NOKEY	MAX	NOKEY
1444934312576	0	lts_1015I_07_01	07	01	1	346	2	1	1	Hit	589	2-7/Aspoon14.jpg	Aspoon14.jpg	SPACE	635	SPACE
1444934315651	0	lts_1015I_07_01	07	01	1	347	0	0	0	CR	MAX	ASKYDIVE.jpg	ASKYDIVE.jpg	NOKEY	MAX	NOKEY
1444934318727	0	lts_1015I_07_01	07	01	1	348	0	0	0	CR	MAX	22923440.thl.jpg	22923440.thl.jpg	NOKEY	MAX	NOKEY
1444934320082	0	lts_1015I_07_01	07	01	1	349	0	0	1	FA	872	26387568.thl.jpg	26387568.thl.jpg	SPACE	919	NOKEY
1444934323158	0	lts_1015I_07_01	07	01	1	350	0	0	0	CR	MAX	ACANOPEN6.jpg	ACANOPEN6.jpg	NOKEY	MAX	NOKEY
1444934324312	0	lts_1015I_07_01	07	01	1	351	32	1	1	Hit	676	32-7/Alock34.jpg	Alock34.jpg	SPACE	718	SPACE
1444934327388	0	lts_1015I_07_01	07	01	1	352	0	0	0	CR	MAX	Areceiptmach2.jpg	Areceiptmach2.jpg	NOKEY	MAX	NOKEY
1444934328525	0	lts_1015I_07_01	07	01	1	353	32	1	1	Hit	661	32-9/APYRITE7.jpg	APYRITE7.jpg	SPACE	703	SPACE
1444934331601	0	lts_1015I_07_01	07	01	1	354	0	0	0	CR	MAX	26464872.thl.jpg	26464872.thl.jpg	NOKEY	MAX	NOKEY
1444934332820	0	lts_1015I_07_01	07	01	1	355	0	0	1	FA	727	AWOODBIN.jpg	AWOODBIN.jpg	SPACE	770	NOKEY
1444934335896	0	lts_1015I_07_01	07	01	1	356	00	1	0	Miss	MAX	00-across/26545643.thl.jpg	26545643.thl.jpg	NOKEY	MAX	SPACE
1444934338972	0	lts_1015I_07_01	07	01	1	357	0	0	0	CR	MAX	64/Acookiejar14.jpg	Acookiejar14.jpg	NOKEY	MAX	NOKEY
1444934342049	0	lts_1015I_07_01	07	01	1	358	0	0	0	CR	MAX	Amouthpiece4.jpg	Amouthpiece4.jpg	NOKEY	MAX	NOKEY
1444934343052	0	lts_1015I_07_01	07	01	1	359	16	1	1	Hit	523	16-mul/ABALLYAR4.jpg	ABALLYAR4.jpg	SPACE	567	SPACE
1444934346129	0	lts_1015I_07_01	07	01	1	360	0	0	0	CR	MAX	ATOYTREE.jpg	ATOYTREE.jpg	NOKEY	MAX	NOKEY
1444934349205	0	lts_1015I_07_01	07	01	1	361	0	0	0	CR	MAX	ATINSTRAP.jpg	ATINSTRAP.jpg	NOKEY	MAX	NOKEY
1444934352281	0	lts_1015I_07_01	07	01	1	362	0	0	0	CR	MAX	4/legoblocks.jpg	legoblocks.jpg	NOKEY	MAX	NOKEY
1444934355357	0	lts_1015I_07_01	07	01	1	363	0	0	0	CR	MAX	1/Achair608.jpg	Achair608.jpg	NOKEY	MAX	NOKEY
1444934356293	0	lts_1015I_07_01	07	01	1	364	1	1	1	Hit	464	1-12/Achair608.jpg	Achair608.jpg	SPACE	501	SPACE
1444934359369	0	lts_1015I_07_01	07	01	1	365	0	0	0	CR	MAX	tires.jpg	tires.jpg	NOKEY	MAX	NOKEY
1444934360405	0	lts_1015I_07_01	07	01	1	366	4	1	1	Hit	555	4-8/legoblocks.jpg	legoblocks.jpg	SPACE	600	SPACE
1444934363482	0	lts_1015I_07_01	07	01	1	367	0	0	0	CR	MAX	26429137.thl.jpg	26429137.thl.jpg	NOKEY	MAX	NOKEY
1444934366558	0	lts_1015I_07_01	07	01	1	368	0	0	0	CR	MAX	ABARPEAR.jpg	ABARPEAR.jpg	NOKEY	MAX	NOKEY
1444934369633	0	lts_1015I_07_01	07	01	1	369	0	0	0	CR	MAX	8256348.thl.jpg	8256348.thl.jpg	NOKEY	MAX	NOKEY
1444934372709	0	lts_1015I_07_01	07	01	1	370	32	1	0	Miss	MAX	32-0/22854888.thl.jpg	22854888.thl.jpg	NOKEY	MAX	SPACE
1444934375785	0	lts_1015I_07_01	07	01	1	371	0	0	0	CR	MAX	AWINTGLO3.jpg	AWINTGLO3.jpg	NOKEY	MAX	NOKEY
1444934378861	0	lts_1015I_07_01	07	01	1	372	0	0	0	CR	MAX	AWOODST11.jpg	AWOODST11.jpg	NOKEY	MAX	NOKEY
1444934381937	0	lts_1015I_07_01	07	01	1	373	0	0	0	CR	MAX	8/23024623.thl.jpg	23024623.thl.jpg	NOKEY	MAX	NOKEY
1444934385014	0	lts_1015I_07_01	07	01	1	374	0	0	0	CR	MAX	AFRUIT2.jpg	AFRUIT2.jpg	NOKEY	MAX	NOKEY
1444934386184	0	lts_1015I_07_01	07	01	1	375	64	1	1	Hit	686	64-first/26376346.thl.jpg	26376346.thl.jpg	SPACE	734	SPACE
1444934389260	0	lts_1015I_07_01	07	01	1	376	0	0	0	CR	MAX	ARECEIPT.jpg	ARECEIPT.jpg	NOKEY	MAX	NOKEY
1444934390163	0	lts_1015I_07_01	07	01	1	377	2	1	1	Hit	423	2-mul/26376346.thl.jpg	26376346.thl.jpg	SPACE	467	SPACE
1444934393239	0	lts_1015I_07_01	07	01	1	378	0	0	0	CR	MAX	1/Asunflower3.jpg	Asunflower3.jpg	NOKEY	MAX	NOKEY
1444934394058	0	lts_1015I_07_01	07	01	1	379	1	1	1	Hit	347	1-11/Asunflower3.jpg	Asunflower3.jpg	SPACE	383	SPACE
1444934397134	0	lts_1015I_07_01	07	01	1	380	0	0	0	CR	MAX	26374798.thl.jpg	26374798.thl.jpg	NOKEY	MAX	NOKEY
1444934398154	0	lts_1015I_07_01	07	01	1	381	8	1	1	Hit	547	8-first/23024623.thl.jpg	23024623.thl.jpg	SPACE	584	SPACE
1444934401230	0	lts_1015I_07_01	07	01	1	382	0	0	0	CR	MAX	ATIE16.jpg	ATIE16.jpg	NOKEY	MAX	NOKEY
1444934402217	0	lts_1015I_07_01	07	01	1	383	2	1	1	Hit	514	2-mul/23024623.thl.jpg	23024623.thl.jpg	SPACE	551	SPACE
1444934405293	0	lts_1015I_07_01	07	01	1	384	0	0	0	CR	MAX	2/redonion.jpg	redonion.jpg	NOKEY	MAX	NOKEY
1444934408369	0	lts_1015I_07_01	07	01	1	385	0	0	0	CR	MAX	26433942.thl.jpg	26433942.thl.jpg	NOKEY	MAX	NOKEY
1444934409288	0	lts_1015I_07_01	07	01	1	386	2	1	1	Hit	439	2-0/redonion.jpg	redonion.jpg	SPACE	484	SPACE
1444934412381	0	lts_1015I_07_01	07	01	1	387	0	0	0	CR	MAX	AMOUSETOY.jpg	AMOUSETOY.jpg	NOKEY	MAX	NOKEY
1444934415457	0	lts_1015I_07_01	07	01	1	388	0	0	0	CR	MAX	2/26375899.thl.jpg	26375899.thl.jpg	NOKEY	MAX	NOKEY
1444934418533	0	lts_1015I_07_01	07	01	1	389	0	0	0	CR	MAX	ACURLIR13.jpg	ACURLIR13.jpg	NOKEY	MAX	NOKEY
1444934419719	0	lts_1015I_07_01	07	01	1	390	2	1	1	Hit	717	2-1/26375899.thl.jpg	26375899.thl.jpg	SPACE	752	SPACE
1444934422795	0	lts_1015I_07_01	07	01	1	391	0	0	0	CR	MAX	Astatueofwo29.jpg	Astatueofwo29.jpg	NOKEY	MAX	NOKEY
1444934425888	0	lts_1015I_07_01	07	01	1	392	0	0	0	CR	MAX	1/Asaxophone.jpg	Asaxophone.jpg	NOKEY	MAX	NOKEY
1444934426791	0	lts_1015I_07_01	07	01	1	393	1	1	1	Hit	429	1-1/Asaxophone.jpg	Asaxophone.jpg	SPACE	469	SPACE
1444934429867	0	lts_1015I_07_01	07	01	1	394	0	0	0	CR	MAX	ALIONWALK.jpg	ALIONWALK.jpg	NOKEY	MAX	NOKEY
1444934432943	0	lts_1015I_07_01	07	01	1	395	0	0	0	CR	MAX	ASUSHI9.jpg	ASUSHI9.jpg	NOKEY	MAX	NOKEY
1444934436020	0	lts_1015I_07_01	07	01	1	396	0	0	0	CR	MAX	26383637.thl.jpg	26383637.thl.jpg	NOKEY	MAX	NOKEY
1444934439096	0	lts_1015I_07_01	07	01	1	397	0	0	0	CR	MAX	Aplasticbot10.jpg	Aplasticbot10.jpg	NOKEY	MAX	NOKEY
1444934440316	0	lts_1015I_07_01	07	01	1	398	128	1	1	Hit	748	128-3/Afruitbasket2.jpg	Afruitbasket2.jpg	SPACE	785	SPACE
1444934443392	0	lts_1015I_07_01	07	01	1	399	0	0	0	CR	MAX	Apaperclipsin.jpg	Apaperclipsin.jpg	NOKEY	MAX	NOKEY
1444934446469	0	lts_1015I_07_01	07	01	1	400	0	0	0	CR	MAX	AAFRICIN2.jpg	AAFRICIN2.jpg	NOKEY	MAX	NOKEY
1444934449544	0	lts_1015I_07_01	07	01	1	401	0	0	0	CR	MAX	16/sntslrc.jpg	sntslrc.jpg	NOKEY	MAX	NOKEY
1444934452620	0	lts_1015I_07_01	07	01	1	402	0	0	0	CR	MAX	4/ABIRDHOU9.jpg	ABIRDHOU9.jpg	NOKEY	MAX	NOKEY
1444934453840	0	lts_1015I_07_01	07	01	1	403	00	1	1	Hit	742	00-across/26686595.thl.jpg	26686595.thl.jpg	SPACE	787	SPACE
1444934456916	0	lts_1015I_07_01	07	01	1	404	0	0	0	CR	MAX	ignitionkey01.jpg	ignitionkey01.jpg	NOKEY	MAX	NOKEY
1444934459992	0	lts_1015I_07_01	07	01	1	405	0	0	0	CR	MAX	supersmilefloss.jpg	supersmilefloss.jpg	NOKEY	MAX	NOKEY
1444934461013	0	lts_1015I_07_01	07	01	1	406	4	1	1	Hit	551	4-7/ABIRDHOU9.jpg	ABIRDHOU9.jpg	SPACE	585	SPACE
1444934464089	0	lts_1015I_07_01	07	01	1	407	0	0	0	CR	MAX	ABOXVIALS.jpg	ABOXVIALS.jpg	NOKEY	MAX	NOKEY
1444934467162	0	lts_1015I_07_01	07	01	1	408	0	0	0	CR	MAX	32/batslct.jpg	batslct.jpg	NOKEY	MAX	NOKEY
1444934470238	0	lts_1015I_07_01	07	01	1	409	0	0	0	CR	MAX	4/A3bday5.jpg	A3bday5.jpg	NOKEY	MAX	NOKEY
1444934473314	0	lts_1015I_07_01	07	01	1	410	0	0	0	CR	MAX	26425788.thl.jpg	26425788.thl.jpg	NOKEY	MAX	NOKEY
1444934476391	0	lts_1015I_07_01	07	01	1	411	0	0	0	CR	MAX	32/ABALLBEAR.jpg	ABALLBEAR.jpg	NOKEY	MAX	NOKEY
1444934479467	0	lts_1015I_07_01	07	01	1	412	0	0	0	CR	MAX	Atable132.jpg	Atable132.jpg	NOKEY	MAX	NOKEY
1444934480619	0	lts_1015I_07_01	07	01	1	413	4	1	1	Hit	678	4-0/A3bday5.jpg	A3bday5.jpg	SPACE	719	SPACE
1444934483695	0	lts_1015I_07_01	07	01	1	414	0	0	0	CR	MAX	ADENSYRIN.jpg	ADENSYRIN.jpg	NOKEY	MAX	NOKEY
1444934486855	0	lts_1015I_07_01	07	01	1	415	0	0	0	CR	MAX	26428041.thl.jpg	26428041.thl.jpg	NOKEY	MAX	NOKEY
1444934489931	0	lts_1015I_07_01	07	01	1	416	0	0	0	CR	MAX	16/hurdle.jpg	hurdle.jpg	NOKEY	MAX	NOKEY
1444934491069	0	lts_1015I_07_01	07	01	1	417	16	1	1	Hit	661	16-first/sntslrc.jpg	sntslrc.jpg	SPACE	702	SPACE
1444934494145	0	lts_1015I_07_01	07	01	1	418	0	0	0	CR	MAX	16/AGLASSCAS.jpg	AGLASSCAS.jpg	NOKEY	MAX	NOKEY
1444934495332	0	lts_1015I_07_01	07	01	1	419	2	1	1	Hit	709	2-mul/sntslrc.jpg	sntslrc.jpg	SPACE	752	SPACE
1444934498408	0	lts_1015I_07_01	07	01	1	420	0	0	0	CR	MAX	AFLAMEXTI.jpg	AFLAMEXTI.jpg	NOKEY	MAX	NOKEY
1444934501484	0	lts_1015I_07_01	07	01	1	421	64	1	0	Miss	MAX	64-first/Acookiejar14.jpg	Acookiejar14.jpg	NOKEY	MAX	SPACE
1444934504560	0	lts_1015I_07_01	07	01	1	422	0	0	0	CR	MAX	gameboy.jpg	gameboy.jpg	NOKEY	MAX	NOKEY
1444934505746	0	lts_1015I_07_01	07	01	1	423	2	1	1	Hit	711	2-mul/Acookiejar14.jpg	Acookiejar14.jpg	SPACE	753	SPACE
1444934508839	0	lts_1015I_07_01	07	01	1	424	0	0	0	CR	MAX	Aelectricgri3.jpg	Aelectricgri3.jpg	NOKEY	MAX	NOKEY
1444934511915	0	lts_1015I_07_01	07	01	1	425	0	0	0	CR	MAX	AFORKLIF2.jpg	AFORKLIF2.jpg	NOKEY	MAX	NOKEY
1444934514991	0	lts_1015I_07_01	07	01	1	426	0	0	0	CR	MAX	D_exercisebike.jpg	D_exercisebike.jpg	NOKEY	MAX	NOKEY
1444934518068	0	lts_1015I_07_01	07	01	1	427	0	0	0	CR	MAX	2/ACENTRIF5.jpg	ACENTRIF5.jpg	NOKEY	MAX	NOKEY
1444934521161	0	lts_1015I_07_01	07	01	1	428	0	0	0	CR	MAX	ADOCKPOST.jpg	ADOCKPOST.jpg	NOKEY	MAX	NOKEY
1444934524237	0	lts_1015I_07_01	07	01	1	429	2	1	0	Miss	MAX	2-9/ACENTRIF5.jpg	ACENTRIF5.jpg	NOKEY	MAX	SPACE
1444934526126	0	lts_1015I_07_01	07	01	1	430	0	0	1	FA	1409	bands-a.jpg	bands-a.jpg	SPACE	1454	NOKEY
1444934529202	0	lts_1015I_07_01	07	01	1	431	0	0	0	CR	MAX	AHONEY.jpg	AHONEY.jpg	NOKEY	MAX	NOKEY
1444934532278	0	lts_1015I_07_01	07	01	1	432	16	1	0	Miss	MAX	16-first/hurdle.jpg	hurdle.jpg	NOKEY	MAX	SPACE
1444934535354	0	lts_1015I_07_01	07	01	1	433	0	0	0	CR	MAX	AANTIRO13.jpg	AANTIRO13.jpg	NOKEY	MAX	NOKEY
1444934538430	0	lts_1015I_07_01	07	01	1	434	16	1	0	Miss	MAX	16-0/AGLASSCAS.jpg	AGLASSCAS.jpg	NOKEY	MAX	SPACE
1444934541506	0	lts_1015I_07_01	07	01	1	435	0	0	0	CR	MAX	2/Agratedchees2.jpg	Agratedchees2.jpg	NOKEY	MAX	NOKEY
1444934544599	0	lts_1015I_07_01	07	01	1	436	0	0	0	CR	MAX	AKNIFEHOL.jpg	AKNIFEHOL.jpg	NOKEY	MAX	NOKEY
1444934545718	0	lts_1015I_07_01	07	01	1	437	2	1	1	Hit	636	2-11/Agratedchees2.jpg	Agratedchees2.jpg	SPACE	687	SPACE
1444934548794	0	lts_1015I_07_01	07	01	1	438	0	0	0	CR	MAX	AWASHOPEN.jpg	AWASHOPEN.jpg	NOKEY	MAX	NOKEY
1444934551870	0	lts_1015I_07_01	07	01	1	439	0	0	0	CR	MAX	ATVLAMP.jpg	ATVLAMP.jpg	NOKEY	MAX	NOKEY
1444934554946	0	lts_1015I_07_01	07	01	1	440	32	1	0	Miss	MAX	32-4/batslct.jpg	batslct.jpg	NOKEY	MAX	SPACE
1444934558023	0	lts_1015I_07_01	07	01	1	441	0	0	0	CR	MAX	Ababydec4.jpg	Ababydec4.jpg	NOKEY	MAX	NOKEY
1444934561099	0	lts_1015I_07_01	07	01	1	442	0	0	0	CR	MAX	26374803.thl.jpg	26374803.thl.jpg	NOKEY	MAX	NOKEY
1444934562286	0	lts_1015I_07_01	07	01	1	443	32	1	1	Hit	702	32-5/ABALLBEAR.jpg	ABALLBEAR.jpg	SPACE	751	SPACE
1444934565362	0	lts_1015I_07_01	07	01	1	444	0	0	0	CR	MAX	tuba1.jpg	tuba1.jpg	NOKEY	MAX	NOKEY
1444934568438	0	lts_1015I_07_01	07	01	1	445	0	0	0	CR	MAX	chocolatebar.jpg	chocolatebar.jpg	NOKEY	MAX	NOKEY
1444934571531	0	lts_1015I_07_01	07	01	1	446	0	0	0	CR	MAX	ADRYWOOD.jpg	ADRYWOOD.jpg	NOKEY	MAX	NOKEY
1444934574607	0	lts_1015I_07_01	07	01	1	447	0	0	0	CR	MAX	Abulbprotect2.jpg	Abulbprotect2.jpg	NOKEY	MAX	NOKEY
1444934575659	0	lts_1015I_07_01	07	01	1	448	16	1	1	Hit	570	16-mul/hurdle.jpg	hurdle.jpg	SPACE	619	SPACE
1444934578736	0	lts_1015I_07_01	07	01	1	449	0	0	0	CR	MAX	AOVEN.jpg	AOVEN.jpg	NOKEY	MAX	NOKEY
1444934586134	0	E	Logging Ends
