1447361806882	0	B	Logging Begins
1447362053876	0	lts_1112L_28_01	28	01	0	0	0	0	0	CR	MAX	sardines.jpg	sardines.jpg	NOKEY	MAX	NOKEY
1447362056951	0	lts_1112L_28_01	28	01	0	1	0	0	0	CR	MAX	948_01.jpg	948_01.jpg	NOKEY	MAX	NOKEY
1447362060025	0	lts_1112L_28_01	28	01	0	2	0	0	0	CR	MAX	22827540.thl.jpg	22827540.thl.jpg	NOKEY	MAX	NOKEY
1447362063099	0	lts_1112L_28_01	28	01	0	3	0	0	0	CR	MAX	26460317.thl.jpg	26460317.thl.jpg	NOKEY	MAX	NOKEY
1447362066174	0	lts_1112L_28_01	28	01	0	4	0	0	0	CR	MAX	Abackpack11.jpg	Abackpack11.jpg	NOKEY	MAX	NOKEY
1447362069248	0	lts_1112L_28_01	28	01	0	5	0	0	0	CR	MAX	2/Apostalscale2.jpg	Apostalscale2.jpg	NOKEY	MAX	NOKEY
1447362072323	0	lts_1112L_28_01	28	01	0	6	0	0	0	CR	MAX	AWOODST19.jpg	AWOODST19.jpg	NOKEY	MAX	NOKEY
1447362073358	0	lts_1112L_28_01	28	01	0	7	2	1	1	Hit	557	2-4/Apostalscale2.jpg	Apostalscale2.jpg	SPACE	601	SPACE
1447362076433	0	lts_1112L_28_01	28	01	0	8	0	0	0	CR	MAX	4/gameboy.jpg	gameboy.jpg	NOKEY	MAX	NOKEY
1447362079524	0	lts_1112L_28_01	28	01	0	9	0	0	0	CR	MAX	1/AELECOMP2.jpg	AELECOMP2.jpg	NOKEY	MAX	NOKEY
1447362080510	0	lts_1112L_28_01	28	01	0	10	1	1	1	Hit	500	1-5/AELECOMP2.jpg	AELECOMP2.jpg	SPACE	552	SPACE
1447362083584	0	lts_1112L_28_01	28	01	0	11	0	0	0	CR	MAX	Aflyingeagle9.jpg	Aflyingeagle9.jpg	NOKEY	MAX	NOKEY
1447362084653	0	lts_1112L_28_01	28	01	0	12	4	1	1	Hit	590	4-0/gameboy.jpg	gameboy.jpg	SPACE	634	SPACE
1447362087728	0	lts_1112L_28_01	28	01	0	13	0	0	0	CR	MAX	128/8021504.thl.jpg	8021504.thl.jpg	NOKEY	MAX	NOKEY
1447362090819	0	lts_1112L_28_01	28	01	0	14	0	0	0	CR	MAX	APUPPY26.jpg	APUPPY26.jpg	NOKEY	MAX	NOKEY
1447362093893	0	lts_1112L_28_01	28	01	0	15	0	0	0	CR	MAX	retainertheeth.jpg	retainertheeth.jpg	NOKEY	MAX	NOKEY
1447362096966	0	lts_1112L_28_01	28	01	0	16	0	0	0	CR	MAX	AHAMPER.jpg	AHAMPER.jpg	NOKEY	MAX	NOKEY
1447362100042	0	lts_1112L_28_01	28	01	0	17	0	0	0	CR	MAX	26437107.thl.jpg	26437107.thl.jpg	NOKEY	MAX	NOKEY
1447362103116	0	lts_1112L_28_01	28	01	0	18	0	0	0	CR	MAX	64/Agrater10.jpg	Agrater10.jpg	NOKEY	MAX	NOKEY
1447362106207	0	lts_1112L_28_01	28	01	0	19	0	0	0	CR	MAX	bands-a.jpg	bands-a.jpg	NOKEY	MAX	NOKEY
1447362109282	0	lts_1112L_28_01	28	01	0	20	0	0	0	CR	MAX	2/burrito.jpg	burrito.jpg	NOKEY	MAX	NOKEY
1447362112356	0	lts_1112L_28_01	28	01	0	21	0	0	0	CR	MAX	monkeypuppet.jpg	monkeypuppet.jpg	NOKEY	MAX	NOKEY
1447362113358	0	lts_1112L_28_01	28	01	0	22	2	1	1	Hit	526	2-0/burrito.jpg	burrito.jpg	SPACE	568	SPACE
1447362116433	0	lts_1112L_28_01	28	01	0	23	0	0	0	CR	MAX	ALOOFA.jpg	ALOOFA.jpg	NOKEY	MAX	NOKEY
1447362119507	0	lts_1112L_28_01	28	01	0	24	0	0	0	CR	MAX	8/12955.JPG	12955.JPG	NOKEY	MAX	NOKEY
1447362122582	0	lts_1112L_28_01	28	01	0	25	0	0	0	CR	MAX	26387641.thl.jpg	26387641.thl.jpg	NOKEY	MAX	NOKEY
1447362125673	0	lts_1112L_28_01	28	01	0	26	0	0	0	CR	MAX	Aantiquejuke2.jpg	Aantiquejuke2.jpg	NOKEY	MAX	NOKEY
1447362128747	0	lts_1112L_28_01	28	01	0	27	0	0	0	CR	MAX	32/ARECORDSY.jpg	ARECORDSY.jpg	NOKEY	MAX	NOKEY
1447362129766	0	lts_1112L_28_01	28	01	0	28	0	0	1	FA	538	22858860.thl.jpg	22858860.thl.jpg	SPACE	584	NOKEY
1447362132840	0	lts_1112L_28_01	28	01	0	29	0	0	0	CR	MAX	APUTTER.jpg	APUTTER.jpg	NOKEY	MAX	NOKEY
1447362135915	0	lts_1112L_28_01	28	01	0	30	0	0	0	CR	MAX	AALMOND1.jpg	AALMOND1.jpg	NOKEY	MAX	NOKEY
1447362138988	0	lts_1112L_28_01	28	01	0	31	0	0	0	CR	MAX	Amannequin2.jpg	Amannequin2.jpg	NOKEY	MAX	NOKEY
1447362140042	0	lts_1112L_28_01	28	01	0	32	8	1	1	Hit	569	8-2/12955.JPG	12955.JPG	SPACE	618	SPACE
1447362143116	0	lts_1112L_28_01	28	01	0	33	0	0	0	CR	MAX	32/nintendo.jpg	nintendo.jpg	NOKEY	MAX	NOKEY
1447362146190	0	lts_1112L_28_01	28	01	0	34	0	0	0	CR	MAX	AHIGCHAIR.jpg	AHIGCHAIR.jpg	NOKEY	MAX	NOKEY
1447362149265	0	lts_1112L_28_01	28	01	0	35	0	0	0	CR	MAX	26421382.thl.jpg	26421382.thl.jpg	NOKEY	MAX	NOKEY
1447362152339	0	lts_1112L_28_01	28	01	0	36	0	0	0	CR	MAX	2/APASTA19.jpg	APASTA19.jpg	NOKEY	MAX	NOKEY
1447362155414	0	lts_1112L_28_01	28	01	0	37	0	0	0	CR	MAX	AWOODFLUT.jpg	AWOODFLUT.jpg	NOKEY	MAX	NOKEY
1447362156450	0	lts_1112L_28_01	28	01	0	38	2	1	1	Hit	562	2-1/APASTA19.jpg	APASTA19.jpg	SPACE	601	SPACE
1447362159541	0	lts_1112L_28_01	28	01	0	39	0	0	0	CR	MAX	Apaintroller2.jpg	Apaintroller2.jpg	NOKEY	MAX	NOKEY
1447362162615	0	lts_1112L_28_01	28	01	0	40	0	0	0	CR	MAX	1/Aairtank7.jpg	Aairtank7.jpg	NOKEY	MAX	NOKEY
1447362163551	0	lts_1112L_28_01	28	01	0	41	1	1	1	Hit	465	1-6/Aairtank7.jpg	Aairtank7.jpg	SPACE	502	SPACE
1447362166642	0	lts_1112L_28_01	28	01	0	42	0	0	0	CR	MAX	saltpeppershakerjpg.jpg	saltpeppershakerjpg.jpg	NOKEY	MAX	NOKEY
1447362169716	0	lts_1112L_28_01	28	01	0	43	0	0	0	CR	MAX	4/AJUG3.jpg	AJUG3.jpg	NOKEY	MAX	NOKEY
1447362172790	0	lts_1112L_28_01	28	01	0	44	0	0	0	CR	MAX	32/22822309.thl.jpg	22822309.thl.jpg	NOKEY	MAX	NOKEY
1447362175865	0	lts_1112L_28_01	28	01	0	45	0	0	0	CR	MAX	DSCN3757-sm.jpg	DSCN3757-sm.jpg	NOKEY	MAX	NOKEY
1447362178939	0	lts_1112L_28_01	28	01	0	46	0	0	0	CR	MAX	Aruler16.jpg	Aruler16.jpg	NOKEY	MAX	NOKEY
1447362180108	0	lts_1112L_28_01	28	01	0	47	4	1	1	Hit	697	4-1/AJUG3.jpg	AJUG3.jpg	SPACE	736	SPACE
1447362183183	0	lts_1112L_28_01	28	01	0	48	0	0	0	CR	MAX	ACLOGOPE3.jpg	ACLOGOPE3.jpg	NOKEY	MAX	NOKEY
1447362186257	0	lts_1112L_28_01	28	01	0	49	0	0	0	CR	MAX	ASTONEOWL.jpg	ASTONEOWL.jpg	NOKEY	MAX	NOKEY
1447362189365	0	lts_1112L_28_01	28	01	0	50	0	0	0	CR	MAX	2/Aadjustablech.jpg	Aadjustablech.jpg	NOKEY	MAX	NOKEY
1447362192440	0	lts_1112L_28_01	28	01	0	51	0	0	0	CR	MAX	Acucumber2.jpg	Acucumber2.jpg	NOKEY	MAX	NOKEY
1447362193442	0	lts_1112L_28_01	28	01	0	52	2	1	1	Hit	524	2-5/Aadjustablech.jpg	Aadjustablech.jpg	SPACE	568	SPACE
1447362196516	0	lts_1112L_28_01	28	01	0	53	0	0	0	CR	MAX	batslcshi.jpg	batslcshi.jpg	NOKEY	MAX	NOKEY
1447362199591	0	lts_1112L_28_01	28	01	0	54	0	0	0	CR	MAX	Awoodenegg.jpg	Awoodenegg.jpg	NOKEY	MAX	NOKEY
1447362202665	0	lts_1112L_28_01	28	01	0	55	0	0	0	CR	MAX	mangosplitter.jpg	mangosplitter.jpg	NOKEY	MAX	NOKEY
1447362205740	0	lts_1112L_28_01	28	01	0	56	0	0	0	CR	MAX	1/ATRACINGT.jpg	ATRACINGT.jpg	NOKEY	MAX	NOKEY
1447362206692	0	lts_1112L_28_01	28	01	0	57	1	1	1	Hit	474	1-9/ATRACINGT.jpg	ATRACINGT.jpg	SPACE	518	SPACE
1447362209766	0	lts_1112L_28_01	28	01	0	58	0	0	0	CR	MAX	Agratedchees2.jpg	Agratedchees2.jpg	NOKEY	MAX	NOKEY
1447362210802	0	lts_1112L_28_01	28	01	0	59	32	1	1	Hit	566	32-9/ARECORDSY.jpg	ARECORDSY.jpg	SPACE	601	SPACE
1447362213876	0	lts_1112L_28_01	28	01	0	60	0	0	0	CR	MAX	Acabinetdraw8.jpg	Acabinetdraw8.jpg	NOKEY	MAX	NOKEY
1447362215447	0	lts_1112L_28_01	28	01	0	61	0	0	1	FA	1088	1/ADOUBHOOK.jpg	ADOUBHOOK.jpg	SPACE	1136	NOKEY
1447362216516	0	lts_1112L_28_01	28	01	0	62	1	1	1	Hit	587	1-3/ADOUBHOOK.jpg	ADOUBHOOK.jpg	SPACE	635	SPACE
1447362218638	0	lts_1112L_28_01	28	01	0	63	0	0	1	FA	1640	Achair1260.jpg	Achair1260.jpg	SPACE	1687	NOKEY
1447362221713	0	lts_1112L_28_01	28	01	0	64	0	0	0	CR	MAX	26432899.thl.jpg	26432899.thl.jpg	NOKEY	MAX	NOKEY
1447362222932	0	lts_1112L_28_01	28	01	0	65	32	1	1	Hit	735	32-7/nintendo.jpg	nintendo.jpg	SPACE	786	SPACE
1447362226007	0	lts_1112L_28_01	28	01	0	66	0	0	0	CR	MAX	26428576.thl.jpg	26428576.thl.jpg	NOKEY	MAX	NOKEY
1447362229081	0	lts_1112L_28_01	28	01	0	67	0	0	0	CR	MAX	128/A56THUND4.jpg	A56THUND4.jpg	NOKEY	MAX	NOKEY
1447362232155	0	lts_1112L_28_01	28	01	0	68	0	0	0	CR	MAX	slide.jpg	slide.jpg	NOKEY	MAX	NOKEY
1447362235230	0	lts_1112L_28_01	28	01	0	69	0	0	0	CR	MAX	1/22921112.thl.jpg	22921112.thl.jpg	NOKEY	MAX	NOKEY
1447362236199	0	lts_1112L_28_01	28	01	0	70	1	1	1	Hit	499	1-14/22921112.thl.jpg	22921112.thl.jpg	SPACE	535	SPACE
1447362239273	0	lts_1112L_28_01	28	01	0	71	0	0	0	CR	MAX	AWEDCAK15.jpg	AWEDCAK15.jpg	NOKEY	MAX	NOKEY
1447362242348	0	lts_1112L_28_01	28	01	0	72	0	0	0	CR	MAX	8252065.thl.jpg	8252065.thl.jpg	NOKEY	MAX	NOKEY
1447362245422	0	lts_1112L_28_01	28	01	0	73	0	0	0	CR	MAX	16/waterfilter.jpg	waterfilter.jpg	NOKEY	MAX	NOKEY
1447362248496	0	lts_1112L_28_01	28	01	0	74	0	0	0	CR	MAX	liquid-a.jpg	liquid-a.jpg	NOKEY	MAX	NOKEY
1447362251571	0	lts_1112L_28_01	28	01	0	75	0	0	0	CR	MAX	32/26556936.thl.jpg	26556936.thl.jpg	NOKEY	MAX	NOKEY
1447362252707	0	lts_1112L_28_01	28	01	0	76	32	1	1	Hit	653	32-2/22822309.thl.jpg	22822309.thl.jpg	SPACE	702	SPACE
1447362255798	0	lts_1112L_28_01	28	01	0	77	0	0	0	CR	MAX	8029703.thl.jpg	8029703.thl.jpg	NOKEY	MAX	NOKEY
1447362258872	0	lts_1112L_28_01	28	01	0	78	0	0	0	CR	MAX	ACOFFTRA2.jpg	ACOFFTRA2.jpg	NOKEY	MAX	NOKEY
1447362261946	0	lts_1112L_28_01	28	01	0	79	0	0	0	CR	MAX	ACHOPSTI2.jpg	ACHOPSTI2.jpg	NOKEY	MAX	NOKEY
1447362265021	0	lts_1112L_28_01	28	01	0	80	0	0	0	CR	MAX	64/Acomputerdes8.jpg	Acomputerdes8.jpg	NOKEY	MAX	NOKEY
1447362268095	0	lts_1112L_28_01	28	01	0	81	0	0	0	CR	MAX	ACOFGRIN2.jpg	ACOFGRIN2.jpg	NOKEY	MAX	NOKEY
1447362269282	0	lts_1112L_28_01	28	01	0	82	64	1	1	Hit	709	64-first/Agrater10.jpg	Agrater10.jpg	SPACE	751	SPACE
1447362272356	0	lts_1112L_28_01	28	01	0	83	0	0	0	CR	MAX	1/Aornamentalt5.jpg	Aornamentalt5.jpg	NOKEY	MAX	NOKEY
1447362273292	0	lts_1112L_28_01	28	01	0	84	1	1	1	Hit	455	1-12/Aornamentalt5.jpg	Aornamentalt5.jpg	SPACE	501	SPACE
1447362276366	0	lts_1112L_28_01	28	01	0	85	0	0	0	CR	MAX	26420069.thl.jpg	26420069.thl.jpg	NOKEY	MAX	NOKEY
1447362277603	0	lts_1112L_28_01	28	01	0	86	4	1	1	Hit	752	4-mul/Agrater10.jpg	Agrater10.jpg	SPACE	801	SPACE
1447362280694	0	lts_1112L_28_01	28	01	0	87	0	0	0	CR	MAX	ALITERBOX.jpg	ALITERBOX.jpg	NOKEY	MAX	NOKEY
1447362283768	0	lts_1112L_28_01	28	01	0	88	0	0	0	CR	MAX	ABRUSH19.jpg	ABRUSH19.jpg	NOKEY	MAX	NOKEY
1447362285021	0	lts_1112L_28_01	28	01	0	89	16	1	1	Hit	783	16-first/waterfilter.jpg	waterfilter.jpg	SPACE	819	SPACE
1447362288095	0	lts_1112L_28_01	28	01	0	90	0	0	0	CR	MAX	4/Abowlofwonto5.jpg	Abowlofwonto5.jpg	NOKEY	MAX	NOKEY
1447362289098	0	lts_1112L_28_01	28	01	0	91	2	1	1	Hit	523	2-mul/waterfilter.jpg	waterfilter.jpg	SPACE	568	SPACE
1447362290719	0	lts_1112L_28_01	28	01	0	92	0	0	1	FA	1151	128/Asaxophone.jpg	Asaxophone.jpg	SPACE	1187	NOKEY
1447362293793	0	lts_1112L_28_01	28	01	0	93	0	0	0	CR	MAX	AJOYSTIC1.jpg	AJOYSTIC1.jpg	NOKEY	MAX	NOKEY
1447362294912	0	lts_1112L_28_01	28	01	0	94	4	1	1	Hit	637	4-8/Abowlofwonto5.jpg	Abowlofwonto5.jpg	SPACE	685	SPACE
1447362298003	0	lts_1112L_28_01	28	01	0	95	0	0	0	CR	MAX	8/Acastle22.jpg	Acastle22.jpg	NOKEY	MAX	NOKEY
1447362301094	0	lts_1112L_28_01	28	01	0	96	0	0	0	CR	MAX	Acomputer11.jpg	Acomputer11.jpg	NOKEY	MAX	NOKEY
1447362304169	0	lts_1112L_28_01	28	01	0	97	0	0	0	CR	MAX	mouse-a.jpg	mouse-a.jpg	NOKEY	MAX	NOKEY
1447362307260	0	lts_1112L_28_01	28	01	0	98	0	0	0	CR	MAX	Acoatrack5.jpg	Acoatrack5.jpg	NOKEY	MAX	NOKEY
1447362310334	0	lts_1112L_28_01	28	01	0	99	0	0	0	CR	MAX	AMEASDEVI.jpg	AMEASDEVI.jpg	NOKEY	MAX	NOKEY
1447362313409	0	lts_1112L_28_01	28	01	0	100	0	0	0	CR	MAX	AFOODTAB2.jpg	AFOODTAB2.jpg	NOKEY	MAX	NOKEY
1447362316483	0	lts_1112L_28_01	28	01	0	101	0	0	0	CR	MAX	26440756.thl.jpg	26440756.thl.jpg	NOKEY	MAX	NOKEY
1447362319557	0	lts_1112L_28_01	28	01	0	102	0	0	0	CR	MAX	ADOGTOY5.jpg	ADOGTOY5.jpg	NOKEY	MAX	NOKEY
1447362320777	0	lts_1112L_28_01	28	01	0	103	8	1	1	Hit	749	8-first/Acastle22.jpg	Acastle22.jpg	SPACE	785	SPACE
1447362323851	0	lts_1112L_28_01	28	01	0	104	0	0	0	CR	MAX	26433387.thl.jpg	26433387.thl.jpg	NOKEY	MAX	NOKEY
1447362325021	0	lts_1112L_28_01	28	01	0	105	2	1	1	Hit	697	2-mul/Acastle22.jpg	Acastle22.jpg	SPACE	735	SPACE
1447362328095	0	lts_1112L_28_01	28	01	0	106	0	0	0	CR	MAX	AICESKAT8.jpg	AICESKAT8.jpg	NOKEY	MAX	NOKEY
1447362329382	0	lts_1112L_28_01	28	01	0	107	32	1	1	Hit	814	32-6/26556936.thl.jpg	26556936.thl.jpg	SPACE	851	SPACE
1447362332456	0	lts_1112L_28_01	28	01	0	108	0	0	0	CR	MAX	16/AWATERCO4.jpg	AWATERCO4.jpg	NOKEY	MAX	NOKEY
1447362335531	0	lts_1112L_28_01	28	01	0	109	0	0	0	CR	MAX	Amixer29.jpg	Amixer29.jpg	NOKEY	MAX	NOKEY
1447362338605	0	lts_1112L_28_01	28	01	0	110	0	0	0	CR	MAX	8/strawberrytart.jpg	strawberrytart.jpg	NOKEY	MAX	NOKEY
1447362341679	0	lts_1112L_28_01	28	01	0	111	0	0	0	CR	MAX	4/Abeetle10.jpg	Abeetle10.jpg	NOKEY	MAX	NOKEY
1447362344770	0	lts_1112L_28_01	28	01	0	112	0	0	0	CR	MAX	AELEPHAN7.jpg	AELEPHAN7.jpg	NOKEY	MAX	NOKEY
1447362347844	0	lts_1112L_28_01	28	01	0	113	0	0	0	CR	MAX	128/26421357.thl.jpg	26421357.thl.jpg	NOKEY	MAX	NOKEY
1447362350919	0	lts_1112L_28_01	28	01	0	114	0	0	0	CR	MAX	8255336.thl.jpg	8255336.thl.jpg	NOKEY	MAX	NOKEY
1447362351905	0	lts_1112L_28_01	28	01	0	115	4	1	1	Hit	514	4-9/Abeetle10.jpg	Abeetle10.jpg	SPACE	552	SPACE
1447362354995	0	lts_1112L_28_01	28	01	0	116	0	0	0	CR	MAX	AFIREPLAC.jpg	AFIREPLAC.jpg	NOKEY	MAX	NOKEY
1447362356366	0	lts_1112L_28_01	28	01	0	117	0	0	1	FA	893	32/AOLDBAT2.jpg	AOLDBAT2.jpg	SPACE	936	NOKEY
1447362357536	0	lts_1112L_28_01	28	01	0	118	8	1	1	Hit	688	8-first/strawberrytart.jpg	strawberrytart.jpg	SPACE	736	SPACE
1447362360610	0	lts_1112L_28_01	28	01	0	119	0	0	0	CR	MAX	22853544.thl.jpg	22853544.thl.jpg	NOKEY	MAX	NOKEY
1447362361663	0	lts_1112L_28_01	28	01	0	120	2	1	1	Hit	569	2-mul/strawberrytart.jpg	strawberrytart.jpg	SPACE	618	SPACE
1447362364737	0	lts_1112L_28_01	28	01	0	121	0	0	0	CR	MAX	ABABYPIN2.jpg	ABABYPIN2.jpg	NOKEY	MAX	NOKEY
1447362367828	0	lts_1112L_28_01	28	01	0	122	0	0	0	CR	MAX	Abaseballcap.jpg	Abaseballcap.jpg	NOKEY	MAX	NOKEY
1447362370902	0	lts_1112L_28_01	28	01	0	123	0	0	0	CR	MAX	32/ASWITCH6.jpg	ASWITCH6.jpg	NOKEY	MAX	NOKEY
1447362372155	0	lts_1112L_28_01	28	01	0	124	16	1	1	Hit	772	16-first/AWATERCO4.jpg	AWATERCO4.jpg	SPACE	818	SPACE
1447362375230	0	lts_1112L_28_01	28	01	0	125	0	0	0	CR	MAX	bagelslicer.jpg	bagelslicer.jpg	NOKEY	MAX	NOKEY
1447362378304	0	lts_1112L_28_01	28	01	0	126	0	0	0	CR	MAX	26387568.thl.jpg	26387568.thl.jpg	NOKEY	MAX	NOKEY
1447362381378	0	lts_1112L_28_01	28	01	0	127	0	0	0	CR	MAX	4/APLAQUE.jpg	APLAQUE.jpg	NOKEY	MAX	NOKEY
1447362382398	0	lts_1112L_28_01	28	01	0	128	4	1	1	Hit	549	4-mul/AWATERCO4.jpg	AWATERCO4.jpg	SPACE	584	SPACE
1447362385472	0	lts_1112L_28_01	28	01	0	129	0	0	0	CR	MAX	A_flower.jpg	A_flower.jpg	NOKEY	MAX	NOKEY
1447362388547	0	lts_1112L_28_01	28	01	0	130	0	0	0	CR	MAX	Atelecommuni4.jpg	Atelecommuni4.jpg	NOKEY	MAX	NOKEY
1447362389666	0	lts_1112L_28_01	28	01	0	131	4	1	1	Hit	636	4-6/APLAQUE.jpg	APLAQUE.jpg	SPACE	685	SPACE
1447362392740	0	lts_1112L_28_01	28	01	0	132	0	0	0	CR	MAX	1/Anailscissors.jpg	Anailscissors.jpg	NOKEY	MAX	NOKEY
1447362393759	0	lts_1112L_28_01	28	01	0	133	1	1	1	Hit	548	1-11/Anailscissors.jpg	Anailscissors.jpg	SPACE	586	SPACE
1447362396834	0	lts_1112L_28_01	28	01	0	134	0	0	0	CR	MAX	Aframe196.jpg	Aframe196.jpg	NOKEY	MAX	NOKEY
1447362399908	0	lts_1112L_28_01	28	01	0	135	0	0	0	CR	MAX	ABAKBRUS2.jpg	ABAKBRUS2.jpg	NOKEY	MAX	NOKEY
1447362402981	0	lts_1112L_28_01	28	01	0	136	0	0	0	CR	MAX	Aroulette.jpg	Aroulette.jpg	NOKEY	MAX	NOKEY
1447362406057	0	lts_1112L_28_01	28	01	0	137	0	0	0	CR	MAX	2/AXYLOPHN2.jpg	AXYLOPHN2.jpg	NOKEY	MAX	NOKEY
1447362409131	0	lts_1112L_28_01	28	01	0	138	0	0	0	CR	MAX	64/34935544.thl.jpg	34935544.thl.jpg	NOKEY	MAX	NOKEY
1447362410368	0	lts_1112L_28_01	28	01	0	139	2	1	1	Hit	767	2-11/AXYLOPHN2.jpg	AXYLOPHN2.jpg	SPACE	802	SPACE
1447362413442	0	lts_1112L_28_01	28	01	0	140	0	0	0	CR	MAX	ABABYDOLL.jpg	ABABYDOLL.jpg	NOKEY	MAX	NOKEY
1447362414578	0	lts_1112L_28_01	28	01	0	141	128	1	1	Hit	654	128-2/8021504.thl.jpg	8021504.thl.jpg	SPACE	701	SPACE
1447362417653	0	lts_1112L_28_01	28	01	0	142	0	0	0	CR	MAX	64/26428545.thl.jpg	26428545.thl.jpg	NOKEY	MAX	NOKEY
1447362420727	0	lts_1112L_28_01	28	01	0	143	0	0	0	CR	MAX	Atoychameleo2.jpg	Atoychameleo2.jpg	NOKEY	MAX	NOKEY
1447362421962	0	lts_1112L_28_01	28	01	0	144	64	1	1	Hit	757	64-first/Acomputerdes8.jpg	Acomputerdes8.jpg	SPACE	802	SPACE
1447362424102	0	lts_1112L_28_01	28	01	0	145	0	0	1	FA	1666	AGUIRO.jpg	AGUIRO.jpg	SPACE	1705	NOKEY
1447362425372	0	lts_1112L_28_01	28	01	0	146	2	1	1	Hit	799	2-mul/Acomputerdes8.jpg	Acomputerdes8.jpg	SPACE	836	SPACE
1447362428463	0	lts_1112L_28_01	28	01	0	147	0	0	0	CR	MAX	gytsl9.jpg	gytsl9.jpg	NOKEY	MAX	NOKEY
1447362431537	0	lts_1112L_28_01	28	01	0	148	0	0	0	CR	MAX	iguana.jpg	iguana.jpg	NOKEY	MAX	NOKEY
1447362433007	0	lts_1112L_28_01	28	01	0	149	32	1	1	Hit	978	32-5/AOLDBAT2.jpg	AOLDBAT2.jpg	SPACE	1019	SPACE
1447362436082	0	lts_1112L_28_01	28	01	0	150	0	0	0	CR	MAX	8/AFERRY5.jpg	AFERRY5.jpg	NOKEY	MAX	NOKEY
1447362439156	0	lts_1112L_28_01	28	01	0	151	0	0	0	CR	MAX	Abellows4.jpg	Abellows4.jpg	NOKEY	MAX	NOKEY
1447362440610	0	lts_1112L_28_01	28	01	0	152	0	0	1	FA	973	ACOPPAN10.jpg	ACOPPAN10.jpg	SPACE	1019	NOKEY
1447362443684	0	lts_1112L_28_01	28	01	0	153	0	0	0	CR	MAX	32/ABOTTLE19.jpg	ABOTTLE19.jpg	NOKEY	MAX	NOKEY
1447362446758	0	lts_1112L_28_01	28	01	0	154	0	0	0	CR	MAX	Aantiquebuck2.jpg	Aantiquebuck2.jpg	NOKEY	MAX	NOKEY
1447362448145	0	lts_1112L_28_01	28	01	0	155	32	1	1	Hit	912	32-3/ASWITCH6.jpg	ASWITCH6.jpg	SPACE	952	SPACE
1447362451220	0	lts_1112L_28_01	28	01	0	156	0	0	0	CR	MAX	ADOGSNACK.jpg	ADOGSNACK.jpg	NOKEY	MAX	NOKEY
1447362454294	0	lts_1112L_28_01	28	01	0	157	0	0	0	CR	MAX	8/26386846.thl.jpg	26386846.thl.jpg	NOKEY	MAX	NOKEY
1447362455414	0	lts_1112L_28_01	28	01	0	158	8	1	1	Hit	649	8-first/AFERRY5.jpg	AFERRY5.jpg	SPACE	683	SPACE
1447362458488	0	lts_1112L_28_01	28	01	0	159	0	0	0	CR	MAX	Afoodprocess4.jpg	Afoodprocess4.jpg	NOKEY	MAX	NOKEY
1447362461562	0	lts_1112L_28_01	28	01	0	160	0	0	0	CR	MAX	AGAUGE.jpg	AGAUGE.jpg	NOKEY	MAX	NOKEY
1447362464637	0	lts_1112L_28_01	28	01	0	161	0	0	0	CR	MAX	ABUSTFOR7.jpg	ABUSTFOR7.jpg	NOKEY	MAX	NOKEY
1447362467711	0	lts_1112L_28_01	28	01	0	162	0	0	0	CR	MAX	Akazoo2.jpg	Akazoo2.jpg	NOKEY	MAX	NOKEY
1447362470785	0	lts_1112L_28_01	28	01	0	163	0	0	0	CR	MAX	ALACES4.jpg	ALACES4.jpg	NOKEY	MAX	NOKEY
1447362473859	0	lts_1112L_28_01	28	01	0	164	0	0	0	CR	MAX	26428753.thl.jpg	26428753.thl.jpg	NOKEY	MAX	NOKEY
1447362474946	0	lts_1112L_28_01	28	01	0	165	8	1	1	Hit	607	8-first/26386846.thl.jpg	26386846.thl.jpg	SPACE	652	SPACE
1447362478020	0	lts_1112L_28_01	28	01	0	166	0	0	0	CR	MAX	8248852.thl.jpg	8248852.thl.jpg	NOKEY	MAX	NOKEY
1447362481094	0	lts_1112L_28_01	28	01	0	167	0	0	0	CR	MAX	8065674.thl.jpg	8065674.thl.jpg	NOKEY	MAX	NOKEY
1447362484185	0	lts_1112L_28_01	28	01	0	168	0	0	0	CR	MAX	Atoycoffeepo2.jpg	Atoycoffeepo2.jpg	NOKEY	MAX	NOKEY
1447362485155	0	lts_1112L_28_01	28	01	0	169	4	1	1	Hit	494	4-mul/26386846.thl.jpg	26386846.thl.jpg	SPACE	534	SPACE
1447362488229	0	lts_1112L_28_01	28	01	0	170	0	0	0	CR	MAX	2/AGARLICCO.jpg	AGARLICCO.jpg	NOKEY	MAX	NOKEY
1447362491303	0	lts_1112L_28_01	28	01	0	171	0	0	0	CR	MAX	Aantiquemailb.jpg	Aantiquemailb.jpg	NOKEY	MAX	NOKEY
1447362492490	0	lts_1112L_28_01	28	01	0	172	2	1	1	Hit	711	2-2/AGARLICCO.jpg	AGARLICCO.jpg	SPACE	752	SPACE
1447362495564	0	lts_1112L_28_01	28	01	0	173	0	0	0	CR	MAX	128/paintbrush03.jpg	paintbrush03.jpg	NOKEY	MAX	NOKEY
1447362496583	0	lts_1112L_28_01	28	01	0	174	16	1	1	Hit	545	16-mul/AFERRY5.jpg	AFERRY5.jpg	SPACE	584	SPACE
1447362499657	0	lts_1112L_28_01	28	01	0	175	0	0	0	CR	MAX	AOVALFRAM.jpg	AOVALFRAM.jpg	NOKEY	MAX	NOKEY
1447362502732	0	lts_1112L_28_01	28	01	0	176	0	0	0	CR	MAX	9821274.thl.jpg	9821274.thl.jpg	NOKEY	MAX	NOKEY
1447362505806	0	lts_1112L_28_01	28	01	0	177	0	0	0	CR	MAX	TTtvehiclesCyborg.jpg	TTtvehiclesCyborg.jpg	NOKEY	MAX	NOKEY
1447362508880	0	lts_1112L_28_01	28	01	0	178	0	0	0	CR	MAX	Aclothespin2.jpg	Aclothespin2.jpg	NOKEY	MAX	NOKEY
1447362511955	0	lts_1112L_28_01	28	01	0	179	0	0	0	CR	MAX	64/AAIRPORTC.jpg	AAIRPORTC.jpg	NOKEY	MAX	NOKEY
1447362515029	0	lts_1112L_28_01	28	01	0	180	0	0	0	CR	MAX	E_statue.jpg	E_statue.jpg	NOKEY	MAX	NOKEY
1447362518120	0	lts_1112L_28_01	28	01	0	181	0	0	0	CR	MAX	Astaircase.jpg	Astaircase.jpg	NOKEY	MAX	NOKEY
1447362521195	0	lts_1112L_28_01	28	01	0	182	0	0	0	CR	MAX	ADRESSE14.jpg	ADRESSE14.jpg	NOKEY	MAX	NOKEY
1447362524269	0	lts_1112L_28_01	28	01	0	183	0	0	0	CR	MAX	Abeermug11.jpg	Abeermug11.jpg	NOKEY	MAX	NOKEY
1447362527343	0	lts_1112L_28_01	28	01	0	184	0	0	0	CR	MAX	128/ACHERRY.jpg	ACHERRY.jpg	NOKEY	MAX	NOKEY
1447362528780	0	lts_1112L_28_01	28	01	0	185	32	1	1	Hit	951	32-8/ABOTTLE19.jpg	ABOTTLE19.jpg	SPACE	1002	SPACE
1447362531854	0	lts_1112L_28_01	28	01	0	186	0	0	0	CR	MAX	4/26392231.thl.jpg	26392231.thl.jpg	NOKEY	MAX	NOKEY
1447362534929	0	lts_1112L_28_01	28	01	0	187	0	0	0	CR	MAX	AWASHCLOT.jpg	AWASHCLOT.jpg	NOKEY	MAX	NOKEY
1447362538003	0	lts_1112L_28_01	28	01	0	188	0	0	0	CR	MAX	Aacupuncture2.jpg	Aacupuncture2.jpg	NOKEY	MAX	NOKEY
1447362541078	0	lts_1112L_28_01	28	01	0	189	0	0	0	CR	MAX	AEXPERIM3.jpg	AEXPERIM3.jpg	NOKEY	MAX	NOKEY
1447362542164	0	lts_1112L_28_01	28	01	0	190	4	1	1	Hit	607	4-12/26392231.thl.jpg	26392231.thl.jpg	SPACE	652	SPACE
1447362545238	0	lts_1112L_28_01	28	01	0	191	0	0	0	CR	MAX	Atoyboxwithb2.jpg	Atoyboxwithb2.jpg	NOKEY	MAX	NOKEY
1447362548313	0	lts_1112L_28_01	28	01	0	192	0	0	0	CR	MAX	B_brush.jpg	B_brush.jpg	NOKEY	MAX	NOKEY
1447362551387	0	lts_1112L_28_01	28	01	0	193	0	0	0	CR	MAX	AFISHHOO9.jpg	AFISHHOO9.jpg	NOKEY	MAX	NOKEY
1447362554461	0	lts_1112L_28_01	28	01	0	194	0	0	0	CR	MAX	Apaperclip6.jpg	Apaperclip6.jpg	NOKEY	MAX	NOKEY
1447362555747	0	lts_1112L_28_01	28	01	0	195	128	1	1	Hit	815	128-6/A56THUND4.jpg	A56THUND4.jpg	SPACE	852	SPACE
1447362558839	0	lts_1112L_28_01	28	01	0	196	0	0	0	CR	MAX	Abeany2.jpg	Abeany2.jpg	NOKEY	MAX	NOKEY
1447362561913	0	lts_1112L_28_01	28	01	0	197	0	0	0	CR	MAX	22925624.thl.jpg	22925624.thl.jpg	NOKEY	MAX	NOKEY
1447362564986	0	lts_1112L_28_01	28	01	0	198	0	0	0	CR	MAX	2/ASUSHI9.jpg	ASUSHI9.jpg	NOKEY	MAX	NOKEY
1447362568062	0	lts_1112L_28_01	28	01	0	199	0	0	0	CR	MAX	ignitionkey01.jpg	ignitionkey01.jpg	NOKEY	MAX	NOKEY
1447362569081	0	lts_1112L_28_01	28	01	0	200	2	1	1	Hit	535	2-7/ASUSHI9.jpg	ASUSHI9.jpg	SPACE	585	SPACE
1447362572155	0	lts_1112L_28_01	28	01	0	201	0	0	0	CR	MAX	Asaturn.jpg	Asaturn.jpg	NOKEY	MAX	NOKEY
1447362573358	0	lts_1112L_28_01	28	01	0	202	64	1	1	Hit	725	64-first/34935544.thl.jpg	34935544.thl.jpg	SPACE	768	SPACE
1447362574879	0	lts_1112L_28_01	28	01	0	203	0	0	1	FA	1042	ABLAKPOT3.jpg	ABLAKPOT3.jpg	SPACE	1086	NOKEY
1447362576500	0	lts_1112L_28_01	28	01	0	204	0	0	1	FA	1127	8/Aegyptianst20.jpg	Aegyptianst20.jpg	SPACE	1170	NOKEY
1447362579574	0	lts_1112L_28_01	28	01	0	205	0	0	0	CR	MAX	Akiwifruit6.jpg	Akiwifruit6.jpg	NOKEY	MAX	NOKEY
1447362580676	0	lts_1112L_28_01	28	01	0	206	64	1	1	Hit	620	64-first/26428545.thl.jpg	26428545.thl.jpg	SPACE	669	SPACE
1447362583751	0	lts_1112L_28_01	28	01	0	207	0	0	0	CR	MAX	128/23063814.thl.jpg	23063814.thl.jpg	NOKEY	MAX	NOKEY
1447362584820	0	lts_1112L_28_01	28	01	0	208	2	1	1	Hit	595	2-mul/26428545.thl.jpg	26428545.thl.jpg	SPACE	636	SPACE
1447362587895	0	lts_1112L_28_01	28	01	0	209	0	0	0	CR	MAX	Asunflower3.jpg	Asunflower3.jpg	NOKEY	MAX	NOKEY
1447362590968	0	lts_1112L_28_01	28	01	0	210	0	0	0	CR	MAX	A3leafcl4.jpg	A3leafcl4.jpg	NOKEY	MAX	NOKEY
1447362594043	0	lts_1112L_28_01	28	01	0	211	0	0	0	CR	MAX	ABIRDHOU9.jpg	ABIRDHOU9.jpg	NOKEY	MAX	NOKEY
1447362595096	0	lts_1112L_28_01	28	01	0	212	8	1	1	Hit	577	8-first/Aegyptianst20.jpg	Aegyptianst20.jpg	SPACE	618	SPACE
1447362598170	0	lts_1112L_28_01	28	01	0	213	0	0	0	CR	MAX	AMAKEUPMI.jpg	AMAKEUPMI.jpg	NOKEY	MAX	NOKEY
1447362601245	0	lts_1112L_28_01	28	01	0	214	0	0	0	CR	MAX	2/23016235.thl.jpg	23016235.thl.jpg	NOKEY	MAX	NOKEY
1447362604319	0	lts_1112L_28_01	28	01	0	215	0	0	0	CR	MAX	ABEARIN12.jpg	ABEARIN12.jpg	NOKEY	MAX	NOKEY
1447362605372	0	lts_1112L_28_01	28	01	0	216	2	1	1	Hit	575	2-6/23016235.thl.jpg	23016235.thl.jpg	SPACE	618	SPACE
1447362608446	0	lts_1112L_28_01	28	01	0	217	0	0	0	CR	MAX	8/ASHAMPO2.jpg	ASHAMPO2.jpg	NOKEY	MAX	NOKEY
1447362609449	0	lts_1112L_28_01	28	01	0	218	16	1	1	Hit	532	16-mul/34935544.thl.jpg	34935544.thl.jpg	SPACE	568	SPACE
1447362612523	0	lts_1112L_28_01	28	01	0	219	0	0	0	CR	MAX	4/ADOMINO.jpg	ADOMINO.jpg	NOKEY	MAX	NOKEY
1447362614194	0	lts_1112L_28_01	28	01	0	220	128	1	1	Hit	1194	128-1/Asaxophone.jpg	Asaxophone.jpg	SPACE	1236	SPACE
1447362617268	0	lts_1112L_28_01	28	01	0	221	0	0	0	CR	MAX	ABAKINGPA.jpg	ABAKINGPA.jpg	NOKEY	MAX	NOKEY
1447362620343	0	lts_1112L_28_01	28	01	0	222	0	0	0	CR	MAX	Acrayonsinabo.jpg	Acrayonsinabo.jpg	NOKEY	MAX	NOKEY
1447362621412	0	lts_1112L_28_01	28	01	0	223	4	1	1	Hit	596	4-11/ADOMINO.jpg	ADOMINO.jpg	SPACE	634	SPACE
1447362624486	0	lts_1112L_28_01	28	01	0	224	0	0	0	CR	MAX	AMEDIEQUI.jpg	AMEDIEQUI.jpg	NOKEY	MAX	NOKEY
1447362625706	0	lts_1112L_28_01	28	01	0	225	8	1	1	Hit	737	8-1/ASHAMPO2.jpg	ASHAMPO2.jpg	SPACE	785	SPACE
1447362628780	0	lts_1112L_28_01	28	01	0	226	0	0	0	CR	MAX	Abedspringsam.jpg	Abedspringsam.jpg	NOKEY	MAX	NOKEY
1447362631871	0	lts_1112L_28_01	28	01	0	227	0	0	0	CR	MAX	Acactusplant.jpg	Acactusplant.jpg	NOKEY	MAX	NOKEY
1447362632924	0	lts_1112L_28_01	28	01	0	228	16	1	1	Hit	578	16-mul/Aegyptianst20.jpg	Aegyptianst20.jpg	SPACE	618	SPACE
1447362636015	0	lts_1112L_28_01	28	01	0	229	0	0	0	CR	MAX	2/26432217.thl.jpg	26432217.thl.jpg	NOKEY	MAX	NOKEY
1447362639089	0	lts_1112L_28_01	28	01	0	230	0	0	0	CR	MAX	16/ACOFFPOT7.jpg	ACOFFPOT7.jpg	NOKEY	MAX	NOKEY
1447362640209	0	lts_1112L_28_01	28	01	0	231	2	1	1	Hit	638	2-3/26432217.thl.jpg	26432217.thl.jpg	SPACE	685	SPACE
1447362643283	0	lts_1112L_28_01	28	01	0	232	0	0	0	CR	MAX	1/22886412.thl.jpg	22886412.thl.jpg	NOKEY	MAX	NOKEY
1447362644303	0	lts_1112L_28_01	28	01	0	233	1	1	1	Hit	539	1-1/22886412.thl.jpg	22886412.thl.jpg	SPACE	584	SPACE
1447362647377	0	lts_1112L_28_01	28	01	0	234	0	0	0	CR	MAX	8079080.thl.jpg	8079080.thl.jpg	NOKEY	MAX	NOKEY
1447362650451	0	lts_1112L_28_01	28	01	0	235	0	0	0	CR	MAX	2/AMELODEON.jpg	AMELODEON.jpg	NOKEY	MAX	NOKEY
1447362653526	0	lts_1112L_28_01	28	01	0	236	0	0	0	CR	MAX	16/AKETTLE35.jpg	AKETTLE35.jpg	NOKEY	MAX	NOKEY
1447362654728	0	lts_1112L_28_01	28	01	0	237	2	1	1	Hit	717	2-10/AMELODEON.jpg	AMELODEON.jpg	SPACE	769	SPACE
1447362657803	0	lts_1112L_28_01	28	01	0	238	0	0	0	CR	MAX	1/23051010.thl.jpg	23051010.thl.jpg	NOKEY	MAX	NOKEY
1447362658705	0	lts_1112L_28_01	28	01	0	239	1	1	1	Hit	418	1-7/23051010.thl.jpg	23051010.thl.jpg	SPACE	468	SPACE
1447362661779	0	lts_1112L_28_01	28	01	0	240	0	0	0	CR	MAX	DSCN3767-sm.jpg	DSCN3767-sm.jpg	NOKEY	MAX	NOKEY
1447362663016	0	lts_1112L_28_01	28	01	0	241	128	1	1	Hit	768	128-3/26421357.thl.jpg	26421357.thl.jpg	SPACE	802	SPACE
1447362666090	0	lts_1112L_28_01	28	01	0	242	0	0	0	CR	MAX	8061236.thl.jpg	8061236.thl.jpg	NOKEY	MAX	NOKEY
1447362669165	0	lts_1112L_28_01	28	01	0	243	64	1	0	Miss	MAX	64-first/AAIRPORTC.jpg	AAIRPORTC.jpg	NOKEY	MAX	SPACE
1447362672239	0	lts_1112L_28_01	28	01	0	244	0	0	0	CR	MAX	Abinder6.jpg	Abinder6.jpg	NOKEY	MAX	NOKEY
1447362675313	0	lts_1112L_28_01	28	01	0	245	0	0	0	CR	MAX	jumpmattress.jpg	jumpmattress.jpg	NOKEY	MAX	NOKEY
1447362676349	0	lts_1112L_28_01	28	01	0	246	16	1	1	Hit	556	16-first/ACOFFPOT7.jpg	ACOFFPOT7.jpg	SPACE	601	SPACE
1447362679424	0	lts_1112L_28_01	28	01	0	247	0	0	0	CR	MAX	Amonkey5.jpg	Amonkey5.jpg	NOKEY	MAX	NOKEY
1447362682498	0	lts_1112L_28_01	28	01	0	248	0	0	0	CR	MAX	26388148.thl.jpg	26388148.thl.jpg	NOKEY	MAX	NOKEY
1447362685572	0	lts_1112L_28_01	28	01	0	249	0	0	0	CR	MAX	Atoyswing.jpg	Atoyswing.jpg	NOKEY	MAX	NOKEY
1447362688646	0	lts_1112L_28_01	28	01	0	250	0	0	0	CR	MAX	basketball.JPG	basketball.JPG	NOKEY	MAX	NOKEY
1447362691721	0	lts_1112L_28_01	28	01	0	251	0	0	0	CR	MAX	dftslturapr.jpg	dftslturapr.jpg	NOKEY	MAX	NOKEY
1447362692723	0	lts_1112L_28_01	28	01	0	252	16	1	1	Hit	517	16-first/AKETTLE35.jpg	AKETTLE35.jpg	SPACE	569	SPACE
1447362695814	0	lts_1112L_28_01	28	01	0	253	0	0	0	CR	MAX	22903568.thl.jpg	22903568.thl.jpg	NOKEY	MAX	NOKEY
1447362698889	0	lts_1112L_28_01	28	01	0	254	0	0	0	CR	MAX	23019499.thl.jpg	23019499.thl.jpg	NOKEY	MAX	NOKEY
1447362701962	0	lts_1112L_28_01	28	01	0	255	0	0	0	CR	MAX	Aoutdoorhalo2.jpg	Aoutdoorhalo2.jpg	NOKEY	MAX	NOKEY
1447362702981	0	lts_1112L_28_01	28	01	0	256	4	1	1	Hit	545	4-mul/AKETTLE35.jpg	AKETTLE35.jpg	SPACE	585	SPACE
1447362706057	0	lts_1112L_28_01	28	01	0	257	0	0	0	CR	MAX	Atoytractor17.jpg	Atoytractor17.jpg	NOKEY	MAX	NOKEY
1447362709131	0	lts_1112L_28_01	28	01	0	258	0	0	0	CR	MAX	Acartofgroce3.jpg	Acartofgroce3.jpg	NOKEY	MAX	NOKEY
1447362710217	0	lts_1112L_28_01	28	01	0	259	16	1	1	Hit	614	16-mul/AAIRPORTC.jpg	AAIRPORTC.jpg	SPACE	651	SPACE
1447362713292	0	lts_1112L_28_01	28	01	0	260	0	0	0	CR	MAX	26440629.thl.jpg	26440629.thl.jpg	NOKEY	MAX	NOKEY
1447362715263	0	lts_1112L_28_01	28	01	0	261	0	0	1	FA	1500	16/Astreetlampwi.jpg	Astreetlampwi.jpg	SPACE	1537	NOKEY
1447362716266	0	lts_1112L_28_01	28	01	0	262	16	1	1	Hit	524	16-mul/ACOFFPOT7.jpg	ACOFFPOT7.jpg	SPACE	568	SPACE
1447362719340	0	lts_1112L_28_01	28	01	0	263	0	0	0	CR	MAX	Astool76.jpg	Astool76.jpg	NOKEY	MAX	NOKEY
1447362722415	0	lts_1112L_28_01	28	01	0	264	0	0	0	CR	MAX	Aspeakers4.jpg	Aspeakers4.jpg	NOKEY	MAX	NOKEY
1447362723501	0	lts_1112L_28_01	28	01	0	265	0	0	1	FA	609	8078142.thl.jpg	8078142.thl.jpg	SPACE	652	NOKEY
1447362726575	0	lts_1112L_28_01	28	01	0	266	32	1	0	Miss	MAX	32/thumb-mermaidfamilly.jpg	thumb-mermaidfamilly.jpg	NOKEY	MAX	SPACE
1447362729699	0	lts_1112L_28_01	28	01	0	267	0	0	0	CR	MAX	Aindustrialve.jpg	Aindustrialve.jpg	NOKEY	MAX	NOKEY
1447362732773	0	lts_1112L_28_01	28	01	0	268	0	0	0	CR	MAX	26383637.thl.jpg	26383637.thl.jpg	NOKEY	MAX	NOKEY
1447362735848	0	lts_1112L_28_01	28	01	0	269	0	0	0	CR	MAX	10053101.thm.jpg	10053101.thm.jpg	NOKEY	MAX	NOKEY
1447362738922	0	lts_1112L_28_01	28	01	0	270	0	0	0	CR	MAX	matchbook.jpg	matchbook.jpg	NOKEY	MAX	NOKEY
1447362741996	0	lts_1112L_28_01	28	01	0	271	0	0	0	CR	MAX	4/ATAMBOURI.jpg	ATAMBOURI.jpg	NOKEY	MAX	NOKEY
1447362745071	0	lts_1112L_28_01	28	01	0	272	0	0	0	CR	MAX	ATRIUMPH3.jpg	ATRIUMPH3.jpg	NOKEY	MAX	NOKEY
1447362748145	0	lts_1112L_28_01	28	01	0	273	16	1	0	Miss	MAX	16/zip-a.jpg	zip-a.jpg	NOKEY	MAX	SPACE
1447362751220	0	lts_1112L_28_01	28	01	0	274	0	0	0	CR	MAX	pretzel.jpg	pretzel.jpg	NOKEY	MAX	NOKEY
1447362752389	0	lts_1112L_28_01	28	01	0	275	4	1	1	Hit	686	4-10/ATAMBOURI.jpg	ATAMBOURI.jpg	SPACE	734	SPACE
1447362755464	0	lts_1112L_28_01	28	01	0	276	0	0	0	CR	MAX	Acaterpilla11.jpg	Acaterpilla11.jpg	NOKEY	MAX	NOKEY
1447362756566	0	lts_1112L_28_01	28	01	0	277	16	1	1	Hit	632	16-first/Astreetlampwi.jpg	Astreetlampwi.jpg	SPACE	669	SPACE
1447362759641	0	lts_1112L_28_01	28	01	0	278	0	0	0	CR	MAX	4/AHUBBLE.jpg	AHUBBLE.jpg	NOKEY	MAX	NOKEY
1447362760743	0	lts_1112L_28_01	28	01	0	279	2	1	1	Hit	630	2-mul/Astreetlampwi.jpg	Astreetlampwi.jpg	SPACE	669	SPACE
1447362763818	0	lts_1112L_28_01	28	01	0	280	0	0	0	CR	MAX	4/22852560.thl.jpg	22852560.thl.jpg	NOKEY	MAX	NOKEY
1447362766892	0	lts_1112L_28_01	28	01	0	281	0	0	0	CR	MAX	Aflowerwreat2.jpg	Aflowerwreat2.jpg	NOKEY	MAX	NOKEY
1447362768045	0	lts_1112L_28_01	28	01	0	282	4	1	1	Hit	671	4-2/AHUBBLE.jpg	AHUBBLE.jpg	SPACE	718	SPACE
1447362771119	0	lts_1112L_28_01	28	01	0	283	0	0	0	CR	MAX	Adog122.jpg	Adog122.jpg	NOKEY	MAX	NOKEY
1447362772289	0	lts_1112L_28_01	28	01	0	284	4	1	1	Hit	689	4-5/22852560.thl.jpg	22852560.thl.jpg	SPACE	735	SPACE
1447362775364	0	lts_1112L_28_01	28	01	0	285	0	0	0	CR	MAX	64/Areindeer2.jpg	Areindeer2.jpg	NOKEY	MAX	NOKEY
1447362776867	0	lts_1112L_28_01	28	01	0	286	0	0	1	FA	1026	1/launmower.jpg	launmower.jpg	SPACE	1069	NOKEY
1447362777920	0	lts_1112L_28_01	28	01	0	287	1	1	1	Hit	575	1-2/launmower.jpg	launmower.jpg	SPACE	618	SPACE
1447362781011	0	lts_1112L_28_01	28	01	0	288	0	0	0	CR	MAX	Aclimbingtool.jpg	Aclimbingtool.jpg	NOKEY	MAX	NOKEY
1447362782097	0	lts_1112L_28_01	28	01	0	289	16	1	1	Hit	604	16-first/zip-a.jpg	zip-a.jpg	SPACE	652	SPACE
1447362785171	0	lts_1112L_28_01	28	01	0	290	0	0	0	CR	MAX	26421536.thl.jpg	26421536.thl.jpg	NOKEY	MAX	NOKEY
1447362788246	0	lts_1112L_28_01	28	01	0	291	0	0	0	CR	MAX	26424973.thl.jpg	26424973.thl.jpg	NOKEY	MAX	NOKEY
1447362791320	0	lts_1112L_28_01	28	01	0	292	0	0	0	CR	MAX	26421106.thl.jpg	26421106.thl.jpg	NOKEY	MAX	NOKEY
1447362794395	0	lts_1112L_28_01	28	01	0	293	0	0	0	CR	MAX	16/22859028.thl.jpg	22859028.thl.jpg	NOKEY	MAX	NOKEY
1447362797469	0	lts_1112L_28_01	28	01	0	294	0	0	0	CR	MAX	1/Abasket110.jpg	Abasket110.jpg	NOKEY	MAX	NOKEY
1447362798505	0	lts_1112L_28_01	28	01	0	295	1	1	1	Hit	557	1-8/Abasket110.jpg	Abasket110.jpg	SPACE	602	SPACE
1447362801595	0	lts_1112L_28_01	28	01	0	296	0	0	0	CR	MAX	Aglassbottl56.jpg	Aglassbottl56.jpg	NOKEY	MAX	NOKEY
1447362804687	0	lts_1112L_28_01	28	01	0	297	0	0	0	CR	MAX	Ablackma3.jpg	Ablackma3.jpg	NOKEY	MAX	NOKEY
1447362805823	0	lts_1112L_28_01	28	01	0	298	32	1	1	Hit	652	32-1/thumb-mermaidfamilly.jpg	thumb-mermaidfamilly.jpg	SPACE	702	SPACE
1447362808897	0	lts_1112L_28_01	28	01	0	299	0	0	0	CR	MAX	22856784.thl.jpg	22856784.thl.jpg	NOKEY	MAX	NOKEY
1447362811971	0	lts_1112L_28_01	28	01	0	300	0	0	0	CR	MAX	ASCYTHE7.jpg	ASCYTHE7.jpg	NOKEY	MAX	NOKEY
1447362813659	0	lts_1112L_28_01	28	01	0	301	128	1	1	Hit	1207	128-4/paintbrush03.jpg	paintbrush03.jpg	SPACE	1254	SPACE
1447362816733	0	lts_1112L_28_01	28	01	0	302	0	0	0	CR	MAX	ASKIHOLD.jpg	ASKIHOLD.jpg	NOKEY	MAX	NOKEY
1447362819808	0	lts_1112L_28_01	28	01	0	303	0	0	0	CR	MAX	4/Alock34.jpg	Alock34.jpg	NOKEY	MAX	NOKEY
1447362822882	0	lts_1112L_28_01	28	01	0	304	0	0	0	CR	MAX	Adrinkinggl21.jpg	Adrinkinggl21.jpg	NOKEY	MAX	NOKEY
1447362823952	0	lts_1112L_28_01	28	01	0	305	16	1	1	Hit	587	16-mul/zip-a.jpg	zip-a.jpg	SPACE	634	SPACE
1447362827026	0	lts_1112L_28_01	28	01	0	306	0	0	0	CR	MAX	8/ACHINLAMP.jpg	ACHINLAMP.jpg	NOKEY	MAX	NOKEY
1447362828112	0	lts_1112L_28_01	28	01	0	307	4	1	1	Hit	602	4-3/Alock34.jpg	Alock34.jpg	SPACE	652	SPACE
1447362831186	0	lts_1112L_28_01	28	01	0	308	0	0	0	CR	MAX	AHALLOWE3.jpg	AHALLOWE3.jpg	NOKEY	MAX	NOKEY
1447362832339	0	lts_1112L_28_01	28	01	0	309	16	1	1	Hit	679	16-first/22859028.thl.jpg	22859028.thl.jpg	SPACE	718	SPACE
1447362835414	0	lts_1112L_28_01	28	01	0	310	0	0	0	CR	MAX	Aabacus.jpg	Aabacus.jpg	NOKEY	MAX	NOKEY
1447362838504	0	lts_1112L_28_01	28	01	0	311	0	0	0	CR	MAX	peanutbutter.jpg	peanutbutter.jpg	NOKEY	MAX	NOKEY
1447362839574	0	lts_1112L_28_01	28	01	0	312	128	1	1	Hit	597	128-5/ACHERRY.jpg	ACHERRY.jpg	SPACE	635	SPACE
1447362842648	0	lts_1112L_28_01	28	01	0	313	0	0	0	CR	MAX	Acarrot.jpg	Acarrot.jpg	NOKEY	MAX	NOKEY
1447362843751	0	lts_1112L_28_01	28	01	0	314	8	1	1	Hit	620	8-first/ACHINLAMP.jpg	ACHINLAMP.jpg	SPACE	668	SPACE
1447362846825	0	lts_1112L_28_01	28	01	0	315	0	0	0	CR	MAX	ABASTER2.jpg	ABASTER2.jpg	NOKEY	MAX	NOKEY
1447362847861	0	lts_1112L_28_01	28	01	0	316	2	1	1	Hit	559	2-mul/ACHINLAMP.jpg	ACHINLAMP.jpg	SPACE	601	SPACE
1447362850936	0	lts_1112L_28_01	28	01	0	317	0	0	0	CR	MAX	ACAROSLI2.jpg	ACAROSLI2.jpg	NOKEY	MAX	NOKEY
1447362854010	0	lts_1112L_28_01	28	01	0	318	0	0	0	CR	MAX	128/AMILPHONE.jpg	AMILPHONE.jpg	NOKEY	MAX	NOKEY
1447362857084	0	lts_1112L_28_01	28	01	0	319	0	0	0	CR	MAX	Ainstrument3.jpg	Ainstrument3.jpg	NOKEY	MAX	NOKEY
1447362860159	0	lts_1112L_28_01	28	01	0	320	0	0	0	CR	MAX	8/Acable14.jpg	Acable14.jpg	NOKEY	MAX	NOKEY
1447362863250	0	lts_1112L_28_01	28	01	0	321	0	0	0	CR	MAX	AORIGIRL3.jpg	AORIGIRL3.jpg	NOKEY	MAX	NOKEY
1447362866324	0	lts_1112L_28_01	28	01	0	322	0	0	0	CR	MAX	1/ATICKETBO.jpg	ATICKETBO.jpg	NOKEY	MAX	NOKEY
1447362867327	0	lts_1112L_28_01	28	01	0	323	1	1	1	Hit	518	1-4/ATICKETBO.jpg	ATICKETBO.jpg	SPACE	568	SPACE
1447362870401	0	lts_1112L_28_01	28	01	0	324	0	0	0	CR	MAX	Afloppydisk6.jpg	Afloppydisk6.jpg	NOKEY	MAX	NOKEY
1447362871437	0	lts_1112L_28_01	28	01	0	325	16	1	1	Hit	564	16-mul/22859028.thl.jpg	22859028.thl.jpg	SPACE	601	SPACE
1447362874511	0	lts_1112L_28_01	28	01	0	326	0	0	0	CR	MAX	ACAROUSE2.jpg	ACAROUSE2.jpg	NOKEY	MAX	NOKEY
1447362877585	0	lts_1112L_28_01	28	01	0	327	0	0	0	CR	MAX	26444138.thl.jpg	26444138.thl.jpg	NOKEY	MAX	NOKEY
1447362878688	0	lts_1112L_28_01	28	01	0	328	8	1	1	Hit	621	8-first/Acable14.jpg	Acable14.jpg	SPACE	669	SPACE
1447362881763	0	lts_1112L_28_01	28	01	0	329	0	0	0	CR	MAX	8079958.thl.jpg	8079958.thl.jpg	NOKEY	MAX	NOKEY
1447362884837	0	lts_1112L_28_01	28	01	0	330	0	0	0	CR	MAX	ASHOWCAP.jpg	ASHOWCAP.jpg	NOKEY	MAX	NOKEY
1447362886474	0	lts_1112L_28_01	28	01	0	331	0	0	1	FA	1157	26423242.thl.jpg	26423242.thl.jpg	SPACE	1203	NOKEY
1447362887644	0	lts_1112L_28_01	28	01	0	332	4	1	1	Hit	686	4-mul/Acable14.jpg	Acable14.jpg	SPACE	735	SPACE
1447362890718	0	lts_1112L_28_01	28	01	0	333	0	0	0	CR	MAX	26432109.thl.jpg	26432109.thl.jpg	NOKEY	MAX	NOKEY
1447362892072	0	lts_1112L_28_01	28	01	0	334	0	0	1	FA	882	Apumpcart2.jpg	Apumpcart2.jpg	SPACE	919	NOKEY
1447362895146	0	lts_1112L_28_01	28	01	0	335	128	1	0	Miss	MAX	128-0/23063814.thl.jpg	23063814.thl.jpg	NOKEY	MAX	SPACE
1447362898221	0	lts_1112L_28_01	28	01	0	336	0	0	0	CR	MAX	26427950.thl.jpg	26427950.thl.jpg	NOKEY	MAX	NOKEY
1447362901295	0	lts_1112L_28_01	28	01	0	337	0	0	0	CR	MAX	AHYPBOTT.jpg	AHYPBOTT.jpg	NOKEY	MAX	NOKEY
1447362904369	0	lts_1112L_28_01	28	01	0	338	0	0	0	CR	MAX	Abird41.jpg	Abird41.jpg	NOKEY	MAX	NOKEY
1447362907444	0	lts_1112L_28_01	28	01	0	339	0	0	0	CR	MAX	ABALALAI3.jpg	ABALALAI3.jpg	NOKEY	MAX	NOKEY
1447362910518	0	lts_1112L_28_01	28	01	0	340	0	0	0	CR	MAX	32/skateboard.jpg	skateboard.jpg	NOKEY	MAX	NOKEY
1447362913592	0	lts_1112L_28_01	28	01	0	341	0	0	0	CR	MAX	16/Ablanket2.jpg	Ablanket2.jpg	NOKEY	MAX	NOKEY
1447362916667	0	lts_1112L_28_01	28	01	0	342	0	0	0	CR	MAX	Acheesgra.jpg	Acheesgra.jpg	NOKEY	MAX	NOKEY
1447362919741	0	lts_1112L_28_01	28	01	0	343	0	0	0	CR	MAX	AALFALFA.jpg	AALFALFA.jpg	NOKEY	MAX	NOKEY
1447362922815	0	lts_1112L_28_01	28	01	0	344	0	0	0	CR	MAX	26431471.thl.jpg	26431471.thl.jpg	NOKEY	MAX	NOKEY
1447362925890	0	lts_1112L_28_01	28	01	0	345	0	0	0	CR	MAX	ACAT6.jpg	ACAT6.jpg	NOKEY	MAX	NOKEY
1447362927494	0	lts_1112L_28_01	28	01	0	346	0	0	1	FA	1134	64/AHEADSET.jpg	AHEADSET.jpg	SPACE	1170	NOKEY
1447362930568	0	lts_1112L_28_01	28	01	0	347	0	0	0	CR	MAX	26688546.thl.jpg	26688546.thl.jpg	NOKEY	MAX	NOKEY
1447362933642	0	lts_1112L_28_01	28	01	0	348	0	0	0	CR	MAX	26421538.thl.jpg	26421538.thl.jpg	NOKEY	MAX	NOKEY
1447362934695	0	lts_1112L_28_01	28	01	0	349	64	1	1	Hit	574	64-first/Areindeer2.jpg	Areindeer2.jpg	SPACE	618	SPACE
1447362937769	0	lts_1112L_28_01	28	01	0	350	0	0	0	CR	MAX	Aplasticbott3.jpg	Aplasticbott3.jpg	NOKEY	MAX	NOKEY
1447362940844	0	lts_1112L_28_01	28	01	0	351	0	0	0	CR	MAX	2/AGLASSTAB.jpg	AGLASSTAB.jpg	NOKEY	MAX	NOKEY
1447362943935	0	lts_1112L_28_01	28	01	0	352	0	0	0	CR	MAX	ABROOCH52.jpg	ABROOCH52.jpg	NOKEY	MAX	NOKEY
1447362945238	0	lts_1112L_28_01	28	01	0	353	2	1	1	Hit	819	2-13/AGLASSTAB.jpg	AGLASSTAB.jpg	SPACE	869	SPACE
1447362948313	0	lts_1112L_28_01	28	01	0	354	0	0	0	CR	MAX	64/Abird5.jpg	Abird5.jpg	NOKEY	MAX	NOKEY
1447362951387	0	lts_1112L_28_01	28	01	0	355	0	0	0	CR	MAX	ADOGFOOD.jpg	ADOGFOOD.jpg	NOKEY	MAX	NOKEY
1447362954461	0	lts_1112L_28_01	28	01	0	356	0	0	0	CR	MAX	Ablouse2.jpg	Ablouse2.jpg	NOKEY	MAX	NOKEY
1447362955664	0	lts_1112L_28_01	28	01	0	357	16	1	1	Hit	719	16-1/Ablanket2.jpg	Ablanket2.jpg	SPACE	769	SPACE
1447362958738	0	lts_1112L_28_01	28	01	0	358	0	0	0	CR	MAX	8253370.thl.jpg	8253370.thl.jpg	NOKEY	MAX	NOKEY
1447362960176	0	lts_1112L_28_01	28	01	0	359	0	0	1	FA	960	2/Aglassbottle6.jpg	Aglassbottle6.jpg	SPACE	1003	NOKEY
1447362963250	0	lts_1112L_28_01	28	01	0	360	0	0	0	CR	MAX	Aceramicjug16.jpg	Aceramicjug16.jpg	NOKEY	MAX	NOKEY
1447362964369	0	lts_1112L_28_01	28	01	0	361	2	1	1	Hit	649	2-9/Aglassbottle6.jpg	Aglassbottle6.jpg	SPACE	685	SPACE
1447362967443	0	lts_1112L_28_01	28	01	0	362	0	0	0	CR	MAX	32/Atrap4.jpg	Atrap4.jpg	NOKEY	MAX	NOKEY
1447362968646	0	lts_1112L_28_01	28	01	0	363	0	0	1	FA	724	AWIG10.jpg	AWIG10.jpg	SPACE	769	NOKEY
1447362971721	0	lts_1112L_28_01	28	01	0	364	0	0	0	CR	MAX	Ababydec4.jpg	Ababydec4.jpg	NOKEY	MAX	NOKEY
1447362972673	0	lts_1112L_28_01	28	01	0	365	16	1	1	Hit	482	16-mul/Areindeer2.jpg	Areindeer2.jpg	SPACE	519	SPACE
1447362975748	0	lts_1112L_28_01	28	01	0	366	0	0	0	CR	MAX	Arecordplaye2.jpg	Arecordplaye2.jpg	NOKEY	MAX	NOKEY
1447362978822	0	lts_1112L_28_01	28	01	0	367	0	0	0	CR	MAX	2/Anailpolish.jpg	Anailpolish.jpg	NOKEY	MAX	NOKEY
1447362981896	0	lts_1112L_28_01	28	01	0	368	0	0	0	CR	MAX	16/Adecorati133.jpg	Adecorati133.jpg	NOKEY	MAX	NOKEY
1447362983016	0	lts_1112L_28_01	28	01	0	369	2	1	1	Hit	650	2-12/Anailpolish.jpg	Anailpolish.jpg	SPACE	685	SPACE
1447362986090	0	lts_1112L_28_01	28	01	0	370	0	0	0	CR	MAX	sandcastle.jpg	sandcastle.jpg	NOKEY	MAX	NOKEY
1447362989165	0	lts_1112L_28_01	28	01	0	371	0	0	0	CR	MAX	Awheatstalks2.jpg	Awheatstalks2.jpg	NOKEY	MAX	NOKEY
1447362990418	0	lts_1112L_28_01	28	01	0	372	32	1	1	Hit	772	32-4/skateboard.jpg	skateboard.jpg	SPACE	818	SPACE
1447362993492	0	lts_1112L_28_01	28	01	0	373	0	0	0	CR	MAX	beanbagchair.jpg	beanbagchair.jpg	NOKEY	MAX	NOKEY
1447362996566	0	lts_1112L_28_01	28	01	0	374	0	0	0	CR	MAX	64/AHAIRCLI6.jpg	AHAIRCLI6.jpg	NOKEY	MAX	NOKEY
1447362999641	0	lts_1112L_28_01	28	01	0	375	0	0	0	CR	MAX	4/8055554.thl.jpg	8055554.thl.jpg	NOKEY	MAX	NOKEY
1447363002715	0	lts_1112L_28_01	28	01	0	376	0	0	0	CR	MAX	Abicyclehand5.jpg	Abicyclehand5.jpg	NOKEY	MAX	NOKEY
1447363005789	0	lts_1112L_28_01	28	01	0	377	0	0	0	CR	MAX	Awinecase.jpg	Awinecase.jpg	NOKEY	MAX	NOKEY
1447363008864	0	lts_1112L_28_01	28	01	0	378	0	0	0	CR	MAX	Apocketknifew.jpg	Apocketknifew.jpg	NOKEY	MAX	NOKEY
1447363010167	0	lts_1112L_28_01	28	01	0	379	4	1	1	Hit	828	4-7/8055554.thl.jpg	8055554.thl.jpg	SPACE	869	SPACE
1447363013242	0	lts_1112L_28_01	28	01	0	380	1	1	0	Miss	MAX	1/QD-HEad.jpg	QD-HEad.jpg	NOKEY	MAX	SPACE
1447363014328	0	lts_1112L_28_01	28	01	0	381	1	1	1	Hit	601	1-10/QD-HEad.jpg	QD-HEad.jpg	SPACE	652	SPACE
1447363017402	0	lts_1112L_28_01	28	01	0	382	0	0	0	CR	MAX	8/APLATE17.jpg	APLATE17.jpg	NOKEY	MAX	NOKEY
1447363020476	0	lts_1112L_28_01	28	01	0	383	0	0	0	CR	MAX	AVIOLINCO.jpg	AVIOLINCO.jpg	NOKEY	MAX	NOKEY
1447363021545	0	lts_1112L_28_01	28	01	0	384	16	1	1	Hit	588	16-first/Adecorati133.jpg	Adecorati133.jpg	SPACE	635	SPACE
1447363024620	0	lts_1112L_28_01	28	01	0	385	0	0	0	CR	MAX	8031659.thl.jpg	8031659.thl.jpg	NOKEY	MAX	NOKEY
1447363025589	0	lts_1112L_28_01	28	01	0	386	2	1	1	Hit	493	2-mul/Adecorati133.jpg	Adecorati133.jpg	SPACE	535	SPACE
1447363028663	0	lts_1112L_28_01	28	01	0	387	0	0	0	CR	MAX	ACOFFGRI9.jpg	ACOFFGRI9.jpg	NOKEY	MAX	NOKEY
1447363031738	0	lts_1112L_28_01	28	01	0	388	0	0	0	CR	MAX	16/AHEARTSPO.jpg	AHEARTSPO.jpg	NOKEY	MAX	NOKEY
1447363034812	0	lts_1112L_28_01	28	01	0	389	0	0	0	CR	MAX	22923068.thl.jpg	22923068.thl.jpg	NOKEY	MAX	NOKEY
1447363035948	0	lts_1112L_28_01	28	01	0	390	8	1	1	Hit	667	8-first/APLATE17.jpg	APLATE17.jpg	SPACE	701	SPACE
1447363039023	0	lts_1112L_28_01	28	01	0	391	0	0	0	CR	MAX	8/Abicycleglove.jpg	Abicycleglove.jpg	NOKEY	MAX	NOKEY
1447363042097	0	lts_1112L_28_01	28	01	0	392	0	0	0	CR	MAX	26440422.thl.jpg	26440422.thl.jpg	NOKEY	MAX	NOKEY
1447363043534	0	lts_1112L_28_01	28	01	0	393	0	0	1	FA	954	26370704.thl.jpg	26370704.thl.jpg	SPACE	1002	NOKEY
1447363044821	0	lts_1112L_28_01	28	01	0	394	32	1	1	Hit	812	32-0/Atrap4.jpg	Atrap4.jpg	SPACE	852	SPACE
1447363047895	0	lts_1112L_28_01	28	01	0	395	0	0	0	CR	MAX	2/26374787.thl.jpg	26374787.thl.jpg	NOKEY	MAX	NOKEY
1447363050985	0	lts_1112L_28_01	28	01	0	396	0	0	0	CR	MAX	ABAGEL.jpg	ABAGEL.jpg	NOKEY	MAX	NOKEY
1447363052122	0	lts_1112L_28_01	28	01	0	397	2	1	1	Hit	660	2-8/26374787.thl.jpg	26374787.thl.jpg	SPACE	702	SPACE
1447363055197	0	lts_1112L_28_01	28	01	0	398	0	0	0	CR	MAX	AADDBOOK.jpg	AADDBOOK.jpg	NOKEY	MAX	NOKEY
1447363056366	0	lts_1112L_28_01	28	01	0	399	8	1	1	Hit	694	8-0/Abicycleglove.jpg	Abicycleglove.jpg	SPACE	735	SPACE
1447363059440	0	lts_1112L_28_01	28	01	0	400	0	0	0	CR	MAX	quiche.jpg	quiche.jpg	NOKEY	MAX	NOKEY
1447363062514	0	lts_1112L_28_01	28	01	0	401	0	0	0	CR	MAX	blueflatbox.jpg	blueflatbox.jpg	NOKEY	MAX	NOKEY
1447363065589	0	lts_1112L_28_01	28	01	0	402	0	0	0	CR	MAX	22824636.thl.jpg	22824636.thl.jpg	NOKEY	MAX	NOKEY
1447363068663	0	lts_1112L_28_01	28	01	0	403	0	0	0	CR	MAX	8056402.thl.jpg	8056402.thl.jpg	NOKEY	MAX	NOKEY
1447363069816	0	lts_1112L_28_01	28	01	0	404	16	1	1	Hit	673	16-first/AHEARTSPO.jpg	AHEARTSPO.jpg	SPACE	718	SPACE
1447363072891	0	lts_1112L_28_01	28	01	0	405	0	0	0	CR	MAX	ASTOOL.jpg	ASTOOL.jpg	NOKEY	MAX	NOKEY
1447363073893	0	lts_1112L_28_01	28	01	0	406	16	1	1	Hit	527	16-mul/APLATE17.jpg	APLATE17.jpg	SPACE	568	SPACE
1447363076967	0	lts_1112L_28_01	28	01	0	407	0	0	0	CR	MAX	Acdrominterf2.jpg	Acdrominterf2.jpg	NOKEY	MAX	NOKEY
1447363078137	0	lts_1112L_28_01	28	01	0	408	4	1	1	Hit	700	4-mul/AHEARTSPO.jpg	AHEARTSPO.jpg	SPACE	736	SPACE
1447363081212	0	lts_1112L_28_01	28	01	0	409	0	0	0	CR	MAX	26555896.thl.jpg	26555896.thl.jpg	NOKEY	MAX	NOKEY
1447363082448	0	lts_1112L_28_01	28	01	0	410	64	1	1	Hit	763	64-first/AHEADSET.jpg	AHEADSET.jpg	SPACE	802	SPACE
1447363085522	0	lts_1112L_28_01	28	01	0	411	0	0	0	CR	MAX	AFRAME15.jpg	AFRAME15.jpg	NOKEY	MAX	NOKEY
1447363088596	0	lts_1112L_28_01	28	01	0	412	0	0	0	CR	MAX	AKNIGHELM.jpg	AKNIGHELM.jpg	NOKEY	MAX	NOKEY
1447363091671	0	lts_1112L_28_01	28	01	0	413	0	0	0	CR	MAX	22870356.thl.jpg	22870356.thl.jpg	NOKEY	MAX	NOKEY
1447363092824	0	lts_1112L_28_01	28	01	0	414	4	1	1	Hit	678	4-mul/AHEADSET.jpg	AHEADSET.jpg	SPACE	719	SPACE
1447363095898	0	lts_1112L_28_01	28	01	0	415	0	0	0	CR	MAX	8019781.thl.jpg	8019781.thl.jpg	NOKEY	MAX	NOKEY
1447363098971	0	lts_1112L_28_01	28	01	0	416	0	0	0	CR	MAX	AREDBEAN5.jpg	AREDBEAN5.jpg	NOKEY	MAX	NOKEY
1447363102047	0	lts_1112L_28_01	28	01	0	417	0	0	0	CR	MAX	Aseat3.jpg	Aseat3.jpg	NOKEY	MAX	NOKEY
1447363103634	0	lts_1112L_28_01	28	01	0	418	64	1	1	Hit	1110	64-first/Abird5.jpg	Abird5.jpg	SPACE	1153	SPACE
1447363106708	0	lts_1112L_28_01	28	01	0	419	0	0	0	CR	MAX	4/36407685.thl.jpg	36407685.thl.jpg	NOKEY	MAX	NOKEY
1447363107644	0	lts_1112L_28_01	28	01	0	420	2	1	1	Hit	452	2-mul/Abird5.jpg	Abird5.jpg	SPACE	501	SPACE
1447363110718	0	lts_1112L_28_01	28	01	0	421	0	0	0	CR	MAX	Ahawk3.jpg	Ahawk3.jpg	NOKEY	MAX	NOKEY
1447363113793	0	lts_1112L_28_01	28	01	0	422	0	0	0	CR	MAX	8/gymvaulting.jpg	gymvaulting.jpg	NOKEY	MAX	NOKEY
1447363114829	0	lts_1112L_28_01	28	01	0	423	4	1	1	Hit	555	4-4/36407685.thl.jpg	36407685.thl.jpg	SPACE	602	SPACE
1447363117903	0	lts_1112L_28_01	28	01	0	424	0	0	0	CR	MAX	16/Agourd8.jpg	Agourd8.jpg	NOKEY	MAX	NOKEY
1447363120977	0	lts_1112L_28_01	28	01	0	425	0	0	0	CR	MAX	Asword138.jpg	Asword138.jpg	NOKEY	MAX	NOKEY
1447363124052	0	lts_1112L_28_01	28	01	0	426	0	0	0	CR	MAX	1/Atrumpetwith2.jpg	Atrumpetwith2.jpg	NOKEY	MAX	NOKEY
1447363125071	0	lts_1112L_28_01	28	01	0	427	1	1	1	Hit	539	1-13/Atrumpetwith2.jpg	Atrumpetwith2.jpg	SPACE	585	SPACE
1447363128146	0	lts_1112L_28_01	28	01	0	428	0	0	0	CR	MAX	ASHADES11.jpg	ASHADES11.jpg	NOKEY	MAX	NOKEY
1447363131220	0	lts_1112L_28_01	28	01	0	429	0	0	0	CR	MAX	Apackage3.jpg	Apackage3.jpg	NOKEY	MAX	NOKEY
1447363132339	0	lts_1112L_28_01	28	01	0	430	8	1	1	Hit	642	8-first/gymvaulting.jpg	gymvaulting.jpg	SPACE	685	SPACE
1447363135413	0	lts_1112L_28_01	28	01	0	431	0	0	0	CR	MAX	Aantiquepock3.jpg	Aantiquepock3.jpg	NOKEY	MAX	NOKEY
1447363138488	0	lts_1112L_28_01	28	01	0	432	0	0	0	CR	MAX	26377183.thl.jpg	26377183.thl.jpg	NOKEY	MAX	NOKEY
1447363141562	0	lts_1112L_28_01	28	01	0	433	0	0	0	CR	MAX	Ahandbag68.jpg	Ahandbag68.jpg	NOKEY	MAX	NOKEY
1447363142598	0	lts_1112L_28_01	28	01	0	434	4	1	1	Hit	556	4-mul/gymvaulting.jpg	gymvaulting.jpg	SPACE	602	SPACE
1447363145672	0	lts_1112L_28_01	28	01	0	435	0	0	0	CR	MAX	AMINICYM6.jpg	AMINICYM6.jpg	NOKEY	MAX	NOKEY
1447363147377	0	lts_1112L_28_01	28	01	0	436	0	0	1	FA	1235	8048786.thl.jpg	8048786.thl.jpg	SPACE	1270	NOKEY
1447363150468	0	lts_1112L_28_01	28	01	0	437	0	0	0	CR	MAX	AMOUSWHEE.jpg	AMOUSWHEE.jpg	NOKEY	MAX	NOKEY
1447363151571	0	lts_1112L_28_01	28	01	0	438	64	1	1	Hit	633	64-first/AHAIRCLI6.jpg	AHAIRCLI6.jpg	SPACE	669	SPACE
1447363154645	0	lts_1112L_28_01	28	01	0	439	0	0	0	CR	MAX	ABLACKB14.jpg	ABLACKB14.jpg	NOKEY	MAX	NOKEY
1447363155798	0	lts_1112L_28_01	28	01	0	440	16	1	1	Hit	671	16-0/Agourd8.jpg	Agourd8.jpg	SPACE	719	SPACE
1447363158872	0	lts_1112L_28_01	28	01	0	441	0	0	0	CR	MAX	ASATELLIT.jpg	ASATELLIT.jpg	NOKEY	MAX	NOKEY
1447363159892	0	lts_1112L_28_01	28	01	0	442	4	1	1	Hit	538	4-mul/AHAIRCLI6.jpg	AHAIRCLI6.jpg	SPACE	584	SPACE
1447363162982	0	lts_1112L_28_01	28	01	0	443	0	0	0	CR	MAX	1/ACEDAR.jpg	ACEDAR.jpg	NOKEY	MAX	NOKEY
1447363164085	0	lts_1112L_28_01	28	01	0	444	1	1	1	Hit	630	1-0/ACEDAR.jpg	ACEDAR.jpg	SPACE	669	SPACE
1447363167160	0	lts_1112L_28_01	28	01	0	445	0	0	0	CR	MAX	Adeer16.jpg	Adeer16.jpg	NOKEY	MAX	NOKEY
1447363168413	0	lts_1112L_28_01	28	01	0	446	128	1	1	Hit	778	128-7/AMILPHONE.jpg	AMILPHONE.jpg	SPACE	818	SPACE
1447363171487	0	lts_1112L_28_01	28	01	0	447	0	0	0	CR	MAX	Amilk4.jpg	Amilk4.jpg	NOKEY	MAX	NOKEY
1447363174561	0	lts_1112L_28_01	28	01	0	448	0	0	0	CR	MAX	26455183.thl.jpg	26455183.thl.jpg	NOKEY	MAX	NOKEY
1447363176951	0	lts_1112L_28_01	28	01	0	449	0	0	1	FA	1920	26425323.thl.jpg	26425323.thl.jpg	SPACE	1955	NOKEY
1447363212907	0	lts_1112L_28_01	28	01	1	0	0	0	0	CR	MAX	tricycle.jpg	tricycle.jpg	NOKEY	MAX	NOKEY
1447363215981	0	lts_1112L_28_01	28	01	1	1	0	0	0	CR	MAX	Atintelephone.jpg	Atintelephone.jpg	NOKEY	MAX	NOKEY
1447363219056	0	lts_1112L_28_01	28	01	1	2	00	1	0	Miss	MAX	00-across/QD-HEad.jpg	QD-HEad.jpg	NOKEY	MAX	SPACE
1447363222131	0	lts_1112L_28_01	28	01	1	3	0	0	0	CR	MAX	16/26429130.thl.jpg	26429130.thl.jpg	NOKEY	MAX	NOKEY
1447363223300	0	lts_1112L_28_01	28	01	1	4	00	1	1	Hit	697	00-across/thumb-mermaidfamilly.jpg	thumb-mermaidfamilly.jpg	SPACE	735	SPACE
1447363226374	0	lts_1112L_28_01	28	01	1	5	0	0	0	CR	MAX	1/Aropeandclamp.jpg	Aropeandclamp.jpg	NOKEY	MAX	NOKEY
1447363227360	0	lts_1112L_28_01	28	01	1	6	1	1	1	Hit	501	1-6/Aropeandclamp.jpg	Aropeandclamp.jpg	SPACE	551	SPACE
1447363230434	0	lts_1112L_28_01	28	01	1	7	0	0	0	CR	MAX	8/8063317.thl.jpg	8063317.thl.jpg	NOKEY	MAX	NOKEY
1447363233509	0	lts_1112L_28_01	28	01	1	8	0	0	0	CR	MAX	ATREEHOUS.jpg	ATREEHOUS.jpg	NOKEY	MAX	NOKEY
1447363236583	0	lts_1112L_28_01	28	01	1	9	0	0	0	CR	MAX	AKITE5.jpg	AKITE5.jpg	NOKEY	MAX	NOKEY
1447363239674	0	lts_1112L_28_01	28	01	1	10	0	0	0	CR	MAX	M15589.jpg	M15589.jpg	NOKEY	MAX	NOKEY
1447363242749	0	lts_1112L_28_01	28	01	1	11	0	0	0	CR	MAX	ADOGTOY.jpg	ADOGTOY.jpg	NOKEY	MAX	NOKEY
1447363245823	0	lts_1112L_28_01	28	01	1	12	0	0	0	CR	MAX	8027086.thl.jpg	8027086.thl.jpg	NOKEY	MAX	NOKEY
1447363248897	0	lts_1112L_28_01	28	01	1	13	0	0	0	CR	MAX	stickcheese.jpg	stickcheese.jpg	NOKEY	MAX	NOKEY
1447363251971	0	lts_1112L_28_01	28	01	1	14	0	0	0	CR	MAX	26377777.thl.jpg	26377777.thl.jpg	NOKEY	MAX	NOKEY
1447363253041	0	lts_1112L_28_01	28	01	1	15	8	1	1	Hit	588	8-first/8063317.thl.jpg	8063317.thl.jpg	SPACE	636	SPACE
1447363256116	0	lts_1112L_28_01	28	01	1	16	0	0	0	CR	MAX	64/APYRITE7.jpg	APYRITE7.jpg	NOKEY	MAX	NOKEY
1447363257168	0	lts_1112L_28_01	28	01	1	17	2	1	1	Hit	582	2-mul/8063317.thl.jpg	8063317.thl.jpg	SPACE	618	SPACE
1447363260242	0	lts_1112L_28_01	28	01	1	18	0	0	0	CR	MAX	128/26374803.thl.jpg	26374803.thl.jpg	NOKEY	MAX	NOKEY
1447363261345	0	lts_1112L_28_01	28	01	1	19	16	1	1	Hit	623	16-first/26429130.thl.jpg	26429130.thl.jpg	SPACE	668	SPACE
1447363263100	0	lts_1112L_28_01	28	01	1	20	0	0	1	FA	1280	8/8023888.thl.jpg	8023888.thl.jpg	SPACE	1321	NOKEY
1447363266174	0	lts_1112L_28_01	28	01	1	21	0	0	0	CR	MAX	Apepperoni.jpg	Apepperoni.jpg	NOKEY	MAX	NOKEY
1447363267260	0	lts_1112L_28_01	28	01	1	22	00	1	1	Hit	617	00-across/Alock34.jpg	Alock34.jpg	SPACE	651	SPACE
1447363270334	0	lts_1112L_28_01	28	01	1	23	0	0	0	CR	MAX	2/AWEDCOU19.jpg	AWEDCOU19.jpg	NOKEY	MAX	NOKEY
1447363273408	0	lts_1112L_28_01	28	01	1	24	0	0	0	CR	MAX	8/bowlingpin.jpg	bowlingpin.jpg	NOKEY	MAX	NOKEY
1447363274444	0	lts_1112L_28_01	28	01	1	25	2	1	1	Hit	565	2-5/AWEDCOU19.jpg	AWEDCOU19.jpg	SPACE	602	SPACE
1447363277519	0	lts_1112L_28_01	28	01	1	26	0	0	0	CR	MAX	ABIRDCAG2.jpg	ABIRDCAG2.jpg	NOKEY	MAX	NOKEY
1447363280610	0	lts_1112L_28_01	28	01	1	27	0	0	0	CR	MAX	Aancientstat3.jpg	Aancientstat3.jpg	NOKEY	MAX	NOKEY
1447363281746	0	lts_1112L_28_01	28	01	1	28	8	1	1	Hit	659	8-1/8023888.thl.jpg	8023888.thl.jpg	SPACE	702	SPACE
1447363284821	0	lts_1112L_28_01	28	01	1	29	0	0	0	CR	MAX	AAMBULAN7.jpg	AAMBULAN7.jpg	NOKEY	MAX	NOKEY
1447363287895	0	lts_1112L_28_01	28	01	1	30	0	0	0	CR	MAX	Aclimbersicep.jpg	Aclimbersicep.jpg	NOKEY	MAX	NOKEY
1447363289800	0	lts_1112L_28_01	28	01	1	31	0	0	1	FA	1432	ALAB36.jpg	ALAB36.jpg	SPACE	1470	NOKEY
1447363290953	0	lts_1112L_28_01	28	01	1	32	8	1	1	Hit	683	8-first/bowlingpin.jpg	bowlingpin.jpg	SPACE	718	SPACE
1447363294027	0	lts_1112L_28_01	28	01	1	33	0	0	0	CR	MAX	32/Afirealarm2.jpg	Afirealarm2.jpg	NOKEY	MAX	NOKEY
1447363296149	0	lts_1112L_28_01	28	01	1	34	0	0	1	FA	1645	barbwirecoil.jpg	barbwirecoil.jpg	SPACE	1687	NOKEY
1447363297152	0	lts_1112L_28_01	28	01	1	35	16	1	1	Hit	526	16-mul/26429130.thl.jpg	26429130.thl.jpg	SPACE	568	SPACE
1447363300226	0	lts_1112L_28_01	28	01	1	36	0	0	0	CR	MAX	A3bday5.jpg	A3bday5.jpg	NOKEY	MAX	NOKEY
1447363303300	0	lts_1112L_28_01	28	01	1	37	0	0	0	CR	MAX	26465824.thl.jpg	26465824.thl.jpg	NOKEY	MAX	NOKEY
1447363306374	0	lts_1112L_28_01	28	01	1	38	0	0	0	CR	MAX	16/26685948.thl.jpg	26685948.thl.jpg	NOKEY	MAX	NOKEY
1447363309449	0	lts_1112L_28_01	28	01	1	39	0	0	0	CR	MAX	23057742.thl.jpg	23057742.thl.jpg	NOKEY	MAX	NOKEY
1447363312540	0	lts_1112L_28_01	28	01	1	40	0	0	0	CR	MAX	Awatch28.jpg	Awatch28.jpg	NOKEY	MAX	NOKEY
1447363315614	0	lts_1112L_28_01	28	01	1	41	0	0	0	CR	MAX	ADRUMSTI4.jpg	ADRUMSTI4.jpg	NOKEY	MAX	NOKEY
1447363318689	0	lts_1112L_28_01	28	01	1	42	0	0	0	CR	MAX	8/Adustpanbrus4.jpg	Adustpanbrus4.jpg	NOKEY	MAX	NOKEY
1447363321763	0	lts_1112L_28_01	28	01	1	43	0	0	0	CR	MAX	22857516.thl.jpg	22857516.thl.jpg	NOKEY	MAX	NOKEY
1447363324837	0	lts_1112L_28_01	28	01	1	44	0	0	0	CR	MAX	ABLAKBEN2.jpg	ABLAKBEN2.jpg	NOKEY	MAX	NOKEY
1447363327928	0	lts_1112L_28_01	28	01	1	45	0	0	0	CR	MAX	32/AXMASTIN3.jpg	AXMASTIN3.jpg	NOKEY	MAX	NOKEY
1447363331003	0	lts_1112L_28_01	28	01	1	46	0	0	0	CR	MAX	Acork6.jpg	Acork6.jpg	NOKEY	MAX	NOKEY
1447363334077	0	lts_1112L_28_01	28	01	1	47	0	0	0	CR	MAX	ABOOTCRA5.jpg	ABOOTCRA5.jpg	NOKEY	MAX	NOKEY
1447363335146	0	lts_1112L_28_01	28	01	1	48	16	1	1	Hit	600	16-mul/bowlingpin.jpg	bowlingpin.jpg	SPACE	634	SPACE
1447363338221	0	lts_1112L_28_01	28	01	1	49	0	0	0	CR	MAX	ARASPBER2.jpg	ARASPBER2.jpg	NOKEY	MAX	NOKEY
1447363339574	0	lts_1112L_28_01	28	01	1	50	8	1	1	Hit	880	8-first/Adustpanbrus4.jpg	Adustpanbrus4.jpg	SPACE	919	SPACE
1447363342648	0	lts_1112L_28_01	28	01	1	51	0	0	0	CR	MAX	64/26427612.thl.jpg	26427612.thl.jpg	NOKEY	MAX	NOKEY
1447363343835	0	lts_1112L_28_01	28	01	1	52	2	1	1	Hit	705	2-mul/Adustpanbrus4.jpg	Adustpanbrus4.jpg	SPACE	752	SPACE
1447363346909	0	lts_1112L_28_01	28	01	1	53	0	0	0	CR	MAX	AHOSPCAR3.jpg	AHOSPCAR3.jpg	NOKEY	MAX	NOKEY
1447363348045	0	lts_1112L_28_01	28	01	1	54	16	1	1	Hit	654	16-first/26685948.thl.jpg	26685948.thl.jpg	SPACE	701	SPACE
1447363351120	0	lts_1112L_28_01	28	01	1	55	0	0	0	CR	MAX	euthsda.jpg	euthsda.jpg	NOKEY	MAX	NOKEY
1447363354194	0	lts_1112L_28_01	28	01	1	56	0	0	0	CR	MAX	legoblocks.jpg	legoblocks.jpg	NOKEY	MAX	NOKEY
1447363357268	0	lts_1112L_28_01	28	01	1	57	0	0	0	CR	MAX	Avacuum20.jpg	Avacuum20.jpg	NOKEY	MAX	NOKEY
1447363358488	0	lts_1112L_28_01	28	01	1	58	4	1	1	Hit	745	4-mul/26685948.thl.jpg	26685948.thl.jpg	SPACE	785	SPACE
1447363361562	0	lts_1112L_28_01	28	01	1	59	0	0	0	CR	MAX	64/AARCHERY.jpg	AARCHERY.jpg	NOKEY	MAX	NOKEY
1447363364653	0	lts_1112L_28_01	28	01	1	60	0	0	0	CR	MAX	APOTWHOLE.jpg	APOTWHOLE.jpg	NOKEY	MAX	NOKEY
1447363367728	0	lts_1112L_28_01	28	01	1	61	0	0	0	CR	MAX	1/Alipstick3.jpg	Alipstick3.jpg	NOKEY	MAX	NOKEY
1447363369015	0	lts_1112L_28_01	28	01	1	62	1	1	1	Hit	802	1-1/Alipstick3.jpg	Alipstick3.jpg	SPACE	852	SPACE
1447363372089	0	lts_1112L_28_01	28	01	1	63	0	0	0	CR	MAX	128/Aslippers2.jpg	Aslippers2.jpg	NOKEY	MAX	NOKEY
1447363375163	0	lts_1112L_28_01	28	01	1	64	0	0	0	CR	MAX	Anoisma32.jpg	Anoisma32.jpg	NOKEY	MAX	NOKEY
1447363376633	0	lts_1112L_28_01	28	01	1	65	32	1	1	Hit	994	32-2/Afirealarm2.jpg	Afirealarm2.jpg	SPACE	1035	SPACE
1447363379708	0	lts_1112L_28_01	28	01	1	66	0	0	0	CR	MAX	confettipopper.jpg	confettipopper.jpg	NOKEY	MAX	NOKEY
1447363382782	0	lts_1112L_28_01	28	01	1	67	0	0	0	CR	MAX	2/ASPOONS2.jpg	ASPOONS2.jpg	NOKEY	MAX	NOKEY
1447363385857	0	lts_1112L_28_01	28	01	1	68	0	0	0	CR	MAX	AROCKET20.jpg	AROCKET20.jpg	NOKEY	MAX	NOKEY
1447363388146	0	lts_1112L_28_01	28	01	1	69	2	1	1	Hit	1819	2-11/ASPOONS2.jpg	ASPOONS2.jpg	SPACE	1855	SPACE
1447363391220	0	lts_1112L_28_01	28	01	1	70	0	0	0	CR	MAX	ACHEESEGR.jpg	ACHEESEGR.jpg	NOKEY	MAX	NOKEY
1447363394294	0	lts_1112L_28_01	28	01	1	71	0	0	0	CR	MAX	Astirstick.jpg	Astirstick.jpg	NOKEY	MAX	NOKEY
1447363397368	0	lts_1112L_28_01	28	01	1	72	0	0	0	CR	MAX	Abananasundae.jpg	Abananasundae.jpg	NOKEY	MAX	NOKEY
1447363400443	0	lts_1112L_28_01	28	01	1	73	0	0	0	CR	MAX	1/Atoyhorse2.jpg	Atoyhorse2.jpg	NOKEY	MAX	NOKEY
1447363401529	0	lts_1112L_28_01	28	01	1	74	1	1	1	Hit	611	1-5/Atoyhorse2.jpg	Atoyhorse2.jpg	SPACE	652	SPACE
1447363404603	0	lts_1112L_28_01	28	01	1	75	0	0	0	CR	MAX	26433942.thl.jpg	26433942.thl.jpg	NOKEY	MAX	NOKEY
1447363407678	0	lts_1112L_28_01	28	01	1	76	0	0	0	CR	MAX	XPGame.jpg	XPGame.jpg	NOKEY	MAX	NOKEY
1447363410334	0	lts_1112L_28_01	28	01	1	77	32	1	1	Hit	2177	32-3/AXMASTIN3.jpg	AXMASTIN3.jpg	SPACE	2222	SPACE
1447363413409	0	lts_1112L_28_01	28	01	1	78	0	0	0	CR	MAX	23060574.thl.jpg	23060574.thl.jpg	NOKEY	MAX	NOKEY
1447363416483	0	lts_1112L_28_01	28	01	1	79	0	0	0	CR	MAX	Aclockradio4.jpg	Aclockradio4.jpg	NOKEY	MAX	NOKEY
1447363417519	0	lts_1112L_28_01	28	01	1	80	64	1	1	Hit	561	64-first/APYRITE7.jpg	APYRITE7.jpg	SPACE	602	SPACE
1447363420610	0	lts_1112L_28_01	28	01	1	81	0	0	0	CR	MAX	2/Atoyelephant.jpg	Atoyelephant.jpg	NOKEY	MAX	NOKEY
1447363423684	0	lts_1112L_28_01	28	01	1	82	0	0	0	CR	MAX	Achickendinne.jpg	Achickendinne.jpg	NOKEY	MAX	NOKEY
1447363424670	0	lts_1112L_28_01	28	01	1	83	2	1	1	Hit	512	2-0/Atoyelephant.jpg	Atoyelephant.jpg	SPACE	551	SPACE
1447363427845	0	lts_1112L_28_01	28	01	1	84	0	0	0	CR	MAX	2/Aantiquevege3.jpg	Aantiquevege3.jpg	NOKEY	MAX	NOKEY
1447363431070	0	lts_1112L_28_01	28	01	1	85	0	0	0	CR	MAX	Awastepaperb3.jpg	Awastepaperb3.jpg	NOKEY	MAX	NOKEY
1447363432239	0	lts_1112L_28_01	28	01	1	86	2	1	1	Hit	694	2-3/Aantiquevege3.jpg	Aantiquevege3.jpg	SPACE	735	SPACE
1447363435313	0	lts_1112L_28_01	28	01	1	87	0	0	0	CR	MAX	AGREENPEP.jpg	AGREENPEP.jpg	NOKEY	MAX	NOKEY
1447363438388	0	lts_1112L_28_01	28	01	1	88	0	0	0	CR	MAX	64/Aacarthatsbe2.jpg	Aacarthatsbe2.jpg	NOKEY	MAX	NOKEY
1447363441462	0	lts_1112L_28_01	28	01	1	89	0	0	0	CR	MAX	1/26391079.thl.jpg	26391079.thl.jpg	NOKEY	MAX	NOKEY
1447363442448	0	lts_1112L_28_01	28	01	1	90	1	1	1	Hit	507	1-8/26391079.thl.jpg	26391079.thl.jpg	SPACE	551	SPACE
1447363445522	0	lts_1112L_28_01	28	01	1	91	0	0	0	CR	MAX	8/Awildberries.jpg	Awildberries.jpg	NOKEY	MAX	NOKEY
1447363447711	0	lts_1112L_28_01	28	01	1	92	0	0	1	FA	1715	128/APUMPKI35.jpg	APUMPKI35.jpg	SPACE	1754	NOKEY
1447363450785	0	lts_1112L_28_01	28	01	1	93	0	0	0	CR	MAX	26423652.thl.jpg	26423652.thl.jpg	NOKEY	MAX	NOKEY
1447363451971	0	lts_1112L_28_01	28	01	1	94	00	1	1	Hit	705	00-across/Acastle22.jpg	Acastle22.jpg	SPACE	752	SPACE
1447363455046	0	lts_1112L_28_01	28	01	1	95	0	0	0	CR	MAX	ABROOCH53.jpg	ABROOCH53.jpg	NOKEY	MAX	NOKEY
1447363456132	0	lts_1112L_28_01	28	01	1	96	16	1	1	Hit	614	16-mul/APYRITE7.jpg	APYRITE7.jpg	SPACE	651	SPACE
1447363459206	0	lts_1112L_28_01	28	01	1	97	0	0	0	CR	MAX	piece.jpg	piece.jpg	NOKEY	MAX	NOKEY
1447363462281	0	lts_1112L_28_01	28	01	1	98	0	0	0	CR	MAX	AEAREXAM2.jpg	AEAREXAM2.jpg	NOKEY	MAX	NOKEY
1447363463701	0	lts_1112L_28_01	28	01	1	99	8	1	1	Hit	950	8-first/Awildberries.jpg	Awildberries.jpg	SPACE	986	SPACE
1447363466893	0	lts_1112L_28_01	28	01	1	100	0	0	0	CR	MAX	32/ASLIDVIE2.jpg	ASLIDVIE2.jpg	NOKEY	MAX	NOKEY
1447363470084	0	lts_1112L_28_01	28	01	1	101	0	0	0	CR	MAX	096CM301000.jpg	096CM301000.jpg	NOKEY	MAX	NOKEY
1447363473158	0	lts_1112L_28_01	28	01	1	102	0	0	0	CR	MAX	AMANJUI2.jpg	AMANJUI2.jpg	NOKEY	MAX	NOKEY
1447363474161	0	lts_1112L_28_01	28	01	1	103	4	1	1	Hit	525	4-mul/Awildberries.jpg	Awildberries.jpg	SPACE	568	SPACE
1447363477235	0	lts_1112L_28_01	28	01	1	104	0	0	0	CR	MAX	64/Atelephoneja2.jpg	Atelephoneja2.jpg	NOKEY	MAX	NOKEY
1447363478655	0	lts_1112L_28_01	28	01	1	105	00	1	1	Hit	937	00-across/strawberrytart.jpg	strawberrytart.jpg	SPACE	986	SPACE
1447363479892	0	lts_1112L_28_01	28	01	1	106	0	0	1	FA	766	2/ARUSH.jpg	ARUSH.jpg	SPACE	802	NOKEY
1447363482982	0	lts_1112L_28_01	28	01	1	107	0	0	0	CR	MAX	AASCDESC.jpg	AASCDESC.jpg	NOKEY	MAX	NOKEY
1447363484369	0	lts_1112L_28_01	28	01	1	108	2	1	1	Hit	918	2-1/ARUSH.jpg	ARUSH.jpg	SPACE	954	SPACE
1447363487444	0	lts_1112L_28_01	28	01	1	109	0	0	0	CR	MAX	Aclothespin4.jpg	Aclothespin4.jpg	NOKEY	MAX	NOKEY
1447363489198	0	lts_1112L_28_01	28	01	1	110	0	0	1	FA	1279	2/Atoyfurnitu14.jpg	Atoyfurnitu14.jpg	SPACE	1320	NOKEY
1447363492272	0	lts_1112L_28_01	28	01	1	111	0	0	0	CR	MAX	AFLAMMABL.jpg	AFLAMMABL.jpg	NOKEY	MAX	NOKEY
1447363495347	0	lts_1112L_28_01	28	01	1	112	2	1	0	Miss	MAX	2-13/Atoyfurnitu14.jpg	Atoyfurnitu14.jpg	NOKEY	MAX	SPACE
1447363498421	0	lts_1112L_28_01	28	01	1	113	0	0	0	CR	MAX	juicebox.jpg	juicebox.jpg	NOKEY	MAX	NOKEY
1447363501495	0	lts_1112L_28_01	28	01	1	114	0	0	0	CR	MAX	64/AKEYHOL10.jpg	AKEYHOL10.jpg	NOKEY	MAX	NOKEY
1447363502632	0	lts_1112L_28_01	28	01	1	115	64	1	1	Hit	653	64-first/26427612.thl.jpg	26427612.thl.jpg	SPACE	702	SPACE
1447363505706	0	lts_1112L_28_01	28	01	1	116	0	0	0	CR	MAX	AROCKSHO2.jpg	AROCKSHO2.jpg	NOKEY	MAX	NOKEY
1447363508780	0	lts_1112L_28_01	28	01	1	117	0	0	0	CR	MAX	26441176.thl.jpg	26441176.thl.jpg	NOKEY	MAX	NOKEY
1447363511872	0	lts_1112L_28_01	28	01	1	118	0	0	0	CR	MAX	Ababseat2.jpg	Ababseat2.jpg	NOKEY	MAX	NOKEY
1447363513141	0	lts_1112L_28_01	28	01	1	119	4	1	1	Hit	798	4-mul/26427612.thl.jpg	26427612.thl.jpg	SPACE	836	SPACE
1447363516215	0	lts_1112L_28_01	28	01	1	120	0	0	0	CR	MAX	26387436.thl.jpg	26387436.thl.jpg	NOKEY	MAX	NOKEY
1447363519290	0	lts_1112L_28_01	28	01	1	121	0	0	0	CR	MAX	ABRIDGE3.jpg	ABRIDGE3.jpg	NOKEY	MAX	NOKEY
1447363522364	0	lts_1112L_28_01	28	01	1	122	128	1	0	Miss	MAX	128/DSCN9735-sm.jpg	DSCN9735-sm.jpg	NOKEY	MAX	SPACE
1447363523417	0	lts_1112L_28_01	28	01	1	123	64	1	1	Hit	573	64-first/AARCHERY.jpg	AARCHERY.jpg	SPACE	617	SPACE
1447363526491	0	lts_1112L_28_01	28	01	1	124	0	0	0	CR	MAX	4/AARTBERRI.jpg	AARTBERRI.jpg	NOKEY	MAX	NOKEY
1447363529566	0	lts_1112L_28_01	28	01	1	125	2	1	0	Miss	MAX	2-mul/AARCHERY.jpg	AARCHERY.jpg	NOKEY	MAX	SPACE
1447363532640	0	lts_1112L_28_01	28	01	1	126	0	0	0	CR	MAX	16/Alintbrush2.jpg	Alintbrush2.jpg	NOKEY	MAX	NOKEY
1447363535715	0	lts_1112L_28_01	28	01	1	127	0	0	0	CR	MAX	8/Ajacket12.jpg	Ajacket12.jpg	NOKEY	MAX	NOKEY
1447363536734	0	lts_1112L_28_01	28	01	1	128	4	1	1	Hit	547	4-8/AARTBERRI.jpg	AARTBERRI.jpg	SPACE	585	SPACE
1447363539808	0	lts_1112L_28_01	28	01	1	129	0	0	0	CR	MAX	26374135.thl.jpg	26374135.thl.jpg	NOKEY	MAX	NOKEY
1447363542883	0	lts_1112L_28_01	28	01	1	130	0	0	0	CR	MAX	ACOMPAS20.jpg	ACOMPAS20.jpg	NOKEY	MAX	NOKEY
1447363545957	0	lts_1112L_28_01	28	01	1	131	0	0	0	CR	MAX	Atoypersonwi2.jpg	Atoypersonwi2.jpg	NOKEY	MAX	NOKEY
1447363547527	0	lts_1112L_28_01	28	01	1	132	32	1	1	Hit	1091	32-7/ASLIDVIE2.jpg	ASLIDVIE2.jpg	SPACE	1138	SPACE
1447363549031	0	lts_1112L_28_01	28	01	1	133	0	0	1	FA	1031	moneyslotmachine.jpg	moneyslotmachine.jpg	SPACE	1069	NOKEY
1447363552122	0	lts_1112L_28_01	28	01	1	134	0	0	0	CR	MAX	26390325.thl.jpg	26390325.thl.jpg	NOKEY	MAX	NOKEY
1447363553375	0	lts_1112L_28_01	28	01	1	135	8	1	1	Hit	776	8-first/Ajacket12.jpg	Ajacket12.jpg	SPACE	819	SPACE
1447363556450	0	lts_1112L_28_01	28	01	1	136	0	0	0	CR	MAX	26437074.thl.jpg	26437074.thl.jpg	NOKEY	MAX	NOKEY
1447363557552	0	lts_1112L_28_01	28	01	1	137	2	1	1	Hit	627	2-mul/Ajacket12.jpg	Ajacket12.jpg	SPACE	668	SPACE
1447363560627	0	lts_1112L_28_01	28	01	1	138	0	0	0	CR	MAX	1/Ajesusstatue2.jpg	Ajesusstatue2.jpg	NOKEY	MAX	NOKEY
1447363561629	0	lts_1112L_28_01	28	01	1	139	1	1	1	Hit	523	1-2/Ajesusstatue2.jpg	Ajesusstatue2.jpg	SPACE	568	SPACE
1447363564720	0	lts_1112L_28_01	28	01	1	140	0	0	0	CR	MAX	64/ASHAKER2.jpg	ASHAKER2.jpg	NOKEY	MAX	NOKEY
1447363566575	0	lts_1112L_28_01	28	01	1	141	0	0	1	FA	1374	8/ABLUBLOTT.jpg	ABLUBLOTT.jpg	SPACE	1420	NOKEY
1447363567644	0	lts_1112L_28_01	28	01	1	142	16	1	1	Hit	594	16-first/Alintbrush2.jpg	Alintbrush2.jpg	SPACE	635	SPACE
1447363570719	0	lts_1112L_28_01	28	01	1	143	0	0	0	CR	MAX	ice.jpg	ice.jpg	NOKEY	MAX	NOKEY
1447363571705	0	lts_1112L_28_01	28	01	1	144	2	1	1	Hit	512	2-mul/Alintbrush2.jpg	Alintbrush2.jpg	SPACE	551	SPACE
1447363574779	0	lts_1112L_28_01	28	01	1	145	0	0	0	CR	MAX	D_golfcart.jpg	D_golfcart.jpg	NOKEY	MAX	NOKEY
1447363576750	0	lts_1112L_28_01	28	01	1	146	128	1	1	Hit	1495	128-5/26374803.thl.jpg	26374803.thl.jpg	SPACE	1537	SPACE
1447363578004	0	lts_1112L_28_01	28	01	1	147	0	0	1	FA	775	Alatch7.jpg	Alatch7.jpg	SPACE	819	NOKEY
1447363581078	0	lts_1112L_28_01	28	01	1	148	0	0	0	CR	MAX	APIPE8.jpg	APIPE8.jpg	NOKEY	MAX	NOKEY
1447363582164	0	lts_1112L_28_01	28	01	1	149	8	1	1	Hit	617	8-0/ABLUBLOTT.jpg	ABLUBLOTT.jpg	SPACE	652	SPACE
1447363585238	0	lts_1112L_28_01	28	01	1	150	0	0	0	CR	MAX	26422507.thl.jpg	26422507.thl.jpg	NOKEY	MAX	NOKEY
1447363588313	0	lts_1112L_28_01	28	01	1	151	0	0	0	CR	MAX	Abedpan7.jpg	Abedpan7.jpg	NOKEY	MAX	NOKEY
1447363591387	0	lts_1112L_28_01	28	01	1	152	64	1	0	Miss	MAX	64-first/Aacarthatsbe2.jpg	Aacarthatsbe2.jpg	NOKEY	MAX	SPACE
1447363594461	0	lts_1112L_28_01	28	01	1	153	0	0	0	CR	MAX	8068401.thl.jpg	8068401.thl.jpg	NOKEY	MAX	NOKEY
1447363595681	0	lts_1112L_28_01	28	01	1	154	2	1	1	Hit	735	2-mul/Aacarthatsbe2.jpg	Aacarthatsbe2.jpg	SPACE	785	SPACE
1447363598755	0	lts_1112L_28_01	28	01	1	155	0	0	0	CR	MAX	26422216.thl.jpg	26422216.thl.jpg	NOKEY	MAX	NOKEY
1447363601830	0	lts_1112L_28_01	28	01	1	156	0	0	0	CR	MAX	4/batslbir.jpg	batslbir.jpg	NOKEY	MAX	NOKEY
1447363603718	0	lts_1112L_28_01	28	01	1	157	0	0	1	FA	1391	1/ACURLRIB2.jpg	ACURLRIB2.jpg	SPACE	1437	NOKEY
1447363604771	0	lts_1112L_28_01	28	01	1	158	1	1	1	Hit	578	1-10/ACURLRIB2.jpg	ACURLRIB2.jpg	SPACE	617	SPACE
1447363607845	0	lts_1112L_28_01	28	01	1	159	0	0	0	CR	MAX	AFISH20.jpg	AFISH20.jpg	NOKEY	MAX	NOKEY
1447363610919	0	lts_1112L_28_01	28	01	1	160	4	1	0	Miss	MAX	4-3/batslbir.jpg	batslbir.jpg	NOKEY	MAX	SPACE
1447363613993	0	lts_1112L_28_01	28	01	1	161	0	0	0	CR	MAX	Aelectricgri3.jpg	Aelectricgri3.jpg	NOKEY	MAX	NOKEY
1447363615815	0	lts_1112L_28_01	28	01	1	162	0	0	1	FA	1346	Arooster15.jpg	Arooster15.jpg	SPACE	1387	NOKEY
1447363618889	0	lts_1112L_28_01	28	01	1	163	0	0	0	CR	MAX	AFORKLIF2.jpg	AFORKLIF2.jpg	NOKEY	MAX	NOKEY
1447363621963	0	lts_1112L_28_01	28	01	1	164	0	0	0	CR	MAX	Abeverage11.jpg	Abeverage11.jpg	NOKEY	MAX	NOKEY
1447363625038	0	lts_1112L_28_01	28	01	1	165	0	0	0	CR	MAX	Aoutdoorprop3.jpg	Aoutdoorprop3.jpg	NOKEY	MAX	NOKEY
1447363628112	0	lts_1112L_28_01	28	01	1	166	0	0	0	CR	MAX	16/handcomputerN.JPG	handcomputerN.JPG	NOKEY	MAX	NOKEY
1447363631186	0	lts_1112L_28_01	28	01	1	167	0	0	0	CR	MAX	26434233.thl.jpg	26434233.thl.jpg	NOKEY	MAX	NOKEY
1447363632390	0	lts_1112L_28_01	28	01	1	168	64	1	1	Hit	733	64-first/Atelephoneja2.jpg	Atelephoneja2.jpg	SPACE	768	SPACE
1447363633542	0	lts_1112L_28_01	28	01	1	169	0	0	1	FA	669	Acomputerdriv.jpg	Acomputerdriv.jpg	SPACE	718	NOKEY
1447363636617	0	lts_1112L_28_01	28	01	1	170	0	0	0	CR	MAX	Aplantinpot2.jpg	Aplantinpot2.jpg	NOKEY	MAX	NOKEY
1447363639691	0	lts_1112L_28_01	28	01	1	171	0	0	0	CR	MAX	APETROL2.jpg	APETROL2.jpg	NOKEY	MAX	NOKEY
1447363640761	0	lts_1112L_28_01	28	01	1	172	4	1	1	Hit	596	4-mul/Atelephoneja2.jpg	Atelephoneja2.jpg	SPACE	634	SPACE
1447363643835	0	lts_1112L_28_01	28	01	1	173	0	0	0	CR	MAX	1/Aswitch17.jpg	Aswitch17.jpg	NOKEY	MAX	NOKEY
1447363644804	0	lts_1112L_28_01	28	01	1	174	1	1	1	Hit	485	1-3/Aswitch17.jpg	Aswitch17.jpg	SPACE	535	SPACE
1447363647878	0	lts_1112L_28_01	28	01	1	175	0	0	0	CR	MAX	1/26372785.thl.jpg	26372785.thl.jpg	NOKEY	MAX	NOKEY
1447363648764	0	lts_1112L_28_01	28	01	1	176	1	1	1	Hit	412	1-0/26372785.thl.jpg	26372785.thl.jpg	SPACE	451	SPACE
1447363651838	0	lts_1112L_28_01	28	01	1	177	0	0	0	CR	MAX	Acatstatue3.jpg	Acatstatue3.jpg	NOKEY	MAX	NOKEY
1447363653008	0	lts_1112L_28_01	28	01	1	178	64	1	1	Hit	692	64-first/AKEYHOL10.jpg	AKEYHOL10.jpg	SPACE	735	SPACE
1447363656082	0	lts_1112L_28_01	28	01	1	179	0	0	0	CR	MAX	APANCAKE3.jpg	APANCAKE3.jpg	NOKEY	MAX	NOKEY
1447363659156	0	lts_1112L_28_01	28	01	1	180	0	0	0	CR	MAX	Acompass18.jpg	Acompass18.jpg	NOKEY	MAX	NOKEY
1447363662231	0	lts_1112L_28_01	28	01	1	181	0	0	0	CR	MAX	Alighthouse6.jpg	Alighthouse6.jpg	NOKEY	MAX	NOKEY
1447363663584	0	lts_1112L_28_01	28	01	1	182	16	1	1	Hit	883	16-first/handcomputerN.JPG	handcomputerN.JPG	SPACE	919	SPACE
1447363664737	0	lts_1112L_28_01	28	01	1	183	0	0	1	FA	682	Ascientifice6.jpg	Ascientifice6.jpg	SPACE	718	NOKEY
1447363665723	0	lts_1112L_28_01	28	01	1	184	2	1	1	Hit	503	2-mul/handcomputerN.JPG	handcomputerN.JPG	SPACE	551	SPACE
1447363668797	0	lts_1112L_28_01	28	01	1	185	0	0	0	CR	MAX	ABOWLCARV.jpg	ABOWLCARV.jpg	NOKEY	MAX	NOKEY
1447363671872	0	lts_1112L_28_01	28	01	1	186	0	0	0	CR	MAX	Alambtoy6.jpg	Alambtoy6.jpg	NOKEY	MAX	NOKEY
1447363674946	0	lts_1112L_28_01	28	01	1	187	0	0	0	CR	MAX	ASNOWSH11.jpg	ASNOWSH11.jpg	NOKEY	MAX	NOKEY
1447363678020	0	lts_1112L_28_01	28	01	1	188	0	0	0	CR	MAX	Acup29.jpg	Acup29.jpg	NOKEY	MAX	NOKEY
1447363679223	0	lts_1112L_28_01	28	01	1	189	0	0	1	FA	725	AFRUIT2.jpg	AFRUIT2.jpg	SPACE	769	NOKEY
1447363681646	0	lts_1112L_28_01	28	01	1	190	0	0	1	FA	1941	10049193.thl.jpg	10049193.thl.jpg	SPACE	1988	NOKEY
1447363684720	0	lts_1112L_28_01	28	01	1	191	128	1	0	Miss	MAX	128-4/Aslippers2.jpg	Aslippers2.jpg	NOKEY	MAX	SPACE
1447363687795	0	lts_1112L_28_01	28	01	1	192	0	0	0	CR	MAX	B_makeupbag.jpg	B_makeupbag.jpg	NOKEY	MAX	NOKEY
1447363690869	0	lts_1112L_28_01	28	01	1	193	0	0	0	CR	MAX	4/Acamcorde.jpg	Acamcorde.jpg	NOKEY	MAX	NOKEY
1447363691922	0	lts_1112L_28_01	28	01	1	194	16	1	1	Hit	571	16-mul/AKEYHOL10.jpg	AKEYHOL10.jpg	SPACE	618	SPACE
1447363694995	0	lts_1112L_28_01	28	01	1	195	0	0	0	CR	MAX	Afrog45.jpg	Afrog45.jpg	NOKEY	MAX	NOKEY
1447363698087	0	lts_1112L_28_01	28	01	1	196	0	0	0	CR	MAX	Acinnamonrol2.jpg	Acinnamonrol2.jpg	NOKEY	MAX	NOKEY
1447363699257	0	lts_1112L_28_01	28	01	1	197	4	1	1	Hit	695	4-1/Acamcorde.jpg	Acamcorde.jpg	SPACE	736	SPACE
1447363702331	0	lts_1112L_28_01	28	01	1	198	0	0	0	CR	MAX	16/26432173.thl.jpg	26432173.thl.jpg	NOKEY	MAX	NOKEY
1447363705405	0	lts_1112L_28_01	28	01	1	199	0	0	0	CR	MAX	Abladetablesa.jpg	Abladetablesa.jpg	NOKEY	MAX	NOKEY
1447363708480	0	lts_1112L_28_01	28	01	1	200	0	0	0	CR	MAX	2/Abicyclerepa3.jpg	Abicyclerepa3.jpg	NOKEY	MAX	NOKEY
1447363711554	0	lts_1112L_28_01	28	01	1	201	0	0	0	CR	MAX	Aancientbuild.jpg	Aancientbuild.jpg	NOKEY	MAX	NOKEY
1447363712523	0	lts_1112L_28_01	28	01	1	202	2	1	1	Hit	500	2-8/Abicyclerepa3.jpg	Abicyclerepa3.jpg	SPACE	534	SPACE
1447363715598	0	lts_1112L_28_01	28	01	1	203	0	0	0	CR	MAX	Atool198.jpg	Atool198.jpg	NOKEY	MAX	NOKEY
1447363716600	0	lts_1112L_28_01	28	01	1	204	64	1	1	Hit	527	64-first/ASHAKER2.jpg	ASHAKER2.jpg	SPACE	568	SPACE
1447363717954	0	lts_1112L_28_01	28	01	1	205	0	0	1	FA	884	32/moto.jpg	moto.jpg	SPACE	919	NOKEY
1447363718906	0	lts_1112L_28_01	28	01	1	206	2	1	1	Hit	472	2-mul/ASHAKER2.jpg	ASHAKER2.jpg	SPACE	519	SPACE
1447363721996	0	lts_1112L_28_01	28	01	1	207	0	0	0	CR	MAX	Apaintedwood3.jpg	Apaintedwood3.jpg	NOKEY	MAX	NOKEY
1447363725071	0	lts_1112L_28_01	28	01	1	208	0	0	0	CR	MAX	4/Agasblower2.jpg	Agasblower2.jpg	NOKEY	MAX	NOKEY
1447363728145	0	lts_1112L_28_01	28	01	1	209	0	0	0	CR	MAX	AWATERJU3.jpg	AWATERJU3.jpg	NOKEY	MAX	NOKEY
1447363731220	0	lts_1112L_28_01	28	01	1	210	0	0	0	CR	MAX	26423873.thl.jpg	26423873.thl.jpg	NOKEY	MAX	NOKEY
1447363734294	0	lts_1112L_28_01	28	01	1	211	0	0	0	CR	MAX	26377631.thl.jpg	26377631.thl.jpg	NOKEY	MAX	NOKEY
1447363735915	0	lts_1112L_28_01	28	01	1	212	4	1	1	Hit	1149	4-11/Agasblower2.jpg	Agasblower2.jpg	SPACE	1186	SPACE
1447363738989	0	lts_1112L_28_01	28	01	1	213	0	0	0	CR	MAX	Abicyclegear2.jpg	Abicyclegear2.jpg	NOKEY	MAX	NOKEY
1447363741011	0	lts_1112L_28_01	28	01	1	214	16	1	1	Hit	1540	16-first/26432173.thl.jpg	26432173.thl.jpg	SPACE	1587	SPACE
1447363743200	0	lts_1112L_28_01	28	01	1	215	0	0	1	FA	1716	8/26374767.thl.jpg	26374767.thl.jpg	SPACE	1754	NOKEY
1447363746274	0	lts_1112L_28_01	28	01	1	216	0	0	0	CR	MAX	Asign7.jpg	Asign7.jpg	NOKEY	MAX	NOKEY
1447363749081	0	lts_1112L_28_01	28	01	1	217	0	0	1	FA	2326	AGLASSBAL.jpg	AGLASSBAL.jpg	SPACE	2372	NOKEY
1447363752156	0	lts_1112L_28_01	28	01	1	218	0	0	0	CR	MAX	AWHISTLE4.jpg	AWHISTLE4.jpg	NOKEY	MAX	NOKEY
1447363755230	0	lts_1112L_28_01	28	01	1	219	0	0	0	CR	MAX	AHOSPCRI3.jpg	AHOSPCRI3.jpg	NOKEY	MAX	NOKEY
1447363756316	0	lts_1112L_28_01	28	01	1	220	128	1	1	Hit	616	128-0/APUMPKI35.jpg	APUMPKI35.jpg	SPACE	652	SPACE
1447363759390	0	lts_1112L_28_01	28	01	1	221	0	0	0	CR	MAX	ADUSTER5.jpg	ADUSTER5.jpg	NOKEY	MAX	NOKEY
1447363762465	0	lts_1112L_28_01	28	01	1	222	0	0	0	CR	MAX	seahorse.jpg	seahorse.jpg	NOKEY	MAX	NOKEY
1447363763517	0	lts_1112L_28_01	28	01	1	223	8	1	1	Hit	569	8-first/26374767.thl.jpg	26374767.thl.jpg	SPACE	618	SPACE
1447363766609	0	lts_1112L_28_01	28	01	1	224	0	0	0	CR	MAX	32/ASNBRD2.jpg	ASNBRD2.jpg	NOKEY	MAX	NOKEY
1447363769683	0	lts_1112L_28_01	28	01	1	225	0	0	0	CR	MAX	tuxedo.jpg	tuxedo.jpg	NOKEY	MAX	NOKEY
1447363772758	0	lts_1112L_28_01	28	01	1	226	0	0	0	CR	MAX	Agiraffetoy3.jpg	Agiraffetoy3.jpg	NOKEY	MAX	NOKEY
1447363773877	0	lts_1112L_28_01	28	01	1	227	4	1	1	Hit	643	4-mul/26374767.thl.jpg	26374767.thl.jpg	SPACE	685	SPACE
1447363775464	0	lts_1112L_28_01	28	01	1	228	0	0	1	FA	1117	Ahorse23.jpg	Ahorse23.jpg	SPACE	1153	NOKEY
1447363778538	0	lts_1112L_28_01	28	01	1	229	0	0	0	CR	MAX	4/AMODELSA4.jpg	AMODELSA4.jpg	NOKEY	MAX	NOKEY
1447363779541	0	lts_1112L_28_01	28	01	1	230	16	1	1	Hit	524	16-mul/26432173.thl.jpg	26432173.thl.jpg	SPACE	568	SPACE
1447363780727	0	lts_1112L_28_01	28	01	1	231	0	0	1	FA	705	AARTPLANT.jpg	AARTPLANT.jpg	SPACE	752	NOKEY
1447363783802	0	lts_1112L_28_01	28	01	1	232	0	0	0	CR	MAX	checkejellyjar.jpg	checkejellyjar.jpg	NOKEY	MAX	NOKEY
1447363784938	0	lts_1112L_28_01	28	01	1	233	4	1	1	Hit	663	4-7/AMODELSA4.jpg	AMODELSA4.jpg	SPACE	702	SPACE
1447363788012	0	lts_1112L_28_01	28	01	1	234	0	0	0	CR	MAX	Abandage3.jpg	Abandage3.jpg	NOKEY	MAX	NOKEY
1447363791086	0	lts_1112L_28_01	28	01	1	235	0	0	0	CR	MAX	4/8020200.thl.jpg	8020200.thl.jpg	NOKEY	MAX	NOKEY
1447363794161	0	lts_1112L_28_01	28	01	1	236	0	0	0	CR	MAX	ARICE2.jpg	ARICE2.jpg	NOKEY	MAX	NOKEY
1447363795330	0	lts_1112L_28_01	28	01	1	237	32	1	1	Hit	697	32-6/moto.jpg	moto.jpg	SPACE	736	SPACE
1447363798405	0	lts_1112L_28_01	28	01	1	238	0	0	0	CR	MAX	32/lollipops.jpg	lollipops.jpg	NOKEY	MAX	NOKEY
1447363799441	0	lts_1112L_28_01	28	01	1	239	4	1	1	Hit	556	4-4/8020200.thl.jpg	8020200.thl.jpg	SPACE	602	SPACE
1447363802515	0	lts_1112L_28_01	28	01	1	240	0	0	0	CR	MAX	ACOATHA44.jpg	ACOATHA44.jpg	NOKEY	MAX	NOKEY
1447363805589	0	lts_1112L_28_01	28	01	1	241	0	0	0	CR	MAX	26440261.thl.jpg	26440261.thl.jpg	NOKEY	MAX	NOKEY
1447363808664	0	lts_1112L_28_01	28	01	1	242	0	0	0	CR	MAX	Achildsplaype.jpg	Achildsplaype.jpg	NOKEY	MAX	NOKEY
1447363811738	0	lts_1112L_28_01	28	01	1	243	0	0	0	CR	MAX	16/AREDPLUM.jpg	AREDPLUM.jpg	NOKEY	MAX	NOKEY
1447363814813	0	lts_1112L_28_01	28	01	1	244	0	0	0	CR	MAX	4/outdoorheater.jpg	outdoorheater.jpg	NOKEY	MAX	NOKEY
1447363817887	0	lts_1112L_28_01	28	01	1	245	0	0	0	CR	MAX	16/26422598.thl.jpg	26422598.thl.jpg	NOKEY	MAX	NOKEY
1447363820961	0	lts_1112L_28_01	28	01	1	246	0	0	0	CR	MAX	ADRUMSET3.jpg	ADRUMSET3.jpg	NOKEY	MAX	NOKEY
1447363824035	0	lts_1112L_28_01	28	01	1	247	0	0	0	CR	MAX	AFLOURBA2.jpg	AFLOURBA2.jpg	NOKEY	MAX	NOKEY
1447363827110	0	lts_1112L_28_01	28	01	1	248	4	1	0	Miss	MAX	4-10/outdoorheater.jpg	outdoorheater.jpg	NOKEY	MAX	SPACE
1447363830184	0	lts_1112L_28_01	28	01	1	249	0	0	0	CR	MAX	ARELSCU49.jpg	ARELSCU49.jpg	NOKEY	MAX	NOKEY
1447363831253	0	lts_1112L_28_01	28	01	1	250	128	1	1	Hit	599	128-2/DSCN9735-sm.jpg	DSCN9735-sm.jpg	SPACE	635	SPACE
1447363834328	0	lts_1112L_28_01	28	01	1	251	0	0	0	CR	MAX	ABAGGROCE.jpg	ABAGGROCE.jpg	NOKEY	MAX	NOKEY
1447363837402	0	lts_1112L_28_01	28	01	1	252	0	0	0	CR	MAX	Aflamingo4.jpg	Aflamingo4.jpg	NOKEY	MAX	NOKEY
1447363840477	0	lts_1112L_28_01	28	01	1	253	0	0	0	CR	MAX	ADIRECSI3.jpg	ADIRECSI3.jpg	NOKEY	MAX	NOKEY
1447363843551	0	lts_1112L_28_01	28	01	1	254	0	0	0	CR	MAX	AFLOURSCO.jpg	AFLOURSCO.jpg	NOKEY	MAX	NOKEY
1447363846625	0	lts_1112L_28_01	28	01	1	255	0	0	0	CR	MAX	blackjackcasinotable.jpg	blackjackcasinotable.jpg	NOKEY	MAX	NOKEY
1447363847762	0	lts_1112L_28_01	28	01	1	256	32	1	1	Hit	658	32-1/ASNBRD2.jpg	ASNBRD2.jpg	SPACE	702	SPACE
1447363850836	0	lts_1112L_28_01	28	01	1	257	0	0	0	CR	MAX	ASTREESW2.jpg	ASTREESW2.jpg	NOKEY	MAX	NOKEY
1447363852055	0	lts_1112L_28_01	28	01	1	258	0	0	1	FA	744	Aboots56.jpg	Aboots56.jpg	SPACE	786	NOKEY
1447363853108	0	lts_1112L_28_01	28	01	1	259	16	1	1	Hit	580	16-1/AREDPLUM.jpg	AREDPLUM.jpg	SPACE	618	SPACE
1447363856182	0	lts_1112L_28_01	28	01	1	260	0	0	0	CR	MAX	AMILPANS2.jpg	AMILPANS2.jpg	NOKEY	MAX	NOKEY
1447363857268	0	lts_1112L_28_01	28	01	1	261	16	1	1	Hit	613	16-first/26422598.thl.jpg	26422598.thl.jpg	SPACE	652	SPACE
1447363860343	0	lts_1112L_28_01	28	01	1	262	0	0	0	CR	MAX	1/AJEEPBOA2.jpg	AJEEPBOA2.jpg	NOKEY	MAX	NOKEY
1447363861329	0	lts_1112L_28_01	28	01	1	263	1	1	1	Hit	511	1-9/AJEEPBOA2.jpg	AJEEPBOA2.jpg	SPACE	552	SPACE
1447363864420	0	lts_1112L_28_01	28	01	1	264	0	0	0	CR	MAX	128/Aadjustablec2.jpg	Aadjustablec2.jpg	NOKEY	MAX	NOKEY
1447363867494	0	lts_1112L_28_01	28	01	1	265	0	0	0	CR	MAX	22923440.thl.jpg	22923440.thl.jpg	NOKEY	MAX	NOKEY
1447363870569	0	lts_1112L_28_01	28	01	1	266	0	0	0	CR	MAX	2/Adolphin3.jpg	Adolphin3.jpg	NOKEY	MAX	NOKEY
1447363873643	0	lts_1112L_28_01	28	01	1	267	0	0	0	CR	MAX	16/Aflower104.jpg	Aflower104.jpg	NOKEY	MAX	NOKEY
1447363874779	0	lts_1112L_28_01	28	01	1	268	2	1	1	Hit	666	2-9/Adolphin3.jpg	Adolphin3.jpg	SPACE	702	SPACE
1447363877854	0	lts_1112L_28_01	28	01	1	269	0	0	0	CR	MAX	26461413.thl.jpg	26461413.thl.jpg	NOKEY	MAX	NOKEY
1447363878873	0	lts_1112L_28_01	28	01	1	270	32	1	1	Hit	548	32-8/lollipops.jpg	lollipops.jpg	SPACE	585	SPACE
1447363881947	0	lts_1112L_28_01	28	01	1	271	0	0	0	CR	MAX	26370651.thm.jpg	26370651.thm.jpg	NOKEY	MAX	NOKEY
1447363882999	0	lts_1112L_28_01	28	01	1	272	00	1	1	Hit	552	00-across/Areindeer2.jpg	Areindeer2.jpg	SPACE	603	SPACE
1447363884386	0	lts_1112L_28_01	28	01	1	273	0	0	1	FA	907	1/Aextensionco8.jpg	Aextensionco8.jpg	SPACE	951	NOKEY
1447363885289	0	lts_1112L_28_01	28	01	1	274	1	1	1	Hit	425	1-7/Aextensionco8.jpg	Aextensionco8.jpg	SPACE	468	SPACE
1447363888363	0	lts_1112L_28_01	28	01	1	275	0	0	0	CR	MAX	Aperfumebottl.jpg	Aperfumebottl.jpg	NOKEY	MAX	NOKEY
1447363891437	0	lts_1112L_28_01	28	01	1	276	0	0	0	CR	MAX	AARTICHO1.jpg	AARTICHO1.jpg	NOKEY	MAX	NOKEY
1447363892557	0	lts_1112L_28_01	28	01	1	277	16	1	1	Hit	646	16-mul/26422598.thl.jpg	26422598.thl.jpg	SPACE	685	SPACE
1447363895648	0	lts_1112L_28_01	28	01	1	278	0	0	0	CR	MAX	Arubberstampa.jpg	Arubberstampa.jpg	NOKEY	MAX	NOKEY
1447363898722	0	lts_1112L_28_01	28	01	1	279	0	0	0	CR	MAX	64/26451168.thl.jpg	26451168.thl.jpg	NOKEY	MAX	NOKEY
1447363901797	0	lts_1112L_28_01	28	01	1	280	0	0	0	CR	MAX	ASKIPROP2.jpg	ASKIPROP2.jpg	NOKEY	MAX	NOKEY
1447363904871	0	lts_1112L_28_01	28	01	1	281	0	0	0	CR	MAX	changepurse03.jpg	changepurse03.jpg	NOKEY	MAX	NOKEY
1447363907945	0	lts_1112L_28_01	28	01	1	282	0	0	0	CR	MAX	8079436.thl.jpg	8079436.thl.jpg	NOKEY	MAX	NOKEY
1447363909115	0	lts_1112L_28_01	28	01	1	283	16	1	1	Hit	689	16-first/Aflower104.jpg	Aflower104.jpg	SPACE	735	SPACE
1447363912189	0	lts_1112L_28_01	28	01	1	284	0	0	0	CR	MAX	ABREASPU2.jpg	ABREASPU2.jpg	NOKEY	MAX	NOKEY
1447363915263	0	lts_1112L_28_01	28	01	1	285	0	0	0	CR	MAX	APERSRUG.jpg	APERSRUG.jpg	NOKEY	MAX	NOKEY
1447363918338	0	lts_1112L_28_01	28	01	1	286	0	0	0	CR	MAX	Alaundrybask5.jpg	Alaundrybask5.jpg	NOKEY	MAX	NOKEY
1447363920059	0	lts_1112L_28_01	28	01	1	287	4	1	1	Hit	1239	4-mul/Aflower104.jpg	Aflower104.jpg	SPACE	1287	SPACE
1447363923133	0	lts_1112L_28_01	28	01	1	288	0	0	0	CR	MAX	128/AHEATER.jpg	AHEATER.jpg	NOKEY	MAX	NOKEY
1447363924420	0	lts_1112L_28_01	28	01	1	289	0	0	1	FA	807	32/22919000.thl.jpg	22919000.thl.jpg	SPACE	852	NOKEY
1447363927494	0	lts_1112L_28_01	28	01	1	290	0	0	0	CR	MAX	2/ACOWCREAM.jpg	ACOWCREAM.jpg	NOKEY	MAX	NOKEY
1447363930569	0	lts_1112L_28_01	28	01	1	291	0	0	0	CR	MAX	26467460.thl.jpg	26467460.thl.jpg	NOKEY	MAX	NOKEY
1447363931822	0	lts_1112L_28_01	28	01	1	292	2	1	1	Hit	772	2-2/ACOWCREAM.jpg	ACOWCREAM.jpg	SPACE	819	SPACE
1447363934896	0	lts_1112L_28_01	28	01	1	293	0	0	0	CR	MAX	APAINTJ11.jpg	APAINTJ11.jpg	NOKEY	MAX	NOKEY
1447363937969	0	lts_1112L_28_01	28	01	1	294	0	0	0	CR	MAX	AWALNUT3.jpg	AWALNUT3.jpg	NOKEY	MAX	NOKEY
1447363941045	0	lts_1112L_28_01	28	01	1	295	0	0	0	CR	MAX	AANTHAT2.jpg	AANTHAT2.jpg	NOKEY	MAX	NOKEY
1447363944119	0	lts_1112L_28_01	28	01	1	296	0	0	0	CR	MAX	2/hockeypuck.jpg	hockeypuck.jpg	NOKEY	MAX	NOKEY
1447363947193	0	lts_1112L_28_01	28	01	1	297	0	0	0	CR	MAX	ATELEBO13.jpg	ATELEBO13.jpg	NOKEY	MAX	NOKEY
1447363948396	0	lts_1112L_28_01	28	01	1	298	2	1	1	Hit	718	2-12/hockeypuck.jpg	hockeypuck.jpg	SPACE	767	SPACE
1447363949800	0	lts_1112L_28_01	28	01	1	299	0	0	1	FA	934	64/Adiscoball2.jpg	Adiscoball2.jpg	SPACE	969	NOKEY
1447363952875	0	lts_1112L_28_01	28	01	1	300	0	0	0	CR	MAX	AFIRSTA15.jpg	AFIRSTA15.jpg	NOKEY	MAX	NOKEY
1447363955949	0	lts_1112L_28_01	28	01	1	301	0	0	0	CR	MAX	128/gun.jpg	gun.jpg	NOKEY	MAX	NOKEY
1447363957720	0	lts_1112L_28_01	28	01	1	302	0	0	1	FA	1289	ADENSYRIN.jpg	ADENSYRIN.jpg	SPACE	1338	NOKEY
1447363960794	0	lts_1112L_28_01	28	01	1	303	0	0	0	CR	MAX	D_stove.jpg	D_stove.jpg	NOKEY	MAX	NOKEY
1447363963869	0	lts_1112L_28_01	28	01	1	304	0	0	0	CR	MAX	26419324.thl.jpg	26419324.thl.jpg	NOKEY	MAX	NOKEY
1447363966943	0	lts_1112L_28_01	28	01	1	305	0	0	0	CR	MAX	Apurse83.jpg	Apurse83.jpg	NOKEY	MAX	NOKEY
1447363970017	0	lts_1112L_28_01	28	01	1	306	0	0	0	CR	MAX	32/AANBABYCA.jpg	AANBABYCA.jpg	NOKEY	MAX	NOKEY
1447363973091	0	lts_1112L_28_01	28	01	1	307	0	0	0	CR	MAX	4/ATOASTOV2.jpg	ATOASTOV2.jpg	NOKEY	MAX	NOKEY
1447363974278	0	lts_1112L_28_01	28	01	1	308	00	1	1	Hit	716	00-across/Abicycleglove.jpg	Abicycleglove.jpg	SPACE	752	SPACE
1447363977352	0	lts_1112L_28_01	28	01	1	309	0	0	0	CR	MAX	4/Aflower136.jpg	Aflower136.jpg	NOKEY	MAX	NOKEY
1447363980427	0	lts_1112L_28_01	28	01	1	310	0	0	0	CR	MAX	128/Atoytaxi3.jpg	Atoytaxi3.jpg	NOKEY	MAX	NOKEY
1447363981513	0	lts_1112L_28_01	28	01	1	311	4	1	1	Hit	616	4-12/ATOASTOV2.jpg	ATOASTOV2.jpg	SPACE	651	SPACE
1447363982783	0	lts_1112L_28_01	28	01	1	312	0	0	1	FA	790	4/Agolfbag.jpg	Agolfbag.jpg	SPACE	835	NOKEY
1447363983919	0	lts_1112L_28_01	28	01	1	313	4	1	1	Hit	654	4-5/Aflower136.jpg	Aflower136.jpg	SPACE	702	SPACE
1447363985773	0	lts_1112L_28_01	28	01	1	314	0	0	1	FA	1381	Aberries5.jpg	Aberries5.jpg	SPACE	1420	NOKEY
1447363988848	0	lts_1112L_28_01	28	01	1	315	0	0	0	CR	MAX	Aplastictestt.jpg	Aplastictestt.jpg	NOKEY	MAX	NOKEY
1447363989950	0	lts_1112L_28_01	28	01	1	316	4	1	1	Hit	630	4-6/Agolfbag.jpg	Agolfbag.jpg	SPACE	668	SPACE
1447363993024	0	lts_1112L_28_01	28	01	1	317	0	0	0	CR	MAX	2/satellitedirecttc.jpg	satellitedirecttc.jpg	NOKEY	MAX	NOKEY
1447363996099	0	lts_1112L_28_01	28	01	1	318	0	0	0	CR	MAX	10049257.thl.jpg	10049257.thl.jpg	NOKEY	MAX	NOKEY
1447363997051	0	lts_1112L_28_01	28	01	1	319	2	1	1	Hit	482	2-6/satellitedirecttc.jpg	satellitedirecttc.jpg	SPACE	519	SPACE
1447363998422	0	lts_1112L_28_01	28	01	1	320	0	0	1	FA	898	32/AMANGO.jpg	AMANGO.jpg	SPACE	935	NOKEY
1447363999608	0	lts_1112L_28_01	28	01	1	321	32	1	1	Hit	710	32-4/22919000.thl.jpg	22919000.thl.jpg	SPACE	752	SPACE
1447364002682	0	lts_1112L_28_01	28	01	1	322	0	0	0	CR	MAX	8021410.thl.jpg	8021410.thl.jpg	NOKEY	MAX	NOKEY
1447364005757	0	lts_1112L_28_01	28	01	1	323	0	0	0	CR	MAX	4/Ahotdogplain.jpg	Ahotdogplain.jpg	NOKEY	MAX	NOKEY
1447364008831	0	lts_1112L_28_01	28	01	1	324	0	0	0	CR	MAX	Achampagnebo2.jpg	Achampagnebo2.jpg	NOKEY	MAX	NOKEY
1447364010151	0	lts_1112L_28_01	28	01	1	325	00	1	1	Hit	840	00-across/Atrap4.jpg	Atrap4.jpg	SPACE	885	SPACE
1447364013225	0	lts_1112L_28_01	28	01	1	326	0	0	0	CR	MAX	Astrawfan.jpg	Astrawfan.jpg	NOKEY	MAX	NOKEY
1447364014361	0	lts_1112L_28_01	28	01	1	327	4	1	1	Hit	651	4-9/Ahotdogplain.jpg	Ahotdogplain.jpg	SPACE	701	SPACE
1447364017436	0	lts_1112L_28_01	28	01	1	328	0	0	0	CR	MAX	AHYPONEE3.jpg	AHYPONEE3.jpg	NOKEY	MAX	NOKEY
1447364018988	0	lts_1112L_28_01	28	01	1	329	00	1	1	Hit	1055	00-across/Acomputerdes8.jpg	Acomputerdes8.jpg	SPACE	1103	SPACE
1447364020644	0	lts_1112L_28_01	28	01	1	330	0	0	1	FA	1174	ASTONHOU2.jpg	ASTONHOU2.jpg	SPACE	1220	NOKEY
1447364023718	0	lts_1112L_28_01	28	01	1	331	0	0	0	CR	MAX	1/Adustpanbrush.jpg	Adustpanbrush.jpg	NOKEY	MAX	NOKEY
1447364024671	0	lts_1112L_28_01	28	01	1	332	1	1	1	Hit	480	1-4/Adustpanbrush.jpg	Adustpanbrush.jpg	SPACE	517	SPACE
1447364027745	0	lts_1112L_28_01	28	01	1	333	0	0	0	CR	MAX	AHARPSIC5.jpg	AHARPSIC5.jpg	NOKEY	MAX	NOKEY
1447364030819	0	lts_1112L_28_01	28	01	1	334	0	0	0	CR	MAX	2/Aflatwoodenba.jpg	Aflatwoodenba.jpg	NOKEY	MAX	NOKEY
1447364033893	0	lts_1112L_28_01	28	01	1	335	0	0	0	CR	MAX	hottub.jpg	hottub.jpg	NOKEY	MAX	NOKEY
1447364034978	0	lts_1112L_28_01	28	01	1	336	2	1	1	Hit	605	2-4/Aflatwoodenba.jpg	Aflatwoodenba.jpg	SPACE	652	SPACE
1447364036617	0	lts_1112L_28_01	28	01	1	337	0	0	1	FA	1159	8/ACHIPPER.jpg	ACHIPPER.jpg	SPACE	1204	NOKEY
1447364037737	0	lts_1112L_28_01	28	01	1	338	32	1	1	Hit	636	32-5/AANBABYCA.jpg	AANBABYCA.jpg	SPACE	685	SPACE
1447364040811	0	lts_1112L_28_01	28	01	1	339	0	0	0	CR	MAX	ASCSIPORT.jpg	ASCSIPORT.jpg	NOKEY	MAX	NOKEY
1447364041863	0	lts_1112L_28_01	28	01	1	340	0	0	1	FA	576	ABREADMAC.jpg	ABREADMAC.jpg	SPACE	619	NOKEY
1447364043016	0	lts_1112L_28_01	28	01	1	341	00	1	1	Hit	670	00-across/22822309.thl.jpg	22822309.thl.jpg	SPACE	719	SPACE
1447364046091	0	lts_1112L_28_01	28	01	1	342	0	0	0	CR	MAX	clawhairclips.jpg	clawhairclips.jpg	NOKEY	MAX	NOKEY
1447364047344	0	lts_1112L_28_01	28	01	1	343	64	1	1	Hit	769	64-first/26451168.thl.jpg	26451168.thl.jpg	SPACE	819	SPACE
1447364050418	0	lts_1112L_28_01	28	01	1	344	0	0	0	CR	MAX	ASPARKER2.jpg	ASPARKER2.jpg	NOKEY	MAX	NOKEY
1447364051454	0	lts_1112L_28_01	28	01	1	345	8	1	1	Hit	558	8-first/ACHIPPER.jpg	ACHIPPER.jpg	SPACE	601	SPACE
1447364054529	0	lts_1112L_28_01	28	01	1	346	0	0	0	CR	MAX	Acrackersandc.jpg	Acrackersandc.jpg	NOKEY	MAX	NOKEY
1447364057603	0	lts_1112L_28_01	28	01	1	347	0	0	0	CR	MAX	26431414.thl.jpg	26431414.thl.jpg	NOKEY	MAX	NOKEY
1447364060677	0	lts_1112L_28_01	28	01	1	348	0	0	0	CR	MAX	bait04.jpg	bait04.jpg	NOKEY	MAX	NOKEY
1447364061747	0	lts_1112L_28_01	28	01	1	349	4	1	1	Hit	593	4-mul/ACHIPPER.jpg	ACHIPPER.jpg	SPACE	635	SPACE
1447364064821	0	lts_1112L_28_01	28	01	1	350	0	0	0	CR	MAX	APARSLEY.jpg	APARSLEY.jpg	NOKEY	MAX	NOKEY
1447364067895	0	lts_1112L_28_01	28	01	1	351	0	0	0	CR	MAX	8021515.thl.jpg	8021515.thl.jpg	NOKEY	MAX	NOKEY
1447364069132	0	lts_1112L_28_01	28	01	1	352	32	1	1	Hit	757	32-9/AMANGO.jpg	AMANGO.jpg	SPACE	802	SPACE
1447364072206	0	lts_1112L_28_01	28	01	1	353	0	0	0	CR	MAX	1/Apizzadoughin.jpg	Apizzadoughin.jpg	NOKEY	MAX	NOKEY
1447364073242	0	lts_1112L_28_01	28	01	1	354	1	1	1	Hit	558	1-14/Apizzadoughin.jpg	Apizzadoughin.jpg	SPACE	602	SPACE
1447364076316	0	lts_1112L_28_01	28	01	1	355	0	0	0	CR	MAX	Acoral7.jpg	Acoral7.jpg	NOKEY	MAX	NOKEY
1447364079391	0	lts_1112L_28_01	28	01	1	356	0	0	0	CR	MAX	32/AMIMETITE.jpg	AMIMETITE.jpg	NOKEY	MAX	NOKEY
1447364082465	0	lts_1112L_28_01	28	01	1	357	0	0	0	CR	MAX	AWALKER11.jpg	AWALKER11.jpg	NOKEY	MAX	NOKEY
1447364085539	0	lts_1112L_28_01	28	01	1	358	0	0	0	CR	MAX	ACHEEGRA3.jpg	ACHEEGRA3.jpg	NOKEY	MAX	NOKEY
1447364086592	0	lts_1112L_28_01	28	01	1	359	16	1	1	Hit	573	16-mul/26451168.thl.jpg	26451168.thl.jpg	SPACE	618	SPACE
1447364089667	0	lts_1112L_28_01	28	01	1	360	0	0	0	CR	MAX	10049507.thl-1.jpg	10049507.thl-1.jpg	NOKEY	MAX	NOKEY
1447364092741	0	lts_1112L_28_01	28	01	1	361	0	0	0	CR	MAX	16/AADZUKIB2.jpg	AADZUKIB2.jpg	NOKEY	MAX	NOKEY
1447364095815	0	lts_1112L_28_01	28	01	1	362	0	0	0	CR	MAX	ABEDROOM8.jpg	ABEDROOM8.jpg	NOKEY	MAX	NOKEY
1447364097035	0	lts_1112L_28_01	28	01	1	363	64	1	1	Hit	744	64-first/Adiscoball2.jpg	Adiscoball2.jpg	SPACE	785	SPACE
1447364100109	0	lts_1112L_28_01	28	01	1	364	0	0	0	CR	MAX	Aturban.jpg	Aturban.jpg	NOKEY	MAX	NOKEY
1447364103183	0	lts_1112L_28_01	28	01	1	365	0	0	0	CR	MAX	Awomensshoe4.jpg	Awomensshoe4.jpg	NOKEY	MAX	NOKEY
1447364106041	0	lts_1112L_28_01	28	01	1	366	0	0	1	FA	2383	Afish57.jpg	Afish57.jpg	SPACE	2423	NOKEY
1447364107127	0	lts_1112L_28_01	28	01	1	367	4	1	1	Hit	609	4-mul/Adiscoball2.jpg	Adiscoball2.jpg	SPACE	652	SPACE
1447364110201	0	lts_1112L_28_01	28	01	1	368	0	0	0	CR	MAX	Abutterchurn5.jpg	Abutterchurn5.jpg	NOKEY	MAX	NOKEY
1447364113275	0	lts_1112L_28_01	28	01	1	369	0	0	0	CR	MAX	8058011.thl.jpg	8058011.thl.jpg	NOKEY	MAX	NOKEY
1447364116350	0	lts_1112L_28_01	28	01	1	370	0	0	0	CR	MAX	APILLS5.jpg	APILLS5.jpg	NOKEY	MAX	NOKEY
1447364117653	0	lts_1112L_28_01	28	01	1	371	0	0	1	FA	826	DSCN1248-sm.jpg	DSCN1248-sm.jpg	SPACE	869	NOKEY
1447364120728	0	lts_1112L_28_01	28	01	1	372	0	0	0	CR	MAX	Aseeder2.jpg	Aseeder2.jpg	NOKEY	MAX	NOKEY
1447364123802	0	lts_1112L_28_01	28	01	1	373	0	0	0	CR	MAX	Abikepedalar2.jpg	Abikepedalar2.jpg	NOKEY	MAX	NOKEY
1447364126876	0	lts_1112L_28_01	28	01	1	374	0	0	0	CR	MAX	16/Atoy57.jpg	Atoy57.jpg	NOKEY	MAX	NOKEY
1447364129950	0	lts_1112L_28_01	28	01	1	375	0	0	0	CR	MAX	26451269.thl.jpg	26451269.thl.jpg	NOKEY	MAX	NOKEY
1447364133025	0	lts_1112L_28_01	28	01	1	376	0	0	0	CR	MAX	8/Apocketwatch.jpg	Apocketwatch.jpg	NOKEY	MAX	NOKEY
1447364134278	0	lts_1112L_28_01	28	01	1	377	16	1	1	Hit	777	16-first/AADZUKIB2.jpg	AADZUKIB2.jpg	SPACE	819	SPACE
1447364137352	0	lts_1112L_28_01	28	01	1	378	0	0	0	CR	MAX	AARTIFLE2.jpg	AARTIFLE2.jpg	NOKEY	MAX	NOKEY
1447364138405	0	lts_1112L_28_01	28	01	1	379	2	1	1	Hit	570	2-mul/AADZUKIB2.jpg	AADZUKIB2.jpg	SPACE	617	SPACE
1447364140109	0	lts_1112L_28_01	28	01	1	380	0	0	1	FA	1219	Astatue99.jpg	Astatue99.jpg	SPACE	1253	NOKEY
1447364141245	0	lts_1112L_28_01	28	01	1	381	0	0	1	FA	662	ADARKLAMP.jpg	ADARKLAMP.jpg	SPACE	701	NOKEY
1447364144320	0	lts_1112L_28_01	28	01	1	382	0	0	0	CR	MAX	Aclog6.jpg	Aclog6.jpg	NOKEY	MAX	NOKEY
1447364147394	0	lts_1112L_28_01	28	01	1	383	0	0	0	CR	MAX	ATOASTE22.jpg	ATOASTE22.jpg	NOKEY	MAX	NOKEY
1447364150468	0	lts_1112L_28_01	28	01	1	384	8	1	0	Miss	MAX	8-2/Apocketwatch.jpg	Apocketwatch.jpg	NOKEY	MAX	SPACE
1447364153543	0	lts_1112L_28_01	28	01	1	385	0	0	0	CR	MAX	brownie.jpg	brownie.jpg	NOKEY	MAX	NOKEY
1447364156617	0	lts_1112L_28_01	28	01	1	386	0	0	0	CR	MAX	Achocolateice.jpg	Achocolateice.jpg	NOKEY	MAX	NOKEY
1447364159692	0	lts_1112L_28_01	28	01	1	387	0	0	0	CR	MAX	cowboywagon.jpg	cowboywagon.jpg	NOKEY	MAX	NOKEY
1447364160928	0	lts_1112L_28_01	28	01	1	388	32	1	1	Hit	753	32-0/AMIMETITE.jpg	AMIMETITE.jpg	SPACE	802	SPACE
1447364164002	0	lts_1112L_28_01	28	01	1	389	0	0	0	CR	MAX	8/Ahippopotamu4.jpg	Ahippopotamu4.jpg	NOKEY	MAX	NOKEY
1447364165573	0	lts_1112L_28_01	28	01	1	390	16	1	1	Hit	1099	16-first/Atoy57.jpg	Atoy57.jpg	SPACE	1136	SPACE
1447364168647	0	lts_1112L_28_01	28	01	1	391	0	0	0	CR	MAX	ABLACKB12.jpg	ABLACKB12.jpg	NOKEY	MAX	NOKEY
1447364170469	0	lts_1112L_28_01	28	01	1	392	128	1	1	Hit	1350	128-1/Aadjustablec2.jpg	Aadjustablec2.jpg	SPACE	1386	SPACE
1447364173543	0	lts_1112L_28_01	28	01	1	393	0	0	0	CR	MAX	8257273.thl.jpg	8257273.thl.jpg	NOKEY	MAX	NOKEY
1447364174646	0	lts_1112L_28_01	28	01	1	394	4	1	1	Hit	619	4-mul/Atoy57.jpg	Atoy57.jpg	SPACE	669	SPACE
1447364177720	0	lts_1112L_28_01	28	01	1	395	0	0	0	CR	MAX	Athermosand12.jpg	Athermosand12.jpg	NOKEY	MAX	NOKEY
1447364180794	0	lts_1112L_28_01	28	01	1	396	0	0	0	CR	MAX	26432148.thl.jpg	26432148.thl.jpg	NOKEY	MAX	NOKEY
1447364181863	0	lts_1112L_28_01	28	01	1	397	8	1	1	Hit	588	8-first/Ahippopotamu4.jpg	Ahippopotamu4.jpg	SPACE	635	SPACE
1447364184938	0	lts_1112L_28_01	28	01	1	398	0	0	0	CR	MAX	1/gingerbreadcookie.jpg	gingerbreadcookie.jpg	NOKEY	MAX	NOKEY
1447364185924	0	lts_1112L_28_01	28	01	1	399	1	1	1	Hit	507	1-12/gingerbreadcookie.jpg	gingerbreadcookie.jpg	SPACE	552	SPACE
1447364189015	0	lts_1112L_28_01	28	01	1	400	0	0	0	CR	MAX	ATOOLS.jpg	ATOOLS.jpg	NOKEY	MAX	NOKEY
1447364192089	0	lts_1112L_28_01	28	01	1	401	0	0	0	CR	MAX	AHARP.jpg	AHARP.jpg	NOKEY	MAX	NOKEY
1447364195163	0	lts_1112L_28_01	28	01	1	402	0	0	0	CR	MAX	A_cookie.jpg	A_cookie.jpg	NOKEY	MAX	NOKEY
1447364198238	0	lts_1112L_28_01	28	01	1	403	0	0	0	CR	MAX	Aappleonsca14.jpg	Aappleonsca14.jpg	NOKEY	MAX	NOKEY
1447364201312	0	lts_1112L_28_01	28	01	1	404	0	0	0	CR	MAX	1/Araisins4.jpg	Araisins4.jpg	NOKEY	MAX	NOKEY
1447364202398	0	lts_1112L_28_01	28	01	1	405	1	1	1	Hit	604	1-11/Araisins4.jpg	Araisins4.jpg	SPACE	650	SPACE
1447364205489	0	lts_1112L_28_01	28	01	1	406	0	0	0	CR	MAX	26369923.thl.jpg	26369923.thl.jpg	NOKEY	MAX	NOKEY
1447364208564	0	lts_1112L_28_01	28	01	1	407	0	0	0	CR	MAX	4/AWOODPYRA.jpg	AWOODPYRA.jpg	NOKEY	MAX	NOKEY
1447364211638	0	lts_1112L_28_01	28	01	1	408	0	0	0	CR	MAX	8256348.thl.jpg	8256348.thl.jpg	NOKEY	MAX	NOKEY
1447364214713	0	lts_1112L_28_01	28	01	1	409	0	0	0	CR	MAX	A1OCLOC2.jpg	A1OCLOC2.jpg	NOKEY	MAX	NOKEY
1447364217787	0	lts_1112L_28_01	28	01	1	410	0	0	0	CR	MAX	pinecone02.jpg	pinecone02.jpg	NOKEY	MAX	NOKEY
1447364218906	0	lts_1112L_28_01	28	01	1	411	4	1	1	Hit	649	4-0/AWOODPYRA.jpg	AWOODPYRA.jpg	SPACE	685	SPACE
1447364221996	0	lts_1112L_28_01	28	01	1	412	0	0	0	CR	MAX	AOLIVE.jpg	AOLIVE.jpg	NOKEY	MAX	NOKEY
1447364223083	0	lts_1112L_28_01	28	01	1	413	16	1	1	Hit	608	16-mul/Ahippopotamu4.jpg	Ahippopotamu4.jpg	SPACE	652	SPACE
1447364226158	0	lts_1112L_28_01	28	01	1	414	0	0	0	CR	MAX	4/Azucchini9.jpg	Azucchini9.jpg	NOKEY	MAX	NOKEY
1447364229232	0	lts_1112L_28_01	28	01	1	415	0	0	0	CR	MAX	ACIGARCU3.jpg	ACIGARCU3.jpg	NOKEY	MAX	NOKEY
1447364232306	0	lts_1112L_28_01	28	01	1	416	128	1	0	Miss	MAX	128-6/AHEATER.jpg	AHEATER.jpg	NOKEY	MAX	SPACE
1447364235381	0	lts_1112L_28_01	28	01	1	417	0	0	0	CR	MAX	Ascale60.jpg	Ascale60.jpg	NOKEY	MAX	NOKEY
1447364236701	0	lts_1112L_28_01	28	01	1	418	4	1	1	Hit	841	4-2/Azucchini9.jpg	Azucchini9.jpg	SPACE	886	SPACE
1447364239775	0	lts_1112L_28_01	28	01	1	419	0	0	0	CR	MAX	16/26687944.thl.jpg	26687944.thl.jpg	NOKEY	MAX	NOKEY
1447364242849	0	lts_1112L_28_01	28	01	1	420	0	0	0	CR	MAX	22855236.thl.jpg	22855236.thl.jpg	NOKEY	MAX	NOKEY
1447364245924	0	lts_1112L_28_01	28	01	1	421	0	0	0	CR	MAX	2/ACOWBOYH3.jpg	ACOWBOYH3.jpg	NOKEY	MAX	NOKEY
1447364248997	0	lts_1112L_28_01	28	01	1	422	0	0	0	CR	MAX	AHORSHOE2.jpg	AHORSHOE2.jpg	NOKEY	MAX	NOKEY
1447364250134	0	lts_1112L_28_01	28	01	1	423	2	1	1	Hit	665	2-7/ACOWBOYH3.jpg	ACOWBOYH3.jpg	SPACE	702	SPACE
1447364253209	0	lts_1112L_28_01	28	01	1	424	0	0	0	CR	MAX	8/8024597.thl.jpg	8024597.thl.jpg	NOKEY	MAX	NOKEY
1447364256283	0	lts_1112L_28_01	28	01	1	425	0	0	0	CR	MAX	Acompactdisc2.jpg	Acompactdisc2.jpg	NOKEY	MAX	NOKEY
1447364259357	0	lts_1112L_28_01	28	01	1	426	0	0	0	CR	MAX	tires.jpg	tires.jpg	NOKEY	MAX	NOKEY
1447364261680	0	lts_1112L_28_01	28	01	1	427	0	0	1	FA	1841	AFIGHTP16.jpg	AFIGHTP16.jpg	SPACE	1888	NOKEY
1447364264136	0	lts_1112L_28_01	28	01	1	428	0	0	1	FA	1983	ADOCKPOST.jpg	ADOCKPOST.jpg	SPACE	2021	NOKEY
1447364265205	0	lts_1112L_28_01	28	01	1	429	128	1	1	Hit	594	128-3/gun.jpg	gun.jpg	SPACE	635	SPACE
1447364268296	0	lts_1112L_28_01	28	01	1	430	0	0	0	CR	MAX	AFETTUCI2.jpg	AFETTUCI2.jpg	NOKEY	MAX	NOKEY
1447364271371	0	lts_1112L_28_01	28	01	1	431	0	0	0	CR	MAX	Afunnel17.jpg	Afunnel17.jpg	NOKEY	MAX	NOKEY
1447364272607	0	lts_1112L_28_01	28	01	1	432	8	1	1	Hit	756	8-first/8024597.thl.jpg	8024597.thl.jpg	SPACE	802	SPACE
1447364275682	0	lts_1112L_28_01	28	01	1	433	0	0	0	CR	MAX	10049816.thl.jpg	10049816.thl.jpg	NOKEY	MAX	NOKEY
1447364278756	0	lts_1112L_28_01	28	01	1	434	0	0	0	CR	MAX	neckrest.jpg	neckrest.jpg	NOKEY	MAX	NOKEY
1447364280009	0	lts_1112L_28_01	28	01	1	435	16	1	1	Hit	776	16-0/26687944.thl.jpg	26687944.thl.jpg	SPACE	819	SPACE
1447364283083	0	lts_1112L_28_01	28	01	1	436	0	0	0	CR	MAX	Aammonitefo14.jpg	Aammonitefo14.jpg	NOKEY	MAX	NOKEY
1447364286158	0	lts_1112L_28_01	28	01	1	437	0	0	0	CR	MAX	imate.jpg	imate.jpg	NOKEY	MAX	NOKEY
1447364287645	0	lts_1112L_28_01	28	01	1	438	128	1	1	Hit	1008	128-7/Atoytaxi3.jpg	Atoytaxi3.jpg	SPACE	1053	SPACE
1447364290719	0	lts_1112L_28_01	28	01	1	439	0	0	0	CR	MAX	Abat5.jpg	Abat5.jpg	NOKEY	MAX	NOKEY
1447364293793	0	lts_1112L_28_01	28	01	1	440	0	0	0	CR	MAX	1/trapezebars.jpg	trapezebars.jpg	NOKEY	MAX	NOKEY
1447364294829	0	lts_1112L_28_01	28	01	1	441	1	1	1	Hit	566	1-13/trapezebars.jpg	trapezebars.jpg	SPACE	602	SPACE
1447364297903	0	lts_1112L_28_01	28	01	1	442	0	0	0	CR	MAX	2/AFUNNEL4.jpg	AFUNNEL4.jpg	NOKEY	MAX	NOKEY
1447364300977	0	lts_1112L_28_01	28	01	1	443	0	0	0	CR	MAX	sphinx.jpg	sphinx.jpg	NOKEY	MAX	NOKEY
1447364302097	0	lts_1112L_28_01	28	01	1	444	2	1	1	Hit	640	2-10/AFUNNEL4.jpg	AFUNNEL4.jpg	SPACE	687	SPACE
1447364305189	0	lts_1112L_28_01	28	01	1	445	0	0	0	CR	MAX	ALOVSEA10.jpg	ALOVSEA10.jpg	NOKEY	MAX	NOKEY
1447364308263	0	lts_1112L_28_01	28	01	1	446	0	0	0	CR	MAX	A25PINCON.jpg	A25PINCON.jpg	NOKEY	MAX	NOKEY
1447364311337	0	lts_1112L_28_01	28	01	1	447	0	0	0	CR	MAX	26391514.thl.jpg	26391514.thl.jpg	NOKEY	MAX	NOKEY
1447364312440	0	lts_1112L_28_01	28	01	1	448	16	1	1	Hit	618	16-mul/8024597.thl.jpg	8024597.thl.jpg	SPACE	668	SPACE
1447364315515	0	lts_1112L_28_01	28	01	1	449	0	0	0	CR	MAX	AGOLDCUP6.jpg	AGOLDCUP6.jpg	NOKEY	MAX	NOKEY
1447364363680	0	E	Logging Ends
