1446579189636	0	B	Logging Begins
1446579285498	0	lts_1103L_17_01	17	01	0	0	0	0	0	CR	MAX	spoon-a.jpg	spoon-a.jpg	NOKEY	MAX	NOKEY
1446579288572	0	lts_1103L_17_01	17	01	0	1	0	0	0	CR	MAX	Astackingtoy2.jpg	Astackingtoy2.jpg	NOKEY	MAX	NOKEY
1446579291646	0	lts_1103L_17_01	17	01	0	2	0	0	0	CR	MAX	Akiddcup2.jpg	Akiddcup2.jpg	NOKEY	MAX	NOKEY
1446579294721	0	lts_1103L_17_01	17	01	0	3	0	0	0	CR	MAX	2/ACOMB5.jpg	ACOMB5.jpg	NOKEY	MAX	NOKEY
1446579297812	0	lts_1103L_17_01	17	01	0	4	0	0	0	CR	MAX	Atoymoose.jpg	Atoymoose.jpg	NOKEY	MAX	NOKEY
1446579298831	0	lts_1103L_17_01	17	01	0	5	2	1	1	Hit	550	2-4/ACOMB5.jpg	ACOMB5.jpg	SPACE	586	SPACE
1446579301905	0	lts_1103L_17_01	17	01	0	6	0	0	0	CR	MAX	Aoutdoorrece2.jpg	Aoutdoorrece2.jpg	NOKEY	MAX	NOKEY
1446579304996	0	lts_1103L_17_01	17	01	0	7	0	0	0	CR	MAX	Acarvedpumpk2.jpg	Acarvedpumpk2.jpg	NOKEY	MAX	NOKEY
1446579308088	0	lts_1103L_17_01	17	01	0	8	0	0	0	CR	MAX	1/AELECBEA6.jpg	AELECBEA6.jpg	NOKEY	MAX	NOKEY
1446579309074	0	lts_1103L_17_01	17	01	0	9	1	1	1	Hit	509	1-0/AELECBEA6.jpg	AELECBEA6.jpg	SPACE	550	SPACE
1446579312165	0	lts_1103L_17_01	17	01	0	10	0	0	0	CR	MAX	8/26432173.thl.jpg	26432173.thl.jpg	NOKEY	MAX	NOKEY
1446579315257	0	lts_1103L_17_01	17	01	0	11	0	0	0	CR	MAX	2/Ameasuringsp5.jpg	Ameasuringsp5.jpg	NOKEY	MAX	NOKEY
1446579318348	0	lts_1103L_17_01	17	01	0	12	0	0	0	CR	MAX	Aclothespin4.jpg	Aclothespin4.jpg	NOKEY	MAX	NOKEY
1446579319350	0	lts_1103L_17_01	17	01	0	13	2	1	1	Hit	521	2-3/Ameasuringsp5.jpg	Ameasuringsp5.jpg	SPACE	568	SPACE
1446579322425	0	lts_1103L_17_01	17	01	0	14	0	0	0	CR	MAX	128/35310232.thl.jpg	35310232.thl.jpg	NOKEY	MAX	NOKEY
1446579325516	0	lts_1103L_17_01	17	01	0	15	0	0	0	CR	MAX	64/Atool221.jpg	Atool221.jpg	NOKEY	MAX	NOKEY
1446579328591	0	lts_1103L_17_01	17	01	0	16	0	0	0	CR	MAX	ASALAMI.jpg	ASALAMI.jpg	NOKEY	MAX	NOKEY
1446579331681	0	lts_1103L_17_01	17	01	0	17	0	0	0	CR	MAX	AEXECHAIR.jpg	AEXECHAIR.jpg	NOKEY	MAX	NOKEY
1446579332700	0	lts_1103L_17_01	17	01	0	18	8	1	1	Hit	547	8-first/26432173.thl.jpg	26432173.thl.jpg	SPACE	585	SPACE
1446579335792	0	lts_1103L_17_01	17	01	0	19	0	0	0	CR	MAX	1/garlic.jpg	garlic.jpg	NOKEY	MAX	NOKEY
1446579336761	0	lts_1103L_17_01	17	01	0	20	1	1	1	Hit	489	1-9/garlic.jpg	garlic.jpg	SPACE	535	SPACE
1446579339835	0	lts_1103L_17_01	17	01	0	21	0	0	0	CR	MAX	Atool152.jpg	Atool152.jpg	NOKEY	MAX	NOKEY
1446579342926	0	lts_1103L_17_01	17	01	0	22	0	0	0	CR	MAX	26429130.thl.jpg	26429130.thl.jpg	NOKEY	MAX	NOKEY
1446579346018	0	lts_1103L_17_01	17	01	0	23	0	0	0	CR	MAX	Acrabwalking.jpg	Acrabwalking.jpg	NOKEY	MAX	NOKEY
1446579349093	0	lts_1103L_17_01	17	01	0	24	0	0	0	CR	MAX	64/23016343.thl.jpg	23016343.thl.jpg	NOKEY	MAX	NOKEY
1446579352184	0	lts_1103L_17_01	17	01	0	25	0	0	0	CR	MAX	23024623.thl.jpg	23024623.thl.jpg	NOKEY	MAX	NOKEY
1446579355258	0	lts_1103L_17_01	17	01	0	26	0	0	0	CR	MAX	ABABYPIN2.jpg	ABABYPIN2.jpg	NOKEY	MAX	NOKEY
1446579358333	0	lts_1103L_17_01	17	01	0	27	0	0	0	CR	MAX	A_coin.jpg	A_coin.jpg	NOKEY	MAX	NOKEY
1446579361408	0	lts_1103L_17_01	17	01	0	28	0	0	0	CR	MAX	128/Aplastichousi.jpg	Aplastichousi.jpg	NOKEY	MAX	NOKEY
1446579364499	0	lts_1103L_17_01	17	01	0	29	0	0	0	CR	MAX	Aicecrusher2.jpg	Aicecrusher2.jpg	NOKEY	MAX	NOKEY
1446579367590	0	lts_1103L_17_01	17	01	0	30	0	0	0	CR	MAX	22870356.thl.jpg	22870356.thl.jpg	NOKEY	MAX	NOKEY
1446579370680	0	lts_1103L_17_01	17	01	0	31	0	0	0	CR	MAX	AARMHEL12.jpg	AARMHEL12.jpg	NOKEY	MAX	NOKEY
1446579373772	0	lts_1103L_17_01	17	01	0	32	0	0	0	CR	MAX	fireextinguisher.jpg	fireextinguisher.jpg	NOKEY	MAX	NOKEY
1446579376863	0	lts_1103L_17_01	17	01	0	33	0	0	0	CR	MAX	4/26422216.thl.jpg	26422216.thl.jpg	NOKEY	MAX	NOKEY
1446579377915	0	lts_1103L_17_01	17	01	0	34	16	1	1	Hit	584	16-mul/26432173.thl.jpg	26432173.thl.jpg	SPACE	619	SPACE
1446579381008	0	lts_1103L_17_01	17	01	0	35	0	0	0	CR	MAX	64/Achrisd25.jpg	Achrisd25.jpg	NOKEY	MAX	NOKEY
1446579384082	0	lts_1103L_17_01	17	01	0	36	0	0	0	CR	MAX	AELEAGEN3.jpg	AELEAGEN3.jpg	NOKEY	MAX	NOKEY
1446579385268	0	lts_1103L_17_01	17	01	0	37	4	1	1	Hit	716	4-4/26422216.thl.jpg	26422216.thl.jpg	SPACE	751	SPACE
1446579388359	0	lts_1103L_17_01	17	01	0	38	0	0	0	CR	MAX	Aparrot80.jpg	Aparrot80.jpg	NOKEY	MAX	NOKEY
1446579391434	0	lts_1103L_17_01	17	01	0	39	0	0	0	CR	MAX	1/APALLETT2.jpg	APALLETT2.jpg	NOKEY	MAX	NOKEY
1446579392386	0	lts_1103L_17_01	17	01	0	40	1	1	1	Hit	481	1-13/APALLETT2.jpg	APALLETT2.jpg	SPACE	517	SPACE
1446579395461	0	lts_1103L_17_01	17	01	0	41	0	0	0	CR	MAX	8/ABELL7.jpg	ABELL7.jpg	NOKEY	MAX	NOKEY
1446579398552	0	lts_1103L_17_01	17	01	0	42	0	0	0	CR	MAX	64/ACRIB18.jpg	ACRIB18.jpg	NOKEY	MAX	NOKEY
1446579400807	0	lts_1103L_17_01	17	01	0	43	0	0	1	FA	1762	128/AFOODBLEN.jpg	AFOODBLEN.jpg	SPACE	1805	NOKEY
1446579403882	0	lts_1103L_17_01	17	01	0	44	0	0	0	CR	MAX	Aribbon21.jpg	Aribbon21.jpg	NOKEY	MAX	NOKEY
1446579406956	0	lts_1103L_17_01	17	01	0	45	0	0	0	CR	MAX	15870946.thl.jpg	15870946.thl.jpg	NOKEY	MAX	NOKEY
1446579410048	0	lts_1103L_17_01	17	01	0	46	0	0	0	CR	MAX	ACOWBELL6.jpg	ACOWBELL6.jpg	NOKEY	MAX	NOKEY
1446579413122	0	lts_1103L_17_01	17	01	0	47	0	0	0	CR	MAX	footballhelmet.jpg	footballhelmet.jpg	NOKEY	MAX	NOKEY
1446579416197	0	lts_1103L_17_01	17	01	0	48	0	0	0	CR	MAX	26282693.thl.jpg	26282693.thl.jpg	NOKEY	MAX	NOKEY
1446579417250	0	lts_1103L_17_01	17	01	0	49	8	1	1	Hit	574	8-first/ABELL7.jpg	ABELL7.jpg	SPACE	618	SPACE
1446579420341	0	lts_1103L_17_01	17	01	0	50	0	0	0	CR	MAX	8/ASALINES5.jpg	ASALINES5.jpg	NOKEY	MAX	NOKEY
1446579423415	0	lts_1103L_17_01	17	01	0	51	0	0	0	CR	MAX	B_makeupbag.jpg	B_makeupbag.jpg	NOKEY	MAX	NOKEY
1446579426507	0	lts_1103L_17_01	17	01	0	52	0	0	0	CR	MAX	8/26391514.thl.jpg	26391514.thl.jpg	NOKEY	MAX	NOKEY
1446579428010	0	lts_1103L_17_01	17	01	0	53	0	0	1	FA	994	8031659.thl.jpg	8031659.thl.jpg	SPACE	1036	NOKEY
1446579431085	0	lts_1103L_17_01	17	01	0	54	0	0	0	CR	MAX	AACORN2.jpg	AACORN2.jpg	NOKEY	MAX	NOKEY
1446579434159	0	lts_1103L_17_01	17	01	0	55	0	0	0	CR	MAX	8027086.thl.jpg	8027086.thl.jpg	NOKEY	MAX	NOKEY
1446579437250	0	lts_1103L_17_01	17	01	0	56	0	0	0	CR	MAX	AMAGTABL3.jpg	AMAGTABL3.jpg	NOKEY	MAX	NOKEY
1446579440342	0	lts_1103L_17_01	17	01	0	57	0	0	0	CR	MAX	Awomensshoe61.jpg	Awomensshoe61.jpg	NOKEY	MAX	NOKEY
1446579441512	0	lts_1103L_17_01	17	01	0	58	8	1	1	Hit	696	8-1/ASALINES5.jpg	ASALINES5.jpg	SPACE	735	SPACE
1446579444586	0	lts_1103L_17_01	17	01	0	59	0	0	0	CR	MAX	AWILDPIG.jpg	AWILDPIG.jpg	NOKEY	MAX	NOKEY
1446579445638	0	lts_1103L_17_01	17	01	0	60	8	1	1	Hit	577	8-first/26391514.thl.jpg	26391514.thl.jpg	SPACE	618	SPACE
1446579448729	0	lts_1103L_17_01	17	01	0	61	0	0	0	CR	MAX	APROSTLE2.jpg	APROSTLE2.jpg	NOKEY	MAX	NOKEY
1446579449849	0	lts_1103L_17_01	17	01	0	62	2	1	1	Hit	645	2-mul/26391514.thl.jpg	26391514.thl.jpg	SPACE	685	SPACE
1446579452940	0	lts_1103L_17_01	17	01	0	63	0	0	0	CR	MAX	ACLOGOPE3.jpg	ACLOGOPE3.jpg	NOKEY	MAX	NOKEY
1446579456015	0	lts_1103L_17_01	17	01	0	64	0	0	0	CR	MAX	64/948_01.jpg	948_01.jpg	NOKEY	MAX	NOKEY
1446579457018	0	lts_1103L_17_01	17	01	0	65	16	1	1	Hit	529	16-mul/ABELL7.jpg	ABELL7.jpg	SPACE	569	SPACE
1446579460092	0	lts_1103L_17_01	17	01	0	66	0	0	0	CR	MAX	1/AWATERING.jpg	AWATERING.jpg	NOKEY	MAX	NOKEY
1446579461094	0	lts_1103L_17_01	17	01	0	67	1	1	1	Hit	523	1-2/AWATERING.jpg	AWATERING.jpg	SPACE	567	SPACE
1446579464186	0	lts_1103L_17_01	17	01	0	68	0	0	0	CR	MAX	ASHADES11.jpg	ASHADES11.jpg	NOKEY	MAX	NOKEY
1446579467260	0	lts_1103L_17_01	17	01	0	69	0	0	0	CR	MAX	Ayoungbobcat.jpg	Ayoungbobcat.jpg	NOKEY	MAX	NOKEY
1446579469716	0	lts_1103L_17_01	17	01	0	70	0	0	1	FA	1953	Abutterchurn5.jpg	Abutterchurn5.jpg	SPACE	1988	NOKEY
1446579472807	0	lts_1103L_17_01	17	01	0	71	0	0	0	CR	MAX	ATALSTAN3.jpg	ATALSTAN3.jpg	NOKEY	MAX	NOKEY
1446579475898	0	lts_1103L_17_01	17	01	0	72	0	0	0	CR	MAX	Adeer20.jpg	Adeer20.jpg	NOKEY	MAX	NOKEY
1446579478973	0	lts_1103L_17_01	17	01	0	73	0	0	0	CR	MAX	4/ATUNFORK2.jpg	ATUNFORK2.jpg	NOKEY	MAX	NOKEY
1446579482065	0	lts_1103L_17_01	17	01	0	74	0	0	0	CR	MAX	Amouthpiece4.jpg	Amouthpiece4.jpg	NOKEY	MAX	NOKEY
1446579485156	0	lts_1103L_17_01	17	01	0	75	0	0	0	CR	MAX	26421572.thl.jpg	26421572.thl.jpg	NOKEY	MAX	NOKEY
1446579488230	0	lts_1103L_17_01	17	01	0	76	0	0	0	CR	MAX	26433592.thl.jpg	26433592.thl.jpg	NOKEY	MAX	NOKEY
1446579489484	0	lts_1103L_17_01	17	01	0	77	4	1	1	Hit	770	4-5/ATUNFORK2.jpg	ATUNFORK2.jpg	SPACE	818	SPACE
1446579492558	0	lts_1103L_17_01	17	01	0	78	0	0	0	CR	MAX	8257947.thl.jpg	8257947.thl.jpg	NOKEY	MAX	NOKEY
1446579493677	0	lts_1103L_17_01	17	01	0	79	64	1	1	Hit	644	64-first/Atool221.jpg	Atool221.jpg	SPACE	685	SPACE
1446579496768	0	lts_1103L_17_01	17	01	0	80	0	0	0	CR	MAX	ASTAMPS.jpg	ASTAMPS.jpg	NOKEY	MAX	NOKEY
1446579499843	0	lts_1103L_17_01	17	01	0	81	0	0	0	CR	MAX	23016235.thl.jpg	23016235.thl.jpg	NOKEY	MAX	NOKEY
1446579502934	0	lts_1103L_17_01	17	01	0	82	0	0	0	CR	MAX	AELECRAZ7.jpg	AELECRAZ7.jpg	NOKEY	MAX	NOKEY
1446579506009	0	lts_1103L_17_01	17	01	0	83	0	0	0	CR	MAX	1/Ahandheldmir3.jpg	Ahandheldmir3.jpg	NOKEY	MAX	NOKEY
1446579507061	0	lts_1103L_17_01	17	01	0	84	1	1	1	Hit	572	1-10/Ahandheldmir3.jpg	Ahandheldmir3.jpg	SPACE	618	SPACE
1446579510136	0	lts_1103L_17_01	17	01	0	85	0	0	0	CR	MAX	22907432.thl.jpg	22907432.thl.jpg	NOKEY	MAX	NOKEY
1446579513227	0	lts_1103L_17_01	17	01	0	86	0	0	0	CR	MAX	4/AWOODSPAT.jpg	AWOODSPAT.jpg	NOKEY	MAX	NOKEY
1446579516319	0	lts_1103L_17_01	17	01	0	87	0	0	0	CR	MAX	22861656.thl.jpg	22861656.thl.jpg	NOKEY	MAX	NOKEY
1446579517455	0	lts_1103L_17_01	17	01	0	88	64	1	1	Hit	665	64-first/23016343.thl.jpg	23016343.thl.jpg	SPACE	702	SPACE
1446579520529	0	lts_1103L_17_01	17	01	0	89	0	0	0	CR	MAX	ASHIRTSK2.jpg	ASHIRTSK2.jpg	NOKEY	MAX	NOKEY
1446579521665	0	lts_1103L_17_01	17	01	0	90	4	1	1	Hit	648	4-8/AWOODSPAT.jpg	AWOODSPAT.jpg	SPACE	685	SPACE
1446579524756	0	lts_1103L_17_01	17	01	0	91	0	0	0	CR	MAX	Abulbprotect2.jpg	Abulbprotect2.jpg	NOKEY	MAX	NOKEY
1446579525859	0	lts_1103L_17_01	17	01	0	92	4	1	1	Hit	627	4-mul/23016343.thl.jpg	23016343.thl.jpg	SPACE	670	SPACE
1446579528933	0	lts_1103L_17_01	17	01	0	93	0	0	0	CR	MAX	Anailscissors.jpg	Anailscissors.jpg	NOKEY	MAX	NOKEY
1446579532025	0	lts_1103L_17_01	17	01	0	94	0	0	0	CR	MAX	26374899.thl.jpg	26374899.thl.jpg	NOKEY	MAX	NOKEY
1446579533128	0	lts_1103L_17_01	17	01	0	95	16	1	1	Hit	619	16-mul/Atool221.jpg	Atool221.jpg	SPACE	667	SPACE
1446579536219	0	lts_1103L_17_01	17	01	0	96	0	0	0	CR	MAX	1/kimono.jpg	kimono.jpg	NOKEY	MAX	NOKEY
1446579537238	0	lts_1103L_17_01	17	01	0	97	1	1	1	Hit	537	1-7/kimono.jpg	kimono.jpg	SPACE	584	SPACE
1446579540313	0	lts_1103L_17_01	17	01	0	98	0	0	0	CR	MAX	A52ZX.jpg	A52ZX.jpg	NOKEY	MAX	NOKEY
1446579541483	0	lts_1103L_17_01	17	01	0	99	64	1	1	Hit	699	64-first/Achrisd25.jpg	Achrisd25.jpg	SPACE	736	SPACE
1446579544557	0	lts_1103L_17_01	17	01	0	100	0	0	0	CR	MAX	Aemergencyki5.jpg	Aemergencyki5.jpg	NOKEY	MAX	NOKEY
1446579545759	0	lts_1103L_17_01	17	01	0	101	2	1	1	Hit	733	2-mul/Achrisd25.jpg	Achrisd25.jpg	SPACE	768	SPACE
1446579548851	0	lts_1103L_17_01	17	01	0	102	0	0	0	CR	MAX	Aantelopesku5.jpg	Aantelopesku5.jpg	NOKEY	MAX	NOKEY
1446579551942	0	lts_1103L_17_01	17	01	0	103	0	0	0	CR	MAX	AGUIRO.jpg	AGUIRO.jpg	NOKEY	MAX	NOKEY
1446579555034	0	lts_1103L_17_01	17	01	0	104	0	0	0	CR	MAX	Aornament89.jpg	Aornament89.jpg	NOKEY	MAX	NOKEY
1446579558125	0	lts_1103L_17_01	17	01	0	105	0	0	0	CR	MAX	ABUGLE2.jpg	ABUGLE2.jpg	NOKEY	MAX	NOKEY
1446579561199	0	lts_1103L_17_01	17	01	0	106	64	1	0	Miss	MAX	64-first/ACRIB18.jpg	ACRIB18.jpg	NOKEY	MAX	SPACE
1446579564291	0	lts_1103L_17_01	17	01	0	107	0	0	0	CR	MAX	Awomensshoe4.jpg	Awomensshoe4.jpg	NOKEY	MAX	NOKEY
1446579567365	0	lts_1103L_17_01	17	01	0	108	0	0	0	CR	MAX	Abar8.jpg	Abar8.jpg	NOKEY	MAX	NOKEY
1446579570456	0	lts_1103L_17_01	17	01	0	109	0	0	0	CR	MAX	ADOGTOY.jpg	ADOGTOY.jpg	NOKEY	MAX	NOKEY
1446579572094	0	lts_1103L_17_01	17	01	0	110	4	1	1	Hit	1151	4-mul/ACRIB18.jpg	ACRIB18.jpg	SPACE	1202	SPACE
1446579575185	0	lts_1103L_17_01	17	01	0	111	0	0	0	CR	MAX	26428057.thl.jpg	26428057.thl.jpg	NOKEY	MAX	NOKEY
1446579578259	0	lts_1103L_17_01	17	01	0	112	0	0	0	CR	MAX	8/APAINTJ11.jpg	APAINTJ11.jpg	NOKEY	MAX	NOKEY
1446579581334	0	lts_1103L_17_01	17	01	0	113	0	0	0	CR	MAX	Arefrigerat10.jpg	Arefrigerat10.jpg	NOKEY	MAX	NOKEY
1446579584409	0	lts_1103L_17_01	17	01	0	114	0	0	0	CR	MAX	AWASHRACK.jpg	AWASHRACK.jpg	NOKEY	MAX	NOKEY
1446579587500	0	lts_1103L_17_01	17	01	0	115	0	0	0	CR	MAX	2/ASKELETO4.jpg	ASKELETO4.jpg	NOKEY	MAX	NOKEY
1446579590574	0	lts_1103L_17_01	17	01	0	116	0	0	0	CR	MAX	Adolphin3.jpg	Adolphin3.jpg	NOKEY	MAX	NOKEY
1446579591626	0	lts_1103L_17_01	17	01	0	117	2	1	1	Hit	579	2-13/ASKELETO4.jpg	ASKELETO4.jpg	SPACE	618	SPACE
1446579594701	0	lts_1103L_17_01	17	01	0	118	0	0	0	CR	MAX	Aclimbersicep.jpg	Aclimbersicep.jpg	NOKEY	MAX	NOKEY
1446579597792	0	lts_1103L_17_01	17	01	0	119	0	0	0	CR	MAX	Abird5.jpg	Abird5.jpg	NOKEY	MAX	NOKEY
1446579599246	0	lts_1103L_17_01	17	01	0	120	8	1	1	Hit	973	8-first/APAINTJ11.jpg	APAINTJ11.jpg	SPACE	1020	SPACE
1446579602338	0	lts_1103L_17_01	17	01	0	121	0	0	0	CR	MAX	16/Aancientstat4.jpg	Aancientstat4.jpg	NOKEY	MAX	NOKEY
1446579605429	0	lts_1103L_17_01	17	01	0	122	0	0	0	CR	MAX	ANWSPAPER.jpg	ANWSPAPER.jpg	NOKEY	MAX	NOKEY
1446579608520	0	lts_1103L_17_01	17	01	0	123	0	0	0	CR	MAX	Acookiejar14.jpg	Acookiejar14.jpg	NOKEY	MAX	NOKEY
1446579609573	0	lts_1103L_17_01	17	01	0	124	4	1	1	Hit	577	4-mul/APAINTJ11.jpg	APAINTJ11.jpg	SPACE	618	SPACE
1446579612663	0	lts_1103L_17_01	17	01	0	125	0	0	0	CR	MAX	ATINSTRAP.jpg	ATINSTRAP.jpg	NOKEY	MAX	NOKEY
1446579615754	0	lts_1103L_17_01	17	01	0	126	0	0	0	CR	MAX	strawberrytart.jpg	strawberrytart.jpg	NOKEY	MAX	NOKEY
1446579618829	0	lts_1103L_17_01	17	01	0	127	0	0	0	CR	MAX	22855236.thl.jpg	22855236.thl.jpg	NOKEY	MAX	NOKEY
1446579619931	0	lts_1103L_17_01	17	01	0	128	64	1	1	Hit	625	64-first/948_01.jpg	948_01.jpg	SPACE	669	SPACE
1446579623007	0	lts_1103L_17_01	17	01	0	129	0	0	0	CR	MAX	ABABYSPOO.jpg	ABABYSPOO.jpg	NOKEY	MAX	NOKEY
1446579626081	0	lts_1103L_17_01	17	01	0	130	0	0	0	CR	MAX	ACURLER.jpg	ACURLER.jpg	NOKEY	MAX	NOKEY
1446579629172	0	lts_1103L_17_01	17	01	0	131	0	0	0	CR	MAX	32/Apyramid3.jpg	Apyramid3.jpg	NOKEY	MAX	NOKEY
1446579632264	0	lts_1103L_17_01	17	01	0	132	0	0	0	CR	MAX	22875384.thl.jpg	22875384.thl.jpg	NOKEY	MAX	NOKEY
1446579635355	0	lts_1103L_17_01	17	01	0	133	0	0	0	CR	MAX	16/BeautyNBeast.jpg	BeautyNBeast.jpg	NOKEY	MAX	NOKEY
1446579638446	0	lts_1103L_17_01	17	01	0	134	0	0	0	CR	MAX	ASHRIMP3.jpg	ASHRIMP3.jpg	NOKEY	MAX	NOKEY
1446579641537	0	lts_1103L_17_01	17	01	0	135	0	0	0	CR	MAX	128/8250565.thl.jpg	8250565.thl.jpg	NOKEY	MAX	NOKEY
1446579644611	0	lts_1103L_17_01	17	01	0	136	0	0	0	CR	MAX	Aclog6.jpg	Aclog6.jpg	NOKEY	MAX	NOKEY
1446579646116	0	lts_1103L_17_01	17	01	0	137	16	1	1	Hit	1034	16-first/Aancientstat4.jpg	Aancientstat4.jpg	SPACE	1069	SPACE
1446579647686	0	lts_1103L_17_01	17	01	0	138	0	0	1	FA	1096	Acandlesnuffe.jpg	Acandlesnuffe.jpg	SPACE	1136	NOKEY
1446579648772	0	lts_1103L_17_01	17	01	0	139	2	1	1	Hit	604	2-mul/Aancientstat4.jpg	Aancientstat4.jpg	SPACE	652	SPACE
1446579651863	0	lts_1103L_17_01	17	01	0	140	0	0	0	CR	MAX	23076640.thl.jpg	23076640.thl.jpg	NOKEY	MAX	NOKEY
1446579654954	0	lts_1103L_17_01	17	01	0	141	0	0	0	CR	MAX	Adigitalcamer.jpg	Adigitalcamer.jpg	NOKEY	MAX	NOKEY
1446579656158	0	lts_1103L_17_01	17	01	0	142	128	1	1	Hit	731	128-7/35310232.thl.jpg	35310232.thl.jpg	SPACE	769	SPACE
1446579659232	0	lts_1103L_17_01	17	01	0	143	0	0	0	CR	MAX	AFERRAF40.jpg	AFERRAF40.jpg	NOKEY	MAX	NOKEY
1446579660252	0	lts_1103L_17_01	17	01	0	144	16	1	1	Hit	542	16-mul/948_01.jpg	948_01.jpg	SPACE	584	SPACE
1446579663326	0	lts_1103L_17_01	17	01	0	145	0	0	0	CR	MAX	8076304.thl.jpg	8076304.thl.jpg	NOKEY	MAX	NOKEY
1446579666418	0	lts_1103L_17_01	17	01	0	146	0	0	0	CR	MAX	Abagofpaperfl.jpg	Abagofpaperfl.jpg	NOKEY	MAX	NOKEY
1446579669509	0	lts_1103L_17_01	17	01	0	147	0	0	0	CR	MAX	4/Adog120.jpg	Adog120.jpg	NOKEY	MAX	NOKEY
1446579672600	0	lts_1103L_17_01	17	01	0	148	0	0	0	CR	MAX	ACHEESEB3.jpg	ACHEESEB3.jpg	NOKEY	MAX	NOKEY
1446579673752	0	lts_1103L_17_01	17	01	0	149	16	1	1	Hit	680	16-first/BeautyNBeast.jpg	BeautyNBeast.jpg	SPACE	720	SPACE
1446579676826	0	lts_1103L_17_01	17	01	0	150	0	0	0	CR	MAX	Acprmask2.jpg	Acprmask2.jpg	NOKEY	MAX	NOKEY
1446579677945	0	lts_1103L_17_01	17	01	0	151	4	1	1	Hit	620	4-10/Adog120.jpg	Adog120.jpg	SPACE	669	SPACE
1446579679417	0	lts_1103L_17_01	17	01	0	152	0	0	1	FA	995	ASWITCH6.jpg	ASWITCH6.jpg	SPACE	1036	NOKEY
1446579682509	0	lts_1103L_17_01	17	01	0	153	0	0	0	CR	MAX	Ajug158.jpg	Ajug158.jpg	NOKEY	MAX	NOKEY
1446579685600	0	lts_1103L_17_01	17	01	0	154	0	0	0	CR	MAX	4/matchbook.jpg	matchbook.jpg	NOKEY	MAX	NOKEY
1446579688673	0	lts_1103L_17_01	17	01	0	155	0	0	0	CR	MAX	26772997.thl.jpg	26772997.thl.jpg	NOKEY	MAX	NOKEY
1446579689909	0	lts_1103L_17_01	17	01	0	156	128	1	1	Hit	767	128-2/Aplastichousi.jpg	Aplastichousi.jpg	SPACE	803	SPACE
1446579693002	0	lts_1103L_17_01	17	01	0	157	0	0	0	CR	MAX	ASHOTCAS2.jpg	ASHOTCAS2.jpg	NOKEY	MAX	NOKEY
1446579694205	0	lts_1103L_17_01	17	01	0	158	4	1	1	Hit	721	4-0/matchbook.jpg	matchbook.jpg	SPACE	768	SPACE
1446579697279	0	lts_1103L_17_01	17	01	0	159	0	0	0	CR	MAX	A25thdec3.jpg	A25thdec3.jpg	NOKEY	MAX	NOKEY
1446579699368	0	lts_1103L_17_01	17	01	0	160	0	0	1	FA	1611	128/AALMOND1.jpg	AALMOND1.jpg	SPACE	1653	NOKEY
1446579702442	0	lts_1103L_17_01	17	01	0	161	0	0	0	CR	MAX	16/8255030.thl.jpg	8255030.thl.jpg	NOKEY	MAX	NOKEY
1446579705517	0	lts_1103L_17_01	17	01	0	162	0	0	0	CR	MAX	ATEALANT8.jpg	ATEALANT8.jpg	NOKEY	MAX	NOKEY
1446579706652	0	lts_1103L_17_01	17	01	0	163	32	1	1	Hit	654	32-0/Apyramid3.jpg	Apyramid3.jpg	SPACE	701	SPACE
1446579709727	0	lts_1103L_17_01	17	01	0	164	0	0	0	CR	MAX	16/ATRACINGT.jpg	ATRACINGT.jpg	NOKEY	MAX	NOKEY
1446579710763	0	lts_1103L_17_01	17	01	0	165	16	1	1	Hit	558	16-mul/BeautyNBeast.jpg	BeautyNBeast.jpg	SPACE	603	SPACE
1446579713837	0	lts_1103L_17_01	17	01	0	166	0	0	0	CR	MAX	8021504.thl.jpg	8021504.thl.jpg	NOKEY	MAX	NOKEY
1446579716928	0	lts_1103L_17_01	17	01	0	167	0	0	0	CR	MAX	Afilmnegativ2.jpg	Afilmnegativ2.jpg	NOKEY	MAX	NOKEY
1446579720004	0	lts_1103L_17_01	17	01	0	168	0	0	0	CR	MAX	ABOAT16.jpg	ABOAT16.jpg	NOKEY	MAX	NOKEY
1446579723078	0	lts_1103L_17_01	17	01	0	169	0	0	0	CR	MAX	128/Aframe196.jpg	Aframe196.jpg	NOKEY	MAX	NOKEY
1446579726153	0	lts_1103L_17_01	17	01	0	170	0	0	0	CR	MAX	64/26375641.thl.jpg	26375641.thl.jpg	NOKEY	MAX	NOKEY
1446579727540	0	lts_1103L_17_01	17	01	0	171	128	1	1	Hit	906	128-4/AFOODBLEN.jpg	AFOODBLEN.jpg	SPACE	953	SPACE
1446579730630	0	lts_1103L_17_01	17	01	0	172	0	0	0	CR	MAX	8255336.thl.jpg	8255336.thl.jpg	NOKEY	MAX	NOKEY
1446579733705	0	lts_1103L_17_01	17	01	0	173	0	0	0	CR	MAX	32/mascara.jpg	mascara.jpg	NOKEY	MAX	NOKEY
1446579736796	0	lts_1103L_17_01	17	01	0	174	0	0	0	CR	MAX	AMILMARK2.jpg	AMILMARK2.jpg	NOKEY	MAX	NOKEY
1446579739870	0	lts_1103L_17_01	17	01	0	175	0	0	0	CR	MAX	Agnu.jpg	Agnu.jpg	NOKEY	MAX	NOKEY
1446579742961	0	lts_1103L_17_01	17	01	0	176	0	0	0	CR	MAX	AANTIRO13.jpg	AANTIRO13.jpg	NOKEY	MAX	NOKEY
1446579744215	0	lts_1103L_17_01	17	01	0	177	16	1	1	Hit	775	16-1/8255030.thl.jpg	8255030.thl.jpg	SPACE	819	SPACE
1446579747290	0	lts_1103L_17_01	17	01	0	178	0	0	0	CR	MAX	AKNIGHELM.jpg	AKNIGHELM.jpg	NOKEY	MAX	NOKEY
1446579750365	0	lts_1103L_17_01	17	01	0	179	0	0	0	CR	MAX	8/AARTOOTH2.jpg	AARTOOTH2.jpg	NOKEY	MAX	NOKEY
1446579751851	0	lts_1103L_17_01	17	01	0	180	16	1	1	Hit	1002	16-first/ATRACINGT.jpg	ATRACINGT.jpg	SPACE	1053	SPACE
1446579754942	0	lts_1103L_17_01	17	01	0	181	0	0	0	CR	MAX	AARTIHAN5.jpg	AARTIHAN5.jpg	NOKEY	MAX	NOKEY
1446579758034	0	lts_1103L_17_01	17	01	0	182	0	0	0	CR	MAX	Aringclamp2.jpg	Aringclamp2.jpg	NOKEY	MAX	NOKEY
1446579761108	0	lts_1103L_17_01	17	01	0	183	0	0	0	CR	MAX	Aruler16.jpg	Aruler16.jpg	NOKEY	MAX	NOKEY
1446579762161	0	lts_1103L_17_01	17	01	0	184	4	1	1	Hit	568	4-mul/ATRACINGT.jpg	ATRACINGT.jpg	SPACE	617	SPACE
1446579765236	0	lts_1103L_17_01	17	01	0	185	0	0	0	CR	MAX	8/Acheesgra.jpg	Acheesgra.jpg	NOKEY	MAX	NOKEY
1446579768360	0	lts_1103L_17_01	17	01	0	186	0	0	0	CR	MAX	26423175.thl.jpg	26423175.thl.jpg	NOKEY	MAX	NOKEY
1446579771435	0	lts_1103L_17_01	17	01	0	187	8	1	0	Miss	MAX	8-first/AARTOOTH2.jpg	AARTOOTH2.jpg	NOKEY	MAX	SPACE
1446579774509	0	lts_1103L_17_01	17	01	0	188	0	0	0	CR	MAX	22856172.thl.jpg	22856172.thl.jpg	NOKEY	MAX	NOKEY
1446579777601	0	lts_1103L_17_01	17	01	0	189	0	0	0	CR	MAX	AJEWELBO3.jpg	AJEWELBO3.jpg	NOKEY	MAX	NOKEY
1446579780691	0	lts_1103L_17_01	17	01	0	190	0	0	0	CR	MAX	8/Aheadlightan2.jpg	Aheadlightan2.jpg	NOKEY	MAX	NOKEY
1446579783765	0	lts_1103L_17_01	17	01	0	191	4	1	0	Miss	MAX	4-mul/AARTOOTH2.jpg	AARTOOTH2.jpg	NOKEY	MAX	SPACE
1446579786840	0	lts_1103L_17_01	17	01	0	192	0	0	0	CR	MAX	AHARP.jpg	AHARP.jpg	NOKEY	MAX	NOKEY
1446579788044	0	lts_1103L_17_01	17	01	0	193	8	1	1	Hit	732	8-first/Acheesgra.jpg	Acheesgra.jpg	SPACE	769	SPACE
1446579791135	0	lts_1103L_17_01	17	01	0	194	0	0	0	CR	MAX	potato.jpg	potato.jpg	NOKEY	MAX	NOKEY
1446579794209	0	lts_1103L_17_01	17	01	0	195	0	0	0	CR	MAX	22849284.thl.jpg	22849284.thl.jpg	NOKEY	MAX	NOKEY
1446579797284	0	lts_1103L_17_01	17	01	0	196	0	0	0	CR	MAX	128/ATRIUMPH3.jpg	ATRIUMPH3.jpg	NOKEY	MAX	NOKEY
1446579800375	0	lts_1103L_17_01	17	01	0	197	0	0	0	CR	MAX	32/Aconferencer3.jpg	Aconferencer3.jpg	NOKEY	MAX	NOKEY
1446579802814	0	lts_1103L_17_01	17	01	0	198	8	1	1	Hit	1966	8-first/Aheadlightan2.jpg	Aheadlightan2.jpg	SPACE	2005	SPACE
1446579805921	0	lts_1103L_17_01	17	01	0	199	0	0	0	CR	MAX	womanpants.jpg	womanpants.jpg	NOKEY	MAX	NOKEY
1446579806941	0	lts_1103L_17_01	17	01	0	200	2	1	1	Hit	529	2-mul/Aheadlightan2.jpg	Aheadlightan2.jpg	SPACE	569	SPACE
1446579808612	0	lts_1103L_17_01	17	01	0	201	0	0	1	FA	1195	2/26427910.thl.jpg	26427910.thl.jpg	SPACE	1238	NOKEY
1446579810033	0	lts_1103L_17_01	17	01	0	202	0	0	1	FA	940	AMEDIEQUI.jpg	AMEDIEQUI.jpg	SPACE	986	NOKEY
1446579811420	0	lts_1103L_17_01	17	01	0	203	2	1	1	Hit	915	2-11/26427910.thl.jpg	26427910.thl.jpg	SPACE	953	SPACE
1446579814511	0	lts_1103L_17_01	17	01	0	204	0	0	0	CR	MAX	AASCDESC.jpg	AASCDESC.jpg	NOKEY	MAX	NOKEY
1446579815613	0	lts_1103L_17_01	17	01	0	205	32	1	1	Hit	621	32-4/mascara.jpg	mascara.jpg	SPACE	668	SPACE
1446579818688	0	lts_1103L_17_01	17	01	0	206	0	0	0	CR	MAX	26425112.thl.jpg	26425112.thl.jpg	NOKEY	MAX	NOKEY
1446579821779	0	lts_1103L_17_01	17	01	0	207	0	0	0	CR	MAX	16/8021515.thl.jpg	8021515.thl.jpg	NOKEY	MAX	NOKEY
1446579824886	0	lts_1103L_17_01	17	01	0	208	0	0	0	CR	MAX	ATOMATOSA.jpg	ATOMATOSA.jpg	NOKEY	MAX	NOKEY
1446579825989	0	lts_1103L_17_01	17	01	0	209	16	1	1	Hit	610	16-mul/Acheesgra.jpg	Acheesgra.jpg	SPACE	653	SPACE
1446579829081	0	lts_1103L_17_01	17	01	0	210	0	0	0	CR	MAX	4/Apocketknifew.jpg	Apocketknifew.jpg	NOKEY	MAX	NOKEY
1446579832156	0	lts_1103L_17_01	17	01	0	211	0	0	0	CR	MAX	Afoodproces22.jpg	Afoodproces22.jpg	NOKEY	MAX	NOKEY
1446579835247	0	lts_1103L_17_01	17	01	0	212	0	0	0	CR	MAX	26377601.thl.jpg	26377601.thl.jpg	NOKEY	MAX	NOKEY
1446579838322	0	lts_1103L_17_01	17	01	0	213	0	0	0	CR	MAX	pingpongtable.jpg	pingpongtable.jpg	NOKEY	MAX	NOKEY
1446579839558	0	lts_1103L_17_01	17	01	0	214	4	1	1	Hit	751	4-12/Apocketknifew.jpg	Apocketknifew.jpg	SPACE	802	SPACE
1446579842649	0	lts_1103L_17_01	17	01	0	215	0	0	0	CR	MAX	TTtvehiclesCyborg.jpg	TTtvehiclesCyborg.jpg	NOKEY	MAX	NOKEY
1446579845740	0	lts_1103L_17_01	17	01	0	216	0	0	0	CR	MAX	2/AMOUSETOY.jpg	AMOUSETOY.jpg	NOKEY	MAX	NOKEY
1446579848847	0	lts_1103L_17_01	17	01	0	217	0	0	0	CR	MAX	Aboots56.jpg	Aboots56.jpg	NOKEY	MAX	NOKEY
1446579850152	0	lts_1103L_17_01	17	01	0	218	2	1	1	Hit	818	2-0/AMOUSETOY.jpg	AMOUSETOY.jpg	SPACE	869	SPACE
1446579853226	0	lts_1103L_17_01	17	01	0	219	0	0	0	CR	MAX	64/APICNICBL.jpg	APICNICBL.jpg	NOKEY	MAX	NOKEY
1446579856301	0	lts_1103L_17_01	17	01	0	220	0	0	0	CR	MAX	26441750.thl.jpg	26441750.thl.jpg	NOKEY	MAX	NOKEY
1446579858038	0	lts_1103L_17_01	17	01	0	221	0	0	1	FA	1249	ABUDDHA18.jpg	ABUDDHA18.jpg	SPACE	1286	NOKEY
1446579860478	0	lts_1103L_17_01	17	01	0	222	0	0	1	FA	1961	Astamp23.jpg	Astamp23.jpg	SPACE	2005	NOKEY
1446579861564	0	lts_1103L_17_01	17	01	0	223	16	1	1	Hit	615	16-0/8021515.thl.jpg	8021515.thl.jpg	SPACE	651	SPACE
1446579863969	0	lts_1103L_17_01	17	01	0	224	0	0	1	FA	1921	26432148.thl.jpg	26432148.thl.jpg	SPACE	1971	NOKEY
1446579867045	0	lts_1103L_17_01	17	01	0	225	0	0	0	CR	MAX	bowlingpin.jpg	bowlingpin.jpg	NOKEY	MAX	NOKEY
1446579870119	0	lts_1103L_17_01	17	01	0	226	0	0	0	CR	MAX	1/10049566.thl.jpg	10049566.thl.jpg	NOKEY	MAX	NOKEY
1446579871122	0	lts_1103L_17_01	17	01	0	227	1	1	1	Hit	528	1-1/10049566.thl.jpg	10049566.thl.jpg	SPACE	567	SPACE
1446579874196	0	lts_1103L_17_01	17	01	0	228	0	0	0	CR	MAX	22875816.thl.jpg	22875816.thl.jpg	NOKEY	MAX	NOKEY
1446579875333	0	lts_1103L_17_01	17	01	0	229	32	1	1	Hit	658	32-8/Aconferencer3.jpg	Aconferencer3.jpg	SPACE	700	SPACE
1446579878407	0	lts_1103L_17_01	17	01	0	230	0	0	0	CR	MAX	AALTIRE2.jpg	AALTIRE2.jpg	NOKEY	MAX	NOKEY
1446579881498	0	lts_1103L_17_01	17	01	0	231	0	0	0	CR	MAX	ASADDLE2.jpg	ASADDLE2.jpg	NOKEY	MAX	NOKEY
1446579884573	0	lts_1103L_17_01	17	01	0	232	0	0	0	CR	MAX	26422507.thl.jpg	26422507.thl.jpg	NOKEY	MAX	NOKEY
1446579887646	0	lts_1103L_17_01	17	01	0	233	0	0	0	CR	MAX	ATOASTE22.jpg	ATOASTE22.jpg	NOKEY	MAX	NOKEY
1446579888849	0	lts_1103L_17_01	17	01	0	234	64	1	1	Hit	712	64-first/26375641.thl.jpg	26375641.thl.jpg	SPACE	753	SPACE
1446579891940	0	lts_1103L_17_01	17	01	0	235	0	0	0	CR	MAX	128/BattleStar.jpg	BattleStar.jpg	NOKEY	MAX	NOKEY
1446579895033	0	lts_1103L_17_01	17	01	0	236	0	0	0	CR	MAX	16/darkwador.jpg	darkwador.jpg	NOKEY	MAX	NOKEY
1446579898124	0	lts_1103L_17_01	17	01	0	237	0	0	0	CR	MAX	ASTONEOWL.jpg	ASTONEOWL.jpg	NOKEY	MAX	NOKEY
1446579901198	0	lts_1103L_17_01	17	01	0	238	0	0	0	CR	MAX	ALAMP.jpg	ALAMP.jpg	NOKEY	MAX	NOKEY
1446579904290	0	lts_1103L_17_01	17	01	0	239	0	0	0	CR	MAX	1/AGOAT10.jpg	AGOAT10.jpg	NOKEY	MAX	NOKEY
1446579905543	0	lts_1103L_17_01	17	01	0	240	1	1	1	Hit	769	1-11/AGOAT10.jpg	AGOAT10.jpg	SPACE	819	SPACE
1446579908633	0	lts_1103L_17_01	17	01	0	241	0	0	0	CR	MAX	2/26419689.thl.jpg	26419689.thl.jpg	NOKEY	MAX	NOKEY
1446579911708	0	lts_1103L_17_01	17	01	0	242	0	0	0	CR	MAX	Agreenlighter.jpg	Agreenlighter.jpg	NOKEY	MAX	NOKEY
1446579912844	0	lts_1103L_17_01	17	01	0	243	2	1	1	Hit	640	2-1/26419689.thl.jpg	26419689.thl.jpg	SPACE	686	SPACE
1446579915951	0	lts_1103L_17_01	17	01	0	244	0	0	0	CR	MAX	Abucketwithcl.jpg	Abucketwithcl.jpg	NOKEY	MAX	NOKEY
1446579919044	0	lts_1103L_17_01	17	01	0	245	0	0	0	CR	MAX	8026164.thl.jpg	8026164.thl.jpg	NOKEY	MAX	NOKEY
1446579922118	0	lts_1103L_17_01	17	01	0	246	0	0	0	CR	MAX	Abicyclepump2.jpg	Abicyclepump2.jpg	NOKEY	MAX	NOKEY
1446579925193	0	lts_1103L_17_01	17	01	0	247	0	0	0	CR	MAX	Agolfbag.jpg	Agolfbag.jpg	NOKEY	MAX	NOKEY
1446579928267	0	lts_1103L_17_01	17	01	0	248	0	0	0	CR	MAX	Afitting3.jpg	Afitting3.jpg	NOKEY	MAX	NOKEY
1446579931359	0	lts_1103L_17_01	17	01	0	249	0	0	0	CR	MAX	Aruler12.jpg	Aruler12.jpg	NOKEY	MAX	NOKEY
1446579932545	0	lts_1103L_17_01	17	01	0	250	16	1	1	Hit	711	16-mul/26375641.thl.jpg	26375641.thl.jpg	SPACE	752	SPACE
1446579935635	0	lts_1103L_17_01	17	01	0	251	0	0	0	CR	MAX	Awindtoy5.jpg	Awindtoy5.jpg	NOKEY	MAX	NOKEY
1446579936705	0	lts_1103L_17_01	17	01	0	252	16	1	1	Hit	592	16-first/darkwador.jpg	darkwador.jpg	SPACE	636	SPACE
1446579939812	0	lts_1103L_17_01	17	01	0	253	0	0	0	CR	MAX	gumballmachine.jpg	gumballmachine.jpg	NOKEY	MAX	NOKEY
1446579940731	0	lts_1103L_17_01	17	01	0	254	2	1	1	Hit	438	2-mul/darkwador.jpg	darkwador.jpg	SPACE	485	SPACE
1446579943822	0	lts_1103L_17_01	17	01	0	255	0	0	0	CR	MAX	Astadium.jpg	Astadium.jpg	NOKEY	MAX	NOKEY
1446579946930	0	lts_1103L_17_01	17	01	0	256	0	0	0	CR	MAX	Atennisball2.jpg	Atennisball2.jpg	NOKEY	MAX	NOKEY
1446579950023	0	lts_1103L_17_01	17	01	0	257	0	0	0	CR	MAX	10049464.thl.jpg	10049464.thl.jpg	NOKEY	MAX	NOKEY
1446579953097	0	lts_1103L_17_01	17	01	0	258	0	0	0	CR	MAX	neckrest.jpg	neckrest.jpg	NOKEY	MAX	NOKEY
1446579956172	0	lts_1103L_17_01	17	01	0	259	0	0	0	CR	MAX	ABOWCASE.jpg	ABOWCASE.jpg	NOKEY	MAX	NOKEY
1446579959263	0	lts_1103L_17_01	17	01	0	260	0	0	0	CR	MAX	1/ASCREEN3.jpg	ASCREEN3.jpg	NOKEY	MAX	NOKEY
1446579960416	0	lts_1103L_17_01	17	01	0	261	1	1	1	Hit	667	1-5/ASCREEN3.jpg	ASCREEN3.jpg	SPACE	718	SPACE
1446579963490	0	lts_1103L_17_01	17	01	0	262	0	0	0	CR	MAX	AHANDLE5.jpg	AHANDLE5.jpg	NOKEY	MAX	NOKEY
1446579964809	0	lts_1103L_17_01	17	01	0	263	128	1	1	Hit	827	128-5/8250565.thl.jpg	8250565.thl.jpg	SPACE	869	SPACE
1446579967967	0	lts_1103L_17_01	17	01	0	264	0	0	0	CR	MAX	Acannedaspa10.jpg	Acannedaspa10.jpg	NOKEY	MAX	NOKEY
1446579971060	0	lts_1103L_17_01	17	01	0	265	0	0	0	CR	MAX	1/Aconcreteblo3.jpg	Aconcreteblo3.jpg	NOKEY	MAX	NOKEY
1446579972096	0	lts_1103L_17_01	17	01	0	266	1	1	1	Hit	554	1-3/Aconcreteblo3.jpg	Aconcreteblo3.jpg	SPACE	601	SPACE
1446579975170	0	lts_1103L_17_01	17	01	0	267	0	0	0	CR	MAX	2/26369999.thl.jpg	26369999.thl.jpg	NOKEY	MAX	NOKEY
1446579978261	0	lts_1103L_17_01	17	01	0	268	0	0	0	CR	MAX	26423786.thl.jpg	26423786.thl.jpg	NOKEY	MAX	NOKEY
1446579979498	0	lts_1103L_17_01	17	01	0	269	2	1	1	Hit	764	2-6/26369999.thl.jpg	26369999.thl.jpg	SPACE	802	SPACE
1446579982589	0	lts_1103L_17_01	17	01	0	270	0	0	0	CR	MAX	26373407.thl.jpg	26373407.thl.jpg	NOKEY	MAX	NOKEY
1446579985663	0	lts_1103L_17_01	17	01	0	271	0	0	0	CR	MAX	D_dumpster.jpg	D_dumpster.jpg	NOKEY	MAX	NOKEY
1446579988737	0	lts_1103L_17_01	17	01	0	272	0	0	0	CR	MAX	imate.jpg	imate.jpg	NOKEY	MAX	NOKEY
1446579990825	0	lts_1103L_17_01	17	01	0	273	0	0	1	FA	1614	4/Awinecase.jpg	Awinecase.jpg	SPACE	1656	NOKEY
1446579991995	0	lts_1103L_17_01	17	01	0	274	0	0	1	FA	679	Alobster10.jpg	Alobster10.jpg	SPACE	719	NOKEY
1446579995071	0	lts_1103L_17_01	17	01	0	275	0	0	0	CR	MAX	4/ADUSTER5.jpg	ADUSTER5.jpg	NOKEY	MAX	NOKEY
1446579998162	0	lts_1103L_17_01	17	01	0	276	0	0	0	CR	MAX	AFOODTAB2.jpg	AFOODTAB2.jpg	NOKEY	MAX	NOKEY
1446579999516	0	lts_1103L_17_01	17	01	0	277	4	1	1	Hit	878	4-7/Awinecase.jpg	Awinecase.jpg	SPACE	919	SPACE
1446580002590	0	lts_1103L_17_01	17	01	0	278	0	0	0	CR	MAX	32/22854888.thl.jpg	22854888.thl.jpg	NOKEY	MAX	NOKEY
1446580003825	0	lts_1103L_17_01	17	01	0	279	4	1	1	Hit	766	4-3/ADUSTER5.jpg	ADUSTER5.jpg	SPACE	802	SPACE
1446580006916	0	lts_1103L_17_01	17	01	0	280	0	0	0	CR	MAX	1/Aantiquemailb.jpg	Aantiquemailb.jpg	NOKEY	MAX	NOKEY
1446580010009	0	lts_1103L_17_01	17	01	0	281	1	1	0	Miss	MAX	1-4/Aantiquemailb.jpg	Aantiquemailb.jpg	NOKEY	MAX	SPACE
1446580013083	0	lts_1103L_17_01	17	01	0	282	0	0	0	CR	MAX	AWALNUT3.jpg	AWALNUT3.jpg	NOKEY	MAX	NOKEY
1446580014303	0	lts_1103L_17_01	17	01	0	283	64	1	1	Hit	743	64-first/APICNICBL.jpg	APICNICBL.jpg	SPACE	784	SPACE
1446580017378	0	lts_1103L_17_01	17	01	0	284	0	0	0	CR	MAX	16/Aclamp58.jpg	Aclamp58.jpg	NOKEY	MAX	NOKEY
1446580018447	0	lts_1103L_17_01	17	01	0	285	2	1	1	Hit	584	2-mul/APICNICBL.jpg	APICNICBL.jpg	SPACE	635	SPACE
1446580021538	0	lts_1103L_17_01	17	01	0	286	0	0	0	CR	MAX	keys-a.jpg	keys-a.jpg	NOKEY	MAX	NOKEY
1446580024612	0	lts_1103L_17_01	17	01	0	287	0	0	0	CR	MAX	26687325.thl.jpg	26687325.thl.jpg	NOKEY	MAX	NOKEY
1446580025998	0	lts_1103L_17_01	17	01	0	288	128	1	1	Hit	891	128-3/AALMOND1.jpg	AALMOND1.jpg	SPACE	937	SPACE
1446580029074	0	lts_1103L_17_01	17	01	0	289	0	0	0	CR	MAX	AMUSICSTA.jpg	AMUSICSTA.jpg	NOKEY	MAX	NOKEY
1446580032148	0	lts_1103L_17_01	17	01	0	290	0	0	0	CR	MAX	32/22826748.thl.jpg	22826748.thl.jpg	NOKEY	MAX	NOKEY
1446580035240	0	lts_1103L_17_01	17	01	0	291	0	0	0	CR	MAX	2/ADRYRACK2.jpg	ADRYRACK2.jpg	NOKEY	MAX	NOKEY
1446580038331	0	lts_1103L_17_01	17	01	0	292	0	0	0	CR	MAX	Acandlehold17.jpg	Acandlehold17.jpg	NOKEY	MAX	NOKEY
1446580039384	0	lts_1103L_17_01	17	01	0	293	2	1	1	Hit	572	2-7/ADRYRACK2.jpg	ADRYRACK2.jpg	SPACE	617	SPACE
1446580042458	0	lts_1103L_17_01	17	01	0	294	0	0	0	CR	MAX	26433942.thl.jpg	26433942.thl.jpg	NOKEY	MAX	NOKEY
1446580043744	0	lts_1103L_17_01	17	01	0	295	0	0	1	FA	797	26373844.thl.jpg	26373844.thl.jpg	SPACE	835	NOKEY
1446580046818	0	lts_1103L_17_01	17	01	0	296	0	0	0	CR	MAX	Acalligraphy2.jpg	Acalligraphy2.jpg	NOKEY	MAX	NOKEY
1446580048122	0	lts_1103L_17_01	17	01	0	297	128	1	1	Hit	824	128-6/Aframe196.jpg	Aframe196.jpg	SPACE	869	SPACE
1446580051214	0	lts_1103L_17_01	17	01	0	298	0	0	0	CR	MAX	8/ABULLMASK.jpg	ABULLMASK.jpg	NOKEY	MAX	NOKEY
1446580052900	0	lts_1103L_17_01	17	01	0	299	0	0	1	FA	1192	8029214.thl.jpg	8029214.thl.jpg	SPACE	1237	NOKEY
1446580054004	0	lts_1103L_17_01	17	01	0	300	16	1	1	Hit	615	16-first/Aclamp58.jpg	Aclamp58.jpg	SPACE	653	SPACE
1446580057095	0	lts_1103L_17_01	17	01	0	301	0	0	0	CR	MAX	ferrywheeltoy.jpg	ferrywheeltoy.jpg	NOKEY	MAX	NOKEY
1446580060170	0	lts_1103L_17_01	17	01	0	302	0	0	0	CR	MAX	1/26392231.thl.jpg	26392231.thl.jpg	NOKEY	MAX	NOKEY
1446580061122	0	lts_1103L_17_01	17	01	0	303	1	1	1	Hit	470	1-8/26392231.thl.jpg	26392231.thl.jpg	SPACE	517	SPACE
1446580064213	0	lts_1103L_17_01	17	01	0	304	0	0	0	CR	MAX	16/ASHINPAD3.jpg	ASHINPAD3.jpg	NOKEY	MAX	NOKEY
1446580067305	0	lts_1103L_17_01	17	01	0	305	0	0	0	CR	MAX	AMINIHAMP.jpg	AMINIHAMP.jpg	NOKEY	MAX	NOKEY
1446580068707	0	lts_1103L_17_01	17	01	0	306	8	1	1	Hit	928	8-first/ABULLMASK.jpg	ABULLMASK.jpg	SPACE	969	SPACE
1446580071798	0	lts_1103L_17_01	17	01	0	307	0	0	0	CR	MAX	32/Aelasticbands.jpg	Aelasticbands.jpg	NOKEY	MAX	NOKEY
1446580072884	0	lts_1103L_17_01	17	01	0	308	2	1	1	Hit	589	2-mul/ABULLMASK.jpg	ABULLMASK.jpg	SPACE	636	SPACE
1446580075976	0	lts_1103L_17_01	17	01	0	309	0	0	0	CR	MAX	ABPIECE2.jpg	ABPIECE2.jpg	NOKEY	MAX	NOKEY
1446580079051	0	lts_1103L_17_01	17	01	0	310	32	1	0	Miss	MAX	32-3/22854888.thl.jpg	22854888.thl.jpg	NOKEY	MAX	SPACE
1446580082142	0	lts_1103L_17_01	17	01	0	311	0	0	0	CR	MAX	Aplasticbot10.jpg	Aplasticbot10.jpg	NOKEY	MAX	NOKEY
1446580085234	0	lts_1103L_17_01	17	01	0	312	0	0	0	CR	MAX	2/bikewithbasket.jpg	bikewithbasket.jpg	NOKEY	MAX	NOKEY
1446580088325	0	lts_1103L_17_01	17	01	0	313	0	0	0	CR	MAX	Abowl74.jpg	Abowl74.jpg	NOKEY	MAX	NOKEY
1446580089444	0	lts_1103L_17_01	17	01	0	314	2	1	1	Hit	643	2-2/bikewithbasket.jpg	bikewithbasket.jpg	SPACE	685	SPACE
1446580092536	0	lts_1103L_17_01	17	01	0	315	0	0	0	CR	MAX	64/ASLED7.jpg	ASLED7.jpg	NOKEY	MAX	NOKEY
1446580094390	0	lts_1103L_17_01	17	01	0	316	16	1	1	Hit	1371	16-mul/Aclamp58.jpg	Aclamp58.jpg	SPACE	1419	SPACE
1446580097482	0	lts_1103L_17_01	17	01	0	317	0	0	0	CR	MAX	Ahalfchoc.jpg	Ahalfchoc.jpg	NOKEY	MAX	NOKEY
1446580100573	0	lts_1103L_17_01	17	01	0	318	0	0	0	CR	MAX	AARCHERY.jpg	AARCHERY.jpg	NOKEY	MAX	NOKEY
1446580103680	0	lts_1103L_17_01	17	01	0	319	0	0	0	CR	MAX	euthsda.jpg	euthsda.jpg	NOKEY	MAX	NOKEY
1446580105485	0	lts_1103L_17_01	17	01	0	320	16	1	1	Hit	1332	16-first/ASHINPAD3.jpg	ASHINPAD3.jpg	SPACE	1371	SPACE
1446580108576	0	lts_1103L_17_01	17	01	0	321	0	0	0	CR	MAX	8/workweightmach.jpg	workweightmach.jpg	NOKEY	MAX	NOKEY
1446580109678	0	lts_1103L_17_01	17	01	0	322	32	1	1	Hit	620	32-2/22826748.thl.jpg	22826748.thl.jpg	SPACE	668	SPACE
1446580112769	0	lts_1103L_17_01	17	01	0	323	0	0	0	CR	MAX	8/AELEMENT2.jpg	AELEMENT2.jpg	NOKEY	MAX	NOKEY
1446580115860	0	lts_1103L_17_01	17	01	0	324	128	1	0	Miss	MAX	128-0/ATRIUMPH3.jpg	ATRIUMPH3.jpg	NOKEY	MAX	SPACE
1446580118935	0	lts_1103L_17_01	17	01	0	325	0	0	0	CR	MAX	2/gymbars2.jpg	gymbars2.jpg	NOKEY	MAX	NOKEY
1446580120873	0	lts_1103L_17_01	17	01	0	326	0	0	1	FA	1436	Agardeningpai.jpg	Agardeningpai.jpg	SPACE	1472	NOKEY
1446580121893	0	lts_1103L_17_01	17	01	0	327	2	1	1	Hit	519	2-12/gymbars2.jpg	gymbars2.jpg	SPACE	569	SPACE
1446580125001	0	lts_1103L_17_01	17	01	0	328	0	0	0	CR	MAX	8058011.thl.jpg	8058011.thl.jpg	NOKEY	MAX	NOKEY
1446580128076	0	lts_1103L_17_01	17	01	0	329	8	1	0	Miss	MAX	8-first/workweightmach.jpg	workweightmach.jpg	NOKEY	MAX	SPACE
1446580131167	0	lts_1103L_17_01	17	01	0	330	0	0	0	CR	MAX	Akitchenisla4.jpg	Akitchenisla4.jpg	NOKEY	MAX	NOKEY
1446580132303	0	lts_1103L_17_01	17	01	0	331	8	1	1	Hit	660	8-2/AELEMENT2.jpg	AELEMENT2.jpg	SPACE	700	SPACE
1446580135395	0	lts_1103L_17_01	17	01	0	332	0	0	0	CR	MAX	ACLAM.jpg	ACLAM.jpg	NOKEY	MAX	NOKEY
1446580137082	0	lts_1103L_17_01	17	01	0	333	4	1	1	Hit	1217	4-mul/workweightmach.jpg	workweightmach.jpg	SPACE	1252	SPACE
1446580140174	0	lts_1103L_17_01	17	01	0	334	0	0	0	CR	MAX	ATVLAMP.jpg	ATVLAMP.jpg	NOKEY	MAX	NOKEY
1446580141377	0	lts_1103L_17_01	17	01	0	335	0	0	1	FA	730	16/AANTHAT2.jpg	AANTHAT2.jpg	SPACE	768	NOKEY
1446580142429	0	lts_1103L_17_01	17	01	0	336	16	1	1	Hit	567	16-mul/ASHINPAD3.jpg	ASHINPAD3.jpg	SPACE	618	SPACE
1446580145521	0	lts_1103L_17_01	17	01	0	337	0	0	0	CR	MAX	4/Asunflower3.jpg	Asunflower3.jpg	NOKEY	MAX	NOKEY
1446580148611	0	lts_1103L_17_01	17	01	0	338	0	0	0	CR	MAX	Aceramichous2.jpg	Aceramichous2.jpg	NOKEY	MAX	NOKEY
1446580149947	0	lts_1103L_17_01	17	01	0	339	32	1	1	Hit	850	32-1/Aelasticbands.jpg	Aelasticbands.jpg	SPACE	887	SPACE
1446580153023	0	lts_1103L_17_01	17	01	0	340	0	0	0	CR	MAX	Apumpcart2.jpg	Apumpcart2.jpg	NOKEY	MAX	NOKEY
1446580156097	0	lts_1103L_17_01	17	01	0	341	4	1	0	Miss	MAX	4-1/Asunflower3.jpg	Asunflower3.jpg	NOKEY	MAX	SPACE
1446580159189	0	lts_1103L_17_01	17	01	0	342	0	0	0	CR	MAX	26374346.thl.jpg	26374346.thl.jpg	NOKEY	MAX	NOKEY
1446580162280	0	lts_1103L_17_01	17	01	0	343	0	0	0	CR	MAX	Ablackboardw3.jpg	Ablackboardw3.jpg	NOKEY	MAX	NOKEY
1446580165371	0	lts_1103L_17_01	17	01	0	344	0	0	0	CR	MAX	2/Aflyingeagle9.jpg	Aflyingeagle9.jpg	NOKEY	MAX	NOKEY
1446580168462	0	lts_1103L_17_01	17	01	0	345	0	0	0	CR	MAX	Atoydoll12.jpg	Atoydoll12.jpg	NOKEY	MAX	NOKEY
1446580169648	0	lts_1103L_17_01	17	01	0	346	2	1	1	Hit	689	2-9/Aflyingeagle9.jpg	Aflyingeagle9.jpg	SPACE	735	SPACE
1446580172755	0	lts_1103L_17_01	17	01	0	347	0	0	0	CR	MAX	16247853.thl.jpg	16247853.thl.jpg	NOKEY	MAX	NOKEY
1446580175863	0	lts_1103L_17_01	17	01	0	348	0	0	0	CR	MAX	ABEADS4.jpg	ABEADS4.jpg	NOKEY	MAX	NOKEY
1446580178971	0	lts_1103L_17_01	17	01	0	349	0	0	0	CR	MAX	ASTEAMER.jpg	ASTEAMER.jpg	NOKEY	MAX	NOKEY
1446580182047	0	lts_1103L_17_01	17	01	0	350	0	0	0	CR	MAX	ADECKCARD.jpg	ADECKCARD.jpg	NOKEY	MAX	NOKEY
1446580183417	0	lts_1103L_17_01	17	01	0	351	16	1	1	Hit	884	16-first/AANTHAT2.jpg	AANTHAT2.jpg	SPACE	935	SPACE
1446580186508	0	lts_1103L_17_01	17	01	0	352	0	0	0	CR	MAX	1/AMIXBOAR2.jpg	AMIXBOAR2.jpg	NOKEY	MAX	NOKEY
1446580189583	0	lts_1103L_17_01	17	01	0	353	1	1	0	Miss	MAX	1-12/AMIXBOAR2.jpg	AMIXBOAR2.jpg	NOKEY	MAX	SPACE
1446580192656	0	lts_1103L_17_01	17	01	0	354	0	0	0	CR	MAX	ASWANWHIT.jpg	ASWANWHIT.jpg	NOKEY	MAX	NOKEY
1446580193725	0	lts_1103L_17_01	17	01	0	355	4	1	1	Hit	585	4-mul/AANTHAT2.jpg	AANTHAT2.jpg	SPACE	619	SPACE
1446580196833	0	lts_1103L_17_01	17	01	0	356	0	0	0	CR	MAX	32/Aroadsignind3.jpg	Aroadsignind3.jpg	NOKEY	MAX	NOKEY
1446580199925	0	lts_1103L_17_01	17	01	0	357	0	0	0	CR	MAX	ACOATHA44.jpg	ACOATHA44.jpg	NOKEY	MAX	NOKEY
1446580203017	0	lts_1103L_17_01	17	01	0	358	0	0	0	CR	MAX	26461587.thl.jpg	26461587.thl.jpg	NOKEY	MAX	NOKEY
1446580205673	0	lts_1103L_17_01	17	01	0	359	0	0	1	FA	2155	ADOCKPOST.jpg	ADOCKPOST.jpg	SPACE	2206	NOKEY
1446580208764	0	lts_1103L_17_01	17	01	0	360	0	0	0	CR	MAX	Ahat47.jpg	Ahat47.jpg	NOKEY	MAX	NOKEY
1446580210202	0	lts_1103L_17_01	17	01	0	361	0	0	1	FA	952	64/Agiftbag20.jpg	Agiftbag20.jpg	SPACE	1003	NOKEY
1446580213276	0	lts_1103L_17_01	17	01	0	362	0	0	0	CR	MAX	4/blueberriespack.jpg	blueberriespack.jpg	NOKEY	MAX	NOKEY
1446580214546	0	lts_1103L_17_01	17	01	0	363	128	1	1	Hit	788	128-1/BattleStar.jpg	BattleStar.jpg	SPACE	835	SPACE
1446580217636	0	lts_1103L_17_01	17	01	0	364	0	0	0	CR	MAX	22886412.thl.jpg	22886412.thl.jpg	NOKEY	MAX	NOKEY
1446580220727	0	lts_1103L_17_01	17	01	0	365	0	0	0	CR	MAX	16/Acliplatch.jpg	Acliplatch.jpg	NOKEY	MAX	NOKEY
1446580222266	0	lts_1103L_17_01	17	01	0	366	4	1	1	Hit	1052	4-6/blueberriespack.jpg	blueberriespack.jpg	SPACE	1103	SPACE
1446580225357	0	lts_1103L_17_01	17	01	0	367	0	0	0	CR	MAX	AREDROSE8.jpg	AREDROSE8.jpg	NOKEY	MAX	NOKEY
1446580228432	0	lts_1103L_17_01	17	01	0	368	0	0	0	CR	MAX	26374731.thl.jpg	26374731.thl.jpg	NOKEY	MAX	NOKEY
1446580231523	0	lts_1103L_17_01	17	01	0	369	0	0	0	CR	MAX	1/Abooties4.jpg	Abooties4.jpg	NOKEY	MAX	NOKEY
1446580232592	0	lts_1103L_17_01	17	01	0	370	1	1	1	Hit	593	1-14/Abooties4.jpg	Abooties4.jpg	SPACE	634	SPACE
1446580235682	0	lts_1103L_17_01	17	01	0	371	0	0	0	CR	MAX	Alogholder.jpg	Alogholder.jpg	NOKEY	MAX	NOKEY
1446580238773	0	lts_1103L_17_01	17	01	0	372	0	0	0	CR	MAX	2/Avacuum13.jpg	Avacuum13.jpg	NOKEY	MAX	NOKEY
1446580241881	0	lts_1103L_17_01	17	01	0	373	0	0	0	CR	MAX	kotsltd.jpg	kotsltd.jpg	NOKEY	MAX	NOKEY
1446580244973	0	lts_1103L_17_01	17	01	0	374	2	1	0	Miss	MAX	2-5/Avacuum13.jpg	Avacuum13.jpg	NOKEY	MAX	SPACE
1446580248065	0	lts_1103L_17_01	17	01	0	375	0	0	0	CR	MAX	Astrawberryde.jpg	Astrawberryde.jpg	NOKEY	MAX	NOKEY
1446580251156	0	lts_1103L_17_01	17	01	0	376	0	0	0	CR	MAX	ASEWINGT4.jpg	ASEWINGT4.jpg	NOKEY	MAX	NOKEY
1446580254247	0	lts_1103L_17_01	17	01	0	377	0	0	0	CR	MAX	32/26437107.thl.jpg	26437107.thl.jpg	NOKEY	MAX	NOKEY
1446580257338	0	lts_1103L_17_01	17	01	0	378	0	0	0	CR	MAX	Apuzzle8.jpg	Apuzzle8.jpg	NOKEY	MAX	NOKEY
1446580258657	0	lts_1103L_17_01	17	01	0	379	64	1	1	Hit	832	64-first/ASLED7.jpg	ASLED7.jpg	SPACE	869	SPACE
1446580261749	0	lts_1103L_17_01	17	01	0	380	0	0	0	CR	MAX	32/22869912.thl.jpg	22869912.thl.jpg	NOKEY	MAX	NOKEY
1446580264823	0	lts_1103L_17_01	17	01	0	381	16	1	0	Miss	MAX	16-first/Acliplatch.jpg	Acliplatch.jpg	NOKEY	MAX	SPACE
1446580267914	0	lts_1103L_17_01	17	01	0	382	0	0	0	CR	MAX	sardines.jpg	sardines.jpg	NOKEY	MAX	NOKEY
1446580269102	0	lts_1103L_17_01	17	01	0	383	4	1	1	Hit	708	4-mul/ASLED7.jpg	ASLED7.jpg	SPACE	752	SPACE
1446580272176	0	lts_1103L_17_01	17	01	0	384	0	0	0	CR	MAX	Abicycleshoe.jpg	Abicycleshoe.jpg	NOKEY	MAX	NOKEY
1446580275251	0	lts_1103L_17_01	17	01	0	385	4	1	0	Miss	MAX	4-mul/Acliplatch.jpg	Acliplatch.jpg	NOKEY	MAX	SPACE
1446580278342	0	lts_1103L_17_01	17	01	0	386	0	0	0	CR	MAX	ACHESSPI4.jpg	ACHESSPI4.jpg	NOKEY	MAX	NOKEY
1446580279728	0	lts_1103L_17_01	17	01	0	387	0	0	1	FA	900	26455183.thl.jpg	26455183.thl.jpg	SPACE	935	NOKEY
1446580282802	0	lts_1103L_17_01	17	01	0	388	32	1	0	Miss	MAX	32-6/Aroadsignind3.jpg	Aroadsignind3.jpg	NOKEY	MAX	SPACE
1446580285893	0	lts_1103L_17_01	17	01	0	389	0	0	0	CR	MAX	26684827.thl.jpg	26684827.thl.jpg	NOKEY	MAX	NOKEY
1446580288968	0	lts_1103L_17_01	17	01	0	390	0	0	0	CR	MAX	AHEADLI18.jpg	AHEADLI18.jpg	NOKEY	MAX	NOKEY
1446580292060	0	lts_1103L_17_01	17	01	0	391	0	0	0	CR	MAX	Afloppydisk6.jpg	Afloppydisk6.jpg	NOKEY	MAX	NOKEY
1446580295151	0	lts_1103L_17_01	17	01	0	392	0	0	0	CR	MAX	2/Abicyclehand5.jpg	Abicyclehand5.jpg	NOKEY	MAX	NOKEY
1446580298226	0	lts_1103L_17_01	17	01	0	393	0	0	0	CR	MAX	8/broccoli.jpg	broccoli.jpg	NOKEY	MAX	NOKEY
1446580299212	0	lts_1103L_17_01	17	01	0	394	2	1	1	Hit	501	2-8/Abicyclehand5.jpg	Abicyclehand5.jpg	SPACE	551	SPACE
1446580302303	0	lts_1103L_17_01	17	01	0	395	0	0	0	CR	MAX	Awindow19.jpg	Awindow19.jpg	NOKEY	MAX	NOKEY
1446580305394	0	lts_1103L_17_01	17	01	0	396	0	0	0	CR	MAX	26391116.thl.jpg	26391116.thl.jpg	NOKEY	MAX	NOKEY
1446580308469	0	lts_1103L_17_01	17	01	0	397	0	0	0	CR	MAX	Aclowguit.jpg	Aclowguit.jpg	NOKEY	MAX	NOKEY
1446580311543	0	lts_1103L_17_01	17	01	0	398	0	0	0	CR	MAX	26432899.thl.jpg	26432899.thl.jpg	NOKEY	MAX	NOKEY
1446580314633	0	lts_1103L_17_01	17	01	0	399	0	0	0	CR	MAX	Abutanco3.jpg	Abutanco3.jpg	NOKEY	MAX	NOKEY
1446580317724	0	lts_1103L_17_01	17	01	0	400	0	0	0	CR	MAX	4/Ablackcamera4.jpg	Ablackcamera4.jpg	NOKEY	MAX	NOKEY
1446580318760	0	lts_1103L_17_01	17	01	0	401	8	1	1	Hit	564	8-0/broccoli.jpg	broccoli.jpg	SPACE	603	SPACE
1446580321852	0	lts_1103L_17_01	17	01	0	402	0	0	0	CR	MAX	32/ACLOSET4.jpg	ACLOSET4.jpg	NOKEY	MAX	NOKEY
1446580324960	0	lts_1103L_17_01	17	01	0	403	0	0	0	CR	MAX	AGLASSEY5.jpg	AGLASSEY5.jpg	NOKEY	MAX	NOKEY
1446580326281	0	lts_1103L_17_01	17	01	0	404	4	1	1	Hit	836	4-11/Ablackcamera4.jpg	Ablackcamera4.jpg	SPACE	886	SPACE
1446580329372	0	lts_1103L_17_01	17	01	0	405	0	0	0	CR	MAX	AAXE4.jpg	AAXE4.jpg	NOKEY	MAX	NOKEY
1446580332463	0	lts_1103L_17_01	17	01	0	406	0	0	0	CR	MAX	silver-bowl-small.jpg	silver-bowl-small.jpg	NOKEY	MAX	NOKEY
1446580335554	0	lts_1103L_17_01	17	01	0	407	0	0	0	CR	MAX	Ascarf7.jpg	Ascarf7.jpg	NOKEY	MAX	NOKEY
1446580338644	0	lts_1103L_17_01	17	01	0	408	0	0	0	CR	MAX	AWOODSPO3.jpg	AWOODSPO3.jpg	NOKEY	MAX	NOKEY
1446580339797	0	lts_1103L_17_01	17	01	0	409	32	1	1	Hit	680	32-5/26437107.thl.jpg	26437107.thl.jpg	SPACE	720	SPACE
1446580342905	0	lts_1103L_17_01	17	01	0	410	0	0	0	CR	MAX	driedprune.jpg	driedprune.jpg	NOKEY	MAX	NOKEY
1446580345997	0	lts_1103L_17_01	17	01	0	411	0	0	0	CR	MAX	23070064.thl.jpg	23070064.thl.jpg	NOKEY	MAX	NOKEY
1446580349072	0	lts_1103L_17_01	17	01	0	412	32	1	0	Miss	MAX	32-7/22869912.thl.jpg	22869912.thl.jpg	NOKEY	MAX	SPACE
1446580351328	0	lts_1103L_17_01	17	01	0	413	0	0	1	FA	1772	1/scrunchie.jpg	scrunchie.jpg	SPACE	1820	NOKEY
1446580352447	0	lts_1103L_17_01	17	01	0	414	1	1	1	Hit	638	1-6/scrunchie.jpg	scrunchie.jpg	SPACE	685	SPACE
1446580355539	0	lts_1103L_17_01	17	01	0	415	0	0	0	CR	MAX	Abluebabybug4.jpg	Abluebabybug4.jpg	NOKEY	MAX	NOKEY
1446580358629	0	lts_1103L_17_01	17	01	0	416	0	0	0	CR	MAX	Agraduationh2.jpg	Agraduationh2.jpg	NOKEY	MAX	NOKEY
1446580361703	0	lts_1103L_17_01	17	01	0	417	0	0	0	CR	MAX	Aclamp42.jpg	Aclamp42.jpg	NOKEY	MAX	NOKEY
1446580364794	0	lts_1103L_17_01	17	01	0	418	0	0	0	CR	MAX	Akeg6.jpg	Akeg6.jpg	NOKEY	MAX	NOKEY
1446580367902	0	lts_1103L_17_01	17	01	0	419	0	0	0	CR	MAX	22853544.thl.jpg	22853544.thl.jpg	NOKEY	MAX	NOKEY
1446580370994	0	lts_1103L_17_01	17	01	0	420	0	0	0	CR	MAX	ACREAME11.jpg	ACREAME11.jpg	NOKEY	MAX	NOKEY
1446580374069	0	lts_1103L_17_01	17	01	0	421	0	0	0	CR	MAX	16/26443034.thl.jpg	26443034.thl.jpg	NOKEY	MAX	NOKEY
1446580377144	0	lts_1103L_17_01	17	01	0	422	0	0	0	CR	MAX	barbwirecoil.jpg	barbwirecoil.jpg	NOKEY	MAX	NOKEY
1446580380235	0	lts_1103L_17_01	17	01	0	423	0	0	0	CR	MAX	26442809.thl.jpg	26442809.thl.jpg	NOKEY	MAX	NOKEY
1446580383326	0	lts_1103L_17_01	17	01	0	424	0	0	0	CR	MAX	Abat5.jpg	Abat5.jpg	NOKEY	MAX	NOKEY
1446580386401	0	lts_1103L_17_01	17	01	0	425	64	1	0	Miss	MAX	64-first/Agiftbag20.jpg	Agiftbag20.jpg	NOKEY	MAX	SPACE
1446580389475	0	lts_1103L_17_01	17	01	0	426	0	0	0	CR	MAX	ATISSUE.jpg	ATISSUE.jpg	NOKEY	MAX	NOKEY
1446580391046	0	lts_1103L_17_01	17	01	0	427	2	1	1	Hit	1093	2-mul/Agiftbag20.jpg	Agiftbag20.jpg	SPACE	1134	SPACE
1446580392665	0	lts_1103L_17_01	17	01	0	428	0	0	1	FA	1127	Atoy57.jpg	Atoy57.jpg	SPACE	1170	NOKEY
1446580395756	0	lts_1103L_17_01	17	01	0	429	0	0	0	CR	MAX	26437491.thl.jpg	26437491.thl.jpg	NOKEY	MAX	NOKEY
1446580398831	0	lts_1103L_17_01	17	01	0	430	0	0	0	CR	MAX	ATOILROL2.jpg	ATOILROL2.jpg	NOKEY	MAX	NOKEY
1446580401905	0	lts_1103L_17_01	17	01	0	431	0	0	0	CR	MAX	Agratedchees2.jpg	Agratedchees2.jpg	NOKEY	MAX	NOKEY
1446580404997	0	lts_1103L_17_01	17	01	0	432	0	0	0	CR	MAX	wok.jpg	wok.jpg	NOKEY	MAX	NOKEY
1446580408089	0	lts_1103L_17_01	17	01	0	433	0	0	0	CR	MAX	ACEDAR.jpg	ACEDAR.jpg	NOKEY	MAX	NOKEY
1446580410011	0	lts_1103L_17_01	17	01	0	434	32	1	1	Hit	1439	32-9/ACLOSET4.jpg	ACLOSET4.jpg	SPACE	1487	SPACE
1446580413085	0	lts_1103L_17_01	17	01	0	435	0	0	0	CR	MAX	APINGPON3.jpg	APINGPON3.jpg	NOKEY	MAX	NOKEY
1446580416160	0	lts_1103L_17_01	17	01	0	436	0	0	0	CR	MAX	22883664.thl.jpg	22883664.thl.jpg	NOKEY	MAX	NOKEY
1446580419234	0	lts_1103L_17_01	17	01	0	437	16	1	0	Miss	MAX	16-first/26443034.thl.jpg	26443034.thl.jpg	NOKEY	MAX	SPACE
1446580422392	0	lts_1103L_17_01	17	01	0	438	0	0	0	CR	MAX	shavingcream01.jpg	shavingcream01.jpg	NOKEY	MAX	NOKEY
1446580425467	0	lts_1103L_17_01	17	01	0	439	2	1	0	Miss	MAX	2-mul/26443034.thl.jpg	26443034.thl.jpg	NOKEY	MAX	SPACE
1446580428558	0	lts_1103L_17_01	17	01	0	440	0	0	0	CR	MAX	2/ANAPKHOL7.jpg	ANAPKHOL7.jpg	NOKEY	MAX	NOKEY
1446580431631	0	lts_1103L_17_01	17	01	0	441	0	0	0	CR	MAX	4/Achair1260.jpg	Achair1260.jpg	NOKEY	MAX	NOKEY
1446580432767	0	lts_1103L_17_01	17	01	0	442	2	1	1	Hit	646	2-10/ANAPKHOL7.jpg	ANAPKHOL7.jpg	SPACE	686	SPACE
1446580435859	0	lts_1103L_17_01	17	01	0	443	0	0	0	CR	MAX	ATURKEY11.jpg	ATURKEY11.jpg	NOKEY	MAX	NOKEY
1446580438933	0	lts_1103L_17_01	17	01	0	444	0	0	0	CR	MAX	4/26374055.thl.jpg	26374055.thl.jpg	NOKEY	MAX	NOKEY
1446580440121	0	lts_1103L_17_01	17	01	0	445	4	1	1	Hit	711	4-9/Achair1260.jpg	Achair1260.jpg	SPACE	751	SPACE
1446580443195	0	lts_1103L_17_01	17	01	0	446	0	0	0	CR	MAX	AHEDGEHOG.jpg	AHEDGEHOG.jpg	NOKEY	MAX	NOKEY
1446580446286	0	lts_1103L_17_01	17	01	0	447	0	0	0	CR	MAX	23077768.thl.jpg	23077768.thl.jpg	NOKEY	MAX	NOKEY
1446580448007	0	lts_1103L_17_01	17	01	0	448	4	1	1	Hit	1235	4-2/26374055.thl.jpg	26374055.thl.jpg	SPACE	1286	SPACE
1446580451082	0	lts_1103L_17_01	17	01	0	449	0	0	0	CR	MAX	chocolatbox.jpg	chocolatbox.jpg	NOKEY	MAX	NOKEY
1446580518753	0	lts_1103L_17_01	17	01	1	0	0	0	0	CR	MAX	AIRONBOA8.jpg	AIRONBOA8.jpg	NOKEY	MAX	NOKEY
1446580521844	0	lts_1103L_17_01	17	01	1	1	0	0	0	CR	MAX	Aantiquewate3.jpg	Aantiquewate3.jpg	NOKEY	MAX	NOKEY
1446580523032	0	lts_1103L_17_01	17	01	1	2	0	0	1	FA	697	Ahumansku101.jpg	Ahumansku101.jpg	SPACE	736	NOKEY
1446580526106	0	lts_1103L_17_01	17	01	1	3	0	0	0	CR	MAX	2/Apepperoni.jpg	Apepperoni.jpg	NOKEY	MAX	NOKEY
1446580529197	0	lts_1103L_17_01	17	01	1	4	0	0	0	CR	MAX	Aperfumebottl.jpg	Aperfumebottl.jpg	NOKEY	MAX	NOKEY
1446580530300	0	lts_1103L_17_01	17	01	1	5	2	1	1	Hit	618	2-11/Apepperoni.jpg	Apepperoni.jpg	SPACE	667	SPACE
1446580533392	0	lts_1103L_17_01	17	01	1	6	0	0	0	CR	MAX	AHEBREWTE.jpg	AHEBREWTE.jpg	NOKEY	MAX	NOKEY
1446580536466	0	lts_1103L_17_01	17	01	1	7	0	0	0	CR	MAX	16/ringbox03.jpg	ringbox03.jpg	NOKEY	MAX	NOKEY
1446580539540	0	lts_1103L_17_01	17	01	1	8	00	1	0	Miss	MAX	00-across/Agiftbag20.jpg	Agiftbag20.jpg	NOKEY	MAX	SPACE
1446580542630	0	lts_1103L_17_01	17	01	1	9	0	0	0	CR	MAX	8/Abackaccesso4.jpg	Abackaccesso4.jpg	NOKEY	MAX	NOKEY
1446580545722	0	lts_1103L_17_01	17	01	1	10	0	0	0	CR	MAX	4/AWATERCO4.jpg	AWATERCO4.jpg	NOKEY	MAX	NOKEY
1446580548796	0	lts_1103L_17_01	17	01	1	11	0	0	0	CR	MAX	swingset.jpg	swingset.jpg	NOKEY	MAX	NOKEY
1446580551887	0	lts_1103L_17_01	17	01	1	12	0	0	0	CR	MAX	ABATHTAP.jpg	ABATHTAP.jpg	NOKEY	MAX	NOKEY
1446580554979	0	lts_1103L_17_01	17	01	1	13	0	0	0	CR	MAX	woodvase.jpg	woodvase.jpg	NOKEY	MAX	NOKEY
1446580556417	0	lts_1103L_17_01	17	01	1	14	4	1	1	Hit	954	4-10/AWATERCO4.jpg	AWATERCO4.jpg	SPACE	1003	SPACE
1446580559508	0	lts_1103L_17_01	17	01	1	15	0	0	0	CR	MAX	liquid-a.jpg	liquid-a.jpg	NOKEY	MAX	NOKEY
1446580562599	0	lts_1103L_17_01	17	01	1	16	0	0	0	CR	MAX	APOTGOLD2.jpg	APOTGOLD2.jpg	NOKEY	MAX	NOKEY
1446580565672	0	lts_1103L_17_01	17	01	1	17	8	1	0	Miss	MAX	8-0/Abackaccesso4.jpg	Abackaccesso4.jpg	NOKEY	MAX	SPACE
1446580568764	0	lts_1103L_17_01	17	01	1	18	0	0	0	CR	MAX	APBREAD2.jpg	APBREAD2.jpg	NOKEY	MAX	NOKEY
1446580571872	0	lts_1103L_17_01	17	01	1	19	0	0	0	CR	MAX	ABULDOZER.jpg	ABULDOZER.jpg	NOKEY	MAX	NOKEY
1446580574946	0	lts_1103L_17_01	17	01	1	20	0	0	0	CR	MAX	AGONG12.jpg	AGONG12.jpg	NOKEY	MAX	NOKEY
1446580578038	0	lts_1103L_17_01	17	01	1	21	0	0	0	CR	MAX	4/26373362.thl.jpg	26373362.thl.jpg	NOKEY	MAX	NOKEY
1446580581130	0	lts_1103L_17_01	17	01	1	22	0	0	0	CR	MAX	pinballmachine.jpg	pinballmachine.jpg	NOKEY	MAX	NOKEY
1446580582232	0	lts_1103L_17_01	17	01	1	23	16	1	1	Hit	632	16-first/ringbox03.jpg	ringbox03.jpg	SPACE	667	SPACE
1446580585324	0	lts_1103L_17_01	17	01	1	24	0	0	0	CR	MAX	ACHAIRDE2.jpg	ACHAIRDE2.jpg	NOKEY	MAX	NOKEY
1446580586426	0	lts_1103L_17_01	17	01	1	25	4	1	1	Hit	630	4-9/26373362.thl.jpg	26373362.thl.jpg	SPACE	668	SPACE
1446580589517	0	lts_1103L_17_01	17	01	1	26	0	0	0	CR	MAX	1/Adalmatiandog.jpg	Adalmatiandog.jpg	NOKEY	MAX	NOKEY
1446580590619	0	lts_1103L_17_01	17	01	1	27	1	1	1	Hit	620	1-12/Adalmatiandog.jpg	Adalmatiandog.jpg	SPACE	669	SPACE
1446580593727	0	lts_1103L_17_01	17	01	1	28	0	0	0	CR	MAX	AWASHMAC5.jpg	AWASHMAC5.jpg	NOKEY	MAX	NOKEY
1446580596818	0	lts_1103L_17_01	17	01	1	29	00	1	0	Miss	MAX	00-across/26369999.thl.jpg	26369999.thl.jpg	NOKEY	MAX	SPACE
1446580599893	0	lts_1103L_17_01	17	01	1	30	0	0	0	CR	MAX	Acontrolpane2.jpg	Acontrolpane2.jpg	NOKEY	MAX	NOKEY
1446580602967	0	lts_1103L_17_01	17	01	1	31	0	0	0	CR	MAX	Awaxlips.jpg	Awaxlips.jpg	NOKEY	MAX	NOKEY
1446580606060	0	lts_1103L_17_01	17	01	1	32	0	0	0	CR	MAX	Ajuicer9.jpg	Ajuicer9.jpg	NOKEY	MAX	NOKEY
1446580609134	0	lts_1103L_17_01	17	01	1	33	00	1	0	Miss	MAX	00-across/AWOODSPAT.jpg	AWOODSPAT.jpg	NOKEY	MAX	SPACE
1446580612209	0	lts_1103L_17_01	17	01	1	34	0	0	0	CR	MAX	batteries-a.jpg	batteries-a.jpg	NOKEY	MAX	NOKEY
1446580615300	0	lts_1103L_17_01	17	01	1	35	0	0	0	CR	MAX	AELECTHE4.jpg	AELECTHE4.jpg	NOKEY	MAX	NOKEY
1446580618391	0	lts_1103L_17_01	17	01	1	36	0	0	0	CR	MAX	AOLDMILL2.jpg	AOLDMILL2.jpg	NOKEY	MAX	NOKEY
1446580621482	0	lts_1103L_17_01	17	01	1	37	0	0	0	CR	MAX	128/Abox80.jpg	Abox80.jpg	NOKEY	MAX	NOKEY
1446580624557	0	lts_1103L_17_01	17	01	1	38	0	0	0	CR	MAX	AANTICOT.jpg	AANTICOT.jpg	NOKEY	MAX	NOKEY
1446580627630	0	lts_1103L_17_01	17	01	1	39	16	1	0	Miss	MAX	16-mul/ringbox03.jpg	ringbox03.jpg	NOKEY	MAX	SPACE
1446580630721	0	lts_1103L_17_01	17	01	1	40	0	0	0	CR	MAX	4/AGLASSBAL.jpg	AGLASSBAL.jpg	NOKEY	MAX	NOKEY
1446580633829	0	lts_1103L_17_01	17	01	1	41	0	0	0	CR	MAX	Awoodenspoon3.jpg	Awoodenspoon3.jpg	NOKEY	MAX	NOKEY
1446580636921	0	lts_1103L_17_01	17	01	1	42	0	0	0	CR	MAX	Anoisma32.jpg	Anoisma32.jpg	NOKEY	MAX	NOKEY
1446580639995	0	lts_1103L_17_01	17	01	1	43	0	0	0	CR	MAX	AWASHOPEN.jpg	AWASHOPEN.jpg	NOKEY	MAX	NOKEY
1446580641699	0	lts_1103L_17_01	17	01	1	44	4	1	1	Hit	1214	4-6/AGLASSBAL.jpg	AGLASSBAL.jpg	SPACE	1253	SPACE
1446580644791	0	lts_1103L_17_01	17	01	1	45	0	0	0	CR	MAX	4/ACHOPSTI2.jpg	ACHOPSTI2.jpg	NOKEY	MAX	NOKEY
1446580647899	0	lts_1103L_17_01	17	01	1	46	0	0	0	CR	MAX	ANEWSBOX4.jpg	ANEWSBOX4.jpg	NOKEY	MAX	NOKEY
1446580650973	0	lts_1103L_17_01	17	01	1	47	0	0	0	CR	MAX	8/22869624.thl.jpg	22869624.thl.jpg	NOKEY	MAX	NOKEY
1446580654065	0	lts_1103L_17_01	17	01	1	48	0	0	0	CR	MAX	32/AHIGCHAIR.jpg	AHIGCHAIR.jpg	NOKEY	MAX	NOKEY
1446580657140	0	lts_1103L_17_01	17	01	1	49	4	1	0	Miss	MAX	4-4/ACHOPSTI2.jpg	ACHOPSTI2.jpg	NOKEY	MAX	SPACE
1446580660231	0	lts_1103L_17_01	17	01	1	50	0	0	0	CR	MAX	Atoyhorse2.jpg	Atoyhorse2.jpg	NOKEY	MAX	NOKEY
1446580663306	0	lts_1103L_17_01	17	01	1	51	0	0	0	CR	MAX	Abicyclerepa3.jpg	Abicyclerepa3.jpg	NOKEY	MAX	NOKEY
1446580666397	0	lts_1103L_17_01	17	01	1	52	0	0	0	CR	MAX	1/Acable14.jpg	Acable14.jpg	NOKEY	MAX	NOKEY
1446580669471	0	lts_1103L_17_01	17	01	1	53	1	1	0	Miss	MAX	1-14/Acable14.jpg	Acable14.jpg	NOKEY	MAX	SPACE
1446580672562	0	lts_1103L_17_01	17	01	1	54	0	0	0	CR	MAX	Alampsanddes5.jpg	Alampsanddes5.jpg	NOKEY	MAX	NOKEY
1446580675652	0	lts_1103L_17_01	17	01	1	55	8	1	0	Miss	MAX	8-first/22869624.thl.jpg	22869624.thl.jpg	NOKEY	MAX	SPACE
1446580678844	0	lts_1103L_17_01	17	01	1	56	0	0	0	CR	MAX	ARECORDC2.jpg	ARECORDC2.jpg	NOKEY	MAX	NOKEY
1446580680199	0	lts_1103L_17_01	17	01	1	57	2	1	1	Hit	874	2-mul/22869624.thl.jpg	22869624.thl.jpg	SPACE	919	SPACE
1446580683290	0	lts_1103L_17_01	17	01	1	58	0	0	0	CR	MAX	ACOCKSPA4.jpg	ACOCKSPA4.jpg	NOKEY	MAX	NOKEY
1446580686448	0	lts_1103L_17_01	17	01	1	59	0	0	0	CR	MAX	4/ABAROMET2.jpg	ABAROMET2.jpg	NOKEY	MAX	NOKEY
1446580689522	0	lts_1103L_17_01	17	01	1	60	0	0	0	CR	MAX	8/ASTREESW2.jpg	ASTREESW2.jpg	NOKEY	MAX	NOKEY
1446580692612	0	lts_1103L_17_01	17	01	1	61	0	0	0	CR	MAX	Ahighlightin2.jpg	Ahighlightin2.jpg	NOKEY	MAX	NOKEY
1446580695720	0	lts_1103L_17_01	17	01	1	62	0	0	0	CR	MAX	8055181.thl.jpg	8055181.thl.jpg	NOKEY	MAX	NOKEY
1446580698812	0	lts_1103L_17_01	17	01	1	63	4	1	0	Miss	MAX	4-12/ABAROMET2.jpg	ABAROMET2.jpg	NOKEY	MAX	SPACE
1446580701903	0	lts_1103L_17_01	17	01	1	64	0	0	0	CR	MAX	2/Acup29.jpg	Acup29.jpg	NOKEY	MAX	NOKEY
1446580704977	0	lts_1103L_17_01	17	01	1	65	0	0	0	CR	MAX	Apowerbar7.jpg	Apowerbar7.jpg	NOKEY	MAX	NOKEY
1446580708053	0	lts_1103L_17_01	17	01	1	66	2	1	0	Miss	MAX	2-1/Acup29.jpg	Acup29.jpg	NOKEY	MAX	SPACE
1446580711127	0	lts_1103L_17_01	17	01	1	67	0	0	0	CR	MAX	32/Aberries5.jpg	Aberries5.jpg	NOKEY	MAX	NOKEY
1446580712581	0	lts_1103L_17_01	17	01	1	68	8	1	1	Hit	974	8-first/ASTREESW2.jpg	ASTREESW2.jpg	SPACE	1019	SPACE
1446580715671	0	lts_1103L_17_01	17	01	1	69	0	0	0	CR	MAX	Atombstone17.jpg	Atombstone17.jpg	NOKEY	MAX	NOKEY
1446580717877	0	lts_1103L_17_01	17	01	1	70	0	0	1	FA	1705	26433387.thl.jpg	26433387.thl.jpg	SPACE	1756	NOKEY
1446580720968	0	lts_1103L_17_01	17	01	1	71	0	0	0	CR	MAX	ARUSH.jpg	ARUSH.jpg	NOKEY	MAX	NOKEY
1446580722139	0	lts_1103L_17_01	17	01	1	72	00	1	1	Hit	684	00-across/AMIXBOAR2.jpg	AMIXBOAR2.jpg	SPACE	735	SPACE
1446580725213	0	lts_1103L_17_01	17	01	1	73	0	0	0	CR	MAX	35310260.thl.jpg	35310260.thl.jpg	NOKEY	MAX	NOKEY
1446580728305	0	lts_1103L_17_01	17	01	1	74	0	0	0	CR	MAX	23029830.thl.jpg	23029830.thl.jpg	NOKEY	MAX	NOKEY
1446580731379	0	lts_1103L_17_01	17	01	1	75	0	0	0	CR	MAX	Astingray2.jpg	Astingray2.jpg	NOKEY	MAX	NOKEY
1446580733501	0	lts_1103L_17_01	17	01	1	76	0	0	1	FA	1620	32/ASEWING.jpg	ASEWING.jpg	SPACE	1671	NOKEY
1446580736592	0	lts_1103L_17_01	17	01	1	77	0	0	0	CR	MAX	bait04.jpg	bait04.jpg	NOKEY	MAX	NOKEY
1446580739665	0	lts_1103L_17_01	17	01	1	78	00	1	0	Miss	MAX	00-across/AGOAT10.jpg	AGOAT10.jpg	NOKEY	MAX	SPACE
1446580742773	0	lts_1103L_17_01	17	01	1	79	0	0	0	CR	MAX	8/Abisontoy.jpg	Abisontoy.jpg	NOKEY	MAX	NOKEY
1446580745848	0	lts_1103L_17_01	17	01	1	80	32	1	0	Miss	MAX	32-1/AHIGCHAIR.jpg	AHIGCHAIR.jpg	NOKEY	MAX	SPACE
1446580748939	0	lts_1103L_17_01	17	01	1	81	0	0	0	CR	MAX	AANTSTO12.jpg	AANTSTO12.jpg	NOKEY	MAX	NOKEY
1446580752031	0	lts_1103L_17_01	17	01	1	82	0	0	0	CR	MAX	AALARMSY5.jpg	AALARMSY5.jpg	NOKEY	MAX	NOKEY
1446580755106	0	lts_1103L_17_01	17	01	1	83	0	0	0	CR	MAX	26467460.thl.jpg	26467460.thl.jpg	NOKEY	MAX	NOKEY
1446580758180	0	lts_1103L_17_01	17	01	1	84	16	1	0	Miss	MAX	16-mul/ASTREESW2.jpg	ASTREESW2.jpg	NOKEY	MAX	SPACE
1446580761255	0	lts_1103L_17_01	17	01	1	85	0	0	0	CR	MAX	26384637.thl.jpg	26384637.thl.jpg	NOKEY	MAX	NOKEY
1446580764330	0	lts_1103L_17_01	17	01	1	86	0	0	0	CR	MAX	Acementfinish.jpg	Acementfinish.jpg	NOKEY	MAX	NOKEY
1446580765632	0	lts_1103L_17_01	17	01	1	87	8	1	1	Hit	815	8-first/Abisontoy.jpg	Abisontoy.jpg	SPACE	852	SPACE
1446580768706	0	lts_1103L_17_01	17	01	1	88	0	0	0	CR	MAX	128/Atoybucketan4.jpg	Atoybucketan4.jpg	NOKEY	MAX	NOKEY
1446580771797	0	lts_1103L_17_01	17	01	1	89	0	0	0	CR	MAX	AOLDLIFE3.jpg	AOLDLIFE3.jpg	NOKEY	MAX	NOKEY
1446580774889	0	lts_1103L_17_01	17	01	1	90	0	0	0	CR	MAX	Askirt2.jpg	Askirt2.jpg	NOKEY	MAX	NOKEY
1446580777963	0	lts_1103L_17_01	17	01	1	91	4	1	0	Miss	MAX	4-mul/Abisontoy.jpg	Abisontoy.jpg	NOKEY	MAX	SPACE
1446580781055	0	lts_1103L_17_01	17	01	1	92	0	0	0	CR	MAX	32/AGARDHOSE.jpg	AGARDHOSE.jpg	NOKEY	MAX	NOKEY
1446580784147	0	lts_1103L_17_01	17	01	1	93	0	0	0	CR	MAX	clips-a.jpg	clips-a.jpg	NOKEY	MAX	NOKEY
1446580787238	0	lts_1103L_17_01	17	01	1	94	0	0	0	CR	MAX	ABOXVIALS.jpg	ABOXVIALS.jpg	NOKEY	MAX	NOKEY
1446580790312	0	lts_1103L_17_01	17	01	1	95	0	0	0	CR	MAX	2/AAMBULAN7.jpg	AAMBULAN7.jpg	NOKEY	MAX	NOKEY
1446580793387	0	lts_1103L_17_01	17	01	1	96	0	0	0	CR	MAX	ACPU2.jpg	ACPU2.jpg	NOKEY	MAX	NOKEY
1446580794839	0	lts_1103L_17_01	17	01	1	97	2	1	1	Hit	979	2-0/AAMBULAN7.jpg	AAMBULAN7.jpg	SPACE	1019	SPACE
1446580797931	0	lts_1103L_17_01	17	01	1	98	0	0	0	CR	MAX	Abasket110.jpg	Abasket110.jpg	NOKEY	MAX	NOKEY
1446580801006	0	lts_1103L_17_01	17	01	1	99	32	1	0	Miss	MAX	32-6/Aberries5.jpg	Aberries5.jpg	NOKEY	MAX	SPACE
1446580804081	0	lts_1103L_17_01	17	01	1	100	0	0	0	CR	MAX	Aconnector2.jpg	Aconnector2.jpg	NOKEY	MAX	NOKEY
1446580807172	0	lts_1103L_17_01	17	01	1	101	0	0	0	CR	MAX	26421740.thl.jpg	26421740.thl.jpg	NOKEY	MAX	NOKEY
1446580810263	0	lts_1103L_17_01	17	01	1	102	0	0	0	CR	MAX	Ahippopotamu4.jpg	Ahippopotamu4.jpg	NOKEY	MAX	NOKEY
1446580813338	0	lts_1103L_17_01	17	01	1	103	0	0	0	CR	MAX	2/AFLUTE6.jpg	AFLUTE6.jpg	NOKEY	MAX	NOKEY
1446580816412	0	lts_1103L_17_01	17	01	1	104	0	0	0	CR	MAX	26374166.thl.jpg	26374166.thl.jpg	NOKEY	MAX	NOKEY
1446580819486	0	lts_1103L_17_01	17	01	1	105	2	1	0	Miss	MAX	2-5/AFLUTE6.jpg	AFLUTE6.jpg	NOKEY	MAX	SPACE
1446580822561	0	lts_1103L_17_01	17	01	1	106	0	0	0	CR	MAX	26418799.thl.jpg	26418799.thl.jpg	NOKEY	MAX	NOKEY
1446580825634	0	lts_1103L_17_01	17	01	1	107	0	0	0	CR	MAX	Acaterpilla11.jpg	Acaterpilla11.jpg	NOKEY	MAX	NOKEY
1446580828726	0	lts_1103L_17_01	17	01	1	108	32	1	0	Miss	MAX	32-4/ASEWING.jpg	ASEWING.jpg	NOKEY	MAX	SPACE
1446580831800	0	lts_1103L_17_01	17	01	1	109	0	0	0	CR	MAX	26431414.thl.jpg	26431414.thl.jpg	NOKEY	MAX	NOKEY
1446580834875	0	lts_1103L_17_01	17	01	1	110	0	0	0	CR	MAX	2/APILLS9.jpg	APILLS9.jpg	NOKEY	MAX	NOKEY
1446580837949	0	lts_1103L_17_01	17	01	1	111	0	0	0	CR	MAX	4/ADIPPER6.jpg	ADIPPER6.jpg	NOKEY	MAX	NOKEY
1446580841025	0	lts_1103L_17_01	17	01	1	112	2	1	0	Miss	MAX	2-6/APILLS9.jpg	APILLS9.jpg	NOKEY	MAX	SPACE
1446580844099	0	lts_1103L_17_01	17	01	1	113	0	0	0	CR	MAX	8/Abuilding116.jpg	Abuilding116.jpg	NOKEY	MAX	NOKEY
1446580847190	0	lts_1103L_17_01	17	01	1	114	0	0	0	CR	MAX	26465344.thl.jpg	26465344.thl.jpg	NOKEY	MAX	NOKEY
1446580850265	0	lts_1103L_17_01	17	01	1	115	4	1	0	Miss	MAX	4-8/ADIPPER6.jpg	ADIPPER6.jpg	NOKEY	MAX	SPACE
1446580852437	0	lts_1103L_17_01	17	01	1	116	0	0	1	FA	1694	Adriedleaf.jpg	Adriedleaf.jpg	SPACE	1737	NOKEY
1446580855528	0	lts_1103L_17_01	17	01	1	117	0	0	0	CR	MAX	AHEADSET.jpg	AHEADSET.jpg	NOKEY	MAX	NOKEY
1446580858618	0	lts_1103L_17_01	17	01	1	118	0	0	0	CR	MAX	10049193.thl.jpg	10049193.thl.jpg	NOKEY	MAX	NOKEY
1446580861710	0	lts_1103L_17_01	17	01	1	119	0	0	0	CR	MAX	AMINICYM6.jpg	AMINICYM6.jpg	NOKEY	MAX	NOKEY
1446580864784	0	lts_1103L_17_01	17	01	1	120	0	0	0	CR	MAX	AWASHPART.jpg	AWASHPART.jpg	NOKEY	MAX	NOKEY
1446580867859	0	lts_1103L_17_01	17	01	1	121	8	1	0	Miss	MAX	8-first/Abuilding116.jpg	Abuilding116.jpg	NOKEY	MAX	SPACE
1446580870933	0	lts_1103L_17_01	17	01	1	122	0	0	0	CR	MAX	AGLASSBA4.jpg	AGLASSBA4.jpg	NOKEY	MAX	NOKEY
1446580874009	0	lts_1103L_17_01	17	01	1	123	0	0	0	CR	MAX	ASCREW7.jpg	ASCREW7.jpg	NOKEY	MAX	NOKEY
1446580875061	0	lts_1103L_17_01	17	01	1	124	32	1	1	Hit	580	32-2/AGARDHOSE.jpg	AGARDHOSE.jpg	SPACE	617	SPACE
1446580878136	0	lts_1103L_17_01	17	01	1	125	0	0	0	CR	MAX	32/Atoyservices2.jpg	Atoyservices2.jpg	NOKEY	MAX	NOKEY
1446580881210	0	lts_1103L_17_01	17	01	1	126	0	0	0	CR	MAX	34936916.thl.jpg	34936916.thl.jpg	NOKEY	MAX	NOKEY
1446580882696	0	lts_1103L_17_01	17	01	1	127	0	0	1	FA	989	16/catsl60.jpg	catsl60.jpg	SPACE	1036	NOKEY
1446580885788	0	lts_1103L_17_01	17	01	1	128	0	0	0	CR	MAX	Afox3.jpg	Afox3.jpg	NOKEY	MAX	NOKEY
1446580888879	0	lts_1103L_17_01	17	01	1	129	0	0	0	CR	MAX	16/AMEDEQUI9.jpg	AMEDEQUI9.jpg	NOKEY	MAX	NOKEY
1446580891953	0	lts_1103L_17_01	17	01	1	130	0	0	0	CR	MAX	26437074.thl.jpg	26437074.thl.jpg	NOKEY	MAX	NOKEY
1446580895029	0	lts_1103L_17_01	17	01	1	131	0	0	0	CR	MAX	26424440.thl.jpg	26424440.thl.jpg	NOKEY	MAX	NOKEY
1446580898103	0	lts_1103L_17_01	17	01	1	132	0	0	0	CR	MAX	ABACCAMEL.jpg	ABACCAMEL.jpg	NOKEY	MAX	NOKEY
1446580901178	0	lts_1103L_17_01	17	01	1	133	0	0	0	CR	MAX	2/FJVWL.jpg	FJVWL.jpg	NOKEY	MAX	NOKEY
1446580904252	0	lts_1103L_17_01	17	01	1	134	0	0	0	CR	MAX	outdoorheater.jpg	outdoorheater.jpg	NOKEY	MAX	NOKEY
1446580907327	0	lts_1103L_17_01	17	01	1	135	2	1	0	Miss	MAX	2-3/FJVWL.jpg	FJVWL.jpg	NOKEY	MAX	SPACE
1446580910418	0	lts_1103L_17_01	17	01	1	136	0	0	0	CR	MAX	128/22855536.thl.jpg	22855536.thl.jpg	NOKEY	MAX	NOKEY
1446580913492	0	lts_1103L_17_01	17	01	1	137	16	1	0	Miss	MAX	16-mul/Abuilding116.jpg	Abuilding116.jpg	NOKEY	MAX	SPACE
1446580915214	0	lts_1103L_17_01	17	01	1	138	0	0	1	FA	1219	2/promdress.jpg	promdress.jpg	SPACE	1269	NOKEY
1446580918288	0	lts_1103L_17_01	17	01	1	139	0	0	0	CR	MAX	26432607.thl.jpg	26432607.thl.jpg	NOKEY	MAX	NOKEY
1446580919508	0	lts_1103L_17_01	17	01	1	140	2	1	1	Hit	737	2-12/promdress.jpg	promdress.jpg	SPACE	785	SPACE
1446580922582	0	lts_1103L_17_01	17	01	1	141	0	0	0	CR	MAX	AANTLION2.jpg	AANTLION2.jpg	NOKEY	MAX	NOKEY
1446580925672	0	lts_1103L_17_01	17	01	1	142	0	0	0	CR	MAX	26374158.thl.jpg	26374158.thl.jpg	NOKEY	MAX	NOKEY
1446580928430	0	lts_1103L_17_01	17	01	1	143	16	1	1	Hit	2278	16-first/catsl60.jpg	catsl60.jpg	SPACE	2324	SPACE
1446580931522	0	lts_1103L_17_01	17	01	1	144	0	0	0	CR	MAX	Atoywheels.jpg	Atoywheels.jpg	NOKEY	MAX	NOKEY
1446580934596	0	lts_1103L_17_01	17	01	1	145	16	1	0	Miss	MAX	16-first/AMEDEQUI9.jpg	AMEDEQUI9.jpg	NOKEY	MAX	SPACE
1446580937703	0	lts_1103L_17_01	17	01	1	146	0	0	0	CR	MAX	ATEETH7.jpg	ATEETH7.jpg	NOKEY	MAX	NOKEY
1446580940778	0	lts_1103L_17_01	17	01	1	147	2	1	0	Miss	MAX	2-mul/AMEDEQUI9.jpg	AMEDEQUI9.jpg	NOKEY	MAX	SPACE
1446580943869	0	lts_1103L_17_01	17	01	1	148	0	0	0	CR	MAX	Amilkcrate2.jpg	Amilkcrate2.jpg	NOKEY	MAX	NOKEY
1446580946960	0	lts_1103L_17_01	17	01	1	149	0	0	0	CR	MAX	128/Ashoeform2.jpg	Ashoeform2.jpg	NOKEY	MAX	NOKEY
1446580950036	0	lts_1103L_17_01	17	01	1	150	0	0	0	CR	MAX	64/catslmifru.jpg	catslmifru.jpg	NOKEY	MAX	NOKEY
1446580953110	0	lts_1103L_17_01	17	01	1	151	0	0	0	CR	MAX	26387587.thl.jpg	26387587.thl.jpg	NOKEY	MAX	NOKEY
1446580956201	0	lts_1103L_17_01	17	01	1	152	0	0	0	CR	MAX	AAFRICIN2.jpg	AAFRICIN2.jpg	NOKEY	MAX	NOKEY
1446580959276	0	lts_1103L_17_01	17	01	1	153	0	0	0	CR	MAX	Aacarthatsbe2.jpg	Aacarthatsbe2.jpg	NOKEY	MAX	NOKEY
1446580962367	0	lts_1103L_17_01	17	01	1	154	0	0	0	CR	MAX	Awoodplaner2.jpg	Awoodplaner2.jpg	NOKEY	MAX	NOKEY
1446580965441	0	lts_1103L_17_01	17	01	1	155	00	1	0	Miss	MAX	00-across/AANTHAT2.jpg	AANTHAT2.jpg	NOKEY	MAX	SPACE
1446580968516	0	lts_1103L_17_01	17	01	1	156	0	0	0	CR	MAX	ACUSHIO60.jpg	ACUSHIO60.jpg	NOKEY	MAX	NOKEY
1446580971590	0	lts_1103L_17_01	17	01	1	157	32	1	0	Miss	MAX	32-9/Atoyservices2.jpg	Atoyservices2.jpg	NOKEY	MAX	SPACE
1446580974681	0	lts_1103L_17_01	17	01	1	158	0	0	0	CR	MAX	Aalmond4.jpg	Aalmond4.jpg	NOKEY	MAX	NOKEY
1446580977755	0	lts_1103L_17_01	17	01	1	159	16	1	0	Miss	MAX	16-mul/catsl60.jpg	catsl60.jpg	NOKEY	MAX	SPACE
1446580980830	0	lts_1103L_17_01	17	01	1	160	0	0	0	CR	MAX	AGHOST.jpg	AGHOST.jpg	NOKEY	MAX	NOKEY
1446580982218	0	lts_1103L_17_01	17	01	1	161	0	0	1	FA	891	128/Ahawk3.jpg	Ahawk3.jpg	SPACE	936	NOKEY
1446580984806	0	lts_1103L_17_01	17	01	1	162	0	0	1	FA	2110	AWODSPOON.jpg	AWODSPOON.jpg	SPACE	2155	NOKEY
1446580987881	0	lts_1103L_17_01	17	01	1	163	00	1	0	Miss	MAX	00-across/ATRIUMPH3.jpg	ATRIUMPH3.jpg	NOKEY	MAX	SPACE
1446580990972	0	lts_1103L_17_01	17	01	1	164	0	0	0	CR	MAX	4/Aspinningwhe2.jpg	Aspinningwhe2.jpg	NOKEY	MAX	NOKEY
1446580994048	0	lts_1103L_17_01	17	01	1	165	128	1	0	Miss	MAX	128-0/Abox80.jpg	Abox80.jpg	NOKEY	MAX	SPACE
1446580997139	0	lts_1103L_17_01	17	01	1	166	0	0	0	CR	MAX	8/26441176.thl.jpg	26441176.thl.jpg	NOKEY	MAX	NOKEY
1446581000230	0	lts_1103L_17_01	17	01	1	167	0	0	0	CR	MAX	petfood.jpg	petfood.jpg	NOKEY	MAX	NOKEY
1446581003304	0	lts_1103L_17_01	17	01	1	168	4	1	0	Miss	MAX	4-11/Aspinningwhe2.jpg	Aspinningwhe2.jpg	NOKEY	MAX	SPACE
1446581006379	0	lts_1103L_17_01	17	01	1	169	0	0	0	CR	MAX	E_statue.jpg	E_statue.jpg	NOKEY	MAX	NOKEY
1446581009453	0	lts_1103L_17_01	17	01	1	170	0	0	0	CR	MAX	AHYPONEE3.jpg	AHYPONEE3.jpg	NOKEY	MAX	NOKEY
1446581012528	0	lts_1103L_17_01	17	01	1	171	0	0	0	CR	MAX	ABLACKNEC.jpg	ABLACKNEC.jpg	NOKEY	MAX	NOKEY
1446581015618	0	lts_1103L_17_01	17	01	1	172	0	0	0	CR	MAX	64/AARMCHA25.jpg	AARMCHA25.jpg	NOKEY	MAX	NOKEY
1446581018693	0	lts_1103L_17_01	17	01	1	173	0	0	0	CR	MAX	16/APOKCHIP4.jpg	APOKCHIP4.jpg	NOKEY	MAX	NOKEY
1446581021767	0	lts_1103L_17_01	17	01	1	174	8	1	0	Miss	MAX	8-first/26441176.thl.jpg	26441176.thl.jpg	NOKEY	MAX	SPACE
1446581024858	0	lts_1103L_17_01	17	01	1	175	0	0	0	CR	MAX	ACHANGDIS.jpg	ACHANGDIS.jpg	NOKEY	MAX	NOKEY
1446581026363	0	lts_1103L_17_01	17	01	1	176	2	1	1	Hit	1025	2-mul/26441176.thl.jpg	26441176.thl.jpg	SPACE	1069	SPACE
1446581029438	0	lts_1103L_17_01	17	01	1	177	0	0	0	CR	MAX	26467443.thl.jpg	26467443.thl.jpg	NOKEY	MAX	NOKEY
1446581032512	0	lts_1103L_17_01	17	01	1	178	0	0	0	CR	MAX	AEXPERIM3.jpg	AEXPERIM3.jpg	NOKEY	MAX	NOKEY
1446581035587	0	lts_1103L_17_01	17	01	1	179	0	0	0	CR	MAX	8/8252065.thl.jpg	8252065.thl.jpg	NOKEY	MAX	NOKEY
1446581038694	0	lts_1103L_17_01	17	01	1	180	0	0	0	CR	MAX	AOPGLASS.jpg	AOPGLASS.jpg	NOKEY	MAX	NOKEY
1446581041785	0	lts_1103L_17_01	17	01	1	181	0	0	0	CR	MAX	1/8249141.thl.jpg	8249141.thl.jpg	NOKEY	MAX	NOKEY
1446581044859	0	lts_1103L_17_01	17	01	1	182	1	1	0	Miss	MAX	1-8/8249141.thl.jpg	8249141.thl.jpg	NOKEY	MAX	SPACE
1446581047934	0	lts_1103L_17_01	17	01	1	183	0	0	0	CR	MAX	ABROOCH41.jpg	ABROOCH41.jpg	NOKEY	MAX	NOKEY
1446581051026	0	lts_1103L_17_01	17	01	1	184	0	0	0	CR	MAX	1/22949719.thl.jpg	22949719.thl.jpg	NOKEY	MAX	NOKEY
1446581054101	0	lts_1103L_17_01	17	01	1	185	1	1	0	Miss	MAX	1-5/22949719.thl.jpg	22949719.thl.jpg	NOKEY	MAX	SPACE
1446581057192	0	lts_1103L_17_01	17	01	1	186	0	0	0	CR	MAX	16/launmower.jpg	launmower.jpg	NOKEY	MAX	NOKEY
1446581060266	0	lts_1103L_17_01	17	01	1	187	8	1	0	Miss	MAX	8-first/8252065.thl.jpg	8252065.thl.jpg	NOKEY	MAX	SPACE
1446581063341	0	lts_1103L_17_01	17	01	1	188	0	0	0	CR	MAX	26370651.thm.jpg	26370651.thm.jpg	NOKEY	MAX	NOKEY
1446581066415	0	lts_1103L_17_01	17	01	1	189	16	1	0	Miss	MAX	16-1/APOKCHIP4.jpg	APOKCHIP4.jpg	NOKEY	MAX	SPACE
1446581069490	0	lts_1103L_17_01	17	01	1	190	0	0	0	CR	MAX	ACAESALAD.jpg	ACAESALAD.jpg	NOKEY	MAX	NOKEY
1446581072564	0	lts_1103L_17_01	17	01	1	191	4	1	0	Miss	MAX	4-mul/8252065.thl.jpg	8252065.thl.jpg	NOKEY	MAX	SPACE
1446581075654	0	lts_1103L_17_01	17	01	1	192	0	0	0	CR	MAX	2/26370116.thl.jpg	26370116.thl.jpg	NOKEY	MAX	NOKEY
1446581078729	0	lts_1103L_17_01	17	01	1	193	0	0	0	CR	MAX	AANGLE.jpg	AANGLE.jpg	NOKEY	MAX	NOKEY
1446581081803	0	lts_1103L_17_01	17	01	1	194	2	1	0	Miss	MAX	2-4/26370116.thl.jpg	26370116.thl.jpg	NOKEY	MAX	SPACE
1446581084895	0	lts_1103L_17_01	17	01	1	195	0	0	0	CR	MAX	26379161.thl.jpg	26379161.thl.jpg	NOKEY	MAX	NOKEY
1446581088004	0	lts_1103L_17_01	17	01	1	196	0	0	0	CR	MAX	Atoypanda.jpg	Atoypanda.jpg	NOKEY	MAX	NOKEY
1446581091078	0	lts_1103L_17_01	17	01	1	197	0	0	0	CR	MAX	workbench.jpg	workbench.jpg	NOKEY	MAX	NOKEY
1446581094169	0	lts_1103L_17_01	17	01	1	198	0	0	0	CR	MAX	Amannequin2.jpg	Amannequin2.jpg	NOKEY	MAX	NOKEY
1446581097244	0	lts_1103L_17_01	17	01	1	199	0	0	0	CR	MAX	32/26377133.thl.jpg	26377133.thl.jpg	NOKEY	MAX	NOKEY
1446581098747	0	lts_1103L_17_01	17	01	1	200	0	0	1	FA	1032	AANTFRYI2.jpg	AANTFRYI2.jpg	SPACE	1069	NOKEY
1446581101838	0	lts_1103L_17_01	17	01	1	201	0	0	0	CR	MAX	AFORKLIF2.jpg	AFORKLIF2.jpg	NOKEY	MAX	NOKEY
1446581104495	0	lts_1103L_17_01	17	01	1	202	16	1	1	Hit	2183	16-first/launmower.jpg	launmower.jpg	SPACE	2224	SPACE
1446581107603	0	lts_1103L_17_01	17	01	1	203	0	0	0	CR	MAX	Abellows4.jpg	Abellows4.jpg	NOKEY	MAX	NOKEY
1446581110694	0	lts_1103L_17_01	17	01	1	204	0	0	0	CR	MAX	AHOSPCAR3.jpg	AHOSPCAR3.jpg	NOKEY	MAX	NOKEY
1446581113785	0	lts_1103L_17_01	17	01	1	205	0	0	0	CR	MAX	Apeanut3.jpg	Apeanut3.jpg	NOKEY	MAX	NOKEY
1446581115073	0	lts_1103L_17_01	17	01	1	206	4	1	1	Hit	803	4-mul/launmower.jpg	launmower.jpg	SPACE	853	SPACE
1446581118147	0	lts_1103L_17_01	17	01	1	207	0	0	0	CR	MAX	64/ADRESSE14.jpg	ADRESSE14.jpg	NOKEY	MAX	NOKEY
1446581119683	0	lts_1103L_17_01	17	01	1	208	0	0	1	FA	1039	Ababybottle15.jpg	Ababybottle15.jpg	SPACE	1086	NOKEY
1446581122774	0	lts_1103L_17_01	17	01	1	209	0	0	0	CR	MAX	16/Aturban.jpg	Aturban.jpg	NOKEY	MAX	NOKEY
1446581125866	0	lts_1103L_17_01	17	01	1	210	0	0	0	CR	MAX	26418207.thl.jpg	26418207.thl.jpg	NOKEY	MAX	NOKEY
1446581128974	0	lts_1103L_17_01	17	01	1	211	0	0	0	CR	MAX	cowboywagon.jpg	cowboywagon.jpg	NOKEY	MAX	NOKEY
1446581132066	0	lts_1103L_17_01	17	01	1	212	0	0	0	CR	MAX	gun.jpg	gun.jpg	NOKEY	MAX	NOKEY
1446581135157	0	lts_1103L_17_01	17	01	1	213	0	0	0	CR	MAX	Atoyboxwithb2.jpg	Atoyboxwithb2.jpg	NOKEY	MAX	NOKEY
1446581136343	0	lts_1103L_17_01	17	01	1	214	64	1	1	Hit	714	64-first/catslmifru.jpg	catslmifru.jpg	SPACE	751	SPACE
1446581139418	0	lts_1103L_17_01	17	01	1	215	0	0	0	CR	MAX	ACAMLENSE.jpg	ACAMLENSE.jpg	NOKEY	MAX	NOKEY
1446581142492	0	lts_1103L_17_01	17	01	1	216	128	1	0	Miss	MAX	128-4/Atoybucketan4.jpg	Atoybucketan4.jpg	NOKEY	MAX	SPACE
1446581145583	0	lts_1103L_17_01	17	01	1	217	0	0	0	CR	MAX	AASPHEQUA.jpg	AASPHEQUA.jpg	NOKEY	MAX	NOKEY
1446581148674	0	lts_1103L_17_01	17	01	1	218	4	1	0	Miss	MAX	4-mul/catslmifru.jpg	catslmifru.jpg	NOKEY	MAX	SPACE
1446581149994	0	lts_1103L_17_01	17	01	1	219	0	0	1	FA	838	4/ABELLTRE2.jpg	ABELLTRE2.jpg	SPACE	887	NOKEY
1446581153069	0	lts_1103L_17_01	17	01	1	220	0	0	0	CR	MAX	26772824.thl.jpg	26772824.thl.jpg	NOKEY	MAX	NOKEY
1446581156227	0	lts_1103L_17_01	17	01	1	221	0	0	0	CR	MAX	23014831.thl.jpg	23014831.thl.jpg	NOKEY	MAX	NOKEY
1446581159318	0	lts_1103L_17_01	17	01	1	222	0	0	0	CR	MAX	128/ABLACKB14.jpg	ABLACKB14.jpg	NOKEY	MAX	NOKEY
1446581162393	0	lts_1103L_17_01	17	01	1	223	4	1	0	Miss	MAX	4-3/ABELLTRE2.jpg	ABELLTRE2.jpg	NOKEY	MAX	SPACE
1446581165484	0	lts_1103L_17_01	17	01	1	224	0	0	0	CR	MAX	Apaperclipsin.jpg	Apaperclipsin.jpg	NOKEY	MAX	NOKEY
1446581166703	0	lts_1103L_17_01	17	01	1	225	16	1	1	Hit	740	16-first/Aturban.jpg	Aturban.jpg	SPACE	785	SPACE
1446581169777	0	lts_1103L_17_01	17	01	1	226	0	0	0	CR	MAX	clawhairclips.jpg	clawhairclips.jpg	NOKEY	MAX	NOKEY
1446581172852	0	lts_1103L_17_01	17	01	1	227	0	0	0	CR	MAX	Aboot9.jpg	Aboot9.jpg	NOKEY	MAX	NOKEY
1446581175926	0	lts_1103L_17_01	17	01	1	228	0	0	0	CR	MAX	APEPPSHA4.jpg	APEPPSHA4.jpg	NOKEY	MAX	NOKEY
1446581177064	0	lts_1103L_17_01	17	01	1	229	4	1	1	Hit	660	4-mul/Aturban.jpg	Aturban.jpg	SPACE	702	SPACE
1446581180155	0	lts_1103L_17_01	17	01	1	230	0	0	0	CR	MAX	AANTOAST3.jpg	AANTOAST3.jpg	NOKEY	MAX	NOKEY
1446581183229	0	lts_1103L_17_01	17	01	1	231	32	1	0	Miss	MAX	32-7/26377133.thl.jpg	26377133.thl.jpg	NOKEY	MAX	SPACE
1446581186304	0	lts_1103L_17_01	17	01	1	232	0	0	0	CR	MAX	1/APLASCONT.jpg	APLASCONT.jpg	NOKEY	MAX	NOKEY
1446581187656	0	lts_1103L_17_01	17	01	1	233	1	1	1	Hit	884	1-7/APLASCONT.jpg	APLASCONT.jpg	SPACE	919	SPACE
1446581190748	0	lts_1103L_17_01	17	01	1	234	0	0	0	CR	MAX	8/Abowloffruit5.jpg	Abowloffruit5.jpg	NOKEY	MAX	NOKEY
1446581193839	0	lts_1103L_17_01	17	01	1	235	0	0	0	CR	MAX	hairbarette.jpg	hairbarette.jpg	NOKEY	MAX	NOKEY
1446581196913	0	lts_1103L_17_01	17	01	1	236	64	1	0	Miss	MAX	64-first/AARMCHA25.jpg	AARMCHA25.jpg	NOKEY	MAX	SPACE
1446581200005	0	lts_1103L_17_01	17	01	1	237	0	0	0	CR	MAX	AGLASSCON.jpg	AGLASSCON.jpg	NOKEY	MAX	NOKEY
1446581203080	0	lts_1103L_17_01	17	01	1	238	2	1	0	Miss	MAX	2-mul/AARMCHA25.jpg	AARMCHA25.jpg	NOKEY	MAX	SPACE
1446581206154	0	lts_1103L_17_01	17	01	1	239	0	0	0	CR	MAX	26375899.thl.jpg	26375899.thl.jpg	NOKEY	MAX	NOKEY
1446581209245	0	lts_1103L_17_01	17	01	1	240	0	0	0	CR	MAX	64/Acrayonsinabo.jpg	Acrayonsinabo.jpg	NOKEY	MAX	NOKEY
1446581212320	0	lts_1103L_17_01	17	01	1	241	0	0	0	CR	MAX	ACHILDISH.jpg	ACHILDISH.jpg	NOKEY	MAX	NOKEY
1446581215394	0	lts_1103L_17_01	17	01	1	242	8	1	0	Miss	MAX	8-first/Abowloffruit5.jpg	Abowloffruit5.jpg	NOKEY	MAX	SPACE
1446581218469	0	lts_1103L_17_01	17	01	1	243	0	0	0	CR	MAX	AJUG3.jpg	AJUG3.jpg	NOKEY	MAX	NOKEY
1446581221093	0	lts_1103L_17_01	17	01	1	244	0	0	1	FA	2152	8/AHOSPBED.jpg	AHOSPBED.jpg	SPACE	2187	NOKEY
1446581224167	0	lts_1103L_17_01	17	01	1	245	0	0	0	CR	MAX	Atintelephone.jpg	Atintelephone.jpg	NOKEY	MAX	NOKEY
1446581225219	0	lts_1103L_17_01	17	01	1	246	4	1	1	Hit	581	4-mul/Abowloffruit5.jpg	Abowloffruit5.jpg	SPACE	618	SPACE
1446581228311	0	lts_1103L_17_01	17	01	1	247	0	0	0	CR	MAX	ARICE2.jpg	ARICE2.jpg	NOKEY	MAX	NOKEY
1446581231385	0	lts_1103L_17_01	17	01	1	248	0	0	0	CR	MAX	ACOCONUT2.jpg	ACOCONUT2.jpg	NOKEY	MAX	NOKEY
1446581232855	0	lts_1103L_17_01	17	01	1	249	00	1	1	Hit	999	00-across/ASLED7.jpg	ASLED7.jpg	SPACE	1036	SPACE
1446581235946	0	lts_1103L_17_01	17	01	1	250	0	0	0	CR	MAX	AGRILL3.jpg	AGRILL3.jpg	NOKEY	MAX	NOKEY
1446581239021	0	lts_1103L_17_01	17	01	1	251	0	0	0	CR	MAX	AREDBEAN5.jpg	AREDBEAN5.jpg	NOKEY	MAX	NOKEY
1446581240141	0	lts_1103L_17_01	17	01	1	252	8	1	1	Hit	634	8-first/AHOSPBED.jpg	AHOSPBED.jpg	SPACE	684	SPACE
1446581243232	0	lts_1103L_17_01	17	01	1	253	0	0	0	CR	MAX	4/Acactusfruit.jpg	Acactusfruit.jpg	NOKEY	MAX	NOKEY
1446581244268	0	lts_1103L_17_01	17	01	1	254	2	1	1	Hit	550	2-mul/AHOSPBED.jpg	AHOSPBED.jpg	SPACE	601	SPACE
1446581247359	0	lts_1103L_17_01	17	01	1	255	0	0	0	CR	MAX	snowflake.jpg	snowflake.jpg	NOKEY	MAX	NOKEY
1446581250450	0	lts_1103L_17_01	17	01	1	256	0	0	0	CR	MAX	4/8026084.thl.jpg	8026084.thl.jpg	NOKEY	MAX	NOKEY
1446581251470	0	lts_1103L_17_01	17	01	1	257	4	1	1	Hit	548	4-7/Acactusfruit.jpg	Acactusfruit.jpg	SPACE	585	SPACE
1446581254544	0	lts_1103L_17_01	17	01	1	258	0	0	0	CR	MAX	64/ABREAD.jpg	ABREAD.jpg	NOKEY	MAX	NOKEY
1446581257618	0	lts_1103L_17_01	17	01	1	259	0	0	0	CR	MAX	ACEREAL.jpg	ACEREAL.jpg	NOKEY	MAX	NOKEY
1446581260692	0	lts_1103L_17_01	17	01	1	260	4	1	0	Miss	MAX	4-1/8026084.thl.jpg	8026084.thl.jpg	NOKEY	MAX	SPACE
1446581263784	0	lts_1103L_17_01	17	01	1	261	0	0	0	CR	MAX	mangosplitter.jpg	mangosplitter.jpg	NOKEY	MAX	NOKEY
1446581266875	0	lts_1103L_17_01	17	01	1	262	0	0	0	CR	MAX	26423812.thl.jpg	26423812.thl.jpg	NOKEY	MAX	NOKEY
1446581269966	0	lts_1103L_17_01	17	01	1	263	0	0	0	CR	MAX	AGARBAGE.jpg	AGARBAGE.jpg	NOKEY	MAX	NOKEY
1446581273042	0	lts_1103L_17_01	17	01	1	264	128	1	0	Miss	MAX	128-5/22855536.thl.jpg	22855536.thl.jpg	NOKEY	MAX	SPACE
1446581276116	0	lts_1103L_17_01	17	01	1	265	0	0	0	CR	MAX	AICEAXE2.jpg	AICEAXE2.jpg	NOKEY	MAX	NOKEY
1446581279207	0	lts_1103L_17_01	17	01	1	266	0	0	0	CR	MAX	16/retainertheeth.jpg	retainertheeth.jpg	NOKEY	MAX	NOKEY
1446581282281	0	lts_1103L_17_01	17	01	1	267	0	0	0	CR	MAX	2/makeuppowder.jpg	makeuppowder.jpg	NOKEY	MAX	NOKEY
1446581285373	0	lts_1103L_17_01	17	01	1	268	0	0	0	CR	MAX	ACHAIR.jpg	ACHAIR.jpg	NOKEY	MAX	NOKEY
1446581288447	0	lts_1103L_17_01	17	01	1	269	2	1	0	Miss	MAX	2-9/makeuppowder.jpg	makeuppowder.jpg	NOKEY	MAX	SPACE
1446581291538	0	lts_1103L_17_01	17	01	1	270	0	0	0	CR	MAX	AANTCABL2.jpg	AANTCABL2.jpg	NOKEY	MAX	NOKEY
1446581292924	0	lts_1103L_17_01	17	01	1	271	64	1	1	Hit	911	64-first/ADRESSE14.jpg	ADRESSE14.jpg	SPACE	952	SPACE
1446581295999	0	lts_1103L_17_01	17	01	1	272	0	0	0	CR	MAX	sntslrc.jpg	sntslrc.jpg	NOKEY	MAX	NOKEY
1446581299074	0	lts_1103L_17_01	17	01	1	273	0	0	0	CR	MAX	23014927.thl.jpg	23014927.thl.jpg	NOKEY	MAX	NOKEY
1446581301263	0	lts_1103L_17_01	17	01	1	274	0	0	1	FA	1713	22826448.thl.jpg	22826448.thl.jpg	SPACE	1753	NOKEY
1446581304354	0	lts_1103L_17_01	17	01	1	275	0	0	0	CR	MAX	16/Amatplate.jpg	Amatplate.jpg	NOKEY	MAX	NOKEY
1446581307446	0	lts_1103L_17_01	17	01	1	276	0	0	0	CR	MAX	128/AONETOAST.jpg	AONETOAST.jpg	NOKEY	MAX	NOKEY
1446581308582	0	lts_1103L_17_01	17	01	1	277	128	1	1	Hit	656	128-6/Ashoeform2.jpg	Ashoeform2.jpg	SPACE	702	SPACE
1446581311655	0	lts_1103L_17_01	17	01	1	278	0	0	0	CR	MAX	Abottleopener.jpg	Abottleopener.jpg	NOKEY	MAX	NOKEY
1446581314747	0	lts_1103L_17_01	17	01	1	279	0	0	0	CR	MAX	sphinx.jpg	sphinx.jpg	NOKEY	MAX	NOKEY
1446581317821	0	lts_1103L_17_01	17	01	1	280	0	0	0	CR	MAX	16/Adicecupandb5.jpg	Adicecupandb5.jpg	NOKEY	MAX	NOKEY
1446581320896	0	lts_1103L_17_01	17	01	1	281	0	0	0	CR	MAX	ABLOODCEA.jpg	ABLOODCEA.jpg	NOKEY	MAX	NOKEY
1446581323970	0	lts_1103L_17_01	17	01	1	282	16	1	0	Miss	MAX	16-first/retainertheeth.jpg	retainertheeth.jpg	NOKEY	MAX	SPACE
1446581327062	0	lts_1103L_17_01	17	01	1	283	0	0	0	CR	MAX	Atoychameleo2.jpg	Atoychameleo2.jpg	NOKEY	MAX	NOKEY
1446581330137	0	lts_1103L_17_01	17	01	1	284	2	1	0	Miss	MAX	2-mul/retainertheeth.jpg	retainertheeth.jpg	NOKEY	MAX	SPACE
1446581333211	0	lts_1103L_17_01	17	01	1	285	0	0	0	CR	MAX	26688546.thl.jpg	26688546.thl.jpg	NOKEY	MAX	NOKEY
1446581336302	0	lts_1103L_17_01	17	01	1	286	0	0	0	CR	MAX	Aextensionco8.jpg	Aextensionco8.jpg	NOKEY	MAX	NOKEY
1446581337388	0	lts_1103L_17_01	17	01	1	287	16	1	1	Hit	614	16-mul/ADRESSE14.jpg	ADRESSE14.jpg	SPACE	651	SPACE
1446581340463	0	lts_1103L_17_01	17	01	1	288	0	0	0	CR	MAX	Atoyball.jpg	Atoyball.jpg	NOKEY	MAX	NOKEY
1446581343537	0	lts_1103L_17_01	17	01	1	289	128	1	0	Miss	MAX	128-3/Ahawk3.jpg	Ahawk3.jpg	NOKEY	MAX	SPACE
1446581346628	0	lts_1103L_17_01	17	01	1	290	0	0	0	CR	MAX	Arunningshoe4.jpg	Arunningshoe4.jpg	NOKEY	MAX	NOKEY
1446581349702	0	lts_1103L_17_01	17	01	1	291	16	1	0	Miss	MAX	16-0/Amatplate.jpg	Amatplate.jpg	NOKEY	MAX	SPACE
1446581352777	0	lts_1103L_17_01	17	01	1	292	0	0	0	CR	MAX	128/Achest20.jpg	Achest20.jpg	NOKEY	MAX	NOKEY
1446581355851	0	lts_1103L_17_01	17	01	1	293	0	0	0	CR	MAX	1/Aexercisemac4.jpg	Aexercisemac4.jpg	NOKEY	MAX	NOKEY
1446581358926	0	lts_1103L_17_01	17	01	1	294	1	1	0	Miss	MAX	1-9/Aexercisemac4.jpg	Aexercisemac4.jpg	NOKEY	MAX	SPACE
1446581362018	0	lts_1103L_17_01	17	01	1	295	0	0	0	CR	MAX	AADDBOOK.jpg	AADDBOOK.jpg	NOKEY	MAX	NOKEY
1446581365092	0	lts_1103L_17_01	17	01	1	296	16	1	0	Miss	MAX	16-first/Adicecupandb5.jpg	Adicecupandb5.jpg	NOKEY	MAX	SPACE
1446581368167	0	lts_1103L_17_01	17	01	1	297	0	0	0	CR	MAX	ACUTPIN.jpg	ACUTPIN.jpg	NOKEY	MAX	NOKEY
1446581369803	0	lts_1103L_17_01	17	01	1	298	00	1	1	Hit	1161	00-across/Aheadlightan2.jpg	Aheadlightan2.jpg	SPACE	1203	SPACE
1446581371141	0	lts_1103L_17_01	17	01	1	299	0	0	1	FA	864	Achair618.jpg	Achair618.jpg	SPACE	902	NOKEY
1446581372478	0	lts_1103L_17_01	17	01	1	300	4	1	1	Hit	852	4-mul/Adicecupandb5.jpg	Adicecupandb5.jpg	SPACE	903	SPACE
1446581375552	0	lts_1103L_17_01	17	01	1	301	0	0	0	CR	MAX	Agaspump3.jpg	Agaspump3.jpg	NOKEY	MAX	NOKEY
1446581377958	0	lts_1103L_17_01	17	01	1	302	0	0	1	FA	1909	26427609.thl.jpg	26427609.thl.jpg	SPACE	1955	NOKEY
1446581381050	0	lts_1103L_17_01	17	01	1	303	0	0	0	CR	MAX	ASATELLIT.jpg	ASATELLIT.jpg	NOKEY	MAX	NOKEY
1446581384124	0	lts_1103L_17_01	17	01	1	304	64	1	0	Miss	MAX	64-first/Acrayonsinabo.jpg	Acrayonsinabo.jpg	NOKEY	MAX	SPACE
1446581387215	0	lts_1103L_17_01	17	01	1	305	0	0	0	CR	MAX	AWOODBOX3.jpg	AWOODBOX3.jpg	NOKEY	MAX	NOKEY
1446581390290	0	lts_1103L_17_01	17	01	1	306	0	0	0	CR	MAX	quiche.jpg	quiche.jpg	NOKEY	MAX	NOKEY
1446581393381	0	lts_1103L_17_01	17	01	1	307	0	0	0	CR	MAX	AMUSIHORN.jpg	AMUSIHORN.jpg	NOKEY	MAX	NOKEY
1446581394617	0	lts_1103L_17_01	17	01	1	308	4	1	1	Hit	760	4-mul/Acrayonsinabo.jpg	Acrayonsinabo.jpg	SPACE	801	SPACE
1446581396722	0	lts_1103L_17_01	17	01	1	309	0	0	1	FA	1632	AFRUIT2.jpg	AFRUIT2.jpg	SPACE	1672	NOKEY
1446581399813	0	lts_1103L_17_01	17	01	1	310	0	0	0	CR	MAX	32/Achildtoy2.jpg	Achildtoy2.jpg	NOKEY	MAX	NOKEY
1446581402905	0	lts_1103L_17_01	17	01	1	311	0	0	0	CR	MAX	hottub.jpg	hottub.jpg	NOKEY	MAX	NOKEY
1446581405996	0	lts_1103L_17_01	17	01	1	312	0	0	0	CR	MAX	8/AORIENBOW.jpg	AORIENBOW.jpg	NOKEY	MAX	NOKEY
1446581409088	0	lts_1103L_17_01	17	01	1	313	0	0	0	CR	MAX	Abandage3.jpg	Abandage3.jpg	NOKEY	MAX	NOKEY
1446581412162	0	lts_1103L_17_01	17	01	1	314	0	0	0	CR	MAX	64/Aflamingo4.jpg	Aflamingo4.jpg	NOKEY	MAX	NOKEY
1446581415253	0	lts_1103L_17_01	17	01	1	315	0	0	0	CR	MAX	32/23025307.thl.jpg	23025307.thl.jpg	NOKEY	MAX	NOKEY
1446581418345	0	lts_1103L_17_01	17	01	1	316	0	0	0	CR	MAX	Ascrewmount.jpg	Ascrewmount.jpg	NOKEY	MAX	NOKEY
1446581421419	0	lts_1103L_17_01	17	01	1	317	0	0	0	CR	MAX	Aclimbingtool.jpg	Aclimbingtool.jpg	NOKEY	MAX	NOKEY
1446581424494	0	lts_1103L_17_01	17	01	1	318	0	0	0	CR	MAX	Atoybird10.jpg	Atoybird10.jpg	NOKEY	MAX	NOKEY
1446581427585	0	lts_1103L_17_01	17	01	1	319	0	0	0	CR	MAX	Askirt3.jpg	Askirt3.jpg	NOKEY	MAX	NOKEY
1446581430658	0	lts_1103L_17_01	17	01	1	320	8	1	0	Miss	MAX	8-first/AORIENBOW.jpg	AORIENBOW.jpg	NOKEY	MAX	SPACE
1446581433750	0	lts_1103L_17_01	17	01	1	321	0	0	0	CR	MAX	Acatheter.jpg	Acatheter.jpg	NOKEY	MAX	NOKEY
1446581434903	0	lts_1103L_17_01	17	01	1	322	64	1	1	Hit	658	64-first/ABREAD.jpg	ABREAD.jpg	SPACE	703	SPACE
1446581438012	0	lts_1103L_17_01	17	01	1	323	0	0	0	CR	MAX	1/Astroboscope5.jpg	Astroboscope5.jpg	NOKEY	MAX	NOKEY
1446581439081	0	lts_1103L_17_01	17	01	1	324	1	1	1	Hit	592	1-10/Astroboscope5.jpg	Astroboscope5.jpg	SPACE	634	SPACE
1446581442155	0	lts_1103L_17_01	17	01	1	325	0	0	0	CR	MAX	Ataperecorde4.jpg	Ataperecorde4.jpg	NOKEY	MAX	NOKEY
1446581443124	0	lts_1103L_17_01	17	01	1	326	4	1	1	Hit	497	4-mul/ABREAD.jpg	ABREAD.jpg	SPACE	534	SPACE
1446581446199	0	lts_1103L_17_01	17	01	1	327	0	0	0	CR	MAX	26379430.thl.jpg	26379430.thl.jpg	NOKEY	MAX	NOKEY
1446581449273	0	lts_1103L_17_01	17	01	1	328	0	0	0	CR	MAX	AOLIVE.jpg	AOLIVE.jpg	NOKEY	MAX	NOKEY
1446581452365	0	lts_1103L_17_01	17	01	1	329	0	0	0	CR	MAX	8063317.thl.jpg	8063317.thl.jpg	NOKEY	MAX	NOKEY
1446581455456	0	lts_1103L_17_01	17	01	1	330	0	0	0	CR	MAX	1/ASALTPEPP.jpg	ASALTPEPP.jpg	NOKEY	MAX	NOKEY
1446581458530	0	lts_1103L_17_01	17	01	1	331	1	1	0	Miss	MAX	1-13/ASALTPEPP.jpg	ASALTPEPP.jpg	NOKEY	MAX	SPACE
1446581461621	0	lts_1103L_17_01	17	01	1	332	0	0	0	CR	MAX	2/D_golfcart.jpg	D_golfcart.jpg	NOKEY	MAX	NOKEY
1446581464695	0	lts_1103L_17_01	17	01	1	333	0	0	0	CR	MAX	ignitionkey01.jpg	ignitionkey01.jpg	NOKEY	MAX	NOKEY
1446581465698	0	lts_1103L_17_01	17	01	1	334	2	1	1	Hit	528	2-2/D_golfcart.jpg	D_golfcart.jpg	SPACE	569	SPACE
1446581468789	0	lts_1103L_17_01	17	01	1	335	0	0	0	CR	MAX	64/AFIRSTA15.jpg	AFIRSTA15.jpg	NOKEY	MAX	NOKEY
1446581469959	0	lts_1103L_17_01	17	01	1	336	16	1	1	Hit	676	16-mul/AORIENBOW.jpg	AORIENBOW.jpg	SPACE	720	SPACE
1446581473051	0	lts_1103L_17_01	17	01	1	337	0	0	0	CR	MAX	AKNIFECOL.jpg	AKNIFECOL.jpg	NOKEY	MAX	NOKEY
1446581476125	0	lts_1103L_17_01	17	01	1	338	0	0	0	CR	MAX	1/AFUNNEL4.jpg	AFUNNEL4.jpg	NOKEY	MAX	NOKEY
1446581479199	0	lts_1103L_17_01	17	01	1	339	1	1	0	Miss	MAX	1-1/AFUNNEL4.jpg	AFUNNEL4.jpg	NOKEY	MAX	SPACE
1446581482291	0	lts_1103L_17_01	17	01	1	340	0	0	0	CR	MAX	16/Ababycup2.jpg	Ababycup2.jpg	NOKEY	MAX	NOKEY
1446581485365	0	lts_1103L_17_01	17	01	1	341	0	0	0	CR	MAX	ball8.JPG	ball8.JPG	NOKEY	MAX	NOKEY
1446581488189	0	lts_1103L_17_01	17	01	1	342	32	1	1	Hit	2345	32-8/Achildtoy2.jpg	Achildtoy2.jpg	SPACE	2388	SPACE
1446581491263	0	lts_1103L_17_01	17	01	1	343	0	0	0	CR	MAX	1/AFERRY5.jpg	AFERRY5.jpg	NOKEY	MAX	NOKEY
1446581492249	0	lts_1103L_17_01	17	01	1	344	1	1	1	Hit	515	1-3/AFERRY5.jpg	AFERRY5.jpg	SPACE	551	SPACE
1446581495341	0	lts_1103L_17_01	17	01	1	345	0	0	0	CR	MAX	64/26372690.thl.jpg	26372690.thl.jpg	NOKEY	MAX	NOKEY
1446581498415	0	lts_1103L_17_01	17	01	1	346	0	0	0	CR	MAX	APEELER.jpg	APEELER.jpg	NOKEY	MAX	NOKEY
1446581501490	0	lts_1103L_17_01	17	01	1	347	32	1	0	Miss	MAX	32-3/23025307.thl.jpg	23025307.thl.jpg	NOKEY	MAX	SPACE
1446581504581	0	lts_1103L_17_01	17	01	1	348	0	0	0	CR	MAX	piece.jpg	piece.jpg	NOKEY	MAX	NOKEY
1446581507654	0	lts_1103L_17_01	17	01	1	349	0	0	0	CR	MAX	32/ACAMPFIRE.jpg	ACAMPFIRE.jpg	NOKEY	MAX	NOKEY
1446581510729	0	lts_1103L_17_01	17	01	1	350	128	1	0	Miss	MAX	128-1/ABLACKB14.jpg	ABLACKB14.jpg	NOKEY	MAX	SPACE
1446581513820	0	lts_1103L_17_01	17	01	1	351	0	0	0	CR	MAX	Avideocamera2.jpg	Avideocamera2.jpg	NOKEY	MAX	NOKEY
1446581516895	0	lts_1103L_17_01	17	01	1	352	0	0	0	CR	MAX	22887480.thl.jpg	22887480.thl.jpg	NOKEY	MAX	NOKEY
1446581519969	0	lts_1103L_17_01	17	01	1	353	0	0	0	CR	MAX	AGRILL1.jpg	AGRILL1.jpg	NOKEY	MAX	NOKEY
1446581523045	0	lts_1103L_17_01	17	01	1	354	0	0	0	CR	MAX	32/Aappleonsca14.jpg	Aappleonsca14.jpg	NOKEY	MAX	NOKEY
1446581526119	0	lts_1103L_17_01	17	01	1	355	0	0	0	CR	MAX	ABAGGROCE.jpg	ABAGGROCE.jpg	NOKEY	MAX	NOKEY
1446581529193	0	lts_1103L_17_01	17	01	1	356	16	1	0	Miss	MAX	16-first/Ababycup2.jpg	Ababycup2.jpg	NOKEY	MAX	SPACE
1446581532268	0	lts_1103L_17_01	17	01	1	357	0	0	0	CR	MAX	26375702.thl.jpg	26375702.thl.jpg	NOKEY	MAX	NOKEY
1446581535342	0	lts_1103L_17_01	17	01	1	358	0	0	0	CR	MAX	8/Apurse83.jpg	Apurse83.jpg	NOKEY	MAX	NOKEY
1446581538434	0	lts_1103L_17_01	17	01	1	359	0	0	0	CR	MAX	2/AAGATE.jpg	AAGATE.jpg	NOKEY	MAX	NOKEY
1446581541525	0	lts_1103L_17_01	17	01	1	360	0	0	0	CR	MAX	AGIFTBOX8.jpg	AGIFTBOX8.jpg	NOKEY	MAX	NOKEY
1446581544600	0	lts_1103L_17_01	17	01	1	361	2	1	0	Miss	MAX	2-7/AAGATE.jpg	AAGATE.jpg	NOKEY	MAX	SPACE
1446581547673	0	lts_1103L_17_01	17	01	1	362	0	0	0	CR	MAX	Aknife92.jpg	Aknife92.jpg	NOKEY	MAX	NOKEY
1446581550764	0	lts_1103L_17_01	17	01	1	363	0	0	0	CR	MAX	1/Acamcorde.jpg	Acamcorde.jpg	NOKEY	MAX	NOKEY
1446581553105	0	lts_1103L_17_01	17	01	1	364	1	1	1	Hit	1854	1-0/Acamcorde.jpg	Acamcorde.jpg	SPACE	1905	SPACE
1446581556179	0	lts_1103L_17_01	17	01	1	365	0	0	0	CR	MAX	4/AROOSTERP.jpg	AROOSTERP.jpg	NOKEY	MAX	NOKEY
1446581559253	0	lts_1103L_17_01	17	01	1	366	8	1	0	Miss	MAX	8-2/Apurse83.jpg	Apurse83.jpg	NOKEY	MAX	SPACE
1446581562328	0	lts_1103L_17_01	17	01	1	367	0	0	0	CR	MAX	Abladetablesa.jpg	Abladetablesa.jpg	NOKEY	MAX	NOKEY
1446581565419	0	lts_1103L_17_01	17	01	1	368	0	0	0	CR	MAX	lollipops.jpg	lollipops.jpg	NOKEY	MAX	NOKEY
1446581568494	0	lts_1103L_17_01	17	01	1	369	4	1	0	Miss	MAX	4-0/AROOSTERP.jpg	AROOSTERP.jpg	NOKEY	MAX	SPACE
1446581571585	0	lts_1103L_17_01	17	01	1	370	0	0	0	CR	MAX	Ainstrument3.jpg	Ainstrument3.jpg	NOKEY	MAX	NOKEY
1446581574658	0	lts_1103L_17_01	17	01	1	371	0	0	0	CR	MAX	Acane116.jpg	Acane116.jpg	NOKEY	MAX	NOKEY
1446581577733	0	lts_1103L_17_01	17	01	1	372	16	1	0	Miss	MAX	16-mul/Ababycup2.jpg	Ababycup2.jpg	NOKEY	MAX	SPACE
1446581580824	0	lts_1103L_17_01	17	01	1	373	0	0	0	CR	MAX	8080484.thl.jpg	8080484.thl.jpg	NOKEY	MAX	NOKEY
1446581583915	0	lts_1103L_17_01	17	01	1	374	0	0	0	CR	MAX	1/Adog71.jpg	Adog71.jpg	NOKEY	MAX	NOKEY
1446581585052	0	lts_1103L_17_01	17	01	1	375	1	1	1	Hit	657	1-11/Adog71.jpg	Adog71.jpg	SPACE	702	SPACE
1446581588143	0	lts_1103L_17_01	17	01	1	376	0	0	0	CR	MAX	AELECSAW.jpg	AELECSAW.jpg	NOKEY	MAX	NOKEY
1446581591218	0	lts_1103L_17_01	17	01	1	377	0	0	0	CR	MAX	confettipopper.jpg	confettipopper.jpg	NOKEY	MAX	NOKEY
1446581594293	0	lts_1103L_17_01	17	01	1	378	64	1	0	Miss	MAX	64-first/Aflamingo4.jpg	Aflamingo4.jpg	NOKEY	MAX	SPACE
1446581597384	0	lts_1103L_17_01	17	01	1	379	0	0	0	CR	MAX	64/ASTEPPER.jpg	ASTEPPER.jpg	NOKEY	MAX	NOKEY
1446581600475	0	lts_1103L_17_01	17	01	1	380	0	0	0	CR	MAX	AHONEY.jpg	AHONEY.jpg	NOKEY	MAX	NOKEY
1446581603550	0	lts_1103L_17_01	17	01	1	381	32	1	0	Miss	MAX	32-5/ACAMPFIRE.jpg	ACAMPFIRE.jpg	NOKEY	MAX	SPACE
1446581606623	0	lts_1103L_17_01	17	01	1	382	0	0	0	CR	MAX	8/AGOLDCUP6.jpg	AGOLDCUP6.jpg	NOKEY	MAX	NOKEY
1446581609714	0	lts_1103L_17_01	17	01	1	383	0	0	0	CR	MAX	vatslheart.jpg	vatslheart.jpg	NOKEY	MAX	NOKEY
1446581612806	0	lts_1103L_17_01	17	01	1	384	0	0	0	CR	MAX	ACEILHOOK.jpg	ACEILHOOK.jpg	NOKEY	MAX	NOKEY
1446581615880	0	lts_1103L_17_01	17	01	1	385	0	0	0	CR	MAX	ADANGEAR5.jpg	ADANGEAR5.jpg	NOKEY	MAX	NOKEY
1446581618955	0	lts_1103L_17_01	17	01	1	386	32	1	0	Miss	MAX	32-0/Aappleonsca14.jpg	Aappleonsca14.jpg	NOKEY	MAX	SPACE
1446581622046	0	lts_1103L_17_01	17	01	1	387	0	0	0	CR	MAX	ANUTS2.jpg	ANUTS2.jpg	NOKEY	MAX	NOKEY
1446581625121	0	lts_1103L_17_01	17	01	1	388	00	1	0	Miss	MAX	00-across/Acliplatch.jpg	Acliplatch.jpg	NOKEY	MAX	SPACE
1446581628212	0	lts_1103L_17_01	17	01	1	389	0	0	0	CR	MAX	hotgreenpepper.jpg	hotgreenpepper.jpg	NOKEY	MAX	NOKEY
1446581631287	0	lts_1103L_17_01	17	01	1	390	8	1	0	Miss	MAX	8-1/AGOLDCUP6.jpg	AGOLDCUP6.jpg	NOKEY	MAX	SPACE
1446581634361	0	lts_1103L_17_01	17	01	1	391	0	0	0	CR	MAX	8245419.thl.jpg	8245419.thl.jpg	NOKEY	MAX	NOKEY
1446581637436	0	lts_1103L_17_01	17	01	1	392	0	0	0	CR	MAX	23044458.thl.jpg	23044458.thl.jpg	NOKEY	MAX	NOKEY
1446581640510	0	lts_1103L_17_01	17	01	1	393	0	0	0	CR	MAX	4/26420830.thl.jpg	26420830.thl.jpg	NOKEY	MAX	NOKEY
1446581641612	0	lts_1103L_17_01	17	01	1	394	16	1	1	Hit	632	16-mul/Aflamingo4.jpg	Aflamingo4.jpg	SPACE	668	SPACE
1446581644704	0	lts_1103L_17_01	17	01	1	395	0	0	0	CR	MAX	26374798.thl.jpg	26374798.thl.jpg	NOKEY	MAX	NOKEY
1446581647778	0	lts_1103L_17_01	17	01	1	396	0	0	0	CR	MAX	ice.jpg	ice.jpg	NOKEY	MAX	NOKEY
1446581648864	0	lts_1103L_17_01	17	01	1	397	4	1	1	Hit	617	4-5/26420830.thl.jpg	26420830.thl.jpg	SPACE	652	SPACE
1446581651955	0	lts_1103L_17_01	17	01	1	398	0	0	0	CR	MAX	26372669.thl.jpg	26372669.thl.jpg	NOKEY	MAX	NOKEY
1446581655031	0	lts_1103L_17_01	17	01	1	399	64	1	0	Miss	MAX	64-first/AFIRSTA15.jpg	AFIRSTA15.jpg	NOKEY	MAX	SPACE
1446581658105	0	lts_1103L_17_01	17	01	1	400	0	0	0	CR	MAX	Astool76.jpg	Astool76.jpg	NOKEY	MAX	NOKEY
1446581659408	0	lts_1103L_17_01	17	01	1	401	2	1	1	Hit	824	2-mul/AFIRSTA15.jpg	AFIRSTA15.jpg	SPACE	868	SPACE
1446581662483	0	lts_1103L_17_01	17	01	1	402	0	0	0	CR	MAX	AGLASSTAB.jpg	AGLASSTAB.jpg	NOKEY	MAX	NOKEY
1446581665558	0	lts_1103L_17_01	17	01	1	403	0	0	0	CR	MAX	4/AEMERGLI4.jpg	AEMERGLI4.jpg	NOKEY	MAX	NOKEY
1446581668631	0	lts_1103L_17_01	17	01	1	404	128	1	0	Miss	MAX	128-2/AONETOAST.jpg	AONETOAST.jpg	NOKEY	MAX	SPACE
1446581671255	0	lts_1103L_17_01	17	01	1	405	0	0	1	FA	2113	Abasket108.jpg	Abasket108.jpg	SPACE	2156	NOKEY
1446581674330	0	lts_1103L_17_01	17	01	1	406	0	0	0	CR	MAX	AINCENSE4.jpg	AINCENSE4.jpg	NOKEY	MAX	NOKEY
1446581675416	0	lts_1103L_17_01	17	01	1	407	4	1	1	Hit	600	4-2/AEMERGLI4.jpg	AEMERGLI4.jpg	SPACE	651	SPACE
1446581678507	0	lts_1103L_17_01	17	01	1	408	0	0	0	CR	MAX	26391079.thl.jpg	26391079.thl.jpg	NOKEY	MAX	NOKEY
1446581681582	0	lts_1103L_17_01	17	01	1	409	64	1	0	Miss	MAX	64-first/26372690.thl.jpg	26372690.thl.jpg	NOKEY	MAX	SPACE
1446581684672	0	lts_1103L_17_01	17	01	1	410	0	0	0	CR	MAX	22857516.thl.jpg	22857516.thl.jpg	NOKEY	MAX	NOKEY
1446581687763	0	lts_1103L_17_01	17	01	1	411	0	0	0	CR	MAX	1/ALAB13.jpg	ALAB13.jpg	NOKEY	MAX	NOKEY
1446581690838	0	lts_1103L_17_01	17	01	1	412	1	1	0	Miss	MAX	1-2/ALAB13.jpg	ALAB13.jpg	NOKEY	MAX	SPACE
1446581693945	0	lts_1103L_17_01	17	01	1	413	0	0	0	CR	MAX	Ahandbag55.jpg	Ahandbag55.jpg	NOKEY	MAX	NOKEY
1446581697037	0	lts_1103L_17_01	17	01	1	414	0	0	0	CR	MAX	2/26687944.thl.jpg	26687944.thl.jpg	NOKEY	MAX	NOKEY
1446581700129	0	lts_1103L_17_01	17	01	1	415	0	0	0	CR	MAX	26370445.thl.jpg	26370445.thl.jpg	NOKEY	MAX	NOKEY
1446581703203	0	lts_1103L_17_01	17	01	1	416	2	1	0	Miss	MAX	2-10/26687944.thl.jpg	26687944.thl.jpg	NOKEY	MAX	SPACE
1446581706295	0	lts_1103L_17_01	17	01	1	417	0	0	0	CR	MAX	1/Anailpolish.jpg	Anailpolish.jpg	NOKEY	MAX	NOKEY
1446581709369	0	lts_1103L_17_01	17	01	1	418	1	1	0	Miss	MAX	1-6/Anailpolish.jpg	Anailpolish.jpg	NOKEY	MAX	SPACE
1446581712460	0	lts_1103L_17_01	17	01	1	419	0	0	0	CR	MAX	AMELODEON.jpg	AMELODEON.jpg	NOKEY	MAX	NOKEY
1446581715535	0	lts_1103L_17_01	17	01	1	420	128	1	0	Miss	MAX	128-7/Achest20.jpg	Achest20.jpg	NOKEY	MAX	SPACE
1446581718608	0	lts_1103L_17_01	17	01	1	421	0	0	0	CR	MAX	26432175.thl.jpg	26432175.thl.jpg	NOKEY	MAX	NOKEY
1446581721700	0	lts_1103L_17_01	17	01	1	422	0	0	0	CR	MAX	AGRATER.jpg	AGRATER.jpg	NOKEY	MAX	NOKEY
1446581724791	0	lts_1103L_17_01	17	01	1	423	0	0	0	CR	MAX	16/Acomputerdriv.jpg	Acomputerdriv.jpg	NOKEY	MAX	NOKEY
1446581727865	0	lts_1103L_17_01	17	01	1	424	0	0	0	CR	MAX	AVIOLINCO.jpg	AVIOLINCO.jpg	NOKEY	MAX	NOKEY
1446581730940	0	lts_1103L_17_01	17	01	1	425	16	1	0	Miss	MAX	16-mul/26372690.thl.jpg	26372690.thl.jpg	NOKEY	MAX	SPACE
1446581734032	0	lts_1103L_17_01	17	01	1	426	0	0	0	CR	MAX	2/26376346.thl.jpg	26376346.thl.jpg	NOKEY	MAX	NOKEY
1446581737106	0	lts_1103L_17_01	17	01	1	427	0	0	0	CR	MAX	ADEEPFRYS.jpg	ADEEPFRYS.jpg	NOKEY	MAX	NOKEY
1446581740181	0	lts_1103L_17_01	17	01	1	428	2	1	0	Miss	MAX	2-8/26376346.thl.jpg	26376346.thl.jpg	NOKEY	MAX	SPACE
1446581743272	0	lts_1103L_17_01	17	01	1	429	0	0	0	CR	MAX	AANTRAD24.jpg	AANTRAD24.jpg	NOKEY	MAX	NOKEY
1446581746363	0	lts_1103L_17_01	17	01	1	430	0	0	0	CR	MAX	2/Abicycleodome.jpg	Abicycleodome.jpg	NOKEY	MAX	NOKEY
1446581749454	0	lts_1103L_17_01	17	01	1	431	0	0	0	CR	MAX	Abananasundae.jpg	Abananasundae.jpg	NOKEY	MAX	NOKEY
1446581752529	0	lts_1103L_17_01	17	01	1	432	2	1	0	Miss	MAX	2-13/Abicycleodome.jpg	Abicycleodome.jpg	NOKEY	MAX	SPACE
1446581755619	0	lts_1103L_17_01	17	01	1	433	0	0	0	CR	MAX	Arubberworksh.jpg	Arubberworksh.jpg	NOKEY	MAX	NOKEY
1446581758694	0	lts_1103L_17_01	17	01	1	434	0	0	0	CR	MAX	Apostalscale2.jpg	Apostalscale2.jpg	NOKEY	MAX	NOKEY
1446581761785	0	lts_1103L_17_01	17	01	1	435	0	0	0	CR	MAX	Ascientifice6.jpg	Ascientifice6.jpg	NOKEY	MAX	NOKEY
1446581764876	0	lts_1103L_17_01	17	01	1	436	0	0	0	CR	MAX	26426803.thl.jpg	26426803.thl.jpg	NOKEY	MAX	NOKEY
1446581767950	0	lts_1103L_17_01	17	01	1	437	0	0	0	CR	MAX	Abackpack11.jpg	Abackpack11.jpg	NOKEY	MAX	NOKEY
1446581771026	0	lts_1103L_17_01	17	01	1	438	0	0	0	CR	MAX	26424075.thl.jpg	26424075.thl.jpg	NOKEY	MAX	NOKEY
1446581774100	0	lts_1103L_17_01	17	01	1	439	16	1	0	Miss	MAX	16-first/Acomputerdriv.jpg	Acomputerdriv.jpg	NOKEY	MAX	SPACE
1446581777175	0	lts_1103L_17_01	17	01	1	440	0	0	0	CR	MAX	ABLLIGHTB.jpg	ABLLIGHTB.jpg	NOKEY	MAX	NOKEY
1446581780250	0	lts_1103L_17_01	17	01	1	441	2	1	0	Miss	MAX	2-mul/Acomputerdriv.jpg	Acomputerdriv.jpg	NOKEY	MAX	SPACE
1446581783341	0	lts_1103L_17_01	17	01	1	442	0	0	0	CR	MAX	26282515.thl.jpg	26282515.thl.jpg	NOKEY	MAX	NOKEY
1446581786415	0	lts_1103L_17_01	17	01	1	443	64	1	0	Miss	MAX	64-first/ASTEPPER.jpg	ASTEPPER.jpg	NOKEY	MAX	SPACE
1446581789506	0	lts_1103L_17_01	17	01	1	444	0	0	0	CR	MAX	stickersparty.jpg	stickersparty.jpg	NOKEY	MAX	NOKEY
1446581792581	0	lts_1103L_17_01	17	01	1	445	2	1	0	Miss	MAX	2-mul/ASTEPPER.jpg	ASTEPPER.jpg	NOKEY	MAX	SPACE
1446581795671	0	lts_1103L_17_01	17	01	1	446	0	0	0	CR	MAX	ABARREL3.jpg	ABARREL3.jpg	NOKEY	MAX	NOKEY
1446581798746	0	lts_1103L_17_01	17	01	1	447	0	0	0	CR	MAX	1/AFILM.jpg	AFILM.jpg	NOKEY	MAX	NOKEY
1446581801820	0	lts_1103L_17_01	17	01	1	448	1	1	0	Miss	MAX	1-4/AFILM.jpg	AFILM.jpg	NOKEY	MAX	SPACE
1446581804911	0	lts_1103L_17_01	17	01	1	449	0	0	0	CR	MAX	Astreetlampwi.jpg	Astreetlampwi.jpg	NOKEY	MAX	NOKEY
1446581848151	0	E	Logging Ends
