1443797806569	0	B	Logging Begins
1443797938248	0	lts_1002I_02_01	02	01	0	0	0	0	0	CR	MAX	cd2-a.jpg	cd2-a.jpg	NOKEY	MAX	NOKEY
1443797941324	0	lts_1002I_02_01	02	01	0	1	0	0	0	CR	MAX	APARKMET6.jpg	APARKMET6.jpg	NOKEY	MAX	NOKEY
1443797944400	0	lts_1002I_02_01	02	01	0	2	0	0	0	CR	MAX	ASCALE30.jpg	ASCALE30.jpg	NOKEY	MAX	NOKEY
1443797947493	0	lts_1002I_02_01	02	01	0	3	0	0	0	CR	MAX	26434233.thl.jpg	26434233.thl.jpg	NOKEY	MAX	NOKEY
1443797950569	0	lts_1002I_02_01	02	01	0	4	0	0	0	CR	MAX	26465824.thl.jpg	26465824.thl.jpg	NOKEY	MAX	NOKEY
1443797953645	0	lts_1002I_02_01	02	01	0	5	0	0	0	CR	MAX	4/Asharktoy.jpg	Asharktoy.jpg	NOKEY	MAX	NOKEY
1443797956721	0	lts_1002I_02_01	02	01	0	6	0	0	0	CR	MAX	kotsltd.jpg	kotsltd.jpg	NOKEY	MAX	NOKEY
1443797959814	0	lts_1002I_02_01	02	01	0	7	0	0	0	CR	MAX	Astamp23.jpg	Astamp23.jpg	NOKEY	MAX	NOKEY
1443797962906	0	lts_1002I_02_01	02	01	0	8	0	0	0	CR	MAX	22911500.thl.jpg	22911500.thl.jpg	NOKEY	MAX	NOKEY
1443797963992	0	lts_1002I_02_01	02	01	0	9	4	1	1	Hit	607	4-0/Asharktoy.jpg	Asharktoy.jpg	SPACE	653	SPACE
1443797967069	0	lts_1002I_02_01	02	01	0	10	0	0	0	CR	MAX	AMIXER.jpg	AMIXER.jpg	NOKEY	MAX	NOKEY
1443797970162	0	lts_1002I_02_01	02	01	0	11	0	0	0	CR	MAX	AWREATH9.jpg	AWREATH9.jpg	NOKEY	MAX	NOKEY
1443797973238	0	lts_1002I_02_01	02	01	0	12	0	0	0	CR	MAX	Arunningshoe4.jpg	Arunningshoe4.jpg	NOKEY	MAX	NOKEY
1443797976331	0	lts_1002I_02_01	02	01	0	13	0	0	0	CR	MAX	Amountaingoa2.jpg	Amountaingoa2.jpg	NOKEY	MAX	NOKEY
1443797979424	0	lts_1002I_02_01	02	01	0	14	0	0	0	CR	MAX	64/26375702.thl.jpg	26375702.thl.jpg	NOKEY	MAX	NOKEY
1443797982517	0	lts_1002I_02_01	02	01	0	15	0	0	0	CR	MAX	8080484.thl.jpg	8080484.thl.jpg	NOKEY	MAX	NOKEY
1443797985609	0	lts_1002I_02_01	02	01	0	16	0	0	0	CR	MAX	shavingcream01.jpg	shavingcream01.jpg	NOKEY	MAX	NOKEY
1443797988685	0	lts_1002I_02_01	02	01	0	17	0	0	0	CR	MAX	AELECTHE4.jpg	AELECTHE4.jpg	NOKEY	MAX	NOKEY
1443797991761	0	lts_1002I_02_01	02	01	0	18	0	0	0	CR	MAX	Ablanket2.jpg	Ablanket2.jpg	NOKEY	MAX	NOKEY
1443797994854	0	lts_1002I_02_01	02	01	0	19	0	0	0	CR	MAX	Apotboilinge2.jpg	Apotboilinge2.jpg	NOKEY	MAX	NOKEY
1443797997929	0	lts_1002I_02_01	02	01	0	20	0	0	0	CR	MAX	gymbars.jpg	gymbars.jpg	NOKEY	MAX	NOKEY
1443798001006	0	lts_1002I_02_01	02	01	0	21	0	0	0	CR	MAX	8/ABLLIGHTB.jpg	ABLLIGHTB.jpg	NOKEY	MAX	NOKEY
1443798004099	0	lts_1002I_02_01	02	01	0	22	0	0	0	CR	MAX	64/Ajar33.jpg	Ajar33.jpg	NOKEY	MAX	NOKEY
1443798007192	0	lts_1002I_02_01	02	01	0	23	0	0	0	CR	MAX	2/ACUTBOAR2.jpg	ACUTBOAR2.jpg	NOKEY	MAX	NOKEY
1443798010285	0	lts_1002I_02_01	02	01	0	24	0	0	0	CR	MAX	948_01.jpg	948_01.jpg	NOKEY	MAX	NOKEY
1443798011204	0	lts_1002I_02_01	02	01	0	25	2	1	1	Hit	439	2-0/ACUTBOAR2.jpg	ACUTBOAR2.jpg	SPACE	485	SPACE
1443798014297	0	lts_1002I_02_01	02	01	0	26	0	0	0	CR	MAX	ABEDROOM8.jpg	ABEDROOM8.jpg	NOKEY	MAX	NOKEY
1443798017373	0	lts_1002I_02_01	02	01	0	27	0	0	0	CR	MAX	ARIBBON9.jpg	ARIBBON9.jpg	NOKEY	MAX	NOKEY
1443798020449	0	lts_1002I_02_01	02	01	0	28	0	0	0	CR	MAX	8/ATUNFORK2.jpg	ATUNFORK2.jpg	NOKEY	MAX	NOKEY
1443798021485	0	lts_1002I_02_01	02	01	0	29	8	1	1	Hit	559	8-first/ABLLIGHTB.jpg	ABLLIGHTB.jpg	SPACE	602	SPACE
1443798024562	0	lts_1002I_02_01	02	01	0	30	0	0	0	CR	MAX	Abinocularca3.jpg	Abinocularca3.jpg	NOKEY	MAX	NOKEY
1443798025531	0	lts_1002I_02_01	02	01	0	31	2	1	1	Hit	495	2-mul/ABLLIGHTB.jpg	ABLLIGHTB.jpg	SPACE	535	SPACE
1443798028607	0	lts_1002I_02_01	02	01	0	32	0	0	0	CR	MAX	AIVORSUIT.jpg	AIVORSUIT.jpg	NOKEY	MAX	NOKEY
1443798031683	0	lts_1002I_02_01	02	01	0	33	0	0	0	CR	MAX	32/ABROKUMBR.jpg	ABROKUMBR.jpg	NOKEY	MAX	NOKEY
1443798034759	0	lts_1002I_02_01	02	01	0	34	0	0	0	CR	MAX	22848828.thl.jpg	22848828.thl.jpg	NOKEY	MAX	NOKEY
1443798037835	0	lts_1002I_02_01	02	01	0	35	0	0	0	CR	MAX	ASTAR.jpg	ASTAR.jpg	NOKEY	MAX	NOKEY
1443798038971	0	lts_1002I_02_01	02	01	0	36	8	1	1	Hit	653	8-first/ATUNFORK2.jpg	ATUNFORK2.jpg	SPACE	702	SPACE
1443798042065	0	lts_1002I_02_01	02	01	0	37	0	0	0	CR	MAX	32/ALIONWALK.jpg	ALIONWALK.jpg	NOKEY	MAX	NOKEY
1443798045158	0	lts_1002I_02_01	02	01	0	38	0	0	0	CR	MAX	26373735.thl.jpg	26373735.thl.jpg	NOKEY	MAX	NOKEY
1443798048251	0	lts_1002I_02_01	02	01	0	39	0	0	0	CR	MAX	kimono.jpg	kimono.jpg	NOKEY	MAX	NOKEY
1443798049270	0	lts_1002I_02_01	02	01	0	40	4	1	1	Hit	550	4-mul/ATUNFORK2.jpg	ATUNFORK2.jpg	SPACE	585	SPACE
1443798052346	0	lts_1002I_02_01	02	01	0	41	0	0	0	CR	MAX	AWEDCOU19.jpg	AWEDCOU19.jpg	NOKEY	MAX	NOKEY
1443798055439	0	lts_1002I_02_01	02	01	0	42	0	0	0	CR	MAX	Acampingcoffe.jpg	Acampingcoffe.jpg	NOKEY	MAX	NOKEY
1443798058532	0	lts_1002I_02_01	02	01	0	43	0	0	0	CR	MAX	4/ANUTS2.jpg	ANUTS2.jpg	NOKEY	MAX	NOKEY
1443798061608	0	lts_1002I_02_01	02	01	0	44	0	0	0	CR	MAX	128/AELECRAZ7.jpg	AELECRAZ7.jpg	NOKEY	MAX	NOKEY
1443798064718	0	lts_1002I_02_01	02	01	0	45	0	0	0	CR	MAX	ASCREEN3.jpg	ASCREEN3.jpg	NOKEY	MAX	NOKEY
1443798067794	0	lts_1002I_02_01	02	01	0	46	0	0	0	CR	MAX	Agarlicclove2.jpg	Agarlicclove2.jpg	NOKEY	MAX	NOKEY
1443798068830	0	lts_1002I_02_01	02	01	0	47	4	1	1	Hit	567	4-1/ANUTS2.jpg	ANUTS2.jpg	SPACE	602	SPACE
1443798071922	0	lts_1002I_02_01	02	01	0	48	0	0	0	CR	MAX	64/26375896.thl.jpg	26375896.thl.jpg	NOKEY	MAX	NOKEY
1443798075016	0	lts_1002I_02_01	02	01	0	49	0	0	0	CR	MAX	Abar8.jpg	Abar8.jpg	NOKEY	MAX	NOKEY
1443798078175	0	lts_1002I_02_01	02	01	0	50	0	0	0	CR	MAX	1/AHCONGADR.jpg	AHCONGADR.jpg	NOKEY	MAX	NOKEY
1443798079128	0	lts_1002I_02_01	02	01	0	51	1	1	1	Hit	467	1-5/AHCONGADR.jpg	AHCONGADR.jpg	SPACE	518	SPACE
1443798082221	0	lts_1002I_02_01	02	01	0	52	0	0	0	CR	MAX	Acamelsculpt2.jpg	Acamelsculpt2.jpg	NOKEY	MAX	NOKEY
1443798085314	0	lts_1002I_02_01	02	01	0	53	0	0	0	CR	MAX	1/Adress6.jpg	Adress6.jpg	NOKEY	MAX	NOKEY
1443798086166	0	lts_1002I_02_01	02	01	0	54	1	1	1	Hit	370	1-8/Adress6.jpg	Adress6.jpg	SPACE	418	SPACE
1443798089259	0	lts_1002I_02_01	02	01	0	55	0	0	0	CR	MAX	Abutterdish.jpg	Abutterdish.jpg	NOKEY	MAX	NOKEY
1443798092352	0	lts_1002I_02_01	02	01	0	56	0	0	0	CR	MAX	AHAMPER.jpg	AHAMPER.jpg	NOKEY	MAX	NOKEY
1443798095428	0	lts_1002I_02_01	02	01	0	57	0	0	0	CR	MAX	Ahotwaterbot2.jpg	Ahotwaterbot2.jpg	NOKEY	MAX	NOKEY
1443798098504	0	lts_1002I_02_01	02	01	0	58	0	0	0	CR	MAX	supersmilefloss.jpg	supersmilefloss.jpg	NOKEY	MAX	NOKEY
1443798101597	0	lts_1002I_02_01	02	01	0	59	0	0	0	CR	MAX	Abucketwithcl.jpg	Abucketwithcl.jpg	NOKEY	MAX	NOKEY
1443798104690	0	lts_1002I_02_01	02	01	0	60	0	0	0	CR	MAX	8079080.thl.jpg	8079080.thl.jpg	NOKEY	MAX	NOKEY
1443798107766	0	lts_1002I_02_01	02	01	0	61	0	0	0	CR	MAX	ABEARIN12.jpg	ABEARIN12.jpg	NOKEY	MAX	NOKEY
1443798110859	0	lts_1002I_02_01	02	01	0	62	0	0	0	CR	MAX	128/AWEDCAK15.jpg	AWEDCAK15.jpg	NOKEY	MAX	NOKEY
1443798113934	0	lts_1002I_02_01	02	01	0	63	0	0	0	CR	MAX	pinkhoodie.jpg	pinkhoodie.jpg	NOKEY	MAX	NOKEY
1443798117011	0	lts_1002I_02_01	02	01	0	64	0	0	0	CR	MAX	ABATHSTE2.jpg	ABATHSTE2.jpg	NOKEY	MAX	NOKEY
1443798118064	0	lts_1002I_02_01	02	01	0	65	32	1	1	Hit	568	32-9/ABROKUMBR.jpg	ABROKUMBR.jpg	SPACE	619	SPACE
1443798121190	0	lts_1002I_02_01	02	01	0	66	0	0	0	CR	MAX	Atropicalpine.jpg	Atropicalpine.jpg	NOKEY	MAX	NOKEY
1443798124283	0	lts_1002I_02_01	02	01	0	67	0	0	0	CR	MAX	128/ALACES4.jpg	ALACES4.jpg	NOKEY	MAX	NOKEY
1443798127359	0	lts_1002I_02_01	02	01	0	68	0	0	0	CR	MAX	petfood.jpg	petfood.jpg	NOKEY	MAX	NOKEY
1443798128446	0	lts_1002I_02_01	02	01	0	69	32	1	1	Hit	607	32-5/ALIONWALK.jpg	ALIONWALK.jpg	SPACE	652	SPACE
1443798131522	0	lts_1002I_02_01	02	01	0	70	0	0	0	CR	MAX	ACURLRIB2.jpg	ACURLRIB2.jpg	NOKEY	MAX	NOKEY
1443798134615	0	lts_1002I_02_01	02	01	0	71	0	0	0	CR	MAX	26379612.thl.jpg	26379612.thl.jpg	NOKEY	MAX	NOKEY
1443798137691	0	lts_1002I_02_01	02	01	0	72	0	0	0	CR	MAX	8257273.thl.jpg	8257273.thl.jpg	NOKEY	MAX	NOKEY
1443798140767	0	lts_1002I_02_01	02	01	0	73	0	0	0	CR	MAX	Lanyard.jpg	Lanyard.jpg	NOKEY	MAX	NOKEY
1443798143843	0	lts_1002I_02_01	02	01	0	74	0	0	0	CR	MAX	1/Aclowguit.jpg	Aclowguit.jpg	NOKEY	MAX	NOKEY
1443798144762	0	lts_1002I_02_01	02	01	0	75	1	1	1	Hit	437	1-13/Aclowguit.jpg	Aclowguit.jpg	SPACE	485	SPACE
1443798147838	0	lts_1002I_02_01	02	01	0	76	0	0	0	CR	MAX	26420979.thl.jpg	26420979.thl.jpg	NOKEY	MAX	NOKEY
1443798150913	0	lts_1002I_02_01	02	01	0	77	0	0	0	CR	MAX	16/ATOASTOV2.jpg	ATOASTOV2.jpg	NOKEY	MAX	NOKEY
1443798151884	0	lts_1002I_02_01	02	01	0	78	64	1	1	Hit	496	64-first/26375702.thl.jpg	26375702.thl.jpg	SPACE	536	SPACE
1443798154992	0	lts_1002I_02_01	02	01	0	79	0	0	0	CR	MAX	AMUSICSH2.jpg	AMUSICSH2.jpg	NOKEY	MAX	NOKEY
1443798158086	0	lts_1002I_02_01	02	01	0	80	0	0	0	CR	MAX	Astackingtoy2.jpg	Astackingtoy2.jpg	NOKEY	MAX	NOKEY
1443798161179	0	lts_1002I_02_01	02	01	0	81	0	0	0	CR	MAX	Aflashlight3.jpg	Aflashlight3.jpg	NOKEY	MAX	NOKEY
1443798162098	0	lts_1002I_02_01	02	01	0	82	4	1	1	Hit	450	4-mul/26375702.thl.jpg	26375702.thl.jpg	SPACE	484	SPACE
1443798165175	0	lts_1002I_02_01	02	01	0	83	0	0	0	CR	MAX	ASLED7.jpg	ASLED7.jpg	NOKEY	MAX	NOKEY
1443798168251	0	lts_1002I_02_01	02	01	0	84	0	0	0	CR	MAX	AAIRPORTC.jpg	AAIRPORTC.jpg	NOKEY	MAX	NOKEY
1443798171327	0	lts_1002I_02_01	02	01	0	85	0	0	0	CR	MAX	16/ABATHTUB3.jpg	ABATHTUB3.jpg	NOKEY	MAX	NOKEY
1443798172380	0	lts_1002I_02_01	02	01	0	86	64	1	1	Hit	573	64-first/Ajar33.jpg	Ajar33.jpg	SPACE	618	SPACE
1443798175456	0	lts_1002I_02_01	02	01	0	87	0	0	0	CR	MAX	32/ACARDFRA2.jpg	ACARDFRA2.jpg	NOKEY	MAX	NOKEY
1443798178532	0	lts_1002I_02_01	02	01	0	88	0	0	0	CR	MAX	128/ALADLE5.jpg	ALADLE5.jpg	NOKEY	MAX	NOKEY
1443798181625	0	lts_1002I_02_01	02	01	0	89	0	0	0	CR	MAX	ACLOGOPE3.jpg	ACLOGOPE3.jpg	NOKEY	MAX	NOKEY
1443798182594	0	lts_1002I_02_01	02	01	0	90	4	1	1	Hit	489	4-mul/Ajar33.jpg	Ajar33.jpg	SPACE	535	SPACE
1443798185704	0	lts_1002I_02_01	02	01	0	91	0	0	0	CR	MAX	ACOWCREAM.jpg	ACOWCREAM.jpg	NOKEY	MAX	NOKEY
1443798188797	0	lts_1002I_02_01	02	01	0	92	0	0	0	CR	MAX	32/Agaspump3.jpg	Agaspump3.jpg	NOKEY	MAX	NOKEY
1443798189750	0	lts_1002I_02_01	02	01	0	93	16	1	1	Hit	471	16-first/ATOASTOV2.jpg	ATOASTOV2.jpg	SPACE	518	SPACE
1443798192842	0	lts_1002I_02_01	02	01	0	94	0	0	0	CR	MAX	2/Aservicedesk.jpg	Aservicedesk.jpg	NOKEY	MAX	NOKEY
1443798195917	0	lts_1002I_02_01	02	01	0	95	0	0	0	CR	MAX	23025535.thl.jpg	23025535.thl.jpg	NOKEY	MAX	NOKEY
1443798197022	0	lts_1002I_02_01	02	01	0	96	2	1	1	Hit	632	2-2/Aservicedesk.jpg	Aservicedesk.jpg	SPACE	670	SPACE
1443798200115	0	lts_1002I_02_01	02	01	0	97	0	0	0	CR	MAX	Apokerchips3.jpg	Apokerchips3.jpg	NOKEY	MAX	NOKEY
1443798203207	0	lts_1002I_02_01	02	01	0	98	0	0	0	CR	MAX	Acandycanesin.jpg	Acandycanesin.jpg	NOKEY	MAX	NOKEY
1443798206300	0	lts_1002I_02_01	02	01	0	99	0	0	0	CR	MAX	26432607.thl.jpg	26432607.thl.jpg	NOKEY	MAX	NOKEY
1443798209376	0	lts_1002I_02_01	02	01	0	100	0	0	0	CR	MAX	32/gymbench.jpg	gymbench.jpg	NOKEY	MAX	NOKEY
1443798210429	0	lts_1002I_02_01	02	01	0	101	16	1	1	Hit	570	16-first/ABATHTUB3.jpg	ABATHTUB3.jpg	SPACE	618	SPACE
1443798213522	0	lts_1002I_02_01	02	01	0	102	0	0	0	CR	MAX	26421382.thl.jpg	26421382.thl.jpg	NOKEY	MAX	NOKEY
1443798216598	0	lts_1002I_02_01	02	01	0	103	0	0	0	CR	MAX	tuxedo.jpg	tuxedo.jpg	NOKEY	MAX	NOKEY
1443798219674	0	lts_1002I_02_01	02	01	0	104	0	0	0	CR	MAX	ABORKEHOR.jpg	ABORKEHOR.jpg	NOKEY	MAX	NOKEY
1443798220677	0	lts_1002I_02_01	02	01	0	105	4	1	1	Hit	531	4-mul/ABATHTUB3.jpg	ABATHTUB3.jpg	SPACE	568	SPACE
1443798223754	0	lts_1002I_02_01	02	01	0	106	0	0	0	CR	MAX	ACLARINE5.jpg	ACLARINE5.jpg	NOKEY	MAX	NOKEY
1443798226863	0	lts_1002I_02_01	02	01	0	107	0	0	0	CR	MAX	Aradio24.jpg	Aradio24.jpg	NOKEY	MAX	NOKEY
1443798229955	0	lts_1002I_02_01	02	01	0	108	0	0	0	CR	MAX	bikewithbasket.jpg	bikewithbasket.jpg	NOKEY	MAX	NOKEY
1443798230974	0	lts_1002I_02_01	02	01	0	109	16	1	1	Hit	549	16-mul/ATOASTOV2.jpg	ATOASTOV2.jpg	SPACE	586	SPACE
1443798234052	0	lts_1002I_02_01	02	01	0	110	0	0	0	CR	MAX	ATEALANT8.jpg	ATEALANT8.jpg	NOKEY	MAX	NOKEY
1443798237144	0	lts_1002I_02_01	02	01	0	111	0	0	0	CR	MAX	22886412.thl.jpg	22886412.thl.jpg	NOKEY	MAX	NOKEY
1443798238164	0	lts_1002I_02_01	02	01	0	112	64	1	1	Hit	546	64-first/26375896.thl.jpg	26375896.thl.jpg	SPACE	585	SPACE
1443798241240	0	lts_1002I_02_01	02	01	0	113	0	0	0	CR	MAX	2/AMOUSWHEE.jpg	AMOUSWHEE.jpg	NOKEY	MAX	NOKEY
1443798244316	0	lts_1002I_02_01	02	01	0	114	0	0	0	CR	MAX	ABROOCH41.jpg	ABROOCH41.jpg	NOKEY	MAX	NOKEY
1443798245336	0	lts_1002I_02_01	02	01	0	115	2	1	1	Hit	548	2-3/AMOUSWHEE.jpg	AMOUSWHEE.jpg	SPACE	584	SPACE
1443798248429	0	lts_1002I_02_01	02	01	0	116	0	0	0	CR	MAX	Avicegriptool.jpg	Avicegriptool.jpg	NOKEY	MAX	NOKEY
1443798251505	0	lts_1002I_02_01	02	01	0	117	0	0	0	CR	MAX	22887144.thl.jpg	22887144.thl.jpg	NOKEY	MAX	NOKEY
1443798254598	0	lts_1002I_02_01	02	01	0	118	0	0	0	CR	MAX	4/Amilk4.jpg	Amilk4.jpg	NOKEY	MAX	NOKEY
1443798255668	0	lts_1002I_02_01	02	01	0	119	32	1	1	Hit	600	32-2/ACARDFRA2.jpg	ACARDFRA2.jpg	SPACE	635	SPACE
1443798258760	0	lts_1002I_02_01	02	01	0	120	0	0	0	CR	MAX	ABARREL3.jpg	ABARREL3.jpg	NOKEY	MAX	NOKEY
1443798261853	0	lts_1002I_02_01	02	01	0	121	0	0	0	CR	MAX	16/Ascrewmount.jpg	Ascrewmount.jpg	NOKEY	MAX	NOKEY
1443798264928	0	lts_1002I_02_01	02	01	0	122	4	1	0	Miss	MAX	4-12/Amilk4.jpg	Amilk4.jpg	NOKEY	MAX	SPACE
1443798268022	0	lts_1002I_02_01	02	01	0	123	0	0	0	CR	MAX	26424087.thl.jpg	26424087.thl.jpg	NOKEY	MAX	NOKEY
1443798269092	0	lts_1002I_02_01	02	01	0	124	32	1	1	Hit	592	32-0/Agaspump3.jpg	Agaspump3.jpg	SPACE	635	SPACE
1443798272168	0	lts_1002I_02_01	02	01	0	125	0	0	0	CR	MAX	8245818.thl.jpg	8245818.thl.jpg	NOKEY	MAX	NOKEY
1443798275261	0	lts_1002I_02_01	02	01	0	126	0	0	0	CR	MAX	23025307.thl.jpg	23025307.thl.jpg	NOKEY	MAX	NOKEY
1443798278354	0	lts_1002I_02_01	02	01	0	127	0	0	0	CR	MAX	AARCHERY.jpg	AARCHERY.jpg	NOKEY	MAX	NOKEY
1443798279290	0	lts_1002I_02_01	02	01	0	128	16	1	1	Hit	463	16-mul/26375896.thl.jpg	26375896.thl.jpg	SPACE	502	SPACE
1443798282383	0	lts_1002I_02_01	02	01	0	129	0	0	0	CR	MAX	1/Ateacherscert.jpg	Ateacherscert.jpg	NOKEY	MAX	NOKEY
1443798283336	0	lts_1002I_02_01	02	01	0	130	1	1	1	Hit	468	1-9/Ateacherscert.jpg	Ateacherscert.jpg	SPACE	517	SPACE
1443798286412	0	lts_1002I_02_01	02	01	0	131	0	0	0	CR	MAX	4/23029830.thl.jpg	23029830.thl.jpg	NOKEY	MAX	NOKEY
1443798287431	0	lts_1002I_02_01	02	01	0	132	32	1	1	Hit	539	32-4/gymbench.jpg	gymbench.jpg	SPACE	585	SPACE
1443798290524	0	lts_1002I_02_01	02	01	0	133	0	0	0	CR	MAX	AGRILL1.jpg	AGRILL1.jpg	NOKEY	MAX	NOKEY
1443798293600	0	lts_1002I_02_01	02	01	0	134	0	0	0	CR	MAX	ALITTERSC.jpg	ALITTERSC.jpg	NOKEY	MAX	NOKEY
1443798294603	0	lts_1002I_02_01	02	01	0	135	4	1	1	Hit	528	4-6/23029830.thl.jpg	23029830.thl.jpg	SPACE	568	SPACE
1443798297696	0	lts_1002I_02_01	02	01	0	136	0	0	0	CR	MAX	Abagofherbs.jpg	Abagofherbs.jpg	NOKEY	MAX	NOKEY
1443798298699	0	lts_1002I_02_01	02	01	0	137	16	1	1	Hit	523	16-first/Ascrewmount.jpg	Ascrewmount.jpg	SPACE	568	SPACE
1443798301775	0	lts_1002I_02_01	02	01	0	138	0	0	0	CR	MAX	AANTTRUCK.jpg	AANTTRUCK.jpg	NOKEY	MAX	NOKEY
1443798302762	0	lts_1002I_02_01	02	01	0	139	2	1	1	Hit	512	2-mul/Ascrewmount.jpg	Ascrewmount.jpg	SPACE	551	SPACE
1443798305838	0	lts_1002I_02_01	02	01	0	140	0	0	0	CR	MAX	darkwador.jpg	darkwador.jpg	NOKEY	MAX	NOKEY
1443798308929	0	lts_1002I_02_01	02	01	0	141	0	0	0	CR	MAX	64/Aantiquevege3.jpg	Aantiquevege3.jpg	NOKEY	MAX	NOKEY
1443798312006	0	lts_1002I_02_01	02	01	0	142	0	0	0	CR	MAX	4/ABIKLIGHT.jpg	ABIKLIGHT.jpg	NOKEY	MAX	NOKEY
1443798315099	0	lts_1002I_02_01	02	01	0	143	0	0	0	CR	MAX	beachtowels.jpg	beachtowels.jpg	NOKEY	MAX	NOKEY
1443798318175	0	lts_1002I_02_01	02	01	0	144	0	0	0	CR	MAX	Afusehousing.jpg	Afusehousing.jpg	NOKEY	MAX	NOKEY
1443798321251	0	lts_1002I_02_01	02	01	0	145	0	0	0	CR	MAX	8027656.thl.jpg	8027656.thl.jpg	NOKEY	MAX	NOKEY
1443798322338	0	lts_1002I_02_01	02	01	0	146	4	1	1	Hit	615	4-2/ABIKLIGHT.jpg	ABIKLIGHT.jpg	SPACE	651	SPACE
1443798325414	0	lts_1002I_02_01	02	01	0	147	0	0	0	CR	MAX	16/ACHINBRB4.jpg	ACHINBRB4.jpg	NOKEY	MAX	NOKEY
1443798328490	0	lts_1002I_02_01	02	01	0	148	0	0	0	CR	MAX	Apitchfork4.jpg	Apitchfork4.jpg	NOKEY	MAX	NOKEY
1443798331566	0	lts_1002I_02_01	02	01	0	149	0	0	0	CR	MAX	26374767.thl.jpg	26374767.thl.jpg	NOKEY	MAX	NOKEY
1443798334642	0	lts_1002I_02_01	02	01	0	150	0	0	0	CR	MAX	4/ASKIHOLD.jpg	ASKIHOLD.jpg	NOKEY	MAX	NOKEY
1443798337735	0	lts_1002I_02_01	02	01	0	151	0	0	0	CR	MAX	Amatplate.jpg	Amatplate.jpg	NOKEY	MAX	NOKEY
1443798340828	0	lts_1002I_02_01	02	01	0	152	0	0	0	CR	MAX	16/AANTCABL2.jpg	AANTCABL2.jpg	NOKEY	MAX	NOKEY
1443798343903	0	lts_1002I_02_01	02	01	0	153	4	1	0	Miss	MAX	4/thumb-mermaidfamilly.jpg	thumb-mermaidfamilly.jpg	NOKEY	MAX	SPACE
1443798345108	0	lts_1002I_02_01	02	01	0	154	4	1	1	Hit	725	4-5/ASKIHOLD.jpg	ASKIHOLD.jpg	SPACE	770	SPACE
1443798348200	0	lts_1002I_02_01	02	01	0	155	0	0	0	CR	MAX	Awheelchair6.jpg	Awheelchair6.jpg	NOKEY	MAX	NOKEY
1443798351276	0	lts_1002I_02_01	02	01	0	156	0	0	0	CR	MAX	Amanatee2.jpg	Amanatee2.jpg	NOKEY	MAX	NOKEY
1443798352997	0	lts_1002I_02_01	02	01	0	157	4	1	1	Hit	1249	4-11/thumb-mermaidfamilly.jpg	thumb-mermaidfamilly.jpg	SPACE	1287	SPACE
1443798356074	0	lts_1002I_02_01	02	01	0	158	0	0	0	CR	MAX	2/AFOOTST11.jpg	AFOOTST11.jpg	NOKEY	MAX	NOKEY
1443798359151	0	lts_1002I_02_01	02	01	0	159	0	0	0	CR	MAX	ABRAIN3.jpg	ABRAIN3.jpg	NOKEY	MAX	NOKEY
1443798360137	0	lts_1002I_02_01	02	01	0	160	2	1	1	Hit	505	2-1/AFOOTST11.jpg	AFOOTST11.jpg	SPACE	552	SPACE
1443798363213	0	lts_1002I_02_01	02	01	0	161	0	0	0	CR	MAX	Aim4ribbo.jpg	Aim4ribbo.jpg	NOKEY	MAX	NOKEY
1443798366306	0	lts_1002I_02_01	02	01	0	162	0	0	0	CR	MAX	airhocckytable.jpg	airhocckytable.jpg	NOKEY	MAX	NOKEY
1443798367392	0	lts_1002I_02_01	02	01	0	163	16	1	1	Hit	614	16-first/ACHINBRB4.jpg	ACHINBRB4.jpg	SPACE	651	SPACE
1443798370468	0	lts_1002I_02_01	02	01	0	164	0	0	0	CR	MAX	2/Atoy57.jpg	Atoy57.jpg	NOKEY	MAX	NOKEY
1443798373544	0	lts_1002I_02_01	02	01	0	165	0	0	0	CR	MAX	ASUNBOX5.jpg	ASUNBOX5.jpg	NOKEY	MAX	NOKEY
1443798374464	0	lts_1002I_02_01	02	01	0	166	2	1	1	Hit	439	2-8/Atoy57.jpg	Atoy57.jpg	SPACE	485	SPACE
1443798377557	0	lts_1002I_02_01	02	01	0	167	0	0	0	CR	MAX	16/Apaperclipsin.jpg	Apaperclipsin.jpg	NOKEY	MAX	NOKEY
1443798378643	0	lts_1002I_02_01	02	01	0	168	16	1	1	Hit	607	16-first/AANTCABL2.jpg	AANTCABL2.jpg	SPACE	652	SPACE
1443798381719	0	lts_1002I_02_01	02	01	0	169	0	0	0	CR	MAX	ABLUCAND5.jpg	ABLUCAND5.jpg	NOKEY	MAX	NOKEY
1443798382706	0	lts_1002I_02_01	02	01	0	170	2	1	1	Hit	508	2-mul/AANTCABL2.jpg	AANTCABL2.jpg	SPACE	552	SPACE
1443798385782	0	lts_1002I_02_01	02	01	0	171	0	0	0	CR	MAX	AAFRIMAS5.jpg	AAFRIMAS5.jpg	NOKEY	MAX	NOKEY
1443798388858	0	lts_1002I_02_01	02	01	0	172	128	1	0	Miss	MAX	128-7/AELECRAZ7.jpg	AELECRAZ7.jpg	NOKEY	MAX	SPACE
1443798391933	0	lts_1002I_02_01	02	01	0	173	0	0	0	CR	MAX	128/8022302.thl.jpg	8022302.thl.jpg	NOKEY	MAX	NOKEY
1443798395027	0	lts_1002I_02_01	02	01	0	174	0	0	0	CR	MAX	Apumpcart2.jpg	Apumpcart2.jpg	NOKEY	MAX	NOKEY
1443798398120	0	lts_1002I_02_01	02	01	0	175	0	0	0	CR	MAX	26377183.thl.jpg	26377183.thl.jpg	NOKEY	MAX	NOKEY
1443798401196	0	lts_1002I_02_01	02	01	0	176	0	0	0	CR	MAX	driedbananaslides.jpg	driedbananaslides.jpg	NOKEY	MAX	NOKEY
1443798404272	0	lts_1002I_02_01	02	01	0	177	0	0	0	CR	MAX	Aladder2.jpg	Aladder2.jpg	NOKEY	MAX	NOKEY
1443798407364	0	lts_1002I_02_01	02	01	0	178	0	0	0	CR	MAX	26427612.thl.jpg	26427612.thl.jpg	NOKEY	MAX	NOKEY
1443798408451	0	lts_1002I_02_01	02	01	0	179	16	1	1	Hit	604	16-mul/ACHINBRB4.jpg	ACHINBRB4.jpg	SPACE	652	SPACE
1443798411527	0	lts_1002I_02_01	02	01	0	180	0	0	0	CR	MAX	1/AANTIBIK4.jpg	AANTIBIK4.jpg	NOKEY	MAX	NOKEY
1443798412530	0	lts_1002I_02_01	02	01	0	181	1	1	1	Hit	526	1-2/AANTIBIK4.jpg	AANTIBIK4.jpg	SPACE	568	SPACE
1443798415606	0	lts_1002I_02_01	02	01	0	182	0	0	0	CR	MAX	16/Astirstick.jpg	Astirstick.jpg	NOKEY	MAX	NOKEY
1443798416643	0	lts_1002I_02_01	02	01	0	183	16	1	1	Hit	562	16-0/Apaperclipsin.jpg	Apaperclipsin.jpg	SPACE	602	SPACE
1443798419719	0	lts_1002I_02_01	02	01	0	184	0	0	0	CR	MAX	Ajoystick10.jpg	Ajoystick10.jpg	NOKEY	MAX	NOKEY
1443798422795	0	lts_1002I_02_01	02	01	0	185	0	0	0	CR	MAX	batslcshi.jpg	batslcshi.jpg	NOKEY	MAX	NOKEY
1443798425871	0	lts_1002I_02_01	02	01	0	186	0	0	0	CR	MAX	AMEDCONTA.jpg	AMEDCONTA.jpg	NOKEY	MAX	NOKEY
1443798428946	0	lts_1002I_02_01	02	01	0	187	0	0	0	CR	MAX	1/ARAILLIGH.jpg	ARAILLIGH.jpg	NOKEY	MAX	NOKEY
1443798429916	0	lts_1002I_02_01	02	01	0	188	1	1	1	Hit	500	1-11/ARAILLIGH.jpg	ARAILLIGH.jpg	SPACE	536	SPACE
1443798432992	0	lts_1002I_02_01	02	01	0	189	0	0	0	CR	MAX	ABANJO5.jpg	ABANJO5.jpg	NOKEY	MAX	NOKEY
1443798434113	0	lts_1002I_02_01	02	01	0	190	128	1	1	Hit	648	128-3/AWEDCAK15.jpg	AWEDCAK15.jpg	SPACE	686	SPACE
1443798437189	0	lts_1002I_02_01	02	01	0	191	0	0	0	CR	MAX	Atool221.jpg	Atool221.jpg	NOKEY	MAX	NOKEY
1443798440282	0	lts_1002I_02_01	02	01	0	192	0	0	0	CR	MAX	Axmastre5.jpg	Axmastre5.jpg	NOKEY	MAX	NOKEY
1443798443358	0	lts_1002I_02_01	02	01	0	193	0	0	0	CR	MAX	128/ATALSTAN3.jpg	ATALSTAN3.jpg	NOKEY	MAX	NOKEY
1443798446434	0	lts_1002I_02_01	02	01	0	194	0	0	0	CR	MAX	Asaxophone.jpg	Asaxophone.jpg	NOKEY	MAX	NOKEY
1443798449510	0	lts_1002I_02_01	02	01	0	195	128	1	0	Miss	MAX	128-6/ALACES4.jpg	ALACES4.jpg	NOKEY	MAX	SPACE
1443798452586	0	lts_1002I_02_01	02	01	0	196	0	0	0	CR	MAX	32/Acocktailumb4.jpg	Acocktailumb4.jpg	NOKEY	MAX	NOKEY
1443798455679	0	lts_1002I_02_01	02	01	0	197	0	0	0	CR	MAX	22910996.thl.jpg	22910996.thl.jpg	NOKEY	MAX	NOKEY
1443798456699	0	lts_1002I_02_01	02	01	0	198	16	1	1	Hit	550	16-first/Astirstick.jpg	Astirstick.jpg	SPACE	585	SPACE
1443798459775	0	lts_1002I_02_01	02	01	0	199	0	0	0	CR	MAX	Ascroll7.jpg	Ascroll7.jpg	NOKEY	MAX	NOKEY
1443798462867	0	lts_1002I_02_01	02	01	0	200	0	0	0	CR	MAX	AARTPLANT.jpg	AARTPLANT.jpg	NOKEY	MAX	NOKEY
1443798465942	0	lts_1002I_02_01	02	01	0	201	0	0	0	CR	MAX	8/AMETALPER.jpg	AMETALPER.jpg	NOKEY	MAX	NOKEY
1443798466895	0	lts_1002I_02_01	02	01	0	202	4	1	1	Hit	476	4-mul/Astirstick.jpg	Astirstick.jpg	SPACE	519	SPACE
1443798469971	0	lts_1002I_02_01	02	01	0	203	0	0	0	CR	MAX	battery.jpg	battery.jpg	NOKEY	MAX	NOKEY
1443798473065	0	lts_1002I_02_01	02	01	0	204	0	0	0	CR	MAX	Abox80.jpg	Abox80.jpg	NOKEY	MAX	NOKEY
1443798474219	0	lts_1002I_02_01	02	01	0	205	64	1	1	Hit	677	64-first/Aantiquevege3.jpg	Aantiquevege3.jpg	SPACE	719	SPACE
1443798477295	0	lts_1002I_02_01	02	01	0	206	0	0	0	CR	MAX	22824636.thl.jpg	22824636.thl.jpg	NOKEY	MAX	NOKEY
1443798480371	0	lts_1002I_02_01	02	01	0	207	0	0	0	CR	MAX	Aclamp55.jpg	Aclamp55.jpg	NOKEY	MAX	NOKEY
1443798483464	0	lts_1002I_02_01	02	01	0	208	0	0	0	CR	MAX	Agreencup2.jpg	Agreencup2.jpg	NOKEY	MAX	NOKEY
1443798486540	0	lts_1002I_02_01	02	01	0	209	8	1	0	Miss	MAX	8-1/AMETALPER.jpg	AMETALPER.jpg	NOKEY	MAX	SPACE
1443798489616	0	lts_1002I_02_01	02	01	0	210	0	0	0	CR	MAX	gameboy.jpg	gameboy.jpg	NOKEY	MAX	NOKEY
1443798492692	0	lts_1002I_02_01	02	01	0	211	0	0	0	CR	MAX	1/26421740.thl.jpg	26421740.thl.jpg	NOKEY	MAX	NOKEY
1443798493745	0	lts_1002I_02_01	02	01	0	212	1	1	1	Hit	579	1-4/26421740.thl.jpg	26421740.thl.jpg	SPACE	619	SPACE
1443798496821	0	lts_1002I_02_01	02	01	0	213	0	0	0	CR	MAX	ACARMON.jpg	ACARMON.jpg	NOKEY	MAX	NOKEY
1443798499896	0	lts_1002I_02_01	02	01	0	214	0	0	0	CR	MAX	ASPIDERW2.jpg	ASPIDERW2.jpg	NOKEY	MAX	NOKEY
1443798502972	0	lts_1002I_02_01	02	01	0	215	0	0	0	CR	MAX	donaldduck.jpg	donaldduck.jpg	NOKEY	MAX	NOKEY
1443798506033	0	lts_1002I_02_01	02	01	0	216	128	1	1	Hit	2575	128-1/ALADLE5.jpg	ALADLE5.jpg	SPACE	2625	SPACE
1443798509125	0	lts_1002I_02_01	02	01	0	217	0	0	0	CR	MAX	ATHISEND4.jpg	ATHISEND4.jpg	NOKEY	MAX	NOKEY
1443798512218	0	lts_1002I_02_01	02	01	0	218	0	0	0	CR	MAX	ASTEPPER.jpg	ASTEPPER.jpg	NOKEY	MAX	NOKEY
1443798515294	0	lts_1002I_02_01	02	01	0	219	0	0	0	CR	MAX	4/babyseatback.jpg	babyseatback.jpg	NOKEY	MAX	NOKEY
1443798518370	0	lts_1002I_02_01	02	01	0	220	0	0	0	CR	MAX	26370651.thm.jpg	26370651.thm.jpg	NOKEY	MAX	NOKEY
1443798519390	0	lts_1002I_02_01	02	01	0	221	16	1	1	Hit	542	16-mul/Aantiquevege3.jpg	Aantiquevege3.jpg	SPACE	584	SPACE
1443798522466	0	lts_1002I_02_01	02	01	0	222	0	0	0	CR	MAX	ABROWNBAG.jpg	ABROWNBAG.jpg	NOKEY	MAX	NOKEY
1443798523536	0	lts_1002I_02_01	02	01	0	223	4	1	1	Hit	599	4-4/babyseatback.jpg	babyseatback.jpg	SPACE	635	SPACE
1443798526612	0	lts_1002I_02_01	02	01	0	224	0	0	0	CR	MAX	8/26393373.thl.jpg	26393373.thl.jpg	NOKEY	MAX	NOKEY
1443798529738	0	lts_1002I_02_01	02	01	0	225	0	0	0	CR	MAX	26374055.thl.jpg	26374055.thl.jpg	NOKEY	MAX	NOKEY
1443798532947	0	lts_1002I_02_01	02	01	0	226	0	0	0	CR	MAX	Astatueofwo29.jpg	Astatueofwo29.jpg	NOKEY	MAX	NOKEY
1443798536041	0	lts_1002I_02_01	02	01	0	227	0	0	0	CR	MAX	8020414.thl.jpg	8020414.thl.jpg	NOKEY	MAX	NOKEY
1443798537044	0	lts_1002I_02_01	02	01	0	228	32	1	1	Hit	528	32-6/Acocktailumb4.jpg	Acocktailumb4.jpg	SPACE	569	SPACE
1443798540120	0	lts_1002I_02_01	02	01	0	229	0	0	0	CR	MAX	Agarbagebag.jpg	Agarbagebag.jpg	NOKEY	MAX	NOKEY
1443798543213	0	lts_1002I_02_01	02	01	0	230	0	0	0	CR	MAX	4/APOTPBAG2.jpg	APOTPBAG2.jpg	NOKEY	MAX	NOKEY
1443798546289	0	lts_1002I_02_01	02	01	0	231	0	0	0	CR	MAX	Abellcookiec3.jpg	Abellcookiec3.jpg	NOKEY	MAX	NOKEY
1443798547309	0	lts_1002I_02_01	02	01	0	232	8	1	1	Hit	539	8-first/26393373.thl.jpg	26393373.thl.jpg	SPACE	585	SPACE
1443798550385	0	lts_1002I_02_01	02	01	0	233	0	0	0	CR	MAX	ACANDEXT.jpg	ACANDEXT.jpg	NOKEY	MAX	NOKEY
1443798551354	0	lts_1002I_02_01	02	01	0	234	4	1	1	Hit	488	4-10/APOTPBAG2.jpg	APOTPBAG2.jpg	SPACE	534	SPACE
1443798554430	0	lts_1002I_02_01	02	01	0	235	0	0	0	CR	MAX	1/AWISHWELL.jpg	AWISHWELL.jpg	NOKEY	MAX	NOKEY
1443798555316	0	lts_1002I_02_01	02	01	0	236	1	1	1	Hit	407	1-12/AWISHWELL.jpg	AWISHWELL.jpg	SPACE	450	SPACE
1443798558392	0	lts_1002I_02_01	02	01	0	237	0	0	0	CR	MAX	2/Achair611.jpg	Achair611.jpg	NOKEY	MAX	NOKEY
1443798561469	0	lts_1002I_02_01	02	01	0	238	0	0	0	CR	MAX	AMEATHER3.jpg	AMEATHER3.jpg	NOKEY	MAX	NOKEY
1443798562572	0	lts_1002I_02_01	02	01	0	239	2	1	1	Hit	617	2-4/Achair611.jpg	Achair611.jpg	SPACE	669	SPACE
1443798565648	0	lts_1002I_02_01	02	01	0	240	0	0	0	CR	MAX	128/Aribbon21.jpg	Aribbon21.jpg	NOKEY	MAX	NOKEY
1443798568724	0	lts_1002I_02_01	02	01	0	241	0	0	0	CR	MAX	AEAREXAM2.jpg	AEAREXAM2.jpg	NOKEY	MAX	NOKEY
1443798571800	0	lts_1002I_02_01	02	01	0	242	0	0	0	CR	MAX	tuba1.jpg	tuba1.jpg	NOKEY	MAX	NOKEY
1443798574892	0	lts_1002I_02_01	02	01	0	243	0	0	0	CR	MAX	8/AMELODEON.jpg	AMELODEON.jpg	NOKEY	MAX	NOKEY
1443798577968	0	lts_1002I_02_01	02	01	0	244	16	1	0	Miss	MAX	16/DSCN3757-sm.jpg	DSCN3757-sm.jpg	NOKEY	MAX	SPACE
1443798581062	0	lts_1002I_02_01	02	01	0	245	0	0	0	CR	MAX	1/ATINSTRAP.jpg	ATINSTRAP.jpg	NOKEY	MAX	NOKEY
1443798581930	0	lts_1002I_02_01	02	01	0	246	1	1	1	Hit	389	1-14/ATINSTRAP.jpg	ATINSTRAP.jpg	SPACE	435	SPACE
1443798585007	0	lts_1002I_02_01	02	01	0	247	0	0	0	CR	MAX	26372785.thl.jpg	26372785.thl.jpg	NOKEY	MAX	NOKEY
1443798586094	0	lts_1002I_02_01	02	01	0	248	16	1	1	Hit	605	16-mul/26393373.thl.jpg	26393373.thl.jpg	SPACE	652	SPACE
1443798589170	0	lts_1002I_02_01	02	01	0	249	0	0	0	CR	MAX	ACOPPAN10.jpg	ACOPPAN10.jpg	NOKEY	MAX	NOKEY
1443798592246	0	lts_1002I_02_01	02	01	0	250	0	0	0	CR	MAX	ACAT6.jpg	ACAT6.jpg	NOKEY	MAX	NOKEY
1443798593316	0	lts_1002I_02_01	02	01	0	251	8	1	1	Hit	599	8-first/AMELODEON.jpg	AMELODEON.jpg	SPACE	635	SPACE
1443798596392	0	lts_1002I_02_01	02	01	0	252	0	0	0	CR	MAX	Hammock.jpg	Hammock.jpg	NOKEY	MAX	NOKEY
1443798597311	0	lts_1002I_02_01	02	01	0	253	2	1	1	Hit	449	2-mul/AMELODEON.jpg	AMELODEON.jpg	SPACE	484	SPACE
1443798600387	0	lts_1002I_02_01	02	01	0	254	0	0	0	CR	MAX	2/8255981.thl.jpg	8255981.thl.jpg	NOKEY	MAX	NOKEY
1443798603480	0	lts_1002I_02_01	02	01	0	255	0	0	0	CR	MAX	16/hatslmar.jpg	hatslmar.jpg	NOKEY	MAX	NOKEY
1443798604416	0	lts_1002I_02_01	02	01	0	256	2	1	1	Hit	464	2-13/8255981.thl.jpg	8255981.thl.jpg	SPACE	500	SPACE
1443798607493	0	lts_1002I_02_01	02	01	0	257	0	0	0	CR	MAX	ATHERMO4.jpg	ATHERMO4.jpg	NOKEY	MAX	NOKEY
1443798610569	0	lts_1002I_02_01	02	01	0	258	0	0	0	CR	MAX	Adriedleaf.jpg	Adriedleaf.jpg	NOKEY	MAX	NOKEY
1443798613645	0	lts_1002I_02_01	02	01	0	259	0	0	0	CR	MAX	Aantelope2.jpg	Aantelope2.jpg	NOKEY	MAX	NOKEY
1443798614665	0	lts_1002I_02_01	02	01	0	260	16	1	1	Hit	535	16-first/DSCN3757-sm.jpg	DSCN3757-sm.jpg	SPACE	585	SPACE
1443798617757	0	lts_1002I_02_01	02	01	0	261	0	0	0	CR	MAX	26439297.thl.jpg	26439297.thl.jpg	NOKEY	MAX	NOKEY
1443798620833	0	lts_1002I_02_01	02	01	0	262	0	0	0	CR	MAX	64/Aconchshe.jpg	Aconchshe.jpg	NOKEY	MAX	NOKEY
1443798623908	0	lts_1002I_02_01	02	01	0	263	0	0	0	CR	MAX	Aconnector2.jpg	Aconnector2.jpg	NOKEY	MAX	NOKEY
1443798624862	0	lts_1002I_02_01	02	01	0	264	4	1	1	Hit	476	4-mul/DSCN3757-sm.jpg	DSCN3757-sm.jpg	SPACE	519	SPACE
1443798627954	0	lts_1002I_02_01	02	01	0	265	0	0	0	CR	MAX	32/APROSTAR2.jpg	APROSTAR2.jpg	NOKEY	MAX	NOKEY
1443798631031	0	lts_1002I_02_01	02	01	0	266	0	0	0	CR	MAX	8/Atrafficsign2.jpg	Atrafficsign2.jpg	NOKEY	MAX	NOKEY
1443798634107	0	lts_1002I_02_01	02	01	0	267	0	0	0	CR	MAX	2/Aredandbluef2.jpg	Aredandbluef2.jpg	NOKEY	MAX	NOKEY
1443798637183	0	lts_1002I_02_01	02	01	0	268	0	0	0	CR	MAX	APHARAOH.jpg	APHARAOH.jpg	NOKEY	MAX	NOKEY
1443798638136	0	lts_1002I_02_01	02	01	0	269	2	1	1	Hit	474	2-10/Aredandbluef2.jpg	Aredandbluef2.jpg	SPACE	518	SPACE
1443798641229	0	lts_1002I_02_01	02	01	0	270	0	0	0	CR	MAX	funlamp.jpg	funlamp.jpg	NOKEY	MAX	NOKEY
1443798642265	0	lts_1002I_02_01	02	01	0	271	16	1	1	Hit	555	16-1/hatslmar.jpg	hatslmar.jpg	SPACE	602	SPACE
1443798645341	0	lts_1002I_02_01	02	01	0	272	0	0	0	CR	MAX	ACUSTMACH.jpg	ACUSTMACH.jpg	NOKEY	MAX	NOKEY
1443798648434	0	lts_1002I_02_01	02	01	0	273	0	0	0	CR	MAX	Abaleofhay.jpg	Abaleofhay.jpg	NOKEY	MAX	NOKEY
1443798649488	0	lts_1002I_02_01	02	01	0	274	8	1	1	Hit	568	8-first/Atrafficsign2.jpg	Atrafficsign2.jpg	SPACE	618	SPACE
1443798652564	0	lts_1002I_02_01	02	01	0	275	0	0	0	CR	MAX	ACURLINGI.jpg	ACURLINGI.jpg	NOKEY	MAX	NOKEY
1443798655707	0	lts_1002I_02_01	02	01	0	276	0	0	0	CR	MAX	32/Abottleofchi2.jpg	Abottleofchi2.jpg	NOKEY	MAX	NOKEY
1443798658783	0	lts_1002I_02_01	02	01	0	277	0	0	0	CR	MAX	AGIFTBOX8.jpg	AGIFTBOX8.jpg	NOKEY	MAX	NOKEY
1443798659853	0	lts_1002I_02_01	02	01	0	278	4	1	1	Hit	593	4-mul/Atrafficsign2.jpg	Atrafficsign2.jpg	SPACE	635	SPACE
1443798662928	0	lts_1002I_02_01	02	01	0	279	0	0	0	CR	MAX	APASTA19.jpg	APASTA19.jpg	NOKEY	MAX	NOKEY
1443798666022	0	lts_1002I_02_01	02	01	0	280	0	0	0	CR	MAX	22853352.thl.jpg	22853352.thl.jpg	NOKEY	MAX	NOKEY
1443798669114	0	lts_1002I_02_01	02	01	0	281	0	0	0	CR	MAX	ATELESCO2.jpg	ATELESCO2.jpg	NOKEY	MAX	NOKEY
1443798672190	0	lts_1002I_02_01	02	01	0	282	0	0	0	CR	MAX	2/26424478.thl.jpg	26424478.thl.jpg	NOKEY	MAX	NOKEY
1443798675266	0	lts_1002I_02_01	02	01	0	283	0	0	0	CR	MAX	64/AMUFFIPAN.jpg	AMUFFIPAN.jpg	NOKEY	MAX	NOKEY
1443798676336	0	lts_1002I_02_01	02	01	0	284	2	1	1	Hit	596	2-6/26424478.thl.jpg	26424478.thl.jpg	SPACE	634	SPACE
1443798679429	0	lts_1002I_02_01	02	01	0	285	0	0	0	CR	MAX	Aflower136.jpg	Aflower136.jpg	NOKEY	MAX	NOKEY
1443798682505	0	lts_1002I_02_01	02	01	0	286	0	0	0	CR	MAX	4/AGUINEAP2.jpg	AGUINEAP2.jpg	NOKEY	MAX	NOKEY
1443798685598	0	lts_1002I_02_01	02	01	0	287	0	0	0	CR	MAX	1/Adinningroomt.jpg	Adinningroomt.jpg	NOKEY	MAX	NOKEY
1443798686534	0	lts_1002I_02_01	02	01	0	288	1	1	1	Hit	457	1-7/Adinningroomt.jpg	Adinningroomt.jpg	SPACE	502	SPACE
1443798689610	0	lts_1002I_02_01	02	01	0	289	0	0	0	CR	MAX	ACOMB5.jpg	ACOMB5.jpg	NOKEY	MAX	NOKEY
1443798690630	0	lts_1002I_02_01	02	01	0	290	4	1	1	Hit	540	4-3/AGUINEAP2.jpg	AGUINEAP2.jpg	SPACE	585	SPACE
1443798693723	0	lts_1002I_02_01	02	01	0	291	0	0	0	CR	MAX	22827540.thl.jpg	22827540.thl.jpg	NOKEY	MAX	NOKEY
1443798696799	0	lts_1002I_02_01	02	01	0	292	0	0	0	CR	MAX	32/26374787.thl.jpg	26374787.thl.jpg	NOKEY	MAX	NOKEY
1443798699891	0	lts_1002I_02_01	02	01	0	293	0	0	0	CR	MAX	Aclamp42.jpg	Aclamp42.jpg	NOKEY	MAX	NOKEY
1443798702967	0	lts_1002I_02_01	02	01	0	294	0	0	0	CR	MAX	22826448.thl.jpg	22826448.thl.jpg	NOKEY	MAX	NOKEY
1443798706060	0	lts_1002I_02_01	02	01	0	295	0	0	0	CR	MAX	AWINEJUG3.jpg	AWINEJUG3.jpg	NOKEY	MAX	NOKEY
1443798709153	0	lts_1002I_02_01	02	01	0	296	0	0	0	CR	MAX	Aantiquejuke2.jpg	Aantiquejuke2.jpg	NOKEY	MAX	NOKEY
1443798710206	0	lts_1002I_02_01	02	01	0	297	32	1	1	Hit	576	32-8/APROSTAR2.jpg	APROSTAR2.jpg	SPACE	618	SPACE
1443798713282	0	lts_1002I_02_01	02	01	0	298	0	0	0	CR	MAX	1/26428540.thl.jpg	26428540.thl.jpg	NOKEY	MAX	NOKEY
1443798714169	0	lts_1002I_02_01	02	01	0	299	1	1	1	Hit	403	1-6/26428540.thl.jpg	26428540.thl.jpg	SPACE	451	SPACE
1443798717261	0	lts_1002I_02_01	02	01	0	300	0	0	0	CR	MAX	ASECCAME3.jpg	ASECCAME3.jpg	NOKEY	MAX	NOKEY
1443798718432	0	lts_1002I_02_01	02	01	0	301	128	1	1	Hit	686	128-5/8022302.thl.jpg	8022302.thl.jpg	SPACE	735	SPACE
1443798721508	0	lts_1002I_02_01	02	01	0	302	0	0	0	CR	MAX	ABALLYAR4.jpg	ABALLYAR4.jpg	NOKEY	MAX	NOKEY
1443798724600	0	lts_1002I_02_01	02	01	0	303	0	0	0	CR	MAX	128/AHONEYJA2.jpg	AHONEYJA2.jpg	NOKEY	MAX	NOKEY
1443798727693	0	lts_1002I_02_01	02	01	0	304	0	0	0	CR	MAX	Astatue113.jpg	Astatue113.jpg	NOKEY	MAX	NOKEY
1443798730786	0	lts_1002I_02_01	02	01	0	305	0	0	0	CR	MAX	8/XPGame.jpg	XPGame.jpg	NOKEY	MAX	NOKEY
1443798733879	0	lts_1002I_02_01	02	01	0	306	0	0	0	CR	MAX	hotgreenpepper.jpg	hotgreenpepper.jpg	NOKEY	MAX	NOKEY
1443798736971	0	lts_1002I_02_01	02	01	0	307	0	0	0	CR	MAX	64/Atoyfurnitu14.jpg	Atoyfurnitu14.jpg	NOKEY	MAX	NOKEY
1443798738092	0	lts_1002I_02_01	02	01	0	308	32	1	1	Hit	643	32-7/Abottleofchi2.jpg	Abottleofchi2.jpg	SPACE	686	SPACE
1443798741168	0	lts_1002I_02_01	02	01	0	309	0	0	0	CR	MAX	22857516.thl.jpg	22857516.thl.jpg	NOKEY	MAX	NOKEY
1443798744244	0	lts_1002I_02_01	02	01	0	310	0	0	0	CR	MAX	Aglass58.jpg	Aglass58.jpg	NOKEY	MAX	NOKEY
1443798747337	0	lts_1002I_02_01	02	01	0	311	0	0	0	CR	MAX	22991767.thl.jpg	22991767.thl.jpg	NOKEY	MAX	NOKEY
1443798750429	0	lts_1002I_02_01	02	01	0	312	0	0	0	CR	MAX	22921112.thl.jpg	22921112.thl.jpg	NOKEY	MAX	NOKEY
1443798751449	0	lts_1002I_02_01	02	01	0	313	8	1	1	Hit	546	8-first/XPGame.jpg	XPGame.jpg	SPACE	585	SPACE
1443798754542	0	lts_1002I_02_01	02	01	0	314	0	0	0	CR	MAX	8055181.thl.jpg	8055181.thl.jpg	NOKEY	MAX	NOKEY
1443798755528	0	lts_1002I_02_01	02	01	0	315	2	1	1	Hit	510	2-mul/XPGame.jpg	XPGame.jpg	SPACE	552	SPACE
1443798758604	0	lts_1002I_02_01	02	01	0	316	0	0	0	CR	MAX	26457349.thl.jpg	26457349.thl.jpg	NOKEY	MAX	NOKEY
1443798761680	0	lts_1002I_02_01	02	01	0	317	0	0	0	CR	MAX	D_golfcart.jpg	D_golfcart.jpg	NOKEY	MAX	NOKEY
1443798764756	0	lts_1002I_02_01	02	01	0	318	0	0	0	CR	MAX	ACLAM.jpg	ACLAM.jpg	NOKEY	MAX	NOKEY
1443798767833	0	lts_1002I_02_01	02	01	0	319	0	0	0	CR	MAX	26684634.thl.jpg	26684634.thl.jpg	NOKEY	MAX	NOKEY
1443798770908	0	lts_1002I_02_01	02	01	0	320	0	0	0	CR	MAX	Acaterpilla11.jpg	Acaterpilla11.jpg	NOKEY	MAX	NOKEY
1443798772062	0	lts_1002I_02_01	02	01	0	321	128	1	1	Hit	673	128-2/ATALSTAN3.jpg	ATALSTAN3.jpg	SPACE	720	SPACE
1443798775155	0	lts_1002I_02_01	02	01	0	322	0	0	0	CR	MAX	16/ADIRECSI3.jpg	ADIRECSI3.jpg	NOKEY	MAX	NOKEY
1443798778231	0	lts_1002I_02_01	02	01	0	323	0	0	0	CR	MAX	AROCKET20.jpg	AROCKET20.jpg	NOKEY	MAX	NOKEY
1443798779267	0	lts_1002I_02_01	02	01	0	324	32	1	1	Hit	558	32-3/26374787.thl.jpg	26374787.thl.jpg	SPACE	602	SPACE
1443798782343	0	lts_1002I_02_01	02	01	0	325	0	0	0	CR	MAX	8/A_cookie.jpg	A_cookie.jpg	NOKEY	MAX	NOKEY
1443798783413	0	lts_1002I_02_01	02	01	0	326	64	1	1	Hit	594	64-first/Aconchshe.jpg	Aconchshe.jpg	SPACE	634	SPACE
1443798786506	0	lts_1002I_02_01	02	01	0	327	0	0	0	CR	MAX	Achickendinne.jpg	Achickendinne.jpg	NOKEY	MAX	NOKEY
1443798787526	0	lts_1002I_02_01	02	01	0	328	2	1	1	Hit	548	2-mul/Aconchshe.jpg	Aconchshe.jpg	SPACE	585	SPACE
1443798790619	0	lts_1002I_02_01	02	01	0	329	0	0	0	CR	MAX	Aantiquesofa4.jpg	Aantiquesofa4.jpg	NOKEY	MAX	NOKEY
1443798793712	0	lts_1002I_02_01	02	01	0	330	0	0	0	CR	MAX	Asquid2.jpg	Asquid2.jpg	NOKEY	MAX	NOKEY
1443798796788	0	lts_1002I_02_01	02	01	0	331	0	0	0	CR	MAX	tofu.jpg	tofu.jpg	NOKEY	MAX	NOKEY
1443798799880	0	lts_1002I_02_01	02	01	0	332	0	0	0	CR	MAX	64/26441176.thl.jpg	26441176.thl.jpg	NOKEY	MAX	NOKEY
1443798800883	0	lts_1002I_02_01	02	01	0	333	8	1	1	Hit	524	8-first/A_cookie.jpg	A_cookie.jpg	SPACE	569	SPACE
1443798803959	0	lts_1002I_02_01	02	01	0	334	0	0	0	CR	MAX	2/26372669.thl.jpg	26372669.thl.jpg	NOKEY	MAX	NOKEY
1443798807036	0	lts_1002I_02_01	02	01	0	335	0	0	0	CR	MAX	26421538.thl.jpg	26421538.thl.jpg	NOKEY	MAX	NOKEY
1443798808039	0	lts_1002I_02_01	02	01	0	336	2	1	1	Hit	525	2-5/26372669.thl.jpg	26372669.thl.jpg	SPACE	569	SPACE
1443798811115	0	lts_1002I_02_01	02	01	0	337	0	0	0	CR	MAX	ACOOKCUTT.jpg	ACOOKCUTT.jpg	NOKEY	MAX	NOKEY
1443798812084	0	lts_1002I_02_01	02	01	0	338	16	1	1	Hit	496	16-first/ADIRECSI3.jpg	ADIRECSI3.jpg	SPACE	535	SPACE
1443798815160	0	lts_1002I_02_01	02	01	0	339	0	0	0	CR	MAX	ice.jpg	ice.jpg	NOKEY	MAX	NOKEY
1443798818253	0	lts_1002I_02_01	02	01	0	340	0	0	0	CR	MAX	Awomensshoe4.jpg	Awomensshoe4.jpg	NOKEY	MAX	NOKEY
1443798821329	0	lts_1002I_02_01	02	01	0	341	0	0	0	CR	MAX	64/Aconferencer3.jpg	Aconferencer3.jpg	NOKEY	MAX	NOKEY
1443798824405	0	lts_1002I_02_01	02	01	0	342	0	0	0	CR	MAX	Aantiquerota7.jpg	Aantiquerota7.jpg	NOKEY	MAX	NOKEY
1443798827498	0	lts_1002I_02_01	02	01	0	343	0	0	0	CR	MAX	8/ADENTOOL.jpg	ADENTOOL.jpg	NOKEY	MAX	NOKEY
1443798830574	0	lts_1002I_02_01	02	01	0	344	0	0	0	CR	MAX	euthsda.jpg	euthsda.jpg	NOKEY	MAX	NOKEY
1443798833667	0	lts_1002I_02_01	02	01	0	345	0	0	0	CR	MAX	AMAPLESYR.jpg	AMAPLESYR.jpg	NOKEY	MAX	NOKEY
1443798836760	0	lts_1002I_02_01	02	01	0	346	0	0	0	CR	MAX	Abellows4.jpg	Abellows4.jpg	NOKEY	MAX	NOKEY
1443798837830	0	lts_1002I_02_01	02	01	0	347	64	1	1	Hit	598	64-first/AMUFFIPAN.jpg	AMUFFIPAN.jpg	SPACE	636	SPACE
1443798840905	0	lts_1002I_02_01	02	01	0	348	0	0	0	CR	MAX	8/AHYPBOTT.jpg	AHYPBOTT.jpg	NOKEY	MAX	NOKEY
1443798841891	0	lts_1002I_02_01	02	01	0	349	16	1	1	Hit	512	16-mul/A_cookie.jpg	A_cookie.jpg	SPACE	553	SPACE
1443798844967	0	lts_1002I_02_01	02	01	0	350	0	0	0	CR	MAX	26425025.thl.jpg	26425025.thl.jpg	NOKEY	MAX	NOKEY
1443798848044	0	lts_1002I_02_01	02	01	0	351	8	1	0	Miss	MAX	8-2/ADENTOOL.jpg	ADENTOOL.jpg	NOKEY	MAX	SPACE
1443798851120	0	lts_1002I_02_01	02	01	0	352	0	0	0	CR	MAX	AANTHAT2.jpg	AANTHAT2.jpg	NOKEY	MAX	NOKEY
1443798854213	0	lts_1002I_02_01	02	01	0	353	0	0	0	CR	MAX	Aleopard19.jpg	Aleopard19.jpg	NOKEY	MAX	NOKEY
1443798855166	0	lts_1002I_02_01	02	01	0	354	16	1	1	Hit	469	16-mul/ADIRECSI3.jpg	ADIRECSI3.jpg	SPACE	518	SPACE
1443798858242	0	lts_1002I_02_01	02	01	0	355	0	0	0	CR	MAX	23048010.thl.jpg	23048010.thl.jpg	NOKEY	MAX	NOKEY
1443798859262	0	lts_1002I_02_01	02	01	0	356	8	1	1	Hit	536	8-first/AHYPBOTT.jpg	AHYPBOTT.jpg	SPACE	585	SPACE
1443798862355	0	lts_1002I_02_01	02	01	0	357	0	0	0	CR	MAX	waterfilter.jpg	waterfilter.jpg	NOKEY	MAX	NOKEY
1443798865447	0	lts_1002I_02_01	02	01	0	358	0	0	0	CR	MAX	AGLASSEY5.jpg	AGLASSEY5.jpg	NOKEY	MAX	NOKEY
1443798868523	0	lts_1002I_02_01	02	01	0	359	0	0	0	CR	MAX	ASUSHI9.jpg	ASUSHI9.jpg	NOKEY	MAX	NOKEY
1443798869510	0	lts_1002I_02_01	02	01	0	360	4	1	1	Hit	508	4-mul/AHYPBOTT.jpg	AHYPBOTT.jpg	SPACE	552	SPACE
1443798872586	0	lts_1002I_02_01	02	01	0	361	0	0	0	CR	MAX	AGLASSBA4.jpg	AGLASSBA4.jpg	NOKEY	MAX	NOKEY
1443798875662	0	lts_1002I_02_01	02	01	0	362	0	0	0	CR	MAX	Ababtoy13.jpg	Ababtoy13.jpg	NOKEY	MAX	NOKEY
1443798876682	0	lts_1002I_02_01	02	01	0	363	16	1	1	Hit	549	16-mul/AMUFFIPAN.jpg	AMUFFIPAN.jpg	SPACE	586	SPACE
1443798879758	0	lts_1002I_02_01	02	01	0	364	0	0	0	CR	MAX	2/Atoybird10.jpg	Atoybird10.jpg	NOKEY	MAX	NOKEY
1443798882834	0	lts_1002I_02_01	02	01	0	365	0	0	0	CR	MAX	AFLAMEXTI.jpg	AFLAMEXTI.jpg	NOKEY	MAX	NOKEY
1443798883936	0	lts_1002I_02_01	02	01	0	366	2	1	1	Hit	631	2-11/Atoybird10.jpg	Atoybird10.jpg	SPACE	669	SPACE
1443798887030	0	lts_1002I_02_01	02	01	0	367	0	0	0	CR	MAX	Azucchini9.jpg	Azucchini9.jpg	NOKEY	MAX	NOKEY
1443798888067	0	lts_1002I_02_01	02	01	0	368	128	1	1	Hit	560	128-4/Aribbon21.jpg	Aribbon21.jpg	SPACE	601	SPACE
1443798891143	0	lts_1002I_02_01	02	01	0	369	0	0	0	CR	MAX	radish.jpg	radish.jpg	NOKEY	MAX	NOKEY
1443798894219	0	lts_1002I_02_01	02	01	0	370	0	0	0	CR	MAX	ATHERMO12.jpg	ATHERMO12.jpg	NOKEY	MAX	NOKEY
1443798895456	0	lts_1002I_02_01	02	01	0	371	64	1	1	Hit	751	64-first/Atoyfurnitu14.jpg	Atoyfurnitu14.jpg	SPACE	803	SPACE
1443798898532	0	lts_1002I_02_01	02	01	0	372	0	0	0	CR	MAX	ARECORDSY.jpg	ARECORDSY.jpg	NOKEY	MAX	NOKEY
1443798899535	0	lts_1002I_02_01	02	01	0	373	2	1	1	Hit	531	2-mul/Atoyfurnitu14.jpg	Atoyfurnitu14.jpg	SPACE	569	SPACE
1443798902611	0	lts_1002I_02_01	02	01	0	374	0	0	0	CR	MAX	ADEEPFRYS.jpg	ADEEPFRYS.jpg	NOKEY	MAX	NOKEY
1443798905687	0	lts_1002I_02_01	02	01	0	375	0	0	0	CR	MAX	Aopenbriefcas.jpg	Aopenbriefcas.jpg	NOKEY	MAX	NOKEY
1443798908780	0	lts_1002I_02_01	02	01	0	376	0	0	0	CR	MAX	1/Asandal7.jpg	Asandal7.jpg	NOKEY	MAX	NOKEY
1443798909699	0	lts_1002I_02_01	02	01	0	377	1	1	1	Hit	436	1-10/Asandal7.jpg	Asandal7.jpg	SPACE	485	SPACE
1443798912792	0	lts_1002I_02_01	02	01	0	378	0	0	0	CR	MAX	1/AFILM.jpg	AFILM.jpg	NOKEY	MAX	NOKEY
1443798913728	0	lts_1002I_02_01	02	01	0	379	1	1	1	Hit	463	1-0/AFILM.jpg	AFILM.jpg	SPACE	501	SPACE
1443798916821	0	lts_1002I_02_01	02	01	0	380	0	0	0	CR	MAX	2/AORIGIRL3.jpg	AORIGIRL3.jpg	NOKEY	MAX	NOKEY
1443798919913	0	lts_1002I_02_01	02	01	0	381	0	0	0	CR	MAX	Abrownbagwith.jpg	Abrownbagwith.jpg	NOKEY	MAX	NOKEY
1443798920817	0	lts_1002I_02_01	02	01	0	382	2	1	1	Hit	423	2-9/AORIGIRL3.jpg	AORIGIRL3.jpg	SPACE	469	SPACE
1443798923908	0	lts_1002I_02_01	02	01	0	383	0	0	0	CR	MAX	26687944.thl.jpg	26687944.thl.jpg	NOKEY	MAX	NOKEY
1443798926984	0	lts_1002I_02_01	02	01	0	384	0	0	0	CR	MAX	Aflatwoodenba.jpg	Aflatwoodenba.jpg	NOKEY	MAX	NOKEY
1443798930078	0	lts_1002I_02_01	02	01	0	385	0	0	0	CR	MAX	ANAPKHOL7.jpg	ANAPKHOL7.jpg	NOKEY	MAX	NOKEY
1443798933171	0	lts_1002I_02_01	02	01	0	386	0	0	0	CR	MAX	ATOASTE22.jpg	ATOASTE22.jpg	NOKEY	MAX	NOKEY
1443798936264	0	lts_1002I_02_01	02	01	0	387	0	0	0	CR	MAX	1/APHONEFA2.jpg	APHONEFA2.jpg	NOKEY	MAX	NOKEY
1443798937150	0	lts_1002I_02_01	02	01	0	388	1	1	1	Hit	410	1-1/APHONEFA2.jpg	APHONEFA2.jpg	SPACE	452	SPACE
1443798940226	0	lts_1002I_02_01	02	01	0	389	0	0	0	CR	MAX	Abicyclebrak4.jpg	Abicyclebrak4.jpg	NOKEY	MAX	NOKEY
1443798943319	0	lts_1002I_02_01	02	01	0	390	0	0	0	CR	MAX	Alighter12.jpg	Alighter12.jpg	NOKEY	MAX	NOKEY
1443798946411	0	lts_1002I_02_01	02	01	0	391	0	0	0	CR	MAX	32/pajamas.jpg	pajamas.jpg	NOKEY	MAX	NOKEY
1443798949488	0	lts_1002I_02_01	02	01	0	392	0	0	0	CR	MAX	ACANE2.jpg	ACANE2.jpg	NOKEY	MAX	NOKEY
1443798952564	0	lts_1002I_02_01	02	01	0	393	0	0	0	CR	MAX	Asandwichiro2.jpg	Asandwichiro2.jpg	NOKEY	MAX	NOKEY
1443798955640	0	lts_1002I_02_01	02	01	0	394	0	0	0	CR	MAX	4/22854888.thl.jpg	22854888.thl.jpg	NOKEY	MAX	NOKEY
1443798958716	0	lts_1002I_02_01	02	01	0	395	0	0	0	CR	MAX	ABROCHETT.jpg	ABROCHETT.jpg	NOKEY	MAX	NOKEY
1443798959886	0	lts_1002I_02_01	02	01	0	396	64	1	1	Hit	686	64-first/26441176.thl.jpg	26441176.thl.jpg	SPACE	736	SPACE
1443798962961	0	lts_1002I_02_01	02	01	0	397	0	0	0	CR	MAX	ARECEIPT.jpg	ARECEIPT.jpg	NOKEY	MAX	NOKEY
1443798966038	0	lts_1002I_02_01	02	01	0	398	4	1	0	Miss	MAX	4-8/22854888.thl.jpg	22854888.thl.jpg	NOKEY	MAX	SPACE
1443798969114	0	lts_1002I_02_01	02	01	0	399	0	0	0	CR	MAX	Awoodplaner2.jpg	Awoodplaner2.jpg	NOKEY	MAX	NOKEY
1443798970117	0	lts_1002I_02_01	02	01	0	400	4	1	1	Hit	530	4-mul/26441176.thl.jpg	26441176.thl.jpg	SPACE	568	SPACE
1443798973210	0	lts_1002I_02_01	02	01	0	401	0	0	0	CR	MAX	Aclothespin2.jpg	Aclothespin2.jpg	NOKEY	MAX	NOKEY
1443798976286	0	lts_1002I_02_01	02	01	0	402	0	0	0	CR	MAX	8/Afirstaidkit3.jpg	Afirstaidkit3.jpg	NOKEY	MAX	NOKEY
1443798979362	0	lts_1002I_02_01	02	01	0	403	0	0	0	CR	MAX	26432175.thl.jpg	26432175.thl.jpg	NOKEY	MAX	NOKEY
1443798982438	0	lts_1002I_02_01	02	01	0	404	0	0	0	CR	MAX	8/AACORN2.jpg	AACORN2.jpg	NOKEY	MAX	NOKEY
1443798983558	0	lts_1002I_02_01	02	01	0	405	64	1	1	Hit	641	64-first/Aconferencer3.jpg	Aconferencer3.jpg	SPACE	685	SPACE
1443798986634	0	lts_1002I_02_01	02	01	0	406	0	0	0	CR	MAX	26423175.thl.jpg	26423175.thl.jpg	NOKEY	MAX	NOKEY
1443798987587	0	lts_1002I_02_01	02	01	0	407	2	1	1	Hit	473	2-mul/Aconferencer3.jpg	Aconferencer3.jpg	SPACE	518	SPACE
1443798990680	0	lts_1002I_02_01	02	01	0	408	0	0	0	CR	MAX	hairbarette.jpg	hairbarette.jpg	NOKEY	MAX	NOKEY
1443798993773	0	lts_1002I_02_01	02	01	0	409	0	0	0	CR	MAX	Aeasteregg14.jpg	Aeasteregg14.jpg	NOKEY	MAX	NOKEY
1443798994776	0	lts_1002I_02_01	02	01	0	410	8	1	1	Hit	518	8-0/Afirstaidkit3.jpg	Afirstaidkit3.jpg	SPACE	569	SPACE
1443798997869	0	lts_1002I_02_01	02	01	0	411	0	0	0	CR	MAX	4/26421368.thl.jpg	26421368.thl.jpg	NOKEY	MAX	NOKEY
1443798998838	0	lts_1002I_02_01	02	01	0	412	8	1	1	Hit	487	8-first/AACORN2.jpg	AACORN2.jpg	SPACE	535	SPACE
1443799001930	0	lts_1002I_02_01	02	01	0	413	0	0	0	CR	MAX	26433849.thl.jpg	26433849.thl.jpg	NOKEY	MAX	NOKEY
1443799005024	0	lts_1002I_02_01	02	01	0	414	0	0	0	CR	MAX	Ahawk3.jpg	Ahawk3.jpg	NOKEY	MAX	NOKEY
1443799006027	0	lts_1002I_02_01	02	01	0	415	4	1	1	Hit	524	4-7/26421368.thl.jpg	26421368.thl.jpg	SPACE	569	SPACE
1443799009103	0	lts_1002I_02_01	02	01	0	416	0	0	0	CR	MAX	2/APICNICBL.jpg	APICNICBL.jpg	NOKEY	MAX	NOKEY
1443799012196	0	lts_1002I_02_01	02	01	0	417	0	0	0	CR	MAX	Aicecrusher2.jpg	Aicecrusher2.jpg	NOKEY	MAX	NOKEY
1443799013132	0	lts_1002I_02_01	02	01	0	418	2	1	1	Hit	462	2-7/APICNICBL.jpg	APICNICBL.jpg	SPACE	502	SPACE
1443799016208	0	lts_1002I_02_01	02	01	0	419	0	0	0	CR	MAX	Akeg6.jpg	Akeg6.jpg	NOKEY	MAX	NOKEY
1443799019284	0	lts_1002I_02_01	02	01	0	420	0	0	0	CR	MAX	ringbox03.jpg	ringbox03.jpg	NOKEY	MAX	NOKEY
1443799022360	0	lts_1002I_02_01	02	01	0	421	0	0	0	CR	MAX	AHANDLE5.jpg	AHANDLE5.jpg	NOKEY	MAX	NOKEY
1443799025453	0	lts_1002I_02_01	02	01	0	422	0	0	0	CR	MAX	ABRANCHES.jpg	ABRANCHES.jpg	NOKEY	MAX	NOKEY
1443799026473	0	lts_1002I_02_01	02	01	0	423	32	1	1	Hit	535	32-1/pajamas.jpg	pajamas.jpg	SPACE	586	SPACE
1443799029566	0	lts_1002I_02_01	02	01	0	424	0	0	0	CR	MAX	Acablelatch.jpg	Acablelatch.jpg	NOKEY	MAX	NOKEY
1443799032642	0	lts_1002I_02_01	02	01	0	425	0	0	0	CR	MAX	1/Acompass20.jpg	Acompass20.jpg	NOKEY	MAX	NOKEY
1443799033561	0	lts_1002I_02_01	02	01	0	426	1	1	1	Hit	445	1-3/Acompass20.jpg	Acompass20.jpg	SPACE	485	SPACE
1443799036637	0	lts_1002I_02_01	02	01	0	427	0	0	0	CR	MAX	QD-HEad.jpg	QD-HEad.jpg	NOKEY	MAX	NOKEY
1443799037607	0	lts_1002I_02_01	02	01	0	428	16	1	1	Hit	496	16-mul/AACORN2.jpg	AACORN2.jpg	SPACE	535	SPACE
1443799040700	0	lts_1002I_02_01	02	01	0	429	0	0	0	CR	MAX	Aantiquewate3.jpg	Aantiquewate3.jpg	NOKEY	MAX	NOKEY
1443799043776	0	lts_1002I_02_01	02	01	0	430	0	0	0	CR	MAX	16/AWASHRACK.jpg	AWASHRACK.jpg	NOKEY	MAX	NOKEY
1443799045113	0	lts_1002I_02_01	02	01	0	431	128	1	1	Hit	856	128-0/AHONEYJA2.jpg	AHONEYJA2.jpg	SPACE	903	SPACE
1443799048206	0	lts_1002I_02_01	02	01	0	432	0	0	0	CR	MAX	26378596.thl.jpg	26378596.thl.jpg	NOKEY	MAX	NOKEY
1443799051299	0	lts_1002I_02_01	02	01	0	433	0	0	0	CR	MAX	2/AMINICYM6.jpg	AMINICYM6.jpg	NOKEY	MAX	NOKEY
1443799054375	0	lts_1002I_02_01	02	01	0	434	0	0	0	CR	MAX	26437068.thl.jpg	26437068.thl.jpg	NOKEY	MAX	NOKEY
1443799055394	0	lts_1002I_02_01	02	01	0	435	2	1	1	Hit	549	2-12/AMINICYM6.jpg	AMINICYM6.jpg	SPACE	584	SPACE
1443799058471	0	lts_1002I_02_01	02	01	0	436	0	0	0	CR	MAX	4/ADRAWBRI3.jpg	ADRAWBRI3.jpg	NOKEY	MAX	NOKEY
1443799061563	0	lts_1002I_02_01	02	01	0	437	0	0	0	CR	MAX	Acartofgroce3.jpg	Acartofgroce3.jpg	NOKEY	MAX	NOKEY
1443799064639	0	lts_1002I_02_01	02	01	0	438	0	0	0	CR	MAX	AHOCKPANT.jpg	AHOCKPANT.jpg	NOKEY	MAX	NOKEY
1443799067715	0	lts_1002I_02_01	02	01	0	439	0	0	0	CR	MAX	8029214.thl.jpg	8029214.thl.jpg	NOKEY	MAX	NOKEY
1443799068785	0	lts_1002I_02_01	02	01	0	440	4	1	1	Hit	588	4-9/ADRAWBRI3.jpg	ADRAWBRI3.jpg	SPACE	635	SPACE
1443799071861	0	lts_1002I_02_01	02	01	0	441	0	0	0	CR	MAX	Aroadsignind3.jpg	Aroadsignind3.jpg	NOKEY	MAX	NOKEY
1443799074937	0	lts_1002I_02_01	02	01	0	442	0	0	0	CR	MAX	23016343.thl.jpg	23016343.thl.jpg	NOKEY	MAX	NOKEY
1443799078014	0	lts_1002I_02_01	02	01	0	443	0	0	0	CR	MAX	Abrooch104.jpg	Abrooch104.jpg	NOKEY	MAX	NOKEY
1443799081106	0	lts_1002I_02_01	02	01	0	444	0	0	0	CR	MAX	ACOMPACT.jpg	ACOMPACT.jpg	NOKEY	MAX	NOKEY
1443799084182	0	lts_1002I_02_01	02	01	0	445	0	0	0	CR	MAX	26440629.thl.jpg	26440629.thl.jpg	NOKEY	MAX	NOKEY
1443799085286	0	lts_1002I_02_01	02	01	0	446	16	1	1	Hit	619	16-first/AWASHRACK.jpg	AWASHRACK.jpg	SPACE	669	SPACE
1443799088362	0	lts_1002I_02_01	02	01	0	447	0	0	0	CR	MAX	Adog122.jpg	Adog122.jpg	NOKEY	MAX	NOKEY
1443799089281	0	lts_1002I_02_01	02	01	0	448	2	1	1	Hit	443	2-mul/AWASHRACK.jpg	AWASHRACK.jpg	SPACE	485	SPACE
1443799092357	0	lts_1002I_02_01	02	01	0	449	0	0	0	CR	MAX	26424291.thl.jpg	26424291.thl.jpg	NOKEY	MAX	NOKEY
1443799386189	0	lts_1002I_02_01	02	01	1	0	0	0	0	CR	MAX	ASTONEOWL.jpg	ASTONEOWL.jpg	NOKEY	MAX	NOKEY
1443799389265	0	lts_1002I_02_01	02	01	1	1	0	0	0	CR	MAX	26419025.thl.jpg	26419025.thl.jpg	NOKEY	MAX	NOKEY
1443799390619	0	lts_1002I_02_01	02	01	1	2	00	1	1	Hit	882	00-across/26374787.thl.jpg	26374787.thl.jpg	SPACE	920	SPACE
1443799393712	0	lts_1002I_02_01	02	01	1	3	0	0	0	CR	MAX	2/26373068.thl.jpg	26373068.thl.jpg	NOKEY	MAX	NOKEY
1443799396788	0	lts_1002I_02_01	02	01	1	4	0	0	0	CR	MAX	AKETTLE35.jpg	AKETTLE35.jpg	NOKEY	MAX	NOKEY
1443799397874	0	lts_1002I_02_01	02	01	1	5	2	1	1	Hit	613	2-9/26373068.thl.jpg	26373068.thl.jpg	SPACE	652	SPACE
1443799400949	0	lts_1002I_02_01	02	01	1	6	0	0	0	CR	MAX	AHAZELNU3.jpg	AHAZELNU3.jpg	NOKEY	MAX	NOKEY
1443799404026	0	lts_1002I_02_01	02	01	1	7	0	0	0	CR	MAX	2/Abedpan7.jpg	Abedpan7.jpg	NOKEY	MAX	NOKEY
1443799407103	0	lts_1002I_02_01	02	01	1	8	0	0	0	CR	MAX	22825932.thl.jpg	22825932.thl.jpg	NOKEY	MAX	NOKEY
1443799408139	0	lts_1002I_02_01	02	01	1	9	2	1	1	Hit	551	2-11/Abedpan7.jpg	Abedpan7.jpg	SPACE	602	SPACE
1443799411215	0	lts_1002I_02_01	02	01	1	10	0	0	0	CR	MAX	1/Atoy12.jpg	Atoy12.jpg	NOKEY	MAX	NOKEY
1443799412151	0	lts_1002I_02_01	02	01	1	11	1	1	1	Hit	451	1-14/Atoy12.jpg	Atoy12.jpg	SPACE	501	SPACE
1443799415227	0	lts_1002I_02_01	02	01	1	12	0	0	0	CR	MAX	32/satellitedirecttc.jpg	satellitedirecttc.jpg	NOKEY	MAX	NOKEY
1443799418303	0	lts_1002I_02_01	02	01	1	13	0	0	0	CR	MAX	8/AMILKJUG.jpg	AMILKJUG.jpg	NOKEY	MAX	NOKEY
1443799421380	0	lts_1002I_02_01	02	01	1	14	0	0	0	CR	MAX	128/gymbars2.jpg	gymbars2.jpg	NOKEY	MAX	NOKEY
1443799424456	0	lts_1002I_02_01	02	01	1	15	0	0	0	CR	MAX	32/26374605.thl.jpg	26374605.thl.jpg	NOKEY	MAX	NOKEY
1443799427532	0	lts_1002I_02_01	02	01	1	16	0	0	0	CR	MAX	2/ASPACEHE5.jpg	ASPACEHE5.jpg	NOKEY	MAX	NOKEY
1443799430625	0	lts_1002I_02_01	02	01	1	17	0	0	0	CR	MAX	26443034.thl.jpg	26443034.thl.jpg	NOKEY	MAX	NOKEY
1443799431862	0	lts_1002I_02_01	02	01	1	18	2	1	1	Hit	763	2-6/ASPACEHE5.jpg	ASPACEHE5.jpg	SPACE	802	SPACE
1443799434937	0	lts_1002I_02_01	02	01	1	19	0	0	0	CR	MAX	4/ASCREW7.jpg	ASCREW7.jpg	NOKEY	MAX	NOKEY
1443799438014	0	lts_1002I_02_01	02	01	1	20	0	0	0	CR	MAX	monkeypuppet.jpg	monkeypuppet.jpg	NOKEY	MAX	NOKEY
1443799439067	0	lts_1002I_02_01	02	01	1	21	8	1	1	Hit	580	8-first/AMILKJUG.jpg	AMILKJUG.jpg	SPACE	619	SPACE
1443799442143	0	lts_1002I_02_01	02	01	1	22	0	0	0	CR	MAX	ABLAKBEN2.jpg	ABLAKBEN2.jpg	NOKEY	MAX	NOKEY
1443799443280	0	lts_1002I_02_01	02	01	1	23	4	1	1	Hit	660	4-8/ASCREW7.jpg	ASCREW7.jpg	SPACE	703	SPACE
1443799446356	0	lts_1002I_02_01	02	01	1	24	0	0	0	CR	MAX	Atombstone17.jpg	Atombstone17.jpg	NOKEY	MAX	NOKEY
1443799449432	0	lts_1002I_02_01	02	01	1	25	0	0	0	CR	MAX	128/ABLACKB12.jpg	ABLACKB12.jpg	NOKEY	MAX	NOKEY
1443799452508	0	lts_1002I_02_01	02	01	1	26	0	0	0	CR	MAX	1/Anotepad9.jpg	Anotepad9.jpg	NOKEY	MAX	NOKEY
1443799453444	0	lts_1002I_02_01	02	01	1	27	1	1	1	Hit	454	1-4/Anotepad9.jpg	Anotepad9.jpg	SPACE	502	SPACE
1443799456520	0	lts_1002I_02_01	02	01	1	28	0	0	0	CR	MAX	32/AFUNNEL4.jpg	AFUNNEL4.jpg	NOKEY	MAX	NOKEY
1443799459613	0	lts_1002I_02_01	02	01	1	29	0	0	0	CR	MAX	64/ACHESSPI4.jpg	ACHESSPI4.jpg	NOKEY	MAX	NOKEY
1443799462715	0	lts_1002I_02_01	02	01	1	30	0	0	0	CR	MAX	image004.jpg	image004.jpg	NOKEY	MAX	NOKEY
1443799464186	0	lts_1002I_02_01	02	01	1	31	0	0	1	FA	972	2/ABILLTABL.jpg	ABILLTABL.jpg	SPACE	1020	NOKEY
1443799467262	0	lts_1002I_02_01	02	01	1	32	0	0	0	CR	MAX	ABAROMET2.jpg	ABAROMET2.jpg	NOKEY	MAX	NOKEY
1443799468265	0	lts_1002I_02_01	02	01	1	33	2	1	1	Hit	530	2-7/ABILLTABL.jpg	ABILLTABL.jpg	SPACE	569	SPACE
1443799471341	0	lts_1002I_02_01	02	01	1	34	0	0	0	CR	MAX	AWINTERH2.jpg	AWINTERH2.jpg	NOKEY	MAX	NOKEY
1443799474417	0	lts_1002I_02_01	02	01	1	35	0	0	0	CR	MAX	4/ADIAMCRYS.jpg	ADIAMCRYS.jpg	NOKEY	MAX	NOKEY
1443799477510	0	lts_1002I_02_01	02	01	1	36	0	0	0	CR	MAX	gondola.jpg	gondola.jpg	NOKEY	MAX	NOKEY
1443799478563	0	lts_1002I_02_01	02	01	1	37	16	1	1	Hit	569	16-mul/AMILKJUG.jpg	AMILKJUG.jpg	SPACE	619	SPACE
1443799481639	0	lts_1002I_02_01	02	01	1	38	0	0	0	CR	MAX	26432848.thl.jpg	26432848.thl.jpg	NOKEY	MAX	NOKEY
1443799482642	0	lts_1002I_02_01	02	01	1	39	4	1	1	Hit	524	4-5/ADIAMCRYS.jpg	ADIAMCRYS.jpg	SPACE	568	SPACE
1443799485718	0	lts_1002I_02_01	02	01	1	40	0	0	0	CR	MAX	2/Awindow19.jpg	Awindow19.jpg	NOKEY	MAX	NOKEY
1443799488794	0	lts_1002I_02_01	02	01	1	41	0	0	0	CR	MAX	64/Abird41.jpg	Abird41.jpg	NOKEY	MAX	NOKEY
1443799489731	0	lts_1002I_02_01	02	01	1	42	2	1	1	Hit	466	2-10/Awindow19.jpg	Awindow19.jpg	SPACE	501	SPACE
1443799492807	0	lts_1002I_02_01	02	01	1	43	0	0	0	CR	MAX	8/26431414.thl.jpg	26431414.thl.jpg	NOKEY	MAX	NOKEY
1443799493943	0	lts_1002I_02_01	02	01	1	44	32	1	1	Hit	661	32-4/satellitedirecttc.jpg	satellitedirecttc.jpg	SPACE	702	SPACE
1443799497036	0	lts_1002I_02_01	02	01	1	45	0	0	0	CR	MAX	ABROWCONT.jpg	ABROWCONT.jpg	NOKEY	MAX	NOKEY
1443799500112	0	lts_1002I_02_01	02	01	1	46	0	0	0	CR	MAX	AHEADLIG9.jpg	AHEADLIG9.jpg	NOKEY	MAX	NOKEY
1443799503188	0	lts_1002I_02_01	02	01	1	47	32	1	0	Miss	MAX	32-1/26374605.thl.jpg	26374605.thl.jpg	NOKEY	MAX	SPACE
1443799506281	0	lts_1002I_02_01	02	01	1	48	0	0	0	CR	MAX	A25thdec3.jpg	A25thdec3.jpg	NOKEY	MAX	NOKEY
1443799509374	0	lts_1002I_02_01	02	01	1	49	0	0	0	CR	MAX	32/26424440.thl.jpg	26424440.thl.jpg	NOKEY	MAX	NOKEY
1443799512450	0	lts_1002I_02_01	02	01	1	50	0	0	0	CR	MAX	dragon.jpg	dragon.jpg	NOKEY	MAX	NOKEY
1443799513453	0	lts_1002I_02_01	02	01	1	51	8	1	1	Hit	532	8-first/26431414.thl.jpg	26431414.thl.jpg	SPACE	569	SPACE
1443799516529	0	lts_1002I_02_01	02	01	1	52	0	0	0	CR	MAX	AHOSPWAS2.jpg	AHOSPWAS2.jpg	NOKEY	MAX	NOKEY
1443799519622	0	lts_1002I_02_01	02	01	1	53	0	0	0	CR	MAX	B_brush.jpg	B_brush.jpg	NOKEY	MAX	NOKEY
1443799522698	0	lts_1002I_02_01	02	01	1	54	0	0	0	CR	MAX	26420069.thl.jpg	26420069.thl.jpg	NOKEY	MAX	NOKEY
1443799523751	0	lts_1002I_02_01	02	01	1	55	4	1	1	Hit	575	4-mul/26431414.thl.jpg	26431414.thl.jpg	SPACE	618	SPACE
1443799526827	0	lts_1002I_02_01	02	01	1	56	0	0	0	CR	MAX	26374798.thl.jpg	26374798.thl.jpg	NOKEY	MAX	NOKEY
1443799529902	0	lts_1002I_02_01	02	01	1	57	0	0	0	CR	MAX	32/26427983.thl.jpg	26427983.thl.jpg	NOKEY	MAX	NOKEY
1443799530939	0	lts_1002I_02_01	02	01	1	58	00	1	1	Hit	557	00-across/ACUTBOAR2.jpg	ACUTBOAR2.jpg	SPACE	603	SPACE
1443799534016	0	lts_1002I_02_01	02	01	1	59	0	0	0	CR	MAX	Acardinal2.jpg	Acardinal2.jpg	NOKEY	MAX	NOKEY
1443799535220	0	lts_1002I_02_01	02	01	1	60	32	1	1	Hit	725	32-8/AFUNNEL4.jpg	AFUNNEL4.jpg	SPACE	769	SPACE
1443799538296	0	lts_1002I_02_01	02	01	1	61	0	0	0	CR	MAX	A52ZX.jpg	A52ZX.jpg	NOKEY	MAX	NOKEY
1443799541372	0	lts_1002I_02_01	02	01	1	62	0	0	0	CR	MAX	Ababybottle15.jpg	Ababybottle15.jpg	NOKEY	MAX	NOKEY
1443799544465	0	lts_1002I_02_01	02	01	1	63	0	0	0	CR	MAX	AANBABYCA.jpg	AANBABYCA.jpg	NOKEY	MAX	NOKEY
1443799547541	0	lts_1002I_02_01	02	01	1	64	0	0	0	CR	MAX	64/AWOODST11.jpg	AWOODST11.jpg	NOKEY	MAX	NOKEY
1443799550633	0	lts_1002I_02_01	02	01	1	65	0	0	0	CR	MAX	2/dustpan02.jpg	dustpan02.jpg	NOKEY	MAX	NOKEY
1443799553710	0	lts_1002I_02_01	02	01	1	66	0	0	0	CR	MAX	Ababycup2.jpg	Ababycup2.jpg	NOKEY	MAX	NOKEY
1443799554946	0	lts_1002I_02_01	02	01	1	67	2	1	1	Hit	758	2-2/dustpan02.jpg	dustpan02.jpg	SPACE	802	SPACE
1443799558039	0	lts_1002I_02_01	02	01	1	68	0	0	0	CR	MAX	ASTONHOU2.jpg	ASTONHOU2.jpg	NOKEY	MAX	NOKEY
1443799561132	0	lts_1002I_02_01	02	01	1	69	0	0	0	CR	MAX	AFILMCUTT.jpg	AFILMCUTT.jpg	NOKEY	MAX	NOKEY
1443799562202	0	lts_1002I_02_01	02	01	1	70	00	1	1	Hit	598	00-across/AGUINEAP2.jpg	AGUINEAP2.jpg	SPACE	635	SPACE
1443799565278	0	lts_1002I_02_01	02	01	1	71	0	0	0	CR	MAX	4/Atable132.jpg	Atable132.jpg	NOKEY	MAX	NOKEY
1443799568371	0	lts_1002I_02_01	02	01	1	72	0	0	0	CR	MAX	Adeer16.jpg	Adeer16.jpg	NOKEY	MAX	NOKEY
1443799571447	0	lts_1002I_02_01	02	01	1	73	0	0	0	CR	MAX	ACREPMAK3.jpg	ACREPMAK3.jpg	NOKEY	MAX	NOKEY
1443799574523	0	lts_1002I_02_01	02	01	1	74	0	0	0	CR	MAX	ASALTPEPP.jpg	ASALTPEPP.jpg	NOKEY	MAX	NOKEY
1443799575593	0	lts_1002I_02_01	02	01	1	75	4	1	1	Hit	586	4-0/Atable132.jpg	Atable132.jpg	SPACE	635	SPACE
1443799578686	0	lts_1002I_02_01	02	01	1	76	0	0	0	CR	MAX	1/ASALABOW4.jpg	ASALABOW4.jpg	NOKEY	MAX	NOKEY
1443799579622	0	lts_1002I_02_01	02	01	1	77	1	1	1	Hit	455	1-8/ASALABOW4.jpg	ASALABOW4.jpg	SPACE	502	SPACE
1443799582698	0	lts_1002I_02_01	02	01	1	78	0	0	0	CR	MAX	Abladetablesa.jpg	Abladetablesa.jpg	NOKEY	MAX	NOKEY
1443799585824	0	lts_1002I_02_01	02	01	1	79	0	0	0	CR	MAX	Aantiquepock3.jpg	Aantiquepock3.jpg	NOKEY	MAX	NOKEY
1443799588916	0	lts_1002I_02_01	02	01	1	80	0	0	0	CR	MAX	AMINITRE7.jpg	AMINITRE7.jpg	NOKEY	MAX	NOKEY
1443799590204	0	lts_1002I_02_01	02	01	1	81	32	1	1	Hit	818	32-6/26424440.thl.jpg	26424440.thl.jpg	SPACE	853	SPACE
1443799593280	0	lts_1002I_02_01	02	01	1	82	0	0	0	CR	MAX	311-863-217.jpg	311-863-217.jpg	NOKEY	MAX	NOKEY
1443799596356	0	lts_1002I_02_01	02	01	1	83	0	0	0	CR	MAX	Apolicehelme5.jpg	Apolicehelme5.jpg	NOKEY	MAX	NOKEY
1443799599433	0	lts_1002I_02_01	02	01	1	84	0	0	0	CR	MAX	2/AARCCHAR2.jpg	AARCCHAR2.jpg	NOKEY	MAX	NOKEY
1443799602509	0	lts_1002I_02_01	02	01	1	85	0	0	0	CR	MAX	26418207.thl.jpg	26418207.thl.jpg	NOKEY	MAX	NOKEY
1443799605585	0	lts_1002I_02_01	02	01	1	86	2	1	0	Miss	MAX	2-12/AARCCHAR2.jpg	AARCCHAR2.jpg	NOKEY	MAX	SPACE
1443799608677	0	lts_1002I_02_01	02	01	1	87	0	0	0	CR	MAX	4/26467460.thl.jpg	26467460.thl.jpg	NOKEY	MAX	NOKEY
1443799611754	0	lts_1002I_02_01	02	01	1	88	0	0	0	CR	MAX	Aspokesfaste2.jpg	Aspokesfaste2.jpg	NOKEY	MAX	NOKEY
1443799614830	0	lts_1002I_02_01	02	01	1	89	32	1	0	Miss	MAX	32-9/26427983.thl.jpg	26427983.thl.jpg	NOKEY	MAX	SPACE
1443799617905	0	lts_1002I_02_01	02	01	1	90	0	0	0	CR	MAX	AEXERCBIK.jpg	AEXERCBIK.jpg	NOKEY	MAX	NOKEY
1443799619009	0	lts_1002I_02_01	02	01	1	91	4	1	1	Hit	632	4-6/26467460.thl.jpg	26467460.thl.jpg	SPACE	670	SPACE
1443799622085	0	lts_1002I_02_01	02	01	1	92	0	0	0	CR	MAX	8/22849344.thl.jpg	22849344.thl.jpg	NOKEY	MAX	NOKEY
1443799623489	0	lts_1002I_02_01	02	01	1	93	64	1	1	Hit	919	64-first/ACHESSPI4.jpg	ACHESSPI4.jpg	SPACE	969	SPACE
1443799626565	0	lts_1002I_02_01	02	01	1	94	0	0	0	CR	MAX	Aruler16.jpg	Aruler16.jpg	NOKEY	MAX	NOKEY
1443799629642	0	lts_1002I_02_01	02	01	1	95	0	0	0	CR	MAX	Astonecarvin8.jpg	Astonecarvin8.jpg	NOKEY	MAX	NOKEY
1443799632718	0	lts_1002I_02_01	02	01	1	96	0	0	0	CR	MAX	AANGLE.jpg	AANGLE.jpg	NOKEY	MAX	NOKEY
1443799633704	0	lts_1002I_02_01	02	01	1	97	4	1	1	Hit	504	4-mul/ACHESSPI4.jpg	ACHESSPI4.jpg	SPACE	552	SPACE
1443799636797	0	lts_1002I_02_01	02	01	1	98	0	0	0	CR	MAX	corkscrew02.jpg	corkscrew02.jpg	NOKEY	MAX	NOKEY
1443799639873	0	lts_1002I_02_01	02	01	1	99	0	0	0	CR	MAX	ADOGLEAS2.jpg	ADOGLEAS2.jpg	NOKEY	MAX	NOKEY
1443799640842	0	lts_1002I_02_01	02	01	1	100	8	1	1	Hit	490	8-1/22849344.thl.jpg	22849344.thl.jpg	SPACE	535	SPACE
1443799643917	0	lts_1002I_02_01	02	01	1	101	0	0	0	CR	MAX	Agasblower2.jpg	Agasblower2.jpg	NOKEY	MAX	NOKEY
1443799646994	0	lts_1002I_02_01	02	01	1	102	0	0	0	CR	MAX	AAIRBLOW.jpg	AAIRBLOW.jpg	NOKEY	MAX	NOKEY
1443799650071	0	lts_1002I_02_01	02	01	1	103	0	0	0	CR	MAX	APIRAFLAG.jpg	APIRAFLAG.jpg	NOKEY	MAX	NOKEY
1443799653163	0	lts_1002I_02_01	02	01	1	104	0	0	0	CR	MAX	Acatstatue3.jpg	Acatstatue3.jpg	NOKEY	MAX	NOKEY
1443799654451	0	lts_1002I_02_01	02	01	1	105	64	1	1	Hit	811	64-first/Abird41.jpg	Abird41.jpg	SPACE	852	SPACE
1443799657527	0	lts_1002I_02_01	02	01	1	106	0	0	0	CR	MAX	catslglol.jpg	catslglol.jpg	NOKEY	MAX	NOKEY
1443799660603	0	lts_1002I_02_01	02	01	1	107	0	0	0	CR	MAX	8/26375641.thl.jpg	26375641.thl.jpg	NOKEY	MAX	NOKEY
1443799663679	0	lts_1002I_02_01	02	01	1	108	0	0	0	CR	MAX	26419324.thl.jpg	26419324.thl.jpg	NOKEY	MAX	NOKEY
1443799666755	0	lts_1002I_02_01	02	01	1	109	0	0	0	CR	MAX	ARUSSDO13.jpg	ARUSSDO13.jpg	NOKEY	MAX	NOKEY
1443799669831	0	lts_1002I_02_01	02	01	1	110	0	0	0	CR	MAX	underwear.jpg	underwear.jpg	NOKEY	MAX	NOKEY
1443799672923	0	lts_1002I_02_01	02	01	1	111	0	0	0	CR	MAX	26384637.thl.jpg	26384637.thl.jpg	NOKEY	MAX	NOKEY
1443799676017	0	lts_1002I_02_01	02	01	1	112	0	0	0	CR	MAX	128/22861656.thl.jpg	22861656.thl.jpg	NOKEY	MAX	NOKEY
1443799679093	0	lts_1002I_02_01	02	01	1	113	0	0	0	CR	MAX	AANTFRYI2.jpg	AANTFRYI2.jpg	NOKEY	MAX	NOKEY
1443799682185	0	lts_1002I_02_01	02	01	1	114	0	0	0	CR	MAX	cannoli.jpg	cannoli.jpg	NOKEY	MAX	NOKEY
1443799683272	0	lts_1002I_02_01	02	01	1	115	8	1	1	Hit	607	8-first/26375641.thl.jpg	26375641.thl.jpg	SPACE	652	SPACE
1443799686365	0	lts_1002I_02_01	02	01	1	116	0	0	0	CR	MAX	ADINGHY.jpg	ADINGHY.jpg	NOKEY	MAX	NOKEY
1443799687351	0	lts_1002I_02_01	02	01	1	117	2	1	1	Hit	505	2-mul/26375641.thl.jpg	26375641.thl.jpg	SPACE	551	SPACE
1443799690444	0	lts_1002I_02_01	02	01	1	118	0	0	0	CR	MAX	Acase2.jpg	Acase2.jpg	NOKEY	MAX	NOKEY
1443799693520	0	lts_1002I_02_01	02	01	1	119	0	0	0	CR	MAX	4/26427906.thl.jpg	26427906.thl.jpg	NOKEY	MAX	NOKEY
1443799696596	0	lts_1002I_02_01	02	01	1	120	0	0	0	CR	MAX	ABAKBRUS2.jpg	ABAKBRUS2.jpg	NOKEY	MAX	NOKEY
1443799697649	0	lts_1002I_02_01	02	01	1	121	16	1	1	Hit	575	16-mul/Abird41.jpg	Abird41.jpg	SPACE	618	SPACE
1443799700725	0	lts_1002I_02_01	02	01	1	122	0	0	0	CR	MAX	AARMCHA25.jpg	AARMCHA25.jpg	NOKEY	MAX	NOKEY
1443799701712	0	lts_1002I_02_01	02	01	1	123	4	1	1	Hit	515	4-7/26427906.thl.jpg	26427906.thl.jpg	SPACE	552	SPACE
1443799704788	0	lts_1002I_02_01	02	01	1	124	0	0	0	CR	MAX	2/ACAESALAD.jpg	ACAESALAD.jpg	NOKEY	MAX	NOKEY
1443799707864	0	lts_1002I_02_01	02	01	1	125	0	0	0	CR	MAX	Agnu.jpg	Agnu.jpg	NOKEY	MAX	NOKEY
1443799709151	0	lts_1002I_02_01	02	01	1	126	2	1	1	Hit	805	2-0/ACAESALAD.jpg	ACAESALAD.jpg	SPACE	853	SPACE
1443799712244	0	lts_1002I_02_01	02	01	1	127	0	0	0	CR	MAX	Adrum22.jpg	Adrum22.jpg	NOKEY	MAX	NOKEY
1443799715320	0	lts_1002I_02_01	02	01	1	128	64	1	0	Miss	MAX	64-first/AWOODST11.jpg	AWOODST11.jpg	NOKEY	MAX	SPACE
1443799718396	0	lts_1002I_02_01	02	01	1	129	0	0	0	CR	MAX	26451318.thl.jpg	26451318.thl.jpg	NOKEY	MAX	NOKEY
1443799719449	0	lts_1002I_02_01	02	01	1	130	2	1	1	Hit	572	2-mul/AWOODST11.jpg	AWOODST11.jpg	SPACE	618	SPACE
1443799722525	0	lts_1002I_02_01	02	01	1	131	0	0	0	CR	MAX	32/ADRYWOOD.jpg	ADRYWOOD.jpg	NOKEY	MAX	NOKEY
1443799723679	0	lts_1002I_02_01	02	01	1	132	00	1	1	Hit	671	00-across/ADRAWBRI3.jpg	ADRAWBRI3.jpg	SPACE	719	SPACE
1443799724849	0	lts_1002I_02_01	02	01	1	133	0	0	1	FA	690	butter03.jpg	butter03.jpg	SPACE	736	NOKEY
1443799727941	0	lts_1002I_02_01	02	01	1	134	0	0	0	CR	MAX	ACAMPSTO7.jpg	ACAMPSTO7.jpg	NOKEY	MAX	NOKEY
1443799731035	0	lts_1002I_02_01	02	01	1	135	0	0	0	CR	MAX	Aplastichousi.jpg	Aplastichousi.jpg	NOKEY	MAX	NOKEY
1443799734111	0	lts_1002I_02_01	02	01	1	136	0	0	0	CR	MAX	APLASCONT.jpg	APLASCONT.jpg	NOKEY	MAX	NOKEY
1443799737187	0	lts_1002I_02_01	02	01	1	137	0	0	0	CR	MAX	AGRILL3.jpg	AGRILL3.jpg	NOKEY	MAX	NOKEY
1443799740263	0	lts_1002I_02_01	02	01	1	138	0	0	0	CR	MAX	wetsuit1.jpg	wetsuit1.jpg	NOKEY	MAX	NOKEY
1443799743339	0	lts_1002I_02_01	02	01	1	139	0	0	0	CR	MAX	16/ADRESS2.jpg	ADRESS2.jpg	NOKEY	MAX	NOKEY
1443799746415	0	lts_1002I_02_01	02	01	1	140	0	0	0	CR	MAX	Aavocado7.jpg	Aavocado7.jpg	NOKEY	MAX	NOKEY
1443799749491	0	lts_1002I_02_01	02	01	1	141	0	0	0	CR	MAX	26685596.thl.jpg	26685596.thl.jpg	NOKEY	MAX	NOKEY
1443799752567	0	lts_1002I_02_01	02	01	1	142	128	1	0	Miss	MAX	128-2/gymbars2.jpg	gymbars2.jpg	NOKEY	MAX	SPACE
1443799755643	0	lts_1002I_02_01	02	01	1	143	0	0	0	CR	MAX	22857084.thl.jpg	22857084.thl.jpg	NOKEY	MAX	NOKEY
1443799758719	0	lts_1002I_02_01	02	01	1	144	0	0	0	CR	MAX	4/gingerroot.jpg	gingerroot.jpg	NOKEY	MAX	NOKEY
1443799761795	0	lts_1002I_02_01	02	01	1	145	0	0	0	CR	MAX	ADRESSE14.jpg	ADRESSE14.jpg	NOKEY	MAX	NOKEY
1443799764871	0	lts_1002I_02_01	02	01	1	146	0	0	0	CR	MAX	15870946.thl.jpg	15870946.thl.jpg	NOKEY	MAX	NOKEY
1443799767947	0	lts_1002I_02_01	02	01	1	147	0	0	0	CR	MAX	ATOWELRA3.jpg	ATOWELRA3.jpg	NOKEY	MAX	NOKEY
1443799769218	0	lts_1002I_02_01	02	01	1	148	4	1	1	Hit	791	4-4/gingerroot.jpg	gingerroot.jpg	SPACE	837	SPACE
1443799772294	0	lts_1002I_02_01	02	01	1	149	0	0	0	CR	MAX	Ametalhousin4.jpg	Ametalhousin4.jpg	NOKEY	MAX	NOKEY
1443799775370	0	lts_1002I_02_01	02	01	1	150	0	0	0	CR	MAX	AAIRGRIN2.jpg	AAIRGRIN2.jpg	NOKEY	MAX	NOKEY
1443799778446	0	lts_1002I_02_01	02	01	1	151	0	0	0	CR	MAX	16/ADECKCARD.jpg	ADECKCARD.jpg	NOKEY	MAX	NOKEY
1443799781522	0	lts_1002I_02_01	02	01	1	152	0	0	0	CR	MAX	Aorcatoy4.jpg	Aorcatoy4.jpg	NOKEY	MAX	NOKEY
1443799784598	0	lts_1002I_02_01	02	01	1	153	128	1	0	Miss	MAX	128-4/ABLACKB12.jpg	ABLACKB12.jpg	NOKEY	MAX	SPACE
1443799787691	0	lts_1002I_02_01	02	01	1	154	0	0	0	CR	MAX	fireextinguisher.jpg	fireextinguisher.jpg	NOKEY	MAX	NOKEY
1443799788977	0	lts_1002I_02_01	02	01	1	155	16	1	1	Hit	810	16-first/ADRESS2.jpg	ADRESS2.jpg	SPACE	852	SPACE
1443799792055	0	lts_1002I_02_01	02	01	1	156	0	0	0	CR	MAX	AHEARTSPO.jpg	AHEARTSPO.jpg	NOKEY	MAX	NOKEY
1443799793175	0	lts_1002I_02_01	02	01	1	157	2	1	1	Hit	645	2-mul/ADRESS2.jpg	ADRESS2.jpg	SPACE	685	SPACE
1443799796267	0	lts_1002I_02_01	02	01	1	158	0	0	0	CR	MAX	ARATTLE.jpg	ARATTLE.jpg	NOKEY	MAX	NOKEY
1443799799343	0	lts_1002I_02_01	02	01	1	159	0	0	0	CR	MAX	showercurtainsuchi.jpg	showercurtainsuchi.jpg	NOKEY	MAX	NOKEY
1443799802419	0	lts_1002I_02_01	02	01	1	160	0	0	0	CR	MAX	Anailpolish.jpg	Anailpolish.jpg	NOKEY	MAX	NOKEY
1443799805512	0	lts_1002I_02_01	02	01	1	161	0	0	0	CR	MAX	8/AHUNTVES2.jpg	AHUNTVES2.jpg	NOKEY	MAX	NOKEY
1443799808588	0	lts_1002I_02_01	02	01	1	162	0	0	0	CR	MAX	8077486.thl.jpg	8077486.thl.jpg	NOKEY	MAX	NOKEY
1443799810160	0	lts_1002I_02_01	02	01	1	163	32	1	1	Hit	1094	32-7/ADRYWOOD.jpg	ADRYWOOD.jpg	SPACE	1137	SPACE
1443799813236	0	lts_1002I_02_01	02	01	1	164	0	0	0	CR	MAX	outdoorheater.jpg	outdoorheater.jpg	NOKEY	MAX	NOKEY
1443799816312	0	lts_1002I_02_01	02	01	1	165	0	0	0	CR	MAX	26384554.thl.jpg	26384554.thl.jpg	NOKEY	MAX	NOKEY
1443799819388	0	lts_1002I_02_01	02	01	1	166	0	0	0	CR	MAX	Aroadsignin15.jpg	Aroadsignin15.jpg	NOKEY	MAX	NOKEY
1443799820908	0	lts_1002I_02_01	02	01	1	167	16	1	1	Hit	1043	16-first/ADECKCARD.jpg	ADECKCARD.jpg	SPACE	1086	SPACE
1443799824002	0	lts_1002I_02_01	02	01	1	168	0	0	0	CR	MAX	Awindmill4.jpg	Awindmill4.jpg	NOKEY	MAX	NOKEY
1443799825139	0	lts_1002I_02_01	02	01	1	169	8	1	1	Hit	667	8-first/AHUNTVES2.jpg	AHUNTVES2.jpg	SPACE	702	SPACE
1443799828232	0	lts_1002I_02_01	02	01	1	170	0	0	0	CR	MAX	ACHRIST14.jpg	ACHRIST14.jpg	NOKEY	MAX	NOKEY
1443799829235	0	lts_1002I_02_01	02	01	1	171	2	1	1	Hit	528	2-mul/AHUNTVES2.jpg	AHUNTVES2.jpg	SPACE	569	SPACE
1443799832311	0	lts_1002I_02_01	02	01	1	172	0	0	0	CR	MAX	ADRUMSET3.jpg	ADRUMSET3.jpg	NOKEY	MAX	NOKEY
1443799835404	0	lts_1002I_02_01	02	01	1	173	0	0	0	CR	MAX	ABARBCHA3.jpg	ABARBCHA3.jpg	NOKEY	MAX	NOKEY
1443799838480	0	lts_1002I_02_01	02	01	1	174	0	0	0	CR	MAX	2/AMIXBOAR2.jpg	AMIXBOAR2.jpg	NOKEY	MAX	NOKEY
1443799841556	0	lts_1002I_02_01	02	01	1	175	0	0	0	CR	MAX	16/ASHIRTSK2.jpg	ASHIRTSK2.jpg	NOKEY	MAX	NOKEY
1443799842592	0	lts_1002I_02_01	02	01	1	176	2	1	1	Hit	563	2-13/AMIXBOAR2.jpg	AMIXBOAR2.jpg	SPACE	602	SPACE
1443799845685	0	lts_1002I_02_01	02	01	1	177	0	0	0	CR	MAX	128/bagelslicer.jpg	bagelslicer.jpg	NOKEY	MAX	NOKEY
1443799848761	0	lts_1002I_02_01	02	01	1	178	0	0	0	CR	MAX	26427609.thl.jpg	26427609.thl.jpg	NOKEY	MAX	NOKEY
1443799851837	0	lts_1002I_02_01	02	01	1	179	0	0	0	CR	MAX	AWEIGHT11.jpg	AWEIGHT11.jpg	NOKEY	MAX	NOKEY
1443799854912	0	lts_1002I_02_01	02	01	1	180	0	0	0	CR	MAX	32/26375611.thl.jpg	26375611.thl.jpg	NOKEY	MAX	NOKEY
1443799857988	0	lts_1002I_02_01	02	01	1	181	0	0	0	CR	MAX	Acinnamonrol2.jpg	Acinnamonrol2.jpg	NOKEY	MAX	NOKEY
1443799861065	0	lts_1002I_02_01	02	01	1	182	0	0	0	CR	MAX	Acable14.jpg	Acable14.jpg	NOKEY	MAX	NOKEY
1443799862152	0	lts_1002I_02_01	02	01	1	183	16	1	1	Hit	608	16-mul/ADECKCARD.jpg	ADECKCARD.jpg	SPACE	652	SPACE
1443799865228	0	lts_1002I_02_01	02	01	1	184	0	0	0	CR	MAX	Asaltgrinder.jpg	Asaltgrinder.jpg	NOKEY	MAX	NOKEY
1443799868304	0	lts_1002I_02_01	02	01	1	185	0	0	0	CR	MAX	ACHEESEGR.jpg	ACHEESEGR.jpg	NOKEY	MAX	NOKEY
1443799871380	0	lts_1002I_02_01	02	01	1	186	0	0	0	CR	MAX	patioheater.jpg	patioheater.jpg	NOKEY	MAX	NOKEY
1443799874456	0	lts_1002I_02_01	02	01	1	187	0	0	0	CR	MAX	AFRUIT2.jpg	AFRUIT2.jpg	NOKEY	MAX	NOKEY
1443799877532	0	lts_1002I_02_01	02	01	1	188	0	0	0	CR	MAX	APANCAKE3.jpg	APANCAKE3.jpg	NOKEY	MAX	NOKEY
1443799880608	0	lts_1002I_02_01	02	01	1	189	0	0	0	CR	MAX	128/26427910.thl.jpg	26427910.thl.jpg	NOKEY	MAX	NOKEY
1443799883685	0	lts_1002I_02_01	02	01	1	190	0	0	0	CR	MAX	Acoffeebeans2.jpg	Acoffeebeans2.jpg	NOKEY	MAX	NOKEY
1443799884821	0	lts_1002I_02_01	02	01	1	191	16	1	1	Hit	666	16-first/ASHIRTSK2.jpg	ASHIRTSK2.jpg	SPACE	702	SPACE
1443799887896	0	lts_1002I_02_01	02	01	1	192	0	0	0	CR	MAX	pacifierthermometer.jpg	pacifierthermometer.jpg	NOKEY	MAX	NOKEY
1443799889402	0	lts_1002I_02_01	02	01	1	193	2	1	1	Hit	1020	2-mul/ASHIRTSK2.jpg	ASHIRTSK2.jpg	SPACE	1070	SPACE
1443799892478	0	lts_1002I_02_01	02	01	1	194	0	0	0	CR	MAX	2/Ajewisho2.jpg	Ajewisho2.jpg	NOKEY	MAX	NOKEY
1443799895571	0	lts_1002I_02_01	02	01	1	195	0	0	0	CR	MAX	ACREAME11.jpg	ACREAME11.jpg	NOKEY	MAX	NOKEY
1443799896758	0	lts_1002I_02_01	02	01	1	196	2	1	1	Hit	704	2-8/Ajewisho2.jpg	Ajewisho2.jpg	SPACE	753	SPACE
1443799899834	0	lts_1002I_02_01	02	01	1	197	0	0	0	CR	MAX	ACANOPEN6.jpg	ACANOPEN6.jpg	NOKEY	MAX	NOKEY
1443799900854	0	lts_1002I_02_01	02	01	1	198	00	1	1	Hit	550	00-across/AACORN2.jpg	AACORN2.jpg	SPACE	585	SPACE
1443799903929	0	lts_1002I_02_01	02	01	1	199	0	0	0	CR	MAX	045.jpg	045.jpg	NOKEY	MAX	NOKEY
1443799907022	0	lts_1002I_02_01	02	01	1	200	0	0	0	CR	MAX	1/AMEDIEQUI.jpg	AMEDIEQUI.jpg	NOKEY	MAX	NOKEY
1443799907941	0	lts_1002I_02_01	02	01	1	201	1	1	1	Hit	439	1-7/AMEDIEQUI.jpg	AMEDIEQUI.jpg	SPACE	485	SPACE
1443799911018	0	lts_1002I_02_01	02	01	1	202	0	0	0	CR	MAX	16/Agreenplastic.jpg	Agreenplastic.jpg	NOKEY	MAX	NOKEY
1443799914161	0	lts_1002I_02_01	02	01	1	203	0	0	0	CR	MAX	8245207.thl.jpg	8245207.thl.jpg	NOKEY	MAX	NOKEY
1443799917237	0	lts_1002I_02_01	02	01	1	204	0	0	0	CR	MAX	AFULVOUST.jpg	AFULVOUST.jpg	NOKEY	MAX	NOKEY
1443799920313	0	lts_1002I_02_01	02	01	1	205	0	0	0	CR	MAX	128/8249141.thl.jpg	8249141.thl.jpg	NOKEY	MAX	NOKEY
1443799923406	0	lts_1002I_02_01	02	01	1	206	0	0	0	CR	MAX	32/AHALLOWE3.jpg	AHALLOWE3.jpg	NOKEY	MAX	NOKEY
1443799926482	0	lts_1002I_02_01	02	01	1	207	0	0	0	CR	MAX	ANECTARI3.jpg	ANECTARI3.jpg	NOKEY	MAX	NOKEY
1443799929558	0	lts_1002I_02_01	02	01	1	208	0	0	0	CR	MAX	ASPOTLIG2.jpg	ASPOTLIG2.jpg	NOKEY	MAX	NOKEY
1443799932634	0	lts_1002I_02_01	02	01	1	209	0	0	0	CR	MAX	Acandle120.jpg	Acandle120.jpg	NOKEY	MAX	NOKEY
1443799935710	0	lts_1002I_02_01	02	01	1	210	0	0	0	CR	MAX	AANALCIME.jpg	AANALCIME.jpg	NOKEY	MAX	NOKEY
1443799938786	0	lts_1002I_02_01	02	01	1	211	0	0	0	CR	MAX	sardines.jpg	sardines.jpg	NOKEY	MAX	NOKEY
1443799939839	0	lts_1002I_02_01	02	01	1	212	32	1	1	Hit	571	32-0/26375611.thl.jpg	26375611.thl.jpg	SPACE	618	SPACE
1443799942931	0	lts_1002I_02_01	02	01	1	213	0	0	0	CR	MAX	Aleaf75.jpg	Aleaf75.jpg	NOKEY	MAX	NOKEY
1443799946025	0	lts_1002I_02_01	02	01	1	214	0	0	0	CR	MAX	128/35314138.thl.jpg	35314138.thl.jpg	NOKEY	MAX	NOKEY
1443799949118	0	lts_1002I_02_01	02	01	1	215	0	0	0	CR	MAX	1/26425112.thl.jpg	26425112.thl.jpg	NOKEY	MAX	NOKEY
1443799950121	0	lts_1002I_02_01	02	01	1	216	1	1	1	Hit	521	1-9/26425112.thl.jpg	26425112.thl.jpg	SPACE	569	SPACE
1443799953214	0	lts_1002I_02_01	02	01	1	217	0	0	0	CR	MAX	Acliplatch.jpg	Acliplatch.jpg	NOKEY	MAX	NOKEY
1443799954183	0	lts_1002I_02_01	02	01	1	218	16	1	1	Hit	500	16-first/Agreenplastic.jpg	Agreenplastic.jpg	SPACE	535	SPACE
1443799957259	0	lts_1002I_02_01	02	01	1	219	0	0	0	CR	MAX	8/AWASHOPEN.jpg	AWASHOPEN.jpg	NOKEY	MAX	NOKEY
1443799960335	0	lts_1002I_02_01	02	01	1	220	0	0	0	CR	MAX	4/Acandlehold17.jpg	Acandlehold17.jpg	NOKEY	MAX	NOKEY
1443799963411	0	lts_1002I_02_01	02	01	1	221	0	0	0	CR	MAX	Ajesusstatue2.jpg	Ajesusstatue2.jpg	NOKEY	MAX	NOKEY
1443799964398	0	lts_1002I_02_01	02	01	1	222	4	1	1	Hit	502	4-mul/Agreenplastic.jpg	Agreenplastic.jpg	SPACE	551	SPACE
1443799967474	0	lts_1002I_02_01	02	01	1	223	0	0	0	CR	MAX	64/26369999.thl.jpg	26369999.thl.jpg	NOKEY	MAX	NOKEY
1443799968460	0	lts_1002I_02_01	02	01	1	224	4	1	1	Hit	501	4-2/Acandlehold17.jpg	Acandlehold17.jpg	SPACE	552	SPACE
1443799971536	0	lts_1002I_02_01	02	01	1	225	0	0	0	CR	MAX	ADOGTOY.jpg	ADOGTOY.jpg	NOKEY	MAX	NOKEY
1443799974613	0	lts_1002I_02_01	02	01	1	226	0	0	0	CR	MAX	26437028.thl.jpg	26437028.thl.jpg	NOKEY	MAX	NOKEY
1443799975615	0	lts_1002I_02_01	02	01	1	227	8	1	1	Hit	534	8-first/AWASHOPEN.jpg	AWASHOPEN.jpg	SPACE	568	SPACE
1443799978708	0	lts_1002I_02_01	02	01	1	228	0	0	0	CR	MAX	1/26428576.thl.jpg	26428576.thl.jpg	NOKEY	MAX	NOKEY
1443799979611	0	lts_1002I_02_01	02	01	1	229	1	1	1	Hit	433	1-12/26428576.thl.jpg	26428576.thl.jpg	SPACE	468	SPACE
1443799982687	0	lts_1002I_02_01	02	01	1	230	0	0	0	CR	MAX	64/Ahappdec4.jpg	Ahappdec4.jpg	NOKEY	MAX	NOKEY
1443799985780	0	lts_1002I_02_01	02	01	1	231	0	0	0	CR	MAX	4/Achrisd25.jpg	Achrisd25.jpg	NOKEY	MAX	NOKEY
1443799988873	0	lts_1002I_02_01	02	01	1	232	0	0	0	CR	MAX	Asandgarden.jpg	Asandgarden.jpg	NOKEY	MAX	NOKEY
1443799991964	0	lts_1002I_02_01	02	01	1	233	0	0	0	CR	MAX	16/APROSTLE2.jpg	APROSTLE2.jpg	NOKEY	MAX	NOKEY
1443799995058	0	lts_1002I_02_01	02	01	1	234	0	0	0	CR	MAX	128/AMILPHONE.jpg	AMILPHONE.jpg	NOKEY	MAX	NOKEY
1443799996195	0	lts_1002I_02_01	02	01	1	235	4	1	1	Hit	665	4-10/Achrisd25.jpg	Achrisd25.jpg	SPACE	702	SPACE
1443799999288	0	lts_1002I_02_01	02	01	1	236	0	0	0	CR	MAX	A_flower.jpg	A_flower.jpg	NOKEY	MAX	NOKEY
1443800002364	0	lts_1002I_02_01	02	01	1	237	0	0	0	CR	MAX	apparatus.jpg	apparatus.jpg	NOKEY	MAX	NOKEY
1443800003551	0	lts_1002I_02_01	02	01	1	238	32	1	1	Hit	706	32-5/AHALLOWE3.jpg	AHALLOWE3.jpg	SPACE	753	SPACE
1443800006627	0	lts_1002I_02_01	02	01	1	239	0	0	0	CR	MAX	securitycamera.jpg	securitycamera.jpg	NOKEY	MAX	NOKEY
1443800009703	0	lts_1002I_02_01	02	01	1	240	128	1	0	Miss	MAX	128-3/22861656.thl.jpg	22861656.thl.jpg	NOKEY	MAX	SPACE
1443800012779	0	lts_1002I_02_01	02	01	1	241	0	0	0	CR	MAX	Atool198.jpg	Atool198.jpg	NOKEY	MAX	NOKEY
1443800015855	0	lts_1002I_02_01	02	01	1	242	0	0	0	CR	MAX	ACONSTRU9.jpg	ACONSTRU9.jpg	NOKEY	MAX	NOKEY
1443800016907	0	lts_1002I_02_01	02	01	1	243	16	1	1	Hit	583	16-mul/AWASHOPEN.jpg	AWASHOPEN.jpg	SPACE	618	SPACE
1443800019983	0	lts_1002I_02_01	02	01	1	244	0	0	0	CR	MAX	AWINTSOC2.jpg	AWINTSOC2.jpg	NOKEY	MAX	NOKEY
1443800023077	0	lts_1002I_02_01	02	01	1	245	0	0	0	CR	MAX	Ablouse2.jpg	Ablouse2.jpg	NOKEY	MAX	NOKEY
1443800026153	0	lts_1002I_02_01	02	01	1	246	0	0	0	CR	MAX	ADUNEBUGG.jpg	ADUNEBUGG.jpg	NOKEY	MAX	NOKEY
1443800029246	0	lts_1002I_02_01	02	01	1	247	0	0	0	CR	MAX	AALMOND1.jpg	AALMOND1.jpg	NOKEY	MAX	NOKEY
1443800032339	0	lts_1002I_02_01	02	01	1	248	0	0	0	CR	MAX	AASPHEQUA.jpg	AASPHEQUA.jpg	NOKEY	MAX	NOKEY
1443800033976	0	lts_1002I_02_01	02	01	1	249	16	1	1	Hit	1162	16-first/APROSTLE2.jpg	APROSTLE2.jpg	SPACE	1204	SPACE
1443800037070	0	lts_1002I_02_01	02	01	1	250	0	0	0	CR	MAX	26387436.thl.jpg	26387436.thl.jpg	NOKEY	MAX	NOKEY
1443800038056	0	lts_1002I_02_01	02	01	1	251	2	1	1	Hit	507	2-mul/APROSTLE2.jpg	APROSTLE2.jpg	SPACE	552	SPACE
1443800041132	0	lts_1002I_02_01	02	01	1	252	0	0	0	CR	MAX	4/Aancientbuild.jpg	Aancientbuild.jpg	NOKEY	MAX	NOKEY
1443800044208	0	lts_1002I_02_01	02	01	1	253	0	0	0	CR	MAX	16/Apuzzle8.jpg	Apuzzle8.jpg	NOKEY	MAX	NOKEY
1443800047284	0	lts_1002I_02_01	02	01	1	254	0	0	0	CR	MAX	4/AGOUDA.jpg	AGOUDA.jpg	NOKEY	MAX	NOKEY
1443800050360	0	lts_1002I_02_01	02	01	1	255	0	0	0	CR	MAX	64/Atoydoll12.jpg	Atoydoll12.jpg	NOKEY	MAX	NOKEY
1443800051414	0	lts_1002I_02_01	02	01	1	256	4	1	1	Hit	575	4-3/Aancientbuild.jpg	Aancientbuild.jpg	SPACE	618	SPACE
1443800054490	0	lts_1002I_02_01	02	01	1	257	0	0	0	CR	MAX	ACHINCHI4.jpg	ACHINCHI4.jpg	NOKEY	MAX	NOKEY
1443800055510	0	lts_1002I_02_01	02	01	1	258	4	1	1	Hit	546	4-12/AGOUDA.jpg	AGOUDA.jpg	SPACE	585	SPACE
1443800058586	0	lts_1002I_02_01	02	01	1	259	0	0	0	CR	MAX	AMALLET13.jpg	AMALLET13.jpg	NOKEY	MAX	NOKEY
1443800061678	0	lts_1002I_02_01	02	01	1	260	0	0	0	CR	MAX	2/AHEBREWTE.jpg	AHEBREWTE.jpg	NOKEY	MAX	NOKEY
1443800064771	0	lts_1002I_02_01	02	01	1	261	0	0	0	CR	MAX	4/26684827.thl.jpg	26684827.thl.jpg	NOKEY	MAX	NOKEY
1443800065875	0	lts_1002I_02_01	02	01	1	262	2	1	1	Hit	634	2-4/AHEBREWTE.jpg	AHEBREWTE.jpg	SPACE	668	SPACE
1443800068950	0	lts_1002I_02_01	02	01	1	263	0	0	0	CR	MAX	APYRITE7.jpg	APYRITE7.jpg	NOKEY	MAX	NOKEY
1443800072043	0	lts_1002I_02_01	02	01	1	264	0	0	0	CR	MAX	ABLACSUI3.jpg	ABLACSUI3.jpg	NOKEY	MAX	NOKEY
1443800073030	0	lts_1002I_02_01	02	01	1	265	4	1	1	Hit	514	4-9/26684827.thl.jpg	26684827.thl.jpg	SPACE	552	SPACE
1443800076123	0	lts_1002I_02_01	02	01	1	266	0	0	0	CR	MAX	AWOODPYRA.jpg	AWOODPYRA.jpg	NOKEY	MAX	NOKEY
1443800079199	0	lts_1002I_02_01	02	01	1	267	0	0	0	CR	MAX	8/Ascarf7.jpg	Ascarf7.jpg	NOKEY	MAX	NOKEY
1443800082275	0	lts_1002I_02_01	02	01	1	268	0	0	0	CR	MAX	Ainflatable10.jpg	Ainflatable10.jpg	NOKEY	MAX	NOKEY
1443800083395	0	lts_1002I_02_01	02	01	1	269	16	1	1	Hit	637	16-first/Apuzzle8.jpg	Apuzzle8.jpg	SPACE	685	SPACE
1443800086488	0	lts_1002I_02_01	02	01	1	270	0	0	0	CR	MAX	Acannedaspa10.jpg	Acannedaspa10.jpg	NOKEY	MAX	NOKEY
1443800089580	0	lts_1002I_02_01	02	01	1	271	0	0	0	CR	MAX	AMANGO.jpg	AMANGO.jpg	NOKEY	MAX	NOKEY
1443800092656	0	lts_1002I_02_01	02	01	1	272	0	0	0	CR	MAX	Ablackcamera4.jpg	Ablackcamera4.jpg	NOKEY	MAX	NOKEY
1443800093626	0	lts_1002I_02_01	02	01	1	273	4	1	1	Hit	497	4-mul/Apuzzle8.jpg	Apuzzle8.jpg	SPACE	535	SPACE
1443800096702	0	lts_1002I_02_01	02	01	1	274	0	0	0	CR	MAX	AWOODENF3.jpg	AWOODENF3.jpg	NOKEY	MAX	NOKEY
1443800097772	0	lts_1002I_02_01	02	01	1	275	8	1	1	Hit	593	8-first/Ascarf7.jpg	Ascarf7.jpg	SPACE	635	SPACE
1443800100848	0	lts_1002I_02_01	02	01	1	276	0	0	0	CR	MAX	Arubberworksh.jpg	Arubberworksh.jpg	NOKEY	MAX	NOKEY
1443800102236	0	lts_1002I_02_01	02	01	1	277	2	1	1	Hit	906	2-mul/Ascarf7.jpg	Ascarf7.jpg	SPACE	953	SPACE
1443800105328	0	lts_1002I_02_01	02	01	1	278	0	0	0	CR	MAX	Abeermug11.jpg	Abeermug11.jpg	NOKEY	MAX	NOKEY
1443800108404	0	lts_1002I_02_01	02	01	1	279	0	0	0	CR	MAX	1/B_orange.jpg	B_orange.jpg	NOKEY	MAX	NOKEY
1443800109257	0	lts_1002I_02_01	02	01	1	280	1	1	1	Hit	383	1-3/B_orange.jpg	B_orange.jpg	SPACE	418	SPACE
1443800112350	0	lts_1002I_02_01	02	01	1	281	0	0	0	CR	MAX	Apeddleboat3.jpg	Apeddleboat3.jpg	NOKEY	MAX	NOKEY
1443800115443	0	lts_1002I_02_01	02	01	1	282	0	0	0	CR	MAX	ABALALAI3.jpg	ABALALAI3.jpg	NOKEY	MAX	NOKEY
1443800118519	0	lts_1002I_02_01	02	01	1	283	0	0	0	CR	MAX	2/Atoytractor17.jpg	Atoytractor17.jpg	NOKEY	MAX	NOKEY
1443800121595	0	lts_1002I_02_01	02	01	1	284	0	0	0	CR	MAX	8/Acompactdisc2.jpg	Acompactdisc2.jpg	NOKEY	MAX	NOKEY
1443800122564	0	lts_1002I_02_01	02	01	1	285	2	1	1	Hit	492	2-3/Atoytractor17.jpg	Atoytractor17.jpg	SPACE	535	SPACE
1443800125657	0	lts_1002I_02_01	02	01	1	286	0	0	0	CR	MAX	64/ASTENORA2.jpg	ASTENORA2.jpg	NOKEY	MAX	NOKEY
1443800126727	0	lts_1002I_02_01	02	01	1	287	64	1	1	Hit	585	64-first/26369999.thl.jpg	26369999.thl.jpg	SPACE	635	SPACE
1443800129803	0	lts_1002I_02_01	02	01	1	288	0	0	0	CR	MAX	2/ARASPBER2.jpg	ARASPBER2.jpg	NOKEY	MAX	NOKEY
1443800132895	0	lts_1002I_02_01	02	01	1	289	0	0	0	CR	MAX	Ababmonit.jpg	Ababmonit.jpg	NOKEY	MAX	NOKEY
1443800133882	0	lts_1002I_02_01	02	01	1	290	2	1	1	Hit	504	2-5/ARASPBER2.jpg	ARASPBER2.jpg	SPACE	552	SPACE
1443800136957	0	lts_1002I_02_01	02	01	1	291	0	0	0	CR	MAX	mickeycap.jpg	mickeycap.jpg	NOKEY	MAX	NOKEY
1443800138196	0	lts_1002I_02_01	02	01	1	292	8	1	1	Hit	760	8-first/Acompactdisc2.jpg	Acompactdisc2.jpg	SPACE	803	SPACE
1443800141272	0	lts_1002I_02_01	02	01	1	293	0	0	0	CR	MAX	Aplasticbott3.jpg	Aplasticbott3.jpg	NOKEY	MAX	NOKEY
1443800142425	0	lts_1002I_02_01	02	01	1	294	64	1	1	Hit	677	64-first/Ahappdec4.jpg	Ahappdec4.jpg	SPACE	719	SPACE
1443800145501	0	lts_1002I_02_01	02	01	1	295	0	0	0	CR	MAX	ABABYPIN2.jpg	ABABYPIN2.jpg	NOKEY	MAX	NOKEY
1443800146471	0	lts_1002I_02_01	02	01	1	296	4	1	1	Hit	499	4-mul/Acompactdisc2.jpg	Acompactdisc2.jpg	SPACE	535	SPACE
1443800149564	0	lts_1002I_02_01	02	01	1	297	0	0	0	CR	MAX	AFIREPUTE.jpg	AFIREPUTE.jpg	NOKEY	MAX	NOKEY
1443800150567	0	lts_1002I_02_01	02	01	1	298	4	1	1	Hit	526	4-mul/Ahappdec4.jpg	Ahappdec4.jpg	SPACE	569	SPACE
1443800153660	0	lts_1002I_02_01	02	01	1	299	0	0	0	CR	MAX	26374158.thl.jpg	26374158.thl.jpg	NOKEY	MAX	NOKEY
1443800156736	0	lts_1002I_02_01	02	01	1	300	0	0	0	CR	MAX	8/Abedspringsam.jpg	Abedspringsam.jpg	NOKEY	MAX	NOKEY
1443800157889	0	lts_1002I_02_01	02	01	1	301	00	1	1	Hit	669	00-across/DSCN3757-sm.jpg	DSCN3757-sm.jpg	SPACE	719	SPACE
1443800160981	0	lts_1002I_02_01	02	01	1	302	0	0	0	CR	MAX	22903148.thl.jpg	22903148.thl.jpg	NOKEY	MAX	NOKEY
1443800162052	0	lts_1002I_02_01	02	01	1	303	16	1	1	Hit	597	16-mul/26369999.thl.jpg	26369999.thl.jpg	SPACE	637	SPACE
1443800165145	0	lts_1002I_02_01	02	01	1	304	0	0	0	CR	MAX	Atelescope2.jpg	Atelescope2.jpg	NOKEY	MAX	NOKEY
1443800168221	0	lts_1002I_02_01	02	01	1	305	128	1	0	Miss	MAX	128-1/bagelslicer.jpg	bagelslicer.jpg	NOKEY	MAX	SPACE
1443800171297	0	lts_1002I_02_01	02	01	1	306	0	0	0	CR	MAX	AICEAXE2.jpg	AICEAXE2.jpg	NOKEY	MAX	NOKEY
1443800174390	0	lts_1002I_02_01	02	01	1	307	0	0	0	CR	MAX	Awhistl15.jpg	Awhistl15.jpg	NOKEY	MAX	NOKEY
1443800175576	0	lts_1002I_02_01	02	01	1	308	8	1	1	Hit	716	8-first/Abedspringsam.jpg	Abedspringsam.jpg	SPACE	752	SPACE
1443800178653	0	lts_1002I_02_01	02	01	1	309	0	0	0	CR	MAX	Aalligator4.jpg	Aalligator4.jpg	NOKEY	MAX	NOKEY
1443800181729	0	lts_1002I_02_01	02	01	1	310	0	0	0	CR	MAX	16/celery.jpg	celery.jpg	NOKEY	MAX	NOKEY
1443800184872	0	lts_1002I_02_01	02	01	1	311	0	0	0	CR	MAX	26439913.thl.jpg	26439913.thl.jpg	NOKEY	MAX	NOKEY
1443800185858	0	lts_1002I_02_01	02	01	1	312	4	1	1	Hit	512	4-mul/Abedspringsam.jpg	Abedspringsam.jpg	SPACE	552	SPACE
1443800188933	0	lts_1002I_02_01	02	01	1	313	0	0	0	CR	MAX	Acarrot.jpg	Acarrot.jpg	NOKEY	MAX	NOKEY
1443800192027	0	lts_1002I_02_01	02	01	1	314	0	0	0	CR	MAX	64/AMOUSETOY.jpg	AMOUSETOY.jpg	NOKEY	MAX	NOKEY
1443800195103	0	lts_1002I_02_01	02	01	1	315	0	0	0	CR	MAX	AMUSIHORN.jpg	AMUSIHORN.jpg	NOKEY	MAX	NOKEY
1443800198196	0	lts_1002I_02_01	02	01	1	316	0	0	0	CR	MAX	26427867.thl.jpg	26427867.thl.jpg	NOKEY	MAX	NOKEY
1443800201272	0	lts_1002I_02_01	02	01	1	317	128	1	0	Miss	MAX	128-0/26427910.thl.jpg	26427910.thl.jpg	NOKEY	MAX	SPACE
1443800204364	0	lts_1002I_02_01	02	01	1	318	0	0	0	CR	MAX	Aseahorse4.jpg	Aseahorse4.jpg	NOKEY	MAX	NOKEY
1443800205451	0	lts_1002I_02_01	02	01	1	319	64	1	1	Hit	612	64-first/Atoydoll12.jpg	Atoydoll12.jpg	SPACE	652	SPACE
1443800208527	0	lts_1002I_02_01	02	01	1	320	0	0	0	CR	MAX	Apercussion16.jpg	Apercussion16.jpg	NOKEY	MAX	NOKEY
1443800211620	0	lts_1002I_02_01	02	01	1	321	0	0	0	CR	MAX	Arooster15.jpg	Arooster15.jpg	NOKEY	MAX	NOKEY
1443800214713	0	lts_1002I_02_01	02	01	1	322	0	0	0	CR	MAX	8/Alock34.jpg	Alock34.jpg	NOKEY	MAX	NOKEY
1443800215632	0	lts_1002I_02_01	02	01	1	323	4	1	1	Hit	441	4-mul/Atoydoll12.jpg	Atoydoll12.jpg	SPACE	485	SPACE
1443800218725	0	lts_1002I_02_01	02	01	1	324	0	0	0	CR	MAX	Awaxlips.jpg	Awaxlips.jpg	NOKEY	MAX	NOKEY
1443800221818	0	lts_1002I_02_01	02	01	1	325	0	0	0	CR	MAX	8060342.thl.jpg	8060342.thl.jpg	NOKEY	MAX	NOKEY
1443800222804	0	lts_1002I_02_01	02	01	1	326	16	1	1	Hit	512	16-1/celery.jpg	celery.jpg	SPACE	552	SPACE
1443800225896	0	lts_1002I_02_01	02	01	1	327	0	0	0	CR	MAX	Acomputerpro3.jpg	Acomputerpro3.jpg	NOKEY	MAX	NOKEY
1443800228972	0	lts_1002I_02_01	02	01	1	328	0	0	0	CR	MAX	8024092.thl.jpg	8024092.thl.jpg	NOKEY	MAX	NOKEY
1443800232066	0	lts_1002I_02_01	02	01	1	329	0	0	0	CR	MAX	AANTICAN2.jpg	AANTICAN2.jpg	NOKEY	MAX	NOKEY
1443800233570	0	lts_1002I_02_01	02	01	1	330	8	1	1	Hit	1020	8-first/Alock34.jpg	Alock34.jpg	SPACE	1070	SPACE
1443800236646	0	lts_1002I_02_01	02	01	1	331	0	0	0	CR	MAX	ABOXVIALS.jpg	ABOXVIALS.jpg	NOKEY	MAX	NOKEY
1443800239723	0	lts_1002I_02_01	02	01	1	332	0	0	0	CR	MAX	ABUILDI12.jpg	ABUILDI12.jpg	NOKEY	MAX	NOKEY
1443800242799	0	lts_1002I_02_01	02	01	1	333	128	1	0	Miss	MAX	128-5/8249141.thl.jpg	8249141.thl.jpg	NOKEY	MAX	SPACE
1443800245875	0	lts_1002I_02_01	02	01	1	334	0	0	0	CR	MAX	26391079.thl.jpg	26391079.thl.jpg	NOKEY	MAX	NOKEY
1443800248950	0	lts_1002I_02_01	02	01	1	335	0	0	0	CR	MAX	1/ALIQBOOK.jpg	ALIQBOOK.jpg	NOKEY	MAX	NOKEY
1443800249887	0	lts_1002I_02_01	02	01	1	336	1	1	1	Hit	462	1-5/ALIQBOOK.jpg	ALIQBOOK.jpg	SPACE	503	SPACE
1443800252979	0	lts_1002I_02_01	02	01	1	337	0	0	0	CR	MAX	1/Atoyboxwithb2.jpg	Atoyboxwithb2.jpg	NOKEY	MAX	NOKEY
1443800253882	0	lts_1002I_02_01	02	01	1	338	1	1	1	Hit	422	1-1/Atoyboxwithb2.jpg	Atoyboxwithb2.jpg	SPACE	469	SPACE
1443800256974	0	lts_1002I_02_01	02	01	1	339	0	0	0	CR	MAX	22806086.thl.jpg	22806086.thl.jpg	NOKEY	MAX	NOKEY
1443800260051	0	lts_1002I_02_01	02	01	1	340	0	0	0	CR	MAX	Aplantinpot2.jpg	Aplantinpot2.jpg	NOKEY	MAX	NOKEY
1443800263127	0	lts_1002I_02_01	02	01	1	341	0	0	0	CR	MAX	36407685.thl.jpg	36407685.thl.jpg	NOKEY	MAX	NOKEY
1443800264431	0	lts_1002I_02_01	02	01	1	342	128	1	1	Hit	831	128-7/35314138.thl.jpg	35314138.thl.jpg	SPACE	869	SPACE
1443800267507	0	lts_1002I_02_01	02	01	1	343	0	0	0	CR	MAX	64/26431395.thl.jpg	26431395.thl.jpg	NOKEY	MAX	NOKEY
1443800270583	0	lts_1002I_02_01	02	01	1	344	0	0	0	CR	MAX	26424133.thl.jpg	26424133.thl.jpg	NOKEY	MAX	NOKEY
1443800273660	0	lts_1002I_02_01	02	01	1	345	0	0	0	CR	MAX	Ameatcleaver2.jpg	Ameatcleaver2.jpg	NOKEY	MAX	NOKEY
1443800274629	0	lts_1002I_02_01	02	01	1	346	16	1	1	Hit	491	16-mul/Alock34.jpg	Alock34.jpg	SPACE	535	SPACE
1443800277722	0	lts_1002I_02_01	02	01	1	347	0	0	0	CR	MAX	22849260.thl.jpg	22849260.thl.jpg	NOKEY	MAX	NOKEY
1443800280798	0	lts_1002I_02_01	02	01	1	348	0	0	0	CR	MAX	8245563.thl.jpg	8245563.thl.jpg	NOKEY	MAX	NOKEY
1443800283874	0	lts_1002I_02_01	02	01	1	349	0	0	0	CR	MAX	8/ALAZQUART.jpg	ALAZQUART.jpg	NOKEY	MAX	NOKEY
1443800286949	0	lts_1002I_02_01	02	01	1	350	64	1	0	Miss	MAX	64-first/ASTENORA2.jpg	ASTENORA2.jpg	NOKEY	MAX	SPACE
1443800290026	0	lts_1002I_02_01	02	01	1	351	0	0	0	CR	MAX	1/26374166.thl.jpg	26374166.thl.jpg	NOKEY	MAX	NOKEY
1443800290961	0	lts_1002I_02_01	02	01	1	352	1	1	1	Hit	467	1-10/26374166.thl.jpg	26374166.thl.jpg	SPACE	501	SPACE
1443800294038	0	lts_1002I_02_01	02	01	1	353	0	0	0	CR	MAX	16/26437107.thl.jpg	26437107.thl.jpg	NOKEY	MAX	NOKEY
1443800297115	0	lts_1002I_02_01	02	01	1	354	0	0	0	CR	MAX	driedprune.jpg	driedprune.jpg	NOKEY	MAX	NOKEY
1443800300191	0	lts_1002I_02_01	02	01	1	355	0	0	0	CR	MAX	Agardeningrak.jpg	Agardeningrak.jpg	NOKEY	MAX	NOKEY
1443800303267	0	lts_1002I_02_01	02	01	1	356	0	0	0	CR	MAX	Acandlesnuffe.jpg	Acandlesnuffe.jpg	NOKEY	MAX	NOKEY
1443800304387	0	lts_1002I_02_01	02	01	1	357	8	1	1	Hit	644	8-2/ALAZQUART.jpg	ALAZQUART.jpg	SPACE	685	SPACE
1443800307463	0	lts_1002I_02_01	02	01	1	358	0	0	0	CR	MAX	16/ALUNCHBO3.jpg	ALUNCHBO3.jpg	NOKEY	MAX	NOKEY
1443800310539	0	lts_1002I_02_01	02	01	1	359	0	0	0	CR	MAX	8256348.thl.jpg	8256348.thl.jpg	NOKEY	MAX	NOKEY
1443800311642	0	lts_1002I_02_01	02	01	1	360	00	1	1	Hit	627	00-across/XPGame.jpg	XPGame.jpg	SPACE	669	SPACE
1443800314718	0	lts_1002I_02_01	02	01	1	361	0	0	0	CR	MAX	10053101.thm.jpg	10053101.thm.jpg	NOKEY	MAX	NOKEY
1443800315838	0	lts_1002I_02_01	02	01	1	362	128	1	1	Hit	644	128-6/AMILPHONE.jpg	AMILPHONE.jpg	SPACE	685	SPACE
1443800318914	0	lts_1002I_02_01	02	01	1	363	0	0	0	CR	MAX	1/Acane116.jpg	Acane116.jpg	NOKEY	MAX	NOKEY
1443800319784	0	lts_1002I_02_01	02	01	1	364	1	1	1	Hit	398	1-13/Acane116.jpg	Acane116.jpg	SPACE	436	SPACE
1443800322877	0	lts_1002I_02_01	02	01	1	365	0	0	0	CR	MAX	ASHAKER2.jpg	ASHAKER2.jpg	NOKEY	MAX	NOKEY
1443800323946	0	lts_1002I_02_01	02	01	1	366	16	1	1	Hit	599	16-mul/ASTENORA2.jpg	ASTENORA2.jpg	SPACE	636	SPACE
1443800327023	0	lts_1002I_02_01	02	01	1	367	0	0	0	CR	MAX	26442809.thl.jpg	26442809.thl.jpg	NOKEY	MAX	NOKEY
1443800330099	0	lts_1002I_02_01	02	01	1	368	0	0	0	CR	MAX	AARCH.jpg	AARCH.jpg	NOKEY	MAX	NOKEY
1443800331068	0	lts_1002I_02_01	02	01	1	369	16	1	1	Hit	500	16-first/26437107.thl.jpg	26437107.thl.jpg	SPACE	535	SPACE
1443800334144	0	lts_1002I_02_01	02	01	1	370	0	0	0	CR	MAX	Apaintroller3.jpg	Apaintroller3.jpg	NOKEY	MAX	NOKEY
1443800337220	0	lts_1002I_02_01	02	01	1	371	0	0	0	CR	MAX	peanutbutter.jpg	peanutbutter.jpg	NOKEY	MAX	NOKEY
1443800338274	0	lts_1002I_02_01	02	01	1	372	00	1	1	Hit	572	00-across/26393373.thl.jpg	26393373.thl.jpg	SPACE	618	SPACE
1443800341350	0	lts_1002I_02_01	02	01	1	373	0	0	0	CR	MAX	Asign7.jpg	Asign7.jpg	NOKEY	MAX	NOKEY
1443800342537	0	lts_1002I_02_01	02	01	1	374	16	1	1	Hit	715	16-first/ALUNCHBO3.jpg	ALUNCHBO3.jpg	SPACE	753	SPACE
1443800345613	0	lts_1002I_02_01	02	01	1	375	0	0	0	CR	MAX	zip-a.jpg	zip-a.jpg	NOKEY	MAX	NOKEY
1443800348689	0	lts_1002I_02_01	02	01	1	376	0	0	0	CR	MAX	AFIRSTA15.jpg	AFIRSTA15.jpg	NOKEY	MAX	NOKEY
1443800351765	0	lts_1002I_02_01	02	01	1	377	0	0	0	CR	MAX	AIDENTIFI.jpg	AIDENTIFI.jpg	NOKEY	MAX	NOKEY
1443800353002	0	lts_1002I_02_01	02	01	1	378	64	1	1	Hit	765	64-first/AMOUSETOY.jpg	AMOUSETOY.jpg	SPACE	803	SPACE
1443800356078	0	lts_1002I_02_01	02	01	1	379	0	0	0	CR	MAX	AKNIGHELM.jpg	AKNIGHELM.jpg	NOKEY	MAX	NOKEY
1443800357048	0	lts_1002I_02_01	02	01	1	380	2	1	1	Hit	494	2-mul/AMOUSETOY.jpg	AMOUSETOY.jpg	SPACE	534	SPACE
1443800360140	0	lts_1002I_02_01	02	01	1	381	0	0	0	CR	MAX	32/Apurse83.jpg	Apurse83.jpg	NOKEY	MAX	NOKEY
1443800363217	0	lts_1002I_02_01	02	01	1	382	0	0	0	CR	MAX	AMAKEUPMI.jpg	AMAKEUPMI.jpg	NOKEY	MAX	NOKEY
1443800366293	0	lts_1002I_02_01	02	01	1	383	0	0	0	CR	MAX	26432173.thl.jpg	26432173.thl.jpg	NOKEY	MAX	NOKEY
1443800369385	0	lts_1002I_02_01	02	01	1	384	0	0	0	CR	MAX	4/26379430.thl.jpg	26379430.thl.jpg	NOKEY	MAX	NOKEY
1443800370372	0	lts_1002I_02_01	02	01	1	385	16	1	1	Hit	504	16-mul/26437107.thl.jpg	26437107.thl.jpg	SPACE	551	SPACE
1443800373465	0	lts_1002I_02_01	02	01	1	386	0	0	0	CR	MAX	Aheadlightan2.jpg	Aheadlightan2.jpg	NOKEY	MAX	NOKEY
1443800374484	0	lts_1002I_02_01	02	01	1	387	0	0	1	FA	531	ABULDOZER.jpg	ABULDOZER.jpg	SPACE	568	NOKEY
1443800375604	0	lts_1002I_02_01	02	01	1	388	4	1	1	Hit	649	4-11/26379430.thl.jpg	26379430.thl.jpg	SPACE	685	SPACE
1443800378681	0	lts_1002I_02_01	02	01	1	389	0	0	0	CR	MAX	Ashovel8.jpg	Ashovel8.jpg	NOKEY	MAX	NOKEY
1443800379784	0	lts_1002I_02_01	02	01	1	390	16	1	1	Hit	631	16-mul/ALUNCHBO3.jpg	ALUNCHBO3.jpg	SPACE	669	SPACE
1443800382860	0	lts_1002I_02_01	02	01	1	391	0	0	0	CR	MAX	et060.jpg	et060.jpg	NOKEY	MAX	NOKEY
1443800385952	0	lts_1002I_02_01	02	01	1	392	0	0	0	CR	MAX	35310232.thl.jpg	35310232.thl.jpg	NOKEY	MAX	NOKEY
1443800389029	0	lts_1002I_02_01	02	01	1	393	0	0	0	CR	MAX	1/ACONSTHA2.jpg	ACONSTHA2.jpg	NOKEY	MAX	NOKEY
1443800389914	0	lts_1002I_02_01	02	01	1	394	1	1	1	Hit	406	1-0/ACONSTHA2.jpg	ACONSTHA2.jpg	SPACE	452	SPACE
1443800393008	0	lts_1002I_02_01	02	01	1	395	0	0	0	CR	MAX	26377777.thl.jpg	26377777.thl.jpg	NOKEY	MAX	NOKEY
1443800396100	0	lts_1002I_02_01	02	01	1	396	0	0	0	CR	MAX	AHANDPRE3.jpg	AHANDPRE3.jpg	NOKEY	MAX	NOKEY
1443800399176	0	lts_1002I_02_01	02	01	1	397	0	0	0	CR	MAX	ALINENCA3.jpg	ALINENCA3.jpg	NOKEY	MAX	NOKEY
1443800402253	0	lts_1002I_02_01	02	01	1	398	0	0	0	CR	MAX	ACOUPLEF2.jpg	ACOUPLEF2.jpg	NOKEY	MAX	NOKEY
1443800405328	0	lts_1002I_02_01	02	01	1	399	0	0	0	CR	MAX	Alaundrybask5.jpg	Alaundrybask5.jpg	NOKEY	MAX	NOKEY
1443800408405	0	lts_1002I_02_01	02	01	1	400	0	0	0	CR	MAX	22853544.thl.jpg	22853544.thl.jpg	NOKEY	MAX	NOKEY
1443800411481	0	lts_1002I_02_01	02	01	1	401	0	0	0	CR	MAX	AFRAME15.jpg	AFRAME15.jpg	NOKEY	MAX	NOKEY
1443800414557	0	lts_1002I_02_01	02	01	1	402	0	0	0	CR	MAX	16/26389125.thl.jpg	26389125.thl.jpg	NOKEY	MAX	NOKEY
1443800417633	0	lts_1002I_02_01	02	01	1	403	0	0	0	CR	MAX	AINCENSE4.jpg	AINCENSE4.jpg	NOKEY	MAX	NOKEY
1443800420859	0	lts_1002I_02_01	02	01	1	404	0	0	0	CR	MAX	32/Atoybucketan4.jpg	Atoybucketan4.jpg	NOKEY	MAX	NOKEY
1443800423934	0	lts_1002I_02_01	02	01	1	405	0	0	0	CR	MAX	AHUMIDIFI.jpg	AHUMIDIFI.jpg	NOKEY	MAX	NOKEY
1443800427028	0	lts_1002I_02_01	02	01	1	406	0	0	0	CR	MAX	26426417.thl.jpg	26426417.thl.jpg	NOKEY	MAX	NOKEY
1443800428282	0	lts_1002I_02_01	02	01	1	407	64	1	1	Hit	773	64-first/26431395.thl.jpg	26431395.thl.jpg	SPACE	819	SPACE
1443800431375	0	lts_1002I_02_01	02	01	1	408	0	0	0	CR	MAX	Aoutdoorprop3.jpg	Aoutdoorprop3.jpg	NOKEY	MAX	NOKEY
1443800432344	0	lts_1002I_02_01	02	01	1	409	2	1	1	Hit	494	2-mul/26431395.thl.jpg	26431395.thl.jpg	SPACE	534	SPACE
1443800435437	0	lts_1002I_02_01	02	01	1	410	0	0	0	CR	MAX	Aeastcho6.jpg	Aeastcho6.jpg	NOKEY	MAX	NOKEY
1443800438513	0	lts_1002I_02_01	02	01	1	411	0	0	0	CR	MAX	16/26433592.thl.jpg	26433592.thl.jpg	NOKEY	MAX	NOKEY
1443800441589	0	lts_1002I_02_01	02	01	1	412	0	0	0	CR	MAX	4/26425323.thl.jpg	26425323.thl.jpg	NOKEY	MAX	NOKEY
1443800442626	0	lts_1002I_02_01	02	01	1	413	32	1	1	Hit	553	32-2/Apurse83.jpg	Apurse83.jpg	SPACE	602	SPACE
1443800445702	0	lts_1002I_02_01	02	01	1	414	0	0	0	CR	MAX	Acameo.jpg	Acameo.jpg	NOKEY	MAX	NOKEY
1443800448795	0	lts_1002I_02_01	02	01	1	415	0	0	0	CR	MAX	ACUPEANE2.jpg	ACUPEANE2.jpg	NOKEY	MAX	NOKEY
1443800449748	0	lts_1002I_02_01	02	01	1	416	4	1	1	Hit	478	4-1/26425323.thl.jpg	26425323.thl.jpg	SPACE	518	SPACE
1443800452840	0	lts_1002I_02_01	02	01	1	417	0	0	0	CR	MAX	AHEATER3.jpg	AHEATER3.jpg	NOKEY	MAX	NOKEY
1443800453810	0	lts_1002I_02_01	02	01	1	418	16	1	1	Hit	487	16-0/26389125.thl.jpg	26389125.thl.jpg	SPACE	535	SPACE
1443800456886	0	lts_1002I_02_01	02	01	1	419	0	0	0	CR	MAX	AHOSPBED.jpg	AHOSPBED.jpg	NOKEY	MAX	NOKEY
1443800459961	0	lts_1002I_02_01	02	01	1	420	0	0	0	CR	MAX	26423812.thl.jpg	26423812.thl.jpg	NOKEY	MAX	NOKEY
1443800463055	0	lts_1002I_02_01	02	01	1	421	0	0	0	CR	MAX	scooter.jpg	scooter.jpg	NOKEY	MAX	NOKEY
1443800466131	0	lts_1002I_02_01	02	01	1	422	0	0	0	CR	MAX	AGLASSFL4.jpg	AGLASSFL4.jpg	NOKEY	MAX	NOKEY
1443800469207	0	lts_1002I_02_01	02	01	1	423	0	0	0	CR	MAX	Areceptacle3.jpg	Areceptacle3.jpg	NOKEY	MAX	NOKEY
1443800470260	0	lts_1002I_02_01	02	01	1	424	00	1	1	Hit	574	00-across/A_cookie.jpg	A_cookie.jpg	SPACE	618	SPACE
1443800473336	0	lts_1002I_02_01	02	01	1	425	0	0	0	CR	MAX	23076640.thl.jpg	23076640.thl.jpg	NOKEY	MAX	NOKEY
1443800476412	0	lts_1002I_02_01	02	01	1	426	0	0	0	CR	MAX	ASHOWCAP.jpg	ASHOWCAP.jpg	NOKEY	MAX	NOKEY
1443800477449	0	lts_1002I_02_01	02	01	1	427	16	1	1	Hit	565	16-first/26433592.thl.jpg	26433592.thl.jpg	SPACE	602	SPACE
1443800480542	0	lts_1002I_02_01	02	01	1	428	0	0	0	CR	MAX	1/AHAIRCLI6.jpg	AHAIRCLI6.jpg	NOKEY	MAX	NOKEY
1443800481428	0	lts_1002I_02_01	02	01	1	429	1	1	1	Hit	415	1-6/AHAIRCLI6.jpg	AHAIRCLI6.jpg	SPACE	452	SPACE
1443800484504	0	lts_1002I_02_01	02	01	1	430	0	0	0	CR	MAX	22925228.thl.jpg	22925228.thl.jpg	NOKEY	MAX	NOKEY
1443800485507	0	lts_1002I_02_01	02	01	1	431	4	1	1	Hit	530	4-mul/26433592.thl.jpg	26433592.thl.jpg	SPACE	569	SPACE
1443800488633	0	lts_1002I_02_01	02	01	1	432	0	0	0	CR	MAX	cranemachine.jpg	cranemachine.jpg	NOKEY	MAX	NOKEY
1443800489803	0	lts_1002I_02_01	02	01	1	433	00	1	1	Hit	697	00-across/ABIKLIGHT.jpg	ABIKLIGHT.jpg	SPACE	735	SPACE
1443800492879	0	lts_1002I_02_01	02	01	1	434	0	0	0	CR	MAX	hottub.jpg	hottub.jpg	NOKEY	MAX	NOKEY
1443800495955	0	lts_1002I_02_01	02	01	1	435	0	0	0	CR	MAX	26369923.thl.jpg	26369923.thl.jpg	NOKEY	MAX	NOKEY
1443800497276	0	lts_1002I_02_01	02	01	1	436	32	1	1	Hit	849	32-3/Atoybucketan4.jpg	Atoybucketan4.jpg	SPACE	887	SPACE
1443800498513	0	lts_1002I_02_01	02	01	1	437	0	0	1	FA	757	1/ASTRAINE8.jpg	ASTRAINE8.jpg	SPACE	802	NOKEY
1443800499567	0	lts_1002I_02_01	02	01	1	438	1	1	1	Hit	582	1-11/ASTRAINE8.jpg	ASTRAINE8.jpg	SPACE	618	SPACE
1443800502643	0	lts_1002I_02_01	02	01	1	439	0	0	0	CR	MAX	8/Abat5.jpg	Abat5.jpg	NOKEY	MAX	NOKEY
1443800505719	0	lts_1002I_02_01	02	01	1	440	0	0	0	CR	MAX	1/AGRAINSI5.jpg	AGRAINSI5.jpg	NOKEY	MAX	NOKEY
1443800506638	0	lts_1002I_02_01	02	01	1	441	1	1	1	Hit	447	1-2/AGRAINSI5.jpg	AGRAINSI5.jpg	SPACE	485	SPACE
1443800509714	0	lts_1002I_02_01	02	01	1	442	0	0	0	CR	MAX	Ahotdogplain.jpg	Ahotdogplain.jpg	NOKEY	MAX	NOKEY
1443800512790	0	lts_1002I_02_01	02	01	1	443	0	0	0	CR	MAX	2/23063814.thl.jpg	23063814.thl.jpg	NOKEY	MAX	NOKEY
1443800515883	0	lts_1002I_02_01	02	01	1	444	0	0	0	CR	MAX	AALTIRE2.jpg	AALTIRE2.jpg	NOKEY	MAX	NOKEY
1443800516886	0	lts_1002I_02_01	02	01	1	445	2	1	1	Hit	533	2-1/23063814.thl.jpg	23063814.thl.jpg	SPACE	569	SPACE
1443800519961	0	lts_1002I_02_01	02	01	1	446	0	0	0	CR	MAX	AKNEEBRA2.jpg	AKNEEBRA2.jpg	NOKEY	MAX	NOKEY
1443800520948	0	lts_1002I_02_01	02	01	1	447	8	1	1	Hit	509	8-0/Abat5.jpg	Abat5.jpg	SPACE	552	SPACE
1443800524025	0	lts_1002I_02_01	02	01	1	448	0	0	0	CR	MAX	ABABYCUP3.jpg	ABABYCUP3.jpg	NOKEY	MAX	NOKEY
1443800527101	0	lts_1002I_02_01	02	01	1	449	0	0	0	CR	MAX	AICESKAT8.jpg	AICESKAT8.jpg	NOKEY	MAX	NOKEY
1443800715544	0	E	Logging Ends
