1446037267868	0	B	Logging Begins
1446037423090	0	lts_1028I_12_01	12	01	0	0	0	0	0	CR	MAX	ANAPKHOL7.jpg	ANAPKHOL7.jpg	NOKEY	MAX	NOKEY
1446037426166	0	lts_1028I_12_01	12	01	0	1	0	0	0	CR	MAX	2/Apencilsharp5.jpg	Apencilsharp5.jpg	NOKEY	MAX	NOKEY
1446037429242	0	lts_1028I_12_01	12	01	0	2	0	0	0	CR	MAX	4/Atoyworm.jpg	Atoyworm.jpg	NOKEY	MAX	NOKEY
1446037430362	0	lts_1028I_12_01	12	01	0	3	2	1	1	Hit	636	2-8/Apencilsharp5.jpg	Apencilsharp5.jpg	SPACE	685	SPACE
1446037433438	0	lts_1028I_12_01	12	01	0	4	0	0	0	CR	MAX	Afueltank11.jpg	Afueltank11.jpg	NOKEY	MAX	NOKEY
1446037436514	0	lts_1028I_12_01	12	01	0	5	0	0	0	CR	MAX	Aseat3.jpg	Aseat3.jpg	NOKEY	MAX	NOKEY
1446037437567	0	lts_1028I_12_01	12	01	0	6	4	1	1	Hit	573	4-12/Atoyworm.jpg	Atoyworm.jpg	SPACE	619	SPACE
1446037440642	0	lts_1028I_12_01	12	01	0	7	0	0	0	CR	MAX	Agiraffe15.jpg	Agiraffe15.jpg	NOKEY	MAX	NOKEY
1446037443718	0	lts_1028I_12_01	12	01	0	8	0	0	0	CR	MAX	4/Aplum11.jpg	Aplum11.jpg	NOKEY	MAX	NOKEY
1446037446794	0	lts_1028I_12_01	12	01	0	9	0	0	0	CR	MAX	32/Atrap4.jpg	Atrap4.jpg	NOKEY	MAX	NOKEY
1446037449887	0	lts_1028I_12_01	12	01	0	10	0	0	0	CR	MAX	128/26466258.thl.jpg	26466258.thl.jpg	NOKEY	MAX	NOKEY
1446037452963	0	lts_1028I_12_01	12	01	0	11	0	0	0	CR	MAX	AWOODPYRA.jpg	AWOODPYRA.jpg	NOKEY	MAX	NOKEY
1446037453966	0	lts_1028I_12_01	12	01	0	12	4	1	1	Hit	525	4-2/Aplum11.jpg	Aplum11.jpg	SPACE	569	SPACE
1446037457043	0	lts_1028I_12_01	12	01	0	13	0	0	0	CR	MAX	8/ANECTARI3.jpg	ANECTARI3.jpg	NOKEY	MAX	NOKEY
1446037460119	0	lts_1028I_12_01	12	01	0	14	0	0	0	CR	MAX	2/26420956.thl.jpg	26420956.thl.jpg	NOKEY	MAX	NOKEY
1446037463195	0	lts_1028I_12_01	12	01	0	15	0	0	0	CR	MAX	AHAMPER.jpg	AHAMPER.jpg	NOKEY	MAX	NOKEY
1446037464316	0	lts_1028I_12_01	12	01	0	16	2	1	1	Hit	648	2-7/26420956.thl.jpg	26420956.thl.jpg	SPACE	684	SPACE
1446037467392	0	lts_1028I_12_01	12	01	0	17	0	0	0	CR	MAX	ASHADES11.jpg	ASHADES11.jpg	NOKEY	MAX	NOKEY
1446037470468	0	lts_1028I_12_01	12	01	0	18	0	0	0	CR	MAX	Agarbagebin.jpg	Agarbagebin.jpg	NOKEY	MAX	NOKEY
1446037473544	0	lts_1028I_12_01	12	01	0	19	0	0	0	CR	MAX	ALAB21.jpg	ALAB21.jpg	NOKEY	MAX	NOKEY
1446037476620	0	lts_1028I_12_01	12	01	0	20	0	0	0	CR	MAX	16/ADEEPFRY5.jpg	ADEEPFRY5.jpg	NOKEY	MAX	NOKEY
1446037477722	0	lts_1028I_12_01	12	01	0	21	8	1	1	Hit	625	8-first/ANECTARI3.jpg	ANECTARI3.jpg	SPACE	670	SPACE
1446037480798	0	lts_1028I_12_01	12	01	0	22	0	0	0	CR	MAX	AANTJUG.jpg	AANTJUG.jpg	NOKEY	MAX	NOKEY
1446037481768	0	lts_1028I_12_01	12	01	0	23	2	1	1	Hit	489	2-mul/ANECTARI3.jpg	ANECTARI3.jpg	SPACE	536	SPACE
1446037484861	0	lts_1028I_12_01	12	01	0	24	0	0	0	CR	MAX	Aclock285.jpg	Aclock285.jpg	NOKEY	MAX	NOKEY
1446037487937	0	lts_1028I_12_01	12	01	0	25	0	0	0	CR	MAX	AHANDRAK.jpg	AHANDRAK.jpg	NOKEY	MAX	NOKEY
1446037491014	0	lts_1028I_12_01	12	01	0	26	0	0	0	CR	MAX	8/ATHERMO12.jpg	ATHERMO12.jpg	NOKEY	MAX	NOKEY
1446037494090	0	lts_1028I_12_01	12	01	0	27	0	0	0	CR	MAX	32/26432848.thl.jpg	26432848.thl.jpg	NOKEY	MAX	NOKEY
1446037497166	0	lts_1028I_12_01	12	01	0	28	0	0	0	CR	MAX	ABATHSALT.jpg	ABATHSALT.jpg	NOKEY	MAX	NOKEY
1446037500242	0	lts_1028I_12_01	12	01	0	29	0	0	0	CR	MAX	Aboxofchocola.jpg	Aboxofchocola.jpg	NOKEY	MAX	NOKEY
1446037503318	0	lts_1028I_12_01	12	01	0	30	0	0	0	CR	MAX	64/Abedspringsam.jpg	Abedspringsam.jpg	NOKEY	MAX	NOKEY
1446037506394	0	lts_1028I_12_01	12	01	0	31	0	0	0	CR	MAX	16/ALIQBOOK.jpg	ALIQBOOK.jpg	NOKEY	MAX	NOKEY
1446037509470	0	lts_1028I_12_01	12	01	0	32	0	0	0	CR	MAX	ASEWINGT4.jpg	ASEWINGT4.jpg	NOKEY	MAX	NOKEY
1446037512546	0	lts_1028I_12_01	12	01	0	33	0	0	0	CR	MAX	26377601.thl.jpg	26377601.thl.jpg	NOKEY	MAX	NOKEY
1446037514118	0	lts_1028I_12_01	12	01	0	34	8	1	1	Hit	1097	8-first/ATHERMO12.jpg	ATHERMO12.jpg	SPACE	1136	SPACE
1446037517194	0	lts_1028I_12_01	12	01	0	35	0	0	0	CR	MAX	AHOSPCRI3.jpg	AHOSPCRI3.jpg	NOKEY	MAX	NOKEY
1446037518331	0	lts_1028I_12_01	12	01	0	36	16	1	1	Hit	662	16-0/ADEEPFRY5.jpg	ADEEPFRY5.jpg	SPACE	701	SPACE
1446037521407	0	lts_1028I_12_01	12	01	0	37	0	0	0	CR	MAX	ABOWARRO8.jpg	ABOWARRO8.jpg	NOKEY	MAX	NOKEY
1446037522443	0	lts_1028I_12_01	12	01	0	38	4	1	1	Hit	564	4-mul/ATHERMO12.jpg	ATHERMO12.jpg	SPACE	602	SPACE
1446037525519	0	lts_1028I_12_01	12	01	0	39	0	0	0	CR	MAX	AWALKER11.jpg	AWALKER11.jpg	NOKEY	MAX	NOKEY
1446037528595	0	lts_1028I_12_01	12	01	0	40	0	0	0	CR	MAX	strawberrytart.jpg	strawberrytart.jpg	NOKEY	MAX	NOKEY
1446037529865	0	lts_1028I_12_01	12	01	0	41	32	1	1	Hit	790	32-7/Atrap4.jpg	Atrap4.jpg	SPACE	836	SPACE
1446037532941	0	lts_1028I_12_01	12	01	0	42	0	0	0	CR	MAX	carbattery.jpg	carbattery.jpg	NOKEY	MAX	NOKEY
1446037536018	0	lts_1028I_12_01	12	01	0	43	0	0	0	CR	MAX	AWOODBOX3.jpg	AWOODBOX3.jpg	NOKEY	MAX	NOKEY
1446037539094	0	lts_1028I_12_01	12	01	0	44	0	0	0	CR	MAX	Arunningshoe4.jpg	Arunningshoe4.jpg	NOKEY	MAX	NOKEY
1446037542170	0	lts_1028I_12_01	12	01	0	45	0	0	0	CR	MAX	8/22856256.thl.jpg	22856256.thl.jpg	NOKEY	MAX	NOKEY
1446037545246	0	lts_1028I_12_01	12	01	0	46	0	0	0	CR	MAX	iguana.jpg	iguana.jpg	NOKEY	MAX	NOKEY
1446037546400	0	lts_1028I_12_01	12	01	0	47	16	1	1	Hit	669	16-first/ALIQBOOK.jpg	ALIQBOOK.jpg	SPACE	717	SPACE
1446037549476	0	lts_1028I_12_01	12	01	0	48	0	0	0	CR	MAX	ABAGGROCE.jpg	ABAGGROCE.jpg	NOKEY	MAX	NOKEY
1446037552552	0	lts_1028I_12_01	12	01	0	49	0	0	0	CR	MAX	Apercussion16.jpg	Apercussion16.jpg	NOKEY	MAX	NOKEY
1446037555628	0	lts_1028I_12_01	12	01	0	50	0	0	0	CR	MAX	Asewingpin.jpg	Asewingpin.jpg	NOKEY	MAX	NOKEY
1446037556614	0	lts_1028I_12_01	12	01	0	51	4	1	1	Hit	504	4-mul/ALIQBOOK.jpg	ALIQBOOK.jpg	SPACE	553	SPACE
1446037559689	0	lts_1028I_12_01	12	01	0	52	0	0	0	CR	MAX	APAPYRUS.jpg	APAPYRUS.jpg	NOKEY	MAX	NOKEY
1446037560793	0	lts_1028I_12_01	12	01	0	53	8	1	1	Hit	635	8-first/22856256.thl.jpg	22856256.thl.jpg	SPACE	670	SPACE
1446037563869	0	lts_1028I_12_01	12	01	0	54	0	0	0	CR	MAX	Aorcatoy4.jpg	Aorcatoy4.jpg	NOKEY	MAX	NOKEY
1446037564855	0	lts_1028I_12_01	12	01	0	55	2	1	1	Hit	503	2-mul/22856256.thl.jpg	22856256.thl.jpg	SPACE	553	SPACE
1446037567931	0	lts_1028I_12_01	12	01	0	56	0	0	0	CR	MAX	26431414.thl.jpg	26431414.thl.jpg	NOKEY	MAX	NOKEY
1446037571008	0	lts_1028I_12_01	12	01	0	57	0	0	0	CR	MAX	AKNIFE13.jpg	AKNIFE13.jpg	NOKEY	MAX	NOKEY
1446037574084	0	lts_1028I_12_01	12	01	0	58	0	0	0	CR	MAX	22825932.thl.jpg	22825932.thl.jpg	NOKEY	MAX	NOKEY
1446037575288	0	lts_1028I_12_01	12	01	0	59	32	1	1	Hit	728	32-4/26432848.thl.jpg	26432848.thl.jpg	SPACE	768	SPACE
1446037578364	0	lts_1028I_12_01	12	01	0	60	0	0	0	CR	MAX	ferrywheeltoy.jpg	ferrywheeltoy.jpg	NOKEY	MAX	NOKEY
1446037581440	0	lts_1028I_12_01	12	01	0	61	0	0	0	CR	MAX	Aflower102.jpg	Aflower102.jpg	NOKEY	MAX	NOKEY
1446037584516	0	lts_1028I_12_01	12	01	0	62	0	0	0	CR	MAX	4/AWINTGLO3.jpg	AWINTGLO3.jpg	NOKEY	MAX	NOKEY
1446037587592	0	lts_1028I_12_01	12	01	0	63	0	0	0	CR	MAX	Aornament89.jpg	Aornament89.jpg	NOKEY	MAX	NOKEY
1446037590667	0	lts_1028I_12_01	12	01	0	64	0	0	0	CR	MAX	pinecone02.jpg	pinecone02.jpg	NOKEY	MAX	NOKEY
1446037593746	0	lts_1028I_12_01	12	01	0	65	0	0	0	CR	MAX	64/26423477.thl.jpg	26423477.thl.jpg	NOKEY	MAX	NOKEY
1446037594783	0	lts_1028I_12_01	12	01	0	66	4	1	1	Hit	567	4-5/AWINTGLO3.jpg	AWINTGLO3.jpg	SPACE	603	SPACE
1446037597859	0	lts_1028I_12_01	12	01	0	67	0	0	0	CR	MAX	DSCN1248-sm.jpg	DSCN1248-sm.jpg	NOKEY	MAX	NOKEY
1446037600952	0	lts_1028I_12_01	12	01	0	68	0	0	0	CR	MAX	8/Adecorativem2.jpg	Adecorativem2.jpg	NOKEY	MAX	NOKEY
1446037604029	0	lts_1028I_12_01	12	01	0	69	0	0	0	CR	MAX	32/AONETOAST.jpg	AONETOAST.jpg	NOKEY	MAX	NOKEY
1446037607105	0	lts_1028I_12_01	12	01	0	70	0	0	0	CR	MAX	Ajacket12.jpg	Ajacket12.jpg	NOKEY	MAX	NOKEY
1446037610181	0	lts_1028I_12_01	12	01	0	71	0	0	0	CR	MAX	1/Atelescope2.jpg	Atelescope2.jpg	NOKEY	MAX	NOKEY
1446037611451	0	lts_1028I_12_01	12	01	0	72	1	1	1	Hit	796	1-12/Atelescope2.jpg	Atelescope2.jpg	SPACE	836	SPACE
1446037614527	0	lts_1028I_12_01	12	01	0	73	0	0	0	CR	MAX	128/trapezebars.jpg	trapezebars.jpg	NOKEY	MAX	NOKEY
1446037617603	0	lts_1028I_12_01	12	01	0	74	0	0	0	CR	MAX	16/pinkhoodie.jpg	pinkhoodie.jpg	NOKEY	MAX	NOKEY
1446037620678	0	lts_1028I_12_01	12	01	0	75	0	0	0	CR	MAX	Abrasscr2.jpg	Abrasscr2.jpg	NOKEY	MAX	NOKEY
1446037621715	0	lts_1028I_12_01	12	01	0	76	8	1	1	Hit	560	8-first/Adecorativem2.jpg	Adecorativem2.jpg	SPACE	603	SPACE
1446037624791	0	lts_1028I_12_01	12	01	0	77	0	0	0	CR	MAX	AFIREPLAC.jpg	AFIREPLAC.jpg	NOKEY	MAX	NOKEY
1446037627867	0	lts_1028I_12_01	12	01	0	78	0	0	0	CR	MAX	imate.jpg	imate.jpg	NOKEY	MAX	NOKEY
1446037630943	0	lts_1028I_12_01	12	01	0	79	0	0	0	CR	MAX	igloo.jpg	igloo.jpg	NOKEY	MAX	NOKEY
1446037631963	0	lts_1028I_12_01	12	01	0	80	4	1	1	Hit	543	4-mul/Adecorativem2.jpg	Adecorativem2.jpg	SPACE	586	SPACE
1446037635040	0	lts_1028I_12_01	12	01	0	81	0	0	0	CR	MAX	26374158.thl.jpg	26374158.thl.jpg	NOKEY	MAX	NOKEY
1446037638116	0	lts_1028I_12_01	12	01	0	82	0	0	0	CR	MAX	2/AALFALFA.jpg	AALFALFA.jpg	NOKEY	MAX	NOKEY
1446037641192	0	lts_1028I_12_01	12	01	0	83	0	0	0	CR	MAX	128/AASCDESC.jpg	AASCDESC.jpg	NOKEY	MAX	NOKEY
1446037642162	0	lts_1028I_12_01	12	01	0	84	2	1	1	Hit	496	2-13/AALFALFA.jpg	AALFALFA.jpg	SPACE	534	SPACE
1446037645238	0	lts_1028I_12_01	12	01	0	85	0	0	0	CR	MAX	Acompass20.jpg	Acompass20.jpg	NOKEY	MAX	NOKEY
1446037648331	0	lts_1028I_12_01	12	01	0	86	0	0	0	CR	MAX	128/ABREASPU2.jpg	ABREASPU2.jpg	NOKEY	MAX	NOKEY
1446037651407	0	lts_1028I_12_01	12	01	0	87	0	0	0	CR	MAX	Atoy57.jpg	Atoy57.jpg	NOKEY	MAX	NOKEY
1446037654483	0	lts_1028I_12_01	12	01	0	88	0	0	0	CR	MAX	ADISHLID2.jpg	ADISHLID2.jpg	NOKEY	MAX	NOKEY
1446037657559	0	lts_1028I_12_01	12	01	0	89	0	0	0	CR	MAX	ASAFE.jpg	ASAFE.jpg	NOKEY	MAX	NOKEY
1446037658695	0	lts_1028I_12_01	12	01	0	90	16	1	1	Hit	660	16-first/pinkhoodie.jpg	pinkhoodie.jpg	SPACE	702	SPACE
1446037661771	0	lts_1028I_12_01	12	01	0	91	0	0	0	CR	MAX	ADRILL3.jpg	ADRILL3.jpg	NOKEY	MAX	NOKEY
1446037664847	0	lts_1028I_12_01	12	01	0	92	0	0	0	CR	MAX	ANEWSBOX4.jpg	ANEWSBOX4.jpg	NOKEY	MAX	NOKEY
1446037667923	0	lts_1028I_12_01	12	01	0	93	0	0	0	CR	MAX	tape-a.jpg	tape-a.jpg	NOKEY	MAX	NOKEY
1446037669161	0	lts_1028I_12_01	12	01	0	94	64	1	1	Hit	767	64-first/Abedspringsam.jpg	Abedspringsam.jpg	SPACE	803	SPACE
1446037672237	0	lts_1028I_12_01	12	01	0	95	0	0	0	CR	MAX	underwear.jpg	underwear.jpg	NOKEY	MAX	NOKEY
1446037675313	0	lts_1028I_12_01	12	01	0	96	0	0	0	CR	MAX	AARMYTRUK.jpg	AARMYTRUK.jpg	NOKEY	MAX	NOKEY
1446037678389	0	lts_1028I_12_01	12	01	0	97	0	0	0	CR	MAX	ACURLRIB2.jpg	ACURLRIB2.jpg	NOKEY	MAX	NOKEY
1446037679459	0	lts_1028I_12_01	12	01	0	98	4	1	1	Hit	587	4-mul/Abedspringsam.jpg	Abedspringsam.jpg	SPACE	635	SPACE
1446037682535	0	lts_1028I_12_01	12	01	0	99	0	0	0	CR	MAX	racetrack.jpg	racetrack.jpg	NOKEY	MAX	NOKEY
1446037685611	0	lts_1028I_12_01	12	01	0	100	0	0	0	CR	MAX	ADRAWBRI3.jpg	ADRAWBRI3.jpg	NOKEY	MAX	NOKEY
1446037688686	0	lts_1028I_12_01	12	01	0	101	32	1	0	Miss	MAX	32-8/AONETOAST.jpg	AONETOAST.jpg	NOKEY	MAX	SPACE
1446037691762	0	lts_1028I_12_01	12	01	0	102	0	0	0	CR	MAX	16/Ablossom.jpg	Ablossom.jpg	NOKEY	MAX	NOKEY
1446037694838	0	lts_1028I_12_01	12	01	0	103	0	0	0	CR	MAX	APIPEST18.jpg	APIPEST18.jpg	NOKEY	MAX	NOKEY
1446037697948	0	lts_1028I_12_01	12	01	0	104	0	0	0	CR	MAX	Aantiquemeta2.jpg	Aantiquemeta2.jpg	NOKEY	MAX	NOKEY
1446037701025	0	lts_1028I_12_01	12	01	0	105	0	0	0	CR	MAX	8077486.thl.jpg	8077486.thl.jpg	NOKEY	MAX	NOKEY
1446037701977	0	lts_1028I_12_01	12	01	0	106	16	1	1	Hit	476	16-mul/pinkhoodie.jpg	pinkhoodie.jpg	SPACE	519	SPACE
1446037705054	0	lts_1028I_12_01	12	01	0	107	0	0	0	CR	MAX	lightsaber.jpg	lightsaber.jpg	NOKEY	MAX	NOKEY
1446037708130	0	lts_1028I_12_01	12	01	0	108	0	0	0	CR	MAX	ASKIHOLD.jpg	ASKIHOLD.jpg	NOKEY	MAX	NOKEY
1446037711206	0	lts_1028I_12_01	12	01	0	109	0	0	0	CR	MAX	2/26442809.thl.jpg	26442809.thl.jpg	NOKEY	MAX	NOKEY
1446037714282	0	lts_1028I_12_01	12	01	0	110	0	0	0	CR	MAX	ADARKLAMP.jpg	ADARKLAMP.jpg	NOKEY	MAX	NOKEY
1446037715352	0	lts_1028I_12_01	12	01	0	111	2	1	1	Hit	586	2-6/26442809.thl.jpg	26442809.thl.jpg	SPACE	634	SPACE
1446037718428	0	lts_1028I_12_01	12	01	0	112	0	0	0	CR	MAX	2/ASHAVING9.jpg	ASHAVING9.jpg	NOKEY	MAX	NOKEY
1446037721504	0	lts_1028I_12_01	12	01	0	113	0	0	0	CR	MAX	Acamelsculpt2.jpg	Acamelsculpt2.jpg	NOKEY	MAX	NOKEY
1446037722740	0	lts_1028I_12_01	12	01	0	114	2	1	1	Hit	763	2-9/ASHAVING9.jpg	ASHAVING9.jpg	SPACE	802	SPACE
1446037725816	0	lts_1028I_12_01	12	01	0	115	0	0	0	CR	MAX	8079958.thl.jpg	8079958.thl.jpg	NOKEY	MAX	NOKEY
1446037728892	0	lts_1028I_12_01	12	01	0	116	0	0	0	CR	MAX	cheesies.jpg	cheesies.jpg	NOKEY	MAX	NOKEY
1446037731969	0	lts_1028I_12_01	12	01	0	117	0	0	0	CR	MAX	Afeatherdust2.jpg	Afeatherdust2.jpg	NOKEY	MAX	NOKEY
1446037733157	0	lts_1028I_12_01	12	01	0	118	16	1	1	Hit	706	16-first/Ablossom.jpg	Ablossom.jpg	SPACE	752	SPACE
1446037736233	0	lts_1028I_12_01	12	01	0	119	0	0	0	CR	MAX	ACROWNPEN.jpg	ACROWNPEN.jpg	NOKEY	MAX	NOKEY
1446037737202	0	lts_1028I_12_01	12	01	0	120	2	1	1	Hit	483	2-mul/Ablossom.jpg	Ablossom.jpg	SPACE	534	SPACE
1446037740278	0	lts_1028I_12_01	12	01	0	121	0	0	0	CR	MAX	128/APEPPSHA4.jpg	APEPPSHA4.jpg	NOKEY	MAX	NOKEY
1446037743354	0	lts_1028I_12_01	12	01	0	122	0	0	0	CR	MAX	pretzelsticks.jpg	pretzelsticks.jpg	NOKEY	MAX	NOKEY
1446037746430	0	lts_1028I_12_01	12	01	0	123	0	0	0	CR	MAX	1/radish.jpg	radish.jpg	NOKEY	MAX	NOKEY
1446037747417	0	lts_1028I_12_01	12	01	0	124	1	1	1	Hit	501	1-0/radish.jpg	radish.jpg	SPACE	551	SPACE
1446037750493	0	lts_1028I_12_01	12	01	0	125	0	0	0	CR	MAX	ALITERBOX.jpg	ALITERBOX.jpg	NOKEY	MAX	NOKEY
1446037753569	0	lts_1028I_12_01	12	01	0	126	0	0	0	CR	MAX	Aslate.jpg	Aslate.jpg	NOKEY	MAX	NOKEY
1446037756644	0	lts_1028I_12_01	12	01	0	127	0	0	0	CR	MAX	16/Abutanco3.jpg	Abutanco3.jpg	NOKEY	MAX	NOKEY
1446037759720	0	lts_1028I_12_01	12	01	0	128	0	0	0	CR	MAX	Aleopard19.jpg	Aleopard19.jpg	NOKEY	MAX	NOKEY
1446037762796	0	lts_1028I_12_01	12	01	0	129	64	1	0	Miss	MAX	64-first/26423477.thl.jpg	26423477.thl.jpg	NOKEY	MAX	SPACE
1446037765872	0	lts_1028I_12_01	12	01	0	130	0	0	0	CR	MAX	ATRICKTR2.jpg	ATRICKTR2.jpg	NOKEY	MAX	NOKEY
1446037768965	0	lts_1028I_12_01	12	01	0	131	0	0	0	CR	MAX	16/AHOSPCAR3.jpg	AHOSPCAR3.jpg	NOKEY	MAX	NOKEY
1446037772042	0	lts_1028I_12_01	12	01	0	132	0	0	0	CR	MAX	AMILMARK2.jpg	AMILMARK2.jpg	NOKEY	MAX	NOKEY
1446037775118	0	lts_1028I_12_01	12	01	0	133	0	0	0	CR	MAX	096CM301000.jpg	096CM301000.jpg	NOKEY	MAX	NOKEY
1446037778194	0	lts_1028I_12_01	12	01	0	134	0	0	0	CR	MAX	22923440.thl.jpg	22923440.thl.jpg	NOKEY	MAX	NOKEY
1446037781270	0	lts_1028I_12_01	12	01	0	135	0	0	0	CR	MAX	1/8027086.thl.jpg	8027086.thl.jpg	NOKEY	MAX	NOKEY
1446037782273	0	lts_1028I_12_01	12	01	0	136	1	1	1	Hit	520	1-1/8027086.thl.jpg	8027086.thl.jpg	SPACE	567	SPACE
1446037785349	0	lts_1028I_12_01	12	01	0	137	0	0	0	CR	MAX	32/APASTA19.jpg	APASTA19.jpg	NOKEY	MAX	NOKEY
1446037786836	0	lts_1028I_12_01	12	01	0	138	128	1	1	Hit	1014	128-6/26466258.thl.jpg	26466258.thl.jpg	SPACE	1053	SPACE
1446037789912	0	lts_1028I_12_01	12	01	0	139	0	0	0	CR	MAX	ACHOPSTI2.jpg	ACHOPSTI2.jpg	NOKEY	MAX	NOKEY
1446037792988	0	lts_1028I_12_01	12	01	0	140	0	0	0	CR	MAX	ASNBRD2.jpg	ASNBRD2.jpg	NOKEY	MAX	NOKEY
1446037796065	0	lts_1028I_12_01	12	01	0	141	0	0	0	CR	MAX	Azebra8.jpg	Azebra8.jpg	NOKEY	MAX	NOKEY
1446037799141	0	lts_1028I_12_01	12	01	0	142	0	0	0	CR	MAX	26437077.thl.jpg	26437077.thl.jpg	NOKEY	MAX	NOKEY
1446037800496	0	lts_1028I_12_01	12	01	0	143	16	1	1	Hit	883	16-first/Abutanco3.jpg	Abutanco3.jpg	SPACE	919	SPACE
1446037803572	0	lts_1028I_12_01	12	01	0	144	0	0	0	CR	MAX	32/acquarium.jpg	acquarium.jpg	NOKEY	MAX	NOKEY
1446037804674	0	lts_1028I_12_01	12	01	0	145	16	1	1	Hit	619	16-mul/26423477.thl.jpg	26423477.thl.jpg	SPACE	669	SPACE
1446037807750	0	lts_1028I_12_01	12	01	0	146	0	0	0	CR	MAX	ACOMB11.jpg	ACOMB11.jpg	NOKEY	MAX	NOKEY
1446037809272	0	lts_1028I_12_01	12	01	0	147	16	1	1	Hit	1039	16-first/AHOSPCAR3.jpg	AHOSPCAR3.jpg	SPACE	1086	SPACE
1446037812348	0	lts_1028I_12_01	12	01	0	148	0	0	0	CR	MAX	Agarlicclove2.jpg	Agarlicclove2.jpg	NOKEY	MAX	NOKEY
1446037813368	0	lts_1028I_12_01	12	01	0	149	2	1	1	Hit	534	2-mul/AHOSPCAR3.jpg	AHOSPCAR3.jpg	SPACE	584	SPACE
1446037816444	0	lts_1028I_12_01	12	01	0	150	0	0	0	CR	MAX	Achocolateice.jpg	Achocolateice.jpg	NOKEY	MAX	NOKEY
1446037819520	0	lts_1028I_12_01	12	01	0	151	0	0	0	CR	MAX	4/Aglassbottl56.jpg	Aglassbottl56.jpg	NOKEY	MAX	NOKEY
1446037822596	0	lts_1028I_12_01	12	01	0	152	0	0	0	CR	MAX	64/AAEROBENC.jpg	AAEROBENC.jpg	NOKEY	MAX	NOKEY
1446037825671	0	lts_1028I_12_01	12	01	0	153	0	0	0	CR	MAX	ADOGLEAS2.jpg	ADOGLEAS2.jpg	NOKEY	MAX	NOKEY
1446037828748	0	lts_1028I_12_01	12	01	0	154	0	0	0	CR	MAX	batslcshi.jpg	batslcshi.jpg	NOKEY	MAX	NOKEY
1446037829801	0	lts_1028I_12_01	12	01	0	155	4	1	1	Hit	582	4-0/Aglassbottl56.jpg	Aglassbottl56.jpg	SPACE	620	SPACE
1446037832877	0	lts_1028I_12_01	12	01	0	156	0	0	0	CR	MAX	Atoothbrush3.jpg	Atoothbrush3.jpg	NOKEY	MAX	NOKEY
1446037835953	0	lts_1028I_12_01	12	01	0	157	0	0	0	CR	MAX	Aallterrain10.jpg	Aallterrain10.jpg	NOKEY	MAX	NOKEY
1446037839030	0	lts_1028I_12_01	12	01	0	158	0	0	0	CR	MAX	Acomputerdriv.jpg	Acomputerdriv.jpg	NOKEY	MAX	NOKEY
1446037840050	0	lts_1028I_12_01	12	01	0	159	16	1	1	Hit	534	16-mul/Abutanco3.jpg	Abutanco3.jpg	SPACE	585	SPACE
1446037843126	0	lts_1028I_12_01	12	01	0	160	0	0	0	CR	MAX	64/babyseatback.jpg	babyseatback.jpg	NOKEY	MAX	NOKEY
1446037846219	0	lts_1028I_12_01	12	01	0	161	0	0	0	CR	MAX	8026164.thl.jpg	8026164.thl.jpg	NOKEY	MAX	NOKEY
1446037849295	0	lts_1028I_12_01	12	01	0	162	0	0	0	CR	MAX	2/Anotepad9.jpg	Anotepad9.jpg	NOKEY	MAX	NOKEY
1446037852371	0	lts_1028I_12_01	12	01	0	163	0	0	0	CR	MAX	Acdrominterf2.jpg	Acdrominterf2.jpg	NOKEY	MAX	NOKEY
1446037853457	0	lts_1028I_12_01	12	01	0	164	2	1	1	Hit	614	2-10/Anotepad9.jpg	Anotepad9.jpg	SPACE	652	SPACE
1446037856533	0	lts_1028I_12_01	12	01	0	165	0	0	0	CR	MAX	ADECOSPO4.jpg	ADECOSPO4.jpg	NOKEY	MAX	NOKEY
1446037859609	0	lts_1028I_12_01	12	01	0	166	0	0	0	CR	MAX	1/Aantiquebuck2.jpg	Aantiquebuck2.jpg	NOKEY	MAX	NOKEY
1446037860562	0	lts_1028I_12_01	12	01	0	167	1	1	1	Hit	480	1-14/Aantiquebuck2.jpg	Aantiquebuck2.jpg	SPACE	518	SPACE
1446037863637	0	lts_1028I_12_01	12	01	0	168	0	0	0	CR	MAX	Ashark7.jpg	Ashark7.jpg	NOKEY	MAX	NOKEY
1446037864640	0	lts_1028I_12_01	12	01	0	169	32	1	1	Hit	524	32-5/APASTA19.jpg	APASTA19.jpg	SPACE	569	SPACE
1446037867717	0	lts_1028I_12_01	12	01	0	170	0	0	0	CR	MAX	ABAKINGPA.jpg	ABAKINGPA.jpg	NOKEY	MAX	NOKEY
1446037870793	0	lts_1028I_12_01	12	01	0	171	0	0	0	CR	MAX	AROCKET20.jpg	AROCKET20.jpg	NOKEY	MAX	NOKEY
1446037873869	0	lts_1028I_12_01	12	01	0	172	0	0	0	CR	MAX	16/AARROWS2.jpg	AARROWS2.jpg	NOKEY	MAX	NOKEY
1446037876945	0	lts_1028I_12_01	12	01	0	173	0	0	0	CR	MAX	Afrenchtoast5.jpg	Afrenchtoast5.jpg	NOKEY	MAX	NOKEY
1446037880022	0	lts_1028I_12_01	12	01	0	174	0	0	0	CR	MAX	22855536.thl.jpg	22855536.thl.jpg	NOKEY	MAX	NOKEY
1446037883098	0	lts_1028I_12_01	12	01	0	175	0	0	0	CR	MAX	AARTICHO1.jpg	AARTICHO1.jpg	NOKEY	MAX	NOKEY
1446037884235	0	lts_1028I_12_01	12	01	0	176	32	1	1	Hit	654	32-6/acquarium.jpg	acquarium.jpg	SPACE	702	SPACE
1446037887311	0	lts_1028I_12_01	12	01	0	177	0	0	0	CR	MAX	ACOFFPOT3.jpg	ACOFFPOT3.jpg	NOKEY	MAX	NOKEY
1446037890387	0	lts_1028I_12_01	12	01	0	178	0	0	0	CR	MAX	16/razorscooter.jpg	razorscooter.jpg	NOKEY	MAX	NOKEY
1446037893463	0	lts_1028I_12_01	12	01	0	179	0	0	0	CR	MAX	8052266.thl.jpg	8052266.thl.jpg	NOKEY	MAX	NOKEY
1446037896539	0	lts_1028I_12_01	12	01	0	180	0	0	0	CR	MAX	2/Aflyingeagle9.jpg	Aflyingeagle9.jpg	NOKEY	MAX	NOKEY
1446037899615	0	lts_1028I_12_01	12	01	0	181	0	0	0	CR	MAX	10049464.thl.jpg	10049464.thl.jpg	NOKEY	MAX	NOKEY
1446037900684	0	lts_1028I_12_01	12	01	0	182	2	1	1	Hit	601	2-12/Aflyingeagle9.jpg	Aflyingeagle9.jpg	SPACE	635	SPACE
1446037903760	0	lts_1028I_12_01	12	01	0	183	0	0	0	CR	MAX	Aeggcup224.jpg	Aeggcup224.jpg	NOKEY	MAX	NOKEY
1446037906836	0	lts_1028I_12_01	12	01	0	184	0	0	0	CR	MAX	1/26373407.thl.jpg	26373407.thl.jpg	NOKEY	MAX	NOKEY
1446037908007	0	lts_1028I_12_01	12	01	0	185	1	1	1	Hit	699	1-6/26373407.thl.jpg	26373407.thl.jpg	SPACE	736	SPACE
1446037911083	0	lts_1028I_12_01	12	01	0	186	0	0	0	CR	MAX	26421536.thl.jpg	26421536.thl.jpg	NOKEY	MAX	NOKEY
1446037914159	0	lts_1028I_12_01	12	01	0	187	0	0	0	CR	MAX	ACHOPBOWL.jpg	ACHOPBOWL.jpg	NOKEY	MAX	NOKEY
1446037917236	0	lts_1028I_12_01	12	01	0	188	16	1	0	Miss	MAX	16-first/AARROWS2.jpg	AARROWS2.jpg	NOKEY	MAX	SPACE
1446037920312	0	lts_1028I_12_01	12	01	0	189	0	0	0	CR	MAX	D_stove.jpg	D_stove.jpg	NOKEY	MAX	NOKEY
1446037923388	0	lts_1028I_12_01	12	01	0	190	0	0	0	CR	MAX	1/Ascanner11.jpg	Ascanner11.jpg	NOKEY	MAX	NOKEY
1446037924391	0	lts_1028I_12_01	12	01	0	191	1	1	1	Hit	522	1-7/Ascanner11.jpg	Ascanner11.jpg	SPACE	568	SPACE
1446037927467	0	lts_1028I_12_01	12	01	0	192	0	0	0	CR	MAX	26391116.thl.jpg	26391116.thl.jpg	NOKEY	MAX	NOKEY
1446037930543	0	lts_1028I_12_01	12	01	0	193	0	0	0	CR	MAX	Abottle98.jpg	Abottle98.jpg	NOKEY	MAX	NOKEY
1446037931529	0	lts_1028I_12_01	12	01	0	194	16	1	1	Hit	515	16-first/razorscooter.jpg	razorscooter.jpg	SPACE	552	SPACE
1446037934605	0	lts_1028I_12_01	12	01	0	195	0	0	0	CR	MAX	ABIRDCAG2.jpg	ABIRDCAG2.jpg	NOKEY	MAX	NOKEY
1446037937680	0	lts_1028I_12_01	12	01	0	196	0	0	0	CR	MAX	AMETSCULP.jpg	AMETSCULP.jpg	NOKEY	MAX	NOKEY
1446037940756	0	lts_1028I_12_01	12	01	0	197	0	0	0	CR	MAX	ABRANCHES.jpg	ABRANCHES.jpg	NOKEY	MAX	NOKEY
1446037941726	0	lts_1028I_12_01	12	01	0	198	4	1	1	Hit	497	4-mul/razorscooter.jpg	razorscooter.jpg	SPACE	536	SPACE
1446037944802	0	lts_1028I_12_01	12	01	0	199	0	0	0	CR	MAX	8/8080484.thl.jpg	8080484.thl.jpg	NOKEY	MAX	NOKEY
1446037947878	0	lts_1028I_12_01	12	01	0	200	0	0	0	CR	MAX	22826748.thl.jpg	22826748.thl.jpg	NOKEY	MAX	NOKEY
1446037950954	0	lts_1028I_12_01	12	01	0	201	128	1	0	Miss	MAX	128-1/trapezebars.jpg	trapezebars.jpg	NOKEY	MAX	SPACE
1446037954031	0	lts_1028I_12_01	12	01	0	202	0	0	0	CR	MAX	AMAGTABL3.jpg	AMAGTABL3.jpg	NOKEY	MAX	NOKEY
1446037957107	0	lts_1028I_12_01	12	01	0	203	0	0	0	CR	MAX	AWOODSPAT.jpg	AWOODSPAT.jpg	NOKEY	MAX	NOKEY
1446037958244	0	lts_1028I_12_01	12	01	0	204	16	1	1	Hit	651	16-mul/AARROWS2.jpg	AARROWS2.jpg	SPACE	701	SPACE
1446037961320	0	lts_1028I_12_01	12	01	0	205	0	0	0	CR	MAX	Arake4.jpg	Arake4.jpg	NOKEY	MAX	NOKEY
1446037964396	0	lts_1028I_12_01	12	01	0	206	0	0	0	CR	MAX	AHEATDUCT.jpg	AHEATDUCT.jpg	NOKEY	MAX	NOKEY
1446037965416	0	lts_1028I_12_01	12	01	0	207	8	1	1	Hit	534	8-1/8080484.thl.jpg	8080484.thl.jpg	SPACE	584	SPACE
1446037968492	0	lts_1028I_12_01	12	01	0	208	0	0	0	CR	MAX	26424440.thl.jpg	26424440.thl.jpg	NOKEY	MAX	NOKEY
1446037971568	0	lts_1028I_12_01	12	01	0	209	0	0	0	CR	MAX	ACIGCUTT.jpg	ACIGCUTT.jpg	NOKEY	MAX	NOKEY
1446037974643	0	lts_1028I_12_01	12	01	0	210	0	0	0	CR	MAX	ABARPEAR.jpg	ABARPEAR.jpg	NOKEY	MAX	NOKEY
1446037977719	0	lts_1028I_12_01	12	01	0	211	128	1	0	Miss	MAX	128-7/AASCDESC.jpg	AASCDESC.jpg	NOKEY	MAX	SPACE
1446037980795	0	lts_1028I_12_01	12	01	0	212	0	0	0	CR	MAX	8256530.thl.jpg	8256530.thl.jpg	NOKEY	MAX	NOKEY
1446037983872	0	lts_1028I_12_01	12	01	0	213	0	0	0	CR	MAX	ACHEMSET3.jpg	ACHEMSET3.jpg	NOKEY	MAX	NOKEY
1446037986948	0	lts_1028I_12_01	12	01	0	214	128	1	0	Miss	MAX	128-2/ABREASPU2.jpg	ABREASPU2.jpg	NOKEY	MAX	SPACE
1446037990025	0	lts_1028I_12_01	12	01	0	215	0	0	0	CR	MAX	ACAMPSTOO.jpg	ACAMPSTOO.jpg	NOKEY	MAX	NOKEY
1446037991095	0	lts_1028I_12_01	12	01	0	216	64	1	1	Hit	591	64-first/AAEROBENC.jpg	AAEROBENC.jpg	SPACE	634	SPACE
1446037994171	0	lts_1028I_12_01	12	01	0	217	0	0	0	CR	MAX	4/Aglassbottle6.jpg	Aglassbottle6.jpg	NOKEY	MAX	NOKEY
1446037997247	0	lts_1028I_12_01	12	01	0	218	0	0	0	CR	MAX	1/26426803.thl.jpg	26426803.thl.jpg	NOKEY	MAX	NOKEY
1446037998250	0	lts_1028I_12_01	12	01	0	219	1	1	1	Hit	529	1-5/26426803.thl.jpg	26426803.thl.jpg	SPACE	568	SPACE
1446038001326	0	lts_1028I_12_01	12	01	0	220	0	0	0	CR	MAX	ACOPPAN10.jpg	ACOPPAN10.jpg	NOKEY	MAX	NOKEY
1446038002496	0	lts_1028I_12_01	12	01	0	221	4	1	1	Hit	693	4-8/Aglassbottle6.jpg	Aglassbottle6.jpg	SPACE	736	SPACE
1446038005572	0	lts_1028I_12_01	12	01	0	222	0	0	0	CR	MAX	Abowloffruit5.jpg	Abowloffruit5.jpg	NOKEY	MAX	NOKEY
1446038008647	0	lts_1028I_12_01	12	01	0	223	0	0	0	CR	MAX	ABALLYAR4.jpg	ABALLYAR4.jpg	NOKEY	MAX	NOKEY
1446038009901	0	lts_1028I_12_01	12	01	0	224	64	1	1	Hit	780	64-first/babyseatback.jpg	babyseatback.jpg	SPACE	820	SPACE
1446038012977	0	lts_1028I_12_01	12	01	0	225	0	0	0	CR	MAX	Amatplate.jpg	Amatplate.jpg	NOKEY	MAX	NOKEY
1446038013930	0	lts_1028I_12_01	12	01	0	226	2	1	1	Hit	469	2-mul/babyseatback.jpg	babyseatback.jpg	SPACE	519	SPACE
1446038017007	0	lts_1028I_12_01	12	01	0	227	0	0	0	CR	MAX	petfood.jpg	petfood.jpg	NOKEY	MAX	NOKEY
1446038020083	0	lts_1028I_12_01	12	01	0	228	0	0	0	CR	MAX	2/ASHOULDE4.jpg	ASHOULDE4.jpg	NOKEY	MAX	NOKEY
1446038023159	0	lts_1028I_12_01	12	01	0	229	0	0	0	CR	MAX	8/AMIXER.jpg	AMIXER.jpg	NOKEY	MAX	NOKEY
1446038024129	0	lts_1028I_12_01	12	01	0	230	2	1	1	Hit	491	2-4/ASHOULDE4.jpg	ASHOULDE4.jpg	SPACE	534	SPACE
1446038027205	0	lts_1028I_12_01	12	01	0	231	0	0	0	CR	MAX	4/Adayplanner.jpg	Adayplanner.jpg	NOKEY	MAX	NOKEY
1446038028208	0	lts_1028I_12_01	12	01	0	232	16	1	1	Hit	520	16-mul/AAEROBENC.jpg	AAEROBENC.jpg	SPACE	568	SPACE
1446038031284	0	lts_1028I_12_01	12	01	0	233	0	0	0	CR	MAX	26379430.thl.jpg	26379430.thl.jpg	NOKEY	MAX	NOKEY
1446038034377	0	lts_1028I_12_01	12	01	0	234	0	0	0	CR	MAX	64/visacard.jpg	visacard.jpg	NOKEY	MAX	NOKEY
1446038035380	0	lts_1028I_12_01	12	01	0	235	4	1	1	Hit	528	4-9/Adayplanner.jpg	Adayplanner.jpg	SPACE	568	SPACE
1446038038456	0	lts_1028I_12_01	12	01	0	236	0	0	0	CR	MAX	8/Atoyservices2.jpg	Atoyservices2.jpg	NOKEY	MAX	NOKEY
1446038039476	0	lts_1028I_12_01	12	01	0	237	8	1	1	Hit	547	8-first/AMIXER.jpg	AMIXER.jpg	SPACE	586	SPACE
1446038042552	0	lts_1028I_12_01	12	01	0	238	0	0	0	CR	MAX	128/Astampandseal.jpg	Astampandseal.jpg	NOKEY	MAX	NOKEY
1446038043538	0	lts_1028I_12_01	12	01	0	239	2	1	1	Hit	516	2-mul/AMIXER.jpg	AMIXER.jpg	SPACE	552	SPACE
1446038046614	0	lts_1028I_12_01	12	01	0	240	0	0	0	CR	MAX	Ababycup2.jpg	Ababycup2.jpg	NOKEY	MAX	NOKEY
1446038049689	0	lts_1028I_12_01	12	01	0	241	0	0	0	CR	MAX	ATOMATOSA.jpg	ATOMATOSA.jpg	NOKEY	MAX	NOKEY
1446038052765	0	lts_1028I_12_01	12	01	0	242	0	0	0	CR	MAX	64/M15589.jpg	M15589.jpg	NOKEY	MAX	NOKEY
1446038055841	0	lts_1028I_12_01	12	01	0	243	0	0	0	CR	MAX	Acactusfruit.jpg	Acactusfruit.jpg	NOKEY	MAX	NOKEY
1446038056911	0	lts_1028I_12_01	12	01	0	244	8	1	1	Hit	587	8-first/Atoyservices2.jpg	Atoyservices2.jpg	SPACE	636	SPACE
1446038059988	0	lts_1028I_12_01	12	01	0	245	0	0	0	CR	MAX	AMINIHAMP.jpg	AMINIHAMP.jpg	NOKEY	MAX	NOKEY
1446038063064	0	lts_1028I_12_01	12	01	0	246	0	0	0	CR	MAX	22853544.thl.jpg	22853544.thl.jpg	NOKEY	MAX	NOKEY
1446038066140	0	lts_1028I_12_01	12	01	0	247	0	0	0	CR	MAX	32/Aconferencer3.jpg	Aconferencer3.jpg	NOKEY	MAX	NOKEY
1446038069217	0	lts_1028I_12_01	12	01	0	248	0	0	0	CR	MAX	26434233.thl.jpg	26434233.thl.jpg	NOKEY	MAX	NOKEY
1446038072293	0	lts_1028I_12_01	12	01	0	249	128	1	0	Miss	MAX	128-0/APEPPSHA4.jpg	APEPPSHA4.jpg	NOKEY	MAX	SPACE
1446038075369	0	lts_1028I_12_01	12	01	0	250	0	0	0	CR	MAX	16/Ascrewmount.jpg	Ascrewmount.jpg	NOKEY	MAX	NOKEY
1446038078445	0	lts_1028I_12_01	12	01	0	251	0	0	0	CR	MAX	Abeetle10.jpg	Abeetle10.jpg	NOKEY	MAX	NOKEY
1446038081521	0	lts_1028I_12_01	12	01	0	252	0	0	0	CR	MAX	Adinningroomt.jpg	Adinningroomt.jpg	NOKEY	MAX	NOKEY
1446038084597	0	lts_1028I_12_01	12	01	0	253	0	0	0	CR	MAX	APALLETT2.jpg	APALLETT2.jpg	NOKEY	MAX	NOKEY
1446038087689	0	lts_1028I_12_01	12	01	0	254	0	0	0	CR	MAX	2/Acrayonsinabo.jpg	Acrayonsinabo.jpg	NOKEY	MAX	NOKEY
1446038090765	0	lts_1028I_12_01	12	01	0	255	0	0	0	CR	MAX	128/Abeermug11.jpg	Abeermug11.jpg	NOKEY	MAX	NOKEY
1446038091734	0	lts_1028I_12_01	12	01	0	256	2	1	1	Hit	501	2-5/Acrayonsinabo.jpg	Acrayonsinabo.jpg	SPACE	536	SPACE
1446038094810	0	lts_1028I_12_01	12	01	0	257	0	0	0	CR	MAX	Awastepaperb3.jpg	Awastepaperb3.jpg	NOKEY	MAX	NOKEY
1446038097887	0	lts_1028I_12_01	12	01	0	258	0	0	0	CR	MAX	ACIGARCU3.jpg	ACIGARCU3.jpg	NOKEY	MAX	NOKEY
1446038100963	0	lts_1028I_12_01	12	01	0	259	0	0	0	CR	MAX	beanbagchair.jpg	beanbagchair.jpg	NOKEY	MAX	NOKEY
1446038101966	0	lts_1028I_12_01	12	01	0	260	16	1	1	Hit	505	16-mul/Atoyservices2.jpg	Atoyservices2.jpg	SPACE	553	SPACE
1446038105043	0	lts_1028I_12_01	12	01	0	261	0	0	0	CR	MAX	128/22855236.thl.jpg	22855236.thl.jpg	NOKEY	MAX	NOKEY
1446038108119	0	lts_1028I_12_01	12	01	0	262	0	0	0	CR	MAX	ACUPBOAR5.jpg	ACUPBOAR5.jpg	NOKEY	MAX	NOKEY
1446038111195	0	lts_1028I_12_01	12	01	0	263	0	0	0	CR	MAX	8021504.thl.jpg	8021504.thl.jpg	NOKEY	MAX	NOKEY
1446038114271	0	lts_1028I_12_01	12	01	0	264	0	0	0	CR	MAX	ASLIDVIE2.jpg	ASLIDVIE2.jpg	NOKEY	MAX	NOKEY
1446038117347	0	lts_1028I_12_01	12	01	0	265	0	0	0	CR	MAX	Ablanket2.jpg	Ablanket2.jpg	NOKEY	MAX	NOKEY
1446038120423	0	lts_1028I_12_01	12	01	0	266	16	1	0	Miss	MAX	16-first/Ascrewmount.jpg	Ascrewmount.jpg	NOKEY	MAX	SPACE
1446038123499	0	lts_1028I_12_01	12	01	0	267	0	0	0	CR	MAX	22855404.thl.jpg	22855404.thl.jpg	NOKEY	MAX	NOKEY
1446038124552	0	lts_1028I_12_01	12	01	0	268	2	1	1	Hit	576	2-mul/Ascrewmount.jpg	Ascrewmount.jpg	SPACE	618	SPACE
1446038127628	0	lts_1028I_12_01	12	01	0	269	0	0	0	CR	MAX	Aconchshe.jpg	Aconchshe.jpg	NOKEY	MAX	NOKEY
1446038130703	0	lts_1028I_12_01	12	01	0	270	0	0	0	CR	MAX	64/nintendo.jpg	nintendo.jpg	NOKEY	MAX	NOKEY
1446038133780	0	lts_1028I_12_01	12	01	0	271	0	0	0	CR	MAX	AARTIFLE2.jpg	AARTIFLE2.jpg	NOKEY	MAX	NOKEY
1446038136856	0	lts_1028I_12_01	12	01	0	272	0	0	0	CR	MAX	Acookiejar14.jpg	Acookiejar14.jpg	NOKEY	MAX	NOKEY
1446038139932	0	lts_1028I_12_01	12	01	0	273	0	0	0	CR	MAX	Atable132.jpg	Atable132.jpg	NOKEY	MAX	NOKEY
1446038143009	0	lts_1028I_12_01	12	01	0	274	0	0	0	CR	MAX	Akiwifruit6.jpg	Akiwifruit6.jpg	NOKEY	MAX	NOKEY
1446038146085	0	lts_1028I_12_01	12	01	0	275	0	0	0	CR	MAX	AMEATHER3.jpg	AMEATHER3.jpg	NOKEY	MAX	NOKEY
1446038149161	0	lts_1028I_12_01	12	01	0	276	0	0	0	CR	MAX	64/AGHOST.jpg	AGHOST.jpg	NOKEY	MAX	NOKEY
1446038152237	0	lts_1028I_12_01	12	01	0	277	0	0	0	CR	MAX	Atoybird10.jpg	Atoybird10.jpg	NOKEY	MAX	NOKEY
1446038155313	0	lts_1028I_12_01	12	01	0	278	0	0	0	CR	MAX	ALOAFBR4.jpg	ALOAFBR4.jpg	NOKEY	MAX	NOKEY
1446038156517	0	lts_1028I_12_01	12	01	0	279	32	1	1	Hit	721	32-3/Aconferencer3.jpg	Aconferencer3.jpg	SPACE	768	SPACE
1446038159593	0	lts_1028I_12_01	12	01	0	280	0	0	0	CR	MAX	2/Acartofgroce3.jpg	Acartofgroce3.jpg	NOKEY	MAX	NOKEY
1446038162668	0	lts_1028I_12_01	12	01	0	281	0	0	0	CR	MAX	Aradio24.jpg	Aradio24.jpg	NOKEY	MAX	NOKEY
1446038163654	0	lts_1028I_12_01	12	01	0	282	2	1	1	Hit	507	2-11/Acartofgroce3.jpg	Acartofgroce3.jpg	SPACE	553	SPACE
1446038166730	0	lts_1028I_12_01	12	01	0	283	0	0	0	CR	MAX	Ayoungbobcat.jpg	Ayoungbobcat.jpg	NOKEY	MAX	NOKEY
1446038169806	0	lts_1028I_12_01	12	01	0	284	0	0	0	CR	MAX	22853352.thl.jpg	22853352.thl.jpg	NOKEY	MAX	NOKEY
1446038172882	0	lts_1028I_12_01	12	01	0	285	0	0	0	CR	MAX	Astaplegun3.jpg	Astaplegun3.jpg	NOKEY	MAX	NOKEY
1446038175958	0	lts_1028I_12_01	12	01	0	286	0	0	0	CR	MAX	AMASCARA.jpg	AMASCARA.jpg	NOKEY	MAX	NOKEY
1446038179035	0	lts_1028I_12_01	12	01	0	287	0	0	0	CR	MAX	AHALLOWE3.jpg	AHALLOWE3.jpg	NOKEY	MAX	NOKEY
1446038182112	0	lts_1028I_12_01	12	01	0	288	0	0	0	CR	MAX	8/ignitionkey01.jpg	ignitionkey01.jpg	NOKEY	MAX	NOKEY
1446038185188	0	lts_1028I_12_01	12	01	0	289	0	0	0	CR	MAX	sntslrc.jpg	sntslrc.jpg	NOKEY	MAX	NOKEY
1446038188264	0	lts_1028I_12_01	12	01	0	290	0	0	0	CR	MAX	4/seasponge.jpg	seasponge.jpg	NOKEY	MAX	NOKEY
1446038191340	0	lts_1028I_12_01	12	01	0	291	0	0	0	CR	MAX	ASCREW24.jpg	ASCREW24.jpg	NOKEY	MAX	NOKEY
1446038194416	0	lts_1028I_12_01	12	01	0	292	0	0	0	CR	MAX	AWEDCOU19.jpg	AWEDCOU19.jpg	NOKEY	MAX	NOKEY
1446038197492	0	lts_1028I_12_01	12	01	0	293	0	0	0	CR	MAX	26384554.thl.jpg	26384554.thl.jpg	NOKEY	MAX	NOKEY
1446038198578	0	lts_1028I_12_01	12	01	0	294	4	1	1	Hit	615	4-1/seasponge.jpg	seasponge.jpg	SPACE	652	SPACE
1446038201654	0	lts_1028I_12_01	12	01	0	295	0	0	0	CR	MAX	APROSTAR2.jpg	APROSTAR2.jpg	NOKEY	MAX	NOKEY
1446038202740	0	lts_1028I_12_01	12	01	0	296	8	1	1	Hit	609	8-first/ignitionkey01.jpg	ignitionkey01.jpg	SPACE	653	SPACE
1446038205833	0	lts_1028I_12_01	12	01	0	297	0	0	0	CR	MAX	Aflashlight3.jpg	Aflashlight3.jpg	NOKEY	MAX	NOKEY
1446038208909	0	lts_1028I_12_01	12	01	0	298	64	1	0	Miss	MAX	64-first/visacard.jpg	visacard.jpg	NOKEY	MAX	SPACE
1446038211985	0	lts_1028I_12_01	12	01	0	299	0	0	0	CR	MAX	Aconcreteblo3.jpg	Aconcreteblo3.jpg	NOKEY	MAX	NOKEY
1446038213039	0	lts_1028I_12_01	12	01	0	300	4	1	1	Hit	582	4-mul/ignitionkey01.jpg	ignitionkey01.jpg	SPACE	618	SPACE
1446038216115	0	lts_1028I_12_01	12	01	0	301	0	0	0	CR	MAX	Adracmask.jpg	Adracmask.jpg	NOKEY	MAX	NOKEY
1446038217169	0	lts_1028I_12_01	12	01	0	302	4	1	1	Hit	572	4-mul/visacard.jpg	visacard.jpg	SPACE	618	SPACE
1446038220245	0	lts_1028I_12_01	12	01	0	303	0	0	0	CR	MAX	1/burrito.jpg	burrito.jpg	NOKEY	MAX	NOKEY
1446038221181	0	lts_1028I_12_01	12	01	0	304	1	1	1	Hit	453	1-4/burrito.jpg	burrito.jpg	SPACE	501	SPACE
1446038224257	0	lts_1028I_12_01	12	01	0	305	0	0	0	CR	MAX	Amonitor10.jpg	Amonitor10.jpg	NOKEY	MAX	NOKEY
1446038225293	0	lts_1028I_12_01	12	01	0	306	64	1	1	Hit	559	64-first/M15589.jpg	M15589.jpg	SPACE	601	SPACE
1446038228370	0	lts_1028I_12_01	12	01	0	307	0	0	0	CR	MAX	ALADLE5.jpg	ALADLE5.jpg	NOKEY	MAX	NOKEY
1446038231446	0	lts_1028I_12_01	12	01	0	308	0	0	0	CR	MAX	Arubberducky2.jpg	Arubberducky2.jpg	NOKEY	MAX	NOKEY
1446038234522	0	lts_1028I_12_01	12	01	0	309	0	0	0	CR	MAX	4/Abedpan7.jpg	Abedpan7.jpg	NOKEY	MAX	NOKEY
1446038237598	0	lts_1028I_12_01	12	01	0	310	0	0	0	CR	MAX	AMIXER1.jpg	AMIXER1.jpg	NOKEY	MAX	NOKEY
1446038240673	0	lts_1028I_12_01	12	01	0	311	0	0	0	CR	MAX	26418207.thl.jpg	26418207.thl.jpg	NOKEY	MAX	NOKEY
1446038243749	0	lts_1028I_12_01	12	01	0	312	0	0	0	CR	MAX	Ajoystick10.jpg	Ajoystick10.jpg	NOKEY	MAX	NOKEY
1446038244852	0	lts_1028I_12_01	12	01	0	313	4	1	1	Hit	631	4-11/Abedpan7.jpg	Abedpan7.jpg	SPACE	670	SPACE
1446038247928	0	lts_1028I_12_01	12	01	0	314	0	0	0	CR	MAX	32/Abutterdish.jpg	Abutterdish.jpg	NOKEY	MAX	NOKEY
1446038251005	0	lts_1028I_12_01	12	01	0	315	0	0	0	CR	MAX	ACANOPEN6.jpg	ACANOPEN6.jpg	NOKEY	MAX	NOKEY
1446038254081	0	lts_1028I_12_01	12	01	0	316	0	0	0	CR	MAX	2/Alobster10.jpg	Alobster10.jpg	NOKEY	MAX	NOKEY
1446038257158	0	lts_1028I_12_01	12	01	0	317	0	0	0	CR	MAX	ASTAR.jpg	ASTAR.jpg	NOKEY	MAX	NOKEY
1446038258094	0	lts_1028I_12_01	12	01	0	318	2	1	1	Hit	461	2-2/Alobster10.jpg	Alobster10.jpg	SPACE	500	SPACE
1446038259681	0	lts_1028I_12_01	12	01	0	319	0	0	1	FA	1086	1/Asharktoy.jpg	Asharktoy.jpg	SPACE	1137	NOKEY
1446038260818	0	lts_1028I_12_01	12	01	0	320	1	1	1	Hit	653	1-2/Asharktoy.jpg	Asharktoy.jpg	SPACE	703	SPACE
1446038263894	0	lts_1028I_12_01	12	01	0	321	0	0	0	CR	MAX	Aberries5.jpg	Aberries5.jpg	NOKEY	MAX	NOKEY
1446038264980	0	lts_1028I_12_01	12	01	0	322	16	1	1	Hit	603	16-mul/M15589.jpg	M15589.jpg	SPACE	653	SPACE
1446038268057	0	lts_1028I_12_01	12	01	0	323	0	0	0	CR	MAX	ABALLBEAR.jpg	ABALLBEAR.jpg	NOKEY	MAX	NOKEY
1446038271134	0	lts_1028I_12_01	12	01	0	324	0	0	0	CR	MAX	ASWANWHIT.jpg	ASWANWHIT.jpg	NOKEY	MAX	NOKEY
1446038274210	0	lts_1028I_12_01	12	01	0	325	0	0	0	CR	MAX	Aspoon14.jpg	Aspoon14.jpg	NOKEY	MAX	NOKEY
1446038277286	0	lts_1028I_12_01	12	01	0	326	0	0	0	CR	MAX	AANTIBIK4.jpg	AANTIBIK4.jpg	NOKEY	MAX	NOKEY
1446038280362	0	lts_1028I_12_01	12	01	0	327	0	0	0	CR	MAX	ACROQUET2.jpg	ACROQUET2.jpg	NOKEY	MAX	NOKEY
1446038283438	0	lts_1028I_12_01	12	01	0	328	0	0	0	CR	MAX	1/Hammock.jpg	Hammock.jpg	NOKEY	MAX	NOKEY
1446038284458	0	lts_1028I_12_01	12	01	0	329	1	1	1	Hit	537	1-13/Hammock.jpg	Hammock.jpg	SPACE	585	SPACE
1446038287534	0	lts_1028I_12_01	12	01	0	330	0	0	0	CR	MAX	Abicycleglove.jpg	Abicycleglove.jpg	NOKEY	MAX	NOKEY
1446038290610	0	lts_1028I_12_01	12	01	0	331	0	0	0	CR	MAX	26374803.thl.jpg	26374803.thl.jpg	NOKEY	MAX	NOKEY
1446038293685	0	lts_1028I_12_01	12	01	0	332	0	0	0	CR	MAX	ASPOTLIG2.jpg	ASPOTLIG2.jpg	NOKEY	MAX	NOKEY
1446038296761	0	lts_1028I_12_01	12	01	0	333	0	0	0	CR	MAX	ACHERRY.jpg	ACHERRY.jpg	NOKEY	MAX	NOKEY
1446038297881	0	lts_1028I_12_01	12	01	0	334	64	1	1	Hit	652	64-first/nintendo.jpg	nintendo.jpg	SPACE	687	SPACE
1446038300958	0	lts_1028I_12_01	12	01	0	335	0	0	0	CR	MAX	AEASEL22.jpg	AEASEL22.jpg	NOKEY	MAX	NOKEY
1446038301994	0	lts_1028I_12_01	12	01	0	336	2	1	1	Hit	559	2-mul/nintendo.jpg	nintendo.jpg	SPACE	602	SPACE
1446038305071	0	lts_1028I_12_01	12	01	0	337	0	0	0	CR	MAX	Abuilding5.jpg	Abuilding5.jpg	NOKEY	MAX	NOKEY
1446038308147	0	lts_1028I_12_01	12	01	0	338	0	0	0	CR	MAX	16/26437068.thl.jpg	26437068.thl.jpg	NOKEY	MAX	NOKEY
1446038311239	0	lts_1028I_12_01	12	01	0	339	0	0	0	CR	MAX	Aceramicjug10.jpg	Aceramicjug10.jpg	NOKEY	MAX	NOKEY
1446038312676	0	lts_1028I_12_01	12	01	0	340	64	1	1	Hit	955	64-first/AGHOST.jpg	AGHOST.jpg	SPACE	1003	SPACE
1446038314449	0	lts_1028I_12_01	12	01	0	341	0	0	1	FA	1294	AWEIGHT11.jpg	AWEIGHT11.jpg	SPACE	1338	NOKEY
1446038317525	0	lts_1028I_12_01	12	01	0	342	0	0	0	CR	MAX	8/ADIRECSI3.jpg	ADIRECSI3.jpg	NOKEY	MAX	NOKEY
1446038320601	0	lts_1028I_12_01	12	01	0	343	0	0	0	CR	MAX	26461413.thl.jpg	26461413.thl.jpg	NOKEY	MAX	NOKEY
1446038321654	0	lts_1028I_12_01	12	01	0	344	4	1	1	Hit	580	4-mul/AGHOST.jpg	AGHOST.jpg	SPACE	618	SPACE
1446038324730	0	lts_1028I_12_01	12	01	0	345	0	0	0	CR	MAX	Awoodenspoon3.jpg	Awoodenspoon3.jpg	NOKEY	MAX	NOKEY
1446038326051	0	lts_1028I_12_01	12	01	0	346	32	1	1	Hit	844	32-0/Abutterdish.jpg	Abutterdish.jpg	SPACE	887	SPACE
1446038329127	0	lts_1028I_12_01	12	01	0	347	0	0	0	CR	MAX	ADOGFOOD.jpg	ADOGFOOD.jpg	NOKEY	MAX	NOKEY
1446038332203	0	lts_1028I_12_01	12	01	0	348	0	0	0	CR	MAX	Aspeakers4.jpg	Aspeakers4.jpg	NOKEY	MAX	NOKEY
1446038335280	0	lts_1028I_12_01	12	01	0	349	0	0	0	CR	MAX	Astereo30.jpg	Astereo30.jpg	NOKEY	MAX	NOKEY
1446038336633	0	lts_1028I_12_01	12	01	0	350	8	1	1	Hit	879	8-2/ADIRECSI3.jpg	ADIRECSI3.jpg	SPACE	920	SPACE
1446038339709	0	lts_1028I_12_01	12	01	0	351	0	0	0	CR	MAX	8/AIDENTIFI.jpg	AIDENTIFI.jpg	NOKEY	MAX	NOKEY
1446038342785	0	lts_1028I_12_01	12	01	0	352	0	0	0	CR	MAX	4/oilbottleolive.jpg	oilbottleolive.jpg	NOKEY	MAX	NOKEY
1446038345861	0	lts_1028I_12_01	12	01	0	353	0	0	0	CR	MAX	XPGame.jpg	XPGame.jpg	NOKEY	MAX	NOKEY
1446038346931	0	lts_1028I_12_01	12	01	0	354	16	1	1	Hit	587	16-1/26437068.thl.jpg	26437068.thl.jpg	SPACE	637	SPACE
1446038350008	0	lts_1028I_12_01	12	01	0	355	0	0	0	CR	MAX	Astrawberryde.jpg	Astrawberryde.jpg	NOKEY	MAX	NOKEY
1446038351061	0	lts_1028I_12_01	12	01	0	356	4	1	1	Hit	568	4-6/oilbottleolive.jpg	oilbottleolive.jpg	SPACE	618	SPACE
1446038354137	0	lts_1028I_12_01	12	01	0	357	0	0	0	CR	MAX	ACHAIRDE2.jpg	ACHAIRDE2.jpg	NOKEY	MAX	NOKEY
1446038357213	0	lts_1028I_12_01	12	01	0	358	0	0	0	CR	MAX	Aglass33.jpg	Aglass33.jpg	NOKEY	MAX	NOKEY
1446038358851	0	lts_1028I_12_01	12	01	0	359	8	1	1	Hit	1162	8-first/AIDENTIFI.jpg	AIDENTIFI.jpg	SPACE	1203	SPACE
1446038361927	0	lts_1028I_12_01	12	01	0	360	0	0	0	CR	MAX	1/securitycamera.jpg	securitycamera.jpg	NOKEY	MAX	NOKEY
1446038363282	0	lts_1028I_12_01	12	01	0	361	1	1	1	Hit	879	1-10/securitycamera.jpg	securitycamera.jpg	SPACE	920	SPACE
1446038366358	0	lts_1028I_12_01	12	01	0	362	0	0	0	CR	MAX	2/AHOOK11.jpg	AHOOK11.jpg	NOKEY	MAX	NOKEY
1446038369434	0	lts_1028I_12_01	12	01	0	363	0	0	0	CR	MAX	64/26554880.thl.jpg	26554880.thl.jpg	NOKEY	MAX	NOKEY
1446038370571	0	lts_1028I_12_01	12	01	0	364	2	1	1	Hit	665	2-1/AHOOK11.jpg	AHOOK11.jpg	SPACE	703	SPACE
1446038373646	0	lts_1028I_12_01	12	01	0	365	0	0	0	CR	MAX	BeautyNBeast.jpg	BeautyNBeast.jpg	NOKEY	MAX	NOKEY
1446038376722	0	lts_1028I_12_01	12	01	0	366	128	1	0	Miss	MAX	128-5/Astampandseal.jpg	Astampandseal.jpg	NOKEY	MAX	SPACE
1446038379798	0	lts_1028I_12_01	12	01	0	367	0	0	0	CR	MAX	Afoodproces27.jpg	Afoodproces27.jpg	NOKEY	MAX	NOKEY
1446038382874	0	lts_1028I_12_01	12	01	0	368	0	0	0	CR	MAX	26465344.thl.jpg	26465344.thl.jpg	NOKEY	MAX	NOKEY
1446038385950	0	lts_1028I_12_01	12	01	0	369	0	0	0	CR	MAX	Apump4.jpg	Apump4.jpg	NOKEY	MAX	NOKEY
1446038389027	0	lts_1028I_12_01	12	01	0	370	0	0	0	CR	MAX	8/Apumpcart2.jpg	Apumpcart2.jpg	NOKEY	MAX	NOKEY
1446038392103	0	lts_1028I_12_01	12	01	0	371	0	0	0	CR	MAX	8250565.thl.jpg	8250565.thl.jpg	NOKEY	MAX	NOKEY
1446038395179	0	lts_1028I_12_01	12	01	0	372	0	0	0	CR	MAX	32/26437064.thl.jpg	26437064.thl.jpg	NOKEY	MAX	NOKEY
1446038398255	0	lts_1028I_12_01	12	01	0	373	0	0	0	CR	MAX	Afilmnegativ2.jpg	Afilmnegativ2.jpg	NOKEY	MAX	NOKEY
1446038401331	0	lts_1028I_12_01	12	01	0	374	0	0	0	CR	MAX	22854888.thl.jpg	22854888.thl.jpg	NOKEY	MAX	NOKEY
1446038402368	0	lts_1028I_12_01	12	01	0	375	16	1	1	Hit	553	16-mul/AIDENTIFI.jpg	AIDENTIFI.jpg	SPACE	601	SPACE
1446038405444	0	lts_1028I_12_01	12	01	0	376	0	0	0	CR	MAX	Aantiquehat4.jpg	Aantiquehat4.jpg	NOKEY	MAX	NOKEY
1446038408520	0	lts_1028I_12_01	12	01	0	377	0	0	0	CR	MAX	4/AWHISTLE4.jpg	AWHISTLE4.jpg	NOKEY	MAX	NOKEY
1446038411596	0	lts_1028I_12_01	12	01	0	378	8	1	0	Miss	MAX	8-first/Apumpcart2.jpg	Apumpcart2.jpg	NOKEY	MAX	SPACE
1446038414671	0	lts_1028I_12_01	12	01	0	379	0	0	0	CR	MAX	Ascientifict3.jpg	Ascientifict3.jpg	NOKEY	MAX	NOKEY
1446038417747	0	lts_1028I_12_01	12	01	0	380	0	0	0	CR	MAX	8065674.thl.jpg	8065674.thl.jpg	NOKEY	MAX	NOKEY
1446038420823	0	lts_1028I_12_01	12	01	0	381	4	1	0	Miss	MAX	4-4/AWHISTLE4.jpg	AWHISTLE4.jpg	NOKEY	MAX	SPACE
1446038423916	0	lts_1028I_12_01	12	01	0	382	0	0	0	CR	MAX	ADIAMCRYS.jpg	ADIAMCRYS.jpg	NOKEY	MAX	NOKEY
1446038425071	0	lts_1028I_12_01	12	01	0	383	128	1	1	Hit	678	128-4/Abeermug11.jpg	Abeermug11.jpg	SPACE	718	SPACE
1446038428147	0	lts_1028I_12_01	12	01	0	384	0	0	0	CR	MAX	8/26383637.thl.jpg	26383637.thl.jpg	NOKEY	MAX	NOKEY
1446038431223	0	lts_1028I_12_01	12	01	0	385	0	0	0	CR	MAX	1/22857084.thl.jpg	22857084.thl.jpg	NOKEY	MAX	NOKEY
1446038432159	0	lts_1028I_12_01	12	01	0	386	1	1	1	Hit	465	1-8/22857084.thl.jpg	22857084.thl.jpg	SPACE	501	SPACE
1446038435235	0	lts_1028I_12_01	12	01	0	387	0	0	0	CR	MAX	Atennisball2.jpg	Atennisball2.jpg	NOKEY	MAX	NOKEY
1446038438311	0	lts_1028I_12_01	12	01	0	388	0	0	0	CR	MAX	AAIRGRIN2.jpg	AAIRGRIN2.jpg	NOKEY	MAX	NOKEY
1446038440133	0	lts_1028I_12_01	12	01	0	389	128	1	1	Hit	1349	128-3/22855236.thl.jpg	22855236.thl.jpg	SPACE	1386	SPACE
1446038443226	0	lts_1028I_12_01	12	01	0	390	0	0	0	CR	MAX	Aperfumebottl.jpg	Aperfumebottl.jpg	NOKEY	MAX	NOKEY
1446038446302	0	lts_1028I_12_01	12	01	0	391	0	0	0	CR	MAX	AFISH20.jpg	AFISH20.jpg	NOKEY	MAX	NOKEY
1446038447573	0	lts_1028I_12_01	12	01	0	392	8	1	1	Hit	793	8-0/26383637.thl.jpg	26383637.thl.jpg	SPACE	836	SPACE
1446038450648	0	lts_1028I_12_01	12	01	0	393	0	0	0	CR	MAX	26369923.thl.jpg	26369923.thl.jpg	NOKEY	MAX	NOKEY
1446038451768	0	lts_1028I_12_01	12	01	0	394	16	1	1	Hit	651	16-mul/Apumpcart2.jpg	Apumpcart2.jpg	SPACE	687	SPACE
1446038454844	0	lts_1028I_12_01	12	01	0	395	0	0	0	CR	MAX	Aslippers2.jpg	Aslippers2.jpg	NOKEY	MAX	NOKEY
1446038457920	0	lts_1028I_12_01	12	01	0	396	0	0	0	CR	MAX	2/26432173.thl.jpg	26432173.thl.jpg	NOKEY	MAX	NOKEY
1446038460996	0	lts_1028I_12_01	12	01	0	397	0	0	0	CR	MAX	Awomansshoe3.jpg	Awomansshoe3.jpg	NOKEY	MAX	NOKEY
1446038462034	0	lts_1028I_12_01	12	01	0	398	2	1	1	Hit	554	2-0/26432173.thl.jpg	26432173.thl.jpg	SPACE	601	SPACE
1446038465110	0	lts_1028I_12_01	12	01	0	399	0	0	0	CR	MAX	1/seesaw.jpg	seesaw.jpg	NOKEY	MAX	NOKEY
1446038466096	0	lts_1028I_12_01	12	01	0	400	1	1	1	Hit	505	1-9/seesaw.jpg	seesaw.jpg	SPACE	551	SPACE
1446038469172	0	lts_1028I_12_01	12	01	0	401	0	0	0	CR	MAX	AASPHALT.jpg	AASPHALT.jpg	NOKEY	MAX	NOKEY
1446038472248	0	lts_1028I_12_01	12	01	0	402	0	0	0	CR	MAX	23070064.thl.jpg	23070064.thl.jpg	NOKEY	MAX	NOKEY
1446038475324	0	lts_1028I_12_01	12	01	0	403	0	0	0	CR	MAX	4/Aframedpainti.jpg	Aframedpainti.jpg	NOKEY	MAX	NOKEY
1446038476578	0	lts_1028I_12_01	12	01	0	404	32	1	1	Hit	771	32-1/26437064.thl.jpg	26437064.thl.jpg	SPACE	819	SPACE
1446038479653	0	lts_1028I_12_01	12	01	0	405	0	0	0	CR	MAX	Acompass18.jpg	Acompass18.jpg	NOKEY	MAX	NOKEY
1446038482729	0	lts_1028I_12_01	12	01	0	406	0	0	0	CR	MAX	26420830.thl.jpg	26420830.thl.jpg	NOKEY	MAX	NOKEY
1446038483665	0	lts_1028I_12_01	12	01	0	407	4	1	1	Hit	466	4-3/Aframedpainti.jpg	Aframedpainti.jpg	SPACE	502	SPACE
1446038486741	0	lts_1028I_12_01	12	01	0	408	0	0	0	CR	MAX	hotgreenpepper.jpg	hotgreenpepper.jpg	NOKEY	MAX	NOKEY
1446038489817	0	lts_1028I_12_01	12	01	0	409	0	0	0	CR	MAX	4/Ababytableand.jpg	Ababytableand.jpg	NOKEY	MAX	NOKEY
1446038492894	0	lts_1028I_12_01	12	01	0	410	0	0	0	CR	MAX	schoolbus.jpg	schoolbus.jpg	NOKEY	MAX	NOKEY
1446038495970	0	lts_1028I_12_01	12	01	0	411	0	0	0	CR	MAX	AGRILL3.jpg	AGRILL3.jpg	NOKEY	MAX	NOKEY
1446038499047	0	lts_1028I_12_01	12	01	0	412	0	0	0	CR	MAX	32/AWASMACH.jpg	AWASMACH.jpg	NOKEY	MAX	NOKEY
1446038500083	0	lts_1028I_12_01	12	01	0	413	4	1	1	Hit	561	4-7/Ababytableand.jpg	Ababytableand.jpg	SPACE	601	SPACE
1446038503159	0	lts_1028I_12_01	12	01	0	414	0	0	0	CR	MAX	32/AXMASTIN3.jpg	AXMASTIN3.jpg	NOKEY	MAX	NOKEY
1446038506235	0	lts_1028I_12_01	12	01	0	415	0	0	0	CR	MAX	AMUSICSH2.jpg	AMUSICSH2.jpg	NOKEY	MAX	NOKEY
1446038509311	0	lts_1028I_12_01	12	01	0	416	0	0	0	CR	MAX	AORIGIRL3.jpg	AORIGIRL3.jpg	NOKEY	MAX	NOKEY
1446038512387	0	lts_1028I_12_01	12	01	0	417	0	0	0	CR	MAX	Abicycleodome.jpg	Abicycleodome.jpg	NOKEY	MAX	NOKEY
1446038515480	0	lts_1028I_12_01	12	01	0	418	0	0	0	CR	MAX	16/AHEBREWTE.jpg	AHEBREWTE.jpg	NOKEY	MAX	NOKEY
1446038518556	0	lts_1028I_12_01	12	01	0	419	0	0	0	CR	MAX	2/26373844.thl.jpg	26373844.thl.jpg	NOKEY	MAX	NOKEY
1446038521632	0	lts_1028I_12_01	12	01	0	420	0	0	0	CR	MAX	26421368.thl.jpg	26421368.thl.jpg	NOKEY	MAX	NOKEY
1446038524707	0	lts_1028I_12_01	12	01	0	421	2	1	0	Miss	MAX	2-3/26373844.thl.jpg	26373844.thl.jpg	NOKEY	MAX	SPACE
1446038527783	0	lts_1028I_12_01	12	01	0	422	0	0	0	CR	MAX	Apurse83.jpg	Apurse83.jpg	NOKEY	MAX	NOKEY
1446038530859	0	lts_1028I_12_01	12	01	0	423	0	0	0	CR	MAX	ACLOWSTE5.jpg	ACLOWSTE5.jpg	NOKEY	MAX	NOKEY
1446038533936	0	lts_1028I_12_01	12	01	0	424	0	0	0	CR	MAX	1/ACLARINE5.jpg	ACLARINE5.jpg	NOKEY	MAX	NOKEY
1446038534972	0	lts_1028I_12_01	12	01	0	425	1	1	1	Hit	560	1-11/ACLARINE5.jpg	ACLARINE5.jpg	SPACE	603	SPACE
1446038538049	0	lts_1028I_12_01	12	01	0	426	0	0	0	CR	MAX	Ainflatablem6.jpg	Ainflatablem6.jpg	NOKEY	MAX	NOKEY
1446038539320	0	lts_1028I_12_01	12	01	0	427	64	1	1	Hit	789	64-first/26554880.thl.jpg	26554880.thl.jpg	SPACE	835	SPACE
1446038542396	0	lts_1028I_12_01	12	01	0	428	0	0	0	CR	MAX	frtslpamix.jpg	frtslpamix.jpg	NOKEY	MAX	NOKEY
1446038543298	0	lts_1028I_12_01	12	01	0	429	2	1	1	Hit	430	2-mul/26554880.thl.jpg	26554880.thl.jpg	SPACE	467	SPACE
1446038546375	0	lts_1028I_12_01	12	01	0	430	0	0	0	CR	MAX	1/Astatue99.jpg	Astatue99.jpg	NOKEY	MAX	NOKEY
1446038547294	0	lts_1028I_12_01	12	01	0	431	1	1	1	Hit	449	1-3/Astatue99.jpg	Astatue99.jpg	SPACE	484	SPACE
1446038550370	0	lts_1028I_12_01	12	01	0	432	0	0	0	CR	MAX	4/26427903.thl.jpg	26427903.thl.jpg	NOKEY	MAX	NOKEY
1446038553446	0	lts_1028I_12_01	12	01	0	433	0	0	0	CR	MAX	ASALAMI.jpg	ASALAMI.jpg	NOKEY	MAX	NOKEY
1446038554600	0	lts_1028I_12_01	12	01	0	434	16	1	1	Hit	671	16-first/AHEBREWTE.jpg	AHEBREWTE.jpg	SPACE	719	SPACE
1446038557675	0	lts_1028I_12_01	12	01	0	435	0	0	0	CR	MAX	Atoy63.jpg	Atoy63.jpg	NOKEY	MAX	NOKEY
1446038558745	0	lts_1028I_12_01	12	01	0	436	4	1	1	Hit	580	4-10/26427903.thl.jpg	26427903.thl.jpg	SPACE	620	SPACE
1446038561837	0	lts_1028I_12_01	12	01	0	437	0	0	0	CR	MAX	Abird5.jpg	Abird5.jpg	NOKEY	MAX	NOKEY
1446038562941	0	lts_1028I_12_01	12	01	0	438	4	1	1	Hit	624	4-mul/AHEBREWTE.jpg	AHEBREWTE.jpg	SPACE	670	SPACE
1446038566018	0	lts_1028I_12_01	12	01	0	439	0	0	0	CR	MAX	ATIMECLO3.jpg	ATIMECLO3.jpg	NOKEY	MAX	NOKEY
1446038569094	0	lts_1028I_12_01	12	01	0	440	0	0	0	CR	MAX	silver-bowl-small.jpg	silver-bowl-small.jpg	NOKEY	MAX	NOKEY
1446038572170	0	lts_1028I_12_01	12	01	0	441	0	0	0	CR	MAX	ADRYWOOD.jpg	ADRYWOOD.jpg	NOKEY	MAX	NOKEY
1446038575246	0	lts_1028I_12_01	12	01	0	442	0	0	0	CR	MAX	A25PINCON.jpg	A25PINCON.jpg	NOKEY	MAX	NOKEY
1446038578322	0	lts_1028I_12_01	12	01	0	443	0	0	0	CR	MAX	ASCREEN3.jpg	ASCREEN3.jpg	NOKEY	MAX	NOKEY
1446038581398	0	lts_1028I_12_01	12	01	0	444	32	1	0	Miss	MAX	32-2/AWASMACH.jpg	AWASMACH.jpg	NOKEY	MAX	SPACE
1446038584474	0	lts_1028I_12_01	12	01	0	445	0	0	0	CR	MAX	23071000.thl.jpg	23071000.thl.jpg	NOKEY	MAX	NOKEY
1446038585811	0	lts_1028I_12_01	12	01	0	446	32	1	1	Hit	863	32-9/AXMASTIN3.jpg	AXMASTIN3.jpg	SPACE	903	SPACE
1446038588887	0	lts_1028I_12_01	12	01	0	447	0	0	0	CR	MAX	AGLASSCON.jpg	AGLASSCON.jpg	NOKEY	MAX	NOKEY
1446038591963	0	lts_1028I_12_01	12	01	0	448	0	0	0	CR	MAX	AFRYINGP2.jpg	AFRYINGP2.jpg	NOKEY	MAX	NOKEY
1446038595040	0	lts_1028I_12_01	12	01	0	449	0	0	0	CR	MAX	9815480.thl.jpg	9815480.thl.jpg	NOKEY	MAX	NOKEY
1446038605671	0	lts_1028I_12_01	12	01	1	0	0	0	0	CR	MAX	AFIRSTA15.jpg	AFIRSTA15.jpg	NOKEY	MAX	NOKEY
1446038608747	0	lts_1028I_12_01	12	01	1	1	0	0	0	CR	MAX	Acardboardpan.jpg	Acardboardpan.jpg	NOKEY	MAX	NOKEY
1446038610988	0	lts_1028I_12_01	12	01	1	2	00	1	1	Hit	1757	00-across/Ascrewmount.jpg	Ascrewmount.jpg	SPACE	1807	SPACE
1446038614065	0	lts_1028I_12_01	12	01	1	3	0	0	0	CR	MAX	AHYPBOTT.jpg	AHYPBOTT.jpg	NOKEY	MAX	NOKEY
1446038617141	0	lts_1028I_12_01	12	01	1	4	0	0	0	CR	MAX	8/26427983.thl.jpg	26427983.thl.jpg	NOKEY	MAX	NOKEY
1446038620217	0	lts_1028I_12_01	12	01	1	5	0	0	0	CR	MAX	128/23019499.thl.jpg	23019499.thl.jpg	NOKEY	MAX	NOKEY
1446038623293	0	lts_1028I_12_01	12	01	1	6	0	0	0	CR	MAX	Abootscrubber.jpg	Abootscrubber.jpg	NOKEY	MAX	NOKEY
1446038626369	0	lts_1028I_12_01	12	01	1	7	0	0	0	CR	MAX	Apocketwatch.jpg	Apocketwatch.jpg	NOKEY	MAX	NOKEY
1446038629445	0	lts_1028I_12_01	12	01	1	8	0	0	0	CR	MAX	ALAB13.jpg	ALAB13.jpg	NOKEY	MAX	NOKEY
1446038632521	0	lts_1028I_12_01	12	01	1	9	0	0	0	CR	MAX	26373362.thl.jpg	26373362.thl.jpg	NOKEY	MAX	NOKEY
1446038635597	0	lts_1028I_12_01	12	01	1	10	0	0	0	CR	MAX	8/tuxedo.jpg	tuxedo.jpg	NOKEY	MAX	NOKEY
1446038638672	0	lts_1028I_12_01	12	01	1	11	0	0	0	CR	MAX	Apulley71.jpg	Apulley71.jpg	NOKEY	MAX	NOKEY
1446038641748	0	lts_1028I_12_01	12	01	1	12	8	1	0	Miss	MAX	8-first/26427983.thl.jpg	26427983.thl.jpg	NOKEY	MAX	SPACE
1446038644824	0	lts_1028I_12_01	12	01	1	13	0	0	0	CR	MAX	32/23044458.thl.jpg	23044458.thl.jpg	NOKEY	MAX	NOKEY
1446038647900	0	lts_1028I_12_01	12	01	1	14	0	0	0	CR	MAX	stickersparty.jpg	stickersparty.jpg	NOKEY	MAX	NOKEY
1446038650976	0	lts_1028I_12_01	12	01	1	15	0	0	0	CR	MAX	ALEGCAST3.jpg	ALEGCAST3.jpg	NOKEY	MAX	NOKEY
1446038654054	0	lts_1028I_12_01	12	01	1	16	0	0	0	CR	MAX	26374605.thl.jpg	26374605.thl.jpg	NOKEY	MAX	NOKEY
1446038657130	0	lts_1028I_12_01	12	01	1	17	0	0	0	CR	MAX	A_cookie.jpg	A_cookie.jpg	NOKEY	MAX	NOKEY
1446038658183	0	lts_1028I_12_01	12	01	1	18	8	1	1	Hit	570	8-first/tuxedo.jpg	tuxedo.jpg	SPACE	618	SPACE
1446038659687	0	lts_1028I_12_01	12	01	1	19	0	0	1	FA	1035	26420979.thl.jpg	26420979.thl.jpg	SPACE	1070	NOKEY
1446038662763	0	lts_1028I_12_01	12	01	1	20	0	0	0	CR	MAX	4/tires.jpg	tires.jpg	NOKEY	MAX	NOKEY
1446038665839	0	lts_1028I_12_01	12	01	1	21	0	0	0	CR	MAX	Aacupuncture2.jpg	Aacupuncture2.jpg	NOKEY	MAX	NOKEY
1446038666808	0	lts_1028I_12_01	12	01	1	22	4	1	1	Hit	490	4-mul/tuxedo.jpg	tuxedo.jpg	SPACE	536	SPACE
1446038669884	0	lts_1028I_12_01	12	01	1	23	0	0	0	CR	MAX	AICEAXE2.jpg	AICEAXE2.jpg	NOKEY	MAX	NOKEY
1446038671039	0	lts_1028I_12_01	12	01	1	24	4	1	1	Hit	671	4-11/tires.jpg	tires.jpg	SPACE	720	SPACE
1446038674115	0	lts_1028I_12_01	12	01	1	25	0	0	0	CR	MAX	ASHOTCAS2.jpg	ASHOTCAS2.jpg	NOKEY	MAX	NOKEY
1446038677191	0	lts_1028I_12_01	12	01	1	26	0	0	0	CR	MAX	Alampsanddes5.jpg	Alampsanddes5.jpg	NOKEY	MAX	NOKEY
1446038680267	0	lts_1028I_12_01	12	01	1	27	0	0	0	CR	MAX	ABUILDI12.jpg	ABUILDI12.jpg	NOKEY	MAX	NOKEY
1446038681404	0	lts_1028I_12_01	12	01	1	28	16	1	1	Hit	653	16-mul/26427983.thl.jpg	26427983.thl.jpg	SPACE	701	SPACE
1446038684480	0	lts_1028I_12_01	12	01	1	29	0	0	0	CR	MAX	8256348.thl.jpg	8256348.thl.jpg	NOKEY	MAX	NOKEY
1446038687556	0	lts_1028I_12_01	12	01	1	30	0	0	0	CR	MAX	4/Abicyclerepa3.jpg	Abicyclerepa3.jpg	NOKEY	MAX	NOKEY
1446038690632	0	lts_1028I_12_01	12	01	1	31	0	0	0	CR	MAX	Afox3.jpg	Afox3.jpg	NOKEY	MAX	NOKEY
1446038693708	0	lts_1028I_12_01	12	01	1	32	0	0	0	CR	MAX	4/AWOODST11.jpg	AWOODST11.jpg	NOKEY	MAX	NOKEY
1446038696783	0	lts_1028I_12_01	12	01	1	33	0	0	0	CR	MAX	ASATELLIT.jpg	ASATELLIT.jpg	NOKEY	MAX	NOKEY
1446038697937	0	lts_1028I_12_01	12	01	1	34	4	1	1	Hit	677	4-6/Abicyclerepa3.jpg	Abicyclerepa3.jpg	SPACE	719	SPACE
1446038701014	0	lts_1028I_12_01	12	01	1	35	0	0	0	CR	MAX	26432607.thl.jpg	26432607.thl.jpg	NOKEY	MAX	NOKEY
1446038704090	0	lts_1028I_12_01	12	01	1	36	4	1	0	Miss	MAX	4-10/AWOODST11.jpg	AWOODST11.jpg	NOKEY	MAX	SPACE
1446038707166	0	lts_1028I_12_01	12	01	1	37	0	0	0	CR	MAX	ACHEEGRA3.jpg	ACHEEGRA3.jpg	NOKEY	MAX	NOKEY
1446038710242	0	lts_1028I_12_01	12	01	1	38	0	0	0	CR	MAX	1/Abottleofbat2.jpg	Abottleofbat2.jpg	NOKEY	MAX	NOKEY
1446038711195	0	lts_1028I_12_01	12	01	1	39	1	1	1	Hit	469	1-2/Abottleofbat2.jpg	Abottleofbat2.jpg	SPACE	518	SPACE
1446038714271	0	lts_1028I_12_01	12	01	1	40	0	0	0	CR	MAX	Achair608.jpg	Achair608.jpg	NOKEY	MAX	NOKEY
1446038717347	0	lts_1028I_12_01	12	01	1	41	0	0	0	CR	MAX	Atoy35.jpg	Atoy35.jpg	NOKEY	MAX	NOKEY
1446038720423	0	lts_1028I_12_01	12	01	1	42	0	0	0	CR	MAX	26437074.thl.jpg	26437074.thl.jpg	NOKEY	MAX	NOKEY
1446038723499	0	lts_1028I_12_01	12	01	1	43	0	0	0	CR	MAX	8/26374146.thl.jpg	26374146.thl.jpg	NOKEY	MAX	NOKEY
1446038726575	0	lts_1028I_12_01	12	01	1	44	0	0	0	CR	MAX	Atoyboat10.jpg	Atoyboat10.jpg	NOKEY	MAX	NOKEY
1446038729650	0	lts_1028I_12_01	12	01	1	45	32	1	0	Miss	MAX	32-6/23044458.thl.jpg	23044458.thl.jpg	NOKEY	MAX	SPACE
1446038732726	0	lts_1028I_12_01	12	01	1	46	0	0	0	CR	MAX	16/AROCKET11.jpg	AROCKET11.jpg	NOKEY	MAX	NOKEY
1446038735802	0	lts_1028I_12_01	12	01	1	47	0	0	0	CR	MAX	128/Avicegriptool.jpg	Avicegriptool.jpg	NOKEY	MAX	NOKEY
1446038738878	0	lts_1028I_12_01	12	01	1	48	0	0	0	CR	MAX	Avacuum13.jpg	Avacuum13.jpg	NOKEY	MAX	NOKEY
1446038741955	0	lts_1028I_12_01	12	01	1	49	0	0	0	CR	MAX	AMAGHOLDE.jpg	AMAGHOLDE.jpg	NOKEY	MAX	NOKEY
1446038745032	0	lts_1028I_12_01	12	01	1	50	0	0	0	CR	MAX	128/8022302.thl.jpg	8022302.thl.jpg	NOKEY	MAX	NOKEY
1446038746068	0	lts_1028I_12_01	12	01	1	51	8	1	1	Hit	557	8-2/26374146.thl.jpg	26374146.thl.jpg	SPACE	601	SPACE
1446038749144	0	lts_1028I_12_01	12	01	1	52	0	0	0	CR	MAX	4/ABLACSUI3.jpg	ABLACSUI3.jpg	NOKEY	MAX	NOKEY
1446038752220	0	lts_1028I_12_01	12	01	1	53	0	0	0	CR	MAX	16/AGUIRO.jpg	AGUIRO.jpg	NOKEY	MAX	NOKEY
1446038755296	0	lts_1028I_12_01	12	01	1	54	0	0	0	CR	MAX	26421070.thl.jpg	26421070.thl.jpg	NOKEY	MAX	NOKEY
1446038758372	0	lts_1028I_12_01	12	01	1	55	0	0	0	CR	MAX	AKNIFEHOL.jpg	AKNIFEHOL.jpg	NOKEY	MAX	NOKEY
1446038759609	0	lts_1028I_12_01	12	01	1	56	4	1	1	Hit	759	4-7/ABLACSUI3.jpg	ABLACSUI3.jpg	SPACE	802	SPACE
1446038762684	0	lts_1028I_12_01	12	01	1	57	0	0	0	CR	MAX	26425025.thl.jpg	26425025.thl.jpg	NOKEY	MAX	NOKEY
1446038765761	0	lts_1028I_12_01	12	01	1	58	0	0	0	CR	MAX	1/APILL.jpg	APILL.jpg	NOKEY	MAX	NOKEY
1446038766730	0	lts_1028I_12_01	12	01	1	59	1	1	1	Hit	493	1-7/APILL.jpg	APILL.jpg	SPACE	536	SPACE
1446038769806	0	lts_1028I_12_01	12	01	1	60	0	0	0	CR	MAX	Achair611.jpg	Achair611.jpg	NOKEY	MAX	NOKEY
1446038772882	0	lts_1028I_12_01	12	01	1	61	0	0	0	CR	MAX	Abib2.jpg	Abib2.jpg	NOKEY	MAX	NOKEY
1446038773902	0	lts_1028I_12_01	12	01	1	62	16	1	1	Hit	538	16-first/AROCKET11.jpg	AROCKET11.jpg	SPACE	586	SPACE
1446038776978	0	lts_1028I_12_01	12	01	1	63	0	0	0	CR	MAX	Adiscoball2.jpg	Adiscoball2.jpg	NOKEY	MAX	NOKEY
1446038777965	0	lts_1028I_12_01	12	01	1	64	2	1	1	Hit	513	2-mul/AROCKET11.jpg	AROCKET11.jpg	SPACE	552	SPACE
1446038781042	0	lts_1028I_12_01	12	01	1	65	0	0	0	CR	MAX	AINCENSE4.jpg	AINCENSE4.jpg	NOKEY	MAX	NOKEY
1446038784118	0	lts_1028I_12_01	12	01	1	66	0	0	0	CR	MAX	8029214.thl.jpg	8029214.thl.jpg	NOKEY	MAX	NOKEY
1446038787194	0	lts_1028I_12_01	12	01	1	67	0	0	0	CR	MAX	ACHRIST14.jpg	ACHRIST14.jpg	NOKEY	MAX	NOKEY
1446038790270	0	lts_1028I_12_01	12	01	1	68	0	0	0	CR	MAX	AGARBCAN.jpg	AGARBCAN.jpg	NOKEY	MAX	NOKEY
1446038791306	0	lts_1028I_12_01	12	01	1	69	16	1	1	Hit	558	16-first/AGUIRO.jpg	AGUIRO.jpg	SPACE	601	SPACE
1446038794382	0	lts_1028I_12_01	12	01	1	70	0	0	0	CR	MAX	1/A1991CHE7.jpg	A1991CHE7.jpg	NOKEY	MAX	NOKEY
1446038795252	0	lts_1028I_12_01	12	01	1	71	1	1	1	Hit	391	1-14/A1991CHE7.jpg	A1991CHE7.jpg	SPACE	434	SPACE
1446038798328	0	lts_1028I_12_01	12	01	1	72	0	0	0	CR	MAX	8/AGOAT10.jpg	AGOAT10.jpg	NOKEY	MAX	NOKEY
1446038799331	0	lts_1028I_12_01	12	01	1	73	4	1	1	Hit	531	4-mul/AGUIRO.jpg	AGUIRO.jpg	SPACE	568	SPACE
1446038802407	0	lts_1028I_12_01	12	01	1	74	0	0	0	CR	MAX	2/26377631.thl.jpg	26377631.thl.jpg	NOKEY	MAX	NOKEY
1446038805483	0	lts_1028I_12_01	12	01	1	75	0	0	0	CR	MAX	Abagofherbs.jpg	Abagofherbs.jpg	NOKEY	MAX	NOKEY
1446038806419	0	lts_1028I_12_01	12	01	1	76	2	1	1	Hit	466	2-3/26377631.thl.jpg	26377631.thl.jpg	SPACE	502	SPACE
1446038809495	0	lts_1028I_12_01	12	01	1	77	0	0	0	CR	MAX	128/AANGLE.jpg	AANGLE.jpg	NOKEY	MAX	NOKEY
1446038812572	0	lts_1028I_12_01	12	01	1	78	0	0	0	CR	MAX	Atoybucketan4.jpg	Atoybucketan4.jpg	NOKEY	MAX	NOKEY
1446038815646	0	lts_1028I_12_01	12	01	1	79	0	0	0	CR	MAX	ACHINLAMP.jpg	ACHINLAMP.jpg	NOKEY	MAX	NOKEY
1446038817319	0	lts_1028I_12_01	12	01	1	80	8	1	1	Hit	1189	8-first/AGOAT10.jpg	AGOAT10.jpg	SPACE	1237	SPACE
1446038820395	0	lts_1028I_12_01	12	01	1	81	0	0	0	CR	MAX	26429130.thl.jpg	26429130.thl.jpg	NOKEY	MAX	NOKEY
1446038823471	0	lts_1028I_12_01	12	01	1	82	0	0	0	CR	MAX	AELECRAZ7.jpg	AELECRAZ7.jpg	NOKEY	MAX	NOKEY
1446038826547	0	lts_1028I_12_01	12	01	1	83	0	0	0	CR	MAX	4/Ablackcamera4.jpg	Ablackcamera4.jpg	NOKEY	MAX	NOKEY
1446038829623	0	lts_1028I_12_01	12	01	1	84	0	0	0	CR	MAX	64/A95CHEROK.jpg	A95CHEROK.jpg	NOKEY	MAX	NOKEY
1446038832698	0	lts_1028I_12_01	12	01	1	85	0	0	0	CR	MAX	TTtvehiclesCyborg.jpg	TTtvehiclesCyborg.jpg	NOKEY	MAX	NOKEY
1446038835774	0	lts_1028I_12_01	12	01	1	86	0	0	0	CR	MAX	AJEEPBOA2.jpg	AJEEPBOA2.jpg	NOKEY	MAX	NOKEY
1446038838851	0	lts_1028I_12_01	12	01	1	87	4	1	0	Miss	MAX	4-3/Ablackcamera4.jpg	Ablackcamera4.jpg	NOKEY	MAX	SPACE
1446038841927	0	lts_1028I_12_01	12	01	1	88	0	0	0	CR	MAX	4/22923524.thl.jpg	22923524.thl.jpg	NOKEY	MAX	NOKEY
1446038845004	0	lts_1028I_12_01	12	01	1	89	0	0	0	CR	MAX	32/AMEATGR14.jpg	AMEATGR14.jpg	NOKEY	MAX	NOKEY
1446038848096	0	lts_1028I_12_01	12	01	1	90	0	0	0	CR	MAX	Astatue113.jpg	Astatue113.jpg	NOKEY	MAX	NOKEY
1446038851173	0	lts_1028I_12_01	12	01	1	91	0	0	0	CR	MAX	Abloodorange.jpg	Abloodorange.jpg	NOKEY	MAX	NOKEY
1446038852276	0	lts_1028I_12_01	12	01	1	92	4	1	1	Hit	632	4-4/22923524.thl.jpg	22923524.thl.jpg	SPACE	668	SPACE
1446038855352	0	lts_1028I_12_01	12	01	1	93	0	0	0	CR	MAX	64/AAMBULAN7.jpg	AAMBULAN7.jpg	NOKEY	MAX	NOKEY
1446038858428	0	lts_1028I_12_01	12	01	1	94	0	0	0	CR	MAX	ACHRISTO3.jpg	ACHRISTO3.jpg	NOKEY	MAX	NOKEY
1446038861504	0	lts_1028I_12_01	12	01	1	95	0	0	0	CR	MAX	AMAILBO28.jpg	AMAILBO28.jpg	NOKEY	MAX	NOKEY
1446038862541	0	lts_1028I_12_01	12	01	1	96	16	1	1	Hit	560	16-mul/AGOAT10.jpg	AGOAT10.jpg	SPACE	602	SPACE
1446038865617	0	lts_1028I_12_01	12	01	1	97	0	0	0	CR	MAX	8079080.thl.jpg	8079080.thl.jpg	NOKEY	MAX	NOKEY
1446038866803	0	lts_1028I_12_01	12	01	1	98	00	1	1	Hit	686	00-across/seasponge.jpg	seasponge.jpg	SPACE	736	SPACE
1446038869879	0	lts_1028I_12_01	12	01	1	99	0	0	0	CR	MAX	32/26370116.thl.jpg	26370116.thl.jpg	NOKEY	MAX	NOKEY
1446038870915	0	lts_1028I_12_01	12	01	1	100	00	1	1	Hit	561	00-across/Ababytableand.jpg	Ababytableand.jpg	SPACE	603	SPACE
1446038873991	0	lts_1028I_12_01	12	01	1	101	0	0	0	CR	MAX	64/AMUSIHORN.jpg	AMUSIHORN.jpg	NOKEY	MAX	NOKEY
1446038877068	0	lts_1028I_12_01	12	01	1	102	0	0	0	CR	MAX	8/Acomputer11.jpg	Acomputer11.jpg	NOKEY	MAX	NOKEY
1446038880144	0	lts_1028I_12_01	12	01	1	103	0	0	0	CR	MAX	AALMOND1.jpg	AALMOND1.jpg	NOKEY	MAX	NOKEY
1446038883221	0	lts_1028I_12_01	12	01	1	104	0	0	0	CR	MAX	ASPOONS2.jpg	ASPOONS2.jpg	NOKEY	MAX	NOKEY
1446038886297	0	lts_1028I_12_01	12	01	1	105	0	0	0	CR	MAX	AGLASSTRO.jpg	AGLASSTRO.jpg	NOKEY	MAX	NOKEY
1446038889373	0	lts_1028I_12_01	12	01	1	106	0	0	0	CR	MAX	2/mechanicalspring.jpg	mechanicalspring.jpg	NOKEY	MAX	NOKEY
1446038890392	0	lts_1028I_12_01	12	01	1	107	0	0	1	FA	549	Atripod5.jpg	Atripod5.jpg	SPACE	584	NOKEY
1446038891563	0	lts_1028I_12_01	12	01	1	108	2	1	1	Hit	685	2-10/mechanicalspring.jpg	mechanicalspring.jpg	SPACE	736	SPACE
1446038894638	0	lts_1028I_12_01	12	01	1	109	0	0	0	CR	MAX	16/22907432.thl.jpg	22907432.thl.jpg	NOKEY	MAX	NOKEY
1446038895774	0	lts_1028I_12_01	12	01	1	110	8	1	1	Hit	665	8-0/Acomputer11.jpg	Acomputer11.jpg	SPACE	703	SPACE
1446038898851	0	lts_1028I_12_01	12	01	1	111	0	0	0	CR	MAX	1/Athermosand12.jpg	Athermosand12.jpg	NOKEY	MAX	NOKEY
1446038899770	0	lts_1028I_12_01	12	01	1	112	1	1	1	Hit	443	1-12/Athermosand12.jpg	Athermosand12.jpg	SPACE	486	SPACE
1446038902846	0	lts_1028I_12_01	12	01	1	113	0	0	0	CR	MAX	Agrilledmeata.jpg	Agrilledmeata.jpg	NOKEY	MAX	NOKEY
1446038905922	0	lts_1028I_12_01	12	01	1	114	0	0	0	CR	MAX	Adicecupandb5.jpg	Adicecupandb5.jpg	NOKEY	MAX	NOKEY
1446038908998	0	lts_1028I_12_01	12	01	1	115	0	0	0	CR	MAX	4/26465824.thl.jpg	26465824.thl.jpg	NOKEY	MAX	NOKEY
1446038912075	0	lts_1028I_12_01	12	01	1	116	0	0	0	CR	MAX	ABEADS4.jpg	ABEADS4.jpg	NOKEY	MAX	NOKEY
1446038915151	0	lts_1028I_12_01	12	01	1	117	0	0	0	CR	MAX	wok.jpg	wok.jpg	NOKEY	MAX	NOKEY
1446038918227	0	lts_1028I_12_01	12	01	1	118	0	0	0	CR	MAX	APANTRAC2.jpg	APANTRAC2.jpg	NOKEY	MAX	NOKEY
1446038919281	0	lts_1028I_12_01	12	01	1	119	4	1	1	Hit	582	4-9/26465824.thl.jpg	26465824.thl.jpg	SPACE	618	SPACE
1446038922357	0	lts_1028I_12_01	12	01	1	120	0	0	0	CR	MAX	zip-a.jpg	zip-a.jpg	NOKEY	MAX	NOKEY
1446038923611	0	lts_1028I_12_01	12	01	1	121	32	1	1	Hit	782	32-5/AMEATGR14.jpg	AMEATGR14.jpg	SPACE	819	SPACE
1446038926686	0	lts_1028I_12_01	12	01	1	122	0	0	0	CR	MAX	16/ALAB19.jpg	ALAB19.jpg	NOKEY	MAX	NOKEY
1446038929762	0	lts_1028I_12_01	12	01	1	123	0	0	0	CR	MAX	Acontrolpane2.jpg	Acontrolpane2.jpg	NOKEY	MAX	NOKEY
1446038932838	0	lts_1028I_12_01	12	01	1	124	0	0	0	CR	MAX	26685596.thl.jpg	26685596.thl.jpg	NOKEY	MAX	NOKEY
1446038935914	0	lts_1028I_12_01	12	01	1	125	16	1	0	Miss	MAX	16-first/22907432.thl.jpg	22907432.thl.jpg	NOKEY	MAX	SPACE
1446038938990	0	lts_1028I_12_01	12	01	1	126	0	0	0	CR	MAX	Agardeningrak.jpg	Agardeningrak.jpg	NOKEY	MAX	NOKEY
1446038942067	0	lts_1028I_12_01	12	01	1	127	0	0	0	CR	MAX	64/AMEATGRI9.jpg	AMEATGRI9.jpg	NOKEY	MAX	NOKEY
1446038945143	0	lts_1028I_12_01	12	01	1	128	0	0	0	CR	MAX	Awickerchair8.jpg	Awickerchair8.jpg	NOKEY	MAX	NOKEY
1446038948236	0	lts_1028I_12_01	12	01	1	129	0	0	0	CR	MAX	ABRUSH19.jpg	ABRUSH19.jpg	NOKEY	MAX	NOKEY
1446038951312	0	lts_1028I_12_01	12	01	1	130	0	0	0	CR	MAX	26444138.thl.jpg	26444138.thl.jpg	NOKEY	MAX	NOKEY
1446038952866	0	lts_1028I_12_01	12	01	1	131	32	1	1	Hit	1063	32-1/26370116.thl.jpg	26370116.thl.jpg	SPACE	1104	SPACE
1446038955942	0	lts_1028I_12_01	12	01	1	132	0	0	0	CR	MAX	AFLOURBA2.jpg	AFLOURBA2.jpg	NOKEY	MAX	NOKEY
1446038959019	0	lts_1028I_12_01	12	01	1	133	128	1	0	Miss	MAX	128-4/23019499.thl.jpg	23019499.thl.jpg	NOKEY	MAX	SPACE
1446038962095	0	lts_1028I_12_01	12	01	1	134	0	0	0	CR	MAX	Achest20.jpg	Achest20.jpg	NOKEY	MAX	NOKEY
1446038965171	0	lts_1028I_12_01	12	01	1	135	0	0	0	CR	MAX	1/footballhelmet.jpg	footballhelmet.jpg	NOKEY	MAX	NOKEY
1446038966074	0	lts_1028I_12_01	12	01	1	136	1	1	1	Hit	418	1-11/footballhelmet.jpg	footballhelmet.jpg	SPACE	467	SPACE
1446038969150	0	lts_1028I_12_01	12	01	1	137	0	0	0	CR	MAX	Ahippopotamu4.jpg	Ahippopotamu4.jpg	NOKEY	MAX	NOKEY
1446038970253	0	lts_1028I_12_01	12	01	1	138	16	1	1	Hit	626	16-first/ALAB19.jpg	ALAB19.jpg	SPACE	668	SPACE
1446038973329	0	lts_1028I_12_01	12	01	1	139	0	0	0	CR	MAX	23051010.thl.jpg	23051010.thl.jpg	NOKEY	MAX	NOKEY
1446038976405	0	lts_1028I_12_01	12	01	1	140	0	0	0	CR	MAX	AWINEJUG3.jpg	AWINEJUG3.jpg	NOKEY	MAX	NOKEY
1446038977542	0	lts_1028I_12_01	12	01	1	141	16	1	1	Hit	663	16-mul/22907432.thl.jpg	22907432.thl.jpg	SPACE	702	SPACE
1446038980618	0	lts_1028I_12_01	12	01	1	142	0	0	0	CR	MAX	26429137.thl.jpg	26429137.thl.jpg	NOKEY	MAX	NOKEY
1446038983693	0	lts_1028I_12_01	12	01	1	143	0	0	0	CR	MAX	heartchocolat.jpg	heartchocolat.jpg	NOKEY	MAX	NOKEY
1446038986769	0	lts_1028I_12_01	12	01	1	144	0	0	0	CR	MAX	ATOOTHBR3.jpg	ATOOTHBR3.jpg	NOKEY	MAX	NOKEY
1446038989845	0	lts_1028I_12_01	12	01	1	145	0	0	0	CR	MAX	128/045.jpg	045.jpg	NOKEY	MAX	NOKEY
1446038991100	0	lts_1028I_12_01	12	01	1	146	00	1	1	Hit	781	00-across/Alobster10.jpg	Alobster10.jpg	SPACE	819	SPACE
1446038994176	0	lts_1028I_12_01	12	01	1	147	0	0	0	CR	MAX	champagnbottles.jpg	champagnbottles.jpg	NOKEY	MAX	NOKEY
1446038995246	0	lts_1028I_12_01	12	01	1	148	64	1	1	Hit	590	64-first/A95CHEROK.jpg	A95CHEROK.jpg	SPACE	634	SPACE
1446038998322	0	lts_1028I_12_01	12	01	1	149	0	0	0	CR	MAX	Aacarthatsbe2.jpg	Aacarthatsbe2.jpg	NOKEY	MAX	NOKEY
1446038999426	0	lts_1028I_12_01	12	01	1	150	00	1	1	Hit	627	00-across/Adayplanner.jpg	Adayplanner.jpg	SPACE	668	SPACE
1446039002502	0	lts_1028I_12_01	12	01	1	151	0	0	0	CR	MAX	ACOWBOYH3.jpg	ACOWBOYH3.jpg	NOKEY	MAX	NOKEY
1446039003488	0	lts_1028I_12_01	12	01	1	152	4	1	1	Hit	508	4-mul/A95CHEROK.jpg	A95CHEROK.jpg	SPACE	552	SPACE
1446039006564	0	lts_1028I_12_01	12	01	1	153	0	0	0	CR	MAX	Adriedleaf.jpg	Adriedleaf.jpg	NOKEY	MAX	NOKEY
1446039007601	0	lts_1028I_12_01	12	01	1	154	16	1	1	Hit	557	16-mul/ALAB19.jpg	ALAB19.jpg	SPACE	601	SPACE
1446039010676	0	lts_1028I_12_01	12	01	1	155	0	0	0	CR	MAX	32/26373068.thl.jpg	26373068.thl.jpg	NOKEY	MAX	NOKEY
1446039013752	0	lts_1028I_12_01	12	01	1	156	0	0	0	CR	MAX	Arooster15.jpg	Arooster15.jpg	NOKEY	MAX	NOKEY
1446039016828	0	lts_1028I_12_01	12	01	1	157	64	1	0	Miss	MAX	64-first/AAMBULAN7.jpg	AAMBULAN7.jpg	NOKEY	MAX	SPACE
1446039019904	0	lts_1028I_12_01	12	01	1	158	0	0	0	CR	MAX	asparagus.jpg	asparagus.jpg	NOKEY	MAX	NOKEY
1446039022980	0	lts_1028I_12_01	12	01	1	159	0	0	0	CR	MAX	Alanter59.jpg	Alanter59.jpg	NOKEY	MAX	NOKEY
1446039026057	0	lts_1028I_12_01	12	01	1	160	0	0	0	CR	MAX	2/26424075.thl.jpg	26424075.thl.jpg	NOKEY	MAX	NOKEY
1446039029133	0	lts_1028I_12_01	12	01	1	161	0	0	0	CR	MAX	AMIMETITE.jpg	AMIMETITE.jpg	NOKEY	MAX	NOKEY
1446039030437	0	lts_1028I_12_01	12	01	1	162	2	1	1	Hit	830	2-11/26424075.thl.jpg	26424075.thl.jpg	SPACE	869	SPACE
1446039033513	0	lts_1028I_12_01	12	01	1	163	0	0	0	CR	MAX	4/Ahandbag68.jpg	Ahandbag68.jpg	NOKEY	MAX	NOKEY
1446039036589	0	lts_1028I_12_01	12	01	1	164	0	0	0	CR	MAX	AJEWELBO3.jpg	AJEWELBO3.jpg	NOKEY	MAX	NOKEY
1446039037742	0	lts_1028I_12_01	12	01	1	165	64	1	1	Hit	672	64-first/AMUSIHORN.jpg	AMUSIHORN.jpg	SPACE	718	SPACE
1446039040818	0	lts_1028I_12_01	12	01	1	166	0	0	0	CR	MAX	ALAMP.jpg	ALAMP.jpg	NOKEY	MAX	NOKEY
1446039041854	0	lts_1028I_12_01	12	01	1	167	4	1	1	Hit	553	4-1/Ahandbag68.jpg	Ahandbag68.jpg	SPACE	603	SPACE
1446039044930	0	lts_1028I_12_01	12	01	1	168	0	0	0	CR	MAX	Aplantinpot4.jpg	Aplantinpot4.jpg	NOKEY	MAX	NOKEY
1446039046135	0	lts_1028I_12_01	12	01	1	169	4	1	1	Hit	718	4-mul/AMUSIHORN.jpg	AMUSIHORN.jpg	SPACE	769	SPACE
1446039049211	0	lts_1028I_12_01	12	01	1	170	0	0	0	CR	MAX	Aflatwoodenba.jpg	Aflatwoodenba.jpg	NOKEY	MAX	NOKEY
1446039052287	0	lts_1028I_12_01	12	01	1	171	0	0	0	CR	MAX	Acampingstov9.jpg	Acampingstov9.jpg	NOKEY	MAX	NOKEY
1446039055363	0	lts_1028I_12_01	12	01	1	172	0	0	0	CR	MAX	whitemalerobe.jpg	whitemalerobe.jpg	NOKEY	MAX	NOKEY
1446039056333	0	lts_1028I_12_01	12	01	1	173	16	1	1	Hit	493	16-mul/AAMBULAN7.jpg	AAMBULAN7.jpg	SPACE	534	SPACE
1446039059459	0	lts_1028I_12_01	12	01	1	174	0	0	0	CR	MAX	APIESERVE.jpg	APIESERVE.jpg	NOKEY	MAX	NOKEY
1446039060579	0	lts_1028I_12_01	12	01	1	175	128	1	1	Hit	647	128-5/Avicegriptool.jpg	Avicegriptool.jpg	SPACE	685	SPACE
1446039063654	0	lts_1028I_12_01	12	01	1	176	0	0	0	CR	MAX	26684634.thl.jpg	26684634.thl.jpg	NOKEY	MAX	NOKEY
1446039066730	0	lts_1028I_12_01	12	01	1	177	0	0	0	CR	MAX	Aflowerpot15.jpg	Aflowerpot15.jpg	NOKEY	MAX	NOKEY
1446039069806	0	lts_1028I_12_01	12	01	1	178	128	1	0	Miss	MAX	128-0/8022302.thl.jpg	8022302.thl.jpg	NOKEY	MAX	SPACE
1446039072882	0	lts_1028I_12_01	12	01	1	179	0	0	0	CR	MAX	2/ALAZQUART.jpg	ALAZQUART.jpg	NOKEY	MAX	NOKEY
1446039075959	0	lts_1028I_12_01	12	01	1	180	0	0	0	CR	MAX	Afunnel17.jpg	Afunnel17.jpg	NOKEY	MAX	NOKEY
1446039077013	0	lts_1028I_12_01	12	01	1	181	2	1	1	Hit	576	2-0/ALAZQUART.jpg	ALAZQUART.jpg	SPACE	620	SPACE
1446039080089	0	lts_1028I_12_01	12	01	1	182	0	0	0	CR	MAX	Ahotdogplain.jpg	Ahotdogplain.jpg	NOKEY	MAX	NOKEY
1446039083165	0	lts_1028I_12_01	12	01	1	183	0	0	0	CR	MAX	128/funlamp.jpg	funlamp.jpg	NOKEY	MAX	NOKEY
1446039086241	0	lts_1028I_12_01	12	01	1	184	0	0	0	CR	MAX	gymvaulting2.jpg	gymvaulting2.jpg	NOKEY	MAX	NOKEY
1446039089317	0	lts_1028I_12_01	12	01	1	185	0	0	0	CR	MAX	22826448.thl.jpg	22826448.thl.jpg	NOKEY	MAX	NOKEY
1446039092393	0	lts_1028I_12_01	12	01	1	186	0	0	0	CR	MAX	Awomensshoe61.jpg	Awomensshoe61.jpg	NOKEY	MAX	NOKEY
1446039093663	0	lts_1028I_12_01	12	01	1	187	32	1	1	Hit	801	32-3/26373068.thl.jpg	26373068.thl.jpg	SPACE	835	SPACE
1446039096739	0	lts_1028I_12_01	12	01	1	188	0	0	0	CR	MAX	shavingcream01.jpg	shavingcream01.jpg	NOKEY	MAX	NOKEY
1446039099815	0	lts_1028I_12_01	12	01	1	189	0	0	0	CR	MAX	Anailscissors.jpg	Anailscissors.jpg	NOKEY	MAX	NOKEY
1446039102891	0	lts_1028I_12_01	12	01	1	190	0	0	0	CR	MAX	AOUTHOUSE.jpg	AOUTHOUSE.jpg	NOKEY	MAX	NOKEY
1446039104513	0	lts_1028I_12_01	12	01	1	191	64	1	1	Hit	1142	64-first/AMEATGRI9.jpg	AMEATGRI9.jpg	SPACE	1188	SPACE
1446039107589	0	lts_1028I_12_01	12	01	1	192	0	0	0	CR	MAX	AHOUSBOA3.jpg	AHOUSBOA3.jpg	NOKEY	MAX	NOKEY
1446039110664	0	lts_1028I_12_01	12	01	1	193	0	0	0	CR	MAX	32/AMAPLESYR.jpg	AMAPLESYR.jpg	NOKEY	MAX	NOKEY
1446039113741	0	lts_1028I_12_01	12	01	1	194	0	0	0	CR	MAX	moneyslotmachine.jpg	moneyslotmachine.jpg	NOKEY	MAX	NOKEY
1446039116817	0	lts_1028I_12_01	12	01	1	195	0	0	0	CR	MAX	2/ABAKBRUS2.jpg	ABAKBRUS2.jpg	NOKEY	MAX	NOKEY
1446039119893	0	lts_1028I_12_01	12	01	1	196	0	0	0	CR	MAX	Asafetybelt.jpg	Asafetybelt.jpg	NOKEY	MAX	NOKEY
1446039122969	0	lts_1028I_12_01	12	01	1	197	2	1	0	Miss	MAX	2-6/ABAKBRUS2.jpg	ABAKBRUS2.jpg	NOKEY	MAX	SPACE
1446039126046	0	lts_1028I_12_01	12	01	1	198	0	0	0	CR	MAX	128/Ahighlightin2.jpg	Ahighlightin2.jpg	NOKEY	MAX	NOKEY
1446039129122	0	lts_1028I_12_01	12	01	1	199	0	0	0	CR	MAX	Atool129.jpg	Atool129.jpg	NOKEY	MAX	NOKEY
1446039132198	0	lts_1028I_12_01	12	01	1	200	0	0	0	CR	MAX	26554952.thl.jpg	26554952.thl.jpg	NOKEY	MAX	NOKEY
1446039135274	0	lts_1028I_12_01	12	01	1	201	0	0	0	CR	MAX	16/8021515.thl.jpg	8021515.thl.jpg	NOKEY	MAX	NOKEY
1446039138350	0	lts_1028I_12_01	12	01	1	202	0	0	0	CR	MAX	1/ADESKLA12.jpg	ADESKLA12.jpg	NOKEY	MAX	NOKEY
1446039139303	0	lts_1028I_12_01	12	01	1	203	1	1	1	Hit	469	1-8/ADESKLA12.jpg	ADESKLA12.jpg	SPACE	517	SPACE
1446039142379	0	lts_1028I_12_01	12	01	1	204	0	0	0	CR	MAX	26386846.thl.jpg	26386846.thl.jpg	NOKEY	MAX	NOKEY
1446039145455	0	lts_1028I_12_01	12	01	1	205	128	1	0	Miss	MAX	128-1/AANGLE.jpg	AANGLE.jpg	NOKEY	MAX	SPACE
1446039148531	0	lts_1028I_12_01	12	01	1	206	0	0	0	CR	MAX	22858860.thl.jpg	22858860.thl.jpg	NOKEY	MAX	NOKEY
1446039149717	0	lts_1028I_12_01	12	01	1	207	16	1	1	Hit	716	16-mul/AMEATGRI9.jpg	AMEATGRI9.jpg	SPACE	752	SPACE
1446039152810	0	lts_1028I_12_01	12	01	1	208	0	0	0	CR	MAX	1/Aancientstat3.jpg	Aancientstat3.jpg	NOKEY	MAX	NOKEY
1446039153930	0	lts_1028I_12_01	12	01	1	209	1	1	1	Hit	650	1-9/Aancientstat3.jpg	Aancientstat3.jpg	SPACE	687	SPACE
1446039157007	0	lts_1028I_12_01	12	01	1	210	0	0	0	CR	MAX	AWOODSPO3.jpg	AWOODSPO3.jpg	NOKEY	MAX	NOKEY
1446039160083	0	lts_1028I_12_01	12	01	1	211	0	0	0	CR	MAX	ABABYDOLL.jpg	ABABYDOLL.jpg	NOKEY	MAX	NOKEY
1446039163159	0	lts_1028I_12_01	12	01	1	212	0	0	0	CR	MAX	16/AKNEEBRA2.jpg	AKNEEBRA2.jpg	NOKEY	MAX	NOKEY
1446039164095	0	lts_1028I_12_01	12	01	1	213	00	1	1	Hit	457	00-across/Alobster10.jpg	Alobster10.jpg	SPACE	500	SPACE
1446039167171	0	lts_1028I_12_01	12	01	1	214	0	0	0	CR	MAX	makeupfoundation.jpg	makeupfoundation.jpg	NOKEY	MAX	NOKEY
1446039170248	0	lts_1028I_12_01	12	01	1	215	0	0	0	CR	MAX	8/Adeer20.jpg	Adeer20.jpg	NOKEY	MAX	NOKEY
1446039173324	0	lts_1028I_12_01	12	01	1	216	0	0	0	CR	MAX	Agarbagebag.jpg	Agarbagebag.jpg	NOKEY	MAX	NOKEY
1446039176400	0	lts_1028I_12_01	12	01	1	217	16	1	0	Miss	MAX	16-first/8021515.thl.jpg	8021515.thl.jpg	NOKEY	MAX	SPACE
1446039179492	0	lts_1028I_12_01	12	01	1	218	0	0	0	CR	MAX	Afish57.jpg	Afish57.jpg	NOKEY	MAX	NOKEY
1446039180562	0	lts_1028I_12_01	12	01	1	219	2	1	1	Hit	587	2-mul/8021515.thl.jpg	8021515.thl.jpg	SPACE	635	SPACE
1446039183637	0	lts_1028I_12_01	12	01	1	220	0	0	0	CR	MAX	Aheadlightan2.jpg	Aheadlightan2.jpg	NOKEY	MAX	NOKEY
1446039186714	0	lts_1028I_12_01	12	01	1	221	0	0	0	CR	MAX	ABABYSPOO.jpg	ABABYSPOO.jpg	NOKEY	MAX	NOKEY
1446039189790	0	lts_1028I_12_01	12	01	1	222	0	0	0	CR	MAX	26384863.thl.jpg	26384863.thl.jpg	NOKEY	MAX	NOKEY
1446039190826	0	lts_1028I_12_01	12	01	1	223	8	1	1	Hit	553	8-1/Adeer20.jpg	Adeer20.jpg	SPACE	603	SPACE
1446039193902	0	lts_1028I_12_01	12	01	1	224	0	0	0	CR	MAX	22849260.thl.jpg	22849260.thl.jpg	NOKEY	MAX	NOKEY
1446039194922	0	lts_1028I_12_01	12	01	1	225	32	1	1	Hit	543	32-4/AMAPLESYR.jpg	AMAPLESYR.jpg	SPACE	586	SPACE
1446039197998	0	lts_1028I_12_01	12	01	1	226	0	0	0	CR	MAX	ewok.jpg	ewok.jpg	NOKEY	MAX	NOKEY
1446039201075	0	lts_1028I_12_01	12	01	1	227	0	0	0	CR	MAX	Heatpad.jpg	Heatpad.jpg	NOKEY	MAX	NOKEY
1446039202095	0	lts_1028I_12_01	12	01	1	228	16	1	1	Hit	548	16-first/AKNEEBRA2.jpg	AKNEEBRA2.jpg	SPACE	584	SPACE
1446039205171	0	lts_1028I_12_01	12	01	1	229	0	0	0	CR	MAX	ANAPKIN4.jpg	ANAPKIN4.jpg	NOKEY	MAX	NOKEY
1446039208247	0	lts_1028I_12_01	12	01	1	230	0	0	0	CR	MAX	ACOMPACT.jpg	ACOMPACT.jpg	NOKEY	MAX	NOKEY
1446039211323	0	lts_1028I_12_01	12	01	1	231	0	0	0	CR	MAX	4/Acamera111.jpg	Acamera111.jpg	NOKEY	MAX	NOKEY
1446039212259	0	lts_1028I_12_01	12	01	1	232	4	1	1	Hit	465	4-mul/AKNEEBRA2.jpg	AKNEEBRA2.jpg	SPACE	500	SPACE
1446039215335	0	lts_1028I_12_01	12	01	1	233	0	0	0	CR	MAX	AMEDIEQUI.jpg	AMEDIEQUI.jpg	NOKEY	MAX	NOKEY
1446039218411	0	lts_1028I_12_01	12	01	1	234	0	0	0	CR	MAX	APARKBENC.jpg	APARKBENC.jpg	NOKEY	MAX	NOKEY
1446039221487	0	lts_1028I_12_01	12	01	1	235	4	1	0	Miss	MAX	4-12/Acamera111.jpg	Acamera111.jpg	NOKEY	MAX	SPACE
1446039224580	0	lts_1028I_12_01	12	01	1	236	0	0	0	CR	MAX	Abottleofwin4.jpg	Abottleofwin4.jpg	NOKEY	MAX	NOKEY
1446039227655	0	lts_1028I_12_01	12	01	1	237	0	0	0	CR	MAX	1/ABABYCUP3.jpg	ABABYCUP3.jpg	NOKEY	MAX	NOKEY
1446039228658	0	lts_1028I_12_01	12	01	1	238	1	1	1	Hit	525	1-0/ABABYCUP3.jpg	ABABYCUP3.jpg	SPACE	569	SPACE
1446039230965	0	lts_1028I_12_01	12	01	1	239	0	0	1	FA	1825	Aclamp42.jpg	Aclamp42.jpg	SPACE	1873	NOKEY
1446039234042	0	lts_1028I_12_01	12	01	1	240	0	0	0	CR	MAX	ASHEEP4.jpg	ASHEEP4.jpg	NOKEY	MAX	NOKEY
1446039237119	0	lts_1028I_12_01	12	01	1	241	0	0	0	CR	MAX	8/Atoydonkey.jpg	Atoydonkey.jpg	NOKEY	MAX	NOKEY
1446039240195	0	lts_1028I_12_01	12	01	1	242	0	0	0	CR	MAX	Asafetyrope.jpg	Asafetyrope.jpg	NOKEY	MAX	NOKEY
1446039241415	0	lts_1028I_12_01	12	01	1	243	00	1	1	Hit	745	00-across/Abutterdish.jpg	Abutterdish.jpg	SPACE	785	SPACE
1446039244491	0	lts_1028I_12_01	12	01	1	244	0	0	0	CR	MAX	2/brownie.jpg	brownie.jpg	NOKEY	MAX	NOKEY
1446039247567	0	lts_1028I_12_01	12	01	1	245	0	0	0	CR	MAX	ALEMUR3.jpg	ALEMUR3.jpg	NOKEY	MAX	NOKEY
1446039248587	0	lts_1028I_12_01	12	01	1	246	2	1	1	Hit	550	2-13/brownie.jpg	brownie.jpg	SPACE	585	SPACE
1446039251662	0	lts_1028I_12_01	12	01	1	247	0	0	0	CR	MAX	ACHEESEB3.jpg	ACHEESEB3.jpg	NOKEY	MAX	NOKEY
1446039254738	0	lts_1028I_12_01	12	01	1	248	0	0	0	CR	MAX	Amonkey5.jpg	Amonkey5.jpg	NOKEY	MAX	NOKEY
1446039255775	0	lts_1028I_12_01	12	01	1	249	8	1	1	Hit	557	8-first/Atoydonkey.jpg	Atoydonkey.jpg	SPACE	602	SPACE
1446039258851	0	lts_1028I_12_01	12	01	1	250	0	0	0	CR	MAX	26431395.thl.jpg	26431395.thl.jpg	NOKEY	MAX	NOKEY
1446039261927	0	lts_1028I_12_01	12	01	1	251	0	0	0	CR	MAX	Azebratoy2.jpg	Azebratoy2.jpg	NOKEY	MAX	NOKEY
1446039265004	0	lts_1028I_12_01	12	01	1	252	0	0	0	CR	MAX	ACHIPROL2.jpg	ACHIPROL2.jpg	NOKEY	MAX	NOKEY
1446039266124	0	lts_1028I_12_01	12	01	1	253	4	1	1	Hit	640	4-mul/Atoydonkey.jpg	Atoydonkey.jpg	SPACE	685	SPACE
1446039269200	0	lts_1028I_12_01	12	01	1	254	0	0	0	CR	MAX	swimmies.jpg	swimmies.jpg	NOKEY	MAX	NOKEY
1446039272276	0	lts_1028I_12_01	12	01	1	255	0	0	0	CR	MAX	4/8076304.thl.jpg	8076304.thl.jpg	NOKEY	MAX	NOKEY
1446039275352	0	lts_1028I_12_01	12	01	1	256	0	0	0	CR	MAX	AMOUSETOY.jpg	AMOUSETOY.jpg	NOKEY	MAX	NOKEY
1446039278428	0	lts_1028I_12_01	12	01	1	257	0	0	0	CR	MAX	potato.jpg	potato.jpg	NOKEY	MAX	NOKEY
1446039281504	0	lts_1028I_12_01	12	01	1	258	0	0	0	CR	MAX	64/Atoy21.jpg	Atoy21.jpg	NOKEY	MAX	NOKEY
1446039284580	0	lts_1028I_12_01	12	01	1	259	4	1	0	Miss	MAX	4-5/8076304.thl.jpg	8076304.thl.jpg	NOKEY	MAX	SPACE
1446039287655	0	lts_1028I_12_01	12	01	1	260	0	0	0	CR	MAX	ABANJO5.jpg	ABANJO5.jpg	NOKEY	MAX	NOKEY
1446039290731	0	lts_1028I_12_01	12	01	1	261	00	1	0	Miss	MAX	00-across/26426803.thl.jpg	26426803.thl.jpg	NOKEY	MAX	SPACE
1446039293807	0	lts_1028I_12_01	12	01	1	262	0	0	0	CR	MAX	AHUNTVES2.jpg	AHUNTVES2.jpg	NOKEY	MAX	NOKEY
1446039296884	0	lts_1028I_12_01	12	01	1	263	0	0	0	CR	MAX	2/22827408.thl.jpg	22827408.thl.jpg	NOKEY	MAX	NOKEY
1446039299960	0	lts_1028I_12_01	12	01	1	264	0	0	0	CR	MAX	AGRILL1.jpg	AGRILL1.jpg	NOKEY	MAX	NOKEY
1446039300963	0	lts_1028I_12_01	12	01	1	265	2	1	1	Hit	530	2-2/22827408.thl.jpg	22827408.thl.jpg	SPACE	569	SPACE
1446039304040	0	lts_1028I_12_01	12	01	1	266	0	0	0	CR	MAX	AMAKEUPMI.jpg	AMAKEUPMI.jpg	NOKEY	MAX	NOKEY
1446039307116	0	lts_1028I_12_01	12	01	1	267	0	0	0	CR	MAX	AHUMIDIFI.jpg	AHUMIDIFI.jpg	NOKEY	MAX	NOKEY
1446039310192	0	lts_1028I_12_01	12	01	1	268	0	0	0	CR	MAX	128/Adustpanbrus4.jpg	Adustpanbrus4.jpg	NOKEY	MAX	NOKEY
1446039313268	0	lts_1028I_12_01	12	01	1	269	0	0	0	CR	MAX	ADOGTOY5.jpg	ADOGTOY5.jpg	NOKEY	MAX	NOKEY
1446039316344	0	lts_1028I_12_01	12	01	1	270	0	0	0	CR	MAX	32/Acomputerkey2.jpg	Acomputerkey2.jpg	NOKEY	MAX	NOKEY
1446039319420	0	lts_1028I_12_01	12	01	1	271	0	0	0	CR	MAX	Apaperclipsin.jpg	Apaperclipsin.jpg	NOKEY	MAX	NOKEY
1446039322496	0	lts_1028I_12_01	12	01	1	272	0	0	0	CR	MAX	MAT-J0150-J0153.jpg	MAT-J0150-J0153.jpg	NOKEY	MAX	NOKEY
1446039323649	0	lts_1028I_12_01	12	01	1	273	128	1	1	Hit	679	128-6/045.jpg	045.jpg	SPACE	718	SPACE
1446039326725	0	lts_1028I_12_01	12	01	1	274	0	0	0	CR	MAX	8/Apineapple3.jpg	Apineapple3.jpg	NOKEY	MAX	NOKEY
1446039329801	0	lts_1028I_12_01	12	01	1	275	0	0	0	CR	MAX	26451269.thl.jpg	26451269.thl.jpg	NOKEY	MAX	NOKEY
1446039332877	0	lts_1028I_12_01	12	01	1	276	0	0	0	CR	MAX	64/26390325.thl.jpg	26390325.thl.jpg	NOKEY	MAX	NOKEY
1446039335953	0	lts_1028I_12_01	12	01	1	277	0	0	0	CR	MAX	toypieces.jpg	toypieces.jpg	NOKEY	MAX	NOKEY
1446039339047	0	lts_1028I_12_01	12	01	1	278	0	0	0	CR	MAX	Aearth3.jpg	Aearth3.jpg	NOKEY	MAX	NOKEY
1446039342123	0	lts_1028I_12_01	12	01	1	279	0	0	0	CR	MAX	1/et060.jpg	et060.jpg	NOKEY	MAX	NOKEY
1446039343092	0	lts_1028I_12_01	12	01	1	280	1	1	1	Hit	494	1-6/et060.jpg	et060.jpg	SPACE	534	SPACE
1446039346169	0	lts_1028I_12_01	12	01	1	281	0	0	0	CR	MAX	8/AELECOVER.jpg	AELECOVER.jpg	NOKEY	MAX	NOKEY
1446039347155	0	lts_1028I_12_01	12	01	1	282	8	1	1	Hit	505	8-first/Apineapple3.jpg	Apineapple3.jpg	SPACE	551	SPACE
1446039350231	0	lts_1028I_12_01	12	01	1	283	0	0	0	CR	MAX	32/23065398.thl.jpg	23065398.thl.jpg	NOKEY	MAX	NOKEY
1446039351668	0	lts_1028I_12_01	12	01	1	284	00	1	1	Hit	957	00-across/APEPPSHA4.jpg	APEPPSHA4.jpg	SPACE	1003	SPACE
1446039354744	0	lts_1028I_12_01	12	01	1	285	0	0	0	CR	MAX	1/celery.jpg	celery.jpg	NOKEY	MAX	NOKEY
1446039355713	0	lts_1028I_12_01	12	01	1	286	1	1	1	Hit	494	1-4/celery.jpg	celery.jpg	SPACE	536	SPACE
1446039358789	0	lts_1028I_12_01	12	01	1	287	0	0	0	CR	MAX	AAIRGAUGE.jpg	AAIRGAUGE.jpg	NOKEY	MAX	NOKEY
1446039361865	0	lts_1028I_12_01	12	01	1	288	0	0	0	CR	MAX	16/Aextensionco8.jpg	Aextensionco8.jpg	NOKEY	MAX	NOKEY
1446039363003	0	lts_1028I_12_01	12	01	1	289	8	1	1	Hit	657	8-first/AELECOVER.jpg	AELECOVER.jpg	SPACE	703	SPACE
1446039366079	0	lts_1028I_12_01	12	01	1	290	0	0	0	CR	MAX	Abrooch100.jpg	Abrooch100.jpg	NOKEY	MAX	NOKEY
1446039369155	0	lts_1028I_12_01	12	01	1	291	0	0	0	CR	MAX	64/8024597.thl.jpg	8024597.thl.jpg	NOKEY	MAX	NOKEY
1446039370543	0	lts_1028I_12_01	12	01	1	292	0	0	1	FA	906	grenade.jpg	grenade.jpg	SPACE	953	NOKEY
1446039371630	0	lts_1028I_12_01	12	01	1	293	4	1	1	Hit	617	4-mul/AELECOVER.jpg	AELECOVER.jpg	SPACE	652	SPACE
1446039374705	0	lts_1028I_12_01	12	01	1	294	0	0	0	CR	MAX	2/Abandage3.jpg	Abandage3.jpg	NOKEY	MAX	NOKEY
1446039377781	0	lts_1028I_12_01	12	01	1	295	0	0	0	CR	MAX	batteries-a.jpg	batteries-a.jpg	NOKEY	MAX	NOKEY
1446039378784	0	lts_1028I_12_01	12	01	1	296	2	1	1	Hit	527	2-12/Abandage3.jpg	Abandage3.jpg	SPACE	570	SPACE
1446039381877	0	lts_1028I_12_01	12	01	1	297	0	0	0	CR	MAX	Atoy12.jpg	Atoy12.jpg	NOKEY	MAX	NOKEY
1446039382880	0	lts_1028I_12_01	12	01	1	298	16	1	1	Hit	504	16-mul/Apineapple3.jpg	Apineapple3.jpg	SPACE	553	SPACE
1446039385956	0	lts_1028I_12_01	12	01	1	299	0	0	0	CR	MAX	26377183.thl.jpg	26377183.thl.jpg	NOKEY	MAX	NOKEY
1446039389033	0	lts_1028I_12_01	12	01	1	300	0	0	0	CR	MAX	Aknife76.jpg	Aknife76.jpg	NOKEY	MAX	NOKEY
1446039392109	0	lts_1028I_12_01	12	01	1	301	0	0	0	CR	MAX	32/Aadjustablec2.jpg	Aadjustablec2.jpg	NOKEY	MAX	NOKEY
1446039393613	0	lts_1028I_12_01	12	01	1	302	32	1	1	Hit	1024	32-8/Acomputerkey2.jpg	Acomputerkey2.jpg	SPACE	1070	SPACE
1446039396688	0	lts_1028I_12_01	12	01	1	303	0	0	0	CR	MAX	32/26772997.thl.jpg	26772997.thl.jpg	NOKEY	MAX	NOKEY
1446039397742	0	lts_1028I_12_01	12	01	1	304	16	1	1	Hit	573	16-first/Aextensionco8.jpg	Aextensionco8.jpg	SPACE	620	SPACE
1446039400818	0	lts_1028I_12_01	12	01	1	305	0	0	0	CR	MAX	26426317.thl.jpg	26426317.thl.jpg	NOKEY	MAX	NOKEY
1446039403894	0	lts_1028I_12_01	12	01	1	306	0	0	0	CR	MAX	Ahat47.jpg	Ahat47.jpg	NOKEY	MAX	NOKEY
1446039406970	0	lts_1028I_12_01	12	01	1	307	0	0	0	CR	MAX	Abasket110.jpg	Abasket110.jpg	NOKEY	MAX	NOKEY
1446039407923	0	lts_1028I_12_01	12	01	1	308	4	1	1	Hit	474	4-mul/Aextensionco8.jpg	Aextensionco8.jpg	SPACE	520	SPACE
1446039411000	0	lts_1028I_12_01	12	01	1	309	0	0	0	CR	MAX	AOLDBAT2.jpg	AOLDBAT2.jpg	NOKEY	MAX	NOKEY
1446039414076	0	lts_1028I_12_01	12	01	1	310	0	0	0	CR	MAX	APILHELM2.jpg	APILHELM2.jpg	NOKEY	MAX	NOKEY
1446039415196	0	lts_1028I_12_01	12	01	1	311	128	1	1	Hit	644	128-2/funlamp.jpg	funlamp.jpg	SPACE	685	SPACE
1446039418272	0	lts_1028I_12_01	12	01	1	312	0	0	0	CR	MAX	1/Acroissant.jpg	Acroissant.jpg	NOKEY	MAX	NOKEY
1446039419208	0	lts_1028I_12_01	12	01	1	313	1	1	1	Hit	451	1-5/Acroissant.jpg	Acroissant.jpg	SPACE	500	SPACE
1446039422284	0	lts_1028I_12_01	12	01	1	314	0	0	0	CR	MAX	APUTTER.jpg	APUTTER.jpg	NOKEY	MAX	NOKEY
1446039425361	0	lts_1028I_12_01	12	01	1	315	32	1	0	Miss	MAX	32-9/23065398.thl.jpg	23065398.thl.jpg	NOKEY	MAX	SPACE
1446039428436	0	lts_1028I_12_01	12	01	1	316	0	0	0	CR	MAX	Atoyparrot2.jpg	Atoyparrot2.jpg	NOKEY	MAX	NOKEY
1446039431512	0	lts_1028I_12_01	12	01	1	317	0	0	0	CR	MAX	Avacuum20.jpg	Avacuum20.jpg	NOKEY	MAX	NOKEY
1446039434589	0	lts_1028I_12_01	12	01	1	318	0	0	0	CR	MAX	AMECHSOCK.jpg	AMECHSOCK.jpg	NOKEY	MAX	NOKEY
1446039437664	0	lts_1028I_12_01	12	01	1	319	0	0	0	CR	MAX	1/Adolphin3.jpg	Adolphin3.jpg	NOKEY	MAX	NOKEY
1446039438667	0	lts_1028I_12_01	12	01	1	320	1	1	1	Hit	526	1-1/Adolphin3.jpg	Adolphin3.jpg	SPACE	570	SPACE
1446039441743	0	lts_1028I_12_01	12	01	1	321	0	0	0	CR	MAX	Adalmatiandog.jpg	Adalmatiandog.jpg	NOKEY	MAX	NOKEY
1446039442997	0	lts_1028I_12_01	12	01	1	322	64	1	1	Hit	785	64-first/Atoy21.jpg	Atoy21.jpg	SPACE	820	SPACE
1446039446074	0	lts_1028I_12_01	12	01	1	323	0	0	0	CR	MAX	Abaleofhay.jpg	Abaleofhay.jpg	NOKEY	MAX	NOKEY
1446039447010	0	lts_1028I_12_01	12	01	1	324	2	1	1	Hit	464	2-mul/Atoy21.jpg	Atoy21.jpg	SPACE	502	SPACE
1446039450086	0	lts_1028I_12_01	12	01	1	325	0	0	0	CR	MAX	26433942.thl.jpg	26433942.thl.jpg	NOKEY	MAX	NOKEY
1446039453162	0	lts_1028I_12_01	12	01	1	326	128	1	0	Miss	MAX	128-3/Ahighlightin2.jpg	Ahighlightin2.jpg	NOKEY	MAX	SPACE
1446039456238	0	lts_1028I_12_01	12	01	1	327	0	0	0	CR	MAX	Aancientstat4.jpg	Aancientstat4.jpg	NOKEY	MAX	NOKEY
1446039459314	0	lts_1028I_12_01	12	01	1	328	0	0	0	CR	MAX	Acarjack2.jpg	Acarjack2.jpg	NOKEY	MAX	NOKEY
1446039462390	0	lts_1028I_12_01	12	01	1	329	0	0	0	CR	MAX	8057434.thl.jpg	8057434.thl.jpg	NOKEY	MAX	NOKEY
1446039465466	0	lts_1028I_12_01	12	01	1	330	0	0	0	CR	MAX	Aoutdoorrece2.jpg	Aoutdoorrece2.jpg	NOKEY	MAX	NOKEY
1446039468542	0	lts_1028I_12_01	12	01	1	331	0	0	0	CR	MAX	Ainflatable10.jpg	Ainflatable10.jpg	NOKEY	MAX	NOKEY
1446039471618	0	lts_1028I_12_01	12	01	1	332	0	0	0	CR	MAX	22875816.thl.jpg	22875816.thl.jpg	NOKEY	MAX	NOKEY
1446039472788	0	lts_1028I_12_01	12	01	1	333	32	1	1	Hit	700	32-2/Aadjustablec2.jpg	Aadjustablec2.jpg	SPACE	737	SPACE
1446039475864	0	lts_1028I_12_01	12	01	1	334	0	0	0	CR	MAX	4/driedprune.jpg	driedprune.jpg	NOKEY	MAX	NOKEY
1446039476934	0	lts_1028I_12_01	12	01	1	335	32	1	1	Hit	589	32-0/26772997.thl.jpg	26772997.thl.jpg	SPACE	637	SPACE
1446039480011	0	lts_1028I_12_01	12	01	1	336	0	0	0	CR	MAX	ACUSHIO12.jpg	ACUSHIO12.jpg	NOKEY	MAX	NOKEY
1446039483087	0	lts_1028I_12_01	12	01	1	337	0	0	0	CR	MAX	26419025.thl.jpg	26419025.thl.jpg	NOKEY	MAX	NOKEY
1446039484224	0	lts_1028I_12_01	12	01	1	338	4	1	1	Hit	659	4-0/driedprune.jpg	driedprune.jpg	SPACE	701	SPACE
1446039487300	0	lts_1028I_12_01	12	01	1	339	0	0	0	CR	MAX	8252065.thl.jpg	8252065.thl.jpg	NOKEY	MAX	NOKEY
1446039490376	0	lts_1028I_12_01	12	01	1	340	64	1	0	Miss	MAX	64-first/26390325.thl.jpg	26390325.thl.jpg	NOKEY	MAX	SPACE
1446039493452	0	lts_1028I_12_01	12	01	1	341	0	0	0	CR	MAX	ANAPRINGS.jpg	ANAPRINGS.jpg	NOKEY	MAX	NOKEY
1446039496528	0	lts_1028I_12_01	12	01	1	342	0	0	0	CR	MAX	64/26463767.thl.jpg	26463767.thl.jpg	NOKEY	MAX	NOKEY
1446039499604	0	lts_1028I_12_01	12	01	1	343	0	0	0	CR	MAX	22856784.thl.jpg	22856784.thl.jpg	NOKEY	MAX	NOKEY
1446039500673	0	lts_1028I_12_01	12	01	1	344	4	1	1	Hit	597	4-mul/26390325.thl.jpg	26390325.thl.jpg	SPACE	636	SPACE
1446039503749	0	lts_1028I_12_01	12	01	1	345	0	0	0	CR	MAX	AROOSTERP.jpg	AROOSTERP.jpg	NOKEY	MAX	NOKEY
1446039506825	0	lts_1028I_12_01	12	01	1	346	0	0	0	CR	MAX	AHOCKPANT.jpg	AHOCKPANT.jpg	NOKEY	MAX	NOKEY
1446039509918	0	lts_1028I_12_01	12	01	1	347	0	0	0	CR	MAX	ADENTRAY3.jpg	ADENTRAY3.jpg	NOKEY	MAX	NOKEY
1446039512994	0	lts_1028I_12_01	12	01	1	348	0	0	0	CR	MAX	2/Aancientbuild.jpg	Aancientbuild.jpg	NOKEY	MAX	NOKEY
1446039516071	0	lts_1028I_12_01	12	01	1	349	0	0	0	CR	MAX	AFULVOUST.jpg	AFULVOUST.jpg	NOKEY	MAX	NOKEY
1446039517208	0	lts_1028I_12_01	12	01	1	350	2	1	1	Hit	663	2-1/Aancientbuild.jpg	Aancientbuild.jpg	SPACE	701	SPACE
1446039520284	0	lts_1028I_12_01	12	01	1	351	0	0	0	CR	MAX	elecmap.jpg	elecmap.jpg	NOKEY	MAX	NOKEY
1446039523360	0	lts_1028I_12_01	12	01	1	352	0	0	0	CR	MAX	AVACUUM4.jpg	AVACUUM4.jpg	NOKEY	MAX	NOKEY
1446039526436	0	lts_1028I_12_01	12	01	1	353	0	0	0	CR	MAX	8/ALARGECA2.jpg	ALARGECA2.jpg	NOKEY	MAX	NOKEY
1446039529512	0	lts_1028I_12_01	12	01	1	354	0	0	0	CR	MAX	32/ABACKSPAC.jpg	ABACKSPAC.jpg	NOKEY	MAX	NOKEY
1446039530681	0	lts_1028I_12_01	12	01	1	355	64	1	1	Hit	693	64-first/8024597.thl.jpg	8024597.thl.jpg	SPACE	735	SPACE
1446039533757	0	lts_1028I_12_01	12	01	1	356	0	0	0	CR	MAX	ATOLLNEGS.jpg	ATOLLNEGS.jpg	NOKEY	MAX	NOKEY
1446039534744	0	lts_1028I_12_01	12	01	1	357	2	1	1	Hit	517	2-mul/8024597.thl.jpg	8024597.thl.jpg	SPACE	553	SPACE
1446039537820	0	lts_1028I_12_01	12	01	1	358	0	0	0	CR	MAX	16/Akazoo2.jpg	Akazoo2.jpg	NOKEY	MAX	NOKEY
1446039540896	0	lts_1028I_12_01	12	01	1	359	0	0	0	CR	MAX	grips.jpg	grips.jpg	NOKEY	MAX	NOKEY
1446039543972	0	lts_1028I_12_01	12	01	1	360	0	0	0	CR	MAX	64/Atintelephone.jpg	Atintelephone.jpg	NOKEY	MAX	NOKEY
1446039545093	0	lts_1028I_12_01	12	01	1	361	8	1	1	Hit	645	8-first/ALARGECA2.jpg	ALARGECA2.jpg	SPACE	686	SPACE
1446039548169	0	lts_1028I_12_01	12	01	1	362	0	0	0	CR	MAX	8/dustpan02.jpg	dustpan02.jpg	NOKEY	MAX	NOKEY
1446039549072	0	lts_1028I_12_01	12	01	1	363	2	1	1	Hit	431	2-mul/ALARGECA2.jpg	ALARGECA2.jpg	SPACE	467	SPACE
1446039552148	0	lts_1028I_12_01	12	01	1	364	0	0	0	CR	MAX	APOTWHOLE.jpg	APOTWHOLE.jpg	NOKEY	MAX	NOKEY
1446039555224	0	lts_1028I_12_01	12	01	1	365	0	0	0	CR	MAX	2/AWOODPIN.jpg	AWOODPIN.jpg	NOKEY	MAX	NOKEY
1446039558300	0	lts_1028I_12_01	12	01	1	366	0	0	0	CR	MAX	AFORKLIF2.jpg	AFORKLIF2.jpg	NOKEY	MAX	NOKEY
1446039559437	0	lts_1028I_12_01	12	01	1	367	2	1	1	Hit	652	2-4/AWOODPIN.jpg	AWOODPIN.jpg	SPACE	702	SPACE
1446039562513	0	lts_1028I_12_01	12	01	1	368	0	0	0	CR	MAX	16/Ajewisho2.jpg	Ajewisho2.jpg	NOKEY	MAX	NOKEY
1446039565589	0	lts_1028I_12_01	12	01	1	369	0	0	0	CR	MAX	26425788.thl.jpg	26425788.thl.jpg	NOKEY	MAX	NOKEY
1446039566675	0	lts_1028I_12_01	12	01	1	370	8	1	1	Hit	603	8-first/dustpan02.jpg	dustpan02.jpg	SPACE	652	SPACE
1446039569767	0	lts_1028I_12_01	12	01	1	371	0	0	0	CR	MAX	8/Achair485.jpg	Achair485.jpg	NOKEY	MAX	NOKEY
1446039570637	0	lts_1028I_12_01	12	01	1	372	2	1	1	Hit	387	2-mul/dustpan02.jpg	dustpan02.jpg	SPACE	436	SPACE
1446039573713	0	lts_1028I_12_01	12	01	1	373	0	0	0	CR	MAX	moto.jpg	moto.jpg	NOKEY	MAX	NOKEY
1446039574733	0	lts_1028I_12_01	12	01	1	374	16	1	1	Hit	548	16-1/Akazoo2.jpg	Akazoo2.jpg	SPACE	586	SPACE
1446039577809	0	lts_1028I_12_01	12	01	1	375	0	0	0	CR	MAX	ASEASH8.jpg	ASEASH8.jpg	NOKEY	MAX	NOKEY
1446039580885	0	lts_1028I_12_01	12	01	1	376	0	0	0	CR	MAX	AOLDMILL2.jpg	AOLDMILL2.jpg	NOKEY	MAX	NOKEY
1446039583961	0	lts_1028I_12_01	12	01	1	377	0	0	0	CR	MAX	26431734.thl.jpg	26431734.thl.jpg	NOKEY	MAX	NOKEY
1446039587038	0	lts_1028I_12_01	12	01	1	378	0	0	0	CR	MAX	34935544.thl.jpg	34935544.thl.jpg	NOKEY	MAX	NOKEY
1446039588074	0	lts_1028I_12_01	12	01	1	379	8	1	1	Hit	556	8-first/Achair485.jpg	Achair485.jpg	SPACE	601	SPACE
1446039591150	0	lts_1028I_12_01	12	01	1	380	0	0	0	CR	MAX	26423465.thl.jpg	26423465.thl.jpg	NOKEY	MAX	NOKEY
1446039592137	0	lts_1028I_12_01	12	01	1	381	2	1	1	Hit	507	2-mul/Achair485.jpg	Achair485.jpg	SPACE	551	SPACE
1446039595213	0	lts_1028I_12_01	12	01	1	382	0	0	0	CR	MAX	Afrog45.jpg	Afrog45.jpg	NOKEY	MAX	NOKEY
1446039598289	0	lts_1028I_12_01	12	01	1	383	0	0	0	CR	MAX	AMINICYM6.jpg	AMINICYM6.jpg	NOKEY	MAX	NOKEY
1446039601365	0	lts_1028I_12_01	12	01	1	384	16	1	0	Miss	MAX	16-0/Ajewisho2.jpg	Ajewisho2.jpg	NOKEY	MAX	SPACE
1446039604441	0	lts_1028I_12_01	12	01	1	385	0	0	0	CR	MAX	Aroadsignind3.jpg	Aroadsignind3.jpg	NOKEY	MAX	NOKEY
1446039605660	0	lts_1028I_12_01	12	01	1	386	32	1	1	Hit	748	32-7/ABACKSPAC.jpg	ABACKSPAC.jpg	SPACE	786	SPACE
1446039608736	0	lts_1028I_12_01	12	01	1	387	0	0	0	CR	MAX	2/APHONEFA2.jpg	APHONEFA2.jpg	NOKEY	MAX	NOKEY
1446039611813	0	lts_1028I_12_01	12	01	1	388	0	0	0	CR	MAX	Aladder2.jpg	Aladder2.jpg	NOKEY	MAX	NOKEY
1446039614889	0	lts_1028I_12_01	12	01	1	389	2	1	0	Miss	MAX	2-8/APHONEFA2.jpg	APHONEFA2.jpg	NOKEY	MAX	SPACE
1446039617965	0	lts_1028I_12_01	12	01	1	390	0	0	0	CR	MAX	sausage.jpg	sausage.jpg	NOKEY	MAX	NOKEY
1446039621042	0	lts_1028I_12_01	12	01	1	391	0	0	0	CR	MAX	2/8081398.thl.jpg	8081398.thl.jpg	NOKEY	MAX	NOKEY
1446039624118	0	lts_1028I_12_01	12	01	1	392	0	0	0	CR	MAX	AGLASSFL4.jpg	AGLASSFL4.jpg	NOKEY	MAX	NOKEY
1446039625104	0	lts_1028I_12_01	12	01	1	393	2	1	1	Hit	505	2-9/8081398.thl.jpg	8081398.thl.jpg	SPACE	551	SPACE
1446039628180	0	lts_1028I_12_01	12	01	1	394	0	0	0	CR	MAX	8078142.thl.jpg	8078142.thl.jpg	NOKEY	MAX	NOKEY
1446039631256	0	lts_1028I_12_01	12	01	1	395	0	0	0	CR	MAX	footballpads.jpg	footballpads.jpg	NOKEY	MAX	NOKEY
1446039634332	0	lts_1028I_12_01	12	01	1	396	128	1	0	Miss	MAX	128-7/Adustpanbrus4.jpg	Adustpanbrus4.jpg	NOKEY	MAX	SPACE
1446039637408	0	lts_1028I_12_01	12	01	1	397	0	0	0	CR	MAX	tofu.jpg	tofu.jpg	NOKEY	MAX	NOKEY
1446039640484	0	lts_1028I_12_01	12	01	1	398	0	0	0	CR	MAX	2/AELECBEA6.jpg	AELECBEA6.jpg	NOKEY	MAX	NOKEY
1446039643561	0	lts_1028I_12_01	12	01	1	399	0	0	0	CR	MAX	medievalknight.jpg	medievalknight.jpg	NOKEY	MAX	NOKEY
1446039644547	0	lts_1028I_12_01	12	01	1	400	2	1	1	Hit	506	2-5/AELECBEA6.jpg	AELECBEA6.jpg	SPACE	552	SPACE
1446039647623	0	lts_1028I_12_01	12	01	1	401	0	0	0	CR	MAX	16/ABULLDOG5.jpg	ABULLDOG5.jpg	NOKEY	MAX	NOKEY
1446039650698	0	lts_1028I_12_01	12	01	1	402	0	0	0	CR	MAX	2/Ahandheldmir3.jpg	Ahandheldmir3.jpg	NOKEY	MAX	NOKEY
1446039653774	0	lts_1028I_12_01	12	01	1	403	0	0	0	CR	MAX	ABOAT16.jpg	ABOAT16.jpg	NOKEY	MAX	NOKEY
1446039655012	0	lts_1028I_12_01	12	01	1	404	2	1	1	Hit	753	2-7/Ahandheldmir3.jpg	Ahandheldmir3.jpg	SPACE	803	SPACE
1446039658088	0	lts_1028I_12_01	12	01	1	405	0	0	0	CR	MAX	Atoycoffeepo2.jpg	Atoycoffeepo2.jpg	NOKEY	MAX	NOKEY
1446039661164	0	lts_1028I_12_01	12	01	1	406	64	1	0	Miss	MAX	64-first/26463767.thl.jpg	26463767.thl.jpg	NOKEY	MAX	SPACE
1446039664240	0	lts_1028I_12_01	12	01	1	407	0	0	0	CR	MAX	Acanister10.jpg	Acanister10.jpg	NOKEY	MAX	NOKEY
1446039665244	0	lts_1028I_12_01	12	01	1	408	2	1	1	Hit	528	2-mul/26463767.thl.jpg	26463767.thl.jpg	SPACE	567	SPACE
1446039668320	0	lts_1028I_12_01	12	01	1	409	0	0	0	CR	MAX	26437491.thl.jpg	26437491.thl.jpg	NOKEY	MAX	NOKEY
1446039671396	0	lts_1028I_12_01	12	01	1	410	0	0	0	CR	MAX	ADRESSE14.jpg	ADRESSE14.jpg	NOKEY	MAX	NOKEY
1446039674472	0	lts_1028I_12_01	12	01	1	411	0	0	0	CR	MAX	AGONG12.jpg	AGONG12.jpg	NOKEY	MAX	NOKEY
1446039677548	0	lts_1028I_12_01	12	01	1	412	0	0	0	CR	MAX	16/AEARING49.jpg	AEARING49.jpg	NOKEY	MAX	NOKEY
1446039680624	0	lts_1028I_12_01	12	01	1	413	0	0	0	CR	MAX	AHYDRANTF.jpg	AHYDRANTF.jpg	NOKEY	MAX	NOKEY
1446039683699	0	lts_1028I_12_01	12	01	1	414	0	0	0	CR	MAX	1/AAPPCOVE2.jpg	AAPPCOVE2.jpg	NOKEY	MAX	NOKEY
1446039684603	0	lts_1028I_12_01	12	01	1	415	1	1	1	Hit	419	1-13/AAPPCOVE2.jpg	AAPPCOVE2.jpg	SPACE	470	SPACE
1446039687678	0	lts_1028I_12_01	12	01	1	416	0	0	0	CR	MAX	Aantiquesofa4.jpg	Aantiquesofa4.jpg	NOKEY	MAX	NOKEY
1446039688714	0	lts_1028I_12_01	12	01	1	417	16	1	1	Hit	565	16-first/ABULLDOG5.jpg	ABULLDOG5.jpg	SPACE	603	SPACE
1446039691790	0	lts_1028I_12_01	12	01	1	418	0	0	0	CR	MAX	AAFRICS13.jpg	AAFRICS13.jpg	NOKEY	MAX	NOKEY
1446039692693	0	lts_1028I_12_01	12	01	1	419	2	1	1	Hit	423	2-mul/ABULLDOG5.jpg	ABULLDOG5.jpg	SPACE	469	SPACE
1446039695769	0	lts_1028I_12_01	12	01	1	420	0	0	0	CR	MAX	ATOWRACK3.jpg	ATOWRACK3.jpg	NOKEY	MAX	NOKEY
1446039698845	0	lts_1028I_12_01	12	01	1	421	0	0	0	CR	MAX	Abeany2.jpg	Abeany2.jpg	NOKEY	MAX	NOKEY
1446039701921	0	lts_1028I_12_01	12	01	1	422	0	0	0	CR	MAX	4/Aseahorse4.jpg	Aseahorse4.jpg	NOKEY	MAX	NOKEY
1446039704997	0	lts_1028I_12_01	12	01	1	423	0	0	0	CR	MAX	ADAQUIRI.jpg	ADAQUIRI.jpg	NOKEY	MAX	NOKEY
1446039708074	0	lts_1028I_12_01	12	01	1	424	64	1	0	Miss	MAX	64-first/Atintelephone.jpg	Atintelephone.jpg	NOKEY	MAX	SPACE
1446039711150	0	lts_1028I_12_01	12	01	1	425	0	0	0	CR	MAX	ALOVSEA10.jpg	ALOVSEA10.jpg	NOKEY	MAX	NOKEY
1446039712204	0	lts_1028I_12_01	12	01	1	426	4	1	1	Hit	575	4-2/Aseahorse4.jpg	Aseahorse4.jpg	SPACE	617	SPACE
1446039715280	0	lts_1028I_12_01	12	01	1	427	0	0	0	CR	MAX	ACUTBOAR2.jpg	ACUTBOAR2.jpg	NOKEY	MAX	NOKEY
1446039716467	0	lts_1028I_12_01	12	01	1	428	16	1	1	Hit	709	16-first/AEARING49.jpg	AEARING49.jpg	SPACE	753	SPACE
1446039719559	0	lts_1028I_12_01	12	01	1	429	0	0	0	CR	MAX	AFOUNTAI5.jpg	AFOUNTAI5.jpg	NOKEY	MAX	NOKEY
1446039722634	0	lts_1028I_12_01	12	01	1	430	0	0	0	CR	MAX	8026084.thl.jpg	8026084.thl.jpg	NOKEY	MAX	NOKEY
1446039725711	0	lts_1028I_12_01	12	01	1	431	0	0	0	CR	MAX	Atoycoil.jpg	Atoycoil.jpg	NOKEY	MAX	NOKEY
1446039726714	0	lts_1028I_12_01	12	01	1	432	00	1	1	Hit	529	00-across/Alobster10.jpg	Alobster10.jpg	SPACE	570	SPACE
1446039729790	0	lts_1028I_12_01	12	01	1	433	0	0	0	CR	MAX	AHEATER.jpg	AHEATER.jpg	NOKEY	MAX	NOKEY
1446039732866	0	lts_1028I_12_01	12	01	1	434	0	0	0	CR	MAX	4/Apig5.jpg	Apig5.jpg	NOKEY	MAX	NOKEY
1446039735942	0	lts_1028I_12_01	12	01	1	435	0	0	0	CR	MAX	blackjackcasinotable.jpg	blackjackcasinotable.jpg	NOKEY	MAX	NOKEY
1446039739019	0	lts_1028I_12_01	12	01	1	436	0	0	0	CR	MAX	APUMPKI35.jpg	APUMPKI35.jpg	NOKEY	MAX	NOKEY
1446039742095	0	lts_1028I_12_01	12	01	1	437	0	0	0	CR	MAX	10053712.thm.jpg	10053712.thm.jpg	NOKEY	MAX	NOKEY
1446039745171	0	lts_1028I_12_01	12	01	1	438	4	1	0	Miss	MAX	4-8/Apig5.jpg	Apig5.jpg	NOKEY	MAX	SPACE
1446039748247	0	lts_1028I_12_01	12	01	1	439	0	0	0	CR	MAX	juicebox.jpg	juicebox.jpg	NOKEY	MAX	NOKEY
1446039749300	0	lts_1028I_12_01	12	01	1	440	16	1	1	Hit	572	16-mul/Atintelephone.jpg	Atintelephone.jpg	SPACE	617	SPACE
1446039752376	0	lts_1028I_12_01	12	01	1	441	0	0	0	CR	MAX	ALAUNHAMP.jpg	ALAUNHAMP.jpg	NOKEY	MAX	NOKEY
1446039755453	0	lts_1028I_12_01	12	01	1	442	0	0	0	CR	MAX	AJOYSTIC1.jpg	AJOYSTIC1.jpg	NOKEY	MAX	NOKEY
1446039758529	0	lts_1028I_12_01	12	01	1	443	0	0	0	CR	MAX	AANTMILK.jpg	AANTMILK.jpg	NOKEY	MAX	NOKEY
1446039759565	0	lts_1028I_12_01	12	01	1	444	16	1	1	Hit	557	16-mul/AEARING49.jpg	AEARING49.jpg	SPACE	602	SPACE
1446039762640	0	lts_1028I_12_01	12	01	1	445	0	0	0	CR	MAX	1/AEAREXAM2.jpg	AEAREXAM2.jpg	NOKEY	MAX	NOKEY
1446039763594	0	lts_1028I_12_01	12	01	1	446	1	1	1	Hit	482	1-3/AEAREXAM2.jpg	AEAREXAM2.jpg	SPACE	519	SPACE
1446039766669	0	lts_1028I_12_01	12	01	1	447	0	0	0	CR	MAX	1/Ashelf27.jpg	Ashelf27.jpg	NOKEY	MAX	NOKEY
1446039767573	0	lts_1028I_12_01	12	01	1	448	1	1	1	Hit	420	1-10/Ashelf27.jpg	Ashelf27.jpg	SPACE	469	SPACE
1446039770648	0	lts_1028I_12_01	12	01	1	449	0	0	0	CR	MAX	Ascientificm2.jpg	Ascientificm2.jpg	NOKEY	MAX	NOKEY
1446039774759	0	E	Logging Ends
