1444331678853	0	B	Logging Begins
1444331773080	0	lts_1008L_04_01	04	01	0	0	0	0	0	CR	MAX	tape-a.jpg	tape-a.jpg	NOKEY	MAX	NOKEY
1444331776172	0	lts_1008L_04_01	04	01	0	1	0	0	0	CR	MAX	ACUTLERYB.jpg	ACUTLERYB.jpg	NOKEY	MAX	NOKEY
1444331779248	0	lts_1008L_04_01	04	01	0	2	0	0	0	CR	MAX	32/AEXPERIM3.jpg	AEXPERIM3.jpg	NOKEY	MAX	NOKEY
1444331782341	0	lts_1008L_04_01	04	01	0	3	0	0	0	CR	MAX	Ablackboardw3.jpg	Ablackboardw3.jpg	NOKEY	MAX	NOKEY
1444331785433	0	lts_1008L_04_01	04	01	0	4	0	0	0	CR	MAX	128/hottub.jpg	hottub.jpg	NOKEY	MAX	NOKEY
1444331788526	0	lts_1008L_04_01	04	01	0	5	0	0	0	CR	MAX	ATEETH7.jpg	ATEETH7.jpg	NOKEY	MAX	NOKEY
1444331791619	0	lts_1008L_04_01	04	01	0	6	0	0	0	CR	MAX	22911908.thl.jpg	22911908.thl.jpg	NOKEY	MAX	NOKEY
1444331794712	0	lts_1008L_04_01	04	01	0	7	0	0	0	CR	MAX	32/blackjackcasinotable.jpg	blackjackcasinotable.jpg	NOKEY	MAX	NOKEY
1444331797821	0	lts_1008L_04_01	04	01	0	8	0	0	0	CR	MAX	AMETICUBE.jpg	AMETICUBE.jpg	NOKEY	MAX	NOKEY
1444331800914	0	lts_1008L_04_01	04	01	0	9	0	0	0	CR	MAX	Afoodprocess4.jpg	Afoodprocess4.jpg	NOKEY	MAX	NOKEY
1444331804008	0	lts_1008L_04_01	04	01	0	10	0	0	0	CR	MAX	Atrap4.jpg	Atrap4.jpg	NOKEY	MAX	NOKEY
1444331807100	0	lts_1008L_04_01	04	01	0	11	0	0	0	CR	MAX	ACOLUMN5.jpg	ACOLUMN5.jpg	NOKEY	MAX	NOKEY
1444331810192	0	lts_1008L_04_01	04	01	0	12	0	0	0	CR	MAX	weepwalker.jpg	weepwalker.jpg	NOKEY	MAX	NOKEY
1444331813268	0	lts_1008L_04_01	04	01	0	13	0	0	0	CR	MAX	128/Avacuum13.jpg	Avacuum13.jpg	NOKEY	MAX	NOKEY
1444331816361	0	lts_1008L_04_01	04	01	0	14	0	0	0	CR	MAX	4/Agreencup2.jpg	Agreencup2.jpg	NOKEY	MAX	NOKEY
1444331819470	0	lts_1008L_04_01	04	01	0	15	0	0	0	CR	MAX	Aclamp42.jpg	Aclamp42.jpg	NOKEY	MAX	NOKEY
1444331822563	0	lts_1008L_04_01	04	01	0	16	0	0	0	CR	MAX	AJAR15.jpg	AJAR15.jpg	NOKEY	MAX	NOKEY
1444331825639	0	lts_1008L_04_01	04	01	0	17	0	0	0	CR	MAX	APIRAFLAG.jpg	APIRAFLAG.jpg	NOKEY	MAX	NOKEY
1444331826709	0	lts_1008L_04_01	04	01	0	18	4	1	1	Hit	596	4-6/Agreencup2.jpg	Agreencup2.jpg	SPACE	635	SPACE
1444331829802	0	lts_1008L_04_01	04	01	0	19	0	0	0	CR	MAX	1/26466347.thl.jpg	26466347.thl.jpg	NOKEY	MAX	NOKEY
1444331830705	0	lts_1008L_04_01	04	01	0	20	1	1	1	Hit	423	1-13/26466347.thl.jpg	26466347.thl.jpg	SPACE	468	SPACE
1444331833797	0	lts_1008L_04_01	04	01	0	21	0	0	0	CR	MAX	2/Abandleaders2.jpg	Abandleaders2.jpg	NOKEY	MAX	NOKEY
1444331836890	0	lts_1008L_04_01	04	01	0	22	0	0	0	CR	MAX	drumsticks01.jpg	drumsticks01.jpg	NOKEY	MAX	NOKEY
1444331837843	0	lts_1008L_04_01	04	01	0	23	2	1	1	Hit	469	2-4/Abandleaders2.jpg	Abandleaders2.jpg	SPACE	518	SPACE
1444331840936	0	lts_1008L_04_01	04	01	0	24	0	0	0	CR	MAX	A25thdec3.jpg	A25thdec3.jpg	NOKEY	MAX	NOKEY
1444331844030	0	lts_1008L_04_01	04	01	0	25	0	0	0	CR	MAX	Acookiejar14.jpg	Acookiejar14.jpg	NOKEY	MAX	NOKEY
1444331847121	0	lts_1008L_04_01	04	01	0	26	0	0	0	CR	MAX	1/Ascale60.jpg	Ascale60.jpg	NOKEY	MAX	NOKEY
1444331848025	0	lts_1008L_04_01	04	01	0	27	1	1	1	Hit	431	1-0/Ascale60.jpg	Ascale60.jpg	SPACE	468	SPACE
1444331851101	0	lts_1008L_04_01	04	01	0	28	0	0	0	CR	MAX	2/ACOLOGNE.jpg	ACOLOGNE.jpg	NOKEY	MAX	NOKEY
1444331854193	0	lts_1008L_04_01	04	01	0	29	0	0	0	CR	MAX	Aslippers2.jpg	Aslippers2.jpg	NOKEY	MAX	NOKEY
1444331855129	0	lts_1008L_04_01	04	01	0	30	2	1	1	Hit	461	2-8/ACOLOGNE.jpg	ACOLOGNE.jpg	SPACE	502	SPACE
1444331858222	0	lts_1008L_04_01	04	01	0	31	0	0	0	CR	MAX	Acookiecutte3.jpg	Acookiecutte3.jpg	NOKEY	MAX	NOKEY
1444331861315	0	lts_1008L_04_01	04	01	0	32	0	0	0	CR	MAX	AHEELCUPS.jpg	AHEELCUPS.jpg	NOKEY	MAX	NOKEY
1444331864407	0	lts_1008L_04_01	04	01	0	33	0	0	0	CR	MAX	rollerblades.jpg	rollerblades.jpg	NOKEY	MAX	NOKEY
1444331865461	0	lts_1008L_04_01	04	01	0	34	32	1	1	Hit	576	32-9/AEXPERIM3.jpg	AEXPERIM3.jpg	SPACE	619	SPACE
1444331868553	0	lts_1008L_04_01	04	01	0	35	0	0	0	CR	MAX	16/Agiraffetoy3.jpg	Agiraffetoy3.jpg	NOKEY	MAX	NOKEY
1444331871646	0	lts_1008L_04_01	04	01	0	36	0	0	0	CR	MAX	26437077.thl.jpg	26437077.thl.jpg	NOKEY	MAX	NOKEY
1444331874739	0	lts_1008L_04_01	04	01	0	37	0	0	0	CR	MAX	ARIBBON9.jpg	ARIBBON9.jpg	NOKEY	MAX	NOKEY
1444331877832	0	lts_1008L_04_01	04	01	0	38	0	0	0	CR	MAX	Arecordplaye2.jpg	Arecordplaye2.jpg	NOKEY	MAX	NOKEY
1444331878801	0	lts_1008L_04_01	04	01	0	39	32	1	1	Hit	498	32-7/blackjackcasinotable.jpg	blackjackcasinotable.jpg	SPACE	535	SPACE
1444331881911	0	lts_1008L_04_01	04	01	0	40	0	0	0	CR	MAX	16/22856172.thl.jpg	22856172.thl.jpg	NOKEY	MAX	NOKEY
1444331885005	0	lts_1008L_04_01	04	01	0	41	0	0	0	CR	MAX	Ablackma3.jpg	Ablackma3.jpg	NOKEY	MAX	NOKEY
1444331888081	0	lts_1008L_04_01	04	01	0	42	0	0	0	CR	MAX	23019499.thl.jpg	23019499.thl.jpg	NOKEY	MAX	NOKEY
1444331889067	0	lts_1008L_04_01	04	01	0	43	0	0	1	FA	490	2/tricycle.jpg	tricycle.jpg	SPACE	535	NOKEY
1444331892142	0	lts_1008L_04_01	04	01	0	44	0	0	0	CR	MAX	32/ABONGO3.jpg	ABONGO3.jpg	NOKEY	MAX	NOKEY
1444331893096	0	lts_1008L_04_01	04	01	0	45	2	1	1	Hit	484	2-2/tricycle.jpg	tricycle.jpg	SPACE	518	SPACE
1444331896188	0	lts_1008L_04_01	04	01	0	46	0	0	0	CR	MAX	ABATHSALT.jpg	ABATHSALT.jpg	NOKEY	MAX	NOKEY
1444331899280	0	lts_1008L_04_01	04	01	0	47	0	0	0	CR	MAX	32/Aspinningwhe2.jpg	Aspinningwhe2.jpg	NOKEY	MAX	NOKEY
1444331902373	0	lts_1008L_04_01	04	01	0	48	0	0	0	CR	MAX	Atoyboat10.jpg	Atoyboat10.jpg	NOKEY	MAX	NOKEY
1444331905483	0	lts_1008L_04_01	04	01	0	49	0	0	0	CR	MAX	64/Aindustrialve.jpg	Aindustrialve.jpg	NOKEY	MAX	NOKEY
1444331908575	0	lts_1008L_04_01	04	01	0	50	0	0	0	CR	MAX	Aelectronicor.jpg	Aelectronicor.jpg	NOKEY	MAX	NOKEY
1444331909495	0	lts_1008L_04_01	04	01	0	51	16	1	1	Hit	435	16-first/Agiraffetoy3.jpg	Agiraffetoy3.jpg	SPACE	486	SPACE
1444331912588	0	lts_1008L_04_01	04	01	0	52	0	0	0	CR	MAX	ALINENCA3.jpg	ALINENCA3.jpg	NOKEY	MAX	NOKEY
1444331915664	0	lts_1008L_04_01	04	01	0	53	0	0	0	CR	MAX	medievalknight.jpg	medievalknight.jpg	NOKEY	MAX	NOKEY
1444331918757	0	lts_1008L_04_01	04	01	0	54	0	0	0	CR	MAX	matchbook.jpg	matchbook.jpg	NOKEY	MAX	NOKEY
1444331921833	0	lts_1008L_04_01	04	01	0	55	0	0	0	CR	MAX	128/26429123.thl.jpg	26429123.thl.jpg	NOKEY	MAX	NOKEY
1444331922886	0	lts_1008L_04_01	04	01	0	56	16	1	1	Hit	569	16-first/22856172.thl.jpg	22856172.thl.jpg	SPACE	618	SPACE
1444331925979	0	lts_1008L_04_01	04	01	0	57	0	0	0	CR	MAX	Abasket110.jpg	Abasket110.jpg	NOKEY	MAX	NOKEY
1444331929056	0	lts_1008L_04_01	04	01	0	58	0	0	0	CR	MAX	Aexercisemac4.jpg	Aexercisemac4.jpg	NOKEY	MAX	NOKEY
1444331932147	0	lts_1008L_04_01	04	01	0	59	0	0	0	CR	MAX	1/Asafetyrope.jpg	Asafetyrope.jpg	NOKEY	MAX	NOKEY
1444331933018	0	lts_1008L_04_01	04	01	0	60	1	1	1	Hit	397	1-12/Asafetyrope.jpg	Asafetyrope.jpg	SPACE	434	SPACE
1444331936109	0	lts_1008L_04_01	04	01	0	61	0	0	0	CR	MAX	8019684.thl.jpg	8019684.thl.jpg	NOKEY	MAX	NOKEY
1444331939185	0	lts_1008L_04_01	04	01	0	62	0	0	0	CR	MAX	1/outdoorheater.jpg	outdoorheater.jpg	NOKEY	MAX	NOKEY
1444331940089	0	lts_1008L_04_01	04	01	0	63	1	1	1	Hit	426	1-11/outdoorheater.jpg	outdoorheater.jpg	SPACE	468	SPACE
1444331943181	0	lts_1008L_04_01	04	01	0	64	0	0	0	CR	MAX	Abutterchurn5.jpg	Abutterchurn5.jpg	NOKEY	MAX	NOKEY
1444331946257	0	lts_1008L_04_01	04	01	0	65	0	0	0	CR	MAX	AHEARTSPO.jpg	AHEARTSPO.jpg	NOKEY	MAX	NOKEY
1444331949350	0	lts_1008L_04_01	04	01	0	66	0	0	0	CR	MAX	babyswig.jpg	babyswig.jpg	NOKEY	MAX	NOKEY
1444331950253	0	lts_1008L_04_01	04	01	0	67	16	1	1	Hit	423	16-mul/Agiraffetoy3.jpg	Agiraffetoy3.jpg	SPACE	468	SPACE
1444331953328	0	lts_1008L_04_01	04	01	0	68	0	0	0	CR	MAX	2/Heatpad.jpg	Heatpad.jpg	NOKEY	MAX	NOKEY
1444331956421	0	lts_1008L_04_01	04	01	0	69	0	0	0	CR	MAX	32/Aradio24.jpg	Aradio24.jpg	NOKEY	MAX	NOKEY
1444331957474	0	lts_1008L_04_01	04	01	0	70	2	1	1	Hit	573	2-12/Heatpad.jpg	Heatpad.jpg	SPACE	619	SPACE
1444331960567	0	lts_1008L_04_01	04	01	0	71	0	0	0	CR	MAX	ASOPRASAX.jpg	ASOPRASAX.jpg	NOKEY	MAX	NOKEY
1444331961453	0	lts_1008L_04_01	04	01	0	72	16	1	1	Hit	402	16-mul/22856172.thl.jpg	22856172.thl.jpg	SPACE	452	SPACE
1444331964529	0	lts_1008L_04_01	04	01	0	73	0	0	0	CR	MAX	ADENSYRIN.jpg	ADENSYRIN.jpg	NOKEY	MAX	NOKEY
1444331967605	0	lts_1008L_04_01	04	01	0	74	0	0	0	CR	MAX	26440629.thl.jpg	26440629.thl.jpg	NOKEY	MAX	NOKEY
1444331970715	0	lts_1008L_04_01	04	01	0	75	0	0	0	CR	MAX	64/AGAME.jpg	AGAME.jpg	NOKEY	MAX	NOKEY
1444331971751	0	lts_1008L_04_01	04	01	0	76	32	1	1	Hit	554	32-4/ABONGO3.jpg	ABONGO3.jpg	SPACE	602	SPACE
1444331974844	0	lts_1008L_04_01	04	01	0	77	0	0	0	CR	MAX	Adalmatiandog.jpg	Adalmatiandog.jpg	NOKEY	MAX	NOKEY
1444331977954	0	lts_1008L_04_01	04	01	0	78	0	0	0	CR	MAX	ATELESCO2.jpg	ATELESCO2.jpg	NOKEY	MAX	NOKEY
1444331979075	0	lts_1008L_04_01	04	01	0	79	32	1	1	Hit	635	32-8/Aspinningwhe2.jpg	Aspinningwhe2.jpg	SPACE	686	SPACE
1444331982150	0	lts_1008L_04_01	04	01	0	80	0	0	0	CR	MAX	Aclimbersicep.jpg	Aclimbersicep.jpg	NOKEY	MAX	NOKEY
1444331985243	0	lts_1008L_04_01	04	01	0	81	0	0	0	CR	MAX	Aribbon21.jpg	Aribbon21.jpg	NOKEY	MAX	NOKEY
1444331988352	0	lts_1008L_04_01	04	01	0	82	0	0	0	CR	MAX	Abowlofpasta.jpg	Abowlofpasta.jpg	NOKEY	MAX	NOKEY
1444331991445	0	lts_1008L_04_01	04	01	0	83	0	0	0	CR	MAX	1/Apowerbar7.jpg	Apowerbar7.jpg	NOKEY	MAX	NOKEY
1444331992331	0	lts_1008L_04_01	04	01	0	84	1	1	1	Hit	412	1-9/Apowerbar7.jpg	Apowerbar7.jpg	SPACE	452	SPACE
1444331995424	0	lts_1008L_04_01	04	01	0	85	0	0	0	CR	MAX	64/Agreenlighter.jpg	Agreenlighter.jpg	NOKEY	MAX	NOKEY
1444331998500	0	lts_1008L_04_01	04	01	0	86	0	0	0	CR	MAX	22859796.thl.jpg	22859796.thl.jpg	NOKEY	MAX	NOKEY
1444332001592	0	lts_1008L_04_01	04	01	0	87	0	0	0	CR	MAX	26772987.thl.jpg	26772987.thl.jpg	NOKEY	MAX	NOKEY
1444332004685	0	lts_1008L_04_01	04	01	0	88	0	0	0	CR	MAX	26423812.thl.jpg	26423812.thl.jpg	NOKEY	MAX	NOKEY
1444332006558	0	lts_1008L_04_01	04	01	0	89	0	0	1	FA	1384	M15589.jpg	M15589.jpg	SPACE	1421	NOKEY
1444332009634	0	lts_1008L_04_01	04	01	0	90	0	0	0	CR	MAX	gymvaulting2.jpg	gymvaulting2.jpg	NOKEY	MAX	NOKEY
1444332012726	0	lts_1008L_04_01	04	01	0	91	0	0	0	CR	MAX	AALMOND1.jpg	AALMOND1.jpg	NOKEY	MAX	NOKEY
1444332015802	0	lts_1008L_04_01	04	01	0	92	0	0	0	CR	MAX	AOVALFRAM.jpg	AOVALFRAM.jpg	NOKEY	MAX	NOKEY
1444332018878	0	lts_1008L_04_01	04	01	0	93	0	0	0	CR	MAX	4/Aancientbuild.jpg	Aancientbuild.jpg	NOKEY	MAX	NOKEY
1444332021971	0	lts_1008L_04_01	04	01	0	94	0	0	0	CR	MAX	Afeatherdust2.jpg	Afeatherdust2.jpg	NOKEY	MAX	NOKEY
1444332025065	0	lts_1008L_04_01	04	01	0	95	0	0	0	CR	MAX	Achair618.jpg	Achair618.jpg	NOKEY	MAX	NOKEY
1444332028157	0	lts_1008L_04_01	04	01	0	96	0	0	0	CR	MAX	AWHISTLE4.jpg	AWHISTLE4.jpg	NOKEY	MAX	NOKEY
1444332029227	0	lts_1008L_04_01	04	01	0	97	4	1	1	Hit	587	4-5/Aancientbuild.jpg	Aancientbuild.jpg	SPACE	636	SPACE
1444332032319	0	lts_1008L_04_01	04	01	0	98	0	0	0	CR	MAX	128/ACEDAR.jpg	ACEDAR.jpg	NOKEY	MAX	NOKEY
1444332035395	0	lts_1008L_04_01	04	01	0	99	0	0	0	CR	MAX	AFILM.jpg	AFILM.jpg	NOKEY	MAX	NOKEY
1444332038488	0	lts_1008L_04_01	04	01	0	100	0	0	0	CR	MAX	8/Apaperclipsin.jpg	Apaperclipsin.jpg	NOKEY	MAX	NOKEY
1444332039541	0	lts_1008L_04_01	04	01	0	101	32	1	1	Hit	574	32-5/Aradio24.jpg	Aradio24.jpg	SPACE	618	SPACE
1444332042617	0	lts_1008L_04_01	04	01	0	102	0	0	0	CR	MAX	2/ABABYSPOO.jpg	ABABYSPOO.jpg	NOKEY	MAX	NOKEY
1444332045694	0	lts_1008L_04_01	04	01	0	103	0	0	0	CR	MAX	16/Aallterrain10.jpg	Aallterrain10.jpg	NOKEY	MAX	NOKEY
1444332046747	0	lts_1008L_04_01	04	01	0	104	2	1	1	Hit	572	2-6/ABABYSPOO.jpg	ABABYSPOO.jpg	SPACE	619	SPACE
1444332049823	0	lts_1008L_04_01	04	01	0	105	0	0	0	CR	MAX	Achest20.jpg	Achest20.jpg	NOKEY	MAX	NOKEY
1444332052916	0	lts_1008L_04_01	04	01	0	106	0	0	0	CR	MAX	gondola.jpg	gondola.jpg	NOKEY	MAX	NOKEY
1444332055992	0	lts_1008L_04_01	04	01	0	107	0	0	0	CR	MAX	30835757.thl.jpg	30835757.thl.jpg	NOKEY	MAX	NOKEY
1444332057063	0	lts_1008L_04_01	04	01	0	108	8	1	1	Hit	584	8-1/Apaperclipsin.jpg	Apaperclipsin.jpg	SPACE	634	SPACE
1444332060154	0	lts_1008L_04_01	04	01	0	109	0	0	0	CR	MAX	Atoypersonwi2.jpg	Atoypersonwi2.jpg	NOKEY	MAX	NOKEY
1444332063247	0	lts_1008L_04_01	04	01	0	110	0	0	0	CR	MAX	16/Ababycup2.jpg	Ababycup2.jpg	NOKEY	MAX	NOKEY
1444332066340	0	lts_1008L_04_01	04	01	0	111	0	0	0	CR	MAX	32/AANTIBIK4.jpg	AANTIBIK4.jpg	NOKEY	MAX	NOKEY
1444332069433	0	lts_1008L_04_01	04	01	0	112	0	0	0	CR	MAX	Aeggsandwich6.jpg	Aeggsandwich6.jpg	NOKEY	MAX	NOKEY
1444332070787	0	lts_1008L_04_01	04	01	0	113	64	1	1	Hit	880	64-first/Aindustrialve.jpg	Aindustrialve.jpg	SPACE	920	SPACE
1444332073880	0	lts_1008L_04_01	04	01	0	114	0	0	0	CR	MAX	26440756.thl.jpg	26440756.thl.jpg	NOKEY	MAX	NOKEY
1444332074782	0	lts_1008L_04_01	04	01	0	115	2	1	1	Hit	417	2-mul/Aindustrialve.jpg	Aindustrialve.jpg	SPACE	468	SPACE
1444332077858	0	lts_1008L_04_01	04	01	0	116	0	0	0	CR	MAX	Aantiquerota7.jpg	Aantiquerota7.jpg	NOKEY	MAX	NOKEY
1444332080951	0	lts_1008L_04_01	04	01	0	117	0	0	0	CR	MAX	23076640.thl.jpg	23076640.thl.jpg	NOKEY	MAX	NOKEY
1444332084045	0	lts_1008L_04_01	04	01	0	118	0	0	0	CR	MAX	scooter.jpg	scooter.jpg	NOKEY	MAX	NOKEY
1444332085031	0	lts_1008L_04_01	04	01	0	119	16	1	1	Hit	505	16-first/Aallterrain10.jpg	Aallterrain10.jpg	SPACE	551	SPACE
1444332088123	0	lts_1008L_04_01	04	01	0	120	0	0	0	CR	MAX	2/APILHELM2.jpg	APILHELM2.jpg	NOKEY	MAX	NOKEY
1444332091216	0	lts_1008L_04_01	04	01	0	121	0	0	0	CR	MAX	chocolatebar.jpg	chocolatebar.jpg	NOKEY	MAX	NOKEY
1444332092252	0	lts_1008L_04_01	04	01	0	122	2	1	1	Hit	558	2-0/APILHELM2.jpg	APILHELM2.jpg	SPACE	602	SPACE
1444332095345	0	lts_1008L_04_01	04	01	0	123	0	0	0	CR	MAX	64/A_teabag.jpg	A_teabag.jpg	NOKEY	MAX	NOKEY
1444332098438	0	lts_1008L_04_01	04	01	0	124	0	0	0	CR	MAX	Aplum11.jpg	Aplum11.jpg	NOKEY	MAX	NOKEY
1444332101514	0	lts_1008L_04_01	04	01	0	125	0	0	0	CR	MAX	8021515.thl.jpg	8021515.thl.jpg	NOKEY	MAX	NOKEY
1444332102701	0	lts_1008L_04_01	04	01	0	126	16	1	1	Hit	711	16-first/Ababycup2.jpg	Ababycup2.jpg	SPACE	753	SPACE
1444332105777	0	lts_1008L_04_01	04	01	0	127	0	0	0	CR	MAX	AGOLFIRON.jpg	AGOLFIRON.jpg	NOKEY	MAX	NOKEY
1444332107298	0	lts_1008L_04_01	04	01	0	128	2	1	1	Hit	1049	2-mul/Ababycup2.jpg	Ababycup2.jpg	SPACE	1087	SPACE
1444332110391	0	lts_1008L_04_01	04	01	0	129	0	0	0	CR	MAX	ringbox03.jpg	ringbox03.jpg	NOKEY	MAX	NOKEY
1444332113484	0	lts_1008L_04_01	04	01	0	130	0	0	0	CR	MAX	AICESKAT8.jpg	AICESKAT8.jpg	NOKEY	MAX	NOKEY
1444332116643	0	lts_1008L_04_01	04	01	0	131	0	0	0	CR	MAX	Atoy17.jpg	Atoy17.jpg	NOKEY	MAX	NOKEY
1444332119719	0	lts_1008L_04_01	04	01	0	132	128	1	0	Miss	MAX	128-0/hottub.jpg	hottub.jpg	NOKEY	MAX	SPACE
1444332122812	0	lts_1008L_04_01	04	01	0	133	0	0	0	CR	MAX	Aredandbluef2.jpg	Aredandbluef2.jpg	NOKEY	MAX	NOKEY
1444332125905	0	lts_1008L_04_01	04	01	0	134	0	0	0	CR	MAX	Atennisball2.jpg	Atennisball2.jpg	NOKEY	MAX	NOKEY
1444332126975	0	lts_1008L_04_01	04	01	0	135	16	1	1	Hit	585	16-mul/Aallterrain10.jpg	Aallterrain10.jpg	SPACE	636	SPACE
1444332130052	0	lts_1008L_04_01	04	01	0	136	0	0	0	CR	MAX	1/ACOMB5.jpg	ACOMB5.jpg	NOKEY	MAX	NOKEY
1444332130937	0	lts_1008L_04_01	04	01	0	137	1	1	1	Hit	406	1-14/ACOMB5.jpg	ACOMB5.jpg	SPACE	451	SPACE
1444332134031	0	lts_1008L_04_01	04	01	0	138	0	0	0	CR	MAX	ADART3.jpg	ADART3.jpg	NOKEY	MAX	NOKEY
1444332135034	0	lts_1008L_04_01	04	01	0	139	64	1	1	Hit	528	64-first/AGAME.jpg	AGAME.jpg	SPACE	568	SPACE
1444332138176	0	lts_1008L_04_01	04	01	0	140	0	0	0	CR	MAX	Ahighlightin2.jpg	Ahighlightin2.jpg	NOKEY	MAX	NOKEY
1444332141252	0	lts_1008L_04_01	04	01	0	141	128	1	0	Miss	MAX	128-7/Avacuum13.jpg	Avacuum13.jpg	NOKEY	MAX	SPACE
1444332144344	0	lts_1008L_04_01	04	01	0	142	0	0	0	CR	MAX	128/26370704.thl.jpg	26370704.thl.jpg	NOKEY	MAX	NOKEY
1444332145381	0	lts_1008L_04_01	04	01	0	143	32	1	1	Hit	552	32-3/AANTIBIK4.jpg	AANTIBIK4.jpg	SPACE	602	SPACE
1444332148474	0	lts_1008L_04_01	04	01	0	144	0	0	0	CR	MAX	AGLASSBO7.jpg	AGLASSBO7.jpg	NOKEY	MAX	NOKEY
1444332151550	0	lts_1008L_04_01	04	01	0	145	0	0	0	CR	MAX	1/26372390.thl.jpg	26372390.thl.jpg	NOKEY	MAX	NOKEY
1444332152470	0	lts_1008L_04_01	04	01	0	146	1	1	1	Hit	442	1-6/26372390.thl.jpg	26372390.thl.jpg	SPACE	486	SPACE
1444332155545	0	lts_1008L_04_01	04	01	0	147	0	0	0	CR	MAX	4/8074514.thl.jpg	8074514.thl.jpg	NOKEY	MAX	NOKEY
1444332158638	0	lts_1008L_04_01	04	01	0	148	0	0	0	CR	MAX	A100FRAN3.jpg	A100FRAN3.jpg	NOKEY	MAX	NOKEY
1444332159591	0	lts_1008L_04_01	04	01	0	149	64	1	1	Hit	483	64-first/Agreenlighter.jpg	Agreenlighter.jpg	SPACE	519	SPACE
1444332162751	0	lts_1008L_04_01	04	01	0	150	0	0	0	CR	MAX	64/Aroadsignind3.jpg	Aroadsignind3.jpg	NOKEY	MAX	NOKEY
1444332163737	0	lts_1008L_04_01	04	01	0	151	4	1	1	Hit	513	4-9/8074514.thl.jpg	8074514.thl.jpg	SPACE	552	SPACE
1444332166813	0	lts_1008L_04_01	04	01	0	152	0	0	0	CR	MAX	spoon-a.jpg	spoon-a.jpg	NOKEY	MAX	NOKEY
1444332167732	0	lts_1008L_04_01	04	01	0	153	4	1	1	Hit	436	4-mul/Agreenlighter.jpg	Agreenlighter.jpg	SPACE	485	SPACE
1444332170825	0	lts_1008L_04_01	04	01	0	154	0	0	0	CR	MAX	Abedspringsam.jpg	Abedspringsam.jpg	NOKEY	MAX	NOKEY
1444332172363	0	lts_1008L_04_01	04	01	0	155	16	1	1	Hit	1061	16-mul/AGAME.jpg	AGAME.jpg	SPACE	1103	SPACE
1444332175439	0	lts_1008L_04_01	04	01	0	156	0	0	0	CR	MAX	lightsaber.jpg	lightsaber.jpg	NOKEY	MAX	NOKEY
1444332178515	0	lts_1008L_04_01	04	01	0	157	0	0	0	CR	MAX	ATROWEL2.jpg	ATROWEL2.jpg	NOKEY	MAX	NOKEY
1444332181608	0	lts_1008L_04_01	04	01	0	158	0	0	0	CR	MAX	4/AALTIRE2.jpg	AALTIRE2.jpg	NOKEY	MAX	NOKEY
1444332184701	0	lts_1008L_04_01	04	01	0	159	0	0	0	CR	MAX	128/ACOFFTRA2.jpg	ACOFFTRA2.jpg	NOKEY	MAX	NOKEY
1444332187777	0	lts_1008L_04_01	04	01	0	160	0	0	0	CR	MAX	26441591.thl.jpg	26441591.thl.jpg	NOKEY	MAX	NOKEY
1444332190870	0	lts_1008L_04_01	04	01	0	161	0	0	0	CR	MAX	8077486.thl.jpg	8077486.thl.jpg	NOKEY	MAX	NOKEY
1444332191889	0	lts_1008L_04_01	04	01	0	162	4	1	1	Hit	538	4-4/AALTIRE2.jpg	AALTIRE2.jpg	SPACE	585	SPACE
1444332194982	0	lts_1008L_04_01	04	01	0	163	0	0	0	CR	MAX	Abowl74.jpg	Abowl74.jpg	NOKEY	MAX	NOKEY
1444332198076	0	lts_1008L_04_01	04	01	0	164	0	0	0	CR	MAX	AHEATER.jpg	AHEATER.jpg	NOKEY	MAX	NOKEY
1444332201301	0	lts_1008L_04_01	04	01	0	165	0	0	0	CR	MAX	ASPIDERW2.jpg	ASPIDERW2.jpg	NOKEY	MAX	NOKEY
1444332204394	0	lts_1008L_04_01	04	01	0	166	0	0	0	CR	MAX	8/Askirt3.jpg	Askirt3.jpg	NOKEY	MAX	NOKEY
1444332207504	0	lts_1008L_04_01	04	01	0	167	0	0	0	CR	MAX	Awomansshoe3.jpg	Awomansshoe3.jpg	NOKEY	MAX	NOKEY
1444332210580	0	lts_1008L_04_01	04	01	0	168	0	0	0	CR	MAX	128/26427950.thl.jpg	26427950.thl.jpg	NOKEY	MAX	NOKEY
1444332213673	0	lts_1008L_04_01	04	01	0	169	0	0	0	CR	MAX	2/AGUIRA.jpg	AGUIRA.jpg	NOKEY	MAX	NOKEY
1444332216748	0	lts_1008L_04_01	04	01	0	170	0	0	0	CR	MAX	22887144.thl.jpg	22887144.thl.jpg	NOKEY	MAX	NOKEY
1444332217835	0	lts_1008L_04_01	04	01	0	171	2	1	1	Hit	606	2-3/AGUIRA.jpg	AGUIRA.jpg	SPACE	652	SPACE
1444332220911	0	lts_1008L_04_01	04	01	0	172	0	0	0	CR	MAX	Aacupuncture2.jpg	Aacupuncture2.jpg	NOKEY	MAX	NOKEY
1444332224005	0	lts_1008L_04_01	04	01	0	173	0	0	0	CR	MAX	8255336.thl.jpg	8255336.thl.jpg	NOKEY	MAX	NOKEY
1444332225208	0	lts_1008L_04_01	04	01	0	174	8	1	1	Hit	726	8-first/Askirt3.jpg	Askirt3.jpg	SPACE	767	SPACE
1444332228284	0	lts_1008L_04_01	04	01	0	175	0	0	0	CR	MAX	mixer.jpg	mixer.jpg	NOKEY	MAX	NOKEY
1444332231376	0	lts_1008L_04_01	04	01	0	176	0	0	0	CR	MAX	Aflowerpot9.jpg	Aflowerpot9.jpg	NOKEY	MAX	NOKEY
1444332234452	0	lts_1008L_04_01	04	01	0	177	0	0	0	CR	MAX	AFRENCHF2.jpg	AFRENCHF2.jpg	NOKEY	MAX	NOKEY
1444332235389	0	lts_1008L_04_01	04	01	0	178	4	1	1	Hit	460	4-mul/Askirt3.jpg	Askirt3.jpg	SPACE	502	SPACE
1444332238481	0	lts_1008L_04_01	04	01	0	179	0	0	0	CR	MAX	2/26379647.thl.jpg	26379647.thl.jpg	NOKEY	MAX	NOKEY
1444332241574	0	lts_1008L_04_01	04	01	0	180	0	0	0	CR	MAX	64/26433387.thl.jpg	26433387.thl.jpg	NOKEY	MAX	NOKEY
1444332242494	0	lts_1008L_04_01	04	01	0	181	2	1	1	Hit	450	2-11/26379647.thl.jpg	26379647.thl.jpg	SPACE	486	SPACE
1444332245586	0	lts_1008L_04_01	04	01	0	182	0	0	0	CR	MAX	23041782.thl.jpg	23041782.thl.jpg	NOKEY	MAX	NOKEY
1444332247059	0	lts_1008L_04_01	04	01	0	183	128	1	1	Hit	988	128-6/26429123.thl.jpg	26429123.thl.jpg	SPACE	1036	SPACE
1444332250150	0	lts_1008L_04_01	04	01	0	184	0	0	0	CR	MAX	128/Acandle120.jpg	Acandle120.jpg	NOKEY	MAX	NOKEY
1444332253260	0	lts_1008L_04_01	04	01	0	185	0	0	0	CR	MAX	airbottle1.jpg	airbottle1.jpg	NOKEY	MAX	NOKEY
1444332256353	0	lts_1008L_04_01	04	01	0	186	0	0	0	CR	MAX	showercurtainsuchi.jpg	showercurtainsuchi.jpg	NOKEY	MAX	NOKEY
1444332257439	0	lts_1008L_04_01	04	01	0	187	64	1	1	Hit	607	64-first/A_teabag.jpg	A_teabag.jpg	SPACE	653	SPACE
1444332260532	0	lts_1008L_04_01	04	01	0	188	0	0	0	CR	MAX	Afloweredsan3.jpg	Afloweredsan3.jpg	NOKEY	MAX	NOKEY
1444332263625	0	lts_1008L_04_01	04	01	0	189	0	0	0	CR	MAX	1/ABREAD.jpg	ABREAD.jpg	NOKEY	MAX	NOKEY
1444332264544	0	lts_1008L_04_01	04	01	0	190	1	1	1	Hit	440	1-1/ABREAD.jpg	ABREAD.jpg	SPACE	485	SPACE
1444332267620	0	lts_1008L_04_01	04	01	0	191	0	0	0	CR	MAX	26383637.thl.jpg	26383637.thl.jpg	NOKEY	MAX	NOKEY
1444332270696	0	lts_1008L_04_01	04	01	0	192	0	0	0	CR	MAX	AFORKLIF2.jpg	AFORKLIF2.jpg	NOKEY	MAX	NOKEY
1444332273789	0	lts_1008L_04_01	04	01	0	193	0	0	0	CR	MAX	4/ASECCAME3.jpg	ASECCAME3.jpg	NOKEY	MAX	NOKEY
1444332276865	0	lts_1008L_04_01	04	01	0	194	0	0	0	CR	MAX	26464872.thl.jpg	26464872.thl.jpg	NOKEY	MAX	NOKEY
1444332279941	0	lts_1008L_04_01	04	01	0	195	0	0	0	CR	MAX	AOSTRICH2.jpg	AOSTRICH2.jpg	NOKEY	MAX	NOKEY
1444332283018	0	lts_1008L_04_01	04	01	0	196	0	0	0	CR	MAX	32/pajamas.jpg	pajamas.jpg	NOKEY	MAX	NOKEY
1444332284055	0	lts_1008L_04_01	04	01	0	197	4	1	1	Hit	559	4-11/ASECCAME3.jpg	ASECCAME3.jpg	SPACE	601	SPACE
1444332287130	0	lts_1008L_04_01	04	01	0	198	0	0	0	CR	MAX	ASHADES11.jpg	ASHADES11.jpg	NOKEY	MAX	NOKEY
1444332290223	0	lts_1008L_04_01	04	01	0	199	0	0	0	CR	MAX	8/8245419.thl.jpg	8245419.thl.jpg	NOKEY	MAX	NOKEY
1444332293315	0	lts_1008L_04_01	04	01	0	200	0	0	0	CR	MAX	Aegyptianst20.jpg	Aegyptianst20.jpg	NOKEY	MAX	NOKEY
1444332296391	0	lts_1008L_04_01	04	01	0	201	0	0	0	CR	MAX	4/APAPYRUS.jpg	APAPYRUS.jpg	NOKEY	MAX	NOKEY
1444332299484	0	lts_1008L_04_01	04	01	0	202	0	0	0	CR	MAX	AGRAINSI5.jpg	AGRAINSI5.jpg	NOKEY	MAX	NOKEY
1444332300454	0	lts_1008L_04_01	04	01	0	203	16	1	1	Hit	497	16-mul/A_teabag.jpg	A_teabag.jpg	SPACE	536	SPACE
1444332303530	0	lts_1008L_04_01	04	01	0	204	0	0	0	CR	MAX	APUTTER.jpg	APUTTER.jpg	NOKEY	MAX	NOKEY
1444332304499	0	lts_1008L_04_01	04	01	0	205	4	1	1	Hit	489	4-2/APAPYRUS.jpg	APAPYRUS.jpg	SPACE	536	SPACE
1444332307592	0	lts_1008L_04_01	04	01	0	206	0	0	0	CR	MAX	Alaundrybask5.jpg	Alaundrybask5.jpg	NOKEY	MAX	NOKEY
1444332308629	0	lts_1008L_04_01	04	01	0	207	8	1	1	Hit	551	8-first/8245419.thl.jpg	8245419.thl.jpg	SPACE	601	SPACE
1444332311722	0	lts_1008L_04_01	04	01	0	208	0	0	0	CR	MAX	Atoytaxi3.jpg	Atoytaxi3.jpg	NOKEY	MAX	NOKEY
1444332314814	0	lts_1008L_04_01	04	01	0	209	0	0	0	CR	MAX	AGLASSFL4.jpg	AGLASSFL4.jpg	NOKEY	MAX	NOKEY
1444332317890	0	lts_1008L_04_01	04	01	0	210	0	0	0	CR	MAX	ACHILDISH.jpg	ACHILDISH.jpg	NOKEY	MAX	NOKEY
1444332320966	0	lts_1008L_04_01	04	01	0	211	0	0	0	CR	MAX	ASMOKDE16.jpg	ASMOKDE16.jpg	NOKEY	MAX	NOKEY
1444332324060	0	lts_1008L_04_01	04	01	0	212	0	0	0	CR	MAX	ASTAMPS.jpg	ASTAMPS.jpg	NOKEY	MAX	NOKEY
1444332327152	0	lts_1008L_04_01	04	01	0	213	0	0	0	CR	MAX	Apedestal3.jpg	Apedestal3.jpg	NOKEY	MAX	NOKEY
1444332328188	0	lts_1008L_04_01	04	01	0	214	64	1	1	Hit	553	64-first/Aroadsignind3.jpg	Aroadsignind3.jpg	SPACE	602	SPACE
1444332331281	0	lts_1008L_04_01	04	01	0	215	0	0	0	CR	MAX	AVIOLINCO.jpg	AVIOLINCO.jpg	NOKEY	MAX	NOKEY
1444332334374	0	lts_1008L_04_01	04	01	0	216	0	0	0	CR	MAX	gascontainer.jpg	gascontainer.jpg	NOKEY	MAX	NOKEY
1444332337467	0	lts_1008L_04_01	04	01	0	217	0	0	0	CR	MAX	sportsbasket.jpg	sportsbasket.jpg	NOKEY	MAX	NOKEY
1444332338386	0	lts_1008L_04_01	04	01	0	218	4	1	1	Hit	442	4-mul/Aroadsignind3.jpg	Aroadsignind3.jpg	SPACE	485	SPACE
1444332341479	0	lts_1008L_04_01	04	01	0	219	0	0	0	CR	MAX	ACOFGRIN2.jpg	ACOFGRIN2.jpg	NOKEY	MAX	NOKEY
1444332344572	0	lts_1008L_04_01	04	01	0	220	0	0	0	CR	MAX	26439504.thl.jpg	26439504.thl.jpg	NOKEY	MAX	NOKEY
1444332347380	0	lts_1008L_04_01	04	01	0	221	0	0	1	FA	2308	32/AHOSPLIF2.jpg	AHOSPLIF2.jpg	SPACE	2357	NOKEY
1444332350473	0	lts_1008L_04_01	04	01	0	222	0	0	0	CR	MAX	Ashoeform2.jpg	Ashoeform2.jpg	NOKEY	MAX	NOKEY
1444332351443	0	lts_1008L_04_01	04	01	0	223	16	1	1	Hit	486	16-mul/8245419.thl.jpg	8245419.thl.jpg	SPACE	536	SPACE
1444332354535	0	lts_1008L_04_01	04	01	0	224	0	0	0	CR	MAX	Alifebuo3.jpg	Alifebuo3.jpg	NOKEY	MAX	NOKEY
1444332357611	0	lts_1008L_04_01	04	01	0	225	0	0	0	CR	MAX	ALOOFA.jpg	ALOOFA.jpg	NOKEY	MAX	NOKEY
1444332358631	0	lts_1008L_04_01	04	01	0	226	128	1	1	Hit	547	128-4/ACEDAR.jpg	ACEDAR.jpg	SPACE	585	SPACE
1444332361724	0	lts_1008L_04_01	04	01	0	227	0	0	0	CR	MAX	zip-a.jpg	zip-a.jpg	NOKEY	MAX	NOKEY
1444332362710	0	lts_1008L_04_01	04	01	0	228	32	1	1	Hit	513	32-6/pajamas.jpg	pajamas.jpg	SPACE	552	SPACE
1444332365820	0	lts_1008L_04_01	04	01	0	229	0	0	0	CR	MAX	ASTEAMER4.jpg	ASTEAMER4.jpg	NOKEY	MAX	NOKEY
1444332368913	0	lts_1008L_04_01	04	01	0	230	0	0	0	CR	MAX	ACROWNPEN.jpg	ACROWNPEN.jpg	NOKEY	MAX	NOKEY
1444332371989	0	lts_1008L_04_01	04	01	0	231	0	0	0	CR	MAX	ALUNCHBO3.jpg	ALUNCHBO3.jpg	NOKEY	MAX	NOKEY
1444332375066	0	lts_1008L_04_01	04	01	0	232	0	0	0	CR	MAX	8/Aknife76.jpg	Aknife76.jpg	NOKEY	MAX	NOKEY
1444332378141	0	lts_1008L_04_01	04	01	0	233	0	0	0	CR	MAX	ACOUNTING.jpg	ACOUNTING.jpg	NOKEY	MAX	NOKEY
1444332381233	0	lts_1008L_04_01	04	01	0	234	0	0	0	CR	MAX	Astackingtoy2.jpg	Astackingtoy2.jpg	NOKEY	MAX	NOKEY
1444332384326	0	lts_1008L_04_01	04	01	0	235	0	0	0	CR	MAX	1/ABUILDI12.jpg	ABUILDI12.jpg	NOKEY	MAX	NOKEY
1444332385262	0	lts_1008L_04_01	04	01	0	236	1	1	1	Hit	451	1-7/ABUILDI12.jpg	ABUILDI12.jpg	SPACE	501	SPACE
1444332388355	0	lts_1008L_04_01	04	01	0	237	0	0	0	CR	MAX	Astaplegun3.jpg	Astaplegun3.jpg	NOKEY	MAX	NOKEY
1444332391448	0	lts_1008L_04_01	04	01	0	238	0	0	0	CR	MAX	8/8079436.thl.jpg	8079436.thl.jpg	NOKEY	MAX	NOKEY
1444332394524	0	lts_1008L_04_01	04	01	0	239	0	0	0	CR	MAX	Acane116.jpg	Acane116.jpg	NOKEY	MAX	NOKEY
1444332395577	0	lts_1008L_04_01	04	01	0	240	8	1	1	Hit	574	8-0/Aknife76.jpg	Aknife76.jpg	SPACE	618	SPACE
1444332398670	0	lts_1008L_04_01	04	01	0	241	0	0	0	CR	MAX	Asaltgrinder.jpg	Asaltgrinder.jpg	NOKEY	MAX	NOKEY
1444332401763	0	lts_1008L_04_01	04	01	0	242	0	0	0	CR	MAX	16/APITCHE15.jpg	APITCHE15.jpg	NOKEY	MAX	NOKEY
1444332404856	0	lts_1008L_04_01	04	01	0	243	0	0	0	CR	MAX	Adog120.jpg	Adog120.jpg	NOKEY	MAX	NOKEY
1444332405942	0	lts_1008L_04_01	04	01	0	244	64	1	1	Hit	606	64-first/26433387.thl.jpg	26433387.thl.jpg	SPACE	652	SPACE
1444332409019	0	lts_1008L_04_01	04	01	0	245	0	0	0	CR	MAX	Astonehome.jpg	Astonehome.jpg	NOKEY	MAX	NOKEY
1444332410089	0	lts_1008L_04_01	04	01	0	246	8	1	1	Hit	600	8-2/8079436.thl.jpg	8079436.thl.jpg	SPACE	634	SPACE
1444332413164	0	lts_1008L_04_01	04	01	0	247	0	0	0	CR	MAX	Adriedleaf.jpg	Adriedleaf.jpg	NOKEY	MAX	NOKEY
1444332416240	0	lts_1008L_04_01	04	01	0	248	0	0	0	CR	MAX	ADOGLEAS2.jpg	ADOGLEAS2.jpg	NOKEY	MAX	NOKEY
1444332419333	0	lts_1008L_04_01	04	01	0	249	0	0	0	CR	MAX	AMUSISTA2.jpg	AMUSISTA2.jpg	NOKEY	MAX	NOKEY
1444332422426	0	lts_1008L_04_01	04	01	0	250	0	0	0	CR	MAX	AHEDGEHOG.jpg	AHEDGEHOG.jpg	NOKEY	MAX	NOKEY
1444332425519	0	lts_1008L_04_01	04	01	0	251	0	0	0	CR	MAX	Atool120.jpg	Atool120.jpg	NOKEY	MAX	NOKEY
1444332428611	0	lts_1008L_04_01	04	01	0	252	0	0	0	CR	MAX	64/D_dumpster.jpg	D_dumpster.jpg	NOKEY	MAX	NOKEY
1444332429664	0	lts_1008L_04_01	04	01	0	253	32	1	1	Hit	582	32-1/AHOSPLIF2.jpg	AHOSPLIF2.jpg	SPACE	618	SPACE
1444332432757	0	lts_1008L_04_01	04	01	0	254	0	0	0	CR	MAX	26424478.thl.jpg	26424478.thl.jpg	NOKEY	MAX	NOKEY
1444332435850	0	lts_1008L_04_01	04	01	0	255	0	0	0	CR	MAX	1/AHEADSET.jpg	AHEADSET.jpg	NOKEY	MAX	NOKEY
1444332436786	0	lts_1008L_04_01	04	01	0	256	1	1	1	Hit	466	1-5/AHEADSET.jpg	AHEADSET.jpg	SPACE	501	SPACE
1444332439879	0	lts_1008L_04_01	04	01	0	257	0	0	0	CR	MAX	Aroulette.jpg	Aroulette.jpg	NOKEY	MAX	NOKEY
1444332441050	0	lts_1008L_04_01	04	01	0	258	16	1	1	Hit	687	16-first/APITCHE15.jpg	APITCHE15.jpg	SPACE	735	SPACE
1444332444142	0	lts_1008L_04_01	04	01	0	259	0	0	0	CR	MAX	16/8058011.thl.jpg	8058011.thl.jpg	NOKEY	MAX	NOKEY
1444332445063	0	lts_1008L_04_01	04	01	0	260	16	1	1	Hit	436	16-mul/26433387.thl.jpg	26433387.thl.jpg	SPACE	484	SPACE
1444332448154	0	lts_1008L_04_01	04	01	0	261	0	0	0	CR	MAX	AKNIFE13.jpg	AKNIFE13.jpg	NOKEY	MAX	NOKEY
1444332449091	0	lts_1008L_04_01	04	01	0	262	4	1	1	Hit	465	4-mul/APITCHE15.jpg	APITCHE15.jpg	SPACE	501	SPACE
1444332452183	0	lts_1008L_04_01	04	01	0	263	0	0	0	CR	MAX	1/AANTSTO12.jpg	AANTSTO12.jpg	NOKEY	MAX	NOKEY
1444332453119	0	lts_1008L_04_01	04	01	0	264	1	1	1	Hit	460	1-2/AANTSTO12.jpg	AANTSTO12.jpg	SPACE	501	SPACE
1444332456195	0	lts_1008L_04_01	04	01	0	265	0	0	0	CR	MAX	2/ASALTPEPP.jpg	ASALTPEPP.jpg	NOKEY	MAX	NOKEY
1444332459271	0	lts_1008L_04_01	04	01	0	266	0	0	0	CR	MAX	Alintbrush2.jpg	Alintbrush2.jpg	NOKEY	MAX	NOKEY
1444332460224	0	lts_1008L_04_01	04	01	0	267	2	1	1	Hit	477	2-9/ASALTPEPP.jpg	ASALTPEPP.jpg	SPACE	518	SPACE
1444332463334	0	lts_1008L_04_01	04	01	0	268	0	0	0	CR	MAX	4/Astroboscope5.jpg	Astroboscope5.jpg	NOKEY	MAX	NOKEY
1444332466410	0	lts_1008L_04_01	04	01	0	269	0	0	0	CR	MAX	driedbananaslides.jpg	driedbananaslides.jpg	NOKEY	MAX	NOKEY
1444332467664	0	lts_1008L_04_01	04	01	0	270	128	1	1	Hit	774	128-5/26370704.thl.jpg	26370704.thl.jpg	SPACE	820	SPACE
1444332470757	0	lts_1008L_04_01	04	01	0	271	0	0	0	CR	MAX	Astadium.jpg	Astadium.jpg	NOKEY	MAX	NOKEY
1444332472378	0	lts_1008L_04_01	04	01	0	272	4	1	1	Hit	1147	4-0/Astroboscope5.jpg	Astroboscope5.jpg	SPACE	1187	SPACE
1444332475471	0	lts_1008L_04_01	04	01	0	273	0	0	0	CR	MAX	Aantiquemailb.jpg	Aantiquemailb.jpg	NOKEY	MAX	NOKEY
1444332478564	0	lts_1008L_04_01	04	01	0	274	0	0	0	CR	MAX	26420893.thl.jpg	26420893.thl.jpg	NOKEY	MAX	NOKEY
1444332479600	0	lts_1008L_04_01	04	01	0	275	16	1	1	Hit	555	16-first/8058011.thl.jpg	8058011.thl.jpg	SPACE	602	SPACE
1444332482693	0	lts_1008L_04_01	04	01	0	276	0	0	0	CR	MAX	32/AARTIFLE2.jpg	AARTIFLE2.jpg	NOKEY	MAX	NOKEY
1444332485786	0	lts_1008L_04_01	04	01	0	277	0	0	0	CR	MAX	4/8029703.thl.jpg	8029703.thl.jpg	NOKEY	MAX	NOKEY
1444332488878	0	lts_1008L_04_01	04	01	0	278	0	0	0	CR	MAX	Adracmask.jpg	Adracmask.jpg	NOKEY	MAX	NOKEY
1444332489815	0	lts_1008L_04_01	04	01	0	279	4	1	1	Hit	454	4-mul/8058011.thl.jpg	8058011.thl.jpg	SPACE	502	SPACE
1444332492907	0	lts_1008L_04_01	04	01	0	280	0	0	0	CR	MAX	Acardinal2.jpg	Acardinal2.jpg	NOKEY	MAX	NOKEY
1444332493844	0	lts_1008L_04_01	04	01	0	281	4	1	1	Hit	465	4-3/8029703.thl.jpg	8029703.thl.jpg	SPACE	501	SPACE
1444332496936	0	lts_1008L_04_01	04	01	0	282	0	0	0	CR	MAX	Abib2.jpg	Abib2.jpg	NOKEY	MAX	NOKEY
1444332500030	0	lts_1008L_04_01	04	01	0	283	0	0	0	CR	MAX	Abottleofchi2.jpg	Abottleofchi2.jpg	NOKEY	MAX	NOKEY
1444332503106	0	lts_1008L_04_01	04	01	0	284	0	0	0	CR	MAX	26429137.thl.jpg	26429137.thl.jpg	NOKEY	MAX	NOKEY
1444332506198	0	lts_1008L_04_01	04	01	0	285	0	0	0	CR	MAX	16/AINDIAMA3.jpg	AINDIAMA3.jpg	NOKEY	MAX	NOKEY
1444332509291	0	lts_1008L_04_01	04	01	0	286	0	0	0	CR	MAX	Ashelf27.jpg	Ashelf27.jpg	NOKEY	MAX	NOKEY
1444332510561	0	lts_1008L_04_01	04	01	0	287	128	1	1	Hit	796	128-3/ACOFFTRA2.jpg	ACOFFTRA2.jpg	SPACE	836	SPACE
1444332513654	0	lts_1008L_04_01	04	01	0	288	0	0	0	CR	MAX	1/batslcshi.jpg	batslcshi.jpg	NOKEY	MAX	NOKEY
1444332514524	0	lts_1008L_04_01	04	01	0	289	1	1	1	Hit	391	1-3/batslcshi.jpg	batslcshi.jpg	SPACE	435	SPACE
1444332517599	0	lts_1008L_04_01	04	01	0	290	0	0	0	CR	MAX	AFRYINGP2.jpg	AFRYINGP2.jpg	NOKEY	MAX	NOKEY
1444332520692	0	lts_1008L_04_01	04	01	0	291	0	0	0	CR	MAX	64/Akeg6.jpg	Akeg6.jpg	NOKEY	MAX	NOKEY
1444332523785	0	lts_1008L_04_01	04	01	0	292	0	0	0	CR	MAX	AOLDLIFE3.jpg	AOLDLIFE3.jpg	NOKEY	MAX	NOKEY
1444332526878	0	lts_1008L_04_01	04	01	0	293	0	0	0	CR	MAX	1/Atoyboxwithb2.jpg	Atoyboxwithb2.jpg	NOKEY	MAX	NOKEY
1444332527747	0	lts_1008L_04_01	04	01	0	294	1	1	1	Hit	388	1-8/Atoyboxwithb2.jpg	Atoyboxwithb2.jpg	SPACE	435	SPACE
1444332530840	0	lts_1008L_04_01	04	01	0	295	0	0	0	CR	MAX	4/AMECHSOCK.jpg	AMECHSOCK.jpg	NOKEY	MAX	NOKEY
1444332531843	0	lts_1008L_04_01	04	01	0	296	128	1	1	Hit	527	128-1/26427950.thl.jpg	26427950.thl.jpg	SPACE	569	SPACE
1444332534936	0	lts_1008L_04_01	04	01	0	297	0	0	0	CR	MAX	26373362.thl.jpg	26373362.thl.jpg	NOKEY	MAX	NOKEY
1444332538029	0	lts_1008L_04_01	04	01	0	298	0	0	0	CR	MAX	8/Atwowayradio2.jpg	Atwowayradio2.jpg	NOKEY	MAX	NOKEY
1444332539032	0	lts_1008L_04_01	04	01	0	299	4	1	1	Hit	528	4-8/AMECHSOCK.jpg	AMECHSOCK.jpg	SPACE	567	SPACE
1444332542124	0	lts_1008L_04_01	04	01	0	300	0	0	0	CR	MAX	APOWEDCAS.jpg	APOWEDCAS.jpg	NOKEY	MAX	NOKEY
1444332543294	0	lts_1008L_04_01	04	01	0	301	16	1	1	Hit	692	16-0/AINDIAMA3.jpg	AINDIAMA3.jpg	SPACE	735	SPACE
1444332546387	0	lts_1008L_04_01	04	01	0	302	0	0	0	CR	MAX	Aruler12.jpg	Aruler12.jpg	NOKEY	MAX	NOKEY
1444332549497	0	lts_1008L_04_01	04	01	0	303	0	0	0	CR	MAX	26428682.thl.jpg	26428682.thl.jpg	NOKEY	MAX	NOKEY
1444332552573	0	lts_1008L_04_01	04	01	0	304	0	0	0	CR	MAX	64/AHEATDUCT.jpg	AHEATDUCT.jpg	NOKEY	MAX	NOKEY
1444332555665	0	lts_1008L_04_01	04	01	0	305	0	0	0	CR	MAX	22824636.thl.jpg	22824636.thl.jpg	NOKEY	MAX	NOKEY
1444332556702	0	lts_1008L_04_01	04	01	0	306	8	1	1	Hit	557	8-first/Atwowayradio2.jpg	Atwowayradio2.jpg	SPACE	602	SPACE
1444332559795	0	lts_1008L_04_01	04	01	0	307	0	0	0	CR	MAX	26424075.thl.jpg	26424075.thl.jpg	NOKEY	MAX	NOKEY
1444332560781	0	lts_1008L_04_01	04	01	0	308	32	1	1	Hit	501	32-2/AARTIFLE2.jpg	AARTIFLE2.jpg	SPACE	552	SPACE
1444332563874	0	lts_1008L_04_01	04	01	0	309	0	0	0	CR	MAX	16/AFIRSTA15.jpg	AFIRSTA15.jpg	NOKEY	MAX	NOKEY
1444332564777	0	lts_1008L_04_01	04	01	0	310	4	1	1	Hit	424	4-mul/Atwowayradio2.jpg	Atwowayradio2.jpg	SPACE	468	SPACE
1444332567869	0	lts_1008L_04_01	04	01	0	311	0	0	0	CR	MAX	Afoodproces22.jpg	Afoodproces22.jpg	NOKEY	MAX	NOKEY
1444332568939	0	lts_1008L_04_01	04	01	0	312	128	1	1	Hit	591	128-2/Acandle120.jpg	Acandle120.jpg	SPACE	635	SPACE
1444332572016	0	lts_1008L_04_01	04	01	0	313	0	0	0	CR	MAX	26386846.thl.jpg	26386846.thl.jpg	NOKEY	MAX	NOKEY
1444332575092	0	lts_1008L_04_01	04	01	0	314	0	0	0	CR	MAX	26374135.thl.jpg	26374135.thl.jpg	NOKEY	MAX	NOKEY
1444332578167	0	lts_1008L_04_01	04	01	0	315	0	0	0	CR	MAX	ABELLTRE2.jpg	ABELLTRE2.jpg	NOKEY	MAX	NOKEY
1444332581243	0	lts_1008L_04_01	04	01	0	316	64	1	0	Miss	MAX	64-first/D_dumpster.jpg	D_dumpster.jpg	NOKEY	MAX	SPACE
1444332584319	0	lts_1008L_04_01	04	01	0	317	0	0	0	CR	MAX	Apump4.jpg	Apump4.jpg	NOKEY	MAX	NOKEY
1444332585272	0	lts_1008L_04_01	04	01	0	318	2	1	1	Hit	471	2-mul/D_dumpster.jpg	D_dumpster.jpg	SPACE	518	SPACE
1444332588365	0	lts_1008L_04_01	04	01	0	319	0	0	0	CR	MAX	8/Areindeertoy4.jpg	Areindeertoy4.jpg	NOKEY	MAX	NOKEY
1444332591458	0	lts_1008L_04_01	04	01	0	320	0	0	0	CR	MAX	2/AGIFTBOX8.jpg	AGIFTBOX8.jpg	NOKEY	MAX	NOKEY
1444332594551	0	lts_1008L_04_01	04	01	0	321	0	0	0	CR	MAX	16/Abasketofbrea.jpg	Abasketofbrea.jpg	NOKEY	MAX	NOKEY
1444332595537	0	lts_1008L_04_01	04	01	0	322	2	1	1	Hit	506	2-1/AGIFTBOX8.jpg	AGIFTBOX8.jpg	SPACE	552	SPACE
1444332598630	0	lts_1008L_04_01	04	01	0	323	0	0	0	CR	MAX	Ababseat2.jpg	Ababseat2.jpg	NOKEY	MAX	NOKEY
1444332601723	0	lts_1008L_04_01	04	01	0	324	0	0	0	CR	MAX	APAGODAMO.jpg	APAGODAMO.jpg	NOKEY	MAX	NOKEY
1444332603061	0	lts_1008L_04_01	04	01	0	325	16	1	1	Hit	855	16-first/AFIRSTA15.jpg	AFIRSTA15.jpg	SPACE	903	SPACE
1444332606136	0	lts_1008L_04_01	04	01	0	326	0	0	0	CR	MAX	ANAILFILE.jpg	ANAILFILE.jpg	NOKEY	MAX	NOKEY
1444332607107	0	lts_1008L_04_01	04	01	0	327	8	1	1	Hit	490	8-first/Areindeertoy4.jpg	Areindeertoy4.jpg	SPACE	535	SPACE
1444332610182	0	lts_1008L_04_01	04	01	0	328	0	0	0	CR	MAX	ABORKEHOR.jpg	ABORKEHOR.jpg	NOKEY	MAX	NOKEY
1444332611086	0	lts_1008L_04_01	04	01	0	329	4	1	1	Hit	419	4-mul/AFIRSTA15.jpg	AFIRSTA15.jpg	SPACE	468	SPACE
1444332613525	0	lts_1008L_04_01	04	01	0	330	0	0	1	FA	1951	APILL.jpg	APILL.jpg	SPACE	1990	NOKEY
1444332616601	0	lts_1008L_04_01	04	01	0	331	0	0	0	CR	MAX	ACAPTAIN9.jpg	ACAPTAIN9.jpg	NOKEY	MAX	NOKEY
1444332619677	0	lts_1008L_04_01	04	01	0	332	0	0	0	CR	MAX	AARCCHAR2.jpg	AARCCHAR2.jpg	NOKEY	MAX	NOKEY
1444332622770	0	lts_1008L_04_01	04	01	0	333	0	0	0	CR	MAX	1/22855404.thl.jpg	22855404.thl.jpg	NOKEY	MAX	NOKEY
1444332623673	0	lts_1008L_04_01	04	01	0	334	1	1	1	Hit	433	1-10/22855404.thl.jpg	22855404.thl.jpg	SPACE	468	SPACE
1444332626749	0	lts_1008L_04_01	04	01	0	335	0	0	0	CR	MAX	ABABYCUP3.jpg	ABABYCUP3.jpg	NOKEY	MAX	NOKEY
1444332629858	0	lts_1008L_04_01	04	01	0	336	0	0	0	CR	MAX	Aowl8.jpg	Aowl8.jpg	NOKEY	MAX	NOKEY
1444332630828	0	lts_1008L_04_01	04	01	0	337	16	1	1	Hit	495	16-first/Abasketofbrea.jpg	Abasketofbrea.jpg	SPACE	535	SPACE
1444332633921	0	lts_1008L_04_01	04	01	0	338	0	0	0	CR	MAX	22924880.thl.jpg	22924880.thl.jpg	NOKEY	MAX	NOKEY
1444332634840	0	lts_1008L_04_01	04	01	0	339	2	1	1	Hit	446	2-mul/Abasketofbrea.jpg	Abasketofbrea.jpg	SPACE	485	SPACE
1444332637933	0	lts_1008L_04_01	04	01	0	340	0	0	0	CR	MAX	AMUSIHORN.jpg	AMUSIHORN.jpg	NOKEY	MAX	NOKEY
1444332641027	0	lts_1008L_04_01	04	01	0	341	0	0	0	CR	MAX	8256530.thl.jpg	8256530.thl.jpg	NOKEY	MAX	NOKEY
1444332644103	0	lts_1008L_04_01	04	01	0	342	0	0	0	CR	MAX	ATOOL9.jpg	ATOOL9.jpg	NOKEY	MAX	NOKEY
1444332645039	0	lts_1008L_04_01	04	01	0	343	16	1	1	Hit	451	16-mul/Areindeertoy4.jpg	Areindeertoy4.jpg	SPACE	502	SPACE
1444332648114	0	lts_1008L_04_01	04	01	0	344	0	0	0	CR	MAX	4/APANTRAC2.jpg	APANTRAC2.jpg	NOKEY	MAX	NOKEY
1444332651190	0	lts_1008L_04_01	04	01	0	345	0	0	0	CR	MAX	ASCREW7.jpg	ASCREW7.jpg	NOKEY	MAX	NOKEY
1444332654283	0	lts_1008L_04_01	04	01	0	346	0	0	0	CR	MAX	AMINCOLLE.jpg	AMINCOLLE.jpg	NOKEY	MAX	NOKEY
1444332657359	0	lts_1008L_04_01	04	01	0	347	0	0	0	CR	MAX	APILLS9.jpg	APILLS9.jpg	NOKEY	MAX	NOKEY
1444332658329	0	lts_1008L_04_01	04	01	0	348	4	1	1	Hit	484	4-12/APANTRAC2.jpg	APANTRAC2.jpg	SPACE	535	SPACE
1444332661421	0	lts_1008L_04_01	04	01	0	349	0	0	0	CR	MAX	4/Acheque.jpg	Acheque.jpg	NOKEY	MAX	NOKEY
1444332664531	0	lts_1008L_04_01	04	01	0	350	0	0	0	CR	MAX	womanpants.jpg	womanpants.jpg	NOKEY	MAX	NOKEY
1444332667624	0	lts_1008L_04_01	04	01	0	351	0	0	0	CR	MAX	ABLAKPOT3.jpg	ABLAKPOT3.jpg	NOKEY	MAX	NOKEY
1444332670716	0	lts_1008L_04_01	04	01	0	352	0	0	0	CR	MAX	Asoundmixer2.jpg	Asoundmixer2.jpg	NOKEY	MAX	NOKEY
1444332671770	0	lts_1008L_04_01	04	01	0	353	4	1	1	Hit	580	4-7/Acheque.jpg	Acheque.jpg	SPACE	618	SPACE
1444332674862	0	lts_1008L_04_01	04	01	0	354	0	0	0	CR	MAX	Aleopard19.jpg	Aleopard19.jpg	NOKEY	MAX	NOKEY
1444332677905	0	lts_1008L_04_01	04	01	0	355	64	1	1	Hit	2568	64-first/Akeg6.jpg	Akeg6.jpg	SPACE	2608	SPACE
1444332680998	0	lts_1008L_04_01	04	01	0	356	0	0	0	CR	MAX	8/AGREENPEP.jpg	AGREENPEP.jpg	NOKEY	MAX	NOKEY
1444332684092	0	lts_1008L_04_01	04	01	0	357	0	0	0	CR	MAX	Athermos7.jpg	Athermos7.jpg	NOKEY	MAX	NOKEY
1444332687167	0	lts_1008L_04_01	04	01	0	358	0	0	0	CR	MAX	FJVWL.jpg	FJVWL.jpg	NOKEY	MAX	NOKEY
1444332688054	0	lts_1008L_04_01	04	01	0	359	4	1	1	Hit	407	4-mul/Akeg6.jpg	Akeg6.jpg	SPACE	451	SPACE
1444332691145	0	lts_1008L_04_01	04	01	0	360	0	0	0	CR	MAX	AMAGGLASS.jpg	AMAGGLASS.jpg	NOKEY	MAX	NOKEY
1444332694238	0	lts_1008L_04_01	04	01	0	361	0	0	0	CR	MAX	AWHISBARR.jpg	AWHISBARR.jpg	NOKEY	MAX	NOKEY
1444332697314	0	lts_1008L_04_01	04	01	0	362	0	0	0	CR	MAX	ADECOSPO4.jpg	ADECOSPO4.jpg	NOKEY	MAX	NOKEY
1444332700407	0	lts_1008L_04_01	04	01	0	363	0	0	0	CR	MAX	26374899.thl.jpg	26374899.thl.jpg	NOKEY	MAX	NOKEY
1444332701377	0	lts_1008L_04_01	04	01	0	364	8	1	1	Hit	485	8-first/AGREENPEP.jpg	AGREENPEP.jpg	SPACE	535	SPACE
1444332704469	0	lts_1008L_04_01	04	01	0	365	0	0	0	CR	MAX	AGOAT10.jpg	AGOAT10.jpg	NOKEY	MAX	NOKEY
1444332705355	0	lts_1008L_04_01	04	01	0	366	2	1	1	Hit	407	2-mul/AGREENPEP.jpg	AGREENPEP.jpg	SPACE	451	SPACE
1444332708448	0	lts_1008L_04_01	04	01	0	367	0	0	0	CR	MAX	26451168.thl.jpg	26451168.thl.jpg	NOKEY	MAX	NOKEY
1444332709451	0	lts_1008L_04_01	04	01	0	368	64	1	1	Hit	530	64-first/AHEATDUCT.jpg	AHEATDUCT.jpg	SPACE	569	SPACE
1444332712611	0	lts_1008L_04_01	04	01	0	369	0	0	0	CR	MAX	8250565.thl.jpg	8250565.thl.jpg	NOKEY	MAX	NOKEY
1444332713530	0	lts_1008L_04_01	04	01	0	370	2	1	1	Hit	440	2-mul/AHEATDUCT.jpg	AHEATDUCT.jpg	SPACE	485	SPACE
1444332716606	0	lts_1008L_04_01	04	01	0	371	0	0	0	CR	MAX	2/26425112.thl.jpg	26425112.thl.jpg	NOKEY	MAX	NOKEY
1444332719699	0	lts_1008L_04_01	04	01	0	372	0	0	0	CR	MAX	4/AWALKMAN2.jpg	AWALKMAN2.jpg	NOKEY	MAX	NOKEY
1444332720719	0	lts_1008L_04_01	04	01	0	373	2	1	1	Hit	538	2-13/26425112.thl.jpg	26425112.thl.jpg	SPACE	585	SPACE
1444332723812	0	lts_1008L_04_01	04	01	0	374	0	0	0	CR	MAX	23077768.thl.jpg	23077768.thl.jpg	NOKEY	MAX	NOKEY
1444332726904	0	lts_1008L_04_01	04	01	0	375	0	0	0	CR	MAX	ALAMP.jpg	ALAMP.jpg	NOKEY	MAX	NOKEY
1444332727824	0	lts_1008L_04_01	04	01	0	376	4	1	1	Hit	439	4-1/AWALKMAN2.jpg	AWALKMAN2.jpg	SPACE	485	SPACE
1444332730917	0	lts_1008L_04_01	04	01	0	377	0	0	0	CR	MAX	16/26431471.thl.jpg	26431471.thl.jpg	NOKEY	MAX	NOKEY
1444332734010	0	lts_1008L_04_01	04	01	0	378	0	0	0	CR	MAX	ASHINPAD3.jpg	ASHINPAD3.jpg	NOKEY	MAX	NOKEY
1444332737087	0	lts_1008L_04_01	04	01	0	379	0	0	0	CR	MAX	ASKIHOLD.jpg	ASKIHOLD.jpg	NOKEY	MAX	NOKEY
1444332740162	0	lts_1008L_04_01	04	01	0	380	0	0	0	CR	MAX	tuba1.jpg	tuba1.jpg	NOKEY	MAX	NOKEY
1444332743321	0	lts_1008L_04_01	04	01	0	381	0	0	0	CR	MAX	ARECORDC2.jpg	ARECORDC2.jpg	NOKEY	MAX	NOKEY
1444332746397	0	lts_1008L_04_01	04	01	0	382	0	0	0	CR	MAX	donaldduck.jpg	donaldduck.jpg	NOKEY	MAX	NOKEY
1444332749473	0	lts_1008L_04_01	04	01	0	383	0	0	0	CR	MAX	8/Atrowel42.jpg	Atrowel42.jpg	NOKEY	MAX	NOKEY
1444332752566	0	lts_1008L_04_01	04	01	0	384	0	0	0	CR	MAX	Ahippopotamu4.jpg	Ahippopotamu4.jpg	NOKEY	MAX	NOKEY
1444332755659	0	lts_1008L_04_01	04	01	0	385	0	0	0	CR	MAX	16/Aservicedesk.jpg	Aservicedesk.jpg	NOKEY	MAX	NOKEY
1444332758752	0	lts_1008L_04_01	04	01	0	386	0	0	0	CR	MAX	23025535.thl.jpg	23025535.thl.jpg	NOKEY	MAX	NOKEY
1444332761844	0	lts_1008L_04_01	04	01	0	387	0	0	0	CR	MAX	8248852.thl.jpg	8248852.thl.jpg	NOKEY	MAX	NOKEY
1444332764920	0	lts_1008L_04_01	04	01	0	388	0	0	0	CR	MAX	ATOWRACK3.jpg	ATOWRACK3.jpg	NOKEY	MAX	NOKEY
1444332768014	0	lts_1008L_04_01	04	01	0	389	0	0	0	CR	MAX	Avideocamera2.jpg	Avideocamera2.jpg	NOKEY	MAX	NOKEY
1444332771107	0	lts_1008L_04_01	04	01	0	390	0	0	0	CR	MAX	AMAGNIFL2.jpg	AMAGNIFL2.jpg	NOKEY	MAX	NOKEY
1444332772159	0	lts_1008L_04_01	04	01	0	391	8	1	1	Hit	583	8-first/Atrowel42.jpg	Atrowel42.jpg	SPACE	618	SPACE
1444332775252	0	lts_1008L_04_01	04	01	0	392	0	0	0	CR	MAX	ASTREESW2.jpg	ASTREESW2.jpg	NOKEY	MAX	NOKEY
1444332776372	0	lts_1008L_04_01	04	01	0	393	16	1	1	Hit	645	16-first/26431471.thl.jpg	26431471.thl.jpg	SPACE	686	SPACE
1444332779465	0	lts_1008L_04_01	04	01	0	394	0	0	0	CR	MAX	Achrisd25.jpg	Achrisd25.jpg	NOKEY	MAX	NOKEY
1444332780301	0	lts_1008L_04_01	04	01	0	395	2	1	1	Hit	355	2-mul/26431471.thl.jpg	26431471.thl.jpg	SPACE	402	SPACE
1444332783393	0	lts_1008L_04_01	04	01	0	396	0	0	0	CR	MAX	Awindmill4.jpg	Awindmill4.jpg	NOKEY	MAX	NOKEY
1444332786486	0	lts_1008L_04_01	04	01	0	397	0	0	0	CR	MAX	8052266.thl.jpg	8052266.thl.jpg	NOKEY	MAX	NOKEY
1444332789579	0	lts_1008L_04_01	04	01	0	398	0	0	0	CR	MAX	for28524.jpg	for28524.jpg	NOKEY	MAX	NOKEY
1444332792672	0	lts_1008L_04_01	04	01	0	399	0	0	0	CR	MAX	ACAFLATT3.jpg	ACAFLATT3.jpg	NOKEY	MAX	NOKEY
1444332795748	0	lts_1008L_04_01	04	01	0	400	0	0	0	CR	MAX	blueberriespack.jpg	blueberriespack.jpg	NOKEY	MAX	NOKEY
1444332796768	0	lts_1008L_04_01	04	01	0	401	16	1	1	Hit	548	16-1/Aservicedesk.jpg	Aservicedesk.jpg	SPACE	585	SPACE
1444332799860	0	lts_1008L_04_01	04	01	0	402	0	0	0	CR	MAX	ABALLYAR4.jpg	ABALLYAR4.jpg	NOKEY	MAX	NOKEY
1444332802936	0	lts_1008L_04_01	04	01	0	403	0	0	0	CR	MAX	DSCN1248-sm.jpg	DSCN1248-sm.jpg	NOKEY	MAX	NOKEY
1444332806030	0	lts_1008L_04_01	04	01	0	404	0	0	0	CR	MAX	ATOWER3.jpg	ATOWER3.jpg	NOKEY	MAX	NOKEY
1444332809122	0	lts_1008L_04_01	04	01	0	405	0	0	0	CR	MAX	ADENTOOL.jpg	ADENTOOL.jpg	NOKEY	MAX	NOKEY
1444332812215	0	lts_1008L_04_01	04	01	0	406	0	0	0	CR	MAX	Apercussion16.jpg	Apercussion16.jpg	NOKEY	MAX	NOKEY
1444332813168	0	lts_1008L_04_01	04	01	0	407	16	1	1	Hit	475	16-mul/Atrowel42.jpg	Atrowel42.jpg	SPACE	519	SPACE
1444332816260	0	lts_1008L_04_01	04	01	0	408	0	0	0	CR	MAX	8/22908308.thl.jpg	22908308.thl.jpg	NOKEY	MAX	NOKEY
1444332819353	0	lts_1008L_04_01	04	01	0	409	0	0	0	CR	MAX	2/Adeer20.jpg	Adeer20.jpg	NOKEY	MAX	NOKEY
1444332822463	0	lts_1008L_04_01	04	01	0	410	0	0	0	CR	MAX	32/ABROOM11.jpg	ABROOM11.jpg	NOKEY	MAX	NOKEY
1444332823332	0	lts_1008L_04_01	04	01	0	411	2	1	1	Hit	396	2-10/Adeer20.jpg	Adeer20.jpg	SPACE	435	SPACE
1444332826408	0	lts_1008L_04_01	04	01	0	412	0	0	0	CR	MAX	8027086.thl.jpg	8027086.thl.jpg	NOKEY	MAX	NOKEY
1444332829501	0	lts_1008L_04_01	04	01	0	413	0	0	0	CR	MAX	AHUNTVES2.jpg	AHUNTVES2.jpg	NOKEY	MAX	NOKEY
1444332832594	0	lts_1008L_04_01	04	01	0	414	0	0	0	CR	MAX	8/workbench.jpg	workbench.jpg	NOKEY	MAX	NOKEY
1444332835686	0	lts_1008L_04_01	04	01	0	415	0	0	0	CR	MAX	paintbrush03.jpg	paintbrush03.jpg	NOKEY	MAX	NOKEY
1444332836639	0	lts_1008L_04_01	04	01	0	416	8	1	1	Hit	474	8-first/22908308.thl.jpg	22908308.thl.jpg	SPACE	518	SPACE
1444332839732	0	lts_1008L_04_01	04	01	0	417	0	0	0	CR	MAX	sandcastle.jpg	sandcastle.jpg	NOKEY	MAX	NOKEY
1444332842808	0	lts_1008L_04_01	04	01	0	418	0	0	0	CR	MAX	sprinkler.jpg	sprinkler.jpg	NOKEY	MAX	NOKEY
1444332845884	0	lts_1008L_04_01	04	01	0	419	0	0	0	CR	MAX	ABLLIGHTB.jpg	ABLLIGHTB.jpg	NOKEY	MAX	NOKEY
1444332846787	0	lts_1008L_04_01	04	01	0	420	4	1	1	Hit	434	4-mul/22908308.thl.jpg	22908308.thl.jpg	SPACE	468	SPACE
1444332849863	0	lts_1008L_04_01	04	01	0	421	0	0	0	CR	MAX	ACHINCHI4.jpg	ACHINCHI4.jpg	NOKEY	MAX	NOKEY
1444332850849	0	lts_1008L_04_01	04	01	0	422	8	1	1	Hit	501	8-first/workbench.jpg	workbench.jpg	SPACE	552	SPACE
1444332853925	0	lts_1008L_04_01	04	01	0	423	0	0	0	CR	MAX	AWALKTA25.jpg	AWALKTA25.jpg	NOKEY	MAX	NOKEY
1444332854795	0	lts_1008L_04_01	04	01	0	424	2	1	1	Hit	395	2-mul/workbench.jpg	workbench.jpg	SPACE	434	SPACE
1444332857871	0	lts_1008L_04_01	04	01	0	425	0	0	0	CR	MAX	22896812.thl.jpg	22896812.thl.jpg	NOKEY	MAX	NOKEY
1444332860963	0	lts_1008L_04_01	04	01	0	426	0	0	0	CR	MAX	8/erasergum.jpg	erasergum.jpg	NOKEY	MAX	NOKEY
1444332864040	0	lts_1008L_04_01	04	01	0	427	0	0	0	CR	MAX	8079080.thl.jpg	8079080.thl.jpg	NOKEY	MAX	NOKEY
1444332867132	0	lts_1008L_04_01	04	01	0	428	0	0	0	CR	MAX	2/AORIENBOW.jpg	AORIENBOW.jpg	NOKEY	MAX	NOKEY
1444332870225	0	lts_1008L_04_01	04	01	0	429	0	0	0	CR	MAX	Ataco.jpg	Ataco.jpg	NOKEY	MAX	NOKEY
1444332871145	0	lts_1008L_04_01	04	01	0	430	2	1	1	Hit	441	2-7/AORIENBOW.jpg	AORIENBOW.jpg	SPACE	484	SPACE
1444332874221	0	lts_1008L_04_01	04	01	0	431	0	0	0	CR	MAX	AANTIQTHE.jpg	AANTIQTHE.jpg	NOKEY	MAX	NOKEY
1444332877313	0	lts_1008L_04_01	04	01	0	432	0	0	0	CR	MAX	radish.jpg	radish.jpg	NOKEY	MAX	NOKEY
1444332880406	0	lts_1008L_04_01	04	01	0	433	0	0	0	CR	MAX	Atray26.jpg	Atray26.jpg	NOKEY	MAX	NOKEY
1444332881426	0	lts_1008L_04_01	04	01	0	434	8	1	1	Hit	548	8-first/erasergum.jpg	erasergum.jpg	SPACE	586	SPACE
1444332884502	0	lts_1008L_04_01	04	01	0	435	0	0	0	CR	MAX	26377183.thl.jpg	26377183.thl.jpg	NOKEY	MAX	NOKEY
1444332885405	0	lts_1008L_04_01	04	01	0	436	2	1	1	Hit	433	2-mul/erasergum.jpg	erasergum.jpg	SPACE	469	SPACE
1444332888497	0	lts_1008L_04_01	04	01	0	437	0	0	0	CR	MAX	AEXERCBIK.jpg	AEXERCBIK.jpg	NOKEY	MAX	NOKEY
1444332891590	0	lts_1008L_04_01	04	01	0	438	0	0	0	CR	MAX	1/ASHRIMP3.jpg	ASHRIMP3.jpg	NOKEY	MAX	NOKEY
1444332892560	0	lts_1008L_04_01	04	01	0	439	1	1	1	Hit	490	1-4/ASHRIMP3.jpg	ASHRIMP3.jpg	SPACE	535	SPACE
1444332895653	0	lts_1008L_04_01	04	01	0	440	0	0	0	CR	MAX	Alobster10.jpg	Alobster10.jpg	NOKEY	MAX	NOKEY
1444332898745	0	lts_1008L_04_01	04	01	0	441	0	0	0	CR	MAX	AMOUSWHEE.jpg	AMOUSWHEE.jpg	NOKEY	MAX	NOKEY
1444332899732	0	lts_1008L_04_01	04	01	0	442	32	1	1	Hit	510	32-0/ABROOM11.jpg	ABROOM11.jpg	SPACE	551	SPACE
1444332902808	0	lts_1008L_04_01	04	01	0	443	0	0	0	CR	MAX	2/ABAGFLOU3.jpg	ABAGFLOU3.jpg	NOKEY	MAX	NOKEY
1444332905901	0	lts_1008L_04_01	04	01	0	444	0	0	0	CR	MAX	4/AMEDCONTA.jpg	AMEDCONTA.jpg	NOKEY	MAX	NOKEY
1444332906887	0	lts_1008L_04_01	04	01	0	445	2	1	1	Hit	502	2-5/ABAGFLOU3.jpg	ABAGFLOU3.jpg	SPACE	552	SPACE
1444332909980	0	lts_1008L_04_01	04	01	0	446	0	0	0	CR	MAX	AEARING49.jpg	AEARING49.jpg	NOKEY	MAX	NOKEY
1444332913057	0	lts_1008L_04_01	04	01	0	447	0	0	0	CR	MAX	22857516.thl.jpg	22857516.thl.jpg	NOKEY	MAX	NOKEY
1444332913992	0	lts_1008L_04_01	04	01	0	448	4	1	1	Hit	453	4-10/AMEDCONTA.jpg	AMEDCONTA.jpg	SPACE	501	SPACE
1444332917086	0	lts_1008L_04_01	04	01	0	449	0	0	0	CR	MAX	piece.jpg	piece.jpg	NOKEY	MAX	NOKEY
1444332954917	0	lts_1008L_04_01	04	01	1	0	0	0	0	CR	MAX	ACHERRY.jpg	ACHERRY.jpg	NOKEY	MAX	NOKEY
1444332958010	0	lts_1008L_04_01	04	01	1	1	0	0	0	CR	MAX	surfboard.JPG	surfboard.JPG	NOKEY	MAX	NOKEY
1444332961087	0	lts_1008L_04_01	04	01	1	2	0	0	0	CR	MAX	cough_medicine.jpg	cough_medicine.jpg	NOKEY	MAX	NOKEY
1444332964178	0	lts_1008L_04_01	04	01	1	3	0	0	0	CR	MAX	4/Apeanut3.jpg	Apeanut3.jpg	NOKEY	MAX	NOKEY
1444332967254	0	lts_1008L_04_01	04	01	1	4	0	0	0	CR	MAX	AGRATER.jpg	AGRATER.jpg	NOKEY	MAX	NOKEY
1444332970347	0	lts_1008L_04_01	04	01	1	5	0	0	0	CR	MAX	Aacarthatsbe2.jpg	Aacarthatsbe2.jpg	NOKEY	MAX	NOKEY
1444332973423	0	lts_1008L_04_01	04	01	1	6	0	0	0	CR	MAX	Asword138.jpg	Asword138.jpg	NOKEY	MAX	NOKEY
1444332974811	0	lts_1008L_04_01	04	01	1	7	4	1	1	Hit	903	4-2/Apeanut3.jpg	Apeanut3.jpg	SPACE	952	SPACE
1444332977887	0	lts_1008L_04_01	04	01	1	8	0	0	0	CR	MAX	ADANGEAR5.jpg	ADANGEAR5.jpg	NOKEY	MAX	NOKEY
1444332980963	0	lts_1008L_04_01	04	01	1	9	0	0	0	CR	MAX	1/AGUIRO.jpg	AGUIRO.jpg	NOKEY	MAX	NOKEY
1444332981849	0	lts_1008L_04_01	04	01	1	10	1	1	1	Hit	402	1-12/AGUIRO.jpg	AGUIRO.jpg	SPACE	452	SPACE
1444332984942	0	lts_1008L_04_01	04	01	1	11	0	0	0	CR	MAX	26374798.thl.jpg	26374798.thl.jpg	NOKEY	MAX	NOKEY
1444332988019	0	lts_1008L_04_01	04	01	1	12	0	0	0	CR	MAX	128/AWINTGLO3.jpg	AWINTGLO3.jpg	NOKEY	MAX	NOKEY
1444332991110	0	lts_1008L_04_01	04	01	1	13	0	0	0	CR	MAX	Acannedaspa10.jpg	Acannedaspa10.jpg	NOKEY	MAX	NOKEY
1444332994186	0	lts_1008L_04_01	04	01	1	14	0	0	0	CR	MAX	4/26390189.thl.jpg	26390189.thl.jpg	NOKEY	MAX	NOKEY
1444332997279	0	lts_1008L_04_01	04	01	1	15	0	0	0	CR	MAX	8/Astrawberryde.jpg	Astrawberryde.jpg	NOKEY	MAX	NOKEY
1444333000355	0	lts_1008L_04_01	04	01	1	16	0	0	0	CR	MAX	ATHERMO12.jpg	ATHERMO12.jpg	NOKEY	MAX	NOKEY
1444333003431	0	lts_1008L_04_01	04	01	1	17	0	0	0	CR	MAX	Ataperecorde4.jpg	Ataperecorde4.jpg	NOKEY	MAX	NOKEY
1444333004384	0	lts_1008L_04_01	04	01	1	18	4	1	1	Hit	470	4-6/26390189.thl.jpg	26390189.thl.jpg	SPACE	518	SPACE
1444333007510	0	lts_1008L_04_01	04	01	1	19	0	0	0	CR	MAX	Awoodenegg.jpg	Awoodenegg.jpg	NOKEY	MAX	NOKEY
1444333010603	0	lts_1008L_04_01	04	01	1	20	0	0	0	CR	MAX	Ablossom.jpg	Ablossom.jpg	NOKEY	MAX	NOKEY
1444333013696	0	lts_1008L_04_01	04	01	1	21	0	0	0	CR	MAX	ALIQBOOK.jpg	ALIQBOOK.jpg	NOKEY	MAX	NOKEY
1444333016789	0	lts_1008L_04_01	04	01	1	22	0	0	0	CR	MAX	ADOGTOY5.jpg	ADOGTOY5.jpg	NOKEY	MAX	NOKEY
1444333017725	0	lts_1008L_04_01	04	01	1	23	8	1	1	Hit	464	8-first/Astrawberryde.jpg	Astrawberryde.jpg	SPACE	502	SPACE
1444333020818	0	lts_1008L_04_01	04	01	1	24	0	0	0	CR	MAX	2/Aancientstat4.jpg	Aancientstat4.jpg	NOKEY	MAX	NOKEY
1444333023894	0	lts_1008L_04_01	04	01	1	25	0	0	0	CR	MAX	ASCSIPORT.jpg	ASCSIPORT.jpg	NOKEY	MAX	NOKEY
1444333024780	0	lts_1008L_04_01	04	01	1	26	2	1	1	Hit	408	2-4/Aancientstat4.jpg	Aancientstat4.jpg	SPACE	452	SPACE
1444333027856	0	lts_1008L_04_01	04	01	1	27	0	0	0	CR	MAX	32/ATOILROL2.jpg	ATOILROL2.jpg	NOKEY	MAX	NOKEY
1444333030932	0	lts_1008L_04_01	04	01	1	28	0	0	0	CR	MAX	1/ABARPEAR.jpg	ABARPEAR.jpg	NOKEY	MAX	NOKEY
1444333031768	0	lts_1008L_04_01	04	01	1	29	1	1	1	Hit	366	1-7/ABARPEAR.jpg	ABARPEAR.jpg	SPACE	402	SPACE
1444333034844	0	lts_1008L_04_01	04	01	1	30	0	0	0	CR	MAX	15870946.thl.jpg	15870946.thl.jpg	NOKEY	MAX	NOKEY
1444333037920	0	lts_1008L_04_01	04	01	1	31	0	0	0	CR	MAX	ACPU2.jpg	ACPU2.jpg	NOKEY	MAX	NOKEY
1444333041030	0	lts_1008L_04_01	04	01	1	32	0	0	0	CR	MAX	ADRUM12.jpg	ADRUM12.jpg	NOKEY	MAX	NOKEY
1444333044122	0	lts_1008L_04_01	04	01	1	33	0	0	0	CR	MAX	26369923.thl.jpg	26369923.thl.jpg	NOKEY	MAX	NOKEY
1444333047215	0	lts_1008L_04_01	04	01	1	34	0	0	0	CR	MAX	2/AWASHOPEN.jpg	AWASHOPEN.jpg	NOKEY	MAX	NOKEY
1444333050308	0	lts_1008L_04_01	04	01	1	35	0	0	0	CR	MAX	Abird41.jpg	Abird41.jpg	NOKEY	MAX	NOKEY
1444333051261	0	lts_1008L_04_01	04	01	1	36	2	1	1	Hit	477	2-2/AWASHOPEN.jpg	AWASHOPEN.jpg	SPACE	518	SPACE
1444333054353	0	lts_1008L_04_01	04	01	1	37	0	0	0	CR	MAX	26432148.thl.jpg	26432148.thl.jpg	NOKEY	MAX	NOKEY
1444333057446	0	lts_1008L_04_01	04	01	1	38	0	0	0	CR	MAX	ewok.jpg	ewok.jpg	NOKEY	MAX	NOKEY
1444333058382	0	lts_1008L_04_01	04	01	1	39	16	1	1	Hit	462	16-mul/Astrawberryde.jpg	Astrawberryde.jpg	SPACE	501	SPACE
1444333061475	0	lts_1008L_04_01	04	01	1	40	0	0	0	CR	MAX	AWOODFLUT.jpg	AWOODFLUT.jpg	NOKEY	MAX	NOKEY
1444333062746	0	lts_1008L_04_01	04	01	1	41	00	1	1	Hit	798	00-across/26431471.thl.jpg	26431471.thl.jpg	SPACE	835	SPACE
1444333065104	0	lts_1008L_04_01	04	01	1	42	0	0	1	FA	1873	2/APASTA19.jpg	APASTA19.jpg	SPACE	1923	NOKEY
1444333066073	0	lts_1008L_04_01	04	01	1	43	0	0	1	FA	474	23063814.thl.jpg	23063814.thl.jpg	SPACE	518	NOKEY
1444333067360	0	lts_1008L_04_01	04	01	1	44	2	1	1	Hit	810	2-10/APASTA19.jpg	APASTA19.jpg	SPACE	852	SPACE
1444333070452	0	lts_1008L_04_01	04	01	1	45	0	0	0	CR	MAX	Abreadrolls.jpg	Abreadrolls.jpg	NOKEY	MAX	NOKEY
1444333073545	0	lts_1008L_04_01	04	01	1	46	0	0	0	CR	MAX	8/ASALINES5.jpg	ASALINES5.jpg	NOKEY	MAX	NOKEY
1444333074582	0	lts_1008L_04_01	04	01	1	47	00	1	1	Hit	561	00-across/26370704.thl.jpg	26370704.thl.jpg	SPACE	602	SPACE
1444333077674	0	lts_1008L_04_01	04	01	1	48	0	0	0	CR	MAX	4/hulk.jpg	hulk.jpg	NOKEY	MAX	NOKEY
1444333080751	0	lts_1008L_04_01	04	01	1	49	0	0	0	CR	MAX	largemacscreen.jpg	largemacscreen.jpg	NOKEY	MAX	NOKEY
1444333083843	0	lts_1008L_04_01	04	01	1	50	0	0	0	CR	MAX	Aoutdoorrece2.jpg	Aoutdoorrece2.jpg	NOKEY	MAX	NOKEY
1444333086919	0	lts_1008L_04_01	04	01	1	51	0	0	0	CR	MAX	8020347.thl.jpg	8020347.thl.jpg	NOKEY	MAX	NOKEY
1444333087856	0	lts_1008L_04_01	04	01	1	52	4	1	1	Hit	455	4-1/hulk.jpg	hulk.jpg	SPACE	501	SPACE
1444333090948	0	lts_1008L_04_01	04	01	1	53	0	0	0	CR	MAX	Acow60.jpg	Acow60.jpg	NOKEY	MAX	NOKEY
1444333092202	0	lts_1008L_04_01	04	01	1	54	8	1	1	Hit	771	8-first/ASALINES5.jpg	ASALINES5.jpg	SPACE	819	SPACE
1444333095295	0	lts_1008L_04_01	04	01	1	55	0	0	0	CR	MAX	Agratedchees2.jpg	Agratedchees2.jpg	NOKEY	MAX	NOKEY
1444333096214	0	lts_1008L_04_01	04	01	1	56	2	1	1	Hit	443	2-mul/ASALINES5.jpg	ASALINES5.jpg	SPACE	485	SPACE
1444333099307	0	lts_1008L_04_01	04	01	1	57	0	0	0	CR	MAX	AMUFFIPAN.jpg	AMUFFIPAN.jpg	NOKEY	MAX	NOKEY
1444333102400	0	lts_1008L_04_01	04	01	1	58	0	0	0	CR	MAX	4/Akiddcup2.jpg	Akiddcup2.jpg	NOKEY	MAX	NOKEY
1444333103403	0	lts_1008L_04_01	04	01	1	59	32	1	1	Hit	518	32-0/ATOILROL2.jpg	ATOILROL2.jpg	SPACE	569	SPACE
1444333106479	0	lts_1008L_04_01	04	01	1	60	0	0	0	CR	MAX	26374166.thl.jpg	26374166.thl.jpg	NOKEY	MAX	NOKEY
1444333109572	0	lts_1008L_04_01	04	01	1	61	0	0	0	CR	MAX	16/shield.jpg	shield.jpg	NOKEY	MAX	NOKEY
1444333110575	0	lts_1008L_04_01	04	01	1	62	4	1	1	Hit	521	4-7/Akiddcup2.jpg	Akiddcup2.jpg	SPACE	569	SPACE
1444333113651	0	lts_1008L_04_01	04	01	1	63	0	0	0	CR	MAX	1/Abreastpump2.jpg	Abreastpump2.jpg	NOKEY	MAX	NOKEY
1444333114621	0	lts_1008L_04_01	04	01	1	64	1	1	1	Hit	494	1-2/Abreastpump2.jpg	Abreastpump2.jpg	SPACE	535	SPACE
1444333117697	0	lts_1008L_04_01	04	01	1	65	0	0	0	CR	MAX	128/ANECTARI3.jpg	ANECTARI3.jpg	NOKEY	MAX	NOKEY
1444333120789	0	lts_1008L_04_01	04	01	1	66	0	0	0	CR	MAX	4/ACOMPAS20.jpg	ACOMPAS20.jpg	NOKEY	MAX	NOKEY
1444333123882	0	lts_1008L_04_01	04	01	1	67	0	0	0	CR	MAX	32/Apurse83.jpg	Apurse83.jpg	NOKEY	MAX	NOKEY
1444333126975	0	lts_1008L_04_01	04	01	1	68	0	0	0	CR	MAX	128/23051010.thl.jpg	23051010.thl.jpg	NOKEY	MAX	NOKEY
1444333130052	0	lts_1008L_04_01	04	01	1	69	0	0	0	CR	MAX	grips.jpg	grips.jpg	NOKEY	MAX	NOKEY
1444333131038	0	lts_1008L_04_01	04	01	1	70	4	1	1	Hit	512	4-9/ACOMPAS20.jpg	ACOMPAS20.jpg	SPACE	551	SPACE
1444333134130	0	lts_1008L_04_01	04	01	1	71	0	0	0	CR	MAX	Atoywheels.jpg	Atoywheels.jpg	NOKEY	MAX	NOKEY
1444333137206	0	lts_1008L_04_01	04	01	1	72	0	0	0	CR	MAX	1/AGRILL3.jpg	AGRILL3.jpg	NOKEY	MAX	NOKEY
1444333138192	0	lts_1008L_04_01	04	01	1	73	1	1	1	Hit	512	1-1/AGRILL3.jpg	AGRILL3.jpg	SPACE	551	SPACE
1444333141285	0	lts_1008L_04_01	04	01	1	74	0	0	0	CR	MAX	128/basketball.JPG	basketball.JPG	NOKEY	MAX	NOKEY
1444333144361	0	lts_1008L_04_01	04	01	1	75	0	0	0	CR	MAX	swimmies.jpg	swimmies.jpg	NOKEY	MAX	NOKEY
1444333147454	0	lts_1008L_04_01	04	01	1	76	0	0	0	CR	MAX	Aantiquevege3.jpg	Aantiquevege3.jpg	NOKEY	MAX	NOKEY
1444333148374	0	lts_1008L_04_01	04	01	1	77	16	1	1	Hit	444	16-1/shield.jpg	shield.jpg	SPACE	485	SPACE
1444333151483	0	lts_1008L_04_01	04	01	1	78	0	0	0	CR	MAX	8/Abells7.jpg	Abells7.jpg	NOKEY	MAX	NOKEY
1444333154576	0	lts_1008L_04_01	04	01	1	79	0	0	0	CR	MAX	64/8023286.thl.jpg	8023286.thl.jpg	NOKEY	MAX	NOKEY
1444333157668	0	lts_1008L_04_01	04	01	1	80	0	0	0	CR	MAX	Acamelsculpt2.jpg	Acamelsculpt2.jpg	NOKEY	MAX	NOKEY
1444333160745	0	lts_1008L_04_01	04	01	1	81	0	0	0	CR	MAX	AHOSPCRI3.jpg	AHOSPCRI3.jpg	NOKEY	MAX	NOKEY
1444333163821	0	lts_1008L_04_01	04	01	1	82	0	0	0	CR	MAX	8/AAPPCOVE2.jpg	AAPPCOVE2.jpg	NOKEY	MAX	NOKEY
1444333166913	0	lts_1008L_04_01	04	01	1	83	0	0	0	CR	MAX	Atoyhomeoffi4.jpg	Atoyhomeoffi4.jpg	NOKEY	MAX	NOKEY
1444333170007	0	lts_1008L_04_01	04	01	1	84	0	0	0	CR	MAX	ADOGFOOD.jpg	ADOGFOOD.jpg	NOKEY	MAX	NOKEY
1444333173083	0	lts_1008L_04_01	04	01	1	85	0	0	0	CR	MAX	8068401.thl.jpg	8068401.thl.jpg	NOKEY	MAX	NOKEY
1444333174135	0	lts_1008L_04_01	04	01	1	86	8	1	1	Hit	580	8-first/Abells7.jpg	Abells7.jpg	SPACE	617	SPACE
1444333177228	0	lts_1008L_04_01	04	01	1	87	0	0	0	CR	MAX	ADIRECSI3.jpg	ADIRECSI3.jpg	NOKEY	MAX	NOKEY
1444333178215	0	lts_1008L_04_01	04	01	1	88	2	1	1	Hit	514	2-mul/Abells7.jpg	Abells7.jpg	SPACE	551	SPACE
1444333181307	0	lts_1008L_04_01	04	01	1	89	0	0	0	CR	MAX	APROSTAR2.jpg	APROSTAR2.jpg	NOKEY	MAX	NOKEY
1444333182244	0	lts_1008L_04_01	04	01	1	90	8	1	1	Hit	460	8-0/AAPPCOVE2.jpg	AAPPCOVE2.jpg	SPACE	501	SPACE
1444333185336	0	lts_1008L_04_01	04	01	1	91	0	0	0	CR	MAX	AANTIRO13.jpg	AANTIRO13.jpg	NOKEY	MAX	NOKEY
1444333186440	0	lts_1008L_04_01	04	01	1	92	00	1	1	Hit	622	00-across/ASHRIMP3.jpg	ASHRIMP3.jpg	SPACE	670	SPACE
1444333189532	0	lts_1008L_04_01	04	01	1	93	0	0	0	CR	MAX	31023139.thl.jpg	31023139.thl.jpg	NOKEY	MAX	NOKEY
1444333192625	0	lts_1008L_04_01	04	01	1	94	0	0	0	CR	MAX	Aboxofnotepa4.jpg	Aboxofnotepa4.jpg	NOKEY	MAX	NOKEY
1444333195718	0	lts_1008L_04_01	04	01	1	95	0	0	0	CR	MAX	1/AOLDMILL2.jpg	AOLDMILL2.jpg	NOKEY	MAX	NOKEY
1444333196604	0	lts_1008L_04_01	04	01	1	96	1	1	1	Hit	403	1-8/AOLDMILL2.jpg	AOLDMILL2.jpg	SPACE	452	SPACE
1444333199680	0	lts_1008L_04_01	04	01	1	97	0	0	0	CR	MAX	AGOUDA.jpg	AGOUDA.jpg	NOKEY	MAX	NOKEY
1444333202773	0	lts_1008L_04_01	04	01	1	98	0	0	0	CR	MAX	26387436.thl.jpg	26387436.thl.jpg	NOKEY	MAX	NOKEY
1444333203759	0	lts_1008L_04_01	04	01	1	99	32	1	1	Hit	514	32-2/Apurse83.jpg	Apurse83.jpg	SPACE	552	SPACE
1444333206852	0	lts_1008L_04_01	04	01	1	100	0	0	0	CR	MAX	AMAGTABL3.jpg	AMAGTABL3.jpg	NOKEY	MAX	NOKEY
1444333209945	0	lts_1008L_04_01	04	01	1	101	0	0	0	CR	MAX	22851864.thl.jpg	22851864.thl.jpg	NOKEY	MAX	NOKEY
1444333213038	0	lts_1008L_04_01	04	01	1	102	0	0	0	CR	MAX	16/kimono.jpg	kimono.jpg	NOKEY	MAX	NOKEY
1444333216130	0	lts_1008L_04_01	04	01	1	103	0	0	0	CR	MAX	2/Aelasticbands.jpg	Aelasticbands.jpg	NOKEY	MAX	NOKEY
1444333219223	0	lts_1008L_04_01	04	01	1	104	0	0	0	CR	MAX	64/Atoyfurnitu14.jpg	Atoyfurnitu14.jpg	NOKEY	MAX	NOKEY
1444333220142	0	lts_1008L_04_01	04	01	1	105	2	1	1	Hit	438	2-8/Aelasticbands.jpg	Aelasticbands.jpg	SPACE	485	SPACE
1444333223235	0	lts_1008L_04_01	04	01	1	106	0	0	0	CR	MAX	ASPACEHE5.jpg	ASPACEHE5.jpg	NOKEY	MAX	NOKEY
1444333226311	0	lts_1008L_04_01	04	01	1	107	0	0	0	CR	MAX	Atoothbrush3.jpg	Atoothbrush3.jpg	NOKEY	MAX	NOKEY
1444333229404	0	lts_1008L_04_01	04	01	1	108	0	0	0	CR	MAX	26439074.thl.jpg	26439074.thl.jpg	NOKEY	MAX	NOKEY
1444333232497	0	lts_1008L_04_01	04	01	1	109	0	0	0	CR	MAX	2/ADRUM.jpg	ADRUM.jpg	NOKEY	MAX	NOKEY
1444333235590	0	lts_1008L_04_01	04	01	1	110	0	0	0	CR	MAX	ACHINLAMP.jpg	ACHINLAMP.jpg	NOKEY	MAX	NOKEY
1444333236626	0	lts_1008L_04_01	04	01	1	111	2	1	1	Hit	565	2-6/ADRUM.jpg	ADRUM.jpg	SPACE	602	SPACE
1444333239719	0	lts_1008L_04_01	04	01	1	112	0	0	0	CR	MAX	wetsuit1.jpg	wetsuit1.jpg	NOKEY	MAX	NOKEY
1444333242795	0	lts_1008L_04_01	04	01	1	113	0	0	0	CR	MAX	32/Aruler16.jpg	Aruler16.jpg	NOKEY	MAX	NOKEY
1444333245888	0	lts_1008L_04_01	04	01	1	114	0	0	0	CR	MAX	Akazoo2.jpg	Akazoo2.jpg	NOKEY	MAX	NOKEY
1444333248980	0	lts_1008L_04_01	04	01	1	115	0	0	0	CR	MAX	Acompass20.jpg	Acompass20.jpg	NOKEY	MAX	NOKEY
1444333252074	0	lts_1008L_04_01	04	01	1	116	0	0	0	CR	MAX	26429130.thl.jpg	26429130.thl.jpg	NOKEY	MAX	NOKEY
1444333255166	0	lts_1008L_04_01	04	01	1	117	0	0	0	CR	MAX	AWOODST19.jpg	AWOODST19.jpg	NOKEY	MAX	NOKEY
1444333256186	0	lts_1008L_04_01	04	01	1	118	16	1	1	Hit	536	16-first/kimono.jpg	kimono.jpg	SPACE	585	SPACE
1444333259279	0	lts_1008L_04_01	04	01	1	119	0	0	0	CR	MAX	1/AWASHMAC5.jpg	AWASHMAC5.jpg	NOKEY	MAX	NOKEY
1444333260231	0	lts_1008L_04_01	04	01	1	120	1	1	1	Hit	482	1-6/AWASHMAC5.jpg	AWASHMAC5.jpg	SPACE	518	SPACE
1444333263307	0	lts_1008L_04_01	04	01	1	121	0	0	0	CR	MAX	Abicyclekick2.jpg	Abicyclekick2.jpg	NOKEY	MAX	NOKEY
1444333266400	0	lts_1008L_04_01	04	01	1	122	0	0	0	CR	MAX	16/8063317.thl.jpg	8063317.thl.jpg	NOKEY	MAX	NOKEY
1444333269476	0	lts_1008L_04_01	04	01	1	123	0	0	0	CR	MAX	APEPPSHA4.jpg	APEPPSHA4.jpg	NOKEY	MAX	NOKEY
1444333272552	0	lts_1008L_04_01	04	01	1	124	0	0	0	CR	MAX	4/26433592.thl.jpg	26433592.thl.jpg	NOKEY	MAX	NOKEY
1444333275645	0	lts_1008L_04_01	04	01	1	125	0	0	0	CR	MAX	ASKYDIVE.jpg	ASKYDIVE.jpg	NOKEY	MAX	NOKEY
1444333278738	0	lts_1008L_04_01	04	01	1	126	0	0	0	CR	MAX	ACUSHIO12.jpg	ACUSHIO12.jpg	NOKEY	MAX	NOKEY
1444333281831	0	lts_1008L_04_01	04	01	1	127	0	0	0	CR	MAX	64/Acastle22.jpg	Acastle22.jpg	NOKEY	MAX	NOKEY
1444333282901	0	lts_1008L_04_01	04	01	1	128	4	1	1	Hit	590	4-8/26433592.thl.jpg	26433592.thl.jpg	SPACE	635	SPACE
1444333285977	0	lts_1008L_04_01	04	01	1	129	0	0	0	CR	MAX	AGOOSNEC2.jpg	AGOOSNEC2.jpg	NOKEY	MAX	NOKEY
1444333289070	0	lts_1008L_04_01	04	01	1	130	0	0	0	CR	MAX	1/22907432.thl.jpg	22907432.thl.jpg	NOKEY	MAX	NOKEY
1444333289972	0	lts_1008L_04_01	04	01	1	131	1	1	1	Hit	429	1-5/22907432.thl.jpg	22907432.thl.jpg	SPACE	467	SPACE
1444333293066	0	lts_1008L_04_01	04	01	1	132	0	0	0	CR	MAX	ARUSSDO13.jpg	ARUSSDO13.jpg	NOKEY	MAX	NOKEY
1444333296158	0	lts_1008L_04_01	04	01	1	133	0	0	0	CR	MAX	Amouthpiece4.jpg	Amouthpiece4.jpg	NOKEY	MAX	NOKEY
1444333297111	0	lts_1008L_04_01	04	01	1	134	16	1	1	Hit	471	16-mul/kimono.jpg	kimono.jpg	SPACE	518	SPACE
1444333300203	0	lts_1008L_04_01	04	01	1	135	0	0	0	CR	MAX	E_tractor.jpg	E_tractor.jpg	NOKEY	MAX	NOKEY
1444333303279	0	lts_1008L_04_01	04	01	1	136	0	0	0	CR	MAX	128/22911500.thl.jpg	22911500.thl.jpg	NOKEY	MAX	NOKEY
1444333306372	0	lts_1008L_04_01	04	01	1	137	0	0	0	CR	MAX	ASUNBOX5.jpg	ASUNBOX5.jpg	NOKEY	MAX	NOKEY
1444333307476	0	lts_1008L_04_01	04	01	1	138	16	1	1	Hit	621	16-0/8063317.thl.jpg	8063317.thl.jpg	SPACE	669	SPACE
1444333310568	0	lts_1008L_04_01	04	01	1	139	0	0	0	CR	MAX	AABSTRACT.jpg	AABSTRACT.jpg	NOKEY	MAX	NOKEY
1444333313644	0	lts_1008L_04_01	04	01	1	140	128	1	0	Miss	MAX	128-2/AWINTGLO3.jpg	AWINTGLO3.jpg	NOKEY	MAX	SPACE
1444333316737	0	lts_1008L_04_01	04	01	1	141	0	0	0	CR	MAX	26422216.thl.jpg	26422216.thl.jpg	NOKEY	MAX	NOKEY
1444333319813	0	lts_1008L_04_01	04	01	1	142	0	0	0	CR	MAX	32/AFLUTE6.jpg	AFLUTE6.jpg	NOKEY	MAX	NOKEY
1444333320850	0	lts_1008L_04_01	04	01	1	143	64	1	1	Hit	556	64-first/8023286.thl.jpg	8023286.thl.jpg	SPACE	602	SPACE
1444333322321	0	lts_1008L_04_01	04	01	1	144	0	0	1	FA	973	bands-a.jpg	bands-a.jpg	SPACE	1020	NOKEY
1444333325397	0	lts_1008L_04_01	04	01	1	145	32	1	0	Miss	MAX	32-3/Aruler16.jpg	Aruler16.jpg	NOKEY	MAX	SPACE
1444333328523	0	lts_1008L_04_01	04	01	1	146	0	0	0	CR	MAX	cannoli.jpg	cannoli.jpg	NOKEY	MAX	NOKEY
1444333331616	0	lts_1008L_04_01	04	01	1	147	0	0	0	CR	MAX	ASMOKMEAT.jpg	ASMOKMEAT.jpg	NOKEY	MAX	NOKEY
1444333334709	0	lts_1008L_04_01	04	01	1	148	0	0	0	CR	MAX	AWOODSPO3.jpg	AWOODSPO3.jpg	NOKEY	MAX	NOKEY
1444333337785	0	lts_1008L_04_01	04	01	1	149	0	0	0	CR	MAX	2/26423652.thl.jpg	26423652.thl.jpg	NOKEY	MAX	NOKEY
1444333340878	0	lts_1008L_04_01	04	01	1	150	0	0	0	CR	MAX	AORIGIRL3.jpg	AORIGIRL3.jpg	NOKEY	MAX	NOKEY
1444333342783	0	lts_1008L_04_01	04	01	1	151	2	1	1	Hit	1435	2-13/26423652.thl.jpg	26423652.thl.jpg	SPACE	1471	SPACE
1444333345859	0	lts_1008L_04_01	04	01	1	152	0	0	0	CR	MAX	AWIG10.jpg	AWIG10.jpg	NOKEY	MAX	NOKEY
1444333348952	0	lts_1008L_04_01	04	01	1	153	0	0	0	CR	MAX	Abicycleodome.jpg	Abicycleodome.jpg	NOKEY	MAX	NOKEY
1444333352029	0	lts_1008L_04_01	04	01	1	154	0	0	0	CR	MAX	8/ATEARDROP.jpg	ATEARDROP.jpg	NOKEY	MAX	NOKEY
1444333353066	0	lts_1008L_04_01	04	01	1	155	00	1	1	Hit	553	00-across/AGAME.jpg	AGAME.jpg	SPACE	601	SPACE
1444333356157	0	lts_1008L_04_01	04	01	1	156	0	0	0	CR	MAX	8021504.thl.jpg	8021504.thl.jpg	NOKEY	MAX	NOKEY
1444333359250	0	lts_1008L_04_01	04	01	1	157	0	0	0	CR	MAX	ADEEPFRY5.jpg	ADEEPFRY5.jpg	NOKEY	MAX	NOKEY
1444333362343	0	lts_1008L_04_01	04	01	1	158	0	0	0	CR	MAX	Acoatrack5.jpg	Acoatrack5.jpg	NOKEY	MAX	NOKEY
1444333363363	0	lts_1008L_04_01	04	01	1	159	16	1	1	Hit	542	16-mul/8023286.thl.jpg	8023286.thl.jpg	SPACE	586	SPACE
1444333366456	0	lts_1008L_04_01	04	01	1	160	0	0	0	CR	MAX	4/ASHIRTSK2.jpg	ASHIRTSK2.jpg	NOKEY	MAX	NOKEY
1444333369548	0	lts_1008L_04_01	04	01	1	161	0	0	0	CR	MAX	64/AASCDESC.jpg	AASCDESC.jpg	NOKEY	MAX	NOKEY
1444333371521	0	lts_1008L_04_01	04	01	1	162	8	1	1	Hit	1492	8-2/ATEARDROP.jpg	ATEARDROP.jpg	SPACE	1539	SPACE
1444333374614	0	lts_1008L_04_01	04	01	1	163	0	0	0	CR	MAX	16/Acorn10.jpg	Acorn10.jpg	NOKEY	MAX	NOKEY
1444333375550	0	lts_1008L_04_01	04	01	1	164	4	1	1	Hit	463	4-12/ASHIRTSK2.jpg	ASHIRTSK2.jpg	SPACE	502	SPACE
1444333378643	0	lts_1008L_04_01	04	01	1	165	0	0	0	CR	MAX	26460317.thl.jpg	26460317.thl.jpg	NOKEY	MAX	NOKEY
1444333381735	0	lts_1008L_04_01	04	01	1	166	0	0	0	CR	MAX	Abridge9.jpg	Abridge9.jpg	NOKEY	MAX	NOKEY
1444333384828	0	lts_1008L_04_01	04	01	1	167	0	0	0	CR	MAX	AANALCIME.jpg	AANALCIME.jpg	NOKEY	MAX	NOKEY
1444333386050	0	lts_1008L_04_01	04	01	1	168	64	1	1	Hit	738	64-first/Atoyfurnitu14.jpg	Atoyfurnitu14.jpg	SPACE	786	SPACE
1444333389141	0	lts_1008L_04_01	04	01	1	169	0	0	0	CR	MAX	wok.jpg	wok.jpg	NOKEY	MAX	NOKEY
1444333390028	0	lts_1008L_04_01	04	01	1	170	2	1	1	Hit	409	2-mul/Atoyfurnitu14.jpg	Atoyfurnitu14.jpg	SPACE	451	SPACE
1444333393104	0	lts_1008L_04_01	04	01	1	171	0	0	0	CR	MAX	Atool12.jpg	Atool12.jpg	NOKEY	MAX	NOKEY
1444333396180	0	lts_1008L_04_01	04	01	1	172	0	0	0	CR	MAX	AFRUIT3.jpg	AFRUIT3.jpg	NOKEY	MAX	NOKEY
1444333399272	0	lts_1008L_04_01	04	01	1	173	0	0	0	CR	MAX	Awoodplaner2.jpg	Awoodplaner2.jpg	NOKEY	MAX	NOKEY
1444333400342	0	lts_1008L_04_01	04	01	1	174	32	1	1	Hit	598	32-4/AFLUTE6.jpg	AFLUTE6.jpg	SPACE	635	SPACE
1444333403435	0	lts_1008L_04_01	04	01	1	175	0	0	0	CR	MAX	Abathroomcup3.jpg	Abathroomcup3.jpg	NOKEY	MAX	NOKEY
1444333406528	0	lts_1008L_04_01	04	01	1	176	0	0	0	CR	MAX	Apokerchips3.jpg	Apokerchips3.jpg	NOKEY	MAX	NOKEY
1444333409604	0	lts_1008L_04_01	04	01	1	177	0	0	0	CR	MAX	8/Agolfplaque.jpg	Agolfplaque.jpg	NOKEY	MAX	NOKEY
1444333412680	0	lts_1008L_04_01	04	01	1	178	0	0	0	CR	MAX	AEASEL22.jpg	AEASEL22.jpg	NOKEY	MAX	NOKEY
1444333414385	0	lts_1008L_04_01	04	01	1	179	16	1	1	Hit	1233	16-first/Acorn10.jpg	Acorn10.jpg	SPACE	1271	SPACE
1444333417461	0	lts_1008L_04_01	04	01	1	180	0	0	0	CR	MAX	Abeetle10.jpg	Abeetle10.jpg	NOKEY	MAX	NOKEY
1444333418297	0	lts_1008L_04_01	04	01	1	181	2	1	1	Hit	357	2-mul/Acorn10.jpg	Acorn10.jpg	SPACE	401	SPACE
1444333421390	0	lts_1008L_04_01	04	01	1	182	0	0	0	CR	MAX	AHYDRANTF.jpg	AHYDRANTF.jpg	NOKEY	MAX	NOKEY
1444333424483	0	lts_1008L_04_01	04	01	1	183	0	0	0	CR	MAX	16/Astonecarvin8.jpg	Astonecarvin8.jpg	NOKEY	MAX	NOKEY
1444333427575	0	lts_1008L_04_01	04	01	1	184	0	0	0	CR	MAX	128/AEXECHAIR.jpg	AEXECHAIR.jpg	NOKEY	MAX	NOKEY
1444333429031	0	lts_1008L_04_01	04	01	1	185	8	1	1	Hit	976	8-first/Agolfplaque.jpg	Agolfplaque.jpg	SPACE	1020	SPACE
1444333432123	0	lts_1008L_04_01	04	01	1	186	0	0	0	CR	MAX	Acrayonsinabo.jpg	Acrayonsinabo.jpg	NOKEY	MAX	NOKEY
1444333435215	0	lts_1008L_04_01	04	01	1	187	0	0	0	CR	MAX	ABIRDCAG2.jpg	ABIRDCAG2.jpg	NOKEY	MAX	NOKEY
1444333438308	0	lts_1008L_04_01	04	01	1	188	0	0	0	CR	MAX	batteries-a.jpg	batteries-a.jpg	NOKEY	MAX	NOKEY
1444333439244	0	lts_1008L_04_01	04	01	1	189	4	1	1	Hit	467	4-mul/Agolfplaque.jpg	Agolfplaque.jpg	SPACE	501	SPACE
1444333442320	0	lts_1008L_04_01	04	01	1	190	0	0	0	CR	MAX	4555.jpg	4555.jpg	NOKEY	MAX	NOKEY
1444333443407	0	lts_1008L_04_01	04	01	1	191	64	1	1	Hit	614	64-first/Acastle22.jpg	Acastle22.jpg	SPACE	652	SPACE
1444333446500	0	lts_1008L_04_01	04	01	1	192	0	0	0	CR	MAX	toypieces.jpg	toypieces.jpg	NOKEY	MAX	NOKEY
1444333447921	0	lts_1008L_04_01	04	01	1	193	128	1	1	Hit	936	128-5/ANECTARI3.jpg	ANECTARI3.jpg	SPACE	987	SPACE
1444333451015	0	lts_1008L_04_01	04	01	1	194	0	0	0	CR	MAX	gytsl9.jpg	gytsl9.jpg	NOKEY	MAX	NOKEY
1444333454107	0	lts_1008L_04_01	04	01	1	195	0	0	0	CR	MAX	Aeasteregg14.jpg	Aeasteregg14.jpg	NOKEY	MAX	NOKEY
1444333455243	0	lts_1008L_04_01	04	01	1	196	128	1	1	Hit	662	128-7/23051010.thl.jpg	23051010.thl.jpg	SPACE	702	SPACE
1444333458336	0	lts_1008L_04_01	04	01	1	197	0	0	0	CR	MAX	8056402.thl.jpg	8056402.thl.jpg	NOKEY	MAX	NOKEY
1444333461429	0	lts_1008L_04_01	04	01	1	198	0	0	0	CR	MAX	ATOASTE22.jpg	ATOASTE22.jpg	NOKEY	MAX	NOKEY
1444333462382	0	lts_1008L_04_01	04	01	1	199	16	1	1	Hit	481	16-first/Astonecarvin8.jpg	Astonecarvin8.jpg	SPACE	518	SPACE
1444333465474	0	lts_1008L_04_01	04	01	1	200	0	0	0	CR	MAX	Abicyclehand5.jpg	Abicyclehand5.jpg	NOKEY	MAX	NOKEY
1444333468550	0	lts_1008L_04_01	04	01	1	201	0	0	0	CR	MAX	makeuppowder.jpg	makeuppowder.jpg	NOKEY	MAX	NOKEY
1444333471626	0	lts_1008L_04_01	04	01	1	202	128	1	0	Miss	MAX	128-6/basketball.JPG	basketball.JPG	NOKEY	MAX	SPACE
1444333474719	0	lts_1008L_04_01	04	01	1	203	0	0	0	CR	MAX	1/Astreetlampwi.jpg	Astreetlampwi.jpg	NOKEY	MAX	NOKEY
1444333475639	0	lts_1008L_04_01	04	01	1	204	1	1	1	Hit	445	1-10/Astreetlampwi.jpg	Astreetlampwi.jpg	SPACE	484	SPACE
1444333478715	0	lts_1008L_04_01	04	01	1	205	0	0	0	CR	MAX	Hammock.jpg	Hammock.jpg	NOKEY	MAX	NOKEY
1444333481791	0	lts_1008L_04_01	04	01	1	206	0	0	0	CR	MAX	carbattery.jpg	carbattery.jpg	NOKEY	MAX	NOKEY
1444333482744	0	lts_1008L_04_01	04	01	1	207	16	1	1	Hit	481	16-mul/Acastle22.jpg	Acastle22.jpg	SPACE	518	SPACE
1444333485836	0	lts_1008L_04_01	04	01	1	208	0	0	0	CR	MAX	AWASHCLOT.jpg	AWASHCLOT.jpg	NOKEY	MAX	NOKEY
1444333488913	0	lts_1008L_04_01	04	01	1	209	0	0	0	CR	MAX	4/ASCYTHE7.jpg	ASCYTHE7.jpg	NOKEY	MAX	NOKEY
1444333490084	0	lts_1008L_04_01	04	01	1	210	00	1	1	Hit	686	00-across/22856172.thl.jpg	22856172.thl.jpg	SPACE	736	SPACE
1444333493175	0	lts_1008L_04_01	04	01	1	211	0	0	0	CR	MAX	ASPACEHE8.jpg	ASPACEHE8.jpg	NOKEY	MAX	NOKEY
1444333496268	0	lts_1008L_04_01	04	01	1	212	0	0	0	CR	MAX	Ainstrument3.jpg	Ainstrument3.jpg	NOKEY	MAX	NOKEY
1444333497288	0	lts_1008L_04_01	04	01	1	213	4	1	1	Hit	540	4-10/ASCYTHE7.jpg	ASCYTHE7.jpg	SPACE	585	SPACE
1444333500381	0	lts_1008L_04_01	04	01	1	214	0	0	0	CR	MAX	16/ACLOGOPE3.jpg	ACLOGOPE3.jpg	NOKEY	MAX	NOKEY
1444333501317	0	lts_1008L_04_01	04	01	1	215	16	1	1	Hit	461	16-mul/Astonecarvin8.jpg	Astonecarvin8.jpg	SPACE	502	SPACE
1444333504410	0	lts_1008L_04_01	04	01	1	216	0	0	0	CR	MAX	096CM301000.jpg	096CM301000.jpg	NOKEY	MAX	NOKEY
1444333507502	0	lts_1008L_04_01	04	01	1	217	0	0	0	CR	MAX	Awildberries.jpg	Awildberries.jpg	NOKEY	MAX	NOKEY
1444333508472	0	lts_1008L_04_01	04	01	1	218	0	0	1	FA	469	128/Ahorse23.jpg	Ahorse23.jpg	SPACE	519	NOKEY
1444333511565	0	lts_1008L_04_01	04	01	1	219	0	0	0	CR	MAX	26419689.thl.jpg	26419689.thl.jpg	NOKEY	MAX	NOKEY
1444333514641	0	lts_1008L_04_01	04	01	1	220	0	0	0	CR	MAX	Awoodenhamme8.jpg	Awoodenhamme8.jpg	NOKEY	MAX	NOKEY
1444333517717	0	lts_1008L_04_01	04	01	1	221	0	0	0	CR	MAX	2/ACURLER.jpg	ACURLER.jpg	NOKEY	MAX	NOKEY
1444333520793	0	lts_1008L_04_01	04	01	1	222	0	0	0	CR	MAX	ABABYPIN2.jpg	ABABYPIN2.jpg	NOKEY	MAX	NOKEY
1444333521746	0	lts_1008L_04_01	04	01	1	223	2	1	1	Hit	470	2-1/ACURLER.jpg	ACURLER.jpg	SPACE	518	SPACE
1444333524839	0	lts_1008L_04_01	04	01	1	224	0	0	0	CR	MAX	64/Azebra8.jpg	Azebra8.jpg	NOKEY	MAX	NOKEY
1444333527915	0	lts_1008L_04_01	04	01	1	225	64	1	0	Miss	MAX	64-first/AASCDESC.jpg	AASCDESC.jpg	NOKEY	MAX	SPACE
1444333531009	0	lts_1008L_04_01	04	01	1	226	0	0	0	CR	MAX	Achowchowdog.jpg	Achowchowdog.jpg	NOKEY	MAX	NOKEY
1444333532045	0	lts_1008L_04_01	04	01	1	227	2	1	1	Hit	559	2-mul/AASCDESC.jpg	AASCDESC.jpg	SPACE	601	SPACE
1444333535137	0	lts_1008L_04_01	04	01	1	228	0	0	0	CR	MAX	26373844.thl.jpg	26373844.thl.jpg	NOKEY	MAX	NOKEY
1444333538213	0	lts_1008L_04_01	04	01	1	229	0	0	0	CR	MAX	Acaterpilla11.jpg	Acaterpilla11.jpg	NOKEY	MAX	NOKEY
1444333539300	0	lts_1008L_04_01	04	01	1	230	16	1	1	Hit	614	16-first/ACLOGOPE3.jpg	ACLOGOPE3.jpg	SPACE	652	SPACE
1444333542376	0	lts_1008L_04_01	04	01	1	231	0	0	0	CR	MAX	22806086.thl.jpg	22806086.thl.jpg	NOKEY	MAX	NOKEY
1444333543462	0	lts_1008L_04_01	04	01	1	232	00	1	1	Hit	611	00-across/Aservicedesk.jpg	Aservicedesk.jpg	SPACE	653	SPACE
1444333544850	0	lts_1008L_04_01	04	01	1	233	0	0	1	FA	913	16/Awindtoy5.jpg	Awindtoy5.jpg	SPACE	953	NOKEY
1444333545970	0	lts_1008L_04_01	04	01	1	234	4	1	1	Hit	648	4-mul/ACLOGOPE3.jpg	ACLOGOPE3.jpg	SPACE	686	SPACE
1444333549064	0	lts_1008L_04_01	04	01	1	235	0	0	0	CR	MAX	sardines.jpg	sardines.jpg	NOKEY	MAX	NOKEY
1444333552139	0	lts_1008L_04_01	04	01	1	236	0	0	0	CR	MAX	AJOYSTIC1.jpg	AJOYSTIC1.jpg	NOKEY	MAX	NOKEY
1444333555215	0	lts_1008L_04_01	04	01	1	237	0	0	0	CR	MAX	26423477.thl.jpg	26423477.thl.jpg	NOKEY	MAX	NOKEY
1444333558308	0	lts_1008L_04_01	04	01	1	238	0	0	0	CR	MAX	ADINGHY.jpg	ADINGHY.jpg	NOKEY	MAX	NOKEY
1444333561400	0	lts_1008L_04_01	04	01	1	239	0	0	0	CR	MAX	2/Acampingtoolk.jpg	Acampingtoolk.jpg	NOKEY	MAX	NOKEY
1444333564476	0	lts_1008L_04_01	04	01	1	240	0	0	0	CR	MAX	makeupcrayon.jpg	makeupcrayon.jpg	NOKEY	MAX	NOKEY
1444333567035	0	lts_1008L_04_01	04	01	1	241	2	1	1	Hit	2075	2-5/Acampingtoolk.jpg	Acampingtoolk.jpg	SPACE	2123	SPACE
1444333570110	0	lts_1008L_04_01	04	01	1	242	0	0	0	CR	MAX	ACANE2.jpg	ACANE2.jpg	NOKEY	MAX	NOKEY
1444333573203	0	lts_1008L_04_01	04	01	1	243	0	0	0	CR	MAX	2/ALIONWALK.jpg	ALIONWALK.jpg	NOKEY	MAX	NOKEY
1444333576296	0	lts_1008L_04_01	04	01	1	244	0	0	0	CR	MAX	Abagofherbs.jpg	Abagofherbs.jpg	NOKEY	MAX	NOKEY
1444333577182	0	lts_1008L_04_01	04	01	1	245	2	1	1	Hit	402	2-11/ALIONWALK.jpg	ALIONWALK.jpg	SPACE	452	SPACE
1444333580275	0	lts_1008L_04_01	04	01	1	246	0	0	0	CR	MAX	26442809.thl.jpg	26442809.thl.jpg	NOKEY	MAX	NOKEY
1444333583367	0	lts_1008L_04_01	04	01	1	247	0	0	0	CR	MAX	26427983.thl.jpg	26427983.thl.jpg	NOKEY	MAX	NOKEY
1444333586460	0	lts_1008L_04_01	04	01	1	248	0	0	0	CR	MAX	Aelectricgri3.jpg	Aelectricgri3.jpg	NOKEY	MAX	NOKEY
1444333587597	0	lts_1008L_04_01	04	01	1	249	16	1	1	Hit	655	16-first/Awindtoy5.jpg	Awindtoy5.jpg	SPACE	702	SPACE
1444333590690	0	lts_1008L_04_01	04	01	1	250	0	0	0	CR	MAX	4/Atoytractor17.jpg	Atoytractor17.jpg	NOKEY	MAX	NOKEY
1444333591609	0	lts_1008L_04_01	04	01	1	251	2	1	1	Hit	449	2-mul/Awindtoy5.jpg	Awindtoy5.jpg	SPACE	485	SPACE
1444333594702	0	lts_1008L_04_01	04	01	1	252	0	0	0	CR	MAX	Acup29.jpg	Acup29.jpg	NOKEY	MAX	NOKEY
1444333597795	0	lts_1008L_04_01	04	01	1	253	0	0	0	CR	MAX	16/ACOWBELL6.jpg	ACOWBELL6.jpg	NOKEY	MAX	NOKEY
1444333598748	0	lts_1008L_04_01	04	01	1	254	4	1	1	Hit	479	4-11/Atoytractor17.jpg	Atoytractor17.jpg	SPACE	518	SPACE
1444333601840	0	lts_1008L_04_01	04	01	1	255	0	0	0	CR	MAX	APIPE8.jpg	APIPE8.jpg	NOKEY	MAX	NOKEY
1444333604933	0	lts_1008L_04_01	04	01	1	256	0	0	0	CR	MAX	64/10049193.thl.jpg	10049193.thl.jpg	NOKEY	MAX	NOKEY
1444333608027	0	lts_1008L_04_01	04	01	1	257	0	0	0	CR	MAX	Ajar33.jpg	Ajar33.jpg	NOKEY	MAX	NOKEY
1444333611103	0	lts_1008L_04_01	04	01	1	258	0	0	0	CR	MAX	2/26433942.thl.jpg	26433942.thl.jpg	NOKEY	MAX	NOKEY
1444333614195	0	lts_1008L_04_01	04	01	1	259	0	0	0	CR	MAX	AMIXER.jpg	AMIXER.jpg	NOKEY	MAX	NOKEY
1444333615181	0	lts_1008L_04_01	04	01	1	260	2	1	1	Hit	507	2-3/26433942.thl.jpg	26433942.thl.jpg	SPACE	552	SPACE
1444333618274	0	lts_1008L_04_01	04	01	1	261	0	0	0	CR	MAX	AFOODTAB2.jpg	AFOODTAB2.jpg	NOKEY	MAX	NOKEY
1444333619243	0	lts_1008L_04_01	04	01	1	262	00	1	1	Hit	499	00-across/AHOSPLIF2.jpg	AHOSPLIF2.jpg	SPACE	535	SPACE
1444333622320	0	lts_1008L_04_01	04	01	1	263	0	0	0	CR	MAX	ACOUPLEF2.jpg	ACOUPLEF2.jpg	NOKEY	MAX	NOKEY
1444333623272	0	lts_1008L_04_01	04	01	1	264	128	1	1	Hit	474	128-4/22911500.thl.jpg	22911500.thl.jpg	SPACE	518	SPACE
1444333626349	0	lts_1008L_04_01	04	01	1	265	0	0	0	CR	MAX	ACARMON.jpg	ACARMON.jpg	NOKEY	MAX	NOKEY
1444333629425	0	lts_1008L_04_01	04	01	1	266	0	0	0	CR	MAX	Avacuum20.jpg	Avacuum20.jpg	NOKEY	MAX	NOKEY
1444333632517	0	lts_1008L_04_01	04	01	1	267	0	0	0	CR	MAX	8/Aantiquebuck2.jpg	Aantiquebuck2.jpg	NOKEY	MAX	NOKEY
1444333635593	0	lts_1008L_04_01	04	01	1	268	0	0	0	CR	MAX	swingset.jpg	swingset.jpg	NOKEY	MAX	NOKEY
1444333636580	0	lts_1008L_04_01	04	01	1	269	16	1	1	Hit	504	16-first/ACOWBELL6.jpg	ACOWBELL6.jpg	SPACE	552	SPACE
1444333639656	0	lts_1008L_04_01	04	01	1	270	0	0	0	CR	MAX	2/AAIRGRIN2.jpg	AAIRGRIN2.jpg	NOKEY	MAX	NOKEY
1444333642749	0	lts_1008L_04_01	04	01	1	271	0	0	0	CR	MAX	euthsda.jpg	euthsda.jpg	NOKEY	MAX	NOKEY
1444333643735	0	lts_1008L_04_01	04	01	1	272	2	1	1	Hit	509	2-0/AAIRGRIN2.jpg	AAIRGRIN2.jpg	SPACE	552	SPACE
1444333646828	0	lts_1008L_04_01	04	01	1	273	0	0	0	CR	MAX	4/AEXIT7.jpg	AEXIT7.jpg	NOKEY	MAX	NOKEY
1444333649904	0	lts_1008L_04_01	04	01	1	274	0	0	0	CR	MAX	64/ball8.JPG	ball8.JPG	NOKEY	MAX	NOKEY
1444333650940	0	lts_1008L_04_01	04	01	1	275	8	1	1	Hit	555	8-1/Aantiquebuck2.jpg	Aantiquebuck2.jpg	SPACE	602	SPACE
1444333654017	0	lts_1008L_04_01	04	01	1	276	0	0	0	CR	MAX	AHYPONEE3.jpg	AHYPONEE3.jpg	NOKEY	MAX	NOKEY
1444333654969	0	lts_1008L_04_01	04	01	1	277	4	1	1	Hit	480	4-4/AEXIT7.jpg	AEXIT7.jpg	SPACE	517	SPACE
1444333658063	0	lts_1008L_04_01	04	01	1	278	0	0	0	CR	MAX	32/36407647.thl.jpg	36407647.thl.jpg	NOKEY	MAX	NOKEY
1444333661155	0	lts_1008L_04_01	04	01	1	279	0	0	0	CR	MAX	1/Acompass18.jpg	Acompass18.jpg	NOKEY	MAX	NOKEY
1444333662191	0	lts_1008L_04_01	04	01	1	280	1	1	1	Hit	567	1-3/Acompass18.jpg	Acompass18.jpg	SPACE	602	SPACE
1444333665284	0	lts_1008L_04_01	04	01	1	281	0	0	0	CR	MAX	cheesies.jpg	cheesies.jpg	NOKEY	MAX	NOKEY
1444333668377	0	lts_1008L_04_01	04	01	1	282	0	0	0	CR	MAX	Aglassbottl56.jpg	Aglassbottl56.jpg	NOKEY	MAX	NOKEY
1444333671469	0	lts_1008L_04_01	04	01	1	283	0	0	0	CR	MAX	ALITTERSC.jpg	ALITTERSC.jpg	NOKEY	MAX	NOKEY
1444333674562	0	lts_1008L_04_01	04	01	1	284	0	0	0	CR	MAX	Ahandbag50.jpg	Ahandbag50.jpg	NOKEY	MAX	NOKEY
1444333675549	0	lts_1008L_04_01	04	01	1	285	16	1	1	Hit	513	16-mul/ACOWBELL6.jpg	ACOWBELL6.jpg	SPACE	551	SPACE
1444333678641	0	lts_1008L_04_01	04	01	1	286	0	0	0	CR	MAX	26428540.thl.jpg	26428540.thl.jpg	NOKEY	MAX	NOKEY
1444333681734	0	lts_1008L_04_01	04	01	1	287	0	0	0	CR	MAX	snowflake.jpg	snowflake.jpg	NOKEY	MAX	NOKEY
1444333682921	0	lts_1008L_04_01	04	01	1	288	64	1	1	Hit	716	64-first/Azebra8.jpg	Azebra8.jpg	SPACE	752	SPACE
1444333685997	0	lts_1008L_04_01	04	01	1	289	0	0	0	CR	MAX	8/Abuilding116.jpg	Abuilding116.jpg	NOKEY	MAX	NOKEY
1444333689091	0	lts_1008L_04_01	04	01	1	290	0	0	0	CR	MAX	Apizzadoughin.jpg	Apizzadoughin.jpg	NOKEY	MAX	NOKEY
1444333692183	0	lts_1008L_04_01	04	01	1	291	0	0	0	CR	MAX	2/Aoilcan11.jpg	Aoilcan11.jpg	NOKEY	MAX	NOKEY
1444333695259	0	lts_1008L_04_01	04	01	1	292	0	0	0	CR	MAX	tofu.jpg	tofu.jpg	NOKEY	MAX	NOKEY
1444333696195	0	lts_1008L_04_01	04	01	1	293	2	1	1	Hit	454	2-7/Aoilcan11.jpg	Aoilcan11.jpg	SPACE	502	SPACE
1444333699288	0	lts_1008L_04_01	04	01	1	294	0	0	0	CR	MAX	Agreenplastic.jpg	Agreenplastic.jpg	NOKEY	MAX	NOKEY
1444333702380	0	lts_1008L_04_01	04	01	1	295	0	0	0	CR	MAX	4/AGARBIN.jpg	AGARBIN.jpg	NOKEY	MAX	NOKEY
1444333705473	0	lts_1008L_04_01	04	01	1	296	0	0	0	CR	MAX	ABARBCHA3.jpg	ABARBCHA3.jpg	NOKEY	MAX	NOKEY
1444333706593	0	lts_1008L_04_01	04	01	1	297	8	1	1	Hit	651	8-first/Abuilding116.jpg	Abuilding116.jpg	SPACE	685	SPACE
1444333709686	0	lts_1008L_04_01	04	01	1	298	0	0	0	CR	MAX	Ahulahoop2.jpg	Ahulahoop2.jpg	NOKEY	MAX	NOKEY
1444333710639	0	lts_1008L_04_01	04	01	1	299	4	1	1	Hit	474	4-5/AGARBIN.jpg	AGARBIN.jpg	SPACE	518	SPACE
1444333713732	0	lts_1008L_04_01	04	01	1	300	0	0	0	CR	MAX	Aclowguit.jpg	Aclowguit.jpg	NOKEY	MAX	NOKEY
1444333714735	0	lts_1008L_04_01	04	01	1	301	4	1	1	Hit	528	4-mul/Abuilding116.jpg	Abuilding116.jpg	SPACE	569	SPACE
1444333717828	0	lts_1008L_04_01	04	01	1	302	0	0	0	CR	MAX	26426803.thl.jpg	26426803.thl.jpg	NOKEY	MAX	NOKEY
1444333720920	0	lts_1008L_04_01	04	01	1	303	0	0	0	CR	MAX	128/AFERRY5.jpg	AFERRY5.jpg	NOKEY	MAX	NOKEY
1444333721873	0	lts_1008L_04_01	04	01	1	304	16	1	1	Hit	476	16-mul/Azebra8.jpg	Azebra8.jpg	SPACE	518	SPACE
1444333724966	0	lts_1008L_04_01	04	01	1	305	0	0	0	CR	MAX	8057434.thl.jpg	8057434.thl.jpg	NOKEY	MAX	NOKEY
1444333728060	0	lts_1008L_04_01	04	01	1	306	0	0	0	CR	MAX	AARTPLANT.jpg	AARTPLANT.jpg	NOKEY	MAX	NOKEY
1444333731152	0	lts_1008L_04_01	04	01	1	307	0	0	0	CR	MAX	Aseahorse4.jpg	Aseahorse4.jpg	NOKEY	MAX	NOKEY
1444333734244	0	lts_1008L_04_01	04	01	1	308	0	0	0	CR	MAX	ASAFE.jpg	ASAFE.jpg	NOKEY	MAX	NOKEY
1444333735515	0	lts_1008L_04_01	04	01	1	309	0	0	1	FA	784	64/26370116.thl.jpg	26370116.thl.jpg	SPACE	820	NOKEY
1444333736635	0	lts_1008L_04_01	04	01	1	310	32	1	1	Hit	645	32-7/36407647.thl.jpg	36407647.thl.jpg	SPACE	686	SPACE
1444333739711	0	lts_1008L_04_01	04	01	1	311	0	0	0	CR	MAX	26379054.thl.jpg	26379054.thl.jpg	NOKEY	MAX	NOKEY
1444333740898	0	lts_1008L_04_01	04	01	1	312	128	1	1	Hit	717	128-3/AEXECHAIR.jpg	AEXECHAIR.jpg	SPACE	752	SPACE
1444333743991	0	lts_1008L_04_01	04	01	1	313	0	0	0	CR	MAX	1/Aboardgame2.jpg	Aboardgame2.jpg	NOKEY	MAX	NOKEY
1444333744960	0	lts_1008L_04_01	04	01	1	314	1	1	1	Hit	485	1-14/Aboardgame2.jpg	Aboardgame2.jpg	SPACE	534	SPACE
1444333748037	0	lts_1008L_04_01	04	01	1	315	0	0	0	CR	MAX	ACAMPFIRE.jpg	ACAMPFIRE.jpg	NOKEY	MAX	NOKEY
1444333751129	0	lts_1008L_04_01	04	01	1	316	0	0	0	CR	MAX	Ametalstool2.jpg	Ametalstool2.jpg	NOKEY	MAX	NOKEY
1444333752834	0	lts_1008L_04_01	04	01	1	317	00	1	1	Hit	1230	00-across/AMECHSOCK.jpg	AMECHSOCK.jpg	SPACE	1270	SPACE
1444333755927	0	lts_1008L_04_01	04	01	1	318	0	0	0	CR	MAX	Awheelchair6.jpg	Awheelchair6.jpg	NOKEY	MAX	NOKEY
1444333759021	0	lts_1008L_04_01	04	01	1	319	0	0	0	CR	MAX	8/Atool62.jpg	Atool62.jpg	NOKEY	MAX	NOKEY
1444333760157	0	lts_1008L_04_01	04	01	1	320	64	1	1	Hit	655	64-first/10049193.thl.jpg	10049193.thl.jpg	SPACE	702	SPACE
1444333763233	0	lts_1008L_04_01	04	01	1	321	0	0	0	CR	MAX	8054039.thl.jpg	8054039.thl.jpg	NOKEY	MAX	NOKEY
1444333764386	0	lts_1008L_04_01	04	01	1	322	00	1	1	Hit	681	00-across/26425112.thl.jpg	26425112.thl.jpg	SPACE	719	SPACE
1444333767479	0	lts_1008L_04_01	04	01	1	323	0	0	0	CR	MAX	Acabinetwithm.jpg	Acabinetwithm.jpg	NOKEY	MAX	NOKEY
1444333768482	0	lts_1008L_04_01	04	01	1	324	4	1	1	Hit	530	4-mul/10049193.thl.jpg	10049193.thl.jpg	SPACE	569	SPACE
1444333771575	0	lts_1008L_04_01	04	01	1	325	0	0	0	CR	MAX	bagelslicer.jpg	bagelslicer.jpg	NOKEY	MAX	NOKEY
1444333774668	0	lts_1008L_04_01	04	01	1	326	0	0	0	CR	MAX	32/ATRUNK15.jpg	ATRUNK15.jpg	NOKEY	MAX	NOKEY
1444333775675	0	lts_1008L_04_01	04	01	1	327	8	1	1	Hit	529	8-first/Atool62.jpg	Atool62.jpg	SPACE	573	SPACE
1444333778768	0	lts_1008L_04_01	04	01	1	328	0	0	0	CR	MAX	AWOODPYRA.jpg	AWOODPYRA.jpg	NOKEY	MAX	NOKEY
1444333781861	0	lts_1008L_04_01	04	01	1	329	0	0	0	CR	MAX	Atool129.jpg	Atool129.jpg	NOKEY	MAX	NOKEY
1444333784953	0	lts_1008L_04_01	04	01	1	330	0	0	0	CR	MAX	Abackaccesso4.jpg	Abackaccesso4.jpg	NOKEY	MAX	NOKEY
1444333785906	0	lts_1008L_04_01	04	01	1	331	4	1	1	Hit	481	4-mul/Atool62.jpg	Atool62.jpg	SPACE	518	SPACE
1444333788999	0	lts_1008L_04_01	04	01	1	332	0	0	0	CR	MAX	32/Aflowerpot15.jpg	Aflowerpot15.jpg	NOKEY	MAX	NOKEY
1444333792093	0	lts_1008L_04_01	04	01	1	333	0	0	0	CR	MAX	8021743.thl.jpg	8021743.thl.jpg	NOKEY	MAX	NOKEY
1444333795168	0	lts_1008L_04_01	04	01	1	334	0	0	0	CR	MAX	64/Ahappbirt.jpg	Ahappbirt.jpg	NOKEY	MAX	NOKEY
1444333798244	0	lts_1008L_04_01	04	01	1	335	0	0	0	CR	MAX	Abagofpaperfl.jpg	Abagofpaperfl.jpg	NOKEY	MAX	NOKEY
1444333801320	0	lts_1008L_04_01	04	01	1	336	0	0	0	CR	MAX	4/AAMMO4.jpg	AAMMO4.jpg	NOKEY	MAX	NOKEY
1444333804396	0	lts_1008L_04_01	04	01	1	337	0	0	0	CR	MAX	ACONSTHA2.jpg	ACONSTHA2.jpg	NOKEY	MAX	NOKEY
1444333805383	0	lts_1008L_04_01	04	01	1	338	64	1	1	Hit	509	64-first/ball8.JPG	ball8.JPG	SPACE	551	SPACE
1444333808475	0	lts_1008L_04_01	04	01	1	339	0	0	0	CR	MAX	22854108.thl.jpg	22854108.thl.jpg	NOKEY	MAX	NOKEY
1444333809529	0	lts_1008L_04_01	04	01	1	340	4	1	1	Hit	579	4-0/AAMMO4.jpg	AAMMO4.jpg	SPACE	618	SPACE
1444333812621	0	lts_1008L_04_01	04	01	1	341	0	0	0	CR	MAX	AROCKCH27.jpg	AROCKCH27.jpg	NOKEY	MAX	NOKEY
1444333813541	0	lts_1008L_04_01	04	01	1	342	4	1	1	Hit	451	4-mul/ball8.JPG	ball8.JPG	SPACE	485	SPACE
1444333816617	0	lts_1008L_04_01	04	01	1	343	0	0	0	CR	MAX	ALINTREMO.jpg	ALINTREMO.jpg	NOKEY	MAX	NOKEY
1444333819710	0	lts_1008L_04_01	04	01	1	344	0	0	0	CR	MAX	Asantaclaus2.jpg	Asantaclaus2.jpg	NOKEY	MAX	NOKEY
1444333822802	0	lts_1008L_04_01	04	01	1	345	0	0	0	CR	MAX	APARKBENC.jpg	APARKBENC.jpg	NOKEY	MAX	NOKEY
1444333824608	0	lts_1008L_04_01	04	01	1	346	128	1	1	Hit	1321	128-1/Ahorse23.jpg	Ahorse23.jpg	SPACE	1371	SPACE
1444333827701	0	lts_1008L_04_01	04	01	1	347	0	0	0	CR	MAX	AMETSCULP.jpg	AMETSCULP.jpg	NOKEY	MAX	NOKEY
1444333830777	0	lts_1008L_04_01	04	01	1	348	0	0	0	CR	MAX	2/ABASTER2.jpg	ABASTER2.jpg	NOKEY	MAX	NOKEY
1444333833870	0	lts_1008L_04_01	04	01	1	349	0	0	0	CR	MAX	26441176.thl.jpg	26441176.thl.jpg	NOKEY	MAX	NOKEY
1444333834906	0	lts_1008L_04_01	04	01	1	350	2	1	1	Hit	551	2-12/ABASTER2.jpg	ABASTER2.jpg	SPACE	602	SPACE
1444333836578	0	lts_1008L_04_01	04	01	1	351	0	0	1	FA	1180	ARATTLE.jpg	ARATTLE.jpg	SPACE	1221	NOKEY
1444333839738	0	lts_1008L_04_01	04	01	1	352	0	0	0	CR	MAX	Atable132.jpg	Atable132.jpg	NOKEY	MAX	NOKEY
1444333842830	0	lts_1008L_04_01	04	01	1	353	0	0	0	CR	MAX	Abellcookiec3.jpg	Abellcookiec3.jpg	NOKEY	MAX	NOKEY
1444333845906	0	lts_1008L_04_01	04	01	1	354	0	0	0	CR	MAX	Aantelopesku5.jpg	Aantelopesku5.jpg	NOKEY	MAX	NOKEY
1444333848999	0	lts_1008L_04_01	04	01	1	355	0	0	0	CR	MAX	ANAPKHOL7.jpg	ANAPKHOL7.jpg	NOKEY	MAX	NOKEY
1444333852076	0	lts_1008L_04_01	04	01	1	356	0	0	0	CR	MAX	26372669.thl.jpg	26372669.thl.jpg	NOKEY	MAX	NOKEY
1444333855151	0	lts_1008L_04_01	04	01	1	357	0	0	0	CR	MAX	32/AKNEEHAMR.jpg	AKNEEHAMR.jpg	NOKEY	MAX	NOKEY
1444333856089	0	lts_1008L_04_01	04	01	1	358	32	1	1	Hit	463	32-8/ATRUNK15.jpg	ATRUNK15.jpg	SPACE	501	SPACE
1444333859164	0	lts_1008L_04_01	04	01	1	359	0	0	0	CR	MAX	gymvaulting.jpg	gymvaulting.jpg	NOKEY	MAX	NOKEY
1444333862240	0	lts_1008L_04_01	04	01	1	360	0	0	0	CR	MAX	APICKLE.jpg	APICKLE.jpg	NOKEY	MAX	NOKEY
1444333865332	0	lts_1008L_04_01	04	01	1	361	0	0	0	CR	MAX	monkeypuppet.jpg	monkeypuppet.jpg	NOKEY	MAX	NOKEY
1444333868408	0	lts_1008L_04_01	04	01	1	362	0	0	0	CR	MAX	26374713.thl.jpg	26374713.thl.jpg	NOKEY	MAX	NOKEY
1444333871501	0	lts_1008L_04_01	04	01	1	363	0	0	0	CR	MAX	8/ASTEAMER.jpg	ASTEAMER.jpg	NOKEY	MAX	NOKEY
1444333872521	0	lts_1008L_04_01	04	01	1	364	32	1	1	Hit	541	32-6/Aflowerpot15.jpg	Aflowerpot15.jpg	SPACE	586	SPACE
1444333875597	0	lts_1008L_04_01	04	01	1	365	0	0	0	CR	MAX	Acableandacce.jpg	Acableandacce.jpg	NOKEY	MAX	NOKEY
1444333878690	0	lts_1008L_04_01	04	01	1	366	0	0	0	CR	MAX	ASCALE30.jpg	ASCALE30.jpg	NOKEY	MAX	NOKEY
1444333881783	0	lts_1008L_04_01	04	01	1	367	0	0	0	CR	MAX	8/AMAPLESYR.jpg	AMAPLESYR.jpg	NOKEY	MAX	NOKEY
1444333884875	0	lts_1008L_04_01	04	01	1	368	0	0	0	CR	MAX	1/ATOMATOSA.jpg	ATOMATOSA.jpg	NOKEY	MAX	NOKEY
1444333885828	0	lts_1008L_04_01	04	01	1	369	1	1	1	Hit	470	1-0/ATOMATOSA.jpg	ATOMATOSA.jpg	SPACE	518	SPACE
1444333888921	0	lts_1008L_04_01	04	01	1	370	0	0	0	CR	MAX	32/AFISH20.jpg	AFISH20.jpg	NOKEY	MAX	NOKEY
1444333890109	0	lts_1008L_04_01	04	01	1	371	8	1	1	Hit	711	8-first/ASTEAMER.jpg	ASTEAMER.jpg	SPACE	752	SPACE
1444333893184	0	lts_1008L_04_01	04	01	1	372	0	0	0	CR	MAX	ABOAT16.jpg	ABOAT16.jpg	NOKEY	MAX	NOKEY
1444333894287	0	lts_1008L_04_01	04	01	1	373	64	1	1	Hit	619	64-first/26370116.thl.jpg	26370116.thl.jpg	SPACE	668	SPACE
1444333897380	0	lts_1008L_04_01	04	01	1	374	0	0	0	CR	MAX	26377631.thl.jpg	26377631.thl.jpg	NOKEY	MAX	NOKEY
1444333898467	0	lts_1008L_04_01	04	01	1	375	8	1	1	Hit	602	8-first/AMAPLESYR.jpg	AMAPLESYR.jpg	SPACE	653	SPACE
1444333901560	0	lts_1008L_04_01	04	01	1	376	0	0	0	CR	MAX	XPGame.jpg	XPGame.jpg	NOKEY	MAX	NOKEY
1444333902496	0	lts_1008L_04_01	04	01	1	377	4	1	1	Hit	459	4-mul/26370116.thl.jpg	26370116.thl.jpg	SPACE	503	SPACE
1444333905589	0	lts_1008L_04_01	04	01	1	378	0	0	0	CR	MAX	1/ALITERBOX.jpg	ALITERBOX.jpg	NOKEY	MAX	NOKEY
1444333906491	0	lts_1008L_04_01	04	01	1	379	1	1	1	Hit	423	1-11/ALITERBOX.jpg	ALITERBOX.jpg	SPACE	469	SPACE
1444333909584	0	lts_1008L_04_01	04	01	1	380	0	0	0	CR	MAX	Apilldispens3.jpg	Apilldispens3.jpg	NOKEY	MAX	NOKEY
1444333912677	0	lts_1008L_04_01	04	01	1	381	0	0	0	CR	MAX	4/Aeggcup224.jpg	Aeggcup224.jpg	NOKEY	MAX	NOKEY
1444333915770	0	lts_1008L_04_01	04	01	1	382	0	0	0	CR	MAX	8079958.thl.jpg	8079958.thl.jpg	NOKEY	MAX	NOKEY
1444333918846	0	lts_1008L_04_01	04	01	1	383	0	0	0	CR	MAX	22826448.thl.jpg	22826448.thl.jpg	NOKEY	MAX	NOKEY
1444333921939	0	lts_1008L_04_01	04	01	1	384	0	0	0	CR	MAX	Acliplatch.jpg	Acliplatch.jpg	NOKEY	MAX	NOKEY
1444333922908	0	lts_1008L_04_01	04	01	1	385	4	1	1	Hit	485	4-3/Aeggcup224.jpg	Aeggcup224.jpg	SPACE	535	SPACE
1444333925984	0	lts_1008L_04_01	04	01	1	386	0	0	0	CR	MAX	26425788.thl.jpg	26425788.thl.jpg	NOKEY	MAX	NOKEY
1444333926937	0	lts_1008L_04_01	04	01	1	387	16	1	1	Hit	476	16-mul/ASTEAMER.jpg	ASTEAMER.jpg	SPACE	517	SPACE
1444333930031	0	lts_1008L_04_01	04	01	1	388	0	0	0	CR	MAX	Agarbagebag.jpg	Agarbagebag.jpg	NOKEY	MAX	NOKEY
1444333931034	0	lts_1008L_04_01	04	01	1	389	32	1	1	Hit	521	32-1/AKNEEHAMR.jpg	AKNEEHAMR.jpg	SPACE	567	SPACE
1444333934126	0	lts_1008L_04_01	04	01	1	390	0	0	0	CR	MAX	Atrafficsign2.jpg	Atrafficsign2.jpg	NOKEY	MAX	NOKEY
1444333935046	0	lts_1008L_04_01	04	01	1	391	16	1	1	Hit	445	16-mul/AMAPLESYR.jpg	AMAPLESYR.jpg	SPACE	485	SPACE
1444333938138	0	lts_1008L_04_01	04	01	1	392	0	0	0	CR	MAX	2/Ahappdec4.jpg	Ahappdec4.jpg	NOKEY	MAX	NOKEY
1444333941214	0	lts_1008L_04_01	04	01	1	393	0	0	0	CR	MAX	carseat.jpg	carseat.jpg	NOKEY	MAX	NOKEY
1444333942167	0	lts_1008L_04_01	04	01	1	394	2	1	1	Hit	473	2-9/Ahappdec4.jpg	Ahappdec4.jpg	SPACE	518	SPACE
1444333945243	0	lts_1008L_04_01	04	01	1	395	0	0	0	CR	MAX	36411021.thl.jpg	36411021.thl.jpg	NOKEY	MAX	NOKEY
1444333948319	0	lts_1008L_04_01	04	01	1	396	0	0	0	CR	MAX	AANTFRYI2.jpg	AANTFRYI2.jpg	NOKEY	MAX	NOKEY
1444333951412	0	lts_1008L_04_01	04	01	1	397	0	0	0	CR	MAX	26374146.thl.jpg	26374146.thl.jpg	NOKEY	MAX	NOKEY
1444333952348	0	lts_1008L_04_01	04	01	1	398	64	1	1	Hit	455	64-first/Ahappbirt.jpg	Ahappbirt.jpg	SPACE	501	SPACE
1444333955441	0	lts_1008L_04_01	04	01	1	399	0	0	0	CR	MAX	ignitionkey01.jpg	ignitionkey01.jpg	NOKEY	MAX	NOKEY
1444333956377	0	lts_1008L_04_01	04	01	1	400	2	1	1	Hit	458	2-mul/Ahappbirt.jpg	Ahappbirt.jpg	SPACE	501	SPACE
1444333959554	0	lts_1008L_04_01	04	01	1	401	0	0	0	CR	MAX	Aconchshe.jpg	Aconchshe.jpg	NOKEY	MAX	NOKEY
1444333960590	0	lts_1008L_04_01	04	01	1	402	32	1	1	Hit	560	32-5/AFISH20.jpg	AFISH20.jpg	SPACE	602	SPACE
1444333963683	0	lts_1008L_04_01	04	01	1	403	0	0	0	CR	MAX	16/AKETTLE35.jpg	AKETTLE35.jpg	NOKEY	MAX	NOKEY
1444333966776	0	lts_1008L_04_01	04	01	1	404	0	0	0	CR	MAX	22824840.thl.jpg	22824840.thl.jpg	NOKEY	MAX	NOKEY
1444333969852	0	lts_1008L_04_01	04	01	1	405	0	0	0	CR	MAX	AKNIFECOL.jpg	AKNIFECOL.jpg	NOKEY	MAX	NOKEY
1444333972928	0	lts_1008L_04_01	04	01	1	406	0	0	0	CR	MAX	Acleaningbru3.jpg	Acleaningbru3.jpg	NOKEY	MAX	NOKEY
1444333976005	0	lts_1008L_04_01	04	01	1	407	0	0	0	CR	MAX	dftslturapr.jpg	dftslturapr.jpg	NOKEY	MAX	NOKEY
1444333977008	0	lts_1008L_04_01	04	01	1	408	00	1	1	Hit	520	00-across/ACEDAR.jpg	ACEDAR.jpg	SPACE	568	SPACE
1444333980101	0	lts_1008L_04_01	04	01	1	409	0	0	0	CR	MAX	16/26439297.thl.jpg	26439297.thl.jpg	NOKEY	MAX	NOKEY
1444333983193	0	lts_1008L_04_01	04	01	1	410	0	0	0	CR	MAX	ASUSHI9.jpg	ASUSHI9.jpg	NOKEY	MAX	NOKEY
1444333986285	0	lts_1008L_04_01	04	01	1	411	0	0	0	CR	MAX	clawhairclips.jpg	clawhairclips.jpg	NOKEY	MAX	NOKEY
1444333988058	0	lts_1008L_04_01	04	01	1	412	0	0	1	FA	1253	ABUFFALO.jpg	ABUFFALO.jpg	SPACE	1304	NOKEY
1444333991134	0	lts_1008L_04_01	04	01	1	413	0	0	0	CR	MAX	26374605.thl.jpg	26374605.thl.jpg	NOKEY	MAX	NOKEY
1444333994226	0	lts_1008L_04_01	04	01	1	414	0	0	0	CR	MAX	1/ASEWING.jpg	ASEWING.jpg	NOKEY	MAX	NOKEY
1444333995146	0	lts_1008L_04_01	04	01	1	415	1	1	1	Hit	444	1-13/ASEWING.jpg	ASEWING.jpg	SPACE	485	SPACE
1444333998239	0	lts_1008L_04_01	04	01	1	416	0	0	0	CR	MAX	32/Azucchini9.jpg	Azucchini9.jpg	NOKEY	MAX	NOKEY
1444334001331	0	lts_1008L_04_01	04	01	1	417	0	0	0	CR	MAX	Amousepad.jpg	Amousepad.jpg	NOKEY	MAX	NOKEY
1444334004424	0	lts_1008L_04_01	04	01	1	418	0	0	0	CR	MAX	16/kotsltd.jpg	kotsltd.jpg	NOKEY	MAX	NOKEY
1444334005511	0	lts_1008L_04_01	04	01	1	419	16	1	1	Hit	615	16-first/AKETTLE35.jpg	AKETTLE35.jpg	SPACE	653	SPACE
1444334008604	0	lts_1008L_04_01	04	01	1	420	0	0	0	CR	MAX	Adog71.jpg	Adog71.jpg	NOKEY	MAX	NOKEY
1444334009506	0	lts_1008L_04_01	04	01	1	421	2	1	1	Hit	430	2-mul/AKETTLE35.jpg	AKETTLE35.jpg	SPACE	469	SPACE
1444334012599	0	lts_1008L_04_01	04	01	1	422	0	0	0	CR	MAX	Afueltank11.jpg	Afueltank11.jpg	NOKEY	MAX	NOKEY
1444334015675	0	lts_1008L_04_01	04	01	1	423	0	0	0	CR	MAX	Abuilding5.jpg	Abuilding5.jpg	NOKEY	MAX	NOKEY
1444334018751	0	lts_1008L_04_01	04	01	1	424	0	0	0	CR	MAX	cigarette03.jpg	cigarette03.jpg	NOKEY	MAX	NOKEY
1444334020122	0	lts_1008L_04_01	04	01	1	425	16	1	1	Hit	894	16-first/26439297.thl.jpg	26439297.thl.jpg	SPACE	936	SPACE
1444334023215	0	lts_1008L_04_01	04	01	1	426	0	0	0	CR	MAX	1/Abrasscr2.jpg	Abrasscr2.jpg	NOKEY	MAX	NOKEY
1444334024184	0	lts_1008L_04_01	04	01	1	427	1	1	1	Hit	499	1-9/Abrasscr2.jpg	Abrasscr2.jpg	SPACE	535	SPACE
1444334027277	0	lts_1008L_04_01	04	01	1	428	0	0	0	CR	MAX	Ahalfchoc.jpg	Ahalfchoc.jpg	NOKEY	MAX	NOKEY
1444334028197	0	lts_1008L_04_01	04	01	1	429	4	1	1	Hit	437	4-mul/26439297.thl.jpg	26439297.thl.jpg	SPACE	485	SPACE
1444334031290	0	lts_1008L_04_01	04	01	1	430	0	0	0	CR	MAX	Awheatstalks2.jpg	Awheatstalks2.jpg	NOKEY	MAX	NOKEY
1444334032359	0	lts_1008L_04_01	04	01	1	431	128	1	1	Hit	598	128-0/AFERRY5.jpg	AFERRY5.jpg	SPACE	635	SPACE
1444334035452	0	lts_1008L_04_01	04	01	1	432	0	0	0	CR	MAX	22856988.thl.jpg	22856988.thl.jpg	NOKEY	MAX	NOKEY
1444334038545	0	lts_1008L_04_01	04	01	1	433	0	0	0	CR	MAX	Apepperoni.jpg	Apepperoni.jpg	NOKEY	MAX	NOKEY
1444334039665	0	lts_1008L_04_01	04	01	1	434	16	1	1	Hit	638	16-first/kotsltd.jpg	kotsltd.jpg	SPACE	685	SPACE
1444334042741	0	lts_1008L_04_01	04	01	1	435	0	0	0	CR	MAX	Abucketwithcl.jpg	Abucketwithcl.jpg	NOKEY	MAX	NOKEY
1444334044145	0	lts_1008L_04_01	04	01	1	436	0	0	1	FA	934	8/AAIRPUMP2.jpg	AAIRPUMP2.jpg	SPACE	969	NOKEY
1444334047222	0	lts_1008L_04_01	04	01	1	437	0	0	0	CR	MAX	23028486.thl.jpg	23028486.thl.jpg	NOKEY	MAX	NOKEY
1444334048174	0	lts_1008L_04_01	04	01	1	438	4	1	1	Hit	471	4-mul/kotsltd.jpg	kotsltd.jpg	SPACE	518	SPACE
1444334051250	0	lts_1008L_04_01	04	01	1	439	0	0	0	CR	MAX	26373735.thl.jpg	26373735.thl.jpg	NOKEY	MAX	NOKEY
1444334054343	0	lts_1008L_04_01	04	01	1	440	0	0	0	CR	MAX	1/Alifeves2.jpg	Alifeves2.jpg	NOKEY	MAX	NOKEY
1444334055196	0	lts_1008L_04_01	04	01	1	441	1	1	1	Hit	373	1-4/Alifeves2.jpg	Alifeves2.jpg	SPACE	418	SPACE
1444334058289	0	lts_1008L_04_01	04	01	1	442	0	0	0	CR	MAX	26434233.thl.jpg	26434233.thl.jpg	NOKEY	MAX	NOKEY
1444334061365	0	lts_1008L_04_01	04	01	1	443	0	0	0	CR	MAX	26687176.thl.jpg	26687176.thl.jpg	NOKEY	MAX	NOKEY
1444334062401	0	lts_1008L_04_01	04	01	1	444	8	1	1	Hit	561	8-first/AAIRPUMP2.jpg	AAIRPUMP2.jpg	SPACE	602	SPACE
1444334065494	0	lts_1008L_04_01	04	01	1	445	0	0	0	CR	MAX	AELEPHAN7.jpg	AELEPHAN7.jpg	NOKEY	MAX	NOKEY
1444334066547	0	lts_1008L_04_01	04	01	1	446	2	1	1	Hit	578	2-mul/AAIRPUMP2.jpg	AAIRPUMP2.jpg	SPACE	618	SPACE
1444334069623	0	lts_1008L_04_01	04	01	1	447	0	0	0	CR	MAX	26372785.thl.jpg	26372785.thl.jpg	NOKEY	MAX	NOKEY
1444334070626	0	lts_1008L_04_01	04	01	1	448	32	1	1	Hit	519	32-9/Azucchini9.jpg	Azucchini9.jpg	SPACE	568	SPACE
1444334073719	0	lts_1008L_04_01	04	01	1	449	0	0	0	CR	MAX	Aleaf74.jpg	Aleaf74.jpg	NOKEY	MAX	NOKEY
1444334110632	0	E	Logging Ends
