1463846859890	0	B	Logging Begins
1463847297847	0	lts2_0521L_22_01	22	01	0	0	0	0	0	CR	MAX	Aextensionco8.jpg	Aextensionco8.jpg	NOKEY	MAX	NOKEY
1463847300938	0	lts2_0521L_22_01	22	01	0	1	0	0	0	CR	MAX	APHARAOH.jpg	APHARAOH.jpg	NOKEY	MAX	NOKEY
1463847304030	0	lts2_0521L_22_01	22	01	0	2	0	0	0	CR	MAX	Acamerabag.jpg	Acamerabag.jpg	NOKEY	MAX	NOKEY
1463847307121	0	lts2_0521L_22_01	22	01	0	3	0	0	0	CR	MAX	Acow60.jpg	Acow60.jpg	NOKEY	MAX	NOKEY
1463847310196	0	lts2_0521L_22_01	22	01	0	4	0	0	0	CR	MAX	APICKLES6.jpg	APICKLES6.jpg	NOKEY	MAX	NOKEY
1463847313270	0	lts2_0521L_22_01	22	01	0	5	0	0	0	CR	MAX	128/Adrinkinggl21.jpg	Adrinkinggl21.jpg	NOKEY	MAX	NOKEY
1463847316344	0	lts2_0521L_22_01	22	01	0	6	0	0	0	CR	MAX	AHAMPER.jpg	AHAMPER.jpg	NOKEY	MAX	NOKEY
1463847319436	0	lts2_0521L_22_01	22	01	0	7	0	0	1	FA	125	2/Aspoolofthre6.jpg	Aspoolofthre6.jpg	SPACE	167	NOKEY
1463847322510	0	lts2_0521L_22_01	22	01	0	8	0	0	0	CR	MAX	23057742.thl.jpg	23057742.thl.jpg	NOKEY	MAX	NOKEY
1463847325584	0	lts2_0521L_22_01	22	01	0	9	2	1	0	Miss	MAX	2-3/Aspoolofthre6.jpg	Aspoolofthre6.jpg	NOKEY	MAX	SPACE
1463847328658	0	lts2_0521L_22_01	22	01	0	10	0	0	0	CR	MAX	Abird5.jpg	Abird5.jpg	NOKEY	MAX	NOKEY
1463847331748	0	lts2_0521L_22_01	22	01	0	11	0	0	0	CR	MAX	26433592.thl.jpg	26433592.thl.jpg	NOKEY	MAX	NOKEY
1463847334839	0	lts2_0521L_22_01	22	01	0	12	0	0	0	CR	MAX	ACHIPROL2.jpg	ACHIPROL2.jpg	NOKEY	MAX	NOKEY
1463847337930	0	lts2_0521L_22_01	22	01	0	13	0	0	0	CR	MAX	26451269.thl.jpg	26451269.thl.jpg	NOKEY	MAX	NOKEY
1463847341006	0	lts2_0521L_22_01	22	01	0	14	0	0	0	CR	MAX	mixer.jpg	mixer.jpg	NOKEY	MAX	NOKEY
1463847344080	0	lts2_0521L_22_01	22	01	0	15	0	0	0	CR	MAX	orientalvase.jpg	orientalvase.jpg	NOKEY	MAX	NOKEY
1463847347155	0	lts2_0521L_22_01	22	01	0	16	0	0	0	CR	MAX	64/ACUSTMACH.jpg	ACUSTMACH.jpg	NOKEY	MAX	NOKEY
1463847350246	0	lts2_0521L_22_01	22	01	0	17	0	0	0	CR	MAX	8/ATVLAMP.jpg	ATVLAMP.jpg	NOKEY	MAX	NOKEY
1463847353320	0	lts2_0521L_22_01	22	01	0	18	0	0	0	CR	MAX	4/AGRATER.jpg	AGRATER.jpg	NOKEY	MAX	NOKEY
1463847356394	0	lts2_0521L_22_01	22	01	0	19	0	0	0	CR	MAX	ACHIPPER.jpg	ACHIPPER.jpg	NOKEY	MAX	NOKEY
1463847359469	0	lts2_0521L_22_01	22	01	0	20	0	0	0	CR	MAX	512/Aceramichous2.jpg	Aceramichous2.jpg	NOKEY	MAX	NOKEY
1463847362543	0	lts2_0521L_22_01	22	01	0	21	0	0	0	CR	MAX	chocolatebar.jpg	chocolatebar.jpg	NOKEY	MAX	NOKEY
1463847365617	0	lts2_0521L_22_01	22	01	0	22	4	1	0	Miss	MAX	4-12/AGRATER.jpg	AGRATER.jpg	NOKEY	MAX	SPACE
1463847368691	0	lts2_0521L_22_01	22	01	0	23	0	0	0	CR	MAX	8/Atool129.jpg	Atool129.jpg	NOKEY	MAX	NOKEY
1463847371781	0	lts2_0521L_22_01	22	01	0	24	0	0	0	CR	MAX	ASTAMPS.jpg	ASTAMPS.jpg	NOKEY	MAX	NOKEY
1463847374889	0	lts2_0521L_22_01	22	01	0	25	8	1	0	Miss	MAX	8-first/ATVLAMP.jpg	ATVLAMP.jpg	NOKEY	MAX	SPACE
1463847377964	0	lts2_0521L_22_01	22	01	0	26	0	0	0	CR	MAX	Atoycoil.jpg	Atoycoil.jpg	NOKEY	MAX	NOKEY
1463847381039	0	lts2_0521L_22_01	22	01	0	27	2	1	0	Miss	MAX	2-mul/ATVLAMP.jpg	ATVLAMP.jpg	NOKEY	MAX	SPACE
1463847384130	0	lts2_0521L_22_01	22	01	0	28	0	0	0	CR	MAX	Areceptacle3.jpg	Areceptacle3.jpg	NOKEY	MAX	NOKEY
1463847387205	0	lts2_0521L_22_01	22	01	0	29	0	0	0	CR	MAX	26428576.thl.jpg	26428576.thl.jpg	NOKEY	MAX	NOKEY
1463847390312	0	lts2_0521L_22_01	22	01	0	30	0	0	0	CR	MAX	Afaucet9.jpg	Afaucet9.jpg	NOKEY	MAX	NOKEY
1463847393387	0	lts2_0521L_22_01	22	01	0	31	8	1	0	Miss	MAX	8-2/Atool129.jpg	Atool129.jpg	NOKEY	MAX	SPACE
1463847396461	0	lts2_0521L_22_01	22	01	0	32	0	0	0	CR	MAX	AFISH20.jpg	AFISH20.jpg	NOKEY	MAX	NOKEY
1463847399535	0	lts2_0521L_22_01	22	01	0	33	0	0	0	CR	MAX	ABROWNBAG.jpg	ABROWNBAG.jpg	NOKEY	MAX	NOKEY
1463847402609	0	lts2_0521L_22_01	22	01	0	34	0	0	0	CR	MAX	ATOQUE4.jpg	ATOQUE4.jpg	NOKEY	MAX	NOKEY
1463847405684	0	lts2_0521L_22_01	22	01	0	35	0	0	0	CR	MAX	512/AANSHIEL4.jpg	AANSHIEL4.jpg	NOKEY	MAX	NOKEY
1463847408757	0	lts2_0521L_22_01	22	01	0	36	0	0	0	CR	MAX	Atoybucketan4.jpg	Atoybucketan4.jpg	NOKEY	MAX	NOKEY
1463847411848	0	lts2_0521L_22_01	22	01	0	37	0	0	0	CR	MAX	2/8253370.thl.jpg	8253370.thl.jpg	NOKEY	MAX	NOKEY
1463847414939	0	lts2_0521L_22_01	22	01	0	38	0	0	0	CR	MAX	Abloodorange.jpg	Abloodorange.jpg	NOKEY	MAX	NOKEY
1463847418015	0	lts2_0521L_22_01	22	01	0	39	2	1	0	Miss	MAX	2-12/8253370.thl.jpg	8253370.thl.jpg	NOKEY	MAX	SPACE
1463847421106	0	lts2_0521L_22_01	22	01	0	40	0	0	0	CR	MAX	8/Afloweredsan3.jpg	Afloweredsan3.jpg	NOKEY	MAX	NOKEY
1463847424180	0	lts2_0521L_22_01	22	01	0	41	0	0	0	CR	MAX	22856256.thl.jpg	22856256.thl.jpg	NOKEY	MAX	NOKEY
1463847427271	0	lts2_0521L_22_01	22	01	0	42	0	0	0	CR	MAX	22910996.thl.jpg	22910996.thl.jpg	NOKEY	MAX	NOKEY
1463847430346	0	lts2_0521L_22_01	22	01	0	43	0	0	0	CR	MAX	26427612.thl.jpg	26427612.thl.jpg	NOKEY	MAX	NOKEY
1463847433420	0	lts2_0521L_22_01	22	01	0	44	0	0	0	CR	MAX	securitycamera.jpg	securitycamera.jpg	NOKEY	MAX	NOKEY
1463847436511	0	lts2_0521L_22_01	22	01	0	45	0	0	0	CR	MAX	stickersparty.jpg	stickersparty.jpg	NOKEY	MAX	NOKEY
1463847439585	0	lts2_0521L_22_01	22	01	0	46	0	0	0	CR	MAX	Afan49.jpg	Afan49.jpg	NOKEY	MAX	NOKEY
1463847442659	0	lts2_0521L_22_01	22	01	0	47	0	0	0	CR	MAX	4/AROCKET20.jpg	AROCKET20.jpg	NOKEY	MAX	NOKEY
1463847445749	0	lts2_0521L_22_01	22	01	0	48	8	1	0	Miss	MAX	8-first/Afloweredsan3.jpg	Afloweredsan3.jpg	NOKEY	MAX	SPACE
1463847448841	0	lts2_0521L_22_01	22	01	0	49	0	0	0	CR	MAX	AANTCABL2.jpg	AANTCABL2.jpg	NOKEY	MAX	NOKEY
1463847451915	0	lts2_0521L_22_01	22	01	0	50	0	0	0	CR	MAX	32/AMETICUBE.jpg	AMETICUBE.jpg	NOKEY	MAX	NOKEY
1463847454989	0	lts2_0521L_22_01	22	01	0	51	4	1	0	Miss	MAX	4-6/AROCKET20.jpg	AROCKET20.jpg	NOKEY	MAX	SPACE
1463847458065	0	lts2_0521L_22_01	22	01	0	52	0	0	0	CR	MAX	AMEDEQUI9.jpg	AMEDEQUI9.jpg	NOKEY	MAX	NOKEY
1463847461139	0	lts2_0521L_22_01	22	01	0	53	0	0	0	CR	MAX	128/AGARBCAN.jpg	AGARBCAN.jpg	NOKEY	MAX	NOKEY
1463847464213	0	lts2_0521L_22_01	22	01	0	54	0	0	0	CR	MAX	AWATERFL3.jpg	AWATERFL3.jpg	NOKEY	MAX	NOKEY
1463847467304	0	lts2_0521L_22_01	22	01	0	55	0	0	0	CR	MAX	AGERMANH4.jpg	AGERMANH4.jpg	NOKEY	MAX	NOKEY
1463847470379	0	lts2_0521L_22_01	22	01	0	56	0	0	0	CR	MAX	AARTBERRI.jpg	AARTBERRI.jpg	NOKEY	MAX	NOKEY
1463847473470	0	lts2_0521L_22_01	22	01	0	57	0	0	0	CR	MAX	256/Atool120.jpg	Atool120.jpg	NOKEY	MAX	NOKEY
1463847476544	0	lts2_0521L_22_01	22	01	0	58	0	0	0	CR	MAX	Lanyard.jpg	Lanyard.jpg	NOKEY	MAX	NOKEY
1463847479618	0	lts2_0521L_22_01	22	01	0	59	0	0	0	CR	MAX	AROOSTERP.jpg	AROOSTERP.jpg	NOKEY	MAX	NOKEY
1463847482709	0	lts2_0521L_22_01	22	01	0	60	0	0	0	CR	MAX	hotgreenpepper.jpg	hotgreenpepper.jpg	NOKEY	MAX	NOKEY
1463847485816	0	lts2_0521L_22_01	22	01	0	61	0	0	0	CR	MAX	AACORN2.jpg	AACORN2.jpg	NOKEY	MAX	NOKEY
1463847488891	0	lts2_0521L_22_01	22	01	0	62	0	0	0	CR	MAX	16/Acheque.jpg	Acheque.jpg	NOKEY	MAX	NOKEY
1463847491965	0	lts2_0521L_22_01	22	01	0	63	0	0	0	CR	MAX	ABOOTCRA5.jpg	ABOOTCRA5.jpg	NOKEY	MAX	NOKEY
1463847495040	0	lts2_0521L_22_01	22	01	0	64	16	1	0	Miss	MAX	16-mul/Afloweredsan3.jpg	Afloweredsan3.jpg	NOKEY	MAX	SPACE
1463847498115	0	lts2_0521L_22_01	22	01	0	65	0	0	0	CR	MAX	1/hulahoop.jpg	hulahoop.jpg	NOKEY	MAX	NOKEY
1463847501189	0	lts2_0521L_22_01	22	01	0	66	1	1	0	Miss	MAX	1-12/hulahoop.jpg	hulahoop.jpg	NOKEY	MAX	SPACE
1463847504263	0	lts2_0521L_22_01	22	01	0	67	0	0	0	CR	MAX	26374787.thl.jpg	26374787.thl.jpg	NOKEY	MAX	NOKEY
1463847507338	0	lts2_0521L_22_01	22	01	0	68	0	0	0	CR	MAX	Arecyclingbox.jpg	Arecyclingbox.jpg	NOKEY	MAX	NOKEY
1463847510445	0	lts2_0521L_22_01	22	01	0	69	0	0	0	CR	MAX	Ashovel8.jpg	Ashovel8.jpg	NOKEY	MAX	NOKEY
1463847513536	0	lts2_0521L_22_01	22	01	0	70	0	0	0	CR	MAX	35314138.thl.jpg	35314138.thl.jpg	NOKEY	MAX	NOKEY
1463847516611	0	lts2_0521L_22_01	22	01	0	71	0	0	0	CR	MAX	22855536.thl.jpg	22855536.thl.jpg	NOKEY	MAX	NOKEY
1463847519685	0	lts2_0521L_22_01	22	01	0	72	0	0	0	CR	MAX	1/26431205.thl.jpg	26431205.thl.jpg	NOKEY	MAX	NOKEY
1463847522775	0	lts2_0521L_22_01	22	01	0	73	1	1	0	Miss	MAX	1-6/26431205.thl.jpg	26431205.thl.jpg	NOKEY	MAX	SPACE
1463847525849	0	lts2_0521L_22_01	22	01	0	74	0	0	0	CR	MAX	hurdle.jpg	hurdle.jpg	NOKEY	MAX	NOKEY
1463847528941	0	lts2_0521L_22_01	22	01	0	75	0	0	0	CR	MAX	Aeggcup224.jpg	Aeggcup224.jpg	NOKEY	MAX	NOKEY
1463847532016	0	lts2_0521L_22_01	22	01	0	76	0	0	0	CR	MAX	32/ACHINDECP.jpg	ACHINDECP.jpg	NOKEY	MAX	NOKEY
1463847535090	0	lts2_0521L_22_01	22	01	0	77	0	0	0	CR	MAX	Atoyboxwithb2.jpg	Atoyboxwithb2.jpg	NOKEY	MAX	NOKEY
1463847538165	0	lts2_0521L_22_01	22	01	0	78	16	1	0	Miss	MAX	16-first/Acheque.jpg	Acheque.jpg	NOKEY	MAX	SPACE
1463847541239	0	lts2_0521L_22_01	22	01	0	79	0	0	0	CR	MAX	Acaterpilla11.jpg	Acaterpilla11.jpg	NOKEY	MAX	NOKEY
1463847544313	0	lts2_0521L_22_01	22	01	0	80	64	1	0	Miss	MAX	64-first/ACUSTMACH.jpg	ACUSTMACH.jpg	NOKEY	MAX	SPACE
1463847547404	0	lts2_0521L_22_01	22	01	0	81	0	0	0	CR	MAX	512/26372390.thl.jpg	26372390.thl.jpg	NOKEY	MAX	NOKEY
1463847550478	0	lts2_0521L_22_01	22	01	0	82	32	1	0	Miss	MAX	32-1/AMETICUBE.jpg	AMETICUBE.jpg	NOKEY	MAX	SPACE
1463847553553	0	lts2_0521L_22_01	22	01	0	83	0	0	0	CR	MAX	Atoymerrygoro.jpg	Atoymerrygoro.jpg	NOKEY	MAX	NOKEY
1463847556644	0	lts2_0521L_22_01	22	01	0	84	0	0	0	CR	MAX	AWOODSPAT.jpg	AWOODSPAT.jpg	NOKEY	MAX	NOKEY
1463847559718	0	lts2_0521L_22_01	22	01	0	85	0	0	0	CR	MAX	Acardinal2.jpg	Acardinal2.jpg	NOKEY	MAX	NOKEY
1463847562808	0	lts2_0521L_22_01	22	01	0	86	0	0	0	CR	MAX	ACARMON.jpg	ACARMON.jpg	NOKEY	MAX	NOKEY
1463847565899	0	lts2_0521L_22_01	22	01	0	87	0	0	0	CR	MAX	AJAR15.jpg	AJAR15.jpg	NOKEY	MAX	NOKEY
1463847568991	0	lts2_0521L_22_01	22	01	0	88	0	0	0	CR	MAX	racetrack.jpg	racetrack.jpg	NOKEY	MAX	NOKEY
1463847572066	0	lts2_0521L_22_01	22	01	0	89	0	0	0	CR	MAX	26372465.thl.jpg	26372465.thl.jpg	NOKEY	MAX	NOKEY
1463847575140	0	lts2_0521L_22_01	22	01	0	90	0	0	0	CR	MAX	Asewingpin.jpg	Asewingpin.jpg	NOKEY	MAX	NOKEY
1463847578215	0	lts2_0521L_22_01	22	01	0	91	0	0	0	CR	MAX	ABAKBRUS2.jpg	ABAKBRUS2.jpg	NOKEY	MAX	NOKEY
1463847581356	0	lts2_0521L_22_01	22	01	0	92	0	0	0	CR	MAX	Aplum11.jpg	Aplum11.jpg	NOKEY	MAX	NOKEY
1463847584447	0	lts2_0521L_22_01	22	01	0	93	0	0	0	CR	MAX	ACATCAGE.jpg	ACATCAGE.jpg	NOKEY	MAX	NOKEY
1463847587521	0	lts2_0521L_22_01	22	01	0	94	16	1	0	Miss	MAX	16-mul/Acheque.jpg	Acheque.jpg	NOKEY	MAX	SPACE
1463847590595	0	lts2_0521L_22_01	22	01	0	95	0	0	0	CR	MAX	26427903.thl.jpg	26427903.thl.jpg	NOKEY	MAX	NOKEY
1463847593686	0	lts2_0521L_22_01	22	01	0	96	16	1	0	Miss	MAX	16-mul/ACUSTMACH.jpg	ACUSTMACH.jpg	NOKEY	MAX	SPACE
1463847596793	0	lts2_0521L_22_01	22	01	0	97	0	0	0	CR	MAX	AWOODST11.jpg	AWOODST11.jpg	NOKEY	MAX	NOKEY
1463847599868	0	lts2_0521L_22_01	22	01	0	98	0	0	0	CR	MAX	26433387.thl.jpg	26433387.thl.jpg	NOKEY	MAX	NOKEY
1463847602942	0	lts2_0521L_22_01	22	01	0	99	0	0	0	CR	MAX	Agardeningrak.jpg	Agardeningrak.jpg	NOKEY	MAX	NOKEY
1463847606017	0	lts2_0521L_22_01	22	01	0	100	0	0	0	CR	MAX	Aclowguit.jpg	Aclowguit.jpg	NOKEY	MAX	NOKEY
1463847609108	0	lts2_0521L_22_01	22	01	0	101	0	0	0	CR	MAX	Aflower103.jpg	Aflower103.jpg	NOKEY	MAX	NOKEY
1463847612183	0	lts2_0521L_22_01	22	01	0	102	0	0	0	CR	MAX	2/ASPRITZER.jpg	ASPRITZER.jpg	NOKEY	MAX	NOKEY
1463847615291	0	lts2_0521L_22_01	22	01	0	103	0	0	0	CR	MAX	ASCYTHE7.jpg	ASCYTHE7.jpg	NOKEY	MAX	NOKEY
1463847618365	0	lts2_0521L_22_01	22	01	0	104	2	1	0	Miss	MAX	2-5/ASPRITZER.jpg	ASPRITZER.jpg	NOKEY	MAX	SPACE
1463847621472	0	lts2_0521L_22_01	22	01	0	105	0	0	0	CR	MAX	Ababtoy13.jpg	Ababtoy13.jpg	NOKEY	MAX	NOKEY
1463847624547	0	lts2_0521L_22_01	22	01	0	106	0	0	0	CR	MAX	AWOODST19.jpg	AWOODST19.jpg	NOKEY	MAX	NOKEY
1463847627621	0	lts2_0521L_22_01	22	01	0	107	0	0	0	CR	MAX	APARKBENC.jpg	APARKBENC.jpg	NOKEY	MAX	NOKEY
1463847630712	0	lts2_0521L_22_01	22	01	0	108	32	1	0	Miss	MAX	32-0/ACHINDECP.jpg	ACHINDECP.jpg	NOKEY	MAX	SPACE
1463847633802	0	lts2_0521L_22_01	22	01	0	109	0	0	0	CR	MAX	Alifeves2.jpg	Alifeves2.jpg	NOKEY	MAX	NOKEY
1463847636877	0	lts2_0521L_22_01	22	01	0	110	0	0	0	CR	MAX	512/AKNIGHELM.jpg	AKNIGHELM.jpg	NOKEY	MAX	NOKEY
1463847639951	0	lts2_0521L_22_01	22	01	0	111	0	0	0	CR	MAX	8/AMIXBOAR2.jpg	AMIXBOAR2.jpg	NOKEY	MAX	NOKEY
1463847643026	0	lts2_0521L_22_01	22	01	0	112	0	0	0	CR	MAX	AGLASSTAB.jpg	AGLASSTAB.jpg	NOKEY	MAX	NOKEY
1463847646101	0	lts2_0521L_22_01	22	01	0	113	0	0	0	CR	MAX	AFILM.jpg	AFILM.jpg	NOKEY	MAX	NOKEY
1463847649192	0	lts2_0521L_22_01	22	01	0	114	0	0	0	CR	MAX	26441750.thl.jpg	26441750.thl.jpg	NOKEY	MAX	NOKEY
1463847652283	0	lts2_0521L_22_01	22	01	0	115	0	0	0	CR	MAX	AWHISBARR.jpg	AWHISBARR.jpg	NOKEY	MAX	NOKEY
1463847655374	0	lts2_0521L_22_01	22	01	0	116	0	0	0	CR	MAX	Apostalscale2.jpg	Apostalscale2.jpg	NOKEY	MAX	NOKEY
1463847658448	0	lts2_0521L_22_01	22	01	0	117	0	0	0	CR	MAX	26437068.thl.jpg	26437068.thl.jpg	NOKEY	MAX	NOKEY
1463847661539	0	lts2_0521L_22_01	22	01	0	118	0	0	0	CR	MAX	26423477.thl.jpg	26423477.thl.jpg	NOKEY	MAX	NOKEY
1463847664613	0	lts2_0521L_22_01	22	01	0	119	8	1	0	Miss	MAX	8-first/AMIXBOAR2.jpg	AMIXBOAR2.jpg	NOKEY	MAX	SPACE
1463847667688	0	lts2_0521L_22_01	22	01	0	120	0	0	0	CR	MAX	512/labyrinthe.jpg	labyrinthe.jpg	NOKEY	MAX	NOKEY
1463847670778	0	lts2_0521L_22_01	22	01	0	121	0	0	0	CR	MAX	2/Adecorati133.jpg	Adecorati133.jpg	NOKEY	MAX	NOKEY
1463847673852	0	lts2_0521L_22_01	22	01	0	122	0	0	0	CR	MAX	Atoytheatre2.jpg	Atoytheatre2.jpg	NOKEY	MAX	NOKEY
1463847676927	0	lts2_0521L_22_01	22	01	0	123	2	1	0	Miss	MAX	2-2/Adecorati133.jpg	Adecorati133.jpg	NOKEY	MAX	SPACE
1463847680035	0	lts2_0521L_22_01	22	01	0	124	0	0	0	CR	MAX	APEELER.jpg	APEELER.jpg	NOKEY	MAX	NOKEY
1463847683127	0	lts2_0521L_22_01	22	01	0	125	0	0	0	CR	MAX	8065674.thl.jpg	8065674.thl.jpg	NOKEY	MAX	NOKEY
1463847686201	0	lts2_0521L_22_01	22	01	0	126	0	0	0	CR	MAX	stone.jpg	stone.jpg	NOKEY	MAX	NOKEY
1463847689275	0	lts2_0521L_22_01	22	01	0	127	0	0	0	CR	MAX	8026164.thl.jpg	8026164.thl.jpg	NOKEY	MAX	NOKEY
1463847692366	0	lts2_0521L_22_01	22	01	0	128	0	0	0	CR	MAX	22859796.thl.jpg	22859796.thl.jpg	NOKEY	MAX	NOKEY
1463847695457	0	lts2_0521L_22_01	22	01	0	129	0	0	0	CR	MAX	16/AXMASTIN3.jpg	AXMASTIN3.jpg	NOKEY	MAX	NOKEY
1463847698531	0	lts2_0521L_22_01	22	01	0	130	0	0	0	CR	MAX	512/mickeycap.jpg	mickeycap.jpg	NOKEY	MAX	NOKEY
1463847701606	0	lts2_0521L_22_01	22	01	0	131	0	0	0	CR	MAX	ACONSTRU9.jpg	ACONSTRU9.jpg	NOKEY	MAX	NOKEY
1463847704697	0	lts2_0521L_22_01	22	01	0	132	0	0	0	CR	MAX	32/AARMCHA25.jpg	AARMCHA25.jpg	NOKEY	MAX	NOKEY
1463847707787	0	lts2_0521L_22_01	22	01	0	133	128	1	0	Miss	MAX	128-5/Adrinkinggl21.jpg	Adrinkinggl21.jpg	NOKEY	MAX	SPACE
1463847710861	0	lts2_0521L_22_01	22	01	0	134	0	0	0	CR	MAX	Atoymoose.jpg	Atoymoose.jpg	NOKEY	MAX	NOKEY
1463847713936	0	lts2_0521L_22_01	22	01	0	135	16	1	0	Miss	MAX	16-mul/AMIXBOAR2.jpg	AMIXBOAR2.jpg	NOKEY	MAX	SPACE
1463847717011	0	lts2_0521L_22_01	22	01	0	136	0	0	0	CR	MAX	Aturban.jpg	Aturban.jpg	NOKEY	MAX	NOKEY
1463847720086	0	lts2_0521L_22_01	22	01	0	137	0	0	0	CR	MAX	Aopenbriefcas.jpg	Aopenbriefcas.jpg	NOKEY	MAX	NOKEY
1463847723160	0	lts2_0521L_22_01	22	01	0	138	0	0	0	CR	MAX	Aribbon21.jpg	Aribbon21.jpg	NOKEY	MAX	NOKEY
1463847726251	0	lts2_0521L_22_01	22	01	0	139	0	0	0	CR	MAX	26422598.thl.jpg	26422598.thl.jpg	NOKEY	MAX	NOKEY
1463847729325	0	lts2_0521L_22_01	22	01	0	140	0	0	0	CR	MAX	ATHERMO4.jpg	ATHERMO4.jpg	NOKEY	MAX	NOKEY
1463847732399	0	lts2_0521L_22_01	22	01	0	141	0	0	0	CR	MAX	26391173.thl.jpg	26391173.thl.jpg	NOKEY	MAX	NOKEY
1463847735474	0	lts2_0521L_22_01	22	01	0	142	0	0	0	CR	MAX	buffalowings.jpg	buffalowings.jpg	NOKEY	MAX	NOKEY
1463847738548	0	lts2_0521L_22_01	22	01	0	143	0	0	0	CR	MAX	26424478.thl.jpg	26424478.thl.jpg	NOKEY	MAX	NOKEY
1463847741622	0	lts2_0521L_22_01	22	01	0	144	0	0	0	CR	MAX	batslbir.jpg	batslbir.jpg	NOKEY	MAX	NOKEY
1463847744697	0	lts2_0521L_22_01	22	01	0	145	16	1	0	Miss	MAX	16-first/AXMASTIN3.jpg	AXMASTIN3.jpg	NOKEY	MAX	SPACE
1463847747787	0	lts2_0521L_22_01	22	01	0	146	0	0	0	CR	MAX	Akazoo2.jpg	Akazoo2.jpg	NOKEY	MAX	NOKEY
1463847750861	0	lts2_0521L_22_01	22	01	0	147	0	0	0	CR	MAX	APAINTJ11.jpg	APAINTJ11.jpg	NOKEY	MAX	NOKEY
1463847753952	0	lts2_0521L_22_01	22	01	0	148	0	0	0	CR	MAX	64/AMUSICSH2.jpg	AMUSICSH2.jpg	NOKEY	MAX	NOKEY
1463847757028	0	lts2_0521L_22_01	22	01	0	149	0	0	0	CR	MAX	Areceiptmach2.jpg	Areceiptmach2.jpg	NOKEY	MAX	NOKEY
1463847760102	0	lts2_0521L_22_01	22	01	0	150	0	0	0	CR	MAX	driedbeans.jpg	driedbeans.jpg	NOKEY	MAX	NOKEY
1463847763193	0	lts2_0521L_22_01	22	01	0	151	0	0	0	CR	MAX	16/AMETDETE2.jpg	AMETDETE2.jpg	NOKEY	MAX	NOKEY
1463847766284	0	lts2_0521L_22_01	22	01	0	152	0	0	0	CR	MAX	grenade.jpg	grenade.jpg	NOKEY	MAX	NOKEY
1463847769358	0	lts2_0521L_22_01	22	01	0	153	0	0	0	CR	MAX	26425323.thl.jpg	26425323.thl.jpg	NOKEY	MAX	NOKEY
1463847772433	0	lts2_0521L_22_01	22	01	0	154	0	0	0	CR	MAX	1/Atoy33.jpg	Atoy33.jpg	NOKEY	MAX	NOKEY
1463847775507	0	lts2_0521L_22_01	22	01	0	155	1	1	0	Miss	MAX	1-4/Atoy33.jpg	Atoy33.jpg	NOKEY	MAX	SPACE
1463847778581	0	lts2_0521L_22_01	22	01	0	156	0	0	0	CR	MAX	256/Aantelope2.jpg	Aantelope2.jpg	NOKEY	MAX	NOKEY
1463847781672	0	lts2_0521L_22_01	22	01	0	157	0	0	0	CR	MAX	1/Aroadsignin15.jpg	Aroadsignin15.jpg	NOKEY	MAX	NOKEY
1463847784763	0	lts2_0521L_22_01	22	01	0	158	1	1	0	Miss	MAX	1-13/Aroadsignin15.jpg	Aroadsignin15.jpg	NOKEY	MAX	SPACE
1463847796565	0	lts2_0521L_22_01	22	01	0	159	0	0	0	CR	MAX	hammer01.jpg	hammer01.jpg	NOKEY	MAX	NOKEY
1463847799656	0	lts2_0521L_22_01	22	01	0	160	0	0	0	CR	MAX	Apants8.jpg	Apants8.jpg	NOKEY	MAX	NOKEY
1463847802763	0	lts2_0521L_22_01	22	01	0	161	16	1	0	Miss	MAX	16-mul/AXMASTIN3.jpg	AXMASTIN3.jpg	NOKEY	MAX	SPACE
1463847805887	0	lts2_0521L_22_01	22	01	0	162	0	0	0	CR	MAX	26427910.thl.jpg	26427910.thl.jpg	NOKEY	MAX	NOKEY
1463847809011	0	lts2_0521L_22_01	22	01	0	163	0	0	0	CR	MAX	APAGODAMO.jpg	APAGODAMO.jpg	NOKEY	MAX	NOKEY
1463847812135	0	lts2_0521L_22_01	22	01	0	164	32	1	0	Miss	MAX	32-5/AARMCHA25.jpg	AARMCHA25.jpg	NOKEY	MAX	SPACE
1463847815291	0	lts2_0521L_22_01	22	01	0	165	0	0	0	CR	MAX	8/AFILEFOL4.jpg	AFILEFOL4.jpg	NOKEY	MAX	NOKEY
1463847818431	0	lts2_0521L_22_01	22	01	0	166	0	0	0	CR	MAX	ACAT6.jpg	ACAT6.jpg	NOKEY	MAX	NOKEY
1463847821554	0	lts2_0521L_22_01	22	01	0	167	16	1	0	Miss	MAX	16-first/AMETDETE2.jpg	AMETDETE2.jpg	NOKEY	MAX	SPACE
1463847824677	0	lts2_0521L_22_01	22	01	0	168	0	0	0	CR	MAX	32/pingpongtable.jpg	pingpongtable.jpg	NOKEY	MAX	NOKEY
1463847827800	0	lts2_0521L_22_01	22	01	0	169	2	1	0	Miss	MAX	2-mul/AMETDETE2.jpg	AMETDETE2.jpg	NOKEY	MAX	SPACE
1463847830923	0	lts2_0521L_22_01	22	01	0	170	0	0	0	CR	MAX	16/Ababydec4.jpg	Ababydec4.jpg	NOKEY	MAX	NOKEY
1463847834048	0	lts2_0521L_22_01	22	01	0	171	0	0	0	CR	MAX	Aboots56.jpg	Aboots56.jpg	NOKEY	MAX	NOKEY
1463847837171	0	lts2_0521L_22_01	22	01	0	172	0	0	0	CR	MAX	26432899.thl.jpg	26432899.thl.jpg	NOKEY	MAX	NOKEY
1463847840294	0	lts2_0521L_22_01	22	01	0	173	8	1	0	Miss	MAX	8-first/AFILEFOL4.jpg	AFILEFOL4.jpg	NOKEY	MAX	SPACE
1463847843417	0	lts2_0521L_22_01	22	01	0	174	0	0	0	CR	MAX	256/Afoodproces27.jpg	Afoodproces27.jpg	NOKEY	MAX	NOKEY
1463847846541	0	lts2_0521L_22_01	22	01	0	175	0	0	0	CR	MAX	26420956.thl.jpg	26420956.thl.jpg	NOKEY	MAX	NOKEY
1463847849681	0	lts2_0521L_22_01	22	01	0	176	0	0	0	CR	MAX	Adrum22.jpg	Adrum22.jpg	NOKEY	MAX	NOKEY
1463847852804	0	lts2_0521L_22_01	22	01	0	177	4	1	0	Miss	MAX	4-mul/AFILEFOL4.jpg	AFILEFOL4.jpg	NOKEY	MAX	SPACE
1463847855927	0	lts2_0521L_22_01	22	01	0	178	0	0	0	CR	MAX	cowboywagon.jpg	cowboywagon.jpg	NOKEY	MAX	NOKEY
1463847859069	0	lts2_0521L_22_01	22	01	0	179	0	0	0	CR	MAX	64/checkejellyjar.jpg	checkejellyjar.jpg	NOKEY	MAX	NOKEY
1463847862192	0	lts2_0521L_22_01	22	01	0	180	0	0	0	CR	MAX	APOGO4.jpg	APOGO4.jpg	NOKEY	MAX	NOKEY
1463847865315	0	lts2_0521L_22_01	22	01	0	181	128	1	0	Miss	MAX	128-2/AGARBCAN.jpg	AGARBCAN.jpg	NOKEY	MAX	SPACE
1463847868439	0	lts2_0521L_22_01	22	01	0	182	0	0	0	CR	MAX	Aelephant9.jpg	Aelephant9.jpg	NOKEY	MAX	NOKEY
1463847871563	0	lts2_0521L_22_01	22	01	0	183	0	0	0	CR	MAX	AJEEPBOA2.jpg	AJEEPBOA2.jpg	NOKEY	MAX	NOKEY
1463847874687	0	lts2_0521L_22_01	22	01	0	184	0	0	0	CR	MAX	32/ATAMBOURI.jpg	ATAMBOURI.jpg	NOKEY	MAX	NOKEY
1463847877809	0	lts2_0521L_22_01	22	01	0	185	0	0	0	CR	MAX	ATOILROL2.jpg	ATOILROL2.jpg	NOKEY	MAX	NOKEY
1463847880933	0	lts2_0521L_22_01	22	01	0	186	16	1	0	Miss	MAX	16-first/Ababydec4.jpg	Ababydec4.jpg	NOKEY	MAX	SPACE
1463847884058	0	lts2_0521L_22_01	22	01	0	187	0	0	0	CR	MAX	ACOLUMN5.jpg	ACOLUMN5.jpg	NOKEY	MAX	NOKEY
1463847887181	0	lts2_0521L_22_01	22	01	0	188	2	1	0	Miss	MAX	2-mul/Ababydec4.jpg	Ababydec4.jpg	NOKEY	MAX	SPACE
1463847890305	0	lts2_0521L_22_01	22	01	0	189	0	0	0	CR	MAX	Aspoonofsug11.jpg	Aspoonofsug11.jpg	NOKEY	MAX	NOKEY
1463847893429	0	lts2_0521L_22_01	22	01	0	190	0	0	0	CR	MAX	128/sntslrc.jpg	sntslrc.jpg	NOKEY	MAX	NOKEY
1463847896553	0	lts2_0521L_22_01	22	01	0	191	0	0	0	CR	MAX	26387690.thl.jpg	26387690.thl.jpg	NOKEY	MAX	NOKEY
1463847899677	0	lts2_0521L_22_01	22	01	0	192	0	0	0	CR	MAX	Anetworkplug4.jpg	Anetworkplug4.jpg	NOKEY	MAX	NOKEY
1463847902800	0	lts2_0521L_22_01	22	01	0	193	0	0	0	CR	MAX	22911500.thl.jpg	22911500.thl.jpg	NOKEY	MAX	NOKEY
1463847905940	0	lts2_0521L_22_01	22	01	0	194	0	0	0	CR	MAX	AANTIBIK4.jpg	AANTIBIK4.jpg	NOKEY	MAX	NOKEY
1463847909065	0	lts2_0521L_22_01	22	01	0	195	0	0	0	CR	MAX	Atoypersonwi2.jpg	Atoypersonwi2.jpg	NOKEY	MAX	NOKEY
1463847912189	0	lts2_0521L_22_01	22	01	0	196	0	0	0	CR	MAX	Aflower102.jpg	Aflower102.jpg	NOKEY	MAX	NOKEY
1463847915312	0	lts2_0521L_22_01	22	01	0	197	0	0	0	CR	MAX	26451318.thl.jpg	26451318.thl.jpg	NOKEY	MAX	NOKEY
1463847918436	0	lts2_0521L_22_01	22	01	0	198	0	0	0	CR	MAX	Atoycoffeepo2.jpg	Atoycoffeepo2.jpg	NOKEY	MAX	NOKEY
1463847921560	0	lts2_0521L_22_01	22	01	0	199	0	0	0	CR	MAX	AGLASSBO7.jpg	AGLASSBO7.jpg	NOKEY	MAX	NOKEY
1463847924685	0	lts2_0521L_22_01	22	01	0	200	32	1	0	Miss	MAX	32-4/pingpongtable.jpg	pingpongtable.jpg	NOKEY	MAX	SPACE
1463847927807	0	lts2_0521L_22_01	22	01	0	201	0	0	0	CR	MAX	Acastingladl2.jpg	Acastingladl2.jpg	NOKEY	MAX	NOKEY
1463847930931	0	lts2_0521L_22_01	22	01	0	202	0	0	0	CR	MAX	2/AGONG12.jpg	AGONG12.jpg	NOKEY	MAX	NOKEY
1463847934057	0	lts2_0521L_22_01	22	01	0	203	0	0	0	CR	MAX	ABULDOZER.jpg	ABULDOZER.jpg	NOKEY	MAX	NOKEY
1463847937180	0	lts2_0521L_22_01	22	01	0	204	2	1	0	Miss	MAX	2-10/AGONG12.jpg	AGONG12.jpg	NOKEY	MAX	SPACE
1463847940304	0	lts2_0521L_22_01	22	01	0	205	0	0	0	CR	MAX	26419324.thl.jpg	26419324.thl.jpg	NOKEY	MAX	NOKEY
1463847943428	0	lts2_0521L_22_01	22	01	0	206	0	0	0	CR	MAX	Anailbrush3.jpg	Anailbrush3.jpg	NOKEY	MAX	NOKEY
1463847946552	0	lts2_0521L_22_01	22	01	0	207	0	0	0	CR	MAX	64/ACURLER.jpg	ACURLER.jpg	NOKEY	MAX	NOKEY
1463847949676	0	lts2_0521L_22_01	22	01	0	208	0	0	0	CR	MAX	ABAGFLOU3.jpg	ABAGFLOU3.jpg	NOKEY	MAX	NOKEY
1463847952799	0	lts2_0521L_22_01	22	01	0	209	0	0	0	CR	MAX	AHOSPWAS2.jpg	AHOSPWAS2.jpg	NOKEY	MAX	NOKEY
1463847955923	0	lts2_0521L_22_01	22	01	0	210	0	0	0	CR	MAX	8/Astadium.jpg	Astadium.jpg	NOKEY	MAX	NOKEY
1463847959049	0	lts2_0521L_22_01	22	01	0	211	0	0	0	CR	MAX	AHEELCUPS.jpg	AHEELCUPS.jpg	NOKEY	MAX	NOKEY
1463847962172	0	lts2_0521L_22_01	22	01	0	212	64	1	0	Miss	MAX	64-first/AMUSICSH2.jpg	AMUSICSH2.jpg	NOKEY	MAX	SPACE
1463847965296	0	lts2_0521L_22_01	22	01	0	213	0	0	0	CR	MAX	ALAB2.jpg	ALAB2.jpg	NOKEY	MAX	NOKEY
1463847968421	0	lts2_0521L_22_01	22	01	0	214	2	1	0	Miss	MAX	2-mul/AMUSICSH2.jpg	AMUSICSH2.jpg	NOKEY	MAX	SPACE
1463847971561	0	lts2_0521L_22_01	22	01	0	215	0	0	0	CR	MAX	Aadvcalen.jpg	Aadvcalen.jpg	NOKEY	MAX	NOKEY
1463847974686	0	lts2_0521L_22_01	22	01	0	216	32	1	0	Miss	MAX	32-8/ATAMBOURI.jpg	ATAMBOURI.jpg	NOKEY	MAX	SPACE
1463847977809	0	lts2_0521L_22_01	22	01	0	217	0	0	0	CR	MAX	26467460.thl.jpg	26467460.thl.jpg	NOKEY	MAX	NOKEY
1463847980933	0	lts2_0521L_22_01	22	01	0	218	8	1	0	Miss	MAX	8-first/Astadium.jpg	Astadium.jpg	NOKEY	MAX	SPACE
1463847984058	0	lts2_0521L_22_01	22	01	0	219	0	0	0	CR	MAX	marshmallows.jpg	marshmallows.jpg	NOKEY	MAX	NOKEY
1463847987182	0	lts2_0521L_22_01	22	01	0	220	0	0	0	CR	MAX	22826748.thl.jpg	22826748.thl.jpg	NOKEY	MAX	NOKEY
1463847990306	0	lts2_0521L_22_01	22	01	0	221	0	0	0	CR	MAX	ACIGCUTT.jpg	ACIGCUTT.jpg	NOKEY	MAX	NOKEY
1463847993430	0	lts2_0521L_22_01	22	01	0	222	4	1	0	Miss	MAX	4-mul/Astadium.jpg	Astadium.jpg	NOKEY	MAX	SPACE
1463847996555	0	lts2_0521L_22_01	22	01	0	223	0	0	0	CR	MAX	26372237.thl.jpg	26372237.thl.jpg	NOKEY	MAX	NOKEY
1463847999679	0	lts2_0521L_22_01	22	01	0	224	0	0	0	CR	MAX	4/26421538.thl.jpg	26421538.thl.jpg	NOKEY	MAX	NOKEY
1463848002819	0	lts2_0521L_22_01	22	01	0	225	0	0	0	CR	MAX	8/Abicyclerepa3.jpg	Abicyclerepa3.jpg	NOKEY	MAX	NOKEY
1463848005943	0	lts2_0521L_22_01	22	01	0	226	0	0	0	CR	MAX	ASECCAME3.jpg	ASECCAME3.jpg	NOKEY	MAX	NOKEY
1463848009068	0	lts2_0521L_22_01	22	01	0	227	0	0	0	CR	MAX	ACEILHOOK.jpg	ACEILHOOK.jpg	NOKEY	MAX	NOKEY
1463848012192	0	lts2_0521L_22_01	22	01	0	228	4	1	0	Miss	MAX	4-2/26421538.thl.jpg	26421538.thl.jpg	NOKEY	MAX	SPACE
1463848015333	0	lts2_0521L_22_01	22	01	0	229	0	0	0	CR	MAX	2/dustpan02.jpg	dustpan02.jpg	NOKEY	MAX	NOKEY
1463848018457	0	lts2_0521L_22_01	22	01	0	230	0	0	0	CR	MAX	26374166.thl.jpg	26374166.thl.jpg	NOKEY	MAX	NOKEY
1463848021582	0	lts2_0521L_22_01	22	01	0	231	2	1	0	Miss	MAX	2-4/dustpan02.jpg	dustpan02.jpg	NOKEY	MAX	SPACE
1463848024706	0	lts2_0521L_22_01	22	01	0	232	0	0	0	CR	MAX	ASHINPAD3.jpg	ASHINPAD3.jpg	NOKEY	MAX	NOKEY
1463848027829	0	lts2_0521L_22_01	22	01	0	233	8	1	0	Miss	MAX	8-1/Abicyclerepa3.jpg	Abicyclerepa3.jpg	NOKEY	MAX	SPACE
1463848030970	0	lts2_0521L_22_01	22	01	0	234	0	0	0	CR	MAX	2/AGLASSBAL.jpg	AGLASSBAL.jpg	NOKEY	MAX	NOKEY
1463848034095	0	lts2_0521L_22_01	22	01	0	235	0	0	0	CR	MAX	bikewithbasket.jpg	bikewithbasket.jpg	NOKEY	MAX	NOKEY
1463848037219	0	lts2_0521L_22_01	22	01	0	236	2	1	0	Miss	MAX	2-13/AGLASSBAL.jpg	AGLASSBAL.jpg	NOKEY	MAX	SPACE
1463848040344	0	lts2_0521L_22_01	22	01	0	237	0	0	0	CR	MAX	23014831.thl.jpg	23014831.thl.jpg	NOKEY	MAX	NOKEY
1463848043468	0	lts2_0521L_22_01	22	01	0	238	0	0	0	CR	MAX	gascontainer.jpg	gascontainer.jpg	NOKEY	MAX	NOKEY
1463848046592	0	lts2_0521L_22_01	22	01	0	239	0	0	0	CR	MAX	tires.jpg	tires.jpg	NOKEY	MAX	NOKEY
1463848049717	0	lts2_0521L_22_01	22	01	0	240	0	0	0	CR	MAX	Acandlehold17.jpg	Acandlehold17.jpg	NOKEY	MAX	NOKEY
1463848052840	0	lts2_0521L_22_01	22	01	0	241	0	0	0	CR	MAX	AGASLAMP.jpg	AGASLAMP.jpg	NOKEY	MAX	NOKEY
1463848055981	0	lts2_0521L_22_01	22	01	0	242	0	0	0	CR	MAX	Achair611.jpg	Achair611.jpg	NOKEY	MAX	NOKEY
1463848059106	0	lts2_0521L_22_01	22	01	0	243	64	1	0	Miss	MAX	64-first/checkejellyjar.jpg	checkejellyjar.jpg	NOKEY	MAX	SPACE
1463848062230	0	lts2_0521L_22_01	22	01	0	244	0	0	0	CR	MAX	mouse-a.jpg	mouse-a.jpg	NOKEY	MAX	NOKEY
1463848065371	0	lts2_0521L_22_01	22	01	0	245	2	1	0	Miss	MAX	2-mul/checkejellyjar.jpg	checkejellyjar.jpg	NOKEY	MAX	SPACE
1463848068496	0	lts2_0521L_22_01	22	01	0	246	0	0	0	CR	MAX	8027656.thl.jpg	8027656.thl.jpg	NOKEY	MAX	NOKEY
1463848071620	0	lts2_0521L_22_01	22	01	0	247	0	0	0	CR	MAX	26375899.thl.jpg	26375899.thl.jpg	NOKEY	MAX	NOKEY
1463848074743	0	lts2_0521L_22_01	22	01	0	248	0	0	0	CR	MAX	barssport.jpg	barssport.jpg	NOKEY	MAX	NOKEY
1463848077868	0	lts2_0521L_22_01	22	01	0	249	0	0	0	CR	MAX	DSCN3767-sm.jpg	DSCN3767-sm.jpg	NOKEY	MAX	NOKEY
1463848080992	0	lts2_0521L_22_01	22	01	0	250	0	0	0	CR	MAX	Afitting3.jpg	Afitting3.jpg	NOKEY	MAX	NOKEY
1463848084117	0	lts2_0521L_22_01	22	01	0	251	0	0	0	CR	MAX	16/8076304.thl.jpg	8076304.thl.jpg	NOKEY	MAX	NOKEY
1463848087241	0	lts2_0521L_22_01	22	01	0	252	0	0	0	CR	MAX	Achair1260.jpg	Achair1260.jpg	NOKEY	MAX	NOKEY
1463848090382	0	lts2_0521L_22_01	22	01	0	253	0	0	0	CR	MAX	AWHISTLE4.jpg	AWHISTLE4.jpg	NOKEY	MAX	NOKEY
1463848093507	0	lts2_0521L_22_01	22	01	0	254	0	0	0	CR	MAX	AHUNTVES2.jpg	AHUNTVES2.jpg	NOKEY	MAX	NOKEY
1463848096648	0	lts2_0521L_22_01	22	01	0	255	0	0	0	CR	MAX	ABUGLE2.jpg	ABUGLE2.jpg	NOKEY	MAX	NOKEY
1463848099788	0	lts2_0521L_22_01	22	01	0	256	0	0	0	CR	MAX	iguana.jpg	iguana.jpg	NOKEY	MAX	NOKEY
1463848102913	0	lts2_0521L_22_01	22	01	0	257	0	0	0	CR	MAX	10049464.thl.jpg	10049464.thl.jpg	NOKEY	MAX	NOKEY
1463848106038	0	lts2_0521L_22_01	22	01	0	258	0	0	0	CR	MAX	Apeanut3.jpg	Apeanut3.jpg	NOKEY	MAX	NOKEY
1463848109162	0	lts2_0521L_22_01	22	01	0	259	0	0	0	CR	MAX	1/Apaperclipsin.jpg	Apaperclipsin.jpg	NOKEY	MAX	NOKEY
1463848112286	0	lts2_0521L_22_01	22	01	0	260	1	1	0	Miss	MAX	1-11/Apaperclipsin.jpg	Apaperclipsin.jpg	NOKEY	MAX	SPACE
1463848115427	0	lts2_0521L_22_01	22	01	0	261	0	0	0	CR	MAX	26377133.thl.jpg	26377133.thl.jpg	NOKEY	MAX	NOKEY
1463848118552	0	lts2_0521L_22_01	22	01	0	262	0	0	0	CR	MAX	32/ACANOPEN6.jpg	ACANOPEN6.jpg	NOKEY	MAX	NOKEY
1463848121676	0	lts2_0521L_22_01	22	01	0	263	0	0	0	CR	MAX	26424443.thl.jpg	26424443.thl.jpg	NOKEY	MAX	NOKEY
1463848124800	0	lts2_0521L_22_01	22	01	0	264	0	0	0	CR	MAX	26420069.thl.jpg	26420069.thl.jpg	NOKEY	MAX	NOKEY
1463848127924	0	lts2_0521L_22_01	22	01	0	265	0	0	0	CR	MAX	handcomputerN.JPG	handcomputerN.JPG	NOKEY	MAX	NOKEY
1463848131049	0	lts2_0521L_22_01	22	01	0	266	0	0	0	CR	MAX	26282693.thl.jpg	26282693.thl.jpg	NOKEY	MAX	NOKEY
1463848134173	0	lts2_0521L_22_01	22	01	0	267	16	1	0	Miss	MAX	16-0/8076304.thl.jpg	8076304.thl.jpg	NOKEY	MAX	SPACE
1463848137298	0	lts2_0521L_22_01	22	01	0	268	0	0	0	CR	MAX	ACOPPAN10.jpg	ACOPPAN10.jpg	NOKEY	MAX	NOKEY
1463848140422	0	lts2_0521L_22_01	22	01	0	269	0	0	0	CR	MAX	32/Achair608.jpg	Achair608.jpg	NOKEY	MAX	NOKEY
1463848143547	0	lts2_0521L_22_01	22	01	0	270	0	0	0	CR	MAX	8/Abootscrubber.jpg	Abootscrubber.jpg	NOKEY	MAX	NOKEY
1463848146671	0	lts2_0521L_22_01	22	01	0	271	64	1	0	Miss	MAX	64-first/ACURLER.jpg	ACURLER.jpg	NOKEY	MAX	SPACE
1463848149795	0	lts2_0521L_22_01	22	01	0	272	0	0	0	CR	MAX	ALOAFBR4.jpg	ALOAFBR4.jpg	NOKEY	MAX	NOKEY
1463848153003	0	lts2_0521L_22_01	22	01	0	273	0	0	0	CR	MAX	tape-a.jpg	tape-a.jpg	NOKEY	MAX	NOKEY
1463848156128	0	lts2_0521L_22_01	22	01	0	274	0	0	0	CR	MAX	silver-bowl-small.jpg	silver-bowl-small.jpg	NOKEY	MAX	NOKEY
1463848159252	0	lts2_0521L_22_01	22	01	0	275	4	1	0	Miss	MAX	4-mul/ACURLER.jpg	ACURLER.jpg	NOKEY	MAX	SPACE
1463848162376	0	lts2_0521L_22_01	22	01	0	276	0	0	0	CR	MAX	AAMBULAN7.jpg	AAMBULAN7.jpg	NOKEY	MAX	NOKEY
1463848165501	0	lts2_0521L_22_01	22	01	0	277	0	0	0	CR	MAX	AGOLDCUP6.jpg	AGOLDCUP6.jpg	NOKEY	MAX	NOKEY
1463848168625	0	lts2_0521L_22_01	22	01	0	278	8	1	0	Miss	MAX	8-first/Abootscrubber.jpg	Abootscrubber.jpg	NOKEY	MAX	SPACE
1463848171749	0	lts2_0521L_22_01	22	01	0	279	0	0	0	CR	MAX	Aglassbottle6.jpg	Aglassbottle6.jpg	NOKEY	MAX	NOKEY
1463848174873	0	lts2_0521L_22_01	22	01	0	280	2	1	0	Miss	MAX	2-mul/Abootscrubber.jpg	Abootscrubber.jpg	NOKEY	MAX	SPACE
1463848177997	0	lts2_0521L_22_01	22	01	0	281	0	0	0	CR	MAX	2/Arefrigerat10.jpg	Arefrigerat10.jpg	NOKEY	MAX	NOKEY
1463848181123	0	lts2_0521L_22_01	22	01	0	282	0	0	0	CR	MAX	Apairofrubbe3.jpg	Apairofrubbe3.jpg	NOKEY	MAX	NOKEY
1463848184247	0	lts2_0521L_22_01	22	01	0	283	2	1	0	Miss	MAX	2-6/Arefrigerat10.jpg	Arefrigerat10.jpg	NOKEY	MAX	SPACE
1463848187372	0	lts2_0521L_22_01	22	01	0	284	0	0	0	CR	MAX	ABOXVIALS.jpg	ABOXVIALS.jpg	NOKEY	MAX	NOKEY
1463848190496	0	lts2_0521L_22_01	22	01	0	285	0	0	0	CR	MAX	26374158.thl.jpg	26374158.thl.jpg	NOKEY	MAX	NOKEY
1463848193621	0	lts2_0521L_22_01	22	01	0	286	0	0	0	CR	MAX	AGIFTBOX8.jpg	AGIFTBOX8.jpg	NOKEY	MAX	NOKEY
1463848196744	0	lts2_0521L_22_01	22	01	0	287	0	0	0	CR	MAX	128/Avacuum20.jpg	Avacuum20.jpg	NOKEY	MAX	NOKEY
1463848199869	0	lts2_0521L_22_01	22	01	0	288	0	0	0	CR	MAX	ASUSHI8.jpg	ASUSHI8.jpg	NOKEY	MAX	NOKEY
1463848202993	0	lts2_0521L_22_01	22	01	0	289	0	0	0	CR	MAX	ABASTER2.jpg	ABASTER2.jpg	NOKEY	MAX	NOKEY
1463848206118	0	lts2_0521L_22_01	22	01	0	290	0	0	0	CR	MAX	2/AIDENTIFI.jpg	AIDENTIFI.jpg	NOKEY	MAX	NOKEY
1463848209243	0	lts2_0521L_22_01	22	01	0	291	0	0	0	CR	MAX	ACHOPSTI2.jpg	ACHOPSTI2.jpg	NOKEY	MAX	NOKEY
1463848212367	0	lts2_0521L_22_01	22	01	0	292	2	1	0	Miss	MAX	2-0/AIDENTIFI.jpg	AIDENTIFI.jpg	NOKEY	MAX	SPACE
1463848215508	0	lts2_0521L_22_01	22	01	0	293	0	0	0	CR	MAX	babyseatback.jpg	babyseatback.jpg	NOKEY	MAX	NOKEY
1463848218633	0	lts2_0521L_22_01	22	01	0	294	32	1	0	Miss	MAX	32-3/ACANOPEN6.jpg	ACANOPEN6.jpg	NOKEY	MAX	SPACE
1463848221756	0	lts2_0521L_22_01	22	01	0	295	0	0	0	CR	MAX	26387587.thl.jpg	26387587.thl.jpg	NOKEY	MAX	NOKEY
1463848224881	0	lts2_0521L_22_01	22	01	0	296	0	0	0	CR	MAX	AWEIGHT7.jpg	AWEIGHT7.jpg	NOKEY	MAX	NOKEY
1463848228006	0	lts2_0521L_22_01	22	01	0	297	0	0	0	CR	MAX	carseat.jpg	carseat.jpg	NOKEY	MAX	NOKEY
1463848231130	0	lts2_0521L_22_01	22	01	0	298	0	0	0	CR	MAX	Ajug158.jpg	Ajug158.jpg	NOKEY	MAX	NOKEY
1463848234255	0	lts2_0521L_22_01	22	01	0	299	0	0	0	CR	MAX	26384554.thl.jpg	26384554.thl.jpg	NOKEY	MAX	NOKEY
1463848237379	0	lts2_0521L_22_01	22	01	0	300	0	0	0	CR	MAX	128/26432109.thl.jpg	26432109.thl.jpg	NOKEY	MAX	NOKEY
1463848240504	0	lts2_0521L_22_01	22	01	0	301	32	1	0	Miss	MAX	32-2/Achair608.jpg	Achair608.jpg	NOKEY	MAX	SPACE
1463848243628	0	lts2_0521L_22_01	22	01	0	302	0	0	0	CR	MAX	footballpads.jpg	footballpads.jpg	NOKEY	MAX	NOKEY
1463848246752	0	lts2_0521L_22_01	22	01	0	303	0	0	0	CR	MAX	Abreadrolls.jpg	Abreadrolls.jpg	NOKEY	MAX	NOKEY
1463848249893	0	lts2_0521L_22_01	22	01	0	304	0	0	0	CR	MAX	26426317.thl.jpg	26426317.thl.jpg	NOKEY	MAX	NOKEY
1463848253018	0	lts2_0521L_22_01	22	01	0	305	0	0	0	CR	MAX	liquid-a.jpg	liquid-a.jpg	NOKEY	MAX	NOKEY
1463848256142	0	lts2_0521L_22_01	22	01	0	306	0	0	0	CR	MAX	ASHOTCAS2.jpg	ASHOTCAS2.jpg	NOKEY	MAX	NOKEY
1463848259267	0	lts2_0521L_22_01	22	01	0	307	0	0	0	CR	MAX	ACUTPIN.jpg	ACUTPIN.jpg	NOKEY	MAX	NOKEY
1463848262391	0	lts2_0521L_22_01	22	01	0	308	0	0	0	CR	MAX	AHOOK11.jpg	AHOOK11.jpg	NOKEY	MAX	NOKEY
1463848265516	0	lts2_0521L_22_01	22	01	0	309	0	0	0	CR	MAX	Amatplate.jpg	Amatplate.jpg	NOKEY	MAX	NOKEY
1463848268640	0	lts2_0521L_22_01	22	01	0	310	0	0	0	CR	MAX	8031659.thl.jpg	8031659.thl.jpg	NOKEY	MAX	NOKEY
1463848271764	0	lts2_0521L_22_01	22	01	0	311	0	0	0	CR	MAX	AHEADLI18.jpg	AHEADLI18.jpg	NOKEY	MAX	NOKEY
1463848274905	0	lts2_0521L_22_01	22	01	0	312	0	0	0	CR	MAX	Abicycleglove.jpg	Abicycleglove.jpg	NOKEY	MAX	NOKEY
1463848278030	0	lts2_0521L_22_01	22	01	0	313	256	1	0	Miss	MAX	256-3/Atool120.jpg	Atool120.jpg	NOKEY	MAX	SPACE
1463848281171	0	lts2_0521L_22_01	22	01	0	314	0	0	0	CR	MAX	64/26384871.thl.jpg	26384871.thl.jpg	NOKEY	MAX	NOKEY
1463848284296	0	lts2_0521L_22_01	22	01	0	315	0	0	0	CR	MAX	AASPHALT.jpg	AASPHALT.jpg	NOKEY	MAX	NOKEY
1463848287420	0	lts2_0521L_22_01	22	01	0	316	0	0	0	CR	MAX	darkwador.jpg	darkwador.jpg	NOKEY	MAX	NOKEY
1463848290545	0	lts2_0521L_22_01	22	01	0	317	0	0	0	CR	MAX	26424087.thl.jpg	26424087.thl.jpg	NOKEY	MAX	NOKEY
1463848293669	0	lts2_0521L_22_01	22	01	0	318	128	1	0	Miss	MAX	128-1/sntslrc.jpg	sntslrc.jpg	NOKEY	MAX	SPACE
1463848296793	0	lts2_0521L_22_01	22	01	0	319	0	0	0	CR	MAX	workbench.jpg	workbench.jpg	NOKEY	MAX	NOKEY
1463848299917	0	lts2_0521L_22_01	22	01	0	320	0	0	0	CR	MAX	Apercussion16.jpg	Apercussion16.jpg	NOKEY	MAX	NOKEY
1463848303042	0	lts2_0521L_22_01	22	01	0	321	0	0	0	CR	MAX	ATHERMO12.jpg	ATHERMO12.jpg	NOKEY	MAX	NOKEY
1463848306167	0	lts2_0521L_22_01	22	01	0	322	0	0	0	CR	MAX	D_golfcart.jpg	D_golfcart.jpg	NOKEY	MAX	NOKEY
1463848309291	0	lts2_0521L_22_01	22	01	0	323	0	0	0	CR	MAX	8022057.thl.jpg	8022057.thl.jpg	NOKEY	MAX	NOKEY
1463848312433	0	lts2_0521L_22_01	22	01	0	324	0	0	0	CR	MAX	22907432.thl.jpg	22907432.thl.jpg	NOKEY	MAX	NOKEY
1463848315557	0	lts2_0521L_22_01	22	01	0	325	0	0	0	CR	MAX	Aashtray14.jpg	Aashtray14.jpg	NOKEY	MAX	NOKEY
1463848318682	0	lts2_0521L_22_01	22	01	0	326	0	0	0	CR	MAX	256/B_orange.jpg	B_orange.jpg	NOKEY	MAX	NOKEY
1463848321805	0	lts2_0521L_22_01	22	01	0	327	0	0	0	CR	MAX	8027086.thl.jpg	8027086.thl.jpg	NOKEY	MAX	NOKEY
1463848324929	0	lts2_0521L_22_01	22	01	0	328	0	0	0	CR	MAX	64/22869624.thl.jpg	22869624.thl.jpg	NOKEY	MAX	NOKEY
1463848328055	0	lts2_0521L_22_01	22	01	0	329	0	0	0	CR	MAX	10053712.thm.jpg	10053712.thm.jpg	NOKEY	MAX	NOKEY
1463848331179	0	lts2_0521L_22_01	22	01	0	330	0	0	0	CR	MAX	1/AGRAINSI5.jpg	AGRAINSI5.jpg	NOKEY	MAX	NOKEY
1463848334304	0	lts2_0521L_22_01	22	01	0	331	1	1	0	Miss	MAX	1-14/AGRAINSI5.jpg	AGRAINSI5.jpg	NOKEY	MAX	SPACE
1463848337428	0	lts2_0521L_22_01	22	01	0	332	0	0	0	CR	MAX	ASTONHOU2.jpg	ASTONHOU2.jpg	NOKEY	MAX	NOKEY
1463848340553	0	lts2_0521L_22_01	22	01	0	333	0	0	0	CR	MAX	32/Anailpolish.jpg	Anailpolish.jpg	NOKEY	MAX	NOKEY
1463848343677	0	lts2_0521L_22_01	22	01	0	334	0	0	0	CR	MAX	Atoychestfor3.jpg	Atoychestfor3.jpg	NOKEY	MAX	NOKEY
1463848346801	0	lts2_0521L_22_01	22	01	0	335	0	0	0	CR	MAX	8/ADRYWOOD.jpg	ADRYWOOD.jpg	NOKEY	MAX	NOKEY
1463848349925	0	lts2_0521L_22_01	22	01	0	336	0	0	0	CR	MAX	4/26386846.thl.jpg	26386846.thl.jpg	NOKEY	MAX	NOKEY
1463848353050	0	lts2_0521L_22_01	22	01	0	337	0	0	0	CR	MAX	APICTURE.jpg	APICTURE.jpg	NOKEY	MAX	NOKEY
1463848356175	0	lts2_0521L_22_01	22	01	0	338	0	0	0	CR	MAX	scooter.jpg	scooter.jpg	NOKEY	MAX	NOKEY
1463848359299	0	lts2_0521L_22_01	22	01	0	339	0	0	0	CR	MAX	ABEADS4.jpg	ABEADS4.jpg	NOKEY	MAX	NOKEY
1463848362424	0	lts2_0521L_22_01	22	01	0	340	4	1	0	Miss	MAX	4-3/26386846.thl.jpg	26386846.thl.jpg	NOKEY	MAX	SPACE
1463848365548	0	lts2_0521L_22_01	22	01	0	341	0	0	0	CR	MAX	Abasket108.jpg	Abasket108.jpg	NOKEY	MAX	NOKEY
1463848368673	0	lts2_0521L_22_01	22	01	0	342	0	0	0	CR	MAX	thumb-mermaidfamilly.jpg	thumb-mermaidfamilly.jpg	NOKEY	MAX	NOKEY
1463848371797	0	lts2_0521L_22_01	22	01	0	343	8	1	0	Miss	MAX	8-first/ADRYWOOD.jpg	ADRYWOOD.jpg	NOKEY	MAX	SPACE
1463848374920	0	lts2_0521L_22_01	22	01	0	344	0	0	0	CR	MAX	AFLAMEXTI.jpg	AFLAMEXTI.jpg	NOKEY	MAX	NOKEY
1463848378046	0	lts2_0521L_22_01	22	01	0	345	2	1	0	Miss	MAX	2-mul/ADRYWOOD.jpg	ADRYWOOD.jpg	NOKEY	MAX	SPACE
1463848381171	0	lts2_0521L_22_01	22	01	0	346	0	0	0	CR	MAX	1/22911908.thl.jpg	22911908.thl.jpg	NOKEY	MAX	NOKEY
1463848384295	0	lts2_0521L_22_01	22	01	0	347	1	1	0	Miss	MAX	1-2/22911908.thl.jpg	22911908.thl.jpg	NOKEY	MAX	SPACE
1463848387420	0	lts2_0521L_22_01	22	01	0	348	0	0	0	CR	MAX	fireking-file-cabinet.jpg	fireking-file-cabinet.jpg	NOKEY	MAX	NOKEY
1463848390544	0	lts2_0521L_22_01	22	01	0	349	0	0	0	CR	MAX	AFUNNEL4.jpg	AFUNNEL4.jpg	NOKEY	MAX	NOKEY
1463848393669	0	lts2_0521L_22_01	22	01	0	350	0	0	0	CR	MAX	bobbypins.JPG	bobbypins.JPG	NOKEY	MAX	NOKEY
1463848396792	0	lts2_0521L_22_01	22	01	0	351	0	0	0	CR	MAX	Abladetablesa.jpg	Abladetablesa.jpg	NOKEY	MAX	NOKEY
1463848399916	0	lts2_0521L_22_01	22	01	0	352	0	0	0	CR	MAX	1/Aclimbersicep.jpg	Aclimbersicep.jpg	NOKEY	MAX	NOKEY
1463848403042	0	lts2_0521L_22_01	22	01	0	353	1	1	0	Miss	MAX	1-5/Aclimbersicep.jpg	Aclimbersicep.jpg	NOKEY	MAX	SPACE
1463848406166	0	lts2_0521L_22_01	22	01	0	354	0	0	0	CR	MAX	16/ASHARK3.jpg	ASHARK3.jpg	NOKEY	MAX	NOKEY
1463848409291	0	lts2_0521L_22_01	22	01	0	355	0	0	0	CR	MAX	AMAILBOX9.jpg	AMAILBOX9.jpg	NOKEY	MAX	NOKEY
1463848412415	0	lts2_0521L_22_01	22	01	0	356	0	0	0	CR	MAX	Aperfumebottl.jpg	Aperfumebottl.jpg	NOKEY	MAX	NOKEY
1463848415540	0	lts2_0521L_22_01	22	01	0	357	0	0	0	CR	MAX	AEMERGLI4.jpg	AEMERGLI4.jpg	NOKEY	MAX	NOKEY
1463848418664	0	lts2_0521L_22_01	22	01	0	358	0	0	0	CR	MAX	Abreakpl2.jpg	Abreakpl2.jpg	NOKEY	MAX	NOKEY
1463848421788	0	lts2_0521L_22_01	22	01	0	359	0	0	0	CR	MAX	4/Ablossom.jpg	Ablossom.jpg	NOKEY	MAX	NOKEY
1463848424929	0	lts2_0521L_22_01	22	01	0	360	0	0	0	CR	MAX	Aantiquecigar.jpg	Aantiquecigar.jpg	NOKEY	MAX	NOKEY
1463848428054	0	lts2_0521L_22_01	22	01	0	361	0	0	0	CR	MAX	Ascientifict3.jpg	Ascientifict3.jpg	NOKEY	MAX	NOKEY
1463848431179	0	lts2_0521L_22_01	22	01	0	362	0	0	0	CR	MAX	Agoldfishina2.jpg	Agoldfishina2.jpg	NOKEY	MAX	NOKEY
1463848434303	0	lts2_0521L_22_01	22	01	0	363	4	1	0	Miss	MAX	4-1/Ablossom.jpg	Ablossom.jpg	NOKEY	MAX	SPACE
1463848437428	0	lts2_0521L_22_01	22	01	0	364	0	0	0	CR	MAX	Aslate.jpg	Aslate.jpg	NOKEY	MAX	NOKEY
1463848440552	0	lts2_0521L_22_01	22	01	0	365	32	1	0	Miss	MAX	32-6/Anailpolish.jpg	Anailpolish.jpg	NOKEY	MAX	SPACE
1463848443677	0	lts2_0521L_22_01	22	01	0	366	0	0	0	CR	MAX	dftslturapr.jpg	dftslturapr.jpg	NOKEY	MAX	NOKEY
1463848446800	0	lts2_0521L_22_01	22	01	0	367	0	0	0	CR	MAX	16/AWALKER11.jpg	AWALKER11.jpg	NOKEY	MAX	NOKEY
1463848449924	0	lts2_0521L_22_01	22	01	0	368	0	0	0	CR	MAX	pinkhoodie.jpg	pinkhoodie.jpg	NOKEY	MAX	NOKEY
1463848453067	0	lts2_0521L_22_01	22	01	0	369	0	0	0	CR	MAX	driedbananaslides.jpg	driedbananaslides.jpg	NOKEY	MAX	NOKEY
1463848456191	0	lts2_0521L_22_01	22	01	0	370	16	1	0	Miss	MAX	16-first/ASHARK3.jpg	ASHARK3.jpg	NOKEY	MAX	SPACE
1463848459316	0	lts2_0521L_22_01	22	01	0	371	0	0	0	CR	MAX	AHANDPRE3.jpg	AHANDPRE3.jpg	NOKEY	MAX	NOKEY
1463848462457	0	lts2_0521L_22_01	22	01	0	372	0	0	0	CR	MAX	AWASHOPEN.jpg	AWASHOPEN.jpg	NOKEY	MAX	NOKEY
1463848465581	0	lts2_0521L_22_01	22	01	0	373	0	0	0	CR	MAX	256/AFOOTST26.jpg	AFOOTST26.jpg	NOKEY	MAX	NOKEY
1463848468706	0	lts2_0521L_22_01	22	01	0	374	4	1	0	Miss	MAX	4-mul/ASHARK3.jpg	ASHARK3.jpg	NOKEY	MAX	SPACE
1463848471846	0	lts2_0521L_22_01	22	01	0	375	0	0	0	CR	MAX	APUMPCOOK.jpg	APUMPCOOK.jpg	NOKEY	MAX	NOKEY
1463848474970	0	lts2_0521L_22_01	22	01	0	376	0	0	0	CR	MAX	Aalmond4.jpg	Aalmond4.jpg	NOKEY	MAX	NOKEY
1463848478096	0	lts2_0521L_22_01	22	01	0	377	0	0	0	CR	MAX	Ameasuringsp5.jpg	Ameasuringsp5.jpg	NOKEY	MAX	NOKEY
1463848481220	0	lts2_0521L_22_01	22	01	0	378	64	1	0	Miss	MAX	64-first/26384871.thl.jpg	26384871.thl.jpg	NOKEY	MAX	SPACE
1463848484345	0	lts2_0521L_22_01	22	01	0	379	0	0	0	CR	MAX	ADART3.jpg	ADART3.jpg	NOKEY	MAX	NOKEY
1463848487469	0	lts2_0521L_22_01	22	01	0	380	0	0	0	CR	MAX	ABAKECON3.jpg	ABAKECON3.jpg	NOKEY	MAX	NOKEY
1463848490594	0	lts2_0521L_22_01	22	01	0	381	0	0	0	CR	MAX	23044458.thl.jpg	23044458.thl.jpg	NOKEY	MAX	NOKEY
1463848493718	0	lts2_0521L_22_01	22	01	0	382	0	0	0	CR	MAX	256/26374605.thl.jpg	26374605.thl.jpg	NOKEY	MAX	NOKEY
1463848496842	0	lts2_0521L_22_01	22	01	0	383	16	1	0	Miss	MAX	16-first/AWALKER11.jpg	AWALKER11.jpg	NOKEY	MAX	SPACE
1463848499966	0	lts2_0521L_22_01	22	01	0	384	0	0	0	CR	MAX	AGUINEAP2.jpg	AGUINEAP2.jpg	NOKEY	MAX	NOKEY
1463848503092	0	lts2_0521L_22_01	22	01	0	385	0	0	0	CR	MAX	AAPPCOVE2.jpg	AAPPCOVE2.jpg	NOKEY	MAX	NOKEY
1463848506233	0	lts2_0521L_22_01	22	01	0	386	0	0	0	CR	MAX	32/AANTSTO12.jpg	AANTSTO12.jpg	NOKEY	MAX	NOKEY
1463848509357	0	lts2_0521L_22_01	22	01	0	387	4	1	0	Miss	MAX	4-mul/AWALKER11.jpg	AWALKER11.jpg	NOKEY	MAX	SPACE
1463848512482	0	lts2_0521L_22_01	22	01	0	388	0	0	0	CR	MAX	Awatch28.jpg	Awatch28.jpg	NOKEY	MAX	NOKEY
1463848515606	0	lts2_0521L_22_01	22	01	0	389	0	0	0	CR	MAX	128/Achair618.jpg	Achair618.jpg	NOKEY	MAX	NOKEY
1463848518747	0	lts2_0521L_22_01	22	01	0	390	0	0	0	CR	MAX	Ajar33.jpg	Ajar33.jpg	NOKEY	MAX	NOKEY
1463848521871	0	lts2_0521L_22_01	22	01	0	391	0	0	0	CR	MAX	AWASHMAC5.jpg	AWASHMAC5.jpg	NOKEY	MAX	NOKEY
1463848524995	0	lts2_0521L_22_01	22	01	0	392	64	1	0	Miss	MAX	64-first/22869624.thl.jpg	22869624.thl.jpg	NOKEY	MAX	SPACE
1463848528121	0	lts2_0521L_22_01	22	01	0	393	0	0	0	CR	MAX	Ahighlightin2.jpg	Ahighlightin2.jpg	NOKEY	MAX	NOKEY
1463848531245	0	lts2_0521L_22_01	22	01	0	394	16	1	0	Miss	MAX	16-mul/26384871.thl.jpg	26384871.thl.jpg	NOKEY	MAX	SPACE
1463848534370	0	lts2_0521L_22_01	22	01	0	395	0	0	0	CR	MAX	ATRUNK15.jpg	ATRUNK15.jpg	NOKEY	MAX	NOKEY
1463848537494	0	lts2_0521L_22_01	22	01	0	396	0	0	0	CR	MAX	256/Aeastcho6.jpg	Aeastcho6.jpg	NOKEY	MAX	NOKEY
1463848540619	0	lts2_0521L_22_01	22	01	0	397	0	0	0	CR	MAX	8/8020414.thl.jpg	8020414.thl.jpg	NOKEY	MAX	NOKEY
1463848543742	0	lts2_0521L_22_01	22	01	0	398	0	0	0	CR	MAX	26431414.thl.jpg	26431414.thl.jpg	NOKEY	MAX	NOKEY
1463848546866	0	lts2_0521L_22_01	22	01	0	399	0	0	0	CR	MAX	AASPHEQUA.jpg	AASPHEQUA.jpg	NOKEY	MAX	NOKEY
1463848549991	0	lts2_0521L_22_01	22	01	0	400	0	0	0	CR	MAX	8244991.thl.jpg	8244991.thl.jpg	NOKEY	MAX	NOKEY
1463848553117	0	lts2_0521L_22_01	22	01	0	401	0	0	0	CR	MAX	AJOYSTIC1.jpg	AJOYSTIC1.jpg	NOKEY	MAX	NOKEY
1463848556241	0	lts2_0521L_22_01	22	01	0	402	0	0	0	CR	MAX	AMICRO67.jpg	AMICRO67.jpg	NOKEY	MAX	NOKEY
1463848559366	0	lts2_0521L_22_01	22	01	0	403	0	0	0	CR	MAX	ATOOL9.jpg	ATOOL9.jpg	NOKEY	MAX	NOKEY
1463848562490	0	lts2_0521L_22_01	22	01	0	404	0	0	0	CR	MAX	Adryflo15.jpg	Adryflo15.jpg	NOKEY	MAX	NOKEY
1463848565615	0	lts2_0521L_22_01	22	01	0	405	8	1	0	Miss	MAX	8-first/8020414.thl.jpg	8020414.thl.jpg	NOKEY	MAX	SPACE
1463848568738	0	lts2_0521L_22_01	22	01	0	406	0	0	0	CR	MAX	Aflower104.jpg	Aflower104.jpg	NOKEY	MAX	NOKEY
1463848571879	0	lts2_0521L_22_01	22	01	0	407	0	0	0	CR	MAX	Acamcorde.jpg	Acamcorde.jpg	NOKEY	MAX	NOKEY
1463848575005	0	lts2_0521L_22_01	22	01	0	408	16	1	0	Miss	MAX	16-mul/22869624.thl.jpg	22869624.thl.jpg	NOKEY	MAX	SPACE
1463848578129	0	lts2_0521L_22_01	22	01	0	409	0	0	0	CR	MAX	8258244.thl.jpg	8258244.thl.jpg	NOKEY	MAX	NOKEY
1463848581254	0	lts2_0521L_22_01	22	01	0	410	0	0	0	CR	MAX	AWOODPYRA.jpg	AWOODPYRA.jpg	NOKEY	MAX	NOKEY
1463848584378	0	lts2_0521L_22_01	22	01	0	411	0	0	0	CR	MAX	26379570.thl.jpg	26379570.thl.jpg	NOKEY	MAX	NOKEY
1463848587503	0	lts2_0521L_22_01	22	01	0	412	256	1	0	Miss	MAX	256-2/Aantelope2.jpg	Aantelope2.jpg	NOKEY	MAX	SPACE
1463848590627	0	lts2_0521L_22_01	22	01	0	413	0	0	0	CR	MAX	ACOMB11.jpg	ACOMB11.jpg	NOKEY	MAX	NOKEY
1463848593751	0	lts2_0521L_22_01	22	01	0	414	0	0	0	CR	MAX	cheesies.jpg	cheesies.jpg	NOKEY	MAX	NOKEY
1463848596875	0	lts2_0521L_22_01	22	01	0	415	128	1	0	Miss	MAX	128-7/Avacuum20.jpg	Avacuum20.jpg	NOKEY	MAX	SPACE
1463848600017	0	lts2_0521L_22_01	22	01	0	416	0	0	0	CR	MAX	Awaffle3.jpg	Awaffle3.jpg	NOKEY	MAX	NOKEY
1463848603142	0	lts2_0521L_22_01	22	01	0	417	0	0	0	CR	MAX	128/26421106.thl.jpg	26421106.thl.jpg	NOKEY	MAX	NOKEY
1463848606266	0	lts2_0521L_22_01	22	01	0	418	32	1	0	Miss	MAX	32-9/AANTSTO12.jpg	AANTSTO12.jpg	NOKEY	MAX	SPACE
1463848609391	0	lts2_0521L_22_01	22	01	0	419	0	0	0	CR	MAX	64/Apotboilinge2.jpg	Apotboilinge2.jpg	NOKEY	MAX	NOKEY
1463848612532	0	lts2_0521L_22_01	22	01	0	420	0	0	0	CR	MAX	ABEARIN28.jpg	ABEARIN28.jpg	NOKEY	MAX	NOKEY
1463848615656	0	lts2_0521L_22_01	22	01	0	421	16	1	0	Miss	MAX	16-mul/8020414.thl.jpg	8020414.thl.jpg	NOKEY	MAX	SPACE
1463848618780	0	lts2_0521L_22_01	22	01	0	422	0	0	0	CR	MAX	vendingmachine.jpg	vendingmachine.jpg	NOKEY	MAX	NOKEY
1463848621904	0	lts2_0521L_22_01	22	01	0	423	0	0	0	CR	MAX	AMAGGLASS.jpg	AMAGGLASS.jpg	NOKEY	MAX	NOKEY
1463848625030	0	lts2_0521L_22_01	22	01	0	424	0	0	0	CR	MAX	2/ASTEAMER.jpg	ASTEAMER.jpg	NOKEY	MAX	NOKEY
1463848628154	0	lts2_0521L_22_01	22	01	0	425	0	0	0	CR	MAX	8077486.thl.jpg	8077486.thl.jpg	NOKEY	MAX	NOKEY
1463848631279	0	lts2_0521L_22_01	22	01	0	426	2	1	0	Miss	MAX	2-8/ASTEAMER.jpg	ASTEAMER.jpg	NOKEY	MAX	SPACE
1463848634403	0	lts2_0521L_22_01	22	01	0	427	0	0	0	CR	MAX	Heatpad.jpg	Heatpad.jpg	NOKEY	MAX	NOKEY
1463848637528	0	lts2_0521L_22_01	22	01	0	428	128	1	0	Miss	MAX	128-4/26432109.thl.jpg	26432109.thl.jpg	NOKEY	MAX	SPACE
1463848640669	0	lts2_0521L_22_01	22	01	0	429	0	0	0	CR	MAX	AFILMCUTT.jpg	AFILMCUTT.jpg	NOKEY	MAX	NOKEY
1463848643792	0	lts2_0521L_22_01	22	01	0	430	256	1	0	Miss	MAX	256-1/Afoodproces27.jpg	Afoodproces27.jpg	NOKEY	MAX	SPACE
1463848646916	0	lts2_0521L_22_01	22	01	0	431	0	0	0	CR	MAX	AHOTPAD4.jpg	AHOTPAD4.jpg	NOKEY	MAX	NOKEY
1463848650042	0	lts2_0521L_22_01	22	01	0	432	0	0	0	CR	MAX	Ainstrument3.jpg	Ainstrument3.jpg	NOKEY	MAX	NOKEY
1463848653167	0	lts2_0521L_22_01	22	01	0	433	0	0	0	CR	MAX	1/ABATHSTE2.jpg	ABATHSTE2.jpg	NOKEY	MAX	NOKEY
1463848656291	0	lts2_0521L_22_01	22	01	0	434	1	1	0	Miss	MAX	1-10/ABATHSTE2.jpg	ABATHSTE2.jpg	NOKEY	MAX	SPACE
1463848659416	0	lts2_0521L_22_01	22	01	0	435	0	0	0	CR	MAX	AKNIFEHOL.jpg	AKNIFEHOL.jpg	NOKEY	MAX	NOKEY
1463848662540	0	lts2_0521L_22_01	22	01	0	436	0	0	0	CR	MAX	4/AGARLICCO.jpg	AGARLICCO.jpg	NOKEY	MAX	NOKEY
1463848665665	0	lts2_0521L_22_01	22	01	0	437	0	0	0	CR	MAX	Ahalfchoc.jpg	Ahalfchoc.jpg	NOKEY	MAX	NOKEY
1463848668804	0	lts2_0521L_22_01	22	01	0	438	0	0	0	CR	MAX	AGOAT10.jpg	AGOAT10.jpg	NOKEY	MAX	NOKEY
1463848671929	0	lts2_0521L_22_01	22	01	0	439	0	0	0	CR	MAX	Afrenchtoast5.jpg	Afrenchtoast5.jpg	NOKEY	MAX	NOKEY
1463848675055	0	lts2_0521L_22_01	22	01	0	440	4	1	0	Miss	MAX	4-8/AGARLICCO.jpg	AGARLICCO.jpg	NOKEY	MAX	SPACE
1463848678179	0	lts2_0521L_22_01	22	01	0	441	0	0	0	CR	MAX	AFOUNTAI5.jpg	AFOUNTAI5.jpg	NOKEY	MAX	NOKEY
1463848681304	0	lts2_0521L_22_01	22	01	0	442	0	0	0	CR	MAX	8063317.thl.jpg	8063317.thl.jpg	NOKEY	MAX	NOKEY
1463848684428	0	lts2_0521L_22_01	22	01	0	443	0	0	0	CR	MAX	64/hulk.jpg	hulk.jpg	NOKEY	MAX	NOKEY
1463848687553	0	lts2_0521L_22_01	22	01	0	444	0	0	0	CR	MAX	Amistingwate3.jpg	Amistingwate3.jpg	NOKEY	MAX	NOKEY
1463848690694	0	lts2_0521L_22_01	22	01	0	445	0	0	0	CR	MAX	22856784.thl.jpg	22856784.thl.jpg	NOKEY	MAX	NOKEY
1463848693817	0	lts2_0521L_22_01	22	01	0	446	0	0	0	CR	MAX	ABABYPIN2.jpg	ABABYPIN2.jpg	NOKEY	MAX	NOKEY
1463848696942	0	lts2_0521L_22_01	22	01	0	447	0	0	0	CR	MAX	AMUSIHORN.jpg	AMUSIHORN.jpg	NOKEY	MAX	NOKEY
1463848700067	0	lts2_0521L_22_01	22	01	0	448	0	0	0	CR	MAX	4/Agnu.jpg	Agnu.jpg	NOKEY	MAX	NOKEY
1463848703192	0	lts2_0521L_22_01	22	01	0	449	0	0	0	CR	MAX	Agreenleaf3.jpg	Agreenleaf3.jpg	NOKEY	MAX	NOKEY
1463848706316	0	lts2_0521L_22_01	22	01	0	450	0	0	0	CR	MAX	ADRILL3.jpg	ADRILL3.jpg	NOKEY	MAX	NOKEY
1463848709441	0	lts2_0521L_22_01	22	01	0	451	0	0	0	CR	MAX	26387436.thl.jpg	26387436.thl.jpg	NOKEY	MAX	NOKEY
1463848712565	0	lts2_0521L_22_01	22	01	0	452	4	1	0	Miss	MAX	4-0/Agnu.jpg	Agnu.jpg	NOKEY	MAX	SPACE
1463848715690	0	lts2_0521L_22_01	22	01	0	453	0	0	0	CR	MAX	Agrater10.jpg	Agrater10.jpg	NOKEY	MAX	NOKEY
1463848718813	0	lts2_0521L_22_01	22	01	0	454	0	0	0	CR	MAX	AELECSAW.jpg	AELECSAW.jpg	NOKEY	MAX	NOKEY
1463848721937	0	lts2_0521L_22_01	22	01	0	455	0	0	0	CR	MAX	brownie.jpg	brownie.jpg	NOKEY	MAX	NOKEY
1463848725063	0	lts2_0521L_22_01	22	01	0	456	0	0	0	CR	MAX	chocolatbox.jpg	chocolatbox.jpg	NOKEY	MAX	NOKEY
1463848728187	0	lts2_0521L_22_01	22	01	0	457	0	0	0	CR	MAX	1/railroadblock.jpg	railroadblock.jpg	NOKEY	MAX	NOKEY
1463848731312	0	lts2_0521L_22_01	22	01	0	458	1	1	0	Miss	MAX	1-1/railroadblock.jpg	railroadblock.jpg	NOKEY	MAX	SPACE
1463848734437	0	lts2_0521L_22_01	22	01	0	459	0	0	0	CR	MAX	AFIGHTP16.jpg	AFIGHTP16.jpg	NOKEY	MAX	NOKEY
1463848737561	0	lts2_0521L_22_01	22	01	0	460	0	0	0	CR	MAX	Abrownbagwith.jpg	Abrownbagwith.jpg	NOKEY	MAX	NOKEY
1463848740702	0	lts2_0521L_22_01	22	01	0	461	0	0	0	CR	MAX	16/22848828.thl.jpg	22848828.thl.jpg	NOKEY	MAX	NOKEY
1463848743825	0	lts2_0521L_22_01	22	01	0	462	0	0	0	CR	MAX	Aboxofnotepa4.jpg	Aboxofnotepa4.jpg	NOKEY	MAX	NOKEY
1463848746950	0	lts2_0521L_22_01	22	01	0	463	0	0	0	CR	MAX	redonion.jpg	redonion.jpg	NOKEY	MAX	NOKEY
1463848750075	0	lts2_0521L_22_01	22	01	0	464	0	0	0	CR	MAX	4/Aruler12.jpg	Aruler12.jpg	NOKEY	MAX	NOKEY
1463848753200	0	lts2_0521L_22_01	22	01	0	465	0	0	0	CR	MAX	APINGPON3.jpg	APINGPON3.jpg	NOKEY	MAX	NOKEY
1463848756324	0	lts2_0521L_22_01	22	01	0	466	0	0	0	CR	MAX	AWALKTA25.jpg	AWALKTA25.jpg	NOKEY	MAX	NOKEY
1463848759449	0	lts2_0521L_22_01	22	01	0	467	0	0	0	CR	MAX	26377183.thl.jpg	26377183.thl.jpg	NOKEY	MAX	NOKEY
1463848762574	0	lts2_0521L_22_01	22	01	0	468	4	1	0	Miss	MAX	4-5/Aruler12.jpg	Aruler12.jpg	NOKEY	MAX	SPACE
1463848765698	0	lts2_0521L_22_01	22	01	0	469	0	0	0	CR	MAX	16/ABULLDOG5.jpg	ABULLDOG5.jpg	NOKEY	MAX	NOKEY
1463848768821	0	lts2_0521L_22_01	22	01	0	470	0	0	0	CR	MAX	APOTWHOLE.jpg	APOTWHOLE.jpg	NOKEY	MAX	NOKEY
1463848771946	0	lts2_0521L_22_01	22	01	0	471	0	0	0	CR	MAX	64/Acabinetwithm.jpg	Acabinetwithm.jpg	NOKEY	MAX	NOKEY
1463848775071	0	lts2_0521L_22_01	22	01	0	472	0	0	0	CR	MAX	8245818.thl.jpg	8245818.thl.jpg	NOKEY	MAX	NOKEY
1463848778213	0	lts2_0521L_22_01	22	01	0	473	0	0	0	CR	MAX	Aboardgame2.jpg	Aboardgame2.jpg	NOKEY	MAX	NOKEY
1463848781337	0	lts2_0521L_22_01	22	01	0	474	0	0	0	CR	MAX	26373407.thl.jpg	26373407.thl.jpg	NOKEY	MAX	NOKEY
1463848784462	0	lts2_0521L_22_01	22	01	0	475	0	0	0	CR	MAX	ABARBCHA3.jpg	ABARBCHA3.jpg	NOKEY	MAX	NOKEY
1463848787586	0	lts2_0521L_22_01	22	01	0	476	0	0	0	CR	MAX	8255030.thl.jpg	8255030.thl.jpg	NOKEY	MAX	NOKEY
1463848790710	0	lts2_0521L_22_01	22	01	0	477	16	1	0	Miss	MAX	16-first/22848828.thl.jpg	22848828.thl.jpg	NOKEY	MAX	SPACE
1463848793834	0	lts2_0521L_22_01	22	01	0	478	0	0	0	CR	MAX	Aorcatoy4.jpg	Aorcatoy4.jpg	NOKEY	MAX	NOKEY
1463848796958	0	lts2_0521L_22_01	22	01	0	479	2	1	0	Miss	MAX	2-mul/22848828.thl.jpg	22848828.thl.jpg	NOKEY	MAX	SPACE
1463848800084	0	lts2_0521L_22_01	22	01	0	480	0	0	0	CR	MAX	Astaplegun3.jpg	Astaplegun3.jpg	NOKEY	MAX	NOKEY
1463848803208	0	lts2_0521L_22_01	22	01	0	481	0	0	0	CR	MAX	ALAB21.jpg	ALAB21.jpg	NOKEY	MAX	NOKEY
1463848806333	0	lts2_0521L_22_01	22	01	0	482	0	0	0	CR	MAX	licorice.jpg	licorice.jpg	NOKEY	MAX	NOKEY
1463848809457	0	lts2_0521L_22_01	22	01	0	483	64	1	0	Miss	MAX	64-first/Apotboilinge2.jpg	Apotboilinge2.jpg	NOKEY	MAX	SPACE
1463848812582	0	lts2_0521L_22_01	22	01	0	484	0	0	0	CR	MAX	APARKMET6.jpg	APARKMET6.jpg	NOKEY	MAX	NOKEY
1463848815706	0	lts2_0521L_22_01	22	01	0	485	16	1	0	Miss	MAX	16-first/ABULLDOG5.jpg	ABULLDOG5.jpg	NOKEY	MAX	SPACE
1463848818846	0	lts2_0521L_22_01	22	01	0	486	0	0	0	CR	MAX	Ajoystick10.jpg	Ajoystick10.jpg	NOKEY	MAX	NOKEY
1463848821971	0	lts2_0521L_22_01	22	01	0	487	4	1	0	Miss	MAX	4-mul/Apotboilinge2.jpg	Apotboilinge2.jpg	NOKEY	MAX	SPACE
1463848825096	0	lts2_0521L_22_01	22	01	0	488	0	0	0	CR	MAX	Atray22.jpg	Atray22.jpg	NOKEY	MAX	NOKEY
1463848828238	0	lts2_0521L_22_01	22	01	0	489	4	1	0	Miss	MAX	4-mul/ABULLDOG5.jpg	ABULLDOG5.jpg	NOKEY	MAX	SPACE
1463848831379	0	lts2_0521L_22_01	22	01	0	490	0	0	0	CR	MAX	Apaintedwood3.jpg	Apaintedwood3.jpg	NOKEY	MAX	NOKEY
1463848834503	0	lts2_0521L_22_01	22	01	0	491	0	0	0	CR	MAX	AAFRIMAS5.jpg	AAFRIMAS5.jpg	NOKEY	MAX	NOKEY
1463848837694	0	lts2_0521L_22_01	22	01	0	492	0	0	0	CR	MAX	Abinder6.jpg	Abinder6.jpg	NOKEY	MAX	NOKEY
1463848840818	0	lts2_0521L_22_01	22	01	0	493	0	0	0	CR	MAX	A56THUND4.jpg	A56THUND4.jpg	NOKEY	MAX	NOKEY
1463848843942	0	lts2_0521L_22_01	22	01	0	494	0	0	0	CR	MAX	AELEMENT3.jpg	AELEMENT3.jpg	NOKEY	MAX	NOKEY
1463848847068	0	lts2_0521L_22_01	22	01	0	495	0	0	0	CR	MAX	Apedestal3.jpg	Apedestal3.jpg	NOKEY	MAX	NOKEY
1463848850209	0	lts2_0521L_22_01	22	01	0	496	0	0	0	CR	MAX	AMEATGRI9.jpg	AMEATGRI9.jpg	NOKEY	MAX	NOKEY
1463848853334	0	lts2_0521L_22_01	22	01	0	497	0	0	0	CR	MAX	4/AWATERING.jpg	AWATERING.jpg	NOKEY	MAX	NOKEY
1463848856458	0	lts2_0521L_22_01	22	01	0	498	0	0	0	CR	MAX	10053101.thm.jpg	10053101.thm.jpg	NOKEY	MAX	NOKEY
1463848859583	0	lts2_0521L_22_01	22	01	0	499	0	0	0	CR	MAX	26420830.thl.jpg	26420830.thl.jpg	NOKEY	MAX	NOKEY
1463848862707	0	lts2_0521L_22_01	22	01	0	500	0	0	0	CR	MAX	AWALKMAN2.jpg	AWALKMAN2.jpg	NOKEY	MAX	NOKEY
1463848865830	0	lts2_0521L_22_01	22	01	0	501	4	1	0	Miss	MAX	4-7/AWATERING.jpg	AWATERING.jpg	NOKEY	MAX	SPACE
1463848868955	0	lts2_0521L_22_01	22	01	0	502	0	0	0	CR	MAX	ATROWEL2.jpg	ATROWEL2.jpg	NOKEY	MAX	NOKEY
1463848872080	0	lts2_0521L_22_01	22	01	0	503	0	0	0	CR	MAX	ABROOCH52.jpg	ABROOCH52.jpg	NOKEY	MAX	NOKEY
1463848875205	0	lts2_0521L_22_01	22	01	0	504	0	0	0	CR	MAX	Aalligator4.jpg	Aalligator4.jpg	NOKEY	MAX	NOKEY
1463848878329	0	lts2_0521L_22_01	22	01	0	505	0	0	0	CR	MAX	ABATHTAP.jpg	ABATHTAP.jpg	NOKEY	MAX	NOKEY
1463848881454	0	lts2_0521L_22_01	22	01	0	506	0	0	0	CR	MAX	ADECKCARD.jpg	ADECKCARD.jpg	NOKEY	MAX	NOKEY
1463848884578	0	lts2_0521L_22_01	22	01	0	507	64	1	0	Miss	MAX	64-first/hulk.jpg	hulk.jpg	NOKEY	MAX	SPACE
1463848887703	0	lts2_0521L_22_01	22	01	0	508	0	0	0	CR	MAX	ACLOWSTE5.jpg	ACLOWSTE5.jpg	NOKEY	MAX	NOKEY
1463848890826	0	lts2_0521L_22_01	22	01	0	509	0	0	0	CR	MAX	ACHRISTO3.jpg	ACHRISTO3.jpg	NOKEY	MAX	NOKEY
1463848893951	0	lts2_0521L_22_01	22	01	0	510	0	0	0	CR	MAX	Ashark7.jpg	Ashark7.jpg	NOKEY	MAX	NOKEY
1463848897076	0	lts2_0521L_22_01	22	01	0	511	4	1	0	Miss	MAX	4-mul/hulk.jpg	hulk.jpg	NOKEY	MAX	SPACE
1463848900218	0	lts2_0521L_22_01	22	01	0	512	0	0	0	CR	MAX	1/26687931.thl.jpg	26687931.thl.jpg	NOKEY	MAX	NOKEY
1463848903342	0	lts2_0521L_22_01	22	01	0	513	1	1	0	Miss	MAX	1-3/26687931.thl.jpg	26687931.thl.jpg	NOKEY	MAX	SPACE
1463848906467	0	lts2_0521L_22_01	22	01	0	514	0	0	0	CR	MAX	Ametalstool2.jpg	Ametalstool2.jpg	NOKEY	MAX	NOKEY
1463848909591	0	lts2_0521L_22_01	22	01	0	515	0	0	0	CR	MAX	ATEARDROP.jpg	ATEARDROP.jpg	NOKEY	MAX	NOKEY
1463848912715	0	lts2_0521L_22_01	22	01	0	516	0	0	0	CR	MAX	Awoodenspoon3.jpg	Awoodenspoon3.jpg	NOKEY	MAX	NOKEY
1463848915839	0	lts2_0521L_22_01	22	01	0	517	128	1	0	Miss	MAX	128-3/Achair618.jpg	Achair618.jpg	NOKEY	MAX	SPACE
1463848918963	0	lts2_0521L_22_01	22	01	0	518	0	0	0	CR	MAX	ASEASH8.jpg	ASEASH8.jpg	NOKEY	MAX	NOKEY
1463848922089	0	lts2_0521L_22_01	22	01	0	519	0	0	0	CR	MAX	AARTDUCK3.jpg	AARTDUCK3.jpg	NOKEY	MAX	NOKEY
1463848925213	0	lts2_0521L_22_01	22	01	0	520	0	0	0	CR	MAX	ACHINLAMP.jpg	ACHINLAMP.jpg	NOKEY	MAX	NOKEY
1463848928338	0	lts2_0521L_22_01	22	01	0	521	0	0	0	CR	MAX	AHYPONEE3.jpg	AHYPONEE3.jpg	NOKEY	MAX	NOKEY
1463848931462	0	lts2_0521L_22_01	22	01	0	522	0	0	0	CR	MAX	ASMOKMEAT.jpg	ASMOKMEAT.jpg	NOKEY	MAX	NOKEY
1463848934587	0	lts2_0521L_22_01	22	01	0	523	0	0	0	CR	MAX	Awoodplaner2.jpg	Awoodplaner2.jpg	NOKEY	MAX	NOKEY
1463848937711	0	lts2_0521L_22_01	22	01	0	524	0	0	0	CR	MAX	AANTIQTHE.jpg	AANTIQTHE.jpg	NOKEY	MAX	NOKEY
1463848940851	0	lts2_0521L_22_01	22	01	0	525	0	0	0	CR	MAX	baseball.JPG	baseball.JPG	NOKEY	MAX	NOKEY
1463848943976	0	lts2_0521L_22_01	22	01	0	526	0	0	0	CR	MAX	Aflask19.jpg	Aflask19.jpg	NOKEY	MAX	NOKEY
1463848947101	0	lts2_0521L_22_01	22	01	0	527	0	0	0	CR	MAX	128/ACOOKCUTT.jpg	ACOOKCUTT.jpg	NOKEY	MAX	NOKEY
1463848950226	0	lts2_0521L_22_01	22	01	0	528	0	0	0	CR	MAX	ATABLES5.jpg	ATABLES5.jpg	NOKEY	MAX	NOKEY
1463848953350	0	lts2_0521L_22_01	22	01	0	529	0	0	0	CR	MAX	26685948.thl.jpg	26685948.thl.jpg	NOKEY	MAX	NOKEY
1463848956475	0	lts2_0521L_22_01	22	01	0	530	0	0	0	CR	MAX	22856172.thl.jpg	22856172.thl.jpg	NOKEY	MAX	NOKEY
1463848959599	0	lts2_0521L_22_01	22	01	0	531	0	0	0	CR	MAX	26369923.thl.jpg	26369923.thl.jpg	NOKEY	MAX	NOKEY
1463848962722	0	lts2_0521L_22_01	22	01	0	532	512	1	0	Miss	MAX	512-3/Aceramichous2.jpg	Aceramichous2.jpg	NOKEY	MAX	SPACE
1463848965847	0	lts2_0521L_22_01	22	01	0	533	0	0	0	CR	MAX	Acandle120.jpg	Acandle120.jpg	NOKEY	MAX	NOKEY
1463848968972	0	lts2_0521L_22_01	22	01	0	534	0	0	0	CR	MAX	22826832.thl.jpg	22826832.thl.jpg	NOKEY	MAX	NOKEY
1463848972097	0	lts2_0521L_22_01	22	01	0	535	64	1	0	Miss	MAX	64-first/Acabinetwithm.jpg	Acabinetwithm.jpg	NOKEY	MAX	SPACE
1463848975222	0	lts2_0521L_22_01	22	01	0	536	0	0	0	CR	MAX	4/22921112.thl.jpg	22921112.thl.jpg	NOKEY	MAX	NOKEY
1463848978346	0	lts2_0521L_22_01	22	01	0	537	2	1	0	Miss	MAX	2-mul/Acabinetwithm.jpg	Acabinetwithm.jpg	NOKEY	MAX	SPACE
1463848981471	0	lts2_0521L_22_01	22	01	0	538	0	0	0	CR	MAX	APILHELM2.jpg	APILHELM2.jpg	NOKEY	MAX	NOKEY
1463848984595	0	lts2_0521L_22_01	22	01	0	539	0	0	0	CR	MAX	Aflyingeagle9.jpg	Aflyingeagle9.jpg	NOKEY	MAX	NOKEY
1463848987718	0	lts2_0521L_22_01	22	01	0	540	4	1	0	Miss	MAX	4-11/22921112.thl.jpg	22921112.thl.jpg	NOKEY	MAX	SPACE
1463848990843	0	lts2_0521L_22_01	22	01	0	541	0	0	0	CR	MAX	32/8245419.thl.jpg	8245419.thl.jpg	NOKEY	MAX	NOKEY
1463848993984	0	lts2_0521L_22_01	22	01	0	542	0	0	0	CR	MAX	APANTRAC2.jpg	APANTRAC2.jpg	NOKEY	MAX	NOKEY
1463848997126	0	lts2_0521L_22_01	22	01	0	543	0	0	0	CR	MAX	medievalknight.jpg	medievalknight.jpg	NOKEY	MAX	NOKEY
1463849000251	0	lts2_0521L_22_01	22	01	0	544	0	0	0	CR	MAX	Arunningshoe4.jpg	Arunningshoe4.jpg	NOKEY	MAX	NOKEY
1463849003375	0	lts2_0521L_22_01	22	01	0	545	128	1	0	Miss	MAX	128-6/26421106.thl.jpg	26421106.thl.jpg	NOKEY	MAX	SPACE
1463849006500	0	lts2_0521L_22_01	22	01	0	546	0	0	0	CR	MAX	acquarium.jpg	acquarium.jpg	NOKEY	MAX	NOKEY
1463849009624	0	lts2_0521L_22_01	22	01	0	547	512	1	0	Miss	MAX	512-0/AANSHIEL4.jpg	AANSHIEL4.jpg	NOKEY	MAX	SPACE
1463849012748	0	lts2_0521L_22_01	22	01	0	548	0	0	0	CR	MAX	A_cookie.jpg	A_cookie.jpg	NOKEY	MAX	NOKEY
1463849015889	0	lts2_0521L_22_01	22	01	0	549	0	0	0	CR	MAX	APICKLE.jpg	APICKLE.jpg	NOKEY	MAX	NOKEY
1463849019014	0	lts2_0521L_22_01	22	01	0	550	0	0	0	CR	MAX	26375953.thl.jpg	26375953.thl.jpg	NOKEY	MAX	NOKEY
1463849022139	0	lts2_0521L_22_01	22	01	0	551	0	0	0	CR	MAX	Ascanner11.jpg	Ascanner11.jpg	NOKEY	MAX	NOKEY
1463849025263	0	lts2_0521L_22_01	22	01	0	552	0	0	0	CR	MAX	AAFRICI13.jpg	AAFRICI13.jpg	NOKEY	MAX	NOKEY
1463849028388	0	lts2_0521L_22_01	22	01	0	553	0	0	0	CR	MAX	Ababytableand.jpg	Ababytableand.jpg	NOKEY	MAX	NOKEY
1463849031512	0	lts2_0521L_22_01	22	01	0	554	0	0	0	CR	MAX	AMEATHER3.jpg	AMEATHER3.jpg	NOKEY	MAX	NOKEY
1463849034637	0	lts2_0521L_22_01	22	01	0	555	0	0	0	CR	MAX	shield.jpg	shield.jpg	NOKEY	MAX	NOKEY
1463849037760	0	lts2_0521L_22_01	22	01	0	556	0	0	0	CR	MAX	ADIRECSI3.jpg	ADIRECSI3.jpg	NOKEY	MAX	NOKEY
1463849040885	0	lts2_0521L_22_01	22	01	0	557	0	0	0	CR	MAX	Apeddleboat3.jpg	Apeddleboat3.jpg	NOKEY	MAX	NOKEY
1463849044010	0	lts2_0521L_22_01	22	01	0	558	0	0	0	CR	MAX	AICEUBETR.jpg	AICEUBETR.jpg	NOKEY	MAX	NOKEY
1463849047135	0	lts2_0521L_22_01	22	01	0	559	0	0	0	CR	MAX	ABANJO5.jpg	ABANJO5.jpg	NOKEY	MAX	NOKEY
1463849050259	0	lts2_0521L_22_01	22	01	0	560	0	0	0	CR	MAX	AGARDHOSE.jpg	AGARDHOSE.jpg	NOKEY	MAX	NOKEY
1463849053384	0	lts2_0521L_22_01	22	01	0	561	0	0	0	CR	MAX	ASTENORA2.jpg	ASTENORA2.jpg	NOKEY	MAX	NOKEY
1463849056508	0	lts2_0521L_22_01	22	01	0	562	0	0	0	CR	MAX	2/Aantiquehat4.jpg	Aantiquehat4.jpg	NOKEY	MAX	NOKEY
1463849059632	0	lts2_0521L_22_01	22	01	0	563	0	0	0	CR	MAX	ACUSHIO12.jpg	ACUSHIO12.jpg	NOKEY	MAX	NOKEY
1463849062756	0	lts2_0521L_22_01	22	01	0	564	2	1	0	Miss	MAX	2-9/Aantiquehat4.jpg	Aantiquehat4.jpg	NOKEY	MAX	SPACE
1463849065880	0	lts2_0521L_22_01	22	01	0	565	0	0	0	CR	MAX	1/Acontrolpane2.jpg	Acontrolpane2.jpg	NOKEY	MAX	NOKEY
1463849069006	0	lts2_0521L_22_01	22	01	0	566	1	1	0	Miss	MAX	1-9/Acontrolpane2.jpg	Acontrolpane2.jpg	NOKEY	MAX	SPACE
1463849072130	0	lts2_0521L_22_01	22	01	0	567	0	0	0	CR	MAX	AWATEHOSE.jpg	AWATEHOSE.jpg	NOKEY	MAX	NOKEY
1463849075255	0	lts2_0521L_22_01	22	01	0	568	0	0	0	CR	MAX	Apizzadoughin.jpg	Apizzadoughin.jpg	NOKEY	MAX	NOKEY
1463849078380	0	lts2_0521L_22_01	22	01	0	569	0	0	0	CR	MAX	26377777.thl.jpg	26377777.thl.jpg	NOKEY	MAX	NOKEY
1463849081504	0	lts2_0521L_22_01	22	01	0	570	0	0	0	CR	MAX	Azebra8.jpg	Azebra8.jpg	NOKEY	MAX	NOKEY
1463849084628	0	lts2_0521L_22_01	22	01	0	571	0	0	0	CR	MAX	26423812.thl.jpg	26423812.thl.jpg	NOKEY	MAX	NOKEY
1463849087752	0	lts2_0521L_22_01	22	01	0	572	0	0	0	CR	MAX	16/tuxedo.jpg	tuxedo.jpg	NOKEY	MAX	NOKEY
1463849090876	0	lts2_0521L_22_01	22	01	0	573	32	1	0	Miss	MAX	32-7/8245419.thl.jpg	8245419.thl.jpg	NOKEY	MAX	SPACE
1463849094002	0	lts2_0521L_22_01	22	01	0	574	0	0	0	CR	MAX	Apulley71.jpg	Apulley71.jpg	NOKEY	MAX	NOKEY
1463849097126	0	lts2_0521L_22_01	22	01	0	575	0	0	0	CR	MAX	Acampingknife.jpg	Acampingknife.jpg	NOKEY	MAX	NOKEY
1463849100251	0	lts2_0521L_22_01	22	01	0	576	0	0	0	CR	MAX	ABLOODCEA.jpg	ABLOODCEA.jpg	NOKEY	MAX	NOKEY
1463849103375	0	lts2_0521L_22_01	22	01	0	577	0	0	0	CR	MAX	1/AELECOMP2.jpg	AELECOMP2.jpg	NOKEY	MAX	NOKEY
1463849106500	0	lts2_0521L_22_01	22	01	0	578	1	1	0	Miss	MAX	1-8/AELECOMP2.jpg	AELECOMP2.jpg	NOKEY	MAX	SPACE
1463849109624	0	lts2_0521L_22_01	22	01	0	579	0	0	0	CR	MAX	Amouthpiece4.jpg	Amouthpiece4.jpg	NOKEY	MAX	NOKEY
1463849112748	0	lts2_0521L_22_01	22	01	0	580	0	0	0	CR	MAX	16/Aeasteregg14.jpg	Aeasteregg14.jpg	NOKEY	MAX	NOKEY
1463849115872	0	lts2_0521L_22_01	22	01	0	581	0	0	0	CR	MAX	barbwirecoil.jpg	barbwirecoil.jpg	NOKEY	MAX	NOKEY
1463849118997	0	lts2_0521L_22_01	22	01	0	582	256	1	0	Miss	MAX	256-5/B_orange.jpg	B_orange.jpg	NOKEY	MAX	SPACE
1463849122122	0	lts2_0521L_22_01	22	01	0	583	0	0	0	CR	MAX	caramel.jpg	caramel.jpg	NOKEY	MAX	NOKEY
1463849125247	0	lts2_0521L_22_01	22	01	0	584	0	0	0	CR	MAX	Acampingstov9.jpg	Acampingstov9.jpg	NOKEY	MAX	NOKEY
1463849128371	0	lts2_0521L_22_01	22	01	0	585	0	0	0	CR	MAX	26424784.thl.jpg	26424784.thl.jpg	NOKEY	MAX	NOKEY
1463849131495	0	lts2_0521L_22_01	22	01	0	586	0	0	0	CR	MAX	APROSTLE2.jpg	APROSTLE2.jpg	NOKEY	MAX	NOKEY
1463849134620	0	lts2_0521L_22_01	22	01	0	587	0	0	0	CR	MAX	Adalmatiandog.jpg	Adalmatiandog.jpg	NOKEY	MAX	NOKEY
1463849137743	0	lts2_0521L_22_01	22	01	0	588	16	1	0	Miss	MAX	16-1/tuxedo.jpg	tuxedo.jpg	NOKEY	MAX	SPACE
1463849140868	0	lts2_0521L_22_01	22	01	0	589	0	0	0	CR	MAX	1/AREDPLUM.jpg	AREDPLUM.jpg	NOKEY	MAX	NOKEY
1463849143992	0	lts2_0521L_22_01	22	01	0	590	1	1	0	Miss	MAX	1-0/AREDPLUM.jpg	AREDPLUM.jpg	NOKEY	MAX	SPACE
1463849147118	0	lts2_0521L_22_01	22	01	0	591	0	0	0	CR	MAX	8/Astamp23.jpg	Astamp23.jpg	NOKEY	MAX	NOKEY
1463849150243	0	lts2_0521L_22_01	22	01	0	592	0	0	0	CR	MAX	AMOSQAMBE.jpg	AMOSQAMBE.jpg	NOKEY	MAX	NOKEY
1463849153367	0	lts2_0521L_22_01	22	01	0	593	512	1	0	Miss	MAX	512-1/26372390.thl.jpg	26372390.thl.jpg	NOKEY	MAX	SPACE
1463849156491	0	lts2_0521L_22_01	22	01	0	594	0	0	0	CR	MAX	Akitchentimer.jpg	Akitchentimer.jpg	NOKEY	MAX	NOKEY
1463849159616	0	lts2_0521L_22_01	22	01	0	595	0	0	0	CR	MAX	Ahappdec4.jpg	Ahappdec4.jpg	NOKEY	MAX	NOKEY
1463849162739	0	lts2_0521L_22_01	22	01	0	596	16	1	0	Miss	MAX	16-first/Aeasteregg14.jpg	Aeasteregg14.jpg	NOKEY	MAX	SPACE
1463849165864	0	lts2_0521L_22_01	22	01	0	597	0	0	0	CR	MAX	Acartofgroce3.jpg	Acartofgroce3.jpg	NOKEY	MAX	NOKEY
1463849168988	0	lts2_0521L_22_01	22	01	0	598	0	0	0	CR	MAX	Abowlofwonto5.jpg	Abowlofwonto5.jpg	NOKEY	MAX	NOKEY
1463849172114	0	lts2_0521L_22_01	22	01	0	599	8	1	0	Miss	MAX	8-0/Astamp23.jpg	Astamp23.jpg	NOKEY	MAX	SPACE
1463849175255	0	lts2_0521L_22_01	22	01	0	600	0	0	0	CR	MAX	Amousepad.jpg	Amousepad.jpg	NOKEY	MAX	NOKEY
1463849178396	0	lts2_0521L_22_01	22	01	0	601	0	0	0	CR	MAX	A25thdec3.jpg	A25thdec3.jpg	NOKEY	MAX	NOKEY
1463849181570	0	lts2_0521L_22_01	22	01	0	602	0	0	0	CR	MAX	2/Aglassjarwit2.jpg	Aglassjarwit2.jpg	NOKEY	MAX	NOKEY
1463849184695	0	lts2_0521L_22_01	22	01	0	603	0	0	0	CR	MAX	Amilk4.jpg	Amilk4.jpg	NOKEY	MAX	NOKEY
1463849187819	0	lts2_0521L_22_01	22	01	0	604	2	1	0	Miss	MAX	2-11/Aglassjarwit2.jpg	Aglassjarwit2.jpg	NOKEY	MAX	SPACE
1463849190960	0	lts2_0521L_22_01	22	01	0	605	0	0	0	CR	MAX	2/8079958.thl.jpg	8079958.thl.jpg	NOKEY	MAX	NOKEY
1463849194085	0	lts2_0521L_22_01	22	01	0	606	0	0	0	CR	MAX	Ahotdogplain.jpg	Ahotdogplain.jpg	NOKEY	MAX	NOKEY
1463849197210	0	lts2_0521L_22_01	22	01	0	607	2	1	0	Miss	MAX	2-1/8079958.thl.jpg	8079958.thl.jpg	NOKEY	MAX	SPACE
1463849200334	0	lts2_0521L_22_01	22	01	0	608	0	0	0	CR	MAX	ATOOTHBR3.jpg	ATOOTHBR3.jpg	NOKEY	MAX	NOKEY
1463849203459	0	lts2_0521L_22_01	22	01	0	609	0	0	0	CR	MAX	Aacupuncture2.jpg	Aacupuncture2.jpg	NOKEY	MAX	NOKEY
1463849206583	0	lts2_0521L_22_01	22	01	0	610	0	0	0	CR	MAX	8023968.thl.jpg	8023968.thl.jpg	NOKEY	MAX	NOKEY
1463849209708	0	lts2_0521L_22_01	22	01	0	611	0	0	0	CR	MAX	AFORKLIF2.jpg	AFORKLIF2.jpg	NOKEY	MAX	NOKEY
1463849212831	0	lts2_0521L_22_01	22	01	0	612	16	1	0	Miss	MAX	16-mul/Aeasteregg14.jpg	Aeasteregg14.jpg	NOKEY	MAX	SPACE
1463849215956	0	lts2_0521L_22_01	22	01	0	613	0	0	0	CR	MAX	Aqueenofspade.jpg	Aqueenofspade.jpg	NOKEY	MAX	NOKEY
1463849219081	0	lts2_0521L_22_01	22	01	0	614	0	0	0	CR	MAX	Cupcake.jpg	Cupcake.jpg	NOKEY	MAX	NOKEY
1463849222206	0	lts2_0521L_22_01	22	01	0	615	0	0	0	CR	MAX	Aairtank7.jpg	Aairtank7.jpg	NOKEY	MAX	NOKEY
1463849225347	0	lts2_0521L_22_01	22	01	0	616	0	0	0	CR	MAX	ASTEPPER.jpg	ASTEPPER.jpg	NOKEY	MAX	NOKEY
1463849228471	0	lts2_0521L_22_01	22	01	0	617	0	0	0	CR	MAX	ATELEBO13.jpg	ATELEBO13.jpg	NOKEY	MAX	NOKEY
1463849231596	0	lts2_0521L_22_01	22	01	0	618	0	0	0	CR	MAX	26424440.thl.jpg	26424440.thl.jpg	NOKEY	MAX	NOKEY
1463849234719	0	lts2_0521L_22_01	22	01	0	619	0	0	0	CR	MAX	ACAMPFIRE.jpg	ACAMPFIRE.jpg	NOKEY	MAX	NOKEY
1463849237860	0	lts2_0521L_22_01	22	01	0	620	0	0	0	CR	MAX	8249141.thl.jpg	8249141.thl.jpg	NOKEY	MAX	NOKEY
1463849240985	0	lts2_0521L_22_01	22	01	0	621	0	0	0	CR	MAX	A52ZX.jpg	A52ZX.jpg	NOKEY	MAX	NOKEY
1463849244110	0	lts2_0521L_22_01	22	01	0	622	512	1	0	Miss	MAX	512-4/AKNIGHELM.jpg	AKNIGHELM.jpg	NOKEY	MAX	SPACE
1463849247235	0	lts2_0521L_22_01	22	01	0	623	0	0	0	CR	MAX	AGARBIN.jpg	AGARBIN.jpg	NOKEY	MAX	NOKEY
1463849250359	0	lts2_0521L_22_01	22	01	0	624	0	0	0	CR	MAX	Araisins4.jpg	Araisins4.jpg	NOKEY	MAX	NOKEY
1463849253500	0	lts2_0521L_22_01	22	01	0	625	0	0	0	CR	MAX	AWOODFLUT.jpg	AWOODFLUT.jpg	NOKEY	MAX	NOKEY
1463849256625	0	lts2_0521L_22_01	22	01	0	626	0	0	0	CR	MAX	Acomputerbag.jpg	Acomputerbag.jpg	NOKEY	MAX	NOKEY
1463849259748	0	lts2_0521L_22_01	22	01	0	627	0	0	0	CR	MAX	Anoisma32.jpg	Anoisma32.jpg	NOKEY	MAX	NOKEY
1463849262873	0	lts2_0521L_22_01	22	01	0	628	0	0	0	CR	MAX	8058011.thl.jpg	8058011.thl.jpg	NOKEY	MAX	NOKEY
1463849265997	0	lts2_0521L_22_01	22	01	0	629	256	1	0	Miss	MAX	256-6/AFOOTST26.jpg	AFOOTST26.jpg	NOKEY	MAX	SPACE
1463849269123	0	lts2_0521L_22_01	22	01	0	630	0	0	0	CR	MAX	APILLS5.jpg	APILLS5.jpg	NOKEY	MAX	NOKEY
1463849272248	0	lts2_0521L_22_01	22	01	0	631	0	0	0	CR	MAX	23025535.thl.jpg	23025535.thl.jpg	NOKEY	MAX	NOKEY
1463849275372	0	lts2_0521L_22_01	22	01	0	632	512	1	0	Miss	MAX	512-5/labyrinthe.jpg	labyrinthe.jpg	NOKEY	MAX	SPACE
1463849278496	0	lts2_0521L_22_01	22	01	0	633	0	0	0	CR	MAX	Aconcreteblo3.jpg	Aconcreteblo3.jpg	NOKEY	MAX	NOKEY
1463849281621	0	lts2_0521L_22_01	22	01	0	634	0	0	0	CR	MAX	1/26441176.thl.jpg	26441176.thl.jpg	NOKEY	MAX	NOKEY
1463849284744	0	lts2_0521L_22_01	22	01	0	635	1	1	0	Miss	MAX	1-7/26441176.thl.jpg	26441176.thl.jpg	NOKEY	MAX	SPACE
1463849287869	0	lts2_0521L_22_01	22	01	0	636	0	0	0	CR	MAX	4/Apyramid3.jpg	Apyramid3.jpg	NOKEY	MAX	NOKEY
1463849290993	0	lts2_0521L_22_01	22	01	0	637	0	0	0	CR	MAX	funlamp.jpg	funlamp.jpg	NOKEY	MAX	NOKEY
1463849294119	0	lts2_0521L_22_01	22	01	0	638	256	1	0	Miss	MAX	256-0/26374605.thl.jpg	26374605.thl.jpg	NOKEY	MAX	SPACE
1463849297243	0	lts2_0521L_22_01	22	01	0	639	0	0	0	CR	MAX	AMAILBO28.jpg	AMAILBO28.jpg	NOKEY	MAX	NOKEY
1463849300384	0	lts2_0521L_22_01	22	01	0	640	4	1	0	Miss	MAX	4-4/Apyramid3.jpg	Apyramid3.jpg	NOKEY	MAX	SPACE
1463849303509	0	lts2_0521L_22_01	22	01	0	641	0	0	0	CR	MAX	AGHOST.jpg	AGHOST.jpg	NOKEY	MAX	NOKEY
1463849306633	0	lts2_0521L_22_01	22	01	0	642	512	1	0	Miss	MAX	512-2/mickeycap.jpg	mickeycap.jpg	NOKEY	MAX	SPACE
1463849309757	0	lts2_0521L_22_01	22	01	0	643	0	0	0	CR	MAX	Asoundmixer2.jpg	Asoundmixer2.jpg	NOKEY	MAX	NOKEY
1463849312881	0	lts2_0521L_22_01	22	01	0	644	0	0	0	CR	MAX	4/AWASHSIGN.jpg	AWASHSIGN.jpg	NOKEY	MAX	NOKEY
1463849316007	0	lts2_0521L_22_01	22	01	0	645	0	0	0	CR	MAX	AHORSHOE2.jpg	AHORSHOE2.jpg	NOKEY	MAX	NOKEY
1463849319131	0	lts2_0521L_22_01	22	01	0	646	0	0	0	CR	MAX	ACHINCHI4.jpg	ACHINCHI4.jpg	NOKEY	MAX	NOKEY
1463849322256	0	lts2_0521L_22_01	22	01	0	647	0	0	0	CR	MAX	26434297.thl.jpg	26434297.thl.jpg	NOKEY	MAX	NOKEY
1463849325380	0	lts2_0521L_22_01	22	01	0	648	4	1	0	Miss	MAX	4-9/AWASHSIGN.jpg	AWASHSIGN.jpg	NOKEY	MAX	SPACE
1463849328505	0	lts2_0521L_22_01	22	01	0	649	0	0	0	CR	MAX	26439504.thl.jpg	26439504.thl.jpg	NOKEY	MAX	NOKEY
1463849331629	0	lts2_0521L_22_01	22	01	0	650	0	0	0	CR	MAX	Asandwichiro2.jpg	Asandwichiro2.jpg	NOKEY	MAX	NOKEY
1463849334753	0	lts2_0521L_22_01	22	01	0	651	0	0	0	CR	MAX	ABELL7.jpg	ABELL7.jpg	NOKEY	MAX	NOKEY
1463849337877	0	lts2_0521L_22_01	22	01	0	652	256	1	0	Miss	MAX	256-4/Aeastcho6.jpg	Aeastcho6.jpg	NOKEY	MAX	SPACE
1463849341003	0	lts2_0521L_22_01	22	01	0	653	0	0	0	CR	MAX	AKNEEHAMR.jpg	AKNEEHAMR.jpg	NOKEY	MAX	NOKEY
1463849344127	0	lts2_0521L_22_01	22	01	0	654	0	0	0	CR	MAX	Achocolateice.jpg	Achocolateice.jpg	NOKEY	MAX	NOKEY
1463849347252	0	lts2_0521L_22_01	22	01	0	655	128	1	0	Miss	MAX	128-0/ACOOKCUTT.jpg	ACOOKCUTT.jpg	NOKEY	MAX	SPACE
1463849350376	0	lts2_0521L_22_01	22	01	0	656	0	0	0	CR	MAX	2/22824840.thl.jpg	22824840.thl.jpg	NOKEY	MAX	NOKEY
1463849353500	0	lts2_0521L_22_01	22	01	0	657	0	0	0	CR	MAX	AAFRICS13.jpg	AAFRICS13.jpg	NOKEY	MAX	NOKEY
1463849356625	0	lts2_0521L_22_01	22	01	0	658	2	1	0	Miss	MAX	2-7/22824840.thl.jpg	22824840.thl.jpg	NOKEY	MAX	SPACE
1463849359748	0	lts2_0521L_22_01	22	01	0	659	0	0	0	CR	MAX	4/AARMHEL12.jpg	AARMHEL12.jpg	NOKEY	MAX	NOKEY
1463849362890	0	lts2_0521L_22_01	22	01	0	660	0	0	0	CR	MAX	Atoyswing.jpg	Atoyswing.jpg	NOKEY	MAX	NOKEY
1463849366015	0	lts2_0521L_22_01	22	01	0	661	0	0	0	CR	MAX	Aantiquebuck2.jpg	Aantiquebuck2.jpg	NOKEY	MAX	NOKEY
1463849369140	0	lts2_0521L_22_01	22	01	0	662	0	0	0	CR	MAX	26688546.thl.jpg	26688546.thl.jpg	NOKEY	MAX	NOKEY
1463849372264	0	lts2_0521L_22_01	22	01	0	663	4	1	0	Miss	MAX	4-10/AARMHEL12.jpg	AARMHEL12.jpg	NOKEY	MAX	SPACE
1463849375405	0	lts2_0521L_22_01	22	01	0	664	0	0	0	CR	MAX	ASHOWCAP.jpg	ASHOWCAP.jpg	NOKEY	MAX	NOKEY
1463849378546	0	lts2_0521L_22_01	22	01	0	665	0	0	0	CR	MAX	34935544.thl.jpg	34935544.thl.jpg	NOKEY	MAX	NOKEY
1463849381671	0	lts2_0521L_22_01	22	01	0	666	0	0	0	CR	MAX	8/26457349.thl.jpg	26457349.thl.jpg	NOKEY	MAX	NOKEY
1463849384794	0	lts2_0521L_22_01	22	01	0	667	0	0	0	CR	MAX	Acandlesnuffe.jpg	Acandlesnuffe.jpg	NOKEY	MAX	NOKEY
1463849387936	0	lts2_0521L_22_01	22	01	0	668	0	0	0	CR	MAX	Awindow19.jpg	Awindow19.jpg	NOKEY	MAX	NOKEY
1463849391061	0	lts2_0521L_22_01	22	01	0	669	0	0	0	CR	MAX	Aantiquejuke2.jpg	Aantiquejuke2.jpg	NOKEY	MAX	NOKEY
1463849394186	0	lts2_0521L_22_01	22	01	0	670	0	0	0	CR	MAX	blackjackcasinotable.jpg	blackjackcasinotable.jpg	NOKEY	MAX	NOKEY
1463849397327	0	lts2_0521L_22_01	22	01	0	671	0	0	0	CR	MAX	AGUIRO.jpg	AGUIRO.jpg	NOKEY	MAX	NOKEY
1463849400468	0	lts2_0521L_22_01	22	01	0	672	0	0	0	CR	MAX	cd2-a.jpg	cd2-a.jpg	NOKEY	MAX	NOKEY
1463849403592	0	lts2_0521L_22_01	22	01	0	673	0	0	0	CR	MAX	Aaircompress6.jpg	Aaircompress6.jpg	NOKEY	MAX	NOKEY
1463849406717	0	lts2_0521L_22_01	22	01	0	674	8	1	0	Miss	MAX	8-first/26457349.thl.jpg	26457349.thl.jpg	NOKEY	MAX	SPACE
1463849409840	0	lts2_0521L_22_01	22	01	0	675	0	0	0	CR	MAX	Asantaclaus2.jpg	Asantaclaus2.jpg	NOKEY	MAX	NOKEY
1463849412965	0	lts2_0521L_22_01	22	01	0	676	0	0	0	CR	MAX	D_exercisebike.jpg	D_exercisebike.jpg	NOKEY	MAX	NOKEY
1463849416090	0	lts2_0521L_22_01	22	01	0	677	0	0	0	CR	MAX	AMINCOLLE.jpg	AMINCOLLE.jpg	NOKEY	MAX	NOKEY
1463849419215	0	lts2_0521L_22_01	22	01	0	678	4	1	0	Miss	MAX	4-mul/26457349.thl.jpg	26457349.thl.jpg	NOKEY	MAX	SPACE
1463849422339	0	lts2_0521L_22_01	22	01	0	679	0	0	0	CR	MAX	ACOOKOIL.jpg	ACOOKOIL.jpg	NOKEY	MAX	NOKEY
1463849452197	0	lts2_0521L_22_01	22	01	1	0	0	0	0	CR	MAX	Avideocamera2.jpg	Avideocamera2.jpg	NOKEY	MAX	NOKEY
1463849455322	0	lts2_0521L_22_01	22	01	1	1	0	0	0	CR	MAX	26421575.thl.jpg	26421575.thl.jpg	NOKEY	MAX	NOKEY
1463849458446	0	lts2_0521L_22_01	22	01	1	2	0	0	0	CR	MAX	DSCN1248-sm.jpg	DSCN1248-sm.jpg	NOKEY	MAX	NOKEY
1463849461570	0	lts2_0521L_22_01	22	01	1	3	0	0	0	CR	MAX	Atoy57.jpg	Atoy57.jpg	NOKEY	MAX	NOKEY
1463849464695	0	lts2_0521L_22_01	22	01	1	4	0	0	0	CR	MAX	512/Aprintingpre5.jpg	Aprintingpre5.jpg	NOKEY	MAX	NOKEY
1463849467819	0	lts2_0521L_22_01	22	01	1	5	0	0	0	CR	MAX	1/26427111.thl.jpg	26427111.thl.jpg	NOKEY	MAX	NOKEY
1463849470943	0	lts2_0521L_22_01	22	01	1	6	1	1	0	Miss	MAX	1-13/26427111.thl.jpg	26427111.thl.jpg	NOKEY	MAX	SPACE
1463849474069	0	lts2_0521L_22_01	22	01	1	7	0	0	0	CR	MAX	35310232.thl.jpg	35310232.thl.jpg	NOKEY	MAX	NOKEY
1463849477193	0	lts2_0521L_22_01	22	01	1	8	0	0	0	CR	MAX	AWEIGHTS3.jpg	AWEIGHTS3.jpg	NOKEY	MAX	NOKEY
1463849480318	0	lts2_0521L_22_01	22	01	1	9	0	0	0	CR	MAX	8/batslcshi.jpg	batslcshi.jpg	NOKEY	MAX	NOKEY
1463849483459	0	lts2_0521L_22_01	22	01	1	10	0	0	0	CR	MAX	32/26421368.thl.jpg	26421368.thl.jpg	NOKEY	MAX	NOKEY
1463849486583	0	lts2_0521L_22_01	22	01	1	11	128	1	0	Miss	MAX	128/fortune-cookie.jpg	fortune-cookie.jpg	NOKEY	MAX	SPACE
1463849489708	0	lts2_0521L_22_01	22	01	1	12	0	0	0	CR	MAX	playjukebox.jpg	playjukebox.jpg	NOKEY	MAX	NOKEY
1463849492831	0	lts2_0521L_22_01	22	01	1	13	0	0	0	CR	MAX	ABACKSPAC.jpg	ABACKSPAC.jpg	NOKEY	MAX	NOKEY
1463849495972	0	lts2_0521L_22_01	22	01	1	14	0	0	0	CR	MAX	AARTIVE6.jpg	AARTIVE6.jpg	NOKEY	MAX	NOKEY
1463849499098	0	lts2_0521L_22_01	22	01	1	15	0	0	0	CR	MAX	Abulbprotect2.jpg	Abulbprotect2.jpg	NOKEY	MAX	NOKEY
1463849502222	0	lts2_0521L_22_01	22	01	1	16	0	0	0	CR	MAX	Asword138.jpg	Asword138.jpg	NOKEY	MAX	NOKEY
1463849505347	0	lts2_0521L_22_01	22	01	1	17	8	1	0	Miss	MAX	8-first/batslcshi.jpg	batslcshi.jpg	NOKEY	MAX	SPACE
1463849508471	0	lts2_0521L_22_01	22	01	1	18	0	0	0	CR	MAX	Aadjustablech.jpg	Aadjustablech.jpg	NOKEY	MAX	NOKEY
1463849511612	0	lts2_0521L_22_01	22	01	1	19	0	0	0	CR	MAX	imate.jpg	imate.jpg	NOKEY	MAX	NOKEY
1463849514736	0	lts2_0521L_22_01	22	01	1	20	0	0	0	CR	MAX	Acookiejar14.jpg	Acookiejar14.jpg	NOKEY	MAX	NOKEY
1463849517860	0	lts2_0521L_22_01	22	01	1	21	0	0	0	CR	MAX	256/Asewingpins.jpg	Asewingpins.jpg	NOKEY	MAX	NOKEY
1463849520985	0	lts2_0521L_22_01	22	01	1	22	0	0	0	CR	MAX	22869912.thl.jpg	22869912.thl.jpg	NOKEY	MAX	NOKEY
1463849524110	0	lts2_0521L_22_01	22	01	1	23	0	0	0	CR	MAX	2/16247853.thl.jpg	16247853.thl.jpg	NOKEY	MAX	NOKEY
1463849527252	0	lts2_0521L_22_01	22	01	1	24	0	0	0	CR	MAX	Afrenchsigns2.jpg	Afrenchsigns2.jpg	NOKEY	MAX	NOKEY
1463849530376	0	lts2_0521L_22_01	22	01	1	25	2	1	0	Miss	MAX	2-7/16247853.thl.jpg	16247853.thl.jpg	NOKEY	MAX	SPACE
1463849533500	0	lts2_0521L_22_01	22	01	1	26	0	0	0	CR	MAX	AFLAMMABL.jpg	AFLAMMABL.jpg	NOKEY	MAX	NOKEY
1463849536625	0	lts2_0521L_22_01	22	01	1	27	0	0	0	CR	MAX	euthsda.jpg	euthsda.jpg	NOKEY	MAX	NOKEY
1463849539748	0	lts2_0521L_22_01	22	01	1	28	0	0	0	CR	MAX	Asunflower3.jpg	Asunflower3.jpg	NOKEY	MAX	NOKEY
1463846857718	0	E	Logging Ends
